<?xml version="1.0" encoding="UTF-8"?>
<testsuite xmlns:xsi="http://www.w3.org/2001/XMLSchema-instance" xsi:noNamespaceSchemaLocation="https://maven.apache.org/surefire/maven-surefire-plugin/xsd/surefire-test-report.xsd" name="org.apache.hadoop.ozone.container.common.statemachine.commandhandler.TestCloseContainerByPipeline" time="148.357" tests="1" errors="1" skipped="0" failures="0">
  <properties>
    <property name="awt.toolkit" value="sun.awt.X11.XToolkit"/>
    <property name="file.encoding.pkg" value="sun.io"/>
    <property name="java.specification.version" value="1.8"/>
    <property name="sun.cpu.isalist" value=""/>
    <property name="sun.jnu.encoding" value="UTF-8"/>
    <property name="java.class.path" value="/workdir/hadoop-ozone/integration-test/target/test-classes:/workdir/hadoop-ozone/integration-test/target/classes:/home/user/.m2/repository/org/apache/hadoop/hadoop-ozone-common/0.5.0-SNAPSHOT/hadoop-ozone-common-0.5.0-SNAPSHOT.jar:/home/user/.m2/repository/org/apache/commons/commons-compress/1.4.1/commons-compress-1.4.1.jar:/home/user/.m2/repository/org/tukaani/xz/1.0/xz-1.0.jar:/home/user/.m2/repository/org/apache/hadoop/hadoop-common/3.2.0/hadoop-common-3.2.0.jar:/home/user/.m2/repository/org/apache/hadoop/hadoop-hdfs/3.2.0/hadoop-hdfs-3.2.0.jar:/home/user/.m2/repository/org/apache/hadoop/hadoop-hdfs-client/3.2.0/hadoop-hdfs-client-3.2.0.jar:/home/user/.m2/repository/com/fasterxml/jackson/core/jackson-annotations/2.9.9/jackson-annotations-2.9.9.jar:/home/user/.m2/repository/org/apache/hadoop/hadoop-hdds-common/0.5.0-SNAPSHOT/hadoop-hdds-common-0.5.0-SNAPSHOT.jar:/home/user/.m2/repository/javax/annotation/javax.annotation-api/1.2/javax.annotation-api-1.2.jar:/home/user/.m2/repository/org/apache/ratis/ratis-server/0.4.0/ratis-server-0.4.0.jar:/home/user/.m2/repository/org/apache/ratis/ratis-thirdparty-misc/0.2.0/ratis-thirdparty-misc-0.2.0.jar:/home/user/.m2/repository/org/apache/ratis/ratis-proto/0.4.0/ratis-proto-0.4.0.jar:/home/user/.m2/repository/org/apache/ratis/ratis-common/0.4.0/ratis-common-0.4.0.jar:/home/user/.m2/repository/org/apache/ratis/ratis-client/0.4.0/ratis-client-0.4.0.jar:/home/user/.m2/repository/org/apache/ratis/ratis-metrics/0.4.0/ratis-metrics-0.4.0.jar:/home/user/.m2/repository/com/github/joshelser/dropwizard-metrics-hadoop-metrics2-reporter/0.1.2/dropwizard-metrics-hadoop-metrics2-reporter-0.1.2.jar:/home/user/.m2/repository/io/dropwizard/metrics/metrics-jvm/3.2.5/metrics-jvm-3.2.5.jar:/home/user/.m2/repository/io/dropwizard/metrics/metrics-ganglia/3.2.5/metrics-ganglia-3.2.5.jar:/home/user/.m2/repository/info/ganglia/gmetric4j/gmetric4j/1.0.7/gmetric4j-1.0.7.jar:/home/user/.m2/repository/org/apache/ratis/ratis-netty/0.4.0/ratis-netty-0.4.0.jar:/home/user/.m2/repository/org/apache/ratis/ratis-grpc/0.4.0/ratis-grpc-0.4.0.jar:/home/user/.m2/repository/org/rocksdb/rocksdbjni/6.0.1/rocksdbjni-6.0.1.jar:/home/user/.m2/repository/org/apache/logging/log4j/log4j-api/2.11.0/log4j-api-2.11.0.jar:/home/user/.m2/repository/org/apache/logging/log4j/log4j-core/2.11.0/log4j-core-2.11.0.jar:/home/user/.m2/repository/com/lmax/disruptor/3.4.2/disruptor-3.4.2.jar:/home/user/.m2/repository/org/apache/commons/commons-pool2/2.6.0/commons-pool2-2.6.0.jar:/home/user/.m2/repository/org/bouncycastle/bcpkix-jdk15on/1.60/bcpkix-jdk15on-1.60.jar:/home/user/.m2/repository/commons-validator/commons-validator/1.6/commons-validator-1.6.jar:/home/user/.m2/repository/commons-digester/commons-digester/1.8.1/commons-digester-1.8.1.jar:/home/user/.m2/repository/io/jaegertracing/jaeger-client/0.34.0/jaeger-client-0.34.0.jar:/home/user/.m2/repository/io/jaegertracing/jaeger-thrift/0.34.0/jaeger-thrift-0.34.0.jar:/home/user/.m2/repository/org/apache/thrift/libthrift/0.12.0/libthrift-0.12.0.jar:/home/user/.m2/repository/com/squareup/okhttp3/okhttp/3.9.0/okhttp-3.9.0.jar:/home/user/.m2/repository/com/squareup/okio/okio/1.13.0/okio-1.13.0.jar:/home/user/.m2/repository/io/jaegertracing/jaeger-core/0.34.0/jaeger-core-0.34.0.jar:/home/user/.m2/repository/io/jaegertracing/jaeger-tracerresolver/0.34.0/jaeger-tracerresolver-0.34.0.jar:/home/user/.m2/repository/io/opentracing/contrib/opentracing-tracerresolver/0.1.5/opentracing-tracerresolver-0.1.5.jar:/home/user/.m2/repository/io/opentracing/opentracing-util/0.31.0/opentracing-util-0.31.0.jar:/home/user/.m2/repository/io/opentracing/opentracing-api/0.31.0/opentracing-api-0.31.0.jar:/home/user/.m2/repository/io/opentracing/opentracing-noop/0.31.0/opentracing-noop-0.31.0.jar:/home/user/.m2/repository/org/apache/hadoop/hadoop-hdds-server-framework/0.5.0-SNAPSHOT/hadoop-hdds-server-framework-0.5.0-SNAPSHOT.jar:/home/user/.m2/repository/org/apache/hadoop/hadoop-hdds-container-service/0.5.0-SNAPSHOT/hadoop-hdds-container-service-0.5.0-SNAPSHOT.jar:/home/user/.m2/repository/org/apache/hadoop/hadoop-hdds-client/0.5.0-SNAPSHOT/hadoop-hdds-client-0.5.0-SNAPSHOT.jar:/home/user/.m2/repository/org/apache/hadoop/hadoop-hdds-tools/0.5.0-SNAPSHOT/hadoop-hdds-tools-0.5.0-SNAPSHOT.jar:/home/user/.m2/repository/org/apache/hadoop/hadoop-hdds-server-scm/0.5.0-SNAPSHOT/hadoop-hdds-server-scm-0.5.0-SNAPSHOT.jar:/home/user/.m2/repository/org/apache/hadoop/hadoop-hdds-docs/0.5.0-SNAPSHOT/hadoop-hdds-docs-0.5.0-SNAPSHOT.jar:/home/user/.m2/repository/io/dropwizard/metrics/metrics-core/3.2.4/metrics-core-3.2.4.jar:/home/user/.m2/repository/org/hamcrest/hamcrest-all/1.3/hamcrest-all-1.3.jar:/home/user/.m2/repository/org/bouncycastle/bcprov-jdk15on/1.60/bcprov-jdk15on-1.60.jar:/home/user/.m2/repository/info/picocli/picocli/3.9.6/picocli-3.9.6.jar:/home/user/.m2/repository/com/google/protobuf/protobuf-java/2.5.0/protobuf-java-2.5.0.jar:/home/user/.m2/repository/com/google/guava/guava/11.0.2/guava-11.0.2.jar:/home/user/.m2/repository/org/apache/hadoop/hadoop-ozone-ozone-manager/0.5.0-SNAPSHOT/hadoop-ozone-ozone-manager-0.5.0-SNAPSHOT.jar:/home/user/.m2/repository/org/apache/hadoop/hadoop-minikdc/3.2.0/hadoop-minikdc-3.2.0.jar:/home/user/.m2/repository/commons-io/commons-io/2.5/commons-io-2.5.jar:/home/user/.m2/repository/org/apache/kerby/kerb-simplekdc/1.0.1/kerb-simplekdc-1.0.1.jar:/home/user/.m2/repository/org/apache/kerby/kerb-client/1.0.1/kerb-client-1.0.1.jar:/home/user/.m2/repository/org/apache/kerby/kerby-config/1.0.1/kerby-config-1.0.1.jar:/home/user/.m2/repository/org/apache/kerby/kerb-core/1.0.1/kerb-core-1.0.1.jar:/home/user/.m2/repository/org/apache/kerby/kerby-pkix/1.0.1/kerby-pkix-1.0.1.jar:/home/user/.m2/repository/org/apache/kerby/kerby-asn1/1.0.1/kerby-asn1-1.0.1.jar:/home/user/.m2/repository/org/apache/kerby/kerby-util/1.0.1/kerby-util-1.0.1.jar:/home/user/.m2/repository/org/apache/kerby/kerb-common/1.0.1/kerb-common-1.0.1.jar:/home/user/.m2/repository/org/apache/kerby/kerb-crypto/1.0.1/kerb-crypto-1.0.1.jar:/home/user/.m2/repository/org/apache/kerby/kerb-util/1.0.1/kerb-util-1.0.1.jar:/home/user/.m2/repository/org/apache/kerby/token-provider/1.0.1/token-provider-1.0.1.jar:/home/user/.m2/repository/org/apache/kerby/kerb-admin/1.0.1/kerb-admin-1.0.1.jar:/home/user/.m2/repository/org/apache/kerby/kerb-server/1.0.1/kerb-server-1.0.1.jar:/home/user/.m2/repository/org/apache/kerby/kerb-identity/1.0.1/kerb-identity-1.0.1.jar:/home/user/.m2/repository/org/apache/kerby/kerby-xdr/1.0.1/kerby-xdr-1.0.1.jar:/home/user/.m2/repository/org/slf4j/slf4j-log4j12/1.7.25/slf4j-log4j12-1.7.25.jar:/home/user/.m2/repository/org/apache/hadoop/hadoop-ozone-s3gateway/0.5.0-SNAPSHOT/hadoop-ozone-s3gateway-0.5.0-SNAPSHOT.jar:/home/user/.m2/repository/org/jboss/weld/servlet/weld-servlet/2.4.7.Final/weld-servlet-2.4.7.Final.jar:/home/user/.m2/repository/org/glassfish/jersey/containers/jersey-container-servlet-core/2.27/jersey-container-servlet-core-2.27.jar:/home/user/.m2/repository/org/glassfish/hk2/external/javax.inject/2.5.0-b42/javax.inject-2.5.0-b42.jar:/home/user/.m2/repository/org/glassfish/jersey/core/jersey-common/2.27/jersey-common-2.27.jar:/home/user/.m2/repository/org/glassfish/hk2/osgi-resource-locator/1.0.1/osgi-resource-locator-1.0.1.jar:/home/user/.m2/repository/javax/ws/rs/javax.ws.rs-api/2.1/javax.ws.rs-api-2.1.jar:/home/user/.m2/repository/org/glassfish/jersey/ext/cdi/jersey-cdi1x/2.27/jersey-cdi1x-2.27.jar:/home/user/.m2/repository/org/glassfish/jersey/inject/jersey-hk2/2.27/jersey-hk2-2.27.jar:/home/user/.m2/repository/org/glassfish/hk2/hk2-locator/2.5.0-b42/hk2-locator-2.5.0-b42.jar:/home/user/.m2/repository/org/javassist/javassist/3.22.0-CR2/javassist-3.22.0-CR2.jar:/home/user/.m2/repository/org/glassfish/hk2/hk2-api/2.5.0/hk2-api-2.5.0.jar:/home/user/.m2/repository/org/glassfish/hk2/external/jakarta.inject/2.5.0/jakarta.inject-2.5.0.jar:/home/user/.m2/repository/org/glassfish/hk2/hk2-utils/2.5.0/hk2-utils-2.5.0.jar:/home/user/.m2/repository/jakarta/annotation/jakarta.annotation-api/1.3.4/jakarta.annotation-api-1.3.4.jar:/home/user/.m2/repository/org/glassfish/hk2/external/aopalliance-repackaged/2.5.0/aopalliance-repackaged-2.5.0.jar:/home/user/.m2/repository/com/fasterxml/jackson/dataformat/jackson-dataformat-xml/2.9.0/jackson-dataformat-xml-2.9.0.jar:/home/user/.m2/repository/com/fasterxml/jackson/core/jackson-core/2.9.9/jackson-core-2.9.9.jar:/home/user/.m2/repository/com/fasterxml/jackson/module/jackson-module-jaxb-annotations/2.9.9/jackson-module-jaxb-annotations-2.9.9.jar:/home/user/.m2/repository/javax/enterprise/cdi-api/1.2/cdi-api-1.2.jar:/home/user/.m2/repository/javax/el/javax.el-api/3.0.0/javax.el-api-3.0.0.jar:/home/user/.m2/repository/javax/interceptor/javax.interceptor-api/1.2/javax.interceptor-api-1.2.jar:/home/user/.m2/repository/javax/inject/javax.inject/1/javax.inject-1.jar:/home/user/.m2/repository/com/sun/xml/bind/jaxb-impl/2.3.0.1/jaxb-impl-2.3.0.1.jar:/home/user/.m2/repository/com/sun/xml/bind/jaxb-core/2.3.0.1/jaxb-core-2.3.0.1.jar:/home/user/.m2/repository/javax/xml/bind/jaxb-api/2.3.0/jaxb-api-2.3.0.jar:/home/user/.m2/repository/javax/activation/activation/1.1.1/activation-1.1.1.jar:/home/user/.m2/repository/org/apache/hadoop/hadoop-ozone-csi/0.5.0-SNAPSHOT/hadoop-ozone-csi-0.5.0-SNAPSHOT.jar:/home/user/.m2/repository/com/google/protobuf/protobuf-java-util/3.5.1/protobuf-java-util-3.5.1.jar:/home/user/.m2/repository/org/apache/hadoop/hadoop-hdds-config/0.5.0-SNAPSHOT/hadoop-hdds-config-0.5.0-SNAPSHOT.jar:/home/user/.m2/repository/io/grpc/grpc-netty/1.17.1/grpc-netty-1.17.1.jar:/home/user/.m2/repository/io/grpc/grpc-core/1.17.1/grpc-core-1.17.1.jar:/home/user/.m2/repository/io/grpc/grpc-context/1.17.1/grpc-context-1.17.1.jar:/home/user/.m2/repository/com/google/errorprone/error_prone_annotations/2.2.0/error_prone_annotations-2.2.0.jar:/home/user/.m2/repository/org/codehaus/mojo/animal-sniffer-annotations/1.17/animal-sniffer-annotations-1.17.jar:/home/user/.m2/repository/io/opencensus/opencensus-api/0.17.0/opencensus-api-0.17.0.jar:/home/user/.m2/repository/io/opencensus/opencensus-contrib-grpc-metrics/0.17.0/opencensus-contrib-grpc-metrics-0.17.0.jar:/home/user/.m2/repository/io/netty/netty-codec-http2/4.1.30.Final/netty-codec-http2-4.1.30.Final.jar:/home/user/.m2/repository/io/netty/netty-codec-http/4.1.30.Final/netty-codec-http-4.1.30.Final.jar:/home/user/.m2/repository/io/netty/netty-codec/4.1.30.Final/netty-codec-4.1.30.Final.jar:/home/user/.m2/repository/io/netty/netty-handler/4.1.30.Final/netty-handler-4.1.30.Final.jar:/home/user/.m2/repository/io/netty/netty-handler-proxy/4.1.30.Final/netty-handler-proxy-4.1.30.Final.jar:/home/user/.m2/repository/io/netty/netty-codec-socks/4.1.30.Final/netty-codec-socks-4.1.30.Final.jar:/home/user/.m2/repository/io/netty/netty-transport-native-epoll/4.1.30.Final/netty-transport-native-epoll-4.1.30.Final.jar:/home/user/.m2/repository/io/netty/netty-common/4.1.30.Final/netty-common-4.1.30.Final.jar:/home/user/.m2/repository/io/netty/netty-buffer/4.1.30.Final/netty-buffer-4.1.30.Final.jar:/home/user/.m2/repository/io/netty/netty-transport/4.1.30.Final/netty-transport-4.1.30.Final.jar:/home/user/.m2/repository/io/netty/netty-resolver/4.1.30.Final/netty-resolver-4.1.30.Final.jar:/home/user/.m2/repository/io/netty/netty-transport-native-unix-common/4.1.30.Final/netty-transport-native-unix-common-4.1.30.Final.jar:/home/user/.m2/repository/io/grpc/grpc-protobuf/1.17.1/grpc-protobuf-1.17.1.jar:/home/user/.m2/repository/com/google/api/grpc/proto-google-common-protos/1.0.0/proto-google-common-protos-1.0.0.jar:/home/user/.m2/repository/io/grpc/grpc-protobuf-lite/1.17.1/grpc-protobuf-lite-1.17.1.jar:/home/user/.m2/repository/io/grpc/grpc-stub/1.17.1/grpc-stub-1.17.1.jar:/home/user/.m2/repository/org/apache/hadoop/hadoop-ozone-recon/0.5.0-SNAPSHOT/hadoop-ozone-recon-0.5.0-SNAPSHOT.jar:/home/user/.m2/repository/org/apache/hadoop/hadoop-ozone-reconcodegen/0.5.0-SNAPSHOT/hadoop-ozone-reconcodegen-0.5.0-SNAPSHOT.jar:/home/user/.m2/repository/com/google/inject/extensions/guice-multibindings/4.0/guice-multibindings-4.0.jar:/home/user/.m2/repository/com/google/inject/guice/4.0/guice-4.0.jar:/home/user/.m2/repository/aopalliance/aopalliance/1.0/aopalliance-1.0.jar:/home/user/.m2/repository/com/google/inject/extensions/guice-servlet/4.0/guice-servlet-4.0.jar:/home/user/.m2/repository/org/glassfish/jersey/containers/jersey-container-servlet/2.27/jersey-container-servlet-2.27.jar:/home/user/.m2/repository/org/glassfish/hk2/guice-bridge/2.5.0/guice-bridge-2.5.0.jar:/home/user/.m2/repository/org/glassfish/jersey/core/jersey-server/2.27/jersey-server-2.27.jar:/home/user/.m2/repository/org/glassfish/jersey/core/jersey-client/2.27/jersey-client-2.27.jar:/home/user/.m2/repository/org/glassfish/jersey/media/jersey-media-jaxb/2.27/jersey-media-jaxb-2.27.jar:/home/user/.m2/repository/javax/validation/validation-api/1.1.0.Final/validation-api-1.1.0.Final.jar:/home/user/.m2/repository/org/glassfish/jersey/media/jersey-media-json-jackson/2.27/jersey-media-json-jackson-2.27.jar:/home/user/.m2/repository/org/glassfish/jersey/ext/jersey-entity-filtering/2.27/jersey-entity-filtering-2.27.jar:/home/user/.m2/repository/com/google/inject/extensions/guice-assistedinject/4.0/guice-assistedinject-4.0.jar:/home/user/.m2/repository/org/jooq/jooq/3.11.10/jooq-3.11.10.jar:/home/user/.m2/repository/org/jooq/jooq-meta/3.11.10/jooq-meta-3.11.10.jar:/home/user/.m2/repository/org/jooq/jooq-codegen/3.11.10/jooq-codegen-3.11.10.jar:/home/user/.m2/repository/com/jolbox/bonecp/0.8.0.RELEASE/bonecp-0.8.0.RELEASE.jar:/home/user/.m2/repository/org/xerial/sqlite-jdbc/3.25.2/sqlite-jdbc-3.25.2.jar:/home/user/.m2/repository/org/springframework/spring-jdbc/5.1.3.RELEASE/spring-jdbc-5.1.3.RELEASE.jar:/home/user/.m2/repository/org/springframework/spring-beans/5.1.3.RELEASE/spring-beans-5.1.3.RELEASE.jar:/home/user/.m2/repository/org/springframework/spring-core/5.1.3.RELEASE/spring-core-5.1.3.RELEASE.jar:/home/user/.m2/repository/org/springframework/spring-jcl/5.1.3.RELEASE/spring-jcl-5.1.3.RELEASE.jar:/home/user/.m2/repository/org/springframework/spring-tx/5.1.3.RELEASE/spring-tx-5.1.3.RELEASE.jar:/home/user/.m2/repository/org/apache/hadoop/hadoop-ozone-client/0.5.0-SNAPSHOT/hadoop-ozone-client-0.5.0-SNAPSHOT.jar:/home/user/.m2/repository/commons-lang/commons-lang/2.6/commons-lang-2.6.jar:/home/user/.m2/repository/org/apache/hadoop/hadoop-ozone-ozone-manager/0.5.0-SNAPSHOT/hadoop-ozone-ozone-manager-0.5.0-SNAPSHOT-tests.jar:/home/user/.m2/repository/junit/junit/4.11/junit-4.11.jar:/home/user/.m2/repository/org/hamcrest/hamcrest-core/1.3/hamcrest-core-1.3.jar:/home/user/.m2/repository/org/openjdk/jmh/jmh-core/1.19/jmh-core-1.19.jar:/home/user/.m2/repository/net/sf/jopt-simple/jopt-simple/4.6/jopt-simple-4.6.jar:/home/user/.m2/repository/org/apache/commons/commons-math3/3.1.1/commons-math3-3.1.1.jar:/home/user/.m2/repository/org/openjdk/jmh/jmh-generator-annprocess/1.19/jmh-generator-annprocess-1.19.jar:/home/user/.m2/repository/org/mockito/mockito-all/1.8.5/mockito-all-1.8.5.jar:/home/user/.m2/repository/org/apache/hadoop/hadoop-kms/3.2.0/hadoop-kms-3.2.0.jar:/home/user/.m2/repository/org/apache/hadoop/hadoop-auth/3.2.0/hadoop-auth-3.2.0.jar:/home/user/.m2/repository/com/nimbusds/nimbus-jose-jwt/4.41.1/nimbus-jose-jwt-4.41.1.jar:/home/user/.m2/repository/com/github/stephenc/jcip/jcip-annotations/1.0-1/jcip-annotations-1.0-1.jar:/home/user/.m2/repository/net/minidev/json-smart/2.3/json-smart-2.3.jar:/home/user/.m2/repository/net/minidev/accessors-smart/1.2/accessors-smart-1.2.jar:/home/user/.m2/repository/org/ow2/asm/asm/5.0.4/asm-5.0.4.jar:/home/user/.m2/repository/org/apache/curator/curator-framework/2.12.0/curator-framework-2.12.0.jar:/home/user/.m2/repository/com/sun/jersey/jersey-core/1.19/jersey-core-1.19.jar:/home/user/.m2/repository/javax/ws/rs/jsr311-api/1.1.1/jsr311-api-1.1.1.jar:/home/user/.m2/repository/com/sun/jersey/jersey-server/1.19/jersey-server-1.19.jar:/home/user/.m2/repository/javax/servlet/javax.servlet-api/3.1.0/javax.servlet-api-3.1.0.jar:/home/user/.m2/repository/org/eclipse/jetty/jetty-server/9.3.25.v20180904/jetty-server-9.3.25.v20180904.jar:/home/user/.m2/repository/org/eclipse/jetty/jetty-http/9.3.25.v20180904/jetty-http-9.3.25.v20180904.jar:/home/user/.m2/repository/org/eclipse/jetty/jetty-io/9.3.25.v20180904/jetty-io-9.3.25.v20180904.jar:/home/user/.m2/repository/org/eclipse/jetty/jetty-webapp/9.3.25.v20180904/jetty-webapp-9.3.25.v20180904.jar:/home/user/.m2/repository/org/eclipse/jetty/jetty-xml/9.3.25.v20180904/jetty-xml-9.3.25.v20180904.jar:/home/user/.m2/repository/log4j/log4j/1.2.17/log4j-1.2.17.jar:/home/user/.m2/repository/org/slf4j/slf4j-api/1.7.25/slf4j-api-1.7.25.jar:/home/user/.m2/repository/org/slf4j/jul-to-slf4j/1.7.25/jul-to-slf4j-1.7.25.jar:/home/user/.m2/repository/org/eclipse/jetty/jetty-util/9.3.25.v20180904/jetty-util-9.3.25.v20180904.jar:/home/user/.m2/repository/com/fasterxml/jackson/core/jackson-databind/2.9.9/jackson-databind-2.9.9.jar:/home/user/.m2/repository/org/apache/hadoop/hadoop-kms/3.2.0/hadoop-kms-3.2.0-tests.jar:/home/user/.m2/repository/org/apache/hadoop/hadoop-hdds-server-scm/0.5.0-SNAPSHOT/hadoop-hdds-server-scm-0.5.0-SNAPSHOT-tests.jar:/home/user/.m2/repository/org/apache/hadoop/hadoop-hdds-container-service/0.5.0-SNAPSHOT/hadoop-hdds-container-service-0.5.0-SNAPSHOT-tests.jar:/home/user/.m2/repository/org/yaml/snakeyaml/1.16/snakeyaml-1.16.jar:/home/user/.m2/repository/org/apache/hadoop/hadoop-common/3.2.0/hadoop-common-3.2.0-tests.jar:/home/user/.m2/repository/org/apache/hadoop/hadoop-annotations/3.2.0/hadoop-annotations-3.2.0.jar:/usr/lib/jvm/java-1.8-openjdk/jre/../lib/tools.jar:/home/user/.m2/repository/commons-cli/commons-cli/1.2/commons-cli-1.2.jar:/home/user/.m2/repository/org/apache/httpcomponents/httpclient/4.5.2/httpclient-4.5.2.jar:/home/user/.m2/repository/org/apache/httpcomponents/httpcore/4.4.4/httpcore-4.4.4.jar:/home/user/.m2/repository/commons-codec/commons-codec/1.11/commons-codec-1.11.jar:/home/user/.m2/repository/commons-net/commons-net/3.6/commons-net-3.6.jar:/home/user/.m2/repository/commons-collections/commons-collections/3.2.2/commons-collections-3.2.2.jar:/home/user/.m2/repository/org/eclipse/jetty/jetty-servlet/9.3.25.v20180904/jetty-servlet-9.3.25.v20180904.jar:/home/user/.m2/repository/org/eclipse/jetty/jetty-security/9.3.25.v20180904/jetty-security-9.3.25.v20180904.jar:/home/user/.m2/repository/javax/servlet/jsp/jsp-api/2.1/jsp-api-2.1.jar:/home/user/.m2/repository/com/sun/jersey/jersey-servlet/1.19/jersey-servlet-1.19.jar:/home/user/.m2/repository/com/sun/jersey/jersey-json/1.19/jersey-json-1.19.jar:/home/user/.m2/repository/org/codehaus/jettison/jettison/1.1/jettison-1.1.jar:/home/user/.m2/repository/org/codehaus/jackson/jackson-core-asl/1.9.13/jackson-core-asl-1.9.13.jar:/home/user/.m2/repository/org/codehaus/jackson/jackson-mapper-asl/1.9.13/jackson-mapper-asl-1.9.13.jar:/home/user/.m2/repository/org/codehaus/jackson/jackson-jaxrs/1.9.13/jackson-jaxrs-1.9.13.jar:/home/user/.m2/repository/org/codehaus/jackson/jackson-xc/1.9.13/jackson-xc-1.9.13.jar:/home/user/.m2/repository/commons-logging/commons-logging/1.1.3/commons-logging-1.1.3.jar:/home/user/.m2/repository/commons-beanutils/commons-beanutils/1.9.4/commons-beanutils-1.9.4.jar:/home/user/.m2/repository/org/apache/commons/commons-configuration2/2.1.1/commons-configuration2-2.1.1.jar:/home/user/.m2/repository/org/apache/commons/commons-lang3/3.7/commons-lang3-3.7.jar:/home/user/.m2/repository/org/apache/commons/commons-text/1.4/commons-text-1.4.jar:/home/user/.m2/repository/org/apache/avro/avro/1.7.7/avro-1.7.7.jar:/home/user/.m2/repository/com/thoughtworks/paranamer/paranamer/2.3/paranamer-2.3.jar:/home/user/.m2/repository/org/xerial/snappy/snappy-java/1.0.5/snappy-java-1.0.5.jar:/home/user/.m2/repository/com/google/re2j/re2j/1.1/re2j-1.1.jar:/home/user/.m2/repository/com/google/code/gson/gson/2.2.4/gson-2.2.4.jar:/home/user/.m2/repository/com/jcraft/jsch/0.1.54/jsch-0.1.54.jar:/home/user/.m2/repository/org/apache/curator/curator-client/2.12.0/curator-client-2.12.0.jar:/home/user/.m2/repository/org/apache/curator/curator-recipes/2.12.0/curator-recipes-2.12.0.jar:/home/user/.m2/repository/com/google/code/findbugs/jsr305/3.0.0/jsr305-3.0.0.jar:/home/user/.m2/repository/org/apache/htrace/htrace-core4/4.1.0-incubating/htrace-core4-4.1.0-incubating.jar:/home/user/.m2/repository/org/apache/zookeeper/zookeeper/3.4.13/zookeeper-3.4.13.jar:/home/user/.m2/repository/jline/jline/0.9.94/jline-0.9.94.jar:/home/user/.m2/repository/org/apache/yetus/audience-annotations/0.5.0/audience-annotations-0.5.0.jar:/home/user/.m2/repository/org/codehaus/woodstox/stax2-api/3.1.4/stax2-api-3.1.4.jar:/home/user/.m2/repository/com/fasterxml/woodstox/woodstox-core/5.0.3/woodstox-core-5.0.3.jar:/home/user/.m2/repository/dnsjava/dnsjava/2.1.7/dnsjava-2.1.7.jar:/home/user/.m2/repository/org/apache/hadoop/hadoop-hdfs/3.2.0/hadoop-hdfs-3.2.0-tests.jar:/home/user/.m2/repository/org/eclipse/jetty/jetty-util-ajax/9.3.25.v20180904/jetty-util-ajax-9.3.25.v20180904.jar:/home/user/.m2/repository/commons-daemon/commons-daemon/1.0.13/commons-daemon-1.0.13.jar:/home/user/.m2/repository/io/netty/netty/3.10.5.Final/netty-3.10.5.Final.jar:/home/user/.m2/repository/io/netty/netty-all/4.0.52.Final/netty-all-4.0.52.Final.jar:/home/user/.m2/repository/org/fusesource/leveldbjni/leveldbjni-all/1.8/leveldbjni-all-1.8.jar:"/>
    <property name="java.vm.vendor" value="IcedTea"/>
    <property name="sun.arch.data.model" value="64"/>
    <property name="test.build.dir" value="/workdir/hadoop-ozone/integration-test/target/test-dir"/>
    <property name="test.cache.data" value=""/>
    <property name="java.vendor.url" value="https://icedtea.classpath.org"/>
    <property name="user.timezone" value=""/>
    <property name="java.vm.specification.version" value="1.8"/>
    <property name="os.name" value="Linux"/>
    <property name="test.build.data" value="/workdir/hadoop-ozone/integration-test/target/test-dir"/>
    <property name="user.country" value="US"/>
    <property name="sun.java.launcher" value="SUN_STANDARD"/>
    <property name="sun.boot.library.path" value="/usr/lib/jvm/java-1.8-openjdk/jre/lib/amd64"/>
    <property name="sun.java.command" value="/workdir/hadoop-ozone/integration-test/target/surefire/surefirebooter1891735422799651078.jar /workdir/hadoop-ozone/integration-test/target/surefire 2019-09-28T00-05-52_052-jvmRun1 surefire8363534929670446321tmp surefire_4993785981311141546tmp"/>
    <property name="test" value="!TestMiniChaosOzoneCluster"/>
    <property name="surefire.test.class.path" value="/workdir/hadoop-ozone/integration-test/target/test-classes:/workdir/hadoop-ozone/integration-test/target/classes:/home/user/.m2/repository/org/apache/hadoop/hadoop-ozone-common/0.5.0-SNAPSHOT/hadoop-ozone-common-0.5.0-SNAPSHOT.jar:/home/user/.m2/repository/org/apache/commons/commons-compress/1.4.1/commons-compress-1.4.1.jar:/home/user/.m2/repository/org/tukaani/xz/1.0/xz-1.0.jar:/home/user/.m2/repository/org/apache/hadoop/hadoop-common/3.2.0/hadoop-common-3.2.0.jar:/home/user/.m2/repository/org/apache/hadoop/hadoop-hdfs/3.2.0/hadoop-hdfs-3.2.0.jar:/home/user/.m2/repository/org/apache/hadoop/hadoop-hdfs-client/3.2.0/hadoop-hdfs-client-3.2.0.jar:/home/user/.m2/repository/com/fasterxml/jackson/core/jackson-annotations/2.9.9/jackson-annotations-2.9.9.jar:/home/user/.m2/repository/org/apache/hadoop/hadoop-hdds-common/0.5.0-SNAPSHOT/hadoop-hdds-common-0.5.0-SNAPSHOT.jar:/home/user/.m2/repository/javax/annotation/javax.annotation-api/1.2/javax.annotation-api-1.2.jar:/home/user/.m2/repository/org/apache/ratis/ratis-server/0.4.0/ratis-server-0.4.0.jar:/home/user/.m2/repository/org/apache/ratis/ratis-thirdparty-misc/0.2.0/ratis-thirdparty-misc-0.2.0.jar:/home/user/.m2/repository/org/apache/ratis/ratis-proto/0.4.0/ratis-proto-0.4.0.jar:/home/user/.m2/repository/org/apache/ratis/ratis-common/0.4.0/ratis-common-0.4.0.jar:/home/user/.m2/repository/org/apache/ratis/ratis-client/0.4.0/ratis-client-0.4.0.jar:/home/user/.m2/repository/org/apache/ratis/ratis-metrics/0.4.0/ratis-metrics-0.4.0.jar:/home/user/.m2/repository/com/github/joshelser/dropwizard-metrics-hadoop-metrics2-reporter/0.1.2/dropwizard-metrics-hadoop-metrics2-reporter-0.1.2.jar:/home/user/.m2/repository/io/dropwizard/metrics/metrics-jvm/3.2.5/metrics-jvm-3.2.5.jar:/home/user/.m2/repository/io/dropwizard/metrics/metrics-ganglia/3.2.5/metrics-ganglia-3.2.5.jar:/home/user/.m2/repository/info/ganglia/gmetric4j/gmetric4j/1.0.7/gmetric4j-1.0.7.jar:/home/user/.m2/repository/org/apache/ratis/ratis-netty/0.4.0/ratis-netty-0.4.0.jar:/home/user/.m2/repository/org/apache/ratis/ratis-grpc/0.4.0/ratis-grpc-0.4.0.jar:/home/user/.m2/repository/org/rocksdb/rocksdbjni/6.0.1/rocksdbjni-6.0.1.jar:/home/user/.m2/repository/org/apache/logging/log4j/log4j-api/2.11.0/log4j-api-2.11.0.jar:/home/user/.m2/repository/org/apache/logging/log4j/log4j-core/2.11.0/log4j-core-2.11.0.jar:/home/user/.m2/repository/com/lmax/disruptor/3.4.2/disruptor-3.4.2.jar:/home/user/.m2/repository/org/apache/commons/commons-pool2/2.6.0/commons-pool2-2.6.0.jar:/home/user/.m2/repository/org/bouncycastle/bcpkix-jdk15on/1.60/bcpkix-jdk15on-1.60.jar:/home/user/.m2/repository/commons-validator/commons-validator/1.6/commons-validator-1.6.jar:/home/user/.m2/repository/commons-digester/commons-digester/1.8.1/commons-digester-1.8.1.jar:/home/user/.m2/repository/io/jaegertracing/jaeger-client/0.34.0/jaeger-client-0.34.0.jar:/home/user/.m2/repository/io/jaegertracing/jaeger-thrift/0.34.0/jaeger-thrift-0.34.0.jar:/home/user/.m2/repository/org/apache/thrift/libthrift/0.12.0/libthrift-0.12.0.jar:/home/user/.m2/repository/com/squareup/okhttp3/okhttp/3.9.0/okhttp-3.9.0.jar:/home/user/.m2/repository/com/squareup/okio/okio/1.13.0/okio-1.13.0.jar:/home/user/.m2/repository/io/jaegertracing/jaeger-core/0.34.0/jaeger-core-0.34.0.jar:/home/user/.m2/repository/io/jaegertracing/jaeger-tracerresolver/0.34.0/jaeger-tracerresolver-0.34.0.jar:/home/user/.m2/repository/io/opentracing/contrib/opentracing-tracerresolver/0.1.5/opentracing-tracerresolver-0.1.5.jar:/home/user/.m2/repository/io/opentracing/opentracing-util/0.31.0/opentracing-util-0.31.0.jar:/home/user/.m2/repository/io/opentracing/opentracing-api/0.31.0/opentracing-api-0.31.0.jar:/home/user/.m2/repository/io/opentracing/opentracing-noop/0.31.0/opentracing-noop-0.31.0.jar:/home/user/.m2/repository/org/apache/hadoop/hadoop-hdds-server-framework/0.5.0-SNAPSHOT/hadoop-hdds-server-framework-0.5.0-SNAPSHOT.jar:/home/user/.m2/repository/org/apache/hadoop/hadoop-hdds-container-service/0.5.0-SNAPSHOT/hadoop-hdds-container-service-0.5.0-SNAPSHOT.jar:/home/user/.m2/repository/org/apache/hadoop/hadoop-hdds-client/0.5.0-SNAPSHOT/hadoop-hdds-client-0.5.0-SNAPSHOT.jar:/home/user/.m2/repository/org/apache/hadoop/hadoop-hdds-tools/0.5.0-SNAPSHOT/hadoop-hdds-tools-0.5.0-SNAPSHOT.jar:/home/user/.m2/repository/org/apache/hadoop/hadoop-hdds-server-scm/0.5.0-SNAPSHOT/hadoop-hdds-server-scm-0.5.0-SNAPSHOT.jar:/home/user/.m2/repository/org/apache/hadoop/hadoop-hdds-docs/0.5.0-SNAPSHOT/hadoop-hdds-docs-0.5.0-SNAPSHOT.jar:/home/user/.m2/repository/io/dropwizard/metrics/metrics-core/3.2.4/metrics-core-3.2.4.jar:/home/user/.m2/repository/org/hamcrest/hamcrest-all/1.3/hamcrest-all-1.3.jar:/home/user/.m2/repository/org/bouncycastle/bcprov-jdk15on/1.60/bcprov-jdk15on-1.60.jar:/home/user/.m2/repository/info/picocli/picocli/3.9.6/picocli-3.9.6.jar:/home/user/.m2/repository/com/google/protobuf/protobuf-java/2.5.0/protobuf-java-2.5.0.jar:/home/user/.m2/repository/com/google/guava/guava/11.0.2/guava-11.0.2.jar:/home/user/.m2/repository/org/apache/hadoop/hadoop-ozone-ozone-manager/0.5.0-SNAPSHOT/hadoop-ozone-ozone-manager-0.5.0-SNAPSHOT.jar:/home/user/.m2/repository/org/apache/hadoop/hadoop-minikdc/3.2.0/hadoop-minikdc-3.2.0.jar:/home/user/.m2/repository/commons-io/commons-io/2.5/commons-io-2.5.jar:/home/user/.m2/repository/org/apache/kerby/kerb-simplekdc/1.0.1/kerb-simplekdc-1.0.1.jar:/home/user/.m2/repository/org/apache/kerby/kerb-client/1.0.1/kerb-client-1.0.1.jar:/home/user/.m2/repository/org/apache/kerby/kerby-config/1.0.1/kerby-config-1.0.1.jar:/home/user/.m2/repository/org/apache/kerby/kerb-core/1.0.1/kerb-core-1.0.1.jar:/home/user/.m2/repository/org/apache/kerby/kerby-pkix/1.0.1/kerby-pkix-1.0.1.jar:/home/user/.m2/repository/org/apache/kerby/kerby-asn1/1.0.1/kerby-asn1-1.0.1.jar:/home/user/.m2/repository/org/apache/kerby/kerby-util/1.0.1/kerby-util-1.0.1.jar:/home/user/.m2/repository/org/apache/kerby/kerb-common/1.0.1/kerb-common-1.0.1.jar:/home/user/.m2/repository/org/apache/kerby/kerb-crypto/1.0.1/kerb-crypto-1.0.1.jar:/home/user/.m2/repository/org/apache/kerby/kerb-util/1.0.1/kerb-util-1.0.1.jar:/home/user/.m2/repository/org/apache/kerby/token-provider/1.0.1/token-provider-1.0.1.jar:/home/user/.m2/repository/org/apache/kerby/kerb-admin/1.0.1/kerb-admin-1.0.1.jar:/home/user/.m2/repository/org/apache/kerby/kerb-server/1.0.1/kerb-server-1.0.1.jar:/home/user/.m2/repository/org/apache/kerby/kerb-identity/1.0.1/kerb-identity-1.0.1.jar:/home/user/.m2/repository/org/apache/kerby/kerby-xdr/1.0.1/kerby-xdr-1.0.1.jar:/home/user/.m2/repository/org/slf4j/slf4j-log4j12/1.7.25/slf4j-log4j12-1.7.25.jar:/home/user/.m2/repository/org/apache/hadoop/hadoop-ozone-s3gateway/0.5.0-SNAPSHOT/hadoop-ozone-s3gateway-0.5.0-SNAPSHOT.jar:/home/user/.m2/repository/org/jboss/weld/servlet/weld-servlet/2.4.7.Final/weld-servlet-2.4.7.Final.jar:/home/user/.m2/repository/org/glassfish/jersey/containers/jersey-container-servlet-core/2.27/jersey-container-servlet-core-2.27.jar:/home/user/.m2/repository/org/glassfish/hk2/external/javax.inject/2.5.0-b42/javax.inject-2.5.0-b42.jar:/home/user/.m2/repository/org/glassfish/jersey/core/jersey-common/2.27/jersey-common-2.27.jar:/home/user/.m2/repository/org/glassfish/hk2/osgi-resource-locator/1.0.1/osgi-resource-locator-1.0.1.jar:/home/user/.m2/repository/javax/ws/rs/javax.ws.rs-api/2.1/javax.ws.rs-api-2.1.jar:/home/user/.m2/repository/org/glassfish/jersey/ext/cdi/jersey-cdi1x/2.27/jersey-cdi1x-2.27.jar:/home/user/.m2/repository/org/glassfish/jersey/inject/jersey-hk2/2.27/jersey-hk2-2.27.jar:/home/user/.m2/repository/org/glassfish/hk2/hk2-locator/2.5.0-b42/hk2-locator-2.5.0-b42.jar:/home/user/.m2/repository/org/javassist/javassist/3.22.0-CR2/javassist-3.22.0-CR2.jar:/home/user/.m2/repository/org/glassfish/hk2/hk2-api/2.5.0/hk2-api-2.5.0.jar:/home/user/.m2/repository/org/glassfish/hk2/external/jakarta.inject/2.5.0/jakarta.inject-2.5.0.jar:/home/user/.m2/repository/org/glassfish/hk2/hk2-utils/2.5.0/hk2-utils-2.5.0.jar:/home/user/.m2/repository/jakarta/annotation/jakarta.annotation-api/1.3.4/jakarta.annotation-api-1.3.4.jar:/home/user/.m2/repository/org/glassfish/hk2/external/aopalliance-repackaged/2.5.0/aopalliance-repackaged-2.5.0.jar:/home/user/.m2/repository/com/fasterxml/jackson/dataformat/jackson-dataformat-xml/2.9.0/jackson-dataformat-xml-2.9.0.jar:/home/user/.m2/repository/com/fasterxml/jackson/core/jackson-core/2.9.9/jackson-core-2.9.9.jar:/home/user/.m2/repository/com/fasterxml/jackson/module/jackson-module-jaxb-annotations/2.9.9/jackson-module-jaxb-annotations-2.9.9.jar:/home/user/.m2/repository/javax/enterprise/cdi-api/1.2/cdi-api-1.2.jar:/home/user/.m2/repository/javax/el/javax.el-api/3.0.0/javax.el-api-3.0.0.jar:/home/user/.m2/repository/javax/interceptor/javax.interceptor-api/1.2/javax.interceptor-api-1.2.jar:/home/user/.m2/repository/javax/inject/javax.inject/1/javax.inject-1.jar:/home/user/.m2/repository/com/sun/xml/bind/jaxb-impl/2.3.0.1/jaxb-impl-2.3.0.1.jar:/home/user/.m2/repository/com/sun/xml/bind/jaxb-core/2.3.0.1/jaxb-core-2.3.0.1.jar:/home/user/.m2/repository/javax/xml/bind/jaxb-api/2.3.0/jaxb-api-2.3.0.jar:/home/user/.m2/repository/javax/activation/activation/1.1.1/activation-1.1.1.jar:/home/user/.m2/repository/org/apache/hadoop/hadoop-ozone-csi/0.5.0-SNAPSHOT/hadoop-ozone-csi-0.5.0-SNAPSHOT.jar:/home/user/.m2/repository/com/google/protobuf/protobuf-java-util/3.5.1/protobuf-java-util-3.5.1.jar:/home/user/.m2/repository/org/apache/hadoop/hadoop-hdds-config/0.5.0-SNAPSHOT/hadoop-hdds-config-0.5.0-SNAPSHOT.jar:/home/user/.m2/repository/io/grpc/grpc-netty/1.17.1/grpc-netty-1.17.1.jar:/home/user/.m2/repository/io/grpc/grpc-core/1.17.1/grpc-core-1.17.1.jar:/home/user/.m2/repository/io/grpc/grpc-context/1.17.1/grpc-context-1.17.1.jar:/home/user/.m2/repository/com/google/errorprone/error_prone_annotations/2.2.0/error_prone_annotations-2.2.0.jar:/home/user/.m2/repository/org/codehaus/mojo/animal-sniffer-annotations/1.17/animal-sniffer-annotations-1.17.jar:/home/user/.m2/repository/io/opencensus/opencensus-api/0.17.0/opencensus-api-0.17.0.jar:/home/user/.m2/repository/io/opencensus/opencensus-contrib-grpc-metrics/0.17.0/opencensus-contrib-grpc-metrics-0.17.0.jar:/home/user/.m2/repository/io/netty/netty-codec-http2/4.1.30.Final/netty-codec-http2-4.1.30.Final.jar:/home/user/.m2/repository/io/netty/netty-codec-http/4.1.30.Final/netty-codec-http-4.1.30.Final.jar:/home/user/.m2/repository/io/netty/netty-codec/4.1.30.Final/netty-codec-4.1.30.Final.jar:/home/user/.m2/repository/io/netty/netty-handler/4.1.30.Final/netty-handler-4.1.30.Final.jar:/home/user/.m2/repository/io/netty/netty-handler-proxy/4.1.30.Final/netty-handler-proxy-4.1.30.Final.jar:/home/user/.m2/repository/io/netty/netty-codec-socks/4.1.30.Final/netty-codec-socks-4.1.30.Final.jar:/home/user/.m2/repository/io/netty/netty-transport-native-epoll/4.1.30.Final/netty-transport-native-epoll-4.1.30.Final.jar:/home/user/.m2/repository/io/netty/netty-common/4.1.30.Final/netty-common-4.1.30.Final.jar:/home/user/.m2/repository/io/netty/netty-buffer/4.1.30.Final/netty-buffer-4.1.30.Final.jar:/home/user/.m2/repository/io/netty/netty-transport/4.1.30.Final/netty-transport-4.1.30.Final.jar:/home/user/.m2/repository/io/netty/netty-resolver/4.1.30.Final/netty-resolver-4.1.30.Final.jar:/home/user/.m2/repository/io/netty/netty-transport-native-unix-common/4.1.30.Final/netty-transport-native-unix-common-4.1.30.Final.jar:/home/user/.m2/repository/io/grpc/grpc-protobuf/1.17.1/grpc-protobuf-1.17.1.jar:/home/user/.m2/repository/com/google/api/grpc/proto-google-common-protos/1.0.0/proto-google-common-protos-1.0.0.jar:/home/user/.m2/repository/io/grpc/grpc-protobuf-lite/1.17.1/grpc-protobuf-lite-1.17.1.jar:/home/user/.m2/repository/io/grpc/grpc-stub/1.17.1/grpc-stub-1.17.1.jar:/home/user/.m2/repository/org/apache/hadoop/hadoop-ozone-recon/0.5.0-SNAPSHOT/hadoop-ozone-recon-0.5.0-SNAPSHOT.jar:/home/user/.m2/repository/org/apache/hadoop/hadoop-ozone-reconcodegen/0.5.0-SNAPSHOT/hadoop-ozone-reconcodegen-0.5.0-SNAPSHOT.jar:/home/user/.m2/repository/com/google/inject/extensions/guice-multibindings/4.0/guice-multibindings-4.0.jar:/home/user/.m2/repository/com/google/inject/guice/4.0/guice-4.0.jar:/home/user/.m2/repository/aopalliance/aopalliance/1.0/aopalliance-1.0.jar:/home/user/.m2/repository/com/google/inject/extensions/guice-servlet/4.0/guice-servlet-4.0.jar:/home/user/.m2/repository/org/glassfish/jersey/containers/jersey-container-servlet/2.27/jersey-container-servlet-2.27.jar:/home/user/.m2/repository/org/glassfish/hk2/guice-bridge/2.5.0/guice-bridge-2.5.0.jar:/home/user/.m2/repository/org/glassfish/jersey/core/jersey-server/2.27/jersey-server-2.27.jar:/home/user/.m2/repository/org/glassfish/jersey/core/jersey-client/2.27/jersey-client-2.27.jar:/home/user/.m2/repository/org/glassfish/jersey/media/jersey-media-jaxb/2.27/jersey-media-jaxb-2.27.jar:/home/user/.m2/repository/javax/validation/validation-api/1.1.0.Final/validation-api-1.1.0.Final.jar:/home/user/.m2/repository/org/glassfish/jersey/media/jersey-media-json-jackson/2.27/jersey-media-json-jackson-2.27.jar:/home/user/.m2/repository/org/glassfish/jersey/ext/jersey-entity-filtering/2.27/jersey-entity-filtering-2.27.jar:/home/user/.m2/repository/com/google/inject/extensions/guice-assistedinject/4.0/guice-assistedinject-4.0.jar:/home/user/.m2/repository/org/jooq/jooq/3.11.10/jooq-3.11.10.jar:/home/user/.m2/repository/org/jooq/jooq-meta/3.11.10/jooq-meta-3.11.10.jar:/home/user/.m2/repository/org/jooq/jooq-codegen/3.11.10/jooq-codegen-3.11.10.jar:/home/user/.m2/repository/com/jolbox/bonecp/0.8.0.RELEASE/bonecp-0.8.0.RELEASE.jar:/home/user/.m2/repository/org/xerial/sqlite-jdbc/3.25.2/sqlite-jdbc-3.25.2.jar:/home/user/.m2/repository/org/springframework/spring-jdbc/5.1.3.RELEASE/spring-jdbc-5.1.3.RELEASE.jar:/home/user/.m2/repository/org/springframework/spring-beans/5.1.3.RELEASE/spring-beans-5.1.3.RELEASE.jar:/home/user/.m2/repository/org/springframework/spring-core/5.1.3.RELEASE/spring-core-5.1.3.RELEASE.jar:/home/user/.m2/repository/org/springframework/spring-jcl/5.1.3.RELEASE/spring-jcl-5.1.3.RELEASE.jar:/home/user/.m2/repository/org/springframework/spring-tx/5.1.3.RELEASE/spring-tx-5.1.3.RELEASE.jar:/home/user/.m2/repository/org/apache/hadoop/hadoop-ozone-client/0.5.0-SNAPSHOT/hadoop-ozone-client-0.5.0-SNAPSHOT.jar:/home/user/.m2/repository/commons-lang/commons-lang/2.6/commons-lang-2.6.jar:/home/user/.m2/repository/org/apache/hadoop/hadoop-ozone-ozone-manager/0.5.0-SNAPSHOT/hadoop-ozone-ozone-manager-0.5.0-SNAPSHOT-tests.jar:/home/user/.m2/repository/junit/junit/4.11/junit-4.11.jar:/home/user/.m2/repository/org/hamcrest/hamcrest-core/1.3/hamcrest-core-1.3.jar:/home/user/.m2/repository/org/openjdk/jmh/jmh-core/1.19/jmh-core-1.19.jar:/home/user/.m2/repository/net/sf/jopt-simple/jopt-simple/4.6/jopt-simple-4.6.jar:/home/user/.m2/repository/org/apache/commons/commons-math3/3.1.1/commons-math3-3.1.1.jar:/home/user/.m2/repository/org/openjdk/jmh/jmh-generator-annprocess/1.19/jmh-generator-annprocess-1.19.jar:/home/user/.m2/repository/org/mockito/mockito-all/1.8.5/mockito-all-1.8.5.jar:/home/user/.m2/repository/org/apache/hadoop/hadoop-kms/3.2.0/hadoop-kms-3.2.0.jar:/home/user/.m2/repository/org/apache/hadoop/hadoop-auth/3.2.0/hadoop-auth-3.2.0.jar:/home/user/.m2/repository/com/nimbusds/nimbus-jose-jwt/4.41.1/nimbus-jose-jwt-4.41.1.jar:/home/user/.m2/repository/com/github/stephenc/jcip/jcip-annotations/1.0-1/jcip-annotations-1.0-1.jar:/home/user/.m2/repository/net/minidev/json-smart/2.3/json-smart-2.3.jar:/home/user/.m2/repository/net/minidev/accessors-smart/1.2/accessors-smart-1.2.jar:/home/user/.m2/repository/org/ow2/asm/asm/5.0.4/asm-5.0.4.jar:/home/user/.m2/repository/org/apache/curator/curator-framework/2.12.0/curator-framework-2.12.0.jar:/home/user/.m2/repository/com/sun/jersey/jersey-core/1.19/jersey-core-1.19.jar:/home/user/.m2/repository/javax/ws/rs/jsr311-api/1.1.1/jsr311-api-1.1.1.jar:/home/user/.m2/repository/com/sun/jersey/jersey-server/1.19/jersey-server-1.19.jar:/home/user/.m2/repository/javax/servlet/javax.servlet-api/3.1.0/javax.servlet-api-3.1.0.jar:/home/user/.m2/repository/org/eclipse/jetty/jetty-server/9.3.25.v20180904/jetty-server-9.3.25.v20180904.jar:/home/user/.m2/repository/org/eclipse/jetty/jetty-http/9.3.25.v20180904/jetty-http-9.3.25.v20180904.jar:/home/user/.m2/repository/org/eclipse/jetty/jetty-io/9.3.25.v20180904/jetty-io-9.3.25.v20180904.jar:/home/user/.m2/repository/org/eclipse/jetty/jetty-webapp/9.3.25.v20180904/jetty-webapp-9.3.25.v20180904.jar:/home/user/.m2/repository/org/eclipse/jetty/jetty-xml/9.3.25.v20180904/jetty-xml-9.3.25.v20180904.jar:/home/user/.m2/repository/log4j/log4j/1.2.17/log4j-1.2.17.jar:/home/user/.m2/repository/org/slf4j/slf4j-api/1.7.25/slf4j-api-1.7.25.jar:/home/user/.m2/repository/org/slf4j/jul-to-slf4j/1.7.25/jul-to-slf4j-1.7.25.jar:/home/user/.m2/repository/org/eclipse/jetty/jetty-util/9.3.25.v20180904/jetty-util-9.3.25.v20180904.jar:/home/user/.m2/repository/com/fasterxml/jackson/core/jackson-databind/2.9.9/jackson-databind-2.9.9.jar:/home/user/.m2/repository/org/apache/hadoop/hadoop-kms/3.2.0/hadoop-kms-3.2.0-tests.jar:/home/user/.m2/repository/org/apache/hadoop/hadoop-hdds-server-scm/0.5.0-SNAPSHOT/hadoop-hdds-server-scm-0.5.0-SNAPSHOT-tests.jar:/home/user/.m2/repository/org/apache/hadoop/hadoop-hdds-container-service/0.5.0-SNAPSHOT/hadoop-hdds-container-service-0.5.0-SNAPSHOT-tests.jar:/home/user/.m2/repository/org/yaml/snakeyaml/1.16/snakeyaml-1.16.jar:/home/user/.m2/repository/org/apache/hadoop/hadoop-common/3.2.0/hadoop-common-3.2.0-tests.jar:/home/user/.m2/repository/org/apache/hadoop/hadoop-annotations/3.2.0/hadoop-annotations-3.2.0.jar:/usr/lib/jvm/java-1.8-openjdk/jre/../lib/tools.jar:/home/user/.m2/repository/commons-cli/commons-cli/1.2/commons-cli-1.2.jar:/home/user/.m2/repository/org/apache/httpcomponents/httpclient/4.5.2/httpclient-4.5.2.jar:/home/user/.m2/repository/org/apache/httpcomponents/httpcore/4.4.4/httpcore-4.4.4.jar:/home/user/.m2/repository/commons-codec/commons-codec/1.11/commons-codec-1.11.jar:/home/user/.m2/repository/commons-net/commons-net/3.6/commons-net-3.6.jar:/home/user/.m2/repository/commons-collections/commons-collections/3.2.2/commons-collections-3.2.2.jar:/home/user/.m2/repository/org/eclipse/jetty/jetty-servlet/9.3.25.v20180904/jetty-servlet-9.3.25.v20180904.jar:/home/user/.m2/repository/org/eclipse/jetty/jetty-security/9.3.25.v20180904/jetty-security-9.3.25.v20180904.jar:/home/user/.m2/repository/javax/servlet/jsp/jsp-api/2.1/jsp-api-2.1.jar:/home/user/.m2/repository/com/sun/jersey/jersey-servlet/1.19/jersey-servlet-1.19.jar:/home/user/.m2/repository/com/sun/jersey/jersey-json/1.19/jersey-json-1.19.jar:/home/user/.m2/repository/org/codehaus/jettison/jettison/1.1/jettison-1.1.jar:/home/user/.m2/repository/org/codehaus/jackson/jackson-core-asl/1.9.13/jackson-core-asl-1.9.13.jar:/home/user/.m2/repository/org/codehaus/jackson/jackson-mapper-asl/1.9.13/jackson-mapper-asl-1.9.13.jar:/home/user/.m2/repository/org/codehaus/jackson/jackson-jaxrs/1.9.13/jackson-jaxrs-1.9.13.jar:/home/user/.m2/repository/org/codehaus/jackson/jackson-xc/1.9.13/jackson-xc-1.9.13.jar:/home/user/.m2/repository/commons-logging/commons-logging/1.1.3/commons-logging-1.1.3.jar:/home/user/.m2/repository/commons-beanutils/commons-beanutils/1.9.4/commons-beanutils-1.9.4.jar:/home/user/.m2/repository/org/apache/commons/commons-configuration2/2.1.1/commons-configuration2-2.1.1.jar:/home/user/.m2/repository/org/apache/commons/commons-lang3/3.7/commons-lang3-3.7.jar:/home/user/.m2/repository/org/apache/commons/commons-text/1.4/commons-text-1.4.jar:/home/user/.m2/repository/org/apache/avro/avro/1.7.7/avro-1.7.7.jar:/home/user/.m2/repository/com/thoughtworks/paranamer/paranamer/2.3/paranamer-2.3.jar:/home/user/.m2/repository/org/xerial/snappy/snappy-java/1.0.5/snappy-java-1.0.5.jar:/home/user/.m2/repository/com/google/re2j/re2j/1.1/re2j-1.1.jar:/home/user/.m2/repository/com/google/code/gson/gson/2.2.4/gson-2.2.4.jar:/home/user/.m2/repository/com/jcraft/jsch/0.1.54/jsch-0.1.54.jar:/home/user/.m2/repository/org/apache/curator/curator-client/2.12.0/curator-client-2.12.0.jar:/home/user/.m2/repository/org/apache/curator/curator-recipes/2.12.0/curator-recipes-2.12.0.jar:/home/user/.m2/repository/com/google/code/findbugs/jsr305/3.0.0/jsr305-3.0.0.jar:/home/user/.m2/repository/org/apache/htrace/htrace-core4/4.1.0-incubating/htrace-core4-4.1.0-incubating.jar:/home/user/.m2/repository/org/apache/zookeeper/zookeeper/3.4.13/zookeeper-3.4.13.jar:/home/user/.m2/repository/jline/jline/0.9.94/jline-0.9.94.jar:/home/user/.m2/repository/org/apache/yetus/audience-annotations/0.5.0/audience-annotations-0.5.0.jar:/home/user/.m2/repository/org/codehaus/woodstox/stax2-api/3.1.4/stax2-api-3.1.4.jar:/home/user/.m2/repository/com/fasterxml/woodstox/woodstox-core/5.0.3/woodstox-core-5.0.3.jar:/home/user/.m2/repository/dnsjava/dnsjava/2.1.7/dnsjava-2.1.7.jar:/home/user/.m2/repository/org/apache/hadoop/hadoop-hdfs/3.2.0/hadoop-hdfs-3.2.0-tests.jar:/home/user/.m2/repository/org/eclipse/jetty/jetty-util-ajax/9.3.25.v20180904/jetty-util-ajax-9.3.25.v20180904.jar:/home/user/.m2/repository/commons-daemon/commons-daemon/1.0.13/commons-daemon-1.0.13.jar:/home/user/.m2/repository/io/netty/netty/3.10.5.Final/netty-3.10.5.Final.jar:/home/user/.m2/repository/io/netty/netty-all/4.0.52.Final/netty-all-4.0.52.Final.jar:/home/user/.m2/repository/org/fusesource/leveldbjni/leveldbjni-all/1.8/leveldbjni-all-1.8.jar:"/>
    <property name="sun.cpu.endian" value="little"/>
    <property name="user.home" value="/home/user"/>
    <property name="user.language" value="en"/>
    <property name="java.specification.vendor" value="Oracle Corporation"/>
    <property name="java.home" value="/usr/lib/jvm/java-1.8-openjdk/jre"/>
    <property name="java.security.krb5.conf" value="/workdir/hadoop-ozone/integration-test/target/test-classes/krb5.conf"/>
    <property name="basedir" value="/workdir/hadoop-ozone/integration-test"/>
    <property name="file.separator" value="/"/>
    <property name="line.separator" value="&#10;"/>
    <property name="java.vm.specification.vendor" value="Oracle Corporation"/>
    <property name="java.specification.name" value="Java Platform API Specification"/>
    <property name="java.awt.graphicsenv" value="sun.awt.X11GraphicsEnvironment"/>
    <property name="surefire.real.class.path" value="/workdir/hadoop-ozone/integration-test/target/surefire/surefirebooter1891735422799651078.jar"/>
    <property name="hadoop.log.dir" value="/workdir/hadoop-ozone/integration-test/target/log"/>
    <property name="sun.boot.class.path" value="/usr/lib/jvm/java-1.8-openjdk/jre/lib/resources.jar:/usr/lib/jvm/java-1.8-openjdk/jre/lib/rt.jar:/usr/lib/jvm/java-1.8-openjdk/jre/lib/sunrsasign.jar:/usr/lib/jvm/java-1.8-openjdk/jre/lib/jsse.jar:/usr/lib/jvm/java-1.8-openjdk/jre/lib/jce.jar:/usr/lib/jvm/java-1.8-openjdk/jre/lib/charsets.jar:/usr/lib/jvm/java-1.8-openjdk/jre/lib/jfr.jar:/usr/lib/jvm/java-1.8-openjdk/jre/classes"/>
    <property name="sun.management.compiler" value="HotSpot 64-Bit Tiered Compilers"/>
    <property name="java.runtime.version" value="1.8.0_212-b04"/>
    <property name="java.net.preferIPv4Stack" value="true"/>
    <property name="user.name" value="jenkins1000"/>
    <property name="path.separator" value=":"/>
    <property name="java.security.egd" value="file:///dev/urandom"/>
    <property name="os.version" value="3.10.0-957.12.2.el7.x86_64"/>
    <property name="java.endorsed.dirs" value="/usr/lib/jvm/java-1.8-openjdk/jre/lib/endorsed"/>
    <property name="java.runtime.name" value="OpenJDK Runtime Environment"/>
    <property name="file.encoding" value="UTF-8"/>
    <property name="java.vm.name" value="OpenJDK 64-Bit Server VM"/>
    <property name="test.build.webapps" value=""/>
    <property name="localRepository" value="/home/user/.m2/repository"/>
    <property name="java.vendor.url.bug" value="https://icedtea.classpath.org/bugzilla"/>
    <property name="java.io.tmpdir" value="/tmp"/>
    <property name="require.test.libhadoop" value=""/>
    <property name="java.version" value="1.8.0_212"/>
    <property name="user.dir" value="/workdir/hadoop-ozone/integration-test"/>
    <property name="os.arch" value="amd64"/>
    <property name="java.vm.specification.name" value="Java Virtual Machine Specification"/>
    <property name="test.build.classes" value="/workdir/hadoop-ozone/integration-test/target/test-classes"/>
    <property name="java.awt.printerjob" value="sun.print.PSPrinterJob"/>
    <property name="sun.os.patch.level" value="unknown"/>
    <property name="hadoop.tmp.dir" value="/workdir/hadoop-ozone/integration-test/target/tmp"/>
    <property name="java.library.path" value="/usr/lib/jvm/java-1.8-openjdk/jre/lib/amd64/server:/usr/lib/jvm/java-1.8-openjdk/jre/lib/amd64:/usr/lib/jvm/java-1.8-openjdk/jre/../lib/amd64:/workdir/hadoop-ozone/integration-test/target/native/target/usr/local/lib:/workdir/hadoop-ozone/integration-test/../../hadoop-common-project/hadoop-common/target/native/target/usr/local/lib:/usr/java/packages/lib/amd64:/usr/lib64:/lib64:/lib:/usr/lib"/>
    <property name="java.vm.info" value="mixed mode"/>
    <property name="java.vendor" value="IcedTea"/>
    <property name="java.vm.version" value="25.212-b04"/>
    <property name="java.ext.dirs" value="/usr/lib/jvm/java-1.8-openjdk/jre/lib/ext:/usr/java/packages/lib/ext"/>
    <property name="sun.io.unicode.encoding" value="UnicodeLittle"/>
    <property name="java.class.version" value="52.0"/>
  </properties>
  <testcase name="org.apache.hadoop.ozone.container.common.statemachine.commandhandler.TestCloseContainerByPipeline" classname="org.apache.hadoop.ozone.container.common.statemachine.commandhandler.TestCloseContainerByPipeline" time="148.357">
    <error message="Connection refused" type="java.net.ConnectException"><![CDATA[java.net.ConnectException: Connection refused
	at sun.nio.ch.SocketChannelImpl.checkConnect(Native Method)
	at sun.nio.ch.SocketChannelImpl.finishConnect(SocketChannelImpl.java:717)
	at org.apache.hadoop.net.SocketIOWithTimeout.connect(SocketIOWithTimeout.java:206)
	at org.apache.hadoop.net.NetUtils.connect(NetUtils.java:531)
	at org.apache.hadoop.ipc.Client$Connection.setupConnection(Client.java:690)
	at org.apache.hadoop.ipc.Client$Connection.setupIOstreams(Client.java:794)
	at org.apache.hadoop.ipc.Client$Connection.access$3700(Client.java:411)
	at org.apache.hadoop.ipc.Client.getConnection(Client.java:1572)
	at org.apache.hadoop.ipc.Client.call(Client.java:1403)
	at org.apache.hadoop.ipc.Client.call(Client.java:1367)
	at org.apache.hadoop.ipc.ProtobufRpcEngine$Invoker.invoke(ProtobufRpcEngine.java:228)
	at org.apache.hadoop.ipc.ProtobufRpcEngine$Invoker.invoke(ProtobufRpcEngine.java:116)
	at com.sun.proxy.$Proxy36.submitRequest(Unknown Source)
	at sun.reflect.NativeMethodAccessorImpl.invoke0(Native Method)
	at sun.reflect.NativeMethodAccessorImpl.invoke(NativeMethodAccessorImpl.java:62)
	at sun.reflect.DelegatingMethodAccessorImpl.invoke(DelegatingMethodAccessorImpl.java:43)
	at java.lang.reflect.Method.invoke(Method.java:498)
	at org.apache.hadoop.io.retry.RetryInvocationHandler.invokeMethod(RetryInvocationHandler.java:422)
	at org.apache.hadoop.io.retry.RetryInvocationHandler$Call.invokeMethod(RetryInvocationHandler.java:165)
	at org.apache.hadoop.io.retry.RetryInvocationHandler$Call.invoke(RetryInvocationHandler.java:157)
	at org.apache.hadoop.io.retry.RetryInvocationHandler$Call.invokeOnce(RetryInvocationHandler.java:95)
	at org.apache.hadoop.io.retry.RetryInvocationHandler.invoke(RetryInvocationHandler.java:359)
	at com.sun.proxy.$Proxy36.submitRequest(Unknown Source)
	at org.apache.hadoop.ozone.om.protocolPB.OzoneManagerProtocolClientSideTranslatorPB.submitRequest(OzoneManagerProtocolClientSideTranslatorPB.java:338)
	at org.apache.hadoop.ozone.om.protocolPB.OzoneManagerProtocolClientSideTranslatorPB.getServiceInfo(OzoneManagerProtocolClientSideTranslatorPB.java:1223)
	at sun.reflect.NativeMethodAccessorImpl.invoke0(Native Method)
	at sun.reflect.NativeMethodAccessorImpl.invoke(NativeMethodAccessorImpl.java:62)
	at sun.reflect.DelegatingMethodAccessorImpl.invoke(DelegatingMethodAccessorImpl.java:43)
	at java.lang.reflect.Method.invoke(Method.java:498)
	at org.apache.hadoop.hdds.tracing.TraceAllMethod.invoke(TraceAllMethod.java:66)
	at com.sun.proxy.$Proxy37.getServiceInfo(Unknown Source)
	at org.apache.hadoop.ozone.client.rpc.RpcClient.<init>(RpcClient.java:154)
	at org.apache.hadoop.ozone.client.OzoneClientFactory.getClientProtocol(OzoneClientFactory.java:256)
	at org.apache.hadoop.ozone.client.OzoneClientFactory.getClientProtocol(OzoneClientFactory.java:239)
	at org.apache.hadoop.ozone.client.OzoneClientFactory.getClient(OzoneClientFactory.java:75)
	at org.apache.hadoop.ozone.container.common.statemachine.commandhandler.TestCloseContainerByPipeline.init(TestCloseContainerByPipeline.java:81)
	at sun.reflect.NativeMethodAccessorImpl.invoke0(Native Method)
	at sun.reflect.NativeMethodAccessorImpl.invoke(NativeMethodAccessorImpl.java:62)
	at sun.reflect.DelegatingMethodAccessorImpl.invoke(DelegatingMethodAccessorImpl.java:43)
	at java.lang.reflect.Method.invoke(Method.java:498)
	at org.junit.runners.model.FrameworkMethod$1.runReflectiveCall(FrameworkMethod.java:47)
	at org.junit.internal.runners.model.ReflectiveCallable.run(ReflectiveCallable.java:12)
	at org.junit.runners.model.FrameworkMethod.invokeExplosively(FrameworkMethod.java:44)
	at org.junit.internal.runners.statements.RunBefores.evaluate(RunBefores.java:24)
	at org.junit.internal.runners.statements.RunAfters.evaluate(RunAfters.java:27)
	at org.junit.runners.ParentRunner.run(ParentRunner.java:309)
	at org.apache.maven.surefire.junit4.JUnit4Provider.execute(JUnit4Provider.java:365)
	at org.apache.maven.surefire.junit4.JUnit4Provider.executeWithRerun(JUnit4Provider.java:273)
	at org.apache.maven.surefire.junit4.JUnit4Provider.executeTestSet(JUnit4Provider.java:238)
	at org.apache.maven.surefire.junit4.JUnit4Provider.invoke(JUnit4Provider.java:159)
	at org.apache.maven.surefire.booter.ForkedBooter.invokeProviderInSameClassLoader(ForkedBooter.java:384)
	at org.apache.maven.surefire.booter.ForkedBooter.runSuitesInProcess(ForkedBooter.java:345)
	at org.apache.maven.surefire.booter.ForkedBooter.execute(ForkedBooter.java:126)
	at org.apache.maven.surefire.booter.ForkedBooter.main(ForkedBooter.java:418)
]]></error>
    <system-out><![CDATA[2019-09-28 00:07:18,731 [main] WARN  server.ServerUtils (ServerUtils.java:getScmDbDir(145)) - ozone.scm.db.dirs is not configured. We recommend adding this setting. Falling back to ozone.metadata.dirs instead.
2019-09-28 00:07:18,819 [main] WARN  server.ServerUtils (ServerUtils.java:getScmDbDir(145)) - ozone.scm.db.dirs is not configured. We recommend adding this setting. Falling back to ozone.metadata.dirs instead.
2019-09-28 00:07:18,821 [main] WARN  server.ServerUtils (ServerUtils.java:getScmDbDir(145)) - ozone.scm.db.dirs is not configured. We recommend adding this setting. Falling back to ozone.metadata.dirs instead.
2019-09-28 00:07:18,837 [main] INFO  util.log (Log.java:initialized(192)) - Logging initialized @813ms
2019-09-28 00:07:18,947 [main] INFO  db.DBStoreBuilder (DBStoreBuilder.java:addTable(110)) - using custom profile for table: deletedBlocks
2019-09-28 00:07:18,948 [main] INFO  db.DBStoreBuilder (DBStoreBuilder.java:processTables(161)) - Using default column profile:DBProfile.DISK for Table:deletedBlocks
2019-09-28 00:07:18,948 [main] INFO  db.DBStoreBuilder (DBStoreBuilder.java:addTable(110)) - using custom profile for table: validCerts
2019-09-28 00:07:18,948 [main] INFO  db.DBStoreBuilder (DBStoreBuilder.java:processTables(161)) - Using default column profile:DBProfile.DISK for Table:validCerts
2019-09-28 00:07:18,949 [main] INFO  db.DBStoreBuilder (DBStoreBuilder.java:addTable(110)) - using custom profile for table: revokedCerts
2019-09-28 00:07:18,949 [main] INFO  db.DBStoreBuilder (DBStoreBuilder.java:processTables(161)) - Using default column profile:DBProfile.DISK for Table:revokedCerts
2019-09-28 00:07:18,962 [main] INFO  db.DBStoreBuilder (DBStoreBuilder.java:addTable(110)) - using custom profile for table: default
2019-09-28 00:07:18,962 [main] INFO  db.DBStoreBuilder (DBStoreBuilder.java:processTables(167)) - Using default column profile:DBProfile.DISK for Table:default
2019-09-28 00:07:18,964 [main] INFO  db.DBStoreBuilder (DBStoreBuilder.java:getDbProfile(198)) - Using default options. DBProfile.DISK
2019-09-28 00:07:19,360 [main] INFO  net.NodeSchemaLoader (NodeSchemaLoader.java:loadSchemaFromFile(125)) - Loading file from sun.misc.CompoundEnumeration@235834f2
2019-09-28 00:07:19,363 [main] INFO  net.NodeSchemaLoader (NodeSchemaLoader.java:loadSchema(171)) - Loading network topology layer schema file
2019-09-28 00:07:19,434 [main] WARN  server.ServerUtils (ServerUtils.java:sanitizeUserArgs(70)) - ozone.scm.stale.node.interval value = 300000 is larger than max = 100000 based on the key value of ozone.scm.heartbeat.thread.interval, reset to the max value 100000.
2019-09-28 00:07:19,436 [main] WARN  server.ServerUtils (ServerUtils.java:sanitizeUserArgs(70)) - ozone.scm.stale.node.interval value = 300000 is larger than max = 100000 based on the key value of ozone.scm.heartbeat.thread.interval, reset to the max value 100000.
2019-09-28 00:07:19,438 [main] INFO  node.SCMNodeManager (SCMNodeManager.java:<init>(114)) - Entering startup safe mode.
2019-09-28 00:07:19,512 [main] INFO  algorithms.ContainerPlacementPolicyFactory (ContainerPlacementPolicyFactory.java:getPolicy(57)) - Create container placement policy of type org.apache.hadoop.hdds.scm.container.placement.algorithms.SCMContainerPlacementRandom
2019-09-28 00:07:19,528 [main] WARN  server.ServerUtils (ServerUtils.java:getScmDbDir(145)) - ozone.scm.db.dirs is not configured. We recommend adding this setting. Falling back to ozone.metadata.dirs instead.
2019-09-28 00:07:19,614 [main] INFO  pipeline.SCMPipelineManager (SCMPipelineManager.java:initializePipelineState(132)) - No pipeline exists in current db
2019-09-28 00:07:19,618 [main] WARN  server.ServerUtils (ServerUtils.java:getScmDbDir(145)) - ozone.scm.db.dirs is not configured. We recommend adding this setting. Falling back to ozone.metadata.dirs instead.
2019-09-28 00:07:19,802 [main] WARN  events.EventQueue (EventQueue.java:fireEvent(183)) - No event handler registered for event TypedEvent{payloadType=SafeModeStatus, name='SafeModeStatus'}
2019-09-28 00:07:20,181 [main] INFO  ipc.CallQueueManager (CallQueueManager.java:<init>(84)) - Using callQueue: class java.util.concurrent.LinkedBlockingQueue, queueCapacity: 2000, scheduler: class org.apache.hadoop.ipc.DefaultRpcScheduler, ipcBackoff: false.
2019-09-28 00:07:20,209 [Socket Reader #1 for port 42568] INFO  ipc.Server (Server.java:run(1074)) - Starting Socket Reader #1 for port 42568
2019-09-28 00:07:20,381 [main] INFO  ipc.CallQueueManager (CallQueueManager.java:<init>(84)) - Using callQueue: class java.util.concurrent.LinkedBlockingQueue, queueCapacity: 2000, scheduler: class org.apache.hadoop.ipc.DefaultRpcScheduler, ipcBackoff: false.
2019-09-28 00:07:20,382 [Socket Reader #1 for port 45049] INFO  ipc.Server (Server.java:run(1074)) - Starting Socket Reader #1 for port 45049
2019-09-28 00:07:20,394 [main] INFO  ipc.CallQueueManager (CallQueueManager.java:<init>(84)) - Using callQueue: class java.util.concurrent.LinkedBlockingQueue, queueCapacity: 2000, scheduler: class org.apache.hadoop.ipc.DefaultRpcScheduler, ipcBackoff: false.
2019-09-28 00:07:20,395 [Socket Reader #1 for port 46830] INFO  ipc.Server (Server.java:run(1074)) - Starting Socket Reader #1 for port 46830
2019-09-28 00:07:20,422 [main] INFO  hdfs.DFSUtil (DFSUtil.java:httpServerTemplateForNNAndJN(1641)) - Starting Web-server for scm at: http://0.0.0.0:0
2019-09-28 00:07:20,586 [main] INFO  server.AuthenticationFilter (AuthenticationFilter.java:constructSecretProvider(240)) - Unable to initialize FileSignerSecretProvider, falling back to use random secrets.
2019-09-28 00:07:20,595 [main] WARN  http.HttpRequestLog (HttpRequestLog.java:getRequestLog(97)) - Jetty request log can only be enabled using Log4j
2019-09-28 00:07:20,603 [main] INFO  http.HttpServer2 (HttpServer2.java:addGlobalFilter(975)) - Added global filter 'safety' (class=org.apache.hadoop.http.HttpServer2$QuotingInputFilter)
2019-09-28 00:07:20,606 [main] INFO  http.HttpServer2 (HttpServer2.java:addFilter(948)) - Added filter static_user_filter (class=org.apache.hadoop.http.lib.StaticUserWebFilter$StaticUserFilter) to context scm
2019-09-28 00:07:20,607 [main] INFO  http.HttpServer2 (HttpServer2.java:addFilter(958)) - Added filter static_user_filter (class=org.apache.hadoop.http.lib.StaticUserWebFilter$StaticUserFilter) to context static
2019-09-28 00:07:20,607 [main] INFO  http.HttpServer2 (HttpServer2.java:addFilter(958)) - Added filter static_user_filter (class=org.apache.hadoop.http.lib.StaticUserWebFilter$StaticUserFilter) to context logs
2019-09-28 00:07:20,657 [main] INFO  server.StorageContainerManager (StorageContainerManager.java:start(770)) - StorageContainerLocationProtocol RPC server is listening at /0.0.0.0:46830
2019-09-28 00:07:20,749 [main] WARN  impl.MetricsConfig (MetricsConfig.java:loadFirst(134)) - Cannot locate configuration: tried hadoop-metrics2-storagecontainermanager.properties,hadoop-metrics2.properties
2019-09-28 00:07:20,764 [main] INFO  impl.MetricsSystemImpl (MetricsSystemImpl.java:startTimer(374)) - Scheduled Metric snapshot period at 10 second(s).
2019-09-28 00:07:20,764 [main] INFO  impl.MetricsSystemImpl (MetricsSystemImpl.java:start(191)) - StorageContainerManager metrics system started
2019-09-28 00:07:21,059 [main] INFO  server.SCMClientProtocolServer (SCMClientProtocolServer.java:start(150)) - RPC server for Client  is listening at /0.0.0.0:46830
2019-09-28 00:07:21,060 [IPC Server Responder] INFO  ipc.Server (Server.java:run(1314)) - IPC Server Responder: starting
2019-09-28 00:07:21,060 [IPC Server listener on 46830] INFO  ipc.Server (Server.java:run(1153)) - IPC Server listener on 46830: starting
2019-09-28 00:07:21,063 [main] INFO  server.StorageContainerManager (StorageContainerManager.java:start(780)) - ScmBlockLocationProtocol RPC server is listening at /0.0.0.0:45049
2019-09-28 00:07:21,065 [main] INFO  server.SCMBlockProtocolServer (SCMBlockProtocolServer.java:start(146)) - RPC server for Block Protocol is listening at /0.0.0.0:45049
2019-09-28 00:07:21,065 [IPC Server Responder] INFO  ipc.Server (Server.java:run(1314)) - IPC Server Responder: starting
2019-09-28 00:07:21,065 [IPC Server listener on 45049] INFO  ipc.Server (Server.java:run(1153)) - IPC Server listener on 45049: starting
2019-09-28 00:07:21,068 [main] INFO  server.StorageContainerManager (StorageContainerManager.java:start(784)) - ScmDatanodeProtocl RPC server is listening at /0.0.0.0:42568
2019-09-28 00:07:21,068 [main] INFO  server.SCMDatanodeProtocolServer (SCMDatanodeProtocolServer.java:start(191)) - RPC server for DataNodes is listening at /0.0.0.0:42568
2019-09-28 00:07:21,068 [IPC Server Responder] INFO  ipc.Server (Server.java:run(1314)) - IPC Server Responder: starting
2019-09-28 00:07:21,069 [IPC Server listener on 42568] INFO  ipc.Server (Server.java:run(1153)) - IPC Server listener on 42568: starting
2019-09-28 00:07:21,073 [main] INFO  http.HttpServer2 (HttpServer2.java:bindListener(1191)) - Jetty bound to port 45839
2019-09-28 00:07:21,074 [main] INFO  server.Server (Server.java:doStart(351)) - jetty-9.3.25.v20180904, build timestamp: 2018-09-04T21:11:46Z, git hash: 3ce520221d0240229c862b122d2b06c12a625732
2019-09-28 00:07:21,114 [main] INFO  handler.ContextHandler (ContextHandler.java:doStart(781)) - Started o.e.j.s.ServletContextHandler@d3957fe{/logs,file:///workdir/hadoop-ozone/integration-test/target/log,AVAILABLE}
2019-09-28 00:07:21,115 [main] INFO  handler.ContextHandler (ContextHandler.java:doStart(781)) - Started o.e.j.s.ServletContextHandler@299321e2{/static,file:///workdir/hadoop-ozone/integration-test/target/test-classes/webapps/static,AVAILABLE}
2019-09-28 00:07:21,149 [main] INFO  handler.ContextHandler (ContextHandler.java:doStart(781)) - Started o.e.j.w.WebAppContext@4152d38d{/,file:///workdir/hadoop-ozone/integration-test/target/test-classes/webapps/scm/,AVAILABLE}{/scm}
2019-09-28 00:07:21,155 [main] INFO  server.AbstractConnector (AbstractConnector.java:doStart(278)) - Started ServerConnector@db44aa2{HTTP/1.1,[http/1.1]}{0.0.0.0:45839}
2019-09-28 00:07:21,156 [main] INFO  server.Server (Server.java:doStart(419)) - Started @3133ms
2019-09-28 00:07:21,158 [main] INFO  impl.MetricsSinkAdapter (MetricsSinkAdapter.java:start(204)) - Sink prometheus started
2019-09-28 00:07:21,158 [main] INFO  impl.MetricsSystemImpl (MetricsSystemImpl.java:registerSink(301)) - Registered sink prometheus
2019-09-28 00:07:21,161 [main] INFO  server.BaseHttpServer (BaseHttpServer.java:updateConnectorAddress(215)) - HTTP server of SCM is listening at http://0.0.0.0:45839
2019-09-28 00:07:21,169 [org.apache.hadoop.util.JvmPauseMonitor$Monitor@544630b7] INFO  util.JvmPauseMonitor (JvmPauseMonitor.java:run(188)) - Starting JVM pause monitor
2019-09-28 00:07:21,173 [main] WARN  server.ServerUtils (ServerUtils.java:getDBPath(222)) - ozone.om.db.dirs is not configured. We recommend adding this setting. Falling back to ozone.metadata.dirs instead.
2019-09-28 00:07:21,332 [main] INFO  ha.OMHANodeDetails (OMHANodeDetails.java:loadOMHAConfig(190)) - Configuration either no ozone.om.address set. Falling back to the default OM address /127.0.0.1:0
2019-09-28 00:07:21,332 [main] INFO  ha.OMHANodeDetails (OMHANodeDetails.java:getOMNodeDetails(220)) - OM Service ID is not set. Setting it to the default ID: omServiceIdDefault
2019-09-28 00:07:21,333 [main] WARN  server.ServerUtils (ServerUtils.java:getDBPath(222)) - ozone.om.db.dirs is not configured. We recommend adding this setting. Falling back to ozone.metadata.dirs instead.
2019-09-28 00:07:21,334 [main] WARN  server.ServerUtils (ServerUtils.java:getDBPath(222)) - ozone.om.db.dirs is not configured. We recommend adding this setting. Falling back to ozone.metadata.dirs instead.
2019-09-28 00:07:22,106 [main] WARN  server.ServerUtils (ServerUtils.java:getDBPath(222)) - ozone.om.db.dirs is not configured. We recommend adding this setting. Falling back to ozone.metadata.dirs instead.
2019-09-28 00:07:22,114 [main] INFO  db.DBStoreBuilder (DBStoreBuilder.java:addTable(110)) - using custom profile for table: userTable
2019-09-28 00:07:22,115 [main] INFO  db.DBStoreBuilder (DBStoreBuilder.java:processTables(161)) - Using default column profile:DBProfile.DISK for Table:userTable
2019-09-28 00:07:22,115 [main] INFO  db.DBStoreBuilder (DBStoreBuilder.java:addTable(110)) - using custom profile for table: volumeTable
2019-09-28 00:07:22,115 [main] INFO  db.DBStoreBuilder (DBStoreBuilder.java:processTables(161)) - Using default column profile:DBProfile.DISK for Table:volumeTable
2019-09-28 00:07:22,115 [main] INFO  db.DBStoreBuilder (DBStoreBuilder.java:addTable(110)) - using custom profile for table: bucketTable
2019-09-28 00:07:22,116 [main] INFO  db.DBStoreBuilder (DBStoreBuilder.java:processTables(161)) - Using default column profile:DBProfile.DISK for Table:bucketTable
2019-09-28 00:07:22,116 [main] INFO  db.DBStoreBuilder (DBStoreBuilder.java:addTable(110)) - using custom profile for table: keyTable
2019-09-28 00:07:22,116 [main] INFO  db.DBStoreBuilder (DBStoreBuilder.java:processTables(161)) - Using default column profile:DBProfile.DISK for Table:keyTable
2019-09-28 00:07:22,116 [main] INFO  db.DBStoreBuilder (DBStoreBuilder.java:addTable(110)) - using custom profile for table: deletedTable
2019-09-28 00:07:22,117 [main] INFO  db.DBStoreBuilder (DBStoreBuilder.java:processTables(161)) - Using default column profile:DBProfile.DISK for Table:deletedTable
2019-09-28 00:07:22,117 [main] INFO  db.DBStoreBuilder (DBStoreBuilder.java:addTable(110)) - using custom profile for table: openKeyTable
2019-09-28 00:07:22,117 [main] INFO  db.DBStoreBuilder (DBStoreBuilder.java:processTables(161)) - Using default column profile:DBProfile.DISK for Table:openKeyTable
2019-09-28 00:07:22,117 [main] INFO  db.DBStoreBuilder (DBStoreBuilder.java:addTable(110)) - using custom profile for table: s3Table
2019-09-28 00:07:22,118 [main] INFO  db.DBStoreBuilder (DBStoreBuilder.java:processTables(161)) - Using default column profile:DBProfile.DISK for Table:s3Table
2019-09-28 00:07:22,118 [main] INFO  db.DBStoreBuilder (DBStoreBuilder.java:addTable(110)) - using custom profile for table: multipartInfoTable
2019-09-28 00:07:22,118 [main] INFO  db.DBStoreBuilder (DBStoreBuilder.java:processTables(161)) - Using default column profile:DBProfile.DISK for Table:multipartInfoTable
2019-09-28 00:07:22,118 [main] INFO  db.DBStoreBuilder (DBStoreBuilder.java:addTable(110)) - using custom profile for table: dTokenTable
2019-09-28 00:07:22,119 [main] INFO  db.DBStoreBuilder (DBStoreBuilder.java:processTables(161)) - Using default column profile:DBProfile.DISK for Table:dTokenTable
2019-09-28 00:07:22,119 [main] INFO  db.DBStoreBuilder (DBStoreBuilder.java:addTable(110)) - using custom profile for table: s3SecretTable
2019-09-28 00:07:22,119 [main] INFO  db.DBStoreBuilder (DBStoreBuilder.java:processTables(161)) - Using default column profile:DBProfile.DISK for Table:s3SecretTable
2019-09-28 00:07:22,119 [main] INFO  db.DBStoreBuilder (DBStoreBuilder.java:addTable(110)) - using custom profile for table: prefixTable
2019-09-28 00:07:22,120 [main] INFO  db.DBStoreBuilder (DBStoreBuilder.java:processTables(161)) - Using default column profile:DBProfile.DISK for Table:prefixTable
2019-09-28 00:07:22,120 [main] INFO  db.DBStoreBuilder (DBStoreBuilder.java:addTable(110)) - using custom profile for table: default
2019-09-28 00:07:22,120 [main] INFO  db.DBStoreBuilder (DBStoreBuilder.java:processTables(167)) - Using default column profile:DBProfile.DISK for Table:default
2019-09-28 00:07:22,120 [main] INFO  db.DBStoreBuilder (DBStoreBuilder.java:getDbProfile(198)) - Using default options. DBProfile.DISK
2019-09-28 00:07:22,909 [main] INFO  ipc.CallQueueManager (CallQueueManager.java:<init>(84)) - Using callQueue: class java.util.concurrent.LinkedBlockingQueue, queueCapacity: 2000, scheduler: class org.apache.hadoop.ipc.DefaultRpcScheduler, ipcBackoff: false.
2019-09-28 00:07:22,910 [Socket Reader #1 for port 37179] INFO  ipc.Server (Server.java:run(1074)) - Starting Socket Reader #1 for port 37179
2019-09-28 00:07:22,935 [main] INFO  om.OzoneManager (OzoneManager.java:start(1069)) - OzoneManager RPC server is listening at localhost/127.0.0.1:37179
2019-09-28 00:07:22,935 [main] INFO  impl.MetricsSystemImpl (MetricsSystemImpl.java:init(158)) - OzoneManager metrics system started (again)
2019-09-28 00:07:22,937 [IPC Server Responder] INFO  ipc.Server (Server.java:run(1314)) - IPC Server Responder: starting
2019-09-28 00:07:22,937 [IPC Server listener on 37179] INFO  ipc.Server (Server.java:run(1153)) - IPC Server listener on 37179: starting
2019-09-28 00:07:22,943 [main] INFO  hdfs.DFSUtil (DFSUtil.java:httpServerTemplateForNNAndJN(1641)) - Starting Web-server for ozoneManager at: http://0.0.0.0:0
2019-09-28 00:07:22,946 [main] INFO  server.AuthenticationFilter (AuthenticationFilter.java:constructSecretProvider(240)) - Unable to initialize FileSignerSecretProvider, falling back to use random secrets.
2019-09-28 00:07:22,947 [main] WARN  http.HttpRequestLog (HttpRequestLog.java:getRequestLog(97)) - Jetty request log can only be enabled using Log4j
2019-09-28 00:07:22,951 [main] INFO  http.HttpServer2 (HttpServer2.java:addGlobalFilter(975)) - Added global filter 'safety' (class=org.apache.hadoop.http.HttpServer2$QuotingInputFilter)
2019-09-28 00:07:22,952 [main] INFO  http.HttpServer2 (HttpServer2.java:addFilter(948)) - Added filter static_user_filter (class=org.apache.hadoop.http.lib.StaticUserWebFilter$StaticUserFilter) to context ozoneManager
2019-09-28 00:07:22,953 [main] INFO  http.HttpServer2 (HttpServer2.java:addFilter(958)) - Added filter static_user_filter (class=org.apache.hadoop.http.lib.StaticUserWebFilter$StaticUserFilter) to context static
2019-09-28 00:07:22,953 [main] INFO  http.HttpServer2 (HttpServer2.java:addFilter(958)) - Added filter static_user_filter (class=org.apache.hadoop.http.lib.StaticUserWebFilter$StaticUserFilter) to context logs
2019-09-28 00:07:22,956 [main] INFO  http.HttpServer2 (HttpServer2.java:bindListener(1191)) - Jetty bound to port 43464
2019-09-28 00:07:22,957 [main] INFO  server.Server (Server.java:doStart(351)) - jetty-9.3.25.v20180904, build timestamp: 2018-09-04T21:11:46Z, git hash: 3ce520221d0240229c862b122d2b06c12a625732
2019-09-28 00:07:22,960 [main] INFO  handler.ContextHandler (ContextHandler.java:doStart(781)) - Started o.e.j.s.ServletContextHandler@67dba613{/logs,file:///workdir/hadoop-ozone/integration-test/target/log,AVAILABLE}
2019-09-28 00:07:22,960 [main] INFO  handler.ContextHandler (ContextHandler.java:doStart(781)) - Started o.e.j.s.ServletContextHandler@5cf8edcf{/static,file:///workdir/hadoop-ozone/integration-test/target/test-classes/webapps/static,AVAILABLE}
2019-09-28 00:07:22,968 [main] INFO  handler.ContextHandler (ContextHandler.java:doStart(781)) - Started o.e.j.w.WebAppContext@22d1886d{/,file:///workdir/hadoop-ozone/integration-test/target/test-classes/webapps/ozoneManager/,AVAILABLE}{/ozoneManager}
2019-09-28 00:07:22,970 [main] INFO  server.AbstractConnector (AbstractConnector.java:doStart(278)) - Started ServerConnector@7df60067{HTTP/1.1,[http/1.1]}{0.0.0.0:43464}
2019-09-28 00:07:22,971 [main] INFO  server.Server (Server.java:doStart(419)) - Started @4948ms
2019-09-28 00:07:22,971 [main] WARN  impl.MetricsSystemImpl (MetricsSystemImpl.java:register(276)) - Sink prometheus already exists!
2019-09-28 00:07:22,972 [main] INFO  server.BaseHttpServer (BaseHttpServer.java:updateConnectorAddress(215)) - HTTP server of OZONEMANAGER is listening at http://0.0.0.0:43464
2019-09-28 00:07:23,313 [main] INFO  impl.MetricsSystemImpl (MetricsSystemImpl.java:init(158)) - HddsDatanode metrics system started (again)
2019-09-28 00:07:23,374 [main] INFO  ozone.HddsDatanodeService (HddsDatanodeService.java:start(184)) - HddsDatanodeService host:pr-hdds-2162-8g7kw-3348123894 ip:192.168.151.82
2019-09-28 00:07:23,409 [main] INFO  volume.HddsVolume (HddsVolume.java:<init>(176)) - Creating Volume: /workdir/hadoop-ozone/integration-test/target/test-dir/MiniOzoneClusterImpl-ef93a8f6-ca63-49dc-855c-e6172cde0611/datanode-0/data/containers/hdds of  storage type : DISK and capacity : 1482555576320
2019-09-28 00:07:23,410 [main] INFO  volume.VolumeSet (VolumeSet.java:initializeVolumeSet(170)) - Added Volume : /workdir/hadoop-ozone/integration-test/target/test-dir/MiniOzoneClusterImpl-ef93a8f6-ca63-49dc-855c-e6172cde0611/datanode-0/data/containers/hdds to VolumeSet
2019-09-28 00:07:23,413 [main] INFO  volume.ThrottledAsyncChecker (ThrottledAsyncChecker.java:schedule(139)) - Scheduling a check for org.apache.hadoop.ozone.container.common.volume.HddsVolume@290aeb20
2019-09-28 00:07:23,430 [main] INFO  volume.HddsVolumeChecker (HddsVolumeChecker.java:checkAllVolumes(202)) - Scheduled health check for volume org.apache.hadoop.ozone.container.common.volume.HddsVolume@290aeb20
2019-09-28 00:07:23,544 [main] INFO  impl.RaftServerProxy (ConfUtils.java:logGet(43)) - raft.rpc.type = GRPC (default)
2019-09-28 00:07:23,612 [main] INFO  grpc.GrpcFactory (GrpcFactory.java:checkPooledByteBufAllocatorUseCacheForAllThreads(45)) - PERFORMANCE WARNING: useCacheForAllThreads is true that may cause Netty to create a lot garbage objects and, as a result, trigger GC.
	It is recommended to disable useCacheForAllThreads by setting -Dorg.apache.ratis.thirdparty.io.netty.allocator.useCacheForAllThreads=false in command line.
2019-09-28 00:07:23,617 [main] INFO  grpc.GrpcConfigKeys$Server (ConfUtils.java:logGet(43)) - raft.grpc.server.port = 0 (default)
2019-09-28 00:07:23,618 [main] INFO  server.GrpcService (ConfUtils.java:logGet(43)) - raft.grpc.message.size.max = 33570816 (custom)
2019-09-28 00:07:23,620 [main] INFO  server.RaftServerConfigKeys (ConfUtils.java:logGet(43)) - raft.server.log.appender.buffer.byte-limit = 33554432 (custom)
2019-09-28 00:07:23,621 [main] INFO  server.GrpcService (ConfUtils.java:logGet(43)) - raft.grpc.flow.control.window = 1MB (=1048576) (default)
2019-09-28 00:07:23,621 [main] INFO  server.RaftServerConfigKeys (ConfUtils.java:logGet(43)) - raft.server.rpc.request.timeout = 3000ms (default)
2019-09-28 00:07:23,791 [main] INFO  server.RaftServerConfigKeys (ConfUtils.java:logGet(43)) - raft.server.storage.dir = [/workdir/hadoop-ozone/integration-test/target/test-dir/MiniOzoneClusterImpl-ef93a8f6-ca63-49dc-855c-e6172cde0611/datanode-0/data/ratis] (custom)
2019-09-28 00:07:23,846 [main] INFO  hdfs.DFSUtil (DFSUtil.java:httpServerTemplateForNNAndJN(1641)) - Starting Web-server for hddsDatanode at: http://0.0.0.0:0
2019-09-28 00:07:23,848 [main] INFO  server.AuthenticationFilter (AuthenticationFilter.java:constructSecretProvider(240)) - Unable to initialize FileSignerSecretProvider, falling back to use random secrets.
2019-09-28 00:07:23,849 [main] WARN  http.HttpRequestLog (HttpRequestLog.java:getRequestLog(97)) - Jetty request log can only be enabled using Log4j
2019-09-28 00:07:23,851 [main] INFO  http.HttpServer2 (HttpServer2.java:addGlobalFilter(975)) - Added global filter 'safety' (class=org.apache.hadoop.http.HttpServer2$QuotingInputFilter)
2019-09-28 00:07:23,851 [main] INFO  http.HttpServer2 (HttpServer2.java:addFilter(948)) - Added filter static_user_filter (class=org.apache.hadoop.http.lib.StaticUserWebFilter$StaticUserFilter) to context hddsDatanode
2019-09-28 00:07:23,851 [main] INFO  http.HttpServer2 (HttpServer2.java:addFilter(958)) - Added filter static_user_filter (class=org.apache.hadoop.http.lib.StaticUserWebFilter$StaticUserFilter) to context logs
2019-09-28 00:07:23,852 [main] INFO  http.HttpServer2 (HttpServer2.java:addFilter(958)) - Added filter static_user_filter (class=org.apache.hadoop.http.lib.StaticUserWebFilter$StaticUserFilter) to context static
2019-09-28 00:07:23,853 [main] INFO  http.HttpServer2 (HttpServer2.java:bindListener(1191)) - Jetty bound to port 38476
2019-09-28 00:07:23,853 [main] INFO  server.Server (Server.java:doStart(351)) - jetty-9.3.25.v20180904, build timestamp: 2018-09-04T21:11:46Z, git hash: 3ce520221d0240229c862b122d2b06c12a625732
2019-09-28 00:07:23,856 [main] INFO  handler.ContextHandler (ContextHandler.java:doStart(781)) - Started o.e.j.s.ServletContextHandler@43045f9f{/logs,file:///workdir/hadoop-ozone/integration-test/target/log,AVAILABLE}
2019-09-28 00:07:23,856 [main] INFO  handler.ContextHandler (ContextHandler.java:doStart(781)) - Started o.e.j.s.ServletContextHandler@6403e24c{/static,jar:file:/home/user/.m2/repository/org/apache/hadoop/hadoop-hdds-container-service/0.5.0-SNAPSHOT/hadoop-hdds-container-service-0.5.0-SNAPSHOT.jar!/webapps/static,AVAILABLE}
2019-09-28 00:07:23,891 [main] INFO  handler.ContextHandler (ContextHandler.java:doStart(781)) - Started o.e.j.w.WebAppContext@5df778c3{/,file:///tmp/jetty-0.0.0.0-38476-hddsDatanode-_-any-3260797232283231047.dir/webapp/,AVAILABLE}{/hddsDatanode}
2019-09-28 00:07:23,892 [main] INFO  server.AbstractConnector (AbstractConnector.java:doStart(278)) - Started ServerConnector@895416d{HTTP/1.1,[http/1.1]}{0.0.0.0:38476}
2019-09-28 00:07:23,892 [main] INFO  server.Server (Server.java:doStart(419)) - Started @5869ms
2019-09-28 00:07:23,893 [main] WARN  impl.MetricsSystemImpl (MetricsSystemImpl.java:register(276)) - Sink prometheus already exists!
2019-09-28 00:07:23,894 [main] INFO  server.BaseHttpServer (BaseHttpServer.java:updateConnectorAddress(215)) - HTTP server of HDDSDATANODE is listening at http://0.0.0.0:38476
2019-09-28 00:07:23,895 [main] INFO  impl.MetricsSystemImpl (MetricsSystemImpl.java:init(158)) - HddsDatanode metrics system started (again)
2019-09-28 00:07:23,897 [main] INFO  ozone.HddsDatanodeService (HddsDatanodeService.java:start(184)) - HddsDatanodeService host:pr-hdds-2162-8g7kw-3348123894 ip:192.168.151.82
2019-09-28 00:07:23,900 [org.apache.hadoop.util.JvmPauseMonitor$Monitor@3ecec7be] INFO  util.JvmPauseMonitor (JvmPauseMonitor.java:run(188)) - Starting JVM pause monitor
2019-09-28 00:07:23,905 [main] INFO  volume.HddsVolume (HddsVolume.java:<init>(176)) - Creating Volume: /workdir/hadoop-ozone/integration-test/target/test-dir/MiniOzoneClusterImpl-ef93a8f6-ca63-49dc-855c-e6172cde0611/datanode-1/data/containers/hdds of  storage type : DISK and capacity : 1482555576320
2019-09-28 00:07:23,912 [main] INFO  volume.VolumeSet (VolumeSet.java:initializeVolumeSet(170)) - Added Volume : /workdir/hadoop-ozone/integration-test/target/test-dir/MiniOzoneClusterImpl-ef93a8f6-ca63-49dc-855c-e6172cde0611/datanode-1/data/containers/hdds to VolumeSet
2019-09-28 00:07:23,912 [main] INFO  volume.ThrottledAsyncChecker (ThrottledAsyncChecker.java:schedule(139)) - Scheduling a check for org.apache.hadoop.ozone.container.common.volume.HddsVolume@22a6e998
2019-09-28 00:07:23,913 [main] INFO  volume.HddsVolumeChecker (HddsVolumeChecker.java:checkAllVolumes(202)) - Scheduled health check for volume org.apache.hadoop.ozone.container.common.volume.HddsVolume@22a6e998
2019-09-28 00:07:23,928 [main] INFO  impl.RaftServerProxy (ConfUtils.java:logGet(43)) - raft.rpc.type = GRPC (default)
2019-09-28 00:07:23,928 [main] INFO  grpc.GrpcFactory (GrpcFactory.java:checkPooledByteBufAllocatorUseCacheForAllThreads(45)) - PERFORMANCE WARNING: useCacheForAllThreads is true that may cause Netty to create a lot garbage objects and, as a result, trigger GC.
	It is recommended to disable useCacheForAllThreads by setting -Dorg.apache.ratis.thirdparty.io.netty.allocator.useCacheForAllThreads=false in command line.
2019-09-28 00:07:23,929 [main] INFO  grpc.GrpcConfigKeys$Server (ConfUtils.java:logGet(43)) - raft.grpc.server.port = 0 (default)
2019-09-28 00:07:23,929 [main] INFO  server.GrpcService (ConfUtils.java:logGet(43)) - raft.grpc.message.size.max = 33570816 (custom)
2019-09-28 00:07:23,929 [main] INFO  server.RaftServerConfigKeys (ConfUtils.java:logGet(43)) - raft.server.log.appender.buffer.byte-limit = 33554432 (custom)
2019-09-28 00:07:23,929 [main] INFO  server.GrpcService (ConfUtils.java:logGet(43)) - raft.grpc.flow.control.window = 1MB (=1048576) (default)
2019-09-28 00:07:23,929 [main] INFO  server.RaftServerConfigKeys (ConfUtils.java:logGet(43)) - raft.server.rpc.request.timeout = 3000ms (default)
2019-09-28 00:07:23,930 [main] INFO  server.RaftServerConfigKeys (ConfUtils.java:logGet(43)) - raft.server.storage.dir = [/workdir/hadoop-ozone/integration-test/target/test-dir/MiniOzoneClusterImpl-ef93a8f6-ca63-49dc-855c-e6172cde0611/datanode-1/data/ratis] (custom)
2019-09-28 00:07:23,932 [main] INFO  hdfs.DFSUtil (DFSUtil.java:httpServerTemplateForNNAndJN(1641)) - Starting Web-server for hddsDatanode at: http://0.0.0.0:0
2019-09-28 00:07:23,933 [main] INFO  server.AuthenticationFilter (AuthenticationFilter.java:constructSecretProvider(240)) - Unable to initialize FileSignerSecretProvider, falling back to use random secrets.
2019-09-28 00:07:23,934 [main] WARN  http.HttpRequestLog (HttpRequestLog.java:getRequestLog(97)) - Jetty request log can only be enabled using Log4j
2019-09-28 00:07:23,936 [main] INFO  http.HttpServer2 (HttpServer2.java:addGlobalFilter(975)) - Added global filter 'safety' (class=org.apache.hadoop.http.HttpServer2$QuotingInputFilter)
2019-09-28 00:07:23,936 [main] INFO  http.HttpServer2 (HttpServer2.java:addFilter(948)) - Added filter static_user_filter (class=org.apache.hadoop.http.lib.StaticUserWebFilter$StaticUserFilter) to context hddsDatanode
2019-09-28 00:07:23,937 [main] INFO  http.HttpServer2 (HttpServer2.java:addFilter(958)) - Added filter static_user_filter (class=org.apache.hadoop.http.lib.StaticUserWebFilter$StaticUserFilter) to context logs
2019-09-28 00:07:23,937 [main] INFO  http.HttpServer2 (HttpServer2.java:addFilter(958)) - Added filter static_user_filter (class=org.apache.hadoop.http.lib.StaticUserWebFilter$StaticUserFilter) to context static
2019-09-28 00:07:23,938 [main] INFO  http.HttpServer2 (HttpServer2.java:bindListener(1191)) - Jetty bound to port 42490
2019-09-28 00:07:23,938 [main] INFO  server.Server (Server.java:doStart(351)) - jetty-9.3.25.v20180904, build timestamp: 2018-09-04T21:11:46Z, git hash: 3ce520221d0240229c862b122d2b06c12a625732
2019-09-28 00:07:23,941 [main] INFO  handler.ContextHandler (ContextHandler.java:doStart(781)) - Started o.e.j.s.ServletContextHandler@a9f023e{/logs,file:///workdir/hadoop-ozone/integration-test/target/log,AVAILABLE}
2019-09-28 00:07:23,942 [main] INFO  handler.ContextHandler (ContextHandler.java:doStart(781)) - Started o.e.j.s.ServletContextHandler@4b200971{/static,jar:file:/home/user/.m2/repository/org/apache/hadoop/hadoop-hdds-container-service/0.5.0-SNAPSHOT/hadoop-hdds-container-service-0.5.0-SNAPSHOT.jar!/webapps/static,AVAILABLE}
2019-09-28 00:07:23,971 [main] INFO  handler.ContextHandler (ContextHandler.java:doStart(781)) - Started o.e.j.w.WebAppContext@337bbfdf{/,file:///tmp/jetty-0.0.0.0-42490-hddsDatanode-_-any-4870341500705816529.dir/webapp/,AVAILABLE}{/hddsDatanode}
2019-09-28 00:07:23,972 [main] INFO  server.AbstractConnector (AbstractConnector.java:doStart(278)) - Started ServerConnector@52d97ab6{HTTP/1.1,[http/1.1]}{0.0.0.0:42490}
2019-09-28 00:07:23,972 [main] INFO  server.Server (Server.java:doStart(419)) - Started @5949ms
2019-09-28 00:07:23,973 [main] WARN  impl.MetricsSystemImpl (MetricsSystemImpl.java:register(276)) - Sink prometheus already exists!
2019-09-28 00:07:23,974 [main] INFO  server.BaseHttpServer (BaseHttpServer.java:updateConnectorAddress(215)) - HTTP server of HDDSDATANODE is listening at http://0.0.0.0:42490
2019-09-28 00:07:23,974 [main] INFO  impl.MetricsSystemImpl (MetricsSystemImpl.java:init(158)) - HddsDatanode metrics system started (again)
2019-09-28 00:07:23,977 [main] INFO  ozone.HddsDatanodeService (HddsDatanodeService.java:start(184)) - HddsDatanodeService host:pr-hdds-2162-8g7kw-3348123894 ip:192.168.151.82
2019-09-28 00:07:23,977 [org.apache.hadoop.util.JvmPauseMonitor$Monitor@5fdbf342] INFO  util.JvmPauseMonitor (JvmPauseMonitor.java:run(188)) - Starting JVM pause monitor
2019-09-28 00:07:23,984 [main] INFO  volume.HddsVolume (HddsVolume.java:<init>(176)) - Creating Volume: /workdir/hadoop-ozone/integration-test/target/test-dir/MiniOzoneClusterImpl-ef93a8f6-ca63-49dc-855c-e6172cde0611/datanode-2/data/containers/hdds of  storage type : DISK and capacity : 1482555576320
2019-09-28 00:07:23,985 [main] INFO  volume.VolumeSet (VolumeSet.java:initializeVolumeSet(170)) - Added Volume : /workdir/hadoop-ozone/integration-test/target/test-dir/MiniOzoneClusterImpl-ef93a8f6-ca63-49dc-855c-e6172cde0611/datanode-2/data/containers/hdds to VolumeSet
2019-09-28 00:07:23,986 [main] INFO  volume.ThrottledAsyncChecker (ThrottledAsyncChecker.java:schedule(139)) - Scheduling a check for org.apache.hadoop.ozone.container.common.volume.HddsVolume@50850539
2019-09-28 00:07:23,986 [main] INFO  volume.HddsVolumeChecker (HddsVolumeChecker.java:checkAllVolumes(202)) - Scheduled health check for volume org.apache.hadoop.ozone.container.common.volume.HddsVolume@50850539
2019-09-28 00:07:24,000 [main] INFO  impl.RaftServerProxy (ConfUtils.java:logGet(43)) - raft.rpc.type = GRPC (default)
2019-09-28 00:07:24,000 [main] INFO  grpc.GrpcFactory (GrpcFactory.java:checkPooledByteBufAllocatorUseCacheForAllThreads(45)) - PERFORMANCE WARNING: useCacheForAllThreads is true that may cause Netty to create a lot garbage objects and, as a result, trigger GC.
	It is recommended to disable useCacheForAllThreads by setting -Dorg.apache.ratis.thirdparty.io.netty.allocator.useCacheForAllThreads=false in command line.
2019-09-28 00:07:24,000 [main] INFO  grpc.GrpcConfigKeys$Server (ConfUtils.java:logGet(43)) - raft.grpc.server.port = 0 (default)
2019-09-28 00:07:24,001 [main] INFO  server.GrpcService (ConfUtils.java:logGet(43)) - raft.grpc.message.size.max = 33570816 (custom)
2019-09-28 00:07:24,001 [main] INFO  server.RaftServerConfigKeys (ConfUtils.java:logGet(43)) - raft.server.log.appender.buffer.byte-limit = 33554432 (custom)
2019-09-28 00:07:24,001 [main] INFO  server.GrpcService (ConfUtils.java:logGet(43)) - raft.grpc.flow.control.window = 1MB (=1048576) (default)
2019-09-28 00:07:24,001 [main] INFO  server.RaftServerConfigKeys (ConfUtils.java:logGet(43)) - raft.server.rpc.request.timeout = 3000ms (default)
2019-09-28 00:07:24,002 [main] INFO  server.RaftServerConfigKeys (ConfUtils.java:logGet(43)) - raft.server.storage.dir = [/workdir/hadoop-ozone/integration-test/target/test-dir/MiniOzoneClusterImpl-ef93a8f6-ca63-49dc-855c-e6172cde0611/datanode-2/data/ratis] (custom)
2019-09-28 00:07:24,004 [main] INFO  hdfs.DFSUtil (DFSUtil.java:httpServerTemplateForNNAndJN(1641)) - Starting Web-server for hddsDatanode at: http://0.0.0.0:0
2019-09-28 00:07:24,005 [main] INFO  server.AuthenticationFilter (AuthenticationFilter.java:constructSecretProvider(240)) - Unable to initialize FileSignerSecretProvider, falling back to use random secrets.
2019-09-28 00:07:24,006 [main] WARN  http.HttpRequestLog (HttpRequestLog.java:getRequestLog(97)) - Jetty request log can only be enabled using Log4j
2019-09-28 00:07:24,007 [main] INFO  http.HttpServer2 (HttpServer2.java:addGlobalFilter(975)) - Added global filter 'safety' (class=org.apache.hadoop.http.HttpServer2$QuotingInputFilter)
2019-09-28 00:07:24,008 [main] INFO  http.HttpServer2 (HttpServer2.java:addFilter(948)) - Added filter static_user_filter (class=org.apache.hadoop.http.lib.StaticUserWebFilter$StaticUserFilter) to context hddsDatanode
2019-09-28 00:07:24,008 [main] INFO  http.HttpServer2 (HttpServer2.java:addFilter(958)) - Added filter static_user_filter (class=org.apache.hadoop.http.lib.StaticUserWebFilter$StaticUserFilter) to context logs
2019-09-28 00:07:24,008 [main] INFO  http.HttpServer2 (HttpServer2.java:addFilter(958)) - Added filter static_user_filter (class=org.apache.hadoop.http.lib.StaticUserWebFilter$StaticUserFilter) to context static
2019-09-28 00:07:24,009 [main] INFO  http.HttpServer2 (HttpServer2.java:bindListener(1191)) - Jetty bound to port 46434
2019-09-28 00:07:24,010 [main] INFO  server.Server (Server.java:doStart(351)) - jetty-9.3.25.v20180904, build timestamp: 2018-09-04T21:11:46Z, git hash: 3ce520221d0240229c862b122d2b06c12a625732
2019-09-28 00:07:24,012 [main] INFO  handler.ContextHandler (ContextHandler.java:doStart(781)) - Started o.e.j.s.ServletContextHandler@726aa968{/logs,file:///workdir/hadoop-ozone/integration-test/target/log,AVAILABLE}
2019-09-28 00:07:24,012 [main] INFO  handler.ContextHandler (ContextHandler.java:doStart(781)) - Started o.e.j.s.ServletContextHandler@712cfb63{/static,jar:file:/home/user/.m2/repository/org/apache/hadoop/hadoop-hdds-container-service/0.5.0-SNAPSHOT/hadoop-hdds-container-service-0.5.0-SNAPSHOT.jar!/webapps/static,AVAILABLE}
2019-09-28 00:07:24,014 [Datanode State Machine Thread - 0] INFO  datanode.InitDatanodeState (InitDatanodeState.java:persistContainerDatanodeDetails(140)) - DatanodeDetails is persisted to /workdir/hadoop-ozone/integration-test/target/test-dir/MiniOzoneClusterImpl-ef93a8f6-ca63-49dc-855c-e6172cde0611/datanode-0/meta/datanode.id
2019-09-28 00:07:24,018 [Datanode State Machine Thread - 0] INFO  datanode.InitDatanodeState (InitDatanodeState.java:persistContainerDatanodeDetails(140)) - DatanodeDetails is persisted to /workdir/hadoop-ozone/integration-test/target/test-dir/MiniOzoneClusterImpl-ef93a8f6-ca63-49dc-855c-e6172cde0611/datanode-1/meta/datanode.id
2019-09-28 00:07:24,039 [main] INFO  handler.ContextHandler (ContextHandler.java:doStart(781)) - Started o.e.j.w.WebAppContext@7ecec90d{/,file:///tmp/jetty-0.0.0.0-46434-hddsDatanode-_-any-3483220299865011015.dir/webapp/,AVAILABLE}{/hddsDatanode}
2019-09-28 00:07:24,039 [main] INFO  server.AbstractConnector (AbstractConnector.java:doStart(278)) - Started ServerConnector@588f63c{HTTP/1.1,[http/1.1]}{0.0.0.0:46434}
2019-09-28 00:07:24,040 [main] INFO  server.Server (Server.java:doStart(419)) - Started @6017ms
2019-09-28 00:07:24,040 [main] WARN  impl.MetricsSystemImpl (MetricsSystemImpl.java:register(276)) - Sink prometheus already exists!
2019-09-28 00:07:24,041 [main] INFO  server.BaseHttpServer (BaseHttpServer.java:updateConnectorAddress(215)) - HTTP server of HDDSDATANODE is listening at http://0.0.0.0:46434
2019-09-28 00:07:24,041 [main] INFO  impl.MetricsSystemImpl (MetricsSystemImpl.java:init(158)) - HddsDatanode metrics system started (again)
2019-09-28 00:07:24,044 [main] INFO  ozone.HddsDatanodeService (HddsDatanodeService.java:start(184)) - HddsDatanodeService host:pr-hdds-2162-8g7kw-3348123894 ip:192.168.151.82
2019-09-28 00:07:24,044 [org.apache.hadoop.util.JvmPauseMonitor$Monitor@32e83abb] INFO  util.JvmPauseMonitor (JvmPauseMonitor.java:run(188)) - Starting JVM pause monitor
2019-09-28 00:07:24,048 [Datanode State Machine Thread - 0] INFO  datanode.InitDatanodeState (InitDatanodeState.java:persistContainerDatanodeDetails(140)) - DatanodeDetails is persisted to /workdir/hadoop-ozone/integration-test/target/test-dir/MiniOzoneClusterImpl-ef93a8f6-ca63-49dc-855c-e6172cde0611/datanode-2/meta/datanode.id
2019-09-28 00:07:24,050 [main] INFO  volume.HddsVolume (HddsVolume.java:<init>(176)) - Creating Volume: /workdir/hadoop-ozone/integration-test/target/test-dir/MiniOzoneClusterImpl-ef93a8f6-ca63-49dc-855c-e6172cde0611/datanode-3/data/containers/hdds of  storage type : DISK and capacity : 1482555576320
2019-09-28 00:07:24,051 [main] INFO  volume.VolumeSet (VolumeSet.java:initializeVolumeSet(170)) - Added Volume : /workdir/hadoop-ozone/integration-test/target/test-dir/MiniOzoneClusterImpl-ef93a8f6-ca63-49dc-855c-e6172cde0611/datanode-3/data/containers/hdds to VolumeSet
2019-09-28 00:07:24,052 [main] INFO  volume.ThrottledAsyncChecker (ThrottledAsyncChecker.java:schedule(139)) - Scheduling a check for org.apache.hadoop.ozone.container.common.volume.HddsVolume@37df14d1
2019-09-28 00:07:24,052 [main] INFO  volume.HddsVolumeChecker (HddsVolumeChecker.java:checkAllVolumes(202)) - Scheduled health check for volume org.apache.hadoop.ozone.container.common.volume.HddsVolume@37df14d1
2019-09-28 00:07:24,063 [main] INFO  impl.RaftServerProxy (ConfUtils.java:logGet(43)) - raft.rpc.type = GRPC (default)
2019-09-28 00:07:24,064 [main] INFO  grpc.GrpcFactory (GrpcFactory.java:checkPooledByteBufAllocatorUseCacheForAllThreads(45)) - PERFORMANCE WARNING: useCacheForAllThreads is true that may cause Netty to create a lot garbage objects and, as a result, trigger GC.
	It is recommended to disable useCacheForAllThreads by setting -Dorg.apache.ratis.thirdparty.io.netty.allocator.useCacheForAllThreads=false in command line.
2019-09-28 00:07:24,064 [main] INFO  grpc.GrpcConfigKeys$Server (ConfUtils.java:logGet(43)) - raft.grpc.server.port = 0 (default)
2019-09-28 00:07:24,064 [main] INFO  server.GrpcService (ConfUtils.java:logGet(43)) - raft.grpc.message.size.max = 33570816 (custom)
2019-09-28 00:07:24,064 [main] INFO  server.RaftServerConfigKeys (ConfUtils.java:logGet(43)) - raft.server.log.appender.buffer.byte-limit = 33554432 (custom)
2019-09-28 00:07:24,064 [main] INFO  server.GrpcService (ConfUtils.java:logGet(43)) - raft.grpc.flow.control.window = 1MB (=1048576) (default)
2019-09-28 00:07:24,065 [main] INFO  server.RaftServerConfigKeys (ConfUtils.java:logGet(43)) - raft.server.rpc.request.timeout = 3000ms (default)
2019-09-28 00:07:24,065 [main] INFO  server.RaftServerConfigKeys (ConfUtils.java:logGet(43)) - raft.server.storage.dir = [/workdir/hadoop-ozone/integration-test/target/test-dir/MiniOzoneClusterImpl-ef93a8f6-ca63-49dc-855c-e6172cde0611/datanode-3/data/ratis] (custom)
2019-09-28 00:07:24,066 [main] INFO  hdfs.DFSUtil (DFSUtil.java:httpServerTemplateForNNAndJN(1641)) - Starting Web-server for hddsDatanode at: http://0.0.0.0:0
2019-09-28 00:07:24,067 [main] INFO  server.AuthenticationFilter (AuthenticationFilter.java:constructSecretProvider(240)) - Unable to initialize FileSignerSecretProvider, falling back to use random secrets.
2019-09-28 00:07:24,068 [main] WARN  http.HttpRequestLog (HttpRequestLog.java:getRequestLog(97)) - Jetty request log can only be enabled using Log4j
2019-09-28 00:07:24,069 [main] INFO  http.HttpServer2 (HttpServer2.java:addGlobalFilter(975)) - Added global filter 'safety' (class=org.apache.hadoop.http.HttpServer2$QuotingInputFilter)
2019-09-28 00:07:24,069 [main] INFO  http.HttpServer2 (HttpServer2.java:addFilter(948)) - Added filter static_user_filter (class=org.apache.hadoop.http.lib.StaticUserWebFilter$StaticUserFilter) to context hddsDatanode
2019-09-28 00:07:24,070 [main] INFO  http.HttpServer2 (HttpServer2.java:addFilter(958)) - Added filter static_user_filter (class=org.apache.hadoop.http.lib.StaticUserWebFilter$StaticUserFilter) to context logs
2019-09-28 00:07:24,070 [main] INFO  http.HttpServer2 (HttpServer2.java:addFilter(958)) - Added filter static_user_filter (class=org.apache.hadoop.http.lib.StaticUserWebFilter$StaticUserFilter) to context static
2019-09-28 00:07:24,070 [main] INFO  http.HttpServer2 (HttpServer2.java:bindListener(1191)) - Jetty bound to port 35439
2019-09-28 00:07:24,070 [main] INFO  server.Server (Server.java:doStart(351)) - jetty-9.3.25.v20180904, build timestamp: 2018-09-04T21:11:46Z, git hash: 3ce520221d0240229c862b122d2b06c12a625732
2019-09-28 00:07:24,073 [main] INFO  handler.ContextHandler (ContextHandler.java:doStart(781)) - Started o.e.j.s.ServletContextHandler@1305c126{/logs,file:///workdir/hadoop-ozone/integration-test/target/log,AVAILABLE}
2019-09-28 00:07:24,074 [main] INFO  handler.ContextHandler (ContextHandler.java:doStart(781)) - Started o.e.j.s.ServletContextHandler@4c1bdcc2{/static,jar:file:/home/user/.m2/repository/org/apache/hadoop/hadoop-hdds-container-service/0.5.0-SNAPSHOT/hadoop-hdds-container-service-0.5.0-SNAPSHOT.jar!/webapps/static,AVAILABLE}
2019-09-28 00:07:24,096 [main] INFO  handler.ContextHandler (ContextHandler.java:doStart(781)) - Started o.e.j.w.WebAppContext@56dfab87{/,file:///tmp/jetty-0.0.0.0-35439-hddsDatanode-_-any-7502698980819946200.dir/webapp/,AVAILABLE}{/hddsDatanode}
2019-09-28 00:07:24,097 [main] INFO  server.AbstractConnector (AbstractConnector.java:doStart(278)) - Started ServerConnector@715b886f{HTTP/1.1,[http/1.1]}{0.0.0.0:35439}
2019-09-28 00:07:24,097 [main] INFO  server.Server (Server.java:doStart(419)) - Started @6074ms
2019-09-28 00:07:24,098 [main] WARN  impl.MetricsSystemImpl (MetricsSystemImpl.java:register(276)) - Sink prometheus already exists!
2019-09-28 00:07:24,099 [main] INFO  server.BaseHttpServer (BaseHttpServer.java:updateConnectorAddress(215)) - HTTP server of HDDSDATANODE is listening at http://0.0.0.0:35439
2019-09-28 00:07:24,099 [main] INFO  impl.MetricsSystemImpl (MetricsSystemImpl.java:init(158)) - HddsDatanode metrics system started (again)
2019-09-28 00:07:24,101 [main] INFO  ozone.HddsDatanodeService (HddsDatanodeService.java:start(184)) - HddsDatanodeService host:pr-hdds-2162-8g7kw-3348123894 ip:192.168.151.82
2019-09-28 00:07:24,101 [org.apache.hadoop.util.JvmPauseMonitor$Monitor@4b257724] INFO  util.JvmPauseMonitor (JvmPauseMonitor.java:run(188)) - Starting JVM pause monitor
2019-09-28 00:07:24,104 [Datanode State Machine Thread - 0] INFO  datanode.InitDatanodeState (InitDatanodeState.java:persistContainerDatanodeDetails(140)) - DatanodeDetails is persisted to /workdir/hadoop-ozone/integration-test/target/test-dir/MiniOzoneClusterImpl-ef93a8f6-ca63-49dc-855c-e6172cde0611/datanode-3/meta/datanode.id
2019-09-28 00:07:24,109 [main] INFO  volume.HddsVolume (HddsVolume.java:<init>(176)) - Creating Volume: /workdir/hadoop-ozone/integration-test/target/test-dir/MiniOzoneClusterImpl-ef93a8f6-ca63-49dc-855c-e6172cde0611/datanode-4/data/containers/hdds of  storage type : DISK and capacity : 1482555576320
2019-09-28 00:07:24,109 [main] INFO  volume.VolumeSet (VolumeSet.java:initializeVolumeSet(170)) - Added Volume : /workdir/hadoop-ozone/integration-test/target/test-dir/MiniOzoneClusterImpl-ef93a8f6-ca63-49dc-855c-e6172cde0611/datanode-4/data/containers/hdds to VolumeSet
2019-09-28 00:07:24,109 [main] INFO  volume.ThrottledAsyncChecker (ThrottledAsyncChecker.java:schedule(139)) - Scheduling a check for org.apache.hadoop.ozone.container.common.volume.HddsVolume@39a87e72
2019-09-28 00:07:24,110 [main] INFO  volume.HddsVolumeChecker (HddsVolumeChecker.java:checkAllVolumes(202)) - Scheduled health check for volume org.apache.hadoop.ozone.container.common.volume.HddsVolume@39a87e72
2019-09-28 00:07:24,121 [main] INFO  impl.RaftServerProxy (ConfUtils.java:logGet(43)) - raft.rpc.type = GRPC (default)
2019-09-28 00:07:24,122 [main] INFO  grpc.GrpcFactory (GrpcFactory.java:checkPooledByteBufAllocatorUseCacheForAllThreads(45)) - PERFORMANCE WARNING: useCacheForAllThreads is true that may cause Netty to create a lot garbage objects and, as a result, trigger GC.
	It is recommended to disable useCacheForAllThreads by setting -Dorg.apache.ratis.thirdparty.io.netty.allocator.useCacheForAllThreads=false in command line.
2019-09-28 00:07:24,122 [main] INFO  grpc.GrpcConfigKeys$Server (ConfUtils.java:logGet(43)) - raft.grpc.server.port = 0 (default)
2019-09-28 00:07:24,122 [main] INFO  server.GrpcService (ConfUtils.java:logGet(43)) - raft.grpc.message.size.max = 33570816 (custom)
2019-09-28 00:07:24,122 [main] INFO  server.RaftServerConfigKeys (ConfUtils.java:logGet(43)) - raft.server.log.appender.buffer.byte-limit = 33554432 (custom)
2019-09-28 00:07:24,122 [main] INFO  server.GrpcService (ConfUtils.java:logGet(43)) - raft.grpc.flow.control.window = 1MB (=1048576) (default)
2019-09-28 00:07:24,122 [main] INFO  server.RaftServerConfigKeys (ConfUtils.java:logGet(43)) - raft.server.rpc.request.timeout = 3000ms (default)
2019-09-28 00:07:24,123 [main] INFO  server.RaftServerConfigKeys (ConfUtils.java:logGet(43)) - raft.server.storage.dir = [/workdir/hadoop-ozone/integration-test/target/test-dir/MiniOzoneClusterImpl-ef93a8f6-ca63-49dc-855c-e6172cde0611/datanode-4/data/ratis] (custom)
2019-09-28 00:07:24,124 [main] INFO  hdfs.DFSUtil (DFSUtil.java:httpServerTemplateForNNAndJN(1641)) - Starting Web-server for hddsDatanode at: http://0.0.0.0:0
2019-09-28 00:07:24,125 [main] INFO  server.AuthenticationFilter (AuthenticationFilter.java:constructSecretProvider(240)) - Unable to initialize FileSignerSecretProvider, falling back to use random secrets.
2019-09-28 00:07:24,126 [main] WARN  http.HttpRequestLog (HttpRequestLog.java:getRequestLog(97)) - Jetty request log can only be enabled using Log4j
2019-09-28 00:07:24,127 [main] INFO  http.HttpServer2 (HttpServer2.java:addGlobalFilter(975)) - Added global filter 'safety' (class=org.apache.hadoop.http.HttpServer2$QuotingInputFilter)
2019-09-28 00:07:24,127 [main] INFO  http.HttpServer2 (HttpServer2.java:addFilter(948)) - Added filter static_user_filter (class=org.apache.hadoop.http.lib.StaticUserWebFilter$StaticUserFilter) to context hddsDatanode
2019-09-28 00:07:24,128 [main] INFO  http.HttpServer2 (HttpServer2.java:addFilter(958)) - Added filter static_user_filter (class=org.apache.hadoop.http.lib.StaticUserWebFilter$StaticUserFilter) to context logs
2019-09-28 00:07:24,128 [main] INFO  http.HttpServer2 (HttpServer2.java:addFilter(958)) - Added filter static_user_filter (class=org.apache.hadoop.http.lib.StaticUserWebFilter$StaticUserFilter) to context static
2019-09-28 00:07:24,128 [main] INFO  http.HttpServer2 (HttpServer2.java:bindListener(1191)) - Jetty bound to port 33942
2019-09-28 00:07:24,129 [main] INFO  server.Server (Server.java:doStart(351)) - jetty-9.3.25.v20180904, build timestamp: 2018-09-04T21:11:46Z, git hash: 3ce520221d0240229c862b122d2b06c12a625732
2019-09-28 00:07:24,130 [main] INFO  handler.ContextHandler (ContextHandler.java:doStart(781)) - Started o.e.j.s.ServletContextHandler@1457fde{/logs,file:///workdir/hadoop-ozone/integration-test/target/log,AVAILABLE}
2019-09-28 00:07:24,131 [main] INFO  handler.ContextHandler (ContextHandler.java:doStart(781)) - Started o.e.j.s.ServletContextHandler@17fa1336{/static,jar:file:/home/user/.m2/repository/org/apache/hadoop/hadoop-hdds-container-service/0.5.0-SNAPSHOT/hadoop-hdds-container-service-0.5.0-SNAPSHOT.jar!/webapps/static,AVAILABLE}
2019-09-28 00:07:24,155 [main] INFO  handler.ContextHandler (ContextHandler.java:doStart(781)) - Started o.e.j.w.WebAppContext@934b52f{/,file:///tmp/jetty-0.0.0.0-33942-hddsDatanode-_-any-5766909883348611274.dir/webapp/,AVAILABLE}{/hddsDatanode}
2019-09-28 00:07:24,155 [main] INFO  server.AbstractConnector (AbstractConnector.java:doStart(278)) - Started ServerConnector@2630dbc4{HTTP/1.1,[http/1.1]}{0.0.0.0:33942}
2019-09-28 00:07:24,156 [main] INFO  server.Server (Server.java:doStart(419)) - Started @6133ms
2019-09-28 00:07:24,156 [main] WARN  impl.MetricsSystemImpl (MetricsSystemImpl.java:register(276)) - Sink prometheus already exists!
2019-09-28 00:07:24,157 [main] INFO  server.BaseHttpServer (BaseHttpServer.java:updateConnectorAddress(215)) - HTTP server of HDDSDATANODE is listening at http://0.0.0.0:33942
2019-09-28 00:07:24,157 [main] INFO  impl.MetricsSystemImpl (MetricsSystemImpl.java:init(158)) - HddsDatanode metrics system started (again)
2019-09-28 00:07:24,160 [main] INFO  ozone.HddsDatanodeService (HddsDatanodeService.java:start(184)) - HddsDatanodeService host:pr-hdds-2162-8g7kw-3348123894 ip:192.168.151.82
2019-09-28 00:07:24,161 [org.apache.hadoop.util.JvmPauseMonitor$Monitor@1f307590] INFO  util.JvmPauseMonitor (JvmPauseMonitor.java:run(188)) - Starting JVM pause monitor
2019-09-28 00:07:24,164 [Datanode State Machine Thread - 0] INFO  datanode.InitDatanodeState (InitDatanodeState.java:persistContainerDatanodeDetails(140)) - DatanodeDetails is persisted to /workdir/hadoop-ozone/integration-test/target/test-dir/MiniOzoneClusterImpl-ef93a8f6-ca63-49dc-855c-e6172cde0611/datanode-4/meta/datanode.id
2019-09-28 00:07:24,169 [main] INFO  volume.HddsVolume (HddsVolume.java:<init>(176)) - Creating Volume: /workdir/hadoop-ozone/integration-test/target/test-dir/MiniOzoneClusterImpl-ef93a8f6-ca63-49dc-855c-e6172cde0611/datanode-5/data/containers/hdds of  storage type : DISK and capacity : 1482555576320
2019-09-28 00:07:24,169 [main] INFO  volume.VolumeSet (VolumeSet.java:initializeVolumeSet(170)) - Added Volume : /workdir/hadoop-ozone/integration-test/target/test-dir/MiniOzoneClusterImpl-ef93a8f6-ca63-49dc-855c-e6172cde0611/datanode-5/data/containers/hdds to VolumeSet
2019-09-28 00:07:24,169 [main] INFO  volume.ThrottledAsyncChecker (ThrottledAsyncChecker.java:schedule(139)) - Scheduling a check for org.apache.hadoop.ozone.container.common.volume.HddsVolume@2f5b8250
2019-09-28 00:07:24,170 [main] INFO  volume.HddsVolumeChecker (HddsVolumeChecker.java:checkAllVolumes(202)) - Scheduled health check for volume org.apache.hadoop.ozone.container.common.volume.HddsVolume@2f5b8250
2019-09-28 00:07:24,189 [main] INFO  impl.RaftServerProxy (ConfUtils.java:logGet(43)) - raft.rpc.type = GRPC (default)
2019-09-28 00:07:24,190 [main] INFO  grpc.GrpcFactory (GrpcFactory.java:checkPooledByteBufAllocatorUseCacheForAllThreads(45)) - PERFORMANCE WARNING: useCacheForAllThreads is true that may cause Netty to create a lot garbage objects and, as a result, trigger GC.
	It is recommended to disable useCacheForAllThreads by setting -Dorg.apache.ratis.thirdparty.io.netty.allocator.useCacheForAllThreads=false in command line.
2019-09-28 00:07:24,190 [main] INFO  grpc.GrpcConfigKeys$Server (ConfUtils.java:logGet(43)) - raft.grpc.server.port = 0 (default)
2019-09-28 00:07:24,190 [main] INFO  server.GrpcService (ConfUtils.java:logGet(43)) - raft.grpc.message.size.max = 33570816 (custom)
2019-09-28 00:07:24,190 [main] INFO  server.RaftServerConfigKeys (ConfUtils.java:logGet(43)) - raft.server.log.appender.buffer.byte-limit = 33554432 (custom)
2019-09-28 00:07:24,190 [main] INFO  server.GrpcService (ConfUtils.java:logGet(43)) - raft.grpc.flow.control.window = 1MB (=1048576) (default)
2019-09-28 00:07:24,191 [main] INFO  server.RaftServerConfigKeys (ConfUtils.java:logGet(43)) - raft.server.rpc.request.timeout = 3000ms (default)
2019-09-28 00:07:24,191 [main] INFO  server.RaftServerConfigKeys (ConfUtils.java:logGet(43)) - raft.server.storage.dir = [/workdir/hadoop-ozone/integration-test/target/test-dir/MiniOzoneClusterImpl-ef93a8f6-ca63-49dc-855c-e6172cde0611/datanode-5/data/ratis] (custom)
2019-09-28 00:07:24,193 [main] INFO  hdfs.DFSUtil (DFSUtil.java:httpServerTemplateForNNAndJN(1641)) - Starting Web-server for hddsDatanode at: http://0.0.0.0:0
2019-09-28 00:07:24,194 [main] INFO  server.AuthenticationFilter (AuthenticationFilter.java:constructSecretProvider(240)) - Unable to initialize FileSignerSecretProvider, falling back to use random secrets.
2019-09-28 00:07:24,195 [main] WARN  http.HttpRequestLog (HttpRequestLog.java:getRequestLog(97)) - Jetty request log can only be enabled using Log4j
2019-09-28 00:07:24,196 [main] INFO  http.HttpServer2 (HttpServer2.java:addGlobalFilter(975)) - Added global filter 'safety' (class=org.apache.hadoop.http.HttpServer2$QuotingInputFilter)
2019-09-28 00:07:24,197 [main] INFO  http.HttpServer2 (HttpServer2.java:addFilter(948)) - Added filter static_user_filter (class=org.apache.hadoop.http.lib.StaticUserWebFilter$StaticUserFilter) to context hddsDatanode
2019-09-28 00:07:24,197 [main] INFO  http.HttpServer2 (HttpServer2.java:addFilter(958)) - Added filter static_user_filter (class=org.apache.hadoop.http.lib.StaticUserWebFilter$StaticUserFilter) to context logs
2019-09-28 00:07:24,197 [main] INFO  http.HttpServer2 (HttpServer2.java:addFilter(958)) - Added filter static_user_filter (class=org.apache.hadoop.http.lib.StaticUserWebFilter$StaticUserFilter) to context static
2019-09-28 00:07:24,198 [main] INFO  http.HttpServer2 (HttpServer2.java:bindListener(1191)) - Jetty bound to port 34901
2019-09-28 00:07:24,198 [main] INFO  server.Server (Server.java:doStart(351)) - jetty-9.3.25.v20180904, build timestamp: 2018-09-04T21:11:46Z, git hash: 3ce520221d0240229c862b122d2b06c12a625732
2019-09-28 00:07:24,200 [main] INFO  handler.ContextHandler (ContextHandler.java:doStart(781)) - Started o.e.j.s.ServletContextHandler@31ddb930{/logs,file:///workdir/hadoop-ozone/integration-test/target/log,AVAILABLE}
2019-09-28 00:07:24,200 [main] INFO  handler.ContextHandler (ContextHandler.java:doStart(781)) - Started o.e.j.s.ServletContextHandler@3c3c4a71{/static,jar:file:/home/user/.m2/repository/org/apache/hadoop/hadoop-hdds-container-service/0.5.0-SNAPSHOT/hadoop-hdds-container-service-0.5.0-SNAPSHOT.jar!/webapps/static,AVAILABLE}
2019-09-28 00:07:24,224 [main] INFO  handler.ContextHandler (ContextHandler.java:doStart(781)) - Started o.e.j.w.WebAppContext@10f7918f{/,file:///tmp/jetty-0.0.0.0-34901-hddsDatanode-_-any-8638410546833983859.dir/webapp/,AVAILABLE}{/hddsDatanode}
2019-09-28 00:07:24,224 [main] INFO  server.AbstractConnector (AbstractConnector.java:doStart(278)) - Started ServerConnector@64d4f7c7{HTTP/1.1,[http/1.1]}{0.0.0.0:34901}
2019-09-28 00:07:24,226 [main] INFO  server.Server (Server.java:doStart(419)) - Started @6203ms
2019-09-28 00:07:24,226 [main] WARN  impl.MetricsSystemImpl (MetricsSystemImpl.java:register(276)) - Sink prometheus already exists!
2019-09-28 00:07:24,226 [main] INFO  server.BaseHttpServer (BaseHttpServer.java:updateConnectorAddress(215)) - HTTP server of HDDSDATANODE is listening at http://0.0.0.0:34901
2019-09-28 00:07:24,227 [main] INFO  impl.MetricsSystemImpl (MetricsSystemImpl.java:init(158)) - HddsDatanode metrics system started (again)
2019-09-28 00:07:24,231 [org.apache.hadoop.util.JvmPauseMonitor$Monitor@35fce79e] INFO  util.JvmPauseMonitor (JvmPauseMonitor.java:run(188)) - Starting JVM pause monitor
2019-09-28 00:07:24,231 [main] INFO  ozone.HddsDatanodeService (HddsDatanodeService.java:start(184)) - HddsDatanodeService host:pr-hdds-2162-8g7kw-3348123894 ip:192.168.151.82
2019-09-28 00:07:24,236 [Datanode State Machine Thread - 0] INFO  datanode.InitDatanodeState (InitDatanodeState.java:persistContainerDatanodeDetails(140)) - DatanodeDetails is persisted to /workdir/hadoop-ozone/integration-test/target/test-dir/MiniOzoneClusterImpl-ef93a8f6-ca63-49dc-855c-e6172cde0611/datanode-5/meta/datanode.id
2019-09-28 00:07:24,240 [main] INFO  volume.HddsVolume (HddsVolume.java:<init>(176)) - Creating Volume: /workdir/hadoop-ozone/integration-test/target/test-dir/MiniOzoneClusterImpl-ef93a8f6-ca63-49dc-855c-e6172cde0611/datanode-6/data/containers/hdds of  storage type : DISK and capacity : 1482555576320
2019-09-28 00:07:24,240 [main] INFO  volume.VolumeSet (VolumeSet.java:initializeVolumeSet(170)) - Added Volume : /workdir/hadoop-ozone/integration-test/target/test-dir/MiniOzoneClusterImpl-ef93a8f6-ca63-49dc-855c-e6172cde0611/datanode-6/data/containers/hdds to VolumeSet
2019-09-28 00:07:24,241 [main] INFO  volume.ThrottledAsyncChecker (ThrottledAsyncChecker.java:schedule(139)) - Scheduling a check for org.apache.hadoop.ozone.container.common.volume.HddsVolume@63884e4
2019-09-28 00:07:24,242 [main] INFO  volume.HddsVolumeChecker (HddsVolumeChecker.java:checkAllVolumes(202)) - Scheduled health check for volume org.apache.hadoop.ozone.container.common.volume.HddsVolume@63884e4
2019-09-28 00:07:24,265 [main] INFO  impl.RaftServerProxy (ConfUtils.java:logGet(43)) - raft.rpc.type = GRPC (default)
2019-09-28 00:07:24,265 [main] INFO  grpc.GrpcFactory (GrpcFactory.java:checkPooledByteBufAllocatorUseCacheForAllThreads(45)) - PERFORMANCE WARNING: useCacheForAllThreads is true that may cause Netty to create a lot garbage objects and, as a result, trigger GC.
	It is recommended to disable useCacheForAllThreads by setting -Dorg.apache.ratis.thirdparty.io.netty.allocator.useCacheForAllThreads=false in command line.
2019-09-28 00:07:24,266 [main] INFO  grpc.GrpcConfigKeys$Server (ConfUtils.java:logGet(43)) - raft.grpc.server.port = 0 (default)
2019-09-28 00:07:24,266 [main] INFO  server.GrpcService (ConfUtils.java:logGet(43)) - raft.grpc.message.size.max = 33570816 (custom)
2019-09-28 00:07:24,266 [main] INFO  server.RaftServerConfigKeys (ConfUtils.java:logGet(43)) - raft.server.log.appender.buffer.byte-limit = 33554432 (custom)
2019-09-28 00:07:24,267 [main] INFO  server.GrpcService (ConfUtils.java:logGet(43)) - raft.grpc.flow.control.window = 1MB (=1048576) (default)
2019-09-28 00:07:24,267 [main] INFO  server.RaftServerConfigKeys (ConfUtils.java:logGet(43)) - raft.server.rpc.request.timeout = 3000ms (default)
2019-09-28 00:07:24,268 [main] INFO  server.RaftServerConfigKeys (ConfUtils.java:logGet(43)) - raft.server.storage.dir = [/workdir/hadoop-ozone/integration-test/target/test-dir/MiniOzoneClusterImpl-ef93a8f6-ca63-49dc-855c-e6172cde0611/datanode-6/data/ratis] (custom)
2019-09-28 00:07:24,270 [main] INFO  hdfs.DFSUtil (DFSUtil.java:httpServerTemplateForNNAndJN(1641)) - Starting Web-server for hddsDatanode at: http://0.0.0.0:0
2019-09-28 00:07:24,271 [main] INFO  server.AuthenticationFilter (AuthenticationFilter.java:constructSecretProvider(240)) - Unable to initialize FileSignerSecretProvider, falling back to use random secrets.
2019-09-28 00:07:24,272 [main] WARN  http.HttpRequestLog (HttpRequestLog.java:getRequestLog(97)) - Jetty request log can only be enabled using Log4j
2019-09-28 00:07:24,274 [main] INFO  http.HttpServer2 (HttpServer2.java:addGlobalFilter(975)) - Added global filter 'safety' (class=org.apache.hadoop.http.HttpServer2$QuotingInputFilter)
2019-09-28 00:07:24,275 [main] INFO  http.HttpServer2 (HttpServer2.java:addFilter(948)) - Added filter static_user_filter (class=org.apache.hadoop.http.lib.StaticUserWebFilter$StaticUserFilter) to context hddsDatanode
2019-09-28 00:07:24,275 [main] INFO  http.HttpServer2 (HttpServer2.java:addFilter(958)) - Added filter static_user_filter (class=org.apache.hadoop.http.lib.StaticUserWebFilter$StaticUserFilter) to context static
2019-09-28 00:07:24,276 [main] INFO  http.HttpServer2 (HttpServer2.java:addFilter(958)) - Added filter static_user_filter (class=org.apache.hadoop.http.lib.StaticUserWebFilter$StaticUserFilter) to context logs
2019-09-28 00:07:24,277 [main] INFO  http.HttpServer2 (HttpServer2.java:bindListener(1191)) - Jetty bound to port 42383
2019-09-28 00:07:24,277 [main] INFO  server.Server (Server.java:doStart(351)) - jetty-9.3.25.v20180904, build timestamp: 2018-09-04T21:11:46Z, git hash: 3ce520221d0240229c862b122d2b06c12a625732
2019-09-28 00:07:24,279 [main] INFO  handler.ContextHandler (ContextHandler.java:doStart(781)) - Started o.e.j.s.ServletContextHandler@79a04e5f{/logs,file:///workdir/hadoop-ozone/integration-test/target/log,AVAILABLE}
2019-09-28 00:07:24,280 [main] INFO  handler.ContextHandler (ContextHandler.java:doStart(781)) - Started o.e.j.s.ServletContextHandler@53311681{/static,jar:file:/home/user/.m2/repository/org/apache/hadoop/hadoop-hdds-container-service/0.5.0-SNAPSHOT/hadoop-hdds-container-service-0.5.0-SNAPSHOT.jar!/webapps/static,AVAILABLE}
2019-09-28 00:07:24,317 [main] INFO  handler.ContextHandler (ContextHandler.java:doStart(781)) - Started o.e.j.w.WebAppContext@59696551{/,file:///tmp/jetty-0.0.0.0-42383-hddsDatanode-_-any-5911684137309893339.dir/webapp/,AVAILABLE}{/hddsDatanode}
2019-09-28 00:07:24,318 [main] INFO  server.AbstractConnector (AbstractConnector.java:doStart(278)) - Started ServerConnector@648d0e6d{HTTP/1.1,[http/1.1]}{0.0.0.0:42383}
2019-09-28 00:07:24,319 [main] INFO  server.Server (Server.java:doStart(419)) - Started @6296ms
2019-09-28 00:07:24,319 [main] WARN  impl.MetricsSystemImpl (MetricsSystemImpl.java:register(276)) - Sink prometheus already exists!
2019-09-28 00:07:24,320 [main] INFO  server.BaseHttpServer (BaseHttpServer.java:updateConnectorAddress(215)) - HTTP server of HDDSDATANODE is listening at http://0.0.0.0:42383
2019-09-28 00:07:24,321 [main] INFO  impl.MetricsSystemImpl (MetricsSystemImpl.java:init(158)) - HddsDatanode metrics system started (again)
2019-09-28 00:07:24,326 [org.apache.hadoop.util.JvmPauseMonitor$Monitor@5691c548] INFO  util.JvmPauseMonitor (JvmPauseMonitor.java:run(188)) - Starting JVM pause monitor
2019-09-28 00:07:24,326 [main] INFO  ozone.HddsDatanodeService (HddsDatanodeService.java:start(184)) - HddsDatanodeService host:pr-hdds-2162-8g7kw-3348123894 ip:192.168.151.82
2019-09-28 00:07:24,330 [Datanode State Machine Thread - 0] INFO  datanode.InitDatanodeState (InitDatanodeState.java:persistContainerDatanodeDetails(140)) - DatanodeDetails is persisted to /workdir/hadoop-ozone/integration-test/target/test-dir/MiniOzoneClusterImpl-ef93a8f6-ca63-49dc-855c-e6172cde0611/datanode-6/meta/datanode.id
2019-09-28 00:07:24,335 [main] INFO  volume.HddsVolume (HddsVolume.java:<init>(176)) - Creating Volume: /workdir/hadoop-ozone/integration-test/target/test-dir/MiniOzoneClusterImpl-ef93a8f6-ca63-49dc-855c-e6172cde0611/datanode-7/data/containers/hdds of  storage type : DISK and capacity : 1482555576320
2019-09-28 00:07:24,336 [main] INFO  volume.VolumeSet (VolumeSet.java:initializeVolumeSet(170)) - Added Volume : /workdir/hadoop-ozone/integration-test/target/test-dir/MiniOzoneClusterImpl-ef93a8f6-ca63-49dc-855c-e6172cde0611/datanode-7/data/containers/hdds to VolumeSet
2019-09-28 00:07:24,336 [main] INFO  volume.ThrottledAsyncChecker (ThrottledAsyncChecker.java:schedule(139)) - Scheduling a check for org.apache.hadoop.ozone.container.common.volume.HddsVolume@1de9b505
2019-09-28 00:07:24,337 [main] INFO  volume.HddsVolumeChecker (HddsVolumeChecker.java:checkAllVolumes(202)) - Scheduled health check for volume org.apache.hadoop.ozone.container.common.volume.HddsVolume@1de9b505
2019-09-28 00:07:24,352 [main] INFO  impl.RaftServerProxy (ConfUtils.java:logGet(43)) - raft.rpc.type = GRPC (default)
2019-09-28 00:07:24,353 [main] INFO  grpc.GrpcFactory (GrpcFactory.java:checkPooledByteBufAllocatorUseCacheForAllThreads(45)) - PERFORMANCE WARNING: useCacheForAllThreads is true that may cause Netty to create a lot garbage objects and, as a result, trigger GC.
	It is recommended to disable useCacheForAllThreads by setting -Dorg.apache.ratis.thirdparty.io.netty.allocator.useCacheForAllThreads=false in command line.
2019-09-28 00:07:24,353 [main] INFO  grpc.GrpcConfigKeys$Server (ConfUtils.java:logGet(43)) - raft.grpc.server.port = 0 (default)
2019-09-28 00:07:24,353 [main] INFO  server.GrpcService (ConfUtils.java:logGet(43)) - raft.grpc.message.size.max = 33570816 (custom)
2019-09-28 00:07:24,353 [main] INFO  server.RaftServerConfigKeys (ConfUtils.java:logGet(43)) - raft.server.log.appender.buffer.byte-limit = 33554432 (custom)
2019-09-28 00:07:24,354 [main] INFO  server.GrpcService (ConfUtils.java:logGet(43)) - raft.grpc.flow.control.window = 1MB (=1048576) (default)
2019-09-28 00:07:24,354 [main] INFO  server.RaftServerConfigKeys (ConfUtils.java:logGet(43)) - raft.server.rpc.request.timeout = 3000ms (default)
2019-09-28 00:07:24,354 [main] INFO  server.RaftServerConfigKeys (ConfUtils.java:logGet(43)) - raft.server.storage.dir = [/workdir/hadoop-ozone/integration-test/target/test-dir/MiniOzoneClusterImpl-ef93a8f6-ca63-49dc-855c-e6172cde0611/datanode-7/data/ratis] (custom)
2019-09-28 00:07:24,356 [main] INFO  hdfs.DFSUtil (DFSUtil.java:httpServerTemplateForNNAndJN(1641)) - Starting Web-server for hddsDatanode at: http://0.0.0.0:0
2019-09-28 00:07:24,357 [main] INFO  server.AuthenticationFilter (AuthenticationFilter.java:constructSecretProvider(240)) - Unable to initialize FileSignerSecretProvider, falling back to use random secrets.
2019-09-28 00:07:24,358 [main] WARN  http.HttpRequestLog (HttpRequestLog.java:getRequestLog(97)) - Jetty request log can only be enabled using Log4j
2019-09-28 00:07:24,359 [main] INFO  http.HttpServer2 (HttpServer2.java:addGlobalFilter(975)) - Added global filter 'safety' (class=org.apache.hadoop.http.HttpServer2$QuotingInputFilter)
2019-09-28 00:07:24,360 [main] INFO  http.HttpServer2 (HttpServer2.java:addFilter(948)) - Added filter static_user_filter (class=org.apache.hadoop.http.lib.StaticUserWebFilter$StaticUserFilter) to context hddsDatanode
2019-09-28 00:07:24,361 [main] INFO  http.HttpServer2 (HttpServer2.java:addFilter(958)) - Added filter static_user_filter (class=org.apache.hadoop.http.lib.StaticUserWebFilter$StaticUserFilter) to context static
2019-09-28 00:07:24,361 [main] INFO  http.HttpServer2 (HttpServer2.java:addFilter(958)) - Added filter static_user_filter (class=org.apache.hadoop.http.lib.StaticUserWebFilter$StaticUserFilter) to context logs
2019-09-28 00:07:24,362 [main] INFO  http.HttpServer2 (HttpServer2.java:bindListener(1191)) - Jetty bound to port 39731
2019-09-28 00:07:24,362 [main] INFO  server.Server (Server.java:doStart(351)) - jetty-9.3.25.v20180904, build timestamp: 2018-09-04T21:11:46Z, git hash: 3ce520221d0240229c862b122d2b06c12a625732
2019-09-28 00:07:24,363 [main] INFO  handler.ContextHandler (ContextHandler.java:doStart(781)) - Started o.e.j.s.ServletContextHandler@6cbd0674{/logs,file:///workdir/hadoop-ozone/integration-test/target/log,AVAILABLE}
2019-09-28 00:07:24,364 [main] INFO  handler.ContextHandler (ContextHandler.java:doStart(781)) - Started o.e.j.s.ServletContextHandler@19a64eae{/static,jar:file:/home/user/.m2/repository/org/apache/hadoop/hadoop-hdds-container-service/0.5.0-SNAPSHOT/hadoop-hdds-container-service-0.5.0-SNAPSHOT.jar!/webapps/static,AVAILABLE}
2019-09-28 00:07:24,391 [main] INFO  handler.ContextHandler (ContextHandler.java:doStart(781)) - Started o.e.j.w.WebAppContext@10c72a6f{/,file:///tmp/jetty-0.0.0.0-39731-hddsDatanode-_-any-9081714770046765586.dir/webapp/,AVAILABLE}{/hddsDatanode}
2019-09-28 00:07:24,392 [main] INFO  server.AbstractConnector (AbstractConnector.java:doStart(278)) - Started ServerConnector@70e94ecb{HTTP/1.1,[http/1.1]}{0.0.0.0:39731}
2019-09-28 00:07:24,393 [main] INFO  server.Server (Server.java:doStart(419)) - Started @6370ms
2019-09-28 00:07:24,393 [main] WARN  impl.MetricsSystemImpl (MetricsSystemImpl.java:register(276)) - Sink prometheus already exists!
2019-09-28 00:07:24,393 [main] INFO  server.BaseHttpServer (BaseHttpServer.java:updateConnectorAddress(215)) - HTTP server of HDDSDATANODE is listening at http://0.0.0.0:39731
2019-09-28 00:07:24,394 [main] INFO  impl.MetricsSystemImpl (MetricsSystemImpl.java:init(158)) - HddsDatanode metrics system started (again)
2019-09-28 00:07:24,398 [main] INFO  ozone.HddsDatanodeService (HddsDatanodeService.java:start(184)) - HddsDatanodeService host:pr-hdds-2162-8g7kw-3348123894 ip:192.168.151.82
2019-09-28 00:07:24,398 [org.apache.hadoop.util.JvmPauseMonitor$Monitor@112ab8ac] INFO  util.JvmPauseMonitor (JvmPauseMonitor.java:run(188)) - Starting JVM pause monitor
2019-09-28 00:07:24,402 [Datanode State Machine Thread - 0] INFO  datanode.InitDatanodeState (InitDatanodeState.java:persistContainerDatanodeDetails(140)) - DatanodeDetails is persisted to /workdir/hadoop-ozone/integration-test/target/test-dir/MiniOzoneClusterImpl-ef93a8f6-ca63-49dc-855c-e6172cde0611/datanode-7/meta/datanode.id
2019-09-28 00:07:24,408 [main] INFO  volume.HddsVolume (HddsVolume.java:<init>(176)) - Creating Volume: /workdir/hadoop-ozone/integration-test/target/test-dir/MiniOzoneClusterImpl-ef93a8f6-ca63-49dc-855c-e6172cde0611/datanode-8/data/containers/hdds of  storage type : DISK and capacity : 1482555576320
2019-09-28 00:07:24,408 [main] INFO  volume.VolumeSet (VolumeSet.java:initializeVolumeSet(170)) - Added Volume : /workdir/hadoop-ozone/integration-test/target/test-dir/MiniOzoneClusterImpl-ef93a8f6-ca63-49dc-855c-e6172cde0611/datanode-8/data/containers/hdds to VolumeSet
2019-09-28 00:07:24,409 [main] INFO  volume.ThrottledAsyncChecker (ThrottledAsyncChecker.java:schedule(139)) - Scheduling a check for org.apache.hadoop.ozone.container.common.volume.HddsVolume@11900483
2019-09-28 00:07:24,409 [main] INFO  volume.HddsVolumeChecker (HddsVolumeChecker.java:checkAllVolumes(202)) - Scheduled health check for volume org.apache.hadoop.ozone.container.common.volume.HddsVolume@11900483
2019-09-28 00:07:24,421 [main] INFO  impl.RaftServerProxy (ConfUtils.java:logGet(43)) - raft.rpc.type = GRPC (default)
2019-09-28 00:07:24,421 [main] INFO  grpc.GrpcFactory (GrpcFactory.java:checkPooledByteBufAllocatorUseCacheForAllThreads(45)) - PERFORMANCE WARNING: useCacheForAllThreads is true that may cause Netty to create a lot garbage objects and, as a result, trigger GC.
	It is recommended to disable useCacheForAllThreads by setting -Dorg.apache.ratis.thirdparty.io.netty.allocator.useCacheForAllThreads=false in command line.
2019-09-28 00:07:24,421 [main] INFO  grpc.GrpcConfigKeys$Server (ConfUtils.java:logGet(43)) - raft.grpc.server.port = 0 (default)
2019-09-28 00:07:24,422 [main] INFO  server.GrpcService (ConfUtils.java:logGet(43)) - raft.grpc.message.size.max = 33570816 (custom)
2019-09-28 00:07:24,422 [main] INFO  server.RaftServerConfigKeys (ConfUtils.java:logGet(43)) - raft.server.log.appender.buffer.byte-limit = 33554432 (custom)
2019-09-28 00:07:24,422 [main] INFO  server.GrpcService (ConfUtils.java:logGet(43)) - raft.grpc.flow.control.window = 1MB (=1048576) (default)
2019-09-28 00:07:24,422 [main] INFO  server.RaftServerConfigKeys (ConfUtils.java:logGet(43)) - raft.server.rpc.request.timeout = 3000ms (default)
2019-09-28 00:07:24,423 [main] INFO  server.RaftServerConfigKeys (ConfUtils.java:logGet(43)) - raft.server.storage.dir = [/workdir/hadoop-ozone/integration-test/target/test-dir/MiniOzoneClusterImpl-ef93a8f6-ca63-49dc-855c-e6172cde0611/datanode-8/data/ratis] (custom)
2019-09-28 00:07:24,424 [main] INFO  hdfs.DFSUtil (DFSUtil.java:httpServerTemplateForNNAndJN(1641)) - Starting Web-server for hddsDatanode at: http://0.0.0.0:0
2019-09-28 00:07:24,425 [main] INFO  server.AuthenticationFilter (AuthenticationFilter.java:constructSecretProvider(240)) - Unable to initialize FileSignerSecretProvider, falling back to use random secrets.
2019-09-28 00:07:24,425 [main] WARN  http.HttpRequestLog (HttpRequestLog.java:getRequestLog(97)) - Jetty request log can only be enabled using Log4j
2019-09-28 00:07:24,427 [main] INFO  http.HttpServer2 (HttpServer2.java:addGlobalFilter(975)) - Added global filter 'safety' (class=org.apache.hadoop.http.HttpServer2$QuotingInputFilter)
2019-09-28 00:07:24,427 [main] INFO  http.HttpServer2 (HttpServer2.java:addFilter(948)) - Added filter static_user_filter (class=org.apache.hadoop.http.lib.StaticUserWebFilter$StaticUserFilter) to context hddsDatanode
2019-09-28 00:07:24,427 [main] INFO  http.HttpServer2 (HttpServer2.java:addFilter(958)) - Added filter static_user_filter (class=org.apache.hadoop.http.lib.StaticUserWebFilter$StaticUserFilter) to context logs
2019-09-28 00:07:24,427 [main] INFO  http.HttpServer2 (HttpServer2.java:addFilter(958)) - Added filter static_user_filter (class=org.apache.hadoop.http.lib.StaticUserWebFilter$StaticUserFilter) to context static
2019-09-28 00:07:24,428 [main] INFO  http.HttpServer2 (HttpServer2.java:bindListener(1191)) - Jetty bound to port 36976
2019-09-28 00:07:24,428 [main] INFO  server.Server (Server.java:doStart(351)) - jetty-9.3.25.v20180904, build timestamp: 2018-09-04T21:11:46Z, git hash: 3ce520221d0240229c862b122d2b06c12a625732
2019-09-28 00:07:24,430 [main] INFO  handler.ContextHandler (ContextHandler.java:doStart(781)) - Started o.e.j.s.ServletContextHandler@72e295cc{/logs,file:///workdir/hadoop-ozone/integration-test/target/log,AVAILABLE}
2019-09-28 00:07:24,430 [main] INFO  handler.ContextHandler (ContextHandler.java:doStart(781)) - Started o.e.j.s.ServletContextHandler@6fa0450e{/static,jar:file:/home/user/.m2/repository/org/apache/hadoop/hadoop-hdds-container-service/0.5.0-SNAPSHOT/hadoop-hdds-container-service-0.5.0-SNAPSHOT.jar!/webapps/static,AVAILABLE}
2019-09-28 00:07:24,524 [main] INFO  handler.ContextHandler (ContextHandler.java:doStart(781)) - Started o.e.j.w.WebAppContext@4993febc{/,file:///tmp/jetty-0.0.0.0-36976-hddsDatanode-_-any-2200810482681165464.dir/webapp/,AVAILABLE}{/hddsDatanode}
2019-09-28 00:07:24,525 [main] INFO  server.AbstractConnector (AbstractConnector.java:doStart(278)) - Started ServerConnector@7601bc96{HTTP/1.1,[http/1.1]}{0.0.0.0:36976}
2019-09-28 00:07:24,525 [main] INFO  server.Server (Server.java:doStart(419)) - Started @6502ms
2019-09-28 00:07:24,525 [main] WARN  impl.MetricsSystemImpl (MetricsSystemImpl.java:register(276)) - Sink prometheus already exists!
2019-09-28 00:07:24,526 [main] INFO  server.BaseHttpServer (BaseHttpServer.java:updateConnectorAddress(215)) - HTTP server of HDDSDATANODE is listening at http://0.0.0.0:36976
2019-09-28 00:07:24,527 [main] INFO  impl.MetricsSystemImpl (MetricsSystemImpl.java:init(158)) - HddsDatanode metrics system started (again)
2019-09-28 00:07:24,532 [org.apache.hadoop.util.JvmPauseMonitor$Monitor@4e248341] INFO  util.JvmPauseMonitor (JvmPauseMonitor.java:run(188)) - Starting JVM pause monitor
2019-09-28 00:07:24,534 [main] INFO  ozone.HddsDatanodeService (HddsDatanodeService.java:start(184)) - HddsDatanodeService host:pr-hdds-2162-8g7kw-3348123894 ip:192.168.151.82
2019-09-28 00:07:24,536 [Datanode State Machine Thread - 0] INFO  datanode.InitDatanodeState (InitDatanodeState.java:persistContainerDatanodeDetails(140)) - DatanodeDetails is persisted to /workdir/hadoop-ozone/integration-test/target/test-dir/MiniOzoneClusterImpl-ef93a8f6-ca63-49dc-855c-e6172cde0611/datanode-8/meta/datanode.id
2019-09-28 00:07:24,544 [main] INFO  volume.HddsVolume (HddsVolume.java:<init>(176)) - Creating Volume: /workdir/hadoop-ozone/integration-test/target/test-dir/MiniOzoneClusterImpl-ef93a8f6-ca63-49dc-855c-e6172cde0611/datanode-9/data/containers/hdds of  storage type : DISK and capacity : 1482555576320
2019-09-28 00:07:24,544 [main] INFO  volume.VolumeSet (VolumeSet.java:initializeVolumeSet(170)) - Added Volume : /workdir/hadoop-ozone/integration-test/target/test-dir/MiniOzoneClusterImpl-ef93a8f6-ca63-49dc-855c-e6172cde0611/datanode-9/data/containers/hdds to VolumeSet
2019-09-28 00:07:24,544 [main] INFO  volume.ThrottledAsyncChecker (ThrottledAsyncChecker.java:schedule(139)) - Scheduling a check for org.apache.hadoop.ozone.container.common.volume.HddsVolume@671c4166
2019-09-28 00:07:24,545 [main] INFO  volume.HddsVolumeChecker (HddsVolumeChecker.java:checkAllVolumes(202)) - Scheduled health check for volume org.apache.hadoop.ozone.container.common.volume.HddsVolume@671c4166
2019-09-28 00:07:24,564 [main] INFO  impl.RaftServerProxy (ConfUtils.java:logGet(43)) - raft.rpc.type = GRPC (default)
2019-09-28 00:07:24,565 [main] INFO  grpc.GrpcFactory (GrpcFactory.java:checkPooledByteBufAllocatorUseCacheForAllThreads(45)) - PERFORMANCE WARNING: useCacheForAllThreads is true that may cause Netty to create a lot garbage objects and, as a result, trigger GC.
	It is recommended to disable useCacheForAllThreads by setting -Dorg.apache.ratis.thirdparty.io.netty.allocator.useCacheForAllThreads=false in command line.
2019-09-28 00:07:24,565 [main] INFO  grpc.GrpcConfigKeys$Server (ConfUtils.java:logGet(43)) - raft.grpc.server.port = 0 (default)
2019-09-28 00:07:24,565 [main] INFO  server.GrpcService (ConfUtils.java:logGet(43)) - raft.grpc.message.size.max = 33570816 (custom)
2019-09-28 00:07:24,565 [main] INFO  server.RaftServerConfigKeys (ConfUtils.java:logGet(43)) - raft.server.log.appender.buffer.byte-limit = 33554432 (custom)
2019-09-28 00:07:24,566 [main] INFO  server.GrpcService (ConfUtils.java:logGet(43)) - raft.grpc.flow.control.window = 1MB (=1048576) (default)
2019-09-28 00:07:24,566 [main] INFO  server.RaftServerConfigKeys (ConfUtils.java:logGet(43)) - raft.server.rpc.request.timeout = 3000ms (default)
2019-09-28 00:07:24,567 [main] INFO  server.RaftServerConfigKeys (ConfUtils.java:logGet(43)) - raft.server.storage.dir = [/workdir/hadoop-ozone/integration-test/target/test-dir/MiniOzoneClusterImpl-ef93a8f6-ca63-49dc-855c-e6172cde0611/datanode-9/data/ratis] (custom)
2019-09-28 00:07:24,568 [main] INFO  hdfs.DFSUtil (DFSUtil.java:httpServerTemplateForNNAndJN(1641)) - Starting Web-server for hddsDatanode at: http://0.0.0.0:0
2019-09-28 00:07:24,570 [main] INFO  server.AuthenticationFilter (AuthenticationFilter.java:constructSecretProvider(240)) - Unable to initialize FileSignerSecretProvider, falling back to use random secrets.
2019-09-28 00:07:24,570 [main] WARN  http.HttpRequestLog (HttpRequestLog.java:getRequestLog(97)) - Jetty request log can only be enabled using Log4j
2019-09-28 00:07:24,572 [main] INFO  http.HttpServer2 (HttpServer2.java:addGlobalFilter(975)) - Added global filter 'safety' (class=org.apache.hadoop.http.HttpServer2$QuotingInputFilter)
2019-09-28 00:07:24,573 [main] INFO  http.HttpServer2 (HttpServer2.java:addFilter(948)) - Added filter static_user_filter (class=org.apache.hadoop.http.lib.StaticUserWebFilter$StaticUserFilter) to context hddsDatanode
2019-09-28 00:07:24,573 [main] INFO  http.HttpServer2 (HttpServer2.java:addFilter(958)) - Added filter static_user_filter (class=org.apache.hadoop.http.lib.StaticUserWebFilter$StaticUserFilter) to context logs
2019-09-28 00:07:24,573 [main] INFO  http.HttpServer2 (HttpServer2.java:addFilter(958)) - Added filter static_user_filter (class=org.apache.hadoop.http.lib.StaticUserWebFilter$StaticUserFilter) to context static
2019-09-28 00:07:24,574 [main] INFO  http.HttpServer2 (HttpServer2.java:bindListener(1191)) - Jetty bound to port 45189
2019-09-28 00:07:24,574 [main] INFO  server.Server (Server.java:doStart(351)) - jetty-9.3.25.v20180904, build timestamp: 2018-09-04T21:11:46Z, git hash: 3ce520221d0240229c862b122d2b06c12a625732
2019-09-28 00:07:24,577 [main] INFO  handler.ContextHandler (ContextHandler.java:doStart(781)) - Started o.e.j.s.ServletContextHandler@737d100a{/logs,file:///workdir/hadoop-ozone/integration-test/target/log,AVAILABLE}
2019-09-28 00:07:24,577 [main] INFO  handler.ContextHandler (ContextHandler.java:doStart(781)) - Started o.e.j.s.ServletContextHandler@6535117e{/static,jar:file:/home/user/.m2/repository/org/apache/hadoop/hadoop-hdds-container-service/0.5.0-SNAPSHOT/hadoop-hdds-container-service-0.5.0-SNAPSHOT.jar!/webapps/static,AVAILABLE}
2019-09-28 00:07:24,610 [main] INFO  handler.ContextHandler (ContextHandler.java:doStart(781)) - Started o.e.j.w.WebAppContext@7f5b9db{/,file:///tmp/jetty-0.0.0.0-45189-hddsDatanode-_-any-8462708354169555194.dir/webapp/,AVAILABLE}{/hddsDatanode}
2019-09-28 00:07:24,610 [main] INFO  server.AbstractConnector (AbstractConnector.java:doStart(278)) - Started ServerConnector@507d64aa{HTTP/1.1,[http/1.1]}{0.0.0.0:45189}
2019-09-28 00:07:24,612 [main] INFO  server.Server (Server.java:doStart(419)) - Started @6589ms
2019-09-28 00:07:24,612 [main] WARN  impl.MetricsSystemImpl (MetricsSystemImpl.java:register(276)) - Sink prometheus already exists!
2019-09-28 00:07:24,613 [main] INFO  server.BaseHttpServer (BaseHttpServer.java:updateConnectorAddress(215)) - HTTP server of HDDSDATANODE is listening at http://0.0.0.0:45189
2019-09-28 00:07:24,622 [main] INFO  ozone.MiniOzoneClusterImpl (MiniOzoneClusterImpl.java:lambda$waitForClusterToBeReady$0(147)) - Waiting for cluster to be ready. Got 0 of 10 DN Heartbeats.
2019-09-28 00:07:24,622 [org.apache.hadoop.util.JvmPauseMonitor$Monitor@64acc539] INFO  util.JvmPauseMonitor (JvmPauseMonitor.java:run(188)) - Starting JVM pause monitor
2019-09-28 00:07:24,626 [Datanode State Machine Thread - 0] INFO  datanode.InitDatanodeState (InitDatanodeState.java:persistContainerDatanodeDetails(140)) - DatanodeDetails is persisted to /workdir/hadoop-ozone/integration-test/target/test-dir/MiniOzoneClusterImpl-ef93a8f6-ca63-49dc-855c-e6172cde0611/datanode-9/meta/datanode.id
2019-09-28 00:07:25,623 [main] INFO  ozone.MiniOzoneClusterImpl (MiniOzoneClusterImpl.java:lambda$waitForClusterToBeReady$0(147)) - Waiting for cluster to be ready. Got 0 of 10 DN Heartbeats.
2019-09-28 00:07:25,975 [Datanode State Machine Thread - 0] INFO  ozoneimpl.OzoneContainer (OzoneContainer.java:start(217)) - Attempting to start container services.
2019-09-28 00:07:25,977 [Datanode State Machine Thread - 0] INFO  ozoneimpl.OzoneContainer (OzoneContainer.java:startContainerScrub(179)) - Background container scanner has been disabled.
2019-09-28 00:07:25,977 [Datanode State Machine Thread - 0] INFO  ratis.XceiverServerRatis (XceiverServerRatis.java:start(411)) - Starting XceiverServerRatis 81a35a2f-70d3-442b-bace-ce29edca7155 at port 0
2019-09-28 00:07:25,996 [Datanode State Machine Thread - 0] INFO  ozoneimpl.OzoneContainer (OzoneContainer.java:start(217)) - Attempting to start container services.
2019-09-28 00:07:26,004 [Datanode State Machine Thread - 0] INFO  ozoneimpl.OzoneContainer (OzoneContainer.java:startContainerScrub(179)) - Background container scanner has been disabled.
2019-09-28 00:07:26,004 [Datanode State Machine Thread - 0] INFO  ratis.XceiverServerRatis (XceiverServerRatis.java:start(411)) - Starting XceiverServerRatis f2b1cee9-5126-4a0c-9c15-774918a74cc9 at port 0
2019-09-28 00:07:26,016 [Datanode State Machine Thread - 0] INFO  impl.RaftServerProxy (RaftServerProxy.java:lambda$start$3(299)) - 81a35a2f-70d3-442b-bace-ce29edca7155: start RPC server
2019-09-28 00:07:26,024 [Datanode State Machine Thread - 0] INFO  impl.RaftServerProxy (RaftServerProxy.java:lambda$start$3(299)) - f2b1cee9-5126-4a0c-9c15-774918a74cc9: start RPC server
2019-09-28 00:07:26,061 [Datanode State Machine Thread - 0] INFO  ozoneimpl.OzoneContainer (OzoneContainer.java:start(217)) - Attempting to start container services.
2019-09-28 00:07:26,061 [Datanode State Machine Thread - 0] INFO  ozoneimpl.OzoneContainer (OzoneContainer.java:startContainerScrub(179)) - Background container scanner has been disabled.
2019-09-28 00:07:26,061 [Datanode State Machine Thread - 0] INFO  ratis.XceiverServerRatis (XceiverServerRatis.java:start(411)) - Starting XceiverServerRatis 1f14f3cf-4ace-4392-be28-431862a0440f at port 0
2019-09-28 00:07:26,073 [Datanode State Machine Thread - 0] INFO  impl.RaftServerProxy (RaftServerProxy.java:lambda$start$3(299)) - 1f14f3cf-4ace-4392-be28-431862a0440f: start RPC server
2019-09-28 00:07:26,120 [Datanode State Machine Thread - 0] INFO  ozoneimpl.OzoneContainer (OzoneContainer.java:start(217)) - Attempting to start container services.
2019-09-28 00:07:26,120 [Datanode State Machine Thread - 0] INFO  ozoneimpl.OzoneContainer (OzoneContainer.java:startContainerScrub(179)) - Background container scanner has been disabled.
2019-09-28 00:07:26,120 [Datanode State Machine Thread - 0] INFO  ratis.XceiverServerRatis (XceiverServerRatis.java:start(411)) - Starting XceiverServerRatis f6411f89-2ca8-4cfc-a99c-aca361894957 at port 0
2019-09-28 00:07:26,136 [Datanode State Machine Thread - 0] INFO  impl.RaftServerProxy (RaftServerProxy.java:lambda$start$3(299)) - f6411f89-2ca8-4cfc-a99c-aca361894957: start RPC server
2019-09-28 00:07:26,178 [Datanode State Machine Thread - 0] INFO  ozoneimpl.OzoneContainer (OzoneContainer.java:start(217)) - Attempting to start container services.
2019-09-28 00:07:26,179 [Datanode State Machine Thread - 0] INFO  ozoneimpl.OzoneContainer (OzoneContainer.java:startContainerScrub(179)) - Background container scanner has been disabled.
2019-09-28 00:07:26,181 [Datanode State Machine Thread - 0] INFO  ratis.XceiverServerRatis (XceiverServerRatis.java:start(411)) - Starting XceiverServerRatis e997bddb-a40f-4466-9539-dfa223a823e1 at port 0
2019-09-28 00:07:26,209 [Datanode State Machine Thread - 0] INFO  impl.RaftServerProxy (RaftServerProxy.java:lambda$start$3(299)) - e997bddb-a40f-4466-9539-dfa223a823e1: start RPC server
2019-09-28 00:07:26,218 [Datanode State Machine Thread - 0] INFO  server.GrpcService (GrpcService.java:startImpl(158)) - 81a35a2f-70d3-442b-bace-ce29edca7155: GrpcService started, listening on 0.0.0.0/0.0.0.0:37102
2019-09-28 00:07:26,218 [Datanode State Machine Thread - 0] INFO  server.GrpcService (GrpcService.java:startImpl(158)) - f6411f89-2ca8-4cfc-a99c-aca361894957: GrpcService started, listening on 0.0.0.0/0.0.0.0:39545
2019-09-28 00:07:26,220 [Datanode State Machine Thread - 0] INFO  ratis.XceiverServerRatis (XceiverServerRatis.java:start(421)) - XceiverServerRatis f6411f89-2ca8-4cfc-a99c-aca361894957 is started using port 39545
2019-09-28 00:07:26,218 [Datanode State Machine Thread - 0] INFO  server.GrpcService (GrpcService.java:startImpl(158)) - e997bddb-a40f-4466-9539-dfa223a823e1: GrpcService started, listening on 0.0.0.0/0.0.0.0:34311
2019-09-28 00:07:26,218 [Datanode State Machine Thread - 0] INFO  server.GrpcService (GrpcService.java:startImpl(158)) - 1f14f3cf-4ace-4392-be28-431862a0440f: GrpcService started, listening on 0.0.0.0/0.0.0.0:37786
2019-09-28 00:07:26,218 [Datanode State Machine Thread - 0] INFO  server.GrpcService (GrpcService.java:startImpl(158)) - f2b1cee9-5126-4a0c-9c15-774918a74cc9: GrpcService started, listening on 0.0.0.0/0.0.0.0:44946
2019-09-28 00:07:26,220 [Datanode State Machine Thread - 0] INFO  ratis.XceiverServerRatis (XceiverServerRatis.java:start(421)) - XceiverServerRatis 1f14f3cf-4ace-4392-be28-431862a0440f is started using port 37786
2019-09-28 00:07:26,220 [Datanode State Machine Thread - 0] INFO  ratis.XceiverServerRatis (XceiverServerRatis.java:start(421)) - XceiverServerRatis e997bddb-a40f-4466-9539-dfa223a823e1 is started using port 34311
2019-09-28 00:07:26,219 [Datanode State Machine Thread - 0] INFO  ratis.XceiverServerRatis (XceiverServerRatis.java:start(421)) - XceiverServerRatis 81a35a2f-70d3-442b-bace-ce29edca7155 is started using port 37102
2019-09-28 00:07:26,220 [Datanode State Machine Thread - 0] INFO  ratis.XceiverServerRatis (XceiverServerRatis.java:start(421)) - XceiverServerRatis f2b1cee9-5126-4a0c-9c15-774918a74cc9 is started using port 44946
2019-09-28 00:07:26,232 [Datanode State Machine Thread - 0] INFO  server.XceiverServerGrpc (XceiverServerGrpc.java:start(149)) - XceiverServerGrpc e997bddb-a40f-4466-9539-dfa223a823e1 is started using port 39504
2019-09-28 00:07:26,232 [Datanode State Machine Thread - 0] INFO  server.XceiverServerGrpc (XceiverServerGrpc.java:start(149)) - XceiverServerGrpc 81a35a2f-70d3-442b-bace-ce29edca7155 is started using port 46305
2019-09-28 00:07:26,233 [Datanode State Machine Thread - 0] INFO  server.XceiverServerGrpc (XceiverServerGrpc.java:start(149)) - XceiverServerGrpc 1f14f3cf-4ace-4392-be28-431862a0440f is started using port 34560
2019-09-28 00:07:26,233 [Datanode State Machine Thread - 0] INFO  server.XceiverServerGrpc (XceiverServerGrpc.java:start(149)) - XceiverServerGrpc f2b1cee9-5126-4a0c-9c15-774918a74cc9 is started using port 45790
2019-09-28 00:07:26,233 [Datanode State Machine Thread - 0] INFO  server.XceiverServerGrpc (XceiverServerGrpc.java:start(149)) - XceiverServerGrpc f6411f89-2ca8-4cfc-a99c-aca361894957 is started using port 45916
2019-09-28 00:07:26,242 [Datanode State Machine Thread - 0] INFO  ozoneimpl.OzoneContainer (OzoneContainer.java:start(217)) - Attempting to start container services.
2019-09-28 00:07:26,244 [Datanode State Machine Thread - 0] INFO  ozoneimpl.OzoneContainer (OzoneContainer.java:startContainerScrub(179)) - Background container scanner has been disabled.
2019-09-28 00:07:26,244 [Datanode State Machine Thread - 0] INFO  ratis.XceiverServerRatis (XceiverServerRatis.java:start(411)) - Starting XceiverServerRatis 7eeb4e41-83cf-4f16-b692-5d167ffa47e8 at port 0
2019-09-28 00:07:26,250 [Datanode State Machine Thread - 0] INFO  impl.RaftServerProxy (RaftServerProxy.java:lambda$start$3(299)) - 7eeb4e41-83cf-4f16-b692-5d167ffa47e8: start RPC server
2019-09-28 00:07:26,254 [Datanode State Machine Thread - 0] INFO  server.GrpcService (GrpcService.java:startImpl(158)) - 7eeb4e41-83cf-4f16-b692-5d167ffa47e8: GrpcService started, listening on 0.0.0.0/0.0.0.0:42184
2019-09-28 00:07:26,254 [Datanode State Machine Thread - 0] INFO  ratis.XceiverServerRatis (XceiverServerRatis.java:start(421)) - XceiverServerRatis 7eeb4e41-83cf-4f16-b692-5d167ffa47e8 is started using port 42184
2019-09-28 00:07:26,257 [Datanode State Machine Thread - 0] INFO  server.XceiverServerGrpc (XceiverServerGrpc.java:start(149)) - XceiverServerGrpc 7eeb4e41-83cf-4f16-b692-5d167ffa47e8 is started using port 36370
2019-09-28 00:07:26,343 [Datanode State Machine Thread - 0] INFO  ozoneimpl.OzoneContainer (OzoneContainer.java:start(217)) - Attempting to start container services.
2019-09-28 00:07:26,344 [Datanode State Machine Thread - 0] INFO  ozoneimpl.OzoneContainer (OzoneContainer.java:startContainerScrub(179)) - Background container scanner has been disabled.
2019-09-28 00:07:26,344 [Datanode State Machine Thread - 0] INFO  ratis.XceiverServerRatis (XceiverServerRatis.java:start(411)) - Starting XceiverServerRatis 064bde2d-db92-404d-9f14-fa74fc053683 at port 0
2019-09-28 00:07:26,352 [Datanode State Machine Thread - 0] INFO  impl.RaftServerProxy (RaftServerProxy.java:lambda$start$3(299)) - 064bde2d-db92-404d-9f14-fa74fc053683: start RPC server
2019-09-28 00:07:26,356 [Datanode State Machine Thread - 0] INFO  server.GrpcService (GrpcService.java:startImpl(158)) - 064bde2d-db92-404d-9f14-fa74fc053683: GrpcService started, listening on 0.0.0.0/0.0.0.0:42841
2019-09-28 00:07:26,356 [Datanode State Machine Thread - 0] INFO  ratis.XceiverServerRatis (XceiverServerRatis.java:start(421)) - XceiverServerRatis 064bde2d-db92-404d-9f14-fa74fc053683 is started using port 42841
2019-09-28 00:07:26,361 [Datanode State Machine Thread - 0] INFO  server.XceiverServerGrpc (XceiverServerGrpc.java:start(149)) - XceiverServerGrpc 064bde2d-db92-404d-9f14-fa74fc053683 is started using port 34794
2019-09-28 00:07:26,417 [Datanode State Machine Thread - 0] INFO  ozoneimpl.OzoneContainer (OzoneContainer.java:start(217)) - Attempting to start container services.
2019-09-28 00:07:26,417 [Datanode State Machine Thread - 0] INFO  ozoneimpl.OzoneContainer (OzoneContainer.java:startContainerScrub(179)) - Background container scanner has been disabled.
2019-09-28 00:07:26,418 [Datanode State Machine Thread - 0] INFO  ratis.XceiverServerRatis (XceiverServerRatis.java:start(411)) - Starting XceiverServerRatis dde3bc4a-2072-49f6-96b7-d9dfb1162844 at port 0
2019-09-28 00:07:26,426 [Datanode State Machine Thread - 0] INFO  impl.RaftServerProxy (RaftServerProxy.java:lambda$start$3(299)) - dde3bc4a-2072-49f6-96b7-d9dfb1162844: start RPC server
2019-09-28 00:07:26,431 [Datanode State Machine Thread - 0] INFO  server.GrpcService (GrpcService.java:startImpl(158)) - dde3bc4a-2072-49f6-96b7-d9dfb1162844: GrpcService started, listening on 0.0.0.0/0.0.0.0:33259
2019-09-28 00:07:26,431 [Datanode State Machine Thread - 0] INFO  ratis.XceiverServerRatis (XceiverServerRatis.java:start(421)) - XceiverServerRatis dde3bc4a-2072-49f6-96b7-d9dfb1162844 is started using port 33259
2019-09-28 00:07:26,438 [Datanode State Machine Thread - 0] INFO  server.XceiverServerGrpc (XceiverServerGrpc.java:start(149)) - XceiverServerGrpc dde3bc4a-2072-49f6-96b7-d9dfb1162844 is started using port 36648
2019-09-28 00:07:26,551 [Datanode State Machine Thread - 0] INFO  ozoneimpl.OzoneContainer (OzoneContainer.java:start(217)) - Attempting to start container services.
2019-09-28 00:07:26,551 [Datanode State Machine Thread - 0] INFO  ozoneimpl.OzoneContainer (OzoneContainer.java:startContainerScrub(179)) - Background container scanner has been disabled.
2019-09-28 00:07:26,552 [Datanode State Machine Thread - 0] INFO  ratis.XceiverServerRatis (XceiverServerRatis.java:start(411)) - Starting XceiverServerRatis 1c95823d-847a-4997-a8a6-4cda28e586d4 at port 0
2019-09-28 00:07:26,560 [Datanode State Machine Thread - 0] INFO  impl.RaftServerProxy (RaftServerProxy.java:lambda$start$3(299)) - 1c95823d-847a-4997-a8a6-4cda28e586d4: start RPC server
2019-09-28 00:07:26,566 [Datanode State Machine Thread - 0] INFO  server.GrpcService (GrpcService.java:startImpl(158)) - 1c95823d-847a-4997-a8a6-4cda28e586d4: GrpcService started, listening on 0.0.0.0/0.0.0.0:42975
2019-09-28 00:07:26,566 [Datanode State Machine Thread - 0] INFO  ratis.XceiverServerRatis (XceiverServerRatis.java:start(421)) - XceiverServerRatis 1c95823d-847a-4997-a8a6-4cda28e586d4 is started using port 42975
2019-09-28 00:07:26,572 [Datanode State Machine Thread - 0] INFO  server.XceiverServerGrpc (XceiverServerGrpc.java:start(149)) - XceiverServerGrpc 1c95823d-847a-4997-a8a6-4cda28e586d4 is started using port 46350
2019-09-28 00:07:26,625 [main] INFO  ozone.MiniOzoneClusterImpl (MiniOzoneClusterImpl.java:lambda$waitForClusterToBeReady$0(147)) - Waiting for cluster to be ready. Got 0 of 10 DN Heartbeats.
2019-09-28 00:07:26,640 [Datanode State Machine Thread - 0] INFO  ozoneimpl.OzoneContainer (OzoneContainer.java:start(217)) - Attempting to start container services.
2019-09-28 00:07:26,640 [Datanode State Machine Thread - 0] INFO  ozoneimpl.OzoneContainer (OzoneContainer.java:startContainerScrub(179)) - Background container scanner has been disabled.
2019-09-28 00:07:26,640 [Datanode State Machine Thread - 0] INFO  ratis.XceiverServerRatis (XceiverServerRatis.java:start(411)) - Starting XceiverServerRatis 7be1ccd5-eaae-4014-92ab-c222d72ed3a6 at port 0
2019-09-28 00:07:26,649 [Datanode State Machine Thread - 0] INFO  impl.RaftServerProxy (RaftServerProxy.java:lambda$start$3(299)) - 7be1ccd5-eaae-4014-92ab-c222d72ed3a6: start RPC server
2019-09-28 00:07:26,667 [Datanode State Machine Thread - 0] INFO  server.GrpcService (GrpcService.java:startImpl(158)) - 7be1ccd5-eaae-4014-92ab-c222d72ed3a6: GrpcService started, listening on 0.0.0.0/0.0.0.0:41588
2019-09-28 00:07:26,667 [Datanode State Machine Thread - 0] INFO  ratis.XceiverServerRatis (XceiverServerRatis.java:start(421)) - XceiverServerRatis 7be1ccd5-eaae-4014-92ab-c222d72ed3a6 is started using port 41588
2019-09-28 00:07:26,691 [Datanode State Machine Thread - 0] INFO  server.XceiverServerGrpc (XceiverServerGrpc.java:start(149)) - XceiverServerGrpc 7be1ccd5-eaae-4014-92ab-c222d72ed3a6 is started using port 41457
2019-09-28 00:07:27,625 [main] INFO  ozone.MiniOzoneClusterImpl (MiniOzoneClusterImpl.java:lambda$waitForClusterToBeReady$0(147)) - Waiting for cluster to be ready. Got 0 of 10 DN Heartbeats.
2019-09-28 00:07:27,952 [IPC Server handler 8 on 42568] INFO  net.NetworkTopology (NetworkTopologyImpl.java:add(111)) - Added a new node: /default-rack/81a35a2f-70d3-442b-bace-ce29edca7155
2019-09-28 00:07:27,952 [IPC Server handler 8 on 42568] INFO  node.SCMNodeManager (SCMNodeManager.java:register(266)) - Registered Data node : 81a35a2f-70d3-442b-bace-ce29edca7155{ip: 192.168.151.82, host: pr-hdds-2162-8g7kw-3348123894, networkLocation: /default-rack, certSerialId: null}
2019-09-28 00:07:27,959 [EventQueue-NodeRegistrationContainerReportForDataNodeSafeModeRule] INFO  safemode.SCMSafeModeManager (DataNodeSafeModeRule.java:process(71)) - SCM in safe mode. 1 DataNodes registered, 1 required.
2019-09-28 00:07:27,960 [EventQueue-NodeRegistrationContainerReportForDataNodeSafeModeRule] INFO  safemode.SCMSafeModeManager (SCMSafeModeManager.java:validateSafeModeExitRules(177)) - ScmSafeModeManager, all rules are successfully validated
2019-09-28 00:07:27,960 [EventQueue-NodeRegistrationContainerReportForDataNodeSafeModeRule] INFO  safemode.SCMSafeModeManager (SCMSafeModeManager.java:exitSafeMode(193)) - SCM exiting safe mode.
2019-09-28 00:07:27,983 [IPC Server handler 5 on 42568] INFO  net.NetworkTopology (NetworkTopologyImpl.java:add(111)) - Added a new node: /default-rack/f2b1cee9-5126-4a0c-9c15-774918a74cc9
2019-09-28 00:07:27,983 [IPC Server handler 5 on 42568] INFO  node.SCMNodeManager (SCMNodeManager.java:register(266)) - Registered Data node : f2b1cee9-5126-4a0c-9c15-774918a74cc9{ip: 192.168.151.82, host: pr-hdds-2162-8g7kw-3348123894, networkLocation: /default-rack, certSerialId: null}
2019-09-28 00:07:28,048 [IPC Server handler 7 on 42568] INFO  net.NetworkTopology (NetworkTopologyImpl.java:add(111)) - Added a new node: /default-rack/1f14f3cf-4ace-4392-be28-431862a0440f
2019-09-28 00:07:28,049 [IPC Server handler 7 on 42568] INFO  node.SCMNodeManager (SCMNodeManager.java:register(266)) - Registered Data node : 1f14f3cf-4ace-4392-be28-431862a0440f{ip: 192.168.151.82, host: pr-hdds-2162-8g7kw-3348123894, networkLocation: /default-rack, certSerialId: null}
2019-09-28 00:07:28,107 [IPC Server handler 9 on 42568] INFO  net.NetworkTopology (NetworkTopologyImpl.java:add(111)) - Added a new node: /default-rack/f6411f89-2ca8-4cfc-a99c-aca361894957
2019-09-28 00:07:28,108 [IPC Server handler 9 on 42568] INFO  node.SCMNodeManager (SCMNodeManager.java:register(266)) - Registered Data node : f6411f89-2ca8-4cfc-a99c-aca361894957{ip: 192.168.151.82, host: pr-hdds-2162-8g7kw-3348123894, networkLocation: /default-rack, certSerialId: null}
2019-09-28 00:07:28,166 [IPC Server handler 19 on 42568] INFO  net.NetworkTopology (NetworkTopologyImpl.java:add(111)) - Added a new node: /default-rack/e997bddb-a40f-4466-9539-dfa223a823e1
2019-09-28 00:07:28,167 [IPC Server handler 19 on 42568] INFO  node.SCMNodeManager (SCMNodeManager.java:register(266)) - Registered Data node : e997bddb-a40f-4466-9539-dfa223a823e1{ip: 192.168.151.82, host: pr-hdds-2162-8g7kw-3348123894, networkLocation: /default-rack, certSerialId: null}
2019-09-28 00:07:28,235 [IPC Server handler 17 on 42568] INFO  net.NetworkTopology (NetworkTopologyImpl.java:add(111)) - Added a new node: /default-rack/7eeb4e41-83cf-4f16-b692-5d167ffa47e8
2019-09-28 00:07:28,235 [IPC Server handler 17 on 42568] INFO  node.SCMNodeManager (SCMNodeManager.java:register(266)) - Registered Data node : 7eeb4e41-83cf-4f16-b692-5d167ffa47e8{ip: 192.168.151.82, host: pr-hdds-2162-8g7kw-3348123894, networkLocation: /default-rack, certSerialId: null}
2019-09-28 00:07:28,331 [IPC Server handler 13 on 42568] INFO  net.NetworkTopology (NetworkTopologyImpl.java:add(111)) - Added a new node: /default-rack/064bde2d-db92-404d-9f14-fa74fc053683
2019-09-28 00:07:28,332 [IPC Server handler 13 on 42568] INFO  node.SCMNodeManager (SCMNodeManager.java:register(266)) - Registered Data node : 064bde2d-db92-404d-9f14-fa74fc053683{ip: 192.168.151.82, host: pr-hdds-2162-8g7kw-3348123894, networkLocation: /default-rack, certSerialId: null}
2019-09-28 00:07:28,406 [IPC Server handler 16 on 42568] INFO  net.NetworkTopology (NetworkTopologyImpl.java:add(111)) - Added a new node: /default-rack/dde3bc4a-2072-49f6-96b7-d9dfb1162844
2019-09-28 00:07:28,407 [IPC Server handler 16 on 42568] INFO  node.SCMNodeManager (SCMNodeManager.java:register(266)) - Registered Data node : dde3bc4a-2072-49f6-96b7-d9dfb1162844{ip: 192.168.151.82, host: pr-hdds-2162-8g7kw-3348123894, networkLocation: /default-rack, certSerialId: null}
2019-09-28 00:07:28,536 [IPC Server handler 12 on 42568] INFO  net.NetworkTopology (NetworkTopologyImpl.java:add(111)) - Added a new node: /default-rack/1c95823d-847a-4997-a8a6-4cda28e586d4
2019-09-28 00:07:28,537 [IPC Server handler 12 on 42568] INFO  node.SCMNodeManager (SCMNodeManager.java:register(266)) - Registered Data node : 1c95823d-847a-4997-a8a6-4cda28e586d4{ip: 192.168.151.82, host: pr-hdds-2162-8g7kw-3348123894, networkLocation: /default-rack, certSerialId: null}
2019-09-28 00:07:28,633 [main] INFO  ozone.MiniOzoneClusterImpl (MiniOzoneClusterImpl.java:lambda$waitForClusterToBeReady$0(147)) - Waiting for cluster to be ready. Got 9 of 10 DN Heartbeats.
2019-09-28 00:07:28,641 [IPC Server handler 8 on 42568] INFO  net.NetworkTopology (NetworkTopologyImpl.java:add(111)) - Added a new node: /default-rack/7be1ccd5-eaae-4014-92ab-c222d72ed3a6
2019-09-28 00:07:28,641 [IPC Server handler 8 on 42568] INFO  node.SCMNodeManager (SCMNodeManager.java:register(266)) - Registered Data node : 7be1ccd5-eaae-4014-92ab-c222d72ed3a6{ip: 192.168.151.82, host: pr-hdds-2162-8g7kw-3348123894, networkLocation: /default-rack, certSerialId: null}
2019-09-28 00:07:28,655 [grpc-default-executor-0] INFO  impl.RaftServerProxy (RaftServerProxy.java:addNew(89)) - 81a35a2f-70d3-442b-bace-ce29edca7155: addNew group-FEB5AF36E052:[81a35a2f-70d3-442b-bace-ce29edca7155:192.168.151.82:37102] returns group-FEB5AF36E052:java.util.concurrent.CompletableFuture@14f98052[Not completed]
2019-09-28 00:07:28,681 [pool-27-thread-1] INFO  impl.RaftServerImpl (RaftServerImpl.java:<init>(95)) - 81a35a2f-70d3-442b-bace-ce29edca7155: new RaftServerImpl for group-FEB5AF36E052:[81a35a2f-70d3-442b-bace-ce29edca7155:192.168.151.82:37102] with ContainerStateMachine:uninitialized
2019-09-28 00:07:28,683 [pool-27-thread-1] INFO  server.RaftServerConfigKeys (ConfUtils.java:logGet(43)) - raft.server.rpc.timeout.min = 5s (custom)
2019-09-28 00:07:28,685 [pool-27-thread-1] INFO  server.RaftServerConfigKeys (ConfUtils.java:logGet(43)) - raft.server.rpc.timeout.max = 5200ms (custom)
2019-09-28 00:07:28,685 [pool-27-thread-1] INFO  server.RaftServerConfigKeys (ConfUtils.java:logGet(43)) - raft.server.rpcslowness.timeout = 120s (custom)
2019-09-28 00:07:28,686 [pool-27-thread-1] INFO  server.RaftServerConfigKeys (ConfUtils.java:logGet(43)) - raft.server.sleep.deviation.threshold = 300 (default)
2019-09-28 00:07:28,687 [pool-27-thread-1] INFO  server.RaftServerConfigKeys (ConfUtils.java:logGet(43)) - raft.server.log.appender.install.snapshot.enabled = false (custom)
2019-09-28 00:07:28,695 [pool-27-thread-1] INFO  impl.RaftServerImpl (ServerState.java:<init>(103)) - 81a35a2f-70d3-442b-bace-ce29edca7155@group-FEB5AF36E052: ConfigurationManager, init=-1: [81a35a2f-70d3-442b-bace-ce29edca7155:192.168.151.82:37102], old=null, confs=<EMPTY_MAP>
2019-09-28 00:07:28,695 [pool-27-thread-1] INFO  server.RaftServerConfigKeys (ConfUtils.java:logGet(43)) - raft.server.storage.dir = [/workdir/hadoop-ozone/integration-test/target/test-dir/MiniOzoneClusterImpl-ef93a8f6-ca63-49dc-855c-e6172cde0611/datanode-0/data/ratis] (custom)
2019-09-28 00:07:28,704 [pool-27-thread-1] INFO  storage.RaftStorageDirectory (RaftStorageDirectory.java:analyzeStorage(246)) - The storage directory /workdir/hadoop-ozone/integration-test/target/test-dir/MiniOzoneClusterImpl-ef93a8f6-ca63-49dc-855c-e6172cde0611/datanode-0/data/ratis/09b6e461-0b67-402e-bf0a-feb5af36e052 does not exist. Creating ...
2019-09-28 00:07:28,733 [pool-27-thread-1] INFO  storage.RaftStorageDirectory (RaftStorageDirectory.java:tryLock(328)) - Lock on /workdir/hadoop-ozone/integration-test/target/test-dir/MiniOzoneClusterImpl-ef93a8f6-ca63-49dc-855c-e6172cde0611/datanode-0/data/ratis/09b6e461-0b67-402e-bf0a-feb5af36e052/in_use.lock acquired by nodename 2907@pr-hdds-2162-8g7kw-3348123894
2019-09-28 00:07:28,749 [pool-27-thread-1] INFO  storage.RaftStorage (RaftStorage.java:format(72)) - Storage directory /workdir/hadoop-ozone/integration-test/target/test-dir/MiniOzoneClusterImpl-ef93a8f6-ca63-49dc-855c-e6172cde0611/datanode-0/data/ratis/09b6e461-0b67-402e-bf0a-feb5af36e052 has been successfully formatted.
2019-09-28 00:07:28,752 [pool-27-thread-1] INFO  ratis.ContainerStateMachine (ContainerStateMachine.java:loadSnapshot(230)) - group-FEB5AF36E052: The snapshot info is null. Setting the last applied indexto:(t:0, i:~)
2019-09-28 00:07:28,753 [pool-27-thread-1] INFO  server.RaftServerConfigKeys (ConfUtils.java:logGet(43)) - raft.server.notification.no-leader.timeout = 120s (custom)
2019-09-28 00:07:28,755 [pool-27-thread-1] INFO  server.RaftServerConfigKeys (ConfUtils.java:logGet(43)) - raft.server.log.use.memory = false (default)
2019-09-28 00:07:28,763 [pool-27-thread-1] INFO  server.RaftServerConfigKeys (ConfUtils.java:logGet(43)) - raft.server.log.purge.gap = 1000000 (custom)
2019-09-28 00:07:28,763 [pool-27-thread-1] INFO  server.RaftServerConfigKeys (ConfUtils.java:logGet(43)) - raft.server.log.appender.buffer.byte-limit = 33554432 (custom)
2019-09-28 00:07:28,766 [pool-27-thread-1] INFO  server.RaftServerConfigKeys (ConfUtils.java:logGet(43)) - raft.server.log.segment.size.max = 1048576 (custom)
2019-09-28 00:07:28,772 [pool-27-thread-1] INFO  server.RaftServerConfigKeys (ConfUtils.java:logGet(43)) - raft.server.log.segment.cache.num.max = 2 (custom)
2019-09-28 00:07:28,779 [pool-27-thread-1] INFO  segmented.SegmentedRaftLogWorker (SegmentedRaftLogWorker.java:<init>(172)) - new 81a35a2f-70d3-442b-bace-ce29edca7155@group-FEB5AF36E052-SegmentedRaftLogWorker for RaftStorage:Storage Directory /workdir/hadoop-ozone/integration-test/target/test-dir/MiniOzoneClusterImpl-ef93a8f6-ca63-49dc-855c-e6172cde0611/datanode-0/data/ratis/09b6e461-0b67-402e-bf0a-feb5af36e052
2019-09-28 00:07:28,780 [pool-27-thread-1] INFO  impl.MetricsSystemImpl (MetricsSystemImpl.java:init(158)) - ratis metrics system started (again)
2019-09-28 00:07:28,788 [pool-27-thread-1] INFO  metrics.MetricRegistries (MetricRegistriesLoader.java:load(64)) - Loaded MetricRegistries class org.apache.ratis.metrics.impl.MetricRegistriesImpl
2019-09-28 00:07:28,822 [pool-27-thread-1] INFO  server.RaftServerConfigKeys (ConfUtils.java:logGet(43)) - raft.server.log.queue.byte-limit = 2147483647 (custom)
2019-09-28 00:07:28,822 [pool-27-thread-1] INFO  server.RaftServerConfigKeys (ConfUtils.java:logGet(43)) - raft.server.log.queue.element-limit = 1024 (custom)
2019-09-28 00:07:28,826 [pool-27-thread-1] INFO  server.RaftServerConfigKeys (ConfUtils.java:logGet(43)) - raft.server.log.segment.size.max = 1048576 (custom)
2019-09-28 00:07:28,826 [pool-27-thread-1] INFO  server.RaftServerConfigKeys (ConfUtils.java:logGet(43)) - raft.server.log.preallocated.size = 16384 (custom)
2019-09-28 00:07:28,827 [pool-27-thread-1] INFO  server.RaftServerConfigKeys (ConfUtils.java:logGet(43)) - raft.server.log.write.buffer.size = 33554432 (custom)
2019-09-28 00:07:28,827 [pool-27-thread-1] INFO  server.RaftServerConfigKeys (ConfUtils.java:logGet(43)) - raft.server.log.force.sync.num = 128 (default)
2019-09-28 00:07:28,828 [pool-27-thread-1] INFO  server.RaftServerConfigKeys (ConfUtils.java:logGet(43)) - raft.server.log.statemachine.data.sync = true (default)
2019-09-28 00:07:28,828 [pool-27-thread-1] INFO  server.RaftServerConfigKeys (ConfUtils.java:logGet(43)) - raft.server.log.statemachine.data.sync.timeout = 10s (default)
2019-09-28 00:07:28,829 [pool-27-thread-1] INFO  server.RaftServerConfigKeys (ConfUtils.java:logGet(43)) - raft.server.log.statemachine.data.sync.timeout.retry = -1 (default)
2019-09-28 00:07:28,838 [pool-27-thread-1] INFO  server.RaftServerConfigKeys (ConfUtils.java:logGet(43)) - raft.server.log.statemachine.data.caching.enabled = true (custom)
2019-09-28 00:07:28,842 [pool-27-thread-1] INFO  segmented.SegmentedRaftLogWorker (SegmentedRaftLogWorker.java:lambda$new$0(132)) - 81a35a2f-70d3-442b-bace-ce29edca7155@group-FEB5AF36E052-SegmentedRaftLogWorker: flushIndex: setUnconditionally 0 -> -1
2019-09-28 00:07:28,847 [pool-27-thread-1] INFO  server.RaftServerConfigKeys (ConfUtils.java:logGet(43)) - raft.server.snapshot.auto.trigger.enabled = true (custom)
2019-09-28 00:07:28,847 [pool-27-thread-1] INFO  server.RaftServerConfigKeys (ConfUtils.java:logGet(43)) - raft.server.snapshot.auto.trigger.threshold = 10000 (custom)
2019-09-28 00:07:28,848 [pool-27-thread-1] INFO  server.RaftServerConfigKeys (ConfUtils.java:logGet(43)) - raft.server.snapshot.retention.num.files = 5 (custom)
2019-09-28 00:07:28,848 [pool-27-thread-1] INFO  server.RaftServerConfigKeys (ConfUtils.java:logGet(43)) - raft.server.retrycache.expirytime = 600000ms (custom)
2019-09-28 00:07:28,875 [pool-27-thread-1] INFO  impl.RaftServerImpl (RaftServerImpl.java:start(185)) - 81a35a2f-70d3-442b-bace-ce29edca7155@group-FEB5AF36E052: start as a follower, conf=-1: [81a35a2f-70d3-442b-bace-ce29edca7155:192.168.151.82:37102], old=null
2019-09-28 00:07:28,876 [pool-27-thread-1] INFO  impl.RaftServerImpl (RaftServerImpl.java:setRole(174)) - 81a35a2f-70d3-442b-bace-ce29edca7155@group-FEB5AF36E052: changes role from      null to FOLLOWER at term 0 for startAsFollower
2019-09-28 00:07:28,877 [pool-27-thread-1] INFO  impl.RoleInfo (RoleInfo.java:updateAndGet(143)) - 81a35a2f-70d3-442b-bace-ce29edca7155: start FollowerState
2019-09-28 00:07:28,878 [pool-27-thread-1] INFO  util.JmxRegister (JmxRegister.java:tryRegister(44)) - Successfully registered JMX Bean with object name Ratis:service=RaftServer,group=group-FEB5AF36E052,id=81a35a2f-70d3-442b-bace-ce29edca7155
2019-09-28 00:07:28,951 [RatisPipelineUtilsThread] INFO  pipeline.PipelineStateManager (PipelineStateManager.java:addPipeline(56)) - Created pipeline Pipeline[ Id: 09b6e461-0b67-402e-bf0a-feb5af36e052, Nodes: 81a35a2f-70d3-442b-bace-ce29edca7155{ip: 192.168.151.82, host: pr-hdds-2162-8g7kw-3348123894, networkLocation: /default-rack, certSerialId: null}, Type:RATIS, Factor:ONE, State:OPEN]
2019-09-28 00:07:28,980 [grpc-default-executor-0] INFO  impl.RaftServerProxy (RaftServerProxy.java:addNew(89)) - f2b1cee9-5126-4a0c-9c15-774918a74cc9: addNew group-7CE3F72DD94C:[f2b1cee9-5126-4a0c-9c15-774918a74cc9:192.168.151.82:44946] returns group-7CE3F72DD94C:java.util.concurrent.CompletableFuture@328e0dd6[Not completed]
2019-09-28 00:07:29,052 [pool-37-thread-1] INFO  impl.RaftServerImpl (RaftServerImpl.java:<init>(95)) - f2b1cee9-5126-4a0c-9c15-774918a74cc9: new RaftServerImpl for group-7CE3F72DD94C:[f2b1cee9-5126-4a0c-9c15-774918a74cc9:192.168.151.82:44946] with ContainerStateMachine:uninitialized
2019-09-28 00:07:29,054 [pool-37-thread-1] INFO  server.RaftServerConfigKeys (ConfUtils.java:logGet(43)) - raft.server.rpc.timeout.min = 5s (custom)
2019-09-28 00:07:29,054 [pool-37-thread-1] INFO  server.RaftServerConfigKeys (ConfUtils.java:logGet(43)) - raft.server.rpc.timeout.max = 5200ms (custom)
2019-09-28 00:07:29,054 [pool-37-thread-1] INFO  server.RaftServerConfigKeys (ConfUtils.java:logGet(43)) - raft.server.rpcslowness.timeout = 120s (custom)
2019-09-28 00:07:29,055 [pool-37-thread-1] INFO  server.RaftServerConfigKeys (ConfUtils.java:logGet(43)) - raft.server.sleep.deviation.threshold = 300 (default)
2019-09-28 00:07:29,055 [pool-37-thread-1] INFO  server.RaftServerConfigKeys (ConfUtils.java:logGet(43)) - raft.server.log.appender.install.snapshot.enabled = false (custom)
2019-09-28 00:07:29,055 [pool-37-thread-1] INFO  impl.RaftServerImpl (ServerState.java:<init>(103)) - f2b1cee9-5126-4a0c-9c15-774918a74cc9@group-7CE3F72DD94C: ConfigurationManager, init=-1: [f2b1cee9-5126-4a0c-9c15-774918a74cc9:192.168.151.82:44946], old=null, confs=<EMPTY_MAP>
2019-09-28 00:07:29,055 [pool-37-thread-1] INFO  server.RaftServerConfigKeys (ConfUtils.java:logGet(43)) - raft.server.storage.dir = [/workdir/hadoop-ozone/integration-test/target/test-dir/MiniOzoneClusterImpl-ef93a8f6-ca63-49dc-855c-e6172cde0611/datanode-1/data/ratis] (custom)
2019-09-28 00:07:29,056 [pool-37-thread-1] INFO  storage.RaftStorageDirectory (RaftStorageDirectory.java:analyzeStorage(246)) - The storage directory /workdir/hadoop-ozone/integration-test/target/test-dir/MiniOzoneClusterImpl-ef93a8f6-ca63-49dc-855c-e6172cde0611/datanode-1/data/ratis/47ae81ba-3098-46ed-b3e2-7ce3f72dd94c does not exist. Creating ...
2019-09-28 00:07:29,082 [pool-37-thread-1] INFO  storage.RaftStorageDirectory (RaftStorageDirectory.java:tryLock(328)) - Lock on /workdir/hadoop-ozone/integration-test/target/test-dir/MiniOzoneClusterImpl-ef93a8f6-ca63-49dc-855c-e6172cde0611/datanode-1/data/ratis/47ae81ba-3098-46ed-b3e2-7ce3f72dd94c/in_use.lock acquired by nodename 2907@pr-hdds-2162-8g7kw-3348123894
2019-09-28 00:07:29,095 [pool-37-thread-1] INFO  storage.RaftStorage (RaftStorage.java:format(72)) - Storage directory /workdir/hadoop-ozone/integration-test/target/test-dir/MiniOzoneClusterImpl-ef93a8f6-ca63-49dc-855c-e6172cde0611/datanode-1/data/ratis/47ae81ba-3098-46ed-b3e2-7ce3f72dd94c has been successfully formatted.
2019-09-28 00:07:29,098 [pool-37-thread-1] INFO  ratis.ContainerStateMachine (ContainerStateMachine.java:loadSnapshot(230)) - group-7CE3F72DD94C: The snapshot info is null. Setting the last applied indexto:(t:0, i:~)
2019-09-28 00:07:29,101 [pool-37-thread-1] INFO  server.RaftServerConfigKeys (ConfUtils.java:logGet(43)) - raft.server.notification.no-leader.timeout = 120s (custom)
2019-09-28 00:07:29,101 [pool-37-thread-1] INFO  server.RaftServerConfigKeys (ConfUtils.java:logGet(43)) - raft.server.log.use.memory = false (default)
2019-09-28 00:07:29,101 [pool-37-thread-1] INFO  server.RaftServerConfigKeys (ConfUtils.java:logGet(43)) - raft.server.log.purge.gap = 1000000 (custom)
2019-09-28 00:07:29,101 [pool-37-thread-1] INFO  server.RaftServerConfigKeys (ConfUtils.java:logGet(43)) - raft.server.log.appender.buffer.byte-limit = 33554432 (custom)
2019-09-28 00:07:29,102 [pool-37-thread-1] INFO  server.RaftServerConfigKeys (ConfUtils.java:logGet(43)) - raft.server.log.segment.size.max = 1048576 (custom)
2019-09-28 00:07:29,102 [pool-37-thread-1] INFO  server.RaftServerConfigKeys (ConfUtils.java:logGet(43)) - raft.server.log.segment.cache.num.max = 2 (custom)
2019-09-28 00:07:29,102 [pool-37-thread-1] INFO  segmented.SegmentedRaftLogWorker (SegmentedRaftLogWorker.java:<init>(172)) - new f2b1cee9-5126-4a0c-9c15-774918a74cc9@group-7CE3F72DD94C-SegmentedRaftLogWorker for RaftStorage:Storage Directory /workdir/hadoop-ozone/integration-test/target/test-dir/MiniOzoneClusterImpl-ef93a8f6-ca63-49dc-855c-e6172cde0611/datanode-1/data/ratis/47ae81ba-3098-46ed-b3e2-7ce3f72dd94c
2019-09-28 00:07:29,113 [pool-37-thread-1] INFO  server.RaftServerConfigKeys (ConfUtils.java:logGet(43)) - raft.server.log.queue.byte-limit = 2147483647 (custom)
2019-09-28 00:07:29,113 [pool-37-thread-1] INFO  server.RaftServerConfigKeys (ConfUtils.java:logGet(43)) - raft.server.log.queue.element-limit = 1024 (custom)
2019-09-28 00:07:29,114 [pool-37-thread-1] INFO  server.RaftServerConfigKeys (ConfUtils.java:logGet(43)) - raft.server.log.segment.size.max = 1048576 (custom)
2019-09-28 00:07:29,114 [pool-37-thread-1] INFO  server.RaftServerConfigKeys (ConfUtils.java:logGet(43)) - raft.server.log.preallocated.size = 16384 (custom)
2019-09-28 00:07:29,114 [pool-37-thread-1] INFO  server.RaftServerConfigKeys (ConfUtils.java:logGet(43)) - raft.server.log.write.buffer.size = 33554432 (custom)
2019-09-28 00:07:29,115 [pool-37-thread-1] INFO  server.RaftServerConfigKeys (ConfUtils.java:logGet(43)) - raft.server.log.force.sync.num = 128 (default)
2019-09-28 00:07:29,115 [pool-37-thread-1] INFO  server.RaftServerConfigKeys (ConfUtils.java:logGet(43)) - raft.server.log.statemachine.data.sync = true (default)
2019-09-28 00:07:29,115 [pool-37-thread-1] INFO  server.RaftServerConfigKeys (ConfUtils.java:logGet(43)) - raft.server.log.statemachine.data.sync.timeout = 10s (default)
2019-09-28 00:07:29,115 [pool-37-thread-1] INFO  server.RaftServerConfigKeys (ConfUtils.java:logGet(43)) - raft.server.log.statemachine.data.sync.timeout.retry = -1 (default)
2019-09-28 00:07:29,116 [pool-37-thread-1] INFO  server.RaftServerConfigKeys (ConfUtils.java:logGet(43)) - raft.server.log.statemachine.data.caching.enabled = true (custom)
2019-09-28 00:07:29,116 [pool-37-thread-1] INFO  segmented.SegmentedRaftLogWorker (SegmentedRaftLogWorker.java:lambda$new$0(132)) - f2b1cee9-5126-4a0c-9c15-774918a74cc9@group-7CE3F72DD94C-SegmentedRaftLogWorker: flushIndex: setUnconditionally 0 -> -1
2019-09-28 00:07:29,117 [pool-37-thread-1] INFO  server.RaftServerConfigKeys (ConfUtils.java:logGet(43)) - raft.server.snapshot.auto.trigger.enabled = true (custom)
2019-09-28 00:07:29,117 [pool-37-thread-1] INFO  server.RaftServerConfigKeys (ConfUtils.java:logGet(43)) - raft.server.snapshot.auto.trigger.threshold = 10000 (custom)
2019-09-28 00:07:29,117 [pool-37-thread-1] INFO  server.RaftServerConfigKeys (ConfUtils.java:logGet(43)) - raft.server.snapshot.retention.num.files = 5 (custom)
2019-09-28 00:07:29,118 [pool-37-thread-1] INFO  server.RaftServerConfigKeys (ConfUtils.java:logGet(43)) - raft.server.retrycache.expirytime = 600000ms (custom)
2019-09-28 00:07:29,126 [pool-37-thread-1] INFO  impl.RaftServerImpl (RaftServerImpl.java:start(185)) - f2b1cee9-5126-4a0c-9c15-774918a74cc9@group-7CE3F72DD94C: start as a follower, conf=-1: [f2b1cee9-5126-4a0c-9c15-774918a74cc9:192.168.151.82:44946], old=null
2019-09-28 00:07:29,126 [pool-37-thread-1] INFO  impl.RaftServerImpl (RaftServerImpl.java:setRole(174)) - f2b1cee9-5126-4a0c-9c15-774918a74cc9@group-7CE3F72DD94C: changes role from      null to FOLLOWER at term 0 for startAsFollower
2019-09-28 00:07:29,126 [pool-37-thread-1] INFO  impl.RoleInfo (RoleInfo.java:updateAndGet(143)) - f2b1cee9-5126-4a0c-9c15-774918a74cc9: start FollowerState
2019-09-28 00:07:29,130 [pool-37-thread-1] INFO  util.JmxRegister (JmxRegister.java:tryRegister(44)) - Successfully registered JMX Bean with object name Ratis:service=RaftServer,group=group-7CE3F72DD94C,id=f2b1cee9-5126-4a0c-9c15-774918a74cc9
2019-09-28 00:07:29,154 [RatisPipelineUtilsThread] INFO  pipeline.PipelineStateManager (PipelineStateManager.java:addPipeline(56)) - Created pipeline Pipeline[ Id: 47ae81ba-3098-46ed-b3e2-7ce3f72dd94c, Nodes: f2b1cee9-5126-4a0c-9c15-774918a74cc9{ip: 192.168.151.82, host: pr-hdds-2162-8g7kw-3348123894, networkLocation: /default-rack, certSerialId: null}, Type:RATIS, Factor:ONE, State:OPEN]
2019-09-28 00:07:29,181 [grpc-default-executor-0] INFO  impl.RaftServerProxy (RaftServerProxy.java:addNew(89)) - 7eeb4e41-83cf-4f16-b692-5d167ffa47e8: addNew group-2E50A81D9438:[7eeb4e41-83cf-4f16-b692-5d167ffa47e8:192.168.151.82:42184] returns group-2E50A81D9438:java.util.concurrent.CompletableFuture@16378db2[Not completed]
2019-09-28 00:07:29,219 [pool-77-thread-1] INFO  impl.RaftServerImpl (RaftServerImpl.java:<init>(95)) - 7eeb4e41-83cf-4f16-b692-5d167ffa47e8: new RaftServerImpl for group-2E50A81D9438:[7eeb4e41-83cf-4f16-b692-5d167ffa47e8:192.168.151.82:42184] with ContainerStateMachine:uninitialized
2019-09-28 00:07:29,219 [pool-77-thread-1] INFO  server.RaftServerConfigKeys (ConfUtils.java:logGet(43)) - raft.server.rpc.timeout.min = 5s (custom)
2019-09-28 00:07:29,219 [pool-77-thread-1] INFO  server.RaftServerConfigKeys (ConfUtils.java:logGet(43)) - raft.server.rpc.timeout.max = 5200ms (custom)
2019-09-28 00:07:29,220 [pool-77-thread-1] INFO  server.RaftServerConfigKeys (ConfUtils.java:logGet(43)) - raft.server.rpcslowness.timeout = 120s (custom)
2019-09-28 00:07:29,220 [pool-77-thread-1] INFO  server.RaftServerConfigKeys (ConfUtils.java:logGet(43)) - raft.server.sleep.deviation.threshold = 300 (default)
2019-09-28 00:07:29,220 [pool-77-thread-1] INFO  server.RaftServerConfigKeys (ConfUtils.java:logGet(43)) - raft.server.log.appender.install.snapshot.enabled = false (custom)
2019-09-28 00:07:29,220 [pool-77-thread-1] INFO  impl.RaftServerImpl (ServerState.java:<init>(103)) - 7eeb4e41-83cf-4f16-b692-5d167ffa47e8@group-2E50A81D9438: ConfigurationManager, init=-1: [7eeb4e41-83cf-4f16-b692-5d167ffa47e8:192.168.151.82:42184], old=null, confs=<EMPTY_MAP>
2019-09-28 00:07:29,220 [pool-77-thread-1] INFO  server.RaftServerConfigKeys (ConfUtils.java:logGet(43)) - raft.server.storage.dir = [/workdir/hadoop-ozone/integration-test/target/test-dir/MiniOzoneClusterImpl-ef93a8f6-ca63-49dc-855c-e6172cde0611/datanode-5/data/ratis] (custom)
2019-09-28 00:07:29,221 [pool-77-thread-1] INFO  storage.RaftStorageDirectory (RaftStorageDirectory.java:analyzeStorage(246)) - The storage directory /workdir/hadoop-ozone/integration-test/target/test-dir/MiniOzoneClusterImpl-ef93a8f6-ca63-49dc-855c-e6172cde0611/datanode-5/data/ratis/00c46f72-e8d7-4cd7-b172-2e50a81d9438 does not exist. Creating ...
2019-09-28 00:07:29,236 [pool-77-thread-1] INFO  storage.RaftStorageDirectory (RaftStorageDirectory.java:tryLock(328)) - Lock on /workdir/hadoop-ozone/integration-test/target/test-dir/MiniOzoneClusterImpl-ef93a8f6-ca63-49dc-855c-e6172cde0611/datanode-5/data/ratis/00c46f72-e8d7-4cd7-b172-2e50a81d9438/in_use.lock acquired by nodename 2907@pr-hdds-2162-8g7kw-3348123894
2019-09-28 00:07:29,249 [pool-77-thread-1] INFO  storage.RaftStorage (RaftStorage.java:format(72)) - Storage directory /workdir/hadoop-ozone/integration-test/target/test-dir/MiniOzoneClusterImpl-ef93a8f6-ca63-49dc-855c-e6172cde0611/datanode-5/data/ratis/00c46f72-e8d7-4cd7-b172-2e50a81d9438 has been successfully formatted.
2019-09-28 00:07:29,249 [pool-77-thread-1] INFO  ratis.ContainerStateMachine (ContainerStateMachine.java:loadSnapshot(230)) - group-2E50A81D9438: The snapshot info is null. Setting the last applied indexto:(t:0, i:~)
2019-09-28 00:07:29,249 [pool-77-thread-1] INFO  server.RaftServerConfigKeys (ConfUtils.java:logGet(43)) - raft.server.notification.no-leader.timeout = 120s (custom)
2019-09-28 00:07:29,250 [pool-77-thread-1] INFO  server.RaftServerConfigKeys (ConfUtils.java:logGet(43)) - raft.server.log.use.memory = false (default)
2019-09-28 00:07:29,250 [pool-77-thread-1] INFO  server.RaftServerConfigKeys (ConfUtils.java:logGet(43)) - raft.server.log.purge.gap = 1000000 (custom)
2019-09-28 00:07:29,250 [pool-77-thread-1] INFO  server.RaftServerConfigKeys (ConfUtils.java:logGet(43)) - raft.server.log.appender.buffer.byte-limit = 33554432 (custom)
2019-09-28 00:07:29,250 [pool-77-thread-1] INFO  server.RaftServerConfigKeys (ConfUtils.java:logGet(43)) - raft.server.log.segment.size.max = 1048576 (custom)
2019-09-28 00:07:29,251 [pool-77-thread-1] INFO  server.RaftServerConfigKeys (ConfUtils.java:logGet(43)) - raft.server.log.segment.cache.num.max = 2 (custom)
2019-09-28 00:07:29,251 [pool-77-thread-1] INFO  segmented.SegmentedRaftLogWorker (SegmentedRaftLogWorker.java:<init>(172)) - new 7eeb4e41-83cf-4f16-b692-5d167ffa47e8@group-2E50A81D9438-SegmentedRaftLogWorker for RaftStorage:Storage Directory /workdir/hadoop-ozone/integration-test/target/test-dir/MiniOzoneClusterImpl-ef93a8f6-ca63-49dc-855c-e6172cde0611/datanode-5/data/ratis/00c46f72-e8d7-4cd7-b172-2e50a81d9438
2019-09-28 00:07:29,315 [pool-77-thread-1] INFO  server.RaftServerConfigKeys (ConfUtils.java:logGet(43)) - raft.server.log.queue.byte-limit = 2147483647 (custom)
2019-09-28 00:07:29,316 [pool-77-thread-1] INFO  server.RaftServerConfigKeys (ConfUtils.java:logGet(43)) - raft.server.log.queue.element-limit = 1024 (custom)
2019-09-28 00:07:29,316 [pool-77-thread-1] INFO  server.RaftServerConfigKeys (ConfUtils.java:logGet(43)) - raft.server.log.segment.size.max = 1048576 (custom)
2019-09-28 00:07:29,316 [pool-77-thread-1] INFO  server.RaftServerConfigKeys (ConfUtils.java:logGet(43)) - raft.server.log.preallocated.size = 16384 (custom)
2019-09-28 00:07:29,316 [pool-77-thread-1] INFO  server.RaftServerConfigKeys (ConfUtils.java:logGet(43)) - raft.server.log.write.buffer.size = 33554432 (custom)
2019-09-28 00:07:29,317 [pool-77-thread-1] INFO  server.RaftServerConfigKeys (ConfUtils.java:logGet(43)) - raft.server.log.force.sync.num = 128 (default)
2019-09-28 00:07:29,317 [pool-77-thread-1] INFO  server.RaftServerConfigKeys (ConfUtils.java:logGet(43)) - raft.server.log.statemachine.data.sync = true (default)
2019-09-28 00:07:29,317 [pool-77-thread-1] INFO  server.RaftServerConfigKeys (ConfUtils.java:logGet(43)) - raft.server.log.statemachine.data.sync.timeout = 10s (default)
2019-09-28 00:07:29,317 [pool-77-thread-1] INFO  server.RaftServerConfigKeys (ConfUtils.java:logGet(43)) - raft.server.log.statemachine.data.sync.timeout.retry = -1 (default)
2019-09-28 00:07:29,318 [pool-77-thread-1] INFO  server.RaftServerConfigKeys (ConfUtils.java:logGet(43)) - raft.server.log.statemachine.data.caching.enabled = true (custom)
2019-09-28 00:07:29,318 [pool-77-thread-1] INFO  segmented.SegmentedRaftLogWorker (SegmentedRaftLogWorker.java:lambda$new$0(132)) - 7eeb4e41-83cf-4f16-b692-5d167ffa47e8@group-2E50A81D9438-SegmentedRaftLogWorker: flushIndex: setUnconditionally 0 -> -1
2019-09-28 00:07:29,319 [pool-77-thread-1] INFO  server.RaftServerConfigKeys (ConfUtils.java:logGet(43)) - raft.server.snapshot.auto.trigger.enabled = true (custom)
2019-09-28 00:07:29,319 [pool-77-thread-1] INFO  server.RaftServerConfigKeys (ConfUtils.java:logGet(43)) - raft.server.snapshot.auto.trigger.threshold = 10000 (custom)
2019-09-28 00:07:29,319 [pool-77-thread-1] INFO  server.RaftServerConfigKeys (ConfUtils.java:logGet(43)) - raft.server.snapshot.retention.num.files = 5 (custom)
2019-09-28 00:07:29,319 [pool-77-thread-1] INFO  server.RaftServerConfigKeys (ConfUtils.java:logGet(43)) - raft.server.retrycache.expirytime = 600000ms (custom)
2019-09-28 00:07:29,324 [pool-77-thread-1] INFO  impl.RaftServerImpl (RaftServerImpl.java:start(185)) - 7eeb4e41-83cf-4f16-b692-5d167ffa47e8@group-2E50A81D9438: start as a follower, conf=-1: [7eeb4e41-83cf-4f16-b692-5d167ffa47e8:192.168.151.82:42184], old=null
2019-09-28 00:07:29,325 [pool-77-thread-1] INFO  impl.RaftServerImpl (RaftServerImpl.java:setRole(174)) - 7eeb4e41-83cf-4f16-b692-5d167ffa47e8@group-2E50A81D9438: changes role from      null to FOLLOWER at term 0 for startAsFollower
2019-09-28 00:07:29,325 [pool-77-thread-1] INFO  impl.RoleInfo (RoleInfo.java:updateAndGet(143)) - 7eeb4e41-83cf-4f16-b692-5d167ffa47e8: start FollowerState
2019-09-28 00:07:29,325 [pool-77-thread-1] INFO  util.JmxRegister (JmxRegister.java:tryRegister(44)) - Successfully registered JMX Bean with object name Ratis:service=RaftServer,group=group-2E50A81D9438,id=7eeb4e41-83cf-4f16-b692-5d167ffa47e8
2019-09-28 00:07:29,341 [RatisPipelineUtilsThread] INFO  pipeline.PipelineStateManager (PipelineStateManager.java:addPipeline(56)) - Created pipeline Pipeline[ Id: 00c46f72-e8d7-4cd7-b172-2e50a81d9438, Nodes: 7eeb4e41-83cf-4f16-b692-5d167ffa47e8{ip: 192.168.151.82, host: pr-hdds-2162-8g7kw-3348123894, networkLocation: /default-rack, certSerialId: null}, Type:RATIS, Factor:ONE, State:OPEN]
2019-09-28 00:07:29,378 [grpc-default-executor-0] INFO  impl.RaftServerProxy (RaftServerProxy.java:addNew(89)) - e997bddb-a40f-4466-9539-dfa223a823e1: addNew group-C382CF22E36D:[e997bddb-a40f-4466-9539-dfa223a823e1:192.168.151.82:34311] returns group-C382CF22E36D:java.util.concurrent.CompletableFuture@69bc25e1[Not completed]
2019-09-28 00:07:29,387 [pool-67-thread-1] INFO  impl.RaftServerImpl (RaftServerImpl.java:<init>(95)) - e997bddb-a40f-4466-9539-dfa223a823e1: new RaftServerImpl for group-C382CF22E36D:[e997bddb-a40f-4466-9539-dfa223a823e1:192.168.151.82:34311] with ContainerStateMachine:uninitialized
2019-09-28 00:07:29,387 [pool-67-thread-1] INFO  server.RaftServerConfigKeys (ConfUtils.java:logGet(43)) - raft.server.rpc.timeout.min = 5s (custom)
2019-09-28 00:07:29,387 [pool-67-thread-1] INFO  server.RaftServerConfigKeys (ConfUtils.java:logGet(43)) - raft.server.rpc.timeout.max = 5200ms (custom)
2019-09-28 00:07:29,387 [pool-67-thread-1] INFO  server.RaftServerConfigKeys (ConfUtils.java:logGet(43)) - raft.server.rpcslowness.timeout = 120s (custom)
2019-09-28 00:07:29,387 [pool-67-thread-1] INFO  server.RaftServerConfigKeys (ConfUtils.java:logGet(43)) - raft.server.sleep.deviation.threshold = 300 (default)
2019-09-28 00:07:29,388 [pool-67-thread-1] INFO  server.RaftServerConfigKeys (ConfUtils.java:logGet(43)) - raft.server.log.appender.install.snapshot.enabled = false (custom)
2019-09-28 00:07:29,388 [pool-67-thread-1] INFO  impl.RaftServerImpl (ServerState.java:<init>(103)) - e997bddb-a40f-4466-9539-dfa223a823e1@group-C382CF22E36D: ConfigurationManager, init=-1: [e997bddb-a40f-4466-9539-dfa223a823e1:192.168.151.82:34311], old=null, confs=<EMPTY_MAP>
2019-09-28 00:07:29,388 [pool-67-thread-1] INFO  server.RaftServerConfigKeys (ConfUtils.java:logGet(43)) - raft.server.storage.dir = [/workdir/hadoop-ozone/integration-test/target/test-dir/MiniOzoneClusterImpl-ef93a8f6-ca63-49dc-855c-e6172cde0611/datanode-4/data/ratis] (custom)
2019-09-28 00:07:29,389 [pool-67-thread-1] INFO  storage.RaftStorageDirectory (RaftStorageDirectory.java:analyzeStorage(246)) - The storage directory /workdir/hadoop-ozone/integration-test/target/test-dir/MiniOzoneClusterImpl-ef93a8f6-ca63-49dc-855c-e6172cde0611/datanode-4/data/ratis/481cd778-9dfc-4920-88fa-c382cf22e36d does not exist. Creating ...
2019-09-28 00:07:29,409 [pool-67-thread-1] INFO  storage.RaftStorageDirectory (RaftStorageDirectory.java:tryLock(328)) - Lock on /workdir/hadoop-ozone/integration-test/target/test-dir/MiniOzoneClusterImpl-ef93a8f6-ca63-49dc-855c-e6172cde0611/datanode-4/data/ratis/481cd778-9dfc-4920-88fa-c382cf22e36d/in_use.lock acquired by nodename 2907@pr-hdds-2162-8g7kw-3348123894
2019-09-28 00:07:29,423 [pool-67-thread-1] INFO  storage.RaftStorage (RaftStorage.java:format(72)) - Storage directory /workdir/hadoop-ozone/integration-test/target/test-dir/MiniOzoneClusterImpl-ef93a8f6-ca63-49dc-855c-e6172cde0611/datanode-4/data/ratis/481cd778-9dfc-4920-88fa-c382cf22e36d has been successfully formatted.
2019-09-28 00:07:29,423 [pool-67-thread-1] INFO  ratis.ContainerStateMachine (ContainerStateMachine.java:loadSnapshot(230)) - group-C382CF22E36D: The snapshot info is null. Setting the last applied indexto:(t:0, i:~)
2019-09-28 00:07:29,423 [pool-67-thread-1] INFO  server.RaftServerConfigKeys (ConfUtils.java:logGet(43)) - raft.server.notification.no-leader.timeout = 120s (custom)
2019-09-28 00:07:29,423 [pool-67-thread-1] INFO  server.RaftServerConfigKeys (ConfUtils.java:logGet(43)) - raft.server.log.use.memory = false (default)
2019-09-28 00:07:29,424 [pool-67-thread-1] INFO  server.RaftServerConfigKeys (ConfUtils.java:logGet(43)) - raft.server.log.purge.gap = 1000000 (custom)
2019-09-28 00:07:29,424 [pool-67-thread-1] INFO  server.RaftServerConfigKeys (ConfUtils.java:logGet(43)) - raft.server.log.appender.buffer.byte-limit = 33554432 (custom)
2019-09-28 00:07:29,424 [pool-67-thread-1] INFO  server.RaftServerConfigKeys (ConfUtils.java:logGet(43)) - raft.server.log.segment.size.max = 1048576 (custom)
2019-09-28 00:07:29,424 [pool-67-thread-1] INFO  server.RaftServerConfigKeys (ConfUtils.java:logGet(43)) - raft.server.log.segment.cache.num.max = 2 (custom)
2019-09-28 00:07:29,425 [pool-67-thread-1] INFO  segmented.SegmentedRaftLogWorker (SegmentedRaftLogWorker.java:<init>(172)) - new e997bddb-a40f-4466-9539-dfa223a823e1@group-C382CF22E36D-SegmentedRaftLogWorker for RaftStorage:Storage Directory /workdir/hadoop-ozone/integration-test/target/test-dir/MiniOzoneClusterImpl-ef93a8f6-ca63-49dc-855c-e6172cde0611/datanode-4/data/ratis/481cd778-9dfc-4920-88fa-c382cf22e36d
2019-09-28 00:07:29,430 [pool-67-thread-1] INFO  server.RaftServerConfigKeys (ConfUtils.java:logGet(43)) - raft.server.log.queue.byte-limit = 2147483647 (custom)
2019-09-28 00:07:29,430 [pool-67-thread-1] INFO  server.RaftServerConfigKeys (ConfUtils.java:logGet(43)) - raft.server.log.queue.element-limit = 1024 (custom)
2019-09-28 00:07:29,430 [pool-67-thread-1] INFO  server.RaftServerConfigKeys (ConfUtils.java:logGet(43)) - raft.server.log.segment.size.max = 1048576 (custom)
2019-09-28 00:07:29,430 [pool-67-thread-1] INFO  server.RaftServerConfigKeys (ConfUtils.java:logGet(43)) - raft.server.log.preallocated.size = 16384 (custom)
2019-09-28 00:07:29,431 [pool-67-thread-1] INFO  server.RaftServerConfigKeys (ConfUtils.java:logGet(43)) - raft.server.log.write.buffer.size = 33554432 (custom)
2019-09-28 00:07:29,431 [pool-67-thread-1] INFO  server.RaftServerConfigKeys (ConfUtils.java:logGet(43)) - raft.server.log.force.sync.num = 128 (default)
2019-09-28 00:07:29,431 [pool-67-thread-1] INFO  server.RaftServerConfigKeys (ConfUtils.java:logGet(43)) - raft.server.log.statemachine.data.sync = true (default)
2019-09-28 00:07:29,431 [pool-67-thread-1] INFO  server.RaftServerConfigKeys (ConfUtils.java:logGet(43)) - raft.server.log.statemachine.data.sync.timeout = 10s (default)
2019-09-28 00:07:29,431 [pool-67-thread-1] INFO  server.RaftServerConfigKeys (ConfUtils.java:logGet(43)) - raft.server.log.statemachine.data.sync.timeout.retry = -1 (default)
2019-09-28 00:07:29,431 [pool-67-thread-1] INFO  server.RaftServerConfigKeys (ConfUtils.java:logGet(43)) - raft.server.log.statemachine.data.caching.enabled = true (custom)
2019-09-28 00:07:29,432 [pool-67-thread-1] INFO  segmented.SegmentedRaftLogWorker (SegmentedRaftLogWorker.java:lambda$new$0(132)) - e997bddb-a40f-4466-9539-dfa223a823e1@group-C382CF22E36D-SegmentedRaftLogWorker: flushIndex: setUnconditionally 0 -> -1
2019-09-28 00:07:29,432 [pool-67-thread-1] INFO  server.RaftServerConfigKeys (ConfUtils.java:logGet(43)) - raft.server.snapshot.auto.trigger.enabled = true (custom)
2019-09-28 00:07:29,432 [pool-67-thread-1] INFO  server.RaftServerConfigKeys (ConfUtils.java:logGet(43)) - raft.server.snapshot.auto.trigger.threshold = 10000 (custom)
2019-09-28 00:07:29,432 [pool-67-thread-1] INFO  server.RaftServerConfigKeys (ConfUtils.java:logGet(43)) - raft.server.snapshot.retention.num.files = 5 (custom)
2019-09-28 00:07:29,433 [pool-67-thread-1] INFO  server.RaftServerConfigKeys (ConfUtils.java:logGet(43)) - raft.server.retrycache.expirytime = 600000ms (custom)
2019-09-28 00:07:29,437 [pool-67-thread-1] INFO  impl.RaftServerImpl (RaftServerImpl.java:start(185)) - e997bddb-a40f-4466-9539-dfa223a823e1@group-C382CF22E36D: start as a follower, conf=-1: [e997bddb-a40f-4466-9539-dfa223a823e1:192.168.151.82:34311], old=null
2019-09-28 00:07:29,437 [pool-67-thread-1] INFO  impl.RaftServerImpl (RaftServerImpl.java:setRole(174)) - e997bddb-a40f-4466-9539-dfa223a823e1@group-C382CF22E36D: changes role from      null to FOLLOWER at term 0 for startAsFollower
2019-09-28 00:07:29,438 [pool-67-thread-1] INFO  impl.RoleInfo (RoleInfo.java:updateAndGet(143)) - e997bddb-a40f-4466-9539-dfa223a823e1: start FollowerState
2019-09-28 00:07:29,438 [pool-67-thread-1] INFO  util.JmxRegister (JmxRegister.java:tryRegister(44)) - Successfully registered JMX Bean with object name Ratis:service=RaftServer,group=group-C382CF22E36D,id=e997bddb-a40f-4466-9539-dfa223a823e1
2019-09-28 00:07:29,462 [RatisPipelineUtilsThread] INFO  pipeline.PipelineStateManager (PipelineStateManager.java:addPipeline(56)) - Created pipeline Pipeline[ Id: 481cd778-9dfc-4920-88fa-c382cf22e36d, Nodes: e997bddb-a40f-4466-9539-dfa223a823e1{ip: 192.168.151.82, host: pr-hdds-2162-8g7kw-3348123894, networkLocation: /default-rack, certSerialId: null}, Type:RATIS, Factor:ONE, State:OPEN]
2019-09-28 00:07:29,483 [grpc-default-executor-0] INFO  impl.RaftServerProxy (RaftServerProxy.java:addNew(89)) - dde3bc4a-2072-49f6-96b7-d9dfb1162844: addNew group-E223D2C80ABF:[dde3bc4a-2072-49f6-96b7-d9dfb1162844:192.168.151.82:33259] returns group-E223D2C80ABF:java.util.concurrent.CompletableFuture@51d9861f[Not completed]
2019-09-28 00:07:29,490 [pool-97-thread-1] INFO  impl.RaftServerImpl (RaftServerImpl.java:<init>(95)) - dde3bc4a-2072-49f6-96b7-d9dfb1162844: new RaftServerImpl for group-E223D2C80ABF:[dde3bc4a-2072-49f6-96b7-d9dfb1162844:192.168.151.82:33259] with ContainerStateMachine:uninitialized
2019-09-28 00:07:29,490 [pool-97-thread-1] INFO  server.RaftServerConfigKeys (ConfUtils.java:logGet(43)) - raft.server.rpc.timeout.min = 5s (custom)
2019-09-28 00:07:29,490 [pool-97-thread-1] INFO  server.RaftServerConfigKeys (ConfUtils.java:logGet(43)) - raft.server.rpc.timeout.max = 5200ms (custom)
2019-09-28 00:07:29,491 [pool-97-thread-1] INFO  server.RaftServerConfigKeys (ConfUtils.java:logGet(43)) - raft.server.rpcslowness.timeout = 120s (custom)
2019-09-28 00:07:29,491 [pool-97-thread-1] INFO  server.RaftServerConfigKeys (ConfUtils.java:logGet(43)) - raft.server.sleep.deviation.threshold = 300 (default)
2019-09-28 00:07:29,491 [pool-97-thread-1] INFO  server.RaftServerConfigKeys (ConfUtils.java:logGet(43)) - raft.server.log.appender.install.snapshot.enabled = false (custom)
2019-09-28 00:07:29,491 [pool-97-thread-1] INFO  impl.RaftServerImpl (ServerState.java:<init>(103)) - dde3bc4a-2072-49f6-96b7-d9dfb1162844@group-E223D2C80ABF: ConfigurationManager, init=-1: [dde3bc4a-2072-49f6-96b7-d9dfb1162844:192.168.151.82:33259], old=null, confs=<EMPTY_MAP>
2019-09-28 00:07:29,492 [pool-97-thread-1] INFO  server.RaftServerConfigKeys (ConfUtils.java:logGet(43)) - raft.server.storage.dir = [/workdir/hadoop-ozone/integration-test/target/test-dir/MiniOzoneClusterImpl-ef93a8f6-ca63-49dc-855c-e6172cde0611/datanode-7/data/ratis] (custom)
2019-09-28 00:07:29,492 [pool-97-thread-1] INFO  storage.RaftStorageDirectory (RaftStorageDirectory.java:analyzeStorage(246)) - The storage directory /workdir/hadoop-ozone/integration-test/target/test-dir/MiniOzoneClusterImpl-ef93a8f6-ca63-49dc-855c-e6172cde0611/datanode-7/data/ratis/dab36b84-8d36-49b6-b318-e223d2c80abf does not exist. Creating ...
2019-09-28 00:07:29,505 [pool-97-thread-1] INFO  storage.RaftStorageDirectory (RaftStorageDirectory.java:tryLock(328)) - Lock on /workdir/hadoop-ozone/integration-test/target/test-dir/MiniOzoneClusterImpl-ef93a8f6-ca63-49dc-855c-e6172cde0611/datanode-7/data/ratis/dab36b84-8d36-49b6-b318-e223d2c80abf/in_use.lock acquired by nodename 2907@pr-hdds-2162-8g7kw-3348123894
2019-09-28 00:07:29,518 [pool-97-thread-1] INFO  storage.RaftStorage (RaftStorage.java:format(72)) - Storage directory /workdir/hadoop-ozone/integration-test/target/test-dir/MiniOzoneClusterImpl-ef93a8f6-ca63-49dc-855c-e6172cde0611/datanode-7/data/ratis/dab36b84-8d36-49b6-b318-e223d2c80abf has been successfully formatted.
2019-09-28 00:07:29,519 [pool-97-thread-1] INFO  ratis.ContainerStateMachine (ContainerStateMachine.java:loadSnapshot(230)) - group-E223D2C80ABF: The snapshot info is null. Setting the last applied indexto:(t:0, i:~)
2019-09-28 00:07:29,519 [pool-97-thread-1] INFO  server.RaftServerConfigKeys (ConfUtils.java:logGet(43)) - raft.server.notification.no-leader.timeout = 120s (custom)
2019-09-28 00:07:29,519 [pool-97-thread-1] INFO  server.RaftServerConfigKeys (ConfUtils.java:logGet(43)) - raft.server.log.use.memory = false (default)
2019-09-28 00:07:29,519 [pool-97-thread-1] INFO  server.RaftServerConfigKeys (ConfUtils.java:logGet(43)) - raft.server.log.purge.gap = 1000000 (custom)
2019-09-28 00:07:29,519 [pool-97-thread-1] INFO  server.RaftServerConfigKeys (ConfUtils.java:logGet(43)) - raft.server.log.appender.buffer.byte-limit = 33554432 (custom)
2019-09-28 00:07:29,520 [pool-97-thread-1] INFO  server.RaftServerConfigKeys (ConfUtils.java:logGet(43)) - raft.server.log.segment.size.max = 1048576 (custom)
2019-09-28 00:07:29,520 [pool-97-thread-1] INFO  server.RaftServerConfigKeys (ConfUtils.java:logGet(43)) - raft.server.log.segment.cache.num.max = 2 (custom)
2019-09-28 00:07:29,520 [pool-97-thread-1] INFO  segmented.SegmentedRaftLogWorker (SegmentedRaftLogWorker.java:<init>(172)) - new dde3bc4a-2072-49f6-96b7-d9dfb1162844@group-E223D2C80ABF-SegmentedRaftLogWorker for RaftStorage:Storage Directory /workdir/hadoop-ozone/integration-test/target/test-dir/MiniOzoneClusterImpl-ef93a8f6-ca63-49dc-855c-e6172cde0611/datanode-7/data/ratis/dab36b84-8d36-49b6-b318-e223d2c80abf
2019-09-28 00:07:29,525 [pool-97-thread-1] INFO  server.RaftServerConfigKeys (ConfUtils.java:logGet(43)) - raft.server.log.queue.byte-limit = 2147483647 (custom)
2019-09-28 00:07:29,526 [pool-97-thread-1] INFO  server.RaftServerConfigKeys (ConfUtils.java:logGet(43)) - raft.server.log.queue.element-limit = 1024 (custom)
2019-09-28 00:07:29,526 [pool-97-thread-1] INFO  server.RaftServerConfigKeys (ConfUtils.java:logGet(43)) - raft.server.log.segment.size.max = 1048576 (custom)
2019-09-28 00:07:29,526 [pool-97-thread-1] INFO  server.RaftServerConfigKeys (ConfUtils.java:logGet(43)) - raft.server.log.preallocated.size = 16384 (custom)
2019-09-28 00:07:29,526 [pool-97-thread-1] INFO  server.RaftServerConfigKeys (ConfUtils.java:logGet(43)) - raft.server.log.write.buffer.size = 33554432 (custom)
2019-09-28 00:07:29,526 [pool-97-thread-1] INFO  server.RaftServerConfigKeys (ConfUtils.java:logGet(43)) - raft.server.log.force.sync.num = 128 (default)
2019-09-28 00:07:29,527 [pool-97-thread-1] INFO  server.RaftServerConfigKeys (ConfUtils.java:logGet(43)) - raft.server.log.statemachine.data.sync = true (default)
2019-09-28 00:07:29,527 [pool-97-thread-1] INFO  server.RaftServerConfigKeys (ConfUtils.java:logGet(43)) - raft.server.log.statemachine.data.sync.timeout = 10s (default)
2019-09-28 00:07:29,527 [pool-97-thread-1] INFO  server.RaftServerConfigKeys (ConfUtils.java:logGet(43)) - raft.server.log.statemachine.data.sync.timeout.retry = -1 (default)
2019-09-28 00:07:29,527 [pool-97-thread-1] INFO  server.RaftServerConfigKeys (ConfUtils.java:logGet(43)) - raft.server.log.statemachine.data.caching.enabled = true (custom)
2019-09-28 00:07:29,528 [pool-97-thread-1] INFO  segmented.SegmentedRaftLogWorker (SegmentedRaftLogWorker.java:lambda$new$0(132)) - dde3bc4a-2072-49f6-96b7-d9dfb1162844@group-E223D2C80ABF-SegmentedRaftLogWorker: flushIndex: setUnconditionally 0 -> -1
2019-09-28 00:07:29,528 [pool-97-thread-1] INFO  server.RaftServerConfigKeys (ConfUtils.java:logGet(43)) - raft.server.snapshot.auto.trigger.enabled = true (custom)
2019-09-28 00:07:29,528 [pool-97-thread-1] INFO  server.RaftServerConfigKeys (ConfUtils.java:logGet(43)) - raft.server.snapshot.auto.trigger.threshold = 10000 (custom)
2019-09-28 00:07:29,529 [pool-97-thread-1] INFO  server.RaftServerConfigKeys (ConfUtils.java:logGet(43)) - raft.server.snapshot.retention.num.files = 5 (custom)
2019-09-28 00:07:29,529 [pool-97-thread-1] INFO  server.RaftServerConfigKeys (ConfUtils.java:logGet(43)) - raft.server.retrycache.expirytime = 600000ms (custom)
2019-09-28 00:07:29,534 [pool-97-thread-1] INFO  impl.RaftServerImpl (RaftServerImpl.java:start(185)) - dde3bc4a-2072-49f6-96b7-d9dfb1162844@group-E223D2C80ABF: start as a follower, conf=-1: [dde3bc4a-2072-49f6-96b7-d9dfb1162844:192.168.151.82:33259], old=null
2019-09-28 00:07:29,534 [pool-97-thread-1] INFO  impl.RaftServerImpl (RaftServerImpl.java:setRole(174)) - dde3bc4a-2072-49f6-96b7-d9dfb1162844@group-E223D2C80ABF: changes role from      null to FOLLOWER at term 0 for startAsFollower
2019-09-28 00:07:29,534 [pool-97-thread-1] INFO  impl.RoleInfo (RoleInfo.java:updateAndGet(143)) - dde3bc4a-2072-49f6-96b7-d9dfb1162844: start FollowerState
2019-09-28 00:07:29,543 [pool-97-thread-1] INFO  util.JmxRegister (JmxRegister.java:tryRegister(44)) - Successfully registered JMX Bean with object name Ratis:service=RaftServer,group=group-E223D2C80ABF,id=dde3bc4a-2072-49f6-96b7-d9dfb1162844
2019-09-28 00:07:29,556 [RatisPipelineUtilsThread] INFO  pipeline.PipelineStateManager (PipelineStateManager.java:addPipeline(56)) - Created pipeline Pipeline[ Id: dab36b84-8d36-49b6-b318-e223d2c80abf, Nodes: dde3bc4a-2072-49f6-96b7-d9dfb1162844{ip: 192.168.151.82, host: pr-hdds-2162-8g7kw-3348123894, networkLocation: /default-rack, certSerialId: null}, Type:RATIS, Factor:ONE, State:OPEN]
2019-09-28 00:07:29,577 [grpc-default-executor-0] INFO  impl.RaftServerProxy (RaftServerProxy.java:addNew(89)) - 1f14f3cf-4ace-4392-be28-431862a0440f: addNew group-3C03CB493776:[1f14f3cf-4ace-4392-be28-431862a0440f:192.168.151.82:37786] returns group-3C03CB493776:java.util.concurrent.CompletableFuture@5e0024f1[Not completed]
2019-09-28 00:07:29,584 [pool-47-thread-1] INFO  impl.RaftServerImpl (RaftServerImpl.java:<init>(95)) - 1f14f3cf-4ace-4392-be28-431862a0440f: new RaftServerImpl for group-3C03CB493776:[1f14f3cf-4ace-4392-be28-431862a0440f:192.168.151.82:37786] with ContainerStateMachine:uninitialized
2019-09-28 00:07:29,585 [pool-47-thread-1] INFO  server.RaftServerConfigKeys (ConfUtils.java:logGet(43)) - raft.server.rpc.timeout.min = 5s (custom)
2019-09-28 00:07:29,585 [pool-47-thread-1] INFO  server.RaftServerConfigKeys (ConfUtils.java:logGet(43)) - raft.server.rpc.timeout.max = 5200ms (custom)
2019-09-28 00:07:29,585 [pool-47-thread-1] INFO  server.RaftServerConfigKeys (ConfUtils.java:logGet(43)) - raft.server.rpcslowness.timeout = 120s (custom)
2019-09-28 00:07:29,585 [pool-47-thread-1] INFO  server.RaftServerConfigKeys (ConfUtils.java:logGet(43)) - raft.server.sleep.deviation.threshold = 300 (default)
2019-09-28 00:07:29,586 [pool-47-thread-1] INFO  server.RaftServerConfigKeys (ConfUtils.java:logGet(43)) - raft.server.log.appender.install.snapshot.enabled = false (custom)
2019-09-28 00:07:29,586 [pool-47-thread-1] INFO  impl.RaftServerImpl (ServerState.java:<init>(103)) - 1f14f3cf-4ace-4392-be28-431862a0440f@group-3C03CB493776: ConfigurationManager, init=-1: [1f14f3cf-4ace-4392-be28-431862a0440f:192.168.151.82:37786], old=null, confs=<EMPTY_MAP>
2019-09-28 00:07:29,586 [pool-47-thread-1] INFO  server.RaftServerConfigKeys (ConfUtils.java:logGet(43)) - raft.server.storage.dir = [/workdir/hadoop-ozone/integration-test/target/test-dir/MiniOzoneClusterImpl-ef93a8f6-ca63-49dc-855c-e6172cde0611/datanode-2/data/ratis] (custom)
2019-09-28 00:07:29,587 [pool-47-thread-1] INFO  storage.RaftStorageDirectory (RaftStorageDirectory.java:analyzeStorage(246)) - The storage directory /workdir/hadoop-ozone/integration-test/target/test-dir/MiniOzoneClusterImpl-ef93a8f6-ca63-49dc-855c-e6172cde0611/datanode-2/data/ratis/0a50b259-419a-4c29-a594-3c03cb493776 does not exist. Creating ...
2019-09-28 00:07:29,599 [pool-47-thread-1] INFO  storage.RaftStorageDirectory (RaftStorageDirectory.java:tryLock(328)) - Lock on /workdir/hadoop-ozone/integration-test/target/test-dir/MiniOzoneClusterImpl-ef93a8f6-ca63-49dc-855c-e6172cde0611/datanode-2/data/ratis/0a50b259-419a-4c29-a594-3c03cb493776/in_use.lock acquired by nodename 2907@pr-hdds-2162-8g7kw-3348123894
2019-09-28 00:07:29,613 [pool-47-thread-1] INFO  storage.RaftStorage (RaftStorage.java:format(72)) - Storage directory /workdir/hadoop-ozone/integration-test/target/test-dir/MiniOzoneClusterImpl-ef93a8f6-ca63-49dc-855c-e6172cde0611/datanode-2/data/ratis/0a50b259-419a-4c29-a594-3c03cb493776 has been successfully formatted.
2019-09-28 00:07:29,613 [pool-47-thread-1] INFO  ratis.ContainerStateMachine (ContainerStateMachine.java:loadSnapshot(230)) - group-3C03CB493776: The snapshot info is null. Setting the last applied indexto:(t:0, i:~)
2019-09-28 00:07:29,613 [pool-47-thread-1] INFO  server.RaftServerConfigKeys (ConfUtils.java:logGet(43)) - raft.server.notification.no-leader.timeout = 120s (custom)
2019-09-28 00:07:29,613 [pool-47-thread-1] INFO  server.RaftServerConfigKeys (ConfUtils.java:logGet(43)) - raft.server.log.use.memory = false (default)
2019-09-28 00:07:29,614 [pool-47-thread-1] INFO  server.RaftServerConfigKeys (ConfUtils.java:logGet(43)) - raft.server.log.purge.gap = 1000000 (custom)
2019-09-28 00:07:29,614 [pool-47-thread-1] INFO  server.RaftServerConfigKeys (ConfUtils.java:logGet(43)) - raft.server.log.appender.buffer.byte-limit = 33554432 (custom)
2019-09-28 00:07:29,614 [pool-47-thread-1] INFO  server.RaftServerConfigKeys (ConfUtils.java:logGet(43)) - raft.server.log.segment.size.max = 1048576 (custom)
2019-09-28 00:07:29,614 [pool-47-thread-1] INFO  server.RaftServerConfigKeys (ConfUtils.java:logGet(43)) - raft.server.log.segment.cache.num.max = 2 (custom)
2019-09-28 00:07:29,614 [pool-47-thread-1] INFO  segmented.SegmentedRaftLogWorker (SegmentedRaftLogWorker.java:<init>(172)) - new 1f14f3cf-4ace-4392-be28-431862a0440f@group-3C03CB493776-SegmentedRaftLogWorker for RaftStorage:Storage Directory /workdir/hadoop-ozone/integration-test/target/test-dir/MiniOzoneClusterImpl-ef93a8f6-ca63-49dc-855c-e6172cde0611/datanode-2/data/ratis/0a50b259-419a-4c29-a594-3c03cb493776
2019-09-28 00:07:29,619 [pool-47-thread-1] INFO  server.RaftServerConfigKeys (ConfUtils.java:logGet(43)) - raft.server.log.queue.byte-limit = 2147483647 (custom)
2019-09-28 00:07:29,619 [pool-47-thread-1] INFO  server.RaftServerConfigKeys (ConfUtils.java:logGet(43)) - raft.server.log.queue.element-limit = 1024 (custom)
2019-09-28 00:07:29,619 [pool-47-thread-1] INFO  server.RaftServerConfigKeys (ConfUtils.java:logGet(43)) - raft.server.log.segment.size.max = 1048576 (custom)
2019-09-28 00:07:29,619 [pool-47-thread-1] INFO  server.RaftServerConfigKeys (ConfUtils.java:logGet(43)) - raft.server.log.preallocated.size = 16384 (custom)
2019-09-28 00:07:29,622 [pool-47-thread-1] INFO  server.RaftServerConfigKeys (ConfUtils.java:logGet(43)) - raft.server.log.write.buffer.size = 33554432 (custom)
2019-09-28 00:07:29,622 [pool-47-thread-1] INFO  server.RaftServerConfigKeys (ConfUtils.java:logGet(43)) - raft.server.log.force.sync.num = 128 (default)
2019-09-28 00:07:29,622 [pool-47-thread-1] INFO  server.RaftServerConfigKeys (ConfUtils.java:logGet(43)) - raft.server.log.statemachine.data.sync = true (default)
2019-09-28 00:07:29,623 [pool-47-thread-1] INFO  server.RaftServerConfigKeys (ConfUtils.java:logGet(43)) - raft.server.log.statemachine.data.sync.timeout = 10s (default)
2019-09-28 00:07:29,623 [pool-47-thread-1] INFO  server.RaftServerConfigKeys (ConfUtils.java:logGet(43)) - raft.server.log.statemachine.data.sync.timeout.retry = -1 (default)
2019-09-28 00:07:29,623 [pool-47-thread-1] INFO  server.RaftServerConfigKeys (ConfUtils.java:logGet(43)) - raft.server.log.statemachine.data.caching.enabled = true (custom)
2019-09-28 00:07:29,623 [pool-47-thread-1] INFO  segmented.SegmentedRaftLogWorker (SegmentedRaftLogWorker.java:lambda$new$0(132)) - 1f14f3cf-4ace-4392-be28-431862a0440f@group-3C03CB493776-SegmentedRaftLogWorker: flushIndex: setUnconditionally 0 -> -1
2019-09-28 00:07:29,624 [pool-47-thread-1] INFO  server.RaftServerConfigKeys (ConfUtils.java:logGet(43)) - raft.server.snapshot.auto.trigger.enabled = true (custom)
2019-09-28 00:07:29,624 [pool-47-thread-1] INFO  server.RaftServerConfigKeys (ConfUtils.java:logGet(43)) - raft.server.snapshot.auto.trigger.threshold = 10000 (custom)
2019-09-28 00:07:29,624 [pool-47-thread-1] INFO  server.RaftServerConfigKeys (ConfUtils.java:logGet(43)) - raft.server.snapshot.retention.num.files = 5 (custom)
2019-09-28 00:07:29,625 [pool-47-thread-1] INFO  server.RaftServerConfigKeys (ConfUtils.java:logGet(43)) - raft.server.retrycache.expirytime = 600000ms (custom)
2019-09-28 00:07:29,628 [pool-47-thread-1] INFO  impl.RaftServerImpl (RaftServerImpl.java:start(185)) - 1f14f3cf-4ace-4392-be28-431862a0440f@group-3C03CB493776: start as a follower, conf=-1: [1f14f3cf-4ace-4392-be28-431862a0440f:192.168.151.82:37786], old=null
2019-09-28 00:07:29,629 [pool-47-thread-1] INFO  impl.RaftServerImpl (RaftServerImpl.java:setRole(174)) - 1f14f3cf-4ace-4392-be28-431862a0440f@group-3C03CB493776: changes role from      null to FOLLOWER at term 0 for startAsFollower
2019-09-28 00:07:29,629 [pool-47-thread-1] INFO  impl.RoleInfo (RoleInfo.java:updateAndGet(143)) - 1f14f3cf-4ace-4392-be28-431862a0440f: start FollowerState
2019-09-28 00:07:29,629 [pool-47-thread-1] INFO  util.JmxRegister (JmxRegister.java:tryRegister(44)) - Successfully registered JMX Bean with object name Ratis:service=RaftServer,group=group-3C03CB493776,id=1f14f3cf-4ace-4392-be28-431862a0440f
2019-09-28 00:07:29,642 [main] INFO  ozone.MiniOzoneClusterImpl (MiniOzoneClusterImpl.java:lambda$waitForClusterToBeReady$0(147)) - Cluster is ready. Got 10 of 10 DN Heartbeats.
2019-09-28 00:07:29,645 [RatisPipelineUtilsThread] INFO  pipeline.PipelineStateManager (PipelineStateManager.java:addPipeline(56)) - Created pipeline Pipeline[ Id: 0a50b259-419a-4c29-a594-3c03cb493776, Nodes: 1f14f3cf-4ace-4392-be28-431862a0440f{ip: 192.168.151.82, host: pr-hdds-2162-8g7kw-3348123894, networkLocation: /default-rack, certSerialId: null}, Type:RATIS, Factor:ONE, State:OPEN]
2019-09-28 00:07:29,668 [grpc-default-executor-0] INFO  impl.RaftServerProxy (RaftServerProxy.java:addNew(89)) - 1c95823d-847a-4997-a8a6-4cda28e586d4: addNew group-5BD3B212587C:[1c95823d-847a-4997-a8a6-4cda28e586d4:192.168.151.82:42975] returns group-5BD3B212587C:java.util.concurrent.CompletableFuture@5fa0420e[Not completed]
2019-09-28 00:07:29,676 [pool-107-thread-1] INFO  impl.RaftServerImpl (RaftServerImpl.java:<init>(95)) - 1c95823d-847a-4997-a8a6-4cda28e586d4: new RaftServerImpl for group-5BD3B212587C:[1c95823d-847a-4997-a8a6-4cda28e586d4:192.168.151.82:42975] with ContainerStateMachine:uninitialized
2019-09-28 00:07:29,676 [pool-107-thread-1] INFO  server.RaftServerConfigKeys (ConfUtils.java:logGet(43)) - raft.server.rpc.timeout.min = 5s (custom)
2019-09-28 00:07:29,676 [pool-107-thread-1] INFO  server.RaftServerConfigKeys (ConfUtils.java:logGet(43)) - raft.server.rpc.timeout.max = 5200ms (custom)
2019-09-28 00:07:29,677 [pool-107-thread-1] INFO  server.RaftServerConfigKeys (ConfUtils.java:logGet(43)) - raft.server.rpcslowness.timeout = 120s (custom)
2019-09-28 00:07:29,677 [pool-107-thread-1] INFO  server.RaftServerConfigKeys (ConfUtils.java:logGet(43)) - raft.server.sleep.deviation.threshold = 300 (default)
2019-09-28 00:07:29,677 [pool-107-thread-1] INFO  server.RaftServerConfigKeys (ConfUtils.java:logGet(43)) - raft.server.log.appender.install.snapshot.enabled = false (custom)
2019-09-28 00:07:29,677 [pool-107-thread-1] INFO  impl.RaftServerImpl (ServerState.java:<init>(103)) - 1c95823d-847a-4997-a8a6-4cda28e586d4@group-5BD3B212587C: ConfigurationManager, init=-1: [1c95823d-847a-4997-a8a6-4cda28e586d4:192.168.151.82:42975], old=null, confs=<EMPTY_MAP>
2019-09-28 00:07:29,677 [pool-107-thread-1] INFO  server.RaftServerConfigKeys (ConfUtils.java:logGet(43)) - raft.server.storage.dir = [/workdir/hadoop-ozone/integration-test/target/test-dir/MiniOzoneClusterImpl-ef93a8f6-ca63-49dc-855c-e6172cde0611/datanode-8/data/ratis] (custom)
2019-09-28 00:07:29,678 [pool-107-thread-1] INFO  storage.RaftStorageDirectory (RaftStorageDirectory.java:analyzeStorage(246)) - The storage directory /workdir/hadoop-ozone/integration-test/target/test-dir/MiniOzoneClusterImpl-ef93a8f6-ca63-49dc-855c-e6172cde0611/datanode-8/data/ratis/16326023-9bef-41f2-8dda-5bd3b212587c does not exist. Creating ...
2019-09-28 00:07:29,699 [pool-107-thread-1] INFO  storage.RaftStorageDirectory (RaftStorageDirectory.java:tryLock(328)) - Lock on /workdir/hadoop-ozone/integration-test/target/test-dir/MiniOzoneClusterImpl-ef93a8f6-ca63-49dc-855c-e6172cde0611/datanode-8/data/ratis/16326023-9bef-41f2-8dda-5bd3b212587c/in_use.lock acquired by nodename 2907@pr-hdds-2162-8g7kw-3348123894
2019-09-28 00:07:29,714 [pool-107-thread-1] INFO  storage.RaftStorage (RaftStorage.java:format(72)) - Storage directory /workdir/hadoop-ozone/integration-test/target/test-dir/MiniOzoneClusterImpl-ef93a8f6-ca63-49dc-855c-e6172cde0611/datanode-8/data/ratis/16326023-9bef-41f2-8dda-5bd3b212587c has been successfully formatted.
2019-09-28 00:07:29,714 [pool-107-thread-1] INFO  ratis.ContainerStateMachine (ContainerStateMachine.java:loadSnapshot(230)) - group-5BD3B212587C: The snapshot info is null. Setting the last applied indexto:(t:0, i:~)
2019-09-28 00:07:29,714 [pool-107-thread-1] INFO  server.RaftServerConfigKeys (ConfUtils.java:logGet(43)) - raft.server.notification.no-leader.timeout = 120s (custom)
2019-09-28 00:07:29,715 [pool-107-thread-1] INFO  server.RaftServerConfigKeys (ConfUtils.java:logGet(43)) - raft.server.log.use.memory = false (default)
2019-09-28 00:07:29,715 [pool-107-thread-1] INFO  server.RaftServerConfigKeys (ConfUtils.java:logGet(43)) - raft.server.log.purge.gap = 1000000 (custom)
2019-09-28 00:07:29,715 [pool-107-thread-1] INFO  server.RaftServerConfigKeys (ConfUtils.java:logGet(43)) - raft.server.log.appender.buffer.byte-limit = 33554432 (custom)
2019-09-28 00:07:29,715 [pool-107-thread-1] INFO  server.RaftServerConfigKeys (ConfUtils.java:logGet(43)) - raft.server.log.segment.size.max = 1048576 (custom)
2019-09-28 00:07:29,715 [pool-107-thread-1] INFO  server.RaftServerConfigKeys (ConfUtils.java:logGet(43)) - raft.server.log.segment.cache.num.max = 2 (custom)
2019-09-28 00:07:29,715 [pool-107-thread-1] INFO  segmented.SegmentedRaftLogWorker (SegmentedRaftLogWorker.java:<init>(172)) - new 1c95823d-847a-4997-a8a6-4cda28e586d4@group-5BD3B212587C-SegmentedRaftLogWorker for RaftStorage:Storage Directory /workdir/hadoop-ozone/integration-test/target/test-dir/MiniOzoneClusterImpl-ef93a8f6-ca63-49dc-855c-e6172cde0611/datanode-8/data/ratis/16326023-9bef-41f2-8dda-5bd3b212587c
2019-09-28 00:07:29,718 [pool-107-thread-1] INFO  server.RaftServerConfigKeys (ConfUtils.java:logGet(43)) - raft.server.log.queue.byte-limit = 2147483647 (custom)
2019-09-28 00:07:29,719 [pool-107-thread-1] INFO  server.RaftServerConfigKeys (ConfUtils.java:logGet(43)) - raft.server.log.queue.element-limit = 1024 (custom)
2019-09-28 00:07:29,719 [pool-107-thread-1] INFO  server.RaftServerConfigKeys (ConfUtils.java:logGet(43)) - raft.server.log.segment.size.max = 1048576 (custom)
2019-09-28 00:07:29,719 [pool-107-thread-1] INFO  server.RaftServerConfigKeys (ConfUtils.java:logGet(43)) - raft.server.log.preallocated.size = 16384 (custom)
2019-09-28 00:07:29,719 [pool-107-thread-1] INFO  server.RaftServerConfigKeys (ConfUtils.java:logGet(43)) - raft.server.log.write.buffer.size = 33554432 (custom)
2019-09-28 00:07:29,719 [pool-107-thread-1] INFO  server.RaftServerConfigKeys (ConfUtils.java:logGet(43)) - raft.server.log.force.sync.num = 128 (default)
2019-09-28 00:07:29,720 [pool-107-thread-1] INFO  server.RaftServerConfigKeys (ConfUtils.java:logGet(43)) - raft.server.log.statemachine.data.sync = true (default)
2019-09-28 00:07:29,720 [pool-107-thread-1] INFO  server.RaftServerConfigKeys (ConfUtils.java:logGet(43)) - raft.server.log.statemachine.data.sync.timeout = 10s (default)
2019-09-28 00:07:29,720 [pool-107-thread-1] INFO  server.RaftServerConfigKeys (ConfUtils.java:logGet(43)) - raft.server.log.statemachine.data.sync.timeout.retry = -1 (default)
2019-09-28 00:07:29,720 [pool-107-thread-1] INFO  server.RaftServerConfigKeys (ConfUtils.java:logGet(43)) - raft.server.log.statemachine.data.caching.enabled = true (custom)
2019-09-28 00:07:29,721 [pool-107-thread-1] INFO  segmented.SegmentedRaftLogWorker (SegmentedRaftLogWorker.java:lambda$new$0(132)) - 1c95823d-847a-4997-a8a6-4cda28e586d4@group-5BD3B212587C-SegmentedRaftLogWorker: flushIndex: setUnconditionally 0 -> -1
2019-09-28 00:07:29,721 [pool-107-thread-1] INFO  server.RaftServerConfigKeys (ConfUtils.java:logGet(43)) - raft.server.snapshot.auto.trigger.enabled = true (custom)
2019-09-28 00:07:29,721 [pool-107-thread-1] INFO  server.RaftServerConfigKeys (ConfUtils.java:logGet(43)) - raft.server.snapshot.auto.trigger.threshold = 10000 (custom)
2019-09-28 00:07:29,721 [pool-107-thread-1] INFO  server.RaftServerConfigKeys (ConfUtils.java:logGet(43)) - raft.server.snapshot.retention.num.files = 5 (custom)
2019-09-28 00:07:29,721 [pool-107-thread-1] INFO  server.RaftServerConfigKeys (ConfUtils.java:logGet(43)) - raft.server.retrycache.expirytime = 600000ms (custom)
2019-09-28 00:07:29,724 [pool-107-thread-1] INFO  impl.RaftServerImpl (RaftServerImpl.java:start(185)) - 1c95823d-847a-4997-a8a6-4cda28e586d4@group-5BD3B212587C: start as a follower, conf=-1: [1c95823d-847a-4997-a8a6-4cda28e586d4:192.168.151.82:42975], old=null
2019-09-28 00:07:29,724 [pool-107-thread-1] INFO  impl.RaftServerImpl (RaftServerImpl.java:setRole(174)) - 1c95823d-847a-4997-a8a6-4cda28e586d4@group-5BD3B212587C: changes role from      null to FOLLOWER at term 0 for startAsFollower
2019-09-28 00:07:29,724 [pool-107-thread-1] INFO  impl.RoleInfo (RoleInfo.java:updateAndGet(143)) - 1c95823d-847a-4997-a8a6-4cda28e586d4: start FollowerState
2019-09-28 00:07:29,725 [pool-107-thread-1] INFO  util.JmxRegister (JmxRegister.java:tryRegister(44)) - Successfully registered JMX Bean with object name Ratis:service=RaftServer,group=group-5BD3B212587C,id=1c95823d-847a-4997-a8a6-4cda28e586d4
2019-09-28 00:07:29,749 [RatisPipelineUtilsThread] INFO  pipeline.PipelineStateManager (PipelineStateManager.java:addPipeline(56)) - Created pipeline Pipeline[ Id: 16326023-9bef-41f2-8dda-5bd3b212587c, Nodes: 1c95823d-847a-4997-a8a6-4cda28e586d4{ip: 192.168.151.82, host: pr-hdds-2162-8g7kw-3348123894, networkLocation: /default-rack, certSerialId: null}, Type:RATIS, Factor:ONE, State:OPEN]
2019-09-28 00:07:29,767 [grpc-default-executor-0] INFO  impl.RaftServerProxy (RaftServerProxy.java:addNew(89)) - f6411f89-2ca8-4cfc-a99c-aca361894957: addNew group-4FDF99DA3B62:[f6411f89-2ca8-4cfc-a99c-aca361894957:192.168.151.82:39545] returns group-4FDF99DA3B62:java.util.concurrent.CompletableFuture@251f3386[Not completed]
2019-09-28 00:07:29,773 [pool-57-thread-1] INFO  impl.RaftServerImpl (RaftServerImpl.java:<init>(95)) - f6411f89-2ca8-4cfc-a99c-aca361894957: new RaftServerImpl for group-4FDF99DA3B62:[f6411f89-2ca8-4cfc-a99c-aca361894957:192.168.151.82:39545] with ContainerStateMachine:uninitialized
2019-09-28 00:07:29,774 [pool-57-thread-1] INFO  server.RaftServerConfigKeys (ConfUtils.java:logGet(43)) - raft.server.rpc.timeout.min = 5s (custom)
2019-09-28 00:07:29,774 [pool-57-thread-1] INFO  server.RaftServerConfigKeys (ConfUtils.java:logGet(43)) - raft.server.rpc.timeout.max = 5200ms (custom)
2019-09-28 00:07:29,774 [pool-57-thread-1] INFO  server.RaftServerConfigKeys (ConfUtils.java:logGet(43)) - raft.server.rpcslowness.timeout = 120s (custom)
2019-09-28 00:07:29,774 [pool-57-thread-1] INFO  server.RaftServerConfigKeys (ConfUtils.java:logGet(43)) - raft.server.sleep.deviation.threshold = 300 (default)
2019-09-28 00:07:29,774 [pool-57-thread-1] INFO  server.RaftServerConfigKeys (ConfUtils.java:logGet(43)) - raft.server.log.appender.install.snapshot.enabled = false (custom)
2019-09-28 00:07:29,774 [pool-57-thread-1] INFO  impl.RaftServerImpl (ServerState.java:<init>(103)) - f6411f89-2ca8-4cfc-a99c-aca361894957@group-4FDF99DA3B62: ConfigurationManager, init=-1: [f6411f89-2ca8-4cfc-a99c-aca361894957:192.168.151.82:39545], old=null, confs=<EMPTY_MAP>
2019-09-28 00:07:29,775 [pool-57-thread-1] INFO  server.RaftServerConfigKeys (ConfUtils.java:logGet(43)) - raft.server.storage.dir = [/workdir/hadoop-ozone/integration-test/target/test-dir/MiniOzoneClusterImpl-ef93a8f6-ca63-49dc-855c-e6172cde0611/datanode-3/data/ratis] (custom)
2019-09-28 00:07:29,775 [pool-57-thread-1] INFO  storage.RaftStorageDirectory (RaftStorageDirectory.java:analyzeStorage(246)) - The storage directory /workdir/hadoop-ozone/integration-test/target/test-dir/MiniOzoneClusterImpl-ef93a8f6-ca63-49dc-855c-e6172cde0611/datanode-3/data/ratis/370a4f3f-76c4-434b-a67c-4fdf99da3b62 does not exist. Creating ...
2019-09-28 00:07:29,800 [pool-57-thread-1] INFO  storage.RaftStorageDirectory (RaftStorageDirectory.java:tryLock(328)) - Lock on /workdir/hadoop-ozone/integration-test/target/test-dir/MiniOzoneClusterImpl-ef93a8f6-ca63-49dc-855c-e6172cde0611/datanode-3/data/ratis/370a4f3f-76c4-434b-a67c-4fdf99da3b62/in_use.lock acquired by nodename 2907@pr-hdds-2162-8g7kw-3348123894
2019-09-28 00:07:29,814 [pool-57-thread-1] INFO  storage.RaftStorage (RaftStorage.java:format(72)) - Storage directory /workdir/hadoop-ozone/integration-test/target/test-dir/MiniOzoneClusterImpl-ef93a8f6-ca63-49dc-855c-e6172cde0611/datanode-3/data/ratis/370a4f3f-76c4-434b-a67c-4fdf99da3b62 has been successfully formatted.
2019-09-28 00:07:29,814 [pool-57-thread-1] INFO  ratis.ContainerStateMachine (ContainerStateMachine.java:loadSnapshot(230)) - group-4FDF99DA3B62: The snapshot info is null. Setting the last applied indexto:(t:0, i:~)
2019-09-28 00:07:29,814 [pool-57-thread-1] INFO  server.RaftServerConfigKeys (ConfUtils.java:logGet(43)) - raft.server.notification.no-leader.timeout = 120s (custom)
2019-09-28 00:07:29,815 [pool-57-thread-1] INFO  server.RaftServerConfigKeys (ConfUtils.java:logGet(43)) - raft.server.log.use.memory = false (default)
2019-09-28 00:07:29,815 [pool-57-thread-1] INFO  server.RaftServerConfigKeys (ConfUtils.java:logGet(43)) - raft.server.log.purge.gap = 1000000 (custom)
2019-09-28 00:07:29,815 [pool-57-thread-1] INFO  server.RaftServerConfigKeys (ConfUtils.java:logGet(43)) - raft.server.log.appender.buffer.byte-limit = 33554432 (custom)
2019-09-28 00:07:29,815 [pool-57-thread-1] INFO  server.RaftServerConfigKeys (ConfUtils.java:logGet(43)) - raft.server.log.segment.size.max = 1048576 (custom)
2019-09-28 00:07:29,815 [pool-57-thread-1] INFO  server.RaftServerConfigKeys (ConfUtils.java:logGet(43)) - raft.server.log.segment.cache.num.max = 2 (custom)
2019-09-28 00:07:29,815 [pool-57-thread-1] INFO  segmented.SegmentedRaftLogWorker (SegmentedRaftLogWorker.java:<init>(172)) - new f6411f89-2ca8-4cfc-a99c-aca361894957@group-4FDF99DA3B62-SegmentedRaftLogWorker for RaftStorage:Storage Directory /workdir/hadoop-ozone/integration-test/target/test-dir/MiniOzoneClusterImpl-ef93a8f6-ca63-49dc-855c-e6172cde0611/datanode-3/data/ratis/370a4f3f-76c4-434b-a67c-4fdf99da3b62
2019-09-28 00:07:29,819 [pool-57-thread-1] INFO  server.RaftServerConfigKeys (ConfUtils.java:logGet(43)) - raft.server.log.queue.byte-limit = 2147483647 (custom)
2019-09-28 00:07:29,819 [pool-57-thread-1] INFO  server.RaftServerConfigKeys (ConfUtils.java:logGet(43)) - raft.server.log.queue.element-limit = 1024 (custom)
2019-09-28 00:07:29,819 [pool-57-thread-1] INFO  server.RaftServerConfigKeys (ConfUtils.java:logGet(43)) - raft.server.log.segment.size.max = 1048576 (custom)
2019-09-28 00:07:29,820 [pool-57-thread-1] INFO  server.RaftServerConfigKeys (ConfUtils.java:logGet(43)) - raft.server.log.preallocated.size = 16384 (custom)
2019-09-28 00:07:29,820 [pool-57-thread-1] INFO  server.RaftServerConfigKeys (ConfUtils.java:logGet(43)) - raft.server.log.write.buffer.size = 33554432 (custom)
2019-09-28 00:07:29,820 [pool-57-thread-1] INFO  server.RaftServerConfigKeys (ConfUtils.java:logGet(43)) - raft.server.log.force.sync.num = 128 (default)
2019-09-28 00:07:29,820 [pool-57-thread-1] INFO  server.RaftServerConfigKeys (ConfUtils.java:logGet(43)) - raft.server.log.statemachine.data.sync = true (default)
2019-09-28 00:07:29,820 [pool-57-thread-1] INFO  server.RaftServerConfigKeys (ConfUtils.java:logGet(43)) - raft.server.log.statemachine.data.sync.timeout = 10s (default)
2019-09-28 00:07:29,822 [pool-57-thread-1] INFO  server.RaftServerConfigKeys (ConfUtils.java:logGet(43)) - raft.server.log.statemachine.data.sync.timeout.retry = -1 (default)
2019-09-28 00:07:29,823 [pool-57-thread-1] INFO  server.RaftServerConfigKeys (ConfUtils.java:logGet(43)) - raft.server.log.statemachine.data.caching.enabled = true (custom)
2019-09-28 00:07:29,823 [pool-57-thread-1] INFO  segmented.SegmentedRaftLogWorker (SegmentedRaftLogWorker.java:lambda$new$0(132)) - f6411f89-2ca8-4cfc-a99c-aca361894957@group-4FDF99DA3B62-SegmentedRaftLogWorker: flushIndex: setUnconditionally 0 -> -1
2019-09-28 00:07:29,823 [pool-57-thread-1] INFO  server.RaftServerConfigKeys (ConfUtils.java:logGet(43)) - raft.server.snapshot.auto.trigger.enabled = true (custom)
2019-09-28 00:07:29,824 [pool-57-thread-1] INFO  server.RaftServerConfigKeys (ConfUtils.java:logGet(43)) - raft.server.snapshot.auto.trigger.threshold = 10000 (custom)
2019-09-28 00:07:29,824 [pool-57-thread-1] INFO  server.RaftServerConfigKeys (ConfUtils.java:logGet(43)) - raft.server.snapshot.retention.num.files = 5 (custom)
2019-09-28 00:07:29,824 [pool-57-thread-1] INFO  server.RaftServerConfigKeys (ConfUtils.java:logGet(43)) - raft.server.retrycache.expirytime = 600000ms (custom)
2019-09-28 00:07:29,827 [pool-57-thread-1] INFO  impl.RaftServerImpl (RaftServerImpl.java:start(185)) - f6411f89-2ca8-4cfc-a99c-aca361894957@group-4FDF99DA3B62: start as a follower, conf=-1: [f6411f89-2ca8-4cfc-a99c-aca361894957:192.168.151.82:39545], old=null
2019-09-28 00:07:29,827 [pool-57-thread-1] INFO  impl.RaftServerImpl (RaftServerImpl.java:setRole(174)) - f6411f89-2ca8-4cfc-a99c-aca361894957@group-4FDF99DA3B62: changes role from      null to FOLLOWER at term 0 for startAsFollower
2019-09-28 00:07:29,827 [pool-57-thread-1] INFO  impl.RoleInfo (RoleInfo.java:updateAndGet(143)) - f6411f89-2ca8-4cfc-a99c-aca361894957: start FollowerState
2019-09-28 00:07:29,828 [pool-57-thread-1] INFO  util.JmxRegister (JmxRegister.java:tryRegister(44)) - Successfully registered JMX Bean with object name Ratis:service=RaftServer,group=group-4FDF99DA3B62,id=f6411f89-2ca8-4cfc-a99c-aca361894957
2019-09-28 00:07:29,841 [RatisPipelineUtilsThread] INFO  pipeline.PipelineStateManager (PipelineStateManager.java:addPipeline(56)) - Created pipeline Pipeline[ Id: 370a4f3f-76c4-434b-a67c-4fdf99da3b62, Nodes: f6411f89-2ca8-4cfc-a99c-aca361894957{ip: 192.168.151.82, host: pr-hdds-2162-8g7kw-3348123894, networkLocation: /default-rack, certSerialId: null}, Type:RATIS, Factor:ONE, State:OPEN]
2019-09-28 00:07:29,858 [grpc-default-executor-0] INFO  impl.RaftServerProxy (RaftServerProxy.java:addNew(89)) - 064bde2d-db92-404d-9f14-fa74fc053683: addNew group-FEE865E8043A:[064bde2d-db92-404d-9f14-fa74fc053683:192.168.151.82:42841] returns group-FEE865E8043A:java.util.concurrent.CompletableFuture@1ab398ad[Not completed]
2019-09-28 00:07:29,864 [pool-87-thread-1] INFO  impl.RaftServerImpl (RaftServerImpl.java:<init>(95)) - 064bde2d-db92-404d-9f14-fa74fc053683: new RaftServerImpl for group-FEE865E8043A:[064bde2d-db92-404d-9f14-fa74fc053683:192.168.151.82:42841] with ContainerStateMachine:uninitialized
2019-09-28 00:07:29,864 [pool-87-thread-1] INFO  server.RaftServerConfigKeys (ConfUtils.java:logGet(43)) - raft.server.rpc.timeout.min = 5s (custom)
2019-09-28 00:07:29,864 [pool-87-thread-1] INFO  server.RaftServerConfigKeys (ConfUtils.java:logGet(43)) - raft.server.rpc.timeout.max = 5200ms (custom)
2019-09-28 00:07:29,865 [pool-87-thread-1] INFO  server.RaftServerConfigKeys (ConfUtils.java:logGet(43)) - raft.server.rpcslowness.timeout = 120s (custom)
2019-09-28 00:07:29,865 [pool-87-thread-1] INFO  server.RaftServerConfigKeys (ConfUtils.java:logGet(43)) - raft.server.sleep.deviation.threshold = 300 (default)
2019-09-28 00:07:29,865 [pool-87-thread-1] INFO  server.RaftServerConfigKeys (ConfUtils.java:logGet(43)) - raft.server.log.appender.install.snapshot.enabled = false (custom)
2019-09-28 00:07:29,865 [pool-87-thread-1] INFO  impl.RaftServerImpl (ServerState.java:<init>(103)) - 064bde2d-db92-404d-9f14-fa74fc053683@group-FEE865E8043A: ConfigurationManager, init=-1: [064bde2d-db92-404d-9f14-fa74fc053683:192.168.151.82:42841], old=null, confs=<EMPTY_MAP>
2019-09-28 00:07:29,866 [pool-87-thread-1] INFO  server.RaftServerConfigKeys (ConfUtils.java:logGet(43)) - raft.server.storage.dir = [/workdir/hadoop-ozone/integration-test/target/test-dir/MiniOzoneClusterImpl-ef93a8f6-ca63-49dc-855c-e6172cde0611/datanode-6/data/ratis] (custom)
2019-09-28 00:07:29,866 [pool-87-thread-1] INFO  storage.RaftStorageDirectory (RaftStorageDirectory.java:analyzeStorage(246)) - The storage directory /workdir/hadoop-ozone/integration-test/target/test-dir/MiniOzoneClusterImpl-ef93a8f6-ca63-49dc-855c-e6172cde0611/datanode-6/data/ratis/54aac252-e638-4ee6-a099-fee865e8043a does not exist. Creating ...
2019-09-28 00:07:29,879 [pool-87-thread-1] INFO  storage.RaftStorageDirectory (RaftStorageDirectory.java:tryLock(328)) - Lock on /workdir/hadoop-ozone/integration-test/target/test-dir/MiniOzoneClusterImpl-ef93a8f6-ca63-49dc-855c-e6172cde0611/datanode-6/data/ratis/54aac252-e638-4ee6-a099-fee865e8043a/in_use.lock acquired by nodename 2907@pr-hdds-2162-8g7kw-3348123894
2019-09-28 00:07:29,892 [pool-87-thread-1] INFO  storage.RaftStorage (RaftStorage.java:format(72)) - Storage directory /workdir/hadoop-ozone/integration-test/target/test-dir/MiniOzoneClusterImpl-ef93a8f6-ca63-49dc-855c-e6172cde0611/datanode-6/data/ratis/54aac252-e638-4ee6-a099-fee865e8043a has been successfully formatted.
2019-09-28 00:07:29,892 [pool-87-thread-1] INFO  ratis.ContainerStateMachine (ContainerStateMachine.java:loadSnapshot(230)) - group-FEE865E8043A: The snapshot info is null. Setting the last applied indexto:(t:0, i:~)
2019-09-28 00:07:29,892 [pool-87-thread-1] INFO  server.RaftServerConfigKeys (ConfUtils.java:logGet(43)) - raft.server.notification.no-leader.timeout = 120s (custom)
2019-09-28 00:07:29,893 [pool-87-thread-1] INFO  server.RaftServerConfigKeys (ConfUtils.java:logGet(43)) - raft.server.log.use.memory = false (default)
2019-09-28 00:07:29,893 [pool-87-thread-1] INFO  server.RaftServerConfigKeys (ConfUtils.java:logGet(43)) - raft.server.log.purge.gap = 1000000 (custom)
2019-09-28 00:07:29,973 [pool-87-thread-1] INFO  server.RaftServerConfigKeys (ConfUtils.java:logGet(43)) - raft.server.log.appender.buffer.byte-limit = 33554432 (custom)
2019-09-28 00:07:29,982 [pool-87-thread-1] INFO  server.RaftServerConfigKeys (ConfUtils.java:logGet(43)) - raft.server.log.segment.size.max = 1048576 (custom)
2019-09-28 00:07:29,983 [pool-87-thread-1] INFO  server.RaftServerConfigKeys (ConfUtils.java:logGet(43)) - raft.server.log.segment.cache.num.max = 2 (custom)
2019-09-28 00:07:29,983 [pool-87-thread-1] INFO  segmented.SegmentedRaftLogWorker (SegmentedRaftLogWorker.java:<init>(172)) - new 064bde2d-db92-404d-9f14-fa74fc053683@group-FEE865E8043A-SegmentedRaftLogWorker for RaftStorage:Storage Directory /workdir/hadoop-ozone/integration-test/target/test-dir/MiniOzoneClusterImpl-ef93a8f6-ca63-49dc-855c-e6172cde0611/datanode-6/data/ratis/54aac252-e638-4ee6-a099-fee865e8043a
2019-09-28 00:07:30,021 [pool-87-thread-1] INFO  server.RaftServerConfigKeys (ConfUtils.java:logGet(43)) - raft.server.log.queue.byte-limit = 2147483647 (custom)
2019-09-28 00:07:30,048 [pool-87-thread-1] INFO  server.RaftServerConfigKeys (ConfUtils.java:logGet(43)) - raft.server.log.queue.element-limit = 1024 (custom)
2019-09-28 00:07:30,050 [pool-87-thread-1] INFO  server.RaftServerConfigKeys (ConfUtils.java:logGet(43)) - raft.server.log.segment.size.max = 1048576 (custom)
2019-09-28 00:07:30,052 [pool-87-thread-1] INFO  server.RaftServerConfigKeys (ConfUtils.java:logGet(43)) - raft.server.log.preallocated.size = 16384 (custom)
2019-09-28 00:07:30,053 [pool-87-thread-1] INFO  server.RaftServerConfigKeys (ConfUtils.java:logGet(43)) - raft.server.log.write.buffer.size = 33554432 (custom)
2019-09-28 00:07:30,053 [pool-87-thread-1] INFO  server.RaftServerConfigKeys (ConfUtils.java:logGet(43)) - raft.server.log.force.sync.num = 128 (default)
2019-09-28 00:07:30,053 [pool-87-thread-1] INFO  server.RaftServerConfigKeys (ConfUtils.java:logGet(43)) - raft.server.log.statemachine.data.sync = true (default)
2019-09-28 00:07:30,053 [pool-87-thread-1] INFO  server.RaftServerConfigKeys (ConfUtils.java:logGet(43)) - raft.server.log.statemachine.data.sync.timeout = 10s (default)
2019-09-28 00:07:30,053 [pool-87-thread-1] INFO  server.RaftServerConfigKeys (ConfUtils.java:logGet(43)) - raft.server.log.statemachine.data.sync.timeout.retry = -1 (default)
2019-09-28 00:07:30,054 [pool-87-thread-1] INFO  server.RaftServerConfigKeys (ConfUtils.java:logGet(43)) - raft.server.log.statemachine.data.caching.enabled = true (custom)
2019-09-28 00:07:30,054 [pool-87-thread-1] INFO  segmented.SegmentedRaftLogWorker (SegmentedRaftLogWorker.java:lambda$new$0(132)) - 064bde2d-db92-404d-9f14-fa74fc053683@group-FEE865E8043A-SegmentedRaftLogWorker: flushIndex: setUnconditionally 0 -> -1
2019-09-28 00:07:30,055 [pool-87-thread-1] INFO  server.RaftServerConfigKeys (ConfUtils.java:logGet(43)) - raft.server.snapshot.auto.trigger.enabled = true (custom)
2019-09-28 00:07:30,055 [pool-87-thread-1] INFO  server.RaftServerConfigKeys (ConfUtils.java:logGet(43)) - raft.server.snapshot.auto.trigger.threshold = 10000 (custom)
2019-09-28 00:07:30,055 [pool-87-thread-1] INFO  server.RaftServerConfigKeys (ConfUtils.java:logGet(43)) - raft.server.snapshot.retention.num.files = 5 (custom)
2019-09-28 00:07:30,055 [pool-87-thread-1] INFO  server.RaftServerConfigKeys (ConfUtils.java:logGet(43)) - raft.server.retrycache.expirytime = 600000ms (custom)
2019-09-28 00:07:30,058 [pool-87-thread-1] INFO  impl.RaftServerImpl (RaftServerImpl.java:start(185)) - 064bde2d-db92-404d-9f14-fa74fc053683@group-FEE865E8043A: start as a follower, conf=-1: [064bde2d-db92-404d-9f14-fa74fc053683:192.168.151.82:42841], old=null
2019-09-28 00:07:30,058 [pool-87-thread-1] INFO  impl.RaftServerImpl (RaftServerImpl.java:setRole(174)) - 064bde2d-db92-404d-9f14-fa74fc053683@group-FEE865E8043A: changes role from      null to FOLLOWER at term 0 for startAsFollower
2019-09-28 00:07:30,059 [pool-87-thread-1] INFO  impl.RoleInfo (RoleInfo.java:updateAndGet(143)) - 064bde2d-db92-404d-9f14-fa74fc053683: start FollowerState
2019-09-28 00:07:30,059 [pool-87-thread-1] INFO  util.JmxRegister (JmxRegister.java:tryRegister(44)) - Successfully registered JMX Bean with object name Ratis:service=RaftServer,group=group-FEE865E8043A,id=064bde2d-db92-404d-9f14-fa74fc053683
2019-09-28 00:07:30,070 [RatisPipelineUtilsThread] INFO  pipeline.PipelineStateManager (PipelineStateManager.java:addPipeline(56)) - Created pipeline Pipeline[ Id: 54aac252-e638-4ee6-a099-fee865e8043a, Nodes: 064bde2d-db92-404d-9f14-fa74fc053683{ip: 192.168.151.82, host: pr-hdds-2162-8g7kw-3348123894, networkLocation: /default-rack, certSerialId: null}, Type:RATIS, Factor:ONE, State:OPEN]
2019-09-28 00:07:30,104 [grpc-default-executor-0] INFO  impl.RaftServerProxy (RaftServerProxy.java:addNew(89)) - 7be1ccd5-eaae-4014-92ab-c222d72ed3a6: addNew group-7259A9CA52B1:[7be1ccd5-eaae-4014-92ab-c222d72ed3a6:192.168.151.82:41588] returns group-7259A9CA52B1:java.util.concurrent.CompletableFuture@59ba6fbb[Not completed]
2019-09-28 00:07:30,116 [pool-117-thread-1] INFO  impl.RaftServerImpl (RaftServerImpl.java:<init>(95)) - 7be1ccd5-eaae-4014-92ab-c222d72ed3a6: new RaftServerImpl for group-7259A9CA52B1:[7be1ccd5-eaae-4014-92ab-c222d72ed3a6:192.168.151.82:41588] with ContainerStateMachine:uninitialized
2019-09-28 00:07:30,117 [pool-117-thread-1] INFO  server.RaftServerConfigKeys (ConfUtils.java:logGet(43)) - raft.server.rpc.timeout.min = 5s (custom)
2019-09-28 00:07:30,118 [pool-117-thread-1] INFO  server.RaftServerConfigKeys (ConfUtils.java:logGet(43)) - raft.server.rpc.timeout.max = 5200ms (custom)
2019-09-28 00:07:30,118 [pool-117-thread-1] INFO  server.RaftServerConfigKeys (ConfUtils.java:logGet(43)) - raft.server.rpcslowness.timeout = 120s (custom)
2019-09-28 00:07:30,118 [pool-117-thread-1] INFO  server.RaftServerConfigKeys (ConfUtils.java:logGet(43)) - raft.server.sleep.deviation.threshold = 300 (default)
2019-09-28 00:07:30,118 [pool-117-thread-1] INFO  server.RaftServerConfigKeys (ConfUtils.java:logGet(43)) - raft.server.log.appender.install.snapshot.enabled = false (custom)
2019-09-28 00:07:30,118 [pool-117-thread-1] INFO  impl.RaftServerImpl (ServerState.java:<init>(103)) - 7be1ccd5-eaae-4014-92ab-c222d72ed3a6@group-7259A9CA52B1: ConfigurationManager, init=-1: [7be1ccd5-eaae-4014-92ab-c222d72ed3a6:192.168.151.82:41588], old=null, confs=<EMPTY_MAP>
2019-09-28 00:07:30,119 [pool-117-thread-1] INFO  server.RaftServerConfigKeys (ConfUtils.java:logGet(43)) - raft.server.storage.dir = [/workdir/hadoop-ozone/integration-test/target/test-dir/MiniOzoneClusterImpl-ef93a8f6-ca63-49dc-855c-e6172cde0611/datanode-9/data/ratis] (custom)
2019-09-28 00:07:30,119 [pool-117-thread-1] INFO  storage.RaftStorageDirectory (RaftStorageDirectory.java:analyzeStorage(246)) - The storage directory /workdir/hadoop-ozone/integration-test/target/test-dir/MiniOzoneClusterImpl-ef93a8f6-ca63-49dc-855c-e6172cde0611/datanode-9/data/ratis/d72cb7f5-c6ca-40db-8f06-7259a9ca52b1 does not exist. Creating ...
2019-09-28 00:07:30,132 [pool-117-thread-1] INFO  storage.RaftStorageDirectory (RaftStorageDirectory.java:tryLock(328)) - Lock on /workdir/hadoop-ozone/integration-test/target/test-dir/MiniOzoneClusterImpl-ef93a8f6-ca63-49dc-855c-e6172cde0611/datanode-9/data/ratis/d72cb7f5-c6ca-40db-8f06-7259a9ca52b1/in_use.lock acquired by nodename 2907@pr-hdds-2162-8g7kw-3348123894
2019-09-28 00:07:30,145 [pool-117-thread-1] INFO  storage.RaftStorage (RaftStorage.java:format(72)) - Storage directory /workdir/hadoop-ozone/integration-test/target/test-dir/MiniOzoneClusterImpl-ef93a8f6-ca63-49dc-855c-e6172cde0611/datanode-9/data/ratis/d72cb7f5-c6ca-40db-8f06-7259a9ca52b1 has been successfully formatted.
2019-09-28 00:07:30,146 [pool-117-thread-1] INFO  ratis.ContainerStateMachine (ContainerStateMachine.java:loadSnapshot(230)) - group-7259A9CA52B1: The snapshot info is null. Setting the last applied indexto:(t:0, i:~)
2019-09-28 00:07:30,146 [pool-117-thread-1] INFO  server.RaftServerConfigKeys (ConfUtils.java:logGet(43)) - raft.server.notification.no-leader.timeout = 120s (custom)
2019-09-28 00:07:30,146 [pool-117-thread-1] INFO  server.RaftServerConfigKeys (ConfUtils.java:logGet(43)) - raft.server.log.use.memory = false (default)
2019-09-28 00:07:30,146 [pool-117-thread-1] INFO  server.RaftServerConfigKeys (ConfUtils.java:logGet(43)) - raft.server.log.purge.gap = 1000000 (custom)
2019-09-28 00:07:30,146 [pool-117-thread-1] INFO  server.RaftServerConfigKeys (ConfUtils.java:logGet(43)) - raft.server.log.appender.buffer.byte-limit = 33554432 (custom)
2019-09-28 00:07:30,146 [pool-117-thread-1] INFO  server.RaftServerConfigKeys (ConfUtils.java:logGet(43)) - raft.server.log.segment.size.max = 1048576 (custom)
2019-09-28 00:07:30,147 [pool-117-thread-1] INFO  server.RaftServerConfigKeys (ConfUtils.java:logGet(43)) - raft.server.log.segment.cache.num.max = 2 (custom)
2019-09-28 00:07:30,147 [pool-117-thread-1] INFO  segmented.SegmentedRaftLogWorker (SegmentedRaftLogWorker.java:<init>(172)) - new 7be1ccd5-eaae-4014-92ab-c222d72ed3a6@group-7259A9CA52B1-SegmentedRaftLogWorker for RaftStorage:Storage Directory /workdir/hadoop-ozone/integration-test/target/test-dir/MiniOzoneClusterImpl-ef93a8f6-ca63-49dc-855c-e6172cde0611/datanode-9/data/ratis/d72cb7f5-c6ca-40db-8f06-7259a9ca52b1
2019-09-28 00:07:30,150 [pool-117-thread-1] INFO  server.RaftServerConfigKeys (ConfUtils.java:logGet(43)) - raft.server.log.queue.byte-limit = 2147483647 (custom)
2019-09-28 00:07:30,150 [pool-117-thread-1] INFO  server.RaftServerConfigKeys (ConfUtils.java:logGet(43)) - raft.server.log.queue.element-limit = 1024 (custom)
2019-09-28 00:07:30,150 [pool-117-thread-1] INFO  server.RaftServerConfigKeys (ConfUtils.java:logGet(43)) - raft.server.log.segment.size.max = 1048576 (custom)
2019-09-28 00:07:30,151 [pool-117-thread-1] INFO  server.RaftServerConfigKeys (ConfUtils.java:logGet(43)) - raft.server.log.preallocated.size = 16384 (custom)
2019-09-28 00:07:30,151 [pool-117-thread-1] INFO  server.RaftServerConfigKeys (ConfUtils.java:logGet(43)) - raft.server.log.write.buffer.size = 33554432 (custom)
2019-09-28 00:07:30,151 [pool-117-thread-1] INFO  server.RaftServerConfigKeys (ConfUtils.java:logGet(43)) - raft.server.log.force.sync.num = 128 (default)
2019-09-28 00:07:30,151 [pool-117-thread-1] INFO  server.RaftServerConfigKeys (ConfUtils.java:logGet(43)) - raft.server.log.statemachine.data.sync = true (default)
2019-09-28 00:07:30,151 [pool-117-thread-1] INFO  server.RaftServerConfigKeys (ConfUtils.java:logGet(43)) - raft.server.log.statemachine.data.sync.timeout = 10s (default)
2019-09-28 00:07:30,151 [pool-117-thread-1] INFO  server.RaftServerConfigKeys (ConfUtils.java:logGet(43)) - raft.server.log.statemachine.data.sync.timeout.retry = -1 (default)
2019-09-28 00:07:30,152 [pool-117-thread-1] INFO  server.RaftServerConfigKeys (ConfUtils.java:logGet(43)) - raft.server.log.statemachine.data.caching.enabled = true (custom)
2019-09-28 00:07:30,152 [pool-117-thread-1] INFO  segmented.SegmentedRaftLogWorker (SegmentedRaftLogWorker.java:lambda$new$0(132)) - 7be1ccd5-eaae-4014-92ab-c222d72ed3a6@group-7259A9CA52B1-SegmentedRaftLogWorker: flushIndex: setUnconditionally 0 -> -1
2019-09-28 00:07:30,152 [pool-117-thread-1] INFO  server.RaftServerConfigKeys (ConfUtils.java:logGet(43)) - raft.server.snapshot.auto.trigger.enabled = true (custom)
2019-09-28 00:07:30,153 [pool-117-thread-1] INFO  server.RaftServerConfigKeys (ConfUtils.java:logGet(43)) - raft.server.snapshot.auto.trigger.threshold = 10000 (custom)
2019-09-28 00:07:30,153 [pool-117-thread-1] INFO  server.RaftServerConfigKeys (ConfUtils.java:logGet(43)) - raft.server.snapshot.retention.num.files = 5 (custom)
2019-09-28 00:07:30,153 [pool-117-thread-1] INFO  server.RaftServerConfigKeys (ConfUtils.java:logGet(43)) - raft.server.retrycache.expirytime = 600000ms (custom)
2019-09-28 00:07:30,156 [pool-117-thread-1] INFO  impl.RaftServerImpl (RaftServerImpl.java:start(185)) - 7be1ccd5-eaae-4014-92ab-c222d72ed3a6@group-7259A9CA52B1: start as a follower, conf=-1: [7be1ccd5-eaae-4014-92ab-c222d72ed3a6:192.168.151.82:41588], old=null
2019-09-28 00:07:30,156 [pool-117-thread-1] INFO  impl.RaftServerImpl (RaftServerImpl.java:setRole(174)) - 7be1ccd5-eaae-4014-92ab-c222d72ed3a6@group-7259A9CA52B1: changes role from      null to FOLLOWER at term 0 for startAsFollower
2019-09-28 00:07:30,156 [pool-117-thread-1] INFO  impl.RoleInfo (RoleInfo.java:updateAndGet(143)) - 7be1ccd5-eaae-4014-92ab-c222d72ed3a6: start FollowerState
2019-09-28 00:07:30,157 [pool-117-thread-1] INFO  util.JmxRegister (JmxRegister.java:tryRegister(44)) - Successfully registered JMX Bean with object name Ratis:service=RaftServer,group=group-7259A9CA52B1,id=7be1ccd5-eaae-4014-92ab-c222d72ed3a6
2019-09-28 00:07:30,170 [RatisPipelineUtilsThread] INFO  pipeline.PipelineStateManager (PipelineStateManager.java:addPipeline(56)) - Created pipeline Pipeline[ Id: d72cb7f5-c6ca-40db-8f06-7259a9ca52b1, Nodes: 7be1ccd5-eaae-4014-92ab-c222d72ed3a6{ip: 192.168.151.82, host: pr-hdds-2162-8g7kw-3348123894, networkLocation: /default-rack, certSerialId: null}, Type:RATIS, Factor:ONE, State:OPEN]
2019-09-28 00:07:30,206 [grpc-default-executor-2] INFO  impl.RaftServerProxy (RaftServerProxy.java:addNew(89)) - 7eeb4e41-83cf-4f16-b692-5d167ffa47e8: addNew group-4913561A1ECF:[f2b1cee9-5126-4a0c-9c15-774918a74cc9:192.168.151.82:44946, e997bddb-a40f-4466-9539-dfa223a823e1:192.168.151.82:34311, 7eeb4e41-83cf-4f16-b692-5d167ffa47e8:192.168.151.82:42184] returns group-4913561A1ECF:java.util.concurrent.CompletableFuture@742531d4[Not completed]
2019-09-28 00:07:30,210 [grpc-default-executor-2] INFO  impl.RaftServerProxy (RaftServerProxy.java:addNew(89)) - e997bddb-a40f-4466-9539-dfa223a823e1: addNew group-4913561A1ECF:[f2b1cee9-5126-4a0c-9c15-774918a74cc9:192.168.151.82:44946, e997bddb-a40f-4466-9539-dfa223a823e1:192.168.151.82:34311, 7eeb4e41-83cf-4f16-b692-5d167ffa47e8:192.168.151.82:42184] returns group-4913561A1ECF:java.util.concurrent.CompletableFuture@3127b134[Not completed]
2019-09-28 00:07:30,210 [grpc-default-executor-1] INFO  impl.RaftServerProxy (RaftServerProxy.java:addNew(89)) - f2b1cee9-5126-4a0c-9c15-774918a74cc9: addNew group-4913561A1ECF:[f2b1cee9-5126-4a0c-9c15-774918a74cc9:192.168.151.82:44946, e997bddb-a40f-4466-9539-dfa223a823e1:192.168.151.82:34311, 7eeb4e41-83cf-4f16-b692-5d167ffa47e8:192.168.151.82:42184] returns group-4913561A1ECF:java.util.concurrent.CompletableFuture@6216d136[Not completed]
2019-09-28 00:07:30,211 [pool-77-thread-1] INFO  impl.RaftServerImpl (RaftServerImpl.java:<init>(95)) - 7eeb4e41-83cf-4f16-b692-5d167ffa47e8: new RaftServerImpl for group-4913561A1ECF:[f2b1cee9-5126-4a0c-9c15-774918a74cc9:192.168.151.82:44946, e997bddb-a40f-4466-9539-dfa223a823e1:192.168.151.82:34311, 7eeb4e41-83cf-4f16-b692-5d167ffa47e8:192.168.151.82:42184] with ContainerStateMachine:uninitialized
2019-09-28 00:07:30,211 [pool-77-thread-1] INFO  server.RaftServerConfigKeys (ConfUtils.java:logGet(43)) - raft.server.rpc.timeout.min = 5s (custom)
2019-09-28 00:07:30,211 [pool-77-thread-1] INFO  server.RaftServerConfigKeys (ConfUtils.java:logGet(43)) - raft.server.rpc.timeout.max = 5200ms (custom)
2019-09-28 00:07:30,212 [pool-77-thread-1] INFO  server.RaftServerConfigKeys (ConfUtils.java:logGet(43)) - raft.server.rpcslowness.timeout = 120s (custom)
2019-09-28 00:07:30,212 [pool-77-thread-1] INFO  server.RaftServerConfigKeys (ConfUtils.java:logGet(43)) - raft.server.sleep.deviation.threshold = 300 (default)
2019-09-28 00:07:30,212 [pool-67-thread-1] INFO  impl.RaftServerImpl (RaftServerImpl.java:<init>(95)) - e997bddb-a40f-4466-9539-dfa223a823e1: new RaftServerImpl for group-4913561A1ECF:[f2b1cee9-5126-4a0c-9c15-774918a74cc9:192.168.151.82:44946, e997bddb-a40f-4466-9539-dfa223a823e1:192.168.151.82:34311, 7eeb4e41-83cf-4f16-b692-5d167ffa47e8:192.168.151.82:42184] with ContainerStateMachine:uninitialized
2019-09-28 00:07:30,212 [pool-77-thread-1] INFO  server.RaftServerConfigKeys (ConfUtils.java:logGet(43)) - raft.server.log.appender.install.snapshot.enabled = false (custom)
2019-09-28 00:07:30,212 [pool-67-thread-1] INFO  server.RaftServerConfigKeys (ConfUtils.java:logGet(43)) - raft.server.rpc.timeout.min = 5s (custom)
2019-09-28 00:07:30,212 [pool-77-thread-1] INFO  impl.RaftServerImpl (ServerState.java:<init>(103)) - 7eeb4e41-83cf-4f16-b692-5d167ffa47e8@group-4913561A1ECF: ConfigurationManager, init=-1: [f2b1cee9-5126-4a0c-9c15-774918a74cc9:192.168.151.82:44946, e997bddb-a40f-4466-9539-dfa223a823e1:192.168.151.82:34311, 7eeb4e41-83cf-4f16-b692-5d167ffa47e8:192.168.151.82:42184], old=null, confs=<EMPTY_MAP>
2019-09-28 00:07:30,212 [pool-67-thread-1] INFO  server.RaftServerConfigKeys (ConfUtils.java:logGet(43)) - raft.server.rpc.timeout.max = 5200ms (custom)
2019-09-28 00:07:30,213 [pool-77-thread-1] INFO  server.RaftServerConfigKeys (ConfUtils.java:logGet(43)) - raft.server.storage.dir = [/workdir/hadoop-ozone/integration-test/target/test-dir/MiniOzoneClusterImpl-ef93a8f6-ca63-49dc-855c-e6172cde0611/datanode-5/data/ratis] (custom)
2019-09-28 00:07:30,213 [pool-67-thread-1] INFO  server.RaftServerConfigKeys (ConfUtils.java:logGet(43)) - raft.server.rpcslowness.timeout = 120s (custom)
2019-09-28 00:07:30,213 [pool-37-thread-1] INFO  impl.RaftServerImpl (RaftServerImpl.java:<init>(95)) - f2b1cee9-5126-4a0c-9c15-774918a74cc9: new RaftServerImpl for group-4913561A1ECF:[f2b1cee9-5126-4a0c-9c15-774918a74cc9:192.168.151.82:44946, e997bddb-a40f-4466-9539-dfa223a823e1:192.168.151.82:34311, 7eeb4e41-83cf-4f16-b692-5d167ffa47e8:192.168.151.82:42184] with ContainerStateMachine:uninitialized
2019-09-28 00:07:30,213 [pool-67-thread-1] INFO  server.RaftServerConfigKeys (ConfUtils.java:logGet(43)) - raft.server.sleep.deviation.threshold = 300 (default)
2019-09-28 00:07:30,213 [pool-77-thread-1] INFO  storage.RaftStorageDirectory (RaftStorageDirectory.java:analyzeStorage(246)) - The storage directory /workdir/hadoop-ozone/integration-test/target/test-dir/MiniOzoneClusterImpl-ef93a8f6-ca63-49dc-855c-e6172cde0611/datanode-5/data/ratis/6560d5ac-4f3e-465e-ba18-4913561a1ecf does not exist. Creating ...
2019-09-28 00:07:30,213 [pool-37-thread-1] INFO  server.RaftServerConfigKeys (ConfUtils.java:logGet(43)) - raft.server.rpc.timeout.min = 5s (custom)
2019-09-28 00:07:30,213 [pool-67-thread-1] INFO  server.RaftServerConfigKeys (ConfUtils.java:logGet(43)) - raft.server.log.appender.install.snapshot.enabled = false (custom)
2019-09-28 00:07:30,214 [pool-37-thread-1] INFO  server.RaftServerConfigKeys (ConfUtils.java:logGet(43)) - raft.server.rpc.timeout.max = 5200ms (custom)
2019-09-28 00:07:30,214 [pool-67-thread-1] INFO  impl.RaftServerImpl (ServerState.java:<init>(103)) - e997bddb-a40f-4466-9539-dfa223a823e1@group-4913561A1ECF: ConfigurationManager, init=-1: [f2b1cee9-5126-4a0c-9c15-774918a74cc9:192.168.151.82:44946, e997bddb-a40f-4466-9539-dfa223a823e1:192.168.151.82:34311, 7eeb4e41-83cf-4f16-b692-5d167ffa47e8:192.168.151.82:42184], old=null, confs=<EMPTY_MAP>
2019-09-28 00:07:30,214 [pool-37-thread-1] INFO  server.RaftServerConfigKeys (ConfUtils.java:logGet(43)) - raft.server.rpcslowness.timeout = 120s (custom)
2019-09-28 00:07:30,214 [pool-67-thread-1] INFO  server.RaftServerConfigKeys (ConfUtils.java:logGet(43)) - raft.server.storage.dir = [/workdir/hadoop-ozone/integration-test/target/test-dir/MiniOzoneClusterImpl-ef93a8f6-ca63-49dc-855c-e6172cde0611/datanode-4/data/ratis] (custom)
2019-09-28 00:07:30,214 [pool-37-thread-1] INFO  server.RaftServerConfigKeys (ConfUtils.java:logGet(43)) - raft.server.sleep.deviation.threshold = 300 (default)
2019-09-28 00:07:30,215 [pool-37-thread-1] INFO  server.RaftServerConfigKeys (ConfUtils.java:logGet(43)) - raft.server.log.appender.install.snapshot.enabled = false (custom)
2019-09-28 00:07:30,215 [pool-67-thread-1] INFO  storage.RaftStorageDirectory (RaftStorageDirectory.java:analyzeStorage(246)) - The storage directory /workdir/hadoop-ozone/integration-test/target/test-dir/MiniOzoneClusterImpl-ef93a8f6-ca63-49dc-855c-e6172cde0611/datanode-4/data/ratis/6560d5ac-4f3e-465e-ba18-4913561a1ecf does not exist. Creating ...
2019-09-28 00:07:30,215 [pool-37-thread-1] INFO  impl.RaftServerImpl (ServerState.java:<init>(103)) - f2b1cee9-5126-4a0c-9c15-774918a74cc9@group-4913561A1ECF: ConfigurationManager, init=-1: [f2b1cee9-5126-4a0c-9c15-774918a74cc9:192.168.151.82:44946, e997bddb-a40f-4466-9539-dfa223a823e1:192.168.151.82:34311, 7eeb4e41-83cf-4f16-b692-5d167ffa47e8:192.168.151.82:42184], old=null, confs=<EMPTY_MAP>
2019-09-28 00:07:30,215 [pool-37-thread-1] INFO  server.RaftServerConfigKeys (ConfUtils.java:logGet(43)) - raft.server.storage.dir = [/workdir/hadoop-ozone/integration-test/target/test-dir/MiniOzoneClusterImpl-ef93a8f6-ca63-49dc-855c-e6172cde0611/datanode-1/data/ratis] (custom)
2019-09-28 00:07:30,216 [pool-37-thread-1] INFO  storage.RaftStorageDirectory (RaftStorageDirectory.java:analyzeStorage(246)) - The storage directory /workdir/hadoop-ozone/integration-test/target/test-dir/MiniOzoneClusterImpl-ef93a8f6-ca63-49dc-855c-e6172cde0611/datanode-1/data/ratis/6560d5ac-4f3e-465e-ba18-4913561a1ecf does not exist. Creating ...
2019-09-28 00:07:30,239 [pool-67-thread-1] INFO  storage.RaftStorageDirectory (RaftStorageDirectory.java:tryLock(328)) - Lock on /workdir/hadoop-ozone/integration-test/target/test-dir/MiniOzoneClusterImpl-ef93a8f6-ca63-49dc-855c-e6172cde0611/datanode-4/data/ratis/6560d5ac-4f3e-465e-ba18-4913561a1ecf/in_use.lock acquired by nodename 2907@pr-hdds-2162-8g7kw-3348123894
2019-09-28 00:07:30,239 [pool-37-thread-1] INFO  storage.RaftStorageDirectory (RaftStorageDirectory.java:tryLock(328)) - Lock on /workdir/hadoop-ozone/integration-test/target/test-dir/MiniOzoneClusterImpl-ef93a8f6-ca63-49dc-855c-e6172cde0611/datanode-1/data/ratis/6560d5ac-4f3e-465e-ba18-4913561a1ecf/in_use.lock acquired by nodename 2907@pr-hdds-2162-8g7kw-3348123894
2019-09-28 00:07:30,239 [pool-77-thread-1] INFO  storage.RaftStorageDirectory (RaftStorageDirectory.java:tryLock(328)) - Lock on /workdir/hadoop-ozone/integration-test/target/test-dir/MiniOzoneClusterImpl-ef93a8f6-ca63-49dc-855c-e6172cde0611/datanode-5/data/ratis/6560d5ac-4f3e-465e-ba18-4913561a1ecf/in_use.lock acquired by nodename 2907@pr-hdds-2162-8g7kw-3348123894
2019-09-28 00:07:30,265 [pool-37-thread-1] INFO  storage.RaftStorage (RaftStorage.java:format(72)) - Storage directory /workdir/hadoop-ozone/integration-test/target/test-dir/MiniOzoneClusterImpl-ef93a8f6-ca63-49dc-855c-e6172cde0611/datanode-1/data/ratis/6560d5ac-4f3e-465e-ba18-4913561a1ecf has been successfully formatted.
2019-09-28 00:07:30,265 [pool-67-thread-1] INFO  storage.RaftStorage (RaftStorage.java:format(72)) - Storage directory /workdir/hadoop-ozone/integration-test/target/test-dir/MiniOzoneClusterImpl-ef93a8f6-ca63-49dc-855c-e6172cde0611/datanode-4/data/ratis/6560d5ac-4f3e-465e-ba18-4913561a1ecf has been successfully formatted.
2019-09-28 00:07:30,265 [pool-77-thread-1] INFO  storage.RaftStorage (RaftStorage.java:format(72)) - Storage directory /workdir/hadoop-ozone/integration-test/target/test-dir/MiniOzoneClusterImpl-ef93a8f6-ca63-49dc-855c-e6172cde0611/datanode-5/data/ratis/6560d5ac-4f3e-465e-ba18-4913561a1ecf has been successfully formatted.
2019-09-28 00:07:30,265 [pool-67-thread-1] INFO  ratis.ContainerStateMachine (ContainerStateMachine.java:loadSnapshot(230)) - group-4913561A1ECF: The snapshot info is null. Setting the last applied indexto:(t:0, i:~)
2019-09-28 00:07:30,265 [pool-37-thread-1] INFO  ratis.ContainerStateMachine (ContainerStateMachine.java:loadSnapshot(230)) - group-4913561A1ECF: The snapshot info is null. Setting the last applied indexto:(t:0, i:~)
2019-09-28 00:07:30,266 [pool-67-thread-1] INFO  server.RaftServerConfigKeys (ConfUtils.java:logGet(43)) - raft.server.notification.no-leader.timeout = 120s (custom)
2019-09-28 00:07:30,265 [pool-77-thread-1] INFO  ratis.ContainerStateMachine (ContainerStateMachine.java:loadSnapshot(230)) - group-4913561A1ECF: The snapshot info is null. Setting the last applied indexto:(t:0, i:~)
2019-09-28 00:07:30,266 [pool-67-thread-1] INFO  server.RaftServerConfigKeys (ConfUtils.java:logGet(43)) - raft.server.log.use.memory = false (default)
2019-09-28 00:07:30,266 [pool-37-thread-1] INFO  server.RaftServerConfigKeys (ConfUtils.java:logGet(43)) - raft.server.notification.no-leader.timeout = 120s (custom)
2019-09-28 00:07:30,266 [pool-67-thread-1] INFO  server.RaftServerConfigKeys (ConfUtils.java:logGet(43)) - raft.server.log.purge.gap = 1000000 (custom)
2019-09-28 00:07:30,266 [pool-77-thread-1] INFO  server.RaftServerConfigKeys (ConfUtils.java:logGet(43)) - raft.server.notification.no-leader.timeout = 120s (custom)
2019-09-28 00:07:30,267 [pool-67-thread-1] INFO  server.RaftServerConfigKeys (ConfUtils.java:logGet(43)) - raft.server.log.appender.buffer.byte-limit = 33554432 (custom)
2019-09-28 00:07:30,266 [pool-37-thread-1] INFO  server.RaftServerConfigKeys (ConfUtils.java:logGet(43)) - raft.server.log.use.memory = false (default)
2019-09-28 00:07:30,267 [pool-67-thread-1] INFO  server.RaftServerConfigKeys (ConfUtils.java:logGet(43)) - raft.server.log.segment.size.max = 1048576 (custom)
2019-09-28 00:07:30,267 [pool-77-thread-1] INFO  server.RaftServerConfigKeys (ConfUtils.java:logGet(43)) - raft.server.log.use.memory = false (default)
2019-09-28 00:07:30,267 [pool-67-thread-1] INFO  server.RaftServerConfigKeys (ConfUtils.java:logGet(43)) - raft.server.log.segment.cache.num.max = 2 (custom)
2019-09-28 00:07:30,267 [pool-37-thread-1] INFO  server.RaftServerConfigKeys (ConfUtils.java:logGet(43)) - raft.server.log.purge.gap = 1000000 (custom)
2019-09-28 00:07:30,268 [pool-67-thread-1] INFO  segmented.SegmentedRaftLogWorker (SegmentedRaftLogWorker.java:<init>(172)) - new e997bddb-a40f-4466-9539-dfa223a823e1@group-4913561A1ECF-SegmentedRaftLogWorker for RaftStorage:Storage Directory /workdir/hadoop-ozone/integration-test/target/test-dir/MiniOzoneClusterImpl-ef93a8f6-ca63-49dc-855c-e6172cde0611/datanode-4/data/ratis/6560d5ac-4f3e-465e-ba18-4913561a1ecf
2019-09-28 00:07:30,267 [pool-77-thread-1] INFO  server.RaftServerConfigKeys (ConfUtils.java:logGet(43)) - raft.server.log.purge.gap = 1000000 (custom)
2019-09-28 00:07:30,268 [pool-67-thread-1] INFO  server.RaftServerConfigKeys (ConfUtils.java:logGet(43)) - raft.server.log.queue.byte-limit = 2147483647 (custom)
2019-09-28 00:07:30,268 [pool-37-thread-1] INFO  server.RaftServerConfigKeys (ConfUtils.java:logGet(43)) - raft.server.log.appender.buffer.byte-limit = 33554432 (custom)
2019-09-28 00:07:30,268 [pool-67-thread-1] INFO  server.RaftServerConfigKeys (ConfUtils.java:logGet(43)) - raft.server.log.queue.element-limit = 1024 (custom)
2019-09-28 00:07:30,268 [pool-77-thread-1] INFO  server.RaftServerConfigKeys (ConfUtils.java:logGet(43)) - raft.server.log.appender.buffer.byte-limit = 33554432 (custom)
2019-09-28 00:07:30,269 [pool-67-thread-1] INFO  server.RaftServerConfigKeys (ConfUtils.java:logGet(43)) - raft.server.log.segment.size.max = 1048576 (custom)
2019-09-28 00:07:30,268 [pool-37-thread-1] INFO  server.RaftServerConfigKeys (ConfUtils.java:logGet(43)) - raft.server.log.segment.size.max = 1048576 (custom)
2019-09-28 00:07:30,269 [pool-67-thread-1] INFO  server.RaftServerConfigKeys (ConfUtils.java:logGet(43)) - raft.server.log.preallocated.size = 16384 (custom)
2019-09-28 00:07:30,269 [pool-77-thread-1] INFO  server.RaftServerConfigKeys (ConfUtils.java:logGet(43)) - raft.server.log.segment.size.max = 1048576 (custom)
2019-09-28 00:07:30,269 [pool-67-thread-1] INFO  server.RaftServerConfigKeys (ConfUtils.java:logGet(43)) - raft.server.log.write.buffer.size = 33554432 (custom)
2019-09-28 00:07:30,269 [pool-37-thread-1] INFO  server.RaftServerConfigKeys (ConfUtils.java:logGet(43)) - raft.server.log.segment.cache.num.max = 2 (custom)
2019-09-28 00:07:30,270 [pool-67-thread-1] INFO  server.RaftServerConfigKeys (ConfUtils.java:logGet(43)) - raft.server.log.force.sync.num = 128 (default)
2019-09-28 00:07:30,269 [pool-77-thread-1] INFO  server.RaftServerConfigKeys (ConfUtils.java:logGet(43)) - raft.server.log.segment.cache.num.max = 2 (custom)
2019-09-28 00:07:30,270 [pool-67-thread-1] INFO  server.RaftServerConfigKeys (ConfUtils.java:logGet(43)) - raft.server.log.statemachine.data.sync = true (default)
2019-09-28 00:07:30,270 [pool-37-thread-1] INFO  segmented.SegmentedRaftLogWorker (SegmentedRaftLogWorker.java:<init>(172)) - new f2b1cee9-5126-4a0c-9c15-774918a74cc9@group-4913561A1ECF-SegmentedRaftLogWorker for RaftStorage:Storage Directory /workdir/hadoop-ozone/integration-test/target/test-dir/MiniOzoneClusterImpl-ef93a8f6-ca63-49dc-855c-e6172cde0611/datanode-1/data/ratis/6560d5ac-4f3e-465e-ba18-4913561a1ecf
2019-09-28 00:07:30,270 [pool-67-thread-1] INFO  server.RaftServerConfigKeys (ConfUtils.java:logGet(43)) - raft.server.log.statemachine.data.sync.timeout = 10s (default)
2019-09-28 00:07:30,270 [pool-77-thread-1] INFO  segmented.SegmentedRaftLogWorker (SegmentedRaftLogWorker.java:<init>(172)) - new 7eeb4e41-83cf-4f16-b692-5d167ffa47e8@group-4913561A1ECF-SegmentedRaftLogWorker for RaftStorage:Storage Directory /workdir/hadoop-ozone/integration-test/target/test-dir/MiniOzoneClusterImpl-ef93a8f6-ca63-49dc-855c-e6172cde0611/datanode-5/data/ratis/6560d5ac-4f3e-465e-ba18-4913561a1ecf
2019-09-28 00:07:30,271 [pool-67-thread-1] INFO  server.RaftServerConfigKeys (ConfUtils.java:logGet(43)) - raft.server.log.statemachine.data.sync.timeout.retry = -1 (default)
2019-09-28 00:07:30,270 [pool-37-thread-1] INFO  server.RaftServerConfigKeys (ConfUtils.java:logGet(43)) - raft.server.log.queue.byte-limit = 2147483647 (custom)
2019-09-28 00:07:30,271 [pool-67-thread-1] INFO  server.RaftServerConfigKeys (ConfUtils.java:logGet(43)) - raft.server.log.statemachine.data.caching.enabled = true (custom)
2019-09-28 00:07:30,271 [pool-77-thread-1] INFO  server.RaftServerConfigKeys (ConfUtils.java:logGet(43)) - raft.server.log.queue.byte-limit = 2147483647 (custom)
2019-09-28 00:07:30,271 [pool-77-thread-1] INFO  server.RaftServerConfigKeys (ConfUtils.java:logGet(43)) - raft.server.log.queue.element-limit = 1024 (custom)
2019-09-28 00:07:30,271 [pool-37-thread-1] INFO  server.RaftServerConfigKeys (ConfUtils.java:logGet(43)) - raft.server.log.queue.element-limit = 1024 (custom)
2019-09-28 00:07:30,272 [pool-77-thread-1] INFO  server.RaftServerConfigKeys (ConfUtils.java:logGet(43)) - raft.server.log.segment.size.max = 1048576 (custom)
2019-09-28 00:07:30,272 [pool-67-thread-1] INFO  segmented.SegmentedRaftLogWorker (SegmentedRaftLogWorker.java:lambda$new$0(132)) - e997bddb-a40f-4466-9539-dfa223a823e1@group-4913561A1ECF-SegmentedRaftLogWorker: flushIndex: setUnconditionally 0 -> -1
2019-09-28 00:07:30,272 [pool-77-thread-1] INFO  server.RaftServerConfigKeys (ConfUtils.java:logGet(43)) - raft.server.log.preallocated.size = 16384 (custom)
2019-09-28 00:07:30,272 [pool-37-thread-1] INFO  server.RaftServerConfigKeys (ConfUtils.java:logGet(43)) - raft.server.log.segment.size.max = 1048576 (custom)
2019-09-28 00:07:30,272 [pool-67-thread-1] INFO  server.RaftServerConfigKeys (ConfUtils.java:logGet(43)) - raft.server.snapshot.auto.trigger.enabled = true (custom)
2019-09-28 00:07:30,272 [pool-77-thread-1] INFO  server.RaftServerConfigKeys (ConfUtils.java:logGet(43)) - raft.server.log.write.buffer.size = 33554432 (custom)
2019-09-28 00:07:30,273 [pool-67-thread-1] INFO  server.RaftServerConfigKeys (ConfUtils.java:logGet(43)) - raft.server.snapshot.auto.trigger.threshold = 10000 (custom)
2019-09-28 00:07:30,273 [pool-37-thread-1] INFO  server.RaftServerConfigKeys (ConfUtils.java:logGet(43)) - raft.server.log.preallocated.size = 16384 (custom)
2019-09-28 00:07:30,273 [pool-67-thread-1] INFO  server.RaftServerConfigKeys (ConfUtils.java:logGet(43)) - raft.server.snapshot.retention.num.files = 5 (custom)
2019-09-28 00:07:30,273 [pool-77-thread-1] INFO  server.RaftServerConfigKeys (ConfUtils.java:logGet(43)) - raft.server.log.force.sync.num = 128 (default)
2019-09-28 00:07:30,273 [pool-67-thread-1] INFO  server.RaftServerConfigKeys (ConfUtils.java:logGet(43)) - raft.server.retrycache.expirytime = 600000ms (custom)
2019-09-28 00:07:30,273 [pool-37-thread-1] INFO  server.RaftServerConfigKeys (ConfUtils.java:logGet(43)) - raft.server.log.write.buffer.size = 33554432 (custom)
2019-09-28 00:07:30,274 [pool-77-thread-1] INFO  server.RaftServerConfigKeys (ConfUtils.java:logGet(43)) - raft.server.log.statemachine.data.sync = true (default)
2019-09-28 00:07:30,274 [pool-37-thread-1] INFO  server.RaftServerConfigKeys (ConfUtils.java:logGet(43)) - raft.server.log.force.sync.num = 128 (default)
2019-09-28 00:07:30,277 [pool-77-thread-1] INFO  server.RaftServerConfigKeys (ConfUtils.java:logGet(43)) - raft.server.log.statemachine.data.sync.timeout = 10s (default)
2019-09-28 00:07:30,277 [pool-37-thread-1] INFO  server.RaftServerConfigKeys (ConfUtils.java:logGet(43)) - raft.server.log.statemachine.data.sync = true (default)
2019-09-28 00:07:30,277 [pool-77-thread-1] INFO  server.RaftServerConfigKeys (ConfUtils.java:logGet(43)) - raft.server.log.statemachine.data.sync.timeout.retry = -1 (default)
2019-09-28 00:07:30,277 [pool-37-thread-1] INFO  server.RaftServerConfigKeys (ConfUtils.java:logGet(43)) - raft.server.log.statemachine.data.sync.timeout = 10s (default)
2019-09-28 00:07:30,278 [pool-77-thread-1] INFO  server.RaftServerConfigKeys (ConfUtils.java:logGet(43)) - raft.server.log.statemachine.data.caching.enabled = true (custom)
2019-09-28 00:07:30,278 [pool-37-thread-1] INFO  server.RaftServerConfigKeys (ConfUtils.java:logGet(43)) - raft.server.log.statemachine.data.sync.timeout.retry = -1 (default)
2019-09-28 00:07:30,278 [pool-77-thread-1] INFO  segmented.SegmentedRaftLogWorker (SegmentedRaftLogWorker.java:lambda$new$0(132)) - 7eeb4e41-83cf-4f16-b692-5d167ffa47e8@group-4913561A1ECF-SegmentedRaftLogWorker: flushIndex: setUnconditionally 0 -> -1
2019-09-28 00:07:30,278 [pool-37-thread-1] INFO  server.RaftServerConfigKeys (ConfUtils.java:logGet(43)) - raft.server.log.statemachine.data.caching.enabled = true (custom)
2019-09-28 00:07:30,278 [pool-77-thread-1] INFO  server.RaftServerConfigKeys (ConfUtils.java:logGet(43)) - raft.server.snapshot.auto.trigger.enabled = true (custom)
2019-09-28 00:07:30,279 [pool-37-thread-1] INFO  segmented.SegmentedRaftLogWorker (SegmentedRaftLogWorker.java:lambda$new$0(132)) - f2b1cee9-5126-4a0c-9c15-774918a74cc9@group-4913561A1ECF-SegmentedRaftLogWorker: flushIndex: setUnconditionally 0 -> -1
2019-09-28 00:07:30,279 [pool-77-thread-1] INFO  server.RaftServerConfigKeys (ConfUtils.java:logGet(43)) - raft.server.snapshot.auto.trigger.threshold = 10000 (custom)
2019-09-28 00:07:30,279 [pool-77-thread-1] INFO  server.RaftServerConfigKeys (ConfUtils.java:logGet(43)) - raft.server.snapshot.retention.num.files = 5 (custom)
2019-09-28 00:07:30,279 [pool-37-thread-1] INFO  server.RaftServerConfigKeys (ConfUtils.java:logGet(43)) - raft.server.snapshot.auto.trigger.enabled = true (custom)
2019-09-28 00:07:30,279 [pool-77-thread-1] INFO  server.RaftServerConfigKeys (ConfUtils.java:logGet(43)) - raft.server.retrycache.expirytime = 600000ms (custom)
2019-09-28 00:07:30,279 [pool-67-thread-1] INFO  impl.RaftServerImpl (RaftServerImpl.java:start(185)) - e997bddb-a40f-4466-9539-dfa223a823e1@group-4913561A1ECF: start as a follower, conf=-1: [f2b1cee9-5126-4a0c-9c15-774918a74cc9:192.168.151.82:44946, e997bddb-a40f-4466-9539-dfa223a823e1:192.168.151.82:34311, 7eeb4e41-83cf-4f16-b692-5d167ffa47e8:192.168.151.82:42184], old=null
2019-09-28 00:07:30,279 [pool-37-thread-1] INFO  server.RaftServerConfigKeys (ConfUtils.java:logGet(43)) - raft.server.snapshot.auto.trigger.threshold = 10000 (custom)
2019-09-28 00:07:30,280 [pool-67-thread-1] INFO  impl.RaftServerImpl (RaftServerImpl.java:setRole(174)) - e997bddb-a40f-4466-9539-dfa223a823e1@group-4913561A1ECF: changes role from      null to FOLLOWER at term 0 for startAsFollower
2019-09-28 00:07:30,280 [pool-37-thread-1] INFO  server.RaftServerConfigKeys (ConfUtils.java:logGet(43)) - raft.server.snapshot.retention.num.files = 5 (custom)
2019-09-28 00:07:30,280 [pool-67-thread-1] INFO  impl.RoleInfo (RoleInfo.java:updateAndGet(143)) - e997bddb-a40f-4466-9539-dfa223a823e1: start FollowerState
2019-09-28 00:07:30,280 [pool-37-thread-1] INFO  server.RaftServerConfigKeys (ConfUtils.java:logGet(43)) - raft.server.retrycache.expirytime = 600000ms (custom)
2019-09-28 00:07:30,281 [pool-67-thread-1] INFO  util.JmxRegister (JmxRegister.java:tryRegister(44)) - Successfully registered JMX Bean with object name Ratis:service=RaftServer,group=group-4913561A1ECF,id=e997bddb-a40f-4466-9539-dfa223a823e1
2019-09-28 00:07:30,289 [pool-77-thread-1] INFO  impl.RaftServerImpl (RaftServerImpl.java:start(185)) - 7eeb4e41-83cf-4f16-b692-5d167ffa47e8@group-4913561A1ECF: start as a follower, conf=-1: [f2b1cee9-5126-4a0c-9c15-774918a74cc9:192.168.151.82:44946, e997bddb-a40f-4466-9539-dfa223a823e1:192.168.151.82:34311, 7eeb4e41-83cf-4f16-b692-5d167ffa47e8:192.168.151.82:42184], old=null
2019-09-28 00:07:30,291 [pool-77-thread-1] INFO  impl.RaftServerImpl (RaftServerImpl.java:setRole(174)) - 7eeb4e41-83cf-4f16-b692-5d167ffa47e8@group-4913561A1ECF: changes role from      null to FOLLOWER at term 0 for startAsFollower
2019-09-28 00:07:30,296 [pool-37-thread-1] INFO  impl.RaftServerImpl (RaftServerImpl.java:start(185)) - f2b1cee9-5126-4a0c-9c15-774918a74cc9@group-4913561A1ECF: start as a follower, conf=-1: [f2b1cee9-5126-4a0c-9c15-774918a74cc9:192.168.151.82:44946, e997bddb-a40f-4466-9539-dfa223a823e1:192.168.151.82:34311, 7eeb4e41-83cf-4f16-b692-5d167ffa47e8:192.168.151.82:42184], old=null
2019-09-28 00:07:30,296 [pool-77-thread-1] INFO  impl.RoleInfo (RoleInfo.java:updateAndGet(143)) - 7eeb4e41-83cf-4f16-b692-5d167ffa47e8: start FollowerState
2019-09-28 00:07:30,296 [pool-37-thread-1] INFO  impl.RaftServerImpl (RaftServerImpl.java:setRole(174)) - f2b1cee9-5126-4a0c-9c15-774918a74cc9@group-4913561A1ECF: changes role from      null to FOLLOWER at term 0 for startAsFollower
2019-09-28 00:07:30,296 [pool-37-thread-1] INFO  impl.RoleInfo (RoleInfo.java:updateAndGet(143)) - f2b1cee9-5126-4a0c-9c15-774918a74cc9: start FollowerState
2019-09-28 00:07:30,296 [pool-77-thread-1] INFO  util.JmxRegister (JmxRegister.java:tryRegister(44)) - Successfully registered JMX Bean with object name Ratis:service=RaftServer,group=group-4913561A1ECF,id=7eeb4e41-83cf-4f16-b692-5d167ffa47e8
2019-09-28 00:07:30,297 [pool-37-thread-1] INFO  util.JmxRegister (JmxRegister.java:tryRegister(44)) - Successfully registered JMX Bean with object name Ratis:service=RaftServer,group=group-4913561A1ECF,id=f2b1cee9-5126-4a0c-9c15-774918a74cc9
2019-09-28 00:07:30,324 [RatisPipelineUtilsThread] INFO  pipeline.PipelineStateManager (PipelineStateManager.java:addPipeline(56)) - Created pipeline Pipeline[ Id: 6560d5ac-4f3e-465e-ba18-4913561a1ecf, Nodes: f2b1cee9-5126-4a0c-9c15-774918a74cc9{ip: 192.168.151.82, host: pr-hdds-2162-8g7kw-3348123894, networkLocation: /default-rack, certSerialId: null}7eeb4e41-83cf-4f16-b692-5d167ffa47e8{ip: 192.168.151.82, host: pr-hdds-2162-8g7kw-3348123894, networkLocation: /default-rack, certSerialId: null}e997bddb-a40f-4466-9539-dfa223a823e1{ip: 192.168.151.82, host: pr-hdds-2162-8g7kw-3348123894, networkLocation: /default-rack, certSerialId: null}, Type:RATIS, Factor:THREE, State:OPEN]
2019-09-28 00:07:30,354 [grpc-default-executor-0] INFO  impl.RaftServerProxy (RaftServerProxy.java:addNew(89)) - dde3bc4a-2072-49f6-96b7-d9dfb1162844: addNew group-CA7758CC0C85:[dde3bc4a-2072-49f6-96b7-d9dfb1162844:192.168.151.82:33259, 1f14f3cf-4ace-4392-be28-431862a0440f:192.168.151.82:37786, 1c95823d-847a-4997-a8a6-4cda28e586d4:192.168.151.82:42975] returns group-CA7758CC0C85:java.util.concurrent.CompletableFuture@9cd0ca3[Not completed]
2019-09-28 00:07:30,354 [grpc-default-executor-2] INFO  impl.RaftServerProxy (RaftServerProxy.java:addNew(89)) - 1c95823d-847a-4997-a8a6-4cda28e586d4: addNew group-CA7758CC0C85:[dde3bc4a-2072-49f6-96b7-d9dfb1162844:192.168.151.82:33259, 1f14f3cf-4ace-4392-be28-431862a0440f:192.168.151.82:37786, 1c95823d-847a-4997-a8a6-4cda28e586d4:192.168.151.82:42975] returns group-CA7758CC0C85:java.util.concurrent.CompletableFuture@5daaeaeb[Not completed]
2019-09-28 00:07:30,357 [pool-107-thread-1] INFO  impl.RaftServerImpl (RaftServerImpl.java:<init>(95)) - 1c95823d-847a-4997-a8a6-4cda28e586d4: new RaftServerImpl for group-CA7758CC0C85:[dde3bc4a-2072-49f6-96b7-d9dfb1162844:192.168.151.82:33259, 1f14f3cf-4ace-4392-be28-431862a0440f:192.168.151.82:37786, 1c95823d-847a-4997-a8a6-4cda28e586d4:192.168.151.82:42975] with ContainerStateMachine:uninitialized
2019-09-28 00:07:30,358 [pool-107-thread-1] INFO  server.RaftServerConfigKeys (ConfUtils.java:logGet(43)) - raft.server.rpc.timeout.min = 5s (custom)
2019-09-28 00:07:30,358 [pool-107-thread-1] INFO  server.RaftServerConfigKeys (ConfUtils.java:logGet(43)) - raft.server.rpc.timeout.max = 5200ms (custom)
2019-09-28 00:07:30,358 [pool-107-thread-1] INFO  server.RaftServerConfigKeys (ConfUtils.java:logGet(43)) - raft.server.rpcslowness.timeout = 120s (custom)
2019-09-28 00:07:30,358 [pool-107-thread-1] INFO  server.RaftServerConfigKeys (ConfUtils.java:logGet(43)) - raft.server.sleep.deviation.threshold = 300 (default)
2019-09-28 00:07:30,360 [pool-107-thread-1] INFO  server.RaftServerConfigKeys (ConfUtils.java:logGet(43)) - raft.server.log.appender.install.snapshot.enabled = false (custom)
2019-09-28 00:07:30,361 [pool-107-thread-1] INFO  impl.RaftServerImpl (ServerState.java:<init>(103)) - 1c95823d-847a-4997-a8a6-4cda28e586d4@group-CA7758CC0C85: ConfigurationManager, init=-1: [dde3bc4a-2072-49f6-96b7-d9dfb1162844:192.168.151.82:33259, 1f14f3cf-4ace-4392-be28-431862a0440f:192.168.151.82:37786, 1c95823d-847a-4997-a8a6-4cda28e586d4:192.168.151.82:42975], old=null, confs=<EMPTY_MAP>
2019-09-28 00:07:30,361 [pool-107-thread-1] INFO  server.RaftServerConfigKeys (ConfUtils.java:logGet(43)) - raft.server.storage.dir = [/workdir/hadoop-ozone/integration-test/target/test-dir/MiniOzoneClusterImpl-ef93a8f6-ca63-49dc-855c-e6172cde0611/datanode-8/data/ratis] (custom)
2019-09-28 00:07:30,361 [grpc-default-executor-2] INFO  impl.RaftServerProxy (RaftServerProxy.java:addNew(89)) - 1f14f3cf-4ace-4392-be28-431862a0440f: addNew group-CA7758CC0C85:[dde3bc4a-2072-49f6-96b7-d9dfb1162844:192.168.151.82:33259, 1f14f3cf-4ace-4392-be28-431862a0440f:192.168.151.82:37786, 1c95823d-847a-4997-a8a6-4cda28e586d4:192.168.151.82:42975] returns group-CA7758CC0C85:java.util.concurrent.CompletableFuture@51084e7b[Not completed]
2019-09-28 00:07:30,361 [pool-97-thread-1] INFO  impl.RaftServerImpl (RaftServerImpl.java:<init>(95)) - dde3bc4a-2072-49f6-96b7-d9dfb1162844: new RaftServerImpl for group-CA7758CC0C85:[dde3bc4a-2072-49f6-96b7-d9dfb1162844:192.168.151.82:33259, 1f14f3cf-4ace-4392-be28-431862a0440f:192.168.151.82:37786, 1c95823d-847a-4997-a8a6-4cda28e586d4:192.168.151.82:42975] with ContainerStateMachine:uninitialized
2019-09-28 00:07:30,361 [pool-107-thread-1] INFO  storage.RaftStorageDirectory (RaftStorageDirectory.java:analyzeStorage(246)) - The storage directory /workdir/hadoop-ozone/integration-test/target/test-dir/MiniOzoneClusterImpl-ef93a8f6-ca63-49dc-855c-e6172cde0611/datanode-8/data/ratis/2d139662-2599-4b05-bd13-ca7758cc0c85 does not exist. Creating ...
2019-09-28 00:07:30,361 [pool-97-thread-1] INFO  server.RaftServerConfigKeys (ConfUtils.java:logGet(43)) - raft.server.rpc.timeout.min = 5s (custom)
2019-09-28 00:07:30,362 [pool-97-thread-1] INFO  server.RaftServerConfigKeys (ConfUtils.java:logGet(43)) - raft.server.rpc.timeout.max = 5200ms (custom)
2019-09-28 00:07:30,362 [pool-97-thread-1] INFO  server.RaftServerConfigKeys (ConfUtils.java:logGet(43)) - raft.server.rpcslowness.timeout = 120s (custom)
2019-09-28 00:07:30,362 [pool-97-thread-1] INFO  server.RaftServerConfigKeys (ConfUtils.java:logGet(43)) - raft.server.sleep.deviation.threshold = 300 (default)
2019-09-28 00:07:30,362 [pool-47-thread-1] INFO  impl.RaftServerImpl (RaftServerImpl.java:<init>(95)) - 1f14f3cf-4ace-4392-be28-431862a0440f: new RaftServerImpl for group-CA7758CC0C85:[dde3bc4a-2072-49f6-96b7-d9dfb1162844:192.168.151.82:33259, 1f14f3cf-4ace-4392-be28-431862a0440f:192.168.151.82:37786, 1c95823d-847a-4997-a8a6-4cda28e586d4:192.168.151.82:42975] with ContainerStateMachine:uninitialized
2019-09-28 00:07:30,362 [pool-97-thread-1] INFO  server.RaftServerConfigKeys (ConfUtils.java:logGet(43)) - raft.server.log.appender.install.snapshot.enabled = false (custom)
2019-09-28 00:07:30,363 [pool-47-thread-1] INFO  server.RaftServerConfigKeys (ConfUtils.java:logGet(43)) - raft.server.rpc.timeout.min = 5s (custom)
2019-09-28 00:07:30,363 [pool-97-thread-1] INFO  impl.RaftServerImpl (ServerState.java:<init>(103)) - dde3bc4a-2072-49f6-96b7-d9dfb1162844@group-CA7758CC0C85: ConfigurationManager, init=-1: [dde3bc4a-2072-49f6-96b7-d9dfb1162844:192.168.151.82:33259, 1f14f3cf-4ace-4392-be28-431862a0440f:192.168.151.82:37786, 1c95823d-847a-4997-a8a6-4cda28e586d4:192.168.151.82:42975], old=null, confs=<EMPTY_MAP>
2019-09-28 00:07:30,363 [pool-47-thread-1] INFO  server.RaftServerConfigKeys (ConfUtils.java:logGet(43)) - raft.server.rpc.timeout.max = 5200ms (custom)
2019-09-28 00:07:30,363 [pool-97-thread-1] INFO  server.RaftServerConfigKeys (ConfUtils.java:logGet(43)) - raft.server.storage.dir = [/workdir/hadoop-ozone/integration-test/target/test-dir/MiniOzoneClusterImpl-ef93a8f6-ca63-49dc-855c-e6172cde0611/datanode-7/data/ratis] (custom)
2019-09-28 00:07:30,363 [pool-47-thread-1] INFO  server.RaftServerConfigKeys (ConfUtils.java:logGet(43)) - raft.server.rpcslowness.timeout = 120s (custom)
2019-09-28 00:07:30,363 [pool-47-thread-1] INFO  server.RaftServerConfigKeys (ConfUtils.java:logGet(43)) - raft.server.sleep.deviation.threshold = 300 (default)
2019-09-28 00:07:30,364 [pool-97-thread-1] INFO  storage.RaftStorageDirectory (RaftStorageDirectory.java:analyzeStorage(246)) - The storage directory /workdir/hadoop-ozone/integration-test/target/test-dir/MiniOzoneClusterImpl-ef93a8f6-ca63-49dc-855c-e6172cde0611/datanode-7/data/ratis/2d139662-2599-4b05-bd13-ca7758cc0c85 does not exist. Creating ...
2019-09-28 00:07:30,364 [pool-47-thread-1] INFO  server.RaftServerConfigKeys (ConfUtils.java:logGet(43)) - raft.server.log.appender.install.snapshot.enabled = false (custom)
2019-09-28 00:07:30,364 [pool-47-thread-1] INFO  impl.RaftServerImpl (ServerState.java:<init>(103)) - 1f14f3cf-4ace-4392-be28-431862a0440f@group-CA7758CC0C85: ConfigurationManager, init=-1: [dde3bc4a-2072-49f6-96b7-d9dfb1162844:192.168.151.82:33259, 1f14f3cf-4ace-4392-be28-431862a0440f:192.168.151.82:37786, 1c95823d-847a-4997-a8a6-4cda28e586d4:192.168.151.82:42975], old=null, confs=<EMPTY_MAP>
2019-09-28 00:07:30,364 [pool-47-thread-1] INFO  server.RaftServerConfigKeys (ConfUtils.java:logGet(43)) - raft.server.storage.dir = [/workdir/hadoop-ozone/integration-test/target/test-dir/MiniOzoneClusterImpl-ef93a8f6-ca63-49dc-855c-e6172cde0611/datanode-2/data/ratis] (custom)
2019-09-28 00:07:30,365 [pool-47-thread-1] INFO  storage.RaftStorageDirectory (RaftStorageDirectory.java:analyzeStorage(246)) - The storage directory /workdir/hadoop-ozone/integration-test/target/test-dir/MiniOzoneClusterImpl-ef93a8f6-ca63-49dc-855c-e6172cde0611/datanode-2/data/ratis/2d139662-2599-4b05-bd13-ca7758cc0c85 does not exist. Creating ...
2019-09-28 00:07:30,388 [pool-47-thread-1] INFO  storage.RaftStorageDirectory (RaftStorageDirectory.java:tryLock(328)) - Lock on /workdir/hadoop-ozone/integration-test/target/test-dir/MiniOzoneClusterImpl-ef93a8f6-ca63-49dc-855c-e6172cde0611/datanode-2/data/ratis/2d139662-2599-4b05-bd13-ca7758cc0c85/in_use.lock acquired by nodename 2907@pr-hdds-2162-8g7kw-3348123894
2019-09-28 00:07:30,388 [pool-97-thread-1] INFO  storage.RaftStorageDirectory (RaftStorageDirectory.java:tryLock(328)) - Lock on /workdir/hadoop-ozone/integration-test/target/test-dir/MiniOzoneClusterImpl-ef93a8f6-ca63-49dc-855c-e6172cde0611/datanode-7/data/ratis/2d139662-2599-4b05-bd13-ca7758cc0c85/in_use.lock acquired by nodename 2907@pr-hdds-2162-8g7kw-3348123894
2019-09-28 00:07:30,388 [pool-107-thread-1] INFO  storage.RaftStorageDirectory (RaftStorageDirectory.java:tryLock(328)) - Lock on /workdir/hadoop-ozone/integration-test/target/test-dir/MiniOzoneClusterImpl-ef93a8f6-ca63-49dc-855c-e6172cde0611/datanode-8/data/ratis/2d139662-2599-4b05-bd13-ca7758cc0c85/in_use.lock acquired by nodename 2907@pr-hdds-2162-8g7kw-3348123894
2019-09-28 00:07:30,414 [pool-97-thread-1] INFO  storage.RaftStorage (RaftStorage.java:format(72)) - Storage directory /workdir/hadoop-ozone/integration-test/target/test-dir/MiniOzoneClusterImpl-ef93a8f6-ca63-49dc-855c-e6172cde0611/datanode-7/data/ratis/2d139662-2599-4b05-bd13-ca7758cc0c85 has been successfully formatted.
2019-09-28 00:07:30,414 [pool-47-thread-1] INFO  storage.RaftStorage (RaftStorage.java:format(72)) - Storage directory /workdir/hadoop-ozone/integration-test/target/test-dir/MiniOzoneClusterImpl-ef93a8f6-ca63-49dc-855c-e6172cde0611/datanode-2/data/ratis/2d139662-2599-4b05-bd13-ca7758cc0c85 has been successfully formatted.
2019-09-28 00:07:30,414 [pool-107-thread-1] INFO  storage.RaftStorage (RaftStorage.java:format(72)) - Storage directory /workdir/hadoop-ozone/integration-test/target/test-dir/MiniOzoneClusterImpl-ef93a8f6-ca63-49dc-855c-e6172cde0611/datanode-8/data/ratis/2d139662-2599-4b05-bd13-ca7758cc0c85 has been successfully formatted.
2019-09-28 00:07:30,415 [pool-47-thread-1] INFO  ratis.ContainerStateMachine (ContainerStateMachine.java:loadSnapshot(230)) - group-CA7758CC0C85: The snapshot info is null. Setting the last applied indexto:(t:0, i:~)
2019-09-28 00:07:30,415 [pool-97-thread-1] INFO  ratis.ContainerStateMachine (ContainerStateMachine.java:loadSnapshot(230)) - group-CA7758CC0C85: The snapshot info is null. Setting the last applied indexto:(t:0, i:~)
2019-09-28 00:07:30,415 [pool-47-thread-1] INFO  server.RaftServerConfigKeys (ConfUtils.java:logGet(43)) - raft.server.notification.no-leader.timeout = 120s (custom)
2019-09-28 00:07:30,415 [pool-107-thread-1] INFO  ratis.ContainerStateMachine (ContainerStateMachine.java:loadSnapshot(230)) - group-CA7758CC0C85: The snapshot info is null. Setting the last applied indexto:(t:0, i:~)
2019-09-28 00:07:30,416 [pool-47-thread-1] INFO  server.RaftServerConfigKeys (ConfUtils.java:logGet(43)) - raft.server.log.use.memory = false (default)
2019-09-28 00:07:30,415 [pool-97-thread-1] INFO  server.RaftServerConfigKeys (ConfUtils.java:logGet(43)) - raft.server.notification.no-leader.timeout = 120s (custom)
2019-09-28 00:07:30,416 [pool-47-thread-1] INFO  server.RaftServerConfigKeys (ConfUtils.java:logGet(43)) - raft.server.log.purge.gap = 1000000 (custom)
2019-09-28 00:07:30,416 [pool-107-thread-1] INFO  server.RaftServerConfigKeys (ConfUtils.java:logGet(43)) - raft.server.notification.no-leader.timeout = 120s (custom)
2019-09-28 00:07:30,416 [pool-47-thread-1] INFO  server.RaftServerConfigKeys (ConfUtils.java:logGet(43)) - raft.server.log.appender.buffer.byte-limit = 33554432 (custom)
2019-09-28 00:07:30,416 [pool-97-thread-1] INFO  server.RaftServerConfigKeys (ConfUtils.java:logGet(43)) - raft.server.log.use.memory = false (default)
2019-09-28 00:07:30,417 [pool-47-thread-1] INFO  server.RaftServerConfigKeys (ConfUtils.java:logGet(43)) - raft.server.log.segment.size.max = 1048576 (custom)
2019-09-28 00:07:30,416 [pool-107-thread-1] INFO  server.RaftServerConfigKeys (ConfUtils.java:logGet(43)) - raft.server.log.use.memory = false (default)
2019-09-28 00:07:30,417 [pool-47-thread-1] INFO  server.RaftServerConfigKeys (ConfUtils.java:logGet(43)) - raft.server.log.segment.cache.num.max = 2 (custom)
2019-09-28 00:07:30,417 [pool-97-thread-1] INFO  server.RaftServerConfigKeys (ConfUtils.java:logGet(43)) - raft.server.log.purge.gap = 1000000 (custom)
2019-09-28 00:07:30,417 [pool-47-thread-1] INFO  segmented.SegmentedRaftLogWorker (SegmentedRaftLogWorker.java:<init>(172)) - new 1f14f3cf-4ace-4392-be28-431862a0440f@group-CA7758CC0C85-SegmentedRaftLogWorker for RaftStorage:Storage Directory /workdir/hadoop-ozone/integration-test/target/test-dir/MiniOzoneClusterImpl-ef93a8f6-ca63-49dc-855c-e6172cde0611/datanode-2/data/ratis/2d139662-2599-4b05-bd13-ca7758cc0c85
2019-09-28 00:07:30,417 [pool-107-thread-1] INFO  server.RaftServerConfigKeys (ConfUtils.java:logGet(43)) - raft.server.log.purge.gap = 1000000 (custom)
2019-09-28 00:07:30,418 [pool-47-thread-1] INFO  server.RaftServerConfigKeys (ConfUtils.java:logGet(43)) - raft.server.log.queue.byte-limit = 2147483647 (custom)
2019-09-28 00:07:30,417 [pool-97-thread-1] INFO  server.RaftServerConfigKeys (ConfUtils.java:logGet(43)) - raft.server.log.appender.buffer.byte-limit = 33554432 (custom)
2019-09-28 00:07:30,418 [pool-47-thread-1] INFO  server.RaftServerConfigKeys (ConfUtils.java:logGet(43)) - raft.server.log.queue.element-limit = 1024 (custom)
2019-09-28 00:07:30,418 [pool-107-thread-1] INFO  server.RaftServerConfigKeys (ConfUtils.java:logGet(43)) - raft.server.log.appender.buffer.byte-limit = 33554432 (custom)
2019-09-28 00:07:30,418 [pool-47-thread-1] INFO  server.RaftServerConfigKeys (ConfUtils.java:logGet(43)) - raft.server.log.segment.size.max = 1048576 (custom)
2019-09-28 00:07:30,418 [pool-97-thread-1] INFO  server.RaftServerConfigKeys (ConfUtils.java:logGet(43)) - raft.server.log.segment.size.max = 1048576 (custom)
2019-09-28 00:07:30,419 [pool-47-thread-1] INFO  server.RaftServerConfigKeys (ConfUtils.java:logGet(43)) - raft.server.log.preallocated.size = 16384 (custom)
2019-09-28 00:07:30,418 [pool-107-thread-1] INFO  server.RaftServerConfigKeys (ConfUtils.java:logGet(43)) - raft.server.log.segment.size.max = 1048576 (custom)
2019-09-28 00:07:30,419 [pool-47-thread-1] INFO  server.RaftServerConfigKeys (ConfUtils.java:logGet(43)) - raft.server.log.write.buffer.size = 33554432 (custom)
2019-09-28 00:07:30,419 [pool-97-thread-1] INFO  server.RaftServerConfigKeys (ConfUtils.java:logGet(43)) - raft.server.log.segment.cache.num.max = 2 (custom)
2019-09-28 00:07:30,419 [pool-47-thread-1] INFO  server.RaftServerConfigKeys (ConfUtils.java:logGet(43)) - raft.server.log.force.sync.num = 128 (default)
2019-09-28 00:07:30,419 [pool-107-thread-1] INFO  server.RaftServerConfigKeys (ConfUtils.java:logGet(43)) - raft.server.log.segment.cache.num.max = 2 (custom)
2019-09-28 00:07:30,420 [pool-47-thread-1] INFO  server.RaftServerConfigKeys (ConfUtils.java:logGet(43)) - raft.server.log.statemachine.data.sync = true (default)
2019-09-28 00:07:30,419 [pool-97-thread-1] INFO  segmented.SegmentedRaftLogWorker (SegmentedRaftLogWorker.java:<init>(172)) - new dde3bc4a-2072-49f6-96b7-d9dfb1162844@group-CA7758CC0C85-SegmentedRaftLogWorker for RaftStorage:Storage Directory /workdir/hadoop-ozone/integration-test/target/test-dir/MiniOzoneClusterImpl-ef93a8f6-ca63-49dc-855c-e6172cde0611/datanode-7/data/ratis/2d139662-2599-4b05-bd13-ca7758cc0c85
2019-09-28 00:07:30,420 [pool-47-thread-1] INFO  server.RaftServerConfigKeys (ConfUtils.java:logGet(43)) - raft.server.log.statemachine.data.sync.timeout = 10s (default)
2019-09-28 00:07:30,420 [pool-107-thread-1] INFO  segmented.SegmentedRaftLogWorker (SegmentedRaftLogWorker.java:<init>(172)) - new 1c95823d-847a-4997-a8a6-4cda28e586d4@group-CA7758CC0C85-SegmentedRaftLogWorker for RaftStorage:Storage Directory /workdir/hadoop-ozone/integration-test/target/test-dir/MiniOzoneClusterImpl-ef93a8f6-ca63-49dc-855c-e6172cde0611/datanode-8/data/ratis/2d139662-2599-4b05-bd13-ca7758cc0c85
2019-09-28 00:07:30,420 [pool-47-thread-1] INFO  server.RaftServerConfigKeys (ConfUtils.java:logGet(43)) - raft.server.log.statemachine.data.sync.timeout.retry = -1 (default)
2019-09-28 00:07:30,420 [pool-97-thread-1] INFO  server.RaftServerConfigKeys (ConfUtils.java:logGet(43)) - raft.server.log.queue.byte-limit = 2147483647 (custom)
2019-09-28 00:07:30,421 [pool-47-thread-1] INFO  server.RaftServerConfigKeys (ConfUtils.java:logGet(43)) - raft.server.log.statemachine.data.caching.enabled = true (custom)
2019-09-28 00:07:30,420 [pool-107-thread-1] INFO  server.RaftServerConfigKeys (ConfUtils.java:logGet(43)) - raft.server.log.queue.byte-limit = 2147483647 (custom)
2019-09-28 00:07:30,421 [pool-97-thread-1] INFO  server.RaftServerConfigKeys (ConfUtils.java:logGet(43)) - raft.server.log.queue.element-limit = 1024 (custom)
2019-09-28 00:07:30,421 [pool-47-thread-1] INFO  segmented.SegmentedRaftLogWorker (SegmentedRaftLogWorker.java:lambda$new$0(132)) - 1f14f3cf-4ace-4392-be28-431862a0440f@group-CA7758CC0C85-SegmentedRaftLogWorker: flushIndex: setUnconditionally 0 -> -1
2019-09-28 00:07:30,421 [pool-107-thread-1] INFO  server.RaftServerConfigKeys (ConfUtils.java:logGet(43)) - raft.server.log.queue.element-limit = 1024 (custom)
2019-09-28 00:07:30,421 [pool-97-thread-1] INFO  server.RaftServerConfigKeys (ConfUtils.java:logGet(43)) - raft.server.log.segment.size.max = 1048576 (custom)
2019-09-28 00:07:30,422 [pool-107-thread-1] INFO  server.RaftServerConfigKeys (ConfUtils.java:logGet(43)) - raft.server.log.segment.size.max = 1048576 (custom)
2019-09-28 00:07:30,422 [pool-47-thread-1] INFO  server.RaftServerConfigKeys (ConfUtils.java:logGet(43)) - raft.server.snapshot.auto.trigger.enabled = true (custom)
2019-09-28 00:07:30,422 [pool-107-thread-1] INFO  server.RaftServerConfigKeys (ConfUtils.java:logGet(43)) - raft.server.log.preallocated.size = 16384 (custom)
2019-09-28 00:07:30,422 [pool-97-thread-1] INFO  server.RaftServerConfigKeys (ConfUtils.java:logGet(43)) - raft.server.log.preallocated.size = 16384 (custom)
2019-09-28 00:07:30,422 [pool-107-thread-1] INFO  server.RaftServerConfigKeys (ConfUtils.java:logGet(43)) - raft.server.log.write.buffer.size = 33554432 (custom)
2019-09-28 00:07:30,422 [pool-47-thread-1] INFO  server.RaftServerConfigKeys (ConfUtils.java:logGet(43)) - raft.server.snapshot.auto.trigger.threshold = 10000 (custom)
2019-09-28 00:07:30,423 [pool-107-thread-1] INFO  server.RaftServerConfigKeys (ConfUtils.java:logGet(43)) - raft.server.log.force.sync.num = 128 (default)
2019-09-28 00:07:30,423 [pool-107-thread-1] INFO  server.RaftServerConfigKeys (ConfUtils.java:logGet(43)) - raft.server.log.statemachine.data.sync = true (default)
2019-09-28 00:07:30,422 [pool-97-thread-1] INFO  server.RaftServerConfigKeys (ConfUtils.java:logGet(43)) - raft.server.log.write.buffer.size = 33554432 (custom)
2019-09-28 00:07:30,423 [pool-107-thread-1] INFO  server.RaftServerConfigKeys (ConfUtils.java:logGet(43)) - raft.server.log.statemachine.data.sync.timeout = 10s (default)
2019-09-28 00:07:30,423 [pool-47-thread-1] INFO  server.RaftServerConfigKeys (ConfUtils.java:logGet(43)) - raft.server.snapshot.retention.num.files = 5 (custom)
2019-09-28 00:07:30,423 [pool-107-thread-1] INFO  server.RaftServerConfigKeys (ConfUtils.java:logGet(43)) - raft.server.log.statemachine.data.sync.timeout.retry = -1 (default)
2019-09-28 00:07:30,423 [pool-97-thread-1] INFO  server.RaftServerConfigKeys (ConfUtils.java:logGet(43)) - raft.server.log.force.sync.num = 128 (default)
2019-09-28 00:07:30,424 [pool-107-thread-1] INFO  server.RaftServerConfigKeys (ConfUtils.java:logGet(43)) - raft.server.log.statemachine.data.caching.enabled = true (custom)
2019-09-28 00:07:30,424 [pool-47-thread-1] INFO  server.RaftServerConfigKeys (ConfUtils.java:logGet(43)) - raft.server.retrycache.expirytime = 600000ms (custom)
2019-09-28 00:07:30,424 [pool-97-thread-1] INFO  server.RaftServerConfigKeys (ConfUtils.java:logGet(43)) - raft.server.log.statemachine.data.sync = true (default)
2019-09-28 00:07:30,424 [pool-107-thread-1] INFO  segmented.SegmentedRaftLogWorker (SegmentedRaftLogWorker.java:lambda$new$0(132)) - 1c95823d-847a-4997-a8a6-4cda28e586d4@group-CA7758CC0C85-SegmentedRaftLogWorker: flushIndex: setUnconditionally 0 -> -1
2019-09-28 00:07:30,425 [pool-97-thread-1] INFO  server.RaftServerConfigKeys (ConfUtils.java:logGet(43)) - raft.server.log.statemachine.data.sync.timeout = 10s (default)
2019-09-28 00:07:30,425 [pool-107-thread-1] INFO  server.RaftServerConfigKeys (ConfUtils.java:logGet(43)) - raft.server.snapshot.auto.trigger.enabled = true (custom)
2019-09-28 00:07:30,425 [pool-97-thread-1] INFO  server.RaftServerConfigKeys (ConfUtils.java:logGet(43)) - raft.server.log.statemachine.data.sync.timeout.retry = -1 (default)
2019-09-28 00:07:30,425 [pool-107-thread-1] INFO  server.RaftServerConfigKeys (ConfUtils.java:logGet(43)) - raft.server.snapshot.auto.trigger.threshold = 10000 (custom)
2019-09-28 00:07:30,425 [pool-97-thread-1] INFO  server.RaftServerConfigKeys (ConfUtils.java:logGet(43)) - raft.server.log.statemachine.data.caching.enabled = true (custom)
2019-09-28 00:07:30,425 [pool-107-thread-1] INFO  server.RaftServerConfigKeys (ConfUtils.java:logGet(43)) - raft.server.snapshot.retention.num.files = 5 (custom)
2019-09-28 00:07:30,426 [pool-97-thread-1] INFO  segmented.SegmentedRaftLogWorker (SegmentedRaftLogWorker.java:lambda$new$0(132)) - dde3bc4a-2072-49f6-96b7-d9dfb1162844@group-CA7758CC0C85-SegmentedRaftLogWorker: flushIndex: setUnconditionally 0 -> -1
2019-09-28 00:07:30,426 [pool-107-thread-1] INFO  server.RaftServerConfigKeys (ConfUtils.java:logGet(43)) - raft.server.retrycache.expirytime = 600000ms (custom)
2019-09-28 00:07:30,426 [pool-97-thread-1] INFO  server.RaftServerConfigKeys (ConfUtils.java:logGet(43)) - raft.server.snapshot.auto.trigger.enabled = true (custom)
2019-09-28 00:07:30,426 [pool-97-thread-1] INFO  server.RaftServerConfigKeys (ConfUtils.java:logGet(43)) - raft.server.snapshot.auto.trigger.threshold = 10000 (custom)
2019-09-28 00:07:30,426 [pool-97-thread-1] INFO  server.RaftServerConfigKeys (ConfUtils.java:logGet(43)) - raft.server.snapshot.retention.num.files = 5 (custom)
2019-09-28 00:07:30,427 [pool-97-thread-1] INFO  server.RaftServerConfigKeys (ConfUtils.java:logGet(43)) - raft.server.retrycache.expirytime = 600000ms (custom)
2019-09-28 00:07:30,427 [pool-47-thread-1] INFO  impl.RaftServerImpl (RaftServerImpl.java:start(185)) - 1f14f3cf-4ace-4392-be28-431862a0440f@group-CA7758CC0C85: start as a follower, conf=-1: [dde3bc4a-2072-49f6-96b7-d9dfb1162844:192.168.151.82:33259, 1f14f3cf-4ace-4392-be28-431862a0440f:192.168.151.82:37786, 1c95823d-847a-4997-a8a6-4cda28e586d4:192.168.151.82:42975], old=null
2019-09-28 00:07:30,427 [pool-47-thread-1] INFO  impl.RaftServerImpl (RaftServerImpl.java:setRole(174)) - 1f14f3cf-4ace-4392-be28-431862a0440f@group-CA7758CC0C85: changes role from      null to FOLLOWER at term 0 for startAsFollower
2019-09-28 00:07:30,428 [pool-47-thread-1] INFO  impl.RoleInfo (RoleInfo.java:updateAndGet(143)) - 1f14f3cf-4ace-4392-be28-431862a0440f: start FollowerState
2019-09-28 00:07:30,428 [pool-47-thread-1] INFO  util.JmxRegister (JmxRegister.java:tryRegister(44)) - Successfully registered JMX Bean with object name Ratis:service=RaftServer,group=group-CA7758CC0C85,id=1f14f3cf-4ace-4392-be28-431862a0440f
2019-09-28 00:07:30,429 [pool-107-thread-1] INFO  impl.RaftServerImpl (RaftServerImpl.java:start(185)) - 1c95823d-847a-4997-a8a6-4cda28e586d4@group-CA7758CC0C85: start as a follower, conf=-1: [dde3bc4a-2072-49f6-96b7-d9dfb1162844:192.168.151.82:33259, 1f14f3cf-4ace-4392-be28-431862a0440f:192.168.151.82:37786, 1c95823d-847a-4997-a8a6-4cda28e586d4:192.168.151.82:42975], old=null
2019-09-28 00:07:30,429 [pool-107-thread-1] INFO  impl.RaftServerImpl (RaftServerImpl.java:setRole(174)) - 1c95823d-847a-4997-a8a6-4cda28e586d4@group-CA7758CC0C85: changes role from      null to FOLLOWER at term 0 for startAsFollower
2019-09-28 00:07:30,430 [pool-107-thread-1] INFO  impl.RoleInfo (RoleInfo.java:updateAndGet(143)) - 1c95823d-847a-4997-a8a6-4cda28e586d4: start FollowerState
2019-09-28 00:07:30,430 [pool-97-thread-1] INFO  impl.RaftServerImpl (RaftServerImpl.java:start(185)) - dde3bc4a-2072-49f6-96b7-d9dfb1162844@group-CA7758CC0C85: start as a follower, conf=-1: [dde3bc4a-2072-49f6-96b7-d9dfb1162844:192.168.151.82:33259, 1f14f3cf-4ace-4392-be28-431862a0440f:192.168.151.82:37786, 1c95823d-847a-4997-a8a6-4cda28e586d4:192.168.151.82:42975], old=null
2019-09-28 00:07:30,430 [pool-97-thread-1] INFO  impl.RaftServerImpl (RaftServerImpl.java:setRole(174)) - dde3bc4a-2072-49f6-96b7-d9dfb1162844@group-CA7758CC0C85: changes role from      null to FOLLOWER at term 0 for startAsFollower
2019-09-28 00:07:30,430 [pool-107-thread-1] INFO  util.JmxRegister (JmxRegister.java:tryRegister(44)) - Successfully registered JMX Bean with object name Ratis:service=RaftServer,group=group-CA7758CC0C85,id=1c95823d-847a-4997-a8a6-4cda28e586d4
2019-09-28 00:07:30,430 [pool-97-thread-1] INFO  impl.RoleInfo (RoleInfo.java:updateAndGet(143)) - dde3bc4a-2072-49f6-96b7-d9dfb1162844: start FollowerState
2019-09-28 00:07:30,434 [pool-97-thread-1] INFO  util.JmxRegister (JmxRegister.java:tryRegister(44)) - Successfully registered JMX Bean with object name Ratis:service=RaftServer,group=group-CA7758CC0C85,id=dde3bc4a-2072-49f6-96b7-d9dfb1162844
2019-09-28 00:07:30,454 [RatisPipelineUtilsThread] INFO  pipeline.PipelineStateManager (PipelineStateManager.java:addPipeline(56)) - Created pipeline Pipeline[ Id: 2d139662-2599-4b05-bd13-ca7758cc0c85, Nodes: dde3bc4a-2072-49f6-96b7-d9dfb1162844{ip: 192.168.151.82, host: pr-hdds-2162-8g7kw-3348123894, networkLocation: /default-rack, certSerialId: null}1f14f3cf-4ace-4392-be28-431862a0440f{ip: 192.168.151.82, host: pr-hdds-2162-8g7kw-3348123894, networkLocation: /default-rack, certSerialId: null}1c95823d-847a-4997-a8a6-4cda28e586d4{ip: 192.168.151.82, host: pr-hdds-2162-8g7kw-3348123894, networkLocation: /default-rack, certSerialId: null}, Type:RATIS, Factor:THREE, State:OPEN]
2019-09-28 00:07:30,483 [grpc-default-executor-1] INFO  impl.RaftServerProxy (RaftServerProxy.java:addNew(89)) - 81a35a2f-70d3-442b-bace-ce29edca7155: addNew group-DB85DE63A691:[064bde2d-db92-404d-9f14-fa74fc053683:192.168.151.82:42841, f6411f89-2ca8-4cfc-a99c-aca361894957:192.168.151.82:39545, 81a35a2f-70d3-442b-bace-ce29edca7155:192.168.151.82:37102] returns group-DB85DE63A691:java.util.concurrent.CompletableFuture@46094a66[Not completed]
2019-09-28 00:07:30,484 [grpc-default-executor-2] INFO  impl.RaftServerProxy (RaftServerProxy.java:addNew(89)) - f6411f89-2ca8-4cfc-a99c-aca361894957: addNew group-DB85DE63A691:[064bde2d-db92-404d-9f14-fa74fc053683:192.168.151.82:42841, f6411f89-2ca8-4cfc-a99c-aca361894957:192.168.151.82:39545, 81a35a2f-70d3-442b-bace-ce29edca7155:192.168.151.82:37102] returns group-DB85DE63A691:java.util.concurrent.CompletableFuture@4cd94030[Not completed]
2019-09-28 00:07:30,492 [pool-27-thread-1] INFO  impl.RaftServerImpl (RaftServerImpl.java:<init>(95)) - 81a35a2f-70d3-442b-bace-ce29edca7155: new RaftServerImpl for group-DB85DE63A691:[064bde2d-db92-404d-9f14-fa74fc053683:192.168.151.82:42841, f6411f89-2ca8-4cfc-a99c-aca361894957:192.168.151.82:39545, 81a35a2f-70d3-442b-bace-ce29edca7155:192.168.151.82:37102] with ContainerStateMachine:uninitialized
2019-09-28 00:07:30,492 [pool-27-thread-1] INFO  server.RaftServerConfigKeys (ConfUtils.java:logGet(43)) - raft.server.rpc.timeout.min = 5s (custom)
2019-09-28 00:07:30,493 [pool-27-thread-1] INFO  server.RaftServerConfigKeys (ConfUtils.java:logGet(43)) - raft.server.rpc.timeout.max = 5200ms (custom)
2019-09-28 00:07:30,493 [grpc-default-executor-2] INFO  impl.RaftServerProxy (RaftServerProxy.java:addNew(89)) - 064bde2d-db92-404d-9f14-fa74fc053683: addNew group-DB85DE63A691:[064bde2d-db92-404d-9f14-fa74fc053683:192.168.151.82:42841, f6411f89-2ca8-4cfc-a99c-aca361894957:192.168.151.82:39545, 81a35a2f-70d3-442b-bace-ce29edca7155:192.168.151.82:37102] returns group-DB85DE63A691:java.util.concurrent.CompletableFuture@46ae06f2[Not completed]
2019-09-28 00:07:30,493 [pool-27-thread-1] INFO  server.RaftServerConfigKeys (ConfUtils.java:logGet(43)) - raft.server.rpcslowness.timeout = 120s (custom)
2019-09-28 00:07:30,493 [pool-57-thread-1] INFO  impl.RaftServerImpl (RaftServerImpl.java:<init>(95)) - f6411f89-2ca8-4cfc-a99c-aca361894957: new RaftServerImpl for group-DB85DE63A691:[064bde2d-db92-404d-9f14-fa74fc053683:192.168.151.82:42841, f6411f89-2ca8-4cfc-a99c-aca361894957:192.168.151.82:39545, 81a35a2f-70d3-442b-bace-ce29edca7155:192.168.151.82:37102] with ContainerStateMachine:uninitialized
2019-09-28 00:07:30,493 [pool-27-thread-1] INFO  server.RaftServerConfigKeys (ConfUtils.java:logGet(43)) - raft.server.sleep.deviation.threshold = 300 (default)
2019-09-28 00:07:30,493 [pool-57-thread-1] INFO  server.RaftServerConfigKeys (ConfUtils.java:logGet(43)) - raft.server.rpc.timeout.min = 5s (custom)
2019-09-28 00:07:30,493 [pool-27-thread-1] INFO  server.RaftServerConfigKeys (ConfUtils.java:logGet(43)) - raft.server.log.appender.install.snapshot.enabled = false (custom)
2019-09-28 00:07:30,494 [pool-57-thread-1] INFO  server.RaftServerConfigKeys (ConfUtils.java:logGet(43)) - raft.server.rpc.timeout.max = 5200ms (custom)
2019-09-28 00:07:30,494 [pool-27-thread-1] INFO  impl.RaftServerImpl (ServerState.java:<init>(103)) - 81a35a2f-70d3-442b-bace-ce29edca7155@group-DB85DE63A691: ConfigurationManager, init=-1: [064bde2d-db92-404d-9f14-fa74fc053683:192.168.151.82:42841, f6411f89-2ca8-4cfc-a99c-aca361894957:192.168.151.82:39545, 81a35a2f-70d3-442b-bace-ce29edca7155:192.168.151.82:37102], old=null, confs=<EMPTY_MAP>
2019-09-28 00:07:30,494 [pool-57-thread-1] INFO  server.RaftServerConfigKeys (ConfUtils.java:logGet(43)) - raft.server.rpcslowness.timeout = 120s (custom)
2019-09-28 00:07:30,494 [pool-27-thread-1] INFO  server.RaftServerConfigKeys (ConfUtils.java:logGet(43)) - raft.server.storage.dir = [/workdir/hadoop-ozone/integration-test/target/test-dir/MiniOzoneClusterImpl-ef93a8f6-ca63-49dc-855c-e6172cde0611/datanode-0/data/ratis] (custom)
2019-09-28 00:07:30,494 [pool-57-thread-1] INFO  server.RaftServerConfigKeys (ConfUtils.java:logGet(43)) - raft.server.sleep.deviation.threshold = 300 (default)
2019-09-28 00:07:30,494 [pool-87-thread-1] INFO  impl.RaftServerImpl (RaftServerImpl.java:<init>(95)) - 064bde2d-db92-404d-9f14-fa74fc053683: new RaftServerImpl for group-DB85DE63A691:[064bde2d-db92-404d-9f14-fa74fc053683:192.168.151.82:42841, f6411f89-2ca8-4cfc-a99c-aca361894957:192.168.151.82:39545, 81a35a2f-70d3-442b-bace-ce29edca7155:192.168.151.82:37102] with ContainerStateMachine:uninitialized
2019-09-28 00:07:30,495 [pool-27-thread-1] INFO  storage.RaftStorageDirectory (RaftStorageDirectory.java:analyzeStorage(246)) - The storage directory /workdir/hadoop-ozone/integration-test/target/test-dir/MiniOzoneClusterImpl-ef93a8f6-ca63-49dc-855c-e6172cde0611/datanode-0/data/ratis/05dd1afe-876c-4fcf-9379-db85de63a691 does not exist. Creating ...
2019-09-28 00:07:30,495 [pool-87-thread-1] INFO  server.RaftServerConfigKeys (ConfUtils.java:logGet(43)) - raft.server.rpc.timeout.min = 5s (custom)
2019-09-28 00:07:30,494 [pool-57-thread-1] INFO  server.RaftServerConfigKeys (ConfUtils.java:logGet(43)) - raft.server.log.appender.install.snapshot.enabled = false (custom)
2019-09-28 00:07:30,495 [pool-87-thread-1] INFO  server.RaftServerConfigKeys (ConfUtils.java:logGet(43)) - raft.server.rpc.timeout.max = 5200ms (custom)
2019-09-28 00:07:30,495 [pool-57-thread-1] INFO  impl.RaftServerImpl (ServerState.java:<init>(103)) - f6411f89-2ca8-4cfc-a99c-aca361894957@group-DB85DE63A691: ConfigurationManager, init=-1: [064bde2d-db92-404d-9f14-fa74fc053683:192.168.151.82:42841, f6411f89-2ca8-4cfc-a99c-aca361894957:192.168.151.82:39545, 81a35a2f-70d3-442b-bace-ce29edca7155:192.168.151.82:37102], old=null, confs=<EMPTY_MAP>
2019-09-28 00:07:30,495 [pool-87-thread-1] INFO  server.RaftServerConfigKeys (ConfUtils.java:logGet(43)) - raft.server.rpcslowness.timeout = 120s (custom)
2019-09-28 00:07:30,495 [pool-57-thread-1] INFO  server.RaftServerConfigKeys (ConfUtils.java:logGet(43)) - raft.server.storage.dir = [/workdir/hadoop-ozone/integration-test/target/test-dir/MiniOzoneClusterImpl-ef93a8f6-ca63-49dc-855c-e6172cde0611/datanode-3/data/ratis] (custom)
2019-09-28 00:07:30,495 [pool-87-thread-1] INFO  server.RaftServerConfigKeys (ConfUtils.java:logGet(43)) - raft.server.sleep.deviation.threshold = 300 (default)
2019-09-28 00:07:30,496 [pool-87-thread-1] INFO  server.RaftServerConfigKeys (ConfUtils.java:logGet(43)) - raft.server.log.appender.install.snapshot.enabled = false (custom)
2019-09-28 00:07:30,496 [pool-57-thread-1] INFO  storage.RaftStorageDirectory (RaftStorageDirectory.java:analyzeStorage(246)) - The storage directory /workdir/hadoop-ozone/integration-test/target/test-dir/MiniOzoneClusterImpl-ef93a8f6-ca63-49dc-855c-e6172cde0611/datanode-3/data/ratis/05dd1afe-876c-4fcf-9379-db85de63a691 does not exist. Creating ...
2019-09-28 00:07:30,496 [pool-87-thread-1] INFO  impl.RaftServerImpl (ServerState.java:<init>(103)) - 064bde2d-db92-404d-9f14-fa74fc053683@group-DB85DE63A691: ConfigurationManager, init=-1: [064bde2d-db92-404d-9f14-fa74fc053683:192.168.151.82:42841, f6411f89-2ca8-4cfc-a99c-aca361894957:192.168.151.82:39545, 81a35a2f-70d3-442b-bace-ce29edca7155:192.168.151.82:37102], old=null, confs=<EMPTY_MAP>
2019-09-28 00:07:30,496 [pool-87-thread-1] INFO  server.RaftServerConfigKeys (ConfUtils.java:logGet(43)) - raft.server.storage.dir = [/workdir/hadoop-ozone/integration-test/target/test-dir/MiniOzoneClusterImpl-ef93a8f6-ca63-49dc-855c-e6172cde0611/datanode-6/data/ratis] (custom)
2019-09-28 00:07:30,497 [pool-87-thread-1] INFO  storage.RaftStorageDirectory (RaftStorageDirectory.java:analyzeStorage(246)) - The storage directory /workdir/hadoop-ozone/integration-test/target/test-dir/MiniOzoneClusterImpl-ef93a8f6-ca63-49dc-855c-e6172cde0611/datanode-6/data/ratis/05dd1afe-876c-4fcf-9379-db85de63a691 does not exist. Creating ...
2019-09-28 00:07:30,520 [pool-87-thread-1] INFO  storage.RaftStorageDirectory (RaftStorageDirectory.java:tryLock(328)) - Lock on /workdir/hadoop-ozone/integration-test/target/test-dir/MiniOzoneClusterImpl-ef93a8f6-ca63-49dc-855c-e6172cde0611/datanode-6/data/ratis/05dd1afe-876c-4fcf-9379-db85de63a691/in_use.lock acquired by nodename 2907@pr-hdds-2162-8g7kw-3348123894
2019-09-28 00:07:30,520 [pool-27-thread-1] INFO  storage.RaftStorageDirectory (RaftStorageDirectory.java:tryLock(328)) - Lock on /workdir/hadoop-ozone/integration-test/target/test-dir/MiniOzoneClusterImpl-ef93a8f6-ca63-49dc-855c-e6172cde0611/datanode-0/data/ratis/05dd1afe-876c-4fcf-9379-db85de63a691/in_use.lock acquired by nodename 2907@pr-hdds-2162-8g7kw-3348123894
2019-09-28 00:07:30,520 [pool-57-thread-1] INFO  storage.RaftStorageDirectory (RaftStorageDirectory.java:tryLock(328)) - Lock on /workdir/hadoop-ozone/integration-test/target/test-dir/MiniOzoneClusterImpl-ef93a8f6-ca63-49dc-855c-e6172cde0611/datanode-3/data/ratis/05dd1afe-876c-4fcf-9379-db85de63a691/in_use.lock acquired by nodename 2907@pr-hdds-2162-8g7kw-3348123894
2019-09-28 00:07:30,545 [pool-87-thread-1] INFO  storage.RaftStorage (RaftStorage.java:format(72)) - Storage directory /workdir/hadoop-ozone/integration-test/target/test-dir/MiniOzoneClusterImpl-ef93a8f6-ca63-49dc-855c-e6172cde0611/datanode-6/data/ratis/05dd1afe-876c-4fcf-9379-db85de63a691 has been successfully formatted.
2019-09-28 00:07:30,545 [pool-27-thread-1] INFO  storage.RaftStorage (RaftStorage.java:format(72)) - Storage directory /workdir/hadoop-ozone/integration-test/target/test-dir/MiniOzoneClusterImpl-ef93a8f6-ca63-49dc-855c-e6172cde0611/datanode-0/data/ratis/05dd1afe-876c-4fcf-9379-db85de63a691 has been successfully formatted.
2019-09-28 00:07:30,545 [pool-57-thread-1] INFO  storage.RaftStorage (RaftStorage.java:format(72)) - Storage directory /workdir/hadoop-ozone/integration-test/target/test-dir/MiniOzoneClusterImpl-ef93a8f6-ca63-49dc-855c-e6172cde0611/datanode-3/data/ratis/05dd1afe-876c-4fcf-9379-db85de63a691 has been successfully formatted.
2019-09-28 00:07:30,546 [pool-87-thread-1] INFO  ratis.ContainerStateMachine (ContainerStateMachine.java:loadSnapshot(230)) - group-DB85DE63A691: The snapshot info is null. Setting the last applied indexto:(t:0, i:~)
2019-09-28 00:07:30,546 [pool-27-thread-1] INFO  ratis.ContainerStateMachine (ContainerStateMachine.java:loadSnapshot(230)) - group-DB85DE63A691: The snapshot info is null. Setting the last applied indexto:(t:0, i:~)
2019-09-28 00:07:30,546 [pool-87-thread-1] INFO  server.RaftServerConfigKeys (ConfUtils.java:logGet(43)) - raft.server.notification.no-leader.timeout = 120s (custom)
2019-09-28 00:07:30,546 [pool-57-thread-1] INFO  ratis.ContainerStateMachine (ContainerStateMachine.java:loadSnapshot(230)) - group-DB85DE63A691: The snapshot info is null. Setting the last applied indexto:(t:0, i:~)
2019-09-28 00:07:30,546 [pool-87-thread-1] INFO  server.RaftServerConfigKeys (ConfUtils.java:logGet(43)) - raft.server.log.use.memory = false (default)
2019-09-28 00:07:30,546 [pool-27-thread-1] INFO  server.RaftServerConfigKeys (ConfUtils.java:logGet(43)) - raft.server.notification.no-leader.timeout = 120s (custom)
2019-09-28 00:07:30,547 [pool-87-thread-1] INFO  server.RaftServerConfigKeys (ConfUtils.java:logGet(43)) - raft.server.log.purge.gap = 1000000 (custom)
2019-09-28 00:07:30,547 [pool-57-thread-1] INFO  server.RaftServerConfigKeys (ConfUtils.java:logGet(43)) - raft.server.notification.no-leader.timeout = 120s (custom)
2019-09-28 00:07:30,547 [pool-87-thread-1] INFO  server.RaftServerConfigKeys (ConfUtils.java:logGet(43)) - raft.server.log.appender.buffer.byte-limit = 33554432 (custom)
2019-09-28 00:07:30,547 [pool-27-thread-1] INFO  server.RaftServerConfigKeys (ConfUtils.java:logGet(43)) - raft.server.log.use.memory = false (default)
2019-09-28 00:07:30,547 [pool-87-thread-1] INFO  server.RaftServerConfigKeys (ConfUtils.java:logGet(43)) - raft.server.log.segment.size.max = 1048576 (custom)
2019-09-28 00:07:30,547 [pool-57-thread-1] INFO  server.RaftServerConfigKeys (ConfUtils.java:logGet(43)) - raft.server.log.use.memory = false (default)
2019-09-28 00:07:30,548 [pool-87-thread-1] INFO  server.RaftServerConfigKeys (ConfUtils.java:logGet(43)) - raft.server.log.segment.cache.num.max = 2 (custom)
2019-09-28 00:07:30,548 [pool-27-thread-1] INFO  server.RaftServerConfigKeys (ConfUtils.java:logGet(43)) - raft.server.log.purge.gap = 1000000 (custom)
2019-09-28 00:07:30,548 [pool-87-thread-1] INFO  segmented.SegmentedRaftLogWorker (SegmentedRaftLogWorker.java:<init>(172)) - new 064bde2d-db92-404d-9f14-fa74fc053683@group-DB85DE63A691-SegmentedRaftLogWorker for RaftStorage:Storage Directory /workdir/hadoop-ozone/integration-test/target/test-dir/MiniOzoneClusterImpl-ef93a8f6-ca63-49dc-855c-e6172cde0611/datanode-6/data/ratis/05dd1afe-876c-4fcf-9379-db85de63a691
2019-09-28 00:07:30,548 [pool-57-thread-1] INFO  server.RaftServerConfigKeys (ConfUtils.java:logGet(43)) - raft.server.log.purge.gap = 1000000 (custom)
2019-09-28 00:07:30,548 [pool-87-thread-1] INFO  server.RaftServerConfigKeys (ConfUtils.java:logGet(43)) - raft.server.log.queue.byte-limit = 2147483647 (custom)
2019-09-28 00:07:30,548 [pool-27-thread-1] INFO  server.RaftServerConfigKeys (ConfUtils.java:logGet(43)) - raft.server.log.appender.buffer.byte-limit = 33554432 (custom)
2019-09-28 00:07:30,549 [pool-87-thread-1] INFO  server.RaftServerConfigKeys (ConfUtils.java:logGet(43)) - raft.server.log.queue.element-limit = 1024 (custom)
2019-09-28 00:07:30,549 [pool-57-thread-1] INFO  server.RaftServerConfigKeys (ConfUtils.java:logGet(43)) - raft.server.log.appender.buffer.byte-limit = 33554432 (custom)
2019-09-28 00:07:30,549 [pool-87-thread-1] INFO  server.RaftServerConfigKeys (ConfUtils.java:logGet(43)) - raft.server.log.segment.size.max = 1048576 (custom)
2019-09-28 00:07:30,549 [pool-27-thread-1] INFO  server.RaftServerConfigKeys (ConfUtils.java:logGet(43)) - raft.server.log.segment.size.max = 1048576 (custom)
2019-09-28 00:07:30,549 [pool-87-thread-1] INFO  server.RaftServerConfigKeys (ConfUtils.java:logGet(43)) - raft.server.log.preallocated.size = 16384 (custom)
2019-09-28 00:07:30,549 [pool-57-thread-1] INFO  server.RaftServerConfigKeys (ConfUtils.java:logGet(43)) - raft.server.log.segment.size.max = 1048576 (custom)
2019-09-28 00:07:30,550 [pool-87-thread-1] INFO  server.RaftServerConfigKeys (ConfUtils.java:logGet(43)) - raft.server.log.write.buffer.size = 33554432 (custom)
2019-09-28 00:07:30,550 [pool-27-thread-1] INFO  server.RaftServerConfigKeys (ConfUtils.java:logGet(43)) - raft.server.log.segment.cache.num.max = 2 (custom)
2019-09-28 00:07:30,550 [pool-87-thread-1] INFO  server.RaftServerConfigKeys (ConfUtils.java:logGet(43)) - raft.server.log.force.sync.num = 128 (default)
2019-09-28 00:07:30,550 [pool-57-thread-1] INFO  server.RaftServerConfigKeys (ConfUtils.java:logGet(43)) - raft.server.log.segment.cache.num.max = 2 (custom)
2019-09-28 00:07:30,550 [pool-87-thread-1] INFO  server.RaftServerConfigKeys (ConfUtils.java:logGet(43)) - raft.server.log.statemachine.data.sync = true (default)
2019-09-28 00:07:30,550 [pool-27-thread-1] INFO  segmented.SegmentedRaftLogWorker (SegmentedRaftLogWorker.java:<init>(172)) - new 81a35a2f-70d3-442b-bace-ce29edca7155@group-DB85DE63A691-SegmentedRaftLogWorker for RaftStorage:Storage Directory /workdir/hadoop-ozone/integration-test/target/test-dir/MiniOzoneClusterImpl-ef93a8f6-ca63-49dc-855c-e6172cde0611/datanode-0/data/ratis/05dd1afe-876c-4fcf-9379-db85de63a691
2019-09-28 00:07:30,551 [pool-87-thread-1] INFO  server.RaftServerConfigKeys (ConfUtils.java:logGet(43)) - raft.server.log.statemachine.data.sync.timeout = 10s (default)
2019-09-28 00:07:30,564 [pool-87-thread-1] INFO  server.RaftServerConfigKeys (ConfUtils.java:logGet(43)) - raft.server.log.statemachine.data.sync.timeout.retry = -1 (default)
2019-09-28 00:07:30,551 [pool-57-thread-1] INFO  segmented.SegmentedRaftLogWorker (SegmentedRaftLogWorker.java:<init>(172)) - new f6411f89-2ca8-4cfc-a99c-aca361894957@group-DB85DE63A691-SegmentedRaftLogWorker for RaftStorage:Storage Directory /workdir/hadoop-ozone/integration-test/target/test-dir/MiniOzoneClusterImpl-ef93a8f6-ca63-49dc-855c-e6172cde0611/datanode-3/data/ratis/05dd1afe-876c-4fcf-9379-db85de63a691
2019-09-28 00:07:30,564 [pool-87-thread-1] INFO  server.RaftServerConfigKeys (ConfUtils.java:logGet(43)) - raft.server.log.statemachine.data.caching.enabled = true (custom)
2019-09-28 00:07:30,551 [pool-27-thread-1] INFO  server.RaftServerConfigKeys (ConfUtils.java:logGet(43)) - raft.server.log.queue.byte-limit = 2147483647 (custom)
2019-09-28 00:07:30,564 [pool-87-thread-1] INFO  segmented.SegmentedRaftLogWorker (SegmentedRaftLogWorker.java:lambda$new$0(132)) - 064bde2d-db92-404d-9f14-fa74fc053683@group-DB85DE63A691-SegmentedRaftLogWorker: flushIndex: setUnconditionally 0 -> -1
2019-09-28 00:07:30,564 [pool-57-thread-1] INFO  server.RaftServerConfigKeys (ConfUtils.java:logGet(43)) - raft.server.log.queue.byte-limit = 2147483647 (custom)
2019-09-28 00:07:30,565 [pool-87-thread-1] INFO  server.RaftServerConfigKeys (ConfUtils.java:logGet(43)) - raft.server.snapshot.auto.trigger.enabled = true (custom)
2019-09-28 00:07:30,564 [pool-27-thread-1] INFO  server.RaftServerConfigKeys (ConfUtils.java:logGet(43)) - raft.server.log.queue.element-limit = 1024 (custom)
2019-09-28 00:07:30,565 [pool-87-thread-1] INFO  server.RaftServerConfigKeys (ConfUtils.java:logGet(43)) - raft.server.snapshot.auto.trigger.threshold = 10000 (custom)
2019-09-28 00:07:30,565 [pool-57-thread-1] INFO  server.RaftServerConfigKeys (ConfUtils.java:logGet(43)) - raft.server.log.queue.element-limit = 1024 (custom)
2019-09-28 00:07:30,565 [pool-87-thread-1] INFO  server.RaftServerConfigKeys (ConfUtils.java:logGet(43)) - raft.server.snapshot.retention.num.files = 5 (custom)
2019-09-28 00:07:30,565 [pool-27-thread-1] INFO  server.RaftServerConfigKeys (ConfUtils.java:logGet(43)) - raft.server.log.segment.size.max = 1048576 (custom)
2019-09-28 00:07:30,566 [pool-87-thread-1] INFO  server.RaftServerConfigKeys (ConfUtils.java:logGet(43)) - raft.server.retrycache.expirytime = 600000ms (custom)
2019-09-28 00:07:30,566 [pool-57-thread-1] INFO  server.RaftServerConfigKeys (ConfUtils.java:logGet(43)) - raft.server.log.segment.size.max = 1048576 (custom)
2019-09-28 00:07:30,566 [pool-27-thread-1] INFO  server.RaftServerConfigKeys (ConfUtils.java:logGet(43)) - raft.server.log.preallocated.size = 16384 (custom)
2019-09-28 00:07:30,566 [pool-57-thread-1] INFO  server.RaftServerConfigKeys (ConfUtils.java:logGet(43)) - raft.server.log.preallocated.size = 16384 (custom)
2019-09-28 00:07:30,566 [pool-27-thread-1] INFO  server.RaftServerConfigKeys (ConfUtils.java:logGet(43)) - raft.server.log.write.buffer.size = 33554432 (custom)
2019-09-28 00:07:30,567 [pool-57-thread-1] INFO  server.RaftServerConfigKeys (ConfUtils.java:logGet(43)) - raft.server.log.write.buffer.size = 33554432 (custom)
2019-09-28 00:07:30,567 [pool-27-thread-1] INFO  server.RaftServerConfigKeys (ConfUtils.java:logGet(43)) - raft.server.log.force.sync.num = 128 (default)
2019-09-28 00:07:30,567 [pool-57-thread-1] INFO  server.RaftServerConfigKeys (ConfUtils.java:logGet(43)) - raft.server.log.force.sync.num = 128 (default)
2019-09-28 00:07:30,567 [pool-27-thread-1] INFO  server.RaftServerConfigKeys (ConfUtils.java:logGet(43)) - raft.server.log.statemachine.data.sync = true (default)
2019-09-28 00:07:30,567 [pool-57-thread-1] INFO  server.RaftServerConfigKeys (ConfUtils.java:logGet(43)) - raft.server.log.statemachine.data.sync = true (default)
2019-09-28 00:07:30,568 [pool-27-thread-1] INFO  server.RaftServerConfigKeys (ConfUtils.java:logGet(43)) - raft.server.log.statemachine.data.sync.timeout = 10s (default)
2019-09-28 00:07:30,568 [pool-57-thread-1] INFO  server.RaftServerConfigKeys (ConfUtils.java:logGet(43)) - raft.server.log.statemachine.data.sync.timeout = 10s (default)
2019-09-28 00:07:30,568 [pool-27-thread-1] INFO  server.RaftServerConfigKeys (ConfUtils.java:logGet(43)) - raft.server.log.statemachine.data.sync.timeout.retry = -1 (default)
2019-09-28 00:07:30,568 [pool-57-thread-1] INFO  server.RaftServerConfigKeys (ConfUtils.java:logGet(43)) - raft.server.log.statemachine.data.sync.timeout.retry = -1 (default)
2019-09-28 00:07:30,568 [pool-27-thread-1] INFO  server.RaftServerConfigKeys (ConfUtils.java:logGet(43)) - raft.server.log.statemachine.data.caching.enabled = true (custom)
2019-09-28 00:07:30,568 [pool-87-thread-1] INFO  impl.RaftServerImpl (RaftServerImpl.java:start(185)) - 064bde2d-db92-404d-9f14-fa74fc053683@group-DB85DE63A691: start as a follower, conf=-1: [064bde2d-db92-404d-9f14-fa74fc053683:192.168.151.82:42841, f6411f89-2ca8-4cfc-a99c-aca361894957:192.168.151.82:39545, 81a35a2f-70d3-442b-bace-ce29edca7155:192.168.151.82:37102], old=null
2019-09-28 00:07:30,569 [pool-57-thread-1] INFO  server.RaftServerConfigKeys (ConfUtils.java:logGet(43)) - raft.server.log.statemachine.data.caching.enabled = true (custom)
2019-09-28 00:07:30,569 [pool-27-thread-1] INFO  segmented.SegmentedRaftLogWorker (SegmentedRaftLogWorker.java:lambda$new$0(132)) - 81a35a2f-70d3-442b-bace-ce29edca7155@group-DB85DE63A691-SegmentedRaftLogWorker: flushIndex: setUnconditionally 0 -> -1
2019-09-28 00:07:30,569 [pool-87-thread-1] INFO  impl.RaftServerImpl (RaftServerImpl.java:setRole(174)) - 064bde2d-db92-404d-9f14-fa74fc053683@group-DB85DE63A691: changes role from      null to FOLLOWER at term 0 for startAsFollower
2019-09-28 00:07:30,569 [pool-57-thread-1] INFO  segmented.SegmentedRaftLogWorker (SegmentedRaftLogWorker.java:lambda$new$0(132)) - f6411f89-2ca8-4cfc-a99c-aca361894957@group-DB85DE63A691-SegmentedRaftLogWorker: flushIndex: setUnconditionally 0 -> -1
2019-09-28 00:07:30,569 [pool-27-thread-1] INFO  server.RaftServerConfigKeys (ConfUtils.java:logGet(43)) - raft.server.snapshot.auto.trigger.enabled = true (custom)
2019-09-28 00:07:30,569 [pool-87-thread-1] INFO  impl.RoleInfo (RoleInfo.java:updateAndGet(143)) - 064bde2d-db92-404d-9f14-fa74fc053683: start FollowerState
2019-09-28 00:07:30,570 [pool-57-thread-1] INFO  server.RaftServerConfigKeys (ConfUtils.java:logGet(43)) - raft.server.snapshot.auto.trigger.enabled = true (custom)
2019-09-28 00:07:30,570 [pool-27-thread-1] INFO  server.RaftServerConfigKeys (ConfUtils.java:logGet(43)) - raft.server.snapshot.auto.trigger.threshold = 10000 (custom)
2019-09-28 00:07:30,570 [pool-87-thread-1] INFO  util.JmxRegister (JmxRegister.java:tryRegister(44)) - Successfully registered JMX Bean with object name Ratis:service=RaftServer,group=group-DB85DE63A691,id=064bde2d-db92-404d-9f14-fa74fc053683
2019-09-28 00:07:30,570 [pool-57-thread-1] INFO  server.RaftServerConfigKeys (ConfUtils.java:logGet(43)) - raft.server.snapshot.auto.trigger.threshold = 10000 (custom)
2019-09-28 00:07:30,570 [pool-27-thread-1] INFO  server.RaftServerConfigKeys (ConfUtils.java:logGet(43)) - raft.server.snapshot.retention.num.files = 5 (custom)
2019-09-28 00:07:30,570 [pool-57-thread-1] INFO  server.RaftServerConfigKeys (ConfUtils.java:logGet(43)) - raft.server.snapshot.retention.num.files = 5 (custom)
2019-09-28 00:07:30,571 [pool-27-thread-1] INFO  server.RaftServerConfigKeys (ConfUtils.java:logGet(43)) - raft.server.retrycache.expirytime = 600000ms (custom)
2019-09-28 00:07:30,571 [pool-57-thread-1] INFO  server.RaftServerConfigKeys (ConfUtils.java:logGet(43)) - raft.server.retrycache.expirytime = 600000ms (custom)
2019-09-28 00:07:30,577 [pool-27-thread-1] INFO  impl.RaftServerImpl (RaftServerImpl.java:start(185)) - 81a35a2f-70d3-442b-bace-ce29edca7155@group-DB85DE63A691: start as a follower, conf=-1: [064bde2d-db92-404d-9f14-fa74fc053683:192.168.151.82:42841, f6411f89-2ca8-4cfc-a99c-aca361894957:192.168.151.82:39545, 81a35a2f-70d3-442b-bace-ce29edca7155:192.168.151.82:37102], old=null
2019-09-28 00:07:30,577 [pool-27-thread-1] INFO  impl.RaftServerImpl (RaftServerImpl.java:setRole(174)) - 81a35a2f-70d3-442b-bace-ce29edca7155@group-DB85DE63A691: changes role from      null to FOLLOWER at term 0 for startAsFollower
2019-09-28 00:07:30,577 [pool-57-thread-1] INFO  impl.RaftServerImpl (RaftServerImpl.java:start(185)) - f6411f89-2ca8-4cfc-a99c-aca361894957@group-DB85DE63A691: start as a follower, conf=-1: [064bde2d-db92-404d-9f14-fa74fc053683:192.168.151.82:42841, f6411f89-2ca8-4cfc-a99c-aca361894957:192.168.151.82:39545, 81a35a2f-70d3-442b-bace-ce29edca7155:192.168.151.82:37102], old=null
2019-09-28 00:07:30,577 [pool-27-thread-1] INFO  impl.RoleInfo (RoleInfo.java:updateAndGet(143)) - 81a35a2f-70d3-442b-bace-ce29edca7155: start FollowerState
2019-09-28 00:07:30,578 [pool-57-thread-1] INFO  impl.RaftServerImpl (RaftServerImpl.java:setRole(174)) - f6411f89-2ca8-4cfc-a99c-aca361894957@group-DB85DE63A691: changes role from      null to FOLLOWER at term 0 for startAsFollower
2019-09-28 00:07:30,578 [pool-57-thread-1] INFO  impl.RoleInfo (RoleInfo.java:updateAndGet(143)) - f6411f89-2ca8-4cfc-a99c-aca361894957: start FollowerState
2019-09-28 00:07:30,578 [pool-27-thread-1] INFO  util.JmxRegister (JmxRegister.java:tryRegister(44)) - Successfully registered JMX Bean with object name Ratis:service=RaftServer,group=group-DB85DE63A691,id=81a35a2f-70d3-442b-bace-ce29edca7155
2019-09-28 00:07:30,578 [pool-57-thread-1] INFO  util.JmxRegister (JmxRegister.java:tryRegister(44)) - Successfully registered JMX Bean with object name Ratis:service=RaftServer,group=group-DB85DE63A691,id=f6411f89-2ca8-4cfc-a99c-aca361894957
2019-09-28 00:07:30,587 [RatisPipelineUtilsThread] INFO  pipeline.PipelineStateManager (PipelineStateManager.java:addPipeline(56)) - Created pipeline Pipeline[ Id: 05dd1afe-876c-4fcf-9379-db85de63a691, Nodes: 81a35a2f-70d3-442b-bace-ce29edca7155{ip: 192.168.151.82, host: pr-hdds-2162-8g7kw-3348123894, networkLocation: /default-rack, certSerialId: null}f6411f89-2ca8-4cfc-a99c-aca361894957{ip: 192.168.151.82, host: pr-hdds-2162-8g7kw-3348123894, networkLocation: /default-rack, certSerialId: null}064bde2d-db92-404d-9f14-fa74fc053683{ip: 192.168.151.82, host: pr-hdds-2162-8g7kw-3348123894, networkLocation: /default-rack, certSerialId: null}, Type:RATIS, Factor:THREE, State:OPEN]
2019-09-28 00:07:31,118 [main] INFO  ipc.Client (Client.java:handleConnectionFailure(948)) - Retrying connect to server: localhost/127.0.0.1:0. Already tried 0 time(s); retry policy is RetryUpToMaximumCountWithFixedSleep(maxRetries=10, sleepTime=1000 MILLISECONDS)
2019-09-28 00:07:31,304 [Thread-283] INFO  container.ReplicationManager (ReplicationManager.java:start(162)) - Starting Replication Monitor Thread.
2019-09-28 00:07:31,309 [ReplicationMonitor] INFO  container.ReplicationManager (ReplicationManager.java:run(225)) - Replication Monitor Thread took 1 milliseconds for processing 0 containers.
2019-09-28 00:07:32,120 [main] INFO  ipc.Client (Client.java:handleConnectionFailure(948)) - Retrying connect to server: localhost/127.0.0.1:0. Already tried 1 time(s); retry policy is RetryUpToMaximumCountWithFixedSleep(maxRetries=10, sleepTime=1000 MILLISECONDS)
2019-09-28 00:07:33,121 [main] INFO  ipc.Client (Client.java:handleConnectionFailure(948)) - Retrying connect to server: localhost/127.0.0.1:0. Already tried 2 time(s); retry policy is RetryUpToMaximumCountWithFixedSleep(maxRetries=10, sleepTime=1000 MILLISECONDS)
2019-09-28 00:07:34,041 [Thread-285] INFO  impl.FollowerState (FollowerState.java:run(106)) - 81a35a2f-70d3-442b-bace-ce29edca7155:group-FEB5AF36E052 changes to CANDIDATE, lastRpcTime:5163, electionTimeout:5163ms
2019-09-28 00:07:34,048 [Thread-285] INFO  impl.RoleInfo (RoleInfo.java:shutdownFollowerState(121)) - 81a35a2f-70d3-442b-bace-ce29edca7155: shutdown FollowerState
2019-09-28 00:07:34,048 [Thread-285] INFO  impl.RaftServerImpl (RaftServerImpl.java:setRole(174)) - 81a35a2f-70d3-442b-bace-ce29edca7155@group-FEB5AF36E052: changes role from  FOLLOWER to CANDIDATE at term 0 for changeToCandidate
2019-09-28 00:07:34,058 [Thread-285] INFO  impl.RoleInfo (RoleInfo.java:updateAndGet(143)) - 81a35a2f-70d3-442b-bace-ce29edca7155: start LeaderElection
2019-09-28 00:07:34,080 [81a35a2f-70d3-442b-bace-ce29edca7155@group-FEB5AF36E052:LeaderElection1] INFO  impl.LeaderElection (LeaderElection.java:askForVotes(182)) - 81a35a2f-70d3-442b-bace-ce29edca7155@group-FEB5AF36E052:LeaderElection1: begin an election at term 1 for -1: [81a35a2f-70d3-442b-bace-ce29edca7155:192.168.151.82:37102], old=null
2019-09-28 00:07:34,082 [81a35a2f-70d3-442b-bace-ce29edca7155@group-FEB5AF36E052:LeaderElection1] INFO  impl.RoleInfo (RoleInfo.java:shutdownLeaderElection(134)) - 81a35a2f-70d3-442b-bace-ce29edca7155: shutdown LeaderElection
2019-09-28 00:07:34,083 [81a35a2f-70d3-442b-bace-ce29edca7155@group-FEB5AF36E052:LeaderElection1] INFO  impl.RaftServerImpl (RaftServerImpl.java:setRole(174)) - 81a35a2f-70d3-442b-bace-ce29edca7155@group-FEB5AF36E052: changes role from CANDIDATE to LEADER at term 1 for changeToLeader
2019-09-28 00:07:34,083 [81a35a2f-70d3-442b-bace-ce29edca7155@group-FEB5AF36E052:LeaderElection1] INFO  impl.RaftServerImpl (ServerState.java:setLeader(253)) - 81a35a2f-70d3-442b-bace-ce29edca7155@group-FEB5AF36E052: change Leader from null to 81a35a2f-70d3-442b-bace-ce29edca7155 at term 1 for becomeLeader, leader elected after 5330ms
2019-09-28 00:07:34,090 [81a35a2f-70d3-442b-bace-ce29edca7155@group-FEB5AF36E052:LeaderElection1] INFO  server.RaftServerConfigKeys (ConfUtils.java:logGet(43)) - raft.server.staging.catchup.gap = 1000 (default)
2019-09-28 00:07:34,090 [81a35a2f-70d3-442b-bace-ce29edca7155@group-FEB5AF36E052:LeaderElection1] INFO  server.RaftServerConfigKeys (ConfUtils.java:logGet(43)) - raft.server.rpc.sleep.time = 25ms (default)
2019-09-28 00:07:34,093 [81a35a2f-70d3-442b-bace-ce29edca7155@group-FEB5AF36E052:LeaderElection1] INFO  server.RaftServerConfigKeys (ConfUtils.java:logGet(43)) - raft.server.write.element-limit = 4096 (default)
2019-09-28 00:07:34,096 [81a35a2f-70d3-442b-bace-ce29edca7155@group-FEB5AF36E052:LeaderElection1] INFO  server.RaftServerConfigKeys (ConfUtils.java:logGet(43)) - raft.server.watch.timeout = 10s (default)
2019-09-28 00:07:34,096 [81a35a2f-70d3-442b-bace-ce29edca7155@group-FEB5AF36E052:LeaderElection1] INFO  server.RaftServerConfigKeys (ConfUtils.java:logGet(43)) - raft.server.watch.timeout.denomination = 1s (default)
2019-09-28 00:07:34,097 [81a35a2f-70d3-442b-bace-ce29edca7155@group-FEB5AF36E052:LeaderElection1] INFO  server.RaftServerConfigKeys (ConfUtils.java:logGet(43)) - raft.server.watch.element-limit = 65536 (default)
2019-09-28 00:07:34,110 [81a35a2f-70d3-442b-bace-ce29edca7155@group-FEB5AF36E052:LeaderElection1] INFO  impl.RoleInfo (RoleInfo.java:updateAndGet(143)) - 81a35a2f-70d3-442b-bace-ce29edca7155: start LeaderState
2019-09-28 00:07:34,122 [main] INFO  ipc.Client (Client.java:handleConnectionFailure(948)) - Retrying connect to server: localhost/127.0.0.1:0. Already tried 3 time(s); retry policy is RetryUpToMaximumCountWithFixedSleep(maxRetries=10, sleepTime=1000 MILLISECONDS)
2019-09-28 00:07:34,138 [81a35a2f-70d3-442b-bace-ce29edca7155@group-FEB5AF36E052:LeaderElection1] INFO  segmented.SegmentedRaftLogWorker (SegmentedRaftLogWorker.java:startLogSegment(380)) - 81a35a2f-70d3-442b-bace-ce29edca7155@group-FEB5AF36E052-SegmentedRaftLogWorker: Starting segment from index:0
2019-09-28 00:07:34,148 [81a35a2f-70d3-442b-bace-ce29edca7155@group-FEB5AF36E052:LeaderElection1] INFO  impl.RaftServerImpl (ServerState.java:setRaftConf(354)) - 81a35a2f-70d3-442b-bace-ce29edca7155@group-FEB5AF36E052: set configuration 0: [81a35a2f-70d3-442b-bace-ce29edca7155:192.168.151.82:37102], old=null at 0
2019-09-28 00:07:34,303 [Thread-288] INFO  impl.FollowerState (FollowerState.java:run(106)) - f2b1cee9-5126-4a0c-9c15-774918a74cc9:group-7CE3F72DD94C changes to CANDIDATE, lastRpcTime:5176, electionTimeout:5173ms
2019-09-28 00:07:34,327 [Thread-291] INFO  impl.FollowerState (FollowerState.java:run(106)) - 7eeb4e41-83cf-4f16-b692-5d167ffa47e8:group-2E50A81D9438 changes to CANDIDATE, lastRpcTime:5002, electionTimeout:5000ms
2019-09-28 00:07:34,327 [Thread-291] INFO  impl.RoleInfo (RoleInfo.java:shutdownFollowerState(121)) - 7eeb4e41-83cf-4f16-b692-5d167ffa47e8: shutdown FollowerState
2019-09-28 00:07:34,327 [Thread-288] INFO  impl.RoleInfo (RoleInfo.java:shutdownFollowerState(121)) - f2b1cee9-5126-4a0c-9c15-774918a74cc9: shutdown FollowerState
2019-09-28 00:07:34,328 [Thread-291] INFO  impl.RaftServerImpl (RaftServerImpl.java:setRole(174)) - 7eeb4e41-83cf-4f16-b692-5d167ffa47e8@group-2E50A81D9438: changes role from  FOLLOWER to CANDIDATE at term 0 for changeToCandidate
2019-09-28 00:07:34,328 [Thread-288] INFO  impl.RaftServerImpl (RaftServerImpl.java:setRole(174)) - f2b1cee9-5126-4a0c-9c15-774918a74cc9@group-7CE3F72DD94C: changes role from  FOLLOWER to CANDIDATE at term 0 for changeToCandidate
2019-09-28 00:07:34,328 [Thread-291] INFO  impl.RoleInfo (RoleInfo.java:updateAndGet(143)) - 7eeb4e41-83cf-4f16-b692-5d167ffa47e8: start LeaderElection
2019-09-28 00:07:34,328 [Thread-288] INFO  impl.RoleInfo (RoleInfo.java:updateAndGet(143)) - f2b1cee9-5126-4a0c-9c15-774918a74cc9: start LeaderElection
2019-09-28 00:07:34,360 [81a35a2f-70d3-442b-bace-ce29edca7155@group-FEB5AF36E052-SegmentedRaftLogWorker] INFO  segmented.SegmentedRaftLogWorker (SegmentedRaftLogWorker.java:execute(569)) - 81a35a2f-70d3-442b-bace-ce29edca7155@group-FEB5AF36E052-SegmentedRaftLogWorker: created new log segment /workdir/hadoop-ozone/integration-test/target/test-dir/MiniOzoneClusterImpl-ef93a8f6-ca63-49dc-855c-e6172cde0611/datanode-0/data/ratis/09b6e461-0b67-402e-bf0a-feb5af36e052/current/log_inprogress_0
2019-09-28 00:07:34,360 [f2b1cee9-5126-4a0c-9c15-774918a74cc9@group-7CE3F72DD94C:LeaderElection3] INFO  impl.LeaderElection (LeaderElection.java:askForVotes(182)) - f2b1cee9-5126-4a0c-9c15-774918a74cc9@group-7CE3F72DD94C:LeaderElection3: begin an election at term 1 for -1: [f2b1cee9-5126-4a0c-9c15-774918a74cc9:192.168.151.82:44946], old=null
2019-09-28 00:07:34,360 [7eeb4e41-83cf-4f16-b692-5d167ffa47e8@group-2E50A81D9438:LeaderElection2] INFO  impl.LeaderElection (LeaderElection.java:askForVotes(182)) - 7eeb4e41-83cf-4f16-b692-5d167ffa47e8@group-2E50A81D9438:LeaderElection2: begin an election at term 1 for -1: [7eeb4e41-83cf-4f16-b692-5d167ffa47e8:192.168.151.82:42184], old=null
2019-09-28 00:07:34,377 [f2b1cee9-5126-4a0c-9c15-774918a74cc9@group-7CE3F72DD94C:LeaderElection3] INFO  impl.RoleInfo (RoleInfo.java:shutdownLeaderElection(134)) - f2b1cee9-5126-4a0c-9c15-774918a74cc9: shutdown LeaderElection
2019-09-28 00:07:34,377 [7eeb4e41-83cf-4f16-b692-5d167ffa47e8@group-2E50A81D9438:LeaderElection2] INFO  impl.RoleInfo (RoleInfo.java:shutdownLeaderElection(134)) - 7eeb4e41-83cf-4f16-b692-5d167ffa47e8: shutdown LeaderElection
2019-09-28 00:07:34,377 [f2b1cee9-5126-4a0c-9c15-774918a74cc9@group-7CE3F72DD94C:LeaderElection3] INFO  impl.RaftServerImpl (RaftServerImpl.java:setRole(174)) - f2b1cee9-5126-4a0c-9c15-774918a74cc9@group-7CE3F72DD94C: changes role from CANDIDATE to LEADER at term 1 for changeToLeader
2019-09-28 00:07:34,377 [7eeb4e41-83cf-4f16-b692-5d167ffa47e8@group-2E50A81D9438:LeaderElection2] INFO  impl.RaftServerImpl (RaftServerImpl.java:setRole(174)) - 7eeb4e41-83cf-4f16-b692-5d167ffa47e8@group-2E50A81D9438: changes role from CANDIDATE to LEADER at term 1 for changeToLeader
2019-09-28 00:07:34,377 [f2b1cee9-5126-4a0c-9c15-774918a74cc9@group-7CE3F72DD94C:LeaderElection3] INFO  impl.RaftServerImpl (ServerState.java:setLeader(253)) - f2b1cee9-5126-4a0c-9c15-774918a74cc9@group-7CE3F72DD94C: change Leader from null to f2b1cee9-5126-4a0c-9c15-774918a74cc9 at term 1 for becomeLeader, leader elected after 5276ms
2019-09-28 00:07:34,377 [7eeb4e41-83cf-4f16-b692-5d167ffa47e8@group-2E50A81D9438:LeaderElection2] INFO  impl.RaftServerImpl (ServerState.java:setLeader(253)) - 7eeb4e41-83cf-4f16-b692-5d167ffa47e8@group-2E50A81D9438: change Leader from null to 7eeb4e41-83cf-4f16-b692-5d167ffa47e8 at term 1 for becomeLeader, leader elected after 5127ms
2019-09-28 00:07:34,377 [f2b1cee9-5126-4a0c-9c15-774918a74cc9@group-7CE3F72DD94C:LeaderElection3] INFO  server.RaftServerConfigKeys (ConfUtils.java:logGet(43)) - raft.server.staging.catchup.gap = 1000 (default)
2019-09-28 00:07:34,377 [7eeb4e41-83cf-4f16-b692-5d167ffa47e8@group-2E50A81D9438:LeaderElection2] INFO  server.RaftServerConfigKeys (ConfUtils.java:logGet(43)) - raft.server.staging.catchup.gap = 1000 (default)
2019-09-28 00:07:34,378 [f2b1cee9-5126-4a0c-9c15-774918a74cc9@group-7CE3F72DD94C:LeaderElection3] INFO  server.RaftServerConfigKeys (ConfUtils.java:logGet(43)) - raft.server.rpc.sleep.time = 25ms (default)
2019-09-28 00:07:34,378 [7eeb4e41-83cf-4f16-b692-5d167ffa47e8@group-2E50A81D9438:LeaderElection2] INFO  server.RaftServerConfigKeys (ConfUtils.java:logGet(43)) - raft.server.rpc.sleep.time = 25ms (default)
2019-09-28 00:07:34,378 [f2b1cee9-5126-4a0c-9c15-774918a74cc9@group-7CE3F72DD94C:LeaderElection3] INFO  server.RaftServerConfigKeys (ConfUtils.java:logGet(43)) - raft.server.write.element-limit = 4096 (default)
2019-09-28 00:07:34,378 [7eeb4e41-83cf-4f16-b692-5d167ffa47e8@group-2E50A81D9438:LeaderElection2] INFO  server.RaftServerConfigKeys (ConfUtils.java:logGet(43)) - raft.server.write.element-limit = 4096 (default)
2019-09-28 00:07:34,378 [f2b1cee9-5126-4a0c-9c15-774918a74cc9@group-7CE3F72DD94C:LeaderElection3] INFO  server.RaftServerConfigKeys (ConfUtils.java:logGet(43)) - raft.server.watch.timeout = 10s (default)
2019-09-28 00:07:34,378 [7eeb4e41-83cf-4f16-b692-5d167ffa47e8@group-2E50A81D9438:LeaderElection2] INFO  server.RaftServerConfigKeys (ConfUtils.java:logGet(43)) - raft.server.watch.timeout = 10s (default)
2019-09-28 00:07:34,378 [f2b1cee9-5126-4a0c-9c15-774918a74cc9@group-7CE3F72DD94C:LeaderElection3] INFO  server.RaftServerConfigKeys (ConfUtils.java:logGet(43)) - raft.server.watch.timeout.denomination = 1s (default)
2019-09-28 00:07:34,378 [7eeb4e41-83cf-4f16-b692-5d167ffa47e8@group-2E50A81D9438:LeaderElection2] INFO  server.RaftServerConfigKeys (ConfUtils.java:logGet(43)) - raft.server.watch.timeout.denomination = 1s (default)
2019-09-28 00:07:34,379 [f2b1cee9-5126-4a0c-9c15-774918a74cc9@group-7CE3F72DD94C:LeaderElection3] INFO  server.RaftServerConfigKeys (ConfUtils.java:logGet(43)) - raft.server.watch.element-limit = 65536 (default)
2019-09-28 00:07:34,379 [7eeb4e41-83cf-4f16-b692-5d167ffa47e8@group-2E50A81D9438:LeaderElection2] INFO  server.RaftServerConfigKeys (ConfUtils.java:logGet(43)) - raft.server.watch.element-limit = 65536 (default)
2019-09-28 00:07:34,382 [f2b1cee9-5126-4a0c-9c15-774918a74cc9@group-7CE3F72DD94C:LeaderElection3] INFO  impl.RoleInfo (RoleInfo.java:updateAndGet(143)) - f2b1cee9-5126-4a0c-9c15-774918a74cc9: start LeaderState
2019-09-28 00:07:34,382 [f2b1cee9-5126-4a0c-9c15-774918a74cc9@group-7CE3F72DD94C:LeaderElection3] INFO  segmented.SegmentedRaftLogWorker (SegmentedRaftLogWorker.java:startLogSegment(380)) - f2b1cee9-5126-4a0c-9c15-774918a74cc9@group-7CE3F72DD94C-SegmentedRaftLogWorker: Starting segment from index:0
2019-09-28 00:07:34,382 [7eeb4e41-83cf-4f16-b692-5d167ffa47e8@group-2E50A81D9438:LeaderElection2] INFO  impl.RoleInfo (RoleInfo.java:updateAndGet(143)) - 7eeb4e41-83cf-4f16-b692-5d167ffa47e8: start LeaderState
2019-09-28 00:07:34,383 [7eeb4e41-83cf-4f16-b692-5d167ffa47e8@group-2E50A81D9438:LeaderElection2] INFO  segmented.SegmentedRaftLogWorker (SegmentedRaftLogWorker.java:startLogSegment(380)) - 7eeb4e41-83cf-4f16-b692-5d167ffa47e8@group-2E50A81D9438-SegmentedRaftLogWorker: Starting segment from index:0
2019-09-28 00:07:34,383 [f2b1cee9-5126-4a0c-9c15-774918a74cc9@group-7CE3F72DD94C:LeaderElection3] INFO  impl.RaftServerImpl (ServerState.java:setRaftConf(354)) - f2b1cee9-5126-4a0c-9c15-774918a74cc9@group-7CE3F72DD94C: set configuration 0: [f2b1cee9-5126-4a0c-9c15-774918a74cc9:192.168.151.82:44946], old=null at 0
2019-09-28 00:07:34,414 [7eeb4e41-83cf-4f16-b692-5d167ffa47e8@group-2E50A81D9438:LeaderElection2] INFO  impl.RaftServerImpl (ServerState.java:setRaftConf(354)) - 7eeb4e41-83cf-4f16-b692-5d167ffa47e8@group-2E50A81D9438: set configuration 0: [7eeb4e41-83cf-4f16-b692-5d167ffa47e8:192.168.151.82:42184], old=null at 0
2019-09-28 00:07:34,449 [f2b1cee9-5126-4a0c-9c15-774918a74cc9@group-7CE3F72DD94C-SegmentedRaftLogWorker] INFO  segmented.SegmentedRaftLogWorker (SegmentedRaftLogWorker.java:execute(569)) - f2b1cee9-5126-4a0c-9c15-774918a74cc9@group-7CE3F72DD94C-SegmentedRaftLogWorker: created new log segment /workdir/hadoop-ozone/integration-test/target/test-dir/MiniOzoneClusterImpl-ef93a8f6-ca63-49dc-855c-e6172cde0611/datanode-1/data/ratis/47ae81ba-3098-46ed-b3e2-7ce3f72dd94c/current/log_inprogress_0
2019-09-28 00:07:34,475 [7eeb4e41-83cf-4f16-b692-5d167ffa47e8@group-2E50A81D9438-SegmentedRaftLogWorker] INFO  segmented.SegmentedRaftLogWorker (SegmentedRaftLogWorker.java:execute(569)) - 7eeb4e41-83cf-4f16-b692-5d167ffa47e8@group-2E50A81D9438-SegmentedRaftLogWorker: created new log segment /workdir/hadoop-ozone/integration-test/target/test-dir/MiniOzoneClusterImpl-ef93a8f6-ca63-49dc-855c-e6172cde0611/datanode-5/data/ratis/00c46f72-e8d7-4cd7-b172-2e50a81d9438/current/log_inprogress_0
2019-09-28 00:07:34,508 [Thread-294] INFO  impl.FollowerState (FollowerState.java:run(106)) - e997bddb-a40f-4466-9539-dfa223a823e1:group-C382CF22E36D changes to CANDIDATE, lastRpcTime:5070, electionTimeout:5070ms
2019-09-28 00:07:34,508 [Thread-294] INFO  impl.RoleInfo (RoleInfo.java:shutdownFollowerState(121)) - e997bddb-a40f-4466-9539-dfa223a823e1: shutdown FollowerState
2019-09-28 00:07:34,509 [Thread-294] INFO  impl.RaftServerImpl (RaftServerImpl.java:setRole(174)) - e997bddb-a40f-4466-9539-dfa223a823e1@group-C382CF22E36D: changes role from  FOLLOWER to CANDIDATE at term 0 for changeToCandidate
2019-09-28 00:07:34,509 [Thread-294] INFO  impl.RoleInfo (RoleInfo.java:updateAndGet(143)) - e997bddb-a40f-4466-9539-dfa223a823e1: start LeaderElection
2019-09-28 00:07:34,528 [e997bddb-a40f-4466-9539-dfa223a823e1@group-C382CF22E36D:LeaderElection4] INFO  impl.LeaderElection (LeaderElection.java:askForVotes(182)) - e997bddb-a40f-4466-9539-dfa223a823e1@group-C382CF22E36D:LeaderElection4: begin an election at term 1 for -1: [e997bddb-a40f-4466-9539-dfa223a823e1:192.168.151.82:34311], old=null
2019-09-28 00:07:34,528 [e997bddb-a40f-4466-9539-dfa223a823e1@group-C382CF22E36D:LeaderElection4] INFO  impl.RoleInfo (RoleInfo.java:shutdownLeaderElection(134)) - e997bddb-a40f-4466-9539-dfa223a823e1: shutdown LeaderElection
2019-09-28 00:07:34,528 [e997bddb-a40f-4466-9539-dfa223a823e1@group-C382CF22E36D:LeaderElection4] INFO  impl.RaftServerImpl (RaftServerImpl.java:setRole(174)) - e997bddb-a40f-4466-9539-dfa223a823e1@group-C382CF22E36D: changes role from CANDIDATE to LEADER at term 1 for changeToLeader
2019-09-28 00:07:34,528 [e997bddb-a40f-4466-9539-dfa223a823e1@group-C382CF22E36D:LeaderElection4] INFO  impl.RaftServerImpl (ServerState.java:setLeader(253)) - e997bddb-a40f-4466-9539-dfa223a823e1@group-C382CF22E36D: change Leader from null to e997bddb-a40f-4466-9539-dfa223a823e1 at term 1 for becomeLeader, leader elected after 5105ms
2019-09-28 00:07:34,528 [e997bddb-a40f-4466-9539-dfa223a823e1@group-C382CF22E36D:LeaderElection4] INFO  server.RaftServerConfigKeys (ConfUtils.java:logGet(43)) - raft.server.staging.catchup.gap = 1000 (default)
2019-09-28 00:07:34,529 [e997bddb-a40f-4466-9539-dfa223a823e1@group-C382CF22E36D:LeaderElection4] INFO  server.RaftServerConfigKeys (ConfUtils.java:logGet(43)) - raft.server.rpc.sleep.time = 25ms (default)
2019-09-28 00:07:34,529 [e997bddb-a40f-4466-9539-dfa223a823e1@group-C382CF22E36D:LeaderElection4] INFO  server.RaftServerConfigKeys (ConfUtils.java:logGet(43)) - raft.server.write.element-limit = 4096 (default)
2019-09-28 00:07:34,529 [e997bddb-a40f-4466-9539-dfa223a823e1@group-C382CF22E36D:LeaderElection4] INFO  server.RaftServerConfigKeys (ConfUtils.java:logGet(43)) - raft.server.watch.timeout = 10s (default)
2019-09-28 00:07:34,529 [e997bddb-a40f-4466-9539-dfa223a823e1@group-C382CF22E36D:LeaderElection4] INFO  server.RaftServerConfigKeys (ConfUtils.java:logGet(43)) - raft.server.watch.timeout.denomination = 1s (default)
2019-09-28 00:07:34,530 [e997bddb-a40f-4466-9539-dfa223a823e1@group-C382CF22E36D:LeaderElection4] INFO  server.RaftServerConfigKeys (ConfUtils.java:logGet(43)) - raft.server.watch.element-limit = 65536 (default)
2019-09-28 00:07:34,533 [e997bddb-a40f-4466-9539-dfa223a823e1@group-C382CF22E36D:LeaderElection4] INFO  impl.RoleInfo (RoleInfo.java:updateAndGet(143)) - e997bddb-a40f-4466-9539-dfa223a823e1: start LeaderState
2019-09-28 00:07:34,533 [e997bddb-a40f-4466-9539-dfa223a823e1@group-C382CF22E36D:LeaderElection4] INFO  segmented.SegmentedRaftLogWorker (SegmentedRaftLogWorker.java:startLogSegment(380)) - e997bddb-a40f-4466-9539-dfa223a823e1@group-C382CF22E36D-SegmentedRaftLogWorker: Starting segment from index:0
2019-09-28 00:07:34,534 [e997bddb-a40f-4466-9539-dfa223a823e1@group-C382CF22E36D:LeaderElection4] INFO  impl.RaftServerImpl (ServerState.java:setRaftConf(354)) - e997bddb-a40f-4466-9539-dfa223a823e1@group-C382CF22E36D: set configuration 0: [e997bddb-a40f-4466-9539-dfa223a823e1:192.168.151.82:34311], old=null at 0
2019-09-28 00:07:34,579 [Thread-297] INFO  impl.FollowerState (FollowerState.java:run(106)) - dde3bc4a-2072-49f6-96b7-d9dfb1162844:group-E223D2C80ABF changes to CANDIDATE, lastRpcTime:5044, electionTimeout:5018ms
2019-09-28 00:07:34,579 [Thread-297] INFO  impl.RoleInfo (RoleInfo.java:shutdownFollowerState(121)) - dde3bc4a-2072-49f6-96b7-d9dfb1162844: shutdown FollowerState
2019-09-28 00:07:34,579 [Thread-297] INFO  impl.RaftServerImpl (RaftServerImpl.java:setRole(174)) - dde3bc4a-2072-49f6-96b7-d9dfb1162844@group-E223D2C80ABF: changes role from  FOLLOWER to CANDIDATE at term 0 for changeToCandidate
2019-09-28 00:07:34,579 [Thread-297] INFO  impl.RoleInfo (RoleInfo.java:updateAndGet(143)) - dde3bc4a-2072-49f6-96b7-d9dfb1162844: start LeaderElection
2019-09-28 00:07:34,603 [e997bddb-a40f-4466-9539-dfa223a823e1@group-C382CF22E36D-SegmentedRaftLogWorker] INFO  segmented.SegmentedRaftLogWorker (SegmentedRaftLogWorker.java:execute(569)) - e997bddb-a40f-4466-9539-dfa223a823e1@group-C382CF22E36D-SegmentedRaftLogWorker: created new log segment /workdir/hadoop-ozone/integration-test/target/test-dir/MiniOzoneClusterImpl-ef93a8f6-ca63-49dc-855c-e6172cde0611/datanode-4/data/ratis/481cd778-9dfc-4920-88fa-c382cf22e36d/current/log_inprogress_0
2019-09-28 00:07:34,603 [dde3bc4a-2072-49f6-96b7-d9dfb1162844@group-E223D2C80ABF:LeaderElection5] INFO  impl.LeaderElection (LeaderElection.java:askForVotes(182)) - dde3bc4a-2072-49f6-96b7-d9dfb1162844@group-E223D2C80ABF:LeaderElection5: begin an election at term 1 for -1: [dde3bc4a-2072-49f6-96b7-d9dfb1162844:192.168.151.82:33259], old=null
2019-09-28 00:07:34,604 [dde3bc4a-2072-49f6-96b7-d9dfb1162844@group-E223D2C80ABF:LeaderElection5] INFO  impl.RoleInfo (RoleInfo.java:shutdownLeaderElection(134)) - dde3bc4a-2072-49f6-96b7-d9dfb1162844: shutdown LeaderElection
2019-09-28 00:07:34,604 [dde3bc4a-2072-49f6-96b7-d9dfb1162844@group-E223D2C80ABF:LeaderElection5] INFO  impl.RaftServerImpl (RaftServerImpl.java:setRole(174)) - dde3bc4a-2072-49f6-96b7-d9dfb1162844@group-E223D2C80ABF: changes role from CANDIDATE to LEADER at term 1 for changeToLeader
2019-09-28 00:07:34,607 [dde3bc4a-2072-49f6-96b7-d9dfb1162844@group-E223D2C80ABF:LeaderElection5] INFO  impl.RaftServerImpl (ServerState.java:setLeader(253)) - dde3bc4a-2072-49f6-96b7-d9dfb1162844@group-E223D2C80ABF: change Leader from null to dde3bc4a-2072-49f6-96b7-d9dfb1162844 at term 1 for becomeLeader, leader elected after 5087ms
2019-09-28 00:07:34,607 [dde3bc4a-2072-49f6-96b7-d9dfb1162844@group-E223D2C80ABF:LeaderElection5] INFO  server.RaftServerConfigKeys (ConfUtils.java:logGet(43)) - raft.server.staging.catchup.gap = 1000 (default)
2019-09-28 00:07:34,607 [dde3bc4a-2072-49f6-96b7-d9dfb1162844@group-E223D2C80ABF:LeaderElection5] INFO  server.RaftServerConfigKeys (ConfUtils.java:logGet(43)) - raft.server.rpc.sleep.time = 25ms (default)
2019-09-28 00:07:34,607 [dde3bc4a-2072-49f6-96b7-d9dfb1162844@group-E223D2C80ABF:LeaderElection5] INFO  server.RaftServerConfigKeys (ConfUtils.java:logGet(43)) - raft.server.write.element-limit = 4096 (default)
2019-09-28 00:07:34,607 [dde3bc4a-2072-49f6-96b7-d9dfb1162844@group-E223D2C80ABF:LeaderElection5] INFO  server.RaftServerConfigKeys (ConfUtils.java:logGet(43)) - raft.server.watch.timeout = 10s (default)
2019-09-28 00:07:34,608 [dde3bc4a-2072-49f6-96b7-d9dfb1162844@group-E223D2C80ABF:LeaderElection5] INFO  server.RaftServerConfigKeys (ConfUtils.java:logGet(43)) - raft.server.watch.timeout.denomination = 1s (default)
2019-09-28 00:07:34,608 [dde3bc4a-2072-49f6-96b7-d9dfb1162844@group-E223D2C80ABF:LeaderElection5] INFO  server.RaftServerConfigKeys (ConfUtils.java:logGet(43)) - raft.server.watch.element-limit = 65536 (default)
2019-09-28 00:07:34,611 [dde3bc4a-2072-49f6-96b7-d9dfb1162844@group-E223D2C80ABF:LeaderElection5] INFO  impl.RoleInfo (RoleInfo.java:updateAndGet(143)) - dde3bc4a-2072-49f6-96b7-d9dfb1162844: start LeaderState
2019-09-28 00:07:34,611 [dde3bc4a-2072-49f6-96b7-d9dfb1162844@group-E223D2C80ABF:LeaderElection5] INFO  segmented.SegmentedRaftLogWorker (SegmentedRaftLogWorker.java:startLogSegment(380)) - dde3bc4a-2072-49f6-96b7-d9dfb1162844@group-E223D2C80ABF-SegmentedRaftLogWorker: Starting segment from index:0
2019-09-28 00:07:34,612 [dde3bc4a-2072-49f6-96b7-d9dfb1162844@group-E223D2C80ABF:LeaderElection5] INFO  impl.RaftServerImpl (ServerState.java:setRaftConf(354)) - dde3bc4a-2072-49f6-96b7-d9dfb1162844@group-E223D2C80ABF: set configuration 0: [dde3bc4a-2072-49f6-96b7-d9dfb1162844:192.168.151.82:33259], old=null at 0
2019-09-28 00:07:34,681 [dde3bc4a-2072-49f6-96b7-d9dfb1162844@group-E223D2C80ABF-SegmentedRaftLogWorker] INFO  segmented.SegmentedRaftLogWorker (SegmentedRaftLogWorker.java:execute(569)) - dde3bc4a-2072-49f6-96b7-d9dfb1162844@group-E223D2C80ABF-SegmentedRaftLogWorker: created new log segment /workdir/hadoop-ozone/integration-test/target/test-dir/MiniOzoneClusterImpl-ef93a8f6-ca63-49dc-855c-e6172cde0611/datanode-7/data/ratis/dab36b84-8d36-49b6-b318-e223d2c80abf/current/log_inprogress_0
2019-09-28 00:07:34,802 [Thread-300] INFO  impl.FollowerState (FollowerState.java:run(106)) - 1f14f3cf-4ace-4392-be28-431862a0440f:group-3C03CB493776 changes to CANDIDATE, lastRpcTime:5172, electionTimeout:5172ms
2019-09-28 00:07:34,802 [Thread-300] INFO  impl.RoleInfo (RoleInfo.java:shutdownFollowerState(121)) - 1f14f3cf-4ace-4392-be28-431862a0440f: shutdown FollowerState
2019-09-28 00:07:34,802 [Thread-300] INFO  impl.RaftServerImpl (RaftServerImpl.java:setRole(174)) - 1f14f3cf-4ace-4392-be28-431862a0440f@group-3C03CB493776: changes role from  FOLLOWER to CANDIDATE at term 0 for changeToCandidate
2019-09-28 00:07:34,802 [Thread-300] INFO  impl.RoleInfo (RoleInfo.java:updateAndGet(143)) - 1f14f3cf-4ace-4392-be28-431862a0440f: start LeaderElection
2019-09-28 00:07:34,824 [1f14f3cf-4ace-4392-be28-431862a0440f@group-3C03CB493776:LeaderElection6] INFO  impl.LeaderElection (LeaderElection.java:askForVotes(182)) - 1f14f3cf-4ace-4392-be28-431862a0440f@group-3C03CB493776:LeaderElection6: begin an election at term 1 for -1: [1f14f3cf-4ace-4392-be28-431862a0440f:192.168.151.82:37786], old=null
2019-09-28 00:07:34,824 [1f14f3cf-4ace-4392-be28-431862a0440f@group-3C03CB493776:LeaderElection6] INFO  impl.RoleInfo (RoleInfo.java:shutdownLeaderElection(134)) - 1f14f3cf-4ace-4392-be28-431862a0440f: shutdown LeaderElection
2019-09-28 00:07:34,824 [1f14f3cf-4ace-4392-be28-431862a0440f@group-3C03CB493776:LeaderElection6] INFO  impl.RaftServerImpl (RaftServerImpl.java:setRole(174)) - 1f14f3cf-4ace-4392-be28-431862a0440f@group-3C03CB493776: changes role from CANDIDATE to LEADER at term 1 for changeToLeader
2019-09-28 00:07:34,824 [1f14f3cf-4ace-4392-be28-431862a0440f@group-3C03CB493776:LeaderElection6] INFO  impl.RaftServerImpl (ServerState.java:setLeader(253)) - 1f14f3cf-4ace-4392-be28-431862a0440f@group-3C03CB493776: change Leader from null to 1f14f3cf-4ace-4392-be28-431862a0440f at term 1 for becomeLeader, leader elected after 5211ms
2019-09-28 00:07:34,825 [1f14f3cf-4ace-4392-be28-431862a0440f@group-3C03CB493776:LeaderElection6] INFO  server.RaftServerConfigKeys (ConfUtils.java:logGet(43)) - raft.server.staging.catchup.gap = 1000 (default)
2019-09-28 00:07:34,825 [1f14f3cf-4ace-4392-be28-431862a0440f@group-3C03CB493776:LeaderElection6] INFO  server.RaftServerConfigKeys (ConfUtils.java:logGet(43)) - raft.server.rpc.sleep.time = 25ms (default)
2019-09-28 00:07:34,825 [1f14f3cf-4ace-4392-be28-431862a0440f@group-3C03CB493776:LeaderElection6] INFO  server.RaftServerConfigKeys (ConfUtils.java:logGet(43)) - raft.server.write.element-limit = 4096 (default)
2019-09-28 00:07:34,825 [1f14f3cf-4ace-4392-be28-431862a0440f@group-3C03CB493776:LeaderElection6] INFO  server.RaftServerConfigKeys (ConfUtils.java:logGet(43)) - raft.server.watch.timeout = 10s (default)
2019-09-28 00:07:34,825 [1f14f3cf-4ace-4392-be28-431862a0440f@group-3C03CB493776:LeaderElection6] INFO  server.RaftServerConfigKeys (ConfUtils.java:logGet(43)) - raft.server.watch.timeout.denomination = 1s (default)
2019-09-28 00:07:34,826 [1f14f3cf-4ace-4392-be28-431862a0440f@group-3C03CB493776:LeaderElection6] INFO  server.RaftServerConfigKeys (ConfUtils.java:logGet(43)) - raft.server.watch.element-limit = 65536 (default)
2019-09-28 00:07:34,829 [1f14f3cf-4ace-4392-be28-431862a0440f@group-3C03CB493776:LeaderElection6] INFO  impl.RoleInfo (RoleInfo.java:updateAndGet(143)) - 1f14f3cf-4ace-4392-be28-431862a0440f: start LeaderState
2019-09-28 00:07:34,829 [1f14f3cf-4ace-4392-be28-431862a0440f@group-3C03CB493776:LeaderElection6] INFO  segmented.SegmentedRaftLogWorker (SegmentedRaftLogWorker.java:startLogSegment(380)) - 1f14f3cf-4ace-4392-be28-431862a0440f@group-3C03CB493776-SegmentedRaftLogWorker: Starting segment from index:0
2019-09-28 00:07:34,830 [1f14f3cf-4ace-4392-be28-431862a0440f@group-3C03CB493776:LeaderElection6] INFO  impl.RaftServerImpl (ServerState.java:setRaftConf(354)) - 1f14f3cf-4ace-4392-be28-431862a0440f@group-3C03CB493776: set configuration 0: [1f14f3cf-4ace-4392-be28-431862a0440f:192.168.151.82:37786], old=null at 0
2019-09-28 00:07:34,898 [1f14f3cf-4ace-4392-be28-431862a0440f@group-3C03CB493776-SegmentedRaftLogWorker] INFO  segmented.SegmentedRaftLogWorker (SegmentedRaftLogWorker.java:execute(569)) - 1f14f3cf-4ace-4392-be28-431862a0440f@group-3C03CB493776-SegmentedRaftLogWorker: created new log segment /workdir/hadoop-ozone/integration-test/target/test-dir/MiniOzoneClusterImpl-ef93a8f6-ca63-49dc-855c-e6172cde0611/datanode-2/data/ratis/0a50b259-419a-4c29-a594-3c03cb493776/current/log_inprogress_0
2019-09-28 00:07:34,921 [Thread-303] INFO  impl.FollowerState (FollowerState.java:run(106)) - 1c95823d-847a-4997-a8a6-4cda28e586d4:group-5BD3B212587C changes to CANDIDATE, lastRpcTime:5196, electionTimeout:5196ms
2019-09-28 00:07:34,921 [Thread-303] INFO  impl.RoleInfo (RoleInfo.java:shutdownFollowerState(121)) - 1c95823d-847a-4997-a8a6-4cda28e586d4: shutdown FollowerState
2019-09-28 00:07:34,921 [Thread-303] INFO  impl.RaftServerImpl (RaftServerImpl.java:setRole(174)) - 1c95823d-847a-4997-a8a6-4cda28e586d4@group-5BD3B212587C: changes role from  FOLLOWER to CANDIDATE at term 0 for changeToCandidate
2019-09-28 00:07:34,922 [Thread-303] INFO  impl.RoleInfo (RoleInfo.java:updateAndGet(143)) - 1c95823d-847a-4997-a8a6-4cda28e586d4: start LeaderElection
2019-09-28 00:07:34,942 [1c95823d-847a-4997-a8a6-4cda28e586d4@group-5BD3B212587C:LeaderElection7] INFO  impl.LeaderElection (LeaderElection.java:askForVotes(182)) - 1c95823d-847a-4997-a8a6-4cda28e586d4@group-5BD3B212587C:LeaderElection7: begin an election at term 1 for -1: [1c95823d-847a-4997-a8a6-4cda28e586d4:192.168.151.82:42975], old=null
2019-09-28 00:07:34,942 [1c95823d-847a-4997-a8a6-4cda28e586d4@group-5BD3B212587C:LeaderElection7] INFO  impl.RoleInfo (RoleInfo.java:shutdownLeaderElection(134)) - 1c95823d-847a-4997-a8a6-4cda28e586d4: shutdown LeaderElection
2019-09-28 00:07:34,943 [1c95823d-847a-4997-a8a6-4cda28e586d4@group-5BD3B212587C:LeaderElection7] INFO  impl.RaftServerImpl (RaftServerImpl.java:setRole(174)) - 1c95823d-847a-4997-a8a6-4cda28e586d4@group-5BD3B212587C: changes role from CANDIDATE to LEADER at term 1 for changeToLeader
2019-09-28 00:07:34,943 [1c95823d-847a-4997-a8a6-4cda28e586d4@group-5BD3B212587C:LeaderElection7] INFO  impl.RaftServerImpl (ServerState.java:setLeader(253)) - 1c95823d-847a-4997-a8a6-4cda28e586d4@group-5BD3B212587C: change Leader from null to 1c95823d-847a-4997-a8a6-4cda28e586d4 at term 1 for becomeLeader, leader elected after 5228ms
2019-09-28 00:07:34,943 [1c95823d-847a-4997-a8a6-4cda28e586d4@group-5BD3B212587C:LeaderElection7] INFO  server.RaftServerConfigKeys (ConfUtils.java:logGet(43)) - raft.server.staging.catchup.gap = 1000 (default)
2019-09-28 00:07:34,943 [1c95823d-847a-4997-a8a6-4cda28e586d4@group-5BD3B212587C:LeaderElection7] INFO  server.RaftServerConfigKeys (ConfUtils.java:logGet(43)) - raft.server.rpc.sleep.time = 25ms (default)
2019-09-28 00:07:34,943 [1c95823d-847a-4997-a8a6-4cda28e586d4@group-5BD3B212587C:LeaderElection7] INFO  server.RaftServerConfigKeys (ConfUtils.java:logGet(43)) - raft.server.write.element-limit = 4096 (default)
2019-09-28 00:07:34,944 [1c95823d-847a-4997-a8a6-4cda28e586d4@group-5BD3B212587C:LeaderElection7] INFO  server.RaftServerConfigKeys (ConfUtils.java:logGet(43)) - raft.server.watch.timeout = 10s (default)
2019-09-28 00:07:34,944 [1c95823d-847a-4997-a8a6-4cda28e586d4@group-5BD3B212587C:LeaderElection7] INFO  server.RaftServerConfigKeys (ConfUtils.java:logGet(43)) - raft.server.watch.timeout.denomination = 1s (default)
2019-09-28 00:07:34,944 [1c95823d-847a-4997-a8a6-4cda28e586d4@group-5BD3B212587C:LeaderElection7] INFO  server.RaftServerConfigKeys (ConfUtils.java:logGet(43)) - raft.server.watch.element-limit = 65536 (default)
2019-09-28 00:07:34,952 [1c95823d-847a-4997-a8a6-4cda28e586d4@group-5BD3B212587C:LeaderElection7] INFO  impl.RoleInfo (RoleInfo.java:updateAndGet(143)) - 1c95823d-847a-4997-a8a6-4cda28e586d4: start LeaderState
2019-09-28 00:07:34,952 [Thread-306] INFO  impl.FollowerState (FollowerState.java:run(106)) - f6411f89-2ca8-4cfc-a99c-aca361894957:group-4FDF99DA3B62 changes to CANDIDATE, lastRpcTime:5124, electionTimeout:5124ms
2019-09-28 00:07:34,952 [1c95823d-847a-4997-a8a6-4cda28e586d4@group-5BD3B212587C:LeaderElection7] INFO  segmented.SegmentedRaftLogWorker (SegmentedRaftLogWorker.java:startLogSegment(380)) - 1c95823d-847a-4997-a8a6-4cda28e586d4@group-5BD3B212587C-SegmentedRaftLogWorker: Starting segment from index:0
2019-09-28 00:07:34,952 [Thread-306] INFO  impl.RoleInfo (RoleInfo.java:shutdownFollowerState(121)) - f6411f89-2ca8-4cfc-a99c-aca361894957: shutdown FollowerState
2019-09-28 00:07:34,952 [Thread-306] INFO  impl.RaftServerImpl (RaftServerImpl.java:setRole(174)) - f6411f89-2ca8-4cfc-a99c-aca361894957@group-4FDF99DA3B62: changes role from  FOLLOWER to CANDIDATE at term 0 for changeToCandidate
2019-09-28 00:07:34,953 [1c95823d-847a-4997-a8a6-4cda28e586d4@group-5BD3B212587C:LeaderElection7] INFO  impl.RaftServerImpl (ServerState.java:setRaftConf(354)) - 1c95823d-847a-4997-a8a6-4cda28e586d4@group-5BD3B212587C: set configuration 0: [1c95823d-847a-4997-a8a6-4cda28e586d4:192.168.151.82:42975], old=null at 0
2019-09-28 00:07:34,953 [Thread-306] INFO  impl.RoleInfo (RoleInfo.java:updateAndGet(143)) - f6411f89-2ca8-4cfc-a99c-aca361894957: start LeaderElection
2019-09-28 00:07:35,009 [1c95823d-847a-4997-a8a6-4cda28e586d4@group-5BD3B212587C-SegmentedRaftLogWorker] INFO  segmented.SegmentedRaftLogWorker (SegmentedRaftLogWorker.java:execute(569)) - 1c95823d-847a-4997-a8a6-4cda28e586d4@group-5BD3B212587C-SegmentedRaftLogWorker: created new log segment /workdir/hadoop-ozone/integration-test/target/test-dir/MiniOzoneClusterImpl-ef93a8f6-ca63-49dc-855c-e6172cde0611/datanode-8/data/ratis/16326023-9bef-41f2-8dda-5bd3b212587c/current/log_inprogress_0
2019-09-28 00:07:35,009 [f6411f89-2ca8-4cfc-a99c-aca361894957@group-4FDF99DA3B62:LeaderElection8] INFO  impl.LeaderElection (LeaderElection.java:askForVotes(182)) - f6411f89-2ca8-4cfc-a99c-aca361894957@group-4FDF99DA3B62:LeaderElection8: begin an election at term 1 for -1: [f6411f89-2ca8-4cfc-a99c-aca361894957:192.168.151.82:39545], old=null
2019-09-28 00:07:35,009 [f6411f89-2ca8-4cfc-a99c-aca361894957@group-4FDF99DA3B62:LeaderElection8] INFO  impl.RoleInfo (RoleInfo.java:shutdownLeaderElection(134)) - f6411f89-2ca8-4cfc-a99c-aca361894957: shutdown LeaderElection
2019-09-28 00:07:35,009 [f6411f89-2ca8-4cfc-a99c-aca361894957@group-4FDF99DA3B62:LeaderElection8] INFO  impl.RaftServerImpl (RaftServerImpl.java:setRole(174)) - f6411f89-2ca8-4cfc-a99c-aca361894957@group-4FDF99DA3B62: changes role from CANDIDATE to LEADER at term 1 for changeToLeader
2019-09-28 00:07:35,010 [f6411f89-2ca8-4cfc-a99c-aca361894957@group-4FDF99DA3B62:LeaderElection8] INFO  impl.RaftServerImpl (ServerState.java:setLeader(253)) - f6411f89-2ca8-4cfc-a99c-aca361894957@group-4FDF99DA3B62: change Leader from null to f6411f89-2ca8-4cfc-a99c-aca361894957 at term 1 for becomeLeader, leader elected after 5195ms
2019-09-28 00:07:35,010 [f6411f89-2ca8-4cfc-a99c-aca361894957@group-4FDF99DA3B62:LeaderElection8] INFO  server.RaftServerConfigKeys (ConfUtils.java:logGet(43)) - raft.server.staging.catchup.gap = 1000 (default)
2019-09-28 00:07:35,010 [f6411f89-2ca8-4cfc-a99c-aca361894957@group-4FDF99DA3B62:LeaderElection8] INFO  server.RaftServerConfigKeys (ConfUtils.java:logGet(43)) - raft.server.rpc.sleep.time = 25ms (default)
2019-09-28 00:07:35,010 [f6411f89-2ca8-4cfc-a99c-aca361894957@group-4FDF99DA3B62:LeaderElection8] INFO  server.RaftServerConfigKeys (ConfUtils.java:logGet(43)) - raft.server.write.element-limit = 4096 (default)
2019-09-28 00:07:35,011 [f6411f89-2ca8-4cfc-a99c-aca361894957@group-4FDF99DA3B62:LeaderElection8] INFO  server.RaftServerConfigKeys (ConfUtils.java:logGet(43)) - raft.server.watch.timeout = 10s (default)
2019-09-28 00:07:35,011 [f6411f89-2ca8-4cfc-a99c-aca361894957@group-4FDF99DA3B62:LeaderElection8] INFO  server.RaftServerConfigKeys (ConfUtils.java:logGet(43)) - raft.server.watch.timeout.denomination = 1s (default)
2019-09-28 00:07:35,011 [f6411f89-2ca8-4cfc-a99c-aca361894957@group-4FDF99DA3B62:LeaderElection8] INFO  server.RaftServerConfigKeys (ConfUtils.java:logGet(43)) - raft.server.watch.element-limit = 65536 (default)
2019-09-28 00:07:35,015 [f6411f89-2ca8-4cfc-a99c-aca361894957@group-4FDF99DA3B62:LeaderElection8] INFO  impl.RoleInfo (RoleInfo.java:updateAndGet(143)) - f6411f89-2ca8-4cfc-a99c-aca361894957: start LeaderState
2019-09-28 00:07:35,015 [f6411f89-2ca8-4cfc-a99c-aca361894957@group-4FDF99DA3B62:LeaderElection8] INFO  segmented.SegmentedRaftLogWorker (SegmentedRaftLogWorker.java:startLogSegment(380)) - f6411f89-2ca8-4cfc-a99c-aca361894957@group-4FDF99DA3B62-SegmentedRaftLogWorker: Starting segment from index:0
2019-09-28 00:07:35,016 [f6411f89-2ca8-4cfc-a99c-aca361894957@group-4FDF99DA3B62:LeaderElection8] INFO  impl.RaftServerImpl (ServerState.java:setRaftConf(354)) - f6411f89-2ca8-4cfc-a99c-aca361894957@group-4FDF99DA3B62: set configuration 0: [f6411f89-2ca8-4cfc-a99c-aca361894957:192.168.151.82:39545], old=null at 0
2019-09-28 00:07:35,084 [f6411f89-2ca8-4cfc-a99c-aca361894957@group-4FDF99DA3B62-SegmentedRaftLogWorker] INFO  segmented.SegmentedRaftLogWorker (SegmentedRaftLogWorker.java:execute(569)) - f6411f89-2ca8-4cfc-a99c-aca361894957@group-4FDF99DA3B62-SegmentedRaftLogWorker: created new log segment /workdir/hadoop-ozone/integration-test/target/test-dir/MiniOzoneClusterImpl-ef93a8f6-ca63-49dc-855c-e6172cde0611/datanode-3/data/ratis/370a4f3f-76c4-434b-a67c-4fdf99da3b62/current/log_inprogress_0
2019-09-28 00:07:35,103 [Thread-309] INFO  impl.FollowerState (FollowerState.java:run(106)) - 064bde2d-db92-404d-9f14-fa74fc053683:group-FEE865E8043A changes to CANDIDATE, lastRpcTime:5044, electionTimeout:5044ms
2019-09-28 00:07:35,104 [Thread-309] INFO  impl.RoleInfo (RoleInfo.java:shutdownFollowerState(121)) - 064bde2d-db92-404d-9f14-fa74fc053683: shutdown FollowerState
2019-09-28 00:07:35,104 [Thread-309] INFO  impl.RaftServerImpl (RaftServerImpl.java:setRole(174)) - 064bde2d-db92-404d-9f14-fa74fc053683@group-FEE865E8043A: changes role from  FOLLOWER to CANDIDATE at term 0 for changeToCandidate
2019-09-28 00:07:35,104 [Thread-309] INFO  impl.RoleInfo (RoleInfo.java:updateAndGet(143)) - 064bde2d-db92-404d-9f14-fa74fc053683: start LeaderElection
2019-09-28 00:07:35,124 [main] INFO  ipc.Client (Client.java:handleConnectionFailure(948)) - Retrying connect to server: localhost/127.0.0.1:0. Already tried 4 time(s); retry policy is RetryUpToMaximumCountWithFixedSleep(maxRetries=10, sleepTime=1000 MILLISECONDS)
2019-09-28 00:07:35,127 [064bde2d-db92-404d-9f14-fa74fc053683@group-FEE865E8043A:LeaderElection9] INFO  impl.LeaderElection (LeaderElection.java:askForVotes(182)) - 064bde2d-db92-404d-9f14-fa74fc053683@group-FEE865E8043A:LeaderElection9: begin an election at term 1 for -1: [064bde2d-db92-404d-9f14-fa74fc053683:192.168.151.82:42841], old=null
2019-09-28 00:07:35,127 [064bde2d-db92-404d-9f14-fa74fc053683@group-FEE865E8043A:LeaderElection9] INFO  impl.RoleInfo (RoleInfo.java:shutdownLeaderElection(134)) - 064bde2d-db92-404d-9f14-fa74fc053683: shutdown LeaderElection
2019-09-28 00:07:35,127 [064bde2d-db92-404d-9f14-fa74fc053683@group-FEE865E8043A:LeaderElection9] INFO  impl.RaftServerImpl (RaftServerImpl.java:setRole(174)) - 064bde2d-db92-404d-9f14-fa74fc053683@group-FEE865E8043A: changes role from CANDIDATE to LEADER at term 1 for changeToLeader
2019-09-28 00:07:35,127 [064bde2d-db92-404d-9f14-fa74fc053683@group-FEE865E8043A:LeaderElection9] INFO  impl.RaftServerImpl (ServerState.java:setLeader(253)) - 064bde2d-db92-404d-9f14-fa74fc053683@group-FEE865E8043A: change Leader from null to 064bde2d-db92-404d-9f14-fa74fc053683 at term 1 for becomeLeader, leader elected after 5235ms
2019-09-28 00:07:35,128 [064bde2d-db92-404d-9f14-fa74fc053683@group-FEE865E8043A:LeaderElection9] INFO  server.RaftServerConfigKeys (ConfUtils.java:logGet(43)) - raft.server.staging.catchup.gap = 1000 (default)
2019-09-28 00:07:35,128 [064bde2d-db92-404d-9f14-fa74fc053683@group-FEE865E8043A:LeaderElection9] INFO  server.RaftServerConfigKeys (ConfUtils.java:logGet(43)) - raft.server.rpc.sleep.time = 25ms (default)
2019-09-28 00:07:35,128 [064bde2d-db92-404d-9f14-fa74fc053683@group-FEE865E8043A:LeaderElection9] INFO  server.RaftServerConfigKeys (ConfUtils.java:logGet(43)) - raft.server.write.element-limit = 4096 (default)
2019-09-28 00:07:35,129 [064bde2d-db92-404d-9f14-fa74fc053683@group-FEE865E8043A:LeaderElection9] INFO  server.RaftServerConfigKeys (ConfUtils.java:logGet(43)) - raft.server.watch.timeout = 10s (default)
2019-09-28 00:07:35,129 [064bde2d-db92-404d-9f14-fa74fc053683@group-FEE865E8043A:LeaderElection9] INFO  server.RaftServerConfigKeys (ConfUtils.java:logGet(43)) - raft.server.watch.timeout.denomination = 1s (default)
2019-09-28 00:07:35,129 [064bde2d-db92-404d-9f14-fa74fc053683@group-FEE865E8043A:LeaderElection9] INFO  server.RaftServerConfigKeys (ConfUtils.java:logGet(43)) - raft.server.watch.element-limit = 65536 (default)
2019-09-28 00:07:35,136 [064bde2d-db92-404d-9f14-fa74fc053683@group-FEE865E8043A:LeaderElection9] INFO  impl.RoleInfo (RoleInfo.java:updateAndGet(143)) - 064bde2d-db92-404d-9f14-fa74fc053683: start LeaderState
2019-09-28 00:07:35,136 [064bde2d-db92-404d-9f14-fa74fc053683@group-FEE865E8043A:LeaderElection9] INFO  segmented.SegmentedRaftLogWorker (SegmentedRaftLogWorker.java:startLogSegment(380)) - 064bde2d-db92-404d-9f14-fa74fc053683@group-FEE865E8043A-SegmentedRaftLogWorker: Starting segment from index:0
2019-09-28 00:07:35,137 [064bde2d-db92-404d-9f14-fa74fc053683@group-FEE865E8043A:LeaderElection9] INFO  impl.RaftServerImpl (ServerState.java:setRaftConf(354)) - 064bde2d-db92-404d-9f14-fa74fc053683@group-FEE865E8043A: set configuration 0: [064bde2d-db92-404d-9f14-fa74fc053683:192.168.151.82:42841], old=null at 0
2019-09-28 00:07:35,180 [Thread-313] INFO  impl.FollowerState (FollowerState.java:run(106)) - 7be1ccd5-eaae-4014-92ab-c222d72ed3a6:group-7259A9CA52B1 changes to CANDIDATE, lastRpcTime:5024, electionTimeout:5017ms
2019-09-28 00:07:35,181 [Thread-313] INFO  impl.RoleInfo (RoleInfo.java:shutdownFollowerState(121)) - 7be1ccd5-eaae-4014-92ab-c222d72ed3a6: shutdown FollowerState
2019-09-28 00:07:35,181 [Thread-313] INFO  impl.RaftServerImpl (RaftServerImpl.java:setRole(174)) - 7be1ccd5-eaae-4014-92ab-c222d72ed3a6@group-7259A9CA52B1: changes role from  FOLLOWER to CANDIDATE at term 0 for changeToCandidate
2019-09-28 00:07:35,181 [Thread-313] INFO  impl.RoleInfo (RoleInfo.java:updateAndGet(143)) - 7be1ccd5-eaae-4014-92ab-c222d72ed3a6: start LeaderElection
2019-09-28 00:07:35,194 [064bde2d-db92-404d-9f14-fa74fc053683@group-FEE865E8043A-SegmentedRaftLogWorker] INFO  segmented.SegmentedRaftLogWorker (SegmentedRaftLogWorker.java:execute(569)) - 064bde2d-db92-404d-9f14-fa74fc053683@group-FEE865E8043A-SegmentedRaftLogWorker: created new log segment /workdir/hadoop-ozone/integration-test/target/test-dir/MiniOzoneClusterImpl-ef93a8f6-ca63-49dc-855c-e6172cde0611/datanode-6/data/ratis/54aac252-e638-4ee6-a099-fee865e8043a/current/log_inprogress_0
2019-09-28 00:07:35,194 [7be1ccd5-eaae-4014-92ab-c222d72ed3a6@group-7259A9CA52B1:LeaderElection10] INFO  impl.LeaderElection (LeaderElection.java:askForVotes(182)) - 7be1ccd5-eaae-4014-92ab-c222d72ed3a6@group-7259A9CA52B1:LeaderElection10: begin an election at term 1 for -1: [7be1ccd5-eaae-4014-92ab-c222d72ed3a6:192.168.151.82:41588], old=null
2019-09-28 00:07:35,194 [7be1ccd5-eaae-4014-92ab-c222d72ed3a6@group-7259A9CA52B1:LeaderElection10] INFO  impl.RoleInfo (RoleInfo.java:shutdownLeaderElection(134)) - 7be1ccd5-eaae-4014-92ab-c222d72ed3a6: shutdown LeaderElection
2019-09-28 00:07:35,194 [7be1ccd5-eaae-4014-92ab-c222d72ed3a6@group-7259A9CA52B1:LeaderElection10] INFO  impl.RaftServerImpl (RaftServerImpl.java:setRole(174)) - 7be1ccd5-eaae-4014-92ab-c222d72ed3a6@group-7259A9CA52B1: changes role from CANDIDATE to LEADER at term 1 for changeToLeader
2019-09-28 00:07:35,194 [7be1ccd5-eaae-4014-92ab-c222d72ed3a6@group-7259A9CA52B1:LeaderElection10] INFO  impl.RaftServerImpl (ServerState.java:setLeader(253)) - 7be1ccd5-eaae-4014-92ab-c222d72ed3a6@group-7259A9CA52B1: change Leader from null to 7be1ccd5-eaae-4014-92ab-c222d72ed3a6 at term 1 for becomeLeader, leader elected after 5048ms
2019-09-28 00:07:35,195 [7be1ccd5-eaae-4014-92ab-c222d72ed3a6@group-7259A9CA52B1:LeaderElection10] INFO  server.RaftServerConfigKeys (ConfUtils.java:logGet(43)) - raft.server.staging.catchup.gap = 1000 (default)
2019-09-28 00:07:35,195 [7be1ccd5-eaae-4014-92ab-c222d72ed3a6@group-7259A9CA52B1:LeaderElection10] INFO  server.RaftServerConfigKeys (ConfUtils.java:logGet(43)) - raft.server.rpc.sleep.time = 25ms (default)
2019-09-28 00:07:35,195 [7be1ccd5-eaae-4014-92ab-c222d72ed3a6@group-7259A9CA52B1:LeaderElection10] INFO  server.RaftServerConfigKeys (ConfUtils.java:logGet(43)) - raft.server.write.element-limit = 4096 (default)
2019-09-28 00:07:35,195 [7be1ccd5-eaae-4014-92ab-c222d72ed3a6@group-7259A9CA52B1:LeaderElection10] INFO  server.RaftServerConfigKeys (ConfUtils.java:logGet(43)) - raft.server.watch.timeout = 10s (default)
2019-09-28 00:07:35,196 [7be1ccd5-eaae-4014-92ab-c222d72ed3a6@group-7259A9CA52B1:LeaderElection10] INFO  server.RaftServerConfigKeys (ConfUtils.java:logGet(43)) - raft.server.watch.timeout.denomination = 1s (default)
2019-09-28 00:07:35,196 [7be1ccd5-eaae-4014-92ab-c222d72ed3a6@group-7259A9CA52B1:LeaderElection10] INFO  server.RaftServerConfigKeys (ConfUtils.java:logGet(43)) - raft.server.watch.element-limit = 65536 (default)
2019-09-28 00:07:35,200 [7be1ccd5-eaae-4014-92ab-c222d72ed3a6@group-7259A9CA52B1:LeaderElection10] INFO  impl.RoleInfo (RoleInfo.java:updateAndGet(143)) - 7be1ccd5-eaae-4014-92ab-c222d72ed3a6: start LeaderState
2019-09-28 00:07:35,200 [7be1ccd5-eaae-4014-92ab-c222d72ed3a6@group-7259A9CA52B1:LeaderElection10] INFO  segmented.SegmentedRaftLogWorker (SegmentedRaftLogWorker.java:startLogSegment(380)) - 7be1ccd5-eaae-4014-92ab-c222d72ed3a6@group-7259A9CA52B1-SegmentedRaftLogWorker: Starting segment from index:0
2019-09-28 00:07:35,201 [7be1ccd5-eaae-4014-92ab-c222d72ed3a6@group-7259A9CA52B1:LeaderElection10] INFO  impl.RaftServerImpl (ServerState.java:setRaftConf(354)) - 7be1ccd5-eaae-4014-92ab-c222d72ed3a6@group-7259A9CA52B1: set configuration 0: [7be1ccd5-eaae-4014-92ab-c222d72ed3a6:192.168.151.82:41588], old=null at 0
2019-09-28 00:07:35,271 [7be1ccd5-eaae-4014-92ab-c222d72ed3a6@group-7259A9CA52B1-SegmentedRaftLogWorker] INFO  segmented.SegmentedRaftLogWorker (SegmentedRaftLogWorker.java:execute(569)) - 7be1ccd5-eaae-4014-92ab-c222d72ed3a6@group-7259A9CA52B1-SegmentedRaftLogWorker: created new log segment /workdir/hadoop-ozone/integration-test/target/test-dir/MiniOzoneClusterImpl-ef93a8f6-ca63-49dc-855c-e6172cde0611/datanode-9/data/ratis/d72cb7f5-c6ca-40db-8f06-7259a9ca52b1/current/log_inprogress_0
2019-09-28 00:07:35,416 [Thread-317] INFO  impl.FollowerState (FollowerState.java:run(106)) - e997bddb-a40f-4466-9539-dfa223a823e1:group-4913561A1ECF changes to CANDIDATE, lastRpcTime:5135, electionTimeout:5135ms
2019-09-28 00:07:35,416 [Thread-317] INFO  impl.RoleInfo (RoleInfo.java:shutdownFollowerState(121)) - e997bddb-a40f-4466-9539-dfa223a823e1: shutdown FollowerState
2019-09-28 00:07:35,416 [Thread-317] INFO  impl.RaftServerImpl (RaftServerImpl.java:setRole(174)) - e997bddb-a40f-4466-9539-dfa223a823e1@group-4913561A1ECF: changes role from  FOLLOWER to CANDIDATE at term 0 for changeToCandidate
2019-09-28 00:07:35,417 [Thread-317] INFO  impl.RoleInfo (RoleInfo.java:updateAndGet(143)) - e997bddb-a40f-4466-9539-dfa223a823e1: start LeaderElection
2019-09-28 00:07:35,439 [e997bddb-a40f-4466-9539-dfa223a823e1@group-4913561A1ECF:LeaderElection11] INFO  impl.LeaderElection (LeaderElection.java:askForVotes(182)) - e997bddb-a40f-4466-9539-dfa223a823e1@group-4913561A1ECF:LeaderElection11: begin an election at term 1 for -1: [f2b1cee9-5126-4a0c-9c15-774918a74cc9:192.168.151.82:44946, e997bddb-a40f-4466-9539-dfa223a823e1:192.168.151.82:34311, 7eeb4e41-83cf-4f16-b692-5d167ffa47e8:192.168.151.82:42184], old=null
2019-09-28 00:07:35,441 [Thread-320] INFO  impl.FollowerState (FollowerState.java:run(106)) - 7eeb4e41-83cf-4f16-b692-5d167ffa47e8:group-4913561A1ECF changes to CANDIDATE, lastRpcTime:5144, electionTimeout:5144ms
2019-09-28 00:07:35,441 [Thread-320] INFO  impl.RoleInfo (RoleInfo.java:shutdownFollowerState(121)) - 7eeb4e41-83cf-4f16-b692-5d167ffa47e8: shutdown FollowerState
2019-09-28 00:07:35,441 [Thread-320] INFO  impl.RaftServerImpl (RaftServerImpl.java:setRole(174)) - 7eeb4e41-83cf-4f16-b692-5d167ffa47e8@group-4913561A1ECF: changes role from  FOLLOWER to CANDIDATE at term 0 for changeToCandidate
2019-09-28 00:07:35,441 [Thread-320] INFO  impl.RoleInfo (RoleInfo.java:updateAndGet(143)) - 7eeb4e41-83cf-4f16-b692-5d167ffa47e8: start LeaderElection
2019-09-28 00:07:35,449 [Thread-330] INFO  impl.FollowerState (FollowerState.java:run(106)) - dde3bc4a-2072-49f6-96b7-d9dfb1162844:group-CA7758CC0C85 changes to CANDIDATE, lastRpcTime:5019, electionTimeout:5014ms
2019-09-28 00:07:35,452 [Thread-321] INFO  impl.FollowerState (FollowerState.java:run(106)) - f2b1cee9-5126-4a0c-9c15-774918a74cc9:group-4913561A1ECF changes to CANDIDATE, lastRpcTime:5155, electionTimeout:5155ms
2019-09-28 00:07:35,452 [Thread-329] INFO  impl.FollowerState (FollowerState.java:run(106)) - 1c95823d-847a-4997-a8a6-4cda28e586d4:group-CA7758CC0C85 changes to CANDIDATE, lastRpcTime:5022, electionTimeout:5022ms
2019-09-28 00:07:35,452 [Thread-330] INFO  impl.RoleInfo (RoleInfo.java:shutdownFollowerState(121)) - dde3bc4a-2072-49f6-96b7-d9dfb1162844: shutdown FollowerState
2019-09-28 00:07:35,452 [Thread-321] INFO  impl.RoleInfo (RoleInfo.java:shutdownFollowerState(121)) - f2b1cee9-5126-4a0c-9c15-774918a74cc9: shutdown FollowerState
2019-09-28 00:07:35,453 [Thread-329] INFO  impl.RoleInfo (RoleInfo.java:shutdownFollowerState(121)) - 1c95823d-847a-4997-a8a6-4cda28e586d4: shutdown FollowerState
2019-09-28 00:07:35,453 [Thread-321] INFO  impl.RaftServerImpl (RaftServerImpl.java:setRole(174)) - f2b1cee9-5126-4a0c-9c15-774918a74cc9@group-4913561A1ECF: changes role from  FOLLOWER to CANDIDATE at term 0 for changeToCandidate
2019-09-28 00:07:35,453 [Thread-330] INFO  impl.RaftServerImpl (RaftServerImpl.java:setRole(174)) - dde3bc4a-2072-49f6-96b7-d9dfb1162844@group-CA7758CC0C85: changes role from  FOLLOWER to CANDIDATE at term 0 for changeToCandidate
2019-09-28 00:07:35,453 [Thread-321] INFO  impl.RoleInfo (RoleInfo.java:updateAndGet(143)) - f2b1cee9-5126-4a0c-9c15-774918a74cc9: start LeaderElection
2019-09-28 00:07:35,453 [Thread-329] INFO  impl.RaftServerImpl (RaftServerImpl.java:setRole(174)) - 1c95823d-847a-4997-a8a6-4cda28e586d4@group-CA7758CC0C85: changes role from  FOLLOWER to CANDIDATE at term 0 for changeToCandidate
2019-09-28 00:07:35,453 [Thread-330] INFO  impl.RoleInfo (RoleInfo.java:updateAndGet(143)) - dde3bc4a-2072-49f6-96b7-d9dfb1162844: start LeaderElection
2019-09-28 00:07:35,454 [Thread-329] INFO  impl.RoleInfo (RoleInfo.java:updateAndGet(143)) - 1c95823d-847a-4997-a8a6-4cda28e586d4: start LeaderElection
2019-09-28 00:07:35,469 [7eeb4e41-83cf-4f16-b692-5d167ffa47e8@group-4913561A1ECF:LeaderElection12] INFO  impl.LeaderElection (LeaderElection.java:askForVotes(182)) - 7eeb4e41-83cf-4f16-b692-5d167ffa47e8@group-4913561A1ECF:LeaderElection12: begin an election at term 1 for -1: [f2b1cee9-5126-4a0c-9c15-774918a74cc9:192.168.151.82:44946, e997bddb-a40f-4466-9539-dfa223a823e1:192.168.151.82:34311, 7eeb4e41-83cf-4f16-b692-5d167ffa47e8:192.168.151.82:42184], old=null
2019-09-28 00:07:35,475 [Thread-327] INFO  impl.FollowerState (FollowerState.java:run(106)) - 1f14f3cf-4ace-4392-be28-431862a0440f:group-CA7758CC0C85 changes to CANDIDATE, lastRpcTime:5047, electionTimeout:5047ms
2019-09-28 00:07:35,476 [Thread-327] INFO  impl.RoleInfo (RoleInfo.java:shutdownFollowerState(121)) - 1f14f3cf-4ace-4392-be28-431862a0440f: shutdown FollowerState
2019-09-28 00:07:35,476 [Thread-327] INFO  impl.RaftServerImpl (RaftServerImpl.java:setRole(174)) - 1f14f3cf-4ace-4392-be28-431862a0440f@group-CA7758CC0C85: changes role from  FOLLOWER to CANDIDATE at term 0 for changeToCandidate
2019-09-28 00:07:35,476 [Thread-327] INFO  impl.RoleInfo (RoleInfo.java:updateAndGet(143)) - 1f14f3cf-4ace-4392-be28-431862a0440f: start LeaderElection
2019-09-28 00:07:35,494 [dde3bc4a-2072-49f6-96b7-d9dfb1162844@group-CA7758CC0C85:LeaderElection14] INFO  impl.LeaderElection (LeaderElection.java:askForVotes(182)) - dde3bc4a-2072-49f6-96b7-d9dfb1162844@group-CA7758CC0C85:LeaderElection14: begin an election at term 1 for -1: [dde3bc4a-2072-49f6-96b7-d9dfb1162844:192.168.151.82:33259, 1f14f3cf-4ace-4392-be28-431862a0440f:192.168.151.82:37786, 1c95823d-847a-4997-a8a6-4cda28e586d4:192.168.151.82:42975], old=null
2019-09-28 00:07:35,494 [f2b1cee9-5126-4a0c-9c15-774918a74cc9@group-4913561A1ECF:LeaderElection13] INFO  impl.LeaderElection (LeaderElection.java:askForVotes(182)) - f2b1cee9-5126-4a0c-9c15-774918a74cc9@group-4913561A1ECF:LeaderElection13: begin an election at term 1 for -1: [f2b1cee9-5126-4a0c-9c15-774918a74cc9:192.168.151.82:44946, e997bddb-a40f-4466-9539-dfa223a823e1:192.168.151.82:34311, 7eeb4e41-83cf-4f16-b692-5d167ffa47e8:192.168.151.82:42184], old=null
2019-09-28 00:07:35,494 [1c95823d-847a-4997-a8a6-4cda28e586d4@group-CA7758CC0C85:LeaderElection15] INFO  impl.LeaderElection (LeaderElection.java:askForVotes(182)) - 1c95823d-847a-4997-a8a6-4cda28e586d4@group-CA7758CC0C85:LeaderElection15: begin an election at term 1 for -1: [dde3bc4a-2072-49f6-96b7-d9dfb1162844:192.168.151.82:33259, 1f14f3cf-4ace-4392-be28-431862a0440f:192.168.151.82:37786, 1c95823d-847a-4997-a8a6-4cda28e586d4:192.168.151.82:42975], old=null
2019-09-28 00:07:35,494 [1f14f3cf-4ace-4392-be28-431862a0440f@group-CA7758CC0C85:LeaderElection16] INFO  impl.LeaderElection (LeaderElection.java:askForVotes(182)) - 1f14f3cf-4ace-4392-be28-431862a0440f@group-CA7758CC0C85:LeaderElection16: begin an election at term 1 for -1: [dde3bc4a-2072-49f6-96b7-d9dfb1162844:192.168.151.82:33259, 1f14f3cf-4ace-4392-be28-431862a0440f:192.168.151.82:37786, 1c95823d-847a-4997-a8a6-4cda28e586d4:192.168.151.82:42975], old=null
2019-09-28 00:07:35,574 [dde3bc4a-2072-49f6-96b7-d9dfb1162844@group-CA7758CC0C85:LeaderElection14] INFO  impl.LeaderElection (LeaderElection.java:logAndReturn(56)) - dde3bc4a-2072-49f6-96b7-d9dfb1162844@group-CA7758CC0C85:LeaderElection14: Election REJECTED; received 2 response(s) [dde3bc4a-2072-49f6-96b7-d9dfb1162844<-1f14f3cf-4ace-4392-be28-431862a0440f#0:FAIL-t1, dde3bc4a-2072-49f6-96b7-d9dfb1162844<-1c95823d-847a-4997-a8a6-4cda28e586d4#0:FAIL-t1] and 0 exception(s); dde3bc4a-2072-49f6-96b7-d9dfb1162844@group-CA7758CC0C85:t1, leader=null, voted=dde3bc4a-2072-49f6-96b7-d9dfb1162844, raftlog=dde3bc4a-2072-49f6-96b7-d9dfb1162844@group-CA7758CC0C85-SegmentedRaftLog:OPENED:c-1,f-1,i0, conf=-1: [dde3bc4a-2072-49f6-96b7-d9dfb1162844:192.168.151.82:33259, 1f14f3cf-4ace-4392-be28-431862a0440f:192.168.151.82:37786, 1c95823d-847a-4997-a8a6-4cda28e586d4:192.168.151.82:42975], old=null
2019-09-28 00:07:35,574 [1f14f3cf-4ace-4392-be28-431862a0440f@group-CA7758CC0C85:LeaderElection16] INFO  impl.LeaderElection (LeaderElection.java:logAndReturn(56)) - 1f14f3cf-4ace-4392-be28-431862a0440f@group-CA7758CC0C85:LeaderElection16: Election REJECTED; received 2 response(s) [1f14f3cf-4ace-4392-be28-431862a0440f<-dde3bc4a-2072-49f6-96b7-d9dfb1162844#0:FAIL-t1, 1f14f3cf-4ace-4392-be28-431862a0440f<-1c95823d-847a-4997-a8a6-4cda28e586d4#0:FAIL-t1] and 0 exception(s); 1f14f3cf-4ace-4392-be28-431862a0440f@group-CA7758CC0C85:t1, leader=null, voted=1f14f3cf-4ace-4392-be28-431862a0440f, raftlog=1f14f3cf-4ace-4392-be28-431862a0440f@group-CA7758CC0C85-SegmentedRaftLog:OPENED:c-1,f-1,i0, conf=-1: [dde3bc4a-2072-49f6-96b7-d9dfb1162844:192.168.151.82:33259, 1f14f3cf-4ace-4392-be28-431862a0440f:192.168.151.82:37786, 1c95823d-847a-4997-a8a6-4cda28e586d4:192.168.151.82:42975], old=null
2019-09-28 00:07:35,575 [1c95823d-847a-4997-a8a6-4cda28e586d4@group-CA7758CC0C85:LeaderElection15] INFO  impl.LeaderElection (LeaderElection.java:logAndReturn(56)) - 1c95823d-847a-4997-a8a6-4cda28e586d4@group-CA7758CC0C85:LeaderElection15: Election REJECTED; received 2 response(s) [1c95823d-847a-4997-a8a6-4cda28e586d4<-dde3bc4a-2072-49f6-96b7-d9dfb1162844#0:FAIL-t1, 1c95823d-847a-4997-a8a6-4cda28e586d4<-1f14f3cf-4ace-4392-be28-431862a0440f#0:FAIL-t1] and 0 exception(s); 1c95823d-847a-4997-a8a6-4cda28e586d4@group-CA7758CC0C85:t1, leader=null, voted=1c95823d-847a-4997-a8a6-4cda28e586d4, raftlog=1c95823d-847a-4997-a8a6-4cda28e586d4@group-CA7758CC0C85-SegmentedRaftLog:OPENED:c-1,f-1,i0, conf=-1: [dde3bc4a-2072-49f6-96b7-d9dfb1162844:192.168.151.82:33259, 1f14f3cf-4ace-4392-be28-431862a0440f:192.168.151.82:37786, 1c95823d-847a-4997-a8a6-4cda28e586d4:192.168.151.82:42975], old=null
2019-09-28 00:07:35,581 [e997bddb-a40f-4466-9539-dfa223a823e1@group-4913561A1ECF:LeaderElection11] INFO  impl.LeaderElection (LeaderElection.java:logAndReturn(56)) - e997bddb-a40f-4466-9539-dfa223a823e1@group-4913561A1ECF:LeaderElection11: Election REJECTED; received 2 response(s) [e997bddb-a40f-4466-9539-dfa223a823e1<-f2b1cee9-5126-4a0c-9c15-774918a74cc9#0:FAIL-t1, e997bddb-a40f-4466-9539-dfa223a823e1<-7eeb4e41-83cf-4f16-b692-5d167ffa47e8#0:FAIL-t1] and 0 exception(s); e997bddb-a40f-4466-9539-dfa223a823e1@group-4913561A1ECF:t1, leader=null, voted=e997bddb-a40f-4466-9539-dfa223a823e1, raftlog=e997bddb-a40f-4466-9539-dfa223a823e1@group-4913561A1ECF-SegmentedRaftLog:OPENED:c-1,f-1,i0, conf=-1: [f2b1cee9-5126-4a0c-9c15-774918a74cc9:192.168.151.82:44946, e997bddb-a40f-4466-9539-dfa223a823e1:192.168.151.82:34311, 7eeb4e41-83cf-4f16-b692-5d167ffa47e8:192.168.151.82:42184], old=null
2019-09-28 00:07:35,590 [dde3bc4a-2072-49f6-96b7-d9dfb1162844@group-CA7758CC0C85:LeaderElection14] INFO  impl.RaftServerImpl (RaftServerImpl.java:setRole(174)) - dde3bc4a-2072-49f6-96b7-d9dfb1162844@group-CA7758CC0C85: changes role from CANDIDATE to FOLLOWER at term 1 for DISCOVERED_A_NEW_TERM
2019-09-28 00:07:35,590 [1c95823d-847a-4997-a8a6-4cda28e586d4@group-CA7758CC0C85:LeaderElection15] INFO  impl.RaftServerImpl (RaftServerImpl.java:setRole(174)) - 1c95823d-847a-4997-a8a6-4cda28e586d4@group-CA7758CC0C85: changes role from CANDIDATE to FOLLOWER at term 1 for DISCOVERED_A_NEW_TERM
2019-09-28 00:07:35,602 [e997bddb-a40f-4466-9539-dfa223a823e1@group-4913561A1ECF:LeaderElection11] INFO  impl.RaftServerImpl (RaftServerImpl.java:setRole(174)) - e997bddb-a40f-4466-9539-dfa223a823e1@group-4913561A1ECF: changes role from CANDIDATE to FOLLOWER at term 1 for DISCOVERED_A_NEW_TERM
2019-09-28 00:07:35,605 [e997bddb-a40f-4466-9539-dfa223a823e1@group-4913561A1ECF:LeaderElection11] INFO  impl.RoleInfo (RoleInfo.java:shutdownLeaderElection(134)) - e997bddb-a40f-4466-9539-dfa223a823e1: shutdown LeaderElection
2019-09-28 00:07:35,599 [1f14f3cf-4ace-4392-be28-431862a0440f@group-CA7758CC0C85:LeaderElection16] INFO  impl.RaftServerImpl (RaftServerImpl.java:setRole(174)) - 1f14f3cf-4ace-4392-be28-431862a0440f@group-CA7758CC0C85: changes role from CANDIDATE to FOLLOWER at term 1 for DISCOVERED_A_NEW_TERM
2019-09-28 00:07:35,605 [1f14f3cf-4ace-4392-be28-431862a0440f@group-CA7758CC0C85:LeaderElection16] INFO  impl.RoleInfo (RoleInfo.java:shutdownLeaderElection(134)) - 1f14f3cf-4ace-4392-be28-431862a0440f: shutdown LeaderElection
2019-09-28 00:07:35,599 [7eeb4e41-83cf-4f16-b692-5d167ffa47e8@group-4913561A1ECF:LeaderElection12] INFO  impl.LeaderElection (LeaderElection.java:logAndReturn(56)) - 7eeb4e41-83cf-4f16-b692-5d167ffa47e8@group-4913561A1ECF:LeaderElection12: Election REJECTED; received 2 response(s) [7eeb4e41-83cf-4f16-b692-5d167ffa47e8<-e997bddb-a40f-4466-9539-dfa223a823e1#0:FAIL-t1, 7eeb4e41-83cf-4f16-b692-5d167ffa47e8<-f2b1cee9-5126-4a0c-9c15-774918a74cc9#0:FAIL-t1] and 0 exception(s); 7eeb4e41-83cf-4f16-b692-5d167ffa47e8@group-4913561A1ECF:t1, leader=null, voted=7eeb4e41-83cf-4f16-b692-5d167ffa47e8, raftlog=7eeb4e41-83cf-4f16-b692-5d167ffa47e8@group-4913561A1ECF-SegmentedRaftLog:OPENED:c-1,f-1,i0, conf=-1: [f2b1cee9-5126-4a0c-9c15-774918a74cc9:192.168.151.82:44946, e997bddb-a40f-4466-9539-dfa223a823e1:192.168.151.82:34311, 7eeb4e41-83cf-4f16-b692-5d167ffa47e8:192.168.151.82:42184], old=null
2019-09-28 00:07:35,595 [dde3bc4a-2072-49f6-96b7-d9dfb1162844@group-CA7758CC0C85:LeaderElection14] INFO  impl.RoleInfo (RoleInfo.java:shutdownLeaderElection(134)) - dde3bc4a-2072-49f6-96b7-d9dfb1162844: shutdown LeaderElection
2019-09-28 00:07:35,605 [7eeb4e41-83cf-4f16-b692-5d167ffa47e8@group-4913561A1ECF:LeaderElection12] INFO  impl.RaftServerImpl (RaftServerImpl.java:setRole(174)) - 7eeb4e41-83cf-4f16-b692-5d167ffa47e8@group-4913561A1ECF: changes role from CANDIDATE to FOLLOWER at term 1 for DISCOVERED_A_NEW_TERM
2019-09-28 00:07:35,617 [7eeb4e41-83cf-4f16-b692-5d167ffa47e8@group-4913561A1ECF:LeaderElection12] INFO  impl.RoleInfo (RoleInfo.java:shutdownLeaderElection(134)) - 7eeb4e41-83cf-4f16-b692-5d167ffa47e8: shutdown LeaderElection
2019-09-28 00:07:35,605 [1f14f3cf-4ace-4392-be28-431862a0440f@group-CA7758CC0C85:LeaderElection16] INFO  impl.RoleInfo (RoleInfo.java:updateAndGet(143)) - 1f14f3cf-4ace-4392-be28-431862a0440f: start FollowerState
2019-09-28 00:07:35,605 [e997bddb-a40f-4466-9539-dfa223a823e1@group-4913561A1ECF:LeaderElection11] INFO  impl.RoleInfo (RoleInfo.java:updateAndGet(143)) - e997bddb-a40f-4466-9539-dfa223a823e1: start FollowerState
2019-09-28 00:07:35,604 [1c95823d-847a-4997-a8a6-4cda28e586d4@group-CA7758CC0C85:LeaderElection15] INFO  impl.RoleInfo (RoleInfo.java:shutdownLeaderElection(134)) - 1c95823d-847a-4997-a8a6-4cda28e586d4: shutdown LeaderElection
2019-09-28 00:07:35,617 [7eeb4e41-83cf-4f16-b692-5d167ffa47e8@group-4913561A1ECF:LeaderElection12] INFO  impl.RoleInfo (RoleInfo.java:updateAndGet(143)) - 7eeb4e41-83cf-4f16-b692-5d167ffa47e8: start FollowerState
2019-09-28 00:07:35,617 [f2b1cee9-5126-4a0c-9c15-774918a74cc9@group-4913561A1ECF:LeaderElection13] INFO  impl.LeaderElection (LeaderElection.java:logAndReturn(56)) - f2b1cee9-5126-4a0c-9c15-774918a74cc9@group-4913561A1ECF:LeaderElection13: Election REJECTED; received 2 response(s) [f2b1cee9-5126-4a0c-9c15-774918a74cc9<-e997bddb-a40f-4466-9539-dfa223a823e1#0:FAIL-t1, f2b1cee9-5126-4a0c-9c15-774918a74cc9<-7eeb4e41-83cf-4f16-b692-5d167ffa47e8#0:FAIL-t1] and 0 exception(s); f2b1cee9-5126-4a0c-9c15-774918a74cc9@group-4913561A1ECF:t1, leader=null, voted=f2b1cee9-5126-4a0c-9c15-774918a74cc9, raftlog=f2b1cee9-5126-4a0c-9c15-774918a74cc9@group-4913561A1ECF-SegmentedRaftLog:OPENED:c-1,f-1,i0, conf=-1: [f2b1cee9-5126-4a0c-9c15-774918a74cc9:192.168.151.82:44946, e997bddb-a40f-4466-9539-dfa223a823e1:192.168.151.82:34311, 7eeb4e41-83cf-4f16-b692-5d167ffa47e8:192.168.151.82:42184], old=null
2019-09-28 00:07:35,617 [dde3bc4a-2072-49f6-96b7-d9dfb1162844@group-CA7758CC0C85:LeaderElection14] INFO  impl.RoleInfo (RoleInfo.java:updateAndGet(143)) - dde3bc4a-2072-49f6-96b7-d9dfb1162844: start FollowerState
2019-09-28 00:07:35,618 [f2b1cee9-5126-4a0c-9c15-774918a74cc9@group-4913561A1ECF:LeaderElection13] INFO  impl.RaftServerImpl (RaftServerImpl.java:setRole(174)) - f2b1cee9-5126-4a0c-9c15-774918a74cc9@group-4913561A1ECF: changes role from CANDIDATE to FOLLOWER at term 1 for DISCOVERED_A_NEW_TERM
2019-09-28 00:07:35,618 [1c95823d-847a-4997-a8a6-4cda28e586d4@group-CA7758CC0C85:LeaderElection15] INFO  impl.RoleInfo (RoleInfo.java:updateAndGet(143)) - 1c95823d-847a-4997-a8a6-4cda28e586d4: start FollowerState
2019-09-28 00:07:35,621 [f2b1cee9-5126-4a0c-9c15-774918a74cc9@group-4913561A1ECF:LeaderElection13] INFO  impl.RoleInfo (RoleInfo.java:shutdownLeaderElection(134)) - f2b1cee9-5126-4a0c-9c15-774918a74cc9: shutdown LeaderElection
2019-09-28 00:07:35,621 [f2b1cee9-5126-4a0c-9c15-774918a74cc9@group-4913561A1ECF:LeaderElection13] INFO  impl.RoleInfo (RoleInfo.java:updateAndGet(143)) - f2b1cee9-5126-4a0c-9c15-774918a74cc9: start FollowerState
2019-09-28 00:07:35,650 [Thread-338] INFO  impl.FollowerState (FollowerState.java:run(106)) - 81a35a2f-70d3-442b-bace-ce29edca7155:group-DB85DE63A691 changes to CANDIDATE, lastRpcTime:5072, electionTimeout:5072ms
2019-09-28 00:07:35,651 [Thread-338] INFO  impl.RoleInfo (RoleInfo.java:shutdownFollowerState(121)) - 81a35a2f-70d3-442b-bace-ce29edca7155: shutdown FollowerState
2019-09-28 00:07:35,651 [Thread-338] INFO  impl.RaftServerImpl (RaftServerImpl.java:setRole(174)) - 81a35a2f-70d3-442b-bace-ce29edca7155@group-DB85DE63A691: changes role from  FOLLOWER to CANDIDATE at term 0 for changeToCandidate
2019-09-28 00:07:35,651 [Thread-338] INFO  impl.RoleInfo (RoleInfo.java:updateAndGet(143)) - 81a35a2f-70d3-442b-bace-ce29edca7155: start LeaderElection
2019-09-28 00:07:35,683 [81a35a2f-70d3-442b-bace-ce29edca7155@group-DB85DE63A691:LeaderElection17] INFO  impl.LeaderElection (LeaderElection.java:askForVotes(182)) - 81a35a2f-70d3-442b-bace-ce29edca7155@group-DB85DE63A691:LeaderElection17: begin an election at term 1 for -1: [064bde2d-db92-404d-9f14-fa74fc053683:192.168.151.82:42841, f6411f89-2ca8-4cfc-a99c-aca361894957:192.168.151.82:39545, 81a35a2f-70d3-442b-bace-ce29edca7155:192.168.151.82:37102], old=null
2019-09-28 00:07:35,714 [Thread-334] INFO  impl.FollowerState (FollowerState.java:run(106)) - 064bde2d-db92-404d-9f14-fa74fc053683:group-DB85DE63A691 changes to CANDIDATE, lastRpcTime:5144, electionTimeout:5126ms
2019-09-28 00:07:35,714 [Thread-334] INFO  impl.RoleInfo (RoleInfo.java:shutdownFollowerState(121)) - 064bde2d-db92-404d-9f14-fa74fc053683: shutdown FollowerState
2019-09-28 00:07:35,714 [Thread-339] INFO  impl.FollowerState (FollowerState.java:run(106)) - f6411f89-2ca8-4cfc-a99c-aca361894957:group-DB85DE63A691 changes to CANDIDATE, lastRpcTime:5135, electionTimeout:5125ms
2019-09-28 00:07:35,714 [Thread-334] INFO  impl.RaftServerImpl (RaftServerImpl.java:setRole(174)) - 064bde2d-db92-404d-9f14-fa74fc053683@group-DB85DE63A691: changes role from  FOLLOWER to CANDIDATE at term 0 for changeToCandidate
2019-09-28 00:07:35,714 [Thread-339] INFO  impl.RoleInfo (RoleInfo.java:shutdownFollowerState(121)) - f6411f89-2ca8-4cfc-a99c-aca361894957: shutdown FollowerState
2019-09-28 00:07:35,714 [Thread-334] INFO  impl.RoleInfo (RoleInfo.java:updateAndGet(143)) - 064bde2d-db92-404d-9f14-fa74fc053683: start LeaderElection
2019-09-28 00:07:35,715 [Thread-339] INFO  impl.RaftServerImpl (RaftServerImpl.java:setRole(174)) - f6411f89-2ca8-4cfc-a99c-aca361894957@group-DB85DE63A691: changes role from  FOLLOWER to CANDIDATE at term 0 for changeToCandidate
2019-09-28 00:07:35,715 [Thread-339] INFO  impl.RoleInfo (RoleInfo.java:updateAndGet(143)) - f6411f89-2ca8-4cfc-a99c-aca361894957: start LeaderElection
2019-09-28 00:07:35,757 [064bde2d-db92-404d-9f14-fa74fc053683@group-DB85DE63A691:LeaderElection18] INFO  impl.LeaderElection (LeaderElection.java:askForVotes(182)) - 064bde2d-db92-404d-9f14-fa74fc053683@group-DB85DE63A691:LeaderElection18: begin an election at term 1 for -1: [064bde2d-db92-404d-9f14-fa74fc053683:192.168.151.82:42841, f6411f89-2ca8-4cfc-a99c-aca361894957:192.168.151.82:39545, 81a35a2f-70d3-442b-bace-ce29edca7155:192.168.151.82:37102], old=null
2019-09-28 00:07:35,757 [f6411f89-2ca8-4cfc-a99c-aca361894957@group-DB85DE63A691:LeaderElection19] INFO  impl.LeaderElection (LeaderElection.java:askForVotes(182)) - f6411f89-2ca8-4cfc-a99c-aca361894957@group-DB85DE63A691:LeaderElection19: begin an election at term 1 for -1: [064bde2d-db92-404d-9f14-fa74fc053683:192.168.151.82:42841, f6411f89-2ca8-4cfc-a99c-aca361894957:192.168.151.82:39545, 81a35a2f-70d3-442b-bace-ce29edca7155:192.168.151.82:37102], old=null
2019-09-28 00:07:35,773 [81a35a2f-70d3-442b-bace-ce29edca7155@group-DB85DE63A691:LeaderElection17] INFO  impl.LeaderElection (LeaderElection.java:logAndReturn(56)) - 81a35a2f-70d3-442b-bace-ce29edca7155@group-DB85DE63A691:LeaderElection17: Election REJECTED; received 2 response(s) [81a35a2f-70d3-442b-bace-ce29edca7155<-064bde2d-db92-404d-9f14-fa74fc053683#0:FAIL-t1, 81a35a2f-70d3-442b-bace-ce29edca7155<-f6411f89-2ca8-4cfc-a99c-aca361894957#0:FAIL-t1] and 0 exception(s); 81a35a2f-70d3-442b-bace-ce29edca7155@group-DB85DE63A691:t1, leader=null, voted=81a35a2f-70d3-442b-bace-ce29edca7155, raftlog=81a35a2f-70d3-442b-bace-ce29edca7155@group-DB85DE63A691-SegmentedRaftLog:OPENED:c-1,f-1,i0, conf=-1: [064bde2d-db92-404d-9f14-fa74fc053683:192.168.151.82:42841, f6411f89-2ca8-4cfc-a99c-aca361894957:192.168.151.82:39545, 81a35a2f-70d3-442b-bace-ce29edca7155:192.168.151.82:37102], old=null
2019-09-28 00:07:35,773 [81a35a2f-70d3-442b-bace-ce29edca7155@group-DB85DE63A691:LeaderElection17] INFO  impl.RaftServerImpl (RaftServerImpl.java:setRole(174)) - 81a35a2f-70d3-442b-bace-ce29edca7155@group-DB85DE63A691: changes role from CANDIDATE to FOLLOWER at term 1 for DISCOVERED_A_NEW_TERM
2019-09-28 00:07:35,779 [81a35a2f-70d3-442b-bace-ce29edca7155@group-DB85DE63A691:LeaderElection17] INFO  impl.RoleInfo (RoleInfo.java:shutdownLeaderElection(134)) - 81a35a2f-70d3-442b-bace-ce29edca7155: shutdown LeaderElection
2019-09-28 00:07:35,779 [81a35a2f-70d3-442b-bace-ce29edca7155@group-DB85DE63A691:LeaderElection17] INFO  impl.RoleInfo (RoleInfo.java:updateAndGet(143)) - 81a35a2f-70d3-442b-bace-ce29edca7155: start FollowerState
2019-09-28 00:07:35,813 [064bde2d-db92-404d-9f14-fa74fc053683@group-DB85DE63A691:LeaderElection18] INFO  impl.LeaderElection (LeaderElection.java:logAndReturn(56)) - 064bde2d-db92-404d-9f14-fa74fc053683@group-DB85DE63A691:LeaderElection18: Election REJECTED; received 2 response(s) [064bde2d-db92-404d-9f14-fa74fc053683<-f6411f89-2ca8-4cfc-a99c-aca361894957#0:FAIL-t1, 064bde2d-db92-404d-9f14-fa74fc053683<-81a35a2f-70d3-442b-bace-ce29edca7155#0:FAIL-t1] and 0 exception(s); 064bde2d-db92-404d-9f14-fa74fc053683@group-DB85DE63A691:t1, leader=null, voted=064bde2d-db92-404d-9f14-fa74fc053683, raftlog=064bde2d-db92-404d-9f14-fa74fc053683@group-DB85DE63A691-SegmentedRaftLog:OPENED:c-1,f-1,i0, conf=-1: [064bde2d-db92-404d-9f14-fa74fc053683:192.168.151.82:42841, f6411f89-2ca8-4cfc-a99c-aca361894957:192.168.151.82:39545, 81a35a2f-70d3-442b-bace-ce29edca7155:192.168.151.82:37102], old=null
2019-09-28 00:07:35,816 [064bde2d-db92-404d-9f14-fa74fc053683@group-DB85DE63A691:LeaderElection18] INFO  impl.RaftServerImpl (RaftServerImpl.java:setRole(174)) - 064bde2d-db92-404d-9f14-fa74fc053683@group-DB85DE63A691: changes role from CANDIDATE to FOLLOWER at term 1 for DISCOVERED_A_NEW_TERM
2019-09-28 00:07:35,819 [064bde2d-db92-404d-9f14-fa74fc053683@group-DB85DE63A691:LeaderElection18] INFO  impl.RoleInfo (RoleInfo.java:shutdownLeaderElection(134)) - 064bde2d-db92-404d-9f14-fa74fc053683: shutdown LeaderElection
2019-09-28 00:07:35,822 [064bde2d-db92-404d-9f14-fa74fc053683@group-DB85DE63A691:LeaderElection18] INFO  impl.RoleInfo (RoleInfo.java:updateAndGet(143)) - 064bde2d-db92-404d-9f14-fa74fc053683: start FollowerState
2019-09-28 00:07:35,825 [f6411f89-2ca8-4cfc-a99c-aca361894957@group-DB85DE63A691:LeaderElection19] INFO  impl.LeaderElection (LeaderElection.java:logAndReturn(56)) - f6411f89-2ca8-4cfc-a99c-aca361894957@group-DB85DE63A691:LeaderElection19: Election REJECTED; received 2 response(s) [f6411f89-2ca8-4cfc-a99c-aca361894957<-064bde2d-db92-404d-9f14-fa74fc053683#0:FAIL-t1, f6411f89-2ca8-4cfc-a99c-aca361894957<-81a35a2f-70d3-442b-bace-ce29edca7155#0:FAIL-t1] and 0 exception(s); f6411f89-2ca8-4cfc-a99c-aca361894957@group-DB85DE63A691:t1, leader=null, voted=f6411f89-2ca8-4cfc-a99c-aca361894957, raftlog=f6411f89-2ca8-4cfc-a99c-aca361894957@group-DB85DE63A691-SegmentedRaftLog:OPENED:c-1,f-1,i0, conf=-1: [064bde2d-db92-404d-9f14-fa74fc053683:192.168.151.82:42841, f6411f89-2ca8-4cfc-a99c-aca361894957:192.168.151.82:39545, 81a35a2f-70d3-442b-bace-ce29edca7155:192.168.151.82:37102], old=null
2019-09-28 00:07:35,828 [f6411f89-2ca8-4cfc-a99c-aca361894957@group-DB85DE63A691:LeaderElection19] INFO  impl.RaftServerImpl (RaftServerImpl.java:setRole(174)) - f6411f89-2ca8-4cfc-a99c-aca361894957@group-DB85DE63A691: changes role from CANDIDATE to FOLLOWER at term 1 for DISCOVERED_A_NEW_TERM
2019-09-28 00:07:35,831 [f6411f89-2ca8-4cfc-a99c-aca361894957@group-DB85DE63A691:LeaderElection19] INFO  impl.RoleInfo (RoleInfo.java:shutdownLeaderElection(134)) - f6411f89-2ca8-4cfc-a99c-aca361894957: shutdown LeaderElection
2019-09-28 00:07:35,831 [f6411f89-2ca8-4cfc-a99c-aca361894957@group-DB85DE63A691:LeaderElection19] INFO  impl.RoleInfo (RoleInfo.java:updateAndGet(143)) - f6411f89-2ca8-4cfc-a99c-aca361894957: start FollowerState
2019-09-28 00:07:36,125 [main] INFO  ipc.Client (Client.java:handleConnectionFailure(948)) - Retrying connect to server: localhost/127.0.0.1:0. Already tried 5 time(s); retry policy is RetryUpToMaximumCountWithFixedSleep(maxRetries=10, sleepTime=1000 MILLISECONDS)
2019-09-28 00:07:37,131 [main] INFO  ipc.Client (Client.java:handleConnectionFailure(948)) - Retrying connect to server: localhost/127.0.0.1:0. Already tried 6 time(s); retry policy is RetryUpToMaximumCountWithFixedSleep(maxRetries=10, sleepTime=1000 MILLISECONDS)
2019-09-28 00:07:38,132 [main] INFO  ipc.Client (Client.java:handleConnectionFailure(948)) - Retrying connect to server: localhost/127.0.0.1:0. Already tried 7 time(s); retry policy is RetryUpToMaximumCountWithFixedSleep(maxRetries=10, sleepTime=1000 MILLISECONDS)
2019-09-28 00:07:39,133 [main] INFO  ipc.Client (Client.java:handleConnectionFailure(948)) - Retrying connect to server: localhost/127.0.0.1:0. Already tried 8 time(s); retry policy is RetryUpToMaximumCountWithFixedSleep(maxRetries=10, sleepTime=1000 MILLISECONDS)
2019-09-28 00:07:40,135 [main] INFO  ipc.Client (Client.java:handleConnectionFailure(948)) - Retrying connect to server: localhost/127.0.0.1:0. Already tried 9 time(s); retry policy is RetryUpToMaximumCountWithFixedSleep(maxRetries=10, sleepTime=1000 MILLISECONDS)
2019-09-28 00:07:40,655 [Thread-383] INFO  impl.FollowerState (FollowerState.java:run(106)) - dde3bc4a-2072-49f6-96b7-d9dfb1162844:group-CA7758CC0C85 changes to CANDIDATE, lastRpcTime:5037, electionTimeout:5034ms
2019-09-28 00:07:40,655 [Thread-383] INFO  impl.RoleInfo (RoleInfo.java:shutdownFollowerState(121)) - dde3bc4a-2072-49f6-96b7-d9dfb1162844: shutdown FollowerState
2019-09-28 00:07:40,655 [Thread-383] INFO  impl.RaftServerImpl (RaftServerImpl.java:setRole(174)) - dde3bc4a-2072-49f6-96b7-d9dfb1162844@group-CA7758CC0C85: changes role from  FOLLOWER to CANDIDATE at term 1 for changeToCandidate
2019-09-28 00:07:40,656 [Thread-383] INFO  impl.RoleInfo (RoleInfo.java:updateAndGet(143)) - dde3bc4a-2072-49f6-96b7-d9dfb1162844: start LeaderElection
2019-09-28 00:07:40,678 [Thread-386] INFO  impl.FollowerState (FollowerState.java:run(106)) - f2b1cee9-5126-4a0c-9c15-774918a74cc9:group-4913561A1ECF changes to CANDIDATE, lastRpcTime:5056, electionTimeout:5053ms
2019-09-28 00:07:40,678 [Thread-386] INFO  impl.RoleInfo (RoleInfo.java:shutdownFollowerState(121)) - f2b1cee9-5126-4a0c-9c15-774918a74cc9: shutdown FollowerState
2019-09-28 00:07:40,678 [Thread-386] INFO  impl.RaftServerImpl (RaftServerImpl.java:setRole(174)) - f2b1cee9-5126-4a0c-9c15-774918a74cc9@group-4913561A1ECF: changes role from  FOLLOWER to CANDIDATE at term 1 for changeToCandidate
2019-09-28 00:07:40,678 [Thread-386] INFO  impl.RoleInfo (RoleInfo.java:updateAndGet(143)) - f2b1cee9-5126-4a0c-9c15-774918a74cc9: start LeaderElection
2019-09-28 00:07:40,705 [f2b1cee9-5126-4a0c-9c15-774918a74cc9@group-4913561A1ECF:LeaderElection21] INFO  impl.LeaderElection (LeaderElection.java:askForVotes(182)) - f2b1cee9-5126-4a0c-9c15-774918a74cc9@group-4913561A1ECF:LeaderElection21: begin an election at term 2 for -1: [f2b1cee9-5126-4a0c-9c15-774918a74cc9:192.168.151.82:44946, e997bddb-a40f-4466-9539-dfa223a823e1:192.168.151.82:34311, 7eeb4e41-83cf-4f16-b692-5d167ffa47e8:192.168.151.82:42184], old=null
2019-09-28 00:07:40,705 [dde3bc4a-2072-49f6-96b7-d9dfb1162844@group-CA7758CC0C85:LeaderElection20] INFO  impl.LeaderElection (LeaderElection.java:askForVotes(182)) - dde3bc4a-2072-49f6-96b7-d9dfb1162844@group-CA7758CC0C85:LeaderElection20: begin an election at term 2 for -1: [dde3bc4a-2072-49f6-96b7-d9dfb1162844:192.168.151.82:33259, 1f14f3cf-4ace-4392-be28-431862a0440f:192.168.151.82:37786, 1c95823d-847a-4997-a8a6-4cda28e586d4:192.168.151.82:42975], old=null
2019-09-28 00:07:40,715 [Thread-385] INFO  impl.FollowerState (FollowerState.java:run(106)) - 1c95823d-847a-4997-a8a6-4cda28e586d4:group-CA7758CC0C85 changes to CANDIDATE, lastRpcTime:5096, electionTimeout:5091ms
2019-09-28 00:07:40,715 [Thread-381] INFO  impl.FollowerState (FollowerState.java:run(106)) - e997bddb-a40f-4466-9539-dfa223a823e1:group-4913561A1ECF changes to CANDIDATE, lastRpcTime:5109, electionTimeout:5093ms
2019-09-28 00:07:40,715 [Thread-385] INFO  impl.RoleInfo (RoleInfo.java:shutdownFollowerState(121)) - 1c95823d-847a-4997-a8a6-4cda28e586d4: shutdown FollowerState
2019-09-28 00:07:40,715 [Thread-381] INFO  impl.RoleInfo (RoleInfo.java:shutdownFollowerState(121)) - e997bddb-a40f-4466-9539-dfa223a823e1: shutdown FollowerState
2019-09-28 00:07:40,715 [Thread-385] INFO  impl.RaftServerImpl (RaftServerImpl.java:setRole(174)) - 1c95823d-847a-4997-a8a6-4cda28e586d4@group-CA7758CC0C85: changes role from  FOLLOWER to CANDIDATE at term 1 for changeToCandidate
2019-09-28 00:07:40,715 [Thread-381] INFO  impl.RaftServerImpl (RaftServerImpl.java:setRole(174)) - e997bddb-a40f-4466-9539-dfa223a823e1@group-4913561A1ECF: changes role from  FOLLOWER to CANDIDATE at term 1 for changeToCandidate
2019-09-28 00:07:40,719 [grpc-default-executor-5] INFO  impl.RaftServerImpl (RaftServerImpl.java:setRole(174)) - 1f14f3cf-4ace-4392-be28-431862a0440f@group-CA7758CC0C85: changes role from  FOLLOWER to FOLLOWER at term 2 for recognizeCandidate:dde3bc4a-2072-49f6-96b7-d9dfb1162844
2019-09-28 00:07:40,719 [Thread-385] INFO  impl.RoleInfo (RoleInfo.java:updateAndGet(143)) - 1c95823d-847a-4997-a8a6-4cda28e586d4: start LeaderElection
2019-09-28 00:07:40,731 [grpc-default-executor-4] INFO  impl.RaftServerImpl (RaftServerImpl.java:setRole(174)) - 7eeb4e41-83cf-4f16-b692-5d167ffa47e8@group-4913561A1ECF: changes role from  FOLLOWER to FOLLOWER at term 2 for recognizeCandidate:f2b1cee9-5126-4a0c-9c15-774918a74cc9
2019-09-28 00:07:40,731 [grpc-default-executor-5] INFO  impl.RoleInfo (RoleInfo.java:shutdownFollowerState(121)) - 1f14f3cf-4ace-4392-be28-431862a0440f: shutdown FollowerState
2019-09-28 00:07:40,731 [Thread-381] INFO  impl.RoleInfo (RoleInfo.java:updateAndGet(143)) - e997bddb-a40f-4466-9539-dfa223a823e1: start LeaderElection
2019-09-28 00:07:40,732 [grpc-default-executor-5] INFO  impl.RoleInfo (RoleInfo.java:updateAndGet(143)) - 1f14f3cf-4ace-4392-be28-431862a0440f: start FollowerState
2019-09-28 00:07:40,732 [grpc-default-executor-2] INFO  impl.RaftServerImpl (RaftServerImpl.java:setRole(174)) - 1c95823d-847a-4997-a8a6-4cda28e586d4@group-CA7758CC0C85: changes role from CANDIDATE to FOLLOWER at term 2 for recognizeCandidate:dde3bc4a-2072-49f6-96b7-d9dfb1162844
2019-09-28 00:07:40,733 [grpc-default-executor-2] INFO  impl.RoleInfo (RoleInfo.java:shutdownLeaderElection(134)) - 1c95823d-847a-4997-a8a6-4cda28e586d4: shutdown LeaderElection
2019-09-28 00:07:40,731 [grpc-default-executor-4] INFO  impl.RoleInfo (RoleInfo.java:shutdownFollowerState(121)) - 7eeb4e41-83cf-4f16-b692-5d167ffa47e8: shutdown FollowerState
2019-09-28 00:07:40,733 [grpc-default-executor-2] INFO  impl.RoleInfo (RoleInfo.java:updateAndGet(143)) - 1c95823d-847a-4997-a8a6-4cda28e586d4: start FollowerState
2019-09-28 00:07:40,732 [grpc-default-executor-7] INFO  impl.RaftServerImpl (RaftServerImpl.java:setRole(174)) - e997bddb-a40f-4466-9539-dfa223a823e1@group-4913561A1ECF: changes role from CANDIDATE to FOLLOWER at term 2 for recognizeCandidate:f2b1cee9-5126-4a0c-9c15-774918a74cc9
2019-09-28 00:07:40,733 [grpc-default-executor-7] INFO  impl.RoleInfo (RoleInfo.java:shutdownLeaderElection(134)) - e997bddb-a40f-4466-9539-dfa223a823e1: shutdown LeaderElection
2019-09-28 00:07:40,732 [Thread-382] INFO  impl.FollowerState (FollowerState.java:run(115)) - 1f14f3cf-4ace-4392-be28-431862a0440f: FollowerState was interrupted: java.lang.InterruptedException: sleep interrupted
2019-09-28 00:07:40,734 [grpc-default-executor-7] INFO  impl.RoleInfo (RoleInfo.java:updateAndGet(143)) - e997bddb-a40f-4466-9539-dfa223a823e1: start FollowerState
2019-09-28 00:07:40,733 [Thread-384] INFO  impl.FollowerState (FollowerState.java:run(115)) - 7eeb4e41-83cf-4f16-b692-5d167ffa47e8: FollowerState was interrupted: java.lang.InterruptedException: sleep interrupted
2019-09-28 00:07:40,733 [grpc-default-executor-4] INFO  impl.RoleInfo (RoleInfo.java:updateAndGet(143)) - 7eeb4e41-83cf-4f16-b692-5d167ffa47e8: start FollowerState
2019-09-28 00:07:40,762 [dde3bc4a-2072-49f6-96b7-d9dfb1162844@group-CA7758CC0C85:LeaderElection20] INFO  impl.LeaderElection (LeaderElection.java:logAndReturn(56)) - dde3bc4a-2072-49f6-96b7-d9dfb1162844@group-CA7758CC0C85:LeaderElection20: Election PASSED; received 2 response(s) [dde3bc4a-2072-49f6-96b7-d9dfb1162844<-1f14f3cf-4ace-4392-be28-431862a0440f#0:OK-t2, dde3bc4a-2072-49f6-96b7-d9dfb1162844<-1c95823d-847a-4997-a8a6-4cda28e586d4#0:FAIL-t2] and 0 exception(s); dde3bc4a-2072-49f6-96b7-d9dfb1162844@group-CA7758CC0C85:t2, leader=null, voted=dde3bc4a-2072-49f6-96b7-d9dfb1162844, raftlog=dde3bc4a-2072-49f6-96b7-d9dfb1162844@group-CA7758CC0C85-SegmentedRaftLog:OPENED:c-1,f-1,i0, conf=-1: [dde3bc4a-2072-49f6-96b7-d9dfb1162844:192.168.151.82:33259, 1f14f3cf-4ace-4392-be28-431862a0440f:192.168.151.82:37786, 1c95823d-847a-4997-a8a6-4cda28e586d4:192.168.151.82:42975], old=null
2019-09-28 00:07:40,762 [f2b1cee9-5126-4a0c-9c15-774918a74cc9@group-4913561A1ECF:LeaderElection21] INFO  impl.LeaderElection (LeaderElection.java:logAndReturn(56)) - f2b1cee9-5126-4a0c-9c15-774918a74cc9@group-4913561A1ECF:LeaderElection21: Election PASSED; received 2 response(s) [f2b1cee9-5126-4a0c-9c15-774918a74cc9<-e997bddb-a40f-4466-9539-dfa223a823e1#0:FAIL-t2, f2b1cee9-5126-4a0c-9c15-774918a74cc9<-7eeb4e41-83cf-4f16-b692-5d167ffa47e8#0:OK-t2] and 0 exception(s); f2b1cee9-5126-4a0c-9c15-774918a74cc9@group-4913561A1ECF:t2, leader=null, voted=f2b1cee9-5126-4a0c-9c15-774918a74cc9, raftlog=f2b1cee9-5126-4a0c-9c15-774918a74cc9@group-4913561A1ECF-SegmentedRaftLog:OPENED:c-1,f-1,i0, conf=-1: [f2b1cee9-5126-4a0c-9c15-774918a74cc9:192.168.151.82:44946, e997bddb-a40f-4466-9539-dfa223a823e1:192.168.151.82:34311, 7eeb4e41-83cf-4f16-b692-5d167ffa47e8:192.168.151.82:42184], old=null
2019-09-28 00:07:40,763 [dde3bc4a-2072-49f6-96b7-d9dfb1162844@group-CA7758CC0C85:LeaderElection20] INFO  impl.RoleInfo (RoleInfo.java:shutdownLeaderElection(134)) - dde3bc4a-2072-49f6-96b7-d9dfb1162844: shutdown LeaderElection
2019-09-28 00:07:40,770 [f2b1cee9-5126-4a0c-9c15-774918a74cc9@group-4913561A1ECF:LeaderElection21] INFO  impl.RoleInfo (RoleInfo.java:shutdownLeaderElection(134)) - f2b1cee9-5126-4a0c-9c15-774918a74cc9: shutdown LeaderElection
2019-09-28 00:07:40,773 [e997bddb-a40f-4466-9539-dfa223a823e1@group-4913561A1ECF:LeaderElection23] INFO  impl.LeaderElection (LeaderElection.java:askForVotes(182)) - e997bddb-a40f-4466-9539-dfa223a823e1@group-4913561A1ECF:LeaderElection23: begin an election at term 3 for -1: [f2b1cee9-5126-4a0c-9c15-774918a74cc9:192.168.151.82:44946, e997bddb-a40f-4466-9539-dfa223a823e1:192.168.151.82:34311, 7eeb4e41-83cf-4f16-b692-5d167ffa47e8:192.168.151.82:42184], old=null
2019-09-28 00:07:40,773 [1c95823d-847a-4997-a8a6-4cda28e586d4@group-CA7758CC0C85:LeaderElection22] INFO  impl.LeaderElection (LeaderElection.java:askForVotes(182)) - 1c95823d-847a-4997-a8a6-4cda28e586d4@group-CA7758CC0C85:LeaderElection22: begin an election at term 3 for -1: [dde3bc4a-2072-49f6-96b7-d9dfb1162844:192.168.151.82:33259, 1f14f3cf-4ace-4392-be28-431862a0440f:192.168.151.82:37786, 1c95823d-847a-4997-a8a6-4cda28e586d4:192.168.151.82:42975], old=null
2019-09-28 00:07:40,773 [dde3bc4a-2072-49f6-96b7-d9dfb1162844@group-CA7758CC0C85:LeaderElection20] INFO  impl.RaftServerImpl (RaftServerImpl.java:setRole(174)) - dde3bc4a-2072-49f6-96b7-d9dfb1162844@group-CA7758CC0C85: changes role from CANDIDATE to LEADER at term 2 for changeToLeader
2019-09-28 00:07:40,773 [f2b1cee9-5126-4a0c-9c15-774918a74cc9@group-4913561A1ECF:LeaderElection21] INFO  impl.RaftServerImpl (RaftServerImpl.java:setRole(174)) - f2b1cee9-5126-4a0c-9c15-774918a74cc9@group-4913561A1ECF: changes role from CANDIDATE to LEADER at term 2 for changeToLeader
2019-09-28 00:07:40,777 [dde3bc4a-2072-49f6-96b7-d9dfb1162844@group-CA7758CC0C85:LeaderElection20] INFO  impl.RaftServerImpl (ServerState.java:setLeader(253)) - dde3bc4a-2072-49f6-96b7-d9dfb1162844@group-CA7758CC0C85: change Leader from null to dde3bc4a-2072-49f6-96b7-d9dfb1162844 at term 2 for becomeLeader, leader elected after 10358ms
2019-09-28 00:07:40,778 [f2b1cee9-5126-4a0c-9c15-774918a74cc9@group-4913561A1ECF:LeaderElection21] INFO  impl.RaftServerImpl (ServerState.java:setLeader(253)) - f2b1cee9-5126-4a0c-9c15-774918a74cc9@group-4913561A1ECF: change Leader from null to f2b1cee9-5126-4a0c-9c15-774918a74cc9 at term 2 for becomeLeader, leader elected after 10511ms
2019-09-28 00:07:40,783 [1c95823d-847a-4997-a8a6-4cda28e586d4@group-CA7758CC0C85:LeaderElection22] INFO  impl.LeaderElection (LeaderElection.java:logAndReturn(56)) - 1c95823d-847a-4997-a8a6-4cda28e586d4@group-CA7758CC0C85:LeaderElection22: Election REJECTED; received 0 response(s) [] and 0 exception(s); 1c95823d-847a-4997-a8a6-4cda28e586d4@group-CA7758CC0C85:t3, leader=null, voted=1c95823d-847a-4997-a8a6-4cda28e586d4, raftlog=1c95823d-847a-4997-a8a6-4cda28e586d4@group-CA7758CC0C85-SegmentedRaftLog:OPENED:c-1,f-1,i0, conf=-1: [dde3bc4a-2072-49f6-96b7-d9dfb1162844:192.168.151.82:33259, 1f14f3cf-4ace-4392-be28-431862a0440f:192.168.151.82:37786, 1c95823d-847a-4997-a8a6-4cda28e586d4:192.168.151.82:42975], old=null
2019-09-28 00:07:40,783 [dde3bc4a-2072-49f6-96b7-d9dfb1162844@group-CA7758CC0C85:LeaderElection20] INFO  server.RaftServerConfigKeys (ConfUtils.java:logGet(43)) - raft.server.staging.catchup.gap = 1000 (default)
2019-09-28 00:07:40,780 [e997bddb-a40f-4466-9539-dfa223a823e1@group-4913561A1ECF:LeaderElection23] INFO  impl.LeaderElection (LeaderElection.java:logAndReturn(56)) - e997bddb-a40f-4466-9539-dfa223a823e1@group-4913561A1ECF:LeaderElection23: Election REJECTED; received 0 response(s) [] and 0 exception(s); e997bddb-a40f-4466-9539-dfa223a823e1@group-4913561A1ECF:t3, leader=null, voted=e997bddb-a40f-4466-9539-dfa223a823e1, raftlog=e997bddb-a40f-4466-9539-dfa223a823e1@group-4913561A1ECF-SegmentedRaftLog:OPENED:c-1,f-1,i0, conf=-1: [f2b1cee9-5126-4a0c-9c15-774918a74cc9:192.168.151.82:44946, e997bddb-a40f-4466-9539-dfa223a823e1:192.168.151.82:34311, 7eeb4e41-83cf-4f16-b692-5d167ffa47e8:192.168.151.82:42184], old=null
2019-09-28 00:07:40,804 [dde3bc4a-2072-49f6-96b7-d9dfb1162844@group-CA7758CC0C85:LeaderElection20] INFO  server.RaftServerConfigKeys (ConfUtils.java:logGet(43)) - raft.server.rpc.sleep.time = 25ms (default)
2019-09-28 00:07:40,801 [f2b1cee9-5126-4a0c-9c15-774918a74cc9@group-4913561A1ECF:LeaderElection21] INFO  server.RaftServerConfigKeys (ConfUtils.java:logGet(43)) - raft.server.staging.catchup.gap = 1000 (default)
2019-09-28 00:07:40,814 [f2b1cee9-5126-4a0c-9c15-774918a74cc9@group-4913561A1ECF:LeaderElection21] INFO  server.RaftServerConfigKeys (ConfUtils.java:logGet(43)) - raft.server.rpc.sleep.time = 25ms (default)
2019-09-28 00:07:40,814 [dde3bc4a-2072-49f6-96b7-d9dfb1162844@group-CA7758CC0C85:LeaderElection20] INFO  server.RaftServerConfigKeys (ConfUtils.java:logGet(43)) - raft.server.write.element-limit = 4096 (default)
2019-09-28 00:07:40,814 [f2b1cee9-5126-4a0c-9c15-774918a74cc9@group-4913561A1ECF:LeaderElection21] INFO  server.RaftServerConfigKeys (ConfUtils.java:logGet(43)) - raft.server.write.element-limit = 4096 (default)
2019-09-28 00:07:40,814 [dde3bc4a-2072-49f6-96b7-d9dfb1162844@group-CA7758CC0C85:LeaderElection20] INFO  server.RaftServerConfigKeys (ConfUtils.java:logGet(43)) - raft.server.watch.timeout = 10s (default)
2019-09-28 00:07:40,815 [f2b1cee9-5126-4a0c-9c15-774918a74cc9@group-4913561A1ECF:LeaderElection21] INFO  server.RaftServerConfigKeys (ConfUtils.java:logGet(43)) - raft.server.watch.timeout = 10s (default)
2019-09-28 00:07:40,815 [dde3bc4a-2072-49f6-96b7-d9dfb1162844@group-CA7758CC0C85:LeaderElection20] INFO  server.RaftServerConfigKeys (ConfUtils.java:logGet(43)) - raft.server.watch.timeout.denomination = 1s (default)
2019-09-28 00:07:40,815 [f2b1cee9-5126-4a0c-9c15-774918a74cc9@group-4913561A1ECF:LeaderElection21] INFO  server.RaftServerConfigKeys (ConfUtils.java:logGet(43)) - raft.server.watch.timeout.denomination = 1s (default)
2019-09-28 00:07:40,815 [dde3bc4a-2072-49f6-96b7-d9dfb1162844@group-CA7758CC0C85:LeaderElection20] INFO  server.RaftServerConfigKeys (ConfUtils.java:logGet(43)) - raft.server.watch.element-limit = 65536 (default)
2019-09-28 00:07:40,816 [f2b1cee9-5126-4a0c-9c15-774918a74cc9@group-4913561A1ECF:LeaderElection21] INFO  server.RaftServerConfigKeys (ConfUtils.java:logGet(43)) - raft.server.watch.element-limit = 65536 (default)
2019-09-28 00:07:40,817 [grpc-default-executor-5] INFO  impl.RaftServerImpl (RaftServerImpl.java:setRole(174)) - 7eeb4e41-83cf-4f16-b692-5d167ffa47e8@group-4913561A1ECF: changes role from  FOLLOWER to FOLLOWER at term 3 for recognizeCandidate:e997bddb-a40f-4466-9539-dfa223a823e1
2019-09-28 00:07:40,817 [grpc-default-executor-5] INFO  impl.RoleInfo (RoleInfo.java:shutdownFollowerState(121)) - 7eeb4e41-83cf-4f16-b692-5d167ffa47e8: shutdown FollowerState
2019-09-28 00:07:40,818 [grpc-default-executor-2] INFO  impl.RaftServerImpl (RaftServerImpl.java:setRole(174)) - 1f14f3cf-4ace-4392-be28-431862a0440f@group-CA7758CC0C85: changes role from  FOLLOWER to FOLLOWER at term 3 for recognizeCandidate:1c95823d-847a-4997-a8a6-4cda28e586d4
2019-09-28 00:07:40,818 [grpc-default-executor-2] INFO  impl.RoleInfo (RoleInfo.java:shutdownFollowerState(121)) - 1f14f3cf-4ace-4392-be28-431862a0440f: shutdown FollowerState
2019-09-28 00:07:40,835 [Thread-396] INFO  impl.FollowerState (FollowerState.java:run(106)) - 81a35a2f-70d3-442b-bace-ce29edca7155:group-DB85DE63A691 changes to CANDIDATE, lastRpcTime:5056, electionTimeout:5053ms
2019-09-28 00:07:40,836 [Thread-396] INFO  impl.RoleInfo (RoleInfo.java:shutdownFollowerState(121)) - 81a35a2f-70d3-442b-bace-ce29edca7155: shutdown FollowerState
2019-09-28 00:07:40,836 [Thread-396] INFO  impl.RaftServerImpl (RaftServerImpl.java:setRole(174)) - 81a35a2f-70d3-442b-bace-ce29edca7155@group-DB85DE63A691: changes role from  FOLLOWER to CANDIDATE at term 1 for changeToCandidate
2019-09-28 00:07:40,849 [Thread-396] INFO  impl.RoleInfo (RoleInfo.java:updateAndGet(143)) - 81a35a2f-70d3-442b-bace-ce29edca7155: start LeaderElection
2019-09-28 00:07:40,855 [Thread-408] INFO  impl.FollowerState (FollowerState.java:run(115)) - 1f14f3cf-4ace-4392-be28-431862a0440f: FollowerState was interrupted: java.lang.InterruptedException: sleep interrupted
2019-09-28 00:07:40,855 [grpc-default-executor-2] INFO  impl.RoleInfo (RoleInfo.java:updateAndGet(143)) - 1f14f3cf-4ace-4392-be28-431862a0440f: start FollowerState
2019-09-28 00:07:40,855 [grpc-default-executor-5] INFO  impl.RoleInfo (RoleInfo.java:updateAndGet(143)) - 7eeb4e41-83cf-4f16-b692-5d167ffa47e8: start FollowerState
2019-09-28 00:07:40,855 [Thread-410] INFO  impl.FollowerState (FollowerState.java:run(115)) - 7eeb4e41-83cf-4f16-b692-5d167ffa47e8: FollowerState was interrupted: java.lang.InterruptedException: sleep interrupted
2019-09-28 00:07:40,888 [81a35a2f-70d3-442b-bace-ce29edca7155@group-DB85DE63A691:LeaderElection24] INFO  impl.LeaderElection (LeaderElection.java:askForVotes(182)) - 81a35a2f-70d3-442b-bace-ce29edca7155@group-DB85DE63A691:LeaderElection24: begin an election at term 2 for -1: [064bde2d-db92-404d-9f14-fa74fc053683:192.168.151.82:42841, f6411f89-2ca8-4cfc-a99c-aca361894957:192.168.151.82:39545, 81a35a2f-70d3-442b-bace-ce29edca7155:192.168.151.82:37102], old=null
2019-09-28 00:07:40,899 [grpc-default-executor-2] INFO  impl.RaftServerImpl (RaftServerImpl.java:setRole(174)) - 064bde2d-db92-404d-9f14-fa74fc053683@group-DB85DE63A691: changes role from  FOLLOWER to FOLLOWER at term 2 for recognizeCandidate:81a35a2f-70d3-442b-bace-ce29edca7155
2019-09-28 00:07:40,899 [grpc-default-executor-2] INFO  impl.RoleInfo (RoleInfo.java:shutdownFollowerState(121)) - 064bde2d-db92-404d-9f14-fa74fc053683: shutdown FollowerState
2019-09-28 00:07:40,900 [grpc-default-executor-5] INFO  impl.RaftServerImpl (RaftServerImpl.java:setRole(174)) - f6411f89-2ca8-4cfc-a99c-aca361894957@group-DB85DE63A691: changes role from  FOLLOWER to FOLLOWER at term 2 for recognizeCandidate:81a35a2f-70d3-442b-bace-ce29edca7155
2019-09-28 00:07:40,900 [grpc-default-executor-5] INFO  impl.RoleInfo (RoleInfo.java:shutdownFollowerState(121)) - f6411f89-2ca8-4cfc-a99c-aca361894957: shutdown FollowerState
2019-09-28 00:07:40,921 [grpc-default-executor-5] INFO  impl.RoleInfo (RoleInfo.java:updateAndGet(143)) - f6411f89-2ca8-4cfc-a99c-aca361894957: start FollowerState
2019-09-28 00:07:40,921 [grpc-default-executor-2] INFO  impl.RoleInfo (RoleInfo.java:updateAndGet(143)) - 064bde2d-db92-404d-9f14-fa74fc053683: start FollowerState
2019-09-28 00:07:40,921 [Thread-397] INFO  impl.FollowerState (FollowerState.java:run(115)) - 064bde2d-db92-404d-9f14-fa74fc053683: FollowerState was interrupted: java.lang.InterruptedException: sleep interrupted
2019-09-28 00:07:40,921 [Thread-398] INFO  impl.FollowerState (FollowerState.java:run(115)) - f6411f89-2ca8-4cfc-a99c-aca361894957: FollowerState was interrupted: java.lang.InterruptedException: sleep interrupted
2019-09-28 00:07:40,955 [81a35a2f-70d3-442b-bace-ce29edca7155@group-DB85DE63A691:LeaderElection24] INFO  impl.LeaderElection (LeaderElection.java:logAndReturn(56)) - 81a35a2f-70d3-442b-bace-ce29edca7155@group-DB85DE63A691:LeaderElection24: Election PASSED; received 1 response(s) [81a35a2f-70d3-442b-bace-ce29edca7155<-f6411f89-2ca8-4cfc-a99c-aca361894957#0:OK-t2] and 0 exception(s); 81a35a2f-70d3-442b-bace-ce29edca7155@group-DB85DE63A691:t2, leader=null, voted=81a35a2f-70d3-442b-bace-ce29edca7155, raftlog=81a35a2f-70d3-442b-bace-ce29edca7155@group-DB85DE63A691-SegmentedRaftLog:OPENED:c-1,f-1,i0, conf=-1: [064bde2d-db92-404d-9f14-fa74fc053683:192.168.151.82:42841, f6411f89-2ca8-4cfc-a99c-aca361894957:192.168.151.82:39545, 81a35a2f-70d3-442b-bace-ce29edca7155:192.168.151.82:37102], old=null
2019-09-28 00:07:40,955 [81a35a2f-70d3-442b-bace-ce29edca7155@group-DB85DE63A691:LeaderElection24] INFO  impl.RoleInfo (RoleInfo.java:shutdownLeaderElection(134)) - 81a35a2f-70d3-442b-bace-ce29edca7155: shutdown LeaderElection
2019-09-28 00:07:40,959 [81a35a2f-70d3-442b-bace-ce29edca7155@group-DB85DE63A691:LeaderElection24] INFO  impl.RaftServerImpl (RaftServerImpl.java:setRole(174)) - 81a35a2f-70d3-442b-bace-ce29edca7155@group-DB85DE63A691: changes role from CANDIDATE to LEADER at term 2 for changeToLeader
2019-09-28 00:07:40,959 [81a35a2f-70d3-442b-bace-ce29edca7155@group-DB85DE63A691:LeaderElection24] INFO  impl.RaftServerImpl (ServerState.java:setLeader(253)) - 81a35a2f-70d3-442b-bace-ce29edca7155@group-DB85DE63A691: change Leader from null to 81a35a2f-70d3-442b-bace-ce29edca7155 at term 2 for becomeLeader, leader elected after 10413ms
2019-09-28 00:07:40,960 [81a35a2f-70d3-442b-bace-ce29edca7155@group-DB85DE63A691:LeaderElection24] INFO  server.RaftServerConfigKeys (ConfUtils.java:logGet(43)) - raft.server.staging.catchup.gap = 1000 (default)
2019-09-28 00:07:40,960 [81a35a2f-70d3-442b-bace-ce29edca7155@group-DB85DE63A691:LeaderElection24] INFO  server.RaftServerConfigKeys (ConfUtils.java:logGet(43)) - raft.server.rpc.sleep.time = 25ms (default)
2019-09-28 00:07:40,960 [81a35a2f-70d3-442b-bace-ce29edca7155@group-DB85DE63A691:LeaderElection24] INFO  server.RaftServerConfigKeys (ConfUtils.java:logGet(43)) - raft.server.write.element-limit = 4096 (default)
2019-09-28 00:07:40,960 [81a35a2f-70d3-442b-bace-ce29edca7155@group-DB85DE63A691:LeaderElection24] INFO  server.RaftServerConfigKeys (ConfUtils.java:logGet(43)) - raft.server.watch.timeout = 10s (default)
2019-09-28 00:07:40,961 [81a35a2f-70d3-442b-bace-ce29edca7155@group-DB85DE63A691:LeaderElection24] INFO  server.RaftServerConfigKeys (ConfUtils.java:logGet(43)) - raft.server.watch.timeout.denomination = 1s (default)
2019-09-28 00:07:40,961 [81a35a2f-70d3-442b-bace-ce29edca7155@group-DB85DE63A691:LeaderElection24] INFO  server.RaftServerConfigKeys (ConfUtils.java:logGet(43)) - raft.server.watch.element-limit = 65536 (default)
2019-09-28 00:07:41,141 [main] INFO  ipc.Client (Client.java:handleConnectionFailure(948)) - Retrying connect to server: localhost/127.0.0.1:0. Already tried 0 time(s); retry policy is RetryUpToMaximumCountWithFixedSleep(maxRetries=10, sleepTime=1000 MILLISECONDS)
2019-09-28 00:07:41,172 [f2b1cee9-5126-4a0c-9c15-774918a74cc9@group-4913561A1ECF:LeaderElection21] INFO  server.RaftServerConfigKeys (ConfUtils.java:logGet(43)) - raft.server.log.appender.snapshot.chunk.size.max = 16MB (=16777216) (default)
2019-09-28 00:07:41,172 [dde3bc4a-2072-49f6-96b7-d9dfb1162844@group-CA7758CC0C85:LeaderElection20] INFO  server.RaftServerConfigKeys (ConfUtils.java:logGet(43)) - raft.server.log.appender.snapshot.chunk.size.max = 16MB (=16777216) (default)
2019-09-28 00:07:41,172 [81a35a2f-70d3-442b-bace-ce29edca7155@group-DB85DE63A691:LeaderElection24] INFO  server.RaftServerConfigKeys (ConfUtils.java:logGet(43)) - raft.server.log.appender.snapshot.chunk.size.max = 16MB (=16777216) (default)
2019-09-28 00:07:41,172 [dde3bc4a-2072-49f6-96b7-d9dfb1162844@group-CA7758CC0C85:LeaderElection20] INFO  server.RaftServerConfigKeys (ConfUtils.java:logGet(43)) - raft.server.log.appender.buffer.byte-limit = 33554432 (custom)
2019-09-28 00:07:41,172 [f2b1cee9-5126-4a0c-9c15-774918a74cc9@group-4913561A1ECF:LeaderElection21] INFO  server.RaftServerConfigKeys (ConfUtils.java:logGet(43)) - raft.server.log.appender.buffer.byte-limit = 33554432 (custom)
2019-09-28 00:07:41,172 [81a35a2f-70d3-442b-bace-ce29edca7155@group-DB85DE63A691:LeaderElection24] INFO  server.RaftServerConfigKeys (ConfUtils.java:logGet(43)) - raft.server.log.appender.buffer.byte-limit = 33554432 (custom)
2019-09-28 00:07:41,173 [f2b1cee9-5126-4a0c-9c15-774918a74cc9@group-4913561A1ECF:LeaderElection21] INFO  server.RaftServerConfigKeys (ConfUtils.java:logGet(43)) - raft.server.log.appender.buffer.element-limit = 1 (custom)
2019-09-28 00:07:41,173 [81a35a2f-70d3-442b-bace-ce29edca7155@group-DB85DE63A691:LeaderElection24] INFO  server.RaftServerConfigKeys (ConfUtils.java:logGet(43)) - raft.server.log.appender.buffer.element-limit = 1 (custom)
2019-09-28 00:07:41,173 [dde3bc4a-2072-49f6-96b7-d9dfb1162844@group-CA7758CC0C85:LeaderElection20] INFO  server.RaftServerConfigKeys (ConfUtils.java:logGet(43)) - raft.server.log.appender.buffer.element-limit = 1 (custom)
2019-09-28 00:07:41,180 [f2b1cee9-5126-4a0c-9c15-774918a74cc9@group-4913561A1ECF:LeaderElection21] INFO  grpc.GrpcConfigKeys$Server (ConfUtils.java:logGet(43)) - raft.grpc.server.leader.outstanding.appends.max = 128 (default)
2019-09-28 00:07:41,180 [f2b1cee9-5126-4a0c-9c15-774918a74cc9@group-4913561A1ECF:LeaderElection21] INFO  server.RaftServerConfigKeys (ConfUtils.java:logGet(43)) - raft.server.rpc.request.timeout = 3000ms (default)
2019-09-28 00:07:41,180 [81a35a2f-70d3-442b-bace-ce29edca7155@group-DB85DE63A691:LeaderElection24] INFO  grpc.GrpcConfigKeys$Server (ConfUtils.java:logGet(43)) - raft.grpc.server.leader.outstanding.appends.max = 128 (default)
2019-09-28 00:07:41,180 [dde3bc4a-2072-49f6-96b7-d9dfb1162844@group-CA7758CC0C85:LeaderElection20] INFO  grpc.GrpcConfigKeys$Server (ConfUtils.java:logGet(43)) - raft.grpc.server.leader.outstanding.appends.max = 128 (default)
2019-09-28 00:07:41,184 [81a35a2f-70d3-442b-bace-ce29edca7155@group-DB85DE63A691:LeaderElection24] INFO  server.RaftServerConfigKeys (ConfUtils.java:logGet(43)) - raft.server.rpc.request.timeout = 3000ms (default)
2019-09-28 00:07:41,184 [f2b1cee9-5126-4a0c-9c15-774918a74cc9@group-4913561A1ECF:LeaderElection21] INFO  server.RaftServerConfigKeys (ConfUtils.java:logGet(43)) - raft.server.log.appender.install.snapshot.enabled = false (custom)
2019-09-28 00:07:41,184 [81a35a2f-70d3-442b-bace-ce29edca7155@group-DB85DE63A691:LeaderElection24] INFO  server.RaftServerConfigKeys (ConfUtils.java:logGet(43)) - raft.server.log.appender.install.snapshot.enabled = false (custom)
2019-09-28 00:07:41,184 [dde3bc4a-2072-49f6-96b7-d9dfb1162844@group-CA7758CC0C85:LeaderElection20] INFO  server.RaftServerConfigKeys (ConfUtils.java:logGet(43)) - raft.server.rpc.request.timeout = 3000ms (default)
2019-09-28 00:07:41,185 [dde3bc4a-2072-49f6-96b7-d9dfb1162844@group-CA7758CC0C85:LeaderElection20] INFO  server.RaftServerConfigKeys (ConfUtils.java:logGet(43)) - raft.server.log.appender.install.snapshot.enabled = false (custom)
2019-09-28 00:07:41,187 [f2b1cee9-5126-4a0c-9c15-774918a74cc9@group-4913561A1ECF:LeaderElection21] INFO  server.RaftServerConfigKeys (ConfUtils.java:logGet(43)) - raft.server.log.appender.snapshot.chunk.size.max = 16MB (=16777216) (default)
2019-09-28 00:07:41,187 [81a35a2f-70d3-442b-bace-ce29edca7155@group-DB85DE63A691:LeaderElection24] INFO  server.RaftServerConfigKeys (ConfUtils.java:logGet(43)) - raft.server.log.appender.snapshot.chunk.size.max = 16MB (=16777216) (default)
2019-09-28 00:07:41,187 [dde3bc4a-2072-49f6-96b7-d9dfb1162844@group-CA7758CC0C85:LeaderElection20] INFO  server.RaftServerConfigKeys (ConfUtils.java:logGet(43)) - raft.server.log.appender.snapshot.chunk.size.max = 16MB (=16777216) (default)
2019-09-28 00:07:41,187 [81a35a2f-70d3-442b-bace-ce29edca7155@group-DB85DE63A691:LeaderElection24] INFO  server.RaftServerConfigKeys (ConfUtils.java:logGet(43)) - raft.server.log.appender.buffer.byte-limit = 33554432 (custom)
2019-09-28 00:07:41,187 [f2b1cee9-5126-4a0c-9c15-774918a74cc9@group-4913561A1ECF:LeaderElection21] INFO  server.RaftServerConfigKeys (ConfUtils.java:logGet(43)) - raft.server.log.appender.buffer.byte-limit = 33554432 (custom)
2019-09-28 00:07:41,188 [81a35a2f-70d3-442b-bace-ce29edca7155@group-DB85DE63A691:LeaderElection24] INFO  server.RaftServerConfigKeys (ConfUtils.java:logGet(43)) - raft.server.log.appender.buffer.element-limit = 1 (custom)
2019-09-28 00:07:41,187 [dde3bc4a-2072-49f6-96b7-d9dfb1162844@group-CA7758CC0C85:LeaderElection20] INFO  server.RaftServerConfigKeys (ConfUtils.java:logGet(43)) - raft.server.log.appender.buffer.byte-limit = 33554432 (custom)
2019-09-28 00:07:41,188 [81a35a2f-70d3-442b-bace-ce29edca7155@group-DB85DE63A691:LeaderElection24] INFO  grpc.GrpcConfigKeys$Server (ConfUtils.java:logGet(43)) - raft.grpc.server.leader.outstanding.appends.max = 128 (default)
2019-09-28 00:07:41,188 [f2b1cee9-5126-4a0c-9c15-774918a74cc9@group-4913561A1ECF:LeaderElection21] INFO  server.RaftServerConfigKeys (ConfUtils.java:logGet(43)) - raft.server.log.appender.buffer.element-limit = 1 (custom)
2019-09-28 00:07:41,189 [81a35a2f-70d3-442b-bace-ce29edca7155@group-DB85DE63A691:LeaderElection24] INFO  server.RaftServerConfigKeys (ConfUtils.java:logGet(43)) - raft.server.rpc.request.timeout = 3000ms (default)
2019-09-28 00:07:41,188 [dde3bc4a-2072-49f6-96b7-d9dfb1162844@group-CA7758CC0C85:LeaderElection20] INFO  server.RaftServerConfigKeys (ConfUtils.java:logGet(43)) - raft.server.log.appender.buffer.element-limit = 1 (custom)
2019-09-28 00:07:41,189 [81a35a2f-70d3-442b-bace-ce29edca7155@group-DB85DE63A691:LeaderElection24] INFO  server.RaftServerConfigKeys (ConfUtils.java:logGet(43)) - raft.server.log.appender.install.snapshot.enabled = false (custom)
2019-09-28 00:07:41,189 [dde3bc4a-2072-49f6-96b7-d9dfb1162844@group-CA7758CC0C85:LeaderElection20] INFO  grpc.GrpcConfigKeys$Server (ConfUtils.java:logGet(43)) - raft.grpc.server.leader.outstanding.appends.max = 128 (default)
2019-09-28 00:07:41,189 [f2b1cee9-5126-4a0c-9c15-774918a74cc9@group-4913561A1ECF:LeaderElection21] INFO  grpc.GrpcConfigKeys$Server (ConfUtils.java:logGet(43)) - raft.grpc.server.leader.outstanding.appends.max = 128 (default)
2019-09-28 00:07:41,190 [dde3bc4a-2072-49f6-96b7-d9dfb1162844@group-CA7758CC0C85:LeaderElection20] INFO  server.RaftServerConfigKeys (ConfUtils.java:logGet(43)) - raft.server.rpc.request.timeout = 3000ms (default)
2019-09-28 00:07:41,190 [f2b1cee9-5126-4a0c-9c15-774918a74cc9@group-4913561A1ECF:LeaderElection21] INFO  server.RaftServerConfigKeys (ConfUtils.java:logGet(43)) - raft.server.rpc.request.timeout = 3000ms (default)
2019-09-28 00:07:41,190 [dde3bc4a-2072-49f6-96b7-d9dfb1162844@group-CA7758CC0C85:LeaderElection20] INFO  server.RaftServerConfigKeys (ConfUtils.java:logGet(43)) - raft.server.log.appender.install.snapshot.enabled = false (custom)
2019-09-28 00:07:41,190 [f2b1cee9-5126-4a0c-9c15-774918a74cc9@group-4913561A1ECF:LeaderElection21] INFO  server.RaftServerConfigKeys (ConfUtils.java:logGet(43)) - raft.server.log.appender.install.snapshot.enabled = false (custom)
2019-09-28 00:07:41,195 [f2b1cee9-5126-4a0c-9c15-774918a74cc9@group-4913561A1ECF:LeaderElection21] INFO  impl.RoleInfo (RoleInfo.java:updateAndGet(143)) - f2b1cee9-5126-4a0c-9c15-774918a74cc9: start LeaderState
2019-09-28 00:07:41,195 [dde3bc4a-2072-49f6-96b7-d9dfb1162844@group-CA7758CC0C85:LeaderElection20] INFO  impl.RoleInfo (RoleInfo.java:updateAndGet(143)) - dde3bc4a-2072-49f6-96b7-d9dfb1162844: start LeaderState
2019-09-28 00:07:41,195 [81a35a2f-70d3-442b-bace-ce29edca7155@group-DB85DE63A691:LeaderElection24] INFO  impl.RoleInfo (RoleInfo.java:updateAndGet(143)) - 81a35a2f-70d3-442b-bace-ce29edca7155: start LeaderState
2019-09-28 00:07:41,195 [f2b1cee9-5126-4a0c-9c15-774918a74cc9@group-4913561A1ECF:LeaderElection21] INFO  segmented.SegmentedRaftLogWorker (SegmentedRaftLogWorker.java:startLogSegment(380)) - f2b1cee9-5126-4a0c-9c15-774918a74cc9@group-4913561A1ECF-SegmentedRaftLogWorker: Starting segment from index:0
2019-09-28 00:07:41,195 [81a35a2f-70d3-442b-bace-ce29edca7155@group-DB85DE63A691:LeaderElection24] INFO  segmented.SegmentedRaftLogWorker (SegmentedRaftLogWorker.java:startLogSegment(380)) - 81a35a2f-70d3-442b-bace-ce29edca7155@group-DB85DE63A691-SegmentedRaftLogWorker: Starting segment from index:0
2019-09-28 00:07:41,195 [dde3bc4a-2072-49f6-96b7-d9dfb1162844@group-CA7758CC0C85:LeaderElection20] INFO  segmented.SegmentedRaftLogWorker (SegmentedRaftLogWorker.java:startLogSegment(380)) - dde3bc4a-2072-49f6-96b7-d9dfb1162844@group-CA7758CC0C85-SegmentedRaftLogWorker: Starting segment from index:0
2019-09-28 00:07:41,197 [f2b1cee9-5126-4a0c-9c15-774918a74cc9@group-4913561A1ECF:LeaderElection21] INFO  impl.RaftServerImpl (ServerState.java:setRaftConf(354)) - f2b1cee9-5126-4a0c-9c15-774918a74cc9@group-4913561A1ECF: set configuration 0: [f2b1cee9-5126-4a0c-9c15-774918a74cc9:192.168.151.82:44946, e997bddb-a40f-4466-9539-dfa223a823e1:192.168.151.82:34311, 7eeb4e41-83cf-4f16-b692-5d167ffa47e8:192.168.151.82:42184], old=null at 0
2019-09-28 00:07:41,198 [81a35a2f-70d3-442b-bace-ce29edca7155@group-DB85DE63A691:LeaderElection24] INFO  impl.RaftServerImpl (ServerState.java:setRaftConf(354)) - 81a35a2f-70d3-442b-bace-ce29edca7155@group-DB85DE63A691: set configuration 0: [064bde2d-db92-404d-9f14-fa74fc053683:192.168.151.82:42841, f6411f89-2ca8-4cfc-a99c-aca361894957:192.168.151.82:39545, 81a35a2f-70d3-442b-bace-ce29edca7155:192.168.151.82:37102], old=null at 0
2019-09-28 00:07:41,254 [dde3bc4a-2072-49f6-96b7-d9dfb1162844@group-CA7758CC0C85:LeaderElection20] INFO  impl.RaftServerImpl (ServerState.java:setRaftConf(354)) - dde3bc4a-2072-49f6-96b7-d9dfb1162844@group-CA7758CC0C85: set configuration 0: [dde3bc4a-2072-49f6-96b7-d9dfb1162844:192.168.151.82:33259, 1f14f3cf-4ace-4392-be28-431862a0440f:192.168.151.82:37786, 1c95823d-847a-4997-a8a6-4cda28e586d4:192.168.151.82:42975], old=null at 0
2019-09-28 00:07:41,255 [grpc-default-executor-7] INFO  impl.RaftServerImpl (ServerState.java:setLeader(253)) - dde3bc4a-2072-49f6-96b7-d9dfb1162844@group-CA7758CC0C85: change Leader from dde3bc4a-2072-49f6-96b7-d9dfb1162844 to null at term 3 for updateCurrentTerm
2019-09-28 00:07:41,255 [grpc-default-executor-4] INFO  impl.RaftServerImpl (ServerState.java:setLeader(253)) - f2b1cee9-5126-4a0c-9c15-774918a74cc9@group-4913561A1ECF: change Leader from f2b1cee9-5126-4a0c-9c15-774918a74cc9 to null at term 3 for updateCurrentTerm
2019-09-28 00:07:41,255 [grpc-default-executor-7] INFO  impl.RaftServerImpl (RaftServerImpl.java:setRole(174)) - dde3bc4a-2072-49f6-96b7-d9dfb1162844@group-CA7758CC0C85: changes role from    LEADER to FOLLOWER at term 3 for recognizeCandidate:1c95823d-847a-4997-a8a6-4cda28e586d4
2019-09-28 00:07:41,256 [grpc-default-executor-4] INFO  impl.RaftServerImpl (RaftServerImpl.java:setRole(174)) - f2b1cee9-5126-4a0c-9c15-774918a74cc9@group-4913561A1ECF: changes role from    LEADER to FOLLOWER at term 3 for recognizeCandidate:e997bddb-a40f-4466-9539-dfa223a823e1
2019-09-28 00:07:41,256 [grpc-default-executor-7] INFO  impl.RoleInfo (RoleInfo.java:shutdownLeaderState(104)) - dde3bc4a-2072-49f6-96b7-d9dfb1162844: shutdown LeaderState
2019-09-28 00:07:41,256 [grpc-default-executor-4] INFO  impl.RoleInfo (RoleInfo.java:shutdownLeaderState(104)) - f2b1cee9-5126-4a0c-9c15-774918a74cc9: shutdown LeaderState
2019-09-28 00:07:41,268 [grpc-default-executor-4] INFO  impl.PendingRequests (PendingRequests.java:sendNotLeaderResponses(202)) - f2b1cee9-5126-4a0c-9c15-774918a74cc9-PendingRequests: sendNotLeaderResponses
2019-09-28 00:07:41,268 [grpc-default-executor-7] INFO  impl.PendingRequests (PendingRequests.java:sendNotLeaderResponses(202)) - dde3bc4a-2072-49f6-96b7-d9dfb1162844-PendingRequests: sendNotLeaderResponses
2019-09-28 00:07:41,273 [grpc-default-executor-4] INFO  impl.RoleInfo (RoleInfo.java:updateAndGet(143)) - f2b1cee9-5126-4a0c-9c15-774918a74cc9: start FollowerState
2019-09-28 00:07:41,273 [grpc-default-executor-7] INFO  impl.RoleInfo (RoleInfo.java:updateAndGet(143)) - dde3bc4a-2072-49f6-96b7-d9dfb1162844: start FollowerState
2019-09-28 00:07:41,276 [org.apache.ratis.server.impl.LogAppender$AppenderDaemon$$Lambda$402/670357315@6a64afe4] WARN  server.GrpcLogAppender (GrpcLogAppender.java:mayWait(143)) - dde3bc4a-2072-49f6-96b7-d9dfb1162844@group-CA7758CC0C85->1f14f3cf-4ace-4392-be28-431862a0440f-GrpcLogAppender: Wait interrupted by java.lang.InterruptedException
2019-09-28 00:07:41,278 [dde3bc4a-2072-49f6-96b7-d9dfb1162844@group-CA7758CC0C85-SegmentedRaftLogWorker] INFO  segmented.SegmentedRaftLogWorker (SegmentedRaftLogWorker.java:execute(569)) - dde3bc4a-2072-49f6-96b7-d9dfb1162844@group-CA7758CC0C85-SegmentedRaftLogWorker: created new log segment /workdir/hadoop-ozone/integration-test/target/test-dir/MiniOzoneClusterImpl-ef93a8f6-ca63-49dc-855c-e6172cde0611/datanode-7/data/ratis/2d139662-2599-4b05-bd13-ca7758cc0c85/current/log_inprogress_0
2019-09-28 00:07:41,278 [f2b1cee9-5126-4a0c-9c15-774918a74cc9@group-4913561A1ECF-SegmentedRaftLogWorker] INFO  segmented.SegmentedRaftLogWorker (SegmentedRaftLogWorker.java:execute(569)) - f2b1cee9-5126-4a0c-9c15-774918a74cc9@group-4913561A1ECF-SegmentedRaftLogWorker: created new log segment /workdir/hadoop-ozone/integration-test/target/test-dir/MiniOzoneClusterImpl-ef93a8f6-ca63-49dc-855c-e6172cde0611/datanode-1/data/ratis/6560d5ac-4f3e-465e-ba18-4913561a1ecf/current/log_inprogress_0
2019-09-28 00:07:41,278 [81a35a2f-70d3-442b-bace-ce29edca7155@group-DB85DE63A691-SegmentedRaftLogWorker] INFO  segmented.SegmentedRaftLogWorker (SegmentedRaftLogWorker.java:execute(569)) - 81a35a2f-70d3-442b-bace-ce29edca7155@group-DB85DE63A691-SegmentedRaftLogWorker: created new log segment /workdir/hadoop-ozone/integration-test/target/test-dir/MiniOzoneClusterImpl-ef93a8f6-ca63-49dc-855c-e6172cde0611/datanode-0/data/ratis/05dd1afe-876c-4fcf-9379-db85de63a691/current/log_inprogress_0
2019-09-28 00:07:41,276 [org.apache.ratis.server.impl.LogAppender$AppenderDaemon$$Lambda$402/670357315@2058567c] WARN  server.GrpcLogAppender (GrpcLogAppender.java:mayWait(143)) - dde3bc4a-2072-49f6-96b7-d9dfb1162844@group-CA7758CC0C85->1c95823d-847a-4997-a8a6-4cda28e586d4-GrpcLogAppender: Wait interrupted by java.lang.InterruptedException
2019-09-28 00:07:41,276 [org.apache.ratis.server.impl.LogAppender$AppenderDaemon$$Lambda$402/670357315@49c5ed61] WARN  server.GrpcLogAppender (GrpcLogAppender.java:mayWait(143)) - f2b1cee9-5126-4a0c-9c15-774918a74cc9@group-4913561A1ECF->7eeb4e41-83cf-4f16-b692-5d167ffa47e8-GrpcLogAppender: Wait interrupted by java.lang.InterruptedException
2019-09-28 00:07:41,278 [org.apache.ratis.server.impl.LogAppender$AppenderDaemon$$Lambda$402/670357315@3a49e43b] WARN  server.GrpcLogAppender (GrpcLogAppender.java:mayWait(143)) - f2b1cee9-5126-4a0c-9c15-774918a74cc9@group-4913561A1ECF->e997bddb-a40f-4466-9539-dfa223a823e1-GrpcLogAppender: Wait interrupted by java.lang.InterruptedException
2019-09-28 00:07:41,293 [grpc-default-executor-7] INFO  server.GrpcServerProtocolService (GrpcServerProtocolService.java:onCompleted(113)) - 1c95823d-847a-4997-a8a6-4cda28e586d4: Completed APPEND_ENTRIES, lastRequest: null
2019-09-28 00:07:41,294 [grpc-default-executor-5] INFO  server.GrpcServerProtocolService (GrpcServerProtocolService.java:onCompleted(113)) - 1f14f3cf-4ace-4392-be28-431862a0440f: Completed APPEND_ENTRIES, lastRequest: null
2019-09-28 00:07:41,294 [grpc-default-executor-2] INFO  server.GrpcServerProtocolService (GrpcServerProtocolService.java:onCompleted(113)) - e997bddb-a40f-4466-9539-dfa223a823e1: Completed APPEND_ENTRIES, lastRequest: null
2019-09-28 00:07:41,293 [grpc-default-executor-0] INFO  server.GrpcServerProtocolService (GrpcServerProtocolService.java:onCompleted(113)) - 7eeb4e41-83cf-4f16-b692-5d167ffa47e8: Completed APPEND_ENTRIES, lastRequest: null
2019-09-28 00:07:41,297 [grpc-default-executor-2] INFO  server.GrpcLogAppender (GrpcLogAppender.java:onCompleted(293)) - dde3bc4a-2072-49f6-96b7-d9dfb1162844@group-CA7758CC0C85->1c95823d-847a-4997-a8a6-4cda28e586d4-AppendLogResponseHandler: follower responses appendEntries COMPLETED
2019-09-28 00:07:41,300 [grpc-default-executor-5] INFO  server.GrpcLogAppender (GrpcLogAppender.java:onCompleted(293)) - f2b1cee9-5126-4a0c-9c15-774918a74cc9@group-4913561A1ECF->7eeb4e41-83cf-4f16-b692-5d167ffa47e8-AppendLogResponseHandler: follower responses appendEntries COMPLETED
2019-09-28 00:07:41,303 [grpc-default-executor-0] INFO  server.GrpcLogAppender (GrpcLogAppender.java:onCompleted(293)) - dde3bc4a-2072-49f6-96b7-d9dfb1162844@group-CA7758CC0C85->1f14f3cf-4ace-4392-be28-431862a0440f-AppendLogResponseHandler: follower responses appendEntries COMPLETED
2019-09-28 00:07:41,303 [grpc-default-executor-7] INFO  server.GrpcLogAppender (GrpcLogAppender.java:onCompleted(293)) - f2b1cee9-5126-4a0c-9c15-774918a74cc9@group-4913561A1ECF->e997bddb-a40f-4466-9539-dfa223a823e1-AppendLogResponseHandler: follower responses appendEntries COMPLETED
2019-09-28 00:07:41,309 [grpc-default-executor-0] INFO  impl.FollowerInfo (FollowerInfo.java:lambda$new$0(51)) - dde3bc4a-2072-49f6-96b7-d9dfb1162844@group-CA7758CC0C85->1f14f3cf-4ace-4392-be28-431862a0440f: nextIndex: updateUnconditionally 0 -> 0
2019-09-28 00:07:41,311 [grpc-default-executor-2] INFO  impl.FollowerInfo (FollowerInfo.java:lambda$new$0(51)) - dde3bc4a-2072-49f6-96b7-d9dfb1162844@group-CA7758CC0C85->1c95823d-847a-4997-a8a6-4cda28e586d4: nextIndex: updateUnconditionally 0 -> 0
2019-09-28 00:07:41,309 [grpc-default-executor-7] INFO  impl.FollowerInfo (FollowerInfo.java:lambda$new$0(51)) - f2b1cee9-5126-4a0c-9c15-774918a74cc9@group-4913561A1ECF->e997bddb-a40f-4466-9539-dfa223a823e1: nextIndex: updateUnconditionally 0 -> 0
2019-09-28 00:07:41,311 [grpc-default-executor-5] INFO  impl.FollowerInfo (FollowerInfo.java:lambda$new$0(51)) - f2b1cee9-5126-4a0c-9c15-774918a74cc9@group-4913561A1ECF->7eeb4e41-83cf-4f16-b692-5d167ffa47e8: nextIndex: updateUnconditionally 0 -> 0
2019-09-28 00:07:41,314 [grpc-default-executor-3] INFO  impl.RaftServerImpl (ServerState.java:setLeader(253)) - f6411f89-2ca8-4cfc-a99c-aca361894957@group-DB85DE63A691: change Leader from null to 81a35a2f-70d3-442b-bace-ce29edca7155 at term 2 for appendEntries, leader elected after 10767ms
2019-09-28 00:07:41,318 [grpc-default-executor-4] INFO  impl.RaftServerImpl (ServerState.java:setLeader(253)) - 064bde2d-db92-404d-9f14-fa74fc053683@group-DB85DE63A691: change Leader from null to 81a35a2f-70d3-442b-bace-ce29edca7155 at term 2 for appendEntries, leader elected after 10772ms
2019-09-28 00:07:41,355 [grpc-default-executor-3] INFO  impl.RaftServerImpl (ServerState.java:setRaftConf(354)) - 064bde2d-db92-404d-9f14-fa74fc053683@group-DB85DE63A691: set configuration 0: [064bde2d-db92-404d-9f14-fa74fc053683:192.168.151.82:42841, f6411f89-2ca8-4cfc-a99c-aca361894957:192.168.151.82:39545, 81a35a2f-70d3-442b-bace-ce29edca7155:192.168.151.82:37102], old=null at 0
2019-09-28 00:07:41,355 [grpc-default-executor-4] INFO  impl.RaftServerImpl (ServerState.java:setRaftConf(354)) - f6411f89-2ca8-4cfc-a99c-aca361894957@group-DB85DE63A691: set configuration 0: [064bde2d-db92-404d-9f14-fa74fc053683:192.168.151.82:42841, f6411f89-2ca8-4cfc-a99c-aca361894957:192.168.151.82:39545, 81a35a2f-70d3-442b-bace-ce29edca7155:192.168.151.82:37102], old=null at 0
2019-09-28 00:07:41,355 [grpc-default-executor-3] INFO  segmented.SegmentedRaftLogWorker (SegmentedRaftLogWorker.java:startLogSegment(380)) - 064bde2d-db92-404d-9f14-fa74fc053683@group-DB85DE63A691-SegmentedRaftLogWorker: Starting segment from index:0
2019-09-28 00:07:41,355 [grpc-default-executor-4] INFO  segmented.SegmentedRaftLogWorker (SegmentedRaftLogWorker.java:startLogSegment(380)) - f6411f89-2ca8-4cfc-a99c-aca361894957@group-DB85DE63A691-SegmentedRaftLogWorker: Starting segment from index:0
2019-09-28 00:07:41,420 [064bde2d-db92-404d-9f14-fa74fc053683@group-DB85DE63A691-SegmentedRaftLogWorker] INFO  segmented.SegmentedRaftLogWorker (SegmentedRaftLogWorker.java:execute(569)) - 064bde2d-db92-404d-9f14-fa74fc053683@group-DB85DE63A691-SegmentedRaftLogWorker: created new log segment /workdir/hadoop-ozone/integration-test/target/test-dir/MiniOzoneClusterImpl-ef93a8f6-ca63-49dc-855c-e6172cde0611/datanode-6/data/ratis/05dd1afe-876c-4fcf-9379-db85de63a691/current/log_inprogress_0
2019-09-28 00:07:41,420 [f6411f89-2ca8-4cfc-a99c-aca361894957@group-DB85DE63A691-SegmentedRaftLogWorker] INFO  segmented.SegmentedRaftLogWorker (SegmentedRaftLogWorker.java:execute(569)) - f6411f89-2ca8-4cfc-a99c-aca361894957@group-DB85DE63A691-SegmentedRaftLogWorker: created new log segment /workdir/hadoop-ozone/integration-test/target/test-dir/MiniOzoneClusterImpl-ef93a8f6-ca63-49dc-855c-e6172cde0611/datanode-3/data/ratis/05dd1afe-876c-4fcf-9379-db85de63a691/current/log_inprogress_0
2019-09-28 00:07:42,164 [main] INFO  ipc.Client (Client.java:handleConnectionFailure(948)) - Retrying connect to server: localhost/127.0.0.1:0. Already tried 1 time(s); retry policy is RetryUpToMaximumCountWithFixedSleep(maxRetries=10, sleepTime=1000 MILLISECONDS)
2019-09-28 00:07:43,165 [main] INFO  ipc.Client (Client.java:handleConnectionFailure(948)) - Retrying connect to server: localhost/127.0.0.1:0. Already tried 2 time(s); retry policy is RetryUpToMaximumCountWithFixedSleep(maxRetries=10, sleepTime=1000 MILLISECONDS)
2019-09-28 00:07:44,166 [main] INFO  ipc.Client (Client.java:handleConnectionFailure(948)) - Retrying connect to server: localhost/127.0.0.1:0. Already tried 3 time(s); retry policy is RetryUpToMaximumCountWithFixedSleep(maxRetries=10, sleepTime=1000 MILLISECONDS)
2019-09-28 00:07:45,168 [main] INFO  ipc.Client (Client.java:handleConnectionFailure(948)) - Retrying connect to server: localhost/127.0.0.1:0. Already tried 4 time(s); retry policy is RetryUpToMaximumCountWithFixedSleep(maxRetries=10, sleepTime=1000 MILLISECONDS)
2019-09-28 00:07:45,870 [Thread-409] INFO  impl.FollowerState (FollowerState.java:run(106)) - 1c95823d-847a-4997-a8a6-4cda28e586d4:group-CA7758CC0C85 changes to CANDIDATE, lastRpcTime:5136, electionTimeout:5136ms
2019-09-28 00:07:45,870 [Thread-409] INFO  impl.RoleInfo (RoleInfo.java:shutdownFollowerState(121)) - 1c95823d-847a-4997-a8a6-4cda28e586d4: shutdown FollowerState
2019-09-28 00:07:45,870 [Thread-409] INFO  impl.RaftServerImpl (RaftServerImpl.java:setRole(174)) - 1c95823d-847a-4997-a8a6-4cda28e586d4@group-CA7758CC0C85: changes role from  FOLLOWER to CANDIDATE at term 3 for changeToCandidate
2019-09-28 00:07:45,871 [Thread-409] INFO  impl.RoleInfo (RoleInfo.java:updateAndGet(143)) - 1c95823d-847a-4997-a8a6-4cda28e586d4: start LeaderElection
2019-09-28 00:07:45,899 [Thread-411] INFO  impl.FollowerState (FollowerState.java:run(106)) - e997bddb-a40f-4466-9539-dfa223a823e1:group-4913561A1ECF changes to CANDIDATE, lastRpcTime:5165, electionTimeout:5159ms
2019-09-28 00:07:45,900 [Thread-411] INFO  impl.RoleInfo (RoleInfo.java:shutdownFollowerState(121)) - e997bddb-a40f-4466-9539-dfa223a823e1: shutdown FollowerState
2019-09-28 00:07:45,900 [Thread-411] INFO  impl.RaftServerImpl (RaftServerImpl.java:setRole(174)) - e997bddb-a40f-4466-9539-dfa223a823e1@group-4913561A1ECF: changes role from  FOLLOWER to CANDIDATE at term 3 for changeToCandidate
2019-09-28 00:07:45,905 [1c95823d-847a-4997-a8a6-4cda28e586d4@group-CA7758CC0C85:LeaderElection25] INFO  impl.LeaderElection (LeaderElection.java:askForVotes(182)) - 1c95823d-847a-4997-a8a6-4cda28e586d4@group-CA7758CC0C85:LeaderElection25: begin an election at term 4 for -1: [dde3bc4a-2072-49f6-96b7-d9dfb1162844:192.168.151.82:33259, 1f14f3cf-4ace-4392-be28-431862a0440f:192.168.151.82:37786, 1c95823d-847a-4997-a8a6-4cda28e586d4:192.168.151.82:42975], old=null
2019-09-28 00:07:45,905 [Thread-411] INFO  impl.RoleInfo (RoleInfo.java:updateAndGet(143)) - e997bddb-a40f-4466-9539-dfa223a823e1: start LeaderElection
2019-09-28 00:07:45,914 [grpc-default-executor-4] INFO  impl.RaftServerImpl (RaftServerImpl.java:setRole(174)) - 1f14f3cf-4ace-4392-be28-431862a0440f@group-CA7758CC0C85: changes role from  FOLLOWER to FOLLOWER at term 4 for recognizeCandidate:1c95823d-847a-4997-a8a6-4cda28e586d4
2019-09-28 00:07:45,914 [grpc-default-executor-3] INFO  impl.RaftServerImpl (RaftServerImpl.java:setRole(174)) - dde3bc4a-2072-49f6-96b7-d9dfb1162844@group-CA7758CC0C85: changes role from  FOLLOWER to FOLLOWER at term 4 for recognizeCandidate:1c95823d-847a-4997-a8a6-4cda28e586d4
2019-09-28 00:07:45,914 [grpc-default-executor-4] INFO  impl.RoleInfo (RoleInfo.java:shutdownFollowerState(121)) - 1f14f3cf-4ace-4392-be28-431862a0440f: shutdown FollowerState
2019-09-28 00:07:45,915 [grpc-default-executor-3] INFO  impl.RoleInfo (RoleInfo.java:shutdownFollowerState(121)) - dde3bc4a-2072-49f6-96b7-d9dfb1162844: shutdown FollowerState
2019-09-28 00:07:45,915 [Thread-419] INFO  impl.FollowerState (FollowerState.java:run(115)) - 1f14f3cf-4ace-4392-be28-431862a0440f: FollowerState was interrupted: java.lang.InterruptedException: sleep interrupted
2019-09-28 00:07:45,915 [grpc-default-executor-3] INFO  impl.RoleInfo (RoleInfo.java:updateAndGet(143)) - dde3bc4a-2072-49f6-96b7-d9dfb1162844: start FollowerState
2019-09-28 00:07:45,915 [grpc-default-executor-4] INFO  impl.RoleInfo (RoleInfo.java:updateAndGet(143)) - 1f14f3cf-4ace-4392-be28-431862a0440f: start FollowerState
2019-09-28 00:07:45,915 [Thread-433] INFO  impl.FollowerState (FollowerState.java:run(115)) - dde3bc4a-2072-49f6-96b7-d9dfb1162844: FollowerState was interrupted: java.lang.InterruptedException: sleep interrupted
2019-09-28 00:07:45,923 [e997bddb-a40f-4466-9539-dfa223a823e1@group-4913561A1ECF:LeaderElection26] INFO  impl.LeaderElection (LeaderElection.java:askForVotes(182)) - e997bddb-a40f-4466-9539-dfa223a823e1@group-4913561A1ECF:LeaderElection26: begin an election at term 4 for -1: [f2b1cee9-5126-4a0c-9c15-774918a74cc9:192.168.151.82:44946, e997bddb-a40f-4466-9539-dfa223a823e1:192.168.151.82:34311, 7eeb4e41-83cf-4f16-b692-5d167ffa47e8:192.168.151.82:42184], old=null
2019-09-28 00:07:45,927 [grpc-default-executor-7] INFO  impl.RaftServerImpl (RaftServerImpl.java:setRole(174)) - f2b1cee9-5126-4a0c-9c15-774918a74cc9@group-4913561A1ECF: changes role from  FOLLOWER to FOLLOWER at term 4 for recognizeCandidate:e997bddb-a40f-4466-9539-dfa223a823e1
2019-09-28 00:07:45,927 [grpc-default-executor-5] INFO  impl.RaftServerImpl (RaftServerImpl.java:setRole(174)) - 7eeb4e41-83cf-4f16-b692-5d167ffa47e8@group-4913561A1ECF: changes role from  FOLLOWER to FOLLOWER at term 4 for recognizeCandidate:e997bddb-a40f-4466-9539-dfa223a823e1
2019-09-28 00:07:45,927 [grpc-default-executor-7] INFO  impl.RoleInfo (RoleInfo.java:shutdownFollowerState(121)) - f2b1cee9-5126-4a0c-9c15-774918a74cc9: shutdown FollowerState
2019-09-28 00:07:45,928 [grpc-default-executor-5] INFO  impl.RoleInfo (RoleInfo.java:shutdownFollowerState(121)) - 7eeb4e41-83cf-4f16-b692-5d167ffa47e8: shutdown FollowerState
2019-09-28 00:07:45,928 [Thread-432] INFO  impl.FollowerState (FollowerState.java:run(115)) - f2b1cee9-5126-4a0c-9c15-774918a74cc9: FollowerState was interrupted: java.lang.InterruptedException: sleep interrupted
2019-09-28 00:07:45,928 [grpc-default-executor-5] INFO  impl.RoleInfo (RoleInfo.java:updateAndGet(143)) - 7eeb4e41-83cf-4f16-b692-5d167ffa47e8: start FollowerState
2019-09-28 00:07:45,928 [grpc-default-executor-7] INFO  impl.RoleInfo (RoleInfo.java:updateAndGet(143)) - f2b1cee9-5126-4a0c-9c15-774918a74cc9: start FollowerState
2019-09-28 00:07:45,928 [Thread-420] INFO  impl.FollowerState (FollowerState.java:run(115)) - 7eeb4e41-83cf-4f16-b692-5d167ffa47e8: FollowerState was interrupted: java.lang.InterruptedException: sleep interrupted
2019-09-28 00:07:45,939 [1c95823d-847a-4997-a8a6-4cda28e586d4@group-CA7758CC0C85:LeaderElection25] INFO  impl.LeaderElection (LeaderElection.java:logAndReturn(56)) - 1c95823d-847a-4997-a8a6-4cda28e586d4@group-CA7758CC0C85:LeaderElection25: Election PASSED; received 2 response(s) [1c95823d-847a-4997-a8a6-4cda28e586d4<-dde3bc4a-2072-49f6-96b7-d9dfb1162844#0:FAIL-t4, 1c95823d-847a-4997-a8a6-4cda28e586d4<-1f14f3cf-4ace-4392-be28-431862a0440f#0:OK-t4] and 0 exception(s); 1c95823d-847a-4997-a8a6-4cda28e586d4@group-CA7758CC0C85:t4, leader=null, voted=1c95823d-847a-4997-a8a6-4cda28e586d4, raftlog=1c95823d-847a-4997-a8a6-4cda28e586d4@group-CA7758CC0C85-SegmentedRaftLog:OPENED:c-1,f-1,i0, conf=-1: [dde3bc4a-2072-49f6-96b7-d9dfb1162844:192.168.151.82:33259, 1f14f3cf-4ace-4392-be28-431862a0440f:192.168.151.82:37786, 1c95823d-847a-4997-a8a6-4cda28e586d4:192.168.151.82:42975], old=null
2019-09-28 00:07:45,939 [1c95823d-847a-4997-a8a6-4cda28e586d4@group-CA7758CC0C85:LeaderElection25] INFO  impl.RoleInfo (RoleInfo.java:shutdownLeaderElection(134)) - 1c95823d-847a-4997-a8a6-4cda28e586d4: shutdown LeaderElection
2019-09-28 00:07:45,940 [1c95823d-847a-4997-a8a6-4cda28e586d4@group-CA7758CC0C85:LeaderElection25] INFO  impl.RaftServerImpl (RaftServerImpl.java:setRole(174)) - 1c95823d-847a-4997-a8a6-4cda28e586d4@group-CA7758CC0C85: changes role from CANDIDATE to LEADER at term 4 for changeToLeader
2019-09-28 00:07:45,940 [1c95823d-847a-4997-a8a6-4cda28e586d4@group-CA7758CC0C85:LeaderElection25] INFO  impl.RaftServerImpl (ServerState.java:setLeader(253)) - 1c95823d-847a-4997-a8a6-4cda28e586d4@group-CA7758CC0C85: change Leader from null to 1c95823d-847a-4997-a8a6-4cda28e586d4 at term 4 for becomeLeader, leader elected after 15524ms
2019-09-28 00:07:45,940 [1c95823d-847a-4997-a8a6-4cda28e586d4@group-CA7758CC0C85:LeaderElection25] INFO  server.RaftServerConfigKeys (ConfUtils.java:logGet(43)) - raft.server.staging.catchup.gap = 1000 (default)
2019-09-28 00:07:45,940 [1c95823d-847a-4997-a8a6-4cda28e586d4@group-CA7758CC0C85:LeaderElection25] INFO  server.RaftServerConfigKeys (ConfUtils.java:logGet(43)) - raft.server.rpc.sleep.time = 25ms (default)
2019-09-28 00:07:45,940 [1c95823d-847a-4997-a8a6-4cda28e586d4@group-CA7758CC0C85:LeaderElection25] INFO  server.RaftServerConfigKeys (ConfUtils.java:logGet(43)) - raft.server.write.element-limit = 4096 (default)
2019-09-28 00:07:45,941 [1c95823d-847a-4997-a8a6-4cda28e586d4@group-CA7758CC0C85:LeaderElection25] INFO  server.RaftServerConfigKeys (ConfUtils.java:logGet(43)) - raft.server.watch.timeout = 10s (default)
2019-09-28 00:07:45,941 [1c95823d-847a-4997-a8a6-4cda28e586d4@group-CA7758CC0C85:LeaderElection25] INFO  server.RaftServerConfigKeys (ConfUtils.java:logGet(43)) - raft.server.watch.timeout.denomination = 1s (default)
2019-09-28 00:07:45,941 [1c95823d-847a-4997-a8a6-4cda28e586d4@group-CA7758CC0C85:LeaderElection25] INFO  server.RaftServerConfigKeys (ConfUtils.java:logGet(43)) - raft.server.watch.element-limit = 65536 (default)
2019-09-28 00:07:45,945 [1c95823d-847a-4997-a8a6-4cda28e586d4@group-CA7758CC0C85:LeaderElection25] INFO  server.RaftServerConfigKeys (ConfUtils.java:logGet(43)) - raft.server.log.appender.snapshot.chunk.size.max = 16MB (=16777216) (default)
2019-09-28 00:07:45,945 [1c95823d-847a-4997-a8a6-4cda28e586d4@group-CA7758CC0C85:LeaderElection25] INFO  server.RaftServerConfigKeys (ConfUtils.java:logGet(43)) - raft.server.log.appender.buffer.byte-limit = 33554432 (custom)
2019-09-28 00:07:45,945 [1c95823d-847a-4997-a8a6-4cda28e586d4@group-CA7758CC0C85:LeaderElection25] INFO  server.RaftServerConfigKeys (ConfUtils.java:logGet(43)) - raft.server.log.appender.buffer.element-limit = 1 (custom)
2019-09-28 00:07:45,946 [1c95823d-847a-4997-a8a6-4cda28e586d4@group-CA7758CC0C85:LeaderElection25] INFO  grpc.GrpcConfigKeys$Server (ConfUtils.java:logGet(43)) - raft.grpc.server.leader.outstanding.appends.max = 128 (default)
2019-09-28 00:07:45,946 [1c95823d-847a-4997-a8a6-4cda28e586d4@group-CA7758CC0C85:LeaderElection25] INFO  server.RaftServerConfigKeys (ConfUtils.java:logGet(43)) - raft.server.rpc.request.timeout = 3000ms (default)
2019-09-28 00:07:45,946 [1c95823d-847a-4997-a8a6-4cda28e586d4@group-CA7758CC0C85:LeaderElection25] INFO  server.RaftServerConfigKeys (ConfUtils.java:logGet(43)) - raft.server.log.appender.install.snapshot.enabled = false (custom)
2019-09-28 00:07:45,946 [1c95823d-847a-4997-a8a6-4cda28e586d4@group-CA7758CC0C85:LeaderElection25] INFO  server.RaftServerConfigKeys (ConfUtils.java:logGet(43)) - raft.server.log.appender.snapshot.chunk.size.max = 16MB (=16777216) (default)
2019-09-28 00:07:45,947 [1c95823d-847a-4997-a8a6-4cda28e586d4@group-CA7758CC0C85:LeaderElection25] INFO  server.RaftServerConfigKeys (ConfUtils.java:logGet(43)) - raft.server.log.appender.buffer.byte-limit = 33554432 (custom)
2019-09-28 00:07:45,947 [1c95823d-847a-4997-a8a6-4cda28e586d4@group-CA7758CC0C85:LeaderElection25] INFO  server.RaftServerConfigKeys (ConfUtils.java:logGet(43)) - raft.server.log.appender.buffer.element-limit = 1 (custom)
2019-09-28 00:07:45,947 [1c95823d-847a-4997-a8a6-4cda28e586d4@group-CA7758CC0C85:LeaderElection25] INFO  grpc.GrpcConfigKeys$Server (ConfUtils.java:logGet(43)) - raft.grpc.server.leader.outstanding.appends.max = 128 (default)
2019-09-28 00:07:45,947 [1c95823d-847a-4997-a8a6-4cda28e586d4@group-CA7758CC0C85:LeaderElection25] INFO  server.RaftServerConfigKeys (ConfUtils.java:logGet(43)) - raft.server.rpc.request.timeout = 3000ms (default)
2019-09-28 00:07:45,947 [1c95823d-847a-4997-a8a6-4cda28e586d4@group-CA7758CC0C85:LeaderElection25] INFO  server.RaftServerConfigKeys (ConfUtils.java:logGet(43)) - raft.server.log.appender.install.snapshot.enabled = false (custom)
2019-09-28 00:07:45,948 [1c95823d-847a-4997-a8a6-4cda28e586d4@group-CA7758CC0C85:LeaderElection25] INFO  impl.RoleInfo (RoleInfo.java:updateAndGet(143)) - 1c95823d-847a-4997-a8a6-4cda28e586d4: start LeaderState
2019-09-28 00:07:45,948 [1c95823d-847a-4997-a8a6-4cda28e586d4@group-CA7758CC0C85:LeaderElection25] INFO  segmented.SegmentedRaftLogWorker (SegmentedRaftLogWorker.java:startLogSegment(380)) - 1c95823d-847a-4997-a8a6-4cda28e586d4@group-CA7758CC0C85-SegmentedRaftLogWorker: Starting segment from index:0
2019-09-28 00:07:45,949 [1c95823d-847a-4997-a8a6-4cda28e586d4@group-CA7758CC0C85:LeaderElection25] INFO  impl.RaftServerImpl (ServerState.java:setRaftConf(354)) - 1c95823d-847a-4997-a8a6-4cda28e586d4@group-CA7758CC0C85: set configuration 0: [dde3bc4a-2072-49f6-96b7-d9dfb1162844:192.168.151.82:33259, 1f14f3cf-4ace-4392-be28-431862a0440f:192.168.151.82:37786, 1c95823d-847a-4997-a8a6-4cda28e586d4:192.168.151.82:42975], old=null at 0
2019-09-28 00:07:45,952 [grpc-default-executor-4] INFO  impl.RaftServerImpl (ServerState.java:setLeader(253)) - dde3bc4a-2072-49f6-96b7-d9dfb1162844@group-CA7758CC0C85: change Leader from null to 1c95823d-847a-4997-a8a6-4cda28e586d4 at term 4 for appendEntries, leader elected after 4697ms
2019-09-28 00:07:45,952 [grpc-default-executor-3] INFO  impl.RaftServerImpl (ServerState.java:setLeader(253)) - 1f14f3cf-4ace-4392-be28-431862a0440f@group-CA7758CC0C85: change Leader from null to 1c95823d-847a-4997-a8a6-4cda28e586d4 at term 4 for appendEntries, leader elected after 15536ms
2019-09-28 00:07:45,993 [e997bddb-a40f-4466-9539-dfa223a823e1@group-4913561A1ECF:LeaderElection26] INFO  impl.LeaderElection (LeaderElection.java:logAndReturn(56)) - e997bddb-a40f-4466-9539-dfa223a823e1@group-4913561A1ECF:LeaderElection26: Election PASSED; received 1 response(s) [e997bddb-a40f-4466-9539-dfa223a823e1<-7eeb4e41-83cf-4f16-b692-5d167ffa47e8#0:OK-t4] and 0 exception(s); e997bddb-a40f-4466-9539-dfa223a823e1@group-4913561A1ECF:t4, leader=null, voted=e997bddb-a40f-4466-9539-dfa223a823e1, raftlog=e997bddb-a40f-4466-9539-dfa223a823e1@group-4913561A1ECF-SegmentedRaftLog:OPENED:c-1,f-1,i0, conf=-1: [f2b1cee9-5126-4a0c-9c15-774918a74cc9:192.168.151.82:44946, e997bddb-a40f-4466-9539-dfa223a823e1:192.168.151.82:34311, 7eeb4e41-83cf-4f16-b692-5d167ffa47e8:192.168.151.82:42184], old=null
2019-09-28 00:07:45,993 [e997bddb-a40f-4466-9539-dfa223a823e1@group-4913561A1ECF:LeaderElection26] INFO  impl.RoleInfo (RoleInfo.java:shutdownLeaderElection(134)) - e997bddb-a40f-4466-9539-dfa223a823e1: shutdown LeaderElection
2019-09-28 00:07:45,993 [e997bddb-a40f-4466-9539-dfa223a823e1@group-4913561A1ECF:LeaderElection26] INFO  impl.RaftServerImpl (RaftServerImpl.java:setRole(174)) - e997bddb-a40f-4466-9539-dfa223a823e1@group-4913561A1ECF: changes role from CANDIDATE to LEADER at term 4 for changeToLeader
2019-09-28 00:07:45,993 [e997bddb-a40f-4466-9539-dfa223a823e1@group-4913561A1ECF:LeaderElection26] INFO  impl.RaftServerImpl (ServerState.java:setLeader(253)) - e997bddb-a40f-4466-9539-dfa223a823e1@group-4913561A1ECF: change Leader from null to e997bddb-a40f-4466-9539-dfa223a823e1 at term 4 for becomeLeader, leader elected after 15727ms
2019-09-28 00:07:45,993 [e997bddb-a40f-4466-9539-dfa223a823e1@group-4913561A1ECF:LeaderElection26] INFO  server.RaftServerConfigKeys (ConfUtils.java:logGet(43)) - raft.server.staging.catchup.gap = 1000 (default)
2019-09-28 00:07:45,994 [e997bddb-a40f-4466-9539-dfa223a823e1@group-4913561A1ECF:LeaderElection26] INFO  server.RaftServerConfigKeys (ConfUtils.java:logGet(43)) - raft.server.rpc.sleep.time = 25ms (default)
2019-09-28 00:07:45,994 [e997bddb-a40f-4466-9539-dfa223a823e1@group-4913561A1ECF:LeaderElection26] INFO  server.RaftServerConfigKeys (ConfUtils.java:logGet(43)) - raft.server.write.element-limit = 4096 (default)
2019-09-28 00:07:45,994 [e997bddb-a40f-4466-9539-dfa223a823e1@group-4913561A1ECF:LeaderElection26] INFO  server.RaftServerConfigKeys (ConfUtils.java:logGet(43)) - raft.server.watch.timeout = 10s (default)
2019-09-28 00:07:45,994 [e997bddb-a40f-4466-9539-dfa223a823e1@group-4913561A1ECF:LeaderElection26] INFO  server.RaftServerConfigKeys (ConfUtils.java:logGet(43)) - raft.server.watch.timeout.denomination = 1s (default)
2019-09-28 00:07:45,994 [e997bddb-a40f-4466-9539-dfa223a823e1@group-4913561A1ECF:LeaderElection26] INFO  server.RaftServerConfigKeys (ConfUtils.java:logGet(43)) - raft.server.watch.element-limit = 65536 (default)
2019-09-28 00:07:45,995 [grpc-default-executor-3] INFO  impl.RaftServerImpl (ServerState.java:setRaftConf(354)) - dde3bc4a-2072-49f6-96b7-d9dfb1162844@group-CA7758CC0C85: set configuration 0: [dde3bc4a-2072-49f6-96b7-d9dfb1162844:192.168.151.82:33259, 1f14f3cf-4ace-4392-be28-431862a0440f:192.168.151.82:37786, 1c95823d-847a-4997-a8a6-4cda28e586d4:192.168.151.82:42975], old=null at 0
2019-09-28 00:07:45,995 [grpc-default-executor-4] INFO  impl.RaftServerImpl (ServerState.java:setRaftConf(354)) - 1f14f3cf-4ace-4392-be28-431862a0440f@group-CA7758CC0C85: set configuration 0: [dde3bc4a-2072-49f6-96b7-d9dfb1162844:192.168.151.82:33259, 1f14f3cf-4ace-4392-be28-431862a0440f:192.168.151.82:37786, 1c95823d-847a-4997-a8a6-4cda28e586d4:192.168.151.82:42975], old=null at 0
2019-09-28 00:07:45,999 [grpc-default-executor-4] INFO  segmented.SegmentedRaftLogWorker (SegmentedRaftLogWorker.java:startLogSegment(380)) - 1f14f3cf-4ace-4392-be28-431862a0440f@group-CA7758CC0C85-SegmentedRaftLogWorker: Starting segment from index:0
2019-09-28 00:07:46,002 [e997bddb-a40f-4466-9539-dfa223a823e1@group-4913561A1ECF:LeaderElection26] INFO  server.RaftServerConfigKeys (ConfUtils.java:logGet(43)) - raft.server.log.appender.snapshot.chunk.size.max = 16MB (=16777216) (default)
2019-09-28 00:07:46,002 [e997bddb-a40f-4466-9539-dfa223a823e1@group-4913561A1ECF:LeaderElection26] INFO  server.RaftServerConfigKeys (ConfUtils.java:logGet(43)) - raft.server.log.appender.buffer.byte-limit = 33554432 (custom)
2019-09-28 00:07:46,002 [e997bddb-a40f-4466-9539-dfa223a823e1@group-4913561A1ECF:LeaderElection26] INFO  server.RaftServerConfigKeys (ConfUtils.java:logGet(43)) - raft.server.log.appender.buffer.element-limit = 1 (custom)
2019-09-28 00:07:46,003 [e997bddb-a40f-4466-9539-dfa223a823e1@group-4913561A1ECF:LeaderElection26] INFO  grpc.GrpcConfigKeys$Server (ConfUtils.java:logGet(43)) - raft.grpc.server.leader.outstanding.appends.max = 128 (default)
2019-09-28 00:07:46,003 [e997bddb-a40f-4466-9539-dfa223a823e1@group-4913561A1ECF:LeaderElection26] INFO  server.RaftServerConfigKeys (ConfUtils.java:logGet(43)) - raft.server.rpc.request.timeout = 3000ms (default)
2019-09-28 00:07:46,003 [e997bddb-a40f-4466-9539-dfa223a823e1@group-4913561A1ECF:LeaderElection26] INFO  server.RaftServerConfigKeys (ConfUtils.java:logGet(43)) - raft.server.log.appender.install.snapshot.enabled = false (custom)
2019-09-28 00:07:46,003 [e997bddb-a40f-4466-9539-dfa223a823e1@group-4913561A1ECF:LeaderElection26] INFO  server.RaftServerConfigKeys (ConfUtils.java:logGet(43)) - raft.server.log.appender.snapshot.chunk.size.max = 16MB (=16777216) (default)
2019-09-28 00:07:46,004 [e997bddb-a40f-4466-9539-dfa223a823e1@group-4913561A1ECF:LeaderElection26] INFO  server.RaftServerConfigKeys (ConfUtils.java:logGet(43)) - raft.server.log.appender.buffer.byte-limit = 33554432 (custom)
2019-09-28 00:07:46,004 [e997bddb-a40f-4466-9539-dfa223a823e1@group-4913561A1ECF:LeaderElection26] INFO  server.RaftServerConfigKeys (ConfUtils.java:logGet(43)) - raft.server.log.appender.buffer.element-limit = 1 (custom)
2019-09-28 00:07:46,004 [grpc-default-executor-3] INFO  segmented.SegmentedRaftLogWorker (SegmentedRaftLogWorker.java:truncate(396)) - dde3bc4a-2072-49f6-96b7-d9dfb1162844@group-CA7758CC0C85-SegmentedRaftLogWorker: Truncating segments toTruncate: null
  toDelete: [(0, 0) isOpen? true, length=0, newEndIndex=-1], start index 0
2019-09-28 00:07:46,004 [e997bddb-a40f-4466-9539-dfa223a823e1@group-4913561A1ECF:LeaderElection26] INFO  grpc.GrpcConfigKeys$Server (ConfUtils.java:logGet(43)) - raft.grpc.server.leader.outstanding.appends.max = 128 (default)
2019-09-28 00:07:46,005 [e997bddb-a40f-4466-9539-dfa223a823e1@group-4913561A1ECF:LeaderElection26] INFO  server.RaftServerConfigKeys (ConfUtils.java:logGet(43)) - raft.server.rpc.request.timeout = 3000ms (default)
2019-09-28 00:07:46,005 [1c95823d-847a-4997-a8a6-4cda28e586d4@group-CA7758CC0C85-SegmentedRaftLogWorker] INFO  segmented.SegmentedRaftLogWorker (SegmentedRaftLogWorker.java:execute(569)) - 1c95823d-847a-4997-a8a6-4cda28e586d4@group-CA7758CC0C85-SegmentedRaftLogWorker: created new log segment /workdir/hadoop-ozone/integration-test/target/test-dir/MiniOzoneClusterImpl-ef93a8f6-ca63-49dc-855c-e6172cde0611/datanode-8/data/ratis/2d139662-2599-4b05-bd13-ca7758cc0c85/current/log_inprogress_0
2019-09-28 00:07:46,005 [e997bddb-a40f-4466-9539-dfa223a823e1@group-4913561A1ECF:LeaderElection26] INFO  server.RaftServerConfigKeys (ConfUtils.java:logGet(43)) - raft.server.log.appender.install.snapshot.enabled = false (custom)
2019-09-28 00:07:46,005 [grpc-default-executor-3] INFO  segmented.SegmentedRaftLogWorker (SegmentedRaftLogWorker.java:startLogSegment(380)) - dde3bc4a-2072-49f6-96b7-d9dfb1162844@group-CA7758CC0C85-SegmentedRaftLogWorker: Starting segment from index:0
2019-09-28 00:07:46,005 [e997bddb-a40f-4466-9539-dfa223a823e1@group-4913561A1ECF:LeaderElection26] INFO  impl.RoleInfo (RoleInfo.java:updateAndGet(143)) - e997bddb-a40f-4466-9539-dfa223a823e1: start LeaderState
2019-09-28 00:07:46,006 [e997bddb-a40f-4466-9539-dfa223a823e1@group-4913561A1ECF:LeaderElection26] INFO  segmented.SegmentedRaftLogWorker (SegmentedRaftLogWorker.java:startLogSegment(380)) - e997bddb-a40f-4466-9539-dfa223a823e1@group-4913561A1ECF-SegmentedRaftLogWorker: Starting segment from index:0
2019-09-28 00:07:46,007 [e997bddb-a40f-4466-9539-dfa223a823e1@group-4913561A1ECF:LeaderElection26] INFO  impl.RaftServerImpl (ServerState.java:setRaftConf(354)) - e997bddb-a40f-4466-9539-dfa223a823e1@group-4913561A1ECF: set configuration 0: [f2b1cee9-5126-4a0c-9c15-774918a74cc9:192.168.151.82:44946, e997bddb-a40f-4466-9539-dfa223a823e1:192.168.151.82:34311, 7eeb4e41-83cf-4f16-b692-5d167ffa47e8:192.168.151.82:42184], old=null at 0
2019-09-28 00:07:46,007 [dde3bc4a-2072-49f6-96b7-d9dfb1162844@group-CA7758CC0C85-SegmentedRaftLogWorker] INFO  segmented.SegmentedRaftLogWorker (SegmentedRaftLogWorker.java:execute(633)) - dde3bc4a-2072-49f6-96b7-d9dfb1162844@group-CA7758CC0C85-SegmentedRaftLogWorker: Deleted log file /workdir/hadoop-ozone/integration-test/target/test-dir/MiniOzoneClusterImpl-ef93a8f6-ca63-49dc-855c-e6172cde0611/datanode-7/data/ratis/2d139662-2599-4b05-bd13-ca7758cc0c85/current/log_inprogress_0
2019-09-28 00:07:46,051 [dde3bc4a-2072-49f6-96b7-d9dfb1162844@group-CA7758CC0C85-SegmentedRaftLogWorker] INFO  segmented.SegmentedRaftLogWorker (SegmentedRaftLogWorker.java:lambda$new$0(132)) - dde3bc4a-2072-49f6-96b7-d9dfb1162844@group-CA7758CC0C85-SegmentedRaftLogWorker: flushIndex: setUnconditionally 0 -> -1
2019-09-28 00:07:46,053 [grpc-default-executor-4] INFO  impl.RaftServerImpl (ServerState.java:setLeader(253)) - f2b1cee9-5126-4a0c-9c15-774918a74cc9@group-4913561A1ECF: change Leader from null to e997bddb-a40f-4466-9539-dfa223a823e1 at term 4 for appendEntries, leader elected after 4798ms
2019-09-28 00:07:46,053 [grpc-default-executor-3] INFO  impl.RaftServerImpl (ServerState.java:setLeader(253)) - 7eeb4e41-83cf-4f16-b692-5d167ffa47e8@group-4913561A1ECF: change Leader from null to e997bddb-a40f-4466-9539-dfa223a823e1 at term 4 for appendEntries, leader elected after 15787ms
2019-09-28 00:07:46,057 [grpc-default-executor-3] INFO  impl.RaftServerImpl (ServerState.java:setRaftConf(354)) - f2b1cee9-5126-4a0c-9c15-774918a74cc9@group-4913561A1ECF: set configuration 0: [f2b1cee9-5126-4a0c-9c15-774918a74cc9:192.168.151.82:44946, e997bddb-a40f-4466-9539-dfa223a823e1:192.168.151.82:34311, 7eeb4e41-83cf-4f16-b692-5d167ffa47e8:192.168.151.82:42184], old=null at 0
2019-09-28 00:07:46,058 [grpc-default-executor-3] INFO  segmented.SegmentedRaftLogWorker (SegmentedRaftLogWorker.java:truncate(396)) - f2b1cee9-5126-4a0c-9c15-774918a74cc9@group-4913561A1ECF-SegmentedRaftLogWorker: Truncating segments toTruncate: null
  toDelete: [(0, 0) isOpen? true, length=0, newEndIndex=-1], start index 0
2019-09-28 00:07:46,058 [grpc-default-executor-4] INFO  impl.RaftServerImpl (ServerState.java:setRaftConf(354)) - 7eeb4e41-83cf-4f16-b692-5d167ffa47e8@group-4913561A1ECF: set configuration 0: [f2b1cee9-5126-4a0c-9c15-774918a74cc9:192.168.151.82:44946, e997bddb-a40f-4466-9539-dfa223a823e1:192.168.151.82:34311, 7eeb4e41-83cf-4f16-b692-5d167ffa47e8:192.168.151.82:42184], old=null at 0
2019-09-28 00:07:46,058 [grpc-default-executor-3] INFO  segmented.SegmentedRaftLogWorker (SegmentedRaftLogWorker.java:startLogSegment(380)) - f2b1cee9-5126-4a0c-9c15-774918a74cc9@group-4913561A1ECF-SegmentedRaftLogWorker: Starting segment from index:0
2019-09-28 00:07:46,058 [grpc-default-executor-4] INFO  segmented.SegmentedRaftLogWorker (SegmentedRaftLogWorker.java:startLogSegment(380)) - 7eeb4e41-83cf-4f16-b692-5d167ffa47e8@group-4913561A1ECF-SegmentedRaftLogWorker: Starting segment from index:0
2019-09-28 00:07:46,058 [f2b1cee9-5126-4a0c-9c15-774918a74cc9@group-4913561A1ECF-SegmentedRaftLogWorker] INFO  segmented.SegmentedRaftLogWorker (SegmentedRaftLogWorker.java:execute(633)) - f2b1cee9-5126-4a0c-9c15-774918a74cc9@group-4913561A1ECF-SegmentedRaftLogWorker: Deleted log file /workdir/hadoop-ozone/integration-test/target/test-dir/MiniOzoneClusterImpl-ef93a8f6-ca63-49dc-855c-e6172cde0611/datanode-1/data/ratis/6560d5ac-4f3e-465e-ba18-4913561a1ecf/current/log_inprogress_0
2019-09-28 00:07:46,059 [f2b1cee9-5126-4a0c-9c15-774918a74cc9@group-4913561A1ECF-SegmentedRaftLogWorker] INFO  segmented.SegmentedRaftLogWorker (SegmentedRaftLogWorker.java:lambda$new$0(132)) - f2b1cee9-5126-4a0c-9c15-774918a74cc9@group-4913561A1ECF-SegmentedRaftLogWorker: flushIndex: setUnconditionally 0 -> -1
2019-09-28 00:07:46,062 [1f14f3cf-4ace-4392-be28-431862a0440f@group-CA7758CC0C85-SegmentedRaftLogWorker] INFO  segmented.SegmentedRaftLogWorker (SegmentedRaftLogWorker.java:execute(569)) - 1f14f3cf-4ace-4392-be28-431862a0440f@group-CA7758CC0C85-SegmentedRaftLogWorker: created new log segment /workdir/hadoop-ozone/integration-test/target/test-dir/MiniOzoneClusterImpl-ef93a8f6-ca63-49dc-855c-e6172cde0611/datanode-2/data/ratis/2d139662-2599-4b05-bd13-ca7758cc0c85/current/log_inprogress_0
2019-09-28 00:07:46,062 [e997bddb-a40f-4466-9539-dfa223a823e1@group-4913561A1ECF-SegmentedRaftLogWorker] INFO  segmented.SegmentedRaftLogWorker (SegmentedRaftLogWorker.java:execute(569)) - e997bddb-a40f-4466-9539-dfa223a823e1@group-4913561A1ECF-SegmentedRaftLogWorker: created new log segment /workdir/hadoop-ozone/integration-test/target/test-dir/MiniOzoneClusterImpl-ef93a8f6-ca63-49dc-855c-e6172cde0611/datanode-4/data/ratis/6560d5ac-4f3e-465e-ba18-4913561a1ecf/current/log_inprogress_0
2019-09-28 00:07:46,097 [7eeb4e41-83cf-4f16-b692-5d167ffa47e8@group-4913561A1ECF-SegmentedRaftLogWorker] INFO  segmented.SegmentedRaftLogWorker (SegmentedRaftLogWorker.java:execute(569)) - 7eeb4e41-83cf-4f16-b692-5d167ffa47e8@group-4913561A1ECF-SegmentedRaftLogWorker: created new log segment /workdir/hadoop-ozone/integration-test/target/test-dir/MiniOzoneClusterImpl-ef93a8f6-ca63-49dc-855c-e6172cde0611/datanode-5/data/ratis/6560d5ac-4f3e-465e-ba18-4913561a1ecf/current/log_inprogress_0
2019-09-28 00:07:46,099 [dde3bc4a-2072-49f6-96b7-d9dfb1162844@group-CA7758CC0C85-SegmentedRaftLogWorker] INFO  segmented.SegmentedRaftLogWorker (SegmentedRaftLogWorker.java:execute(569)) - dde3bc4a-2072-49f6-96b7-d9dfb1162844@group-CA7758CC0C85-SegmentedRaftLogWorker: created new log segment /workdir/hadoop-ozone/integration-test/target/test-dir/MiniOzoneClusterImpl-ef93a8f6-ca63-49dc-855c-e6172cde0611/datanode-7/data/ratis/2d139662-2599-4b05-bd13-ca7758cc0c85/current/log_inprogress_0
2019-09-28 00:07:46,106 [f2b1cee9-5126-4a0c-9c15-774918a74cc9@group-4913561A1ECF-SegmentedRaftLogWorker] INFO  segmented.SegmentedRaftLogWorker (SegmentedRaftLogWorker.java:execute(569)) - f2b1cee9-5126-4a0c-9c15-774918a74cc9@group-4913561A1ECF-SegmentedRaftLogWorker: created new log segment /workdir/hadoop-ozone/integration-test/target/test-dir/MiniOzoneClusterImpl-ef93a8f6-ca63-49dc-855c-e6172cde0611/datanode-1/data/ratis/6560d5ac-4f3e-465e-ba18-4913561a1ecf/current/log_inprogress_0
2019-09-28 00:07:46,169 [main] INFO  ipc.Client (Client.java:handleConnectionFailure(948)) - Retrying connect to server: localhost/127.0.0.1:0. Already tried 5 time(s); retry policy is RetryUpToMaximumCountWithFixedSleep(maxRetries=10, sleepTime=1000 MILLISECONDS)
2019-09-28 00:07:47,170 [main] INFO  ipc.Client (Client.java:handleConnectionFailure(948)) - Retrying connect to server: localhost/127.0.0.1:0. Already tried 6 time(s); retry policy is RetryUpToMaximumCountWithFixedSleep(maxRetries=10, sleepTime=1000 MILLISECONDS)
2019-09-28 00:07:48,172 [main] INFO  ipc.Client (Client.java:handleConnectionFailure(948)) - Retrying connect to server: localhost/127.0.0.1:0. Already tried 7 time(s); retry policy is RetryUpToMaximumCountWithFixedSleep(maxRetries=10, sleepTime=1000 MILLISECONDS)
2019-09-28 00:07:49,173 [main] INFO  ipc.Client (Client.java:handleConnectionFailure(948)) - Retrying connect to server: localhost/127.0.0.1:0. Already tried 8 time(s); retry policy is RetryUpToMaximumCountWithFixedSleep(maxRetries=10, sleepTime=1000 MILLISECONDS)
2019-09-28 00:07:50,175 [main] INFO  ipc.Client (Client.java:handleConnectionFailure(948)) - Retrying connect to server: localhost/127.0.0.1:0. Already tried 9 time(s); retry policy is RetryUpToMaximumCountWithFixedSleep(maxRetries=10, sleepTime=1000 MILLISECONDS)
2019-09-28 00:07:50,177 [main] INFO  retry.RetryInvocationHandler (RetryInvocationHandler.java:log(411)) - com.google.protobuf.ServiceException: java.net.ConnectException: Your endpoint configuration is wrong; For more details see:  http://wiki.apache.org/hadoop/UnsetHostnameOrPort, while invoking $Proxy36.submitRequest over nodeId=null,nodeAddress=127.0.0.1:0 after 1 failover attempts. Trying to failover immediately.
2019-09-28 00:07:51,178 [main] INFO  ipc.Client (Client.java:handleConnectionFailure(948)) - Retrying connect to server: localhost/127.0.0.1:0. Already tried 0 time(s); retry policy is RetryUpToMaximumCountWithFixedSleep(maxRetries=10, sleepTime=1000 MILLISECONDS)
2019-09-28 00:07:52,189 [main] INFO  ipc.Client (Client.java:handleConnectionFailure(948)) - Retrying connect to server: localhost/127.0.0.1:0. Already tried 1 time(s); retry policy is RetryUpToMaximumCountWithFixedSleep(maxRetries=10, sleepTime=1000 MILLISECONDS)
2019-09-28 00:07:53,190 [main] INFO  ipc.Client (Client.java:handleConnectionFailure(948)) - Retrying connect to server: localhost/127.0.0.1:0. Already tried 2 time(s); retry policy is RetryUpToMaximumCountWithFixedSleep(maxRetries=10, sleepTime=1000 MILLISECONDS)
2019-09-28 00:07:54,192 [main] INFO  ipc.Client (Client.java:handleConnectionFailure(948)) - Retrying connect to server: localhost/127.0.0.1:0. Already tried 3 time(s); retry policy is RetryUpToMaximumCountWithFixedSleep(maxRetries=10, sleepTime=1000 MILLISECONDS)
2019-09-28 00:07:55,193 [main] INFO  ipc.Client (Client.java:handleConnectionFailure(948)) - Retrying connect to server: localhost/127.0.0.1:0. Already tried 4 time(s); retry policy is RetryUpToMaximumCountWithFixedSleep(maxRetries=10, sleepTime=1000 MILLISECONDS)
2019-09-28 00:07:56,194 [main] INFO  ipc.Client (Client.java:handleConnectionFailure(948)) - Retrying connect to server: localhost/127.0.0.1:0. Already tried 5 time(s); retry policy is RetryUpToMaximumCountWithFixedSleep(maxRetries=10, sleepTime=1000 MILLISECONDS)
2019-09-28 00:07:57,195 [main] INFO  ipc.Client (Client.java:handleConnectionFailure(948)) - Retrying connect to server: localhost/127.0.0.1:0. Already tried 6 time(s); retry policy is RetryUpToMaximumCountWithFixedSleep(maxRetries=10, sleepTime=1000 MILLISECONDS)
2019-09-28 00:07:58,197 [main] INFO  ipc.Client (Client.java:handleConnectionFailure(948)) - Retrying connect to server: localhost/127.0.0.1:0. Already tried 7 time(s); retry policy is RetryUpToMaximumCountWithFixedSleep(maxRetries=10, sleepTime=1000 MILLISECONDS)
2019-09-28 00:07:59,198 [main] INFO  ipc.Client (Client.java:handleConnectionFailure(948)) - Retrying connect to server: localhost/127.0.0.1:0. Already tried 8 time(s); retry policy is RetryUpToMaximumCountWithFixedSleep(maxRetries=10, sleepTime=1000 MILLISECONDS)
2019-09-28 00:08:00,199 [main] INFO  ipc.Client (Client.java:handleConnectionFailure(948)) - Retrying connect to server: localhost/127.0.0.1:0. Already tried 9 time(s); retry policy is RetryUpToMaximumCountWithFixedSleep(maxRetries=10, sleepTime=1000 MILLISECONDS)
2019-09-28 00:08:00,201 [main] INFO  retry.RetryInvocationHandler (RetryInvocationHandler.java:log(411)) - com.google.protobuf.ServiceException: java.net.ConnectException: Your endpoint configuration is wrong; For more details see:  http://wiki.apache.org/hadoop/UnsetHostnameOrPort, while invoking $Proxy36.submitRequest over nodeId=null,nodeAddress=127.0.0.1:0 after 2 failover attempts. Trying to failover immediately.
2019-09-28 00:08:01,202 [main] INFO  ipc.Client (Client.java:handleConnectionFailure(948)) - Retrying connect to server: localhost/127.0.0.1:0. Already tried 0 time(s); retry policy is RetryUpToMaximumCountWithFixedSleep(maxRetries=10, sleepTime=1000 MILLISECONDS)
2019-09-28 00:08:02,203 [main] INFO  ipc.Client (Client.java:handleConnectionFailure(948)) - Retrying connect to server: localhost/127.0.0.1:0. Already tried 1 time(s); retry policy is RetryUpToMaximumCountWithFixedSleep(maxRetries=10, sleepTime=1000 MILLISECONDS)
2019-09-28 00:08:03,204 [main] INFO  ipc.Client (Client.java:handleConnectionFailure(948)) - Retrying connect to server: localhost/127.0.0.1:0. Already tried 2 time(s); retry policy is RetryUpToMaximumCountWithFixedSleep(maxRetries=10, sleepTime=1000 MILLISECONDS)
2019-09-28 00:08:04,206 [main] INFO  ipc.Client (Client.java:handleConnectionFailure(948)) - Retrying connect to server: localhost/127.0.0.1:0. Already tried 3 time(s); retry policy is RetryUpToMaximumCountWithFixedSleep(maxRetries=10, sleepTime=1000 MILLISECONDS)
2019-09-28 00:08:05,208 [main] INFO  ipc.Client (Client.java:handleConnectionFailure(948)) - Retrying connect to server: localhost/127.0.0.1:0. Already tried 4 time(s); retry policy is RetryUpToMaximumCountWithFixedSleep(maxRetries=10, sleepTime=1000 MILLISECONDS)
2019-09-28 00:08:06,209 [main] INFO  ipc.Client (Client.java:handleConnectionFailure(948)) - Retrying connect to server: localhost/127.0.0.1:0. Already tried 5 time(s); retry policy is RetryUpToMaximumCountWithFixedSleep(maxRetries=10, sleepTime=1000 MILLISECONDS)
2019-09-28 00:08:07,210 [main] INFO  ipc.Client (Client.java:handleConnectionFailure(948)) - Retrying connect to server: localhost/127.0.0.1:0. Already tried 6 time(s); retry policy is RetryUpToMaximumCountWithFixedSleep(maxRetries=10, sleepTime=1000 MILLISECONDS)
2019-09-28 00:08:08,211 [main] INFO  ipc.Client (Client.java:handleConnectionFailure(948)) - Retrying connect to server: localhost/127.0.0.1:0. Already tried 7 time(s); retry policy is RetryUpToMaximumCountWithFixedSleep(maxRetries=10, sleepTime=1000 MILLISECONDS)
2019-09-28 00:08:09,212 [main] INFO  ipc.Client (Client.java:handleConnectionFailure(948)) - Retrying connect to server: localhost/127.0.0.1:0. Already tried 8 time(s); retry policy is RetryUpToMaximumCountWithFixedSleep(maxRetries=10, sleepTime=1000 MILLISECONDS)
2019-09-28 00:08:10,214 [main] INFO  ipc.Client (Client.java:handleConnectionFailure(948)) - Retrying connect to server: localhost/127.0.0.1:0. Already tried 9 time(s); retry policy is RetryUpToMaximumCountWithFixedSleep(maxRetries=10, sleepTime=1000 MILLISECONDS)
2019-09-28 00:08:10,216 [main] INFO  retry.RetryInvocationHandler (RetryInvocationHandler.java:log(411)) - com.google.protobuf.ServiceException: java.net.ConnectException: Your endpoint configuration is wrong; For more details see:  http://wiki.apache.org/hadoop/UnsetHostnameOrPort, while invoking $Proxy36.submitRequest over nodeId=null,nodeAddress=127.0.0.1:0 after 3 failover attempts. Trying to failover immediately.
2019-09-28 00:08:11,217 [main] INFO  ipc.Client (Client.java:handleConnectionFailure(948)) - Retrying connect to server: localhost/127.0.0.1:0. Already tried 0 time(s); retry policy is RetryUpToMaximumCountWithFixedSleep(maxRetries=10, sleepTime=1000 MILLISECONDS)
2019-09-28 00:08:12,218 [main] INFO  ipc.Client (Client.java:handleConnectionFailure(948)) - Retrying connect to server: localhost/127.0.0.1:0. Already tried 1 time(s); retry policy is RetryUpToMaximumCountWithFixedSleep(maxRetries=10, sleepTime=1000 MILLISECONDS)
2019-09-28 00:08:13,219 [main] INFO  ipc.Client (Client.java:handleConnectionFailure(948)) - Retrying connect to server: localhost/127.0.0.1:0. Already tried 2 time(s); retry policy is RetryUpToMaximumCountWithFixedSleep(maxRetries=10, sleepTime=1000 MILLISECONDS)
2019-09-28 00:08:14,221 [main] INFO  ipc.Client (Client.java:handleConnectionFailure(948)) - Retrying connect to server: localhost/127.0.0.1:0. Already tried 3 time(s); retry policy is RetryUpToMaximumCountWithFixedSleep(maxRetries=10, sleepTime=1000 MILLISECONDS)
2019-09-28 00:08:15,222 [main] INFO  ipc.Client (Client.java:handleConnectionFailure(948)) - Retrying connect to server: localhost/127.0.0.1:0. Already tried 4 time(s); retry policy is RetryUpToMaximumCountWithFixedSleep(maxRetries=10, sleepTime=1000 MILLISECONDS)
2019-09-28 00:08:16,223 [main] INFO  ipc.Client (Client.java:handleConnectionFailure(948)) - Retrying connect to server: localhost/127.0.0.1:0. Already tried 5 time(s); retry policy is RetryUpToMaximumCountWithFixedSleep(maxRetries=10, sleepTime=1000 MILLISECONDS)
2019-09-28 00:08:17,225 [main] INFO  ipc.Client (Client.java:handleConnectionFailure(948)) - Retrying connect to server: localhost/127.0.0.1:0. Already tried 6 time(s); retry policy is RetryUpToMaximumCountWithFixedSleep(maxRetries=10, sleepTime=1000 MILLISECONDS)
2019-09-28 00:08:18,226 [main] INFO  ipc.Client (Client.java:handleConnectionFailure(948)) - Retrying connect to server: localhost/127.0.0.1:0. Already tried 7 time(s); retry policy is RetryUpToMaximumCountWithFixedSleep(maxRetries=10, sleepTime=1000 MILLISECONDS)
2019-09-28 00:08:19,228 [main] INFO  ipc.Client (Client.java:handleConnectionFailure(948)) - Retrying connect to server: localhost/127.0.0.1:0. Already tried 8 time(s); retry policy is RetryUpToMaximumCountWithFixedSleep(maxRetries=10, sleepTime=1000 MILLISECONDS)
2019-09-28 00:08:20,229 [main] INFO  ipc.Client (Client.java:handleConnectionFailure(948)) - Retrying connect to server: localhost/127.0.0.1:0. Already tried 9 time(s); retry policy is RetryUpToMaximumCountWithFixedSleep(maxRetries=10, sleepTime=1000 MILLISECONDS)
2019-09-28 00:08:20,231 [main] INFO  retry.RetryInvocationHandler (RetryInvocationHandler.java:log(411)) - com.google.protobuf.ServiceException: java.net.ConnectException: Your endpoint configuration is wrong; For more details see:  http://wiki.apache.org/hadoop/UnsetHostnameOrPort, while invoking $Proxy36.submitRequest over nodeId=null,nodeAddress=127.0.0.1:0 after 4 failover attempts. Trying to failover immediately.
2019-09-28 00:08:21,232 [main] INFO  ipc.Client (Client.java:handleConnectionFailure(948)) - Retrying connect to server: localhost/127.0.0.1:0. Already tried 0 time(s); retry policy is RetryUpToMaximumCountWithFixedSleep(maxRetries=10, sleepTime=1000 MILLISECONDS)
2019-09-28 00:08:22,233 [main] INFO  ipc.Client (Client.java:handleConnectionFailure(948)) - Retrying connect to server: localhost/127.0.0.1:0. Already tried 1 time(s); retry policy is RetryUpToMaximumCountWithFixedSleep(maxRetries=10, sleepTime=1000 MILLISECONDS)
2019-09-28 00:08:23,235 [main] INFO  ipc.Client (Client.java:handleConnectionFailure(948)) - Retrying connect to server: localhost/127.0.0.1:0. Already tried 2 time(s); retry policy is RetryUpToMaximumCountWithFixedSleep(maxRetries=10, sleepTime=1000 MILLISECONDS)
2019-09-28 00:08:24,553 [main] INFO  ipc.Client (Client.java:handleConnectionFailure(948)) - Retrying connect to server: localhost/127.0.0.1:0. Already tried 3 time(s); retry policy is RetryUpToMaximumCountWithFixedSleep(maxRetries=10, sleepTime=1000 MILLISECONDS)
2019-09-28 00:08:25,587 [main] INFO  ipc.Client (Client.java:handleConnectionFailure(948)) - Retrying connect to server: localhost/127.0.0.1:0. Already tried 4 time(s); retry policy is RetryUpToMaximumCountWithFixedSleep(maxRetries=10, sleepTime=1000 MILLISECONDS)
2019-09-28 00:08:26,588 [main] INFO  ipc.Client (Client.java:handleConnectionFailure(948)) - Retrying connect to server: localhost/127.0.0.1:0. Already tried 5 time(s); retry policy is RetryUpToMaximumCountWithFixedSleep(maxRetries=10, sleepTime=1000 MILLISECONDS)
2019-09-28 00:08:27,590 [main] INFO  ipc.Client (Client.java:handleConnectionFailure(948)) - Retrying connect to server: localhost/127.0.0.1:0. Already tried 6 time(s); retry policy is RetryUpToMaximumCountWithFixedSleep(maxRetries=10, sleepTime=1000 MILLISECONDS)
2019-09-28 00:08:28,591 [main] INFO  ipc.Client (Client.java:handleConnectionFailure(948)) - Retrying connect to server: localhost/127.0.0.1:0. Already tried 7 time(s); retry policy is RetryUpToMaximumCountWithFixedSleep(maxRetries=10, sleepTime=1000 MILLISECONDS)
2019-09-28 00:08:29,592 [main] INFO  ipc.Client (Client.java:handleConnectionFailure(948)) - Retrying connect to server: localhost/127.0.0.1:0. Already tried 8 time(s); retry policy is RetryUpToMaximumCountWithFixedSleep(maxRetries=10, sleepTime=1000 MILLISECONDS)
2019-09-28 00:08:30,593 [main] INFO  ipc.Client (Client.java:handleConnectionFailure(948)) - Retrying connect to server: localhost/127.0.0.1:0. Already tried 9 time(s); retry policy is RetryUpToMaximumCountWithFixedSleep(maxRetries=10, sleepTime=1000 MILLISECONDS)
2019-09-28 00:08:30,595 [main] INFO  retry.RetryInvocationHandler (RetryInvocationHandler.java:log(411)) - com.google.protobuf.ServiceException: java.net.ConnectException: Your endpoint configuration is wrong; For more details see:  http://wiki.apache.org/hadoop/UnsetHostnameOrPort, while invoking $Proxy36.submitRequest over nodeId=null,nodeAddress=127.0.0.1:0 after 5 failover attempts. Trying to failover immediately.
2019-09-28 00:08:31,597 [main] INFO  ipc.Client (Client.java:handleConnectionFailure(948)) - Retrying connect to server: localhost/127.0.0.1:0. Already tried 0 time(s); retry policy is RetryUpToMaximumCountWithFixedSleep(maxRetries=10, sleepTime=1000 MILLISECONDS)
2019-09-28 00:08:32,598 [main] INFO  ipc.Client (Client.java:handleConnectionFailure(948)) - Retrying connect to server: localhost/127.0.0.1:0. Already tried 1 time(s); retry policy is RetryUpToMaximumCountWithFixedSleep(maxRetries=10, sleepTime=1000 MILLISECONDS)
2019-09-28 00:08:33,599 [main] INFO  ipc.Client (Client.java:handleConnectionFailure(948)) - Retrying connect to server: localhost/127.0.0.1:0. Already tried 2 time(s); retry policy is RetryUpToMaximumCountWithFixedSleep(maxRetries=10, sleepTime=1000 MILLISECONDS)
2019-09-28 00:08:34,601 [main] INFO  ipc.Client (Client.java:handleConnectionFailure(948)) - Retrying connect to server: localhost/127.0.0.1:0. Already tried 3 time(s); retry policy is RetryUpToMaximumCountWithFixedSleep(maxRetries=10, sleepTime=1000 MILLISECONDS)
2019-09-28 00:08:35,602 [main] INFO  ipc.Client (Client.java:handleConnectionFailure(948)) - Retrying connect to server: localhost/127.0.0.1:0. Already tried 4 time(s); retry policy is RetryUpToMaximumCountWithFixedSleep(maxRetries=10, sleepTime=1000 MILLISECONDS)
2019-09-28 00:08:36,603 [main] INFO  ipc.Client (Client.java:handleConnectionFailure(948)) - Retrying connect to server: localhost/127.0.0.1:0. Already tried 5 time(s); retry policy is RetryUpToMaximumCountWithFixedSleep(maxRetries=10, sleepTime=1000 MILLISECONDS)
2019-09-28 00:08:37,604 [main] INFO  ipc.Client (Client.java:handleConnectionFailure(948)) - Retrying connect to server: localhost/127.0.0.1:0. Already tried 6 time(s); retry policy is RetryUpToMaximumCountWithFixedSleep(maxRetries=10, sleepTime=1000 MILLISECONDS)
2019-09-28 00:08:38,606 [main] INFO  ipc.Client (Client.java:handleConnectionFailure(948)) - Retrying connect to server: localhost/127.0.0.1:0. Already tried 7 time(s); retry policy is RetryUpToMaximumCountWithFixedSleep(maxRetries=10, sleepTime=1000 MILLISECONDS)
2019-09-28 00:08:39,607 [main] INFO  ipc.Client (Client.java:handleConnectionFailure(948)) - Retrying connect to server: localhost/127.0.0.1:0. Already tried 8 time(s); retry policy is RetryUpToMaximumCountWithFixedSleep(maxRetries=10, sleepTime=1000 MILLISECONDS)
2019-09-28 00:08:40,608 [main] INFO  ipc.Client (Client.java:handleConnectionFailure(948)) - Retrying connect to server: localhost/127.0.0.1:0. Already tried 9 time(s); retry policy is RetryUpToMaximumCountWithFixedSleep(maxRetries=10, sleepTime=1000 MILLISECONDS)
2019-09-28 00:08:40,610 [main] INFO  retry.RetryInvocationHandler (RetryInvocationHandler.java:log(411)) - com.google.protobuf.ServiceException: java.net.ConnectException: Your endpoint configuration is wrong; For more details see:  http://wiki.apache.org/hadoop/UnsetHostnameOrPort, while invoking $Proxy36.submitRequest over nodeId=null,nodeAddress=127.0.0.1:0 after 6 failover attempts. Trying to failover immediately.
2019-09-28 00:08:41,611 [main] INFO  ipc.Client (Client.java:handleConnectionFailure(948)) - Retrying connect to server: localhost/127.0.0.1:0. Already tried 0 time(s); retry policy is RetryUpToMaximumCountWithFixedSleep(maxRetries=10, sleepTime=1000 MILLISECONDS)
2019-09-28 00:08:42,613 [main] INFO  ipc.Client (Client.java:handleConnectionFailure(948)) - Retrying connect to server: localhost/127.0.0.1:0. Already tried 1 time(s); retry policy is RetryUpToMaximumCountWithFixedSleep(maxRetries=10, sleepTime=1000 MILLISECONDS)
2019-09-28 00:08:43,614 [main] INFO  ipc.Client (Client.java:handleConnectionFailure(948)) - Retrying connect to server: localhost/127.0.0.1:0. Already tried 2 time(s); retry policy is RetryUpToMaximumCountWithFixedSleep(maxRetries=10, sleepTime=1000 MILLISECONDS)
2019-09-28 00:08:44,615 [main] INFO  ipc.Client (Client.java:handleConnectionFailure(948)) - Retrying connect to server: localhost/127.0.0.1:0. Already tried 3 time(s); retry policy is RetryUpToMaximumCountWithFixedSleep(maxRetries=10, sleepTime=1000 MILLISECONDS)
2019-09-28 00:08:45,617 [main] INFO  ipc.Client (Client.java:handleConnectionFailure(948)) - Retrying connect to server: localhost/127.0.0.1:0. Already tried 4 time(s); retry policy is RetryUpToMaximumCountWithFixedSleep(maxRetries=10, sleepTime=1000 MILLISECONDS)
2019-09-28 00:08:46,618 [main] INFO  ipc.Client (Client.java:handleConnectionFailure(948)) - Retrying connect to server: localhost/127.0.0.1:0. Already tried 5 time(s); retry policy is RetryUpToMaximumCountWithFixedSleep(maxRetries=10, sleepTime=1000 MILLISECONDS)
2019-09-28 00:08:47,619 [main] INFO  ipc.Client (Client.java:handleConnectionFailure(948)) - Retrying connect to server: localhost/127.0.0.1:0. Already tried 6 time(s); retry policy is RetryUpToMaximumCountWithFixedSleep(maxRetries=10, sleepTime=1000 MILLISECONDS)
2019-09-28 00:08:48,621 [main] INFO  ipc.Client (Client.java:handleConnectionFailure(948)) - Retrying connect to server: localhost/127.0.0.1:0. Already tried 7 time(s); retry policy is RetryUpToMaximumCountWithFixedSleep(maxRetries=10, sleepTime=1000 MILLISECONDS)
2019-09-28 00:08:49,622 [main] INFO  ipc.Client (Client.java:handleConnectionFailure(948)) - Retrying connect to server: localhost/127.0.0.1:0. Already tried 8 time(s); retry policy is RetryUpToMaximumCountWithFixedSleep(maxRetries=10, sleepTime=1000 MILLISECONDS)
2019-09-28 00:08:50,623 [main] INFO  ipc.Client (Client.java:handleConnectionFailure(948)) - Retrying connect to server: localhost/127.0.0.1:0. Already tried 9 time(s); retry policy is RetryUpToMaximumCountWithFixedSleep(maxRetries=10, sleepTime=1000 MILLISECONDS)
2019-09-28 00:08:50,625 [main] INFO  retry.RetryInvocationHandler (RetryInvocationHandler.java:log(411)) - com.google.protobuf.ServiceException: java.net.ConnectException: Your endpoint configuration is wrong; For more details see:  http://wiki.apache.org/hadoop/UnsetHostnameOrPort, while invoking $Proxy36.submitRequest over nodeId=null,nodeAddress=127.0.0.1:0 after 7 failover attempts. Trying to failover immediately.
2019-09-28 00:08:51,626 [main] INFO  ipc.Client (Client.java:handleConnectionFailure(948)) - Retrying connect to server: localhost/127.0.0.1:0. Already tried 0 time(s); retry policy is RetryUpToMaximumCountWithFixedSleep(maxRetries=10, sleepTime=1000 MILLISECONDS)
2019-09-28 00:08:52,628 [main] INFO  ipc.Client (Client.java:handleConnectionFailure(948)) - Retrying connect to server: localhost/127.0.0.1:0. Already tried 1 time(s); retry policy is RetryUpToMaximumCountWithFixedSleep(maxRetries=10, sleepTime=1000 MILLISECONDS)
2019-09-28 00:08:53,630 [main] INFO  ipc.Client (Client.java:handleConnectionFailure(948)) - Retrying connect to server: localhost/127.0.0.1:0. Already tried 2 time(s); retry policy is RetryUpToMaximumCountWithFixedSleep(maxRetries=10, sleepTime=1000 MILLISECONDS)
2019-09-28 00:08:54,632 [main] INFO  ipc.Client (Client.java:handleConnectionFailure(948)) - Retrying connect to server: localhost/127.0.0.1:0. Already tried 3 time(s); retry policy is RetryUpToMaximumCountWithFixedSleep(maxRetries=10, sleepTime=1000 MILLISECONDS)
2019-09-28 00:08:55,633 [main] INFO  ipc.Client (Client.java:handleConnectionFailure(948)) - Retrying connect to server: localhost/127.0.0.1:0. Already tried 4 time(s); retry policy is RetryUpToMaximumCountWithFixedSleep(maxRetries=10, sleepTime=1000 MILLISECONDS)
2019-09-28 00:08:56,634 [main] INFO  ipc.Client (Client.java:handleConnectionFailure(948)) - Retrying connect to server: localhost/127.0.0.1:0. Already tried 5 time(s); retry policy is RetryUpToMaximumCountWithFixedSleep(maxRetries=10, sleepTime=1000 MILLISECONDS)
2019-09-28 00:08:57,636 [main] INFO  ipc.Client (Client.java:handleConnectionFailure(948)) - Retrying connect to server: localhost/127.0.0.1:0. Already tried 6 time(s); retry policy is RetryUpToMaximumCountWithFixedSleep(maxRetries=10, sleepTime=1000 MILLISECONDS)
2019-09-28 00:08:58,637 [main] INFO  ipc.Client (Client.java:handleConnectionFailure(948)) - Retrying connect to server: localhost/127.0.0.1:0. Already tried 7 time(s); retry policy is RetryUpToMaximumCountWithFixedSleep(maxRetries=10, sleepTime=1000 MILLISECONDS)
2019-09-28 00:08:59,638 [main] INFO  ipc.Client (Client.java:handleConnectionFailure(948)) - Retrying connect to server: localhost/127.0.0.1:0. Already tried 8 time(s); retry policy is RetryUpToMaximumCountWithFixedSleep(maxRetries=10, sleepTime=1000 MILLISECONDS)
2019-09-28 00:09:00,640 [main] INFO  ipc.Client (Client.java:handleConnectionFailure(948)) - Retrying connect to server: localhost/127.0.0.1:0. Already tried 9 time(s); retry policy is RetryUpToMaximumCountWithFixedSleep(maxRetries=10, sleepTime=1000 MILLISECONDS)
2019-09-28 00:09:00,641 [main] INFO  retry.RetryInvocationHandler (RetryInvocationHandler.java:log(411)) - com.google.protobuf.ServiceException: java.net.ConnectException: Your endpoint configuration is wrong; For more details see:  http://wiki.apache.org/hadoop/UnsetHostnameOrPort, while invoking $Proxy36.submitRequest over nodeId=null,nodeAddress=127.0.0.1:0 after 8 failover attempts. Trying to failover immediately.
2019-09-28 00:09:01,643 [main] INFO  ipc.Client (Client.java:handleConnectionFailure(948)) - Retrying connect to server: localhost/127.0.0.1:0. Already tried 0 time(s); retry policy is RetryUpToMaximumCountWithFixedSleep(maxRetries=10, sleepTime=1000 MILLISECONDS)
2019-09-28 00:09:02,644 [main] INFO  ipc.Client (Client.java:handleConnectionFailure(948)) - Retrying connect to server: localhost/127.0.0.1:0. Already tried 1 time(s); retry policy is RetryUpToMaximumCountWithFixedSleep(maxRetries=10, sleepTime=1000 MILLISECONDS)
2019-09-28 00:09:03,645 [main] INFO  ipc.Client (Client.java:handleConnectionFailure(948)) - Retrying connect to server: localhost/127.0.0.1:0. Already tried 2 time(s); retry policy is RetryUpToMaximumCountWithFixedSleep(maxRetries=10, sleepTime=1000 MILLISECONDS)
2019-09-28 00:09:04,647 [main] INFO  ipc.Client (Client.java:handleConnectionFailure(948)) - Retrying connect to server: localhost/127.0.0.1:0. Already tried 3 time(s); retry policy is RetryUpToMaximumCountWithFixedSleep(maxRetries=10, sleepTime=1000 MILLISECONDS)
2019-09-28 00:09:05,648 [main] INFO  ipc.Client (Client.java:handleConnectionFailure(948)) - Retrying connect to server: localhost/127.0.0.1:0. Already tried 4 time(s); retry policy is RetryUpToMaximumCountWithFixedSleep(maxRetries=10, sleepTime=1000 MILLISECONDS)
2019-09-28 00:09:06,650 [main] INFO  ipc.Client (Client.java:handleConnectionFailure(948)) - Retrying connect to server: localhost/127.0.0.1:0. Already tried 5 time(s); retry policy is RetryUpToMaximumCountWithFixedSleep(maxRetries=10, sleepTime=1000 MILLISECONDS)
2019-09-28 00:09:07,651 [main] INFO  ipc.Client (Client.java:handleConnectionFailure(948)) - Retrying connect to server: localhost/127.0.0.1:0. Already tried 6 time(s); retry policy is RetryUpToMaximumCountWithFixedSleep(maxRetries=10, sleepTime=1000 MILLISECONDS)
2019-09-28 00:09:08,652 [main] INFO  ipc.Client (Client.java:handleConnectionFailure(948)) - Retrying connect to server: localhost/127.0.0.1:0. Already tried 7 time(s); retry policy is RetryUpToMaximumCountWithFixedSleep(maxRetries=10, sleepTime=1000 MILLISECONDS)
2019-09-28 00:09:09,654 [main] INFO  ipc.Client (Client.java:handleConnectionFailure(948)) - Retrying connect to server: localhost/127.0.0.1:0. Already tried 8 time(s); retry policy is RetryUpToMaximumCountWithFixedSleep(maxRetries=10, sleepTime=1000 MILLISECONDS)
2019-09-28 00:09:10,655 [main] INFO  ipc.Client (Client.java:handleConnectionFailure(948)) - Retrying connect to server: localhost/127.0.0.1:0. Already tried 9 time(s); retry policy is RetryUpToMaximumCountWithFixedSleep(maxRetries=10, sleepTime=1000 MILLISECONDS)
2019-09-28 00:09:10,656 [main] INFO  retry.RetryInvocationHandler (RetryInvocationHandler.java:log(411)) - com.google.protobuf.ServiceException: java.net.ConnectException: Your endpoint configuration is wrong; For more details see:  http://wiki.apache.org/hadoop/UnsetHostnameOrPort, while invoking $Proxy36.submitRequest over nodeId=null,nodeAddress=127.0.0.1:0 after 9 failover attempts. Trying to failover immediately.
2019-09-28 00:09:11,658 [main] INFO  ipc.Client (Client.java:handleConnectionFailure(948)) - Retrying connect to server: localhost/127.0.0.1:0. Already tried 0 time(s); retry policy is RetryUpToMaximumCountWithFixedSleep(maxRetries=10, sleepTime=1000 MILLISECONDS)
2019-09-28 00:09:12,659 [main] INFO  ipc.Client (Client.java:handleConnectionFailure(948)) - Retrying connect to server: localhost/127.0.0.1:0. Already tried 1 time(s); retry policy is RetryUpToMaximumCountWithFixedSleep(maxRetries=10, sleepTime=1000 MILLISECONDS)
2019-09-28 00:09:13,660 [main] INFO  ipc.Client (Client.java:handleConnectionFailure(948)) - Retrying connect to server: localhost/127.0.0.1:0. Already tried 2 time(s); retry policy is RetryUpToMaximumCountWithFixedSleep(maxRetries=10, sleepTime=1000 MILLISECONDS)
2019-09-28 00:09:14,662 [main] INFO  ipc.Client (Client.java:handleConnectionFailure(948)) - Retrying connect to server: localhost/127.0.0.1:0. Already tried 3 time(s); retry policy is RetryUpToMaximumCountWithFixedSleep(maxRetries=10, sleepTime=1000 MILLISECONDS)
2019-09-28 00:09:15,663 [main] INFO  ipc.Client (Client.java:handleConnectionFailure(948)) - Retrying connect to server: localhost/127.0.0.1:0. Already tried 4 time(s); retry policy is RetryUpToMaximumCountWithFixedSleep(maxRetries=10, sleepTime=1000 MILLISECONDS)
2019-09-28 00:09:16,664 [main] INFO  ipc.Client (Client.java:handleConnectionFailure(948)) - Retrying connect to server: localhost/127.0.0.1:0. Already tried 5 time(s); retry policy is RetryUpToMaximumCountWithFixedSleep(maxRetries=10, sleepTime=1000 MILLISECONDS)
2019-09-28 00:09:17,666 [main] INFO  ipc.Client (Client.java:handleConnectionFailure(948)) - Retrying connect to server: localhost/127.0.0.1:0. Already tried 6 time(s); retry policy is RetryUpToMaximumCountWithFixedSleep(maxRetries=10, sleepTime=1000 MILLISECONDS)
2019-09-28 00:09:18,668 [main] INFO  ipc.Client (Client.java:handleConnectionFailure(948)) - Retrying connect to server: localhost/127.0.0.1:0. Already tried 7 time(s); retry policy is RetryUpToMaximumCountWithFixedSleep(maxRetries=10, sleepTime=1000 MILLISECONDS)
2019-09-28 00:09:19,669 [main] INFO  ipc.Client (Client.java:handleConnectionFailure(948)) - Retrying connect to server: localhost/127.0.0.1:0. Already tried 8 time(s); retry policy is RetryUpToMaximumCountWithFixedSleep(maxRetries=10, sleepTime=1000 MILLISECONDS)
2019-09-28 00:09:20,671 [main] INFO  ipc.Client (Client.java:handleConnectionFailure(948)) - Retrying connect to server: localhost/127.0.0.1:0. Already tried 9 time(s); retry policy is RetryUpToMaximumCountWithFixedSleep(maxRetries=10, sleepTime=1000 MILLISECONDS)
2019-09-28 00:09:20,673 [main] ERROR ha.OMFailoverProxyProvider (OzoneManagerProtocolClientSideTranslatorPB.java:getRetryAction(268)) - Failed to connect to OM. Attempted 10 retries and 10 failovers
2019-09-28 00:09:20,677 [main] ERROR client.OzoneClientFactory (OzoneClientFactory.java:getClientProtocol(259)) - Couldn't create RpcClient protocol exception: 
java.net.ConnectException: Your endpoint configuration is wrong; For more details see:  http://wiki.apache.org/hadoop/UnsetHostnameOrPort
	at sun.reflect.NativeConstructorAccessorImpl.newInstance0(Native Method)
	at sun.reflect.NativeConstructorAccessorImpl.newInstance(NativeConstructorAccessorImpl.java:62)
	at sun.reflect.DelegatingConstructorAccessorImpl.newInstance(DelegatingConstructorAccessorImpl.java:45)
	at java.lang.reflect.Constructor.newInstance(Constructor.java:423)
	at org.apache.hadoop.net.NetUtils.wrapWithMessage(NetUtils.java:831)
	at org.apache.hadoop.net.NetUtils.wrapException(NetUtils.java:751)
	at org.apache.hadoop.ipc.Client.getRpcResponse(Client.java:1515)
	at org.apache.hadoop.ipc.Client.call(Client.java:1457)
	at org.apache.hadoop.ipc.Client.call(Client.java:1367)
	at org.apache.hadoop.ipc.ProtobufRpcEngine$Invoker.invoke(ProtobufRpcEngine.java:228)
	at org.apache.hadoop.ipc.ProtobufRpcEngine$Invoker.invoke(ProtobufRpcEngine.java:116)
	at com.sun.proxy.$Proxy36.submitRequest(Unknown Source)
	at sun.reflect.NativeMethodAccessorImpl.invoke0(Native Method)
	at sun.reflect.NativeMethodAccessorImpl.invoke(NativeMethodAccessorImpl.java:62)
	at sun.reflect.DelegatingMethodAccessorImpl.invoke(DelegatingMethodAccessorImpl.java:43)
	at java.lang.reflect.Method.invoke(Method.java:498)
	at org.apache.hadoop.io.retry.RetryInvocationHandler.invokeMethod(RetryInvocationHandler.java:422)
	at org.apache.hadoop.io.retry.RetryInvocationHandler$Call.invokeMethod(RetryInvocationHandler.java:165)
	at org.apache.hadoop.io.retry.RetryInvocationHandler$Call.invoke(RetryInvocationHandler.java:157)
	at org.apache.hadoop.io.retry.RetryInvocationHandler$Call.invokeOnce(RetryInvocationHandler.java:95)
	at org.apache.hadoop.io.retry.RetryInvocationHandler.invoke(RetryInvocationHandler.java:359)
	at com.sun.proxy.$Proxy36.submitRequest(Unknown Source)
	at org.apache.hadoop.ozone.om.protocolPB.OzoneManagerProtocolClientSideTranslatorPB.submitRequest(OzoneManagerProtocolClientSideTranslatorPB.java:338)
	at org.apache.hadoop.ozone.om.protocolPB.OzoneManagerProtocolClientSideTranslatorPB.getServiceInfo(OzoneManagerProtocolClientSideTranslatorPB.java:1223)
	at sun.reflect.NativeMethodAccessorImpl.invoke0(Native Method)
	at sun.reflect.NativeMethodAccessorImpl.invoke(NativeMethodAccessorImpl.java:62)
	at sun.reflect.DelegatingMethodAccessorImpl.invoke(DelegatingMethodAccessorImpl.java:43)
	at java.lang.reflect.Method.invoke(Method.java:498)
	at org.apache.hadoop.hdds.tracing.TraceAllMethod.invoke(TraceAllMethod.java:66)
	at com.sun.proxy.$Proxy37.getServiceInfo(Unknown Source)
	at org.apache.hadoop.ozone.client.rpc.RpcClient.<init>(RpcClient.java:154)
	at org.apache.hadoop.ozone.client.OzoneClientFactory.getClientProtocol(OzoneClientFactory.java:256)
	at org.apache.hadoop.ozone.client.OzoneClientFactory.getClientProtocol(OzoneClientFactory.java:239)
	at org.apache.hadoop.ozone.client.OzoneClientFactory.getClient(OzoneClientFactory.java:75)
	at org.apache.hadoop.ozone.container.common.statemachine.commandhandler.TestCloseContainerByPipeline.init(TestCloseContainerByPipeline.java:81)
	at sun.reflect.NativeMethodAccessorImpl.invoke0(Native Method)
	at sun.reflect.NativeMethodAccessorImpl.invoke(NativeMethodAccessorImpl.java:62)
	at sun.reflect.DelegatingMethodAccessorImpl.invoke(DelegatingMethodAccessorImpl.java:43)
	at java.lang.reflect.Method.invoke(Method.java:498)
	at org.junit.runners.model.FrameworkMethod$1.runReflectiveCall(FrameworkMethod.java:47)
	at org.junit.internal.runners.model.ReflectiveCallable.run(ReflectiveCallable.java:12)
	at org.junit.runners.model.FrameworkMethod.invokeExplosively(FrameworkMethod.java:44)
	at org.junit.internal.runners.statements.RunBefores.evaluate(RunBefores.java:24)
	at org.junit.internal.runners.statements.RunAfters.evaluate(RunAfters.java:27)
	at org.junit.runners.ParentRunner.run(ParentRunner.java:309)
	at org.apache.maven.surefire.junit4.JUnit4Provider.execute(JUnit4Provider.java:365)
	at org.apache.maven.surefire.junit4.JUnit4Provider.executeWithRerun(JUnit4Provider.java:273)
	at org.apache.maven.surefire.junit4.JUnit4Provider.executeTestSet(JUnit4Provider.java:238)
	at org.apache.maven.surefire.junit4.JUnit4Provider.invoke(JUnit4Provider.java:159)
	at org.apache.maven.surefire.booter.ForkedBooter.invokeProviderInSameClassLoader(ForkedBooter.java:384)
	at org.apache.maven.surefire.booter.ForkedBooter.runSuitesInProcess(ForkedBooter.java:345)
	at org.apache.maven.surefire.booter.ForkedBooter.execute(ForkedBooter.java:126)
	at org.apache.maven.surefire.booter.ForkedBooter.main(ForkedBooter.java:418)
Caused by: java.net.ConnectException: Connection refused
	at sun.nio.ch.SocketChannelImpl.checkConnect(Native Method)
	at sun.nio.ch.SocketChannelImpl.finishConnect(SocketChannelImpl.java:717)
	at org.apache.hadoop.net.SocketIOWithTimeout.connect(SocketIOWithTimeout.java:206)
	at org.apache.hadoop.net.NetUtils.connect(NetUtils.java:531)
	at org.apache.hadoop.ipc.Client$Connection.setupConnection(Client.java:690)
	at org.apache.hadoop.ipc.Client$Connection.setupIOstreams(Client.java:794)
	at org.apache.hadoop.ipc.Client$Connection.access$3700(Client.java:411)
	at org.apache.hadoop.ipc.Client.getConnection(Client.java:1572)
	at org.apache.hadoop.ipc.Client.call(Client.java:1403)
	... 45 more
2019-09-28 00:09:20,683 [main] INFO  ozone.MiniOzoneClusterImpl (MiniOzoneClusterImpl.java:shutdown(314)) - Shutting down the Mini Ozone Cluster
2019-09-28 00:09:20,684 [main] INFO  ozone.MiniOzoneClusterImpl (MiniOzoneClusterImpl.java:stop(330)) - Stopping the Mini Ozone Cluster
2019-09-28 00:09:20,684 [main] INFO  ozone.MiniOzoneClusterImpl (MiniOzoneClusterImpl.java:stopOM(400)) - Stopping the OzoneManager
2019-09-28 00:09:20,684 [main] INFO  ipc.Server (Server.java:stop(3082)) - Stopping server on 37179
2019-09-28 00:09:20,692 [IPC Server listener on 37179] INFO  ipc.Server (Server.java:run(1185)) - Stopping IPC Server listener on 37179
2019-09-28 00:09:20,697 [main] INFO  ratis.OzoneManagerDoubleBuffer (OzoneManagerDoubleBuffer.java:stop(248)) - Stopping OMDoubleBuffer flush thread
2019-09-28 00:09:20,700 [IPC Server Responder] INFO  ipc.Server (Server.java:run(1319)) - Stopping IPC Server Responder
2019-09-28 00:09:20,712 [OMDoubleBufferFlushThread] INFO  ratis.OzoneManagerDoubleBuffer (OzoneManagerDoubleBuffer.java:flushTransactions(191)) - OMDoubleBuffer flush thread OMDoubleBufferFlushThread is interrupted and will exit. OMDoubleBufferFlushThread
2019-09-28 00:09:20,728 [main] INFO  utils.BackgroundService (BackgroundService.java:shutdown(148)) - Shutting down service KeyDeletingService
2019-09-28 00:09:20,755 [main] INFO  handler.ContextHandler (ContextHandler.java:doStop(910)) - Stopped o.e.j.w.WebAppContext@22d1886d{/,null,UNAVAILABLE}{/ozoneManager}
2019-09-28 00:09:20,761 [main] INFO  server.AbstractConnector (AbstractConnector.java:doStop(318)) - Stopped ServerConnector@7df60067{HTTP/1.1,[http/1.1]}{0.0.0.0:0}
2019-09-28 00:09:20,762 [main] INFO  handler.ContextHandler (ContextHandler.java:doStop(910)) - Stopped o.e.j.s.ServletContextHandler@5cf8edcf{/static,file:///workdir/hadoop-ozone/integration-test/target/test-classes/webapps/static,UNAVAILABLE}
2019-09-28 00:09:20,762 [main] INFO  handler.ContextHandler (ContextHandler.java:doStop(910)) - Stopped o.e.j.s.ServletContextHandler@67dba613{/logs,file:///workdir/hadoop-ozone/integration-test/target/log,UNAVAILABLE}
2019-09-28 00:09:21,009 [main] INFO  ozone.MiniOzoneClusterImpl (MiniOzoneClusterImpl.java:stopDatanodes(377)) - Stopping the HddsDatanodes
2019-09-28 00:09:21,539 [Datanode State Machine Thread - 0] INFO  statemachine.DatanodeStateMachine (DatanodeStateMachine.java:lambda$startDaemon$0(350)) - Ozone container server started.
2019-09-28 00:09:21,556 [Datanode State Machine Thread - 0] INFO  statemachine.DatanodeStateMachine (DatanodeStateMachine.java:lambda$startDaemon$0(350)) - Ozone container server started.
2019-09-28 00:09:26,012 [ForkJoinPool.commonPool-worker-0] INFO  ozoneimpl.OzoneContainer (OzoneContainer.java:stop(231)) - Attempting to stop container services.
2019-09-28 00:09:26,012 [main] INFO  ozoneimpl.OzoneContainer (OzoneContainer.java:stop(231)) - Attempting to stop container services.
2019-09-28 00:09:26,014 [main] INFO  impl.RaftServerProxy (RaftServerProxy.java:lambda$close$4(314)) - 7eeb4e41-83cf-4f16-b692-5d167ffa47e8: close
2019-09-28 00:09:26,014 [ForkJoinPool.commonPool-worker-0] INFO  impl.RaftServerProxy (RaftServerProxy.java:lambda$close$4(314)) - 1f14f3cf-4ace-4392-be28-431862a0440f: close
2019-09-28 00:09:26,017 [ForkJoinPool.commonPool-worker-0] INFO  impl.RaftServerImpl (RaftServerImpl.java:lambda$shutdown$3(251)) - 1f14f3cf-4ace-4392-be28-431862a0440f@group-CA7758CC0C85: shutdown
2019-09-28 00:09:26,017 [main] INFO  impl.RaftServerImpl (RaftServerImpl.java:lambda$shutdown$3(251)) - 7eeb4e41-83cf-4f16-b692-5d167ffa47e8@group-2E50A81D9438: shutdown
2019-09-28 00:09:26,017 [ForkJoinPool.commonPool-worker-0] INFO  util.JmxRegister (JmxRegister.java:unregister(73)) - Successfully un-registered JMX Bean with object name Ratis:service=RaftServer,group=group-CA7758CC0C85,id=1f14f3cf-4ace-4392-be28-431862a0440f
2019-09-28 00:09:26,018 [main] INFO  util.JmxRegister (JmxRegister.java:unregister(73)) - Successfully un-registered JMX Bean with object name Ratis:service=RaftServer,group=group-2E50A81D9438,id=7eeb4e41-83cf-4f16-b692-5d167ffa47e8
2019-09-28 00:09:26,018 [ForkJoinPool.commonPool-worker-0] INFO  impl.RoleInfo (RoleInfo.java:shutdownFollowerState(121)) - 1f14f3cf-4ace-4392-be28-431862a0440f: shutdown FollowerState
2019-09-28 00:09:26,018 [main] INFO  impl.RoleInfo (RoleInfo.java:shutdownLeaderState(104)) - 7eeb4e41-83cf-4f16-b692-5d167ffa47e8: shutdown LeaderState
2019-09-28 00:09:26,019 [ForkJoinPool.commonPool-worker-0] INFO  impl.StateMachineUpdater (StateMachineUpdater.java:stopAndJoin(125)) - 1f14f3cf-4ace-4392-be28-431862a0440f@group-CA7758CC0C85-StateMachineUpdater: set stopIndex = 0
2019-09-28 00:09:26,019 [Thread-446] INFO  impl.FollowerState (FollowerState.java:run(115)) - 1f14f3cf-4ace-4392-be28-431862a0440f: FollowerState was interrupted: java.lang.InterruptedException: sleep interrupted
2019-09-28 00:09:26,019 [main] INFO  impl.PendingRequests (PendingRequests.java:sendNotLeaderResponses(202)) - 7eeb4e41-83cf-4f16-b692-5d167ffa47e8-PendingRequests: sendNotLeaderResponses
2019-09-28 00:09:26,020 [ForkJoinPool.commonPool-worker-0] INFO  impl.RaftServerImpl (ServerState.java:close(385)) - 1f14f3cf-4ace-4392-be28-431862a0440f@group-CA7758CC0C85: closes. applyIndex: 0
2019-09-28 00:09:26,025 [main] INFO  impl.StateMachineUpdater (StateMachineUpdater.java:stopAndJoin(125)) - 7eeb4e41-83cf-4f16-b692-5d167ffa47e8@group-2E50A81D9438-StateMachineUpdater: set stopIndex = 0
2019-09-28 00:09:26,029 [main] INFO  impl.RaftServerImpl (ServerState.java:close(385)) - 7eeb4e41-83cf-4f16-b692-5d167ffa47e8@group-2E50A81D9438: closes. applyIndex: 0
2019-09-28 00:09:26,030 [7eeb4e41-83cf-4f16-b692-5d167ffa47e8@group-2E50A81D9438-SegmentedRaftLogWorker] INFO  segmented.SegmentedRaftLogWorker (SegmentedRaftLogWorker.java:run(313)) - 7eeb4e41-83cf-4f16-b692-5d167ffa47e8@group-2E50A81D9438-SegmentedRaftLogWorker was interrupted, exiting. There are 0 tasks remaining in the queue.
2019-09-28 00:09:26,030 [1f14f3cf-4ace-4392-be28-431862a0440f@group-CA7758CC0C85-SegmentedRaftLogWorker] INFO  segmented.SegmentedRaftLogWorker (SegmentedRaftLogWorker.java:run(313)) - 1f14f3cf-4ace-4392-be28-431862a0440f@group-CA7758CC0C85-SegmentedRaftLogWorker was interrupted, exiting. There are 0 tasks remaining in the queue.
2019-09-28 00:09:26,044 [main] INFO  segmented.SegmentedRaftLogWorker (SegmentedRaftLogWorker.java:close(228)) - 7eeb4e41-83cf-4f16-b692-5d167ffa47e8@group-2E50A81D9438-SegmentedRaftLogWorker close()
2019-09-28 00:09:26,044 [ForkJoinPool.commonPool-worker-0] INFO  segmented.SegmentedRaftLogWorker (SegmentedRaftLogWorker.java:close(228)) - 1f14f3cf-4ace-4392-be28-431862a0440f@group-CA7758CC0C85-SegmentedRaftLogWorker close()
2019-09-28 00:09:26,055 [main] INFO  impl.RaftServerImpl (RaftServerImpl.java:lambda$shutdown$3(251)) - 7eeb4e41-83cf-4f16-b692-5d167ffa47e8@group-4913561A1ECF: shutdown
2019-09-28 00:09:26,055 [ForkJoinPool.commonPool-worker-0] INFO  impl.RaftServerImpl (RaftServerImpl.java:lambda$shutdown$3(251)) - 1f14f3cf-4ace-4392-be28-431862a0440f@group-3C03CB493776: shutdown
2019-09-28 00:09:26,056 [main] INFO  util.JmxRegister (JmxRegister.java:unregister(73)) - Successfully un-registered JMX Bean with object name Ratis:service=RaftServer,group=group-4913561A1ECF,id=7eeb4e41-83cf-4f16-b692-5d167ffa47e8
2019-09-28 00:09:26,056 [ForkJoinPool.commonPool-worker-0] INFO  util.JmxRegister (JmxRegister.java:unregister(73)) - Successfully un-registered JMX Bean with object name Ratis:service=RaftServer,group=group-3C03CB493776,id=1f14f3cf-4ace-4392-be28-431862a0440f
2019-09-28 00:09:26,056 [main] INFO  impl.RoleInfo (RoleInfo.java:shutdownFollowerState(121)) - 7eeb4e41-83cf-4f16-b692-5d167ffa47e8: shutdown FollowerState
2019-09-28 00:09:26,056 [ForkJoinPool.commonPool-worker-0] INFO  impl.RoleInfo (RoleInfo.java:shutdownLeaderState(104)) - 1f14f3cf-4ace-4392-be28-431862a0440f: shutdown LeaderState
2019-09-28 00:09:26,057 [Thread-451] INFO  impl.FollowerState (FollowerState.java:run(115)) - 7eeb4e41-83cf-4f16-b692-5d167ffa47e8: FollowerState was interrupted: java.lang.InterruptedException: sleep interrupted
2019-09-28 00:09:26,057 [main] INFO  impl.StateMachineUpdater (StateMachineUpdater.java:stopAndJoin(125)) - 7eeb4e41-83cf-4f16-b692-5d167ffa47e8@group-4913561A1ECF-StateMachineUpdater: set stopIndex = 0
2019-09-28 00:09:26,057 [ForkJoinPool.commonPool-worker-0] INFO  impl.PendingRequests (PendingRequests.java:sendNotLeaderResponses(202)) - 1f14f3cf-4ace-4392-be28-431862a0440f-PendingRequests: sendNotLeaderResponses
2019-09-28 00:09:26,060 [main] INFO  impl.RaftServerImpl (ServerState.java:close(385)) - 7eeb4e41-83cf-4f16-b692-5d167ffa47e8@group-4913561A1ECF: closes. applyIndex: 0
2019-09-28 00:09:26,061 [ForkJoinPool.commonPool-worker-0] INFO  impl.StateMachineUpdater (StateMachineUpdater.java:stopAndJoin(125)) - 1f14f3cf-4ace-4392-be28-431862a0440f@group-3C03CB493776-StateMachineUpdater: set stopIndex = 0
2019-09-28 00:09:26,061 [7eeb4e41-83cf-4f16-b692-5d167ffa47e8@group-4913561A1ECF-SegmentedRaftLogWorker] INFO  segmented.SegmentedRaftLogWorker (SegmentedRaftLogWorker.java:run(313)) - 7eeb4e41-83cf-4f16-b692-5d167ffa47e8@group-4913561A1ECF-SegmentedRaftLogWorker was interrupted, exiting. There are 0 tasks remaining in the queue.
2019-09-28 00:09:26,061 [ForkJoinPool.commonPool-worker-0] INFO  impl.RaftServerImpl (ServerState.java:close(385)) - 1f14f3cf-4ace-4392-be28-431862a0440f@group-3C03CB493776: closes. applyIndex: 0
2019-09-28 00:09:26,064 [main] INFO  segmented.SegmentedRaftLogWorker (SegmentedRaftLogWorker.java:close(228)) - 7eeb4e41-83cf-4f16-b692-5d167ffa47e8@group-4913561A1ECF-SegmentedRaftLogWorker close()
2019-09-28 00:09:26,064 [1f14f3cf-4ace-4392-be28-431862a0440f@group-3C03CB493776-SegmentedRaftLogWorker] INFO  segmented.SegmentedRaftLogWorker (SegmentedRaftLogWorker.java:run(313)) - 1f14f3cf-4ace-4392-be28-431862a0440f@group-3C03CB493776-SegmentedRaftLogWorker was interrupted, exiting. There are 0 tasks remaining in the queue.
2019-09-28 00:09:26,073 [ForkJoinPool.commonPool-worker-0] INFO  segmented.SegmentedRaftLogWorker (SegmentedRaftLogWorker.java:close(228)) - 1f14f3cf-4ace-4392-be28-431862a0440f@group-3C03CB493776-SegmentedRaftLogWorker close()
2019-09-28 00:09:26,076 [main] INFO  server.GrpcService (GrpcService.java:closeImpl(164)) - 7eeb4e41-83cf-4f16-b692-5d167ffa47e8: shutdown server with port 42184 now
2019-09-28 00:09:26,078 [ForkJoinPool.commonPool-worker-0] INFO  server.GrpcService (GrpcService.java:closeImpl(164)) - 1f14f3cf-4ace-4392-be28-431862a0440f: shutdown server with port 37786 now
2019-09-28 00:09:26,096 [main] INFO  server.GrpcService (GrpcService.java:closeImpl(172)) - 7eeb4e41-83cf-4f16-b692-5d167ffa47e8: shutdown server with port 42184 successfully
2019-09-28 00:09:26,096 [grpc-default-executor-3] WARN  server.GrpcServerProtocolService (LogUtils.java:warn(134)) - 7eeb4e41-83cf-4f16-b692-5d167ffa47e8: installSnapshot onError, lastRequest: e997bddb-a40f-4466-9539-dfa223a823e1->7eeb4e41-83cf-4f16-b692-5d167ffa47e8#40-t4, previous=(t:4, i:0), leaderCommit=0, initializing? false, entries: <empty>: org.apache.ratis.thirdparty.io.grpc.StatusRuntimeException: CANCELLED: cancelled before receiving half close
2019-09-28 00:09:26,098 [grpc-default-executor-4] WARN  server.GrpcLogAppender (LogUtils.java:warn(134)) - e997bddb-a40f-4466-9539-dfa223a823e1@group-4913561A1ECF->7eeb4e41-83cf-4f16-b692-5d167ffa47e8-AppendLogResponseHandler: Failed appendEntries: org.apache.ratis.thirdparty.io.grpc.StatusRuntimeException: CANCELLED: HTTP/2 error code: CANCEL
Received Rst Stream
2019-09-28 00:09:26,101 [ForkJoinPool.commonPool-worker-0] INFO  server.GrpcService (GrpcService.java:closeImpl(172)) - 1f14f3cf-4ace-4392-be28-431862a0440f: shutdown server with port 37786 successfully
2019-09-28 00:09:26,101 [grpc-default-executor-9] WARN  server.GrpcLogAppender (LogUtils.java:warn(134)) - 1c95823d-847a-4997-a8a6-4cda28e586d4@group-CA7758CC0C85->1f14f3cf-4ace-4392-be28-431862a0440f-AppendLogResponseHandler: Failed appendEntries: org.apache.ratis.thirdparty.io.grpc.StatusRuntimeException: CANCELLED: HTTP/2 error code: CANCEL
Received Rst Stream
2019-09-28 00:09:26,101 [grpc-default-executor-4] INFO  impl.FollowerInfo (FollowerInfo.java:lambda$new$0(51)) - e997bddb-a40f-4466-9539-dfa223a823e1@group-4913561A1ECF->7eeb4e41-83cf-4f16-b692-5d167ffa47e8: nextIndex: updateUnconditionally 1 -> 0
2019-09-28 00:09:26,101 [grpc-default-executor-10] WARN  server.GrpcServerProtocolService (LogUtils.java:warn(134)) - 1f14f3cf-4ace-4392-be28-431862a0440f: installSnapshot onError, lastRequest: 1c95823d-847a-4997-a8a6-4cda28e586d4->1f14f3cf-4ace-4392-be28-431862a0440f#40-t4, previous=(t:4, i:0), leaderCommit=0, initializing? false, entries: <empty>: org.apache.ratis.thirdparty.io.grpc.StatusRuntimeException: CANCELLED: cancelled before receiving half close
2019-09-28 00:09:26,110 [grpc-default-executor-9] INFO  impl.FollowerInfo (FollowerInfo.java:lambda$new$0(51)) - 1c95823d-847a-4997-a8a6-4cda28e586d4@group-CA7758CC0C85->1f14f3cf-4ace-4392-be28-431862a0440f: nextIndex: updateUnconditionally 1 -> 0
2019-09-28 00:09:26,115 [refreshUsed-/workdir/hadoop-ozone/integration-test/target/test-dir/MiniOzoneClusterImpl-ef93a8f6-ca63-49dc-855c-e6172cde0611/datanode-2/data/containers] WARN  fs.CachingGetSpaceUsed (CachingGetSpaceUsed.java:run(183)) - Thread Interrupted waiting to refresh disk information: sleep interrupted
2019-09-28 00:09:26,116 [refreshUsed-/workdir/hadoop-ozone/integration-test/target/test-dir/MiniOzoneClusterImpl-ef93a8f6-ca63-49dc-855c-e6172cde0611/datanode-5/data/containers] WARN  fs.CachingGetSpaceUsed (CachingGetSpaceUsed.java:run(183)) - Thread Interrupted waiting to refresh disk information: sleep interrupted
2019-09-28 00:09:26,143 [ForkJoinPool.commonPool-worker-0] INFO  utils.BackgroundService (BackgroundService.java:shutdown(148)) - Shutting down service BlockDeletingService
2019-09-28 00:09:26,150 [ForkJoinPool.commonPool-worker-0] INFO  statemachine.DatanodeStateMachine (DatanodeStateMachine.java:stopDaemon(395)) - Ozone container server stopped.
2019-09-28 00:09:26,155 [ForkJoinPool.commonPool-worker-0] INFO  handler.ContextHandler (ContextHandler.java:doStop(910)) - Stopped o.e.j.w.WebAppContext@7ecec90d{/,null,UNAVAILABLE}{/hddsDatanode}
2019-09-28 00:09:26,156 [ForkJoinPool.commonPool-worker-0] INFO  server.AbstractConnector (AbstractConnector.java:doStop(318)) - Stopped ServerConnector@588f63c{HTTP/1.1,[http/1.1]}{0.0.0.0:0}
2019-09-28 00:09:26,158 [ForkJoinPool.commonPool-worker-0] INFO  handler.ContextHandler (ContextHandler.java:doStop(910)) - Stopped o.e.j.s.ServletContextHandler@712cfb63{/static,jar:file:/home/user/.m2/repository/org/apache/hadoop/hadoop-hdds-container-service/0.5.0-SNAPSHOT/hadoop-hdds-container-service-0.5.0-SNAPSHOT.jar!/webapps/static,UNAVAILABLE}
2019-09-28 00:09:26,159 [ForkJoinPool.commonPool-worker-0] INFO  handler.ContextHandler (ContextHandler.java:doStop(910)) - Stopped o.e.j.s.ServletContextHandler@726aa968{/logs,file:///workdir/hadoop-ozone/integration-test/target/log,UNAVAILABLE}
2019-09-28 00:09:26,163 [main] INFO  utils.BackgroundService (BackgroundService.java:shutdown(148)) - Shutting down service BlockDeletingService
2019-09-28 00:09:26,171 [main] INFO  statemachine.DatanodeStateMachine (DatanodeStateMachine.java:stopDaemon(395)) - Ozone container server stopped.
2019-09-28 00:09:26,172 [main] INFO  handler.ContextHandler (ContextHandler.java:doStop(910)) - Stopped o.e.j.w.WebAppContext@10f7918f{/,null,UNAVAILABLE}{/hddsDatanode}
2019-09-28 00:09:26,172 [main] INFO  server.AbstractConnector (AbstractConnector.java:doStop(318)) - Stopped ServerConnector@64d4f7c7{HTTP/1.1,[http/1.1]}{0.0.0.0:0}
2019-09-28 00:09:26,173 [main] INFO  handler.ContextHandler (ContextHandler.java:doStop(910)) - Stopped o.e.j.s.ServletContextHandler@3c3c4a71{/static,jar:file:/home/user/.m2/repository/org/apache/hadoop/hadoop-hdds-container-service/0.5.0-SNAPSHOT/hadoop-hdds-container-service-0.5.0-SNAPSHOT.jar!/webapps/static,UNAVAILABLE}
2019-09-28 00:09:26,173 [main] INFO  handler.ContextHandler (ContextHandler.java:doStop(910)) - Stopped o.e.j.s.ServletContextHandler@31ddb930{/logs,file:///workdir/hadoop-ozone/integration-test/target/log,UNAVAILABLE}
2019-09-28 00:09:26,263 [grpc-default-executor-10] WARN  server.GrpcLogAppender (LogUtils.java:warn(134)) - 1c95823d-847a-4997-a8a6-4cda28e586d4@group-CA7758CC0C85->1f14f3cf-4ace-4392-be28-431862a0440f-AppendLogResponseHandler: Failed appendEntries: org.apache.ratis.thirdparty.io.grpc.StatusRuntimeException: UNAVAILABLE: io exception
2019-09-28 00:09:26,267 [grpc-default-executor-10] INFO  impl.FollowerInfo (FollowerInfo.java:lambda$new$0(51)) - 1c95823d-847a-4997-a8a6-4cda28e586d4@group-CA7758CC0C85->1f14f3cf-4ace-4392-be28-431862a0440f: nextIndex: updateUnconditionally 0 -> 0
2019-09-28 00:09:26,367 [grpc-default-executor-9] WARN  server.GrpcLogAppender (LogUtils.java:warn(134)) - e997bddb-a40f-4466-9539-dfa223a823e1@group-4913561A1ECF->7eeb4e41-83cf-4f16-b692-5d167ffa47e8-AppendLogResponseHandler: Failed appendEntries: org.apache.ratis.thirdparty.io.grpc.StatusRuntimeException: UNAVAILABLE: io exception
2019-09-28 00:09:26,370 [grpc-default-executor-9] INFO  impl.FollowerInfo (FollowerInfo.java:lambda$new$0(51)) - e997bddb-a40f-4466-9539-dfa223a823e1@group-4913561A1ECF->7eeb4e41-83cf-4f16-b692-5d167ffa47e8: nextIndex: updateUnconditionally 0 -> 0
2019-09-28 00:09:26,536 [Datanode State Machine Thread - 0] INFO  statemachine.DatanodeStateMachine (DatanodeStateMachine.java:lambda$startDaemon$0(350)) - Ozone container server started.
2019-09-28 00:09:26,540 [Datanode State Machine Thread - 0] INFO  statemachine.DatanodeStateMachine (DatanodeStateMachine.java:lambda$startDaemon$0(350)) - Ozone container server started.
2019-09-28 00:09:28,769 [grpc-default-executor-10] WARN  server.GrpcLogAppender (LogUtils.java:warn(134)) - 1c95823d-847a-4997-a8a6-4cda28e586d4@group-CA7758CC0C85->1f14f3cf-4ace-4392-be28-431862a0440f-AppendLogResponseHandler: Failed appendEntries: org.apache.ratis.thirdparty.io.grpc.StatusRuntimeException: UNAVAILABLE: io exception
2019-09-28 00:09:28,772 [grpc-default-executor-10] INFO  impl.FollowerInfo (FollowerInfo.java:lambda$new$0(51)) - 1c95823d-847a-4997-a8a6-4cda28e586d4@group-CA7758CC0C85->1f14f3cf-4ace-4392-be28-431862a0440f: nextIndex: updateUnconditionally 0 -> 0
2019-09-28 00:09:28,870 [grpc-default-executor-9] WARN  server.GrpcLogAppender (LogUtils.java:warn(134)) - e997bddb-a40f-4466-9539-dfa223a823e1@group-4913561A1ECF->7eeb4e41-83cf-4f16-b692-5d167ffa47e8-AppendLogResponseHandler: Failed appendEntries: org.apache.ratis.thirdparty.io.grpc.StatusRuntimeException: UNAVAILABLE: io exception
2019-09-28 00:09:28,874 [grpc-default-executor-9] INFO  impl.FollowerInfo (FollowerInfo.java:lambda$new$0(51)) - e997bddb-a40f-4466-9539-dfa223a823e1@group-4913561A1ECF->7eeb4e41-83cf-4f16-b692-5d167ffa47e8: nextIndex: updateUnconditionally 0 -> 0
2019-09-28 00:09:31,162 [ForkJoinPool.commonPool-worker-0] INFO  ozoneimpl.OzoneContainer (OzoneContainer.java:stop(231)) - Attempting to stop container services.
2019-09-28 00:09:31,164 [ForkJoinPool.commonPool-worker-0] INFO  impl.RaftServerProxy (RaftServerProxy.java:lambda$close$4(314)) - f6411f89-2ca8-4cfc-a99c-aca361894957: close
2019-09-28 00:09:31,164 [ForkJoinPool.commonPool-worker-0] INFO  impl.RaftServerImpl (RaftServerImpl.java:lambda$shutdown$3(251)) - f6411f89-2ca8-4cfc-a99c-aca361894957@group-4FDF99DA3B62: shutdown
2019-09-28 00:09:31,165 [ForkJoinPool.commonPool-worker-0] INFO  util.JmxRegister (JmxRegister.java:unregister(73)) - Successfully un-registered JMX Bean with object name Ratis:service=RaftServer,group=group-4FDF99DA3B62,id=f6411f89-2ca8-4cfc-a99c-aca361894957
2019-09-28 00:09:31,165 [ForkJoinPool.commonPool-worker-0] INFO  impl.RoleInfo (RoleInfo.java:shutdownLeaderState(104)) - f6411f89-2ca8-4cfc-a99c-aca361894957: shutdown LeaderState
2019-09-28 00:09:31,165 [ForkJoinPool.commonPool-worker-0] INFO  impl.PendingRequests (PendingRequests.java:sendNotLeaderResponses(202)) - f6411f89-2ca8-4cfc-a99c-aca361894957-PendingRequests: sendNotLeaderResponses
2019-09-28 00:09:31,166 [ForkJoinPool.commonPool-worker-0] INFO  impl.StateMachineUpdater (StateMachineUpdater.java:stopAndJoin(125)) - f6411f89-2ca8-4cfc-a99c-aca361894957@group-4FDF99DA3B62-StateMachineUpdater: set stopIndex = 0
2019-09-28 00:09:31,167 [ForkJoinPool.commonPool-worker-0] INFO  impl.RaftServerImpl (ServerState.java:close(385)) - f6411f89-2ca8-4cfc-a99c-aca361894957@group-4FDF99DA3B62: closes. applyIndex: 0
2019-09-28 00:09:31,168 [f6411f89-2ca8-4cfc-a99c-aca361894957@group-4FDF99DA3B62-SegmentedRaftLogWorker] INFO  segmented.SegmentedRaftLogWorker (SegmentedRaftLogWorker.java:run(313)) - f6411f89-2ca8-4cfc-a99c-aca361894957@group-4FDF99DA3B62-SegmentedRaftLogWorker was interrupted, exiting. There are 0 tasks remaining in the queue.
2019-09-28 00:09:31,175 [main] INFO  ozoneimpl.OzoneContainer (OzoneContainer.java:stop(231)) - Attempting to stop container services.
2019-09-28 00:09:31,176 [main] INFO  impl.RaftServerProxy (RaftServerProxy.java:lambda$close$4(314)) - 064bde2d-db92-404d-9f14-fa74fc053683: close
2019-09-28 00:09:31,179 [main] INFO  impl.RaftServerImpl (RaftServerImpl.java:lambda$shutdown$3(251)) - 064bde2d-db92-404d-9f14-fa74fc053683@group-FEE865E8043A: shutdown
2019-09-28 00:09:31,179 [main] INFO  util.JmxRegister (JmxRegister.java:unregister(73)) - Successfully un-registered JMX Bean with object name Ratis:service=RaftServer,group=group-FEE865E8043A,id=064bde2d-db92-404d-9f14-fa74fc053683
2019-09-28 00:09:31,180 [main] INFO  impl.RoleInfo (RoleInfo.java:shutdownLeaderState(104)) - 064bde2d-db92-404d-9f14-fa74fc053683: shutdown LeaderState
2019-09-28 00:09:31,180 [main] INFO  impl.PendingRequests (PendingRequests.java:sendNotLeaderResponses(202)) - 064bde2d-db92-404d-9f14-fa74fc053683-PendingRequests: sendNotLeaderResponses
2019-09-28 00:09:31,181 [main] INFO  impl.StateMachineUpdater (StateMachineUpdater.java:stopAndJoin(125)) - 064bde2d-db92-404d-9f14-fa74fc053683@group-FEE865E8043A-StateMachineUpdater: set stopIndex = 0
2019-09-28 00:09:31,181 [main] INFO  impl.RaftServerImpl (ServerState.java:close(385)) - 064bde2d-db92-404d-9f14-fa74fc053683@group-FEE865E8043A: closes. applyIndex: 0
2019-09-28 00:09:31,182 [064bde2d-db92-404d-9f14-fa74fc053683@group-FEE865E8043A-SegmentedRaftLogWorker] INFO  segmented.SegmentedRaftLogWorker (SegmentedRaftLogWorker.java:run(313)) - 064bde2d-db92-404d-9f14-fa74fc053683@group-FEE865E8043A-SegmentedRaftLogWorker was interrupted, exiting. There are 0 tasks remaining in the queue.
2019-09-28 00:09:31,185 [ForkJoinPool.commonPool-worker-0] INFO  segmented.SegmentedRaftLogWorker (SegmentedRaftLogWorker.java:close(228)) - f6411f89-2ca8-4cfc-a99c-aca361894957@group-4FDF99DA3B62-SegmentedRaftLogWorker close()
2019-09-28 00:09:31,185 [main] INFO  segmented.SegmentedRaftLogWorker (SegmentedRaftLogWorker.java:close(228)) - 064bde2d-db92-404d-9f14-fa74fc053683@group-FEE865E8043A-SegmentedRaftLogWorker close()
2019-09-28 00:09:31,190 [ForkJoinPool.commonPool-worker-0] INFO  impl.RaftServerImpl (RaftServerImpl.java:lambda$shutdown$3(251)) - f6411f89-2ca8-4cfc-a99c-aca361894957@group-DB85DE63A691: shutdown
2019-09-28 00:09:31,195 [main] INFO  impl.RaftServerImpl (RaftServerImpl.java:lambda$shutdown$3(251)) - 064bde2d-db92-404d-9f14-fa74fc053683@group-DB85DE63A691: shutdown
2019-09-28 00:09:31,195 [ForkJoinPool.commonPool-worker-0] INFO  util.JmxRegister (JmxRegister.java:unregister(73)) - Successfully un-registered JMX Bean with object name Ratis:service=RaftServer,group=group-DB85DE63A691,id=f6411f89-2ca8-4cfc-a99c-aca361894957
2019-09-28 00:09:31,196 [main] INFO  util.JmxRegister (JmxRegister.java:unregister(73)) - Successfully un-registered JMX Bean with object name Ratis:service=RaftServer,group=group-DB85DE63A691,id=064bde2d-db92-404d-9f14-fa74fc053683
2019-09-28 00:09:31,196 [ForkJoinPool.commonPool-worker-0] INFO  impl.RoleInfo (RoleInfo.java:shutdownFollowerState(121)) - f6411f89-2ca8-4cfc-a99c-aca361894957: shutdown FollowerState
2019-09-28 00:09:31,196 [main] INFO  impl.RoleInfo (RoleInfo.java:shutdownFollowerState(121)) - 064bde2d-db92-404d-9f14-fa74fc053683: shutdown FollowerState
2019-09-28 00:09:31,197 [Thread-423] INFO  impl.FollowerState (FollowerState.java:run(115)) - f6411f89-2ca8-4cfc-a99c-aca361894957: FollowerState was interrupted: java.lang.InterruptedException: sleep interrupted
2019-09-28 00:09:31,197 [ForkJoinPool.commonPool-worker-0] INFO  impl.StateMachineUpdater (StateMachineUpdater.java:stopAndJoin(125)) - f6411f89-2ca8-4cfc-a99c-aca361894957@group-DB85DE63A691-StateMachineUpdater: set stopIndex = 0
2019-09-28 00:09:31,197 [Thread-424] INFO  impl.FollowerState (FollowerState.java:run(115)) - 064bde2d-db92-404d-9f14-fa74fc053683: FollowerState was interrupted: java.lang.InterruptedException: sleep interrupted
2019-09-28 00:09:31,197 [main] INFO  impl.StateMachineUpdater (StateMachineUpdater.java:stopAndJoin(125)) - 064bde2d-db92-404d-9f14-fa74fc053683@group-DB85DE63A691-StateMachineUpdater: set stopIndex = 0
2019-09-28 00:09:31,200 [ForkJoinPool.commonPool-worker-0] INFO  impl.RaftServerImpl (ServerState.java:close(385)) - f6411f89-2ca8-4cfc-a99c-aca361894957@group-DB85DE63A691: closes. applyIndex: 0
2019-09-28 00:09:31,203 [main] INFO  impl.RaftServerImpl (ServerState.java:close(385)) - 064bde2d-db92-404d-9f14-fa74fc053683@group-DB85DE63A691: closes. applyIndex: 0
2019-09-28 00:09:31,204 [f6411f89-2ca8-4cfc-a99c-aca361894957@group-DB85DE63A691-SegmentedRaftLogWorker] INFO  segmented.SegmentedRaftLogWorker (SegmentedRaftLogWorker.java:run(313)) - f6411f89-2ca8-4cfc-a99c-aca361894957@group-DB85DE63A691-SegmentedRaftLogWorker was interrupted, exiting. There are 0 tasks remaining in the queue.
2019-09-28 00:09:31,204 [064bde2d-db92-404d-9f14-fa74fc053683@group-DB85DE63A691-SegmentedRaftLogWorker] INFO  segmented.SegmentedRaftLogWorker (SegmentedRaftLogWorker.java:run(313)) - 064bde2d-db92-404d-9f14-fa74fc053683@group-DB85DE63A691-SegmentedRaftLogWorker was interrupted, exiting. There are 0 tasks remaining in the queue.
2019-09-28 00:09:31,209 [ForkJoinPool.commonPool-worker-0] INFO  segmented.SegmentedRaftLogWorker (SegmentedRaftLogWorker.java:close(228)) - f6411f89-2ca8-4cfc-a99c-aca361894957@group-DB85DE63A691-SegmentedRaftLogWorker close()
2019-09-28 00:09:31,209 [main] INFO  segmented.SegmentedRaftLogWorker (SegmentedRaftLogWorker.java:close(228)) - 064bde2d-db92-404d-9f14-fa74fc053683@group-DB85DE63A691-SegmentedRaftLogWorker close()
2019-09-28 00:09:31,214 [ForkJoinPool.commonPool-worker-0] INFO  server.GrpcService (GrpcService.java:closeImpl(164)) - f6411f89-2ca8-4cfc-a99c-aca361894957: shutdown server with port 39545 now
2019-09-28 00:09:31,219 [main] INFO  server.GrpcService (GrpcService.java:closeImpl(164)) - 064bde2d-db92-404d-9f14-fa74fc053683: shutdown server with port 42841 now
2019-09-28 00:09:31,232 [main] INFO  server.GrpcService (GrpcService.java:closeImpl(172)) - 064bde2d-db92-404d-9f14-fa74fc053683: shutdown server with port 42841 successfully
2019-09-28 00:09:31,232 [grpc-default-executor-3] WARN  server.GrpcLogAppender (LogUtils.java:warn(134)) - 81a35a2f-70d3-442b-bace-ce29edca7155@group-DB85DE63A691->f6411f89-2ca8-4cfc-a99c-aca361894957-AppendLogResponseHandler: Failed appendEntries: org.apache.ratis.thirdparty.io.grpc.StatusRuntimeException: CANCELLED: HTTP/2 error code: CANCEL
Received Rst Stream
2019-09-28 00:09:31,232 [grpc-default-executor-4] WARN  server.GrpcServerProtocolService (LogUtils.java:warn(134)) - 064bde2d-db92-404d-9f14-fa74fc053683: installSnapshot onError, lastRequest: 81a35a2f-70d3-442b-bace-ce29edca7155->064bde2d-db92-404d-9f14-fa74fc053683#44-t2, previous=(t:2, i:0), leaderCommit=0, initializing? false, entries: <empty>: org.apache.ratis.thirdparty.io.grpc.StatusRuntimeException: CANCELLED: cancelled before receiving half close
2019-09-28 00:09:31,232 [grpc-default-executor-10] WARN  server.GrpcServerProtocolService (LogUtils.java:warn(134)) - f6411f89-2ca8-4cfc-a99c-aca361894957: installSnapshot onError, lastRequest: 81a35a2f-70d3-442b-bace-ce29edca7155->f6411f89-2ca8-4cfc-a99c-aca361894957#44-t2, previous=(t:2, i:0), leaderCommit=0, initializing? false, entries: <empty>: org.apache.ratis.thirdparty.io.grpc.StatusRuntimeException: CANCELLED: cancelled before receiving half close
2019-09-28 00:09:31,232 [ForkJoinPool.commonPool-worker-0] INFO  server.GrpcService (GrpcService.java:closeImpl(172)) - f6411f89-2ca8-4cfc-a99c-aca361894957: shutdown server with port 39545 successfully
2019-09-28 00:09:31,238 [grpc-default-executor-11] WARN  server.GrpcLogAppender (LogUtils.java:warn(134)) - 81a35a2f-70d3-442b-bace-ce29edca7155@group-DB85DE63A691->064bde2d-db92-404d-9f14-fa74fc053683-AppendLogResponseHandler: Failed appendEntries: org.apache.ratis.thirdparty.io.grpc.StatusRuntimeException: CANCELLED: HTTP/2 error code: CANCEL
Received Rst Stream
2019-09-28 00:09:31,237 [grpc-default-executor-3] INFO  impl.FollowerInfo (FollowerInfo.java:lambda$new$0(51)) - 81a35a2f-70d3-442b-bace-ce29edca7155@group-DB85DE63A691->f6411f89-2ca8-4cfc-a99c-aca361894957: nextIndex: updateUnconditionally 1 -> 0
2019-09-28 00:09:31,254 [grpc-default-executor-11] INFO  impl.FollowerInfo (FollowerInfo.java:lambda$new$0(51)) - 81a35a2f-70d3-442b-bace-ce29edca7155@group-DB85DE63A691->064bde2d-db92-404d-9f14-fa74fc053683: nextIndex: updateUnconditionally 1 -> 0
2019-09-28 00:09:31,273 [refreshUsed-/workdir/hadoop-ozone/integration-test/target/test-dir/MiniOzoneClusterImpl-ef93a8f6-ca63-49dc-855c-e6172cde0611/datanode-6/data/containers] WARN  fs.CachingGetSpaceUsed (CachingGetSpaceUsed.java:run(183)) - Thread Interrupted waiting to refresh disk information: sleep interrupted
2019-09-28 00:09:31,274 [refreshUsed-/workdir/hadoop-ozone/integration-test/target/test-dir/MiniOzoneClusterImpl-ef93a8f6-ca63-49dc-855c-e6172cde0611/datanode-3/data/containers] WARN  fs.CachingGetSpaceUsed (CachingGetSpaceUsed.java:run(183)) - Thread Interrupted waiting to refresh disk information: sleep interrupted
2019-09-28 00:09:31,274 [grpc-default-executor-11] WARN  server.GrpcLogAppender (LogUtils.java:warn(134)) - 1c95823d-847a-4997-a8a6-4cda28e586d4@group-CA7758CC0C85->1f14f3cf-4ace-4392-be28-431862a0440f-AppendLogResponseHandler: Failed appendEntries: org.apache.ratis.thirdparty.io.grpc.StatusRuntimeException: UNAVAILABLE: io exception
2019-09-28 00:09:31,278 [grpc-default-executor-11] INFO  impl.FollowerInfo (FollowerInfo.java:lambda$new$0(51)) - 1c95823d-847a-4997-a8a6-4cda28e586d4@group-CA7758CC0C85->1f14f3cf-4ace-4392-be28-431862a0440f: nextIndex: updateUnconditionally 0 -> 0
2019-09-28 00:09:31,296 [ForkJoinPool.commonPool-worker-0] INFO  utils.BackgroundService (BackgroundService.java:shutdown(148)) - Shutting down service BlockDeletingService
2019-09-28 00:09:31,296 [main] INFO  utils.BackgroundService (BackgroundService.java:shutdown(148)) - Shutting down service BlockDeletingService
2019-09-28 00:09:31,303 [ForkJoinPool.commonPool-worker-0] INFO  statemachine.DatanodeStateMachine (DatanodeStateMachine.java:stopDaemon(395)) - Ozone container server stopped.
2019-09-28 00:09:31,311 [main] INFO  statemachine.DatanodeStateMachine (DatanodeStateMachine.java:stopDaemon(395)) - Ozone container server stopped.
2019-09-28 00:09:31,314 [ForkJoinPool.commonPool-worker-0] INFO  handler.ContextHandler (ContextHandler.java:doStop(910)) - Stopped o.e.j.w.WebAppContext@56dfab87{/,null,UNAVAILABLE}{/hddsDatanode}
2019-09-28 00:09:31,314 [main] INFO  handler.ContextHandler (ContextHandler.java:doStop(910)) - Stopped o.e.j.w.WebAppContext@59696551{/,null,UNAVAILABLE}{/hddsDatanode}
2019-09-28 00:09:31,315 [main] INFO  server.AbstractConnector (AbstractConnector.java:doStop(318)) - Stopped ServerConnector@648d0e6d{HTTP/1.1,[http/1.1]}{0.0.0.0:0}
2019-09-28 00:09:31,315 [ForkJoinPool.commonPool-worker-0] INFO  server.AbstractConnector (AbstractConnector.java:doStop(318)) - Stopped ServerConnector@715b886f{HTTP/1.1,[http/1.1]}{0.0.0.0:0}
2019-09-28 00:09:31,316 [main] INFO  handler.ContextHandler (ContextHandler.java:doStop(910)) - Stopped o.e.j.s.ServletContextHandler@53311681{/static,jar:file:/home/user/.m2/repository/org/apache/hadoop/hadoop-hdds-container-service/0.5.0-SNAPSHOT/hadoop-hdds-container-service-0.5.0-SNAPSHOT.jar!/webapps/static,UNAVAILABLE}
2019-09-28 00:09:31,317 [ForkJoinPool.commonPool-worker-0] INFO  handler.ContextHandler (ContextHandler.java:doStop(910)) - Stopped o.e.j.s.ServletContextHandler@4c1bdcc2{/static,jar:file:/home/user/.m2/repository/org/apache/hadoop/hadoop-hdds-container-service/0.5.0-SNAPSHOT/hadoop-hdds-container-service-0.5.0-SNAPSHOT.jar!/webapps/static,UNAVAILABLE}
2019-09-28 00:09:31,318 [main] INFO  handler.ContextHandler (ContextHandler.java:doStop(910)) - Stopped o.e.j.s.ServletContextHandler@79a04e5f{/logs,file:///workdir/hadoop-ozone/integration-test/target/log,UNAVAILABLE}
2019-09-28 00:09:31,320 [ForkJoinPool.commonPool-worker-0] INFO  handler.ContextHandler (ContextHandler.java:doStop(910)) - Stopped o.e.j.s.ServletContextHandler@1305c126{/logs,file:///workdir/hadoop-ozone/integration-test/target/log,UNAVAILABLE}
2019-09-28 00:09:31,373 [grpc-default-executor-4] WARN  server.GrpcLogAppender (LogUtils.java:warn(134)) - e997bddb-a40f-4466-9539-dfa223a823e1@group-4913561A1ECF->7eeb4e41-83cf-4f16-b692-5d167ffa47e8-AppendLogResponseHandler: Failed appendEntries: org.apache.ratis.thirdparty.io.grpc.StatusRuntimeException: UNAVAILABLE: io exception
2019-09-28 00:09:31,375 [grpc-default-executor-4] INFO  impl.FollowerInfo (FollowerInfo.java:lambda$new$0(51)) - e997bddb-a40f-4466-9539-dfa223a823e1@group-4913561A1ECF->7eeb4e41-83cf-4f16-b692-5d167ffa47e8: nextIndex: updateUnconditionally 0 -> 0
2019-09-28 00:09:31,540 [Datanode State Machine Thread - 0] INFO  statemachine.DatanodeStateMachine (DatanodeStateMachine.java:lambda$startDaemon$0(350)) - Ozone container server started.
2019-09-28 00:09:31,564 [Datanode State Machine Thread - 0] INFO  statemachine.DatanodeStateMachine (DatanodeStateMachine.java:lambda$startDaemon$0(350)) - Ozone container server started.
2019-09-28 00:09:32,211 [grpc-default-executor-11] WARN  server.GrpcLogAppender (LogUtils.java:warn(134)) - 81a35a2f-70d3-442b-bace-ce29edca7155@group-DB85DE63A691->064bde2d-db92-404d-9f14-fa74fc053683-AppendLogResponseHandler: Failed appendEntries: org.apache.ratis.thirdparty.io.grpc.StatusRuntimeException: UNAVAILABLE: io exception
2019-09-28 00:09:32,211 [grpc-default-executor-8] WARN  server.GrpcLogAppender (LogUtils.java:warn(134)) - 81a35a2f-70d3-442b-bace-ce29edca7155@group-DB85DE63A691->f6411f89-2ca8-4cfc-a99c-aca361894957-AppendLogResponseHandler: Failed appendEntries: org.apache.ratis.thirdparty.io.grpc.StatusRuntimeException: UNAVAILABLE: io exception
2019-09-28 00:09:32,214 [grpc-default-executor-11] INFO  impl.FollowerInfo (FollowerInfo.java:lambda$new$0(51)) - 81a35a2f-70d3-442b-bace-ce29edca7155@group-DB85DE63A691->064bde2d-db92-404d-9f14-fa74fc053683: nextIndex: updateUnconditionally 0 -> 0
2019-09-28 00:09:32,216 [grpc-default-executor-8] INFO  impl.FollowerInfo (FollowerInfo.java:lambda$new$0(51)) - 81a35a2f-70d3-442b-bace-ce29edca7155@group-DB85DE63A691->f6411f89-2ca8-4cfc-a99c-aca361894957: nextIndex: updateUnconditionally 0 -> 0
2019-09-28 00:09:33,776 [grpc-default-executor-10] WARN  server.GrpcLogAppender (LogUtils.java:warn(134)) - 1c95823d-847a-4997-a8a6-4cda28e586d4@group-CA7758CC0C85->1f14f3cf-4ace-4392-be28-431862a0440f-AppendLogResponseHandler: Failed appendEntries: org.apache.ratis.thirdparty.io.grpc.StatusRuntimeException: UNAVAILABLE: io exception
2019-09-28 00:09:33,778 [grpc-default-executor-10] INFO  impl.FollowerInfo (FollowerInfo.java:lambda$new$0(51)) - 1c95823d-847a-4997-a8a6-4cda28e586d4@group-CA7758CC0C85->1f14f3cf-4ace-4392-be28-431862a0440f: nextIndex: updateUnconditionally 0 -> 0
2019-09-28 00:09:33,876 [grpc-default-executor-10] WARN  server.GrpcLogAppender (LogUtils.java:warn(134)) - e997bddb-a40f-4466-9539-dfa223a823e1@group-4913561A1ECF->7eeb4e41-83cf-4f16-b692-5d167ffa47e8-AppendLogResponseHandler: Failed appendEntries: org.apache.ratis.thirdparty.io.grpc.StatusRuntimeException: UNAVAILABLE: io exception
2019-09-28 00:09:33,879 [grpc-default-executor-10] INFO  impl.FollowerInfo (FollowerInfo.java:lambda$new$0(51)) - e997bddb-a40f-4466-9539-dfa223a823e1@group-4913561A1ECF->7eeb4e41-83cf-4f16-b692-5d167ffa47e8: nextIndex: updateUnconditionally 0 -> 0
2019-09-28 00:09:34,716 [grpc-default-executor-11] WARN  server.GrpcLogAppender (LogUtils.java:warn(134)) - 81a35a2f-70d3-442b-bace-ce29edca7155@group-DB85DE63A691->f6411f89-2ca8-4cfc-a99c-aca361894957-AppendLogResponseHandler: Failed appendEntries: org.apache.ratis.thirdparty.io.grpc.StatusRuntimeException: UNAVAILABLE: io exception
2019-09-28 00:09:34,716 [grpc-default-executor-3] WARN  server.GrpcLogAppender (LogUtils.java:warn(134)) - 81a35a2f-70d3-442b-bace-ce29edca7155@group-DB85DE63A691->064bde2d-db92-404d-9f14-fa74fc053683-AppendLogResponseHandler: Failed appendEntries: org.apache.ratis.thirdparty.io.grpc.StatusRuntimeException: UNAVAILABLE: io exception
2019-09-28 00:09:34,718 [grpc-default-executor-11] INFO  impl.FollowerInfo (FollowerInfo.java:lambda$new$0(51)) - 81a35a2f-70d3-442b-bace-ce29edca7155@group-DB85DE63A691->f6411f89-2ca8-4cfc-a99c-aca361894957: nextIndex: updateUnconditionally 0 -> 0
2019-09-28 00:09:34,720 [grpc-default-executor-3] INFO  impl.FollowerInfo (FollowerInfo.java:lambda$new$0(51)) - 81a35a2f-70d3-442b-bace-ce29edca7155@group-DB85DE63A691->064bde2d-db92-404d-9f14-fa74fc053683: nextIndex: updateUnconditionally 0 -> 0
2019-09-28 00:09:36,281 [grpc-default-executor-8] WARN  server.GrpcLogAppender (LogUtils.java:warn(134)) - 1c95823d-847a-4997-a8a6-4cda28e586d4@group-CA7758CC0C85->1f14f3cf-4ace-4392-be28-431862a0440f-AppendLogResponseHandler: Failed appendEntries: org.apache.ratis.thirdparty.io.grpc.StatusRuntimeException: UNAVAILABLE: io exception
2019-09-28 00:09:36,283 [grpc-default-executor-8] INFO  impl.FollowerInfo (FollowerInfo.java:lambda$new$0(51)) - 1c95823d-847a-4997-a8a6-4cda28e586d4@group-CA7758CC0C85->1f14f3cf-4ace-4392-be28-431862a0440f: nextIndex: updateUnconditionally 0 -> 0
2019-09-28 00:09:36,323 [main] INFO  ozoneimpl.OzoneContainer (OzoneContainer.java:stop(231)) - Attempting to stop container services.
2019-09-28 00:09:36,323 [ForkJoinPool.commonPool-worker-0] INFO  ozoneimpl.OzoneContainer (OzoneContainer.java:stop(231)) - Attempting to stop container services.
2019-09-28 00:09:36,324 [main] INFO  impl.RaftServerProxy (RaftServerProxy.java:lambda$close$4(314)) - 1c95823d-847a-4997-a8a6-4cda28e586d4: close
2019-09-28 00:09:36,324 [ForkJoinPool.commonPool-worker-0] INFO  impl.RaftServerProxy (RaftServerProxy.java:lambda$close$4(314)) - e997bddb-a40f-4466-9539-dfa223a823e1: close
2019-09-28 00:09:36,324 [main] INFO  impl.RaftServerImpl (RaftServerImpl.java:lambda$shutdown$3(251)) - 1c95823d-847a-4997-a8a6-4cda28e586d4@group-CA7758CC0C85: shutdown
2019-09-28 00:09:36,324 [ForkJoinPool.commonPool-worker-0] INFO  impl.RaftServerImpl (RaftServerImpl.java:lambda$shutdown$3(251)) - e997bddb-a40f-4466-9539-dfa223a823e1@group-4913561A1ECF: shutdown
2019-09-28 00:09:36,325 [main] INFO  util.JmxRegister (JmxRegister.java:unregister(73)) - Successfully un-registered JMX Bean with object name Ratis:service=RaftServer,group=group-CA7758CC0C85,id=1c95823d-847a-4997-a8a6-4cda28e586d4
2019-09-28 00:09:36,325 [ForkJoinPool.commonPool-worker-0] INFO  util.JmxRegister (JmxRegister.java:unregister(73)) - Successfully un-registered JMX Bean with object name Ratis:service=RaftServer,group=group-4913561A1ECF,id=e997bddb-a40f-4466-9539-dfa223a823e1
2019-09-28 00:09:36,326 [ForkJoinPool.commonPool-worker-0] INFO  impl.RoleInfo (RoleInfo.java:shutdownLeaderState(104)) - e997bddb-a40f-4466-9539-dfa223a823e1: shutdown LeaderState
2019-09-28 00:09:36,326 [main] INFO  impl.RoleInfo (RoleInfo.java:shutdownLeaderState(104)) - 1c95823d-847a-4997-a8a6-4cda28e586d4: shutdown LeaderState
2019-09-28 00:09:36,330 [org.apache.ratis.server.impl.LogAppender$AppenderDaemon$$Lambda$402/670357315@736144a6] WARN  server.GrpcLogAppender (GrpcLogAppender.java:mayWait(143)) - e997bddb-a40f-4466-9539-dfa223a823e1@group-4913561A1ECF->7eeb4e41-83cf-4f16-b692-5d167ffa47e8-GrpcLogAppender: Wait interrupted by java.lang.InterruptedException
2019-09-28 00:09:36,330 [org.apache.ratis.server.impl.LogAppender$AppenderDaemon$$Lambda$402/670357315@3e0d70a4] WARN  server.GrpcLogAppender (GrpcLogAppender.java:mayWait(143)) - e997bddb-a40f-4466-9539-dfa223a823e1@group-4913561A1ECF->f2b1cee9-5126-4a0c-9c15-774918a74cc9-GrpcLogAppender: Wait interrupted by java.lang.InterruptedException
2019-09-28 00:09:36,330 [ForkJoinPool.commonPool-worker-0] INFO  impl.PendingRequests (PendingRequests.java:sendNotLeaderResponses(202)) - e997bddb-a40f-4466-9539-dfa223a823e1-PendingRequests: sendNotLeaderResponses
2019-09-28 00:09:36,335 [org.apache.ratis.server.impl.LogAppender$AppenderDaemon$$Lambda$402/670357315@13180441] WARN  server.GrpcLogAppender (GrpcLogAppender.java:mayWait(143)) - 1c95823d-847a-4997-a8a6-4cda28e586d4@group-CA7758CC0C85->dde3bc4a-2072-49f6-96b7-d9dfb1162844-GrpcLogAppender: Wait interrupted by java.lang.InterruptedException
2019-09-28 00:09:36,335 [org.apache.ratis.server.impl.LogAppender$AppenderDaemon$$Lambda$402/670357315@586d63ff] WARN  server.GrpcLogAppender (GrpcLogAppender.java:mayWait(143)) - 1c95823d-847a-4997-a8a6-4cda28e586d4@group-CA7758CC0C85->1f14f3cf-4ace-4392-be28-431862a0440f-GrpcLogAppender: Wait interrupted by java.lang.InterruptedException
2019-09-28 00:09:36,335 [main] INFO  impl.PendingRequests (PendingRequests.java:sendNotLeaderResponses(202)) - 1c95823d-847a-4997-a8a6-4cda28e586d4-PendingRequests: sendNotLeaderResponses
2019-09-28 00:09:36,336 [grpc-default-executor-8] INFO  server.GrpcServerProtocolService (GrpcServerProtocolService.java:onCompleted(113)) - f2b1cee9-5126-4a0c-9c15-774918a74cc9: Completed APPEND_ENTRIES, lastRequest: e997bddb-a40f-4466-9539-dfa223a823e1->f2b1cee9-5126-4a0c-9c15-774918a74cc9#45-t4, previous=(t:4, i:0), leaderCommit=0, initializing? false, entries: <empty>
2019-09-28 00:09:36,335 [ForkJoinPool.commonPool-worker-0] INFO  impl.StateMachineUpdater (StateMachineUpdater.java:stopAndJoin(125)) - e997bddb-a40f-4466-9539-dfa223a823e1@group-4913561A1ECF-StateMachineUpdater: set stopIndex = 0
2019-09-28 00:09:36,336 [main] INFO  impl.StateMachineUpdater (StateMachineUpdater.java:stopAndJoin(125)) - 1c95823d-847a-4997-a8a6-4cda28e586d4@group-CA7758CC0C85-StateMachineUpdater: set stopIndex = 0
2019-09-28 00:09:36,337 [main] INFO  impl.RaftServerImpl (ServerState.java:close(385)) - 1c95823d-847a-4997-a8a6-4cda28e586d4@group-CA7758CC0C85: closes. applyIndex: 0
2019-09-28 00:09:36,336 [grpc-default-executor-3] INFO  server.GrpcServerProtocolService (GrpcServerProtocolService.java:onCompleted(113)) - dde3bc4a-2072-49f6-96b7-d9dfb1162844: Completed APPEND_ENTRIES, lastRequest: 1c95823d-847a-4997-a8a6-4cda28e586d4->dde3bc4a-2072-49f6-96b7-d9dfb1162844#44-t4, previous=(t:4, i:0), leaderCommit=0, initializing? false, entries: <empty>
2019-09-28 00:09:36,338 [1c95823d-847a-4997-a8a6-4cda28e586d4@group-CA7758CC0C85-SegmentedRaftLogWorker] INFO  segmented.SegmentedRaftLogWorker (SegmentedRaftLogWorker.java:run(313)) - 1c95823d-847a-4997-a8a6-4cda28e586d4@group-CA7758CC0C85-SegmentedRaftLogWorker was interrupted, exiting. There are 0 tasks remaining in the queue.
2019-09-28 00:09:36,338 [grpc-default-executor-8] INFO  server.GrpcLogAppender (GrpcLogAppender.java:onCompleted(293)) - e997bddb-a40f-4466-9539-dfa223a823e1@group-4913561A1ECF->f2b1cee9-5126-4a0c-9c15-774918a74cc9-AppendLogResponseHandler: follower responses appendEntries COMPLETED
2019-09-28 00:09:36,337 [ForkJoinPool.commonPool-worker-0] INFO  impl.RaftServerImpl (ServerState.java:close(385)) - e997bddb-a40f-4466-9539-dfa223a823e1@group-4913561A1ECF: closes. applyIndex: 0
2019-09-28 00:09:36,341 [main] INFO  segmented.SegmentedRaftLogWorker (SegmentedRaftLogWorker.java:close(228)) - 1c95823d-847a-4997-a8a6-4cda28e586d4@group-CA7758CC0C85-SegmentedRaftLogWorker close()
2019-09-28 00:09:36,341 [e997bddb-a40f-4466-9539-dfa223a823e1@group-4913561A1ECF-SegmentedRaftLogWorker] INFO  segmented.SegmentedRaftLogWorker (SegmentedRaftLogWorker.java:run(313)) - e997bddb-a40f-4466-9539-dfa223a823e1@group-4913561A1ECF-SegmentedRaftLogWorker was interrupted, exiting. There are 0 tasks remaining in the queue.
2019-09-28 00:09:36,341 [grpc-default-executor-3] INFO  server.GrpcLogAppender (GrpcLogAppender.java:onCompleted(293)) - 1c95823d-847a-4997-a8a6-4cda28e586d4@group-CA7758CC0C85->dde3bc4a-2072-49f6-96b7-d9dfb1162844-AppendLogResponseHandler: follower responses appendEntries COMPLETED
2019-09-28 00:09:36,341 [grpc-default-executor-8] INFO  impl.FollowerInfo (FollowerInfo.java:lambda$new$0(51)) - e997bddb-a40f-4466-9539-dfa223a823e1@group-4913561A1ECF->f2b1cee9-5126-4a0c-9c15-774918a74cc9: nextIndex: updateUnconditionally 1 -> 0
2019-09-28 00:09:36,345 [main] INFO  impl.RaftServerImpl (RaftServerImpl.java:lambda$shutdown$3(251)) - 1c95823d-847a-4997-a8a6-4cda28e586d4@group-5BD3B212587C: shutdown
2019-09-28 00:09:36,348 [grpc-default-executor-3] INFO  impl.FollowerInfo (FollowerInfo.java:lambda$new$0(51)) - 1c95823d-847a-4997-a8a6-4cda28e586d4@group-CA7758CC0C85->dde3bc4a-2072-49f6-96b7-d9dfb1162844: nextIndex: updateUnconditionally 1 -> 0
2019-09-28 00:09:36,348 [main] INFO  util.JmxRegister (JmxRegister.java:unregister(73)) - Successfully un-registered JMX Bean with object name Ratis:service=RaftServer,group=group-5BD3B212587C,id=1c95823d-847a-4997-a8a6-4cda28e586d4
2019-09-28 00:09:36,349 [main] INFO  impl.RoleInfo (RoleInfo.java:shutdownLeaderState(104)) - 1c95823d-847a-4997-a8a6-4cda28e586d4: shutdown LeaderState
2019-09-28 00:09:36,349 [main] INFO  impl.PendingRequests (PendingRequests.java:sendNotLeaderResponses(202)) - 1c95823d-847a-4997-a8a6-4cda28e586d4-PendingRequests: sendNotLeaderResponses
2019-09-28 00:09:36,350 [main] INFO  impl.StateMachineUpdater (StateMachineUpdater.java:stopAndJoin(125)) - 1c95823d-847a-4997-a8a6-4cda28e586d4@group-5BD3B212587C-StateMachineUpdater: set stopIndex = 0
2019-09-28 00:09:36,350 [main] INFO  impl.RaftServerImpl (ServerState.java:close(385)) - 1c95823d-847a-4997-a8a6-4cda28e586d4@group-5BD3B212587C: closes. applyIndex: 0
2019-09-28 00:09:36,351 [1c95823d-847a-4997-a8a6-4cda28e586d4@group-5BD3B212587C-SegmentedRaftLogWorker] INFO  segmented.SegmentedRaftLogWorker (SegmentedRaftLogWorker.java:run(313)) - 1c95823d-847a-4997-a8a6-4cda28e586d4@group-5BD3B212587C-SegmentedRaftLogWorker was interrupted, exiting. There are 0 tasks remaining in the queue.
2019-09-28 00:09:36,362 [ForkJoinPool.commonPool-worker-0] INFO  segmented.SegmentedRaftLogWorker (SegmentedRaftLogWorker.java:close(228)) - e997bddb-a40f-4466-9539-dfa223a823e1@group-4913561A1ECF-SegmentedRaftLogWorker close()
2019-09-28 00:09:36,362 [main] INFO  segmented.SegmentedRaftLogWorker (SegmentedRaftLogWorker.java:close(228)) - 1c95823d-847a-4997-a8a6-4cda28e586d4@group-5BD3B212587C-SegmentedRaftLogWorker close()
2019-09-28 00:09:36,364 [ForkJoinPool.commonPool-worker-0] INFO  impl.RaftServerImpl (RaftServerImpl.java:lambda$shutdown$3(251)) - e997bddb-a40f-4466-9539-dfa223a823e1@group-C382CF22E36D: shutdown
2019-09-28 00:09:36,366 [main] INFO  server.GrpcService (GrpcService.java:closeImpl(164)) - 1c95823d-847a-4997-a8a6-4cda28e586d4: shutdown server with port 42975 now
2019-09-28 00:09:36,366 [ForkJoinPool.commonPool-worker-0] INFO  util.JmxRegister (JmxRegister.java:unregister(73)) - Successfully un-registered JMX Bean with object name Ratis:service=RaftServer,group=group-C382CF22E36D,id=e997bddb-a40f-4466-9539-dfa223a823e1
2019-09-28 00:09:36,367 [main] INFO  server.GrpcService (GrpcService.java:closeImpl(172)) - 1c95823d-847a-4997-a8a6-4cda28e586d4: shutdown server with port 42975 successfully
2019-09-28 00:09:36,367 [ForkJoinPool.commonPool-worker-0] INFO  impl.RoleInfo (RoleInfo.java:shutdownLeaderState(104)) - e997bddb-a40f-4466-9539-dfa223a823e1: shutdown LeaderState
2019-09-28 00:09:36,368 [ForkJoinPool.commonPool-worker-0] INFO  impl.PendingRequests (PendingRequests.java:sendNotLeaderResponses(202)) - e997bddb-a40f-4466-9539-dfa223a823e1-PendingRequests: sendNotLeaderResponses
2019-09-28 00:09:36,369 [ForkJoinPool.commonPool-worker-0] INFO  impl.StateMachineUpdater (StateMachineUpdater.java:stopAndJoin(125)) - e997bddb-a40f-4466-9539-dfa223a823e1@group-C382CF22E36D-StateMachineUpdater: set stopIndex = 0
2019-09-28 00:09:36,369 [ForkJoinPool.commonPool-worker-0] INFO  impl.RaftServerImpl (ServerState.java:close(385)) - e997bddb-a40f-4466-9539-dfa223a823e1@group-C382CF22E36D: closes. applyIndex: 0
2019-09-28 00:09:36,370 [e997bddb-a40f-4466-9539-dfa223a823e1@group-C382CF22E36D-SegmentedRaftLogWorker] INFO  segmented.SegmentedRaftLogWorker (SegmentedRaftLogWorker.java:run(313)) - e997bddb-a40f-4466-9539-dfa223a823e1@group-C382CF22E36D-SegmentedRaftLogWorker was interrupted, exiting. There are 0 tasks remaining in the queue.
2019-09-28 00:09:36,370 [ForkJoinPool.commonPool-worker-0] INFO  segmented.SegmentedRaftLogWorker (SegmentedRaftLogWorker.java:close(228)) - e997bddb-a40f-4466-9539-dfa223a823e1@group-C382CF22E36D-SegmentedRaftLogWorker close()
2019-09-28 00:09:36,372 [ForkJoinPool.commonPool-worker-0] INFO  server.GrpcService (GrpcService.java:closeImpl(164)) - e997bddb-a40f-4466-9539-dfa223a823e1: shutdown server with port 34311 now
2019-09-28 00:09:36,373 [ForkJoinPool.commonPool-worker-0] INFO  server.GrpcService (GrpcService.java:closeImpl(172)) - e997bddb-a40f-4466-9539-dfa223a823e1: shutdown server with port 34311 successfully
2019-09-28 00:09:36,377 [refreshUsed-/workdir/hadoop-ozone/integration-test/target/test-dir/MiniOzoneClusterImpl-ef93a8f6-ca63-49dc-855c-e6172cde0611/datanode-4/data/containers] WARN  fs.CachingGetSpaceUsed (CachingGetSpaceUsed.java:run(183)) - Thread Interrupted waiting to refresh disk information: sleep interrupted
2019-09-28 00:09:36,379 [refreshUsed-/workdir/hadoop-ozone/integration-test/target/test-dir/MiniOzoneClusterImpl-ef93a8f6-ca63-49dc-855c-e6172cde0611/datanode-8/data/containers] WARN  fs.CachingGetSpaceUsed (CachingGetSpaceUsed.java:run(183)) - Thread Interrupted waiting to refresh disk information: sleep interrupted
2019-09-28 00:09:36,402 [main] INFO  utils.BackgroundService (BackgroundService.java:shutdown(148)) - Shutting down service BlockDeletingService
2019-09-28 00:09:36,407 [main] INFO  statemachine.DatanodeStateMachine (DatanodeStateMachine.java:stopDaemon(395)) - Ozone container server stopped.
2019-09-28 00:09:36,408 [main] INFO  handler.ContextHandler (ContextHandler.java:doStop(910)) - Stopped o.e.j.w.WebAppContext@4993febc{/,null,UNAVAILABLE}{/hddsDatanode}
2019-09-28 00:09:36,409 [ForkJoinPool.commonPool-worker-0] INFO  utils.BackgroundService (BackgroundService.java:shutdown(148)) - Shutting down service BlockDeletingService
2019-09-28 00:09:36,409 [main] INFO  server.AbstractConnector (AbstractConnector.java:doStop(318)) - Stopped ServerConnector@7601bc96{HTTP/1.1,[http/1.1]}{0.0.0.0:0}
2019-09-28 00:09:36,413 [main] INFO  handler.ContextHandler (ContextHandler.java:doStop(910)) - Stopped o.e.j.s.ServletContextHandler@6fa0450e{/static,jar:file:/home/user/.m2/repository/org/apache/hadoop/hadoop-hdds-container-service/0.5.0-SNAPSHOT/hadoop-hdds-container-service-0.5.0-SNAPSHOT.jar!/webapps/static,UNAVAILABLE}
2019-09-28 00:09:36,414 [ForkJoinPool.commonPool-worker-0] INFO  statemachine.DatanodeStateMachine (DatanodeStateMachine.java:stopDaemon(395)) - Ozone container server stopped.
2019-09-28 00:09:36,415 [main] INFO  handler.ContextHandler (ContextHandler.java:doStop(910)) - Stopped o.e.j.s.ServletContextHandler@72e295cc{/logs,file:///workdir/hadoop-ozone/integration-test/target/log,UNAVAILABLE}
2019-09-28 00:09:36,420 [ForkJoinPool.commonPool-worker-0] INFO  handler.ContextHandler (ContextHandler.java:doStop(910)) - Stopped o.e.j.w.WebAppContext@934b52f{/,null,UNAVAILABLE}{/hddsDatanode}
2019-09-28 00:09:36,421 [ForkJoinPool.commonPool-worker-0] INFO  server.AbstractConnector (AbstractConnector.java:doStop(318)) - Stopped ServerConnector@2630dbc4{HTTP/1.1,[http/1.1]}{0.0.0.0:0}
2019-09-28 00:09:36,423 [ForkJoinPool.commonPool-worker-0] INFO  handler.ContextHandler (ContextHandler.java:doStop(910)) - Stopped o.e.j.s.ServletContextHandler@17fa1336{/static,jar:file:/home/user/.m2/repository/org/apache/hadoop/hadoop-hdds-container-service/0.5.0-SNAPSHOT/hadoop-hdds-container-service-0.5.0-SNAPSHOT.jar!/webapps/static,UNAVAILABLE}
2019-09-28 00:09:36,425 [ForkJoinPool.commonPool-worker-0] INFO  handler.ContextHandler (ContextHandler.java:doStop(910)) - Stopped o.e.j.s.ServletContextHandler@1457fde{/logs,file:///workdir/hadoop-ozone/integration-test/target/log,UNAVAILABLE}
2019-09-28 00:09:36,703 [Datanode State Machine Thread - 0] INFO  statemachine.DatanodeStateMachine (DatanodeStateMachine.java:lambda$startDaemon$0(350)) - Ozone container server started.
2019-09-28 00:09:37,025 [Datanode State Machine Thread - 0] INFO  statemachine.DatanodeStateMachine (DatanodeStateMachine.java:lambda$startDaemon$0(350)) - Ozone container server started.
2019-09-28 00:09:37,218 [grpc-default-executor-11] WARN  server.GrpcLogAppender (LogUtils.java:warn(134)) - 81a35a2f-70d3-442b-bace-ce29edca7155@group-DB85DE63A691->f6411f89-2ca8-4cfc-a99c-aca361894957-AppendLogResponseHandler: Failed appendEntries: org.apache.ratis.thirdparty.io.grpc.StatusRuntimeException: UNAVAILABLE: io exception
2019-09-28 00:09:37,220 [grpc-default-executor-11] INFO  impl.FollowerInfo (FollowerInfo.java:lambda$new$0(51)) - 81a35a2f-70d3-442b-bace-ce29edca7155@group-DB85DE63A691->f6411f89-2ca8-4cfc-a99c-aca361894957: nextIndex: updateUnconditionally 0 -> 0
2019-09-28 00:09:37,220 [grpc-default-executor-10] WARN  server.GrpcLogAppender (LogUtils.java:warn(134)) - 81a35a2f-70d3-442b-bace-ce29edca7155@group-DB85DE63A691->064bde2d-db92-404d-9f14-fa74fc053683-AppendLogResponseHandler: Failed appendEntries: org.apache.ratis.thirdparty.io.grpc.StatusRuntimeException: UNAVAILABLE: io exception
2019-09-28 00:09:37,222 [grpc-default-executor-10] INFO  impl.FollowerInfo (FollowerInfo.java:lambda$new$0(51)) - 81a35a2f-70d3-442b-bace-ce29edca7155@group-DB85DE63A691->064bde2d-db92-404d-9f14-fa74fc053683: nextIndex: updateUnconditionally 0 -> 0
2019-09-28 00:09:39,722 [grpc-default-executor-3] WARN  server.GrpcLogAppender (LogUtils.java:warn(134)) - 81a35a2f-70d3-442b-bace-ce29edca7155@group-DB85DE63A691->f6411f89-2ca8-4cfc-a99c-aca361894957-AppendLogResponseHandler: Failed appendEntries: org.apache.ratis.thirdparty.io.grpc.StatusRuntimeException: UNAVAILABLE: io exception
2019-09-28 00:09:39,725 [grpc-default-executor-3] INFO  impl.FollowerInfo (FollowerInfo.java:lambda$new$0(51)) - 81a35a2f-70d3-442b-bace-ce29edca7155@group-DB85DE63A691->f6411f89-2ca8-4cfc-a99c-aca361894957: nextIndex: updateUnconditionally 0 -> 0
2019-09-28 00:09:39,725 [grpc-default-executor-8] WARN  server.GrpcLogAppender (LogUtils.java:warn(134)) - 81a35a2f-70d3-442b-bace-ce29edca7155@group-DB85DE63A691->064bde2d-db92-404d-9f14-fa74fc053683-AppendLogResponseHandler: Failed appendEntries: org.apache.ratis.thirdparty.io.grpc.StatusRuntimeException: UNAVAILABLE: io exception
2019-09-28 00:09:39,727 [grpc-default-executor-8] INFO  impl.FollowerInfo (FollowerInfo.java:lambda$new$0(51)) - 81a35a2f-70d3-442b-bace-ce29edca7155@group-DB85DE63A691->064bde2d-db92-404d-9f14-fa74fc053683: nextIndex: updateUnconditionally 0 -> 0
2019-09-28 00:09:41,421 [main] INFO  ozoneimpl.OzoneContainer (OzoneContainer.java:stop(231)) - Attempting to stop container services.
2019-09-28 00:09:41,423 [main] INFO  impl.RaftServerProxy (RaftServerProxy.java:lambda$close$4(314)) - 7be1ccd5-eaae-4014-92ab-c222d72ed3a6: close
2019-09-28 00:09:41,423 [main] INFO  impl.RaftServerImpl (RaftServerImpl.java:lambda$shutdown$3(251)) - 7be1ccd5-eaae-4014-92ab-c222d72ed3a6@group-7259A9CA52B1: shutdown
2019-09-28 00:09:41,424 [main] INFO  util.JmxRegister (JmxRegister.java:unregister(73)) - Successfully un-registered JMX Bean with object name Ratis:service=RaftServer,group=group-7259A9CA52B1,id=7be1ccd5-eaae-4014-92ab-c222d72ed3a6
2019-09-28 00:09:41,424 [main] INFO  impl.RoleInfo (RoleInfo.java:shutdownLeaderState(104)) - 7be1ccd5-eaae-4014-92ab-c222d72ed3a6: shutdown LeaderState
2019-09-28 00:09:41,425 [main] INFO  impl.PendingRequests (PendingRequests.java:sendNotLeaderResponses(202)) - 7be1ccd5-eaae-4014-92ab-c222d72ed3a6-PendingRequests: sendNotLeaderResponses
2019-09-28 00:09:41,425 [main] INFO  impl.StateMachineUpdater (StateMachineUpdater.java:stopAndJoin(125)) - 7be1ccd5-eaae-4014-92ab-c222d72ed3a6@group-7259A9CA52B1-StateMachineUpdater: set stopIndex = 0
2019-09-28 00:09:41,426 [main] INFO  impl.RaftServerImpl (ServerState.java:close(385)) - 7be1ccd5-eaae-4014-92ab-c222d72ed3a6@group-7259A9CA52B1: closes. applyIndex: 0
2019-09-28 00:09:41,426 [7be1ccd5-eaae-4014-92ab-c222d72ed3a6@group-7259A9CA52B1-SegmentedRaftLogWorker] INFO  segmented.SegmentedRaftLogWorker (SegmentedRaftLogWorker.java:run(313)) - 7be1ccd5-eaae-4014-92ab-c222d72ed3a6@group-7259A9CA52B1-SegmentedRaftLogWorker was interrupted, exiting. There are 0 tasks remaining in the queue.
2019-09-28 00:09:41,427 [main] INFO  segmented.SegmentedRaftLogWorker (SegmentedRaftLogWorker.java:close(228)) - 7be1ccd5-eaae-4014-92ab-c222d72ed3a6@group-7259A9CA52B1-SegmentedRaftLogWorker close()
2019-09-28 00:09:41,427 [ForkJoinPool.commonPool-worker-0] INFO  ozoneimpl.OzoneContainer (OzoneContainer.java:stop(231)) - Attempting to stop container services.
2019-09-28 00:09:41,430 [main] INFO  server.GrpcService (GrpcService.java:closeImpl(164)) - 7be1ccd5-eaae-4014-92ab-c222d72ed3a6: shutdown server with port 41588 now
2019-09-28 00:09:41,431 [ForkJoinPool.commonPool-worker-0] INFO  impl.RaftServerProxy (RaftServerProxy.java:lambda$close$4(314)) - 81a35a2f-70d3-442b-bace-ce29edca7155: close
2019-09-28 00:09:41,433 [main] INFO  server.GrpcService (GrpcService.java:closeImpl(172)) - 7be1ccd5-eaae-4014-92ab-c222d72ed3a6: shutdown server with port 41588 successfully
2019-09-28 00:09:41,433 [ForkJoinPool.commonPool-worker-0] INFO  impl.RaftServerImpl (RaftServerImpl.java:lambda$shutdown$3(251)) - 81a35a2f-70d3-442b-bace-ce29edca7155@group-FEB5AF36E052: shutdown
2019-09-28 00:09:41,433 [ForkJoinPool.commonPool-worker-0] INFO  util.JmxRegister (JmxRegister.java:unregister(73)) - Successfully un-registered JMX Bean with object name Ratis:service=RaftServer,group=group-FEB5AF36E052,id=81a35a2f-70d3-442b-bace-ce29edca7155
2019-09-28 00:09:41,434 [ForkJoinPool.commonPool-worker-0] INFO  impl.RoleInfo (RoleInfo.java:shutdownLeaderState(104)) - 81a35a2f-70d3-442b-bace-ce29edca7155: shutdown LeaderState
2019-09-28 00:09:41,434 [ForkJoinPool.commonPool-worker-0] INFO  impl.PendingRequests (PendingRequests.java:sendNotLeaderResponses(202)) - 81a35a2f-70d3-442b-bace-ce29edca7155-PendingRequests: sendNotLeaderResponses
2019-09-28 00:09:41,435 [ForkJoinPool.commonPool-worker-0] INFO  impl.StateMachineUpdater (StateMachineUpdater.java:stopAndJoin(125)) - 81a35a2f-70d3-442b-bace-ce29edca7155@group-FEB5AF36E052-StateMachineUpdater: set stopIndex = 0
2019-09-28 00:09:41,435 [ForkJoinPool.commonPool-worker-0] INFO  impl.RaftServerImpl (ServerState.java:close(385)) - 81a35a2f-70d3-442b-bace-ce29edca7155@group-FEB5AF36E052: closes. applyIndex: 0
2019-09-28 00:09:41,436 [81a35a2f-70d3-442b-bace-ce29edca7155@group-FEB5AF36E052-SegmentedRaftLogWorker] INFO  segmented.SegmentedRaftLogWorker (SegmentedRaftLogWorker.java:run(313)) - 81a35a2f-70d3-442b-bace-ce29edca7155@group-FEB5AF36E052-SegmentedRaftLogWorker was interrupted, exiting. There are 0 tasks remaining in the queue.
2019-09-28 00:09:41,438 [ForkJoinPool.commonPool-worker-0] INFO  segmented.SegmentedRaftLogWorker (SegmentedRaftLogWorker.java:close(228)) - 81a35a2f-70d3-442b-bace-ce29edca7155@group-FEB5AF36E052-SegmentedRaftLogWorker close()
2019-09-28 00:09:41,440 [refreshUsed-/workdir/hadoop-ozone/integration-test/target/test-dir/MiniOzoneClusterImpl-ef93a8f6-ca63-49dc-855c-e6172cde0611/datanode-9/data/containers] WARN  fs.CachingGetSpaceUsed (CachingGetSpaceUsed.java:run(183)) - Thread Interrupted waiting to refresh disk information: sleep interrupted
2019-09-28 00:09:41,440 [ForkJoinPool.commonPool-worker-0] INFO  impl.RaftServerImpl (RaftServerImpl.java:lambda$shutdown$3(251)) - 81a35a2f-70d3-442b-bace-ce29edca7155@group-DB85DE63A691: shutdown
2019-09-28 00:09:41,441 [ForkJoinPool.commonPool-worker-0] INFO  util.JmxRegister (JmxRegister.java:unregister(73)) - Successfully un-registered JMX Bean with object name Ratis:service=RaftServer,group=group-DB85DE63A691,id=81a35a2f-70d3-442b-bace-ce29edca7155
2019-09-28 00:09:41,442 [ForkJoinPool.commonPool-worker-0] INFO  impl.RoleInfo (RoleInfo.java:shutdownLeaderState(104)) - 81a35a2f-70d3-442b-bace-ce29edca7155: shutdown LeaderState
2019-09-28 00:09:41,445 [ForkJoinPool.commonPool-worker-0] INFO  impl.PendingRequests (PendingRequests.java:sendNotLeaderResponses(202)) - 81a35a2f-70d3-442b-bace-ce29edca7155-PendingRequests: sendNotLeaderResponses
2019-09-28 00:09:41,445 [org.apache.ratis.server.impl.LogAppender$AppenderDaemon$$Lambda$402/670357315@2677ee12] WARN  server.GrpcLogAppender (GrpcLogAppender.java:mayWait(143)) - 81a35a2f-70d3-442b-bace-ce29edca7155@group-DB85DE63A691->064bde2d-db92-404d-9f14-fa74fc053683-GrpcLogAppender: Wait interrupted by java.lang.InterruptedException
2019-09-28 00:09:41,445 [org.apache.ratis.server.impl.LogAppender$AppenderDaemon$$Lambda$402/670357315@28a5b6ef] WARN  server.GrpcLogAppender (GrpcLogAppender.java:mayWait(143)) - 81a35a2f-70d3-442b-bace-ce29edca7155@group-DB85DE63A691->f6411f89-2ca8-4cfc-a99c-aca361894957-GrpcLogAppender: Wait interrupted by java.lang.InterruptedException
2019-09-28 00:09:41,446 [ForkJoinPool.commonPool-worker-0] INFO  impl.StateMachineUpdater (StateMachineUpdater.java:stopAndJoin(125)) - 81a35a2f-70d3-442b-bace-ce29edca7155@group-DB85DE63A691-StateMachineUpdater: set stopIndex = 0
2019-09-28 00:09:41,448 [ForkJoinPool.commonPool-worker-0] INFO  impl.RaftServerImpl (ServerState.java:close(385)) - 81a35a2f-70d3-442b-bace-ce29edca7155@group-DB85DE63A691: closes. applyIndex: 0
2019-09-28 00:09:41,448 [81a35a2f-70d3-442b-bace-ce29edca7155@group-DB85DE63A691-SegmentedRaftLogWorker] INFO  segmented.SegmentedRaftLogWorker (SegmentedRaftLogWorker.java:run(313)) - 81a35a2f-70d3-442b-bace-ce29edca7155@group-DB85DE63A691-SegmentedRaftLogWorker was interrupted, exiting. There are 0 tasks remaining in the queue.
2019-09-28 00:09:41,448 [ForkJoinPool.commonPool-worker-0] INFO  segmented.SegmentedRaftLogWorker (SegmentedRaftLogWorker.java:close(228)) - 81a35a2f-70d3-442b-bace-ce29edca7155@group-DB85DE63A691-SegmentedRaftLogWorker close()
2019-09-28 00:09:41,450 [ForkJoinPool.commonPool-worker-0] INFO  server.GrpcService (GrpcService.java:closeImpl(164)) - 81a35a2f-70d3-442b-bace-ce29edca7155: shutdown server with port 37102 now
2019-09-28 00:09:41,450 [ForkJoinPool.commonPool-worker-0] INFO  server.GrpcService (GrpcService.java:closeImpl(172)) - 81a35a2f-70d3-442b-bace-ce29edca7155: shutdown server with port 37102 successfully
2019-09-28 00:09:41,452 [refreshUsed-/workdir/hadoop-ozone/integration-test/target/test-dir/MiniOzoneClusterImpl-ef93a8f6-ca63-49dc-855c-e6172cde0611/datanode-0/data/containers] WARN  fs.CachingGetSpaceUsed (CachingGetSpaceUsed.java:run(183)) - Thread Interrupted waiting to refresh disk information: sleep interrupted
2019-09-28 00:09:41,473 [main] INFO  utils.BackgroundService (BackgroundService.java:shutdown(148)) - Shutting down service BlockDeletingService
2019-09-28 00:09:41,478 [main] INFO  statemachine.DatanodeStateMachine (DatanodeStateMachine.java:stopDaemon(395)) - Ozone container server stopped.
2019-09-28 00:09:41,479 [main] INFO  handler.ContextHandler (ContextHandler.java:doStop(910)) - Stopped o.e.j.w.WebAppContext@7f5b9db{/,null,UNAVAILABLE}{/hddsDatanode}
2019-09-28 00:09:41,480 [main] INFO  server.AbstractConnector (AbstractConnector.java:doStop(318)) - Stopped ServerConnector@507d64aa{HTTP/1.1,[http/1.1]}{0.0.0.0:0}
2019-09-28 00:09:41,480 [main] INFO  handler.ContextHandler (ContextHandler.java:doStop(910)) - Stopped o.e.j.s.ServletContextHandler@6535117e{/static,jar:file:/home/user/.m2/repository/org/apache/hadoop/hadoop-hdds-container-service/0.5.0-SNAPSHOT/hadoop-hdds-container-service-0.5.0-SNAPSHOT.jar!/webapps/static,UNAVAILABLE}
2019-09-28 00:09:41,481 [main] INFO  handler.ContextHandler (ContextHandler.java:doStop(910)) - Stopped o.e.j.s.ServletContextHandler@737d100a{/logs,file:///workdir/hadoop-ozone/integration-test/target/log,UNAVAILABLE}
2019-09-28 00:09:41,483 [ForkJoinPool.commonPool-worker-0] INFO  utils.BackgroundService (BackgroundService.java:shutdown(148)) - Shutting down service BlockDeletingService
2019-09-28 00:09:41,488 [ForkJoinPool.commonPool-worker-0] INFO  statemachine.DatanodeStateMachine (DatanodeStateMachine.java:stopDaemon(395)) - Ozone container server stopped.
2019-09-28 00:09:41,492 [ForkJoinPool.commonPool-worker-0] INFO  handler.ContextHandler (ContextHandler.java:doStop(910)) - Stopped o.e.j.w.WebAppContext@5df778c3{/,null,UNAVAILABLE}{/hddsDatanode}
2019-09-28 00:09:41,492 [ForkJoinPool.commonPool-worker-0] INFO  server.AbstractConnector (AbstractConnector.java:doStop(318)) - Stopped ServerConnector@895416d{HTTP/1.1,[http/1.1]}{0.0.0.0:0}
2019-09-28 00:09:41,494 [ForkJoinPool.commonPool-worker-0] INFO  handler.ContextHandler (ContextHandler.java:doStop(910)) - Stopped o.e.j.s.ServletContextHandler@6403e24c{/static,jar:file:/home/user/.m2/repository/org/apache/hadoop/hadoop-hdds-container-service/0.5.0-SNAPSHOT/hadoop-hdds-container-service-0.5.0-SNAPSHOT.jar!/webapps/static,UNAVAILABLE}
2019-09-28 00:09:41,495 [ForkJoinPool.commonPool-worker-0] INFO  handler.ContextHandler (ContextHandler.java:doStop(910)) - Stopped o.e.j.s.ServletContextHandler@43045f9f{/logs,file:///workdir/hadoop-ozone/integration-test/target/log,UNAVAILABLE}
2019-09-28 00:09:41,537 [Datanode State Machine Thread - 0] INFO  statemachine.DatanodeStateMachine (DatanodeStateMachine.java:lambda$startDaemon$0(350)) - Ozone container server started.
2019-09-28 00:09:41,545 [Datanode State Machine Thread - 0] INFO  statemachine.DatanodeStateMachine (DatanodeStateMachine.java:lambda$startDaemon$0(350)) - Ozone container server started.
2019-09-28 00:09:43,310 [Thread-447] INFO  impl.FollowerState (FollowerState.java:run(106)) - dde3bc4a-2072-49f6-96b7-d9dfb1162844:group-CA7758CC0C85 changes to CANDIDATE, lastRpcTime:9428, electionTimeout:5047ms
2019-09-28 00:09:43,311 [Thread-447] INFO  impl.RoleInfo (RoleInfo.java:shutdownFollowerState(121)) - dde3bc4a-2072-49f6-96b7-d9dfb1162844: shutdown FollowerState
2019-09-28 00:09:43,311 [Thread-447] INFO  impl.RaftServerImpl (RaftServerImpl.java:setRole(174)) - dde3bc4a-2072-49f6-96b7-d9dfb1162844@group-CA7758CC0C85: changes role from  FOLLOWER to CANDIDATE at term 4 for changeToCandidate
2019-09-28 00:09:43,311 [Thread-447] INFO  impl.RoleInfo (RoleInfo.java:updateAndGet(143)) - dde3bc4a-2072-49f6-96b7-d9dfb1162844: start LeaderElection
2019-09-28 00:09:43,314 [dde3bc4a-2072-49f6-96b7-d9dfb1162844@group-CA7758CC0C85:LeaderElection27] INFO  impl.RaftServerImpl (ServerState.java:setLeader(253)) - dde3bc4a-2072-49f6-96b7-d9dfb1162844@group-CA7758CC0C85: change Leader from 1c95823d-847a-4997-a8a6-4cda28e586d4 to null at term 4 for initElection
2019-09-28 00:09:43,341 [dde3bc4a-2072-49f6-96b7-d9dfb1162844@group-CA7758CC0C85:LeaderElection27] INFO  impl.LeaderElection (LeaderElection.java:askForVotes(182)) - dde3bc4a-2072-49f6-96b7-d9dfb1162844@group-CA7758CC0C85:LeaderElection27: begin an election at term 5 for 0: [dde3bc4a-2072-49f6-96b7-d9dfb1162844:192.168.151.82:33259, 1f14f3cf-4ace-4392-be28-431862a0440f:192.168.151.82:37786, 1c95823d-847a-4997-a8a6-4cda28e586d4:192.168.151.82:42975], old=null
2019-09-28 00:09:43,359 [dde3bc4a-2072-49f6-96b7-d9dfb1162844@group-CA7758CC0C85:LeaderElection27] INFO  impl.LeaderElection (LogUtils.java:infoOrTrace(149)) - dde3bc4a-2072-49f6-96b7-d9dfb1162844@group-CA7758CC0C85:LeaderElection27 got exception when requesting votes: {}
java.util.concurrent.ExecutionException: org.apache.ratis.thirdparty.io.grpc.StatusRuntimeException: UNAVAILABLE: io exception
	at java.util.concurrent.FutureTask.report(FutureTask.java:122)
	at java.util.concurrent.FutureTask.get(FutureTask.java:192)
	at org.apache.ratis.server.impl.LeaderElection.waitForResults(LeaderElection.java:263)
	at org.apache.ratis.server.impl.LeaderElection.askForVotes(LeaderElection.java:201)
	at org.apache.ratis.server.impl.LeaderElection.run(LeaderElection.java:133)
	at java.lang.Thread.run(Thread.java:748)
Caused by: org.apache.ratis.thirdparty.io.grpc.StatusRuntimeException: UNAVAILABLE: io exception
	at org.apache.ratis.thirdparty.io.grpc.stub.ClientCalls.toStatusRuntimeException(ClientCalls.java:233)
	at org.apache.ratis.thirdparty.io.grpc.stub.ClientCalls.getUnchecked(ClientCalls.java:214)
	at org.apache.ratis.thirdparty.io.grpc.stub.ClientCalls.blockingUnaryCall(ClientCalls.java:139)
	at org.apache.ratis.proto.grpc.RaftServerProtocolServiceGrpc$RaftServerProtocolServiceBlockingStub.requestVote(RaftServerProtocolServiceGrpc.java:265)
	at org.apache.ratis.grpc.server.GrpcServerProtocolClient.requestVote(GrpcServerProtocolClient.java:90)
	at org.apache.ratis.grpc.server.GrpcService.requestVote(GrpcService.java:204)
	at org.apache.ratis.server.impl.LeaderElection.lambda$submitRequests$1(LeaderElection.java:238)
	at java.util.concurrent.FutureTask.run(FutureTask.java:266)
	at java.util.concurrent.Executors$RunnableAdapter.call(Executors.java:511)
	at java.util.concurrent.FutureTask.run(FutureTask.java:266)
	at java.util.concurrent.ThreadPoolExecutor.runWorker(ThreadPoolExecutor.java:1149)
	at java.util.concurrent.ThreadPoolExecutor$Worker.run(ThreadPoolExecutor.java:624)
	... 1 more
Caused by: org.apache.ratis.thirdparty.io.netty.channel.AbstractChannel$AnnotatedConnectException: Connection refused: /192.168.151.82:37786
	at sun.nio.ch.SocketChannelImpl.checkConnect(Native Method)
	at sun.nio.ch.SocketChannelImpl.finishConnect(SocketChannelImpl.java:717)
	at org.apache.ratis.thirdparty.io.netty.channel.socket.nio.NioSocketChannel.doFinishConnect(NioSocketChannel.java:327)
	at org.apache.ratis.thirdparty.io.netty.channel.nio.AbstractNioChannel$AbstractNioUnsafe.finishConnect(AbstractNioChannel.java:340)
	at org.apache.ratis.thirdparty.io.netty.channel.nio.NioEventLoop.processSelectedKey(NioEventLoop.java:632)
	at org.apache.ratis.thirdparty.io.netty.channel.nio.NioEventLoop.processSelectedKeysOptimized(NioEventLoop.java:579)
	at org.apache.ratis.thirdparty.io.netty.channel.nio.NioEventLoop.processSelectedKeys(NioEventLoop.java:496)
	at org.apache.ratis.thirdparty.io.netty.channel.nio.NioEventLoop.run(NioEventLoop.java:458)
	at org.apache.ratis.thirdparty.io.netty.util.concurrent.SingleThreadEventExecutor$5.run(SingleThreadEventExecutor.java:897)
	at org.apache.ratis.thirdparty.io.netty.util.concurrent.FastThreadLocalRunnable.run(FastThreadLocalRunnable.java:30)
	... 1 more
Caused by: java.net.ConnectException: Connection refused
	... 11 more
2019-09-28 00:09:43,361 [dde3bc4a-2072-49f6-96b7-d9dfb1162844@group-CA7758CC0C85:LeaderElection27] INFO  impl.LeaderElection (LogUtils.java:infoOrTrace(149)) - dde3bc4a-2072-49f6-96b7-d9dfb1162844@group-CA7758CC0C85:LeaderElection27 got exception when requesting votes: {}
java.util.concurrent.ExecutionException: org.apache.ratis.thirdparty.io.grpc.StatusRuntimeException: UNAVAILABLE: io exception
	at java.util.concurrent.FutureTask.report(FutureTask.java:122)
	at java.util.concurrent.FutureTask.get(FutureTask.java:192)
	at org.apache.ratis.server.impl.LeaderElection.waitForResults(LeaderElection.java:263)
	at org.apache.ratis.server.impl.LeaderElection.askForVotes(LeaderElection.java:201)
	at org.apache.ratis.server.impl.LeaderElection.run(LeaderElection.java:133)
	at java.lang.Thread.run(Thread.java:748)
Caused by: org.apache.ratis.thirdparty.io.grpc.StatusRuntimeException: UNAVAILABLE: io exception
	at org.apache.ratis.thirdparty.io.grpc.stub.ClientCalls.toStatusRuntimeException(ClientCalls.java:233)
	at org.apache.ratis.thirdparty.io.grpc.stub.ClientCalls.getUnchecked(ClientCalls.java:214)
	at org.apache.ratis.thirdparty.io.grpc.stub.ClientCalls.blockingUnaryCall(ClientCalls.java:139)
	at org.apache.ratis.proto.grpc.RaftServerProtocolServiceGrpc$RaftServerProtocolServiceBlockingStub.requestVote(RaftServerProtocolServiceGrpc.java:265)
	at org.apache.ratis.grpc.server.GrpcServerProtocolClient.requestVote(GrpcServerProtocolClient.java:90)
	at org.apache.ratis.grpc.server.GrpcService.requestVote(GrpcService.java:204)
	at org.apache.ratis.server.impl.LeaderElection.lambda$submitRequests$1(LeaderElection.java:238)
	at java.util.concurrent.FutureTask.run(FutureTask.java:266)
	at java.util.concurrent.Executors$RunnableAdapter.call(Executors.java:511)
	at java.util.concurrent.FutureTask.run(FutureTask.java:266)
	at java.util.concurrent.ThreadPoolExecutor.runWorker(ThreadPoolExecutor.java:1149)
	at java.util.concurrent.ThreadPoolExecutor$Worker.run(ThreadPoolExecutor.java:624)
	... 1 more
Caused by: org.apache.ratis.thirdparty.io.netty.channel.AbstractChannel$AnnotatedConnectException: Connection refused: /192.168.151.82:42975
	at sun.nio.ch.SocketChannelImpl.checkConnect(Native Method)
	at sun.nio.ch.SocketChannelImpl.finishConnect(SocketChannelImpl.java:717)
	at org.apache.ratis.thirdparty.io.netty.channel.socket.nio.NioSocketChannel.doFinishConnect(NioSocketChannel.java:327)
	at org.apache.ratis.thirdparty.io.netty.channel.nio.AbstractNioChannel$AbstractNioUnsafe.finishConnect(AbstractNioChannel.java:340)
	at org.apache.ratis.thirdparty.io.netty.channel.nio.NioEventLoop.processSelectedKey(NioEventLoop.java:632)
	at org.apache.ratis.thirdparty.io.netty.channel.nio.NioEventLoop.processSelectedKeysOptimized(NioEventLoop.java:579)
	at org.apache.ratis.thirdparty.io.netty.channel.nio.NioEventLoop.processSelectedKeys(NioEventLoop.java:496)
	at org.apache.ratis.thirdparty.io.netty.channel.nio.NioEventLoop.run(NioEventLoop.java:458)
	at org.apache.ratis.thirdparty.io.netty.util.concurrent.SingleThreadEventExecutor$5.run(SingleThreadEventExecutor.java:897)
	at org.apache.ratis.thirdparty.io.netty.util.concurrent.FastThreadLocalRunnable.run(FastThreadLocalRunnable.java:30)
	... 1 more
Caused by: java.net.ConnectException: Connection refused
	... 11 more
2019-09-28 00:09:43,363 [dde3bc4a-2072-49f6-96b7-d9dfb1162844@group-CA7758CC0C85:LeaderElection27] INFO  impl.LeaderElection (LeaderElection.java:logAndReturn(56)) - dde3bc4a-2072-49f6-96b7-d9dfb1162844@group-CA7758CC0C85:LeaderElection27: Election REJECTED; received 0 response(s) [] and 2 exception(s); dde3bc4a-2072-49f6-96b7-d9dfb1162844@group-CA7758CC0C85:t5, leader=null, voted=dde3bc4a-2072-49f6-96b7-d9dfb1162844, raftlog=dde3bc4a-2072-49f6-96b7-d9dfb1162844@group-CA7758CC0C85-SegmentedRaftLog:OPENED:c0,f0,i0, conf=0: [dde3bc4a-2072-49f6-96b7-d9dfb1162844:192.168.151.82:33259, 1f14f3cf-4ace-4392-be28-431862a0440f:192.168.151.82:37786, 1c95823d-847a-4997-a8a6-4cda28e586d4:192.168.151.82:42975], old=null
2019-09-28 00:09:43,364 [dde3bc4a-2072-49f6-96b7-d9dfb1162844@group-CA7758CC0C85:LeaderElection27] INFO  impl.LeaderElection (LogUtils.java:infoOrTrace(149)) -   Exception 0: {}
java.util.concurrent.ExecutionException: org.apache.ratis.thirdparty.io.grpc.StatusRuntimeException: UNAVAILABLE: io exception
	at java.util.concurrent.FutureTask.report(FutureTask.java:122)
	at java.util.concurrent.FutureTask.get(FutureTask.java:192)
	at org.apache.ratis.server.impl.LeaderElection.waitForResults(LeaderElection.java:263)
	at org.apache.ratis.server.impl.LeaderElection.askForVotes(LeaderElection.java:201)
	at org.apache.ratis.server.impl.LeaderElection.run(LeaderElection.java:133)
	at java.lang.Thread.run(Thread.java:748)
Caused by: org.apache.ratis.thirdparty.io.grpc.StatusRuntimeException: UNAVAILABLE: io exception
	at org.apache.ratis.thirdparty.io.grpc.stub.ClientCalls.toStatusRuntimeException(ClientCalls.java:233)
	at org.apache.ratis.thirdparty.io.grpc.stub.ClientCalls.getUnchecked(ClientCalls.java:214)
	at org.apache.ratis.thirdparty.io.grpc.stub.ClientCalls.blockingUnaryCall(ClientCalls.java:139)
	at org.apache.ratis.proto.grpc.RaftServerProtocolServiceGrpc$RaftServerProtocolServiceBlockingStub.requestVote(RaftServerProtocolServiceGrpc.java:265)
	at org.apache.ratis.grpc.server.GrpcServerProtocolClient.requestVote(GrpcServerProtocolClient.java:90)
	at org.apache.ratis.grpc.server.GrpcService.requestVote(GrpcService.java:204)
	at org.apache.ratis.server.impl.LeaderElection.lambda$submitRequests$1(LeaderElection.java:238)
	at java.util.concurrent.FutureTask.run(FutureTask.java:266)
	at java.util.concurrent.Executors$RunnableAdapter.call(Executors.java:511)
	at java.util.concurrent.FutureTask.run(FutureTask.java:266)
	at java.util.concurrent.ThreadPoolExecutor.runWorker(ThreadPoolExecutor.java:1149)
	at java.util.concurrent.ThreadPoolExecutor$Worker.run(ThreadPoolExecutor.java:624)
	... 1 more
Caused by: org.apache.ratis.thirdparty.io.netty.channel.AbstractChannel$AnnotatedConnectException: Connection refused: /192.168.151.82:37786
	at sun.nio.ch.SocketChannelImpl.checkConnect(Native Method)
	at sun.nio.ch.SocketChannelImpl.finishConnect(SocketChannelImpl.java:717)
	at org.apache.ratis.thirdparty.io.netty.channel.socket.nio.NioSocketChannel.doFinishConnect(NioSocketChannel.java:327)
	at org.apache.ratis.thirdparty.io.netty.channel.nio.AbstractNioChannel$AbstractNioUnsafe.finishConnect(AbstractNioChannel.java:340)
	at org.apache.ratis.thirdparty.io.netty.channel.nio.NioEventLoop.processSelectedKey(NioEventLoop.java:632)
	at org.apache.ratis.thirdparty.io.netty.channel.nio.NioEventLoop.processSelectedKeysOptimized(NioEventLoop.java:579)
	at org.apache.ratis.thirdparty.io.netty.channel.nio.NioEventLoop.processSelectedKeys(NioEventLoop.java:496)
	at org.apache.ratis.thirdparty.io.netty.channel.nio.NioEventLoop.run(NioEventLoop.java:458)
	at org.apache.ratis.thirdparty.io.netty.util.concurrent.SingleThreadEventExecutor$5.run(SingleThreadEventExecutor.java:897)
	at org.apache.ratis.thirdparty.io.netty.util.concurrent.FastThreadLocalRunnable.run(FastThreadLocalRunnable.java:30)
	... 1 more
Caused by: java.net.ConnectException: Connection refused
	... 11 more
2019-09-28 00:09:43,365 [dde3bc4a-2072-49f6-96b7-d9dfb1162844@group-CA7758CC0C85:LeaderElection27] INFO  impl.LeaderElection (LogUtils.java:infoOrTrace(149)) -   Exception 1: {}
java.util.concurrent.ExecutionException: org.apache.ratis.thirdparty.io.grpc.StatusRuntimeException: UNAVAILABLE: io exception
	at java.util.concurrent.FutureTask.report(FutureTask.java:122)
	at java.util.concurrent.FutureTask.get(FutureTask.java:192)
	at org.apache.ratis.server.impl.LeaderElection.waitForResults(LeaderElection.java:263)
	at org.apache.ratis.server.impl.LeaderElection.askForVotes(LeaderElection.java:201)
	at org.apache.ratis.server.impl.LeaderElection.run(LeaderElection.java:133)
	at java.lang.Thread.run(Thread.java:748)
Caused by: org.apache.ratis.thirdparty.io.grpc.StatusRuntimeException: UNAVAILABLE: io exception
	at org.apache.ratis.thirdparty.io.grpc.stub.ClientCalls.toStatusRuntimeException(ClientCalls.java:233)
	at org.apache.ratis.thirdparty.io.grpc.stub.ClientCalls.getUnchecked(ClientCalls.java:214)
	at org.apache.ratis.thirdparty.io.grpc.stub.ClientCalls.blockingUnaryCall(ClientCalls.java:139)
	at org.apache.ratis.proto.grpc.RaftServerProtocolServiceGrpc$RaftServerProtocolServiceBlockingStub.requestVote(RaftServerProtocolServiceGrpc.java:265)
	at org.apache.ratis.grpc.server.GrpcServerProtocolClient.requestVote(GrpcServerProtocolClient.java:90)
	at org.apache.ratis.grpc.server.GrpcService.requestVote(GrpcService.java:204)
	at org.apache.ratis.server.impl.LeaderElection.lambda$submitRequests$1(LeaderElection.java:238)
	at java.util.concurrent.FutureTask.run(FutureTask.java:266)
	at java.util.concurrent.Executors$RunnableAdapter.call(Executors.java:511)
	at java.util.concurrent.FutureTask.run(FutureTask.java:266)
	at java.util.concurrent.ThreadPoolExecutor.runWorker(ThreadPoolExecutor.java:1149)
	at java.util.concurrent.ThreadPoolExecutor$Worker.run(ThreadPoolExecutor.java:624)
	... 1 more
Caused by: org.apache.ratis.thirdparty.io.netty.channel.AbstractChannel$AnnotatedConnectException: Connection refused: /192.168.151.82:42975
	at sun.nio.ch.SocketChannelImpl.checkConnect(Native Method)
	at sun.nio.ch.SocketChannelImpl.finishConnect(SocketChannelImpl.java:717)
	at org.apache.ratis.thirdparty.io.netty.channel.socket.nio.NioSocketChannel.doFinishConnect(NioSocketChannel.java:327)
	at org.apache.ratis.thirdparty.io.netty.channel.nio.AbstractNioChannel$AbstractNioUnsafe.finishConnect(AbstractNioChannel.java:340)
	at org.apache.ratis.thirdparty.io.netty.channel.nio.NioEventLoop.processSelectedKey(NioEventLoop.java:632)
	at org.apache.ratis.thirdparty.io.netty.channel.nio.NioEventLoop.processSelectedKeysOptimized(NioEventLoop.java:579)
	at org.apache.ratis.thirdparty.io.netty.channel.nio.NioEventLoop.processSelectedKeys(NioEventLoop.java:496)
	at org.apache.ratis.thirdparty.io.netty.channel.nio.NioEventLoop.run(NioEventLoop.java:458)
	at org.apache.ratis.thirdparty.io.netty.util.concurrent.SingleThreadEventExecutor$5.run(SingleThreadEventExecutor.java:897)
	at org.apache.ratis.thirdparty.io.netty.util.concurrent.FastThreadLocalRunnable.run(FastThreadLocalRunnable.java:30)
	... 1 more
Caused by: java.net.ConnectException: Connection refused
	... 11 more
2019-09-28 00:09:43,365 [Thread-450] INFO  impl.FollowerState (FollowerState.java:run(106)) - f2b1cee9-5126-4a0c-9c15-774918a74cc9:group-4913561A1ECF changes to CANDIDATE, lastRpcTime:7075, electionTimeout:5189ms
2019-09-28 00:09:43,369 [dde3bc4a-2072-49f6-96b7-d9dfb1162844@group-CA7758CC0C85:LeaderElection27] INFO  impl.RaftServerImpl (RaftServerImpl.java:setRole(174)) - dde3bc4a-2072-49f6-96b7-d9dfb1162844@group-CA7758CC0C85: changes role from CANDIDATE to FOLLOWER at term 5 for DISCOVERED_A_NEW_TERM
2019-09-28 00:09:43,370 [Thread-450] INFO  impl.RoleInfo (RoleInfo.java:shutdownFollowerState(121)) - f2b1cee9-5126-4a0c-9c15-774918a74cc9: shutdown FollowerState
2019-09-28 00:09:43,370 [dde3bc4a-2072-49f6-96b7-d9dfb1162844@group-CA7758CC0C85:LeaderElection27] INFO  impl.RoleInfo (RoleInfo.java:shutdownLeaderElection(134)) - dde3bc4a-2072-49f6-96b7-d9dfb1162844: shutdown LeaderElection
2019-09-28 00:09:43,371 [Thread-450] INFO  impl.RaftServerImpl (RaftServerImpl.java:setRole(174)) - f2b1cee9-5126-4a0c-9c15-774918a74cc9@group-4913561A1ECF: changes role from  FOLLOWER to CANDIDATE at term 4 for changeToCandidate
2019-09-28 00:09:43,371 [dde3bc4a-2072-49f6-96b7-d9dfb1162844@group-CA7758CC0C85:LeaderElection27] INFO  impl.RoleInfo (RoleInfo.java:updateAndGet(143)) - dde3bc4a-2072-49f6-96b7-d9dfb1162844: start FollowerState
2019-09-28 00:09:43,371 [Thread-450] INFO  impl.RoleInfo (RoleInfo.java:updateAndGet(143)) - f2b1cee9-5126-4a0c-9c15-774918a74cc9: start LeaderElection
2019-09-28 00:09:43,373 [f2b1cee9-5126-4a0c-9c15-774918a74cc9@group-4913561A1ECF:LeaderElection28] INFO  impl.RaftServerImpl (ServerState.java:setLeader(253)) - f2b1cee9-5126-4a0c-9c15-774918a74cc9@group-4913561A1ECF: change Leader from e997bddb-a40f-4466-9539-dfa223a823e1 to null at term 4 for initElection
2019-09-28 00:09:43,386 [f2b1cee9-5126-4a0c-9c15-774918a74cc9@group-4913561A1ECF:LeaderElection28] INFO  impl.LeaderElection (LeaderElection.java:askForVotes(182)) - f2b1cee9-5126-4a0c-9c15-774918a74cc9@group-4913561A1ECF:LeaderElection28: begin an election at term 5 for 0: [f2b1cee9-5126-4a0c-9c15-774918a74cc9:192.168.151.82:44946, e997bddb-a40f-4466-9539-dfa223a823e1:192.168.151.82:34311, 7eeb4e41-83cf-4f16-b692-5d167ffa47e8:192.168.151.82:42184], old=null
2019-09-28 00:09:43,397 [f2b1cee9-5126-4a0c-9c15-774918a74cc9@group-4913561A1ECF:LeaderElection28] INFO  impl.LeaderElection (LogUtils.java:infoOrTrace(149)) - f2b1cee9-5126-4a0c-9c15-774918a74cc9@group-4913561A1ECF:LeaderElection28 got exception when requesting votes: {}
java.util.concurrent.ExecutionException: org.apache.ratis.thirdparty.io.grpc.StatusRuntimeException: UNAVAILABLE: io exception
	at java.util.concurrent.FutureTask.report(FutureTask.java:122)
	at java.util.concurrent.FutureTask.get(FutureTask.java:192)
	at org.apache.ratis.server.impl.LeaderElection.waitForResults(LeaderElection.java:263)
	at org.apache.ratis.server.impl.LeaderElection.askForVotes(LeaderElection.java:201)
	at org.apache.ratis.server.impl.LeaderElection.run(LeaderElection.java:133)
	at java.lang.Thread.run(Thread.java:748)
Caused by: org.apache.ratis.thirdparty.io.grpc.StatusRuntimeException: UNAVAILABLE: io exception
	at org.apache.ratis.thirdparty.io.grpc.stub.ClientCalls.toStatusRuntimeException(ClientCalls.java:233)
	at org.apache.ratis.thirdparty.io.grpc.stub.ClientCalls.getUnchecked(ClientCalls.java:214)
	at org.apache.ratis.thirdparty.io.grpc.stub.ClientCalls.blockingUnaryCall(ClientCalls.java:139)
	at org.apache.ratis.proto.grpc.RaftServerProtocolServiceGrpc$RaftServerProtocolServiceBlockingStub.requestVote(RaftServerProtocolServiceGrpc.java:265)
	at org.apache.ratis.grpc.server.GrpcServerProtocolClient.requestVote(GrpcServerProtocolClient.java:90)
	at org.apache.ratis.grpc.server.GrpcService.requestVote(GrpcService.java:204)
	at org.apache.ratis.server.impl.LeaderElection.lambda$submitRequests$1(LeaderElection.java:238)
	at java.util.concurrent.FutureTask.run(FutureTask.java:266)
	at java.util.concurrent.Executors$RunnableAdapter.call(Executors.java:511)
	at java.util.concurrent.FutureTask.run(FutureTask.java:266)
	at java.util.concurrent.ThreadPoolExecutor.runWorker(ThreadPoolExecutor.java:1149)
	at java.util.concurrent.ThreadPoolExecutor$Worker.run(ThreadPoolExecutor.java:624)
	... 1 more
Caused by: org.apache.ratis.thirdparty.io.netty.channel.AbstractChannel$AnnotatedConnectException: Connection refused: /192.168.151.82:42184
	at sun.nio.ch.SocketChannelImpl.checkConnect(Native Method)
	at sun.nio.ch.SocketChannelImpl.finishConnect(SocketChannelImpl.java:717)
	at org.apache.ratis.thirdparty.io.netty.channel.socket.nio.NioSocketChannel.doFinishConnect(NioSocketChannel.java:327)
	at org.apache.ratis.thirdparty.io.netty.channel.nio.AbstractNioChannel$AbstractNioUnsafe.finishConnect(AbstractNioChannel.java:340)
	at org.apache.ratis.thirdparty.io.netty.channel.nio.NioEventLoop.processSelectedKey(NioEventLoop.java:632)
	at org.apache.ratis.thirdparty.io.netty.channel.nio.NioEventLoop.processSelectedKeysOptimized(NioEventLoop.java:579)
	at org.apache.ratis.thirdparty.io.netty.channel.nio.NioEventLoop.processSelectedKeys(NioEventLoop.java:496)
	at org.apache.ratis.thirdparty.io.netty.channel.nio.NioEventLoop.run(NioEventLoop.java:458)
	at org.apache.ratis.thirdparty.io.netty.util.concurrent.SingleThreadEventExecutor$5.run(SingleThreadEventExecutor.java:897)
	at org.apache.ratis.thirdparty.io.netty.util.concurrent.FastThreadLocalRunnable.run(FastThreadLocalRunnable.java:30)
	... 1 more
Caused by: java.net.ConnectException: Connection refused
	... 11 more
2019-09-28 00:09:43,399 [f2b1cee9-5126-4a0c-9c15-774918a74cc9@group-4913561A1ECF:LeaderElection28] INFO  impl.LeaderElection (LogUtils.java:infoOrTrace(149)) - f2b1cee9-5126-4a0c-9c15-774918a74cc9@group-4913561A1ECF:LeaderElection28 got exception when requesting votes: {}
java.util.concurrent.ExecutionException: org.apache.ratis.thirdparty.io.grpc.StatusRuntimeException: UNAVAILABLE: io exception
	at java.util.concurrent.FutureTask.report(FutureTask.java:122)
	at java.util.concurrent.FutureTask.get(FutureTask.java:192)
	at org.apache.ratis.server.impl.LeaderElection.waitForResults(LeaderElection.java:263)
	at org.apache.ratis.server.impl.LeaderElection.askForVotes(LeaderElection.java:201)
	at org.apache.ratis.server.impl.LeaderElection.run(LeaderElection.java:133)
	at java.lang.Thread.run(Thread.java:748)
Caused by: org.apache.ratis.thirdparty.io.grpc.StatusRuntimeException: UNAVAILABLE: io exception
	at org.apache.ratis.thirdparty.io.grpc.stub.ClientCalls.toStatusRuntimeException(ClientCalls.java:233)
	at org.apache.ratis.thirdparty.io.grpc.stub.ClientCalls.getUnchecked(ClientCalls.java:214)
	at org.apache.ratis.thirdparty.io.grpc.stub.ClientCalls.blockingUnaryCall(ClientCalls.java:139)
	at org.apache.ratis.proto.grpc.RaftServerProtocolServiceGrpc$RaftServerProtocolServiceBlockingStub.requestVote(RaftServerProtocolServiceGrpc.java:265)
	at org.apache.ratis.grpc.server.GrpcServerProtocolClient.requestVote(GrpcServerProtocolClient.java:90)
	at org.apache.ratis.grpc.server.GrpcService.requestVote(GrpcService.java:204)
	at org.apache.ratis.server.impl.LeaderElection.lambda$submitRequests$1(LeaderElection.java:238)
	at java.util.concurrent.FutureTask.run(FutureTask.java:266)
	at java.util.concurrent.Executors$RunnableAdapter.call(Executors.java:511)
	at java.util.concurrent.FutureTask.run(FutureTask.java:266)
	at java.util.concurrent.ThreadPoolExecutor.runWorker(ThreadPoolExecutor.java:1149)
	at java.util.concurrent.ThreadPoolExecutor$Worker.run(ThreadPoolExecutor.java:624)
	... 1 more
Caused by: org.apache.ratis.thirdparty.io.netty.channel.AbstractChannel$AnnotatedConnectException: Connection refused: /192.168.151.82:34311
	at sun.nio.ch.SocketChannelImpl.checkConnect(Native Method)
	at sun.nio.ch.SocketChannelImpl.finishConnect(SocketChannelImpl.java:717)
	at org.apache.ratis.thirdparty.io.netty.channel.socket.nio.NioSocketChannel.doFinishConnect(NioSocketChannel.java:327)
	at org.apache.ratis.thirdparty.io.netty.channel.nio.AbstractNioChannel$AbstractNioUnsafe.finishConnect(AbstractNioChannel.java:340)
	at org.apache.ratis.thirdparty.io.netty.channel.nio.NioEventLoop.processSelectedKey(NioEventLoop.java:632)
	at org.apache.ratis.thirdparty.io.netty.channel.nio.NioEventLoop.processSelectedKeysOptimized(NioEventLoop.java:579)
	at org.apache.ratis.thirdparty.io.netty.channel.nio.NioEventLoop.processSelectedKeys(NioEventLoop.java:496)
	at org.apache.ratis.thirdparty.io.netty.channel.nio.NioEventLoop.run(NioEventLoop.java:458)
	at org.apache.ratis.thirdparty.io.netty.util.concurrent.SingleThreadEventExecutor$5.run(SingleThreadEventExecutor.java:897)
	at org.apache.ratis.thirdparty.io.netty.util.concurrent.FastThreadLocalRunnable.run(FastThreadLocalRunnable.java:30)
	... 1 more
Caused by: java.net.ConnectException: Connection refused
	... 11 more
2019-09-28 00:09:43,400 [f2b1cee9-5126-4a0c-9c15-774918a74cc9@group-4913561A1ECF:LeaderElection28] INFO  impl.LeaderElection (LeaderElection.java:logAndReturn(56)) - f2b1cee9-5126-4a0c-9c15-774918a74cc9@group-4913561A1ECF:LeaderElection28: Election REJECTED; received 0 response(s) [] and 2 exception(s); f2b1cee9-5126-4a0c-9c15-774918a74cc9@group-4913561A1ECF:t5, leader=null, voted=f2b1cee9-5126-4a0c-9c15-774918a74cc9, raftlog=f2b1cee9-5126-4a0c-9c15-774918a74cc9@group-4913561A1ECF-SegmentedRaftLog:OPENED:c0,f0,i0, conf=0: [f2b1cee9-5126-4a0c-9c15-774918a74cc9:192.168.151.82:44946, e997bddb-a40f-4466-9539-dfa223a823e1:192.168.151.82:34311, 7eeb4e41-83cf-4f16-b692-5d167ffa47e8:192.168.151.82:42184], old=null
2019-09-28 00:09:43,401 [f2b1cee9-5126-4a0c-9c15-774918a74cc9@group-4913561A1ECF:LeaderElection28] INFO  impl.LeaderElection (LogUtils.java:infoOrTrace(149)) -   Exception 0: {}
java.util.concurrent.ExecutionException: org.apache.ratis.thirdparty.io.grpc.StatusRuntimeException: UNAVAILABLE: io exception
	at java.util.concurrent.FutureTask.report(FutureTask.java:122)
	at java.util.concurrent.FutureTask.get(FutureTask.java:192)
	at org.apache.ratis.server.impl.LeaderElection.waitForResults(LeaderElection.java:263)
	at org.apache.ratis.server.impl.LeaderElection.askForVotes(LeaderElection.java:201)
	at org.apache.ratis.server.impl.LeaderElection.run(LeaderElection.java:133)
	at java.lang.Thread.run(Thread.java:748)
Caused by: org.apache.ratis.thirdparty.io.grpc.StatusRuntimeException: UNAVAILABLE: io exception
	at org.apache.ratis.thirdparty.io.grpc.stub.ClientCalls.toStatusRuntimeException(ClientCalls.java:233)
	at org.apache.ratis.thirdparty.io.grpc.stub.ClientCalls.getUnchecked(ClientCalls.java:214)
	at org.apache.ratis.thirdparty.io.grpc.stub.ClientCalls.blockingUnaryCall(ClientCalls.java:139)
	at org.apache.ratis.proto.grpc.RaftServerProtocolServiceGrpc$RaftServerProtocolServiceBlockingStub.requestVote(RaftServerProtocolServiceGrpc.java:265)
	at org.apache.ratis.grpc.server.GrpcServerProtocolClient.requestVote(GrpcServerProtocolClient.java:90)
	at org.apache.ratis.grpc.server.GrpcService.requestVote(GrpcService.java:204)
	at org.apache.ratis.server.impl.LeaderElection.lambda$submitRequests$1(LeaderElection.java:238)
	at java.util.concurrent.FutureTask.run(FutureTask.java:266)
	at java.util.concurrent.Executors$RunnableAdapter.call(Executors.java:511)
	at java.util.concurrent.FutureTask.run(FutureTask.java:266)
	at java.util.concurrent.ThreadPoolExecutor.runWorker(ThreadPoolExecutor.java:1149)
	at java.util.concurrent.ThreadPoolExecutor$Worker.run(ThreadPoolExecutor.java:624)
	... 1 more
Caused by: org.apache.ratis.thirdparty.io.netty.channel.AbstractChannel$AnnotatedConnectException: Connection refused: /192.168.151.82:42184
	at sun.nio.ch.SocketChannelImpl.checkConnect(Native Method)
	at sun.nio.ch.SocketChannelImpl.finishConnect(SocketChannelImpl.java:717)
	at org.apache.ratis.thirdparty.io.netty.channel.socket.nio.NioSocketChannel.doFinishConnect(NioSocketChannel.java:327)
	at org.apache.ratis.thirdparty.io.netty.channel.nio.AbstractNioChannel$AbstractNioUnsafe.finishConnect(AbstractNioChannel.java:340)
	at org.apache.ratis.thirdparty.io.netty.channel.nio.NioEventLoop.processSelectedKey(NioEventLoop.java:632)
	at org.apache.ratis.thirdparty.io.netty.channel.nio.NioEventLoop.processSelectedKeysOptimized(NioEventLoop.java:579)
	at org.apache.ratis.thirdparty.io.netty.channel.nio.NioEventLoop.processSelectedKeys(NioEventLoop.java:496)
	at org.apache.ratis.thirdparty.io.netty.channel.nio.NioEventLoop.run(NioEventLoop.java:458)
	at org.apache.ratis.thirdparty.io.netty.util.concurrent.SingleThreadEventExecutor$5.run(SingleThreadEventExecutor.java:897)
	at org.apache.ratis.thirdparty.io.netty.util.concurrent.FastThreadLocalRunnable.run(FastThreadLocalRunnable.java:30)
	... 1 more
Caused by: java.net.ConnectException: Connection refused
	... 11 more
2019-09-28 00:09:43,401 [f2b1cee9-5126-4a0c-9c15-774918a74cc9@group-4913561A1ECF:LeaderElection28] INFO  impl.LeaderElection (LogUtils.java:infoOrTrace(149)) -   Exception 1: {}
java.util.concurrent.ExecutionException: org.apache.ratis.thirdparty.io.grpc.StatusRuntimeException: UNAVAILABLE: io exception
	at java.util.concurrent.FutureTask.report(FutureTask.java:122)
	at java.util.concurrent.FutureTask.get(FutureTask.java:192)
	at org.apache.ratis.server.impl.LeaderElection.waitForResults(LeaderElection.java:263)
	at org.apache.ratis.server.impl.LeaderElection.askForVotes(LeaderElection.java:201)
	at org.apache.ratis.server.impl.LeaderElection.run(LeaderElection.java:133)
	at java.lang.Thread.run(Thread.java:748)
Caused by: org.apache.ratis.thirdparty.io.grpc.StatusRuntimeException: UNAVAILABLE: io exception
	at org.apache.ratis.thirdparty.io.grpc.stub.ClientCalls.toStatusRuntimeException(ClientCalls.java:233)
	at org.apache.ratis.thirdparty.io.grpc.stub.ClientCalls.getUnchecked(ClientCalls.java:214)
	at org.apache.ratis.thirdparty.io.grpc.stub.ClientCalls.blockingUnaryCall(ClientCalls.java:139)
	at org.apache.ratis.proto.grpc.RaftServerProtocolServiceGrpc$RaftServerProtocolServiceBlockingStub.requestVote(RaftServerProtocolServiceGrpc.java:265)
	at org.apache.ratis.grpc.server.GrpcServerProtocolClient.requestVote(GrpcServerProtocolClient.java:90)
	at org.apache.ratis.grpc.server.GrpcService.requestVote(GrpcService.java:204)
	at org.apache.ratis.server.impl.LeaderElection.lambda$submitRequests$1(LeaderElection.java:238)
	at java.util.concurrent.FutureTask.run(FutureTask.java:266)
	at java.util.concurrent.Executors$RunnableAdapter.call(Executors.java:511)
	at java.util.concurrent.FutureTask.run(FutureTask.java:266)
	at java.util.concurrent.ThreadPoolExecutor.runWorker(ThreadPoolExecutor.java:1149)
	at java.util.concurrent.ThreadPoolExecutor$Worker.run(ThreadPoolExecutor.java:624)
	... 1 more
Caused by: org.apache.ratis.thirdparty.io.netty.channel.AbstractChannel$AnnotatedConnectException: Connection refused: /192.168.151.82:34311
	at sun.nio.ch.SocketChannelImpl.checkConnect(Native Method)
	at sun.nio.ch.SocketChannelImpl.finishConnect(SocketChannelImpl.java:717)
	at org.apache.ratis.thirdparty.io.netty.channel.socket.nio.NioSocketChannel.doFinishConnect(NioSocketChannel.java:327)
	at org.apache.ratis.thirdparty.io.netty.channel.nio.AbstractNioChannel$AbstractNioUnsafe.finishConnect(AbstractNioChannel.java:340)
	at org.apache.ratis.thirdparty.io.netty.channel.nio.NioEventLoop.processSelectedKey(NioEventLoop.java:632)
	at org.apache.ratis.thirdparty.io.netty.channel.nio.NioEventLoop.processSelectedKeysOptimized(NioEventLoop.java:579)
	at org.apache.ratis.thirdparty.io.netty.channel.nio.NioEventLoop.processSelectedKeys(NioEventLoop.java:496)
	at org.apache.ratis.thirdparty.io.netty.channel.nio.NioEventLoop.run(NioEventLoop.java:458)
	at org.apache.ratis.thirdparty.io.netty.util.concurrent.SingleThreadEventExecutor$5.run(SingleThreadEventExecutor.java:897)
	at org.apache.ratis.thirdparty.io.netty.util.concurrent.FastThreadLocalRunnable.run(FastThreadLocalRunnable.java:30)
	... 1 more
Caused by: java.net.ConnectException: Connection refused
	... 11 more
2019-09-28 00:09:43,401 [f2b1cee9-5126-4a0c-9c15-774918a74cc9@group-4913561A1ECF:LeaderElection28] INFO  impl.RaftServerImpl (RaftServerImpl.java:setRole(174)) - f2b1cee9-5126-4a0c-9c15-774918a74cc9@group-4913561A1ECF: changes role from CANDIDATE to FOLLOWER at term 5 for DISCOVERED_A_NEW_TERM
2019-09-28 00:09:43,402 [f2b1cee9-5126-4a0c-9c15-774918a74cc9@group-4913561A1ECF:LeaderElection28] INFO  impl.RoleInfo (RoleInfo.java:shutdownLeaderElection(134)) - f2b1cee9-5126-4a0c-9c15-774918a74cc9: shutdown LeaderElection
2019-09-28 00:09:43,402 [f2b1cee9-5126-4a0c-9c15-774918a74cc9@group-4913561A1ECF:LeaderElection28] INFO  impl.RoleInfo (RoleInfo.java:updateAndGet(143)) - f2b1cee9-5126-4a0c-9c15-774918a74cc9: start FollowerState
2019-09-28 00:09:46,482 [main] INFO  ozoneimpl.OzoneContainer (OzoneContainer.java:stop(231)) - Attempting to stop container services.
2019-09-28 00:09:46,485 [main] INFO  impl.RaftServerProxy (RaftServerProxy.java:lambda$close$4(314)) - dde3bc4a-2072-49f6-96b7-d9dfb1162844: close
2019-09-28 00:09:46,485 [main] INFO  impl.RaftServerImpl (RaftServerImpl.java:lambda$shutdown$3(251)) - dde3bc4a-2072-49f6-96b7-d9dfb1162844@group-CA7758CC0C85: shutdown
2019-09-28 00:09:46,486 [main] INFO  util.JmxRegister (JmxRegister.java:unregister(73)) - Successfully un-registered JMX Bean with object name Ratis:service=RaftServer,group=group-CA7758CC0C85,id=dde3bc4a-2072-49f6-96b7-d9dfb1162844
2019-09-28 00:09:46,486 [main] INFO  impl.RoleInfo (RoleInfo.java:shutdownFollowerState(121)) - dde3bc4a-2072-49f6-96b7-d9dfb1162844: shutdown FollowerState
2019-09-28 00:09:46,487 [main] INFO  impl.StateMachineUpdater (StateMachineUpdater.java:stopAndJoin(125)) - dde3bc4a-2072-49f6-96b7-d9dfb1162844@group-CA7758CC0C85-StateMachineUpdater: set stopIndex = 0
2019-09-28 00:09:46,487 [Thread-750] INFO  impl.FollowerState (FollowerState.java:run(115)) - dde3bc4a-2072-49f6-96b7-d9dfb1162844: FollowerState was interrupted: java.lang.InterruptedException: sleep interrupted
2019-09-28 00:09:46,487 [main] INFO  impl.RaftServerImpl (ServerState.java:close(385)) - dde3bc4a-2072-49f6-96b7-d9dfb1162844@group-CA7758CC0C85: closes. applyIndex: 0
2019-09-28 00:09:46,489 [dde3bc4a-2072-49f6-96b7-d9dfb1162844@group-CA7758CC0C85-SegmentedRaftLogWorker] INFO  segmented.SegmentedRaftLogWorker (SegmentedRaftLogWorker.java:run(313)) - dde3bc4a-2072-49f6-96b7-d9dfb1162844@group-CA7758CC0C85-SegmentedRaftLogWorker was interrupted, exiting. There are 0 tasks remaining in the queue.
2019-09-28 00:09:46,490 [main] INFO  segmented.SegmentedRaftLogWorker (SegmentedRaftLogWorker.java:close(228)) - dde3bc4a-2072-49f6-96b7-d9dfb1162844@group-CA7758CC0C85-SegmentedRaftLogWorker close()
2019-09-28 00:09:46,491 [main] INFO  impl.RaftServerImpl (RaftServerImpl.java:lambda$shutdown$3(251)) - dde3bc4a-2072-49f6-96b7-d9dfb1162844@group-E223D2C80ABF: shutdown
2019-09-28 00:09:46,492 [main] INFO  util.JmxRegister (JmxRegister.java:unregister(73)) - Successfully un-registered JMX Bean with object name Ratis:service=RaftServer,group=group-E223D2C80ABF,id=dde3bc4a-2072-49f6-96b7-d9dfb1162844
2019-09-28 00:09:46,492 [main] INFO  impl.RoleInfo (RoleInfo.java:shutdownLeaderState(104)) - dde3bc4a-2072-49f6-96b7-d9dfb1162844: shutdown LeaderState
2019-09-28 00:09:46,493 [main] INFO  impl.PendingRequests (PendingRequests.java:sendNotLeaderResponses(202)) - dde3bc4a-2072-49f6-96b7-d9dfb1162844-PendingRequests: sendNotLeaderResponses
2019-09-28 00:09:46,493 [main] INFO  impl.StateMachineUpdater (StateMachineUpdater.java:stopAndJoin(125)) - dde3bc4a-2072-49f6-96b7-d9dfb1162844@group-E223D2C80ABF-StateMachineUpdater: set stopIndex = 0
2019-09-28 00:09:46,494 [main] INFO  impl.RaftServerImpl (ServerState.java:close(385)) - dde3bc4a-2072-49f6-96b7-d9dfb1162844@group-E223D2C80ABF: closes. applyIndex: 0
2019-09-28 00:09:46,495 [dde3bc4a-2072-49f6-96b7-d9dfb1162844@group-E223D2C80ABF-SegmentedRaftLogWorker] INFO  segmented.SegmentedRaftLogWorker (SegmentedRaftLogWorker.java:run(313)) - dde3bc4a-2072-49f6-96b7-d9dfb1162844@group-E223D2C80ABF-SegmentedRaftLogWorker was interrupted, exiting. There are 0 tasks remaining in the queue.
2019-09-28 00:09:46,495 [main] INFO  segmented.SegmentedRaftLogWorker (SegmentedRaftLogWorker.java:close(228)) - dde3bc4a-2072-49f6-96b7-d9dfb1162844@group-E223D2C80ABF-SegmentedRaftLogWorker close()
2019-09-28 00:09:46,497 [main] INFO  server.GrpcService (GrpcService.java:closeImpl(164)) - dde3bc4a-2072-49f6-96b7-d9dfb1162844: shutdown server with port 33259 now
2019-09-28 00:09:46,497 [ForkJoinPool.commonPool-worker-0] INFO  ozoneimpl.OzoneContainer (OzoneContainer.java:stop(231)) - Attempting to stop container services.
2019-09-28 00:09:46,500 [ForkJoinPool.commonPool-worker-0] INFO  impl.RaftServerProxy (RaftServerProxy.java:lambda$close$4(314)) - f2b1cee9-5126-4a0c-9c15-774918a74cc9: close
2019-09-28 00:09:46,500 [main] INFO  server.GrpcService (GrpcService.java:closeImpl(172)) - dde3bc4a-2072-49f6-96b7-d9dfb1162844: shutdown server with port 33259 successfully
2019-09-28 00:09:46,501 [ForkJoinPool.commonPool-worker-0] INFO  impl.RaftServerImpl (RaftServerImpl.java:lambda$shutdown$3(251)) - f2b1cee9-5126-4a0c-9c15-774918a74cc9@group-7CE3F72DD94C: shutdown
2019-09-28 00:09:46,501 [ForkJoinPool.commonPool-worker-0] INFO  util.JmxRegister (JmxRegister.java:unregister(73)) - Successfully un-registered JMX Bean with object name Ratis:service=RaftServer,group=group-7CE3F72DD94C,id=f2b1cee9-5126-4a0c-9c15-774918a74cc9
2019-09-28 00:09:46,502 [ForkJoinPool.commonPool-worker-0] INFO  impl.RoleInfo (RoleInfo.java:shutdownLeaderState(104)) - f2b1cee9-5126-4a0c-9c15-774918a74cc9: shutdown LeaderState
2019-09-28 00:09:46,502 [ForkJoinPool.commonPool-worker-0] INFO  impl.PendingRequests (PendingRequests.java:sendNotLeaderResponses(202)) - f2b1cee9-5126-4a0c-9c15-774918a74cc9-PendingRequests: sendNotLeaderResponses
2019-09-28 00:09:46,502 [ForkJoinPool.commonPool-worker-0] INFO  impl.StateMachineUpdater (StateMachineUpdater.java:stopAndJoin(125)) - f2b1cee9-5126-4a0c-9c15-774918a74cc9@group-7CE3F72DD94C-StateMachineUpdater: set stopIndex = 0
2019-09-28 00:09:46,503 [ForkJoinPool.commonPool-worker-0] INFO  impl.RaftServerImpl (ServerState.java:close(385)) - f2b1cee9-5126-4a0c-9c15-774918a74cc9@group-7CE3F72DD94C: closes. applyIndex: 0
2019-09-28 00:09:46,504 [refreshUsed-/workdir/hadoop-ozone/integration-test/target/test-dir/MiniOzoneClusterImpl-ef93a8f6-ca63-49dc-855c-e6172cde0611/datanode-7/data/containers] WARN  fs.CachingGetSpaceUsed (CachingGetSpaceUsed.java:run(183)) - Thread Interrupted waiting to refresh disk information: sleep interrupted
2019-09-28 00:09:46,504 [f2b1cee9-5126-4a0c-9c15-774918a74cc9@group-7CE3F72DD94C-SegmentedRaftLogWorker] INFO  segmented.SegmentedRaftLogWorker (SegmentedRaftLogWorker.java:run(313)) - f2b1cee9-5126-4a0c-9c15-774918a74cc9@group-7CE3F72DD94C-SegmentedRaftLogWorker was interrupted, exiting. There are 0 tasks remaining in the queue.
2019-09-28 00:09:46,504 [ForkJoinPool.commonPool-worker-0] INFO  segmented.SegmentedRaftLogWorker (SegmentedRaftLogWorker.java:close(228)) - f2b1cee9-5126-4a0c-9c15-774918a74cc9@group-7CE3F72DD94C-SegmentedRaftLogWorker close()
2019-09-28 00:09:46,506 [ForkJoinPool.commonPool-worker-0] INFO  impl.RaftServerImpl (RaftServerImpl.java:lambda$shutdown$3(251)) - f2b1cee9-5126-4a0c-9c15-774918a74cc9@group-4913561A1ECF: shutdown
2019-09-28 00:09:46,506 [ForkJoinPool.commonPool-worker-0] INFO  util.JmxRegister (JmxRegister.java:unregister(73)) - Successfully un-registered JMX Bean with object name Ratis:service=RaftServer,group=group-4913561A1ECF,id=f2b1cee9-5126-4a0c-9c15-774918a74cc9
2019-09-28 00:09:46,506 [ForkJoinPool.commonPool-worker-0] INFO  impl.RoleInfo (RoleInfo.java:shutdownFollowerState(121)) - f2b1cee9-5126-4a0c-9c15-774918a74cc9: shutdown FollowerState
2019-09-28 00:09:46,507 [ForkJoinPool.commonPool-worker-0] INFO  impl.StateMachineUpdater (StateMachineUpdater.java:stopAndJoin(125)) - f2b1cee9-5126-4a0c-9c15-774918a74cc9@group-4913561A1ECF-StateMachineUpdater: set stopIndex = 0
2019-09-28 00:09:46,507 [Thread-754] INFO  impl.FollowerState (FollowerState.java:run(115)) - f2b1cee9-5126-4a0c-9c15-774918a74cc9: FollowerState was interrupted: java.lang.InterruptedException: sleep interrupted
2019-09-28 00:09:46,507 [ForkJoinPool.commonPool-worker-0] INFO  impl.RaftServerImpl (ServerState.java:close(385)) - f2b1cee9-5126-4a0c-9c15-774918a74cc9@group-4913561A1ECF: closes. applyIndex: 0
2019-09-28 00:09:46,509 [f2b1cee9-5126-4a0c-9c15-774918a74cc9@group-4913561A1ECF-SegmentedRaftLogWorker] INFO  segmented.SegmentedRaftLogWorker (SegmentedRaftLogWorker.java:run(313)) - f2b1cee9-5126-4a0c-9c15-774918a74cc9@group-4913561A1ECF-SegmentedRaftLogWorker was interrupted, exiting. There are 0 tasks remaining in the queue.
2019-09-28 00:09:46,509 [ForkJoinPool.commonPool-worker-0] INFO  segmented.SegmentedRaftLogWorker (SegmentedRaftLogWorker.java:close(228)) - f2b1cee9-5126-4a0c-9c15-774918a74cc9@group-4913561A1ECF-SegmentedRaftLogWorker close()
2019-09-28 00:09:46,511 [ForkJoinPool.commonPool-worker-0] INFO  server.GrpcService (GrpcService.java:closeImpl(164)) - f2b1cee9-5126-4a0c-9c15-774918a74cc9: shutdown server with port 44946 now
2019-09-28 00:09:46,514 [ForkJoinPool.commonPool-worker-0] INFO  server.GrpcService (GrpcService.java:closeImpl(172)) - f2b1cee9-5126-4a0c-9c15-774918a74cc9: shutdown server with port 44946 successfully
2019-09-28 00:09:46,523 [refreshUsed-/workdir/hadoop-ozone/integration-test/target/test-dir/MiniOzoneClusterImpl-ef93a8f6-ca63-49dc-855c-e6172cde0611/datanode-1/data/containers] WARN  fs.CachingGetSpaceUsed (CachingGetSpaceUsed.java:run(183)) - Thread Interrupted waiting to refresh disk information: sleep interrupted
2019-09-28 00:09:46,535 [main] INFO  utils.BackgroundService (BackgroundService.java:shutdown(148)) - Shutting down service BlockDeletingService
2019-09-28 00:09:46,539 [main] INFO  statemachine.DatanodeStateMachine (DatanodeStateMachine.java:stopDaemon(395)) - Ozone container server stopped.
2019-09-28 00:09:46,540 [main] INFO  handler.ContextHandler (ContextHandler.java:doStop(910)) - Stopped o.e.j.w.WebAppContext@10c72a6f{/,null,UNAVAILABLE}{/hddsDatanode}
2019-09-28 00:09:46,541 [main] INFO  server.AbstractConnector (AbstractConnector.java:doStop(318)) - Stopped ServerConnector@70e94ecb{HTTP/1.1,[http/1.1]}{0.0.0.0:0}
2019-09-28 00:09:46,542 [main] INFO  handler.ContextHandler (ContextHandler.java:doStop(910)) - Stopped o.e.j.s.ServletContextHandler@19a64eae{/static,jar:file:/home/user/.m2/repository/org/apache/hadoop/hadoop-hdds-container-service/0.5.0-SNAPSHOT/hadoop-hdds-container-service-0.5.0-SNAPSHOT.jar!/webapps/static,UNAVAILABLE}
2019-09-28 00:09:46,542 [main] INFO  handler.ContextHandler (ContextHandler.java:doStop(910)) - Stopped o.e.j.s.ServletContextHandler@6cbd0674{/logs,file:///workdir/hadoop-ozone/integration-test/target/log,UNAVAILABLE}
2019-09-28 00:09:46,543 [ForkJoinPool.commonPool-worker-0] INFO  utils.BackgroundService (BackgroundService.java:shutdown(148)) - Shutting down service BlockDeletingService
2019-09-28 00:09:46,546 [ForkJoinPool.commonPool-worker-0] INFO  statemachine.DatanodeStateMachine (DatanodeStateMachine.java:stopDaemon(395)) - Ozone container server stopped.
2019-09-28 00:09:46,549 [ForkJoinPool.commonPool-worker-0] INFO  handler.ContextHandler (ContextHandler.java:doStop(910)) - Stopped o.e.j.w.WebAppContext@337bbfdf{/,null,UNAVAILABLE}{/hddsDatanode}
2019-09-28 00:09:46,550 [ForkJoinPool.commonPool-worker-0] INFO  server.AbstractConnector (AbstractConnector.java:doStop(318)) - Stopped ServerConnector@52d97ab6{HTTP/1.1,[http/1.1]}{0.0.0.0:0}
2019-09-28 00:09:46,550 [ForkJoinPool.commonPool-worker-0] INFO  handler.ContextHandler (ContextHandler.java:doStop(910)) - Stopped o.e.j.s.ServletContextHandler@4b200971{/static,jar:file:/home/user/.m2/repository/org/apache/hadoop/hadoop-hdds-container-service/0.5.0-SNAPSHOT/hadoop-hdds-container-service-0.5.0-SNAPSHOT.jar!/webapps/static,UNAVAILABLE}
2019-09-28 00:09:46,551 [ForkJoinPool.commonPool-worker-0] INFO  handler.ContextHandler (ContextHandler.java:doStop(910)) - Stopped o.e.j.s.ServletContextHandler@a9f023e{/logs,file:///workdir/hadoop-ozone/integration-test/target/log,UNAVAILABLE}
2019-09-28 00:09:46,553 [main] INFO  ozone.MiniOzoneClusterImpl (MiniOzoneClusterImpl.java:stopSCM(392)) - Stopping the StorageContainerManager
2019-09-28 00:09:46,553 [main] INFO  server.StorageContainerManager (StorageContainerManager.java:stop(808)) - Stopping Replication Manager Service.
2019-09-28 00:09:46,553 [main] INFO  container.ReplicationManager (ReplicationManager.java:stop(203)) - Stopping Replication Monitor Thread.
2019-09-28 00:09:46,553 [main] INFO  server.StorageContainerManager (StorageContainerManager.java:stop(815)) - Stopping Lease Manager of the command watchers
2019-09-28 00:09:46,554 [main] INFO  server.StorageContainerManager (StorageContainerManager.java:stop(822)) - Stopping datanode service RPC server
2019-09-28 00:09:46,554 [main] INFO  server.SCMDatanodeProtocolServer (SCMDatanodeProtocolServer.java:stop(367)) - Stopping the RPC server for DataNodes
2019-09-28 00:09:46,554 [main] INFO  ipc.Server (Server.java:stop(3082)) - Stopping server on 42568
2019-09-28 00:09:46,557 [IPC Server Responder] INFO  ipc.Server (Server.java:run(1319)) - Stopping IPC Server Responder
2019-09-28 00:09:46,557 [IPC Server listener on 42568] INFO  ipc.Server (Server.java:run(1185)) - Stopping IPC Server listener on 42568
2019-09-28 00:09:46,607 [SCM Heartbeat Processing Thread - 0] WARN  node.NodeStateManager (NodeStateManager.java:scheduleNextHealthCheck(646)) - Current Thread is interrupted, shutting down HB processing thread for Node Manager.
2019-09-28 00:09:46,607 [main] INFO  server.StorageContainerManager (StorageContainerManager.java:stop(830)) - Stopping block service RPC server
2019-09-28 00:09:46,608 [main] INFO  server.SCMBlockProtocolServer (SCMBlockProtocolServer.java:stop(155)) - Stopping the RPC server for Block Protocol
2019-09-28 00:09:46,608 [main] INFO  ipc.Server (Server.java:stop(3082)) - Stopping server on 45049
2019-09-28 00:09:46,610 [IPC Server listener on 45049] INFO  ipc.Server (Server.java:run(1185)) - Stopping IPC Server listener on 45049
2019-09-28 00:09:46,610 [main] INFO  server.StorageContainerManager (StorageContainerManager.java:stop(837)) - Stopping the StorageContainerLocationProtocol RPC server
2019-09-28 00:09:46,611 [IPC Server Responder] INFO  ipc.Server (Server.java:run(1319)) - Stopping IPC Server Responder
2019-09-28 00:09:46,611 [main] INFO  server.SCMClientProtocolServer (SCMClientProtocolServer.java:stop(158)) - Stopping the RPC server for Client Protocol
2019-09-28 00:09:46,611 [main] INFO  ipc.Server (Server.java:stop(3082)) - Stopping server on 46830
2019-09-28 00:09:46,613 [IPC Server listener on 46830] INFO  ipc.Server (Server.java:run(1185)) - Stopping IPC Server listener on 46830
2019-09-28 00:09:46,614 [main] INFO  server.StorageContainerManager (StorageContainerManager.java:stop(844)) - Stopping Storage Container Manager HTTP server.
2019-09-28 00:09:46,614 [IPC Server Responder] INFO  ipc.Server (Server.java:run(1319)) - Stopping IPC Server Responder
2019-09-28 00:09:46,615 [main] INFO  handler.ContextHandler (ContextHandler.java:doStop(910)) - Stopped o.e.j.w.WebAppContext@4152d38d{/,null,UNAVAILABLE}{/scm}
2019-09-28 00:09:46,616 [main] INFO  server.AbstractConnector (AbstractConnector.java:doStop(318)) - Stopped ServerConnector@db44aa2{HTTP/1.1,[http/1.1]}{0.0.0.0:0}
2019-09-28 00:09:46,616 [main] INFO  handler.ContextHandler (ContextHandler.java:doStop(910)) - Stopped o.e.j.s.ServletContextHandler@299321e2{/static,file:///workdir/hadoop-ozone/integration-test/target/test-classes/webapps/static,UNAVAILABLE}
2019-09-28 00:09:46,617 [main] INFO  handler.ContextHandler (ContextHandler.java:doStop(910)) - Stopped o.e.j.s.ServletContextHandler@d3957fe{/logs,file:///workdir/hadoop-ozone/integration-test/target/log,UNAVAILABLE}
2019-09-28 00:09:46,618 [main] INFO  server.StorageContainerManager (StorageContainerManager.java:stop(855)) - Stopping Block Manager Service.
2019-09-28 00:09:46,618 [main] INFO  utils.BackgroundService (BackgroundService.java:shutdown(148)) - Shutting down service SCMBlockDeletingService
2019-09-28 00:09:46,619 [main] INFO  utils.BackgroundService (BackgroundService.java:shutdown(148)) - Shutting down service SCMBlockDeletingService
2019-09-28 00:09:46,619 [main] INFO  server.StorageContainerManager (StorageContainerManager.java:stop(877)) - Stopping SCM Event Queue.
2019-09-28 00:09:46,628 [main] INFO  impl.MetricsSystemImpl (MetricsSystemImpl.java:stop(210)) - Stopping ratis metrics system...
2019-09-28 00:09:46,640 [prometheus] INFO  impl.MetricsSinkAdapter (MetricsSinkAdapter.java:publishMetricsFromQueue(141)) - prometheus thread interrupted.
2019-09-28 00:09:46,640 [main] INFO  impl.MetricsSystemImpl (MetricsSystemImpl.java:stop(216)) - ratis metrics system stopped.
]]></system-out>
    <system-err><![CDATA[ERROR StatusLogger No Log4j 2 configuration file found. Using default configuration (logging only errors to the console), or user programmatically provided configurations. Set system property 'log4j2.debug' to show Log4j 2 internal initialization logging. See https://logging.apache.org/log4j/2.x/manual/configuration.html for instructions on how to configure Log4j 2
Sep 28, 2019 12:09:26 AM org.apache.ratis.thirdparty.io.grpc.internal.SerializingExecutor run
SEVERE: Exception while executing runnable org.apache.ratis.thirdparty.io.grpc.internal.ServerImpl$JumpToApplicationThreadServerStreamListener$1Closed@465a0023
org.apache.ratis.thirdparty.io.grpc.StatusRuntimeException: CANCELLED: call already cancelled
	at org.apache.ratis.thirdparty.io.grpc.Status.asRuntimeException(Status.java:517)
	at org.apache.ratis.thirdparty.io.grpc.stub.ServerCalls$ServerCallStreamObserverImpl.onCompleted(ServerCalls.java:356)
	at org.apache.ratis.grpc.server.GrpcServerProtocolService$ServerRequestStreamObserver.onError(GrpcServerProtocolService.java:121)
	at org.apache.ratis.thirdparty.io.grpc.stub.ServerCalls$StreamingServerCallHandler$StreamingServerCallListener.onCancel(ServerCalls.java:269)
	at org.apache.ratis.thirdparty.io.grpc.internal.ServerCallImpl$ServerStreamListenerImpl.closed(ServerCallImpl.java:293)
	at org.apache.ratis.thirdparty.io.grpc.internal.ServerImpl$JumpToApplicationThreadServerStreamListener$1Closed.runInContext(ServerImpl.java:741)
	at org.apache.ratis.thirdparty.io.grpc.internal.ContextRunnable.run(ContextRunnable.java:37)
	at org.apache.ratis.thirdparty.io.grpc.internal.SerializingExecutor.run(SerializingExecutor.java:123)
	at java.util.concurrent.ThreadPoolExecutor.runWorker(ThreadPoolExecutor.java:1149)
	at java.util.concurrent.ThreadPoolExecutor$Worker.run(ThreadPoolExecutor.java:624)
	at java.lang.Thread.run(Thread.java:748)

Sep 28, 2019 12:09:26 AM org.apache.ratis.thirdparty.io.grpc.internal.SerializingExecutor run
SEVERE: Exception while executing runnable org.apache.ratis.thirdparty.io.grpc.internal.ServerImpl$JumpToApplicationThreadServerStreamListener$1Closed@22fd30dc
org.apache.ratis.thirdparty.io.grpc.StatusRuntimeException: CANCELLED: call already cancelled
	at org.apache.ratis.thirdparty.io.grpc.Status.asRuntimeException(Status.java:517)
	at org.apache.ratis.thirdparty.io.grpc.stub.ServerCalls$ServerCallStreamObserverImpl.onCompleted(ServerCalls.java:356)
	at org.apache.ratis.grpc.server.GrpcServerProtocolService$ServerRequestStreamObserver.onError(GrpcServerProtocolService.java:121)
	at org.apache.ratis.thirdparty.io.grpc.stub.ServerCalls$StreamingServerCallHandler$StreamingServerCallListener.onCancel(ServerCalls.java:269)
	at org.apache.ratis.thirdparty.io.grpc.internal.ServerCallImpl$ServerStreamListenerImpl.closed(ServerCallImpl.java:293)
	at org.apache.ratis.thirdparty.io.grpc.internal.ServerImpl$JumpToApplicationThreadServerStreamListener$1Closed.runInContext(ServerImpl.java:741)
	at org.apache.ratis.thirdparty.io.grpc.internal.ContextRunnable.run(ContextRunnable.java:37)
	at org.apache.ratis.thirdparty.io.grpc.internal.SerializingExecutor.run(SerializingExecutor.java:123)
	at java.util.concurrent.ThreadPoolExecutor.runWorker(ThreadPoolExecutor.java:1149)
	at java.util.concurrent.ThreadPoolExecutor$Worker.run(ThreadPoolExecutor.java:624)
	at java.lang.Thread.run(Thread.java:748)

Sep 28, 2019 12:09:31 AM org.apache.ratis.thirdparty.io.grpc.internal.SerializingExecutor run
SEVERE: Exception while executing runnable org.apache.ratis.thirdparty.io.grpc.internal.ServerImpl$JumpToApplicationThreadServerStreamListener$1Closed@3b4722da
org.apache.ratis.thirdparty.io.grpc.StatusRuntimeException: CANCELLED: call already cancelled
	at org.apache.ratis.thirdparty.io.grpc.Status.asRuntimeException(Status.java:517)
	at org.apache.ratis.thirdparty.io.grpc.stub.ServerCalls$ServerCallStreamObserverImpl.onCompleted(ServerCalls.java:356)
	at org.apache.ratis.grpc.server.GrpcServerProtocolService$ServerRequestStreamObserver.onError(GrpcServerProtocolService.java:121)
	at org.apache.ratis.thirdparty.io.grpc.stub.ServerCalls$StreamingServerCallHandler$StreamingServerCallListener.onCancel(ServerCalls.java:269)
	at org.apache.ratis.thirdparty.io.grpc.internal.ServerCallImpl$ServerStreamListenerImpl.closed(ServerCallImpl.java:293)
	at org.apache.ratis.thirdparty.io.grpc.internal.ServerImpl$JumpToApplicationThreadServerStreamListener$1Closed.runInContext(ServerImpl.java:741)
	at org.apache.ratis.thirdparty.io.grpc.internal.ContextRunnable.run(ContextRunnable.java:37)
	at org.apache.ratis.thirdparty.io.grpc.internal.SerializingExecutor.run(SerializingExecutor.java:123)
	at java.util.concurrent.ThreadPoolExecutor.runWorker(ThreadPoolExecutor.java:1149)
	at java.util.concurrent.ThreadPoolExecutor$Worker.run(ThreadPoolExecutor.java:624)
	at java.lang.Thread.run(Thread.java:748)

Sep 28, 2019 12:09:31 AM org.apache.ratis.thirdparty.io.grpc.internal.SerializingExecutor run
SEVERE: Exception while executing runnable org.apache.ratis.thirdparty.io.grpc.internal.ServerImpl$JumpToApplicationThreadServerStreamListener$1Closed@26377664
org.apache.ratis.thirdparty.io.grpc.StatusRuntimeException: CANCELLED: call already cancelled
	at org.apache.ratis.thirdparty.io.grpc.Status.asRuntimeException(Status.java:517)
	at org.apache.ratis.thirdparty.io.grpc.stub.ServerCalls$ServerCallStreamObserverImpl.onCompleted(ServerCalls.java:356)
	at org.apache.ratis.grpc.server.GrpcServerProtocolService$ServerRequestStreamObserver.onError(GrpcServerProtocolService.java:121)
	at org.apache.ratis.thirdparty.io.grpc.stub.ServerCalls$StreamingServerCallHandler$StreamingServerCallListener.onCancel(ServerCalls.java:269)
	at org.apache.ratis.thirdparty.io.grpc.internal.ServerCallImpl$ServerStreamListenerImpl.closed(ServerCallImpl.java:293)
	at org.apache.ratis.thirdparty.io.grpc.internal.ServerImpl$JumpToApplicationThreadServerStreamListener$1Closed.runInContext(ServerImpl.java:741)
	at org.apache.ratis.thirdparty.io.grpc.internal.ContextRunnable.run(ContextRunnable.java:37)
	at org.apache.ratis.thirdparty.io.grpc.internal.SerializingExecutor.run(SerializingExecutor.java:123)
	at java.util.concurrent.ThreadPoolExecutor.runWorker(ThreadPoolExecutor.java:1149)
	at java.util.concurrent.ThreadPoolExecutor$Worker.run(ThreadPoolExecutor.java:624)
	at java.lang.Thread.run(Thread.java:748)

]]></system-err>
  </testcase>
</testsuite>