<?xml version="1.0" encoding="UTF-8"?>
<testsuite xmlns:xsi="http://www.w3.org/2001/XMLSchema-instance" xsi:noNamespaceSchemaLocation="https://maven.apache.org/surefire/maven-surefire-plugin/xsd/surefire-test-report.xsd" name="org.apache.hadoop.ozone.client.rpc.TestDeleteWithSlowFollower" time="33.552" tests="1" errors="0" skipped="0" failures="1">
  <properties>
    <property name="awt.toolkit" value="sun.awt.X11.XToolkit"/>
    <property name="file.encoding.pkg" value="sun.io"/>
    <property name="java.specification.version" value="1.8"/>
    <property name="sun.cpu.isalist" value=""/>
    <property name="sun.jnu.encoding" value="ANSI_X3.4-1968"/>
    <property name="java.class.path" value="/workdir/hadoop-ozone/integration-test/target/test-classes:/workdir/hadoop-ozone/integration-test/target/classes:/home/user/.m2/repository/org/apache/hadoop/hadoop-ozone-common/0.5.0-SNAPSHOT/hadoop-ozone-common-0.5.0-SNAPSHOT.jar:/home/user/.m2/repository/org/apache/commons/commons-compress/1.4.1/commons-compress-1.4.1.jar:/home/user/.m2/repository/org/tukaani/xz/1.0/xz-1.0.jar:/home/user/.m2/repository/org/apache/hadoop/hadoop-common/3.2.0/hadoop-common-3.2.0.jar:/home/user/.m2/repository/org/apache/hadoop/hadoop-hdfs/3.2.0/hadoop-hdfs-3.2.0.jar:/home/user/.m2/repository/org/apache/hadoop/hadoop-hdfs-client/3.2.0/hadoop-hdfs-client-3.2.0.jar:/home/user/.m2/repository/com/fasterxml/jackson/core/jackson-annotations/2.9.9/jackson-annotations-2.9.9.jar:/home/user/.m2/repository/org/apache/hadoop/hadoop-hdds-common/0.5.0-SNAPSHOT/hadoop-hdds-common-0.5.0-SNAPSHOT.jar:/home/user/.m2/repository/javax/annotation/javax.annotation-api/1.2/javax.annotation-api-1.2.jar:/home/user/.m2/repository/org/apache/ratis/ratis-server/0.5.0-201fc85-SNAPSHOT/ratis-server-0.5.0-201fc85-SNAPSHOT.jar:/home/user/.m2/repository/org/apache/ratis/ratis-thirdparty-misc/0.2.0/ratis-thirdparty-misc-0.2.0.jar:/home/user/.m2/repository/org/apache/ratis/ratis-proto/0.5.0-201fc85-SNAPSHOT/ratis-proto-0.5.0-201fc85-SNAPSHOT.jar:/home/user/.m2/repository/org/apache/ratis/ratis-common/0.5.0-201fc85-SNAPSHOT/ratis-common-0.5.0-201fc85-SNAPSHOT.jar:/home/user/.m2/repository/org/apache/ratis/ratis-client/0.5.0-201fc85-SNAPSHOT/ratis-client-0.5.0-201fc85-SNAPSHOT.jar:/home/user/.m2/repository/org/apache/ratis/ratis-metrics/0.5.0-201fc85-SNAPSHOT/ratis-metrics-0.5.0-201fc85-SNAPSHOT.jar:/home/user/.m2/repository/com/github/joshelser/dropwizard-metrics-hadoop-metrics2-reporter/0.1.2/dropwizard-metrics-hadoop-metrics2-reporter-0.1.2.jar:/home/user/.m2/repository/io/dropwizard/metrics/metrics-jvm/3.2.5/metrics-jvm-3.2.5.jar:/home/user/.m2/repository/io/dropwizard/metrics/metrics-ganglia/3.2.5/metrics-ganglia-3.2.5.jar:/home/user/.m2/repository/info/ganglia/gmetric4j/gmetric4j/1.0.7/gmetric4j-1.0.7.jar:/home/user/.m2/repository/org/apache/ratis/ratis-netty/0.5.0-201fc85-SNAPSHOT/ratis-netty-0.5.0-201fc85-SNAPSHOT.jar:/home/user/.m2/repository/org/apache/ratis/ratis-grpc/0.5.0-201fc85-SNAPSHOT/ratis-grpc-0.5.0-201fc85-SNAPSHOT.jar:/home/user/.m2/repository/org/rocksdb/rocksdbjni/6.0.1/rocksdbjni-6.0.1.jar:/home/user/.m2/repository/org/apache/logging/log4j/log4j-api/2.11.0/log4j-api-2.11.0.jar:/home/user/.m2/repository/org/apache/logging/log4j/log4j-core/2.11.0/log4j-core-2.11.0.jar:/home/user/.m2/repository/com/lmax/disruptor/3.4.2/disruptor-3.4.2.jar:/home/user/.m2/repository/org/apache/commons/commons-pool2/2.6.0/commons-pool2-2.6.0.jar:/home/user/.m2/repository/org/bouncycastle/bcpkix-jdk15on/1.60/bcpkix-jdk15on-1.60.jar:/home/user/.m2/repository/commons-validator/commons-validator/1.6/commons-validator-1.6.jar:/home/user/.m2/repository/commons-digester/commons-digester/1.8.1/commons-digester-1.8.1.jar:/home/user/.m2/repository/io/jaegertracing/jaeger-client/0.34.0/jaeger-client-0.34.0.jar:/home/user/.m2/repository/io/jaegertracing/jaeger-thrift/0.34.0/jaeger-thrift-0.34.0.jar:/home/user/.m2/repository/org/apache/thrift/libthrift/0.12.0/libthrift-0.12.0.jar:/home/user/.m2/repository/com/squareup/okhttp3/okhttp/3.9.0/okhttp-3.9.0.jar:/home/user/.m2/repository/com/squareup/okio/okio/1.13.0/okio-1.13.0.jar:/home/user/.m2/repository/io/jaegertracing/jaeger-core/0.34.0/jaeger-core-0.34.0.jar:/home/user/.m2/repository/io/jaegertracing/jaeger-tracerresolver/0.34.0/jaeger-tracerresolver-0.34.0.jar:/home/user/.m2/repository/io/opentracing/contrib/opentracing-tracerresolver/0.1.5/opentracing-tracerresolver-0.1.5.jar:/home/user/.m2/repository/io/opentracing/opentracing-util/0.31.0/opentracing-util-0.31.0.jar:/home/user/.m2/repository/io/opentracing/opentracing-api/0.31.0/opentracing-api-0.31.0.jar:/home/user/.m2/repository/io/opentracing/opentracing-noop/0.31.0/opentracing-noop-0.31.0.jar:/home/user/.m2/repository/org/apache/hadoop/hadoop-hdds-server-framework/0.5.0-SNAPSHOT/hadoop-hdds-server-framework-0.5.0-SNAPSHOT.jar:/home/user/.m2/repository/org/apache/hadoop/hadoop-hdds-container-service/0.5.0-SNAPSHOT/hadoop-hdds-container-service-0.5.0-SNAPSHOT.jar:/home/user/.m2/repository/org/apache/hadoop/hadoop-hdds-client/0.5.0-SNAPSHOT/hadoop-hdds-client-0.5.0-SNAPSHOT.jar:/home/user/.m2/repository/org/apache/hadoop/hadoop-hdds-tools/0.5.0-SNAPSHOT/hadoop-hdds-tools-0.5.0-SNAPSHOT.jar:/home/user/.m2/repository/org/apache/hadoop/hadoop-hdds-server-scm/0.5.0-SNAPSHOT/hadoop-hdds-server-scm-0.5.0-SNAPSHOT.jar:/home/user/.m2/repository/org/apache/hadoop/hadoop-hdds-docs/0.5.0-SNAPSHOT/hadoop-hdds-docs-0.5.0-SNAPSHOT.jar:/home/user/.m2/repository/io/dropwizard/metrics/metrics-core/3.2.4/metrics-core-3.2.4.jar:/home/user/.m2/repository/org/hamcrest/hamcrest-all/1.3/hamcrest-all-1.3.jar:/home/user/.m2/repository/org/bouncycastle/bcprov-jdk15on/1.60/bcprov-jdk15on-1.60.jar:/home/user/.m2/repository/info/picocli/picocli/3.9.6/picocli-3.9.6.jar:/home/user/.m2/repository/com/google/protobuf/protobuf-java/2.5.0/protobuf-java-2.5.0.jar:/home/user/.m2/repository/com/google/guava/guava/11.0.2/guava-11.0.2.jar:/home/user/.m2/repository/org/apache/hadoop/hadoop-ozone-ozone-manager/0.5.0-SNAPSHOT/hadoop-ozone-ozone-manager-0.5.0-SNAPSHOT.jar:/home/user/.m2/repository/org/apache/hadoop/hadoop-minikdc/3.2.0/hadoop-minikdc-3.2.0.jar:/home/user/.m2/repository/commons-io/commons-io/2.5/commons-io-2.5.jar:/home/user/.m2/repository/org/apache/kerby/kerb-simplekdc/1.0.1/kerb-simplekdc-1.0.1.jar:/home/user/.m2/repository/org/apache/kerby/kerb-client/1.0.1/kerb-client-1.0.1.jar:/home/user/.m2/repository/org/apache/kerby/kerby-config/1.0.1/kerby-config-1.0.1.jar:/home/user/.m2/repository/org/apache/kerby/kerb-core/1.0.1/kerb-core-1.0.1.jar:/home/user/.m2/repository/org/apache/kerby/kerby-pkix/1.0.1/kerby-pkix-1.0.1.jar:/home/user/.m2/repository/org/apache/kerby/kerby-asn1/1.0.1/kerby-asn1-1.0.1.jar:/home/user/.m2/repository/org/apache/kerby/kerby-util/1.0.1/kerby-util-1.0.1.jar:/home/user/.m2/repository/org/apache/kerby/kerb-common/1.0.1/kerb-common-1.0.1.jar:/home/user/.m2/repository/org/apache/kerby/kerb-crypto/1.0.1/kerb-crypto-1.0.1.jar:/home/user/.m2/repository/org/apache/kerby/kerb-util/1.0.1/kerb-util-1.0.1.jar:/home/user/.m2/repository/org/apache/kerby/token-provider/1.0.1/token-provider-1.0.1.jar:/home/user/.m2/repository/org/apache/kerby/kerb-admin/1.0.1/kerb-admin-1.0.1.jar:/home/user/.m2/repository/org/apache/kerby/kerb-server/1.0.1/kerb-server-1.0.1.jar:/home/user/.m2/repository/org/apache/kerby/kerb-identity/1.0.1/kerb-identity-1.0.1.jar:/home/user/.m2/repository/org/apache/kerby/kerby-xdr/1.0.1/kerby-xdr-1.0.1.jar:/home/user/.m2/repository/org/slf4j/slf4j-log4j12/1.7.25/slf4j-log4j12-1.7.25.jar:/home/user/.m2/repository/org/apache/hadoop/hadoop-ozone-s3gateway/0.5.0-SNAPSHOT/hadoop-ozone-s3gateway-0.5.0-SNAPSHOT.jar:/home/user/.m2/repository/org/jboss/weld/servlet/weld-servlet/2.4.7.Final/weld-servlet-2.4.7.Final.jar:/home/user/.m2/repository/org/glassfish/jersey/containers/jersey-container-servlet-core/2.27/jersey-container-servlet-core-2.27.jar:/home/user/.m2/repository/org/glassfish/hk2/external/javax.inject/2.5.0-b42/javax.inject-2.5.0-b42.jar:/home/user/.m2/repository/org/glassfish/jersey/core/jersey-common/2.27/jersey-common-2.27.jar:/home/user/.m2/repository/org/glassfish/hk2/osgi-resource-locator/1.0.1/osgi-resource-locator-1.0.1.jar:/home/user/.m2/repository/javax/ws/rs/javax.ws.rs-api/2.1/javax.ws.rs-api-2.1.jar:/home/user/.m2/repository/org/glassfish/jersey/ext/cdi/jersey-cdi1x/2.27/jersey-cdi1x-2.27.jar:/home/user/.m2/repository/org/glassfish/jersey/inject/jersey-hk2/2.27/jersey-hk2-2.27.jar:/home/user/.m2/repository/org/glassfish/hk2/hk2-locator/2.5.0-b42/hk2-locator-2.5.0-b42.jar:/home/user/.m2/repository/org/javassist/javassist/3.22.0-CR2/javassist-3.22.0-CR2.jar:/home/user/.m2/repository/org/glassfish/hk2/hk2-api/2.5.0/hk2-api-2.5.0.jar:/home/user/.m2/repository/org/glassfish/hk2/external/jakarta.inject/2.5.0/jakarta.inject-2.5.0.jar:/home/user/.m2/repository/org/glassfish/hk2/hk2-utils/2.5.0/hk2-utils-2.5.0.jar:/home/user/.m2/repository/jakarta/annotation/jakarta.annotation-api/1.3.4/jakarta.annotation-api-1.3.4.jar:/home/user/.m2/repository/org/glassfish/hk2/external/aopalliance-repackaged/2.5.0/aopalliance-repackaged-2.5.0.jar:/home/user/.m2/repository/com/fasterxml/jackson/dataformat/jackson-dataformat-xml/2.9.0/jackson-dataformat-xml-2.9.0.jar:/home/user/.m2/repository/com/fasterxml/jackson/core/jackson-core/2.9.9/jackson-core-2.9.9.jar:/home/user/.m2/repository/com/fasterxml/jackson/module/jackson-module-jaxb-annotations/2.9.9/jackson-module-jaxb-annotations-2.9.9.jar:/home/user/.m2/repository/javax/enterprise/cdi-api/1.2/cdi-api-1.2.jar:/home/user/.m2/repository/javax/el/javax.el-api/3.0.0/javax.el-api-3.0.0.jar:/home/user/.m2/repository/javax/interceptor/javax.interceptor-api/1.2/javax.interceptor-api-1.2.jar:/home/user/.m2/repository/javax/inject/javax.inject/1/javax.inject-1.jar:/home/user/.m2/repository/com/sun/xml/bind/jaxb-impl/2.3.0.1/jaxb-impl-2.3.0.1.jar:/home/user/.m2/repository/com/sun/xml/bind/jaxb-core/2.3.0.1/jaxb-core-2.3.0.1.jar:/home/user/.m2/repository/javax/xml/bind/jaxb-api/2.3.0/jaxb-api-2.3.0.jar:/home/user/.m2/repository/javax/activation/activation/1.1.1/activation-1.1.1.jar:/home/user/.m2/repository/org/apache/hadoop/hadoop-ozone-csi/0.5.0-SNAPSHOT/hadoop-ozone-csi-0.5.0-SNAPSHOT.jar:/home/user/.m2/repository/com/google/protobuf/protobuf-java-util/3.5.1/protobuf-java-util-3.5.1.jar:/home/user/.m2/repository/org/apache/hadoop/hadoop-hdds-config/0.5.0-SNAPSHOT/hadoop-hdds-config-0.5.0-SNAPSHOT.jar:/home/user/.m2/repository/io/grpc/grpc-netty/1.17.1/grpc-netty-1.17.1.jar:/home/user/.m2/repository/io/grpc/grpc-core/1.17.1/grpc-core-1.17.1.jar:/home/user/.m2/repository/io/grpc/grpc-context/1.17.1/grpc-context-1.17.1.jar:/home/user/.m2/repository/com/google/errorprone/error_prone_annotations/2.2.0/error_prone_annotations-2.2.0.jar:/home/user/.m2/repository/org/codehaus/mojo/animal-sniffer-annotations/1.17/animal-sniffer-annotations-1.17.jar:/home/user/.m2/repository/io/opencensus/opencensus-api/0.17.0/opencensus-api-0.17.0.jar:/home/user/.m2/repository/io/opencensus/opencensus-contrib-grpc-metrics/0.17.0/opencensus-contrib-grpc-metrics-0.17.0.jar:/home/user/.m2/repository/io/netty/netty-codec-http2/4.1.30.Final/netty-codec-http2-4.1.30.Final.jar:/home/user/.m2/repository/io/netty/netty-codec-http/4.1.30.Final/netty-codec-http-4.1.30.Final.jar:/home/user/.m2/repository/io/netty/netty-codec/4.1.30.Final/netty-codec-4.1.30.Final.jar:/home/user/.m2/repository/io/netty/netty-handler/4.1.30.Final/netty-handler-4.1.30.Final.jar:/home/user/.m2/repository/io/netty/netty-handler-proxy/4.1.30.Final/netty-handler-proxy-4.1.30.Final.jar:/home/user/.m2/repository/io/netty/netty-codec-socks/4.1.30.Final/netty-codec-socks-4.1.30.Final.jar:/home/user/.m2/repository/io/netty/netty-transport-native-epoll/4.1.30.Final/netty-transport-native-epoll-4.1.30.Final.jar:/home/user/.m2/repository/io/netty/netty-common/4.1.30.Final/netty-common-4.1.30.Final.jar:/home/user/.m2/repository/io/netty/netty-buffer/4.1.30.Final/netty-buffer-4.1.30.Final.jar:/home/user/.m2/repository/io/netty/netty-transport/4.1.30.Final/netty-transport-4.1.30.Final.jar:/home/user/.m2/repository/io/netty/netty-resolver/4.1.30.Final/netty-resolver-4.1.30.Final.jar:/home/user/.m2/repository/io/netty/netty-transport-native-unix-common/4.1.30.Final/netty-transport-native-unix-common-4.1.30.Final.jar:/home/user/.m2/repository/io/grpc/grpc-protobuf/1.17.1/grpc-protobuf-1.17.1.jar:/home/user/.m2/repository/com/google/api/grpc/proto-google-common-protos/1.0.0/proto-google-common-protos-1.0.0.jar:/home/user/.m2/repository/io/grpc/grpc-protobuf-lite/1.17.1/grpc-protobuf-lite-1.17.1.jar:/home/user/.m2/repository/io/grpc/grpc-stub/1.17.1/grpc-stub-1.17.1.jar:/home/user/.m2/repository/org/apache/hadoop/hadoop-ozone-recon/0.5.0-SNAPSHOT/hadoop-ozone-recon-0.5.0-SNAPSHOT.jar:/home/user/.m2/repository/org/apache/hadoop/hadoop-ozone-reconcodegen/0.5.0-SNAPSHOT/hadoop-ozone-reconcodegen-0.5.0-SNAPSHOT.jar:/home/user/.m2/repository/com/google/inject/extensions/guice-multibindings/4.0/guice-multibindings-4.0.jar:/home/user/.m2/repository/com/google/inject/guice/4.0/guice-4.0.jar:/home/user/.m2/repository/aopalliance/aopalliance/1.0/aopalliance-1.0.jar:/home/user/.m2/repository/com/google/inject/extensions/guice-servlet/4.0/guice-servlet-4.0.jar:/home/user/.m2/repository/org/glassfish/jersey/containers/jersey-container-servlet/2.27/jersey-container-servlet-2.27.jar:/home/user/.m2/repository/org/glassfish/hk2/guice-bridge/2.5.0/guice-bridge-2.5.0.jar:/home/user/.m2/repository/org/glassfish/jersey/core/jersey-server/2.27/jersey-server-2.27.jar:/home/user/.m2/repository/org/glassfish/jersey/core/jersey-client/2.27/jersey-client-2.27.jar:/home/user/.m2/repository/org/glassfish/jersey/media/jersey-media-jaxb/2.27/jersey-media-jaxb-2.27.jar:/home/user/.m2/repository/javax/validation/validation-api/1.1.0.Final/validation-api-1.1.0.Final.jar:/home/user/.m2/repository/org/glassfish/jersey/media/jersey-media-json-jackson/2.27/jersey-media-json-jackson-2.27.jar:/home/user/.m2/repository/org/glassfish/jersey/ext/jersey-entity-filtering/2.27/jersey-entity-filtering-2.27.jar:/home/user/.m2/repository/com/google/inject/extensions/guice-assistedinject/4.0/guice-assistedinject-4.0.jar:/home/user/.m2/repository/org/jooq/jooq/3.11.10/jooq-3.11.10.jar:/home/user/.m2/repository/org/jooq/jooq-meta/3.11.10/jooq-meta-3.11.10.jar:/home/user/.m2/repository/org/jooq/jooq-codegen/3.11.10/jooq-codegen-3.11.10.jar:/home/user/.m2/repository/com/jolbox/bonecp/0.8.0.RELEASE/bonecp-0.8.0.RELEASE.jar:/home/user/.m2/repository/org/xerial/sqlite-jdbc/3.25.2/sqlite-jdbc-3.25.2.jar:/home/user/.m2/repository/org/springframework/spring-jdbc/5.1.3.RELEASE/spring-jdbc-5.1.3.RELEASE.jar:/home/user/.m2/repository/org/springframework/spring-beans/5.1.3.RELEASE/spring-beans-5.1.3.RELEASE.jar:/home/user/.m2/repository/org/springframework/spring-core/5.1.3.RELEASE/spring-core-5.1.3.RELEASE.jar:/home/user/.m2/repository/org/springframework/spring-jcl/5.1.3.RELEASE/spring-jcl-5.1.3.RELEASE.jar:/home/user/.m2/repository/org/springframework/spring-tx/5.1.3.RELEASE/spring-tx-5.1.3.RELEASE.jar:/home/user/.m2/repository/org/apache/hadoop/hadoop-ozone-client/0.5.0-SNAPSHOT/hadoop-ozone-client-0.5.0-SNAPSHOT.jar:/home/user/.m2/repository/commons-lang/commons-lang/2.6/commons-lang-2.6.jar:/home/user/.m2/repository/org/apache/hadoop/hadoop-ozone-ozone-manager/0.5.0-SNAPSHOT/hadoop-ozone-ozone-manager-0.5.0-SNAPSHOT-tests.jar:/home/user/.m2/repository/junit/junit/4.11/junit-4.11.jar:/home/user/.m2/repository/org/hamcrest/hamcrest-core/1.3/hamcrest-core-1.3.jar:/home/user/.m2/repository/org/openjdk/jmh/jmh-core/1.19/jmh-core-1.19.jar:/home/user/.m2/repository/net/sf/jopt-simple/jopt-simple/4.6/jopt-simple-4.6.jar:/home/user/.m2/repository/org/apache/commons/commons-math3/3.1.1/commons-math3-3.1.1.jar:/home/user/.m2/repository/org/openjdk/jmh/jmh-generator-annprocess/1.19/jmh-generator-annprocess-1.19.jar:/home/user/.m2/repository/org/mockito/mockito-all/1.8.5/mockito-all-1.8.5.jar:/home/user/.m2/repository/org/apache/hadoop/hadoop-kms/3.2.0/hadoop-kms-3.2.0.jar:/home/user/.m2/repository/org/apache/hadoop/hadoop-auth/3.2.0/hadoop-auth-3.2.0.jar:/home/user/.m2/repository/com/nimbusds/nimbus-jose-jwt/4.41.1/nimbus-jose-jwt-4.41.1.jar:/home/user/.m2/repository/com/github/stephenc/jcip/jcip-annotations/1.0-1/jcip-annotations-1.0-1.jar:/home/user/.m2/repository/net/minidev/json-smart/2.3/json-smart-2.3.jar:/home/user/.m2/repository/net/minidev/accessors-smart/1.2/accessors-smart-1.2.jar:/home/user/.m2/repository/org/ow2/asm/asm/5.0.4/asm-5.0.4.jar:/home/user/.m2/repository/org/apache/curator/curator-framework/2.12.0/curator-framework-2.12.0.jar:/home/user/.m2/repository/com/sun/jersey/jersey-core/1.19/jersey-core-1.19.jar:/home/user/.m2/repository/javax/ws/rs/jsr311-api/1.1.1/jsr311-api-1.1.1.jar:/home/user/.m2/repository/com/sun/jersey/jersey-server/1.19/jersey-server-1.19.jar:/home/user/.m2/repository/javax/servlet/javax.servlet-api/3.1.0/javax.servlet-api-3.1.0.jar:/home/user/.m2/repository/org/eclipse/jetty/jetty-server/9.3.25.v20180904/jetty-server-9.3.25.v20180904.jar:/home/user/.m2/repository/org/eclipse/jetty/jetty-http/9.3.25.v20180904/jetty-http-9.3.25.v20180904.jar:/home/user/.m2/repository/org/eclipse/jetty/jetty-io/9.3.25.v20180904/jetty-io-9.3.25.v20180904.jar:/home/user/.m2/repository/org/eclipse/jetty/jetty-webapp/9.3.25.v20180904/jetty-webapp-9.3.25.v20180904.jar:/home/user/.m2/repository/org/eclipse/jetty/jetty-xml/9.3.25.v20180904/jetty-xml-9.3.25.v20180904.jar:/home/user/.m2/repository/log4j/log4j/1.2.17/log4j-1.2.17.jar:/home/user/.m2/repository/org/slf4j/slf4j-api/1.7.25/slf4j-api-1.7.25.jar:/home/user/.m2/repository/org/slf4j/jul-to-slf4j/1.7.25/jul-to-slf4j-1.7.25.jar:/home/user/.m2/repository/org/eclipse/jetty/jetty-util/9.3.25.v20180904/jetty-util-9.3.25.v20180904.jar:/home/user/.m2/repository/com/fasterxml/jackson/core/jackson-databind/2.9.9/jackson-databind-2.9.9.jar:/home/user/.m2/repository/org/apache/hadoop/hadoop-kms/3.2.0/hadoop-kms-3.2.0-tests.jar:/home/user/.m2/repository/org/apache/hadoop/hadoop-hdds-server-scm/0.5.0-SNAPSHOT/hadoop-hdds-server-scm-0.5.0-SNAPSHOT-tests.jar:/home/user/.m2/repository/org/apache/hadoop/hadoop-hdds-container-service/0.5.0-SNAPSHOT/hadoop-hdds-container-service-0.5.0-SNAPSHOT-tests.jar:/home/user/.m2/repository/org/yaml/snakeyaml/1.16/snakeyaml-1.16.jar:/home/user/.m2/repository/org/apache/hadoop/hadoop-common/3.2.0/hadoop-common-3.2.0-tests.jar:/home/user/.m2/repository/org/apache/hadoop/hadoop-annotations/3.2.0/hadoop-annotations-3.2.0.jar:/usr/lib/jvm/java-1.8.0-openjdk-1.8.0.222.b10-1.el7_7.x86_64/jre/../lib/tools.jar:/home/user/.m2/repository/commons-cli/commons-cli/1.2/commons-cli-1.2.jar:/home/user/.m2/repository/org/apache/httpcomponents/httpclient/4.5.2/httpclient-4.5.2.jar:/home/user/.m2/repository/org/apache/httpcomponents/httpcore/4.4.4/httpcore-4.4.4.jar:/home/user/.m2/repository/commons-codec/commons-codec/1.11/commons-codec-1.11.jar:/home/user/.m2/repository/commons-net/commons-net/3.6/commons-net-3.6.jar:/home/user/.m2/repository/commons-collections/commons-collections/3.2.2/commons-collections-3.2.2.jar:/home/user/.m2/repository/org/eclipse/jetty/jetty-servlet/9.3.25.v20180904/jetty-servlet-9.3.25.v20180904.jar:/home/user/.m2/repository/org/eclipse/jetty/jetty-security/9.3.25.v20180904/jetty-security-9.3.25.v20180904.jar:/home/user/.m2/repository/javax/servlet/jsp/jsp-api/2.1/jsp-api-2.1.jar:/home/user/.m2/repository/com/sun/jersey/jersey-servlet/1.19/jersey-servlet-1.19.jar:/home/user/.m2/repository/com/sun/jersey/jersey-json/1.19/jersey-json-1.19.jar:/home/user/.m2/repository/org/codehaus/jettison/jettison/1.1/jettison-1.1.jar:/home/user/.m2/repository/org/codehaus/jackson/jackson-core-asl/1.9.13/jackson-core-asl-1.9.13.jar:/home/user/.m2/repository/org/codehaus/jackson/jackson-mapper-asl/1.9.13/jackson-mapper-asl-1.9.13.jar:/home/user/.m2/repository/org/codehaus/jackson/jackson-jaxrs/1.9.13/jackson-jaxrs-1.9.13.jar:/home/user/.m2/repository/org/codehaus/jackson/jackson-xc/1.9.13/jackson-xc-1.9.13.jar:/home/user/.m2/repository/commons-logging/commons-logging/1.1.3/commons-logging-1.1.3.jar:/home/user/.m2/repository/commons-beanutils/commons-beanutils/1.9.4/commons-beanutils-1.9.4.jar:/home/user/.m2/repository/org/apache/commons/commons-configuration2/2.1.1/commons-configuration2-2.1.1.jar:/home/user/.m2/repository/org/apache/commons/commons-lang3/3.7/commons-lang3-3.7.jar:/home/user/.m2/repository/org/apache/commons/commons-text/1.4/commons-text-1.4.jar:/home/user/.m2/repository/org/apache/avro/avro/1.7.7/avro-1.7.7.jar:/home/user/.m2/repository/com/thoughtworks/paranamer/paranamer/2.3/paranamer-2.3.jar:/home/user/.m2/repository/org/xerial/snappy/snappy-java/1.0.5/snappy-java-1.0.5.jar:/home/user/.m2/repository/com/google/re2j/re2j/1.1/re2j-1.1.jar:/home/user/.m2/repository/com/google/code/gson/gson/2.2.4/gson-2.2.4.jar:/home/user/.m2/repository/com/jcraft/jsch/0.1.54/jsch-0.1.54.jar:/home/user/.m2/repository/org/apache/curator/curator-client/2.12.0/curator-client-2.12.0.jar:/home/user/.m2/repository/org/apache/curator/curator-recipes/2.12.0/curator-recipes-2.12.0.jar:/home/user/.m2/repository/com/google/code/findbugs/jsr305/3.0.0/jsr305-3.0.0.jar:/home/user/.m2/repository/org/apache/htrace/htrace-core4/4.1.0-incubating/htrace-core4-4.1.0-incubating.jar:/home/user/.m2/repository/org/apache/zookeeper/zookeeper/3.4.13/zookeeper-3.4.13.jar:/home/user/.m2/repository/jline/jline/0.9.94/jline-0.9.94.jar:/home/user/.m2/repository/org/apache/yetus/audience-annotations/0.5.0/audience-annotations-0.5.0.jar:/home/user/.m2/repository/org/codehaus/woodstox/stax2-api/3.1.4/stax2-api-3.1.4.jar:/home/user/.m2/repository/com/fasterxml/woodstox/woodstox-core/5.0.3/woodstox-core-5.0.3.jar:/home/user/.m2/repository/dnsjava/dnsjava/2.1.7/dnsjava-2.1.7.jar:/home/user/.m2/repository/org/apache/hadoop/hadoop-hdfs/3.2.0/hadoop-hdfs-3.2.0-tests.jar:/home/user/.m2/repository/org/eclipse/jetty/jetty-util-ajax/9.3.25.v20180904/jetty-util-ajax-9.3.25.v20180904.jar:/home/user/.m2/repository/commons-daemon/commons-daemon/1.0.13/commons-daemon-1.0.13.jar:/home/user/.m2/repository/io/netty/netty/3.10.5.Final/netty-3.10.5.Final.jar:/home/user/.m2/repository/io/netty/netty-all/4.0.52.Final/netty-all-4.0.52.Final.jar:/home/user/.m2/repository/org/fusesource/leveldbjni/leveldbjni-all/1.8/leveldbjni-all-1.8.jar:"/>
    <property name="java.vm.vendor" value="Oracle Corporation"/>
    <property name="sun.arch.data.model" value="64"/>
    <property name="test.build.dir" value="/workdir/hadoop-ozone/integration-test/target/test-dir"/>
    <property name="test.cache.data" value=""/>
    <property name="java.vendor.url" value="http://java.oracle.com/"/>
    <property name="user.timezone" value=""/>
    <property name="java.vm.specification.version" value="1.8"/>
    <property name="os.name" value="Linux"/>
    <property name="test.build.data" value="/workdir/hadoop-ozone/integration-test/target/test-dir"/>
    <property name="user.country" value="US"/>
    <property name="sun.java.launcher" value="SUN_STANDARD"/>
    <property name="sun.boot.library.path" value="/usr/lib/jvm/java-1.8.0-openjdk-1.8.0.222.b10-1.el7_7.x86_64/jre/lib/amd64"/>
    <property name="sun.java.command" value="/workdir/hadoop-ozone/integration-test/target/surefire/surefirebooter3791344805210884822.jar /workdir/hadoop-ozone/integration-test/target/surefire 2019-10-21T03-10-02_339-jvmRun1 surefire6627786087502413263tmp surefire_304546308350226179670tmp"/>
    <property name="surefire.test.class.path" value="/workdir/hadoop-ozone/integration-test/target/test-classes:/workdir/hadoop-ozone/integration-test/target/classes:/home/user/.m2/repository/org/apache/hadoop/hadoop-ozone-common/0.5.0-SNAPSHOT/hadoop-ozone-common-0.5.0-SNAPSHOT.jar:/home/user/.m2/repository/org/apache/commons/commons-compress/1.4.1/commons-compress-1.4.1.jar:/home/user/.m2/repository/org/tukaani/xz/1.0/xz-1.0.jar:/home/user/.m2/repository/org/apache/hadoop/hadoop-common/3.2.0/hadoop-common-3.2.0.jar:/home/user/.m2/repository/org/apache/hadoop/hadoop-hdfs/3.2.0/hadoop-hdfs-3.2.0.jar:/home/user/.m2/repository/org/apache/hadoop/hadoop-hdfs-client/3.2.0/hadoop-hdfs-client-3.2.0.jar:/home/user/.m2/repository/com/fasterxml/jackson/core/jackson-annotations/2.9.9/jackson-annotations-2.9.9.jar:/home/user/.m2/repository/org/apache/hadoop/hadoop-hdds-common/0.5.0-SNAPSHOT/hadoop-hdds-common-0.5.0-SNAPSHOT.jar:/home/user/.m2/repository/javax/annotation/javax.annotation-api/1.2/javax.annotation-api-1.2.jar:/home/user/.m2/repository/org/apache/ratis/ratis-server/0.5.0-201fc85-SNAPSHOT/ratis-server-0.5.0-201fc85-SNAPSHOT.jar:/home/user/.m2/repository/org/apache/ratis/ratis-thirdparty-misc/0.2.0/ratis-thirdparty-misc-0.2.0.jar:/home/user/.m2/repository/org/apache/ratis/ratis-proto/0.5.0-201fc85-SNAPSHOT/ratis-proto-0.5.0-201fc85-SNAPSHOT.jar:/home/user/.m2/repository/org/apache/ratis/ratis-common/0.5.0-201fc85-SNAPSHOT/ratis-common-0.5.0-201fc85-SNAPSHOT.jar:/home/user/.m2/repository/org/apache/ratis/ratis-client/0.5.0-201fc85-SNAPSHOT/ratis-client-0.5.0-201fc85-SNAPSHOT.jar:/home/user/.m2/repository/org/apache/ratis/ratis-metrics/0.5.0-201fc85-SNAPSHOT/ratis-metrics-0.5.0-201fc85-SNAPSHOT.jar:/home/user/.m2/repository/com/github/joshelser/dropwizard-metrics-hadoop-metrics2-reporter/0.1.2/dropwizard-metrics-hadoop-metrics2-reporter-0.1.2.jar:/home/user/.m2/repository/io/dropwizard/metrics/metrics-jvm/3.2.5/metrics-jvm-3.2.5.jar:/home/user/.m2/repository/io/dropwizard/metrics/metrics-ganglia/3.2.5/metrics-ganglia-3.2.5.jar:/home/user/.m2/repository/info/ganglia/gmetric4j/gmetric4j/1.0.7/gmetric4j-1.0.7.jar:/home/user/.m2/repository/org/apache/ratis/ratis-netty/0.5.0-201fc85-SNAPSHOT/ratis-netty-0.5.0-201fc85-SNAPSHOT.jar:/home/user/.m2/repository/org/apache/ratis/ratis-grpc/0.5.0-201fc85-SNAPSHOT/ratis-grpc-0.5.0-201fc85-SNAPSHOT.jar:/home/user/.m2/repository/org/rocksdb/rocksdbjni/6.0.1/rocksdbjni-6.0.1.jar:/home/user/.m2/repository/org/apache/logging/log4j/log4j-api/2.11.0/log4j-api-2.11.0.jar:/home/user/.m2/repository/org/apache/logging/log4j/log4j-core/2.11.0/log4j-core-2.11.0.jar:/home/user/.m2/repository/com/lmax/disruptor/3.4.2/disruptor-3.4.2.jar:/home/user/.m2/repository/org/apache/commons/commons-pool2/2.6.0/commons-pool2-2.6.0.jar:/home/user/.m2/repository/org/bouncycastle/bcpkix-jdk15on/1.60/bcpkix-jdk15on-1.60.jar:/home/user/.m2/repository/commons-validator/commons-validator/1.6/commons-validator-1.6.jar:/home/user/.m2/repository/commons-digester/commons-digester/1.8.1/commons-digester-1.8.1.jar:/home/user/.m2/repository/io/jaegertracing/jaeger-client/0.34.0/jaeger-client-0.34.0.jar:/home/user/.m2/repository/io/jaegertracing/jaeger-thrift/0.34.0/jaeger-thrift-0.34.0.jar:/home/user/.m2/repository/org/apache/thrift/libthrift/0.12.0/libthrift-0.12.0.jar:/home/user/.m2/repository/com/squareup/okhttp3/okhttp/3.9.0/okhttp-3.9.0.jar:/home/user/.m2/repository/com/squareup/okio/okio/1.13.0/okio-1.13.0.jar:/home/user/.m2/repository/io/jaegertracing/jaeger-core/0.34.0/jaeger-core-0.34.0.jar:/home/user/.m2/repository/io/jaegertracing/jaeger-tracerresolver/0.34.0/jaeger-tracerresolver-0.34.0.jar:/home/user/.m2/repository/io/opentracing/contrib/opentracing-tracerresolver/0.1.5/opentracing-tracerresolver-0.1.5.jar:/home/user/.m2/repository/io/opentracing/opentracing-util/0.31.0/opentracing-util-0.31.0.jar:/home/user/.m2/repository/io/opentracing/opentracing-api/0.31.0/opentracing-api-0.31.0.jar:/home/user/.m2/repository/io/opentracing/opentracing-noop/0.31.0/opentracing-noop-0.31.0.jar:/home/user/.m2/repository/org/apache/hadoop/hadoop-hdds-server-framework/0.5.0-SNAPSHOT/hadoop-hdds-server-framework-0.5.0-SNAPSHOT.jar:/home/user/.m2/repository/org/apache/hadoop/hadoop-hdds-container-service/0.5.0-SNAPSHOT/hadoop-hdds-container-service-0.5.0-SNAPSHOT.jar:/home/user/.m2/repository/org/apache/hadoop/hadoop-hdds-client/0.5.0-SNAPSHOT/hadoop-hdds-client-0.5.0-SNAPSHOT.jar:/home/user/.m2/repository/org/apache/hadoop/hadoop-hdds-tools/0.5.0-SNAPSHOT/hadoop-hdds-tools-0.5.0-SNAPSHOT.jar:/home/user/.m2/repository/org/apache/hadoop/hadoop-hdds-server-scm/0.5.0-SNAPSHOT/hadoop-hdds-server-scm-0.5.0-SNAPSHOT.jar:/home/user/.m2/repository/org/apache/hadoop/hadoop-hdds-docs/0.5.0-SNAPSHOT/hadoop-hdds-docs-0.5.0-SNAPSHOT.jar:/home/user/.m2/repository/io/dropwizard/metrics/metrics-core/3.2.4/metrics-core-3.2.4.jar:/home/user/.m2/repository/org/hamcrest/hamcrest-all/1.3/hamcrest-all-1.3.jar:/home/user/.m2/repository/org/bouncycastle/bcprov-jdk15on/1.60/bcprov-jdk15on-1.60.jar:/home/user/.m2/repository/info/picocli/picocli/3.9.6/picocli-3.9.6.jar:/home/user/.m2/repository/com/google/protobuf/protobuf-java/2.5.0/protobuf-java-2.5.0.jar:/home/user/.m2/repository/com/google/guava/guava/11.0.2/guava-11.0.2.jar:/home/user/.m2/repository/org/apache/hadoop/hadoop-ozone-ozone-manager/0.5.0-SNAPSHOT/hadoop-ozone-ozone-manager-0.5.0-SNAPSHOT.jar:/home/user/.m2/repository/org/apache/hadoop/hadoop-minikdc/3.2.0/hadoop-minikdc-3.2.0.jar:/home/user/.m2/repository/commons-io/commons-io/2.5/commons-io-2.5.jar:/home/user/.m2/repository/org/apache/kerby/kerb-simplekdc/1.0.1/kerb-simplekdc-1.0.1.jar:/home/user/.m2/repository/org/apache/kerby/kerb-client/1.0.1/kerb-client-1.0.1.jar:/home/user/.m2/repository/org/apache/kerby/kerby-config/1.0.1/kerby-config-1.0.1.jar:/home/user/.m2/repository/org/apache/kerby/kerb-core/1.0.1/kerb-core-1.0.1.jar:/home/user/.m2/repository/org/apache/kerby/kerby-pkix/1.0.1/kerby-pkix-1.0.1.jar:/home/user/.m2/repository/org/apache/kerby/kerby-asn1/1.0.1/kerby-asn1-1.0.1.jar:/home/user/.m2/repository/org/apache/kerby/kerby-util/1.0.1/kerby-util-1.0.1.jar:/home/user/.m2/repository/org/apache/kerby/kerb-common/1.0.1/kerb-common-1.0.1.jar:/home/user/.m2/repository/org/apache/kerby/kerb-crypto/1.0.1/kerb-crypto-1.0.1.jar:/home/user/.m2/repository/org/apache/kerby/kerb-util/1.0.1/kerb-util-1.0.1.jar:/home/user/.m2/repository/org/apache/kerby/token-provider/1.0.1/token-provider-1.0.1.jar:/home/user/.m2/repository/org/apache/kerby/kerb-admin/1.0.1/kerb-admin-1.0.1.jar:/home/user/.m2/repository/org/apache/kerby/kerb-server/1.0.1/kerb-server-1.0.1.jar:/home/user/.m2/repository/org/apache/kerby/kerb-identity/1.0.1/kerb-identity-1.0.1.jar:/home/user/.m2/repository/org/apache/kerby/kerby-xdr/1.0.1/kerby-xdr-1.0.1.jar:/home/user/.m2/repository/org/slf4j/slf4j-log4j12/1.7.25/slf4j-log4j12-1.7.25.jar:/home/user/.m2/repository/org/apache/hadoop/hadoop-ozone-s3gateway/0.5.0-SNAPSHOT/hadoop-ozone-s3gateway-0.5.0-SNAPSHOT.jar:/home/user/.m2/repository/org/jboss/weld/servlet/weld-servlet/2.4.7.Final/weld-servlet-2.4.7.Final.jar:/home/user/.m2/repository/org/glassfish/jersey/containers/jersey-container-servlet-core/2.27/jersey-container-servlet-core-2.27.jar:/home/user/.m2/repository/org/glassfish/hk2/external/javax.inject/2.5.0-b42/javax.inject-2.5.0-b42.jar:/home/user/.m2/repository/org/glassfish/jersey/core/jersey-common/2.27/jersey-common-2.27.jar:/home/user/.m2/repository/org/glassfish/hk2/osgi-resource-locator/1.0.1/osgi-resource-locator-1.0.1.jar:/home/user/.m2/repository/javax/ws/rs/javax.ws.rs-api/2.1/javax.ws.rs-api-2.1.jar:/home/user/.m2/repository/org/glassfish/jersey/ext/cdi/jersey-cdi1x/2.27/jersey-cdi1x-2.27.jar:/home/user/.m2/repository/org/glassfish/jersey/inject/jersey-hk2/2.27/jersey-hk2-2.27.jar:/home/user/.m2/repository/org/glassfish/hk2/hk2-locator/2.5.0-b42/hk2-locator-2.5.0-b42.jar:/home/user/.m2/repository/org/javassist/javassist/3.22.0-CR2/javassist-3.22.0-CR2.jar:/home/user/.m2/repository/org/glassfish/hk2/hk2-api/2.5.0/hk2-api-2.5.0.jar:/home/user/.m2/repository/org/glassfish/hk2/external/jakarta.inject/2.5.0/jakarta.inject-2.5.0.jar:/home/user/.m2/repository/org/glassfish/hk2/hk2-utils/2.5.0/hk2-utils-2.5.0.jar:/home/user/.m2/repository/jakarta/annotation/jakarta.annotation-api/1.3.4/jakarta.annotation-api-1.3.4.jar:/home/user/.m2/repository/org/glassfish/hk2/external/aopalliance-repackaged/2.5.0/aopalliance-repackaged-2.5.0.jar:/home/user/.m2/repository/com/fasterxml/jackson/dataformat/jackson-dataformat-xml/2.9.0/jackson-dataformat-xml-2.9.0.jar:/home/user/.m2/repository/com/fasterxml/jackson/core/jackson-core/2.9.9/jackson-core-2.9.9.jar:/home/user/.m2/repository/com/fasterxml/jackson/module/jackson-module-jaxb-annotations/2.9.9/jackson-module-jaxb-annotations-2.9.9.jar:/home/user/.m2/repository/javax/enterprise/cdi-api/1.2/cdi-api-1.2.jar:/home/user/.m2/repository/javax/el/javax.el-api/3.0.0/javax.el-api-3.0.0.jar:/home/user/.m2/repository/javax/interceptor/javax.interceptor-api/1.2/javax.interceptor-api-1.2.jar:/home/user/.m2/repository/javax/inject/javax.inject/1/javax.inject-1.jar:/home/user/.m2/repository/com/sun/xml/bind/jaxb-impl/2.3.0.1/jaxb-impl-2.3.0.1.jar:/home/user/.m2/repository/com/sun/xml/bind/jaxb-core/2.3.0.1/jaxb-core-2.3.0.1.jar:/home/user/.m2/repository/javax/xml/bind/jaxb-api/2.3.0/jaxb-api-2.3.0.jar:/home/user/.m2/repository/javax/activation/activation/1.1.1/activation-1.1.1.jar:/home/user/.m2/repository/org/apache/hadoop/hadoop-ozone-csi/0.5.0-SNAPSHOT/hadoop-ozone-csi-0.5.0-SNAPSHOT.jar:/home/user/.m2/repository/com/google/protobuf/protobuf-java-util/3.5.1/protobuf-java-util-3.5.1.jar:/home/user/.m2/repository/org/apache/hadoop/hadoop-hdds-config/0.5.0-SNAPSHOT/hadoop-hdds-config-0.5.0-SNAPSHOT.jar:/home/user/.m2/repository/io/grpc/grpc-netty/1.17.1/grpc-netty-1.17.1.jar:/home/user/.m2/repository/io/grpc/grpc-core/1.17.1/grpc-core-1.17.1.jar:/home/user/.m2/repository/io/grpc/grpc-context/1.17.1/grpc-context-1.17.1.jar:/home/user/.m2/repository/com/google/errorprone/error_prone_annotations/2.2.0/error_prone_annotations-2.2.0.jar:/home/user/.m2/repository/org/codehaus/mojo/animal-sniffer-annotations/1.17/animal-sniffer-annotations-1.17.jar:/home/user/.m2/repository/io/opencensus/opencensus-api/0.17.0/opencensus-api-0.17.0.jar:/home/user/.m2/repository/io/opencensus/opencensus-contrib-grpc-metrics/0.17.0/opencensus-contrib-grpc-metrics-0.17.0.jar:/home/user/.m2/repository/io/netty/netty-codec-http2/4.1.30.Final/netty-codec-http2-4.1.30.Final.jar:/home/user/.m2/repository/io/netty/netty-codec-http/4.1.30.Final/netty-codec-http-4.1.30.Final.jar:/home/user/.m2/repository/io/netty/netty-codec/4.1.30.Final/netty-codec-4.1.30.Final.jar:/home/user/.m2/repository/io/netty/netty-handler/4.1.30.Final/netty-handler-4.1.30.Final.jar:/home/user/.m2/repository/io/netty/netty-handler-proxy/4.1.30.Final/netty-handler-proxy-4.1.30.Final.jar:/home/user/.m2/repository/io/netty/netty-codec-socks/4.1.30.Final/netty-codec-socks-4.1.30.Final.jar:/home/user/.m2/repository/io/netty/netty-transport-native-epoll/4.1.30.Final/netty-transport-native-epoll-4.1.30.Final.jar:/home/user/.m2/repository/io/netty/netty-common/4.1.30.Final/netty-common-4.1.30.Final.jar:/home/user/.m2/repository/io/netty/netty-buffer/4.1.30.Final/netty-buffer-4.1.30.Final.jar:/home/user/.m2/repository/io/netty/netty-transport/4.1.30.Final/netty-transport-4.1.30.Final.jar:/home/user/.m2/repository/io/netty/netty-resolver/4.1.30.Final/netty-resolver-4.1.30.Final.jar:/home/user/.m2/repository/io/netty/netty-transport-native-unix-common/4.1.30.Final/netty-transport-native-unix-common-4.1.30.Final.jar:/home/user/.m2/repository/io/grpc/grpc-protobuf/1.17.1/grpc-protobuf-1.17.1.jar:/home/user/.m2/repository/com/google/api/grpc/proto-google-common-protos/1.0.0/proto-google-common-protos-1.0.0.jar:/home/user/.m2/repository/io/grpc/grpc-protobuf-lite/1.17.1/grpc-protobuf-lite-1.17.1.jar:/home/user/.m2/repository/io/grpc/grpc-stub/1.17.1/grpc-stub-1.17.1.jar:/home/user/.m2/repository/org/apache/hadoop/hadoop-ozone-recon/0.5.0-SNAPSHOT/hadoop-ozone-recon-0.5.0-SNAPSHOT.jar:/home/user/.m2/repository/org/apache/hadoop/hadoop-ozone-reconcodegen/0.5.0-SNAPSHOT/hadoop-ozone-reconcodegen-0.5.0-SNAPSHOT.jar:/home/user/.m2/repository/com/google/inject/extensions/guice-multibindings/4.0/guice-multibindings-4.0.jar:/home/user/.m2/repository/com/google/inject/guice/4.0/guice-4.0.jar:/home/user/.m2/repository/aopalliance/aopalliance/1.0/aopalliance-1.0.jar:/home/user/.m2/repository/com/google/inject/extensions/guice-servlet/4.0/guice-servlet-4.0.jar:/home/user/.m2/repository/org/glassfish/jersey/containers/jersey-container-servlet/2.27/jersey-container-servlet-2.27.jar:/home/user/.m2/repository/org/glassfish/hk2/guice-bridge/2.5.0/guice-bridge-2.5.0.jar:/home/user/.m2/repository/org/glassfish/jersey/core/jersey-server/2.27/jersey-server-2.27.jar:/home/user/.m2/repository/org/glassfish/jersey/core/jersey-client/2.27/jersey-client-2.27.jar:/home/user/.m2/repository/org/glassfish/jersey/media/jersey-media-jaxb/2.27/jersey-media-jaxb-2.27.jar:/home/user/.m2/repository/javax/validation/validation-api/1.1.0.Final/validation-api-1.1.0.Final.jar:/home/user/.m2/repository/org/glassfish/jersey/media/jersey-media-json-jackson/2.27/jersey-media-json-jackson-2.27.jar:/home/user/.m2/repository/org/glassfish/jersey/ext/jersey-entity-filtering/2.27/jersey-entity-filtering-2.27.jar:/home/user/.m2/repository/com/google/inject/extensions/guice-assistedinject/4.0/guice-assistedinject-4.0.jar:/home/user/.m2/repository/org/jooq/jooq/3.11.10/jooq-3.11.10.jar:/home/user/.m2/repository/org/jooq/jooq-meta/3.11.10/jooq-meta-3.11.10.jar:/home/user/.m2/repository/org/jooq/jooq-codegen/3.11.10/jooq-codegen-3.11.10.jar:/home/user/.m2/repository/com/jolbox/bonecp/0.8.0.RELEASE/bonecp-0.8.0.RELEASE.jar:/home/user/.m2/repository/org/xerial/sqlite-jdbc/3.25.2/sqlite-jdbc-3.25.2.jar:/home/user/.m2/repository/org/springframework/spring-jdbc/5.1.3.RELEASE/spring-jdbc-5.1.3.RELEASE.jar:/home/user/.m2/repository/org/springframework/spring-beans/5.1.3.RELEASE/spring-beans-5.1.3.RELEASE.jar:/home/user/.m2/repository/org/springframework/spring-core/5.1.3.RELEASE/spring-core-5.1.3.RELEASE.jar:/home/user/.m2/repository/org/springframework/spring-jcl/5.1.3.RELEASE/spring-jcl-5.1.3.RELEASE.jar:/home/user/.m2/repository/org/springframework/spring-tx/5.1.3.RELEASE/spring-tx-5.1.3.RELEASE.jar:/home/user/.m2/repository/org/apache/hadoop/hadoop-ozone-client/0.5.0-SNAPSHOT/hadoop-ozone-client-0.5.0-SNAPSHOT.jar:/home/user/.m2/repository/commons-lang/commons-lang/2.6/commons-lang-2.6.jar:/home/user/.m2/repository/org/apache/hadoop/hadoop-ozone-ozone-manager/0.5.0-SNAPSHOT/hadoop-ozone-ozone-manager-0.5.0-SNAPSHOT-tests.jar:/home/user/.m2/repository/junit/junit/4.11/junit-4.11.jar:/home/user/.m2/repository/org/hamcrest/hamcrest-core/1.3/hamcrest-core-1.3.jar:/home/user/.m2/repository/org/openjdk/jmh/jmh-core/1.19/jmh-core-1.19.jar:/home/user/.m2/repository/net/sf/jopt-simple/jopt-simple/4.6/jopt-simple-4.6.jar:/home/user/.m2/repository/org/apache/commons/commons-math3/3.1.1/commons-math3-3.1.1.jar:/home/user/.m2/repository/org/openjdk/jmh/jmh-generator-annprocess/1.19/jmh-generator-annprocess-1.19.jar:/home/user/.m2/repository/org/mockito/mockito-all/1.8.5/mockito-all-1.8.5.jar:/home/user/.m2/repository/org/apache/hadoop/hadoop-kms/3.2.0/hadoop-kms-3.2.0.jar:/home/user/.m2/repository/org/apache/hadoop/hadoop-auth/3.2.0/hadoop-auth-3.2.0.jar:/home/user/.m2/repository/com/nimbusds/nimbus-jose-jwt/4.41.1/nimbus-jose-jwt-4.41.1.jar:/home/user/.m2/repository/com/github/stephenc/jcip/jcip-annotations/1.0-1/jcip-annotations-1.0-1.jar:/home/user/.m2/repository/net/minidev/json-smart/2.3/json-smart-2.3.jar:/home/user/.m2/repository/net/minidev/accessors-smart/1.2/accessors-smart-1.2.jar:/home/user/.m2/repository/org/ow2/asm/asm/5.0.4/asm-5.0.4.jar:/home/user/.m2/repository/org/apache/curator/curator-framework/2.12.0/curator-framework-2.12.0.jar:/home/user/.m2/repository/com/sun/jersey/jersey-core/1.19/jersey-core-1.19.jar:/home/user/.m2/repository/javax/ws/rs/jsr311-api/1.1.1/jsr311-api-1.1.1.jar:/home/user/.m2/repository/com/sun/jersey/jersey-server/1.19/jersey-server-1.19.jar:/home/user/.m2/repository/javax/servlet/javax.servlet-api/3.1.0/javax.servlet-api-3.1.0.jar:/home/user/.m2/repository/org/eclipse/jetty/jetty-server/9.3.25.v20180904/jetty-server-9.3.25.v20180904.jar:/home/user/.m2/repository/org/eclipse/jetty/jetty-http/9.3.25.v20180904/jetty-http-9.3.25.v20180904.jar:/home/user/.m2/repository/org/eclipse/jetty/jetty-io/9.3.25.v20180904/jetty-io-9.3.25.v20180904.jar:/home/user/.m2/repository/org/eclipse/jetty/jetty-webapp/9.3.25.v20180904/jetty-webapp-9.3.25.v20180904.jar:/home/user/.m2/repository/org/eclipse/jetty/jetty-xml/9.3.25.v20180904/jetty-xml-9.3.25.v20180904.jar:/home/user/.m2/repository/log4j/log4j/1.2.17/log4j-1.2.17.jar:/home/user/.m2/repository/org/slf4j/slf4j-api/1.7.25/slf4j-api-1.7.25.jar:/home/user/.m2/repository/org/slf4j/jul-to-slf4j/1.7.25/jul-to-slf4j-1.7.25.jar:/home/user/.m2/repository/org/eclipse/jetty/jetty-util/9.3.25.v20180904/jetty-util-9.3.25.v20180904.jar:/home/user/.m2/repository/com/fasterxml/jackson/core/jackson-databind/2.9.9/jackson-databind-2.9.9.jar:/home/user/.m2/repository/org/apache/hadoop/hadoop-kms/3.2.0/hadoop-kms-3.2.0-tests.jar:/home/user/.m2/repository/org/apache/hadoop/hadoop-hdds-server-scm/0.5.0-SNAPSHOT/hadoop-hdds-server-scm-0.5.0-SNAPSHOT-tests.jar:/home/user/.m2/repository/org/apache/hadoop/hadoop-hdds-container-service/0.5.0-SNAPSHOT/hadoop-hdds-container-service-0.5.0-SNAPSHOT-tests.jar:/home/user/.m2/repository/org/yaml/snakeyaml/1.16/snakeyaml-1.16.jar:/home/user/.m2/repository/org/apache/hadoop/hadoop-common/3.2.0/hadoop-common-3.2.0-tests.jar:/home/user/.m2/repository/org/apache/hadoop/hadoop-annotations/3.2.0/hadoop-annotations-3.2.0.jar:/usr/lib/jvm/java-1.8.0-openjdk-1.8.0.222.b10-1.el7_7.x86_64/jre/../lib/tools.jar:/home/user/.m2/repository/commons-cli/commons-cli/1.2/commons-cli-1.2.jar:/home/user/.m2/repository/org/apache/httpcomponents/httpclient/4.5.2/httpclient-4.5.2.jar:/home/user/.m2/repository/org/apache/httpcomponents/httpcore/4.4.4/httpcore-4.4.4.jar:/home/user/.m2/repository/commons-codec/commons-codec/1.11/commons-codec-1.11.jar:/home/user/.m2/repository/commons-net/commons-net/3.6/commons-net-3.6.jar:/home/user/.m2/repository/commons-collections/commons-collections/3.2.2/commons-collections-3.2.2.jar:/home/user/.m2/repository/org/eclipse/jetty/jetty-servlet/9.3.25.v20180904/jetty-servlet-9.3.25.v20180904.jar:/home/user/.m2/repository/org/eclipse/jetty/jetty-security/9.3.25.v20180904/jetty-security-9.3.25.v20180904.jar:/home/user/.m2/repository/javax/servlet/jsp/jsp-api/2.1/jsp-api-2.1.jar:/home/user/.m2/repository/com/sun/jersey/jersey-servlet/1.19/jersey-servlet-1.19.jar:/home/user/.m2/repository/com/sun/jersey/jersey-json/1.19/jersey-json-1.19.jar:/home/user/.m2/repository/org/codehaus/jettison/jettison/1.1/jettison-1.1.jar:/home/user/.m2/repository/org/codehaus/jackson/jackson-core-asl/1.9.13/jackson-core-asl-1.9.13.jar:/home/user/.m2/repository/org/codehaus/jackson/jackson-mapper-asl/1.9.13/jackson-mapper-asl-1.9.13.jar:/home/user/.m2/repository/org/codehaus/jackson/jackson-jaxrs/1.9.13/jackson-jaxrs-1.9.13.jar:/home/user/.m2/repository/org/codehaus/jackson/jackson-xc/1.9.13/jackson-xc-1.9.13.jar:/home/user/.m2/repository/commons-logging/commons-logging/1.1.3/commons-logging-1.1.3.jar:/home/user/.m2/repository/commons-beanutils/commons-beanutils/1.9.4/commons-beanutils-1.9.4.jar:/home/user/.m2/repository/org/apache/commons/commons-configuration2/2.1.1/commons-configuration2-2.1.1.jar:/home/user/.m2/repository/org/apache/commons/commons-lang3/3.7/commons-lang3-3.7.jar:/home/user/.m2/repository/org/apache/commons/commons-text/1.4/commons-text-1.4.jar:/home/user/.m2/repository/org/apache/avro/avro/1.7.7/avro-1.7.7.jar:/home/user/.m2/repository/com/thoughtworks/paranamer/paranamer/2.3/paranamer-2.3.jar:/home/user/.m2/repository/org/xerial/snappy/snappy-java/1.0.5/snappy-java-1.0.5.jar:/home/user/.m2/repository/com/google/re2j/re2j/1.1/re2j-1.1.jar:/home/user/.m2/repository/com/google/code/gson/gson/2.2.4/gson-2.2.4.jar:/home/user/.m2/repository/com/jcraft/jsch/0.1.54/jsch-0.1.54.jar:/home/user/.m2/repository/org/apache/curator/curator-client/2.12.0/curator-client-2.12.0.jar:/home/user/.m2/repository/org/apache/curator/curator-recipes/2.12.0/curator-recipes-2.12.0.jar:/home/user/.m2/repository/com/google/code/findbugs/jsr305/3.0.0/jsr305-3.0.0.jar:/home/user/.m2/repository/org/apache/htrace/htrace-core4/4.1.0-incubating/htrace-core4-4.1.0-incubating.jar:/home/user/.m2/repository/org/apache/zookeeper/zookeeper/3.4.13/zookeeper-3.4.13.jar:/home/user/.m2/repository/jline/jline/0.9.94/jline-0.9.94.jar:/home/user/.m2/repository/org/apache/yetus/audience-annotations/0.5.0/audience-annotations-0.5.0.jar:/home/user/.m2/repository/org/codehaus/woodstox/stax2-api/3.1.4/stax2-api-3.1.4.jar:/home/user/.m2/repository/com/fasterxml/woodstox/woodstox-core/5.0.3/woodstox-core-5.0.3.jar:/home/user/.m2/repository/dnsjava/dnsjava/2.1.7/dnsjava-2.1.7.jar:/home/user/.m2/repository/org/apache/hadoop/hadoop-hdfs/3.2.0/hadoop-hdfs-3.2.0-tests.jar:/home/user/.m2/repository/org/eclipse/jetty/jetty-util-ajax/9.3.25.v20180904/jetty-util-ajax-9.3.25.v20180904.jar:/home/user/.m2/repository/commons-daemon/commons-daemon/1.0.13/commons-daemon-1.0.13.jar:/home/user/.m2/repository/io/netty/netty/3.10.5.Final/netty-3.10.5.Final.jar:/home/user/.m2/repository/io/netty/netty-all/4.0.52.Final/netty-all-4.0.52.Final.jar:/home/user/.m2/repository/org/fusesource/leveldbjni/leveldbjni-all/1.8/leveldbjni-all-1.8.jar:"/>
    <property name="sun.cpu.endian" value="little"/>
    <property name="user.home" value="/home/user"/>
    <property name="user.language" value="en"/>
    <property name="java.specification.vendor" value="Oracle Corporation"/>
    <property name="java.home" value="/usr/lib/jvm/java-1.8.0-openjdk-1.8.0.222.b10-1.el7_7.x86_64/jre"/>
    <property name="surefire.excludesFile" value="/tools/ozone-bad-unit-tests"/>
    <property name="java.security.krb5.conf" value="/workdir/hadoop-ozone/integration-test/target/test-classes/krb5.conf"/>
    <property name="basedir" value="/workdir/hadoop-ozone/integration-test"/>
    <property name="file.separator" value="/"/>
    <property name="line.separator" value="&#10;"/>
    <property name="java.vm.specification.vendor" value="Oracle Corporation"/>
    <property name="java.specification.name" value="Java Platform API Specification"/>
    <property name="java.awt.graphicsenv" value="sun.awt.X11GraphicsEnvironment"/>
    <property name="surefire.real.class.path" value="/workdir/hadoop-ozone/integration-test/target/surefire/surefirebooter3791344805210884822.jar"/>
    <property name="hadoop.log.dir" value="/workdir/hadoop-ozone/integration-test/target/log"/>
    <property name="sun.boot.class.path" value="/usr/lib/jvm/java-1.8.0-openjdk-1.8.0.222.b10-1.el7_7.x86_64/jre/lib/resources.jar:/usr/lib/jvm/java-1.8.0-openjdk-1.8.0.222.b10-1.el7_7.x86_64/jre/lib/rt.jar:/usr/lib/jvm/java-1.8.0-openjdk-1.8.0.222.b10-1.el7_7.x86_64/jre/lib/sunrsasign.jar:/usr/lib/jvm/java-1.8.0-openjdk-1.8.0.222.b10-1.el7_7.x86_64/jre/lib/jsse.jar:/usr/lib/jvm/java-1.8.0-openjdk-1.8.0.222.b10-1.el7_7.x86_64/jre/lib/jce.jar:/usr/lib/jvm/java-1.8.0-openjdk-1.8.0.222.b10-1.el7_7.x86_64/jre/lib/charsets.jar:/usr/lib/jvm/java-1.8.0-openjdk-1.8.0.222.b10-1.el7_7.x86_64/jre/lib/jfr.jar:/usr/lib/jvm/java-1.8.0-openjdk-1.8.0.222.b10-1.el7_7.x86_64/jre/classes"/>
    <property name="sun.management.compiler" value="HotSpot 64-Bit Tiered Compilers"/>
    <property name="java.runtime.version" value="1.8.0_222-b10"/>
    <property name="java.net.preferIPv4Stack" value="true"/>
    <property name="user.name" value="jenkins1000"/>
    <property name="path.separator" value=":"/>
    <property name="java.security.egd" value="file:///dev/urandom"/>
    <property name="os.version" value="3.10.0-957.12.2.el7.x86_64"/>
    <property name="java.endorsed.dirs" value="/usr/lib/jvm/java-1.8.0-openjdk-1.8.0.222.b10-1.el7_7.x86_64/jre/lib/endorsed"/>
    <property name="java.runtime.name" value="OpenJDK Runtime Environment"/>
    <property name="file.encoding" value="ANSI_X3.4-1968"/>
    <property name="java.vm.name" value="OpenJDK 64-Bit Server VM"/>
    <property name="test.build.webapps" value=""/>
    <property name="localRepository" value="/home/user/.m2/repository"/>
    <property name="java.vendor.url.bug" value="http://bugreport.sun.com/bugreport/"/>
    <property name="java.io.tmpdir" value="/tmp"/>
    <property name="require.test.libhadoop" value=""/>
    <property name="java.version" value="1.8.0_222"/>
    <property name="user.dir" value="/workdir/hadoop-ozone/integration-test"/>
    <property name="os.arch" value="amd64"/>
    <property name="java.vm.specification.name" value="Java Virtual Machine Specification"/>
    <property name="test.build.classes" value="/workdir/hadoop-ozone/integration-test/target/test-classes"/>
    <property name="java.awt.printerjob" value="sun.print.PSPrinterJob"/>
    <property name="sun.os.patch.level" value="unknown"/>
    <property name="hadoop.tmp.dir" value="/workdir/hadoop-ozone/integration-test/target/tmp"/>
    <property name="java.library.path" value="/usr/lib:/workdir/hadoop-ozone/integration-test/target/native/target/usr/local/lib:/workdir/hadoop-ozone/integration-test/../../hadoop-common-project/hadoop-common/target/native/target/usr/local/lib:/usr/java/packages/lib/amd64:/usr/lib64:/lib64:/lib:/usr/lib"/>
    <property name="java.vm.info" value="mixed mode"/>
    <property name="java.vendor" value="Oracle Corporation"/>
    <property name="java.vm.version" value="25.222-b10"/>
    <property name="java.ext.dirs" value="/usr/lib/jvm/java-1.8.0-openjdk-1.8.0.222.b10-1.el7_7.x86_64/jre/lib/ext:/usr/java/packages/lib/ext"/>
    <property name="sun.io.unicode.encoding" value="UnicodeLittle"/>
    <property name="java.class.version" value="52.0"/>
  </properties>
  <testcase name="testDeleteKeyWithSlowFollower" classname="org.apache.hadoop.ozone.client.rpc.TestDeleteWithSlowFollower" time="10.901">
    <failure message="expected:&lt;1&gt; but was:&lt;2&gt;" type="java.lang.AssertionError"><![CDATA[java.lang.AssertionError: expected:<1> but was:<2>
	at org.junit.Assert.fail(Assert.java:88)
	at org.junit.Assert.failNotEquals(Assert.java:743)
	at org.junit.Assert.assertEquals(Assert.java:118)
	at org.junit.Assert.assertEquals(Assert.java:555)
	at org.junit.Assert.assertEquals(Assert.java:542)
	at org.apache.hadoop.ozone.client.rpc.TestDeleteWithSlowFollower.testDeleteKeyWithSlowFollower(TestDeleteWithSlowFollower.java:182)
	at sun.reflect.NativeMethodAccessorImpl.invoke0(Native Method)
	at sun.reflect.NativeMethodAccessorImpl.invoke(NativeMethodAccessorImpl.java:62)
	at sun.reflect.DelegatingMethodAccessorImpl.invoke(DelegatingMethodAccessorImpl.java:43)
	at java.lang.reflect.Method.invoke(Method.java:498)
	at org.junit.runners.model.FrameworkMethod$1.runReflectiveCall(FrameworkMethod.java:47)
	at org.junit.internal.runners.model.ReflectiveCallable.run(ReflectiveCallable.java:12)
	at org.junit.runners.model.FrameworkMethod.invokeExplosively(FrameworkMethod.java:44)
	at org.junit.internal.runners.statements.InvokeMethod.evaluate(InvokeMethod.java:17)
	at org.junit.runners.ParentRunner.runLeaf(ParentRunner.java:271)
	at org.junit.runners.BlockJUnit4ClassRunner.runChild(BlockJUnit4ClassRunner.java:70)
	at org.junit.runners.BlockJUnit4ClassRunner.runChild(BlockJUnit4ClassRunner.java:50)
	at org.junit.runners.ParentRunner$3.run(ParentRunner.java:238)
	at org.junit.runners.ParentRunner$1.schedule(ParentRunner.java:63)
	at org.junit.runners.ParentRunner.runChildren(ParentRunner.java:236)
	at org.junit.runners.ParentRunner.access$000(ParentRunner.java:53)
	at org.junit.runners.ParentRunner$2.evaluate(ParentRunner.java:229)
	at org.junit.internal.runners.statements.RunBefores.evaluate(RunBefores.java:26)
	at org.junit.internal.runners.statements.RunAfters.evaluate(RunAfters.java:27)
	at org.junit.runners.ParentRunner.run(ParentRunner.java:309)
	at org.apache.maven.surefire.junit4.JUnit4Provider.execute(JUnit4Provider.java:365)
	at org.apache.maven.surefire.junit4.JUnit4Provider.executeWithRerun(JUnit4Provider.java:273)
	at org.apache.maven.surefire.junit4.JUnit4Provider.executeTestSet(JUnit4Provider.java:238)
	at org.apache.maven.surefire.junit4.JUnit4Provider.invoke(JUnit4Provider.java:159)
	at org.apache.maven.surefire.booter.ForkedBooter.invokeProviderInSameClassLoader(ForkedBooter.java:384)
	at org.apache.maven.surefire.booter.ForkedBooter.runSuitesInProcess(ForkedBooter.java:345)
	at org.apache.maven.surefire.booter.ForkedBooter.execute(ForkedBooter.java:126)
	at org.apache.maven.surefire.booter.ForkedBooter.main(ForkedBooter.java:418)
]]></failure>
    <system-out><![CDATA[2019-10-21 03:33:53,050 [main] WARN  server.ServerUtils (ServerUtils.java:getScmDbDir(145)) - ozone.scm.db.dirs is not configured. We recommend adding this setting. Falling back to ozone.metadata.dirs instead.
2019-10-21 03:33:53,148 [main] WARN  server.ServerUtils (ServerUtils.java:getScmDbDir(145)) - ozone.scm.db.dirs is not configured. We recommend adding this setting. Falling back to ozone.metadata.dirs instead.
2019-10-21 03:33:53,151 [main] WARN  server.ServerUtils (ServerUtils.java:getScmDbDir(145)) - ozone.scm.db.dirs is not configured. We recommend adding this setting. Falling back to ozone.metadata.dirs instead.
2019-10-21 03:33:53,171 [main] INFO  util.log (Log.java:initialized(192)) - Logging initialized @707ms
2019-10-21 03:33:53,289 [main] INFO  db.DBStoreBuilder (DBStoreBuilder.java:addTable(117)) - using custom profile for table: deletedBlocks
2019-10-21 03:33:53,289 [main] INFO  db.DBStoreBuilder (DBStoreBuilder.java:processTables(168)) - Using default column profile:DBProfile.DISK for Table:deletedBlocks
2019-10-21 03:33:53,290 [main] INFO  db.DBStoreBuilder (DBStoreBuilder.java:addTable(117)) - using custom profile for table: validCerts
2019-10-21 03:33:53,290 [main] INFO  db.DBStoreBuilder (DBStoreBuilder.java:processTables(168)) - Using default column profile:DBProfile.DISK for Table:validCerts
2019-10-21 03:33:53,291 [main] INFO  db.DBStoreBuilder (DBStoreBuilder.java:addTable(117)) - using custom profile for table: revokedCerts
2019-10-21 03:33:53,291 [main] INFO  db.DBStoreBuilder (DBStoreBuilder.java:processTables(168)) - Using default column profile:DBProfile.DISK for Table:revokedCerts
2019-10-21 03:33:53,308 [main] INFO  db.DBStoreBuilder (DBStoreBuilder.java:addTable(117)) - using custom profile for table: default
2019-10-21 03:33:53,308 [main] INFO  db.DBStoreBuilder (DBStoreBuilder.java:processTables(174)) - Using default column profile:DBProfile.DISK for Table:default
2019-10-21 03:33:53,310 [main] INFO  db.DBStoreBuilder (DBStoreBuilder.java:getDbProfile(205)) - Using default options. DBProfile.DISK
2019-10-21 03:33:53,611 [main] INFO  net.NodeSchemaLoader (NodeSchemaLoader.java:loadSchemaFromFile(125)) - Loading file from sun.misc.CompoundEnumeration@74235045
2019-10-21 03:33:53,613 [main] INFO  net.NodeSchemaLoader (NodeSchemaLoader.java:loadSchema(171)) - Loading network topology layer schema file
2019-10-21 03:33:53,666 [main] WARN  server.ServerUtils (ServerUtils.java:sanitizeUserArgs(70)) - ozone.scm.stale.node.interval value = 1000000 is larger than max = 100000 based on the key value of ozone.scm.heartbeat.thread.interval, reset to the max value 100000.
2019-10-21 03:33:53,668 [main] WARN  server.ServerUtils (ServerUtils.java:sanitizeUserArgs(70)) - ozone.scm.stale.node.interval value = 1000000 is larger than max = 100000 based on the key value of ozone.scm.heartbeat.thread.interval, reset to the max value 100000.
2019-10-21 03:33:53,670 [main] INFO  node.SCMNodeManager (SCMNodeManager.java:<init>(116)) - Entering startup safe mode.
2019-10-21 03:33:53,729 [main] INFO  algorithms.ContainerPlacementPolicyFactory (ContainerPlacementPolicyFactory.java:getPolicy(59)) - Create container placement policy of type org.apache.hadoop.hdds.scm.container.placement.algorithms.SCMContainerPlacementRandom
2019-10-21 03:33:53,743 [main] WARN  server.ServerUtils (ServerUtils.java:getScmDbDir(145)) - ozone.scm.db.dirs is not configured. We recommend adding this setting. Falling back to ozone.metadata.dirs instead.
2019-10-21 03:33:53,876 [main] INFO  pipeline.SCMPipelineManager (SCMPipelineManager.java:initializePipelineState(137)) - No pipeline exists in current db
2019-10-21 03:33:53,880 [main] WARN  server.ServerUtils (ServerUtils.java:getScmDbDir(145)) - ozone.scm.db.dirs is not configured. We recommend adding this setting. Falling back to ozone.metadata.dirs instead.
2019-10-21 03:33:54,210 [main] WARN  events.EventQueue (EventQueue.java:fireEvent(183)) - No event handler registered for event TypedEvent{payloadType=SafeModeStatus, name='SafeModeStatus'}
2019-10-21 03:33:54,559 [main] INFO  ipc.CallQueueManager (CallQueueManager.java:<init>(84)) - Using callQueue: class java.util.concurrent.LinkedBlockingQueue, queueCapacity: 2000, scheduler: class org.apache.hadoop.ipc.DefaultRpcScheduler, ipcBackoff: false.
2019-10-21 03:33:54,675 [Socket Reader #1 for port 44749] INFO  ipc.Server (Server.java:run(1074)) - Starting Socket Reader #1 for port 44749
2019-10-21 03:33:54,712 [main] INFO  ipc.CallQueueManager (CallQueueManager.java:<init>(84)) - Using callQueue: class java.util.concurrent.LinkedBlockingQueue, queueCapacity: 2000, scheduler: class org.apache.hadoop.ipc.DefaultRpcScheduler, ipcBackoff: false.
2019-10-21 03:33:54,713 [Socket Reader #1 for port 35456] INFO  ipc.Server (Server.java:run(1074)) - Starting Socket Reader #1 for port 35456
2019-10-21 03:33:54,723 [main] INFO  ipc.CallQueueManager (CallQueueManager.java:<init>(84)) - Using callQueue: class java.util.concurrent.LinkedBlockingQueue, queueCapacity: 2000, scheduler: class org.apache.hadoop.ipc.DefaultRpcScheduler, ipcBackoff: false.
2019-10-21 03:33:54,724 [Socket Reader #1 for port 34254] INFO  ipc.Server (Server.java:run(1074)) - Starting Socket Reader #1 for port 34254
2019-10-21 03:33:54,750 [main] INFO  hdfs.DFSUtil (DFSUtil.java:httpServerTemplateForNNAndJN(1641)) - Starting Web-server for scm at: http://0.0.0.0:0
2019-10-21 03:33:54,906 [main] INFO  server.AuthenticationFilter (AuthenticationFilter.java:constructSecretProvider(240)) - Unable to initialize FileSignerSecretProvider, falling back to use random secrets.
2019-10-21 03:33:54,915 [main] WARN  http.HttpRequestLog (HttpRequestLog.java:getRequestLog(97)) - Jetty request log can only be enabled using Log4j
2019-10-21 03:33:54,922 [main] INFO  http.HttpServer2 (HttpServer2.java:addGlobalFilter(975)) - Added global filter 'safety' (class=org.apache.hadoop.http.HttpServer2$QuotingInputFilter)
2019-10-21 03:33:54,925 [main] INFO  http.HttpServer2 (HttpServer2.java:addFilter(948)) - Added filter static_user_filter (class=org.apache.hadoop.http.lib.StaticUserWebFilter$StaticUserFilter) to context scm
2019-10-21 03:33:54,925 [main] INFO  http.HttpServer2 (HttpServer2.java:addFilter(958)) - Added filter static_user_filter (class=org.apache.hadoop.http.lib.StaticUserWebFilter$StaticUserFilter) to context static
2019-10-21 03:33:54,925 [main] INFO  http.HttpServer2 (HttpServer2.java:addFilter(958)) - Added filter static_user_filter (class=org.apache.hadoop.http.lib.StaticUserWebFilter$StaticUserFilter) to context logs
2019-10-21 03:33:54,953 [main] INFO  server.StorageContainerManager (StorageContainerManager.java:start(772)) - StorageContainerLocationProtocol RPC server is listening at /0.0.0.0:34254
2019-10-21 03:33:55,009 [main] WARN  impl.MetricsConfig (MetricsConfig.java:loadFirst(134)) - Cannot locate configuration: tried hadoop-metrics2-storagecontainermanager.properties,hadoop-metrics2.properties
2019-10-21 03:33:55,021 [main] INFO  impl.MetricsSystemImpl (MetricsSystemImpl.java:startTimer(374)) - Scheduled Metric snapshot period at 10 second(s).
2019-10-21 03:33:55,021 [main] INFO  impl.MetricsSystemImpl (MetricsSystemImpl.java:start(191)) - StorageContainerManager metrics system started
2019-10-21 03:33:55,237 [main] INFO  server.SCMClientProtocolServer (SCMClientProtocolServer.java:start(159)) - RPC server for Client  is listening at /0.0.0.0:34254
2019-10-21 03:33:55,237 [IPC Server Responder] INFO  ipc.Server (Server.java:run(1314)) - IPC Server Responder: starting
2019-10-21 03:33:55,237 [IPC Server listener on 34254] INFO  ipc.Server (Server.java:run(1153)) - IPC Server listener on 34254: starting
2019-10-21 03:33:55,240 [main] INFO  server.StorageContainerManager (StorageContainerManager.java:start(782)) - ScmBlockLocationProtocol RPC server is listening at /0.0.0.0:35456
2019-10-21 03:33:55,241 [main] INFO  server.SCMBlockProtocolServer (SCMBlockProtocolServer.java:start(146)) - RPC server for Block Protocol is listening at /0.0.0.0:35456
2019-10-21 03:33:55,241 [IPC Server Responder] INFO  ipc.Server (Server.java:run(1314)) - IPC Server Responder: starting
2019-10-21 03:33:55,242 [IPC Server listener on 35456] INFO  ipc.Server (Server.java:run(1153)) - IPC Server listener on 35456: starting
2019-10-21 03:33:55,244 [main] INFO  server.StorageContainerManager (StorageContainerManager.java:start(786)) - ScmDatanodeProtocl RPC server is listening at /0.0.0.0:44749
2019-10-21 03:33:55,244 [main] INFO  server.SCMDatanodeProtocolServer (SCMDatanodeProtocolServer.java:start(169)) - RPC server for DataNodes is listening at /0.0.0.0:44749
2019-10-21 03:33:55,245 [IPC Server Responder] INFO  ipc.Server (Server.java:run(1314)) - IPC Server Responder: starting
2019-10-21 03:33:55,245 [IPC Server listener on 44749] INFO  ipc.Server (Server.java:run(1153)) - IPC Server listener on 44749: starting
2019-10-21 03:33:55,258 [main] INFO  http.HttpServer2 (HttpServer2.java:bindListener(1191)) - Jetty bound to port 38487
2019-10-21 03:33:55,261 [main] INFO  server.Server (Server.java:doStart(351)) - jetty-9.3.25.v20180904, build timestamp: 2018-09-04T21:11:46Z, git hash: 3ce520221d0240229c862b122d2b06c12a625732
2019-10-21 03:33:55,305 [main] INFO  handler.ContextHandler (ContextHandler.java:doStart(781)) - Started o.e.j.s.ServletContextHandler@3724af13{/logs,file:///workdir/hadoop-ozone/integration-test/target/log,AVAILABLE}
2019-10-21 03:33:55,305 [main] INFO  handler.ContextHandler (ContextHandler.java:doStart(781)) - Started o.e.j.s.ServletContextHandler@6b53bcc2{/static,file:///workdir/hadoop-ozone/integration-test/target/test-classes/webapps/static,AVAILABLE}
2019-10-21 03:33:55,340 [main] INFO  handler.ContextHandler (ContextHandler.java:doStart(781)) - Started o.e.j.w.WebAppContext@73511076{/,file:///workdir/hadoop-ozone/integration-test/target/test-classes/webapps/scm/,AVAILABLE}{/scm}
2019-10-21 03:33:55,349 [main] INFO  server.AbstractConnector (AbstractConnector.java:doStart(278)) - Started ServerConnector@5b800468{HTTP/1.1,[http/1.1]}{0.0.0.0:38487}
2019-10-21 03:33:55,349 [main] INFO  server.Server (Server.java:doStart(419)) - Started @2885ms
2019-10-21 03:33:55,353 [main] INFO  impl.MetricsSinkAdapter (MetricsSinkAdapter.java:start(204)) - Sink prometheus started
2019-10-21 03:33:55,353 [main] INFO  impl.MetricsSystemImpl (MetricsSystemImpl.java:registerSink(301)) - Registered sink prometheus
2019-10-21 03:33:55,356 [main] INFO  server.BaseHttpServer (BaseHttpServer.java:updateConnectorAddress(215)) - HTTP server of SCM is listening at http://0.0.0.0:38487
2019-10-21 03:33:55,363 [org.apache.hadoop.util.JvmPauseMonitor$Monitor@1b9ea3e3] INFO  util.JvmPauseMonitor (JvmPauseMonitor.java:run(188)) - Starting JVM pause monitor
2019-10-21 03:33:55,368 [main] WARN  server.ServerUtils (ServerUtils.java:getDBPath(222)) - ozone.om.db.dirs is not configured. We recommend adding this setting. Falling back to ozone.metadata.dirs instead.
2019-10-21 03:33:55,528 [main] INFO  ha.OMHANodeDetails (OMHANodeDetails.java:loadOMHAConfig(190)) - Configuration either no ozone.om.address set. Falling back to the default OM address /127.0.0.1:0
2019-10-21 03:33:55,529 [main] INFO  ha.OMHANodeDetails (OMHANodeDetails.java:getOMNodeDetails(220)) - OM Service ID is not set. Setting it to the default ID: omServiceIdDefault
2019-10-21 03:33:55,531 [main] WARN  server.ServerUtils (ServerUtils.java:getDBPath(222)) - ozone.om.db.dirs is not configured. We recommend adding this setting. Falling back to ozone.metadata.dirs instead.
2019-10-21 03:33:55,532 [main] WARN  server.ServerUtils (ServerUtils.java:getDBPath(222)) - ozone.om.db.dirs is not configured. We recommend adding this setting. Falling back to ozone.metadata.dirs instead.
2019-10-21 03:33:56,169 [main] WARN  server.ServerUtils (ServerUtils.java:getDBPath(222)) - ozone.om.db.dirs is not configured. We recommend adding this setting. Falling back to ozone.metadata.dirs instead.
2019-10-21 03:33:56,176 [main] INFO  db.DBStoreBuilder (DBStoreBuilder.java:addTable(117)) - using custom profile for table: userTable
2019-10-21 03:33:56,177 [main] INFO  db.DBStoreBuilder (DBStoreBuilder.java:processTables(168)) - Using default column profile:DBProfile.DISK for Table:userTable
2019-10-21 03:33:56,177 [main] INFO  db.DBStoreBuilder (DBStoreBuilder.java:addTable(117)) - using custom profile for table: volumeTable
2019-10-21 03:33:56,177 [main] INFO  db.DBStoreBuilder (DBStoreBuilder.java:processTables(168)) - Using default column profile:DBProfile.DISK for Table:volumeTable
2019-10-21 03:33:56,177 [main] INFO  db.DBStoreBuilder (DBStoreBuilder.java:addTable(117)) - using custom profile for table: bucketTable
2019-10-21 03:33:56,178 [main] INFO  db.DBStoreBuilder (DBStoreBuilder.java:processTables(168)) - Using default column profile:DBProfile.DISK for Table:bucketTable
2019-10-21 03:33:56,178 [main] INFO  db.DBStoreBuilder (DBStoreBuilder.java:addTable(117)) - using custom profile for table: keyTable
2019-10-21 03:33:56,178 [main] INFO  db.DBStoreBuilder (DBStoreBuilder.java:processTables(168)) - Using default column profile:DBProfile.DISK for Table:keyTable
2019-10-21 03:33:56,178 [main] INFO  db.DBStoreBuilder (DBStoreBuilder.java:addTable(117)) - using custom profile for table: deletedTable
2019-10-21 03:33:56,178 [main] INFO  db.DBStoreBuilder (DBStoreBuilder.java:processTables(168)) - Using default column profile:DBProfile.DISK for Table:deletedTable
2019-10-21 03:33:56,179 [main] INFO  db.DBStoreBuilder (DBStoreBuilder.java:addTable(117)) - using custom profile for table: openKeyTable
2019-10-21 03:33:56,180 [main] INFO  db.DBStoreBuilder (DBStoreBuilder.java:processTables(168)) - Using default column profile:DBProfile.DISK for Table:openKeyTable
2019-10-21 03:33:56,180 [main] INFO  db.DBStoreBuilder (DBStoreBuilder.java:addTable(117)) - using custom profile for table: s3Table
2019-10-21 03:33:56,180 [main] INFO  db.DBStoreBuilder (DBStoreBuilder.java:processTables(168)) - Using default column profile:DBProfile.DISK for Table:s3Table
2019-10-21 03:33:56,181 [main] INFO  db.DBStoreBuilder (DBStoreBuilder.java:addTable(117)) - using custom profile for table: multipartInfoTable
2019-10-21 03:33:56,181 [main] INFO  db.DBStoreBuilder (DBStoreBuilder.java:processTables(168)) - Using default column profile:DBProfile.DISK for Table:multipartInfoTable
2019-10-21 03:33:56,182 [main] INFO  db.DBStoreBuilder (DBStoreBuilder.java:addTable(117)) - using custom profile for table: dTokenTable
2019-10-21 03:33:56,182 [main] INFO  db.DBStoreBuilder (DBStoreBuilder.java:processTables(168)) - Using default column profile:DBProfile.DISK for Table:dTokenTable
2019-10-21 03:33:56,183 [main] INFO  db.DBStoreBuilder (DBStoreBuilder.java:addTable(117)) - using custom profile for table: s3SecretTable
2019-10-21 03:33:56,183 [main] INFO  db.DBStoreBuilder (DBStoreBuilder.java:processTables(168)) - Using default column profile:DBProfile.DISK for Table:s3SecretTable
2019-10-21 03:33:56,183 [main] INFO  db.DBStoreBuilder (DBStoreBuilder.java:addTable(117)) - using custom profile for table: prefixTable
2019-10-21 03:33:56,184 [main] INFO  db.DBStoreBuilder (DBStoreBuilder.java:processTables(168)) - Using default column profile:DBProfile.DISK for Table:prefixTable
2019-10-21 03:33:56,184 [main] INFO  db.DBStoreBuilder (DBStoreBuilder.java:addTable(117)) - using custom profile for table: default
2019-10-21 03:33:56,184 [main] INFO  db.DBStoreBuilder (DBStoreBuilder.java:processTables(174)) - Using default column profile:DBProfile.DISK for Table:default
2019-10-21 03:33:56,185 [main] INFO  db.DBStoreBuilder (DBStoreBuilder.java:getDbProfile(205)) - Using default options. DBProfile.DISK
2019-10-21 03:33:57,580 [main] INFO  ipc.CallQueueManager (CallQueueManager.java:<init>(84)) - Using callQueue: class java.util.concurrent.LinkedBlockingQueue, queueCapacity: 2000, scheduler: class org.apache.hadoop.ipc.DefaultRpcScheduler, ipcBackoff: false.
2019-10-21 03:33:57,581 [Socket Reader #1 for port 36908] INFO  ipc.Server (Server.java:run(1074)) - Starting Socket Reader #1 for port 36908
2019-10-21 03:33:57,604 [main] INFO  om.OzoneManager (OzoneManager.java:start(1071)) - OzoneManager RPC server is listening at localhost/127.0.0.1:36908
2019-10-21 03:33:57,604 [main] INFO  impl.MetricsSystemImpl (MetricsSystemImpl.java:init(158)) - OzoneManager metrics system started (again)
2019-10-21 03:33:57,612 [IPC Server Responder] INFO  ipc.Server (Server.java:run(1314)) - IPC Server Responder: starting
2019-10-21 03:33:57,612 [IPC Server listener on 36908] INFO  ipc.Server (Server.java:run(1153)) - IPC Server listener on 36908: starting
2019-10-21 03:33:57,618 [main] INFO  hdfs.DFSUtil (DFSUtil.java:httpServerTemplateForNNAndJN(1641)) - Starting Web-server for ozoneManager at: http://0.0.0.0:0
2019-10-21 03:33:57,623 [main] INFO  server.AuthenticationFilter (AuthenticationFilter.java:constructSecretProvider(240)) - Unable to initialize FileSignerSecretProvider, falling back to use random secrets.
2019-10-21 03:33:57,625 [main] WARN  http.HttpRequestLog (HttpRequestLog.java:getRequestLog(97)) - Jetty request log can only be enabled using Log4j
2019-10-21 03:33:57,629 [main] INFO  http.HttpServer2 (HttpServer2.java:addGlobalFilter(975)) - Added global filter 'safety' (class=org.apache.hadoop.http.HttpServer2$QuotingInputFilter)
2019-10-21 03:33:57,631 [main] INFO  http.HttpServer2 (HttpServer2.java:addFilter(948)) - Added filter static_user_filter (class=org.apache.hadoop.http.lib.StaticUserWebFilter$StaticUserFilter) to context ozoneManager
2019-10-21 03:33:57,631 [main] INFO  http.HttpServer2 (HttpServer2.java:addFilter(958)) - Added filter static_user_filter (class=org.apache.hadoop.http.lib.StaticUserWebFilter$StaticUserFilter) to context logs
2019-10-21 03:33:57,631 [main] INFO  http.HttpServer2 (HttpServer2.java:addFilter(958)) - Added filter static_user_filter (class=org.apache.hadoop.http.lib.StaticUserWebFilter$StaticUserFilter) to context static
2019-10-21 03:33:57,635 [main] INFO  http.HttpServer2 (HttpServer2.java:bindListener(1191)) - Jetty bound to port 36510
2019-10-21 03:33:57,636 [main] INFO  server.Server (Server.java:doStart(351)) - jetty-9.3.25.v20180904, build timestamp: 2018-09-04T21:11:46Z, git hash: 3ce520221d0240229c862b122d2b06c12a625732
2019-10-21 03:33:57,639 [main] INFO  handler.ContextHandler (ContextHandler.java:doStart(781)) - Started o.e.j.s.ServletContextHandler@37095ded{/logs,file:///workdir/hadoop-ozone/integration-test/target/log,AVAILABLE}
2019-10-21 03:33:57,639 [main] INFO  handler.ContextHandler (ContextHandler.java:doStart(781)) - Started o.e.j.s.ServletContextHandler@2ca6546f{/static,file:///workdir/hadoop-ozone/integration-test/target/test-classes/webapps/static,AVAILABLE}
2019-10-21 03:33:57,647 [main] INFO  handler.ContextHandler (ContextHandler.java:doStart(781)) - Started o.e.j.w.WebAppContext@d1a10ac{/,file:///workdir/hadoop-ozone/integration-test/target/test-classes/webapps/ozoneManager/,AVAILABLE}{/ozoneManager}
2019-10-21 03:33:57,649 [main] INFO  server.AbstractConnector (AbstractConnector.java:doStart(278)) - Started ServerConnector@6fca2a8f{HTTP/1.1,[http/1.1]}{0.0.0.0:36510}
2019-10-21 03:33:57,649 [main] INFO  server.Server (Server.java:doStart(419)) - Started @5185ms
2019-10-21 03:33:57,650 [main] WARN  impl.MetricsSystemImpl (MetricsSystemImpl.java:register(276)) - Sink prometheus already exists!
2019-10-21 03:33:57,651 [main] INFO  server.BaseHttpServer (BaseHttpServer.java:updateConnectorAddress(215)) - HTTP server of OZONEMANAGER is listening at http://0.0.0.0:36510
2019-10-21 03:33:57,976 [main] INFO  impl.MetricsSystemImpl (MetricsSystemImpl.java:init(158)) - HddsDatanode metrics system started (again)
2019-10-21 03:33:58,027 [main] INFO  ozone.HddsDatanodeService (HddsDatanodeService.java:start(184)) - HddsDatanodeService host:pr-hdds-1569-252f9-3696506840 ip:192.168.157.255
2019-10-21 03:33:58,060 [main] INFO  volume.HddsVolume (HddsVolume.java:<init>(176)) - Creating Volume: /workdir/hadoop-ozone/integration-test/target/test-dir/MiniOzoneClusterImpl-0d9ef5dc-8c83-4a95-80ca-c8ea87fb8f69/datanode-0/data/containers/hdds of  storage type : DISK and capacity : 1482555576320
2019-10-21 03:33:58,062 [main] INFO  volume.VolumeSet (VolumeSet.java:initializeVolumeSet(170)) - Added Volume : /workdir/hadoop-ozone/integration-test/target/test-dir/MiniOzoneClusterImpl-0d9ef5dc-8c83-4a95-80ca-c8ea87fb8f69/datanode-0/data/containers/hdds to VolumeSet
2019-10-21 03:33:58,065 [main] INFO  volume.ThrottledAsyncChecker (ThrottledAsyncChecker.java:schedule(141)) - Scheduling a check for org.apache.hadoop.ozone.container.common.volume.HddsVolume@1237e0be
2019-10-21 03:33:58,082 [main] INFO  volume.HddsVolumeChecker (HddsVolumeChecker.java:checkAllVolumes(204)) - Scheduled health check for volume org.apache.hadoop.ozone.container.common.volume.HddsVolume@1237e0be
2019-10-21 03:33:58,192 [main] INFO  impl.RaftServerProxy (ConfUtils.java:logGet(43)) - raft.rpc.type = GRPC (default)
2019-10-21 03:33:58,259 [main] INFO  grpc.GrpcFactory (GrpcFactory.java:checkPooledByteBufAllocatorUseCacheForAllThreads(45)) - PERFORMANCE WARNING: useCacheForAllThreads is true that may cause Netty to create a lot garbage objects and, as a result, trigger GC.
	It is recommended to disable useCacheForAllThreads by setting -Dorg.apache.ratis.thirdparty.io.netty.allocator.useCacheForAllThreads=false in command line.
2019-10-21 03:33:58,265 [main] INFO  grpc.GrpcConfigKeys$Server (ConfUtils.java:logGet(43)) - raft.grpc.server.port = 0 (default)
2019-10-21 03:33:58,266 [main] INFO  server.GrpcService (ConfUtils.java:logGet(43)) - raft.grpc.message.size.max = 33570816 (custom)
2019-10-21 03:33:58,267 [main] INFO  server.RaftServerConfigKeys (ConfUtils.java:logGet(43)) - raft.server.log.appender.buffer.byte-limit = 33554432 (custom)
2019-10-21 03:33:58,268 [main] INFO  server.GrpcService (ConfUtils.java:logGet(43)) - raft.grpc.flow.control.window = 1MB (=1048576) (default)
2019-10-21 03:33:58,269 [main] INFO  server.RaftServerConfigKeys (ConfUtils.java:logGet(43)) - raft.server.rpc.request.timeout = 3000ms (default)
2019-10-21 03:33:58,461 [main] INFO  server.RaftServerConfigKeys (ConfUtils.java:logGet(43)) - raft.server.storage.dir = [/workdir/hadoop-ozone/integration-test/target/test-dir/MiniOzoneClusterImpl-0d9ef5dc-8c83-4a95-80ca-c8ea87fb8f69/datanode-0/data/ratis] (custom)
2019-10-21 03:33:58,514 [main] INFO  hdfs.DFSUtil (DFSUtil.java:httpServerTemplateForNNAndJN(1641)) - Starting Web-server for hddsDatanode at: http://0.0.0.0:0
2019-10-21 03:33:58,516 [main] INFO  server.AuthenticationFilter (AuthenticationFilter.java:constructSecretProvider(240)) - Unable to initialize FileSignerSecretProvider, falling back to use random secrets.
2019-10-21 03:33:58,517 [main] WARN  http.HttpRequestLog (HttpRequestLog.java:getRequestLog(97)) - Jetty request log can only be enabled using Log4j
2019-10-21 03:33:58,521 [main] INFO  http.HttpServer2 (HttpServer2.java:addGlobalFilter(975)) - Added global filter 'safety' (class=org.apache.hadoop.http.HttpServer2$QuotingInputFilter)
2019-10-21 03:33:58,522 [main] INFO  http.HttpServer2 (HttpServer2.java:addFilter(948)) - Added filter static_user_filter (class=org.apache.hadoop.http.lib.StaticUserWebFilter$StaticUserFilter) to context hddsDatanode
2019-10-21 03:33:58,522 [main] INFO  http.HttpServer2 (HttpServer2.java:addFilter(958)) - Added filter static_user_filter (class=org.apache.hadoop.http.lib.StaticUserWebFilter$StaticUserFilter) to context logs
2019-10-21 03:33:58,523 [main] INFO  http.HttpServer2 (HttpServer2.java:addFilter(958)) - Added filter static_user_filter (class=org.apache.hadoop.http.lib.StaticUserWebFilter$StaticUserFilter) to context static
2019-10-21 03:33:58,525 [main] INFO  http.HttpServer2 (HttpServer2.java:bindListener(1191)) - Jetty bound to port 44945
2019-10-21 03:33:58,525 [main] INFO  server.Server (Server.java:doStart(351)) - jetty-9.3.25.v20180904, build timestamp: 2018-09-04T21:11:46Z, git hash: 3ce520221d0240229c862b122d2b06c12a625732
2019-10-21 03:33:58,529 [main] INFO  handler.ContextHandler (ContextHandler.java:doStart(781)) - Started o.e.j.s.ServletContextHandler@1ac4ccad{/logs,file:///workdir/hadoop-ozone/integration-test/target/log,AVAILABLE}
2019-10-21 03:33:58,530 [main] INFO  handler.ContextHandler (ContextHandler.java:doStart(781)) - Started o.e.j.s.ServletContextHandler@14982a82{/static,jar:file:/home/user/.m2/repository/org/apache/hadoop/hadoop-hdds-container-service/0.5.0-SNAPSHOT/hadoop-hdds-container-service-0.5.0-SNAPSHOT.jar!/webapps/static,AVAILABLE}
2019-10-21 03:33:58,598 [main] INFO  handler.ContextHandler (ContextHandler.java:doStart(781)) - Started o.e.j.w.WebAppContext@582a764a{/,file:///tmp/jetty-0.0.0.0-44945-hddsDatanode-_-any-538990398933730690.dir/webapp/,AVAILABLE}{/hddsDatanode}
2019-10-21 03:33:58,604 [main] INFO  server.AbstractConnector (AbstractConnector.java:doStart(278)) - Started ServerConnector@64984b0f{HTTP/1.1,[http/1.1]}{0.0.0.0:44945}
2019-10-21 03:33:58,605 [main] INFO  server.Server (Server.java:doStart(419)) - Started @6140ms
2019-10-21 03:33:58,605 [main] WARN  impl.MetricsSystemImpl (MetricsSystemImpl.java:register(276)) - Sink prometheus already exists!
2019-10-21 03:33:58,607 [main] INFO  server.BaseHttpServer (BaseHttpServer.java:updateConnectorAddress(215)) - HTTP server of HDDSDATANODE is listening at http://0.0.0.0:44945
2019-10-21 03:33:58,612 [main] INFO  impl.MetricsSystemImpl (MetricsSystemImpl.java:init(158)) - HddsDatanode metrics system started (again)
2019-10-21 03:33:58,619 [main] INFO  ozone.HddsDatanodeService (HddsDatanodeService.java:start(184)) - HddsDatanodeService host:pr-hdds-1569-252f9-3696506840 ip:192.168.157.255
2019-10-21 03:33:58,622 [org.apache.hadoop.util.JvmPauseMonitor$Monitor@6e191894] INFO  util.JvmPauseMonitor (JvmPauseMonitor.java:run(188)) - Starting JVM pause monitor
2019-10-21 03:33:58,631 [main] INFO  volume.HddsVolume (HddsVolume.java:<init>(176)) - Creating Volume: /workdir/hadoop-ozone/integration-test/target/test-dir/MiniOzoneClusterImpl-0d9ef5dc-8c83-4a95-80ca-c8ea87fb8f69/datanode-1/data/containers/hdds of  storage type : DISK and capacity : 1482555576320
2019-10-21 03:33:58,632 [main] INFO  volume.VolumeSet (VolumeSet.java:initializeVolumeSet(170)) - Added Volume : /workdir/hadoop-ozone/integration-test/target/test-dir/MiniOzoneClusterImpl-0d9ef5dc-8c83-4a95-80ca-c8ea87fb8f69/datanode-1/data/containers/hdds to VolumeSet
2019-10-21 03:33:58,632 [main] INFO  volume.ThrottledAsyncChecker (ThrottledAsyncChecker.java:schedule(141)) - Scheduling a check for org.apache.hadoop.ozone.container.common.volume.HddsVolume@1292071f
2019-10-21 03:33:58,633 [main] INFO  volume.HddsVolumeChecker (HddsVolumeChecker.java:checkAllVolumes(204)) - Scheduled health check for volume org.apache.hadoop.ozone.container.common.volume.HddsVolume@1292071f
2019-10-21 03:33:58,651 [main] INFO  impl.RaftServerProxy (ConfUtils.java:logGet(43)) - raft.rpc.type = GRPC (default)
2019-10-21 03:33:58,651 [main] INFO  grpc.GrpcFactory (GrpcFactory.java:checkPooledByteBufAllocatorUseCacheForAllThreads(45)) - PERFORMANCE WARNING: useCacheForAllThreads is true that may cause Netty to create a lot garbage objects and, as a result, trigger GC.
	It is recommended to disable useCacheForAllThreads by setting -Dorg.apache.ratis.thirdparty.io.netty.allocator.useCacheForAllThreads=false in command line.
2019-10-21 03:33:58,651 [main] INFO  grpc.GrpcConfigKeys$Server (ConfUtils.java:logGet(43)) - raft.grpc.server.port = 0 (default)
2019-10-21 03:33:58,652 [main] INFO  server.GrpcService (ConfUtils.java:logGet(43)) - raft.grpc.message.size.max = 33570816 (custom)
2019-10-21 03:33:58,652 [main] INFO  server.RaftServerConfigKeys (ConfUtils.java:logGet(43)) - raft.server.log.appender.buffer.byte-limit = 33554432 (custom)
2019-10-21 03:33:58,652 [main] INFO  server.GrpcService (ConfUtils.java:logGet(43)) - raft.grpc.flow.control.window = 1MB (=1048576) (default)
2019-10-21 03:33:58,652 [main] INFO  server.RaftServerConfigKeys (ConfUtils.java:logGet(43)) - raft.server.rpc.request.timeout = 3000ms (default)
2019-10-21 03:33:58,653 [main] INFO  server.RaftServerConfigKeys (ConfUtils.java:logGet(43)) - raft.server.storage.dir = [/workdir/hadoop-ozone/integration-test/target/test-dir/MiniOzoneClusterImpl-0d9ef5dc-8c83-4a95-80ca-c8ea87fb8f69/datanode-1/data/ratis] (custom)
2019-10-21 03:33:58,655 [main] INFO  hdfs.DFSUtil (DFSUtil.java:httpServerTemplateForNNAndJN(1641)) - Starting Web-server for hddsDatanode at: http://0.0.0.0:0
2019-10-21 03:33:58,657 [main] INFO  server.AuthenticationFilter (AuthenticationFilter.java:constructSecretProvider(240)) - Unable to initialize FileSignerSecretProvider, falling back to use random secrets.
2019-10-21 03:33:58,658 [main] WARN  http.HttpRequestLog (HttpRequestLog.java:getRequestLog(97)) - Jetty request log can only be enabled using Log4j
2019-10-21 03:33:58,660 [main] INFO  http.HttpServer2 (HttpServer2.java:addGlobalFilter(975)) - Added global filter 'safety' (class=org.apache.hadoop.http.HttpServer2$QuotingInputFilter)
2019-10-21 03:33:58,661 [main] INFO  http.HttpServer2 (HttpServer2.java:addFilter(948)) - Added filter static_user_filter (class=org.apache.hadoop.http.lib.StaticUserWebFilter$StaticUserFilter) to context hddsDatanode
2019-10-21 03:33:58,661 [main] INFO  http.HttpServer2 (HttpServer2.java:addFilter(958)) - Added filter static_user_filter (class=org.apache.hadoop.http.lib.StaticUserWebFilter$StaticUserFilter) to context logs
2019-10-21 03:33:58,661 [main] INFO  http.HttpServer2 (HttpServer2.java:addFilter(958)) - Added filter static_user_filter (class=org.apache.hadoop.http.lib.StaticUserWebFilter$StaticUserFilter) to context static
2019-10-21 03:33:58,662 [main] INFO  http.HttpServer2 (HttpServer2.java:bindListener(1191)) - Jetty bound to port 32805
2019-10-21 03:33:58,662 [main] INFO  server.Server (Server.java:doStart(351)) - jetty-9.3.25.v20180904, build timestamp: 2018-09-04T21:11:46Z, git hash: 3ce520221d0240229c862b122d2b06c12a625732
2019-10-21 03:33:58,665 [main] INFO  handler.ContextHandler (ContextHandler.java:doStart(781)) - Started o.e.j.s.ServletContextHandler@8851ce1{/logs,file:///workdir/hadoop-ozone/integration-test/target/log,AVAILABLE}
2019-10-21 03:33:58,666 [main] INFO  handler.ContextHandler (ContextHandler.java:doStart(781)) - Started o.e.j.s.ServletContextHandler@5ef6fd7f{/static,jar:file:/home/user/.m2/repository/org/apache/hadoop/hadoop-hdds-container-service/0.5.0-SNAPSHOT/hadoop-hdds-container-service-0.5.0-SNAPSHOT.jar!/webapps/static,AVAILABLE}
2019-10-21 03:33:58,697 [main] INFO  handler.ContextHandler (ContextHandler.java:doStart(781)) - Started o.e.j.w.WebAppContext@7add323c{/,file:///tmp/jetty-0.0.0.0-32805-hddsDatanode-_-any-5354048889036834111.dir/webapp/,AVAILABLE}{/hddsDatanode}
2019-10-21 03:33:58,698 [main] INFO  server.AbstractConnector (AbstractConnector.java:doStart(278)) - Started ServerConnector@4a734c04{HTTP/1.1,[http/1.1]}{0.0.0.0:32805}
2019-10-21 03:33:58,699 [main] INFO  server.Server (Server.java:doStart(419)) - Started @6235ms
2019-10-21 03:33:58,699 [main] WARN  impl.MetricsSystemImpl (MetricsSystemImpl.java:register(276)) - Sink prometheus already exists!
2019-10-21 03:33:58,701 [main] INFO  server.BaseHttpServer (BaseHttpServer.java:updateConnectorAddress(215)) - HTTP server of HDDSDATANODE is listening at http://0.0.0.0:32805
2019-10-21 03:33:58,701 [main] INFO  impl.MetricsSystemImpl (MetricsSystemImpl.java:init(158)) - HddsDatanode metrics system started (again)
2019-10-21 03:33:58,704 [main] INFO  ozone.HddsDatanodeService (HddsDatanodeService.java:start(184)) - HddsDatanodeService host:pr-hdds-1569-252f9-3696506840 ip:192.168.157.255
2019-10-21 03:33:58,704 [org.apache.hadoop.util.JvmPauseMonitor$Monitor@2477cbed] INFO  util.JvmPauseMonitor (JvmPauseMonitor.java:run(188)) - Starting JVM pause monitor
2019-10-21 03:33:58,712 [main] INFO  volume.HddsVolume (HddsVolume.java:<init>(176)) - Creating Volume: /workdir/hadoop-ozone/integration-test/target/test-dir/MiniOzoneClusterImpl-0d9ef5dc-8c83-4a95-80ca-c8ea87fb8f69/datanode-2/data/containers/hdds of  storage type : DISK and capacity : 1482555576320
2019-10-21 03:33:58,712 [main] INFO  volume.VolumeSet (VolumeSet.java:initializeVolumeSet(170)) - Added Volume : /workdir/hadoop-ozone/integration-test/target/test-dir/MiniOzoneClusterImpl-0d9ef5dc-8c83-4a95-80ca-c8ea87fb8f69/datanode-2/data/containers/hdds to VolumeSet
2019-10-21 03:33:58,713 [main] INFO  volume.ThrottledAsyncChecker (ThrottledAsyncChecker.java:schedule(141)) - Scheduling a check for org.apache.hadoop.ozone.container.common.volume.HddsVolume@7f353d99
2019-10-21 03:33:58,713 [main] INFO  volume.HddsVolumeChecker (HddsVolumeChecker.java:checkAllVolumes(204)) - Scheduled health check for volume org.apache.hadoop.ozone.container.common.volume.HddsVolume@7f353d99
2019-10-21 03:33:58,726 [main] INFO  impl.RaftServerProxy (ConfUtils.java:logGet(43)) - raft.rpc.type = GRPC (default)
2019-10-21 03:33:58,726 [main] INFO  grpc.GrpcFactory (GrpcFactory.java:checkPooledByteBufAllocatorUseCacheForAllThreads(45)) - PERFORMANCE WARNING: useCacheForAllThreads is true that may cause Netty to create a lot garbage objects and, as a result, trigger GC.
	It is recommended to disable useCacheForAllThreads by setting -Dorg.apache.ratis.thirdparty.io.netty.allocator.useCacheForAllThreads=false in command line.
2019-10-21 03:33:58,727 [main] INFO  grpc.GrpcConfigKeys$Server (ConfUtils.java:logGet(43)) - raft.grpc.server.port = 0 (default)
2019-10-21 03:33:58,727 [main] INFO  server.GrpcService (ConfUtils.java:logGet(43)) - raft.grpc.message.size.max = 33570816 (custom)
2019-10-21 03:33:58,727 [main] INFO  server.RaftServerConfigKeys (ConfUtils.java:logGet(43)) - raft.server.log.appender.buffer.byte-limit = 33554432 (custom)
2019-10-21 03:33:58,727 [main] INFO  server.GrpcService (ConfUtils.java:logGet(43)) - raft.grpc.flow.control.window = 1MB (=1048576) (default)
2019-10-21 03:33:58,727 [main] INFO  server.RaftServerConfigKeys (ConfUtils.java:logGet(43)) - raft.server.rpc.request.timeout = 3000ms (default)
2019-10-21 03:33:58,728 [main] INFO  server.RaftServerConfigKeys (ConfUtils.java:logGet(43)) - raft.server.storage.dir = [/workdir/hadoop-ozone/integration-test/target/test-dir/MiniOzoneClusterImpl-0d9ef5dc-8c83-4a95-80ca-c8ea87fb8f69/datanode-2/data/ratis] (custom)
2019-10-21 03:33:58,730 [main] INFO  hdfs.DFSUtil (DFSUtil.java:httpServerTemplateForNNAndJN(1641)) - Starting Web-server for hddsDatanode at: http://0.0.0.0:0
2019-10-21 03:33:58,732 [main] INFO  server.AuthenticationFilter (AuthenticationFilter.java:constructSecretProvider(240)) - Unable to initialize FileSignerSecretProvider, falling back to use random secrets.
2019-10-21 03:33:58,733 [main] WARN  http.HttpRequestLog (HttpRequestLog.java:getRequestLog(97)) - Jetty request log can only be enabled using Log4j
2019-10-21 03:33:58,734 [main] INFO  http.HttpServer2 (HttpServer2.java:addGlobalFilter(975)) - Added global filter 'safety' (class=org.apache.hadoop.http.HttpServer2$QuotingInputFilter)
2019-10-21 03:33:58,735 [main] INFO  http.HttpServer2 (HttpServer2.java:addFilter(948)) - Added filter static_user_filter (class=org.apache.hadoop.http.lib.StaticUserWebFilter$StaticUserFilter) to context hddsDatanode
2019-10-21 03:33:58,735 [main] INFO  http.HttpServer2 (HttpServer2.java:addFilter(958)) - Added filter static_user_filter (class=org.apache.hadoop.http.lib.StaticUserWebFilter$StaticUserFilter) to context static
2019-10-21 03:33:58,735 [main] INFO  http.HttpServer2 (HttpServer2.java:addFilter(958)) - Added filter static_user_filter (class=org.apache.hadoop.http.lib.StaticUserWebFilter$StaticUserFilter) to context logs
2019-10-21 03:33:58,736 [main] INFO  http.HttpServer2 (HttpServer2.java:bindListener(1191)) - Jetty bound to port 36274
2019-10-21 03:33:58,736 [main] INFO  server.Server (Server.java:doStart(351)) - jetty-9.3.25.v20180904, build timestamp: 2018-09-04T21:11:46Z, git hash: 3ce520221d0240229c862b122d2b06c12a625732
2019-10-21 03:33:58,737 [Datanode State Machine Thread - 0] INFO  datanode.InitDatanodeState (InitDatanodeState.java:persistContainerDatanodeDetails(140)) - DatanodeDetails is persisted to /workdir/hadoop-ozone/integration-test/target/test-dir/MiniOzoneClusterImpl-0d9ef5dc-8c83-4a95-80ca-c8ea87fb8f69/datanode-0/meta/datanode.id
2019-10-21 03:33:58,739 [main] INFO  handler.ContextHandler (ContextHandler.java:doStart(781)) - Started o.e.j.s.ServletContextHandler@558756be{/logs,file:///workdir/hadoop-ozone/integration-test/target/log,AVAILABLE}
2019-10-21 03:33:58,740 [main] INFO  handler.ContextHandler (ContextHandler.java:doStart(781)) - Started o.e.j.s.ServletContextHandler@6d1dcdff{/static,jar:file:/home/user/.m2/repository/org/apache/hadoop/hadoop-hdds-container-service/0.5.0-SNAPSHOT/hadoop-hdds-container-service-0.5.0-SNAPSHOT.jar!/webapps/static,AVAILABLE}
2019-10-21 03:33:58,741 [Datanode State Machine Thread - 0] INFO  datanode.InitDatanodeState (InitDatanodeState.java:persistContainerDatanodeDetails(140)) - DatanodeDetails is persisted to /workdir/hadoop-ozone/integration-test/target/test-dir/MiniOzoneClusterImpl-0d9ef5dc-8c83-4a95-80ca-c8ea87fb8f69/datanode-1/meta/datanode.id
2019-10-21 03:33:58,785 [main] INFO  handler.ContextHandler (ContextHandler.java:doStart(781)) - Started o.e.j.w.WebAppContext@3c5dbdf8{/,file:///tmp/jetty-0.0.0.0-36274-hddsDatanode-_-any-1532937601365582793.dir/webapp/,AVAILABLE}{/hddsDatanode}
2019-10-21 03:33:58,786 [main] INFO  server.AbstractConnector (AbstractConnector.java:doStart(278)) - Started ServerConnector@352c44a8{HTTP/1.1,[http/1.1]}{0.0.0.0:36274}
2019-10-21 03:33:58,787 [main] INFO  server.Server (Server.java:doStart(419)) - Started @6322ms
2019-10-21 03:33:58,788 [main] WARN  impl.MetricsSystemImpl (MetricsSystemImpl.java:register(276)) - Sink prometheus already exists!
2019-10-21 03:33:58,789 [main] INFO  server.BaseHttpServer (BaseHttpServer.java:updateConnectorAddress(215)) - HTTP server of HDDSDATANODE is listening at http://0.0.0.0:36274
2019-10-21 03:33:58,792 [main] INFO  ozone.MiniOzoneClusterImpl (MiniOzoneClusterImpl.java:lambda$waitForClusterToBeReady$0(147)) - Waiting for cluster to be ready. Got 0 of 3 DN Heartbeats.
2019-10-21 03:33:58,792 [org.apache.hadoop.util.JvmPauseMonitor$Monitor@5fc06463] INFO  util.JvmPauseMonitor (JvmPauseMonitor.java:run(188)) - Starting JVM pause monitor
2019-10-21 03:33:58,796 [Datanode State Machine Thread - 0] INFO  datanode.InitDatanodeState (InitDatanodeState.java:persistContainerDatanodeDetails(140)) - DatanodeDetails is persisted to /workdir/hadoop-ozone/integration-test/target/test-dir/MiniOzoneClusterImpl-0d9ef5dc-8c83-4a95-80ca-c8ea87fb8f69/datanode-2/meta/datanode.id
2019-10-21 03:33:59,793 [main] INFO  ozone.MiniOzoneClusterImpl (MiniOzoneClusterImpl.java:lambda$waitForClusterToBeReady$0(147)) - Waiting for cluster to be ready. Got 0 of 3 DN Heartbeats.
2019-10-21 03:34:00,765 [Datanode State Machine Thread - 0] INFO  ozoneimpl.OzoneContainer (OzoneContainer.java:start(213)) - Attempting to start container services.
2019-10-21 03:34:00,765 [Datanode State Machine Thread - 0] INFO  ozoneimpl.OzoneContainer (OzoneContainer.java:start(213)) - Attempting to start container services.
2019-10-21 03:34:00,768 [Datanode State Machine Thread - 0] INFO  ozoneimpl.OzoneContainer (OzoneContainer.java:startContainerScrub(177)) - Background container scanner has been disabled.
2019-10-21 03:34:00,768 [Datanode State Machine Thread - 0] INFO  ratis.XceiverServerRatis (XceiverServerRatis.java:start(418)) - Starting XceiverServerRatis 5862a0f6-345d-4ea3-acd6-80cac8e48241 at port 0
2019-10-21 03:34:00,768 [Datanode State Machine Thread - 0] INFO  ozoneimpl.OzoneContainer (OzoneContainer.java:startContainerScrub(177)) - Background container scanner has been disabled.
2019-10-21 03:34:00,768 [Datanode State Machine Thread - 0] INFO  ratis.XceiverServerRatis (XceiverServerRatis.java:start(418)) - Starting XceiverServerRatis 2168b752-3a95-463d-8b76-275bc2ee8f53 at port 0
2019-10-21 03:34:00,791 [Datanode State Machine Thread - 0] INFO  impl.RaftServerProxy (RaftServerProxy.java:lambda$start$3(299)) - 2168b752-3a95-463d-8b76-275bc2ee8f53: start RPC server
2019-10-21 03:34:00,791 [Datanode State Machine Thread - 0] INFO  impl.RaftServerProxy (RaftServerProxy.java:lambda$start$3(299)) - 5862a0f6-345d-4ea3-acd6-80cac8e48241: start RPC server
2019-10-21 03:34:00,793 [main] INFO  ozone.MiniOzoneClusterImpl (MiniOzoneClusterImpl.java:lambda$waitForClusterToBeReady$0(147)) - Waiting for cluster to be ready. Got 0 of 3 DN Heartbeats.
2019-10-21 03:34:00,852 [Datanode State Machine Thread - 0] INFO  ozoneimpl.OzoneContainer (OzoneContainer.java:start(213)) - Attempting to start container services.
2019-10-21 03:34:00,858 [Datanode State Machine Thread - 0] INFO  ozoneimpl.OzoneContainer (OzoneContainer.java:startContainerScrub(177)) - Background container scanner has been disabled.
2019-10-21 03:34:00,858 [Datanode State Machine Thread - 0] INFO  ratis.XceiverServerRatis (XceiverServerRatis.java:start(418)) - Starting XceiverServerRatis a9b2150e-77aa-4b60-aecd-1dd026cfa7cd at port 0
2019-10-21 03:34:00,867 [Datanode State Machine Thread - 0] INFO  impl.RaftServerProxy (RaftServerProxy.java:lambda$start$3(299)) - a9b2150e-77aa-4b60-aecd-1dd026cfa7cd: start RPC server
2019-10-21 03:34:00,910 [Datanode State Machine Thread - 0] INFO  server.GrpcService (GrpcService.java:startImpl(158)) - 5862a0f6-345d-4ea3-acd6-80cac8e48241: GrpcService started, listening on 0.0.0.0/0.0.0.0:41729
2019-10-21 03:34:00,910 [Datanode State Machine Thread - 0] INFO  server.GrpcService (GrpcService.java:startImpl(158)) - 2168b752-3a95-463d-8b76-275bc2ee8f53: GrpcService started, listening on 0.0.0.0/0.0.0.0:38663
2019-10-21 03:34:00,910 [Datanode State Machine Thread - 0] INFO  server.GrpcService (GrpcService.java:startImpl(158)) - a9b2150e-77aa-4b60-aecd-1dd026cfa7cd: GrpcService started, listening on 0.0.0.0/0.0.0.0:42907
2019-10-21 03:34:00,911 [Datanode State Machine Thread - 0] INFO  ratis.XceiverServerRatis (XceiverServerRatis.java:start(428)) - XceiverServerRatis 2168b752-3a95-463d-8b76-275bc2ee8f53 is started using port 38663
2019-10-21 03:34:00,911 [Datanode State Machine Thread - 0] INFO  ratis.XceiverServerRatis (XceiverServerRatis.java:start(428)) - XceiverServerRatis 5862a0f6-345d-4ea3-acd6-80cac8e48241 is started using port 41729
2019-10-21 03:34:00,911 [Datanode State Machine Thread - 0] INFO  ratis.XceiverServerRatis (XceiverServerRatis.java:start(428)) - XceiverServerRatis a9b2150e-77aa-4b60-aecd-1dd026cfa7cd is started using port 42907
2019-10-21 03:34:00,915 [Datanode State Machine Thread - 0] INFO  server.XceiverServerGrpc (XceiverServerGrpc.java:start(149)) - XceiverServerGrpc 5862a0f6-345d-4ea3-acd6-80cac8e48241 is started using port 35822
2019-10-21 03:34:00,916 [Datanode State Machine Thread - 0] INFO  server.XceiverServerGrpc (XceiverServerGrpc.java:start(149)) - XceiverServerGrpc 2168b752-3a95-463d-8b76-275bc2ee8f53 is started using port 45310
2019-10-21 03:34:00,915 [Datanode State Machine Thread - 0] INFO  server.XceiverServerGrpc (XceiverServerGrpc.java:start(149)) - XceiverServerGrpc a9b2150e-77aa-4b60-aecd-1dd026cfa7cd is started using port 41625
2019-10-21 03:34:01,794 [main] INFO  ozone.MiniOzoneClusterImpl (MiniOzoneClusterImpl.java:lambda$waitForClusterToBeReady$0(147)) - Waiting for cluster to be ready. Got 0 of 3 DN Heartbeats.
2019-10-21 03:34:02,654 [IPC Server handler 0 on 44749] INFO  net.NetworkTopology (NetworkTopologyImpl.java:add(111)) - Added a new node: /default-rack/2168b752-3a95-463d-8b76-275bc2ee8f53
2019-10-21 03:34:02,654 [IPC Server handler 0 on 44749] INFO  node.SCMNodeManager (SCMNodeManager.java:register(268)) - Registered Data node : 2168b752-3a95-463d-8b76-275bc2ee8f53{ip: 192.168.157.255, host: pr-hdds-1569-252f9-3696506840, networkLocation: /default-rack, certSerialId: null}
2019-10-21 03:34:02,657 [EventQueue-NodeRegistrationContainerReportForDataNodeSafeModeRule] INFO  safemode.SCMSafeModeManager (DataNodeSafeModeRule.java:process(71)) - SCM in safe mode. 1 DataNodes registered, 1 required.
2019-10-21 03:34:02,657 [EventQueue-NodeRegistrationContainerReportForDataNodeSafeModeRule] INFO  safemode.SCMSafeModeManager (SCMSafeModeManager.java:validateSafeModeExitRules(177)) - ScmSafeModeManager, all rules are successfully validated
2019-10-21 03:34:02,658 [EventQueue-NodeRegistrationContainerReportForDataNodeSafeModeRule] INFO  safemode.SCMSafeModeManager (SCMSafeModeManager.java:exitSafeMode(193)) - SCM exiting safe mode.
2019-10-21 03:34:02,707 [IPC Server handler 1 on 44749] INFO  net.NetworkTopology (NetworkTopologyImpl.java:add(111)) - Added a new node: /default-rack/5862a0f6-345d-4ea3-acd6-80cac8e48241
2019-10-21 03:34:02,707 [IPC Server handler 1 on 44749] INFO  node.SCMNodeManager (SCMNodeManager.java:register(268)) - Registered Data node : 5862a0f6-345d-4ea3-acd6-80cac8e48241{ip: 192.168.157.255, host: pr-hdds-1569-252f9-3696506840, networkLocation: /default-rack, certSerialId: null}
2019-10-21 03:34:02,795 [main] INFO  ozone.MiniOzoneClusterImpl (MiniOzoneClusterImpl.java:lambda$waitForClusterToBeReady$0(147)) - Waiting for cluster to be ready. Got 2 of 3 DN Heartbeats.
2019-10-21 03:34:02,797 [IPC Server handler 3 on 44749] INFO  net.NetworkTopology (NetworkTopologyImpl.java:add(111)) - Added a new node: /default-rack/a9b2150e-77aa-4b60-aecd-1dd026cfa7cd
2019-10-21 03:34:02,797 [IPC Server handler 3 on 44749] INFO  node.SCMNodeManager (SCMNodeManager.java:register(268)) - Registered Data node : a9b2150e-77aa-4b60-aecd-1dd026cfa7cd{ip: 192.168.157.255, host: pr-hdds-1569-252f9-3696506840, networkLocation: /default-rack, certSerialId: null}
2019-10-21 03:34:03,210 [grpc-default-executor-0] INFO  impl.RaftServerProxy (RaftServerProxy.java:addNew(89)) - 2168b752-3a95-463d-8b76-275bc2ee8f53: addNew group-732DD1A1FADE:[2168b752-3a95-463d-8b76-275bc2ee8f53:192.168.157.255:38663] returns group-732DD1A1FADE:java.util.concurrent.CompletableFuture@54a5a01c[Not completed]
2019-10-21 03:34:03,219 [pool-27-thread-1] INFO  impl.RaftServerImpl (RaftServerImpl.java:<init>(95)) - 2168b752-3a95-463d-8b76-275bc2ee8f53: new RaftServerImpl for group-732DD1A1FADE:[2168b752-3a95-463d-8b76-275bc2ee8f53:192.168.157.255:38663] with ContainerStateMachine:uninitialized
2019-10-21 03:34:03,221 [pool-27-thread-1] INFO  server.RaftServerConfigKeys (ConfUtils.java:logGet(43)) - raft.server.rpc.timeout.min = 5s (custom)
2019-10-21 03:34:03,222 [pool-27-thread-1] INFO  server.RaftServerConfigKeys (ConfUtils.java:logGet(43)) - raft.server.rpc.timeout.max = 5200ms (custom)
2019-10-21 03:34:03,222 [pool-27-thread-1] INFO  server.RaftServerConfigKeys (ConfUtils.java:logGet(43)) - raft.server.rpcslowness.timeout = 1000s (custom)
2019-10-21 03:34:03,223 [pool-27-thread-1] INFO  server.RaftServerConfigKeys (ConfUtils.java:logGet(43)) - raft.server.sleep.deviation.threshold = 300 (default)
2019-10-21 03:34:03,223 [pool-27-thread-1] INFO  server.RaftServerConfigKeys (ConfUtils.java:logGet(43)) - raft.server.log.appender.install.snapshot.enabled = false (custom)
2019-10-21 03:34:03,229 [pool-27-thread-1] INFO  impl.RaftServerImpl (ServerState.java:<init>(103)) - 2168b752-3a95-463d-8b76-275bc2ee8f53@group-732DD1A1FADE: ConfigurationManager, init=-1: [2168b752-3a95-463d-8b76-275bc2ee8f53:192.168.157.255:38663], old=null, confs=<EMPTY_MAP>
2019-10-21 03:34:03,230 [pool-27-thread-1] INFO  server.RaftServerConfigKeys (ConfUtils.java:logGet(43)) - raft.server.storage.dir = [/workdir/hadoop-ozone/integration-test/target/test-dir/MiniOzoneClusterImpl-0d9ef5dc-8c83-4a95-80ca-c8ea87fb8f69/datanode-0/data/ratis] (custom)
2019-10-21 03:34:03,234 [pool-27-thread-1] INFO  server.RaftServerConfigKeys (ConfUtils.java:logGet(43)) - raft.server.log.corruption.policy = EXCEPTION (default)
2019-10-21 03:34:03,236 [pool-27-thread-1] INFO  storage.RaftStorageDirectory (RaftStorageDirectory.java:analyzeStorage(246)) - The storage directory /workdir/hadoop-ozone/integration-test/target/test-dir/MiniOzoneClusterImpl-0d9ef5dc-8c83-4a95-80ca-c8ea87fb8f69/datanode-0/data/ratis/6e75a739-a1a8-448c-899b-732dd1a1fade does not exist. Creating ...
2019-10-21 03:34:03,304 [pool-27-thread-1] INFO  storage.RaftStorageDirectory (RaftStorageDirectory.java:tryLock(328)) - Lock on /workdir/hadoop-ozone/integration-test/target/test-dir/MiniOzoneClusterImpl-0d9ef5dc-8c83-4a95-80ca-c8ea87fb8f69/datanode-0/data/ratis/6e75a739-a1a8-448c-899b-732dd1a1fade/in_use.lock acquired by nodename 14599@pr-hdds-1569-252f9-3696506840
2019-10-21 03:34:03,354 [pool-27-thread-1] INFO  storage.RaftStorage (RaftStorage.java:format(84)) - Storage directory /workdir/hadoop-ozone/integration-test/target/test-dir/MiniOzoneClusterImpl-0d9ef5dc-8c83-4a95-80ca-c8ea87fb8f69/datanode-0/data/ratis/6e75a739-a1a8-448c-899b-732dd1a1fade has been successfully formatted.
2019-10-21 03:34:03,357 [pool-27-thread-1] INFO  ratis.ContainerStateMachine (ContainerStateMachine.java:loadSnapshot(231)) - group-732DD1A1FADE: The snapshot info is null. Setting the last applied indexto:(t:0, i:~)
2019-10-21 03:34:03,358 [pool-27-thread-1] INFO  server.RaftServerConfigKeys (ConfUtils.java:logGet(43)) - raft.server.notification.no-leader.timeout = 1000s (custom)
2019-10-21 03:34:03,361 [pool-27-thread-1] INFO  server.RaftServerConfigKeys (ConfUtils.java:logGet(43)) - raft.server.log.use.memory = false (default)
2019-10-21 03:34:03,368 [pool-27-thread-1] INFO  server.RaftServerConfigKeys (ConfUtils.java:logGet(43)) - raft.server.log.purge.gap = 1000000 (custom)
2019-10-21 03:34:03,368 [pool-27-thread-1] INFO  server.RaftServerConfigKeys (ConfUtils.java:logGet(43)) - raft.server.log.appender.buffer.byte-limit = 33554432 (custom)
2019-10-21 03:34:03,371 [pool-27-thread-1] INFO  server.RaftServerConfigKeys (ConfUtils.java:logGet(43)) - raft.server.log.segment.size.max = 1048576 (custom)
2019-10-21 03:34:03,373 [pool-27-thread-1] INFO  impl.MetricsSystemImpl (MetricsSystemImpl.java:init(158)) - ratis metrics system started (again)
2019-10-21 03:34:03,378 [pool-27-thread-1] INFO  metrics.MetricRegistries (MetricRegistriesLoader.java:load(64)) - Loaded MetricRegistries class org.apache.ratis.metrics.impl.MetricRegistriesImpl
2019-10-21 03:34:03,417 [pool-27-thread-1] INFO  server.RaftServerConfigKeys (ConfUtils.java:logGet(43)) - raft.server.log.segment.cache.num.max = 2 (custom)
2019-10-21 03:34:03,421 [pool-27-thread-1] INFO  segmented.SegmentedRaftLogWorker (SegmentedRaftLogWorker.java:<init>(173)) - new 2168b752-3a95-463d-8b76-275bc2ee8f53@group-732DD1A1FADE-SegmentedRaftLogWorker for RaftStorage:Storage Directory /workdir/hadoop-ozone/integration-test/target/test-dir/MiniOzoneClusterImpl-0d9ef5dc-8c83-4a95-80ca-c8ea87fb8f69/datanode-0/data/ratis/6e75a739-a1a8-448c-899b-732dd1a1fade
2019-10-21 03:34:03,421 [pool-27-thread-1] INFO  server.RaftServerConfigKeys (ConfUtils.java:logGet(43)) - raft.server.log.queue.byte-limit = 2147483647 (custom)
2019-10-21 03:34:03,422 [pool-27-thread-1] INFO  server.RaftServerConfigKeys (ConfUtils.java:logGet(43)) - raft.server.log.queue.element-limit = 1024 (custom)
2019-10-21 03:34:03,423 [pool-27-thread-1] INFO  server.RaftServerConfigKeys (ConfUtils.java:logGet(43)) - raft.server.log.segment.size.max = 1048576 (custom)
2019-10-21 03:34:03,423 [pool-27-thread-1] INFO  server.RaftServerConfigKeys (ConfUtils.java:logGet(43)) - raft.server.log.preallocated.size = 16384 (custom)
2019-10-21 03:34:03,423 [pool-27-thread-1] INFO  server.RaftServerConfigKeys (ConfUtils.java:logGet(43)) - raft.server.log.write.buffer.size = 33554432 (custom)
2019-10-21 03:34:03,424 [pool-27-thread-1] INFO  server.RaftServerConfigKeys (ConfUtils.java:logGet(43)) - raft.server.log.force.sync.num = 128 (default)
2019-10-21 03:34:03,425 [pool-27-thread-1] INFO  server.RaftServerConfigKeys (ConfUtils.java:logGet(43)) - raft.server.log.statemachine.data.sync = true (default)
2019-10-21 03:34:03,425 [pool-27-thread-1] INFO  server.RaftServerConfigKeys (ConfUtils.java:logGet(43)) - raft.server.log.statemachine.data.sync.timeout = 10s (default)
2019-10-21 03:34:03,425 [pool-27-thread-1] INFO  server.RaftServerConfigKeys (ConfUtils.java:logGet(43)) - raft.server.log.statemachine.data.sync.timeout.retry = -1 (default)
2019-10-21 03:34:03,433 [pool-27-thread-1] INFO  server.RaftServerConfigKeys (ConfUtils.java:logGet(43)) - raft.server.log.statemachine.data.caching.enabled = true (custom)
2019-10-21 03:34:03,437 [pool-27-thread-1] INFO  segmented.SegmentedRaftLogWorker (SegmentedRaftLogWorker.java:lambda$new$0(128)) - 2168b752-3a95-463d-8b76-275bc2ee8f53@group-732DD1A1FADE-SegmentedRaftLogWorker: flushIndex: setUnconditionally 0 -> -1
2019-10-21 03:34:03,440 [pool-27-thread-1] INFO  server.RaftServerConfigKeys (ConfUtils.java:logGet(43)) - raft.server.snapshot.auto.trigger.enabled = true (custom)
2019-10-21 03:34:03,441 [pool-27-thread-1] INFO  server.RaftServerConfigKeys (ConfUtils.java:logGet(43)) - raft.server.snapshot.auto.trigger.threshold = 10000 (custom)
2019-10-21 03:34:03,442 [pool-27-thread-1] INFO  server.RaftServerConfigKeys (ConfUtils.java:logGet(43)) - raft.server.snapshot.retention.file.num = 5 (custom)
2019-10-21 03:34:03,442 [pool-27-thread-1] INFO  server.RaftServerConfigKeys (ConfUtils.java:logGet(43)) - raft.server.retrycache.expirytime = 600000ms (custom)
2019-10-21 03:34:03,462 [pool-27-thread-1] INFO  impl.RaftServerImpl (RaftServerImpl.java:start(181)) - 2168b752-3a95-463d-8b76-275bc2ee8f53@group-732DD1A1FADE: start as a follower, conf=-1: [2168b752-3a95-463d-8b76-275bc2ee8f53:192.168.157.255:38663], old=null
2019-10-21 03:34:03,463 [pool-27-thread-1] INFO  impl.RaftServerImpl (RaftServerImpl.java:setRole(170)) - 2168b752-3a95-463d-8b76-275bc2ee8f53@group-732DD1A1FADE: changes role from      null to FOLLOWER at term 0 for startAsFollower
2019-10-21 03:34:03,464 [pool-27-thread-1] INFO  impl.RoleInfo (RoleInfo.java:updateAndGet(143)) - 2168b752-3a95-463d-8b76-275bc2ee8f53: start FollowerState
2019-10-21 03:34:03,466 [pool-27-thread-1] INFO  util.JmxRegister (JmxRegister.java:tryRegister(44)) - Successfully registered JMX Bean with object name Ratis:service=RaftServer,group=group-732DD1A1FADE,id=2168b752-3a95-463d-8b76-275bc2ee8f53
2019-10-21 03:34:03,520 [RatisPipelineUtilsThread] INFO  pipeline.PipelineStateManager (PipelineStateManager.java:addPipeline(56)) - Created pipeline Pipeline[ Id: 6e75a739-a1a8-448c-899b-732dd1a1fade, Nodes: 2168b752-3a95-463d-8b76-275bc2ee8f53{ip: 192.168.157.255, host: pr-hdds-1569-252f9-3696506840, networkLocation: /default-rack, certSerialId: null}, Type:RATIS, Factor:ONE, State:OPEN]
2019-10-21 03:34:03,535 [grpc-default-executor-0] INFO  impl.RaftServerProxy (RaftServerProxy.java:addNew(89)) - 5862a0f6-345d-4ea3-acd6-80cac8e48241: addNew group-48BEDA079659:[5862a0f6-345d-4ea3-acd6-80cac8e48241:192.168.157.255:41729] returns group-48BEDA079659:java.util.concurrent.CompletableFuture@3d07c22c[Not completed]
2019-10-21 03:34:03,552 [pool-37-thread-1] INFO  impl.RaftServerImpl (RaftServerImpl.java:<init>(95)) - 5862a0f6-345d-4ea3-acd6-80cac8e48241: new RaftServerImpl for group-48BEDA079659:[5862a0f6-345d-4ea3-acd6-80cac8e48241:192.168.157.255:41729] with ContainerStateMachine:uninitialized
2019-10-21 03:34:03,553 [pool-37-thread-1] INFO  server.RaftServerConfigKeys (ConfUtils.java:logGet(43)) - raft.server.rpc.timeout.min = 5s (custom)
2019-10-21 03:34:03,554 [pool-37-thread-1] INFO  server.RaftServerConfigKeys (ConfUtils.java:logGet(43)) - raft.server.rpc.timeout.max = 5200ms (custom)
2019-10-21 03:34:03,554 [pool-37-thread-1] INFO  server.RaftServerConfigKeys (ConfUtils.java:logGet(43)) - raft.server.rpcslowness.timeout = 1000s (custom)
2019-10-21 03:34:03,554 [pool-37-thread-1] INFO  server.RaftServerConfigKeys (ConfUtils.java:logGet(43)) - raft.server.sleep.deviation.threshold = 300 (default)
2019-10-21 03:34:03,554 [pool-37-thread-1] INFO  server.RaftServerConfigKeys (ConfUtils.java:logGet(43)) - raft.server.log.appender.install.snapshot.enabled = false (custom)
2019-10-21 03:34:03,554 [pool-37-thread-1] INFO  impl.RaftServerImpl (ServerState.java:<init>(103)) - 5862a0f6-345d-4ea3-acd6-80cac8e48241@group-48BEDA079659: ConfigurationManager, init=-1: [5862a0f6-345d-4ea3-acd6-80cac8e48241:192.168.157.255:41729], old=null, confs=<EMPTY_MAP>
2019-10-21 03:34:03,555 [pool-37-thread-1] INFO  server.RaftServerConfigKeys (ConfUtils.java:logGet(43)) - raft.server.storage.dir = [/workdir/hadoop-ozone/integration-test/target/test-dir/MiniOzoneClusterImpl-0d9ef5dc-8c83-4a95-80ca-c8ea87fb8f69/datanode-1/data/ratis] (custom)
2019-10-21 03:34:03,555 [pool-37-thread-1] INFO  server.RaftServerConfigKeys (ConfUtils.java:logGet(43)) - raft.server.log.corruption.policy = EXCEPTION (default)
2019-10-21 03:34:03,556 [pool-37-thread-1] INFO  storage.RaftStorageDirectory (RaftStorageDirectory.java:analyzeStorage(246)) - The storage directory /workdir/hadoop-ozone/integration-test/target/test-dir/MiniOzoneClusterImpl-0d9ef5dc-8c83-4a95-80ca-c8ea87fb8f69/datanode-1/data/ratis/e9103821-1e72-4ca8-a7fa-48beda079659 does not exist. Creating ...
2019-10-21 03:34:03,619 [pool-37-thread-1] INFO  storage.RaftStorageDirectory (RaftStorageDirectory.java:tryLock(328)) - Lock on /workdir/hadoop-ozone/integration-test/target/test-dir/MiniOzoneClusterImpl-0d9ef5dc-8c83-4a95-80ca-c8ea87fb8f69/datanode-1/data/ratis/e9103821-1e72-4ca8-a7fa-48beda079659/in_use.lock acquired by nodename 14599@pr-hdds-1569-252f9-3696506840
2019-10-21 03:34:03,666 [pool-37-thread-1] INFO  storage.RaftStorage (RaftStorage.java:format(84)) - Storage directory /workdir/hadoop-ozone/integration-test/target/test-dir/MiniOzoneClusterImpl-0d9ef5dc-8c83-4a95-80ca-c8ea87fb8f69/datanode-1/data/ratis/e9103821-1e72-4ca8-a7fa-48beda079659 has been successfully formatted.
2019-10-21 03:34:03,668 [pool-37-thread-1] INFO  ratis.ContainerStateMachine (ContainerStateMachine.java:loadSnapshot(231)) - group-48BEDA079659: The snapshot info is null. Setting the last applied indexto:(t:0, i:~)
2019-10-21 03:34:03,669 [pool-37-thread-1] INFO  server.RaftServerConfigKeys (ConfUtils.java:logGet(43)) - raft.server.notification.no-leader.timeout = 1000s (custom)
2019-10-21 03:34:03,669 [pool-37-thread-1] INFO  server.RaftServerConfigKeys (ConfUtils.java:logGet(43)) - raft.server.log.use.memory = false (default)
2019-10-21 03:34:03,670 [pool-37-thread-1] INFO  server.RaftServerConfigKeys (ConfUtils.java:logGet(43)) - raft.server.log.purge.gap = 1000000 (custom)
2019-10-21 03:34:03,670 [pool-37-thread-1] INFO  server.RaftServerConfigKeys (ConfUtils.java:logGet(43)) - raft.server.log.appender.buffer.byte-limit = 33554432 (custom)
2019-10-21 03:34:03,670 [pool-37-thread-1] INFO  server.RaftServerConfigKeys (ConfUtils.java:logGet(43)) - raft.server.log.segment.size.max = 1048576 (custom)
2019-10-21 03:34:03,677 [pool-37-thread-1] INFO  server.RaftServerConfigKeys (ConfUtils.java:logGet(43)) - raft.server.log.segment.cache.num.max = 2 (custom)
2019-10-21 03:34:03,677 [pool-37-thread-1] INFO  segmented.SegmentedRaftLogWorker (SegmentedRaftLogWorker.java:<init>(173)) - new 5862a0f6-345d-4ea3-acd6-80cac8e48241@group-48BEDA079659-SegmentedRaftLogWorker for RaftStorage:Storage Directory /workdir/hadoop-ozone/integration-test/target/test-dir/MiniOzoneClusterImpl-0d9ef5dc-8c83-4a95-80ca-c8ea87fb8f69/datanode-1/data/ratis/e9103821-1e72-4ca8-a7fa-48beda079659
2019-10-21 03:34:03,678 [pool-37-thread-1] INFO  server.RaftServerConfigKeys (ConfUtils.java:logGet(43)) - raft.server.log.queue.byte-limit = 2147483647 (custom)
2019-10-21 03:34:03,678 [pool-37-thread-1] INFO  server.RaftServerConfigKeys (ConfUtils.java:logGet(43)) - raft.server.log.queue.element-limit = 1024 (custom)
2019-10-21 03:34:03,679 [pool-37-thread-1] INFO  server.RaftServerConfigKeys (ConfUtils.java:logGet(43)) - raft.server.log.segment.size.max = 1048576 (custom)
2019-10-21 03:34:03,679 [pool-37-thread-1] INFO  server.RaftServerConfigKeys (ConfUtils.java:logGet(43)) - raft.server.log.preallocated.size = 16384 (custom)
2019-10-21 03:34:03,679 [pool-37-thread-1] INFO  server.RaftServerConfigKeys (ConfUtils.java:logGet(43)) - raft.server.log.write.buffer.size = 33554432 (custom)
2019-10-21 03:34:03,679 [pool-37-thread-1] INFO  server.RaftServerConfigKeys (ConfUtils.java:logGet(43)) - raft.server.log.force.sync.num = 128 (default)
2019-10-21 03:34:03,679 [pool-37-thread-1] INFO  server.RaftServerConfigKeys (ConfUtils.java:logGet(43)) - raft.server.log.statemachine.data.sync = true (default)
2019-10-21 03:34:03,680 [pool-37-thread-1] INFO  server.RaftServerConfigKeys (ConfUtils.java:logGet(43)) - raft.server.log.statemachine.data.sync.timeout = 10s (default)
2019-10-21 03:34:03,680 [pool-37-thread-1] INFO  server.RaftServerConfigKeys (ConfUtils.java:logGet(43)) - raft.server.log.statemachine.data.sync.timeout.retry = -1 (default)
2019-10-21 03:34:03,681 [pool-37-thread-1] INFO  server.RaftServerConfigKeys (ConfUtils.java:logGet(43)) - raft.server.log.statemachine.data.caching.enabled = true (custom)
2019-10-21 03:34:03,681 [pool-37-thread-1] INFO  segmented.SegmentedRaftLogWorker (SegmentedRaftLogWorker.java:lambda$new$0(128)) - 5862a0f6-345d-4ea3-acd6-80cac8e48241@group-48BEDA079659-SegmentedRaftLogWorker: flushIndex: setUnconditionally 0 -> -1
2019-10-21 03:34:03,682 [pool-37-thread-1] INFO  server.RaftServerConfigKeys (ConfUtils.java:logGet(43)) - raft.server.snapshot.auto.trigger.enabled = true (custom)
2019-10-21 03:34:03,682 [pool-37-thread-1] INFO  server.RaftServerConfigKeys (ConfUtils.java:logGet(43)) - raft.server.snapshot.auto.trigger.threshold = 10000 (custom)
2019-10-21 03:34:03,682 [pool-37-thread-1] INFO  server.RaftServerConfigKeys (ConfUtils.java:logGet(43)) - raft.server.snapshot.retention.file.num = 5 (custom)
2019-10-21 03:34:03,682 [pool-37-thread-1] INFO  server.RaftServerConfigKeys (ConfUtils.java:logGet(43)) - raft.server.retrycache.expirytime = 600000ms (custom)
2019-10-21 03:34:03,688 [pool-37-thread-1] INFO  impl.RaftServerImpl (RaftServerImpl.java:start(181)) - 5862a0f6-345d-4ea3-acd6-80cac8e48241@group-48BEDA079659: start as a follower, conf=-1: [5862a0f6-345d-4ea3-acd6-80cac8e48241:192.168.157.255:41729], old=null
2019-10-21 03:34:03,688 [pool-37-thread-1] INFO  impl.RaftServerImpl (RaftServerImpl.java:setRole(170)) - 5862a0f6-345d-4ea3-acd6-80cac8e48241@group-48BEDA079659: changes role from      null to FOLLOWER at term 0 for startAsFollower
2019-10-21 03:34:03,688 [pool-37-thread-1] INFO  impl.RoleInfo (RoleInfo.java:updateAndGet(143)) - 5862a0f6-345d-4ea3-acd6-80cac8e48241: start FollowerState
2019-10-21 03:34:03,689 [pool-37-thread-1] INFO  util.JmxRegister (JmxRegister.java:tryRegister(44)) - Successfully registered JMX Bean with object name Ratis:service=RaftServer,group=group-48BEDA079659,id=5862a0f6-345d-4ea3-acd6-80cac8e48241
2019-10-21 03:34:03,705 [RatisPipelineUtilsThread] INFO  pipeline.PipelineStateManager (PipelineStateManager.java:addPipeline(56)) - Created pipeline Pipeline[ Id: e9103821-1e72-4ca8-a7fa-48beda079659, Nodes: 5862a0f6-345d-4ea3-acd6-80cac8e48241{ip: 192.168.157.255, host: pr-hdds-1569-252f9-3696506840, networkLocation: /default-rack, certSerialId: null}, Type:RATIS, Factor:ONE, State:OPEN]
2019-10-21 03:34:03,723 [grpc-default-executor-0] INFO  impl.RaftServerProxy (RaftServerProxy.java:addNew(89)) - a9b2150e-77aa-4b60-aecd-1dd026cfa7cd: addNew group-9B7DDFDEA54A:[a9b2150e-77aa-4b60-aecd-1dd026cfa7cd:192.168.157.255:42907] returns group-9B7DDFDEA54A:java.util.concurrent.CompletableFuture@34dee5ee[Not completed]
2019-10-21 03:34:03,734 [pool-47-thread-1] INFO  impl.RaftServerImpl (RaftServerImpl.java:<init>(95)) - a9b2150e-77aa-4b60-aecd-1dd026cfa7cd: new RaftServerImpl for group-9B7DDFDEA54A:[a9b2150e-77aa-4b60-aecd-1dd026cfa7cd:192.168.157.255:42907] with ContainerStateMachine:uninitialized
2019-10-21 03:34:03,734 [pool-47-thread-1] INFO  server.RaftServerConfigKeys (ConfUtils.java:logGet(43)) - raft.server.rpc.timeout.min = 5s (custom)
2019-10-21 03:34:03,735 [pool-47-thread-1] INFO  server.RaftServerConfigKeys (ConfUtils.java:logGet(43)) - raft.server.rpc.timeout.max = 5200ms (custom)
2019-10-21 03:34:03,735 [pool-47-thread-1] INFO  server.RaftServerConfigKeys (ConfUtils.java:logGet(43)) - raft.server.rpcslowness.timeout = 1000s (custom)
2019-10-21 03:34:03,735 [pool-47-thread-1] INFO  server.RaftServerConfigKeys (ConfUtils.java:logGet(43)) - raft.server.sleep.deviation.threshold = 300 (default)
2019-10-21 03:34:03,735 [pool-47-thread-1] INFO  server.RaftServerConfigKeys (ConfUtils.java:logGet(43)) - raft.server.log.appender.install.snapshot.enabled = false (custom)
2019-10-21 03:34:03,735 [pool-47-thread-1] INFO  impl.RaftServerImpl (ServerState.java:<init>(103)) - a9b2150e-77aa-4b60-aecd-1dd026cfa7cd@group-9B7DDFDEA54A: ConfigurationManager, init=-1: [a9b2150e-77aa-4b60-aecd-1dd026cfa7cd:192.168.157.255:42907], old=null, confs=<EMPTY_MAP>
2019-10-21 03:34:03,736 [pool-47-thread-1] INFO  server.RaftServerConfigKeys (ConfUtils.java:logGet(43)) - raft.server.storage.dir = [/workdir/hadoop-ozone/integration-test/target/test-dir/MiniOzoneClusterImpl-0d9ef5dc-8c83-4a95-80ca-c8ea87fb8f69/datanode-2/data/ratis] (custom)
2019-10-21 03:34:03,736 [pool-47-thread-1] INFO  server.RaftServerConfigKeys (ConfUtils.java:logGet(43)) - raft.server.log.corruption.policy = EXCEPTION (default)
2019-10-21 03:34:03,736 [pool-47-thread-1] INFO  storage.RaftStorageDirectory (RaftStorageDirectory.java:analyzeStorage(246)) - The storage directory /workdir/hadoop-ozone/integration-test/target/test-dir/MiniOzoneClusterImpl-0d9ef5dc-8c83-4a95-80ca-c8ea87fb8f69/datanode-2/data/ratis/c3f08246-b921-442b-9e48-9b7ddfdea54a does not exist. Creating ...
2019-10-21 03:34:03,782 [pool-47-thread-1] INFO  storage.RaftStorageDirectory (RaftStorageDirectory.java:tryLock(328)) - Lock on /workdir/hadoop-ozone/integration-test/target/test-dir/MiniOzoneClusterImpl-0d9ef5dc-8c83-4a95-80ca-c8ea87fb8f69/datanode-2/data/ratis/c3f08246-b921-442b-9e48-9b7ddfdea54a/in_use.lock acquired by nodename 14599@pr-hdds-1569-252f9-3696506840
2019-10-21 03:34:03,796 [main] INFO  ozone.MiniOzoneClusterImpl (MiniOzoneClusterImpl.java:lambda$waitForClusterToBeReady$0(147)) - Cluster is ready. Got 3 of 3 DN Heartbeats.
2019-10-21 03:34:03,844 [pool-47-thread-1] INFO  storage.RaftStorage (RaftStorage.java:format(84)) - Storage directory /workdir/hadoop-ozone/integration-test/target/test-dir/MiniOzoneClusterImpl-0d9ef5dc-8c83-4a95-80ca-c8ea87fb8f69/datanode-2/data/ratis/c3f08246-b921-442b-9e48-9b7ddfdea54a has been successfully formatted.
2019-10-21 03:34:03,845 [pool-47-thread-1] INFO  ratis.ContainerStateMachine (ContainerStateMachine.java:loadSnapshot(231)) - group-9B7DDFDEA54A: The snapshot info is null. Setting the last applied indexto:(t:0, i:~)
2019-10-21 03:34:03,845 [pool-47-thread-1] INFO  server.RaftServerConfigKeys (ConfUtils.java:logGet(43)) - raft.server.notification.no-leader.timeout = 1000s (custom)
2019-10-21 03:34:03,845 [pool-47-thread-1] INFO  server.RaftServerConfigKeys (ConfUtils.java:logGet(43)) - raft.server.log.use.memory = false (default)
2019-10-21 03:34:03,845 [pool-47-thread-1] INFO  server.RaftServerConfigKeys (ConfUtils.java:logGet(43)) - raft.server.log.purge.gap = 1000000 (custom)
2019-10-21 03:34:03,846 [pool-47-thread-1] INFO  server.RaftServerConfigKeys (ConfUtils.java:logGet(43)) - raft.server.log.appender.buffer.byte-limit = 33554432 (custom)
2019-10-21 03:34:03,846 [pool-47-thread-1] INFO  server.RaftServerConfigKeys (ConfUtils.java:logGet(43)) - raft.server.log.segment.size.max = 1048576 (custom)
2019-10-21 03:34:03,865 [pool-47-thread-1] INFO  server.RaftServerConfigKeys (ConfUtils.java:logGet(43)) - raft.server.log.segment.cache.num.max = 2 (custom)
2019-10-21 03:34:03,865 [pool-47-thread-1] INFO  segmented.SegmentedRaftLogWorker (SegmentedRaftLogWorker.java:<init>(173)) - new a9b2150e-77aa-4b60-aecd-1dd026cfa7cd@group-9B7DDFDEA54A-SegmentedRaftLogWorker for RaftStorage:Storage Directory /workdir/hadoop-ozone/integration-test/target/test-dir/MiniOzoneClusterImpl-0d9ef5dc-8c83-4a95-80ca-c8ea87fb8f69/datanode-2/data/ratis/c3f08246-b921-442b-9e48-9b7ddfdea54a
2019-10-21 03:34:03,865 [pool-47-thread-1] INFO  server.RaftServerConfigKeys (ConfUtils.java:logGet(43)) - raft.server.log.queue.byte-limit = 2147483647 (custom)
2019-10-21 03:34:03,865 [pool-47-thread-1] INFO  server.RaftServerConfigKeys (ConfUtils.java:logGet(43)) - raft.server.log.queue.element-limit = 1024 (custom)
2019-10-21 03:34:03,866 [pool-47-thread-1] INFO  server.RaftServerConfigKeys (ConfUtils.java:logGet(43)) - raft.server.log.segment.size.max = 1048576 (custom)
2019-10-21 03:34:03,866 [pool-47-thread-1] INFO  server.RaftServerConfigKeys (ConfUtils.java:logGet(43)) - raft.server.log.preallocated.size = 16384 (custom)
2019-10-21 03:34:03,866 [pool-47-thread-1] INFO  server.RaftServerConfigKeys (ConfUtils.java:logGet(43)) - raft.server.log.write.buffer.size = 33554432 (custom)
2019-10-21 03:34:03,866 [pool-47-thread-1] INFO  server.RaftServerConfigKeys (ConfUtils.java:logGet(43)) - raft.server.log.force.sync.num = 128 (default)
2019-10-21 03:34:03,866 [pool-47-thread-1] INFO  server.RaftServerConfigKeys (ConfUtils.java:logGet(43)) - raft.server.log.statemachine.data.sync = true (default)
2019-10-21 03:34:03,867 [pool-47-thread-1] INFO  server.RaftServerConfigKeys (ConfUtils.java:logGet(43)) - raft.server.log.statemachine.data.sync.timeout = 10s (default)
2019-10-21 03:34:03,867 [pool-47-thread-1] INFO  server.RaftServerConfigKeys (ConfUtils.java:logGet(43)) - raft.server.log.statemachine.data.sync.timeout.retry = -1 (default)
2019-10-21 03:34:03,868 [pool-47-thread-1] INFO  server.RaftServerConfigKeys (ConfUtils.java:logGet(43)) - raft.server.log.statemachine.data.caching.enabled = true (custom)
2019-10-21 03:34:03,868 [pool-47-thread-1] INFO  segmented.SegmentedRaftLogWorker (SegmentedRaftLogWorker.java:lambda$new$0(128)) - a9b2150e-77aa-4b60-aecd-1dd026cfa7cd@group-9B7DDFDEA54A-SegmentedRaftLogWorker: flushIndex: setUnconditionally 0 -> -1
2019-10-21 03:34:03,869 [pool-47-thread-1] INFO  server.RaftServerConfigKeys (ConfUtils.java:logGet(43)) - raft.server.snapshot.auto.trigger.enabled = true (custom)
2019-10-21 03:34:03,869 [pool-47-thread-1] INFO  server.RaftServerConfigKeys (ConfUtils.java:logGet(43)) - raft.server.snapshot.auto.trigger.threshold = 10000 (custom)
2019-10-21 03:34:03,869 [pool-47-thread-1] INFO  server.RaftServerConfigKeys (ConfUtils.java:logGet(43)) - raft.server.snapshot.retention.file.num = 5 (custom)
2019-10-21 03:34:03,869 [pool-47-thread-1] INFO  server.RaftServerConfigKeys (ConfUtils.java:logGet(43)) - raft.server.retrycache.expirytime = 600000ms (custom)
2019-10-21 03:34:03,874 [pool-47-thread-1] INFO  impl.RaftServerImpl (RaftServerImpl.java:start(181)) - a9b2150e-77aa-4b60-aecd-1dd026cfa7cd@group-9B7DDFDEA54A: start as a follower, conf=-1: [a9b2150e-77aa-4b60-aecd-1dd026cfa7cd:192.168.157.255:42907], old=null
2019-10-21 03:34:03,874 [pool-47-thread-1] INFO  impl.RaftServerImpl (RaftServerImpl.java:setRole(170)) - a9b2150e-77aa-4b60-aecd-1dd026cfa7cd@group-9B7DDFDEA54A: changes role from      null to FOLLOWER at term 0 for startAsFollower
2019-10-21 03:34:03,875 [pool-47-thread-1] INFO  impl.RoleInfo (RoleInfo.java:updateAndGet(143)) - a9b2150e-77aa-4b60-aecd-1dd026cfa7cd: start FollowerState
2019-10-21 03:34:03,875 [pool-47-thread-1] INFO  util.JmxRegister (JmxRegister.java:tryRegister(44)) - Successfully registered JMX Bean with object name Ratis:service=RaftServer,group=group-9B7DDFDEA54A,id=a9b2150e-77aa-4b60-aecd-1dd026cfa7cd
2019-10-21 03:34:03,893 [RatisPipelineUtilsThread] INFO  pipeline.PipelineStateManager (PipelineStateManager.java:addPipeline(56)) - Created pipeline Pipeline[ Id: c3f08246-b921-442b-9e48-9b7ddfdea54a, Nodes: a9b2150e-77aa-4b60-aecd-1dd026cfa7cd{ip: 192.168.157.255, host: pr-hdds-1569-252f9-3696506840, networkLocation: /default-rack, certSerialId: null}, Type:RATIS, Factor:ONE, State:OPEN]
2019-10-21 03:34:03,895 [RatisPipelineUtilsThread] ERROR pipeline.SCMPipelineManager (SCMPipelineManager.java:createPipeline(205)) - Pipeline creation failed.
org.apache.hadoop.hdds.scm.exceptions.SCMException: Cannot create pipeline of factor 1 using 0 nodes. Used 3 nodes. Healthy nodes 3
	at org.apache.hadoop.hdds.scm.pipeline.RatisPipelineProvider.pickNodesNeverUsed(RatisPipelineProvider.java:120)
	at org.apache.hadoop.hdds.scm.pipeline.RatisPipelineProvider.create(RatisPipelineProvider.java:132)
	at org.apache.hadoop.hdds.scm.pipeline.PipelineFactory.create(PipelineFactory.java:58)
	at org.apache.hadoop.hdds.scm.pipeline.SCMPipelineManager.createPipeline(SCMPipelineManager.java:195)
	at org.apache.hadoop.hdds.scm.pipeline.BackgroundPipelineCreator.createPipelines(BackgroundPipelineCreator.java:100)
	at java.util.concurrent.Executors$RunnableAdapter.call(Executors.java:511)
	at java.util.concurrent.FutureTask.run(FutureTask.java:266)
	at java.util.concurrent.ScheduledThreadPoolExecutor$ScheduledFutureTask.access$201(ScheduledThreadPoolExecutor.java:180)
	at java.util.concurrent.ScheduledThreadPoolExecutor$ScheduledFutureTask.run(ScheduledThreadPoolExecutor.java:293)
	at java.util.concurrent.ThreadPoolExecutor.runWorker(ThreadPoolExecutor.java:1149)
	at java.util.concurrent.ThreadPoolExecutor$Worker.run(ThreadPoolExecutor.java:624)
	at java.lang.Thread.run(Thread.java:748)
2019-10-21 03:34:03,933 [grpc-default-executor-1] INFO  impl.RaftServerProxy (RaftServerProxy.java:addNew(89)) - a9b2150e-77aa-4b60-aecd-1dd026cfa7cd: addNew group-AB7035F2E872:[2168b752-3a95-463d-8b76-275bc2ee8f53:192.168.157.255:38663, a9b2150e-77aa-4b60-aecd-1dd026cfa7cd:192.168.157.255:42907, 5862a0f6-345d-4ea3-acd6-80cac8e48241:192.168.157.255:41729] returns group-AB7035F2E872:java.util.concurrent.CompletableFuture@655d8f5d[Not completed]
2019-10-21 03:34:03,933 [grpc-default-executor-2] INFO  impl.RaftServerProxy (RaftServerProxy.java:addNew(89)) - 5862a0f6-345d-4ea3-acd6-80cac8e48241: addNew group-AB7035F2E872:[2168b752-3a95-463d-8b76-275bc2ee8f53:192.168.157.255:38663, a9b2150e-77aa-4b60-aecd-1dd026cfa7cd:192.168.157.255:42907, 5862a0f6-345d-4ea3-acd6-80cac8e48241:192.168.157.255:41729] returns group-AB7035F2E872:java.util.concurrent.CompletableFuture@397786ff[Not completed]
2019-10-21 03:34:03,933 [grpc-default-executor-0] INFO  impl.RaftServerProxy (RaftServerProxy.java:addNew(89)) - 2168b752-3a95-463d-8b76-275bc2ee8f53: addNew group-AB7035F2E872:[2168b752-3a95-463d-8b76-275bc2ee8f53:192.168.157.255:38663, a9b2150e-77aa-4b60-aecd-1dd026cfa7cd:192.168.157.255:42907, 5862a0f6-345d-4ea3-acd6-80cac8e48241:192.168.157.255:41729] returns group-AB7035F2E872:java.util.concurrent.CompletableFuture@2e8a00bf[Not completed]
2019-10-21 03:34:03,938 [pool-37-thread-1] INFO  impl.RaftServerImpl (RaftServerImpl.java:<init>(95)) - 5862a0f6-345d-4ea3-acd6-80cac8e48241: new RaftServerImpl for group-AB7035F2E872:[2168b752-3a95-463d-8b76-275bc2ee8f53:192.168.157.255:38663, a9b2150e-77aa-4b60-aecd-1dd026cfa7cd:192.168.157.255:42907, 5862a0f6-345d-4ea3-acd6-80cac8e48241:192.168.157.255:41729] with ContainerStateMachine:uninitialized
2019-10-21 03:34:03,938 [pool-37-thread-1] INFO  server.RaftServerConfigKeys (ConfUtils.java:logGet(43)) - raft.server.rpc.timeout.min = 5s (custom)
2019-10-21 03:34:03,939 [pool-37-thread-1] INFO  server.RaftServerConfigKeys (ConfUtils.java:logGet(43)) - raft.server.rpc.timeout.max = 5200ms (custom)
2019-10-21 03:34:03,939 [pool-37-thread-1] INFO  server.RaftServerConfigKeys (ConfUtils.java:logGet(43)) - raft.server.rpcslowness.timeout = 1000s (custom)
2019-10-21 03:34:03,939 [pool-37-thread-1] INFO  server.RaftServerConfigKeys (ConfUtils.java:logGet(43)) - raft.server.sleep.deviation.threshold = 300 (default)
2019-10-21 03:34:03,939 [pool-37-thread-1] INFO  server.RaftServerConfigKeys (ConfUtils.java:logGet(43)) - raft.server.log.appender.install.snapshot.enabled = false (custom)
2019-10-21 03:34:03,939 [pool-37-thread-1] INFO  impl.RaftServerImpl (ServerState.java:<init>(103)) - 5862a0f6-345d-4ea3-acd6-80cac8e48241@group-AB7035F2E872: ConfigurationManager, init=-1: [2168b752-3a95-463d-8b76-275bc2ee8f53:192.168.157.255:38663, a9b2150e-77aa-4b60-aecd-1dd026cfa7cd:192.168.157.255:42907, 5862a0f6-345d-4ea3-acd6-80cac8e48241:192.168.157.255:41729], old=null, confs=<EMPTY_MAP>
2019-10-21 03:34:03,939 [pool-37-thread-1] INFO  server.RaftServerConfigKeys (ConfUtils.java:logGet(43)) - raft.server.storage.dir = [/workdir/hadoop-ozone/integration-test/target/test-dir/MiniOzoneClusterImpl-0d9ef5dc-8c83-4a95-80ca-c8ea87fb8f69/datanode-1/data/ratis] (custom)
2019-10-21 03:34:03,940 [pool-37-thread-1] INFO  server.RaftServerConfigKeys (ConfUtils.java:logGet(43)) - raft.server.log.corruption.policy = EXCEPTION (default)
2019-10-21 03:34:03,940 [pool-47-thread-1] INFO  impl.RaftServerImpl (RaftServerImpl.java:<init>(95)) - a9b2150e-77aa-4b60-aecd-1dd026cfa7cd: new RaftServerImpl for group-AB7035F2E872:[2168b752-3a95-463d-8b76-275bc2ee8f53:192.168.157.255:38663, a9b2150e-77aa-4b60-aecd-1dd026cfa7cd:192.168.157.255:42907, 5862a0f6-345d-4ea3-acd6-80cac8e48241:192.168.157.255:41729] with ContainerStateMachine:uninitialized
2019-10-21 03:34:03,940 [pool-37-thread-1] INFO  storage.RaftStorageDirectory (RaftStorageDirectory.java:analyzeStorage(246)) - The storage directory /workdir/hadoop-ozone/integration-test/target/test-dir/MiniOzoneClusterImpl-0d9ef5dc-8c83-4a95-80ca-c8ea87fb8f69/datanode-1/data/ratis/9e54459d-8e2c-41cf-8351-ab7035f2e872 does not exist. Creating ...
2019-10-21 03:34:03,940 [pool-47-thread-1] INFO  server.RaftServerConfigKeys (ConfUtils.java:logGet(43)) - raft.server.rpc.timeout.min = 5s (custom)
2019-10-21 03:34:03,940 [pool-47-thread-1] INFO  server.RaftServerConfigKeys (ConfUtils.java:logGet(43)) - raft.server.rpc.timeout.max = 5200ms (custom)
2019-10-21 03:34:03,941 [pool-47-thread-1] INFO  server.RaftServerConfigKeys (ConfUtils.java:logGet(43)) - raft.server.rpcslowness.timeout = 1000s (custom)
2019-10-21 03:34:03,941 [pool-27-thread-1] INFO  impl.RaftServerImpl (RaftServerImpl.java:<init>(95)) - 2168b752-3a95-463d-8b76-275bc2ee8f53: new RaftServerImpl for group-AB7035F2E872:[2168b752-3a95-463d-8b76-275bc2ee8f53:192.168.157.255:38663, a9b2150e-77aa-4b60-aecd-1dd026cfa7cd:192.168.157.255:42907, 5862a0f6-345d-4ea3-acd6-80cac8e48241:192.168.157.255:41729] with ContainerStateMachine:uninitialized
2019-10-21 03:34:03,941 [pool-47-thread-1] INFO  server.RaftServerConfigKeys (ConfUtils.java:logGet(43)) - raft.server.sleep.deviation.threshold = 300 (default)
2019-10-21 03:34:03,941 [pool-27-thread-1] INFO  server.RaftServerConfigKeys (ConfUtils.java:logGet(43)) - raft.server.rpc.timeout.min = 5s (custom)
2019-10-21 03:34:03,941 [pool-47-thread-1] INFO  server.RaftServerConfigKeys (ConfUtils.java:logGet(43)) - raft.server.log.appender.install.snapshot.enabled = false (custom)
2019-10-21 03:34:03,941 [pool-27-thread-1] INFO  server.RaftServerConfigKeys (ConfUtils.java:logGet(43)) - raft.server.rpc.timeout.max = 5200ms (custom)
2019-10-21 03:34:03,941 [pool-47-thread-1] INFO  impl.RaftServerImpl (ServerState.java:<init>(103)) - a9b2150e-77aa-4b60-aecd-1dd026cfa7cd@group-AB7035F2E872: ConfigurationManager, init=-1: [2168b752-3a95-463d-8b76-275bc2ee8f53:192.168.157.255:38663, a9b2150e-77aa-4b60-aecd-1dd026cfa7cd:192.168.157.255:42907, 5862a0f6-345d-4ea3-acd6-80cac8e48241:192.168.157.255:41729], old=null, confs=<EMPTY_MAP>
2019-10-21 03:34:03,941 [pool-27-thread-1] INFO  server.RaftServerConfigKeys (ConfUtils.java:logGet(43)) - raft.server.rpcslowness.timeout = 1000s (custom)
2019-10-21 03:34:03,942 [pool-27-thread-1] INFO  server.RaftServerConfigKeys (ConfUtils.java:logGet(43)) - raft.server.sleep.deviation.threshold = 300 (default)
2019-10-21 03:34:03,942 [pool-47-thread-1] INFO  server.RaftServerConfigKeys (ConfUtils.java:logGet(43)) - raft.server.storage.dir = [/workdir/hadoop-ozone/integration-test/target/test-dir/MiniOzoneClusterImpl-0d9ef5dc-8c83-4a95-80ca-c8ea87fb8f69/datanode-2/data/ratis] (custom)
2019-10-21 03:34:03,942 [pool-27-thread-1] INFO  server.RaftServerConfigKeys (ConfUtils.java:logGet(43)) - raft.server.log.appender.install.snapshot.enabled = false (custom)
2019-10-21 03:34:03,942 [pool-27-thread-1] INFO  impl.RaftServerImpl (ServerState.java:<init>(103)) - 2168b752-3a95-463d-8b76-275bc2ee8f53@group-AB7035F2E872: ConfigurationManager, init=-1: [2168b752-3a95-463d-8b76-275bc2ee8f53:192.168.157.255:38663, a9b2150e-77aa-4b60-aecd-1dd026cfa7cd:192.168.157.255:42907, 5862a0f6-345d-4ea3-acd6-80cac8e48241:192.168.157.255:41729], old=null, confs=<EMPTY_MAP>
2019-10-21 03:34:03,942 [pool-47-thread-1] INFO  server.RaftServerConfigKeys (ConfUtils.java:logGet(43)) - raft.server.log.corruption.policy = EXCEPTION (default)
2019-10-21 03:34:03,942 [pool-27-thread-1] INFO  server.RaftServerConfigKeys (ConfUtils.java:logGet(43)) - raft.server.storage.dir = [/workdir/hadoop-ozone/integration-test/target/test-dir/MiniOzoneClusterImpl-0d9ef5dc-8c83-4a95-80ca-c8ea87fb8f69/datanode-0/data/ratis] (custom)
2019-10-21 03:34:03,942 [pool-47-thread-1] INFO  storage.RaftStorageDirectory (RaftStorageDirectory.java:analyzeStorage(246)) - The storage directory /workdir/hadoop-ozone/integration-test/target/test-dir/MiniOzoneClusterImpl-0d9ef5dc-8c83-4a95-80ca-c8ea87fb8f69/datanode-2/data/ratis/9e54459d-8e2c-41cf-8351-ab7035f2e872 does not exist. Creating ...
2019-10-21 03:34:03,942 [pool-27-thread-1] INFO  server.RaftServerConfigKeys (ConfUtils.java:logGet(43)) - raft.server.log.corruption.policy = EXCEPTION (default)
2019-10-21 03:34:03,943 [pool-27-thread-1] INFO  storage.RaftStorageDirectory (RaftStorageDirectory.java:analyzeStorage(246)) - The storage directory /workdir/hadoop-ozone/integration-test/target/test-dir/MiniOzoneClusterImpl-0d9ef5dc-8c83-4a95-80ca-c8ea87fb8f69/datanode-0/data/ratis/9e54459d-8e2c-41cf-8351-ab7035f2e872 does not exist. Creating ...
2019-10-21 03:34:03,977 [pool-37-thread-1] INFO  storage.RaftStorageDirectory (RaftStorageDirectory.java:tryLock(328)) - Lock on /workdir/hadoop-ozone/integration-test/target/test-dir/MiniOzoneClusterImpl-0d9ef5dc-8c83-4a95-80ca-c8ea87fb8f69/datanode-1/data/ratis/9e54459d-8e2c-41cf-8351-ab7035f2e872/in_use.lock acquired by nodename 14599@pr-hdds-1569-252f9-3696506840
2019-10-21 03:34:03,977 [pool-47-thread-1] INFO  storage.RaftStorageDirectory (RaftStorageDirectory.java:tryLock(328)) - Lock on /workdir/hadoop-ozone/integration-test/target/test-dir/MiniOzoneClusterImpl-0d9ef5dc-8c83-4a95-80ca-c8ea87fb8f69/datanode-2/data/ratis/9e54459d-8e2c-41cf-8351-ab7035f2e872/in_use.lock acquired by nodename 14599@pr-hdds-1569-252f9-3696506840
2019-10-21 03:34:03,977 [pool-27-thread-1] INFO  storage.RaftStorageDirectory (RaftStorageDirectory.java:tryLock(328)) - Lock on /workdir/hadoop-ozone/integration-test/target/test-dir/MiniOzoneClusterImpl-0d9ef5dc-8c83-4a95-80ca-c8ea87fb8f69/datanode-0/data/ratis/9e54459d-8e2c-41cf-8351-ab7035f2e872/in_use.lock acquired by nodename 14599@pr-hdds-1569-252f9-3696506840
2019-10-21 03:34:04,014 [pool-37-thread-1] INFO  storage.RaftStorage (RaftStorage.java:format(84)) - Storage directory /workdir/hadoop-ozone/integration-test/target/test-dir/MiniOzoneClusterImpl-0d9ef5dc-8c83-4a95-80ca-c8ea87fb8f69/datanode-1/data/ratis/9e54459d-8e2c-41cf-8351-ab7035f2e872 has been successfully formatted.
2019-10-21 03:34:04,014 [pool-47-thread-1] INFO  storage.RaftStorage (RaftStorage.java:format(84)) - Storage directory /workdir/hadoop-ozone/integration-test/target/test-dir/MiniOzoneClusterImpl-0d9ef5dc-8c83-4a95-80ca-c8ea87fb8f69/datanode-2/data/ratis/9e54459d-8e2c-41cf-8351-ab7035f2e872 has been successfully formatted.
2019-10-21 03:34:04,014 [pool-27-thread-1] INFO  storage.RaftStorage (RaftStorage.java:format(84)) - Storage directory /workdir/hadoop-ozone/integration-test/target/test-dir/MiniOzoneClusterImpl-0d9ef5dc-8c83-4a95-80ca-c8ea87fb8f69/datanode-0/data/ratis/9e54459d-8e2c-41cf-8351-ab7035f2e872 has been successfully formatted.
2019-10-21 03:34:04,015 [pool-37-thread-1] INFO  ratis.ContainerStateMachine (ContainerStateMachine.java:loadSnapshot(231)) - group-AB7035F2E872: The snapshot info is null. Setting the last applied indexto:(t:0, i:~)
2019-10-21 03:34:04,015 [pool-47-thread-1] INFO  ratis.ContainerStateMachine (ContainerStateMachine.java:loadSnapshot(231)) - group-AB7035F2E872: The snapshot info is null. Setting the last applied indexto:(t:0, i:~)
2019-10-21 03:34:04,015 [pool-37-thread-1] INFO  server.RaftServerConfigKeys (ConfUtils.java:logGet(43)) - raft.server.notification.no-leader.timeout = 1000s (custom)
2019-10-21 03:34:04,015 [pool-27-thread-1] INFO  ratis.ContainerStateMachine (ContainerStateMachine.java:loadSnapshot(231)) - group-AB7035F2E872: The snapshot info is null. Setting the last applied indexto:(t:0, i:~)
2019-10-21 03:34:04,015 [pool-37-thread-1] INFO  server.RaftServerConfigKeys (ConfUtils.java:logGet(43)) - raft.server.log.use.memory = false (default)
2019-10-21 03:34:04,015 [pool-47-thread-1] INFO  server.RaftServerConfigKeys (ConfUtils.java:logGet(43)) - raft.server.notification.no-leader.timeout = 1000s (custom)
2019-10-21 03:34:04,015 [pool-37-thread-1] INFO  server.RaftServerConfigKeys (ConfUtils.java:logGet(43)) - raft.server.log.purge.gap = 1000000 (custom)
2019-10-21 03:34:04,015 [pool-27-thread-1] INFO  server.RaftServerConfigKeys (ConfUtils.java:logGet(43)) - raft.server.notification.no-leader.timeout = 1000s (custom)
2019-10-21 03:34:04,016 [pool-37-thread-1] INFO  server.RaftServerConfigKeys (ConfUtils.java:logGet(43)) - raft.server.log.appender.buffer.byte-limit = 33554432 (custom)
2019-10-21 03:34:04,016 [pool-47-thread-1] INFO  server.RaftServerConfigKeys (ConfUtils.java:logGet(43)) - raft.server.log.use.memory = false (default)
2019-10-21 03:34:04,016 [pool-37-thread-1] INFO  server.RaftServerConfigKeys (ConfUtils.java:logGet(43)) - raft.server.log.segment.size.max = 1048576 (custom)
2019-10-21 03:34:04,016 [pool-47-thread-1] INFO  server.RaftServerConfigKeys (ConfUtils.java:logGet(43)) - raft.server.log.purge.gap = 1000000 (custom)
2019-10-21 03:34:04,016 [pool-27-thread-1] INFO  server.RaftServerConfigKeys (ConfUtils.java:logGet(43)) - raft.server.log.use.memory = false (default)
2019-10-21 03:34:04,017 [pool-47-thread-1] INFO  server.RaftServerConfigKeys (ConfUtils.java:logGet(43)) - raft.server.log.appender.buffer.byte-limit = 33554432 (custom)
2019-10-21 03:34:04,016 [pool-37-thread-1] INFO  server.RaftServerConfigKeys (ConfUtils.java:logGet(43)) - raft.server.log.segment.cache.num.max = 2 (custom)
2019-10-21 03:34:04,017 [pool-47-thread-1] INFO  server.RaftServerConfigKeys (ConfUtils.java:logGet(43)) - raft.server.log.segment.size.max = 1048576 (custom)
2019-10-21 03:34:04,017 [pool-27-thread-1] INFO  server.RaftServerConfigKeys (ConfUtils.java:logGet(43)) - raft.server.log.purge.gap = 1000000 (custom)
2019-10-21 03:34:04,017 [pool-47-thread-1] INFO  server.RaftServerConfigKeys (ConfUtils.java:logGet(43)) - raft.server.log.segment.cache.num.max = 2 (custom)
2019-10-21 03:34:04,017 [pool-37-thread-1] INFO  segmented.SegmentedRaftLogWorker (SegmentedRaftLogWorker.java:<init>(173)) - new 5862a0f6-345d-4ea3-acd6-80cac8e48241@group-AB7035F2E872-SegmentedRaftLogWorker for RaftStorage:Storage Directory /workdir/hadoop-ozone/integration-test/target/test-dir/MiniOzoneClusterImpl-0d9ef5dc-8c83-4a95-80ca-c8ea87fb8f69/datanode-1/data/ratis/9e54459d-8e2c-41cf-8351-ab7035f2e872
2019-10-21 03:34:04,017 [pool-47-thread-1] INFO  segmented.SegmentedRaftLogWorker (SegmentedRaftLogWorker.java:<init>(173)) - new a9b2150e-77aa-4b60-aecd-1dd026cfa7cd@group-AB7035F2E872-SegmentedRaftLogWorker for RaftStorage:Storage Directory /workdir/hadoop-ozone/integration-test/target/test-dir/MiniOzoneClusterImpl-0d9ef5dc-8c83-4a95-80ca-c8ea87fb8f69/datanode-2/data/ratis/9e54459d-8e2c-41cf-8351-ab7035f2e872
2019-10-21 03:34:04,017 [pool-27-thread-1] INFO  server.RaftServerConfigKeys (ConfUtils.java:logGet(43)) - raft.server.log.appender.buffer.byte-limit = 33554432 (custom)
2019-10-21 03:34:04,018 [pool-47-thread-1] INFO  server.RaftServerConfigKeys (ConfUtils.java:logGet(43)) - raft.server.log.queue.byte-limit = 2147483647 (custom)
2019-10-21 03:34:04,018 [pool-37-thread-1] INFO  server.RaftServerConfigKeys (ConfUtils.java:logGet(43)) - raft.server.log.queue.byte-limit = 2147483647 (custom)
2019-10-21 03:34:04,018 [pool-47-thread-1] INFO  server.RaftServerConfigKeys (ConfUtils.java:logGet(43)) - raft.server.log.queue.element-limit = 1024 (custom)
2019-10-21 03:34:04,018 [pool-27-thread-1] INFO  server.RaftServerConfigKeys (ConfUtils.java:logGet(43)) - raft.server.log.segment.size.max = 1048576 (custom)
2019-10-21 03:34:04,018 [pool-47-thread-1] INFO  server.RaftServerConfigKeys (ConfUtils.java:logGet(43)) - raft.server.log.segment.size.max = 1048576 (custom)
2019-10-21 03:34:04,018 [pool-37-thread-1] INFO  server.RaftServerConfigKeys (ConfUtils.java:logGet(43)) - raft.server.log.queue.element-limit = 1024 (custom)
2019-10-21 03:34:04,019 [pool-47-thread-1] INFO  server.RaftServerConfigKeys (ConfUtils.java:logGet(43)) - raft.server.log.preallocated.size = 16384 (custom)
2019-10-21 03:34:04,018 [pool-27-thread-1] INFO  server.RaftServerConfigKeys (ConfUtils.java:logGet(43)) - raft.server.log.segment.cache.num.max = 2 (custom)
2019-10-21 03:34:04,019 [pool-47-thread-1] INFO  server.RaftServerConfigKeys (ConfUtils.java:logGet(43)) - raft.server.log.write.buffer.size = 33554432 (custom)
2019-10-21 03:34:04,019 [pool-37-thread-1] INFO  server.RaftServerConfigKeys (ConfUtils.java:logGet(43)) - raft.server.log.segment.size.max = 1048576 (custom)
2019-10-21 03:34:04,019 [pool-47-thread-1] INFO  server.RaftServerConfigKeys (ConfUtils.java:logGet(43)) - raft.server.log.force.sync.num = 128 (default)
2019-10-21 03:34:04,019 [pool-27-thread-1] INFO  segmented.SegmentedRaftLogWorker (SegmentedRaftLogWorker.java:<init>(173)) - new 2168b752-3a95-463d-8b76-275bc2ee8f53@group-AB7035F2E872-SegmentedRaftLogWorker for RaftStorage:Storage Directory /workdir/hadoop-ozone/integration-test/target/test-dir/MiniOzoneClusterImpl-0d9ef5dc-8c83-4a95-80ca-c8ea87fb8f69/datanode-0/data/ratis/9e54459d-8e2c-41cf-8351-ab7035f2e872
2019-10-21 03:34:04,020 [pool-47-thread-1] INFO  server.RaftServerConfigKeys (ConfUtils.java:logGet(43)) - raft.server.log.statemachine.data.sync = true (default)
2019-10-21 03:34:04,020 [pool-37-thread-1] INFO  server.RaftServerConfigKeys (ConfUtils.java:logGet(43)) - raft.server.log.preallocated.size = 16384 (custom)
2019-10-21 03:34:04,020 [pool-47-thread-1] INFO  server.RaftServerConfigKeys (ConfUtils.java:logGet(43)) - raft.server.log.statemachine.data.sync.timeout = 10s (default)
2019-10-21 03:34:04,020 [pool-27-thread-1] INFO  server.RaftServerConfigKeys (ConfUtils.java:logGet(43)) - raft.server.log.queue.byte-limit = 2147483647 (custom)
2019-10-21 03:34:04,020 [pool-47-thread-1] INFO  server.RaftServerConfigKeys (ConfUtils.java:logGet(43)) - raft.server.log.statemachine.data.sync.timeout.retry = -1 (default)
2019-10-21 03:34:04,020 [pool-37-thread-1] INFO  server.RaftServerConfigKeys (ConfUtils.java:logGet(43)) - raft.server.log.write.buffer.size = 33554432 (custom)
2019-10-21 03:34:04,020 [pool-27-thread-1] INFO  server.RaftServerConfigKeys (ConfUtils.java:logGet(43)) - raft.server.log.queue.element-limit = 1024 (custom)
2019-10-21 03:34:04,021 [pool-37-thread-1] INFO  server.RaftServerConfigKeys (ConfUtils.java:logGet(43)) - raft.server.log.force.sync.num = 128 (default)
2019-10-21 03:34:04,021 [pool-47-thread-1] INFO  server.RaftServerConfigKeys (ConfUtils.java:logGet(43)) - raft.server.log.statemachine.data.caching.enabled = true (custom)
2019-10-21 03:34:04,021 [pool-37-thread-1] INFO  server.RaftServerConfigKeys (ConfUtils.java:logGet(43)) - raft.server.log.statemachine.data.sync = true (default)
2019-10-21 03:34:04,021 [pool-27-thread-1] INFO  server.RaftServerConfigKeys (ConfUtils.java:logGet(43)) - raft.server.log.segment.size.max = 1048576 (custom)
2019-10-21 03:34:04,021 [pool-37-thread-1] INFO  server.RaftServerConfigKeys (ConfUtils.java:logGet(43)) - raft.server.log.statemachine.data.sync.timeout = 10s (default)
2019-10-21 03:34:04,022 [pool-27-thread-1] INFO  server.RaftServerConfigKeys (ConfUtils.java:logGet(43)) - raft.server.log.preallocated.size = 16384 (custom)
2019-10-21 03:34:04,021 [pool-47-thread-1] INFO  segmented.SegmentedRaftLogWorker (SegmentedRaftLogWorker.java:lambda$new$0(128)) - a9b2150e-77aa-4b60-aecd-1dd026cfa7cd@group-AB7035F2E872-SegmentedRaftLogWorker: flushIndex: setUnconditionally 0 -> -1
2019-10-21 03:34:04,022 [pool-27-thread-1] INFO  server.RaftServerConfigKeys (ConfUtils.java:logGet(43)) - raft.server.log.write.buffer.size = 33554432 (custom)
2019-10-21 03:34:04,022 [pool-37-thread-1] INFO  server.RaftServerConfigKeys (ConfUtils.java:logGet(43)) - raft.server.log.statemachine.data.sync.timeout.retry = -1 (default)
2019-10-21 03:34:04,022 [pool-47-thread-1] INFO  server.RaftServerConfigKeys (ConfUtils.java:logGet(43)) - raft.server.snapshot.auto.trigger.enabled = true (custom)
2019-10-21 03:34:04,022 [pool-27-thread-1] INFO  server.RaftServerConfigKeys (ConfUtils.java:logGet(43)) - raft.server.log.force.sync.num = 128 (default)
2019-10-21 03:34:04,022 [pool-37-thread-1] INFO  server.RaftServerConfigKeys (ConfUtils.java:logGet(43)) - raft.server.log.statemachine.data.caching.enabled = true (custom)
2019-10-21 03:34:04,022 [pool-47-thread-1] INFO  server.RaftServerConfigKeys (ConfUtils.java:logGet(43)) - raft.server.snapshot.auto.trigger.threshold = 10000 (custom)
2019-10-21 03:34:04,023 [pool-27-thread-1] INFO  server.RaftServerConfigKeys (ConfUtils.java:logGet(43)) - raft.server.log.statemachine.data.sync = true (default)
2019-10-21 03:34:04,023 [pool-47-thread-1] INFO  server.RaftServerConfigKeys (ConfUtils.java:logGet(43)) - raft.server.snapshot.retention.file.num = 5 (custom)
2019-10-21 03:34:04,023 [pool-37-thread-1] INFO  segmented.SegmentedRaftLogWorker (SegmentedRaftLogWorker.java:lambda$new$0(128)) - 5862a0f6-345d-4ea3-acd6-80cac8e48241@group-AB7035F2E872-SegmentedRaftLogWorker: flushIndex: setUnconditionally 0 -> -1
2019-10-21 03:34:04,023 [pool-47-thread-1] INFO  server.RaftServerConfigKeys (ConfUtils.java:logGet(43)) - raft.server.retrycache.expirytime = 600000ms (custom)
2019-10-21 03:34:04,023 [pool-27-thread-1] INFO  server.RaftServerConfigKeys (ConfUtils.java:logGet(43)) - raft.server.log.statemachine.data.sync.timeout = 10s (default)
2019-10-21 03:34:04,023 [pool-37-thread-1] INFO  server.RaftServerConfigKeys (ConfUtils.java:logGet(43)) - raft.server.snapshot.auto.trigger.enabled = true (custom)
2019-10-21 03:34:04,024 [pool-27-thread-1] INFO  server.RaftServerConfigKeys (ConfUtils.java:logGet(43)) - raft.server.log.statemachine.data.sync.timeout.retry = -1 (default)
2019-10-21 03:34:04,024 [pool-37-thread-1] INFO  server.RaftServerConfigKeys (ConfUtils.java:logGet(43)) - raft.server.snapshot.auto.trigger.threshold = 10000 (custom)
2019-10-21 03:34:04,024 [pool-27-thread-1] INFO  server.RaftServerConfigKeys (ConfUtils.java:logGet(43)) - raft.server.log.statemachine.data.caching.enabled = true (custom)
2019-10-21 03:34:04,024 [pool-37-thread-1] INFO  server.RaftServerConfigKeys (ConfUtils.java:logGet(43)) - raft.server.snapshot.retention.file.num = 5 (custom)
2019-10-21 03:34:04,024 [pool-27-thread-1] INFO  segmented.SegmentedRaftLogWorker (SegmentedRaftLogWorker.java:lambda$new$0(128)) - 2168b752-3a95-463d-8b76-275bc2ee8f53@group-AB7035F2E872-SegmentedRaftLogWorker: flushIndex: setUnconditionally 0 -> -1
2019-10-21 03:34:04,024 [pool-37-thread-1] INFO  server.RaftServerConfigKeys (ConfUtils.java:logGet(43)) - raft.server.retrycache.expirytime = 600000ms (custom)
2019-10-21 03:34:04,025 [pool-27-thread-1] INFO  server.RaftServerConfigKeys (ConfUtils.java:logGet(43)) - raft.server.snapshot.auto.trigger.enabled = true (custom)
2019-10-21 03:34:04,025 [pool-27-thread-1] INFO  server.RaftServerConfigKeys (ConfUtils.java:logGet(43)) - raft.server.snapshot.auto.trigger.threshold = 10000 (custom)
2019-10-21 03:34:04,025 [pool-27-thread-1] INFO  server.RaftServerConfigKeys (ConfUtils.java:logGet(43)) - raft.server.snapshot.retention.file.num = 5 (custom)
2019-10-21 03:34:04,025 [pool-27-thread-1] INFO  server.RaftServerConfigKeys (ConfUtils.java:logGet(43)) - raft.server.retrycache.expirytime = 600000ms (custom)
2019-10-21 03:34:04,031 [pool-47-thread-1] INFO  impl.RaftServerImpl (RaftServerImpl.java:start(181)) - a9b2150e-77aa-4b60-aecd-1dd026cfa7cd@group-AB7035F2E872: start as a follower, conf=-1: [2168b752-3a95-463d-8b76-275bc2ee8f53:192.168.157.255:38663, a9b2150e-77aa-4b60-aecd-1dd026cfa7cd:192.168.157.255:42907, 5862a0f6-345d-4ea3-acd6-80cac8e48241:192.168.157.255:41729], old=null
2019-10-21 03:34:04,031 [pool-47-thread-1] INFO  impl.RaftServerImpl (RaftServerImpl.java:setRole(170)) - a9b2150e-77aa-4b60-aecd-1dd026cfa7cd@group-AB7035F2E872: changes role from      null to FOLLOWER at term 0 for startAsFollower
2019-10-21 03:34:04,031 [pool-47-thread-1] INFO  impl.RoleInfo (RoleInfo.java:updateAndGet(143)) - a9b2150e-77aa-4b60-aecd-1dd026cfa7cd: start FollowerState
2019-10-21 03:34:04,032 [pool-47-thread-1] INFO  util.JmxRegister (JmxRegister.java:tryRegister(44)) - Successfully registered JMX Bean with object name Ratis:service=RaftServer,group=group-AB7035F2E872,id=a9b2150e-77aa-4b60-aecd-1dd026cfa7cd
2019-10-21 03:34:04,032 [pool-37-thread-1] INFO  impl.RaftServerImpl (RaftServerImpl.java:start(181)) - 5862a0f6-345d-4ea3-acd6-80cac8e48241@group-AB7035F2E872: start as a follower, conf=-1: [2168b752-3a95-463d-8b76-275bc2ee8f53:192.168.157.255:38663, a9b2150e-77aa-4b60-aecd-1dd026cfa7cd:192.168.157.255:42907, 5862a0f6-345d-4ea3-acd6-80cac8e48241:192.168.157.255:41729], old=null
2019-10-21 03:34:04,032 [pool-37-thread-1] INFO  impl.RaftServerImpl (RaftServerImpl.java:setRole(170)) - 5862a0f6-345d-4ea3-acd6-80cac8e48241@group-AB7035F2E872: changes role from      null to FOLLOWER at term 0 for startAsFollower
2019-10-21 03:34:04,032 [pool-27-thread-1] INFO  impl.RaftServerImpl (RaftServerImpl.java:start(181)) - 2168b752-3a95-463d-8b76-275bc2ee8f53@group-AB7035F2E872: start as a follower, conf=-1: [2168b752-3a95-463d-8b76-275bc2ee8f53:192.168.157.255:38663, a9b2150e-77aa-4b60-aecd-1dd026cfa7cd:192.168.157.255:42907, 5862a0f6-345d-4ea3-acd6-80cac8e48241:192.168.157.255:41729], old=null
2019-10-21 03:34:04,032 [pool-37-thread-1] INFO  impl.RoleInfo (RoleInfo.java:updateAndGet(143)) - 5862a0f6-345d-4ea3-acd6-80cac8e48241: start FollowerState
2019-10-21 03:34:04,032 [pool-27-thread-1] INFO  impl.RaftServerImpl (RaftServerImpl.java:setRole(170)) - 2168b752-3a95-463d-8b76-275bc2ee8f53@group-AB7035F2E872: changes role from      null to FOLLOWER at term 0 for startAsFollower
2019-10-21 03:34:04,033 [pool-37-thread-1] INFO  util.JmxRegister (JmxRegister.java:tryRegister(44)) - Successfully registered JMX Bean with object name Ratis:service=RaftServer,group=group-AB7035F2E872,id=5862a0f6-345d-4ea3-acd6-80cac8e48241
2019-10-21 03:34:04,033 [pool-27-thread-1] INFO  impl.RoleInfo (RoleInfo.java:updateAndGet(143)) - 2168b752-3a95-463d-8b76-275bc2ee8f53: start FollowerState
2019-10-21 03:34:04,033 [pool-27-thread-1] INFO  util.JmxRegister (JmxRegister.java:tryRegister(44)) - Successfully registered JMX Bean with object name Ratis:service=RaftServer,group=group-AB7035F2E872,id=2168b752-3a95-463d-8b76-275bc2ee8f53
2019-10-21 03:34:04,054 [RatisPipelineUtilsThread] INFO  pipeline.PipelineStateManager (PipelineStateManager.java:addPipeline(56)) - Created pipeline Pipeline[ Id: 9e54459d-8e2c-41cf-8351-ab7035f2e872, Nodes: 2168b752-3a95-463d-8b76-275bc2ee8f53{ip: 192.168.157.255, host: pr-hdds-1569-252f9-3696506840, networkLocation: /default-rack, certSerialId: null}5862a0f6-345d-4ea3-acd6-80cac8e48241{ip: 192.168.157.255, host: pr-hdds-1569-252f9-3696506840, networkLocation: /default-rack, certSerialId: null}a9b2150e-77aa-4b60-aecd-1dd026cfa7cd{ip: 192.168.157.255, host: pr-hdds-1569-252f9-3696506840, networkLocation: /default-rack, certSerialId: null}, Type:RATIS, Factor:THREE, State:OPEN]
2019-10-21 03:34:04,072 [grpc-default-executor-1] INFO  impl.RaftServerProxy (RaftServerProxy.java:addNew(89)) - 5862a0f6-345d-4ea3-acd6-80cac8e48241: addNew group-5F6CD5FDB7F6:[2168b752-3a95-463d-8b76-275bc2ee8f53:192.168.157.255:38663, a9b2150e-77aa-4b60-aecd-1dd026cfa7cd:192.168.157.255:42907, 5862a0f6-345d-4ea3-acd6-80cac8e48241:192.168.157.255:41729] returns group-5F6CD5FDB7F6:java.util.concurrent.CompletableFuture@609b0138[Not completed]
2019-10-21 03:34:04,074 [grpc-default-executor-0] INFO  impl.RaftServerProxy (RaftServerProxy.java:addNew(89)) - 2168b752-3a95-463d-8b76-275bc2ee8f53: addNew group-5F6CD5FDB7F6:[2168b752-3a95-463d-8b76-275bc2ee8f53:192.168.157.255:38663, a9b2150e-77aa-4b60-aecd-1dd026cfa7cd:192.168.157.255:42907, 5862a0f6-345d-4ea3-acd6-80cac8e48241:192.168.157.255:41729] returns group-5F6CD5FDB7F6:java.util.concurrent.CompletableFuture@a187d6[Not completed]
2019-10-21 03:34:04,074 [pool-37-thread-1] INFO  impl.RaftServerImpl (RaftServerImpl.java:<init>(95)) - 5862a0f6-345d-4ea3-acd6-80cac8e48241: new RaftServerImpl for group-5F6CD5FDB7F6:[2168b752-3a95-463d-8b76-275bc2ee8f53:192.168.157.255:38663, a9b2150e-77aa-4b60-aecd-1dd026cfa7cd:192.168.157.255:42907, 5862a0f6-345d-4ea3-acd6-80cac8e48241:192.168.157.255:41729] with ContainerStateMachine:uninitialized
2019-10-21 03:34:04,074 [grpc-default-executor-1] INFO  impl.RaftServerProxy (RaftServerProxy.java:addNew(89)) - a9b2150e-77aa-4b60-aecd-1dd026cfa7cd: addNew group-5F6CD5FDB7F6:[2168b752-3a95-463d-8b76-275bc2ee8f53:192.168.157.255:38663, a9b2150e-77aa-4b60-aecd-1dd026cfa7cd:192.168.157.255:42907, 5862a0f6-345d-4ea3-acd6-80cac8e48241:192.168.157.255:41729] returns group-5F6CD5FDB7F6:java.util.concurrent.CompletableFuture@11b59ddd[Not completed]
2019-10-21 03:34:04,075 [pool-37-thread-1] INFO  server.RaftServerConfigKeys (ConfUtils.java:logGet(43)) - raft.server.rpc.timeout.min = 5s (custom)
2019-10-21 03:34:04,075 [pool-37-thread-1] INFO  server.RaftServerConfigKeys (ConfUtils.java:logGet(43)) - raft.server.rpc.timeout.max = 5200ms (custom)
2019-10-21 03:34:04,075 [pool-37-thread-1] INFO  server.RaftServerConfigKeys (ConfUtils.java:logGet(43)) - raft.server.rpcslowness.timeout = 1000s (custom)
2019-10-21 03:34:04,075 [pool-37-thread-1] INFO  server.RaftServerConfigKeys (ConfUtils.java:logGet(43)) - raft.server.sleep.deviation.threshold = 300 (default)
2019-10-21 03:34:04,075 [pool-37-thread-1] INFO  server.RaftServerConfigKeys (ConfUtils.java:logGet(43)) - raft.server.log.appender.install.snapshot.enabled = false (custom)
2019-10-21 03:34:04,075 [pool-37-thread-1] INFO  impl.RaftServerImpl (ServerState.java:<init>(103)) - 5862a0f6-345d-4ea3-acd6-80cac8e48241@group-5F6CD5FDB7F6: ConfigurationManager, init=-1: [2168b752-3a95-463d-8b76-275bc2ee8f53:192.168.157.255:38663, a9b2150e-77aa-4b60-aecd-1dd026cfa7cd:192.168.157.255:42907, 5862a0f6-345d-4ea3-acd6-80cac8e48241:192.168.157.255:41729], old=null, confs=<EMPTY_MAP>
2019-10-21 03:34:04,075 [pool-37-thread-1] INFO  server.RaftServerConfigKeys (ConfUtils.java:logGet(43)) - raft.server.storage.dir = [/workdir/hadoop-ozone/integration-test/target/test-dir/MiniOzoneClusterImpl-0d9ef5dc-8c83-4a95-80ca-c8ea87fb8f69/datanode-1/data/ratis] (custom)
2019-10-21 03:34:04,076 [pool-37-thread-1] INFO  server.RaftServerConfigKeys (ConfUtils.java:logGet(43)) - raft.server.log.corruption.policy = EXCEPTION (default)
2019-10-21 03:34:04,076 [pool-27-thread-1] INFO  impl.RaftServerImpl (RaftServerImpl.java:<init>(95)) - 2168b752-3a95-463d-8b76-275bc2ee8f53: new RaftServerImpl for group-5F6CD5FDB7F6:[2168b752-3a95-463d-8b76-275bc2ee8f53:192.168.157.255:38663, a9b2150e-77aa-4b60-aecd-1dd026cfa7cd:192.168.157.255:42907, 5862a0f6-345d-4ea3-acd6-80cac8e48241:192.168.157.255:41729] with ContainerStateMachine:uninitialized
2019-10-21 03:34:04,076 [pool-37-thread-1] INFO  storage.RaftStorageDirectory (RaftStorageDirectory.java:analyzeStorage(246)) - The storage directory /workdir/hadoop-ozone/integration-test/target/test-dir/MiniOzoneClusterImpl-0d9ef5dc-8c83-4a95-80ca-c8ea87fb8f69/datanode-1/data/ratis/69d53e01-0a37-4a4c-b67e-5f6cd5fdb7f6 does not exist. Creating ...
2019-10-21 03:34:04,076 [pool-27-thread-1] INFO  server.RaftServerConfigKeys (ConfUtils.java:logGet(43)) - raft.server.rpc.timeout.min = 5s (custom)
2019-10-21 03:34:04,076 [pool-27-thread-1] INFO  server.RaftServerConfigKeys (ConfUtils.java:logGet(43)) - raft.server.rpc.timeout.max = 5200ms (custom)
2019-10-21 03:34:04,076 [pool-27-thread-1] INFO  server.RaftServerConfigKeys (ConfUtils.java:logGet(43)) - raft.server.rpcslowness.timeout = 1000s (custom)
2019-10-21 03:34:04,076 [pool-27-thread-1] INFO  server.RaftServerConfigKeys (ConfUtils.java:logGet(43)) - raft.server.sleep.deviation.threshold = 300 (default)
2019-10-21 03:34:04,077 [pool-47-thread-1] INFO  impl.RaftServerImpl (RaftServerImpl.java:<init>(95)) - a9b2150e-77aa-4b60-aecd-1dd026cfa7cd: new RaftServerImpl for group-5F6CD5FDB7F6:[2168b752-3a95-463d-8b76-275bc2ee8f53:192.168.157.255:38663, a9b2150e-77aa-4b60-aecd-1dd026cfa7cd:192.168.157.255:42907, 5862a0f6-345d-4ea3-acd6-80cac8e48241:192.168.157.255:41729] with ContainerStateMachine:uninitialized
2019-10-21 03:34:04,077 [pool-27-thread-1] INFO  server.RaftServerConfigKeys (ConfUtils.java:logGet(43)) - raft.server.log.appender.install.snapshot.enabled = false (custom)
2019-10-21 03:34:04,077 [pool-47-thread-1] INFO  server.RaftServerConfigKeys (ConfUtils.java:logGet(43)) - raft.server.rpc.timeout.min = 5s (custom)
2019-10-21 03:34:04,077 [pool-27-thread-1] INFO  impl.RaftServerImpl (ServerState.java:<init>(103)) - 2168b752-3a95-463d-8b76-275bc2ee8f53@group-5F6CD5FDB7F6: ConfigurationManager, init=-1: [2168b752-3a95-463d-8b76-275bc2ee8f53:192.168.157.255:38663, a9b2150e-77aa-4b60-aecd-1dd026cfa7cd:192.168.157.255:42907, 5862a0f6-345d-4ea3-acd6-80cac8e48241:192.168.157.255:41729], old=null, confs=<EMPTY_MAP>
2019-10-21 03:34:04,077 [pool-47-thread-1] INFO  server.RaftServerConfigKeys (ConfUtils.java:logGet(43)) - raft.server.rpc.timeout.max = 5200ms (custom)
2019-10-21 03:34:04,077 [pool-27-thread-1] INFO  server.RaftServerConfigKeys (ConfUtils.java:logGet(43)) - raft.server.storage.dir = [/workdir/hadoop-ozone/integration-test/target/test-dir/MiniOzoneClusterImpl-0d9ef5dc-8c83-4a95-80ca-c8ea87fb8f69/datanode-0/data/ratis] (custom)
2019-10-21 03:34:04,077 [pool-47-thread-1] INFO  server.RaftServerConfigKeys (ConfUtils.java:logGet(43)) - raft.server.rpcslowness.timeout = 1000s (custom)
2019-10-21 03:34:04,078 [pool-47-thread-1] INFO  server.RaftServerConfigKeys (ConfUtils.java:logGet(43)) - raft.server.sleep.deviation.threshold = 300 (default)
2019-10-21 03:34:04,078 [pool-27-thread-1] INFO  server.RaftServerConfigKeys (ConfUtils.java:logGet(43)) - raft.server.log.corruption.policy = EXCEPTION (default)
2019-10-21 03:34:04,078 [pool-47-thread-1] INFO  server.RaftServerConfigKeys (ConfUtils.java:logGet(43)) - raft.server.log.appender.install.snapshot.enabled = false (custom)
2019-10-21 03:34:04,078 [pool-27-thread-1] INFO  storage.RaftStorageDirectory (RaftStorageDirectory.java:analyzeStorage(246)) - The storage directory /workdir/hadoop-ozone/integration-test/target/test-dir/MiniOzoneClusterImpl-0d9ef5dc-8c83-4a95-80ca-c8ea87fb8f69/datanode-0/data/ratis/69d53e01-0a37-4a4c-b67e-5f6cd5fdb7f6 does not exist. Creating ...
2019-10-21 03:34:04,078 [pool-47-thread-1] INFO  impl.RaftServerImpl (ServerState.java:<init>(103)) - a9b2150e-77aa-4b60-aecd-1dd026cfa7cd@group-5F6CD5FDB7F6: ConfigurationManager, init=-1: [2168b752-3a95-463d-8b76-275bc2ee8f53:192.168.157.255:38663, a9b2150e-77aa-4b60-aecd-1dd026cfa7cd:192.168.157.255:42907, 5862a0f6-345d-4ea3-acd6-80cac8e48241:192.168.157.255:41729], old=null, confs=<EMPTY_MAP>
2019-10-21 03:34:04,078 [pool-47-thread-1] INFO  server.RaftServerConfigKeys (ConfUtils.java:logGet(43)) - raft.server.storage.dir = [/workdir/hadoop-ozone/integration-test/target/test-dir/MiniOzoneClusterImpl-0d9ef5dc-8c83-4a95-80ca-c8ea87fb8f69/datanode-2/data/ratis] (custom)
2019-10-21 03:34:04,079 [pool-47-thread-1] INFO  server.RaftServerConfigKeys (ConfUtils.java:logGet(43)) - raft.server.log.corruption.policy = EXCEPTION (default)
2019-10-21 03:34:04,079 [pool-47-thread-1] INFO  storage.RaftStorageDirectory (RaftStorageDirectory.java:analyzeStorage(246)) - The storage directory /workdir/hadoop-ozone/integration-test/target/test-dir/MiniOzoneClusterImpl-0d9ef5dc-8c83-4a95-80ca-c8ea87fb8f69/datanode-2/data/ratis/69d53e01-0a37-4a4c-b67e-5f6cd5fdb7f6 does not exist. Creating ...
2019-10-21 03:34:04,113 [pool-47-thread-1] INFO  storage.RaftStorageDirectory (RaftStorageDirectory.java:tryLock(328)) - Lock on /workdir/hadoop-ozone/integration-test/target/test-dir/MiniOzoneClusterImpl-0d9ef5dc-8c83-4a95-80ca-c8ea87fb8f69/datanode-2/data/ratis/69d53e01-0a37-4a4c-b67e-5f6cd5fdb7f6/in_use.lock acquired by nodename 14599@pr-hdds-1569-252f9-3696506840
2019-10-21 03:34:04,113 [pool-27-thread-1] INFO  storage.RaftStorageDirectory (RaftStorageDirectory.java:tryLock(328)) - Lock on /workdir/hadoop-ozone/integration-test/target/test-dir/MiniOzoneClusterImpl-0d9ef5dc-8c83-4a95-80ca-c8ea87fb8f69/datanode-0/data/ratis/69d53e01-0a37-4a4c-b67e-5f6cd5fdb7f6/in_use.lock acquired by nodename 14599@pr-hdds-1569-252f9-3696506840
2019-10-21 03:34:04,113 [pool-37-thread-1] INFO  storage.RaftStorageDirectory (RaftStorageDirectory.java:tryLock(328)) - Lock on /workdir/hadoop-ozone/integration-test/target/test-dir/MiniOzoneClusterImpl-0d9ef5dc-8c83-4a95-80ca-c8ea87fb8f69/datanode-1/data/ratis/69d53e01-0a37-4a4c-b67e-5f6cd5fdb7f6/in_use.lock acquired by nodename 14599@pr-hdds-1569-252f9-3696506840
2019-10-21 03:34:04,162 [pool-37-thread-1] INFO  storage.RaftStorage (RaftStorage.java:format(84)) - Storage directory /workdir/hadoop-ozone/integration-test/target/test-dir/MiniOzoneClusterImpl-0d9ef5dc-8c83-4a95-80ca-c8ea87fb8f69/datanode-1/data/ratis/69d53e01-0a37-4a4c-b67e-5f6cd5fdb7f6 has been successfully formatted.
2019-10-21 03:34:04,162 [pool-47-thread-1] INFO  storage.RaftStorage (RaftStorage.java:format(84)) - Storage directory /workdir/hadoop-ozone/integration-test/target/test-dir/MiniOzoneClusterImpl-0d9ef5dc-8c83-4a95-80ca-c8ea87fb8f69/datanode-2/data/ratis/69d53e01-0a37-4a4c-b67e-5f6cd5fdb7f6 has been successfully formatted.
2019-10-21 03:34:04,162 [pool-27-thread-1] INFO  storage.RaftStorage (RaftStorage.java:format(84)) - Storage directory /workdir/hadoop-ozone/integration-test/target/test-dir/MiniOzoneClusterImpl-0d9ef5dc-8c83-4a95-80ca-c8ea87fb8f69/datanode-0/data/ratis/69d53e01-0a37-4a4c-b67e-5f6cd5fdb7f6 has been successfully formatted.
2019-10-21 03:34:04,163 [pool-37-thread-1] INFO  ratis.ContainerStateMachine (ContainerStateMachine.java:loadSnapshot(231)) - group-5F6CD5FDB7F6: The snapshot info is null. Setting the last applied indexto:(t:0, i:~)
2019-10-21 03:34:04,163 [pool-47-thread-1] INFO  ratis.ContainerStateMachine (ContainerStateMachine.java:loadSnapshot(231)) - group-5F6CD5FDB7F6: The snapshot info is null. Setting the last applied indexto:(t:0, i:~)
2019-10-21 03:34:04,164 [pool-37-thread-1] INFO  server.RaftServerConfigKeys (ConfUtils.java:logGet(43)) - raft.server.notification.no-leader.timeout = 1000s (custom)
2019-10-21 03:34:04,163 [pool-27-thread-1] INFO  ratis.ContainerStateMachine (ContainerStateMachine.java:loadSnapshot(231)) - group-5F6CD5FDB7F6: The snapshot info is null. Setting the last applied indexto:(t:0, i:~)
2019-10-21 03:34:04,164 [pool-37-thread-1] INFO  server.RaftServerConfigKeys (ConfUtils.java:logGet(43)) - raft.server.log.use.memory = false (default)
2019-10-21 03:34:04,164 [pool-47-thread-1] INFO  server.RaftServerConfigKeys (ConfUtils.java:logGet(43)) - raft.server.notification.no-leader.timeout = 1000s (custom)
2019-10-21 03:34:04,164 [pool-37-thread-1] INFO  server.RaftServerConfigKeys (ConfUtils.java:logGet(43)) - raft.server.log.purge.gap = 1000000 (custom)
2019-10-21 03:34:04,164 [pool-27-thread-1] INFO  server.RaftServerConfigKeys (ConfUtils.java:logGet(43)) - raft.server.notification.no-leader.timeout = 1000s (custom)
2019-10-21 03:34:04,165 [pool-37-thread-1] INFO  server.RaftServerConfigKeys (ConfUtils.java:logGet(43)) - raft.server.log.appender.buffer.byte-limit = 33554432 (custom)
2019-10-21 03:34:04,164 [pool-47-thread-1] INFO  server.RaftServerConfigKeys (ConfUtils.java:logGet(43)) - raft.server.log.use.memory = false (default)
2019-10-21 03:34:04,165 [pool-37-thread-1] INFO  server.RaftServerConfigKeys (ConfUtils.java:logGet(43)) - raft.server.log.segment.size.max = 1048576 (custom)
2019-10-21 03:34:04,165 [pool-27-thread-1] INFO  server.RaftServerConfigKeys (ConfUtils.java:logGet(43)) - raft.server.log.use.memory = false (default)
2019-10-21 03:34:04,165 [pool-37-thread-1] INFO  server.RaftServerConfigKeys (ConfUtils.java:logGet(43)) - raft.server.log.segment.cache.num.max = 2 (custom)
2019-10-21 03:34:04,165 [pool-47-thread-1] INFO  server.RaftServerConfigKeys (ConfUtils.java:logGet(43)) - raft.server.log.purge.gap = 1000000 (custom)
2019-10-21 03:34:04,165 [pool-37-thread-1] INFO  segmented.SegmentedRaftLogWorker (SegmentedRaftLogWorker.java:<init>(173)) - new 5862a0f6-345d-4ea3-acd6-80cac8e48241@group-5F6CD5FDB7F6-SegmentedRaftLogWorker for RaftStorage:Storage Directory /workdir/hadoop-ozone/integration-test/target/test-dir/MiniOzoneClusterImpl-0d9ef5dc-8c83-4a95-80ca-c8ea87fb8f69/datanode-1/data/ratis/69d53e01-0a37-4a4c-b67e-5f6cd5fdb7f6
2019-10-21 03:34:04,165 [pool-27-thread-1] INFO  server.RaftServerConfigKeys (ConfUtils.java:logGet(43)) - raft.server.log.purge.gap = 1000000 (custom)
2019-10-21 03:34:04,166 [pool-37-thread-1] INFO  server.RaftServerConfigKeys (ConfUtils.java:logGet(43)) - raft.server.log.queue.byte-limit = 2147483647 (custom)
2019-10-21 03:34:04,166 [pool-47-thread-1] INFO  server.RaftServerConfigKeys (ConfUtils.java:logGet(43)) - raft.server.log.appender.buffer.byte-limit = 33554432 (custom)
2019-10-21 03:34:04,166 [pool-37-thread-1] INFO  server.RaftServerConfigKeys (ConfUtils.java:logGet(43)) - raft.server.log.queue.element-limit = 1024 (custom)
2019-10-21 03:34:04,166 [pool-27-thread-1] INFO  server.RaftServerConfigKeys (ConfUtils.java:logGet(43)) - raft.server.log.appender.buffer.byte-limit = 33554432 (custom)
2019-10-21 03:34:04,166 [pool-37-thread-1] INFO  server.RaftServerConfigKeys (ConfUtils.java:logGet(43)) - raft.server.log.segment.size.max = 1048576 (custom)
2019-10-21 03:34:04,166 [pool-47-thread-1] INFO  server.RaftServerConfigKeys (ConfUtils.java:logGet(43)) - raft.server.log.segment.size.max = 1048576 (custom)
2019-10-21 03:34:04,167 [pool-37-thread-1] INFO  server.RaftServerConfigKeys (ConfUtils.java:logGet(43)) - raft.server.log.preallocated.size = 16384 (custom)
2019-10-21 03:34:04,167 [pool-27-thread-1] INFO  server.RaftServerConfigKeys (ConfUtils.java:logGet(43)) - raft.server.log.segment.size.max = 1048576 (custom)
2019-10-21 03:34:04,167 [pool-37-thread-1] INFO  server.RaftServerConfigKeys (ConfUtils.java:logGet(43)) - raft.server.log.write.buffer.size = 33554432 (custom)
2019-10-21 03:34:04,167 [pool-47-thread-1] INFO  server.RaftServerConfigKeys (ConfUtils.java:logGet(43)) - raft.server.log.segment.cache.num.max = 2 (custom)
2019-10-21 03:34:04,167 [pool-37-thread-1] INFO  server.RaftServerConfigKeys (ConfUtils.java:logGet(43)) - raft.server.log.force.sync.num = 128 (default)
2019-10-21 03:34:04,167 [pool-27-thread-1] INFO  server.RaftServerConfigKeys (ConfUtils.java:logGet(43)) - raft.server.log.segment.cache.num.max = 2 (custom)
2019-10-21 03:34:04,168 [pool-37-thread-1] INFO  server.RaftServerConfigKeys (ConfUtils.java:logGet(43)) - raft.server.log.statemachine.data.sync = true (default)
2019-10-21 03:34:04,167 [pool-47-thread-1] INFO  segmented.SegmentedRaftLogWorker (SegmentedRaftLogWorker.java:<init>(173)) - new a9b2150e-77aa-4b60-aecd-1dd026cfa7cd@group-5F6CD5FDB7F6-SegmentedRaftLogWorker for RaftStorage:Storage Directory /workdir/hadoop-ozone/integration-test/target/test-dir/MiniOzoneClusterImpl-0d9ef5dc-8c83-4a95-80ca-c8ea87fb8f69/datanode-2/data/ratis/69d53e01-0a37-4a4c-b67e-5f6cd5fdb7f6
2019-10-21 03:34:04,168 [pool-37-thread-1] INFO  server.RaftServerConfigKeys (ConfUtils.java:logGet(43)) - raft.server.log.statemachine.data.sync.timeout = 10s (default)
2019-10-21 03:34:04,168 [pool-27-thread-1] INFO  segmented.SegmentedRaftLogWorker (SegmentedRaftLogWorker.java:<init>(173)) - new 2168b752-3a95-463d-8b76-275bc2ee8f53@group-5F6CD5FDB7F6-SegmentedRaftLogWorker for RaftStorage:Storage Directory /workdir/hadoop-ozone/integration-test/target/test-dir/MiniOzoneClusterImpl-0d9ef5dc-8c83-4a95-80ca-c8ea87fb8f69/datanode-0/data/ratis/69d53e01-0a37-4a4c-b67e-5f6cd5fdb7f6
2019-10-21 03:34:04,168 [pool-37-thread-1] INFO  server.RaftServerConfigKeys (ConfUtils.java:logGet(43)) - raft.server.log.statemachine.data.sync.timeout.retry = -1 (default)
2019-10-21 03:34:04,168 [pool-47-thread-1] INFO  server.RaftServerConfigKeys (ConfUtils.java:logGet(43)) - raft.server.log.queue.byte-limit = 2147483647 (custom)
2019-10-21 03:34:04,169 [pool-27-thread-1] INFO  server.RaftServerConfigKeys (ConfUtils.java:logGet(43)) - raft.server.log.queue.byte-limit = 2147483647 (custom)
2019-10-21 03:34:04,169 [pool-47-thread-1] INFO  server.RaftServerConfigKeys (ConfUtils.java:logGet(43)) - raft.server.log.queue.element-limit = 1024 (custom)
2019-10-21 03:34:04,169 [pool-37-thread-1] INFO  server.RaftServerConfigKeys (ConfUtils.java:logGet(43)) - raft.server.log.statemachine.data.caching.enabled = true (custom)
2019-10-21 03:34:04,169 [pool-47-thread-1] INFO  server.RaftServerConfigKeys (ConfUtils.java:logGet(43)) - raft.server.log.segment.size.max = 1048576 (custom)
2019-10-21 03:34:04,169 [pool-27-thread-1] INFO  server.RaftServerConfigKeys (ConfUtils.java:logGet(43)) - raft.server.log.queue.element-limit = 1024 (custom)
2019-10-21 03:34:04,170 [pool-47-thread-1] INFO  server.RaftServerConfigKeys (ConfUtils.java:logGet(43)) - raft.server.log.preallocated.size = 16384 (custom)
2019-10-21 03:34:04,170 [pool-27-thread-1] INFO  server.RaftServerConfigKeys (ConfUtils.java:logGet(43)) - raft.server.log.segment.size.max = 1048576 (custom)
2019-10-21 03:34:04,170 [pool-37-thread-1] INFO  segmented.SegmentedRaftLogWorker (SegmentedRaftLogWorker.java:lambda$new$0(128)) - 5862a0f6-345d-4ea3-acd6-80cac8e48241@group-5F6CD5FDB7F6-SegmentedRaftLogWorker: flushIndex: setUnconditionally 0 -> -1
2019-10-21 03:34:04,170 [pool-27-thread-1] INFO  server.RaftServerConfigKeys (ConfUtils.java:logGet(43)) - raft.server.log.preallocated.size = 16384 (custom)
2019-10-21 03:34:04,170 [pool-47-thread-1] INFO  server.RaftServerConfigKeys (ConfUtils.java:logGet(43)) - raft.server.log.write.buffer.size = 33554432 (custom)
2019-10-21 03:34:04,170 [pool-37-thread-1] INFO  server.RaftServerConfigKeys (ConfUtils.java:logGet(43)) - raft.server.snapshot.auto.trigger.enabled = true (custom)
2019-10-21 03:34:04,170 [pool-27-thread-1] INFO  server.RaftServerConfigKeys (ConfUtils.java:logGet(43)) - raft.server.log.write.buffer.size = 33554432 (custom)
2019-10-21 03:34:04,171 [pool-37-thread-1] INFO  server.RaftServerConfigKeys (ConfUtils.java:logGet(43)) - raft.server.snapshot.auto.trigger.threshold = 10000 (custom)
2019-10-21 03:34:04,170 [pool-47-thread-1] INFO  server.RaftServerConfigKeys (ConfUtils.java:logGet(43)) - raft.server.log.force.sync.num = 128 (default)
2019-10-21 03:34:04,171 [pool-37-thread-1] INFO  server.RaftServerConfigKeys (ConfUtils.java:logGet(43)) - raft.server.snapshot.retention.file.num = 5 (custom)
2019-10-21 03:34:04,171 [pool-27-thread-1] INFO  server.RaftServerConfigKeys (ConfUtils.java:logGet(43)) - raft.server.log.force.sync.num = 128 (default)
2019-10-21 03:34:04,171 [pool-37-thread-1] INFO  server.RaftServerConfigKeys (ConfUtils.java:logGet(43)) - raft.server.retrycache.expirytime = 600000ms (custom)
2019-10-21 03:34:04,171 [pool-47-thread-1] INFO  server.RaftServerConfigKeys (ConfUtils.java:logGet(43)) - raft.server.log.statemachine.data.sync = true (default)
2019-10-21 03:34:04,171 [pool-27-thread-1] INFO  server.RaftServerConfigKeys (ConfUtils.java:logGet(43)) - raft.server.log.statemachine.data.sync = true (default)
2019-10-21 03:34:04,173 [pool-47-thread-1] INFO  server.RaftServerConfigKeys (ConfUtils.java:logGet(43)) - raft.server.log.statemachine.data.sync.timeout = 10s (default)
2019-10-21 03:34:04,173 [pool-27-thread-1] INFO  server.RaftServerConfigKeys (ConfUtils.java:logGet(43)) - raft.server.log.statemachine.data.sync.timeout = 10s (default)
2019-10-21 03:34:04,173 [pool-47-thread-1] INFO  server.RaftServerConfigKeys (ConfUtils.java:logGet(43)) - raft.server.log.statemachine.data.sync.timeout.retry = -1 (default)
2019-10-21 03:34:04,174 [pool-27-thread-1] INFO  server.RaftServerConfigKeys (ConfUtils.java:logGet(43)) - raft.server.log.statemachine.data.sync.timeout.retry = -1 (default)
2019-10-21 03:34:04,174 [pool-47-thread-1] INFO  server.RaftServerConfigKeys (ConfUtils.java:logGet(43)) - raft.server.log.statemachine.data.caching.enabled = true (custom)
2019-10-21 03:34:04,174 [pool-27-thread-1] INFO  server.RaftServerConfigKeys (ConfUtils.java:logGet(43)) - raft.server.log.statemachine.data.caching.enabled = true (custom)
2019-10-21 03:34:04,174 [pool-47-thread-1] INFO  segmented.SegmentedRaftLogWorker (SegmentedRaftLogWorker.java:lambda$new$0(128)) - a9b2150e-77aa-4b60-aecd-1dd026cfa7cd@group-5F6CD5FDB7F6-SegmentedRaftLogWorker: flushIndex: setUnconditionally 0 -> -1
2019-10-21 03:34:04,174 [pool-27-thread-1] INFO  segmented.SegmentedRaftLogWorker (SegmentedRaftLogWorker.java:lambda$new$0(128)) - 2168b752-3a95-463d-8b76-275bc2ee8f53@group-5F6CD5FDB7F6-SegmentedRaftLogWorker: flushIndex: setUnconditionally 0 -> -1
2019-10-21 03:34:04,175 [pool-47-thread-1] INFO  server.RaftServerConfigKeys (ConfUtils.java:logGet(43)) - raft.server.snapshot.auto.trigger.enabled = true (custom)
2019-10-21 03:34:04,175 [pool-27-thread-1] INFO  server.RaftServerConfigKeys (ConfUtils.java:logGet(43)) - raft.server.snapshot.auto.trigger.enabled = true (custom)
2019-10-21 03:34:04,175 [pool-47-thread-1] INFO  server.RaftServerConfigKeys (ConfUtils.java:logGet(43)) - raft.server.snapshot.auto.trigger.threshold = 10000 (custom)
2019-10-21 03:34:04,175 [pool-27-thread-1] INFO  server.RaftServerConfigKeys (ConfUtils.java:logGet(43)) - raft.server.snapshot.auto.trigger.threshold = 10000 (custom)
2019-10-21 03:34:04,175 [pool-47-thread-1] INFO  server.RaftServerConfigKeys (ConfUtils.java:logGet(43)) - raft.server.snapshot.retention.file.num = 5 (custom)
2019-10-21 03:34:04,175 [pool-27-thread-1] INFO  server.RaftServerConfigKeys (ConfUtils.java:logGet(43)) - raft.server.snapshot.retention.file.num = 5 (custom)
2019-10-21 03:34:04,176 [pool-47-thread-1] INFO  server.RaftServerConfigKeys (ConfUtils.java:logGet(43)) - raft.server.retrycache.expirytime = 600000ms (custom)
2019-10-21 03:34:04,176 [pool-27-thread-1] INFO  server.RaftServerConfigKeys (ConfUtils.java:logGet(43)) - raft.server.retrycache.expirytime = 600000ms (custom)
2019-10-21 03:34:04,176 [pool-37-thread-1] INFO  impl.RaftServerImpl (RaftServerImpl.java:start(181)) - 5862a0f6-345d-4ea3-acd6-80cac8e48241@group-5F6CD5FDB7F6: start as a follower, conf=-1: [2168b752-3a95-463d-8b76-275bc2ee8f53:192.168.157.255:38663, a9b2150e-77aa-4b60-aecd-1dd026cfa7cd:192.168.157.255:42907, 5862a0f6-345d-4ea3-acd6-80cac8e48241:192.168.157.255:41729], old=null
2019-10-21 03:34:04,176 [pool-37-thread-1] INFO  impl.RaftServerImpl (RaftServerImpl.java:setRole(170)) - 5862a0f6-345d-4ea3-acd6-80cac8e48241@group-5F6CD5FDB7F6: changes role from      null to FOLLOWER at term 0 for startAsFollower
2019-10-21 03:34:04,177 [pool-37-thread-1] INFO  impl.RoleInfo (RoleInfo.java:updateAndGet(143)) - 5862a0f6-345d-4ea3-acd6-80cac8e48241: start FollowerState
2019-10-21 03:34:04,177 [pool-37-thread-1] INFO  util.JmxRegister (JmxRegister.java:tryRegister(44)) - Successfully registered JMX Bean with object name Ratis:service=RaftServer,group=group-5F6CD5FDB7F6,id=5862a0f6-345d-4ea3-acd6-80cac8e48241
2019-10-21 03:34:04,180 [pool-47-thread-1] INFO  impl.RaftServerImpl (RaftServerImpl.java:start(181)) - a9b2150e-77aa-4b60-aecd-1dd026cfa7cd@group-5F6CD5FDB7F6: start as a follower, conf=-1: [2168b752-3a95-463d-8b76-275bc2ee8f53:192.168.157.255:38663, a9b2150e-77aa-4b60-aecd-1dd026cfa7cd:192.168.157.255:42907, 5862a0f6-345d-4ea3-acd6-80cac8e48241:192.168.157.255:41729], old=null
2019-10-21 03:34:04,181 [pool-47-thread-1] INFO  impl.RaftServerImpl (RaftServerImpl.java:setRole(170)) - a9b2150e-77aa-4b60-aecd-1dd026cfa7cd@group-5F6CD5FDB7F6: changes role from      null to FOLLOWER at term 0 for startAsFollower
2019-10-21 03:34:04,181 [pool-27-thread-1] INFO  impl.RaftServerImpl (RaftServerImpl.java:start(181)) - 2168b752-3a95-463d-8b76-275bc2ee8f53@group-5F6CD5FDB7F6: start as a follower, conf=-1: [2168b752-3a95-463d-8b76-275bc2ee8f53:192.168.157.255:38663, a9b2150e-77aa-4b60-aecd-1dd026cfa7cd:192.168.157.255:42907, 5862a0f6-345d-4ea3-acd6-80cac8e48241:192.168.157.255:41729], old=null
2019-10-21 03:34:04,181 [pool-47-thread-1] INFO  impl.RoleInfo (RoleInfo.java:updateAndGet(143)) - a9b2150e-77aa-4b60-aecd-1dd026cfa7cd: start FollowerState
2019-10-21 03:34:04,181 [pool-27-thread-1] INFO  impl.RaftServerImpl (RaftServerImpl.java:setRole(170)) - 2168b752-3a95-463d-8b76-275bc2ee8f53@group-5F6CD5FDB7F6: changes role from      null to FOLLOWER at term 0 for startAsFollower
2019-10-21 03:34:04,181 [pool-27-thread-1] INFO  impl.RoleInfo (RoleInfo.java:updateAndGet(143)) - 2168b752-3a95-463d-8b76-275bc2ee8f53: start FollowerState
2019-10-21 03:34:04,181 [pool-47-thread-1] INFO  util.JmxRegister (JmxRegister.java:tryRegister(44)) - Successfully registered JMX Bean with object name Ratis:service=RaftServer,group=group-5F6CD5FDB7F6,id=a9b2150e-77aa-4b60-aecd-1dd026cfa7cd
2019-10-21 03:34:04,182 [pool-27-thread-1] INFO  util.JmxRegister (JmxRegister.java:tryRegister(44)) - Successfully registered JMX Bean with object name Ratis:service=RaftServer,group=group-5F6CD5FDB7F6,id=2168b752-3a95-463d-8b76-275bc2ee8f53
2019-10-21 03:34:04,203 [RatisPipelineUtilsThread] INFO  pipeline.PipelineStateManager (PipelineStateManager.java:addPipeline(56)) - Created pipeline Pipeline[ Id: 69d53e01-0a37-4a4c-b67e-5f6cd5fdb7f6, Nodes: 2168b752-3a95-463d-8b76-275bc2ee8f53{ip: 192.168.157.255, host: pr-hdds-1569-252f9-3696506840, networkLocation: /default-rack, certSerialId: null}5862a0f6-345d-4ea3-acd6-80cac8e48241{ip: 192.168.157.255, host: pr-hdds-1569-252f9-3696506840, networkLocation: /default-rack, certSerialId: null}a9b2150e-77aa-4b60-aecd-1dd026cfa7cd{ip: 192.168.157.255, host: pr-hdds-1569-252f9-3696506840, networkLocation: /default-rack, certSerialId: null}, Type:RATIS, Factor:THREE, State:OPEN]
2019-10-21 03:34:04,204 [RatisPipelineUtilsThread] ERROR pipeline.SCMPipelineManager (SCMPipelineManager.java:createPipeline(205)) - Pipeline creation failed.
org.apache.hadoop.hdds.scm.exceptions.SCMException: Cannot create pipeline of factor 1 using 0 nodes. Used 3 nodes. Healthy nodes 3
	at org.apache.hadoop.hdds.scm.pipeline.RatisPipelineProvider.pickNodesNeverUsed(RatisPipelineProvider.java:120)
	at org.apache.hadoop.hdds.scm.pipeline.RatisPipelineProvider.create(RatisPipelineProvider.java:132)
	at org.apache.hadoop.hdds.scm.pipeline.PipelineFactory.create(PipelineFactory.java:58)
	at org.apache.hadoop.hdds.scm.pipeline.SCMPipelineManager.createPipeline(SCMPipelineManager.java:195)
	at org.apache.hadoop.hdds.scm.pipeline.BackgroundPipelineCreator.createPipelines(BackgroundPipelineCreator.java:100)
	at org.apache.hadoop.hdds.scm.pipeline.BackgroundPipelineCreator.lambda$startFixedIntervalPipelineCreator$0(BackgroundPipelineCreator.java:70)
	at java.util.concurrent.Executors$RunnableAdapter.call(Executors.java:511)
	at java.util.concurrent.FutureTask.runAndReset(FutureTask.java:308)
	at java.util.concurrent.ScheduledThreadPoolExecutor$ScheduledFutureTask.access$301(ScheduledThreadPoolExecutor.java:180)
	at java.util.concurrent.ScheduledThreadPoolExecutor$ScheduledFutureTask.run(ScheduledThreadPoolExecutor.java:294)
	at java.util.concurrent.ThreadPoolExecutor.runWorker(ThreadPoolExecutor.java:1149)
	at java.util.concurrent.ThreadPoolExecutor$Worker.run(ThreadPoolExecutor.java:624)
	at java.lang.Thread.run(Thread.java:748)
2019-10-21 03:34:04,317 [main] INFO  rpc.RpcClient (RpcClient.java:createVolume(272)) - Creating Volume: testcontainerstatemachinefailures, with jenkins1000 as owner.
2019-10-21 03:34:04,423 [IPC Server handler 6 on 36908] INFO  volume.OMVolumeCreateRequest (OMVolumeCreateRequest.java:validateAndUpdateCache(193)) - created volume:testcontainerstatemachinefailures for user:jenkins1000
2019-10-21 03:34:04,715 [main] INFO  rpc.RpcClient (RpcClient.java:createBucket(411)) - Creating Bucket: testcontainerstatemachinefailures/testcontainerstatemachinefailures, with Versioning false and Storage Type set to DISK and Encryption set to false 
2019-10-21 03:34:04,856 [main] INFO  impl.MetricsSystemImpl (MetricsSystemImpl.java:init(158)) - XceiverClientMetrics metrics system started (again)
2019-10-21 03:34:05,663 [Thread-181] INFO  container.ReplicationManager (ReplicationManager.java:start(163)) - Starting Replication Monitor Thread.
2019-10-21 03:34:05,666 [ReplicationMonitor] INFO  container.ReplicationManager (ReplicationManager.java:run(226)) - Replication Monitor Thread took 3 milliseconds for processing 1 containers.
2019-10-21 03:34:08,511 [Thread-186] INFO  impl.FollowerState (FollowerState.java:run(108)) - 2168b752-3a95-463d-8b76-275bc2ee8f53@group-732DD1A1FADE-FollowerState: change to CANDIDATE, lastRpcTime:5047ms, electionTimeout:5046ms
2019-10-21 03:34:08,516 [Thread-186] INFO  impl.RoleInfo (RoleInfo.java:shutdownFollowerState(121)) - 2168b752-3a95-463d-8b76-275bc2ee8f53: shutdown FollowerState
2019-10-21 03:34:08,516 [Thread-186] INFO  impl.RaftServerImpl (RaftServerImpl.java:setRole(170)) - 2168b752-3a95-463d-8b76-275bc2ee8f53@group-732DD1A1FADE: changes role from  FOLLOWER to CANDIDATE at term 0 for changeToCandidate
2019-10-21 03:34:08,521 [Thread-186] INFO  impl.RoleInfo (RoleInfo.java:updateAndGet(143)) - 2168b752-3a95-463d-8b76-275bc2ee8f53: start LeaderElection
2019-10-21 03:34:08,568 [2168b752-3a95-463d-8b76-275bc2ee8f53@group-732DD1A1FADE-LeaderElection1] INFO  impl.LeaderElection (LeaderElection.java:askForVotes(178)) - 2168b752-3a95-463d-8b76-275bc2ee8f53@group-732DD1A1FADE-LeaderElection1: begin an election at term 1 for -1: [2168b752-3a95-463d-8b76-275bc2ee8f53:192.168.157.255:38663], old=null
2019-10-21 03:34:08,571 [2168b752-3a95-463d-8b76-275bc2ee8f53@group-732DD1A1FADE-LeaderElection1] INFO  impl.RoleInfo (RoleInfo.java:shutdownLeaderElection(134)) - 2168b752-3a95-463d-8b76-275bc2ee8f53: shutdown LeaderElection
2019-10-21 03:34:08,571 [2168b752-3a95-463d-8b76-275bc2ee8f53@group-732DD1A1FADE-LeaderElection1] INFO  impl.RaftServerImpl (RaftServerImpl.java:setRole(170)) - 2168b752-3a95-463d-8b76-275bc2ee8f53@group-732DD1A1FADE: changes role from CANDIDATE to LEADER at term 1 for changeToLeader
2019-10-21 03:34:08,572 [2168b752-3a95-463d-8b76-275bc2ee8f53@group-732DD1A1FADE-LeaderElection1] INFO  impl.RaftServerImpl (ServerState.java:setLeader(255)) - 2168b752-3a95-463d-8b76-275bc2ee8f53@group-732DD1A1FADE: change Leader from null to 2168b752-3a95-463d-8b76-275bc2ee8f53 at term 1 for becomeLeader, leader elected after 5213ms
2019-10-21 03:34:08,579 [2168b752-3a95-463d-8b76-275bc2ee8f53@group-732DD1A1FADE-LeaderElection1] INFO  server.RaftServerConfigKeys (ConfUtils.java:logGet(43)) - raft.server.staging.catchup.gap = 1000 (default)
2019-10-21 03:34:08,579 [2168b752-3a95-463d-8b76-275bc2ee8f53@group-732DD1A1FADE-LeaderElection1] INFO  server.RaftServerConfigKeys (ConfUtils.java:logGet(43)) - raft.server.rpc.sleep.time = 25ms (default)
2019-10-21 03:34:08,585 [2168b752-3a95-463d-8b76-275bc2ee8f53@group-732DD1A1FADE-LeaderElection1] INFO  server.RaftServerConfigKeys (ConfUtils.java:logGet(43)) - raft.server.write.element-limit = 4096 (default)
2019-10-21 03:34:08,588 [2168b752-3a95-463d-8b76-275bc2ee8f53@group-732DD1A1FADE-LeaderElection1] INFO  server.RaftServerConfigKeys (ConfUtils.java:logGet(43)) - raft.server.watch.timeout = 10s (default)
2019-10-21 03:34:08,588 [2168b752-3a95-463d-8b76-275bc2ee8f53@group-732DD1A1FADE-LeaderElection1] INFO  server.RaftServerConfigKeys (ConfUtils.java:logGet(43)) - raft.server.watch.timeout.denomination = 1s (default)
2019-10-21 03:34:08,589 [2168b752-3a95-463d-8b76-275bc2ee8f53@group-732DD1A1FADE-LeaderElection1] INFO  server.RaftServerConfigKeys (ConfUtils.java:logGet(43)) - raft.server.watch.element-limit = 65536 (default)
2019-10-21 03:34:08,606 [2168b752-3a95-463d-8b76-275bc2ee8f53@group-732DD1A1FADE-LeaderElection1] INFO  impl.RoleInfo (RoleInfo.java:updateAndGet(143)) - 2168b752-3a95-463d-8b76-275bc2ee8f53: start LeaderState
2019-10-21 03:34:08,633 [2168b752-3a95-463d-8b76-275bc2ee8f53@group-732DD1A1FADE-LeaderElection1] INFO  segmented.SegmentedRaftLogWorker (SegmentedRaftLogWorker.java:startLogSegment(385)) - 2168b752-3a95-463d-8b76-275bc2ee8f53@group-732DD1A1FADE-SegmentedRaftLogWorker: Starting segment from index:0
2019-10-21 03:34:08,647 [2168b752-3a95-463d-8b76-275bc2ee8f53@group-732DD1A1FADE-LeaderElection1] INFO  impl.RaftServerImpl (ServerState.java:setRaftConf(356)) - 2168b752-3a95-463d-8b76-275bc2ee8f53@group-732DD1A1FADE: set configuration 0: [2168b752-3a95-463d-8b76-275bc2ee8f53:192.168.157.255:38663], old=null at 0
2019-10-21 03:34:08,857 [2168b752-3a95-463d-8b76-275bc2ee8f53@group-732DD1A1FADE-SegmentedRaftLogWorker] INFO  segmented.SegmentedRaftLogWorker (SegmentedRaftLogWorker.java:execute(574)) - 2168b752-3a95-463d-8b76-275bc2ee8f53@group-732DD1A1FADE-SegmentedRaftLogWorker: created new log segment /workdir/hadoop-ozone/integration-test/target/test-dir/MiniOzoneClusterImpl-0d9ef5dc-8c83-4a95-80ca-c8ea87fb8f69/datanode-0/data/ratis/6e75a739-a1a8-448c-899b-732dd1a1fade/current/log_inprogress_0
2019-10-21 03:34:08,860 [Thread-189] INFO  impl.FollowerState (FollowerState.java:run(108)) - 5862a0f6-345d-4ea3-acd6-80cac8e48241@group-48BEDA079659-FollowerState: change to CANDIDATE, lastRpcTime:5172ms, electionTimeout:5171ms
2019-10-21 03:34:08,863 [Thread-189] INFO  impl.RoleInfo (RoleInfo.java:shutdownFollowerState(121)) - 5862a0f6-345d-4ea3-acd6-80cac8e48241: shutdown FollowerState
2019-10-21 03:34:08,863 [Thread-189] INFO  impl.RaftServerImpl (RaftServerImpl.java:setRole(170)) - 5862a0f6-345d-4ea3-acd6-80cac8e48241@group-48BEDA079659: changes role from  FOLLOWER to CANDIDATE at term 0 for changeToCandidate
2019-10-21 03:34:08,864 [Thread-189] INFO  impl.RoleInfo (RoleInfo.java:updateAndGet(143)) - 5862a0f6-345d-4ea3-acd6-80cac8e48241: start LeaderElection
2019-10-21 03:34:08,928 [5862a0f6-345d-4ea3-acd6-80cac8e48241@group-48BEDA079659-LeaderElection2] INFO  impl.LeaderElection (LeaderElection.java:askForVotes(178)) - 5862a0f6-345d-4ea3-acd6-80cac8e48241@group-48BEDA079659-LeaderElection2: begin an election at term 1 for -1: [5862a0f6-345d-4ea3-acd6-80cac8e48241:192.168.157.255:41729], old=null
2019-10-21 03:34:08,929 [Thread-192] INFO  impl.FollowerState (FollowerState.java:run(108)) - a9b2150e-77aa-4b60-aecd-1dd026cfa7cd@group-9B7DDFDEA54A-FollowerState: change to CANDIDATE, lastRpcTime:5054ms, electionTimeout:5054ms
2019-10-21 03:34:08,929 [5862a0f6-345d-4ea3-acd6-80cac8e48241@group-48BEDA079659-LeaderElection2] INFO  impl.RoleInfo (RoleInfo.java:shutdownLeaderElection(134)) - 5862a0f6-345d-4ea3-acd6-80cac8e48241: shutdown LeaderElection
2019-10-21 03:34:08,930 [Thread-192] INFO  impl.RoleInfo (RoleInfo.java:shutdownFollowerState(121)) - a9b2150e-77aa-4b60-aecd-1dd026cfa7cd: shutdown FollowerState
2019-10-21 03:34:08,930 [5862a0f6-345d-4ea3-acd6-80cac8e48241@group-48BEDA079659-LeaderElection2] INFO  impl.RaftServerImpl (RaftServerImpl.java:setRole(170)) - 5862a0f6-345d-4ea3-acd6-80cac8e48241@group-48BEDA079659: changes role from CANDIDATE to LEADER at term 1 for changeToLeader
2019-10-21 03:34:08,930 [Thread-192] INFO  impl.RaftServerImpl (RaftServerImpl.java:setRole(170)) - a9b2150e-77aa-4b60-aecd-1dd026cfa7cd@group-9B7DDFDEA54A: changes role from  FOLLOWER to CANDIDATE at term 0 for changeToCandidate
2019-10-21 03:34:08,930 [5862a0f6-345d-4ea3-acd6-80cac8e48241@group-48BEDA079659-LeaderElection2] INFO  impl.RaftServerImpl (ServerState.java:setLeader(255)) - 5862a0f6-345d-4ea3-acd6-80cac8e48241@group-48BEDA079659: change Leader from null to 5862a0f6-345d-4ea3-acd6-80cac8e48241 at term 1 for becomeLeader, leader elected after 5260ms
2019-10-21 03:34:08,930 [Thread-192] INFO  impl.RoleInfo (RoleInfo.java:updateAndGet(143)) - a9b2150e-77aa-4b60-aecd-1dd026cfa7cd: start LeaderElection
2019-10-21 03:34:08,930 [5862a0f6-345d-4ea3-acd6-80cac8e48241@group-48BEDA079659-LeaderElection2] INFO  server.RaftServerConfigKeys (ConfUtils.java:logGet(43)) - raft.server.staging.catchup.gap = 1000 (default)
2019-10-21 03:34:08,931 [5862a0f6-345d-4ea3-acd6-80cac8e48241@group-48BEDA079659-LeaderElection2] INFO  server.RaftServerConfigKeys (ConfUtils.java:logGet(43)) - raft.server.rpc.sleep.time = 25ms (default)
2019-10-21 03:34:08,933 [5862a0f6-345d-4ea3-acd6-80cac8e48241@group-48BEDA079659-LeaderElection2] INFO  server.RaftServerConfigKeys (ConfUtils.java:logGet(43)) - raft.server.write.element-limit = 4096 (default)
2019-10-21 03:34:08,933 [5862a0f6-345d-4ea3-acd6-80cac8e48241@group-48BEDA079659-LeaderElection2] INFO  server.RaftServerConfigKeys (ConfUtils.java:logGet(43)) - raft.server.watch.timeout = 10s (default)
2019-10-21 03:34:08,933 [5862a0f6-345d-4ea3-acd6-80cac8e48241@group-48BEDA079659-LeaderElection2] INFO  server.RaftServerConfigKeys (ConfUtils.java:logGet(43)) - raft.server.watch.timeout.denomination = 1s (default)
2019-10-21 03:34:08,933 [5862a0f6-345d-4ea3-acd6-80cac8e48241@group-48BEDA079659-LeaderElection2] INFO  server.RaftServerConfigKeys (ConfUtils.java:logGet(43)) - raft.server.watch.element-limit = 65536 (default)
2019-10-21 03:34:08,937 [5862a0f6-345d-4ea3-acd6-80cac8e48241@group-48BEDA079659-LeaderElection2] INFO  impl.RoleInfo (RoleInfo.java:updateAndGet(143)) - 5862a0f6-345d-4ea3-acd6-80cac8e48241: start LeaderState
2019-10-21 03:34:08,938 [5862a0f6-345d-4ea3-acd6-80cac8e48241@group-48BEDA079659-LeaderElection2] INFO  segmented.SegmentedRaftLogWorker (SegmentedRaftLogWorker.java:startLogSegment(385)) - 5862a0f6-345d-4ea3-acd6-80cac8e48241@group-48BEDA079659-SegmentedRaftLogWorker: Starting segment from index:0
2019-10-21 03:34:08,939 [5862a0f6-345d-4ea3-acd6-80cac8e48241@group-48BEDA079659-LeaderElection2] INFO  impl.RaftServerImpl (ServerState.java:setRaftConf(356)) - 5862a0f6-345d-4ea3-acd6-80cac8e48241@group-48BEDA079659: set configuration 0: [5862a0f6-345d-4ea3-acd6-80cac8e48241:192.168.157.255:41729], old=null at 0
2019-10-21 03:34:09,011 [a9b2150e-77aa-4b60-aecd-1dd026cfa7cd@group-9B7DDFDEA54A-LeaderElection3] INFO  impl.LeaderElection (LeaderElection.java:askForVotes(178)) - a9b2150e-77aa-4b60-aecd-1dd026cfa7cd@group-9B7DDFDEA54A-LeaderElection3: begin an election at term 1 for -1: [a9b2150e-77aa-4b60-aecd-1dd026cfa7cd:192.168.157.255:42907], old=null
2019-10-21 03:34:09,012 [a9b2150e-77aa-4b60-aecd-1dd026cfa7cd@group-9B7DDFDEA54A-LeaderElection3] INFO  impl.RoleInfo (RoleInfo.java:shutdownLeaderElection(134)) - a9b2150e-77aa-4b60-aecd-1dd026cfa7cd: shutdown LeaderElection
2019-10-21 03:34:09,012 [a9b2150e-77aa-4b60-aecd-1dd026cfa7cd@group-9B7DDFDEA54A-LeaderElection3] INFO  impl.RaftServerImpl (RaftServerImpl.java:setRole(170)) - a9b2150e-77aa-4b60-aecd-1dd026cfa7cd@group-9B7DDFDEA54A: changes role from CANDIDATE to LEADER at term 1 for changeToLeader
2019-10-21 03:34:09,012 [a9b2150e-77aa-4b60-aecd-1dd026cfa7cd@group-9B7DDFDEA54A-LeaderElection3] INFO  impl.RaftServerImpl (ServerState.java:setLeader(255)) - a9b2150e-77aa-4b60-aecd-1dd026cfa7cd@group-9B7DDFDEA54A: change Leader from null to a9b2150e-77aa-4b60-aecd-1dd026cfa7cd at term 1 for becomeLeader, leader elected after 5167ms
2019-10-21 03:34:09,012 [a9b2150e-77aa-4b60-aecd-1dd026cfa7cd@group-9B7DDFDEA54A-LeaderElection3] INFO  server.RaftServerConfigKeys (ConfUtils.java:logGet(43)) - raft.server.staging.catchup.gap = 1000 (default)
2019-10-21 03:34:09,013 [a9b2150e-77aa-4b60-aecd-1dd026cfa7cd@group-9B7DDFDEA54A-LeaderElection3] INFO  server.RaftServerConfigKeys (ConfUtils.java:logGet(43)) - raft.server.rpc.sleep.time = 25ms (default)
2019-10-21 03:34:09,013 [a9b2150e-77aa-4b60-aecd-1dd026cfa7cd@group-9B7DDFDEA54A-LeaderElection3] INFO  server.RaftServerConfigKeys (ConfUtils.java:logGet(43)) - raft.server.write.element-limit = 4096 (default)
2019-10-21 03:34:09,013 [a9b2150e-77aa-4b60-aecd-1dd026cfa7cd@group-9B7DDFDEA54A-LeaderElection3] INFO  server.RaftServerConfigKeys (ConfUtils.java:logGet(43)) - raft.server.watch.timeout = 10s (default)
2019-10-21 03:34:09,013 [a9b2150e-77aa-4b60-aecd-1dd026cfa7cd@group-9B7DDFDEA54A-LeaderElection3] INFO  server.RaftServerConfigKeys (ConfUtils.java:logGet(43)) - raft.server.watch.timeout.denomination = 1s (default)
2019-10-21 03:34:09,013 [a9b2150e-77aa-4b60-aecd-1dd026cfa7cd@group-9B7DDFDEA54A-LeaderElection3] INFO  server.RaftServerConfigKeys (ConfUtils.java:logGet(43)) - raft.server.watch.element-limit = 65536 (default)
2019-10-21 03:34:09,016 [a9b2150e-77aa-4b60-aecd-1dd026cfa7cd@group-9B7DDFDEA54A-LeaderElection3] INFO  impl.RoleInfo (RoleInfo.java:updateAndGet(143)) - a9b2150e-77aa-4b60-aecd-1dd026cfa7cd: start LeaderState
2019-10-21 03:34:09,017 [a9b2150e-77aa-4b60-aecd-1dd026cfa7cd@group-9B7DDFDEA54A-LeaderElection3] INFO  segmented.SegmentedRaftLogWorker (SegmentedRaftLogWorker.java:startLogSegment(385)) - a9b2150e-77aa-4b60-aecd-1dd026cfa7cd@group-9B7DDFDEA54A-SegmentedRaftLogWorker: Starting segment from index:0
2019-10-21 03:34:09,018 [a9b2150e-77aa-4b60-aecd-1dd026cfa7cd@group-9B7DDFDEA54A-LeaderElection3] INFO  impl.RaftServerImpl (ServerState.java:setRaftConf(356)) - a9b2150e-77aa-4b60-aecd-1dd026cfa7cd@group-9B7DDFDEA54A: set configuration 0: [a9b2150e-77aa-4b60-aecd-1dd026cfa7cd:192.168.157.255:42907], old=null at 0
2019-10-21 03:34:09,027 [5862a0f6-345d-4ea3-acd6-80cac8e48241@group-48BEDA079659-SegmentedRaftLogWorker] INFO  segmented.SegmentedRaftLogWorker (SegmentedRaftLogWorker.java:execute(574)) - 5862a0f6-345d-4ea3-acd6-80cac8e48241@group-48BEDA079659-SegmentedRaftLogWorker: created new log segment /workdir/hadoop-ozone/integration-test/target/test-dir/MiniOzoneClusterImpl-0d9ef5dc-8c83-4a95-80ca-c8ea87fb8f69/datanode-1/data/ratis/e9103821-1e72-4ca8-a7fa-48beda079659/current/log_inprogress_0
2019-10-21 03:34:09,054 [Thread-201] INFO  impl.FollowerState (FollowerState.java:run(108)) - a9b2150e-77aa-4b60-aecd-1dd026cfa7cd@group-AB7035F2E872-FollowerState: change to CANDIDATE, lastRpcTime:5022ms, electionTimeout:5014ms
2019-10-21 03:34:09,055 [Thread-201] INFO  impl.RoleInfo (RoleInfo.java:shutdownFollowerState(121)) - a9b2150e-77aa-4b60-aecd-1dd026cfa7cd: shutdown FollowerState
2019-10-21 03:34:09,055 [Thread-201] INFO  impl.RaftServerImpl (RaftServerImpl.java:setRole(170)) - a9b2150e-77aa-4b60-aecd-1dd026cfa7cd@group-AB7035F2E872: changes role from  FOLLOWER to CANDIDATE at term 0 for changeToCandidate
2019-10-21 03:34:09,055 [Thread-201] INFO  impl.RoleInfo (RoleInfo.java:updateAndGet(143)) - a9b2150e-77aa-4b60-aecd-1dd026cfa7cd: start LeaderElection
2019-10-21 03:34:09,118 [a9b2150e-77aa-4b60-aecd-1dd026cfa7cd@group-9B7DDFDEA54A-SegmentedRaftLogWorker] INFO  segmented.SegmentedRaftLogWorker (SegmentedRaftLogWorker.java:execute(574)) - a9b2150e-77aa-4b60-aecd-1dd026cfa7cd@group-9B7DDFDEA54A-SegmentedRaftLogWorker: created new log segment /workdir/hadoop-ozone/integration-test/target/test-dir/MiniOzoneClusterImpl-0d9ef5dc-8c83-4a95-80ca-c8ea87fb8f69/datanode-2/data/ratis/c3f08246-b921-442b-9e48-9b7ddfdea54a/current/log_inprogress_0
2019-10-21 03:34:09,118 [a9b2150e-77aa-4b60-aecd-1dd026cfa7cd@group-AB7035F2E872-LeaderElection4] INFO  impl.LeaderElection (LeaderElection.java:askForVotes(178)) - a9b2150e-77aa-4b60-aecd-1dd026cfa7cd@group-AB7035F2E872-LeaderElection4: begin an election at term 1 for -1: [2168b752-3a95-463d-8b76-275bc2ee8f53:192.168.157.255:38663, a9b2150e-77aa-4b60-aecd-1dd026cfa7cd:192.168.157.255:42907, 5862a0f6-345d-4ea3-acd6-80cac8e48241:192.168.157.255:41729], old=null
2019-10-21 03:34:09,144 [grpc-default-executor-0] INFO  impl.RaftServerImpl (RaftServerImpl.java:setRole(170)) - 2168b752-3a95-463d-8b76-275bc2ee8f53@group-AB7035F2E872: changes role from  FOLLOWER to FOLLOWER at term 1 for recognizeCandidate:a9b2150e-77aa-4b60-aecd-1dd026cfa7cd
2019-10-21 03:34:09,144 [grpc-default-executor-1] INFO  impl.RaftServerImpl (RaftServerImpl.java:setRole(170)) - 5862a0f6-345d-4ea3-acd6-80cac8e48241@group-AB7035F2E872: changes role from  FOLLOWER to FOLLOWER at term 1 for recognizeCandidate:a9b2150e-77aa-4b60-aecd-1dd026cfa7cd
2019-10-21 03:34:09,144 [grpc-default-executor-0] INFO  impl.RoleInfo (RoleInfo.java:shutdownFollowerState(121)) - 2168b752-3a95-463d-8b76-275bc2ee8f53: shutdown FollowerState
2019-10-21 03:34:09,144 [grpc-default-executor-1] INFO  impl.RoleInfo (RoleInfo.java:shutdownFollowerState(121)) - 5862a0f6-345d-4ea3-acd6-80cac8e48241: shutdown FollowerState
2019-10-21 03:34:09,144 [grpc-default-executor-0] INFO  impl.RoleInfo (RoleInfo.java:updateAndGet(143)) - 2168b752-3a95-463d-8b76-275bc2ee8f53: start FollowerState
2019-10-21 03:34:09,144 [grpc-default-executor-1] INFO  impl.RoleInfo (RoleInfo.java:updateAndGet(143)) - 5862a0f6-345d-4ea3-acd6-80cac8e48241: start FollowerState
2019-10-21 03:34:09,145 [Thread-203] INFO  impl.FollowerState (FollowerState.java:run(117)) - 2168b752-3a95-463d-8b76-275bc2ee8f53@group-AB7035F2E872-FollowerState was interrupted: java.lang.InterruptedException: sleep interrupted
2019-10-21 03:34:09,145 [Thread-202] INFO  impl.FollowerState (FollowerState.java:run(117)) - 5862a0f6-345d-4ea3-acd6-80cac8e48241@group-AB7035F2E872-FollowerState was interrupted: java.lang.InterruptedException: sleep interrupted
2019-10-21 03:34:09,215 [a9b2150e-77aa-4b60-aecd-1dd026cfa7cd@group-AB7035F2E872-LeaderElection4] INFO  impl.LeaderElection (LeaderElection.java:logAndReturn(56)) - a9b2150e-77aa-4b60-aecd-1dd026cfa7cd@group-AB7035F2E872-LeaderElection4: Election PASSED; received 1 response(s) [a9b2150e-77aa-4b60-aecd-1dd026cfa7cd<-2168b752-3a95-463d-8b76-275bc2ee8f53#0:OK-t1] and 0 exception(s); a9b2150e-77aa-4b60-aecd-1dd026cfa7cd@group-AB7035F2E872:t1, leader=null, voted=a9b2150e-77aa-4b60-aecd-1dd026cfa7cd, raftlog=a9b2150e-77aa-4b60-aecd-1dd026cfa7cd@group-AB7035F2E872-SegmentedRaftLog:OPENED:c-1,f-1,i0, conf=-1: [2168b752-3a95-463d-8b76-275bc2ee8f53:192.168.157.255:38663, a9b2150e-77aa-4b60-aecd-1dd026cfa7cd:192.168.157.255:42907, 5862a0f6-345d-4ea3-acd6-80cac8e48241:192.168.157.255:41729], old=null
2019-10-21 03:34:09,215 [a9b2150e-77aa-4b60-aecd-1dd026cfa7cd@group-AB7035F2E872-LeaderElection4] INFO  impl.RoleInfo (RoleInfo.java:shutdownLeaderElection(134)) - a9b2150e-77aa-4b60-aecd-1dd026cfa7cd: shutdown LeaderElection
2019-10-21 03:34:09,215 [a9b2150e-77aa-4b60-aecd-1dd026cfa7cd@group-AB7035F2E872-LeaderElection4] INFO  impl.RaftServerImpl (RaftServerImpl.java:setRole(170)) - a9b2150e-77aa-4b60-aecd-1dd026cfa7cd@group-AB7035F2E872: changes role from CANDIDATE to LEADER at term 1 for changeToLeader
2019-10-21 03:34:09,216 [a9b2150e-77aa-4b60-aecd-1dd026cfa7cd@group-AB7035F2E872-LeaderElection4] INFO  impl.RaftServerImpl (ServerState.java:setLeader(255)) - a9b2150e-77aa-4b60-aecd-1dd026cfa7cd@group-AB7035F2E872: change Leader from null to a9b2150e-77aa-4b60-aecd-1dd026cfa7cd at term 1 for becomeLeader, leader elected after 5200ms
2019-10-21 03:34:09,217 [a9b2150e-77aa-4b60-aecd-1dd026cfa7cd@group-AB7035F2E872-LeaderElection4] INFO  server.RaftServerConfigKeys (ConfUtils.java:logGet(43)) - raft.server.staging.catchup.gap = 1000 (default)
2019-10-21 03:34:09,217 [a9b2150e-77aa-4b60-aecd-1dd026cfa7cd@group-AB7035F2E872-LeaderElection4] INFO  server.RaftServerConfigKeys (ConfUtils.java:logGet(43)) - raft.server.rpc.sleep.time = 25ms (default)
2019-10-21 03:34:09,217 [a9b2150e-77aa-4b60-aecd-1dd026cfa7cd@group-AB7035F2E872-LeaderElection4] INFO  server.RaftServerConfigKeys (ConfUtils.java:logGet(43)) - raft.server.write.element-limit = 4096 (default)
2019-10-21 03:34:09,217 [a9b2150e-77aa-4b60-aecd-1dd026cfa7cd@group-AB7035F2E872-LeaderElection4] INFO  server.RaftServerConfigKeys (ConfUtils.java:logGet(43)) - raft.server.watch.timeout = 10s (default)
2019-10-21 03:34:09,217 [a9b2150e-77aa-4b60-aecd-1dd026cfa7cd@group-AB7035F2E872-LeaderElection4] INFO  server.RaftServerConfigKeys (ConfUtils.java:logGet(43)) - raft.server.watch.timeout.denomination = 1s (default)
2019-10-21 03:34:09,217 [a9b2150e-77aa-4b60-aecd-1dd026cfa7cd@group-AB7035F2E872-LeaderElection4] INFO  server.RaftServerConfigKeys (ConfUtils.java:logGet(43)) - raft.server.watch.element-limit = 65536 (default)
2019-10-21 03:34:09,222 [a9b2150e-77aa-4b60-aecd-1dd026cfa7cd@group-AB7035F2E872-LeaderElection4] INFO  server.RaftServerConfigKeys (ConfUtils.java:logGet(43)) - raft.server.log.appender.snapshot.chunk.size.max = 16MB (=16777216) (default)
2019-10-21 03:34:09,222 [a9b2150e-77aa-4b60-aecd-1dd026cfa7cd@group-AB7035F2E872-LeaderElection4] INFO  server.RaftServerConfigKeys (ConfUtils.java:logGet(43)) - raft.server.log.appender.buffer.byte-limit = 33554432 (custom)
2019-10-21 03:34:09,223 [a9b2150e-77aa-4b60-aecd-1dd026cfa7cd@group-AB7035F2E872-LeaderElection4] INFO  server.RaftServerConfigKeys (ConfUtils.java:logGet(43)) - raft.server.log.appender.buffer.element-limit = 1 (custom)
2019-10-21 03:34:09,225 [Thread-210] INFO  impl.FollowerState (FollowerState.java:run(108)) - 5862a0f6-345d-4ea3-acd6-80cac8e48241@group-5F6CD5FDB7F6-FollowerState: change to CANDIDATE, lastRpcTime:5048ms, electionTimeout:5048ms
2019-10-21 03:34:09,225 [a9b2150e-77aa-4b60-aecd-1dd026cfa7cd@group-AB7035F2E872-LeaderElection4] INFO  grpc.GrpcConfigKeys$Server (ConfUtils.java:logGet(43)) - raft.grpc.server.leader.outstanding.appends.max = 128 (default)
2019-10-21 03:34:09,230 [Thread-210] INFO  impl.RoleInfo (RoleInfo.java:shutdownFollowerState(121)) - 5862a0f6-345d-4ea3-acd6-80cac8e48241: shutdown FollowerState
2019-10-21 03:34:09,230 [a9b2150e-77aa-4b60-aecd-1dd026cfa7cd@group-AB7035F2E872-LeaderElection4] INFO  server.RaftServerConfigKeys (ConfUtils.java:logGet(43)) - raft.server.rpc.request.timeout = 3000ms (default)
2019-10-21 03:34:09,230 [Thread-210] INFO  impl.RaftServerImpl (RaftServerImpl.java:setRole(170)) - 5862a0f6-345d-4ea3-acd6-80cac8e48241@group-5F6CD5FDB7F6: changes role from  FOLLOWER to CANDIDATE at term 0 for changeToCandidate
2019-10-21 03:34:09,230 [a9b2150e-77aa-4b60-aecd-1dd026cfa7cd@group-AB7035F2E872-LeaderElection4] INFO  server.RaftServerConfigKeys (ConfUtils.java:logGet(43)) - raft.server.log.appender.install.snapshot.enabled = false (custom)
2019-10-21 03:34:09,230 [Thread-210] INFO  impl.RoleInfo (RoleInfo.java:updateAndGet(143)) - 5862a0f6-345d-4ea3-acd6-80cac8e48241: start LeaderElection
2019-10-21 03:34:09,232 [a9b2150e-77aa-4b60-aecd-1dd026cfa7cd@group-AB7035F2E872-LeaderElection4] INFO  server.RaftServerConfigKeys (ConfUtils.java:logGet(43)) - raft.server.log.appender.snapshot.chunk.size.max = 16MB (=16777216) (default)
2019-10-21 03:34:09,232 [a9b2150e-77aa-4b60-aecd-1dd026cfa7cd@group-AB7035F2E872-LeaderElection4] INFO  server.RaftServerConfigKeys (ConfUtils.java:logGet(43)) - raft.server.log.appender.buffer.byte-limit = 33554432 (custom)
2019-10-21 03:34:09,233 [a9b2150e-77aa-4b60-aecd-1dd026cfa7cd@group-AB7035F2E872-LeaderElection4] INFO  server.RaftServerConfigKeys (ConfUtils.java:logGet(43)) - raft.server.log.appender.buffer.element-limit = 1 (custom)
2019-10-21 03:34:09,233 [a9b2150e-77aa-4b60-aecd-1dd026cfa7cd@group-AB7035F2E872-LeaderElection4] INFO  grpc.GrpcConfigKeys$Server (ConfUtils.java:logGet(43)) - raft.grpc.server.leader.outstanding.appends.max = 128 (default)
2019-10-21 03:34:09,233 [a9b2150e-77aa-4b60-aecd-1dd026cfa7cd@group-AB7035F2E872-LeaderElection4] INFO  server.RaftServerConfigKeys (ConfUtils.java:logGet(43)) - raft.server.rpc.request.timeout = 3000ms (default)
2019-10-21 03:34:09,233 [a9b2150e-77aa-4b60-aecd-1dd026cfa7cd@group-AB7035F2E872-LeaderElection4] INFO  server.RaftServerConfigKeys (ConfUtils.java:logGet(43)) - raft.server.log.appender.install.snapshot.enabled = false (custom)
2019-10-21 03:34:09,234 [a9b2150e-77aa-4b60-aecd-1dd026cfa7cd@group-AB7035F2E872-LeaderElection4] INFO  impl.RoleInfo (RoleInfo.java:updateAndGet(143)) - a9b2150e-77aa-4b60-aecd-1dd026cfa7cd: start LeaderState
2019-10-21 03:34:09,235 [a9b2150e-77aa-4b60-aecd-1dd026cfa7cd@group-AB7035F2E872-LeaderElection4] INFO  segmented.SegmentedRaftLogWorker (SegmentedRaftLogWorker.java:startLogSegment(385)) - a9b2150e-77aa-4b60-aecd-1dd026cfa7cd@group-AB7035F2E872-SegmentedRaftLogWorker: Starting segment from index:0
2019-10-21 03:34:09,240 [a9b2150e-77aa-4b60-aecd-1dd026cfa7cd@group-AB7035F2E872-LeaderElection4] INFO  impl.RaftServerImpl (ServerState.java:setRaftConf(356)) - a9b2150e-77aa-4b60-aecd-1dd026cfa7cd@group-AB7035F2E872: set configuration 0: [2168b752-3a95-463d-8b76-275bc2ee8f53:192.168.157.255:38663, a9b2150e-77aa-4b60-aecd-1dd026cfa7cd:192.168.157.255:42907, 5862a0f6-345d-4ea3-acd6-80cac8e48241:192.168.157.255:41729], old=null at 0
2019-10-21 03:34:09,287 [Thread-212] INFO  impl.FollowerState (FollowerState.java:run(108)) - 2168b752-3a95-463d-8b76-275bc2ee8f53@group-5F6CD5FDB7F6-FollowerState: change to CANDIDATE, lastRpcTime:5105ms, electionTimeout:5105ms
2019-10-21 03:34:09,287 [Thread-212] INFO  impl.RoleInfo (RoleInfo.java:shutdownFollowerState(121)) - 2168b752-3a95-463d-8b76-275bc2ee8f53: shutdown FollowerState
2019-10-21 03:34:09,289 [Thread-212] INFO  impl.RaftServerImpl (RaftServerImpl.java:setRole(170)) - 2168b752-3a95-463d-8b76-275bc2ee8f53@group-5F6CD5FDB7F6: changes role from  FOLLOWER to CANDIDATE at term 0 for changeToCandidate
2019-10-21 03:34:09,289 [grpc-default-executor-0] INFO  impl.RaftServerImpl (ServerState.java:setLeader(255)) - 2168b752-3a95-463d-8b76-275bc2ee8f53@group-AB7035F2E872: change Leader from null to a9b2150e-77aa-4b60-aecd-1dd026cfa7cd at term 1 for appendEntries, leader elected after 5273ms
2019-10-21 03:34:09,289 [Thread-212] INFO  impl.RoleInfo (RoleInfo.java:updateAndGet(143)) - 2168b752-3a95-463d-8b76-275bc2ee8f53: start LeaderElection
2019-10-21 03:34:09,289 [grpc-default-executor-1] INFO  impl.RaftServerImpl (ServerState.java:setLeader(255)) - 5862a0f6-345d-4ea3-acd6-80cac8e48241@group-AB7035F2E872: change Leader from null to a9b2150e-77aa-4b60-aecd-1dd026cfa7cd at term 1 for appendEntries, leader elected after 5274ms
2019-10-21 03:34:09,306 [5862a0f6-345d-4ea3-acd6-80cac8e48241@group-5F6CD5FDB7F6-LeaderElection5] INFO  impl.LeaderElection (LeaderElection.java:askForVotes(178)) - 5862a0f6-345d-4ea3-acd6-80cac8e48241@group-5F6CD5FDB7F6-LeaderElection5: begin an election at term 1 for -1: [2168b752-3a95-463d-8b76-275bc2ee8f53:192.168.157.255:38663, a9b2150e-77aa-4b60-aecd-1dd026cfa7cd:192.168.157.255:42907, 5862a0f6-345d-4ea3-acd6-80cac8e48241:192.168.157.255:41729], old=null
2019-10-21 03:34:09,318 [Thread-211] INFO  impl.FollowerState (FollowerState.java:run(108)) - a9b2150e-77aa-4b60-aecd-1dd026cfa7cd@group-5F6CD5FDB7F6-FollowerState: change to CANDIDATE, lastRpcTime:5136ms, electionTimeout:5136ms
2019-10-21 03:34:09,318 [Thread-211] INFO  impl.RoleInfo (RoleInfo.java:shutdownFollowerState(121)) - a9b2150e-77aa-4b60-aecd-1dd026cfa7cd: shutdown FollowerState
2019-10-21 03:34:09,318 [Thread-211] INFO  impl.RaftServerImpl (RaftServerImpl.java:setRole(170)) - a9b2150e-77aa-4b60-aecd-1dd026cfa7cd@group-5F6CD5FDB7F6: changes role from  FOLLOWER to CANDIDATE at term 0 for changeToCandidate
2019-10-21 03:34:09,319 [Thread-211] INFO  impl.RoleInfo (RoleInfo.java:updateAndGet(143)) - a9b2150e-77aa-4b60-aecd-1dd026cfa7cd: start LeaderElection
2019-10-21 03:34:09,323 [a9b2150e-77aa-4b60-aecd-1dd026cfa7cd@group-AB7035F2E872-SegmentedRaftLogWorker] INFO  segmented.SegmentedRaftLogWorker (SegmentedRaftLogWorker.java:execute(574)) - a9b2150e-77aa-4b60-aecd-1dd026cfa7cd@group-AB7035F2E872-SegmentedRaftLogWorker: created new log segment /workdir/hadoop-ozone/integration-test/target/test-dir/MiniOzoneClusterImpl-0d9ef5dc-8c83-4a95-80ca-c8ea87fb8f69/datanode-2/data/ratis/9e54459d-8e2c-41cf-8351-ab7035f2e872/current/log_inprogress_0
2019-10-21 03:34:09,324 [2168b752-3a95-463d-8b76-275bc2ee8f53@group-5F6CD5FDB7F6-LeaderElection6] INFO  impl.LeaderElection (LeaderElection.java:askForVotes(178)) - 2168b752-3a95-463d-8b76-275bc2ee8f53@group-5F6CD5FDB7F6-LeaderElection6: begin an election at term 1 for -1: [2168b752-3a95-463d-8b76-275bc2ee8f53:192.168.157.255:38663, a9b2150e-77aa-4b60-aecd-1dd026cfa7cd:192.168.157.255:42907, 5862a0f6-345d-4ea3-acd6-80cac8e48241:192.168.157.255:41729], old=null
2019-10-21 03:34:09,333 [grpc-default-executor-1] INFO  impl.RaftServerImpl (ServerState.java:setRaftConf(356)) - 5862a0f6-345d-4ea3-acd6-80cac8e48241@group-AB7035F2E872: set configuration 0: [2168b752-3a95-463d-8b76-275bc2ee8f53:192.168.157.255:38663, a9b2150e-77aa-4b60-aecd-1dd026cfa7cd:192.168.157.255:42907, 5862a0f6-345d-4ea3-acd6-80cac8e48241:192.168.157.255:41729], old=null at 0
2019-10-21 03:34:09,333 [grpc-default-executor-0] INFO  impl.RaftServerImpl (ServerState.java:setRaftConf(356)) - 2168b752-3a95-463d-8b76-275bc2ee8f53@group-AB7035F2E872: set configuration 0: [2168b752-3a95-463d-8b76-275bc2ee8f53:192.168.157.255:38663, a9b2150e-77aa-4b60-aecd-1dd026cfa7cd:192.168.157.255:42907, 5862a0f6-345d-4ea3-acd6-80cac8e48241:192.168.157.255:41729], old=null at 0
2019-10-21 03:34:09,333 [grpc-default-executor-1] INFO  segmented.SegmentedRaftLogWorker (SegmentedRaftLogWorker.java:startLogSegment(385)) - 5862a0f6-345d-4ea3-acd6-80cac8e48241@group-AB7035F2E872-SegmentedRaftLogWorker: Starting segment from index:0
2019-10-21 03:34:09,333 [grpc-default-executor-0] INFO  segmented.SegmentedRaftLogWorker (SegmentedRaftLogWorker.java:startLogSegment(385)) - 2168b752-3a95-463d-8b76-275bc2ee8f53@group-AB7035F2E872-SegmentedRaftLogWorker: Starting segment from index:0
2019-10-21 03:34:09,362 [a9b2150e-77aa-4b60-aecd-1dd026cfa7cd@group-5F6CD5FDB7F6-LeaderElection7] INFO  impl.LeaderElection (LeaderElection.java:askForVotes(178)) - a9b2150e-77aa-4b60-aecd-1dd026cfa7cd@group-5F6CD5FDB7F6-LeaderElection7: begin an election at term 1 for -1: [2168b752-3a95-463d-8b76-275bc2ee8f53:192.168.157.255:38663, a9b2150e-77aa-4b60-aecd-1dd026cfa7cd:192.168.157.255:42907, 5862a0f6-345d-4ea3-acd6-80cac8e48241:192.168.157.255:41729], old=null
2019-10-21 03:34:09,372 [5862a0f6-345d-4ea3-acd6-80cac8e48241@group-5F6CD5FDB7F6-LeaderElection5] INFO  impl.LeaderElection (LeaderElection.java:logAndReturn(56)) - 5862a0f6-345d-4ea3-acd6-80cac8e48241@group-5F6CD5FDB7F6-LeaderElection5: Election REJECTED; received 2 response(s) [5862a0f6-345d-4ea3-acd6-80cac8e48241<-2168b752-3a95-463d-8b76-275bc2ee8f53#0:FAIL-t1, 5862a0f6-345d-4ea3-acd6-80cac8e48241<-a9b2150e-77aa-4b60-aecd-1dd026cfa7cd#0:FAIL-t1] and 0 exception(s); 5862a0f6-345d-4ea3-acd6-80cac8e48241@group-5F6CD5FDB7F6:t1, leader=null, voted=5862a0f6-345d-4ea3-acd6-80cac8e48241, raftlog=5862a0f6-345d-4ea3-acd6-80cac8e48241@group-5F6CD5FDB7F6-SegmentedRaftLog:OPENED:c-1,f-1,i0, conf=-1: [2168b752-3a95-463d-8b76-275bc2ee8f53:192.168.157.255:38663, a9b2150e-77aa-4b60-aecd-1dd026cfa7cd:192.168.157.255:42907, 5862a0f6-345d-4ea3-acd6-80cac8e48241:192.168.157.255:41729], old=null
2019-10-21 03:34:09,372 [5862a0f6-345d-4ea3-acd6-80cac8e48241@group-5F6CD5FDB7F6-LeaderElection5] INFO  impl.RaftServerImpl (RaftServerImpl.java:setRole(170)) - 5862a0f6-345d-4ea3-acd6-80cac8e48241@group-5F6CD5FDB7F6: changes role from CANDIDATE to FOLLOWER at term 1 for DISCOVERED_A_NEW_TERM
2019-10-21 03:34:09,374 [5862a0f6-345d-4ea3-acd6-80cac8e48241@group-5F6CD5FDB7F6-LeaderElection5] INFO  impl.RoleInfo (RoleInfo.java:shutdownLeaderElection(134)) - 5862a0f6-345d-4ea3-acd6-80cac8e48241: shutdown LeaderElection
2019-10-21 03:34:09,374 [5862a0f6-345d-4ea3-acd6-80cac8e48241@group-5F6CD5FDB7F6-LeaderElection5] INFO  impl.RoleInfo (RoleInfo.java:updateAndGet(143)) - 5862a0f6-345d-4ea3-acd6-80cac8e48241: start FollowerState
2019-10-21 03:34:09,378 [2168b752-3a95-463d-8b76-275bc2ee8f53@group-5F6CD5FDB7F6-LeaderElection6] INFO  impl.LeaderElection (LeaderElection.java:logAndReturn(56)) - 2168b752-3a95-463d-8b76-275bc2ee8f53@group-5F6CD5FDB7F6-LeaderElection6: Election REJECTED; received 2 response(s) [2168b752-3a95-463d-8b76-275bc2ee8f53<-a9b2150e-77aa-4b60-aecd-1dd026cfa7cd#0:FAIL-t1, 2168b752-3a95-463d-8b76-275bc2ee8f53<-5862a0f6-345d-4ea3-acd6-80cac8e48241#0:FAIL-t1] and 0 exception(s); 2168b752-3a95-463d-8b76-275bc2ee8f53@group-5F6CD5FDB7F6:t1, leader=null, voted=2168b752-3a95-463d-8b76-275bc2ee8f53, raftlog=2168b752-3a95-463d-8b76-275bc2ee8f53@group-5F6CD5FDB7F6-SegmentedRaftLog:OPENED:c-1,f-1,i0, conf=-1: [2168b752-3a95-463d-8b76-275bc2ee8f53:192.168.157.255:38663, a9b2150e-77aa-4b60-aecd-1dd026cfa7cd:192.168.157.255:42907, 5862a0f6-345d-4ea3-acd6-80cac8e48241:192.168.157.255:41729], old=null
2019-10-21 03:34:09,379 [2168b752-3a95-463d-8b76-275bc2ee8f53@group-5F6CD5FDB7F6-LeaderElection6] INFO  impl.RaftServerImpl (RaftServerImpl.java:setRole(170)) - 2168b752-3a95-463d-8b76-275bc2ee8f53@group-5F6CD5FDB7F6: changes role from CANDIDATE to FOLLOWER at term 1 for DISCOVERED_A_NEW_TERM
2019-10-21 03:34:09,380 [2168b752-3a95-463d-8b76-275bc2ee8f53@group-5F6CD5FDB7F6-LeaderElection6] INFO  impl.RoleInfo (RoleInfo.java:shutdownLeaderElection(134)) - 2168b752-3a95-463d-8b76-275bc2ee8f53: shutdown LeaderElection
2019-10-21 03:34:09,380 [2168b752-3a95-463d-8b76-275bc2ee8f53@group-5F6CD5FDB7F6-LeaderElection6] INFO  impl.RoleInfo (RoleInfo.java:updateAndGet(143)) - 2168b752-3a95-463d-8b76-275bc2ee8f53: start FollowerState
2019-10-21 03:34:09,382 [a9b2150e-77aa-4b60-aecd-1dd026cfa7cd@group-5F6CD5FDB7F6-LeaderElection7] INFO  impl.LeaderElection (LeaderElection.java:logAndReturn(56)) - a9b2150e-77aa-4b60-aecd-1dd026cfa7cd@group-5F6CD5FDB7F6-LeaderElection7: Election REJECTED; received 2 response(s) [a9b2150e-77aa-4b60-aecd-1dd026cfa7cd<-2168b752-3a95-463d-8b76-275bc2ee8f53#0:FAIL-t1, a9b2150e-77aa-4b60-aecd-1dd026cfa7cd<-5862a0f6-345d-4ea3-acd6-80cac8e48241#0:FAIL-t1] and 0 exception(s); a9b2150e-77aa-4b60-aecd-1dd026cfa7cd@group-5F6CD5FDB7F6:t1, leader=null, voted=a9b2150e-77aa-4b60-aecd-1dd026cfa7cd, raftlog=a9b2150e-77aa-4b60-aecd-1dd026cfa7cd@group-5F6CD5FDB7F6-SegmentedRaftLog:OPENED:c-1,f-1,i0, conf=-1: [2168b752-3a95-463d-8b76-275bc2ee8f53:192.168.157.255:38663, a9b2150e-77aa-4b60-aecd-1dd026cfa7cd:192.168.157.255:42907, 5862a0f6-345d-4ea3-acd6-80cac8e48241:192.168.157.255:41729], old=null
2019-10-21 03:34:09,383 [a9b2150e-77aa-4b60-aecd-1dd026cfa7cd@group-5F6CD5FDB7F6-LeaderElection7] INFO  impl.RaftServerImpl (RaftServerImpl.java:setRole(170)) - a9b2150e-77aa-4b60-aecd-1dd026cfa7cd@group-5F6CD5FDB7F6: changes role from CANDIDATE to FOLLOWER at term 1 for DISCOVERED_A_NEW_TERM
2019-10-21 03:34:09,384 [a9b2150e-77aa-4b60-aecd-1dd026cfa7cd@group-5F6CD5FDB7F6-LeaderElection7] INFO  impl.RoleInfo (RoleInfo.java:shutdownLeaderElection(134)) - a9b2150e-77aa-4b60-aecd-1dd026cfa7cd: shutdown LeaderElection
2019-10-21 03:34:09,384 [a9b2150e-77aa-4b60-aecd-1dd026cfa7cd@group-5F6CD5FDB7F6-LeaderElection7] INFO  impl.RoleInfo (RoleInfo.java:updateAndGet(143)) - a9b2150e-77aa-4b60-aecd-1dd026cfa7cd: start FollowerState
2019-10-21 03:34:09,393 [5862a0f6-345d-4ea3-acd6-80cac8e48241@group-AB7035F2E872-SegmentedRaftLogWorker] INFO  segmented.SegmentedRaftLogWorker (SegmentedRaftLogWorker.java:execute(574)) - 5862a0f6-345d-4ea3-acd6-80cac8e48241@group-AB7035F2E872-SegmentedRaftLogWorker: created new log segment /workdir/hadoop-ozone/integration-test/target/test-dir/MiniOzoneClusterImpl-0d9ef5dc-8c83-4a95-80ca-c8ea87fb8f69/datanode-1/data/ratis/9e54459d-8e2c-41cf-8351-ab7035f2e872/current/log_inprogress_0
2019-10-21 03:34:09,393 [2168b752-3a95-463d-8b76-275bc2ee8f53@group-AB7035F2E872-SegmentedRaftLogWorker] INFO  segmented.SegmentedRaftLogWorker (SegmentedRaftLogWorker.java:execute(574)) - 2168b752-3a95-463d-8b76-275bc2ee8f53@group-AB7035F2E872-SegmentedRaftLogWorker: created new log segment /workdir/hadoop-ozone/integration-test/target/test-dir/MiniOzoneClusterImpl-0d9ef5dc-8c83-4a95-80ca-c8ea87fb8f69/datanode-0/data/ratis/9e54459d-8e2c-41cf-8351-ab7035f2e872/current/log_inprogress_0
2019-10-21 03:34:14,409 [Thread-273] INFO  impl.FollowerState (FollowerState.java:run(108)) - 2168b752-3a95-463d-8b76-275bc2ee8f53@group-5F6CD5FDB7F6-FollowerState: change to CANDIDATE, lastRpcTime:5028ms, electionTimeout:5028ms
2019-10-21 03:34:14,410 [Thread-273] INFO  impl.RoleInfo (RoleInfo.java:shutdownFollowerState(121)) - 2168b752-3a95-463d-8b76-275bc2ee8f53: shutdown FollowerState
2019-10-21 03:34:14,410 [Thread-273] INFO  impl.RaftServerImpl (RaftServerImpl.java:setRole(170)) - 2168b752-3a95-463d-8b76-275bc2ee8f53@group-5F6CD5FDB7F6: changes role from  FOLLOWER to CANDIDATE at term 1 for changeToCandidate
2019-10-21 03:34:14,410 [Thread-273] INFO  impl.RoleInfo (RoleInfo.java:updateAndGet(143)) - 2168b752-3a95-463d-8b76-275bc2ee8f53: start LeaderElection
2019-10-21 03:34:14,469 [2168b752-3a95-463d-8b76-275bc2ee8f53@group-5F6CD5FDB7F6-LeaderElection8] INFO  impl.LeaderElection (LeaderElection.java:askForVotes(178)) - 2168b752-3a95-463d-8b76-275bc2ee8f53@group-5F6CD5FDB7F6-LeaderElection8: begin an election at term 2 for -1: [2168b752-3a95-463d-8b76-275bc2ee8f53:192.168.157.255:38663, a9b2150e-77aa-4b60-aecd-1dd026cfa7cd:192.168.157.255:42907, 5862a0f6-345d-4ea3-acd6-80cac8e48241:192.168.157.255:41729], old=null
2019-10-21 03:34:14,476 [grpc-default-executor-2] INFO  impl.RaftServerImpl (RaftServerImpl.java:setRole(170)) - a9b2150e-77aa-4b60-aecd-1dd026cfa7cd@group-5F6CD5FDB7F6: changes role from  FOLLOWER to FOLLOWER at term 2 for recognizeCandidate:2168b752-3a95-463d-8b76-275bc2ee8f53
2019-10-21 03:34:14,476 [grpc-default-executor-1] INFO  impl.RaftServerImpl (RaftServerImpl.java:setRole(170)) - 5862a0f6-345d-4ea3-acd6-80cac8e48241@group-5F6CD5FDB7F6: changes role from  FOLLOWER to FOLLOWER at term 2 for recognizeCandidate:2168b752-3a95-463d-8b76-275bc2ee8f53
2019-10-21 03:34:14,476 [grpc-default-executor-2] INFO  impl.RoleInfo (RoleInfo.java:shutdownFollowerState(121)) - a9b2150e-77aa-4b60-aecd-1dd026cfa7cd: shutdown FollowerState
2019-10-21 03:34:14,476 [grpc-default-executor-1] INFO  impl.RoleInfo (RoleInfo.java:shutdownFollowerState(121)) - 5862a0f6-345d-4ea3-acd6-80cac8e48241: shutdown FollowerState
2019-10-21 03:34:14,476 [Thread-274] INFO  impl.FollowerState (FollowerState.java:run(117)) - a9b2150e-77aa-4b60-aecd-1dd026cfa7cd@group-5F6CD5FDB7F6-FollowerState was interrupted: java.lang.InterruptedException: sleep interrupted
2019-10-21 03:34:14,477 [grpc-default-executor-1] INFO  impl.RoleInfo (RoleInfo.java:updateAndGet(143)) - 5862a0f6-345d-4ea3-acd6-80cac8e48241: start FollowerState
2019-10-21 03:34:14,476 [grpc-default-executor-2] INFO  impl.RoleInfo (RoleInfo.java:updateAndGet(143)) - a9b2150e-77aa-4b60-aecd-1dd026cfa7cd: start FollowerState
2019-10-21 03:34:14,477 [Thread-272] INFO  impl.FollowerState (FollowerState.java:run(117)) - 5862a0f6-345d-4ea3-acd6-80cac8e48241@group-5F6CD5FDB7F6-FollowerState was interrupted: java.lang.InterruptedException: sleep interrupted
2019-10-21 03:34:14,535 [2168b752-3a95-463d-8b76-275bc2ee8f53@group-5F6CD5FDB7F6-LeaderElection8] INFO  impl.LeaderElection (LeaderElection.java:logAndReturn(56)) - 2168b752-3a95-463d-8b76-275bc2ee8f53@group-5F6CD5FDB7F6-LeaderElection8: Election PASSED; received 1 response(s) [2168b752-3a95-463d-8b76-275bc2ee8f53<-a9b2150e-77aa-4b60-aecd-1dd026cfa7cd#0:OK-t2] and 0 exception(s); 2168b752-3a95-463d-8b76-275bc2ee8f53@group-5F6CD5FDB7F6:t2, leader=null, voted=2168b752-3a95-463d-8b76-275bc2ee8f53, raftlog=2168b752-3a95-463d-8b76-275bc2ee8f53@group-5F6CD5FDB7F6-SegmentedRaftLog:OPENED:c-1,f-1,i0, conf=-1: [2168b752-3a95-463d-8b76-275bc2ee8f53:192.168.157.255:38663, a9b2150e-77aa-4b60-aecd-1dd026cfa7cd:192.168.157.255:42907, 5862a0f6-345d-4ea3-acd6-80cac8e48241:192.168.157.255:41729], old=null
2019-10-21 03:34:14,535 [2168b752-3a95-463d-8b76-275bc2ee8f53@group-5F6CD5FDB7F6-LeaderElection8] INFO  impl.RoleInfo (RoleInfo.java:shutdownLeaderElection(134)) - 2168b752-3a95-463d-8b76-275bc2ee8f53: shutdown LeaderElection
2019-10-21 03:34:14,536 [2168b752-3a95-463d-8b76-275bc2ee8f53@group-5F6CD5FDB7F6-LeaderElection8] INFO  impl.RaftServerImpl (RaftServerImpl.java:setRole(170)) - 2168b752-3a95-463d-8b76-275bc2ee8f53@group-5F6CD5FDB7F6: changes role from CANDIDATE to LEADER at term 2 for changeToLeader
2019-10-21 03:34:14,536 [2168b752-3a95-463d-8b76-275bc2ee8f53@group-5F6CD5FDB7F6-LeaderElection8] INFO  impl.RaftServerImpl (ServerState.java:setLeader(255)) - 2168b752-3a95-463d-8b76-275bc2ee8f53@group-5F6CD5FDB7F6: change Leader from null to 2168b752-3a95-463d-8b76-275bc2ee8f53 at term 2 for becomeLeader, leader elected after 10372ms
2019-10-21 03:34:14,537 [2168b752-3a95-463d-8b76-275bc2ee8f53@group-5F6CD5FDB7F6-LeaderElection8] INFO  server.RaftServerConfigKeys (ConfUtils.java:logGet(43)) - raft.server.staging.catchup.gap = 1000 (default)
2019-10-21 03:34:14,537 [2168b752-3a95-463d-8b76-275bc2ee8f53@group-5F6CD5FDB7F6-LeaderElection8] INFO  server.RaftServerConfigKeys (ConfUtils.java:logGet(43)) - raft.server.rpc.sleep.time = 25ms (default)
2019-10-21 03:34:14,537 [2168b752-3a95-463d-8b76-275bc2ee8f53@group-5F6CD5FDB7F6-LeaderElection8] INFO  server.RaftServerConfigKeys (ConfUtils.java:logGet(43)) - raft.server.write.element-limit = 4096 (default)
2019-10-21 03:34:14,537 [2168b752-3a95-463d-8b76-275bc2ee8f53@group-5F6CD5FDB7F6-LeaderElection8] INFO  server.RaftServerConfigKeys (ConfUtils.java:logGet(43)) - raft.server.watch.timeout = 10s (default)
2019-10-21 03:34:14,538 [2168b752-3a95-463d-8b76-275bc2ee8f53@group-5F6CD5FDB7F6-LeaderElection8] INFO  server.RaftServerConfigKeys (ConfUtils.java:logGet(43)) - raft.server.watch.timeout.denomination = 1s (default)
2019-10-21 03:34:14,538 [2168b752-3a95-463d-8b76-275bc2ee8f53@group-5F6CD5FDB7F6-LeaderElection8] INFO  server.RaftServerConfigKeys (ConfUtils.java:logGet(43)) - raft.server.watch.element-limit = 65536 (default)
2019-10-21 03:34:14,542 [2168b752-3a95-463d-8b76-275bc2ee8f53@group-5F6CD5FDB7F6-LeaderElection8] INFO  server.RaftServerConfigKeys (ConfUtils.java:logGet(43)) - raft.server.log.appender.snapshot.chunk.size.max = 16MB (=16777216) (default)
2019-10-21 03:34:14,542 [2168b752-3a95-463d-8b76-275bc2ee8f53@group-5F6CD5FDB7F6-LeaderElection8] INFO  server.RaftServerConfigKeys (ConfUtils.java:logGet(43)) - raft.server.log.appender.buffer.byte-limit = 33554432 (custom)
2019-10-21 03:34:14,542 [2168b752-3a95-463d-8b76-275bc2ee8f53@group-5F6CD5FDB7F6-LeaderElection8] INFO  server.RaftServerConfigKeys (ConfUtils.java:logGet(43)) - raft.server.log.appender.buffer.element-limit = 1 (custom)
2019-10-21 03:34:14,543 [2168b752-3a95-463d-8b76-275bc2ee8f53@group-5F6CD5FDB7F6-LeaderElection8] INFO  grpc.GrpcConfigKeys$Server (ConfUtils.java:logGet(43)) - raft.grpc.server.leader.outstanding.appends.max = 128 (default)
2019-10-21 03:34:14,544 [2168b752-3a95-463d-8b76-275bc2ee8f53@group-5F6CD5FDB7F6-LeaderElection8] INFO  server.RaftServerConfigKeys (ConfUtils.java:logGet(43)) - raft.server.rpc.request.timeout = 3000ms (default)
2019-10-21 03:34:14,544 [2168b752-3a95-463d-8b76-275bc2ee8f53@group-5F6CD5FDB7F6-LeaderElection8] INFO  server.RaftServerConfigKeys (ConfUtils.java:logGet(43)) - raft.server.log.appender.install.snapshot.enabled = false (custom)
2019-10-21 03:34:14,544 [2168b752-3a95-463d-8b76-275bc2ee8f53@group-5F6CD5FDB7F6-LeaderElection8] INFO  server.RaftServerConfigKeys (ConfUtils.java:logGet(43)) - raft.server.log.appender.snapshot.chunk.size.max = 16MB (=16777216) (default)
2019-10-21 03:34:14,545 [2168b752-3a95-463d-8b76-275bc2ee8f53@group-5F6CD5FDB7F6-LeaderElection8] INFO  server.RaftServerConfigKeys (ConfUtils.java:logGet(43)) - raft.server.log.appender.buffer.byte-limit = 33554432 (custom)
2019-10-21 03:34:14,545 [2168b752-3a95-463d-8b76-275bc2ee8f53@group-5F6CD5FDB7F6-LeaderElection8] INFO  server.RaftServerConfigKeys (ConfUtils.java:logGet(43)) - raft.server.log.appender.buffer.element-limit = 1 (custom)
2019-10-21 03:34:14,545 [2168b752-3a95-463d-8b76-275bc2ee8f53@group-5F6CD5FDB7F6-LeaderElection8] INFO  grpc.GrpcConfigKeys$Server (ConfUtils.java:logGet(43)) - raft.grpc.server.leader.outstanding.appends.max = 128 (default)
2019-10-21 03:34:14,545 [2168b752-3a95-463d-8b76-275bc2ee8f53@group-5F6CD5FDB7F6-LeaderElection8] INFO  server.RaftServerConfigKeys (ConfUtils.java:logGet(43)) - raft.server.rpc.request.timeout = 3000ms (default)
2019-10-21 03:34:14,546 [2168b752-3a95-463d-8b76-275bc2ee8f53@group-5F6CD5FDB7F6-LeaderElection8] INFO  server.RaftServerConfigKeys (ConfUtils.java:logGet(43)) - raft.server.log.appender.install.snapshot.enabled = false (custom)
2019-10-21 03:34:14,546 [2168b752-3a95-463d-8b76-275bc2ee8f53@group-5F6CD5FDB7F6-LeaderElection8] INFO  impl.RoleInfo (RoleInfo.java:updateAndGet(143)) - 2168b752-3a95-463d-8b76-275bc2ee8f53: start LeaderState
2019-10-21 03:34:14,546 [2168b752-3a95-463d-8b76-275bc2ee8f53@group-5F6CD5FDB7F6-LeaderElection8] INFO  segmented.SegmentedRaftLogWorker (SegmentedRaftLogWorker.java:startLogSegment(385)) - 2168b752-3a95-463d-8b76-275bc2ee8f53@group-5F6CD5FDB7F6-SegmentedRaftLogWorker: Starting segment from index:0
2019-10-21 03:34:14,547 [2168b752-3a95-463d-8b76-275bc2ee8f53@group-5F6CD5FDB7F6-LeaderElection8] INFO  impl.RaftServerImpl (ServerState.java:setRaftConf(356)) - 2168b752-3a95-463d-8b76-275bc2ee8f53@group-5F6CD5FDB7F6: set configuration 0: [2168b752-3a95-463d-8b76-275bc2ee8f53:192.168.157.255:38663, a9b2150e-77aa-4b60-aecd-1dd026cfa7cd:192.168.157.255:42907, 5862a0f6-345d-4ea3-acd6-80cac8e48241:192.168.157.255:41729], old=null at 0
2019-10-21 03:34:14,585 [grpc-default-executor-2] INFO  impl.RaftServerImpl (ServerState.java:setLeader(255)) - a9b2150e-77aa-4b60-aecd-1dd026cfa7cd@group-5F6CD5FDB7F6: change Leader from null to 2168b752-3a95-463d-8b76-275bc2ee8f53 at term 2 for appendEntries, leader elected after 10421ms
2019-10-21 03:34:14,586 [grpc-default-executor-1] INFO  impl.RaftServerImpl (ServerState.java:setLeader(255)) - 5862a0f6-345d-4ea3-acd6-80cac8e48241@group-5F6CD5FDB7F6: change Leader from null to 2168b752-3a95-463d-8b76-275bc2ee8f53 at term 2 for appendEntries, leader elected after 10422ms
2019-10-21 03:34:14,590 [grpc-default-executor-2] INFO  impl.RaftServerImpl (ServerState.java:setRaftConf(356)) - a9b2150e-77aa-4b60-aecd-1dd026cfa7cd@group-5F6CD5FDB7F6: set configuration 0: [2168b752-3a95-463d-8b76-275bc2ee8f53:192.168.157.255:38663, a9b2150e-77aa-4b60-aecd-1dd026cfa7cd:192.168.157.255:42907, 5862a0f6-345d-4ea3-acd6-80cac8e48241:192.168.157.255:41729], old=null at 0
2019-10-21 03:34:14,590 [grpc-default-executor-2] INFO  segmented.SegmentedRaftLogWorker (SegmentedRaftLogWorker.java:startLogSegment(385)) - a9b2150e-77aa-4b60-aecd-1dd026cfa7cd@group-5F6CD5FDB7F6-SegmentedRaftLogWorker: Starting segment from index:0
2019-10-21 03:34:14,590 [grpc-default-executor-1] INFO  impl.RaftServerImpl (ServerState.java:setRaftConf(356)) - 5862a0f6-345d-4ea3-acd6-80cac8e48241@group-5F6CD5FDB7F6: set configuration 0: [2168b752-3a95-463d-8b76-275bc2ee8f53:192.168.157.255:38663, a9b2150e-77aa-4b60-aecd-1dd026cfa7cd:192.168.157.255:42907, 5862a0f6-345d-4ea3-acd6-80cac8e48241:192.168.157.255:41729], old=null at 0
2019-10-21 03:34:14,591 [grpc-default-executor-1] INFO  segmented.SegmentedRaftLogWorker (SegmentedRaftLogWorker.java:startLogSegment(385)) - 5862a0f6-345d-4ea3-acd6-80cac8e48241@group-5F6CD5FDB7F6-SegmentedRaftLogWorker: Starting segment from index:0
2019-10-21 03:34:14,632 [2168b752-3a95-463d-8b76-275bc2ee8f53@group-5F6CD5FDB7F6-SegmentedRaftLogWorker] INFO  segmented.SegmentedRaftLogWorker (SegmentedRaftLogWorker.java:execute(574)) - 2168b752-3a95-463d-8b76-275bc2ee8f53@group-5F6CD5FDB7F6-SegmentedRaftLogWorker: created new log segment /workdir/hadoop-ozone/integration-test/target/test-dir/MiniOzoneClusterImpl-0d9ef5dc-8c83-4a95-80ca-c8ea87fb8f69/datanode-0/data/ratis/69d53e01-0a37-4a4c-b67e-5f6cd5fdb7f6/current/log_inprogress_0
2019-10-21 03:34:14,634 [a9b2150e-77aa-4b60-aecd-1dd026cfa7cd@group-5F6CD5FDB7F6-SegmentedRaftLogWorker] INFO  segmented.SegmentedRaftLogWorker (SegmentedRaftLogWorker.java:execute(574)) - a9b2150e-77aa-4b60-aecd-1dd026cfa7cd@group-5F6CD5FDB7F6-SegmentedRaftLogWorker: created new log segment /workdir/hadoop-ozone/integration-test/target/test-dir/MiniOzoneClusterImpl-0d9ef5dc-8c83-4a95-80ca-c8ea87fb8f69/datanode-2/data/ratis/69d53e01-0a37-4a4c-b67e-5f6cd5fdb7f6/current/log_inprogress_0
2019-10-21 03:34:14,634 [5862a0f6-345d-4ea3-acd6-80cac8e48241@group-5F6CD5FDB7F6-SegmentedRaftLogWorker] INFO  segmented.SegmentedRaftLogWorker (SegmentedRaftLogWorker.java:execute(574)) - 5862a0f6-345d-4ea3-acd6-80cac8e48241@group-5F6CD5FDB7F6-SegmentedRaftLogWorker: created new log segment /workdir/hadoop-ozone/integration-test/target/test-dir/MiniOzoneClusterImpl-0d9ef5dc-8c83-4a95-80ca-c8ea87fb8f69/datanode-1/data/ratis/69d53e01-0a37-4a4c-b67e-5f6cd5fdb7f6/current/log_inprogress_0
]]></system-out>
    <system-err><![CDATA[ERROR StatusLogger No Log4j 2 configuration file found. Using default configuration (logging only errors to the console), or user programmatically provided configurations. Set system property 'log4j2.debug' to show Log4j 2 internal initialization logging. See https://logging.apache.org/log4j/2.x/manual/configuration.html for instructions on how to configure Log4j 2
]]></system-err>
  </testcase>
</testsuite>