<?xml version="1.0" encoding="UTF-8"?>
<testsuite xmlns:xsi="http://www.w3.org/2001/XMLSchema-instance" xsi:noNamespaceSchemaLocation="https://maven.apache.org/surefire/maven-surefire-plugin/xsd/surefire-test-report.xsd" name="org.apache.hadoop.ozone.om.TestOzoneManagerHA" time="861.234" tests="25" errors="2" skipped="0" failures="1">
  <properties>
    <property name="awt.toolkit" value="sun.awt.X11.XToolkit"/>
    <property name="file.encoding.pkg" value="sun.io"/>
    <property name="java.specification.version" value="1.8"/>
    <property name="sun.cpu.isalist" value=""/>
    <property name="sun.jnu.encoding" value="ANSI_X3.4-1968"/>
    <property name="java.class.path" value="/workdir/hadoop-ozone/integration-test/target/test-classes:/workdir/hadoop-ozone/integration-test/target/classes:/home/user/.m2/repository/org/apache/hadoop/hadoop-ozone-common/0.5.0-SNAPSHOT/hadoop-ozone-common-0.5.0-SNAPSHOT.jar:/home/user/.m2/repository/org/apache/commons/commons-compress/1.4.1/commons-compress-1.4.1.jar:/home/user/.m2/repository/org/tukaani/xz/1.0/xz-1.0.jar:/home/user/.m2/repository/org/apache/hadoop/hadoop-common/3.2.0/hadoop-common-3.2.0.jar:/home/user/.m2/repository/org/apache/hadoop/hadoop-hdfs/3.2.0/hadoop-hdfs-3.2.0.jar:/home/user/.m2/repository/org/apache/hadoop/hadoop-hdfs-client/3.2.0/hadoop-hdfs-client-3.2.0.jar:/home/user/.m2/repository/com/fasterxml/jackson/core/jackson-annotations/2.9.9/jackson-annotations-2.9.9.jar:/home/user/.m2/repository/org/apache/hadoop/hadoop-hdds-common/0.5.0-SNAPSHOT/hadoop-hdds-common-0.5.0-SNAPSHOT.jar:/home/user/.m2/repository/javax/annotation/javax.annotation-api/1.2/javax.annotation-api-1.2.jar:/home/user/.m2/repository/org/apache/ratis/ratis-server/0.5.0-201fc85-SNAPSHOT/ratis-server-0.5.0-201fc85-SNAPSHOT.jar:/home/user/.m2/repository/org/apache/ratis/ratis-thirdparty-misc/0.2.0/ratis-thirdparty-misc-0.2.0.jar:/home/user/.m2/repository/org/apache/ratis/ratis-proto/0.5.0-201fc85-SNAPSHOT/ratis-proto-0.5.0-201fc85-SNAPSHOT.jar:/home/user/.m2/repository/org/apache/ratis/ratis-common/0.5.0-201fc85-SNAPSHOT/ratis-common-0.5.0-201fc85-SNAPSHOT.jar:/home/user/.m2/repository/org/apache/ratis/ratis-client/0.5.0-201fc85-SNAPSHOT/ratis-client-0.5.0-201fc85-SNAPSHOT.jar:/home/user/.m2/repository/org/apache/ratis/ratis-metrics/0.5.0-201fc85-SNAPSHOT/ratis-metrics-0.5.0-201fc85-SNAPSHOT.jar:/home/user/.m2/repository/com/github/joshelser/dropwizard-metrics-hadoop-metrics2-reporter/0.1.2/dropwizard-metrics-hadoop-metrics2-reporter-0.1.2.jar:/home/user/.m2/repository/io/dropwizard/metrics/metrics-jvm/3.2.5/metrics-jvm-3.2.5.jar:/home/user/.m2/repository/io/dropwizard/metrics/metrics-ganglia/3.2.5/metrics-ganglia-3.2.5.jar:/home/user/.m2/repository/info/ganglia/gmetric4j/gmetric4j/1.0.7/gmetric4j-1.0.7.jar:/home/user/.m2/repository/org/apache/ratis/ratis-netty/0.5.0-201fc85-SNAPSHOT/ratis-netty-0.5.0-201fc85-SNAPSHOT.jar:/home/user/.m2/repository/org/apache/ratis/ratis-grpc/0.5.0-201fc85-SNAPSHOT/ratis-grpc-0.5.0-201fc85-SNAPSHOT.jar:/home/user/.m2/repository/org/rocksdb/rocksdbjni/6.0.1/rocksdbjni-6.0.1.jar:/home/user/.m2/repository/org/apache/logging/log4j/log4j-api/2.11.0/log4j-api-2.11.0.jar:/home/user/.m2/repository/org/apache/logging/log4j/log4j-core/2.11.0/log4j-core-2.11.0.jar:/home/user/.m2/repository/com/lmax/disruptor/3.4.2/disruptor-3.4.2.jar:/home/user/.m2/repository/org/apache/commons/commons-pool2/2.6.0/commons-pool2-2.6.0.jar:/home/user/.m2/repository/org/bouncycastle/bcpkix-jdk15on/1.60/bcpkix-jdk15on-1.60.jar:/home/user/.m2/repository/commons-validator/commons-validator/1.6/commons-validator-1.6.jar:/home/user/.m2/repository/commons-digester/commons-digester/1.8.1/commons-digester-1.8.1.jar:/home/user/.m2/repository/io/jaegertracing/jaeger-client/0.34.0/jaeger-client-0.34.0.jar:/home/user/.m2/repository/io/jaegertracing/jaeger-thrift/0.34.0/jaeger-thrift-0.34.0.jar:/home/user/.m2/repository/org/apache/thrift/libthrift/0.12.0/libthrift-0.12.0.jar:/home/user/.m2/repository/com/squareup/okhttp3/okhttp/3.9.0/okhttp-3.9.0.jar:/home/user/.m2/repository/com/squareup/okio/okio/1.13.0/okio-1.13.0.jar:/home/user/.m2/repository/io/jaegertracing/jaeger-core/0.34.0/jaeger-core-0.34.0.jar:/home/user/.m2/repository/io/jaegertracing/jaeger-tracerresolver/0.34.0/jaeger-tracerresolver-0.34.0.jar:/home/user/.m2/repository/io/opentracing/contrib/opentracing-tracerresolver/0.1.5/opentracing-tracerresolver-0.1.5.jar:/home/user/.m2/repository/io/opentracing/opentracing-util/0.31.0/opentracing-util-0.31.0.jar:/home/user/.m2/repository/io/opentracing/opentracing-api/0.31.0/opentracing-api-0.31.0.jar:/home/user/.m2/repository/io/opentracing/opentracing-noop/0.31.0/opentracing-noop-0.31.0.jar:/home/user/.m2/repository/org/apache/hadoop/hadoop-hdds-server-framework/0.5.0-SNAPSHOT/hadoop-hdds-server-framework-0.5.0-SNAPSHOT.jar:/home/user/.m2/repository/org/apache/hadoop/hadoop-hdds-container-service/0.5.0-SNAPSHOT/hadoop-hdds-container-service-0.5.0-SNAPSHOT.jar:/home/user/.m2/repository/org/apache/hadoop/hadoop-hdds-client/0.5.0-SNAPSHOT/hadoop-hdds-client-0.5.0-SNAPSHOT.jar:/home/user/.m2/repository/org/apache/hadoop/hadoop-hdds-tools/0.5.0-SNAPSHOT/hadoop-hdds-tools-0.5.0-SNAPSHOT.jar:/home/user/.m2/repository/org/apache/hadoop/hadoop-hdds-server-scm/0.5.0-SNAPSHOT/hadoop-hdds-server-scm-0.5.0-SNAPSHOT.jar:/home/user/.m2/repository/org/apache/hadoop/hadoop-hdds-docs/0.5.0-SNAPSHOT/hadoop-hdds-docs-0.5.0-SNAPSHOT.jar:/home/user/.m2/repository/io/dropwizard/metrics/metrics-core/3.2.4/metrics-core-3.2.4.jar:/home/user/.m2/repository/org/hamcrest/hamcrest-all/1.3/hamcrest-all-1.3.jar:/home/user/.m2/repository/org/bouncycastle/bcprov-jdk15on/1.60/bcprov-jdk15on-1.60.jar:/home/user/.m2/repository/info/picocli/picocli/3.9.6/picocli-3.9.6.jar:/home/user/.m2/repository/com/google/protobuf/protobuf-java/2.5.0/protobuf-java-2.5.0.jar:/home/user/.m2/repository/com/google/guava/guava/11.0.2/guava-11.0.2.jar:/home/user/.m2/repository/org/apache/hadoop/hadoop-ozone-ozone-manager/0.5.0-SNAPSHOT/hadoop-ozone-ozone-manager-0.5.0-SNAPSHOT.jar:/home/user/.m2/repository/org/apache/hadoop/hadoop-minikdc/3.2.0/hadoop-minikdc-3.2.0.jar:/home/user/.m2/repository/commons-io/commons-io/2.5/commons-io-2.5.jar:/home/user/.m2/repository/org/apache/kerby/kerb-simplekdc/1.0.1/kerb-simplekdc-1.0.1.jar:/home/user/.m2/repository/org/apache/kerby/kerb-client/1.0.1/kerb-client-1.0.1.jar:/home/user/.m2/repository/org/apache/kerby/kerby-config/1.0.1/kerby-config-1.0.1.jar:/home/user/.m2/repository/org/apache/kerby/kerb-core/1.0.1/kerb-core-1.0.1.jar:/home/user/.m2/repository/org/apache/kerby/kerby-pkix/1.0.1/kerby-pkix-1.0.1.jar:/home/user/.m2/repository/org/apache/kerby/kerby-asn1/1.0.1/kerby-asn1-1.0.1.jar:/home/user/.m2/repository/org/apache/kerby/kerby-util/1.0.1/kerby-util-1.0.1.jar:/home/user/.m2/repository/org/apache/kerby/kerb-common/1.0.1/kerb-common-1.0.1.jar:/home/user/.m2/repository/org/apache/kerby/kerb-crypto/1.0.1/kerb-crypto-1.0.1.jar:/home/user/.m2/repository/org/apache/kerby/kerb-util/1.0.1/kerb-util-1.0.1.jar:/home/user/.m2/repository/org/apache/kerby/token-provider/1.0.1/token-provider-1.0.1.jar:/home/user/.m2/repository/org/apache/kerby/kerb-admin/1.0.1/kerb-admin-1.0.1.jar:/home/user/.m2/repository/org/apache/kerby/kerb-server/1.0.1/kerb-server-1.0.1.jar:/home/user/.m2/repository/org/apache/kerby/kerb-identity/1.0.1/kerb-identity-1.0.1.jar:/home/user/.m2/repository/org/apache/kerby/kerby-xdr/1.0.1/kerby-xdr-1.0.1.jar:/home/user/.m2/repository/org/slf4j/slf4j-log4j12/1.7.25/slf4j-log4j12-1.7.25.jar:/home/user/.m2/repository/org/apache/hadoop/hadoop-ozone-s3gateway/0.5.0-SNAPSHOT/hadoop-ozone-s3gateway-0.5.0-SNAPSHOT.jar:/home/user/.m2/repository/org/jboss/weld/servlet/weld-servlet/2.4.7.Final/weld-servlet-2.4.7.Final.jar:/home/user/.m2/repository/org/glassfish/jersey/containers/jersey-container-servlet-core/2.27/jersey-container-servlet-core-2.27.jar:/home/user/.m2/repository/org/glassfish/hk2/external/javax.inject/2.5.0-b42/javax.inject-2.5.0-b42.jar:/home/user/.m2/repository/org/glassfish/jersey/core/jersey-common/2.27/jersey-common-2.27.jar:/home/user/.m2/repository/org/glassfish/hk2/osgi-resource-locator/1.0.1/osgi-resource-locator-1.0.1.jar:/home/user/.m2/repository/javax/ws/rs/javax.ws.rs-api/2.1/javax.ws.rs-api-2.1.jar:/home/user/.m2/repository/org/glassfish/jersey/ext/cdi/jersey-cdi1x/2.27/jersey-cdi1x-2.27.jar:/home/user/.m2/repository/org/glassfish/jersey/inject/jersey-hk2/2.27/jersey-hk2-2.27.jar:/home/user/.m2/repository/org/glassfish/hk2/hk2-locator/2.5.0-b42/hk2-locator-2.5.0-b42.jar:/home/user/.m2/repository/org/javassist/javassist/3.22.0-CR2/javassist-3.22.0-CR2.jar:/home/user/.m2/repository/org/glassfish/hk2/hk2-api/2.5.0/hk2-api-2.5.0.jar:/home/user/.m2/repository/org/glassfish/hk2/external/jakarta.inject/2.5.0/jakarta.inject-2.5.0.jar:/home/user/.m2/repository/org/glassfish/hk2/hk2-utils/2.5.0/hk2-utils-2.5.0.jar:/home/user/.m2/repository/jakarta/annotation/jakarta.annotation-api/1.3.4/jakarta.annotation-api-1.3.4.jar:/home/user/.m2/repository/org/glassfish/hk2/external/aopalliance-repackaged/2.5.0/aopalliance-repackaged-2.5.0.jar:/home/user/.m2/repository/com/fasterxml/jackson/dataformat/jackson-dataformat-xml/2.9.0/jackson-dataformat-xml-2.9.0.jar:/home/user/.m2/repository/com/fasterxml/jackson/core/jackson-core/2.9.9/jackson-core-2.9.9.jar:/home/user/.m2/repository/com/fasterxml/jackson/module/jackson-module-jaxb-annotations/2.9.9/jackson-module-jaxb-annotations-2.9.9.jar:/home/user/.m2/repository/javax/enterprise/cdi-api/1.2/cdi-api-1.2.jar:/home/user/.m2/repository/javax/el/javax.el-api/3.0.0/javax.el-api-3.0.0.jar:/home/user/.m2/repository/javax/interceptor/javax.interceptor-api/1.2/javax.interceptor-api-1.2.jar:/home/user/.m2/repository/javax/inject/javax.inject/1/javax.inject-1.jar:/home/user/.m2/repository/com/sun/xml/bind/jaxb-impl/2.3.0.1/jaxb-impl-2.3.0.1.jar:/home/user/.m2/repository/com/sun/xml/bind/jaxb-core/2.3.0.1/jaxb-core-2.3.0.1.jar:/home/user/.m2/repository/javax/xml/bind/jaxb-api/2.3.0/jaxb-api-2.3.0.jar:/home/user/.m2/repository/javax/activation/activation/1.1.1/activation-1.1.1.jar:/home/user/.m2/repository/org/apache/hadoop/hadoop-ozone-csi/0.5.0-SNAPSHOT/hadoop-ozone-csi-0.5.0-SNAPSHOT.jar:/home/user/.m2/repository/com/google/protobuf/protobuf-java-util/3.5.1/protobuf-java-util-3.5.1.jar:/home/user/.m2/repository/org/apache/hadoop/hadoop-hdds-config/0.5.0-SNAPSHOT/hadoop-hdds-config-0.5.0-SNAPSHOT.jar:/home/user/.m2/repository/io/grpc/grpc-netty/1.17.1/grpc-netty-1.17.1.jar:/home/user/.m2/repository/io/grpc/grpc-core/1.17.1/grpc-core-1.17.1.jar:/home/user/.m2/repository/io/grpc/grpc-context/1.17.1/grpc-context-1.17.1.jar:/home/user/.m2/repository/com/google/errorprone/error_prone_annotations/2.2.0/error_prone_annotations-2.2.0.jar:/home/user/.m2/repository/org/codehaus/mojo/animal-sniffer-annotations/1.17/animal-sniffer-annotations-1.17.jar:/home/user/.m2/repository/io/opencensus/opencensus-api/0.17.0/opencensus-api-0.17.0.jar:/home/user/.m2/repository/io/opencensus/opencensus-contrib-grpc-metrics/0.17.0/opencensus-contrib-grpc-metrics-0.17.0.jar:/home/user/.m2/repository/io/netty/netty-codec-http2/4.1.30.Final/netty-codec-http2-4.1.30.Final.jar:/home/user/.m2/repository/io/netty/netty-codec-http/4.1.30.Final/netty-codec-http-4.1.30.Final.jar:/home/user/.m2/repository/io/netty/netty-codec/4.1.30.Final/netty-codec-4.1.30.Final.jar:/home/user/.m2/repository/io/netty/netty-handler/4.1.30.Final/netty-handler-4.1.30.Final.jar:/home/user/.m2/repository/io/netty/netty-handler-proxy/4.1.30.Final/netty-handler-proxy-4.1.30.Final.jar:/home/user/.m2/repository/io/netty/netty-codec-socks/4.1.30.Final/netty-codec-socks-4.1.30.Final.jar:/home/user/.m2/repository/io/netty/netty-transport-native-epoll/4.1.30.Final/netty-transport-native-epoll-4.1.30.Final.jar:/home/user/.m2/repository/io/netty/netty-common/4.1.30.Final/netty-common-4.1.30.Final.jar:/home/user/.m2/repository/io/netty/netty-buffer/4.1.30.Final/netty-buffer-4.1.30.Final.jar:/home/user/.m2/repository/io/netty/netty-transport/4.1.30.Final/netty-transport-4.1.30.Final.jar:/home/user/.m2/repository/io/netty/netty-resolver/4.1.30.Final/netty-resolver-4.1.30.Final.jar:/home/user/.m2/repository/io/netty/netty-transport-native-unix-common/4.1.30.Final/netty-transport-native-unix-common-4.1.30.Final.jar:/home/user/.m2/repository/io/grpc/grpc-protobuf/1.17.1/grpc-protobuf-1.17.1.jar:/home/user/.m2/repository/com/google/api/grpc/proto-google-common-protos/1.0.0/proto-google-common-protos-1.0.0.jar:/home/user/.m2/repository/io/grpc/grpc-protobuf-lite/1.17.1/grpc-protobuf-lite-1.17.1.jar:/home/user/.m2/repository/io/grpc/grpc-stub/1.17.1/grpc-stub-1.17.1.jar:/home/user/.m2/repository/org/apache/hadoop/hadoop-ozone-recon/0.5.0-SNAPSHOT/hadoop-ozone-recon-0.5.0-SNAPSHOT.jar:/home/user/.m2/repository/org/apache/hadoop/hadoop-ozone-reconcodegen/0.5.0-SNAPSHOT/hadoop-ozone-reconcodegen-0.5.0-SNAPSHOT.jar:/home/user/.m2/repository/com/google/inject/extensions/guice-multibindings/4.0/guice-multibindings-4.0.jar:/home/user/.m2/repository/com/google/inject/guice/4.0/guice-4.0.jar:/home/user/.m2/repository/aopalliance/aopalliance/1.0/aopalliance-1.0.jar:/home/user/.m2/repository/com/google/inject/extensions/guice-servlet/4.0/guice-servlet-4.0.jar:/home/user/.m2/repository/org/glassfish/jersey/containers/jersey-container-servlet/2.27/jersey-container-servlet-2.27.jar:/home/user/.m2/repository/org/glassfish/hk2/guice-bridge/2.5.0/guice-bridge-2.5.0.jar:/home/user/.m2/repository/org/glassfish/jersey/core/jersey-server/2.27/jersey-server-2.27.jar:/home/user/.m2/repository/org/glassfish/jersey/core/jersey-client/2.27/jersey-client-2.27.jar:/home/user/.m2/repository/org/glassfish/jersey/media/jersey-media-jaxb/2.27/jersey-media-jaxb-2.27.jar:/home/user/.m2/repository/javax/validation/validation-api/1.1.0.Final/validation-api-1.1.0.Final.jar:/home/user/.m2/repository/org/glassfish/jersey/media/jersey-media-json-jackson/2.27/jersey-media-json-jackson-2.27.jar:/home/user/.m2/repository/org/glassfish/jersey/ext/jersey-entity-filtering/2.27/jersey-entity-filtering-2.27.jar:/home/user/.m2/repository/com/google/inject/extensions/guice-assistedinject/4.0/guice-assistedinject-4.0.jar:/home/user/.m2/repository/org/jooq/jooq/3.11.10/jooq-3.11.10.jar:/home/user/.m2/repository/org/jooq/jooq-meta/3.11.10/jooq-meta-3.11.10.jar:/home/user/.m2/repository/org/jooq/jooq-codegen/3.11.10/jooq-codegen-3.11.10.jar:/home/user/.m2/repository/com/jolbox/bonecp/0.8.0.RELEASE/bonecp-0.8.0.RELEASE.jar:/home/user/.m2/repository/org/xerial/sqlite-jdbc/3.25.2/sqlite-jdbc-3.25.2.jar:/home/user/.m2/repository/org/springframework/spring-jdbc/5.1.3.RELEASE/spring-jdbc-5.1.3.RELEASE.jar:/home/user/.m2/repository/org/springframework/spring-beans/5.1.3.RELEASE/spring-beans-5.1.3.RELEASE.jar:/home/user/.m2/repository/org/springframework/spring-core/5.1.3.RELEASE/spring-core-5.1.3.RELEASE.jar:/home/user/.m2/repository/org/springframework/spring-jcl/5.1.3.RELEASE/spring-jcl-5.1.3.RELEASE.jar:/home/user/.m2/repository/org/springframework/spring-tx/5.1.3.RELEASE/spring-tx-5.1.3.RELEASE.jar:/home/user/.m2/repository/org/apache/hadoop/hadoop-ozone-client/0.5.0-SNAPSHOT/hadoop-ozone-client-0.5.0-SNAPSHOT.jar:/home/user/.m2/repository/commons-lang/commons-lang/2.6/commons-lang-2.6.jar:/home/user/.m2/repository/org/apache/hadoop/hadoop-ozone-ozone-manager/0.5.0-SNAPSHOT/hadoop-ozone-ozone-manager-0.5.0-SNAPSHOT-tests.jar:/home/user/.m2/repository/junit/junit/4.11/junit-4.11.jar:/home/user/.m2/repository/org/hamcrest/hamcrest-core/1.3/hamcrest-core-1.3.jar:/home/user/.m2/repository/org/openjdk/jmh/jmh-core/1.19/jmh-core-1.19.jar:/home/user/.m2/repository/net/sf/jopt-simple/jopt-simple/4.6/jopt-simple-4.6.jar:/home/user/.m2/repository/org/apache/commons/commons-math3/3.1.1/commons-math3-3.1.1.jar:/home/user/.m2/repository/org/openjdk/jmh/jmh-generator-annprocess/1.19/jmh-generator-annprocess-1.19.jar:/home/user/.m2/repository/org/mockito/mockito-all/1.8.5/mockito-all-1.8.5.jar:/home/user/.m2/repository/org/apache/hadoop/hadoop-kms/3.2.0/hadoop-kms-3.2.0.jar:/home/user/.m2/repository/org/apache/hadoop/hadoop-auth/3.2.0/hadoop-auth-3.2.0.jar:/home/user/.m2/repository/com/nimbusds/nimbus-jose-jwt/4.41.1/nimbus-jose-jwt-4.41.1.jar:/home/user/.m2/repository/com/github/stephenc/jcip/jcip-annotations/1.0-1/jcip-annotations-1.0-1.jar:/home/user/.m2/repository/net/minidev/json-smart/2.3/json-smart-2.3.jar:/home/user/.m2/repository/net/minidev/accessors-smart/1.2/accessors-smart-1.2.jar:/home/user/.m2/repository/org/ow2/asm/asm/5.0.4/asm-5.0.4.jar:/home/user/.m2/repository/org/apache/curator/curator-framework/2.12.0/curator-framework-2.12.0.jar:/home/user/.m2/repository/com/sun/jersey/jersey-core/1.19/jersey-core-1.19.jar:/home/user/.m2/repository/javax/ws/rs/jsr311-api/1.1.1/jsr311-api-1.1.1.jar:/home/user/.m2/repository/com/sun/jersey/jersey-server/1.19/jersey-server-1.19.jar:/home/user/.m2/repository/javax/servlet/javax.servlet-api/3.1.0/javax.servlet-api-3.1.0.jar:/home/user/.m2/repository/org/eclipse/jetty/jetty-server/9.3.25.v20180904/jetty-server-9.3.25.v20180904.jar:/home/user/.m2/repository/org/eclipse/jetty/jetty-http/9.3.25.v20180904/jetty-http-9.3.25.v20180904.jar:/home/user/.m2/repository/org/eclipse/jetty/jetty-io/9.3.25.v20180904/jetty-io-9.3.25.v20180904.jar:/home/user/.m2/repository/org/eclipse/jetty/jetty-webapp/9.3.25.v20180904/jetty-webapp-9.3.25.v20180904.jar:/home/user/.m2/repository/org/eclipse/jetty/jetty-xml/9.3.25.v20180904/jetty-xml-9.3.25.v20180904.jar:/home/user/.m2/repository/log4j/log4j/1.2.17/log4j-1.2.17.jar:/home/user/.m2/repository/org/slf4j/slf4j-api/1.7.25/slf4j-api-1.7.25.jar:/home/user/.m2/repository/org/slf4j/jul-to-slf4j/1.7.25/jul-to-slf4j-1.7.25.jar:/home/user/.m2/repository/org/eclipse/jetty/jetty-util/9.3.25.v20180904/jetty-util-9.3.25.v20180904.jar:/home/user/.m2/repository/com/fasterxml/jackson/core/jackson-databind/2.9.9/jackson-databind-2.9.9.jar:/home/user/.m2/repository/org/apache/hadoop/hadoop-kms/3.2.0/hadoop-kms-3.2.0-tests.jar:/home/user/.m2/repository/org/apache/hadoop/hadoop-hdds-server-scm/0.5.0-SNAPSHOT/hadoop-hdds-server-scm-0.5.0-SNAPSHOT-tests.jar:/home/user/.m2/repository/org/apache/hadoop/hadoop-hdds-container-service/0.5.0-SNAPSHOT/hadoop-hdds-container-service-0.5.0-SNAPSHOT-tests.jar:/home/user/.m2/repository/org/yaml/snakeyaml/1.16/snakeyaml-1.16.jar:/home/user/.m2/repository/org/apache/hadoop/hadoop-common/3.2.0/hadoop-common-3.2.0-tests.jar:/home/user/.m2/repository/org/apache/hadoop/hadoop-annotations/3.2.0/hadoop-annotations-3.2.0.jar:/usr/lib/jvm/java-1.8.0-openjdk-1.8.0.222.b10-1.el7_7.x86_64/jre/../lib/tools.jar:/home/user/.m2/repository/commons-cli/commons-cli/1.2/commons-cli-1.2.jar:/home/user/.m2/repository/org/apache/httpcomponents/httpclient/4.5.2/httpclient-4.5.2.jar:/home/user/.m2/repository/org/apache/httpcomponents/httpcore/4.4.4/httpcore-4.4.4.jar:/home/user/.m2/repository/commons-codec/commons-codec/1.11/commons-codec-1.11.jar:/home/user/.m2/repository/commons-net/commons-net/3.6/commons-net-3.6.jar:/home/user/.m2/repository/commons-collections/commons-collections/3.2.2/commons-collections-3.2.2.jar:/home/user/.m2/repository/org/eclipse/jetty/jetty-servlet/9.3.25.v20180904/jetty-servlet-9.3.25.v20180904.jar:/home/user/.m2/repository/org/eclipse/jetty/jetty-security/9.3.25.v20180904/jetty-security-9.3.25.v20180904.jar:/home/user/.m2/repository/javax/servlet/jsp/jsp-api/2.1/jsp-api-2.1.jar:/home/user/.m2/repository/com/sun/jersey/jersey-servlet/1.19/jersey-servlet-1.19.jar:/home/user/.m2/repository/com/sun/jersey/jersey-json/1.19/jersey-json-1.19.jar:/home/user/.m2/repository/org/codehaus/jettison/jettison/1.1/jettison-1.1.jar:/home/user/.m2/repository/org/codehaus/jackson/jackson-core-asl/1.9.13/jackson-core-asl-1.9.13.jar:/home/user/.m2/repository/org/codehaus/jackson/jackson-mapper-asl/1.9.13/jackson-mapper-asl-1.9.13.jar:/home/user/.m2/repository/org/codehaus/jackson/jackson-jaxrs/1.9.13/jackson-jaxrs-1.9.13.jar:/home/user/.m2/repository/org/codehaus/jackson/jackson-xc/1.9.13/jackson-xc-1.9.13.jar:/home/user/.m2/repository/commons-logging/commons-logging/1.1.3/commons-logging-1.1.3.jar:/home/user/.m2/repository/commons-beanutils/commons-beanutils/1.9.4/commons-beanutils-1.9.4.jar:/home/user/.m2/repository/org/apache/commons/commons-configuration2/2.1.1/commons-configuration2-2.1.1.jar:/home/user/.m2/repository/org/apache/commons/commons-lang3/3.7/commons-lang3-3.7.jar:/home/user/.m2/repository/org/apache/commons/commons-text/1.4/commons-text-1.4.jar:/home/user/.m2/repository/org/apache/avro/avro/1.7.7/avro-1.7.7.jar:/home/user/.m2/repository/com/thoughtworks/paranamer/paranamer/2.3/paranamer-2.3.jar:/home/user/.m2/repository/org/xerial/snappy/snappy-java/1.0.5/snappy-java-1.0.5.jar:/home/user/.m2/repository/com/google/re2j/re2j/1.1/re2j-1.1.jar:/home/user/.m2/repository/com/google/code/gson/gson/2.2.4/gson-2.2.4.jar:/home/user/.m2/repository/com/jcraft/jsch/0.1.54/jsch-0.1.54.jar:/home/user/.m2/repository/org/apache/curator/curator-client/2.12.0/curator-client-2.12.0.jar:/home/user/.m2/repository/org/apache/curator/curator-recipes/2.12.0/curator-recipes-2.12.0.jar:/home/user/.m2/repository/com/google/code/findbugs/jsr305/3.0.0/jsr305-3.0.0.jar:/home/user/.m2/repository/org/apache/htrace/htrace-core4/4.1.0-incubating/htrace-core4-4.1.0-incubating.jar:/home/user/.m2/repository/org/apache/zookeeper/zookeeper/3.4.13/zookeeper-3.4.13.jar:/home/user/.m2/repository/jline/jline/0.9.94/jline-0.9.94.jar:/home/user/.m2/repository/org/apache/yetus/audience-annotations/0.5.0/audience-annotations-0.5.0.jar:/home/user/.m2/repository/org/codehaus/woodstox/stax2-api/3.1.4/stax2-api-3.1.4.jar:/home/user/.m2/repository/com/fasterxml/woodstox/woodstox-core/5.0.3/woodstox-core-5.0.3.jar:/home/user/.m2/repository/dnsjava/dnsjava/2.1.7/dnsjava-2.1.7.jar:/home/user/.m2/repository/org/apache/hadoop/hadoop-hdfs/3.2.0/hadoop-hdfs-3.2.0-tests.jar:/home/user/.m2/repository/org/eclipse/jetty/jetty-util-ajax/9.3.25.v20180904/jetty-util-ajax-9.3.25.v20180904.jar:/home/user/.m2/repository/commons-daemon/commons-daemon/1.0.13/commons-daemon-1.0.13.jar:/home/user/.m2/repository/io/netty/netty/3.10.5.Final/netty-3.10.5.Final.jar:/home/user/.m2/repository/io/netty/netty-all/4.0.52.Final/netty-all-4.0.52.Final.jar:/home/user/.m2/repository/org/fusesource/leveldbjni/leveldbjni-all/1.8/leveldbjni-all-1.8.jar:"/>
    <property name="java.vm.vendor" value="Oracle Corporation"/>
    <property name="sun.arch.data.model" value="64"/>
    <property name="test.build.dir" value="/workdir/hadoop-ozone/integration-test/target/test-dir"/>
    <property name="test.cache.data" value=""/>
    <property name="java.vendor.url" value="http://java.oracle.com/"/>
    <property name="user.timezone" value=""/>
    <property name="java.vm.specification.version" value="1.8"/>
    <property name="os.name" value="Linux"/>
    <property name="test.build.data" value="/workdir/hadoop-ozone/integration-test/target/test-dir"/>
    <property name="user.country" value="US"/>
    <property name="sun.java.launcher" value="SUN_STANDARD"/>
    <property name="sun.boot.library.path" value="/usr/lib/jvm/java-1.8.0-openjdk-1.8.0.222.b10-1.el7_7.x86_64/jre/lib/amd64"/>
    <property name="sun.java.command" value="/workdir/hadoop-ozone/integration-test/target/surefire/surefirebooter5769327403906965.jar /workdir/hadoop-ozone/integration-test/target/surefire 2019-10-21T03-10-02_339-jvmRun1 surefire2178087107195911971tmp surefire_826680408067401638540tmp"/>
    <property name="surefire.test.class.path" value="/workdir/hadoop-ozone/integration-test/target/test-classes:/workdir/hadoop-ozone/integration-test/target/classes:/home/user/.m2/repository/org/apache/hadoop/hadoop-ozone-common/0.5.0-SNAPSHOT/hadoop-ozone-common-0.5.0-SNAPSHOT.jar:/home/user/.m2/repository/org/apache/commons/commons-compress/1.4.1/commons-compress-1.4.1.jar:/home/user/.m2/repository/org/tukaani/xz/1.0/xz-1.0.jar:/home/user/.m2/repository/org/apache/hadoop/hadoop-common/3.2.0/hadoop-common-3.2.0.jar:/home/user/.m2/repository/org/apache/hadoop/hadoop-hdfs/3.2.0/hadoop-hdfs-3.2.0.jar:/home/user/.m2/repository/org/apache/hadoop/hadoop-hdfs-client/3.2.0/hadoop-hdfs-client-3.2.0.jar:/home/user/.m2/repository/com/fasterxml/jackson/core/jackson-annotations/2.9.9/jackson-annotations-2.9.9.jar:/home/user/.m2/repository/org/apache/hadoop/hadoop-hdds-common/0.5.0-SNAPSHOT/hadoop-hdds-common-0.5.0-SNAPSHOT.jar:/home/user/.m2/repository/javax/annotation/javax.annotation-api/1.2/javax.annotation-api-1.2.jar:/home/user/.m2/repository/org/apache/ratis/ratis-server/0.5.0-201fc85-SNAPSHOT/ratis-server-0.5.0-201fc85-SNAPSHOT.jar:/home/user/.m2/repository/org/apache/ratis/ratis-thirdparty-misc/0.2.0/ratis-thirdparty-misc-0.2.0.jar:/home/user/.m2/repository/org/apache/ratis/ratis-proto/0.5.0-201fc85-SNAPSHOT/ratis-proto-0.5.0-201fc85-SNAPSHOT.jar:/home/user/.m2/repository/org/apache/ratis/ratis-common/0.5.0-201fc85-SNAPSHOT/ratis-common-0.5.0-201fc85-SNAPSHOT.jar:/home/user/.m2/repository/org/apache/ratis/ratis-client/0.5.0-201fc85-SNAPSHOT/ratis-client-0.5.0-201fc85-SNAPSHOT.jar:/home/user/.m2/repository/org/apache/ratis/ratis-metrics/0.5.0-201fc85-SNAPSHOT/ratis-metrics-0.5.0-201fc85-SNAPSHOT.jar:/home/user/.m2/repository/com/github/joshelser/dropwizard-metrics-hadoop-metrics2-reporter/0.1.2/dropwizard-metrics-hadoop-metrics2-reporter-0.1.2.jar:/home/user/.m2/repository/io/dropwizard/metrics/metrics-jvm/3.2.5/metrics-jvm-3.2.5.jar:/home/user/.m2/repository/io/dropwizard/metrics/metrics-ganglia/3.2.5/metrics-ganglia-3.2.5.jar:/home/user/.m2/repository/info/ganglia/gmetric4j/gmetric4j/1.0.7/gmetric4j-1.0.7.jar:/home/user/.m2/repository/org/apache/ratis/ratis-netty/0.5.0-201fc85-SNAPSHOT/ratis-netty-0.5.0-201fc85-SNAPSHOT.jar:/home/user/.m2/repository/org/apache/ratis/ratis-grpc/0.5.0-201fc85-SNAPSHOT/ratis-grpc-0.5.0-201fc85-SNAPSHOT.jar:/home/user/.m2/repository/org/rocksdb/rocksdbjni/6.0.1/rocksdbjni-6.0.1.jar:/home/user/.m2/repository/org/apache/logging/log4j/log4j-api/2.11.0/log4j-api-2.11.0.jar:/home/user/.m2/repository/org/apache/logging/log4j/log4j-core/2.11.0/log4j-core-2.11.0.jar:/home/user/.m2/repository/com/lmax/disruptor/3.4.2/disruptor-3.4.2.jar:/home/user/.m2/repository/org/apache/commons/commons-pool2/2.6.0/commons-pool2-2.6.0.jar:/home/user/.m2/repository/org/bouncycastle/bcpkix-jdk15on/1.60/bcpkix-jdk15on-1.60.jar:/home/user/.m2/repository/commons-validator/commons-validator/1.6/commons-validator-1.6.jar:/home/user/.m2/repository/commons-digester/commons-digester/1.8.1/commons-digester-1.8.1.jar:/home/user/.m2/repository/io/jaegertracing/jaeger-client/0.34.0/jaeger-client-0.34.0.jar:/home/user/.m2/repository/io/jaegertracing/jaeger-thrift/0.34.0/jaeger-thrift-0.34.0.jar:/home/user/.m2/repository/org/apache/thrift/libthrift/0.12.0/libthrift-0.12.0.jar:/home/user/.m2/repository/com/squareup/okhttp3/okhttp/3.9.0/okhttp-3.9.0.jar:/home/user/.m2/repository/com/squareup/okio/okio/1.13.0/okio-1.13.0.jar:/home/user/.m2/repository/io/jaegertracing/jaeger-core/0.34.0/jaeger-core-0.34.0.jar:/home/user/.m2/repository/io/jaegertracing/jaeger-tracerresolver/0.34.0/jaeger-tracerresolver-0.34.0.jar:/home/user/.m2/repository/io/opentracing/contrib/opentracing-tracerresolver/0.1.5/opentracing-tracerresolver-0.1.5.jar:/home/user/.m2/repository/io/opentracing/opentracing-util/0.31.0/opentracing-util-0.31.0.jar:/home/user/.m2/repository/io/opentracing/opentracing-api/0.31.0/opentracing-api-0.31.0.jar:/home/user/.m2/repository/io/opentracing/opentracing-noop/0.31.0/opentracing-noop-0.31.0.jar:/home/user/.m2/repository/org/apache/hadoop/hadoop-hdds-server-framework/0.5.0-SNAPSHOT/hadoop-hdds-server-framework-0.5.0-SNAPSHOT.jar:/home/user/.m2/repository/org/apache/hadoop/hadoop-hdds-container-service/0.5.0-SNAPSHOT/hadoop-hdds-container-service-0.5.0-SNAPSHOT.jar:/home/user/.m2/repository/org/apache/hadoop/hadoop-hdds-client/0.5.0-SNAPSHOT/hadoop-hdds-client-0.5.0-SNAPSHOT.jar:/home/user/.m2/repository/org/apache/hadoop/hadoop-hdds-tools/0.5.0-SNAPSHOT/hadoop-hdds-tools-0.5.0-SNAPSHOT.jar:/home/user/.m2/repository/org/apache/hadoop/hadoop-hdds-server-scm/0.5.0-SNAPSHOT/hadoop-hdds-server-scm-0.5.0-SNAPSHOT.jar:/home/user/.m2/repository/org/apache/hadoop/hadoop-hdds-docs/0.5.0-SNAPSHOT/hadoop-hdds-docs-0.5.0-SNAPSHOT.jar:/home/user/.m2/repository/io/dropwizard/metrics/metrics-core/3.2.4/metrics-core-3.2.4.jar:/home/user/.m2/repository/org/hamcrest/hamcrest-all/1.3/hamcrest-all-1.3.jar:/home/user/.m2/repository/org/bouncycastle/bcprov-jdk15on/1.60/bcprov-jdk15on-1.60.jar:/home/user/.m2/repository/info/picocli/picocli/3.9.6/picocli-3.9.6.jar:/home/user/.m2/repository/com/google/protobuf/protobuf-java/2.5.0/protobuf-java-2.5.0.jar:/home/user/.m2/repository/com/google/guava/guava/11.0.2/guava-11.0.2.jar:/home/user/.m2/repository/org/apache/hadoop/hadoop-ozone-ozone-manager/0.5.0-SNAPSHOT/hadoop-ozone-ozone-manager-0.5.0-SNAPSHOT.jar:/home/user/.m2/repository/org/apache/hadoop/hadoop-minikdc/3.2.0/hadoop-minikdc-3.2.0.jar:/home/user/.m2/repository/commons-io/commons-io/2.5/commons-io-2.5.jar:/home/user/.m2/repository/org/apache/kerby/kerb-simplekdc/1.0.1/kerb-simplekdc-1.0.1.jar:/home/user/.m2/repository/org/apache/kerby/kerb-client/1.0.1/kerb-client-1.0.1.jar:/home/user/.m2/repository/org/apache/kerby/kerby-config/1.0.1/kerby-config-1.0.1.jar:/home/user/.m2/repository/org/apache/kerby/kerb-core/1.0.1/kerb-core-1.0.1.jar:/home/user/.m2/repository/org/apache/kerby/kerby-pkix/1.0.1/kerby-pkix-1.0.1.jar:/home/user/.m2/repository/org/apache/kerby/kerby-asn1/1.0.1/kerby-asn1-1.0.1.jar:/home/user/.m2/repository/org/apache/kerby/kerby-util/1.0.1/kerby-util-1.0.1.jar:/home/user/.m2/repository/org/apache/kerby/kerb-common/1.0.1/kerb-common-1.0.1.jar:/home/user/.m2/repository/org/apache/kerby/kerb-crypto/1.0.1/kerb-crypto-1.0.1.jar:/home/user/.m2/repository/org/apache/kerby/kerb-util/1.0.1/kerb-util-1.0.1.jar:/home/user/.m2/repository/org/apache/kerby/token-provider/1.0.1/token-provider-1.0.1.jar:/home/user/.m2/repository/org/apache/kerby/kerb-admin/1.0.1/kerb-admin-1.0.1.jar:/home/user/.m2/repository/org/apache/kerby/kerb-server/1.0.1/kerb-server-1.0.1.jar:/home/user/.m2/repository/org/apache/kerby/kerb-identity/1.0.1/kerb-identity-1.0.1.jar:/home/user/.m2/repository/org/apache/kerby/kerby-xdr/1.0.1/kerby-xdr-1.0.1.jar:/home/user/.m2/repository/org/slf4j/slf4j-log4j12/1.7.25/slf4j-log4j12-1.7.25.jar:/home/user/.m2/repository/org/apache/hadoop/hadoop-ozone-s3gateway/0.5.0-SNAPSHOT/hadoop-ozone-s3gateway-0.5.0-SNAPSHOT.jar:/home/user/.m2/repository/org/jboss/weld/servlet/weld-servlet/2.4.7.Final/weld-servlet-2.4.7.Final.jar:/home/user/.m2/repository/org/glassfish/jersey/containers/jersey-container-servlet-core/2.27/jersey-container-servlet-core-2.27.jar:/home/user/.m2/repository/org/glassfish/hk2/external/javax.inject/2.5.0-b42/javax.inject-2.5.0-b42.jar:/home/user/.m2/repository/org/glassfish/jersey/core/jersey-common/2.27/jersey-common-2.27.jar:/home/user/.m2/repository/org/glassfish/hk2/osgi-resource-locator/1.0.1/osgi-resource-locator-1.0.1.jar:/home/user/.m2/repository/javax/ws/rs/javax.ws.rs-api/2.1/javax.ws.rs-api-2.1.jar:/home/user/.m2/repository/org/glassfish/jersey/ext/cdi/jersey-cdi1x/2.27/jersey-cdi1x-2.27.jar:/home/user/.m2/repository/org/glassfish/jersey/inject/jersey-hk2/2.27/jersey-hk2-2.27.jar:/home/user/.m2/repository/org/glassfish/hk2/hk2-locator/2.5.0-b42/hk2-locator-2.5.0-b42.jar:/home/user/.m2/repository/org/javassist/javassist/3.22.0-CR2/javassist-3.22.0-CR2.jar:/home/user/.m2/repository/org/glassfish/hk2/hk2-api/2.5.0/hk2-api-2.5.0.jar:/home/user/.m2/repository/org/glassfish/hk2/external/jakarta.inject/2.5.0/jakarta.inject-2.5.0.jar:/home/user/.m2/repository/org/glassfish/hk2/hk2-utils/2.5.0/hk2-utils-2.5.0.jar:/home/user/.m2/repository/jakarta/annotation/jakarta.annotation-api/1.3.4/jakarta.annotation-api-1.3.4.jar:/home/user/.m2/repository/org/glassfish/hk2/external/aopalliance-repackaged/2.5.0/aopalliance-repackaged-2.5.0.jar:/home/user/.m2/repository/com/fasterxml/jackson/dataformat/jackson-dataformat-xml/2.9.0/jackson-dataformat-xml-2.9.0.jar:/home/user/.m2/repository/com/fasterxml/jackson/core/jackson-core/2.9.9/jackson-core-2.9.9.jar:/home/user/.m2/repository/com/fasterxml/jackson/module/jackson-module-jaxb-annotations/2.9.9/jackson-module-jaxb-annotations-2.9.9.jar:/home/user/.m2/repository/javax/enterprise/cdi-api/1.2/cdi-api-1.2.jar:/home/user/.m2/repository/javax/el/javax.el-api/3.0.0/javax.el-api-3.0.0.jar:/home/user/.m2/repository/javax/interceptor/javax.interceptor-api/1.2/javax.interceptor-api-1.2.jar:/home/user/.m2/repository/javax/inject/javax.inject/1/javax.inject-1.jar:/home/user/.m2/repository/com/sun/xml/bind/jaxb-impl/2.3.0.1/jaxb-impl-2.3.0.1.jar:/home/user/.m2/repository/com/sun/xml/bind/jaxb-core/2.3.0.1/jaxb-core-2.3.0.1.jar:/home/user/.m2/repository/javax/xml/bind/jaxb-api/2.3.0/jaxb-api-2.3.0.jar:/home/user/.m2/repository/javax/activation/activation/1.1.1/activation-1.1.1.jar:/home/user/.m2/repository/org/apache/hadoop/hadoop-ozone-csi/0.5.0-SNAPSHOT/hadoop-ozone-csi-0.5.0-SNAPSHOT.jar:/home/user/.m2/repository/com/google/protobuf/protobuf-java-util/3.5.1/protobuf-java-util-3.5.1.jar:/home/user/.m2/repository/org/apache/hadoop/hadoop-hdds-config/0.5.0-SNAPSHOT/hadoop-hdds-config-0.5.0-SNAPSHOT.jar:/home/user/.m2/repository/io/grpc/grpc-netty/1.17.1/grpc-netty-1.17.1.jar:/home/user/.m2/repository/io/grpc/grpc-core/1.17.1/grpc-core-1.17.1.jar:/home/user/.m2/repository/io/grpc/grpc-context/1.17.1/grpc-context-1.17.1.jar:/home/user/.m2/repository/com/google/errorprone/error_prone_annotations/2.2.0/error_prone_annotations-2.2.0.jar:/home/user/.m2/repository/org/codehaus/mojo/animal-sniffer-annotations/1.17/animal-sniffer-annotations-1.17.jar:/home/user/.m2/repository/io/opencensus/opencensus-api/0.17.0/opencensus-api-0.17.0.jar:/home/user/.m2/repository/io/opencensus/opencensus-contrib-grpc-metrics/0.17.0/opencensus-contrib-grpc-metrics-0.17.0.jar:/home/user/.m2/repository/io/netty/netty-codec-http2/4.1.30.Final/netty-codec-http2-4.1.30.Final.jar:/home/user/.m2/repository/io/netty/netty-codec-http/4.1.30.Final/netty-codec-http-4.1.30.Final.jar:/home/user/.m2/repository/io/netty/netty-codec/4.1.30.Final/netty-codec-4.1.30.Final.jar:/home/user/.m2/repository/io/netty/netty-handler/4.1.30.Final/netty-handler-4.1.30.Final.jar:/home/user/.m2/repository/io/netty/netty-handler-proxy/4.1.30.Final/netty-handler-proxy-4.1.30.Final.jar:/home/user/.m2/repository/io/netty/netty-codec-socks/4.1.30.Final/netty-codec-socks-4.1.30.Final.jar:/home/user/.m2/repository/io/netty/netty-transport-native-epoll/4.1.30.Final/netty-transport-native-epoll-4.1.30.Final.jar:/home/user/.m2/repository/io/netty/netty-common/4.1.30.Final/netty-common-4.1.30.Final.jar:/home/user/.m2/repository/io/netty/netty-buffer/4.1.30.Final/netty-buffer-4.1.30.Final.jar:/home/user/.m2/repository/io/netty/netty-transport/4.1.30.Final/netty-transport-4.1.30.Final.jar:/home/user/.m2/repository/io/netty/netty-resolver/4.1.30.Final/netty-resolver-4.1.30.Final.jar:/home/user/.m2/repository/io/netty/netty-transport-native-unix-common/4.1.30.Final/netty-transport-native-unix-common-4.1.30.Final.jar:/home/user/.m2/repository/io/grpc/grpc-protobuf/1.17.1/grpc-protobuf-1.17.1.jar:/home/user/.m2/repository/com/google/api/grpc/proto-google-common-protos/1.0.0/proto-google-common-protos-1.0.0.jar:/home/user/.m2/repository/io/grpc/grpc-protobuf-lite/1.17.1/grpc-protobuf-lite-1.17.1.jar:/home/user/.m2/repository/io/grpc/grpc-stub/1.17.1/grpc-stub-1.17.1.jar:/home/user/.m2/repository/org/apache/hadoop/hadoop-ozone-recon/0.5.0-SNAPSHOT/hadoop-ozone-recon-0.5.0-SNAPSHOT.jar:/home/user/.m2/repository/org/apache/hadoop/hadoop-ozone-reconcodegen/0.5.0-SNAPSHOT/hadoop-ozone-reconcodegen-0.5.0-SNAPSHOT.jar:/home/user/.m2/repository/com/google/inject/extensions/guice-multibindings/4.0/guice-multibindings-4.0.jar:/home/user/.m2/repository/com/google/inject/guice/4.0/guice-4.0.jar:/home/user/.m2/repository/aopalliance/aopalliance/1.0/aopalliance-1.0.jar:/home/user/.m2/repository/com/google/inject/extensions/guice-servlet/4.0/guice-servlet-4.0.jar:/home/user/.m2/repository/org/glassfish/jersey/containers/jersey-container-servlet/2.27/jersey-container-servlet-2.27.jar:/home/user/.m2/repository/org/glassfish/hk2/guice-bridge/2.5.0/guice-bridge-2.5.0.jar:/home/user/.m2/repository/org/glassfish/jersey/core/jersey-server/2.27/jersey-server-2.27.jar:/home/user/.m2/repository/org/glassfish/jersey/core/jersey-client/2.27/jersey-client-2.27.jar:/home/user/.m2/repository/org/glassfish/jersey/media/jersey-media-jaxb/2.27/jersey-media-jaxb-2.27.jar:/home/user/.m2/repository/javax/validation/validation-api/1.1.0.Final/validation-api-1.1.0.Final.jar:/home/user/.m2/repository/org/glassfish/jersey/media/jersey-media-json-jackson/2.27/jersey-media-json-jackson-2.27.jar:/home/user/.m2/repository/org/glassfish/jersey/ext/jersey-entity-filtering/2.27/jersey-entity-filtering-2.27.jar:/home/user/.m2/repository/com/google/inject/extensions/guice-assistedinject/4.0/guice-assistedinject-4.0.jar:/home/user/.m2/repository/org/jooq/jooq/3.11.10/jooq-3.11.10.jar:/home/user/.m2/repository/org/jooq/jooq-meta/3.11.10/jooq-meta-3.11.10.jar:/home/user/.m2/repository/org/jooq/jooq-codegen/3.11.10/jooq-codegen-3.11.10.jar:/home/user/.m2/repository/com/jolbox/bonecp/0.8.0.RELEASE/bonecp-0.8.0.RELEASE.jar:/home/user/.m2/repository/org/xerial/sqlite-jdbc/3.25.2/sqlite-jdbc-3.25.2.jar:/home/user/.m2/repository/org/springframework/spring-jdbc/5.1.3.RELEASE/spring-jdbc-5.1.3.RELEASE.jar:/home/user/.m2/repository/org/springframework/spring-beans/5.1.3.RELEASE/spring-beans-5.1.3.RELEASE.jar:/home/user/.m2/repository/org/springframework/spring-core/5.1.3.RELEASE/spring-core-5.1.3.RELEASE.jar:/home/user/.m2/repository/org/springframework/spring-jcl/5.1.3.RELEASE/spring-jcl-5.1.3.RELEASE.jar:/home/user/.m2/repository/org/springframework/spring-tx/5.1.3.RELEASE/spring-tx-5.1.3.RELEASE.jar:/home/user/.m2/repository/org/apache/hadoop/hadoop-ozone-client/0.5.0-SNAPSHOT/hadoop-ozone-client-0.5.0-SNAPSHOT.jar:/home/user/.m2/repository/commons-lang/commons-lang/2.6/commons-lang-2.6.jar:/home/user/.m2/repository/org/apache/hadoop/hadoop-ozone-ozone-manager/0.5.0-SNAPSHOT/hadoop-ozone-ozone-manager-0.5.0-SNAPSHOT-tests.jar:/home/user/.m2/repository/junit/junit/4.11/junit-4.11.jar:/home/user/.m2/repository/org/hamcrest/hamcrest-core/1.3/hamcrest-core-1.3.jar:/home/user/.m2/repository/org/openjdk/jmh/jmh-core/1.19/jmh-core-1.19.jar:/home/user/.m2/repository/net/sf/jopt-simple/jopt-simple/4.6/jopt-simple-4.6.jar:/home/user/.m2/repository/org/apache/commons/commons-math3/3.1.1/commons-math3-3.1.1.jar:/home/user/.m2/repository/org/openjdk/jmh/jmh-generator-annprocess/1.19/jmh-generator-annprocess-1.19.jar:/home/user/.m2/repository/org/mockito/mockito-all/1.8.5/mockito-all-1.8.5.jar:/home/user/.m2/repository/org/apache/hadoop/hadoop-kms/3.2.0/hadoop-kms-3.2.0.jar:/home/user/.m2/repository/org/apache/hadoop/hadoop-auth/3.2.0/hadoop-auth-3.2.0.jar:/home/user/.m2/repository/com/nimbusds/nimbus-jose-jwt/4.41.1/nimbus-jose-jwt-4.41.1.jar:/home/user/.m2/repository/com/github/stephenc/jcip/jcip-annotations/1.0-1/jcip-annotations-1.0-1.jar:/home/user/.m2/repository/net/minidev/json-smart/2.3/json-smart-2.3.jar:/home/user/.m2/repository/net/minidev/accessors-smart/1.2/accessors-smart-1.2.jar:/home/user/.m2/repository/org/ow2/asm/asm/5.0.4/asm-5.0.4.jar:/home/user/.m2/repository/org/apache/curator/curator-framework/2.12.0/curator-framework-2.12.0.jar:/home/user/.m2/repository/com/sun/jersey/jersey-core/1.19/jersey-core-1.19.jar:/home/user/.m2/repository/javax/ws/rs/jsr311-api/1.1.1/jsr311-api-1.1.1.jar:/home/user/.m2/repository/com/sun/jersey/jersey-server/1.19/jersey-server-1.19.jar:/home/user/.m2/repository/javax/servlet/javax.servlet-api/3.1.0/javax.servlet-api-3.1.0.jar:/home/user/.m2/repository/org/eclipse/jetty/jetty-server/9.3.25.v20180904/jetty-server-9.3.25.v20180904.jar:/home/user/.m2/repository/org/eclipse/jetty/jetty-http/9.3.25.v20180904/jetty-http-9.3.25.v20180904.jar:/home/user/.m2/repository/org/eclipse/jetty/jetty-io/9.3.25.v20180904/jetty-io-9.3.25.v20180904.jar:/home/user/.m2/repository/org/eclipse/jetty/jetty-webapp/9.3.25.v20180904/jetty-webapp-9.3.25.v20180904.jar:/home/user/.m2/repository/org/eclipse/jetty/jetty-xml/9.3.25.v20180904/jetty-xml-9.3.25.v20180904.jar:/home/user/.m2/repository/log4j/log4j/1.2.17/log4j-1.2.17.jar:/home/user/.m2/repository/org/slf4j/slf4j-api/1.7.25/slf4j-api-1.7.25.jar:/home/user/.m2/repository/org/slf4j/jul-to-slf4j/1.7.25/jul-to-slf4j-1.7.25.jar:/home/user/.m2/repository/org/eclipse/jetty/jetty-util/9.3.25.v20180904/jetty-util-9.3.25.v20180904.jar:/home/user/.m2/repository/com/fasterxml/jackson/core/jackson-databind/2.9.9/jackson-databind-2.9.9.jar:/home/user/.m2/repository/org/apache/hadoop/hadoop-kms/3.2.0/hadoop-kms-3.2.0-tests.jar:/home/user/.m2/repository/org/apache/hadoop/hadoop-hdds-server-scm/0.5.0-SNAPSHOT/hadoop-hdds-server-scm-0.5.0-SNAPSHOT-tests.jar:/home/user/.m2/repository/org/apache/hadoop/hadoop-hdds-container-service/0.5.0-SNAPSHOT/hadoop-hdds-container-service-0.5.0-SNAPSHOT-tests.jar:/home/user/.m2/repository/org/yaml/snakeyaml/1.16/snakeyaml-1.16.jar:/home/user/.m2/repository/org/apache/hadoop/hadoop-common/3.2.0/hadoop-common-3.2.0-tests.jar:/home/user/.m2/repository/org/apache/hadoop/hadoop-annotations/3.2.0/hadoop-annotations-3.2.0.jar:/usr/lib/jvm/java-1.8.0-openjdk-1.8.0.222.b10-1.el7_7.x86_64/jre/../lib/tools.jar:/home/user/.m2/repository/commons-cli/commons-cli/1.2/commons-cli-1.2.jar:/home/user/.m2/repository/org/apache/httpcomponents/httpclient/4.5.2/httpclient-4.5.2.jar:/home/user/.m2/repository/org/apache/httpcomponents/httpcore/4.4.4/httpcore-4.4.4.jar:/home/user/.m2/repository/commons-codec/commons-codec/1.11/commons-codec-1.11.jar:/home/user/.m2/repository/commons-net/commons-net/3.6/commons-net-3.6.jar:/home/user/.m2/repository/commons-collections/commons-collections/3.2.2/commons-collections-3.2.2.jar:/home/user/.m2/repository/org/eclipse/jetty/jetty-servlet/9.3.25.v20180904/jetty-servlet-9.3.25.v20180904.jar:/home/user/.m2/repository/org/eclipse/jetty/jetty-security/9.3.25.v20180904/jetty-security-9.3.25.v20180904.jar:/home/user/.m2/repository/javax/servlet/jsp/jsp-api/2.1/jsp-api-2.1.jar:/home/user/.m2/repository/com/sun/jersey/jersey-servlet/1.19/jersey-servlet-1.19.jar:/home/user/.m2/repository/com/sun/jersey/jersey-json/1.19/jersey-json-1.19.jar:/home/user/.m2/repository/org/codehaus/jettison/jettison/1.1/jettison-1.1.jar:/home/user/.m2/repository/org/codehaus/jackson/jackson-core-asl/1.9.13/jackson-core-asl-1.9.13.jar:/home/user/.m2/repository/org/codehaus/jackson/jackson-mapper-asl/1.9.13/jackson-mapper-asl-1.9.13.jar:/home/user/.m2/repository/org/codehaus/jackson/jackson-jaxrs/1.9.13/jackson-jaxrs-1.9.13.jar:/home/user/.m2/repository/org/codehaus/jackson/jackson-xc/1.9.13/jackson-xc-1.9.13.jar:/home/user/.m2/repository/commons-logging/commons-logging/1.1.3/commons-logging-1.1.3.jar:/home/user/.m2/repository/commons-beanutils/commons-beanutils/1.9.4/commons-beanutils-1.9.4.jar:/home/user/.m2/repository/org/apache/commons/commons-configuration2/2.1.1/commons-configuration2-2.1.1.jar:/home/user/.m2/repository/org/apache/commons/commons-lang3/3.7/commons-lang3-3.7.jar:/home/user/.m2/repository/org/apache/commons/commons-text/1.4/commons-text-1.4.jar:/home/user/.m2/repository/org/apache/avro/avro/1.7.7/avro-1.7.7.jar:/home/user/.m2/repository/com/thoughtworks/paranamer/paranamer/2.3/paranamer-2.3.jar:/home/user/.m2/repository/org/xerial/snappy/snappy-java/1.0.5/snappy-java-1.0.5.jar:/home/user/.m2/repository/com/google/re2j/re2j/1.1/re2j-1.1.jar:/home/user/.m2/repository/com/google/code/gson/gson/2.2.4/gson-2.2.4.jar:/home/user/.m2/repository/com/jcraft/jsch/0.1.54/jsch-0.1.54.jar:/home/user/.m2/repository/org/apache/curator/curator-client/2.12.0/curator-client-2.12.0.jar:/home/user/.m2/repository/org/apache/curator/curator-recipes/2.12.0/curator-recipes-2.12.0.jar:/home/user/.m2/repository/com/google/code/findbugs/jsr305/3.0.0/jsr305-3.0.0.jar:/home/user/.m2/repository/org/apache/htrace/htrace-core4/4.1.0-incubating/htrace-core4-4.1.0-incubating.jar:/home/user/.m2/repository/org/apache/zookeeper/zookeeper/3.4.13/zookeeper-3.4.13.jar:/home/user/.m2/repository/jline/jline/0.9.94/jline-0.9.94.jar:/home/user/.m2/repository/org/apache/yetus/audience-annotations/0.5.0/audience-annotations-0.5.0.jar:/home/user/.m2/repository/org/codehaus/woodstox/stax2-api/3.1.4/stax2-api-3.1.4.jar:/home/user/.m2/repository/com/fasterxml/woodstox/woodstox-core/5.0.3/woodstox-core-5.0.3.jar:/home/user/.m2/repository/dnsjava/dnsjava/2.1.7/dnsjava-2.1.7.jar:/home/user/.m2/repository/org/apache/hadoop/hadoop-hdfs/3.2.0/hadoop-hdfs-3.2.0-tests.jar:/home/user/.m2/repository/org/eclipse/jetty/jetty-util-ajax/9.3.25.v20180904/jetty-util-ajax-9.3.25.v20180904.jar:/home/user/.m2/repository/commons-daemon/commons-daemon/1.0.13/commons-daemon-1.0.13.jar:/home/user/.m2/repository/io/netty/netty/3.10.5.Final/netty-3.10.5.Final.jar:/home/user/.m2/repository/io/netty/netty-all/4.0.52.Final/netty-all-4.0.52.Final.jar:/home/user/.m2/repository/org/fusesource/leveldbjni/leveldbjni-all/1.8/leveldbjni-all-1.8.jar:"/>
    <property name="sun.cpu.endian" value="little"/>
    <property name="user.home" value="/home/user"/>
    <property name="user.language" value="en"/>
    <property name="java.specification.vendor" value="Oracle Corporation"/>
    <property name="java.home" value="/usr/lib/jvm/java-1.8.0-openjdk-1.8.0.222.b10-1.el7_7.x86_64/jre"/>
    <property name="surefire.excludesFile" value="/tools/ozone-bad-unit-tests"/>
    <property name="java.security.krb5.conf" value="/workdir/hadoop-ozone/integration-test/target/test-classes/krb5.conf"/>
    <property name="basedir" value="/workdir/hadoop-ozone/integration-test"/>
    <property name="file.separator" value="/"/>
    <property name="line.separator" value="&#10;"/>
    <property name="java.vm.specification.vendor" value="Oracle Corporation"/>
    <property name="java.specification.name" value="Java Platform API Specification"/>
    <property name="java.awt.graphicsenv" value="sun.awt.X11GraphicsEnvironment"/>
    <property name="surefire.real.class.path" value="/workdir/hadoop-ozone/integration-test/target/surefire/surefirebooter5769327403906965.jar"/>
    <property name="hadoop.log.dir" value="/workdir/hadoop-ozone/integration-test/target/log"/>
    <property name="sun.boot.class.path" value="/usr/lib/jvm/java-1.8.0-openjdk-1.8.0.222.b10-1.el7_7.x86_64/jre/lib/resources.jar:/usr/lib/jvm/java-1.8.0-openjdk-1.8.0.222.b10-1.el7_7.x86_64/jre/lib/rt.jar:/usr/lib/jvm/java-1.8.0-openjdk-1.8.0.222.b10-1.el7_7.x86_64/jre/lib/sunrsasign.jar:/usr/lib/jvm/java-1.8.0-openjdk-1.8.0.222.b10-1.el7_7.x86_64/jre/lib/jsse.jar:/usr/lib/jvm/java-1.8.0-openjdk-1.8.0.222.b10-1.el7_7.x86_64/jre/lib/jce.jar:/usr/lib/jvm/java-1.8.0-openjdk-1.8.0.222.b10-1.el7_7.x86_64/jre/lib/charsets.jar:/usr/lib/jvm/java-1.8.0-openjdk-1.8.0.222.b10-1.el7_7.x86_64/jre/lib/jfr.jar:/usr/lib/jvm/java-1.8.0-openjdk-1.8.0.222.b10-1.el7_7.x86_64/jre/classes"/>
    <property name="sun.management.compiler" value="HotSpot 64-Bit Tiered Compilers"/>
    <property name="java.runtime.version" value="1.8.0_222-b10"/>
    <property name="java.net.preferIPv4Stack" value="true"/>
    <property name="user.name" value="jenkins1000"/>
    <property name="path.separator" value=":"/>
    <property name="java.security.egd" value="file:///dev/urandom"/>
    <property name="os.version" value="3.10.0-957.12.2.el7.x86_64"/>
    <property name="java.endorsed.dirs" value="/usr/lib/jvm/java-1.8.0-openjdk-1.8.0.222.b10-1.el7_7.x86_64/jre/lib/endorsed"/>
    <property name="java.runtime.name" value="OpenJDK Runtime Environment"/>
    <property name="file.encoding" value="ANSI_X3.4-1968"/>
    <property name="java.vm.name" value="OpenJDK 64-Bit Server VM"/>
    <property name="test.build.webapps" value=""/>
    <property name="localRepository" value="/home/user/.m2/repository"/>
    <property name="java.vendor.url.bug" value="http://bugreport.sun.com/bugreport/"/>
    <property name="java.io.tmpdir" value="/tmp"/>
    <property name="require.test.libhadoop" value=""/>
    <property name="java.version" value="1.8.0_222"/>
    <property name="user.dir" value="/workdir/hadoop-ozone/integration-test"/>
    <property name="os.arch" value="amd64"/>
    <property name="java.vm.specification.name" value="Java Virtual Machine Specification"/>
    <property name="test.build.classes" value="/workdir/hadoop-ozone/integration-test/target/test-classes"/>
    <property name="java.awt.printerjob" value="sun.print.PSPrinterJob"/>
    <property name="sun.os.patch.level" value="unknown"/>
    <property name="hadoop.tmp.dir" value="/workdir/hadoop-ozone/integration-test/target/tmp"/>
    <property name="java.library.path" value="/usr/lib:/workdir/hadoop-ozone/integration-test/target/native/target/usr/local/lib:/workdir/hadoop-ozone/integration-test/../../hadoop-common-project/hadoop-common/target/native/target/usr/local/lib:/usr/java/packages/lib/amd64:/usr/lib64:/lib64:/lib:/usr/lib"/>
    <property name="java.vm.info" value="mixed mode"/>
    <property name="java.vendor" value="Oracle Corporation"/>
    <property name="java.vm.version" value="25.222-b10"/>
    <property name="java.ext.dirs" value="/usr/lib/jvm/java-1.8.0-openjdk-1.8.0.222.b10-1.el7_7.x86_64/jre/lib/ext:/usr/java/packages/lib/ext"/>
    <property name="sun.io.unicode.encoding" value="UnicodeLittle"/>
    <property name="java.class.version" value="52.0"/>
  </properties>
  <testcase name="testMultipartUpload" classname="org.apache.hadoop.ozone.om.TestOzoneManagerHA" time="25.97"/>
  <testcase name="testOMRatisSnapshot" classname="org.apache.hadoop.ozone.om.TestOzoneManagerHA" time="18.828"/>
  <testcase name="testFileOperationsWithRecursive" classname="org.apache.hadoop.ozone.om.TestOzoneManagerHA" time="65.192">
    <error message="Couldn&apos;t create RpcClient protocol" type="java.io.IOException"><![CDATA[java.io.IOException: Couldn't create RpcClient protocol
	at org.apache.hadoop.ozone.client.OzoneClientFactory.getClientProtocol(OzoneClientFactory.java:263)
	at org.apache.hadoop.ozone.client.OzoneClientFactory.getRpcClient(OzoneClientFactory.java:187)
	at org.apache.hadoop.ozone.om.TestOzoneManagerHA.init(TestOzoneManagerHA.java:145)
	at sun.reflect.NativeMethodAccessorImpl.invoke0(Native Method)
	at sun.reflect.NativeMethodAccessorImpl.invoke(NativeMethodAccessorImpl.java:62)
	at sun.reflect.DelegatingMethodAccessorImpl.invoke(DelegatingMethodAccessorImpl.java:43)
	at java.lang.reflect.Method.invoke(Method.java:498)
	at org.junit.runners.model.FrameworkMethod$1.runReflectiveCall(FrameworkMethod.java:47)
	at org.junit.internal.runners.model.ReflectiveCallable.run(ReflectiveCallable.java:12)
	at org.junit.runners.model.FrameworkMethod.invokeExplosively(FrameworkMethod.java:44)
	at org.junit.internal.runners.statements.RunBefores.evaluate(RunBefores.java:24)
	at org.junit.internal.runners.statements.RunAfters.evaluate(RunAfters.java:27)
	at org.junit.rules.ExpectedException$ExpectedExceptionStatement.evaluate(ExpectedException.java:168)
	at org.junit.internal.runners.statements.FailOnTimeout$StatementThread.run(FailOnTimeout.java:74)
Caused by: org.apache.hadoop.ipc.RemoteException(org.apache.hadoop.ozone.om.exceptions.NotLeaderException): OM omNode-2 is not the leader. Suggested leader is Optional.empty
	at org.apache.hadoop.ozone.protocolPB.OzoneManagerProtocolServerSideTranslatorPB.createNotLeaderException(OzoneManagerProtocolServerSideTranslatorPB.java:192)
	at org.apache.hadoop.ozone.protocolPB.OzoneManagerProtocolServerSideTranslatorPB.submitReadRequestToOM(OzoneManagerProtocolServerSideTranslatorPB.java:178)
	at org.apache.hadoop.ozone.protocolPB.OzoneManagerProtocolServerSideTranslatorPB.processRequest(OzoneManagerProtocolServerSideTranslatorPB.java:110)
	at org.apache.hadoop.hdds.server.OzoneProtocolMessageDispatcher.processRequest(OzoneProtocolMessageDispatcher.java:72)
	at org.apache.hadoop.ozone.protocolPB.OzoneManagerProtocolServerSideTranslatorPB.submitRequest(OzoneManagerProtocolServerSideTranslatorPB.java:100)
	at org.apache.hadoop.ozone.protocol.proto.OzoneManagerProtocolProtos$OzoneManagerService$2.callBlockingMethod(OzoneManagerProtocolProtos.java)
	at org.apache.hadoop.ipc.ProtobufRpcEngine$Server$ProtoBufRpcInvoker.call(ProtobufRpcEngine.java:524)
	at org.apache.hadoop.ipc.RPC$Server.call(RPC.java:1025)
	at org.apache.hadoop.ipc.Server$RpcCall.run(Server.java:876)
	at org.apache.hadoop.ipc.Server$RpcCall.run(Server.java:822)
	at java.security.AccessController.doPrivileged(Native Method)
	at javax.security.auth.Subject.doAs(Subject.java:422)
	at org.apache.hadoop.security.UserGroupInformation.doAs(UserGroupInformation.java:1730)
	at org.apache.hadoop.ipc.Server$Handler.run(Server.java:2682)

	at org.apache.hadoop.ipc.Client.getRpcResponse(Client.java:1511)
	at org.apache.hadoop.ipc.Client.call(Client.java:1457)
	at org.apache.hadoop.ipc.Client.call(Client.java:1367)
	at org.apache.hadoop.ipc.ProtobufRpcEngine$Invoker.invoke(ProtobufRpcEngine.java:228)
	at org.apache.hadoop.ipc.ProtobufRpcEngine$Invoker.invoke(ProtobufRpcEngine.java:116)
	at com.sun.proxy.$Proxy37.submitRequest(Unknown Source)
	at sun.reflect.GeneratedMethodAccessor20.invoke(Unknown Source)
	at sun.reflect.DelegatingMethodAccessorImpl.invoke(DelegatingMethodAccessorImpl.java:43)
	at java.lang.reflect.Method.invoke(Method.java:498)
	at org.apache.hadoop.io.retry.RetryInvocationHandler.invokeMethod(RetryInvocationHandler.java:422)
	at org.apache.hadoop.io.retry.RetryInvocationHandler$Call.invokeMethod(RetryInvocationHandler.java:165)
	at org.apache.hadoop.io.retry.RetryInvocationHandler$Call.invoke(RetryInvocationHandler.java:157)
	at org.apache.hadoop.io.retry.RetryInvocationHandler$Call.invokeOnce(RetryInvocationHandler.java:95)
	at org.apache.hadoop.io.retry.RetryInvocationHandler.invoke(RetryInvocationHandler.java:359)
	at com.sun.proxy.$Proxy37.submitRequest(Unknown Source)
	at org.apache.hadoop.ozone.om.protocolPB.OzoneManagerProtocolClientSideTranslatorPB.submitRequest(OzoneManagerProtocolClientSideTranslatorPB.java:338)
	at org.apache.hadoop.ozone.om.protocolPB.OzoneManagerProtocolClientSideTranslatorPB.getServiceInfo(OzoneManagerProtocolClientSideTranslatorPB.java:1223)
	at sun.reflect.NativeMethodAccessorImpl.invoke0(Native Method)
	at sun.reflect.NativeMethodAccessorImpl.invoke(NativeMethodAccessorImpl.java:62)
	at sun.reflect.DelegatingMethodAccessorImpl.invoke(DelegatingMethodAccessorImpl.java:43)
	at java.lang.reflect.Method.invoke(Method.java:498)
	at org.apache.hadoop.hdds.tracing.TraceAllMethod.invoke(TraceAllMethod.java:66)
	at com.sun.proxy.$Proxy38.getServiceInfo(Unknown Source)
	at org.apache.hadoop.ozone.client.rpc.RpcClient.<init>(RpcClient.java:154)
	at org.apache.hadoop.ozone.client.OzoneClientFactory.getClientProtocol(OzoneClientFactory.java:256)
	... 13 more
]]></error>
    <system-out><![CDATA[2019-10-21 04:26:57,942 [Thread-812] WARN  server.ServerUtils (ServerUtils.java:getScmDbDir(145)) - ozone.scm.db.dirs is not configured. We recommend adding this setting. Falling back to ozone.metadata.dirs instead.
2019-10-21 04:26:59,980 [Thread-812] WARN  server.ServerUtils (ServerUtils.java:getScmDbDir(145)) - ozone.scm.db.dirs is not configured. We recommend adding this setting. Falling back to ozone.metadata.dirs instead.
2019-10-21 04:26:59,981 [Thread-812] WARN  server.ServerUtils (ServerUtils.java:getScmDbDir(145)) - ozone.scm.db.dirs is not configured. We recommend adding this setting. Falling back to ozone.metadata.dirs instead.
2019-10-21 04:26:59,981 [Thread-812] INFO  db.DBStoreBuilder (DBStoreBuilder.java:addTable(117)) - using custom profile for table: deletedBlocks
2019-10-21 04:26:59,982 [Thread-812] INFO  db.DBStoreBuilder (DBStoreBuilder.java:processTables(168)) - Using default column profile:DBProfile.DISK for Table:deletedBlocks
2019-10-21 04:26:59,982 [Thread-812] INFO  db.DBStoreBuilder (DBStoreBuilder.java:addTable(117)) - using custom profile for table: validCerts
2019-10-21 04:26:59,982 [Thread-812] INFO  db.DBStoreBuilder (DBStoreBuilder.java:processTables(168)) - Using default column profile:DBProfile.DISK for Table:validCerts
2019-10-21 04:26:59,982 [Thread-812] INFO  db.DBStoreBuilder (DBStoreBuilder.java:addTable(117)) - using custom profile for table: revokedCerts
2019-10-21 04:26:59,982 [Thread-812] INFO  db.DBStoreBuilder (DBStoreBuilder.java:processTables(168)) - Using default column profile:DBProfile.DISK for Table:revokedCerts
2019-10-21 04:26:59,982 [Thread-812] INFO  db.DBStoreBuilder (DBStoreBuilder.java:addTable(117)) - using custom profile for table: default
2019-10-21 04:26:59,982 [Thread-812] INFO  db.DBStoreBuilder (DBStoreBuilder.java:processTables(174)) - Using default column profile:DBProfile.DISK for Table:default
2019-10-21 04:26:59,983 [Thread-812] INFO  db.DBStoreBuilder (DBStoreBuilder.java:getDbProfile(205)) - Using default options. DBProfile.DISK
2019-10-21 04:27:02,597 [Thread-812] INFO  net.NodeSchemaLoader (NodeSchemaLoader.java:loadSchemaFromFile(125)) - Loading file from sun.misc.CompoundEnumeration@7880a936
2019-10-21 04:27:02,597 [Thread-812] INFO  net.NodeSchemaLoader (NodeSchemaLoader.java:loadSchema(171)) - Loading network topology layer schema file
2019-10-21 04:27:02,601 [Thread-812] WARN  server.ServerUtils (ServerUtils.java:sanitizeUserArgs(70)) - ozone.scm.stale.node.interval value = 300000 is larger than max = 100000 based on the key value of ozone.scm.heartbeat.thread.interval, reset to the max value 100000.
2019-10-21 04:27:02,602 [Thread-812] WARN  server.ServerUtils (ServerUtils.java:sanitizeUserArgs(70)) - ozone.scm.stale.node.interval value = 300000 is larger than max = 100000 based on the key value of ozone.scm.heartbeat.thread.interval, reset to the max value 100000.
2019-10-21 04:27:02,602 [Thread-812] INFO  node.SCMNodeManager (SCMNodeManager.java:<init>(116)) - Entering startup safe mode.
2019-10-21 04:27:02,603 [Thread-812] INFO  algorithms.ContainerPlacementPolicyFactory (ContainerPlacementPolicyFactory.java:getPolicy(59)) - Create container placement policy of type org.apache.hadoop.hdds.scm.container.placement.algorithms.SCMContainerPlacementRandom
2019-10-21 04:27:02,603 [Thread-812] WARN  server.ServerUtils (ServerUtils.java:getScmDbDir(145)) - ozone.scm.db.dirs is not configured. We recommend adding this setting. Falling back to ozone.metadata.dirs instead.
2019-10-21 04:27:04,998 [Thread-812] INFO  pipeline.SCMPipelineManager (SCMPipelineManager.java:initializePipelineState(137)) - No pipeline exists in current db
2019-10-21 04:27:04,999 [Thread-812] WARN  server.ServerUtils (ServerUtils.java:getScmDbDir(145)) - ozone.scm.db.dirs is not configured. We recommend adding this setting. Falling back to ozone.metadata.dirs instead.
2019-10-21 04:27:17,809 [Thread-812] WARN  events.EventQueue (EventQueue.java:fireEvent(183)) - No event handler registered for event TypedEvent{payloadType=SafeModeStatus, name='SafeModeStatus'}
2019-10-21 04:27:17,811 [Thread-812] INFO  ipc.CallQueueManager (CallQueueManager.java:<init>(84)) - Using callQueue: class java.util.concurrent.LinkedBlockingQueue, queueCapacity: 2000, scheduler: class org.apache.hadoop.ipc.DefaultRpcScheduler, ipcBackoff: false.
2019-10-21 04:27:17,812 [Socket Reader #1 for port 34804] INFO  ipc.Server (Server.java:run(1074)) - Starting Socket Reader #1 for port 34804
2019-10-21 04:27:17,815 [Thread-812] INFO  ipc.CallQueueManager (CallQueueManager.java:<init>(84)) - Using callQueue: class java.util.concurrent.LinkedBlockingQueue, queueCapacity: 2000, scheduler: class org.apache.hadoop.ipc.DefaultRpcScheduler, ipcBackoff: false.
2019-10-21 04:27:17,816 [Socket Reader #1 for port 41543] INFO  ipc.Server (Server.java:run(1074)) - Starting Socket Reader #1 for port 41543
2019-10-21 04:27:17,818 [Thread-812] INFO  ipc.CallQueueManager (CallQueueManager.java:<init>(84)) - Using callQueue: class java.util.concurrent.LinkedBlockingQueue, queueCapacity: 2000, scheduler: class org.apache.hadoop.ipc.DefaultRpcScheduler, ipcBackoff: false.
2019-10-21 04:27:17,819 [Socket Reader #1 for port 35743] INFO  ipc.Server (Server.java:run(1074)) - Starting Socket Reader #1 for port 35743
2019-10-21 04:27:17,822 [Thread-812] INFO  hdfs.DFSUtil (DFSUtil.java:httpServerTemplateForNNAndJN(1641)) - Starting Web-server for scm at: http://0.0.0.0:0
2019-10-21 04:27:17,826 [Thread-812] INFO  server.AuthenticationFilter (AuthenticationFilter.java:constructSecretProvider(240)) - Unable to initialize FileSignerSecretProvider, falling back to use random secrets.
2019-10-21 04:27:17,827 [Thread-812] WARN  http.HttpRequestLog (HttpRequestLog.java:getRequestLog(97)) - Jetty request log can only be enabled using Log4j
2019-10-21 04:27:17,831 [Thread-812] INFO  http.HttpServer2 (HttpServer2.java:addGlobalFilter(975)) - Added global filter 'safety' (class=org.apache.hadoop.http.HttpServer2$QuotingInputFilter)
2019-10-21 04:27:17,832 [Thread-812] INFO  http.HttpServer2 (HttpServer2.java:addFilter(948)) - Added filter static_user_filter (class=org.apache.hadoop.http.lib.StaticUserWebFilter$StaticUserFilter) to context scm
2019-10-21 04:27:17,832 [Thread-812] INFO  http.HttpServer2 (HttpServer2.java:addFilter(958)) - Added filter static_user_filter (class=org.apache.hadoop.http.lib.StaticUserWebFilter$StaticUserFilter) to context static
2019-10-21 04:27:17,832 [Thread-812] INFO  http.HttpServer2 (HttpServer2.java:addFilter(958)) - Added filter static_user_filter (class=org.apache.hadoop.http.lib.StaticUserWebFilter$StaticUserFilter) to context logs
2019-10-21 04:27:17,836 [Thread-812] INFO  server.StorageContainerManager (StorageContainerManager.java:start(772)) - StorageContainerLocationProtocol RPC server is listening at /0.0.0.0:35743
2019-10-21 04:27:17,842 [Thread-812] WARN  impl.MetricsConfig (MetricsConfig.java:loadFirst(134)) - Cannot locate configuration: tried hadoop-metrics2-storagecontainermanager.properties,hadoop-metrics2.properties
2019-10-21 04:27:17,844 [Thread-812] INFO  impl.MetricsSystemImpl (MetricsSystemImpl.java:startTimer(374)) - Scheduled Metric snapshot period at 10 second(s).
2019-10-21 04:27:17,844 [Thread-812] INFO  impl.MetricsSystemImpl (MetricsSystemImpl.java:start(191)) - StorageContainerManager metrics system started
2019-10-21 04:27:17,895 [Thread-812] WARN  impl.MetricsSystemImpl (MetricsSystemImpl.java:register(276)) - Sink prometheus already exists!
2019-10-21 04:27:17,899 [Thread-812] INFO  server.SCMClientProtocolServer (SCMClientProtocolServer.java:start(159)) - RPC server for Client  is listening at /0.0.0.0:35743
2019-10-21 04:27:17,899 [IPC Server Responder] INFO  ipc.Server (Server.java:run(1314)) - IPC Server Responder: starting
2019-10-21 04:27:17,900 [IPC Server listener on 35743] INFO  ipc.Server (Server.java:run(1153)) - IPC Server listener on 35743: starting
2019-10-21 04:27:17,903 [Thread-812] INFO  server.StorageContainerManager (StorageContainerManager.java:start(782)) - ScmBlockLocationProtocol RPC server is listening at /0.0.0.0:41543
2019-10-21 04:27:17,904 [Thread-812] INFO  server.SCMBlockProtocolServer (SCMBlockProtocolServer.java:start(146)) - RPC server for Block Protocol is listening at /0.0.0.0:41543
2019-10-21 04:27:17,904 [IPC Server Responder] INFO  ipc.Server (Server.java:run(1314)) - IPC Server Responder: starting
2019-10-21 04:27:17,904 [IPC Server listener on 41543] INFO  ipc.Server (Server.java:run(1153)) - IPC Server listener on 41543: starting
2019-10-21 04:27:17,907 [Thread-812] INFO  server.StorageContainerManager (StorageContainerManager.java:start(786)) - ScmDatanodeProtocl RPC server is listening at /0.0.0.0:34804
2019-10-21 04:27:17,907 [Thread-812] INFO  server.SCMDatanodeProtocolServer (SCMDatanodeProtocolServer.java:start(169)) - RPC server for DataNodes is listening at /0.0.0.0:34804
2019-10-21 04:27:17,908 [IPC Server Responder] INFO  ipc.Server (Server.java:run(1314)) - IPC Server Responder: starting
2019-10-21 04:27:17,908 [IPC Server listener on 34804] INFO  ipc.Server (Server.java:run(1153)) - IPC Server listener on 34804: starting
2019-10-21 04:27:17,911 [Thread-812] INFO  http.HttpServer2 (HttpServer2.java:bindListener(1191)) - Jetty bound to port 32777
2019-10-21 04:27:17,911 [Thread-812] INFO  server.Server (Server.java:doStart(351)) - jetty-9.3.25.v20180904, build timestamp: 2018-09-04T21:11:46Z, git hash: 3ce520221d0240229c862b122d2b06c12a625732
2019-10-21 04:27:17,913 [Thread-812] INFO  handler.ContextHandler (ContextHandler.java:doStart(781)) - Started o.e.j.s.ServletContextHandler@464d3497{/logs,file:///workdir/hadoop-ozone/integration-test/target/log,AVAILABLE}
2019-10-21 04:27:17,914 [Thread-812] INFO  handler.ContextHandler (ContextHandler.java:doStart(781)) - Started o.e.j.s.ServletContextHandler@b0a9092{/static,file:///workdir/hadoop-ozone/integration-test/target/test-classes/webapps/static,AVAILABLE}
2019-10-21 04:27:18,145 [Thread-812] INFO  handler.ContextHandler (ContextHandler.java:doStart(781)) - Started o.e.j.w.WebAppContext@5e62c24c{/,file:///workdir/hadoop-ozone/integration-test/target/test-classes/webapps/scm/,AVAILABLE}{/scm}
2019-10-21 04:27:18,146 [Thread-812] INFO  server.AbstractConnector (AbstractConnector.java:doStart(278)) - Started ServerConnector@8db77c2{HTTP/1.1,[http/1.1]}{0.0.0.0:32777}
2019-10-21 04:27:18,147 [Thread-812] INFO  server.Server (Server.java:doStart(419)) - Started @65422ms
2019-10-21 04:27:18,147 [Thread-812] WARN  impl.MetricsSystemImpl (MetricsSystemImpl.java:register(276)) - Sink prometheus already exists!
2019-10-21 04:27:18,149 [Thread-812] INFO  server.BaseHttpServer (BaseHttpServer.java:updateConnectorAddress(215)) - HTTP server of SCM is listening at http://0.0.0.0:32777
2019-10-21 04:27:18,151 [org.apache.hadoop.util.JvmPauseMonitor$Monitor@5d74008c] INFO  util.JvmPauseMonitor (JvmPauseMonitor.java:run(188)) - Starting JVM pause monitor
2019-10-21 04:27:18,151 [Thread-812] WARN  server.ServerUtils (ServerUtils.java:getDBPath(222)) - ozone.om.db.dirs is not configured. We recommend adding this setting. Falling back to ozone.metadata.dirs instead.
2019-10-21 04:27:18,442 [Thread-812] INFO  ha.OMHANodeDetails (OMHANodeDetails.java:loadOMHAConfig(165)) - Found matching OM address with OMServiceId: om-service-test1, OMNodeId: omNode-1, RPC Address: localhost:13112 and Ratis port: 13116
2019-10-21 04:27:18,443 [Thread-812] INFO  ha.OMHANodeDetails (OMHANodeDetails.java:setOMNodeSpecificConfigs(298)) - Setting configuration key ozone.om.http-address with value of key ozone.om.http-address.omNode-1: 127.0.0.1:13114
2019-10-21 04:27:18,443 [Thread-812] INFO  ha.OMHANodeDetails (OMHANodeDetails.java:setOMNodeSpecificConfigs(298)) - Setting configuration key ozone.om.https-address with value of key ozone.om.https-address.omNode-1: 127.0.0.1:13115
2019-10-21 04:27:18,443 [Thread-812] INFO  ha.OMHANodeDetails (OMHANodeDetails.java:setOMNodeSpecificConfigs(298)) - Setting configuration key ozone.om.address with value of key ozone.om.address.omNode-1: 127.0.0.1:13112
2019-10-21 04:27:18,444 [Thread-812] WARN  server.ServerUtils (ServerUtils.java:getDBPath(222)) - ozone.om.db.dirs is not configured. We recommend adding this setting. Falling back to ozone.metadata.dirs instead.
2019-10-21 04:27:18,444 [Thread-812] WARN  server.ServerUtils (ServerUtils.java:getDBPath(222)) - ozone.om.db.dirs is not configured. We recommend adding this setting. Falling back to ozone.metadata.dirs instead.
2019-10-21 04:27:18,453 [Thread-812] WARN  server.ServerUtils (ServerUtils.java:getDBPath(222)) - ozone.om.db.dirs is not configured. We recommend adding this setting. Falling back to ozone.metadata.dirs instead.
2019-10-21 04:27:18,454 [Thread-812] INFO  db.DBStoreBuilder (DBStoreBuilder.java:addTable(117)) - using custom profile for table: userTable
2019-10-21 04:27:18,454 [Thread-812] INFO  db.DBStoreBuilder (DBStoreBuilder.java:processTables(168)) - Using default column profile:DBProfile.DISK for Table:userTable
2019-10-21 04:27:18,455 [Thread-812] INFO  db.DBStoreBuilder (DBStoreBuilder.java:addTable(117)) - using custom profile for table: volumeTable
2019-10-21 04:27:18,455 [Thread-812] INFO  db.DBStoreBuilder (DBStoreBuilder.java:processTables(168)) - Using default column profile:DBProfile.DISK for Table:volumeTable
2019-10-21 04:27:18,455 [Thread-812] INFO  db.DBStoreBuilder (DBStoreBuilder.java:addTable(117)) - using custom profile for table: bucketTable
2019-10-21 04:27:18,455 [Thread-812] INFO  db.DBStoreBuilder (DBStoreBuilder.java:processTables(168)) - Using default column profile:DBProfile.DISK for Table:bucketTable
2019-10-21 04:27:18,456 [Thread-812] INFO  db.DBStoreBuilder (DBStoreBuilder.java:addTable(117)) - using custom profile for table: keyTable
2019-10-21 04:27:18,456 [Thread-812] INFO  db.DBStoreBuilder (DBStoreBuilder.java:processTables(168)) - Using default column profile:DBProfile.DISK for Table:keyTable
2019-10-21 04:27:18,456 [Thread-812] INFO  db.DBStoreBuilder (DBStoreBuilder.java:addTable(117)) - using custom profile for table: deletedTable
2019-10-21 04:27:18,456 [Thread-812] INFO  db.DBStoreBuilder (DBStoreBuilder.java:processTables(168)) - Using default column profile:DBProfile.DISK for Table:deletedTable
2019-10-21 04:27:18,457 [Thread-812] INFO  db.DBStoreBuilder (DBStoreBuilder.java:addTable(117)) - using custom profile for table: openKeyTable
2019-10-21 04:27:18,457 [Thread-812] INFO  db.DBStoreBuilder (DBStoreBuilder.java:processTables(168)) - Using default column profile:DBProfile.DISK for Table:openKeyTable
2019-10-21 04:27:18,457 [Thread-812] INFO  db.DBStoreBuilder (DBStoreBuilder.java:addTable(117)) - using custom profile for table: s3Table
2019-10-21 04:27:18,457 [Thread-812] INFO  db.DBStoreBuilder (DBStoreBuilder.java:processTables(168)) - Using default column profile:DBProfile.DISK for Table:s3Table
2019-10-21 04:27:18,458 [Thread-812] INFO  db.DBStoreBuilder (DBStoreBuilder.java:addTable(117)) - using custom profile for table: multipartInfoTable
2019-10-21 04:27:18,458 [Thread-812] INFO  db.DBStoreBuilder (DBStoreBuilder.java:processTables(168)) - Using default column profile:DBProfile.DISK for Table:multipartInfoTable
2019-10-21 04:27:18,458 [Thread-812] INFO  db.DBStoreBuilder (DBStoreBuilder.java:addTable(117)) - using custom profile for table: dTokenTable
2019-10-21 04:27:18,458 [Thread-812] INFO  db.DBStoreBuilder (DBStoreBuilder.java:processTables(168)) - Using default column profile:DBProfile.DISK for Table:dTokenTable
2019-10-21 04:27:18,458 [Thread-812] INFO  db.DBStoreBuilder (DBStoreBuilder.java:addTable(117)) - using custom profile for table: s3SecretTable
2019-10-21 04:27:18,459 [Thread-812] INFO  db.DBStoreBuilder (DBStoreBuilder.java:processTables(168)) - Using default column profile:DBProfile.DISK for Table:s3SecretTable
2019-10-21 04:27:18,459 [Thread-812] INFO  db.DBStoreBuilder (DBStoreBuilder.java:addTable(117)) - using custom profile for table: prefixTable
2019-10-21 04:27:18,459 [Thread-812] INFO  db.DBStoreBuilder (DBStoreBuilder.java:processTables(168)) - Using default column profile:DBProfile.DISK for Table:prefixTable
2019-10-21 04:27:18,459 [Thread-812] INFO  db.DBStoreBuilder (DBStoreBuilder.java:addTable(117)) - using custom profile for table: default
2019-10-21 04:27:18,459 [Thread-812] INFO  db.DBStoreBuilder (DBStoreBuilder.java:processTables(174)) - Using default column profile:DBProfile.DISK for Table:default
2019-10-21 04:27:18,460 [Thread-812] INFO  db.DBStoreBuilder (DBStoreBuilder.java:getDbProfile(205)) - Using default options. DBProfile.DISK
2019-10-21 04:27:19,777 [Thread-812] WARN  scm.HddsServerUtil (HddsServerUtil.java:getDefaultRatisDirectory(354)) - Storage directory for Ratis is not configured. It is a good idea to map this to an SSD disk. Falling back to ozone.metadata.dirs
2019-10-21 04:27:19,778 [Thread-812] INFO  ratis.OzoneManagerRatisServer (OzoneManagerRatisServer.java:<init>(243)) - Instantiating OM Ratis server with GroupID: om-service-test1 and Raft Peers: localhost:13116, localhost:13122, localhost:13128
2019-10-21 04:27:19,780 [Thread-812] INFO  impl.RaftServerProxy (ConfUtils.java:logGet(43)) - raft.rpc.type = GRPC (default)
2019-10-21 04:27:19,780 [Thread-812] INFO  grpc.GrpcFactory (GrpcFactory.java:checkPooledByteBufAllocatorUseCacheForAllThreads(45)) - PERFORMANCE WARNING: useCacheForAllThreads is true that may cause Netty to create a lot garbage objects and, as a result, trigger GC.
	It is recommended to disable useCacheForAllThreads by setting -Dorg.apache.ratis.thirdparty.io.netty.allocator.useCacheForAllThreads=false in command line.
2019-10-21 04:27:19,781 [Thread-812] INFO  grpc.GrpcConfigKeys$Server (ConfUtils.java:logGet(43)) - raft.grpc.server.port = 13116 (custom)
2019-10-21 04:27:19,781 [Thread-812] INFO  server.GrpcService (ConfUtils.java:logGet(43)) - raft.grpc.message.size.max = 33554432 (custom)
2019-10-21 04:27:19,781 [Thread-812] INFO  server.RaftServerConfigKeys (ConfUtils.java:logGet(43)) - raft.server.log.appender.buffer.byte-limit = 33554432 (custom)
2019-10-21 04:27:19,781 [Thread-812] INFO  server.GrpcService (ConfUtils.java:logGet(43)) - raft.grpc.flow.control.window = 1MB (=1048576) (default)
2019-10-21 04:27:19,782 [Thread-812] INFO  server.RaftServerConfigKeys (ConfUtils.java:logGet(43)) - raft.server.rpc.request.timeout = 3000ms (default)
2019-10-21 04:27:19,783 [Thread-812] INFO  server.RaftServerConfigKeys (ConfUtils.java:logGet(43)) - raft.server.storage.dir = [/workdir/hadoop-ozone/integration-test/target/test-dir/MiniOzoneClusterImpl-1fb6c0c1-dc02-460f-8f1c-066ce42e20b0/omNode-1/ratis] (custom)
2019-10-21 04:27:19,783 [Thread-812] INFO  impl.RaftServerProxy (RaftServerProxy.java:addNew(89)) - omNode-1: addNew group-523986131536:[omNode-3:localhost:13128, omNode-1:localhost:13116, omNode-2:localhost:13122] returns group-523986131536:java.util.concurrent.CompletableFuture@4f76eea6[Not completed]
2019-10-21 04:27:19,784 [pool-179-thread-1] INFO  impl.RaftServerImpl (RaftServerImpl.java:<init>(95)) - omNode-1: new RaftServerImpl for group-523986131536:[omNode-3:localhost:13128, omNode-1:localhost:13116, omNode-2:localhost:13122] with OzoneManagerStateMachine:uninitialized
2019-10-21 04:27:19,784 [Thread-812] INFO  om.OzoneManager (OzoneManager.java:initializeRatisServer(1217)) - OzoneManager Ratis server initialized at port 13116
2019-10-21 04:27:19,792 [Thread-812] WARN  scm.HddsServerUtil (HddsServerUtil.java:getDefaultRatisDirectory(354)) - Storage directory for Ratis is not configured. It is a good idea to map this to an SSD disk. Falling back to ozone.metadata.dirs
2019-10-21 04:27:19,793 [Thread-812] WARN  scm.HddsServerUtil (HddsServerUtil.java:getDefaultRatisDirectory(354)) - Storage directory for Ratis is not configured. It is a good idea to map this to an SSD disk. Falling back to ozone.metadata.dirs
2019-10-21 04:27:19,793 [pool-179-thread-1] INFO  server.RaftServerConfigKeys (ConfUtils.java:logGet(43)) - raft.server.rpc.timeout.min = 1s (custom)
2019-10-21 04:27:19,793 [Thread-812] INFO  snapshot.OzoneManagerSnapshotProvider (OzoneManagerSnapshotProvider.java:<init>(81)) - Initializing OM Snapshot Provider
2019-10-21 04:27:19,800 [pool-179-thread-1] INFO  server.RaftServerConfigKeys (ConfUtils.java:logGet(43)) - raft.server.rpc.timeout.max = 1200ms (custom)
2019-10-21 04:27:19,802 [pool-179-thread-1] INFO  server.RaftServerConfigKeys (ConfUtils.java:logGet(43)) - raft.server.rpcslowness.timeout = 2s (custom)
2019-10-21 04:27:19,802 [pool-179-thread-1] INFO  server.RaftServerConfigKeys (ConfUtils.java:logGet(43)) - raft.server.sleep.deviation.threshold = 300 (default)
2019-10-21 04:27:19,802 [pool-179-thread-1] INFO  server.RaftServerConfigKeys (ConfUtils.java:logGet(43)) - raft.server.log.appender.install.snapshot.enabled = false (custom)
2019-10-21 04:27:19,802 [pool-179-thread-1] INFO  impl.RaftServerImpl (ServerState.java:<init>(103)) - omNode-1@group-523986131536: ConfigurationManager, init=-1: [omNode-3:localhost:13128, omNode-1:localhost:13116, omNode-2:localhost:13122], old=null, confs=<EMPTY_MAP>
2019-10-21 04:27:19,803 [pool-179-thread-1] INFO  server.RaftServerConfigKeys (ConfUtils.java:logGet(43)) - raft.server.storage.dir = [/workdir/hadoop-ozone/integration-test/target/test-dir/MiniOzoneClusterImpl-1fb6c0c1-dc02-460f-8f1c-066ce42e20b0/omNode-1/ratis] (custom)
2019-10-21 04:27:19,803 [pool-179-thread-1] INFO  server.RaftServerConfigKeys (ConfUtils.java:logGet(43)) - raft.server.log.corruption.policy = EXCEPTION (default)
2019-10-21 04:27:19,803 [pool-179-thread-1] INFO  storage.RaftStorageDirectory (RaftStorageDirectory.java:analyzeStorage(246)) - The storage directory /workdir/hadoop-ozone/integration-test/target/test-dir/MiniOzoneClusterImpl-1fb6c0c1-dc02-460f-8f1c-066ce42e20b0/omNode-1/ratis/c9bc4cf4-3bc3-3c60-a66b-523986131536 does not exist. Creating ...
2019-10-21 04:27:19,806 [Thread-812] INFO  ipc.CallQueueManager (CallQueueManager.java:<init>(84)) - Using callQueue: class java.util.concurrent.LinkedBlockingQueue, queueCapacity: 2000, scheduler: class org.apache.hadoop.ipc.DefaultRpcScheduler, ipcBackoff: false.
2019-10-21 04:27:19,807 [Socket Reader #1 for port 13112] INFO  ipc.Server (Server.java:run(1074)) - Starting Socket Reader #1 for port 13112
2019-10-21 04:27:19,818 [pool-179-thread-1] INFO  storage.RaftStorageDirectory (RaftStorageDirectory.java:tryLock(328)) - Lock on /workdir/hadoop-ozone/integration-test/target/test-dir/MiniOzoneClusterImpl-1fb6c0c1-dc02-460f-8f1c-066ce42e20b0/omNode-1/ratis/c9bc4cf4-3bc3-3c60-a66b-523986131536/in_use.lock acquired by nodename 29612@pr-hdds-1569-252f9-3696506840
2019-10-21 04:27:19,839 [Thread-812] INFO  om.OzoneManager (OzoneManager.java:start(1071)) - OzoneManager RPC server is listening at localhost/127.0.0.1:13112
2019-10-21 04:27:19,839 [Thread-812] INFO  impl.MetricsSystemImpl (MetricsSystemImpl.java:init(158)) - OzoneManager metrics system started (again)
2019-10-21 04:27:19,839 [Thread-812] INFO  ratis.OzoneManagerRatisServer (OzoneManagerRatisServer.java:start(333)) - Starting OzoneManagerRatisServer omNode-1 at port 13116
2019-10-21 04:27:19,841 [pool-179-thread-1] INFO  storage.RaftStorage (RaftStorage.java:format(84)) - Storage directory /workdir/hadoop-ozone/integration-test/target/test-dir/MiniOzoneClusterImpl-1fb6c0c1-dc02-460f-8f1c-066ce42e20b0/omNode-1/ratis/c9bc4cf4-3bc3-3c60-a66b-523986131536 has been successfully formatted.
2019-10-21 04:27:19,842 [pool-179-thread-1] INFO  server.RaftServerConfigKeys (ConfUtils.java:logGet(43)) - raft.server.notification.no-leader.timeout = 2s (custom)
2019-10-21 04:27:19,842 [pool-179-thread-1] INFO  server.RaftServerConfigKeys (ConfUtils.java:logGet(43)) - raft.server.log.use.memory = false (default)
2019-10-21 04:27:19,842 [pool-179-thread-1] INFO  server.RaftServerConfigKeys (ConfUtils.java:logGet(43)) - raft.server.log.purge.gap = 50 (custom)
2019-10-21 04:27:19,842 [pool-179-thread-1] INFO  server.RaftServerConfigKeys (ConfUtils.java:logGet(43)) - raft.server.log.appender.buffer.byte-limit = 33554432 (custom)
2019-10-21 04:27:19,842 [pool-179-thread-1] INFO  server.RaftServerConfigKeys (ConfUtils.java:logGet(43)) - raft.server.log.segment.size.max = 16384 (custom)
2019-10-21 04:27:19,842 [pool-179-thread-1] INFO  server.RaftServerConfigKeys (ConfUtils.java:logGet(43)) - raft.server.log.segment.cache.num.max = 2 (custom)
2019-10-21 04:27:19,843 [pool-179-thread-1] INFO  segmented.SegmentedRaftLogWorker (SegmentedRaftLogWorker.java:<init>(173)) - new omNode-1@group-523986131536-SegmentedRaftLogWorker for RaftStorage:Storage Directory /workdir/hadoop-ozone/integration-test/target/test-dir/MiniOzoneClusterImpl-1fb6c0c1-dc02-460f-8f1c-066ce42e20b0/omNode-1/ratis/c9bc4cf4-3bc3-3c60-a66b-523986131536
2019-10-21 04:27:19,843 [pool-179-thread-1] INFO  server.RaftServerConfigKeys (ConfUtils.java:logGet(43)) - raft.server.log.queue.byte-limit = 64MB (=67108864) (default)
2019-10-21 04:27:19,843 [pool-179-thread-1] INFO  server.RaftServerConfigKeys (ConfUtils.java:logGet(43)) - raft.server.log.queue.element-limit = 4096 (default)
2019-10-21 04:27:19,843 [pool-179-thread-1] INFO  server.RaftServerConfigKeys (ConfUtils.java:logGet(43)) - raft.server.log.segment.size.max = 16384 (custom)
2019-10-21 04:27:19,843 [pool-179-thread-1] INFO  server.RaftServerConfigKeys (ConfUtils.java:logGet(43)) - raft.server.log.preallocated.size = 16384 (custom)
2019-10-21 04:27:19,843 [pool-179-thread-1] INFO  server.RaftServerConfigKeys (ConfUtils.java:logGet(43)) - raft.server.log.write.buffer.size = 64KB (=65536) (default)
2019-10-21 04:27:19,843 [pool-179-thread-1] INFO  server.RaftServerConfigKeys (ConfUtils.java:logGet(43)) - raft.server.log.force.sync.num = 128 (default)
2019-10-21 04:27:19,843 [pool-179-thread-1] INFO  server.RaftServerConfigKeys (ConfUtils.java:logGet(43)) - raft.server.log.statemachine.data.sync = true (default)
2019-10-21 04:27:19,844 [pool-179-thread-1] INFO  server.RaftServerConfigKeys (ConfUtils.java:logGet(43)) - raft.server.log.statemachine.data.sync.timeout = 10s (default)
2019-10-21 04:27:19,844 [pool-179-thread-1] INFO  server.RaftServerConfigKeys (ConfUtils.java:logGet(43)) - raft.server.log.statemachine.data.sync.timeout.retry = -1 (default)
2019-10-21 04:27:19,844 [pool-179-thread-1] INFO  server.RaftServerConfigKeys (ConfUtils.java:logGet(43)) - raft.server.log.statemachine.data.caching.enabled = false (default)
2019-10-21 04:27:19,844 [pool-179-thread-1] INFO  segmented.SegmentedRaftLogWorker (SegmentedRaftLogWorker.java:lambda$new$0(128)) - omNode-1@group-523986131536-SegmentedRaftLogWorker: flushIndex: setUnconditionally 0 -> -1
2019-10-21 04:27:19,846 [pool-179-thread-1] INFO  server.RaftServerConfigKeys (ConfUtils.java:logGet(43)) - raft.server.snapshot.auto.trigger.enabled = true (custom)
2019-10-21 04:27:19,847 [pool-179-thread-1] INFO  server.RaftServerConfigKeys (ConfUtils.java:logGet(43)) - raft.server.snapshot.auto.trigger.threshold = 50 (custom)
2019-10-21 04:27:19,847 [pool-179-thread-1] INFO  server.RaftServerConfigKeys (ConfUtils.java:logGet(43)) - raft.server.snapshot.retention.file.num = -1 (default)
2019-10-21 04:27:19,847 [pool-179-thread-1] INFO  server.RaftServerConfigKeys (ConfUtils.java:logGet(43)) - raft.server.retrycache.expirytime = 600000ms (custom)
2019-10-21 04:27:19,848 [Thread-812] INFO  impl.RaftServerImpl (RaftServerImpl.java:start(181)) - omNode-1@group-523986131536: start as a follower, conf=-1: [omNode-3:localhost:13128, omNode-1:localhost:13116, omNode-2:localhost:13122], old=null
2019-10-21 04:27:19,848 [Thread-812] INFO  impl.RaftServerImpl (RaftServerImpl.java:setRole(170)) - omNode-1@group-523986131536: changes role from      null to FOLLOWER at term 0 for startAsFollower
2019-10-21 04:27:19,849 [Thread-812] INFO  impl.RoleInfo (RoleInfo.java:updateAndGet(143)) - omNode-1: start FollowerState
2019-10-21 04:27:19,849 [Thread-812] INFO  util.JmxRegister (JmxRegister.java:tryRegister(44)) - Successfully registered JMX Bean with object name Ratis:service=RaftServer,group=group-523986131536,id=omNode-1
2019-10-21 04:27:19,850 [Thread-812] INFO  impl.RaftServerProxy (RaftServerProxy.java:lambda$start$3(299)) - omNode-1: start RPC server
2019-10-21 04:27:19,853 [Thread-812] INFO  server.GrpcService (GrpcService.java:startImpl(158)) - omNode-1: GrpcService started, listening on 0.0.0.0/0.0.0.0:13116
2019-10-21 04:27:19,856 [IPC Server listener on 13112] INFO  ipc.Server (Server.java:run(1153)) - IPC Server listener on 13112: starting
2019-10-21 04:27:19,856 [IPC Server Responder] INFO  ipc.Server (Server.java:run(1314)) - IPC Server Responder: starting
2019-10-21 04:27:19,863 [Thread-812] INFO  hdfs.DFSUtil (DFSUtil.java:httpServerTemplateForNNAndJN(1641)) - Starting Web-server for ozoneManager at: http://0.0.0.0:13114
2019-10-21 04:27:19,864 [Thread-812] INFO  server.AuthenticationFilter (AuthenticationFilter.java:constructSecretProvider(240)) - Unable to initialize FileSignerSecretProvider, falling back to use random secrets.
2019-10-21 04:27:19,865 [Thread-812] WARN  http.HttpRequestLog (HttpRequestLog.java:getRequestLog(97)) - Jetty request log can only be enabled using Log4j
2019-10-21 04:27:19,867 [Thread-812] INFO  http.HttpServer2 (HttpServer2.java:addGlobalFilter(975)) - Added global filter 'safety' (class=org.apache.hadoop.http.HttpServer2$QuotingInputFilter)
2019-10-21 04:27:19,868 [Thread-812] INFO  http.HttpServer2 (HttpServer2.java:addFilter(948)) - Added filter static_user_filter (class=org.apache.hadoop.http.lib.StaticUserWebFilter$StaticUserFilter) to context ozoneManager
2019-10-21 04:27:19,868 [Thread-812] INFO  http.HttpServer2 (HttpServer2.java:addFilter(958)) - Added filter static_user_filter (class=org.apache.hadoop.http.lib.StaticUserWebFilter$StaticUserFilter) to context logs
2019-10-21 04:27:19,868 [Thread-812] INFO  http.HttpServer2 (HttpServer2.java:addFilter(958)) - Added filter static_user_filter (class=org.apache.hadoop.http.lib.StaticUserWebFilter$StaticUserFilter) to context static
2019-10-21 04:27:19,869 [Thread-812] INFO  http.HttpServer2 (HttpServer2.java:bindListener(1191)) - Jetty bound to port 13114
2019-10-21 04:27:19,869 [Thread-812] INFO  server.Server (Server.java:doStart(351)) - jetty-9.3.25.v20180904, build timestamp: 2018-09-04T21:11:46Z, git hash: 3ce520221d0240229c862b122d2b06c12a625732
2019-10-21 04:27:19,871 [Thread-812] INFO  handler.ContextHandler (ContextHandler.java:doStart(781)) - Started o.e.j.s.ServletContextHandler@45072575{/logs,file:///workdir/hadoop-ozone/integration-test/target/log,AVAILABLE}
2019-10-21 04:27:19,871 [Thread-812] INFO  handler.ContextHandler (ContextHandler.java:doStart(781)) - Started o.e.j.s.ServletContextHandler@76ab7646{/static,file:///workdir/hadoop-ozone/integration-test/target/test-classes/webapps/static,AVAILABLE}
2019-10-21 04:27:19,875 [Thread-812] INFO  handler.ContextHandler (ContextHandler.java:doStart(781)) - Started o.e.j.w.WebAppContext@317c5495{/,file:///workdir/hadoop-ozone/integration-test/target/test-classes/webapps/ozoneManager/,AVAILABLE}{/ozoneManager}
2019-10-21 04:27:19,876 [Thread-812] INFO  server.AbstractConnector (AbstractConnector.java:doStart(278)) - Started ServerConnector@1bda8c3e{HTTP/1.1,[http/1.1]}{0.0.0.0:13114}
2019-10-21 04:27:19,876 [Thread-812] INFO  server.Server (Server.java:doStart(419)) - Started @67151ms
2019-10-21 04:27:19,877 [Thread-812] WARN  impl.MetricsSystemImpl (MetricsSystemImpl.java:register(276)) - Sink prometheus already exists!
2019-10-21 04:27:19,878 [Thread-812] INFO  server.BaseHttpServer (BaseHttpServer.java:updateConnectorAddress(215)) - HTTP server of OZONEMANAGER is listening at http://0.0.0.0:13114
2019-10-21 04:27:19,878 [Thread-812] INFO  ozone.MiniOzoneHAClusterImpl (MiniOzoneHAClusterImpl.java:createOMService(274)) - Started OzoneManager RPC server at localhost/127.0.0.1:13112
2019-10-21 04:27:19,879 [Thread-812] WARN  server.ServerUtils (ServerUtils.java:getDBPath(222)) - ozone.om.db.dirs is not configured. We recommend adding this setting. Falling back to ozone.metadata.dirs instead.
2019-10-21 04:27:20,196 [Thread-812] INFO  ha.OMHANodeDetails (OMHANodeDetails.java:loadOMHAConfig(165)) - Found matching OM address with OMServiceId: om-service-test1, OMNodeId: omNode-2, RPC Address: localhost:13118 and Ratis port: 13122
2019-10-21 04:27:20,196 [Thread-812] INFO  ha.OMHANodeDetails (OMHANodeDetails.java:setOMNodeSpecificConfigs(298)) - Setting configuration key ozone.om.http-address with value of key ozone.om.http-address.omNode-2: 127.0.0.1:13120
2019-10-21 04:27:20,196 [Thread-812] INFO  ha.OMHANodeDetails (OMHANodeDetails.java:setOMNodeSpecificConfigs(298)) - Setting configuration key ozone.om.https-address with value of key ozone.om.https-address.omNode-2: 127.0.0.1:13121
2019-10-21 04:27:20,196 [Thread-812] INFO  ha.OMHANodeDetails (OMHANodeDetails.java:setOMNodeSpecificConfigs(298)) - Setting configuration key ozone.om.address with value of key ozone.om.address.omNode-2: 127.0.0.1:13118
2019-10-21 04:27:20,196 [Thread-812] WARN  server.ServerUtils (ServerUtils.java:getDBPath(222)) - ozone.om.db.dirs is not configured. We recommend adding this setting. Falling back to ozone.metadata.dirs instead.
2019-10-21 04:27:20,197 [Thread-812] WARN  server.ServerUtils (ServerUtils.java:getDBPath(222)) - ozone.om.db.dirs is not configured. We recommend adding this setting. Falling back to ozone.metadata.dirs instead.
2019-10-21 04:27:20,200 [Thread-812] WARN  server.ServerUtils (ServerUtils.java:getDBPath(222)) - ozone.om.db.dirs is not configured. We recommend adding this setting. Falling back to ozone.metadata.dirs instead.
2019-10-21 04:27:20,200 [Thread-812] INFO  db.DBStoreBuilder (DBStoreBuilder.java:addTable(117)) - using custom profile for table: userTable
2019-10-21 04:27:20,200 [Thread-812] INFO  db.DBStoreBuilder (DBStoreBuilder.java:processTables(168)) - Using default column profile:DBProfile.DISK for Table:userTable
2019-10-21 04:27:20,200 [Thread-812] INFO  db.DBStoreBuilder (DBStoreBuilder.java:addTable(117)) - using custom profile for table: volumeTable
2019-10-21 04:27:20,200 [Thread-812] INFO  db.DBStoreBuilder (DBStoreBuilder.java:processTables(168)) - Using default column profile:DBProfile.DISK for Table:volumeTable
2019-10-21 04:27:20,201 [Thread-812] INFO  db.DBStoreBuilder (DBStoreBuilder.java:addTable(117)) - using custom profile for table: bucketTable
2019-10-21 04:27:20,201 [Thread-812] INFO  db.DBStoreBuilder (DBStoreBuilder.java:processTables(168)) - Using default column profile:DBProfile.DISK for Table:bucketTable
2019-10-21 04:27:20,201 [Thread-812] INFO  db.DBStoreBuilder (DBStoreBuilder.java:addTable(117)) - using custom profile for table: keyTable
2019-10-21 04:27:20,201 [Thread-812] INFO  db.DBStoreBuilder (DBStoreBuilder.java:processTables(168)) - Using default column profile:DBProfile.DISK for Table:keyTable
2019-10-21 04:27:20,201 [Thread-812] INFO  db.DBStoreBuilder (DBStoreBuilder.java:addTable(117)) - using custom profile for table: deletedTable
2019-10-21 04:27:20,201 [Thread-812] INFO  db.DBStoreBuilder (DBStoreBuilder.java:processTables(168)) - Using default column profile:DBProfile.DISK for Table:deletedTable
2019-10-21 04:27:20,201 [Thread-812] INFO  db.DBStoreBuilder (DBStoreBuilder.java:addTable(117)) - using custom profile for table: openKeyTable
2019-10-21 04:27:20,202 [Thread-812] INFO  db.DBStoreBuilder (DBStoreBuilder.java:processTables(168)) - Using default column profile:DBProfile.DISK for Table:openKeyTable
2019-10-21 04:27:20,202 [Thread-812] INFO  db.DBStoreBuilder (DBStoreBuilder.java:addTable(117)) - using custom profile for table: s3Table
2019-10-21 04:27:20,202 [Thread-812] INFO  db.DBStoreBuilder (DBStoreBuilder.java:processTables(168)) - Using default column profile:DBProfile.DISK for Table:s3Table
2019-10-21 04:27:20,202 [Thread-812] INFO  db.DBStoreBuilder (DBStoreBuilder.java:addTable(117)) - using custom profile for table: multipartInfoTable
2019-10-21 04:27:20,202 [Thread-812] INFO  db.DBStoreBuilder (DBStoreBuilder.java:processTables(168)) - Using default column profile:DBProfile.DISK for Table:multipartInfoTable
2019-10-21 04:27:20,202 [Thread-812] INFO  db.DBStoreBuilder (DBStoreBuilder.java:addTable(117)) - using custom profile for table: dTokenTable
2019-10-21 04:27:20,202 [Thread-812] INFO  db.DBStoreBuilder (DBStoreBuilder.java:processTables(168)) - Using default column profile:DBProfile.DISK for Table:dTokenTable
2019-10-21 04:27:20,202 [Thread-812] INFO  db.DBStoreBuilder (DBStoreBuilder.java:addTable(117)) - using custom profile for table: s3SecretTable
2019-10-21 04:27:20,202 [Thread-812] INFO  db.DBStoreBuilder (DBStoreBuilder.java:processTables(168)) - Using default column profile:DBProfile.DISK for Table:s3SecretTable
2019-10-21 04:27:20,202 [Thread-812] INFO  db.DBStoreBuilder (DBStoreBuilder.java:addTable(117)) - using custom profile for table: prefixTable
2019-10-21 04:27:20,203 [Thread-812] INFO  db.DBStoreBuilder (DBStoreBuilder.java:processTables(168)) - Using default column profile:DBProfile.DISK for Table:prefixTable
2019-10-21 04:27:20,203 [Thread-812] INFO  db.DBStoreBuilder (DBStoreBuilder.java:addTable(117)) - using custom profile for table: default
2019-10-21 04:27:20,203 [Thread-812] INFO  db.DBStoreBuilder (DBStoreBuilder.java:processTables(174)) - Using default column profile:DBProfile.DISK for Table:default
2019-10-21 04:27:20,203 [Thread-812] INFO  db.DBStoreBuilder (DBStoreBuilder.java:getDbProfile(205)) - Using default options. DBProfile.DISK
2019-10-21 04:27:20,976 [Thread-905] INFO  impl.FollowerState (FollowerState.java:run(108)) - omNode-1@group-523986131536-FollowerState: change to CANDIDATE, lastRpcTime:1127ms, electionTimeout:1127ms
2019-10-21 04:27:20,976 [Thread-905] INFO  impl.RoleInfo (RoleInfo.java:shutdownFollowerState(121)) - omNode-1: shutdown FollowerState
2019-10-21 04:27:20,977 [Thread-905] INFO  impl.RaftServerImpl (RaftServerImpl.java:setRole(170)) - omNode-1@group-523986131536: changes role from  FOLLOWER to CANDIDATE at term 0 for changeToCandidate
2019-10-21 04:27:20,977 [Thread-905] INFO  impl.RoleInfo (RoleInfo.java:updateAndGet(143)) - omNode-1: start LeaderElection
2019-10-21 04:27:21,978 [omNode-1@group-523986131536-LeaderElection6] INFO  impl.LeaderElection (LeaderElection.java:askForVotes(178)) - omNode-1@group-523986131536-LeaderElection6: begin an election at term 1 for -1: [omNode-3:localhost:13128, omNode-1:localhost:13116, omNode-2:localhost:13122], old=null
2019-10-21 04:27:21,985 [omNode-1@group-523986131536-LeaderElection6] INFO  impl.LeaderElection (LogUtils.java:infoOrTrace(149)) - omNode-1@group-523986131536-LeaderElection6 got exception when requesting votes: {}
java.util.concurrent.ExecutionException: org.apache.ratis.thirdparty.io.grpc.StatusRuntimeException: UNAVAILABLE: io exception
	at java.util.concurrent.FutureTask.report(FutureTask.java:122)
	at java.util.concurrent.FutureTask.get(FutureTask.java:192)
	at org.apache.ratis.server.impl.LeaderElection.waitForResults(LeaderElection.java:259)
	at org.apache.ratis.server.impl.LeaderElection.askForVotes(LeaderElection.java:197)
	at org.apache.ratis.server.impl.LeaderElection.run(LeaderElection.java:133)
	at java.lang.Thread.run(Thread.java:748)
Caused by: org.apache.ratis.thirdparty.io.grpc.StatusRuntimeException: UNAVAILABLE: io exception
	at org.apache.ratis.thirdparty.io.grpc.stub.ClientCalls.toStatusRuntimeException(ClientCalls.java:233)
	at org.apache.ratis.thirdparty.io.grpc.stub.ClientCalls.getUnchecked(ClientCalls.java:214)
	at org.apache.ratis.thirdparty.io.grpc.stub.ClientCalls.blockingUnaryCall(ClientCalls.java:139)
	at org.apache.ratis.proto.grpc.RaftServerProtocolServiceGrpc$RaftServerProtocolServiceBlockingStub.requestVote(RaftServerProtocolServiceGrpc.java:265)
	at org.apache.ratis.grpc.server.GrpcServerProtocolClient.requestVote(GrpcServerProtocolClient.java:99)
	at org.apache.ratis.grpc.server.GrpcService.requestVote(GrpcService.java:204)
	at org.apache.ratis.server.impl.LeaderElection.lambda$submitRequests$1(LeaderElection.java:234)
	at java.util.concurrent.FutureTask.run(FutureTask.java:266)
	at java.util.concurrent.Executors$RunnableAdapter.call(Executors.java:511)
	at java.util.concurrent.FutureTask.run(FutureTask.java:266)
	at java.util.concurrent.ThreadPoolExecutor.runWorker(ThreadPoolExecutor.java:1149)
	at java.util.concurrent.ThreadPoolExecutor$Worker.run(ThreadPoolExecutor.java:624)
	... 1 more
Caused by: org.apache.ratis.thirdparty.io.netty.channel.AbstractChannel$AnnotatedConnectException: Connection refused: localhost/127.0.0.1:13128
	at sun.nio.ch.SocketChannelImpl.checkConnect(Native Method)
	at sun.nio.ch.SocketChannelImpl.finishConnect(SocketChannelImpl.java:717)
	at org.apache.ratis.thirdparty.io.netty.channel.socket.nio.NioSocketChannel.doFinishConnect(NioSocketChannel.java:327)
	at org.apache.ratis.thirdparty.io.netty.channel.nio.AbstractNioChannel$AbstractNioUnsafe.finishConnect(AbstractNioChannel.java:340)
	at org.apache.ratis.thirdparty.io.netty.channel.nio.NioEventLoop.processSelectedKey(NioEventLoop.java:632)
	at org.apache.ratis.thirdparty.io.netty.channel.nio.NioEventLoop.processSelectedKeysOptimized(NioEventLoop.java:579)
	at org.apache.ratis.thirdparty.io.netty.channel.nio.NioEventLoop.processSelectedKeys(NioEventLoop.java:496)
	at org.apache.ratis.thirdparty.io.netty.channel.nio.NioEventLoop.run(NioEventLoop.java:458)
	at org.apache.ratis.thirdparty.io.netty.util.concurrent.SingleThreadEventExecutor$5.run(SingleThreadEventExecutor.java:897)
	at org.apache.ratis.thirdparty.io.netty.util.concurrent.FastThreadLocalRunnable.run(FastThreadLocalRunnable.java:30)
	... 1 more
Caused by: java.net.ConnectException: Connection refused
	... 11 more
2019-10-21 04:27:21,986 [omNode-1@group-523986131536-LeaderElection6] INFO  impl.LeaderElection (LogUtils.java:infoOrTrace(149)) - omNode-1@group-523986131536-LeaderElection6 got exception when requesting votes: {}
java.util.concurrent.ExecutionException: org.apache.ratis.thirdparty.io.grpc.StatusRuntimeException: UNAVAILABLE: io exception
	at java.util.concurrent.FutureTask.report(FutureTask.java:122)
	at java.util.concurrent.FutureTask.get(FutureTask.java:192)
	at org.apache.ratis.server.impl.LeaderElection.waitForResults(LeaderElection.java:259)
	at org.apache.ratis.server.impl.LeaderElection.askForVotes(LeaderElection.java:197)
	at org.apache.ratis.server.impl.LeaderElection.run(LeaderElection.java:133)
	at java.lang.Thread.run(Thread.java:748)
Caused by: org.apache.ratis.thirdparty.io.grpc.StatusRuntimeException: UNAVAILABLE: io exception
	at org.apache.ratis.thirdparty.io.grpc.stub.ClientCalls.toStatusRuntimeException(ClientCalls.java:233)
	at org.apache.ratis.thirdparty.io.grpc.stub.ClientCalls.getUnchecked(ClientCalls.java:214)
	at org.apache.ratis.thirdparty.io.grpc.stub.ClientCalls.blockingUnaryCall(ClientCalls.java:139)
	at org.apache.ratis.proto.grpc.RaftServerProtocolServiceGrpc$RaftServerProtocolServiceBlockingStub.requestVote(RaftServerProtocolServiceGrpc.java:265)
	at org.apache.ratis.grpc.server.GrpcServerProtocolClient.requestVote(GrpcServerProtocolClient.java:99)
	at org.apache.ratis.grpc.server.GrpcService.requestVote(GrpcService.java:204)
	at org.apache.ratis.server.impl.LeaderElection.lambda$submitRequests$1(LeaderElection.java:234)
	at java.util.concurrent.FutureTask.run(FutureTask.java:266)
	at java.util.concurrent.Executors$RunnableAdapter.call(Executors.java:511)
	at java.util.concurrent.FutureTask.run(FutureTask.java:266)
	at java.util.concurrent.ThreadPoolExecutor.runWorker(ThreadPoolExecutor.java:1149)
	at java.util.concurrent.ThreadPoolExecutor$Worker.run(ThreadPoolExecutor.java:624)
	... 1 more
Caused by: org.apache.ratis.thirdparty.io.netty.channel.AbstractChannel$AnnotatedConnectException: Connection refused: localhost/127.0.0.1:13122
	at sun.nio.ch.SocketChannelImpl.checkConnect(Native Method)
	at sun.nio.ch.SocketChannelImpl.finishConnect(SocketChannelImpl.java:717)
	at org.apache.ratis.thirdparty.io.netty.channel.socket.nio.NioSocketChannel.doFinishConnect(NioSocketChannel.java:327)
	at org.apache.ratis.thirdparty.io.netty.channel.nio.AbstractNioChannel$AbstractNioUnsafe.finishConnect(AbstractNioChannel.java:340)
	at org.apache.ratis.thirdparty.io.netty.channel.nio.NioEventLoop.processSelectedKey(NioEventLoop.java:632)
	at org.apache.ratis.thirdparty.io.netty.channel.nio.NioEventLoop.processSelectedKeysOptimized(NioEventLoop.java:579)
	at org.apache.ratis.thirdparty.io.netty.channel.nio.NioEventLoop.processSelectedKeys(NioEventLoop.java:496)
	at org.apache.ratis.thirdparty.io.netty.channel.nio.NioEventLoop.run(NioEventLoop.java:458)
	at org.apache.ratis.thirdparty.io.netty.util.concurrent.SingleThreadEventExecutor$5.run(SingleThreadEventExecutor.java:897)
	at org.apache.ratis.thirdparty.io.netty.util.concurrent.FastThreadLocalRunnable.run(FastThreadLocalRunnable.java:30)
	... 1 more
Caused by: java.net.ConnectException: Connection refused
	... 11 more
2019-10-21 04:27:21,987 [omNode-1@group-523986131536-LeaderElection6] INFO  impl.LeaderElection (LeaderElection.java:logAndReturn(56)) - omNode-1@group-523986131536-LeaderElection6: Election REJECTED; received 0 response(s) [] and 2 exception(s); omNode-1@group-523986131536:t1, leader=null, voted=omNode-1, raftlog=omNode-1@group-523986131536-SegmentedRaftLog:OPENED:c-1,f-1,i0, conf=-1: [omNode-3:localhost:13128, omNode-1:localhost:13116, omNode-2:localhost:13122], old=null
2019-10-21 04:27:21,987 [omNode-1@group-523986131536-LeaderElection6] INFO  impl.LeaderElection (LogUtils.java:infoOrTrace(149)) -   Exception 0: {}
java.util.concurrent.ExecutionException: org.apache.ratis.thirdparty.io.grpc.StatusRuntimeException: UNAVAILABLE: io exception
	at java.util.concurrent.FutureTask.report(FutureTask.java:122)
	at java.util.concurrent.FutureTask.get(FutureTask.java:192)
	at org.apache.ratis.server.impl.LeaderElection.waitForResults(LeaderElection.java:259)
	at org.apache.ratis.server.impl.LeaderElection.askForVotes(LeaderElection.java:197)
	at org.apache.ratis.server.impl.LeaderElection.run(LeaderElection.java:133)
	at java.lang.Thread.run(Thread.java:748)
Caused by: org.apache.ratis.thirdparty.io.grpc.StatusRuntimeException: UNAVAILABLE: io exception
	at org.apache.ratis.thirdparty.io.grpc.stub.ClientCalls.toStatusRuntimeException(ClientCalls.java:233)
	at org.apache.ratis.thirdparty.io.grpc.stub.ClientCalls.getUnchecked(ClientCalls.java:214)
	at org.apache.ratis.thirdparty.io.grpc.stub.ClientCalls.blockingUnaryCall(ClientCalls.java:139)
	at org.apache.ratis.proto.grpc.RaftServerProtocolServiceGrpc$RaftServerProtocolServiceBlockingStub.requestVote(RaftServerProtocolServiceGrpc.java:265)
	at org.apache.ratis.grpc.server.GrpcServerProtocolClient.requestVote(GrpcServerProtocolClient.java:99)
	at org.apache.ratis.grpc.server.GrpcService.requestVote(GrpcService.java:204)
	at org.apache.ratis.server.impl.LeaderElection.lambda$submitRequests$1(LeaderElection.java:234)
	at java.util.concurrent.FutureTask.run(FutureTask.java:266)
	at java.util.concurrent.Executors$RunnableAdapter.call(Executors.java:511)
	at java.util.concurrent.FutureTask.run(FutureTask.java:266)
	at java.util.concurrent.ThreadPoolExecutor.runWorker(ThreadPoolExecutor.java:1149)
	at java.util.concurrent.ThreadPoolExecutor$Worker.run(ThreadPoolExecutor.java:624)
	... 1 more
Caused by: org.apache.ratis.thirdparty.io.netty.channel.AbstractChannel$AnnotatedConnectException: Connection refused: localhost/127.0.0.1:13128
	at sun.nio.ch.SocketChannelImpl.checkConnect(Native Method)
	at sun.nio.ch.SocketChannelImpl.finishConnect(SocketChannelImpl.java:717)
	at org.apache.ratis.thirdparty.io.netty.channel.socket.nio.NioSocketChannel.doFinishConnect(NioSocketChannel.java:327)
	at org.apache.ratis.thirdparty.io.netty.channel.nio.AbstractNioChannel$AbstractNioUnsafe.finishConnect(AbstractNioChannel.java:340)
	at org.apache.ratis.thirdparty.io.netty.channel.nio.NioEventLoop.processSelectedKey(NioEventLoop.java:632)
	at org.apache.ratis.thirdparty.io.netty.channel.nio.NioEventLoop.processSelectedKeysOptimized(NioEventLoop.java:579)
	at org.apache.ratis.thirdparty.io.netty.channel.nio.NioEventLoop.processSelectedKeys(NioEventLoop.java:496)
	at org.apache.ratis.thirdparty.io.netty.channel.nio.NioEventLoop.run(NioEventLoop.java:458)
	at org.apache.ratis.thirdparty.io.netty.util.concurrent.SingleThreadEventExecutor$5.run(SingleThreadEventExecutor.java:897)
	at org.apache.ratis.thirdparty.io.netty.util.concurrent.FastThreadLocalRunnable.run(FastThreadLocalRunnable.java:30)
	... 1 more
Caused by: java.net.ConnectException: Connection refused
	... 11 more
2019-10-21 04:27:21,987 [omNode-1@group-523986131536-LeaderElection6] INFO  impl.LeaderElection (LogUtils.java:infoOrTrace(149)) -   Exception 1: {}
java.util.concurrent.ExecutionException: org.apache.ratis.thirdparty.io.grpc.StatusRuntimeException: UNAVAILABLE: io exception
	at java.util.concurrent.FutureTask.report(FutureTask.java:122)
	at java.util.concurrent.FutureTask.get(FutureTask.java:192)
	at org.apache.ratis.server.impl.LeaderElection.waitForResults(LeaderElection.java:259)
	at org.apache.ratis.server.impl.LeaderElection.askForVotes(LeaderElection.java:197)
	at org.apache.ratis.server.impl.LeaderElection.run(LeaderElection.java:133)
	at java.lang.Thread.run(Thread.java:748)
Caused by: org.apache.ratis.thirdparty.io.grpc.StatusRuntimeException: UNAVAILABLE: io exception
	at org.apache.ratis.thirdparty.io.grpc.stub.ClientCalls.toStatusRuntimeException(ClientCalls.java:233)
	at org.apache.ratis.thirdparty.io.grpc.stub.ClientCalls.getUnchecked(ClientCalls.java:214)
	at org.apache.ratis.thirdparty.io.grpc.stub.ClientCalls.blockingUnaryCall(ClientCalls.java:139)
	at org.apache.ratis.proto.grpc.RaftServerProtocolServiceGrpc$RaftServerProtocolServiceBlockingStub.requestVote(RaftServerProtocolServiceGrpc.java:265)
	at org.apache.ratis.grpc.server.GrpcServerProtocolClient.requestVote(GrpcServerProtocolClient.java:99)
	at org.apache.ratis.grpc.server.GrpcService.requestVote(GrpcService.java:204)
	at org.apache.ratis.server.impl.LeaderElection.lambda$submitRequests$1(LeaderElection.java:234)
	at java.util.concurrent.FutureTask.run(FutureTask.java:266)
	at java.util.concurrent.Executors$RunnableAdapter.call(Executors.java:511)
	at java.util.concurrent.FutureTask.run(FutureTask.java:266)
	at java.util.concurrent.ThreadPoolExecutor.runWorker(ThreadPoolExecutor.java:1149)
	at java.util.concurrent.ThreadPoolExecutor$Worker.run(ThreadPoolExecutor.java:624)
	... 1 more
Caused by: org.apache.ratis.thirdparty.io.netty.channel.AbstractChannel$AnnotatedConnectException: Connection refused: localhost/127.0.0.1:13122
	at sun.nio.ch.SocketChannelImpl.checkConnect(Native Method)
	at sun.nio.ch.SocketChannelImpl.finishConnect(SocketChannelImpl.java:717)
	at org.apache.ratis.thirdparty.io.netty.channel.socket.nio.NioSocketChannel.doFinishConnect(NioSocketChannel.java:327)
	at org.apache.ratis.thirdparty.io.netty.channel.nio.AbstractNioChannel$AbstractNioUnsafe.finishConnect(AbstractNioChannel.java:340)
	at org.apache.ratis.thirdparty.io.netty.channel.nio.NioEventLoop.processSelectedKey(NioEventLoop.java:632)
	at org.apache.ratis.thirdparty.io.netty.channel.nio.NioEventLoop.processSelectedKeysOptimized(NioEventLoop.java:579)
	at org.apache.ratis.thirdparty.io.netty.channel.nio.NioEventLoop.processSelectedKeys(NioEventLoop.java:496)
	at org.apache.ratis.thirdparty.io.netty.channel.nio.NioEventLoop.run(NioEventLoop.java:458)
	at org.apache.ratis.thirdparty.io.netty.util.concurrent.SingleThreadEventExecutor$5.run(SingleThreadEventExecutor.java:897)
	at org.apache.ratis.thirdparty.io.netty.util.concurrent.FastThreadLocalRunnable.run(FastThreadLocalRunnable.java:30)
	... 1 more
Caused by: java.net.ConnectException: Connection refused
	... 11 more
2019-10-21 04:27:21,987 [omNode-1@group-523986131536-LeaderElection6] INFO  impl.RaftServerImpl (RaftServerImpl.java:setRole(170)) - omNode-1@group-523986131536: changes role from CANDIDATE to FOLLOWER at term 1 for DISCOVERED_A_NEW_TERM
2019-10-21 04:27:21,988 [omNode-1@group-523986131536-LeaderElection6] INFO  impl.RoleInfo (RoleInfo.java:shutdownLeaderElection(134)) - omNode-1: shutdown LeaderElection
2019-10-21 04:27:21,988 [omNode-1@group-523986131536-LeaderElection6] INFO  impl.RoleInfo (RoleInfo.java:updateAndGet(143)) - omNode-1: start FollowerState
2019-10-21 04:27:23,006 [Thread-942] INFO  impl.FollowerState (FollowerState.java:run(108)) - omNode-1@group-523986131536-FollowerState: change to CANDIDATE, lastRpcTime:1018ms, electionTimeout:1018ms
2019-10-21 04:27:23,007 [Thread-942] INFO  impl.RoleInfo (RoleInfo.java:shutdownFollowerState(121)) - omNode-1: shutdown FollowerState
2019-10-21 04:27:23,007 [Thread-942] INFO  impl.RaftServerImpl (RaftServerImpl.java:setRole(170)) - omNode-1@group-523986131536: changes role from  FOLLOWER to CANDIDATE at term 1 for changeToCandidate
2019-10-21 04:27:23,007 [Thread-942] INFO  impl.RoleInfo (RoleInfo.java:updateAndGet(143)) - omNode-1: start LeaderElection
2019-10-21 04:27:23,472 [omNode-1@group-523986131536-LeaderElection7] INFO  impl.LeaderElection (LeaderElection.java:askForVotes(178)) - omNode-1@group-523986131536-LeaderElection7: begin an election at term 2 for -1: [omNode-3:localhost:13128, omNode-1:localhost:13116, omNode-2:localhost:13122], old=null
2019-10-21 04:27:23,474 [omNode-1@group-523986131536-LeaderElection7] INFO  impl.LeaderElection (LogUtils.java:infoOrTrace(149)) - omNode-1@group-523986131536-LeaderElection7 got exception when requesting votes: {}
java.util.concurrent.ExecutionException: org.apache.ratis.thirdparty.io.grpc.StatusRuntimeException: UNAVAILABLE: io exception
	at java.util.concurrent.FutureTask.report(FutureTask.java:122)
	at java.util.concurrent.FutureTask.get(FutureTask.java:192)
	at org.apache.ratis.server.impl.LeaderElection.waitForResults(LeaderElection.java:259)
	at org.apache.ratis.server.impl.LeaderElection.askForVotes(LeaderElection.java:197)
	at org.apache.ratis.server.impl.LeaderElection.run(LeaderElection.java:133)
	at java.lang.Thread.run(Thread.java:748)
Caused by: org.apache.ratis.thirdparty.io.grpc.StatusRuntimeException: UNAVAILABLE: io exception
	at org.apache.ratis.thirdparty.io.grpc.stub.ClientCalls.toStatusRuntimeException(ClientCalls.java:233)
	at org.apache.ratis.thirdparty.io.grpc.stub.ClientCalls.getUnchecked(ClientCalls.java:214)
	at org.apache.ratis.thirdparty.io.grpc.stub.ClientCalls.blockingUnaryCall(ClientCalls.java:139)
	at org.apache.ratis.proto.grpc.RaftServerProtocolServiceGrpc$RaftServerProtocolServiceBlockingStub.requestVote(RaftServerProtocolServiceGrpc.java:265)
	at org.apache.ratis.grpc.server.GrpcServerProtocolClient.requestVote(GrpcServerProtocolClient.java:99)
	at org.apache.ratis.grpc.server.GrpcService.requestVote(GrpcService.java:204)
	at org.apache.ratis.server.impl.LeaderElection.lambda$submitRequests$1(LeaderElection.java:234)
	at java.util.concurrent.FutureTask.run(FutureTask.java:266)
	at java.util.concurrent.Executors$RunnableAdapter.call(Executors.java:511)
	at java.util.concurrent.FutureTask.run(FutureTask.java:266)
	at java.util.concurrent.ThreadPoolExecutor.runWorker(ThreadPoolExecutor.java:1149)
	at java.util.concurrent.ThreadPoolExecutor$Worker.run(ThreadPoolExecutor.java:624)
	... 1 more
Caused by: org.apache.ratis.thirdparty.io.netty.channel.AbstractChannel$AnnotatedConnectException: Connection refused: localhost/127.0.0.1:13122
	at sun.nio.ch.SocketChannelImpl.checkConnect(Native Method)
	at sun.nio.ch.SocketChannelImpl.finishConnect(SocketChannelImpl.java:717)
	at org.apache.ratis.thirdparty.io.netty.channel.socket.nio.NioSocketChannel.doFinishConnect(NioSocketChannel.java:327)
	at org.apache.ratis.thirdparty.io.netty.channel.nio.AbstractNioChannel$AbstractNioUnsafe.finishConnect(AbstractNioChannel.java:340)
	at org.apache.ratis.thirdparty.io.netty.channel.nio.NioEventLoop.processSelectedKey(NioEventLoop.java:632)
	at org.apache.ratis.thirdparty.io.netty.channel.nio.NioEventLoop.processSelectedKeysOptimized(NioEventLoop.java:579)
	at org.apache.ratis.thirdparty.io.netty.channel.nio.NioEventLoop.processSelectedKeys(NioEventLoop.java:496)
	at org.apache.ratis.thirdparty.io.netty.channel.nio.NioEventLoop.run(NioEventLoop.java:458)
	at org.apache.ratis.thirdparty.io.netty.util.concurrent.SingleThreadEventExecutor$5.run(SingleThreadEventExecutor.java:897)
	at org.apache.ratis.thirdparty.io.netty.util.concurrent.FastThreadLocalRunnable.run(FastThreadLocalRunnable.java:30)
	... 1 more
Caused by: java.net.ConnectException: Connection refused
	... 11 more
2019-10-21 04:27:23,475 [omNode-1@group-523986131536-LeaderElection7] INFO  impl.LeaderElection (LogUtils.java:infoOrTrace(149)) - omNode-1@group-523986131536-LeaderElection7 got exception when requesting votes: {}
java.util.concurrent.ExecutionException: org.apache.ratis.thirdparty.io.grpc.StatusRuntimeException: UNAVAILABLE: io exception
	at java.util.concurrent.FutureTask.report(FutureTask.java:122)
	at java.util.concurrent.FutureTask.get(FutureTask.java:192)
	at org.apache.ratis.server.impl.LeaderElection.waitForResults(LeaderElection.java:259)
	at org.apache.ratis.server.impl.LeaderElection.askForVotes(LeaderElection.java:197)
	at org.apache.ratis.server.impl.LeaderElection.run(LeaderElection.java:133)
	at java.lang.Thread.run(Thread.java:748)
Caused by: org.apache.ratis.thirdparty.io.grpc.StatusRuntimeException: UNAVAILABLE: io exception
	at org.apache.ratis.thirdparty.io.grpc.stub.ClientCalls.toStatusRuntimeException(ClientCalls.java:233)
	at org.apache.ratis.thirdparty.io.grpc.stub.ClientCalls.getUnchecked(ClientCalls.java:214)
	at org.apache.ratis.thirdparty.io.grpc.stub.ClientCalls.blockingUnaryCall(ClientCalls.java:139)
	at org.apache.ratis.proto.grpc.RaftServerProtocolServiceGrpc$RaftServerProtocolServiceBlockingStub.requestVote(RaftServerProtocolServiceGrpc.java:265)
	at org.apache.ratis.grpc.server.GrpcServerProtocolClient.requestVote(GrpcServerProtocolClient.java:99)
	at org.apache.ratis.grpc.server.GrpcService.requestVote(GrpcService.java:204)
	at org.apache.ratis.server.impl.LeaderElection.lambda$submitRequests$1(LeaderElection.java:234)
	at java.util.concurrent.FutureTask.run(FutureTask.java:266)
	at java.util.concurrent.Executors$RunnableAdapter.call(Executors.java:511)
	at java.util.concurrent.FutureTask.run(FutureTask.java:266)
	at java.util.concurrent.ThreadPoolExecutor.runWorker(ThreadPoolExecutor.java:1149)
	at java.util.concurrent.ThreadPoolExecutor$Worker.run(ThreadPoolExecutor.java:624)
	... 1 more
Caused by: org.apache.ratis.thirdparty.io.netty.channel.AbstractChannel$AnnotatedConnectException: Connection refused: localhost/127.0.0.1:13128
	at sun.nio.ch.SocketChannelImpl.checkConnect(Native Method)
	at sun.nio.ch.SocketChannelImpl.finishConnect(SocketChannelImpl.java:717)
	at org.apache.ratis.thirdparty.io.netty.channel.socket.nio.NioSocketChannel.doFinishConnect(NioSocketChannel.java:327)
	at org.apache.ratis.thirdparty.io.netty.channel.nio.AbstractNioChannel$AbstractNioUnsafe.finishConnect(AbstractNioChannel.java:340)
	at org.apache.ratis.thirdparty.io.netty.channel.nio.NioEventLoop.processSelectedKey(NioEventLoop.java:632)
	at org.apache.ratis.thirdparty.io.netty.channel.nio.NioEventLoop.processSelectedKeysOptimized(NioEventLoop.java:579)
	at org.apache.ratis.thirdparty.io.netty.channel.nio.NioEventLoop.processSelectedKeys(NioEventLoop.java:496)
	at org.apache.ratis.thirdparty.io.netty.channel.nio.NioEventLoop.run(NioEventLoop.java:458)
	at org.apache.ratis.thirdparty.io.netty.util.concurrent.SingleThreadEventExecutor$5.run(SingleThreadEventExecutor.java:897)
	at org.apache.ratis.thirdparty.io.netty.util.concurrent.FastThreadLocalRunnable.run(FastThreadLocalRunnable.java:30)
	... 1 more
Caused by: java.net.ConnectException: Connection refused
	... 11 more
2019-10-21 04:27:23,476 [omNode-1@group-523986131536-LeaderElection7] INFO  impl.LeaderElection (LeaderElection.java:logAndReturn(56)) - omNode-1@group-523986131536-LeaderElection7: Election REJECTED; received 0 response(s) [] and 2 exception(s); omNode-1@group-523986131536:t2, leader=null, voted=omNode-1, raftlog=omNode-1@group-523986131536-SegmentedRaftLog:OPENED:c-1,f-1,i0, conf=-1: [omNode-3:localhost:13128, omNode-1:localhost:13116, omNode-2:localhost:13122], old=null
2019-10-21 04:27:23,477 [omNode-1@group-523986131536-LeaderElection7] INFO  impl.LeaderElection (LogUtils.java:infoOrTrace(149)) -   Exception 0: {}
java.util.concurrent.ExecutionException: org.apache.ratis.thirdparty.io.grpc.StatusRuntimeException: UNAVAILABLE: io exception
	at java.util.concurrent.FutureTask.report(FutureTask.java:122)
	at java.util.concurrent.FutureTask.get(FutureTask.java:192)
	at org.apache.ratis.server.impl.LeaderElection.waitForResults(LeaderElection.java:259)
	at org.apache.ratis.server.impl.LeaderElection.askForVotes(LeaderElection.java:197)
	at org.apache.ratis.server.impl.LeaderElection.run(LeaderElection.java:133)
	at java.lang.Thread.run(Thread.java:748)
Caused by: org.apache.ratis.thirdparty.io.grpc.StatusRuntimeException: UNAVAILABLE: io exception
	at org.apache.ratis.thirdparty.io.grpc.stub.ClientCalls.toStatusRuntimeException(ClientCalls.java:233)
	at org.apache.ratis.thirdparty.io.grpc.stub.ClientCalls.getUnchecked(ClientCalls.java:214)
	at org.apache.ratis.thirdparty.io.grpc.stub.ClientCalls.blockingUnaryCall(ClientCalls.java:139)
	at org.apache.ratis.proto.grpc.RaftServerProtocolServiceGrpc$RaftServerProtocolServiceBlockingStub.requestVote(RaftServerProtocolServiceGrpc.java:265)
	at org.apache.ratis.grpc.server.GrpcServerProtocolClient.requestVote(GrpcServerProtocolClient.java:99)
	at org.apache.ratis.grpc.server.GrpcService.requestVote(GrpcService.java:204)
	at org.apache.ratis.server.impl.LeaderElection.lambda$submitRequests$1(LeaderElection.java:234)
	at java.util.concurrent.FutureTask.run(FutureTask.java:266)
	at java.util.concurrent.Executors$RunnableAdapter.call(Executors.java:511)
	at java.util.concurrent.FutureTask.run(FutureTask.java:266)
	at java.util.concurrent.ThreadPoolExecutor.runWorker(ThreadPoolExecutor.java:1149)
	at java.util.concurrent.ThreadPoolExecutor$Worker.run(ThreadPoolExecutor.java:624)
	... 1 more
Caused by: org.apache.ratis.thirdparty.io.netty.channel.AbstractChannel$AnnotatedConnectException: Connection refused: localhost/127.0.0.1:13122
	at sun.nio.ch.SocketChannelImpl.checkConnect(Native Method)
	at sun.nio.ch.SocketChannelImpl.finishConnect(SocketChannelImpl.java:717)
	at org.apache.ratis.thirdparty.io.netty.channel.socket.nio.NioSocketChannel.doFinishConnect(NioSocketChannel.java:327)
	at org.apache.ratis.thirdparty.io.netty.channel.nio.AbstractNioChannel$AbstractNioUnsafe.finishConnect(AbstractNioChannel.java:340)
	at org.apache.ratis.thirdparty.io.netty.channel.nio.NioEventLoop.processSelectedKey(NioEventLoop.java:632)
	at org.apache.ratis.thirdparty.io.netty.channel.nio.NioEventLoop.processSelectedKeysOptimized(NioEventLoop.java:579)
	at org.apache.ratis.thirdparty.io.netty.channel.nio.NioEventLoop.processSelectedKeys(NioEventLoop.java:496)
	at org.apache.ratis.thirdparty.io.netty.channel.nio.NioEventLoop.run(NioEventLoop.java:458)
	at org.apache.ratis.thirdparty.io.netty.util.concurrent.SingleThreadEventExecutor$5.run(SingleThreadEventExecutor.java:897)
	at org.apache.ratis.thirdparty.io.netty.util.concurrent.FastThreadLocalRunnable.run(FastThreadLocalRunnable.java:30)
	... 1 more
Caused by: java.net.ConnectException: Connection refused
	... 11 more
2019-10-21 04:27:23,477 [omNode-1@group-523986131536-LeaderElection7] INFO  impl.LeaderElection (LogUtils.java:infoOrTrace(149)) -   Exception 1: {}
java.util.concurrent.ExecutionException: org.apache.ratis.thirdparty.io.grpc.StatusRuntimeException: UNAVAILABLE: io exception
	at java.util.concurrent.FutureTask.report(FutureTask.java:122)
	at java.util.concurrent.FutureTask.get(FutureTask.java:192)
	at org.apache.ratis.server.impl.LeaderElection.waitForResults(LeaderElection.java:259)
	at org.apache.ratis.server.impl.LeaderElection.askForVotes(LeaderElection.java:197)
	at org.apache.ratis.server.impl.LeaderElection.run(LeaderElection.java:133)
	at java.lang.Thread.run(Thread.java:748)
Caused by: org.apache.ratis.thirdparty.io.grpc.StatusRuntimeException: UNAVAILABLE: io exception
	at org.apache.ratis.thirdparty.io.grpc.stub.ClientCalls.toStatusRuntimeException(ClientCalls.java:233)
	at org.apache.ratis.thirdparty.io.grpc.stub.ClientCalls.getUnchecked(ClientCalls.java:214)
	at org.apache.ratis.thirdparty.io.grpc.stub.ClientCalls.blockingUnaryCall(ClientCalls.java:139)
	at org.apache.ratis.proto.grpc.RaftServerProtocolServiceGrpc$RaftServerProtocolServiceBlockingStub.requestVote(RaftServerProtocolServiceGrpc.java:265)
	at org.apache.ratis.grpc.server.GrpcServerProtocolClient.requestVote(GrpcServerProtocolClient.java:99)
	at org.apache.ratis.grpc.server.GrpcService.requestVote(GrpcService.java:204)
	at org.apache.ratis.server.impl.LeaderElection.lambda$submitRequests$1(LeaderElection.java:234)
	at java.util.concurrent.FutureTask.run(FutureTask.java:266)
	at java.util.concurrent.Executors$RunnableAdapter.call(Executors.java:511)
	at java.util.concurrent.FutureTask.run(FutureTask.java:266)
	at java.util.concurrent.ThreadPoolExecutor.runWorker(ThreadPoolExecutor.java:1149)
	at java.util.concurrent.ThreadPoolExecutor$Worker.run(ThreadPoolExecutor.java:624)
	... 1 more
Caused by: org.apache.ratis.thirdparty.io.netty.channel.AbstractChannel$AnnotatedConnectException: Connection refused: localhost/127.0.0.1:13128
	at sun.nio.ch.SocketChannelImpl.checkConnect(Native Method)
	at sun.nio.ch.SocketChannelImpl.finishConnect(SocketChannelImpl.java:717)
	at org.apache.ratis.thirdparty.io.netty.channel.socket.nio.NioSocketChannel.doFinishConnect(NioSocketChannel.java:327)
	at org.apache.ratis.thirdparty.io.netty.channel.nio.AbstractNioChannel$AbstractNioUnsafe.finishConnect(AbstractNioChannel.java:340)
	at org.apache.ratis.thirdparty.io.netty.channel.nio.NioEventLoop.processSelectedKey(NioEventLoop.java:632)
	at org.apache.ratis.thirdparty.io.netty.channel.nio.NioEventLoop.processSelectedKeysOptimized(NioEventLoop.java:579)
	at org.apache.ratis.thirdparty.io.netty.channel.nio.NioEventLoop.processSelectedKeys(NioEventLoop.java:496)
	at org.apache.ratis.thirdparty.io.netty.channel.nio.NioEventLoop.run(NioEventLoop.java:458)
	at org.apache.ratis.thirdparty.io.netty.util.concurrent.SingleThreadEventExecutor$5.run(SingleThreadEventExecutor.java:897)
	at org.apache.ratis.thirdparty.io.netty.util.concurrent.FastThreadLocalRunnable.run(FastThreadLocalRunnable.java:30)
	... 1 more
Caused by: java.net.ConnectException: Connection refused
	... 11 more
2019-10-21 04:27:23,478 [omNode-1@group-523986131536-LeaderElection7] INFO  impl.RaftServerImpl (RaftServerImpl.java:setRole(170)) - omNode-1@group-523986131536: changes role from CANDIDATE to FOLLOWER at term 2 for DISCOVERED_A_NEW_TERM
2019-10-21 04:27:23,478 [omNode-1@group-523986131536-LeaderElection7] INFO  impl.RoleInfo (RoleInfo.java:shutdownLeaderElection(134)) - omNode-1: shutdown LeaderElection
2019-10-21 04:27:23,478 [omNode-1@group-523986131536-LeaderElection7] INFO  impl.RoleInfo (RoleInfo.java:updateAndGet(143)) - omNode-1: start FollowerState
2019-10-21 04:27:24,635 [Thread-946] INFO  impl.FollowerState (FollowerState.java:run(108)) - omNode-1@group-523986131536-FollowerState: change to CANDIDATE, lastRpcTime:1156ms, electionTimeout:1156ms
2019-10-21 04:27:24,636 [Thread-946] INFO  impl.RoleInfo (RoleInfo.java:shutdownFollowerState(121)) - omNode-1: shutdown FollowerState
2019-10-21 04:27:24,636 [Thread-946] INFO  impl.RaftServerImpl (RaftServerImpl.java:setRole(170)) - omNode-1@group-523986131536: changes role from  FOLLOWER to CANDIDATE at term 2 for changeToCandidate
2019-10-21 04:27:24,636 [Thread-946] INFO  impl.RoleInfo (RoleInfo.java:updateAndGet(143)) - omNode-1: start LeaderElection
2019-10-21 04:27:24,905 [omNode-1@group-523986131536-LeaderElection8] INFO  impl.LeaderElection (LeaderElection.java:askForVotes(178)) - omNode-1@group-523986131536-LeaderElection8: begin an election at term 3 for -1: [omNode-3:localhost:13128, omNode-1:localhost:13116, omNode-2:localhost:13122], old=null
2019-10-21 04:27:24,908 [omNode-1@group-523986131536-LeaderElection8] INFO  impl.LeaderElection (LogUtils.java:infoOrTrace(149)) - omNode-1@group-523986131536-LeaderElection8 got exception when requesting votes: {}
java.util.concurrent.ExecutionException: org.apache.ratis.thirdparty.io.grpc.StatusRuntimeException: UNAVAILABLE: io exception
	at java.util.concurrent.FutureTask.report(FutureTask.java:122)
	at java.util.concurrent.FutureTask.get(FutureTask.java:192)
	at org.apache.ratis.server.impl.LeaderElection.waitForResults(LeaderElection.java:259)
	at org.apache.ratis.server.impl.LeaderElection.askForVotes(LeaderElection.java:197)
	at org.apache.ratis.server.impl.LeaderElection.run(LeaderElection.java:133)
	at java.lang.Thread.run(Thread.java:748)
Caused by: org.apache.ratis.thirdparty.io.grpc.StatusRuntimeException: UNAVAILABLE: io exception
	at org.apache.ratis.thirdparty.io.grpc.stub.ClientCalls.toStatusRuntimeException(ClientCalls.java:233)
	at org.apache.ratis.thirdparty.io.grpc.stub.ClientCalls.getUnchecked(ClientCalls.java:214)
	at org.apache.ratis.thirdparty.io.grpc.stub.ClientCalls.blockingUnaryCall(ClientCalls.java:139)
	at org.apache.ratis.proto.grpc.RaftServerProtocolServiceGrpc$RaftServerProtocolServiceBlockingStub.requestVote(RaftServerProtocolServiceGrpc.java:265)
	at org.apache.ratis.grpc.server.GrpcServerProtocolClient.requestVote(GrpcServerProtocolClient.java:99)
	at org.apache.ratis.grpc.server.GrpcService.requestVote(GrpcService.java:204)
	at org.apache.ratis.server.impl.LeaderElection.lambda$submitRequests$1(LeaderElection.java:234)
	at java.util.concurrent.FutureTask.run(FutureTask.java:266)
	at java.util.concurrent.Executors$RunnableAdapter.call(Executors.java:511)
	at java.util.concurrent.FutureTask.run(FutureTask.java:266)
	at java.util.concurrent.ThreadPoolExecutor.runWorker(ThreadPoolExecutor.java:1149)
	at java.util.concurrent.ThreadPoolExecutor$Worker.run(ThreadPoolExecutor.java:624)
	... 1 more
Caused by: org.apache.ratis.thirdparty.io.netty.channel.AbstractChannel$AnnotatedConnectException: Connection refused: localhost/127.0.0.1:13128
	at sun.nio.ch.SocketChannelImpl.checkConnect(Native Method)
	at sun.nio.ch.SocketChannelImpl.finishConnect(SocketChannelImpl.java:717)
	at org.apache.ratis.thirdparty.io.netty.channel.socket.nio.NioSocketChannel.doFinishConnect(NioSocketChannel.java:327)
	at org.apache.ratis.thirdparty.io.netty.channel.nio.AbstractNioChannel$AbstractNioUnsafe.finishConnect(AbstractNioChannel.java:340)
	at org.apache.ratis.thirdparty.io.netty.channel.nio.NioEventLoop.processSelectedKey(NioEventLoop.java:632)
	at org.apache.ratis.thirdparty.io.netty.channel.nio.NioEventLoop.processSelectedKeysOptimized(NioEventLoop.java:579)
	at org.apache.ratis.thirdparty.io.netty.channel.nio.NioEventLoop.processSelectedKeys(NioEventLoop.java:496)
	at org.apache.ratis.thirdparty.io.netty.channel.nio.NioEventLoop.run(NioEventLoop.java:458)
	at org.apache.ratis.thirdparty.io.netty.util.concurrent.SingleThreadEventExecutor$5.run(SingleThreadEventExecutor.java:897)
	at org.apache.ratis.thirdparty.io.netty.util.concurrent.FastThreadLocalRunnable.run(FastThreadLocalRunnable.java:30)
	... 1 more
Caused by: java.net.ConnectException: Connection refused
	... 11 more
2019-10-21 04:27:24,908 [omNode-1@group-523986131536-LeaderElection8] INFO  impl.LeaderElection (LogUtils.java:infoOrTrace(149)) - omNode-1@group-523986131536-LeaderElection8 got exception when requesting votes: {}
java.util.concurrent.ExecutionException: org.apache.ratis.thirdparty.io.grpc.StatusRuntimeException: UNAVAILABLE: io exception
	at java.util.concurrent.FutureTask.report(FutureTask.java:122)
	at java.util.concurrent.FutureTask.get(FutureTask.java:192)
	at org.apache.ratis.server.impl.LeaderElection.waitForResults(LeaderElection.java:259)
	at org.apache.ratis.server.impl.LeaderElection.askForVotes(LeaderElection.java:197)
	at org.apache.ratis.server.impl.LeaderElection.run(LeaderElection.java:133)
	at java.lang.Thread.run(Thread.java:748)
Caused by: org.apache.ratis.thirdparty.io.grpc.StatusRuntimeException: UNAVAILABLE: io exception
	at org.apache.ratis.thirdparty.io.grpc.stub.ClientCalls.toStatusRuntimeException(ClientCalls.java:233)
	at org.apache.ratis.thirdparty.io.grpc.stub.ClientCalls.getUnchecked(ClientCalls.java:214)
	at org.apache.ratis.thirdparty.io.grpc.stub.ClientCalls.blockingUnaryCall(ClientCalls.java:139)
	at org.apache.ratis.proto.grpc.RaftServerProtocolServiceGrpc$RaftServerProtocolServiceBlockingStub.requestVote(RaftServerProtocolServiceGrpc.java:265)
	at org.apache.ratis.grpc.server.GrpcServerProtocolClient.requestVote(GrpcServerProtocolClient.java:99)
	at org.apache.ratis.grpc.server.GrpcService.requestVote(GrpcService.java:204)
	at org.apache.ratis.server.impl.LeaderElection.lambda$submitRequests$1(LeaderElection.java:234)
	at java.util.concurrent.FutureTask.run(FutureTask.java:266)
	at java.util.concurrent.Executors$RunnableAdapter.call(Executors.java:511)
	at java.util.concurrent.FutureTask.run(FutureTask.java:266)
	at java.util.concurrent.ThreadPoolExecutor.runWorker(ThreadPoolExecutor.java:1149)
	at java.util.concurrent.ThreadPoolExecutor$Worker.run(ThreadPoolExecutor.java:624)
	... 1 more
Caused by: org.apache.ratis.thirdparty.io.netty.channel.AbstractChannel$AnnotatedConnectException: Connection refused: localhost/127.0.0.1:13122
	at sun.nio.ch.SocketChannelImpl.checkConnect(Native Method)
	at sun.nio.ch.SocketChannelImpl.finishConnect(SocketChannelImpl.java:717)
	at org.apache.ratis.thirdparty.io.netty.channel.socket.nio.NioSocketChannel.doFinishConnect(NioSocketChannel.java:327)
	at org.apache.ratis.thirdparty.io.netty.channel.nio.AbstractNioChannel$AbstractNioUnsafe.finishConnect(AbstractNioChannel.java:340)
	at org.apache.ratis.thirdparty.io.netty.channel.nio.NioEventLoop.processSelectedKey(NioEventLoop.java:632)
	at org.apache.ratis.thirdparty.io.netty.channel.nio.NioEventLoop.processSelectedKeysOptimized(NioEventLoop.java:579)
	at org.apache.ratis.thirdparty.io.netty.channel.nio.NioEventLoop.processSelectedKeys(NioEventLoop.java:496)
	at org.apache.ratis.thirdparty.io.netty.channel.nio.NioEventLoop.run(NioEventLoop.java:458)
	at org.apache.ratis.thirdparty.io.netty.util.concurrent.SingleThreadEventExecutor$5.run(SingleThreadEventExecutor.java:897)
	at org.apache.ratis.thirdparty.io.netty.util.concurrent.FastThreadLocalRunnable.run(FastThreadLocalRunnable.java:30)
	... 1 more
Caused by: java.net.ConnectException: Connection refused
	... 11 more
2019-10-21 04:27:24,909 [omNode-1@group-523986131536-LeaderElection8] INFO  impl.LeaderElection (LeaderElection.java:logAndReturn(56)) - omNode-1@group-523986131536-LeaderElection8: Election REJECTED; received 0 response(s) [] and 2 exception(s); omNode-1@group-523986131536:t3, leader=null, voted=omNode-1, raftlog=omNode-1@group-523986131536-SegmentedRaftLog:OPENED:c-1,f-1,i0, conf=-1: [omNode-3:localhost:13128, omNode-1:localhost:13116, omNode-2:localhost:13122], old=null
2019-10-21 04:27:24,909 [omNode-1@group-523986131536-LeaderElection8] INFO  impl.LeaderElection (LogUtils.java:infoOrTrace(149)) -   Exception 0: {}
java.util.concurrent.ExecutionException: org.apache.ratis.thirdparty.io.grpc.StatusRuntimeException: UNAVAILABLE: io exception
	at java.util.concurrent.FutureTask.report(FutureTask.java:122)
	at java.util.concurrent.FutureTask.get(FutureTask.java:192)
	at org.apache.ratis.server.impl.LeaderElection.waitForResults(LeaderElection.java:259)
	at org.apache.ratis.server.impl.LeaderElection.askForVotes(LeaderElection.java:197)
	at org.apache.ratis.server.impl.LeaderElection.run(LeaderElection.java:133)
	at java.lang.Thread.run(Thread.java:748)
Caused by: org.apache.ratis.thirdparty.io.grpc.StatusRuntimeException: UNAVAILABLE: io exception
	at org.apache.ratis.thirdparty.io.grpc.stub.ClientCalls.toStatusRuntimeException(ClientCalls.java:233)
	at org.apache.ratis.thirdparty.io.grpc.stub.ClientCalls.getUnchecked(ClientCalls.java:214)
	at org.apache.ratis.thirdparty.io.grpc.stub.ClientCalls.blockingUnaryCall(ClientCalls.java:139)
	at org.apache.ratis.proto.grpc.RaftServerProtocolServiceGrpc$RaftServerProtocolServiceBlockingStub.requestVote(RaftServerProtocolServiceGrpc.java:265)
	at org.apache.ratis.grpc.server.GrpcServerProtocolClient.requestVote(GrpcServerProtocolClient.java:99)
	at org.apache.ratis.grpc.server.GrpcService.requestVote(GrpcService.java:204)
	at org.apache.ratis.server.impl.LeaderElection.lambda$submitRequests$1(LeaderElection.java:234)
	at java.util.concurrent.FutureTask.run(FutureTask.java:266)
	at java.util.concurrent.Executors$RunnableAdapter.call(Executors.java:511)
	at java.util.concurrent.FutureTask.run(FutureTask.java:266)
	at java.util.concurrent.ThreadPoolExecutor.runWorker(ThreadPoolExecutor.java:1149)
	at java.util.concurrent.ThreadPoolExecutor$Worker.run(ThreadPoolExecutor.java:624)
	... 1 more
Caused by: org.apache.ratis.thirdparty.io.netty.channel.AbstractChannel$AnnotatedConnectException: Connection refused: localhost/127.0.0.1:13128
	at sun.nio.ch.SocketChannelImpl.checkConnect(Native Method)
	at sun.nio.ch.SocketChannelImpl.finishConnect(SocketChannelImpl.java:717)
	at org.apache.ratis.thirdparty.io.netty.channel.socket.nio.NioSocketChannel.doFinishConnect(NioSocketChannel.java:327)
	at org.apache.ratis.thirdparty.io.netty.channel.nio.AbstractNioChannel$AbstractNioUnsafe.finishConnect(AbstractNioChannel.java:340)
	at org.apache.ratis.thirdparty.io.netty.channel.nio.NioEventLoop.processSelectedKey(NioEventLoop.java:632)
	at org.apache.ratis.thirdparty.io.netty.channel.nio.NioEventLoop.processSelectedKeysOptimized(NioEventLoop.java:579)
	at org.apache.ratis.thirdparty.io.netty.channel.nio.NioEventLoop.processSelectedKeys(NioEventLoop.java:496)
	at org.apache.ratis.thirdparty.io.netty.channel.nio.NioEventLoop.run(NioEventLoop.java:458)
	at org.apache.ratis.thirdparty.io.netty.util.concurrent.SingleThreadEventExecutor$5.run(SingleThreadEventExecutor.java:897)
	at org.apache.ratis.thirdparty.io.netty.util.concurrent.FastThreadLocalRunnable.run(FastThreadLocalRunnable.java:30)
	... 1 more
Caused by: java.net.ConnectException: Connection refused
	... 11 more
2019-10-21 04:27:24,909 [omNode-1@group-523986131536-LeaderElection8] INFO  impl.LeaderElection (LogUtils.java:infoOrTrace(149)) -   Exception 1: {}
java.util.concurrent.ExecutionException: org.apache.ratis.thirdparty.io.grpc.StatusRuntimeException: UNAVAILABLE: io exception
	at java.util.concurrent.FutureTask.report(FutureTask.java:122)
	at java.util.concurrent.FutureTask.get(FutureTask.java:192)
	at org.apache.ratis.server.impl.LeaderElection.waitForResults(LeaderElection.java:259)
	at org.apache.ratis.server.impl.LeaderElection.askForVotes(LeaderElection.java:197)
	at org.apache.ratis.server.impl.LeaderElection.run(LeaderElection.java:133)
	at java.lang.Thread.run(Thread.java:748)
Caused by: org.apache.ratis.thirdparty.io.grpc.StatusRuntimeException: UNAVAILABLE: io exception
	at org.apache.ratis.thirdparty.io.grpc.stub.ClientCalls.toStatusRuntimeException(ClientCalls.java:233)
	at org.apache.ratis.thirdparty.io.grpc.stub.ClientCalls.getUnchecked(ClientCalls.java:214)
	at org.apache.ratis.thirdparty.io.grpc.stub.ClientCalls.blockingUnaryCall(ClientCalls.java:139)
	at org.apache.ratis.proto.grpc.RaftServerProtocolServiceGrpc$RaftServerProtocolServiceBlockingStub.requestVote(RaftServerProtocolServiceGrpc.java:265)
	at org.apache.ratis.grpc.server.GrpcServerProtocolClient.requestVote(GrpcServerProtocolClient.java:99)
	at org.apache.ratis.grpc.server.GrpcService.requestVote(GrpcService.java:204)
	at org.apache.ratis.server.impl.LeaderElection.lambda$submitRequests$1(LeaderElection.java:234)
	at java.util.concurrent.FutureTask.run(FutureTask.java:266)
	at java.util.concurrent.Executors$RunnableAdapter.call(Executors.java:511)
	at java.util.concurrent.FutureTask.run(FutureTask.java:266)
	at java.util.concurrent.ThreadPoolExecutor.runWorker(ThreadPoolExecutor.java:1149)
	at java.util.concurrent.ThreadPoolExecutor$Worker.run(ThreadPoolExecutor.java:624)
	... 1 more
Caused by: org.apache.ratis.thirdparty.io.netty.channel.AbstractChannel$AnnotatedConnectException: Connection refused: localhost/127.0.0.1:13122
	at sun.nio.ch.SocketChannelImpl.checkConnect(Native Method)
	at sun.nio.ch.SocketChannelImpl.finishConnect(SocketChannelImpl.java:717)
	at org.apache.ratis.thirdparty.io.netty.channel.socket.nio.NioSocketChannel.doFinishConnect(NioSocketChannel.java:327)
	at org.apache.ratis.thirdparty.io.netty.channel.nio.AbstractNioChannel$AbstractNioUnsafe.finishConnect(AbstractNioChannel.java:340)
	at org.apache.ratis.thirdparty.io.netty.channel.nio.NioEventLoop.processSelectedKey(NioEventLoop.java:632)
	at org.apache.ratis.thirdparty.io.netty.channel.nio.NioEventLoop.processSelectedKeysOptimized(NioEventLoop.java:579)
	at org.apache.ratis.thirdparty.io.netty.channel.nio.NioEventLoop.processSelectedKeys(NioEventLoop.java:496)
	at org.apache.ratis.thirdparty.io.netty.channel.nio.NioEventLoop.run(NioEventLoop.java:458)
	at org.apache.ratis.thirdparty.io.netty.util.concurrent.SingleThreadEventExecutor$5.run(SingleThreadEventExecutor.java:897)
	at org.apache.ratis.thirdparty.io.netty.util.concurrent.FastThreadLocalRunnable.run(FastThreadLocalRunnable.java:30)
	... 1 more
Caused by: java.net.ConnectException: Connection refused
	... 11 more
2019-10-21 04:27:24,910 [omNode-1@group-523986131536-LeaderElection8] INFO  impl.RaftServerImpl (RaftServerImpl.java:setRole(170)) - omNode-1@group-523986131536: changes role from CANDIDATE to FOLLOWER at term 3 for DISCOVERED_A_NEW_TERM
2019-10-21 04:27:24,910 [omNode-1@group-523986131536-LeaderElection8] INFO  impl.RoleInfo (RoleInfo.java:shutdownLeaderElection(134)) - omNode-1: shutdown LeaderElection
2019-10-21 04:27:24,910 [omNode-1@group-523986131536-LeaderElection8] INFO  impl.RoleInfo (RoleInfo.java:updateAndGet(143)) - omNode-1: start FollowerState
2019-10-21 04:27:26,102 [Thread-950] INFO  impl.FollowerState (FollowerState.java:run(108)) - omNode-1@group-523986131536-FollowerState: change to CANDIDATE, lastRpcTime:1191ms, electionTimeout:1191ms
2019-10-21 04:27:26,102 [Thread-950] INFO  impl.RoleInfo (RoleInfo.java:shutdownFollowerState(121)) - omNode-1: shutdown FollowerState
2019-10-21 04:27:26,103 [Thread-950] INFO  impl.RaftServerImpl (RaftServerImpl.java:setRole(170)) - omNode-1@group-523986131536: changes role from  FOLLOWER to CANDIDATE at term 3 for changeToCandidate
2019-10-21 04:27:26,103 [Thread-950] INFO  impl.RoleInfo (RoleInfo.java:updateAndGet(143)) - omNode-1: start LeaderElection
2019-10-21 04:27:27,686 [omNode-1@group-523986131536-LeaderElection9] INFO  impl.LeaderElection (LeaderElection.java:askForVotes(178)) - omNode-1@group-523986131536-LeaderElection9: begin an election at term 4 for -1: [omNode-3:localhost:13128, omNode-1:localhost:13116, omNode-2:localhost:13122], old=null
2019-10-21 04:27:27,689 [omNode-1@group-523986131536-LeaderElection9] INFO  impl.LeaderElection (LogUtils.java:infoOrTrace(149)) - omNode-1@group-523986131536-LeaderElection9 got exception when requesting votes: {}
java.util.concurrent.ExecutionException: org.apache.ratis.thirdparty.io.grpc.StatusRuntimeException: UNAVAILABLE: io exception
	at java.util.concurrent.FutureTask.report(FutureTask.java:122)
	at java.util.concurrent.FutureTask.get(FutureTask.java:192)
	at org.apache.ratis.server.impl.LeaderElection.waitForResults(LeaderElection.java:259)
	at org.apache.ratis.server.impl.LeaderElection.askForVotes(LeaderElection.java:197)
	at org.apache.ratis.server.impl.LeaderElection.run(LeaderElection.java:133)
	at java.lang.Thread.run(Thread.java:748)
Caused by: org.apache.ratis.thirdparty.io.grpc.StatusRuntimeException: UNAVAILABLE: io exception
	at org.apache.ratis.thirdparty.io.grpc.stub.ClientCalls.toStatusRuntimeException(ClientCalls.java:233)
	at org.apache.ratis.thirdparty.io.grpc.stub.ClientCalls.getUnchecked(ClientCalls.java:214)
	at org.apache.ratis.thirdparty.io.grpc.stub.ClientCalls.blockingUnaryCall(ClientCalls.java:139)
	at org.apache.ratis.proto.grpc.RaftServerProtocolServiceGrpc$RaftServerProtocolServiceBlockingStub.requestVote(RaftServerProtocolServiceGrpc.java:265)
	at org.apache.ratis.grpc.server.GrpcServerProtocolClient.requestVote(GrpcServerProtocolClient.java:99)
	at org.apache.ratis.grpc.server.GrpcService.requestVote(GrpcService.java:204)
	at org.apache.ratis.server.impl.LeaderElection.lambda$submitRequests$1(LeaderElection.java:234)
	at java.util.concurrent.FutureTask.run(FutureTask.java:266)
	at java.util.concurrent.Executors$RunnableAdapter.call(Executors.java:511)
	at java.util.concurrent.FutureTask.run(FutureTask.java:266)
	at java.util.concurrent.ThreadPoolExecutor.runWorker(ThreadPoolExecutor.java:1149)
	at java.util.concurrent.ThreadPoolExecutor$Worker.run(ThreadPoolExecutor.java:624)
	... 1 more
Caused by: org.apache.ratis.thirdparty.io.netty.channel.AbstractChannel$AnnotatedConnectException: Connection refused: localhost/127.0.0.1:13122
	at sun.nio.ch.SocketChannelImpl.checkConnect(Native Method)
	at sun.nio.ch.SocketChannelImpl.finishConnect(SocketChannelImpl.java:717)
	at org.apache.ratis.thirdparty.io.netty.channel.socket.nio.NioSocketChannel.doFinishConnect(NioSocketChannel.java:327)
	at org.apache.ratis.thirdparty.io.netty.channel.nio.AbstractNioChannel$AbstractNioUnsafe.finishConnect(AbstractNioChannel.java:340)
	at org.apache.ratis.thirdparty.io.netty.channel.nio.NioEventLoop.processSelectedKey(NioEventLoop.java:632)
	at org.apache.ratis.thirdparty.io.netty.channel.nio.NioEventLoop.processSelectedKeysOptimized(NioEventLoop.java:579)
	at org.apache.ratis.thirdparty.io.netty.channel.nio.NioEventLoop.processSelectedKeys(NioEventLoop.java:496)
	at org.apache.ratis.thirdparty.io.netty.channel.nio.NioEventLoop.run(NioEventLoop.java:458)
	at org.apache.ratis.thirdparty.io.netty.util.concurrent.SingleThreadEventExecutor$5.run(SingleThreadEventExecutor.java:897)
	at org.apache.ratis.thirdparty.io.netty.util.concurrent.FastThreadLocalRunnable.run(FastThreadLocalRunnable.java:30)
	... 1 more
Caused by: java.net.ConnectException: Connection refused
	... 11 more
2019-10-21 04:27:27,691 [omNode-1@group-523986131536-LeaderElection9] INFO  impl.LeaderElection (LogUtils.java:infoOrTrace(149)) - omNode-1@group-523986131536-LeaderElection9 got exception when requesting votes: {}
java.util.concurrent.ExecutionException: org.apache.ratis.thirdparty.io.grpc.StatusRuntimeException: UNAVAILABLE: io exception
	at java.util.concurrent.FutureTask.report(FutureTask.java:122)
	at java.util.concurrent.FutureTask.get(FutureTask.java:192)
	at org.apache.ratis.server.impl.LeaderElection.waitForResults(LeaderElection.java:259)
	at org.apache.ratis.server.impl.LeaderElection.askForVotes(LeaderElection.java:197)
	at org.apache.ratis.server.impl.LeaderElection.run(LeaderElection.java:133)
	at java.lang.Thread.run(Thread.java:748)
Caused by: org.apache.ratis.thirdparty.io.grpc.StatusRuntimeException: UNAVAILABLE: io exception
	at org.apache.ratis.thirdparty.io.grpc.stub.ClientCalls.toStatusRuntimeException(ClientCalls.java:233)
	at org.apache.ratis.thirdparty.io.grpc.stub.ClientCalls.getUnchecked(ClientCalls.java:214)
	at org.apache.ratis.thirdparty.io.grpc.stub.ClientCalls.blockingUnaryCall(ClientCalls.java:139)
	at org.apache.ratis.proto.grpc.RaftServerProtocolServiceGrpc$RaftServerProtocolServiceBlockingStub.requestVote(RaftServerProtocolServiceGrpc.java:265)
	at org.apache.ratis.grpc.server.GrpcServerProtocolClient.requestVote(GrpcServerProtocolClient.java:99)
	at org.apache.ratis.grpc.server.GrpcService.requestVote(GrpcService.java:204)
	at org.apache.ratis.server.impl.LeaderElection.lambda$submitRequests$1(LeaderElection.java:234)
	at java.util.concurrent.FutureTask.run(FutureTask.java:266)
	at java.util.concurrent.Executors$RunnableAdapter.call(Executors.java:511)
	at java.util.concurrent.FutureTask.run(FutureTask.java:266)
	at java.util.concurrent.ThreadPoolExecutor.runWorker(ThreadPoolExecutor.java:1149)
	at java.util.concurrent.ThreadPoolExecutor$Worker.run(ThreadPoolExecutor.java:624)
	... 1 more
Caused by: org.apache.ratis.thirdparty.io.netty.channel.AbstractChannel$AnnotatedConnectException: Connection refused: localhost/127.0.0.1:13128
	at sun.nio.ch.SocketChannelImpl.checkConnect(Native Method)
	at sun.nio.ch.SocketChannelImpl.finishConnect(SocketChannelImpl.java:717)
	at org.apache.ratis.thirdparty.io.netty.channel.socket.nio.NioSocketChannel.doFinishConnect(NioSocketChannel.java:327)
	at org.apache.ratis.thirdparty.io.netty.channel.nio.AbstractNioChannel$AbstractNioUnsafe.finishConnect(AbstractNioChannel.java:340)
	at org.apache.ratis.thirdparty.io.netty.channel.nio.NioEventLoop.processSelectedKey(NioEventLoop.java:632)
	at org.apache.ratis.thirdparty.io.netty.channel.nio.NioEventLoop.processSelectedKeysOptimized(NioEventLoop.java:579)
	at org.apache.ratis.thirdparty.io.netty.channel.nio.NioEventLoop.processSelectedKeys(NioEventLoop.java:496)
	at org.apache.ratis.thirdparty.io.netty.channel.nio.NioEventLoop.run(NioEventLoop.java:458)
	at org.apache.ratis.thirdparty.io.netty.util.concurrent.SingleThreadEventExecutor$5.run(SingleThreadEventExecutor.java:897)
	at org.apache.ratis.thirdparty.io.netty.util.concurrent.FastThreadLocalRunnable.run(FastThreadLocalRunnable.java:30)
	... 1 more
Caused by: java.net.ConnectException: Connection refused
	... 11 more
2019-10-21 04:27:27,692 [omNode-1@group-523986131536-LeaderElection9] INFO  impl.LeaderElection (LeaderElection.java:logAndReturn(56)) - omNode-1@group-523986131536-LeaderElection9: Election REJECTED; received 0 response(s) [] and 2 exception(s); omNode-1@group-523986131536:t4, leader=null, voted=omNode-1, raftlog=omNode-1@group-523986131536-SegmentedRaftLog:OPENED:c-1,f-1,i0, conf=-1: [omNode-3:localhost:13128, omNode-1:localhost:13116, omNode-2:localhost:13122], old=null
2019-10-21 04:27:27,692 [omNode-1@group-523986131536-LeaderElection9] INFO  impl.LeaderElection (LogUtils.java:infoOrTrace(149)) -   Exception 0: {}
java.util.concurrent.ExecutionException: org.apache.ratis.thirdparty.io.grpc.StatusRuntimeException: UNAVAILABLE: io exception
	at java.util.concurrent.FutureTask.report(FutureTask.java:122)
	at java.util.concurrent.FutureTask.get(FutureTask.java:192)
	at org.apache.ratis.server.impl.LeaderElection.waitForResults(LeaderElection.java:259)
	at org.apache.ratis.server.impl.LeaderElection.askForVotes(LeaderElection.java:197)
	at org.apache.ratis.server.impl.LeaderElection.run(LeaderElection.java:133)
	at java.lang.Thread.run(Thread.java:748)
Caused by: org.apache.ratis.thirdparty.io.grpc.StatusRuntimeException: UNAVAILABLE: io exception
	at org.apache.ratis.thirdparty.io.grpc.stub.ClientCalls.toStatusRuntimeException(ClientCalls.java:233)
	at org.apache.ratis.thirdparty.io.grpc.stub.ClientCalls.getUnchecked(ClientCalls.java:214)
	at org.apache.ratis.thirdparty.io.grpc.stub.ClientCalls.blockingUnaryCall(ClientCalls.java:139)
	at org.apache.ratis.proto.grpc.RaftServerProtocolServiceGrpc$RaftServerProtocolServiceBlockingStub.requestVote(RaftServerProtocolServiceGrpc.java:265)
	at org.apache.ratis.grpc.server.GrpcServerProtocolClient.requestVote(GrpcServerProtocolClient.java:99)
	at org.apache.ratis.grpc.server.GrpcService.requestVote(GrpcService.java:204)
	at org.apache.ratis.server.impl.LeaderElection.lambda$submitRequests$1(LeaderElection.java:234)
	at java.util.concurrent.FutureTask.run(FutureTask.java:266)
	at java.util.concurrent.Executors$RunnableAdapter.call(Executors.java:511)
	at java.util.concurrent.FutureTask.run(FutureTask.java:266)
	at java.util.concurrent.ThreadPoolExecutor.runWorker(ThreadPoolExecutor.java:1149)
	at java.util.concurrent.ThreadPoolExecutor$Worker.run(ThreadPoolExecutor.java:624)
	... 1 more
Caused by: org.apache.ratis.thirdparty.io.netty.channel.AbstractChannel$AnnotatedConnectException: Connection refused: localhost/127.0.0.1:13122
	at sun.nio.ch.SocketChannelImpl.checkConnect(Native Method)
	at sun.nio.ch.SocketChannelImpl.finishConnect(SocketChannelImpl.java:717)
	at org.apache.ratis.thirdparty.io.netty.channel.socket.nio.NioSocketChannel.doFinishConnect(NioSocketChannel.java:327)
	at org.apache.ratis.thirdparty.io.netty.channel.nio.AbstractNioChannel$AbstractNioUnsafe.finishConnect(AbstractNioChannel.java:340)
	at org.apache.ratis.thirdparty.io.netty.channel.nio.NioEventLoop.processSelectedKey(NioEventLoop.java:632)
	at org.apache.ratis.thirdparty.io.netty.channel.nio.NioEventLoop.processSelectedKeysOptimized(NioEventLoop.java:579)
	at org.apache.ratis.thirdparty.io.netty.channel.nio.NioEventLoop.processSelectedKeys(NioEventLoop.java:496)
	at org.apache.ratis.thirdparty.io.netty.channel.nio.NioEventLoop.run(NioEventLoop.java:458)
	at org.apache.ratis.thirdparty.io.netty.util.concurrent.SingleThreadEventExecutor$5.run(SingleThreadEventExecutor.java:897)
	at org.apache.ratis.thirdparty.io.netty.util.concurrent.FastThreadLocalRunnable.run(FastThreadLocalRunnable.java:30)
	... 1 more
Caused by: java.net.ConnectException: Connection refused
	... 11 more
2019-10-21 04:27:27,692 [omNode-1@group-523986131536-LeaderElection9] INFO  impl.LeaderElection (LogUtils.java:infoOrTrace(149)) -   Exception 1: {}
java.util.concurrent.ExecutionException: org.apache.ratis.thirdparty.io.grpc.StatusRuntimeException: UNAVAILABLE: io exception
	at java.util.concurrent.FutureTask.report(FutureTask.java:122)
	at java.util.concurrent.FutureTask.get(FutureTask.java:192)
	at org.apache.ratis.server.impl.LeaderElection.waitForResults(LeaderElection.java:259)
	at org.apache.ratis.server.impl.LeaderElection.askForVotes(LeaderElection.java:197)
	at org.apache.ratis.server.impl.LeaderElection.run(LeaderElection.java:133)
	at java.lang.Thread.run(Thread.java:748)
Caused by: org.apache.ratis.thirdparty.io.grpc.StatusRuntimeException: UNAVAILABLE: io exception
	at org.apache.ratis.thirdparty.io.grpc.stub.ClientCalls.toStatusRuntimeException(ClientCalls.java:233)
	at org.apache.ratis.thirdparty.io.grpc.stub.ClientCalls.getUnchecked(ClientCalls.java:214)
	at org.apache.ratis.thirdparty.io.grpc.stub.ClientCalls.blockingUnaryCall(ClientCalls.java:139)
	at org.apache.ratis.proto.grpc.RaftServerProtocolServiceGrpc$RaftServerProtocolServiceBlockingStub.requestVote(RaftServerProtocolServiceGrpc.java:265)
	at org.apache.ratis.grpc.server.GrpcServerProtocolClient.requestVote(GrpcServerProtocolClient.java:99)
	at org.apache.ratis.grpc.server.GrpcService.requestVote(GrpcService.java:204)
	at org.apache.ratis.server.impl.LeaderElection.lambda$submitRequests$1(LeaderElection.java:234)
	at java.util.concurrent.FutureTask.run(FutureTask.java:266)
	at java.util.concurrent.Executors$RunnableAdapter.call(Executors.java:511)
	at java.util.concurrent.FutureTask.run(FutureTask.java:266)
	at java.util.concurrent.ThreadPoolExecutor.runWorker(ThreadPoolExecutor.java:1149)
	at java.util.concurrent.ThreadPoolExecutor$Worker.run(ThreadPoolExecutor.java:624)
	... 1 more
Caused by: org.apache.ratis.thirdparty.io.netty.channel.AbstractChannel$AnnotatedConnectException: Connection refused: localhost/127.0.0.1:13128
	at sun.nio.ch.SocketChannelImpl.checkConnect(Native Method)
	at sun.nio.ch.SocketChannelImpl.finishConnect(SocketChannelImpl.java:717)
	at org.apache.ratis.thirdparty.io.netty.channel.socket.nio.NioSocketChannel.doFinishConnect(NioSocketChannel.java:327)
	at org.apache.ratis.thirdparty.io.netty.channel.nio.AbstractNioChannel$AbstractNioUnsafe.finishConnect(AbstractNioChannel.java:340)
	at org.apache.ratis.thirdparty.io.netty.channel.nio.NioEventLoop.processSelectedKey(NioEventLoop.java:632)
	at org.apache.ratis.thirdparty.io.netty.channel.nio.NioEventLoop.processSelectedKeysOptimized(NioEventLoop.java:579)
	at org.apache.ratis.thirdparty.io.netty.channel.nio.NioEventLoop.processSelectedKeys(NioEventLoop.java:496)
	at org.apache.ratis.thirdparty.io.netty.channel.nio.NioEventLoop.run(NioEventLoop.java:458)
	at org.apache.ratis.thirdparty.io.netty.util.concurrent.SingleThreadEventExecutor$5.run(SingleThreadEventExecutor.java:897)
	at org.apache.ratis.thirdparty.io.netty.util.concurrent.FastThreadLocalRunnable.run(FastThreadLocalRunnable.java:30)
	... 1 more
Caused by: java.net.ConnectException: Connection refused
	... 11 more
2019-10-21 04:27:27,693 [omNode-1@group-523986131536-LeaderElection9] INFO  impl.RaftServerImpl (RaftServerImpl.java:setRole(170)) - omNode-1@group-523986131536: changes role from CANDIDATE to FOLLOWER at term 4 for DISCOVERED_A_NEW_TERM
2019-10-21 04:27:27,694 [omNode-1@group-523986131536-LeaderElection9] INFO  impl.RoleInfo (RoleInfo.java:shutdownLeaderElection(134)) - omNode-1: shutdown LeaderElection
2019-10-21 04:27:27,694 [omNode-1@group-523986131536-LeaderElection9] INFO  impl.RoleInfo (RoleInfo.java:updateAndGet(143)) - omNode-1: start FollowerState
2019-10-21 04:27:28,795 [Thread-954] INFO  impl.FollowerState (FollowerState.java:run(108)) - omNode-1@group-523986131536-FollowerState: change to CANDIDATE, lastRpcTime:1101ms, electionTimeout:1100ms
2019-10-21 04:27:28,795 [Thread-954] INFO  impl.RoleInfo (RoleInfo.java:shutdownFollowerState(121)) - omNode-1: shutdown FollowerState
2019-10-21 04:27:28,795 [Thread-954] INFO  impl.RaftServerImpl (RaftServerImpl.java:setRole(170)) - omNode-1@group-523986131536: changes role from  FOLLOWER to CANDIDATE at term 4 for changeToCandidate
2019-10-21 04:27:28,796 [Thread-954] INFO  impl.RoleInfo (RoleInfo.java:updateAndGet(143)) - omNode-1: start LeaderElection
2019-10-21 04:27:31,680 [omNode-1@group-523986131536-LeaderElection10] INFO  impl.LeaderElection (LeaderElection.java:askForVotes(178)) - omNode-1@group-523986131536-LeaderElection10: begin an election at term 5 for -1: [omNode-3:localhost:13128, omNode-1:localhost:13116, omNode-2:localhost:13122], old=null
2019-10-21 04:27:31,683 [omNode-1@group-523986131536-LeaderElection10] INFO  impl.LeaderElection (LogUtils.java:infoOrTrace(149)) - omNode-1@group-523986131536-LeaderElection10 got exception when requesting votes: {}
java.util.concurrent.ExecutionException: org.apache.ratis.thirdparty.io.grpc.StatusRuntimeException: UNAVAILABLE: io exception
	at java.util.concurrent.FutureTask.report(FutureTask.java:122)
	at java.util.concurrent.FutureTask.get(FutureTask.java:192)
	at org.apache.ratis.server.impl.LeaderElection.waitForResults(LeaderElection.java:259)
	at org.apache.ratis.server.impl.LeaderElection.askForVotes(LeaderElection.java:197)
	at org.apache.ratis.server.impl.LeaderElection.run(LeaderElection.java:133)
	at java.lang.Thread.run(Thread.java:748)
Caused by: org.apache.ratis.thirdparty.io.grpc.StatusRuntimeException: UNAVAILABLE: io exception
	at org.apache.ratis.thirdparty.io.grpc.stub.ClientCalls.toStatusRuntimeException(ClientCalls.java:233)
	at org.apache.ratis.thirdparty.io.grpc.stub.ClientCalls.getUnchecked(ClientCalls.java:214)
	at org.apache.ratis.thirdparty.io.grpc.stub.ClientCalls.blockingUnaryCall(ClientCalls.java:139)
	at org.apache.ratis.proto.grpc.RaftServerProtocolServiceGrpc$RaftServerProtocolServiceBlockingStub.requestVote(RaftServerProtocolServiceGrpc.java:265)
	at org.apache.ratis.grpc.server.GrpcServerProtocolClient.requestVote(GrpcServerProtocolClient.java:99)
	at org.apache.ratis.grpc.server.GrpcService.requestVote(GrpcService.java:204)
	at org.apache.ratis.server.impl.LeaderElection.lambda$submitRequests$1(LeaderElection.java:234)
	at java.util.concurrent.FutureTask.run(FutureTask.java:266)
	at java.util.concurrent.Executors$RunnableAdapter.call(Executors.java:511)
	at java.util.concurrent.FutureTask.run(FutureTask.java:266)
	at java.util.concurrent.ThreadPoolExecutor.runWorker(ThreadPoolExecutor.java:1149)
	at java.util.concurrent.ThreadPoolExecutor$Worker.run(ThreadPoolExecutor.java:624)
	... 1 more
Caused by: org.apache.ratis.thirdparty.io.netty.channel.AbstractChannel$AnnotatedConnectException: Connection refused: localhost/127.0.0.1:13122
	at sun.nio.ch.SocketChannelImpl.checkConnect(Native Method)
	at sun.nio.ch.SocketChannelImpl.finishConnect(SocketChannelImpl.java:717)
	at org.apache.ratis.thirdparty.io.netty.channel.socket.nio.NioSocketChannel.doFinishConnect(NioSocketChannel.java:327)
	at org.apache.ratis.thirdparty.io.netty.channel.nio.AbstractNioChannel$AbstractNioUnsafe.finishConnect(AbstractNioChannel.java:340)
	at org.apache.ratis.thirdparty.io.netty.channel.nio.NioEventLoop.processSelectedKey(NioEventLoop.java:632)
	at org.apache.ratis.thirdparty.io.netty.channel.nio.NioEventLoop.processSelectedKeysOptimized(NioEventLoop.java:579)
	at org.apache.ratis.thirdparty.io.netty.channel.nio.NioEventLoop.processSelectedKeys(NioEventLoop.java:496)
	at org.apache.ratis.thirdparty.io.netty.channel.nio.NioEventLoop.run(NioEventLoop.java:458)
	at org.apache.ratis.thirdparty.io.netty.util.concurrent.SingleThreadEventExecutor$5.run(SingleThreadEventExecutor.java:897)
	at org.apache.ratis.thirdparty.io.netty.util.concurrent.FastThreadLocalRunnable.run(FastThreadLocalRunnable.java:30)
	... 1 more
Caused by: java.net.ConnectException: Connection refused
	... 11 more
2019-10-21 04:27:31,684 [omNode-1@group-523986131536-LeaderElection10] INFO  impl.LeaderElection (LogUtils.java:infoOrTrace(149)) - omNode-1@group-523986131536-LeaderElection10 got exception when requesting votes: {}
java.util.concurrent.ExecutionException: org.apache.ratis.thirdparty.io.grpc.StatusRuntimeException: UNAVAILABLE: io exception
	at java.util.concurrent.FutureTask.report(FutureTask.java:122)
	at java.util.concurrent.FutureTask.get(FutureTask.java:192)
	at org.apache.ratis.server.impl.LeaderElection.waitForResults(LeaderElection.java:259)
	at org.apache.ratis.server.impl.LeaderElection.askForVotes(LeaderElection.java:197)
	at org.apache.ratis.server.impl.LeaderElection.run(LeaderElection.java:133)
	at java.lang.Thread.run(Thread.java:748)
Caused by: org.apache.ratis.thirdparty.io.grpc.StatusRuntimeException: UNAVAILABLE: io exception
	at org.apache.ratis.thirdparty.io.grpc.stub.ClientCalls.toStatusRuntimeException(ClientCalls.java:233)
	at org.apache.ratis.thirdparty.io.grpc.stub.ClientCalls.getUnchecked(ClientCalls.java:214)
	at org.apache.ratis.thirdparty.io.grpc.stub.ClientCalls.blockingUnaryCall(ClientCalls.java:139)
	at org.apache.ratis.proto.grpc.RaftServerProtocolServiceGrpc$RaftServerProtocolServiceBlockingStub.requestVote(RaftServerProtocolServiceGrpc.java:265)
	at org.apache.ratis.grpc.server.GrpcServerProtocolClient.requestVote(GrpcServerProtocolClient.java:99)
	at org.apache.ratis.grpc.server.GrpcService.requestVote(GrpcService.java:204)
	at org.apache.ratis.server.impl.LeaderElection.lambda$submitRequests$1(LeaderElection.java:234)
	at java.util.concurrent.FutureTask.run(FutureTask.java:266)
	at java.util.concurrent.Executors$RunnableAdapter.call(Executors.java:511)
	at java.util.concurrent.FutureTask.run(FutureTask.java:266)
	at java.util.concurrent.ThreadPoolExecutor.runWorker(ThreadPoolExecutor.java:1149)
	at java.util.concurrent.ThreadPoolExecutor$Worker.run(ThreadPoolExecutor.java:624)
	... 1 more
Caused by: org.apache.ratis.thirdparty.io.netty.channel.AbstractChannel$AnnotatedConnectException: Connection refused: localhost/127.0.0.1:13128
	at sun.nio.ch.SocketChannelImpl.checkConnect(Native Method)
	at sun.nio.ch.SocketChannelImpl.finishConnect(SocketChannelImpl.java:717)
	at org.apache.ratis.thirdparty.io.netty.channel.socket.nio.NioSocketChannel.doFinishConnect(NioSocketChannel.java:327)
	at org.apache.ratis.thirdparty.io.netty.channel.nio.AbstractNioChannel$AbstractNioUnsafe.finishConnect(AbstractNioChannel.java:340)
	at org.apache.ratis.thirdparty.io.netty.channel.nio.NioEventLoop.processSelectedKey(NioEventLoop.java:632)
	at org.apache.ratis.thirdparty.io.netty.channel.nio.NioEventLoop.processSelectedKeysOptimized(NioEventLoop.java:579)
	at org.apache.ratis.thirdparty.io.netty.channel.nio.NioEventLoop.processSelectedKeys(NioEventLoop.java:496)
	at org.apache.ratis.thirdparty.io.netty.channel.nio.NioEventLoop.run(NioEventLoop.java:458)
	at org.apache.ratis.thirdparty.io.netty.util.concurrent.SingleThreadEventExecutor$5.run(SingleThreadEventExecutor.java:897)
	at org.apache.ratis.thirdparty.io.netty.util.concurrent.FastThreadLocalRunnable.run(FastThreadLocalRunnable.java:30)
	... 1 more
Caused by: java.net.ConnectException: Connection refused
	... 11 more
2019-10-21 04:27:31,685 [omNode-1@group-523986131536-LeaderElection10] INFO  impl.LeaderElection (LeaderElection.java:logAndReturn(56)) - omNode-1@group-523986131536-LeaderElection10: Election REJECTED; received 0 response(s) [] and 2 exception(s); omNode-1@group-523986131536:t5, leader=null, voted=omNode-1, raftlog=omNode-1@group-523986131536-SegmentedRaftLog:OPENED:c-1,f-1,i0, conf=-1: [omNode-3:localhost:13128, omNode-1:localhost:13116, omNode-2:localhost:13122], old=null
2019-10-21 04:27:31,685 [omNode-1@group-523986131536-LeaderElection10] INFO  impl.LeaderElection (LogUtils.java:infoOrTrace(149)) -   Exception 0: {}
java.util.concurrent.ExecutionException: org.apache.ratis.thirdparty.io.grpc.StatusRuntimeException: UNAVAILABLE: io exception
	at java.util.concurrent.FutureTask.report(FutureTask.java:122)
	at java.util.concurrent.FutureTask.get(FutureTask.java:192)
	at org.apache.ratis.server.impl.LeaderElection.waitForResults(LeaderElection.java:259)
	at org.apache.ratis.server.impl.LeaderElection.askForVotes(LeaderElection.java:197)
	at org.apache.ratis.server.impl.LeaderElection.run(LeaderElection.java:133)
	at java.lang.Thread.run(Thread.java:748)
Caused by: org.apache.ratis.thirdparty.io.grpc.StatusRuntimeException: UNAVAILABLE: io exception
	at org.apache.ratis.thirdparty.io.grpc.stub.ClientCalls.toStatusRuntimeException(ClientCalls.java:233)
	at org.apache.ratis.thirdparty.io.grpc.stub.ClientCalls.getUnchecked(ClientCalls.java:214)
	at org.apache.ratis.thirdparty.io.grpc.stub.ClientCalls.blockingUnaryCall(ClientCalls.java:139)
	at org.apache.ratis.proto.grpc.RaftServerProtocolServiceGrpc$RaftServerProtocolServiceBlockingStub.requestVote(RaftServerProtocolServiceGrpc.java:265)
	at org.apache.ratis.grpc.server.GrpcServerProtocolClient.requestVote(GrpcServerProtocolClient.java:99)
	at org.apache.ratis.grpc.server.GrpcService.requestVote(GrpcService.java:204)
	at org.apache.ratis.server.impl.LeaderElection.lambda$submitRequests$1(LeaderElection.java:234)
	at java.util.concurrent.FutureTask.run(FutureTask.java:266)
	at java.util.concurrent.Executors$RunnableAdapter.call(Executors.java:511)
	at java.util.concurrent.FutureTask.run(FutureTask.java:266)
	at java.util.concurrent.ThreadPoolExecutor.runWorker(ThreadPoolExecutor.java:1149)
	at java.util.concurrent.ThreadPoolExecutor$Worker.run(ThreadPoolExecutor.java:624)
	... 1 more
Caused by: org.apache.ratis.thirdparty.io.netty.channel.AbstractChannel$AnnotatedConnectException: Connection refused: localhost/127.0.0.1:13122
	at sun.nio.ch.SocketChannelImpl.checkConnect(Native Method)
	at sun.nio.ch.SocketChannelImpl.finishConnect(SocketChannelImpl.java:717)
	at org.apache.ratis.thirdparty.io.netty.channel.socket.nio.NioSocketChannel.doFinishConnect(NioSocketChannel.java:327)
	at org.apache.ratis.thirdparty.io.netty.channel.nio.AbstractNioChannel$AbstractNioUnsafe.finishConnect(AbstractNioChannel.java:340)
	at org.apache.ratis.thirdparty.io.netty.channel.nio.NioEventLoop.processSelectedKey(NioEventLoop.java:632)
	at org.apache.ratis.thirdparty.io.netty.channel.nio.NioEventLoop.processSelectedKeysOptimized(NioEventLoop.java:579)
	at org.apache.ratis.thirdparty.io.netty.channel.nio.NioEventLoop.processSelectedKeys(NioEventLoop.java:496)
	at org.apache.ratis.thirdparty.io.netty.channel.nio.NioEventLoop.run(NioEventLoop.java:458)
	at org.apache.ratis.thirdparty.io.netty.util.concurrent.SingleThreadEventExecutor$5.run(SingleThreadEventExecutor.java:897)
	at org.apache.ratis.thirdparty.io.netty.util.concurrent.FastThreadLocalRunnable.run(FastThreadLocalRunnable.java:30)
	... 1 more
Caused by: java.net.ConnectException: Connection refused
	... 11 more
2019-10-21 04:27:31,685 [omNode-1@group-523986131536-LeaderElection10] INFO  impl.LeaderElection (LogUtils.java:infoOrTrace(149)) -   Exception 1: {}
java.util.concurrent.ExecutionException: org.apache.ratis.thirdparty.io.grpc.StatusRuntimeException: UNAVAILABLE: io exception
	at java.util.concurrent.FutureTask.report(FutureTask.java:122)
	at java.util.concurrent.FutureTask.get(FutureTask.java:192)
	at org.apache.ratis.server.impl.LeaderElection.waitForResults(LeaderElection.java:259)
	at org.apache.ratis.server.impl.LeaderElection.askForVotes(LeaderElection.java:197)
	at org.apache.ratis.server.impl.LeaderElection.run(LeaderElection.java:133)
	at java.lang.Thread.run(Thread.java:748)
Caused by: org.apache.ratis.thirdparty.io.grpc.StatusRuntimeException: UNAVAILABLE: io exception
	at org.apache.ratis.thirdparty.io.grpc.stub.ClientCalls.toStatusRuntimeException(ClientCalls.java:233)
	at org.apache.ratis.thirdparty.io.grpc.stub.ClientCalls.getUnchecked(ClientCalls.java:214)
	at org.apache.ratis.thirdparty.io.grpc.stub.ClientCalls.blockingUnaryCall(ClientCalls.java:139)
	at org.apache.ratis.proto.grpc.RaftServerProtocolServiceGrpc$RaftServerProtocolServiceBlockingStub.requestVote(RaftServerProtocolServiceGrpc.java:265)
	at org.apache.ratis.grpc.server.GrpcServerProtocolClient.requestVote(GrpcServerProtocolClient.java:99)
	at org.apache.ratis.grpc.server.GrpcService.requestVote(GrpcService.java:204)
	at org.apache.ratis.server.impl.LeaderElection.lambda$submitRequests$1(LeaderElection.java:234)
	at java.util.concurrent.FutureTask.run(FutureTask.java:266)
	at java.util.concurrent.Executors$RunnableAdapter.call(Executors.java:511)
	at java.util.concurrent.FutureTask.run(FutureTask.java:266)
	at java.util.concurrent.ThreadPoolExecutor.runWorker(ThreadPoolExecutor.java:1149)
	at java.util.concurrent.ThreadPoolExecutor$Worker.run(ThreadPoolExecutor.java:624)
	... 1 more
Caused by: org.apache.ratis.thirdparty.io.netty.channel.AbstractChannel$AnnotatedConnectException: Connection refused: localhost/127.0.0.1:13128
	at sun.nio.ch.SocketChannelImpl.checkConnect(Native Method)
	at sun.nio.ch.SocketChannelImpl.finishConnect(SocketChannelImpl.java:717)
	at org.apache.ratis.thirdparty.io.netty.channel.socket.nio.NioSocketChannel.doFinishConnect(NioSocketChannel.java:327)
	at org.apache.ratis.thirdparty.io.netty.channel.nio.AbstractNioChannel$AbstractNioUnsafe.finishConnect(AbstractNioChannel.java:340)
	at org.apache.ratis.thirdparty.io.netty.channel.nio.NioEventLoop.processSelectedKey(NioEventLoop.java:632)
	at org.apache.ratis.thirdparty.io.netty.channel.nio.NioEventLoop.processSelectedKeysOptimized(NioEventLoop.java:579)
	at org.apache.ratis.thirdparty.io.netty.channel.nio.NioEventLoop.processSelectedKeys(NioEventLoop.java:496)
	at org.apache.ratis.thirdparty.io.netty.channel.nio.NioEventLoop.run(NioEventLoop.java:458)
	at org.apache.ratis.thirdparty.io.netty.util.concurrent.SingleThreadEventExecutor$5.run(SingleThreadEventExecutor.java:897)
	at org.apache.ratis.thirdparty.io.netty.util.concurrent.FastThreadLocalRunnable.run(FastThreadLocalRunnable.java:30)
	... 1 more
Caused by: java.net.ConnectException: Connection refused
	... 11 more
2019-10-21 04:27:31,686 [omNode-1@group-523986131536-LeaderElection10] INFO  impl.RaftServerImpl (RaftServerImpl.java:setRole(170)) - omNode-1@group-523986131536: changes role from CANDIDATE to FOLLOWER at term 5 for DISCOVERED_A_NEW_TERM
2019-10-21 04:27:31,686 [omNode-1@group-523986131536-LeaderElection10] INFO  impl.RoleInfo (RoleInfo.java:shutdownLeaderElection(134)) - omNode-1: shutdown LeaderElection
2019-10-21 04:27:31,686 [omNode-1@group-523986131536-LeaderElection10] INFO  impl.RoleInfo (RoleInfo.java:updateAndGet(143)) - omNode-1: start FollowerState
2019-10-21 04:27:32,014 [Thread-812] WARN  scm.HddsServerUtil (HddsServerUtil.java:getDefaultRatisDirectory(354)) - Storage directory for Ratis is not configured. It is a good idea to map this to an SSD disk. Falling back to ozone.metadata.dirs
2019-10-21 04:27:32,016 [Thread-812] INFO  ratis.OzoneManagerRatisServer (OzoneManagerRatisServer.java:<init>(243)) - Instantiating OM Ratis server with GroupID: om-service-test1 and Raft Peers: localhost:13122, localhost:13116, localhost:13128
2019-10-21 04:27:32,017 [Thread-812] INFO  impl.RaftServerProxy (ConfUtils.java:logGet(43)) - raft.rpc.type = GRPC (default)
2019-10-21 04:27:32,017 [Thread-812] INFO  grpc.GrpcFactory (GrpcFactory.java:checkPooledByteBufAllocatorUseCacheForAllThreads(45)) - PERFORMANCE WARNING: useCacheForAllThreads is true that may cause Netty to create a lot garbage objects and, as a result, trigger GC.
	It is recommended to disable useCacheForAllThreads by setting -Dorg.apache.ratis.thirdparty.io.netty.allocator.useCacheForAllThreads=false in command line.
2019-10-21 04:27:32,017 [Thread-812] INFO  grpc.GrpcConfigKeys$Server (ConfUtils.java:logGet(43)) - raft.grpc.server.port = 13122 (custom)
2019-10-21 04:27:32,018 [Thread-812] INFO  server.GrpcService (ConfUtils.java:logGet(43)) - raft.grpc.message.size.max = 33554432 (custom)
2019-10-21 04:27:32,018 [Thread-812] INFO  server.RaftServerConfigKeys (ConfUtils.java:logGet(43)) - raft.server.log.appender.buffer.byte-limit = 33554432 (custom)
2019-10-21 04:27:32,018 [Thread-812] INFO  server.GrpcService (ConfUtils.java:logGet(43)) - raft.grpc.flow.control.window = 1MB (=1048576) (default)
2019-10-21 04:27:32,018 [Thread-812] INFO  server.RaftServerConfigKeys (ConfUtils.java:logGet(43)) - raft.server.rpc.request.timeout = 3000ms (default)
2019-10-21 04:27:32,019 [Thread-812] INFO  server.RaftServerConfigKeys (ConfUtils.java:logGet(43)) - raft.server.storage.dir = [/workdir/hadoop-ozone/integration-test/target/test-dir/MiniOzoneClusterImpl-1fb6c0c1-dc02-460f-8f1c-066ce42e20b0/omNode-2/ratis] (custom)
2019-10-21 04:27:32,019 [Thread-812] INFO  impl.RaftServerProxy (RaftServerProxy.java:addNew(89)) - omNode-2: addNew group-523986131536:[omNode-3:localhost:13128, omNode-1:localhost:13116, omNode-2:localhost:13122] returns group-523986131536:java.util.concurrent.CompletableFuture@62e162d3[Not completed]
2019-10-21 04:27:32,019 [pool-195-thread-1] INFO  impl.RaftServerImpl (RaftServerImpl.java:<init>(95)) - omNode-2: new RaftServerImpl for group-523986131536:[omNode-3:localhost:13128, omNode-1:localhost:13116, omNode-2:localhost:13122] with OzoneManagerStateMachine:uninitialized
2019-10-21 04:27:32,019 [Thread-812] INFO  om.OzoneManager (OzoneManager.java:initializeRatisServer(1217)) - OzoneManager Ratis server initialized at port 13122
2019-10-21 04:27:32,020 [pool-195-thread-1] INFO  server.RaftServerConfigKeys (ConfUtils.java:logGet(43)) - raft.server.rpc.timeout.min = 1s (custom)
2019-10-21 04:27:32,020 [Thread-812] WARN  scm.HddsServerUtil (HddsServerUtil.java:getDefaultRatisDirectory(354)) - Storage directory for Ratis is not configured. It is a good idea to map this to an SSD disk. Falling back to ozone.metadata.dirs
2019-10-21 04:27:32,021 [pool-195-thread-1] INFO  server.RaftServerConfigKeys (ConfUtils.java:logGet(43)) - raft.server.rpc.timeout.max = 1200ms (custom)
2019-10-21 04:27:32,021 [pool-195-thread-1] INFO  server.RaftServerConfigKeys (ConfUtils.java:logGet(43)) - raft.server.rpcslowness.timeout = 2s (custom)
2019-10-21 04:27:32,021 [Thread-812] WARN  scm.HddsServerUtil (HddsServerUtil.java:getDefaultRatisDirectory(354)) - Storage directory for Ratis is not configured. It is a good idea to map this to an SSD disk. Falling back to ozone.metadata.dirs
2019-10-21 04:27:32,021 [pool-195-thread-1] INFO  server.RaftServerConfigKeys (ConfUtils.java:logGet(43)) - raft.server.sleep.deviation.threshold = 300 (default)
2019-10-21 04:27:32,021 [pool-195-thread-1] INFO  server.RaftServerConfigKeys (ConfUtils.java:logGet(43)) - raft.server.log.appender.install.snapshot.enabled = false (custom)
2019-10-21 04:27:32,021 [Thread-812] INFO  snapshot.OzoneManagerSnapshotProvider (OzoneManagerSnapshotProvider.java:<init>(81)) - Initializing OM Snapshot Provider
2019-10-21 04:27:32,021 [pool-195-thread-1] INFO  impl.RaftServerImpl (ServerState.java:<init>(103)) - omNode-2@group-523986131536: ConfigurationManager, init=-1: [omNode-3:localhost:13128, omNode-1:localhost:13116, omNode-2:localhost:13122], old=null, confs=<EMPTY_MAP>
2019-10-21 04:27:32,021 [pool-195-thread-1] INFO  server.RaftServerConfigKeys (ConfUtils.java:logGet(43)) - raft.server.storage.dir = [/workdir/hadoop-ozone/integration-test/target/test-dir/MiniOzoneClusterImpl-1fb6c0c1-dc02-460f-8f1c-066ce42e20b0/omNode-2/ratis] (custom)
2019-10-21 04:27:32,022 [pool-195-thread-1] INFO  server.RaftServerConfigKeys (ConfUtils.java:logGet(43)) - raft.server.log.corruption.policy = EXCEPTION (default)
2019-10-21 04:27:32,022 [pool-195-thread-1] INFO  storage.RaftStorageDirectory (RaftStorageDirectory.java:analyzeStorage(246)) - The storage directory /workdir/hadoop-ozone/integration-test/target/test-dir/MiniOzoneClusterImpl-1fb6c0c1-dc02-460f-8f1c-066ce42e20b0/omNode-2/ratis/c9bc4cf4-3bc3-3c60-a66b-523986131536 does not exist. Creating ...
2019-10-21 04:27:32,023 [Thread-812] INFO  ipc.CallQueueManager (CallQueueManager.java:<init>(84)) - Using callQueue: class java.util.concurrent.LinkedBlockingQueue, queueCapacity: 2000, scheduler: class org.apache.hadoop.ipc.DefaultRpcScheduler, ipcBackoff: false.
2019-10-21 04:27:32,024 [Socket Reader #1 for port 13118] INFO  ipc.Server (Server.java:run(1074)) - Starting Socket Reader #1 for port 13118
2019-10-21 04:27:32,037 [Thread-812] INFO  om.OzoneManager (OzoneManager.java:start(1071)) - OzoneManager RPC server is listening at localhost/127.0.0.1:13118
2019-10-21 04:27:32,037 [Thread-812] INFO  impl.MetricsSystemImpl (MetricsSystemImpl.java:init(158)) - OzoneManager metrics system started (again)
2019-10-21 04:27:32,037 [Thread-812] INFO  ratis.OzoneManagerRatisServer (OzoneManagerRatisServer.java:start(333)) - Starting OzoneManagerRatisServer omNode-2 at port 13122
2019-10-21 04:27:32,724 [Thread-959] INFO  impl.FollowerState (FollowerState.java:run(108)) - omNode-1@group-523986131536-FollowerState: change to CANDIDATE, lastRpcTime:1037ms, electionTimeout:1030ms
2019-10-21 04:27:32,724 [Thread-959] INFO  impl.RoleInfo (RoleInfo.java:shutdownFollowerState(121)) - omNode-1: shutdown FollowerState
2019-10-21 04:27:32,724 [Thread-959] INFO  impl.RaftServerImpl (RaftServerImpl.java:setRole(170)) - omNode-1@group-523986131536: changes role from  FOLLOWER to CANDIDATE at term 5 for changeToCandidate
2019-10-21 04:27:32,724 [Thread-959] INFO  impl.RoleInfo (RoleInfo.java:updateAndGet(143)) - omNode-1: start LeaderElection
2019-10-21 04:27:35,428 [pool-195-thread-1] INFO  storage.RaftStorageDirectory (RaftStorageDirectory.java:tryLock(328)) - Lock on /workdir/hadoop-ozone/integration-test/target/test-dir/MiniOzoneClusterImpl-1fb6c0c1-dc02-460f-8f1c-066ce42e20b0/omNode-2/ratis/c9bc4cf4-3bc3-3c60-a66b-523986131536/in_use.lock acquired by nodename 29612@pr-hdds-1569-252f9-3696506840
2019-10-21 04:27:35,428 [omNode-1@group-523986131536-LeaderElection11] INFO  impl.LeaderElection (LeaderElection.java:askForVotes(178)) - omNode-1@group-523986131536-LeaderElection11: begin an election at term 6 for -1: [omNode-3:localhost:13128, omNode-1:localhost:13116, omNode-2:localhost:13122], old=null
2019-10-21 04:27:35,431 [omNode-1@group-523986131536-LeaderElection11] INFO  impl.LeaderElection (LogUtils.java:infoOrTrace(149)) - omNode-1@group-523986131536-LeaderElection11 got exception when requesting votes: {}
java.util.concurrent.ExecutionException: org.apache.ratis.thirdparty.io.grpc.StatusRuntimeException: UNAVAILABLE: io exception
	at java.util.concurrent.FutureTask.report(FutureTask.java:122)
	at java.util.concurrent.FutureTask.get(FutureTask.java:192)
	at org.apache.ratis.server.impl.LeaderElection.waitForResults(LeaderElection.java:259)
	at org.apache.ratis.server.impl.LeaderElection.askForVotes(LeaderElection.java:197)
	at org.apache.ratis.server.impl.LeaderElection.run(LeaderElection.java:133)
	at java.lang.Thread.run(Thread.java:748)
Caused by: org.apache.ratis.thirdparty.io.grpc.StatusRuntimeException: UNAVAILABLE: io exception
	at org.apache.ratis.thirdparty.io.grpc.stub.ClientCalls.toStatusRuntimeException(ClientCalls.java:233)
	at org.apache.ratis.thirdparty.io.grpc.stub.ClientCalls.getUnchecked(ClientCalls.java:214)
	at org.apache.ratis.thirdparty.io.grpc.stub.ClientCalls.blockingUnaryCall(ClientCalls.java:139)
	at org.apache.ratis.proto.grpc.RaftServerProtocolServiceGrpc$RaftServerProtocolServiceBlockingStub.requestVote(RaftServerProtocolServiceGrpc.java:265)
	at org.apache.ratis.grpc.server.GrpcServerProtocolClient.requestVote(GrpcServerProtocolClient.java:99)
	at org.apache.ratis.grpc.server.GrpcService.requestVote(GrpcService.java:204)
	at org.apache.ratis.server.impl.LeaderElection.lambda$submitRequests$1(LeaderElection.java:234)
	at java.util.concurrent.FutureTask.run(FutureTask.java:266)
	at java.util.concurrent.Executors$RunnableAdapter.call(Executors.java:511)
	at java.util.concurrent.FutureTask.run(FutureTask.java:266)
	at java.util.concurrent.ThreadPoolExecutor.runWorker(ThreadPoolExecutor.java:1149)
	at java.util.concurrent.ThreadPoolExecutor$Worker.run(ThreadPoolExecutor.java:624)
	... 1 more
Caused by: org.apache.ratis.thirdparty.io.netty.channel.AbstractChannel$AnnotatedConnectException: Connection refused: localhost/127.0.0.1:13128
	at sun.nio.ch.SocketChannelImpl.checkConnect(Native Method)
	at sun.nio.ch.SocketChannelImpl.finishConnect(SocketChannelImpl.java:717)
	at org.apache.ratis.thirdparty.io.netty.channel.socket.nio.NioSocketChannel.doFinishConnect(NioSocketChannel.java:327)
	at org.apache.ratis.thirdparty.io.netty.channel.nio.AbstractNioChannel$AbstractNioUnsafe.finishConnect(AbstractNioChannel.java:340)
	at org.apache.ratis.thirdparty.io.netty.channel.nio.NioEventLoop.processSelectedKey(NioEventLoop.java:632)
	at org.apache.ratis.thirdparty.io.netty.channel.nio.NioEventLoop.processSelectedKeysOptimized(NioEventLoop.java:579)
	at org.apache.ratis.thirdparty.io.netty.channel.nio.NioEventLoop.processSelectedKeys(NioEventLoop.java:496)
	at org.apache.ratis.thirdparty.io.netty.channel.nio.NioEventLoop.run(NioEventLoop.java:458)
	at org.apache.ratis.thirdparty.io.netty.util.concurrent.SingleThreadEventExecutor$5.run(SingleThreadEventExecutor.java:897)
	at org.apache.ratis.thirdparty.io.netty.util.concurrent.FastThreadLocalRunnable.run(FastThreadLocalRunnable.java:30)
	... 1 more
Caused by: java.net.ConnectException: Connection refused
	... 11 more
2019-10-21 04:27:35,432 [omNode-1@group-523986131536-LeaderElection11] INFO  impl.LeaderElection (LogUtils.java:infoOrTrace(149)) - omNode-1@group-523986131536-LeaderElection11 got exception when requesting votes: {}
java.util.concurrent.ExecutionException: org.apache.ratis.thirdparty.io.grpc.StatusRuntimeException: UNAVAILABLE: io exception
	at java.util.concurrent.FutureTask.report(FutureTask.java:122)
	at java.util.concurrent.FutureTask.get(FutureTask.java:192)
	at org.apache.ratis.server.impl.LeaderElection.waitForResults(LeaderElection.java:259)
	at org.apache.ratis.server.impl.LeaderElection.askForVotes(LeaderElection.java:197)
	at org.apache.ratis.server.impl.LeaderElection.run(LeaderElection.java:133)
	at java.lang.Thread.run(Thread.java:748)
Caused by: org.apache.ratis.thirdparty.io.grpc.StatusRuntimeException: UNAVAILABLE: io exception
	at org.apache.ratis.thirdparty.io.grpc.stub.ClientCalls.toStatusRuntimeException(ClientCalls.java:233)
	at org.apache.ratis.thirdparty.io.grpc.stub.ClientCalls.getUnchecked(ClientCalls.java:214)
	at org.apache.ratis.thirdparty.io.grpc.stub.ClientCalls.blockingUnaryCall(ClientCalls.java:139)
	at org.apache.ratis.proto.grpc.RaftServerProtocolServiceGrpc$RaftServerProtocolServiceBlockingStub.requestVote(RaftServerProtocolServiceGrpc.java:265)
	at org.apache.ratis.grpc.server.GrpcServerProtocolClient.requestVote(GrpcServerProtocolClient.java:99)
	at org.apache.ratis.grpc.server.GrpcService.requestVote(GrpcService.java:204)
	at org.apache.ratis.server.impl.LeaderElection.lambda$submitRequests$1(LeaderElection.java:234)
	at java.util.concurrent.FutureTask.run(FutureTask.java:266)
	at java.util.concurrent.Executors$RunnableAdapter.call(Executors.java:511)
	at java.util.concurrent.FutureTask.run(FutureTask.java:266)
	at java.util.concurrent.ThreadPoolExecutor.runWorker(ThreadPoolExecutor.java:1149)
	at java.util.concurrent.ThreadPoolExecutor$Worker.run(ThreadPoolExecutor.java:624)
	... 1 more
Caused by: org.apache.ratis.thirdparty.io.netty.channel.AbstractChannel$AnnotatedConnectException: Connection refused: localhost/127.0.0.1:13122
	at sun.nio.ch.SocketChannelImpl.checkConnect(Native Method)
	at sun.nio.ch.SocketChannelImpl.finishConnect(SocketChannelImpl.java:717)
	at org.apache.ratis.thirdparty.io.netty.channel.socket.nio.NioSocketChannel.doFinishConnect(NioSocketChannel.java:327)
	at org.apache.ratis.thirdparty.io.netty.channel.nio.AbstractNioChannel$AbstractNioUnsafe.finishConnect(AbstractNioChannel.java:340)
	at org.apache.ratis.thirdparty.io.netty.channel.nio.NioEventLoop.processSelectedKey(NioEventLoop.java:632)
	at org.apache.ratis.thirdparty.io.netty.channel.nio.NioEventLoop.processSelectedKeysOptimized(NioEventLoop.java:579)
	at org.apache.ratis.thirdparty.io.netty.channel.nio.NioEventLoop.processSelectedKeys(NioEventLoop.java:496)
	at org.apache.ratis.thirdparty.io.netty.channel.nio.NioEventLoop.run(NioEventLoop.java:458)
	at org.apache.ratis.thirdparty.io.netty.util.concurrent.SingleThreadEventExecutor$5.run(SingleThreadEventExecutor.java:897)
	at org.apache.ratis.thirdparty.io.netty.util.concurrent.FastThreadLocalRunnable.run(FastThreadLocalRunnable.java:30)
	... 1 more
Caused by: java.net.ConnectException: Connection refused
	... 11 more
2019-10-21 04:27:35,433 [omNode-1@group-523986131536-LeaderElection11] INFO  impl.LeaderElection (LeaderElection.java:logAndReturn(56)) - omNode-1@group-523986131536-LeaderElection11: Election REJECTED; received 0 response(s) [] and 2 exception(s); omNode-1@group-523986131536:t6, leader=null, voted=omNode-1, raftlog=omNode-1@group-523986131536-SegmentedRaftLog:OPENED:c-1,f-1,i0, conf=-1: [omNode-3:localhost:13128, omNode-1:localhost:13116, omNode-2:localhost:13122], old=null
2019-10-21 04:27:35,433 [omNode-1@group-523986131536-LeaderElection11] INFO  impl.LeaderElection (LogUtils.java:infoOrTrace(149)) -   Exception 0: {}
java.util.concurrent.ExecutionException: org.apache.ratis.thirdparty.io.grpc.StatusRuntimeException: UNAVAILABLE: io exception
	at java.util.concurrent.FutureTask.report(FutureTask.java:122)
	at java.util.concurrent.FutureTask.get(FutureTask.java:192)
	at org.apache.ratis.server.impl.LeaderElection.waitForResults(LeaderElection.java:259)
	at org.apache.ratis.server.impl.LeaderElection.askForVotes(LeaderElection.java:197)
	at org.apache.ratis.server.impl.LeaderElection.run(LeaderElection.java:133)
	at java.lang.Thread.run(Thread.java:748)
Caused by: org.apache.ratis.thirdparty.io.grpc.StatusRuntimeException: UNAVAILABLE: io exception
	at org.apache.ratis.thirdparty.io.grpc.stub.ClientCalls.toStatusRuntimeException(ClientCalls.java:233)
	at org.apache.ratis.thirdparty.io.grpc.stub.ClientCalls.getUnchecked(ClientCalls.java:214)
	at org.apache.ratis.thirdparty.io.grpc.stub.ClientCalls.blockingUnaryCall(ClientCalls.java:139)
	at org.apache.ratis.proto.grpc.RaftServerProtocolServiceGrpc$RaftServerProtocolServiceBlockingStub.requestVote(RaftServerProtocolServiceGrpc.java:265)
	at org.apache.ratis.grpc.server.GrpcServerProtocolClient.requestVote(GrpcServerProtocolClient.java:99)
	at org.apache.ratis.grpc.server.GrpcService.requestVote(GrpcService.java:204)
	at org.apache.ratis.server.impl.LeaderElection.lambda$submitRequests$1(LeaderElection.java:234)
	at java.util.concurrent.FutureTask.run(FutureTask.java:266)
	at java.util.concurrent.Executors$RunnableAdapter.call(Executors.java:511)
	at java.util.concurrent.FutureTask.run(FutureTask.java:266)
	at java.util.concurrent.ThreadPoolExecutor.runWorker(ThreadPoolExecutor.java:1149)
	at java.util.concurrent.ThreadPoolExecutor$Worker.run(ThreadPoolExecutor.java:624)
	... 1 more
Caused by: org.apache.ratis.thirdparty.io.netty.channel.AbstractChannel$AnnotatedConnectException: Connection refused: localhost/127.0.0.1:13128
	at sun.nio.ch.SocketChannelImpl.checkConnect(Native Method)
	at sun.nio.ch.SocketChannelImpl.finishConnect(SocketChannelImpl.java:717)
	at org.apache.ratis.thirdparty.io.netty.channel.socket.nio.NioSocketChannel.doFinishConnect(NioSocketChannel.java:327)
	at org.apache.ratis.thirdparty.io.netty.channel.nio.AbstractNioChannel$AbstractNioUnsafe.finishConnect(AbstractNioChannel.java:340)
	at org.apache.ratis.thirdparty.io.netty.channel.nio.NioEventLoop.processSelectedKey(NioEventLoop.java:632)
	at org.apache.ratis.thirdparty.io.netty.channel.nio.NioEventLoop.processSelectedKeysOptimized(NioEventLoop.java:579)
	at org.apache.ratis.thirdparty.io.netty.channel.nio.NioEventLoop.processSelectedKeys(NioEventLoop.java:496)
	at org.apache.ratis.thirdparty.io.netty.channel.nio.NioEventLoop.run(NioEventLoop.java:458)
	at org.apache.ratis.thirdparty.io.netty.util.concurrent.SingleThreadEventExecutor$5.run(SingleThreadEventExecutor.java:897)
	at org.apache.ratis.thirdparty.io.netty.util.concurrent.FastThreadLocalRunnable.run(FastThreadLocalRunnable.java:30)
	... 1 more
Caused by: java.net.ConnectException: Connection refused
	... 11 more
2019-10-21 04:27:35,433 [omNode-1@group-523986131536-LeaderElection11] INFO  impl.LeaderElection (LogUtils.java:infoOrTrace(149)) -   Exception 1: {}
java.util.concurrent.ExecutionException: org.apache.ratis.thirdparty.io.grpc.StatusRuntimeException: UNAVAILABLE: io exception
	at java.util.concurrent.FutureTask.report(FutureTask.java:122)
	at java.util.concurrent.FutureTask.get(FutureTask.java:192)
	at org.apache.ratis.server.impl.LeaderElection.waitForResults(LeaderElection.java:259)
	at org.apache.ratis.server.impl.LeaderElection.askForVotes(LeaderElection.java:197)
	at org.apache.ratis.server.impl.LeaderElection.run(LeaderElection.java:133)
	at java.lang.Thread.run(Thread.java:748)
Caused by: org.apache.ratis.thirdparty.io.grpc.StatusRuntimeException: UNAVAILABLE: io exception
	at org.apache.ratis.thirdparty.io.grpc.stub.ClientCalls.toStatusRuntimeException(ClientCalls.java:233)
	at org.apache.ratis.thirdparty.io.grpc.stub.ClientCalls.getUnchecked(ClientCalls.java:214)
	at org.apache.ratis.thirdparty.io.grpc.stub.ClientCalls.blockingUnaryCall(ClientCalls.java:139)
	at org.apache.ratis.proto.grpc.RaftServerProtocolServiceGrpc$RaftServerProtocolServiceBlockingStub.requestVote(RaftServerProtocolServiceGrpc.java:265)
	at org.apache.ratis.grpc.server.GrpcServerProtocolClient.requestVote(GrpcServerProtocolClient.java:99)
	at org.apache.ratis.grpc.server.GrpcService.requestVote(GrpcService.java:204)
	at org.apache.ratis.server.impl.LeaderElection.lambda$submitRequests$1(LeaderElection.java:234)
	at java.util.concurrent.FutureTask.run(FutureTask.java:266)
	at java.util.concurrent.Executors$RunnableAdapter.call(Executors.java:511)
	at java.util.concurrent.FutureTask.run(FutureTask.java:266)
	at java.util.concurrent.ThreadPoolExecutor.runWorker(ThreadPoolExecutor.java:1149)
	at java.util.concurrent.ThreadPoolExecutor$Worker.run(ThreadPoolExecutor.java:624)
	... 1 more
Caused by: org.apache.ratis.thirdparty.io.netty.channel.AbstractChannel$AnnotatedConnectException: Connection refused: localhost/127.0.0.1:13122
	at sun.nio.ch.SocketChannelImpl.checkConnect(Native Method)
	at sun.nio.ch.SocketChannelImpl.finishConnect(SocketChannelImpl.java:717)
	at org.apache.ratis.thirdparty.io.netty.channel.socket.nio.NioSocketChannel.doFinishConnect(NioSocketChannel.java:327)
	at org.apache.ratis.thirdparty.io.netty.channel.nio.AbstractNioChannel$AbstractNioUnsafe.finishConnect(AbstractNioChannel.java:340)
	at org.apache.ratis.thirdparty.io.netty.channel.nio.NioEventLoop.processSelectedKey(NioEventLoop.java:632)
	at org.apache.ratis.thirdparty.io.netty.channel.nio.NioEventLoop.processSelectedKeysOptimized(NioEventLoop.java:579)
	at org.apache.ratis.thirdparty.io.netty.channel.nio.NioEventLoop.processSelectedKeys(NioEventLoop.java:496)
	at org.apache.ratis.thirdparty.io.netty.channel.nio.NioEventLoop.run(NioEventLoop.java:458)
	at org.apache.ratis.thirdparty.io.netty.util.concurrent.SingleThreadEventExecutor$5.run(SingleThreadEventExecutor.java:897)
	at org.apache.ratis.thirdparty.io.netty.util.concurrent.FastThreadLocalRunnable.run(FastThreadLocalRunnable.java:30)
	... 1 more
Caused by: java.net.ConnectException: Connection refused
	... 11 more
2019-10-21 04:27:35,434 [omNode-1@group-523986131536-LeaderElection11] INFO  impl.RaftServerImpl (RaftServerImpl.java:setRole(170)) - omNode-1@group-523986131536: changes role from CANDIDATE to FOLLOWER at term 6 for DISCOVERED_A_NEW_TERM
2019-10-21 04:27:35,434 [omNode-1@group-523986131536-LeaderElection11] INFO  impl.RoleInfo (RoleInfo.java:shutdownLeaderElection(134)) - omNode-1: shutdown LeaderElection
2019-10-21 04:27:35,435 [omNode-1@group-523986131536-LeaderElection11] INFO  impl.RoleInfo (RoleInfo.java:updateAndGet(143)) - omNode-1: start FollowerState
2019-10-21 04:27:36,572 [Thread-969] INFO  impl.FollowerState (FollowerState.java:run(108)) - omNode-1@group-523986131536-FollowerState: change to CANDIDATE, lastRpcTime:1136ms, electionTimeout:1136ms
2019-10-21 04:27:36,572 [Thread-969] INFO  impl.RoleInfo (RoleInfo.java:shutdownFollowerState(121)) - omNode-1: shutdown FollowerState
2019-10-21 04:27:36,572 [Thread-969] INFO  impl.RaftServerImpl (RaftServerImpl.java:setRole(170)) - omNode-1@group-523986131536: changes role from  FOLLOWER to CANDIDATE at term 6 for changeToCandidate
2019-10-21 04:27:36,572 [Thread-969] INFO  impl.RoleInfo (RoleInfo.java:updateAndGet(143)) - omNode-1: start LeaderElection
2019-10-21 04:27:38,987 [pool-195-thread-1] INFO  storage.RaftStorage (RaftStorage.java:format(84)) - Storage directory /workdir/hadoop-ozone/integration-test/target/test-dir/MiniOzoneClusterImpl-1fb6c0c1-dc02-460f-8f1c-066ce42e20b0/omNode-2/ratis/c9bc4cf4-3bc3-3c60-a66b-523986131536 has been successfully formatted.
2019-10-21 04:27:38,987 [omNode-1@group-523986131536-LeaderElection12] INFO  impl.LeaderElection (LeaderElection.java:askForVotes(178)) - omNode-1@group-523986131536-LeaderElection12: begin an election at term 7 for -1: [omNode-3:localhost:13128, omNode-1:localhost:13116, omNode-2:localhost:13122], old=null
2019-10-21 04:27:38,987 [pool-195-thread-1] INFO  server.RaftServerConfigKeys (ConfUtils.java:logGet(43)) - raft.server.notification.no-leader.timeout = 2s (custom)
2019-10-21 04:27:38,988 [pool-195-thread-1] INFO  server.RaftServerConfigKeys (ConfUtils.java:logGet(43)) - raft.server.log.use.memory = false (default)
2019-10-21 04:27:38,988 [pool-195-thread-1] INFO  server.RaftServerConfigKeys (ConfUtils.java:logGet(43)) - raft.server.log.purge.gap = 50 (custom)
2019-10-21 04:27:38,988 [pool-195-thread-1] INFO  server.RaftServerConfigKeys (ConfUtils.java:logGet(43)) - raft.server.log.appender.buffer.byte-limit = 33554432 (custom)
2019-10-21 04:27:38,988 [pool-195-thread-1] INFO  server.RaftServerConfigKeys (ConfUtils.java:logGet(43)) - raft.server.log.segment.size.max = 16384 (custom)
2019-10-21 04:27:38,989 [pool-195-thread-1] INFO  server.RaftServerConfigKeys (ConfUtils.java:logGet(43)) - raft.server.log.segment.cache.num.max = 2 (custom)
2019-10-21 04:27:38,989 [pool-195-thread-1] INFO  segmented.SegmentedRaftLogWorker (SegmentedRaftLogWorker.java:<init>(173)) - new omNode-2@group-523986131536-SegmentedRaftLogWorker for RaftStorage:Storage Directory /workdir/hadoop-ozone/integration-test/target/test-dir/MiniOzoneClusterImpl-1fb6c0c1-dc02-460f-8f1c-066ce42e20b0/omNode-2/ratis/c9bc4cf4-3bc3-3c60-a66b-523986131536
2019-10-21 04:27:38,989 [omNode-1@group-523986131536-LeaderElection12] INFO  impl.LeaderElection (LogUtils.java:infoOrTrace(149)) - omNode-1@group-523986131536-LeaderElection12 got exception when requesting votes: {}
java.util.concurrent.ExecutionException: org.apache.ratis.thirdparty.io.grpc.StatusRuntimeException: UNAVAILABLE: io exception
	at java.util.concurrent.FutureTask.report(FutureTask.java:122)
	at java.util.concurrent.FutureTask.get(FutureTask.java:192)
	at org.apache.ratis.server.impl.LeaderElection.waitForResults(LeaderElection.java:259)
	at org.apache.ratis.server.impl.LeaderElection.askForVotes(LeaderElection.java:197)
	at org.apache.ratis.server.impl.LeaderElection.run(LeaderElection.java:133)
	at java.lang.Thread.run(Thread.java:748)
Caused by: org.apache.ratis.thirdparty.io.grpc.StatusRuntimeException: UNAVAILABLE: io exception
	at org.apache.ratis.thirdparty.io.grpc.stub.ClientCalls.toStatusRuntimeException(ClientCalls.java:233)
	at org.apache.ratis.thirdparty.io.grpc.stub.ClientCalls.getUnchecked(ClientCalls.java:214)
	at org.apache.ratis.thirdparty.io.grpc.stub.ClientCalls.blockingUnaryCall(ClientCalls.java:139)
	at org.apache.ratis.proto.grpc.RaftServerProtocolServiceGrpc$RaftServerProtocolServiceBlockingStub.requestVote(RaftServerProtocolServiceGrpc.java:265)
	at org.apache.ratis.grpc.server.GrpcServerProtocolClient.requestVote(GrpcServerProtocolClient.java:99)
	at org.apache.ratis.grpc.server.GrpcService.requestVote(GrpcService.java:204)
	at org.apache.ratis.server.impl.LeaderElection.lambda$submitRequests$1(LeaderElection.java:234)
	at java.util.concurrent.FutureTask.run(FutureTask.java:266)
	at java.util.concurrent.Executors$RunnableAdapter.call(Executors.java:511)
	at java.util.concurrent.FutureTask.run(FutureTask.java:266)
	at java.util.concurrent.ThreadPoolExecutor.runWorker(ThreadPoolExecutor.java:1149)
	at java.util.concurrent.ThreadPoolExecutor$Worker.run(ThreadPoolExecutor.java:624)
	... 1 more
Caused by: org.apache.ratis.thirdparty.io.netty.channel.AbstractChannel$AnnotatedConnectException: Connection refused: localhost/127.0.0.1:13122
	at sun.nio.ch.SocketChannelImpl.checkConnect(Native Method)
	at sun.nio.ch.SocketChannelImpl.finishConnect(SocketChannelImpl.java:717)
	at org.apache.ratis.thirdparty.io.netty.channel.socket.nio.NioSocketChannel.doFinishConnect(NioSocketChannel.java:327)
	at org.apache.ratis.thirdparty.io.netty.channel.nio.AbstractNioChannel$AbstractNioUnsafe.finishConnect(AbstractNioChannel.java:340)
	at org.apache.ratis.thirdparty.io.netty.channel.nio.NioEventLoop.processSelectedKey(NioEventLoop.java:632)
	at org.apache.ratis.thirdparty.io.netty.channel.nio.NioEventLoop.processSelectedKeysOptimized(NioEventLoop.java:579)
	at org.apache.ratis.thirdparty.io.netty.channel.nio.NioEventLoop.processSelectedKeys(NioEventLoop.java:496)
	at org.apache.ratis.thirdparty.io.netty.channel.nio.NioEventLoop.run(NioEventLoop.java:458)
	at org.apache.ratis.thirdparty.io.netty.util.concurrent.SingleThreadEventExecutor$5.run(SingleThreadEventExecutor.java:897)
	at org.apache.ratis.thirdparty.io.netty.util.concurrent.FastThreadLocalRunnable.run(FastThreadLocalRunnable.java:30)
	... 1 more
Caused by: java.net.ConnectException: Connection refused
	... 11 more
2019-10-21 04:27:38,989 [pool-195-thread-1] INFO  server.RaftServerConfigKeys (ConfUtils.java:logGet(43)) - raft.server.log.queue.byte-limit = 64MB (=67108864) (default)
2019-10-21 04:27:38,990 [omNode-1@group-523986131536-LeaderElection12] INFO  impl.LeaderElection (LogUtils.java:infoOrTrace(149)) - omNode-1@group-523986131536-LeaderElection12 got exception when requesting votes: {}
java.util.concurrent.ExecutionException: org.apache.ratis.thirdparty.io.grpc.StatusRuntimeException: UNAVAILABLE: io exception
	at java.util.concurrent.FutureTask.report(FutureTask.java:122)
	at java.util.concurrent.FutureTask.get(FutureTask.java:192)
	at org.apache.ratis.server.impl.LeaderElection.waitForResults(LeaderElection.java:259)
	at org.apache.ratis.server.impl.LeaderElection.askForVotes(LeaderElection.java:197)
	at org.apache.ratis.server.impl.LeaderElection.run(LeaderElection.java:133)
	at java.lang.Thread.run(Thread.java:748)
Caused by: org.apache.ratis.thirdparty.io.grpc.StatusRuntimeException: UNAVAILABLE: io exception
	at org.apache.ratis.thirdparty.io.grpc.stub.ClientCalls.toStatusRuntimeException(ClientCalls.java:233)
	at org.apache.ratis.thirdparty.io.grpc.stub.ClientCalls.getUnchecked(ClientCalls.java:214)
	at org.apache.ratis.thirdparty.io.grpc.stub.ClientCalls.blockingUnaryCall(ClientCalls.java:139)
	at org.apache.ratis.proto.grpc.RaftServerProtocolServiceGrpc$RaftServerProtocolServiceBlockingStub.requestVote(RaftServerProtocolServiceGrpc.java:265)
	at org.apache.ratis.grpc.server.GrpcServerProtocolClient.requestVote(GrpcServerProtocolClient.java:99)
	at org.apache.ratis.grpc.server.GrpcService.requestVote(GrpcService.java:204)
	at org.apache.ratis.server.impl.LeaderElection.lambda$submitRequests$1(LeaderElection.java:234)
	at java.util.concurrent.FutureTask.run(FutureTask.java:266)
	at java.util.concurrent.Executors$RunnableAdapter.call(Executors.java:511)
	at java.util.concurrent.FutureTask.run(FutureTask.java:266)
	at java.util.concurrent.ThreadPoolExecutor.runWorker(ThreadPoolExecutor.java:1149)
	at java.util.concurrent.ThreadPoolExecutor$Worker.run(ThreadPoolExecutor.java:624)
	... 1 more
Caused by: org.apache.ratis.thirdparty.io.netty.channel.AbstractChannel$AnnotatedConnectException: Connection refused: localhost/127.0.0.1:13128
	at sun.nio.ch.SocketChannelImpl.checkConnect(Native Method)
	at sun.nio.ch.SocketChannelImpl.finishConnect(SocketChannelImpl.java:717)
	at org.apache.ratis.thirdparty.io.netty.channel.socket.nio.NioSocketChannel.doFinishConnect(NioSocketChannel.java:327)
	at org.apache.ratis.thirdparty.io.netty.channel.nio.AbstractNioChannel$AbstractNioUnsafe.finishConnect(AbstractNioChannel.java:340)
	at org.apache.ratis.thirdparty.io.netty.channel.nio.NioEventLoop.processSelectedKey(NioEventLoop.java:632)
	at org.apache.ratis.thirdparty.io.netty.channel.nio.NioEventLoop.processSelectedKeysOptimized(NioEventLoop.java:579)
	at org.apache.ratis.thirdparty.io.netty.channel.nio.NioEventLoop.processSelectedKeys(NioEventLoop.java:496)
	at org.apache.ratis.thirdparty.io.netty.channel.nio.NioEventLoop.run(NioEventLoop.java:458)
	at org.apache.ratis.thirdparty.io.netty.util.concurrent.SingleThreadEventExecutor$5.run(SingleThreadEventExecutor.java:897)
	at org.apache.ratis.thirdparty.io.netty.util.concurrent.FastThreadLocalRunnable.run(FastThreadLocalRunnable.java:30)
	... 1 more
Caused by: java.net.ConnectException: Connection refused
	... 11 more
2019-10-21 04:27:38,990 [pool-195-thread-1] INFO  server.RaftServerConfigKeys (ConfUtils.java:logGet(43)) - raft.server.log.queue.element-limit = 4096 (default)
2019-10-21 04:27:38,992 [omNode-1@group-523986131536-LeaderElection12] INFO  impl.LeaderElection (LeaderElection.java:logAndReturn(56)) - omNode-1@group-523986131536-LeaderElection12: Election REJECTED; received 0 response(s) [] and 2 exception(s); omNode-1@group-523986131536:t7, leader=null, voted=omNode-1, raftlog=omNode-1@group-523986131536-SegmentedRaftLog:OPENED:c-1,f-1,i0, conf=-1: [omNode-3:localhost:13128, omNode-1:localhost:13116, omNode-2:localhost:13122], old=null
2019-10-21 04:27:38,992 [omNode-1@group-523986131536-LeaderElection12] INFO  impl.LeaderElection (LogUtils.java:infoOrTrace(149)) -   Exception 0: {}
java.util.concurrent.ExecutionException: org.apache.ratis.thirdparty.io.grpc.StatusRuntimeException: UNAVAILABLE: io exception
	at java.util.concurrent.FutureTask.report(FutureTask.java:122)
	at java.util.concurrent.FutureTask.get(FutureTask.java:192)
	at org.apache.ratis.server.impl.LeaderElection.waitForResults(LeaderElection.java:259)
	at org.apache.ratis.server.impl.LeaderElection.askForVotes(LeaderElection.java:197)
	at org.apache.ratis.server.impl.LeaderElection.run(LeaderElection.java:133)
	at java.lang.Thread.run(Thread.java:748)
Caused by: org.apache.ratis.thirdparty.io.grpc.StatusRuntimeException: UNAVAILABLE: io exception
	at org.apache.ratis.thirdparty.io.grpc.stub.ClientCalls.toStatusRuntimeException(ClientCalls.java:233)
	at org.apache.ratis.thirdparty.io.grpc.stub.ClientCalls.getUnchecked(ClientCalls.java:214)
	at org.apache.ratis.thirdparty.io.grpc.stub.ClientCalls.blockingUnaryCall(ClientCalls.java:139)
	at org.apache.ratis.proto.grpc.RaftServerProtocolServiceGrpc$RaftServerProtocolServiceBlockingStub.requestVote(RaftServerProtocolServiceGrpc.java:265)
	at org.apache.ratis.grpc.server.GrpcServerProtocolClient.requestVote(GrpcServerProtocolClient.java:99)
	at org.apache.ratis.grpc.server.GrpcService.requestVote(GrpcService.java:204)
	at org.apache.ratis.server.impl.LeaderElection.lambda$submitRequests$1(LeaderElection.java:234)
	at java.util.concurrent.FutureTask.run(FutureTask.java:266)
	at java.util.concurrent.Executors$RunnableAdapter.call(Executors.java:511)
	at java.util.concurrent.FutureTask.run(FutureTask.java:266)
	at java.util.concurrent.ThreadPoolExecutor.runWorker(ThreadPoolExecutor.java:1149)
	at java.util.concurrent.ThreadPoolExecutor$Worker.run(ThreadPoolExecutor.java:624)
	... 1 more
Caused by: org.apache.ratis.thirdparty.io.netty.channel.AbstractChannel$AnnotatedConnectException: Connection refused: localhost/127.0.0.1:13122
	at sun.nio.ch.SocketChannelImpl.checkConnect(Native Method)
	at sun.nio.ch.SocketChannelImpl.finishConnect(SocketChannelImpl.java:717)
	at org.apache.ratis.thirdparty.io.netty.channel.socket.nio.NioSocketChannel.doFinishConnect(NioSocketChannel.java:327)
	at org.apache.ratis.thirdparty.io.netty.channel.nio.AbstractNioChannel$AbstractNioUnsafe.finishConnect(AbstractNioChannel.java:340)
	at org.apache.ratis.thirdparty.io.netty.channel.nio.NioEventLoop.processSelectedKey(NioEventLoop.java:632)
	at org.apache.ratis.thirdparty.io.netty.channel.nio.NioEventLoop.processSelectedKeysOptimized(NioEventLoop.java:579)
	at org.apache.ratis.thirdparty.io.netty.channel.nio.NioEventLoop.processSelectedKeys(NioEventLoop.java:496)
	at org.apache.ratis.thirdparty.io.netty.channel.nio.NioEventLoop.run(NioEventLoop.java:458)
	at org.apache.ratis.thirdparty.io.netty.util.concurrent.SingleThreadEventExecutor$5.run(SingleThreadEventExecutor.java:897)
	at org.apache.ratis.thirdparty.io.netty.util.concurrent.FastThreadLocalRunnable.run(FastThreadLocalRunnable.java:30)
	... 1 more
Caused by: java.net.ConnectException: Connection refused
	... 11 more
2019-10-21 04:27:38,992 [omNode-1@group-523986131536-LeaderElection12] INFO  impl.LeaderElection (LogUtils.java:infoOrTrace(149)) -   Exception 1: {}
java.util.concurrent.ExecutionException: org.apache.ratis.thirdparty.io.grpc.StatusRuntimeException: UNAVAILABLE: io exception
	at java.util.concurrent.FutureTask.report(FutureTask.java:122)
	at java.util.concurrent.FutureTask.get(FutureTask.java:192)
	at org.apache.ratis.server.impl.LeaderElection.waitForResults(LeaderElection.java:259)
	at org.apache.ratis.server.impl.LeaderElection.askForVotes(LeaderElection.java:197)
	at org.apache.ratis.server.impl.LeaderElection.run(LeaderElection.java:133)
	at java.lang.Thread.run(Thread.java:748)
Caused by: org.apache.ratis.thirdparty.io.grpc.StatusRuntimeException: UNAVAILABLE: io exception
	at org.apache.ratis.thirdparty.io.grpc.stub.ClientCalls.toStatusRuntimeException(ClientCalls.java:233)
	at org.apache.ratis.thirdparty.io.grpc.stub.ClientCalls.getUnchecked(ClientCalls.java:214)
	at org.apache.ratis.thirdparty.io.grpc.stub.ClientCalls.blockingUnaryCall(ClientCalls.java:139)
	at org.apache.ratis.proto.grpc.RaftServerProtocolServiceGrpc$RaftServerProtocolServiceBlockingStub.requestVote(RaftServerProtocolServiceGrpc.java:265)
	at org.apache.ratis.grpc.server.GrpcServerProtocolClient.requestVote(GrpcServerProtocolClient.java:99)
	at org.apache.ratis.grpc.server.GrpcService.requestVote(GrpcService.java:204)
	at org.apache.ratis.server.impl.LeaderElection.lambda$submitRequests$1(LeaderElection.java:234)
	at java.util.concurrent.FutureTask.run(FutureTask.java:266)
	at java.util.concurrent.Executors$RunnableAdapter.call(Executors.java:511)
	at java.util.concurrent.FutureTask.run(FutureTask.java:266)
	at java.util.concurrent.ThreadPoolExecutor.runWorker(ThreadPoolExecutor.java:1149)
	at java.util.concurrent.ThreadPoolExecutor$Worker.run(ThreadPoolExecutor.java:624)
	... 1 more
Caused by: org.apache.ratis.thirdparty.io.netty.channel.AbstractChannel$AnnotatedConnectException: Connection refused: localhost/127.0.0.1:13128
	at sun.nio.ch.SocketChannelImpl.checkConnect(Native Method)
	at sun.nio.ch.SocketChannelImpl.finishConnect(SocketChannelImpl.java:717)
	at org.apache.ratis.thirdparty.io.netty.channel.socket.nio.NioSocketChannel.doFinishConnect(NioSocketChannel.java:327)
	at org.apache.ratis.thirdparty.io.netty.channel.nio.AbstractNioChannel$AbstractNioUnsafe.finishConnect(AbstractNioChannel.java:340)
	at org.apache.ratis.thirdparty.io.netty.channel.nio.NioEventLoop.processSelectedKey(NioEventLoop.java:632)
	at org.apache.ratis.thirdparty.io.netty.channel.nio.NioEventLoop.processSelectedKeysOptimized(NioEventLoop.java:579)
	at org.apache.ratis.thirdparty.io.netty.channel.nio.NioEventLoop.processSelectedKeys(NioEventLoop.java:496)
	at org.apache.ratis.thirdparty.io.netty.channel.nio.NioEventLoop.run(NioEventLoop.java:458)
	at org.apache.ratis.thirdparty.io.netty.util.concurrent.SingleThreadEventExecutor$5.run(SingleThreadEventExecutor.java:897)
	at org.apache.ratis.thirdparty.io.netty.util.concurrent.FastThreadLocalRunnable.run(FastThreadLocalRunnable.java:30)
	... 1 more
Caused by: java.net.ConnectException: Connection refused
	... 11 more
2019-10-21 04:27:38,992 [pool-195-thread-1] INFO  server.RaftServerConfigKeys (ConfUtils.java:logGet(43)) - raft.server.log.segment.size.max = 16384 (custom)
2019-10-21 04:27:38,993 [omNode-1@group-523986131536-LeaderElection12] INFO  impl.RaftServerImpl (RaftServerImpl.java:setRole(170)) - omNode-1@group-523986131536: changes role from CANDIDATE to FOLLOWER at term 7 for DISCOVERED_A_NEW_TERM
2019-10-21 04:27:38,994 [pool-195-thread-1] INFO  server.RaftServerConfigKeys (ConfUtils.java:logGet(43)) - raft.server.log.preallocated.size = 16384 (custom)
2019-10-21 04:27:38,994 [omNode-1@group-523986131536-LeaderElection12] INFO  impl.RoleInfo (RoleInfo.java:shutdownLeaderElection(134)) - omNode-1: shutdown LeaderElection
2019-10-21 04:27:38,994 [pool-195-thread-1] INFO  server.RaftServerConfigKeys (ConfUtils.java:logGet(43)) - raft.server.log.write.buffer.size = 64KB (=65536) (default)
2019-10-21 04:27:38,994 [omNode-1@group-523986131536-LeaderElection12] INFO  impl.RoleInfo (RoleInfo.java:updateAndGet(143)) - omNode-1: start FollowerState
2019-10-21 04:27:38,994 [pool-195-thread-1] INFO  server.RaftServerConfigKeys (ConfUtils.java:logGet(43)) - raft.server.log.force.sync.num = 128 (default)
2019-10-21 04:27:38,994 [pool-195-thread-1] INFO  server.RaftServerConfigKeys (ConfUtils.java:logGet(43)) - raft.server.log.statemachine.data.sync = true (default)
2019-10-21 04:27:38,995 [pool-195-thread-1] INFO  server.RaftServerConfigKeys (ConfUtils.java:logGet(43)) - raft.server.log.statemachine.data.sync.timeout = 10s (default)
2019-10-21 04:27:38,995 [pool-195-thread-1] INFO  server.RaftServerConfigKeys (ConfUtils.java:logGet(43)) - raft.server.log.statemachine.data.sync.timeout.retry = -1 (default)
2019-10-21 04:27:38,995 [pool-195-thread-1] INFO  server.RaftServerConfigKeys (ConfUtils.java:logGet(43)) - raft.server.log.statemachine.data.caching.enabled = false (default)
2019-10-21 04:27:38,995 [pool-195-thread-1] INFO  segmented.SegmentedRaftLogWorker (SegmentedRaftLogWorker.java:lambda$new$0(128)) - omNode-2@group-523986131536-SegmentedRaftLogWorker: flushIndex: setUnconditionally 0 -> -1
2019-10-21 04:27:38,996 [pool-195-thread-1] INFO  server.RaftServerConfigKeys (ConfUtils.java:logGet(43)) - raft.server.snapshot.auto.trigger.enabled = true (custom)
2019-10-21 04:27:38,996 [pool-195-thread-1] INFO  server.RaftServerConfigKeys (ConfUtils.java:logGet(43)) - raft.server.snapshot.auto.trigger.threshold = 50 (custom)
2019-10-21 04:27:38,996 [pool-195-thread-1] INFO  server.RaftServerConfigKeys (ConfUtils.java:logGet(43)) - raft.server.snapshot.retention.file.num = -1 (default)
2019-10-21 04:27:38,996 [pool-195-thread-1] INFO  server.RaftServerConfigKeys (ConfUtils.java:logGet(43)) - raft.server.retrycache.expirytime = 600000ms (custom)
2019-10-21 04:27:38,997 [Thread-812] INFO  impl.RaftServerImpl (RaftServerImpl.java:start(181)) - omNode-2@group-523986131536: start as a follower, conf=-1: [omNode-3:localhost:13128, omNode-1:localhost:13116, omNode-2:localhost:13122], old=null
2019-10-21 04:27:38,997 [Thread-812] INFO  impl.RaftServerImpl (RaftServerImpl.java:setRole(170)) - omNode-2@group-523986131536: changes role from      null to FOLLOWER at term 0 for startAsFollower
2019-10-21 04:27:38,997 [Thread-812] INFO  impl.RoleInfo (RoleInfo.java:updateAndGet(143)) - omNode-2: start FollowerState
2019-10-21 04:27:38,998 [Thread-812] INFO  util.JmxRegister (JmxRegister.java:tryRegister(44)) - Successfully registered JMX Bean with object name Ratis:service=RaftServer,group=group-523986131536,id=omNode-2
2019-10-21 04:27:38,999 [Thread-812] INFO  impl.RaftServerProxy (RaftServerProxy.java:lambda$start$3(299)) - omNode-2: start RPC server
2019-10-21 04:27:39,000 [Thread-812] INFO  server.GrpcService (GrpcService.java:startImpl(158)) - omNode-2: GrpcService started, listening on 0.0.0.0/0.0.0.0:13122
2019-10-21 04:27:39,003 [IPC Server listener on 13118] INFO  ipc.Server (Server.java:run(1153)) - IPC Server listener on 13118: starting
2019-10-21 04:27:39,003 [IPC Server Responder] INFO  ipc.Server (Server.java:run(1314)) - IPC Server Responder: starting
2019-10-21 04:27:39,008 [Thread-812] INFO  hdfs.DFSUtil (DFSUtil.java:httpServerTemplateForNNAndJN(1641)) - Starting Web-server for ozoneManager at: http://0.0.0.0:13120
2019-10-21 04:27:39,009 [Thread-812] INFO  server.AuthenticationFilter (AuthenticationFilter.java:constructSecretProvider(240)) - Unable to initialize FileSignerSecretProvider, falling back to use random secrets.
2019-10-21 04:27:39,010 [Thread-812] WARN  http.HttpRequestLog (HttpRequestLog.java:getRequestLog(97)) - Jetty request log can only be enabled using Log4j
2019-10-21 04:27:39,011 [Thread-812] INFO  http.HttpServer2 (HttpServer2.java:addGlobalFilter(975)) - Added global filter 'safety' (class=org.apache.hadoop.http.HttpServer2$QuotingInputFilter)
2019-10-21 04:27:39,012 [Thread-812] INFO  http.HttpServer2 (HttpServer2.java:addFilter(948)) - Added filter static_user_filter (class=org.apache.hadoop.http.lib.StaticUserWebFilter$StaticUserFilter) to context ozoneManager
2019-10-21 04:27:39,012 [Thread-812] INFO  http.HttpServer2 (HttpServer2.java:addFilter(958)) - Added filter static_user_filter (class=org.apache.hadoop.http.lib.StaticUserWebFilter$StaticUserFilter) to context static
2019-10-21 04:27:39,012 [Thread-812] INFO  http.HttpServer2 (HttpServer2.java:addFilter(958)) - Added filter static_user_filter (class=org.apache.hadoop.http.lib.StaticUserWebFilter$StaticUserFilter) to context logs
2019-10-21 04:27:39,013 [Thread-812] INFO  http.HttpServer2 (HttpServer2.java:bindListener(1191)) - Jetty bound to port 13120
2019-10-21 04:27:39,013 [Thread-812] INFO  server.Server (Server.java:doStart(351)) - jetty-9.3.25.v20180904, build timestamp: 2018-09-04T21:11:46Z, git hash: 3ce520221d0240229c862b122d2b06c12a625732
2019-10-21 04:27:39,016 [Thread-812] INFO  handler.ContextHandler (ContextHandler.java:doStart(781)) - Started o.e.j.s.ServletContextHandler@7ddc4913{/logs,file:///workdir/hadoop-ozone/integration-test/target/log,AVAILABLE}
2019-10-21 04:27:39,016 [Thread-812] INFO  handler.ContextHandler (ContextHandler.java:doStart(781)) - Started o.e.j.s.ServletContextHandler@34670791{/static,file:///workdir/hadoop-ozone/integration-test/target/test-classes/webapps/static,AVAILABLE}
2019-10-21 04:27:39,022 [Thread-812] INFO  handler.ContextHandler (ContextHandler.java:doStart(781)) - Started o.e.j.w.WebAppContext@3989b95e{/,file:///workdir/hadoop-ozone/integration-test/target/test-classes/webapps/ozoneManager/,AVAILABLE}{/ozoneManager}
2019-10-21 04:27:39,023 [Thread-812] INFO  server.AbstractConnector (AbstractConnector.java:doStart(278)) - Started ServerConnector@5772fa44{HTTP/1.1,[http/1.1]}{0.0.0.0:13120}
2019-10-21 04:27:39,024 [Thread-812] INFO  server.Server (Server.java:doStart(419)) - Started @86298ms
2019-10-21 04:27:39,024 [Thread-812] WARN  impl.MetricsSystemImpl (MetricsSystemImpl.java:register(276)) - Sink prometheus already exists!
2019-10-21 04:27:39,024 [Thread-812] INFO  server.BaseHttpServer (BaseHttpServer.java:updateConnectorAddress(215)) - HTTP server of OZONEMANAGER is listening at http://0.0.0.0:13120
2019-10-21 04:27:39,025 [Thread-812] INFO  ozone.MiniOzoneHAClusterImpl (MiniOzoneHAClusterImpl.java:createOMService(274)) - Started OzoneManager RPC server at localhost/127.0.0.1:13118
2019-10-21 04:27:39,025 [Thread-812] WARN  server.ServerUtils (ServerUtils.java:getDBPath(222)) - ozone.om.db.dirs is not configured. We recommend adding this setting. Falling back to ozone.metadata.dirs instead.
2019-10-21 04:27:40,139 [Thread-973] INFO  impl.FollowerState (FollowerState.java:run(108)) - omNode-1@group-523986131536-FollowerState: change to CANDIDATE, lastRpcTime:1144ms, electionTimeout:1144ms
2019-10-21 04:27:40,139 [Thread-973] INFO  impl.RoleInfo (RoleInfo.java:shutdownFollowerState(121)) - omNode-1: shutdown FollowerState
2019-10-21 04:27:40,139 [Thread-973] INFO  impl.RaftServerImpl (RaftServerImpl.java:setRole(170)) - omNode-1@group-523986131536: changes role from  FOLLOWER to CANDIDATE at term 7 for changeToCandidate
2019-10-21 04:27:40,139 [Thread-973] INFO  impl.RoleInfo (RoleInfo.java:updateAndGet(143)) - omNode-1: start LeaderElection
2019-10-21 04:27:40,144 [Thread-975] INFO  impl.FollowerState (FollowerState.java:run(108)) - omNode-2@group-523986131536-FollowerState: change to CANDIDATE, lastRpcTime:1146ms, electionTimeout:1146ms
2019-10-21 04:27:40,144 [Thread-975] INFO  impl.RoleInfo (RoleInfo.java:shutdownFollowerState(121)) - omNode-2: shutdown FollowerState
2019-10-21 04:27:40,144 [Thread-975] INFO  impl.RaftServerImpl (RaftServerImpl.java:setRole(170)) - omNode-2@group-523986131536: changes role from  FOLLOWER to CANDIDATE at term 0 for changeToCandidate
2019-10-21 04:27:40,144 [Thread-975] INFO  impl.RoleInfo (RoleInfo.java:updateAndGet(143)) - omNode-2: start LeaderElection
2019-10-21 04:27:43,660 [Thread-812] INFO  ha.OMHANodeDetails (OMHANodeDetails.java:loadOMHAConfig(165)) - Found matching OM address with OMServiceId: om-service-test1, OMNodeId: omNode-3, RPC Address: localhost:13124 and Ratis port: 13128
2019-10-21 04:27:43,661 [Thread-812] INFO  ha.OMHANodeDetails (OMHANodeDetails.java:setOMNodeSpecificConfigs(298)) - Setting configuration key ozone.om.http-address with value of key ozone.om.http-address.omNode-3: 127.0.0.1:13126
2019-10-21 04:27:43,661 [Thread-812] INFO  ha.OMHANodeDetails (OMHANodeDetails.java:setOMNodeSpecificConfigs(298)) - Setting configuration key ozone.om.https-address with value of key ozone.om.https-address.omNode-3: 127.0.0.1:13127
2019-10-21 04:27:43,661 [Thread-812] INFO  ha.OMHANodeDetails (OMHANodeDetails.java:setOMNodeSpecificConfigs(298)) - Setting configuration key ozone.om.address with value of key ozone.om.address.omNode-3: 127.0.0.1:13124
2019-10-21 04:27:43,661 [Thread-812] WARN  server.ServerUtils (ServerUtils.java:getDBPath(222)) - ozone.om.db.dirs is not configured. We recommend adding this setting. Falling back to ozone.metadata.dirs instead.
2019-10-21 04:27:43,661 [Thread-812] WARN  server.ServerUtils (ServerUtils.java:getDBPath(222)) - ozone.om.db.dirs is not configured. We recommend adding this setting. Falling back to ozone.metadata.dirs instead.
2019-10-21 04:27:43,669 [Thread-812] WARN  server.ServerUtils (ServerUtils.java:getDBPath(222)) - ozone.om.db.dirs is not configured. We recommend adding this setting. Falling back to ozone.metadata.dirs instead.
2019-10-21 04:27:43,669 [Thread-812] INFO  db.DBStoreBuilder (DBStoreBuilder.java:addTable(117)) - using custom profile for table: userTable
2019-10-21 04:27:43,669 [Thread-812] INFO  db.DBStoreBuilder (DBStoreBuilder.java:processTables(168)) - Using default column profile:DBProfile.DISK for Table:userTable
2019-10-21 04:27:43,669 [Thread-812] INFO  db.DBStoreBuilder (DBStoreBuilder.java:addTable(117)) - using custom profile for table: volumeTable
2019-10-21 04:27:43,670 [Thread-812] INFO  db.DBStoreBuilder (DBStoreBuilder.java:processTables(168)) - Using default column profile:DBProfile.DISK for Table:volumeTable
2019-10-21 04:27:43,670 [Thread-812] INFO  db.DBStoreBuilder (DBStoreBuilder.java:addTable(117)) - using custom profile for table: bucketTable
2019-10-21 04:27:43,670 [Thread-812] INFO  db.DBStoreBuilder (DBStoreBuilder.java:processTables(168)) - Using default column profile:DBProfile.DISK for Table:bucketTable
2019-10-21 04:27:43,670 [Thread-812] INFO  db.DBStoreBuilder (DBStoreBuilder.java:addTable(117)) - using custom profile for table: keyTable
2019-10-21 04:27:43,670 [Thread-812] INFO  db.DBStoreBuilder (DBStoreBuilder.java:processTables(168)) - Using default column profile:DBProfile.DISK for Table:keyTable
2019-10-21 04:27:43,670 [Thread-812] INFO  db.DBStoreBuilder (DBStoreBuilder.java:addTable(117)) - using custom profile for table: deletedTable
2019-10-21 04:27:43,670 [Thread-812] INFO  db.DBStoreBuilder (DBStoreBuilder.java:processTables(168)) - Using default column profile:DBProfile.DISK for Table:deletedTable
2019-10-21 04:27:43,670 [Thread-812] INFO  db.DBStoreBuilder (DBStoreBuilder.java:addTable(117)) - using custom profile for table: openKeyTable
2019-10-21 04:27:43,671 [Thread-812] INFO  db.DBStoreBuilder (DBStoreBuilder.java:processTables(168)) - Using default column profile:DBProfile.DISK for Table:openKeyTable
2019-10-21 04:27:43,671 [Thread-812] INFO  db.DBStoreBuilder (DBStoreBuilder.java:addTable(117)) - using custom profile for table: s3Table
2019-10-21 04:27:43,671 [Thread-812] INFO  db.DBStoreBuilder (DBStoreBuilder.java:processTables(168)) - Using default column profile:DBProfile.DISK for Table:s3Table
2019-10-21 04:27:43,671 [Thread-812] INFO  db.DBStoreBuilder (DBStoreBuilder.java:addTable(117)) - using custom profile for table: multipartInfoTable
2019-10-21 04:27:43,671 [Thread-812] INFO  db.DBStoreBuilder (DBStoreBuilder.java:processTables(168)) - Using default column profile:DBProfile.DISK for Table:multipartInfoTable
2019-10-21 04:27:43,671 [Thread-812] INFO  db.DBStoreBuilder (DBStoreBuilder.java:addTable(117)) - using custom profile for table: dTokenTable
2019-10-21 04:27:43,671 [Thread-812] INFO  db.DBStoreBuilder (DBStoreBuilder.java:processTables(168)) - Using default column profile:DBProfile.DISK for Table:dTokenTable
2019-10-21 04:27:43,671 [Thread-812] INFO  db.DBStoreBuilder (DBStoreBuilder.java:addTable(117)) - using custom profile for table: s3SecretTable
2019-10-21 04:27:43,671 [Thread-812] INFO  db.DBStoreBuilder (DBStoreBuilder.java:processTables(168)) - Using default column profile:DBProfile.DISK for Table:s3SecretTable
2019-10-21 04:27:43,672 [Thread-812] INFO  db.DBStoreBuilder (DBStoreBuilder.java:addTable(117)) - using custom profile for table: prefixTable
2019-10-21 04:27:43,672 [Thread-812] INFO  db.DBStoreBuilder (DBStoreBuilder.java:processTables(168)) - Using default column profile:DBProfile.DISK for Table:prefixTable
2019-10-21 04:27:43,672 [Thread-812] INFO  db.DBStoreBuilder (DBStoreBuilder.java:addTable(117)) - using custom profile for table: default
2019-10-21 04:27:43,672 [Thread-812] INFO  db.DBStoreBuilder (DBStoreBuilder.java:processTables(174)) - Using default column profile:DBProfile.DISK for Table:default
2019-10-21 04:27:43,672 [Thread-812] INFO  db.DBStoreBuilder (DBStoreBuilder.java:getDbProfile(205)) - Using default options. DBProfile.DISK
2019-10-21 04:27:47,141 [omNode-2@group-523986131536-LeaderElection14] INFO  impl.LeaderElection (LeaderElection.java:askForVotes(178)) - omNode-2@group-523986131536-LeaderElection14: begin an election at term 1 for -1: [omNode-3:localhost:13128, omNode-1:localhost:13116, omNode-2:localhost:13122], old=null
2019-10-21 04:27:47,141 [omNode-1@group-523986131536-LeaderElection13] INFO  impl.LeaderElection (LeaderElection.java:askForVotes(178)) - omNode-1@group-523986131536-LeaderElection13: begin an election at term 8 for -1: [omNode-3:localhost:13128, omNode-1:localhost:13116, omNode-2:localhost:13122], old=null
2019-10-21 04:27:47,143 [omNode-1@group-523986131536-LeaderElection13] INFO  impl.LeaderElection (LogUtils.java:infoOrTrace(149)) - omNode-1@group-523986131536-LeaderElection13 got exception when requesting votes: {}
java.util.concurrent.ExecutionException: org.apache.ratis.thirdparty.io.grpc.StatusRuntimeException: UNAVAILABLE: io exception
	at java.util.concurrent.FutureTask.report(FutureTask.java:122)
	at java.util.concurrent.FutureTask.get(FutureTask.java:192)
	at org.apache.ratis.server.impl.LeaderElection.waitForResults(LeaderElection.java:259)
	at org.apache.ratis.server.impl.LeaderElection.askForVotes(LeaderElection.java:197)
	at org.apache.ratis.server.impl.LeaderElection.run(LeaderElection.java:133)
	at java.lang.Thread.run(Thread.java:748)
Caused by: org.apache.ratis.thirdparty.io.grpc.StatusRuntimeException: UNAVAILABLE: io exception
	at org.apache.ratis.thirdparty.io.grpc.stub.ClientCalls.toStatusRuntimeException(ClientCalls.java:233)
	at org.apache.ratis.thirdparty.io.grpc.stub.ClientCalls.getUnchecked(ClientCalls.java:214)
	at org.apache.ratis.thirdparty.io.grpc.stub.ClientCalls.blockingUnaryCall(ClientCalls.java:139)
	at org.apache.ratis.proto.grpc.RaftServerProtocolServiceGrpc$RaftServerProtocolServiceBlockingStub.requestVote(RaftServerProtocolServiceGrpc.java:265)
	at org.apache.ratis.grpc.server.GrpcServerProtocolClient.requestVote(GrpcServerProtocolClient.java:99)
	at org.apache.ratis.grpc.server.GrpcService.requestVote(GrpcService.java:204)
	at org.apache.ratis.server.impl.LeaderElection.lambda$submitRequests$1(LeaderElection.java:234)
	at java.util.concurrent.FutureTask.run(FutureTask.java:266)
	at java.util.concurrent.Executors$RunnableAdapter.call(Executors.java:511)
	at java.util.concurrent.FutureTask.run(FutureTask.java:266)
	at java.util.concurrent.ThreadPoolExecutor.runWorker(ThreadPoolExecutor.java:1149)
	at java.util.concurrent.ThreadPoolExecutor$Worker.run(ThreadPoolExecutor.java:624)
	... 1 more
Caused by: org.apache.ratis.thirdparty.io.netty.channel.AbstractChannel$AnnotatedConnectException: Connection refused: localhost/127.0.0.1:13128
	at sun.nio.ch.SocketChannelImpl.checkConnect(Native Method)
	at sun.nio.ch.SocketChannelImpl.finishConnect(SocketChannelImpl.java:717)
	at org.apache.ratis.thirdparty.io.netty.channel.socket.nio.NioSocketChannel.doFinishConnect(NioSocketChannel.java:327)
	at org.apache.ratis.thirdparty.io.netty.channel.nio.AbstractNioChannel$AbstractNioUnsafe.finishConnect(AbstractNioChannel.java:340)
	at org.apache.ratis.thirdparty.io.netty.channel.nio.NioEventLoop.processSelectedKey(NioEventLoop.java:632)
	at org.apache.ratis.thirdparty.io.netty.channel.nio.NioEventLoop.processSelectedKeysOptimized(NioEventLoop.java:579)
	at org.apache.ratis.thirdparty.io.netty.channel.nio.NioEventLoop.processSelectedKeys(NioEventLoop.java:496)
	at org.apache.ratis.thirdparty.io.netty.channel.nio.NioEventLoop.run(NioEventLoop.java:458)
	at org.apache.ratis.thirdparty.io.netty.util.concurrent.SingleThreadEventExecutor$5.run(SingleThreadEventExecutor.java:897)
	at org.apache.ratis.thirdparty.io.netty.util.concurrent.FastThreadLocalRunnable.run(FastThreadLocalRunnable.java:30)
	... 1 more
Caused by: java.net.ConnectException: Connection refused
	... 11 more
2019-10-21 04:27:47,147 [omNode-2@group-523986131536-LeaderElection14] INFO  impl.LeaderElection (LogUtils.java:infoOrTrace(149)) - omNode-2@group-523986131536-LeaderElection14 got exception when requesting votes: {}
java.util.concurrent.ExecutionException: org.apache.ratis.thirdparty.io.grpc.StatusRuntimeException: UNAVAILABLE: io exception
	at java.util.concurrent.FutureTask.report(FutureTask.java:122)
	at java.util.concurrent.FutureTask.get(FutureTask.java:192)
	at org.apache.ratis.server.impl.LeaderElection.waitForResults(LeaderElection.java:259)
	at org.apache.ratis.server.impl.LeaderElection.askForVotes(LeaderElection.java:197)
	at org.apache.ratis.server.impl.LeaderElection.run(LeaderElection.java:133)
	at java.lang.Thread.run(Thread.java:748)
Caused by: org.apache.ratis.thirdparty.io.grpc.StatusRuntimeException: UNAVAILABLE: io exception
	at org.apache.ratis.thirdparty.io.grpc.stub.ClientCalls.toStatusRuntimeException(ClientCalls.java:233)
	at org.apache.ratis.thirdparty.io.grpc.stub.ClientCalls.getUnchecked(ClientCalls.java:214)
	at org.apache.ratis.thirdparty.io.grpc.stub.ClientCalls.blockingUnaryCall(ClientCalls.java:139)
	at org.apache.ratis.proto.grpc.RaftServerProtocolServiceGrpc$RaftServerProtocolServiceBlockingStub.requestVote(RaftServerProtocolServiceGrpc.java:265)
	at org.apache.ratis.grpc.server.GrpcServerProtocolClient.requestVote(GrpcServerProtocolClient.java:99)
	at org.apache.ratis.grpc.server.GrpcService.requestVote(GrpcService.java:204)
	at org.apache.ratis.server.impl.LeaderElection.lambda$submitRequests$1(LeaderElection.java:234)
	at java.util.concurrent.FutureTask.run(FutureTask.java:266)
	at java.util.concurrent.Executors$RunnableAdapter.call(Executors.java:511)
	at java.util.concurrent.FutureTask.run(FutureTask.java:266)
	at java.util.concurrent.ThreadPoolExecutor.runWorker(ThreadPoolExecutor.java:1149)
	at java.util.concurrent.ThreadPoolExecutor$Worker.run(ThreadPoolExecutor.java:624)
	... 1 more
Caused by: org.apache.ratis.thirdparty.io.netty.channel.AbstractChannel$AnnotatedConnectException: Connection refused: localhost/127.0.0.1:13128
	at sun.nio.ch.SocketChannelImpl.checkConnect(Native Method)
	at sun.nio.ch.SocketChannelImpl.finishConnect(SocketChannelImpl.java:717)
	at org.apache.ratis.thirdparty.io.netty.channel.socket.nio.NioSocketChannel.doFinishConnect(NioSocketChannel.java:327)
	at org.apache.ratis.thirdparty.io.netty.channel.nio.AbstractNioChannel$AbstractNioUnsafe.finishConnect(AbstractNioChannel.java:340)
	at org.apache.ratis.thirdparty.io.netty.channel.nio.NioEventLoop.processSelectedKey(NioEventLoop.java:632)
	at org.apache.ratis.thirdparty.io.netty.channel.nio.NioEventLoop.processSelectedKeysOptimized(NioEventLoop.java:579)
	at org.apache.ratis.thirdparty.io.netty.channel.nio.NioEventLoop.processSelectedKeys(NioEventLoop.java:496)
	at org.apache.ratis.thirdparty.io.netty.channel.nio.NioEventLoop.run(NioEventLoop.java:458)
	at org.apache.ratis.thirdparty.io.netty.util.concurrent.SingleThreadEventExecutor$5.run(SingleThreadEventExecutor.java:897)
	at org.apache.ratis.thirdparty.io.netty.util.concurrent.FastThreadLocalRunnable.run(FastThreadLocalRunnable.java:30)
	... 1 more
Caused by: java.net.ConnectException: Connection refused
	... 11 more
2019-10-21 04:27:47,151 [grpc-default-executor-0] INFO  impl.RaftServerImpl (RaftServerImpl.java:setRole(170)) - omNode-2@group-523986131536: changes role from CANDIDATE to FOLLOWER at term 8 for recognizeCandidate:omNode-1
2019-10-21 04:27:47,152 [grpc-default-executor-0] INFO  impl.RoleInfo (RoleInfo.java:shutdownLeaderElection(134)) - omNode-2: shutdown LeaderElection
2019-10-21 04:27:47,152 [grpc-default-executor-0] INFO  impl.RoleInfo (RoleInfo.java:updateAndGet(143)) - omNode-2: start FollowerState
2019-10-21 04:27:47,156 [omNode-2@group-523986131536-LeaderElection14] INFO  impl.LeaderElection (LeaderElection.java:logAndReturn(56)) - omNode-2@group-523986131536-LeaderElection14: Election DISCOVERED_A_NEW_TERM; received 1 response(s) [omNode-2<-omNode-1#0:FAIL-t8] and 1 exception(s); omNode-2@group-523986131536:t8, leader=null, voted=null, raftlog=omNode-2@group-523986131536-SegmentedRaftLog:OPENED:c-1,f-1,i0, conf=-1: [omNode-3:localhost:13128, omNode-1:localhost:13116, omNode-2:localhost:13122], old=null
2019-10-21 04:27:47,156 [omNode-2@group-523986131536-LeaderElection14] INFO  impl.LeaderElection (LogUtils.java:infoOrTrace(149)) -   Exception 0: {}
java.util.concurrent.ExecutionException: org.apache.ratis.thirdparty.io.grpc.StatusRuntimeException: UNAVAILABLE: io exception
	at java.util.concurrent.FutureTask.report(FutureTask.java:122)
	at java.util.concurrent.FutureTask.get(FutureTask.java:192)
	at org.apache.ratis.server.impl.LeaderElection.waitForResults(LeaderElection.java:259)
	at org.apache.ratis.server.impl.LeaderElection.askForVotes(LeaderElection.java:197)
	at org.apache.ratis.server.impl.LeaderElection.run(LeaderElection.java:133)
	at java.lang.Thread.run(Thread.java:748)
Caused by: org.apache.ratis.thirdparty.io.grpc.StatusRuntimeException: UNAVAILABLE: io exception
	at org.apache.ratis.thirdparty.io.grpc.stub.ClientCalls.toStatusRuntimeException(ClientCalls.java:233)
	at org.apache.ratis.thirdparty.io.grpc.stub.ClientCalls.getUnchecked(ClientCalls.java:214)
	at org.apache.ratis.thirdparty.io.grpc.stub.ClientCalls.blockingUnaryCall(ClientCalls.java:139)
	at org.apache.ratis.proto.grpc.RaftServerProtocolServiceGrpc$RaftServerProtocolServiceBlockingStub.requestVote(RaftServerProtocolServiceGrpc.java:265)
	at org.apache.ratis.grpc.server.GrpcServerProtocolClient.requestVote(GrpcServerProtocolClient.java:99)
	at org.apache.ratis.grpc.server.GrpcService.requestVote(GrpcService.java:204)
	at org.apache.ratis.server.impl.LeaderElection.lambda$submitRequests$1(LeaderElection.java:234)
	at java.util.concurrent.FutureTask.run(FutureTask.java:266)
	at java.util.concurrent.Executors$RunnableAdapter.call(Executors.java:511)
	at java.util.concurrent.FutureTask.run(FutureTask.java:266)
	at java.util.concurrent.ThreadPoolExecutor.runWorker(ThreadPoolExecutor.java:1149)
	at java.util.concurrent.ThreadPoolExecutor$Worker.run(ThreadPoolExecutor.java:624)
	... 1 more
Caused by: org.apache.ratis.thirdparty.io.netty.channel.AbstractChannel$AnnotatedConnectException: Connection refused: localhost/127.0.0.1:13128
	at sun.nio.ch.SocketChannelImpl.checkConnect(Native Method)
	at sun.nio.ch.SocketChannelImpl.finishConnect(SocketChannelImpl.java:717)
	at org.apache.ratis.thirdparty.io.netty.channel.socket.nio.NioSocketChannel.doFinishConnect(NioSocketChannel.java:327)
	at org.apache.ratis.thirdparty.io.netty.channel.nio.AbstractNioChannel$AbstractNioUnsafe.finishConnect(AbstractNioChannel.java:340)
	at org.apache.ratis.thirdparty.io.netty.channel.nio.NioEventLoop.processSelectedKey(NioEventLoop.java:632)
	at org.apache.ratis.thirdparty.io.netty.channel.nio.NioEventLoop.processSelectedKeysOptimized(NioEventLoop.java:579)
	at org.apache.ratis.thirdparty.io.netty.channel.nio.NioEventLoop.processSelectedKeys(NioEventLoop.java:496)
	at org.apache.ratis.thirdparty.io.netty.channel.nio.NioEventLoop.run(NioEventLoop.java:458)
	at org.apache.ratis.thirdparty.io.netty.util.concurrent.SingleThreadEventExecutor$5.run(SingleThreadEventExecutor.java:897)
	at org.apache.ratis.thirdparty.io.netty.util.concurrent.FastThreadLocalRunnable.run(FastThreadLocalRunnable.java:30)
	... 1 more
Caused by: java.net.ConnectException: Connection refused
	... 11 more
2019-10-21 04:27:48,256 [omNode-1@group-523986131536-LeaderElection13] INFO  impl.LeaderElection (LeaderElection.java:logAndReturn(56)) - omNode-1@group-523986131536-LeaderElection13: Election TIMEOUT; received 0 response(s) [] and 1 exception(s); omNode-1@group-523986131536:t8, leader=null, voted=omNode-1, raftlog=omNode-1@group-523986131536-SegmentedRaftLog:OPENED:c-1,f-1,i0, conf=-1: [omNode-3:localhost:13128, omNode-1:localhost:13116, omNode-2:localhost:13122], old=null
2019-10-21 04:27:48,257 [omNode-1@group-523986131536-LeaderElection13] INFO  impl.LeaderElection (LogUtils.java:infoOrTrace(149)) -   Exception 0: {}
java.util.concurrent.ExecutionException: org.apache.ratis.thirdparty.io.grpc.StatusRuntimeException: UNAVAILABLE: io exception
	at java.util.concurrent.FutureTask.report(FutureTask.java:122)
	at java.util.concurrent.FutureTask.get(FutureTask.java:192)
	at org.apache.ratis.server.impl.LeaderElection.waitForResults(LeaderElection.java:259)
	at org.apache.ratis.server.impl.LeaderElection.askForVotes(LeaderElection.java:197)
	at org.apache.ratis.server.impl.LeaderElection.run(LeaderElection.java:133)
	at java.lang.Thread.run(Thread.java:748)
Caused by: org.apache.ratis.thirdparty.io.grpc.StatusRuntimeException: UNAVAILABLE: io exception
	at org.apache.ratis.thirdparty.io.grpc.stub.ClientCalls.toStatusRuntimeException(ClientCalls.java:233)
	at org.apache.ratis.thirdparty.io.grpc.stub.ClientCalls.getUnchecked(ClientCalls.java:214)
	at org.apache.ratis.thirdparty.io.grpc.stub.ClientCalls.blockingUnaryCall(ClientCalls.java:139)
	at org.apache.ratis.proto.grpc.RaftServerProtocolServiceGrpc$RaftServerProtocolServiceBlockingStub.requestVote(RaftServerProtocolServiceGrpc.java:265)
	at org.apache.ratis.grpc.server.GrpcServerProtocolClient.requestVote(GrpcServerProtocolClient.java:99)
	at org.apache.ratis.grpc.server.GrpcService.requestVote(GrpcService.java:204)
	at org.apache.ratis.server.impl.LeaderElection.lambda$submitRequests$1(LeaderElection.java:234)
	at java.util.concurrent.FutureTask.run(FutureTask.java:266)
	at java.util.concurrent.Executors$RunnableAdapter.call(Executors.java:511)
	at java.util.concurrent.FutureTask.run(FutureTask.java:266)
	at java.util.concurrent.ThreadPoolExecutor.runWorker(ThreadPoolExecutor.java:1149)
	at java.util.concurrent.ThreadPoolExecutor$Worker.run(ThreadPoolExecutor.java:624)
	... 1 more
Caused by: org.apache.ratis.thirdparty.io.netty.channel.AbstractChannel$AnnotatedConnectException: Connection refused: localhost/127.0.0.1:13128
	at sun.nio.ch.SocketChannelImpl.checkConnect(Native Method)
	at sun.nio.ch.SocketChannelImpl.finishConnect(SocketChannelImpl.java:717)
	at org.apache.ratis.thirdparty.io.netty.channel.socket.nio.NioSocketChannel.doFinishConnect(NioSocketChannel.java:327)
	at org.apache.ratis.thirdparty.io.netty.channel.nio.AbstractNioChannel$AbstractNioUnsafe.finishConnect(AbstractNioChannel.java:340)
	at org.apache.ratis.thirdparty.io.netty.channel.nio.NioEventLoop.processSelectedKey(NioEventLoop.java:632)
	at org.apache.ratis.thirdparty.io.netty.channel.nio.NioEventLoop.processSelectedKeysOptimized(NioEventLoop.java:579)
	at org.apache.ratis.thirdparty.io.netty.channel.nio.NioEventLoop.processSelectedKeys(NioEventLoop.java:496)
	at org.apache.ratis.thirdparty.io.netty.channel.nio.NioEventLoop.run(NioEventLoop.java:458)
	at org.apache.ratis.thirdparty.io.netty.util.concurrent.SingleThreadEventExecutor$5.run(SingleThreadEventExecutor.java:897)
	at org.apache.ratis.thirdparty.io.netty.util.concurrent.FastThreadLocalRunnable.run(FastThreadLocalRunnable.java:30)
	... 1 more
Caused by: java.net.ConnectException: Connection refused
	... 11 more
2019-10-21 04:27:48,671 [Thread-1016] INFO  impl.FollowerState (FollowerState.java:run(108)) - omNode-2@group-523986131536-FollowerState: change to CANDIDATE, lastRpcTime:1519ms, electionTimeout:1127ms
2019-10-21 04:27:48,672 [Thread-1016] INFO  impl.RoleInfo (RoleInfo.java:shutdownFollowerState(121)) - omNode-2: shutdown FollowerState
2019-10-21 04:27:48,672 [Thread-1016] INFO  impl.RaftServerImpl (RaftServerImpl.java:setRole(170)) - omNode-2@group-523986131536: changes role from  FOLLOWER to CANDIDATE at term 8 for changeToCandidate
2019-10-21 04:27:48,672 [Thread-1016] INFO  impl.RoleInfo (RoleInfo.java:updateAndGet(143)) - omNode-2: start LeaderElection
2019-10-21 04:27:48,867 [omNode-1@group-523986131536-LeaderElection13] INFO  impl.LeaderElection (LeaderElection.java:askForVotes(178)) - omNode-1@group-523986131536-LeaderElection13: begin an election at term 9 for -1: [omNode-3:localhost:13128, omNode-1:localhost:13116, omNode-2:localhost:13122], old=null
2019-10-21 04:27:48,867 [omNode-2@group-523986131536-LeaderElection15] INFO  impl.LeaderElection (LeaderElection.java:askForVotes(178)) - omNode-2@group-523986131536-LeaderElection15: begin an election at term 9 for -1: [omNode-3:localhost:13128, omNode-1:localhost:13116, omNode-2:localhost:13122], old=null
2019-10-21 04:27:48,869 [omNode-1@group-523986131536-LeaderElection13] INFO  impl.LeaderElection (LogUtils.java:infoOrTrace(149)) - omNode-1@group-523986131536-LeaderElection13 got exception when requesting votes: {}
java.util.concurrent.ExecutionException: org.apache.ratis.thirdparty.io.grpc.StatusRuntimeException: UNAVAILABLE: io exception
	at java.util.concurrent.FutureTask.report(FutureTask.java:122)
	at java.util.concurrent.FutureTask.get(FutureTask.java:192)
	at org.apache.ratis.server.impl.LeaderElection.waitForResults(LeaderElection.java:259)
	at org.apache.ratis.server.impl.LeaderElection.askForVotes(LeaderElection.java:197)
	at org.apache.ratis.server.impl.LeaderElection.run(LeaderElection.java:133)
	at java.lang.Thread.run(Thread.java:748)
Caused by: org.apache.ratis.thirdparty.io.grpc.StatusRuntimeException: UNAVAILABLE: io exception
	at org.apache.ratis.thirdparty.io.grpc.stub.ClientCalls.toStatusRuntimeException(ClientCalls.java:233)
	at org.apache.ratis.thirdparty.io.grpc.stub.ClientCalls.getUnchecked(ClientCalls.java:214)
	at org.apache.ratis.thirdparty.io.grpc.stub.ClientCalls.blockingUnaryCall(ClientCalls.java:139)
	at org.apache.ratis.proto.grpc.RaftServerProtocolServiceGrpc$RaftServerProtocolServiceBlockingStub.requestVote(RaftServerProtocolServiceGrpc.java:265)
	at org.apache.ratis.grpc.server.GrpcServerProtocolClient.requestVote(GrpcServerProtocolClient.java:99)
	at org.apache.ratis.grpc.server.GrpcService.requestVote(GrpcService.java:204)
	at org.apache.ratis.server.impl.LeaderElection.lambda$submitRequests$1(LeaderElection.java:234)
	at java.util.concurrent.FutureTask.run(FutureTask.java:266)
	at java.util.concurrent.Executors$RunnableAdapter.call(Executors.java:511)
	at java.util.concurrent.FutureTask.run(FutureTask.java:266)
	at java.util.concurrent.ThreadPoolExecutor.runWorker(ThreadPoolExecutor.java:1149)
	at java.util.concurrent.ThreadPoolExecutor$Worker.run(ThreadPoolExecutor.java:624)
	... 1 more
Caused by: org.apache.ratis.thirdparty.io.netty.channel.AbstractChannel$AnnotatedConnectException: Connection refused: localhost/127.0.0.1:13128
	at sun.nio.ch.SocketChannelImpl.checkConnect(Native Method)
	at sun.nio.ch.SocketChannelImpl.finishConnect(SocketChannelImpl.java:717)
	at org.apache.ratis.thirdparty.io.netty.channel.socket.nio.NioSocketChannel.doFinishConnect(NioSocketChannel.java:327)
	at org.apache.ratis.thirdparty.io.netty.channel.nio.AbstractNioChannel$AbstractNioUnsafe.finishConnect(AbstractNioChannel.java:340)
	at org.apache.ratis.thirdparty.io.netty.channel.nio.NioEventLoop.processSelectedKey(NioEventLoop.java:632)
	at org.apache.ratis.thirdparty.io.netty.channel.nio.NioEventLoop.processSelectedKeysOptimized(NioEventLoop.java:579)
	at org.apache.ratis.thirdparty.io.netty.channel.nio.NioEventLoop.processSelectedKeys(NioEventLoop.java:496)
	at org.apache.ratis.thirdparty.io.netty.channel.nio.NioEventLoop.run(NioEventLoop.java:458)
	at org.apache.ratis.thirdparty.io.netty.util.concurrent.SingleThreadEventExecutor$5.run(SingleThreadEventExecutor.java:897)
	at org.apache.ratis.thirdparty.io.netty.util.concurrent.FastThreadLocalRunnable.run(FastThreadLocalRunnable.java:30)
	... 1 more
Caused by: java.net.ConnectException: Connection refused
	... 11 more
2019-10-21 04:27:48,870 [omNode-2@group-523986131536-LeaderElection15] INFO  impl.LeaderElection (LogUtils.java:infoOrTrace(149)) - omNode-2@group-523986131536-LeaderElection15 got exception when requesting votes: {}
java.util.concurrent.ExecutionException: org.apache.ratis.thirdparty.io.grpc.StatusRuntimeException: UNAVAILABLE: io exception
	at java.util.concurrent.FutureTask.report(FutureTask.java:122)
	at java.util.concurrent.FutureTask.get(FutureTask.java:192)
	at org.apache.ratis.server.impl.LeaderElection.waitForResults(LeaderElection.java:259)
	at org.apache.ratis.server.impl.LeaderElection.askForVotes(LeaderElection.java:197)
	at org.apache.ratis.server.impl.LeaderElection.run(LeaderElection.java:133)
	at java.lang.Thread.run(Thread.java:748)
Caused by: org.apache.ratis.thirdparty.io.grpc.StatusRuntimeException: UNAVAILABLE: io exception
	at org.apache.ratis.thirdparty.io.grpc.stub.ClientCalls.toStatusRuntimeException(ClientCalls.java:233)
	at org.apache.ratis.thirdparty.io.grpc.stub.ClientCalls.getUnchecked(ClientCalls.java:214)
	at org.apache.ratis.thirdparty.io.grpc.stub.ClientCalls.blockingUnaryCall(ClientCalls.java:139)
	at org.apache.ratis.proto.grpc.RaftServerProtocolServiceGrpc$RaftServerProtocolServiceBlockingStub.requestVote(RaftServerProtocolServiceGrpc.java:265)
	at org.apache.ratis.grpc.server.GrpcServerProtocolClient.requestVote(GrpcServerProtocolClient.java:99)
	at org.apache.ratis.grpc.server.GrpcService.requestVote(GrpcService.java:204)
	at org.apache.ratis.server.impl.LeaderElection.lambda$submitRequests$1(LeaderElection.java:234)
	at java.util.concurrent.FutureTask.run(FutureTask.java:266)
	at java.util.concurrent.Executors$RunnableAdapter.call(Executors.java:511)
	at java.util.concurrent.FutureTask.run(FutureTask.java:266)
	at java.util.concurrent.ThreadPoolExecutor.runWorker(ThreadPoolExecutor.java:1149)
	at java.util.concurrent.ThreadPoolExecutor$Worker.run(ThreadPoolExecutor.java:624)
	... 1 more
Caused by: org.apache.ratis.thirdparty.io.netty.channel.AbstractChannel$AnnotatedConnectException: Connection refused: localhost/127.0.0.1:13128
	at sun.nio.ch.SocketChannelImpl.checkConnect(Native Method)
	at sun.nio.ch.SocketChannelImpl.finishConnect(SocketChannelImpl.java:717)
	at org.apache.ratis.thirdparty.io.netty.channel.socket.nio.NioSocketChannel.doFinishConnect(NioSocketChannel.java:327)
	at org.apache.ratis.thirdparty.io.netty.channel.nio.AbstractNioChannel$AbstractNioUnsafe.finishConnect(AbstractNioChannel.java:340)
	at org.apache.ratis.thirdparty.io.netty.channel.nio.NioEventLoop.processSelectedKey(NioEventLoop.java:632)
	at org.apache.ratis.thirdparty.io.netty.channel.nio.NioEventLoop.processSelectedKeysOptimized(NioEventLoop.java:579)
	at org.apache.ratis.thirdparty.io.netty.channel.nio.NioEventLoop.processSelectedKeys(NioEventLoop.java:496)
	at org.apache.ratis.thirdparty.io.netty.channel.nio.NioEventLoop.run(NioEventLoop.java:458)
	at org.apache.ratis.thirdparty.io.netty.util.concurrent.SingleThreadEventExecutor$5.run(SingleThreadEventExecutor.java:897)
	at org.apache.ratis.thirdparty.io.netty.util.concurrent.FastThreadLocalRunnable.run(FastThreadLocalRunnable.java:30)
	... 1 more
Caused by: java.net.ConnectException: Connection refused
	... 11 more
2019-10-21 04:27:48,875 [omNode-1@group-523986131536-LeaderElection13] INFO  impl.LeaderElection (LeaderElection.java:logAndReturn(56)) - omNode-1@group-523986131536-LeaderElection13: Election REJECTED; received 1 response(s) [omNode-1<-omNode-2#0:FAIL-t9] and 1 exception(s); omNode-1@group-523986131536:t9, leader=null, voted=omNode-1, raftlog=omNode-1@group-523986131536-SegmentedRaftLog:OPENED:c-1,f-1,i0, conf=-1: [omNode-3:localhost:13128, omNode-1:localhost:13116, omNode-2:localhost:13122], old=null
2019-10-21 04:27:48,875 [omNode-2@group-523986131536-LeaderElection15] INFO  impl.LeaderElection (LeaderElection.java:logAndReturn(56)) - omNode-2@group-523986131536-LeaderElection15: Election REJECTED; received 1 response(s) [omNode-2<-omNode-1#0:FAIL-t9] and 1 exception(s); omNode-2@group-523986131536:t9, leader=null, voted=omNode-2, raftlog=omNode-2@group-523986131536-SegmentedRaftLog:OPENED:c-1,f-1,i0, conf=-1: [omNode-3:localhost:13128, omNode-1:localhost:13116, omNode-2:localhost:13122], old=null
2019-10-21 04:27:48,875 [omNode-1@group-523986131536-LeaderElection13] INFO  impl.LeaderElection (LogUtils.java:infoOrTrace(149)) -   Exception 0: {}
java.util.concurrent.ExecutionException: org.apache.ratis.thirdparty.io.grpc.StatusRuntimeException: UNAVAILABLE: io exception
	at java.util.concurrent.FutureTask.report(FutureTask.java:122)
	at java.util.concurrent.FutureTask.get(FutureTask.java:192)
	at org.apache.ratis.server.impl.LeaderElection.waitForResults(LeaderElection.java:259)
	at org.apache.ratis.server.impl.LeaderElection.askForVotes(LeaderElection.java:197)
	at org.apache.ratis.server.impl.LeaderElection.run(LeaderElection.java:133)
	at java.lang.Thread.run(Thread.java:748)
Caused by: org.apache.ratis.thirdparty.io.grpc.StatusRuntimeException: UNAVAILABLE: io exception
	at org.apache.ratis.thirdparty.io.grpc.stub.ClientCalls.toStatusRuntimeException(ClientCalls.java:233)
	at org.apache.ratis.thirdparty.io.grpc.stub.ClientCalls.getUnchecked(ClientCalls.java:214)
	at org.apache.ratis.thirdparty.io.grpc.stub.ClientCalls.blockingUnaryCall(ClientCalls.java:139)
	at org.apache.ratis.proto.grpc.RaftServerProtocolServiceGrpc$RaftServerProtocolServiceBlockingStub.requestVote(RaftServerProtocolServiceGrpc.java:265)
	at org.apache.ratis.grpc.server.GrpcServerProtocolClient.requestVote(GrpcServerProtocolClient.java:99)
	at org.apache.ratis.grpc.server.GrpcService.requestVote(GrpcService.java:204)
	at org.apache.ratis.server.impl.LeaderElection.lambda$submitRequests$1(LeaderElection.java:234)
	at java.util.concurrent.FutureTask.run(FutureTask.java:266)
	at java.util.concurrent.Executors$RunnableAdapter.call(Executors.java:511)
	at java.util.concurrent.FutureTask.run(FutureTask.java:266)
	at java.util.concurrent.ThreadPoolExecutor.runWorker(ThreadPoolExecutor.java:1149)
	at java.util.concurrent.ThreadPoolExecutor$Worker.run(ThreadPoolExecutor.java:624)
	... 1 more
Caused by: org.apache.ratis.thirdparty.io.netty.channel.AbstractChannel$AnnotatedConnectException: Connection refused: localhost/127.0.0.1:13128
	at sun.nio.ch.SocketChannelImpl.checkConnect(Native Method)
	at sun.nio.ch.SocketChannelImpl.finishConnect(SocketChannelImpl.java:717)
	at org.apache.ratis.thirdparty.io.netty.channel.socket.nio.NioSocketChannel.doFinishConnect(NioSocketChannel.java:327)
	at org.apache.ratis.thirdparty.io.netty.channel.nio.AbstractNioChannel$AbstractNioUnsafe.finishConnect(AbstractNioChannel.java:340)
	at org.apache.ratis.thirdparty.io.netty.channel.nio.NioEventLoop.processSelectedKey(NioEventLoop.java:632)
	at org.apache.ratis.thirdparty.io.netty.channel.nio.NioEventLoop.processSelectedKeysOptimized(NioEventLoop.java:579)
	at org.apache.ratis.thirdparty.io.netty.channel.nio.NioEventLoop.processSelectedKeys(NioEventLoop.java:496)
	at org.apache.ratis.thirdparty.io.netty.channel.nio.NioEventLoop.run(NioEventLoop.java:458)
	at org.apache.ratis.thirdparty.io.netty.util.concurrent.SingleThreadEventExecutor$5.run(SingleThreadEventExecutor.java:897)
	at org.apache.ratis.thirdparty.io.netty.util.concurrent.FastThreadLocalRunnable.run(FastThreadLocalRunnable.java:30)
	... 1 more
Caused by: java.net.ConnectException: Connection refused
	... 11 more
2019-10-21 04:27:48,875 [omNode-2@group-523986131536-LeaderElection15] INFO  impl.LeaderElection (LogUtils.java:infoOrTrace(149)) -   Exception 0: {}
java.util.concurrent.ExecutionException: org.apache.ratis.thirdparty.io.grpc.StatusRuntimeException: UNAVAILABLE: io exception
	at java.util.concurrent.FutureTask.report(FutureTask.java:122)
	at java.util.concurrent.FutureTask.get(FutureTask.java:192)
	at org.apache.ratis.server.impl.LeaderElection.waitForResults(LeaderElection.java:259)
	at org.apache.ratis.server.impl.LeaderElection.askForVotes(LeaderElection.java:197)
	at org.apache.ratis.server.impl.LeaderElection.run(LeaderElection.java:133)
	at java.lang.Thread.run(Thread.java:748)
Caused by: org.apache.ratis.thirdparty.io.grpc.StatusRuntimeException: UNAVAILABLE: io exception
	at org.apache.ratis.thirdparty.io.grpc.stub.ClientCalls.toStatusRuntimeException(ClientCalls.java:233)
	at org.apache.ratis.thirdparty.io.grpc.stub.ClientCalls.getUnchecked(ClientCalls.java:214)
	at org.apache.ratis.thirdparty.io.grpc.stub.ClientCalls.blockingUnaryCall(ClientCalls.java:139)
	at org.apache.ratis.proto.grpc.RaftServerProtocolServiceGrpc$RaftServerProtocolServiceBlockingStub.requestVote(RaftServerProtocolServiceGrpc.java:265)
	at org.apache.ratis.grpc.server.GrpcServerProtocolClient.requestVote(GrpcServerProtocolClient.java:99)
	at org.apache.ratis.grpc.server.GrpcService.requestVote(GrpcService.java:204)
	at org.apache.ratis.server.impl.LeaderElection.lambda$submitRequests$1(LeaderElection.java:234)
	at java.util.concurrent.FutureTask.run(FutureTask.java:266)
	at java.util.concurrent.Executors$RunnableAdapter.call(Executors.java:511)
	at java.util.concurrent.FutureTask.run(FutureTask.java:266)
	at java.util.concurrent.ThreadPoolExecutor.runWorker(ThreadPoolExecutor.java:1149)
	at java.util.concurrent.ThreadPoolExecutor$Worker.run(ThreadPoolExecutor.java:624)
	... 1 more
Caused by: org.apache.ratis.thirdparty.io.netty.channel.AbstractChannel$AnnotatedConnectException: Connection refused: localhost/127.0.0.1:13128
	at sun.nio.ch.SocketChannelImpl.checkConnect(Native Method)
	at sun.nio.ch.SocketChannelImpl.finishConnect(SocketChannelImpl.java:717)
	at org.apache.ratis.thirdparty.io.netty.channel.socket.nio.NioSocketChannel.doFinishConnect(NioSocketChannel.java:327)
	at org.apache.ratis.thirdparty.io.netty.channel.nio.AbstractNioChannel$AbstractNioUnsafe.finishConnect(AbstractNioChannel.java:340)
	at org.apache.ratis.thirdparty.io.netty.channel.nio.NioEventLoop.processSelectedKey(NioEventLoop.java:632)
	at org.apache.ratis.thirdparty.io.netty.channel.nio.NioEventLoop.processSelectedKeysOptimized(NioEventLoop.java:579)
	at org.apache.ratis.thirdparty.io.netty.channel.nio.NioEventLoop.processSelectedKeys(NioEventLoop.java:496)
	at org.apache.ratis.thirdparty.io.netty.channel.nio.NioEventLoop.run(NioEventLoop.java:458)
	at org.apache.ratis.thirdparty.io.netty.util.concurrent.SingleThreadEventExecutor$5.run(SingleThreadEventExecutor.java:897)
	at org.apache.ratis.thirdparty.io.netty.util.concurrent.FastThreadLocalRunnable.run(FastThreadLocalRunnable.java:30)
	... 1 more
Caused by: java.net.ConnectException: Connection refused
	... 11 more
2019-10-21 04:27:48,876 [omNode-1@group-523986131536-LeaderElection13] INFO  impl.RaftServerImpl (RaftServerImpl.java:setRole(170)) - omNode-1@group-523986131536: changes role from CANDIDATE to FOLLOWER at term 9 for DISCOVERED_A_NEW_TERM
2019-10-21 04:27:48,877 [omNode-2@group-523986131536-LeaderElection15] INFO  impl.RaftServerImpl (RaftServerImpl.java:setRole(170)) - omNode-2@group-523986131536: changes role from CANDIDATE to FOLLOWER at term 9 for DISCOVERED_A_NEW_TERM
2019-10-21 04:27:48,877 [omNode-1@group-523986131536-LeaderElection13] INFO  impl.RoleInfo (RoleInfo.java:shutdownLeaderElection(134)) - omNode-1: shutdown LeaderElection
2019-10-21 04:27:48,877 [omNode-2@group-523986131536-LeaderElection15] INFO  impl.RoleInfo (RoleInfo.java:shutdownLeaderElection(134)) - omNode-2: shutdown LeaderElection
2019-10-21 04:27:48,878 [omNode-1@group-523986131536-LeaderElection13] INFO  impl.RoleInfo (RoleInfo.java:updateAndGet(143)) - omNode-1: start FollowerState
2019-10-21 04:27:48,878 [omNode-2@group-523986131536-LeaderElection15] INFO  impl.RoleInfo (RoleInfo.java:updateAndGet(143)) - omNode-2: start FollowerState
2019-10-21 04:27:49,928 [Thread-1022] INFO  impl.FollowerState (FollowerState.java:run(108)) - omNode-1@group-523986131536-FollowerState: change to CANDIDATE, lastRpcTime:1050ms, electionTimeout:1049ms
2019-10-21 04:27:49,928 [Thread-1022] INFO  impl.RoleInfo (RoleInfo.java:shutdownFollowerState(121)) - omNode-1: shutdown FollowerState
2019-10-21 04:27:49,928 [Thread-1022] INFO  impl.RaftServerImpl (RaftServerImpl.java:setRole(170)) - omNode-1@group-523986131536: changes role from  FOLLOWER to CANDIDATE at term 9 for changeToCandidate
2019-10-21 04:27:49,928 [Thread-1022] INFO  impl.RoleInfo (RoleInfo.java:updateAndGet(143)) - omNode-1: start LeaderElection
2019-10-21 04:27:50,050 [Thread-1023] INFO  impl.FollowerState (FollowerState.java:run(108)) - omNode-2@group-523986131536-FollowerState: change to CANDIDATE, lastRpcTime:1172ms, electionTimeout:1171ms
2019-10-21 04:27:50,050 [Thread-1023] INFO  impl.RoleInfo (RoleInfo.java:shutdownFollowerState(121)) - omNode-2: shutdown FollowerState
2019-10-21 04:27:50,050 [Thread-1023] INFO  impl.RaftServerImpl (RaftServerImpl.java:setRole(170)) - omNode-2@group-523986131536: changes role from  FOLLOWER to CANDIDATE at term 9 for changeToCandidate
2019-10-21 04:27:50,051 [Thread-1023] INFO  impl.RoleInfo (RoleInfo.java:updateAndGet(143)) - omNode-2: start LeaderElection
2019-10-21 04:27:51,414 [omNode-2@group-523986131536-LeaderElection17] INFO  impl.LeaderElection (LeaderElection.java:askForVotes(178)) - omNode-2@group-523986131536-LeaderElection17: begin an election at term 10 for -1: [omNode-3:localhost:13128, omNode-1:localhost:13116, omNode-2:localhost:13122], old=null
2019-10-21 04:27:51,414 [omNode-1@group-523986131536-LeaderElection16] INFO  impl.LeaderElection (LeaderElection.java:askForVotes(178)) - omNode-1@group-523986131536-LeaderElection16: begin an election at term 10 for -1: [omNode-3:localhost:13128, omNode-1:localhost:13116, omNode-2:localhost:13122], old=null
2019-10-21 04:27:51,416 [omNode-1@group-523986131536-LeaderElection16] INFO  impl.LeaderElection (LogUtils.java:infoOrTrace(149)) - omNode-1@group-523986131536-LeaderElection16 got exception when requesting votes: {}
java.util.concurrent.ExecutionException: org.apache.ratis.thirdparty.io.grpc.StatusRuntimeException: UNAVAILABLE: io exception
	at java.util.concurrent.FutureTask.report(FutureTask.java:122)
	at java.util.concurrent.FutureTask.get(FutureTask.java:192)
	at org.apache.ratis.server.impl.LeaderElection.waitForResults(LeaderElection.java:259)
	at org.apache.ratis.server.impl.LeaderElection.askForVotes(LeaderElection.java:197)
	at org.apache.ratis.server.impl.LeaderElection.run(LeaderElection.java:133)
	at java.lang.Thread.run(Thread.java:748)
Caused by: org.apache.ratis.thirdparty.io.grpc.StatusRuntimeException: UNAVAILABLE: io exception
	at org.apache.ratis.thirdparty.io.grpc.stub.ClientCalls.toStatusRuntimeException(ClientCalls.java:233)
	at org.apache.ratis.thirdparty.io.grpc.stub.ClientCalls.getUnchecked(ClientCalls.java:214)
	at org.apache.ratis.thirdparty.io.grpc.stub.ClientCalls.blockingUnaryCall(ClientCalls.java:139)
	at org.apache.ratis.proto.grpc.RaftServerProtocolServiceGrpc$RaftServerProtocolServiceBlockingStub.requestVote(RaftServerProtocolServiceGrpc.java:265)
	at org.apache.ratis.grpc.server.GrpcServerProtocolClient.requestVote(GrpcServerProtocolClient.java:99)
	at org.apache.ratis.grpc.server.GrpcService.requestVote(GrpcService.java:204)
	at org.apache.ratis.server.impl.LeaderElection.lambda$submitRequests$1(LeaderElection.java:234)
	at java.util.concurrent.FutureTask.run(FutureTask.java:266)
	at java.util.concurrent.Executors$RunnableAdapter.call(Executors.java:511)
	at java.util.concurrent.FutureTask.run(FutureTask.java:266)
	at java.util.concurrent.ThreadPoolExecutor.runWorker(ThreadPoolExecutor.java:1149)
	at java.util.concurrent.ThreadPoolExecutor$Worker.run(ThreadPoolExecutor.java:624)
	... 1 more
Caused by: org.apache.ratis.thirdparty.io.netty.channel.AbstractChannel$AnnotatedConnectException: Connection refused: localhost/127.0.0.1:13128
	at sun.nio.ch.SocketChannelImpl.checkConnect(Native Method)
	at sun.nio.ch.SocketChannelImpl.finishConnect(SocketChannelImpl.java:717)
	at org.apache.ratis.thirdparty.io.netty.channel.socket.nio.NioSocketChannel.doFinishConnect(NioSocketChannel.java:327)
	at org.apache.ratis.thirdparty.io.netty.channel.nio.AbstractNioChannel$AbstractNioUnsafe.finishConnect(AbstractNioChannel.java:340)
	at org.apache.ratis.thirdparty.io.netty.channel.nio.NioEventLoop.processSelectedKey(NioEventLoop.java:632)
	at org.apache.ratis.thirdparty.io.netty.channel.nio.NioEventLoop.processSelectedKeysOptimized(NioEventLoop.java:579)
	at org.apache.ratis.thirdparty.io.netty.channel.nio.NioEventLoop.processSelectedKeys(NioEventLoop.java:496)
	at org.apache.ratis.thirdparty.io.netty.channel.nio.NioEventLoop.run(NioEventLoop.java:458)
	at org.apache.ratis.thirdparty.io.netty.util.concurrent.SingleThreadEventExecutor$5.run(SingleThreadEventExecutor.java:897)
	at org.apache.ratis.thirdparty.io.netty.util.concurrent.FastThreadLocalRunnable.run(FastThreadLocalRunnable.java:30)
	... 1 more
Caused by: java.net.ConnectException: Connection refused
	... 11 more
2019-10-21 04:27:51,417 [omNode-2@group-523986131536-LeaderElection17] INFO  impl.LeaderElection (LogUtils.java:infoOrTrace(149)) - omNode-2@group-523986131536-LeaderElection17 got exception when requesting votes: {}
java.util.concurrent.ExecutionException: org.apache.ratis.thirdparty.io.grpc.StatusRuntimeException: UNAVAILABLE: io exception
	at java.util.concurrent.FutureTask.report(FutureTask.java:122)
	at java.util.concurrent.FutureTask.get(FutureTask.java:192)
	at org.apache.ratis.server.impl.LeaderElection.waitForResults(LeaderElection.java:259)
	at org.apache.ratis.server.impl.LeaderElection.askForVotes(LeaderElection.java:197)
	at org.apache.ratis.server.impl.LeaderElection.run(LeaderElection.java:133)
	at java.lang.Thread.run(Thread.java:748)
Caused by: org.apache.ratis.thirdparty.io.grpc.StatusRuntimeException: UNAVAILABLE: io exception
	at org.apache.ratis.thirdparty.io.grpc.stub.ClientCalls.toStatusRuntimeException(ClientCalls.java:233)
	at org.apache.ratis.thirdparty.io.grpc.stub.ClientCalls.getUnchecked(ClientCalls.java:214)
	at org.apache.ratis.thirdparty.io.grpc.stub.ClientCalls.blockingUnaryCall(ClientCalls.java:139)
	at org.apache.ratis.proto.grpc.RaftServerProtocolServiceGrpc$RaftServerProtocolServiceBlockingStub.requestVote(RaftServerProtocolServiceGrpc.java:265)
	at org.apache.ratis.grpc.server.GrpcServerProtocolClient.requestVote(GrpcServerProtocolClient.java:99)
	at org.apache.ratis.grpc.server.GrpcService.requestVote(GrpcService.java:204)
	at org.apache.ratis.server.impl.LeaderElection.lambda$submitRequests$1(LeaderElection.java:234)
	at java.util.concurrent.FutureTask.run(FutureTask.java:266)
	at java.util.concurrent.Executors$RunnableAdapter.call(Executors.java:511)
	at java.util.concurrent.FutureTask.run(FutureTask.java:266)
	at java.util.concurrent.ThreadPoolExecutor.runWorker(ThreadPoolExecutor.java:1149)
	at java.util.concurrent.ThreadPoolExecutor$Worker.run(ThreadPoolExecutor.java:624)
	... 1 more
Caused by: org.apache.ratis.thirdparty.io.netty.channel.AbstractChannel$AnnotatedConnectException: Connection refused: localhost/127.0.0.1:13128
	at sun.nio.ch.SocketChannelImpl.checkConnect(Native Method)
	at sun.nio.ch.SocketChannelImpl.finishConnect(SocketChannelImpl.java:717)
	at org.apache.ratis.thirdparty.io.netty.channel.socket.nio.NioSocketChannel.doFinishConnect(NioSocketChannel.java:327)
	at org.apache.ratis.thirdparty.io.netty.channel.nio.AbstractNioChannel$AbstractNioUnsafe.finishConnect(AbstractNioChannel.java:340)
	at org.apache.ratis.thirdparty.io.netty.channel.nio.NioEventLoop.processSelectedKey(NioEventLoop.java:632)
	at org.apache.ratis.thirdparty.io.netty.channel.nio.NioEventLoop.processSelectedKeysOptimized(NioEventLoop.java:579)
	at org.apache.ratis.thirdparty.io.netty.channel.nio.NioEventLoop.processSelectedKeys(NioEventLoop.java:496)
	at org.apache.ratis.thirdparty.io.netty.channel.nio.NioEventLoop.run(NioEventLoop.java:458)
	at org.apache.ratis.thirdparty.io.netty.util.concurrent.SingleThreadEventExecutor$5.run(SingleThreadEventExecutor.java:897)
	at org.apache.ratis.thirdparty.io.netty.util.concurrent.FastThreadLocalRunnable.run(FastThreadLocalRunnable.java:30)
	... 1 more
Caused by: java.net.ConnectException: Connection refused
	... 11 more
2019-10-21 04:27:51,424 [omNode-1@group-523986131536-LeaderElection16] INFO  impl.LeaderElection (LeaderElection.java:logAndReturn(56)) - omNode-1@group-523986131536-LeaderElection16: Election REJECTED; received 1 response(s) [omNode-1<-omNode-2#0:FAIL-t10] and 1 exception(s); omNode-1@group-523986131536:t10, leader=null, voted=omNode-1, raftlog=omNode-1@group-523986131536-SegmentedRaftLog:OPENED:c-1,f-1,i0, conf=-1: [omNode-3:localhost:13128, omNode-1:localhost:13116, omNode-2:localhost:13122], old=null
2019-10-21 04:27:51,424 [omNode-2@group-523986131536-LeaderElection17] INFO  impl.LeaderElection (LeaderElection.java:logAndReturn(56)) - omNode-2@group-523986131536-LeaderElection17: Election REJECTED; received 1 response(s) [omNode-2<-omNode-1#0:FAIL-t10] and 1 exception(s); omNode-2@group-523986131536:t10, leader=null, voted=omNode-2, raftlog=omNode-2@group-523986131536-SegmentedRaftLog:OPENED:c-1,f-1,i0, conf=-1: [omNode-3:localhost:13128, omNode-1:localhost:13116, omNode-2:localhost:13122], old=null
2019-10-21 04:27:51,424 [omNode-1@group-523986131536-LeaderElection16] INFO  impl.LeaderElection (LogUtils.java:infoOrTrace(149)) -   Exception 0: {}
java.util.concurrent.ExecutionException: org.apache.ratis.thirdparty.io.grpc.StatusRuntimeException: UNAVAILABLE: io exception
	at java.util.concurrent.FutureTask.report(FutureTask.java:122)
	at java.util.concurrent.FutureTask.get(FutureTask.java:192)
	at org.apache.ratis.server.impl.LeaderElection.waitForResults(LeaderElection.java:259)
	at org.apache.ratis.server.impl.LeaderElection.askForVotes(LeaderElection.java:197)
	at org.apache.ratis.server.impl.LeaderElection.run(LeaderElection.java:133)
	at java.lang.Thread.run(Thread.java:748)
Caused by: org.apache.ratis.thirdparty.io.grpc.StatusRuntimeException: UNAVAILABLE: io exception
	at org.apache.ratis.thirdparty.io.grpc.stub.ClientCalls.toStatusRuntimeException(ClientCalls.java:233)
	at org.apache.ratis.thirdparty.io.grpc.stub.ClientCalls.getUnchecked(ClientCalls.java:214)
	at org.apache.ratis.thirdparty.io.grpc.stub.ClientCalls.blockingUnaryCall(ClientCalls.java:139)
	at org.apache.ratis.proto.grpc.RaftServerProtocolServiceGrpc$RaftServerProtocolServiceBlockingStub.requestVote(RaftServerProtocolServiceGrpc.java:265)
	at org.apache.ratis.grpc.server.GrpcServerProtocolClient.requestVote(GrpcServerProtocolClient.java:99)
	at org.apache.ratis.grpc.server.GrpcService.requestVote(GrpcService.java:204)
	at org.apache.ratis.server.impl.LeaderElection.lambda$submitRequests$1(LeaderElection.java:234)
	at java.util.concurrent.FutureTask.run(FutureTask.java:266)
	at java.util.concurrent.Executors$RunnableAdapter.call(Executors.java:511)
	at java.util.concurrent.FutureTask.run(FutureTask.java:266)
	at java.util.concurrent.ThreadPoolExecutor.runWorker(ThreadPoolExecutor.java:1149)
	at java.util.concurrent.ThreadPoolExecutor$Worker.run(ThreadPoolExecutor.java:624)
	... 1 more
Caused by: org.apache.ratis.thirdparty.io.netty.channel.AbstractChannel$AnnotatedConnectException: Connection refused: localhost/127.0.0.1:13128
	at sun.nio.ch.SocketChannelImpl.checkConnect(Native Method)
	at sun.nio.ch.SocketChannelImpl.finishConnect(SocketChannelImpl.java:717)
	at org.apache.ratis.thirdparty.io.netty.channel.socket.nio.NioSocketChannel.doFinishConnect(NioSocketChannel.java:327)
	at org.apache.ratis.thirdparty.io.netty.channel.nio.AbstractNioChannel$AbstractNioUnsafe.finishConnect(AbstractNioChannel.java:340)
	at org.apache.ratis.thirdparty.io.netty.channel.nio.NioEventLoop.processSelectedKey(NioEventLoop.java:632)
	at org.apache.ratis.thirdparty.io.netty.channel.nio.NioEventLoop.processSelectedKeysOptimized(NioEventLoop.java:579)
	at org.apache.ratis.thirdparty.io.netty.channel.nio.NioEventLoop.processSelectedKeys(NioEventLoop.java:496)
	at org.apache.ratis.thirdparty.io.netty.channel.nio.NioEventLoop.run(NioEventLoop.java:458)
	at org.apache.ratis.thirdparty.io.netty.util.concurrent.SingleThreadEventExecutor$5.run(SingleThreadEventExecutor.java:897)
	at org.apache.ratis.thirdparty.io.netty.util.concurrent.FastThreadLocalRunnable.run(FastThreadLocalRunnable.java:30)
	... 1 more
Caused by: java.net.ConnectException: Connection refused
	... 11 more
2019-10-21 04:27:51,424 [omNode-2@group-523986131536-LeaderElection17] INFO  impl.LeaderElection (LogUtils.java:infoOrTrace(149)) -   Exception 0: {}
java.util.concurrent.ExecutionException: org.apache.ratis.thirdparty.io.grpc.StatusRuntimeException: UNAVAILABLE: io exception
	at java.util.concurrent.FutureTask.report(FutureTask.java:122)
	at java.util.concurrent.FutureTask.get(FutureTask.java:192)
	at org.apache.ratis.server.impl.LeaderElection.waitForResults(LeaderElection.java:259)
	at org.apache.ratis.server.impl.LeaderElection.askForVotes(LeaderElection.java:197)
	at org.apache.ratis.server.impl.LeaderElection.run(LeaderElection.java:133)
	at java.lang.Thread.run(Thread.java:748)
Caused by: org.apache.ratis.thirdparty.io.grpc.StatusRuntimeException: UNAVAILABLE: io exception
	at org.apache.ratis.thirdparty.io.grpc.stub.ClientCalls.toStatusRuntimeException(ClientCalls.java:233)
	at org.apache.ratis.thirdparty.io.grpc.stub.ClientCalls.getUnchecked(ClientCalls.java:214)
	at org.apache.ratis.thirdparty.io.grpc.stub.ClientCalls.blockingUnaryCall(ClientCalls.java:139)
	at org.apache.ratis.proto.grpc.RaftServerProtocolServiceGrpc$RaftServerProtocolServiceBlockingStub.requestVote(RaftServerProtocolServiceGrpc.java:265)
	at org.apache.ratis.grpc.server.GrpcServerProtocolClient.requestVote(GrpcServerProtocolClient.java:99)
	at org.apache.ratis.grpc.server.GrpcService.requestVote(GrpcService.java:204)
	at org.apache.ratis.server.impl.LeaderElection.lambda$submitRequests$1(LeaderElection.java:234)
	at java.util.concurrent.FutureTask.run(FutureTask.java:266)
	at java.util.concurrent.Executors$RunnableAdapter.call(Executors.java:511)
	at java.util.concurrent.FutureTask.run(FutureTask.java:266)
	at java.util.concurrent.ThreadPoolExecutor.runWorker(ThreadPoolExecutor.java:1149)
	at java.util.concurrent.ThreadPoolExecutor$Worker.run(ThreadPoolExecutor.java:624)
	... 1 more
Caused by: org.apache.ratis.thirdparty.io.netty.channel.AbstractChannel$AnnotatedConnectException: Connection refused: localhost/127.0.0.1:13128
	at sun.nio.ch.SocketChannelImpl.checkConnect(Native Method)
	at sun.nio.ch.SocketChannelImpl.finishConnect(SocketChannelImpl.java:717)
	at org.apache.ratis.thirdparty.io.netty.channel.socket.nio.NioSocketChannel.doFinishConnect(NioSocketChannel.java:327)
	at org.apache.ratis.thirdparty.io.netty.channel.nio.AbstractNioChannel$AbstractNioUnsafe.finishConnect(AbstractNioChannel.java:340)
	at org.apache.ratis.thirdparty.io.netty.channel.nio.NioEventLoop.processSelectedKey(NioEventLoop.java:632)
	at org.apache.ratis.thirdparty.io.netty.channel.nio.NioEventLoop.processSelectedKeysOptimized(NioEventLoop.java:579)
	at org.apache.ratis.thirdparty.io.netty.channel.nio.NioEventLoop.processSelectedKeys(NioEventLoop.java:496)
	at org.apache.ratis.thirdparty.io.netty.channel.nio.NioEventLoop.run(NioEventLoop.java:458)
	at org.apache.ratis.thirdparty.io.netty.util.concurrent.SingleThreadEventExecutor$5.run(SingleThreadEventExecutor.java:897)
	at org.apache.ratis.thirdparty.io.netty.util.concurrent.FastThreadLocalRunnable.run(FastThreadLocalRunnable.java:30)
	... 1 more
Caused by: java.net.ConnectException: Connection refused
	... 11 more
2019-10-21 04:27:51,425 [omNode-1@group-523986131536-LeaderElection16] INFO  impl.RaftServerImpl (RaftServerImpl.java:setRole(170)) - omNode-1@group-523986131536: changes role from CANDIDATE to FOLLOWER at term 10 for DISCOVERED_A_NEW_TERM
2019-10-21 04:27:51,425 [omNode-2@group-523986131536-LeaderElection17] INFO  impl.RaftServerImpl (RaftServerImpl.java:setRole(170)) - omNode-2@group-523986131536: changes role from CANDIDATE to FOLLOWER at term 10 for DISCOVERED_A_NEW_TERM
2019-10-21 04:27:51,425 [omNode-1@group-523986131536-LeaderElection16] INFO  impl.RoleInfo (RoleInfo.java:shutdownLeaderElection(134)) - omNode-1: shutdown LeaderElection
2019-10-21 04:27:51,426 [omNode-2@group-523986131536-LeaderElection17] INFO  impl.RoleInfo (RoleInfo.java:shutdownLeaderElection(134)) - omNode-2: shutdown LeaderElection
2019-10-21 04:27:51,426 [omNode-1@group-523986131536-LeaderElection16] INFO  impl.RoleInfo (RoleInfo.java:updateAndGet(143)) - omNode-1: start FollowerState
2019-10-21 04:27:51,426 [omNode-2@group-523986131536-LeaderElection17] INFO  impl.RoleInfo (RoleInfo.java:updateAndGet(143)) - omNode-2: start FollowerState
2019-10-21 04:27:52,516 [Thread-1031] INFO  impl.FollowerState (FollowerState.java:run(108)) - omNode-1@group-523986131536-FollowerState: change to CANDIDATE, lastRpcTime:1090ms, electionTimeout:1089ms
2019-10-21 04:27:52,516 [Thread-1031] INFO  impl.RoleInfo (RoleInfo.java:shutdownFollowerState(121)) - omNode-1: shutdown FollowerState
2019-10-21 04:27:52,516 [Thread-1031] INFO  impl.RaftServerImpl (RaftServerImpl.java:setRole(170)) - omNode-1@group-523986131536: changes role from  FOLLOWER to CANDIDATE at term 10 for changeToCandidate
2019-10-21 04:27:52,516 [Thread-1031] INFO  impl.RoleInfo (RoleInfo.java:updateAndGet(143)) - omNode-1: start LeaderElection
2019-10-21 04:27:52,538 [omNode-1@group-523986131536-LeaderElection18] INFO  impl.LeaderElection (LeaderElection.java:askForVotes(178)) - omNode-1@group-523986131536-LeaderElection18: begin an election at term 11 for -1: [omNode-3:localhost:13128, omNode-1:localhost:13116, omNode-2:localhost:13122], old=null
2019-10-21 04:27:52,540 [omNode-1@group-523986131536-LeaderElection18] INFO  impl.LeaderElection (LogUtils.java:infoOrTrace(149)) - omNode-1@group-523986131536-LeaderElection18 got exception when requesting votes: {}
java.util.concurrent.ExecutionException: org.apache.ratis.thirdparty.io.grpc.StatusRuntimeException: UNAVAILABLE: io exception
	at java.util.concurrent.FutureTask.report(FutureTask.java:122)
	at java.util.concurrent.FutureTask.get(FutureTask.java:192)
	at org.apache.ratis.server.impl.LeaderElection.waitForResults(LeaderElection.java:259)
	at org.apache.ratis.server.impl.LeaderElection.askForVotes(LeaderElection.java:197)
	at org.apache.ratis.server.impl.LeaderElection.run(LeaderElection.java:133)
	at java.lang.Thread.run(Thread.java:748)
Caused by: org.apache.ratis.thirdparty.io.grpc.StatusRuntimeException: UNAVAILABLE: io exception
	at org.apache.ratis.thirdparty.io.grpc.stub.ClientCalls.toStatusRuntimeException(ClientCalls.java:233)
	at org.apache.ratis.thirdparty.io.grpc.stub.ClientCalls.getUnchecked(ClientCalls.java:214)
	at org.apache.ratis.thirdparty.io.grpc.stub.ClientCalls.blockingUnaryCall(ClientCalls.java:139)
	at org.apache.ratis.proto.grpc.RaftServerProtocolServiceGrpc$RaftServerProtocolServiceBlockingStub.requestVote(RaftServerProtocolServiceGrpc.java:265)
	at org.apache.ratis.grpc.server.GrpcServerProtocolClient.requestVote(GrpcServerProtocolClient.java:99)
	at org.apache.ratis.grpc.server.GrpcService.requestVote(GrpcService.java:204)
	at org.apache.ratis.server.impl.LeaderElection.lambda$submitRequests$1(LeaderElection.java:234)
	at java.util.concurrent.FutureTask.run(FutureTask.java:266)
	at java.util.concurrent.Executors$RunnableAdapter.call(Executors.java:511)
	at java.util.concurrent.FutureTask.run(FutureTask.java:266)
	at java.util.concurrent.ThreadPoolExecutor.runWorker(ThreadPoolExecutor.java:1149)
	at java.util.concurrent.ThreadPoolExecutor$Worker.run(ThreadPoolExecutor.java:624)
	... 1 more
Caused by: org.apache.ratis.thirdparty.io.netty.channel.AbstractChannel$AnnotatedConnectException: Connection refused: localhost/127.0.0.1:13128
	at sun.nio.ch.SocketChannelImpl.checkConnect(Native Method)
	at sun.nio.ch.SocketChannelImpl.finishConnect(SocketChannelImpl.java:717)
	at org.apache.ratis.thirdparty.io.netty.channel.socket.nio.NioSocketChannel.doFinishConnect(NioSocketChannel.java:327)
	at org.apache.ratis.thirdparty.io.netty.channel.nio.AbstractNioChannel$AbstractNioUnsafe.finishConnect(AbstractNioChannel.java:340)
	at org.apache.ratis.thirdparty.io.netty.channel.nio.NioEventLoop.processSelectedKey(NioEventLoop.java:632)
	at org.apache.ratis.thirdparty.io.netty.channel.nio.NioEventLoop.processSelectedKeysOptimized(NioEventLoop.java:579)
	at org.apache.ratis.thirdparty.io.netty.channel.nio.NioEventLoop.processSelectedKeys(NioEventLoop.java:496)
	at org.apache.ratis.thirdparty.io.netty.channel.nio.NioEventLoop.run(NioEventLoop.java:458)
	at org.apache.ratis.thirdparty.io.netty.util.concurrent.SingleThreadEventExecutor$5.run(SingleThreadEventExecutor.java:897)
	at org.apache.ratis.thirdparty.io.netty.util.concurrent.FastThreadLocalRunnable.run(FastThreadLocalRunnable.java:30)
	... 1 more
Caused by: java.net.ConnectException: Connection refused
	... 11 more
2019-10-21 04:27:52,542 [Thread-1032] INFO  impl.FollowerState (FollowerState.java:run(108)) - omNode-2@group-523986131536-FollowerState: change to CANDIDATE, lastRpcTime:1116ms, electionTimeout:1115ms
2019-10-21 04:27:52,542 [Thread-1032] INFO  impl.RoleInfo (RoleInfo.java:shutdownFollowerState(121)) - omNode-2: shutdown FollowerState
2019-10-21 04:27:52,542 [Thread-1032] INFO  impl.RaftServerImpl (RaftServerImpl.java:setRole(170)) - omNode-2@group-523986131536: changes role from  FOLLOWER to CANDIDATE at term 10 for changeToCandidate
2019-10-21 04:27:52,542 [Thread-1032] INFO  impl.RoleInfo (RoleInfo.java:updateAndGet(143)) - omNode-2: start LeaderElection
2019-10-21 04:27:52,543 [grpc-default-executor-1] INFO  impl.RaftServerImpl (RaftServerImpl.java:setRole(170)) - omNode-2@group-523986131536: changes role from CANDIDATE to FOLLOWER at term 11 for recognizeCandidate:omNode-1
2019-10-21 04:27:52,543 [grpc-default-executor-1] INFO  impl.RoleInfo (RoleInfo.java:shutdownLeaderElection(134)) - omNode-2: shutdown LeaderElection
2019-10-21 04:27:52,543 [grpc-default-executor-1] INFO  impl.RoleInfo (RoleInfo.java:updateAndGet(143)) - omNode-2: start FollowerState
2019-10-21 04:27:52,559 [omNode-1@group-523986131536-LeaderElection18] INFO  impl.LeaderElection (LeaderElection.java:logAndReturn(56)) - omNode-1@group-523986131536-LeaderElection18: Election REJECTED; received 1 response(s) [omNode-1<-omNode-2#0:FAIL-t11] and 1 exception(s); omNode-1@group-523986131536:t11, leader=null, voted=omNode-1, raftlog=omNode-1@group-523986131536-SegmentedRaftLog:OPENED:c-1,f-1,i0, conf=-1: [omNode-3:localhost:13128, omNode-1:localhost:13116, omNode-2:localhost:13122], old=null
2019-10-21 04:27:52,559 [omNode-1@group-523986131536-LeaderElection18] INFO  impl.LeaderElection (LogUtils.java:infoOrTrace(149)) -   Exception 0: {}
java.util.concurrent.ExecutionException: org.apache.ratis.thirdparty.io.grpc.StatusRuntimeException: UNAVAILABLE: io exception
	at java.util.concurrent.FutureTask.report(FutureTask.java:122)
	at java.util.concurrent.FutureTask.get(FutureTask.java:192)
	at org.apache.ratis.server.impl.LeaderElection.waitForResults(LeaderElection.java:259)
	at org.apache.ratis.server.impl.LeaderElection.askForVotes(LeaderElection.java:197)
	at org.apache.ratis.server.impl.LeaderElection.run(LeaderElection.java:133)
	at java.lang.Thread.run(Thread.java:748)
Caused by: org.apache.ratis.thirdparty.io.grpc.StatusRuntimeException: UNAVAILABLE: io exception
	at org.apache.ratis.thirdparty.io.grpc.stub.ClientCalls.toStatusRuntimeException(ClientCalls.java:233)
	at org.apache.ratis.thirdparty.io.grpc.stub.ClientCalls.getUnchecked(ClientCalls.java:214)
	at org.apache.ratis.thirdparty.io.grpc.stub.ClientCalls.blockingUnaryCall(ClientCalls.java:139)
	at org.apache.ratis.proto.grpc.RaftServerProtocolServiceGrpc$RaftServerProtocolServiceBlockingStub.requestVote(RaftServerProtocolServiceGrpc.java:265)
	at org.apache.ratis.grpc.server.GrpcServerProtocolClient.requestVote(GrpcServerProtocolClient.java:99)
	at org.apache.ratis.grpc.server.GrpcService.requestVote(GrpcService.java:204)
	at org.apache.ratis.server.impl.LeaderElection.lambda$submitRequests$1(LeaderElection.java:234)
	at java.util.concurrent.FutureTask.run(FutureTask.java:266)
	at java.util.concurrent.Executors$RunnableAdapter.call(Executors.java:511)
	at java.util.concurrent.FutureTask.run(FutureTask.java:266)
	at java.util.concurrent.ThreadPoolExecutor.runWorker(ThreadPoolExecutor.java:1149)
	at java.util.concurrent.ThreadPoolExecutor$Worker.run(ThreadPoolExecutor.java:624)
	... 1 more
Caused by: org.apache.ratis.thirdparty.io.netty.channel.AbstractChannel$AnnotatedConnectException: Connection refused: localhost/127.0.0.1:13128
	at sun.nio.ch.SocketChannelImpl.checkConnect(Native Method)
	at sun.nio.ch.SocketChannelImpl.finishConnect(SocketChannelImpl.java:717)
	at org.apache.ratis.thirdparty.io.netty.channel.socket.nio.NioSocketChannel.doFinishConnect(NioSocketChannel.java:327)
	at org.apache.ratis.thirdparty.io.netty.channel.nio.AbstractNioChannel$AbstractNioUnsafe.finishConnect(AbstractNioChannel.java:340)
	at org.apache.ratis.thirdparty.io.netty.channel.nio.NioEventLoop.processSelectedKey(NioEventLoop.java:632)
	at org.apache.ratis.thirdparty.io.netty.channel.nio.NioEventLoop.processSelectedKeysOptimized(NioEventLoop.java:579)
	at org.apache.ratis.thirdparty.io.netty.channel.nio.NioEventLoop.processSelectedKeys(NioEventLoop.java:496)
	at org.apache.ratis.thirdparty.io.netty.channel.nio.NioEventLoop.run(NioEventLoop.java:458)
	at org.apache.ratis.thirdparty.io.netty.util.concurrent.SingleThreadEventExecutor$5.run(SingleThreadEventExecutor.java:897)
	at org.apache.ratis.thirdparty.io.netty.util.concurrent.FastThreadLocalRunnable.run(FastThreadLocalRunnable.java:30)
	... 1 more
Caused by: java.net.ConnectException: Connection refused
	... 11 more
2019-10-21 04:27:52,561 [omNode-1@group-523986131536-LeaderElection18] INFO  impl.RaftServerImpl (RaftServerImpl.java:setRole(170)) - omNode-1@group-523986131536: changes role from CANDIDATE to FOLLOWER at term 11 for DISCOVERED_A_NEW_TERM
2019-10-21 04:27:52,561 [omNode-1@group-523986131536-LeaderElection18] INFO  impl.RoleInfo (RoleInfo.java:shutdownLeaderElection(134)) - omNode-1: shutdown LeaderElection
2019-10-21 04:27:52,561 [omNode-1@group-523986131536-LeaderElection18] INFO  impl.RoleInfo (RoleInfo.java:updateAndGet(143)) - omNode-1: start FollowerState
2019-10-21 04:27:52,581 [omNode-2@group-523986131536-LeaderElection19] INFO  impl.LeaderElection (LeaderElection.java:askForVotes(178)) - omNode-2@group-523986131536-LeaderElection19: begin an election at term 12 for -1: [omNode-3:localhost:13128, omNode-1:localhost:13116, omNode-2:localhost:13122], old=null
2019-10-21 04:27:52,581 [omNode-2@group-523986131536-LeaderElection19] INFO  impl.LeaderElection (LeaderElection.java:logAndReturn(56)) - omNode-2@group-523986131536-LeaderElection19: Election REJECTED; received 0 response(s) [] and 0 exception(s); omNode-2@group-523986131536:t12, leader=null, voted=omNode-2, raftlog=omNode-2@group-523986131536-SegmentedRaftLog:OPENED:c-1,f-1,i0, conf=-1: [omNode-3:localhost:13128, omNode-1:localhost:13116, omNode-2:localhost:13122], old=null
2019-10-21 04:27:52,584 [grpc-default-executor-1] INFO  impl.RaftServerImpl (RaftServerImpl.java:setRole(170)) - omNode-1@group-523986131536: changes role from  FOLLOWER to FOLLOWER at term 12 for recognizeCandidate:omNode-2
2019-10-21 04:27:52,584 [grpc-default-executor-1] INFO  impl.RoleInfo (RoleInfo.java:shutdownFollowerState(121)) - omNode-1: shutdown FollowerState
2019-10-21 04:27:52,584 [grpc-default-executor-1] INFO  impl.RoleInfo (RoleInfo.java:updateAndGet(143)) - omNode-1: start FollowerState
2019-10-21 04:27:52,585 [Thread-1038] INFO  impl.FollowerState (FollowerState.java:run(117)) - omNode-1@group-523986131536-FollowerState was interrupted: java.lang.InterruptedException: sleep interrupted
2019-10-21 04:27:52,739 [Thread-812] WARN  scm.HddsServerUtil (HddsServerUtil.java:getDefaultRatisDirectory(354)) - Storage directory for Ratis is not configured. It is a good idea to map this to an SSD disk. Falling back to ozone.metadata.dirs
2019-10-21 04:27:52,739 [Thread-812] INFO  ratis.OzoneManagerRatisServer (OzoneManagerRatisServer.java:<init>(243)) - Instantiating OM Ratis server with GroupID: om-service-test1 and Raft Peers: localhost:13128, localhost:13116, localhost:13122
2019-10-21 04:27:52,740 [Thread-812] INFO  impl.RaftServerProxy (ConfUtils.java:logGet(43)) - raft.rpc.type = GRPC (default)
2019-10-21 04:27:52,740 [Thread-812] INFO  grpc.GrpcFactory (GrpcFactory.java:checkPooledByteBufAllocatorUseCacheForAllThreads(45)) - PERFORMANCE WARNING: useCacheForAllThreads is true that may cause Netty to create a lot garbage objects and, as a result, trigger GC.
	It is recommended to disable useCacheForAllThreads by setting -Dorg.apache.ratis.thirdparty.io.netty.allocator.useCacheForAllThreads=false in command line.
2019-10-21 04:27:52,741 [Thread-812] INFO  grpc.GrpcConfigKeys$Server (ConfUtils.java:logGet(43)) - raft.grpc.server.port = 13128 (custom)
2019-10-21 04:27:52,741 [Thread-812] INFO  server.GrpcService (ConfUtils.java:logGet(43)) - raft.grpc.message.size.max = 33554432 (custom)
2019-10-21 04:27:52,741 [Thread-812] INFO  server.RaftServerConfigKeys (ConfUtils.java:logGet(43)) - raft.server.log.appender.buffer.byte-limit = 33554432 (custom)
2019-10-21 04:27:52,741 [Thread-812] INFO  server.GrpcService (ConfUtils.java:logGet(43)) - raft.grpc.flow.control.window = 1MB (=1048576) (default)
2019-10-21 04:27:52,741 [Thread-812] INFO  server.RaftServerConfigKeys (ConfUtils.java:logGet(43)) - raft.server.rpc.request.timeout = 3000ms (default)
2019-10-21 04:27:52,742 [Thread-812] INFO  server.RaftServerConfigKeys (ConfUtils.java:logGet(43)) - raft.server.storage.dir = [/workdir/hadoop-ozone/integration-test/target/test-dir/MiniOzoneClusterImpl-1fb6c0c1-dc02-460f-8f1c-066ce42e20b0/omNode-3/ratis] (custom)
2019-10-21 04:27:52,742 [Thread-812] INFO  impl.RaftServerProxy (RaftServerProxy.java:addNew(89)) - omNode-3: addNew group-523986131536:[omNode-3:localhost:13128, omNode-1:localhost:13116, omNode-2:localhost:13122] returns group-523986131536:java.util.concurrent.CompletableFuture@35ad843[Not completed]
2019-10-21 04:27:52,743 [pool-211-thread-1] INFO  impl.RaftServerImpl (RaftServerImpl.java:<init>(95)) - omNode-3: new RaftServerImpl for group-523986131536:[omNode-3:localhost:13128, omNode-1:localhost:13116, omNode-2:localhost:13122] with OzoneManagerStateMachine:uninitialized
2019-10-21 04:27:52,743 [Thread-812] INFO  om.OzoneManager (OzoneManager.java:initializeRatisServer(1217)) - OzoneManager Ratis server initialized at port 13128
2019-10-21 04:27:52,744 [pool-211-thread-1] INFO  server.RaftServerConfigKeys (ConfUtils.java:logGet(43)) - raft.server.rpc.timeout.min = 1s (custom)
2019-10-21 04:27:52,744 [Thread-812] WARN  scm.HddsServerUtil (HddsServerUtil.java:getDefaultRatisDirectory(354)) - Storage directory for Ratis is not configured. It is a good idea to map this to an SSD disk. Falling back to ozone.metadata.dirs
2019-10-21 04:27:52,744 [pool-211-thread-1] INFO  server.RaftServerConfigKeys (ConfUtils.java:logGet(43)) - raft.server.rpc.timeout.max = 1200ms (custom)
2019-10-21 04:27:52,744 [Thread-812] WARN  scm.HddsServerUtil (HddsServerUtil.java:getDefaultRatisDirectory(354)) - Storage directory for Ratis is not configured. It is a good idea to map this to an SSD disk. Falling back to ozone.metadata.dirs
2019-10-21 04:27:52,744 [pool-211-thread-1] INFO  server.RaftServerConfigKeys (ConfUtils.java:logGet(43)) - raft.server.rpcslowness.timeout = 2s (custom)
2019-10-21 04:27:52,744 [pool-211-thread-1] INFO  server.RaftServerConfigKeys (ConfUtils.java:logGet(43)) - raft.server.sleep.deviation.threshold = 300 (default)
2019-10-21 04:27:52,744 [Thread-812] INFO  snapshot.OzoneManagerSnapshotProvider (OzoneManagerSnapshotProvider.java:<init>(81)) - Initializing OM Snapshot Provider
2019-10-21 04:27:52,744 [pool-211-thread-1] INFO  server.RaftServerConfigKeys (ConfUtils.java:logGet(43)) - raft.server.log.appender.install.snapshot.enabled = false (custom)
2019-10-21 04:27:52,745 [pool-211-thread-1] INFO  impl.RaftServerImpl (ServerState.java:<init>(103)) - omNode-3@group-523986131536: ConfigurationManager, init=-1: [omNode-3:localhost:13128, omNode-1:localhost:13116, omNode-2:localhost:13122], old=null, confs=<EMPTY_MAP>
2019-10-21 04:27:52,745 [pool-211-thread-1] INFO  server.RaftServerConfigKeys (ConfUtils.java:logGet(43)) - raft.server.storage.dir = [/workdir/hadoop-ozone/integration-test/target/test-dir/MiniOzoneClusterImpl-1fb6c0c1-dc02-460f-8f1c-066ce42e20b0/omNode-3/ratis] (custom)
2019-10-21 04:27:52,745 [pool-211-thread-1] INFO  server.RaftServerConfigKeys (ConfUtils.java:logGet(43)) - raft.server.log.corruption.policy = EXCEPTION (default)
2019-10-21 04:27:52,746 [pool-211-thread-1] INFO  storage.RaftStorageDirectory (RaftStorageDirectory.java:analyzeStorage(246)) - The storage directory /workdir/hadoop-ozone/integration-test/target/test-dir/MiniOzoneClusterImpl-1fb6c0c1-dc02-460f-8f1c-066ce42e20b0/omNode-3/ratis/c9bc4cf4-3bc3-3c60-a66b-523986131536 does not exist. Creating ...
2019-10-21 04:27:52,747 [Thread-812] INFO  ipc.CallQueueManager (CallQueueManager.java:<init>(84)) - Using callQueue: class java.util.concurrent.LinkedBlockingQueue, queueCapacity: 2000, scheduler: class org.apache.hadoop.ipc.DefaultRpcScheduler, ipcBackoff: false.
2019-10-21 04:27:52,747 [Socket Reader #1 for port 13124] INFO  ipc.Server (Server.java:run(1074)) - Starting Socket Reader #1 for port 13124
2019-10-21 04:27:52,763 [Thread-812] INFO  om.OzoneManager (OzoneManager.java:start(1071)) - OzoneManager RPC server is listening at localhost/127.0.0.1:13124
2019-10-21 04:27:52,763 [Thread-812] INFO  impl.MetricsSystemImpl (MetricsSystemImpl.java:init(158)) - OzoneManager metrics system started (again)
2019-10-21 04:27:52,763 [Thread-812] INFO  ratis.OzoneManagerRatisServer (OzoneManagerRatisServer.java:start(333)) - Starting OzoneManagerRatisServer omNode-3 at port 13128
2019-10-21 04:27:52,770 [pool-211-thread-1] INFO  storage.RaftStorageDirectory (RaftStorageDirectory.java:tryLock(328)) - Lock on /workdir/hadoop-ozone/integration-test/target/test-dir/MiniOzoneClusterImpl-1fb6c0c1-dc02-460f-8f1c-066ce42e20b0/omNode-3/ratis/c9bc4cf4-3bc3-3c60-a66b-523986131536/in_use.lock acquired by nodename 29612@pr-hdds-1569-252f9-3696506840
2019-10-21 04:27:52,795 [pool-211-thread-1] INFO  storage.RaftStorage (RaftStorage.java:format(84)) - Storage directory /workdir/hadoop-ozone/integration-test/target/test-dir/MiniOzoneClusterImpl-1fb6c0c1-dc02-460f-8f1c-066ce42e20b0/omNode-3/ratis/c9bc4cf4-3bc3-3c60-a66b-523986131536 has been successfully formatted.
2019-10-21 04:27:52,796 [pool-211-thread-1] INFO  server.RaftServerConfigKeys (ConfUtils.java:logGet(43)) - raft.server.notification.no-leader.timeout = 2s (custom)
2019-10-21 04:27:52,796 [pool-211-thread-1] INFO  server.RaftServerConfigKeys (ConfUtils.java:logGet(43)) - raft.server.log.use.memory = false (default)
2019-10-21 04:27:52,796 [pool-211-thread-1] INFO  server.RaftServerConfigKeys (ConfUtils.java:logGet(43)) - raft.server.log.purge.gap = 50 (custom)
2019-10-21 04:27:52,797 [pool-211-thread-1] INFO  server.RaftServerConfigKeys (ConfUtils.java:logGet(43)) - raft.server.log.appender.buffer.byte-limit = 33554432 (custom)
2019-10-21 04:27:52,797 [pool-211-thread-1] INFO  server.RaftServerConfigKeys (ConfUtils.java:logGet(43)) - raft.server.log.segment.size.max = 16384 (custom)
2019-10-21 04:27:52,797 [pool-211-thread-1] INFO  server.RaftServerConfigKeys (ConfUtils.java:logGet(43)) - raft.server.log.segment.cache.num.max = 2 (custom)
2019-10-21 04:27:52,797 [pool-211-thread-1] INFO  segmented.SegmentedRaftLogWorker (SegmentedRaftLogWorker.java:<init>(173)) - new omNode-3@group-523986131536-SegmentedRaftLogWorker for RaftStorage:Storage Directory /workdir/hadoop-ozone/integration-test/target/test-dir/MiniOzoneClusterImpl-1fb6c0c1-dc02-460f-8f1c-066ce42e20b0/omNode-3/ratis/c9bc4cf4-3bc3-3c60-a66b-523986131536
2019-10-21 04:27:52,797 [pool-211-thread-1] INFO  server.RaftServerConfigKeys (ConfUtils.java:logGet(43)) - raft.server.log.queue.byte-limit = 64MB (=67108864) (default)
2019-10-21 04:27:52,797 [pool-211-thread-1] INFO  server.RaftServerConfigKeys (ConfUtils.java:logGet(43)) - raft.server.log.queue.element-limit = 4096 (default)
2019-10-21 04:27:52,798 [pool-211-thread-1] INFO  server.RaftServerConfigKeys (ConfUtils.java:logGet(43)) - raft.server.log.segment.size.max = 16384 (custom)
2019-10-21 04:27:52,798 [pool-211-thread-1] INFO  server.RaftServerConfigKeys (ConfUtils.java:logGet(43)) - raft.server.log.preallocated.size = 16384 (custom)
2019-10-21 04:27:52,798 [pool-211-thread-1] INFO  server.RaftServerConfigKeys (ConfUtils.java:logGet(43)) - raft.server.log.write.buffer.size = 64KB (=65536) (default)
2019-10-21 04:27:52,798 [pool-211-thread-1] INFO  server.RaftServerConfigKeys (ConfUtils.java:logGet(43)) - raft.server.log.force.sync.num = 128 (default)
2019-10-21 04:27:52,798 [pool-211-thread-1] INFO  server.RaftServerConfigKeys (ConfUtils.java:logGet(43)) - raft.server.log.statemachine.data.sync = true (default)
2019-10-21 04:27:52,798 [pool-211-thread-1] INFO  server.RaftServerConfigKeys (ConfUtils.java:logGet(43)) - raft.server.log.statemachine.data.sync.timeout = 10s (default)
2019-10-21 04:27:52,798 [pool-211-thread-1] INFO  server.RaftServerConfigKeys (ConfUtils.java:logGet(43)) - raft.server.log.statemachine.data.sync.timeout.retry = -1 (default)
2019-10-21 04:27:52,799 [pool-211-thread-1] INFO  server.RaftServerConfigKeys (ConfUtils.java:logGet(43)) - raft.server.log.statemachine.data.caching.enabled = false (default)
2019-10-21 04:27:52,799 [pool-211-thread-1] INFO  segmented.SegmentedRaftLogWorker (SegmentedRaftLogWorker.java:lambda$new$0(128)) - omNode-3@group-523986131536-SegmentedRaftLogWorker: flushIndex: setUnconditionally 0 -> -1
2019-10-21 04:27:52,799 [pool-211-thread-1] INFO  server.RaftServerConfigKeys (ConfUtils.java:logGet(43)) - raft.server.snapshot.auto.trigger.enabled = true (custom)
2019-10-21 04:27:52,800 [pool-211-thread-1] INFO  server.RaftServerConfigKeys (ConfUtils.java:logGet(43)) - raft.server.snapshot.auto.trigger.threshold = 50 (custom)
2019-10-21 04:27:52,800 [pool-211-thread-1] INFO  server.RaftServerConfigKeys (ConfUtils.java:logGet(43)) - raft.server.snapshot.retention.file.num = -1 (default)
2019-10-21 04:27:52,800 [pool-211-thread-1] INFO  server.RaftServerConfigKeys (ConfUtils.java:logGet(43)) - raft.server.retrycache.expirytime = 600000ms (custom)
2019-10-21 04:27:52,801 [Thread-812] INFO  impl.RaftServerImpl (RaftServerImpl.java:start(181)) - omNode-3@group-523986131536: start as a follower, conf=-1: [omNode-3:localhost:13128, omNode-1:localhost:13116, omNode-2:localhost:13122], old=null
2019-10-21 04:27:52,801 [Thread-812] INFO  impl.RaftServerImpl (RaftServerImpl.java:setRole(170)) - omNode-3@group-523986131536: changes role from      null to FOLLOWER at term 0 for startAsFollower
2019-10-21 04:27:52,801 [Thread-812] INFO  impl.RoleInfo (RoleInfo.java:updateAndGet(143)) - omNode-3: start FollowerState
2019-10-21 04:27:52,802 [Thread-812] INFO  util.JmxRegister (JmxRegister.java:tryRegister(44)) - Successfully registered JMX Bean with object name Ratis:service=RaftServer,group=group-523986131536,id=omNode-3
2019-10-21 04:27:52,802 [Thread-812] INFO  impl.RaftServerProxy (RaftServerProxy.java:lambda$start$3(299)) - omNode-3: start RPC server
2019-10-21 04:27:52,804 [Thread-812] INFO  server.GrpcService (GrpcService.java:startImpl(158)) - omNode-3: GrpcService started, listening on 0.0.0.0/0.0.0.0:13128
2019-10-21 04:27:52,805 [IPC Server Responder] INFO  ipc.Server (Server.java:run(1314)) - IPC Server Responder: starting
2019-10-21 04:27:52,807 [IPC Server listener on 13124] INFO  ipc.Server (Server.java:run(1153)) - IPC Server listener on 13124: starting
2019-10-21 04:27:52,811 [Thread-812] INFO  hdfs.DFSUtil (DFSUtil.java:httpServerTemplateForNNAndJN(1641)) - Starting Web-server for ozoneManager at: http://0.0.0.0:13126
2019-10-21 04:27:52,812 [Thread-812] INFO  server.AuthenticationFilter (AuthenticationFilter.java:constructSecretProvider(240)) - Unable to initialize FileSignerSecretProvider, falling back to use random secrets.
2019-10-21 04:27:52,813 [Thread-812] WARN  http.HttpRequestLog (HttpRequestLog.java:getRequestLog(97)) - Jetty request log can only be enabled using Log4j
2019-10-21 04:27:52,814 [Thread-812] INFO  http.HttpServer2 (HttpServer2.java:addGlobalFilter(975)) - Added global filter 'safety' (class=org.apache.hadoop.http.HttpServer2$QuotingInputFilter)
2019-10-21 04:27:52,815 [Thread-812] INFO  http.HttpServer2 (HttpServer2.java:addFilter(948)) - Added filter static_user_filter (class=org.apache.hadoop.http.lib.StaticUserWebFilter$StaticUserFilter) to context ozoneManager
2019-10-21 04:27:52,815 [Thread-812] INFO  http.HttpServer2 (HttpServer2.java:addFilter(958)) - Added filter static_user_filter (class=org.apache.hadoop.http.lib.StaticUserWebFilter$StaticUserFilter) to context logs
2019-10-21 04:27:52,815 [Thread-812] INFO  http.HttpServer2 (HttpServer2.java:addFilter(958)) - Added filter static_user_filter (class=org.apache.hadoop.http.lib.StaticUserWebFilter$StaticUserFilter) to context static
2019-10-21 04:27:52,816 [Thread-812] INFO  http.HttpServer2 (HttpServer2.java:bindListener(1191)) - Jetty bound to port 13126
2019-10-21 04:27:52,816 [Thread-812] INFO  server.Server (Server.java:doStart(351)) - jetty-9.3.25.v20180904, build timestamp: 2018-09-04T21:11:46Z, git hash: 3ce520221d0240229c862b122d2b06c12a625732
2019-10-21 04:27:52,818 [Thread-812] INFO  handler.ContextHandler (ContextHandler.java:doStart(781)) - Started o.e.j.s.ServletContextHandler@b2e0d75{/logs,file:///workdir/hadoop-ozone/integration-test/target/log,AVAILABLE}
2019-10-21 04:27:52,818 [Thread-812] INFO  handler.ContextHandler (ContextHandler.java:doStart(781)) - Started o.e.j.s.ServletContextHandler@605fcbd4{/static,file:///workdir/hadoop-ozone/integration-test/target/test-classes/webapps/static,AVAILABLE}
2019-10-21 04:27:52,822 [Thread-812] INFO  handler.ContextHandler (ContextHandler.java:doStart(781)) - Started o.e.j.w.WebAppContext@244e30b{/,file:///workdir/hadoop-ozone/integration-test/target/test-classes/webapps/ozoneManager/,AVAILABLE}{/ozoneManager}
2019-10-21 04:27:52,823 [Thread-812] INFO  server.AbstractConnector (AbstractConnector.java:doStart(278)) - Started ServerConnector@3490d9e1{HTTP/1.1,[http/1.1]}{0.0.0.0:13126}
2019-10-21 04:27:52,823 [Thread-812] INFO  server.Server (Server.java:doStart(419)) - Started @100098ms
2019-10-21 04:27:52,823 [Thread-812] WARN  impl.MetricsSystemImpl (MetricsSystemImpl.java:register(276)) - Sink prometheus already exists!
2019-10-21 04:27:52,824 [Thread-812] INFO  server.BaseHttpServer (BaseHttpServer.java:updateConnectorAddress(215)) - HTTP server of OZONEMANAGER is listening at http://0.0.0.0:13126
2019-10-21 04:27:52,825 [Thread-812] INFO  ozone.MiniOzoneHAClusterImpl (MiniOzoneHAClusterImpl.java:createOMService(274)) - Started OzoneManager RPC server at localhost/127.0.0.1:13124
2019-10-21 04:27:52,828 [Thread-812] INFO  impl.MetricsSystemImpl (MetricsSystemImpl.java:init(158)) - HddsDatanode metrics system started (again)
2019-10-21 04:27:52,831 [Thread-812] INFO  ozone.HddsDatanodeService (HddsDatanodeService.java:start(184)) - HddsDatanodeService host:pr-hdds-1569-252f9-3696506840 ip:192.168.157.255
2019-10-21 04:27:52,838 [Thread-812] INFO  volume.HddsVolume (HddsVolume.java:<init>(176)) - Creating Volume: /workdir/hadoop-ozone/integration-test/target/test-dir/MiniOzoneClusterImpl-1fb6c0c1-dc02-460f-8f1c-066ce42e20b0/datanode-0/data/containers/hdds of  storage type : DISK and capacity : 1482555576320
2019-10-21 04:27:52,838 [Thread-812] INFO  volume.VolumeSet (VolumeSet.java:initializeVolumeSet(170)) - Added Volume : /workdir/hadoop-ozone/integration-test/target/test-dir/MiniOzoneClusterImpl-1fb6c0c1-dc02-460f-8f1c-066ce42e20b0/datanode-0/data/containers/hdds to VolumeSet
2019-10-21 04:27:52,839 [Thread-812] INFO  volume.ThrottledAsyncChecker (ThrottledAsyncChecker.java:schedule(141)) - Scheduling a check for org.apache.hadoop.ozone.container.common.volume.HddsVolume@2f43697
2019-10-21 04:27:52,840 [Thread-812] INFO  volume.HddsVolumeChecker (HddsVolumeChecker.java:checkAllVolumes(204)) - Scheduled health check for volume org.apache.hadoop.ozone.container.common.volume.HddsVolume@2f43697
2019-10-21 04:27:52,853 [Thread-812] INFO  impl.RaftServerProxy (ConfUtils.java:logGet(43)) - raft.rpc.type = GRPC (default)
2019-10-21 04:27:52,853 [Thread-812] INFO  grpc.GrpcFactory (GrpcFactory.java:checkPooledByteBufAllocatorUseCacheForAllThreads(45)) - PERFORMANCE WARNING: useCacheForAllThreads is true that may cause Netty to create a lot garbage objects and, as a result, trigger GC.
	It is recommended to disable useCacheForAllThreads by setting -Dorg.apache.ratis.thirdparty.io.netty.allocator.useCacheForAllThreads=false in command line.
2019-10-21 04:27:52,854 [Thread-812] INFO  grpc.GrpcConfigKeys$Server (ConfUtils.java:logGet(43)) - raft.grpc.server.port = 0 (default)
2019-10-21 04:27:52,854 [Thread-812] INFO  server.GrpcService (ConfUtils.java:logGet(43)) - raft.grpc.message.size.max = 33570816 (custom)
2019-10-21 04:27:52,854 [Thread-812] INFO  server.RaftServerConfigKeys (ConfUtils.java:logGet(43)) - raft.server.log.appender.buffer.byte-limit = 33554432 (custom)
2019-10-21 04:27:52,854 [Thread-812] INFO  server.GrpcService (ConfUtils.java:logGet(43)) - raft.grpc.flow.control.window = 1MB (=1048576) (default)
2019-10-21 04:27:52,854 [Thread-812] INFO  server.RaftServerConfigKeys (ConfUtils.java:logGet(43)) - raft.server.rpc.request.timeout = 3000ms (default)
2019-10-21 04:27:52,854 [Thread-812] INFO  server.RaftServerConfigKeys (ConfUtils.java:logGet(43)) - raft.server.storage.dir = [/workdir/hadoop-ozone/integration-test/target/test-dir/MiniOzoneClusterImpl-1fb6c0c1-dc02-460f-8f1c-066ce42e20b0/datanode-0/data/ratis] (custom)
2019-10-21 04:27:52,856 [Thread-812] INFO  hdfs.DFSUtil (DFSUtil.java:httpServerTemplateForNNAndJN(1641)) - Starting Web-server for hddsDatanode at: http://0.0.0.0:0
2019-10-21 04:27:52,858 [Thread-812] INFO  server.AuthenticationFilter (AuthenticationFilter.java:constructSecretProvider(240)) - Unable to initialize FileSignerSecretProvider, falling back to use random secrets.
2019-10-21 04:27:52,858 [Thread-812] WARN  http.HttpRequestLog (HttpRequestLog.java:getRequestLog(97)) - Jetty request log can only be enabled using Log4j
2019-10-21 04:27:52,859 [Thread-812] INFO  http.HttpServer2 (HttpServer2.java:addGlobalFilter(975)) - Added global filter 'safety' (class=org.apache.hadoop.http.HttpServer2$QuotingInputFilter)
2019-10-21 04:27:52,860 [Thread-812] INFO  http.HttpServer2 (HttpServer2.java:addFilter(948)) - Added filter static_user_filter (class=org.apache.hadoop.http.lib.StaticUserWebFilter$StaticUserFilter) to context hddsDatanode
2019-10-21 04:27:52,860 [Thread-812] INFO  http.HttpServer2 (HttpServer2.java:addFilter(958)) - Added filter static_user_filter (class=org.apache.hadoop.http.lib.StaticUserWebFilter$StaticUserFilter) to context logs
2019-10-21 04:27:52,860 [Thread-812] INFO  http.HttpServer2 (HttpServer2.java:addFilter(958)) - Added filter static_user_filter (class=org.apache.hadoop.http.lib.StaticUserWebFilter$StaticUserFilter) to context static
2019-10-21 04:27:52,861 [Thread-812] INFO  http.HttpServer2 (HttpServer2.java:bindListener(1191)) - Jetty bound to port 41001
2019-10-21 04:27:52,861 [Thread-812] INFO  server.Server (Server.java:doStart(351)) - jetty-9.3.25.v20180904, build timestamp: 2018-09-04T21:11:46Z, git hash: 3ce520221d0240229c862b122d2b06c12a625732
2019-10-21 04:27:52,862 [Thread-812] INFO  handler.ContextHandler (ContextHandler.java:doStart(781)) - Started o.e.j.s.ServletContextHandler@7998c73e{/logs,file:///workdir/hadoop-ozone/integration-test/target/log,AVAILABLE}
2019-10-21 04:27:52,863 [Thread-812] INFO  handler.ContextHandler (ContextHandler.java:doStart(781)) - Started o.e.j.s.ServletContextHandler@3d6e26e7{/static,jar:file:/home/user/.m2/repository/org/apache/hadoop/hadoop-hdds-container-service/0.5.0-SNAPSHOT/hadoop-hdds-container-service-0.5.0-SNAPSHOT.jar!/webapps/static,AVAILABLE}
2019-10-21 04:27:52,893 [Thread-812] INFO  handler.ContextHandler (ContextHandler.java:doStart(781)) - Started o.e.j.w.WebAppContext@4363e5e1{/,file:///tmp/jetty-0.0.0.0-41001-hddsDatanode-_-any-2907655077656608274.dir/webapp/,AVAILABLE}{/hddsDatanode}
2019-10-21 04:27:52,894 [Thread-812] INFO  server.AbstractConnector (AbstractConnector.java:doStart(278)) - Started ServerConnector@edb3f60{HTTP/1.1,[http/1.1]}{0.0.0.0:41001}
2019-10-21 04:27:52,895 [Thread-812] INFO  server.Server (Server.java:doStart(419)) - Started @100169ms
2019-10-21 04:27:52,895 [Thread-812] WARN  impl.MetricsSystemImpl (MetricsSystemImpl.java:register(276)) - Sink prometheus already exists!
2019-10-21 04:27:52,896 [Thread-812] INFO  server.BaseHttpServer (BaseHttpServer.java:updateConnectorAddress(215)) - HTTP server of HDDSDATANODE is listening at http://0.0.0.0:41001
2019-10-21 04:27:52,896 [Thread-812] INFO  ozone.MiniOzoneClusterImpl (MiniOzoneClusterImpl.java:lambda$waitForClusterToBeReady$0(147)) - Waiting for cluster to be ready. Got 0 of 1 DN Heartbeats.
2019-10-21 04:27:52,898 [org.apache.hadoop.util.JvmPauseMonitor$Monitor@4c4e4d9d] INFO  util.JvmPauseMonitor (JvmPauseMonitor.java:run(188)) - Starting JVM pause monitor
2019-10-21 04:27:52,900 [Datanode State Machine Thread - 0] INFO  datanode.InitDatanodeState (InitDatanodeState.java:persistContainerDatanodeDetails(140)) - DatanodeDetails is persisted to /workdir/hadoop-ozone/integration-test/target/test-dir/MiniOzoneClusterImpl-1fb6c0c1-dc02-460f-8f1c-066ce42e20b0/datanode-0/meta/datanode.id
2019-10-21 04:27:53,606 [Thread-1037] INFO  impl.FollowerState (FollowerState.java:run(108)) - omNode-2@group-523986131536-FollowerState: change to CANDIDATE, lastRpcTime:1063ms, electionTimeout:1063ms
2019-10-21 04:27:53,607 [Thread-1037] INFO  impl.RoleInfo (RoleInfo.java:shutdownFollowerState(121)) - omNode-2: shutdown FollowerState
2019-10-21 04:27:53,607 [Thread-1037] INFO  impl.RaftServerImpl (RaftServerImpl.java:setRole(170)) - omNode-2@group-523986131536: changes role from  FOLLOWER to CANDIDATE at term 12 for changeToCandidate
2019-10-21 04:27:53,607 [Thread-1037] INFO  impl.RoleInfo (RoleInfo.java:updateAndGet(143)) - omNode-2: start LeaderElection
2019-10-21 04:27:53,725 [Thread-1041] INFO  impl.FollowerState (FollowerState.java:run(108)) - omNode-1@group-523986131536-FollowerState: change to CANDIDATE, lastRpcTime:1140ms, electionTimeout:1140ms
2019-10-21 04:27:53,725 [Thread-1041] INFO  impl.RoleInfo (RoleInfo.java:shutdownFollowerState(121)) - omNode-1: shutdown FollowerState
2019-10-21 04:27:53,726 [Thread-1041] INFO  impl.RaftServerImpl (RaftServerImpl.java:setRole(170)) - omNode-1@group-523986131536: changes role from  FOLLOWER to CANDIDATE at term 12 for changeToCandidate
2019-10-21 04:27:53,726 [Thread-1041] INFO  impl.RoleInfo (RoleInfo.java:updateAndGet(143)) - omNode-1: start LeaderElection
2019-10-21 04:27:53,897 [Thread-812] INFO  ozone.MiniOzoneClusterImpl (MiniOzoneClusterImpl.java:lambda$waitForClusterToBeReady$0(147)) - Waiting for cluster to be ready. Got 0 of 1 DN Heartbeats.
2019-10-21 04:27:53,979 [Thread-1048] INFO  impl.FollowerState (FollowerState.java:run(108)) - omNode-3@group-523986131536-FollowerState: change to CANDIDATE, lastRpcTime:1177ms, electionTimeout:1177ms
2019-10-21 04:27:53,979 [Thread-1048] INFO  impl.RoleInfo (RoleInfo.java:shutdownFollowerState(121)) - omNode-3: shutdown FollowerState
2019-10-21 04:27:53,979 [Thread-1048] INFO  impl.RaftServerImpl (RaftServerImpl.java:setRole(170)) - omNode-3@group-523986131536: changes role from  FOLLOWER to CANDIDATE at term 0 for changeToCandidate
2019-10-21 04:27:53,979 [Thread-1048] INFO  impl.RoleInfo (RoleInfo.java:updateAndGet(143)) - omNode-3: start LeaderElection
2019-10-21 04:27:54,645 [omNode-2@group-523986131536-LeaderElection20] INFO  impl.LeaderElection (LeaderElection.java:askForVotes(178)) - omNode-2@group-523986131536-LeaderElection20: begin an election at term 13 for -1: [omNode-3:localhost:13128, omNode-1:localhost:13116, omNode-2:localhost:13122], old=null
2019-10-21 04:27:54,645 [omNode-1@group-523986131536-LeaderElection21] INFO  impl.LeaderElection (LeaderElection.java:askForVotes(178)) - omNode-1@group-523986131536-LeaderElection21: begin an election at term 13 for -1: [omNode-3:localhost:13128, omNode-1:localhost:13116, omNode-2:localhost:13122], old=null
2019-10-21 04:27:54,646 [omNode-3@group-523986131536-LeaderElection22] INFO  impl.LeaderElection (LeaderElection.java:askForVotes(178)) - omNode-3@group-523986131536-LeaderElection22: begin an election at term 1 for -1: [omNode-3:localhost:13128, omNode-1:localhost:13116, omNode-2:localhost:13122], old=null
2019-10-21 04:27:54,647 [omNode-2@group-523986131536-LeaderElection20] INFO  impl.LeaderElection (LogUtils.java:infoOrTrace(149)) - omNode-2@group-523986131536-LeaderElection20 got exception when requesting votes: {}
java.util.concurrent.ExecutionException: org.apache.ratis.thirdparty.io.grpc.StatusRuntimeException: UNAVAILABLE: io exception
	at java.util.concurrent.FutureTask.report(FutureTask.java:122)
	at java.util.concurrent.FutureTask.get(FutureTask.java:192)
	at org.apache.ratis.server.impl.LeaderElection.waitForResults(LeaderElection.java:259)
	at org.apache.ratis.server.impl.LeaderElection.askForVotes(LeaderElection.java:197)
	at org.apache.ratis.server.impl.LeaderElection.run(LeaderElection.java:133)
	at java.lang.Thread.run(Thread.java:748)
Caused by: org.apache.ratis.thirdparty.io.grpc.StatusRuntimeException: UNAVAILABLE: io exception
	at org.apache.ratis.thirdparty.io.grpc.stub.ClientCalls.toStatusRuntimeException(ClientCalls.java:233)
	at org.apache.ratis.thirdparty.io.grpc.stub.ClientCalls.getUnchecked(ClientCalls.java:214)
	at org.apache.ratis.thirdparty.io.grpc.stub.ClientCalls.blockingUnaryCall(ClientCalls.java:139)
	at org.apache.ratis.proto.grpc.RaftServerProtocolServiceGrpc$RaftServerProtocolServiceBlockingStub.requestVote(RaftServerProtocolServiceGrpc.java:265)
	at org.apache.ratis.grpc.server.GrpcServerProtocolClient.requestVote(GrpcServerProtocolClient.java:99)
	at org.apache.ratis.grpc.server.GrpcService.requestVote(GrpcService.java:204)
	at org.apache.ratis.server.impl.LeaderElection.lambda$submitRequests$1(LeaderElection.java:234)
	at java.util.concurrent.FutureTask.run(FutureTask.java:266)
	at java.util.concurrent.Executors$RunnableAdapter.call(Executors.java:511)
	at java.util.concurrent.FutureTask.run(FutureTask.java:266)
	at java.util.concurrent.ThreadPoolExecutor.runWorker(ThreadPoolExecutor.java:1149)
	at java.util.concurrent.ThreadPoolExecutor$Worker.run(ThreadPoolExecutor.java:624)
	... 1 more
Caused by: org.apache.ratis.thirdparty.io.netty.channel.AbstractChannel$AnnotatedConnectException: Connection refused: localhost/127.0.0.1:13128
	at sun.nio.ch.SocketChannelImpl.checkConnect(Native Method)
	at sun.nio.ch.SocketChannelImpl.finishConnect(SocketChannelImpl.java:717)
	at org.apache.ratis.thirdparty.io.netty.channel.socket.nio.NioSocketChannel.doFinishConnect(NioSocketChannel.java:327)
	at org.apache.ratis.thirdparty.io.netty.channel.nio.AbstractNioChannel$AbstractNioUnsafe.finishConnect(AbstractNioChannel.java:340)
	at org.apache.ratis.thirdparty.io.netty.channel.nio.NioEventLoop.processSelectedKey(NioEventLoop.java:632)
	at org.apache.ratis.thirdparty.io.netty.channel.nio.NioEventLoop.processSelectedKeysOptimized(NioEventLoop.java:579)
	at org.apache.ratis.thirdparty.io.netty.channel.nio.NioEventLoop.processSelectedKeys(NioEventLoop.java:496)
	at org.apache.ratis.thirdparty.io.netty.channel.nio.NioEventLoop.run(NioEventLoop.java:458)
	at org.apache.ratis.thirdparty.io.netty.util.concurrent.SingleThreadEventExecutor$5.run(SingleThreadEventExecutor.java:897)
	at org.apache.ratis.thirdparty.io.netty.util.concurrent.FastThreadLocalRunnable.run(FastThreadLocalRunnable.java:30)
	... 1 more
Caused by: java.net.ConnectException: Connection refused
	... 11 more
2019-10-21 04:27:54,650 [omNode-1@group-523986131536-LeaderElection21] INFO  impl.LeaderElection (LogUtils.java:infoOrTrace(149)) - omNode-1@group-523986131536-LeaderElection21 got exception when requesting votes: {}
java.util.concurrent.ExecutionException: org.apache.ratis.thirdparty.io.grpc.StatusRuntimeException: UNAVAILABLE: io exception
	at java.util.concurrent.FutureTask.report(FutureTask.java:122)
	at java.util.concurrent.FutureTask.get(FutureTask.java:192)
	at org.apache.ratis.server.impl.LeaderElection.waitForResults(LeaderElection.java:259)
	at org.apache.ratis.server.impl.LeaderElection.askForVotes(LeaderElection.java:197)
	at org.apache.ratis.server.impl.LeaderElection.run(LeaderElection.java:133)
	at java.lang.Thread.run(Thread.java:748)
Caused by: org.apache.ratis.thirdparty.io.grpc.StatusRuntimeException: UNAVAILABLE: io exception
	at org.apache.ratis.thirdparty.io.grpc.stub.ClientCalls.toStatusRuntimeException(ClientCalls.java:233)
	at org.apache.ratis.thirdparty.io.grpc.stub.ClientCalls.getUnchecked(ClientCalls.java:214)
	at org.apache.ratis.thirdparty.io.grpc.stub.ClientCalls.blockingUnaryCall(ClientCalls.java:139)
	at org.apache.ratis.proto.grpc.RaftServerProtocolServiceGrpc$RaftServerProtocolServiceBlockingStub.requestVote(RaftServerProtocolServiceGrpc.java:265)
	at org.apache.ratis.grpc.server.GrpcServerProtocolClient.requestVote(GrpcServerProtocolClient.java:99)
	at org.apache.ratis.grpc.server.GrpcService.requestVote(GrpcService.java:204)
	at org.apache.ratis.server.impl.LeaderElection.lambda$submitRequests$1(LeaderElection.java:234)
	at java.util.concurrent.FutureTask.run(FutureTask.java:266)
	at java.util.concurrent.Executors$RunnableAdapter.call(Executors.java:511)
	at java.util.concurrent.FutureTask.run(FutureTask.java:266)
	at java.util.concurrent.ThreadPoolExecutor.runWorker(ThreadPoolExecutor.java:1149)
	at java.util.concurrent.ThreadPoolExecutor$Worker.run(ThreadPoolExecutor.java:624)
	... 1 more
Caused by: org.apache.ratis.thirdparty.io.netty.channel.AbstractChannel$AnnotatedConnectException: Connection refused: localhost/127.0.0.1:13128
	at sun.nio.ch.SocketChannelImpl.checkConnect(Native Method)
	at sun.nio.ch.SocketChannelImpl.finishConnect(SocketChannelImpl.java:717)
	at org.apache.ratis.thirdparty.io.netty.channel.socket.nio.NioSocketChannel.doFinishConnect(NioSocketChannel.java:327)
	at org.apache.ratis.thirdparty.io.netty.channel.nio.AbstractNioChannel$AbstractNioUnsafe.finishConnect(AbstractNioChannel.java:340)
	at org.apache.ratis.thirdparty.io.netty.channel.nio.NioEventLoop.processSelectedKey(NioEventLoop.java:632)
	at org.apache.ratis.thirdparty.io.netty.channel.nio.NioEventLoop.processSelectedKeysOptimized(NioEventLoop.java:579)
	at org.apache.ratis.thirdparty.io.netty.channel.nio.NioEventLoop.processSelectedKeys(NioEventLoop.java:496)
	at org.apache.ratis.thirdparty.io.netty.channel.nio.NioEventLoop.run(NioEventLoop.java:458)
	at org.apache.ratis.thirdparty.io.netty.util.concurrent.SingleThreadEventExecutor$5.run(SingleThreadEventExecutor.java:897)
	at org.apache.ratis.thirdparty.io.netty.util.concurrent.FastThreadLocalRunnable.run(FastThreadLocalRunnable.java:30)
	... 1 more
Caused by: java.net.ConnectException: Connection refused
	... 11 more
2019-10-21 04:27:54,664 [omNode-1@group-523986131536-LeaderElection21] INFO  impl.LeaderElection (LeaderElection.java:logAndReturn(56)) - omNode-1@group-523986131536-LeaderElection21: Election REJECTED; received 1 response(s) [omNode-1<-omNode-2#0:FAIL-t13] and 1 exception(s); omNode-1@group-523986131536:t13, leader=null, voted=omNode-1, raftlog=omNode-1@group-523986131536-SegmentedRaftLog:OPENED:c-1,f-1,i0, conf=-1: [omNode-3:localhost:13128, omNode-1:localhost:13116, omNode-2:localhost:13122], old=null
2019-10-21 04:27:54,664 [omNode-1@group-523986131536-LeaderElection21] INFO  impl.LeaderElection (LogUtils.java:infoOrTrace(149)) -   Exception 0: {}
java.util.concurrent.ExecutionException: org.apache.ratis.thirdparty.io.grpc.StatusRuntimeException: UNAVAILABLE: io exception
	at java.util.concurrent.FutureTask.report(FutureTask.java:122)
	at java.util.concurrent.FutureTask.get(FutureTask.java:192)
	at org.apache.ratis.server.impl.LeaderElection.waitForResults(LeaderElection.java:259)
	at org.apache.ratis.server.impl.LeaderElection.askForVotes(LeaderElection.java:197)
	at org.apache.ratis.server.impl.LeaderElection.run(LeaderElection.java:133)
	at java.lang.Thread.run(Thread.java:748)
Caused by: org.apache.ratis.thirdparty.io.grpc.StatusRuntimeException: UNAVAILABLE: io exception
	at org.apache.ratis.thirdparty.io.grpc.stub.ClientCalls.toStatusRuntimeException(ClientCalls.java:233)
	at org.apache.ratis.thirdparty.io.grpc.stub.ClientCalls.getUnchecked(ClientCalls.java:214)
	at org.apache.ratis.thirdparty.io.grpc.stub.ClientCalls.blockingUnaryCall(ClientCalls.java:139)
	at org.apache.ratis.proto.grpc.RaftServerProtocolServiceGrpc$RaftServerProtocolServiceBlockingStub.requestVote(RaftServerProtocolServiceGrpc.java:265)
	at org.apache.ratis.grpc.server.GrpcServerProtocolClient.requestVote(GrpcServerProtocolClient.java:99)
	at org.apache.ratis.grpc.server.GrpcService.requestVote(GrpcService.java:204)
	at org.apache.ratis.server.impl.LeaderElection.lambda$submitRequests$1(LeaderElection.java:234)
	at java.util.concurrent.FutureTask.run(FutureTask.java:266)
	at java.util.concurrent.Executors$RunnableAdapter.call(Executors.java:511)
	at java.util.concurrent.FutureTask.run(FutureTask.java:266)
	at java.util.concurrent.ThreadPoolExecutor.runWorker(ThreadPoolExecutor.java:1149)
	at java.util.concurrent.ThreadPoolExecutor$Worker.run(ThreadPoolExecutor.java:624)
	... 1 more
Caused by: org.apache.ratis.thirdparty.io.netty.channel.AbstractChannel$AnnotatedConnectException: Connection refused: localhost/127.0.0.1:13128
	at sun.nio.ch.SocketChannelImpl.checkConnect(Native Method)
	at sun.nio.ch.SocketChannelImpl.finishConnect(SocketChannelImpl.java:717)
	at org.apache.ratis.thirdparty.io.netty.channel.socket.nio.NioSocketChannel.doFinishConnect(NioSocketChannel.java:327)
	at org.apache.ratis.thirdparty.io.netty.channel.nio.AbstractNioChannel$AbstractNioUnsafe.finishConnect(AbstractNioChannel.java:340)
	at org.apache.ratis.thirdparty.io.netty.channel.nio.NioEventLoop.processSelectedKey(NioEventLoop.java:632)
	at org.apache.ratis.thirdparty.io.netty.channel.nio.NioEventLoop.processSelectedKeysOptimized(NioEventLoop.java:579)
	at org.apache.ratis.thirdparty.io.netty.channel.nio.NioEventLoop.processSelectedKeys(NioEventLoop.java:496)
	at org.apache.ratis.thirdparty.io.netty.channel.nio.NioEventLoop.run(NioEventLoop.java:458)
	at org.apache.ratis.thirdparty.io.netty.util.concurrent.SingleThreadEventExecutor$5.run(SingleThreadEventExecutor.java:897)
	at org.apache.ratis.thirdparty.io.netty.util.concurrent.FastThreadLocalRunnable.run(FastThreadLocalRunnable.java:30)
	... 1 more
Caused by: java.net.ConnectException: Connection refused
	... 11 more
2019-10-21 04:27:54,664 [omNode-2@group-523986131536-LeaderElection20] INFO  impl.LeaderElection (LeaderElection.java:logAndReturn(56)) - omNode-2@group-523986131536-LeaderElection20: Election REJECTED; received 1 response(s) [omNode-2<-omNode-1#0:FAIL-t13] and 1 exception(s); omNode-2@group-523986131536:t13, leader=null, voted=omNode-2, raftlog=omNode-2@group-523986131536-SegmentedRaftLog:OPENED:c-1,f-1,i0, conf=-1: [omNode-3:localhost:13128, omNode-1:localhost:13116, omNode-2:localhost:13122], old=null
2019-10-21 04:27:54,664 [omNode-1@group-523986131536-LeaderElection21] INFO  impl.RaftServerImpl (RaftServerImpl.java:setRole(170)) - omNode-1@group-523986131536: changes role from CANDIDATE to FOLLOWER at term 13 for DISCOVERED_A_NEW_TERM
2019-10-21 04:27:54,666 [omNode-1@group-523986131536-LeaderElection21] INFO  impl.RoleInfo (RoleInfo.java:shutdownLeaderElection(134)) - omNode-1: shutdown LeaderElection
2019-10-21 04:27:54,665 [omNode-2@group-523986131536-LeaderElection20] INFO  impl.LeaderElection (LogUtils.java:infoOrTrace(149)) -   Exception 0: {}
java.util.concurrent.ExecutionException: org.apache.ratis.thirdparty.io.grpc.StatusRuntimeException: UNAVAILABLE: io exception
	at java.util.concurrent.FutureTask.report(FutureTask.java:122)
	at java.util.concurrent.FutureTask.get(FutureTask.java:192)
	at org.apache.ratis.server.impl.LeaderElection.waitForResults(LeaderElection.java:259)
	at org.apache.ratis.server.impl.LeaderElection.askForVotes(LeaderElection.java:197)
	at org.apache.ratis.server.impl.LeaderElection.run(LeaderElection.java:133)
	at java.lang.Thread.run(Thread.java:748)
Caused by: org.apache.ratis.thirdparty.io.grpc.StatusRuntimeException: UNAVAILABLE: io exception
	at org.apache.ratis.thirdparty.io.grpc.stub.ClientCalls.toStatusRuntimeException(ClientCalls.java:233)
	at org.apache.ratis.thirdparty.io.grpc.stub.ClientCalls.getUnchecked(ClientCalls.java:214)
	at org.apache.ratis.thirdparty.io.grpc.stub.ClientCalls.blockingUnaryCall(ClientCalls.java:139)
	at org.apache.ratis.proto.grpc.RaftServerProtocolServiceGrpc$RaftServerProtocolServiceBlockingStub.requestVote(RaftServerProtocolServiceGrpc.java:265)
	at org.apache.ratis.grpc.server.GrpcServerProtocolClient.requestVote(GrpcServerProtocolClient.java:99)
	at org.apache.ratis.grpc.server.GrpcService.requestVote(GrpcService.java:204)
	at org.apache.ratis.server.impl.LeaderElection.lambda$submitRequests$1(LeaderElection.java:234)
	at java.util.concurrent.FutureTask.run(FutureTask.java:266)
	at java.util.concurrent.Executors$RunnableAdapter.call(Executors.java:511)
	at java.util.concurrent.FutureTask.run(FutureTask.java:266)
	at java.util.concurrent.ThreadPoolExecutor.runWorker(ThreadPoolExecutor.java:1149)
	at java.util.concurrent.ThreadPoolExecutor$Worker.run(ThreadPoolExecutor.java:624)
	... 1 more
Caused by: org.apache.ratis.thirdparty.io.netty.channel.AbstractChannel$AnnotatedConnectException: Connection refused: localhost/127.0.0.1:13128
	at sun.nio.ch.SocketChannelImpl.checkConnect(Native Method)
	at sun.nio.ch.SocketChannelImpl.finishConnect(SocketChannelImpl.java:717)
	at org.apache.ratis.thirdparty.io.netty.channel.socket.nio.NioSocketChannel.doFinishConnect(NioSocketChannel.java:327)
	at org.apache.ratis.thirdparty.io.netty.channel.nio.AbstractNioChannel$AbstractNioUnsafe.finishConnect(AbstractNioChannel.java:340)
	at org.apache.ratis.thirdparty.io.netty.channel.nio.NioEventLoop.processSelectedKey(NioEventLoop.java:632)
	at org.apache.ratis.thirdparty.io.netty.channel.nio.NioEventLoop.processSelectedKeysOptimized(NioEventLoop.java:579)
	at org.apache.ratis.thirdparty.io.netty.channel.nio.NioEventLoop.processSelectedKeys(NioEventLoop.java:496)
	at org.apache.ratis.thirdparty.io.netty.channel.nio.NioEventLoop.run(NioEventLoop.java:458)
	at org.apache.ratis.thirdparty.io.netty.util.concurrent.SingleThreadEventExecutor$5.run(SingleThreadEventExecutor.java:897)
	at org.apache.ratis.thirdparty.io.netty.util.concurrent.FastThreadLocalRunnable.run(FastThreadLocalRunnable.java:30)
	... 1 more
Caused by: java.net.ConnectException: Connection refused
	... 11 more
2019-10-21 04:27:54,666 [omNode-3@group-523986131536-LeaderElection22] INFO  impl.LeaderElection (LeaderElection.java:logAndReturn(56)) - omNode-3@group-523986131536-LeaderElection22: Election DISCOVERED_A_NEW_TERM; received 1 response(s) [omNode-3<-omNode-1#0:FAIL-t13] and 0 exception(s); omNode-3@group-523986131536:t1, leader=null, voted=omNode-3, raftlog=omNode-3@group-523986131536-SegmentedRaftLog:OPENED:c-1,f-1,i0, conf=-1: [omNode-3:localhost:13128, omNode-1:localhost:13116, omNode-2:localhost:13122], old=null
2019-10-21 04:27:54,666 [omNode-1@group-523986131536-LeaderElection21] INFO  impl.RoleInfo (RoleInfo.java:updateAndGet(143)) - omNode-1: start FollowerState
2019-10-21 04:27:54,667 [omNode-2@group-523986131536-LeaderElection20] INFO  impl.RaftServerImpl (RaftServerImpl.java:setRole(170)) - omNode-2@group-523986131536: changes role from CANDIDATE to FOLLOWER at term 13 for DISCOVERED_A_NEW_TERM
2019-10-21 04:27:54,669 [omNode-3@group-523986131536-LeaderElection22] INFO  impl.RaftServerImpl (RaftServerImpl.java:setRole(170)) - omNode-3@group-523986131536: changes role from CANDIDATE to FOLLOWER at term 13 for DISCOVERED_A_NEW_TERM
2019-10-21 04:27:54,670 [omNode-2@group-523986131536-LeaderElection20] INFO  impl.RoleInfo (RoleInfo.java:shutdownLeaderElection(134)) - omNode-2: shutdown LeaderElection
2019-10-21 04:27:54,670 [omNode-3@group-523986131536-LeaderElection22] INFO  impl.RoleInfo (RoleInfo.java:shutdownLeaderElection(134)) - omNode-3: shutdown LeaderElection
2019-10-21 04:27:54,670 [omNode-2@group-523986131536-LeaderElection20] INFO  impl.RoleInfo (RoleInfo.java:updateAndGet(143)) - omNode-2: start FollowerState
2019-10-21 04:27:54,670 [omNode-3@group-523986131536-LeaderElection22] INFO  impl.RoleInfo (RoleInfo.java:updateAndGet(143)) - omNode-3: start FollowerState
2019-10-21 04:27:54,898 [Thread-812] INFO  ozone.MiniOzoneClusterImpl (MiniOzoneClusterImpl.java:lambda$waitForClusterToBeReady$0(147)) - Waiting for cluster to be ready. Got 0 of 1 DN Heartbeats.
2019-10-21 04:27:55,182 [Datanode State Machine Thread - 0] INFO  ozoneimpl.OzoneContainer (OzoneContainer.java:start(213)) - Attempting to start container services.
2019-10-21 04:27:55,184 [Datanode State Machine Thread - 0] INFO  ozoneimpl.OzoneContainer (OzoneContainer.java:startContainerScrub(177)) - Background container scanner has been disabled.
2019-10-21 04:27:55,184 [Datanode State Machine Thread - 0] INFO  ratis.XceiverServerRatis (XceiverServerRatis.java:start(418)) - Starting XceiverServerRatis e88334ba-d102-4706-be47-06b0a2c68759 at port 0
2019-10-21 04:27:55,193 [Datanode State Machine Thread - 0] INFO  impl.RaftServerProxy (RaftServerProxy.java:lambda$start$3(299)) - e88334ba-d102-4706-be47-06b0a2c68759: start RPC server
2019-10-21 04:27:55,194 [Datanode State Machine Thread - 0] INFO  server.GrpcService (GrpcService.java:startImpl(158)) - e88334ba-d102-4706-be47-06b0a2c68759: GrpcService started, listening on 0.0.0.0/0.0.0.0:43230
2019-10-21 04:27:55,194 [Datanode State Machine Thread - 0] INFO  ratis.XceiverServerRatis (XceiverServerRatis.java:start(428)) - XceiverServerRatis e88334ba-d102-4706-be47-06b0a2c68759 is started using port 43230
2019-10-21 04:27:55,194 [Datanode State Machine Thread - 0] INFO  server.XceiverServerGrpc (XceiverServerGrpc.java:start(149)) - XceiverServerGrpc e88334ba-d102-4706-be47-06b0a2c68759 is started using port 36676
2019-10-21 04:27:55,732 [Thread-1104] INFO  impl.FollowerState (FollowerState.java:run(108)) - omNode-2@group-523986131536-FollowerState: change to CANDIDATE, lastRpcTime:1061ms, electionTimeout:1060ms
2019-10-21 04:27:55,732 [Thread-1104] INFO  impl.RoleInfo (RoleInfo.java:shutdownFollowerState(121)) - omNode-2: shutdown FollowerState
2019-10-21 04:27:55,732 [Thread-1104] INFO  impl.RaftServerImpl (RaftServerImpl.java:setRole(170)) - omNode-2@group-523986131536: changes role from  FOLLOWER to CANDIDATE at term 13 for changeToCandidate
2019-10-21 04:27:55,732 [Thread-1104] INFO  impl.RoleInfo (RoleInfo.java:updateAndGet(143)) - omNode-2: start LeaderElection
2019-10-21 04:27:55,798 [Thread-1105] INFO  impl.FollowerState (FollowerState.java:run(108)) - omNode-3@group-523986131536-FollowerState: change to CANDIDATE, lastRpcTime:1127ms, electionTimeout:1126ms
2019-10-21 04:27:55,798 [Thread-1105] INFO  impl.RoleInfo (RoleInfo.java:shutdownFollowerState(121)) - omNode-3: shutdown FollowerState
2019-10-21 04:27:55,798 [Thread-1105] INFO  impl.RaftServerImpl (RaftServerImpl.java:setRole(170)) - omNode-3@group-523986131536: changes role from  FOLLOWER to CANDIDATE at term 13 for changeToCandidate
2019-10-21 04:27:55,798 [Thread-1105] INFO  impl.RoleInfo (RoleInfo.java:updateAndGet(143)) - omNode-3: start LeaderElection
2019-10-21 04:27:55,868 [omNode-2@group-523986131536-LeaderElection23] INFO  impl.LeaderElection (LeaderElection.java:askForVotes(178)) - omNode-2@group-523986131536-LeaderElection23: begin an election at term 14 for -1: [omNode-3:localhost:13128, omNode-1:localhost:13116, omNode-2:localhost:13122], old=null
2019-10-21 04:27:55,868 [omNode-3@group-523986131536-LeaderElection24] INFO  impl.LeaderElection (LeaderElection.java:askForVotes(178)) - omNode-3@group-523986131536-LeaderElection24: begin an election at term 14 for -1: [omNode-3:localhost:13128, omNode-1:localhost:13116, omNode-2:localhost:13122], old=null
2019-10-21 04:27:55,869 [Thread-1103] INFO  impl.FollowerState (FollowerState.java:run(108)) - omNode-1@group-523986131536-FollowerState: change to CANDIDATE, lastRpcTime:1202ms, electionTimeout:1199ms
2019-10-21 04:27:55,869 [Thread-1103] INFO  impl.RoleInfo (RoleInfo.java:shutdownFollowerState(121)) - omNode-1: shutdown FollowerState
2019-10-21 04:27:55,869 [Thread-1103] INFO  impl.RaftServerImpl (RaftServerImpl.java:setRole(170)) - omNode-1@group-523986131536: changes role from  FOLLOWER to CANDIDATE at term 13 for changeToCandidate
2019-10-21 04:27:55,869 [Thread-1103] INFO  impl.RoleInfo (RoleInfo.java:updateAndGet(143)) - omNode-1: start LeaderElection
2019-10-21 04:27:55,898 [Thread-812] INFO  ozone.MiniOzoneClusterImpl (MiniOzoneClusterImpl.java:lambda$waitForClusterToBeReady$0(147)) - Waiting for cluster to be ready. Got 0 of 1 DN Heartbeats.
2019-10-21 04:27:55,899 [omNode-1@group-523986131536-LeaderElection25] INFO  impl.LeaderElection (LeaderElection.java:askForVotes(178)) - omNode-1@group-523986131536-LeaderElection25: begin an election at term 14 for -1: [omNode-3:localhost:13128, omNode-1:localhost:13116, omNode-2:localhost:13122], old=null
2019-10-21 04:27:55,900 [omNode-1@group-523986131536-LeaderElection25] INFO  impl.LeaderElection (LogUtils.java:infoOrTrace(149)) - omNode-1@group-523986131536-LeaderElection25 got exception when requesting votes: {}
java.util.concurrent.ExecutionException: org.apache.ratis.thirdparty.io.grpc.StatusRuntimeException: UNAVAILABLE: io exception
	at java.util.concurrent.FutureTask.report(FutureTask.java:122)
	at java.util.concurrent.FutureTask.get(FutureTask.java:192)
	at org.apache.ratis.server.impl.LeaderElection.waitForResults(LeaderElection.java:259)
	at org.apache.ratis.server.impl.LeaderElection.askForVotes(LeaderElection.java:197)
	at org.apache.ratis.server.impl.LeaderElection.run(LeaderElection.java:133)
	at java.lang.Thread.run(Thread.java:748)
Caused by: org.apache.ratis.thirdparty.io.grpc.StatusRuntimeException: UNAVAILABLE: io exception
	at org.apache.ratis.thirdparty.io.grpc.stub.ClientCalls.toStatusRuntimeException(ClientCalls.java:233)
	at org.apache.ratis.thirdparty.io.grpc.stub.ClientCalls.getUnchecked(ClientCalls.java:214)
	at org.apache.ratis.thirdparty.io.grpc.stub.ClientCalls.blockingUnaryCall(ClientCalls.java:139)
	at org.apache.ratis.proto.grpc.RaftServerProtocolServiceGrpc$RaftServerProtocolServiceBlockingStub.requestVote(RaftServerProtocolServiceGrpc.java:265)
	at org.apache.ratis.grpc.server.GrpcServerProtocolClient.requestVote(GrpcServerProtocolClient.java:99)
	at org.apache.ratis.grpc.server.GrpcService.requestVote(GrpcService.java:204)
	at org.apache.ratis.server.impl.LeaderElection.lambda$submitRequests$1(LeaderElection.java:234)
	at java.util.concurrent.FutureTask.run(FutureTask.java:266)
	at java.util.concurrent.Executors$RunnableAdapter.call(Executors.java:511)
	at java.util.concurrent.FutureTask.run(FutureTask.java:266)
	at java.util.concurrent.ThreadPoolExecutor.runWorker(ThreadPoolExecutor.java:1149)
	at java.util.concurrent.ThreadPoolExecutor$Worker.run(ThreadPoolExecutor.java:624)
	... 1 more
Caused by: org.apache.ratis.thirdparty.io.netty.channel.AbstractChannel$AnnotatedConnectException: Connection refused: localhost/127.0.0.1:13128
	at sun.nio.ch.SocketChannelImpl.checkConnect(Native Method)
	at sun.nio.ch.SocketChannelImpl.finishConnect(SocketChannelImpl.java:717)
	at org.apache.ratis.thirdparty.io.netty.channel.socket.nio.NioSocketChannel.doFinishConnect(NioSocketChannel.java:327)
	at org.apache.ratis.thirdparty.io.netty.channel.nio.AbstractNioChannel$AbstractNioUnsafe.finishConnect(AbstractNioChannel.java:340)
	at org.apache.ratis.thirdparty.io.netty.channel.nio.NioEventLoop.processSelectedKey(NioEventLoop.java:632)
	at org.apache.ratis.thirdparty.io.netty.channel.nio.NioEventLoop.processSelectedKeysOptimized(NioEventLoop.java:579)
	at org.apache.ratis.thirdparty.io.netty.channel.nio.NioEventLoop.processSelectedKeys(NioEventLoop.java:496)
	at org.apache.ratis.thirdparty.io.netty.channel.nio.NioEventLoop.run(NioEventLoop.java:458)
	at org.apache.ratis.thirdparty.io.netty.util.concurrent.SingleThreadEventExecutor$5.run(SingleThreadEventExecutor.java:897)
	at org.apache.ratis.thirdparty.io.netty.util.concurrent.FastThreadLocalRunnable.run(FastThreadLocalRunnable.java:30)
	... 1 more
Caused by: java.net.ConnectException: Connection refused
	... 11 more
2019-10-21 04:27:55,902 [omNode-3@group-523986131536-LeaderElection24] INFO  impl.LeaderElection (LeaderElection.java:logAndReturn(56)) - omNode-3@group-523986131536-LeaderElection24: Election REJECTED; received 2 response(s) [omNode-3<-omNode-1#0:FAIL-t14, omNode-3<-omNode-2#0:FAIL-t14] and 0 exception(s); omNode-3@group-523986131536:t14, leader=null, voted=omNode-3, raftlog=omNode-3@group-523986131536-SegmentedRaftLog:OPENED:c-1,f-1,i0, conf=-1: [omNode-3:localhost:13128, omNode-1:localhost:13116, omNode-2:localhost:13122], old=null
2019-10-21 04:27:55,901 [omNode-2@group-523986131536-LeaderElection23] INFO  impl.LeaderElection (LeaderElection.java:logAndReturn(56)) - omNode-2@group-523986131536-LeaderElection23: Election REJECTED; received 2 response(s) [omNode-2<-omNode-3#0:FAIL-t14, omNode-2<-omNode-1#0:FAIL-t14] and 0 exception(s); omNode-2@group-523986131536:t14, leader=null, voted=omNode-2, raftlog=omNode-2@group-523986131536-SegmentedRaftLog:OPENED:c-1,f-1,i0, conf=-1: [omNode-3:localhost:13128, omNode-1:localhost:13116, omNode-2:localhost:13122], old=null
2019-10-21 04:27:55,904 [omNode-2@group-523986131536-LeaderElection23] INFO  impl.RaftServerImpl (RaftServerImpl.java:setRole(170)) - omNode-2@group-523986131536: changes role from CANDIDATE to FOLLOWER at term 14 for DISCOVERED_A_NEW_TERM
2019-10-21 04:27:55,904 [omNode-3@group-523986131536-LeaderElection24] INFO  impl.RaftServerImpl (RaftServerImpl.java:setRole(170)) - omNode-3@group-523986131536: changes role from CANDIDATE to FOLLOWER at term 14 for DISCOVERED_A_NEW_TERM
2019-10-21 04:27:55,906 [omNode-3@group-523986131536-LeaderElection24] INFO  impl.RoleInfo (RoleInfo.java:shutdownLeaderElection(134)) - omNode-3: shutdown LeaderElection
2019-10-21 04:27:55,906 [omNode-2@group-523986131536-LeaderElection23] INFO  impl.RoleInfo (RoleInfo.java:shutdownLeaderElection(134)) - omNode-2: shutdown LeaderElection
2019-10-21 04:27:55,906 [omNode-3@group-523986131536-LeaderElection24] INFO  impl.RoleInfo (RoleInfo.java:updateAndGet(143)) - omNode-3: start FollowerState
2019-10-21 04:27:55,907 [omNode-2@group-523986131536-LeaderElection23] INFO  impl.RoleInfo (RoleInfo.java:updateAndGet(143)) - omNode-2: start FollowerState
2019-10-21 04:27:55,910 [omNode-1@group-523986131536-LeaderElection25] INFO  impl.LeaderElection (LeaderElection.java:logAndReturn(56)) - omNode-1@group-523986131536-LeaderElection25: Election REJECTED; received 1 response(s) [omNode-1<-omNode-2#0:FAIL-t14] and 1 exception(s); omNode-1@group-523986131536:t14, leader=null, voted=omNode-1, raftlog=omNode-1@group-523986131536-SegmentedRaftLog:OPENED:c-1,f-1,i0, conf=-1: [omNode-3:localhost:13128, omNode-1:localhost:13116, omNode-2:localhost:13122], old=null
2019-10-21 04:27:55,910 [omNode-1@group-523986131536-LeaderElection25] INFO  impl.LeaderElection (LogUtils.java:infoOrTrace(149)) -   Exception 0: {}
java.util.concurrent.ExecutionException: org.apache.ratis.thirdparty.io.grpc.StatusRuntimeException: UNAVAILABLE: io exception
	at java.util.concurrent.FutureTask.report(FutureTask.java:122)
	at java.util.concurrent.FutureTask.get(FutureTask.java:192)
	at org.apache.ratis.server.impl.LeaderElection.waitForResults(LeaderElection.java:259)
	at org.apache.ratis.server.impl.LeaderElection.askForVotes(LeaderElection.java:197)
	at org.apache.ratis.server.impl.LeaderElection.run(LeaderElection.java:133)
	at java.lang.Thread.run(Thread.java:748)
Caused by: org.apache.ratis.thirdparty.io.grpc.StatusRuntimeException: UNAVAILABLE: io exception
	at org.apache.ratis.thirdparty.io.grpc.stub.ClientCalls.toStatusRuntimeException(ClientCalls.java:233)
	at org.apache.ratis.thirdparty.io.grpc.stub.ClientCalls.getUnchecked(ClientCalls.java:214)
	at org.apache.ratis.thirdparty.io.grpc.stub.ClientCalls.blockingUnaryCall(ClientCalls.java:139)
	at org.apache.ratis.proto.grpc.RaftServerProtocolServiceGrpc$RaftServerProtocolServiceBlockingStub.requestVote(RaftServerProtocolServiceGrpc.java:265)
	at org.apache.ratis.grpc.server.GrpcServerProtocolClient.requestVote(GrpcServerProtocolClient.java:99)
	at org.apache.ratis.grpc.server.GrpcService.requestVote(GrpcService.java:204)
	at org.apache.ratis.server.impl.LeaderElection.lambda$submitRequests$1(LeaderElection.java:234)
	at java.util.concurrent.FutureTask.run(FutureTask.java:266)
	at java.util.concurrent.Executors$RunnableAdapter.call(Executors.java:511)
	at java.util.concurrent.FutureTask.run(FutureTask.java:266)
	at java.util.concurrent.ThreadPoolExecutor.runWorker(ThreadPoolExecutor.java:1149)
	at java.util.concurrent.ThreadPoolExecutor$Worker.run(ThreadPoolExecutor.java:624)
	... 1 more
Caused by: org.apache.ratis.thirdparty.io.netty.channel.AbstractChannel$AnnotatedConnectException: Connection refused: localhost/127.0.0.1:13128
	at sun.nio.ch.SocketChannelImpl.checkConnect(Native Method)
	at sun.nio.ch.SocketChannelImpl.finishConnect(SocketChannelImpl.java:717)
	at org.apache.ratis.thirdparty.io.netty.channel.socket.nio.NioSocketChannel.doFinishConnect(NioSocketChannel.java:327)
	at org.apache.ratis.thirdparty.io.netty.channel.nio.AbstractNioChannel$AbstractNioUnsafe.finishConnect(AbstractNioChannel.java:340)
	at org.apache.ratis.thirdparty.io.netty.channel.nio.NioEventLoop.processSelectedKey(NioEventLoop.java:632)
	at org.apache.ratis.thirdparty.io.netty.channel.nio.NioEventLoop.processSelectedKeysOptimized(NioEventLoop.java:579)
	at org.apache.ratis.thirdparty.io.netty.channel.nio.NioEventLoop.processSelectedKeys(NioEventLoop.java:496)
	at org.apache.ratis.thirdparty.io.netty.channel.nio.NioEventLoop.run(NioEventLoop.java:458)
	at org.apache.ratis.thirdparty.io.netty.util.concurrent.SingleThreadEventExecutor$5.run(SingleThreadEventExecutor.java:897)
	at org.apache.ratis.thirdparty.io.netty.util.concurrent.FastThreadLocalRunnable.run(FastThreadLocalRunnable.java:30)
	... 1 more
Caused by: java.net.ConnectException: Connection refused
	... 11 more
2019-10-21 04:27:55,910 [omNode-1@group-523986131536-LeaderElection25] INFO  impl.RaftServerImpl (RaftServerImpl.java:setRole(170)) - omNode-1@group-523986131536: changes role from CANDIDATE to FOLLOWER at term 14 for DISCOVERED_A_NEW_TERM
2019-10-21 04:27:55,914 [omNode-1@group-523986131536-LeaderElection25] INFO  impl.RoleInfo (RoleInfo.java:shutdownLeaderElection(134)) - omNode-1: shutdown LeaderElection
2019-10-21 04:27:55,914 [omNode-1@group-523986131536-LeaderElection25] INFO  impl.RoleInfo (RoleInfo.java:updateAndGet(143)) - omNode-1: start FollowerState
2019-10-21 04:27:56,898 [Thread-812] INFO  ozone.MiniOzoneClusterImpl (MiniOzoneClusterImpl.java:lambda$waitForClusterToBeReady$0(147)) - Waiting for cluster to be ready. Got 0 of 1 DN Heartbeats.
2019-10-21 04:27:56,902 [IPC Server handler 0 on 34804] INFO  net.NetworkTopology (NetworkTopologyImpl.java:add(111)) - Added a new node: /default-rack/e88334ba-d102-4706-be47-06b0a2c68759
2019-10-21 04:27:56,903 [IPC Server handler 0 on 34804] INFO  node.SCMNodeManager (SCMNodeManager.java:register(268)) - Registered Data node : e88334ba-d102-4706-be47-06b0a2c68759{ip: 192.168.157.255, host: pr-hdds-1569-252f9-3696506840, networkLocation: /default-rack, certSerialId: null}
2019-10-21 04:27:56,905 [EventQueue-NodeRegistrationContainerReportForDataNodeSafeModeRule] INFO  safemode.SCMSafeModeManager (DataNodeSafeModeRule.java:process(71)) - SCM in safe mode. 1 DataNodes registered, 1 required.
2019-10-21 04:27:56,906 [EventQueue-NodeRegistrationContainerReportForDataNodeSafeModeRule] INFO  safemode.SCMSafeModeManager (SCMSafeModeManager.java:validateSafeModeExitRules(177)) - ScmSafeModeManager, all rules are successfully validated
2019-10-21 04:27:56,906 [EventQueue-NodeRegistrationContainerReportForDataNodeSafeModeRule] INFO  safemode.SCMSafeModeManager (SCMSafeModeManager.java:exitSafeMode(193)) - SCM exiting safe mode.
2019-10-21 04:27:56,916 [grpc-default-executor-0] INFO  impl.RaftServerProxy (RaftServerProxy.java:addNew(89)) - e88334ba-d102-4706-be47-06b0a2c68759: addNew group-D5CA9574176E:[e88334ba-d102-4706-be47-06b0a2c68759:192.168.157.255:43230] returns group-D5CA9574176E:java.util.concurrent.CompletableFuture@8ef11e6[Not completed]
2019-10-21 04:27:56,917 [pool-219-thread-1] INFO  impl.RaftServerImpl (RaftServerImpl.java:<init>(95)) - e88334ba-d102-4706-be47-06b0a2c68759: new RaftServerImpl for group-D5CA9574176E:[e88334ba-d102-4706-be47-06b0a2c68759:192.168.157.255:43230] with ContainerStateMachine:uninitialized
2019-10-21 04:27:56,918 [pool-219-thread-1] INFO  server.RaftServerConfigKeys (ConfUtils.java:logGet(43)) - raft.server.rpc.timeout.min = 5s (custom)
2019-10-21 04:27:56,918 [pool-219-thread-1] INFO  server.RaftServerConfigKeys (ConfUtils.java:logGet(43)) - raft.server.rpc.timeout.max = 5200ms (custom)
2019-10-21 04:27:56,918 [pool-219-thread-1] INFO  server.RaftServerConfigKeys (ConfUtils.java:logGet(43)) - raft.server.rpcslowness.timeout = 120s (custom)
2019-10-21 04:27:56,919 [pool-219-thread-1] INFO  server.RaftServerConfigKeys (ConfUtils.java:logGet(43)) - raft.server.sleep.deviation.threshold = 300 (default)
2019-10-21 04:27:56,919 [pool-219-thread-1] INFO  server.RaftServerConfigKeys (ConfUtils.java:logGet(43)) - raft.server.log.appender.install.snapshot.enabled = false (custom)
2019-10-21 04:27:56,919 [pool-219-thread-1] INFO  impl.RaftServerImpl (ServerState.java:<init>(103)) - e88334ba-d102-4706-be47-06b0a2c68759@group-D5CA9574176E: ConfigurationManager, init=-1: [e88334ba-d102-4706-be47-06b0a2c68759:192.168.157.255:43230], old=null, confs=<EMPTY_MAP>
2019-10-21 04:27:56,919 [pool-219-thread-1] INFO  server.RaftServerConfigKeys (ConfUtils.java:logGet(43)) - raft.server.storage.dir = [/workdir/hadoop-ozone/integration-test/target/test-dir/MiniOzoneClusterImpl-1fb6c0c1-dc02-460f-8f1c-066ce42e20b0/datanode-0/data/ratis] (custom)
2019-10-21 04:27:56,919 [pool-219-thread-1] INFO  server.RaftServerConfigKeys (ConfUtils.java:logGet(43)) - raft.server.log.corruption.policy = EXCEPTION (default)
2019-10-21 04:27:56,919 [pool-219-thread-1] INFO  storage.RaftStorageDirectory (RaftStorageDirectory.java:analyzeStorage(246)) - The storage directory /workdir/hadoop-ozone/integration-test/target/test-dir/MiniOzoneClusterImpl-1fb6c0c1-dc02-460f-8f1c-066ce42e20b0/datanode-0/data/ratis/56adf038-fcce-4fa1-aa24-d5ca9574176e does not exist. Creating ...
2019-10-21 04:27:56,990 [Thread-1120] INFO  impl.FollowerState (FollowerState.java:run(108)) - omNode-1@group-523986131536-FollowerState: change to CANDIDATE, lastRpcTime:1076ms, electionTimeout:1076ms
2019-10-21 04:27:56,990 [Thread-1120] INFO  impl.RoleInfo (RoleInfo.java:shutdownFollowerState(121)) - omNode-1: shutdown FollowerState
2019-10-21 04:27:56,990 [Thread-1120] INFO  impl.RaftServerImpl (RaftServerImpl.java:setRole(170)) - omNode-1@group-523986131536: changes role from  FOLLOWER to CANDIDATE at term 14 for changeToCandidate
2019-10-21 04:27:56,991 [Thread-1120] INFO  impl.RoleInfo (RoleInfo.java:updateAndGet(143)) - omNode-1: start LeaderElection
2019-10-21 04:27:57,000 [Thread-1119] INFO  impl.FollowerState (FollowerState.java:run(108)) - omNode-2@group-523986131536-FollowerState: change to CANDIDATE, lastRpcTime:1093ms, electionTimeout:1092ms
2019-10-21 04:27:57,001 [Thread-1119] INFO  impl.RoleInfo (RoleInfo.java:shutdownFollowerState(121)) - omNode-2: shutdown FollowerState
2019-10-21 04:27:57,001 [Thread-1119] INFO  impl.RaftServerImpl (RaftServerImpl.java:setRole(170)) - omNode-2@group-523986131536: changes role from  FOLLOWER to CANDIDATE at term 14 for changeToCandidate
2019-10-21 04:27:57,001 [Thread-1119] INFO  impl.RoleInfo (RoleInfo.java:updateAndGet(143)) - omNode-2: start LeaderElection
2019-10-21 04:27:57,050 [pool-219-thread-1] INFO  storage.RaftStorageDirectory (RaftStorageDirectory.java:tryLock(328)) - Lock on /workdir/hadoop-ozone/integration-test/target/test-dir/MiniOzoneClusterImpl-1fb6c0c1-dc02-460f-8f1c-066ce42e20b0/datanode-0/data/ratis/56adf038-fcce-4fa1-aa24-d5ca9574176e/in_use.lock acquired by nodename 29612@pr-hdds-1569-252f9-3696506840
2019-10-21 04:27:57,067 [Thread-1118] INFO  impl.FollowerState (FollowerState.java:run(108)) - omNode-3@group-523986131536-FollowerState: change to CANDIDATE, lastRpcTime:1160ms, electionTimeout:1159ms
2019-10-21 04:27:57,067 [Thread-1118] INFO  impl.RoleInfo (RoleInfo.java:shutdownFollowerState(121)) - omNode-3: shutdown FollowerState
2019-10-21 04:27:57,067 [Thread-1118] INFO  impl.RaftServerImpl (RaftServerImpl.java:setRole(170)) - omNode-3@group-523986131536: changes role from  FOLLOWER to CANDIDATE at term 14 for changeToCandidate
2019-10-21 04:27:57,067 [Thread-1118] INFO  impl.RoleInfo (RoleInfo.java:updateAndGet(143)) - omNode-3: start LeaderElection
2019-10-21 04:27:57,213 [omNode-1@group-523986131536-LeaderElection26] INFO  impl.LeaderElection (LeaderElection.java:askForVotes(178)) - omNode-1@group-523986131536-LeaderElection26: begin an election at term 15 for -1: [omNode-3:localhost:13128, omNode-1:localhost:13116, omNode-2:localhost:13122], old=null
2019-10-21 04:27:57,213 [omNode-2@group-523986131536-LeaderElection27] INFO  impl.LeaderElection (LeaderElection.java:askForVotes(178)) - omNode-2@group-523986131536-LeaderElection27: begin an election at term 15 for -1: [omNode-3:localhost:13128, omNode-1:localhost:13116, omNode-2:localhost:13122], old=null
2019-10-21 04:27:57,214 [omNode-1@group-523986131536-LeaderElection26] INFO  impl.LeaderElection (LogUtils.java:infoOrTrace(149)) - omNode-1@group-523986131536-LeaderElection26 got exception when requesting votes: {}
java.util.concurrent.ExecutionException: org.apache.ratis.thirdparty.io.grpc.StatusRuntimeException: UNAVAILABLE: io exception
	at java.util.concurrent.FutureTask.report(FutureTask.java:122)
	at java.util.concurrent.FutureTask.get(FutureTask.java:192)
	at org.apache.ratis.server.impl.LeaderElection.waitForResults(LeaderElection.java:259)
	at org.apache.ratis.server.impl.LeaderElection.askForVotes(LeaderElection.java:197)
	at org.apache.ratis.server.impl.LeaderElection.run(LeaderElection.java:133)
	at java.lang.Thread.run(Thread.java:748)
Caused by: org.apache.ratis.thirdparty.io.grpc.StatusRuntimeException: UNAVAILABLE: io exception
	at org.apache.ratis.thirdparty.io.grpc.stub.ClientCalls.toStatusRuntimeException(ClientCalls.java:233)
	at org.apache.ratis.thirdparty.io.grpc.stub.ClientCalls.getUnchecked(ClientCalls.java:214)
	at org.apache.ratis.thirdparty.io.grpc.stub.ClientCalls.blockingUnaryCall(ClientCalls.java:139)
	at org.apache.ratis.proto.grpc.RaftServerProtocolServiceGrpc$RaftServerProtocolServiceBlockingStub.requestVote(RaftServerProtocolServiceGrpc.java:265)
	at org.apache.ratis.grpc.server.GrpcServerProtocolClient.requestVote(GrpcServerProtocolClient.java:99)
	at org.apache.ratis.grpc.server.GrpcService.requestVote(GrpcService.java:204)
	at org.apache.ratis.server.impl.LeaderElection.lambda$submitRequests$1(LeaderElection.java:234)
	at java.util.concurrent.FutureTask.run(FutureTask.java:266)
	at java.util.concurrent.Executors$RunnableAdapter.call(Executors.java:511)
	at java.util.concurrent.FutureTask.run(FutureTask.java:266)
	at java.util.concurrent.ThreadPoolExecutor.runWorker(ThreadPoolExecutor.java:1149)
	at java.util.concurrent.ThreadPoolExecutor$Worker.run(ThreadPoolExecutor.java:624)
	... 1 more
Caused by: org.apache.ratis.thirdparty.io.netty.channel.AbstractChannel$AnnotatedConnectException: Connection refused: localhost/127.0.0.1:13128
	at sun.nio.ch.SocketChannelImpl.checkConnect(Native Method)
	at sun.nio.ch.SocketChannelImpl.finishConnect(SocketChannelImpl.java:717)
	at org.apache.ratis.thirdparty.io.netty.channel.socket.nio.NioSocketChannel.doFinishConnect(NioSocketChannel.java:327)
	at org.apache.ratis.thirdparty.io.netty.channel.nio.AbstractNioChannel$AbstractNioUnsafe.finishConnect(AbstractNioChannel.java:340)
	at org.apache.ratis.thirdparty.io.netty.channel.nio.NioEventLoop.processSelectedKey(NioEventLoop.java:632)
	at org.apache.ratis.thirdparty.io.netty.channel.nio.NioEventLoop.processSelectedKeysOptimized(NioEventLoop.java:579)
	at org.apache.ratis.thirdparty.io.netty.channel.nio.NioEventLoop.processSelectedKeys(NioEventLoop.java:496)
	at org.apache.ratis.thirdparty.io.netty.channel.nio.NioEventLoop.run(NioEventLoop.java:458)
	at org.apache.ratis.thirdparty.io.netty.util.concurrent.SingleThreadEventExecutor$5.run(SingleThreadEventExecutor.java:897)
	at org.apache.ratis.thirdparty.io.netty.util.concurrent.FastThreadLocalRunnable.run(FastThreadLocalRunnable.java:30)
	... 1 more
Caused by: java.net.ConnectException: Connection refused
	... 11 more
2019-10-21 04:27:57,220 [omNode-1@group-523986131536-LeaderElection26] INFO  impl.LeaderElection (LeaderElection.java:logAndReturn(56)) - omNode-1@group-523986131536-LeaderElection26: Election REJECTED; received 1 response(s) [omNode-1<-omNode-2#0:FAIL-t15] and 1 exception(s); omNode-1@group-523986131536:t15, leader=null, voted=omNode-1, raftlog=omNode-1@group-523986131536-SegmentedRaftLog:OPENED:c-1,f-1,i0, conf=-1: [omNode-3:localhost:13128, omNode-1:localhost:13116, omNode-2:localhost:13122], old=null
2019-10-21 04:27:57,220 [omNode-1@group-523986131536-LeaderElection26] INFO  impl.LeaderElection (LogUtils.java:infoOrTrace(149)) -   Exception 0: {}
java.util.concurrent.ExecutionException: org.apache.ratis.thirdparty.io.grpc.StatusRuntimeException: UNAVAILABLE: io exception
	at java.util.concurrent.FutureTask.report(FutureTask.java:122)
	at java.util.concurrent.FutureTask.get(FutureTask.java:192)
	at org.apache.ratis.server.impl.LeaderElection.waitForResults(LeaderElection.java:259)
	at org.apache.ratis.server.impl.LeaderElection.askForVotes(LeaderElection.java:197)
	at org.apache.ratis.server.impl.LeaderElection.run(LeaderElection.java:133)
	at java.lang.Thread.run(Thread.java:748)
Caused by: org.apache.ratis.thirdparty.io.grpc.StatusRuntimeException: UNAVAILABLE: io exception
	at org.apache.ratis.thirdparty.io.grpc.stub.ClientCalls.toStatusRuntimeException(ClientCalls.java:233)
	at org.apache.ratis.thirdparty.io.grpc.stub.ClientCalls.getUnchecked(ClientCalls.java:214)
	at org.apache.ratis.thirdparty.io.grpc.stub.ClientCalls.blockingUnaryCall(ClientCalls.java:139)
	at org.apache.ratis.proto.grpc.RaftServerProtocolServiceGrpc$RaftServerProtocolServiceBlockingStub.requestVote(RaftServerProtocolServiceGrpc.java:265)
	at org.apache.ratis.grpc.server.GrpcServerProtocolClient.requestVote(GrpcServerProtocolClient.java:99)
	at org.apache.ratis.grpc.server.GrpcService.requestVote(GrpcService.java:204)
	at org.apache.ratis.server.impl.LeaderElection.lambda$submitRequests$1(LeaderElection.java:234)
	at java.util.concurrent.FutureTask.run(FutureTask.java:266)
	at java.util.concurrent.Executors$RunnableAdapter.call(Executors.java:511)
	at java.util.concurrent.FutureTask.run(FutureTask.java:266)
	at java.util.concurrent.ThreadPoolExecutor.runWorker(ThreadPoolExecutor.java:1149)
	at java.util.concurrent.ThreadPoolExecutor$Worker.run(ThreadPoolExecutor.java:624)
	... 1 more
Caused by: org.apache.ratis.thirdparty.io.netty.channel.AbstractChannel$AnnotatedConnectException: Connection refused: localhost/127.0.0.1:13128
	at sun.nio.ch.SocketChannelImpl.checkConnect(Native Method)
	at sun.nio.ch.SocketChannelImpl.finishConnect(SocketChannelImpl.java:717)
	at org.apache.ratis.thirdparty.io.netty.channel.socket.nio.NioSocketChannel.doFinishConnect(NioSocketChannel.java:327)
	at org.apache.ratis.thirdparty.io.netty.channel.nio.AbstractNioChannel$AbstractNioUnsafe.finishConnect(AbstractNioChannel.java:340)
	at org.apache.ratis.thirdparty.io.netty.channel.nio.NioEventLoop.processSelectedKey(NioEventLoop.java:632)
	at org.apache.ratis.thirdparty.io.netty.channel.nio.NioEventLoop.processSelectedKeysOptimized(NioEventLoop.java:579)
	at org.apache.ratis.thirdparty.io.netty.channel.nio.NioEventLoop.processSelectedKeys(NioEventLoop.java:496)
	at org.apache.ratis.thirdparty.io.netty.channel.nio.NioEventLoop.run(NioEventLoop.java:458)
	at org.apache.ratis.thirdparty.io.netty.util.concurrent.SingleThreadEventExecutor$5.run(SingleThreadEventExecutor.java:897)
	at org.apache.ratis.thirdparty.io.netty.util.concurrent.FastThreadLocalRunnable.run(FastThreadLocalRunnable.java:30)
	... 1 more
Caused by: java.net.ConnectException: Connection refused
	... 11 more
2019-10-21 04:27:57,221 [omNode-1@group-523986131536-LeaderElection26] INFO  impl.RaftServerImpl (RaftServerImpl.java:setRole(170)) - omNode-1@group-523986131536: changes role from CANDIDATE to FOLLOWER at term 15 for DISCOVERED_A_NEW_TERM
2019-10-21 04:27:57,221 [omNode-1@group-523986131536-LeaderElection26] INFO  impl.RoleInfo (RoleInfo.java:shutdownLeaderElection(134)) - omNode-1: shutdown LeaderElection
2019-10-21 04:27:57,221 [omNode-1@group-523986131536-LeaderElection26] INFO  impl.RoleInfo (RoleInfo.java:updateAndGet(143)) - omNode-1: start FollowerState
2019-10-21 04:27:57,241 [pool-219-thread-1] INFO  storage.RaftStorage (RaftStorage.java:format(84)) - Storage directory /workdir/hadoop-ozone/integration-test/target/test-dir/MiniOzoneClusterImpl-1fb6c0c1-dc02-460f-8f1c-066ce42e20b0/datanode-0/data/ratis/56adf038-fcce-4fa1-aa24-d5ca9574176e has been successfully formatted.
2019-10-21 04:27:57,241 [omNode-3@group-523986131536-LeaderElection28] INFO  impl.LeaderElection (LeaderElection.java:askForVotes(178)) - omNode-3@group-523986131536-LeaderElection28: begin an election at term 15 for -1: [omNode-3:localhost:13128, omNode-1:localhost:13116, omNode-2:localhost:13122], old=null
2019-10-21 04:27:57,241 [pool-219-thread-1] INFO  ratis.ContainerStateMachine (ContainerStateMachine.java:loadSnapshot(231)) - group-D5CA9574176E: The snapshot info is null. Setting the last applied indexto:(t:0, i:~)
2019-10-21 04:27:57,241 [pool-219-thread-1] INFO  server.RaftServerConfigKeys (ConfUtils.java:logGet(43)) - raft.server.notification.no-leader.timeout = 120s (custom)
2019-10-21 04:27:57,242 [pool-219-thread-1] INFO  server.RaftServerConfigKeys (ConfUtils.java:logGet(43)) - raft.server.log.use.memory = false (default)
2019-10-21 04:27:57,242 [pool-219-thread-1] INFO  server.RaftServerConfigKeys (ConfUtils.java:logGet(43)) - raft.server.log.purge.gap = 1000000 (custom)
2019-10-21 04:27:57,242 [pool-219-thread-1] INFO  server.RaftServerConfigKeys (ConfUtils.java:logGet(43)) - raft.server.log.appender.buffer.byte-limit = 33554432 (custom)
2019-10-21 04:27:57,242 [pool-219-thread-1] INFO  server.RaftServerConfigKeys (ConfUtils.java:logGet(43)) - raft.server.log.segment.size.max = 1048576 (custom)
2019-10-21 04:27:57,242 [omNode-2@group-523986131536-LeaderElection27] INFO  impl.LeaderElection (LeaderElection.java:logAndReturn(56)) - omNode-2@group-523986131536-LeaderElection27: Election REJECTED; received 2 response(s) [omNode-2<-omNode-3#0:FAIL-t15, omNode-2<-omNode-1#0:FAIL-t15] and 0 exception(s); omNode-2@group-523986131536:t15, leader=null, voted=omNode-2, raftlog=omNode-2@group-523986131536-SegmentedRaftLog:OPENED:c-1,f-1,i0, conf=-1: [omNode-3:localhost:13128, omNode-1:localhost:13116, omNode-2:localhost:13122], old=null
2019-10-21 04:27:57,243 [omNode-2@group-523986131536-LeaderElection27] INFO  impl.RaftServerImpl (RaftServerImpl.java:setRole(170)) - omNode-2@group-523986131536: changes role from CANDIDATE to FOLLOWER at term 15 for DISCOVERED_A_NEW_TERM
2019-10-21 04:27:57,243 [omNode-2@group-523986131536-LeaderElection27] INFO  impl.RoleInfo (RoleInfo.java:shutdownLeaderElection(134)) - omNode-2: shutdown LeaderElection
2019-10-21 04:27:57,243 [omNode-2@group-523986131536-LeaderElection27] INFO  impl.RoleInfo (RoleInfo.java:updateAndGet(143)) - omNode-2: start FollowerState
2019-10-21 04:27:57,247 [omNode-3@group-523986131536-LeaderElection28] INFO  impl.LeaderElection (LeaderElection.java:logAndReturn(56)) - omNode-3@group-523986131536-LeaderElection28: Election REJECTED; received 2 response(s) [omNode-3<-omNode-1#0:FAIL-t15, omNode-3<-omNode-2#0:FAIL-t15] and 0 exception(s); omNode-3@group-523986131536:t15, leader=null, voted=omNode-3, raftlog=omNode-3@group-523986131536-SegmentedRaftLog:OPENED:c-1,f-1,i0, conf=-1: [omNode-3:localhost:13128, omNode-1:localhost:13116, omNode-2:localhost:13122], old=null
2019-10-21 04:27:57,247 [pool-219-thread-1] INFO  server.RaftServerConfigKeys (ConfUtils.java:logGet(43)) - raft.server.log.segment.cache.num.max = 2 (custom)
2019-10-21 04:27:57,248 [omNode-3@group-523986131536-LeaderElection28] INFO  impl.RaftServerImpl (RaftServerImpl.java:setRole(170)) - omNode-3@group-523986131536: changes role from CANDIDATE to FOLLOWER at term 15 for DISCOVERED_A_NEW_TERM
2019-10-21 04:27:57,249 [pool-219-thread-1] INFO  segmented.SegmentedRaftLogWorker (SegmentedRaftLogWorker.java:<init>(173)) - new e88334ba-d102-4706-be47-06b0a2c68759@group-D5CA9574176E-SegmentedRaftLogWorker for RaftStorage:Storage Directory /workdir/hadoop-ozone/integration-test/target/test-dir/MiniOzoneClusterImpl-1fb6c0c1-dc02-460f-8f1c-066ce42e20b0/datanode-0/data/ratis/56adf038-fcce-4fa1-aa24-d5ca9574176e
2019-10-21 04:27:57,249 [omNode-3@group-523986131536-LeaderElection28] INFO  impl.RoleInfo (RoleInfo.java:shutdownLeaderElection(134)) - omNode-3: shutdown LeaderElection
2019-10-21 04:27:57,249 [pool-219-thread-1] INFO  server.RaftServerConfigKeys (ConfUtils.java:logGet(43)) - raft.server.log.queue.byte-limit = 2147483647 (custom)
2019-10-21 04:27:57,249 [omNode-3@group-523986131536-LeaderElection28] INFO  impl.RoleInfo (RoleInfo.java:updateAndGet(143)) - omNode-3: start FollowerState
2019-10-21 04:27:57,249 [pool-219-thread-1] INFO  server.RaftServerConfigKeys (ConfUtils.java:logGet(43)) - raft.server.log.queue.element-limit = 1024 (custom)
2019-10-21 04:27:57,249 [pool-219-thread-1] INFO  server.RaftServerConfigKeys (ConfUtils.java:logGet(43)) - raft.server.log.segment.size.max = 1048576 (custom)
2019-10-21 04:27:57,249 [pool-219-thread-1] INFO  server.RaftServerConfigKeys (ConfUtils.java:logGet(43)) - raft.server.log.preallocated.size = 16384 (custom)
2019-10-21 04:27:57,249 [pool-219-thread-1] INFO  server.RaftServerConfigKeys (ConfUtils.java:logGet(43)) - raft.server.log.write.buffer.size = 33554432 (custom)
2019-10-21 04:27:57,249 [pool-219-thread-1] INFO  server.RaftServerConfigKeys (ConfUtils.java:logGet(43)) - raft.server.log.force.sync.num = 128 (default)
2019-10-21 04:27:57,249 [pool-219-thread-1] INFO  server.RaftServerConfigKeys (ConfUtils.java:logGet(43)) - raft.server.log.statemachine.data.sync = true (default)
2019-10-21 04:27:57,250 [pool-219-thread-1] INFO  server.RaftServerConfigKeys (ConfUtils.java:logGet(43)) - raft.server.log.statemachine.data.sync.timeout = 10s (default)
2019-10-21 04:27:57,250 [pool-219-thread-1] INFO  server.RaftServerConfigKeys (ConfUtils.java:logGet(43)) - raft.server.log.statemachine.data.sync.timeout.retry = -1 (default)
2019-10-21 04:27:57,250 [pool-219-thread-1] INFO  server.RaftServerConfigKeys (ConfUtils.java:logGet(43)) - raft.server.log.statemachine.data.caching.enabled = true (custom)
2019-10-21 04:27:57,250 [pool-219-thread-1] INFO  segmented.SegmentedRaftLogWorker (SegmentedRaftLogWorker.java:lambda$new$0(128)) - e88334ba-d102-4706-be47-06b0a2c68759@group-D5CA9574176E-SegmentedRaftLogWorker: flushIndex: setUnconditionally 0 -> -1
2019-10-21 04:27:57,251 [pool-219-thread-1] INFO  server.RaftServerConfigKeys (ConfUtils.java:logGet(43)) - raft.server.snapshot.auto.trigger.enabled = true (custom)
2019-10-21 04:27:57,251 [pool-219-thread-1] INFO  server.RaftServerConfigKeys (ConfUtils.java:logGet(43)) - raft.server.snapshot.auto.trigger.threshold = 10000 (custom)
2019-10-21 04:27:57,251 [pool-219-thread-1] INFO  server.RaftServerConfigKeys (ConfUtils.java:logGet(43)) - raft.server.snapshot.retention.file.num = 5 (custom)
2019-10-21 04:27:57,251 [pool-219-thread-1] INFO  server.RaftServerConfigKeys (ConfUtils.java:logGet(43)) - raft.server.retrycache.expirytime = 600000ms (custom)
2019-10-21 04:27:57,253 [pool-219-thread-1] INFO  impl.RaftServerImpl (RaftServerImpl.java:start(181)) - e88334ba-d102-4706-be47-06b0a2c68759@group-D5CA9574176E: start as a follower, conf=-1: [e88334ba-d102-4706-be47-06b0a2c68759:192.168.157.255:43230], old=null
2019-10-21 04:27:57,253 [pool-219-thread-1] INFO  impl.RaftServerImpl (RaftServerImpl.java:setRole(170)) - e88334ba-d102-4706-be47-06b0a2c68759@group-D5CA9574176E: changes role from      null to FOLLOWER at term 0 for startAsFollower
2019-10-21 04:27:57,253 [pool-219-thread-1] INFO  impl.RoleInfo (RoleInfo.java:updateAndGet(143)) - e88334ba-d102-4706-be47-06b0a2c68759: start FollowerState
2019-10-21 04:27:57,253 [pool-219-thread-1] INFO  util.JmxRegister (JmxRegister.java:tryRegister(44)) - Successfully registered JMX Bean with object name Ratis:service=RaftServer,group=group-D5CA9574176E,id=e88334ba-d102-4706-be47-06b0a2c68759
2019-10-21 04:27:57,260 [RatisPipelineUtilsThread] INFO  pipeline.PipelineStateManager (PipelineStateManager.java:addPipeline(56)) - Created pipeline Pipeline[ Id: 56adf038-fcce-4fa1-aa24-d5ca9574176e, Nodes: e88334ba-d102-4706-be47-06b0a2c68759{ip: 192.168.157.255, host: pr-hdds-1569-252f9-3696506840, networkLocation: /default-rack, certSerialId: null}, Type:RATIS, Factor:ONE, State:OPEN]
2019-10-21 04:27:57,260 [RatisPipelineUtilsThread] ERROR pipeline.SCMPipelineManager (SCMPipelineManager.java:createPipeline(205)) - Pipeline creation failed.
org.apache.hadoop.hdds.scm.exceptions.SCMException: Cannot create pipeline of factor 1 using 0 nodes. Used 1 nodes. Healthy nodes 1
	at org.apache.hadoop.hdds.scm.pipeline.RatisPipelineProvider.pickNodesNeverUsed(RatisPipelineProvider.java:120)
	at org.apache.hadoop.hdds.scm.pipeline.RatisPipelineProvider.create(RatisPipelineProvider.java:132)
	at org.apache.hadoop.hdds.scm.pipeline.PipelineFactory.create(PipelineFactory.java:58)
	at org.apache.hadoop.hdds.scm.pipeline.SCMPipelineManager.createPipeline(SCMPipelineManager.java:195)
	at org.apache.hadoop.hdds.scm.pipeline.BackgroundPipelineCreator.createPipelines(BackgroundPipelineCreator.java:100)
	at java.util.concurrent.Executors$RunnableAdapter.call(Executors.java:511)
	at java.util.concurrent.FutureTask.run(FutureTask.java:266)
	at java.util.concurrent.ScheduledThreadPoolExecutor$ScheduledFutureTask.access$201(ScheduledThreadPoolExecutor.java:180)
	at java.util.concurrent.ScheduledThreadPoolExecutor$ScheduledFutureTask.run(ScheduledThreadPoolExecutor.java:293)
	at java.util.concurrent.ThreadPoolExecutor.runWorker(ThreadPoolExecutor.java:1149)
	at java.util.concurrent.ThreadPoolExecutor$Worker.run(ThreadPoolExecutor.java:624)
	at java.lang.Thread.run(Thread.java:748)
2019-10-21 04:27:57,261 [RatisPipelineUtilsThread] ERROR pipeline.PipelinePlacementPolicy (PipelinePlacementPolicy.java:filterViableNodes(144)) - Not enough healthy nodes to allocate pipeline. 3  datanodes required. Found 1
2019-10-21 04:27:57,261 [RatisPipelineUtilsThread] ERROR pipeline.SCMPipelineManager (SCMPipelineManager.java:createPipeline(205)) - Pipeline creation failed.
org.apache.hadoop.hdds.scm.exceptions.SCMException: Not enough healthy nodes to allocate pipeline. 3  datanodes required. Found 1
	at org.apache.hadoop.hdds.scm.pipeline.PipelinePlacementPolicy.filterViableNodes(PipelinePlacementPolicy.java:145)
	at org.apache.hadoop.hdds.scm.pipeline.PipelinePlacementPolicy.chooseDatanodes(PipelinePlacementPolicy.java:186)
	at org.apache.hadoop.hdds.scm.pipeline.RatisPipelineProvider.create(RatisPipelineProvider.java:135)
	at org.apache.hadoop.hdds.scm.pipeline.PipelineFactory.create(PipelineFactory.java:58)
	at org.apache.hadoop.hdds.scm.pipeline.SCMPipelineManager.createPipeline(SCMPipelineManager.java:195)
	at org.apache.hadoop.hdds.scm.pipeline.BackgroundPipelineCreator.createPipelines(BackgroundPipelineCreator.java:100)
	at java.util.concurrent.Executors$RunnableAdapter.call(Executors.java:511)
	at java.util.concurrent.FutureTask.run(FutureTask.java:266)
	at java.util.concurrent.ScheduledThreadPoolExecutor$ScheduledFutureTask.access$201(ScheduledThreadPoolExecutor.java:180)
	at java.util.concurrent.ScheduledThreadPoolExecutor$ScheduledFutureTask.run(ScheduledThreadPoolExecutor.java:293)
	at java.util.concurrent.ThreadPoolExecutor.runWorker(ThreadPoolExecutor.java:1149)
	at java.util.concurrent.ThreadPoolExecutor$Worker.run(ThreadPoolExecutor.java:624)
	at java.lang.Thread.run(Thread.java:748)
2019-10-21 04:27:57,261 [RatisPipelineUtilsThread] ERROR pipeline.SCMPipelineManager (SCMPipelineManager.java:createPipeline(205)) - Pipeline creation failed.
org.apache.hadoop.hdds.scm.exceptions.SCMException: Cannot create pipeline of factor 1 using 0 nodes. Used 1 nodes. Healthy nodes 1
	at org.apache.hadoop.hdds.scm.pipeline.RatisPipelineProvider.pickNodesNeverUsed(RatisPipelineProvider.java:120)
	at org.apache.hadoop.hdds.scm.pipeline.RatisPipelineProvider.create(RatisPipelineProvider.java:132)
	at org.apache.hadoop.hdds.scm.pipeline.PipelineFactory.create(PipelineFactory.java:58)
	at org.apache.hadoop.hdds.scm.pipeline.SCMPipelineManager.createPipeline(SCMPipelineManager.java:195)
	at org.apache.hadoop.hdds.scm.pipeline.BackgroundPipelineCreator.createPipelines(BackgroundPipelineCreator.java:100)
	at org.apache.hadoop.hdds.scm.pipeline.BackgroundPipelineCreator.lambda$startFixedIntervalPipelineCreator$0(BackgroundPipelineCreator.java:70)
	at java.util.concurrent.Executors$RunnableAdapter.call(Executors.java:511)
	at java.util.concurrent.FutureTask.runAndReset(FutureTask.java:308)
	at java.util.concurrent.ScheduledThreadPoolExecutor$ScheduledFutureTask.access$301(ScheduledThreadPoolExecutor.java:180)
	at java.util.concurrent.ScheduledThreadPoolExecutor$ScheduledFutureTask.run(ScheduledThreadPoolExecutor.java:294)
	at java.util.concurrent.ThreadPoolExecutor.runWorker(ThreadPoolExecutor.java:1149)
	at java.util.concurrent.ThreadPoolExecutor$Worker.run(ThreadPoolExecutor.java:624)
	at java.lang.Thread.run(Thread.java:748)
2019-10-21 04:27:57,262 [RatisPipelineUtilsThread] ERROR pipeline.PipelinePlacementPolicy (PipelinePlacementPolicy.java:filterViableNodes(144)) - Not enough healthy nodes to allocate pipeline. 3  datanodes required. Found 1
2019-10-21 04:27:57,262 [RatisPipelineUtilsThread] ERROR pipeline.SCMPipelineManager (SCMPipelineManager.java:createPipeline(205)) - Pipeline creation failed.
org.apache.hadoop.hdds.scm.exceptions.SCMException: Not enough healthy nodes to allocate pipeline. 3  datanodes required. Found 1
	at org.apache.hadoop.hdds.scm.pipeline.PipelinePlacementPolicy.filterViableNodes(PipelinePlacementPolicy.java:145)
	at org.apache.hadoop.hdds.scm.pipeline.PipelinePlacementPolicy.chooseDatanodes(PipelinePlacementPolicy.java:186)
	at org.apache.hadoop.hdds.scm.pipeline.RatisPipelineProvider.create(RatisPipelineProvider.java:135)
	at org.apache.hadoop.hdds.scm.pipeline.PipelineFactory.create(PipelineFactory.java:58)
	at org.apache.hadoop.hdds.scm.pipeline.SCMPipelineManager.createPipeline(SCMPipelineManager.java:195)
	at org.apache.hadoop.hdds.scm.pipeline.BackgroundPipelineCreator.createPipelines(BackgroundPipelineCreator.java:100)
	at org.apache.hadoop.hdds.scm.pipeline.BackgroundPipelineCreator.lambda$startFixedIntervalPipelineCreator$0(BackgroundPipelineCreator.java:70)
	at java.util.concurrent.Executors$RunnableAdapter.call(Executors.java:511)
	at java.util.concurrent.FutureTask.runAndReset(FutureTask.java:308)
	at java.util.concurrent.ScheduledThreadPoolExecutor$ScheduledFutureTask.access$301(ScheduledThreadPoolExecutor.java:180)
	at java.util.concurrent.ScheduledThreadPoolExecutor$ScheduledFutureTask.run(ScheduledThreadPoolExecutor.java:294)
	at java.util.concurrent.ThreadPoolExecutor.runWorker(ThreadPoolExecutor.java:1149)
	at java.util.concurrent.ThreadPoolExecutor$Worker.run(ThreadPoolExecutor.java:624)
	at java.lang.Thread.run(Thread.java:748)
2019-10-21 04:27:57,899 [Thread-812] INFO  ozone.MiniOzoneClusterImpl (MiniOzoneClusterImpl.java:lambda$waitForClusterToBeReady$0(147)) - Cluster is ready. Got 1 of 1 DN Heartbeats.
2019-10-21 04:27:57,910 [IPC Server handler 1 on 13112] INFO  ipc.Server (Server.java:logException(2726)) - IPC Server handler 1 on 13112, call Call#122 Retry#0 org.apache.hadoop.ozone.om.protocol.OzoneManagerProtocol.submitRequest from 127.0.0.1:42172
org.apache.hadoop.ozone.om.exceptions.NotLeaderException: OM omNode-1 is not the leader. Suggested leader is Optional.empty
	at org.apache.hadoop.ozone.protocolPB.OzoneManagerProtocolServerSideTranslatorPB.createNotLeaderException(OzoneManagerProtocolServerSideTranslatorPB.java:192)
	at org.apache.hadoop.ozone.protocolPB.OzoneManagerProtocolServerSideTranslatorPB.submitReadRequestToOM(OzoneManagerProtocolServerSideTranslatorPB.java:178)
	at org.apache.hadoop.ozone.protocolPB.OzoneManagerProtocolServerSideTranslatorPB.processRequest(OzoneManagerProtocolServerSideTranslatorPB.java:110)
	at org.apache.hadoop.hdds.server.OzoneProtocolMessageDispatcher.processRequest(OzoneProtocolMessageDispatcher.java:72)
	at org.apache.hadoop.ozone.protocolPB.OzoneManagerProtocolServerSideTranslatorPB.submitRequest(OzoneManagerProtocolServerSideTranslatorPB.java:100)
	at org.apache.hadoop.ozone.protocol.proto.OzoneManagerProtocolProtos$OzoneManagerService$2.callBlockingMethod(OzoneManagerProtocolProtos.java)
	at org.apache.hadoop.ipc.ProtobufRpcEngine$Server$ProtoBufRpcInvoker.call(ProtobufRpcEngine.java:524)
	at org.apache.hadoop.ipc.RPC$Server.call(RPC.java:1025)
	at org.apache.hadoop.ipc.Server$RpcCall.run(Server.java:876)
	at org.apache.hadoop.ipc.Server$RpcCall.run(Server.java:822)
	at java.security.AccessController.doPrivileged(Native Method)
	at javax.security.auth.Subject.doAs(Subject.java:422)
	at org.apache.hadoop.security.UserGroupInformation.doAs(UserGroupInformation.java:1730)
	at org.apache.hadoop.ipc.Server$Handler.run(Server.java:2682)
2019-10-21 04:27:57,922 [IPC Server handler 0 on 13118] INFO  ipc.Server (Server.java:logException(2726)) - IPC Server handler 0 on 13118, call Call#122 Retry#1 org.apache.hadoop.ozone.om.protocol.OzoneManagerProtocol.submitRequest from 127.0.0.1:43664
org.apache.hadoop.ozone.om.exceptions.NotLeaderException: OM omNode-2 is not the leader. Suggested leader is Optional.empty
	at org.apache.hadoop.ozone.protocolPB.OzoneManagerProtocolServerSideTranslatorPB.createNotLeaderException(OzoneManagerProtocolServerSideTranslatorPB.java:192)
	at org.apache.hadoop.ozone.protocolPB.OzoneManagerProtocolServerSideTranslatorPB.submitReadRequestToOM(OzoneManagerProtocolServerSideTranslatorPB.java:178)
	at org.apache.hadoop.ozone.protocolPB.OzoneManagerProtocolServerSideTranslatorPB.processRequest(OzoneManagerProtocolServerSideTranslatorPB.java:110)
	at org.apache.hadoop.hdds.server.OzoneProtocolMessageDispatcher.processRequest(OzoneProtocolMessageDispatcher.java:72)
	at org.apache.hadoop.ozone.protocolPB.OzoneManagerProtocolServerSideTranslatorPB.submitRequest(OzoneManagerProtocolServerSideTranslatorPB.java:100)
	at org.apache.hadoop.ozone.protocol.proto.OzoneManagerProtocolProtos$OzoneManagerService$2.callBlockingMethod(OzoneManagerProtocolProtos.java)
	at org.apache.hadoop.ipc.ProtobufRpcEngine$Server$ProtoBufRpcInvoker.call(ProtobufRpcEngine.java:524)
	at org.apache.hadoop.ipc.RPC$Server.call(RPC.java:1025)
	at org.apache.hadoop.ipc.Server$RpcCall.run(Server.java:876)
	at org.apache.hadoop.ipc.Server$RpcCall.run(Server.java:822)
	at java.security.AccessController.doPrivileged(Native Method)
	at javax.security.auth.Subject.doAs(Subject.java:422)
	at org.apache.hadoop.security.UserGroupInformation.doAs(UserGroupInformation.java:1730)
	at org.apache.hadoop.ipc.Server$Handler.run(Server.java:2682)
2019-10-21 04:27:57,924 [Thread-812] INFO  retry.RetryInvocationHandler (RetryInvocationHandler.java:log(411)) - com.google.protobuf.ServiceException: org.apache.hadoop.ipc.RemoteException(org.apache.hadoop.ozone.om.exceptions.NotLeaderException): OM omNode-2 is not the leader. Suggested leader is Optional.empty
	at org.apache.hadoop.ozone.protocolPB.OzoneManagerProtocolServerSideTranslatorPB.createNotLeaderException(OzoneManagerProtocolServerSideTranslatorPB.java:192)
	at org.apache.hadoop.ozone.protocolPB.OzoneManagerProtocolServerSideTranslatorPB.submitReadRequestToOM(OzoneManagerProtocolServerSideTranslatorPB.java:178)
	at org.apache.hadoop.ozone.protocolPB.OzoneManagerProtocolServerSideTranslatorPB.processRequest(OzoneManagerProtocolServerSideTranslatorPB.java:110)
	at org.apache.hadoop.hdds.server.OzoneProtocolMessageDispatcher.processRequest(OzoneProtocolMessageDispatcher.java:72)
	at org.apache.hadoop.ozone.protocolPB.OzoneManagerProtocolServerSideTranslatorPB.submitRequest(OzoneManagerProtocolServerSideTranslatorPB.java:100)
	at org.apache.hadoop.ozone.protocol.proto.OzoneManagerProtocolProtos$OzoneManagerService$2.callBlockingMethod(OzoneManagerProtocolProtos.java)
	at org.apache.hadoop.ipc.ProtobufRpcEngine$Server$ProtoBufRpcInvoker.call(ProtobufRpcEngine.java:524)
	at org.apache.hadoop.ipc.RPC$Server.call(RPC.java:1025)
	at org.apache.hadoop.ipc.Server$RpcCall.run(Server.java:876)
	at org.apache.hadoop.ipc.Server$RpcCall.run(Server.java:822)
	at java.security.AccessController.doPrivileged(Native Method)
	at javax.security.auth.Subject.doAs(Subject.java:422)
	at org.apache.hadoop.security.UserGroupInformation.doAs(UserGroupInformation.java:1730)
	at org.apache.hadoop.ipc.Server$Handler.run(Server.java:2682)
, while invoking $Proxy37.submitRequest over nodeId=omNode-2,nodeAddress=127.0.0.1:13118 after 1 failover attempts. Trying to failover immediately.
2019-10-21 04:27:57,930 [IPC Server handler 1 on 13124] INFO  ipc.Server (Server.java:logException(2726)) - IPC Server handler 1 on 13124, call Call#122 Retry#2 org.apache.hadoop.ozone.om.protocol.OzoneManagerProtocol.submitRequest from 127.0.0.1:45218
org.apache.hadoop.ozone.om.exceptions.NotLeaderException: OM omNode-3 is not the leader. Suggested leader is Optional.empty
	at org.apache.hadoop.ozone.protocolPB.OzoneManagerProtocolServerSideTranslatorPB.createNotLeaderException(OzoneManagerProtocolServerSideTranslatorPB.java:192)
	at org.apache.hadoop.ozone.protocolPB.OzoneManagerProtocolServerSideTranslatorPB.submitReadRequestToOM(OzoneManagerProtocolServerSideTranslatorPB.java:178)
	at org.apache.hadoop.ozone.protocolPB.OzoneManagerProtocolServerSideTranslatorPB.processRequest(OzoneManagerProtocolServerSideTranslatorPB.java:110)
	at org.apache.hadoop.hdds.server.OzoneProtocolMessageDispatcher.processRequest(OzoneProtocolMessageDispatcher.java:72)
	at org.apache.hadoop.ozone.protocolPB.OzoneManagerProtocolServerSideTranslatorPB.submitRequest(OzoneManagerProtocolServerSideTranslatorPB.java:100)
	at org.apache.hadoop.ozone.protocol.proto.OzoneManagerProtocolProtos$OzoneManagerService$2.callBlockingMethod(OzoneManagerProtocolProtos.java)
	at org.apache.hadoop.ipc.ProtobufRpcEngine$Server$ProtoBufRpcInvoker.call(ProtobufRpcEngine.java:524)
	at org.apache.hadoop.ipc.RPC$Server.call(RPC.java:1025)
	at org.apache.hadoop.ipc.Server$RpcCall.run(Server.java:876)
	at org.apache.hadoop.ipc.Server$RpcCall.run(Server.java:822)
	at java.security.AccessController.doPrivileged(Native Method)
	at javax.security.auth.Subject.doAs(Subject.java:422)
	at org.apache.hadoop.security.UserGroupInformation.doAs(UserGroupInformation.java:1730)
	at org.apache.hadoop.ipc.Server$Handler.run(Server.java:2682)
2019-10-21 04:27:57,931 [Thread-812] INFO  retry.RetryInvocationHandler (RetryInvocationHandler.java:log(411)) - com.google.protobuf.ServiceException: org.apache.hadoop.ipc.RemoteException(org.apache.hadoop.ozone.om.exceptions.NotLeaderException): OM omNode-3 is not the leader. Suggested leader is Optional.empty
	at org.apache.hadoop.ozone.protocolPB.OzoneManagerProtocolServerSideTranslatorPB.createNotLeaderException(OzoneManagerProtocolServerSideTranslatorPB.java:192)
	at org.apache.hadoop.ozone.protocolPB.OzoneManagerProtocolServerSideTranslatorPB.submitReadRequestToOM(OzoneManagerProtocolServerSideTranslatorPB.java:178)
	at org.apache.hadoop.ozone.protocolPB.OzoneManagerProtocolServerSideTranslatorPB.processRequest(OzoneManagerProtocolServerSideTranslatorPB.java:110)
	at org.apache.hadoop.hdds.server.OzoneProtocolMessageDispatcher.processRequest(OzoneProtocolMessageDispatcher.java:72)
	at org.apache.hadoop.ozone.protocolPB.OzoneManagerProtocolServerSideTranslatorPB.submitRequest(OzoneManagerProtocolServerSideTranslatorPB.java:100)
	at org.apache.hadoop.ozone.protocol.proto.OzoneManagerProtocolProtos$OzoneManagerService$2.callBlockingMethod(OzoneManagerProtocolProtos.java)
	at org.apache.hadoop.ipc.ProtobufRpcEngine$Server$ProtoBufRpcInvoker.call(ProtobufRpcEngine.java:524)
	at org.apache.hadoop.ipc.RPC$Server.call(RPC.java:1025)
	at org.apache.hadoop.ipc.Server$RpcCall.run(Server.java:876)
	at org.apache.hadoop.ipc.Server$RpcCall.run(Server.java:822)
	at java.security.AccessController.doPrivileged(Native Method)
	at javax.security.auth.Subject.doAs(Subject.java:422)
	at org.apache.hadoop.security.UserGroupInformation.doAs(UserGroupInformation.java:1730)
	at org.apache.hadoop.ipc.Server$Handler.run(Server.java:2682)
, while invoking $Proxy37.submitRequest over nodeId=omNode-3,nodeAddress=127.0.0.1:13124 after 2 failover attempts. Trying to failover immediately.
2019-10-21 04:27:57,933 [IPC Server handler 0 on 13112] INFO  ipc.Server (Server.java:logException(2726)) - IPC Server handler 0 on 13112, call Call#122 Retry#3 org.apache.hadoop.ozone.om.protocol.OzoneManagerProtocol.submitRequest from 127.0.0.1:42172
org.apache.hadoop.ozone.om.exceptions.NotLeaderException: OM omNode-1 is not the leader. Suggested leader is Optional.empty
	at org.apache.hadoop.ozone.protocolPB.OzoneManagerProtocolServerSideTranslatorPB.createNotLeaderException(OzoneManagerProtocolServerSideTranslatorPB.java:192)
	at org.apache.hadoop.ozone.protocolPB.OzoneManagerProtocolServerSideTranslatorPB.submitReadRequestToOM(OzoneManagerProtocolServerSideTranslatorPB.java:178)
	at org.apache.hadoop.ozone.protocolPB.OzoneManagerProtocolServerSideTranslatorPB.processRequest(OzoneManagerProtocolServerSideTranslatorPB.java:110)
	at org.apache.hadoop.hdds.server.OzoneProtocolMessageDispatcher.processRequest(OzoneProtocolMessageDispatcher.java:72)
	at org.apache.hadoop.ozone.protocolPB.OzoneManagerProtocolServerSideTranslatorPB.submitRequest(OzoneManagerProtocolServerSideTranslatorPB.java:100)
	at org.apache.hadoop.ozone.protocol.proto.OzoneManagerProtocolProtos$OzoneManagerService$2.callBlockingMethod(OzoneManagerProtocolProtos.java)
	at org.apache.hadoop.ipc.ProtobufRpcEngine$Server$ProtoBufRpcInvoker.call(ProtobufRpcEngine.java:524)
	at org.apache.hadoop.ipc.RPC$Server.call(RPC.java:1025)
	at org.apache.hadoop.ipc.Server$RpcCall.run(Server.java:876)
	at org.apache.hadoop.ipc.Server$RpcCall.run(Server.java:822)
	at java.security.AccessController.doPrivileged(Native Method)
	at javax.security.auth.Subject.doAs(Subject.java:422)
	at org.apache.hadoop.security.UserGroupInformation.doAs(UserGroupInformation.java:1730)
	at org.apache.hadoop.ipc.Server$Handler.run(Server.java:2682)
2019-10-21 04:27:57,935 [Thread-812] INFO  retry.RetryInvocationHandler (RetryInvocationHandler.java:log(411)) - com.google.protobuf.ServiceException: org.apache.hadoop.ipc.RemoteException(org.apache.hadoop.ozone.om.exceptions.NotLeaderException): OM omNode-1 is not the leader. Suggested leader is Optional.empty
	at org.apache.hadoop.ozone.protocolPB.OzoneManagerProtocolServerSideTranslatorPB.createNotLeaderException(OzoneManagerProtocolServerSideTranslatorPB.java:192)
	at org.apache.hadoop.ozone.protocolPB.OzoneManagerProtocolServerSideTranslatorPB.submitReadRequestToOM(OzoneManagerProtocolServerSideTranslatorPB.java:178)
	at org.apache.hadoop.ozone.protocolPB.OzoneManagerProtocolServerSideTranslatorPB.processRequest(OzoneManagerProtocolServerSideTranslatorPB.java:110)
	at org.apache.hadoop.hdds.server.OzoneProtocolMessageDispatcher.processRequest(OzoneProtocolMessageDispatcher.java:72)
	at org.apache.hadoop.ozone.protocolPB.OzoneManagerProtocolServerSideTranslatorPB.submitRequest(OzoneManagerProtocolServerSideTranslatorPB.java:100)
	at org.apache.hadoop.ozone.protocol.proto.OzoneManagerProtocolProtos$OzoneManagerService$2.callBlockingMethod(OzoneManagerProtocolProtos.java)
	at org.apache.hadoop.ipc.ProtobufRpcEngine$Server$ProtoBufRpcInvoker.call(ProtobufRpcEngine.java:524)
	at org.apache.hadoop.ipc.RPC$Server.call(RPC.java:1025)
	at org.apache.hadoop.ipc.Server$RpcCall.run(Server.java:876)
	at org.apache.hadoop.ipc.Server$RpcCall.run(Server.java:822)
	at java.security.AccessController.doPrivileged(Native Method)
	at javax.security.auth.Subject.doAs(Subject.java:422)
	at org.apache.hadoop.security.UserGroupInformation.doAs(UserGroupInformation.java:1730)
	at org.apache.hadoop.ipc.Server$Handler.run(Server.java:2682)
, while invoking $Proxy37.submitRequest over nodeId=omNode-1,nodeAddress=127.0.0.1:13112 after 3 failover attempts. Trying to failover immediately.
2019-10-21 04:27:57,938 [IPC Server handler 1 on 13118] INFO  ipc.Server (Server.java:logException(2726)) - IPC Server handler 1 on 13118, call Call#122 Retry#4 org.apache.hadoop.ozone.om.protocol.OzoneManagerProtocol.submitRequest from 127.0.0.1:43664
org.apache.hadoop.ozone.om.exceptions.NotLeaderException: OM omNode-2 is not the leader. Suggested leader is Optional.empty
	at org.apache.hadoop.ozone.protocolPB.OzoneManagerProtocolServerSideTranslatorPB.createNotLeaderException(OzoneManagerProtocolServerSideTranslatorPB.java:192)
	at org.apache.hadoop.ozone.protocolPB.OzoneManagerProtocolServerSideTranslatorPB.submitReadRequestToOM(OzoneManagerProtocolServerSideTranslatorPB.java:178)
	at org.apache.hadoop.ozone.protocolPB.OzoneManagerProtocolServerSideTranslatorPB.processRequest(OzoneManagerProtocolServerSideTranslatorPB.java:110)
	at org.apache.hadoop.hdds.server.OzoneProtocolMessageDispatcher.processRequest(OzoneProtocolMessageDispatcher.java:72)
	at org.apache.hadoop.ozone.protocolPB.OzoneManagerProtocolServerSideTranslatorPB.submitRequest(OzoneManagerProtocolServerSideTranslatorPB.java:100)
	at org.apache.hadoop.ozone.protocol.proto.OzoneManagerProtocolProtos$OzoneManagerService$2.callBlockingMethod(OzoneManagerProtocolProtos.java)
	at org.apache.hadoop.ipc.ProtobufRpcEngine$Server$ProtoBufRpcInvoker.call(ProtobufRpcEngine.java:524)
	at org.apache.hadoop.ipc.RPC$Server.call(RPC.java:1025)
	at org.apache.hadoop.ipc.Server$RpcCall.run(Server.java:876)
	at org.apache.hadoop.ipc.Server$RpcCall.run(Server.java:822)
	at java.security.AccessController.doPrivileged(Native Method)
	at javax.security.auth.Subject.doAs(Subject.java:422)
	at org.apache.hadoop.security.UserGroupInformation.doAs(UserGroupInformation.java:1730)
	at org.apache.hadoop.ipc.Server$Handler.run(Server.java:2682)
2019-10-21 04:27:57,939 [Thread-812] INFO  retry.RetryInvocationHandler (RetryInvocationHandler.java:log(411)) - com.google.protobuf.ServiceException: org.apache.hadoop.ipc.RemoteException(org.apache.hadoop.ozone.om.exceptions.NotLeaderException): OM omNode-2 is not the leader. Suggested leader is Optional.empty
	at org.apache.hadoop.ozone.protocolPB.OzoneManagerProtocolServerSideTranslatorPB.createNotLeaderException(OzoneManagerProtocolServerSideTranslatorPB.java:192)
	at org.apache.hadoop.ozone.protocolPB.OzoneManagerProtocolServerSideTranslatorPB.submitReadRequestToOM(OzoneManagerProtocolServerSideTranslatorPB.java:178)
	at org.apache.hadoop.ozone.protocolPB.OzoneManagerProtocolServerSideTranslatorPB.processRequest(OzoneManagerProtocolServerSideTranslatorPB.java:110)
	at org.apache.hadoop.hdds.server.OzoneProtocolMessageDispatcher.processRequest(OzoneProtocolMessageDispatcher.java:72)
	at org.apache.hadoop.ozone.protocolPB.OzoneManagerProtocolServerSideTranslatorPB.submitRequest(OzoneManagerProtocolServerSideTranslatorPB.java:100)
	at org.apache.hadoop.ozone.protocol.proto.OzoneManagerProtocolProtos$OzoneManagerService$2.callBlockingMethod(OzoneManagerProtocolProtos.java)
	at org.apache.hadoop.ipc.ProtobufRpcEngine$Server$ProtoBufRpcInvoker.call(ProtobufRpcEngine.java:524)
	at org.apache.hadoop.ipc.RPC$Server.call(RPC.java:1025)
	at org.apache.hadoop.ipc.Server$RpcCall.run(Server.java:876)
	at org.apache.hadoop.ipc.Server$RpcCall.run(Server.java:822)
	at java.security.AccessController.doPrivileged(Native Method)
	at javax.security.auth.Subject.doAs(Subject.java:422)
	at org.apache.hadoop.security.UserGroupInformation.doAs(UserGroupInformation.java:1730)
	at org.apache.hadoop.ipc.Server$Handler.run(Server.java:2682)
, while invoking $Proxy37.submitRequest over nodeId=omNode-2,nodeAddress=127.0.0.1:13118 after 4 failover attempts. Trying to failover immediately.
2019-10-21 04:27:57,942 [IPC Server handler 2 on 13124] INFO  ipc.Server (Server.java:logException(2726)) - IPC Server handler 2 on 13124, call Call#122 Retry#5 org.apache.hadoop.ozone.om.protocol.OzoneManagerProtocol.submitRequest from 127.0.0.1:45218
org.apache.hadoop.ozone.om.exceptions.NotLeaderException: OM omNode-3 is not the leader. Suggested leader is Optional.empty
	at org.apache.hadoop.ozone.protocolPB.OzoneManagerProtocolServerSideTranslatorPB.createNotLeaderException(OzoneManagerProtocolServerSideTranslatorPB.java:192)
	at org.apache.hadoop.ozone.protocolPB.OzoneManagerProtocolServerSideTranslatorPB.submitReadRequestToOM(OzoneManagerProtocolServerSideTranslatorPB.java:178)
	at org.apache.hadoop.ozone.protocolPB.OzoneManagerProtocolServerSideTranslatorPB.processRequest(OzoneManagerProtocolServerSideTranslatorPB.java:110)
	at org.apache.hadoop.hdds.server.OzoneProtocolMessageDispatcher.processRequest(OzoneProtocolMessageDispatcher.java:72)
	at org.apache.hadoop.ozone.protocolPB.OzoneManagerProtocolServerSideTranslatorPB.submitRequest(OzoneManagerProtocolServerSideTranslatorPB.java:100)
	at org.apache.hadoop.ozone.protocol.proto.OzoneManagerProtocolProtos$OzoneManagerService$2.callBlockingMethod(OzoneManagerProtocolProtos.java)
	at org.apache.hadoop.ipc.ProtobufRpcEngine$Server$ProtoBufRpcInvoker.call(ProtobufRpcEngine.java:524)
	at org.apache.hadoop.ipc.RPC$Server.call(RPC.java:1025)
	at org.apache.hadoop.ipc.Server$RpcCall.run(Server.java:876)
	at org.apache.hadoop.ipc.Server$RpcCall.run(Server.java:822)
	at java.security.AccessController.doPrivileged(Native Method)
	at javax.security.auth.Subject.doAs(Subject.java:422)
	at org.apache.hadoop.security.UserGroupInformation.doAs(UserGroupInformation.java:1730)
	at org.apache.hadoop.ipc.Server$Handler.run(Server.java:2682)
2019-10-21 04:27:57,944 [Thread-812] INFO  retry.RetryInvocationHandler (RetryInvocationHandler.java:log(411)) - com.google.protobuf.ServiceException: org.apache.hadoop.ipc.RemoteException(org.apache.hadoop.ozone.om.exceptions.NotLeaderException): OM omNode-3 is not the leader. Suggested leader is Optional.empty
	at org.apache.hadoop.ozone.protocolPB.OzoneManagerProtocolServerSideTranslatorPB.createNotLeaderException(OzoneManagerProtocolServerSideTranslatorPB.java:192)
	at org.apache.hadoop.ozone.protocolPB.OzoneManagerProtocolServerSideTranslatorPB.submitReadRequestToOM(OzoneManagerProtocolServerSideTranslatorPB.java:178)
	at org.apache.hadoop.ozone.protocolPB.OzoneManagerProtocolServerSideTranslatorPB.processRequest(OzoneManagerProtocolServerSideTranslatorPB.java:110)
	at org.apache.hadoop.hdds.server.OzoneProtocolMessageDispatcher.processRequest(OzoneProtocolMessageDispatcher.java:72)
	at org.apache.hadoop.ozone.protocolPB.OzoneManagerProtocolServerSideTranslatorPB.submitRequest(OzoneManagerProtocolServerSideTranslatorPB.java:100)
	at org.apache.hadoop.ozone.protocol.proto.OzoneManagerProtocolProtos$OzoneManagerService$2.callBlockingMethod(OzoneManagerProtocolProtos.java)
	at org.apache.hadoop.ipc.ProtobufRpcEngine$Server$ProtoBufRpcInvoker.call(ProtobufRpcEngine.java:524)
	at org.apache.hadoop.ipc.RPC$Server.call(RPC.java:1025)
	at org.apache.hadoop.ipc.Server$RpcCall.run(Server.java:876)
	at org.apache.hadoop.ipc.Server$RpcCall.run(Server.java:822)
	at java.security.AccessController.doPrivileged(Native Method)
	at javax.security.auth.Subject.doAs(Subject.java:422)
	at org.apache.hadoop.security.UserGroupInformation.doAs(UserGroupInformation.java:1730)
	at org.apache.hadoop.ipc.Server$Handler.run(Server.java:2682)
, while invoking $Proxy37.submitRequest over nodeId=omNode-3,nodeAddress=127.0.0.1:13124 after 5 failover attempts. Trying to failover immediately.
2019-10-21 04:27:57,946 [IPC Server handler 2 on 13112] INFO  ipc.Server (Server.java:logException(2726)) - IPC Server handler 2 on 13112, call Call#122 Retry#6 org.apache.hadoop.ozone.om.protocol.OzoneManagerProtocol.submitRequest from 127.0.0.1:42172
org.apache.hadoop.ozone.om.exceptions.NotLeaderException: OM omNode-1 is not the leader. Suggested leader is Optional.empty
	at org.apache.hadoop.ozone.protocolPB.OzoneManagerProtocolServerSideTranslatorPB.createNotLeaderException(OzoneManagerProtocolServerSideTranslatorPB.java:192)
	at org.apache.hadoop.ozone.protocolPB.OzoneManagerProtocolServerSideTranslatorPB.submitReadRequestToOM(OzoneManagerProtocolServerSideTranslatorPB.java:178)
	at org.apache.hadoop.ozone.protocolPB.OzoneManagerProtocolServerSideTranslatorPB.processRequest(OzoneManagerProtocolServerSideTranslatorPB.java:110)
	at org.apache.hadoop.hdds.server.OzoneProtocolMessageDispatcher.processRequest(OzoneProtocolMessageDispatcher.java:72)
	at org.apache.hadoop.ozone.protocolPB.OzoneManagerProtocolServerSideTranslatorPB.submitRequest(OzoneManagerProtocolServerSideTranslatorPB.java:100)
	at org.apache.hadoop.ozone.protocol.proto.OzoneManagerProtocolProtos$OzoneManagerService$2.callBlockingMethod(OzoneManagerProtocolProtos.java)
	at org.apache.hadoop.ipc.ProtobufRpcEngine$Server$ProtoBufRpcInvoker.call(ProtobufRpcEngine.java:524)
	at org.apache.hadoop.ipc.RPC$Server.call(RPC.java:1025)
	at org.apache.hadoop.ipc.Server$RpcCall.run(Server.java:876)
	at org.apache.hadoop.ipc.Server$RpcCall.run(Server.java:822)
	at java.security.AccessController.doPrivileged(Native Method)
	at javax.security.auth.Subject.doAs(Subject.java:422)
	at org.apache.hadoop.security.UserGroupInformation.doAs(UserGroupInformation.java:1730)
	at org.apache.hadoop.ipc.Server$Handler.run(Server.java:2682)
2019-10-21 04:27:57,947 [Thread-812] INFO  retry.RetryInvocationHandler (RetryInvocationHandler.java:log(411)) - com.google.protobuf.ServiceException: org.apache.hadoop.ipc.RemoteException(org.apache.hadoop.ozone.om.exceptions.NotLeaderException): OM omNode-1 is not the leader. Suggested leader is Optional.empty
	at org.apache.hadoop.ozone.protocolPB.OzoneManagerProtocolServerSideTranslatorPB.createNotLeaderException(OzoneManagerProtocolServerSideTranslatorPB.java:192)
	at org.apache.hadoop.ozone.protocolPB.OzoneManagerProtocolServerSideTranslatorPB.submitReadRequestToOM(OzoneManagerProtocolServerSideTranslatorPB.java:178)
	at org.apache.hadoop.ozone.protocolPB.OzoneManagerProtocolServerSideTranslatorPB.processRequest(OzoneManagerProtocolServerSideTranslatorPB.java:110)
	at org.apache.hadoop.hdds.server.OzoneProtocolMessageDispatcher.processRequest(OzoneProtocolMessageDispatcher.java:72)
	at org.apache.hadoop.ozone.protocolPB.OzoneManagerProtocolServerSideTranslatorPB.submitRequest(OzoneManagerProtocolServerSideTranslatorPB.java:100)
	at org.apache.hadoop.ozone.protocol.proto.OzoneManagerProtocolProtos$OzoneManagerService$2.callBlockingMethod(OzoneManagerProtocolProtos.java)
	at org.apache.hadoop.ipc.ProtobufRpcEngine$Server$ProtoBufRpcInvoker.call(ProtobufRpcEngine.java:524)
	at org.apache.hadoop.ipc.RPC$Server.call(RPC.java:1025)
	at org.apache.hadoop.ipc.Server$RpcCall.run(Server.java:876)
	at org.apache.hadoop.ipc.Server$RpcCall.run(Server.java:822)
	at java.security.AccessController.doPrivileged(Native Method)
	at javax.security.auth.Subject.doAs(Subject.java:422)
	at org.apache.hadoop.security.UserGroupInformation.doAs(UserGroupInformation.java:1730)
	at org.apache.hadoop.ipc.Server$Handler.run(Server.java:2682)
, while invoking $Proxy37.submitRequest over nodeId=omNode-1,nodeAddress=127.0.0.1:13112 after 6 failover attempts. Trying to failover immediately.
2019-10-21 04:27:57,949 [IPC Server handler 3 on 13118] INFO  ipc.Server (Server.java:logException(2726)) - IPC Server handler 3 on 13118, call Call#122 Retry#7 org.apache.hadoop.ozone.om.protocol.OzoneManagerProtocol.submitRequest from 127.0.0.1:43664
org.apache.hadoop.ozone.om.exceptions.NotLeaderException: OM omNode-2 is not the leader. Suggested leader is Optional.empty
	at org.apache.hadoop.ozone.protocolPB.OzoneManagerProtocolServerSideTranslatorPB.createNotLeaderException(OzoneManagerProtocolServerSideTranslatorPB.java:192)
	at org.apache.hadoop.ozone.protocolPB.OzoneManagerProtocolServerSideTranslatorPB.submitReadRequestToOM(OzoneManagerProtocolServerSideTranslatorPB.java:178)
	at org.apache.hadoop.ozone.protocolPB.OzoneManagerProtocolServerSideTranslatorPB.processRequest(OzoneManagerProtocolServerSideTranslatorPB.java:110)
	at org.apache.hadoop.hdds.server.OzoneProtocolMessageDispatcher.processRequest(OzoneProtocolMessageDispatcher.java:72)
	at org.apache.hadoop.ozone.protocolPB.OzoneManagerProtocolServerSideTranslatorPB.submitRequest(OzoneManagerProtocolServerSideTranslatorPB.java:100)
	at org.apache.hadoop.ozone.protocol.proto.OzoneManagerProtocolProtos$OzoneManagerService$2.callBlockingMethod(OzoneManagerProtocolProtos.java)
	at org.apache.hadoop.ipc.ProtobufRpcEngine$Server$ProtoBufRpcInvoker.call(ProtobufRpcEngine.java:524)
	at org.apache.hadoop.ipc.RPC$Server.call(RPC.java:1025)
	at org.apache.hadoop.ipc.Server$RpcCall.run(Server.java:876)
	at org.apache.hadoop.ipc.Server$RpcCall.run(Server.java:822)
	at java.security.AccessController.doPrivileged(Native Method)
	at javax.security.auth.Subject.doAs(Subject.java:422)
	at org.apache.hadoop.security.UserGroupInformation.doAs(UserGroupInformation.java:1730)
	at org.apache.hadoop.ipc.Server$Handler.run(Server.java:2682)
2019-10-21 04:27:57,950 [Thread-812] INFO  retry.RetryInvocationHandler (RetryInvocationHandler.java:log(411)) - com.google.protobuf.ServiceException: org.apache.hadoop.ipc.RemoteException(org.apache.hadoop.ozone.om.exceptions.NotLeaderException): OM omNode-2 is not the leader. Suggested leader is Optional.empty
	at org.apache.hadoop.ozone.protocolPB.OzoneManagerProtocolServerSideTranslatorPB.createNotLeaderException(OzoneManagerProtocolServerSideTranslatorPB.java:192)
	at org.apache.hadoop.ozone.protocolPB.OzoneManagerProtocolServerSideTranslatorPB.submitReadRequestToOM(OzoneManagerProtocolServerSideTranslatorPB.java:178)
	at org.apache.hadoop.ozone.protocolPB.OzoneManagerProtocolServerSideTranslatorPB.processRequest(OzoneManagerProtocolServerSideTranslatorPB.java:110)
	at org.apache.hadoop.hdds.server.OzoneProtocolMessageDispatcher.processRequest(OzoneProtocolMessageDispatcher.java:72)
	at org.apache.hadoop.ozone.protocolPB.OzoneManagerProtocolServerSideTranslatorPB.submitRequest(OzoneManagerProtocolServerSideTranslatorPB.java:100)
	at org.apache.hadoop.ozone.protocol.proto.OzoneManagerProtocolProtos$OzoneManagerService$2.callBlockingMethod(OzoneManagerProtocolProtos.java)
	at org.apache.hadoop.ipc.ProtobufRpcEngine$Server$ProtoBufRpcInvoker.call(ProtobufRpcEngine.java:524)
	at org.apache.hadoop.ipc.RPC$Server.call(RPC.java:1025)
	at org.apache.hadoop.ipc.Server$RpcCall.run(Server.java:876)
	at org.apache.hadoop.ipc.Server$RpcCall.run(Server.java:822)
	at java.security.AccessController.doPrivileged(Native Method)
	at javax.security.auth.Subject.doAs(Subject.java:422)
	at org.apache.hadoop.security.UserGroupInformation.doAs(UserGroupInformation.java:1730)
	at org.apache.hadoop.ipc.Server$Handler.run(Server.java:2682)
, while invoking $Proxy37.submitRequest over nodeId=omNode-2,nodeAddress=127.0.0.1:13118 after 7 failover attempts. Trying to failover immediately.
2019-10-21 04:27:57,952 [IPC Server handler 0 on 13124] INFO  ipc.Server (Server.java:logException(2726)) - IPC Server handler 0 on 13124, call Call#122 Retry#8 org.apache.hadoop.ozone.om.protocol.OzoneManagerProtocol.submitRequest from 127.0.0.1:45218
org.apache.hadoop.ozone.om.exceptions.NotLeaderException: OM omNode-3 is not the leader. Suggested leader is Optional.empty
	at org.apache.hadoop.ozone.protocolPB.OzoneManagerProtocolServerSideTranslatorPB.createNotLeaderException(OzoneManagerProtocolServerSideTranslatorPB.java:192)
	at org.apache.hadoop.ozone.protocolPB.OzoneManagerProtocolServerSideTranslatorPB.submitReadRequestToOM(OzoneManagerProtocolServerSideTranslatorPB.java:178)
	at org.apache.hadoop.ozone.protocolPB.OzoneManagerProtocolServerSideTranslatorPB.processRequest(OzoneManagerProtocolServerSideTranslatorPB.java:110)
	at org.apache.hadoop.hdds.server.OzoneProtocolMessageDispatcher.processRequest(OzoneProtocolMessageDispatcher.java:72)
	at org.apache.hadoop.ozone.protocolPB.OzoneManagerProtocolServerSideTranslatorPB.submitRequest(OzoneManagerProtocolServerSideTranslatorPB.java:100)
	at org.apache.hadoop.ozone.protocol.proto.OzoneManagerProtocolProtos$OzoneManagerService$2.callBlockingMethod(OzoneManagerProtocolProtos.java)
	at org.apache.hadoop.ipc.ProtobufRpcEngine$Server$ProtoBufRpcInvoker.call(ProtobufRpcEngine.java:524)
	at org.apache.hadoop.ipc.RPC$Server.call(RPC.java:1025)
	at org.apache.hadoop.ipc.Server$RpcCall.run(Server.java:876)
	at org.apache.hadoop.ipc.Server$RpcCall.run(Server.java:822)
	at java.security.AccessController.doPrivileged(Native Method)
	at javax.security.auth.Subject.doAs(Subject.java:422)
	at org.apache.hadoop.security.UserGroupInformation.doAs(UserGroupInformation.java:1730)
	at org.apache.hadoop.ipc.Server$Handler.run(Server.java:2682)
2019-10-21 04:27:57,953 [Thread-812] INFO  retry.RetryInvocationHandler (RetryInvocationHandler.java:log(411)) - com.google.protobuf.ServiceException: org.apache.hadoop.ipc.RemoteException(org.apache.hadoop.ozone.om.exceptions.NotLeaderException): OM omNode-3 is not the leader. Suggested leader is Optional.empty
	at org.apache.hadoop.ozone.protocolPB.OzoneManagerProtocolServerSideTranslatorPB.createNotLeaderException(OzoneManagerProtocolServerSideTranslatorPB.java:192)
	at org.apache.hadoop.ozone.protocolPB.OzoneManagerProtocolServerSideTranslatorPB.submitReadRequestToOM(OzoneManagerProtocolServerSideTranslatorPB.java:178)
	at org.apache.hadoop.ozone.protocolPB.OzoneManagerProtocolServerSideTranslatorPB.processRequest(OzoneManagerProtocolServerSideTranslatorPB.java:110)
	at org.apache.hadoop.hdds.server.OzoneProtocolMessageDispatcher.processRequest(OzoneProtocolMessageDispatcher.java:72)
	at org.apache.hadoop.ozone.protocolPB.OzoneManagerProtocolServerSideTranslatorPB.submitRequest(OzoneManagerProtocolServerSideTranslatorPB.java:100)
	at org.apache.hadoop.ozone.protocol.proto.OzoneManagerProtocolProtos$OzoneManagerService$2.callBlockingMethod(OzoneManagerProtocolProtos.java)
	at org.apache.hadoop.ipc.ProtobufRpcEngine$Server$ProtoBufRpcInvoker.call(ProtobufRpcEngine.java:524)
	at org.apache.hadoop.ipc.RPC$Server.call(RPC.java:1025)
	at org.apache.hadoop.ipc.Server$RpcCall.run(Server.java:876)
	at org.apache.hadoop.ipc.Server$RpcCall.run(Server.java:822)
	at java.security.AccessController.doPrivileged(Native Method)
	at javax.security.auth.Subject.doAs(Subject.java:422)
	at org.apache.hadoop.security.UserGroupInformation.doAs(UserGroupInformation.java:1730)
	at org.apache.hadoop.ipc.Server$Handler.run(Server.java:2682)
, while invoking $Proxy37.submitRequest over nodeId=omNode-3,nodeAddress=127.0.0.1:13124 after 8 failover attempts. Trying to failover immediately.
2019-10-21 04:27:57,956 [IPC Server handler 4 on 13112] INFO  ipc.Server (Server.java:logException(2726)) - IPC Server handler 4 on 13112, call Call#122 Retry#9 org.apache.hadoop.ozone.om.protocol.OzoneManagerProtocol.submitRequest from 127.0.0.1:42172
org.apache.hadoop.ozone.om.exceptions.NotLeaderException: OM omNode-1 is not the leader. Suggested leader is Optional.empty
	at org.apache.hadoop.ozone.protocolPB.OzoneManagerProtocolServerSideTranslatorPB.createNotLeaderException(OzoneManagerProtocolServerSideTranslatorPB.java:192)
	at org.apache.hadoop.ozone.protocolPB.OzoneManagerProtocolServerSideTranslatorPB.submitReadRequestToOM(OzoneManagerProtocolServerSideTranslatorPB.java:178)
	at org.apache.hadoop.ozone.protocolPB.OzoneManagerProtocolServerSideTranslatorPB.processRequest(OzoneManagerProtocolServerSideTranslatorPB.java:110)
	at org.apache.hadoop.hdds.server.OzoneProtocolMessageDispatcher.processRequest(OzoneProtocolMessageDispatcher.java:72)
	at org.apache.hadoop.ozone.protocolPB.OzoneManagerProtocolServerSideTranslatorPB.submitRequest(OzoneManagerProtocolServerSideTranslatorPB.java:100)
	at org.apache.hadoop.ozone.protocol.proto.OzoneManagerProtocolProtos$OzoneManagerService$2.callBlockingMethod(OzoneManagerProtocolProtos.java)
	at org.apache.hadoop.ipc.ProtobufRpcEngine$Server$ProtoBufRpcInvoker.call(ProtobufRpcEngine.java:524)
	at org.apache.hadoop.ipc.RPC$Server.call(RPC.java:1025)
	at org.apache.hadoop.ipc.Server$RpcCall.run(Server.java:876)
	at org.apache.hadoop.ipc.Server$RpcCall.run(Server.java:822)
	at java.security.AccessController.doPrivileged(Native Method)
	at javax.security.auth.Subject.doAs(Subject.java:422)
	at org.apache.hadoop.security.UserGroupInformation.doAs(UserGroupInformation.java:1730)
	at org.apache.hadoop.ipc.Server$Handler.run(Server.java:2682)
2019-10-21 04:27:57,957 [Thread-812] INFO  retry.RetryInvocationHandler (RetryInvocationHandler.java:log(411)) - com.google.protobuf.ServiceException: org.apache.hadoop.ipc.RemoteException(org.apache.hadoop.ozone.om.exceptions.NotLeaderException): OM omNode-1 is not the leader. Suggested leader is Optional.empty
	at org.apache.hadoop.ozone.protocolPB.OzoneManagerProtocolServerSideTranslatorPB.createNotLeaderException(OzoneManagerProtocolServerSideTranslatorPB.java:192)
	at org.apache.hadoop.ozone.protocolPB.OzoneManagerProtocolServerSideTranslatorPB.submitReadRequestToOM(OzoneManagerProtocolServerSideTranslatorPB.java:178)
	at org.apache.hadoop.ozone.protocolPB.OzoneManagerProtocolServerSideTranslatorPB.processRequest(OzoneManagerProtocolServerSideTranslatorPB.java:110)
	at org.apache.hadoop.hdds.server.OzoneProtocolMessageDispatcher.processRequest(OzoneProtocolMessageDispatcher.java:72)
	at org.apache.hadoop.ozone.protocolPB.OzoneManagerProtocolServerSideTranslatorPB.submitRequest(OzoneManagerProtocolServerSideTranslatorPB.java:100)
	at org.apache.hadoop.ozone.protocol.proto.OzoneManagerProtocolProtos$OzoneManagerService$2.callBlockingMethod(OzoneManagerProtocolProtos.java)
	at org.apache.hadoop.ipc.ProtobufRpcEngine$Server$ProtoBufRpcInvoker.call(ProtobufRpcEngine.java:524)
	at org.apache.hadoop.ipc.RPC$Server.call(RPC.java:1025)
	at org.apache.hadoop.ipc.Server$RpcCall.run(Server.java:876)
	at org.apache.hadoop.ipc.Server$RpcCall.run(Server.java:822)
	at java.security.AccessController.doPrivileged(Native Method)
	at javax.security.auth.Subject.doAs(Subject.java:422)
	at org.apache.hadoop.security.UserGroupInformation.doAs(UserGroupInformation.java:1730)
	at org.apache.hadoop.ipc.Server$Handler.run(Server.java:2682)
, while invoking $Proxy37.submitRequest over nodeId=omNode-1,nodeAddress=127.0.0.1:13112 after 9 failover attempts. Trying to failover immediately.
2019-10-21 04:27:57,960 [IPC Server handler 2 on 13118] INFO  ipc.Server (Server.java:logException(2726)) - IPC Server handler 2 on 13118, call Call#122 Retry#10 org.apache.hadoop.ozone.om.protocol.OzoneManagerProtocol.submitRequest from 127.0.0.1:43664
org.apache.hadoop.ozone.om.exceptions.NotLeaderException: OM omNode-2 is not the leader. Suggested leader is Optional.empty
	at org.apache.hadoop.ozone.protocolPB.OzoneManagerProtocolServerSideTranslatorPB.createNotLeaderException(OzoneManagerProtocolServerSideTranslatorPB.java:192)
	at org.apache.hadoop.ozone.protocolPB.OzoneManagerProtocolServerSideTranslatorPB.submitReadRequestToOM(OzoneManagerProtocolServerSideTranslatorPB.java:178)
	at org.apache.hadoop.ozone.protocolPB.OzoneManagerProtocolServerSideTranslatorPB.processRequest(OzoneManagerProtocolServerSideTranslatorPB.java:110)
	at org.apache.hadoop.hdds.server.OzoneProtocolMessageDispatcher.processRequest(OzoneProtocolMessageDispatcher.java:72)
	at org.apache.hadoop.ozone.protocolPB.OzoneManagerProtocolServerSideTranslatorPB.submitRequest(OzoneManagerProtocolServerSideTranslatorPB.java:100)
	at org.apache.hadoop.ozone.protocol.proto.OzoneManagerProtocolProtos$OzoneManagerService$2.callBlockingMethod(OzoneManagerProtocolProtos.java)
	at org.apache.hadoop.ipc.ProtobufRpcEngine$Server$ProtoBufRpcInvoker.call(ProtobufRpcEngine.java:524)
	at org.apache.hadoop.ipc.RPC$Server.call(RPC.java:1025)
	at org.apache.hadoop.ipc.Server$RpcCall.run(Server.java:876)
	at org.apache.hadoop.ipc.Server$RpcCall.run(Server.java:822)
	at java.security.AccessController.doPrivileged(Native Method)
	at javax.security.auth.Subject.doAs(Subject.java:422)
	at org.apache.hadoop.security.UserGroupInformation.doAs(UserGroupInformation.java:1730)
	at org.apache.hadoop.ipc.Server$Handler.run(Server.java:2682)
2019-10-21 04:27:57,961 [Thread-812] ERROR ha.OMFailoverProxyProvider (OzoneManagerProtocolClientSideTranslatorPB.java:getRetryAction(268)) - Failed to connect to OM. Attempted 10 retries and 10 failovers
2019-10-21 04:27:57,963 [Thread-812] ERROR client.OzoneClientFactory (OzoneClientFactory.java:getClientProtocol(259)) - Couldn't create RpcClient protocol exception: 
org.apache.hadoop.ipc.RemoteException(org.apache.hadoop.ozone.om.exceptions.NotLeaderException): OM omNode-2 is not the leader. Suggested leader is Optional.empty
	at org.apache.hadoop.ozone.protocolPB.OzoneManagerProtocolServerSideTranslatorPB.createNotLeaderException(OzoneManagerProtocolServerSideTranslatorPB.java:192)
	at org.apache.hadoop.ozone.protocolPB.OzoneManagerProtocolServerSideTranslatorPB.submitReadRequestToOM(OzoneManagerProtocolServerSideTranslatorPB.java:178)
	at org.apache.hadoop.ozone.protocolPB.OzoneManagerProtocolServerSideTranslatorPB.processRequest(OzoneManagerProtocolServerSideTranslatorPB.java:110)
	at org.apache.hadoop.hdds.server.OzoneProtocolMessageDispatcher.processRequest(OzoneProtocolMessageDispatcher.java:72)
	at org.apache.hadoop.ozone.protocolPB.OzoneManagerProtocolServerSideTranslatorPB.submitRequest(OzoneManagerProtocolServerSideTranslatorPB.java:100)
	at org.apache.hadoop.ozone.protocol.proto.OzoneManagerProtocolProtos$OzoneManagerService$2.callBlockingMethod(OzoneManagerProtocolProtos.java)
	at org.apache.hadoop.ipc.ProtobufRpcEngine$Server$ProtoBufRpcInvoker.call(ProtobufRpcEngine.java:524)
	at org.apache.hadoop.ipc.RPC$Server.call(RPC.java:1025)
	at org.apache.hadoop.ipc.Server$RpcCall.run(Server.java:876)
	at org.apache.hadoop.ipc.Server$RpcCall.run(Server.java:822)
	at java.security.AccessController.doPrivileged(Native Method)
	at javax.security.auth.Subject.doAs(Subject.java:422)
	at org.apache.hadoop.security.UserGroupInformation.doAs(UserGroupInformation.java:1730)
	at org.apache.hadoop.ipc.Server$Handler.run(Server.java:2682)

	at org.apache.hadoop.ipc.Client.getRpcResponse(Client.java:1511)
	at org.apache.hadoop.ipc.Client.call(Client.java:1457)
	at org.apache.hadoop.ipc.Client.call(Client.java:1367)
	at org.apache.hadoop.ipc.ProtobufRpcEngine$Invoker.invoke(ProtobufRpcEngine.java:228)
	at org.apache.hadoop.ipc.ProtobufRpcEngine$Invoker.invoke(ProtobufRpcEngine.java:116)
	at com.sun.proxy.$Proxy37.submitRequest(Unknown Source)
	at sun.reflect.GeneratedMethodAccessor20.invoke(Unknown Source)
	at sun.reflect.DelegatingMethodAccessorImpl.invoke(DelegatingMethodAccessorImpl.java:43)
	at java.lang.reflect.Method.invoke(Method.java:498)
	at org.apache.hadoop.io.retry.RetryInvocationHandler.invokeMethod(RetryInvocationHandler.java:422)
	at org.apache.hadoop.io.retry.RetryInvocationHandler$Call.invokeMethod(RetryInvocationHandler.java:165)
	at org.apache.hadoop.io.retry.RetryInvocationHandler$Call.invoke(RetryInvocationHandler.java:157)
	at org.apache.hadoop.io.retry.RetryInvocationHandler$Call.invokeOnce(RetryInvocationHandler.java:95)
	at org.apache.hadoop.io.retry.RetryInvocationHandler.invoke(RetryInvocationHandler.java:359)
	at com.sun.proxy.$Proxy37.submitRequest(Unknown Source)
	at org.apache.hadoop.ozone.om.protocolPB.OzoneManagerProtocolClientSideTranslatorPB.submitRequest(OzoneManagerProtocolClientSideTranslatorPB.java:338)
	at org.apache.hadoop.ozone.om.protocolPB.OzoneManagerProtocolClientSideTranslatorPB.getServiceInfo(OzoneManagerProtocolClientSideTranslatorPB.java:1223)
	at sun.reflect.NativeMethodAccessorImpl.invoke0(Native Method)
	at sun.reflect.NativeMethodAccessorImpl.invoke(NativeMethodAccessorImpl.java:62)
	at sun.reflect.DelegatingMethodAccessorImpl.invoke(DelegatingMethodAccessorImpl.java:43)
	at java.lang.reflect.Method.invoke(Method.java:498)
	at org.apache.hadoop.hdds.tracing.TraceAllMethod.invoke(TraceAllMethod.java:66)
	at com.sun.proxy.$Proxy38.getServiceInfo(Unknown Source)
	at org.apache.hadoop.ozone.client.rpc.RpcClient.<init>(RpcClient.java:154)
	at org.apache.hadoop.ozone.client.OzoneClientFactory.getClientProtocol(OzoneClientFactory.java:256)
	at org.apache.hadoop.ozone.client.OzoneClientFactory.getRpcClient(OzoneClientFactory.java:187)
	at org.apache.hadoop.ozone.om.TestOzoneManagerHA.init(TestOzoneManagerHA.java:145)
	at sun.reflect.NativeMethodAccessorImpl.invoke0(Native Method)
	at sun.reflect.NativeMethodAccessorImpl.invoke(NativeMethodAccessorImpl.java:62)
	at sun.reflect.DelegatingMethodAccessorImpl.invoke(DelegatingMethodAccessorImpl.java:43)
	at java.lang.reflect.Method.invoke(Method.java:498)
	at org.junit.runners.model.FrameworkMethod$1.runReflectiveCall(FrameworkMethod.java:47)
	at org.junit.internal.runners.model.ReflectiveCallable.run(ReflectiveCallable.java:12)
	at org.junit.runners.model.FrameworkMethod.invokeExplosively(FrameworkMethod.java:44)
	at org.junit.internal.runners.statements.RunBefores.evaluate(RunBefores.java:24)
	at org.junit.internal.runners.statements.RunAfters.evaluate(RunAfters.java:27)
	at org.junit.rules.ExpectedException$ExpectedExceptionStatement.evaluate(ExpectedException.java:168)
	at org.junit.internal.runners.statements.FailOnTimeout$StatementThread.run(FailOnTimeout.java:74)
2019-10-21 04:27:57,964 [Thread-812] INFO  ozone.MiniOzoneClusterImpl (MiniOzoneClusterImpl.java:shutdown(314)) - Shutting down the Mini Ozone Cluster
2019-10-21 04:27:57,964 [Thread-812] INFO  ozone.MiniOzoneHAClusterImpl (MiniOzoneHAClusterImpl.java:stop(147)) - Stopping the OzoneManager omNode-3
2019-10-21 04:27:57,964 [Thread-812] INFO  ipc.Server (Server.java:stop(3082)) - Stopping server on 13124
2019-10-21 04:27:57,967 [IPC Server listener on 13124] INFO  ipc.Server (Server.java:run(1185)) - Stopping IPC Server listener on 13124
2019-10-21 04:27:57,967 [IPC Server Responder] INFO  ipc.Server (Server.java:run(1319)) - Stopping IPC Server Responder
2019-10-21 04:27:57,968 [Thread-812] INFO  impl.RaftServerProxy (RaftServerProxy.java:lambda$close$4(314)) - omNode-3: close
2019-10-21 04:27:57,968 [Thread-812] INFO  impl.RaftServerImpl (RaftServerImpl.java:lambda$shutdown$3(247)) - omNode-3@group-523986131536: shutdown
2019-10-21 04:27:57,969 [Thread-812] INFO  util.JmxRegister (JmxRegister.java:unregister(73)) - Successfully un-registered JMX Bean with object name Ratis:service=RaftServer,group=group-523986131536,id=omNode-3
2019-10-21 04:27:57,969 [Thread-812] INFO  impl.RoleInfo (RoleInfo.java:shutdownFollowerState(121)) - omNode-3: shutdown FollowerState
2019-10-21 04:27:57,969 [Thread-812] INFO  impl.StateMachineUpdater (StateMachineUpdater.java:stopAndJoin(136)) - omNode-3@group-523986131536-StateMachineUpdater: set stopIndex = -1
2019-10-21 04:27:57,969 [Thread-1140] INFO  impl.FollowerState (FollowerState.java:run(117)) - omNode-3@group-523986131536-FollowerState was interrupted: java.lang.InterruptedException: sleep interrupted
2019-10-21 04:27:57,970 [Thread-812] INFO  impl.RaftServerImpl (ServerState.java:close(387)) - omNode-3@group-523986131536: closes. applyIndex: -1
2019-10-21 04:27:57,970 [omNode-3@group-523986131536-SegmentedRaftLogWorker] INFO  segmented.SegmentedRaftLogWorker (SegmentedRaftLogWorker.java:run(316)) - omNode-3@group-523986131536-SegmentedRaftLogWorker was interrupted, exiting. There are 0 tasks remaining in the queue.
2019-10-21 04:27:57,970 [Thread-812] INFO  segmented.SegmentedRaftLogWorker (SegmentedRaftLogWorker.java:close(224)) - omNode-3@group-523986131536-SegmentedRaftLogWorker close()
2019-10-21 04:27:57,971 [Thread-812] INFO  server.GrpcService (GrpcService.java:closeImpl(164)) - omNode-3: shutdown server with port 13128 now
2019-10-21 04:27:57,975 [Thread-812] INFO  server.GrpcService (GrpcService.java:closeImpl(172)) - omNode-3: shutdown server with port 13128 successfully
2019-10-21 04:27:57,975 [Thread-812] INFO  ratis.OzoneManagerDoubleBuffer (OzoneManagerDoubleBuffer.java:stop(250)) - Stopping OMDoubleBuffer flush thread
2019-10-21 04:27:57,975 [OMDoubleBufferFlushThread] INFO  ratis.OzoneManagerDoubleBuffer (OzoneManagerDoubleBuffer.java:flushTransactions(193)) - OMDoubleBuffer flush thread OMDoubleBufferFlushThread is interrupted and will exit. OMDoubleBufferFlushThread
2019-10-21 04:27:57,975 [Thread-812] INFO  utils.BackgroundService (BackgroundService.java:shutdown(151)) - Shutting down service KeyDeletingService
2019-10-21 04:27:57,976 [Thread-812] INFO  handler.ContextHandler (ContextHandler.java:doStop(910)) - Stopped o.e.j.w.WebAppContext@244e30b{/,null,UNAVAILABLE}{/ozoneManager}
2019-10-21 04:27:57,977 [Thread-812] INFO  server.AbstractConnector (AbstractConnector.java:doStop(318)) - Stopped ServerConnector@3490d9e1{HTTP/1.1,[http/1.1]}{0.0.0.0:13126}
2019-10-21 04:27:57,977 [Thread-812] INFO  handler.ContextHandler (ContextHandler.java:doStop(910)) - Stopped o.e.j.s.ServletContextHandler@605fcbd4{/static,file:///workdir/hadoop-ozone/integration-test/target/test-classes/webapps/static,UNAVAILABLE}
2019-10-21 04:27:57,977 [Thread-812] INFO  handler.ContextHandler (ContextHandler.java:doStop(910)) - Stopped o.e.j.s.ServletContextHandler@b2e0d75{/logs,file:///workdir/hadoop-ozone/integration-test/target/log,UNAVAILABLE}
2019-10-21 04:27:57,978 [Thread-812] INFO  ozone.MiniOzoneHAClusterImpl (MiniOzoneHAClusterImpl.java:stop(147)) - Stopping the OzoneManager omNode-1
2019-10-21 04:27:57,979 [Thread-812] INFO  ipc.Server (Server.java:stop(3082)) - Stopping server on 13112
2019-10-21 04:27:57,982 [IPC Server listener on 13112] INFO  ipc.Server (Server.java:run(1185)) - Stopping IPC Server listener on 13112
2019-10-21 04:27:57,982 [IPC Server Responder] INFO  ipc.Server (Server.java:run(1319)) - Stopping IPC Server Responder
2019-10-21 04:27:57,982 [Thread-812] INFO  impl.RaftServerProxy (RaftServerProxy.java:lambda$close$4(314)) - omNode-1: close
2019-10-21 04:27:57,985 [Thread-812] INFO  impl.RaftServerImpl (RaftServerImpl.java:lambda$shutdown$3(247)) - omNode-1@group-523986131536: shutdown
2019-10-21 04:27:57,985 [Thread-812] INFO  util.JmxRegister (JmxRegister.java:unregister(73)) - Successfully un-registered JMX Bean with object name Ratis:service=RaftServer,group=group-523986131536,id=omNode-1
2019-10-21 04:27:57,985 [Thread-812] INFO  impl.RoleInfo (RoleInfo.java:shutdownFollowerState(121)) - omNode-1: shutdown FollowerState
2019-10-21 04:27:57,986 [Thread-812] INFO  impl.StateMachineUpdater (StateMachineUpdater.java:stopAndJoin(136)) - omNode-1@group-523986131536-StateMachineUpdater: set stopIndex = -1
2019-10-21 04:27:57,986 [Thread-1136] INFO  impl.FollowerState (FollowerState.java:run(117)) - omNode-1@group-523986131536-FollowerState was interrupted: java.lang.InterruptedException: sleep interrupted
2019-10-21 04:27:57,986 [Thread-812] INFO  impl.RaftServerImpl (ServerState.java:close(387)) - omNode-1@group-523986131536: closes. applyIndex: -1
2019-10-21 04:27:57,987 [omNode-1@group-523986131536-SegmentedRaftLogWorker] INFO  segmented.SegmentedRaftLogWorker (SegmentedRaftLogWorker.java:run(316)) - omNode-1@group-523986131536-SegmentedRaftLogWorker was interrupted, exiting. There are 0 tasks remaining in the queue.
2019-10-21 04:27:57,987 [Thread-812] INFO  segmented.SegmentedRaftLogWorker (SegmentedRaftLogWorker.java:close(224)) - omNode-1@group-523986131536-SegmentedRaftLogWorker close()
2019-10-21 04:27:57,989 [Thread-812] INFO  server.GrpcService (GrpcService.java:closeImpl(164)) - omNode-1: shutdown server with port 13116 now
2019-10-21 04:27:57,992 [Thread-812] INFO  server.GrpcService (GrpcService.java:closeImpl(172)) - omNode-1: shutdown server with port 13116 successfully
2019-10-21 04:27:57,992 [Thread-812] INFO  ratis.OzoneManagerDoubleBuffer (OzoneManagerDoubleBuffer.java:stop(250)) - Stopping OMDoubleBuffer flush thread
2019-10-21 04:27:57,992 [OMDoubleBufferFlushThread] INFO  ratis.OzoneManagerDoubleBuffer (OzoneManagerDoubleBuffer.java:flushTransactions(193)) - OMDoubleBuffer flush thread OMDoubleBufferFlushThread is interrupted and will exit. OMDoubleBufferFlushThread
2019-10-21 04:27:57,992 [Thread-812] INFO  utils.BackgroundService (BackgroundService.java:shutdown(151)) - Shutting down service KeyDeletingService
2019-10-21 04:27:57,993 [Thread-812] INFO  handler.ContextHandler (ContextHandler.java:doStop(910)) - Stopped o.e.j.w.WebAppContext@317c5495{/,null,UNAVAILABLE}{/ozoneManager}
2019-10-21 04:27:57,994 [Thread-812] INFO  server.AbstractConnector (AbstractConnector.java:doStop(318)) - Stopped ServerConnector@1bda8c3e{HTTP/1.1,[http/1.1]}{0.0.0.0:13114}
2019-10-21 04:27:57,994 [Thread-812] INFO  handler.ContextHandler (ContextHandler.java:doStop(910)) - Stopped o.e.j.s.ServletContextHandler@76ab7646{/static,file:///workdir/hadoop-ozone/integration-test/target/test-classes/webapps/static,UNAVAILABLE}
2019-10-21 04:27:57,995 [Thread-812] INFO  handler.ContextHandler (ContextHandler.java:doStop(910)) - Stopped o.e.j.s.ServletContextHandler@45072575{/logs,file:///workdir/hadoop-ozone/integration-test/target/log,UNAVAILABLE}
2019-10-21 04:27:57,997 [Thread-812] INFO  ozone.MiniOzoneHAClusterImpl (MiniOzoneHAClusterImpl.java:stop(147)) - Stopping the OzoneManager omNode-2
2019-10-21 04:27:57,997 [Thread-812] INFO  ipc.Server (Server.java:stop(3082)) - Stopping server on 13118
2019-10-21 04:27:57,998 [IPC Server listener on 13118] INFO  ipc.Server (Server.java:run(1185)) - Stopping IPC Server listener on 13118
2019-10-21 04:27:57,999 [IPC Server Responder] INFO  ipc.Server (Server.java:run(1319)) - Stopping IPC Server Responder
2019-10-21 04:27:57,999 [Thread-812] INFO  impl.RaftServerProxy (RaftServerProxy.java:lambda$close$4(314)) - omNode-2: close
2019-10-21 04:27:57,999 [Thread-812] INFO  impl.RaftServerImpl (RaftServerImpl.java:lambda$shutdown$3(247)) - omNode-2@group-523986131536: shutdown
2019-10-21 04:27:57,999 [Thread-812] INFO  util.JmxRegister (JmxRegister.java:unregister(73)) - Successfully un-registered JMX Bean with object name Ratis:service=RaftServer,group=group-523986131536,id=omNode-2
2019-10-21 04:27:57,999 [Thread-812] INFO  impl.RoleInfo (RoleInfo.java:shutdownFollowerState(121)) - omNode-2: shutdown FollowerState
2019-10-21 04:27:58,000 [Thread-812] INFO  impl.StateMachineUpdater (StateMachineUpdater.java:stopAndJoin(136)) - omNode-2@group-523986131536-StateMachineUpdater: set stopIndex = -1
2019-10-21 04:27:58,000 [Thread-1139] INFO  impl.FollowerState (FollowerState.java:run(117)) - omNode-2@group-523986131536-FollowerState was interrupted: java.lang.InterruptedException: sleep interrupted
2019-10-21 04:27:58,000 [Thread-812] INFO  impl.RaftServerImpl (ServerState.java:close(387)) - omNode-2@group-523986131536: closes. applyIndex: -1
2019-10-21 04:27:58,000 [omNode-2@group-523986131536-SegmentedRaftLogWorker] INFO  segmented.SegmentedRaftLogWorker (SegmentedRaftLogWorker.java:run(316)) - omNode-2@group-523986131536-SegmentedRaftLogWorker was interrupted, exiting. There are 0 tasks remaining in the queue.
2019-10-21 04:27:58,001 [Thread-812] INFO  segmented.SegmentedRaftLogWorker (SegmentedRaftLogWorker.java:close(224)) - omNode-2@group-523986131536-SegmentedRaftLogWorker close()
2019-10-21 04:27:58,001 [Thread-812] INFO  server.GrpcService (GrpcService.java:closeImpl(164)) - omNode-2: shutdown server with port 13122 now
2019-10-21 04:27:58,002 [Thread-812] INFO  server.GrpcService (GrpcService.java:closeImpl(172)) - omNode-2: shutdown server with port 13122 successfully
2019-10-21 04:27:58,003 [Thread-812] INFO  ratis.OzoneManagerDoubleBuffer (OzoneManagerDoubleBuffer.java:stop(250)) - Stopping OMDoubleBuffer flush thread
2019-10-21 04:27:58,003 [OMDoubleBufferFlushThread] INFO  ratis.OzoneManagerDoubleBuffer (OzoneManagerDoubleBuffer.java:flushTransactions(193)) - OMDoubleBuffer flush thread OMDoubleBufferFlushThread is interrupted and will exit. OMDoubleBufferFlushThread
2019-10-21 04:27:58,003 [Thread-812] INFO  utils.BackgroundService (BackgroundService.java:shutdown(151)) - Shutting down service KeyDeletingService
2019-10-21 04:27:58,004 [Thread-812] INFO  handler.ContextHandler (ContextHandler.java:doStop(910)) - Stopped o.e.j.w.WebAppContext@3989b95e{/,null,UNAVAILABLE}{/ozoneManager}
2019-10-21 04:27:58,004 [Thread-812] INFO  server.AbstractConnector (AbstractConnector.java:doStop(318)) - Stopped ServerConnector@5772fa44{HTTP/1.1,[http/1.1]}{0.0.0.0:13120}
2019-10-21 04:27:58,005 [Thread-812] INFO  handler.ContextHandler (ContextHandler.java:doStop(910)) - Stopped o.e.j.s.ServletContextHandler@34670791{/static,file:///workdir/hadoop-ozone/integration-test/target/test-classes/webapps/static,UNAVAILABLE}
2019-10-21 04:27:58,005 [Thread-812] INFO  handler.ContextHandler (ContextHandler.java:doStop(910)) - Stopped o.e.j.s.ServletContextHandler@7ddc4913{/logs,file:///workdir/hadoop-ozone/integration-test/target/log,UNAVAILABLE}
2019-10-21 04:27:58,007 [Thread-812] INFO  ozone.MiniOzoneClusterImpl (MiniOzoneClusterImpl.java:stop(330)) - Stopping the Mini Ozone Cluster
2019-10-21 04:27:58,007 [Thread-812] INFO  ozone.MiniOzoneClusterImpl (MiniOzoneClusterImpl.java:stopDatanodes(377)) - Stopping the HddsDatanodes
2019-10-21 04:27:58,899 [Datanode State Machine Thread - 0] INFO  statemachine.DatanodeStateMachine (DatanodeStateMachine.java:lambda$startDaemon$0(350)) - Ozone container server started.
2019-10-21 04:27:59,907 [Thread-1128] INFO  container.ReplicationManager (ReplicationManager.java:start(163)) - Starting Replication Monitor Thread.
2019-10-21 04:27:59,908 [ReplicationMonitor] INFO  container.ReplicationManager (ReplicationManager.java:run(226)) - Replication Monitor Thread took 0 milliseconds for processing 0 containers.
2019-10-21 04:28:02,412 [Thread-1142] INFO  impl.FollowerState (FollowerState.java:run(108)) - e88334ba-d102-4706-be47-06b0a2c68759@group-D5CA9574176E-FollowerState: change to CANDIDATE, lastRpcTime:5159ms, electionTimeout:5159ms
2019-10-21 04:28:02,413 [Thread-1142] INFO  impl.RoleInfo (RoleInfo.java:shutdownFollowerState(121)) - e88334ba-d102-4706-be47-06b0a2c68759: shutdown FollowerState
2019-10-21 04:28:02,413 [Thread-1142] INFO  impl.RaftServerImpl (RaftServerImpl.java:setRole(170)) - e88334ba-d102-4706-be47-06b0a2c68759@group-D5CA9574176E: changes role from  FOLLOWER to CANDIDATE at term 0 for changeToCandidate
2019-10-21 04:28:02,413 [Thread-1142] INFO  impl.RoleInfo (RoleInfo.java:updateAndGet(143)) - e88334ba-d102-4706-be47-06b0a2c68759: start LeaderElection
2019-10-21 04:28:02,492 [e88334ba-d102-4706-be47-06b0a2c68759@group-D5CA9574176E-LeaderElection29] INFO  impl.LeaderElection (LeaderElection.java:askForVotes(178)) - e88334ba-d102-4706-be47-06b0a2c68759@group-D5CA9574176E-LeaderElection29: begin an election at term 1 for -1: [e88334ba-d102-4706-be47-06b0a2c68759:192.168.157.255:43230], old=null
2019-10-21 04:28:02,492 [e88334ba-d102-4706-be47-06b0a2c68759@group-D5CA9574176E-LeaderElection29] INFO  impl.RoleInfo (RoleInfo.java:shutdownLeaderElection(134)) - e88334ba-d102-4706-be47-06b0a2c68759: shutdown LeaderElection
2019-10-21 04:28:02,492 [e88334ba-d102-4706-be47-06b0a2c68759@group-D5CA9574176E-LeaderElection29] INFO  impl.RaftServerImpl (RaftServerImpl.java:setRole(170)) - e88334ba-d102-4706-be47-06b0a2c68759@group-D5CA9574176E: changes role from CANDIDATE to LEADER at term 1 for changeToLeader
2019-10-21 04:28:02,492 [e88334ba-d102-4706-be47-06b0a2c68759@group-D5CA9574176E-LeaderElection29] INFO  impl.RaftServerImpl (ServerState.java:setLeader(255)) - e88334ba-d102-4706-be47-06b0a2c68759@group-D5CA9574176E: change Leader from null to e88334ba-d102-4706-be47-06b0a2c68759 at term 1 for becomeLeader, leader elected after 5250ms
2019-10-21 04:28:02,492 [e88334ba-d102-4706-be47-06b0a2c68759@group-D5CA9574176E-LeaderElection29] INFO  server.RaftServerConfigKeys (ConfUtils.java:logGet(43)) - raft.server.staging.catchup.gap = 1000 (default)
2019-10-21 04:28:02,492 [e88334ba-d102-4706-be47-06b0a2c68759@group-D5CA9574176E-LeaderElection29] INFO  server.RaftServerConfigKeys (ConfUtils.java:logGet(43)) - raft.server.rpc.sleep.time = 25ms (default)
2019-10-21 04:28:02,492 [e88334ba-d102-4706-be47-06b0a2c68759@group-D5CA9574176E-LeaderElection29] INFO  server.RaftServerConfigKeys (ConfUtils.java:logGet(43)) - raft.server.write.element-limit = 4096 (default)
2019-10-21 04:28:02,493 [e88334ba-d102-4706-be47-06b0a2c68759@group-D5CA9574176E-LeaderElection29] INFO  server.RaftServerConfigKeys (ConfUtils.java:logGet(43)) - raft.server.watch.timeout = 10s (default)
2019-10-21 04:28:02,493 [e88334ba-d102-4706-be47-06b0a2c68759@group-D5CA9574176E-LeaderElection29] INFO  server.RaftServerConfigKeys (ConfUtils.java:logGet(43)) - raft.server.watch.timeout.denomination = 1s (default)
2019-10-21 04:28:02,493 [e88334ba-d102-4706-be47-06b0a2c68759@group-D5CA9574176E-LeaderElection29] INFO  server.RaftServerConfigKeys (ConfUtils.java:logGet(43)) - raft.server.watch.element-limit = 65536 (default)
2019-10-21 04:28:02,495 [e88334ba-d102-4706-be47-06b0a2c68759@group-D5CA9574176E-LeaderElection29] INFO  impl.RoleInfo (RoleInfo.java:updateAndGet(143)) - e88334ba-d102-4706-be47-06b0a2c68759: start LeaderState
2019-10-21 04:28:02,495 [e88334ba-d102-4706-be47-06b0a2c68759@group-D5CA9574176E-LeaderElection29] INFO  segmented.SegmentedRaftLogWorker (SegmentedRaftLogWorker.java:startLogSegment(385)) - e88334ba-d102-4706-be47-06b0a2c68759@group-D5CA9574176E-SegmentedRaftLogWorker: Starting segment from index:0
2019-10-21 04:28:02,496 [e88334ba-d102-4706-be47-06b0a2c68759@group-D5CA9574176E-LeaderElection29] INFO  impl.RaftServerImpl (ServerState.java:setRaftConf(356)) - e88334ba-d102-4706-be47-06b0a2c68759@group-D5CA9574176E: set configuration 0: [e88334ba-d102-4706-be47-06b0a2c68759:192.168.157.255:43230], old=null at 0
2019-10-21 04:28:02,572 [e88334ba-d102-4706-be47-06b0a2c68759@group-D5CA9574176E-SegmentedRaftLogWorker] INFO  segmented.SegmentedRaftLogWorker (SegmentedRaftLogWorker.java:execute(574)) - e88334ba-d102-4706-be47-06b0a2c68759@group-D5CA9574176E-SegmentedRaftLogWorker: created new log segment /workdir/hadoop-ozone/integration-test/target/test-dir/MiniOzoneClusterImpl-1fb6c0c1-dc02-460f-8f1c-066ce42e20b0/datanode-0/data/ratis/56adf038-fcce-4fa1-aa24-d5ca9574176e/current/log_inprogress_0
2019-10-21 04:28:03,007 [Thread-812] INFO  ozoneimpl.OzoneContainer (OzoneContainer.java:stop(227)) - Attempting to stop container services.
2019-10-21 04:28:03,008 [Thread-812] INFO  impl.RaftServerProxy (RaftServerProxy.java:lambda$close$4(314)) - e88334ba-d102-4706-be47-06b0a2c68759: close
2019-10-21 04:28:03,008 [Thread-812] INFO  impl.RaftServerImpl (RaftServerImpl.java:lambda$shutdown$3(247)) - e88334ba-d102-4706-be47-06b0a2c68759@group-D5CA9574176E: shutdown
2019-10-21 04:28:03,008 [Thread-812] INFO  util.JmxRegister (JmxRegister.java:unregister(73)) - Successfully un-registered JMX Bean with object name Ratis:service=RaftServer,group=group-D5CA9574176E,id=e88334ba-d102-4706-be47-06b0a2c68759
2019-10-21 04:28:03,009 [Thread-812] INFO  impl.RoleInfo (RoleInfo.java:shutdownLeaderState(104)) - e88334ba-d102-4706-be47-06b0a2c68759: shutdown LeaderState
2019-10-21 04:28:03,009 [Thread-812] INFO  impl.PendingRequests (PendingRequests.java:sendNotLeaderResponses(202)) - e88334ba-d102-4706-be47-06b0a2c68759@group-D5CA9574176E-PendingRequests: sendNotLeaderResponses
2019-10-21 04:28:03,009 [Thread-812] INFO  impl.StateMachineUpdater (StateMachineUpdater.java:stopAndJoin(136)) - e88334ba-d102-4706-be47-06b0a2c68759@group-D5CA9574176E-StateMachineUpdater: set stopIndex = 0
2019-10-21 04:28:03,010 [Thread-812] INFO  impl.RaftServerImpl (ServerState.java:close(387)) - e88334ba-d102-4706-be47-06b0a2c68759@group-D5CA9574176E: closes. applyIndex: 0
2019-10-21 04:28:03,010 [e88334ba-d102-4706-be47-06b0a2c68759@group-D5CA9574176E-SegmentedRaftLogWorker] INFO  segmented.SegmentedRaftLogWorker (SegmentedRaftLogWorker.java:run(316)) - e88334ba-d102-4706-be47-06b0a2c68759@group-D5CA9574176E-SegmentedRaftLogWorker was interrupted, exiting. There are 0 tasks remaining in the queue.
2019-10-21 04:28:03,013 [Thread-812] INFO  segmented.SegmentedRaftLogWorker (SegmentedRaftLogWorker.java:close(224)) - e88334ba-d102-4706-be47-06b0a2c68759@group-D5CA9574176E-SegmentedRaftLogWorker close()
2019-10-21 04:28:03,014 [Thread-812] INFO  server.GrpcService (GrpcService.java:closeImpl(164)) - e88334ba-d102-4706-be47-06b0a2c68759: shutdown server with port 43230 now
2019-10-21 04:28:03,015 [Thread-812] INFO  server.GrpcService (GrpcService.java:closeImpl(172)) - e88334ba-d102-4706-be47-06b0a2c68759: shutdown server with port 43230 successfully
2019-10-21 04:28:03,018 [refreshUsed-/workdir/hadoop-ozone/integration-test/target/test-dir/MiniOzoneClusterImpl-1fb6c0c1-dc02-460f-8f1c-066ce42e20b0/datanode-0/data/containers] WARN  fs.CachingGetSpaceUsed (CachingGetSpaceUsed.java:run(183)) - Thread Interrupted waiting to refresh disk information: sleep interrupted
2019-10-21 04:28:03,031 [Thread-812] INFO  utils.BackgroundService (BackgroundService.java:shutdown(151)) - Shutting down service BlockDeletingService
2019-10-21 04:28:03,035 [Thread-812] INFO  statemachine.DatanodeStateMachine (DatanodeStateMachine.java:stopDaemon(395)) - Ozone container server stopped.
2019-10-21 04:28:03,036 [Thread-812] INFO  handler.ContextHandler (ContextHandler.java:doStop(910)) - Stopped o.e.j.w.WebAppContext@4363e5e1{/,null,UNAVAILABLE}{/hddsDatanode}
2019-10-21 04:28:03,037 [Thread-812] INFO  server.AbstractConnector (AbstractConnector.java:doStop(318)) - Stopped ServerConnector@edb3f60{HTTP/1.1,[http/1.1]}{0.0.0.0:0}
2019-10-21 04:28:03,037 [Thread-812] INFO  handler.ContextHandler (ContextHandler.java:doStop(910)) - Stopped o.e.j.s.ServletContextHandler@3d6e26e7{/static,jar:file:/home/user/.m2/repository/org/apache/hadoop/hadoop-hdds-container-service/0.5.0-SNAPSHOT/hadoop-hdds-container-service-0.5.0-SNAPSHOT.jar!/webapps/static,UNAVAILABLE}
2019-10-21 04:28:03,037 [Thread-812] INFO  handler.ContextHandler (ContextHandler.java:doStop(910)) - Stopped o.e.j.s.ServletContextHandler@7998c73e{/logs,file:///workdir/hadoop-ozone/integration-test/target/log,UNAVAILABLE}
2019-10-21 04:28:03,038 [Thread-812] INFO  ozone.MiniOzoneClusterImpl (MiniOzoneClusterImpl.java:stopSCM(392)) - Stopping the StorageContainerManager
2019-10-21 04:28:03,038 [Thread-812] INFO  server.StorageContainerManager (StorageContainerManager.java:stop(810)) - Stopping Replication Manager Service.
2019-10-21 04:28:03,039 [Thread-812] INFO  container.ReplicationManager (ReplicationManager.java:stop(204)) - Stopping Replication Monitor Thread.
2019-10-21 04:28:03,039 [Thread-812] INFO  server.StorageContainerManager (StorageContainerManager.java:stop(817)) - Stopping Lease Manager of the command watchers
2019-10-21 04:28:03,039 [Thread-812] INFO  server.StorageContainerManager (StorageContainerManager.java:stop(824)) - Stopping datanode service RPC server
2019-10-21 04:28:03,039 [Thread-812] INFO  server.SCMDatanodeProtocolServer (SCMDatanodeProtocolServer.java:stop(346)) - Stopping the RPC server for DataNodes
2019-10-21 04:28:03,039 [Thread-812] INFO  ipc.Server (Server.java:stop(3082)) - Stopping server on 34804
2019-10-21 04:28:03,040 [IPC Server listener on 34804] INFO  ipc.Server (Server.java:run(1185)) - Stopping IPC Server listener on 34804
2019-10-21 04:28:03,046 [IPC Server Responder] INFO  ipc.Server (Server.java:run(1319)) - Stopping IPC Server Responder
2019-10-21 04:28:03,084 [SCM Heartbeat Processing Thread - 0] WARN  node.NodeStateManager (NodeStateManager.java:scheduleNextHealthCheck(655)) - Current Thread is interrupted, shutting down HB processing thread for Node Manager.
2019-10-21 04:28:03,085 [Thread-812] INFO  server.StorageContainerManager (StorageContainerManager.java:stop(832)) - Stopping block service RPC server
2019-10-21 04:28:03,085 [Thread-812] INFO  server.SCMBlockProtocolServer (SCMBlockProtocolServer.java:stop(155)) - Stopping the RPC server for Block Protocol
2019-10-21 04:28:03,085 [Thread-812] INFO  ipc.Server (Server.java:stop(3082)) - Stopping server on 41543
2019-10-21 04:28:03,086 [IPC Server listener on 41543] INFO  ipc.Server (Server.java:run(1185)) - Stopping IPC Server listener on 41543
2019-10-21 04:28:03,087 [Thread-812] INFO  server.StorageContainerManager (StorageContainerManager.java:stop(839)) - Stopping the StorageContainerLocationProtocol RPC server
2019-10-21 04:28:03,087 [IPC Server Responder] INFO  ipc.Server (Server.java:run(1319)) - Stopping IPC Server Responder
2019-10-21 04:28:03,087 [Thread-812] INFO  server.SCMClientProtocolServer (SCMClientProtocolServer.java:stop(168)) - Stopping the RPC server for Client Protocol
2019-10-21 04:28:03,087 [Thread-812] INFO  ipc.Server (Server.java:stop(3082)) - Stopping server on 35743
2019-10-21 04:28:03,089 [IPC Server listener on 35743] INFO  ipc.Server (Server.java:run(1185)) - Stopping IPC Server listener on 35743
2019-10-21 04:28:03,089 [Thread-812] INFO  server.StorageContainerManager (StorageContainerManager.java:stop(846)) - Stopping Storage Container Manager HTTP server.
2019-10-21 04:28:03,090 [IPC Server Responder] INFO  ipc.Server (Server.java:run(1319)) - Stopping IPC Server Responder
2019-10-21 04:28:03,091 [Thread-812] INFO  handler.ContextHandler (ContextHandler.java:doStop(910)) - Stopped o.e.j.w.WebAppContext@5e62c24c{/,null,UNAVAILABLE}{/scm}
2019-10-21 04:28:03,091 [Thread-812] INFO  server.AbstractConnector (AbstractConnector.java:doStop(318)) - Stopped ServerConnector@8db77c2{HTTP/1.1,[http/1.1]}{0.0.0.0:0}
2019-10-21 04:28:03,092 [Thread-812] INFO  handler.ContextHandler (ContextHandler.java:doStop(910)) - Stopped o.e.j.s.ServletContextHandler@b0a9092{/static,file:///workdir/hadoop-ozone/integration-test/target/test-classes/webapps/static,UNAVAILABLE}
2019-10-21 04:28:03,092 [Thread-812] INFO  handler.ContextHandler (ContextHandler.java:doStop(910)) - Stopped o.e.j.s.ServletContextHandler@464d3497{/logs,file:///workdir/hadoop-ozone/integration-test/target/log,UNAVAILABLE}
2019-10-21 04:28:03,093 [Thread-812] INFO  server.StorageContainerManager (StorageContainerManager.java:stop(857)) - Stopping Block Manager Service.
2019-10-21 04:28:03,093 [Thread-812] INFO  utils.BackgroundService (BackgroundService.java:shutdown(151)) - Shutting down service SCMBlockDeletingService
2019-10-21 04:28:03,093 [Thread-812] INFO  utils.BackgroundService (BackgroundService.java:shutdown(151)) - Shutting down service SCMBlockDeletingService
2019-10-21 04:28:03,094 [Thread-812] INFO  server.StorageContainerManager (StorageContainerManager.java:stop(879)) - Stopping SCM Event Queue.
2019-10-21 04:28:03,097 [Thread-812] INFO  impl.MetricsSystemImpl (MetricsSystemImpl.java:stop(210)) - Stopping HddsDatanode metrics system...
2019-10-21 04:28:03,101 [Thread-812] INFO  impl.MetricsSystemImpl (MetricsSystemImpl.java:stop(216)) - HddsDatanode metrics system stopped.
]]></system-out>
  </testcase>
  <testcase name="testOMRetryProxy" classname="org.apache.hadoop.ozone.om.TestOzoneManagerHA" time="141.726"/>
  <testcase name="testOMProxyProviderFailoverToCurrentLeader" classname="org.apache.hadoop.ozone.om.TestOzoneManagerHA" time="19.827"/>
  <testcase name="testAddBucketAcl" classname="org.apache.hadoop.ozone.om.TestOzoneManagerHA" time="14.416"/>
  <testcase name="testMultipartUploadWithOneOmNodeDown" classname="org.apache.hadoop.ozone.om.TestOzoneManagerHA" time="23.668"/>
  <testcase name="testAllBucketOperations" classname="org.apache.hadoop.ozone.om.TestOzoneManagerHA" time="14.951"/>
  <testcase name="testOMProxyProviderFailoverOnConnectionFailure" classname="org.apache.hadoop.ozone.om.TestOzoneManagerHA" time="18.707"/>
  <testcase name="testAllOMNodesRunning" classname="org.apache.hadoop.ozone.om.TestOzoneManagerHA" time="20.804"/>
  <testcase name="testRemoveBucketAcl" classname="org.apache.hadoop.ozone.om.TestOzoneManagerHA" time="15.069"/>
  <testcase name="testAddPrefixAcl" classname="org.apache.hadoop.ozone.om.TestOzoneManagerHA" time="16.656"/>
  <testcase name="testReadRequest" classname="org.apache.hadoop.ozone.om.TestOzoneManagerHA" time="15.982"/>
  <testcase name="testRemoveKeyAcl" classname="org.apache.hadoop.ozone.om.TestOzoneManagerHA" time="26.071">
    <error message="Couldn&apos;t create RpcClient protocol" type="java.io.IOException"><![CDATA[java.io.IOException: Couldn't create RpcClient protocol
	at org.apache.hadoop.ozone.client.OzoneClientFactory.getClientProtocol(OzoneClientFactory.java:263)
	at org.apache.hadoop.ozone.client.OzoneClientFactory.getRpcClient(OzoneClientFactory.java:187)
	at org.apache.hadoop.ozone.om.TestOzoneManagerHA.init(TestOzoneManagerHA.java:145)
	at sun.reflect.NativeMethodAccessorImpl.invoke0(Native Method)
	at sun.reflect.NativeMethodAccessorImpl.invoke(NativeMethodAccessorImpl.java:62)
	at sun.reflect.DelegatingMethodAccessorImpl.invoke(DelegatingMethodAccessorImpl.java:43)
	at java.lang.reflect.Method.invoke(Method.java:498)
	at org.junit.runners.model.FrameworkMethod$1.runReflectiveCall(FrameworkMethod.java:47)
	at org.junit.internal.runners.model.ReflectiveCallable.run(ReflectiveCallable.java:12)
	at org.junit.runners.model.FrameworkMethod.invokeExplosively(FrameworkMethod.java:44)
	at org.junit.internal.runners.statements.RunBefores.evaluate(RunBefores.java:24)
	at org.junit.internal.runners.statements.RunAfters.evaluate(RunAfters.java:27)
	at org.junit.rules.ExpectedException$ExpectedExceptionStatement.evaluate(ExpectedException.java:168)
	at org.junit.internal.runners.statements.FailOnTimeout$StatementThread.run(FailOnTimeout.java:74)
Caused by: org.apache.hadoop.ipc.RemoteException(org.apache.hadoop.ozone.om.exceptions.NotLeaderException): OM omNode-2 is not the leader. Suggested leader is Optional.empty
	at org.apache.hadoop.ozone.protocolPB.OzoneManagerProtocolServerSideTranslatorPB.createNotLeaderException(OzoneManagerProtocolServerSideTranslatorPB.java:192)
	at org.apache.hadoop.ozone.protocolPB.OzoneManagerProtocolServerSideTranslatorPB.submitReadRequestToOM(OzoneManagerProtocolServerSideTranslatorPB.java:178)
	at org.apache.hadoop.ozone.protocolPB.OzoneManagerProtocolServerSideTranslatorPB.processRequest(OzoneManagerProtocolServerSideTranslatorPB.java:110)
	at org.apache.hadoop.hdds.server.OzoneProtocolMessageDispatcher.processRequest(OzoneProtocolMessageDispatcher.java:72)
	at org.apache.hadoop.ozone.protocolPB.OzoneManagerProtocolServerSideTranslatorPB.submitRequest(OzoneManagerProtocolServerSideTranslatorPB.java:100)
	at org.apache.hadoop.ozone.protocol.proto.OzoneManagerProtocolProtos$OzoneManagerService$2.callBlockingMethod(OzoneManagerProtocolProtos.java)
	at org.apache.hadoop.ipc.ProtobufRpcEngine$Server$ProtoBufRpcInvoker.call(ProtobufRpcEngine.java:524)
	at org.apache.hadoop.ipc.RPC$Server.call(RPC.java:1025)
	at org.apache.hadoop.ipc.Server$RpcCall.run(Server.java:876)
	at org.apache.hadoop.ipc.Server$RpcCall.run(Server.java:822)
	at java.security.AccessController.doPrivileged(Native Method)
	at javax.security.auth.Subject.doAs(Subject.java:422)
	at org.apache.hadoop.security.UserGroupInformation.doAs(UserGroupInformation.java:1730)
	at org.apache.hadoop.ipc.Server$Handler.run(Server.java:2682)

	at org.apache.hadoop.ipc.Client.getRpcResponse(Client.java:1511)
	at org.apache.hadoop.ipc.Client.call(Client.java:1457)
	at org.apache.hadoop.ipc.Client.call(Client.java:1367)
	at org.apache.hadoop.ipc.ProtobufRpcEngine$Invoker.invoke(ProtobufRpcEngine.java:228)
	at org.apache.hadoop.ipc.ProtobufRpcEngine$Invoker.invoke(ProtobufRpcEngine.java:116)
	at com.sun.proxy.$Proxy37.submitRequest(Unknown Source)
	at sun.reflect.GeneratedMethodAccessor20.invoke(Unknown Source)
	at sun.reflect.DelegatingMethodAccessorImpl.invoke(DelegatingMethodAccessorImpl.java:43)
	at java.lang.reflect.Method.invoke(Method.java:498)
	at org.apache.hadoop.io.retry.RetryInvocationHandler.invokeMethod(RetryInvocationHandler.java:422)
	at org.apache.hadoop.io.retry.RetryInvocationHandler$Call.invokeMethod(RetryInvocationHandler.java:165)
	at org.apache.hadoop.io.retry.RetryInvocationHandler$Call.invoke(RetryInvocationHandler.java:157)
	at org.apache.hadoop.io.retry.RetryInvocationHandler$Call.invokeOnce(RetryInvocationHandler.java:95)
	at org.apache.hadoop.io.retry.RetryInvocationHandler.invoke(RetryInvocationHandler.java:359)
	at com.sun.proxy.$Proxy37.submitRequest(Unknown Source)
	at org.apache.hadoop.ozone.om.protocolPB.OzoneManagerProtocolClientSideTranslatorPB.submitRequest(OzoneManagerProtocolClientSideTranslatorPB.java:338)
	at org.apache.hadoop.ozone.om.protocolPB.OzoneManagerProtocolClientSideTranslatorPB.getServiceInfo(OzoneManagerProtocolClientSideTranslatorPB.java:1223)
	at sun.reflect.GeneratedMethodAccessor192.invoke(Unknown Source)
	at sun.reflect.DelegatingMethodAccessorImpl.invoke(DelegatingMethodAccessorImpl.java:43)
	at java.lang.reflect.Method.invoke(Method.java:498)
	at org.apache.hadoop.hdds.tracing.TraceAllMethod.invoke(TraceAllMethod.java:66)
	at com.sun.proxy.$Proxy38.getServiceInfo(Unknown Source)
	at org.apache.hadoop.ozone.client.rpc.RpcClient.<init>(RpcClient.java:154)
	at org.apache.hadoop.ozone.client.OzoneClientFactory.getClientProtocol(OzoneClientFactory.java:256)
	... 13 more
]]></error>
    <system-out><![CDATA[2019-10-21 04:33:04,939 [Thread-4254] WARN  server.ServerUtils (ServerUtils.java:getScmDbDir(145)) - ozone.scm.db.dirs is not configured. We recommend adding this setting. Falling back to ozone.metadata.dirs instead.
2019-10-21 04:33:05,002 [Thread-4254] WARN  server.ServerUtils (ServerUtils.java:getScmDbDir(145)) - ozone.scm.db.dirs is not configured. We recommend adding this setting. Falling back to ozone.metadata.dirs instead.
2019-10-21 04:33:05,003 [Thread-4254] WARN  server.ServerUtils (ServerUtils.java:getScmDbDir(145)) - ozone.scm.db.dirs is not configured. We recommend adding this setting. Falling back to ozone.metadata.dirs instead.
2019-10-21 04:33:05,003 [Thread-4254] INFO  db.DBStoreBuilder (DBStoreBuilder.java:addTable(117)) - using custom profile for table: deletedBlocks
2019-10-21 04:33:05,003 [Thread-4254] INFO  db.DBStoreBuilder (DBStoreBuilder.java:processTables(168)) - Using default column profile:DBProfile.DISK for Table:deletedBlocks
2019-10-21 04:33:05,003 [Thread-4254] INFO  db.DBStoreBuilder (DBStoreBuilder.java:addTable(117)) - using custom profile for table: validCerts
2019-10-21 04:33:05,003 [Thread-4254] INFO  db.DBStoreBuilder (DBStoreBuilder.java:processTables(168)) - Using default column profile:DBProfile.DISK for Table:validCerts
2019-10-21 04:33:05,003 [Thread-4254] INFO  db.DBStoreBuilder (DBStoreBuilder.java:addTable(117)) - using custom profile for table: revokedCerts
2019-10-21 04:33:05,003 [Thread-4254] INFO  db.DBStoreBuilder (DBStoreBuilder.java:processTables(168)) - Using default column profile:DBProfile.DISK for Table:revokedCerts
2019-10-21 04:33:05,004 [Thread-4254] INFO  db.DBStoreBuilder (DBStoreBuilder.java:addTable(117)) - using custom profile for table: default
2019-10-21 04:33:05,004 [Thread-4254] INFO  db.DBStoreBuilder (DBStoreBuilder.java:processTables(174)) - Using default column profile:DBProfile.DISK for Table:default
2019-10-21 04:33:05,004 [Thread-4254] INFO  db.DBStoreBuilder (DBStoreBuilder.java:getDbProfile(205)) - Using default options. DBProfile.DISK
2019-10-21 04:33:06,322 [Thread-4254] INFO  net.NodeSchemaLoader (NodeSchemaLoader.java:loadSchemaFromFile(125)) - Loading file from sun.misc.CompoundEnumeration@3b40c02f
2019-10-21 04:33:06,322 [Thread-4254] INFO  net.NodeSchemaLoader (NodeSchemaLoader.java:loadSchema(171)) - Loading network topology layer schema file
2019-10-21 04:33:06,326 [Thread-4254] WARN  server.ServerUtils (ServerUtils.java:sanitizeUserArgs(70)) - ozone.scm.stale.node.interval value = 300000 is larger than max = 100000 based on the key value of ozone.scm.heartbeat.thread.interval, reset to the max value 100000.
2019-10-21 04:33:06,326 [Thread-4254] WARN  server.ServerUtils (ServerUtils.java:sanitizeUserArgs(70)) - ozone.scm.stale.node.interval value = 300000 is larger than max = 100000 based on the key value of ozone.scm.heartbeat.thread.interval, reset to the max value 100000.
2019-10-21 04:33:06,326 [Thread-4254] INFO  node.SCMNodeManager (SCMNodeManager.java:<init>(116)) - Entering startup safe mode.
2019-10-21 04:33:06,327 [Thread-4254] INFO  algorithms.ContainerPlacementPolicyFactory (ContainerPlacementPolicyFactory.java:getPolicy(59)) - Create container placement policy of type org.apache.hadoop.hdds.scm.container.placement.algorithms.SCMContainerPlacementRandom
2019-10-21 04:33:06,327 [Thread-4254] WARN  server.ServerUtils (ServerUtils.java:getScmDbDir(145)) - ozone.scm.db.dirs is not configured. We recommend adding this setting. Falling back to ozone.metadata.dirs instead.
2019-10-21 04:33:07,931 [Thread-4254] INFO  pipeline.SCMPipelineManager (SCMPipelineManager.java:initializePipelineState(137)) - No pipeline exists in current db
2019-10-21 04:33:07,932 [Thread-4254] WARN  server.ServerUtils (ServerUtils.java:getScmDbDir(145)) - ozone.scm.db.dirs is not configured. We recommend adding this setting. Falling back to ozone.metadata.dirs instead.
2019-10-21 04:33:08,285 [Thread-4254] WARN  events.EventQueue (EventQueue.java:fireEvent(183)) - No event handler registered for event TypedEvent{payloadType=SafeModeStatus, name='SafeModeStatus'}
2019-10-21 04:33:08,286 [Thread-4254] INFO  ipc.CallQueueManager (CallQueueManager.java:<init>(84)) - Using callQueue: class java.util.concurrent.LinkedBlockingQueue, queueCapacity: 2000, scheduler: class org.apache.hadoop.ipc.DefaultRpcScheduler, ipcBackoff: false.
2019-10-21 04:33:08,286 [Socket Reader #1 for port 43803] INFO  ipc.Server (Server.java:run(1074)) - Starting Socket Reader #1 for port 43803
2019-10-21 04:33:08,288 [Thread-4254] INFO  ipc.CallQueueManager (CallQueueManager.java:<init>(84)) - Using callQueue: class java.util.concurrent.LinkedBlockingQueue, queueCapacity: 2000, scheduler: class org.apache.hadoop.ipc.DefaultRpcScheduler, ipcBackoff: false.
2019-10-21 04:33:08,289 [Socket Reader #1 for port 35138] INFO  ipc.Server (Server.java:run(1074)) - Starting Socket Reader #1 for port 35138
2019-10-21 04:33:08,290 [Thread-4254] INFO  ipc.CallQueueManager (CallQueueManager.java:<init>(84)) - Using callQueue: class java.util.concurrent.LinkedBlockingQueue, queueCapacity: 2000, scheduler: class org.apache.hadoop.ipc.DefaultRpcScheduler, ipcBackoff: false.
2019-10-21 04:33:08,290 [Socket Reader #1 for port 38619] INFO  ipc.Server (Server.java:run(1074)) - Starting Socket Reader #1 for port 38619
2019-10-21 04:33:08,292 [Thread-4254] INFO  hdfs.DFSUtil (DFSUtil.java:httpServerTemplateForNNAndJN(1641)) - Starting Web-server for scm at: http://0.0.0.0:0
2019-10-21 04:33:08,294 [Thread-4254] INFO  server.AuthenticationFilter (AuthenticationFilter.java:constructSecretProvider(240)) - Unable to initialize FileSignerSecretProvider, falling back to use random secrets.
2019-10-21 04:33:08,294 [Thread-4254] WARN  http.HttpRequestLog (HttpRequestLog.java:getRequestLog(97)) - Jetty request log can only be enabled using Log4j
2019-10-21 04:33:08,295 [Thread-4254] INFO  http.HttpServer2 (HttpServer2.java:addGlobalFilter(975)) - Added global filter 'safety' (class=org.apache.hadoop.http.HttpServer2$QuotingInputFilter)
2019-10-21 04:33:08,296 [Thread-4254] INFO  http.HttpServer2 (HttpServer2.java:addFilter(948)) - Added filter static_user_filter (class=org.apache.hadoop.http.lib.StaticUserWebFilter$StaticUserFilter) to context scm
2019-10-21 04:33:08,296 [Thread-4254] INFO  http.HttpServer2 (HttpServer2.java:addFilter(958)) - Added filter static_user_filter (class=org.apache.hadoop.http.lib.StaticUserWebFilter$StaticUserFilter) to context static
2019-10-21 04:33:08,296 [Thread-4254] INFO  http.HttpServer2 (HttpServer2.java:addFilter(958)) - Added filter static_user_filter (class=org.apache.hadoop.http.lib.StaticUserWebFilter$StaticUserFilter) to context logs
2019-10-21 04:33:08,297 [Thread-4254] INFO  server.StorageContainerManager (StorageContainerManager.java:start(772)) - StorageContainerLocationProtocol RPC server is listening at /0.0.0.0:38619
2019-10-21 04:33:08,299 [Thread-4254] WARN  impl.MetricsConfig (MetricsConfig.java:loadFirst(134)) - Cannot locate configuration: tried hadoop-metrics2-storagecontainermanager.properties,hadoop-metrics2.properties
2019-10-21 04:33:08,299 [Thread-4254] INFO  impl.MetricsSystemImpl (MetricsSystemImpl.java:startTimer(374)) - Scheduled Metric snapshot period at 10 second(s).
2019-10-21 04:33:08,299 [Thread-4254] INFO  impl.MetricsSystemImpl (MetricsSystemImpl.java:start(191)) - StorageContainerManager metrics system started
2019-10-21 04:33:08,386 [Thread-4254] WARN  impl.MetricsSystemImpl (MetricsSystemImpl.java:register(276)) - Sink prometheus already exists!
2019-10-21 04:33:08,464 [Thread-4254] INFO  server.SCMClientProtocolServer (SCMClientProtocolServer.java:start(159)) - RPC server for Client  is listening at /0.0.0.0:38619
2019-10-21 04:33:08,465 [IPC Server Responder] INFO  ipc.Server (Server.java:run(1314)) - IPC Server Responder: starting
2019-10-21 04:33:08,465 [IPC Server listener on 38619] INFO  ipc.Server (Server.java:run(1153)) - IPC Server listener on 38619: starting
2019-10-21 04:33:08,469 [Thread-4254] INFO  server.StorageContainerManager (StorageContainerManager.java:start(782)) - ScmBlockLocationProtocol RPC server is listening at /0.0.0.0:35138
2019-10-21 04:33:08,469 [Thread-4254] INFO  server.SCMBlockProtocolServer (SCMBlockProtocolServer.java:start(146)) - RPC server for Block Protocol is listening at /0.0.0.0:35138
2019-10-21 04:33:08,469 [IPC Server Responder] INFO  ipc.Server (Server.java:run(1314)) - IPC Server Responder: starting
2019-10-21 04:33:08,470 [IPC Server listener on 35138] INFO  ipc.Server (Server.java:run(1153)) - IPC Server listener on 35138: starting
2019-10-21 04:33:08,472 [Thread-4254] INFO  server.StorageContainerManager (StorageContainerManager.java:start(786)) - ScmDatanodeProtocl RPC server is listening at /0.0.0.0:43803
2019-10-21 04:33:08,473 [Thread-4254] INFO  server.SCMDatanodeProtocolServer (SCMDatanodeProtocolServer.java:start(169)) - RPC server for DataNodes is listening at /0.0.0.0:43803
2019-10-21 04:33:08,473 [IPC Server Responder] INFO  ipc.Server (Server.java:run(1314)) - IPC Server Responder: starting
2019-10-21 04:33:08,473 [IPC Server listener on 43803] INFO  ipc.Server (Server.java:run(1153)) - IPC Server listener on 43803: starting
2019-10-21 04:33:08,476 [Thread-4254] INFO  http.HttpServer2 (HttpServer2.java:bindListener(1191)) - Jetty bound to port 35583
2019-10-21 04:33:08,476 [Thread-4254] INFO  server.Server (Server.java:doStart(351)) - jetty-9.3.25.v20180904, build timestamp: 2018-09-04T21:11:46Z, git hash: 3ce520221d0240229c862b122d2b06c12a625732
2019-10-21 04:33:08,477 [Thread-4254] INFO  handler.ContextHandler (ContextHandler.java:doStart(781)) - Started o.e.j.s.ServletContextHandler@4d835d78{/logs,file:///workdir/hadoop-ozone/integration-test/target/log,AVAILABLE}
2019-10-21 04:33:08,477 [Thread-4254] INFO  handler.ContextHandler (ContextHandler.java:doStart(781)) - Started o.e.j.s.ServletContextHandler@4079b38b{/static,file:///workdir/hadoop-ozone/integration-test/target/test-classes/webapps/static,AVAILABLE}
2019-10-21 04:33:08,626 [Thread-4254] INFO  handler.ContextHandler (ContextHandler.java:doStart(781)) - Started o.e.j.w.WebAppContext@3e4eadb4{/,file:///workdir/hadoop-ozone/integration-test/target/test-classes/webapps/scm/,AVAILABLE}{/scm}
2019-10-21 04:33:08,627 [Thread-4254] INFO  server.AbstractConnector (AbstractConnector.java:doStart(278)) - Started ServerConnector@bd3db55{HTTP/1.1,[http/1.1]}{0.0.0.0:35583}
2019-10-21 04:33:08,628 [Thread-4254] INFO  server.Server (Server.java:doStart(419)) - Started @415903ms
2019-10-21 04:33:08,628 [Thread-4254] WARN  impl.MetricsSystemImpl (MetricsSystemImpl.java:register(276)) - Sink prometheus already exists!
2019-10-21 04:33:08,629 [Thread-4254] INFO  server.BaseHttpServer (BaseHttpServer.java:updateConnectorAddress(215)) - HTTP server of SCM is listening at http://0.0.0.0:35583
2019-10-21 04:33:08,630 [org.apache.hadoop.util.JvmPauseMonitor$Monitor@46947baa] INFO  util.JvmPauseMonitor (JvmPauseMonitor.java:run(188)) - Starting JVM pause monitor
2019-10-21 04:33:08,631 [Thread-4254] WARN  server.ServerUtils (ServerUtils.java:getDBPath(222)) - ozone.om.db.dirs is not configured. We recommend adding this setting. Falling back to ozone.metadata.dirs instead.
2019-10-21 04:33:08,701 [Thread-4254] INFO  ha.OMHANodeDetails (OMHANodeDetails.java:loadOMHAConfig(165)) - Found matching OM address with OMServiceId: om-service-test1, OMNodeId: omNode-1, RPC Address: localhost:12244 and Ratis port: 12248
2019-10-21 04:33:08,701 [Thread-4254] INFO  ha.OMHANodeDetails (OMHANodeDetails.java:setOMNodeSpecificConfigs(298)) - Setting configuration key ozone.om.http-address with value of key ozone.om.http-address.omNode-1: 127.0.0.1:12246
2019-10-21 04:33:08,701 [Thread-4254] INFO  ha.OMHANodeDetails (OMHANodeDetails.java:setOMNodeSpecificConfigs(298)) - Setting configuration key ozone.om.https-address with value of key ozone.om.https-address.omNode-1: 127.0.0.1:12247
2019-10-21 04:33:08,701 [Thread-4254] INFO  ha.OMHANodeDetails (OMHANodeDetails.java:setOMNodeSpecificConfigs(298)) - Setting configuration key ozone.om.address with value of key ozone.om.address.omNode-1: 127.0.0.1:12244
2019-10-21 04:33:08,701 [Thread-4254] WARN  server.ServerUtils (ServerUtils.java:getDBPath(222)) - ozone.om.db.dirs is not configured. We recommend adding this setting. Falling back to ozone.metadata.dirs instead.
2019-10-21 04:33:08,701 [Thread-4254] WARN  server.ServerUtils (ServerUtils.java:getDBPath(222)) - ozone.om.db.dirs is not configured. We recommend adding this setting. Falling back to ozone.metadata.dirs instead.
2019-10-21 04:33:08,708 [Thread-4254] WARN  server.ServerUtils (ServerUtils.java:getDBPath(222)) - ozone.om.db.dirs is not configured. We recommend adding this setting. Falling back to ozone.metadata.dirs instead.
2019-10-21 04:33:08,708 [Thread-4254] INFO  db.DBStoreBuilder (DBStoreBuilder.java:addTable(117)) - using custom profile for table: userTable
2019-10-21 04:33:08,708 [Thread-4254] INFO  db.DBStoreBuilder (DBStoreBuilder.java:processTables(168)) - Using default column profile:DBProfile.DISK for Table:userTable
2019-10-21 04:33:08,708 [Thread-4254] INFO  db.DBStoreBuilder (DBStoreBuilder.java:addTable(117)) - using custom profile for table: volumeTable
2019-10-21 04:33:08,708 [Thread-4254] INFO  db.DBStoreBuilder (DBStoreBuilder.java:processTables(168)) - Using default column profile:DBProfile.DISK for Table:volumeTable
2019-10-21 04:33:08,708 [Thread-4254] INFO  db.DBStoreBuilder (DBStoreBuilder.java:addTable(117)) - using custom profile for table: bucketTable
2019-10-21 04:33:08,708 [Thread-4254] INFO  db.DBStoreBuilder (DBStoreBuilder.java:processTables(168)) - Using default column profile:DBProfile.DISK for Table:bucketTable
2019-10-21 04:33:08,708 [Thread-4254] INFO  db.DBStoreBuilder (DBStoreBuilder.java:addTable(117)) - using custom profile for table: keyTable
2019-10-21 04:33:08,708 [Thread-4254] INFO  db.DBStoreBuilder (DBStoreBuilder.java:processTables(168)) - Using default column profile:DBProfile.DISK for Table:keyTable
2019-10-21 04:33:08,709 [Thread-4254] INFO  db.DBStoreBuilder (DBStoreBuilder.java:addTable(117)) - using custom profile for table: deletedTable
2019-10-21 04:33:08,709 [Thread-4254] INFO  db.DBStoreBuilder (DBStoreBuilder.java:processTables(168)) - Using default column profile:DBProfile.DISK for Table:deletedTable
2019-10-21 04:33:08,709 [Thread-4254] INFO  db.DBStoreBuilder (DBStoreBuilder.java:addTable(117)) - using custom profile for table: openKeyTable
2019-10-21 04:33:08,709 [Thread-4254] INFO  db.DBStoreBuilder (DBStoreBuilder.java:processTables(168)) - Using default column profile:DBProfile.DISK for Table:openKeyTable
2019-10-21 04:33:08,709 [Thread-4254] INFO  db.DBStoreBuilder (DBStoreBuilder.java:addTable(117)) - using custom profile for table: s3Table
2019-10-21 04:33:08,709 [Thread-4254] INFO  db.DBStoreBuilder (DBStoreBuilder.java:processTables(168)) - Using default column profile:DBProfile.DISK for Table:s3Table
2019-10-21 04:33:08,709 [Thread-4254] INFO  db.DBStoreBuilder (DBStoreBuilder.java:addTable(117)) - using custom profile for table: multipartInfoTable
2019-10-21 04:33:08,709 [Thread-4254] INFO  db.DBStoreBuilder (DBStoreBuilder.java:processTables(168)) - Using default column profile:DBProfile.DISK for Table:multipartInfoTable
2019-10-21 04:33:08,709 [Thread-4254] INFO  db.DBStoreBuilder (DBStoreBuilder.java:addTable(117)) - using custom profile for table: dTokenTable
2019-10-21 04:33:08,709 [Thread-4254] INFO  db.DBStoreBuilder (DBStoreBuilder.java:processTables(168)) - Using default column profile:DBProfile.DISK for Table:dTokenTable
2019-10-21 04:33:08,709 [Thread-4254] INFO  db.DBStoreBuilder (DBStoreBuilder.java:addTable(117)) - using custom profile for table: s3SecretTable
2019-10-21 04:33:08,709 [Thread-4254] INFO  db.DBStoreBuilder (DBStoreBuilder.java:processTables(168)) - Using default column profile:DBProfile.DISK for Table:s3SecretTable
2019-10-21 04:33:08,710 [Thread-4254] INFO  db.DBStoreBuilder (DBStoreBuilder.java:addTable(117)) - using custom profile for table: prefixTable
2019-10-21 04:33:08,710 [Thread-4254] INFO  db.DBStoreBuilder (DBStoreBuilder.java:processTables(168)) - Using default column profile:DBProfile.DISK for Table:prefixTable
2019-10-21 04:33:08,710 [Thread-4254] INFO  db.DBStoreBuilder (DBStoreBuilder.java:addTable(117)) - using custom profile for table: default
2019-10-21 04:33:08,710 [Thread-4254] INFO  db.DBStoreBuilder (DBStoreBuilder.java:processTables(174)) - Using default column profile:DBProfile.DISK for Table:default
2019-10-21 04:33:08,710 [Thread-4254] INFO  db.DBStoreBuilder (DBStoreBuilder.java:getDbProfile(205)) - Using default options. DBProfile.DISK
2019-10-21 04:33:11,608 [Thread-4254] WARN  scm.HddsServerUtil (HddsServerUtil.java:getDefaultRatisDirectory(354)) - Storage directory for Ratis is not configured. It is a good idea to map this to an SSD disk. Falling back to ozone.metadata.dirs
2019-10-21 04:33:11,609 [Thread-4254] INFO  ratis.OzoneManagerRatisServer (OzoneManagerRatisServer.java:<init>(243)) - Instantiating OM Ratis server with GroupID: om-service-test1 and Raft Peers: localhost:12248, localhost:12254, localhost:12260
2019-10-21 04:33:11,609 [Thread-4254] INFO  impl.RaftServerProxy (ConfUtils.java:logGet(43)) - raft.rpc.type = GRPC (default)
2019-10-21 04:33:11,609 [Thread-4254] INFO  grpc.GrpcFactory (GrpcFactory.java:checkPooledByteBufAllocatorUseCacheForAllThreads(45)) - PERFORMANCE WARNING: useCacheForAllThreads is true that may cause Netty to create a lot garbage objects and, as a result, trigger GC.
	It is recommended to disable useCacheForAllThreads by setting -Dorg.apache.ratis.thirdparty.io.netty.allocator.useCacheForAllThreads=false in command line.
2019-10-21 04:33:11,610 [Thread-4254] INFO  grpc.GrpcConfigKeys$Server (ConfUtils.java:logGet(43)) - raft.grpc.server.port = 12248 (custom)
2019-10-21 04:33:11,610 [Thread-4254] INFO  server.GrpcService (ConfUtils.java:logGet(43)) - raft.grpc.message.size.max = 33554432 (custom)
2019-10-21 04:33:11,610 [Thread-4254] INFO  server.RaftServerConfigKeys (ConfUtils.java:logGet(43)) - raft.server.log.appender.buffer.byte-limit = 33554432 (custom)
2019-10-21 04:33:11,610 [Thread-4254] INFO  server.GrpcService (ConfUtils.java:logGet(43)) - raft.grpc.flow.control.window = 1MB (=1048576) (default)
2019-10-21 04:33:11,610 [Thread-4254] INFO  server.RaftServerConfigKeys (ConfUtils.java:logGet(43)) - raft.server.rpc.request.timeout = 3000ms (default)
2019-10-21 04:33:11,610 [Thread-4254] INFO  server.RaftServerConfigKeys (ConfUtils.java:logGet(43)) - raft.server.storage.dir = [/workdir/hadoop-ozone/integration-test/target/test-dir/MiniOzoneClusterImpl-d137178b-6ed7-4be6-b952-7bc2bf04e198/omNode-1/ratis] (custom)
2019-10-21 04:33:11,611 [Thread-4254] INFO  impl.RaftServerProxy (RaftServerProxy.java:addNew(89)) - omNode-1: addNew group-523986131536:[omNode-3:localhost:12260, omNode-1:localhost:12248, omNode-2:localhost:12254] returns group-523986131536:java.util.concurrent.CompletableFuture@4cd51a65[Not completed]
2019-10-21 04:33:11,611 [pool-885-thread-1] INFO  impl.RaftServerImpl (RaftServerImpl.java:<init>(95)) - omNode-1: new RaftServerImpl for group-523986131536:[omNode-3:localhost:12260, omNode-1:localhost:12248, omNode-2:localhost:12254] with OzoneManagerStateMachine:uninitialized
2019-10-21 04:33:11,611 [Thread-4254] INFO  om.OzoneManager (OzoneManager.java:initializeRatisServer(1217)) - OzoneManager Ratis server initialized at port 12248
2019-10-21 04:33:11,611 [pool-885-thread-1] INFO  server.RaftServerConfigKeys (ConfUtils.java:logGet(43)) - raft.server.rpc.timeout.min = 1s (custom)
2019-10-21 04:33:11,611 [Thread-4254] WARN  scm.HddsServerUtil (HddsServerUtil.java:getDefaultRatisDirectory(354)) - Storage directory for Ratis is not configured. It is a good idea to map this to an SSD disk. Falling back to ozone.metadata.dirs
2019-10-21 04:33:11,611 [pool-885-thread-1] INFO  server.RaftServerConfigKeys (ConfUtils.java:logGet(43)) - raft.server.rpc.timeout.max = 1200ms (custom)
2019-10-21 04:33:11,611 [pool-885-thread-1] INFO  server.RaftServerConfigKeys (ConfUtils.java:logGet(43)) - raft.server.rpcslowness.timeout = 2s (custom)
2019-10-21 04:33:11,611 [Thread-4254] WARN  scm.HddsServerUtil (HddsServerUtil.java:getDefaultRatisDirectory(354)) - Storage directory for Ratis is not configured. It is a good idea to map this to an SSD disk. Falling back to ozone.metadata.dirs
2019-10-21 04:33:11,611 [pool-885-thread-1] INFO  server.RaftServerConfigKeys (ConfUtils.java:logGet(43)) - raft.server.sleep.deviation.threshold = 300 (default)
2019-10-21 04:33:11,611 [pool-885-thread-1] INFO  server.RaftServerConfigKeys (ConfUtils.java:logGet(43)) - raft.server.log.appender.install.snapshot.enabled = false (custom)
2019-10-21 04:33:11,611 [Thread-4254] INFO  snapshot.OzoneManagerSnapshotProvider (OzoneManagerSnapshotProvider.java:<init>(81)) - Initializing OM Snapshot Provider
2019-10-21 04:33:11,612 [pool-885-thread-1] INFO  impl.RaftServerImpl (ServerState.java:<init>(103)) - omNode-1@group-523986131536: ConfigurationManager, init=-1: [omNode-3:localhost:12260, omNode-1:localhost:12248, omNode-2:localhost:12254], old=null, confs=<EMPTY_MAP>
2019-10-21 04:33:11,612 [pool-885-thread-1] INFO  server.RaftServerConfigKeys (ConfUtils.java:logGet(43)) - raft.server.storage.dir = [/workdir/hadoop-ozone/integration-test/target/test-dir/MiniOzoneClusterImpl-d137178b-6ed7-4be6-b952-7bc2bf04e198/omNode-1/ratis] (custom)
2019-10-21 04:33:11,612 [pool-885-thread-1] INFO  server.RaftServerConfigKeys (ConfUtils.java:logGet(43)) - raft.server.log.corruption.policy = EXCEPTION (default)
2019-10-21 04:33:11,612 [pool-885-thread-1] INFO  storage.RaftStorageDirectory (RaftStorageDirectory.java:analyzeStorage(246)) - The storage directory /workdir/hadoop-ozone/integration-test/target/test-dir/MiniOzoneClusterImpl-d137178b-6ed7-4be6-b952-7bc2bf04e198/omNode-1/ratis/c9bc4cf4-3bc3-3c60-a66b-523986131536 does not exist. Creating ...
2019-10-21 04:33:11,624 [Thread-4254] INFO  ipc.CallQueueManager (CallQueueManager.java:<init>(84)) - Using callQueue: class java.util.concurrent.LinkedBlockingQueue, queueCapacity: 2000, scheduler: class org.apache.hadoop.ipc.DefaultRpcScheduler, ipcBackoff: false.
2019-10-21 04:33:11,625 [Socket Reader #1 for port 12244] INFO  ipc.Server (Server.java:run(1074)) - Starting Socket Reader #1 for port 12244
2019-10-21 04:33:11,636 [Thread-4254] INFO  om.OzoneManager (OzoneManager.java:start(1071)) - OzoneManager RPC server is listening at localhost/127.0.0.1:12244
2019-10-21 04:33:11,636 [Thread-4254] INFO  impl.MetricsSystemImpl (MetricsSystemImpl.java:init(158)) - OzoneManager metrics system started (again)
2019-10-21 04:33:11,636 [Thread-4254] INFO  ratis.OzoneManagerRatisServer (OzoneManagerRatisServer.java:start(333)) - Starting OzoneManagerRatisServer omNode-1 at port 12248
2019-10-21 04:33:11,671 [pool-885-thread-1] INFO  storage.RaftStorageDirectory (RaftStorageDirectory.java:tryLock(328)) - Lock on /workdir/hadoop-ozone/integration-test/target/test-dir/MiniOzoneClusterImpl-d137178b-6ed7-4be6-b952-7bc2bf04e198/omNode-1/ratis/c9bc4cf4-3bc3-3c60-a66b-523986131536/in_use.lock acquired by nodename 29612@pr-hdds-1569-252f9-3696506840
2019-10-21 04:33:11,732 [pool-885-thread-1] INFO  storage.RaftStorage (RaftStorage.java:format(84)) - Storage directory /workdir/hadoop-ozone/integration-test/target/test-dir/MiniOzoneClusterImpl-d137178b-6ed7-4be6-b952-7bc2bf04e198/omNode-1/ratis/c9bc4cf4-3bc3-3c60-a66b-523986131536 has been successfully formatted.
2019-10-21 04:33:11,733 [pool-885-thread-1] INFO  server.RaftServerConfigKeys (ConfUtils.java:logGet(43)) - raft.server.notification.no-leader.timeout = 2s (custom)
2019-10-21 04:33:11,733 [pool-885-thread-1] INFO  server.RaftServerConfigKeys (ConfUtils.java:logGet(43)) - raft.server.log.use.memory = false (default)
2019-10-21 04:33:11,733 [pool-885-thread-1] INFO  server.RaftServerConfigKeys (ConfUtils.java:logGet(43)) - raft.server.log.purge.gap = 50 (custom)
2019-10-21 04:33:11,733 [pool-885-thread-1] INFO  server.RaftServerConfigKeys (ConfUtils.java:logGet(43)) - raft.server.log.appender.buffer.byte-limit = 33554432 (custom)
2019-10-21 04:33:11,734 [pool-885-thread-1] INFO  server.RaftServerConfigKeys (ConfUtils.java:logGet(43)) - raft.server.log.segment.size.max = 16384 (custom)
2019-10-21 04:33:11,734 [pool-885-thread-1] INFO  server.RaftServerConfigKeys (ConfUtils.java:logGet(43)) - raft.server.log.segment.cache.num.max = 2 (custom)
2019-10-21 04:33:11,734 [pool-885-thread-1] INFO  segmented.SegmentedRaftLogWorker (SegmentedRaftLogWorker.java:<init>(173)) - new omNode-1@group-523986131536-SegmentedRaftLogWorker for RaftStorage:Storage Directory /workdir/hadoop-ozone/integration-test/target/test-dir/MiniOzoneClusterImpl-d137178b-6ed7-4be6-b952-7bc2bf04e198/omNode-1/ratis/c9bc4cf4-3bc3-3c60-a66b-523986131536
2019-10-21 04:33:11,734 [pool-885-thread-1] INFO  server.RaftServerConfigKeys (ConfUtils.java:logGet(43)) - raft.server.log.queue.byte-limit = 64MB (=67108864) (default)
2019-10-21 04:33:11,734 [pool-885-thread-1] INFO  server.RaftServerConfigKeys (ConfUtils.java:logGet(43)) - raft.server.log.queue.element-limit = 4096 (default)
2019-10-21 04:33:11,734 [pool-885-thread-1] INFO  server.RaftServerConfigKeys (ConfUtils.java:logGet(43)) - raft.server.log.segment.size.max = 16384 (custom)
2019-10-21 04:33:11,734 [pool-885-thread-1] INFO  server.RaftServerConfigKeys (ConfUtils.java:logGet(43)) - raft.server.log.preallocated.size = 16384 (custom)
2019-10-21 04:33:11,734 [pool-885-thread-1] INFO  server.RaftServerConfigKeys (ConfUtils.java:logGet(43)) - raft.server.log.write.buffer.size = 64KB (=65536) (default)
2019-10-21 04:33:11,735 [pool-885-thread-1] INFO  server.RaftServerConfigKeys (ConfUtils.java:logGet(43)) - raft.server.log.force.sync.num = 128 (default)
2019-10-21 04:33:11,735 [pool-885-thread-1] INFO  server.RaftServerConfigKeys (ConfUtils.java:logGet(43)) - raft.server.log.statemachine.data.sync = true (default)
2019-10-21 04:33:11,735 [pool-885-thread-1] INFO  server.RaftServerConfigKeys (ConfUtils.java:logGet(43)) - raft.server.log.statemachine.data.sync.timeout = 10s (default)
2019-10-21 04:33:11,735 [pool-885-thread-1] INFO  server.RaftServerConfigKeys (ConfUtils.java:logGet(43)) - raft.server.log.statemachine.data.sync.timeout.retry = -1 (default)
2019-10-21 04:33:11,735 [pool-885-thread-1] INFO  server.RaftServerConfigKeys (ConfUtils.java:logGet(43)) - raft.server.log.statemachine.data.caching.enabled = false (default)
2019-10-21 04:33:11,735 [pool-885-thread-1] INFO  segmented.SegmentedRaftLogWorker (SegmentedRaftLogWorker.java:lambda$new$0(128)) - omNode-1@group-523986131536-SegmentedRaftLogWorker: flushIndex: setUnconditionally 0 -> -1
2019-10-21 04:33:11,736 [pool-885-thread-1] INFO  server.RaftServerConfigKeys (ConfUtils.java:logGet(43)) - raft.server.snapshot.auto.trigger.enabled = true (custom)
2019-10-21 04:33:11,736 [pool-885-thread-1] INFO  server.RaftServerConfigKeys (ConfUtils.java:logGet(43)) - raft.server.snapshot.auto.trigger.threshold = 50 (custom)
2019-10-21 04:33:11,736 [pool-885-thread-1] INFO  server.RaftServerConfigKeys (ConfUtils.java:logGet(43)) - raft.server.snapshot.retention.file.num = -1 (default)
2019-10-21 04:33:11,736 [pool-885-thread-1] INFO  server.RaftServerConfigKeys (ConfUtils.java:logGet(43)) - raft.server.retrycache.expirytime = 600000ms (custom)
2019-10-21 04:33:11,738 [Thread-4254] INFO  impl.RaftServerImpl (RaftServerImpl.java:start(181)) - omNode-1@group-523986131536: start as a follower, conf=-1: [omNode-3:localhost:12260, omNode-1:localhost:12248, omNode-2:localhost:12254], old=null
2019-10-21 04:33:11,738 [Thread-4254] INFO  impl.RaftServerImpl (RaftServerImpl.java:setRole(170)) - omNode-1@group-523986131536: changes role from      null to FOLLOWER at term 0 for startAsFollower
2019-10-21 04:33:11,738 [Thread-4254] INFO  impl.RoleInfo (RoleInfo.java:updateAndGet(143)) - omNode-1: start FollowerState
2019-10-21 04:33:11,738 [Thread-4254] INFO  util.JmxRegister (JmxRegister.java:tryRegister(44)) - Successfully registered JMX Bean with object name Ratis:service=RaftServer,group=group-523986131536,id=omNode-1
2019-10-21 04:33:11,738 [Thread-4254] INFO  impl.RaftServerProxy (RaftServerProxy.java:lambda$start$3(299)) - omNode-1: start RPC server
2019-10-21 04:33:11,743 [Thread-4254] INFO  server.GrpcService (GrpcService.java:startImpl(158)) - omNode-1: GrpcService started, listening on 0.0.0.0/0.0.0.0:12248
2019-10-21 04:33:11,744 [IPC Server Responder] INFO  ipc.Server (Server.java:run(1314)) - IPC Server Responder: starting
2019-10-21 04:33:11,745 [IPC Server listener on 12244] INFO  ipc.Server (Server.java:run(1153)) - IPC Server listener on 12244: starting
2019-10-21 04:33:11,749 [Thread-4254] INFO  hdfs.DFSUtil (DFSUtil.java:httpServerTemplateForNNAndJN(1641)) - Starting Web-server for ozoneManager at: http://0.0.0.0:12246
2019-10-21 04:33:11,751 [Thread-4254] INFO  server.AuthenticationFilter (AuthenticationFilter.java:constructSecretProvider(240)) - Unable to initialize FileSignerSecretProvider, falling back to use random secrets.
2019-10-21 04:33:11,751 [Thread-4254] WARN  http.HttpRequestLog (HttpRequestLog.java:getRequestLog(97)) - Jetty request log can only be enabled using Log4j
2019-10-21 04:33:11,753 [Thread-4254] INFO  http.HttpServer2 (HttpServer2.java:addGlobalFilter(975)) - Added global filter 'safety' (class=org.apache.hadoop.http.HttpServer2$QuotingInputFilter)
2019-10-21 04:33:11,753 [Thread-4254] INFO  http.HttpServer2 (HttpServer2.java:addFilter(948)) - Added filter static_user_filter (class=org.apache.hadoop.http.lib.StaticUserWebFilter$StaticUserFilter) to context ozoneManager
2019-10-21 04:33:11,753 [Thread-4254] INFO  http.HttpServer2 (HttpServer2.java:addFilter(958)) - Added filter static_user_filter (class=org.apache.hadoop.http.lib.StaticUserWebFilter$StaticUserFilter) to context logs
2019-10-21 04:33:11,753 [Thread-4254] INFO  http.HttpServer2 (HttpServer2.java:addFilter(958)) - Added filter static_user_filter (class=org.apache.hadoop.http.lib.StaticUserWebFilter$StaticUserFilter) to context static
2019-10-21 04:33:11,754 [Thread-4254] INFO  http.HttpServer2 (HttpServer2.java:bindListener(1191)) - Jetty bound to port 12246
2019-10-21 04:33:11,754 [Thread-4254] INFO  server.Server (Server.java:doStart(351)) - jetty-9.3.25.v20180904, build timestamp: 2018-09-04T21:11:46Z, git hash: 3ce520221d0240229c862b122d2b06c12a625732
2019-10-21 04:33:11,755 [Thread-4254] INFO  handler.ContextHandler (ContextHandler.java:doStart(781)) - Started o.e.j.s.ServletContextHandler@da87cf1{/logs,file:///workdir/hadoop-ozone/integration-test/target/log,AVAILABLE}
2019-10-21 04:33:11,755 [Thread-4254] INFO  handler.ContextHandler (ContextHandler.java:doStart(781)) - Started o.e.j.s.ServletContextHandler@3989e6a2{/static,file:///workdir/hadoop-ozone/integration-test/target/test-classes/webapps/static,AVAILABLE}
2019-10-21 04:33:11,800 [Thread-4254] INFO  handler.ContextHandler (ContextHandler.java:doStart(781)) - Started o.e.j.w.WebAppContext@db18857{/,file:///workdir/hadoop-ozone/integration-test/target/test-classes/webapps/ozoneManager/,AVAILABLE}{/ozoneManager}
2019-10-21 04:33:11,800 [Thread-4254] INFO  server.AbstractConnector (AbstractConnector.java:doStart(278)) - Started ServerConnector@499ce170{HTTP/1.1,[http/1.1]}{0.0.0.0:12246}
2019-10-21 04:33:11,802 [Thread-4254] INFO  server.Server (Server.java:doStart(419)) - Started @419076ms
2019-10-21 04:33:11,802 [Thread-4254] WARN  impl.MetricsSystemImpl (MetricsSystemImpl.java:register(276)) - Sink prometheus already exists!
2019-10-21 04:33:11,803 [Thread-4254] INFO  server.BaseHttpServer (BaseHttpServer.java:updateConnectorAddress(215)) - HTTP server of OZONEMANAGER is listening at http://0.0.0.0:12246
2019-10-21 04:33:11,803 [Thread-4254] INFO  ozone.MiniOzoneHAClusterImpl (MiniOzoneHAClusterImpl.java:createOMService(274)) - Started OzoneManager RPC server at localhost/127.0.0.1:12244
2019-10-21 04:33:11,803 [Thread-4254] WARN  server.ServerUtils (ServerUtils.java:getDBPath(222)) - ozone.om.db.dirs is not configured. We recommend adding this setting. Falling back to ozone.metadata.dirs instead.
2019-10-21 04:33:12,007 [Thread-4254] INFO  ha.OMHANodeDetails (OMHANodeDetails.java:loadOMHAConfig(165)) - Found matching OM address with OMServiceId: om-service-test1, OMNodeId: omNode-2, RPC Address: localhost:12250 and Ratis port: 12254
2019-10-21 04:33:12,007 [Thread-4254] INFO  ha.OMHANodeDetails (OMHANodeDetails.java:setOMNodeSpecificConfigs(298)) - Setting configuration key ozone.om.http-address with value of key ozone.om.http-address.omNode-2: 127.0.0.1:12252
2019-10-21 04:33:12,008 [Thread-4254] INFO  ha.OMHANodeDetails (OMHANodeDetails.java:setOMNodeSpecificConfigs(298)) - Setting configuration key ozone.om.https-address with value of key ozone.om.https-address.omNode-2: 127.0.0.1:12253
2019-10-21 04:33:12,008 [Thread-4254] INFO  ha.OMHANodeDetails (OMHANodeDetails.java:setOMNodeSpecificConfigs(298)) - Setting configuration key ozone.om.address with value of key ozone.om.address.omNode-2: 127.0.0.1:12250
2019-10-21 04:33:12,008 [Thread-4254] WARN  server.ServerUtils (ServerUtils.java:getDBPath(222)) - ozone.om.db.dirs is not configured. We recommend adding this setting. Falling back to ozone.metadata.dirs instead.
2019-10-21 04:33:12,008 [Thread-4254] WARN  server.ServerUtils (ServerUtils.java:getDBPath(222)) - ozone.om.db.dirs is not configured. We recommend adding this setting. Falling back to ozone.metadata.dirs instead.
2019-10-21 04:33:12,015 [Thread-4254] WARN  server.ServerUtils (ServerUtils.java:getDBPath(222)) - ozone.om.db.dirs is not configured. We recommend adding this setting. Falling back to ozone.metadata.dirs instead.
2019-10-21 04:33:12,015 [Thread-4254] INFO  db.DBStoreBuilder (DBStoreBuilder.java:addTable(117)) - using custom profile for table: userTable
2019-10-21 04:33:12,015 [Thread-4254] INFO  db.DBStoreBuilder (DBStoreBuilder.java:processTables(168)) - Using default column profile:DBProfile.DISK for Table:userTable
2019-10-21 04:33:12,016 [Thread-4254] INFO  db.DBStoreBuilder (DBStoreBuilder.java:addTable(117)) - using custom profile for table: volumeTable
2019-10-21 04:33:12,016 [Thread-4254] INFO  db.DBStoreBuilder (DBStoreBuilder.java:processTables(168)) - Using default column profile:DBProfile.DISK for Table:volumeTable
2019-10-21 04:33:12,016 [Thread-4254] INFO  db.DBStoreBuilder (DBStoreBuilder.java:addTable(117)) - using custom profile for table: bucketTable
2019-10-21 04:33:12,016 [Thread-4254] INFO  db.DBStoreBuilder (DBStoreBuilder.java:processTables(168)) - Using default column profile:DBProfile.DISK for Table:bucketTable
2019-10-21 04:33:12,016 [Thread-4254] INFO  db.DBStoreBuilder (DBStoreBuilder.java:addTable(117)) - using custom profile for table: keyTable
2019-10-21 04:33:12,016 [Thread-4254] INFO  db.DBStoreBuilder (DBStoreBuilder.java:processTables(168)) - Using default column profile:DBProfile.DISK for Table:keyTable
2019-10-21 04:33:12,016 [Thread-4254] INFO  db.DBStoreBuilder (DBStoreBuilder.java:addTable(117)) - using custom profile for table: deletedTable
2019-10-21 04:33:12,016 [Thread-4254] INFO  db.DBStoreBuilder (DBStoreBuilder.java:processTables(168)) - Using default column profile:DBProfile.DISK for Table:deletedTable
2019-10-21 04:33:12,017 [Thread-4254] INFO  db.DBStoreBuilder (DBStoreBuilder.java:addTable(117)) - using custom profile for table: openKeyTable
2019-10-21 04:33:12,017 [Thread-4254] INFO  db.DBStoreBuilder (DBStoreBuilder.java:processTables(168)) - Using default column profile:DBProfile.DISK for Table:openKeyTable
2019-10-21 04:33:12,017 [Thread-4254] INFO  db.DBStoreBuilder (DBStoreBuilder.java:addTable(117)) - using custom profile for table: s3Table
2019-10-21 04:33:12,017 [Thread-4254] INFO  db.DBStoreBuilder (DBStoreBuilder.java:processTables(168)) - Using default column profile:DBProfile.DISK for Table:s3Table
2019-10-21 04:33:12,017 [Thread-4254] INFO  db.DBStoreBuilder (DBStoreBuilder.java:addTable(117)) - using custom profile for table: multipartInfoTable
2019-10-21 04:33:12,017 [Thread-4254] INFO  db.DBStoreBuilder (DBStoreBuilder.java:processTables(168)) - Using default column profile:DBProfile.DISK for Table:multipartInfoTable
2019-10-21 04:33:12,017 [Thread-4254] INFO  db.DBStoreBuilder (DBStoreBuilder.java:addTable(117)) - using custom profile for table: dTokenTable
2019-10-21 04:33:12,018 [Thread-4254] INFO  db.DBStoreBuilder (DBStoreBuilder.java:processTables(168)) - Using default column profile:DBProfile.DISK for Table:dTokenTable
2019-10-21 04:33:12,018 [Thread-4254] INFO  db.DBStoreBuilder (DBStoreBuilder.java:addTable(117)) - using custom profile for table: s3SecretTable
2019-10-21 04:33:12,018 [Thread-4254] INFO  db.DBStoreBuilder (DBStoreBuilder.java:processTables(168)) - Using default column profile:DBProfile.DISK for Table:s3SecretTable
2019-10-21 04:33:12,018 [Thread-4254] INFO  db.DBStoreBuilder (DBStoreBuilder.java:addTable(117)) - using custom profile for table: prefixTable
2019-10-21 04:33:12,018 [Thread-4254] INFO  db.DBStoreBuilder (DBStoreBuilder.java:processTables(168)) - Using default column profile:DBProfile.DISK for Table:prefixTable
2019-10-21 04:33:12,018 [Thread-4254] INFO  db.DBStoreBuilder (DBStoreBuilder.java:addTable(117)) - using custom profile for table: default
2019-10-21 04:33:12,018 [Thread-4254] INFO  db.DBStoreBuilder (DBStoreBuilder.java:processTables(174)) - Using default column profile:DBProfile.DISK for Table:default
2019-10-21 04:33:12,019 [Thread-4254] INFO  db.DBStoreBuilder (DBStoreBuilder.java:getDbProfile(205)) - Using default options. DBProfile.DISK
2019-10-21 04:33:12,854 [Thread-4350] INFO  impl.FollowerState (FollowerState.java:run(108)) - omNode-1@group-523986131536-FollowerState: change to CANDIDATE, lastRpcTime:1116ms, electionTimeout:1116ms
2019-10-21 04:33:12,855 [Thread-4350] INFO  impl.RoleInfo (RoleInfo.java:shutdownFollowerState(121)) - omNode-1: shutdown FollowerState
2019-10-21 04:33:12,855 [Thread-4350] INFO  impl.RaftServerImpl (RaftServerImpl.java:setRole(170)) - omNode-1@group-523986131536: changes role from  FOLLOWER to CANDIDATE at term 0 for changeToCandidate
2019-10-21 04:33:12,855 [Thread-4350] INFO  impl.RoleInfo (RoleInfo.java:updateAndGet(143)) - omNode-1: start LeaderElection
2019-10-21 04:33:12,974 [omNode-1@group-523986131536-LeaderElection67] INFO  impl.LeaderElection (LeaderElection.java:askForVotes(178)) - omNode-1@group-523986131536-LeaderElection67: begin an election at term 1 for -1: [omNode-3:localhost:12260, omNode-1:localhost:12248, omNode-2:localhost:12254], old=null
2019-10-21 04:33:12,978 [omNode-1@group-523986131536-LeaderElection67] INFO  impl.LeaderElection (LogUtils.java:infoOrTrace(149)) - omNode-1@group-523986131536-LeaderElection67 got exception when requesting votes: {}
java.util.concurrent.ExecutionException: org.apache.ratis.thirdparty.io.grpc.StatusRuntimeException: UNAVAILABLE: io exception
	at java.util.concurrent.FutureTask.report(FutureTask.java:122)
	at java.util.concurrent.FutureTask.get(FutureTask.java:192)
	at org.apache.ratis.server.impl.LeaderElection.waitForResults(LeaderElection.java:259)
	at org.apache.ratis.server.impl.LeaderElection.askForVotes(LeaderElection.java:197)
	at org.apache.ratis.server.impl.LeaderElection.run(LeaderElection.java:133)
	at java.lang.Thread.run(Thread.java:748)
Caused by: org.apache.ratis.thirdparty.io.grpc.StatusRuntimeException: UNAVAILABLE: io exception
	at org.apache.ratis.thirdparty.io.grpc.stub.ClientCalls.toStatusRuntimeException(ClientCalls.java:233)
	at org.apache.ratis.thirdparty.io.grpc.stub.ClientCalls.getUnchecked(ClientCalls.java:214)
	at org.apache.ratis.thirdparty.io.grpc.stub.ClientCalls.blockingUnaryCall(ClientCalls.java:139)
	at org.apache.ratis.proto.grpc.RaftServerProtocolServiceGrpc$RaftServerProtocolServiceBlockingStub.requestVote(RaftServerProtocolServiceGrpc.java:265)
	at org.apache.ratis.grpc.server.GrpcServerProtocolClient.requestVote(GrpcServerProtocolClient.java:99)
	at org.apache.ratis.grpc.server.GrpcService.requestVote(GrpcService.java:204)
	at org.apache.ratis.server.impl.LeaderElection.lambda$submitRequests$1(LeaderElection.java:234)
	at java.util.concurrent.FutureTask.run(FutureTask.java:266)
	at java.util.concurrent.Executors$RunnableAdapter.call(Executors.java:511)
	at java.util.concurrent.FutureTask.run(FutureTask.java:266)
	at java.util.concurrent.ThreadPoolExecutor.runWorker(ThreadPoolExecutor.java:1149)
	at java.util.concurrent.ThreadPoolExecutor$Worker.run(ThreadPoolExecutor.java:624)
	... 1 more
Caused by: org.apache.ratis.thirdparty.io.netty.channel.AbstractChannel$AnnotatedConnectException: Connection refused: localhost/127.0.0.1:12260
	at sun.nio.ch.SocketChannelImpl.checkConnect(Native Method)
	at sun.nio.ch.SocketChannelImpl.finishConnect(SocketChannelImpl.java:717)
	at org.apache.ratis.thirdparty.io.netty.channel.socket.nio.NioSocketChannel.doFinishConnect(NioSocketChannel.java:327)
	at org.apache.ratis.thirdparty.io.netty.channel.nio.AbstractNioChannel$AbstractNioUnsafe.finishConnect(AbstractNioChannel.java:340)
	at org.apache.ratis.thirdparty.io.netty.channel.nio.NioEventLoop.processSelectedKey(NioEventLoop.java:632)
	at org.apache.ratis.thirdparty.io.netty.channel.nio.NioEventLoop.processSelectedKeysOptimized(NioEventLoop.java:579)
	at org.apache.ratis.thirdparty.io.netty.channel.nio.NioEventLoop.processSelectedKeys(NioEventLoop.java:496)
	at org.apache.ratis.thirdparty.io.netty.channel.nio.NioEventLoop.run(NioEventLoop.java:458)
	at org.apache.ratis.thirdparty.io.netty.util.concurrent.SingleThreadEventExecutor$5.run(SingleThreadEventExecutor.java:897)
	at org.apache.ratis.thirdparty.io.netty.util.concurrent.FastThreadLocalRunnable.run(FastThreadLocalRunnable.java:30)
	... 1 more
Caused by: java.net.ConnectException: Connection refused
	... 11 more
2019-10-21 04:33:12,982 [omNode-1@group-523986131536-LeaderElection67] INFO  impl.LeaderElection (LogUtils.java:infoOrTrace(149)) - omNode-1@group-523986131536-LeaderElection67 got exception when requesting votes: {}
java.util.concurrent.ExecutionException: org.apache.ratis.thirdparty.io.grpc.StatusRuntimeException: UNAVAILABLE: io exception
	at java.util.concurrent.FutureTask.report(FutureTask.java:122)
	at java.util.concurrent.FutureTask.get(FutureTask.java:192)
	at org.apache.ratis.server.impl.LeaderElection.waitForResults(LeaderElection.java:259)
	at org.apache.ratis.server.impl.LeaderElection.askForVotes(LeaderElection.java:197)
	at org.apache.ratis.server.impl.LeaderElection.run(LeaderElection.java:133)
	at java.lang.Thread.run(Thread.java:748)
Caused by: org.apache.ratis.thirdparty.io.grpc.StatusRuntimeException: UNAVAILABLE: io exception
	at org.apache.ratis.thirdparty.io.grpc.stub.ClientCalls.toStatusRuntimeException(ClientCalls.java:233)
	at org.apache.ratis.thirdparty.io.grpc.stub.ClientCalls.getUnchecked(ClientCalls.java:214)
	at org.apache.ratis.thirdparty.io.grpc.stub.ClientCalls.blockingUnaryCall(ClientCalls.java:139)
	at org.apache.ratis.proto.grpc.RaftServerProtocolServiceGrpc$RaftServerProtocolServiceBlockingStub.requestVote(RaftServerProtocolServiceGrpc.java:265)
	at org.apache.ratis.grpc.server.GrpcServerProtocolClient.requestVote(GrpcServerProtocolClient.java:99)
	at org.apache.ratis.grpc.server.GrpcService.requestVote(GrpcService.java:204)
	at org.apache.ratis.server.impl.LeaderElection.lambda$submitRequests$1(LeaderElection.java:234)
	at java.util.concurrent.FutureTask.run(FutureTask.java:266)
	at java.util.concurrent.Executors$RunnableAdapter.call(Executors.java:511)
	at java.util.concurrent.FutureTask.run(FutureTask.java:266)
	at java.util.concurrent.ThreadPoolExecutor.runWorker(ThreadPoolExecutor.java:1149)
	at java.util.concurrent.ThreadPoolExecutor$Worker.run(ThreadPoolExecutor.java:624)
	... 1 more
Caused by: org.apache.ratis.thirdparty.io.netty.channel.AbstractChannel$AnnotatedConnectException: Connection refused: localhost/127.0.0.1:12254
	at sun.nio.ch.SocketChannelImpl.checkConnect(Native Method)
	at sun.nio.ch.SocketChannelImpl.finishConnect(SocketChannelImpl.java:717)
	at org.apache.ratis.thirdparty.io.netty.channel.socket.nio.NioSocketChannel.doFinishConnect(NioSocketChannel.java:327)
	at org.apache.ratis.thirdparty.io.netty.channel.nio.AbstractNioChannel$AbstractNioUnsafe.finishConnect(AbstractNioChannel.java:340)
	at org.apache.ratis.thirdparty.io.netty.channel.nio.NioEventLoop.processSelectedKey(NioEventLoop.java:632)
	at org.apache.ratis.thirdparty.io.netty.channel.nio.NioEventLoop.processSelectedKeysOptimized(NioEventLoop.java:579)
	at org.apache.ratis.thirdparty.io.netty.channel.nio.NioEventLoop.processSelectedKeys(NioEventLoop.java:496)
	at org.apache.ratis.thirdparty.io.netty.channel.nio.NioEventLoop.run(NioEventLoop.java:458)
	at org.apache.ratis.thirdparty.io.netty.util.concurrent.SingleThreadEventExecutor$5.run(SingleThreadEventExecutor.java:897)
	at org.apache.ratis.thirdparty.io.netty.util.concurrent.FastThreadLocalRunnable.run(FastThreadLocalRunnable.java:30)
	... 1 more
Caused by: java.net.ConnectException: Connection refused
	... 11 more
2019-10-21 04:33:12,984 [omNode-1@group-523986131536-LeaderElection67] INFO  impl.LeaderElection (LeaderElection.java:logAndReturn(56)) - omNode-1@group-523986131536-LeaderElection67: Election REJECTED; received 0 response(s) [] and 2 exception(s); omNode-1@group-523986131536:t1, leader=null, voted=omNode-1, raftlog=omNode-1@group-523986131536-SegmentedRaftLog:OPENED:c-1,f-1,i0, conf=-1: [omNode-3:localhost:12260, omNode-1:localhost:12248, omNode-2:localhost:12254], old=null
2019-10-21 04:33:12,984 [omNode-1@group-523986131536-LeaderElection67] INFO  impl.LeaderElection (LogUtils.java:infoOrTrace(149)) -   Exception 0: {}
java.util.concurrent.ExecutionException: org.apache.ratis.thirdparty.io.grpc.StatusRuntimeException: UNAVAILABLE: io exception
	at java.util.concurrent.FutureTask.report(FutureTask.java:122)
	at java.util.concurrent.FutureTask.get(FutureTask.java:192)
	at org.apache.ratis.server.impl.LeaderElection.waitForResults(LeaderElection.java:259)
	at org.apache.ratis.server.impl.LeaderElection.askForVotes(LeaderElection.java:197)
	at org.apache.ratis.server.impl.LeaderElection.run(LeaderElection.java:133)
	at java.lang.Thread.run(Thread.java:748)
Caused by: org.apache.ratis.thirdparty.io.grpc.StatusRuntimeException: UNAVAILABLE: io exception
	at org.apache.ratis.thirdparty.io.grpc.stub.ClientCalls.toStatusRuntimeException(ClientCalls.java:233)
	at org.apache.ratis.thirdparty.io.grpc.stub.ClientCalls.getUnchecked(ClientCalls.java:214)
	at org.apache.ratis.thirdparty.io.grpc.stub.ClientCalls.blockingUnaryCall(ClientCalls.java:139)
	at org.apache.ratis.proto.grpc.RaftServerProtocolServiceGrpc$RaftServerProtocolServiceBlockingStub.requestVote(RaftServerProtocolServiceGrpc.java:265)
	at org.apache.ratis.grpc.server.GrpcServerProtocolClient.requestVote(GrpcServerProtocolClient.java:99)
	at org.apache.ratis.grpc.server.GrpcService.requestVote(GrpcService.java:204)
	at org.apache.ratis.server.impl.LeaderElection.lambda$submitRequests$1(LeaderElection.java:234)
	at java.util.concurrent.FutureTask.run(FutureTask.java:266)
	at java.util.concurrent.Executors$RunnableAdapter.call(Executors.java:511)
	at java.util.concurrent.FutureTask.run(FutureTask.java:266)
	at java.util.concurrent.ThreadPoolExecutor.runWorker(ThreadPoolExecutor.java:1149)
	at java.util.concurrent.ThreadPoolExecutor$Worker.run(ThreadPoolExecutor.java:624)
	... 1 more
Caused by: org.apache.ratis.thirdparty.io.netty.channel.AbstractChannel$AnnotatedConnectException: Connection refused: localhost/127.0.0.1:12260
	at sun.nio.ch.SocketChannelImpl.checkConnect(Native Method)
	at sun.nio.ch.SocketChannelImpl.finishConnect(SocketChannelImpl.java:717)
	at org.apache.ratis.thirdparty.io.netty.channel.socket.nio.NioSocketChannel.doFinishConnect(NioSocketChannel.java:327)
	at org.apache.ratis.thirdparty.io.netty.channel.nio.AbstractNioChannel$AbstractNioUnsafe.finishConnect(AbstractNioChannel.java:340)
	at org.apache.ratis.thirdparty.io.netty.channel.nio.NioEventLoop.processSelectedKey(NioEventLoop.java:632)
	at org.apache.ratis.thirdparty.io.netty.channel.nio.NioEventLoop.processSelectedKeysOptimized(NioEventLoop.java:579)
	at org.apache.ratis.thirdparty.io.netty.channel.nio.NioEventLoop.processSelectedKeys(NioEventLoop.java:496)
	at org.apache.ratis.thirdparty.io.netty.channel.nio.NioEventLoop.run(NioEventLoop.java:458)
	at org.apache.ratis.thirdparty.io.netty.util.concurrent.SingleThreadEventExecutor$5.run(SingleThreadEventExecutor.java:897)
	at org.apache.ratis.thirdparty.io.netty.util.concurrent.FastThreadLocalRunnable.run(FastThreadLocalRunnable.java:30)
	... 1 more
Caused by: java.net.ConnectException: Connection refused
	... 11 more
2019-10-21 04:33:12,984 [omNode-1@group-523986131536-LeaderElection67] INFO  impl.LeaderElection (LogUtils.java:infoOrTrace(149)) -   Exception 1: {}
java.util.concurrent.ExecutionException: org.apache.ratis.thirdparty.io.grpc.StatusRuntimeException: UNAVAILABLE: io exception
	at java.util.concurrent.FutureTask.report(FutureTask.java:122)
	at java.util.concurrent.FutureTask.get(FutureTask.java:192)
	at org.apache.ratis.server.impl.LeaderElection.waitForResults(LeaderElection.java:259)
	at org.apache.ratis.server.impl.LeaderElection.askForVotes(LeaderElection.java:197)
	at org.apache.ratis.server.impl.LeaderElection.run(LeaderElection.java:133)
	at java.lang.Thread.run(Thread.java:748)
Caused by: org.apache.ratis.thirdparty.io.grpc.StatusRuntimeException: UNAVAILABLE: io exception
	at org.apache.ratis.thirdparty.io.grpc.stub.ClientCalls.toStatusRuntimeException(ClientCalls.java:233)
	at org.apache.ratis.thirdparty.io.grpc.stub.ClientCalls.getUnchecked(ClientCalls.java:214)
	at org.apache.ratis.thirdparty.io.grpc.stub.ClientCalls.blockingUnaryCall(ClientCalls.java:139)
	at org.apache.ratis.proto.grpc.RaftServerProtocolServiceGrpc$RaftServerProtocolServiceBlockingStub.requestVote(RaftServerProtocolServiceGrpc.java:265)
	at org.apache.ratis.grpc.server.GrpcServerProtocolClient.requestVote(GrpcServerProtocolClient.java:99)
	at org.apache.ratis.grpc.server.GrpcService.requestVote(GrpcService.java:204)
	at org.apache.ratis.server.impl.LeaderElection.lambda$submitRequests$1(LeaderElection.java:234)
	at java.util.concurrent.FutureTask.run(FutureTask.java:266)
	at java.util.concurrent.Executors$RunnableAdapter.call(Executors.java:511)
	at java.util.concurrent.FutureTask.run(FutureTask.java:266)
	at java.util.concurrent.ThreadPoolExecutor.runWorker(ThreadPoolExecutor.java:1149)
	at java.util.concurrent.ThreadPoolExecutor$Worker.run(ThreadPoolExecutor.java:624)
	... 1 more
Caused by: org.apache.ratis.thirdparty.io.netty.channel.AbstractChannel$AnnotatedConnectException: Connection refused: localhost/127.0.0.1:12254
	at sun.nio.ch.SocketChannelImpl.checkConnect(Native Method)
	at sun.nio.ch.SocketChannelImpl.finishConnect(SocketChannelImpl.java:717)
	at org.apache.ratis.thirdparty.io.netty.channel.socket.nio.NioSocketChannel.doFinishConnect(NioSocketChannel.java:327)
	at org.apache.ratis.thirdparty.io.netty.channel.nio.AbstractNioChannel$AbstractNioUnsafe.finishConnect(AbstractNioChannel.java:340)
	at org.apache.ratis.thirdparty.io.netty.channel.nio.NioEventLoop.processSelectedKey(NioEventLoop.java:632)
	at org.apache.ratis.thirdparty.io.netty.channel.nio.NioEventLoop.processSelectedKeysOptimized(NioEventLoop.java:579)
	at org.apache.ratis.thirdparty.io.netty.channel.nio.NioEventLoop.processSelectedKeys(NioEventLoop.java:496)
	at org.apache.ratis.thirdparty.io.netty.channel.nio.NioEventLoop.run(NioEventLoop.java:458)
	at org.apache.ratis.thirdparty.io.netty.util.concurrent.SingleThreadEventExecutor$5.run(SingleThreadEventExecutor.java:897)
	at org.apache.ratis.thirdparty.io.netty.util.concurrent.FastThreadLocalRunnable.run(FastThreadLocalRunnable.java:30)
	... 1 more
Caused by: java.net.ConnectException: Connection refused
	... 11 more
2019-10-21 04:33:12,985 [omNode-1@group-523986131536-LeaderElection67] INFO  impl.RaftServerImpl (RaftServerImpl.java:setRole(170)) - omNode-1@group-523986131536: changes role from CANDIDATE to FOLLOWER at term 1 for DISCOVERED_A_NEW_TERM
2019-10-21 04:33:12,985 [omNode-1@group-523986131536-LeaderElection67] INFO  impl.RoleInfo (RoleInfo.java:shutdownLeaderElection(134)) - omNode-1: shutdown LeaderElection
2019-10-21 04:33:12,985 [omNode-1@group-523986131536-LeaderElection67] INFO  impl.RoleInfo (RoleInfo.java:updateAndGet(143)) - omNode-1: start FollowerState
2019-10-21 04:33:14,063 [Thread-4386] INFO  impl.FollowerState (FollowerState.java:run(108)) - omNode-1@group-523986131536-FollowerState: change to CANDIDATE, lastRpcTime:1078ms, electionTimeout:1078ms
2019-10-21 04:33:14,064 [Thread-4386] INFO  impl.RoleInfo (RoleInfo.java:shutdownFollowerState(121)) - omNode-1: shutdown FollowerState
2019-10-21 04:33:14,064 [Thread-4386] INFO  impl.RaftServerImpl (RaftServerImpl.java:setRole(170)) - omNode-1@group-523986131536: changes role from  FOLLOWER to CANDIDATE at term 1 for changeToCandidate
2019-10-21 04:33:14,064 [Thread-4386] INFO  impl.RoleInfo (RoleInfo.java:updateAndGet(143)) - omNode-1: start LeaderElection
2019-10-21 04:33:14,116 [Thread-4254] WARN  scm.HddsServerUtil (HddsServerUtil.java:getDefaultRatisDirectory(354)) - Storage directory for Ratis is not configured. It is a good idea to map this to an SSD disk. Falling back to ozone.metadata.dirs
2019-10-21 04:33:14,116 [Thread-4254] INFO  ratis.OzoneManagerRatisServer (OzoneManagerRatisServer.java:<init>(243)) - Instantiating OM Ratis server with GroupID: om-service-test1 and Raft Peers: localhost:12254, localhost:12248, localhost:12260
2019-10-21 04:33:14,117 [Thread-4254] INFO  impl.RaftServerProxy (ConfUtils.java:logGet(43)) - raft.rpc.type = GRPC (default)
2019-10-21 04:33:14,117 [Thread-4254] INFO  grpc.GrpcFactory (GrpcFactory.java:checkPooledByteBufAllocatorUseCacheForAllThreads(45)) - PERFORMANCE WARNING: useCacheForAllThreads is true that may cause Netty to create a lot garbage objects and, as a result, trigger GC.
	It is recommended to disable useCacheForAllThreads by setting -Dorg.apache.ratis.thirdparty.io.netty.allocator.useCacheForAllThreads=false in command line.
2019-10-21 04:33:14,117 [Thread-4254] INFO  grpc.GrpcConfigKeys$Server (ConfUtils.java:logGet(43)) - raft.grpc.server.port = 12254 (custom)
2019-10-21 04:33:14,117 [Thread-4254] INFO  server.GrpcService (ConfUtils.java:logGet(43)) - raft.grpc.message.size.max = 33554432 (custom)
2019-10-21 04:33:14,117 [Thread-4254] INFO  server.RaftServerConfigKeys (ConfUtils.java:logGet(43)) - raft.server.log.appender.buffer.byte-limit = 33554432 (custom)
2019-10-21 04:33:14,117 [Thread-4254] INFO  server.GrpcService (ConfUtils.java:logGet(43)) - raft.grpc.flow.control.window = 1MB (=1048576) (default)
2019-10-21 04:33:14,117 [Thread-4254] INFO  server.RaftServerConfigKeys (ConfUtils.java:logGet(43)) - raft.server.rpc.request.timeout = 3000ms (default)
2019-10-21 04:33:14,118 [Thread-4254] INFO  server.RaftServerConfigKeys (ConfUtils.java:logGet(43)) - raft.server.storage.dir = [/workdir/hadoop-ozone/integration-test/target/test-dir/MiniOzoneClusterImpl-d137178b-6ed7-4be6-b952-7bc2bf04e198/omNode-2/ratis] (custom)
2019-10-21 04:33:14,118 [Thread-4254] INFO  impl.RaftServerProxy (RaftServerProxy.java:addNew(89)) - omNode-2: addNew group-523986131536:[omNode-3:localhost:12260, omNode-1:localhost:12248, omNode-2:localhost:12254] returns group-523986131536:java.util.concurrent.CompletableFuture@3d6293ae[Not completed]
2019-10-21 04:33:14,118 [pool-901-thread-1] INFO  impl.RaftServerImpl (RaftServerImpl.java:<init>(95)) - omNode-2: new RaftServerImpl for group-523986131536:[omNode-3:localhost:12260, omNode-1:localhost:12248, omNode-2:localhost:12254] with OzoneManagerStateMachine:uninitialized
2019-10-21 04:33:14,118 [Thread-4254] INFO  om.OzoneManager (OzoneManager.java:initializeRatisServer(1217)) - OzoneManager Ratis server initialized at port 12254
2019-10-21 04:33:14,118 [pool-901-thread-1] INFO  server.RaftServerConfigKeys (ConfUtils.java:logGet(43)) - raft.server.rpc.timeout.min = 1s (custom)
2019-10-21 04:33:14,118 [Thread-4254] WARN  scm.HddsServerUtil (HddsServerUtil.java:getDefaultRatisDirectory(354)) - Storage directory for Ratis is not configured. It is a good idea to map this to an SSD disk. Falling back to ozone.metadata.dirs
2019-10-21 04:33:14,118 [pool-901-thread-1] INFO  server.RaftServerConfigKeys (ConfUtils.java:logGet(43)) - raft.server.rpc.timeout.max = 1200ms (custom)
2019-10-21 04:33:14,118 [pool-901-thread-1] INFO  server.RaftServerConfigKeys (ConfUtils.java:logGet(43)) - raft.server.rpcslowness.timeout = 2s (custom)
2019-10-21 04:33:14,118 [Thread-4254] WARN  scm.HddsServerUtil (HddsServerUtil.java:getDefaultRatisDirectory(354)) - Storage directory for Ratis is not configured. It is a good idea to map this to an SSD disk. Falling back to ozone.metadata.dirs
2019-10-21 04:33:14,119 [pool-901-thread-1] INFO  server.RaftServerConfigKeys (ConfUtils.java:logGet(43)) - raft.server.sleep.deviation.threshold = 300 (default)
2019-10-21 04:33:14,119 [pool-901-thread-1] INFO  server.RaftServerConfigKeys (ConfUtils.java:logGet(43)) - raft.server.log.appender.install.snapshot.enabled = false (custom)
2019-10-21 04:33:14,119 [Thread-4254] INFO  snapshot.OzoneManagerSnapshotProvider (OzoneManagerSnapshotProvider.java:<init>(81)) - Initializing OM Snapshot Provider
2019-10-21 04:33:14,119 [pool-901-thread-1] INFO  impl.RaftServerImpl (ServerState.java:<init>(103)) - omNode-2@group-523986131536: ConfigurationManager, init=-1: [omNode-3:localhost:12260, omNode-1:localhost:12248, omNode-2:localhost:12254], old=null, confs=<EMPTY_MAP>
2019-10-21 04:33:14,119 [pool-901-thread-1] INFO  server.RaftServerConfigKeys (ConfUtils.java:logGet(43)) - raft.server.storage.dir = [/workdir/hadoop-ozone/integration-test/target/test-dir/MiniOzoneClusterImpl-d137178b-6ed7-4be6-b952-7bc2bf04e198/omNode-2/ratis] (custom)
2019-10-21 04:33:14,119 [pool-901-thread-1] INFO  server.RaftServerConfigKeys (ConfUtils.java:logGet(43)) - raft.server.log.corruption.policy = EXCEPTION (default)
2019-10-21 04:33:14,119 [pool-901-thread-1] INFO  storage.RaftStorageDirectory (RaftStorageDirectory.java:analyzeStorage(246)) - The storage directory /workdir/hadoop-ozone/integration-test/target/test-dir/MiniOzoneClusterImpl-d137178b-6ed7-4be6-b952-7bc2bf04e198/omNode-2/ratis/c9bc4cf4-3bc3-3c60-a66b-523986131536 does not exist. Creating ...
2019-10-21 04:33:14,120 [Thread-4254] INFO  ipc.CallQueueManager (CallQueueManager.java:<init>(84)) - Using callQueue: class java.util.concurrent.LinkedBlockingQueue, queueCapacity: 2000, scheduler: class org.apache.hadoop.ipc.DefaultRpcScheduler, ipcBackoff: false.
2019-10-21 04:33:14,120 [Socket Reader #1 for port 12250] INFO  ipc.Server (Server.java:run(1074)) - Starting Socket Reader #1 for port 12250
2019-10-21 04:33:14,132 [Thread-4254] INFO  om.OzoneManager (OzoneManager.java:start(1071)) - OzoneManager RPC server is listening at localhost/127.0.0.1:12250
2019-10-21 04:33:14,132 [omNode-1@group-523986131536-LeaderElection68] INFO  impl.LeaderElection (LeaderElection.java:askForVotes(178)) - omNode-1@group-523986131536-LeaderElection68: begin an election at term 2 for -1: [omNode-3:localhost:12260, omNode-1:localhost:12248, omNode-2:localhost:12254], old=null
2019-10-21 04:33:14,132 [Thread-4254] INFO  impl.MetricsSystemImpl (MetricsSystemImpl.java:init(158)) - OzoneManager metrics system started (again)
2019-10-21 04:33:14,132 [Thread-4254] INFO  ratis.OzoneManagerRatisServer (OzoneManagerRatisServer.java:start(333)) - Starting OzoneManagerRatisServer omNode-2 at port 12254
2019-10-21 04:33:14,133 [omNode-1@group-523986131536-LeaderElection68] INFO  impl.LeaderElection (LogUtils.java:infoOrTrace(149)) - omNode-1@group-523986131536-LeaderElection68 got exception when requesting votes: {}
java.util.concurrent.ExecutionException: org.apache.ratis.thirdparty.io.grpc.StatusRuntimeException: UNAVAILABLE: io exception
	at java.util.concurrent.FutureTask.report(FutureTask.java:122)
	at java.util.concurrent.FutureTask.get(FutureTask.java:192)
	at org.apache.ratis.server.impl.LeaderElection.waitForResults(LeaderElection.java:259)
	at org.apache.ratis.server.impl.LeaderElection.askForVotes(LeaderElection.java:197)
	at org.apache.ratis.server.impl.LeaderElection.run(LeaderElection.java:133)
	at java.lang.Thread.run(Thread.java:748)
Caused by: org.apache.ratis.thirdparty.io.grpc.StatusRuntimeException: UNAVAILABLE: io exception
	at org.apache.ratis.thirdparty.io.grpc.stub.ClientCalls.toStatusRuntimeException(ClientCalls.java:233)
	at org.apache.ratis.thirdparty.io.grpc.stub.ClientCalls.getUnchecked(ClientCalls.java:214)
	at org.apache.ratis.thirdparty.io.grpc.stub.ClientCalls.blockingUnaryCall(ClientCalls.java:139)
	at org.apache.ratis.proto.grpc.RaftServerProtocolServiceGrpc$RaftServerProtocolServiceBlockingStub.requestVote(RaftServerProtocolServiceGrpc.java:265)
	at org.apache.ratis.grpc.server.GrpcServerProtocolClient.requestVote(GrpcServerProtocolClient.java:99)
	at org.apache.ratis.grpc.server.GrpcService.requestVote(GrpcService.java:204)
	at org.apache.ratis.server.impl.LeaderElection.lambda$submitRequests$1(LeaderElection.java:234)
	at java.util.concurrent.FutureTask.run(FutureTask.java:266)
	at java.util.concurrent.Executors$RunnableAdapter.call(Executors.java:511)
	at java.util.concurrent.FutureTask.run(FutureTask.java:266)
	at java.util.concurrent.ThreadPoolExecutor.runWorker(ThreadPoolExecutor.java:1149)
	at java.util.concurrent.ThreadPoolExecutor$Worker.run(ThreadPoolExecutor.java:624)
	... 1 more
Caused by: org.apache.ratis.thirdparty.io.netty.channel.AbstractChannel$AnnotatedConnectException: Connection refused: localhost/127.0.0.1:12254
	at sun.nio.ch.SocketChannelImpl.checkConnect(Native Method)
	at sun.nio.ch.SocketChannelImpl.finishConnect(SocketChannelImpl.java:717)
	at org.apache.ratis.thirdparty.io.netty.channel.socket.nio.NioSocketChannel.doFinishConnect(NioSocketChannel.java:327)
	at org.apache.ratis.thirdparty.io.netty.channel.nio.AbstractNioChannel$AbstractNioUnsafe.finishConnect(AbstractNioChannel.java:340)
	at org.apache.ratis.thirdparty.io.netty.channel.nio.NioEventLoop.processSelectedKey(NioEventLoop.java:632)
	at org.apache.ratis.thirdparty.io.netty.channel.nio.NioEventLoop.processSelectedKeysOptimized(NioEventLoop.java:579)
	at org.apache.ratis.thirdparty.io.netty.channel.nio.NioEventLoop.processSelectedKeys(NioEventLoop.java:496)
	at org.apache.ratis.thirdparty.io.netty.channel.nio.NioEventLoop.run(NioEventLoop.java:458)
	at org.apache.ratis.thirdparty.io.netty.util.concurrent.SingleThreadEventExecutor$5.run(SingleThreadEventExecutor.java:897)
	at org.apache.ratis.thirdparty.io.netty.util.concurrent.FastThreadLocalRunnable.run(FastThreadLocalRunnable.java:30)
	... 1 more
Caused by: java.net.ConnectException: Connection refused
	... 11 more
2019-10-21 04:33:14,134 [omNode-1@group-523986131536-LeaderElection68] INFO  impl.LeaderElection (LogUtils.java:infoOrTrace(149)) - omNode-1@group-523986131536-LeaderElection68 got exception when requesting votes: {}
java.util.concurrent.ExecutionException: org.apache.ratis.thirdparty.io.grpc.StatusRuntimeException: UNAVAILABLE: io exception
	at java.util.concurrent.FutureTask.report(FutureTask.java:122)
	at java.util.concurrent.FutureTask.get(FutureTask.java:192)
	at org.apache.ratis.server.impl.LeaderElection.waitForResults(LeaderElection.java:259)
	at org.apache.ratis.server.impl.LeaderElection.askForVotes(LeaderElection.java:197)
	at org.apache.ratis.server.impl.LeaderElection.run(LeaderElection.java:133)
	at java.lang.Thread.run(Thread.java:748)
Caused by: org.apache.ratis.thirdparty.io.grpc.StatusRuntimeException: UNAVAILABLE: io exception
	at org.apache.ratis.thirdparty.io.grpc.stub.ClientCalls.toStatusRuntimeException(ClientCalls.java:233)
	at org.apache.ratis.thirdparty.io.grpc.stub.ClientCalls.getUnchecked(ClientCalls.java:214)
	at org.apache.ratis.thirdparty.io.grpc.stub.ClientCalls.blockingUnaryCall(ClientCalls.java:139)
	at org.apache.ratis.proto.grpc.RaftServerProtocolServiceGrpc$RaftServerProtocolServiceBlockingStub.requestVote(RaftServerProtocolServiceGrpc.java:265)
	at org.apache.ratis.grpc.server.GrpcServerProtocolClient.requestVote(GrpcServerProtocolClient.java:99)
	at org.apache.ratis.grpc.server.GrpcService.requestVote(GrpcService.java:204)
	at org.apache.ratis.server.impl.LeaderElection.lambda$submitRequests$1(LeaderElection.java:234)
	at java.util.concurrent.FutureTask.run(FutureTask.java:266)
	at java.util.concurrent.Executors$RunnableAdapter.call(Executors.java:511)
	at java.util.concurrent.FutureTask.run(FutureTask.java:266)
	at java.util.concurrent.ThreadPoolExecutor.runWorker(ThreadPoolExecutor.java:1149)
	at java.util.concurrent.ThreadPoolExecutor$Worker.run(ThreadPoolExecutor.java:624)
	... 1 more
Caused by: org.apache.ratis.thirdparty.io.netty.channel.AbstractChannel$AnnotatedConnectException: Connection refused: localhost/127.0.0.1:12260
	at sun.nio.ch.SocketChannelImpl.checkConnect(Native Method)
	at sun.nio.ch.SocketChannelImpl.finishConnect(SocketChannelImpl.java:717)
	at org.apache.ratis.thirdparty.io.netty.channel.socket.nio.NioSocketChannel.doFinishConnect(NioSocketChannel.java:327)
	at org.apache.ratis.thirdparty.io.netty.channel.nio.AbstractNioChannel$AbstractNioUnsafe.finishConnect(AbstractNioChannel.java:340)
	at org.apache.ratis.thirdparty.io.netty.channel.nio.NioEventLoop.processSelectedKey(NioEventLoop.java:632)
	at org.apache.ratis.thirdparty.io.netty.channel.nio.NioEventLoop.processSelectedKeysOptimized(NioEventLoop.java:579)
	at org.apache.ratis.thirdparty.io.netty.channel.nio.NioEventLoop.processSelectedKeys(NioEventLoop.java:496)
	at org.apache.ratis.thirdparty.io.netty.channel.nio.NioEventLoop.run(NioEventLoop.java:458)
	at org.apache.ratis.thirdparty.io.netty.util.concurrent.SingleThreadEventExecutor$5.run(SingleThreadEventExecutor.java:897)
	at org.apache.ratis.thirdparty.io.netty.util.concurrent.FastThreadLocalRunnable.run(FastThreadLocalRunnable.java:30)
	... 1 more
Caused by: java.net.ConnectException: Connection refused
	... 11 more
2019-10-21 04:33:14,135 [omNode-1@group-523986131536-LeaderElection68] INFO  impl.LeaderElection (LeaderElection.java:logAndReturn(56)) - omNode-1@group-523986131536-LeaderElection68: Election REJECTED; received 0 response(s) [] and 2 exception(s); omNode-1@group-523986131536:t2, leader=null, voted=omNode-1, raftlog=omNode-1@group-523986131536-SegmentedRaftLog:OPENED:c-1,f-1,i0, conf=-1: [omNode-3:localhost:12260, omNode-1:localhost:12248, omNode-2:localhost:12254], old=null
2019-10-21 04:33:14,135 [omNode-1@group-523986131536-LeaderElection68] INFO  impl.LeaderElection (LogUtils.java:infoOrTrace(149)) -   Exception 0: {}
java.util.concurrent.ExecutionException: org.apache.ratis.thirdparty.io.grpc.StatusRuntimeException: UNAVAILABLE: io exception
	at java.util.concurrent.FutureTask.report(FutureTask.java:122)
	at java.util.concurrent.FutureTask.get(FutureTask.java:192)
	at org.apache.ratis.server.impl.LeaderElection.waitForResults(LeaderElection.java:259)
	at org.apache.ratis.server.impl.LeaderElection.askForVotes(LeaderElection.java:197)
	at org.apache.ratis.server.impl.LeaderElection.run(LeaderElection.java:133)
	at java.lang.Thread.run(Thread.java:748)
Caused by: org.apache.ratis.thirdparty.io.grpc.StatusRuntimeException: UNAVAILABLE: io exception
	at org.apache.ratis.thirdparty.io.grpc.stub.ClientCalls.toStatusRuntimeException(ClientCalls.java:233)
	at org.apache.ratis.thirdparty.io.grpc.stub.ClientCalls.getUnchecked(ClientCalls.java:214)
	at org.apache.ratis.thirdparty.io.grpc.stub.ClientCalls.blockingUnaryCall(ClientCalls.java:139)
	at org.apache.ratis.proto.grpc.RaftServerProtocolServiceGrpc$RaftServerProtocolServiceBlockingStub.requestVote(RaftServerProtocolServiceGrpc.java:265)
	at org.apache.ratis.grpc.server.GrpcServerProtocolClient.requestVote(GrpcServerProtocolClient.java:99)
	at org.apache.ratis.grpc.server.GrpcService.requestVote(GrpcService.java:204)
	at org.apache.ratis.server.impl.LeaderElection.lambda$submitRequests$1(LeaderElection.java:234)
	at java.util.concurrent.FutureTask.run(FutureTask.java:266)
	at java.util.concurrent.Executors$RunnableAdapter.call(Executors.java:511)
	at java.util.concurrent.FutureTask.run(FutureTask.java:266)
	at java.util.concurrent.ThreadPoolExecutor.runWorker(ThreadPoolExecutor.java:1149)
	at java.util.concurrent.ThreadPoolExecutor$Worker.run(ThreadPoolExecutor.java:624)
	... 1 more
Caused by: org.apache.ratis.thirdparty.io.netty.channel.AbstractChannel$AnnotatedConnectException: Connection refused: localhost/127.0.0.1:12254
	at sun.nio.ch.SocketChannelImpl.checkConnect(Native Method)
	at sun.nio.ch.SocketChannelImpl.finishConnect(SocketChannelImpl.java:717)
	at org.apache.ratis.thirdparty.io.netty.channel.socket.nio.NioSocketChannel.doFinishConnect(NioSocketChannel.java:327)
	at org.apache.ratis.thirdparty.io.netty.channel.nio.AbstractNioChannel$AbstractNioUnsafe.finishConnect(AbstractNioChannel.java:340)
	at org.apache.ratis.thirdparty.io.netty.channel.nio.NioEventLoop.processSelectedKey(NioEventLoop.java:632)
	at org.apache.ratis.thirdparty.io.netty.channel.nio.NioEventLoop.processSelectedKeysOptimized(NioEventLoop.java:579)
	at org.apache.ratis.thirdparty.io.netty.channel.nio.NioEventLoop.processSelectedKeys(NioEventLoop.java:496)
	at org.apache.ratis.thirdparty.io.netty.channel.nio.NioEventLoop.run(NioEventLoop.java:458)
	at org.apache.ratis.thirdparty.io.netty.util.concurrent.SingleThreadEventExecutor$5.run(SingleThreadEventExecutor.java:897)
	at org.apache.ratis.thirdparty.io.netty.util.concurrent.FastThreadLocalRunnable.run(FastThreadLocalRunnable.java:30)
	... 1 more
Caused by: java.net.ConnectException: Connection refused
	... 11 more
2019-10-21 04:33:14,135 [omNode-1@group-523986131536-LeaderElection68] INFO  impl.LeaderElection (LogUtils.java:infoOrTrace(149)) -   Exception 1: {}
java.util.concurrent.ExecutionException: org.apache.ratis.thirdparty.io.grpc.StatusRuntimeException: UNAVAILABLE: io exception
	at java.util.concurrent.FutureTask.report(FutureTask.java:122)
	at java.util.concurrent.FutureTask.get(FutureTask.java:192)
	at org.apache.ratis.server.impl.LeaderElection.waitForResults(LeaderElection.java:259)
	at org.apache.ratis.server.impl.LeaderElection.askForVotes(LeaderElection.java:197)
	at org.apache.ratis.server.impl.LeaderElection.run(LeaderElection.java:133)
	at java.lang.Thread.run(Thread.java:748)
Caused by: org.apache.ratis.thirdparty.io.grpc.StatusRuntimeException: UNAVAILABLE: io exception
	at org.apache.ratis.thirdparty.io.grpc.stub.ClientCalls.toStatusRuntimeException(ClientCalls.java:233)
	at org.apache.ratis.thirdparty.io.grpc.stub.ClientCalls.getUnchecked(ClientCalls.java:214)
	at org.apache.ratis.thirdparty.io.grpc.stub.ClientCalls.blockingUnaryCall(ClientCalls.java:139)
	at org.apache.ratis.proto.grpc.RaftServerProtocolServiceGrpc$RaftServerProtocolServiceBlockingStub.requestVote(RaftServerProtocolServiceGrpc.java:265)
	at org.apache.ratis.grpc.server.GrpcServerProtocolClient.requestVote(GrpcServerProtocolClient.java:99)
	at org.apache.ratis.grpc.server.GrpcService.requestVote(GrpcService.java:204)
	at org.apache.ratis.server.impl.LeaderElection.lambda$submitRequests$1(LeaderElection.java:234)
	at java.util.concurrent.FutureTask.run(FutureTask.java:266)
	at java.util.concurrent.Executors$RunnableAdapter.call(Executors.java:511)
	at java.util.concurrent.FutureTask.run(FutureTask.java:266)
	at java.util.concurrent.ThreadPoolExecutor.runWorker(ThreadPoolExecutor.java:1149)
	at java.util.concurrent.ThreadPoolExecutor$Worker.run(ThreadPoolExecutor.java:624)
	... 1 more
Caused by: org.apache.ratis.thirdparty.io.netty.channel.AbstractChannel$AnnotatedConnectException: Connection refused: localhost/127.0.0.1:12260
	at sun.nio.ch.SocketChannelImpl.checkConnect(Native Method)
	at sun.nio.ch.SocketChannelImpl.finishConnect(SocketChannelImpl.java:717)
	at org.apache.ratis.thirdparty.io.netty.channel.socket.nio.NioSocketChannel.doFinishConnect(NioSocketChannel.java:327)
	at org.apache.ratis.thirdparty.io.netty.channel.nio.AbstractNioChannel$AbstractNioUnsafe.finishConnect(AbstractNioChannel.java:340)
	at org.apache.ratis.thirdparty.io.netty.channel.nio.NioEventLoop.processSelectedKey(NioEventLoop.java:632)
	at org.apache.ratis.thirdparty.io.netty.channel.nio.NioEventLoop.processSelectedKeysOptimized(NioEventLoop.java:579)
	at org.apache.ratis.thirdparty.io.netty.channel.nio.NioEventLoop.processSelectedKeys(NioEventLoop.java:496)
	at org.apache.ratis.thirdparty.io.netty.channel.nio.NioEventLoop.run(NioEventLoop.java:458)
	at org.apache.ratis.thirdparty.io.netty.util.concurrent.SingleThreadEventExecutor$5.run(SingleThreadEventExecutor.java:897)
	at org.apache.ratis.thirdparty.io.netty.util.concurrent.FastThreadLocalRunnable.run(FastThreadLocalRunnable.java:30)
	... 1 more
Caused by: java.net.ConnectException: Connection refused
	... 11 more
2019-10-21 04:33:14,136 [omNode-1@group-523986131536-LeaderElection68] INFO  impl.RaftServerImpl (RaftServerImpl.java:setRole(170)) - omNode-1@group-523986131536: changes role from CANDIDATE to FOLLOWER at term 2 for DISCOVERED_A_NEW_TERM
2019-10-21 04:33:14,136 [omNode-1@group-523986131536-LeaderElection68] INFO  impl.RoleInfo (RoleInfo.java:shutdownLeaderElection(134)) - omNode-1: shutdown LeaderElection
2019-10-21 04:33:14,136 [omNode-1@group-523986131536-LeaderElection68] INFO  impl.RoleInfo (RoleInfo.java:updateAndGet(143)) - omNode-1: start FollowerState
2019-10-21 04:33:14,151 [pool-901-thread-1] INFO  storage.RaftStorageDirectory (RaftStorageDirectory.java:tryLock(328)) - Lock on /workdir/hadoop-ozone/integration-test/target/test-dir/MiniOzoneClusterImpl-d137178b-6ed7-4be6-b952-7bc2bf04e198/omNode-2/ratis/c9bc4cf4-3bc3-3c60-a66b-523986131536/in_use.lock acquired by nodename 29612@pr-hdds-1569-252f9-3696506840
2019-10-21 04:33:14,235 [pool-901-thread-1] INFO  storage.RaftStorage (RaftStorage.java:format(84)) - Storage directory /workdir/hadoop-ozone/integration-test/target/test-dir/MiniOzoneClusterImpl-d137178b-6ed7-4be6-b952-7bc2bf04e198/omNode-2/ratis/c9bc4cf4-3bc3-3c60-a66b-523986131536 has been successfully formatted.
2019-10-21 04:33:14,235 [pool-901-thread-1] INFO  server.RaftServerConfigKeys (ConfUtils.java:logGet(43)) - raft.server.notification.no-leader.timeout = 2s (custom)
2019-10-21 04:33:14,235 [pool-901-thread-1] INFO  server.RaftServerConfigKeys (ConfUtils.java:logGet(43)) - raft.server.log.use.memory = false (default)
2019-10-21 04:33:14,235 [pool-901-thread-1] INFO  server.RaftServerConfigKeys (ConfUtils.java:logGet(43)) - raft.server.log.purge.gap = 50 (custom)
2019-10-21 04:33:14,236 [pool-901-thread-1] INFO  server.RaftServerConfigKeys (ConfUtils.java:logGet(43)) - raft.server.log.appender.buffer.byte-limit = 33554432 (custom)
2019-10-21 04:33:14,236 [pool-901-thread-1] INFO  server.RaftServerConfigKeys (ConfUtils.java:logGet(43)) - raft.server.log.segment.size.max = 16384 (custom)
2019-10-21 04:33:14,236 [pool-901-thread-1] INFO  server.RaftServerConfigKeys (ConfUtils.java:logGet(43)) - raft.server.log.segment.cache.num.max = 2 (custom)
2019-10-21 04:33:14,236 [pool-901-thread-1] INFO  segmented.SegmentedRaftLogWorker (SegmentedRaftLogWorker.java:<init>(173)) - new omNode-2@group-523986131536-SegmentedRaftLogWorker for RaftStorage:Storage Directory /workdir/hadoop-ozone/integration-test/target/test-dir/MiniOzoneClusterImpl-d137178b-6ed7-4be6-b952-7bc2bf04e198/omNode-2/ratis/c9bc4cf4-3bc3-3c60-a66b-523986131536
2019-10-21 04:33:14,236 [pool-901-thread-1] INFO  server.RaftServerConfigKeys (ConfUtils.java:logGet(43)) - raft.server.log.queue.byte-limit = 64MB (=67108864) (default)
2019-10-21 04:33:14,236 [pool-901-thread-1] INFO  server.RaftServerConfigKeys (ConfUtils.java:logGet(43)) - raft.server.log.queue.element-limit = 4096 (default)
2019-10-21 04:33:14,236 [pool-901-thread-1] INFO  server.RaftServerConfigKeys (ConfUtils.java:logGet(43)) - raft.server.log.segment.size.max = 16384 (custom)
2019-10-21 04:33:14,236 [pool-901-thread-1] INFO  server.RaftServerConfigKeys (ConfUtils.java:logGet(43)) - raft.server.log.preallocated.size = 16384 (custom)
2019-10-21 04:33:14,237 [pool-901-thread-1] INFO  server.RaftServerConfigKeys (ConfUtils.java:logGet(43)) - raft.server.log.write.buffer.size = 64KB (=65536) (default)
2019-10-21 04:33:14,237 [pool-901-thread-1] INFO  server.RaftServerConfigKeys (ConfUtils.java:logGet(43)) - raft.server.log.force.sync.num = 128 (default)
2019-10-21 04:33:14,237 [pool-901-thread-1] INFO  server.RaftServerConfigKeys (ConfUtils.java:logGet(43)) - raft.server.log.statemachine.data.sync = true (default)
2019-10-21 04:33:14,237 [pool-901-thread-1] INFO  server.RaftServerConfigKeys (ConfUtils.java:logGet(43)) - raft.server.log.statemachine.data.sync.timeout = 10s (default)
2019-10-21 04:33:14,237 [pool-901-thread-1] INFO  server.RaftServerConfigKeys (ConfUtils.java:logGet(43)) - raft.server.log.statemachine.data.sync.timeout.retry = -1 (default)
2019-10-21 04:33:14,237 [pool-901-thread-1] INFO  server.RaftServerConfigKeys (ConfUtils.java:logGet(43)) - raft.server.log.statemachine.data.caching.enabled = false (default)
2019-10-21 04:33:14,237 [pool-901-thread-1] INFO  segmented.SegmentedRaftLogWorker (SegmentedRaftLogWorker.java:lambda$new$0(128)) - omNode-2@group-523986131536-SegmentedRaftLogWorker: flushIndex: setUnconditionally 0 -> -1
2019-10-21 04:33:14,238 [pool-901-thread-1] INFO  server.RaftServerConfigKeys (ConfUtils.java:logGet(43)) - raft.server.snapshot.auto.trigger.enabled = true (custom)
2019-10-21 04:33:14,238 [pool-901-thread-1] INFO  server.RaftServerConfigKeys (ConfUtils.java:logGet(43)) - raft.server.snapshot.auto.trigger.threshold = 50 (custom)
2019-10-21 04:33:14,238 [pool-901-thread-1] INFO  server.RaftServerConfigKeys (ConfUtils.java:logGet(43)) - raft.server.snapshot.retention.file.num = -1 (default)
2019-10-21 04:33:14,238 [pool-901-thread-1] INFO  server.RaftServerConfigKeys (ConfUtils.java:logGet(43)) - raft.server.retrycache.expirytime = 600000ms (custom)
2019-10-21 04:33:14,240 [Thread-4254] INFO  impl.RaftServerImpl (RaftServerImpl.java:start(181)) - omNode-2@group-523986131536: start as a follower, conf=-1: [omNode-3:localhost:12260, omNode-1:localhost:12248, omNode-2:localhost:12254], old=null
2019-10-21 04:33:14,240 [Thread-4254] INFO  impl.RaftServerImpl (RaftServerImpl.java:setRole(170)) - omNode-2@group-523986131536: changes role from      null to FOLLOWER at term 0 for startAsFollower
2019-10-21 04:33:14,240 [Thread-4254] INFO  impl.RoleInfo (RoleInfo.java:updateAndGet(143)) - omNode-2: start FollowerState
2019-10-21 04:33:14,240 [Thread-4254] INFO  util.JmxRegister (JmxRegister.java:tryRegister(44)) - Successfully registered JMX Bean with object name Ratis:service=RaftServer,group=group-523986131536,id=omNode-2
2019-10-21 04:33:14,241 [Thread-4254] INFO  impl.RaftServerProxy (RaftServerProxy.java:lambda$start$3(299)) - omNode-2: start RPC server
2019-10-21 04:33:14,242 [Thread-4254] INFO  server.GrpcService (GrpcService.java:startImpl(158)) - omNode-2: GrpcService started, listening on 0.0.0.0/0.0.0.0:12254
2019-10-21 04:33:14,243 [IPC Server Responder] INFO  ipc.Server (Server.java:run(1314)) - IPC Server Responder: starting
2019-10-21 04:33:14,244 [IPC Server listener on 12250] INFO  ipc.Server (Server.java:run(1153)) - IPC Server listener on 12250: starting
2019-10-21 04:33:14,248 [Thread-4254] INFO  hdfs.DFSUtil (DFSUtil.java:httpServerTemplateForNNAndJN(1641)) - Starting Web-server for ozoneManager at: http://0.0.0.0:12252
2019-10-21 04:33:14,250 [Thread-4254] INFO  server.AuthenticationFilter (AuthenticationFilter.java:constructSecretProvider(240)) - Unable to initialize FileSignerSecretProvider, falling back to use random secrets.
2019-10-21 04:33:14,250 [Thread-4254] WARN  http.HttpRequestLog (HttpRequestLog.java:getRequestLog(97)) - Jetty request log can only be enabled using Log4j
2019-10-21 04:33:14,251 [Thread-4254] INFO  http.HttpServer2 (HttpServer2.java:addGlobalFilter(975)) - Added global filter 'safety' (class=org.apache.hadoop.http.HttpServer2$QuotingInputFilter)
2019-10-21 04:33:14,251 [Thread-4254] INFO  http.HttpServer2 (HttpServer2.java:addFilter(948)) - Added filter static_user_filter (class=org.apache.hadoop.http.lib.StaticUserWebFilter$StaticUserFilter) to context ozoneManager
2019-10-21 04:33:14,252 [Thread-4254] INFO  http.HttpServer2 (HttpServer2.java:addFilter(958)) - Added filter static_user_filter (class=org.apache.hadoop.http.lib.StaticUserWebFilter$StaticUserFilter) to context static
2019-10-21 04:33:14,252 [Thread-4254] INFO  http.HttpServer2 (HttpServer2.java:addFilter(958)) - Added filter static_user_filter (class=org.apache.hadoop.http.lib.StaticUserWebFilter$StaticUserFilter) to context logs
2019-10-21 04:33:14,252 [Thread-4254] INFO  http.HttpServer2 (HttpServer2.java:bindListener(1191)) - Jetty bound to port 12252
2019-10-21 04:33:14,252 [Thread-4254] INFO  server.Server (Server.java:doStart(351)) - jetty-9.3.25.v20180904, build timestamp: 2018-09-04T21:11:46Z, git hash: 3ce520221d0240229c862b122d2b06c12a625732
2019-10-21 04:33:14,254 [Thread-4254] INFO  handler.ContextHandler (ContextHandler.java:doStart(781)) - Started o.e.j.s.ServletContextHandler@338be804{/logs,file:///workdir/hadoop-ozone/integration-test/target/log,AVAILABLE}
2019-10-21 04:33:14,254 [Thread-4254] INFO  handler.ContextHandler (ContextHandler.java:doStart(781)) - Started o.e.j.s.ServletContextHandler@17d56e47{/static,file:///workdir/hadoop-ozone/integration-test/target/test-classes/webapps/static,AVAILABLE}
2019-10-21 04:33:14,372 [Thread-4254] INFO  handler.ContextHandler (ContextHandler.java:doStart(781)) - Started o.e.j.w.WebAppContext@5251f69f{/,file:///workdir/hadoop-ozone/integration-test/target/test-classes/webapps/ozoneManager/,AVAILABLE}{/ozoneManager}
2019-10-21 04:33:14,372 [Thread-4254] INFO  server.AbstractConnector (AbstractConnector.java:doStart(278)) - Started ServerConnector@35a509d6{HTTP/1.1,[http/1.1]}{0.0.0.0:12252}
2019-10-21 04:33:14,374 [Thread-4254] INFO  server.Server (Server.java:doStart(419)) - Started @421648ms
2019-10-21 04:33:14,374 [Thread-4254] WARN  impl.MetricsSystemImpl (MetricsSystemImpl.java:register(276)) - Sink prometheus already exists!
2019-10-21 04:33:14,375 [Thread-4254] INFO  server.BaseHttpServer (BaseHttpServer.java:updateConnectorAddress(215)) - HTTP server of OZONEMANAGER is listening at http://0.0.0.0:12252
2019-10-21 04:33:14,375 [Thread-4254] INFO  ozone.MiniOzoneHAClusterImpl (MiniOzoneHAClusterImpl.java:createOMService(274)) - Started OzoneManager RPC server at localhost/127.0.0.1:12250
2019-10-21 04:33:14,376 [Thread-4254] WARN  server.ServerUtils (ServerUtils.java:getDBPath(222)) - ozone.om.db.dirs is not configured. We recommend adding this setting. Falling back to ozone.metadata.dirs instead.
2019-10-21 04:33:14,413 [Thread-4254] INFO  ha.OMHANodeDetails (OMHANodeDetails.java:loadOMHAConfig(165)) - Found matching OM address with OMServiceId: om-service-test1, OMNodeId: omNode-3, RPC Address: localhost:12256 and Ratis port: 12260
2019-10-21 04:33:14,413 [Thread-4254] INFO  ha.OMHANodeDetails (OMHANodeDetails.java:setOMNodeSpecificConfigs(298)) - Setting configuration key ozone.om.http-address with value of key ozone.om.http-address.omNode-3: 127.0.0.1:12258
2019-10-21 04:33:14,413 [Thread-4254] INFO  ha.OMHANodeDetails (OMHANodeDetails.java:setOMNodeSpecificConfigs(298)) - Setting configuration key ozone.om.https-address with value of key ozone.om.https-address.omNode-3: 127.0.0.1:12259
2019-10-21 04:33:14,414 [Thread-4254] INFO  ha.OMHANodeDetails (OMHANodeDetails.java:setOMNodeSpecificConfigs(298)) - Setting configuration key ozone.om.address with value of key ozone.om.address.omNode-3: 127.0.0.1:12256
2019-10-21 04:33:14,414 [Thread-4254] WARN  server.ServerUtils (ServerUtils.java:getDBPath(222)) - ozone.om.db.dirs is not configured. We recommend adding this setting. Falling back to ozone.metadata.dirs instead.
2019-10-21 04:33:14,414 [Thread-4254] WARN  server.ServerUtils (ServerUtils.java:getDBPath(222)) - ozone.om.db.dirs is not configured. We recommend adding this setting. Falling back to ozone.metadata.dirs instead.
2019-10-21 04:33:14,418 [Thread-4254] WARN  server.ServerUtils (ServerUtils.java:getDBPath(222)) - ozone.om.db.dirs is not configured. We recommend adding this setting. Falling back to ozone.metadata.dirs instead.
2019-10-21 04:33:14,419 [Thread-4254] INFO  db.DBStoreBuilder (DBStoreBuilder.java:addTable(117)) - using custom profile for table: userTable
2019-10-21 04:33:14,419 [Thread-4254] INFO  db.DBStoreBuilder (DBStoreBuilder.java:processTables(168)) - Using default column profile:DBProfile.DISK for Table:userTable
2019-10-21 04:33:14,419 [Thread-4254] INFO  db.DBStoreBuilder (DBStoreBuilder.java:addTable(117)) - using custom profile for table: volumeTable
2019-10-21 04:33:14,419 [Thread-4254] INFO  db.DBStoreBuilder (DBStoreBuilder.java:processTables(168)) - Using default column profile:DBProfile.DISK for Table:volumeTable
2019-10-21 04:33:14,419 [Thread-4254] INFO  db.DBStoreBuilder (DBStoreBuilder.java:addTable(117)) - using custom profile for table: bucketTable
2019-10-21 04:33:14,419 [Thread-4254] INFO  db.DBStoreBuilder (DBStoreBuilder.java:processTables(168)) - Using default column profile:DBProfile.DISK for Table:bucketTable
2019-10-21 04:33:14,419 [Thread-4254] INFO  db.DBStoreBuilder (DBStoreBuilder.java:addTable(117)) - using custom profile for table: keyTable
2019-10-21 04:33:14,420 [Thread-4254] INFO  db.DBStoreBuilder (DBStoreBuilder.java:processTables(168)) - Using default column profile:DBProfile.DISK for Table:keyTable
2019-10-21 04:33:14,420 [Thread-4254] INFO  db.DBStoreBuilder (DBStoreBuilder.java:addTable(117)) - using custom profile for table: deletedTable
2019-10-21 04:33:14,420 [Thread-4254] INFO  db.DBStoreBuilder (DBStoreBuilder.java:processTables(168)) - Using default column profile:DBProfile.DISK for Table:deletedTable
2019-10-21 04:33:14,420 [Thread-4254] INFO  db.DBStoreBuilder (DBStoreBuilder.java:addTable(117)) - using custom profile for table: openKeyTable
2019-10-21 04:33:14,420 [Thread-4254] INFO  db.DBStoreBuilder (DBStoreBuilder.java:processTables(168)) - Using default column profile:DBProfile.DISK for Table:openKeyTable
2019-10-21 04:33:14,420 [Thread-4254] INFO  db.DBStoreBuilder (DBStoreBuilder.java:addTable(117)) - using custom profile for table: s3Table
2019-10-21 04:33:14,420 [Thread-4254] INFO  db.DBStoreBuilder (DBStoreBuilder.java:processTables(168)) - Using default column profile:DBProfile.DISK for Table:s3Table
2019-10-21 04:33:14,420 [Thread-4254] INFO  db.DBStoreBuilder (DBStoreBuilder.java:addTable(117)) - using custom profile for table: multipartInfoTable
2019-10-21 04:33:14,421 [Thread-4254] INFO  db.DBStoreBuilder (DBStoreBuilder.java:processTables(168)) - Using default column profile:DBProfile.DISK for Table:multipartInfoTable
2019-10-21 04:33:14,421 [Thread-4254] INFO  db.DBStoreBuilder (DBStoreBuilder.java:addTable(117)) - using custom profile for table: dTokenTable
2019-10-21 04:33:14,421 [Thread-4254] INFO  db.DBStoreBuilder (DBStoreBuilder.java:processTables(168)) - Using default column profile:DBProfile.DISK for Table:dTokenTable
2019-10-21 04:33:14,421 [Thread-4254] INFO  db.DBStoreBuilder (DBStoreBuilder.java:addTable(117)) - using custom profile for table: s3SecretTable
2019-10-21 04:33:14,421 [Thread-4254] INFO  db.DBStoreBuilder (DBStoreBuilder.java:processTables(168)) - Using default column profile:DBProfile.DISK for Table:s3SecretTable
2019-10-21 04:33:14,421 [Thread-4254] INFO  db.DBStoreBuilder (DBStoreBuilder.java:addTable(117)) - using custom profile for table: prefixTable
2019-10-21 04:33:14,421 [Thread-4254] INFO  db.DBStoreBuilder (DBStoreBuilder.java:processTables(168)) - Using default column profile:DBProfile.DISK for Table:prefixTable
2019-10-21 04:33:14,421 [Thread-4254] INFO  db.DBStoreBuilder (DBStoreBuilder.java:addTable(117)) - using custom profile for table: default
2019-10-21 04:33:14,422 [Thread-4254] INFO  db.DBStoreBuilder (DBStoreBuilder.java:processTables(174)) - Using default column profile:DBProfile.DISK for Table:default
2019-10-21 04:33:14,422 [Thread-4254] INFO  db.DBStoreBuilder (DBStoreBuilder.java:getDbProfile(205)) - Using default options. DBProfile.DISK
2019-10-21 04:33:15,280 [Thread-4398] INFO  impl.FollowerState (FollowerState.java:run(108)) - omNode-2@group-523986131536-FollowerState: change to CANDIDATE, lastRpcTime:1039ms, electionTimeout:1039ms
2019-10-21 04:33:15,280 [Thread-4398] INFO  impl.RoleInfo (RoleInfo.java:shutdownFollowerState(121)) - omNode-2: shutdown FollowerState
2019-10-21 04:33:15,280 [Thread-4398] INFO  impl.RaftServerImpl (RaftServerImpl.java:setRole(170)) - omNode-2@group-523986131536: changes role from  FOLLOWER to CANDIDATE at term 0 for changeToCandidate
2019-10-21 04:33:15,280 [Thread-4398] INFO  impl.RoleInfo (RoleInfo.java:updateAndGet(143)) - omNode-2: start LeaderElection
2019-10-21 04:33:15,335 [Thread-4396] INFO  impl.FollowerState (FollowerState.java:run(108)) - omNode-1@group-523986131536-FollowerState: change to CANDIDATE, lastRpcTime:1199ms, electionTimeout:1199ms
2019-10-21 04:33:15,335 [Thread-4396] INFO  impl.RoleInfo (RoleInfo.java:shutdownFollowerState(121)) - omNode-1: shutdown FollowerState
2019-10-21 04:33:15,335 [Thread-4396] INFO  impl.RaftServerImpl (RaftServerImpl.java:setRole(170)) - omNode-1@group-523986131536: changes role from  FOLLOWER to CANDIDATE at term 2 for changeToCandidate
2019-10-21 04:33:15,335 [Thread-4396] INFO  impl.RoleInfo (RoleInfo.java:updateAndGet(143)) - omNode-1: start LeaderElection
2019-10-21 04:33:15,552 [omNode-2@group-523986131536-LeaderElection69] INFO  impl.LeaderElection (LeaderElection.java:askForVotes(178)) - omNode-2@group-523986131536-LeaderElection69: begin an election at term 1 for -1: [omNode-3:localhost:12260, omNode-1:localhost:12248, omNode-2:localhost:12254], old=null
2019-10-21 04:33:15,552 [omNode-1@group-523986131536-LeaderElection70] INFO  impl.LeaderElection (LeaderElection.java:askForVotes(178)) - omNode-1@group-523986131536-LeaderElection70: begin an election at term 3 for -1: [omNode-3:localhost:12260, omNode-1:localhost:12248, omNode-2:localhost:12254], old=null
2019-10-21 04:33:15,554 [omNode-1@group-523986131536-LeaderElection70] INFO  impl.LeaderElection (LogUtils.java:infoOrTrace(149)) - omNode-1@group-523986131536-LeaderElection70 got exception when requesting votes: {}
java.util.concurrent.ExecutionException: org.apache.ratis.thirdparty.io.grpc.StatusRuntimeException: UNAVAILABLE: io exception
	at java.util.concurrent.FutureTask.report(FutureTask.java:122)
	at java.util.concurrent.FutureTask.get(FutureTask.java:192)
	at org.apache.ratis.server.impl.LeaderElection.waitForResults(LeaderElection.java:259)
	at org.apache.ratis.server.impl.LeaderElection.askForVotes(LeaderElection.java:197)
	at org.apache.ratis.server.impl.LeaderElection.run(LeaderElection.java:133)
	at java.lang.Thread.run(Thread.java:748)
Caused by: org.apache.ratis.thirdparty.io.grpc.StatusRuntimeException: UNAVAILABLE: io exception
	at org.apache.ratis.thirdparty.io.grpc.stub.ClientCalls.toStatusRuntimeException(ClientCalls.java:233)
	at org.apache.ratis.thirdparty.io.grpc.stub.ClientCalls.getUnchecked(ClientCalls.java:214)
	at org.apache.ratis.thirdparty.io.grpc.stub.ClientCalls.blockingUnaryCall(ClientCalls.java:139)
	at org.apache.ratis.proto.grpc.RaftServerProtocolServiceGrpc$RaftServerProtocolServiceBlockingStub.requestVote(RaftServerProtocolServiceGrpc.java:265)
	at org.apache.ratis.grpc.server.GrpcServerProtocolClient.requestVote(GrpcServerProtocolClient.java:99)
	at org.apache.ratis.grpc.server.GrpcService.requestVote(GrpcService.java:204)
	at org.apache.ratis.server.impl.LeaderElection.lambda$submitRequests$1(LeaderElection.java:234)
	at java.util.concurrent.FutureTask.run(FutureTask.java:266)
	at java.util.concurrent.Executors$RunnableAdapter.call(Executors.java:511)
	at java.util.concurrent.FutureTask.run(FutureTask.java:266)
	at java.util.concurrent.ThreadPoolExecutor.runWorker(ThreadPoolExecutor.java:1149)
	at java.util.concurrent.ThreadPoolExecutor$Worker.run(ThreadPoolExecutor.java:624)
	... 1 more
Caused by: org.apache.ratis.thirdparty.io.netty.channel.AbstractChannel$AnnotatedConnectException: Connection refused: localhost/127.0.0.1:12260
	at sun.nio.ch.SocketChannelImpl.checkConnect(Native Method)
	at sun.nio.ch.SocketChannelImpl.finishConnect(SocketChannelImpl.java:717)
	at org.apache.ratis.thirdparty.io.netty.channel.socket.nio.NioSocketChannel.doFinishConnect(NioSocketChannel.java:327)
	at org.apache.ratis.thirdparty.io.netty.channel.nio.AbstractNioChannel$AbstractNioUnsafe.finishConnect(AbstractNioChannel.java:340)
	at org.apache.ratis.thirdparty.io.netty.channel.nio.NioEventLoop.processSelectedKey(NioEventLoop.java:632)
	at org.apache.ratis.thirdparty.io.netty.channel.nio.NioEventLoop.processSelectedKeysOptimized(NioEventLoop.java:579)
	at org.apache.ratis.thirdparty.io.netty.channel.nio.NioEventLoop.processSelectedKeys(NioEventLoop.java:496)
	at org.apache.ratis.thirdparty.io.netty.channel.nio.NioEventLoop.run(NioEventLoop.java:458)
	at org.apache.ratis.thirdparty.io.netty.util.concurrent.SingleThreadEventExecutor$5.run(SingleThreadEventExecutor.java:897)
	at org.apache.ratis.thirdparty.io.netty.util.concurrent.FastThreadLocalRunnable.run(FastThreadLocalRunnable.java:30)
	... 1 more
Caused by: java.net.ConnectException: Connection refused
	... 11 more
2019-10-21 04:33:15,555 [omNode-1@group-523986131536-LeaderElection70] INFO  impl.LeaderElection (LogUtils.java:infoOrTrace(149)) - omNode-1@group-523986131536-LeaderElection70 got exception when requesting votes: {}
java.util.concurrent.ExecutionException: org.apache.ratis.thirdparty.io.grpc.StatusRuntimeException: UNAVAILABLE: io exception
	at java.util.concurrent.FutureTask.report(FutureTask.java:122)
	at java.util.concurrent.FutureTask.get(FutureTask.java:192)
	at org.apache.ratis.server.impl.LeaderElection.waitForResults(LeaderElection.java:259)
	at org.apache.ratis.server.impl.LeaderElection.askForVotes(LeaderElection.java:197)
	at org.apache.ratis.server.impl.LeaderElection.run(LeaderElection.java:133)
	at java.lang.Thread.run(Thread.java:748)
Caused by: org.apache.ratis.thirdparty.io.grpc.StatusRuntimeException: UNAVAILABLE: io exception
	at org.apache.ratis.thirdparty.io.grpc.stub.ClientCalls.toStatusRuntimeException(ClientCalls.java:233)
	at org.apache.ratis.thirdparty.io.grpc.stub.ClientCalls.getUnchecked(ClientCalls.java:214)
	at org.apache.ratis.thirdparty.io.grpc.stub.ClientCalls.blockingUnaryCall(ClientCalls.java:139)
	at org.apache.ratis.proto.grpc.RaftServerProtocolServiceGrpc$RaftServerProtocolServiceBlockingStub.requestVote(RaftServerProtocolServiceGrpc.java:265)
	at org.apache.ratis.grpc.server.GrpcServerProtocolClient.requestVote(GrpcServerProtocolClient.java:99)
	at org.apache.ratis.grpc.server.GrpcService.requestVote(GrpcService.java:204)
	at org.apache.ratis.server.impl.LeaderElection.lambda$submitRequests$1(LeaderElection.java:234)
	at java.util.concurrent.FutureTask.run(FutureTask.java:266)
	at java.util.concurrent.Executors$RunnableAdapter.call(Executors.java:511)
	at java.util.concurrent.FutureTask.run(FutureTask.java:266)
	at java.util.concurrent.ThreadPoolExecutor.runWorker(ThreadPoolExecutor.java:1149)
	at java.util.concurrent.ThreadPoolExecutor$Worker.run(ThreadPoolExecutor.java:624)
	... 1 more
Caused by: org.apache.ratis.thirdparty.io.netty.channel.AbstractChannel$AnnotatedConnectException: Connection refused: localhost/127.0.0.1:12254
	at sun.nio.ch.SocketChannelImpl.checkConnect(Native Method)
	at sun.nio.ch.SocketChannelImpl.finishConnect(SocketChannelImpl.java:717)
	at org.apache.ratis.thirdparty.io.netty.channel.socket.nio.NioSocketChannel.doFinishConnect(NioSocketChannel.java:327)
	at org.apache.ratis.thirdparty.io.netty.channel.nio.AbstractNioChannel$AbstractNioUnsafe.finishConnect(AbstractNioChannel.java:340)
	at org.apache.ratis.thirdparty.io.netty.channel.nio.NioEventLoop.processSelectedKey(NioEventLoop.java:632)
	at org.apache.ratis.thirdparty.io.netty.channel.nio.NioEventLoop.processSelectedKeysOptimized(NioEventLoop.java:579)
	at org.apache.ratis.thirdparty.io.netty.channel.nio.NioEventLoop.processSelectedKeys(NioEventLoop.java:496)
	at org.apache.ratis.thirdparty.io.netty.channel.nio.NioEventLoop.run(NioEventLoop.java:458)
	at org.apache.ratis.thirdparty.io.netty.util.concurrent.SingleThreadEventExecutor$5.run(SingleThreadEventExecutor.java:897)
	at org.apache.ratis.thirdparty.io.netty.util.concurrent.FastThreadLocalRunnable.run(FastThreadLocalRunnable.java:30)
	... 1 more
Caused by: java.net.ConnectException: Connection refused
	... 11 more
2019-10-21 04:33:15,557 [omNode-1@group-523986131536-LeaderElection70] INFO  impl.LeaderElection (LeaderElection.java:logAndReturn(56)) - omNode-1@group-523986131536-LeaderElection70: Election REJECTED; received 0 response(s) [] and 2 exception(s); omNode-1@group-523986131536:t3, leader=null, voted=omNode-1, raftlog=omNode-1@group-523986131536-SegmentedRaftLog:OPENED:c-1,f-1,i0, conf=-1: [omNode-3:localhost:12260, omNode-1:localhost:12248, omNode-2:localhost:12254], old=null
2019-10-21 04:33:15,557 [omNode-1@group-523986131536-LeaderElection70] INFO  impl.LeaderElection (LogUtils.java:infoOrTrace(149)) -   Exception 0: {}
java.util.concurrent.ExecutionException: org.apache.ratis.thirdparty.io.grpc.StatusRuntimeException: UNAVAILABLE: io exception
	at java.util.concurrent.FutureTask.report(FutureTask.java:122)
	at java.util.concurrent.FutureTask.get(FutureTask.java:192)
	at org.apache.ratis.server.impl.LeaderElection.waitForResults(LeaderElection.java:259)
	at org.apache.ratis.server.impl.LeaderElection.askForVotes(LeaderElection.java:197)
	at org.apache.ratis.server.impl.LeaderElection.run(LeaderElection.java:133)
	at java.lang.Thread.run(Thread.java:748)
Caused by: org.apache.ratis.thirdparty.io.grpc.StatusRuntimeException: UNAVAILABLE: io exception
	at org.apache.ratis.thirdparty.io.grpc.stub.ClientCalls.toStatusRuntimeException(ClientCalls.java:233)
	at org.apache.ratis.thirdparty.io.grpc.stub.ClientCalls.getUnchecked(ClientCalls.java:214)
	at org.apache.ratis.thirdparty.io.grpc.stub.ClientCalls.blockingUnaryCall(ClientCalls.java:139)
	at org.apache.ratis.proto.grpc.RaftServerProtocolServiceGrpc$RaftServerProtocolServiceBlockingStub.requestVote(RaftServerProtocolServiceGrpc.java:265)
	at org.apache.ratis.grpc.server.GrpcServerProtocolClient.requestVote(GrpcServerProtocolClient.java:99)
	at org.apache.ratis.grpc.server.GrpcService.requestVote(GrpcService.java:204)
	at org.apache.ratis.server.impl.LeaderElection.lambda$submitRequests$1(LeaderElection.java:234)
	at java.util.concurrent.FutureTask.run(FutureTask.java:266)
	at java.util.concurrent.Executors$RunnableAdapter.call(Executors.java:511)
	at java.util.concurrent.FutureTask.run(FutureTask.java:266)
	at java.util.concurrent.ThreadPoolExecutor.runWorker(ThreadPoolExecutor.java:1149)
	at java.util.concurrent.ThreadPoolExecutor$Worker.run(ThreadPoolExecutor.java:624)
	... 1 more
Caused by: org.apache.ratis.thirdparty.io.netty.channel.AbstractChannel$AnnotatedConnectException: Connection refused: localhost/127.0.0.1:12260
	at sun.nio.ch.SocketChannelImpl.checkConnect(Native Method)
	at sun.nio.ch.SocketChannelImpl.finishConnect(SocketChannelImpl.java:717)
	at org.apache.ratis.thirdparty.io.netty.channel.socket.nio.NioSocketChannel.doFinishConnect(NioSocketChannel.java:327)
	at org.apache.ratis.thirdparty.io.netty.channel.nio.AbstractNioChannel$AbstractNioUnsafe.finishConnect(AbstractNioChannel.java:340)
	at org.apache.ratis.thirdparty.io.netty.channel.nio.NioEventLoop.processSelectedKey(NioEventLoop.java:632)
	at org.apache.ratis.thirdparty.io.netty.channel.nio.NioEventLoop.processSelectedKeysOptimized(NioEventLoop.java:579)
	at org.apache.ratis.thirdparty.io.netty.channel.nio.NioEventLoop.processSelectedKeys(NioEventLoop.java:496)
	at org.apache.ratis.thirdparty.io.netty.channel.nio.NioEventLoop.run(NioEventLoop.java:458)
	at org.apache.ratis.thirdparty.io.netty.util.concurrent.SingleThreadEventExecutor$5.run(SingleThreadEventExecutor.java:897)
	at org.apache.ratis.thirdparty.io.netty.util.concurrent.FastThreadLocalRunnable.run(FastThreadLocalRunnable.java:30)
	... 1 more
Caused by: java.net.ConnectException: Connection refused
	... 11 more
2019-10-21 04:33:15,557 [omNode-2@group-523986131536-LeaderElection69] INFO  impl.LeaderElection (LogUtils.java:infoOrTrace(149)) - omNode-2@group-523986131536-LeaderElection69 got exception when requesting votes: {}
java.util.concurrent.ExecutionException: org.apache.ratis.thirdparty.io.grpc.StatusRuntimeException: UNAVAILABLE: io exception
	at java.util.concurrent.FutureTask.report(FutureTask.java:122)
	at java.util.concurrent.FutureTask.get(FutureTask.java:192)
	at org.apache.ratis.server.impl.LeaderElection.waitForResults(LeaderElection.java:259)
	at org.apache.ratis.server.impl.LeaderElection.askForVotes(LeaderElection.java:197)
	at org.apache.ratis.server.impl.LeaderElection.run(LeaderElection.java:133)
	at java.lang.Thread.run(Thread.java:748)
Caused by: org.apache.ratis.thirdparty.io.grpc.StatusRuntimeException: UNAVAILABLE: io exception
	at org.apache.ratis.thirdparty.io.grpc.stub.ClientCalls.toStatusRuntimeException(ClientCalls.java:233)
	at org.apache.ratis.thirdparty.io.grpc.stub.ClientCalls.getUnchecked(ClientCalls.java:214)
	at org.apache.ratis.thirdparty.io.grpc.stub.ClientCalls.blockingUnaryCall(ClientCalls.java:139)
	at org.apache.ratis.proto.grpc.RaftServerProtocolServiceGrpc$RaftServerProtocolServiceBlockingStub.requestVote(RaftServerProtocolServiceGrpc.java:265)
	at org.apache.ratis.grpc.server.GrpcServerProtocolClient.requestVote(GrpcServerProtocolClient.java:99)
	at org.apache.ratis.grpc.server.GrpcService.requestVote(GrpcService.java:204)
	at org.apache.ratis.server.impl.LeaderElection.lambda$submitRequests$1(LeaderElection.java:234)
	at java.util.concurrent.FutureTask.run(FutureTask.java:266)
	at java.util.concurrent.Executors$RunnableAdapter.call(Executors.java:511)
	at java.util.concurrent.FutureTask.run(FutureTask.java:266)
	at java.util.concurrent.ThreadPoolExecutor.runWorker(ThreadPoolExecutor.java:1149)
	at java.util.concurrent.ThreadPoolExecutor$Worker.run(ThreadPoolExecutor.java:624)
	... 1 more
Caused by: org.apache.ratis.thirdparty.io.netty.channel.AbstractChannel$AnnotatedConnectException: Connection refused: localhost/127.0.0.1:12260
	at sun.nio.ch.SocketChannelImpl.checkConnect(Native Method)
	at sun.nio.ch.SocketChannelImpl.finishConnect(SocketChannelImpl.java:717)
	at org.apache.ratis.thirdparty.io.netty.channel.socket.nio.NioSocketChannel.doFinishConnect(NioSocketChannel.java:327)
	at org.apache.ratis.thirdparty.io.netty.channel.nio.AbstractNioChannel$AbstractNioUnsafe.finishConnect(AbstractNioChannel.java:340)
	at org.apache.ratis.thirdparty.io.netty.channel.nio.NioEventLoop.processSelectedKey(NioEventLoop.java:632)
	at org.apache.ratis.thirdparty.io.netty.channel.nio.NioEventLoop.processSelectedKeysOptimized(NioEventLoop.java:579)
	at org.apache.ratis.thirdparty.io.netty.channel.nio.NioEventLoop.processSelectedKeys(NioEventLoop.java:496)
	at org.apache.ratis.thirdparty.io.netty.channel.nio.NioEventLoop.run(NioEventLoop.java:458)
	at org.apache.ratis.thirdparty.io.netty.util.concurrent.SingleThreadEventExecutor$5.run(SingleThreadEventExecutor.java:897)
	at org.apache.ratis.thirdparty.io.netty.util.concurrent.FastThreadLocalRunnable.run(FastThreadLocalRunnable.java:30)
	... 1 more
Caused by: java.net.ConnectException: Connection refused
	... 11 more
2019-10-21 04:33:15,557 [omNode-1@group-523986131536-LeaderElection70] INFO  impl.LeaderElection (LogUtils.java:infoOrTrace(149)) -   Exception 1: {}
java.util.concurrent.ExecutionException: org.apache.ratis.thirdparty.io.grpc.StatusRuntimeException: UNAVAILABLE: io exception
	at java.util.concurrent.FutureTask.report(FutureTask.java:122)
	at java.util.concurrent.FutureTask.get(FutureTask.java:192)
	at org.apache.ratis.server.impl.LeaderElection.waitForResults(LeaderElection.java:259)
	at org.apache.ratis.server.impl.LeaderElection.askForVotes(LeaderElection.java:197)
	at org.apache.ratis.server.impl.LeaderElection.run(LeaderElection.java:133)
	at java.lang.Thread.run(Thread.java:748)
Caused by: org.apache.ratis.thirdparty.io.grpc.StatusRuntimeException: UNAVAILABLE: io exception
	at org.apache.ratis.thirdparty.io.grpc.stub.ClientCalls.toStatusRuntimeException(ClientCalls.java:233)
	at org.apache.ratis.thirdparty.io.grpc.stub.ClientCalls.getUnchecked(ClientCalls.java:214)
	at org.apache.ratis.thirdparty.io.grpc.stub.ClientCalls.blockingUnaryCall(ClientCalls.java:139)
	at org.apache.ratis.proto.grpc.RaftServerProtocolServiceGrpc$RaftServerProtocolServiceBlockingStub.requestVote(RaftServerProtocolServiceGrpc.java:265)
	at org.apache.ratis.grpc.server.GrpcServerProtocolClient.requestVote(GrpcServerProtocolClient.java:99)
	at org.apache.ratis.grpc.server.GrpcService.requestVote(GrpcService.java:204)
	at org.apache.ratis.server.impl.LeaderElection.lambda$submitRequests$1(LeaderElection.java:234)
	at java.util.concurrent.FutureTask.run(FutureTask.java:266)
	at java.util.concurrent.Executors$RunnableAdapter.call(Executors.java:511)
	at java.util.concurrent.FutureTask.run(FutureTask.java:266)
	at java.util.concurrent.ThreadPoolExecutor.runWorker(ThreadPoolExecutor.java:1149)
	at java.util.concurrent.ThreadPoolExecutor$Worker.run(ThreadPoolExecutor.java:624)
	... 1 more
Caused by: org.apache.ratis.thirdparty.io.netty.channel.AbstractChannel$AnnotatedConnectException: Connection refused: localhost/127.0.0.1:12254
	at sun.nio.ch.SocketChannelImpl.checkConnect(Native Method)
	at sun.nio.ch.SocketChannelImpl.finishConnect(SocketChannelImpl.java:717)
	at org.apache.ratis.thirdparty.io.netty.channel.socket.nio.NioSocketChannel.doFinishConnect(NioSocketChannel.java:327)
	at org.apache.ratis.thirdparty.io.netty.channel.nio.AbstractNioChannel$AbstractNioUnsafe.finishConnect(AbstractNioChannel.java:340)
	at org.apache.ratis.thirdparty.io.netty.channel.nio.NioEventLoop.processSelectedKey(NioEventLoop.java:632)
	at org.apache.ratis.thirdparty.io.netty.channel.nio.NioEventLoop.processSelectedKeysOptimized(NioEventLoop.java:579)
	at org.apache.ratis.thirdparty.io.netty.channel.nio.NioEventLoop.processSelectedKeys(NioEventLoop.java:496)
	at org.apache.ratis.thirdparty.io.netty.channel.nio.NioEventLoop.run(NioEventLoop.java:458)
	at org.apache.ratis.thirdparty.io.netty.util.concurrent.SingleThreadEventExecutor$5.run(SingleThreadEventExecutor.java:897)
	at org.apache.ratis.thirdparty.io.netty.util.concurrent.FastThreadLocalRunnable.run(FastThreadLocalRunnable.java:30)
	... 1 more
Caused by: java.net.ConnectException: Connection refused
	... 11 more
2019-10-21 04:33:15,559 [omNode-1@group-523986131536-LeaderElection70] INFO  impl.RaftServerImpl (RaftServerImpl.java:setRole(170)) - omNode-1@group-523986131536: changes role from CANDIDATE to FOLLOWER at term 3 for DISCOVERED_A_NEW_TERM
2019-10-21 04:33:15,559 [omNode-1@group-523986131536-LeaderElection70] INFO  impl.RoleInfo (RoleInfo.java:shutdownLeaderElection(134)) - omNode-1: shutdown LeaderElection
2019-10-21 04:33:15,559 [omNode-1@group-523986131536-LeaderElection70] INFO  impl.RoleInfo (RoleInfo.java:updateAndGet(143)) - omNode-1: start FollowerState
2019-10-21 04:33:15,562 [omNode-2@group-523986131536-LeaderElection69] INFO  impl.LeaderElection (LeaderElection.java:logAndReturn(56)) - omNode-2@group-523986131536-LeaderElection69: Election DISCOVERED_A_NEW_TERM; received 1 response(s) [omNode-2<-omNode-1#0:FAIL-t3] and 1 exception(s); omNode-2@group-523986131536:t1, leader=null, voted=omNode-2, raftlog=omNode-2@group-523986131536-SegmentedRaftLog:OPENED:c-1,f-1,i0, conf=-1: [omNode-3:localhost:12260, omNode-1:localhost:12248, omNode-2:localhost:12254], old=null
2019-10-21 04:33:15,562 [omNode-2@group-523986131536-LeaderElection69] INFO  impl.LeaderElection (LogUtils.java:infoOrTrace(149)) -   Exception 0: {}
java.util.concurrent.ExecutionException: org.apache.ratis.thirdparty.io.grpc.StatusRuntimeException: UNAVAILABLE: io exception
	at java.util.concurrent.FutureTask.report(FutureTask.java:122)
	at java.util.concurrent.FutureTask.get(FutureTask.java:192)
	at org.apache.ratis.server.impl.LeaderElection.waitForResults(LeaderElection.java:259)
	at org.apache.ratis.server.impl.LeaderElection.askForVotes(LeaderElection.java:197)
	at org.apache.ratis.server.impl.LeaderElection.run(LeaderElection.java:133)
	at java.lang.Thread.run(Thread.java:748)
Caused by: org.apache.ratis.thirdparty.io.grpc.StatusRuntimeException: UNAVAILABLE: io exception
	at org.apache.ratis.thirdparty.io.grpc.stub.ClientCalls.toStatusRuntimeException(ClientCalls.java:233)
	at org.apache.ratis.thirdparty.io.grpc.stub.ClientCalls.getUnchecked(ClientCalls.java:214)
	at org.apache.ratis.thirdparty.io.grpc.stub.ClientCalls.blockingUnaryCall(ClientCalls.java:139)
	at org.apache.ratis.proto.grpc.RaftServerProtocolServiceGrpc$RaftServerProtocolServiceBlockingStub.requestVote(RaftServerProtocolServiceGrpc.java:265)
	at org.apache.ratis.grpc.server.GrpcServerProtocolClient.requestVote(GrpcServerProtocolClient.java:99)
	at org.apache.ratis.grpc.server.GrpcService.requestVote(GrpcService.java:204)
	at org.apache.ratis.server.impl.LeaderElection.lambda$submitRequests$1(LeaderElection.java:234)
	at java.util.concurrent.FutureTask.run(FutureTask.java:266)
	at java.util.concurrent.Executors$RunnableAdapter.call(Executors.java:511)
	at java.util.concurrent.FutureTask.run(FutureTask.java:266)
	at java.util.concurrent.ThreadPoolExecutor.runWorker(ThreadPoolExecutor.java:1149)
	at java.util.concurrent.ThreadPoolExecutor$Worker.run(ThreadPoolExecutor.java:624)
	... 1 more
Caused by: org.apache.ratis.thirdparty.io.netty.channel.AbstractChannel$AnnotatedConnectException: Connection refused: localhost/127.0.0.1:12260
	at sun.nio.ch.SocketChannelImpl.checkConnect(Native Method)
	at sun.nio.ch.SocketChannelImpl.finishConnect(SocketChannelImpl.java:717)
	at org.apache.ratis.thirdparty.io.netty.channel.socket.nio.NioSocketChannel.doFinishConnect(NioSocketChannel.java:327)
	at org.apache.ratis.thirdparty.io.netty.channel.nio.AbstractNioChannel$AbstractNioUnsafe.finishConnect(AbstractNioChannel.java:340)
	at org.apache.ratis.thirdparty.io.netty.channel.nio.NioEventLoop.processSelectedKey(NioEventLoop.java:632)
	at org.apache.ratis.thirdparty.io.netty.channel.nio.NioEventLoop.processSelectedKeysOptimized(NioEventLoop.java:579)
	at org.apache.ratis.thirdparty.io.netty.channel.nio.NioEventLoop.processSelectedKeys(NioEventLoop.java:496)
	at org.apache.ratis.thirdparty.io.netty.channel.nio.NioEventLoop.run(NioEventLoop.java:458)
	at org.apache.ratis.thirdparty.io.netty.util.concurrent.SingleThreadEventExecutor$5.run(SingleThreadEventExecutor.java:897)
	at org.apache.ratis.thirdparty.io.netty.util.concurrent.FastThreadLocalRunnable.run(FastThreadLocalRunnable.java:30)
	... 1 more
Caused by: java.net.ConnectException: Connection refused
	... 11 more
2019-10-21 04:33:15,562 [omNode-2@group-523986131536-LeaderElection69] INFO  impl.RaftServerImpl (RaftServerImpl.java:setRole(170)) - omNode-2@group-523986131536: changes role from CANDIDATE to FOLLOWER at term 3 for DISCOVERED_A_NEW_TERM
2019-10-21 04:33:15,562 [omNode-2@group-523986131536-LeaderElection69] INFO  impl.RoleInfo (RoleInfo.java:shutdownLeaderElection(134)) - omNode-2: shutdown LeaderElection
2019-10-21 04:33:15,562 [omNode-2@group-523986131536-LeaderElection69] INFO  impl.RoleInfo (RoleInfo.java:updateAndGet(143)) - omNode-2: start FollowerState
2019-10-21 04:33:16,624 [Thread-4440] INFO  impl.FollowerState (FollowerState.java:run(108)) - omNode-2@group-523986131536-FollowerState: change to CANDIDATE, lastRpcTime:1061ms, electionTimeout:1061ms
2019-10-21 04:33:16,625 [Thread-4440] INFO  impl.RoleInfo (RoleInfo.java:shutdownFollowerState(121)) - omNode-2: shutdown FollowerState
2019-10-21 04:33:16,625 [Thread-4440] INFO  impl.RaftServerImpl (RaftServerImpl.java:setRole(170)) - omNode-2@group-523986131536: changes role from  FOLLOWER to CANDIDATE at term 3 for changeToCandidate
2019-10-21 04:33:16,626 [Thread-4440] INFO  impl.RoleInfo (RoleInfo.java:updateAndGet(143)) - omNode-2: start LeaderElection
2019-10-21 04:33:16,719 [Thread-4439] INFO  impl.FollowerState (FollowerState.java:run(108)) - omNode-1@group-523986131536-FollowerState: change to CANDIDATE, lastRpcTime:1160ms, electionTimeout:1160ms
2019-10-21 04:33:16,719 [Thread-4439] INFO  impl.RoleInfo (RoleInfo.java:shutdownFollowerState(121)) - omNode-1: shutdown FollowerState
2019-10-21 04:33:16,719 [Thread-4439] INFO  impl.RaftServerImpl (RaftServerImpl.java:setRole(170)) - omNode-1@group-523986131536: changes role from  FOLLOWER to CANDIDATE at term 3 for changeToCandidate
2019-10-21 04:33:16,720 [Thread-4439] INFO  impl.RoleInfo (RoleInfo.java:updateAndGet(143)) - omNode-1: start LeaderElection
2019-10-21 04:33:16,760 [omNode-2@group-523986131536-LeaderElection71] INFO  impl.LeaderElection (LeaderElection.java:askForVotes(178)) - omNode-2@group-523986131536-LeaderElection71: begin an election at term 4 for -1: [omNode-3:localhost:12260, omNode-1:localhost:12248, omNode-2:localhost:12254], old=null
2019-10-21 04:33:16,761 [omNode-2@group-523986131536-LeaderElection71] INFO  impl.LeaderElection (LogUtils.java:infoOrTrace(149)) - omNode-2@group-523986131536-LeaderElection71 got exception when requesting votes: {}
java.util.concurrent.ExecutionException: org.apache.ratis.thirdparty.io.grpc.StatusRuntimeException: UNAVAILABLE: io exception
	at java.util.concurrent.FutureTask.report(FutureTask.java:122)
	at java.util.concurrent.FutureTask.get(FutureTask.java:192)
	at org.apache.ratis.server.impl.LeaderElection.waitForResults(LeaderElection.java:259)
	at org.apache.ratis.server.impl.LeaderElection.askForVotes(LeaderElection.java:197)
	at org.apache.ratis.server.impl.LeaderElection.run(LeaderElection.java:133)
	at java.lang.Thread.run(Thread.java:748)
Caused by: org.apache.ratis.thirdparty.io.grpc.StatusRuntimeException: UNAVAILABLE: io exception
	at org.apache.ratis.thirdparty.io.grpc.stub.ClientCalls.toStatusRuntimeException(ClientCalls.java:233)
	at org.apache.ratis.thirdparty.io.grpc.stub.ClientCalls.getUnchecked(ClientCalls.java:214)
	at org.apache.ratis.thirdparty.io.grpc.stub.ClientCalls.blockingUnaryCall(ClientCalls.java:139)
	at org.apache.ratis.proto.grpc.RaftServerProtocolServiceGrpc$RaftServerProtocolServiceBlockingStub.requestVote(RaftServerProtocolServiceGrpc.java:265)
	at org.apache.ratis.grpc.server.GrpcServerProtocolClient.requestVote(GrpcServerProtocolClient.java:99)
	at org.apache.ratis.grpc.server.GrpcService.requestVote(GrpcService.java:204)
	at org.apache.ratis.server.impl.LeaderElection.lambda$submitRequests$1(LeaderElection.java:234)
	at java.util.concurrent.FutureTask.run(FutureTask.java:266)
	at java.util.concurrent.Executors$RunnableAdapter.call(Executors.java:511)
	at java.util.concurrent.FutureTask.run(FutureTask.java:266)
	at java.util.concurrent.ThreadPoolExecutor.runWorker(ThreadPoolExecutor.java:1149)
	at java.util.concurrent.ThreadPoolExecutor$Worker.run(ThreadPoolExecutor.java:624)
	... 1 more
Caused by: org.apache.ratis.thirdparty.io.netty.channel.AbstractChannel$AnnotatedConnectException: Connection refused: localhost/127.0.0.1:12260
	at sun.nio.ch.SocketChannelImpl.checkConnect(Native Method)
	at sun.nio.ch.SocketChannelImpl.finishConnect(SocketChannelImpl.java:717)
	at org.apache.ratis.thirdparty.io.netty.channel.socket.nio.NioSocketChannel.doFinishConnect(NioSocketChannel.java:327)
	at org.apache.ratis.thirdparty.io.netty.channel.nio.AbstractNioChannel$AbstractNioUnsafe.finishConnect(AbstractNioChannel.java:340)
	at org.apache.ratis.thirdparty.io.netty.channel.nio.NioEventLoop.processSelectedKey(NioEventLoop.java:632)
	at org.apache.ratis.thirdparty.io.netty.channel.nio.NioEventLoop.processSelectedKeysOptimized(NioEventLoop.java:579)
	at org.apache.ratis.thirdparty.io.netty.channel.nio.NioEventLoop.processSelectedKeys(NioEventLoop.java:496)
	at org.apache.ratis.thirdparty.io.netty.channel.nio.NioEventLoop.run(NioEventLoop.java:458)
	at org.apache.ratis.thirdparty.io.netty.util.concurrent.SingleThreadEventExecutor$5.run(SingleThreadEventExecutor.java:897)
	at org.apache.ratis.thirdparty.io.netty.util.concurrent.FastThreadLocalRunnable.run(FastThreadLocalRunnable.java:30)
	... 1 more
Caused by: java.net.ConnectException: Connection refused
	... 11 more
2019-10-21 04:33:16,771 [omNode-1@group-523986131536-LeaderElection72] INFO  impl.LeaderElection (LeaderElection.java:askForVotes(178)) - omNode-1@group-523986131536-LeaderElection72: begin an election at term 4 for -1: [omNode-3:localhost:12260, omNode-1:localhost:12248, omNode-2:localhost:12254], old=null
2019-10-21 04:33:16,772 [omNode-2@group-523986131536-LeaderElection71] INFO  impl.LeaderElection (LeaderElection.java:logAndReturn(56)) - omNode-2@group-523986131536-LeaderElection71: Election REJECTED; received 1 response(s) [omNode-2<-omNode-1#0:FAIL-t4] and 1 exception(s); omNode-2@group-523986131536:t4, leader=null, voted=omNode-2, raftlog=omNode-2@group-523986131536-SegmentedRaftLog:OPENED:c-1,f-1,i0, conf=-1: [omNode-3:localhost:12260, omNode-1:localhost:12248, omNode-2:localhost:12254], old=null
2019-10-21 04:33:16,772 [omNode-2@group-523986131536-LeaderElection71] INFO  impl.LeaderElection (LogUtils.java:infoOrTrace(149)) -   Exception 0: {}
java.util.concurrent.ExecutionException: org.apache.ratis.thirdparty.io.grpc.StatusRuntimeException: UNAVAILABLE: io exception
	at java.util.concurrent.FutureTask.report(FutureTask.java:122)
	at java.util.concurrent.FutureTask.get(FutureTask.java:192)
	at org.apache.ratis.server.impl.LeaderElection.waitForResults(LeaderElection.java:259)
	at org.apache.ratis.server.impl.LeaderElection.askForVotes(LeaderElection.java:197)
	at org.apache.ratis.server.impl.LeaderElection.run(LeaderElection.java:133)
	at java.lang.Thread.run(Thread.java:748)
Caused by: org.apache.ratis.thirdparty.io.grpc.StatusRuntimeException: UNAVAILABLE: io exception
	at org.apache.ratis.thirdparty.io.grpc.stub.ClientCalls.toStatusRuntimeException(ClientCalls.java:233)
	at org.apache.ratis.thirdparty.io.grpc.stub.ClientCalls.getUnchecked(ClientCalls.java:214)
	at org.apache.ratis.thirdparty.io.grpc.stub.ClientCalls.blockingUnaryCall(ClientCalls.java:139)
	at org.apache.ratis.proto.grpc.RaftServerProtocolServiceGrpc$RaftServerProtocolServiceBlockingStub.requestVote(RaftServerProtocolServiceGrpc.java:265)
	at org.apache.ratis.grpc.server.GrpcServerProtocolClient.requestVote(GrpcServerProtocolClient.java:99)
	at org.apache.ratis.grpc.server.GrpcService.requestVote(GrpcService.java:204)
	at org.apache.ratis.server.impl.LeaderElection.lambda$submitRequests$1(LeaderElection.java:234)
	at java.util.concurrent.FutureTask.run(FutureTask.java:266)
	at java.util.concurrent.Executors$RunnableAdapter.call(Executors.java:511)
	at java.util.concurrent.FutureTask.run(FutureTask.java:266)
	at java.util.concurrent.ThreadPoolExecutor.runWorker(ThreadPoolExecutor.java:1149)
	at java.util.concurrent.ThreadPoolExecutor$Worker.run(ThreadPoolExecutor.java:624)
	... 1 more
Caused by: org.apache.ratis.thirdparty.io.netty.channel.AbstractChannel$AnnotatedConnectException: Connection refused: localhost/127.0.0.1:12260
	at sun.nio.ch.SocketChannelImpl.checkConnect(Native Method)
	at sun.nio.ch.SocketChannelImpl.finishConnect(SocketChannelImpl.java:717)
	at org.apache.ratis.thirdparty.io.netty.channel.socket.nio.NioSocketChannel.doFinishConnect(NioSocketChannel.java:327)
	at org.apache.ratis.thirdparty.io.netty.channel.nio.AbstractNioChannel$AbstractNioUnsafe.finishConnect(AbstractNioChannel.java:340)
	at org.apache.ratis.thirdparty.io.netty.channel.nio.NioEventLoop.processSelectedKey(NioEventLoop.java:632)
	at org.apache.ratis.thirdparty.io.netty.channel.nio.NioEventLoop.processSelectedKeysOptimized(NioEventLoop.java:579)
	at org.apache.ratis.thirdparty.io.netty.channel.nio.NioEventLoop.processSelectedKeys(NioEventLoop.java:496)
	at org.apache.ratis.thirdparty.io.netty.channel.nio.NioEventLoop.run(NioEventLoop.java:458)
	at org.apache.ratis.thirdparty.io.netty.util.concurrent.SingleThreadEventExecutor$5.run(SingleThreadEventExecutor.java:897)
	at org.apache.ratis.thirdparty.io.netty.util.concurrent.FastThreadLocalRunnable.run(FastThreadLocalRunnable.java:30)
	... 1 more
Caused by: java.net.ConnectException: Connection refused
	... 11 more
2019-10-21 04:33:16,773 [omNode-1@group-523986131536-LeaderElection72] INFO  impl.LeaderElection (LogUtils.java:infoOrTrace(149)) - omNode-1@group-523986131536-LeaderElection72 got exception when requesting votes: {}
java.util.concurrent.ExecutionException: org.apache.ratis.thirdparty.io.grpc.StatusRuntimeException: UNAVAILABLE: io exception
	at java.util.concurrent.FutureTask.report(FutureTask.java:122)
	at java.util.concurrent.FutureTask.get(FutureTask.java:192)
	at org.apache.ratis.server.impl.LeaderElection.waitForResults(LeaderElection.java:259)
	at org.apache.ratis.server.impl.LeaderElection.askForVotes(LeaderElection.java:197)
	at org.apache.ratis.server.impl.LeaderElection.run(LeaderElection.java:133)
	at java.lang.Thread.run(Thread.java:748)
Caused by: org.apache.ratis.thirdparty.io.grpc.StatusRuntimeException: UNAVAILABLE: io exception
	at org.apache.ratis.thirdparty.io.grpc.stub.ClientCalls.toStatusRuntimeException(ClientCalls.java:233)
	at org.apache.ratis.thirdparty.io.grpc.stub.ClientCalls.getUnchecked(ClientCalls.java:214)
	at org.apache.ratis.thirdparty.io.grpc.stub.ClientCalls.blockingUnaryCall(ClientCalls.java:139)
	at org.apache.ratis.proto.grpc.RaftServerProtocolServiceGrpc$RaftServerProtocolServiceBlockingStub.requestVote(RaftServerProtocolServiceGrpc.java:265)
	at org.apache.ratis.grpc.server.GrpcServerProtocolClient.requestVote(GrpcServerProtocolClient.java:99)
	at org.apache.ratis.grpc.server.GrpcService.requestVote(GrpcService.java:204)
	at org.apache.ratis.server.impl.LeaderElection.lambda$submitRequests$1(LeaderElection.java:234)
	at java.util.concurrent.FutureTask.run(FutureTask.java:266)
	at java.util.concurrent.Executors$RunnableAdapter.call(Executors.java:511)
	at java.util.concurrent.FutureTask.run(FutureTask.java:266)
	at java.util.concurrent.ThreadPoolExecutor.runWorker(ThreadPoolExecutor.java:1149)
	at java.util.concurrent.ThreadPoolExecutor$Worker.run(ThreadPoolExecutor.java:624)
	... 1 more
Caused by: org.apache.ratis.thirdparty.io.netty.channel.AbstractChannel$AnnotatedConnectException: Connection refused: localhost/127.0.0.1:12260
	at sun.nio.ch.SocketChannelImpl.checkConnect(Native Method)
	at sun.nio.ch.SocketChannelImpl.finishConnect(SocketChannelImpl.java:717)
	at org.apache.ratis.thirdparty.io.netty.channel.socket.nio.NioSocketChannel.doFinishConnect(NioSocketChannel.java:327)
	at org.apache.ratis.thirdparty.io.netty.channel.nio.AbstractNioChannel$AbstractNioUnsafe.finishConnect(AbstractNioChannel.java:340)
	at org.apache.ratis.thirdparty.io.netty.channel.nio.NioEventLoop.processSelectedKey(NioEventLoop.java:632)
	at org.apache.ratis.thirdparty.io.netty.channel.nio.NioEventLoop.processSelectedKeysOptimized(NioEventLoop.java:579)
	at org.apache.ratis.thirdparty.io.netty.channel.nio.NioEventLoop.processSelectedKeys(NioEventLoop.java:496)
	at org.apache.ratis.thirdparty.io.netty.channel.nio.NioEventLoop.run(NioEventLoop.java:458)
	at org.apache.ratis.thirdparty.io.netty.util.concurrent.SingleThreadEventExecutor$5.run(SingleThreadEventExecutor.java:897)
	at org.apache.ratis.thirdparty.io.netty.util.concurrent.FastThreadLocalRunnable.run(FastThreadLocalRunnable.java:30)
	... 1 more
Caused by: java.net.ConnectException: Connection refused
	... 11 more
2019-10-21 04:33:16,773 [omNode-2@group-523986131536-LeaderElection71] INFO  impl.RaftServerImpl (RaftServerImpl.java:setRole(170)) - omNode-2@group-523986131536: changes role from CANDIDATE to FOLLOWER at term 4 for DISCOVERED_A_NEW_TERM
2019-10-21 04:33:16,775 [omNode-2@group-523986131536-LeaderElection71] INFO  impl.RoleInfo (RoleInfo.java:shutdownLeaderElection(134)) - omNode-2: shutdown LeaderElection
2019-10-21 04:33:16,777 [omNode-2@group-523986131536-LeaderElection71] INFO  impl.RoleInfo (RoleInfo.java:updateAndGet(143)) - omNode-2: start FollowerState
2019-10-21 04:33:16,778 [omNode-1@group-523986131536-LeaderElection72] INFO  impl.LeaderElection (LeaderElection.java:logAndReturn(56)) - omNode-1@group-523986131536-LeaderElection72: Election REJECTED; received 1 response(s) [omNode-1<-omNode-2#0:FAIL-t4] and 1 exception(s); omNode-1@group-523986131536:t4, leader=null, voted=omNode-1, raftlog=omNode-1@group-523986131536-SegmentedRaftLog:OPENED:c-1,f-1,i0, conf=-1: [omNode-3:localhost:12260, omNode-1:localhost:12248, omNode-2:localhost:12254], old=null
2019-10-21 04:33:16,778 [omNode-1@group-523986131536-LeaderElection72] INFO  impl.LeaderElection (LogUtils.java:infoOrTrace(149)) -   Exception 0: {}
java.util.concurrent.ExecutionException: org.apache.ratis.thirdparty.io.grpc.StatusRuntimeException: UNAVAILABLE: io exception
	at java.util.concurrent.FutureTask.report(FutureTask.java:122)
	at java.util.concurrent.FutureTask.get(FutureTask.java:192)
	at org.apache.ratis.server.impl.LeaderElection.waitForResults(LeaderElection.java:259)
	at org.apache.ratis.server.impl.LeaderElection.askForVotes(LeaderElection.java:197)
	at org.apache.ratis.server.impl.LeaderElection.run(LeaderElection.java:133)
	at java.lang.Thread.run(Thread.java:748)
Caused by: org.apache.ratis.thirdparty.io.grpc.StatusRuntimeException: UNAVAILABLE: io exception
	at org.apache.ratis.thirdparty.io.grpc.stub.ClientCalls.toStatusRuntimeException(ClientCalls.java:233)
	at org.apache.ratis.thirdparty.io.grpc.stub.ClientCalls.getUnchecked(ClientCalls.java:214)
	at org.apache.ratis.thirdparty.io.grpc.stub.ClientCalls.blockingUnaryCall(ClientCalls.java:139)
	at org.apache.ratis.proto.grpc.RaftServerProtocolServiceGrpc$RaftServerProtocolServiceBlockingStub.requestVote(RaftServerProtocolServiceGrpc.java:265)
	at org.apache.ratis.grpc.server.GrpcServerProtocolClient.requestVote(GrpcServerProtocolClient.java:99)
	at org.apache.ratis.grpc.server.GrpcService.requestVote(GrpcService.java:204)
	at org.apache.ratis.server.impl.LeaderElection.lambda$submitRequests$1(LeaderElection.java:234)
	at java.util.concurrent.FutureTask.run(FutureTask.java:266)
	at java.util.concurrent.Executors$RunnableAdapter.call(Executors.java:511)
	at java.util.concurrent.FutureTask.run(FutureTask.java:266)
	at java.util.concurrent.ThreadPoolExecutor.runWorker(ThreadPoolExecutor.java:1149)
	at java.util.concurrent.ThreadPoolExecutor$Worker.run(ThreadPoolExecutor.java:624)
	... 1 more
Caused by: org.apache.ratis.thirdparty.io.netty.channel.AbstractChannel$AnnotatedConnectException: Connection refused: localhost/127.0.0.1:12260
	at sun.nio.ch.SocketChannelImpl.checkConnect(Native Method)
	at sun.nio.ch.SocketChannelImpl.finishConnect(SocketChannelImpl.java:717)
	at org.apache.ratis.thirdparty.io.netty.channel.socket.nio.NioSocketChannel.doFinishConnect(NioSocketChannel.java:327)
	at org.apache.ratis.thirdparty.io.netty.channel.nio.AbstractNioChannel$AbstractNioUnsafe.finishConnect(AbstractNioChannel.java:340)
	at org.apache.ratis.thirdparty.io.netty.channel.nio.NioEventLoop.processSelectedKey(NioEventLoop.java:632)
	at org.apache.ratis.thirdparty.io.netty.channel.nio.NioEventLoop.processSelectedKeysOptimized(NioEventLoop.java:579)
	at org.apache.ratis.thirdparty.io.netty.channel.nio.NioEventLoop.processSelectedKeys(NioEventLoop.java:496)
	at org.apache.ratis.thirdparty.io.netty.channel.nio.NioEventLoop.run(NioEventLoop.java:458)
	at org.apache.ratis.thirdparty.io.netty.util.concurrent.SingleThreadEventExecutor$5.run(SingleThreadEventExecutor.java:897)
	at org.apache.ratis.thirdparty.io.netty.util.concurrent.FastThreadLocalRunnable.run(FastThreadLocalRunnable.java:30)
	... 1 more
Caused by: java.net.ConnectException: Connection refused
	... 11 more
2019-10-21 04:33:16,778 [omNode-1@group-523986131536-LeaderElection72] INFO  impl.RaftServerImpl (RaftServerImpl.java:setRole(170)) - omNode-1@group-523986131536: changes role from CANDIDATE to FOLLOWER at term 4 for DISCOVERED_A_NEW_TERM
2019-10-21 04:33:16,778 [omNode-1@group-523986131536-LeaderElection72] INFO  impl.RoleInfo (RoleInfo.java:shutdownLeaderElection(134)) - omNode-1: shutdown LeaderElection
2019-10-21 04:33:16,778 [omNode-1@group-523986131536-LeaderElection72] INFO  impl.RoleInfo (RoleInfo.java:updateAndGet(143)) - omNode-1: start FollowerState
2019-10-21 04:33:17,465 [Thread-4254] WARN  scm.HddsServerUtil (HddsServerUtil.java:getDefaultRatisDirectory(354)) - Storage directory for Ratis is not configured. It is a good idea to map this to an SSD disk. Falling back to ozone.metadata.dirs
2019-10-21 04:33:17,465 [Thread-4254] INFO  ratis.OzoneManagerRatisServer (OzoneManagerRatisServer.java:<init>(243)) - Instantiating OM Ratis server with GroupID: om-service-test1 and Raft Peers: localhost:12260, localhost:12248, localhost:12254
2019-10-21 04:33:17,466 [Thread-4254] INFO  impl.RaftServerProxy (ConfUtils.java:logGet(43)) - raft.rpc.type = GRPC (default)
2019-10-21 04:33:17,466 [Thread-4254] INFO  grpc.GrpcFactory (GrpcFactory.java:checkPooledByteBufAllocatorUseCacheForAllThreads(45)) - PERFORMANCE WARNING: useCacheForAllThreads is true that may cause Netty to create a lot garbage objects and, as a result, trigger GC.
	It is recommended to disable useCacheForAllThreads by setting -Dorg.apache.ratis.thirdparty.io.netty.allocator.useCacheForAllThreads=false in command line.
2019-10-21 04:33:17,466 [Thread-4254] INFO  grpc.GrpcConfigKeys$Server (ConfUtils.java:logGet(43)) - raft.grpc.server.port = 12260 (custom)
2019-10-21 04:33:17,466 [Thread-4254] INFO  server.GrpcService (ConfUtils.java:logGet(43)) - raft.grpc.message.size.max = 33554432 (custom)
2019-10-21 04:33:17,466 [Thread-4254] INFO  server.RaftServerConfigKeys (ConfUtils.java:logGet(43)) - raft.server.log.appender.buffer.byte-limit = 33554432 (custom)
2019-10-21 04:33:17,466 [Thread-4254] INFO  server.GrpcService (ConfUtils.java:logGet(43)) - raft.grpc.flow.control.window = 1MB (=1048576) (default)
2019-10-21 04:33:17,467 [Thread-4254] INFO  server.RaftServerConfigKeys (ConfUtils.java:logGet(43)) - raft.server.rpc.request.timeout = 3000ms (default)
2019-10-21 04:33:17,467 [Thread-4254] INFO  server.RaftServerConfigKeys (ConfUtils.java:logGet(43)) - raft.server.storage.dir = [/workdir/hadoop-ozone/integration-test/target/test-dir/MiniOzoneClusterImpl-d137178b-6ed7-4be6-b952-7bc2bf04e198/omNode-3/ratis] (custom)
2019-10-21 04:33:17,467 [Thread-4254] INFO  impl.RaftServerProxy (RaftServerProxy.java:addNew(89)) - omNode-3: addNew group-523986131536:[omNode-3:localhost:12260, omNode-1:localhost:12248, omNode-2:localhost:12254] returns group-523986131536:java.util.concurrent.CompletableFuture@ab32365[Not completed]
2019-10-21 04:33:17,467 [pool-917-thread-1] INFO  impl.RaftServerImpl (RaftServerImpl.java:<init>(95)) - omNode-3: new RaftServerImpl for group-523986131536:[omNode-3:localhost:12260, omNode-1:localhost:12248, omNode-2:localhost:12254] with OzoneManagerStateMachine:uninitialized
2019-10-21 04:33:17,467 [Thread-4254] INFO  om.OzoneManager (OzoneManager.java:initializeRatisServer(1217)) - OzoneManager Ratis server initialized at port 12260
2019-10-21 04:33:17,468 [Thread-4254] WARN  scm.HddsServerUtil (HddsServerUtil.java:getDefaultRatisDirectory(354)) - Storage directory for Ratis is not configured. It is a good idea to map this to an SSD disk. Falling back to ozone.metadata.dirs
2019-10-21 04:33:17,468 [pool-917-thread-1] INFO  server.RaftServerConfigKeys (ConfUtils.java:logGet(43)) - raft.server.rpc.timeout.min = 1s (custom)
2019-10-21 04:33:17,468 [pool-917-thread-1] INFO  server.RaftServerConfigKeys (ConfUtils.java:logGet(43)) - raft.server.rpc.timeout.max = 1200ms (custom)
2019-10-21 04:33:17,468 [Thread-4254] WARN  scm.HddsServerUtil (HddsServerUtil.java:getDefaultRatisDirectory(354)) - Storage directory for Ratis is not configured. It is a good idea to map this to an SSD disk. Falling back to ozone.metadata.dirs
2019-10-21 04:33:17,468 [pool-917-thread-1] INFO  server.RaftServerConfigKeys (ConfUtils.java:logGet(43)) - raft.server.rpcslowness.timeout = 2s (custom)
2019-10-21 04:33:17,468 [pool-917-thread-1] INFO  server.RaftServerConfigKeys (ConfUtils.java:logGet(43)) - raft.server.sleep.deviation.threshold = 300 (default)
2019-10-21 04:33:17,468 [Thread-4254] INFO  snapshot.OzoneManagerSnapshotProvider (OzoneManagerSnapshotProvider.java:<init>(81)) - Initializing OM Snapshot Provider
2019-10-21 04:33:17,468 [pool-917-thread-1] INFO  server.RaftServerConfigKeys (ConfUtils.java:logGet(43)) - raft.server.log.appender.install.snapshot.enabled = false (custom)
2019-10-21 04:33:17,468 [pool-917-thread-1] INFO  impl.RaftServerImpl (ServerState.java:<init>(103)) - omNode-3@group-523986131536: ConfigurationManager, init=-1: [omNode-3:localhost:12260, omNode-1:localhost:12248, omNode-2:localhost:12254], old=null, confs=<EMPTY_MAP>
2019-10-21 04:33:17,468 [pool-917-thread-1] INFO  server.RaftServerConfigKeys (ConfUtils.java:logGet(43)) - raft.server.storage.dir = [/workdir/hadoop-ozone/integration-test/target/test-dir/MiniOzoneClusterImpl-d137178b-6ed7-4be6-b952-7bc2bf04e198/omNode-3/ratis] (custom)
2019-10-21 04:33:17,469 [pool-917-thread-1] INFO  server.RaftServerConfigKeys (ConfUtils.java:logGet(43)) - raft.server.log.corruption.policy = EXCEPTION (default)
2019-10-21 04:33:17,469 [pool-917-thread-1] INFO  storage.RaftStorageDirectory (RaftStorageDirectory.java:analyzeStorage(246)) - The storage directory /workdir/hadoop-ozone/integration-test/target/test-dir/MiniOzoneClusterImpl-d137178b-6ed7-4be6-b952-7bc2bf04e198/omNode-3/ratis/c9bc4cf4-3bc3-3c60-a66b-523986131536 does not exist. Creating ...
2019-10-21 04:33:17,469 [Thread-4254] INFO  ipc.CallQueueManager (CallQueueManager.java:<init>(84)) - Using callQueue: class java.util.concurrent.LinkedBlockingQueue, queueCapacity: 2000, scheduler: class org.apache.hadoop.ipc.DefaultRpcScheduler, ipcBackoff: false.
2019-10-21 04:33:17,470 [Socket Reader #1 for port 12256] INFO  ipc.Server (Server.java:run(1074)) - Starting Socket Reader #1 for port 12256
2019-10-21 04:33:17,481 [Thread-4254] INFO  om.OzoneManager (OzoneManager.java:start(1071)) - OzoneManager RPC server is listening at localhost/127.0.0.1:12256
2019-10-21 04:33:17,481 [Thread-4254] INFO  impl.MetricsSystemImpl (MetricsSystemImpl.java:init(158)) - OzoneManager metrics system started (again)
2019-10-21 04:33:17,481 [Thread-4254] INFO  ratis.OzoneManagerRatisServer (OzoneManagerRatisServer.java:start(333)) - Starting OzoneManagerRatisServer omNode-3 at port 12260
2019-10-21 04:33:17,537 [pool-917-thread-1] INFO  storage.RaftStorageDirectory (RaftStorageDirectory.java:tryLock(328)) - Lock on /workdir/hadoop-ozone/integration-test/target/test-dir/MiniOzoneClusterImpl-d137178b-6ed7-4be6-b952-7bc2bf04e198/omNode-3/ratis/c9bc4cf4-3bc3-3c60-a66b-523986131536/in_use.lock acquired by nodename 29612@pr-hdds-1569-252f9-3696506840
2019-10-21 04:33:17,826 [Thread-4447] INFO  impl.FollowerState (FollowerState.java:run(108)) - omNode-2@group-523986131536-FollowerState: change to CANDIDATE, lastRpcTime:1049ms, electionTimeout:1049ms
2019-10-21 04:33:17,826 [Thread-4447] INFO  impl.RoleInfo (RoleInfo.java:shutdownFollowerState(121)) - omNode-2: shutdown FollowerState
2019-10-21 04:33:17,826 [Thread-4448] INFO  impl.FollowerState (FollowerState.java:run(108)) - omNode-1@group-523986131536-FollowerState: change to CANDIDATE, lastRpcTime:1048ms, electionTimeout:1048ms
2019-10-21 04:33:17,826 [Thread-4447] INFO  impl.RaftServerImpl (RaftServerImpl.java:setRole(170)) - omNode-2@group-523986131536: changes role from  FOLLOWER to CANDIDATE at term 4 for changeToCandidate
2019-10-21 04:33:17,826 [Thread-4448] INFO  impl.RoleInfo (RoleInfo.java:shutdownFollowerState(121)) - omNode-1: shutdown FollowerState
2019-10-21 04:33:17,827 [Thread-4448] INFO  impl.RaftServerImpl (RaftServerImpl.java:setRole(170)) - omNode-1@group-523986131536: changes role from  FOLLOWER to CANDIDATE at term 4 for changeToCandidate
2019-10-21 04:33:17,827 [Thread-4447] INFO  impl.RoleInfo (RoleInfo.java:updateAndGet(143)) - omNode-2: start LeaderElection
2019-10-21 04:33:17,827 [Thread-4448] INFO  impl.RoleInfo (RoleInfo.java:updateAndGet(143)) - omNode-1: start LeaderElection
2019-10-21 04:33:17,846 [pool-917-thread-1] INFO  storage.RaftStorage (RaftStorage.java:format(84)) - Storage directory /workdir/hadoop-ozone/integration-test/target/test-dir/MiniOzoneClusterImpl-d137178b-6ed7-4be6-b952-7bc2bf04e198/omNode-3/ratis/c9bc4cf4-3bc3-3c60-a66b-523986131536 has been successfully formatted.
2019-10-21 04:33:17,846 [pool-917-thread-1] INFO  server.RaftServerConfigKeys (ConfUtils.java:logGet(43)) - raft.server.notification.no-leader.timeout = 2s (custom)
2019-10-21 04:33:17,846 [pool-917-thread-1] INFO  server.RaftServerConfigKeys (ConfUtils.java:logGet(43)) - raft.server.log.use.memory = false (default)
2019-10-21 04:33:17,846 [pool-917-thread-1] INFO  server.RaftServerConfigKeys (ConfUtils.java:logGet(43)) - raft.server.log.purge.gap = 50 (custom)
2019-10-21 04:33:17,846 [pool-917-thread-1] INFO  server.RaftServerConfigKeys (ConfUtils.java:logGet(43)) - raft.server.log.appender.buffer.byte-limit = 33554432 (custom)
2019-10-21 04:33:17,846 [pool-917-thread-1] INFO  server.RaftServerConfigKeys (ConfUtils.java:logGet(43)) - raft.server.log.segment.size.max = 16384 (custom)
2019-10-21 04:33:17,847 [pool-917-thread-1] INFO  server.RaftServerConfigKeys (ConfUtils.java:logGet(43)) - raft.server.log.segment.cache.num.max = 2 (custom)
2019-10-21 04:33:17,847 [pool-917-thread-1] INFO  segmented.SegmentedRaftLogWorker (SegmentedRaftLogWorker.java:<init>(173)) - new omNode-3@group-523986131536-SegmentedRaftLogWorker for RaftStorage:Storage Directory /workdir/hadoop-ozone/integration-test/target/test-dir/MiniOzoneClusterImpl-d137178b-6ed7-4be6-b952-7bc2bf04e198/omNode-3/ratis/c9bc4cf4-3bc3-3c60-a66b-523986131536
2019-10-21 04:33:17,847 [pool-917-thread-1] INFO  server.RaftServerConfigKeys (ConfUtils.java:logGet(43)) - raft.server.log.queue.byte-limit = 64MB (=67108864) (default)
2019-10-21 04:33:17,847 [pool-917-thread-1] INFO  server.RaftServerConfigKeys (ConfUtils.java:logGet(43)) - raft.server.log.queue.element-limit = 4096 (default)
2019-10-21 04:33:17,847 [pool-917-thread-1] INFO  server.RaftServerConfigKeys (ConfUtils.java:logGet(43)) - raft.server.log.segment.size.max = 16384 (custom)
2019-10-21 04:33:17,847 [pool-917-thread-1] INFO  server.RaftServerConfigKeys (ConfUtils.java:logGet(43)) - raft.server.log.preallocated.size = 16384 (custom)
2019-10-21 04:33:17,847 [pool-917-thread-1] INFO  server.RaftServerConfigKeys (ConfUtils.java:logGet(43)) - raft.server.log.write.buffer.size = 64KB (=65536) (default)
2019-10-21 04:33:17,847 [pool-917-thread-1] INFO  server.RaftServerConfigKeys (ConfUtils.java:logGet(43)) - raft.server.log.force.sync.num = 128 (default)
2019-10-21 04:33:17,847 [pool-917-thread-1] INFO  server.RaftServerConfigKeys (ConfUtils.java:logGet(43)) - raft.server.log.statemachine.data.sync = true (default)
2019-10-21 04:33:17,847 [pool-917-thread-1] INFO  server.RaftServerConfigKeys (ConfUtils.java:logGet(43)) - raft.server.log.statemachine.data.sync.timeout = 10s (default)
2019-10-21 04:33:17,847 [pool-917-thread-1] INFO  server.RaftServerConfigKeys (ConfUtils.java:logGet(43)) - raft.server.log.statemachine.data.sync.timeout.retry = -1 (default)
2019-10-21 04:33:17,847 [pool-917-thread-1] INFO  server.RaftServerConfigKeys (ConfUtils.java:logGet(43)) - raft.server.log.statemachine.data.caching.enabled = false (default)
2019-10-21 04:33:17,848 [pool-917-thread-1] INFO  segmented.SegmentedRaftLogWorker (SegmentedRaftLogWorker.java:lambda$new$0(128)) - omNode-3@group-523986131536-SegmentedRaftLogWorker: flushIndex: setUnconditionally 0 -> -1
2019-10-21 04:33:17,848 [pool-917-thread-1] INFO  server.RaftServerConfigKeys (ConfUtils.java:logGet(43)) - raft.server.snapshot.auto.trigger.enabled = true (custom)
2019-10-21 04:33:17,848 [pool-917-thread-1] INFO  server.RaftServerConfigKeys (ConfUtils.java:logGet(43)) - raft.server.snapshot.auto.trigger.threshold = 50 (custom)
2019-10-21 04:33:17,848 [pool-917-thread-1] INFO  server.RaftServerConfigKeys (ConfUtils.java:logGet(43)) - raft.server.snapshot.retention.file.num = -1 (default)
2019-10-21 04:33:17,848 [pool-917-thread-1] INFO  server.RaftServerConfigKeys (ConfUtils.java:logGet(43)) - raft.server.retrycache.expirytime = 600000ms (custom)
2019-10-21 04:33:17,850 [Thread-4254] INFO  impl.RaftServerImpl (RaftServerImpl.java:start(181)) - omNode-3@group-523986131536: start as a follower, conf=-1: [omNode-3:localhost:12260, omNode-1:localhost:12248, omNode-2:localhost:12254], old=null
2019-10-21 04:33:17,851 [Thread-4254] INFO  impl.RaftServerImpl (RaftServerImpl.java:setRole(170)) - omNode-3@group-523986131536: changes role from      null to FOLLOWER at term 0 for startAsFollower
2019-10-21 04:33:17,851 [Thread-4254] INFO  impl.RoleInfo (RoleInfo.java:updateAndGet(143)) - omNode-3: start FollowerState
2019-10-21 04:33:17,851 [Thread-4254] INFO  util.JmxRegister (JmxRegister.java:tryRegister(44)) - Successfully registered JMX Bean with object name Ratis:service=RaftServer,group=group-523986131536,id=omNode-3
2019-10-21 04:33:17,851 [Thread-4254] INFO  impl.RaftServerProxy (RaftServerProxy.java:lambda$start$3(299)) - omNode-3: start RPC server
2019-10-21 04:33:17,852 [Thread-4254] INFO  server.GrpcService (GrpcService.java:startImpl(158)) - omNode-3: GrpcService started, listening on 0.0.0.0/0.0.0.0:12260
2019-10-21 04:33:17,857 [IPC Server Responder] INFO  ipc.Server (Server.java:run(1314)) - IPC Server Responder: starting
2019-10-21 04:33:17,858 [IPC Server listener on 12256] INFO  ipc.Server (Server.java:run(1153)) - IPC Server listener on 12256: starting
2019-10-21 04:33:17,862 [Thread-4254] INFO  hdfs.DFSUtil (DFSUtil.java:httpServerTemplateForNNAndJN(1641)) - Starting Web-server for ozoneManager at: http://0.0.0.0:12258
2019-10-21 04:33:17,863 [Thread-4254] INFO  server.AuthenticationFilter (AuthenticationFilter.java:constructSecretProvider(240)) - Unable to initialize FileSignerSecretProvider, falling back to use random secrets.
2019-10-21 04:33:17,863 [Thread-4254] WARN  http.HttpRequestLog (HttpRequestLog.java:getRequestLog(97)) - Jetty request log can only be enabled using Log4j
2019-10-21 04:33:17,864 [Thread-4254] INFO  http.HttpServer2 (HttpServer2.java:addGlobalFilter(975)) - Added global filter 'safety' (class=org.apache.hadoop.http.HttpServer2$QuotingInputFilter)
2019-10-21 04:33:17,864 [Thread-4254] INFO  http.HttpServer2 (HttpServer2.java:addFilter(948)) - Added filter static_user_filter (class=org.apache.hadoop.http.lib.StaticUserWebFilter$StaticUserFilter) to context ozoneManager
2019-10-21 04:33:17,864 [Thread-4254] INFO  http.HttpServer2 (HttpServer2.java:addFilter(958)) - Added filter static_user_filter (class=org.apache.hadoop.http.lib.StaticUserWebFilter$StaticUserFilter) to context static
2019-10-21 04:33:17,865 [Thread-4254] INFO  http.HttpServer2 (HttpServer2.java:addFilter(958)) - Added filter static_user_filter (class=org.apache.hadoop.http.lib.StaticUserWebFilter$StaticUserFilter) to context logs
2019-10-21 04:33:17,865 [Thread-4254] INFO  http.HttpServer2 (HttpServer2.java:bindListener(1191)) - Jetty bound to port 12258
2019-10-21 04:33:17,865 [Thread-4254] INFO  server.Server (Server.java:doStart(351)) - jetty-9.3.25.v20180904, build timestamp: 2018-09-04T21:11:46Z, git hash: 3ce520221d0240229c862b122d2b06c12a625732
2019-10-21 04:33:17,866 [Thread-4254] INFO  handler.ContextHandler (ContextHandler.java:doStart(781)) - Started o.e.j.s.ServletContextHandler@45b50190{/logs,file:///workdir/hadoop-ozone/integration-test/target/log,AVAILABLE}
2019-10-21 04:33:17,867 [Thread-4254] INFO  handler.ContextHandler (ContextHandler.java:doStart(781)) - Started o.e.j.s.ServletContextHandler@783f6f1b{/static,file:///workdir/hadoop-ozone/integration-test/target/test-classes/webapps/static,AVAILABLE}
2019-10-21 04:33:17,869 [omNode-1@group-523986131536-LeaderElection74] INFO  impl.LeaderElection (LeaderElection.java:askForVotes(178)) - omNode-1@group-523986131536-LeaderElection74: begin an election at term 5 for -1: [omNode-3:localhost:12260, omNode-1:localhost:12248, omNode-2:localhost:12254], old=null
2019-10-21 04:33:17,869 [omNode-2@group-523986131536-LeaderElection73] INFO  impl.LeaderElection (LeaderElection.java:askForVotes(178)) - omNode-2@group-523986131536-LeaderElection73: begin an election at term 5 for -1: [omNode-3:localhost:12260, omNode-1:localhost:12248, omNode-2:localhost:12254], old=null
2019-10-21 04:33:17,870 [omNode-1@group-523986131536-LeaderElection74] INFO  impl.LeaderElection (LogUtils.java:infoOrTrace(149)) - omNode-1@group-523986131536-LeaderElection74 got exception when requesting votes: {}
java.util.concurrent.ExecutionException: org.apache.ratis.thirdparty.io.grpc.StatusRuntimeException: UNAVAILABLE: io exception
	at java.util.concurrent.FutureTask.report(FutureTask.java:122)
	at java.util.concurrent.FutureTask.get(FutureTask.java:192)
	at org.apache.ratis.server.impl.LeaderElection.waitForResults(LeaderElection.java:259)
	at org.apache.ratis.server.impl.LeaderElection.askForVotes(LeaderElection.java:197)
	at org.apache.ratis.server.impl.LeaderElection.run(LeaderElection.java:133)
	at java.lang.Thread.run(Thread.java:748)
Caused by: org.apache.ratis.thirdparty.io.grpc.StatusRuntimeException: UNAVAILABLE: io exception
	at org.apache.ratis.thirdparty.io.grpc.stub.ClientCalls.toStatusRuntimeException(ClientCalls.java:233)
	at org.apache.ratis.thirdparty.io.grpc.stub.ClientCalls.getUnchecked(ClientCalls.java:214)
	at org.apache.ratis.thirdparty.io.grpc.stub.ClientCalls.blockingUnaryCall(ClientCalls.java:139)
	at org.apache.ratis.proto.grpc.RaftServerProtocolServiceGrpc$RaftServerProtocolServiceBlockingStub.requestVote(RaftServerProtocolServiceGrpc.java:265)
	at org.apache.ratis.grpc.server.GrpcServerProtocolClient.requestVote(GrpcServerProtocolClient.java:99)
	at org.apache.ratis.grpc.server.GrpcService.requestVote(GrpcService.java:204)
	at org.apache.ratis.server.impl.LeaderElection.lambda$submitRequests$1(LeaderElection.java:234)
	at java.util.concurrent.FutureTask.run(FutureTask.java:266)
	at java.util.concurrent.Executors$RunnableAdapter.call(Executors.java:511)
	at java.util.concurrent.FutureTask.run(FutureTask.java:266)
	at java.util.concurrent.ThreadPoolExecutor.runWorker(ThreadPoolExecutor.java:1149)
	at java.util.concurrent.ThreadPoolExecutor$Worker.run(ThreadPoolExecutor.java:624)
	... 1 more
Caused by: org.apache.ratis.thirdparty.io.netty.channel.AbstractChannel$AnnotatedConnectException: Connection refused: localhost/127.0.0.1:12260
	at sun.nio.ch.SocketChannelImpl.checkConnect(Native Method)
	at sun.nio.ch.SocketChannelImpl.finishConnect(SocketChannelImpl.java:717)
	at org.apache.ratis.thirdparty.io.netty.channel.socket.nio.NioSocketChannel.doFinishConnect(NioSocketChannel.java:327)
	at org.apache.ratis.thirdparty.io.netty.channel.nio.AbstractNioChannel$AbstractNioUnsafe.finishConnect(AbstractNioChannel.java:340)
	at org.apache.ratis.thirdparty.io.netty.channel.nio.NioEventLoop.processSelectedKey(NioEventLoop.java:632)
	at org.apache.ratis.thirdparty.io.netty.channel.nio.NioEventLoop.processSelectedKeysOptimized(NioEventLoop.java:579)
	at org.apache.ratis.thirdparty.io.netty.channel.nio.NioEventLoop.processSelectedKeys(NioEventLoop.java:496)
	at org.apache.ratis.thirdparty.io.netty.channel.nio.NioEventLoop.run(NioEventLoop.java:458)
	at org.apache.ratis.thirdparty.io.netty.util.concurrent.SingleThreadEventExecutor$5.run(SingleThreadEventExecutor.java:897)
	at org.apache.ratis.thirdparty.io.netty.util.concurrent.FastThreadLocalRunnable.run(FastThreadLocalRunnable.java:30)
	... 1 more
Caused by: java.net.ConnectException: Connection refused
	... 11 more
2019-10-21 04:33:17,870 [omNode-2@group-523986131536-LeaderElection73] INFO  impl.LeaderElection (LogUtils.java:infoOrTrace(149)) - omNode-2@group-523986131536-LeaderElection73 got exception when requesting votes: {}
java.util.concurrent.ExecutionException: org.apache.ratis.thirdparty.io.grpc.StatusRuntimeException: UNAVAILABLE: io exception
	at java.util.concurrent.FutureTask.report(FutureTask.java:122)
	at java.util.concurrent.FutureTask.get(FutureTask.java:192)
	at org.apache.ratis.server.impl.LeaderElection.waitForResults(LeaderElection.java:259)
	at org.apache.ratis.server.impl.LeaderElection.askForVotes(LeaderElection.java:197)
	at org.apache.ratis.server.impl.LeaderElection.run(LeaderElection.java:133)
	at java.lang.Thread.run(Thread.java:748)
Caused by: org.apache.ratis.thirdparty.io.grpc.StatusRuntimeException: UNAVAILABLE: io exception
	at org.apache.ratis.thirdparty.io.grpc.stub.ClientCalls.toStatusRuntimeException(ClientCalls.java:233)
	at org.apache.ratis.thirdparty.io.grpc.stub.ClientCalls.getUnchecked(ClientCalls.java:214)
	at org.apache.ratis.thirdparty.io.grpc.stub.ClientCalls.blockingUnaryCall(ClientCalls.java:139)
	at org.apache.ratis.proto.grpc.RaftServerProtocolServiceGrpc$RaftServerProtocolServiceBlockingStub.requestVote(RaftServerProtocolServiceGrpc.java:265)
	at org.apache.ratis.grpc.server.GrpcServerProtocolClient.requestVote(GrpcServerProtocolClient.java:99)
	at org.apache.ratis.grpc.server.GrpcService.requestVote(GrpcService.java:204)
	at org.apache.ratis.server.impl.LeaderElection.lambda$submitRequests$1(LeaderElection.java:234)
	at java.util.concurrent.FutureTask.run(FutureTask.java:266)
	at java.util.concurrent.Executors$RunnableAdapter.call(Executors.java:511)
	at java.util.concurrent.FutureTask.run(FutureTask.java:266)
	at java.util.concurrent.ThreadPoolExecutor.runWorker(ThreadPoolExecutor.java:1149)
	at java.util.concurrent.ThreadPoolExecutor$Worker.run(ThreadPoolExecutor.java:624)
	... 1 more
Caused by: org.apache.ratis.thirdparty.io.netty.channel.AbstractChannel$AnnotatedConnectException: Connection refused: localhost/127.0.0.1:12260
	at sun.nio.ch.SocketChannelImpl.checkConnect(Native Method)
	at sun.nio.ch.SocketChannelImpl.finishConnect(SocketChannelImpl.java:717)
	at org.apache.ratis.thirdparty.io.netty.channel.socket.nio.NioSocketChannel.doFinishConnect(NioSocketChannel.java:327)
	at org.apache.ratis.thirdparty.io.netty.channel.nio.AbstractNioChannel$AbstractNioUnsafe.finishConnect(AbstractNioChannel.java:340)
	at org.apache.ratis.thirdparty.io.netty.channel.nio.NioEventLoop.processSelectedKey(NioEventLoop.java:632)
	at org.apache.ratis.thirdparty.io.netty.channel.nio.NioEventLoop.processSelectedKeysOptimized(NioEventLoop.java:579)
	at org.apache.ratis.thirdparty.io.netty.channel.nio.NioEventLoop.processSelectedKeys(NioEventLoop.java:496)
	at org.apache.ratis.thirdparty.io.netty.channel.nio.NioEventLoop.run(NioEventLoop.java:458)
	at org.apache.ratis.thirdparty.io.netty.util.concurrent.SingleThreadEventExecutor$5.run(SingleThreadEventExecutor.java:897)
	at org.apache.ratis.thirdparty.io.netty.util.concurrent.FastThreadLocalRunnable.run(FastThreadLocalRunnable.java:30)
	... 1 more
Caused by: java.net.ConnectException: Connection refused
	... 11 more
2019-10-21 04:33:17,877 [omNode-1@group-523986131536-LeaderElection74] INFO  impl.LeaderElection (LeaderElection.java:logAndReturn(56)) - omNode-1@group-523986131536-LeaderElection74: Election REJECTED; received 1 response(s) [omNode-1<-omNode-2#0:FAIL-t5] and 1 exception(s); omNode-1@group-523986131536:t5, leader=null, voted=omNode-1, raftlog=omNode-1@group-523986131536-SegmentedRaftLog:OPENED:c-1,f-1,i0, conf=-1: [omNode-3:localhost:12260, omNode-1:localhost:12248, omNode-2:localhost:12254], old=null
2019-10-21 04:33:17,877 [omNode-2@group-523986131536-LeaderElection73] INFO  impl.LeaderElection (LeaderElection.java:logAndReturn(56)) - omNode-2@group-523986131536-LeaderElection73: Election REJECTED; received 1 response(s) [omNode-2<-omNode-1#0:FAIL-t5] and 1 exception(s); omNode-2@group-523986131536:t5, leader=null, voted=omNode-2, raftlog=omNode-2@group-523986131536-SegmentedRaftLog:OPENED:c-1,f-1,i0, conf=-1: [omNode-3:localhost:12260, omNode-1:localhost:12248, omNode-2:localhost:12254], old=null
2019-10-21 04:33:17,877 [omNode-1@group-523986131536-LeaderElection74] INFO  impl.LeaderElection (LogUtils.java:infoOrTrace(149)) -   Exception 0: {}
java.util.concurrent.ExecutionException: org.apache.ratis.thirdparty.io.grpc.StatusRuntimeException: UNAVAILABLE: io exception
	at java.util.concurrent.FutureTask.report(FutureTask.java:122)
	at java.util.concurrent.FutureTask.get(FutureTask.java:192)
	at org.apache.ratis.server.impl.LeaderElection.waitForResults(LeaderElection.java:259)
	at org.apache.ratis.server.impl.LeaderElection.askForVotes(LeaderElection.java:197)
	at org.apache.ratis.server.impl.LeaderElection.run(LeaderElection.java:133)
	at java.lang.Thread.run(Thread.java:748)
Caused by: org.apache.ratis.thirdparty.io.grpc.StatusRuntimeException: UNAVAILABLE: io exception
	at org.apache.ratis.thirdparty.io.grpc.stub.ClientCalls.toStatusRuntimeException(ClientCalls.java:233)
	at org.apache.ratis.thirdparty.io.grpc.stub.ClientCalls.getUnchecked(ClientCalls.java:214)
	at org.apache.ratis.thirdparty.io.grpc.stub.ClientCalls.blockingUnaryCall(ClientCalls.java:139)
	at org.apache.ratis.proto.grpc.RaftServerProtocolServiceGrpc$RaftServerProtocolServiceBlockingStub.requestVote(RaftServerProtocolServiceGrpc.java:265)
	at org.apache.ratis.grpc.server.GrpcServerProtocolClient.requestVote(GrpcServerProtocolClient.java:99)
	at org.apache.ratis.grpc.server.GrpcService.requestVote(GrpcService.java:204)
	at org.apache.ratis.server.impl.LeaderElection.lambda$submitRequests$1(LeaderElection.java:234)
	at java.util.concurrent.FutureTask.run(FutureTask.java:266)
	at java.util.concurrent.Executors$RunnableAdapter.call(Executors.java:511)
	at java.util.concurrent.FutureTask.run(FutureTask.java:266)
	at java.util.concurrent.ThreadPoolExecutor.runWorker(ThreadPoolExecutor.java:1149)
	at java.util.concurrent.ThreadPoolExecutor$Worker.run(ThreadPoolExecutor.java:624)
	... 1 more
Caused by: org.apache.ratis.thirdparty.io.netty.channel.AbstractChannel$AnnotatedConnectException: Connection refused: localhost/127.0.0.1:12260
	at sun.nio.ch.SocketChannelImpl.checkConnect(Native Method)
	at sun.nio.ch.SocketChannelImpl.finishConnect(SocketChannelImpl.java:717)
	at org.apache.ratis.thirdparty.io.netty.channel.socket.nio.NioSocketChannel.doFinishConnect(NioSocketChannel.java:327)
	at org.apache.ratis.thirdparty.io.netty.channel.nio.AbstractNioChannel$AbstractNioUnsafe.finishConnect(AbstractNioChannel.java:340)
	at org.apache.ratis.thirdparty.io.netty.channel.nio.NioEventLoop.processSelectedKey(NioEventLoop.java:632)
	at org.apache.ratis.thirdparty.io.netty.channel.nio.NioEventLoop.processSelectedKeysOptimized(NioEventLoop.java:579)
	at org.apache.ratis.thirdparty.io.netty.channel.nio.NioEventLoop.processSelectedKeys(NioEventLoop.java:496)
	at org.apache.ratis.thirdparty.io.netty.channel.nio.NioEventLoop.run(NioEventLoop.java:458)
	at org.apache.ratis.thirdparty.io.netty.util.concurrent.SingleThreadEventExecutor$5.run(SingleThreadEventExecutor.java:897)
	at org.apache.ratis.thirdparty.io.netty.util.concurrent.FastThreadLocalRunnable.run(FastThreadLocalRunnable.java:30)
	... 1 more
Caused by: java.net.ConnectException: Connection refused
	... 11 more
2019-10-21 04:33:17,877 [omNode-2@group-523986131536-LeaderElection73] INFO  impl.LeaderElection (LogUtils.java:infoOrTrace(149)) -   Exception 0: {}
java.util.concurrent.ExecutionException: org.apache.ratis.thirdparty.io.grpc.StatusRuntimeException: UNAVAILABLE: io exception
	at java.util.concurrent.FutureTask.report(FutureTask.java:122)
	at java.util.concurrent.FutureTask.get(FutureTask.java:192)
	at org.apache.ratis.server.impl.LeaderElection.waitForResults(LeaderElection.java:259)
	at org.apache.ratis.server.impl.LeaderElection.askForVotes(LeaderElection.java:197)
	at org.apache.ratis.server.impl.LeaderElection.run(LeaderElection.java:133)
	at java.lang.Thread.run(Thread.java:748)
Caused by: org.apache.ratis.thirdparty.io.grpc.StatusRuntimeException: UNAVAILABLE: io exception
	at org.apache.ratis.thirdparty.io.grpc.stub.ClientCalls.toStatusRuntimeException(ClientCalls.java:233)
	at org.apache.ratis.thirdparty.io.grpc.stub.ClientCalls.getUnchecked(ClientCalls.java:214)
	at org.apache.ratis.thirdparty.io.grpc.stub.ClientCalls.blockingUnaryCall(ClientCalls.java:139)
	at org.apache.ratis.proto.grpc.RaftServerProtocolServiceGrpc$RaftServerProtocolServiceBlockingStub.requestVote(RaftServerProtocolServiceGrpc.java:265)
	at org.apache.ratis.grpc.server.GrpcServerProtocolClient.requestVote(GrpcServerProtocolClient.java:99)
	at org.apache.ratis.grpc.server.GrpcService.requestVote(GrpcService.java:204)
	at org.apache.ratis.server.impl.LeaderElection.lambda$submitRequests$1(LeaderElection.java:234)
	at java.util.concurrent.FutureTask.run(FutureTask.java:266)
	at java.util.concurrent.Executors$RunnableAdapter.call(Executors.java:511)
	at java.util.concurrent.FutureTask.run(FutureTask.java:266)
	at java.util.concurrent.ThreadPoolExecutor.runWorker(ThreadPoolExecutor.java:1149)
	at java.util.concurrent.ThreadPoolExecutor$Worker.run(ThreadPoolExecutor.java:624)
	... 1 more
Caused by: org.apache.ratis.thirdparty.io.netty.channel.AbstractChannel$AnnotatedConnectException: Connection refused: localhost/127.0.0.1:12260
	at sun.nio.ch.SocketChannelImpl.checkConnect(Native Method)
	at sun.nio.ch.SocketChannelImpl.finishConnect(SocketChannelImpl.java:717)
	at org.apache.ratis.thirdparty.io.netty.channel.socket.nio.NioSocketChannel.doFinishConnect(NioSocketChannel.java:327)
	at org.apache.ratis.thirdparty.io.netty.channel.nio.AbstractNioChannel$AbstractNioUnsafe.finishConnect(AbstractNioChannel.java:340)
	at org.apache.ratis.thirdparty.io.netty.channel.nio.NioEventLoop.processSelectedKey(NioEventLoop.java:632)
	at org.apache.ratis.thirdparty.io.netty.channel.nio.NioEventLoop.processSelectedKeysOptimized(NioEventLoop.java:579)
	at org.apache.ratis.thirdparty.io.netty.channel.nio.NioEventLoop.processSelectedKeys(NioEventLoop.java:496)
	at org.apache.ratis.thirdparty.io.netty.channel.nio.NioEventLoop.run(NioEventLoop.java:458)
	at org.apache.ratis.thirdparty.io.netty.util.concurrent.SingleThreadEventExecutor$5.run(SingleThreadEventExecutor.java:897)
	at org.apache.ratis.thirdparty.io.netty.util.concurrent.FastThreadLocalRunnable.run(FastThreadLocalRunnable.java:30)
	... 1 more
Caused by: java.net.ConnectException: Connection refused
	... 11 more
2019-10-21 04:33:17,877 [omNode-1@group-523986131536-LeaderElection74] INFO  impl.RaftServerImpl (RaftServerImpl.java:setRole(170)) - omNode-1@group-523986131536: changes role from CANDIDATE to FOLLOWER at term 5 for DISCOVERED_A_NEW_TERM
2019-10-21 04:33:17,877 [omNode-2@group-523986131536-LeaderElection73] INFO  impl.RaftServerImpl (RaftServerImpl.java:setRole(170)) - omNode-2@group-523986131536: changes role from CANDIDATE to FOLLOWER at term 5 for DISCOVERED_A_NEW_TERM
2019-10-21 04:33:17,877 [omNode-1@group-523986131536-LeaderElection74] INFO  impl.RoleInfo (RoleInfo.java:shutdownLeaderElection(134)) - omNode-1: shutdown LeaderElection
2019-10-21 04:33:17,877 [omNode-2@group-523986131536-LeaderElection73] INFO  impl.RoleInfo (RoleInfo.java:shutdownLeaderElection(134)) - omNode-2: shutdown LeaderElection
2019-10-21 04:33:17,877 [omNode-1@group-523986131536-LeaderElection74] INFO  impl.RoleInfo (RoleInfo.java:updateAndGet(143)) - omNode-1: start FollowerState
2019-10-21 04:33:17,878 [omNode-2@group-523986131536-LeaderElection73] INFO  impl.RoleInfo (RoleInfo.java:updateAndGet(143)) - omNode-2: start FollowerState
2019-10-21 04:33:17,945 [Thread-4254] INFO  handler.ContextHandler (ContextHandler.java:doStart(781)) - Started o.e.j.w.WebAppContext@6e350b76{/,file:///workdir/hadoop-ozone/integration-test/target/test-classes/webapps/ozoneManager/,AVAILABLE}{/ozoneManager}
2019-10-21 04:33:17,945 [Thread-4254] INFO  server.AbstractConnector (AbstractConnector.java:doStart(278)) - Started ServerConnector@3a8ce418{HTTP/1.1,[http/1.1]}{0.0.0.0:12258}
2019-10-21 04:33:17,947 [Thread-4254] INFO  server.Server (Server.java:doStart(419)) - Started @425222ms
2019-10-21 04:33:17,947 [Thread-4254] WARN  impl.MetricsSystemImpl (MetricsSystemImpl.java:register(276)) - Sink prometheus already exists!
2019-10-21 04:33:17,948 [Thread-4254] INFO  server.BaseHttpServer (BaseHttpServer.java:updateConnectorAddress(215)) - HTTP server of OZONEMANAGER is listening at http://0.0.0.0:12258
2019-10-21 04:33:17,948 [Thread-4254] INFO  ozone.MiniOzoneHAClusterImpl (MiniOzoneHAClusterImpl.java:createOMService(274)) - Started OzoneManager RPC server at localhost/127.0.0.1:12256
2019-10-21 04:33:17,952 [Thread-4254] INFO  impl.MetricsSystemImpl (MetricsSystemImpl.java:init(158)) - HddsDatanode metrics system started (again)
2019-10-21 04:33:17,959 [Thread-4254] INFO  ozone.HddsDatanodeService (HddsDatanodeService.java:start(184)) - HddsDatanodeService host:pr-hdds-1569-252f9-3696506840 ip:192.168.157.255
2019-10-21 04:33:17,965 [Thread-4254] INFO  volume.HddsVolume (HddsVolume.java:<init>(176)) - Creating Volume: /workdir/hadoop-ozone/integration-test/target/test-dir/MiniOzoneClusterImpl-d137178b-6ed7-4be6-b952-7bc2bf04e198/datanode-0/data/containers/hdds of  storage type : DISK and capacity : 1482555576320
2019-10-21 04:33:17,966 [Thread-4254] INFO  volume.VolumeSet (VolumeSet.java:initializeVolumeSet(170)) - Added Volume : /workdir/hadoop-ozone/integration-test/target/test-dir/MiniOzoneClusterImpl-d137178b-6ed7-4be6-b952-7bc2bf04e198/datanode-0/data/containers/hdds to VolumeSet
2019-10-21 04:33:17,966 [Thread-4254] INFO  volume.ThrottledAsyncChecker (ThrottledAsyncChecker.java:schedule(141)) - Scheduling a check for org.apache.hadoop.ozone.container.common.volume.HddsVolume@5d3876b0
2019-10-21 04:33:17,968 [Thread-4254] INFO  volume.HddsVolumeChecker (HddsVolumeChecker.java:checkAllVolumes(204)) - Scheduled health check for volume org.apache.hadoop.ozone.container.common.volume.HddsVolume@5d3876b0
2019-10-21 04:33:17,979 [Thread-4254] INFO  impl.RaftServerProxy (ConfUtils.java:logGet(43)) - raft.rpc.type = GRPC (default)
2019-10-21 04:33:17,980 [Thread-4254] INFO  grpc.GrpcFactory (GrpcFactory.java:checkPooledByteBufAllocatorUseCacheForAllThreads(45)) - PERFORMANCE WARNING: useCacheForAllThreads is true that may cause Netty to create a lot garbage objects and, as a result, trigger GC.
	It is recommended to disable useCacheForAllThreads by setting -Dorg.apache.ratis.thirdparty.io.netty.allocator.useCacheForAllThreads=false in command line.
2019-10-21 04:33:17,980 [Thread-4254] INFO  grpc.GrpcConfigKeys$Server (ConfUtils.java:logGet(43)) - raft.grpc.server.port = 0 (default)
2019-10-21 04:33:17,980 [Thread-4254] INFO  server.GrpcService (ConfUtils.java:logGet(43)) - raft.grpc.message.size.max = 33570816 (custom)
2019-10-21 04:33:17,980 [Thread-4254] INFO  server.RaftServerConfigKeys (ConfUtils.java:logGet(43)) - raft.server.log.appender.buffer.byte-limit = 33554432 (custom)
2019-10-21 04:33:17,980 [Thread-4254] INFO  server.GrpcService (ConfUtils.java:logGet(43)) - raft.grpc.flow.control.window = 1MB (=1048576) (default)
2019-10-21 04:33:17,980 [Thread-4254] INFO  server.RaftServerConfigKeys (ConfUtils.java:logGet(43)) - raft.server.rpc.request.timeout = 3000ms (default)
2019-10-21 04:33:17,981 [Thread-4254] INFO  server.RaftServerConfigKeys (ConfUtils.java:logGet(43)) - raft.server.storage.dir = [/workdir/hadoop-ozone/integration-test/target/test-dir/MiniOzoneClusterImpl-d137178b-6ed7-4be6-b952-7bc2bf04e198/datanode-0/data/ratis] (custom)
2019-10-21 04:33:17,983 [Thread-4254] INFO  hdfs.DFSUtil (DFSUtil.java:httpServerTemplateForNNAndJN(1641)) - Starting Web-server for hddsDatanode at: http://0.0.0.0:0
2019-10-21 04:33:17,984 [Thread-4254] INFO  server.AuthenticationFilter (AuthenticationFilter.java:constructSecretProvider(240)) - Unable to initialize FileSignerSecretProvider, falling back to use random secrets.
2019-10-21 04:33:17,984 [Thread-4254] WARN  http.HttpRequestLog (HttpRequestLog.java:getRequestLog(97)) - Jetty request log can only be enabled using Log4j
2019-10-21 04:33:17,985 [Thread-4254] INFO  http.HttpServer2 (HttpServer2.java:addGlobalFilter(975)) - Added global filter 'safety' (class=org.apache.hadoop.http.HttpServer2$QuotingInputFilter)
2019-10-21 04:33:17,985 [Thread-4254] INFO  http.HttpServer2 (HttpServer2.java:addFilter(948)) - Added filter static_user_filter (class=org.apache.hadoop.http.lib.StaticUserWebFilter$StaticUserFilter) to context hddsDatanode
2019-10-21 04:33:17,985 [Thread-4254] INFO  http.HttpServer2 (HttpServer2.java:addFilter(958)) - Added filter static_user_filter (class=org.apache.hadoop.http.lib.StaticUserWebFilter$StaticUserFilter) to context static
2019-10-21 04:33:17,985 [Thread-4254] INFO  http.HttpServer2 (HttpServer2.java:addFilter(958)) - Added filter static_user_filter (class=org.apache.hadoop.http.lib.StaticUserWebFilter$StaticUserFilter) to context logs
2019-10-21 04:33:17,986 [Thread-4254] INFO  http.HttpServer2 (HttpServer2.java:bindListener(1191)) - Jetty bound to port 46106
2019-10-21 04:33:17,986 [Thread-4254] INFO  server.Server (Server.java:doStart(351)) - jetty-9.3.25.v20180904, build timestamp: 2018-09-04T21:11:46Z, git hash: 3ce520221d0240229c862b122d2b06c12a625732
2019-10-21 04:33:17,987 [Thread-4254] INFO  handler.ContextHandler (ContextHandler.java:doStart(781)) - Started o.e.j.s.ServletContextHandler@704f8774{/logs,file:///workdir/hadoop-ozone/integration-test/target/log,AVAILABLE}
2019-10-21 04:33:17,988 [Thread-4254] INFO  handler.ContextHandler (ContextHandler.java:doStart(781)) - Started o.e.j.s.ServletContextHandler@7cd2e376{/static,jar:file:/home/user/.m2/repository/org/apache/hadoop/hadoop-hdds-container-service/0.5.0-SNAPSHOT/hadoop-hdds-container-service-0.5.0-SNAPSHOT.jar!/webapps/static,AVAILABLE}
2019-10-21 04:33:18,015 [Thread-4254] INFO  handler.ContextHandler (ContextHandler.java:doStart(781)) - Started o.e.j.w.WebAppContext@6b39510e{/,file:///tmp/jetty-0.0.0.0-46106-hddsDatanode-_-any-545492633089611801.dir/webapp/,AVAILABLE}{/hddsDatanode}
2019-10-21 04:33:18,015 [Thread-4254] INFO  server.AbstractConnector (AbstractConnector.java:doStart(278)) - Started ServerConnector@5544abba{HTTP/1.1,[http/1.1]}{0.0.0.0:46106}
2019-10-21 04:33:18,017 [Thread-4254] INFO  server.Server (Server.java:doStart(419)) - Started @425291ms
2019-10-21 04:33:18,017 [Thread-4254] WARN  impl.MetricsSystemImpl (MetricsSystemImpl.java:register(276)) - Sink prometheus already exists!
2019-10-21 04:33:18,018 [Thread-4254] INFO  server.BaseHttpServer (BaseHttpServer.java:updateConnectorAddress(215)) - HTTP server of HDDSDATANODE is listening at http://0.0.0.0:46106
2019-10-21 04:33:18,018 [Thread-4254] INFO  ozone.MiniOzoneClusterImpl (MiniOzoneClusterImpl.java:lambda$waitForClusterToBeReady$0(147)) - Waiting for cluster to be ready. Got 0 of 1 DN Heartbeats.
2019-10-21 04:33:18,019 [org.apache.hadoop.util.JvmPauseMonitor$Monitor@7666ba67] INFO  util.JvmPauseMonitor (JvmPauseMonitor.java:run(188)) - Starting JVM pause monitor
2019-10-21 04:33:18,020 [Datanode State Machine Thread - 0] INFO  datanode.InitDatanodeState (InitDatanodeState.java:persistContainerDatanodeDetails(140)) - DatanodeDetails is persisted to /workdir/hadoop-ozone/integration-test/target/test-dir/MiniOzoneClusterImpl-d137178b-6ed7-4be6-b952-7bc2bf04e198/datanode-0/meta/datanode.id
2019-10-21 04:33:18,922 [Thread-4458] INFO  impl.FollowerState (FollowerState.java:run(108)) - omNode-3@group-523986131536-FollowerState: change to CANDIDATE, lastRpcTime:1071ms, electionTimeout:1071ms
2019-10-21 04:33:18,922 [Thread-4458] INFO  impl.RoleInfo (RoleInfo.java:shutdownFollowerState(121)) - omNode-3: shutdown FollowerState
2019-10-21 04:33:18,922 [Thread-4458] INFO  impl.RaftServerImpl (RaftServerImpl.java:setRole(170)) - omNode-3@group-523986131536: changes role from  FOLLOWER to CANDIDATE at term 0 for changeToCandidate
2019-10-21 04:33:18,923 [Thread-4458] INFO  impl.RoleInfo (RoleInfo.java:updateAndGet(143)) - omNode-3: start LeaderElection
2019-10-21 04:33:18,951 [Thread-4496] INFO  impl.FollowerState (FollowerState.java:run(108)) - omNode-2@group-523986131536-FollowerState: change to CANDIDATE, lastRpcTime:1073ms, electionTimeout:1073ms
2019-10-21 04:33:18,951 [Thread-4496] INFO  impl.RoleInfo (RoleInfo.java:shutdownFollowerState(121)) - omNode-2: shutdown FollowerState
2019-10-21 04:33:18,951 [Thread-4496] INFO  impl.RaftServerImpl (RaftServerImpl.java:setRole(170)) - omNode-2@group-523986131536: changes role from  FOLLOWER to CANDIDATE at term 5 for changeToCandidate
2019-10-21 04:33:18,951 [Thread-4496] INFO  impl.RoleInfo (RoleInfo.java:updateAndGet(143)) - omNode-2: start LeaderElection
2019-10-21 04:33:18,996 [Thread-4495] INFO  impl.FollowerState (FollowerState.java:run(108)) - omNode-1@group-523986131536-FollowerState: change to CANDIDATE, lastRpcTime:1118ms, electionTimeout:1118ms
2019-10-21 04:33:18,996 [Thread-4495] INFO  impl.RoleInfo (RoleInfo.java:shutdownFollowerState(121)) - omNode-1: shutdown FollowerState
2019-10-21 04:33:18,996 [Thread-4495] INFO  impl.RaftServerImpl (RaftServerImpl.java:setRole(170)) - omNode-1@group-523986131536: changes role from  FOLLOWER to CANDIDATE at term 5 for changeToCandidate
2019-10-21 04:33:18,996 [Thread-4495] INFO  impl.RoleInfo (RoleInfo.java:updateAndGet(143)) - omNode-1: start LeaderElection
2019-10-21 04:33:19,018 [Thread-4254] INFO  ozone.MiniOzoneClusterImpl (MiniOzoneClusterImpl.java:lambda$waitForClusterToBeReady$0(147)) - Waiting for cluster to be ready. Got 0 of 1 DN Heartbeats.
2019-10-21 04:33:19,638 [omNode-3@group-523986131536-LeaderElection75] INFO  impl.LeaderElection (LeaderElection.java:askForVotes(178)) - omNode-3@group-523986131536-LeaderElection75: begin an election at term 1 for -1: [omNode-3:localhost:12260, omNode-1:localhost:12248, omNode-2:localhost:12254], old=null
2019-10-21 04:33:19,638 [omNode-2@group-523986131536-LeaderElection76] INFO  impl.LeaderElection (LeaderElection.java:askForVotes(178)) - omNode-2@group-523986131536-LeaderElection76: begin an election at term 6 for -1: [omNode-3:localhost:12260, omNode-1:localhost:12248, omNode-2:localhost:12254], old=null
2019-10-21 04:33:19,644 [grpc-default-executor-8] INFO  impl.RaftServerImpl (RaftServerImpl.java:setRole(170)) - omNode-3@group-523986131536: changes role from CANDIDATE to FOLLOWER at term 6 for recognizeCandidate:omNode-2
2019-10-21 04:33:19,644 [grpc-default-executor-8] INFO  impl.RoleInfo (RoleInfo.java:shutdownLeaderElection(134)) - omNode-3: shutdown LeaderElection
2019-10-21 04:33:19,644 [grpc-default-executor-8] INFO  impl.RoleInfo (RoleInfo.java:updateAndGet(143)) - omNode-3: start FollowerState
2019-10-21 04:33:19,648 [omNode-3@group-523986131536-LeaderElection75] INFO  impl.LeaderElection (LeaderElection.java:logAndReturn(56)) - omNode-3@group-523986131536-LeaderElection75: Election DISCOVERED_A_NEW_TERM; received 1 response(s) [omNode-3<-omNode-2#0:FAIL-t6] and 0 exception(s); omNode-3@group-523986131536:t6, leader=null, voted=null, raftlog=omNode-3@group-523986131536-SegmentedRaftLog:OPENED:c-1,f-1,i0, conf=-1: [omNode-3:localhost:12260, omNode-1:localhost:12248, omNode-2:localhost:12254], old=null
2019-10-21 04:33:20,018 [Thread-4254] INFO  ozone.MiniOzoneClusterImpl (MiniOzoneClusterImpl.java:lambda$waitForClusterToBeReady$0(147)) - Waiting for cluster to be ready. Got 0 of 1 DN Heartbeats.
2019-10-21 04:33:20,625 [omNode-1@group-523986131536-LeaderElection77] INFO  impl.LeaderElection (LeaderElection.java:askForVotes(178)) - omNode-1@group-523986131536-LeaderElection77: begin an election at term 6 for -1: [omNode-3:localhost:12260, omNode-1:localhost:12248, omNode-2:localhost:12254], old=null
2019-10-21 04:33:20,712 [grpc-default-executor-7] INFO  impl.RaftServerImpl (RaftServerImpl.java:setRole(170)) - omNode-3@group-523986131536: changes role from  FOLLOWER to FOLLOWER at term 6 for recognizeCandidate:omNode-1
2019-10-21 04:33:20,712 [Datanode State Machine Thread - 0] INFO  ozoneimpl.OzoneContainer (OzoneContainer.java:start(213)) - Attempting to start container services.
2019-10-21 04:33:20,712 [grpc-default-executor-7] INFO  impl.RoleInfo (RoleInfo.java:shutdownFollowerState(121)) - omNode-3: shutdown FollowerState
2019-10-21 04:33:20,712 [Datanode State Machine Thread - 0] INFO  ozoneimpl.OzoneContainer (OzoneContainer.java:startContainerScrub(177)) - Background container scanner has been disabled.
2019-10-21 04:33:20,712 [Thread-4520] INFO  impl.FollowerState (FollowerState.java:run(117)) - omNode-3@group-523986131536-FollowerState was interrupted: java.lang.InterruptedException: sleep interrupted
2019-10-21 04:33:20,712 [grpc-default-executor-7] INFO  impl.RoleInfo (RoleInfo.java:updateAndGet(143)) - omNode-3: start FollowerState
2019-10-21 04:33:20,712 [Datanode State Machine Thread - 0] INFO  ratis.XceiverServerRatis (XceiverServerRatis.java:start(418)) - Starting XceiverServerRatis c1c5930e-0d2a-49d3-b6ae-454eae9209c6 at port 0
2019-10-21 04:33:20,714 [omNode-2@group-523986131536-LeaderElection76] INFO  impl.LeaderElection (LeaderElection.java:logAndReturn(56)) - omNode-2@group-523986131536-LeaderElection76: Election REJECTED; received 2 response(s) [omNode-2<-omNode-3#0:FAIL-t6, omNode-2<-omNode-1#0:FAIL-t6] and 0 exception(s); omNode-2@group-523986131536:t6, leader=null, voted=omNode-2, raftlog=omNode-2@group-523986131536-SegmentedRaftLog:OPENED:c-1,f-1,i0, conf=-1: [omNode-3:localhost:12260, omNode-1:localhost:12248, omNode-2:localhost:12254], old=null
2019-10-21 04:33:20,714 [omNode-2@group-523986131536-LeaderElection76] INFO  impl.RaftServerImpl (RaftServerImpl.java:setRole(170)) - omNode-2@group-523986131536: changes role from CANDIDATE to FOLLOWER at term 6 for DISCOVERED_A_NEW_TERM
2019-10-21 04:33:20,714 [omNode-2@group-523986131536-LeaderElection76] INFO  impl.RoleInfo (RoleInfo.java:shutdownLeaderElection(134)) - omNode-2: shutdown LeaderElection
2019-10-21 04:33:20,715 [omNode-2@group-523986131536-LeaderElection76] INFO  impl.RoleInfo (RoleInfo.java:updateAndGet(143)) - omNode-2: start FollowerState
2019-10-21 04:33:20,719 [Datanode State Machine Thread - 0] INFO  impl.RaftServerProxy (RaftServerProxy.java:lambda$start$3(299)) - c1c5930e-0d2a-49d3-b6ae-454eae9209c6: start RPC server
2019-10-21 04:33:20,720 [Datanode State Machine Thread - 0] INFO  server.GrpcService (GrpcService.java:startImpl(158)) - c1c5930e-0d2a-49d3-b6ae-454eae9209c6: GrpcService started, listening on 0.0.0.0/0.0.0.0:43716
2019-10-21 04:33:20,720 [Datanode State Machine Thread - 0] INFO  ratis.XceiverServerRatis (XceiverServerRatis.java:start(428)) - XceiverServerRatis c1c5930e-0d2a-49d3-b6ae-454eae9209c6 is started using port 43716
2019-10-21 04:33:20,721 [Datanode State Machine Thread - 0] INFO  server.XceiverServerGrpc (XceiverServerGrpc.java:start(149)) - XceiverServerGrpc c1c5930e-0d2a-49d3-b6ae-454eae9209c6 is started using port 40986
2019-10-21 04:33:21,019 [Thread-4254] INFO  ozone.MiniOzoneClusterImpl (MiniOzoneClusterImpl.java:lambda$waitForClusterToBeReady$0(147)) - Waiting for cluster to be ready. Got 0 of 1 DN Heartbeats.
2019-10-21 04:33:21,627 [omNode-1@group-523986131536-LeaderElection77] INFO  impl.LeaderElection (LeaderElection.java:logAndReturn(56)) - omNode-1@group-523986131536-LeaderElection77: Election TIMEOUT; received 1 response(s) [omNode-1<-omNode-2#0:FAIL-t6] and 0 exception(s); omNode-1@group-523986131536:t6, leader=null, voted=omNode-1, raftlog=omNode-1@group-523986131536-SegmentedRaftLog:OPENED:c-1,f-1,i0, conf=-1: [omNode-3:localhost:12260, omNode-1:localhost:12248, omNode-2:localhost:12254], old=null
2019-10-21 04:33:21,758 [Thread-4528] INFO  impl.FollowerState (FollowerState.java:run(108)) - omNode-2@group-523986131536-FollowerState: change to CANDIDATE, lastRpcTime:1043ms, electionTimeout:1043ms
2019-10-21 04:33:21,758 [Thread-4528] INFO  impl.RoleInfo (RoleInfo.java:shutdownFollowerState(121)) - omNode-2: shutdown FollowerState
2019-10-21 04:33:21,758 [Thread-4528] INFO  impl.RaftServerImpl (RaftServerImpl.java:setRole(170)) - omNode-2@group-523986131536: changes role from  FOLLOWER to CANDIDATE at term 6 for changeToCandidate
2019-10-21 04:33:21,758 [Thread-4528] INFO  impl.RoleInfo (RoleInfo.java:updateAndGet(143)) - omNode-2: start LeaderElection
2019-10-21 04:33:22,019 [Thread-4254] INFO  ozone.MiniOzoneClusterImpl (MiniOzoneClusterImpl.java:lambda$waitForClusterToBeReady$0(147)) - Waiting for cluster to be ready. Got 0 of 1 DN Heartbeats.
2019-10-21 04:33:22,023 [IPC Server handler 0 on 43803] INFO  net.NetworkTopology (NetworkTopologyImpl.java:add(111)) - Added a new node: /default-rack/c1c5930e-0d2a-49d3-b6ae-454eae9209c6
2019-10-21 04:33:22,024 [IPC Server handler 0 on 43803] INFO  node.SCMNodeManager (SCMNodeManager.java:register(268)) - Registered Data node : c1c5930e-0d2a-49d3-b6ae-454eae9209c6{ip: 192.168.157.255, host: pr-hdds-1569-252f9-3696506840, networkLocation: /default-rack, certSerialId: null}
2019-10-21 04:33:22,025 [EventQueue-NodeRegistrationContainerReportForDataNodeSafeModeRule] INFO  safemode.SCMSafeModeManager (DataNodeSafeModeRule.java:process(71)) - SCM in safe mode. 1 DataNodes registered, 1 required.
2019-10-21 04:33:22,026 [EventQueue-NodeRegistrationContainerReportForDataNodeSafeModeRule] INFO  safemode.SCMSafeModeManager (SCMSafeModeManager.java:validateSafeModeExitRules(177)) - ScmSafeModeManager, all rules are successfully validated
2019-10-21 04:33:22,026 [EventQueue-NodeRegistrationContainerReportForDataNodeSafeModeRule] INFO  safemode.SCMSafeModeManager (SCMSafeModeManager.java:exitSafeMode(193)) - SCM exiting safe mode.
2019-10-21 04:33:22,033 [grpc-default-executor-8] INFO  impl.RaftServerProxy (RaftServerProxy.java:addNew(89)) - c1c5930e-0d2a-49d3-b6ae-454eae9209c6: addNew group-DC40A9721792:[c1c5930e-0d2a-49d3-b6ae-454eae9209c6:192.168.157.255:43716] returns group-DC40A9721792:java.util.concurrent.CompletableFuture@146bdbc0[Not completed]
2019-10-21 04:33:22,034 [pool-925-thread-1] INFO  impl.RaftServerImpl (RaftServerImpl.java:<init>(95)) - c1c5930e-0d2a-49d3-b6ae-454eae9209c6: new RaftServerImpl for group-DC40A9721792:[c1c5930e-0d2a-49d3-b6ae-454eae9209c6:192.168.157.255:43716] with ContainerStateMachine:uninitialized
2019-10-21 04:33:22,034 [pool-925-thread-1] INFO  server.RaftServerConfigKeys (ConfUtils.java:logGet(43)) - raft.server.rpc.timeout.min = 5s (custom)
2019-10-21 04:33:22,034 [pool-925-thread-1] INFO  server.RaftServerConfigKeys (ConfUtils.java:logGet(43)) - raft.server.rpc.timeout.max = 5200ms (custom)
2019-10-21 04:33:22,034 [pool-925-thread-1] INFO  server.RaftServerConfigKeys (ConfUtils.java:logGet(43)) - raft.server.rpcslowness.timeout = 120s (custom)
2019-10-21 04:33:22,034 [pool-925-thread-1] INFO  server.RaftServerConfigKeys (ConfUtils.java:logGet(43)) - raft.server.sleep.deviation.threshold = 300 (default)
2019-10-21 04:33:22,034 [pool-925-thread-1] INFO  server.RaftServerConfigKeys (ConfUtils.java:logGet(43)) - raft.server.log.appender.install.snapshot.enabled = false (custom)
2019-10-21 04:33:22,034 [pool-925-thread-1] INFO  impl.RaftServerImpl (ServerState.java:<init>(103)) - c1c5930e-0d2a-49d3-b6ae-454eae9209c6@group-DC40A9721792: ConfigurationManager, init=-1: [c1c5930e-0d2a-49d3-b6ae-454eae9209c6:192.168.157.255:43716], old=null, confs=<EMPTY_MAP>
2019-10-21 04:33:22,034 [pool-925-thread-1] INFO  server.RaftServerConfigKeys (ConfUtils.java:logGet(43)) - raft.server.storage.dir = [/workdir/hadoop-ozone/integration-test/target/test-dir/MiniOzoneClusterImpl-d137178b-6ed7-4be6-b952-7bc2bf04e198/datanode-0/data/ratis] (custom)
2019-10-21 04:33:22,034 [pool-925-thread-1] INFO  server.RaftServerConfigKeys (ConfUtils.java:logGet(43)) - raft.server.log.corruption.policy = EXCEPTION (default)
2019-10-21 04:33:22,035 [pool-925-thread-1] INFO  storage.RaftStorageDirectory (RaftStorageDirectory.java:analyzeStorage(246)) - The storage directory /workdir/hadoop-ozone/integration-test/target/test-dir/MiniOzoneClusterImpl-d137178b-6ed7-4be6-b952-7bc2bf04e198/datanode-0/data/ratis/23880a24-d047-4dcd-af65-dc40a9721792 does not exist. Creating ...
2019-10-21 04:33:22,268 [Thread-4527] INFO  impl.FollowerState (FollowerState.java:run(108)) - omNode-3@group-523986131536-FollowerState: change to CANDIDATE, lastRpcTime:1555ms, electionTimeout:1023ms
2019-10-21 04:33:22,268 [Thread-4527] INFO  impl.RoleInfo (RoleInfo.java:shutdownFollowerState(121)) - omNode-3: shutdown FollowerState
2019-10-21 04:33:22,268 [Thread-4527] INFO  impl.RaftServerImpl (RaftServerImpl.java:setRole(170)) - omNode-3@group-523986131536: changes role from  FOLLOWER to CANDIDATE at term 6 for changeToCandidate
2019-10-21 04:33:22,268 [Thread-4527] INFO  impl.RoleInfo (RoleInfo.java:updateAndGet(143)) - omNode-3: start LeaderElection
2019-10-21 04:33:22,318 [pool-925-thread-1] INFO  storage.RaftStorageDirectory (RaftStorageDirectory.java:tryLock(328)) - Lock on /workdir/hadoop-ozone/integration-test/target/test-dir/MiniOzoneClusterImpl-d137178b-6ed7-4be6-b952-7bc2bf04e198/datanode-0/data/ratis/23880a24-d047-4dcd-af65-dc40a9721792/in_use.lock acquired by nodename 29612@pr-hdds-1569-252f9-3696506840
2019-10-21 04:33:22,366 [omNode-1@group-523986131536-LeaderElection77] INFO  impl.LeaderElection (LeaderElection.java:askForVotes(178)) - omNode-1@group-523986131536-LeaderElection77: begin an election at term 7 for -1: [omNode-3:localhost:12260, omNode-1:localhost:12248, omNode-2:localhost:12254], old=null
2019-10-21 04:33:22,366 [omNode-2@group-523986131536-LeaderElection78] INFO  impl.LeaderElection (LeaderElection.java:askForVotes(178)) - omNode-2@group-523986131536-LeaderElection78: begin an election at term 7 for -1: [omNode-3:localhost:12260, omNode-1:localhost:12248, omNode-2:localhost:12254], old=null
2019-10-21 04:33:22,434 [omNode-3@group-523986131536-LeaderElection79] INFO  impl.LeaderElection (LeaderElection.java:askForVotes(178)) - omNode-3@group-523986131536-LeaderElection79: begin an election at term 7 for -1: [omNode-3:localhost:12260, omNode-1:localhost:12248, omNode-2:localhost:12254], old=null
2019-10-21 04:33:22,435 [omNode-2@group-523986131536-LeaderElection78] INFO  impl.LeaderElection (LeaderElection.java:logAndReturn(56)) - omNode-2@group-523986131536-LeaderElection78: Election REJECTED; received 2 response(s) [omNode-2<-omNode-3#0:FAIL-t7, omNode-2<-omNode-1#0:FAIL-t7] and 0 exception(s); omNode-2@group-523986131536:t7, leader=null, voted=omNode-2, raftlog=omNode-2@group-523986131536-SegmentedRaftLog:OPENED:c-1,f-1,i0, conf=-1: [omNode-3:localhost:12260, omNode-1:localhost:12248, omNode-2:localhost:12254], old=null
2019-10-21 04:33:22,435 [omNode-1@group-523986131536-LeaderElection77] INFO  impl.LeaderElection (LeaderElection.java:logAndReturn(56)) - omNode-1@group-523986131536-LeaderElection77: Election REJECTED; received 2 response(s) [omNode-1<-omNode-3#0:FAIL-t7, omNode-1<-omNode-2#0:FAIL-t7] and 0 exception(s); omNode-1@group-523986131536:t7, leader=null, voted=omNode-1, raftlog=omNode-1@group-523986131536-SegmentedRaftLog:OPENED:c-1,f-1,i0, conf=-1: [omNode-3:localhost:12260, omNode-1:localhost:12248, omNode-2:localhost:12254], old=null
2019-10-21 04:33:22,435 [omNode-2@group-523986131536-LeaderElection78] INFO  impl.RaftServerImpl (RaftServerImpl.java:setRole(170)) - omNode-2@group-523986131536: changes role from CANDIDATE to FOLLOWER at term 7 for DISCOVERED_A_NEW_TERM
2019-10-21 04:33:22,435 [omNode-1@group-523986131536-LeaderElection77] INFO  impl.RaftServerImpl (RaftServerImpl.java:setRole(170)) - omNode-1@group-523986131536: changes role from CANDIDATE to FOLLOWER at term 7 for DISCOVERED_A_NEW_TERM
2019-10-21 04:33:22,438 [omNode-1@group-523986131536-LeaderElection77] INFO  impl.RoleInfo (RoleInfo.java:shutdownLeaderElection(134)) - omNode-1: shutdown LeaderElection
2019-10-21 04:33:22,437 [omNode-2@group-523986131536-LeaderElection78] INFO  impl.RoleInfo (RoleInfo.java:shutdownLeaderElection(134)) - omNode-2: shutdown LeaderElection
2019-10-21 04:33:22,438 [omNode-1@group-523986131536-LeaderElection77] INFO  impl.RoleInfo (RoleInfo.java:updateAndGet(143)) - omNode-1: start FollowerState
2019-10-21 04:33:22,438 [omNode-2@group-523986131536-LeaderElection78] INFO  impl.RoleInfo (RoleInfo.java:updateAndGet(143)) - omNode-2: start FollowerState
2019-10-21 04:33:22,440 [omNode-3@group-523986131536-LeaderElection79] INFO  impl.LeaderElection (LeaderElection.java:logAndReturn(56)) - omNode-3@group-523986131536-LeaderElection79: Election REJECTED; received 2 response(s) [omNode-3<-omNode-1#0:FAIL-t7, omNode-3<-omNode-2#0:FAIL-t7] and 0 exception(s); omNode-3@group-523986131536:t7, leader=null, voted=omNode-3, raftlog=omNode-3@group-523986131536-SegmentedRaftLog:OPENED:c-1,f-1,i0, conf=-1: [omNode-3:localhost:12260, omNode-1:localhost:12248, omNode-2:localhost:12254], old=null
2019-10-21 04:33:22,440 [omNode-3@group-523986131536-LeaderElection79] INFO  impl.RaftServerImpl (RaftServerImpl.java:setRole(170)) - omNode-3@group-523986131536: changes role from CANDIDATE to FOLLOWER at term 7 for DISCOVERED_A_NEW_TERM
2019-10-21 04:33:22,440 [omNode-3@group-523986131536-LeaderElection79] INFO  impl.RoleInfo (RoleInfo.java:shutdownLeaderElection(134)) - omNode-3: shutdown LeaderElection
2019-10-21 04:33:22,440 [omNode-3@group-523986131536-LeaderElection79] INFO  impl.RoleInfo (RoleInfo.java:updateAndGet(143)) - omNode-3: start FollowerState
2019-10-21 04:33:22,450 [pool-925-thread-1] INFO  storage.RaftStorage (RaftStorage.java:format(84)) - Storage directory /workdir/hadoop-ozone/integration-test/target/test-dir/MiniOzoneClusterImpl-d137178b-6ed7-4be6-b952-7bc2bf04e198/datanode-0/data/ratis/23880a24-d047-4dcd-af65-dc40a9721792 has been successfully formatted.
2019-10-21 04:33:22,452 [pool-925-thread-1] INFO  ratis.ContainerStateMachine (ContainerStateMachine.java:loadSnapshot(231)) - group-DC40A9721792: The snapshot info is null. Setting the last applied indexto:(t:0, i:~)
2019-10-21 04:33:22,452 [pool-925-thread-1] INFO  server.RaftServerConfigKeys (ConfUtils.java:logGet(43)) - raft.server.notification.no-leader.timeout = 120s (custom)
2019-10-21 04:33:22,452 [pool-925-thread-1] INFO  server.RaftServerConfigKeys (ConfUtils.java:logGet(43)) - raft.server.log.use.memory = false (default)
2019-10-21 04:33:22,452 [pool-925-thread-1] INFO  server.RaftServerConfigKeys (ConfUtils.java:logGet(43)) - raft.server.log.purge.gap = 1000000 (custom)
2019-10-21 04:33:22,453 [pool-925-thread-1] INFO  server.RaftServerConfigKeys (ConfUtils.java:logGet(43)) - raft.server.log.appender.buffer.byte-limit = 33554432 (custom)
2019-10-21 04:33:22,453 [pool-925-thread-1] INFO  server.RaftServerConfigKeys (ConfUtils.java:logGet(43)) - raft.server.log.segment.size.max = 1048576 (custom)
2019-10-21 04:33:22,454 [pool-925-thread-1] INFO  server.RaftServerConfigKeys (ConfUtils.java:logGet(43)) - raft.server.log.segment.cache.num.max = 2 (custom)
2019-10-21 04:33:22,454 [pool-925-thread-1] INFO  segmented.SegmentedRaftLogWorker (SegmentedRaftLogWorker.java:<init>(173)) - new c1c5930e-0d2a-49d3-b6ae-454eae9209c6@group-DC40A9721792-SegmentedRaftLogWorker for RaftStorage:Storage Directory /workdir/hadoop-ozone/integration-test/target/test-dir/MiniOzoneClusterImpl-d137178b-6ed7-4be6-b952-7bc2bf04e198/datanode-0/data/ratis/23880a24-d047-4dcd-af65-dc40a9721792
2019-10-21 04:33:22,454 [pool-925-thread-1] INFO  server.RaftServerConfigKeys (ConfUtils.java:logGet(43)) - raft.server.log.queue.byte-limit = 2147483647 (custom)
2019-10-21 04:33:22,454 [pool-925-thread-1] INFO  server.RaftServerConfigKeys (ConfUtils.java:logGet(43)) - raft.server.log.queue.element-limit = 1024 (custom)
2019-10-21 04:33:22,454 [pool-925-thread-1] INFO  server.RaftServerConfigKeys (ConfUtils.java:logGet(43)) - raft.server.log.segment.size.max = 1048576 (custom)
2019-10-21 04:33:22,454 [pool-925-thread-1] INFO  server.RaftServerConfigKeys (ConfUtils.java:logGet(43)) - raft.server.log.preallocated.size = 16384 (custom)
2019-10-21 04:33:22,454 [pool-925-thread-1] INFO  server.RaftServerConfigKeys (ConfUtils.java:logGet(43)) - raft.server.log.write.buffer.size = 33554432 (custom)
2019-10-21 04:33:22,455 [pool-925-thread-1] INFO  server.RaftServerConfigKeys (ConfUtils.java:logGet(43)) - raft.server.log.force.sync.num = 128 (default)
2019-10-21 04:33:22,455 [pool-925-thread-1] INFO  server.RaftServerConfigKeys (ConfUtils.java:logGet(43)) - raft.server.log.statemachine.data.sync = true (default)
2019-10-21 04:33:22,455 [pool-925-thread-1] INFO  server.RaftServerConfigKeys (ConfUtils.java:logGet(43)) - raft.server.log.statemachine.data.sync.timeout = 10s (default)
2019-10-21 04:33:22,455 [pool-925-thread-1] INFO  server.RaftServerConfigKeys (ConfUtils.java:logGet(43)) - raft.server.log.statemachine.data.sync.timeout.retry = -1 (default)
2019-10-21 04:33:22,455 [pool-925-thread-1] INFO  server.RaftServerConfigKeys (ConfUtils.java:logGet(43)) - raft.server.log.statemachine.data.caching.enabled = true (custom)
2019-10-21 04:33:22,455 [pool-925-thread-1] INFO  segmented.SegmentedRaftLogWorker (SegmentedRaftLogWorker.java:lambda$new$0(128)) - c1c5930e-0d2a-49d3-b6ae-454eae9209c6@group-DC40A9721792-SegmentedRaftLogWorker: flushIndex: setUnconditionally 0 -> -1
2019-10-21 04:33:22,455 [pool-925-thread-1] INFO  server.RaftServerConfigKeys (ConfUtils.java:logGet(43)) - raft.server.snapshot.auto.trigger.enabled = true (custom)
2019-10-21 04:33:22,456 [pool-925-thread-1] INFO  server.RaftServerConfigKeys (ConfUtils.java:logGet(43)) - raft.server.snapshot.auto.trigger.threshold = 10000 (custom)
2019-10-21 04:33:22,456 [pool-925-thread-1] INFO  server.RaftServerConfigKeys (ConfUtils.java:logGet(43)) - raft.server.snapshot.retention.file.num = 5 (custom)
2019-10-21 04:33:22,456 [pool-925-thread-1] INFO  server.RaftServerConfigKeys (ConfUtils.java:logGet(43)) - raft.server.retrycache.expirytime = 600000ms (custom)
2019-10-21 04:33:22,457 [pool-925-thread-1] INFO  impl.RaftServerImpl (RaftServerImpl.java:start(181)) - c1c5930e-0d2a-49d3-b6ae-454eae9209c6@group-DC40A9721792: start as a follower, conf=-1: [c1c5930e-0d2a-49d3-b6ae-454eae9209c6:192.168.157.255:43716], old=null
2019-10-21 04:33:22,457 [pool-925-thread-1] INFO  impl.RaftServerImpl (RaftServerImpl.java:setRole(170)) - c1c5930e-0d2a-49d3-b6ae-454eae9209c6@group-DC40A9721792: changes role from      null to FOLLOWER at term 0 for startAsFollower
2019-10-21 04:33:22,457 [pool-925-thread-1] INFO  impl.RoleInfo (RoleInfo.java:updateAndGet(143)) - c1c5930e-0d2a-49d3-b6ae-454eae9209c6: start FollowerState
2019-10-21 04:33:22,457 [pool-925-thread-1] INFO  util.JmxRegister (JmxRegister.java:tryRegister(44)) - Successfully registered JMX Bean with object name Ratis:service=RaftServer,group=group-DC40A9721792,id=c1c5930e-0d2a-49d3-b6ae-454eae9209c6
2019-10-21 04:33:22,462 [RatisPipelineUtilsThread] INFO  pipeline.PipelineStateManager (PipelineStateManager.java:addPipeline(56)) - Created pipeline Pipeline[ Id: 23880a24-d047-4dcd-af65-dc40a9721792, Nodes: c1c5930e-0d2a-49d3-b6ae-454eae9209c6{ip: 192.168.157.255, host: pr-hdds-1569-252f9-3696506840, networkLocation: /default-rack, certSerialId: null}, Type:RATIS, Factor:ONE, State:OPEN]
2019-10-21 04:33:22,462 [RatisPipelineUtilsThread] ERROR pipeline.SCMPipelineManager (SCMPipelineManager.java:createPipeline(205)) - Pipeline creation failed.
org.apache.hadoop.hdds.scm.exceptions.SCMException: Cannot create pipeline of factor 1 using 0 nodes. Used 1 nodes. Healthy nodes 1
	at org.apache.hadoop.hdds.scm.pipeline.RatisPipelineProvider.pickNodesNeverUsed(RatisPipelineProvider.java:120)
	at org.apache.hadoop.hdds.scm.pipeline.RatisPipelineProvider.create(RatisPipelineProvider.java:132)
	at org.apache.hadoop.hdds.scm.pipeline.PipelineFactory.create(PipelineFactory.java:58)
	at org.apache.hadoop.hdds.scm.pipeline.SCMPipelineManager.createPipeline(SCMPipelineManager.java:195)
	at org.apache.hadoop.hdds.scm.pipeline.BackgroundPipelineCreator.createPipelines(BackgroundPipelineCreator.java:100)
	at java.util.concurrent.Executors$RunnableAdapter.call(Executors.java:511)
	at java.util.concurrent.FutureTask.run(FutureTask.java:266)
	at java.util.concurrent.ScheduledThreadPoolExecutor$ScheduledFutureTask.access$201(ScheduledThreadPoolExecutor.java:180)
	at java.util.concurrent.ScheduledThreadPoolExecutor$ScheduledFutureTask.run(ScheduledThreadPoolExecutor.java:293)
	at java.util.concurrent.ThreadPoolExecutor.runWorker(ThreadPoolExecutor.java:1149)
	at java.util.concurrent.ThreadPoolExecutor$Worker.run(ThreadPoolExecutor.java:624)
	at java.lang.Thread.run(Thread.java:748)
2019-10-21 04:33:22,462 [RatisPipelineUtilsThread] ERROR pipeline.PipelinePlacementPolicy (PipelinePlacementPolicy.java:filterViableNodes(144)) - Not enough healthy nodes to allocate pipeline. 3  datanodes required. Found 1
2019-10-21 04:33:22,462 [RatisPipelineUtilsThread] ERROR pipeline.SCMPipelineManager (SCMPipelineManager.java:createPipeline(205)) - Pipeline creation failed.
org.apache.hadoop.hdds.scm.exceptions.SCMException: Not enough healthy nodes to allocate pipeline. 3  datanodes required. Found 1
	at org.apache.hadoop.hdds.scm.pipeline.PipelinePlacementPolicy.filterViableNodes(PipelinePlacementPolicy.java:145)
	at org.apache.hadoop.hdds.scm.pipeline.PipelinePlacementPolicy.chooseDatanodes(PipelinePlacementPolicy.java:186)
	at org.apache.hadoop.hdds.scm.pipeline.RatisPipelineProvider.create(RatisPipelineProvider.java:135)
	at org.apache.hadoop.hdds.scm.pipeline.PipelineFactory.create(PipelineFactory.java:58)
	at org.apache.hadoop.hdds.scm.pipeline.SCMPipelineManager.createPipeline(SCMPipelineManager.java:195)
	at org.apache.hadoop.hdds.scm.pipeline.BackgroundPipelineCreator.createPipelines(BackgroundPipelineCreator.java:100)
	at java.util.concurrent.Executors$RunnableAdapter.call(Executors.java:511)
	at java.util.concurrent.FutureTask.run(FutureTask.java:266)
	at java.util.concurrent.ScheduledThreadPoolExecutor$ScheduledFutureTask.access$201(ScheduledThreadPoolExecutor.java:180)
	at java.util.concurrent.ScheduledThreadPoolExecutor$ScheduledFutureTask.run(ScheduledThreadPoolExecutor.java:293)
	at java.util.concurrent.ThreadPoolExecutor.runWorker(ThreadPoolExecutor.java:1149)
	at java.util.concurrent.ThreadPoolExecutor$Worker.run(ThreadPoolExecutor.java:624)
	at java.lang.Thread.run(Thread.java:748)
2019-10-21 04:33:22,463 [RatisPipelineUtilsThread] ERROR pipeline.SCMPipelineManager (SCMPipelineManager.java:createPipeline(205)) - Pipeline creation failed.
org.apache.hadoop.hdds.scm.exceptions.SCMException: Cannot create pipeline of factor 1 using 0 nodes. Used 1 nodes. Healthy nodes 1
	at org.apache.hadoop.hdds.scm.pipeline.RatisPipelineProvider.pickNodesNeverUsed(RatisPipelineProvider.java:120)
	at org.apache.hadoop.hdds.scm.pipeline.RatisPipelineProvider.create(RatisPipelineProvider.java:132)
	at org.apache.hadoop.hdds.scm.pipeline.PipelineFactory.create(PipelineFactory.java:58)
	at org.apache.hadoop.hdds.scm.pipeline.SCMPipelineManager.createPipeline(SCMPipelineManager.java:195)
	at org.apache.hadoop.hdds.scm.pipeline.BackgroundPipelineCreator.createPipelines(BackgroundPipelineCreator.java:100)
	at org.apache.hadoop.hdds.scm.pipeline.BackgroundPipelineCreator.lambda$startFixedIntervalPipelineCreator$0(BackgroundPipelineCreator.java:70)
	at java.util.concurrent.Executors$RunnableAdapter.call(Executors.java:511)
	at java.util.concurrent.FutureTask.runAndReset(FutureTask.java:308)
	at java.util.concurrent.ScheduledThreadPoolExecutor$ScheduledFutureTask.access$301(ScheduledThreadPoolExecutor.java:180)
	at java.util.concurrent.ScheduledThreadPoolExecutor$ScheduledFutureTask.run(ScheduledThreadPoolExecutor.java:294)
	at java.util.concurrent.ThreadPoolExecutor.runWorker(ThreadPoolExecutor.java:1149)
	at java.util.concurrent.ThreadPoolExecutor$Worker.run(ThreadPoolExecutor.java:624)
	at java.lang.Thread.run(Thread.java:748)
2019-10-21 04:33:22,463 [RatisPipelineUtilsThread] ERROR pipeline.PipelinePlacementPolicy (PipelinePlacementPolicy.java:filterViableNodes(144)) - Not enough healthy nodes to allocate pipeline. 3  datanodes required. Found 1
2019-10-21 04:33:22,463 [RatisPipelineUtilsThread] ERROR pipeline.SCMPipelineManager (SCMPipelineManager.java:createPipeline(205)) - Pipeline creation failed.
org.apache.hadoop.hdds.scm.exceptions.SCMException: Not enough healthy nodes to allocate pipeline. 3  datanodes required. Found 1
	at org.apache.hadoop.hdds.scm.pipeline.PipelinePlacementPolicy.filterViableNodes(PipelinePlacementPolicy.java:145)
	at org.apache.hadoop.hdds.scm.pipeline.PipelinePlacementPolicy.chooseDatanodes(PipelinePlacementPolicy.java:186)
	at org.apache.hadoop.hdds.scm.pipeline.RatisPipelineProvider.create(RatisPipelineProvider.java:135)
	at org.apache.hadoop.hdds.scm.pipeline.PipelineFactory.create(PipelineFactory.java:58)
	at org.apache.hadoop.hdds.scm.pipeline.SCMPipelineManager.createPipeline(SCMPipelineManager.java:195)
	at org.apache.hadoop.hdds.scm.pipeline.BackgroundPipelineCreator.createPipelines(BackgroundPipelineCreator.java:100)
	at org.apache.hadoop.hdds.scm.pipeline.BackgroundPipelineCreator.lambda$startFixedIntervalPipelineCreator$0(BackgroundPipelineCreator.java:70)
	at java.util.concurrent.Executors$RunnableAdapter.call(Executors.java:511)
	at java.util.concurrent.FutureTask.runAndReset(FutureTask.java:308)
	at java.util.concurrent.ScheduledThreadPoolExecutor$ScheduledFutureTask.access$301(ScheduledThreadPoolExecutor.java:180)
	at java.util.concurrent.ScheduledThreadPoolExecutor$ScheduledFutureTask.run(ScheduledThreadPoolExecutor.java:294)
	at java.util.concurrent.ThreadPoolExecutor.runWorker(ThreadPoolExecutor.java:1149)
	at java.util.concurrent.ThreadPoolExecutor$Worker.run(ThreadPoolExecutor.java:624)
	at java.lang.Thread.run(Thread.java:748)
2019-10-21 04:33:23,019 [Thread-4254] INFO  ozone.MiniOzoneClusterImpl (MiniOzoneClusterImpl.java:lambda$waitForClusterToBeReady$0(147)) - Cluster is ready. Got 1 of 1 DN Heartbeats.
2019-10-21 04:33:23,026 [IPC Server handler 1 on 12244] INFO  ipc.Server (Server.java:logException(2726)) - IPC Server handler 1 on 12244, call Call#402 Retry#0 org.apache.hadoop.ozone.om.protocol.OzoneManagerProtocol.submitRequest from 127.0.0.1:36904
org.apache.hadoop.ozone.om.exceptions.NotLeaderException: OM omNode-1 is not the leader. Suggested leader is Optional.empty
	at org.apache.hadoop.ozone.protocolPB.OzoneManagerProtocolServerSideTranslatorPB.createNotLeaderException(OzoneManagerProtocolServerSideTranslatorPB.java:192)
	at org.apache.hadoop.ozone.protocolPB.OzoneManagerProtocolServerSideTranslatorPB.submitReadRequestToOM(OzoneManagerProtocolServerSideTranslatorPB.java:178)
	at org.apache.hadoop.ozone.protocolPB.OzoneManagerProtocolServerSideTranslatorPB.processRequest(OzoneManagerProtocolServerSideTranslatorPB.java:110)
	at org.apache.hadoop.hdds.server.OzoneProtocolMessageDispatcher.processRequest(OzoneProtocolMessageDispatcher.java:72)
	at org.apache.hadoop.ozone.protocolPB.OzoneManagerProtocolServerSideTranslatorPB.submitRequest(OzoneManagerProtocolServerSideTranslatorPB.java:100)
	at org.apache.hadoop.ozone.protocol.proto.OzoneManagerProtocolProtos$OzoneManagerService$2.callBlockingMethod(OzoneManagerProtocolProtos.java)
	at org.apache.hadoop.ipc.ProtobufRpcEngine$Server$ProtoBufRpcInvoker.call(ProtobufRpcEngine.java:524)
	at org.apache.hadoop.ipc.RPC$Server.call(RPC.java:1025)
	at org.apache.hadoop.ipc.Server$RpcCall.run(Server.java:876)
	at org.apache.hadoop.ipc.Server$RpcCall.run(Server.java:822)
	at java.security.AccessController.doPrivileged(Native Method)
	at javax.security.auth.Subject.doAs(Subject.java:422)
	at org.apache.hadoop.security.UserGroupInformation.doAs(UserGroupInformation.java:1730)
	at org.apache.hadoop.ipc.Server$Handler.run(Server.java:2682)
2019-10-21 04:33:23,039 [IPC Server handler 0 on 12250] INFO  ipc.Server (Server.java:logException(2726)) - IPC Server handler 0 on 12250, call Call#402 Retry#1 org.apache.hadoop.ozone.om.protocol.OzoneManagerProtocol.submitRequest from 127.0.0.1:53628
org.apache.hadoop.ozone.om.exceptions.NotLeaderException: OM omNode-2 is not the leader. Suggested leader is Optional.empty
	at org.apache.hadoop.ozone.protocolPB.OzoneManagerProtocolServerSideTranslatorPB.createNotLeaderException(OzoneManagerProtocolServerSideTranslatorPB.java:192)
	at org.apache.hadoop.ozone.protocolPB.OzoneManagerProtocolServerSideTranslatorPB.submitReadRequestToOM(OzoneManagerProtocolServerSideTranslatorPB.java:178)
	at org.apache.hadoop.ozone.protocolPB.OzoneManagerProtocolServerSideTranslatorPB.processRequest(OzoneManagerProtocolServerSideTranslatorPB.java:110)
	at org.apache.hadoop.hdds.server.OzoneProtocolMessageDispatcher.processRequest(OzoneProtocolMessageDispatcher.java:72)
	at org.apache.hadoop.ozone.protocolPB.OzoneManagerProtocolServerSideTranslatorPB.submitRequest(OzoneManagerProtocolServerSideTranslatorPB.java:100)
	at org.apache.hadoop.ozone.protocol.proto.OzoneManagerProtocolProtos$OzoneManagerService$2.callBlockingMethod(OzoneManagerProtocolProtos.java)
	at org.apache.hadoop.ipc.ProtobufRpcEngine$Server$ProtoBufRpcInvoker.call(ProtobufRpcEngine.java:524)
	at org.apache.hadoop.ipc.RPC$Server.call(RPC.java:1025)
	at org.apache.hadoop.ipc.Server$RpcCall.run(Server.java:876)
	at org.apache.hadoop.ipc.Server$RpcCall.run(Server.java:822)
	at java.security.AccessController.doPrivileged(Native Method)
	at javax.security.auth.Subject.doAs(Subject.java:422)
	at org.apache.hadoop.security.UserGroupInformation.doAs(UserGroupInformation.java:1730)
	at org.apache.hadoop.ipc.Server$Handler.run(Server.java:2682)
2019-10-21 04:33:23,041 [Thread-4254] INFO  retry.RetryInvocationHandler (RetryInvocationHandler.java:log(411)) - com.google.protobuf.ServiceException: org.apache.hadoop.ipc.RemoteException(org.apache.hadoop.ozone.om.exceptions.NotLeaderException): OM omNode-2 is not the leader. Suggested leader is Optional.empty
	at org.apache.hadoop.ozone.protocolPB.OzoneManagerProtocolServerSideTranslatorPB.createNotLeaderException(OzoneManagerProtocolServerSideTranslatorPB.java:192)
	at org.apache.hadoop.ozone.protocolPB.OzoneManagerProtocolServerSideTranslatorPB.submitReadRequestToOM(OzoneManagerProtocolServerSideTranslatorPB.java:178)
	at org.apache.hadoop.ozone.protocolPB.OzoneManagerProtocolServerSideTranslatorPB.processRequest(OzoneManagerProtocolServerSideTranslatorPB.java:110)
	at org.apache.hadoop.hdds.server.OzoneProtocolMessageDispatcher.processRequest(OzoneProtocolMessageDispatcher.java:72)
	at org.apache.hadoop.ozone.protocolPB.OzoneManagerProtocolServerSideTranslatorPB.submitRequest(OzoneManagerProtocolServerSideTranslatorPB.java:100)
	at org.apache.hadoop.ozone.protocol.proto.OzoneManagerProtocolProtos$OzoneManagerService$2.callBlockingMethod(OzoneManagerProtocolProtos.java)
	at org.apache.hadoop.ipc.ProtobufRpcEngine$Server$ProtoBufRpcInvoker.call(ProtobufRpcEngine.java:524)
	at org.apache.hadoop.ipc.RPC$Server.call(RPC.java:1025)
	at org.apache.hadoop.ipc.Server$RpcCall.run(Server.java:876)
	at org.apache.hadoop.ipc.Server$RpcCall.run(Server.java:822)
	at java.security.AccessController.doPrivileged(Native Method)
	at javax.security.auth.Subject.doAs(Subject.java:422)
	at org.apache.hadoop.security.UserGroupInformation.doAs(UserGroupInformation.java:1730)
	at org.apache.hadoop.ipc.Server$Handler.run(Server.java:2682)
, while invoking $Proxy37.submitRequest over nodeId=omNode-2,nodeAddress=127.0.0.1:12250 after 1 failover attempts. Trying to failover immediately.
2019-10-21 04:33:23,059 [IPC Server handler 0 on 12256] INFO  ipc.Server (Server.java:logException(2726)) - IPC Server handler 0 on 12256, call Call#402 Retry#2 org.apache.hadoop.ozone.om.protocol.OzoneManagerProtocol.submitRequest from 127.0.0.1:57730
org.apache.hadoop.ozone.om.exceptions.NotLeaderException: OM omNode-3 is not the leader. Suggested leader is Optional.empty
	at org.apache.hadoop.ozone.protocolPB.OzoneManagerProtocolServerSideTranslatorPB.createNotLeaderException(OzoneManagerProtocolServerSideTranslatorPB.java:192)
	at org.apache.hadoop.ozone.protocolPB.OzoneManagerProtocolServerSideTranslatorPB.submitReadRequestToOM(OzoneManagerProtocolServerSideTranslatorPB.java:178)
	at org.apache.hadoop.ozone.protocolPB.OzoneManagerProtocolServerSideTranslatorPB.processRequest(OzoneManagerProtocolServerSideTranslatorPB.java:110)
	at org.apache.hadoop.hdds.server.OzoneProtocolMessageDispatcher.processRequest(OzoneProtocolMessageDispatcher.java:72)
	at org.apache.hadoop.ozone.protocolPB.OzoneManagerProtocolServerSideTranslatorPB.submitRequest(OzoneManagerProtocolServerSideTranslatorPB.java:100)
	at org.apache.hadoop.ozone.protocol.proto.OzoneManagerProtocolProtos$OzoneManagerService$2.callBlockingMethod(OzoneManagerProtocolProtos.java)
	at org.apache.hadoop.ipc.ProtobufRpcEngine$Server$ProtoBufRpcInvoker.call(ProtobufRpcEngine.java:524)
	at org.apache.hadoop.ipc.RPC$Server.call(RPC.java:1025)
	at org.apache.hadoop.ipc.Server$RpcCall.run(Server.java:876)
	at org.apache.hadoop.ipc.Server$RpcCall.run(Server.java:822)
	at java.security.AccessController.doPrivileged(Native Method)
	at javax.security.auth.Subject.doAs(Subject.java:422)
	at org.apache.hadoop.security.UserGroupInformation.doAs(UserGroupInformation.java:1730)
	at org.apache.hadoop.ipc.Server$Handler.run(Server.java:2682)
2019-10-21 04:33:23,060 [Thread-4254] INFO  retry.RetryInvocationHandler (RetryInvocationHandler.java:log(411)) - com.google.protobuf.ServiceException: org.apache.hadoop.ipc.RemoteException(org.apache.hadoop.ozone.om.exceptions.NotLeaderException): OM omNode-3 is not the leader. Suggested leader is Optional.empty
	at org.apache.hadoop.ozone.protocolPB.OzoneManagerProtocolServerSideTranslatorPB.createNotLeaderException(OzoneManagerProtocolServerSideTranslatorPB.java:192)
	at org.apache.hadoop.ozone.protocolPB.OzoneManagerProtocolServerSideTranslatorPB.submitReadRequestToOM(OzoneManagerProtocolServerSideTranslatorPB.java:178)
	at org.apache.hadoop.ozone.protocolPB.OzoneManagerProtocolServerSideTranslatorPB.processRequest(OzoneManagerProtocolServerSideTranslatorPB.java:110)
	at org.apache.hadoop.hdds.server.OzoneProtocolMessageDispatcher.processRequest(OzoneProtocolMessageDispatcher.java:72)
	at org.apache.hadoop.ozone.protocolPB.OzoneManagerProtocolServerSideTranslatorPB.submitRequest(OzoneManagerProtocolServerSideTranslatorPB.java:100)
	at org.apache.hadoop.ozone.protocol.proto.OzoneManagerProtocolProtos$OzoneManagerService$2.callBlockingMethod(OzoneManagerProtocolProtos.java)
	at org.apache.hadoop.ipc.ProtobufRpcEngine$Server$ProtoBufRpcInvoker.call(ProtobufRpcEngine.java:524)
	at org.apache.hadoop.ipc.RPC$Server.call(RPC.java:1025)
	at org.apache.hadoop.ipc.Server$RpcCall.run(Server.java:876)
	at org.apache.hadoop.ipc.Server$RpcCall.run(Server.java:822)
	at java.security.AccessController.doPrivileged(Native Method)
	at javax.security.auth.Subject.doAs(Subject.java:422)
	at org.apache.hadoop.security.UserGroupInformation.doAs(UserGroupInformation.java:1730)
	at org.apache.hadoop.ipc.Server$Handler.run(Server.java:2682)
, while invoking $Proxy37.submitRequest over nodeId=omNode-3,nodeAddress=127.0.0.1:12256 after 2 failover attempts. Trying to failover immediately.
2019-10-21 04:33:23,063 [IPC Server handler 2 on 12244] INFO  ipc.Server (Server.java:logException(2726)) - IPC Server handler 2 on 12244, call Call#402 Retry#3 org.apache.hadoop.ozone.om.protocol.OzoneManagerProtocol.submitRequest from 127.0.0.1:36904
org.apache.hadoop.ozone.om.exceptions.NotLeaderException: OM omNode-1 is not the leader. Suggested leader is Optional.empty
	at org.apache.hadoop.ozone.protocolPB.OzoneManagerProtocolServerSideTranslatorPB.createNotLeaderException(OzoneManagerProtocolServerSideTranslatorPB.java:192)
	at org.apache.hadoop.ozone.protocolPB.OzoneManagerProtocolServerSideTranslatorPB.submitReadRequestToOM(OzoneManagerProtocolServerSideTranslatorPB.java:178)
	at org.apache.hadoop.ozone.protocolPB.OzoneManagerProtocolServerSideTranslatorPB.processRequest(OzoneManagerProtocolServerSideTranslatorPB.java:110)
	at org.apache.hadoop.hdds.server.OzoneProtocolMessageDispatcher.processRequest(OzoneProtocolMessageDispatcher.java:72)
	at org.apache.hadoop.ozone.protocolPB.OzoneManagerProtocolServerSideTranslatorPB.submitRequest(OzoneManagerProtocolServerSideTranslatorPB.java:100)
	at org.apache.hadoop.ozone.protocol.proto.OzoneManagerProtocolProtos$OzoneManagerService$2.callBlockingMethod(OzoneManagerProtocolProtos.java)
	at org.apache.hadoop.ipc.ProtobufRpcEngine$Server$ProtoBufRpcInvoker.call(ProtobufRpcEngine.java:524)
	at org.apache.hadoop.ipc.RPC$Server.call(RPC.java:1025)
	at org.apache.hadoop.ipc.Server$RpcCall.run(Server.java:876)
	at org.apache.hadoop.ipc.Server$RpcCall.run(Server.java:822)
	at java.security.AccessController.doPrivileged(Native Method)
	at javax.security.auth.Subject.doAs(Subject.java:422)
	at org.apache.hadoop.security.UserGroupInformation.doAs(UserGroupInformation.java:1730)
	at org.apache.hadoop.ipc.Server$Handler.run(Server.java:2682)
2019-10-21 04:33:23,066 [Thread-4254] INFO  retry.RetryInvocationHandler (RetryInvocationHandler.java:log(411)) - com.google.protobuf.ServiceException: org.apache.hadoop.ipc.RemoteException(org.apache.hadoop.ozone.om.exceptions.NotLeaderException): OM omNode-1 is not the leader. Suggested leader is Optional.empty
	at org.apache.hadoop.ozone.protocolPB.OzoneManagerProtocolServerSideTranslatorPB.createNotLeaderException(OzoneManagerProtocolServerSideTranslatorPB.java:192)
	at org.apache.hadoop.ozone.protocolPB.OzoneManagerProtocolServerSideTranslatorPB.submitReadRequestToOM(OzoneManagerProtocolServerSideTranslatorPB.java:178)
	at org.apache.hadoop.ozone.protocolPB.OzoneManagerProtocolServerSideTranslatorPB.processRequest(OzoneManagerProtocolServerSideTranslatorPB.java:110)
	at org.apache.hadoop.hdds.server.OzoneProtocolMessageDispatcher.processRequest(OzoneProtocolMessageDispatcher.java:72)
	at org.apache.hadoop.ozone.protocolPB.OzoneManagerProtocolServerSideTranslatorPB.submitRequest(OzoneManagerProtocolServerSideTranslatorPB.java:100)
	at org.apache.hadoop.ozone.protocol.proto.OzoneManagerProtocolProtos$OzoneManagerService$2.callBlockingMethod(OzoneManagerProtocolProtos.java)
	at org.apache.hadoop.ipc.ProtobufRpcEngine$Server$ProtoBufRpcInvoker.call(ProtobufRpcEngine.java:524)
	at org.apache.hadoop.ipc.RPC$Server.call(RPC.java:1025)
	at org.apache.hadoop.ipc.Server$RpcCall.run(Server.java:876)
	at org.apache.hadoop.ipc.Server$RpcCall.run(Server.java:822)
	at java.security.AccessController.doPrivileged(Native Method)
	at javax.security.auth.Subject.doAs(Subject.java:422)
	at org.apache.hadoop.security.UserGroupInformation.doAs(UserGroupInformation.java:1730)
	at org.apache.hadoop.ipc.Server$Handler.run(Server.java:2682)
, while invoking $Proxy37.submitRequest over nodeId=omNode-1,nodeAddress=127.0.0.1:12244 after 3 failover attempts. Trying to failover immediately.
2019-10-21 04:33:23,068 [IPC Server handler 1 on 12250] INFO  ipc.Server (Server.java:logException(2726)) - IPC Server handler 1 on 12250, call Call#402 Retry#4 org.apache.hadoop.ozone.om.protocol.OzoneManagerProtocol.submitRequest from 127.0.0.1:53628
org.apache.hadoop.ozone.om.exceptions.NotLeaderException: OM omNode-2 is not the leader. Suggested leader is Optional.empty
	at org.apache.hadoop.ozone.protocolPB.OzoneManagerProtocolServerSideTranslatorPB.createNotLeaderException(OzoneManagerProtocolServerSideTranslatorPB.java:192)
	at org.apache.hadoop.ozone.protocolPB.OzoneManagerProtocolServerSideTranslatorPB.submitReadRequestToOM(OzoneManagerProtocolServerSideTranslatorPB.java:178)
	at org.apache.hadoop.ozone.protocolPB.OzoneManagerProtocolServerSideTranslatorPB.processRequest(OzoneManagerProtocolServerSideTranslatorPB.java:110)
	at org.apache.hadoop.hdds.server.OzoneProtocolMessageDispatcher.processRequest(OzoneProtocolMessageDispatcher.java:72)
	at org.apache.hadoop.ozone.protocolPB.OzoneManagerProtocolServerSideTranslatorPB.submitRequest(OzoneManagerProtocolServerSideTranslatorPB.java:100)
	at org.apache.hadoop.ozone.protocol.proto.OzoneManagerProtocolProtos$OzoneManagerService$2.callBlockingMethod(OzoneManagerProtocolProtos.java)
	at org.apache.hadoop.ipc.ProtobufRpcEngine$Server$ProtoBufRpcInvoker.call(ProtobufRpcEngine.java:524)
	at org.apache.hadoop.ipc.RPC$Server.call(RPC.java:1025)
	at org.apache.hadoop.ipc.Server$RpcCall.run(Server.java:876)
	at org.apache.hadoop.ipc.Server$RpcCall.run(Server.java:822)
	at java.security.AccessController.doPrivileged(Native Method)
	at javax.security.auth.Subject.doAs(Subject.java:422)
	at org.apache.hadoop.security.UserGroupInformation.doAs(UserGroupInformation.java:1730)
	at org.apache.hadoop.ipc.Server$Handler.run(Server.java:2682)
2019-10-21 04:33:23,085 [Thread-4254] INFO  retry.RetryInvocationHandler (RetryInvocationHandler.java:log(411)) - com.google.protobuf.ServiceException: org.apache.hadoop.ipc.RemoteException(org.apache.hadoop.ozone.om.exceptions.NotLeaderException): OM omNode-2 is not the leader. Suggested leader is Optional.empty
	at org.apache.hadoop.ozone.protocolPB.OzoneManagerProtocolServerSideTranslatorPB.createNotLeaderException(OzoneManagerProtocolServerSideTranslatorPB.java:192)
	at org.apache.hadoop.ozone.protocolPB.OzoneManagerProtocolServerSideTranslatorPB.submitReadRequestToOM(OzoneManagerProtocolServerSideTranslatorPB.java:178)
	at org.apache.hadoop.ozone.protocolPB.OzoneManagerProtocolServerSideTranslatorPB.processRequest(OzoneManagerProtocolServerSideTranslatorPB.java:110)
	at org.apache.hadoop.hdds.server.OzoneProtocolMessageDispatcher.processRequest(OzoneProtocolMessageDispatcher.java:72)
	at org.apache.hadoop.ozone.protocolPB.OzoneManagerProtocolServerSideTranslatorPB.submitRequest(OzoneManagerProtocolServerSideTranslatorPB.java:100)
	at org.apache.hadoop.ozone.protocol.proto.OzoneManagerProtocolProtos$OzoneManagerService$2.callBlockingMethod(OzoneManagerProtocolProtos.java)
	at org.apache.hadoop.ipc.ProtobufRpcEngine$Server$ProtoBufRpcInvoker.call(ProtobufRpcEngine.java:524)
	at org.apache.hadoop.ipc.RPC$Server.call(RPC.java:1025)
	at org.apache.hadoop.ipc.Server$RpcCall.run(Server.java:876)
	at org.apache.hadoop.ipc.Server$RpcCall.run(Server.java:822)
	at java.security.AccessController.doPrivileged(Native Method)
	at javax.security.auth.Subject.doAs(Subject.java:422)
	at org.apache.hadoop.security.UserGroupInformation.doAs(UserGroupInformation.java:1730)
	at org.apache.hadoop.ipc.Server$Handler.run(Server.java:2682)
, while invoking $Proxy37.submitRequest over nodeId=omNode-2,nodeAddress=127.0.0.1:12250 after 4 failover attempts. Trying to failover immediately.
2019-10-21 04:33:23,089 [IPC Server handler 1 on 12256] INFO  ipc.Server (Server.java:logException(2726)) - IPC Server handler 1 on 12256, call Call#402 Retry#5 org.apache.hadoop.ozone.om.protocol.OzoneManagerProtocol.submitRequest from 127.0.0.1:57730
org.apache.hadoop.ozone.om.exceptions.NotLeaderException: OM omNode-3 is not the leader. Suggested leader is Optional.empty
	at org.apache.hadoop.ozone.protocolPB.OzoneManagerProtocolServerSideTranslatorPB.createNotLeaderException(OzoneManagerProtocolServerSideTranslatorPB.java:192)
	at org.apache.hadoop.ozone.protocolPB.OzoneManagerProtocolServerSideTranslatorPB.submitReadRequestToOM(OzoneManagerProtocolServerSideTranslatorPB.java:178)
	at org.apache.hadoop.ozone.protocolPB.OzoneManagerProtocolServerSideTranslatorPB.processRequest(OzoneManagerProtocolServerSideTranslatorPB.java:110)
	at org.apache.hadoop.hdds.server.OzoneProtocolMessageDispatcher.processRequest(OzoneProtocolMessageDispatcher.java:72)
	at org.apache.hadoop.ozone.protocolPB.OzoneManagerProtocolServerSideTranslatorPB.submitRequest(OzoneManagerProtocolServerSideTranslatorPB.java:100)
	at org.apache.hadoop.ozone.protocol.proto.OzoneManagerProtocolProtos$OzoneManagerService$2.callBlockingMethod(OzoneManagerProtocolProtos.java)
	at org.apache.hadoop.ipc.ProtobufRpcEngine$Server$ProtoBufRpcInvoker.call(ProtobufRpcEngine.java:524)
	at org.apache.hadoop.ipc.RPC$Server.call(RPC.java:1025)
	at org.apache.hadoop.ipc.Server$RpcCall.run(Server.java:876)
	at org.apache.hadoop.ipc.Server$RpcCall.run(Server.java:822)
	at java.security.AccessController.doPrivileged(Native Method)
	at javax.security.auth.Subject.doAs(Subject.java:422)
	at org.apache.hadoop.security.UserGroupInformation.doAs(UserGroupInformation.java:1730)
	at org.apache.hadoop.ipc.Server$Handler.run(Server.java:2682)
2019-10-21 04:33:23,091 [Thread-4254] INFO  retry.RetryInvocationHandler (RetryInvocationHandler.java:log(411)) - com.google.protobuf.ServiceException: org.apache.hadoop.ipc.RemoteException(org.apache.hadoop.ozone.om.exceptions.NotLeaderException): OM omNode-3 is not the leader. Suggested leader is Optional.empty
	at org.apache.hadoop.ozone.protocolPB.OzoneManagerProtocolServerSideTranslatorPB.createNotLeaderException(OzoneManagerProtocolServerSideTranslatorPB.java:192)
	at org.apache.hadoop.ozone.protocolPB.OzoneManagerProtocolServerSideTranslatorPB.submitReadRequestToOM(OzoneManagerProtocolServerSideTranslatorPB.java:178)
	at org.apache.hadoop.ozone.protocolPB.OzoneManagerProtocolServerSideTranslatorPB.processRequest(OzoneManagerProtocolServerSideTranslatorPB.java:110)
	at org.apache.hadoop.hdds.server.OzoneProtocolMessageDispatcher.processRequest(OzoneProtocolMessageDispatcher.java:72)
	at org.apache.hadoop.ozone.protocolPB.OzoneManagerProtocolServerSideTranslatorPB.submitRequest(OzoneManagerProtocolServerSideTranslatorPB.java:100)
	at org.apache.hadoop.ozone.protocol.proto.OzoneManagerProtocolProtos$OzoneManagerService$2.callBlockingMethod(OzoneManagerProtocolProtos.java)
	at org.apache.hadoop.ipc.ProtobufRpcEngine$Server$ProtoBufRpcInvoker.call(ProtobufRpcEngine.java:524)
	at org.apache.hadoop.ipc.RPC$Server.call(RPC.java:1025)
	at org.apache.hadoop.ipc.Server$RpcCall.run(Server.java:876)
	at org.apache.hadoop.ipc.Server$RpcCall.run(Server.java:822)
	at java.security.AccessController.doPrivileged(Native Method)
	at javax.security.auth.Subject.doAs(Subject.java:422)
	at org.apache.hadoop.security.UserGroupInformation.doAs(UserGroupInformation.java:1730)
	at org.apache.hadoop.ipc.Server$Handler.run(Server.java:2682)
, while invoking $Proxy37.submitRequest over nodeId=omNode-3,nodeAddress=127.0.0.1:12256 after 5 failover attempts. Trying to failover immediately.
2019-10-21 04:33:23,093 [IPC Server handler 3 on 12244] INFO  ipc.Server (Server.java:logException(2726)) - IPC Server handler 3 on 12244, call Call#402 Retry#6 org.apache.hadoop.ozone.om.protocol.OzoneManagerProtocol.submitRequest from 127.0.0.1:36904
org.apache.hadoop.ozone.om.exceptions.NotLeaderException: OM omNode-1 is not the leader. Suggested leader is Optional.empty
	at org.apache.hadoop.ozone.protocolPB.OzoneManagerProtocolServerSideTranslatorPB.createNotLeaderException(OzoneManagerProtocolServerSideTranslatorPB.java:192)
	at org.apache.hadoop.ozone.protocolPB.OzoneManagerProtocolServerSideTranslatorPB.submitReadRequestToOM(OzoneManagerProtocolServerSideTranslatorPB.java:178)
	at org.apache.hadoop.ozone.protocolPB.OzoneManagerProtocolServerSideTranslatorPB.processRequest(OzoneManagerProtocolServerSideTranslatorPB.java:110)
	at org.apache.hadoop.hdds.server.OzoneProtocolMessageDispatcher.processRequest(OzoneProtocolMessageDispatcher.java:72)
	at org.apache.hadoop.ozone.protocolPB.OzoneManagerProtocolServerSideTranslatorPB.submitRequest(OzoneManagerProtocolServerSideTranslatorPB.java:100)
	at org.apache.hadoop.ozone.protocol.proto.OzoneManagerProtocolProtos$OzoneManagerService$2.callBlockingMethod(OzoneManagerProtocolProtos.java)
	at org.apache.hadoop.ipc.ProtobufRpcEngine$Server$ProtoBufRpcInvoker.call(ProtobufRpcEngine.java:524)
	at org.apache.hadoop.ipc.RPC$Server.call(RPC.java:1025)
	at org.apache.hadoop.ipc.Server$RpcCall.run(Server.java:876)
	at org.apache.hadoop.ipc.Server$RpcCall.run(Server.java:822)
	at java.security.AccessController.doPrivileged(Native Method)
	at javax.security.auth.Subject.doAs(Subject.java:422)
	at org.apache.hadoop.security.UserGroupInformation.doAs(UserGroupInformation.java:1730)
	at org.apache.hadoop.ipc.Server$Handler.run(Server.java:2682)
2019-10-21 04:33:23,094 [Thread-4254] INFO  retry.RetryInvocationHandler (RetryInvocationHandler.java:log(411)) - com.google.protobuf.ServiceException: org.apache.hadoop.ipc.RemoteException(org.apache.hadoop.ozone.om.exceptions.NotLeaderException): OM omNode-1 is not the leader. Suggested leader is Optional.empty
	at org.apache.hadoop.ozone.protocolPB.OzoneManagerProtocolServerSideTranslatorPB.createNotLeaderException(OzoneManagerProtocolServerSideTranslatorPB.java:192)
	at org.apache.hadoop.ozone.protocolPB.OzoneManagerProtocolServerSideTranslatorPB.submitReadRequestToOM(OzoneManagerProtocolServerSideTranslatorPB.java:178)
	at org.apache.hadoop.ozone.protocolPB.OzoneManagerProtocolServerSideTranslatorPB.processRequest(OzoneManagerProtocolServerSideTranslatorPB.java:110)
	at org.apache.hadoop.hdds.server.OzoneProtocolMessageDispatcher.processRequest(OzoneProtocolMessageDispatcher.java:72)
	at org.apache.hadoop.ozone.protocolPB.OzoneManagerProtocolServerSideTranslatorPB.submitRequest(OzoneManagerProtocolServerSideTranslatorPB.java:100)
	at org.apache.hadoop.ozone.protocol.proto.OzoneManagerProtocolProtos$OzoneManagerService$2.callBlockingMethod(OzoneManagerProtocolProtos.java)
	at org.apache.hadoop.ipc.ProtobufRpcEngine$Server$ProtoBufRpcInvoker.call(ProtobufRpcEngine.java:524)
	at org.apache.hadoop.ipc.RPC$Server.call(RPC.java:1025)
	at org.apache.hadoop.ipc.Server$RpcCall.run(Server.java:876)
	at org.apache.hadoop.ipc.Server$RpcCall.run(Server.java:822)
	at java.security.AccessController.doPrivileged(Native Method)
	at javax.security.auth.Subject.doAs(Subject.java:422)
	at org.apache.hadoop.security.UserGroupInformation.doAs(UserGroupInformation.java:1730)
	at org.apache.hadoop.ipc.Server$Handler.run(Server.java:2682)
, while invoking $Proxy37.submitRequest over nodeId=omNode-1,nodeAddress=127.0.0.1:12244 after 6 failover attempts. Trying to failover immediately.
2019-10-21 04:33:23,095 [IPC Server handler 2 on 12250] INFO  ipc.Server (Server.java:logException(2726)) - IPC Server handler 2 on 12250, call Call#402 Retry#7 org.apache.hadoop.ozone.om.protocol.OzoneManagerProtocol.submitRequest from 127.0.0.1:53628
org.apache.hadoop.ozone.om.exceptions.NotLeaderException: OM omNode-2 is not the leader. Suggested leader is Optional.empty
	at org.apache.hadoop.ozone.protocolPB.OzoneManagerProtocolServerSideTranslatorPB.createNotLeaderException(OzoneManagerProtocolServerSideTranslatorPB.java:192)
	at org.apache.hadoop.ozone.protocolPB.OzoneManagerProtocolServerSideTranslatorPB.submitReadRequestToOM(OzoneManagerProtocolServerSideTranslatorPB.java:178)
	at org.apache.hadoop.ozone.protocolPB.OzoneManagerProtocolServerSideTranslatorPB.processRequest(OzoneManagerProtocolServerSideTranslatorPB.java:110)
	at org.apache.hadoop.hdds.server.OzoneProtocolMessageDispatcher.processRequest(OzoneProtocolMessageDispatcher.java:72)
	at org.apache.hadoop.ozone.protocolPB.OzoneManagerProtocolServerSideTranslatorPB.submitRequest(OzoneManagerProtocolServerSideTranslatorPB.java:100)
	at org.apache.hadoop.ozone.protocol.proto.OzoneManagerProtocolProtos$OzoneManagerService$2.callBlockingMethod(OzoneManagerProtocolProtos.java)
	at org.apache.hadoop.ipc.ProtobufRpcEngine$Server$ProtoBufRpcInvoker.call(ProtobufRpcEngine.java:524)
	at org.apache.hadoop.ipc.RPC$Server.call(RPC.java:1025)
	at org.apache.hadoop.ipc.Server$RpcCall.run(Server.java:876)
	at org.apache.hadoop.ipc.Server$RpcCall.run(Server.java:822)
	at java.security.AccessController.doPrivileged(Native Method)
	at javax.security.auth.Subject.doAs(Subject.java:422)
	at org.apache.hadoop.security.UserGroupInformation.doAs(UserGroupInformation.java:1730)
	at org.apache.hadoop.ipc.Server$Handler.run(Server.java:2682)
2019-10-21 04:33:23,096 [Thread-4254] INFO  retry.RetryInvocationHandler (RetryInvocationHandler.java:log(411)) - com.google.protobuf.ServiceException: org.apache.hadoop.ipc.RemoteException(org.apache.hadoop.ozone.om.exceptions.NotLeaderException): OM omNode-2 is not the leader. Suggested leader is Optional.empty
	at org.apache.hadoop.ozone.protocolPB.OzoneManagerProtocolServerSideTranslatorPB.createNotLeaderException(OzoneManagerProtocolServerSideTranslatorPB.java:192)
	at org.apache.hadoop.ozone.protocolPB.OzoneManagerProtocolServerSideTranslatorPB.submitReadRequestToOM(OzoneManagerProtocolServerSideTranslatorPB.java:178)
	at org.apache.hadoop.ozone.protocolPB.OzoneManagerProtocolServerSideTranslatorPB.processRequest(OzoneManagerProtocolServerSideTranslatorPB.java:110)
	at org.apache.hadoop.hdds.server.OzoneProtocolMessageDispatcher.processRequest(OzoneProtocolMessageDispatcher.java:72)
	at org.apache.hadoop.ozone.protocolPB.OzoneManagerProtocolServerSideTranslatorPB.submitRequest(OzoneManagerProtocolServerSideTranslatorPB.java:100)
	at org.apache.hadoop.ozone.protocol.proto.OzoneManagerProtocolProtos$OzoneManagerService$2.callBlockingMethod(OzoneManagerProtocolProtos.java)
	at org.apache.hadoop.ipc.ProtobufRpcEngine$Server$ProtoBufRpcInvoker.call(ProtobufRpcEngine.java:524)
	at org.apache.hadoop.ipc.RPC$Server.call(RPC.java:1025)
	at org.apache.hadoop.ipc.Server$RpcCall.run(Server.java:876)
	at org.apache.hadoop.ipc.Server$RpcCall.run(Server.java:822)
	at java.security.AccessController.doPrivileged(Native Method)
	at javax.security.auth.Subject.doAs(Subject.java:422)
	at org.apache.hadoop.security.UserGroupInformation.doAs(UserGroupInformation.java:1730)
	at org.apache.hadoop.ipc.Server$Handler.run(Server.java:2682)
, while invoking $Proxy37.submitRequest over nodeId=omNode-2,nodeAddress=127.0.0.1:12250 after 7 failover attempts. Trying to failover immediately.
2019-10-21 04:33:23,098 [IPC Server handler 2 on 12256] INFO  ipc.Server (Server.java:logException(2726)) - IPC Server handler 2 on 12256, call Call#402 Retry#8 org.apache.hadoop.ozone.om.protocol.OzoneManagerProtocol.submitRequest from 127.0.0.1:57730
org.apache.hadoop.ozone.om.exceptions.NotLeaderException: OM omNode-3 is not the leader. Suggested leader is Optional.empty
	at org.apache.hadoop.ozone.protocolPB.OzoneManagerProtocolServerSideTranslatorPB.createNotLeaderException(OzoneManagerProtocolServerSideTranslatorPB.java:192)
	at org.apache.hadoop.ozone.protocolPB.OzoneManagerProtocolServerSideTranslatorPB.submitReadRequestToOM(OzoneManagerProtocolServerSideTranslatorPB.java:178)
	at org.apache.hadoop.ozone.protocolPB.OzoneManagerProtocolServerSideTranslatorPB.processRequest(OzoneManagerProtocolServerSideTranslatorPB.java:110)
	at org.apache.hadoop.hdds.server.OzoneProtocolMessageDispatcher.processRequest(OzoneProtocolMessageDispatcher.java:72)
	at org.apache.hadoop.ozone.protocolPB.OzoneManagerProtocolServerSideTranslatorPB.submitRequest(OzoneManagerProtocolServerSideTranslatorPB.java:100)
	at org.apache.hadoop.ozone.protocol.proto.OzoneManagerProtocolProtos$OzoneManagerService$2.callBlockingMethod(OzoneManagerProtocolProtos.java)
	at org.apache.hadoop.ipc.ProtobufRpcEngine$Server$ProtoBufRpcInvoker.call(ProtobufRpcEngine.java:524)
	at org.apache.hadoop.ipc.RPC$Server.call(RPC.java:1025)
	at org.apache.hadoop.ipc.Server$RpcCall.run(Server.java:876)
	at org.apache.hadoop.ipc.Server$RpcCall.run(Server.java:822)
	at java.security.AccessController.doPrivileged(Native Method)
	at javax.security.auth.Subject.doAs(Subject.java:422)
	at org.apache.hadoop.security.UserGroupInformation.doAs(UserGroupInformation.java:1730)
	at org.apache.hadoop.ipc.Server$Handler.run(Server.java:2682)
2019-10-21 04:33:23,099 [Thread-4254] INFO  retry.RetryInvocationHandler (RetryInvocationHandler.java:log(411)) - com.google.protobuf.ServiceException: org.apache.hadoop.ipc.RemoteException(org.apache.hadoop.ozone.om.exceptions.NotLeaderException): OM omNode-3 is not the leader. Suggested leader is Optional.empty
	at org.apache.hadoop.ozone.protocolPB.OzoneManagerProtocolServerSideTranslatorPB.createNotLeaderException(OzoneManagerProtocolServerSideTranslatorPB.java:192)
	at org.apache.hadoop.ozone.protocolPB.OzoneManagerProtocolServerSideTranslatorPB.submitReadRequestToOM(OzoneManagerProtocolServerSideTranslatorPB.java:178)
	at org.apache.hadoop.ozone.protocolPB.OzoneManagerProtocolServerSideTranslatorPB.processRequest(OzoneManagerProtocolServerSideTranslatorPB.java:110)
	at org.apache.hadoop.hdds.server.OzoneProtocolMessageDispatcher.processRequest(OzoneProtocolMessageDispatcher.java:72)
	at org.apache.hadoop.ozone.protocolPB.OzoneManagerProtocolServerSideTranslatorPB.submitRequest(OzoneManagerProtocolServerSideTranslatorPB.java:100)
	at org.apache.hadoop.ozone.protocol.proto.OzoneManagerProtocolProtos$OzoneManagerService$2.callBlockingMethod(OzoneManagerProtocolProtos.java)
	at org.apache.hadoop.ipc.ProtobufRpcEngine$Server$ProtoBufRpcInvoker.call(ProtobufRpcEngine.java:524)
	at org.apache.hadoop.ipc.RPC$Server.call(RPC.java:1025)
	at org.apache.hadoop.ipc.Server$RpcCall.run(Server.java:876)
	at org.apache.hadoop.ipc.Server$RpcCall.run(Server.java:822)
	at java.security.AccessController.doPrivileged(Native Method)
	at javax.security.auth.Subject.doAs(Subject.java:422)
	at org.apache.hadoop.security.UserGroupInformation.doAs(UserGroupInformation.java:1730)
	at org.apache.hadoop.ipc.Server$Handler.run(Server.java:2682)
, while invoking $Proxy37.submitRequest over nodeId=omNode-3,nodeAddress=127.0.0.1:12256 after 8 failover attempts. Trying to failover immediately.
2019-10-21 04:33:23,101 [IPC Server handler 0 on 12244] INFO  ipc.Server (Server.java:logException(2726)) - IPC Server handler 0 on 12244, call Call#402 Retry#9 org.apache.hadoop.ozone.om.protocol.OzoneManagerProtocol.submitRequest from 127.0.0.1:36904
org.apache.hadoop.ozone.om.exceptions.NotLeaderException: OM omNode-1 is not the leader. Suggested leader is Optional.empty
	at org.apache.hadoop.ozone.protocolPB.OzoneManagerProtocolServerSideTranslatorPB.createNotLeaderException(OzoneManagerProtocolServerSideTranslatorPB.java:192)
	at org.apache.hadoop.ozone.protocolPB.OzoneManagerProtocolServerSideTranslatorPB.submitReadRequestToOM(OzoneManagerProtocolServerSideTranslatorPB.java:178)
	at org.apache.hadoop.ozone.protocolPB.OzoneManagerProtocolServerSideTranslatorPB.processRequest(OzoneManagerProtocolServerSideTranslatorPB.java:110)
	at org.apache.hadoop.hdds.server.OzoneProtocolMessageDispatcher.processRequest(OzoneProtocolMessageDispatcher.java:72)
	at org.apache.hadoop.ozone.protocolPB.OzoneManagerProtocolServerSideTranslatorPB.submitRequest(OzoneManagerProtocolServerSideTranslatorPB.java:100)
	at org.apache.hadoop.ozone.protocol.proto.OzoneManagerProtocolProtos$OzoneManagerService$2.callBlockingMethod(OzoneManagerProtocolProtos.java)
	at org.apache.hadoop.ipc.ProtobufRpcEngine$Server$ProtoBufRpcInvoker.call(ProtobufRpcEngine.java:524)
	at org.apache.hadoop.ipc.RPC$Server.call(RPC.java:1025)
	at org.apache.hadoop.ipc.Server$RpcCall.run(Server.java:876)
	at org.apache.hadoop.ipc.Server$RpcCall.run(Server.java:822)
	at java.security.AccessController.doPrivileged(Native Method)
	at javax.security.auth.Subject.doAs(Subject.java:422)
	at org.apache.hadoop.security.UserGroupInformation.doAs(UserGroupInformation.java:1730)
	at org.apache.hadoop.ipc.Server$Handler.run(Server.java:2682)
2019-10-21 04:33:23,102 [Thread-4254] INFO  retry.RetryInvocationHandler (RetryInvocationHandler.java:log(411)) - com.google.protobuf.ServiceException: org.apache.hadoop.ipc.RemoteException(org.apache.hadoop.ozone.om.exceptions.NotLeaderException): OM omNode-1 is not the leader. Suggested leader is Optional.empty
	at org.apache.hadoop.ozone.protocolPB.OzoneManagerProtocolServerSideTranslatorPB.createNotLeaderException(OzoneManagerProtocolServerSideTranslatorPB.java:192)
	at org.apache.hadoop.ozone.protocolPB.OzoneManagerProtocolServerSideTranslatorPB.submitReadRequestToOM(OzoneManagerProtocolServerSideTranslatorPB.java:178)
	at org.apache.hadoop.ozone.protocolPB.OzoneManagerProtocolServerSideTranslatorPB.processRequest(OzoneManagerProtocolServerSideTranslatorPB.java:110)
	at org.apache.hadoop.hdds.server.OzoneProtocolMessageDispatcher.processRequest(OzoneProtocolMessageDispatcher.java:72)
	at org.apache.hadoop.ozone.protocolPB.OzoneManagerProtocolServerSideTranslatorPB.submitRequest(OzoneManagerProtocolServerSideTranslatorPB.java:100)
	at org.apache.hadoop.ozone.protocol.proto.OzoneManagerProtocolProtos$OzoneManagerService$2.callBlockingMethod(OzoneManagerProtocolProtos.java)
	at org.apache.hadoop.ipc.ProtobufRpcEngine$Server$ProtoBufRpcInvoker.call(ProtobufRpcEngine.java:524)
	at org.apache.hadoop.ipc.RPC$Server.call(RPC.java:1025)
	at org.apache.hadoop.ipc.Server$RpcCall.run(Server.java:876)
	at org.apache.hadoop.ipc.Server$RpcCall.run(Server.java:822)
	at java.security.AccessController.doPrivileged(Native Method)
	at javax.security.auth.Subject.doAs(Subject.java:422)
	at org.apache.hadoop.security.UserGroupInformation.doAs(UserGroupInformation.java:1730)
	at org.apache.hadoop.ipc.Server$Handler.run(Server.java:2682)
, while invoking $Proxy37.submitRequest over nodeId=omNode-1,nodeAddress=127.0.0.1:12244 after 9 failover attempts. Trying to failover immediately.
2019-10-21 04:33:23,103 [IPC Server handler 4 on 12250] INFO  ipc.Server (Server.java:logException(2726)) - IPC Server handler 4 on 12250, call Call#402 Retry#10 org.apache.hadoop.ozone.om.protocol.OzoneManagerProtocol.submitRequest from 127.0.0.1:53628
org.apache.hadoop.ozone.om.exceptions.NotLeaderException: OM omNode-2 is not the leader. Suggested leader is Optional.empty
	at org.apache.hadoop.ozone.protocolPB.OzoneManagerProtocolServerSideTranslatorPB.createNotLeaderException(OzoneManagerProtocolServerSideTranslatorPB.java:192)
	at org.apache.hadoop.ozone.protocolPB.OzoneManagerProtocolServerSideTranslatorPB.submitReadRequestToOM(OzoneManagerProtocolServerSideTranslatorPB.java:178)
	at org.apache.hadoop.ozone.protocolPB.OzoneManagerProtocolServerSideTranslatorPB.processRequest(OzoneManagerProtocolServerSideTranslatorPB.java:110)
	at org.apache.hadoop.hdds.server.OzoneProtocolMessageDispatcher.processRequest(OzoneProtocolMessageDispatcher.java:72)
	at org.apache.hadoop.ozone.protocolPB.OzoneManagerProtocolServerSideTranslatorPB.submitRequest(OzoneManagerProtocolServerSideTranslatorPB.java:100)
	at org.apache.hadoop.ozone.protocol.proto.OzoneManagerProtocolProtos$OzoneManagerService$2.callBlockingMethod(OzoneManagerProtocolProtos.java)
	at org.apache.hadoop.ipc.ProtobufRpcEngine$Server$ProtoBufRpcInvoker.call(ProtobufRpcEngine.java:524)
	at org.apache.hadoop.ipc.RPC$Server.call(RPC.java:1025)
	at org.apache.hadoop.ipc.Server$RpcCall.run(Server.java:876)
	at org.apache.hadoop.ipc.Server$RpcCall.run(Server.java:822)
	at java.security.AccessController.doPrivileged(Native Method)
	at javax.security.auth.Subject.doAs(Subject.java:422)
	at org.apache.hadoop.security.UserGroupInformation.doAs(UserGroupInformation.java:1730)
	at org.apache.hadoop.ipc.Server$Handler.run(Server.java:2682)
2019-10-21 04:33:23,104 [Thread-4254] ERROR ha.OMFailoverProxyProvider (OzoneManagerProtocolClientSideTranslatorPB.java:getRetryAction(268)) - Failed to connect to OM. Attempted 10 retries and 10 failovers
2019-10-21 04:33:23,105 [Thread-4254] ERROR client.OzoneClientFactory (OzoneClientFactory.java:getClientProtocol(259)) - Couldn't create RpcClient protocol exception: 
org.apache.hadoop.ipc.RemoteException(org.apache.hadoop.ozone.om.exceptions.NotLeaderException): OM omNode-2 is not the leader. Suggested leader is Optional.empty
	at org.apache.hadoop.ozone.protocolPB.OzoneManagerProtocolServerSideTranslatorPB.createNotLeaderException(OzoneManagerProtocolServerSideTranslatorPB.java:192)
	at org.apache.hadoop.ozone.protocolPB.OzoneManagerProtocolServerSideTranslatorPB.submitReadRequestToOM(OzoneManagerProtocolServerSideTranslatorPB.java:178)
	at org.apache.hadoop.ozone.protocolPB.OzoneManagerProtocolServerSideTranslatorPB.processRequest(OzoneManagerProtocolServerSideTranslatorPB.java:110)
	at org.apache.hadoop.hdds.server.OzoneProtocolMessageDispatcher.processRequest(OzoneProtocolMessageDispatcher.java:72)
	at org.apache.hadoop.ozone.protocolPB.OzoneManagerProtocolServerSideTranslatorPB.submitRequest(OzoneManagerProtocolServerSideTranslatorPB.java:100)
	at org.apache.hadoop.ozone.protocol.proto.OzoneManagerProtocolProtos$OzoneManagerService$2.callBlockingMethod(OzoneManagerProtocolProtos.java)
	at org.apache.hadoop.ipc.ProtobufRpcEngine$Server$ProtoBufRpcInvoker.call(ProtobufRpcEngine.java:524)
	at org.apache.hadoop.ipc.RPC$Server.call(RPC.java:1025)
	at org.apache.hadoop.ipc.Server$RpcCall.run(Server.java:876)
	at org.apache.hadoop.ipc.Server$RpcCall.run(Server.java:822)
	at java.security.AccessController.doPrivileged(Native Method)
	at javax.security.auth.Subject.doAs(Subject.java:422)
	at org.apache.hadoop.security.UserGroupInformation.doAs(UserGroupInformation.java:1730)
	at org.apache.hadoop.ipc.Server$Handler.run(Server.java:2682)

	at org.apache.hadoop.ipc.Client.getRpcResponse(Client.java:1511)
	at org.apache.hadoop.ipc.Client.call(Client.java:1457)
	at org.apache.hadoop.ipc.Client.call(Client.java:1367)
	at org.apache.hadoop.ipc.ProtobufRpcEngine$Invoker.invoke(ProtobufRpcEngine.java:228)
	at org.apache.hadoop.ipc.ProtobufRpcEngine$Invoker.invoke(ProtobufRpcEngine.java:116)
	at com.sun.proxy.$Proxy37.submitRequest(Unknown Source)
	at sun.reflect.GeneratedMethodAccessor20.invoke(Unknown Source)
	at sun.reflect.DelegatingMethodAccessorImpl.invoke(DelegatingMethodAccessorImpl.java:43)
	at java.lang.reflect.Method.invoke(Method.java:498)
	at org.apache.hadoop.io.retry.RetryInvocationHandler.invokeMethod(RetryInvocationHandler.java:422)
	at org.apache.hadoop.io.retry.RetryInvocationHandler$Call.invokeMethod(RetryInvocationHandler.java:165)
	at org.apache.hadoop.io.retry.RetryInvocationHandler$Call.invoke(RetryInvocationHandler.java:157)
	at org.apache.hadoop.io.retry.RetryInvocationHandler$Call.invokeOnce(RetryInvocationHandler.java:95)
	at org.apache.hadoop.io.retry.RetryInvocationHandler.invoke(RetryInvocationHandler.java:359)
	at com.sun.proxy.$Proxy37.submitRequest(Unknown Source)
	at org.apache.hadoop.ozone.om.protocolPB.OzoneManagerProtocolClientSideTranslatorPB.submitRequest(OzoneManagerProtocolClientSideTranslatorPB.java:338)
	at org.apache.hadoop.ozone.om.protocolPB.OzoneManagerProtocolClientSideTranslatorPB.getServiceInfo(OzoneManagerProtocolClientSideTranslatorPB.java:1223)
	at sun.reflect.GeneratedMethodAccessor192.invoke(Unknown Source)
	at sun.reflect.DelegatingMethodAccessorImpl.invoke(DelegatingMethodAccessorImpl.java:43)
	at java.lang.reflect.Method.invoke(Method.java:498)
	at org.apache.hadoop.hdds.tracing.TraceAllMethod.invoke(TraceAllMethod.java:66)
	at com.sun.proxy.$Proxy38.getServiceInfo(Unknown Source)
	at org.apache.hadoop.ozone.client.rpc.RpcClient.<init>(RpcClient.java:154)
	at org.apache.hadoop.ozone.client.OzoneClientFactory.getClientProtocol(OzoneClientFactory.java:256)
	at org.apache.hadoop.ozone.client.OzoneClientFactory.getRpcClient(OzoneClientFactory.java:187)
	at org.apache.hadoop.ozone.om.TestOzoneManagerHA.init(TestOzoneManagerHA.java:145)
	at sun.reflect.NativeMethodAccessorImpl.invoke0(Native Method)
	at sun.reflect.NativeMethodAccessorImpl.invoke(NativeMethodAccessorImpl.java:62)
	at sun.reflect.DelegatingMethodAccessorImpl.invoke(DelegatingMethodAccessorImpl.java:43)
	at java.lang.reflect.Method.invoke(Method.java:498)
	at org.junit.runners.model.FrameworkMethod$1.runReflectiveCall(FrameworkMethod.java:47)
	at org.junit.internal.runners.model.ReflectiveCallable.run(ReflectiveCallable.java:12)
	at org.junit.runners.model.FrameworkMethod.invokeExplosively(FrameworkMethod.java:44)
	at org.junit.internal.runners.statements.RunBefores.evaluate(RunBefores.java:24)
	at org.junit.internal.runners.statements.RunAfters.evaluate(RunAfters.java:27)
	at org.junit.rules.ExpectedException$ExpectedExceptionStatement.evaluate(ExpectedException.java:168)
	at org.junit.internal.runners.statements.FailOnTimeout$StatementThread.run(FailOnTimeout.java:74)
2019-10-21 04:33:23,105 [Thread-4254] INFO  ozone.MiniOzoneClusterImpl (MiniOzoneClusterImpl.java:shutdown(314)) - Shutting down the Mini Ozone Cluster
2019-10-21 04:33:23,105 [Thread-4254] INFO  ozone.MiniOzoneHAClusterImpl (MiniOzoneHAClusterImpl.java:stop(147)) - Stopping the OzoneManager omNode-3
2019-10-21 04:33:23,105 [Thread-4254] INFO  ipc.Server (Server.java:stop(3082)) - Stopping server on 12256
2019-10-21 04:33:23,107 [IPC Server listener on 12256] INFO  ipc.Server (Server.java:run(1185)) - Stopping IPC Server listener on 12256
2019-10-21 04:33:23,107 [IPC Server Responder] INFO  ipc.Server (Server.java:run(1319)) - Stopping IPC Server Responder
2019-10-21 04:33:23,107 [Thread-4254] INFO  impl.RaftServerProxy (RaftServerProxy.java:lambda$close$4(314)) - omNode-3: close
2019-10-21 04:33:23,108 [Thread-4254] INFO  impl.RaftServerImpl (RaftServerImpl.java:lambda$shutdown$3(247)) - omNode-3@group-523986131536: shutdown
2019-10-21 04:33:23,109 [Thread-4254] INFO  util.JmxRegister (JmxRegister.java:unregister(73)) - Successfully un-registered JMX Bean with object name Ratis:service=RaftServer,group=group-523986131536,id=omNode-3
2019-10-21 04:33:23,109 [Thread-4254] INFO  impl.RoleInfo (RoleInfo.java:shutdownFollowerState(121)) - omNode-3: shutdown FollowerState
2019-10-21 04:33:23,109 [Thread-4254] INFO  impl.StateMachineUpdater (StateMachineUpdater.java:stopAndJoin(136)) - omNode-3@group-523986131536-StateMachineUpdater: set stopIndex = -1
2019-10-21 04:33:23,109 [Thread-4550] INFO  impl.FollowerState (FollowerState.java:run(117)) - omNode-3@group-523986131536-FollowerState was interrupted: java.lang.InterruptedException: sleep interrupted
2019-10-21 04:33:23,109 [Thread-4254] INFO  impl.RaftServerImpl (ServerState.java:close(387)) - omNode-3@group-523986131536: closes. applyIndex: -1
2019-10-21 04:33:23,110 [omNode-3@group-523986131536-SegmentedRaftLogWorker] INFO  segmented.SegmentedRaftLogWorker (SegmentedRaftLogWorker.java:run(316)) - omNode-3@group-523986131536-SegmentedRaftLogWorker was interrupted, exiting. There are 0 tasks remaining in the queue.
2019-10-21 04:33:23,110 [Thread-4254] INFO  segmented.SegmentedRaftLogWorker (SegmentedRaftLogWorker.java:close(224)) - omNode-3@group-523986131536-SegmentedRaftLogWorker close()
2019-10-21 04:33:23,111 [Thread-4254] INFO  server.GrpcService (GrpcService.java:closeImpl(164)) - omNode-3: shutdown server with port 12260 now
2019-10-21 04:33:23,114 [Thread-4254] INFO  server.GrpcService (GrpcService.java:closeImpl(172)) - omNode-3: shutdown server with port 12260 successfully
2019-10-21 04:33:23,114 [Thread-4254] INFO  ratis.OzoneManagerDoubleBuffer (OzoneManagerDoubleBuffer.java:stop(250)) - Stopping OMDoubleBuffer flush thread
2019-10-21 04:33:23,114 [OMDoubleBufferFlushThread] INFO  ratis.OzoneManagerDoubleBuffer (OzoneManagerDoubleBuffer.java:flushTransactions(193)) - OMDoubleBuffer flush thread OMDoubleBufferFlushThread is interrupted and will exit. OMDoubleBufferFlushThread
2019-10-21 04:33:23,114 [Thread-4254] INFO  utils.BackgroundService (BackgroundService.java:shutdown(151)) - Shutting down service KeyDeletingService
2019-10-21 04:33:23,562 [Thread-4549] INFO  impl.FollowerState (FollowerState.java:run(108)) - omNode-2@group-523986131536-FollowerState: change to CANDIDATE, lastRpcTime:1123ms, electionTimeout:1122ms
2019-10-21 04:33:23,562 [Thread-4549] INFO  impl.RoleInfo (RoleInfo.java:shutdownFollowerState(121)) - omNode-2: shutdown FollowerState
2019-10-21 04:33:23,562 [Thread-4549] INFO  impl.RaftServerImpl (RaftServerImpl.java:setRole(170)) - omNode-2@group-523986131536: changes role from  FOLLOWER to CANDIDATE at term 7 for changeToCandidate
2019-10-21 04:33:23,562 [Thread-4549] INFO  impl.RoleInfo (RoleInfo.java:updateAndGet(143)) - omNode-2: start LeaderElection
2019-10-21 04:33:23,607 [Thread-4548] INFO  impl.FollowerState (FollowerState.java:run(108)) - omNode-1@group-523986131536-FollowerState: change to CANDIDATE, lastRpcTime:1168ms, electionTimeout:1167ms
2019-10-21 04:33:23,607 [Thread-4548] INFO  impl.RoleInfo (RoleInfo.java:shutdownFollowerState(121)) - omNode-1: shutdown FollowerState
2019-10-21 04:33:23,607 [Thread-4548] INFO  impl.RaftServerImpl (RaftServerImpl.java:setRole(170)) - omNode-1@group-523986131536: changes role from  FOLLOWER to CANDIDATE at term 7 for changeToCandidate
2019-10-21 04:33:23,607 [Thread-4548] INFO  impl.RoleInfo (RoleInfo.java:updateAndGet(143)) - omNode-1: start LeaderElection
2019-10-21 04:33:23,757 [omNode-2@group-523986131536-LeaderElection80] INFO  impl.LeaderElection (LeaderElection.java:askForVotes(178)) - omNode-2@group-523986131536-LeaderElection80: begin an election at term 8 for -1: [omNode-3:localhost:12260, omNode-1:localhost:12248, omNode-2:localhost:12254], old=null
2019-10-21 04:33:23,761 [omNode-2@group-523986131536-LeaderElection80] INFO  impl.LeaderElection (LogUtils.java:infoOrTrace(149)) - omNode-2@group-523986131536-LeaderElection80 got exception when requesting votes: {}
java.util.concurrent.ExecutionException: org.apache.ratis.thirdparty.io.grpc.StatusRuntimeException: UNAVAILABLE: io exception
	at java.util.concurrent.FutureTask.report(FutureTask.java:122)
	at java.util.concurrent.FutureTask.get(FutureTask.java:192)
	at org.apache.ratis.server.impl.LeaderElection.waitForResults(LeaderElection.java:259)
	at org.apache.ratis.server.impl.LeaderElection.askForVotes(LeaderElection.java:197)
	at org.apache.ratis.server.impl.LeaderElection.run(LeaderElection.java:133)
	at java.lang.Thread.run(Thread.java:748)
Caused by: org.apache.ratis.thirdparty.io.grpc.StatusRuntimeException: UNAVAILABLE: io exception
	at org.apache.ratis.thirdparty.io.grpc.stub.ClientCalls.toStatusRuntimeException(ClientCalls.java:233)
	at org.apache.ratis.thirdparty.io.grpc.stub.ClientCalls.getUnchecked(ClientCalls.java:214)
	at org.apache.ratis.thirdparty.io.grpc.stub.ClientCalls.blockingUnaryCall(ClientCalls.java:139)
	at org.apache.ratis.proto.grpc.RaftServerProtocolServiceGrpc$RaftServerProtocolServiceBlockingStub.requestVote(RaftServerProtocolServiceGrpc.java:265)
	at org.apache.ratis.grpc.server.GrpcServerProtocolClient.requestVote(GrpcServerProtocolClient.java:99)
	at org.apache.ratis.grpc.server.GrpcService.requestVote(GrpcService.java:204)
	at org.apache.ratis.server.impl.LeaderElection.lambda$submitRequests$1(LeaderElection.java:234)
	at java.util.concurrent.FutureTask.run(FutureTask.java:266)
	at java.util.concurrent.Executors$RunnableAdapter.call(Executors.java:511)
	at java.util.concurrent.FutureTask.run(FutureTask.java:266)
	at java.util.concurrent.ThreadPoolExecutor.runWorker(ThreadPoolExecutor.java:1149)
	at java.util.concurrent.ThreadPoolExecutor$Worker.run(ThreadPoolExecutor.java:624)
	... 1 more
Caused by: org.apache.ratis.thirdparty.io.netty.channel.AbstractChannel$AnnotatedConnectException: Connection refused: localhost/127.0.0.1:12260
	at sun.nio.ch.SocketChannelImpl.checkConnect(Native Method)
	at sun.nio.ch.SocketChannelImpl.finishConnect(SocketChannelImpl.java:717)
	at org.apache.ratis.thirdparty.io.netty.channel.socket.nio.NioSocketChannel.doFinishConnect(NioSocketChannel.java:327)
	at org.apache.ratis.thirdparty.io.netty.channel.nio.AbstractNioChannel$AbstractNioUnsafe.finishConnect(AbstractNioChannel.java:340)
	at org.apache.ratis.thirdparty.io.netty.channel.nio.NioEventLoop.processSelectedKey(NioEventLoop.java:632)
	at org.apache.ratis.thirdparty.io.netty.channel.nio.NioEventLoop.processSelectedKeysOptimized(NioEventLoop.java:579)
	at org.apache.ratis.thirdparty.io.netty.channel.nio.NioEventLoop.processSelectedKeys(NioEventLoop.java:496)
	at org.apache.ratis.thirdparty.io.netty.channel.nio.NioEventLoop.run(NioEventLoop.java:458)
	at org.apache.ratis.thirdparty.io.netty.util.concurrent.SingleThreadEventExecutor$5.run(SingleThreadEventExecutor.java:897)
	at org.apache.ratis.thirdparty.io.netty.util.concurrent.FastThreadLocalRunnable.run(FastThreadLocalRunnable.java:30)
	... 1 more
Caused by: java.net.ConnectException: Connection refused
	... 11 more
2019-10-21 04:33:23,788 [omNode-1@group-523986131536-LeaderElection81] INFO  impl.LeaderElection (LeaderElection.java:askForVotes(178)) - omNode-1@group-523986131536-LeaderElection81: begin an election at term 8 for -1: [omNode-3:localhost:12260, omNode-1:localhost:12248, omNode-2:localhost:12254], old=null
2019-10-21 04:33:23,789 [omNode-2@group-523986131536-LeaderElection80] INFO  impl.LeaderElection (LeaderElection.java:logAndReturn(56)) - omNode-2@group-523986131536-LeaderElection80: Election REJECTED; received 1 response(s) [omNode-2<-omNode-1#0:FAIL-t8] and 1 exception(s); omNode-2@group-523986131536:t8, leader=null, voted=omNode-2, raftlog=omNode-2@group-523986131536-SegmentedRaftLog:OPENED:c-1,f-1,i0, conf=-1: [omNode-3:localhost:12260, omNode-1:localhost:12248, omNode-2:localhost:12254], old=null
2019-10-21 04:33:23,789 [omNode-2@group-523986131536-LeaderElection80] INFO  impl.LeaderElection (LogUtils.java:infoOrTrace(149)) -   Exception 0: {}
java.util.concurrent.ExecutionException: org.apache.ratis.thirdparty.io.grpc.StatusRuntimeException: UNAVAILABLE: io exception
	at java.util.concurrent.FutureTask.report(FutureTask.java:122)
	at java.util.concurrent.FutureTask.get(FutureTask.java:192)
	at org.apache.ratis.server.impl.LeaderElection.waitForResults(LeaderElection.java:259)
	at org.apache.ratis.server.impl.LeaderElection.askForVotes(LeaderElection.java:197)
	at org.apache.ratis.server.impl.LeaderElection.run(LeaderElection.java:133)
	at java.lang.Thread.run(Thread.java:748)
Caused by: org.apache.ratis.thirdparty.io.grpc.StatusRuntimeException: UNAVAILABLE: io exception
	at org.apache.ratis.thirdparty.io.grpc.stub.ClientCalls.toStatusRuntimeException(ClientCalls.java:233)
	at org.apache.ratis.thirdparty.io.grpc.stub.ClientCalls.getUnchecked(ClientCalls.java:214)
	at org.apache.ratis.thirdparty.io.grpc.stub.ClientCalls.blockingUnaryCall(ClientCalls.java:139)
	at org.apache.ratis.proto.grpc.RaftServerProtocolServiceGrpc$RaftServerProtocolServiceBlockingStub.requestVote(RaftServerProtocolServiceGrpc.java:265)
	at org.apache.ratis.grpc.server.GrpcServerProtocolClient.requestVote(GrpcServerProtocolClient.java:99)
	at org.apache.ratis.grpc.server.GrpcService.requestVote(GrpcService.java:204)
	at org.apache.ratis.server.impl.LeaderElection.lambda$submitRequests$1(LeaderElection.java:234)
	at java.util.concurrent.FutureTask.run(FutureTask.java:266)
	at java.util.concurrent.Executors$RunnableAdapter.call(Executors.java:511)
	at java.util.concurrent.FutureTask.run(FutureTask.java:266)
	at java.util.concurrent.ThreadPoolExecutor.runWorker(ThreadPoolExecutor.java:1149)
	at java.util.concurrent.ThreadPoolExecutor$Worker.run(ThreadPoolExecutor.java:624)
	... 1 more
Caused by: org.apache.ratis.thirdparty.io.netty.channel.AbstractChannel$AnnotatedConnectException: Connection refused: localhost/127.0.0.1:12260
	at sun.nio.ch.SocketChannelImpl.checkConnect(Native Method)
	at sun.nio.ch.SocketChannelImpl.finishConnect(SocketChannelImpl.java:717)
	at org.apache.ratis.thirdparty.io.netty.channel.socket.nio.NioSocketChannel.doFinishConnect(NioSocketChannel.java:327)
	at org.apache.ratis.thirdparty.io.netty.channel.nio.AbstractNioChannel$AbstractNioUnsafe.finishConnect(AbstractNioChannel.java:340)
	at org.apache.ratis.thirdparty.io.netty.channel.nio.NioEventLoop.processSelectedKey(NioEventLoop.java:632)
	at org.apache.ratis.thirdparty.io.netty.channel.nio.NioEventLoop.processSelectedKeysOptimized(NioEventLoop.java:579)
	at org.apache.ratis.thirdparty.io.netty.channel.nio.NioEventLoop.processSelectedKeys(NioEventLoop.java:496)
	at org.apache.ratis.thirdparty.io.netty.channel.nio.NioEventLoop.run(NioEventLoop.java:458)
	at org.apache.ratis.thirdparty.io.netty.util.concurrent.SingleThreadEventExecutor$5.run(SingleThreadEventExecutor.java:897)
	at org.apache.ratis.thirdparty.io.netty.util.concurrent.FastThreadLocalRunnable.run(FastThreadLocalRunnable.java:30)
	... 1 more
Caused by: java.net.ConnectException: Connection refused
	... 11 more
2019-10-21 04:33:23,790 [omNode-2@group-523986131536-LeaderElection80] INFO  impl.RaftServerImpl (RaftServerImpl.java:setRole(170)) - omNode-2@group-523986131536: changes role from CANDIDATE to FOLLOWER at term 8 for DISCOVERED_A_NEW_TERM
2019-10-21 04:33:23,790 [omNode-2@group-523986131536-LeaderElection80] INFO  impl.RoleInfo (RoleInfo.java:shutdownLeaderElection(134)) - omNode-2: shutdown LeaderElection
2019-10-21 04:33:23,794 [omNode-2@group-523986131536-LeaderElection80] INFO  impl.RoleInfo (RoleInfo.java:updateAndGet(143)) - omNode-2: start FollowerState
2019-10-21 04:33:23,795 [omNode-1@group-523986131536-LeaderElection81] INFO  impl.LeaderElection (LogUtils.java:infoOrTrace(149)) - omNode-1@group-523986131536-LeaderElection81 got exception when requesting votes: {}
java.util.concurrent.ExecutionException: org.apache.ratis.thirdparty.io.grpc.StatusRuntimeException: UNAVAILABLE: io exception
	at java.util.concurrent.FutureTask.report(FutureTask.java:122)
	at java.util.concurrent.FutureTask.get(FutureTask.java:192)
	at org.apache.ratis.server.impl.LeaderElection.waitForResults(LeaderElection.java:259)
	at org.apache.ratis.server.impl.LeaderElection.askForVotes(LeaderElection.java:197)
	at org.apache.ratis.server.impl.LeaderElection.run(LeaderElection.java:133)
	at java.lang.Thread.run(Thread.java:748)
Caused by: org.apache.ratis.thirdparty.io.grpc.StatusRuntimeException: UNAVAILABLE: io exception
	at org.apache.ratis.thirdparty.io.grpc.stub.ClientCalls.toStatusRuntimeException(ClientCalls.java:233)
	at org.apache.ratis.thirdparty.io.grpc.stub.ClientCalls.getUnchecked(ClientCalls.java:214)
	at org.apache.ratis.thirdparty.io.grpc.stub.ClientCalls.blockingUnaryCall(ClientCalls.java:139)
	at org.apache.ratis.proto.grpc.RaftServerProtocolServiceGrpc$RaftServerProtocolServiceBlockingStub.requestVote(RaftServerProtocolServiceGrpc.java:265)
	at org.apache.ratis.grpc.server.GrpcServerProtocolClient.requestVote(GrpcServerProtocolClient.java:99)
	at org.apache.ratis.grpc.server.GrpcService.requestVote(GrpcService.java:204)
	at org.apache.ratis.server.impl.LeaderElection.lambda$submitRequests$1(LeaderElection.java:234)
	at java.util.concurrent.FutureTask.run(FutureTask.java:266)
	at java.util.concurrent.Executors$RunnableAdapter.call(Executors.java:511)
	at java.util.concurrent.FutureTask.run(FutureTask.java:266)
	at java.util.concurrent.ThreadPoolExecutor.runWorker(ThreadPoolExecutor.java:1149)
	at java.util.concurrent.ThreadPoolExecutor$Worker.run(ThreadPoolExecutor.java:624)
	... 1 more
Caused by: org.apache.ratis.thirdparty.io.netty.channel.AbstractChannel$AnnotatedConnectException: Connection refused: localhost/127.0.0.1:12260
	at sun.nio.ch.SocketChannelImpl.checkConnect(Native Method)
	at sun.nio.ch.SocketChannelImpl.finishConnect(SocketChannelImpl.java:717)
	at org.apache.ratis.thirdparty.io.netty.channel.socket.nio.NioSocketChannel.doFinishConnect(NioSocketChannel.java:327)
	at org.apache.ratis.thirdparty.io.netty.channel.nio.AbstractNioChannel$AbstractNioUnsafe.finishConnect(AbstractNioChannel.java:340)
	at org.apache.ratis.thirdparty.io.netty.channel.nio.NioEventLoop.processSelectedKey(NioEventLoop.java:632)
	at org.apache.ratis.thirdparty.io.netty.channel.nio.NioEventLoop.processSelectedKeysOptimized(NioEventLoop.java:579)
	at org.apache.ratis.thirdparty.io.netty.channel.nio.NioEventLoop.processSelectedKeys(NioEventLoop.java:496)
	at org.apache.ratis.thirdparty.io.netty.channel.nio.NioEventLoop.run(NioEventLoop.java:458)
	at org.apache.ratis.thirdparty.io.netty.util.concurrent.SingleThreadEventExecutor$5.run(SingleThreadEventExecutor.java:897)
	at org.apache.ratis.thirdparty.io.netty.util.concurrent.FastThreadLocalRunnable.run(FastThreadLocalRunnable.java:30)
	... 1 more
Caused by: java.net.ConnectException: Connection refused
	... 11 more
2019-10-21 04:33:23,796 [omNode-1@group-523986131536-LeaderElection81] INFO  impl.LeaderElection (LeaderElection.java:logAndReturn(56)) - omNode-1@group-523986131536-LeaderElection81: Election REJECTED; received 1 response(s) [omNode-1<-omNode-2#0:FAIL-t8] and 1 exception(s); omNode-1@group-523986131536:t8, leader=null, voted=omNode-1, raftlog=omNode-1@group-523986131536-SegmentedRaftLog:OPENED:c-1,f-1,i0, conf=-1: [omNode-3:localhost:12260, omNode-1:localhost:12248, omNode-2:localhost:12254], old=null
2019-10-21 04:33:23,796 [omNode-1@group-523986131536-LeaderElection81] INFO  impl.LeaderElection (LogUtils.java:infoOrTrace(149)) -   Exception 0: {}
java.util.concurrent.ExecutionException: org.apache.ratis.thirdparty.io.grpc.StatusRuntimeException: UNAVAILABLE: io exception
	at java.util.concurrent.FutureTask.report(FutureTask.java:122)
	at java.util.concurrent.FutureTask.get(FutureTask.java:192)
	at org.apache.ratis.server.impl.LeaderElection.waitForResults(LeaderElection.java:259)
	at org.apache.ratis.server.impl.LeaderElection.askForVotes(LeaderElection.java:197)
	at org.apache.ratis.server.impl.LeaderElection.run(LeaderElection.java:133)
	at java.lang.Thread.run(Thread.java:748)
Caused by: org.apache.ratis.thirdparty.io.grpc.StatusRuntimeException: UNAVAILABLE: io exception
	at org.apache.ratis.thirdparty.io.grpc.stub.ClientCalls.toStatusRuntimeException(ClientCalls.java:233)
	at org.apache.ratis.thirdparty.io.grpc.stub.ClientCalls.getUnchecked(ClientCalls.java:214)
	at org.apache.ratis.thirdparty.io.grpc.stub.ClientCalls.blockingUnaryCall(ClientCalls.java:139)
	at org.apache.ratis.proto.grpc.RaftServerProtocolServiceGrpc$RaftServerProtocolServiceBlockingStub.requestVote(RaftServerProtocolServiceGrpc.java:265)
	at org.apache.ratis.grpc.server.GrpcServerProtocolClient.requestVote(GrpcServerProtocolClient.java:99)
	at org.apache.ratis.grpc.server.GrpcService.requestVote(GrpcService.java:204)
	at org.apache.ratis.server.impl.LeaderElection.lambda$submitRequests$1(LeaderElection.java:234)
	at java.util.concurrent.FutureTask.run(FutureTask.java:266)
	at java.util.concurrent.Executors$RunnableAdapter.call(Executors.java:511)
	at java.util.concurrent.FutureTask.run(FutureTask.java:266)
	at java.util.concurrent.ThreadPoolExecutor.runWorker(ThreadPoolExecutor.java:1149)
	at java.util.concurrent.ThreadPoolExecutor$Worker.run(ThreadPoolExecutor.java:624)
	... 1 more
Caused by: org.apache.ratis.thirdparty.io.netty.channel.AbstractChannel$AnnotatedConnectException: Connection refused: localhost/127.0.0.1:12260
	at sun.nio.ch.SocketChannelImpl.checkConnect(Native Method)
	at sun.nio.ch.SocketChannelImpl.finishConnect(SocketChannelImpl.java:717)
	at org.apache.ratis.thirdparty.io.netty.channel.socket.nio.NioSocketChannel.doFinishConnect(NioSocketChannel.java:327)
	at org.apache.ratis.thirdparty.io.netty.channel.nio.AbstractNioChannel$AbstractNioUnsafe.finishConnect(AbstractNioChannel.java:340)
	at org.apache.ratis.thirdparty.io.netty.channel.nio.NioEventLoop.processSelectedKey(NioEventLoop.java:632)
	at org.apache.ratis.thirdparty.io.netty.channel.nio.NioEventLoop.processSelectedKeysOptimized(NioEventLoop.java:579)
	at org.apache.ratis.thirdparty.io.netty.channel.nio.NioEventLoop.processSelectedKeys(NioEventLoop.java:496)
	at org.apache.ratis.thirdparty.io.netty.channel.nio.NioEventLoop.run(NioEventLoop.java:458)
	at org.apache.ratis.thirdparty.io.netty.util.concurrent.SingleThreadEventExecutor$5.run(SingleThreadEventExecutor.java:897)
	at org.apache.ratis.thirdparty.io.netty.util.concurrent.FastThreadLocalRunnable.run(FastThreadLocalRunnable.java:30)
	... 1 more
Caused by: java.net.ConnectException: Connection refused
	... 11 more
2019-10-21 04:33:23,796 [omNode-1@group-523986131536-LeaderElection81] INFO  impl.RaftServerImpl (RaftServerImpl.java:setRole(170)) - omNode-1@group-523986131536: changes role from CANDIDATE to FOLLOWER at term 8 for DISCOVERED_A_NEW_TERM
2019-10-21 04:33:23,796 [omNode-1@group-523986131536-LeaderElection81] INFO  impl.RoleInfo (RoleInfo.java:shutdownLeaderElection(134)) - omNode-1: shutdown LeaderElection
2019-10-21 04:33:23,796 [omNode-1@group-523986131536-LeaderElection81] INFO  impl.RoleInfo (RoleInfo.java:updateAndGet(143)) - omNode-1: start FollowerState
2019-10-21 04:33:24,934 [Thread-4575] INFO  impl.FollowerState (FollowerState.java:run(108)) - omNode-2@group-523986131536-FollowerState: change to CANDIDATE, lastRpcTime:1140ms, electionTimeout:1140ms
2019-10-21 04:33:24,935 [Thread-4575] INFO  impl.RoleInfo (RoleInfo.java:shutdownFollowerState(121)) - omNode-2: shutdown FollowerState
2019-10-21 04:33:24,935 [Thread-4575] INFO  impl.RaftServerImpl (RaftServerImpl.java:setRole(170)) - omNode-2@group-523986131536: changes role from  FOLLOWER to CANDIDATE at term 8 for changeToCandidate
2019-10-21 04:33:24,935 [Thread-4575] INFO  impl.RoleInfo (RoleInfo.java:updateAndGet(143)) - omNode-2: start LeaderElection
2019-10-21 04:33:24,965 [Thread-4576] INFO  impl.FollowerState (FollowerState.java:run(108)) - omNode-1@group-523986131536-FollowerState: change to CANDIDATE, lastRpcTime:1168ms, electionTimeout:1168ms
2019-10-21 04:33:24,965 [Thread-4576] INFO  impl.RoleInfo (RoleInfo.java:shutdownFollowerState(121)) - omNode-1: shutdown FollowerState
2019-10-21 04:33:24,965 [Thread-4576] INFO  impl.RaftServerImpl (RaftServerImpl.java:setRole(170)) - omNode-1@group-523986131536: changes role from  FOLLOWER to CANDIDATE at term 8 for changeToCandidate
2019-10-21 04:33:24,965 [Thread-4576] INFO  impl.RoleInfo (RoleInfo.java:updateAndGet(143)) - omNode-1: start LeaderElection
2019-10-21 04:33:25,027 [Thread-4540] INFO  container.ReplicationManager (ReplicationManager.java:start(163)) - Starting Replication Monitor Thread.
2019-10-21 04:33:25,029 [ReplicationMonitor] INFO  container.ReplicationManager (ReplicationManager.java:run(226)) - Replication Monitor Thread took 0 milliseconds for processing 0 containers.
2019-10-21 04:33:25,393 [omNode-1@group-523986131536-LeaderElection83] INFO  impl.LeaderElection (LeaderElection.java:askForVotes(178)) - omNode-1@group-523986131536-LeaderElection83: begin an election at term 9 for -1: [omNode-3:localhost:12260, omNode-1:localhost:12248, omNode-2:localhost:12254], old=null
2019-10-21 04:33:25,393 [omNode-2@group-523986131536-LeaderElection82] INFO  impl.LeaderElection (LeaderElection.java:askForVotes(178)) - omNode-2@group-523986131536-LeaderElection82: begin an election at term 9 for -1: [omNode-3:localhost:12260, omNode-1:localhost:12248, omNode-2:localhost:12254], old=null
2019-10-21 04:33:25,394 [omNode-1@group-523986131536-LeaderElection83] INFO  impl.LeaderElection (LogUtils.java:infoOrTrace(149)) - omNode-1@group-523986131536-LeaderElection83 got exception when requesting votes: {}
java.util.concurrent.ExecutionException: org.apache.ratis.thirdparty.io.grpc.StatusRuntimeException: UNAVAILABLE: io exception
	at java.util.concurrent.FutureTask.report(FutureTask.java:122)
	at java.util.concurrent.FutureTask.get(FutureTask.java:192)
	at org.apache.ratis.server.impl.LeaderElection.waitForResults(LeaderElection.java:259)
	at org.apache.ratis.server.impl.LeaderElection.askForVotes(LeaderElection.java:197)
	at org.apache.ratis.server.impl.LeaderElection.run(LeaderElection.java:133)
	at java.lang.Thread.run(Thread.java:748)
Caused by: org.apache.ratis.thirdparty.io.grpc.StatusRuntimeException: UNAVAILABLE: io exception
	at org.apache.ratis.thirdparty.io.grpc.stub.ClientCalls.toStatusRuntimeException(ClientCalls.java:233)
	at org.apache.ratis.thirdparty.io.grpc.stub.ClientCalls.getUnchecked(ClientCalls.java:214)
	at org.apache.ratis.thirdparty.io.grpc.stub.ClientCalls.blockingUnaryCall(ClientCalls.java:139)
	at org.apache.ratis.proto.grpc.RaftServerProtocolServiceGrpc$RaftServerProtocolServiceBlockingStub.requestVote(RaftServerProtocolServiceGrpc.java:265)
	at org.apache.ratis.grpc.server.GrpcServerProtocolClient.requestVote(GrpcServerProtocolClient.java:99)
	at org.apache.ratis.grpc.server.GrpcService.requestVote(GrpcService.java:204)
	at org.apache.ratis.server.impl.LeaderElection.lambda$submitRequests$1(LeaderElection.java:234)
	at java.util.concurrent.FutureTask.run(FutureTask.java:266)
	at java.util.concurrent.Executors$RunnableAdapter.call(Executors.java:511)
	at java.util.concurrent.FutureTask.run(FutureTask.java:266)
	at java.util.concurrent.ThreadPoolExecutor.runWorker(ThreadPoolExecutor.java:1149)
	at java.util.concurrent.ThreadPoolExecutor$Worker.run(ThreadPoolExecutor.java:624)
	... 1 more
Caused by: org.apache.ratis.thirdparty.io.netty.channel.AbstractChannel$AnnotatedConnectException: Connection refused: localhost/127.0.0.1:12260
	at sun.nio.ch.SocketChannelImpl.checkConnect(Native Method)
	at sun.nio.ch.SocketChannelImpl.finishConnect(SocketChannelImpl.java:717)
	at org.apache.ratis.thirdparty.io.netty.channel.socket.nio.NioSocketChannel.doFinishConnect(NioSocketChannel.java:327)
	at org.apache.ratis.thirdparty.io.netty.channel.nio.AbstractNioChannel$AbstractNioUnsafe.finishConnect(AbstractNioChannel.java:340)
	at org.apache.ratis.thirdparty.io.netty.channel.nio.NioEventLoop.processSelectedKey(NioEventLoop.java:632)
	at org.apache.ratis.thirdparty.io.netty.channel.nio.NioEventLoop.processSelectedKeysOptimized(NioEventLoop.java:579)
	at org.apache.ratis.thirdparty.io.netty.channel.nio.NioEventLoop.processSelectedKeys(NioEventLoop.java:496)
	at org.apache.ratis.thirdparty.io.netty.channel.nio.NioEventLoop.run(NioEventLoop.java:458)
	at org.apache.ratis.thirdparty.io.netty.util.concurrent.SingleThreadEventExecutor$5.run(SingleThreadEventExecutor.java:897)
	at org.apache.ratis.thirdparty.io.netty.util.concurrent.FastThreadLocalRunnable.run(FastThreadLocalRunnable.java:30)
	... 1 more
Caused by: java.net.ConnectException: Connection refused
	... 11 more
2019-10-21 04:33:25,394 [omNode-2@group-523986131536-LeaderElection82] INFO  impl.LeaderElection (LogUtils.java:infoOrTrace(149)) - omNode-2@group-523986131536-LeaderElection82 got exception when requesting votes: {}
java.util.concurrent.ExecutionException: org.apache.ratis.thirdparty.io.grpc.StatusRuntimeException: UNAVAILABLE: io exception
	at java.util.concurrent.FutureTask.report(FutureTask.java:122)
	at java.util.concurrent.FutureTask.get(FutureTask.java:192)
	at org.apache.ratis.server.impl.LeaderElection.waitForResults(LeaderElection.java:259)
	at org.apache.ratis.server.impl.LeaderElection.askForVotes(LeaderElection.java:197)
	at org.apache.ratis.server.impl.LeaderElection.run(LeaderElection.java:133)
	at java.lang.Thread.run(Thread.java:748)
Caused by: org.apache.ratis.thirdparty.io.grpc.StatusRuntimeException: UNAVAILABLE: io exception
	at org.apache.ratis.thirdparty.io.grpc.stub.ClientCalls.toStatusRuntimeException(ClientCalls.java:233)
	at org.apache.ratis.thirdparty.io.grpc.stub.ClientCalls.getUnchecked(ClientCalls.java:214)
	at org.apache.ratis.thirdparty.io.grpc.stub.ClientCalls.blockingUnaryCall(ClientCalls.java:139)
	at org.apache.ratis.proto.grpc.RaftServerProtocolServiceGrpc$RaftServerProtocolServiceBlockingStub.requestVote(RaftServerProtocolServiceGrpc.java:265)
	at org.apache.ratis.grpc.server.GrpcServerProtocolClient.requestVote(GrpcServerProtocolClient.java:99)
	at org.apache.ratis.grpc.server.GrpcService.requestVote(GrpcService.java:204)
	at org.apache.ratis.server.impl.LeaderElection.lambda$submitRequests$1(LeaderElection.java:234)
	at java.util.concurrent.FutureTask.run(FutureTask.java:266)
	at java.util.concurrent.Executors$RunnableAdapter.call(Executors.java:511)
	at java.util.concurrent.FutureTask.run(FutureTask.java:266)
	at java.util.concurrent.ThreadPoolExecutor.runWorker(ThreadPoolExecutor.java:1149)
	at java.util.concurrent.ThreadPoolExecutor$Worker.run(ThreadPoolExecutor.java:624)
	... 1 more
Caused by: org.apache.ratis.thirdparty.io.netty.channel.AbstractChannel$AnnotatedConnectException: Connection refused: localhost/127.0.0.1:12260
	at sun.nio.ch.SocketChannelImpl.checkConnect(Native Method)
	at sun.nio.ch.SocketChannelImpl.finishConnect(SocketChannelImpl.java:717)
	at org.apache.ratis.thirdparty.io.netty.channel.socket.nio.NioSocketChannel.doFinishConnect(NioSocketChannel.java:327)
	at org.apache.ratis.thirdparty.io.netty.channel.nio.AbstractNioChannel$AbstractNioUnsafe.finishConnect(AbstractNioChannel.java:340)
	at org.apache.ratis.thirdparty.io.netty.channel.nio.NioEventLoop.processSelectedKey(NioEventLoop.java:632)
	at org.apache.ratis.thirdparty.io.netty.channel.nio.NioEventLoop.processSelectedKeysOptimized(NioEventLoop.java:579)
	at org.apache.ratis.thirdparty.io.netty.channel.nio.NioEventLoop.processSelectedKeys(NioEventLoop.java:496)
	at org.apache.ratis.thirdparty.io.netty.channel.nio.NioEventLoop.run(NioEventLoop.java:458)
	at org.apache.ratis.thirdparty.io.netty.util.concurrent.SingleThreadEventExecutor$5.run(SingleThreadEventExecutor.java:897)
	at org.apache.ratis.thirdparty.io.netty.util.concurrent.FastThreadLocalRunnable.run(FastThreadLocalRunnable.java:30)
	... 1 more
Caused by: java.net.ConnectException: Connection refused
	... 11 more
2019-10-21 04:33:25,400 [omNode-1@group-523986131536-LeaderElection83] INFO  impl.LeaderElection (LeaderElection.java:logAndReturn(56)) - omNode-1@group-523986131536-LeaderElection83: Election REJECTED; received 1 response(s) [omNode-1<-omNode-2#0:FAIL-t9] and 1 exception(s); omNode-1@group-523986131536:t9, leader=null, voted=omNode-1, raftlog=omNode-1@group-523986131536-SegmentedRaftLog:OPENED:c-1,f-1,i0, conf=-1: [omNode-3:localhost:12260, omNode-1:localhost:12248, omNode-2:localhost:12254], old=null
2019-10-21 04:33:25,400 [omNode-1@group-523986131536-LeaderElection83] INFO  impl.LeaderElection (LogUtils.java:infoOrTrace(149)) -   Exception 0: {}
java.util.concurrent.ExecutionException: org.apache.ratis.thirdparty.io.grpc.StatusRuntimeException: UNAVAILABLE: io exception
	at java.util.concurrent.FutureTask.report(FutureTask.java:122)
	at java.util.concurrent.FutureTask.get(FutureTask.java:192)
	at org.apache.ratis.server.impl.LeaderElection.waitForResults(LeaderElection.java:259)
	at org.apache.ratis.server.impl.LeaderElection.askForVotes(LeaderElection.java:197)
	at org.apache.ratis.server.impl.LeaderElection.run(LeaderElection.java:133)
	at java.lang.Thread.run(Thread.java:748)
Caused by: org.apache.ratis.thirdparty.io.grpc.StatusRuntimeException: UNAVAILABLE: io exception
	at org.apache.ratis.thirdparty.io.grpc.stub.ClientCalls.toStatusRuntimeException(ClientCalls.java:233)
	at org.apache.ratis.thirdparty.io.grpc.stub.ClientCalls.getUnchecked(ClientCalls.java:214)
	at org.apache.ratis.thirdparty.io.grpc.stub.ClientCalls.blockingUnaryCall(ClientCalls.java:139)
	at org.apache.ratis.proto.grpc.RaftServerProtocolServiceGrpc$RaftServerProtocolServiceBlockingStub.requestVote(RaftServerProtocolServiceGrpc.java:265)
	at org.apache.ratis.grpc.server.GrpcServerProtocolClient.requestVote(GrpcServerProtocolClient.java:99)
	at org.apache.ratis.grpc.server.GrpcService.requestVote(GrpcService.java:204)
	at org.apache.ratis.server.impl.LeaderElection.lambda$submitRequests$1(LeaderElection.java:234)
	at java.util.concurrent.FutureTask.run(FutureTask.java:266)
	at java.util.concurrent.Executors$RunnableAdapter.call(Executors.java:511)
	at java.util.concurrent.FutureTask.run(FutureTask.java:266)
	at java.util.concurrent.ThreadPoolExecutor.runWorker(ThreadPoolExecutor.java:1149)
	at java.util.concurrent.ThreadPoolExecutor$Worker.run(ThreadPoolExecutor.java:624)
	... 1 more
Caused by: org.apache.ratis.thirdparty.io.netty.channel.AbstractChannel$AnnotatedConnectException: Connection refused: localhost/127.0.0.1:12260
	at sun.nio.ch.SocketChannelImpl.checkConnect(Native Method)
	at sun.nio.ch.SocketChannelImpl.finishConnect(SocketChannelImpl.java:717)
	at org.apache.ratis.thirdparty.io.netty.channel.socket.nio.NioSocketChannel.doFinishConnect(NioSocketChannel.java:327)
	at org.apache.ratis.thirdparty.io.netty.channel.nio.AbstractNioChannel$AbstractNioUnsafe.finishConnect(AbstractNioChannel.java:340)
	at org.apache.ratis.thirdparty.io.netty.channel.nio.NioEventLoop.processSelectedKey(NioEventLoop.java:632)
	at org.apache.ratis.thirdparty.io.netty.channel.nio.NioEventLoop.processSelectedKeysOptimized(NioEventLoop.java:579)
	at org.apache.ratis.thirdparty.io.netty.channel.nio.NioEventLoop.processSelectedKeys(NioEventLoop.java:496)
	at org.apache.ratis.thirdparty.io.netty.channel.nio.NioEventLoop.run(NioEventLoop.java:458)
	at org.apache.ratis.thirdparty.io.netty.util.concurrent.SingleThreadEventExecutor$5.run(SingleThreadEventExecutor.java:897)
	at org.apache.ratis.thirdparty.io.netty.util.concurrent.FastThreadLocalRunnable.run(FastThreadLocalRunnable.java:30)
	... 1 more
Caused by: java.net.ConnectException: Connection refused
	... 11 more
2019-10-21 04:33:25,400 [omNode-2@group-523986131536-LeaderElection82] INFO  impl.LeaderElection (LeaderElection.java:logAndReturn(56)) - omNode-2@group-523986131536-LeaderElection82: Election REJECTED; received 1 response(s) [omNode-2<-omNode-1#0:FAIL-t9] and 1 exception(s); omNode-2@group-523986131536:t9, leader=null, voted=omNode-2, raftlog=omNode-2@group-523986131536-SegmentedRaftLog:OPENED:c-1,f-1,i0, conf=-1: [omNode-3:localhost:12260, omNode-1:localhost:12248, omNode-2:localhost:12254], old=null
2019-10-21 04:33:25,400 [omNode-1@group-523986131536-LeaderElection83] INFO  impl.RaftServerImpl (RaftServerImpl.java:setRole(170)) - omNode-1@group-523986131536: changes role from CANDIDATE to FOLLOWER at term 9 for DISCOVERED_A_NEW_TERM
2019-10-21 04:33:25,400 [omNode-2@group-523986131536-LeaderElection82] INFO  impl.LeaderElection (LogUtils.java:infoOrTrace(149)) -   Exception 0: {}
java.util.concurrent.ExecutionException: org.apache.ratis.thirdparty.io.grpc.StatusRuntimeException: UNAVAILABLE: io exception
	at java.util.concurrent.FutureTask.report(FutureTask.java:122)
	at java.util.concurrent.FutureTask.get(FutureTask.java:192)
	at org.apache.ratis.server.impl.LeaderElection.waitForResults(LeaderElection.java:259)
	at org.apache.ratis.server.impl.LeaderElection.askForVotes(LeaderElection.java:197)
	at org.apache.ratis.server.impl.LeaderElection.run(LeaderElection.java:133)
	at java.lang.Thread.run(Thread.java:748)
Caused by: org.apache.ratis.thirdparty.io.grpc.StatusRuntimeException: UNAVAILABLE: io exception
	at org.apache.ratis.thirdparty.io.grpc.stub.ClientCalls.toStatusRuntimeException(ClientCalls.java:233)
	at org.apache.ratis.thirdparty.io.grpc.stub.ClientCalls.getUnchecked(ClientCalls.java:214)
	at org.apache.ratis.thirdparty.io.grpc.stub.ClientCalls.blockingUnaryCall(ClientCalls.java:139)
	at org.apache.ratis.proto.grpc.RaftServerProtocolServiceGrpc$RaftServerProtocolServiceBlockingStub.requestVote(RaftServerProtocolServiceGrpc.java:265)
	at org.apache.ratis.grpc.server.GrpcServerProtocolClient.requestVote(GrpcServerProtocolClient.java:99)
	at org.apache.ratis.grpc.server.GrpcService.requestVote(GrpcService.java:204)
	at org.apache.ratis.server.impl.LeaderElection.lambda$submitRequests$1(LeaderElection.java:234)
	at java.util.concurrent.FutureTask.run(FutureTask.java:266)
	at java.util.concurrent.Executors$RunnableAdapter.call(Executors.java:511)
	at java.util.concurrent.FutureTask.run(FutureTask.java:266)
	at java.util.concurrent.ThreadPoolExecutor.runWorker(ThreadPoolExecutor.java:1149)
	at java.util.concurrent.ThreadPoolExecutor$Worker.run(ThreadPoolExecutor.java:624)
	... 1 more
Caused by: org.apache.ratis.thirdparty.io.netty.channel.AbstractChannel$AnnotatedConnectException: Connection refused: localhost/127.0.0.1:12260
	at sun.nio.ch.SocketChannelImpl.checkConnect(Native Method)
	at sun.nio.ch.SocketChannelImpl.finishConnect(SocketChannelImpl.java:717)
	at org.apache.ratis.thirdparty.io.netty.channel.socket.nio.NioSocketChannel.doFinishConnect(NioSocketChannel.java:327)
	at org.apache.ratis.thirdparty.io.netty.channel.nio.AbstractNioChannel$AbstractNioUnsafe.finishConnect(AbstractNioChannel.java:340)
	at org.apache.ratis.thirdparty.io.netty.channel.nio.NioEventLoop.processSelectedKey(NioEventLoop.java:632)
	at org.apache.ratis.thirdparty.io.netty.channel.nio.NioEventLoop.processSelectedKeysOptimized(NioEventLoop.java:579)
	at org.apache.ratis.thirdparty.io.netty.channel.nio.NioEventLoop.processSelectedKeys(NioEventLoop.java:496)
	at org.apache.ratis.thirdparty.io.netty.channel.nio.NioEventLoop.run(NioEventLoop.java:458)
	at org.apache.ratis.thirdparty.io.netty.util.concurrent.SingleThreadEventExecutor$5.run(SingleThreadEventExecutor.java:897)
	at org.apache.ratis.thirdparty.io.netty.util.concurrent.FastThreadLocalRunnable.run(FastThreadLocalRunnable.java:30)
	... 1 more
Caused by: java.net.ConnectException: Connection refused
	... 11 more
2019-10-21 04:33:25,400 [omNode-1@group-523986131536-LeaderElection83] INFO  impl.RoleInfo (RoleInfo.java:shutdownLeaderElection(134)) - omNode-1: shutdown LeaderElection
2019-10-21 04:33:25,401 [omNode-2@group-523986131536-LeaderElection82] INFO  impl.RaftServerImpl (RaftServerImpl.java:setRole(170)) - omNode-2@group-523986131536: changes role from CANDIDATE to FOLLOWER at term 9 for DISCOVERED_A_NEW_TERM
2019-10-21 04:33:25,401 [omNode-1@group-523986131536-LeaderElection83] INFO  impl.RoleInfo (RoleInfo.java:updateAndGet(143)) - omNode-1: start FollowerState
2019-10-21 04:33:25,401 [omNode-2@group-523986131536-LeaderElection82] INFO  impl.RoleInfo (RoleInfo.java:shutdownLeaderElection(134)) - omNode-2: shutdown LeaderElection
2019-10-21 04:33:25,401 [omNode-2@group-523986131536-LeaderElection82] INFO  impl.RoleInfo (RoleInfo.java:updateAndGet(143)) - omNode-2: start FollowerState
2019-10-21 04:33:25,800 [Thread-4254] INFO  handler.ContextHandler (ContextHandler.java:doStop(910)) - Stopped o.e.j.w.WebAppContext@6e350b76{/,null,UNAVAILABLE}{/ozoneManager}
2019-10-21 04:33:25,800 [Thread-4254] INFO  server.AbstractConnector (AbstractConnector.java:doStop(318)) - Stopped ServerConnector@3a8ce418{HTTP/1.1,[http/1.1]}{0.0.0.0:12258}
2019-10-21 04:33:25,801 [Thread-4254] INFO  handler.ContextHandler (ContextHandler.java:doStop(910)) - Stopped o.e.j.s.ServletContextHandler@783f6f1b{/static,file:///workdir/hadoop-ozone/integration-test/target/test-classes/webapps/static,UNAVAILABLE}
2019-10-21 04:33:25,801 [Thread-4254] INFO  handler.ContextHandler (ContextHandler.java:doStop(910)) - Stopped o.e.j.s.ServletContextHandler@45b50190{/logs,file:///workdir/hadoop-ozone/integration-test/target/log,UNAVAILABLE}
2019-10-21 04:33:25,803 [Thread-4254] INFO  ozone.MiniOzoneHAClusterImpl (MiniOzoneHAClusterImpl.java:stop(147)) - Stopping the OzoneManager omNode-1
2019-10-21 04:33:25,804 [Thread-4254] INFO  ipc.Server (Server.java:stop(3082)) - Stopping server on 12244
2019-10-21 04:33:25,808 [IPC Server listener on 12244] INFO  ipc.Server (Server.java:run(1185)) - Stopping IPC Server listener on 12244
2019-10-21 04:33:25,810 [IPC Server Responder] INFO  ipc.Server (Server.java:run(1319)) - Stopping IPC Server Responder
2019-10-21 04:33:25,810 [Thread-4254] INFO  impl.RaftServerProxy (RaftServerProxy.java:lambda$close$4(314)) - omNode-1: close
2019-10-21 04:33:25,810 [Thread-4254] INFO  impl.RaftServerImpl (RaftServerImpl.java:lambda$shutdown$3(247)) - omNode-1@group-523986131536: shutdown
2019-10-21 04:33:25,810 [Thread-4254] INFO  util.JmxRegister (JmxRegister.java:unregister(73)) - Successfully un-registered JMX Bean with object name Ratis:service=RaftServer,group=group-523986131536,id=omNode-1
2019-10-21 04:33:25,811 [Thread-4254] INFO  impl.RoleInfo (RoleInfo.java:shutdownFollowerState(121)) - omNode-1: shutdown FollowerState
2019-10-21 04:33:25,811 [Thread-4254] INFO  impl.StateMachineUpdater (StateMachineUpdater.java:stopAndJoin(136)) - omNode-1@group-523986131536-StateMachineUpdater: set stopIndex = -1
2019-10-21 04:33:25,811 [Thread-4584] INFO  impl.FollowerState (FollowerState.java:run(117)) - omNode-1@group-523986131536-FollowerState was interrupted: java.lang.InterruptedException: sleep interrupted
2019-10-21 04:33:25,811 [Thread-4254] INFO  impl.RaftServerImpl (ServerState.java:close(387)) - omNode-1@group-523986131536: closes. applyIndex: -1
2019-10-21 04:33:25,812 [omNode-1@group-523986131536-SegmentedRaftLogWorker] INFO  segmented.SegmentedRaftLogWorker (SegmentedRaftLogWorker.java:run(316)) - omNode-1@group-523986131536-SegmentedRaftLogWorker was interrupted, exiting. There are 0 tasks remaining in the queue.
2019-10-21 04:33:25,813 [Thread-4254] INFO  segmented.SegmentedRaftLogWorker (SegmentedRaftLogWorker.java:close(224)) - omNode-1@group-523986131536-SegmentedRaftLogWorker close()
2019-10-21 04:33:25,815 [Thread-4254] INFO  server.GrpcService (GrpcService.java:closeImpl(164)) - omNode-1: shutdown server with port 12248 now
2019-10-21 04:33:25,820 [Thread-4254] INFO  server.GrpcService (GrpcService.java:closeImpl(172)) - omNode-1: shutdown server with port 12248 successfully
2019-10-21 04:33:25,820 [Thread-4254] INFO  ratis.OzoneManagerDoubleBuffer (OzoneManagerDoubleBuffer.java:stop(250)) - Stopping OMDoubleBuffer flush thread
2019-10-21 04:33:25,821 [OMDoubleBufferFlushThread] INFO  ratis.OzoneManagerDoubleBuffer (OzoneManagerDoubleBuffer.java:flushTransactions(193)) - OMDoubleBuffer flush thread OMDoubleBufferFlushThread is interrupted and will exit. OMDoubleBufferFlushThread
2019-10-21 04:33:25,821 [Thread-4254] INFO  utils.BackgroundService (BackgroundService.java:shutdown(151)) - Shutting down service KeyDeletingService
2019-10-21 04:33:25,822 [Thread-4254] INFO  handler.ContextHandler (ContextHandler.java:doStop(910)) - Stopped o.e.j.w.WebAppContext@db18857{/,null,UNAVAILABLE}{/ozoneManager}
2019-10-21 04:33:25,822 [Thread-4254] INFO  server.AbstractConnector (AbstractConnector.java:doStop(318)) - Stopped ServerConnector@499ce170{HTTP/1.1,[http/1.1]}{0.0.0.0:12246}
2019-10-21 04:33:25,823 [Thread-4254] INFO  handler.ContextHandler (ContextHandler.java:doStop(910)) - Stopped o.e.j.s.ServletContextHandler@3989e6a2{/static,file:///workdir/hadoop-ozone/integration-test/target/test-classes/webapps/static,UNAVAILABLE}
2019-10-21 04:33:25,823 [Thread-4254] INFO  handler.ContextHandler (ContextHandler.java:doStop(910)) - Stopped o.e.j.s.ServletContextHandler@da87cf1{/logs,file:///workdir/hadoop-ozone/integration-test/target/log,UNAVAILABLE}
2019-10-21 04:33:25,824 [Thread-4254] INFO  ozone.MiniOzoneHAClusterImpl (MiniOzoneHAClusterImpl.java:stop(147)) - Stopping the OzoneManager omNode-2
2019-10-21 04:33:25,825 [Thread-4254] INFO  ipc.Server (Server.java:stop(3082)) - Stopping server on 12250
2019-10-21 04:33:25,828 [IPC Server listener on 12250] INFO  ipc.Server (Server.java:run(1185)) - Stopping IPC Server listener on 12250
2019-10-21 04:33:25,828 [IPC Server Responder] INFO  ipc.Server (Server.java:run(1319)) - Stopping IPC Server Responder
2019-10-21 04:33:25,829 [Thread-4254] INFO  impl.RaftServerProxy (RaftServerProxy.java:lambda$close$4(314)) - omNode-2: close
2019-10-21 04:33:25,829 [Thread-4254] INFO  impl.RaftServerImpl (RaftServerImpl.java:lambda$shutdown$3(247)) - omNode-2@group-523986131536: shutdown
2019-10-21 04:33:25,829 [Thread-4254] INFO  util.JmxRegister (JmxRegister.java:unregister(73)) - Successfully un-registered JMX Bean with object name Ratis:service=RaftServer,group=group-523986131536,id=omNode-2
2019-10-21 04:33:25,829 [Thread-4254] INFO  impl.RoleInfo (RoleInfo.java:shutdownFollowerState(121)) - omNode-2: shutdown FollowerState
2019-10-21 04:33:25,829 [Thread-4254] INFO  impl.StateMachineUpdater (StateMachineUpdater.java:stopAndJoin(136)) - omNode-2@group-523986131536-StateMachineUpdater: set stopIndex = -1
2019-10-21 04:33:25,830 [Thread-4585] INFO  impl.FollowerState (FollowerState.java:run(117)) - omNode-2@group-523986131536-FollowerState was interrupted: java.lang.InterruptedException: sleep interrupted
2019-10-21 04:33:25,830 [Thread-4254] INFO  impl.RaftServerImpl (ServerState.java:close(387)) - omNode-2@group-523986131536: closes. applyIndex: -1
2019-10-21 04:33:25,831 [omNode-2@group-523986131536-SegmentedRaftLogWorker] INFO  segmented.SegmentedRaftLogWorker (SegmentedRaftLogWorker.java:run(316)) - omNode-2@group-523986131536-SegmentedRaftLogWorker was interrupted, exiting. There are 0 tasks remaining in the queue.
2019-10-21 04:33:25,831 [Thread-4254] INFO  segmented.SegmentedRaftLogWorker (SegmentedRaftLogWorker.java:close(224)) - omNode-2@group-523986131536-SegmentedRaftLogWorker close()
2019-10-21 04:33:25,833 [Thread-4254] INFO  server.GrpcService (GrpcService.java:closeImpl(164)) - omNode-2: shutdown server with port 12254 now
2019-10-21 04:33:25,836 [Thread-4254] INFO  server.GrpcService (GrpcService.java:closeImpl(172)) - omNode-2: shutdown server with port 12254 successfully
2019-10-21 04:33:25,836 [Thread-4254] INFO  ratis.OzoneManagerDoubleBuffer (OzoneManagerDoubleBuffer.java:stop(250)) - Stopping OMDoubleBuffer flush thread
2019-10-21 04:33:25,836 [OMDoubleBufferFlushThread] INFO  ratis.OzoneManagerDoubleBuffer (OzoneManagerDoubleBuffer.java:flushTransactions(193)) - OMDoubleBuffer flush thread OMDoubleBufferFlushThread is interrupted and will exit. OMDoubleBufferFlushThread
2019-10-21 04:33:25,836 [Thread-4254] INFO  utils.BackgroundService (BackgroundService.java:shutdown(151)) - Shutting down service KeyDeletingService
2019-10-21 04:33:25,837 [Thread-4254] INFO  handler.ContextHandler (ContextHandler.java:doStop(910)) - Stopped o.e.j.w.WebAppContext@5251f69f{/,null,UNAVAILABLE}{/ozoneManager}
2019-10-21 04:33:25,838 [Thread-4254] INFO  server.AbstractConnector (AbstractConnector.java:doStop(318)) - Stopped ServerConnector@35a509d6{HTTP/1.1,[http/1.1]}{0.0.0.0:12252}
2019-10-21 04:33:25,838 [Thread-4254] INFO  handler.ContextHandler (ContextHandler.java:doStop(910)) - Stopped o.e.j.s.ServletContextHandler@17d56e47{/static,file:///workdir/hadoop-ozone/integration-test/target/test-classes/webapps/static,UNAVAILABLE}
2019-10-21 04:33:25,839 [Thread-4254] INFO  handler.ContextHandler (ContextHandler.java:doStop(910)) - Stopped o.e.j.s.ServletContextHandler@338be804{/logs,file:///workdir/hadoop-ozone/integration-test/target/log,UNAVAILABLE}
2019-10-21 04:33:25,841 [Thread-4254] INFO  ozone.MiniOzoneClusterImpl (MiniOzoneClusterImpl.java:stop(330)) - Stopping the Mini Ozone Cluster
2019-10-21 04:33:25,841 [Thread-4254] INFO  ozone.MiniOzoneClusterImpl (MiniOzoneClusterImpl.java:stopDatanodes(377)) - Stopping the HddsDatanodes
2019-10-21 04:33:26,019 [Datanode State Machine Thread - 0] INFO  statemachine.DatanodeStateMachine (DatanodeStateMachine.java:lambda$startDaemon$0(350)) - Ozone container server started.
2019-10-21 04:33:27,558 [Thread-4552] INFO  impl.FollowerState (FollowerState.java:run(108)) - c1c5930e-0d2a-49d3-b6ae-454eae9209c6@group-DC40A9721792-FollowerState: change to CANDIDATE, lastRpcTime:5101ms, electionTimeout:5101ms
2019-10-21 04:33:27,559 [Thread-4552] INFO  impl.RoleInfo (RoleInfo.java:shutdownFollowerState(121)) - c1c5930e-0d2a-49d3-b6ae-454eae9209c6: shutdown FollowerState
2019-10-21 04:33:27,559 [Thread-4552] INFO  impl.RaftServerImpl (RaftServerImpl.java:setRole(170)) - c1c5930e-0d2a-49d3-b6ae-454eae9209c6@group-DC40A9721792: changes role from  FOLLOWER to CANDIDATE at term 0 for changeToCandidate
2019-10-21 04:33:27,559 [Thread-4552] INFO  impl.RoleInfo (RoleInfo.java:updateAndGet(143)) - c1c5930e-0d2a-49d3-b6ae-454eae9209c6: start LeaderElection
2019-10-21 04:33:27,623 [c1c5930e-0d2a-49d3-b6ae-454eae9209c6@group-DC40A9721792-LeaderElection84] INFO  impl.LeaderElection (LeaderElection.java:askForVotes(178)) - c1c5930e-0d2a-49d3-b6ae-454eae9209c6@group-DC40A9721792-LeaderElection84: begin an election at term 1 for -1: [c1c5930e-0d2a-49d3-b6ae-454eae9209c6:192.168.157.255:43716], old=null
2019-10-21 04:33:27,623 [c1c5930e-0d2a-49d3-b6ae-454eae9209c6@group-DC40A9721792-LeaderElection84] INFO  impl.RoleInfo (RoleInfo.java:shutdownLeaderElection(134)) - c1c5930e-0d2a-49d3-b6ae-454eae9209c6: shutdown LeaderElection
2019-10-21 04:33:27,623 [c1c5930e-0d2a-49d3-b6ae-454eae9209c6@group-DC40A9721792-LeaderElection84] INFO  impl.RaftServerImpl (RaftServerImpl.java:setRole(170)) - c1c5930e-0d2a-49d3-b6ae-454eae9209c6@group-DC40A9721792: changes role from CANDIDATE to LEADER at term 1 for changeToLeader
2019-10-21 04:33:27,623 [c1c5930e-0d2a-49d3-b6ae-454eae9209c6@group-DC40A9721792-LeaderElection84] INFO  impl.RaftServerImpl (ServerState.java:setLeader(255)) - c1c5930e-0d2a-49d3-b6ae-454eae9209c6@group-DC40A9721792: change Leader from null to c1c5930e-0d2a-49d3-b6ae-454eae9209c6 at term 1 for becomeLeader, leader elected after 5170ms
2019-10-21 04:33:27,623 [c1c5930e-0d2a-49d3-b6ae-454eae9209c6@group-DC40A9721792-LeaderElection84] INFO  server.RaftServerConfigKeys (ConfUtils.java:logGet(43)) - raft.server.staging.catchup.gap = 1000 (default)
2019-10-21 04:33:27,623 [c1c5930e-0d2a-49d3-b6ae-454eae9209c6@group-DC40A9721792-LeaderElection84] INFO  server.RaftServerConfigKeys (ConfUtils.java:logGet(43)) - raft.server.rpc.sleep.time = 25ms (default)
2019-10-21 04:33:27,623 [c1c5930e-0d2a-49d3-b6ae-454eae9209c6@group-DC40A9721792-LeaderElection84] INFO  server.RaftServerConfigKeys (ConfUtils.java:logGet(43)) - raft.server.write.element-limit = 4096 (default)
2019-10-21 04:33:27,623 [c1c5930e-0d2a-49d3-b6ae-454eae9209c6@group-DC40A9721792-LeaderElection84] INFO  server.RaftServerConfigKeys (ConfUtils.java:logGet(43)) - raft.server.watch.timeout = 10s (default)
2019-10-21 04:33:27,623 [c1c5930e-0d2a-49d3-b6ae-454eae9209c6@group-DC40A9721792-LeaderElection84] INFO  server.RaftServerConfigKeys (ConfUtils.java:logGet(43)) - raft.server.watch.timeout.denomination = 1s (default)
2019-10-21 04:33:27,624 [c1c5930e-0d2a-49d3-b6ae-454eae9209c6@group-DC40A9721792-LeaderElection84] INFO  server.RaftServerConfigKeys (ConfUtils.java:logGet(43)) - raft.server.watch.element-limit = 65536 (default)
2019-10-21 04:33:27,625 [c1c5930e-0d2a-49d3-b6ae-454eae9209c6@group-DC40A9721792-LeaderElection84] INFO  impl.RoleInfo (RoleInfo.java:updateAndGet(143)) - c1c5930e-0d2a-49d3-b6ae-454eae9209c6: start LeaderState
2019-10-21 04:33:27,626 [c1c5930e-0d2a-49d3-b6ae-454eae9209c6@group-DC40A9721792-LeaderElection84] INFO  segmented.SegmentedRaftLogWorker (SegmentedRaftLogWorker.java:startLogSegment(385)) - c1c5930e-0d2a-49d3-b6ae-454eae9209c6@group-DC40A9721792-SegmentedRaftLogWorker: Starting segment from index:0
2019-10-21 04:33:27,626 [c1c5930e-0d2a-49d3-b6ae-454eae9209c6@group-DC40A9721792-LeaderElection84] INFO  impl.RaftServerImpl (ServerState.java:setRaftConf(356)) - c1c5930e-0d2a-49d3-b6ae-454eae9209c6@group-DC40A9721792: set configuration 0: [c1c5930e-0d2a-49d3-b6ae-454eae9209c6:192.168.157.255:43716], old=null at 0
2019-10-21 04:33:27,690 [c1c5930e-0d2a-49d3-b6ae-454eae9209c6@group-DC40A9721792-SegmentedRaftLogWorker] INFO  segmented.SegmentedRaftLogWorker (SegmentedRaftLogWorker.java:execute(574)) - c1c5930e-0d2a-49d3-b6ae-454eae9209c6@group-DC40A9721792-SegmentedRaftLogWorker: created new log segment /workdir/hadoop-ozone/integration-test/target/test-dir/MiniOzoneClusterImpl-d137178b-6ed7-4be6-b952-7bc2bf04e198/datanode-0/data/ratis/23880a24-d047-4dcd-af65-dc40a9721792/current/log_inprogress_0
2019-10-21 04:33:30,841 [Thread-4254] INFO  ozoneimpl.OzoneContainer (OzoneContainer.java:stop(227)) - Attempting to stop container services.
2019-10-21 04:33:30,842 [Thread-4254] INFO  impl.RaftServerProxy (RaftServerProxy.java:lambda$close$4(314)) - c1c5930e-0d2a-49d3-b6ae-454eae9209c6: close
2019-10-21 04:33:30,842 [Thread-4254] INFO  impl.RaftServerImpl (RaftServerImpl.java:lambda$shutdown$3(247)) - c1c5930e-0d2a-49d3-b6ae-454eae9209c6@group-DC40A9721792: shutdown
2019-10-21 04:33:30,842 [Thread-4254] INFO  util.JmxRegister (JmxRegister.java:unregister(73)) - Successfully un-registered JMX Bean with object name Ratis:service=RaftServer,group=group-DC40A9721792,id=c1c5930e-0d2a-49d3-b6ae-454eae9209c6
2019-10-21 04:33:30,842 [Thread-4254] INFO  impl.RoleInfo (RoleInfo.java:shutdownLeaderState(104)) - c1c5930e-0d2a-49d3-b6ae-454eae9209c6: shutdown LeaderState
2019-10-21 04:33:30,843 [Thread-4254] INFO  impl.PendingRequests (PendingRequests.java:sendNotLeaderResponses(202)) - c1c5930e-0d2a-49d3-b6ae-454eae9209c6@group-DC40A9721792-PendingRequests: sendNotLeaderResponses
2019-10-21 04:33:30,843 [Thread-4254] INFO  impl.StateMachineUpdater (StateMachineUpdater.java:stopAndJoin(136)) - c1c5930e-0d2a-49d3-b6ae-454eae9209c6@group-DC40A9721792-StateMachineUpdater: set stopIndex = 0
2019-10-21 04:33:30,843 [Thread-4254] INFO  impl.RaftServerImpl (ServerState.java:close(387)) - c1c5930e-0d2a-49d3-b6ae-454eae9209c6@group-DC40A9721792: closes. applyIndex: 0
2019-10-21 04:33:30,844 [c1c5930e-0d2a-49d3-b6ae-454eae9209c6@group-DC40A9721792-SegmentedRaftLogWorker] INFO  segmented.SegmentedRaftLogWorker (SegmentedRaftLogWorker.java:run(316)) - c1c5930e-0d2a-49d3-b6ae-454eae9209c6@group-DC40A9721792-SegmentedRaftLogWorker was interrupted, exiting. There are 0 tasks remaining in the queue.
2019-10-21 04:33:30,849 [Thread-4254] INFO  segmented.SegmentedRaftLogWorker (SegmentedRaftLogWorker.java:close(224)) - c1c5930e-0d2a-49d3-b6ae-454eae9209c6@group-DC40A9721792-SegmentedRaftLogWorker close()
2019-10-21 04:33:30,850 [Thread-4254] INFO  server.GrpcService (GrpcService.java:closeImpl(164)) - c1c5930e-0d2a-49d3-b6ae-454eae9209c6: shutdown server with port 43716 now
2019-10-21 04:33:30,851 [Thread-4254] INFO  server.GrpcService (GrpcService.java:closeImpl(172)) - c1c5930e-0d2a-49d3-b6ae-454eae9209c6: shutdown server with port 43716 successfully
2019-10-21 04:33:30,852 [refreshUsed-/workdir/hadoop-ozone/integration-test/target/test-dir/MiniOzoneClusterImpl-d137178b-6ed7-4be6-b952-7bc2bf04e198/datanode-0/data/containers] WARN  fs.CachingGetSpaceUsed (CachingGetSpaceUsed.java:run(183)) - Thread Interrupted waiting to refresh disk information: sleep interrupted
2019-10-21 04:33:30,863 [Thread-4254] INFO  utils.BackgroundService (BackgroundService.java:shutdown(151)) - Shutting down service BlockDeletingService
2019-10-21 04:33:30,868 [Thread-4254] INFO  statemachine.DatanodeStateMachine (DatanodeStateMachine.java:stopDaemon(395)) - Ozone container server stopped.
2019-10-21 04:33:30,869 [Thread-4254] INFO  handler.ContextHandler (ContextHandler.java:doStop(910)) - Stopped o.e.j.w.WebAppContext@6b39510e{/,null,UNAVAILABLE}{/hddsDatanode}
2019-10-21 04:33:30,869 [Thread-4254] INFO  server.AbstractConnector (AbstractConnector.java:doStop(318)) - Stopped ServerConnector@5544abba{HTTP/1.1,[http/1.1]}{0.0.0.0:0}
2019-10-21 04:33:30,869 [Thread-4254] INFO  handler.ContextHandler (ContextHandler.java:doStop(910)) - Stopped o.e.j.s.ServletContextHandler@7cd2e376{/static,jar:file:/home/user/.m2/repository/org/apache/hadoop/hadoop-hdds-container-service/0.5.0-SNAPSHOT/hadoop-hdds-container-service-0.5.0-SNAPSHOT.jar!/webapps/static,UNAVAILABLE}
2019-10-21 04:33:30,870 [Thread-4254] INFO  handler.ContextHandler (ContextHandler.java:doStop(910)) - Stopped o.e.j.s.ServletContextHandler@704f8774{/logs,file:///workdir/hadoop-ozone/integration-test/target/log,UNAVAILABLE}
2019-10-21 04:33:30,873 [Thread-4254] INFO  ozone.MiniOzoneClusterImpl (MiniOzoneClusterImpl.java:stopSCM(392)) - Stopping the StorageContainerManager
2019-10-21 04:33:30,874 [Thread-4254] INFO  server.StorageContainerManager (StorageContainerManager.java:stop(810)) - Stopping Replication Manager Service.
2019-10-21 04:33:30,874 [Thread-4254] INFO  container.ReplicationManager (ReplicationManager.java:stop(204)) - Stopping Replication Monitor Thread.
2019-10-21 04:33:30,874 [Thread-4254] INFO  server.StorageContainerManager (StorageContainerManager.java:stop(817)) - Stopping Lease Manager of the command watchers
2019-10-21 04:33:30,874 [Thread-4254] INFO  server.StorageContainerManager (StorageContainerManager.java:stop(824)) - Stopping datanode service RPC server
2019-10-21 04:33:30,874 [Thread-4254] INFO  server.SCMDatanodeProtocolServer (SCMDatanodeProtocolServer.java:stop(346)) - Stopping the RPC server for DataNodes
2019-10-21 04:33:30,874 [Thread-4254] INFO  ipc.Server (Server.java:stop(3082)) - Stopping server on 43803
2019-10-21 04:33:30,876 [IPC Server listener on 43803] INFO  ipc.Server (Server.java:run(1185)) - Stopping IPC Server listener on 43803
2019-10-21 04:33:30,876 [IPC Server Responder] INFO  ipc.Server (Server.java:run(1319)) - Stopping IPC Server Responder
2019-10-21 04:33:30,886 [SCM Heartbeat Processing Thread - 0] WARN  node.NodeStateManager (NodeStateManager.java:scheduleNextHealthCheck(655)) - Current Thread is interrupted, shutting down HB processing thread for Node Manager.
2019-10-21 04:33:30,886 [Thread-4254] INFO  server.StorageContainerManager (StorageContainerManager.java:stop(832)) - Stopping block service RPC server
2019-10-21 04:33:30,886 [Thread-4254] INFO  server.SCMBlockProtocolServer (SCMBlockProtocolServer.java:stop(155)) - Stopping the RPC server for Block Protocol
2019-10-21 04:33:30,886 [Thread-4254] INFO  ipc.Server (Server.java:stop(3082)) - Stopping server on 35138
2019-10-21 04:33:30,888 [IPC Server listener on 35138] INFO  ipc.Server (Server.java:run(1185)) - Stopping IPC Server listener on 35138
2019-10-21 04:33:30,889 [IPC Server Responder] INFO  ipc.Server (Server.java:run(1319)) - Stopping IPC Server Responder
2019-10-21 04:33:30,888 [Thread-4254] INFO  server.StorageContainerManager (StorageContainerManager.java:stop(839)) - Stopping the StorageContainerLocationProtocol RPC server
2019-10-21 04:33:30,890 [Thread-4254] INFO  server.SCMClientProtocolServer (SCMClientProtocolServer.java:stop(168)) - Stopping the RPC server for Client Protocol
2019-10-21 04:33:30,890 [Thread-4254] INFO  ipc.Server (Server.java:stop(3082)) - Stopping server on 38619
2019-10-21 04:33:30,891 [IPC Server listener on 38619] INFO  ipc.Server (Server.java:run(1185)) - Stopping IPC Server listener on 38619
2019-10-21 04:33:30,891 [IPC Server Responder] INFO  ipc.Server (Server.java:run(1319)) - Stopping IPC Server Responder
2019-10-21 04:33:30,891 [Thread-4254] INFO  server.StorageContainerManager (StorageContainerManager.java:stop(846)) - Stopping Storage Container Manager HTTP server.
2019-10-21 04:33:30,974 [Thread-4254] INFO  handler.ContextHandler (ContextHandler.java:doStop(910)) - Stopped o.e.j.w.WebAppContext@3e4eadb4{/,null,UNAVAILABLE}{/scm}
2019-10-21 04:33:30,975 [Thread-4254] INFO  server.AbstractConnector (AbstractConnector.java:doStop(318)) - Stopped ServerConnector@bd3db55{HTTP/1.1,[http/1.1]}{0.0.0.0:0}
2019-10-21 04:33:30,975 [Thread-4254] INFO  handler.ContextHandler (ContextHandler.java:doStop(910)) - Stopped o.e.j.s.ServletContextHandler@4079b38b{/static,file:///workdir/hadoop-ozone/integration-test/target/test-classes/webapps/static,UNAVAILABLE}
2019-10-21 04:33:30,975 [Thread-4254] INFO  handler.ContextHandler (ContextHandler.java:doStop(910)) - Stopped o.e.j.s.ServletContextHandler@4d835d78{/logs,file:///workdir/hadoop-ozone/integration-test/target/log,UNAVAILABLE}
2019-10-21 04:33:30,975 [Thread-4254] INFO  server.StorageContainerManager (StorageContainerManager.java:stop(857)) - Stopping Block Manager Service.
2019-10-21 04:33:30,975 [Thread-4254] INFO  utils.BackgroundService (BackgroundService.java:shutdown(151)) - Shutting down service SCMBlockDeletingService
2019-10-21 04:33:30,976 [Thread-4254] INFO  utils.BackgroundService (BackgroundService.java:shutdown(151)) - Shutting down service SCMBlockDeletingService
2019-10-21 04:33:30,976 [Thread-4254] INFO  server.StorageContainerManager (StorageContainerManager.java:stop(879)) - Stopping SCM Event Queue.
2019-10-21 04:33:30,978 [Thread-4254] INFO  impl.MetricsSystemImpl (MetricsSystemImpl.java:stop(210)) - Stopping HddsDatanode metrics system...
2019-10-21 04:33:30,986 [Thread-4254] INFO  impl.MetricsSystemImpl (MetricsSystemImpl.java:stop(216)) - HddsDatanode metrics system stopped.
]]></system-out>
    <system-err><![CDATA[Oct 21, 2019 4:33:12 AM org.apache.ratis.thirdparty.io.grpc.internal.ManagedChannelOrphanWrapper$ManagedChannelReference cleanQueue
SEVERE: *~*~*~ Channel ManagedChannelImpl{logId=628, target=192.168.157.255:44611} was not shutdown properly!!! ~*~*~*
    Make sure to call shutdown()/shutdownNow() and wait until awaitTermination() returns true.
java.lang.RuntimeException: ManagedChannel allocation site
	at org.apache.ratis.thirdparty.io.grpc.internal.ManagedChannelOrphanWrapper$ManagedChannelReference.<init>(ManagedChannelOrphanWrapper.java:103)
	at org.apache.ratis.thirdparty.io.grpc.internal.ManagedChannelOrphanWrapper.<init>(ManagedChannelOrphanWrapper.java:53)
	at org.apache.ratis.thirdparty.io.grpc.internal.ManagedChannelOrphanWrapper.<init>(ManagedChannelOrphanWrapper.java:44)
	at org.apache.ratis.thirdparty.io.grpc.internal.AbstractManagedChannelImplBuilder.build(AbstractManagedChannelImplBuilder.java:411)
	at org.apache.hadoop.hdds.scm.XceiverClientGrpc.connectToDatanode(XceiverClientGrpc.java:183)
	at org.apache.hadoop.hdds.scm.XceiverClientGrpc.reconnect(XceiverClientGrpc.java:434)
	at org.apache.hadoop.hdds.scm.XceiverClientGrpc.sendCommandAsync(XceiverClientGrpc.java:382)
	at org.apache.hadoop.hdds.scm.XceiverClientGrpc.sendCommandAsync(XceiverClientGrpc.java:357)
	at org.apache.hadoop.hdds.scm.storage.ContainerProtocolCalls.writeChunkAsync(ContainerProtocolCalls.java:310)
	at org.apache.hadoop.hdds.scm.storage.BlockOutputStream.writeChunkToContainer(BlockOutputStream.java:604)
	at org.apache.hadoop.hdds.scm.storage.BlockOutputStream.writeChunk(BlockOutputStream.java:462)
	at org.apache.hadoop.hdds.scm.storage.BlockOutputStream.handleFlush(BlockOutputStream.java:473)
	at org.apache.hadoop.hdds.scm.storage.BlockOutputStream.close(BlockOutputStream.java:496)
	at org.apache.hadoop.ozone.client.io.BlockOutputStreamEntry.close(BlockOutputStreamEntry.java:143)
	at org.apache.hadoop.ozone.client.io.KeyOutputStream.handleFlushOrClose(KeyOutputStream.java:435)
	at org.apache.hadoop.ozone.client.io.KeyOutputStream.close(KeyOutputStream.java:473)
	at org.apache.hadoop.ozone.client.io.OzoneOutputStream.close(OzoneOutputStream.java:60)
	at org.apache.hadoop.ozone.om.TestOzoneManagerHA.createKeyTest(TestOzoneManagerHA.java:556)
	at org.apache.hadoop.ozone.om.TestOzoneManagerHA.testAllOMNodesRunning(TestOzoneManagerHA.java:244)
	at sun.reflect.NativeMethodAccessorImpl.invoke0(Native Method)
	at sun.reflect.NativeMethodAccessorImpl.invoke(NativeMethodAccessorImpl.java:62)
	at sun.reflect.DelegatingMethodAccessorImpl.invoke(DelegatingMethodAccessorImpl.java:43)
	at java.lang.reflect.Method.invoke(Method.java:498)
	at org.junit.runners.model.FrameworkMethod$1.runReflectiveCall(FrameworkMethod.java:47)
	at org.junit.internal.runners.model.ReflectiveCallable.run(ReflectiveCallable.java:12)
	at org.junit.runners.model.FrameworkMethod.invokeExplosively(FrameworkMethod.java:44)
	at org.junit.internal.runners.statements.InvokeMethod.evaluate(InvokeMethod.java:17)
	at org.junit.internal.runners.statements.RunBefores.evaluate(RunBefores.java:26)
	at org.junit.internal.runners.statements.RunAfters.evaluate(RunAfters.java:27)
	at org.junit.rules.ExpectedException$ExpectedExceptionStatement.evaluate(ExpectedException.java:168)
	at org.junit.internal.runners.statements.FailOnTimeout$StatementThread.run(FailOnTimeout.java:74)

]]></system-err>
  </testcase>
  <testcase name="testAllVolumeOperations" classname="org.apache.hadoop.ozone.om.TestOzoneManagerHA" time="27.856"/>
  <testcase name="testSetBucketAcl" classname="org.apache.hadoop.ozone.om.TestOzoneManagerHA" time="21.443"/>
  <testcase name="testAddKeyAcl" classname="org.apache.hadoop.ozone.om.TestOzoneManagerHA" time="14.073"/>
  <testcase name="testFileOperationsWithNonRecursive" classname="org.apache.hadoop.ozone.om.TestOzoneManagerHA" time="35.71"/>
  <testcase name="testOMProxyProviderInitialization" classname="org.apache.hadoop.ozone.om.TestOzoneManagerHA" time="31.429"/>
  <testcase name="testRemovePrefixAcl" classname="org.apache.hadoop.ozone.om.TestOzoneManagerHA" time="18.82"/>
  <testcase name="testOneOMNodeDown" classname="org.apache.hadoop.ozone.om.TestOzoneManagerHA" time="18.029"/>
  <testcase name="testSetKeyAcl" classname="org.apache.hadoop.ozone.om.TestOzoneManagerHA" time="13.652"/>
  <testcase name="testTwoOMNodesDown" classname="org.apache.hadoop.ozone.om.TestOzoneManagerHA" time="160.574"/>
  <testcase name="testSetPrefixAcl" classname="org.apache.hadoop.ozone.om.TestOzoneManagerHA" time="35.957"/>
  <testcase name="testOMRestart" classname="org.apache.hadoop.ozone.om.TestOzoneManagerHA" time="45.742">
    <failure type="java.lang.AssertionError">java.lang.AssertionError
	at org.junit.Assert.fail(Assert.java:86)
	at org.junit.Assert.assertTrue(Assert.java:41)
	at org.junit.Assert.assertTrue(Assert.java:52)
	at org.apache.hadoop.ozone.om.TestOzoneManagerHA.testOMRestart(TestOzoneManagerHA.java:1216)
	at sun.reflect.NativeMethodAccessorImpl.invoke0(Native Method)
	at sun.reflect.NativeMethodAccessorImpl.invoke(NativeMethodAccessorImpl.java:62)
	at sun.reflect.DelegatingMethodAccessorImpl.invoke(DelegatingMethodAccessorImpl.java:43)
	at java.lang.reflect.Method.invoke(Method.java:498)
	at org.junit.runners.model.FrameworkMethod$1.runReflectiveCall(FrameworkMethod.java:47)
	at org.junit.internal.runners.model.ReflectiveCallable.run(ReflectiveCallable.java:12)
	at org.junit.runners.model.FrameworkMethod.invokeExplosively(FrameworkMethod.java:44)
	at org.junit.internal.runners.statements.InvokeMethod.evaluate(InvokeMethod.java:17)
	at org.junit.internal.runners.statements.RunBefores.evaluate(RunBefores.java:26)
	at org.junit.internal.runners.statements.RunAfters.evaluate(RunAfters.java:27)
	at org.junit.rules.ExpectedException$ExpectedExceptionStatement.evaluate(ExpectedException.java:168)
	at org.junit.internal.runners.statements.FailOnTimeout$StatementThread.run(FailOnTimeout.java:74)
</failure>
    <system-out><![CDATA[2019-10-21 04:39:48,560 [Thread-8680] WARN  server.ServerUtils (ServerUtils.java:getScmDbDir(145)) - ozone.scm.db.dirs is not configured. We recommend adding this setting. Falling back to ozone.metadata.dirs instead.
2019-10-21 04:39:49,536 [Thread-8680] WARN  server.ServerUtils (ServerUtils.java:getScmDbDir(145)) - ozone.scm.db.dirs is not configured. We recommend adding this setting. Falling back to ozone.metadata.dirs instead.
2019-10-21 04:39:49,536 [Thread-8680] WARN  server.ServerUtils (ServerUtils.java:getScmDbDir(145)) - ozone.scm.db.dirs is not configured. We recommend adding this setting. Falling back to ozone.metadata.dirs instead.
2019-10-21 04:39:49,537 [Thread-8680] INFO  db.DBStoreBuilder (DBStoreBuilder.java:addTable(117)) - using custom profile for table: deletedBlocks
2019-10-21 04:39:49,537 [Thread-8680] INFO  db.DBStoreBuilder (DBStoreBuilder.java:processTables(168)) - Using default column profile:DBProfile.DISK for Table:deletedBlocks
2019-10-21 04:39:49,537 [Thread-8680] INFO  db.DBStoreBuilder (DBStoreBuilder.java:addTable(117)) - using custom profile for table: validCerts
2019-10-21 04:39:49,537 [Thread-8680] INFO  db.DBStoreBuilder (DBStoreBuilder.java:processTables(168)) - Using default column profile:DBProfile.DISK for Table:validCerts
2019-10-21 04:39:49,537 [Thread-8680] INFO  db.DBStoreBuilder (DBStoreBuilder.java:addTable(117)) - using custom profile for table: revokedCerts
2019-10-21 04:39:49,538 [Thread-8680] INFO  db.DBStoreBuilder (DBStoreBuilder.java:processTables(168)) - Using default column profile:DBProfile.DISK for Table:revokedCerts
2019-10-21 04:39:49,538 [Thread-8680] INFO  db.DBStoreBuilder (DBStoreBuilder.java:addTable(117)) - using custom profile for table: default
2019-10-21 04:39:49,538 [Thread-8680] INFO  db.DBStoreBuilder (DBStoreBuilder.java:processTables(174)) - Using default column profile:DBProfile.DISK for Table:default
2019-10-21 04:39:49,538 [Thread-8680] INFO  db.DBStoreBuilder (DBStoreBuilder.java:getDbProfile(205)) - Using default options. DBProfile.DISK
2019-10-21 04:39:59,015 [Thread-8680] INFO  net.NodeSchemaLoader (NodeSchemaLoader.java:loadSchemaFromFile(125)) - Loading file from sun.misc.CompoundEnumeration@2be26f4e
2019-10-21 04:39:59,016 [Thread-8680] INFO  net.NodeSchemaLoader (NodeSchemaLoader.java:loadSchema(171)) - Loading network topology layer schema file
2019-10-21 04:39:59,019 [Thread-8680] WARN  server.ServerUtils (ServerUtils.java:sanitizeUserArgs(70)) - ozone.scm.stale.node.interval value = 300000 is larger than max = 100000 based on the key value of ozone.scm.heartbeat.thread.interval, reset to the max value 100000.
2019-10-21 04:39:59,019 [Thread-8680] WARN  server.ServerUtils (ServerUtils.java:sanitizeUserArgs(70)) - ozone.scm.stale.node.interval value = 300000 is larger than max = 100000 based on the key value of ozone.scm.heartbeat.thread.interval, reset to the max value 100000.
2019-10-21 04:39:59,020 [Thread-8680] INFO  node.SCMNodeManager (SCMNodeManager.java:<init>(116)) - Entering startup safe mode.
2019-10-21 04:39:59,020 [Thread-8680] INFO  algorithms.ContainerPlacementPolicyFactory (ContainerPlacementPolicyFactory.java:getPolicy(59)) - Create container placement policy of type org.apache.hadoop.hdds.scm.container.placement.algorithms.SCMContainerPlacementRandom
2019-10-21 04:39:59,020 [Thread-8680] WARN  server.ServerUtils (ServerUtils.java:getScmDbDir(145)) - ozone.scm.db.dirs is not configured. We recommend adding this setting. Falling back to ozone.metadata.dirs instead.
2019-10-21 04:40:00,926 [Thread-8680] INFO  pipeline.SCMPipelineManager (SCMPipelineManager.java:initializePipelineState(137)) - No pipeline exists in current db
2019-10-21 04:40:00,926 [Thread-8680] WARN  server.ServerUtils (ServerUtils.java:getScmDbDir(145)) - ozone.scm.db.dirs is not configured. We recommend adding this setting. Falling back to ozone.metadata.dirs instead.
2019-10-21 04:40:04,435 [Thread-8680] WARN  events.EventQueue (EventQueue.java:fireEvent(183)) - No event handler registered for event TypedEvent{payloadType=SafeModeStatus, name='SafeModeStatus'}
2019-10-21 04:40:04,436 [Thread-8680] INFO  ipc.CallQueueManager (CallQueueManager.java:<init>(84)) - Using callQueue: class java.util.concurrent.LinkedBlockingQueue, queueCapacity: 2000, scheduler: class org.apache.hadoop.ipc.DefaultRpcScheduler, ipcBackoff: false.
2019-10-21 04:40:04,437 [Socket Reader #1 for port 34276] INFO  ipc.Server (Server.java:run(1074)) - Starting Socket Reader #1 for port 34276
2019-10-21 04:40:04,440 [Thread-8680] INFO  ipc.CallQueueManager (CallQueueManager.java:<init>(84)) - Using callQueue: class java.util.concurrent.LinkedBlockingQueue, queueCapacity: 2000, scheduler: class org.apache.hadoop.ipc.DefaultRpcScheduler, ipcBackoff: false.
2019-10-21 04:40:04,441 [Socket Reader #1 for port 46453] INFO  ipc.Server (Server.java:run(1074)) - Starting Socket Reader #1 for port 46453
2019-10-21 04:40:04,443 [Thread-8680] INFO  ipc.CallQueueManager (CallQueueManager.java:<init>(84)) - Using callQueue: class java.util.concurrent.LinkedBlockingQueue, queueCapacity: 2000, scheduler: class org.apache.hadoop.ipc.DefaultRpcScheduler, ipcBackoff: false.
2019-10-21 04:40:04,443 [Socket Reader #1 for port 39085] INFO  ipc.Server (Server.java:run(1074)) - Starting Socket Reader #1 for port 39085
2019-10-21 04:40:04,446 [Thread-8680] INFO  hdfs.DFSUtil (DFSUtil.java:httpServerTemplateForNNAndJN(1641)) - Starting Web-server for scm at: http://0.0.0.0:0
2019-10-21 04:40:04,448 [Thread-8680] INFO  server.AuthenticationFilter (AuthenticationFilter.java:constructSecretProvider(240)) - Unable to initialize FileSignerSecretProvider, falling back to use random secrets.
2019-10-21 04:40:04,448 [Thread-8680] WARN  http.HttpRequestLog (HttpRequestLog.java:getRequestLog(97)) - Jetty request log can only be enabled using Log4j
2019-10-21 04:40:04,450 [Thread-8680] INFO  http.HttpServer2 (HttpServer2.java:addGlobalFilter(975)) - Added global filter 'safety' (class=org.apache.hadoop.http.HttpServer2$QuotingInputFilter)
2019-10-21 04:40:04,450 [Thread-8680] INFO  http.HttpServer2 (HttpServer2.java:addFilter(948)) - Added filter static_user_filter (class=org.apache.hadoop.http.lib.StaticUserWebFilter$StaticUserFilter) to context scm
2019-10-21 04:40:04,451 [Thread-8680] INFO  http.HttpServer2 (HttpServer2.java:addFilter(958)) - Added filter static_user_filter (class=org.apache.hadoop.http.lib.StaticUserWebFilter$StaticUserFilter) to context static
2019-10-21 04:40:04,451 [Thread-8680] INFO  http.HttpServer2 (HttpServer2.java:addFilter(958)) - Added filter static_user_filter (class=org.apache.hadoop.http.lib.StaticUserWebFilter$StaticUserFilter) to context logs
2019-10-21 04:40:04,452 [Thread-8680] INFO  server.StorageContainerManager (StorageContainerManager.java:start(772)) - StorageContainerLocationProtocol RPC server is listening at /0.0.0.0:39085
2019-10-21 04:40:04,454 [Thread-8680] WARN  impl.MetricsConfig (MetricsConfig.java:loadFirst(134)) - Cannot locate configuration: tried hadoop-metrics2-storagecontainermanager.properties,hadoop-metrics2.properties
2019-10-21 04:40:04,455 [Thread-8680] INFO  impl.MetricsSystemImpl (MetricsSystemImpl.java:startTimer(374)) - Scheduled Metric snapshot period at 10 second(s).
2019-10-21 04:40:04,455 [Thread-8680] INFO  impl.MetricsSystemImpl (MetricsSystemImpl.java:start(191)) - StorageContainerManager metrics system started
2019-10-21 04:40:04,774 [Thread-8680] WARN  impl.MetricsSystemImpl (MetricsSystemImpl.java:register(276)) - Sink prometheus already exists!
2019-10-21 04:40:04,991 [Thread-8680] INFO  server.SCMClientProtocolServer (SCMClientProtocolServer.java:start(159)) - RPC server for Client  is listening at /0.0.0.0:39085
2019-10-21 04:40:04,991 [IPC Server Responder] INFO  ipc.Server (Server.java:run(1314)) - IPC Server Responder: starting
2019-10-21 04:40:04,991 [IPC Server listener on 39085] INFO  ipc.Server (Server.java:run(1153)) - IPC Server listener on 39085: starting
2019-10-21 04:40:04,997 [Thread-8680] INFO  server.StorageContainerManager (StorageContainerManager.java:start(782)) - ScmBlockLocationProtocol RPC server is listening at /0.0.0.0:46453
2019-10-21 04:40:04,997 [Thread-8680] INFO  server.SCMBlockProtocolServer (SCMBlockProtocolServer.java:start(146)) - RPC server for Block Protocol is listening at /0.0.0.0:46453
2019-10-21 04:40:04,997 [IPC Server Responder] INFO  ipc.Server (Server.java:run(1314)) - IPC Server Responder: starting
2019-10-21 04:40:04,998 [IPC Server listener on 46453] INFO  ipc.Server (Server.java:run(1153)) - IPC Server listener on 46453: starting
2019-10-21 04:40:05,002 [Thread-8680] INFO  server.StorageContainerManager (StorageContainerManager.java:start(786)) - ScmDatanodeProtocl RPC server is listening at /0.0.0.0:34276
2019-10-21 04:40:05,002 [Thread-8680] INFO  server.SCMDatanodeProtocolServer (SCMDatanodeProtocolServer.java:start(169)) - RPC server for DataNodes is listening at /0.0.0.0:34276
2019-10-21 04:40:05,003 [IPC Server Responder] INFO  ipc.Server (Server.java:run(1314)) - IPC Server Responder: starting
2019-10-21 04:40:05,003 [IPC Server listener on 34276] INFO  ipc.Server (Server.java:run(1153)) - IPC Server listener on 34276: starting
2019-10-21 04:40:05,008 [Thread-8680] INFO  http.HttpServer2 (HttpServer2.java:bindListener(1191)) - Jetty bound to port 33175
2019-10-21 04:40:05,009 [Thread-8680] INFO  server.Server (Server.java:doStart(351)) - jetty-9.3.25.v20180904, build timestamp: 2018-09-04T21:11:46Z, git hash: 3ce520221d0240229c862b122d2b06c12a625732
2019-10-21 04:40:05,010 [Thread-8680] INFO  handler.ContextHandler (ContextHandler.java:doStart(781)) - Started o.e.j.s.ServletContextHandler@578225ef{/logs,file:///workdir/hadoop-ozone/integration-test/target/log,AVAILABLE}
2019-10-21 04:40:05,010 [Thread-8680] INFO  handler.ContextHandler (ContextHandler.java:doStart(781)) - Started o.e.j.s.ServletContextHandler@4d07c485{/static,file:///workdir/hadoop-ozone/integration-test/target/test-classes/webapps/static,AVAILABLE}
2019-10-21 04:40:05,014 [Thread-8680] INFO  handler.ContextHandler (ContextHandler.java:doStart(781)) - Started o.e.j.w.WebAppContext@5e7e8706{/,file:///workdir/hadoop-ozone/integration-test/target/test-classes/webapps/scm/,AVAILABLE}{/scm}
2019-10-21 04:40:05,014 [Thread-8680] INFO  server.AbstractConnector (AbstractConnector.java:doStart(278)) - Started ServerConnector@d16cd7b{HTTP/1.1,[http/1.1]}{0.0.0.0:33175}
2019-10-21 04:40:05,015 [Thread-8680] INFO  server.Server (Server.java:doStart(419)) - Started @832290ms
2019-10-21 04:40:05,015 [Thread-8680] WARN  impl.MetricsSystemImpl (MetricsSystemImpl.java:register(276)) - Sink prometheus already exists!
2019-10-21 04:40:05,016 [Thread-8680] INFO  server.BaseHttpServer (BaseHttpServer.java:updateConnectorAddress(215)) - HTTP server of SCM is listening at http://0.0.0.0:33175
2019-10-21 04:40:05,018 [org.apache.hadoop.util.JvmPauseMonitor$Monitor@1fd8f398] INFO  util.JvmPauseMonitor (JvmPauseMonitor.java:run(188)) - Starting JVM pause monitor
2019-10-21 04:40:05,018 [Thread-8680] WARN  server.ServerUtils (ServerUtils.java:getDBPath(222)) - ozone.om.db.dirs is not configured. We recommend adding this setting. Falling back to ozone.metadata.dirs instead.
2019-10-21 04:40:05,157 [Thread-8680] INFO  ha.OMHANodeDetails (OMHANodeDetails.java:loadOMHAConfig(165)) - Found matching OM address with OMServiceId: om-service-test1, OMNodeId: omNode-1, RPC Address: localhost:11456 and Ratis port: 11460
2019-10-21 04:40:05,157 [Thread-8680] INFO  ha.OMHANodeDetails (OMHANodeDetails.java:setOMNodeSpecificConfigs(298)) - Setting configuration key ozone.om.http-address with value of key ozone.om.http-address.omNode-1: 127.0.0.1:11458
2019-10-21 04:40:05,157 [Thread-8680] INFO  ha.OMHANodeDetails (OMHANodeDetails.java:setOMNodeSpecificConfigs(298)) - Setting configuration key ozone.om.https-address with value of key ozone.om.https-address.omNode-1: 127.0.0.1:11459
2019-10-21 04:40:05,157 [Thread-8680] INFO  ha.OMHANodeDetails (OMHANodeDetails.java:setOMNodeSpecificConfigs(298)) - Setting configuration key ozone.om.address with value of key ozone.om.address.omNode-1: 127.0.0.1:11456
2019-10-21 04:40:05,157 [Thread-8680] WARN  server.ServerUtils (ServerUtils.java:getDBPath(222)) - ozone.om.db.dirs is not configured. We recommend adding this setting. Falling back to ozone.metadata.dirs instead.
2019-10-21 04:40:05,157 [Thread-8680] WARN  server.ServerUtils (ServerUtils.java:getDBPath(222)) - ozone.om.db.dirs is not configured. We recommend adding this setting. Falling back to ozone.metadata.dirs instead.
2019-10-21 04:40:05,168 [Thread-8680] WARN  server.ServerUtils (ServerUtils.java:getDBPath(222)) - ozone.om.db.dirs is not configured. We recommend adding this setting. Falling back to ozone.metadata.dirs instead.
2019-10-21 04:40:05,168 [Thread-8680] INFO  db.DBStoreBuilder (DBStoreBuilder.java:addTable(117)) - using custom profile for table: userTable
2019-10-21 04:40:05,168 [Thread-8680] INFO  db.DBStoreBuilder (DBStoreBuilder.java:processTables(168)) - Using default column profile:DBProfile.DISK for Table:userTable
2019-10-21 04:40:05,168 [Thread-8680] INFO  db.DBStoreBuilder (DBStoreBuilder.java:addTable(117)) - using custom profile for table: volumeTable
2019-10-21 04:40:05,168 [Thread-8680] INFO  db.DBStoreBuilder (DBStoreBuilder.java:processTables(168)) - Using default column profile:DBProfile.DISK for Table:volumeTable
2019-10-21 04:40:05,168 [Thread-8680] INFO  db.DBStoreBuilder (DBStoreBuilder.java:addTable(117)) - using custom profile for table: bucketTable
2019-10-21 04:40:05,168 [Thread-8680] INFO  db.DBStoreBuilder (DBStoreBuilder.java:processTables(168)) - Using default column profile:DBProfile.DISK for Table:bucketTable
2019-10-21 04:40:05,169 [Thread-8680] INFO  db.DBStoreBuilder (DBStoreBuilder.java:addTable(117)) - using custom profile for table: keyTable
2019-10-21 04:40:05,169 [Thread-8680] INFO  db.DBStoreBuilder (DBStoreBuilder.java:processTables(168)) - Using default column profile:DBProfile.DISK for Table:keyTable
2019-10-21 04:40:05,169 [Thread-8680] INFO  db.DBStoreBuilder (DBStoreBuilder.java:addTable(117)) - using custom profile for table: deletedTable
2019-10-21 04:40:05,169 [Thread-8680] INFO  db.DBStoreBuilder (DBStoreBuilder.java:processTables(168)) - Using default column profile:DBProfile.DISK for Table:deletedTable
2019-10-21 04:40:05,169 [Thread-8680] INFO  db.DBStoreBuilder (DBStoreBuilder.java:addTable(117)) - using custom profile for table: openKeyTable
2019-10-21 04:40:05,169 [Thread-8680] INFO  db.DBStoreBuilder (DBStoreBuilder.java:processTables(168)) - Using default column profile:DBProfile.DISK for Table:openKeyTable
2019-10-21 04:40:05,169 [Thread-8680] INFO  db.DBStoreBuilder (DBStoreBuilder.java:addTable(117)) - using custom profile for table: s3Table
2019-10-21 04:40:05,169 [Thread-8680] INFO  db.DBStoreBuilder (DBStoreBuilder.java:processTables(168)) - Using default column profile:DBProfile.DISK for Table:s3Table
2019-10-21 04:40:05,169 [Thread-8680] INFO  db.DBStoreBuilder (DBStoreBuilder.java:addTable(117)) - using custom profile for table: multipartInfoTable
2019-10-21 04:40:05,169 [Thread-8680] INFO  db.DBStoreBuilder (DBStoreBuilder.java:processTables(168)) - Using default column profile:DBProfile.DISK for Table:multipartInfoTable
2019-10-21 04:40:05,169 [Thread-8680] INFO  db.DBStoreBuilder (DBStoreBuilder.java:addTable(117)) - using custom profile for table: dTokenTable
2019-10-21 04:40:05,169 [Thread-8680] INFO  db.DBStoreBuilder (DBStoreBuilder.java:processTables(168)) - Using default column profile:DBProfile.DISK for Table:dTokenTable
2019-10-21 04:40:05,170 [Thread-8680] INFO  db.DBStoreBuilder (DBStoreBuilder.java:addTable(117)) - using custom profile for table: s3SecretTable
2019-10-21 04:40:05,170 [Thread-8680] INFO  db.DBStoreBuilder (DBStoreBuilder.java:processTables(168)) - Using default column profile:DBProfile.DISK for Table:s3SecretTable
2019-10-21 04:40:05,170 [Thread-8680] INFO  db.DBStoreBuilder (DBStoreBuilder.java:addTable(117)) - using custom profile for table: prefixTable
2019-10-21 04:40:05,170 [Thread-8680] INFO  db.DBStoreBuilder (DBStoreBuilder.java:processTables(168)) - Using default column profile:DBProfile.DISK for Table:prefixTable
2019-10-21 04:40:05,170 [Thread-8680] INFO  db.DBStoreBuilder (DBStoreBuilder.java:addTable(117)) - using custom profile for table: default
2019-10-21 04:40:05,170 [Thread-8680] INFO  db.DBStoreBuilder (DBStoreBuilder.java:processTables(174)) - Using default column profile:DBProfile.DISK for Table:default
2019-10-21 04:40:05,170 [Thread-8680] INFO  db.DBStoreBuilder (DBStoreBuilder.java:getDbProfile(205)) - Using default options. DBProfile.DISK
2019-10-21 04:40:07,866 [Thread-8680] WARN  scm.HddsServerUtil (HddsServerUtil.java:getDefaultRatisDirectory(354)) - Storage directory for Ratis is not configured. It is a good idea to map this to an SSD disk. Falling back to ozone.metadata.dirs
2019-10-21 04:40:07,867 [Thread-8680] INFO  ratis.OzoneManagerRatisServer (OzoneManagerRatisServer.java:<init>(243)) - Instantiating OM Ratis server with GroupID: om-service-test1 and Raft Peers: localhost:11460, localhost:11466, localhost:11472
2019-10-21 04:40:07,867 [Thread-8680] INFO  impl.RaftServerProxy (ConfUtils.java:logGet(43)) - raft.rpc.type = GRPC (default)
2019-10-21 04:40:07,868 [Thread-8680] INFO  grpc.GrpcFactory (GrpcFactory.java:checkPooledByteBufAllocatorUseCacheForAllThreads(45)) - PERFORMANCE WARNING: useCacheForAllThreads is true that may cause Netty to create a lot garbage objects and, as a result, trigger GC.
	It is recommended to disable useCacheForAllThreads by setting -Dorg.apache.ratis.thirdparty.io.netty.allocator.useCacheForAllThreads=false in command line.
2019-10-21 04:40:07,868 [Thread-8680] INFO  grpc.GrpcConfigKeys$Server (ConfUtils.java:logGet(43)) - raft.grpc.server.port = 11460 (custom)
2019-10-21 04:40:07,868 [Thread-8680] INFO  server.GrpcService (ConfUtils.java:logGet(43)) - raft.grpc.message.size.max = 33554432 (custom)
2019-10-21 04:40:07,868 [Thread-8680] INFO  server.RaftServerConfigKeys (ConfUtils.java:logGet(43)) - raft.server.log.appender.buffer.byte-limit = 33554432 (custom)
2019-10-21 04:40:07,868 [Thread-8680] INFO  server.GrpcService (ConfUtils.java:logGet(43)) - raft.grpc.flow.control.window = 1MB (=1048576) (default)
2019-10-21 04:40:07,868 [Thread-8680] INFO  server.RaftServerConfigKeys (ConfUtils.java:logGet(43)) - raft.server.rpc.request.timeout = 3000ms (default)
2019-10-21 04:40:07,869 [Thread-8680] INFO  server.RaftServerConfigKeys (ConfUtils.java:logGet(43)) - raft.server.storage.dir = [/workdir/hadoop-ozone/integration-test/target/test-dir/MiniOzoneClusterImpl-908613f1-7148-4657-b39e-d6fc88855e70/omNode-1/ratis] (custom)
2019-10-21 04:40:07,869 [Thread-8680] INFO  impl.RaftServerProxy (RaftServerProxy.java:addNew(89)) - omNode-1: addNew group-523986131536:[omNode-3:localhost:11472, omNode-1:localhost:11460, omNode-2:localhost:11466] returns group-523986131536:java.util.concurrent.CompletableFuture@4141f78d[Not completed]
2019-10-21 04:40:07,869 [pool-1597-thread-1] INFO  impl.RaftServerImpl (RaftServerImpl.java:<init>(95)) - omNode-1: new RaftServerImpl for group-523986131536:[omNode-3:localhost:11472, omNode-1:localhost:11460, omNode-2:localhost:11466] with OzoneManagerStateMachine:uninitialized
2019-10-21 04:40:07,869 [Thread-8680] INFO  om.OzoneManager (OzoneManager.java:initializeRatisServer(1217)) - OzoneManager Ratis server initialized at port 11460
2019-10-21 04:40:07,869 [pool-1597-thread-1] INFO  server.RaftServerConfigKeys (ConfUtils.java:logGet(43)) - raft.server.rpc.timeout.min = 1s (custom)
2019-10-21 04:40:07,869 [Thread-8680] WARN  scm.HddsServerUtil (HddsServerUtil.java:getDefaultRatisDirectory(354)) - Storage directory for Ratis is not configured. It is a good idea to map this to an SSD disk. Falling back to ozone.metadata.dirs
2019-10-21 04:40:07,869 [pool-1597-thread-1] INFO  server.RaftServerConfigKeys (ConfUtils.java:logGet(43)) - raft.server.rpc.timeout.max = 1200ms (custom)
2019-10-21 04:40:07,870 [Thread-8680] WARN  scm.HddsServerUtil (HddsServerUtil.java:getDefaultRatisDirectory(354)) - Storage directory for Ratis is not configured. It is a good idea to map this to an SSD disk. Falling back to ozone.metadata.dirs
2019-10-21 04:40:07,870 [pool-1597-thread-1] INFO  server.RaftServerConfigKeys (ConfUtils.java:logGet(43)) - raft.server.rpcslowness.timeout = 2s (custom)
2019-10-21 04:40:07,870 [pool-1597-thread-1] INFO  server.RaftServerConfigKeys (ConfUtils.java:logGet(43)) - raft.server.sleep.deviation.threshold = 300 (default)
2019-10-21 04:40:07,870 [Thread-8680] INFO  snapshot.OzoneManagerSnapshotProvider (OzoneManagerSnapshotProvider.java:<init>(81)) - Initializing OM Snapshot Provider
2019-10-21 04:40:07,870 [pool-1597-thread-1] INFO  server.RaftServerConfigKeys (ConfUtils.java:logGet(43)) - raft.server.log.appender.install.snapshot.enabled = false (custom)
2019-10-21 04:40:07,870 [pool-1597-thread-1] INFO  impl.RaftServerImpl (ServerState.java:<init>(103)) - omNode-1@group-523986131536: ConfigurationManager, init=-1: [omNode-3:localhost:11472, omNode-1:localhost:11460, omNode-2:localhost:11466], old=null, confs=<EMPTY_MAP>
2019-10-21 04:40:07,870 [pool-1597-thread-1] INFO  server.RaftServerConfigKeys (ConfUtils.java:logGet(43)) - raft.server.storage.dir = [/workdir/hadoop-ozone/integration-test/target/test-dir/MiniOzoneClusterImpl-908613f1-7148-4657-b39e-d6fc88855e70/omNode-1/ratis] (custom)
2019-10-21 04:40:07,871 [pool-1597-thread-1] INFO  server.RaftServerConfigKeys (ConfUtils.java:logGet(43)) - raft.server.log.corruption.policy = EXCEPTION (default)
2019-10-21 04:40:07,871 [pool-1597-thread-1] INFO  storage.RaftStorageDirectory (RaftStorageDirectory.java:analyzeStorage(246)) - The storage directory /workdir/hadoop-ozone/integration-test/target/test-dir/MiniOzoneClusterImpl-908613f1-7148-4657-b39e-d6fc88855e70/omNode-1/ratis/c9bc4cf4-3bc3-3c60-a66b-523986131536 does not exist. Creating ...
2019-10-21 04:40:07,872 [Thread-8680] INFO  ipc.CallQueueManager (CallQueueManager.java:<init>(84)) - Using callQueue: class java.util.concurrent.LinkedBlockingQueue, queueCapacity: 2000, scheduler: class org.apache.hadoop.ipc.DefaultRpcScheduler, ipcBackoff: false.
2019-10-21 04:40:07,872 [Socket Reader #1 for port 11456] INFO  ipc.Server (Server.java:run(1074)) - Starting Socket Reader #1 for port 11456
2019-10-21 04:40:07,876 [pool-1597-thread-1] INFO  storage.RaftStorageDirectory (RaftStorageDirectory.java:tryLock(328)) - Lock on /workdir/hadoop-ozone/integration-test/target/test-dir/MiniOzoneClusterImpl-908613f1-7148-4657-b39e-d6fc88855e70/omNode-1/ratis/c9bc4cf4-3bc3-3c60-a66b-523986131536/in_use.lock acquired by nodename 29612@pr-hdds-1569-252f9-3696506840
2019-10-21 04:40:07,886 [Thread-8680] INFO  om.OzoneManager (OzoneManager.java:start(1071)) - OzoneManager RPC server is listening at localhost/127.0.0.1:11456
2019-10-21 04:40:07,886 [Thread-8680] INFO  impl.MetricsSystemImpl (MetricsSystemImpl.java:init(158)) - OzoneManager metrics system started (again)
2019-10-21 04:40:07,886 [Thread-8680] INFO  ratis.OzoneManagerRatisServer (OzoneManagerRatisServer.java:start(333)) - Starting OzoneManagerRatisServer omNode-1 at port 11460
2019-10-21 04:40:07,890 [pool-1597-thread-1] INFO  storage.RaftStorage (RaftStorage.java:format(84)) - Storage directory /workdir/hadoop-ozone/integration-test/target/test-dir/MiniOzoneClusterImpl-908613f1-7148-4657-b39e-d6fc88855e70/omNode-1/ratis/c9bc4cf4-3bc3-3c60-a66b-523986131536 has been successfully formatted.
2019-10-21 04:40:07,890 [pool-1597-thread-1] INFO  server.RaftServerConfigKeys (ConfUtils.java:logGet(43)) - raft.server.notification.no-leader.timeout = 2s (custom)
2019-10-21 04:40:07,890 [pool-1597-thread-1] INFO  server.RaftServerConfigKeys (ConfUtils.java:logGet(43)) - raft.server.log.use.memory = false (default)
2019-10-21 04:40:07,890 [pool-1597-thread-1] INFO  server.RaftServerConfigKeys (ConfUtils.java:logGet(43)) - raft.server.log.purge.gap = 50 (custom)
2019-10-21 04:40:07,891 [pool-1597-thread-1] INFO  server.RaftServerConfigKeys (ConfUtils.java:logGet(43)) - raft.server.log.appender.buffer.byte-limit = 33554432 (custom)
2019-10-21 04:40:07,891 [pool-1597-thread-1] INFO  server.RaftServerConfigKeys (ConfUtils.java:logGet(43)) - raft.server.log.segment.size.max = 16384 (custom)
2019-10-21 04:40:07,891 [pool-1597-thread-1] INFO  server.RaftServerConfigKeys (ConfUtils.java:logGet(43)) - raft.server.log.segment.cache.num.max = 2 (custom)
2019-10-21 04:40:07,891 [pool-1597-thread-1] INFO  segmented.SegmentedRaftLogWorker (SegmentedRaftLogWorker.java:<init>(173)) - new omNode-1@group-523986131536-SegmentedRaftLogWorker for RaftStorage:Storage Directory /workdir/hadoop-ozone/integration-test/target/test-dir/MiniOzoneClusterImpl-908613f1-7148-4657-b39e-d6fc88855e70/omNode-1/ratis/c9bc4cf4-3bc3-3c60-a66b-523986131536
2019-10-21 04:40:07,891 [pool-1597-thread-1] INFO  server.RaftServerConfigKeys (ConfUtils.java:logGet(43)) - raft.server.log.queue.byte-limit = 64MB (=67108864) (default)
2019-10-21 04:40:07,891 [pool-1597-thread-1] INFO  server.RaftServerConfigKeys (ConfUtils.java:logGet(43)) - raft.server.log.queue.element-limit = 4096 (default)
2019-10-21 04:40:07,891 [pool-1597-thread-1] INFO  server.RaftServerConfigKeys (ConfUtils.java:logGet(43)) - raft.server.log.segment.size.max = 16384 (custom)
2019-10-21 04:40:07,891 [pool-1597-thread-1] INFO  server.RaftServerConfigKeys (ConfUtils.java:logGet(43)) - raft.server.log.preallocated.size = 16384 (custom)
2019-10-21 04:40:07,891 [pool-1597-thread-1] INFO  server.RaftServerConfigKeys (ConfUtils.java:logGet(43)) - raft.server.log.write.buffer.size = 64KB (=65536) (default)
2019-10-21 04:40:07,892 [pool-1597-thread-1] INFO  server.RaftServerConfigKeys (ConfUtils.java:logGet(43)) - raft.server.log.force.sync.num = 128 (default)
2019-10-21 04:40:07,892 [pool-1597-thread-1] INFO  server.RaftServerConfigKeys (ConfUtils.java:logGet(43)) - raft.server.log.statemachine.data.sync = true (default)
2019-10-21 04:40:07,892 [pool-1597-thread-1] INFO  server.RaftServerConfigKeys (ConfUtils.java:logGet(43)) - raft.server.log.statemachine.data.sync.timeout = 10s (default)
2019-10-21 04:40:07,892 [pool-1597-thread-1] INFO  server.RaftServerConfigKeys (ConfUtils.java:logGet(43)) - raft.server.log.statemachine.data.sync.timeout.retry = -1 (default)
2019-10-21 04:40:07,892 [pool-1597-thread-1] INFO  server.RaftServerConfigKeys (ConfUtils.java:logGet(43)) - raft.server.log.statemachine.data.caching.enabled = false (default)
2019-10-21 04:40:07,892 [pool-1597-thread-1] INFO  segmented.SegmentedRaftLogWorker (SegmentedRaftLogWorker.java:lambda$new$0(128)) - omNode-1@group-523986131536-SegmentedRaftLogWorker: flushIndex: setUnconditionally 0 -> -1
2019-10-21 04:40:07,892 [pool-1597-thread-1] INFO  server.RaftServerConfigKeys (ConfUtils.java:logGet(43)) - raft.server.snapshot.auto.trigger.enabled = true (custom)
2019-10-21 04:40:07,893 [pool-1597-thread-1] INFO  server.RaftServerConfigKeys (ConfUtils.java:logGet(43)) - raft.server.snapshot.auto.trigger.threshold = 50 (custom)
2019-10-21 04:40:07,893 [pool-1597-thread-1] INFO  server.RaftServerConfigKeys (ConfUtils.java:logGet(43)) - raft.server.snapshot.retention.file.num = -1 (default)
2019-10-21 04:40:07,893 [pool-1597-thread-1] INFO  server.RaftServerConfigKeys (ConfUtils.java:logGet(43)) - raft.server.retrycache.expirytime = 600000ms (custom)
2019-10-21 04:40:07,895 [Thread-8680] INFO  impl.RaftServerImpl (RaftServerImpl.java:start(181)) - omNode-1@group-523986131536: start as a follower, conf=-1: [omNode-3:localhost:11472, omNode-1:localhost:11460, omNode-2:localhost:11466], old=null
2019-10-21 04:40:07,895 [Thread-8680] INFO  impl.RaftServerImpl (RaftServerImpl.java:setRole(170)) - omNode-1@group-523986131536: changes role from      null to FOLLOWER at term 0 for startAsFollower
2019-10-21 04:40:07,895 [Thread-8680] INFO  impl.RoleInfo (RoleInfo.java:updateAndGet(143)) - omNode-1: start FollowerState
2019-10-21 04:40:07,895 [Thread-8680] INFO  util.JmxRegister (JmxRegister.java:tryRegister(44)) - Successfully registered JMX Bean with object name Ratis:service=RaftServer,group=group-523986131536,id=omNode-1
2019-10-21 04:40:07,896 [Thread-8680] INFO  impl.RaftServerProxy (RaftServerProxy.java:lambda$start$3(299)) - omNode-1: start RPC server
2019-10-21 04:40:07,897 [Thread-8680] INFO  server.GrpcService (GrpcService.java:startImpl(158)) - omNode-1: GrpcService started, listening on 0.0.0.0/0.0.0.0:11460
2019-10-21 04:40:07,899 [IPC Server Responder] INFO  ipc.Server (Server.java:run(1314)) - IPC Server Responder: starting
2019-10-21 04:40:07,900 [IPC Server listener on 11456] INFO  ipc.Server (Server.java:run(1153)) - IPC Server listener on 11456: starting
2019-10-21 04:40:07,907 [Thread-8680] INFO  hdfs.DFSUtil (DFSUtil.java:httpServerTemplateForNNAndJN(1641)) - Starting Web-server for ozoneManager at: http://0.0.0.0:11458
2019-10-21 04:40:07,908 [Thread-8680] INFO  server.AuthenticationFilter (AuthenticationFilter.java:constructSecretProvider(240)) - Unable to initialize FileSignerSecretProvider, falling back to use random secrets.
2019-10-21 04:40:07,908 [Thread-8680] WARN  http.HttpRequestLog (HttpRequestLog.java:getRequestLog(97)) - Jetty request log can only be enabled using Log4j
2019-10-21 04:40:07,909 [Thread-8680] INFO  http.HttpServer2 (HttpServer2.java:addGlobalFilter(975)) - Added global filter 'safety' (class=org.apache.hadoop.http.HttpServer2$QuotingInputFilter)
2019-10-21 04:40:07,910 [Thread-8680] INFO  http.HttpServer2 (HttpServer2.java:addFilter(948)) - Added filter static_user_filter (class=org.apache.hadoop.http.lib.StaticUserWebFilter$StaticUserFilter) to context ozoneManager
2019-10-21 04:40:07,910 [Thread-8680] INFO  http.HttpServer2 (HttpServer2.java:addFilter(958)) - Added filter static_user_filter (class=org.apache.hadoop.http.lib.StaticUserWebFilter$StaticUserFilter) to context static
2019-10-21 04:40:07,910 [Thread-8680] INFO  http.HttpServer2 (HttpServer2.java:addFilter(958)) - Added filter static_user_filter (class=org.apache.hadoop.http.lib.StaticUserWebFilter$StaticUserFilter) to context logs
2019-10-21 04:40:07,910 [Thread-8680] INFO  http.HttpServer2 (HttpServer2.java:bindListener(1191)) - Jetty bound to port 11458
2019-10-21 04:40:07,910 [Thread-8680] INFO  server.Server (Server.java:doStart(351)) - jetty-9.3.25.v20180904, build timestamp: 2018-09-04T21:11:46Z, git hash: 3ce520221d0240229c862b122d2b06c12a625732
2019-10-21 04:40:07,912 [Thread-8680] INFO  handler.ContextHandler (ContextHandler.java:doStart(781)) - Started o.e.j.s.ServletContextHandler@64b05a1f{/logs,file:///workdir/hadoop-ozone/integration-test/target/log,AVAILABLE}
2019-10-21 04:40:07,912 [Thread-8680] INFO  handler.ContextHandler (ContextHandler.java:doStart(781)) - Started o.e.j.s.ServletContextHandler@5441b564{/static,file:///workdir/hadoop-ozone/integration-test/target/test-classes/webapps/static,AVAILABLE}
2019-10-21 04:40:07,915 [Thread-8680] INFO  handler.ContextHandler (ContextHandler.java:doStart(781)) - Started o.e.j.w.WebAppContext@7a9358ea{/,file:///workdir/hadoop-ozone/integration-test/target/test-classes/webapps/ozoneManager/,AVAILABLE}{/ozoneManager}
2019-10-21 04:40:07,915 [Thread-8680] INFO  server.AbstractConnector (AbstractConnector.java:doStart(278)) - Started ServerConnector@267a596b{HTTP/1.1,[http/1.1]}{0.0.0.0:11458}
2019-10-21 04:40:07,917 [Thread-8680] INFO  server.Server (Server.java:doStart(419)) - Started @835190ms
2019-10-21 04:40:07,917 [Thread-8680] WARN  impl.MetricsSystemImpl (MetricsSystemImpl.java:register(276)) - Sink prometheus already exists!
2019-10-21 04:40:07,918 [Thread-8680] INFO  server.BaseHttpServer (BaseHttpServer.java:updateConnectorAddress(215)) - HTTP server of OZONEMANAGER is listening at http://0.0.0.0:11458
2019-10-21 04:40:07,918 [Thread-8680] INFO  ozone.MiniOzoneHAClusterImpl (MiniOzoneHAClusterImpl.java:createOMService(274)) - Started OzoneManager RPC server at localhost/127.0.0.1:11456
2019-10-21 04:40:07,918 [Thread-8680] WARN  server.ServerUtils (ServerUtils.java:getDBPath(222)) - ozone.om.db.dirs is not configured. We recommend adding this setting. Falling back to ozone.metadata.dirs instead.
2019-10-21 04:40:07,942 [Thread-8680] INFO  ha.OMHANodeDetails (OMHANodeDetails.java:loadOMHAConfig(165)) - Found matching OM address with OMServiceId: om-service-test1, OMNodeId: omNode-2, RPC Address: localhost:11462 and Ratis port: 11466
2019-10-21 04:40:07,942 [Thread-8680] INFO  ha.OMHANodeDetails (OMHANodeDetails.java:setOMNodeSpecificConfigs(298)) - Setting configuration key ozone.om.http-address with value of key ozone.om.http-address.omNode-2: 127.0.0.1:11464
2019-10-21 04:40:07,942 [Thread-8680] INFO  ha.OMHANodeDetails (OMHANodeDetails.java:setOMNodeSpecificConfigs(298)) - Setting configuration key ozone.om.https-address with value of key ozone.om.https-address.omNode-2: 127.0.0.1:11465
2019-10-21 04:40:07,942 [Thread-8680] INFO  ha.OMHANodeDetails (OMHANodeDetails.java:setOMNodeSpecificConfigs(298)) - Setting configuration key ozone.om.address with value of key ozone.om.address.omNode-2: 127.0.0.1:11462
2019-10-21 04:40:07,942 [Thread-8680] WARN  server.ServerUtils (ServerUtils.java:getDBPath(222)) - ozone.om.db.dirs is not configured. We recommend adding this setting. Falling back to ozone.metadata.dirs instead.
2019-10-21 04:40:07,943 [Thread-8680] WARN  server.ServerUtils (ServerUtils.java:getDBPath(222)) - ozone.om.db.dirs is not configured. We recommend adding this setting. Falling back to ozone.metadata.dirs instead.
2019-10-21 04:40:07,948 [Thread-8680] WARN  server.ServerUtils (ServerUtils.java:getDBPath(222)) - ozone.om.db.dirs is not configured. We recommend adding this setting. Falling back to ozone.metadata.dirs instead.
2019-10-21 04:40:07,949 [Thread-8680] INFO  db.DBStoreBuilder (DBStoreBuilder.java:addTable(117)) - using custom profile for table: userTable
2019-10-21 04:40:07,949 [Thread-8680] INFO  db.DBStoreBuilder (DBStoreBuilder.java:processTables(168)) - Using default column profile:DBProfile.DISK for Table:userTable
2019-10-21 04:40:07,949 [Thread-8680] INFO  db.DBStoreBuilder (DBStoreBuilder.java:addTable(117)) - using custom profile for table: volumeTable
2019-10-21 04:40:07,949 [Thread-8680] INFO  db.DBStoreBuilder (DBStoreBuilder.java:processTables(168)) - Using default column profile:DBProfile.DISK for Table:volumeTable
2019-10-21 04:40:07,949 [Thread-8680] INFO  db.DBStoreBuilder (DBStoreBuilder.java:addTable(117)) - using custom profile for table: bucketTable
2019-10-21 04:40:07,949 [Thread-8680] INFO  db.DBStoreBuilder (DBStoreBuilder.java:processTables(168)) - Using default column profile:DBProfile.DISK for Table:bucketTable
2019-10-21 04:40:07,949 [Thread-8680] INFO  db.DBStoreBuilder (DBStoreBuilder.java:addTable(117)) - using custom profile for table: keyTable
2019-10-21 04:40:07,949 [Thread-8680] INFO  db.DBStoreBuilder (DBStoreBuilder.java:processTables(168)) - Using default column profile:DBProfile.DISK for Table:keyTable
2019-10-21 04:40:07,949 [Thread-8680] INFO  db.DBStoreBuilder (DBStoreBuilder.java:addTable(117)) - using custom profile for table: deletedTable
2019-10-21 04:40:07,950 [Thread-8680] INFO  db.DBStoreBuilder (DBStoreBuilder.java:processTables(168)) - Using default column profile:DBProfile.DISK for Table:deletedTable
2019-10-21 04:40:07,950 [Thread-8680] INFO  db.DBStoreBuilder (DBStoreBuilder.java:addTable(117)) - using custom profile for table: openKeyTable
2019-10-21 04:40:07,950 [Thread-8680] INFO  db.DBStoreBuilder (DBStoreBuilder.java:processTables(168)) - Using default column profile:DBProfile.DISK for Table:openKeyTable
2019-10-21 04:40:07,950 [Thread-8680] INFO  db.DBStoreBuilder (DBStoreBuilder.java:addTable(117)) - using custom profile for table: s3Table
2019-10-21 04:40:07,950 [Thread-8680] INFO  db.DBStoreBuilder (DBStoreBuilder.java:processTables(168)) - Using default column profile:DBProfile.DISK for Table:s3Table
2019-10-21 04:40:07,950 [Thread-8680] INFO  db.DBStoreBuilder (DBStoreBuilder.java:addTable(117)) - using custom profile for table: multipartInfoTable
2019-10-21 04:40:07,950 [Thread-8680] INFO  db.DBStoreBuilder (DBStoreBuilder.java:processTables(168)) - Using default column profile:DBProfile.DISK for Table:multipartInfoTable
2019-10-21 04:40:07,950 [Thread-8680] INFO  db.DBStoreBuilder (DBStoreBuilder.java:addTable(117)) - using custom profile for table: dTokenTable
2019-10-21 04:40:07,950 [Thread-8680] INFO  db.DBStoreBuilder (DBStoreBuilder.java:processTables(168)) - Using default column profile:DBProfile.DISK for Table:dTokenTable
2019-10-21 04:40:07,950 [Thread-8680] INFO  db.DBStoreBuilder (DBStoreBuilder.java:addTable(117)) - using custom profile for table: s3SecretTable
2019-10-21 04:40:07,950 [Thread-8680] INFO  db.DBStoreBuilder (DBStoreBuilder.java:processTables(168)) - Using default column profile:DBProfile.DISK for Table:s3SecretTable
2019-10-21 04:40:07,951 [Thread-8680] INFO  db.DBStoreBuilder (DBStoreBuilder.java:addTable(117)) - using custom profile for table: prefixTable
2019-10-21 04:40:07,951 [Thread-8680] INFO  db.DBStoreBuilder (DBStoreBuilder.java:processTables(168)) - Using default column profile:DBProfile.DISK for Table:prefixTable
2019-10-21 04:40:07,951 [Thread-8680] INFO  db.DBStoreBuilder (DBStoreBuilder.java:addTable(117)) - using custom profile for table: default
2019-10-21 04:40:07,951 [Thread-8680] INFO  db.DBStoreBuilder (DBStoreBuilder.java:processTables(174)) - Using default column profile:DBProfile.DISK for Table:default
2019-10-21 04:40:07,951 [Thread-8680] INFO  db.DBStoreBuilder (DBStoreBuilder.java:getDbProfile(205)) - Using default options. DBProfile.DISK
2019-10-21 04:40:09,045 [Thread-8680] WARN  scm.HddsServerUtil (HddsServerUtil.java:getDefaultRatisDirectory(354)) - Storage directory for Ratis is not configured. It is a good idea to map this to an SSD disk. Falling back to ozone.metadata.dirs
2019-10-21 04:40:09,045 [Thread-8680] INFO  ratis.OzoneManagerRatisServer (OzoneManagerRatisServer.java:<init>(243)) - Instantiating OM Ratis server with GroupID: om-service-test1 and Raft Peers: localhost:11466, localhost:11460, localhost:11472
2019-10-21 04:40:09,046 [Thread-8680] INFO  impl.RaftServerProxy (ConfUtils.java:logGet(43)) - raft.rpc.type = GRPC (default)
2019-10-21 04:40:09,046 [Thread-8680] INFO  grpc.GrpcFactory (GrpcFactory.java:checkPooledByteBufAllocatorUseCacheForAllThreads(45)) - PERFORMANCE WARNING: useCacheForAllThreads is true that may cause Netty to create a lot garbage objects and, as a result, trigger GC.
	It is recommended to disable useCacheForAllThreads by setting -Dorg.apache.ratis.thirdparty.io.netty.allocator.useCacheForAllThreads=false in command line.
2019-10-21 04:40:09,046 [Thread-8680] INFO  grpc.GrpcConfigKeys$Server (ConfUtils.java:logGet(43)) - raft.grpc.server.port = 11466 (custom)
2019-10-21 04:40:09,046 [Thread-8680] INFO  server.GrpcService (ConfUtils.java:logGet(43)) - raft.grpc.message.size.max = 33554432 (custom)
2019-10-21 04:40:09,047 [Thread-8680] INFO  server.RaftServerConfigKeys (ConfUtils.java:logGet(43)) - raft.server.log.appender.buffer.byte-limit = 33554432 (custom)
2019-10-21 04:40:09,047 [Thread-8680] INFO  server.GrpcService (ConfUtils.java:logGet(43)) - raft.grpc.flow.control.window = 1MB (=1048576) (default)
2019-10-21 04:40:09,047 [Thread-8680] INFO  server.RaftServerConfigKeys (ConfUtils.java:logGet(43)) - raft.server.rpc.request.timeout = 3000ms (default)
2019-10-21 04:40:09,047 [Thread-8680] INFO  server.RaftServerConfigKeys (ConfUtils.java:logGet(43)) - raft.server.storage.dir = [/workdir/hadoop-ozone/integration-test/target/test-dir/MiniOzoneClusterImpl-908613f1-7148-4657-b39e-d6fc88855e70/omNode-2/ratis] (custom)
2019-10-21 04:40:09,048 [Thread-8680] INFO  impl.RaftServerProxy (RaftServerProxy.java:addNew(89)) - omNode-2: addNew group-523986131536:[omNode-3:localhost:11472, omNode-1:localhost:11460, omNode-2:localhost:11466] returns group-523986131536:java.util.concurrent.CompletableFuture@4852e1e6[Not completed]
2019-10-21 04:40:09,048 [pool-1613-thread-1] INFO  impl.RaftServerImpl (RaftServerImpl.java:<init>(95)) - omNode-2: new RaftServerImpl for group-523986131536:[omNode-3:localhost:11472, omNode-1:localhost:11460, omNode-2:localhost:11466] with OzoneManagerStateMachine:uninitialized
2019-10-21 04:40:09,048 [Thread-8680] INFO  om.OzoneManager (OzoneManager.java:initializeRatisServer(1217)) - OzoneManager Ratis server initialized at port 11466
2019-10-21 04:40:09,048 [pool-1613-thread-1] INFO  server.RaftServerConfigKeys (ConfUtils.java:logGet(43)) - raft.server.rpc.timeout.min = 1s (custom)
2019-10-21 04:40:09,048 [Thread-8680] WARN  scm.HddsServerUtil (HddsServerUtil.java:getDefaultRatisDirectory(354)) - Storage directory for Ratis is not configured. It is a good idea to map this to an SSD disk. Falling back to ozone.metadata.dirs
2019-10-21 04:40:09,048 [pool-1613-thread-1] INFO  server.RaftServerConfigKeys (ConfUtils.java:logGet(43)) - raft.server.rpc.timeout.max = 1200ms (custom)
2019-10-21 04:40:09,048 [Thread-8680] WARN  scm.HddsServerUtil (HddsServerUtil.java:getDefaultRatisDirectory(354)) - Storage directory for Ratis is not configured. It is a good idea to map this to an SSD disk. Falling back to ozone.metadata.dirs
2019-10-21 04:40:09,048 [pool-1613-thread-1] INFO  server.RaftServerConfigKeys (ConfUtils.java:logGet(43)) - raft.server.rpcslowness.timeout = 2s (custom)
2019-10-21 04:40:09,049 [Thread-8680] INFO  snapshot.OzoneManagerSnapshotProvider (OzoneManagerSnapshotProvider.java:<init>(81)) - Initializing OM Snapshot Provider
2019-10-21 04:40:09,049 [pool-1613-thread-1] INFO  server.RaftServerConfigKeys (ConfUtils.java:logGet(43)) - raft.server.sleep.deviation.threshold = 300 (default)
2019-10-21 04:40:09,049 [pool-1613-thread-1] INFO  server.RaftServerConfigKeys (ConfUtils.java:logGet(43)) - raft.server.log.appender.install.snapshot.enabled = false (custom)
2019-10-21 04:40:09,049 [pool-1613-thread-1] INFO  impl.RaftServerImpl (ServerState.java:<init>(103)) - omNode-2@group-523986131536: ConfigurationManager, init=-1: [omNode-3:localhost:11472, omNode-1:localhost:11460, omNode-2:localhost:11466], old=null, confs=<EMPTY_MAP>
2019-10-21 04:40:09,049 [pool-1613-thread-1] INFO  server.RaftServerConfigKeys (ConfUtils.java:logGet(43)) - raft.server.storage.dir = [/workdir/hadoop-ozone/integration-test/target/test-dir/MiniOzoneClusterImpl-908613f1-7148-4657-b39e-d6fc88855e70/omNode-2/ratis] (custom)
2019-10-21 04:40:09,050 [pool-1613-thread-1] INFO  server.RaftServerConfigKeys (ConfUtils.java:logGet(43)) - raft.server.log.corruption.policy = EXCEPTION (default)
2019-10-21 04:40:09,050 [pool-1613-thread-1] INFO  storage.RaftStorageDirectory (RaftStorageDirectory.java:analyzeStorage(246)) - The storage directory /workdir/hadoop-ozone/integration-test/target/test-dir/MiniOzoneClusterImpl-908613f1-7148-4657-b39e-d6fc88855e70/omNode-2/ratis/c9bc4cf4-3bc3-3c60-a66b-523986131536 does not exist. Creating ...
2019-10-21 04:40:09,050 [Thread-8680] INFO  ipc.CallQueueManager (CallQueueManager.java:<init>(84)) - Using callQueue: class java.util.concurrent.LinkedBlockingQueue, queueCapacity: 2000, scheduler: class org.apache.hadoop.ipc.DefaultRpcScheduler, ipcBackoff: false.
2019-10-21 04:40:09,051 [Socket Reader #1 for port 11462] INFO  ipc.Server (Server.java:run(1074)) - Starting Socket Reader #1 for port 11462
2019-10-21 04:40:09,063 [pool-1613-thread-1] INFO  storage.RaftStorageDirectory (RaftStorageDirectory.java:tryLock(328)) - Lock on /workdir/hadoop-ozone/integration-test/target/test-dir/MiniOzoneClusterImpl-908613f1-7148-4657-b39e-d6fc88855e70/omNode-2/ratis/c9bc4cf4-3bc3-3c60-a66b-523986131536/in_use.lock acquired by nodename 29612@pr-hdds-1569-252f9-3696506840
2019-10-21 04:40:09,066 [Thread-8680] INFO  om.OzoneManager (OzoneManager.java:start(1071)) - OzoneManager RPC server is listening at localhost/127.0.0.1:11462
2019-10-21 04:40:09,066 [Thread-8680] INFO  impl.MetricsSystemImpl (MetricsSystemImpl.java:init(158)) - OzoneManager metrics system started (again)
2019-10-21 04:40:09,066 [Thread-8680] INFO  ratis.OzoneManagerRatisServer (OzoneManagerRatisServer.java:start(333)) - Starting OzoneManagerRatisServer omNode-2 at port 11466
2019-10-21 04:40:09,066 [Thread-8807] INFO  impl.FollowerState (FollowerState.java:run(108)) - omNode-1@group-523986131536-FollowerState: change to CANDIDATE, lastRpcTime:1171ms, electionTimeout:1171ms
2019-10-21 04:40:09,067 [Thread-8807] INFO  impl.RoleInfo (RoleInfo.java:shutdownFollowerState(121)) - omNode-1: shutdown FollowerState
2019-10-21 04:40:09,067 [Thread-8807] INFO  impl.RaftServerImpl (RaftServerImpl.java:setRole(170)) - omNode-1@group-523986131536: changes role from  FOLLOWER to CANDIDATE at term 0 for changeToCandidate
2019-10-21 04:40:09,067 [Thread-8807] INFO  impl.RoleInfo (RoleInfo.java:updateAndGet(143)) - omNode-1: start LeaderElection
2019-10-21 04:40:09,116 [pool-1613-thread-1] INFO  storage.RaftStorage (RaftStorage.java:format(84)) - Storage directory /workdir/hadoop-ozone/integration-test/target/test-dir/MiniOzoneClusterImpl-908613f1-7148-4657-b39e-d6fc88855e70/omNode-2/ratis/c9bc4cf4-3bc3-3c60-a66b-523986131536 has been successfully formatted.
2019-10-21 04:40:09,116 [omNode-1@group-523986131536-LeaderElection243] INFO  impl.LeaderElection (LeaderElection.java:askForVotes(178)) - omNode-1@group-523986131536-LeaderElection243: begin an election at term 1 for -1: [omNode-3:localhost:11472, omNode-1:localhost:11460, omNode-2:localhost:11466], old=null
2019-10-21 04:40:09,116 [pool-1613-thread-1] INFO  server.RaftServerConfigKeys (ConfUtils.java:logGet(43)) - raft.server.notification.no-leader.timeout = 2s (custom)
2019-10-21 04:40:09,117 [pool-1613-thread-1] INFO  server.RaftServerConfigKeys (ConfUtils.java:logGet(43)) - raft.server.log.use.memory = false (default)
2019-10-21 04:40:09,117 [pool-1613-thread-1] INFO  server.RaftServerConfigKeys (ConfUtils.java:logGet(43)) - raft.server.log.purge.gap = 50 (custom)
2019-10-21 04:40:09,117 [pool-1613-thread-1] INFO  server.RaftServerConfigKeys (ConfUtils.java:logGet(43)) - raft.server.log.appender.buffer.byte-limit = 33554432 (custom)
2019-10-21 04:40:09,117 [pool-1613-thread-1] INFO  server.RaftServerConfigKeys (ConfUtils.java:logGet(43)) - raft.server.log.segment.size.max = 16384 (custom)
2019-10-21 04:40:09,117 [pool-1613-thread-1] INFO  server.RaftServerConfigKeys (ConfUtils.java:logGet(43)) - raft.server.log.segment.cache.num.max = 2 (custom)
2019-10-21 04:40:09,117 [pool-1613-thread-1] INFO  segmented.SegmentedRaftLogWorker (SegmentedRaftLogWorker.java:<init>(173)) - new omNode-2@group-523986131536-SegmentedRaftLogWorker for RaftStorage:Storage Directory /workdir/hadoop-ozone/integration-test/target/test-dir/MiniOzoneClusterImpl-908613f1-7148-4657-b39e-d6fc88855e70/omNode-2/ratis/c9bc4cf4-3bc3-3c60-a66b-523986131536
2019-10-21 04:40:09,117 [pool-1613-thread-1] INFO  server.RaftServerConfigKeys (ConfUtils.java:logGet(43)) - raft.server.log.queue.byte-limit = 64MB (=67108864) (default)
2019-10-21 04:40:09,117 [pool-1613-thread-1] INFO  server.RaftServerConfigKeys (ConfUtils.java:logGet(43)) - raft.server.log.queue.element-limit = 4096 (default)
2019-10-21 04:40:09,118 [pool-1613-thread-1] INFO  server.RaftServerConfigKeys (ConfUtils.java:logGet(43)) - raft.server.log.segment.size.max = 16384 (custom)
2019-10-21 04:40:09,118 [pool-1613-thread-1] INFO  server.RaftServerConfigKeys (ConfUtils.java:logGet(43)) - raft.server.log.preallocated.size = 16384 (custom)
2019-10-21 04:40:09,118 [pool-1613-thread-1] INFO  server.RaftServerConfigKeys (ConfUtils.java:logGet(43)) - raft.server.log.write.buffer.size = 64KB (=65536) (default)
2019-10-21 04:40:09,118 [pool-1613-thread-1] INFO  server.RaftServerConfigKeys (ConfUtils.java:logGet(43)) - raft.server.log.force.sync.num = 128 (default)
2019-10-21 04:40:09,118 [pool-1613-thread-1] INFO  server.RaftServerConfigKeys (ConfUtils.java:logGet(43)) - raft.server.log.statemachine.data.sync = true (default)
2019-10-21 04:40:09,118 [pool-1613-thread-1] INFO  server.RaftServerConfigKeys (ConfUtils.java:logGet(43)) - raft.server.log.statemachine.data.sync.timeout = 10s (default)
2019-10-21 04:40:09,118 [pool-1613-thread-1] INFO  server.RaftServerConfigKeys (ConfUtils.java:logGet(43)) - raft.server.log.statemachine.data.sync.timeout.retry = -1 (default)
2019-10-21 04:40:09,118 [pool-1613-thread-1] INFO  server.RaftServerConfigKeys (ConfUtils.java:logGet(43)) - raft.server.log.statemachine.data.caching.enabled = false (default)
2019-10-21 04:40:09,118 [pool-1613-thread-1] INFO  segmented.SegmentedRaftLogWorker (SegmentedRaftLogWorker.java:lambda$new$0(128)) - omNode-2@group-523986131536-SegmentedRaftLogWorker: flushIndex: setUnconditionally 0 -> -1
2019-10-21 04:40:09,119 [pool-1613-thread-1] INFO  server.RaftServerConfigKeys (ConfUtils.java:logGet(43)) - raft.server.snapshot.auto.trigger.enabled = true (custom)
2019-10-21 04:40:09,119 [pool-1613-thread-1] INFO  server.RaftServerConfigKeys (ConfUtils.java:logGet(43)) - raft.server.snapshot.auto.trigger.threshold = 50 (custom)
2019-10-21 04:40:09,119 [pool-1613-thread-1] INFO  server.RaftServerConfigKeys (ConfUtils.java:logGet(43)) - raft.server.snapshot.retention.file.num = -1 (default)
2019-10-21 04:40:09,119 [pool-1613-thread-1] INFO  server.RaftServerConfigKeys (ConfUtils.java:logGet(43)) - raft.server.retrycache.expirytime = 600000ms (custom)
2019-10-21 04:40:09,119 [omNode-1@group-523986131536-LeaderElection243] INFO  impl.LeaderElection (LogUtils.java:infoOrTrace(149)) - omNode-1@group-523986131536-LeaderElection243 got exception when requesting votes: {}
java.util.concurrent.ExecutionException: org.apache.ratis.thirdparty.io.grpc.StatusRuntimeException: UNAVAILABLE: io exception
	at java.util.concurrent.FutureTask.report(FutureTask.java:122)
	at java.util.concurrent.FutureTask.get(FutureTask.java:192)
	at org.apache.ratis.server.impl.LeaderElection.waitForResults(LeaderElection.java:259)
	at org.apache.ratis.server.impl.LeaderElection.askForVotes(LeaderElection.java:197)
	at org.apache.ratis.server.impl.LeaderElection.run(LeaderElection.java:133)
	at java.lang.Thread.run(Thread.java:748)
Caused by: org.apache.ratis.thirdparty.io.grpc.StatusRuntimeException: UNAVAILABLE: io exception
	at org.apache.ratis.thirdparty.io.grpc.stub.ClientCalls.toStatusRuntimeException(ClientCalls.java:233)
	at org.apache.ratis.thirdparty.io.grpc.stub.ClientCalls.getUnchecked(ClientCalls.java:214)
	at org.apache.ratis.thirdparty.io.grpc.stub.ClientCalls.blockingUnaryCall(ClientCalls.java:139)
	at org.apache.ratis.proto.grpc.RaftServerProtocolServiceGrpc$RaftServerProtocolServiceBlockingStub.requestVote(RaftServerProtocolServiceGrpc.java:265)
	at org.apache.ratis.grpc.server.GrpcServerProtocolClient.requestVote(GrpcServerProtocolClient.java:99)
	at org.apache.ratis.grpc.server.GrpcService.requestVote(GrpcService.java:204)
	at org.apache.ratis.server.impl.LeaderElection.lambda$submitRequests$1(LeaderElection.java:234)
	at java.util.concurrent.FutureTask.run(FutureTask.java:266)
	at java.util.concurrent.Executors$RunnableAdapter.call(Executors.java:511)
	at java.util.concurrent.FutureTask.run(FutureTask.java:266)
	at java.util.concurrent.ThreadPoolExecutor.runWorker(ThreadPoolExecutor.java:1149)
	at java.util.concurrent.ThreadPoolExecutor$Worker.run(ThreadPoolExecutor.java:624)
	... 1 more
Caused by: org.apache.ratis.thirdparty.io.netty.channel.AbstractChannel$AnnotatedConnectException: Connection refused: localhost/127.0.0.1:11472
	at sun.nio.ch.SocketChannelImpl.checkConnect(Native Method)
	at sun.nio.ch.SocketChannelImpl.finishConnect(SocketChannelImpl.java:717)
	at org.apache.ratis.thirdparty.io.netty.channel.socket.nio.NioSocketChannel.doFinishConnect(NioSocketChannel.java:327)
	at org.apache.ratis.thirdparty.io.netty.channel.nio.AbstractNioChannel$AbstractNioUnsafe.finishConnect(AbstractNioChannel.java:340)
	at org.apache.ratis.thirdparty.io.netty.channel.nio.NioEventLoop.processSelectedKey(NioEventLoop.java:632)
	at org.apache.ratis.thirdparty.io.netty.channel.nio.NioEventLoop.processSelectedKeysOptimized(NioEventLoop.java:579)
	at org.apache.ratis.thirdparty.io.netty.channel.nio.NioEventLoop.processSelectedKeys(NioEventLoop.java:496)
	at org.apache.ratis.thirdparty.io.netty.channel.nio.NioEventLoop.run(NioEventLoop.java:458)
	at org.apache.ratis.thirdparty.io.netty.util.concurrent.SingleThreadEventExecutor$5.run(SingleThreadEventExecutor.java:897)
	at org.apache.ratis.thirdparty.io.netty.util.concurrent.FastThreadLocalRunnable.run(FastThreadLocalRunnable.java:30)
	... 1 more
Caused by: java.net.ConnectException: Connection refused
	... 11 more
2019-10-21 04:40:09,121 [Thread-8680] INFO  impl.RaftServerImpl (RaftServerImpl.java:start(181)) - omNode-2@group-523986131536: start as a follower, conf=-1: [omNode-3:localhost:11472, omNode-1:localhost:11460, omNode-2:localhost:11466], old=null
2019-10-21 04:40:09,121 [omNode-1@group-523986131536-LeaderElection243] INFO  impl.LeaderElection (LogUtils.java:infoOrTrace(149)) - omNode-1@group-523986131536-LeaderElection243 got exception when requesting votes: {}
java.util.concurrent.ExecutionException: org.apache.ratis.thirdparty.io.grpc.StatusRuntimeException: UNAVAILABLE: io exception
	at java.util.concurrent.FutureTask.report(FutureTask.java:122)
	at java.util.concurrent.FutureTask.get(FutureTask.java:192)
	at org.apache.ratis.server.impl.LeaderElection.waitForResults(LeaderElection.java:259)
	at org.apache.ratis.server.impl.LeaderElection.askForVotes(LeaderElection.java:197)
	at org.apache.ratis.server.impl.LeaderElection.run(LeaderElection.java:133)
	at java.lang.Thread.run(Thread.java:748)
Caused by: org.apache.ratis.thirdparty.io.grpc.StatusRuntimeException: UNAVAILABLE: io exception
	at org.apache.ratis.thirdparty.io.grpc.stub.ClientCalls.toStatusRuntimeException(ClientCalls.java:233)
	at org.apache.ratis.thirdparty.io.grpc.stub.ClientCalls.getUnchecked(ClientCalls.java:214)
	at org.apache.ratis.thirdparty.io.grpc.stub.ClientCalls.blockingUnaryCall(ClientCalls.java:139)
	at org.apache.ratis.proto.grpc.RaftServerProtocolServiceGrpc$RaftServerProtocolServiceBlockingStub.requestVote(RaftServerProtocolServiceGrpc.java:265)
	at org.apache.ratis.grpc.server.GrpcServerProtocolClient.requestVote(GrpcServerProtocolClient.java:99)
	at org.apache.ratis.grpc.server.GrpcService.requestVote(GrpcService.java:204)
	at org.apache.ratis.server.impl.LeaderElection.lambda$submitRequests$1(LeaderElection.java:234)
	at java.util.concurrent.FutureTask.run(FutureTask.java:266)
	at java.util.concurrent.Executors$RunnableAdapter.call(Executors.java:511)
	at java.util.concurrent.FutureTask.run(FutureTask.java:266)
	at java.util.concurrent.ThreadPoolExecutor.runWorker(ThreadPoolExecutor.java:1149)
	at java.util.concurrent.ThreadPoolExecutor$Worker.run(ThreadPoolExecutor.java:624)
	... 1 more
Caused by: org.apache.ratis.thirdparty.io.netty.channel.AbstractChannel$AnnotatedConnectException: Connection refused: localhost/127.0.0.1:11466
	at sun.nio.ch.SocketChannelImpl.checkConnect(Native Method)
	at sun.nio.ch.SocketChannelImpl.finishConnect(SocketChannelImpl.java:717)
	at org.apache.ratis.thirdparty.io.netty.channel.socket.nio.NioSocketChannel.doFinishConnect(NioSocketChannel.java:327)
	at org.apache.ratis.thirdparty.io.netty.channel.nio.AbstractNioChannel$AbstractNioUnsafe.finishConnect(AbstractNioChannel.java:340)
	at org.apache.ratis.thirdparty.io.netty.channel.nio.NioEventLoop.processSelectedKey(NioEventLoop.java:632)
	at org.apache.ratis.thirdparty.io.netty.channel.nio.NioEventLoop.processSelectedKeysOptimized(NioEventLoop.java:579)
	at org.apache.ratis.thirdparty.io.netty.channel.nio.NioEventLoop.processSelectedKeys(NioEventLoop.java:496)
	at org.apache.ratis.thirdparty.io.netty.channel.nio.NioEventLoop.run(NioEventLoop.java:458)
	at org.apache.ratis.thirdparty.io.netty.util.concurrent.SingleThreadEventExecutor$5.run(SingleThreadEventExecutor.java:897)
	at org.apache.ratis.thirdparty.io.netty.util.concurrent.FastThreadLocalRunnable.run(FastThreadLocalRunnable.java:30)
	... 1 more
Caused by: java.net.ConnectException: Connection refused
	... 11 more
2019-10-21 04:40:09,122 [Thread-8680] INFO  impl.RaftServerImpl (RaftServerImpl.java:setRole(170)) - omNode-2@group-523986131536: changes role from      null to FOLLOWER at term 0 for startAsFollower
2019-10-21 04:40:09,122 [omNode-1@group-523986131536-LeaderElection243] INFO  impl.LeaderElection (LeaderElection.java:logAndReturn(56)) - omNode-1@group-523986131536-LeaderElection243: Election REJECTED; received 0 response(s) [] and 2 exception(s); omNode-1@group-523986131536:t1, leader=null, voted=omNode-1, raftlog=omNode-1@group-523986131536-SegmentedRaftLog:OPENED:c-1,f-1,i0, conf=-1: [omNode-3:localhost:11472, omNode-1:localhost:11460, omNode-2:localhost:11466], old=null
2019-10-21 04:40:09,122 [Thread-8680] INFO  impl.RoleInfo (RoleInfo.java:updateAndGet(143)) - omNode-2: start FollowerState
2019-10-21 04:40:09,122 [omNode-1@group-523986131536-LeaderElection243] INFO  impl.LeaderElection (LogUtils.java:infoOrTrace(149)) -   Exception 0: {}
java.util.concurrent.ExecutionException: org.apache.ratis.thirdparty.io.grpc.StatusRuntimeException: UNAVAILABLE: io exception
	at java.util.concurrent.FutureTask.report(FutureTask.java:122)
	at java.util.concurrent.FutureTask.get(FutureTask.java:192)
	at org.apache.ratis.server.impl.LeaderElection.waitForResults(LeaderElection.java:259)
	at org.apache.ratis.server.impl.LeaderElection.askForVotes(LeaderElection.java:197)
	at org.apache.ratis.server.impl.LeaderElection.run(LeaderElection.java:133)
	at java.lang.Thread.run(Thread.java:748)
Caused by: org.apache.ratis.thirdparty.io.grpc.StatusRuntimeException: UNAVAILABLE: io exception
	at org.apache.ratis.thirdparty.io.grpc.stub.ClientCalls.toStatusRuntimeException(ClientCalls.java:233)
	at org.apache.ratis.thirdparty.io.grpc.stub.ClientCalls.getUnchecked(ClientCalls.java:214)
	at org.apache.ratis.thirdparty.io.grpc.stub.ClientCalls.blockingUnaryCall(ClientCalls.java:139)
	at org.apache.ratis.proto.grpc.RaftServerProtocolServiceGrpc$RaftServerProtocolServiceBlockingStub.requestVote(RaftServerProtocolServiceGrpc.java:265)
	at org.apache.ratis.grpc.server.GrpcServerProtocolClient.requestVote(GrpcServerProtocolClient.java:99)
	at org.apache.ratis.grpc.server.GrpcService.requestVote(GrpcService.java:204)
	at org.apache.ratis.server.impl.LeaderElection.lambda$submitRequests$1(LeaderElection.java:234)
	at java.util.concurrent.FutureTask.run(FutureTask.java:266)
	at java.util.concurrent.Executors$RunnableAdapter.call(Executors.java:511)
	at java.util.concurrent.FutureTask.run(FutureTask.java:266)
	at java.util.concurrent.ThreadPoolExecutor.runWorker(ThreadPoolExecutor.java:1149)
	at java.util.concurrent.ThreadPoolExecutor$Worker.run(ThreadPoolExecutor.java:624)
	... 1 more
Caused by: org.apache.ratis.thirdparty.io.netty.channel.AbstractChannel$AnnotatedConnectException: Connection refused: localhost/127.0.0.1:11472
	at sun.nio.ch.SocketChannelImpl.checkConnect(Native Method)
	at sun.nio.ch.SocketChannelImpl.finishConnect(SocketChannelImpl.java:717)
	at org.apache.ratis.thirdparty.io.netty.channel.socket.nio.NioSocketChannel.doFinishConnect(NioSocketChannel.java:327)
	at org.apache.ratis.thirdparty.io.netty.channel.nio.AbstractNioChannel$AbstractNioUnsafe.finishConnect(AbstractNioChannel.java:340)
	at org.apache.ratis.thirdparty.io.netty.channel.nio.NioEventLoop.processSelectedKey(NioEventLoop.java:632)
	at org.apache.ratis.thirdparty.io.netty.channel.nio.NioEventLoop.processSelectedKeysOptimized(NioEventLoop.java:579)
	at org.apache.ratis.thirdparty.io.netty.channel.nio.NioEventLoop.processSelectedKeys(NioEventLoop.java:496)
	at org.apache.ratis.thirdparty.io.netty.channel.nio.NioEventLoop.run(NioEventLoop.java:458)
	at org.apache.ratis.thirdparty.io.netty.util.concurrent.SingleThreadEventExecutor$5.run(SingleThreadEventExecutor.java:897)
	at org.apache.ratis.thirdparty.io.netty.util.concurrent.FastThreadLocalRunnable.run(FastThreadLocalRunnable.java:30)
	... 1 more
Caused by: java.net.ConnectException: Connection refused
	... 11 more
2019-10-21 04:40:09,123 [Thread-8680] INFO  util.JmxRegister (JmxRegister.java:tryRegister(44)) - Successfully registered JMX Bean with object name Ratis:service=RaftServer,group=group-523986131536,id=omNode-2
2019-10-21 04:40:09,123 [omNode-1@group-523986131536-LeaderElection243] INFO  impl.LeaderElection (LogUtils.java:infoOrTrace(149)) -   Exception 1: {}
java.util.concurrent.ExecutionException: org.apache.ratis.thirdparty.io.grpc.StatusRuntimeException: UNAVAILABLE: io exception
	at java.util.concurrent.FutureTask.report(FutureTask.java:122)
	at java.util.concurrent.FutureTask.get(FutureTask.java:192)
	at org.apache.ratis.server.impl.LeaderElection.waitForResults(LeaderElection.java:259)
	at org.apache.ratis.server.impl.LeaderElection.askForVotes(LeaderElection.java:197)
	at org.apache.ratis.server.impl.LeaderElection.run(LeaderElection.java:133)
	at java.lang.Thread.run(Thread.java:748)
Caused by: org.apache.ratis.thirdparty.io.grpc.StatusRuntimeException: UNAVAILABLE: io exception
	at org.apache.ratis.thirdparty.io.grpc.stub.ClientCalls.toStatusRuntimeException(ClientCalls.java:233)
	at org.apache.ratis.thirdparty.io.grpc.stub.ClientCalls.getUnchecked(ClientCalls.java:214)
	at org.apache.ratis.thirdparty.io.grpc.stub.ClientCalls.blockingUnaryCall(ClientCalls.java:139)
	at org.apache.ratis.proto.grpc.RaftServerProtocolServiceGrpc$RaftServerProtocolServiceBlockingStub.requestVote(RaftServerProtocolServiceGrpc.java:265)
	at org.apache.ratis.grpc.server.GrpcServerProtocolClient.requestVote(GrpcServerProtocolClient.java:99)
	at org.apache.ratis.grpc.server.GrpcService.requestVote(GrpcService.java:204)
	at org.apache.ratis.server.impl.LeaderElection.lambda$submitRequests$1(LeaderElection.java:234)
	at java.util.concurrent.FutureTask.run(FutureTask.java:266)
	at java.util.concurrent.Executors$RunnableAdapter.call(Executors.java:511)
	at java.util.concurrent.FutureTask.run(FutureTask.java:266)
	at java.util.concurrent.ThreadPoolExecutor.runWorker(ThreadPoolExecutor.java:1149)
	at java.util.concurrent.ThreadPoolExecutor$Worker.run(ThreadPoolExecutor.java:624)
	... 1 more
Caused by: org.apache.ratis.thirdparty.io.netty.channel.AbstractChannel$AnnotatedConnectException: Connection refused: localhost/127.0.0.1:11466
	at sun.nio.ch.SocketChannelImpl.checkConnect(Native Method)
	at sun.nio.ch.SocketChannelImpl.finishConnect(SocketChannelImpl.java:717)
	at org.apache.ratis.thirdparty.io.netty.channel.socket.nio.NioSocketChannel.doFinishConnect(NioSocketChannel.java:327)
	at org.apache.ratis.thirdparty.io.netty.channel.nio.AbstractNioChannel$AbstractNioUnsafe.finishConnect(AbstractNioChannel.java:340)
	at org.apache.ratis.thirdparty.io.netty.channel.nio.NioEventLoop.processSelectedKey(NioEventLoop.java:632)
	at org.apache.ratis.thirdparty.io.netty.channel.nio.NioEventLoop.processSelectedKeysOptimized(NioEventLoop.java:579)
	at org.apache.ratis.thirdparty.io.netty.channel.nio.NioEventLoop.processSelectedKeys(NioEventLoop.java:496)
	at org.apache.ratis.thirdparty.io.netty.channel.nio.NioEventLoop.run(NioEventLoop.java:458)
	at org.apache.ratis.thirdparty.io.netty.util.concurrent.SingleThreadEventExecutor$5.run(SingleThreadEventExecutor.java:897)
	at org.apache.ratis.thirdparty.io.netty.util.concurrent.FastThreadLocalRunnable.run(FastThreadLocalRunnable.java:30)
	... 1 more
Caused by: java.net.ConnectException: Connection refused
	... 11 more
2019-10-21 04:40:09,123 [Thread-8680] INFO  impl.RaftServerProxy (RaftServerProxy.java:lambda$start$3(299)) - omNode-2: start RPC server
2019-10-21 04:40:09,123 [omNode-1@group-523986131536-LeaderElection243] INFO  impl.RaftServerImpl (RaftServerImpl.java:setRole(170)) - omNode-1@group-523986131536: changes role from CANDIDATE to FOLLOWER at term 1 for DISCOVERED_A_NEW_TERM
2019-10-21 04:40:09,124 [omNode-1@group-523986131536-LeaderElection243] INFO  impl.RoleInfo (RoleInfo.java:shutdownLeaderElection(134)) - omNode-1: shutdown LeaderElection
2019-10-21 04:40:09,124 [omNode-1@group-523986131536-LeaderElection243] INFO  impl.RoleInfo (RoleInfo.java:updateAndGet(143)) - omNode-1: start FollowerState
2019-10-21 04:40:09,124 [Thread-8680] INFO  server.GrpcService (GrpcService.java:startImpl(158)) - omNode-2: GrpcService started, listening on 0.0.0.0/0.0.0.0:11466
2019-10-21 04:40:09,127 [IPC Server listener on 11462] INFO  ipc.Server (Server.java:run(1153)) - IPC Server listener on 11462: starting
2019-10-21 04:40:09,127 [IPC Server Responder] INFO  ipc.Server (Server.java:run(1314)) - IPC Server Responder: starting
2019-10-21 04:40:09,134 [Thread-8680] INFO  hdfs.DFSUtil (DFSUtil.java:httpServerTemplateForNNAndJN(1641)) - Starting Web-server for ozoneManager at: http://0.0.0.0:11464
2019-10-21 04:40:09,135 [Thread-8680] INFO  server.AuthenticationFilter (AuthenticationFilter.java:constructSecretProvider(240)) - Unable to initialize FileSignerSecretProvider, falling back to use random secrets.
2019-10-21 04:40:09,135 [Thread-8680] WARN  http.HttpRequestLog (HttpRequestLog.java:getRequestLog(97)) - Jetty request log can only be enabled using Log4j
2019-10-21 04:40:09,136 [Thread-8680] INFO  http.HttpServer2 (HttpServer2.java:addGlobalFilter(975)) - Added global filter 'safety' (class=org.apache.hadoop.http.HttpServer2$QuotingInputFilter)
2019-10-21 04:40:09,136 [Thread-8680] INFO  http.HttpServer2 (HttpServer2.java:addFilter(948)) - Added filter static_user_filter (class=org.apache.hadoop.http.lib.StaticUserWebFilter$StaticUserFilter) to context ozoneManager
2019-10-21 04:40:09,136 [Thread-8680] INFO  http.HttpServer2 (HttpServer2.java:addFilter(958)) - Added filter static_user_filter (class=org.apache.hadoop.http.lib.StaticUserWebFilter$StaticUserFilter) to context static
2019-10-21 04:40:09,137 [Thread-8680] INFO  http.HttpServer2 (HttpServer2.java:addFilter(958)) - Added filter static_user_filter (class=org.apache.hadoop.http.lib.StaticUserWebFilter$StaticUserFilter) to context logs
2019-10-21 04:40:09,137 [Thread-8680] INFO  http.HttpServer2 (HttpServer2.java:bindListener(1191)) - Jetty bound to port 11464
2019-10-21 04:40:09,137 [Thread-8680] INFO  server.Server (Server.java:doStart(351)) - jetty-9.3.25.v20180904, build timestamp: 2018-09-04T21:11:46Z, git hash: 3ce520221d0240229c862b122d2b06c12a625732
2019-10-21 04:40:09,139 [Thread-8680] INFO  handler.ContextHandler (ContextHandler.java:doStart(781)) - Started o.e.j.s.ServletContextHandler@16b48a{/logs,file:///workdir/hadoop-ozone/integration-test/target/log,AVAILABLE}
2019-10-21 04:40:09,139 [Thread-8680] INFO  handler.ContextHandler (ContextHandler.java:doStart(781)) - Started o.e.j.s.ServletContextHandler@11af5c0d{/static,file:///workdir/hadoop-ozone/integration-test/target/test-classes/webapps/static,AVAILABLE}
2019-10-21 04:40:09,143 [Thread-8680] INFO  handler.ContextHandler (ContextHandler.java:doStart(781)) - Started o.e.j.w.WebAppContext@2b334012{/,file:///workdir/hadoop-ozone/integration-test/target/test-classes/webapps/ozoneManager/,AVAILABLE}{/ozoneManager}
2019-10-21 04:40:09,143 [Thread-8680] INFO  server.AbstractConnector (AbstractConnector.java:doStart(278)) - Started ServerConnector@359a2d2f{HTTP/1.1,[http/1.1]}{0.0.0.0:11464}
2019-10-21 04:40:09,145 [Thread-8680] INFO  server.Server (Server.java:doStart(419)) - Started @836419ms
2019-10-21 04:40:09,145 [Thread-8680] WARN  impl.MetricsSystemImpl (MetricsSystemImpl.java:register(276)) - Sink prometheus already exists!
2019-10-21 04:40:09,145 [Thread-8680] INFO  server.BaseHttpServer (BaseHttpServer.java:updateConnectorAddress(215)) - HTTP server of OZONEMANAGER is listening at http://0.0.0.0:11464
2019-10-21 04:40:09,146 [Thread-8680] INFO  ozone.MiniOzoneHAClusterImpl (MiniOzoneHAClusterImpl.java:createOMService(274)) - Started OzoneManager RPC server at localhost/127.0.0.1:11462
2019-10-21 04:40:09,146 [Thread-8680] WARN  server.ServerUtils (ServerUtils.java:getDBPath(222)) - ozone.om.db.dirs is not configured. We recommend adding this setting. Falling back to ozone.metadata.dirs instead.
2019-10-21 04:40:09,160 [Thread-8680] INFO  ha.OMHANodeDetails (OMHANodeDetails.java:loadOMHAConfig(165)) - Found matching OM address with OMServiceId: om-service-test1, OMNodeId: omNode-3, RPC Address: localhost:11468 and Ratis port: 11472
2019-10-21 04:40:09,160 [Thread-8680] INFO  ha.OMHANodeDetails (OMHANodeDetails.java:setOMNodeSpecificConfigs(298)) - Setting configuration key ozone.om.http-address with value of key ozone.om.http-address.omNode-3: 127.0.0.1:11470
2019-10-21 04:40:09,160 [Thread-8680] INFO  ha.OMHANodeDetails (OMHANodeDetails.java:setOMNodeSpecificConfigs(298)) - Setting configuration key ozone.om.https-address with value of key ozone.om.https-address.omNode-3: 127.0.0.1:11471
2019-10-21 04:40:09,160 [Thread-8680] INFO  ha.OMHANodeDetails (OMHANodeDetails.java:setOMNodeSpecificConfigs(298)) - Setting configuration key ozone.om.address with value of key ozone.om.address.omNode-3: 127.0.0.1:11468
2019-10-21 04:40:09,160 [Thread-8680] WARN  server.ServerUtils (ServerUtils.java:getDBPath(222)) - ozone.om.db.dirs is not configured. We recommend adding this setting. Falling back to ozone.metadata.dirs instead.
2019-10-21 04:40:09,160 [Thread-8680] WARN  server.ServerUtils (ServerUtils.java:getDBPath(222)) - ozone.om.db.dirs is not configured. We recommend adding this setting. Falling back to ozone.metadata.dirs instead.
2019-10-21 04:40:09,165 [Thread-8680] WARN  server.ServerUtils (ServerUtils.java:getDBPath(222)) - ozone.om.db.dirs is not configured. We recommend adding this setting. Falling back to ozone.metadata.dirs instead.
2019-10-21 04:40:09,165 [Thread-8680] INFO  db.DBStoreBuilder (DBStoreBuilder.java:addTable(117)) - using custom profile for table: userTable
2019-10-21 04:40:09,166 [Thread-8680] INFO  db.DBStoreBuilder (DBStoreBuilder.java:processTables(168)) - Using default column profile:DBProfile.DISK for Table:userTable
2019-10-21 04:40:09,166 [Thread-8680] INFO  db.DBStoreBuilder (DBStoreBuilder.java:addTable(117)) - using custom profile for table: volumeTable
2019-10-21 04:40:09,166 [Thread-8680] INFO  db.DBStoreBuilder (DBStoreBuilder.java:processTables(168)) - Using default column profile:DBProfile.DISK for Table:volumeTable
2019-10-21 04:40:09,166 [Thread-8680] INFO  db.DBStoreBuilder (DBStoreBuilder.java:addTable(117)) - using custom profile for table: bucketTable
2019-10-21 04:40:09,166 [Thread-8680] INFO  db.DBStoreBuilder (DBStoreBuilder.java:processTables(168)) - Using default column profile:DBProfile.DISK for Table:bucketTable
2019-10-21 04:40:09,166 [Thread-8680] INFO  db.DBStoreBuilder (DBStoreBuilder.java:addTable(117)) - using custom profile for table: keyTable
2019-10-21 04:40:09,166 [Thread-8680] INFO  db.DBStoreBuilder (DBStoreBuilder.java:processTables(168)) - Using default column profile:DBProfile.DISK for Table:keyTable
2019-10-21 04:40:09,166 [Thread-8680] INFO  db.DBStoreBuilder (DBStoreBuilder.java:addTable(117)) - using custom profile for table: deletedTable
2019-10-21 04:40:09,166 [Thread-8680] INFO  db.DBStoreBuilder (DBStoreBuilder.java:processTables(168)) - Using default column profile:DBProfile.DISK for Table:deletedTable
2019-10-21 04:40:09,166 [Thread-8680] INFO  db.DBStoreBuilder (DBStoreBuilder.java:addTable(117)) - using custom profile for table: openKeyTable
2019-10-21 04:40:09,166 [Thread-8680] INFO  db.DBStoreBuilder (DBStoreBuilder.java:processTables(168)) - Using default column profile:DBProfile.DISK for Table:openKeyTable
2019-10-21 04:40:09,166 [Thread-8680] INFO  db.DBStoreBuilder (DBStoreBuilder.java:addTable(117)) - using custom profile for table: s3Table
2019-10-21 04:40:09,167 [Thread-8680] INFO  db.DBStoreBuilder (DBStoreBuilder.java:processTables(168)) - Using default column profile:DBProfile.DISK for Table:s3Table
2019-10-21 04:40:09,167 [Thread-8680] INFO  db.DBStoreBuilder (DBStoreBuilder.java:addTable(117)) - using custom profile for table: multipartInfoTable
2019-10-21 04:40:09,167 [Thread-8680] INFO  db.DBStoreBuilder (DBStoreBuilder.java:processTables(168)) - Using default column profile:DBProfile.DISK for Table:multipartInfoTable
2019-10-21 04:40:09,167 [Thread-8680] INFO  db.DBStoreBuilder (DBStoreBuilder.java:addTable(117)) - using custom profile for table: dTokenTable
2019-10-21 04:40:09,167 [Thread-8680] INFO  db.DBStoreBuilder (DBStoreBuilder.java:processTables(168)) - Using default column profile:DBProfile.DISK for Table:dTokenTable
2019-10-21 04:40:09,167 [Thread-8680] INFO  db.DBStoreBuilder (DBStoreBuilder.java:addTable(117)) - using custom profile for table: s3SecretTable
2019-10-21 04:40:09,167 [Thread-8680] INFO  db.DBStoreBuilder (DBStoreBuilder.java:processTables(168)) - Using default column profile:DBProfile.DISK for Table:s3SecretTable
2019-10-21 04:40:09,167 [Thread-8680] INFO  db.DBStoreBuilder (DBStoreBuilder.java:addTable(117)) - using custom profile for table: prefixTable
2019-10-21 04:40:09,167 [Thread-8680] INFO  db.DBStoreBuilder (DBStoreBuilder.java:processTables(168)) - Using default column profile:DBProfile.DISK for Table:prefixTable
2019-10-21 04:40:09,167 [Thread-8680] INFO  db.DBStoreBuilder (DBStoreBuilder.java:addTable(117)) - using custom profile for table: default
2019-10-21 04:40:09,167 [Thread-8680] INFO  db.DBStoreBuilder (DBStoreBuilder.java:processTables(174)) - Using default column profile:DBProfile.DISK for Table:default
2019-10-21 04:40:09,167 [Thread-8680] INFO  db.DBStoreBuilder (DBStoreBuilder.java:getDbProfile(205)) - Using default options. DBProfile.DISK
2019-10-21 04:40:10,282 [Thread-8850] INFO  impl.FollowerState (FollowerState.java:run(108)) - omNode-2@group-523986131536-FollowerState: change to CANDIDATE, lastRpcTime:1159ms, electionTimeout:1159ms
2019-10-21 04:40:10,282 [Thread-8850] INFO  impl.RoleInfo (RoleInfo.java:shutdownFollowerState(121)) - omNode-2: shutdown FollowerState
2019-10-21 04:40:10,282 [Thread-8850] INFO  impl.RaftServerImpl (RaftServerImpl.java:setRole(170)) - omNode-2@group-523986131536: changes role from  FOLLOWER to CANDIDATE at term 0 for changeToCandidate
2019-10-21 04:40:10,282 [Thread-8850] INFO  impl.RoleInfo (RoleInfo.java:updateAndGet(143)) - omNode-2: start LeaderElection
2019-10-21 04:40:10,297 [Thread-8851] INFO  impl.FollowerState (FollowerState.java:run(108)) - omNode-1@group-523986131536-FollowerState: change to CANDIDATE, lastRpcTime:1173ms, electionTimeout:1173ms
2019-10-21 04:40:10,297 [Thread-8851] INFO  impl.RoleInfo (RoleInfo.java:shutdownFollowerState(121)) - omNode-1: shutdown FollowerState
2019-10-21 04:40:10,297 [Thread-8851] INFO  impl.RaftServerImpl (RaftServerImpl.java:setRole(170)) - omNode-1@group-523986131536: changes role from  FOLLOWER to CANDIDATE at term 1 for changeToCandidate
2019-10-21 04:40:10,297 [Thread-8851] INFO  impl.RoleInfo (RoleInfo.java:updateAndGet(143)) - omNode-1: start LeaderElection
2019-10-21 04:40:10,301 [omNode-2@group-523986131536-LeaderElection244] INFO  impl.LeaderElection (LeaderElection.java:askForVotes(178)) - omNode-2@group-523986131536-LeaderElection244: begin an election at term 1 for -1: [omNode-3:localhost:11472, omNode-1:localhost:11460, omNode-2:localhost:11466], old=null
2019-10-21 04:40:10,303 [omNode-2@group-523986131536-LeaderElection244] INFO  impl.LeaderElection (LogUtils.java:infoOrTrace(149)) - omNode-2@group-523986131536-LeaderElection244 got exception when requesting votes: {}
java.util.concurrent.ExecutionException: org.apache.ratis.thirdparty.io.grpc.StatusRuntimeException: UNAVAILABLE: io exception
	at java.util.concurrent.FutureTask.report(FutureTask.java:122)
	at java.util.concurrent.FutureTask.get(FutureTask.java:192)
	at org.apache.ratis.server.impl.LeaderElection.waitForResults(LeaderElection.java:259)
	at org.apache.ratis.server.impl.LeaderElection.askForVotes(LeaderElection.java:197)
	at org.apache.ratis.server.impl.LeaderElection.run(LeaderElection.java:133)
	at java.lang.Thread.run(Thread.java:748)
Caused by: org.apache.ratis.thirdparty.io.grpc.StatusRuntimeException: UNAVAILABLE: io exception
	at org.apache.ratis.thirdparty.io.grpc.stub.ClientCalls.toStatusRuntimeException(ClientCalls.java:233)
	at org.apache.ratis.thirdparty.io.grpc.stub.ClientCalls.getUnchecked(ClientCalls.java:214)
	at org.apache.ratis.thirdparty.io.grpc.stub.ClientCalls.blockingUnaryCall(ClientCalls.java:139)
	at org.apache.ratis.proto.grpc.RaftServerProtocolServiceGrpc$RaftServerProtocolServiceBlockingStub.requestVote(RaftServerProtocolServiceGrpc.java:265)
	at org.apache.ratis.grpc.server.GrpcServerProtocolClient.requestVote(GrpcServerProtocolClient.java:99)
	at org.apache.ratis.grpc.server.GrpcService.requestVote(GrpcService.java:204)
	at org.apache.ratis.server.impl.LeaderElection.lambda$submitRequests$1(LeaderElection.java:234)
	at java.util.concurrent.FutureTask.run(FutureTask.java:266)
	at java.util.concurrent.Executors$RunnableAdapter.call(Executors.java:511)
	at java.util.concurrent.FutureTask.run(FutureTask.java:266)
	at java.util.concurrent.ThreadPoolExecutor.runWorker(ThreadPoolExecutor.java:1149)
	at java.util.concurrent.ThreadPoolExecutor$Worker.run(ThreadPoolExecutor.java:624)
	... 1 more
Caused by: org.apache.ratis.thirdparty.io.netty.channel.AbstractChannel$AnnotatedConnectException: Connection refused: localhost/127.0.0.1:11472
	at sun.nio.ch.SocketChannelImpl.checkConnect(Native Method)
	at sun.nio.ch.SocketChannelImpl.finishConnect(SocketChannelImpl.java:717)
	at org.apache.ratis.thirdparty.io.netty.channel.socket.nio.NioSocketChannel.doFinishConnect(NioSocketChannel.java:327)
	at org.apache.ratis.thirdparty.io.netty.channel.nio.AbstractNioChannel$AbstractNioUnsafe.finishConnect(AbstractNioChannel.java:340)
	at org.apache.ratis.thirdparty.io.netty.channel.nio.NioEventLoop.processSelectedKey(NioEventLoop.java:632)
	at org.apache.ratis.thirdparty.io.netty.channel.nio.NioEventLoop.processSelectedKeysOptimized(NioEventLoop.java:579)
	at org.apache.ratis.thirdparty.io.netty.channel.nio.NioEventLoop.processSelectedKeys(NioEventLoop.java:496)
	at org.apache.ratis.thirdparty.io.netty.channel.nio.NioEventLoop.run(NioEventLoop.java:458)
	at org.apache.ratis.thirdparty.io.netty.util.concurrent.SingleThreadEventExecutor$5.run(SingleThreadEventExecutor.java:897)
	at org.apache.ratis.thirdparty.io.netty.util.concurrent.FastThreadLocalRunnable.run(FastThreadLocalRunnable.java:30)
	... 1 more
Caused by: java.net.ConnectException: Connection refused
	... 11 more
2019-10-21 04:40:10,359 [omNode-1@group-523986131536-LeaderElection245] INFO  impl.LeaderElection (LeaderElection.java:askForVotes(178)) - omNode-1@group-523986131536-LeaderElection245: begin an election at term 2 for -1: [omNode-3:localhost:11472, omNode-1:localhost:11460, omNode-2:localhost:11466], old=null
2019-10-21 04:40:10,363 [omNode-1@group-523986131536-LeaderElection245] INFO  impl.LeaderElection (LogUtils.java:infoOrTrace(149)) - omNode-1@group-523986131536-LeaderElection245 got exception when requesting votes: {}
java.util.concurrent.ExecutionException: org.apache.ratis.thirdparty.io.grpc.StatusRuntimeException: UNAVAILABLE: io exception
	at java.util.concurrent.FutureTask.report(FutureTask.java:122)
	at java.util.concurrent.FutureTask.get(FutureTask.java:192)
	at org.apache.ratis.server.impl.LeaderElection.waitForResults(LeaderElection.java:259)
	at org.apache.ratis.server.impl.LeaderElection.askForVotes(LeaderElection.java:197)
	at org.apache.ratis.server.impl.LeaderElection.run(LeaderElection.java:133)
	at java.lang.Thread.run(Thread.java:748)
Caused by: org.apache.ratis.thirdparty.io.grpc.StatusRuntimeException: UNAVAILABLE: io exception
	at org.apache.ratis.thirdparty.io.grpc.stub.ClientCalls.toStatusRuntimeException(ClientCalls.java:233)
	at org.apache.ratis.thirdparty.io.grpc.stub.ClientCalls.getUnchecked(ClientCalls.java:214)
	at org.apache.ratis.thirdparty.io.grpc.stub.ClientCalls.blockingUnaryCall(ClientCalls.java:139)
	at org.apache.ratis.proto.grpc.RaftServerProtocolServiceGrpc$RaftServerProtocolServiceBlockingStub.requestVote(RaftServerProtocolServiceGrpc.java:265)
	at org.apache.ratis.grpc.server.GrpcServerProtocolClient.requestVote(GrpcServerProtocolClient.java:99)
	at org.apache.ratis.grpc.server.GrpcService.requestVote(GrpcService.java:204)
	at org.apache.ratis.server.impl.LeaderElection.lambda$submitRequests$1(LeaderElection.java:234)
	at java.util.concurrent.FutureTask.run(FutureTask.java:266)
	at java.util.concurrent.Executors$RunnableAdapter.call(Executors.java:511)
	at java.util.concurrent.FutureTask.run(FutureTask.java:266)
	at java.util.concurrent.ThreadPoolExecutor.runWorker(ThreadPoolExecutor.java:1149)
	at java.util.concurrent.ThreadPoolExecutor$Worker.run(ThreadPoolExecutor.java:624)
	... 1 more
Caused by: org.apache.ratis.thirdparty.io.netty.channel.AbstractChannel$AnnotatedConnectException: Connection refused: localhost/127.0.0.1:11472
	at sun.nio.ch.SocketChannelImpl.checkConnect(Native Method)
	at sun.nio.ch.SocketChannelImpl.finishConnect(SocketChannelImpl.java:717)
	at org.apache.ratis.thirdparty.io.netty.channel.socket.nio.NioSocketChannel.doFinishConnect(NioSocketChannel.java:327)
	at org.apache.ratis.thirdparty.io.netty.channel.nio.AbstractNioChannel$AbstractNioUnsafe.finishConnect(AbstractNioChannel.java:340)
	at org.apache.ratis.thirdparty.io.netty.channel.nio.NioEventLoop.processSelectedKey(NioEventLoop.java:632)
	at org.apache.ratis.thirdparty.io.netty.channel.nio.NioEventLoop.processSelectedKeysOptimized(NioEventLoop.java:579)
	at org.apache.ratis.thirdparty.io.netty.channel.nio.NioEventLoop.processSelectedKeys(NioEventLoop.java:496)
	at org.apache.ratis.thirdparty.io.netty.channel.nio.NioEventLoop.run(NioEventLoop.java:458)
	at org.apache.ratis.thirdparty.io.netty.util.concurrent.SingleThreadEventExecutor$5.run(SingleThreadEventExecutor.java:897)
	at org.apache.ratis.thirdparty.io.netty.util.concurrent.FastThreadLocalRunnable.run(FastThreadLocalRunnable.java:30)
	... 1 more
Caused by: java.net.ConnectException: Connection refused
	... 11 more
2019-10-21 04:40:10,363 [omNode-2@group-523986131536-LeaderElection244] INFO  impl.LeaderElection (LeaderElection.java:logAndReturn(56)) - omNode-2@group-523986131536-LeaderElection244: Election DISCOVERED_A_NEW_TERM; received 1 response(s) [omNode-2<-omNode-1#0:FAIL-t2] and 1 exception(s); omNode-2@group-523986131536:t1, leader=null, voted=omNode-2, raftlog=omNode-2@group-523986131536-SegmentedRaftLog:OPENED:c-1,f-1,i0, conf=-1: [omNode-3:localhost:11472, omNode-1:localhost:11460, omNode-2:localhost:11466], old=null
2019-10-21 04:40:10,363 [omNode-2@group-523986131536-LeaderElection244] INFO  impl.LeaderElection (LogUtils.java:infoOrTrace(149)) -   Exception 0: {}
java.util.concurrent.ExecutionException: org.apache.ratis.thirdparty.io.grpc.StatusRuntimeException: UNAVAILABLE: io exception
	at java.util.concurrent.FutureTask.report(FutureTask.java:122)
	at java.util.concurrent.FutureTask.get(FutureTask.java:192)
	at org.apache.ratis.server.impl.LeaderElection.waitForResults(LeaderElection.java:259)
	at org.apache.ratis.server.impl.LeaderElection.askForVotes(LeaderElection.java:197)
	at org.apache.ratis.server.impl.LeaderElection.run(LeaderElection.java:133)
	at java.lang.Thread.run(Thread.java:748)
Caused by: org.apache.ratis.thirdparty.io.grpc.StatusRuntimeException: UNAVAILABLE: io exception
	at org.apache.ratis.thirdparty.io.grpc.stub.ClientCalls.toStatusRuntimeException(ClientCalls.java:233)
	at org.apache.ratis.thirdparty.io.grpc.stub.ClientCalls.getUnchecked(ClientCalls.java:214)
	at org.apache.ratis.thirdparty.io.grpc.stub.ClientCalls.blockingUnaryCall(ClientCalls.java:139)
	at org.apache.ratis.proto.grpc.RaftServerProtocolServiceGrpc$RaftServerProtocolServiceBlockingStub.requestVote(RaftServerProtocolServiceGrpc.java:265)
	at org.apache.ratis.grpc.server.GrpcServerProtocolClient.requestVote(GrpcServerProtocolClient.java:99)
	at org.apache.ratis.grpc.server.GrpcService.requestVote(GrpcService.java:204)
	at org.apache.ratis.server.impl.LeaderElection.lambda$submitRequests$1(LeaderElection.java:234)
	at java.util.concurrent.FutureTask.run(FutureTask.java:266)
	at java.util.concurrent.Executors$RunnableAdapter.call(Executors.java:511)
	at java.util.concurrent.FutureTask.run(FutureTask.java:266)
	at java.util.concurrent.ThreadPoolExecutor.runWorker(ThreadPoolExecutor.java:1149)
	at java.util.concurrent.ThreadPoolExecutor$Worker.run(ThreadPoolExecutor.java:624)
	... 1 more
Caused by: org.apache.ratis.thirdparty.io.netty.channel.AbstractChannel$AnnotatedConnectException: Connection refused: localhost/127.0.0.1:11472
	at sun.nio.ch.SocketChannelImpl.checkConnect(Native Method)
	at sun.nio.ch.SocketChannelImpl.finishConnect(SocketChannelImpl.java:717)
	at org.apache.ratis.thirdparty.io.netty.channel.socket.nio.NioSocketChannel.doFinishConnect(NioSocketChannel.java:327)
	at org.apache.ratis.thirdparty.io.netty.channel.nio.AbstractNioChannel$AbstractNioUnsafe.finishConnect(AbstractNioChannel.java:340)
	at org.apache.ratis.thirdparty.io.netty.channel.nio.NioEventLoop.processSelectedKey(NioEventLoop.java:632)
	at org.apache.ratis.thirdparty.io.netty.channel.nio.NioEventLoop.processSelectedKeysOptimized(NioEventLoop.java:579)
	at org.apache.ratis.thirdparty.io.netty.channel.nio.NioEventLoop.processSelectedKeys(NioEventLoop.java:496)
	at org.apache.ratis.thirdparty.io.netty.channel.nio.NioEventLoop.run(NioEventLoop.java:458)
	at org.apache.ratis.thirdparty.io.netty.util.concurrent.SingleThreadEventExecutor$5.run(SingleThreadEventExecutor.java:897)
	at org.apache.ratis.thirdparty.io.netty.util.concurrent.FastThreadLocalRunnable.run(FastThreadLocalRunnable.java:30)
	... 1 more
Caused by: java.net.ConnectException: Connection refused
	... 11 more
2019-10-21 04:40:10,363 [omNode-2@group-523986131536-LeaderElection244] INFO  impl.RaftServerImpl (RaftServerImpl.java:setRole(170)) - omNode-2@group-523986131536: changes role from CANDIDATE to FOLLOWER at term 2 for DISCOVERED_A_NEW_TERM
2019-10-21 04:40:10,364 [omNode-2@group-523986131536-LeaderElection244] INFO  impl.RoleInfo (RoleInfo.java:shutdownLeaderElection(134)) - omNode-2: shutdown LeaderElection
2019-10-21 04:40:10,364 [omNode-2@group-523986131536-LeaderElection244] INFO  impl.RoleInfo (RoleInfo.java:updateAndGet(143)) - omNode-2: start FollowerState
2019-10-21 04:40:10,366 [Thread-8680] WARN  scm.HddsServerUtil (HddsServerUtil.java:getDefaultRatisDirectory(354)) - Storage directory for Ratis is not configured. It is a good idea to map this to an SSD disk. Falling back to ozone.metadata.dirs
2019-10-21 04:40:10,368 [Thread-8680] INFO  ratis.OzoneManagerRatisServer (OzoneManagerRatisServer.java:<init>(243)) - Instantiating OM Ratis server with GroupID: om-service-test1 and Raft Peers: localhost:11472, localhost:11460, localhost:11466
2019-10-21 04:40:10,369 [Thread-8680] INFO  impl.RaftServerProxy (ConfUtils.java:logGet(43)) - raft.rpc.type = GRPC (default)
2019-10-21 04:40:10,369 [Thread-8680] INFO  grpc.GrpcFactory (GrpcFactory.java:checkPooledByteBufAllocatorUseCacheForAllThreads(45)) - PERFORMANCE WARNING: useCacheForAllThreads is true that may cause Netty to create a lot garbage objects and, as a result, trigger GC.
	It is recommended to disable useCacheForAllThreads by setting -Dorg.apache.ratis.thirdparty.io.netty.allocator.useCacheForAllThreads=false in command line.
2019-10-21 04:40:10,369 [Thread-8680] INFO  grpc.GrpcConfigKeys$Server (ConfUtils.java:logGet(43)) - raft.grpc.server.port = 11472 (custom)
2019-10-21 04:40:10,370 [Thread-8680] INFO  server.GrpcService (ConfUtils.java:logGet(43)) - raft.grpc.message.size.max = 33554432 (custom)
2019-10-21 04:40:10,370 [Thread-8680] INFO  server.RaftServerConfigKeys (ConfUtils.java:logGet(43)) - raft.server.log.appender.buffer.byte-limit = 33554432 (custom)
2019-10-21 04:40:10,370 [Thread-8680] INFO  server.GrpcService (ConfUtils.java:logGet(43)) - raft.grpc.flow.control.window = 1MB (=1048576) (default)
2019-10-21 04:40:10,370 [Thread-8680] INFO  server.RaftServerConfigKeys (ConfUtils.java:logGet(43)) - raft.server.rpc.request.timeout = 3000ms (default)
2019-10-21 04:40:10,371 [Thread-8680] INFO  server.RaftServerConfigKeys (ConfUtils.java:logGet(43)) - raft.server.storage.dir = [/workdir/hadoop-ozone/integration-test/target/test-dir/MiniOzoneClusterImpl-908613f1-7148-4657-b39e-d6fc88855e70/omNode-3/ratis] (custom)
2019-10-21 04:40:10,371 [Thread-8680] INFO  impl.RaftServerProxy (RaftServerProxy.java:addNew(89)) - omNode-3: addNew group-523986131536:[omNode-3:localhost:11472, omNode-1:localhost:11460, omNode-2:localhost:11466] returns group-523986131536:java.util.concurrent.CompletableFuture@72a0d150[Not completed]
2019-10-21 04:40:10,371 [pool-1629-thread-1] INFO  impl.RaftServerImpl (RaftServerImpl.java:<init>(95)) - omNode-3: new RaftServerImpl for group-523986131536:[omNode-3:localhost:11472, omNode-1:localhost:11460, omNode-2:localhost:11466] with OzoneManagerStateMachine:uninitialized
2019-10-21 04:40:10,371 [pool-1629-thread-1] INFO  server.RaftServerConfigKeys (ConfUtils.java:logGet(43)) - raft.server.rpc.timeout.min = 1s (custom)
2019-10-21 04:40:10,371 [Thread-8680] INFO  om.OzoneManager (OzoneManager.java:initializeRatisServer(1217)) - OzoneManager Ratis server initialized at port 11472
2019-10-21 04:40:10,371 [pool-1629-thread-1] INFO  server.RaftServerConfigKeys (ConfUtils.java:logGet(43)) - raft.server.rpc.timeout.max = 1200ms (custom)
2019-10-21 04:40:10,372 [Thread-8680] WARN  scm.HddsServerUtil (HddsServerUtil.java:getDefaultRatisDirectory(354)) - Storage directory for Ratis is not configured. It is a good idea to map this to an SSD disk. Falling back to ozone.metadata.dirs
2019-10-21 04:40:10,372 [pool-1629-thread-1] INFO  server.RaftServerConfigKeys (ConfUtils.java:logGet(43)) - raft.server.rpcslowness.timeout = 2s (custom)
2019-10-21 04:40:10,372 [pool-1629-thread-1] INFO  server.RaftServerConfigKeys (ConfUtils.java:logGet(43)) - raft.server.sleep.deviation.threshold = 300 (default)
2019-10-21 04:40:10,372 [Thread-8680] WARN  scm.HddsServerUtil (HddsServerUtil.java:getDefaultRatisDirectory(354)) - Storage directory for Ratis is not configured. It is a good idea to map this to an SSD disk. Falling back to ozone.metadata.dirs
2019-10-21 04:40:10,372 [pool-1629-thread-1] INFO  server.RaftServerConfigKeys (ConfUtils.java:logGet(43)) - raft.server.log.appender.install.snapshot.enabled = false (custom)
2019-10-21 04:40:10,372 [pool-1629-thread-1] INFO  impl.RaftServerImpl (ServerState.java:<init>(103)) - omNode-3@group-523986131536: ConfigurationManager, init=-1: [omNode-3:localhost:11472, omNode-1:localhost:11460, omNode-2:localhost:11466], old=null, confs=<EMPTY_MAP>
2019-10-21 04:40:10,372 [Thread-8680] INFO  snapshot.OzoneManagerSnapshotProvider (OzoneManagerSnapshotProvider.java:<init>(81)) - Initializing OM Snapshot Provider
2019-10-21 04:40:10,372 [pool-1629-thread-1] INFO  server.RaftServerConfigKeys (ConfUtils.java:logGet(43)) - raft.server.storage.dir = [/workdir/hadoop-ozone/integration-test/target/test-dir/MiniOzoneClusterImpl-908613f1-7148-4657-b39e-d6fc88855e70/omNode-3/ratis] (custom)
2019-10-21 04:40:10,373 [pool-1629-thread-1] INFO  server.RaftServerConfigKeys (ConfUtils.java:logGet(43)) - raft.server.log.corruption.policy = EXCEPTION (default)
2019-10-21 04:40:10,373 [pool-1629-thread-1] INFO  storage.RaftStorageDirectory (RaftStorageDirectory.java:analyzeStorage(246)) - The storage directory /workdir/hadoop-ozone/integration-test/target/test-dir/MiniOzoneClusterImpl-908613f1-7148-4657-b39e-d6fc88855e70/omNode-3/ratis/c9bc4cf4-3bc3-3c60-a66b-523986131536 does not exist. Creating ...
2019-10-21 04:40:10,377 [Thread-8680] INFO  ipc.CallQueueManager (CallQueueManager.java:<init>(84)) - Using callQueue: class java.util.concurrent.LinkedBlockingQueue, queueCapacity: 2000, scheduler: class org.apache.hadoop.ipc.DefaultRpcScheduler, ipcBackoff: false.
2019-10-21 04:40:10,378 [Socket Reader #1 for port 11468] INFO  ipc.Server (Server.java:run(1074)) - Starting Socket Reader #1 for port 11468
2019-10-21 04:40:10,396 [Thread-8680] INFO  om.OzoneManager (OzoneManager.java:start(1071)) - OzoneManager RPC server is listening at localhost/127.0.0.1:11468
2019-10-21 04:40:10,396 [Thread-8680] INFO  impl.MetricsSystemImpl (MetricsSystemImpl.java:init(158)) - OzoneManager metrics system started (again)
2019-10-21 04:40:10,396 [Thread-8680] INFO  ratis.OzoneManagerRatisServer (OzoneManagerRatisServer.java:start(333)) - Starting OzoneManagerRatisServer omNode-3 at port 11472
2019-10-21 04:40:10,397 [pool-1629-thread-1] INFO  storage.RaftStorageDirectory (RaftStorageDirectory.java:tryLock(328)) - Lock on /workdir/hadoop-ozone/integration-test/target/test-dir/MiniOzoneClusterImpl-908613f1-7148-4657-b39e-d6fc88855e70/omNode-3/ratis/c9bc4cf4-3bc3-3c60-a66b-523986131536/in_use.lock acquired by nodename 29612@pr-hdds-1569-252f9-3696506840
2019-10-21 04:40:10,397 [grpc-default-executor-10] INFO  impl.RaftServerImpl (RaftServerImpl.java:setRole(170)) - omNode-2@group-523986131536: changes role from  FOLLOWER to FOLLOWER at term 2 for recognizeCandidate:omNode-1
2019-10-21 04:40:10,397 [grpc-default-executor-10] INFO  impl.RoleInfo (RoleInfo.java:shutdownFollowerState(121)) - omNode-2: shutdown FollowerState
2019-10-21 04:40:10,397 [grpc-default-executor-10] INFO  impl.RoleInfo (RoleInfo.java:updateAndGet(143)) - omNode-2: start FollowerState
2019-10-21 04:40:10,397 [Thread-8890] INFO  impl.FollowerState (FollowerState.java:run(117)) - omNode-2@group-523986131536-FollowerState was interrupted: java.lang.InterruptedException: sleep interrupted
2019-10-21 04:40:10,450 [pool-1629-thread-1] INFO  storage.RaftStorage (RaftStorage.java:format(84)) - Storage directory /workdir/hadoop-ozone/integration-test/target/test-dir/MiniOzoneClusterImpl-908613f1-7148-4657-b39e-d6fc88855e70/omNode-3/ratis/c9bc4cf4-3bc3-3c60-a66b-523986131536 has been successfully formatted.
2019-10-21 04:40:10,450 [pool-1629-thread-1] INFO  server.RaftServerConfigKeys (ConfUtils.java:logGet(43)) - raft.server.notification.no-leader.timeout = 2s (custom)
2019-10-21 04:40:10,450 [pool-1629-thread-1] INFO  server.RaftServerConfigKeys (ConfUtils.java:logGet(43)) - raft.server.log.use.memory = false (default)
2019-10-21 04:40:10,450 [pool-1629-thread-1] INFO  server.RaftServerConfigKeys (ConfUtils.java:logGet(43)) - raft.server.log.purge.gap = 50 (custom)
2019-10-21 04:40:10,451 [pool-1629-thread-1] INFO  server.RaftServerConfigKeys (ConfUtils.java:logGet(43)) - raft.server.log.appender.buffer.byte-limit = 33554432 (custom)
2019-10-21 04:40:10,451 [pool-1629-thread-1] INFO  server.RaftServerConfigKeys (ConfUtils.java:logGet(43)) - raft.server.log.segment.size.max = 16384 (custom)
2019-10-21 04:40:10,451 [omNode-1@group-523986131536-LeaderElection245] INFO  impl.LeaderElection (LeaderElection.java:logAndReturn(56)) - omNode-1@group-523986131536-LeaderElection245: Election PASSED; received 1 response(s) [omNode-1<-omNode-2#0:OK-t2] and 1 exception(s); omNode-1@group-523986131536:t2, leader=null, voted=omNode-1, raftlog=omNode-1@group-523986131536-SegmentedRaftLog:OPENED:c-1,f-1,i0, conf=-1: [omNode-3:localhost:11472, omNode-1:localhost:11460, omNode-2:localhost:11466], old=null
2019-10-21 04:40:10,451 [pool-1629-thread-1] INFO  server.RaftServerConfigKeys (ConfUtils.java:logGet(43)) - raft.server.log.segment.cache.num.max = 2 (custom)
2019-10-21 04:40:10,451 [omNode-1@group-523986131536-LeaderElection245] INFO  impl.LeaderElection (LogUtils.java:infoOrTrace(149)) -   Exception 0: {}
java.util.concurrent.ExecutionException: org.apache.ratis.thirdparty.io.grpc.StatusRuntimeException: UNAVAILABLE: io exception
	at java.util.concurrent.FutureTask.report(FutureTask.java:122)
	at java.util.concurrent.FutureTask.get(FutureTask.java:192)
	at org.apache.ratis.server.impl.LeaderElection.waitForResults(LeaderElection.java:259)
	at org.apache.ratis.server.impl.LeaderElection.askForVotes(LeaderElection.java:197)
	at org.apache.ratis.server.impl.LeaderElection.run(LeaderElection.java:133)
	at java.lang.Thread.run(Thread.java:748)
Caused by: org.apache.ratis.thirdparty.io.grpc.StatusRuntimeException: UNAVAILABLE: io exception
	at org.apache.ratis.thirdparty.io.grpc.stub.ClientCalls.toStatusRuntimeException(ClientCalls.java:233)
	at org.apache.ratis.thirdparty.io.grpc.stub.ClientCalls.getUnchecked(ClientCalls.java:214)
	at org.apache.ratis.thirdparty.io.grpc.stub.ClientCalls.blockingUnaryCall(ClientCalls.java:139)
	at org.apache.ratis.proto.grpc.RaftServerProtocolServiceGrpc$RaftServerProtocolServiceBlockingStub.requestVote(RaftServerProtocolServiceGrpc.java:265)
	at org.apache.ratis.grpc.server.GrpcServerProtocolClient.requestVote(GrpcServerProtocolClient.java:99)
	at org.apache.ratis.grpc.server.GrpcService.requestVote(GrpcService.java:204)
	at org.apache.ratis.server.impl.LeaderElection.lambda$submitRequests$1(LeaderElection.java:234)
	at java.util.concurrent.FutureTask.run(FutureTask.java:266)
	at java.util.concurrent.Executors$RunnableAdapter.call(Executors.java:511)
	at java.util.concurrent.FutureTask.run(FutureTask.java:266)
	at java.util.concurrent.ThreadPoolExecutor.runWorker(ThreadPoolExecutor.java:1149)
	at java.util.concurrent.ThreadPoolExecutor$Worker.run(ThreadPoolExecutor.java:624)
	... 1 more
Caused by: org.apache.ratis.thirdparty.io.netty.channel.AbstractChannel$AnnotatedConnectException: Connection refused: localhost/127.0.0.1:11472
	at sun.nio.ch.SocketChannelImpl.checkConnect(Native Method)
	at sun.nio.ch.SocketChannelImpl.finishConnect(SocketChannelImpl.java:717)
	at org.apache.ratis.thirdparty.io.netty.channel.socket.nio.NioSocketChannel.doFinishConnect(NioSocketChannel.java:327)
	at org.apache.ratis.thirdparty.io.netty.channel.nio.AbstractNioChannel$AbstractNioUnsafe.finishConnect(AbstractNioChannel.java:340)
	at org.apache.ratis.thirdparty.io.netty.channel.nio.NioEventLoop.processSelectedKey(NioEventLoop.java:632)
	at org.apache.ratis.thirdparty.io.netty.channel.nio.NioEventLoop.processSelectedKeysOptimized(NioEventLoop.java:579)
	at org.apache.ratis.thirdparty.io.netty.channel.nio.NioEventLoop.processSelectedKeys(NioEventLoop.java:496)
	at org.apache.ratis.thirdparty.io.netty.channel.nio.NioEventLoop.run(NioEventLoop.java:458)
	at org.apache.ratis.thirdparty.io.netty.util.concurrent.SingleThreadEventExecutor$5.run(SingleThreadEventExecutor.java:897)
	at org.apache.ratis.thirdparty.io.netty.util.concurrent.FastThreadLocalRunnable.run(FastThreadLocalRunnable.java:30)
	... 1 more
Caused by: java.net.ConnectException: Connection refused
	... 11 more
2019-10-21 04:40:10,451 [pool-1629-thread-1] INFO  segmented.SegmentedRaftLogWorker (SegmentedRaftLogWorker.java:<init>(173)) - new omNode-3@group-523986131536-SegmentedRaftLogWorker for RaftStorage:Storage Directory /workdir/hadoop-ozone/integration-test/target/test-dir/MiniOzoneClusterImpl-908613f1-7148-4657-b39e-d6fc88855e70/omNode-3/ratis/c9bc4cf4-3bc3-3c60-a66b-523986131536
2019-10-21 04:40:10,451 [omNode-1@group-523986131536-LeaderElection245] INFO  impl.RoleInfo (RoleInfo.java:shutdownLeaderElection(134)) - omNode-1: shutdown LeaderElection
2019-10-21 04:40:10,451 [pool-1629-thread-1] INFO  server.RaftServerConfigKeys (ConfUtils.java:logGet(43)) - raft.server.log.queue.byte-limit = 64MB (=67108864) (default)
2019-10-21 04:40:10,452 [omNode-1@group-523986131536-LeaderElection245] INFO  impl.RaftServerImpl (RaftServerImpl.java:setRole(170)) - omNode-1@group-523986131536: changes role from CANDIDATE to LEADER at term 2 for changeToLeader
2019-10-21 04:40:10,452 [pool-1629-thread-1] INFO  server.RaftServerConfigKeys (ConfUtils.java:logGet(43)) - raft.server.log.queue.element-limit = 4096 (default)
2019-10-21 04:40:10,452 [omNode-1@group-523986131536-LeaderElection245] INFO  impl.RaftServerImpl (ServerState.java:setLeader(255)) - omNode-1@group-523986131536: change Leader from null to omNode-1 at term 2 for becomeLeader, leader elected after 2561ms
2019-10-21 04:40:10,452 [pool-1629-thread-1] INFO  server.RaftServerConfigKeys (ConfUtils.java:logGet(43)) - raft.server.log.segment.size.max = 16384 (custom)
2019-10-21 04:40:10,452 [omNode-1@group-523986131536-LeaderElection245] INFO  server.RaftServerConfigKeys (ConfUtils.java:logGet(43)) - raft.server.staging.catchup.gap = 1000 (default)
2019-10-21 04:40:10,452 [pool-1629-thread-1] INFO  server.RaftServerConfigKeys (ConfUtils.java:logGet(43)) - raft.server.log.preallocated.size = 16384 (custom)
2019-10-21 04:40:10,452 [omNode-1@group-523986131536-LeaderElection245] INFO  server.RaftServerConfigKeys (ConfUtils.java:logGet(43)) - raft.server.rpc.sleep.time = 25ms (default)
2019-10-21 04:40:10,452 [pool-1629-thread-1] INFO  server.RaftServerConfigKeys (ConfUtils.java:logGet(43)) - raft.server.log.write.buffer.size = 64KB (=65536) (default)
2019-10-21 04:40:10,452 [omNode-1@group-523986131536-LeaderElection245] INFO  server.RaftServerConfigKeys (ConfUtils.java:logGet(43)) - raft.server.write.element-limit = 4096 (default)
2019-10-21 04:40:10,452 [pool-1629-thread-1] INFO  server.RaftServerConfigKeys (ConfUtils.java:logGet(43)) - raft.server.log.force.sync.num = 128 (default)
2019-10-21 04:40:10,453 [omNode-1@group-523986131536-LeaderElection245] INFO  server.RaftServerConfigKeys (ConfUtils.java:logGet(43)) - raft.server.watch.timeout = 10s (default)
2019-10-21 04:40:10,453 [pool-1629-thread-1] INFO  server.RaftServerConfigKeys (ConfUtils.java:logGet(43)) - raft.server.log.statemachine.data.sync = true (default)
2019-10-21 04:40:10,453 [omNode-1@group-523986131536-LeaderElection245] INFO  server.RaftServerConfigKeys (ConfUtils.java:logGet(43)) - raft.server.watch.timeout.denomination = 1s (default)
2019-10-21 04:40:10,453 [pool-1629-thread-1] INFO  server.RaftServerConfigKeys (ConfUtils.java:logGet(43)) - raft.server.log.statemachine.data.sync.timeout = 10s (default)
2019-10-21 04:40:10,453 [omNode-1@group-523986131536-LeaderElection245] INFO  server.RaftServerConfigKeys (ConfUtils.java:logGet(43)) - raft.server.watch.element-limit = 65536 (default)
2019-10-21 04:40:10,453 [pool-1629-thread-1] INFO  server.RaftServerConfigKeys (ConfUtils.java:logGet(43)) - raft.server.log.statemachine.data.sync.timeout.retry = -1 (default)
2019-10-21 04:40:10,453 [omNode-1@group-523986131536-LeaderElection245] INFO  server.RaftServerConfigKeys (ConfUtils.java:logGet(43)) - raft.server.log.appender.snapshot.chunk.size.max = 16MB (=16777216) (default)
2019-10-21 04:40:10,453 [pool-1629-thread-1] INFO  server.RaftServerConfigKeys (ConfUtils.java:logGet(43)) - raft.server.log.statemachine.data.caching.enabled = false (default)
2019-10-21 04:40:10,454 [omNode-1@group-523986131536-LeaderElection245] INFO  server.RaftServerConfigKeys (ConfUtils.java:logGet(43)) - raft.server.log.appender.buffer.byte-limit = 33554432 (custom)
2019-10-21 04:40:10,454 [omNode-1@group-523986131536-LeaderElection245] INFO  server.RaftServerConfigKeys (ConfUtils.java:logGet(43)) - raft.server.log.appender.buffer.element-limit = 1024 (custom)
2019-10-21 04:40:10,454 [pool-1629-thread-1] INFO  segmented.SegmentedRaftLogWorker (SegmentedRaftLogWorker.java:lambda$new$0(128)) - omNode-3@group-523986131536-SegmentedRaftLogWorker: flushIndex: setUnconditionally 0 -> -1
2019-10-21 04:40:10,454 [omNode-1@group-523986131536-LeaderElection245] INFO  grpc.GrpcConfigKeys$Server (ConfUtils.java:logGet(43)) - raft.grpc.server.leader.outstanding.appends.max = 128 (default)
2019-10-21 04:40:10,454 [pool-1629-thread-1] INFO  server.RaftServerConfigKeys (ConfUtils.java:logGet(43)) - raft.server.snapshot.auto.trigger.enabled = true (custom)
2019-10-21 04:40:10,454 [omNode-1@group-523986131536-LeaderElection245] INFO  server.RaftServerConfigKeys (ConfUtils.java:logGet(43)) - raft.server.rpc.request.timeout = 3000ms (default)
2019-10-21 04:40:10,454 [pool-1629-thread-1] INFO  server.RaftServerConfigKeys (ConfUtils.java:logGet(43)) - raft.server.snapshot.auto.trigger.threshold = 50 (custom)
2019-10-21 04:40:10,454 [omNode-1@group-523986131536-LeaderElection245] INFO  server.RaftServerConfigKeys (ConfUtils.java:logGet(43)) - raft.server.log.appender.install.snapshot.enabled = false (custom)
2019-10-21 04:40:10,455 [pool-1629-thread-1] INFO  server.RaftServerConfigKeys (ConfUtils.java:logGet(43)) - raft.server.snapshot.retention.file.num = -1 (default)
2019-10-21 04:40:10,455 [omNode-1@group-523986131536-LeaderElection245] INFO  server.RaftServerConfigKeys (ConfUtils.java:logGet(43)) - raft.server.log.appender.snapshot.chunk.size.max = 16MB (=16777216) (default)
2019-10-21 04:40:10,455 [pool-1629-thread-1] INFO  server.RaftServerConfigKeys (ConfUtils.java:logGet(43)) - raft.server.retrycache.expirytime = 600000ms (custom)
2019-10-21 04:40:10,455 [omNode-1@group-523986131536-LeaderElection245] INFO  server.RaftServerConfigKeys (ConfUtils.java:logGet(43)) - raft.server.log.appender.buffer.byte-limit = 33554432 (custom)
2019-10-21 04:40:10,455 [omNode-1@group-523986131536-LeaderElection245] INFO  server.RaftServerConfigKeys (ConfUtils.java:logGet(43)) - raft.server.log.appender.buffer.element-limit = 1024 (custom)
2019-10-21 04:40:10,458 [omNode-1@group-523986131536-LeaderElection245] INFO  grpc.GrpcConfigKeys$Server (ConfUtils.java:logGet(43)) - raft.grpc.server.leader.outstanding.appends.max = 128 (default)
2019-10-21 04:40:10,458 [Thread-8680] INFO  impl.RaftServerImpl (RaftServerImpl.java:start(181)) - omNode-3@group-523986131536: start as a follower, conf=-1: [omNode-3:localhost:11472, omNode-1:localhost:11460, omNode-2:localhost:11466], old=null
2019-10-21 04:40:10,458 [omNode-1@group-523986131536-LeaderElection245] INFO  server.RaftServerConfigKeys (ConfUtils.java:logGet(43)) - raft.server.rpc.request.timeout = 3000ms (default)
2019-10-21 04:40:10,458 [Thread-8680] INFO  impl.RaftServerImpl (RaftServerImpl.java:setRole(170)) - omNode-3@group-523986131536: changes role from      null to FOLLOWER at term 0 for startAsFollower
2019-10-21 04:40:10,458 [omNode-1@group-523986131536-LeaderElection245] INFO  server.RaftServerConfigKeys (ConfUtils.java:logGet(43)) - raft.server.log.appender.install.snapshot.enabled = false (custom)
2019-10-21 04:40:10,458 [Thread-8680] INFO  impl.RoleInfo (RoleInfo.java:updateAndGet(143)) - omNode-3: start FollowerState
2019-10-21 04:40:10,459 [omNode-1@group-523986131536-LeaderElection245] INFO  impl.RoleInfo (RoleInfo.java:updateAndGet(143)) - omNode-1: start LeaderState
2019-10-21 04:40:10,459 [omNode-1@group-523986131536-LeaderElection245] INFO  segmented.SegmentedRaftLogWorker (SegmentedRaftLogWorker.java:startLogSegment(385)) - omNode-1@group-523986131536-SegmentedRaftLogWorker: Starting segment from index:0
2019-10-21 04:40:10,459 [Thread-8680] INFO  util.JmxRegister (JmxRegister.java:tryRegister(44)) - Successfully registered JMX Bean with object name Ratis:service=RaftServer,group=group-523986131536,id=omNode-3
2019-10-21 04:40:10,460 [omNode-1@group-523986131536-LeaderElection245] INFO  impl.RaftServerImpl (ServerState.java:setRaftConf(356)) - omNode-1@group-523986131536: set configuration 0: [omNode-3:localhost:11472, omNode-1:localhost:11460, omNode-2:localhost:11466], old=null at 0
2019-10-21 04:40:10,460 [Thread-8680] INFO  impl.RaftServerProxy (RaftServerProxy.java:lambda$start$3(299)) - omNode-3: start RPC server
2019-10-21 04:40:10,462 [grpc-default-executor-10] WARN  server.GrpcLogAppender (LogUtils.java:warn(134)) - omNode-1@group-523986131536->omNode-3-AppendLogResponseHandler: Failed appendEntries: org.apache.ratis.thirdparty.io.grpc.StatusRuntimeException: UNAVAILABLE: io exception
2019-10-21 04:40:10,464 [grpc-default-executor-10] INFO  impl.FollowerInfo (FollowerInfo.java:lambda$new$0(51)) - omNode-1@group-523986131536->omNode-3: nextIndex: updateUnconditionally 0 -> 0
2019-10-21 04:40:10,464 [Thread-8680] INFO  server.GrpcService (GrpcService.java:startImpl(158)) - omNode-3: GrpcService started, listening on 0.0.0.0/0.0.0.0:11472
2019-10-21 04:40:10,465 [grpc-default-executor-10] INFO  impl.RaftServerImpl (ServerState.java:setLeader(255)) - omNode-2@group-523986131536: change Leader from null to omNode-1 at term 2 for appendEntries, leader elected after 1348ms
2019-10-21 04:40:10,477 [IPC Server Responder] INFO  ipc.Server (Server.java:run(1314)) - IPC Server Responder: starting
2019-10-21 04:40:10,479 [IPC Server listener on 11468] INFO  ipc.Server (Server.java:run(1153)) - IPC Server listener on 11468: starting
2019-10-21 04:40:10,487 [grpc-default-executor-10] INFO  impl.RaftServerImpl (ServerState.java:setRaftConf(356)) - omNode-2@group-523986131536: set configuration 0: [omNode-3:localhost:11472, omNode-1:localhost:11460, omNode-2:localhost:11466], old=null at 0
2019-10-21 04:40:10,487 [grpc-default-executor-10] INFO  segmented.SegmentedRaftLogWorker (SegmentedRaftLogWorker.java:startLogSegment(385)) - omNode-2@group-523986131536-SegmentedRaftLogWorker: Starting segment from index:0
2019-10-21 04:40:10,488 [omNode-1@group-523986131536-SegmentedRaftLogWorker] INFO  segmented.SegmentedRaftLogWorker (SegmentedRaftLogWorker.java:execute(574)) - omNode-1@group-523986131536-SegmentedRaftLogWorker: created new log segment /workdir/hadoop-ozone/integration-test/target/test-dir/MiniOzoneClusterImpl-908613f1-7148-4657-b39e-d6fc88855e70/omNode-1/ratis/c9bc4cf4-3bc3-3c60-a66b-523986131536/current/log_inprogress_0
2019-10-21 04:40:10,488 [Thread-8680] INFO  hdfs.DFSUtil (DFSUtil.java:httpServerTemplateForNNAndJN(1641)) - Starting Web-server for ozoneManager at: http://0.0.0.0:11470
2019-10-21 04:40:10,490 [Thread-8680] INFO  server.AuthenticationFilter (AuthenticationFilter.java:constructSecretProvider(240)) - Unable to initialize FileSignerSecretProvider, falling back to use random secrets.
2019-10-21 04:40:10,490 [Thread-8680] WARN  http.HttpRequestLog (HttpRequestLog.java:getRequestLog(97)) - Jetty request log can only be enabled using Log4j
2019-10-21 04:40:10,490 [omNode-2@group-523986131536-SegmentedRaftLogWorker] INFO  segmented.SegmentedRaftLogWorker (SegmentedRaftLogWorker.java:execute(574)) - omNode-2@group-523986131536-SegmentedRaftLogWorker: created new log segment /workdir/hadoop-ozone/integration-test/target/test-dir/MiniOzoneClusterImpl-908613f1-7148-4657-b39e-d6fc88855e70/omNode-2/ratis/c9bc4cf4-3bc3-3c60-a66b-523986131536/current/log_inprogress_0
2019-10-21 04:40:10,492 [Thread-8680] INFO  http.HttpServer2 (HttpServer2.java:addGlobalFilter(975)) - Added global filter 'safety' (class=org.apache.hadoop.http.HttpServer2$QuotingInputFilter)
2019-10-21 04:40:10,492 [Thread-8680] INFO  http.HttpServer2 (HttpServer2.java:addFilter(948)) - Added filter static_user_filter (class=org.apache.hadoop.http.lib.StaticUserWebFilter$StaticUserFilter) to context ozoneManager
2019-10-21 04:40:10,492 [Thread-8680] INFO  http.HttpServer2 (HttpServer2.java:addFilter(958)) - Added filter static_user_filter (class=org.apache.hadoop.http.lib.StaticUserWebFilter$StaticUserFilter) to context static
2019-10-21 04:40:10,492 [Thread-8680] INFO  http.HttpServer2 (HttpServer2.java:addFilter(958)) - Added filter static_user_filter (class=org.apache.hadoop.http.lib.StaticUserWebFilter$StaticUserFilter) to context logs
2019-10-21 04:40:10,493 [Thread-8680] INFO  http.HttpServer2 (HttpServer2.java:bindListener(1191)) - Jetty bound to port 11470
2019-10-21 04:40:10,493 [Thread-8680] INFO  server.Server (Server.java:doStart(351)) - jetty-9.3.25.v20180904, build timestamp: 2018-09-04T21:11:46Z, git hash: 3ce520221d0240229c862b122d2b06c12a625732
2019-10-21 04:40:10,495 [Thread-8680] INFO  handler.ContextHandler (ContextHandler.java:doStart(781)) - Started o.e.j.s.ServletContextHandler@668afd17{/logs,file:///workdir/hadoop-ozone/integration-test/target/log,AVAILABLE}
2019-10-21 04:40:10,495 [Thread-8680] INFO  handler.ContextHandler (ContextHandler.java:doStart(781)) - Started o.e.j.s.ServletContextHandler@26b7fa67{/static,file:///workdir/hadoop-ozone/integration-test/target/test-classes/webapps/static,AVAILABLE}
2019-10-21 04:40:10,499 [Thread-8680] INFO  handler.ContextHandler (ContextHandler.java:doStart(781)) - Started o.e.j.w.WebAppContext@357e9405{/,file:///workdir/hadoop-ozone/integration-test/target/test-classes/webapps/ozoneManager/,AVAILABLE}{/ozoneManager}
2019-10-21 04:40:10,499 [Thread-8680] INFO  server.AbstractConnector (AbstractConnector.java:doStart(278)) - Started ServerConnector@79b5984e{HTTP/1.1,[http/1.1]}{0.0.0.0:11470}
2019-10-21 04:40:10,501 [Thread-8680] INFO  server.Server (Server.java:doStart(419)) - Started @837776ms
2019-10-21 04:40:10,501 [Thread-8680] WARN  impl.MetricsSystemImpl (MetricsSystemImpl.java:register(276)) - Sink prometheus already exists!
2019-10-21 04:40:10,502 [Thread-8680] INFO  server.BaseHttpServer (BaseHttpServer.java:updateConnectorAddress(215)) - HTTP server of OZONEMANAGER is listening at http://0.0.0.0:11470
2019-10-21 04:40:10,502 [Thread-8680] INFO  ozone.MiniOzoneHAClusterImpl (MiniOzoneHAClusterImpl.java:createOMService(274)) - Started OzoneManager RPC server at localhost/127.0.0.1:11468
2019-10-21 04:40:10,505 [Thread-8680] INFO  impl.MetricsSystemImpl (MetricsSystemImpl.java:init(158)) - HddsDatanode metrics system started (again)
2019-10-21 04:40:10,525 [Thread-8680] INFO  ozone.HddsDatanodeService (HddsDatanodeService.java:start(184)) - HddsDatanodeService host:pr-hdds-1569-252f9-3696506840 ip:192.168.157.255
2019-10-21 04:40:10,560 [grpc-default-executor-10] INFO  impl.RaftServerImpl (ServerState.java:setLeader(255)) - omNode-3@group-523986131536: change Leader from null to omNode-1 at term 2 for appendEntries, leader elected after 109ms
2019-10-21 04:40:10,560 [Thread-8680] INFO  volume.HddsVolume (HddsVolume.java:<init>(176)) - Creating Volume: /workdir/hadoop-ozone/integration-test/target/test-dir/MiniOzoneClusterImpl-908613f1-7148-4657-b39e-d6fc88855e70/datanode-0/data/containers/hdds of  storage type : DISK and capacity : 1482555576320
2019-10-21 04:40:10,560 [grpc-default-executor-10] INFO  impl.RaftServerImpl (ServerState.java:setRaftConf(356)) - omNode-3@group-523986131536: set configuration 0: [omNode-3:localhost:11472, omNode-1:localhost:11460, omNode-2:localhost:11466], old=null at 0
2019-10-21 04:40:10,560 [grpc-default-executor-10] INFO  segmented.SegmentedRaftLogWorker (SegmentedRaftLogWorker.java:startLogSegment(385)) - omNode-3@group-523986131536-SegmentedRaftLogWorker: Starting segment from index:0
2019-10-21 04:40:10,560 [Thread-8680] INFO  volume.VolumeSet (VolumeSet.java:initializeVolumeSet(170)) - Added Volume : /workdir/hadoop-ozone/integration-test/target/test-dir/MiniOzoneClusterImpl-908613f1-7148-4657-b39e-d6fc88855e70/datanode-0/data/containers/hdds to VolumeSet
2019-10-21 04:40:10,561 [Thread-8680] INFO  volume.ThrottledAsyncChecker (ThrottledAsyncChecker.java:schedule(141)) - Scheduling a check for org.apache.hadoop.ozone.container.common.volume.HddsVolume@6be80e4
2019-10-21 04:40:10,561 [Thread-8680] INFO  volume.HddsVolumeChecker (HddsVolumeChecker.java:checkAllVolumes(204)) - Scheduled health check for volume org.apache.hadoop.ozone.container.common.volume.HddsVolume@6be80e4
2019-10-21 04:40:10,574 [Thread-8680] INFO  impl.RaftServerProxy (ConfUtils.java:logGet(43)) - raft.rpc.type = GRPC (default)
2019-10-21 04:40:10,574 [Thread-8680] INFO  grpc.GrpcFactory (GrpcFactory.java:checkPooledByteBufAllocatorUseCacheForAllThreads(45)) - PERFORMANCE WARNING: useCacheForAllThreads is true that may cause Netty to create a lot garbage objects and, as a result, trigger GC.
	It is recommended to disable useCacheForAllThreads by setting -Dorg.apache.ratis.thirdparty.io.netty.allocator.useCacheForAllThreads=false in command line.
2019-10-21 04:40:10,575 [Thread-8680] INFO  grpc.GrpcConfigKeys$Server (ConfUtils.java:logGet(43)) - raft.grpc.server.port = 0 (default)
2019-10-21 04:40:10,575 [Thread-8680] INFO  server.GrpcService (ConfUtils.java:logGet(43)) - raft.grpc.message.size.max = 33570816 (custom)
2019-10-21 04:40:10,575 [Thread-8680] INFO  server.RaftServerConfigKeys (ConfUtils.java:logGet(43)) - raft.server.log.appender.buffer.byte-limit = 33554432 (custom)
2019-10-21 04:40:10,575 [Thread-8680] INFO  server.GrpcService (ConfUtils.java:logGet(43)) - raft.grpc.flow.control.window = 1MB (=1048576) (default)
2019-10-21 04:40:10,575 [Thread-8680] INFO  server.RaftServerConfigKeys (ConfUtils.java:logGet(43)) - raft.server.rpc.request.timeout = 3000ms (default)
2019-10-21 04:40:10,576 [Thread-8680] INFO  server.RaftServerConfigKeys (ConfUtils.java:logGet(43)) - raft.server.storage.dir = [/workdir/hadoop-ozone/integration-test/target/test-dir/MiniOzoneClusterImpl-908613f1-7148-4657-b39e-d6fc88855e70/datanode-0/data/ratis] (custom)
2019-10-21 04:40:10,589 [Thread-8680] INFO  hdfs.DFSUtil (DFSUtil.java:httpServerTemplateForNNAndJN(1641)) - Starting Web-server for hddsDatanode at: http://0.0.0.0:0
2019-10-21 04:40:10,597 [Thread-8680] INFO  server.AuthenticationFilter (AuthenticationFilter.java:constructSecretProvider(240)) - Unable to initialize FileSignerSecretProvider, falling back to use random secrets.
2019-10-21 04:40:10,597 [Thread-8680] WARN  http.HttpRequestLog (HttpRequestLog.java:getRequestLog(97)) - Jetty request log can only be enabled using Log4j
2019-10-21 04:40:10,599 [omNode-3@group-523986131536-SegmentedRaftLogWorker] INFO  segmented.SegmentedRaftLogWorker (SegmentedRaftLogWorker.java:execute(574)) - omNode-3@group-523986131536-SegmentedRaftLogWorker: created new log segment /workdir/hadoop-ozone/integration-test/target/test-dir/MiniOzoneClusterImpl-908613f1-7148-4657-b39e-d6fc88855e70/omNode-3/ratis/c9bc4cf4-3bc3-3c60-a66b-523986131536/current/log_inprogress_0
2019-10-21 04:40:10,599 [Thread-8680] INFO  http.HttpServer2 (HttpServer2.java:addGlobalFilter(975)) - Added global filter 'safety' (class=org.apache.hadoop.http.HttpServer2$QuotingInputFilter)
2019-10-21 04:40:10,599 [Thread-8680] INFO  http.HttpServer2 (HttpServer2.java:addFilter(948)) - Added filter static_user_filter (class=org.apache.hadoop.http.lib.StaticUserWebFilter$StaticUserFilter) to context hddsDatanode
2019-10-21 04:40:10,599 [Thread-8680] INFO  http.HttpServer2 (HttpServer2.java:addFilter(958)) - Added filter static_user_filter (class=org.apache.hadoop.http.lib.StaticUserWebFilter$StaticUserFilter) to context static
2019-10-21 04:40:10,599 [Thread-8680] INFO  http.HttpServer2 (HttpServer2.java:addFilter(958)) - Added filter static_user_filter (class=org.apache.hadoop.http.lib.StaticUserWebFilter$StaticUserFilter) to context logs
2019-10-21 04:40:10,601 [Thread-8680] INFO  http.HttpServer2 (HttpServer2.java:bindListener(1191)) - Jetty bound to port 34038
2019-10-21 04:40:10,602 [Thread-8680] INFO  server.Server (Server.java:doStart(351)) - jetty-9.3.25.v20180904, build timestamp: 2018-09-04T21:11:46Z, git hash: 3ce520221d0240229c862b122d2b06c12a625732
2019-10-21 04:40:10,604 [Thread-8680] INFO  handler.ContextHandler (ContextHandler.java:doStart(781)) - Started o.e.j.s.ServletContextHandler@1d764059{/logs,file:///workdir/hadoop-ozone/integration-test/target/log,AVAILABLE}
2019-10-21 04:40:10,604 [Thread-8680] INFO  handler.ContextHandler (ContextHandler.java:doStart(781)) - Started o.e.j.s.ServletContextHandler@384fdcc6{/static,jar:file:/home/user/.m2/repository/org/apache/hadoop/hadoop-hdds-container-service/0.5.0-SNAPSHOT/hadoop-hdds-container-service-0.5.0-SNAPSHOT.jar!/webapps/static,AVAILABLE}
2019-10-21 04:40:10,639 [Thread-8680] INFO  handler.ContextHandler (ContextHandler.java:doStart(781)) - Started o.e.j.w.WebAppContext@64835486{/,file:///tmp/jetty-0.0.0.0-34038-hddsDatanode-_-any-7191116166570324291.dir/webapp/,AVAILABLE}{/hddsDatanode}
2019-10-21 04:40:10,639 [Thread-8680] INFO  server.AbstractConnector (AbstractConnector.java:doStart(278)) - Started ServerConnector@79c45412{HTTP/1.1,[http/1.1]}{0.0.0.0:34038}
2019-10-21 04:40:10,646 [Thread-8680] INFO  server.Server (Server.java:doStart(419)) - Started @837921ms
2019-10-21 04:40:10,646 [Thread-8680] WARN  impl.MetricsSystemImpl (MetricsSystemImpl.java:register(276)) - Sink prometheus already exists!
2019-10-21 04:40:10,647 [Thread-8680] INFO  server.BaseHttpServer (BaseHttpServer.java:updateConnectorAddress(215)) - HTTP server of HDDSDATANODE is listening at http://0.0.0.0:34038
2019-10-21 04:40:10,648 [Thread-8680] INFO  ozone.MiniOzoneClusterImpl (MiniOzoneClusterImpl.java:lambda$waitForClusterToBeReady$0(147)) - Waiting for cluster to be ready. Got 0 of 1 DN Heartbeats.
2019-10-21 04:40:10,649 [org.apache.hadoop.util.JvmPauseMonitor$Monitor@443eee41] INFO  util.JvmPauseMonitor (JvmPauseMonitor.java:run(188)) - Starting JVM pause monitor
2019-10-21 04:40:10,651 [Datanode State Machine Thread - 0] INFO  datanode.InitDatanodeState (InitDatanodeState.java:persistContainerDatanodeDetails(140)) - DatanodeDetails is persisted to /workdir/hadoop-ozone/integration-test/target/test-dir/MiniOzoneClusterImpl-908613f1-7148-4657-b39e-d6fc88855e70/datanode-0/meta/datanode.id
2019-10-21 04:40:11,648 [Thread-8680] INFO  ozone.MiniOzoneClusterImpl (MiniOzoneClusterImpl.java:lambda$waitForClusterToBeReady$0(147)) - Waiting for cluster to be ready. Got 0 of 1 DN Heartbeats.
2019-10-21 04:40:12,649 [Thread-8680] INFO  ozone.MiniOzoneClusterImpl (MiniOzoneClusterImpl.java:lambda$waitForClusterToBeReady$0(147)) - Waiting for cluster to be ready. Got 0 of 1 DN Heartbeats.
2019-10-21 04:40:12,719 [Datanode State Machine Thread - 0] INFO  ozoneimpl.OzoneContainer (OzoneContainer.java:start(213)) - Attempting to start container services.
2019-10-21 04:40:12,720 [Datanode State Machine Thread - 0] INFO  ozoneimpl.OzoneContainer (OzoneContainer.java:startContainerScrub(177)) - Background container scanner has been disabled.
2019-10-21 04:40:12,720 [Datanode State Machine Thread - 0] INFO  ratis.XceiverServerRatis (XceiverServerRatis.java:start(418)) - Starting XceiverServerRatis 7c0d5774-b483-474f-b6f4-1d0bebe85e1e at port 0
2019-10-21 04:40:12,724 [Datanode State Machine Thread - 0] INFO  impl.RaftServerProxy (RaftServerProxy.java:lambda$start$3(299)) - 7c0d5774-b483-474f-b6f4-1d0bebe85e1e: start RPC server
2019-10-21 04:40:12,725 [Datanode State Machine Thread - 0] INFO  server.GrpcService (GrpcService.java:startImpl(158)) - 7c0d5774-b483-474f-b6f4-1d0bebe85e1e: GrpcService started, listening on 0.0.0.0/0.0.0.0:39149
2019-10-21 04:40:12,725 [Datanode State Machine Thread - 0] INFO  ratis.XceiverServerRatis (XceiverServerRatis.java:start(428)) - XceiverServerRatis 7c0d5774-b483-474f-b6f4-1d0bebe85e1e is started using port 39149
2019-10-21 04:40:12,727 [Datanode State Machine Thread - 0] INFO  server.XceiverServerGrpc (XceiverServerGrpc.java:start(149)) - XceiverServerGrpc 7c0d5774-b483-474f-b6f4-1d0bebe85e1e is started using port 43301
2019-10-21 04:40:13,649 [Thread-8680] INFO  ozone.MiniOzoneClusterImpl (MiniOzoneClusterImpl.java:lambda$waitForClusterToBeReady$0(147)) - Waiting for cluster to be ready. Got 0 of 1 DN Heartbeats.
2019-10-21 04:40:14,649 [Thread-8680] INFO  ozone.MiniOzoneClusterImpl (MiniOzoneClusterImpl.java:lambda$waitForClusterToBeReady$0(147)) - Waiting for cluster to be ready. Got 0 of 1 DN Heartbeats.
2019-10-21 04:40:14,653 [IPC Server handler 0 on 34276] INFO  net.NetworkTopology (NetworkTopologyImpl.java:add(111)) - Added a new node: /default-rack/7c0d5774-b483-474f-b6f4-1d0bebe85e1e
2019-10-21 04:40:14,655 [IPC Server handler 0 on 34276] INFO  node.SCMNodeManager (SCMNodeManager.java:register(268)) - Registered Data node : 7c0d5774-b483-474f-b6f4-1d0bebe85e1e{ip: 192.168.157.255, host: pr-hdds-1569-252f9-3696506840, networkLocation: /default-rack, certSerialId: null}
2019-10-21 04:40:14,656 [EventQueue-NodeRegistrationContainerReportForDataNodeSafeModeRule] INFO  safemode.SCMSafeModeManager (DataNodeSafeModeRule.java:process(71)) - SCM in safe mode. 1 DataNodes registered, 1 required.
2019-10-21 04:40:14,660 [EventQueue-NodeRegistrationContainerReportForDataNodeSafeModeRule] INFO  safemode.SCMSafeModeManager (SCMSafeModeManager.java:validateSafeModeExitRules(177)) - ScmSafeModeManager, all rules are successfully validated
2019-10-21 04:40:14,660 [EventQueue-NodeRegistrationContainerReportForDataNodeSafeModeRule] INFO  safemode.SCMSafeModeManager (SCMSafeModeManager.java:exitSafeMode(193)) - SCM exiting safe mode.
2019-10-21 04:40:14,668 [grpc-default-executor-10] INFO  impl.RaftServerProxy (RaftServerProxy.java:addNew(89)) - 7c0d5774-b483-474f-b6f4-1d0bebe85e1e: addNew group-6AAE0EE7BD14:[7c0d5774-b483-474f-b6f4-1d0bebe85e1e:192.168.157.255:39149] returns group-6AAE0EE7BD14:java.util.concurrent.CompletableFuture@6ee0e61[Not completed]
2019-10-21 04:40:14,670 [pool-1637-thread-1] INFO  impl.RaftServerImpl (RaftServerImpl.java:<init>(95)) - 7c0d5774-b483-474f-b6f4-1d0bebe85e1e: new RaftServerImpl for group-6AAE0EE7BD14:[7c0d5774-b483-474f-b6f4-1d0bebe85e1e:192.168.157.255:39149] with ContainerStateMachine:uninitialized
2019-10-21 04:40:14,670 [pool-1637-thread-1] INFO  server.RaftServerConfigKeys (ConfUtils.java:logGet(43)) - raft.server.rpc.timeout.min = 5s (custom)
2019-10-21 04:40:14,670 [pool-1637-thread-1] INFO  server.RaftServerConfigKeys (ConfUtils.java:logGet(43)) - raft.server.rpc.timeout.max = 5200ms (custom)
2019-10-21 04:40:14,670 [pool-1637-thread-1] INFO  server.RaftServerConfigKeys (ConfUtils.java:logGet(43)) - raft.server.rpcslowness.timeout = 120s (custom)
2019-10-21 04:40:14,670 [pool-1637-thread-1] INFO  server.RaftServerConfigKeys (ConfUtils.java:logGet(43)) - raft.server.sleep.deviation.threshold = 300 (default)
2019-10-21 04:40:14,670 [pool-1637-thread-1] INFO  server.RaftServerConfigKeys (ConfUtils.java:logGet(43)) - raft.server.log.appender.install.snapshot.enabled = false (custom)
2019-10-21 04:40:14,670 [pool-1637-thread-1] INFO  impl.RaftServerImpl (ServerState.java:<init>(103)) - 7c0d5774-b483-474f-b6f4-1d0bebe85e1e@group-6AAE0EE7BD14: ConfigurationManager, init=-1: [7c0d5774-b483-474f-b6f4-1d0bebe85e1e:192.168.157.255:39149], old=null, confs=<EMPTY_MAP>
2019-10-21 04:40:14,670 [pool-1637-thread-1] INFO  server.RaftServerConfigKeys (ConfUtils.java:logGet(43)) - raft.server.storage.dir = [/workdir/hadoop-ozone/integration-test/target/test-dir/MiniOzoneClusterImpl-908613f1-7148-4657-b39e-d6fc88855e70/datanode-0/data/ratis] (custom)
2019-10-21 04:40:14,671 [pool-1637-thread-1] INFO  server.RaftServerConfigKeys (ConfUtils.java:logGet(43)) - raft.server.log.corruption.policy = EXCEPTION (default)
2019-10-21 04:40:14,671 [pool-1637-thread-1] INFO  storage.RaftStorageDirectory (RaftStorageDirectory.java:analyzeStorage(246)) - The storage directory /workdir/hadoop-ozone/integration-test/target/test-dir/MiniOzoneClusterImpl-908613f1-7148-4657-b39e-d6fc88855e70/datanode-0/data/ratis/346f1f90-2827-4443-9b37-6aae0ee7bd14 does not exist. Creating ...
2019-10-21 04:40:14,717 [pool-1637-thread-1] INFO  storage.RaftStorageDirectory (RaftStorageDirectory.java:tryLock(328)) - Lock on /workdir/hadoop-ozone/integration-test/target/test-dir/MiniOzoneClusterImpl-908613f1-7148-4657-b39e-d6fc88855e70/datanode-0/data/ratis/346f1f90-2827-4443-9b37-6aae0ee7bd14/in_use.lock acquired by nodename 29612@pr-hdds-1569-252f9-3696506840
2019-10-21 04:40:14,730 [pool-1637-thread-1] INFO  storage.RaftStorage (RaftStorage.java:format(84)) - Storage directory /workdir/hadoop-ozone/integration-test/target/test-dir/MiniOzoneClusterImpl-908613f1-7148-4657-b39e-d6fc88855e70/datanode-0/data/ratis/346f1f90-2827-4443-9b37-6aae0ee7bd14 has been successfully formatted.
2019-10-21 04:40:14,731 [pool-1637-thread-1] INFO  ratis.ContainerStateMachine (ContainerStateMachine.java:loadSnapshot(231)) - group-6AAE0EE7BD14: The snapshot info is null. Setting the last applied indexto:(t:0, i:~)
2019-10-21 04:40:14,731 [pool-1637-thread-1] INFO  server.RaftServerConfigKeys (ConfUtils.java:logGet(43)) - raft.server.notification.no-leader.timeout = 120s (custom)
2019-10-21 04:40:14,731 [pool-1637-thread-1] INFO  server.RaftServerConfigKeys (ConfUtils.java:logGet(43)) - raft.server.log.use.memory = false (default)
2019-10-21 04:40:14,731 [pool-1637-thread-1] INFO  server.RaftServerConfigKeys (ConfUtils.java:logGet(43)) - raft.server.log.purge.gap = 1000000 (custom)
2019-10-21 04:40:14,731 [pool-1637-thread-1] INFO  server.RaftServerConfigKeys (ConfUtils.java:logGet(43)) - raft.server.log.appender.buffer.byte-limit = 33554432 (custom)
2019-10-21 04:40:14,731 [pool-1637-thread-1] INFO  server.RaftServerConfigKeys (ConfUtils.java:logGet(43)) - raft.server.log.segment.size.max = 1048576 (custom)
2019-10-21 04:40:14,733 [pool-1637-thread-1] INFO  server.RaftServerConfigKeys (ConfUtils.java:logGet(43)) - raft.server.log.segment.cache.num.max = 2 (custom)
2019-10-21 04:40:14,733 [pool-1637-thread-1] INFO  segmented.SegmentedRaftLogWorker (SegmentedRaftLogWorker.java:<init>(173)) - new 7c0d5774-b483-474f-b6f4-1d0bebe85e1e@group-6AAE0EE7BD14-SegmentedRaftLogWorker for RaftStorage:Storage Directory /workdir/hadoop-ozone/integration-test/target/test-dir/MiniOzoneClusterImpl-908613f1-7148-4657-b39e-d6fc88855e70/datanode-0/data/ratis/346f1f90-2827-4443-9b37-6aae0ee7bd14
2019-10-21 04:40:14,734 [pool-1637-thread-1] INFO  server.RaftServerConfigKeys (ConfUtils.java:logGet(43)) - raft.server.log.queue.byte-limit = 2147483647 (custom)
2019-10-21 04:40:14,734 [pool-1637-thread-1] INFO  server.RaftServerConfigKeys (ConfUtils.java:logGet(43)) - raft.server.log.queue.element-limit = 1024 (custom)
2019-10-21 04:40:14,734 [pool-1637-thread-1] INFO  server.RaftServerConfigKeys (ConfUtils.java:logGet(43)) - raft.server.log.segment.size.max = 1048576 (custom)
2019-10-21 04:40:14,734 [pool-1637-thread-1] INFO  server.RaftServerConfigKeys (ConfUtils.java:logGet(43)) - raft.server.log.preallocated.size = 16384 (custom)
2019-10-21 04:40:14,734 [pool-1637-thread-1] INFO  server.RaftServerConfigKeys (ConfUtils.java:logGet(43)) - raft.server.log.write.buffer.size = 33554432 (custom)
2019-10-21 04:40:14,734 [pool-1637-thread-1] INFO  server.RaftServerConfigKeys (ConfUtils.java:logGet(43)) - raft.server.log.force.sync.num = 128 (default)
2019-10-21 04:40:14,734 [pool-1637-thread-1] INFO  server.RaftServerConfigKeys (ConfUtils.java:logGet(43)) - raft.server.log.statemachine.data.sync = true (default)
2019-10-21 04:40:14,734 [pool-1637-thread-1] INFO  server.RaftServerConfigKeys (ConfUtils.java:logGet(43)) - raft.server.log.statemachine.data.sync.timeout = 10s (default)
2019-10-21 04:40:14,734 [pool-1637-thread-1] INFO  server.RaftServerConfigKeys (ConfUtils.java:logGet(43)) - raft.server.log.statemachine.data.sync.timeout.retry = -1 (default)
2019-10-21 04:40:14,734 [pool-1637-thread-1] INFO  server.RaftServerConfigKeys (ConfUtils.java:logGet(43)) - raft.server.log.statemachine.data.caching.enabled = true (custom)
2019-10-21 04:40:14,735 [pool-1637-thread-1] INFO  segmented.SegmentedRaftLogWorker (SegmentedRaftLogWorker.java:lambda$new$0(128)) - 7c0d5774-b483-474f-b6f4-1d0bebe85e1e@group-6AAE0EE7BD14-SegmentedRaftLogWorker: flushIndex: setUnconditionally 0 -> -1
2019-10-21 04:40:14,735 [pool-1637-thread-1] INFO  server.RaftServerConfigKeys (ConfUtils.java:logGet(43)) - raft.server.snapshot.auto.trigger.enabled = true (custom)
2019-10-21 04:40:14,735 [pool-1637-thread-1] INFO  server.RaftServerConfigKeys (ConfUtils.java:logGet(43)) - raft.server.snapshot.auto.trigger.threshold = 10000 (custom)
2019-10-21 04:40:14,735 [pool-1637-thread-1] INFO  server.RaftServerConfigKeys (ConfUtils.java:logGet(43)) - raft.server.snapshot.retention.file.num = 5 (custom)
2019-10-21 04:40:14,735 [pool-1637-thread-1] INFO  server.RaftServerConfigKeys (ConfUtils.java:logGet(43)) - raft.server.retrycache.expirytime = 600000ms (custom)
2019-10-21 04:40:14,736 [pool-1637-thread-1] INFO  impl.RaftServerImpl (RaftServerImpl.java:start(181)) - 7c0d5774-b483-474f-b6f4-1d0bebe85e1e@group-6AAE0EE7BD14: start as a follower, conf=-1: [7c0d5774-b483-474f-b6f4-1d0bebe85e1e:192.168.157.255:39149], old=null
2019-10-21 04:40:14,736 [pool-1637-thread-1] INFO  impl.RaftServerImpl (RaftServerImpl.java:setRole(170)) - 7c0d5774-b483-474f-b6f4-1d0bebe85e1e@group-6AAE0EE7BD14: changes role from      null to FOLLOWER at term 0 for startAsFollower
2019-10-21 04:40:14,736 [pool-1637-thread-1] INFO  impl.RoleInfo (RoleInfo.java:updateAndGet(143)) - 7c0d5774-b483-474f-b6f4-1d0bebe85e1e: start FollowerState
2019-10-21 04:40:14,737 [pool-1637-thread-1] INFO  util.JmxRegister (JmxRegister.java:tryRegister(44)) - Successfully registered JMX Bean with object name Ratis:service=RaftServer,group=group-6AAE0EE7BD14,id=7c0d5774-b483-474f-b6f4-1d0bebe85e1e
2019-10-21 04:40:14,743 [RatisPipelineUtilsThread] INFO  pipeline.PipelineStateManager (PipelineStateManager.java:addPipeline(56)) - Created pipeline Pipeline[ Id: 346f1f90-2827-4443-9b37-6aae0ee7bd14, Nodes: 7c0d5774-b483-474f-b6f4-1d0bebe85e1e{ip: 192.168.157.255, host: pr-hdds-1569-252f9-3696506840, networkLocation: /default-rack, certSerialId: null}, Type:RATIS, Factor:ONE, State:OPEN]
2019-10-21 04:40:14,743 [RatisPipelineUtilsThread] ERROR pipeline.SCMPipelineManager (SCMPipelineManager.java:createPipeline(205)) - Pipeline creation failed.
org.apache.hadoop.hdds.scm.exceptions.SCMException: Cannot create pipeline of factor 1 using 0 nodes. Used 1 nodes. Healthy nodes 1
	at org.apache.hadoop.hdds.scm.pipeline.RatisPipelineProvider.pickNodesNeverUsed(RatisPipelineProvider.java:120)
	at org.apache.hadoop.hdds.scm.pipeline.RatisPipelineProvider.create(RatisPipelineProvider.java:132)
	at org.apache.hadoop.hdds.scm.pipeline.PipelineFactory.create(PipelineFactory.java:58)
	at org.apache.hadoop.hdds.scm.pipeline.SCMPipelineManager.createPipeline(SCMPipelineManager.java:195)
	at org.apache.hadoop.hdds.scm.pipeline.BackgroundPipelineCreator.createPipelines(BackgroundPipelineCreator.java:100)
	at java.util.concurrent.Executors$RunnableAdapter.call(Executors.java:511)
	at java.util.concurrent.FutureTask.run(FutureTask.java:266)
	at java.util.concurrent.ScheduledThreadPoolExecutor$ScheduledFutureTask.access$201(ScheduledThreadPoolExecutor.java:180)
	at java.util.concurrent.ScheduledThreadPoolExecutor$ScheduledFutureTask.run(ScheduledThreadPoolExecutor.java:293)
	at java.util.concurrent.ThreadPoolExecutor.runWorker(ThreadPoolExecutor.java:1149)
	at java.util.concurrent.ThreadPoolExecutor$Worker.run(ThreadPoolExecutor.java:624)
	at java.lang.Thread.run(Thread.java:748)
2019-10-21 04:40:14,743 [RatisPipelineUtilsThread] ERROR pipeline.PipelinePlacementPolicy (PipelinePlacementPolicy.java:filterViableNodes(144)) - Not enough healthy nodes to allocate pipeline. 3  datanodes required. Found 1
2019-10-21 04:40:14,743 [RatisPipelineUtilsThread] ERROR pipeline.SCMPipelineManager (SCMPipelineManager.java:createPipeline(205)) - Pipeline creation failed.
org.apache.hadoop.hdds.scm.exceptions.SCMException: Not enough healthy nodes to allocate pipeline. 3  datanodes required. Found 1
	at org.apache.hadoop.hdds.scm.pipeline.PipelinePlacementPolicy.filterViableNodes(PipelinePlacementPolicy.java:145)
	at org.apache.hadoop.hdds.scm.pipeline.PipelinePlacementPolicy.chooseDatanodes(PipelinePlacementPolicy.java:186)
	at org.apache.hadoop.hdds.scm.pipeline.RatisPipelineProvider.create(RatisPipelineProvider.java:135)
	at org.apache.hadoop.hdds.scm.pipeline.PipelineFactory.create(PipelineFactory.java:58)
	at org.apache.hadoop.hdds.scm.pipeline.SCMPipelineManager.createPipeline(SCMPipelineManager.java:195)
	at org.apache.hadoop.hdds.scm.pipeline.BackgroundPipelineCreator.createPipelines(BackgroundPipelineCreator.java:100)
	at java.util.concurrent.Executors$RunnableAdapter.call(Executors.java:511)
	at java.util.concurrent.FutureTask.run(FutureTask.java:266)
	at java.util.concurrent.ScheduledThreadPoolExecutor$ScheduledFutureTask.access$201(ScheduledThreadPoolExecutor.java:180)
	at java.util.concurrent.ScheduledThreadPoolExecutor$ScheduledFutureTask.run(ScheduledThreadPoolExecutor.java:293)
	at java.util.concurrent.ThreadPoolExecutor.runWorker(ThreadPoolExecutor.java:1149)
	at java.util.concurrent.ThreadPoolExecutor$Worker.run(ThreadPoolExecutor.java:624)
	at java.lang.Thread.run(Thread.java:748)
2019-10-21 04:40:14,744 [RatisPipelineUtilsThread] ERROR pipeline.SCMPipelineManager (SCMPipelineManager.java:createPipeline(205)) - Pipeline creation failed.
org.apache.hadoop.hdds.scm.exceptions.SCMException: Cannot create pipeline of factor 1 using 0 nodes. Used 1 nodes. Healthy nodes 1
	at org.apache.hadoop.hdds.scm.pipeline.RatisPipelineProvider.pickNodesNeverUsed(RatisPipelineProvider.java:120)
	at org.apache.hadoop.hdds.scm.pipeline.RatisPipelineProvider.create(RatisPipelineProvider.java:132)
	at org.apache.hadoop.hdds.scm.pipeline.PipelineFactory.create(PipelineFactory.java:58)
	at org.apache.hadoop.hdds.scm.pipeline.SCMPipelineManager.createPipeline(SCMPipelineManager.java:195)
	at org.apache.hadoop.hdds.scm.pipeline.BackgroundPipelineCreator.createPipelines(BackgroundPipelineCreator.java:100)
	at org.apache.hadoop.hdds.scm.pipeline.BackgroundPipelineCreator.lambda$startFixedIntervalPipelineCreator$0(BackgroundPipelineCreator.java:70)
	at java.util.concurrent.Executors$RunnableAdapter.call(Executors.java:511)
	at java.util.concurrent.FutureTask.runAndReset(FutureTask.java:308)
	at java.util.concurrent.ScheduledThreadPoolExecutor$ScheduledFutureTask.access$301(ScheduledThreadPoolExecutor.java:180)
	at java.util.concurrent.ScheduledThreadPoolExecutor$ScheduledFutureTask.run(ScheduledThreadPoolExecutor.java:294)
	at java.util.concurrent.ThreadPoolExecutor.runWorker(ThreadPoolExecutor.java:1149)
	at java.util.concurrent.ThreadPoolExecutor$Worker.run(ThreadPoolExecutor.java:624)
	at java.lang.Thread.run(Thread.java:748)
2019-10-21 04:40:14,744 [RatisPipelineUtilsThread] ERROR pipeline.PipelinePlacementPolicy (PipelinePlacementPolicy.java:filterViableNodes(144)) - Not enough healthy nodes to allocate pipeline. 3  datanodes required. Found 1
2019-10-21 04:40:14,744 [RatisPipelineUtilsThread] ERROR pipeline.SCMPipelineManager (SCMPipelineManager.java:createPipeline(205)) - Pipeline creation failed.
org.apache.hadoop.hdds.scm.exceptions.SCMException: Not enough healthy nodes to allocate pipeline. 3  datanodes required. Found 1
	at org.apache.hadoop.hdds.scm.pipeline.PipelinePlacementPolicy.filterViableNodes(PipelinePlacementPolicy.java:145)
	at org.apache.hadoop.hdds.scm.pipeline.PipelinePlacementPolicy.chooseDatanodes(PipelinePlacementPolicy.java:186)
	at org.apache.hadoop.hdds.scm.pipeline.RatisPipelineProvider.create(RatisPipelineProvider.java:135)
	at org.apache.hadoop.hdds.scm.pipeline.PipelineFactory.create(PipelineFactory.java:58)
	at org.apache.hadoop.hdds.scm.pipeline.SCMPipelineManager.createPipeline(SCMPipelineManager.java:195)
	at org.apache.hadoop.hdds.scm.pipeline.BackgroundPipelineCreator.createPipelines(BackgroundPipelineCreator.java:100)
	at org.apache.hadoop.hdds.scm.pipeline.BackgroundPipelineCreator.lambda$startFixedIntervalPipelineCreator$0(BackgroundPipelineCreator.java:70)
	at java.util.concurrent.Executors$RunnableAdapter.call(Executors.java:511)
	at java.util.concurrent.FutureTask.runAndReset(FutureTask.java:308)
	at java.util.concurrent.ScheduledThreadPoolExecutor$ScheduledFutureTask.access$301(ScheduledThreadPoolExecutor.java:180)
	at java.util.concurrent.ScheduledThreadPoolExecutor$ScheduledFutureTask.run(ScheduledThreadPoolExecutor.java:294)
	at java.util.concurrent.ThreadPoolExecutor.runWorker(ThreadPoolExecutor.java:1149)
	at java.util.concurrent.ThreadPoolExecutor$Worker.run(ThreadPoolExecutor.java:624)
	at java.lang.Thread.run(Thread.java:748)
2019-10-21 04:40:15,650 [Thread-8680] INFO  ozone.MiniOzoneClusterImpl (MiniOzoneClusterImpl.java:lambda$waitForClusterToBeReady$0(147)) - Cluster is ready. Got 1 of 1 DN Heartbeats.
2019-10-21 04:40:15,687 [Thread-8680] INFO  rpc.RpcClient (RpcClient.java:createVolume(272)) - Creating Volume: volume19381, with user77422 as owner.
2019-10-21 04:40:15,707 [OM StateMachine ApplyTransaction Thread - 0] INFO  volume.OMVolumeCreateRequest (OMVolumeCreateRequest.java:validateAndUpdateCache(193)) - created volume:volume19381 for user:user77422
2019-10-21 04:40:15,711 [OM StateMachine ApplyTransaction Thread - 0] INFO  volume.OMVolumeCreateRequest (OMVolumeCreateRequest.java:validateAndUpdateCache(193)) - created volume:volume19381 for user:user77422
2019-10-21 04:40:15,716 [OM StateMachine ApplyTransaction Thread - 0] INFO  volume.OMVolumeCreateRequest (OMVolumeCreateRequest.java:validateAndUpdateCache(193)) - created volume:volume19381 for user:user77422
2019-10-21 04:40:15,717 [Thread-8680] INFO  rpc.RpcClient (RpcClient.java:createBucket(411)) - Creating Bucket: volume19381/bucket94191, with Versioning false and Storage Type set to DISK and Encryption set to false 
2019-10-21 04:40:15,771 [IPC Server handler 2 on 46453] INFO  pipeline.PipelineStateManager (PipelineStateManager.java:addPipeline(56)) - Created pipeline Pipeline[ Id: b885544a-9953-4913-b7a9-1b49fbae600c, Nodes: 7c0d5774-b483-474f-b6f4-1d0bebe85e1e{ip: 192.168.157.255, host: pr-hdds-1569-252f9-3696506840, networkLocation: /default-rack, certSerialId: null}, Type:STAND_ALONE, Factor:ONE, State:OPEN]
2019-10-21 04:40:17,329 [Thread-8680] INFO  ipc.Server (Server.java:stop(3082)) - Stopping server on 11462
2019-10-21 04:40:17,335 [IPC Server listener on 11462] INFO  ipc.Server (Server.java:run(1185)) - Stopping IPC Server listener on 11462
2019-10-21 04:40:17,335 [IPC Server Responder] INFO  ipc.Server (Server.java:run(1319)) - Stopping IPC Server Responder
2019-10-21 04:40:17,337 [Thread-8680] INFO  impl.RaftServerProxy (RaftServerProxy.java:lambda$close$4(314)) - omNode-2: close
2019-10-21 04:40:17,337 [Thread-8680] INFO  impl.RaftServerImpl (RaftServerImpl.java:lambda$shutdown$3(247)) - omNode-2@group-523986131536: shutdown
2019-10-21 04:40:17,337 [Thread-8680] INFO  util.JmxRegister (JmxRegister.java:unregister(73)) - Successfully un-registered JMX Bean with object name Ratis:service=RaftServer,group=group-523986131536,id=omNode-2
2019-10-21 04:40:17,337 [Thread-8680] INFO  impl.RoleInfo (RoleInfo.java:shutdownFollowerState(121)) - omNode-2: shutdown FollowerState
2019-10-21 04:40:17,337 [Thread-8680] INFO  impl.StateMachineUpdater (StateMachineUpdater.java:stopAndJoin(136)) - omNode-2@group-523986131536-StateMachineUpdater: set stopIndex = 41
2019-10-21 04:40:17,337 [omNode-2@group-523986131536-StateMachineUpdater] INFO  ratis.OzoneManagerStateMachine (OzoneManagerStateMachine.java:takeSnapshot(254)) - Saving Ratis snapshot on the OM.
2019-10-21 04:40:17,338 [Thread-8896] INFO  impl.FollowerState (FollowerState.java:run(117)) - omNode-2@group-523986131536-FollowerState was interrupted: java.lang.InterruptedException: sleep interrupted
2019-10-21 04:40:17,339 [omNode-2@group-523986131536-StateMachineUpdater] INFO  ratis.OMRatisSnapshotInfo (OMRatisSnapshotInfo.java:saveRatisSnapshotToDisk(107)) - Saved Ratis Snapshot on the OM with snapshotIndex 41
2019-10-21 04:40:17,339 [omNode-2@group-523986131536-StateMachineUpdater] INFO  impl.StateMachineUpdater (StateMachineUpdater.java:takeSnapshot(269)) - omNode-2@group-523986131536-StateMachineUpdater: Took a snapshot at index 41
2019-10-21 04:40:17,339 [omNode-2@group-523986131536-StateMachineUpdater] INFO  impl.StateMachineUpdater (StateMachineUpdater.java:lambda$new$0(84)) - omNode-2@group-523986131536-StateMachineUpdater: snapshotIndex: updateIncreasingly -1 -> 41
2019-10-21 04:40:17,339 [Thread-8680] INFO  impl.RaftServerImpl (ServerState.java:close(387)) - omNode-2@group-523986131536: closes. applyIndex: 41
2019-10-21 04:40:17,371 [Thread-8680] INFO  segmented.SegmentedRaftLogWorker (SegmentedRaftLogWorker.java:close(224)) - omNode-2@group-523986131536-SegmentedRaftLogWorker close()
2019-10-21 04:40:17,374 [Thread-8680] INFO  server.GrpcService (GrpcService.java:closeImpl(164)) - omNode-2: shutdown server with port 11466 now
2019-10-21 04:40:17,380 [grpc-default-executor-11] WARN  server.GrpcServerProtocolService (LogUtils.java:warn(134)) - omNode-2: installSnapshot onError, lastRequest: omNode-1->omNode-2#55-t2, previous=(t:2, i:43), leaderCommit=43, initializing? false, entries: size=1, first=(t:2, i:44), METADATAENTRY(c43): org.apache.ratis.thirdparty.io.grpc.StatusRuntimeException: CANCELLED: cancelled before receiving half close
2019-10-21 04:40:17,380 [Thread-8680] INFO  server.GrpcService (GrpcService.java:closeImpl(172)) - omNode-2: shutdown server with port 11466 successfully
2019-10-21 04:40:17,380 [grpc-default-executor-10] WARN  server.GrpcLogAppender (LogUtils.java:warn(134)) - omNode-1@group-523986131536->omNode-2-AppendLogResponseHandler: Failed appendEntries: org.apache.ratis.thirdparty.io.grpc.StatusRuntimeException: CANCELLED: HTTP/2 error code: CANCEL
Received Rst Stream
2019-10-21 04:40:17,381 [Thread-8680] INFO  ratis.OzoneManagerDoubleBuffer (OzoneManagerDoubleBuffer.java:stop(250)) - Stopping OMDoubleBuffer flush thread
2019-10-21 04:40:17,382 [grpc-default-executor-10] INFO  impl.FollowerInfo (FollowerInfo.java:lambda$new$0(51)) - omNode-1@group-523986131536->omNode-2: nextIndex: updateUnconditionally 45 -> 44
2019-10-21 04:40:17,382 [OMDoubleBufferFlushThread] INFO  ratis.OzoneManagerDoubleBuffer (OzoneManagerDoubleBuffer.java:flushTransactions(193)) - OMDoubleBuffer flush thread OMDoubleBufferFlushThread is interrupted and will exit. OMDoubleBufferFlushThread
2019-10-21 04:40:17,382 [Thread-8680] INFO  utils.BackgroundService (BackgroundService.java:shutdown(151)) - Shutting down service KeyDeletingService
2019-10-21 04:40:17,392 [Thread-8680] INFO  handler.ContextHandler (ContextHandler.java:doStop(910)) - Stopped o.e.j.w.WebAppContext@2b334012{/,null,UNAVAILABLE}{/ozoneManager}
2019-10-21 04:40:17,393 [Thread-8680] INFO  server.AbstractConnector (AbstractConnector.java:doStop(318)) - Stopped ServerConnector@359a2d2f{HTTP/1.1,[http/1.1]}{0.0.0.0:11464}
2019-10-21 04:40:17,393 [Thread-8680] INFO  handler.ContextHandler (ContextHandler.java:doStop(910)) - Stopped o.e.j.s.ServletContextHandler@11af5c0d{/static,file:///workdir/hadoop-ozone/integration-test/target/test-classes/webapps/static,UNAVAILABLE}
2019-10-21 04:40:17,393 [Thread-8680] INFO  handler.ContextHandler (ContextHandler.java:doStop(910)) - Stopped o.e.j.s.ServletContextHandler@16b48a{/logs,file:///workdir/hadoop-ozone/integration-test/target/log,UNAVAILABLE}
2019-10-21 04:40:17,480 [grpc-default-executor-11] WARN  server.GrpcLogAppender (LogUtils.java:warn(134)) - omNode-1@group-523986131536->omNode-2-AppendLogResponseHandler: Failed appendEntries: org.apache.ratis.thirdparty.io.grpc.StatusRuntimeException: UNAVAILABLE: io exception
2019-10-21 04:40:17,483 [grpc-default-executor-11] INFO  impl.FollowerInfo (FollowerInfo.java:lambda$new$0(51)) - omNode-1@group-523986131536->omNode-2: nextIndex: updateUnconditionally 46 -> 44
2019-10-21 04:40:17,487 [grpc-default-executor-13] WARN  server.GrpcLogAppender (LogUtils.java:warn(134)) - omNode-1@group-523986131536->omNode-2-AppendLogResponseHandler: Failed appendEntries: org.apache.ratis.thirdparty.io.grpc.StatusRuntimeException: UNAVAILABLE: io exception
2019-10-21 04:40:17,490 [grpc-default-executor-13] INFO  impl.FollowerInfo (FollowerInfo.java:lambda$new$0(51)) - omNode-1@group-523986131536->omNode-2: nextIndex: updateUnconditionally 47 -> 44
2019-10-21 04:40:17,494 [grpc-default-executor-11] WARN  server.GrpcLogAppender (LogUtils.java:warn(134)) - omNode-1@group-523986131536->omNode-2-AppendLogResponseHandler: Failed appendEntries: org.apache.ratis.thirdparty.io.grpc.StatusRuntimeException: UNAVAILABLE: io exception
2019-10-21 04:40:17,496 [grpc-default-executor-11] INFO  impl.FollowerInfo (FollowerInfo.java:lambda$new$0(51)) - omNode-1@group-523986131536->omNode-2: nextIndex: updateUnconditionally 47 -> 44
2019-10-21 04:40:17,499 [grpc-default-executor-10] WARN  server.GrpcLogAppender (LogUtils.java:warn(134)) - omNode-1@group-523986131536->omNode-2-AppendLogResponseHandler: Failed appendEntries: org.apache.ratis.thirdparty.io.grpc.StatusRuntimeException: UNAVAILABLE: io exception
2019-10-21 04:40:17,500 [grpc-default-executor-10] INFO  impl.FollowerInfo (FollowerInfo.java:lambda$new$0(51)) - omNode-1@group-523986131536->omNode-2: nextIndex: updateUnconditionally 48 -> 44
2019-10-21 04:40:17,506 [grpc-default-executor-13] WARN  server.GrpcLogAppender (LogUtils.java:warn(134)) - omNode-1@group-523986131536->omNode-2-AppendLogResponseHandler: Failed appendEntries: org.apache.ratis.thirdparty.io.grpc.StatusRuntimeException: UNAVAILABLE: io exception
2019-10-21 04:40:17,513 [grpc-default-executor-13] INFO  impl.FollowerInfo (FollowerInfo.java:lambda$new$0(51)) - omNode-1@group-523986131536->omNode-2: nextIndex: updateUnconditionally 49 -> 44
2019-10-21 04:40:17,517 [grpc-default-executor-10] WARN  server.GrpcLogAppender (LogUtils.java:warn(134)) - omNode-1@group-523986131536->omNode-2-AppendLogResponseHandler: Failed appendEntries: org.apache.ratis.thirdparty.io.grpc.StatusRuntimeException: UNAVAILABLE: io exception
2019-10-21 04:40:17,519 [grpc-default-executor-10] INFO  impl.FollowerInfo (FollowerInfo.java:lambda$new$0(51)) - omNode-1@group-523986131536->omNode-2: nextIndex: updateUnconditionally 50 -> 44
2019-10-21 04:40:17,521 [omNode-1@group-523986131536-StateMachineUpdater] INFO  ratis.OzoneManagerStateMachine (OzoneManagerStateMachine.java:takeSnapshot(254)) - Saving Ratis snapshot on the OM.
2019-10-21 04:40:17,521 [grpc-default-executor-11] WARN  server.GrpcLogAppender (LogUtils.java:warn(134)) - omNode-1@group-523986131536->omNode-2-AppendLogResponseHandler: Failed appendEntries: org.apache.ratis.thirdparty.io.grpc.StatusRuntimeException: UNAVAILABLE: io exception
2019-10-21 04:40:17,523 [grpc-default-executor-11] INFO  impl.FollowerInfo (FollowerInfo.java:lambda$new$0(51)) - omNode-1@group-523986131536->omNode-2: nextIndex: updateUnconditionally 50 -> 44
2019-10-21 04:40:17,524 [omNode-1@group-523986131536-StateMachineUpdater] INFO  ratis.OMRatisSnapshotInfo (OMRatisSnapshotInfo.java:saveRatisSnapshotToDisk(107)) - Saved Ratis Snapshot on the OM with snapshotIndex 49
2019-10-21 04:40:17,524 [omNode-1@group-523986131536-StateMachineUpdater] INFO  impl.StateMachineUpdater (StateMachineUpdater.java:takeSnapshot(269)) - omNode-1@group-523986131536-StateMachineUpdater: Took a snapshot at index 49
2019-10-21 04:40:17,524 [omNode-1@group-523986131536-StateMachineUpdater] INFO  impl.StateMachineUpdater (StateMachineUpdater.java:lambda$new$0(84)) - omNode-1@group-523986131536-StateMachineUpdater: snapshotIndex: updateIncreasingly -1 -> 49
2019-10-21 04:40:17,533 [grpc-default-executor-13] WARN  server.GrpcLogAppender (LogUtils.java:warn(134)) - omNode-1@group-523986131536->omNode-2-AppendLogResponseHandler: Failed appendEntries: org.apache.ratis.thirdparty.io.grpc.StatusRuntimeException: UNAVAILABLE: io exception
2019-10-21 04:40:17,534 [grpc-default-executor-13] INFO  impl.FollowerInfo (FollowerInfo.java:lambda$new$0(51)) - omNode-1@group-523986131536->omNode-2: nextIndex: updateUnconditionally 52 -> 44
2019-10-21 04:40:17,564 [omNode-3@group-523986131536-StateMachineUpdater] INFO  ratis.OzoneManagerStateMachine (OzoneManagerStateMachine.java:takeSnapshot(254)) - Saving Ratis snapshot on the OM.
2019-10-21 04:40:17,565 [grpc-default-executor-11] WARN  server.GrpcLogAppender (LogUtils.java:warn(134)) - omNode-1@group-523986131536->omNode-2-AppendLogResponseHandler: Failed appendEntries: org.apache.ratis.thirdparty.io.grpc.StatusRuntimeException: UNAVAILABLE: io exception
2019-10-21 04:40:17,567 [grpc-default-executor-11] INFO  impl.FollowerInfo (FollowerInfo.java:lambda$new$0(51)) - omNode-1@group-523986131536->omNode-2: nextIndex: updateUnconditionally 52 -> 44
2019-10-21 04:40:17,568 [omNode-3@group-523986131536-StateMachineUpdater] INFO  ratis.OMRatisSnapshotInfo (OMRatisSnapshotInfo.java:saveRatisSnapshotToDisk(107)) - Saved Ratis Snapshot on the OM with snapshotIndex 49
2019-10-21 04:40:17,568 [omNode-3@group-523986131536-StateMachineUpdater] INFO  impl.StateMachineUpdater (StateMachineUpdater.java:takeSnapshot(269)) - omNode-3@group-523986131536-StateMachineUpdater: Took a snapshot at index 49
2019-10-21 04:40:17,568 [omNode-3@group-523986131536-StateMachineUpdater] INFO  impl.StateMachineUpdater (StateMachineUpdater.java:lambda$new$0(84)) - omNode-3@group-523986131536-StateMachineUpdater: snapshotIndex: updateIncreasingly -1 -> 49
2019-10-21 04:40:17,622 [grpc-default-executor-13] WARN  server.GrpcLogAppender (LogUtils.java:warn(134)) - omNode-1@group-523986131536->omNode-2-AppendLogResponseHandler: Failed appendEntries: org.apache.ratis.thirdparty.io.grpc.StatusRuntimeException: UNAVAILABLE: io exception
2019-10-21 04:40:17,625 [grpc-default-executor-13] INFO  impl.FollowerInfo (FollowerInfo.java:lambda$new$0(51)) - omNode-1@group-523986131536->omNode-2: nextIndex: updateUnconditionally 53 -> 44
2019-10-21 04:40:17,637 [grpc-default-executor-11] WARN  server.GrpcLogAppender (LogUtils.java:warn(134)) - omNode-1@group-523986131536->omNode-2-AppendLogResponseHandler: Failed appendEntries: org.apache.ratis.thirdparty.io.grpc.StatusRuntimeException: UNAVAILABLE: io exception
2019-10-21 04:40:17,639 [grpc-default-executor-11] INFO  impl.FollowerInfo (FollowerInfo.java:lambda$new$0(51)) - omNode-1@group-523986131536->omNode-2: nextIndex: updateUnconditionally 54 -> 44
2019-10-21 04:40:17,660 [grpc-default-executor-13] WARN  server.GrpcLogAppender (LogUtils.java:warn(134)) - omNode-1@group-523986131536->omNode-2-AppendLogResponseHandler: Failed appendEntries: org.apache.ratis.thirdparty.io.grpc.StatusRuntimeException: UNAVAILABLE: io exception
2019-10-21 04:40:17,662 [grpc-default-executor-13] INFO  impl.FollowerInfo (FollowerInfo.java:lambda$new$0(51)) - omNode-1@group-523986131536->omNode-2: nextIndex: updateUnconditionally 54 -> 44
2019-10-21 04:40:17,662 [Thread-8984] INFO  container.ReplicationManager (ReplicationManager.java:start(163)) - Starting Replication Monitor Thread.
2019-10-21 04:40:17,664 [ReplicationMonitor] INFO  container.ReplicationManager (ReplicationManager.java:run(226)) - Replication Monitor Thread took 1 milliseconds for processing 3 containers.
2019-10-21 04:40:17,719 [grpc-default-executor-11] WARN  server.GrpcLogAppender (LogUtils.java:warn(134)) - omNode-1@group-523986131536->omNode-2-AppendLogResponseHandler: Failed appendEntries: org.apache.ratis.thirdparty.io.grpc.StatusRuntimeException: UNAVAILABLE: io exception
2019-10-21 04:40:17,722 [grpc-default-executor-11] INFO  impl.FollowerInfo (FollowerInfo.java:lambda$new$0(51)) - omNode-1@group-523986131536->omNode-2: nextIndex: updateUnconditionally 55 -> 44
2019-10-21 04:40:17,732 [grpc-default-executor-11] WARN  server.GrpcLogAppender (LogUtils.java:warn(134)) - omNode-1@group-523986131536->omNode-2-AppendLogResponseHandler: Failed appendEntries: org.apache.ratis.thirdparty.io.grpc.StatusRuntimeException: UNAVAILABLE: io exception
2019-10-21 04:40:17,734 [grpc-default-executor-11] INFO  impl.FollowerInfo (FollowerInfo.java:lambda$new$0(51)) - omNode-1@group-523986131536->omNode-2: nextIndex: updateUnconditionally 55 -> 44
2019-10-21 04:40:17,750 [grpc-default-executor-13] WARN  server.GrpcLogAppender (LogUtils.java:warn(134)) - omNode-1@group-523986131536->omNode-2-AppendLogResponseHandler: Failed appendEntries: org.apache.ratis.thirdparty.io.grpc.StatusRuntimeException: UNAVAILABLE: io exception
2019-10-21 04:40:17,752 [grpc-default-executor-13] INFO  impl.FollowerInfo (FollowerInfo.java:lambda$new$0(51)) - omNode-1@group-523986131536->omNode-2: nextIndex: updateUnconditionally 57 -> 44
2019-10-21 04:40:17,756 [grpc-default-executor-10] WARN  server.GrpcLogAppender (LogUtils.java:warn(134)) - omNode-1@group-523986131536->omNode-2-AppendLogResponseHandler: Failed appendEntries: org.apache.ratis.thirdparty.io.grpc.StatusRuntimeException: UNAVAILABLE: io exception
2019-10-21 04:40:17,758 [grpc-default-executor-10] INFO  impl.FollowerInfo (FollowerInfo.java:lambda$new$0(51)) - omNode-1@group-523986131536->omNode-2: nextIndex: updateUnconditionally 58 -> 44
2019-10-21 04:40:17,786 [grpc-default-executor-10] WARN  server.GrpcLogAppender (LogUtils.java:warn(134)) - omNode-1@group-523986131536->omNode-2-AppendLogResponseHandler: Failed appendEntries: org.apache.ratis.thirdparty.io.grpc.StatusRuntimeException: UNAVAILABLE: io exception
2019-10-21 04:40:17,788 [grpc-default-executor-10] INFO  impl.FollowerInfo (FollowerInfo.java:lambda$new$0(51)) - omNode-1@group-523986131536->omNode-2: nextIndex: updateUnconditionally 58 -> 44
2019-10-21 04:40:17,795 [grpc-default-executor-13] WARN  server.GrpcLogAppender (LogUtils.java:warn(134)) - omNode-1@group-523986131536->omNode-2-AppendLogResponseHandler: Failed appendEntries: org.apache.ratis.thirdparty.io.grpc.StatusRuntimeException: UNAVAILABLE: io exception
2019-10-21 04:40:17,797 [grpc-default-executor-13] INFO  impl.FollowerInfo (FollowerInfo.java:lambda$new$0(51)) - omNode-1@group-523986131536->omNode-2: nextIndex: updateUnconditionally 60 -> 44
2019-10-21 04:40:17,854 [grpc-default-executor-11] WARN  server.GrpcLogAppender (LogUtils.java:warn(134)) - omNode-1@group-523986131536->omNode-2-AppendLogResponseHandler: Failed appendEntries: org.apache.ratis.thirdparty.io.grpc.StatusRuntimeException: UNAVAILABLE: io exception
2019-10-21 04:40:17,857 [grpc-default-executor-11] INFO  impl.FollowerInfo (FollowerInfo.java:lambda$new$0(51)) - omNode-1@group-523986131536->omNode-2: nextIndex: updateUnconditionally 60 -> 44
2019-10-21 04:40:17,865 [grpc-default-executor-10] WARN  server.GrpcLogAppender (LogUtils.java:warn(134)) - omNode-1@group-523986131536->omNode-2-AppendLogResponseHandler: Failed appendEntries: org.apache.ratis.thirdparty.io.grpc.StatusRuntimeException: UNAVAILABLE: io exception
2019-10-21 04:40:17,867 [grpc-default-executor-10] INFO  impl.FollowerInfo (FollowerInfo.java:lambda$new$0(51)) - omNode-1@group-523986131536->omNode-2: nextIndex: updateUnconditionally 61 -> 44
2019-10-21 04:40:17,871 [grpc-default-executor-10] WARN  server.GrpcLogAppender (LogUtils.java:warn(134)) - omNode-1@group-523986131536->omNode-2-AppendLogResponseHandler: Failed appendEntries: org.apache.ratis.thirdparty.io.grpc.StatusRuntimeException: UNAVAILABLE: io exception
2019-10-21 04:40:17,872 [grpc-default-executor-10] INFO  impl.FollowerInfo (FollowerInfo.java:lambda$new$0(51)) - omNode-1@group-523986131536->omNode-2: nextIndex: updateUnconditionally 62 -> 44
2019-10-21 04:40:17,877 [grpc-default-executor-13] WARN  server.GrpcLogAppender (LogUtils.java:warn(134)) - omNode-1@group-523986131536->omNode-2-AppendLogResponseHandler: Failed appendEntries: org.apache.ratis.thirdparty.io.grpc.StatusRuntimeException: UNAVAILABLE: io exception
2019-10-21 04:40:17,878 [grpc-default-executor-13] INFO  impl.FollowerInfo (FollowerInfo.java:lambda$new$0(51)) - omNode-1@group-523986131536->omNode-2: nextIndex: updateUnconditionally 62 -> 44
2019-10-21 04:40:17,880 [grpc-default-executor-11] WARN  server.GrpcLogAppender (LogUtils.java:warn(134)) - omNode-1@group-523986131536->omNode-2-AppendLogResponseHandler: Failed appendEntries: org.apache.ratis.thirdparty.io.grpc.StatusRuntimeException: UNAVAILABLE: io exception
2019-10-21 04:40:17,882 [grpc-default-executor-11] INFO  impl.FollowerInfo (FollowerInfo.java:lambda$new$0(51)) - omNode-1@group-523986131536->omNode-2: nextIndex: updateUnconditionally 63 -> 44
2019-10-21 04:40:17,888 [grpc-default-executor-10] WARN  server.GrpcLogAppender (LogUtils.java:warn(134)) - omNode-1@group-523986131536->omNode-2-AppendLogResponseHandler: Failed appendEntries: org.apache.ratis.thirdparty.io.grpc.StatusRuntimeException: UNAVAILABLE: io exception
2019-10-21 04:40:17,889 [grpc-default-executor-10] INFO  impl.FollowerInfo (FollowerInfo.java:lambda$new$0(51)) - omNode-1@group-523986131536->omNode-2: nextIndex: updateUnconditionally 63 -> 44
2019-10-21 04:40:17,890 [grpc-default-executor-11] WARN  server.GrpcLogAppender (LogUtils.java:warn(134)) - omNode-1@group-523986131536->omNode-2-AppendLogResponseHandler: Failed appendEntries: org.apache.ratis.thirdparty.io.grpc.StatusRuntimeException: UNAVAILABLE: io exception
2019-10-21 04:40:17,897 [grpc-default-executor-11] INFO  impl.FollowerInfo (FollowerInfo.java:lambda$new$0(51)) - omNode-1@group-523986131536->omNode-2: nextIndex: updateUnconditionally 64 -> 44
2019-10-21 04:40:17,900 [grpc-default-executor-10] WARN  server.GrpcLogAppender (LogUtils.java:warn(134)) - omNode-1@group-523986131536->omNode-2-AppendLogResponseHandler: Failed appendEntries: org.apache.ratis.thirdparty.io.grpc.StatusRuntimeException: UNAVAILABLE: io exception
2019-10-21 04:40:17,900 [grpc-default-executor-10] INFO  impl.FollowerInfo (FollowerInfo.java:lambda$new$0(51)) - omNode-1@group-523986131536->omNode-2: nextIndex: updateUnconditionally 65 -> 44
2019-10-21 04:40:17,903 [grpc-default-executor-11] WARN  server.GrpcLogAppender (LogUtils.java:warn(134)) - omNode-1@group-523986131536->omNode-2-AppendLogResponseHandler: Failed appendEntries: org.apache.ratis.thirdparty.io.grpc.StatusRuntimeException: UNAVAILABLE: io exception
2019-10-21 04:40:17,904 [grpc-default-executor-11] INFO  impl.FollowerInfo (FollowerInfo.java:lambda$new$0(51)) - omNode-1@group-523986131536->omNode-2: nextIndex: updateUnconditionally 66 -> 44
2019-10-21 04:40:17,917 [grpc-default-executor-10] WARN  server.GrpcLogAppender (LogUtils.java:warn(134)) - omNode-1@group-523986131536->omNode-2-AppendLogResponseHandler: Failed appendEntries: org.apache.ratis.thirdparty.io.grpc.StatusRuntimeException: UNAVAILABLE: io exception
2019-10-21 04:40:17,918 [grpc-default-executor-10] INFO  impl.FollowerInfo (FollowerInfo.java:lambda$new$0(51)) - omNode-1@group-523986131536->omNode-2: nextIndex: updateUnconditionally 66 -> 44
2019-10-21 04:40:17,919 [grpc-default-executor-13] WARN  server.GrpcLogAppender (LogUtils.java:warn(134)) - omNode-1@group-523986131536->omNode-2-AppendLogResponseHandler: Failed appendEntries: org.apache.ratis.thirdparty.io.grpc.StatusRuntimeException: UNAVAILABLE: io exception
2019-10-21 04:40:17,920 [grpc-default-executor-13] INFO  impl.FollowerInfo (FollowerInfo.java:lambda$new$0(51)) - omNode-1@group-523986131536->omNode-2: nextIndex: updateUnconditionally 67 -> 44
2019-10-21 04:40:17,935 [grpc-default-executor-10] WARN  server.GrpcLogAppender (LogUtils.java:warn(134)) - omNode-1@group-523986131536->omNode-2-AppendLogResponseHandler: Failed appendEntries: org.apache.ratis.thirdparty.io.grpc.StatusRuntimeException: UNAVAILABLE: io exception
2019-10-21 04:40:17,935 [grpc-default-executor-10] INFO  impl.FollowerInfo (FollowerInfo.java:lambda$new$0(51)) - omNode-1@group-523986131536->omNode-2: nextIndex: updateUnconditionally 68 -> 44
2019-10-21 04:40:17,952 [grpc-default-executor-11] WARN  server.GrpcLogAppender (LogUtils.java:warn(134)) - omNode-1@group-523986131536->omNode-2-AppendLogResponseHandler: Failed appendEntries: org.apache.ratis.thirdparty.io.grpc.StatusRuntimeException: UNAVAILABLE: io exception
2019-10-21 04:40:17,953 [grpc-default-executor-11] INFO  impl.FollowerInfo (FollowerInfo.java:lambda$new$0(51)) - omNode-1@group-523986131536->omNode-2: nextIndex: updateUnconditionally 68 -> 44
2019-10-21 04:40:17,973 [grpc-default-executor-13] WARN  server.GrpcLogAppender (LogUtils.java:warn(134)) - omNode-1@group-523986131536->omNode-2-AppendLogResponseHandler: Failed appendEntries: org.apache.ratis.thirdparty.io.grpc.StatusRuntimeException: UNAVAILABLE: io exception
2019-10-21 04:40:17,973 [grpc-default-executor-13] INFO  impl.FollowerInfo (FollowerInfo.java:lambda$new$0(51)) - omNode-1@group-523986131536->omNode-2: nextIndex: updateUnconditionally 69 -> 44
2019-10-21 04:40:17,976 [grpc-default-executor-11] WARN  server.GrpcLogAppender (LogUtils.java:warn(134)) - omNode-1@group-523986131536->omNode-2-AppendLogResponseHandler: Failed appendEntries: org.apache.ratis.thirdparty.io.grpc.StatusRuntimeException: UNAVAILABLE: io exception
2019-10-21 04:40:17,976 [grpc-default-executor-11] INFO  impl.FollowerInfo (FollowerInfo.java:lambda$new$0(51)) - omNode-1@group-523986131536->omNode-2: nextIndex: updateUnconditionally 70 -> 44
2019-10-21 04:40:18,035 [grpc-default-executor-13] WARN  server.GrpcLogAppender (LogUtils.java:warn(134)) - omNode-1@group-523986131536->omNode-2-AppendLogResponseHandler: Failed appendEntries: org.apache.ratis.thirdparty.io.grpc.StatusRuntimeException: UNAVAILABLE: io exception
2019-10-21 04:40:18,035 [grpc-default-executor-13] INFO  impl.FollowerInfo (FollowerInfo.java:lambda$new$0(51)) - omNode-1@group-523986131536->omNode-2: nextIndex: updateUnconditionally 70 -> 44
2019-10-21 04:40:18,073 [grpc-default-executor-13] WARN  server.GrpcLogAppender (LogUtils.java:warn(134)) - omNode-1@group-523986131536->omNode-2-AppendLogResponseHandler: Failed appendEntries: org.apache.ratis.thirdparty.io.grpc.StatusRuntimeException: UNAVAILABLE: io exception
2019-10-21 04:40:18,073 [grpc-default-executor-13] INFO  impl.FollowerInfo (FollowerInfo.java:lambda$new$0(51)) - omNode-1@group-523986131536->omNode-2: nextIndex: updateUnconditionally 71 -> 44
2019-10-21 04:40:18,079 [IPC Server handler 8 on 11456] INFO  segmented.SegmentedRaftLogWorker (SegmentedRaftLogWorker.java:rollLogSegment(390)) - omNode-1@group-523986131536-SegmentedRaftLogWorker: Rolling segment log-0_70 to index:70
2019-10-21 04:40:18,080 [grpc-default-executor-11] INFO  segmented.SegmentedRaftLogWorker (SegmentedRaftLogWorker.java:rollLogSegment(390)) - omNode-3@group-523986131536-SegmentedRaftLogWorker: Rolling segment log-0_70 to index:70
2019-10-21 04:40:18,081 [grpc-default-executor-13] WARN  server.GrpcLogAppender (LogUtils.java:warn(134)) - omNode-1@group-523986131536->omNode-2-AppendLogResponseHandler: Failed appendEntries: org.apache.ratis.thirdparty.io.grpc.StatusRuntimeException: UNAVAILABLE: io exception
2019-10-21 04:40:18,081 [grpc-default-executor-13] INFO  impl.FollowerInfo (FollowerInfo.java:lambda$new$0(51)) - omNode-1@group-523986131536->omNode-2: nextIndex: updateUnconditionally 72 -> 44
2019-10-21 04:40:18,113 [omNode-1@group-523986131536-SegmentedRaftLogWorker] INFO  segmented.SegmentedRaftLogWorker (SegmentedRaftLogWorker.java:execute(531)) - omNode-1@group-523986131536-SegmentedRaftLogWorker: Rolled log segment from /workdir/hadoop-ozone/integration-test/target/test-dir/MiniOzoneClusterImpl-908613f1-7148-4657-b39e-d6fc88855e70/omNode-1/ratis/c9bc4cf4-3bc3-3c60-a66b-523986131536/current/log_inprogress_0 to /workdir/hadoop-ozone/integration-test/target/test-dir/MiniOzoneClusterImpl-908613f1-7148-4657-b39e-d6fc88855e70/omNode-1/ratis/c9bc4cf4-3bc3-3c60-a66b-523986131536/current/log_0-70
2019-10-21 04:40:18,115 [grpc-default-executor-10] WARN  server.GrpcLogAppender (LogUtils.java:warn(134)) - omNode-1@group-523986131536->omNode-2-AppendLogResponseHandler: Failed appendEntries: org.apache.ratis.thirdparty.io.grpc.StatusRuntimeException: UNAVAILABLE: io exception
2019-10-21 04:40:18,116 [grpc-default-executor-10] INFO  impl.FollowerInfo (FollowerInfo.java:lambda$new$0(51)) - omNode-1@group-523986131536->omNode-2: nextIndex: updateUnconditionally 72 -> 44
2019-10-21 04:40:18,136 [omNode-3@group-523986131536-SegmentedRaftLogWorker] INFO  segmented.SegmentedRaftLogWorker (SegmentedRaftLogWorker.java:execute(531)) - omNode-3@group-523986131536-SegmentedRaftLogWorker: Rolled log segment from /workdir/hadoop-ozone/integration-test/target/test-dir/MiniOzoneClusterImpl-908613f1-7148-4657-b39e-d6fc88855e70/omNode-3/ratis/c9bc4cf4-3bc3-3c60-a66b-523986131536/current/log_inprogress_0 to /workdir/hadoop-ozone/integration-test/target/test-dir/MiniOzoneClusterImpl-908613f1-7148-4657-b39e-d6fc88855e70/omNode-3/ratis/c9bc4cf4-3bc3-3c60-a66b-523986131536/current/log_0-70
2019-10-21 04:40:18,268 [omNode-1@group-523986131536-SegmentedRaftLogWorker] INFO  segmented.SegmentedRaftLogWorker (SegmentedRaftLogWorker.java:execute(574)) - omNode-1@group-523986131536-SegmentedRaftLogWorker: created new log segment /workdir/hadoop-ozone/integration-test/target/test-dir/MiniOzoneClusterImpl-908613f1-7148-4657-b39e-d6fc88855e70/omNode-1/ratis/c9bc4cf4-3bc3-3c60-a66b-523986131536/current/log_inprogress_71
2019-10-21 04:40:18,268 [omNode-3@group-523986131536-SegmentedRaftLogWorker] INFO  segmented.SegmentedRaftLogWorker (SegmentedRaftLogWorker.java:execute(574)) - omNode-3@group-523986131536-SegmentedRaftLogWorker: created new log segment /workdir/hadoop-ozone/integration-test/target/test-dir/MiniOzoneClusterImpl-908613f1-7148-4657-b39e-d6fc88855e70/omNode-3/ratis/c9bc4cf4-3bc3-3c60-a66b-523986131536/current/log_inprogress_71
2019-10-21 04:40:18,312 [grpc-default-executor-11] WARN  server.GrpcLogAppender (LogUtils.java:warn(134)) - omNode-1@group-523986131536->omNode-2-AppendLogResponseHandler: Failed appendEntries: org.apache.ratis.thirdparty.io.grpc.StatusRuntimeException: UNAVAILABLE: io exception
2019-10-21 04:40:18,313 [grpc-default-executor-11] INFO  impl.FollowerInfo (FollowerInfo.java:lambda$new$0(51)) - omNode-1@group-523986131536->omNode-2: nextIndex: updateUnconditionally 73 -> 44
2019-10-21 04:40:18,316 [grpc-default-executor-10] WARN  server.GrpcLogAppender (LogUtils.java:warn(134)) - omNode-1@group-523986131536->omNode-2-AppendLogResponseHandler: Failed appendEntries: org.apache.ratis.thirdparty.io.grpc.StatusRuntimeException: UNAVAILABLE: io exception
2019-10-21 04:40:18,316 [grpc-default-executor-10] INFO  impl.FollowerInfo (FollowerInfo.java:lambda$new$0(51)) - omNode-1@group-523986131536->omNode-2: nextIndex: updateUnconditionally 73 -> 44
2019-10-21 04:40:18,568 [grpc-default-executor-11] WARN  server.GrpcLogAppender (LogUtils.java:warn(134)) - omNode-1@group-523986131536->omNode-2-AppendLogResponseHandler: Failed appendEntries: org.apache.ratis.thirdparty.io.grpc.StatusRuntimeException: UNAVAILABLE: io exception
2019-10-21 04:40:18,569 [grpc-default-executor-11] INFO  impl.FollowerInfo (FollowerInfo.java:lambda$new$0(51)) - omNode-1@group-523986131536->omNode-2: nextIndex: updateUnconditionally 75 -> 44
2019-10-21 04:40:18,614 [grpc-default-executor-10] WARN  server.GrpcLogAppender (LogUtils.java:warn(134)) - omNode-1@group-523986131536->omNode-2-AppendLogResponseHandler: Failed appendEntries: org.apache.ratis.thirdparty.io.grpc.StatusRuntimeException: UNAVAILABLE: io exception
2019-10-21 04:40:18,614 [grpc-default-executor-10] INFO  impl.FollowerInfo (FollowerInfo.java:lambda$new$0(51)) - omNode-1@group-523986131536->omNode-2: nextIndex: updateUnconditionally 75 -> 44
2019-10-21 04:40:18,621 [grpc-default-executor-11] WARN  server.GrpcLogAppender (LogUtils.java:warn(134)) - omNode-1@group-523986131536->omNode-2-AppendLogResponseHandler: Failed appendEntries: org.apache.ratis.thirdparty.io.grpc.StatusRuntimeException: UNAVAILABLE: io exception
2019-10-21 04:40:18,621 [grpc-default-executor-11] INFO  impl.FollowerInfo (FollowerInfo.java:lambda$new$0(51)) - omNode-1@group-523986131536->omNode-2: nextIndex: updateUnconditionally 76 -> 44
2019-10-21 04:40:18,634 [grpc-default-executor-13] WARN  server.GrpcLogAppender (LogUtils.java:warn(134)) - omNode-1@group-523986131536->omNode-2-AppendLogResponseHandler: Failed appendEntries: org.apache.ratis.thirdparty.io.grpc.StatusRuntimeException: UNAVAILABLE: io exception
2019-10-21 04:40:18,634 [grpc-default-executor-13] INFO  impl.FollowerInfo (FollowerInfo.java:lambda$new$0(51)) - omNode-1@group-523986131536->omNode-2: nextIndex: updateUnconditionally 77 -> 44
2019-10-21 04:40:18,636 [grpc-default-executor-11] WARN  server.GrpcLogAppender (LogUtils.java:warn(134)) - omNode-1@group-523986131536->omNode-2-AppendLogResponseHandler: Failed appendEntries: org.apache.ratis.thirdparty.io.grpc.StatusRuntimeException: UNAVAILABLE: io exception
2019-10-21 04:40:18,636 [grpc-default-executor-11] INFO  impl.FollowerInfo (FollowerInfo.java:lambda$new$0(51)) - omNode-1@group-523986131536->omNode-2: nextIndex: updateUnconditionally 77 -> 44
2019-10-21 04:40:18,649 [grpc-default-executor-13] WARN  server.GrpcLogAppender (LogUtils.java:warn(134)) - omNode-1@group-523986131536->omNode-2-AppendLogResponseHandler: Failed appendEntries: org.apache.ratis.thirdparty.io.grpc.StatusRuntimeException: UNAVAILABLE: io exception
2019-10-21 04:40:18,649 [grpc-default-executor-13] INFO  impl.FollowerInfo (FollowerInfo.java:lambda$new$0(51)) - omNode-1@group-523986131536->omNode-2: nextIndex: updateUnconditionally 79 -> 44
2019-10-21 04:40:18,654 [grpc-default-executor-10] WARN  server.GrpcLogAppender (LogUtils.java:warn(134)) - omNode-1@group-523986131536->omNode-2-AppendLogResponseHandler: Failed appendEntries: org.apache.ratis.thirdparty.io.grpc.StatusRuntimeException: UNAVAILABLE: io exception
2019-10-21 04:40:18,654 [grpc-default-executor-10] INFO  impl.FollowerInfo (FollowerInfo.java:lambda$new$0(51)) - omNode-1@group-523986131536->omNode-2: nextIndex: updateUnconditionally 79 -> 44
2019-10-21 04:40:18,656 [grpc-default-executor-13] WARN  server.GrpcLogAppender (LogUtils.java:warn(134)) - omNode-1@group-523986131536->omNode-2-AppendLogResponseHandler: Failed appendEntries: org.apache.ratis.thirdparty.io.grpc.StatusRuntimeException: UNAVAILABLE: io exception
2019-10-21 04:40:18,656 [grpc-default-executor-13] INFO  impl.FollowerInfo (FollowerInfo.java:lambda$new$0(51)) - omNode-1@group-523986131536->omNode-2: nextIndex: updateUnconditionally 80 -> 44
2019-10-21 04:40:18,661 [grpc-default-executor-10] WARN  server.GrpcLogAppender (LogUtils.java:warn(134)) - omNode-1@group-523986131536->omNode-2-AppendLogResponseHandler: Failed appendEntries: org.apache.ratis.thirdparty.io.grpc.StatusRuntimeException: UNAVAILABLE: io exception
2019-10-21 04:40:18,661 [grpc-default-executor-10] INFO  impl.FollowerInfo (FollowerInfo.java:lambda$new$0(51)) - omNode-1@group-523986131536->omNode-2: nextIndex: updateUnconditionally 81 -> 44
2019-10-21 04:40:18,664 [grpc-default-executor-10] WARN  server.GrpcLogAppender (LogUtils.java:warn(134)) - omNode-1@group-523986131536->omNode-2-AppendLogResponseHandler: Failed appendEntries: org.apache.ratis.thirdparty.io.grpc.StatusRuntimeException: UNAVAILABLE: io exception
2019-10-21 04:40:18,664 [grpc-default-executor-10] INFO  impl.FollowerInfo (FollowerInfo.java:lambda$new$0(51)) - omNode-1@group-523986131536->omNode-2: nextIndex: updateUnconditionally 81 -> 44
2019-10-21 04:40:18,676 [grpc-default-executor-13] WARN  server.GrpcLogAppender (LogUtils.java:warn(134)) - omNode-1@group-523986131536->omNode-2-AppendLogResponseHandler: Failed appendEntries: org.apache.ratis.thirdparty.io.grpc.StatusRuntimeException: UNAVAILABLE: io exception
2019-10-21 04:40:18,676 [grpc-default-executor-13] INFO  impl.FollowerInfo (FollowerInfo.java:lambda$new$0(51)) - omNode-1@group-523986131536->omNode-2: nextIndex: updateUnconditionally 83 -> 44
2019-10-21 04:40:18,678 [grpc-default-executor-12] WARN  server.GrpcLogAppender (LogUtils.java:warn(134)) - omNode-1@group-523986131536->omNode-2-AppendLogResponseHandler: Failed appendEntries: org.apache.ratis.thirdparty.io.grpc.StatusRuntimeException: UNAVAILABLE: io exception
2019-10-21 04:40:18,678 [grpc-default-executor-12] INFO  impl.FollowerInfo (FollowerInfo.java:lambda$new$0(51)) - omNode-1@group-523986131536->omNode-2: nextIndex: updateUnconditionally 83 -> 44
2019-10-21 04:40:18,682 [grpc-default-executor-11] WARN  server.GrpcLogAppender (LogUtils.java:warn(134)) - omNode-1@group-523986131536->omNode-2-AppendLogResponseHandler: Failed appendEntries: org.apache.ratis.thirdparty.io.grpc.StatusRuntimeException: UNAVAILABLE: io exception
2019-10-21 04:40:18,683 [grpc-default-executor-11] INFO  impl.FollowerInfo (FollowerInfo.java:lambda$new$0(51)) - omNode-1@group-523986131536->omNode-2: nextIndex: updateUnconditionally 84 -> 44
2019-10-21 04:40:18,710 [grpc-default-executor-13] WARN  server.GrpcLogAppender (LogUtils.java:warn(134)) - omNode-1@group-523986131536->omNode-2-AppendLogResponseHandler: Failed appendEntries: org.apache.ratis.thirdparty.io.grpc.StatusRuntimeException: UNAVAILABLE: io exception
2019-10-21 04:40:18,710 [grpc-default-executor-13] INFO  impl.FollowerInfo (FollowerInfo.java:lambda$new$0(51)) - omNode-1@group-523986131536->omNode-2: nextIndex: updateUnconditionally 85 -> 44
2019-10-21 04:40:18,713 [grpc-default-executor-11] WARN  server.GrpcLogAppender (LogUtils.java:warn(134)) - omNode-1@group-523986131536->omNode-2-AppendLogResponseHandler: Failed appendEntries: org.apache.ratis.thirdparty.io.grpc.StatusRuntimeException: UNAVAILABLE: io exception
2019-10-21 04:40:18,713 [grpc-default-executor-11] INFO  impl.FollowerInfo (FollowerInfo.java:lambda$new$0(51)) - omNode-1@group-523986131536->omNode-2: nextIndex: updateUnconditionally 86 -> 44
2019-10-21 04:40:18,812 [grpc-default-executor-13] WARN  server.GrpcLogAppender (LogUtils.java:warn(134)) - omNode-1@group-523986131536->omNode-2-AppendLogResponseHandler: Failed appendEntries: org.apache.ratis.thirdparty.io.grpc.StatusRuntimeException: UNAVAILABLE: io exception
2019-10-21 04:40:18,812 [grpc-default-executor-13] INFO  impl.FollowerInfo (FollowerInfo.java:lambda$new$0(51)) - omNode-1@group-523986131536->omNode-2: nextIndex: updateUnconditionally 86 -> 44
2019-10-21 04:40:18,839 [grpc-default-executor-13] WARN  server.GrpcLogAppender (LogUtils.java:warn(134)) - omNode-1@group-523986131536->omNode-2-AppendLogResponseHandler: Failed appendEntries: org.apache.ratis.thirdparty.io.grpc.StatusRuntimeException: UNAVAILABLE: io exception
2019-10-21 04:40:18,840 [grpc-default-executor-13] INFO  impl.FollowerInfo (FollowerInfo.java:lambda$new$0(51)) - omNode-1@group-523986131536->omNode-2: nextIndex: updateUnconditionally 87 -> 44
2019-10-21 04:40:18,841 [grpc-default-executor-12] WARN  server.GrpcLogAppender (LogUtils.java:warn(134)) - omNode-1@group-523986131536->omNode-2-AppendLogResponseHandler: Failed appendEntries: org.apache.ratis.thirdparty.io.grpc.StatusRuntimeException: UNAVAILABLE: io exception
2019-10-21 04:40:18,841 [grpc-default-executor-12] INFO  impl.FollowerInfo (FollowerInfo.java:lambda$new$0(51)) - omNode-1@group-523986131536->omNode-2: nextIndex: updateUnconditionally 87 -> 44
2019-10-21 04:40:18,848 [grpc-default-executor-13] WARN  server.GrpcLogAppender (LogUtils.java:warn(134)) - omNode-1@group-523986131536->omNode-2-AppendLogResponseHandler: Failed appendEntries: org.apache.ratis.thirdparty.io.grpc.StatusRuntimeException: UNAVAILABLE: io exception
2019-10-21 04:40:18,848 [grpc-default-executor-13] INFO  impl.FollowerInfo (FollowerInfo.java:lambda$new$0(51)) - omNode-1@group-523986131536->omNode-2: nextIndex: updateUnconditionally 88 -> 44
2019-10-21 04:40:18,857 [grpc-default-executor-12] WARN  server.GrpcLogAppender (LogUtils.java:warn(134)) - omNode-1@group-523986131536->omNode-2-AppendLogResponseHandler: Failed appendEntries: org.apache.ratis.thirdparty.io.grpc.StatusRuntimeException: UNAVAILABLE: io exception
2019-10-21 04:40:18,857 [grpc-default-executor-12] INFO  impl.FollowerInfo (FollowerInfo.java:lambda$new$0(51)) - omNode-1@group-523986131536->omNode-2: nextIndex: updateUnconditionally 89 -> 44
2019-10-21 04:40:18,861 [grpc-default-executor-13] WARN  server.GrpcLogAppender (LogUtils.java:warn(134)) - omNode-1@group-523986131536->omNode-2-AppendLogResponseHandler: Failed appendEntries: org.apache.ratis.thirdparty.io.grpc.StatusRuntimeException: UNAVAILABLE: io exception
2019-10-21 04:40:18,861 [grpc-default-executor-13] INFO  impl.FollowerInfo (FollowerInfo.java:lambda$new$0(51)) - omNode-1@group-523986131536->omNode-2: nextIndex: updateUnconditionally 90 -> 44
2019-10-21 04:40:18,869 [grpc-default-executor-13] WARN  server.GrpcLogAppender (LogUtils.java:warn(134)) - omNode-1@group-523986131536->omNode-2-AppendLogResponseHandler: Failed appendEntries: org.apache.ratis.thirdparty.io.grpc.StatusRuntimeException: UNAVAILABLE: io exception
2019-10-21 04:40:18,870 [grpc-default-executor-13] INFO  impl.FollowerInfo (FollowerInfo.java:lambda$new$0(51)) - omNode-1@group-523986131536->omNode-2: nextIndex: updateUnconditionally 90 -> 44
2019-10-21 04:40:18,879 [grpc-default-executor-13] WARN  server.GrpcLogAppender (LogUtils.java:warn(134)) - omNode-1@group-523986131536->omNode-2-AppendLogResponseHandler: Failed appendEntries: org.apache.ratis.thirdparty.io.grpc.StatusRuntimeException: UNAVAILABLE: io exception
2019-10-21 04:40:18,879 [grpc-default-executor-13] INFO  impl.FollowerInfo (FollowerInfo.java:lambda$new$0(51)) - omNode-1@group-523986131536->omNode-2: nextIndex: updateUnconditionally 92 -> 44
2019-10-21 04:40:18,901 [grpc-default-executor-11] WARN  server.GrpcLogAppender (LogUtils.java:warn(134)) - omNode-1@group-523986131536->omNode-2-AppendLogResponseHandler: Failed appendEntries: org.apache.ratis.thirdparty.io.grpc.StatusRuntimeException: UNAVAILABLE: io exception
2019-10-21 04:40:18,901 [grpc-default-executor-11] INFO  impl.FollowerInfo (FollowerInfo.java:lambda$new$0(51)) - omNode-1@group-523986131536->omNode-2: nextIndex: updateUnconditionally 92 -> 44
2019-10-21 04:40:18,926 [grpc-default-executor-12] WARN  server.GrpcLogAppender (LogUtils.java:warn(134)) - omNode-1@group-523986131536->omNode-2-AppendLogResponseHandler: Failed appendEntries: org.apache.ratis.thirdparty.io.grpc.StatusRuntimeException: UNAVAILABLE: io exception
2019-10-21 04:40:18,926 [grpc-default-executor-12] INFO  impl.FollowerInfo (FollowerInfo.java:lambda$new$0(51)) - omNode-1@group-523986131536->omNode-2: nextIndex: updateUnconditionally 93 -> 44
2019-10-21 04:40:18,929 [grpc-default-executor-11] WARN  server.GrpcLogAppender (LogUtils.java:warn(134)) - omNode-1@group-523986131536->omNode-2-AppendLogResponseHandler: Failed appendEntries: org.apache.ratis.thirdparty.io.grpc.StatusRuntimeException: UNAVAILABLE: io exception
2019-10-21 04:40:18,929 [grpc-default-executor-11] INFO  impl.FollowerInfo (FollowerInfo.java:lambda$new$0(51)) - omNode-1@group-523986131536->omNode-2: nextIndex: updateUnconditionally 94 -> 44
2019-10-21 04:40:18,950 [grpc-default-executor-12] WARN  server.GrpcLogAppender (LogUtils.java:warn(134)) - omNode-1@group-523986131536->omNode-2-AppendLogResponseHandler: Failed appendEntries: org.apache.ratis.thirdparty.io.grpc.StatusRuntimeException: UNAVAILABLE: io exception
2019-10-21 04:40:18,951 [grpc-default-executor-12] INFO  impl.FollowerInfo (FollowerInfo.java:lambda$new$0(51)) - omNode-1@group-523986131536->omNode-2: nextIndex: updateUnconditionally 94 -> 44
2019-10-21 04:40:18,981 [grpc-default-executor-13] WARN  server.GrpcLogAppender (LogUtils.java:warn(134)) - omNode-1@group-523986131536->omNode-2-AppendLogResponseHandler: Failed appendEntries: org.apache.ratis.thirdparty.io.grpc.StatusRuntimeException: UNAVAILABLE: io exception
2019-10-21 04:40:18,981 [grpc-default-executor-13] INFO  impl.FollowerInfo (FollowerInfo.java:lambda$new$0(51)) - omNode-1@group-523986131536->omNode-2: nextIndex: updateUnconditionally 95 -> 44
2019-10-21 04:40:18,988 [grpc-default-executor-11] WARN  server.GrpcLogAppender (LogUtils.java:warn(134)) - omNode-1@group-523986131536->omNode-2-AppendLogResponseHandler: Failed appendEntries: org.apache.ratis.thirdparty.io.grpc.StatusRuntimeException: UNAVAILABLE: io exception
2019-10-21 04:40:18,988 [grpc-default-executor-11] INFO  impl.FollowerInfo (FollowerInfo.java:lambda$new$0(51)) - omNode-1@group-523986131536->omNode-2: nextIndex: updateUnconditionally 96 -> 44
2019-10-21 04:40:18,992 [grpc-default-executor-12] WARN  server.GrpcLogAppender (LogUtils.java:warn(134)) - omNode-1@group-523986131536->omNode-2-AppendLogResponseHandler: Failed appendEntries: org.apache.ratis.thirdparty.io.grpc.StatusRuntimeException: UNAVAILABLE: io exception
2019-10-21 04:40:18,993 [grpc-default-executor-12] INFO  impl.FollowerInfo (FollowerInfo.java:lambda$new$0(51)) - omNode-1@group-523986131536->omNode-2: nextIndex: updateUnconditionally 96 -> 44
2019-10-21 04:40:18,994 [grpc-default-executor-13] WARN  server.GrpcLogAppender (LogUtils.java:warn(134)) - omNode-1@group-523986131536->omNode-2-AppendLogResponseHandler: Failed appendEntries: org.apache.ratis.thirdparty.io.grpc.StatusRuntimeException: UNAVAILABLE: io exception
2019-10-21 04:40:18,994 [grpc-default-executor-13] INFO  impl.FollowerInfo (FollowerInfo.java:lambda$new$0(51)) - omNode-1@group-523986131536->omNode-2: nextIndex: updateUnconditionally 97 -> 44
2019-10-21 04:40:18,998 [grpc-default-executor-11] WARN  server.GrpcLogAppender (LogUtils.java:warn(134)) - omNode-1@group-523986131536->omNode-2-AppendLogResponseHandler: Failed appendEntries: org.apache.ratis.thirdparty.io.grpc.StatusRuntimeException: UNAVAILABLE: io exception
2019-10-21 04:40:18,998 [grpc-default-executor-11] INFO  impl.FollowerInfo (FollowerInfo.java:lambda$new$0(51)) - omNode-1@group-523986131536->omNode-2: nextIndex: updateUnconditionally 98 -> 44
2019-10-21 04:40:19,012 [grpc-default-executor-11] WARN  server.GrpcLogAppender (LogUtils.java:warn(134)) - omNode-1@group-523986131536->omNode-2-AppendLogResponseHandler: Failed appendEntries: org.apache.ratis.thirdparty.io.grpc.StatusRuntimeException: UNAVAILABLE: io exception
2019-10-21 04:40:19,012 [grpc-default-executor-11] INFO  impl.FollowerInfo (FollowerInfo.java:lambda$new$0(51)) - omNode-1@group-523986131536->omNode-2: nextIndex: updateUnconditionally 98 -> 44
2019-10-21 04:40:19,050 [grpc-default-executor-12] WARN  server.GrpcLogAppender (LogUtils.java:warn(134)) - omNode-1@group-523986131536->omNode-2-AppendLogResponseHandler: Failed appendEntries: org.apache.ratis.thirdparty.io.grpc.StatusRuntimeException: UNAVAILABLE: io exception
2019-10-21 04:40:19,050 [grpc-default-executor-12] INFO  impl.FollowerInfo (FollowerInfo.java:lambda$new$0(51)) - omNode-1@group-523986131536->omNode-2: nextIndex: updateUnconditionally 99 -> 44
2019-10-21 04:40:19,057 [grpc-default-executor-13] WARN  server.GrpcLogAppender (LogUtils.java:warn(134)) - omNode-1@group-523986131536->omNode-2-AppendLogResponseHandler: Failed appendEntries: org.apache.ratis.thirdparty.io.grpc.StatusRuntimeException: UNAVAILABLE: io exception
2019-10-21 04:40:19,058 [grpc-default-executor-13] INFO  impl.FollowerInfo (FollowerInfo.java:lambda$new$0(51)) - omNode-1@group-523986131536->omNode-2: nextIndex: updateUnconditionally 100 -> 44
2019-10-21 04:40:19,074 [grpc-default-executor-12] WARN  server.GrpcLogAppender (LogUtils.java:warn(134)) - omNode-1@group-523986131536->omNode-2-AppendLogResponseHandler: Failed appendEntries: org.apache.ratis.thirdparty.io.grpc.StatusRuntimeException: UNAVAILABLE: io exception
2019-10-21 04:40:19,074 [grpc-default-executor-12] INFO  impl.FollowerInfo (FollowerInfo.java:lambda$new$0(51)) - omNode-1@group-523986131536->omNode-2: nextIndex: updateUnconditionally 100 -> 44
2019-10-21 04:40:19,107 [omNode-1@group-523986131536-StateMachineUpdater] INFO  ratis.OzoneManagerStateMachine (OzoneManagerStateMachine.java:takeSnapshot(254)) - Saving Ratis snapshot on the OM.
2019-10-21 04:40:19,107 [omNode-1@group-523986131536-StateMachineUpdater] INFO  ratis.OMRatisSnapshotInfo (OMRatisSnapshotInfo.java:saveRatisSnapshotToDisk(107)) - Saved Ratis Snapshot on the OM with snapshotIndex 99
2019-10-21 04:40:19,107 [omNode-1@group-523986131536-StateMachineUpdater] INFO  impl.StateMachineUpdater (StateMachineUpdater.java:takeSnapshot(269)) - omNode-1@group-523986131536-StateMachineUpdater: Took a snapshot at index 99
2019-10-21 04:40:19,107 [omNode-1@group-523986131536-StateMachineUpdater] INFO  impl.StateMachineUpdater (StateMachineUpdater.java:lambda$new$0(84)) - omNode-1@group-523986131536-StateMachineUpdater: snapshotIndex: updateIncreasingly 49 -> 99
2019-10-21 04:40:19,107 [grpc-default-executor-11] WARN  server.GrpcLogAppender (LogUtils.java:warn(134)) - omNode-1@group-523986131536->omNode-2-AppendLogResponseHandler: Failed appendEntries: org.apache.ratis.thirdparty.io.grpc.StatusRuntimeException: UNAVAILABLE: io exception
2019-10-21 04:40:19,108 [grpc-default-executor-11] INFO  impl.FollowerInfo (FollowerInfo.java:lambda$new$0(51)) - omNode-1@group-523986131536->omNode-2: nextIndex: updateUnconditionally 101 -> 44
2019-10-21 04:40:19,110 [grpc-default-executor-12] WARN  server.GrpcLogAppender (LogUtils.java:warn(134)) - omNode-1@group-523986131536->omNode-2-AppendLogResponseHandler: Failed appendEntries: org.apache.ratis.thirdparty.io.grpc.StatusRuntimeException: UNAVAILABLE: io exception
2019-10-21 04:40:19,111 [grpc-default-executor-12] INFO  impl.FollowerInfo (FollowerInfo.java:lambda$new$0(51)) - omNode-1@group-523986131536->omNode-2: nextIndex: updateUnconditionally 102 -> 44
2019-10-21 04:40:19,131 [omNode-3@group-523986131536-StateMachineUpdater] INFO  ratis.OzoneManagerStateMachine (OzoneManagerStateMachine.java:takeSnapshot(254)) - Saving Ratis snapshot on the OM.
2019-10-21 04:40:19,132 [grpc-default-executor-10] WARN  server.GrpcLogAppender (LogUtils.java:warn(134)) - omNode-1@group-523986131536->omNode-2-AppendLogResponseHandler: Failed appendEntries: org.apache.ratis.thirdparty.io.grpc.StatusRuntimeException: UNAVAILABLE: io exception
2019-10-21 04:40:19,132 [grpc-default-executor-10] INFO  impl.FollowerInfo (FollowerInfo.java:lambda$new$0(51)) - omNode-1@group-523986131536->omNode-2: nextIndex: updateUnconditionally 102 -> 44
2019-10-21 04:40:19,132 [omNode-3@group-523986131536-StateMachineUpdater] INFO  ratis.OMRatisSnapshotInfo (OMRatisSnapshotInfo.java:saveRatisSnapshotToDisk(107)) - Saved Ratis Snapshot on the OM with snapshotIndex 99
2019-10-21 04:40:19,132 [omNode-3@group-523986131536-StateMachineUpdater] INFO  impl.StateMachineUpdater (StateMachineUpdater.java:takeSnapshot(269)) - omNode-3@group-523986131536-StateMachineUpdater: Took a snapshot at index 99
2019-10-21 04:40:19,133 [omNode-3@group-523986131536-StateMachineUpdater] INFO  impl.StateMachineUpdater (StateMachineUpdater.java:lambda$new$0(84)) - omNode-3@group-523986131536-StateMachineUpdater: snapshotIndex: updateIncreasingly 49 -> 99
2019-10-21 04:40:19,139 [grpc-default-executor-12] WARN  server.GrpcLogAppender (LogUtils.java:warn(134)) - omNode-1@group-523986131536->omNode-2-AppendLogResponseHandler: Failed appendEntries: org.apache.ratis.thirdparty.io.grpc.StatusRuntimeException: UNAVAILABLE: io exception
2019-10-21 04:40:19,139 [grpc-default-executor-12] INFO  impl.FollowerInfo (FollowerInfo.java:lambda$new$0(51)) - omNode-1@group-523986131536->omNode-2: nextIndex: updateUnconditionally 104 -> 44
2019-10-21 04:40:19,171 [grpc-default-executor-11] WARN  server.GrpcLogAppender (LogUtils.java:warn(134)) - omNode-1@group-523986131536->omNode-2-AppendLogResponseHandler: Failed appendEntries: org.apache.ratis.thirdparty.io.grpc.StatusRuntimeException: UNAVAILABLE: io exception
2019-10-21 04:40:19,171 [grpc-default-executor-11] INFO  impl.FollowerInfo (FollowerInfo.java:lambda$new$0(51)) - omNode-1@group-523986131536->omNode-2: nextIndex: updateUnconditionally 104 -> 44
2019-10-21 04:40:19,173 [grpc-default-executor-10] WARN  server.GrpcLogAppender (LogUtils.java:warn(134)) - omNode-1@group-523986131536->omNode-2-AppendLogResponseHandler: Failed appendEntries: org.apache.ratis.thirdparty.io.grpc.StatusRuntimeException: UNAVAILABLE: io exception
2019-10-21 04:40:19,173 [grpc-default-executor-10] INFO  impl.FollowerInfo (FollowerInfo.java:lambda$new$0(51)) - omNode-1@group-523986131536->omNode-2: nextIndex: updateUnconditionally 105 -> 44
2019-10-21 04:40:19,176 [grpc-default-executor-13] WARN  server.GrpcLogAppender (LogUtils.java:warn(134)) - omNode-1@group-523986131536->omNode-2-AppendLogResponseHandler: Failed appendEntries: org.apache.ratis.thirdparty.io.grpc.StatusRuntimeException: UNAVAILABLE: io exception
2019-10-21 04:40:19,176 [grpc-default-executor-13] INFO  impl.FollowerInfo (FollowerInfo.java:lambda$new$0(51)) - omNode-1@group-523986131536->omNode-2: nextIndex: updateUnconditionally 106 -> 44
2019-10-21 04:40:19,179 [grpc-default-executor-11] WARN  server.GrpcLogAppender (LogUtils.java:warn(134)) - omNode-1@group-523986131536->omNode-2-AppendLogResponseHandler: Failed appendEntries: org.apache.ratis.thirdparty.io.grpc.StatusRuntimeException: UNAVAILABLE: io exception
2019-10-21 04:40:19,180 [grpc-default-executor-11] INFO  impl.FollowerInfo (FollowerInfo.java:lambda$new$0(51)) - omNode-1@group-523986131536->omNode-2: nextIndex: updateUnconditionally 107 -> 44
2019-10-21 04:40:19,186 [grpc-default-executor-10] WARN  server.GrpcLogAppender (LogUtils.java:warn(134)) - omNode-1@group-523986131536->omNode-2-AppendLogResponseHandler: Failed appendEntries: org.apache.ratis.thirdparty.io.grpc.StatusRuntimeException: UNAVAILABLE: io exception
2019-10-21 04:40:19,187 [grpc-default-executor-10] INFO  impl.FollowerInfo (FollowerInfo.java:lambda$new$0(51)) - omNode-1@group-523986131536->omNode-2: nextIndex: updateUnconditionally 107 -> 44
2019-10-21 04:40:19,189 [grpc-default-executor-11] WARN  server.GrpcLogAppender (LogUtils.java:warn(134)) - omNode-1@group-523986131536->omNode-2-AppendLogResponseHandler: Failed appendEntries: org.apache.ratis.thirdparty.io.grpc.StatusRuntimeException: UNAVAILABLE: io exception
2019-10-21 04:40:19,189 [grpc-default-executor-11] INFO  impl.FollowerInfo (FollowerInfo.java:lambda$new$0(51)) - omNode-1@group-523986131536->omNode-2: nextIndex: updateUnconditionally 108 -> 44
2019-10-21 04:40:19,197 [grpc-default-executor-10] WARN  server.GrpcLogAppender (LogUtils.java:warn(134)) - omNode-1@group-523986131536->omNode-2-AppendLogResponseHandler: Failed appendEntries: org.apache.ratis.thirdparty.io.grpc.StatusRuntimeException: UNAVAILABLE: io exception
2019-10-21 04:40:19,197 [grpc-default-executor-10] INFO  impl.FollowerInfo (FollowerInfo.java:lambda$new$0(51)) - omNode-1@group-523986131536->omNode-2: nextIndex: updateUnconditionally 109 -> 44
2019-10-21 04:40:19,200 [grpc-default-executor-12] WARN  server.GrpcLogAppender (LogUtils.java:warn(134)) - omNode-1@group-523986131536->omNode-2-AppendLogResponseHandler: Failed appendEntries: org.apache.ratis.thirdparty.io.grpc.StatusRuntimeException: UNAVAILABLE: io exception
2019-10-21 04:40:19,200 [grpc-default-executor-12] INFO  impl.FollowerInfo (FollowerInfo.java:lambda$new$0(51)) - omNode-1@group-523986131536->omNode-2: nextIndex: updateUnconditionally 110 -> 44
2019-10-21 04:40:19,203 [grpc-default-executor-12] WARN  server.GrpcLogAppender (LogUtils.java:warn(134)) - omNode-1@group-523986131536->omNode-2-AppendLogResponseHandler: Failed appendEntries: org.apache.ratis.thirdparty.io.grpc.StatusRuntimeException: UNAVAILABLE: io exception
2019-10-21 04:40:19,204 [grpc-default-executor-12] INFO  impl.FollowerInfo (FollowerInfo.java:lambda$new$0(51)) - omNode-1@group-523986131536->omNode-2: nextIndex: updateUnconditionally 110 -> 44
2019-10-21 04:40:19,207 [grpc-default-executor-10] WARN  server.GrpcLogAppender (LogUtils.java:warn(134)) - omNode-1@group-523986131536->omNode-2-AppendLogResponseHandler: Failed appendEntries: org.apache.ratis.thirdparty.io.grpc.StatusRuntimeException: UNAVAILABLE: io exception
2019-10-21 04:40:19,207 [grpc-default-executor-10] INFO  impl.FollowerInfo (FollowerInfo.java:lambda$new$0(51)) - omNode-1@group-523986131536->omNode-2: nextIndex: updateUnconditionally 111 -> 44
2019-10-21 04:40:19,213 [grpc-default-executor-12] WARN  server.GrpcLogAppender (LogUtils.java:warn(134)) - omNode-1@group-523986131536->omNode-2-AppendLogResponseHandler: Failed appendEntries: org.apache.ratis.thirdparty.io.grpc.StatusRuntimeException: UNAVAILABLE: io exception
2019-10-21 04:40:19,214 [grpc-default-executor-12] INFO  impl.FollowerInfo (FollowerInfo.java:lambda$new$0(51)) - omNode-1@group-523986131536->omNode-2: nextIndex: updateUnconditionally 112 -> 44
2019-10-21 04:40:19,219 [grpc-default-executor-10] WARN  server.GrpcLogAppender (LogUtils.java:warn(134)) - omNode-1@group-523986131536->omNode-2-AppendLogResponseHandler: Failed appendEntries: org.apache.ratis.thirdparty.io.grpc.StatusRuntimeException: UNAVAILABLE: io exception
2019-10-21 04:40:19,219 [grpc-default-executor-10] INFO  impl.FollowerInfo (FollowerInfo.java:lambda$new$0(51)) - omNode-1@group-523986131536->omNode-2: nextIndex: updateUnconditionally 112 -> 44
2019-10-21 04:40:19,221 [grpc-default-executor-10] WARN  server.GrpcLogAppender (LogUtils.java:warn(134)) - omNode-1@group-523986131536->omNode-2-AppendLogResponseHandler: Failed appendEntries: org.apache.ratis.thirdparty.io.grpc.StatusRuntimeException: UNAVAILABLE: io exception
2019-10-21 04:40:19,221 [grpc-default-executor-10] INFO  impl.FollowerInfo (FollowerInfo.java:lambda$new$0(51)) - omNode-1@group-523986131536->omNode-2: nextIndex: updateUnconditionally 113 -> 44
2019-10-21 04:40:19,223 [grpc-default-executor-11] WARN  server.GrpcLogAppender (LogUtils.java:warn(134)) - omNode-1@group-523986131536->omNode-2-AppendLogResponseHandler: Failed appendEntries: org.apache.ratis.thirdparty.io.grpc.StatusRuntimeException: UNAVAILABLE: io exception
2019-10-21 04:40:19,224 [grpc-default-executor-11] INFO  impl.FollowerInfo (FollowerInfo.java:lambda$new$0(51)) - omNode-1@group-523986131536->omNode-2: nextIndex: updateUnconditionally 114 -> 44
2019-10-21 04:40:19,233 [grpc-default-executor-11] WARN  server.GrpcLogAppender (LogUtils.java:warn(134)) - omNode-1@group-523986131536->omNode-2-AppendLogResponseHandler: Failed appendEntries: org.apache.ratis.thirdparty.io.grpc.StatusRuntimeException: UNAVAILABLE: io exception
2019-10-21 04:40:19,234 [grpc-default-executor-11] INFO  impl.FollowerInfo (FollowerInfo.java:lambda$new$0(51)) - omNode-1@group-523986131536->omNode-2: nextIndex: updateUnconditionally 114 -> 44
2019-10-21 04:40:19,245 [grpc-default-executor-10] WARN  server.GrpcLogAppender (LogUtils.java:warn(134)) - omNode-1@group-523986131536->omNode-2-AppendLogResponseHandler: Failed appendEntries: org.apache.ratis.thirdparty.io.grpc.StatusRuntimeException: UNAVAILABLE: io exception
2019-10-21 04:40:19,245 [grpc-default-executor-10] INFO  impl.FollowerInfo (FollowerInfo.java:lambda$new$0(51)) - omNode-1@group-523986131536->omNode-2: nextIndex: updateUnconditionally 116 -> 44
2019-10-21 04:40:19,256 [grpc-default-executor-11] WARN  server.GrpcLogAppender (LogUtils.java:warn(134)) - omNode-1@group-523986131536->omNode-2-AppendLogResponseHandler: Failed appendEntries: org.apache.ratis.thirdparty.io.grpc.StatusRuntimeException: UNAVAILABLE: io exception
2019-10-21 04:40:19,257 [grpc-default-executor-11] INFO  impl.FollowerInfo (FollowerInfo.java:lambda$new$0(51)) - omNode-1@group-523986131536->omNode-2: nextIndex: updateUnconditionally 116 -> 44
2019-10-21 04:40:19,285 [grpc-default-executor-12] WARN  server.GrpcLogAppender (LogUtils.java:warn(134)) - omNode-1@group-523986131536->omNode-2-AppendLogResponseHandler: Failed appendEntries: org.apache.ratis.thirdparty.io.grpc.StatusRuntimeException: UNAVAILABLE: io exception
2019-10-21 04:40:19,286 [grpc-default-executor-12] INFO  impl.FollowerInfo (FollowerInfo.java:lambda$new$0(51)) - omNode-1@group-523986131536->omNode-2: nextIndex: updateUnconditionally 117 -> 44
2019-10-21 04:40:19,288 [grpc-default-executor-11] WARN  server.GrpcLogAppender (LogUtils.java:warn(134)) - omNode-1@group-523986131536->omNode-2-AppendLogResponseHandler: Failed appendEntries: org.apache.ratis.thirdparty.io.grpc.StatusRuntimeException: UNAVAILABLE: io exception
2019-10-21 04:40:19,289 [grpc-default-executor-11] INFO  impl.FollowerInfo (FollowerInfo.java:lambda$new$0(51)) - omNode-1@group-523986131536->omNode-2: nextIndex: updateUnconditionally 118 -> 44
2019-10-21 04:40:19,298 [grpc-default-executor-11] WARN  server.GrpcLogAppender (LogUtils.java:warn(134)) - omNode-1@group-523986131536->omNode-2-AppendLogResponseHandler: Failed appendEntries: org.apache.ratis.thirdparty.io.grpc.StatusRuntimeException: UNAVAILABLE: io exception
2019-10-21 04:40:19,298 [grpc-default-executor-11] INFO  impl.FollowerInfo (FollowerInfo.java:lambda$new$0(51)) - omNode-1@group-523986131536->omNode-2: nextIndex: updateUnconditionally 118 -> 44
2019-10-21 04:40:19,335 [grpc-default-executor-10] WARN  server.GrpcLogAppender (LogUtils.java:warn(134)) - omNode-1@group-523986131536->omNode-2-AppendLogResponseHandler: Failed appendEntries: org.apache.ratis.thirdparty.io.grpc.StatusRuntimeException: UNAVAILABLE: io exception
2019-10-21 04:40:19,335 [grpc-default-executor-10] INFO  impl.FollowerInfo (FollowerInfo.java:lambda$new$0(51)) - omNode-1@group-523986131536->omNode-2: nextIndex: updateUnconditionally 119 -> 44
2019-10-21 04:40:19,342 [grpc-default-executor-10] WARN  server.GrpcLogAppender (LogUtils.java:warn(134)) - omNode-1@group-523986131536->omNode-2-AppendLogResponseHandler: Failed appendEntries: org.apache.ratis.thirdparty.io.grpc.StatusRuntimeException: UNAVAILABLE: io exception
2019-10-21 04:40:19,342 [grpc-default-executor-10] INFO  impl.FollowerInfo (FollowerInfo.java:lambda$new$0(51)) - omNode-1@group-523986131536->omNode-2: nextIndex: updateUnconditionally 120 -> 44
2019-10-21 04:40:19,389 [grpc-default-executor-11] WARN  server.GrpcLogAppender (LogUtils.java:warn(134)) - omNode-1@group-523986131536->omNode-2-AppendLogResponseHandler: Failed appendEntries: org.apache.ratis.thirdparty.io.grpc.StatusRuntimeException: UNAVAILABLE: io exception
2019-10-21 04:40:19,389 [grpc-default-executor-11] INFO  impl.FollowerInfo (FollowerInfo.java:lambda$new$0(51)) - omNode-1@group-523986131536->omNode-2: nextIndex: updateUnconditionally 120 -> 44
2019-10-21 04:40:19,391 [grpc-default-executor-12] WARN  server.GrpcLogAppender (LogUtils.java:warn(134)) - omNode-1@group-523986131536->omNode-2-AppendLogResponseHandler: Failed appendEntries: org.apache.ratis.thirdparty.io.grpc.StatusRuntimeException: UNAVAILABLE: io exception
2019-10-21 04:40:19,392 [grpc-default-executor-12] INFO  impl.FollowerInfo (FollowerInfo.java:lambda$new$0(51)) - omNode-1@group-523986131536->omNode-2: nextIndex: updateUnconditionally 121 -> 44
2019-10-21 04:40:19,394 [grpc-default-executor-10] WARN  server.GrpcLogAppender (LogUtils.java:warn(134)) - omNode-1@group-523986131536->omNode-2-AppendLogResponseHandler: Failed appendEntries: org.apache.ratis.thirdparty.io.grpc.StatusRuntimeException: UNAVAILABLE: io exception
2019-10-21 04:40:19,394 [grpc-default-executor-10] INFO  impl.FollowerInfo (FollowerInfo.java:lambda$new$0(51)) - omNode-1@group-523986131536->omNode-2: nextIndex: updateUnconditionally 122 -> 44
2019-10-21 04:40:19,404 [grpc-default-executor-12] WARN  server.GrpcLogAppender (LogUtils.java:warn(134)) - omNode-1@group-523986131536->omNode-2-AppendLogResponseHandler: Failed appendEntries: org.apache.ratis.thirdparty.io.grpc.StatusRuntimeException: UNAVAILABLE: io exception
2019-10-21 04:40:19,404 [grpc-default-executor-12] INFO  impl.FollowerInfo (FollowerInfo.java:lambda$new$0(51)) - omNode-1@group-523986131536->omNode-2: nextIndex: updateUnconditionally 122 -> 44
2019-10-21 04:40:19,406 [grpc-default-executor-11] WARN  server.GrpcLogAppender (LogUtils.java:warn(134)) - omNode-1@group-523986131536->omNode-2-AppendLogResponseHandler: Failed appendEntries: org.apache.ratis.thirdparty.io.grpc.StatusRuntimeException: UNAVAILABLE: io exception
2019-10-21 04:40:19,406 [grpc-default-executor-11] INFO  impl.FollowerInfo (FollowerInfo.java:lambda$new$0(51)) - omNode-1@group-523986131536->omNode-2: nextIndex: updateUnconditionally 123 -> 44
2019-10-21 04:40:19,412 [grpc-default-executor-11] WARN  server.GrpcLogAppender (LogUtils.java:warn(134)) - omNode-1@group-523986131536->omNode-2-AppendLogResponseHandler: Failed appendEntries: org.apache.ratis.thirdparty.io.grpc.StatusRuntimeException: UNAVAILABLE: io exception
2019-10-21 04:40:19,412 [grpc-default-executor-11] INFO  impl.FollowerInfo (FollowerInfo.java:lambda$new$0(51)) - omNode-1@group-523986131536->omNode-2: nextIndex: updateUnconditionally 124 -> 44
2019-10-21 04:40:19,418 [grpc-default-executor-12] WARN  server.GrpcLogAppender (LogUtils.java:warn(134)) - omNode-1@group-523986131536->omNode-2-AppendLogResponseHandler: Failed appendEntries: org.apache.ratis.thirdparty.io.grpc.StatusRuntimeException: UNAVAILABLE: io exception
2019-10-21 04:40:19,418 [grpc-default-executor-12] INFO  impl.FollowerInfo (FollowerInfo.java:lambda$new$0(51)) - omNode-1@group-523986131536->omNode-2: nextIndex: updateUnconditionally 124 -> 44
2019-10-21 04:40:19,422 [grpc-default-executor-12] WARN  server.GrpcLogAppender (LogUtils.java:warn(134)) - omNode-1@group-523986131536->omNode-2-AppendLogResponseHandler: Failed appendEntries: org.apache.ratis.thirdparty.io.grpc.StatusRuntimeException: UNAVAILABLE: io exception
2019-10-21 04:40:19,422 [grpc-default-executor-12] INFO  impl.FollowerInfo (FollowerInfo.java:lambda$new$0(51)) - omNode-1@group-523986131536->omNode-2: nextIndex: updateUnconditionally 126 -> 44
2019-10-21 04:40:19,431 [grpc-default-executor-10] WARN  server.GrpcLogAppender (LogUtils.java:warn(134)) - omNode-1@group-523986131536->omNode-2-AppendLogResponseHandler: Failed appendEntries: org.apache.ratis.thirdparty.io.grpc.StatusRuntimeException: UNAVAILABLE: io exception
2019-10-21 04:40:19,431 [grpc-default-executor-10] INFO  impl.FollowerInfo (FollowerInfo.java:lambda$new$0(51)) - omNode-1@group-523986131536->omNode-2: nextIndex: updateUnconditionally 126 -> 44
2019-10-21 04:40:19,434 [grpc-default-executor-11] WARN  server.GrpcLogAppender (LogUtils.java:warn(134)) - omNode-1@group-523986131536->omNode-2-AppendLogResponseHandler: Failed appendEntries: org.apache.ratis.thirdparty.io.grpc.StatusRuntimeException: UNAVAILABLE: io exception
2019-10-21 04:40:19,434 [grpc-default-executor-11] INFO  impl.FollowerInfo (FollowerInfo.java:lambda$new$0(51)) - omNode-1@group-523986131536->omNode-2: nextIndex: updateUnconditionally 127 -> 44
2019-10-21 04:40:19,436 [grpc-default-executor-13] WARN  server.GrpcLogAppender (LogUtils.java:warn(134)) - omNode-1@group-523986131536->omNode-2-AppendLogResponseHandler: Failed appendEntries: org.apache.ratis.thirdparty.io.grpc.StatusRuntimeException: UNAVAILABLE: io exception
2019-10-21 04:40:19,436 [grpc-default-executor-13] INFO  impl.FollowerInfo (FollowerInfo.java:lambda$new$0(51)) - omNode-1@group-523986131536->omNode-2: nextIndex: updateUnconditionally 127 -> 44
2019-10-21 04:40:19,441 [grpc-default-executor-13] WARN  server.GrpcLogAppender (LogUtils.java:warn(134)) - omNode-1@group-523986131536->omNode-2-AppendLogResponseHandler: Failed appendEntries: org.apache.ratis.thirdparty.io.grpc.StatusRuntimeException: UNAVAILABLE: io exception
2019-10-21 04:40:19,441 [grpc-default-executor-13] INFO  impl.FollowerInfo (FollowerInfo.java:lambda$new$0(51)) - omNode-1@group-523986131536->omNode-2: nextIndex: updateUnconditionally 128 -> 44
2019-10-21 04:40:19,462 [grpc-default-executor-13] WARN  server.GrpcLogAppender (LogUtils.java:warn(134)) - omNode-1@group-523986131536->omNode-2-AppendLogResponseHandler: Failed appendEntries: org.apache.ratis.thirdparty.io.grpc.StatusRuntimeException: UNAVAILABLE: io exception
2019-10-21 04:40:19,463 [grpc-default-executor-13] INFO  impl.FollowerInfo (FollowerInfo.java:lambda$new$0(51)) - omNode-1@group-523986131536->omNode-2: nextIndex: updateUnconditionally 129 -> 44
2019-10-21 04:40:19,464 [grpc-default-executor-10] WARN  server.GrpcLogAppender (LogUtils.java:warn(134)) - omNode-1@group-523986131536->omNode-2-AppendLogResponseHandler: Failed appendEntries: org.apache.ratis.thirdparty.io.grpc.StatusRuntimeException: UNAVAILABLE: io exception
2019-10-21 04:40:19,464 [grpc-default-executor-10] INFO  impl.FollowerInfo (FollowerInfo.java:lambda$new$0(51)) - omNode-1@group-523986131536->omNode-2: nextIndex: updateUnconditionally 129 -> 44
2019-10-21 04:40:19,465 [grpc-default-executor-11] WARN  server.GrpcLogAppender (LogUtils.java:warn(134)) - omNode-1@group-523986131536->omNode-2-AppendLogResponseHandler: Failed appendEntries: org.apache.ratis.thirdparty.io.grpc.StatusRuntimeException: UNAVAILABLE: io exception
2019-10-21 04:40:19,465 [grpc-default-executor-11] INFO  impl.FollowerInfo (FollowerInfo.java:lambda$new$0(51)) - omNode-1@group-523986131536->omNode-2: nextIndex: updateUnconditionally 130 -> 44
2019-10-21 04:40:19,473 [grpc-default-executor-13] WARN  server.GrpcLogAppender (LogUtils.java:warn(134)) - omNode-1@group-523986131536->omNode-2-AppendLogResponseHandler: Failed appendEntries: org.apache.ratis.thirdparty.io.grpc.StatusRuntimeException: UNAVAILABLE: io exception
2019-10-21 04:40:19,473 [grpc-default-executor-13] INFO  impl.FollowerInfo (FollowerInfo.java:lambda$new$0(51)) - omNode-1@group-523986131536->omNode-2: nextIndex: updateUnconditionally 131 -> 44
2019-10-21 04:40:19,480 [grpc-default-executor-10] WARN  server.GrpcLogAppender (LogUtils.java:warn(134)) - omNode-1@group-523986131536->omNode-2-AppendLogResponseHandler: Failed appendEntries: org.apache.ratis.thirdparty.io.grpc.StatusRuntimeException: UNAVAILABLE: io exception
2019-10-21 04:40:19,480 [grpc-default-executor-10] INFO  impl.FollowerInfo (FollowerInfo.java:lambda$new$0(51)) - omNode-1@group-523986131536->omNode-2: nextIndex: updateUnconditionally 132 -> 44
2019-10-21 04:40:19,485 [grpc-default-executor-13] WARN  server.GrpcLogAppender (LogUtils.java:warn(134)) - omNode-1@group-523986131536->omNode-2-AppendLogResponseHandler: Failed appendEntries: org.apache.ratis.thirdparty.io.grpc.StatusRuntimeException: UNAVAILABLE: io exception
2019-10-21 04:40:19,485 [grpc-default-executor-13] INFO  impl.FollowerInfo (FollowerInfo.java:lambda$new$0(51)) - omNode-1@group-523986131536->omNode-2: nextIndex: updateUnconditionally 132 -> 44
2019-10-21 04:40:19,487 [grpc-default-executor-10] WARN  server.GrpcLogAppender (LogUtils.java:warn(134)) - omNode-1@group-523986131536->omNode-2-AppendLogResponseHandler: Failed appendEntries: org.apache.ratis.thirdparty.io.grpc.StatusRuntimeException: UNAVAILABLE: io exception
2019-10-21 04:40:19,488 [grpc-default-executor-10] INFO  impl.FollowerInfo (FollowerInfo.java:lambda$new$0(51)) - omNode-1@group-523986131536->omNode-2: nextIndex: updateUnconditionally 133 -> 44
2019-10-21 04:40:19,490 [grpc-default-executor-13] WARN  server.GrpcLogAppender (LogUtils.java:warn(134)) - omNode-1@group-523986131536->omNode-2-AppendLogResponseHandler: Failed appendEntries: org.apache.ratis.thirdparty.io.grpc.StatusRuntimeException: UNAVAILABLE: io exception
2019-10-21 04:40:19,490 [grpc-default-executor-13] INFO  impl.FollowerInfo (FollowerInfo.java:lambda$new$0(51)) - omNode-1@group-523986131536->omNode-2: nextIndex: updateUnconditionally 134 -> 44
2019-10-21 04:40:19,499 [grpc-default-executor-13] WARN  server.GrpcLogAppender (LogUtils.java:warn(134)) - omNode-1@group-523986131536->omNode-2-AppendLogResponseHandler: Failed appendEntries: org.apache.ratis.thirdparty.io.grpc.StatusRuntimeException: UNAVAILABLE: io exception
2019-10-21 04:40:19,500 [grpc-default-executor-13] INFO  impl.FollowerInfo (FollowerInfo.java:lambda$new$0(51)) - omNode-1@group-523986131536->omNode-2: nextIndex: updateUnconditionally 134 -> 44
2019-10-21 04:40:19,502 [grpc-default-executor-11] WARN  server.GrpcLogAppender (LogUtils.java:warn(134)) - omNode-1@group-523986131536->omNode-2-AppendLogResponseHandler: Failed appendEntries: org.apache.ratis.thirdparty.io.grpc.StatusRuntimeException: UNAVAILABLE: io exception
2019-10-21 04:40:19,502 [grpc-default-executor-11] INFO  impl.FollowerInfo (FollowerInfo.java:lambda$new$0(51)) - omNode-1@group-523986131536->omNode-2: nextIndex: updateUnconditionally 135 -> 44
2019-10-21 04:40:19,509 [grpc-default-executor-10] WARN  server.GrpcLogAppender (LogUtils.java:warn(134)) - omNode-1@group-523986131536->omNode-2-AppendLogResponseHandler: Failed appendEntries: org.apache.ratis.thirdparty.io.grpc.StatusRuntimeException: UNAVAILABLE: io exception
2019-10-21 04:40:19,509 [grpc-default-executor-10] INFO  impl.FollowerInfo (FollowerInfo.java:lambda$new$0(51)) - omNode-1@group-523986131536->omNode-2: nextIndex: updateUnconditionally 136 -> 44
2019-10-21 04:40:19,514 [grpc-default-executor-13] WARN  server.GrpcLogAppender (LogUtils.java:warn(134)) - omNode-1@group-523986131536->omNode-2-AppendLogResponseHandler: Failed appendEntries: org.apache.ratis.thirdparty.io.grpc.StatusRuntimeException: UNAVAILABLE: io exception
2019-10-21 04:40:19,515 [grpc-default-executor-13] INFO  impl.FollowerInfo (FollowerInfo.java:lambda$new$0(51)) - omNode-1@group-523986131536->omNode-2: nextIndex: updateUnconditionally 136 -> 44
2019-10-21 04:40:19,516 [grpc-default-executor-10] WARN  server.GrpcLogAppender (LogUtils.java:warn(134)) - omNode-1@group-523986131536->omNode-2-AppendLogResponseHandler: Failed appendEntries: org.apache.ratis.thirdparty.io.grpc.StatusRuntimeException: UNAVAILABLE: io exception
2019-10-21 04:40:19,516 [grpc-default-executor-10] INFO  impl.FollowerInfo (FollowerInfo.java:lambda$new$0(51)) - omNode-1@group-523986131536->omNode-2: nextIndex: updateUnconditionally 137 -> 44
2019-10-21 04:40:19,519 [grpc-default-executor-11] WARN  server.GrpcLogAppender (LogUtils.java:warn(134)) - omNode-1@group-523986131536->omNode-2-AppendLogResponseHandler: Failed appendEntries: org.apache.ratis.thirdparty.io.grpc.StatusRuntimeException: UNAVAILABLE: io exception
2019-10-21 04:40:19,519 [grpc-default-executor-11] INFO  impl.FollowerInfo (FollowerInfo.java:lambda$new$0(51)) - omNode-1@group-523986131536->omNode-2: nextIndex: updateUnconditionally 138 -> 44
2019-10-21 04:40:19,557 [grpc-default-executor-10] WARN  server.GrpcLogAppender (LogUtils.java:warn(134)) - omNode-1@group-523986131536->omNode-2-AppendLogResponseHandler: Failed appendEntries: org.apache.ratis.thirdparty.io.grpc.StatusRuntimeException: UNAVAILABLE: io exception
2019-10-21 04:40:19,557 [grpc-default-executor-10] INFO  impl.FollowerInfo (FollowerInfo.java:lambda$new$0(51)) - omNode-1@group-523986131536->omNode-2: nextIndex: updateUnconditionally 138 -> 44
2019-10-21 04:40:19,562 [IPC Server handler 12 on 11456] INFO  segmented.SegmentedRaftLogWorker (SegmentedRaftLogWorker.java:rollLogSegment(390)) - omNode-1@group-523986131536-SegmentedRaftLogWorker: Rolling segment log-71_138 to index:138
2019-10-21 04:40:19,563 [grpc-default-executor-10] INFO  segmented.SegmentedRaftLogWorker (SegmentedRaftLogWorker.java:rollLogSegment(390)) - omNode-3@group-523986131536-SegmentedRaftLogWorker: Rolling segment log-71_138 to index:138
2019-10-21 04:40:19,564 [grpc-default-executor-13] WARN  server.GrpcLogAppender (LogUtils.java:warn(134)) - omNode-1@group-523986131536->omNode-2-AppendLogResponseHandler: Failed appendEntries: org.apache.ratis.thirdparty.io.grpc.StatusRuntimeException: UNAVAILABLE: io exception
2019-10-21 04:40:19,564 [grpc-default-executor-13] INFO  impl.FollowerInfo (FollowerInfo.java:lambda$new$0(51)) - omNode-1@group-523986131536->omNode-2: nextIndex: updateUnconditionally 140 -> 44
2019-10-21 04:40:19,606 [omNode-1@group-523986131536-SegmentedRaftLogWorker] INFO  segmented.SegmentedRaftLogWorker (SegmentedRaftLogWorker.java:execute(531)) - omNode-1@group-523986131536-SegmentedRaftLogWorker: Rolled log segment from /workdir/hadoop-ozone/integration-test/target/test-dir/MiniOzoneClusterImpl-908613f1-7148-4657-b39e-d6fc88855e70/omNode-1/ratis/c9bc4cf4-3bc3-3c60-a66b-523986131536/current/log_inprogress_71 to /workdir/hadoop-ozone/integration-test/target/test-dir/MiniOzoneClusterImpl-908613f1-7148-4657-b39e-d6fc88855e70/omNode-1/ratis/c9bc4cf4-3bc3-3c60-a66b-523986131536/current/log_71-138
2019-10-21 04:40:19,606 [omNode-3@group-523986131536-SegmentedRaftLogWorker] INFO  segmented.SegmentedRaftLogWorker (SegmentedRaftLogWorker.java:execute(531)) - omNode-3@group-523986131536-SegmentedRaftLogWorker: Rolled log segment from /workdir/hadoop-ozone/integration-test/target/test-dir/MiniOzoneClusterImpl-908613f1-7148-4657-b39e-d6fc88855e70/omNode-3/ratis/c9bc4cf4-3bc3-3c60-a66b-523986131536/current/log_inprogress_71 to /workdir/hadoop-ozone/integration-test/target/test-dir/MiniOzoneClusterImpl-908613f1-7148-4657-b39e-d6fc88855e70/omNode-3/ratis/c9bc4cf4-3bc3-3c60-a66b-523986131536/current/log_71-138
2019-10-21 04:40:19,608 [grpc-default-executor-13] WARN  server.GrpcLogAppender (LogUtils.java:warn(134)) - omNode-1@group-523986131536->omNode-2-AppendLogResponseHandler: Failed appendEntries: org.apache.ratis.thirdparty.io.grpc.StatusRuntimeException: UNAVAILABLE: io exception
2019-10-21 04:40:19,611 [grpc-default-executor-13] INFO  impl.FollowerInfo (FollowerInfo.java:lambda$new$0(51)) - omNode-1@group-523986131536->omNode-2: nextIndex: updateUnconditionally 140 -> 44
2019-10-21 04:40:19,696 [omNode-1@group-523986131536-SegmentedRaftLogWorker] INFO  segmented.SegmentedRaftLogWorker (SegmentedRaftLogWorker.java:execute(574)) - omNode-1@group-523986131536-SegmentedRaftLogWorker: created new log segment /workdir/hadoop-ozone/integration-test/target/test-dir/MiniOzoneClusterImpl-908613f1-7148-4657-b39e-d6fc88855e70/omNode-1/ratis/c9bc4cf4-3bc3-3c60-a66b-523986131536/current/log_inprogress_139
2019-10-21 04:40:19,696 [omNode-3@group-523986131536-SegmentedRaftLogWorker] INFO  segmented.SegmentedRaftLogWorker (SegmentedRaftLogWorker.java:execute(574)) - omNode-3@group-523986131536-SegmentedRaftLogWorker: created new log segment /workdir/hadoop-ozone/integration-test/target/test-dir/MiniOzoneClusterImpl-908613f1-7148-4657-b39e-d6fc88855e70/omNode-3/ratis/c9bc4cf4-3bc3-3c60-a66b-523986131536/current/log_inprogress_139
2019-10-21 04:40:19,752 [grpc-default-executor-13] WARN  server.GrpcLogAppender (LogUtils.java:warn(134)) - omNode-1@group-523986131536->omNode-2-AppendLogResponseHandler: Failed appendEntries: org.apache.ratis.thirdparty.io.grpc.StatusRuntimeException: UNAVAILABLE: io exception
2019-10-21 04:40:19,752 [grpc-default-executor-13] INFO  impl.FollowerInfo (FollowerInfo.java:lambda$new$0(51)) - omNode-1@group-523986131536->omNode-2: nextIndex: updateUnconditionally 141 -> 44
2019-10-21 04:40:19,754 [grpc-default-executor-10] WARN  server.GrpcLogAppender (LogUtils.java:warn(134)) - omNode-1@group-523986131536->omNode-2-AppendLogResponseHandler: Failed appendEntries: org.apache.ratis.thirdparty.io.grpc.StatusRuntimeException: UNAVAILABLE: io exception
2019-10-21 04:40:19,755 [grpc-default-executor-10] INFO  impl.FollowerInfo (FollowerInfo.java:lambda$new$0(51)) - omNode-1@group-523986131536->omNode-2: nextIndex: updateUnconditionally 142 -> 44
2019-10-21 04:40:19,842 [grpc-default-executor-11] WARN  server.GrpcLogAppender (LogUtils.java:warn(134)) - omNode-1@group-523986131536->omNode-2-AppendLogResponseHandler: Failed appendEntries: org.apache.ratis.thirdparty.io.grpc.StatusRuntimeException: UNAVAILABLE: io exception
2019-10-21 04:40:19,843 [grpc-default-executor-11] INFO  impl.FollowerInfo (FollowerInfo.java:lambda$new$0(51)) - omNode-1@group-523986131536->omNode-2: nextIndex: updateUnconditionally 142 -> 44
2019-10-21 04:40:19,853 [grpc-default-executor-13] WARN  server.GrpcLogAppender (LogUtils.java:warn(134)) - omNode-1@group-523986131536->omNode-2-AppendLogResponseHandler: Failed appendEntries: org.apache.ratis.thirdparty.io.grpc.StatusRuntimeException: UNAVAILABLE: io exception
2019-10-21 04:40:19,853 [grpc-default-executor-13] INFO  impl.FollowerInfo (FollowerInfo.java:lambda$new$0(51)) - omNode-1@group-523986131536->omNode-2: nextIndex: updateUnconditionally 144 -> 44
2019-10-21 04:40:19,868 [grpc-default-executor-11] WARN  server.GrpcLogAppender (LogUtils.java:warn(134)) - omNode-1@group-523986131536->omNode-2-AppendLogResponseHandler: Failed appendEntries: org.apache.ratis.thirdparty.io.grpc.StatusRuntimeException: UNAVAILABLE: io exception
2019-10-21 04:40:19,868 [grpc-default-executor-11] INFO  impl.FollowerInfo (FollowerInfo.java:lambda$new$0(51)) - omNode-1@group-523986131536->omNode-2: nextIndex: updateUnconditionally 144 -> 44
2019-10-21 04:40:19,870 [grpc-default-executor-13] WARN  server.GrpcLogAppender (LogUtils.java:warn(134)) - omNode-1@group-523986131536->omNode-2-AppendLogResponseHandler: Failed appendEntries: org.apache.ratis.thirdparty.io.grpc.StatusRuntimeException: UNAVAILABLE: io exception
2019-10-21 04:40:19,870 [grpc-default-executor-13] INFO  impl.FollowerInfo (FollowerInfo.java:lambda$new$0(51)) - omNode-1@group-523986131536->omNode-2: nextIndex: updateUnconditionally 145 -> 44
2019-10-21 04:40:19,873 [grpc-default-executor-11] WARN  server.GrpcLogAppender (LogUtils.java:warn(134)) - omNode-1@group-523986131536->omNode-2-AppendLogResponseHandler: Failed appendEntries: org.apache.ratis.thirdparty.io.grpc.StatusRuntimeException: UNAVAILABLE: io exception
2019-10-21 04:40:19,874 [grpc-default-executor-11] INFO  impl.FollowerInfo (FollowerInfo.java:lambda$new$0(51)) - omNode-1@group-523986131536->omNode-2: nextIndex: updateUnconditionally 146 -> 44
2019-10-21 04:40:19,883 [grpc-default-executor-12] WARN  server.GrpcLogAppender (LogUtils.java:warn(134)) - omNode-1@group-523986131536->omNode-2-AppendLogResponseHandler: Failed appendEntries: org.apache.ratis.thirdparty.io.grpc.StatusRuntimeException: UNAVAILABLE: io exception
2019-10-21 04:40:19,883 [grpc-default-executor-12] INFO  impl.FollowerInfo (FollowerInfo.java:lambda$new$0(51)) - omNode-1@group-523986131536->omNode-2: nextIndex: updateUnconditionally 146 -> 44
2019-10-21 04:40:19,892 [grpc-default-executor-13] WARN  server.GrpcLogAppender (LogUtils.java:warn(134)) - omNode-1@group-523986131536->omNode-2-AppendLogResponseHandler: Failed appendEntries: org.apache.ratis.thirdparty.io.grpc.StatusRuntimeException: UNAVAILABLE: io exception
2019-10-21 04:40:19,892 [grpc-default-executor-13] INFO  impl.FollowerInfo (FollowerInfo.java:lambda$new$0(51)) - omNode-1@group-523986131536->omNode-2: nextIndex: updateUnconditionally 148 -> 44
2019-10-21 04:40:19,896 [grpc-default-executor-10] WARN  server.GrpcLogAppender (LogUtils.java:warn(134)) - omNode-1@group-523986131536->omNode-2-AppendLogResponseHandler: Failed appendEntries: org.apache.ratis.thirdparty.io.grpc.StatusRuntimeException: UNAVAILABLE: io exception
2019-10-21 04:40:19,896 [grpc-default-executor-10] INFO  impl.FollowerInfo (FollowerInfo.java:lambda$new$0(51)) - omNode-1@group-523986131536->omNode-2: nextIndex: updateUnconditionally 148 -> 44
2019-10-21 04:40:19,899 [grpc-default-executor-12] WARN  server.GrpcLogAppender (LogUtils.java:warn(134)) - omNode-1@group-523986131536->omNode-2-AppendLogResponseHandler: Failed appendEntries: org.apache.ratis.thirdparty.io.grpc.StatusRuntimeException: UNAVAILABLE: io exception
2019-10-21 04:40:19,899 [grpc-default-executor-12] INFO  impl.FollowerInfo (FollowerInfo.java:lambda$new$0(51)) - omNode-1@group-523986131536->omNode-2: nextIndex: updateUnconditionally 149 -> 44
2019-10-21 04:40:19,902 [grpc-default-executor-13] WARN  server.GrpcLogAppender (LogUtils.java:warn(134)) - omNode-1@group-523986131536->omNode-2-AppendLogResponseHandler: Failed appendEntries: org.apache.ratis.thirdparty.io.grpc.StatusRuntimeException: UNAVAILABLE: io exception
2019-10-21 04:40:19,902 [grpc-default-executor-13] INFO  impl.FollowerInfo (FollowerInfo.java:lambda$new$0(51)) - omNode-1@group-523986131536->omNode-2: nextIndex: updateUnconditionally 150 -> 44
2019-10-21 04:40:19,912 [grpc-default-executor-13] WARN  server.GrpcLogAppender (LogUtils.java:warn(134)) - omNode-1@group-523986131536->omNode-2-AppendLogResponseHandler: Failed appendEntries: org.apache.ratis.thirdparty.io.grpc.StatusRuntimeException: UNAVAILABLE: io exception
2019-10-21 04:40:19,912 [grpc-default-executor-13] INFO  impl.FollowerInfo (FollowerInfo.java:lambda$new$0(51)) - omNode-1@group-523986131536->omNode-2: nextIndex: updateUnconditionally 150 -> 44
2019-10-21 04:40:19,913 [omNode-1@group-523986131536-StateMachineUpdater] INFO  ratis.OzoneManagerStateMachine (OzoneManagerStateMachine.java:takeSnapshot(254)) - Saving Ratis snapshot on the OM.
2019-10-21 04:40:19,914 [omNode-1@group-523986131536-StateMachineUpdater] INFO  ratis.OMRatisSnapshotInfo (OMRatisSnapshotInfo.java:saveRatisSnapshotToDisk(107)) - Saved Ratis Snapshot on the OM with snapshotIndex 149
2019-10-21 04:40:19,914 [omNode-1@group-523986131536-StateMachineUpdater] INFO  impl.StateMachineUpdater (StateMachineUpdater.java:takeSnapshot(269)) - omNode-1@group-523986131536-StateMachineUpdater: Took a snapshot at index 149
2019-10-21 04:40:19,914 [omNode-1@group-523986131536-StateMachineUpdater] INFO  impl.StateMachineUpdater (StateMachineUpdater.java:lambda$new$0(84)) - omNode-1@group-523986131536-StateMachineUpdater: snapshotIndex: updateIncreasingly 99 -> 149
2019-10-21 04:40:19,914 [grpc-default-executor-12] WARN  server.GrpcLogAppender (LogUtils.java:warn(134)) - omNode-1@group-523986131536->omNode-2-AppendLogResponseHandler: Failed appendEntries: org.apache.ratis.thirdparty.io.grpc.StatusRuntimeException: UNAVAILABLE: io exception
2019-10-21 04:40:19,914 [grpc-default-executor-12] INFO  impl.FollowerInfo (FollowerInfo.java:lambda$new$0(51)) - omNode-1@group-523986131536->omNode-2: nextIndex: updateUnconditionally 151 -> 44
2019-10-21 04:40:19,929 [omNode-3@group-523986131536-StateMachineUpdater] INFO  ratis.OzoneManagerStateMachine (OzoneManagerStateMachine.java:takeSnapshot(254)) - Saving Ratis snapshot on the OM.
2019-10-21 04:40:19,929 [omNode-3@group-523986131536-StateMachineUpdater] INFO  ratis.OMRatisSnapshotInfo (OMRatisSnapshotInfo.java:saveRatisSnapshotToDisk(107)) - Saved Ratis Snapshot on the OM with snapshotIndex 149
2019-10-21 04:40:19,929 [omNode-3@group-523986131536-StateMachineUpdater] INFO  impl.StateMachineUpdater (StateMachineUpdater.java:takeSnapshot(269)) - omNode-3@group-523986131536-StateMachineUpdater: Took a snapshot at index 149
2019-10-21 04:40:19,930 [omNode-3@group-523986131536-StateMachineUpdater] INFO  impl.StateMachineUpdater (StateMachineUpdater.java:lambda$new$0(84)) - omNode-3@group-523986131536-StateMachineUpdater: snapshotIndex: updateIncreasingly 99 -> 149
2019-10-21 04:40:19,930 [grpc-default-executor-13] WARN  server.GrpcLogAppender (LogUtils.java:warn(134)) - omNode-1@group-523986131536->omNode-2-AppendLogResponseHandler: Failed appendEntries: org.apache.ratis.thirdparty.io.grpc.StatusRuntimeException: UNAVAILABLE: io exception
2019-10-21 04:40:19,930 [grpc-default-executor-13] INFO  impl.FollowerInfo (FollowerInfo.java:lambda$new$0(51)) - omNode-1@group-523986131536->omNode-2: nextIndex: updateUnconditionally 151 -> 44
2019-10-21 04:40:19,931 [Thread-8986] INFO  impl.FollowerState (FollowerState.java:run(108)) - 7c0d5774-b483-474f-b6f4-1d0bebe85e1e@group-6AAE0EE7BD14-FollowerState: change to CANDIDATE, lastRpcTime:5194ms, electionTimeout:5194ms
2019-10-21 04:40:19,931 [Thread-8986] INFO  impl.RoleInfo (RoleInfo.java:shutdownFollowerState(121)) - 7c0d5774-b483-474f-b6f4-1d0bebe85e1e: shutdown FollowerState
2019-10-21 04:40:19,931 [Thread-8986] INFO  impl.RaftServerImpl (RaftServerImpl.java:setRole(170)) - 7c0d5774-b483-474f-b6f4-1d0bebe85e1e@group-6AAE0EE7BD14: changes role from  FOLLOWER to CANDIDATE at term 0 for changeToCandidate
2019-10-21 04:40:19,931 [Thread-8986] INFO  impl.RoleInfo (RoleInfo.java:updateAndGet(143)) - 7c0d5774-b483-474f-b6f4-1d0bebe85e1e: start LeaderElection
2019-10-21 04:40:19,955 [grpc-default-executor-10] WARN  server.GrpcLogAppender (LogUtils.java:warn(134)) - omNode-1@group-523986131536->omNode-2-AppendLogResponseHandler: Failed appendEntries: org.apache.ratis.thirdparty.io.grpc.StatusRuntimeException: UNAVAILABLE: io exception
2019-10-21 04:40:19,955 [grpc-default-executor-10] INFO  impl.FollowerInfo (FollowerInfo.java:lambda$new$0(51)) - omNode-1@group-523986131536->omNode-2: nextIndex: updateUnconditionally 153 -> 44
2019-10-21 04:40:19,958 [grpc-default-executor-13] WARN  server.GrpcLogAppender (LogUtils.java:warn(134)) - omNode-1@group-523986131536->omNode-2-AppendLogResponseHandler: Failed appendEntries: org.apache.ratis.thirdparty.io.grpc.StatusRuntimeException: UNAVAILABLE: io exception
2019-10-21 04:40:19,958 [grpc-default-executor-13] INFO  impl.FollowerInfo (FollowerInfo.java:lambda$new$0(51)) - omNode-1@group-523986131536->omNode-2: nextIndex: updateUnconditionally 154 -> 44
2019-10-21 04:40:19,989 [7c0d5774-b483-474f-b6f4-1d0bebe85e1e@group-6AAE0EE7BD14-LeaderElection246] INFO  impl.LeaderElection (LeaderElection.java:askForVotes(178)) - 7c0d5774-b483-474f-b6f4-1d0bebe85e1e@group-6AAE0EE7BD14-LeaderElection246: begin an election at term 1 for -1: [7c0d5774-b483-474f-b6f4-1d0bebe85e1e:192.168.157.255:39149], old=null
2019-10-21 04:40:19,989 [7c0d5774-b483-474f-b6f4-1d0bebe85e1e@group-6AAE0EE7BD14-LeaderElection246] INFO  impl.RoleInfo (RoleInfo.java:shutdownLeaderElection(134)) - 7c0d5774-b483-474f-b6f4-1d0bebe85e1e: shutdown LeaderElection
2019-10-21 04:40:19,989 [7c0d5774-b483-474f-b6f4-1d0bebe85e1e@group-6AAE0EE7BD14-LeaderElection246] INFO  impl.RaftServerImpl (RaftServerImpl.java:setRole(170)) - 7c0d5774-b483-474f-b6f4-1d0bebe85e1e@group-6AAE0EE7BD14: changes role from CANDIDATE to LEADER at term 1 for changeToLeader
2019-10-21 04:40:19,989 [7c0d5774-b483-474f-b6f4-1d0bebe85e1e@group-6AAE0EE7BD14-LeaderElection246] INFO  impl.RaftServerImpl (ServerState.java:setLeader(255)) - 7c0d5774-b483-474f-b6f4-1d0bebe85e1e@group-6AAE0EE7BD14: change Leader from null to 7c0d5774-b483-474f-b6f4-1d0bebe85e1e at term 1 for becomeLeader, leader elected after 5258ms
2019-10-21 04:40:19,990 [7c0d5774-b483-474f-b6f4-1d0bebe85e1e@group-6AAE0EE7BD14-LeaderElection246] INFO  server.RaftServerConfigKeys (ConfUtils.java:logGet(43)) - raft.server.staging.catchup.gap = 1000 (default)
2019-10-21 04:40:19,990 [7c0d5774-b483-474f-b6f4-1d0bebe85e1e@group-6AAE0EE7BD14-LeaderElection246] INFO  server.RaftServerConfigKeys (ConfUtils.java:logGet(43)) - raft.server.rpc.sleep.time = 25ms (default)
2019-10-21 04:40:19,990 [7c0d5774-b483-474f-b6f4-1d0bebe85e1e@group-6AAE0EE7BD14-LeaderElection246] INFO  server.RaftServerConfigKeys (ConfUtils.java:logGet(43)) - raft.server.write.element-limit = 4096 (default)
2019-10-21 04:40:19,990 [7c0d5774-b483-474f-b6f4-1d0bebe85e1e@group-6AAE0EE7BD14-LeaderElection246] INFO  server.RaftServerConfigKeys (ConfUtils.java:logGet(43)) - raft.server.watch.timeout = 10s (default)
2019-10-21 04:40:19,990 [7c0d5774-b483-474f-b6f4-1d0bebe85e1e@group-6AAE0EE7BD14-LeaderElection246] INFO  server.RaftServerConfigKeys (ConfUtils.java:logGet(43)) - raft.server.watch.timeout.denomination = 1s (default)
2019-10-21 04:40:19,990 [7c0d5774-b483-474f-b6f4-1d0bebe85e1e@group-6AAE0EE7BD14-LeaderElection246] INFO  server.RaftServerConfigKeys (ConfUtils.java:logGet(43)) - raft.server.watch.element-limit = 65536 (default)
2019-10-21 04:40:19,992 [grpc-default-executor-12] WARN  server.GrpcLogAppender (LogUtils.java:warn(134)) - omNode-1@group-523986131536->omNode-2-AppendLogResponseHandler: Failed appendEntries: org.apache.ratis.thirdparty.io.grpc.StatusRuntimeException: UNAVAILABLE: io exception
2019-10-21 04:40:19,992 [grpc-default-executor-12] INFO  impl.FollowerInfo (FollowerInfo.java:lambda$new$0(51)) - omNode-1@group-523986131536->omNode-2: nextIndex: updateUnconditionally 154 -> 44
2019-10-21 04:40:19,992 [7c0d5774-b483-474f-b6f4-1d0bebe85e1e@group-6AAE0EE7BD14-LeaderElection246] INFO  impl.RoleInfo (RoleInfo.java:updateAndGet(143)) - 7c0d5774-b483-474f-b6f4-1d0bebe85e1e: start LeaderState
2019-10-21 04:40:19,992 [7c0d5774-b483-474f-b6f4-1d0bebe85e1e@group-6AAE0EE7BD14-LeaderElection246] INFO  segmented.SegmentedRaftLogWorker (SegmentedRaftLogWorker.java:startLogSegment(385)) - 7c0d5774-b483-474f-b6f4-1d0bebe85e1e@group-6AAE0EE7BD14-SegmentedRaftLogWorker: Starting segment from index:0
2019-10-21 04:40:19,993 [7c0d5774-b483-474f-b6f4-1d0bebe85e1e@group-6AAE0EE7BD14-LeaderElection246] INFO  impl.RaftServerImpl (ServerState.java:setRaftConf(356)) - 7c0d5774-b483-474f-b6f4-1d0bebe85e1e@group-6AAE0EE7BD14: set configuration 0: [7c0d5774-b483-474f-b6f4-1d0bebe85e1e:192.168.157.255:39149], old=null at 0
2019-10-21 04:40:20,022 [grpc-default-executor-10] WARN  server.GrpcLogAppender (LogUtils.java:warn(134)) - omNode-1@group-523986131536->omNode-2-AppendLogResponseHandler: Failed appendEntries: org.apache.ratis.thirdparty.io.grpc.StatusRuntimeException: UNAVAILABLE: io exception
2019-10-21 04:40:20,022 [grpc-default-executor-10] INFO  impl.FollowerInfo (FollowerInfo.java:lambda$new$0(51)) - omNode-1@group-523986131536->omNode-2: nextIndex: updateUnconditionally 155 -> 44
2019-10-21 04:40:20,025 [grpc-default-executor-13] WARN  server.GrpcLogAppender (LogUtils.java:warn(134)) - omNode-1@group-523986131536->omNode-2-AppendLogResponseHandler: Failed appendEntries: org.apache.ratis.thirdparty.io.grpc.StatusRuntimeException: UNAVAILABLE: io exception
2019-10-21 04:40:20,025 [grpc-default-executor-13] INFO  impl.FollowerInfo (FollowerInfo.java:lambda$new$0(51)) - omNode-1@group-523986131536->omNode-2: nextIndex: updateUnconditionally 156 -> 44
2019-10-21 04:40:20,043 [grpc-default-executor-13] WARN  server.GrpcLogAppender (LogUtils.java:warn(134)) - omNode-1@group-523986131536->omNode-2-AppendLogResponseHandler: Failed appendEntries: org.apache.ratis.thirdparty.io.grpc.StatusRuntimeException: UNAVAILABLE: io exception
2019-10-21 04:40:20,043 [grpc-default-executor-13] INFO  impl.FollowerInfo (FollowerInfo.java:lambda$new$0(51)) - omNode-1@group-523986131536->omNode-2: nextIndex: updateUnconditionally 157 -> 44
2019-10-21 04:40:20,046 [grpc-default-executor-13] WARN  server.GrpcLogAppender (LogUtils.java:warn(134)) - omNode-1@group-523986131536->omNode-2-AppendLogResponseHandler: Failed appendEntries: org.apache.ratis.thirdparty.io.grpc.StatusRuntimeException: UNAVAILABLE: io exception
2019-10-21 04:40:20,046 [grpc-default-executor-13] INFO  impl.FollowerInfo (FollowerInfo.java:lambda$new$0(51)) - omNode-1@group-523986131536->omNode-2: nextIndex: updateUnconditionally 158 -> 44
2019-10-21 04:40:20,069 [7c0d5774-b483-474f-b6f4-1d0bebe85e1e@group-6AAE0EE7BD14-SegmentedRaftLogWorker] INFO  segmented.SegmentedRaftLogWorker (SegmentedRaftLogWorker.java:execute(574)) - 7c0d5774-b483-474f-b6f4-1d0bebe85e1e@group-6AAE0EE7BD14-SegmentedRaftLogWorker: created new log segment /workdir/hadoop-ozone/integration-test/target/test-dir/MiniOzoneClusterImpl-908613f1-7148-4657-b39e-d6fc88855e70/datanode-0/data/ratis/346f1f90-2827-4443-9b37-6aae0ee7bd14/current/log_inprogress_0
2019-10-21 04:40:20,071 [grpc-default-executor-13] WARN  server.GrpcLogAppender (LogUtils.java:warn(134)) - omNode-1@group-523986131536->omNode-2-AppendLogResponseHandler: Failed appendEntries: org.apache.ratis.thirdparty.io.grpc.StatusRuntimeException: UNAVAILABLE: io exception
2019-10-21 04:40:20,071 [grpc-default-executor-13] INFO  impl.FollowerInfo (FollowerInfo.java:lambda$new$0(51)) - omNode-1@group-523986131536->omNode-2: nextIndex: updateUnconditionally 158 -> 44
2019-10-21 04:40:20,072 [grpc-default-executor-10] WARN  server.GrpcLogAppender (LogUtils.java:warn(134)) - omNode-1@group-523986131536->omNode-2-AppendLogResponseHandler: Failed appendEntries: org.apache.ratis.thirdparty.io.grpc.StatusRuntimeException: UNAVAILABLE: io exception
2019-10-21 04:40:20,072 [grpc-default-executor-10] INFO  impl.FollowerInfo (FollowerInfo.java:lambda$new$0(51)) - omNode-1@group-523986131536->omNode-2: nextIndex: updateUnconditionally 159 -> 44
2019-10-21 04:40:20,146 [grpc-default-executor-10] WARN  server.GrpcLogAppender (LogUtils.java:warn(134)) - omNode-1@group-523986131536->omNode-2-AppendLogResponseHandler: Failed appendEntries: org.apache.ratis.thirdparty.io.grpc.StatusRuntimeException: UNAVAILABLE: io exception
2019-10-21 04:40:20,146 [grpc-default-executor-10] INFO  impl.FollowerInfo (FollowerInfo.java:lambda$new$0(51)) - omNode-1@group-523986131536->omNode-2: nextIndex: updateUnconditionally 160 -> 44
2019-10-21 04:40:20,153 [grpc-default-executor-13] WARN  server.GrpcLogAppender (LogUtils.java:warn(134)) - omNode-1@group-523986131536->omNode-2-AppendLogResponseHandler: Failed appendEntries: org.apache.ratis.thirdparty.io.grpc.StatusRuntimeException: UNAVAILABLE: io exception
2019-10-21 04:40:20,153 [grpc-default-executor-13] INFO  impl.FollowerInfo (FollowerInfo.java:lambda$new$0(51)) - omNode-1@group-523986131536->omNode-2: nextIndex: updateUnconditionally 160 -> 44
2019-10-21 04:40:20,181 [grpc-default-executor-13] WARN  server.GrpcLogAppender (LogUtils.java:warn(134)) - omNode-1@group-523986131536->omNode-2-AppendLogResponseHandler: Failed appendEntries: org.apache.ratis.thirdparty.io.grpc.StatusRuntimeException: UNAVAILABLE: io exception
2019-10-21 04:40:20,181 [grpc-default-executor-13] INFO  impl.FollowerInfo (FollowerInfo.java:lambda$new$0(51)) - omNode-1@group-523986131536->omNode-2: nextIndex: updateUnconditionally 161 -> 44
2019-10-21 04:40:20,185 [grpc-default-executor-12] WARN  server.GrpcLogAppender (LogUtils.java:warn(134)) - omNode-1@group-523986131536->omNode-2-AppendLogResponseHandler: Failed appendEntries: org.apache.ratis.thirdparty.io.grpc.StatusRuntimeException: UNAVAILABLE: io exception
2019-10-21 04:40:20,185 [grpc-default-executor-12] INFO  impl.FollowerInfo (FollowerInfo.java:lambda$new$0(51)) - omNode-1@group-523986131536->omNode-2: nextIndex: updateUnconditionally 162 -> 44
2019-10-21 04:40:20,193 [grpc-default-executor-10] WARN  server.GrpcLogAppender (LogUtils.java:warn(134)) - omNode-1@group-523986131536->omNode-2-AppendLogResponseHandler: Failed appendEntries: org.apache.ratis.thirdparty.io.grpc.StatusRuntimeException: UNAVAILABLE: io exception
2019-10-21 04:40:20,194 [grpc-default-executor-10] INFO  impl.FollowerInfo (FollowerInfo.java:lambda$new$0(51)) - omNode-1@group-523986131536->omNode-2: nextIndex: updateUnconditionally 162 -> 44
2019-10-21 04:40:20,222 [grpc-default-executor-12] WARN  server.GrpcLogAppender (LogUtils.java:warn(134)) - omNode-1@group-523986131536->omNode-2-AppendLogResponseHandler: Failed appendEntries: org.apache.ratis.thirdparty.io.grpc.StatusRuntimeException: UNAVAILABLE: io exception
2019-10-21 04:40:20,222 [grpc-default-executor-12] INFO  impl.FollowerInfo (FollowerInfo.java:lambda$new$0(51)) - omNode-1@group-523986131536->omNode-2: nextIndex: updateUnconditionally 163 -> 44
2019-10-21 04:40:20,229 [grpc-default-executor-10] WARN  server.GrpcLogAppender (LogUtils.java:warn(134)) - omNode-1@group-523986131536->omNode-2-AppendLogResponseHandler: Failed appendEntries: org.apache.ratis.thirdparty.io.grpc.StatusRuntimeException: UNAVAILABLE: io exception
2019-10-21 04:40:20,230 [grpc-default-executor-10] INFO  impl.FollowerInfo (FollowerInfo.java:lambda$new$0(51)) - omNode-1@group-523986131536->omNode-2: nextIndex: updateUnconditionally 164 -> 44
2019-10-21 04:40:20,231 [grpc-default-executor-13] WARN  server.GrpcLogAppender (LogUtils.java:warn(134)) - omNode-1@group-523986131536->omNode-2-AppendLogResponseHandler: Failed appendEntries: org.apache.ratis.thirdparty.io.grpc.StatusRuntimeException: UNAVAILABLE: io exception
2019-10-21 04:40:20,231 [grpc-default-executor-13] INFO  impl.FollowerInfo (FollowerInfo.java:lambda$new$0(51)) - omNode-1@group-523986131536->omNode-2: nextIndex: updateUnconditionally 164 -> 44
2019-10-21 04:40:20,243 [grpc-default-executor-13] WARN  server.GrpcLogAppender (LogUtils.java:warn(134)) - omNode-1@group-523986131536->omNode-2-AppendLogResponseHandler: Failed appendEntries: org.apache.ratis.thirdparty.io.grpc.StatusRuntimeException: UNAVAILABLE: io exception
2019-10-21 04:40:20,243 [grpc-default-executor-13] INFO  impl.FollowerInfo (FollowerInfo.java:lambda$new$0(51)) - omNode-1@group-523986131536->omNode-2: nextIndex: updateUnconditionally 165 -> 44
2019-10-21 04:40:20,244 [grpc-default-executor-10] WARN  server.GrpcLogAppender (LogUtils.java:warn(134)) - omNode-1@group-523986131536->omNode-2-AppendLogResponseHandler: Failed appendEntries: org.apache.ratis.thirdparty.io.grpc.StatusRuntimeException: UNAVAILABLE: io exception
2019-10-21 04:40:20,245 [grpc-default-executor-10] INFO  impl.FollowerInfo (FollowerInfo.java:lambda$new$0(51)) - omNode-1@group-523986131536->omNode-2: nextIndex: updateUnconditionally 165 -> 44
2019-10-21 04:40:20,256 [grpc-default-executor-10] WARN  server.GrpcLogAppender (LogUtils.java:warn(134)) - omNode-1@group-523986131536->omNode-2-AppendLogResponseHandler: Failed appendEntries: org.apache.ratis.thirdparty.io.grpc.StatusRuntimeException: UNAVAILABLE: io exception
2019-10-21 04:40:20,256 [grpc-default-executor-10] INFO  impl.FollowerInfo (FollowerInfo.java:lambda$new$0(51)) - omNode-1@group-523986131536->omNode-2: nextIndex: updateUnconditionally 167 -> 44
2019-10-21 04:40:20,265 [grpc-default-executor-10] WARN  server.GrpcLogAppender (LogUtils.java:warn(134)) - omNode-1@group-523986131536->omNode-2-AppendLogResponseHandler: Failed appendEntries: org.apache.ratis.thirdparty.io.grpc.StatusRuntimeException: UNAVAILABLE: io exception
2019-10-21 04:40:20,265 [grpc-default-executor-10] INFO  impl.FollowerInfo (FollowerInfo.java:lambda$new$0(51)) - omNode-1@group-523986131536->omNode-2: nextIndex: updateUnconditionally 168 -> 44
2019-10-21 04:40:20,288 [grpc-default-executor-12] WARN  server.GrpcLogAppender (LogUtils.java:warn(134)) - omNode-1@group-523986131536->omNode-2-AppendLogResponseHandler: Failed appendEntries: org.apache.ratis.thirdparty.io.grpc.StatusRuntimeException: UNAVAILABLE: io exception
2019-10-21 04:40:20,288 [grpc-default-executor-12] INFO  impl.FollowerInfo (FollowerInfo.java:lambda$new$0(51)) - omNode-1@group-523986131536->omNode-2: nextIndex: updateUnconditionally 168 -> 44
2019-10-21 04:40:20,330 [grpc-default-executor-10] WARN  server.GrpcLogAppender (LogUtils.java:warn(134)) - omNode-1@group-523986131536->omNode-2-AppendLogResponseHandler: Failed appendEntries: org.apache.ratis.thirdparty.io.grpc.StatusRuntimeException: UNAVAILABLE: io exception
2019-10-21 04:40:20,330 [grpc-default-executor-10] INFO  impl.FollowerInfo (FollowerInfo.java:lambda$new$0(51)) - omNode-1@group-523986131536->omNode-2: nextIndex: updateUnconditionally 169 -> 44
2019-10-21 04:40:20,332 [grpc-default-executor-13] WARN  server.GrpcLogAppender (LogUtils.java:warn(134)) - omNode-1@group-523986131536->omNode-2-AppendLogResponseHandler: Failed appendEntries: org.apache.ratis.thirdparty.io.grpc.StatusRuntimeException: UNAVAILABLE: io exception
2019-10-21 04:40:20,333 [grpc-default-executor-13] INFO  impl.FollowerInfo (FollowerInfo.java:lambda$new$0(51)) - omNode-1@group-523986131536->omNode-2: nextIndex: updateUnconditionally 169 -> 44
2019-10-21 04:40:20,336 [grpc-default-executor-12] WARN  server.GrpcLogAppender (LogUtils.java:warn(134)) - omNode-1@group-523986131536->omNode-2-AppendLogResponseHandler: Failed appendEntries: org.apache.ratis.thirdparty.io.grpc.StatusRuntimeException: UNAVAILABLE: io exception
2019-10-21 04:40:20,336 [grpc-default-executor-12] INFO  impl.FollowerInfo (FollowerInfo.java:lambda$new$0(51)) - omNode-1@group-523986131536->omNode-2: nextIndex: updateUnconditionally 171 -> 44
2019-10-21 04:40:20,339 [grpc-default-executor-13] WARN  server.GrpcLogAppender (LogUtils.java:warn(134)) - omNode-1@group-523986131536->omNode-2-AppendLogResponseHandler: Failed appendEntries: org.apache.ratis.thirdparty.io.grpc.StatusRuntimeException: UNAVAILABLE: io exception
2019-10-21 04:40:20,340 [grpc-default-executor-13] INFO  impl.FollowerInfo (FollowerInfo.java:lambda$new$0(51)) - omNode-1@group-523986131536->omNode-2: nextIndex: updateUnconditionally 171 -> 44
2019-10-21 04:40:20,348 [grpc-default-executor-10] WARN  server.GrpcLogAppender (LogUtils.java:warn(134)) - omNode-1@group-523986131536->omNode-2-AppendLogResponseHandler: Failed appendEntries: org.apache.ratis.thirdparty.io.grpc.StatusRuntimeException: UNAVAILABLE: io exception
2019-10-21 04:40:20,349 [grpc-default-executor-10] INFO  impl.FollowerInfo (FollowerInfo.java:lambda$new$0(51)) - omNode-1@group-523986131536->omNode-2: nextIndex: updateUnconditionally 172 -> 44
2019-10-21 04:40:20,359 [grpc-default-executor-12] WARN  server.GrpcLogAppender (LogUtils.java:warn(134)) - omNode-1@group-523986131536->omNode-2-AppendLogResponseHandler: Failed appendEntries: org.apache.ratis.thirdparty.io.grpc.StatusRuntimeException: UNAVAILABLE: io exception
2019-10-21 04:40:20,359 [grpc-default-executor-12] INFO  impl.FollowerInfo (FollowerInfo.java:lambda$new$0(51)) - omNode-1@group-523986131536->omNode-2: nextIndex: updateUnconditionally 173 -> 44
2019-10-21 04:40:20,362 [grpc-default-executor-13] WARN  server.GrpcLogAppender (LogUtils.java:warn(134)) - omNode-1@group-523986131536->omNode-2-AppendLogResponseHandler: Failed appendEntries: org.apache.ratis.thirdparty.io.grpc.StatusRuntimeException: UNAVAILABLE: io exception
2019-10-21 04:40:20,362 [grpc-default-executor-13] INFO  impl.FollowerInfo (FollowerInfo.java:lambda$new$0(51)) - omNode-1@group-523986131536->omNode-2: nextIndex: updateUnconditionally 174 -> 44
2019-10-21 04:40:20,365 [grpc-default-executor-10] WARN  server.GrpcLogAppender (LogUtils.java:warn(134)) - omNode-1@group-523986131536->omNode-2-AppendLogResponseHandler: Failed appendEntries: org.apache.ratis.thirdparty.io.grpc.StatusRuntimeException: UNAVAILABLE: io exception
2019-10-21 04:40:20,366 [grpc-default-executor-10] INFO  impl.FollowerInfo (FollowerInfo.java:lambda$new$0(51)) - omNode-1@group-523986131536->omNode-2: nextIndex: updateUnconditionally 174 -> 44
2019-10-21 04:40:20,374 [grpc-default-executor-12] WARN  server.GrpcLogAppender (LogUtils.java:warn(134)) - omNode-1@group-523986131536->omNode-2-AppendLogResponseHandler: Failed appendEntries: org.apache.ratis.thirdparty.io.grpc.StatusRuntimeException: UNAVAILABLE: io exception
2019-10-21 04:40:20,375 [grpc-default-executor-12] INFO  impl.FollowerInfo (FollowerInfo.java:lambda$new$0(51)) - omNode-1@group-523986131536->omNode-2: nextIndex: updateUnconditionally 176 -> 44
2019-10-21 04:40:20,379 [grpc-default-executor-10] WARN  server.GrpcLogAppender (LogUtils.java:warn(134)) - omNode-1@group-523986131536->omNode-2-AppendLogResponseHandler: Failed appendEntries: org.apache.ratis.thirdparty.io.grpc.StatusRuntimeException: UNAVAILABLE: io exception
2019-10-21 04:40:20,379 [grpc-default-executor-10] INFO  impl.FollowerInfo (FollowerInfo.java:lambda$new$0(51)) - omNode-1@group-523986131536->omNode-2: nextIndex: updateUnconditionally 176 -> 44
2019-10-21 04:40:20,383 [grpc-default-executor-10] WARN  server.GrpcLogAppender (LogUtils.java:warn(134)) - omNode-1@group-523986131536->omNode-2-AppendLogResponseHandler: Failed appendEntries: org.apache.ratis.thirdparty.io.grpc.StatusRuntimeException: UNAVAILABLE: io exception
2019-10-21 04:40:20,383 [grpc-default-executor-10] INFO  impl.FollowerInfo (FollowerInfo.java:lambda$new$0(51)) - omNode-1@group-523986131536->omNode-2: nextIndex: updateUnconditionally 178 -> 44
2019-10-21 04:40:20,392 [grpc-default-executor-12] WARN  server.GrpcLogAppender (LogUtils.java:warn(134)) - omNode-1@group-523986131536->omNode-2-AppendLogResponseHandler: Failed appendEntries: org.apache.ratis.thirdparty.io.grpc.StatusRuntimeException: UNAVAILABLE: io exception
2019-10-21 04:40:20,393 [grpc-default-executor-12] INFO  impl.FollowerInfo (FollowerInfo.java:lambda$new$0(51)) - omNode-1@group-523986131536->omNode-2: nextIndex: updateUnconditionally 178 -> 44
2019-10-21 04:40:20,400 [grpc-default-executor-13] WARN  server.GrpcLogAppender (LogUtils.java:warn(134)) - omNode-1@group-523986131536->omNode-2-AppendLogResponseHandler: Failed appendEntries: org.apache.ratis.thirdparty.io.grpc.StatusRuntimeException: UNAVAILABLE: io exception
2019-10-21 04:40:20,401 [grpc-default-executor-13] INFO  impl.FollowerInfo (FollowerInfo.java:lambda$new$0(51)) - omNode-1@group-523986131536->omNode-2: nextIndex: updateUnconditionally 180 -> 44
2019-10-21 04:40:20,431 [grpc-default-executor-13] WARN  server.GrpcLogAppender (LogUtils.java:warn(134)) - omNode-1@group-523986131536->omNode-2-AppendLogResponseHandler: Failed appendEntries: org.apache.ratis.thirdparty.io.grpc.StatusRuntimeException: UNAVAILABLE: io exception
2019-10-21 04:40:20,431 [grpc-default-executor-13] INFO  impl.FollowerInfo (FollowerInfo.java:lambda$new$0(51)) - omNode-1@group-523986131536->omNode-2: nextIndex: updateUnconditionally 180 -> 44
2019-10-21 04:40:20,434 [grpc-default-executor-13] WARN  server.GrpcLogAppender (LogUtils.java:warn(134)) - omNode-1@group-523986131536->omNode-2-AppendLogResponseHandler: Failed appendEntries: org.apache.ratis.thirdparty.io.grpc.StatusRuntimeException: UNAVAILABLE: io exception
2019-10-21 04:40:20,434 [grpc-default-executor-13] INFO  impl.FollowerInfo (FollowerInfo.java:lambda$new$0(51)) - omNode-1@group-523986131536->omNode-2: nextIndex: updateUnconditionally 182 -> 44
2019-10-21 04:40:20,497 [grpc-default-executor-10] WARN  server.GrpcLogAppender (LogUtils.java:warn(134)) - omNode-1@group-523986131536->omNode-2-AppendLogResponseHandler: Failed appendEntries: org.apache.ratis.thirdparty.io.grpc.StatusRuntimeException: UNAVAILABLE: io exception
2019-10-21 04:40:20,497 [grpc-default-executor-10] INFO  impl.FollowerInfo (FollowerInfo.java:lambda$new$0(51)) - omNode-1@group-523986131536->omNode-2: nextIndex: updateUnconditionally 182 -> 44
2019-10-21 04:40:20,506 [grpc-default-executor-12] WARN  server.GrpcLogAppender (LogUtils.java:warn(134)) - omNode-1@group-523986131536->omNode-2-AppendLogResponseHandler: Failed appendEntries: org.apache.ratis.thirdparty.io.grpc.StatusRuntimeException: UNAVAILABLE: io exception
2019-10-21 04:40:20,507 [grpc-default-executor-12] INFO  impl.FollowerInfo (FollowerInfo.java:lambda$new$0(51)) - omNode-1@group-523986131536->omNode-2: nextIndex: updateUnconditionally 184 -> 44
2019-10-21 04:40:20,510 [grpc-default-executor-11] WARN  server.GrpcLogAppender (LogUtils.java:warn(134)) - omNode-1@group-523986131536->omNode-2-AppendLogResponseHandler: Failed appendEntries: org.apache.ratis.thirdparty.io.grpc.StatusRuntimeException: UNAVAILABLE: io exception
2019-10-21 04:40:20,511 [grpc-default-executor-11] INFO  impl.FollowerInfo (FollowerInfo.java:lambda$new$0(51)) - omNode-1@group-523986131536->omNode-2: nextIndex: updateUnconditionally 184 -> 44
2019-10-21 04:40:20,514 [grpc-default-executor-11] WARN  server.GrpcLogAppender (LogUtils.java:warn(134)) - omNode-1@group-523986131536->omNode-2-AppendLogResponseHandler: Failed appendEntries: org.apache.ratis.thirdparty.io.grpc.StatusRuntimeException: UNAVAILABLE: io exception
2019-10-21 04:40:20,515 [grpc-default-executor-11] INFO  impl.FollowerInfo (FollowerInfo.java:lambda$new$0(51)) - omNode-1@group-523986131536->omNode-2: nextIndex: updateUnconditionally 186 -> 44
2019-10-21 04:40:20,523 [grpc-default-executor-11] WARN  server.GrpcLogAppender (LogUtils.java:warn(134)) - omNode-1@group-523986131536->omNode-2-AppendLogResponseHandler: Failed appendEntries: org.apache.ratis.thirdparty.io.grpc.StatusRuntimeException: UNAVAILABLE: io exception
2019-10-21 04:40:20,523 [grpc-default-executor-11] INFO  impl.FollowerInfo (FollowerInfo.java:lambda$new$0(51)) - omNode-1@group-523986131536->omNode-2: nextIndex: updateUnconditionally 186 -> 44
2019-10-21 04:40:20,531 [grpc-default-executor-13] WARN  server.GrpcLogAppender (LogUtils.java:warn(134)) - omNode-1@group-523986131536->omNode-2-AppendLogResponseHandler: Failed appendEntries: org.apache.ratis.thirdparty.io.grpc.StatusRuntimeException: UNAVAILABLE: io exception
2019-10-21 04:40:20,531 [grpc-default-executor-13] INFO  impl.FollowerInfo (FollowerInfo.java:lambda$new$0(51)) - omNode-1@group-523986131536->omNode-2: nextIndex: updateUnconditionally 188 -> 44
2019-10-21 04:40:20,537 [grpc-default-executor-13] WARN  server.GrpcLogAppender (LogUtils.java:warn(134)) - omNode-1@group-523986131536->omNode-2-AppendLogResponseHandler: Failed appendEntries: org.apache.ratis.thirdparty.io.grpc.StatusRuntimeException: UNAVAILABLE: io exception
2019-10-21 04:40:20,537 [grpc-default-executor-13] INFO  impl.FollowerInfo (FollowerInfo.java:lambda$new$0(51)) - omNode-1@group-523986131536->omNode-2: nextIndex: updateUnconditionally 188 -> 44
2019-10-21 04:40:20,538 [grpc-default-executor-11] WARN  server.GrpcLogAppender (LogUtils.java:warn(134)) - omNode-1@group-523986131536->omNode-2-AppendLogResponseHandler: Failed appendEntries: org.apache.ratis.thirdparty.io.grpc.StatusRuntimeException: UNAVAILABLE: io exception
2019-10-21 04:40:20,538 [grpc-default-executor-11] INFO  impl.FollowerInfo (FollowerInfo.java:lambda$new$0(51)) - omNode-1@group-523986131536->omNode-2: nextIndex: updateUnconditionally 189 -> 44
2019-10-21 04:40:20,541 [grpc-default-executor-11] WARN  server.GrpcLogAppender (LogUtils.java:warn(134)) - omNode-1@group-523986131536->omNode-2-AppendLogResponseHandler: Failed appendEntries: org.apache.ratis.thirdparty.io.grpc.StatusRuntimeException: UNAVAILABLE: io exception
2019-10-21 04:40:20,541 [grpc-default-executor-11] INFO  impl.FollowerInfo (FollowerInfo.java:lambda$new$0(51)) - omNode-1@group-523986131536->omNode-2: nextIndex: updateUnconditionally 190 -> 44
2019-10-21 04:40:20,588 [grpc-default-executor-11] WARN  server.GrpcLogAppender (LogUtils.java:warn(134)) - omNode-1@group-523986131536->omNode-2-AppendLogResponseHandler: Failed appendEntries: org.apache.ratis.thirdparty.io.grpc.StatusRuntimeException: UNAVAILABLE: io exception
2019-10-21 04:40:20,588 [grpc-default-executor-11] INFO  impl.FollowerInfo (FollowerInfo.java:lambda$new$0(51)) - omNode-1@group-523986131536->omNode-2: nextIndex: updateUnconditionally 190 -> 44
2019-10-21 04:40:20,590 [grpc-default-executor-11] WARN  server.GrpcLogAppender (LogUtils.java:warn(134)) - omNode-1@group-523986131536->omNode-2-AppendLogResponseHandler: Failed appendEntries: org.apache.ratis.thirdparty.io.grpc.StatusRuntimeException: UNAVAILABLE: io exception
2019-10-21 04:40:20,590 [grpc-default-executor-11] INFO  impl.FollowerInfo (FollowerInfo.java:lambda$new$0(51)) - omNode-1@group-523986131536->omNode-2: nextIndex: updateUnconditionally 191 -> 44
2019-10-21 04:40:20,597 [grpc-default-executor-13] WARN  server.GrpcLogAppender (LogUtils.java:warn(134)) - omNode-1@group-523986131536->omNode-2-AppendLogResponseHandler: Failed appendEntries: org.apache.ratis.thirdparty.io.grpc.StatusRuntimeException: UNAVAILABLE: io exception
2019-10-21 04:40:20,597 [grpc-default-executor-13] INFO  impl.FollowerInfo (FollowerInfo.java:lambda$new$0(51)) - omNode-1@group-523986131536->omNode-2: nextIndex: updateUnconditionally 192 -> 44
2019-10-21 04:40:20,609 [grpc-default-executor-10] WARN  server.GrpcLogAppender (LogUtils.java:warn(134)) - omNode-1@group-523986131536->omNode-2-AppendLogResponseHandler: Failed appendEntries: org.apache.ratis.thirdparty.io.grpc.StatusRuntimeException: UNAVAILABLE: io exception
2019-10-21 04:40:20,609 [grpc-default-executor-10] INFO  impl.FollowerInfo (FollowerInfo.java:lambda$new$0(51)) - omNode-1@group-523986131536->omNode-2: nextIndex: updateUnconditionally 192 -> 44
2019-10-21 04:40:20,613 [grpc-default-executor-11] WARN  server.GrpcLogAppender (LogUtils.java:warn(134)) - omNode-1@group-523986131536->omNode-2-AppendLogResponseHandler: Failed appendEntries: org.apache.ratis.thirdparty.io.grpc.StatusRuntimeException: UNAVAILABLE: io exception
2019-10-21 04:40:20,613 [grpc-default-executor-11] INFO  impl.FollowerInfo (FollowerInfo.java:lambda$new$0(51)) - omNode-1@group-523986131536->omNode-2: nextIndex: updateUnconditionally 194 -> 44
2019-10-21 04:40:20,622 [grpc-default-executor-10] WARN  server.GrpcLogAppender (LogUtils.java:warn(134)) - omNode-1@group-523986131536->omNode-2-AppendLogResponseHandler: Failed appendEntries: org.apache.ratis.thirdparty.io.grpc.StatusRuntimeException: UNAVAILABLE: io exception
2019-10-21 04:40:20,622 [grpc-default-executor-10] INFO  impl.FollowerInfo (FollowerInfo.java:lambda$new$0(51)) - omNode-1@group-523986131536->omNode-2: nextIndex: updateUnconditionally 194 -> 44
2019-10-21 04:40:20,623 [grpc-default-executor-13] WARN  server.GrpcLogAppender (LogUtils.java:warn(134)) - omNode-1@group-523986131536->omNode-2-AppendLogResponseHandler: Failed appendEntries: org.apache.ratis.thirdparty.io.grpc.StatusRuntimeException: UNAVAILABLE: io exception
2019-10-21 04:40:20,624 [grpc-default-executor-13] INFO  impl.FollowerInfo (FollowerInfo.java:lambda$new$0(51)) - omNode-1@group-523986131536->omNode-2: nextIndex: updateUnconditionally 195 -> 44
2019-10-21 04:40:20,629 [grpc-default-executor-11] WARN  server.GrpcLogAppender (LogUtils.java:warn(134)) - omNode-1@group-523986131536->omNode-2-AppendLogResponseHandler: Failed appendEntries: org.apache.ratis.thirdparty.io.grpc.StatusRuntimeException: UNAVAILABLE: io exception
2019-10-21 04:40:20,629 [grpc-default-executor-11] INFO  impl.FollowerInfo (FollowerInfo.java:lambda$new$0(51)) - omNode-1@group-523986131536->omNode-2: nextIndex: updateUnconditionally 196 -> 44
2019-10-21 04:40:20,635 [grpc-default-executor-10] WARN  server.GrpcLogAppender (LogUtils.java:warn(134)) - omNode-1@group-523986131536->omNode-2-AppendLogResponseHandler: Failed appendEntries: org.apache.ratis.thirdparty.io.grpc.StatusRuntimeException: UNAVAILABLE: io exception
2019-10-21 04:40:20,635 [grpc-default-executor-10] INFO  impl.FollowerInfo (FollowerInfo.java:lambda$new$0(51)) - omNode-1@group-523986131536->omNode-2: nextIndex: updateUnconditionally 196 -> 44
2019-10-21 04:40:20,637 [grpc-default-executor-10] WARN  server.GrpcLogAppender (LogUtils.java:warn(134)) - omNode-1@group-523986131536->omNode-2-AppendLogResponseHandler: Failed appendEntries: org.apache.ratis.thirdparty.io.grpc.StatusRuntimeException: UNAVAILABLE: io exception
2019-10-21 04:40:20,637 [grpc-default-executor-10] INFO  impl.FollowerInfo (FollowerInfo.java:lambda$new$0(51)) - omNode-1@group-523986131536->omNode-2: nextIndex: updateUnconditionally 197 -> 44
2019-10-21 04:40:20,639 [grpc-default-executor-13] WARN  server.GrpcLogAppender (LogUtils.java:warn(134)) - omNode-1@group-523986131536->omNode-2-AppendLogResponseHandler: Failed appendEntries: org.apache.ratis.thirdparty.io.grpc.StatusRuntimeException: UNAVAILABLE: io exception
2019-10-21 04:40:20,639 [grpc-default-executor-13] INFO  impl.FollowerInfo (FollowerInfo.java:lambda$new$0(51)) - omNode-1@group-523986131536->omNode-2: nextIndex: updateUnconditionally 198 -> 44
2019-10-21 04:40:20,648 [grpc-default-executor-13] WARN  server.GrpcLogAppender (LogUtils.java:warn(134)) - omNode-1@group-523986131536->omNode-2-AppendLogResponseHandler: Failed appendEntries: org.apache.ratis.thirdparty.io.grpc.StatusRuntimeException: UNAVAILABLE: io exception
2019-10-21 04:40:20,648 [grpc-default-executor-13] INFO  impl.FollowerInfo (FollowerInfo.java:lambda$new$0(51)) - omNode-1@group-523986131536->omNode-2: nextIndex: updateUnconditionally 198 -> 44
2019-10-21 04:40:20,655 [grpc-default-executor-11] WARN  server.GrpcLogAppender (LogUtils.java:warn(134)) - omNode-1@group-523986131536->omNode-2-AppendLogResponseHandler: Failed appendEntries: org.apache.ratis.thirdparty.io.grpc.StatusRuntimeException: UNAVAILABLE: io exception
2019-10-21 04:40:20,655 [grpc-default-executor-11] INFO  impl.FollowerInfo (FollowerInfo.java:lambda$new$0(51)) - omNode-1@group-523986131536->omNode-2: nextIndex: updateUnconditionally 200 -> 44
2019-10-21 04:40:20,662 [grpc-default-executor-10] WARN  server.GrpcLogAppender (LogUtils.java:warn(134)) - omNode-1@group-523986131536->omNode-2-AppendLogResponseHandler: Failed appendEntries: org.apache.ratis.thirdparty.io.grpc.StatusRuntimeException: UNAVAILABLE: io exception
2019-10-21 04:40:20,662 [grpc-default-executor-10] INFO  impl.FollowerInfo (FollowerInfo.java:lambda$new$0(51)) - omNode-1@group-523986131536->omNode-2: nextIndex: updateUnconditionally 200 -> 44
2019-10-21 04:40:20,663 [omNode-1@group-523986131536-StateMachineUpdater] INFO  ratis.OzoneManagerStateMachine (OzoneManagerStateMachine.java:takeSnapshot(254)) - Saving Ratis snapshot on the OM.
2019-10-21 04:40:20,664 [grpc-default-executor-13] WARN  server.GrpcLogAppender (LogUtils.java:warn(134)) - omNode-1@group-523986131536->omNode-2-AppendLogResponseHandler: Failed appendEntries: org.apache.ratis.thirdparty.io.grpc.StatusRuntimeException: UNAVAILABLE: io exception
2019-10-21 04:40:20,664 [omNode-1@group-523986131536-StateMachineUpdater] INFO  ratis.OMRatisSnapshotInfo (OMRatisSnapshotInfo.java:saveRatisSnapshotToDisk(107)) - Saved Ratis Snapshot on the OM with snapshotIndex 199
2019-10-21 04:40:20,664 [grpc-default-executor-13] INFO  impl.FollowerInfo (FollowerInfo.java:lambda$new$0(51)) - omNode-1@group-523986131536->omNode-2: nextIndex: updateUnconditionally 201 -> 44
2019-10-21 04:40:20,664 [omNode-1@group-523986131536-StateMachineUpdater] INFO  impl.StateMachineUpdater (StateMachineUpdater.java:takeSnapshot(269)) - omNode-1@group-523986131536-StateMachineUpdater: Took a snapshot at index 199
2019-10-21 04:40:20,664 [omNode-1@group-523986131536-StateMachineUpdater] INFO  impl.StateMachineUpdater (StateMachineUpdater.java:lambda$new$0(84)) - omNode-1@group-523986131536-StateMachineUpdater: snapshotIndex: updateIncreasingly 149 -> 199
2019-10-21 04:40:20,665 [omNode-3@group-523986131536-StateMachineUpdater] INFO  ratis.OzoneManagerStateMachine (OzoneManagerStateMachine.java:takeSnapshot(254)) - Saving Ratis snapshot on the OM.
2019-10-21 04:40:20,665 [omNode-3@group-523986131536-StateMachineUpdater] INFO  ratis.OMRatisSnapshotInfo (OMRatisSnapshotInfo.java:saveRatisSnapshotToDisk(107)) - Saved Ratis Snapshot on the OM with snapshotIndex 199
2019-10-21 04:40:20,665 [omNode-3@group-523986131536-StateMachineUpdater] INFO  impl.StateMachineUpdater (StateMachineUpdater.java:takeSnapshot(269)) - omNode-3@group-523986131536-StateMachineUpdater: Took a snapshot at index 199
2019-10-21 04:40:20,665 [omNode-3@group-523986131536-StateMachineUpdater] INFO  impl.StateMachineUpdater (StateMachineUpdater.java:lambda$new$0(84)) - omNode-3@group-523986131536-StateMachineUpdater: snapshotIndex: updateIncreasingly 149 -> 199
2019-10-21 04:40:20,666 [grpc-default-executor-11] WARN  server.GrpcLogAppender (LogUtils.java:warn(134)) - omNode-1@group-523986131536->omNode-2-AppendLogResponseHandler: Failed appendEntries: org.apache.ratis.thirdparty.io.grpc.StatusRuntimeException: UNAVAILABLE: io exception
2019-10-21 04:40:20,666 [grpc-default-executor-11] INFO  impl.FollowerInfo (FollowerInfo.java:lambda$new$0(51)) - omNode-1@group-523986131536->omNode-2: nextIndex: updateUnconditionally 201 -> 44
2019-10-21 04:40:20,668 [grpc-default-executor-10] WARN  server.GrpcLogAppender (LogUtils.java:warn(134)) - omNode-1@group-523986131536->omNode-2-AppendLogResponseHandler: Failed appendEntries: org.apache.ratis.thirdparty.io.grpc.StatusRuntimeException: UNAVAILABLE: io exception
2019-10-21 04:40:20,668 [grpc-default-executor-10] INFO  impl.FollowerInfo (FollowerInfo.java:lambda$new$0(51)) - omNode-1@group-523986131536->omNode-2: nextIndex: updateUnconditionally 203 -> 44
2019-10-21 04:40:20,675 [grpc-default-executor-11] WARN  server.GrpcLogAppender (LogUtils.java:warn(134)) - omNode-1@group-523986131536->omNode-2-AppendLogResponseHandler: Failed appendEntries: org.apache.ratis.thirdparty.io.grpc.StatusRuntimeException: UNAVAILABLE: io exception
2019-10-21 04:40:20,675 [grpc-default-executor-11] INFO  impl.FollowerInfo (FollowerInfo.java:lambda$new$0(51)) - omNode-1@group-523986131536->omNode-2: nextIndex: updateUnconditionally 204 -> 44
2019-10-21 04:40:20,680 [grpc-default-executor-13] WARN  server.GrpcLogAppender (LogUtils.java:warn(134)) - omNode-1@group-523986131536->omNode-2-AppendLogResponseHandler: Failed appendEntries: org.apache.ratis.thirdparty.io.grpc.StatusRuntimeException: UNAVAILABLE: io exception
2019-10-21 04:40:20,681 [grpc-default-executor-13] INFO  impl.FollowerInfo (FollowerInfo.java:lambda$new$0(51)) - omNode-1@group-523986131536->omNode-2: nextIndex: updateUnconditionally 204 -> 44
2019-10-21 04:40:20,684 [grpc-default-executor-11] WARN  server.GrpcLogAppender (LogUtils.java:warn(134)) - omNode-1@group-523986131536->omNode-2-AppendLogResponseHandler: Failed appendEntries: org.apache.ratis.thirdparty.io.grpc.StatusRuntimeException: UNAVAILABLE: io exception
2019-10-21 04:40:20,684 [grpc-default-executor-11] INFO  impl.FollowerInfo (FollowerInfo.java:lambda$new$0(51)) - omNode-1@group-523986131536->omNode-2: nextIndex: updateUnconditionally 205 -> 44
2019-10-21 04:40:20,687 [grpc-default-executor-10] WARN  server.GrpcLogAppender (LogUtils.java:warn(134)) - omNode-1@group-523986131536->omNode-2-AppendLogResponseHandler: Failed appendEntries: org.apache.ratis.thirdparty.io.grpc.StatusRuntimeException: UNAVAILABLE: io exception
2019-10-21 04:40:20,687 [grpc-default-executor-10] INFO  impl.FollowerInfo (FollowerInfo.java:lambda$new$0(51)) - omNode-1@group-523986131536->omNode-2: nextIndex: updateUnconditionally 206 -> 44
2019-10-21 04:40:20,696 [grpc-default-executor-10] WARN  server.GrpcLogAppender (LogUtils.java:warn(134)) - omNode-1@group-523986131536->omNode-2-AppendLogResponseHandler: Failed appendEntries: org.apache.ratis.thirdparty.io.grpc.StatusRuntimeException: UNAVAILABLE: io exception
2019-10-21 04:40:20,696 [grpc-default-executor-10] INFO  impl.FollowerInfo (FollowerInfo.java:lambda$new$0(51)) - omNode-1@group-523986131536->omNode-2: nextIndex: updateUnconditionally 206 -> 44
2019-10-21 04:40:20,719 [grpc-default-executor-13] WARN  server.GrpcLogAppender (LogUtils.java:warn(134)) - omNode-1@group-523986131536->omNode-2-AppendLogResponseHandler: Failed appendEntries: org.apache.ratis.thirdparty.io.grpc.StatusRuntimeException: UNAVAILABLE: io exception
2019-10-21 04:40:20,720 [grpc-default-executor-13] INFO  impl.FollowerInfo (FollowerInfo.java:lambda$new$0(51)) - omNode-1@group-523986131536->omNode-2: nextIndex: updateUnconditionally 207 -> 44
2019-10-21 04:40:20,724 [IPC Server handler 6 on 11456] INFO  segmented.SegmentedRaftLogWorker (SegmentedRaftLogWorker.java:rollLogSegment(390)) - omNode-1@group-523986131536-SegmentedRaftLogWorker: Rolling segment log-139_206 to index:206
2019-10-21 04:40:20,729 [grpc-default-executor-11] INFO  segmented.SegmentedRaftLogWorker (SegmentedRaftLogWorker.java:rollLogSegment(390)) - omNode-3@group-523986131536-SegmentedRaftLogWorker: Rolling segment log-139_206 to index:206
2019-10-21 04:40:20,735 [grpc-default-executor-11] WARN  server.GrpcLogAppender (LogUtils.java:warn(134)) - omNode-1@group-523986131536->omNode-2-AppendLogResponseHandler: Failed appendEntries: org.apache.ratis.thirdparty.io.grpc.StatusRuntimeException: UNAVAILABLE: io exception
2019-10-21 04:40:20,735 [grpc-default-executor-11] INFO  impl.FollowerInfo (FollowerInfo.java:lambda$new$0(51)) - omNode-1@group-523986131536->omNode-2: nextIndex: updateUnconditionally 208 -> 44
2019-10-21 04:40:20,765 [omNode-1@group-523986131536-SegmentedRaftLogWorker] INFO  segmented.SegmentedRaftLogWorker (SegmentedRaftLogWorker.java:execute(531)) - omNode-1@group-523986131536-SegmentedRaftLogWorker: Rolled log segment from /workdir/hadoop-ozone/integration-test/target/test-dir/MiniOzoneClusterImpl-908613f1-7148-4657-b39e-d6fc88855e70/omNode-1/ratis/c9bc4cf4-3bc3-3c60-a66b-523986131536/current/log_inprogress_139 to /workdir/hadoop-ozone/integration-test/target/test-dir/MiniOzoneClusterImpl-908613f1-7148-4657-b39e-d6fc88855e70/omNode-1/ratis/c9bc4cf4-3bc3-3c60-a66b-523986131536/current/log_139-206
2019-10-21 04:40:20,766 [omNode-3@group-523986131536-SegmentedRaftLogWorker] INFO  segmented.SegmentedRaftLogWorker (SegmentedRaftLogWorker.java:execute(531)) - omNode-3@group-523986131536-SegmentedRaftLogWorker: Rolled log segment from /workdir/hadoop-ozone/integration-test/target/test-dir/MiniOzoneClusterImpl-908613f1-7148-4657-b39e-d6fc88855e70/omNode-3/ratis/c9bc4cf4-3bc3-3c60-a66b-523986131536/current/log_inprogress_139 to /workdir/hadoop-ozone/integration-test/target/test-dir/MiniOzoneClusterImpl-908613f1-7148-4657-b39e-d6fc88855e70/omNode-3/ratis/c9bc4cf4-3bc3-3c60-a66b-523986131536/current/log_139-206
2019-10-21 04:40:20,768 [grpc-default-executor-10] WARN  server.GrpcLogAppender (LogUtils.java:warn(134)) - omNode-1@group-523986131536->omNode-2-AppendLogResponseHandler: Failed appendEntries: org.apache.ratis.thirdparty.io.grpc.StatusRuntimeException: UNAVAILABLE: io exception
2019-10-21 04:40:20,770 [grpc-default-executor-10] INFO  impl.FollowerInfo (FollowerInfo.java:lambda$new$0(51)) - omNode-1@group-523986131536->omNode-2: nextIndex: updateUnconditionally 208 -> 44
2019-10-21 04:40:20,851 [omNode-3@group-523986131536-SegmentedRaftLogWorker] INFO  segmented.SegmentedRaftLogWorker (SegmentedRaftLogWorker.java:execute(574)) - omNode-3@group-523986131536-SegmentedRaftLogWorker: created new log segment /workdir/hadoop-ozone/integration-test/target/test-dir/MiniOzoneClusterImpl-908613f1-7148-4657-b39e-d6fc88855e70/omNode-3/ratis/c9bc4cf4-3bc3-3c60-a66b-523986131536/current/log_inprogress_207
2019-10-21 04:40:20,851 [omNode-1@group-523986131536-SegmentedRaftLogWorker] INFO  segmented.SegmentedRaftLogWorker (SegmentedRaftLogWorker.java:execute(574)) - omNode-1@group-523986131536-SegmentedRaftLogWorker: created new log segment /workdir/hadoop-ozone/integration-test/target/test-dir/MiniOzoneClusterImpl-908613f1-7148-4657-b39e-d6fc88855e70/omNode-1/ratis/c9bc4cf4-3bc3-3c60-a66b-523986131536/current/log_inprogress_207
2019-10-21 04:40:20,866 [grpc-default-executor-13] WARN  server.GrpcLogAppender (LogUtils.java:warn(134)) - omNode-1@group-523986131536->omNode-2-AppendLogResponseHandler: Failed appendEntries: org.apache.ratis.thirdparty.io.grpc.StatusRuntimeException: UNAVAILABLE: io exception
2019-10-21 04:40:20,866 [grpc-default-executor-13] INFO  impl.FollowerInfo (FollowerInfo.java:lambda$new$0(51)) - omNode-1@group-523986131536->omNode-2: nextIndex: updateUnconditionally 209 -> 44
2019-10-21 04:40:20,870 [grpc-default-executor-13] WARN  server.GrpcLogAppender (LogUtils.java:warn(134)) - omNode-1@group-523986131536->omNode-2-AppendLogResponseHandler: Failed appendEntries: org.apache.ratis.thirdparty.io.grpc.StatusRuntimeException: UNAVAILABLE: io exception
2019-10-21 04:40:20,870 [grpc-default-executor-13] INFO  impl.FollowerInfo (FollowerInfo.java:lambda$new$0(51)) - omNode-1@group-523986131536->omNode-2: nextIndex: updateUnconditionally 210 -> 44
2019-10-21 04:40:20,877 [grpc-default-executor-11] WARN  server.GrpcLogAppender (LogUtils.java:warn(134)) - omNode-1@group-523986131536->omNode-2-AppendLogResponseHandler: Failed appendEntries: org.apache.ratis.thirdparty.io.grpc.StatusRuntimeException: UNAVAILABLE: io exception
2019-10-21 04:40:20,878 [grpc-default-executor-11] INFO  impl.FollowerInfo (FollowerInfo.java:lambda$new$0(51)) - omNode-1@group-523986131536->omNode-2: nextIndex: updateUnconditionally 210 -> 44
2019-10-21 04:40:20,880 [grpc-default-executor-13] WARN  server.GrpcLogAppender (LogUtils.java:warn(134)) - omNode-1@group-523986131536->omNode-2-AppendLogResponseHandler: Failed appendEntries: org.apache.ratis.thirdparty.io.grpc.StatusRuntimeException: UNAVAILABLE: io exception
2019-10-21 04:40:20,880 [grpc-default-executor-13] INFO  impl.FollowerInfo (FollowerInfo.java:lambda$new$0(51)) - omNode-1@group-523986131536->omNode-2: nextIndex: updateUnconditionally 211 -> 44
2019-10-21 04:40:20,886 [grpc-default-executor-13] WARN  server.GrpcLogAppender (LogUtils.java:warn(134)) - omNode-1@group-523986131536->omNode-2-AppendLogResponseHandler: Failed appendEntries: org.apache.ratis.thirdparty.io.grpc.StatusRuntimeException: UNAVAILABLE: io exception
2019-10-21 04:40:20,886 [grpc-default-executor-13] INFO  impl.FollowerInfo (FollowerInfo.java:lambda$new$0(51)) - omNode-1@group-523986131536->omNode-2: nextIndex: updateUnconditionally 212 -> 44
2019-10-21 04:40:20,891 [grpc-default-executor-11] WARN  server.GrpcLogAppender (LogUtils.java:warn(134)) - omNode-1@group-523986131536->omNode-2-AppendLogResponseHandler: Failed appendEntries: org.apache.ratis.thirdparty.io.grpc.StatusRuntimeException: UNAVAILABLE: io exception
2019-10-21 04:40:20,892 [grpc-default-executor-11] INFO  impl.FollowerInfo (FollowerInfo.java:lambda$new$0(51)) - omNode-1@group-523986131536->omNode-2: nextIndex: updateUnconditionally 212 -> 44
2019-10-21 04:40:20,894 [grpc-default-executor-11] WARN  server.GrpcLogAppender (LogUtils.java:warn(134)) - omNode-1@group-523986131536->omNode-2-AppendLogResponseHandler: Failed appendEntries: org.apache.ratis.thirdparty.io.grpc.StatusRuntimeException: UNAVAILABLE: io exception
2019-10-21 04:40:20,894 [grpc-default-executor-11] INFO  impl.FollowerInfo (FollowerInfo.java:lambda$new$0(51)) - omNode-1@group-523986131536->omNode-2: nextIndex: updateUnconditionally 213 -> 44
2019-10-21 04:40:20,897 [grpc-default-executor-10] WARN  server.GrpcLogAppender (LogUtils.java:warn(134)) - omNode-1@group-523986131536->omNode-2-AppendLogResponseHandler: Failed appendEntries: org.apache.ratis.thirdparty.io.grpc.StatusRuntimeException: UNAVAILABLE: io exception
2019-10-21 04:40:20,897 [grpc-default-executor-10] INFO  impl.FollowerInfo (FollowerInfo.java:lambda$new$0(51)) - omNode-1@group-523986131536->omNode-2: nextIndex: updateUnconditionally 214 -> 44
2019-10-21 04:40:20,905 [grpc-default-executor-13] WARN  server.GrpcLogAppender (LogUtils.java:warn(134)) - omNode-1@group-523986131536->omNode-2-AppendLogResponseHandler: Failed appendEntries: org.apache.ratis.thirdparty.io.grpc.StatusRuntimeException: UNAVAILABLE: io exception
2019-10-21 04:40:20,906 [grpc-default-executor-13] INFO  impl.FollowerInfo (FollowerInfo.java:lambda$new$0(51)) - omNode-1@group-523986131536->omNode-2: nextIndex: updateUnconditionally 214 -> 44
2019-10-21 04:40:20,907 [grpc-default-executor-11] WARN  server.GrpcLogAppender (LogUtils.java:warn(134)) - omNode-1@group-523986131536->omNode-2-AppendLogResponseHandler: Failed appendEntries: org.apache.ratis.thirdparty.io.grpc.StatusRuntimeException: UNAVAILABLE: io exception
2019-10-21 04:40:20,907 [grpc-default-executor-11] INFO  impl.FollowerInfo (FollowerInfo.java:lambda$new$0(51)) - omNode-1@group-523986131536->omNode-2: nextIndex: updateUnconditionally 215 -> 44
2019-10-21 04:40:20,917 [grpc-default-executor-10] WARN  server.GrpcLogAppender (LogUtils.java:warn(134)) - omNode-1@group-523986131536->omNode-2-AppendLogResponseHandler: Failed appendEntries: org.apache.ratis.thirdparty.io.grpc.StatusRuntimeException: UNAVAILABLE: io exception
2019-10-21 04:40:20,918 [grpc-default-executor-10] INFO  impl.FollowerInfo (FollowerInfo.java:lambda$new$0(51)) - omNode-1@group-523986131536->omNode-2: nextIndex: updateUnconditionally 216 -> 44
2019-10-21 04:40:20,921 [grpc-default-executor-11] WARN  server.GrpcLogAppender (LogUtils.java:warn(134)) - omNode-1@group-523986131536->omNode-2-AppendLogResponseHandler: Failed appendEntries: org.apache.ratis.thirdparty.io.grpc.StatusRuntimeException: UNAVAILABLE: io exception
2019-10-21 04:40:20,921 [grpc-default-executor-11] INFO  impl.FollowerInfo (FollowerInfo.java:lambda$new$0(51)) - omNode-1@group-523986131536->omNode-2: nextIndex: updateUnconditionally 216 -> 44
2019-10-21 04:40:20,924 [grpc-default-executor-13] WARN  server.GrpcLogAppender (LogUtils.java:warn(134)) - omNode-1@group-523986131536->omNode-2-AppendLogResponseHandler: Failed appendEntries: org.apache.ratis.thirdparty.io.grpc.StatusRuntimeException: UNAVAILABLE: io exception
2019-10-21 04:40:20,924 [grpc-default-executor-13] INFO  impl.FollowerInfo (FollowerInfo.java:lambda$new$0(51)) - omNode-1@group-523986131536->omNode-2: nextIndex: updateUnconditionally 218 -> 44
2019-10-21 04:40:20,937 [grpc-default-executor-13] WARN  server.GrpcLogAppender (LogUtils.java:warn(134)) - omNode-1@group-523986131536->omNode-2-AppendLogResponseHandler: Failed appendEntries: org.apache.ratis.thirdparty.io.grpc.StatusRuntimeException: UNAVAILABLE: io exception
2019-10-21 04:40:20,937 [grpc-default-executor-13] INFO  impl.FollowerInfo (FollowerInfo.java:lambda$new$0(51)) - omNode-1@group-523986131536->omNode-2: nextIndex: updateUnconditionally 218 -> 44
2019-10-21 04:40:20,981 [grpc-default-executor-10] WARN  server.GrpcLogAppender (LogUtils.java:warn(134)) - omNode-1@group-523986131536->omNode-2-AppendLogResponseHandler: Failed appendEntries: org.apache.ratis.thirdparty.io.grpc.StatusRuntimeException: UNAVAILABLE: io exception
2019-10-21 04:40:20,981 [grpc-default-executor-10] INFO  impl.FollowerInfo (FollowerInfo.java:lambda$new$0(51)) - omNode-1@group-523986131536->omNode-2: nextIndex: updateUnconditionally 219 -> 44
2019-10-21 04:40:20,987 [grpc-default-executor-10] WARN  server.GrpcLogAppender (LogUtils.java:warn(134)) - omNode-1@group-523986131536->omNode-2-AppendLogResponseHandler: Failed appendEntries: org.apache.ratis.thirdparty.io.grpc.StatusRuntimeException: UNAVAILABLE: io exception
2019-10-21 04:40:20,988 [grpc-default-executor-10] INFO  impl.FollowerInfo (FollowerInfo.java:lambda$new$0(51)) - omNode-1@group-523986131536->omNode-2: nextIndex: updateUnconditionally 220 -> 44
2019-10-21 04:40:21,004 [grpc-default-executor-11] WARN  server.GrpcLogAppender (LogUtils.java:warn(134)) - omNode-1@group-523986131536->omNode-2-AppendLogResponseHandler: Failed appendEntries: org.apache.ratis.thirdparty.io.grpc.StatusRuntimeException: UNAVAILABLE: io exception
2019-10-21 04:40:21,005 [grpc-default-executor-11] INFO  impl.FollowerInfo (FollowerInfo.java:lambda$new$0(51)) - omNode-1@group-523986131536->omNode-2: nextIndex: updateUnconditionally 220 -> 44
2019-10-21 04:40:21,008 [grpc-default-executor-10] WARN  server.GrpcLogAppender (LogUtils.java:warn(134)) - omNode-1@group-523986131536->omNode-2-AppendLogResponseHandler: Failed appendEntries: org.apache.ratis.thirdparty.io.grpc.StatusRuntimeException: UNAVAILABLE: io exception
2019-10-21 04:40:21,008 [grpc-default-executor-10] INFO  impl.FollowerInfo (FollowerInfo.java:lambda$new$0(51)) - omNode-1@group-523986131536->omNode-2: nextIndex: updateUnconditionally 222 -> 44
2019-10-21 04:40:21,019 [grpc-default-executor-10] WARN  server.GrpcLogAppender (LogUtils.java:warn(134)) - omNode-1@group-523986131536->omNode-2-AppendLogResponseHandler: Failed appendEntries: org.apache.ratis.thirdparty.io.grpc.StatusRuntimeException: UNAVAILABLE: io exception
2019-10-21 04:40:21,019 [grpc-default-executor-10] INFO  impl.FollowerInfo (FollowerInfo.java:lambda$new$0(51)) - omNode-1@group-523986131536->omNode-2: nextIndex: updateUnconditionally 222 -> 44
2019-10-21 04:40:21,029 [grpc-default-executor-11] WARN  server.GrpcLogAppender (LogUtils.java:warn(134)) - omNode-1@group-523986131536->omNode-2-AppendLogResponseHandler: Failed appendEntries: org.apache.ratis.thirdparty.io.grpc.StatusRuntimeException: UNAVAILABLE: io exception
2019-10-21 04:40:21,029 [grpc-default-executor-11] INFO  impl.FollowerInfo (FollowerInfo.java:lambda$new$0(51)) - omNode-1@group-523986131536->omNode-2: nextIndex: updateUnconditionally 224 -> 44
2019-10-21 04:40:21,049 [grpc-default-executor-11] WARN  server.GrpcLogAppender (LogUtils.java:warn(134)) - omNode-1@group-523986131536->omNode-2-AppendLogResponseHandler: Failed appendEntries: org.apache.ratis.thirdparty.io.grpc.StatusRuntimeException: UNAVAILABLE: io exception
2019-10-21 04:40:21,049 [grpc-default-executor-11] INFO  impl.FollowerInfo (FollowerInfo.java:lambda$new$0(51)) - omNode-1@group-523986131536->omNode-2: nextIndex: updateUnconditionally 224 -> 44
2019-10-21 04:40:21,052 [grpc-default-executor-13] WARN  server.GrpcLogAppender (LogUtils.java:warn(134)) - omNode-1@group-523986131536->omNode-2-AppendLogResponseHandler: Failed appendEntries: org.apache.ratis.thirdparty.io.grpc.StatusRuntimeException: UNAVAILABLE: io exception
2019-10-21 04:40:21,052 [grpc-default-executor-13] INFO  impl.FollowerInfo (FollowerInfo.java:lambda$new$0(51)) - omNode-1@group-523986131536->omNode-2: nextIndex: updateUnconditionally 226 -> 44
2019-10-21 04:40:21,082 [grpc-default-executor-10] WARN  server.GrpcLogAppender (LogUtils.java:warn(134)) - omNode-1@group-523986131536->omNode-2-AppendLogResponseHandler: Failed appendEntries: org.apache.ratis.thirdparty.io.grpc.StatusRuntimeException: UNAVAILABLE: io exception
2019-10-21 04:40:21,082 [grpc-default-executor-10] INFO  impl.FollowerInfo (FollowerInfo.java:lambda$new$0(51)) - omNode-1@group-523986131536->omNode-2: nextIndex: updateUnconditionally 226 -> 44
2019-10-21 04:40:21,091 [grpc-default-executor-11] WARN  server.GrpcLogAppender (LogUtils.java:warn(134)) - omNode-1@group-523986131536->omNode-2-AppendLogResponseHandler: Failed appendEntries: org.apache.ratis.thirdparty.io.grpc.StatusRuntimeException: UNAVAILABLE: io exception
2019-10-21 04:40:21,092 [grpc-default-executor-11] INFO  impl.FollowerInfo (FollowerInfo.java:lambda$new$0(51)) - omNode-1@group-523986131536->omNode-2: nextIndex: updateUnconditionally 228 -> 44
2019-10-21 04:40:21,095 [grpc-default-executor-13] WARN  server.GrpcLogAppender (LogUtils.java:warn(134)) - omNode-1@group-523986131536->omNode-2-AppendLogResponseHandler: Failed appendEntries: org.apache.ratis.thirdparty.io.grpc.StatusRuntimeException: UNAVAILABLE: io exception
2019-10-21 04:40:21,095 [grpc-default-executor-13] INFO  impl.FollowerInfo (FollowerInfo.java:lambda$new$0(51)) - omNode-1@group-523986131536->omNode-2: nextIndex: updateUnconditionally 228 -> 44
2019-10-21 04:40:21,098 [grpc-default-executor-10] WARN  server.GrpcLogAppender (LogUtils.java:warn(134)) - omNode-1@group-523986131536->omNode-2-AppendLogResponseHandler: Failed appendEntries: org.apache.ratis.thirdparty.io.grpc.StatusRuntimeException: UNAVAILABLE: io exception
2019-10-21 04:40:21,099 [grpc-default-executor-10] INFO  impl.FollowerInfo (FollowerInfo.java:lambda$new$0(51)) - omNode-1@group-523986131536->omNode-2: nextIndex: updateUnconditionally 230 -> 44
2019-10-21 04:40:21,109 [grpc-default-executor-11] WARN  server.GrpcLogAppender (LogUtils.java:warn(134)) - omNode-1@group-523986131536->omNode-2-AppendLogResponseHandler: Failed appendEntries: org.apache.ratis.thirdparty.io.grpc.StatusRuntimeException: UNAVAILABLE: io exception
2019-10-21 04:40:21,109 [grpc-default-executor-11] INFO  impl.FollowerInfo (FollowerInfo.java:lambda$new$0(51)) - omNode-1@group-523986131536->omNode-2: nextIndex: updateUnconditionally 230 -> 44
2019-10-21 04:40:21,116 [grpc-default-executor-13] WARN  server.GrpcLogAppender (LogUtils.java:warn(134)) - omNode-1@group-523986131536->omNode-2-AppendLogResponseHandler: Failed appendEntries: org.apache.ratis.thirdparty.io.grpc.StatusRuntimeException: UNAVAILABLE: io exception
2019-10-21 04:40:21,116 [grpc-default-executor-13] INFO  impl.FollowerInfo (FollowerInfo.java:lambda$new$0(51)) - omNode-1@group-523986131536->omNode-2: nextIndex: updateUnconditionally 232 -> 44
2019-10-21 04:40:21,131 [grpc-default-executor-10] WARN  server.GrpcLogAppender (LogUtils.java:warn(134)) - omNode-1@group-523986131536->omNode-2-AppendLogResponseHandler: Failed appendEntries: org.apache.ratis.thirdparty.io.grpc.StatusRuntimeException: UNAVAILABLE: io exception
2019-10-21 04:40:21,131 [grpc-default-executor-10] INFO  impl.FollowerInfo (FollowerInfo.java:lambda$new$0(51)) - omNode-1@group-523986131536->omNode-2: nextIndex: updateUnconditionally 232 -> 44
2019-10-21 04:40:21,132 [grpc-default-executor-10] WARN  server.GrpcLogAppender (LogUtils.java:warn(134)) - omNode-1@group-523986131536->omNode-2-AppendLogResponseHandler: Failed appendEntries: org.apache.ratis.thirdparty.io.grpc.StatusRuntimeException: UNAVAILABLE: io exception
2019-10-21 04:40:21,133 [grpc-default-executor-10] INFO  impl.FollowerInfo (FollowerInfo.java:lambda$new$0(51)) - omNode-1@group-523986131536->omNode-2: nextIndex: updateUnconditionally 233 -> 44
2019-10-21 04:40:21,135 [grpc-default-executor-10] WARN  server.GrpcLogAppender (LogUtils.java:warn(134)) - omNode-1@group-523986131536->omNode-2-AppendLogResponseHandler: Failed appendEntries: org.apache.ratis.thirdparty.io.grpc.StatusRuntimeException: UNAVAILABLE: io exception
2019-10-21 04:40:21,135 [grpc-default-executor-10] INFO  impl.FollowerInfo (FollowerInfo.java:lambda$new$0(51)) - omNode-1@group-523986131536->omNode-2: nextIndex: updateUnconditionally 234 -> 44
2019-10-21 04:40:21,217 [grpc-default-executor-10] WARN  server.GrpcLogAppender (LogUtils.java:warn(134)) - omNode-1@group-523986131536->omNode-2-AppendLogResponseHandler: Failed appendEntries: org.apache.ratis.thirdparty.io.grpc.StatusRuntimeException: UNAVAILABLE: io exception
2019-10-21 04:40:21,217 [grpc-default-executor-10] INFO  impl.FollowerInfo (FollowerInfo.java:lambda$new$0(51)) - omNode-1@group-523986131536->omNode-2: nextIndex: updateUnconditionally 234 -> 44
2019-10-21 04:40:21,244 [grpc-default-executor-11] WARN  server.GrpcLogAppender (LogUtils.java:warn(134)) - omNode-1@group-523986131536->omNode-2-AppendLogResponseHandler: Failed appendEntries: org.apache.ratis.thirdparty.io.grpc.StatusRuntimeException: UNAVAILABLE: io exception
2019-10-21 04:40:21,244 [grpc-default-executor-11] INFO  impl.FollowerInfo (FollowerInfo.java:lambda$new$0(51)) - omNode-1@group-523986131536->omNode-2: nextIndex: updateUnconditionally 235 -> 44
2019-10-21 04:40:21,248 [grpc-default-executor-12] WARN  server.GrpcLogAppender (LogUtils.java:warn(134)) - omNode-1@group-523986131536->omNode-2-AppendLogResponseHandler: Failed appendEntries: org.apache.ratis.thirdparty.io.grpc.StatusRuntimeException: UNAVAILABLE: io exception
2019-10-21 04:40:21,248 [grpc-default-executor-12] INFO  impl.FollowerInfo (FollowerInfo.java:lambda$new$0(51)) - omNode-1@group-523986131536->omNode-2: nextIndex: updateUnconditionally 235 -> 44
2019-10-21 04:40:21,255 [grpc-default-executor-11] WARN  server.GrpcLogAppender (LogUtils.java:warn(134)) - omNode-1@group-523986131536->omNode-2-AppendLogResponseHandler: Failed appendEntries: org.apache.ratis.thirdparty.io.grpc.StatusRuntimeException: UNAVAILABLE: io exception
2019-10-21 04:40:21,255 [grpc-default-executor-11] INFO  impl.FollowerInfo (FollowerInfo.java:lambda$new$0(51)) - omNode-1@group-523986131536->omNode-2: nextIndex: updateUnconditionally 236 -> 44
2019-10-21 04:40:21,260 [grpc-default-executor-11] WARN  server.GrpcLogAppender (LogUtils.java:warn(134)) - omNode-1@group-523986131536->omNode-2-AppendLogResponseHandler: Failed appendEntries: org.apache.ratis.thirdparty.io.grpc.StatusRuntimeException: UNAVAILABLE: io exception
2019-10-21 04:40:21,260 [grpc-default-executor-11] INFO  impl.FollowerInfo (FollowerInfo.java:lambda$new$0(51)) - omNode-1@group-523986131536->omNode-2: nextIndex: updateUnconditionally 237 -> 44
2019-10-21 04:40:21,263 [grpc-default-executor-11] WARN  server.GrpcLogAppender (LogUtils.java:warn(134)) - omNode-1@group-523986131536->omNode-2-AppendLogResponseHandler: Failed appendEntries: org.apache.ratis.thirdparty.io.grpc.StatusRuntimeException: UNAVAILABLE: io exception
2019-10-21 04:40:21,263 [grpc-default-executor-11] INFO  impl.FollowerInfo (FollowerInfo.java:lambda$new$0(51)) - omNode-1@group-523986131536->omNode-2: nextIndex: updateUnconditionally 237 -> 44
2019-10-21 04:40:21,275 [grpc-default-executor-11] WARN  server.GrpcLogAppender (LogUtils.java:warn(134)) - omNode-1@group-523986131536->omNode-2-AppendLogResponseHandler: Failed appendEntries: org.apache.ratis.thirdparty.io.grpc.StatusRuntimeException: UNAVAILABLE: io exception
2019-10-21 04:40:21,275 [grpc-default-executor-11] INFO  impl.FollowerInfo (FollowerInfo.java:lambda$new$0(51)) - omNode-1@group-523986131536->omNode-2: nextIndex: updateUnconditionally 239 -> 44
2019-10-21 04:40:21,285 [grpc-default-executor-13] WARN  server.GrpcLogAppender (LogUtils.java:warn(134)) - omNode-1@group-523986131536->omNode-2-AppendLogResponseHandler: Failed appendEntries: org.apache.ratis.thirdparty.io.grpc.StatusRuntimeException: UNAVAILABLE: io exception
2019-10-21 04:40:21,286 [grpc-default-executor-13] INFO  impl.FollowerInfo (FollowerInfo.java:lambda$new$0(51)) - omNode-1@group-523986131536->omNode-2: nextIndex: updateUnconditionally 240 -> 44
2019-10-21 04:40:21,287 [grpc-default-executor-11] WARN  server.GrpcLogAppender (LogUtils.java:warn(134)) - omNode-1@group-523986131536->omNode-2-AppendLogResponseHandler: Failed appendEntries: org.apache.ratis.thirdparty.io.grpc.StatusRuntimeException: UNAVAILABLE: io exception
2019-10-21 04:40:21,287 [grpc-default-executor-11] INFO  impl.FollowerInfo (FollowerInfo.java:lambda$new$0(51)) - omNode-1@group-523986131536->omNode-2: nextIndex: updateUnconditionally 240 -> 44
2019-10-21 04:40:21,288 [grpc-default-executor-12] WARN  server.GrpcLogAppender (LogUtils.java:warn(134)) - omNode-1@group-523986131536->omNode-2-AppendLogResponseHandler: Failed appendEntries: org.apache.ratis.thirdparty.io.grpc.StatusRuntimeException: UNAVAILABLE: io exception
2019-10-21 04:40:21,288 [grpc-default-executor-12] INFO  impl.FollowerInfo (FollowerInfo.java:lambda$new$0(51)) - omNode-1@group-523986131536->omNode-2: nextIndex: updateUnconditionally 241 -> 44
2019-10-21 04:40:21,291 [grpc-default-executor-13] WARN  server.GrpcLogAppender (LogUtils.java:warn(134)) - omNode-1@group-523986131536->omNode-2-AppendLogResponseHandler: Failed appendEntries: org.apache.ratis.thirdparty.io.grpc.StatusRuntimeException: UNAVAILABLE: io exception
2019-10-21 04:40:21,291 [grpc-default-executor-13] INFO  impl.FollowerInfo (FollowerInfo.java:lambda$new$0(51)) - omNode-1@group-523986131536->omNode-2: nextIndex: updateUnconditionally 242 -> 44
2019-10-21 04:40:21,295 [grpc-default-executor-12] WARN  server.GrpcLogAppender (LogUtils.java:warn(134)) - omNode-1@group-523986131536->omNode-2-AppendLogResponseHandler: Failed appendEntries: org.apache.ratis.thirdparty.io.grpc.StatusRuntimeException: UNAVAILABLE: io exception
2019-10-21 04:40:21,295 [grpc-default-executor-12] INFO  impl.FollowerInfo (FollowerInfo.java:lambda$new$0(51)) - omNode-1@group-523986131536->omNode-2: nextIndex: updateUnconditionally 242 -> 44
2019-10-21 04:40:21,297 [grpc-default-executor-11] WARN  server.GrpcLogAppender (LogUtils.java:warn(134)) - omNode-1@group-523986131536->omNode-2-AppendLogResponseHandler: Failed appendEntries: org.apache.ratis.thirdparty.io.grpc.StatusRuntimeException: UNAVAILABLE: io exception
2019-10-21 04:40:21,298 [grpc-default-executor-11] INFO  impl.FollowerInfo (FollowerInfo.java:lambda$new$0(51)) - omNode-1@group-523986131536->omNode-2: nextIndex: updateUnconditionally 243 -> 44
2019-10-21 04:40:21,303 [grpc-default-executor-13] WARN  server.GrpcLogAppender (LogUtils.java:warn(134)) - omNode-1@group-523986131536->omNode-2-AppendLogResponseHandler: Failed appendEntries: org.apache.ratis.thirdparty.io.grpc.StatusRuntimeException: UNAVAILABLE: io exception
2019-10-21 04:40:21,304 [grpc-default-executor-13] INFO  impl.FollowerInfo (FollowerInfo.java:lambda$new$0(51)) - omNode-1@group-523986131536->omNode-2: nextIndex: updateUnconditionally 244 -> 44
2019-10-21 04:40:21,319 [grpc-default-executor-11] WARN  server.GrpcLogAppender (LogUtils.java:warn(134)) - omNode-1@group-523986131536->omNode-2-AppendLogResponseHandler: Failed appendEntries: org.apache.ratis.thirdparty.io.grpc.StatusRuntimeException: UNAVAILABLE: io exception
2019-10-21 04:40:21,320 [grpc-default-executor-11] INFO  impl.FollowerInfo (FollowerInfo.java:lambda$new$0(51)) - omNode-1@group-523986131536->omNode-2: nextIndex: updateUnconditionally 244 -> 44
2019-10-21 04:40:21,323 [grpc-default-executor-12] WARN  server.GrpcLogAppender (LogUtils.java:warn(134)) - omNode-1@group-523986131536->omNode-2-AppendLogResponseHandler: Failed appendEntries: org.apache.ratis.thirdparty.io.grpc.StatusRuntimeException: UNAVAILABLE: io exception
2019-10-21 04:40:21,323 [grpc-default-executor-12] INFO  impl.FollowerInfo (FollowerInfo.java:lambda$new$0(51)) - omNode-1@group-523986131536->omNode-2: nextIndex: updateUnconditionally 246 -> 44
2019-10-21 04:40:21,356 [grpc-default-executor-13] WARN  server.GrpcLogAppender (LogUtils.java:warn(134)) - omNode-1@group-523986131536->omNode-2-AppendLogResponseHandler: Failed appendEntries: org.apache.ratis.thirdparty.io.grpc.StatusRuntimeException: UNAVAILABLE: io exception
2019-10-21 04:40:21,356 [grpc-default-executor-13] INFO  impl.FollowerInfo (FollowerInfo.java:lambda$new$0(51)) - omNode-1@group-523986131536->omNode-2: nextIndex: updateUnconditionally 246 -> 44
2019-10-21 04:40:21,365 [grpc-default-executor-13] WARN  server.GrpcLogAppender (LogUtils.java:warn(134)) - omNode-1@group-523986131536->omNode-2-AppendLogResponseHandler: Failed appendEntries: org.apache.ratis.thirdparty.io.grpc.StatusRuntimeException: UNAVAILABLE: io exception
2019-10-21 04:40:21,365 [grpc-default-executor-13] INFO  impl.FollowerInfo (FollowerInfo.java:lambda$new$0(51)) - omNode-1@group-523986131536->omNode-2: nextIndex: updateUnconditionally 248 -> 44
2019-10-21 04:40:21,368 [grpc-default-executor-11] WARN  server.GrpcLogAppender (LogUtils.java:warn(134)) - omNode-1@group-523986131536->omNode-2-AppendLogResponseHandler: Failed appendEntries: org.apache.ratis.thirdparty.io.grpc.StatusRuntimeException: UNAVAILABLE: io exception
2019-10-21 04:40:21,368 [grpc-default-executor-11] INFO  impl.FollowerInfo (FollowerInfo.java:lambda$new$0(51)) - omNode-1@group-523986131536->omNode-2: nextIndex: updateUnconditionally 248 -> 44
2019-10-21 04:40:21,370 [grpc-default-executor-12] WARN  server.GrpcLogAppender (LogUtils.java:warn(134)) - omNode-1@group-523986131536->omNode-2-AppendLogResponseHandler: Failed appendEntries: org.apache.ratis.thirdparty.io.grpc.StatusRuntimeException: UNAVAILABLE: io exception
2019-10-21 04:40:21,370 [grpc-default-executor-12] INFO  impl.FollowerInfo (FollowerInfo.java:lambda$new$0(51)) - omNode-1@group-523986131536->omNode-2: nextIndex: updateUnconditionally 249 -> 44
2019-10-21 04:40:21,372 [grpc-default-executor-13] WARN  server.GrpcLogAppender (LogUtils.java:warn(134)) - omNode-1@group-523986131536->omNode-2-AppendLogResponseHandler: Failed appendEntries: org.apache.ratis.thirdparty.io.grpc.StatusRuntimeException: UNAVAILABLE: io exception
2019-10-21 04:40:21,372 [grpc-default-executor-13] INFO  impl.FollowerInfo (FollowerInfo.java:lambda$new$0(51)) - omNode-1@group-523986131536->omNode-2: nextIndex: updateUnconditionally 250 -> 44
2019-10-21 04:40:21,382 [grpc-default-executor-13] WARN  server.GrpcLogAppender (LogUtils.java:warn(134)) - omNode-1@group-523986131536->omNode-2-AppendLogResponseHandler: Failed appendEntries: org.apache.ratis.thirdparty.io.grpc.StatusRuntimeException: UNAVAILABLE: io exception
2019-10-21 04:40:21,382 [grpc-default-executor-13] INFO  impl.FollowerInfo (FollowerInfo.java:lambda$new$0(51)) - omNode-1@group-523986131536->omNode-2: nextIndex: updateUnconditionally 250 -> 44
2019-10-21 04:40:21,382 [omNode-1@group-523986131536-StateMachineUpdater] INFO  ratis.OzoneManagerStateMachine (OzoneManagerStateMachine.java:takeSnapshot(254)) - Saving Ratis snapshot on the OM.
2019-10-21 04:40:21,383 [omNode-1@group-523986131536-StateMachineUpdater] INFO  ratis.OMRatisSnapshotInfo (OMRatisSnapshotInfo.java:saveRatisSnapshotToDisk(107)) - Saved Ratis Snapshot on the OM with snapshotIndex 249
2019-10-21 04:40:21,383 [omNode-1@group-523986131536-StateMachineUpdater] INFO  impl.StateMachineUpdater (StateMachineUpdater.java:takeSnapshot(269)) - omNode-1@group-523986131536-StateMachineUpdater: Took a snapshot at index 249
2019-10-21 04:40:21,383 [grpc-default-executor-13] WARN  server.GrpcLogAppender (LogUtils.java:warn(134)) - omNode-1@group-523986131536->omNode-2-AppendLogResponseHandler: Failed appendEntries: org.apache.ratis.thirdparty.io.grpc.StatusRuntimeException: UNAVAILABLE: io exception
2019-10-21 04:40:21,383 [omNode-1@group-523986131536-StateMachineUpdater] INFO  impl.StateMachineUpdater (StateMachineUpdater.java:lambda$new$0(84)) - omNode-1@group-523986131536-StateMachineUpdater: snapshotIndex: updateIncreasingly 199 -> 249
2019-10-21 04:40:21,383 [grpc-default-executor-13] INFO  impl.FollowerInfo (FollowerInfo.java:lambda$new$0(51)) - omNode-1@group-523986131536->omNode-2: nextIndex: updateUnconditionally 251 -> 44
2019-10-21 04:40:21,389 [grpc-default-executor-12] WARN  server.GrpcLogAppender (LogUtils.java:warn(134)) - omNode-1@group-523986131536->omNode-2-AppendLogResponseHandler: Failed appendEntries: org.apache.ratis.thirdparty.io.grpc.StatusRuntimeException: UNAVAILABLE: io exception
2019-10-21 04:40:21,389 [grpc-default-executor-12] INFO  impl.FollowerInfo (FollowerInfo.java:lambda$new$0(51)) - omNode-1@group-523986131536->omNode-2: nextIndex: updateUnconditionally 252 -> 44
2019-10-21 04:40:21,394 [omNode-3@group-523986131536-StateMachineUpdater] INFO  ratis.OzoneManagerStateMachine (OzoneManagerStateMachine.java:takeSnapshot(254)) - Saving Ratis snapshot on the OM.
2019-10-21 04:40:21,395 [omNode-3@group-523986131536-StateMachineUpdater] INFO  ratis.OMRatisSnapshotInfo (OMRatisSnapshotInfo.java:saveRatisSnapshotToDisk(107)) - Saved Ratis Snapshot on the OM with snapshotIndex 249
2019-10-21 04:40:21,395 [omNode-3@group-523986131536-StateMachineUpdater] INFO  impl.StateMachineUpdater (StateMachineUpdater.java:takeSnapshot(269)) - omNode-3@group-523986131536-StateMachineUpdater: Took a snapshot at index 249
2019-10-21 04:40:21,395 [omNode-3@group-523986131536-StateMachineUpdater] INFO  impl.StateMachineUpdater (StateMachineUpdater.java:lambda$new$0(84)) - omNode-3@group-523986131536-StateMachineUpdater: snapshotIndex: updateIncreasingly 199 -> 249
2019-10-21 04:40:21,395 [grpc-default-executor-12] WARN  server.GrpcLogAppender (LogUtils.java:warn(134)) - omNode-1@group-523986131536->omNode-2-AppendLogResponseHandler: Failed appendEntries: org.apache.ratis.thirdparty.io.grpc.StatusRuntimeException: UNAVAILABLE: io exception
2019-10-21 04:40:21,396 [grpc-default-executor-12] INFO  impl.FollowerInfo (FollowerInfo.java:lambda$new$0(51)) - omNode-1@group-523986131536->omNode-2: nextIndex: updateUnconditionally 252 -> 44
2019-10-21 04:40:21,397 [grpc-default-executor-13] WARN  server.GrpcLogAppender (LogUtils.java:warn(134)) - omNode-1@group-523986131536->omNode-2-AppendLogResponseHandler: Failed appendEntries: org.apache.ratis.thirdparty.io.grpc.StatusRuntimeException: UNAVAILABLE: io exception
2019-10-21 04:40:21,397 [grpc-default-executor-13] INFO  impl.FollowerInfo (FollowerInfo.java:lambda$new$0(51)) - omNode-1@group-523986131536->omNode-2: nextIndex: updateUnconditionally 253 -> 44
2019-10-21 04:40:21,399 [grpc-default-executor-11] WARN  server.GrpcLogAppender (LogUtils.java:warn(134)) - omNode-1@group-523986131536->omNode-2-AppendLogResponseHandler: Failed appendEntries: org.apache.ratis.thirdparty.io.grpc.StatusRuntimeException: UNAVAILABLE: io exception
2019-10-21 04:40:21,399 [grpc-default-executor-11] INFO  impl.FollowerInfo (FollowerInfo.java:lambda$new$0(51)) - omNode-1@group-523986131536->omNode-2: nextIndex: updateUnconditionally 253 -> 44
2019-10-21 04:40:21,421 [grpc-default-executor-12] WARN  server.GrpcLogAppender (LogUtils.java:warn(134)) - omNode-1@group-523986131536->omNode-2-AppendLogResponseHandler: Failed appendEntries: org.apache.ratis.thirdparty.io.grpc.StatusRuntimeException: UNAVAILABLE: io exception
2019-10-21 04:40:21,421 [grpc-default-executor-12] INFO  impl.FollowerInfo (FollowerInfo.java:lambda$new$0(51)) - omNode-1@group-523986131536->omNode-2: nextIndex: updateUnconditionally 255 -> 44
2019-10-21 04:40:21,428 [grpc-default-executor-13] WARN  server.GrpcLogAppender (LogUtils.java:warn(134)) - omNode-1@group-523986131536->omNode-2-AppendLogResponseHandler: Failed appendEntries: org.apache.ratis.thirdparty.io.grpc.StatusRuntimeException: UNAVAILABLE: io exception
2019-10-21 04:40:21,428 [grpc-default-executor-13] INFO  impl.FollowerInfo (FollowerInfo.java:lambda$new$0(51)) - omNode-1@group-523986131536->omNode-2: nextIndex: updateUnconditionally 256 -> 44
2019-10-21 04:40:21,434 [grpc-default-executor-12] WARN  server.GrpcLogAppender (LogUtils.java:warn(134)) - omNode-1@group-523986131536->omNode-2-AppendLogResponseHandler: Failed appendEntries: org.apache.ratis.thirdparty.io.grpc.StatusRuntimeException: UNAVAILABLE: io exception
2019-10-21 04:40:21,434 [grpc-default-executor-12] INFO  impl.FollowerInfo (FollowerInfo.java:lambda$new$0(51)) - omNode-1@group-523986131536->omNode-2: nextIndex: updateUnconditionally 256 -> 44
2019-10-21 04:40:21,464 [grpc-default-executor-13] WARN  server.GrpcLogAppender (LogUtils.java:warn(134)) - omNode-1@group-523986131536->omNode-2-AppendLogResponseHandler: Failed appendEntries: org.apache.ratis.thirdparty.io.grpc.StatusRuntimeException: UNAVAILABLE: io exception
2019-10-21 04:40:21,464 [grpc-default-executor-13] INFO  impl.FollowerInfo (FollowerInfo.java:lambda$new$0(51)) - omNode-1@group-523986131536->omNode-2: nextIndex: updateUnconditionally 257 -> 44
2019-10-21 04:40:21,467 [grpc-default-executor-11] WARN  server.GrpcLogAppender (LogUtils.java:warn(134)) - omNode-1@group-523986131536->omNode-2-AppendLogResponseHandler: Failed appendEntries: org.apache.ratis.thirdparty.io.grpc.StatusRuntimeException: UNAVAILABLE: io exception
2019-10-21 04:40:21,467 [grpc-default-executor-11] INFO  impl.FollowerInfo (FollowerInfo.java:lambda$new$0(51)) - omNode-1@group-523986131536->omNode-2: nextIndex: updateUnconditionally 258 -> 44
2019-10-21 04:40:21,486 [grpc-default-executor-13] WARN  server.GrpcLogAppender (LogUtils.java:warn(134)) - omNode-1@group-523986131536->omNode-2-AppendLogResponseHandler: Failed appendEntries: org.apache.ratis.thirdparty.io.grpc.StatusRuntimeException: UNAVAILABLE: io exception
2019-10-21 04:40:21,486 [grpc-default-executor-13] INFO  impl.FollowerInfo (FollowerInfo.java:lambda$new$0(51)) - omNode-1@group-523986131536->omNode-2: nextIndex: updateUnconditionally 258 -> 44
2019-10-21 04:40:21,487 [grpc-default-executor-11] WARN  server.GrpcLogAppender (LogUtils.java:warn(134)) - omNode-1@group-523986131536->omNode-2-AppendLogResponseHandler: Failed appendEntries: org.apache.ratis.thirdparty.io.grpc.StatusRuntimeException: UNAVAILABLE: io exception
2019-10-21 04:40:21,487 [grpc-default-executor-11] INFO  impl.FollowerInfo (FollowerInfo.java:lambda$new$0(51)) - omNode-1@group-523986131536->omNode-2: nextIndex: updateUnconditionally 259 -> 44
2019-10-21 04:40:21,496 [grpc-default-executor-13] WARN  server.GrpcLogAppender (LogUtils.java:warn(134)) - omNode-1@group-523986131536->omNode-2-AppendLogResponseHandler: Failed appendEntries: org.apache.ratis.thirdparty.io.grpc.StatusRuntimeException: UNAVAILABLE: io exception
2019-10-21 04:40:21,497 [grpc-default-executor-13] INFO  impl.FollowerInfo (FollowerInfo.java:lambda$new$0(51)) - omNode-1@group-523986131536->omNode-2: nextIndex: updateUnconditionally 260 -> 44
2019-10-21 04:40:21,499 [grpc-default-executor-12] WARN  server.GrpcLogAppender (LogUtils.java:warn(134)) - omNode-1@group-523986131536->omNode-2-AppendLogResponseHandler: Failed appendEntries: org.apache.ratis.thirdparty.io.grpc.StatusRuntimeException: UNAVAILABLE: io exception
2019-10-21 04:40:21,499 [grpc-default-executor-12] INFO  impl.FollowerInfo (FollowerInfo.java:lambda$new$0(51)) - omNode-1@group-523986131536->omNode-2: nextIndex: updateUnconditionally 260 -> 44
2019-10-21 04:40:21,502 [grpc-default-executor-11] WARN  server.GrpcLogAppender (LogUtils.java:warn(134)) - omNode-1@group-523986131536->omNode-2-AppendLogResponseHandler: Failed appendEntries: org.apache.ratis.thirdparty.io.grpc.StatusRuntimeException: UNAVAILABLE: io exception
2019-10-21 04:40:21,503 [grpc-default-executor-11] INFO  impl.FollowerInfo (FollowerInfo.java:lambda$new$0(51)) - omNode-1@group-523986131536->omNode-2: nextIndex: updateUnconditionally 262 -> 44
2019-10-21 04:40:21,512 [grpc-default-executor-12] WARN  server.GrpcLogAppender (LogUtils.java:warn(134)) - omNode-1@group-523986131536->omNode-2-AppendLogResponseHandler: Failed appendEntries: org.apache.ratis.thirdparty.io.grpc.StatusRuntimeException: UNAVAILABLE: io exception
2019-10-21 04:40:21,512 [grpc-default-executor-12] INFO  impl.FollowerInfo (FollowerInfo.java:lambda$new$0(51)) - omNode-1@group-523986131536->omNode-2: nextIndex: updateUnconditionally 262 -> 44
2019-10-21 04:40:21,514 [grpc-default-executor-13] WARN  server.GrpcLogAppender (LogUtils.java:warn(134)) - omNode-1@group-523986131536->omNode-2-AppendLogResponseHandler: Failed appendEntries: org.apache.ratis.thirdparty.io.grpc.StatusRuntimeException: UNAVAILABLE: io exception
2019-10-21 04:40:21,514 [grpc-default-executor-13] INFO  impl.FollowerInfo (FollowerInfo.java:lambda$new$0(51)) - omNode-1@group-523986131536->omNode-2: nextIndex: updateUnconditionally 263 -> 44
2019-10-21 04:40:21,525 [grpc-default-executor-10] WARN  server.GrpcLogAppender (LogUtils.java:warn(134)) - omNode-1@group-523986131536->omNode-2-AppendLogResponseHandler: Failed appendEntries: org.apache.ratis.thirdparty.io.grpc.StatusRuntimeException: UNAVAILABLE: io exception
2019-10-21 04:40:21,526 [grpc-default-executor-10] INFO  impl.FollowerInfo (FollowerInfo.java:lambda$new$0(51)) - omNode-1@group-523986131536->omNode-2: nextIndex: updateUnconditionally 264 -> 44
2019-10-21 04:40:21,527 [grpc-default-executor-13] WARN  server.GrpcLogAppender (LogUtils.java:warn(134)) - omNode-1@group-523986131536->omNode-2-AppendLogResponseHandler: Failed appendEntries: org.apache.ratis.thirdparty.io.grpc.StatusRuntimeException: UNAVAILABLE: io exception
2019-10-21 04:40:21,528 [grpc-default-executor-13] INFO  impl.FollowerInfo (FollowerInfo.java:lambda$new$0(51)) - omNode-1@group-523986131536->omNode-2: nextIndex: updateUnconditionally 265 -> 44
2019-10-21 04:40:21,531 [grpc-default-executor-11] WARN  server.GrpcLogAppender (LogUtils.java:warn(134)) - omNode-1@group-523986131536->omNode-2-AppendLogResponseHandler: Failed appendEntries: org.apache.ratis.thirdparty.io.grpc.StatusRuntimeException: UNAVAILABLE: io exception
2019-10-21 04:40:21,531 [grpc-default-executor-11] INFO  impl.FollowerInfo (FollowerInfo.java:lambda$new$0(51)) - omNode-1@group-523986131536->omNode-2: nextIndex: updateUnconditionally 266 -> 44
2019-10-21 04:40:21,542 [grpc-default-executor-12] WARN  server.GrpcLogAppender (LogUtils.java:warn(134)) - omNode-1@group-523986131536->omNode-2-AppendLogResponseHandler: Failed appendEntries: org.apache.ratis.thirdparty.io.grpc.StatusRuntimeException: UNAVAILABLE: io exception
2019-10-21 04:40:21,542 [grpc-default-executor-12] INFO  impl.FollowerInfo (FollowerInfo.java:lambda$new$0(51)) - omNode-1@group-523986131536->omNode-2: nextIndex: updateUnconditionally 266 -> 44
2019-10-21 04:40:21,552 [grpc-default-executor-11] WARN  server.GrpcLogAppender (LogUtils.java:warn(134)) - omNode-1@group-523986131536->omNode-2-AppendLogResponseHandler: Failed appendEntries: org.apache.ratis.thirdparty.io.grpc.StatusRuntimeException: UNAVAILABLE: io exception
2019-10-21 04:40:21,552 [grpc-default-executor-11] INFO  impl.FollowerInfo (FollowerInfo.java:lambda$new$0(51)) - omNode-1@group-523986131536->omNode-2: nextIndex: updateUnconditionally 267 -> 44
2019-10-21 04:40:21,555 [grpc-default-executor-12] WARN  server.GrpcLogAppender (LogUtils.java:warn(134)) - omNode-1@group-523986131536->omNode-2-AppendLogResponseHandler: Failed appendEntries: org.apache.ratis.thirdparty.io.grpc.StatusRuntimeException: UNAVAILABLE: io exception
2019-10-21 04:40:21,555 [grpc-default-executor-12] INFO  impl.FollowerInfo (FollowerInfo.java:lambda$new$0(51)) - omNode-1@group-523986131536->omNode-2: nextIndex: updateUnconditionally 268 -> 44
2019-10-21 04:40:21,560 [grpc-default-executor-12] WARN  server.GrpcLogAppender (LogUtils.java:warn(134)) - omNode-1@group-523986131536->omNode-2-AppendLogResponseHandler: Failed appendEntries: org.apache.ratis.thirdparty.io.grpc.StatusRuntimeException: UNAVAILABLE: io exception
2019-10-21 04:40:21,561 [grpc-default-executor-12] INFO  impl.FollowerInfo (FollowerInfo.java:lambda$new$0(51)) - omNode-1@group-523986131536->omNode-2: nextIndex: updateUnconditionally 269 -> 44
2019-10-21 04:40:21,564 [grpc-default-executor-13] WARN  server.GrpcLogAppender (LogUtils.java:warn(134)) - omNode-1@group-523986131536->omNode-2-AppendLogResponseHandler: Failed appendEntries: org.apache.ratis.thirdparty.io.grpc.StatusRuntimeException: UNAVAILABLE: io exception
2019-10-21 04:40:21,564 [grpc-default-executor-13] INFO  impl.FollowerInfo (FollowerInfo.java:lambda$new$0(51)) - omNode-1@group-523986131536->omNode-2: nextIndex: updateUnconditionally 270 -> 44
2019-10-21 04:40:21,573 [grpc-default-executor-12] WARN  server.GrpcLogAppender (LogUtils.java:warn(134)) - omNode-1@group-523986131536->omNode-2-AppendLogResponseHandler: Failed appendEntries: org.apache.ratis.thirdparty.io.grpc.StatusRuntimeException: UNAVAILABLE: io exception
2019-10-21 04:40:21,573 [grpc-default-executor-12] INFO  impl.FollowerInfo (FollowerInfo.java:lambda$new$0(51)) - omNode-1@group-523986131536->omNode-2: nextIndex: updateUnconditionally 270 -> 44
2019-10-21 04:40:21,574 [grpc-default-executor-11] WARN  server.GrpcLogAppender (LogUtils.java:warn(134)) - omNode-1@group-523986131536->omNode-2-AppendLogResponseHandler: Failed appendEntries: org.apache.ratis.thirdparty.io.grpc.StatusRuntimeException: UNAVAILABLE: io exception
2019-10-21 04:40:21,574 [grpc-default-executor-11] INFO  impl.FollowerInfo (FollowerInfo.java:lambda$new$0(51)) - omNode-1@group-523986131536->omNode-2: nextIndex: updateUnconditionally 271 -> 44
2019-10-21 04:40:21,581 [grpc-default-executor-13] WARN  server.GrpcLogAppender (LogUtils.java:warn(134)) - omNode-1@group-523986131536->omNode-2-AppendLogResponseHandler: Failed appendEntries: org.apache.ratis.thirdparty.io.grpc.StatusRuntimeException: UNAVAILABLE: io exception
2019-10-21 04:40:21,581 [grpc-default-executor-13] INFO  impl.FollowerInfo (FollowerInfo.java:lambda$new$0(51)) - omNode-1@group-523986131536->omNode-2: nextIndex: updateUnconditionally 272 -> 44
2019-10-21 04:40:21,596 [grpc-default-executor-11] WARN  server.GrpcLogAppender (LogUtils.java:warn(134)) - omNode-1@group-523986131536->omNode-2-AppendLogResponseHandler: Failed appendEntries: org.apache.ratis.thirdparty.io.grpc.StatusRuntimeException: UNAVAILABLE: io exception
2019-10-21 04:40:21,596 [grpc-default-executor-11] INFO  impl.FollowerInfo (FollowerInfo.java:lambda$new$0(51)) - omNode-1@group-523986131536->omNode-2: nextIndex: updateUnconditionally 272 -> 44
2019-10-21 04:40:21,598 [grpc-default-executor-12] WARN  server.GrpcLogAppender (LogUtils.java:warn(134)) - omNode-1@group-523986131536->omNode-2-AppendLogResponseHandler: Failed appendEntries: org.apache.ratis.thirdparty.io.grpc.StatusRuntimeException: UNAVAILABLE: io exception
2019-10-21 04:40:21,598 [grpc-default-executor-12] INFO  impl.FollowerInfo (FollowerInfo.java:lambda$new$0(51)) - omNode-1@group-523986131536->omNode-2: nextIndex: updateUnconditionally 273 -> 44
2019-10-21 04:40:21,600 [grpc-default-executor-13] WARN  server.GrpcLogAppender (LogUtils.java:warn(134)) - omNode-1@group-523986131536->omNode-2-AppendLogResponseHandler: Failed appendEntries: org.apache.ratis.thirdparty.io.grpc.StatusRuntimeException: UNAVAILABLE: io exception
2019-10-21 04:40:21,601 [grpc-default-executor-13] INFO  impl.FollowerInfo (FollowerInfo.java:lambda$new$0(51)) - omNode-1@group-523986131536->omNode-2: nextIndex: updateUnconditionally 274 -> 44
2019-10-21 04:40:21,641 [grpc-default-executor-11] WARN  server.GrpcLogAppender (LogUtils.java:warn(134)) - omNode-1@group-523986131536->omNode-2-AppendLogResponseHandler: Failed appendEntries: org.apache.ratis.thirdparty.io.grpc.StatusRuntimeException: UNAVAILABLE: io exception
2019-10-21 04:40:21,641 [grpc-default-executor-11] INFO  impl.FollowerInfo (FollowerInfo.java:lambda$new$0(51)) - omNode-1@group-523986131536->omNode-2: nextIndex: updateUnconditionally 274 -> 44
2019-10-21 04:40:21,647 [IPC Server handler 19 on 11456] INFO  segmented.SegmentedRaftLogWorker (SegmentedRaftLogWorker.java:rollLogSegment(390)) - omNode-1@group-523986131536-SegmentedRaftLogWorker: Rolling segment log-207_274 to index:274
2019-10-21 04:40:21,648 [grpc-default-executor-11] INFO  segmented.SegmentedRaftLogWorker (SegmentedRaftLogWorker.java:rollLogSegment(390)) - omNode-3@group-523986131536-SegmentedRaftLogWorker: Rolling segment log-207_274 to index:274
2019-10-21 04:40:21,651 [omNode-1@group-523986131536-SegmentedRaftLogWorker] INFO  segmented.SegmentedRaftLogWorker (SegmentedRaftLogWorker.java:execute(531)) - omNode-1@group-523986131536-SegmentedRaftLogWorker: Rolled log segment from /workdir/hadoop-ozone/integration-test/target/test-dir/MiniOzoneClusterImpl-908613f1-7148-4657-b39e-d6fc88855e70/omNode-1/ratis/c9bc4cf4-3bc3-3c60-a66b-523986131536/current/log_inprogress_207 to /workdir/hadoop-ozone/integration-test/target/test-dir/MiniOzoneClusterImpl-908613f1-7148-4657-b39e-d6fc88855e70/omNode-1/ratis/c9bc4cf4-3bc3-3c60-a66b-523986131536/current/log_207-274
2019-10-21 04:40:21,652 [omNode-3@group-523986131536-SegmentedRaftLogWorker] INFO  segmented.SegmentedRaftLogWorker (SegmentedRaftLogWorker.java:execute(531)) - omNode-3@group-523986131536-SegmentedRaftLogWorker: Rolled log segment from /workdir/hadoop-ozone/integration-test/target/test-dir/MiniOzoneClusterImpl-908613f1-7148-4657-b39e-d6fc88855e70/omNode-3/ratis/c9bc4cf4-3bc3-3c60-a66b-523986131536/current/log_inprogress_207 to /workdir/hadoop-ozone/integration-test/target/test-dir/MiniOzoneClusterImpl-908613f1-7148-4657-b39e-d6fc88855e70/omNode-3/ratis/c9bc4cf4-3bc3-3c60-a66b-523986131536/current/log_207-274
2019-10-21 04:40:21,652 [grpc-default-executor-13] WARN  server.GrpcLogAppender (LogUtils.java:warn(134)) - omNode-1@group-523986131536->omNode-2-AppendLogResponseHandler: Failed appendEntries: org.apache.ratis.thirdparty.io.grpc.StatusRuntimeException: UNAVAILABLE: io exception
2019-10-21 04:40:21,656 [grpc-default-executor-13] INFO  impl.FollowerInfo (FollowerInfo.java:lambda$new$0(51)) - omNode-1@group-523986131536->omNode-2: nextIndex: updateUnconditionally 276 -> 44
2019-10-21 04:40:21,706 [omNode-3@group-523986131536-SegmentedRaftLogWorker] INFO  segmented.SegmentedRaftLogWorker (SegmentedRaftLogWorker.java:execute(574)) - omNode-3@group-523986131536-SegmentedRaftLogWorker: created new log segment /workdir/hadoop-ozone/integration-test/target/test-dir/MiniOzoneClusterImpl-908613f1-7148-4657-b39e-d6fc88855e70/omNode-3/ratis/c9bc4cf4-3bc3-3c60-a66b-523986131536/current/log_inprogress_275
2019-10-21 04:40:21,706 [omNode-1@group-523986131536-SegmentedRaftLogWorker] INFO  segmented.SegmentedRaftLogWorker (SegmentedRaftLogWorker.java:execute(574)) - omNode-1@group-523986131536-SegmentedRaftLogWorker: created new log segment /workdir/hadoop-ozone/integration-test/target/test-dir/MiniOzoneClusterImpl-908613f1-7148-4657-b39e-d6fc88855e70/omNode-1/ratis/c9bc4cf4-3bc3-3c60-a66b-523986131536/current/log_inprogress_275
2019-10-21 04:40:21,745 [grpc-default-executor-12] WARN  server.GrpcLogAppender (LogUtils.java:warn(134)) - omNode-1@group-523986131536->omNode-2-AppendLogResponseHandler: Failed appendEntries: org.apache.ratis.thirdparty.io.grpc.StatusRuntimeException: UNAVAILABLE: io exception
2019-10-21 04:40:21,745 [grpc-default-executor-12] INFO  impl.FollowerInfo (FollowerInfo.java:lambda$new$0(51)) - omNode-1@group-523986131536->omNode-2: nextIndex: updateUnconditionally 277 -> 44
2019-10-21 04:40:21,774 [grpc-default-executor-11] WARN  server.GrpcLogAppender (LogUtils.java:warn(134)) - omNode-1@group-523986131536->omNode-2-AppendLogResponseHandler: Failed appendEntries: org.apache.ratis.thirdparty.io.grpc.StatusRuntimeException: UNAVAILABLE: io exception
2019-10-21 04:40:21,774 [grpc-default-executor-11] INFO  impl.FollowerInfo (FollowerInfo.java:lambda$new$0(51)) - omNode-1@group-523986131536->omNode-2: nextIndex: updateUnconditionally 278 -> 44
2019-10-21 04:40:21,818 [grpc-default-executor-11] WARN  server.GrpcLogAppender (LogUtils.java:warn(134)) - omNode-1@group-523986131536->omNode-2-AppendLogResponseHandler: Failed appendEntries: org.apache.ratis.thirdparty.io.grpc.StatusRuntimeException: UNAVAILABLE: io exception
2019-10-21 04:40:21,818 [grpc-default-executor-11] INFO  impl.FollowerInfo (FollowerInfo.java:lambda$new$0(51)) - omNode-1@group-523986131536->omNode-2: nextIndex: updateUnconditionally 279 -> 44
2019-10-21 04:40:21,824 [grpc-default-executor-13] WARN  server.GrpcLogAppender (LogUtils.java:warn(134)) - omNode-1@group-523986131536->omNode-2-AppendLogResponseHandler: Failed appendEntries: org.apache.ratis.thirdparty.io.grpc.StatusRuntimeException: UNAVAILABLE: io exception
2019-10-21 04:40:21,825 [grpc-default-executor-13] INFO  impl.FollowerInfo (FollowerInfo.java:lambda$new$0(51)) - omNode-1@group-523986131536->omNode-2: nextIndex: updateUnconditionally 280 -> 44
2019-10-21 04:40:21,844 [grpc-default-executor-11] WARN  server.GrpcLogAppender (LogUtils.java:warn(134)) - omNode-1@group-523986131536->omNode-2-AppendLogResponseHandler: Failed appendEntries: org.apache.ratis.thirdparty.io.grpc.StatusRuntimeException: UNAVAILABLE: io exception
2019-10-21 04:40:21,844 [grpc-default-executor-11] INFO  impl.FollowerInfo (FollowerInfo.java:lambda$new$0(51)) - omNode-1@group-523986131536->omNode-2: nextIndex: updateUnconditionally 280 -> 44
2019-10-21 04:40:21,847 [grpc-default-executor-12] WARN  server.GrpcLogAppender (LogUtils.java:warn(134)) - omNode-1@group-523986131536->omNode-2-AppendLogResponseHandler: Failed appendEntries: org.apache.ratis.thirdparty.io.grpc.StatusRuntimeException: UNAVAILABLE: io exception
2019-10-21 04:40:21,847 [grpc-default-executor-12] INFO  impl.FollowerInfo (FollowerInfo.java:lambda$new$0(51)) - omNode-1@group-523986131536->omNode-2: nextIndex: updateUnconditionally 282 -> 44
2019-10-21 04:40:21,857 [grpc-default-executor-13] WARN  server.GrpcLogAppender (LogUtils.java:warn(134)) - omNode-1@group-523986131536->omNode-2-AppendLogResponseHandler: Failed appendEntries: org.apache.ratis.thirdparty.io.grpc.StatusRuntimeException: UNAVAILABLE: io exception
2019-10-21 04:40:21,857 [grpc-default-executor-13] INFO  impl.FollowerInfo (FollowerInfo.java:lambda$new$0(51)) - omNode-1@group-523986131536->omNode-2: nextIndex: updateUnconditionally 282 -> 44
2019-10-21 04:40:21,866 [grpc-default-executor-11] WARN  server.GrpcLogAppender (LogUtils.java:warn(134)) - omNode-1@group-523986131536->omNode-2-AppendLogResponseHandler: Failed appendEntries: org.apache.ratis.thirdparty.io.grpc.StatusRuntimeException: UNAVAILABLE: io exception
2019-10-21 04:40:21,866 [grpc-default-executor-11] INFO  impl.FollowerInfo (FollowerInfo.java:lambda$new$0(51)) - omNode-1@group-523986131536->omNode-2: nextIndex: updateUnconditionally 284 -> 44
2019-10-21 04:40:21,873 [grpc-default-executor-11] WARN  server.GrpcLogAppender (LogUtils.java:warn(134)) - omNode-1@group-523986131536->omNode-2-AppendLogResponseHandler: Failed appendEntries: org.apache.ratis.thirdparty.io.grpc.StatusRuntimeException: UNAVAILABLE: io exception
2019-10-21 04:40:21,873 [grpc-default-executor-11] INFO  impl.FollowerInfo (FollowerInfo.java:lambda$new$0(51)) - omNode-1@group-523986131536->omNode-2: nextIndex: updateUnconditionally 284 -> 44
2019-10-21 04:40:21,876 [grpc-default-executor-12] WARN  server.GrpcLogAppender (LogUtils.java:warn(134)) - omNode-1@group-523986131536->omNode-2-AppendLogResponseHandler: Failed appendEntries: org.apache.ratis.thirdparty.io.grpc.StatusRuntimeException: UNAVAILABLE: io exception
2019-10-21 04:40:21,877 [grpc-default-executor-12] INFO  impl.FollowerInfo (FollowerInfo.java:lambda$new$0(51)) - omNode-1@group-523986131536->omNode-2: nextIndex: updateUnconditionally 286 -> 44
2019-10-21 04:40:21,883 [grpc-default-executor-11] WARN  server.GrpcLogAppender (LogUtils.java:warn(134)) - omNode-1@group-523986131536->omNode-2-AppendLogResponseHandler: Failed appendEntries: org.apache.ratis.thirdparty.io.grpc.StatusRuntimeException: UNAVAILABLE: io exception
2019-10-21 04:40:21,883 [grpc-default-executor-11] INFO  impl.FollowerInfo (FollowerInfo.java:lambda$new$0(51)) - omNode-1@group-523986131536->omNode-2: nextIndex: updateUnconditionally 286 -> 44
2019-10-21 04:40:21,890 [grpc-default-executor-12] WARN  server.GrpcLogAppender (LogUtils.java:warn(134)) - omNode-1@group-523986131536->omNode-2-AppendLogResponseHandler: Failed appendEntries: org.apache.ratis.thirdparty.io.grpc.StatusRuntimeException: UNAVAILABLE: io exception
2019-10-21 04:40:21,890 [grpc-default-executor-12] INFO  impl.FollowerInfo (FollowerInfo.java:lambda$new$0(51)) - omNode-1@group-523986131536->omNode-2: nextIndex: updateUnconditionally 288 -> 44
2019-10-21 04:40:21,896 [grpc-default-executor-13] WARN  server.GrpcLogAppender (LogUtils.java:warn(134)) - omNode-1@group-523986131536->omNode-2-AppendLogResponseHandler: Failed appendEntries: org.apache.ratis.thirdparty.io.grpc.StatusRuntimeException: UNAVAILABLE: io exception
2019-10-21 04:40:21,896 [grpc-default-executor-13] INFO  impl.FollowerInfo (FollowerInfo.java:lambda$new$0(51)) - omNode-1@group-523986131536->omNode-2: nextIndex: updateUnconditionally 288 -> 44
2019-10-21 04:40:21,900 [grpc-default-executor-11] WARN  server.GrpcLogAppender (LogUtils.java:warn(134)) - omNode-1@group-523986131536->omNode-2-AppendLogResponseHandler: Failed appendEntries: org.apache.ratis.thirdparty.io.grpc.StatusRuntimeException: UNAVAILABLE: io exception
2019-10-21 04:40:21,900 [grpc-default-executor-11] INFO  impl.FollowerInfo (FollowerInfo.java:lambda$new$0(51)) - omNode-1@group-523986131536->omNode-2: nextIndex: updateUnconditionally 290 -> 44
2019-10-21 04:40:21,910 [grpc-default-executor-12] WARN  server.GrpcLogAppender (LogUtils.java:warn(134)) - omNode-1@group-523986131536->omNode-2-AppendLogResponseHandler: Failed appendEntries: org.apache.ratis.thirdparty.io.grpc.StatusRuntimeException: UNAVAILABLE: io exception
2019-10-21 04:40:21,910 [grpc-default-executor-12] INFO  impl.FollowerInfo (FollowerInfo.java:lambda$new$0(51)) - omNode-1@group-523986131536->omNode-2: nextIndex: updateUnconditionally 290 -> 44
2019-10-21 04:40:21,921 [grpc-default-executor-11] WARN  server.GrpcLogAppender (LogUtils.java:warn(134)) - omNode-1@group-523986131536->omNode-2-AppendLogResponseHandler: Failed appendEntries: org.apache.ratis.thirdparty.io.grpc.StatusRuntimeException: UNAVAILABLE: io exception
2019-10-21 04:40:21,921 [grpc-default-executor-11] INFO  impl.FollowerInfo (FollowerInfo.java:lambda$new$0(51)) - omNode-1@group-523986131536->omNode-2: nextIndex: updateUnconditionally 292 -> 44
2019-10-21 04:40:21,923 [grpc-default-executor-12] WARN  server.GrpcLogAppender (LogUtils.java:warn(134)) - omNode-1@group-523986131536->omNode-2-AppendLogResponseHandler: Failed appendEntries: org.apache.ratis.thirdparty.io.grpc.StatusRuntimeException: UNAVAILABLE: io exception
2019-10-21 04:40:21,923 [grpc-default-executor-12] INFO  impl.FollowerInfo (FollowerInfo.java:lambda$new$0(51)) - omNode-1@group-523986131536->omNode-2: nextIndex: updateUnconditionally 292 -> 44
2019-10-21 04:40:21,927 [grpc-default-executor-11] WARN  server.GrpcLogAppender (LogUtils.java:warn(134)) - omNode-1@group-523986131536->omNode-2-AppendLogResponseHandler: Failed appendEntries: org.apache.ratis.thirdparty.io.grpc.StatusRuntimeException: UNAVAILABLE: io exception
2019-10-21 04:40:21,927 [grpc-default-executor-11] INFO  impl.FollowerInfo (FollowerInfo.java:lambda$new$0(51)) - omNode-1@group-523986131536->omNode-2: nextIndex: updateUnconditionally 294 -> 44
2019-10-21 04:40:21,937 [grpc-default-executor-13] WARN  server.GrpcLogAppender (LogUtils.java:warn(134)) - omNode-1@group-523986131536->omNode-2-AppendLogResponseHandler: Failed appendEntries: org.apache.ratis.thirdparty.io.grpc.StatusRuntimeException: UNAVAILABLE: io exception
2019-10-21 04:40:21,937 [grpc-default-executor-13] INFO  impl.FollowerInfo (FollowerInfo.java:lambda$new$0(51)) - omNode-1@group-523986131536->omNode-2: nextIndex: updateUnconditionally 294 -> 44
2019-10-21 04:40:21,944 [grpc-default-executor-11] WARN  server.GrpcLogAppender (LogUtils.java:warn(134)) - omNode-1@group-523986131536->omNode-2-AppendLogResponseHandler: Failed appendEntries: org.apache.ratis.thirdparty.io.grpc.StatusRuntimeException: UNAVAILABLE: io exception
2019-10-21 04:40:21,944 [grpc-default-executor-11] INFO  impl.FollowerInfo (FollowerInfo.java:lambda$new$0(51)) - omNode-1@group-523986131536->omNode-2: nextIndex: updateUnconditionally 296 -> 44
2019-10-21 04:40:21,951 [grpc-default-executor-12] WARN  server.GrpcLogAppender (LogUtils.java:warn(134)) - omNode-1@group-523986131536->omNode-2-AppendLogResponseHandler: Failed appendEntries: org.apache.ratis.thirdparty.io.grpc.StatusRuntimeException: UNAVAILABLE: io exception
2019-10-21 04:40:21,951 [grpc-default-executor-12] INFO  impl.FollowerInfo (FollowerInfo.java:lambda$new$0(51)) - omNode-1@group-523986131536->omNode-2: nextIndex: updateUnconditionally 296 -> 44
2019-10-21 04:40:21,955 [grpc-default-executor-12] WARN  server.GrpcLogAppender (LogUtils.java:warn(134)) - omNode-1@group-523986131536->omNode-2-AppendLogResponseHandler: Failed appendEntries: org.apache.ratis.thirdparty.io.grpc.StatusRuntimeException: UNAVAILABLE: io exception
2019-10-21 04:40:21,955 [grpc-default-executor-12] INFO  impl.FollowerInfo (FollowerInfo.java:lambda$new$0(51)) - omNode-1@group-523986131536->omNode-2: nextIndex: updateUnconditionally 298 -> 44
2019-10-21 04:40:21,971 [grpc-default-executor-12] WARN  server.GrpcLogAppender (LogUtils.java:warn(134)) - omNode-1@group-523986131536->omNode-2-AppendLogResponseHandler: Failed appendEntries: org.apache.ratis.thirdparty.io.grpc.StatusRuntimeException: UNAVAILABLE: io exception
2019-10-21 04:40:21,971 [grpc-default-executor-12] INFO  impl.FollowerInfo (FollowerInfo.java:lambda$new$0(51)) - omNode-1@group-523986131536->omNode-2: nextIndex: updateUnconditionally 298 -> 44
2019-10-21 04:40:21,976 [grpc-default-executor-13] WARN  server.GrpcLogAppender (LogUtils.java:warn(134)) - omNode-1@group-523986131536->omNode-2-AppendLogResponseHandler: Failed appendEntries: org.apache.ratis.thirdparty.io.grpc.StatusRuntimeException: UNAVAILABLE: io exception
2019-10-21 04:40:21,976 [grpc-default-executor-13] INFO  impl.FollowerInfo (FollowerInfo.java:lambda$new$0(51)) - omNode-1@group-523986131536->omNode-2: nextIndex: updateUnconditionally 299 -> 44
2019-10-21 04:40:21,979 [grpc-default-executor-11] WARN  server.GrpcLogAppender (LogUtils.java:warn(134)) - omNode-1@group-523986131536->omNode-2-AppendLogResponseHandler: Failed appendEntries: org.apache.ratis.thirdparty.io.grpc.StatusRuntimeException: UNAVAILABLE: io exception
2019-10-21 04:40:21,979 [grpc-default-executor-11] INFO  impl.FollowerInfo (FollowerInfo.java:lambda$new$0(51)) - omNode-1@group-523986131536->omNode-2: nextIndex: updateUnconditionally 300 -> 44
2019-10-21 04:40:21,994 [omNode-1@group-523986131536-StateMachineUpdater] INFO  ratis.OzoneManagerStateMachine (OzoneManagerStateMachine.java:takeSnapshot(254)) - Saving Ratis snapshot on the OM.
2019-10-21 04:40:21,994 [omNode-1@group-523986131536-StateMachineUpdater] INFO  ratis.OMRatisSnapshotInfo (OMRatisSnapshotInfo.java:saveRatisSnapshotToDisk(107)) - Saved Ratis Snapshot on the OM with snapshotIndex 299
2019-10-21 04:40:21,995 [omNode-1@group-523986131536-StateMachineUpdater] INFO  impl.StateMachineUpdater (StateMachineUpdater.java:takeSnapshot(269)) - omNode-1@group-523986131536-StateMachineUpdater: Took a snapshot at index 299
2019-10-21 04:40:21,995 [omNode-1@group-523986131536-StateMachineUpdater] INFO  impl.StateMachineUpdater (StateMachineUpdater.java:lambda$new$0(84)) - omNode-1@group-523986131536-StateMachineUpdater: snapshotIndex: updateIncreasingly 249 -> 299
2019-10-21 04:40:21,995 [grpc-default-executor-12] WARN  server.GrpcLogAppender (LogUtils.java:warn(134)) - omNode-1@group-523986131536->omNode-2-AppendLogResponseHandler: Failed appendEntries: org.apache.ratis.thirdparty.io.grpc.StatusRuntimeException: UNAVAILABLE: io exception
2019-10-21 04:40:21,995 [grpc-default-executor-12] INFO  impl.FollowerInfo (FollowerInfo.java:lambda$new$0(51)) - omNode-1@group-523986131536->omNode-2: nextIndex: updateUnconditionally 301 -> 44
2019-10-21 04:40:21,998 [grpc-default-executor-13] WARN  server.GrpcLogAppender (LogUtils.java:warn(134)) - omNode-1@group-523986131536->omNode-2-AppendLogResponseHandler: Failed appendEntries: org.apache.ratis.thirdparty.io.grpc.StatusRuntimeException: UNAVAILABLE: io exception
2019-10-21 04:40:21,998 [grpc-default-executor-13] INFO  impl.FollowerInfo (FollowerInfo.java:lambda$new$0(51)) - omNode-1@group-523986131536->omNode-2: nextIndex: updateUnconditionally 302 -> 44
2019-10-21 04:40:22,006 [omNode-3@group-523986131536-StateMachineUpdater] INFO  ratis.OzoneManagerStateMachine (OzoneManagerStateMachine.java:takeSnapshot(254)) - Saving Ratis snapshot on the OM.
2019-10-21 04:40:22,007 [omNode-3@group-523986131536-StateMachineUpdater] INFO  ratis.OMRatisSnapshotInfo (OMRatisSnapshotInfo.java:saveRatisSnapshotToDisk(107)) - Saved Ratis Snapshot on the OM with snapshotIndex 299
2019-10-21 04:40:22,007 [omNode-3@group-523986131536-StateMachineUpdater] INFO  impl.StateMachineUpdater (StateMachineUpdater.java:takeSnapshot(269)) - omNode-3@group-523986131536-StateMachineUpdater: Took a snapshot at index 299
2019-10-21 04:40:22,007 [omNode-3@group-523986131536-StateMachineUpdater] INFO  impl.StateMachineUpdater (StateMachineUpdater.java:lambda$new$0(84)) - omNode-3@group-523986131536-StateMachineUpdater: snapshotIndex: updateIncreasingly 249 -> 299
2019-10-21 04:40:22,008 [grpc-default-executor-13] WARN  server.GrpcLogAppender (LogUtils.java:warn(134)) - omNode-1@group-523986131536->omNode-2-AppendLogResponseHandler: Failed appendEntries: org.apache.ratis.thirdparty.io.grpc.StatusRuntimeException: UNAVAILABLE: io exception
2019-10-21 04:40:22,008 [grpc-default-executor-13] INFO  impl.FollowerInfo (FollowerInfo.java:lambda$new$0(51)) - omNode-1@group-523986131536->omNode-2: nextIndex: updateUnconditionally 302 -> 44
2019-10-21 04:40:22,020 [grpc-default-executor-11] WARN  server.GrpcLogAppender (LogUtils.java:warn(134)) - omNode-1@group-523986131536->omNode-2-AppendLogResponseHandler: Failed appendEntries: org.apache.ratis.thirdparty.io.grpc.StatusRuntimeException: UNAVAILABLE: io exception
2019-10-21 04:40:22,020 [grpc-default-executor-11] INFO  impl.FollowerInfo (FollowerInfo.java:lambda$new$0(51)) - omNode-1@group-523986131536->omNode-2: nextIndex: updateUnconditionally 303 -> 44
2019-10-21 04:40:22,026 [grpc-default-executor-13] WARN  server.GrpcLogAppender (LogUtils.java:warn(134)) - omNode-1@group-523986131536->omNode-2-AppendLogResponseHandler: Failed appendEntries: org.apache.ratis.thirdparty.io.grpc.StatusRuntimeException: UNAVAILABLE: io exception
2019-10-21 04:40:22,026 [grpc-default-executor-13] INFO  impl.FollowerInfo (FollowerInfo.java:lambda$new$0(51)) - omNode-1@group-523986131536->omNode-2: nextIndex: updateUnconditionally 304 -> 44
2019-10-21 04:40:22,051 [grpc-default-executor-12] WARN  server.GrpcLogAppender (LogUtils.java:warn(134)) - omNode-1@group-523986131536->omNode-2-AppendLogResponseHandler: Failed appendEntries: org.apache.ratis.thirdparty.io.grpc.StatusRuntimeException: UNAVAILABLE: io exception
2019-10-21 04:40:22,051 [grpc-default-executor-12] INFO  impl.FollowerInfo (FollowerInfo.java:lambda$new$0(51)) - omNode-1@group-523986131536->omNode-2: nextIndex: updateUnconditionally 304 -> 44
2019-10-21 04:40:22,055 [grpc-default-executor-13] WARN  server.GrpcLogAppender (LogUtils.java:warn(134)) - omNode-1@group-523986131536->omNode-2-AppendLogResponseHandler: Failed appendEntries: org.apache.ratis.thirdparty.io.grpc.StatusRuntimeException: UNAVAILABLE: io exception
2019-10-21 04:40:22,055 [grpc-default-executor-13] INFO  impl.FollowerInfo (FollowerInfo.java:lambda$new$0(51)) - omNode-1@group-523986131536->omNode-2: nextIndex: updateUnconditionally 306 -> 44
2019-10-21 04:40:22,109 [grpc-default-executor-11] WARN  server.GrpcLogAppender (LogUtils.java:warn(134)) - omNode-1@group-523986131536->omNode-2-AppendLogResponseHandler: Failed appendEntries: org.apache.ratis.thirdparty.io.grpc.StatusRuntimeException: UNAVAILABLE: io exception
2019-10-21 04:40:22,109 [grpc-default-executor-11] INFO  impl.FollowerInfo (FollowerInfo.java:lambda$new$0(51)) - omNode-1@group-523986131536->omNode-2: nextIndex: updateUnconditionally 306 -> 44
2019-10-21 04:40:22,120 [grpc-default-executor-12] WARN  server.GrpcLogAppender (LogUtils.java:warn(134)) - omNode-1@group-523986131536->omNode-2-AppendLogResponseHandler: Failed appendEntries: org.apache.ratis.thirdparty.io.grpc.StatusRuntimeException: UNAVAILABLE: io exception
2019-10-21 04:40:22,120 [grpc-default-executor-12] INFO  impl.FollowerInfo (FollowerInfo.java:lambda$new$0(51)) - omNode-1@group-523986131536->omNode-2: nextIndex: updateUnconditionally 307 -> 44
2019-10-21 04:40:22,127 [grpc-default-executor-13] WARN  server.GrpcLogAppender (LogUtils.java:warn(134)) - omNode-1@group-523986131536->omNode-2-AppendLogResponseHandler: Failed appendEntries: org.apache.ratis.thirdparty.io.grpc.StatusRuntimeException: UNAVAILABLE: io exception
2019-10-21 04:40:22,127 [grpc-default-executor-13] INFO  impl.FollowerInfo (FollowerInfo.java:lambda$new$0(51)) - omNode-1@group-523986131536->omNode-2: nextIndex: updateUnconditionally 308 -> 44
2019-10-21 04:40:22,140 [grpc-default-executor-13] WARN  server.GrpcLogAppender (LogUtils.java:warn(134)) - omNode-1@group-523986131536->omNode-2-AppendLogResponseHandler: Failed appendEntries: org.apache.ratis.thirdparty.io.grpc.StatusRuntimeException: UNAVAILABLE: io exception
2019-10-21 04:40:22,140 [grpc-default-executor-13] INFO  impl.FollowerInfo (FollowerInfo.java:lambda$new$0(51)) - omNode-1@group-523986131536->omNode-2: nextIndex: updateUnconditionally 308 -> 44
2019-10-21 04:40:22,144 [grpc-default-executor-12] WARN  server.GrpcLogAppender (LogUtils.java:warn(134)) - omNode-1@group-523986131536->omNode-2-AppendLogResponseHandler: Failed appendEntries: org.apache.ratis.thirdparty.io.grpc.StatusRuntimeException: UNAVAILABLE: io exception
2019-10-21 04:40:22,144 [grpc-default-executor-12] INFO  impl.FollowerInfo (FollowerInfo.java:lambda$new$0(51)) - omNode-1@group-523986131536->omNode-2: nextIndex: updateUnconditionally 310 -> 44
2019-10-21 04:40:22,153 [grpc-default-executor-13] WARN  server.GrpcLogAppender (LogUtils.java:warn(134)) - omNode-1@group-523986131536->omNode-2-AppendLogResponseHandler: Failed appendEntries: org.apache.ratis.thirdparty.io.grpc.StatusRuntimeException: UNAVAILABLE: io exception
2019-10-21 04:40:22,154 [grpc-default-executor-13] INFO  impl.FollowerInfo (FollowerInfo.java:lambda$new$0(51)) - omNode-1@group-523986131536->omNode-2: nextIndex: updateUnconditionally 310 -> 44
2019-10-21 04:40:22,161 [grpc-default-executor-11] WARN  server.GrpcLogAppender (LogUtils.java:warn(134)) - omNode-1@group-523986131536->omNode-2-AppendLogResponseHandler: Failed appendEntries: org.apache.ratis.thirdparty.io.grpc.StatusRuntimeException: UNAVAILABLE: io exception
2019-10-21 04:40:22,162 [grpc-default-executor-11] INFO  impl.FollowerInfo (FollowerInfo.java:lambda$new$0(51)) - omNode-1@group-523986131536->omNode-2: nextIndex: updateUnconditionally 312 -> 44
2019-10-21 04:40:22,166 [grpc-default-executor-12] WARN  server.GrpcLogAppender (LogUtils.java:warn(134)) - omNode-1@group-523986131536->omNode-2-AppendLogResponseHandler: Failed appendEntries: org.apache.ratis.thirdparty.io.grpc.StatusRuntimeException: UNAVAILABLE: io exception
2019-10-21 04:40:22,166 [grpc-default-executor-12] INFO  impl.FollowerInfo (FollowerInfo.java:lambda$new$0(51)) - omNode-1@group-523986131536->omNode-2: nextIndex: updateUnconditionally 312 -> 44
2019-10-21 04:40:22,170 [grpc-default-executor-11] WARN  server.GrpcLogAppender (LogUtils.java:warn(134)) - omNode-1@group-523986131536->omNode-2-AppendLogResponseHandler: Failed appendEntries: org.apache.ratis.thirdparty.io.grpc.StatusRuntimeException: UNAVAILABLE: io exception
2019-10-21 04:40:22,170 [grpc-default-executor-11] INFO  impl.FollowerInfo (FollowerInfo.java:lambda$new$0(51)) - omNode-1@group-523986131536->omNode-2: nextIndex: updateUnconditionally 314 -> 44
2019-10-21 04:40:22,181 [grpc-default-executor-13] WARN  server.GrpcLogAppender (LogUtils.java:warn(134)) - omNode-1@group-523986131536->omNode-2-AppendLogResponseHandler: Failed appendEntries: org.apache.ratis.thirdparty.io.grpc.StatusRuntimeException: UNAVAILABLE: io exception
2019-10-21 04:40:22,181 [grpc-default-executor-13] INFO  impl.FollowerInfo (FollowerInfo.java:lambda$new$0(51)) - omNode-1@group-523986131536->omNode-2: nextIndex: updateUnconditionally 314 -> 44
2019-10-21 04:40:22,188 [grpc-default-executor-11] WARN  server.GrpcLogAppender (LogUtils.java:warn(134)) - omNode-1@group-523986131536->omNode-2-AppendLogResponseHandler: Failed appendEntries: org.apache.ratis.thirdparty.io.grpc.StatusRuntimeException: UNAVAILABLE: io exception
2019-10-21 04:40:22,188 [grpc-default-executor-11] INFO  impl.FollowerInfo (FollowerInfo.java:lambda$new$0(51)) - omNode-1@group-523986131536->omNode-2: nextIndex: updateUnconditionally 316 -> 44
2019-10-21 04:40:22,194 [grpc-default-executor-12] WARN  server.GrpcLogAppender (LogUtils.java:warn(134)) - omNode-1@group-523986131536->omNode-2-AppendLogResponseHandler: Failed appendEntries: org.apache.ratis.thirdparty.io.grpc.StatusRuntimeException: UNAVAILABLE: io exception
2019-10-21 04:40:22,194 [grpc-default-executor-12] INFO  impl.FollowerInfo (FollowerInfo.java:lambda$new$0(51)) - omNode-1@group-523986131536->omNode-2: nextIndex: updateUnconditionally 316 -> 44
2019-10-21 04:40:22,198 [grpc-default-executor-13] WARN  server.GrpcLogAppender (LogUtils.java:warn(134)) - omNode-1@group-523986131536->omNode-2-AppendLogResponseHandler: Failed appendEntries: org.apache.ratis.thirdparty.io.grpc.StatusRuntimeException: UNAVAILABLE: io exception
2019-10-21 04:40:22,198 [grpc-default-executor-13] INFO  impl.FollowerInfo (FollowerInfo.java:lambda$new$0(51)) - omNode-1@group-523986131536->omNode-2: nextIndex: updateUnconditionally 318 -> 44
2019-10-21 04:40:22,207 [grpc-default-executor-11] WARN  server.GrpcLogAppender (LogUtils.java:warn(134)) - omNode-1@group-523986131536->omNode-2-AppendLogResponseHandler: Failed appendEntries: org.apache.ratis.thirdparty.io.grpc.StatusRuntimeException: UNAVAILABLE: io exception
2019-10-21 04:40:22,208 [grpc-default-executor-11] INFO  impl.FollowerInfo (FollowerInfo.java:lambda$new$0(51)) - omNode-1@group-523986131536->omNode-2: nextIndex: updateUnconditionally 318 -> 44
2019-10-21 04:40:22,214 [grpc-default-executor-12] WARN  server.GrpcLogAppender (LogUtils.java:warn(134)) - omNode-1@group-523986131536->omNode-2-AppendLogResponseHandler: Failed appendEntries: org.apache.ratis.thirdparty.io.grpc.StatusRuntimeException: UNAVAILABLE: io exception
2019-10-21 04:40:22,215 [grpc-default-executor-12] INFO  impl.FollowerInfo (FollowerInfo.java:lambda$new$0(51)) - omNode-1@group-523986131536->omNode-2: nextIndex: updateUnconditionally 320 -> 44
2019-10-21 04:40:22,220 [grpc-default-executor-11] WARN  server.GrpcLogAppender (LogUtils.java:warn(134)) - omNode-1@group-523986131536->omNode-2-AppendLogResponseHandler: Failed appendEntries: org.apache.ratis.thirdparty.io.grpc.StatusRuntimeException: UNAVAILABLE: io exception
2019-10-21 04:40:22,221 [grpc-default-executor-11] INFO  impl.FollowerInfo (FollowerInfo.java:lambda$new$0(51)) - omNode-1@group-523986131536->omNode-2: nextIndex: updateUnconditionally 320 -> 44
2019-10-21 04:40:22,224 [grpc-default-executor-12] WARN  server.GrpcLogAppender (LogUtils.java:warn(134)) - omNode-1@group-523986131536->omNode-2-AppendLogResponseHandler: Failed appendEntries: org.apache.ratis.thirdparty.io.grpc.StatusRuntimeException: UNAVAILABLE: io exception
2019-10-21 04:40:22,225 [grpc-default-executor-12] INFO  impl.FollowerInfo (FollowerInfo.java:lambda$new$0(51)) - omNode-1@group-523986131536->omNode-2: nextIndex: updateUnconditionally 322 -> 44
2019-10-21 04:40:22,234 [grpc-default-executor-13] WARN  server.GrpcLogAppender (LogUtils.java:warn(134)) - omNode-1@group-523986131536->omNode-2-AppendLogResponseHandler: Failed appendEntries: org.apache.ratis.thirdparty.io.grpc.StatusRuntimeException: UNAVAILABLE: io exception
2019-10-21 04:40:22,234 [grpc-default-executor-13] INFO  impl.FollowerInfo (FollowerInfo.java:lambda$new$0(51)) - omNode-1@group-523986131536->omNode-2: nextIndex: updateUnconditionally 322 -> 44
2019-10-21 04:40:22,241 [grpc-default-executor-12] WARN  server.GrpcLogAppender (LogUtils.java:warn(134)) - omNode-1@group-523986131536->omNode-2-AppendLogResponseHandler: Failed appendEntries: org.apache.ratis.thirdparty.io.grpc.StatusRuntimeException: UNAVAILABLE: io exception
2019-10-21 04:40:22,241 [grpc-default-executor-12] INFO  impl.FollowerInfo (FollowerInfo.java:lambda$new$0(51)) - omNode-1@group-523986131536->omNode-2: nextIndex: updateUnconditionally 324 -> 44
2019-10-21 04:40:22,247 [grpc-default-executor-11] WARN  server.GrpcLogAppender (LogUtils.java:warn(134)) - omNode-1@group-523986131536->omNode-2-AppendLogResponseHandler: Failed appendEntries: org.apache.ratis.thirdparty.io.grpc.StatusRuntimeException: UNAVAILABLE: io exception
2019-10-21 04:40:22,247 [grpc-default-executor-11] INFO  impl.FollowerInfo (FollowerInfo.java:lambda$new$0(51)) - omNode-1@group-523986131536->omNode-2: nextIndex: updateUnconditionally 324 -> 44
2019-10-21 04:40:22,251 [grpc-default-executor-13] WARN  server.GrpcLogAppender (LogUtils.java:warn(134)) - omNode-1@group-523986131536->omNode-2-AppendLogResponseHandler: Failed appendEntries: org.apache.ratis.thirdparty.io.grpc.StatusRuntimeException: UNAVAILABLE: io exception
2019-10-21 04:40:22,251 [grpc-default-executor-13] INFO  impl.FollowerInfo (FollowerInfo.java:lambda$new$0(51)) - omNode-1@group-523986131536->omNode-2: nextIndex: updateUnconditionally 326 -> 44
2019-10-21 04:40:22,259 [grpc-default-executor-10] WARN  server.GrpcLogAppender (LogUtils.java:warn(134)) - omNode-1@group-523986131536->omNode-2-AppendLogResponseHandler: Failed appendEntries: org.apache.ratis.thirdparty.io.grpc.StatusRuntimeException: UNAVAILABLE: io exception
2019-10-21 04:40:22,259 [grpc-default-executor-10] INFO  impl.FollowerInfo (FollowerInfo.java:lambda$new$0(51)) - omNode-1@group-523986131536->omNode-2: nextIndex: updateUnconditionally 327 -> 44
2019-10-21 04:40:22,262 [grpc-default-executor-12] WARN  server.GrpcLogAppender (LogUtils.java:warn(134)) - omNode-1@group-523986131536->omNode-2-AppendLogResponseHandler: Failed appendEntries: org.apache.ratis.thirdparty.io.grpc.StatusRuntimeException: UNAVAILABLE: io exception
2019-10-21 04:40:22,263 [grpc-default-executor-12] INFO  impl.FollowerInfo (FollowerInfo.java:lambda$new$0(51)) - omNode-1@group-523986131536->omNode-2: nextIndex: updateUnconditionally 328 -> 44
2019-10-21 04:40:22,274 [grpc-default-executor-11] WARN  server.GrpcLogAppender (LogUtils.java:warn(134)) - omNode-1@group-523986131536->omNode-2-AppendLogResponseHandler: Failed appendEntries: org.apache.ratis.thirdparty.io.grpc.StatusRuntimeException: UNAVAILABLE: io exception
2019-10-21 04:40:22,274 [grpc-default-executor-11] INFO  impl.FollowerInfo (FollowerInfo.java:lambda$new$0(51)) - omNode-1@group-523986131536->omNode-2: nextIndex: updateUnconditionally 329 -> 44
2019-10-21 04:40:22,277 [grpc-default-executor-10] WARN  server.GrpcLogAppender (LogUtils.java:warn(134)) - omNode-1@group-523986131536->omNode-2-AppendLogResponseHandler: Failed appendEntries: org.apache.ratis.thirdparty.io.grpc.StatusRuntimeException: UNAVAILABLE: io exception
2019-10-21 04:40:22,277 [grpc-default-executor-10] INFO  impl.FollowerInfo (FollowerInfo.java:lambda$new$0(51)) - omNode-1@group-523986131536->omNode-2: nextIndex: updateUnconditionally 330 -> 44
2019-10-21 04:40:22,279 [grpc-default-executor-10] WARN  server.GrpcLogAppender (LogUtils.java:warn(134)) - omNode-1@group-523986131536->omNode-2-AppendLogResponseHandler: Failed appendEntries: org.apache.ratis.thirdparty.io.grpc.StatusRuntimeException: UNAVAILABLE: io exception
2019-10-21 04:40:22,279 [grpc-default-executor-10] INFO  impl.FollowerInfo (FollowerInfo.java:lambda$new$0(51)) - omNode-1@group-523986131536->omNode-2: nextIndex: updateUnconditionally 330 -> 44
2019-10-21 04:40:22,287 [grpc-default-executor-12] WARN  server.GrpcLogAppender (LogUtils.java:warn(134)) - omNode-1@group-523986131536->omNode-2-AppendLogResponseHandler: Failed appendEntries: org.apache.ratis.thirdparty.io.grpc.StatusRuntimeException: UNAVAILABLE: io exception
2019-10-21 04:40:22,287 [grpc-default-executor-12] INFO  impl.FollowerInfo (FollowerInfo.java:lambda$new$0(51)) - omNode-1@group-523986131536->omNode-2: nextIndex: updateUnconditionally 332 -> 44
2019-10-21 04:40:22,292 [grpc-default-executor-12] WARN  server.GrpcLogAppender (LogUtils.java:warn(134)) - omNode-1@group-523986131536->omNode-2-AppendLogResponseHandler: Failed appendEntries: org.apache.ratis.thirdparty.io.grpc.StatusRuntimeException: UNAVAILABLE: io exception
2019-10-21 04:40:22,292 [grpc-default-executor-12] INFO  impl.FollowerInfo (FollowerInfo.java:lambda$new$0(51)) - omNode-1@group-523986131536->omNode-2: nextIndex: updateUnconditionally 332 -> 44
2019-10-21 04:40:22,297 [grpc-default-executor-10] WARN  server.GrpcLogAppender (LogUtils.java:warn(134)) - omNode-1@group-523986131536->omNode-2-AppendLogResponseHandler: Failed appendEntries: org.apache.ratis.thirdparty.io.grpc.StatusRuntimeException: UNAVAILABLE: io exception
2019-10-21 04:40:22,297 [grpc-default-executor-10] INFO  impl.FollowerInfo (FollowerInfo.java:lambda$new$0(51)) - omNode-1@group-523986131536->omNode-2: nextIndex: updateUnconditionally 334 -> 44
2019-10-21 04:40:22,307 [grpc-default-executor-12] WARN  server.GrpcLogAppender (LogUtils.java:warn(134)) - omNode-1@group-523986131536->omNode-2-AppendLogResponseHandler: Failed appendEntries: org.apache.ratis.thirdparty.io.grpc.StatusRuntimeException: UNAVAILABLE: io exception
2019-10-21 04:40:22,307 [grpc-default-executor-12] INFO  impl.FollowerInfo (FollowerInfo.java:lambda$new$0(51)) - omNode-1@group-523986131536->omNode-2: nextIndex: updateUnconditionally 334 -> 44
2019-10-21 04:40:22,313 [grpc-default-executor-10] WARN  server.GrpcLogAppender (LogUtils.java:warn(134)) - omNode-1@group-523986131536->omNode-2-AppendLogResponseHandler: Failed appendEntries: org.apache.ratis.thirdparty.io.grpc.StatusRuntimeException: UNAVAILABLE: io exception
2019-10-21 04:40:22,314 [grpc-default-executor-10] INFO  impl.FollowerInfo (FollowerInfo.java:lambda$new$0(51)) - omNode-1@group-523986131536->omNode-2: nextIndex: updateUnconditionally 336 -> 44
2019-10-21 04:40:22,320 [grpc-default-executor-12] WARN  server.GrpcLogAppender (LogUtils.java:warn(134)) - omNode-1@group-523986131536->omNode-2-AppendLogResponseHandler: Failed appendEntries: org.apache.ratis.thirdparty.io.grpc.StatusRuntimeException: UNAVAILABLE: io exception
2019-10-21 04:40:22,320 [grpc-default-executor-12] INFO  impl.FollowerInfo (FollowerInfo.java:lambda$new$0(51)) - omNode-1@group-523986131536->omNode-2: nextIndex: updateUnconditionally 336 -> 44
2019-10-21 04:40:22,324 [grpc-default-executor-11] WARN  server.GrpcLogAppender (LogUtils.java:warn(134)) - omNode-1@group-523986131536->omNode-2-AppendLogResponseHandler: Failed appendEntries: org.apache.ratis.thirdparty.io.grpc.StatusRuntimeException: UNAVAILABLE: io exception
2019-10-21 04:40:22,324 [grpc-default-executor-11] INFO  impl.FollowerInfo (FollowerInfo.java:lambda$new$0(51)) - omNode-1@group-523986131536->omNode-2: nextIndex: updateUnconditionally 338 -> 44
2019-10-21 04:40:22,336 [grpc-default-executor-10] WARN  server.GrpcLogAppender (LogUtils.java:warn(134)) - omNode-1@group-523986131536->omNode-2-AppendLogResponseHandler: Failed appendEntries: org.apache.ratis.thirdparty.io.grpc.StatusRuntimeException: UNAVAILABLE: io exception
2019-10-21 04:40:22,336 [grpc-default-executor-10] INFO  impl.FollowerInfo (FollowerInfo.java:lambda$new$0(51)) - omNode-1@group-523986131536->omNode-2: nextIndex: updateUnconditionally 338 -> 44
2019-10-21 04:40:22,344 [grpc-default-executor-12] WARN  server.GrpcLogAppender (LogUtils.java:warn(134)) - omNode-1@group-523986131536->omNode-2-AppendLogResponseHandler: Failed appendEntries: org.apache.ratis.thirdparty.io.grpc.StatusRuntimeException: UNAVAILABLE: io exception
2019-10-21 04:40:22,344 [grpc-default-executor-12] INFO  impl.FollowerInfo (FollowerInfo.java:lambda$new$0(51)) - omNode-1@group-523986131536->omNode-2: nextIndex: updateUnconditionally 340 -> 44
2019-10-21 04:40:22,349 [grpc-default-executor-10] WARN  server.GrpcLogAppender (LogUtils.java:warn(134)) - omNode-1@group-523986131536->omNode-2-AppendLogResponseHandler: Failed appendEntries: org.apache.ratis.thirdparty.io.grpc.StatusRuntimeException: UNAVAILABLE: io exception
2019-10-21 04:40:22,349 [grpc-default-executor-10] INFO  impl.FollowerInfo (FollowerInfo.java:lambda$new$0(51)) - omNode-1@group-523986131536->omNode-2: nextIndex: updateUnconditionally 340 -> 44
2019-10-21 04:40:22,352 [grpc-default-executor-12] WARN  server.GrpcLogAppender (LogUtils.java:warn(134)) - omNode-1@group-523986131536->omNode-2-AppendLogResponseHandler: Failed appendEntries: org.apache.ratis.thirdparty.io.grpc.StatusRuntimeException: UNAVAILABLE: io exception
2019-10-21 04:40:22,353 [grpc-default-executor-12] INFO  impl.FollowerInfo (FollowerInfo.java:lambda$new$0(51)) - omNode-1@group-523986131536->omNode-2: nextIndex: updateUnconditionally 342 -> 44
2019-10-21 04:40:22,362 [grpc-default-executor-11] WARN  server.GrpcLogAppender (LogUtils.java:warn(134)) - omNode-1@group-523986131536->omNode-2-AppendLogResponseHandler: Failed appendEntries: org.apache.ratis.thirdparty.io.grpc.StatusRuntimeException: UNAVAILABLE: io exception
2019-10-21 04:40:22,362 [grpc-default-executor-11] INFO  impl.FollowerInfo (FollowerInfo.java:lambda$new$0(51)) - omNode-1@group-523986131536->omNode-2: nextIndex: updateUnconditionally 342 -> 44
2019-10-21 04:40:22,372 [IPC Server handler 8 on 11456] INFO  segmented.SegmentedRaftLogWorker (SegmentedRaftLogWorker.java:rollLogSegment(390)) - omNode-1@group-523986131536-SegmentedRaftLogWorker: Rolling segment log-275_342 to index:342
2019-10-21 04:40:22,373 [grpc-default-executor-11] INFO  segmented.SegmentedRaftLogWorker (SegmentedRaftLogWorker.java:rollLogSegment(390)) - omNode-3@group-523986131536-SegmentedRaftLogWorker: Rolling segment log-275_342 to index:342
2019-10-21 04:40:22,375 [grpc-default-executor-10] WARN  server.GrpcLogAppender (LogUtils.java:warn(134)) - omNode-1@group-523986131536->omNode-2-AppendLogResponseHandler: Failed appendEntries: org.apache.ratis.thirdparty.io.grpc.StatusRuntimeException: UNAVAILABLE: io exception
2019-10-21 04:40:22,375 [grpc-default-executor-10] INFO  impl.FollowerInfo (FollowerInfo.java:lambda$new$0(51)) - omNode-1@group-523986131536->omNode-2: nextIndex: updateUnconditionally 344 -> 44
2019-10-21 04:40:22,391 [omNode-1@group-523986131536-SegmentedRaftLogWorker] INFO  segmented.SegmentedRaftLogWorker (SegmentedRaftLogWorker.java:execute(531)) - omNode-1@group-523986131536-SegmentedRaftLogWorker: Rolled log segment from /workdir/hadoop-ozone/integration-test/target/test-dir/MiniOzoneClusterImpl-908613f1-7148-4657-b39e-d6fc88855e70/omNode-1/ratis/c9bc4cf4-3bc3-3c60-a66b-523986131536/current/log_inprogress_275 to /workdir/hadoop-ozone/integration-test/target/test-dir/MiniOzoneClusterImpl-908613f1-7148-4657-b39e-d6fc88855e70/omNode-1/ratis/c9bc4cf4-3bc3-3c60-a66b-523986131536/current/log_275-342
2019-10-21 04:40:22,392 [omNode-3@group-523986131536-SegmentedRaftLogWorker] INFO  segmented.SegmentedRaftLogWorker (SegmentedRaftLogWorker.java:execute(531)) - omNode-3@group-523986131536-SegmentedRaftLogWorker: Rolled log segment from /workdir/hadoop-ozone/integration-test/target/test-dir/MiniOzoneClusterImpl-908613f1-7148-4657-b39e-d6fc88855e70/omNode-3/ratis/c9bc4cf4-3bc3-3c60-a66b-523986131536/current/log_inprogress_275 to /workdir/hadoop-ozone/integration-test/target/test-dir/MiniOzoneClusterImpl-908613f1-7148-4657-b39e-d6fc88855e70/omNode-3/ratis/c9bc4cf4-3bc3-3c60-a66b-523986131536/current/log_275-342
2019-10-21 04:40:22,395 [grpc-default-executor-10] WARN  server.GrpcLogAppender (LogUtils.java:warn(134)) - omNode-1@group-523986131536->omNode-2-AppendLogResponseHandler: Failed appendEntries: org.apache.ratis.thirdparty.io.grpc.StatusRuntimeException: UNAVAILABLE: io exception
2019-10-21 04:40:22,397 [omNode-1@group-523986131536-SegmentedRaftLogWorker] INFO  segmented.SegmentedRaftLogWorker (SegmentedRaftLogWorker.java:execute(574)) - omNode-1@group-523986131536-SegmentedRaftLogWorker: created new log segment /workdir/hadoop-ozone/integration-test/target/test-dir/MiniOzoneClusterImpl-908613f1-7148-4657-b39e-d6fc88855e70/omNode-1/ratis/c9bc4cf4-3bc3-3c60-a66b-523986131536/current/log_inprogress_343
2019-10-21 04:40:22,397 [omNode-3@group-523986131536-SegmentedRaftLogWorker] INFO  segmented.SegmentedRaftLogWorker (SegmentedRaftLogWorker.java:execute(574)) - omNode-3@group-523986131536-SegmentedRaftLogWorker: created new log segment /workdir/hadoop-ozone/integration-test/target/test-dir/MiniOzoneClusterImpl-908613f1-7148-4657-b39e-d6fc88855e70/omNode-3/ratis/c9bc4cf4-3bc3-3c60-a66b-523986131536/current/log_inprogress_343
2019-10-21 04:40:22,399 [grpc-default-executor-10] INFO  impl.FollowerInfo (FollowerInfo.java:lambda$new$0(51)) - omNode-1@group-523986131536->omNode-2: nextIndex: updateUnconditionally 344 -> 44
2019-10-21 04:40:22,408 [grpc-default-executor-12] WARN  server.GrpcLogAppender (LogUtils.java:warn(134)) - omNode-1@group-523986131536->omNode-2-AppendLogResponseHandler: Failed appendEntries: org.apache.ratis.thirdparty.io.grpc.StatusRuntimeException: UNAVAILABLE: io exception
2019-10-21 04:40:22,408 [grpc-default-executor-12] INFO  impl.FollowerInfo (FollowerInfo.java:lambda$new$0(51)) - omNode-1@group-523986131536->omNode-2: nextIndex: updateUnconditionally 345 -> 44
2019-10-21 04:40:22,410 [grpc-default-executor-11] WARN  server.GrpcLogAppender (LogUtils.java:warn(134)) - omNode-1@group-523986131536->omNode-2-AppendLogResponseHandler: Failed appendEntries: org.apache.ratis.thirdparty.io.grpc.StatusRuntimeException: UNAVAILABLE: io exception
2019-10-21 04:40:22,410 [grpc-default-executor-11] INFO  impl.FollowerInfo (FollowerInfo.java:lambda$new$0(51)) - omNode-1@group-523986131536->omNode-2: nextIndex: updateUnconditionally 346 -> 44
2019-10-21 04:40:22,413 [grpc-default-executor-10] WARN  server.GrpcLogAppender (LogUtils.java:warn(134)) - omNode-1@group-523986131536->omNode-2-AppendLogResponseHandler: Failed appendEntries: org.apache.ratis.thirdparty.io.grpc.StatusRuntimeException: UNAVAILABLE: io exception
2019-10-21 04:40:22,413 [grpc-default-executor-10] INFO  impl.FollowerInfo (FollowerInfo.java:lambda$new$0(51)) - omNode-1@group-523986131536->omNode-2: nextIndex: updateUnconditionally 346 -> 44
2019-10-21 04:40:22,421 [grpc-default-executor-11] WARN  server.GrpcLogAppender (LogUtils.java:warn(134)) - omNode-1@group-523986131536->omNode-2-AppendLogResponseHandler: Failed appendEntries: org.apache.ratis.thirdparty.io.grpc.StatusRuntimeException: UNAVAILABLE: io exception
2019-10-21 04:40:22,421 [grpc-default-executor-11] INFO  impl.FollowerInfo (FollowerInfo.java:lambda$new$0(51)) - omNode-1@group-523986131536->omNode-2: nextIndex: updateUnconditionally 348 -> 44
2019-10-21 04:40:22,426 [grpc-default-executor-12] WARN  server.GrpcLogAppender (LogUtils.java:warn(134)) - omNode-1@group-523986131536->omNode-2-AppendLogResponseHandler: Failed appendEntries: org.apache.ratis.thirdparty.io.grpc.StatusRuntimeException: UNAVAILABLE: io exception
2019-10-21 04:40:22,426 [grpc-default-executor-12] INFO  impl.FollowerInfo (FollowerInfo.java:lambda$new$0(51)) - omNode-1@group-523986131536->omNode-2: nextIndex: updateUnconditionally 348 -> 44
2019-10-21 04:40:22,430 [grpc-default-executor-10] WARN  server.GrpcLogAppender (LogUtils.java:warn(134)) - omNode-1@group-523986131536->omNode-2-AppendLogResponseHandler: Failed appendEntries: org.apache.ratis.thirdparty.io.grpc.StatusRuntimeException: UNAVAILABLE: io exception
2019-10-21 04:40:22,430 [grpc-default-executor-10] INFO  impl.FollowerInfo (FollowerInfo.java:lambda$new$0(51)) - omNode-1@group-523986131536->omNode-2: nextIndex: updateUnconditionally 350 -> 44
2019-10-21 04:40:22,440 [omNode-1@group-523986131536-StateMachineUpdater] INFO  ratis.OzoneManagerStateMachine (OzoneManagerStateMachine.java:takeSnapshot(254)) - Saving Ratis snapshot on the OM.
2019-10-21 04:40:22,440 [grpc-default-executor-10] WARN  server.GrpcLogAppender (LogUtils.java:warn(134)) - omNode-1@group-523986131536->omNode-2-AppendLogResponseHandler: Failed appendEntries: org.apache.ratis.thirdparty.io.grpc.StatusRuntimeException: UNAVAILABLE: io exception
2019-10-21 04:40:22,440 [omNode-1@group-523986131536-StateMachineUpdater] INFO  ratis.OMRatisSnapshotInfo (OMRatisSnapshotInfo.java:saveRatisSnapshotToDisk(107)) - Saved Ratis Snapshot on the OM with snapshotIndex 349
2019-10-21 04:40:22,441 [grpc-default-executor-10] INFO  impl.FollowerInfo (FollowerInfo.java:lambda$new$0(51)) - omNode-1@group-523986131536->omNode-2: nextIndex: updateUnconditionally 350 -> 44
2019-10-21 04:40:22,441 [omNode-1@group-523986131536-StateMachineUpdater] INFO  impl.StateMachineUpdater (StateMachineUpdater.java:takeSnapshot(269)) - omNode-1@group-523986131536-StateMachineUpdater: Took a snapshot at index 349
2019-10-21 04:40:22,441 [omNode-1@group-523986131536-StateMachineUpdater] INFO  impl.StateMachineUpdater (StateMachineUpdater.java:lambda$new$0(84)) - omNode-1@group-523986131536-StateMachineUpdater: snapshotIndex: updateIncreasingly 299 -> 349
2019-10-21 04:40:22,447 [grpc-default-executor-11] WARN  server.GrpcLogAppender (LogUtils.java:warn(134)) - omNode-1@group-523986131536->omNode-2-AppendLogResponseHandler: Failed appendEntries: org.apache.ratis.thirdparty.io.grpc.StatusRuntimeException: UNAVAILABLE: io exception
2019-10-21 04:40:22,448 [grpc-default-executor-11] INFO  impl.FollowerInfo (FollowerInfo.java:lambda$new$0(51)) - omNode-1@group-523986131536->omNode-2: nextIndex: updateUnconditionally 352 -> 44
2019-10-21 04:40:22,452 [omNode-3@group-523986131536-StateMachineUpdater] INFO  ratis.OzoneManagerStateMachine (OzoneManagerStateMachine.java:takeSnapshot(254)) - Saving Ratis snapshot on the OM.
2019-10-21 04:40:22,452 [omNode-3@group-523986131536-StateMachineUpdater] INFO  ratis.OMRatisSnapshotInfo (OMRatisSnapshotInfo.java:saveRatisSnapshotToDisk(107)) - Saved Ratis Snapshot on the OM with snapshotIndex 349
2019-10-21 04:40:22,452 [omNode-3@group-523986131536-StateMachineUpdater] INFO  impl.StateMachineUpdater (StateMachineUpdater.java:takeSnapshot(269)) - omNode-3@group-523986131536-StateMachineUpdater: Took a snapshot at index 349
2019-10-21 04:40:22,452 [omNode-3@group-523986131536-StateMachineUpdater] INFO  impl.StateMachineUpdater (StateMachineUpdater.java:lambda$new$0(84)) - omNode-3@group-523986131536-StateMachineUpdater: snapshotIndex: updateIncreasingly 299 -> 349
2019-10-21 04:40:22,454 [grpc-default-executor-12] WARN  server.GrpcLogAppender (LogUtils.java:warn(134)) - omNode-1@group-523986131536->omNode-2-AppendLogResponseHandler: Failed appendEntries: org.apache.ratis.thirdparty.io.grpc.StatusRuntimeException: UNAVAILABLE: io exception
2019-10-21 04:40:22,454 [grpc-default-executor-12] INFO  impl.FollowerInfo (FollowerInfo.java:lambda$new$0(51)) - omNode-1@group-523986131536->omNode-2: nextIndex: updateUnconditionally 352 -> 44
2019-10-21 04:40:22,457 [grpc-default-executor-12] WARN  server.GrpcLogAppender (LogUtils.java:warn(134)) - omNode-1@group-523986131536->omNode-2-AppendLogResponseHandler: Failed appendEntries: org.apache.ratis.thirdparty.io.grpc.StatusRuntimeException: UNAVAILABLE: io exception
2019-10-21 04:40:22,457 [grpc-default-executor-12] INFO  impl.FollowerInfo (FollowerInfo.java:lambda$new$0(51)) - omNode-1@group-523986131536->omNode-2: nextIndex: updateUnconditionally 353 -> 44
2019-10-21 04:40:22,469 [grpc-default-executor-12] WARN  server.GrpcLogAppender (LogUtils.java:warn(134)) - omNode-1@group-523986131536->omNode-2-AppendLogResponseHandler: Failed appendEntries: org.apache.ratis.thirdparty.io.grpc.StatusRuntimeException: UNAVAILABLE: io exception
2019-10-21 04:40:22,469 [grpc-default-executor-12] INFO  impl.FollowerInfo (FollowerInfo.java:lambda$new$0(51)) - omNode-1@group-523986131536->omNode-2: nextIndex: updateUnconditionally 355 -> 44
2019-10-21 04:40:22,475 [grpc-default-executor-10] WARN  server.GrpcLogAppender (LogUtils.java:warn(134)) - omNode-1@group-523986131536->omNode-2-AppendLogResponseHandler: Failed appendEntries: org.apache.ratis.thirdparty.io.grpc.StatusRuntimeException: UNAVAILABLE: io exception
2019-10-21 04:40:22,476 [grpc-default-executor-10] INFO  impl.FollowerInfo (FollowerInfo.java:lambda$new$0(51)) - omNode-1@group-523986131536->omNode-2: nextIndex: updateUnconditionally 356 -> 44
2019-10-21 04:40:22,478 [grpc-default-executor-12] WARN  server.GrpcLogAppender (LogUtils.java:warn(134)) - omNode-1@group-523986131536->omNode-2-AppendLogResponseHandler: Failed appendEntries: org.apache.ratis.thirdparty.io.grpc.StatusRuntimeException: UNAVAILABLE: io exception
2019-10-21 04:40:22,478 [grpc-default-executor-12] INFO  impl.FollowerInfo (FollowerInfo.java:lambda$new$0(51)) - omNode-1@group-523986131536->omNode-2: nextIndex: updateUnconditionally 357 -> 44
2019-10-21 04:40:22,480 [grpc-default-executor-11] WARN  server.GrpcLogAppender (LogUtils.java:warn(134)) - omNode-1@group-523986131536->omNode-2-AppendLogResponseHandler: Failed appendEntries: org.apache.ratis.thirdparty.io.grpc.StatusRuntimeException: UNAVAILABLE: io exception
2019-10-21 04:40:22,480 [grpc-default-executor-11] INFO  impl.FollowerInfo (FollowerInfo.java:lambda$new$0(51)) - omNode-1@group-523986131536->omNode-2: nextIndex: updateUnconditionally 358 -> 44
2019-10-21 04:40:22,490 [grpc-default-executor-11] WARN  server.GrpcLogAppender (LogUtils.java:warn(134)) - omNode-1@group-523986131536->omNode-2-AppendLogResponseHandler: Failed appendEntries: org.apache.ratis.thirdparty.io.grpc.StatusRuntimeException: UNAVAILABLE: io exception
2019-10-21 04:40:22,490 [grpc-default-executor-11] INFO  impl.FollowerInfo (FollowerInfo.java:lambda$new$0(51)) - omNode-1@group-523986131536->omNode-2: nextIndex: updateUnconditionally 358 -> 44
2019-10-21 04:40:22,497 [grpc-default-executor-12] WARN  server.GrpcLogAppender (LogUtils.java:warn(134)) - omNode-1@group-523986131536->omNode-2-AppendLogResponseHandler: Failed appendEntries: org.apache.ratis.thirdparty.io.grpc.StatusRuntimeException: UNAVAILABLE: io exception
2019-10-21 04:40:22,497 [grpc-default-executor-12] INFO  impl.FollowerInfo (FollowerInfo.java:lambda$new$0(51)) - omNode-1@group-523986131536->omNode-2: nextIndex: updateUnconditionally 360 -> 44
2019-10-21 04:40:22,504 [grpc-default-executor-11] WARN  server.GrpcLogAppender (LogUtils.java:warn(134)) - omNode-1@group-523986131536->omNode-2-AppendLogResponseHandler: Failed appendEntries: org.apache.ratis.thirdparty.io.grpc.StatusRuntimeException: UNAVAILABLE: io exception
2019-10-21 04:40:22,504 [grpc-default-executor-11] INFO  impl.FollowerInfo (FollowerInfo.java:lambda$new$0(51)) - omNode-1@group-523986131536->omNode-2: nextIndex: updateUnconditionally 360 -> 44
2019-10-21 04:40:22,507 [grpc-default-executor-10] WARN  server.GrpcLogAppender (LogUtils.java:warn(134)) - omNode-1@group-523986131536->omNode-2-AppendLogResponseHandler: Failed appendEntries: org.apache.ratis.thirdparty.io.grpc.StatusRuntimeException: UNAVAILABLE: io exception
2019-10-21 04:40:22,507 [grpc-default-executor-10] INFO  impl.FollowerInfo (FollowerInfo.java:lambda$new$0(51)) - omNode-1@group-523986131536->omNode-2: nextIndex: updateUnconditionally 362 -> 44
2019-10-21 04:40:22,517 [grpc-default-executor-12] WARN  server.GrpcLogAppender (LogUtils.java:warn(134)) - omNode-1@group-523986131536->omNode-2-AppendLogResponseHandler: Failed appendEntries: org.apache.ratis.thirdparty.io.grpc.StatusRuntimeException: UNAVAILABLE: io exception
2019-10-21 04:40:22,517 [grpc-default-executor-12] INFO  impl.FollowerInfo (FollowerInfo.java:lambda$new$0(51)) - omNode-1@group-523986131536->omNode-2: nextIndex: updateUnconditionally 362 -> 44
2019-10-21 04:40:22,528 [grpc-default-executor-12] WARN  server.GrpcLogAppender (LogUtils.java:warn(134)) - omNode-1@group-523986131536->omNode-2-AppendLogResponseHandler: Failed appendEntries: org.apache.ratis.thirdparty.io.grpc.StatusRuntimeException: UNAVAILABLE: io exception
2019-10-21 04:40:22,528 [grpc-default-executor-12] INFO  impl.FollowerInfo (FollowerInfo.java:lambda$new$0(51)) - omNode-1@group-523986131536->omNode-2: nextIndex: updateUnconditionally 364 -> 44
2019-10-21 04:40:22,530 [grpc-default-executor-12] WARN  server.GrpcLogAppender (LogUtils.java:warn(134)) - omNode-1@group-523986131536->omNode-2-AppendLogResponseHandler: Failed appendEntries: org.apache.ratis.thirdparty.io.grpc.StatusRuntimeException: UNAVAILABLE: io exception
2019-10-21 04:40:22,530 [grpc-default-executor-12] INFO  impl.FollowerInfo (FollowerInfo.java:lambda$new$0(51)) - omNode-1@group-523986131536->omNode-2: nextIndex: updateUnconditionally 364 -> 44
2019-10-21 04:40:22,533 [grpc-default-executor-12] WARN  server.GrpcLogAppender (LogUtils.java:warn(134)) - omNode-1@group-523986131536->omNode-2-AppendLogResponseHandler: Failed appendEntries: org.apache.ratis.thirdparty.io.grpc.StatusRuntimeException: UNAVAILABLE: io exception
2019-10-21 04:40:22,534 [grpc-default-executor-12] INFO  impl.FollowerInfo (FollowerInfo.java:lambda$new$0(51)) - omNode-1@group-523986131536->omNode-2: nextIndex: updateUnconditionally 366 -> 44
2019-10-21 04:40:22,544 [grpc-default-executor-12] WARN  server.GrpcLogAppender (LogUtils.java:warn(134)) - omNode-1@group-523986131536->omNode-2-AppendLogResponseHandler: Failed appendEntries: org.apache.ratis.thirdparty.io.grpc.StatusRuntimeException: UNAVAILABLE: io exception
2019-10-21 04:40:22,545 [grpc-default-executor-12] INFO  impl.FollowerInfo (FollowerInfo.java:lambda$new$0(51)) - omNode-1@group-523986131536->omNode-2: nextIndex: updateUnconditionally 366 -> 44
2019-10-21 04:40:22,552 [grpc-default-executor-12] WARN  server.GrpcLogAppender (LogUtils.java:warn(134)) - omNode-1@group-523986131536->omNode-2-AppendLogResponseHandler: Failed appendEntries: org.apache.ratis.thirdparty.io.grpc.StatusRuntimeException: UNAVAILABLE: io exception
2019-10-21 04:40:22,552 [grpc-default-executor-12] INFO  impl.FollowerInfo (FollowerInfo.java:lambda$new$0(51)) - omNode-1@group-523986131536->omNode-2: nextIndex: updateUnconditionally 367 -> 44
2019-10-21 04:40:22,559 [grpc-default-executor-12] WARN  server.GrpcLogAppender (LogUtils.java:warn(134)) - omNode-1@group-523986131536->omNode-2-AppendLogResponseHandler: Failed appendEntries: org.apache.ratis.thirdparty.io.grpc.StatusRuntimeException: UNAVAILABLE: io exception
2019-10-21 04:40:22,559 [grpc-default-executor-12] INFO  impl.FollowerInfo (FollowerInfo.java:lambda$new$0(51)) - omNode-1@group-523986131536->omNode-2: nextIndex: updateUnconditionally 369 -> 44
2019-10-21 04:40:22,561 [grpc-default-executor-12] WARN  server.GrpcLogAppender (LogUtils.java:warn(134)) - omNode-1@group-523986131536->omNode-2-AppendLogResponseHandler: Failed appendEntries: org.apache.ratis.thirdparty.io.grpc.StatusRuntimeException: UNAVAILABLE: io exception
2019-10-21 04:40:22,561 [grpc-default-executor-12] INFO  impl.FollowerInfo (FollowerInfo.java:lambda$new$0(51)) - omNode-1@group-523986131536->omNode-2: nextIndex: updateUnconditionally 370 -> 44
2019-10-21 04:40:22,571 [grpc-default-executor-10] WARN  server.GrpcLogAppender (LogUtils.java:warn(134)) - omNode-1@group-523986131536->omNode-2-AppendLogResponseHandler: Failed appendEntries: org.apache.ratis.thirdparty.io.grpc.StatusRuntimeException: UNAVAILABLE: io exception
2019-10-21 04:40:22,571 [grpc-default-executor-10] INFO  impl.FollowerInfo (FollowerInfo.java:lambda$new$0(51)) - omNode-1@group-523986131536->omNode-2: nextIndex: updateUnconditionally 370 -> 44
2019-10-21 04:40:22,580 [grpc-default-executor-11] WARN  server.GrpcLogAppender (LogUtils.java:warn(134)) - omNode-1@group-523986131536->omNode-2-AppendLogResponseHandler: Failed appendEntries: org.apache.ratis.thirdparty.io.grpc.StatusRuntimeException: UNAVAILABLE: io exception
2019-10-21 04:40:22,580 [grpc-default-executor-11] INFO  impl.FollowerInfo (FollowerInfo.java:lambda$new$0(51)) - omNode-1@group-523986131536->omNode-2: nextIndex: updateUnconditionally 372 -> 44
2019-10-21 04:40:22,584 [grpc-default-executor-12] WARN  server.GrpcLogAppender (LogUtils.java:warn(134)) - omNode-1@group-523986131536->omNode-2-AppendLogResponseHandler: Failed appendEntries: org.apache.ratis.thirdparty.io.grpc.StatusRuntimeException: UNAVAILABLE: io exception
2019-10-21 04:40:22,585 [grpc-default-executor-12] INFO  impl.FollowerInfo (FollowerInfo.java:lambda$new$0(51)) - omNode-1@group-523986131536->omNode-2: nextIndex: updateUnconditionally 372 -> 44
2019-10-21 04:40:22,588 [grpc-default-executor-11] WARN  server.GrpcLogAppender (LogUtils.java:warn(134)) - omNode-1@group-523986131536->omNode-2-AppendLogResponseHandler: Failed appendEntries: org.apache.ratis.thirdparty.io.grpc.StatusRuntimeException: UNAVAILABLE: io exception
2019-10-21 04:40:22,588 [grpc-default-executor-11] INFO  impl.FollowerInfo (FollowerInfo.java:lambda$new$0(51)) - omNode-1@group-523986131536->omNode-2: nextIndex: updateUnconditionally 374 -> 44
2019-10-21 04:40:22,596 [grpc-default-executor-12] WARN  server.GrpcLogAppender (LogUtils.java:warn(134)) - omNode-1@group-523986131536->omNode-2-AppendLogResponseHandler: Failed appendEntries: org.apache.ratis.thirdparty.io.grpc.StatusRuntimeException: UNAVAILABLE: io exception
2019-10-21 04:40:22,596 [grpc-default-executor-12] INFO  impl.FollowerInfo (FollowerInfo.java:lambda$new$0(51)) - omNode-1@group-523986131536->omNode-2: nextIndex: updateUnconditionally 374 -> 44
2019-10-21 04:40:22,603 [grpc-default-executor-12] WARN  server.GrpcLogAppender (LogUtils.java:warn(134)) - omNode-1@group-523986131536->omNode-2-AppendLogResponseHandler: Failed appendEntries: org.apache.ratis.thirdparty.io.grpc.StatusRuntimeException: UNAVAILABLE: io exception
2019-10-21 04:40:22,603 [grpc-default-executor-12] INFO  impl.FollowerInfo (FollowerInfo.java:lambda$new$0(51)) - omNode-1@group-523986131536->omNode-2: nextIndex: updateUnconditionally 376 -> 44
2019-10-21 04:40:22,609 [grpc-default-executor-10] WARN  server.GrpcLogAppender (LogUtils.java:warn(134)) - omNode-1@group-523986131536->omNode-2-AppendLogResponseHandler: Failed appendEntries: org.apache.ratis.thirdparty.io.grpc.StatusRuntimeException: UNAVAILABLE: io exception
2019-10-21 04:40:22,609 [grpc-default-executor-10] INFO  impl.FollowerInfo (FollowerInfo.java:lambda$new$0(51)) - omNode-1@group-523986131536->omNode-2: nextIndex: updateUnconditionally 376 -> 44
2019-10-21 04:40:22,613 [grpc-default-executor-11] WARN  server.GrpcLogAppender (LogUtils.java:warn(134)) - omNode-1@group-523986131536->omNode-2-AppendLogResponseHandler: Failed appendEntries: org.apache.ratis.thirdparty.io.grpc.StatusRuntimeException: UNAVAILABLE: io exception
2019-10-21 04:40:22,613 [grpc-default-executor-11] INFO  impl.FollowerInfo (FollowerInfo.java:lambda$new$0(51)) - omNode-1@group-523986131536->omNode-2: nextIndex: updateUnconditionally 378 -> 44
2019-10-21 04:40:22,620 [grpc-default-executor-12] WARN  server.GrpcLogAppender (LogUtils.java:warn(134)) - omNode-1@group-523986131536->omNode-2-AppendLogResponseHandler: Failed appendEntries: org.apache.ratis.thirdparty.io.grpc.StatusRuntimeException: UNAVAILABLE: io exception
2019-10-21 04:40:22,620 [grpc-default-executor-12] INFO  impl.FollowerInfo (FollowerInfo.java:lambda$new$0(51)) - omNode-1@group-523986131536->omNode-2: nextIndex: updateUnconditionally 378 -> 44
2019-10-21 04:40:22,627 [grpc-default-executor-12] WARN  server.GrpcLogAppender (LogUtils.java:warn(134)) - omNode-1@group-523986131536->omNode-2-AppendLogResponseHandler: Failed appendEntries: org.apache.ratis.thirdparty.io.grpc.StatusRuntimeException: UNAVAILABLE: io exception
2019-10-21 04:40:22,628 [grpc-default-executor-12] INFO  impl.FollowerInfo (FollowerInfo.java:lambda$new$0(51)) - omNode-1@group-523986131536->omNode-2: nextIndex: updateUnconditionally 380 -> 44
2019-10-21 04:40:22,634 [grpc-default-executor-10] WARN  server.GrpcLogAppender (LogUtils.java:warn(134)) - omNode-1@group-523986131536->omNode-2-AppendLogResponseHandler: Failed appendEntries: org.apache.ratis.thirdparty.io.grpc.StatusRuntimeException: UNAVAILABLE: io exception
2019-10-21 04:40:22,635 [grpc-default-executor-10] INFO  impl.FollowerInfo (FollowerInfo.java:lambda$new$0(51)) - omNode-1@group-523986131536->omNode-2: nextIndex: updateUnconditionally 380 -> 44
2019-10-21 04:40:22,638 [grpc-default-executor-12] WARN  server.GrpcLogAppender (LogUtils.java:warn(134)) - omNode-1@group-523986131536->omNode-2-AppendLogResponseHandler: Failed appendEntries: org.apache.ratis.thirdparty.io.grpc.StatusRuntimeException: UNAVAILABLE: io exception
2019-10-21 04:40:22,638 [grpc-default-executor-12] INFO  impl.FollowerInfo (FollowerInfo.java:lambda$new$0(51)) - omNode-1@group-523986131536->omNode-2: nextIndex: updateUnconditionally 382 -> 44
2019-10-21 04:40:22,645 [grpc-default-executor-11] WARN  server.GrpcLogAppender (LogUtils.java:warn(134)) - omNode-1@group-523986131536->omNode-2-AppendLogResponseHandler: Failed appendEntries: org.apache.ratis.thirdparty.io.grpc.StatusRuntimeException: UNAVAILABLE: io exception
2019-10-21 04:40:22,645 [grpc-default-executor-11] INFO  impl.FollowerInfo (FollowerInfo.java:lambda$new$0(51)) - omNode-1@group-523986131536->omNode-2: nextIndex: updateUnconditionally 382 -> 44
2019-10-21 04:40:22,659 [grpc-default-executor-12] WARN  server.GrpcLogAppender (LogUtils.java:warn(134)) - omNode-1@group-523986131536->omNode-2-AppendLogResponseHandler: Failed appendEntries: org.apache.ratis.thirdparty.io.grpc.StatusRuntimeException: UNAVAILABLE: io exception
2019-10-21 04:40:22,659 [grpc-default-executor-12] INFO  impl.FollowerInfo (FollowerInfo.java:lambda$new$0(51)) - omNode-1@group-523986131536->omNode-2: nextIndex: updateUnconditionally 384 -> 44
2019-10-21 04:40:22,669 [grpc-default-executor-10] WARN  server.GrpcLogAppender (LogUtils.java:warn(134)) - omNode-1@group-523986131536->omNode-2-AppendLogResponseHandler: Failed appendEntries: org.apache.ratis.thirdparty.io.grpc.StatusRuntimeException: UNAVAILABLE: io exception
2019-10-21 04:40:22,669 [grpc-default-executor-10] INFO  impl.FollowerInfo (FollowerInfo.java:lambda$new$0(51)) - omNode-1@group-523986131536->omNode-2: nextIndex: updateUnconditionally 385 -> 44
2019-10-21 04:40:22,672 [grpc-default-executor-11] WARN  server.GrpcLogAppender (LogUtils.java:warn(134)) - omNode-1@group-523986131536->omNode-2-AppendLogResponseHandler: Failed appendEntries: org.apache.ratis.thirdparty.io.grpc.StatusRuntimeException: UNAVAILABLE: io exception
2019-10-21 04:40:22,672 [grpc-default-executor-11] INFO  impl.FollowerInfo (FollowerInfo.java:lambda$new$0(51)) - omNode-1@group-523986131536->omNode-2: nextIndex: updateUnconditionally 386 -> 44
2019-10-21 04:40:22,678 [grpc-default-executor-12] WARN  server.GrpcLogAppender (LogUtils.java:warn(134)) - omNode-1@group-523986131536->omNode-2-AppendLogResponseHandler: Failed appendEntries: org.apache.ratis.thirdparty.io.grpc.StatusRuntimeException: UNAVAILABLE: io exception
2019-10-21 04:40:22,678 [grpc-default-executor-12] INFO  impl.FollowerInfo (FollowerInfo.java:lambda$new$0(51)) - omNode-1@group-523986131536->omNode-2: nextIndex: updateUnconditionally 386 -> 44
2019-10-21 04:40:22,686 [grpc-default-executor-10] WARN  server.GrpcLogAppender (LogUtils.java:warn(134)) - omNode-1@group-523986131536->omNode-2-AppendLogResponseHandler: Failed appendEntries: org.apache.ratis.thirdparty.io.grpc.StatusRuntimeException: UNAVAILABLE: io exception
2019-10-21 04:40:22,686 [grpc-default-executor-10] INFO  impl.FollowerInfo (FollowerInfo.java:lambda$new$0(51)) - omNode-1@group-523986131536->omNode-2: nextIndex: updateUnconditionally 388 -> 44
2019-10-21 04:40:22,692 [grpc-default-executor-12] WARN  server.GrpcLogAppender (LogUtils.java:warn(134)) - omNode-1@group-523986131536->omNode-2-AppendLogResponseHandler: Failed appendEntries: org.apache.ratis.thirdparty.io.grpc.StatusRuntimeException: UNAVAILABLE: io exception
2019-10-21 04:40:22,693 [grpc-default-executor-12] INFO  impl.FollowerInfo (FollowerInfo.java:lambda$new$0(51)) - omNode-1@group-523986131536->omNode-2: nextIndex: updateUnconditionally 388 -> 44
2019-10-21 04:40:22,696 [grpc-default-executor-11] WARN  server.GrpcLogAppender (LogUtils.java:warn(134)) - omNode-1@group-523986131536->omNode-2-AppendLogResponseHandler: Failed appendEntries: org.apache.ratis.thirdparty.io.grpc.StatusRuntimeException: UNAVAILABLE: io exception
2019-10-21 04:40:22,697 [grpc-default-executor-11] INFO  impl.FollowerInfo (FollowerInfo.java:lambda$new$0(51)) - omNode-1@group-523986131536->omNode-2: nextIndex: updateUnconditionally 390 -> 44
2019-10-21 04:40:22,706 [grpc-default-executor-10] WARN  server.GrpcLogAppender (LogUtils.java:warn(134)) - omNode-1@group-523986131536->omNode-2-AppendLogResponseHandler: Failed appendEntries: org.apache.ratis.thirdparty.io.grpc.StatusRuntimeException: UNAVAILABLE: io exception
2019-10-21 04:40:22,706 [grpc-default-executor-10] INFO  impl.FollowerInfo (FollowerInfo.java:lambda$new$0(51)) - omNode-1@group-523986131536->omNode-2: nextIndex: updateUnconditionally 390 -> 44
2019-10-21 04:40:22,712 [grpc-default-executor-10] WARN  server.GrpcLogAppender (LogUtils.java:warn(134)) - omNode-1@group-523986131536->omNode-2-AppendLogResponseHandler: Failed appendEntries: org.apache.ratis.thirdparty.io.grpc.StatusRuntimeException: UNAVAILABLE: io exception
2019-10-21 04:40:22,713 [grpc-default-executor-10] INFO  impl.FollowerInfo (FollowerInfo.java:lambda$new$0(51)) - omNode-1@group-523986131536->omNode-2: nextIndex: updateUnconditionally 392 -> 44
2019-10-21 04:40:22,719 [grpc-default-executor-12] WARN  server.GrpcLogAppender (LogUtils.java:warn(134)) - omNode-1@group-523986131536->omNode-2-AppendLogResponseHandler: Failed appendEntries: org.apache.ratis.thirdparty.io.grpc.StatusRuntimeException: UNAVAILABLE: io exception
2019-10-21 04:40:22,719 [grpc-default-executor-12] INFO  impl.FollowerInfo (FollowerInfo.java:lambda$new$0(51)) - omNode-1@group-523986131536->omNode-2: nextIndex: updateUnconditionally 392 -> 44
2019-10-21 04:40:22,723 [grpc-default-executor-12] WARN  server.GrpcLogAppender (LogUtils.java:warn(134)) - omNode-1@group-523986131536->omNode-2-AppendLogResponseHandler: Failed appendEntries: org.apache.ratis.thirdparty.io.grpc.StatusRuntimeException: UNAVAILABLE: io exception
2019-10-21 04:40:22,723 [grpc-default-executor-12] INFO  impl.FollowerInfo (FollowerInfo.java:lambda$new$0(51)) - omNode-1@group-523986131536->omNode-2: nextIndex: updateUnconditionally 394 -> 44
2019-10-21 04:40:22,732 [grpc-default-executor-12] WARN  server.GrpcLogAppender (LogUtils.java:warn(134)) - omNode-1@group-523986131536->omNode-2-AppendLogResponseHandler: Failed appendEntries: org.apache.ratis.thirdparty.io.grpc.StatusRuntimeException: UNAVAILABLE: io exception
2019-10-21 04:40:22,732 [grpc-default-executor-12] INFO  impl.FollowerInfo (FollowerInfo.java:lambda$new$0(51)) - omNode-1@group-523986131536->omNode-2: nextIndex: updateUnconditionally 394 -> 44
2019-10-21 04:40:22,743 [grpc-default-executor-10] WARN  server.GrpcLogAppender (LogUtils.java:warn(134)) - omNode-1@group-523986131536->omNode-2-AppendLogResponseHandler: Failed appendEntries: org.apache.ratis.thirdparty.io.grpc.StatusRuntimeException: UNAVAILABLE: io exception
2019-10-21 04:40:22,743 [grpc-default-executor-10] INFO  impl.FollowerInfo (FollowerInfo.java:lambda$new$0(51)) - omNode-1@group-523986131536->omNode-2: nextIndex: updateUnconditionally 396 -> 44
2019-10-21 04:40:22,746 [grpc-default-executor-11] WARN  server.GrpcLogAppender (LogUtils.java:warn(134)) - omNode-1@group-523986131536->omNode-2-AppendLogResponseHandler: Failed appendEntries: org.apache.ratis.thirdparty.io.grpc.StatusRuntimeException: UNAVAILABLE: io exception
2019-10-21 04:40:22,746 [grpc-default-executor-11] INFO  impl.FollowerInfo (FollowerInfo.java:lambda$new$0(51)) - omNode-1@group-523986131536->omNode-2: nextIndex: updateUnconditionally 397 -> 44
2019-10-21 04:40:22,749 [grpc-default-executor-11] WARN  server.GrpcLogAppender (LogUtils.java:warn(134)) - omNode-1@group-523986131536->omNode-2-AppendLogResponseHandler: Failed appendEntries: org.apache.ratis.thirdparty.io.grpc.StatusRuntimeException: UNAVAILABLE: io exception
2019-10-21 04:40:22,749 [grpc-default-executor-11] INFO  impl.FollowerInfo (FollowerInfo.java:lambda$new$0(51)) - omNode-1@group-523986131536->omNode-2: nextIndex: updateUnconditionally 398 -> 44
2019-10-21 04:40:22,755 [grpc-default-executor-12] WARN  server.GrpcLogAppender (LogUtils.java:warn(134)) - omNode-1@group-523986131536->omNode-2-AppendLogResponseHandler: Failed appendEntries: org.apache.ratis.thirdparty.io.grpc.StatusRuntimeException: UNAVAILABLE: io exception
2019-10-21 04:40:22,755 [grpc-default-executor-12] INFO  impl.FollowerInfo (FollowerInfo.java:lambda$new$0(51)) - omNode-1@group-523986131536->omNode-2: nextIndex: updateUnconditionally 398 -> 44
2019-10-21 04:40:22,771 [grpc-default-executor-12] WARN  server.GrpcLogAppender (LogUtils.java:warn(134)) - omNode-1@group-523986131536->omNode-2-AppendLogResponseHandler: Failed appendEntries: org.apache.ratis.thirdparty.io.grpc.StatusRuntimeException: UNAVAILABLE: io exception
2019-10-21 04:40:22,771 [grpc-default-executor-12] INFO  impl.FollowerInfo (FollowerInfo.java:lambda$new$0(51)) - omNode-1@group-523986131536->omNode-2: nextIndex: updateUnconditionally 399 -> 44
2019-10-21 04:40:22,772 [grpc-default-worker-ELG-3-1] WARN  nio.NioEventLoop (NioEventLoop.java:select(786)) - Selector.select() returned prematurely {} times in a row; rebuilding Selector {}.
2019-10-21 04:40:22,772 [grpc-default-worker-ELG-3-1] INFO  nio.NioEventLoop (NioEventLoop.java:rebuildSelector0(396)) - Migrated 0 channel(s) to the new Selector.
2019-10-21 04:40:22,777 [omNode-1@group-523986131536-StateMachineUpdater] INFO  ratis.OzoneManagerStateMachine (OzoneManagerStateMachine.java:takeSnapshot(254)) - Saving Ratis snapshot on the OM.
2019-10-21 04:40:22,777 [omNode-1@group-523986131536-StateMachineUpdater] INFO  ratis.OMRatisSnapshotInfo (OMRatisSnapshotInfo.java:saveRatisSnapshotToDisk(107)) - Saved Ratis Snapshot on the OM with snapshotIndex 399
2019-10-21 04:40:22,777 [omNode-1@group-523986131536-StateMachineUpdater] INFO  impl.StateMachineUpdater (StateMachineUpdater.java:takeSnapshot(269)) - omNode-1@group-523986131536-StateMachineUpdater: Took a snapshot at index 399
2019-10-21 04:40:22,778 [omNode-1@group-523986131536-StateMachineUpdater] INFO  impl.StateMachineUpdater (StateMachineUpdater.java:lambda$new$0(84)) - omNode-1@group-523986131536-StateMachineUpdater: snapshotIndex: updateIncreasingly 349 -> 399
2019-10-21 04:40:22,779 [grpc-default-executor-11] WARN  server.GrpcLogAppender (LogUtils.java:warn(134)) - omNode-1@group-523986131536->omNode-2-AppendLogResponseHandler: Failed appendEntries: org.apache.ratis.thirdparty.io.grpc.StatusRuntimeException: UNAVAILABLE: io exception
2019-10-21 04:40:22,779 [grpc-default-executor-11] INFO  impl.FollowerInfo (FollowerInfo.java:lambda$new$0(51)) - omNode-1@group-523986131536->omNode-2: nextIndex: updateUnconditionally 401 -> 44
2019-10-21 04:40:22,785 [omNode-3@group-523986131536-StateMachineUpdater] INFO  ratis.OzoneManagerStateMachine (OzoneManagerStateMachine.java:takeSnapshot(254)) - Saving Ratis snapshot on the OM.
2019-10-21 04:40:22,785 [omNode-3@group-523986131536-StateMachineUpdater] INFO  ratis.OMRatisSnapshotInfo (OMRatisSnapshotInfo.java:saveRatisSnapshotToDisk(107)) - Saved Ratis Snapshot on the OM with snapshotIndex 399
2019-10-21 04:40:22,785 [omNode-3@group-523986131536-StateMachineUpdater] INFO  impl.StateMachineUpdater (StateMachineUpdater.java:takeSnapshot(269)) - omNode-3@group-523986131536-StateMachineUpdater: Took a snapshot at index 399
2019-10-21 04:40:22,786 [omNode-3@group-523986131536-StateMachineUpdater] INFO  impl.StateMachineUpdater (StateMachineUpdater.java:lambda$new$0(84)) - omNode-3@group-523986131536-StateMachineUpdater: snapshotIndex: updateIncreasingly 349 -> 399
2019-10-21 04:40:22,788 [grpc-default-executor-11] WARN  server.GrpcLogAppender (LogUtils.java:warn(134)) - omNode-1@group-523986131536->omNode-2-AppendLogResponseHandler: Failed appendEntries: org.apache.ratis.thirdparty.io.grpc.StatusRuntimeException: UNAVAILABLE: io exception
2019-10-21 04:40:22,788 [grpc-default-executor-11] INFO  impl.FollowerInfo (FollowerInfo.java:lambda$new$0(51)) - omNode-1@group-523986131536->omNode-2: nextIndex: updateUnconditionally 402 -> 44
2019-10-21 04:40:22,791 [grpc-default-executor-11] WARN  server.GrpcLogAppender (LogUtils.java:warn(134)) - omNode-1@group-523986131536->omNode-2-AppendLogResponseHandler: Failed appendEntries: org.apache.ratis.thirdparty.io.grpc.StatusRuntimeException: UNAVAILABLE: io exception
2019-10-21 04:40:22,791 [grpc-default-executor-11] INFO  impl.FollowerInfo (FollowerInfo.java:lambda$new$0(51)) - omNode-1@group-523986131536->omNode-2: nextIndex: updateUnconditionally 403 -> 44
2019-10-21 04:40:22,794 [grpc-default-executor-10] WARN  server.GrpcLogAppender (LogUtils.java:warn(134)) - omNode-1@group-523986131536->omNode-2-AppendLogResponseHandler: Failed appendEntries: org.apache.ratis.thirdparty.io.grpc.StatusRuntimeException: UNAVAILABLE: io exception
2019-10-21 04:40:22,794 [grpc-default-executor-10] INFO  impl.FollowerInfo (FollowerInfo.java:lambda$new$0(51)) - omNode-1@group-523986131536->omNode-2: nextIndex: updateUnconditionally 404 -> 44
2019-10-21 04:40:22,799 [grpc-default-executor-12] WARN  server.GrpcLogAppender (LogUtils.java:warn(134)) - omNode-1@group-523986131536->omNode-2-AppendLogResponseHandler: Failed appendEntries: org.apache.ratis.thirdparty.io.grpc.StatusRuntimeException: UNAVAILABLE: io exception
2019-10-21 04:40:22,800 [grpc-default-executor-12] INFO  impl.FollowerInfo (FollowerInfo.java:lambda$new$0(51)) - omNode-1@group-523986131536->omNode-2: nextIndex: updateUnconditionally 405 -> 44
2019-10-21 04:40:22,802 [grpc-default-executor-11] WARN  server.GrpcLogAppender (LogUtils.java:warn(134)) - omNode-1@group-523986131536->omNode-2-AppendLogResponseHandler: Failed appendEntries: org.apache.ratis.thirdparty.io.grpc.StatusRuntimeException: UNAVAILABLE: io exception
2019-10-21 04:40:22,802 [grpc-default-executor-11] INFO  impl.FollowerInfo (FollowerInfo.java:lambda$new$0(51)) - omNode-1@group-523986131536->omNode-2: nextIndex: updateUnconditionally 406 -> 44
2019-10-21 04:40:22,812 [grpc-default-executor-10] WARN  server.GrpcLogAppender (LogUtils.java:warn(134)) - omNode-1@group-523986131536->omNode-2-AppendLogResponseHandler: Failed appendEntries: org.apache.ratis.thirdparty.io.grpc.StatusRuntimeException: UNAVAILABLE: io exception
2019-10-21 04:40:22,812 [grpc-default-executor-10] INFO  impl.FollowerInfo (FollowerInfo.java:lambda$new$0(51)) - omNode-1@group-523986131536->omNode-2: nextIndex: updateUnconditionally 406 -> 44
2019-10-21 04:40:22,818 [grpc-default-executor-12] WARN  server.GrpcLogAppender (LogUtils.java:warn(134)) - omNode-1@group-523986131536->omNode-2-AppendLogResponseHandler: Failed appendEntries: org.apache.ratis.thirdparty.io.grpc.StatusRuntimeException: UNAVAILABLE: io exception
2019-10-21 04:40:22,818 [grpc-default-executor-12] INFO  impl.FollowerInfo (FollowerInfo.java:lambda$new$0(51)) - omNode-1@group-523986131536->omNode-2: nextIndex: updateUnconditionally 408 -> 44
2019-10-21 04:40:22,825 [grpc-default-executor-10] WARN  server.GrpcLogAppender (LogUtils.java:warn(134)) - omNode-1@group-523986131536->omNode-2-AppendLogResponseHandler: Failed appendEntries: org.apache.ratis.thirdparty.io.grpc.StatusRuntimeException: UNAVAILABLE: io exception
2019-10-21 04:40:22,825 [grpc-default-executor-10] INFO  impl.FollowerInfo (FollowerInfo.java:lambda$new$0(51)) - omNode-1@group-523986131536->omNode-2: nextIndex: updateUnconditionally 408 -> 44
2019-10-21 04:40:22,829 [grpc-default-executor-10] WARN  server.GrpcLogAppender (LogUtils.java:warn(134)) - omNode-1@group-523986131536->omNode-2-AppendLogResponseHandler: Failed appendEntries: org.apache.ratis.thirdparty.io.grpc.StatusRuntimeException: UNAVAILABLE: io exception
2019-10-21 04:40:22,829 [grpc-default-executor-10] INFO  impl.FollowerInfo (FollowerInfo.java:lambda$new$0(51)) - omNode-1@group-523986131536->omNode-2: nextIndex: updateUnconditionally 410 -> 44
2019-10-21 04:40:22,838 [grpc-default-executor-12] WARN  server.GrpcLogAppender (LogUtils.java:warn(134)) - omNode-1@group-523986131536->omNode-2-AppendLogResponseHandler: Failed appendEntries: org.apache.ratis.thirdparty.io.grpc.StatusRuntimeException: UNAVAILABLE: io exception
2019-10-21 04:40:22,839 [grpc-default-executor-12] INFO  impl.FollowerInfo (FollowerInfo.java:lambda$new$0(51)) - omNode-1@group-523986131536->omNode-2: nextIndex: updateUnconditionally 410 -> 44
2019-10-21 04:40:22,843 [IPC Server handler 7 on 11456] INFO  segmented.SegmentedRaftLogWorker (SegmentedRaftLogWorker.java:rollLogSegment(390)) - omNode-1@group-523986131536-SegmentedRaftLogWorker: Rolling segment log-343_410 to index:410
2019-10-21 04:40:22,844 [grpc-default-executor-12] INFO  segmented.SegmentedRaftLogWorker (SegmentedRaftLogWorker.java:rollLogSegment(390)) - omNode-3@group-523986131536-SegmentedRaftLogWorker: Rolling segment log-343_410 to index:410
2019-10-21 04:40:22,846 [grpc-default-executor-11] WARN  server.GrpcLogAppender (LogUtils.java:warn(134)) - omNode-1@group-523986131536->omNode-2-AppendLogResponseHandler: Failed appendEntries: org.apache.ratis.thirdparty.io.grpc.StatusRuntimeException: UNAVAILABLE: io exception
2019-10-21 04:40:22,846 [grpc-default-executor-11] INFO  impl.FollowerInfo (FollowerInfo.java:lambda$new$0(51)) - omNode-1@group-523986131536->omNode-2: nextIndex: updateUnconditionally 412 -> 44
2019-10-21 04:40:22,849 [omNode-1@group-523986131536-SegmentedRaftLogWorker] INFO  segmented.SegmentedRaftLogWorker (SegmentedRaftLogWorker.java:execute(531)) - omNode-1@group-523986131536-SegmentedRaftLogWorker: Rolled log segment from /workdir/hadoop-ozone/integration-test/target/test-dir/MiniOzoneClusterImpl-908613f1-7148-4657-b39e-d6fc88855e70/omNode-1/ratis/c9bc4cf4-3bc3-3c60-a66b-523986131536/current/log_inprogress_343 to /workdir/hadoop-ozone/integration-test/target/test-dir/MiniOzoneClusterImpl-908613f1-7148-4657-b39e-d6fc88855e70/omNode-1/ratis/c9bc4cf4-3bc3-3c60-a66b-523986131536/current/log_343-410
2019-10-21 04:40:22,849 [omNode-3@group-523986131536-SegmentedRaftLogWorker] INFO  segmented.SegmentedRaftLogWorker (SegmentedRaftLogWorker.java:execute(531)) - omNode-3@group-523986131536-SegmentedRaftLogWorker: Rolled log segment from /workdir/hadoop-ozone/integration-test/target/test-dir/MiniOzoneClusterImpl-908613f1-7148-4657-b39e-d6fc88855e70/omNode-3/ratis/c9bc4cf4-3bc3-3c60-a66b-523986131536/current/log_inprogress_343 to /workdir/hadoop-ozone/integration-test/target/test-dir/MiniOzoneClusterImpl-908613f1-7148-4657-b39e-d6fc88855e70/omNode-3/ratis/c9bc4cf4-3bc3-3c60-a66b-523986131536/current/log_343-410
2019-10-21 04:40:22,852 [grpc-default-executor-12] WARN  server.GrpcLogAppender (LogUtils.java:warn(134)) - omNode-1@group-523986131536->omNode-2-AppendLogResponseHandler: Failed appendEntries: org.apache.ratis.thirdparty.io.grpc.StatusRuntimeException: UNAVAILABLE: io exception
2019-10-21 04:40:22,854 [omNode-3@group-523986131536-SegmentedRaftLogWorker] INFO  segmented.SegmentedRaftLogWorker (SegmentedRaftLogWorker.java:execute(574)) - omNode-3@group-523986131536-SegmentedRaftLogWorker: created new log segment /workdir/hadoop-ozone/integration-test/target/test-dir/MiniOzoneClusterImpl-908613f1-7148-4657-b39e-d6fc88855e70/omNode-3/ratis/c9bc4cf4-3bc3-3c60-a66b-523986131536/current/log_inprogress_411
2019-10-21 04:40:22,854 [omNode-1@group-523986131536-SegmentedRaftLogWorker] INFO  segmented.SegmentedRaftLogWorker (SegmentedRaftLogWorker.java:execute(574)) - omNode-1@group-523986131536-SegmentedRaftLogWorker: created new log segment /workdir/hadoop-ozone/integration-test/target/test-dir/MiniOzoneClusterImpl-908613f1-7148-4657-b39e-d6fc88855e70/omNode-1/ratis/c9bc4cf4-3bc3-3c60-a66b-523986131536/current/log_inprogress_411
2019-10-21 04:40:22,855 [grpc-default-executor-12] INFO  impl.FollowerInfo (FollowerInfo.java:lambda$new$0(51)) - omNode-1@group-523986131536->omNode-2: nextIndex: updateUnconditionally 412 -> 44
2019-10-21 04:40:22,869 [grpc-default-executor-10] WARN  server.GrpcLogAppender (LogUtils.java:warn(134)) - omNode-1@group-523986131536->omNode-2-AppendLogResponseHandler: Failed appendEntries: org.apache.ratis.thirdparty.io.grpc.StatusRuntimeException: UNAVAILABLE: io exception
2019-10-21 04:40:22,869 [grpc-default-executor-10] INFO  impl.FollowerInfo (FollowerInfo.java:lambda$new$0(51)) - omNode-1@group-523986131536->omNode-2: nextIndex: updateUnconditionally 413 -> 44
2019-10-21 04:40:22,872 [grpc-default-executor-12] WARN  server.GrpcLogAppender (LogUtils.java:warn(134)) - omNode-1@group-523986131536->omNode-2-AppendLogResponseHandler: Failed appendEntries: org.apache.ratis.thirdparty.io.grpc.StatusRuntimeException: UNAVAILABLE: io exception
2019-10-21 04:40:22,872 [grpc-default-executor-12] INFO  impl.FollowerInfo (FollowerInfo.java:lambda$new$0(51)) - omNode-1@group-523986131536->omNode-2: nextIndex: updateUnconditionally 414 -> 44
2019-10-21 04:40:22,881 [grpc-default-executor-11] WARN  server.GrpcLogAppender (LogUtils.java:warn(134)) - omNode-1@group-523986131536->omNode-2-AppendLogResponseHandler: Failed appendEntries: org.apache.ratis.thirdparty.io.grpc.StatusRuntimeException: UNAVAILABLE: io exception
2019-10-21 04:40:22,881 [grpc-default-executor-11] INFO  impl.FollowerInfo (FollowerInfo.java:lambda$new$0(51)) - omNode-1@group-523986131536->omNode-2: nextIndex: updateUnconditionally 414 -> 44
2019-10-21 04:40:22,890 [grpc-default-executor-11] WARN  server.GrpcLogAppender (LogUtils.java:warn(134)) - omNode-1@group-523986131536->omNode-2-AppendLogResponseHandler: Failed appendEntries: org.apache.ratis.thirdparty.io.grpc.StatusRuntimeException: UNAVAILABLE: io exception
2019-10-21 04:40:22,890 [grpc-default-executor-11] INFO  impl.FollowerInfo (FollowerInfo.java:lambda$new$0(51)) - omNode-1@group-523986131536->omNode-2: nextIndex: updateUnconditionally 416 -> 44
2019-10-21 04:40:22,894 [grpc-default-executor-12] WARN  server.GrpcLogAppender (LogUtils.java:warn(134)) - omNode-1@group-523986131536->omNode-2-AppendLogResponseHandler: Failed appendEntries: org.apache.ratis.thirdparty.io.grpc.StatusRuntimeException: UNAVAILABLE: io exception
2019-10-21 04:40:22,895 [grpc-default-executor-12] INFO  impl.FollowerInfo (FollowerInfo.java:lambda$new$0(51)) - omNode-1@group-523986131536->omNode-2: nextIndex: updateUnconditionally 416 -> 44
2019-10-21 04:40:22,898 [grpc-default-executor-11] WARN  server.GrpcLogAppender (LogUtils.java:warn(134)) - omNode-1@group-523986131536->omNode-2-AppendLogResponseHandler: Failed appendEntries: org.apache.ratis.thirdparty.io.grpc.StatusRuntimeException: UNAVAILABLE: io exception
2019-10-21 04:40:22,899 [grpc-default-executor-11] INFO  impl.FollowerInfo (FollowerInfo.java:lambda$new$0(51)) - omNode-1@group-523986131536->omNode-2: nextIndex: updateUnconditionally 418 -> 44
2019-10-21 04:40:22,908 [grpc-default-executor-11] WARN  server.GrpcLogAppender (LogUtils.java:warn(134)) - omNode-1@group-523986131536->omNode-2-AppendLogResponseHandler: Failed appendEntries: org.apache.ratis.thirdparty.io.grpc.StatusRuntimeException: UNAVAILABLE: io exception
2019-10-21 04:40:22,908 [grpc-default-executor-11] INFO  impl.FollowerInfo (FollowerInfo.java:lambda$new$0(51)) - omNode-1@group-523986131536->omNode-2: nextIndex: updateUnconditionally 418 -> 44
2019-10-21 04:40:22,915 [grpc-default-executor-11] WARN  server.GrpcLogAppender (LogUtils.java:warn(134)) - omNode-1@group-523986131536->omNode-2-AppendLogResponseHandler: Failed appendEntries: org.apache.ratis.thirdparty.io.grpc.StatusRuntimeException: UNAVAILABLE: io exception
2019-10-21 04:40:22,915 [grpc-default-executor-11] INFO  impl.FollowerInfo (FollowerInfo.java:lambda$new$0(51)) - omNode-1@group-523986131536->omNode-2: nextIndex: updateUnconditionally 420 -> 44
2019-10-21 04:40:22,921 [grpc-default-executor-12] WARN  server.GrpcLogAppender (LogUtils.java:warn(134)) - omNode-1@group-523986131536->omNode-2-AppendLogResponseHandler: Failed appendEntries: org.apache.ratis.thirdparty.io.grpc.StatusRuntimeException: UNAVAILABLE: io exception
2019-10-21 04:40:22,921 [grpc-default-executor-12] INFO  impl.FollowerInfo (FollowerInfo.java:lambda$new$0(51)) - omNode-1@group-523986131536->omNode-2: nextIndex: updateUnconditionally 420 -> 44
2019-10-21 04:40:22,925 [grpc-default-executor-10] WARN  server.GrpcLogAppender (LogUtils.java:warn(134)) - omNode-1@group-523986131536->omNode-2-AppendLogResponseHandler: Failed appendEntries: org.apache.ratis.thirdparty.io.grpc.StatusRuntimeException: UNAVAILABLE: io exception
2019-10-21 04:40:22,925 [grpc-default-executor-10] INFO  impl.FollowerInfo (FollowerInfo.java:lambda$new$0(51)) - omNode-1@group-523986131536->omNode-2: nextIndex: updateUnconditionally 422 -> 44
2019-10-21 04:40:22,935 [grpc-default-executor-11] WARN  server.GrpcLogAppender (LogUtils.java:warn(134)) - omNode-1@group-523986131536->omNode-2-AppendLogResponseHandler: Failed appendEntries: org.apache.ratis.thirdparty.io.grpc.StatusRuntimeException: UNAVAILABLE: io exception
2019-10-21 04:40:22,935 [grpc-default-executor-11] INFO  impl.FollowerInfo (FollowerInfo.java:lambda$new$0(51)) - omNode-1@group-523986131536->omNode-2: nextIndex: updateUnconditionally 422 -> 44
2019-10-21 04:40:22,942 [grpc-default-executor-11] WARN  server.GrpcLogAppender (LogUtils.java:warn(134)) - omNode-1@group-523986131536->omNode-2-AppendLogResponseHandler: Failed appendEntries: org.apache.ratis.thirdparty.io.grpc.StatusRuntimeException: UNAVAILABLE: io exception
2019-10-21 04:40:22,942 [grpc-default-executor-11] INFO  impl.FollowerInfo (FollowerInfo.java:lambda$new$0(51)) - omNode-1@group-523986131536->omNode-2: nextIndex: updateUnconditionally 424 -> 44
2019-10-21 04:40:22,949 [grpc-default-executor-12] WARN  server.GrpcLogAppender (LogUtils.java:warn(134)) - omNode-1@group-523986131536->omNode-2-AppendLogResponseHandler: Failed appendEntries: org.apache.ratis.thirdparty.io.grpc.StatusRuntimeException: UNAVAILABLE: io exception
2019-10-21 04:40:22,950 [grpc-default-executor-12] INFO  impl.FollowerInfo (FollowerInfo.java:lambda$new$0(51)) - omNode-1@group-523986131536->omNode-2: nextIndex: updateUnconditionally 424 -> 44
2019-10-21 04:40:22,953 [grpc-default-executor-12] WARN  server.GrpcLogAppender (LogUtils.java:warn(134)) - omNode-1@group-523986131536->omNode-2-AppendLogResponseHandler: Failed appendEntries: org.apache.ratis.thirdparty.io.grpc.StatusRuntimeException: UNAVAILABLE: io exception
2019-10-21 04:40:22,953 [grpc-default-executor-12] INFO  impl.FollowerInfo (FollowerInfo.java:lambda$new$0(51)) - omNode-1@group-523986131536->omNode-2: nextIndex: updateUnconditionally 425 -> 44
2019-10-21 04:40:22,959 [grpc-default-executor-12] WARN  server.GrpcLogAppender (LogUtils.java:warn(134)) - omNode-1@group-523986131536->omNode-2-AppendLogResponseHandler: Failed appendEntries: org.apache.ratis.thirdparty.io.grpc.StatusRuntimeException: UNAVAILABLE: io exception
2019-10-21 04:40:22,959 [grpc-default-executor-12] INFO  impl.FollowerInfo (FollowerInfo.java:lambda$new$0(51)) - omNode-1@group-523986131536->omNode-2: nextIndex: updateUnconditionally 427 -> 44
2019-10-21 04:40:23,222 [grpc-default-executor-11] WARN  server.GrpcLogAppender (LogUtils.java:warn(134)) - omNode-1@group-523986131536->omNode-2-AppendLogResponseHandler: Failed appendEntries: org.apache.ratis.thirdparty.io.grpc.StatusRuntimeException: UNAVAILABLE: io exception
2019-10-21 04:40:23,222 [grpc-default-executor-11] INFO  impl.FollowerInfo (FollowerInfo.java:lambda$new$0(51)) - omNode-1@group-523986131536->omNode-2: nextIndex: updateUnconditionally 287 -> 44
2019-10-21 04:40:23,229 [grpc-default-executor-12] WARN  server.GrpcLogAppender (LogUtils.java:warn(134)) - omNode-1@group-523986131536->omNode-2-AppendLogResponseHandler: Failed appendEntries: org.apache.ratis.thirdparty.io.grpc.StatusRuntimeException: UNAVAILABLE: io exception
2019-10-21 04:40:23,229 [grpc-default-executor-12] INFO  impl.FollowerInfo (FollowerInfo.java:lambda$new$0(51)) - omNode-1@group-523986131536->omNode-2: nextIndex: updateUnconditionally 430 -> 44
2019-10-21 04:40:23,245 [grpc-default-executor-10] WARN  server.GrpcLogAppender (LogUtils.java:warn(134)) - omNode-1@group-523986131536->omNode-2-AppendLogResponseHandler: Failed appendEntries: org.apache.ratis.thirdparty.io.grpc.StatusRuntimeException: UNAVAILABLE: io exception
2019-10-21 04:40:23,245 [grpc-default-executor-10] INFO  impl.FollowerInfo (FollowerInfo.java:lambda$new$0(51)) - omNode-1@group-523986131536->omNode-2: nextIndex: updateUnconditionally 431 -> 44
2019-10-21 04:40:23,254 [grpc-default-executor-10] WARN  server.GrpcLogAppender (LogUtils.java:warn(134)) - omNode-1@group-523986131536->omNode-2-AppendLogResponseHandler: Failed appendEntries: org.apache.ratis.thirdparty.io.grpc.StatusRuntimeException: UNAVAILABLE: io exception
2019-10-21 04:40:23,254 [grpc-default-executor-10] INFO  impl.FollowerInfo (FollowerInfo.java:lambda$new$0(51)) - omNode-1@group-523986131536->omNode-2: nextIndex: updateUnconditionally 432 -> 44
2019-10-21 04:40:23,261 [grpc-default-executor-10] WARN  server.GrpcLogAppender (LogUtils.java:warn(134)) - omNode-1@group-523986131536->omNode-2-AppendLogResponseHandler: Failed appendEntries: org.apache.ratis.thirdparty.io.grpc.StatusRuntimeException: UNAVAILABLE: io exception
2019-10-21 04:40:23,261 [grpc-default-executor-10] INFO  impl.FollowerInfo (FollowerInfo.java:lambda$new$0(51)) - omNode-1@group-523986131536->omNode-2: nextIndex: updateUnconditionally 433 -> 44
2019-10-21 04:40:23,264 [grpc-default-executor-10] WARN  server.GrpcLogAppender (LogUtils.java:warn(134)) - omNode-1@group-523986131536->omNode-2-AppendLogResponseHandler: Failed appendEntries: org.apache.ratis.thirdparty.io.grpc.StatusRuntimeException: UNAVAILABLE: io exception
2019-10-21 04:40:23,264 [grpc-default-executor-10] INFO  impl.FollowerInfo (FollowerInfo.java:lambda$new$0(51)) - omNode-1@group-523986131536->omNode-2: nextIndex: updateUnconditionally 434 -> 44
2019-10-21 04:40:23,267 [grpc-default-executor-10] WARN  server.GrpcLogAppender (LogUtils.java:warn(134)) - omNode-1@group-523986131536->omNode-2-AppendLogResponseHandler: Failed appendEntries: org.apache.ratis.thirdparty.io.grpc.StatusRuntimeException: UNAVAILABLE: io exception
2019-10-21 04:40:23,267 [grpc-default-executor-10] INFO  impl.FollowerInfo (FollowerInfo.java:lambda$new$0(51)) - omNode-1@group-523986131536->omNode-2: nextIndex: updateUnconditionally 434 -> 44
2019-10-21 04:40:23,275 [grpc-default-executor-10] WARN  server.GrpcLogAppender (LogUtils.java:warn(134)) - omNode-1@group-523986131536->omNode-2-AppendLogResponseHandler: Failed appendEntries: org.apache.ratis.thirdparty.io.grpc.StatusRuntimeException: UNAVAILABLE: io exception
2019-10-21 04:40:23,275 [grpc-default-executor-10] INFO  impl.FollowerInfo (FollowerInfo.java:lambda$new$0(51)) - omNode-1@group-523986131536->omNode-2: nextIndex: updateUnconditionally 436 -> 44
2019-10-21 04:40:23,283 [grpc-default-executor-11] WARN  server.GrpcLogAppender (LogUtils.java:warn(134)) - omNode-1@group-523986131536->omNode-2-AppendLogResponseHandler: Failed appendEntries: org.apache.ratis.thirdparty.io.grpc.StatusRuntimeException: UNAVAILABLE: io exception
2019-10-21 04:40:23,283 [grpc-default-executor-11] INFO  impl.FollowerInfo (FollowerInfo.java:lambda$new$0(51)) - omNode-1@group-523986131536->omNode-2: nextIndex: updateUnconditionally 436 -> 44
2019-10-21 04:40:23,287 [grpc-default-executor-10] WARN  server.GrpcLogAppender (LogUtils.java:warn(134)) - omNode-1@group-523986131536->omNode-2-AppendLogResponseHandler: Failed appendEntries: org.apache.ratis.thirdparty.io.grpc.StatusRuntimeException: UNAVAILABLE: io exception
2019-10-21 04:40:23,287 [grpc-default-executor-10] INFO  impl.FollowerInfo (FollowerInfo.java:lambda$new$0(51)) - omNode-1@group-523986131536->omNode-2: nextIndex: updateUnconditionally 438 -> 44
2019-10-21 04:40:23,290 [grpc-default-executor-11] WARN  server.GrpcLogAppender (LogUtils.java:warn(134)) - omNode-1@group-523986131536->omNode-2-AppendLogResponseHandler: Failed appendEntries: org.apache.ratis.thirdparty.io.grpc.StatusRuntimeException: UNAVAILABLE: io exception
2019-10-21 04:40:23,290 [grpc-default-executor-11] INFO  impl.FollowerInfo (FollowerInfo.java:lambda$new$0(51)) - omNode-1@group-523986131536->omNode-2: nextIndex: updateUnconditionally 438 -> 44
2019-10-21 04:40:23,299 [grpc-default-executor-12] WARN  server.GrpcLogAppender (LogUtils.java:warn(134)) - omNode-1@group-523986131536->omNode-2-AppendLogResponseHandler: Failed appendEntries: org.apache.ratis.thirdparty.io.grpc.StatusRuntimeException: UNAVAILABLE: io exception
2019-10-21 04:40:23,299 [grpc-default-executor-12] INFO  impl.FollowerInfo (FollowerInfo.java:lambda$new$0(51)) - omNode-1@group-523986131536->omNode-2: nextIndex: updateUnconditionally 439 -> 44
2019-10-21 04:40:23,305 [grpc-default-executor-10] WARN  server.GrpcLogAppender (LogUtils.java:warn(134)) - omNode-1@group-523986131536->omNode-2-AppendLogResponseHandler: Failed appendEntries: org.apache.ratis.thirdparty.io.grpc.StatusRuntimeException: UNAVAILABLE: io exception
2019-10-21 04:40:23,306 [grpc-default-executor-10] INFO  impl.FollowerInfo (FollowerInfo.java:lambda$new$0(51)) - omNode-1@group-523986131536->omNode-2: nextIndex: updateUnconditionally 441 -> 44
2019-10-21 04:40:23,308 [grpc-default-executor-11] WARN  server.GrpcLogAppender (LogUtils.java:warn(134)) - omNode-1@group-523986131536->omNode-2-AppendLogResponseHandler: Failed appendEntries: org.apache.ratis.thirdparty.io.grpc.StatusRuntimeException: UNAVAILABLE: io exception
2019-10-21 04:40:23,308 [grpc-default-executor-11] INFO  impl.FollowerInfo (FollowerInfo.java:lambda$new$0(51)) - omNode-1@group-523986131536->omNode-2: nextIndex: updateUnconditionally 442 -> 44
2019-10-21 04:40:23,311 [grpc-default-executor-10] WARN  server.GrpcLogAppender (LogUtils.java:warn(134)) - omNode-1@group-523986131536->omNode-2-AppendLogResponseHandler: Failed appendEntries: org.apache.ratis.thirdparty.io.grpc.StatusRuntimeException: UNAVAILABLE: io exception
2019-10-21 04:40:23,312 [grpc-default-executor-10] INFO  impl.FollowerInfo (FollowerInfo.java:lambda$new$0(51)) - omNode-1@group-523986131536->omNode-2: nextIndex: updateUnconditionally 442 -> 44
2019-10-21 04:40:23,319 [grpc-default-executor-12] WARN  server.GrpcLogAppender (LogUtils.java:warn(134)) - omNode-1@group-523986131536->omNode-2-AppendLogResponseHandler: Failed appendEntries: org.apache.ratis.thirdparty.io.grpc.StatusRuntimeException: UNAVAILABLE: io exception
2019-10-21 04:40:23,319 [grpc-default-executor-12] INFO  impl.FollowerInfo (FollowerInfo.java:lambda$new$0(51)) - omNode-1@group-523986131536->omNode-2: nextIndex: updateUnconditionally 443 -> 44
2019-10-21 04:40:23,325 [grpc-default-executor-12] WARN  server.GrpcLogAppender (LogUtils.java:warn(134)) - omNode-1@group-523986131536->omNode-2-AppendLogResponseHandler: Failed appendEntries: org.apache.ratis.thirdparty.io.grpc.StatusRuntimeException: UNAVAILABLE: io exception
2019-10-21 04:40:23,326 [grpc-default-executor-12] INFO  impl.FollowerInfo (FollowerInfo.java:lambda$new$0(51)) - omNode-1@group-523986131536->omNode-2: nextIndex: updateUnconditionally 445 -> 44
2019-10-21 04:40:23,328 [grpc-default-executor-12] WARN  server.GrpcLogAppender (LogUtils.java:warn(134)) - omNode-1@group-523986131536->omNode-2-AppendLogResponseHandler: Failed appendEntries: org.apache.ratis.thirdparty.io.grpc.StatusRuntimeException: UNAVAILABLE: io exception
2019-10-21 04:40:23,328 [grpc-default-executor-12] INFO  impl.FollowerInfo (FollowerInfo.java:lambda$new$0(51)) - omNode-1@group-523986131536->omNode-2: nextIndex: updateUnconditionally 446 -> 44
2019-10-21 04:40:23,332 [grpc-default-executor-10] WARN  server.GrpcLogAppender (LogUtils.java:warn(134)) - omNode-1@group-523986131536->omNode-2-AppendLogResponseHandler: Failed appendEntries: org.apache.ratis.thirdparty.io.grpc.StatusRuntimeException: UNAVAILABLE: io exception
2019-10-21 04:40:23,332 [grpc-default-executor-10] INFO  impl.FollowerInfo (FollowerInfo.java:lambda$new$0(51)) - omNode-1@group-523986131536->omNode-2: nextIndex: updateUnconditionally 446 -> 44
2019-10-21 04:40:23,340 [grpc-default-executor-10] WARN  server.GrpcLogAppender (LogUtils.java:warn(134)) - omNode-1@group-523986131536->omNode-2-AppendLogResponseHandler: Failed appendEntries: org.apache.ratis.thirdparty.io.grpc.StatusRuntimeException: UNAVAILABLE: io exception
2019-10-21 04:40:23,340 [grpc-default-executor-10] INFO  impl.FollowerInfo (FollowerInfo.java:lambda$new$0(51)) - omNode-1@group-523986131536->omNode-2: nextIndex: updateUnconditionally 448 -> 44
2019-10-21 04:40:23,346 [grpc-default-executor-10] WARN  server.GrpcLogAppender (LogUtils.java:warn(134)) - omNode-1@group-523986131536->omNode-2-AppendLogResponseHandler: Failed appendEntries: org.apache.ratis.thirdparty.io.grpc.StatusRuntimeException: UNAVAILABLE: io exception
2019-10-21 04:40:23,346 [grpc-default-executor-10] INFO  impl.FollowerInfo (FollowerInfo.java:lambda$new$0(51)) - omNode-1@group-523986131536->omNode-2: nextIndex: updateUnconditionally 448 -> 44
2019-10-21 04:40:23,350 [grpc-default-executor-10] WARN  server.GrpcLogAppender (LogUtils.java:warn(134)) - omNode-1@group-523986131536->omNode-2-AppendLogResponseHandler: Failed appendEntries: org.apache.ratis.thirdparty.io.grpc.StatusRuntimeException: UNAVAILABLE: io exception
2019-10-21 04:40:23,350 [grpc-default-executor-10] INFO  impl.FollowerInfo (FollowerInfo.java:lambda$new$0(51)) - omNode-1@group-523986131536->omNode-2: nextIndex: updateUnconditionally 450 -> 44
2019-10-21 04:40:23,359 [omNode-1@group-523986131536-StateMachineUpdater] INFO  ratis.OzoneManagerStateMachine (OzoneManagerStateMachine.java:takeSnapshot(254)) - Saving Ratis snapshot on the OM.
2019-10-21 04:40:23,360 [grpc-default-executor-12] WARN  server.GrpcLogAppender (LogUtils.java:warn(134)) - omNode-1@group-523986131536->omNode-2-AppendLogResponseHandler: Failed appendEntries: org.apache.ratis.thirdparty.io.grpc.StatusRuntimeException: UNAVAILABLE: io exception
2019-10-21 04:40:23,360 [grpc-default-executor-12] INFO  impl.FollowerInfo (FollowerInfo.java:lambda$new$0(51)) - omNode-1@group-523986131536->omNode-2: nextIndex: updateUnconditionally 450 -> 44
2019-10-21 04:40:23,360 [omNode-1@group-523986131536-StateMachineUpdater] INFO  ratis.OMRatisSnapshotInfo (OMRatisSnapshotInfo.java:saveRatisSnapshotToDisk(107)) - Saved Ratis Snapshot on the OM with snapshotIndex 449
2019-10-21 04:40:23,360 [omNode-1@group-523986131536-StateMachineUpdater] INFO  impl.StateMachineUpdater (StateMachineUpdater.java:takeSnapshot(269)) - omNode-1@group-523986131536-StateMachineUpdater: Took a snapshot at index 449
2019-10-21 04:40:23,361 [omNode-1@group-523986131536-StateMachineUpdater] INFO  impl.StateMachineUpdater (StateMachineUpdater.java:lambda$new$0(84)) - omNode-1@group-523986131536-StateMachineUpdater: snapshotIndex: updateIncreasingly 399 -> 449
2019-10-21 04:40:23,367 [grpc-default-executor-11] WARN  server.GrpcLogAppender (LogUtils.java:warn(134)) - omNode-1@group-523986131536->omNode-2-AppendLogResponseHandler: Failed appendEntries: org.apache.ratis.thirdparty.io.grpc.StatusRuntimeException: UNAVAILABLE: io exception
2019-10-21 04:40:23,367 [grpc-default-executor-11] INFO  impl.FollowerInfo (FollowerInfo.java:lambda$new$0(51)) - omNode-1@group-523986131536->omNode-2: nextIndex: updateUnconditionally 452 -> 44
2019-10-21 04:40:23,371 [omNode-3@group-523986131536-StateMachineUpdater] INFO  ratis.OzoneManagerStateMachine (OzoneManagerStateMachine.java:takeSnapshot(254)) - Saving Ratis snapshot on the OM.
2019-10-21 04:40:23,371 [omNode-3@group-523986131536-StateMachineUpdater] INFO  ratis.OMRatisSnapshotInfo (OMRatisSnapshotInfo.java:saveRatisSnapshotToDisk(107)) - Saved Ratis Snapshot on the OM with snapshotIndex 449
2019-10-21 04:40:23,371 [omNode-3@group-523986131536-StateMachineUpdater] INFO  impl.StateMachineUpdater (StateMachineUpdater.java:takeSnapshot(269)) - omNode-3@group-523986131536-StateMachineUpdater: Took a snapshot at index 449
2019-10-21 04:40:23,371 [omNode-3@group-523986131536-StateMachineUpdater] INFO  impl.StateMachineUpdater (StateMachineUpdater.java:lambda$new$0(84)) - omNode-3@group-523986131536-StateMachineUpdater: snapshotIndex: updateIncreasingly 399 -> 449
2019-10-21 04:40:23,373 [grpc-default-executor-10] WARN  server.GrpcLogAppender (LogUtils.java:warn(134)) - omNode-1@group-523986131536->omNode-2-AppendLogResponseHandler: Failed appendEntries: org.apache.ratis.thirdparty.io.grpc.StatusRuntimeException: UNAVAILABLE: io exception
2019-10-21 04:40:23,373 [grpc-default-executor-10] INFO  impl.FollowerInfo (FollowerInfo.java:lambda$new$0(51)) - omNode-1@group-523986131536->omNode-2: nextIndex: updateUnconditionally 452 -> 44
2019-10-21 04:40:23,376 [grpc-default-executor-11] WARN  server.GrpcLogAppender (LogUtils.java:warn(134)) - omNode-1@group-523986131536->omNode-2-AppendLogResponseHandler: Failed appendEntries: org.apache.ratis.thirdparty.io.grpc.StatusRuntimeException: UNAVAILABLE: io exception
2019-10-21 04:40:23,376 [grpc-default-executor-11] INFO  impl.FollowerInfo (FollowerInfo.java:lambda$new$0(51)) - omNode-1@group-523986131536->omNode-2: nextIndex: updateUnconditionally 453 -> 44
2019-10-21 04:40:23,387 [grpc-default-executor-11] WARN  server.GrpcLogAppender (LogUtils.java:warn(134)) - omNode-1@group-523986131536->omNode-2-AppendLogResponseHandler: Failed appendEntries: org.apache.ratis.thirdparty.io.grpc.StatusRuntimeException: UNAVAILABLE: io exception
2019-10-21 04:40:23,388 [grpc-default-executor-11] INFO  impl.FollowerInfo (FollowerInfo.java:lambda$new$0(51)) - omNode-1@group-523986131536->omNode-2: nextIndex: updateUnconditionally 455 -> 44
2019-10-21 04:40:23,394 [grpc-default-executor-12] WARN  server.GrpcLogAppender (LogUtils.java:warn(134)) - omNode-1@group-523986131536->omNode-2-AppendLogResponseHandler: Failed appendEntries: org.apache.ratis.thirdparty.io.grpc.StatusRuntimeException: UNAVAILABLE: io exception
2019-10-21 04:40:23,394 [grpc-default-executor-12] INFO  impl.FollowerInfo (FollowerInfo.java:lambda$new$0(51)) - omNode-1@group-523986131536->omNode-2: nextIndex: updateUnconditionally 456 -> 44
2019-10-21 04:40:23,396 [grpc-default-executor-13] WARN  server.GrpcLogAppender (LogUtils.java:warn(134)) - omNode-1@group-523986131536->omNode-2-AppendLogResponseHandler: Failed appendEntries: org.apache.ratis.thirdparty.io.grpc.StatusRuntimeException: UNAVAILABLE: io exception
2019-10-21 04:40:23,396 [grpc-default-executor-13] INFO  impl.FollowerInfo (FollowerInfo.java:lambda$new$0(51)) - omNode-1@group-523986131536->omNode-2: nextIndex: updateUnconditionally 456 -> 44
2019-10-21 04:40:23,400 [grpc-default-executor-13] WARN  server.GrpcLogAppender (LogUtils.java:warn(134)) - omNode-1@group-523986131536->omNode-2-AppendLogResponseHandler: Failed appendEntries: org.apache.ratis.thirdparty.io.grpc.StatusRuntimeException: UNAVAILABLE: io exception
2019-10-21 04:40:23,401 [grpc-default-executor-13] INFO  impl.FollowerInfo (FollowerInfo.java:lambda$new$0(51)) - omNode-1@group-523986131536->omNode-2: nextIndex: updateUnconditionally 458 -> 44
2019-10-21 04:40:23,412 [grpc-default-executor-12] WARN  server.GrpcLogAppender (LogUtils.java:warn(134)) - omNode-1@group-523986131536->omNode-2-AppendLogResponseHandler: Failed appendEntries: org.apache.ratis.thirdparty.io.grpc.StatusRuntimeException: UNAVAILABLE: io exception
2019-10-21 04:40:23,412 [grpc-default-executor-12] INFO  impl.FollowerInfo (FollowerInfo.java:lambda$new$0(51)) - omNode-1@group-523986131536->omNode-2: nextIndex: updateUnconditionally 458 -> 44
2019-10-21 04:40:23,420 [grpc-default-executor-13] WARN  server.GrpcLogAppender (LogUtils.java:warn(134)) - omNode-1@group-523986131536->omNode-2-AppendLogResponseHandler: Failed appendEntries: org.apache.ratis.thirdparty.io.grpc.StatusRuntimeException: UNAVAILABLE: io exception
2019-10-21 04:40:23,420 [grpc-default-executor-13] INFO  impl.FollowerInfo (FollowerInfo.java:lambda$new$0(51)) - omNode-1@group-523986131536->omNode-2: nextIndex: updateUnconditionally 460 -> 44
2019-10-21 04:40:23,426 [grpc-default-executor-12] WARN  server.GrpcLogAppender (LogUtils.java:warn(134)) - omNode-1@group-523986131536->omNode-2-AppendLogResponseHandler: Failed appendEntries: org.apache.ratis.thirdparty.io.grpc.StatusRuntimeException: UNAVAILABLE: io exception
2019-10-21 04:40:23,426 [grpc-default-executor-12] INFO  impl.FollowerInfo (FollowerInfo.java:lambda$new$0(51)) - omNode-1@group-523986131536->omNode-2: nextIndex: updateUnconditionally 460 -> 44
2019-10-21 04:40:23,430 [grpc-default-executor-12] WARN  server.GrpcLogAppender (LogUtils.java:warn(134)) - omNode-1@group-523986131536->omNode-2-AppendLogResponseHandler: Failed appendEntries: org.apache.ratis.thirdparty.io.grpc.StatusRuntimeException: UNAVAILABLE: io exception
2019-10-21 04:40:23,430 [grpc-default-executor-12] INFO  impl.FollowerInfo (FollowerInfo.java:lambda$new$0(51)) - omNode-1@group-523986131536->omNode-2: nextIndex: updateUnconditionally 462 -> 44
2019-10-21 04:40:23,439 [grpc-default-executor-13] WARN  server.GrpcLogAppender (LogUtils.java:warn(134)) - omNode-1@group-523986131536->omNode-2-AppendLogResponseHandler: Failed appendEntries: org.apache.ratis.thirdparty.io.grpc.StatusRuntimeException: UNAVAILABLE: io exception
2019-10-21 04:40:23,439 [grpc-default-executor-13] INFO  impl.FollowerInfo (FollowerInfo.java:lambda$new$0(51)) - omNode-1@group-523986131536->omNode-2: nextIndex: updateUnconditionally 462 -> 44
2019-10-21 04:40:23,447 [grpc-default-executor-12] WARN  server.GrpcLogAppender (LogUtils.java:warn(134)) - omNode-1@group-523986131536->omNode-2-AppendLogResponseHandler: Failed appendEntries: org.apache.ratis.thirdparty.io.grpc.StatusRuntimeException: UNAVAILABLE: io exception
2019-10-21 04:40:23,447 [grpc-default-executor-12] INFO  impl.FollowerInfo (FollowerInfo.java:lambda$new$0(51)) - omNode-1@group-523986131536->omNode-2: nextIndex: updateUnconditionally 464 -> 44
2019-10-21 04:40:23,452 [grpc-default-executor-12] WARN  server.GrpcLogAppender (LogUtils.java:warn(134)) - omNode-1@group-523986131536->omNode-2-AppendLogResponseHandler: Failed appendEntries: org.apache.ratis.thirdparty.io.grpc.StatusRuntimeException: UNAVAILABLE: io exception
2019-10-21 04:40:23,453 [grpc-default-executor-12] INFO  impl.FollowerInfo (FollowerInfo.java:lambda$new$0(51)) - omNode-1@group-523986131536->omNode-2: nextIndex: updateUnconditionally 464 -> 44
2019-10-21 04:40:23,457 [grpc-default-executor-12] WARN  server.GrpcLogAppender (LogUtils.java:warn(134)) - omNode-1@group-523986131536->omNode-2-AppendLogResponseHandler: Failed appendEntries: org.apache.ratis.thirdparty.io.grpc.StatusRuntimeException: UNAVAILABLE: io exception
2019-10-21 04:40:23,458 [grpc-default-executor-12] INFO  impl.FollowerInfo (FollowerInfo.java:lambda$new$0(51)) - omNode-1@group-523986131536->omNode-2: nextIndex: updateUnconditionally 466 -> 44
2019-10-21 04:40:23,466 [grpc-default-executor-13] WARN  server.GrpcLogAppender (LogUtils.java:warn(134)) - omNode-1@group-523986131536->omNode-2-AppendLogResponseHandler: Failed appendEntries: org.apache.ratis.thirdparty.io.grpc.StatusRuntimeException: UNAVAILABLE: io exception
2019-10-21 04:40:23,466 [grpc-default-executor-13] INFO  impl.FollowerInfo (FollowerInfo.java:lambda$new$0(51)) - omNode-1@group-523986131536->omNode-2: nextIndex: updateUnconditionally 466 -> 44
2019-10-21 04:40:23,474 [grpc-default-executor-10] WARN  server.GrpcLogAppender (LogUtils.java:warn(134)) - omNode-1@group-523986131536->omNode-2-AppendLogResponseHandler: Failed appendEntries: org.apache.ratis.thirdparty.io.grpc.StatusRuntimeException: UNAVAILABLE: io exception
2019-10-21 04:40:23,474 [grpc-default-executor-10] INFO  impl.FollowerInfo (FollowerInfo.java:lambda$new$0(51)) - omNode-1@group-523986131536->omNode-2: nextIndex: updateUnconditionally 468 -> 44
2019-10-21 04:40:23,479 [grpc-default-executor-13] WARN  server.GrpcLogAppender (LogUtils.java:warn(134)) - omNode-1@group-523986131536->omNode-2-AppendLogResponseHandler: Failed appendEntries: org.apache.ratis.thirdparty.io.grpc.StatusRuntimeException: UNAVAILABLE: io exception
2019-10-21 04:40:23,479 [grpc-default-executor-13] INFO  impl.FollowerInfo (FollowerInfo.java:lambda$new$0(51)) - omNode-1@group-523986131536->omNode-2: nextIndex: updateUnconditionally 468 -> 44
2019-10-21 04:40:23,482 [grpc-default-executor-13] WARN  server.GrpcLogAppender (LogUtils.java:warn(134)) - omNode-1@group-523986131536->omNode-2-AppendLogResponseHandler: Failed appendEntries: org.apache.ratis.thirdparty.io.grpc.StatusRuntimeException: UNAVAILABLE: io exception
2019-10-21 04:40:23,482 [grpc-default-executor-13] INFO  impl.FollowerInfo (FollowerInfo.java:lambda$new$0(51)) - omNode-1@group-523986131536->omNode-2: nextIndex: updateUnconditionally 470 -> 44
2019-10-21 04:40:23,492 [grpc-default-executor-12] WARN  server.GrpcLogAppender (LogUtils.java:warn(134)) - omNode-1@group-523986131536->omNode-2-AppendLogResponseHandler: Failed appendEntries: org.apache.ratis.thirdparty.io.grpc.StatusRuntimeException: UNAVAILABLE: io exception
2019-10-21 04:40:23,492 [grpc-default-executor-12] INFO  impl.FollowerInfo (FollowerInfo.java:lambda$new$0(51)) - omNode-1@group-523986131536->omNode-2: nextIndex: updateUnconditionally 470 -> 44
2019-10-21 04:40:23,499 [grpc-default-executor-12] WARN  server.GrpcLogAppender (LogUtils.java:warn(134)) - omNode-1@group-523986131536->omNode-2-AppendLogResponseHandler: Failed appendEntries: org.apache.ratis.thirdparty.io.grpc.StatusRuntimeException: UNAVAILABLE: io exception
2019-10-21 04:40:23,499 [grpc-default-executor-12] INFO  impl.FollowerInfo (FollowerInfo.java:lambda$new$0(51)) - omNode-1@group-523986131536->omNode-2: nextIndex: updateUnconditionally 472 -> 44
2019-10-21 04:40:23,505 [grpc-default-executor-13] WARN  server.GrpcLogAppender (LogUtils.java:warn(134)) - omNode-1@group-523986131536->omNode-2-AppendLogResponseHandler: Failed appendEntries: org.apache.ratis.thirdparty.io.grpc.StatusRuntimeException: UNAVAILABLE: io exception
2019-10-21 04:40:23,505 [grpc-default-executor-13] INFO  impl.FollowerInfo (FollowerInfo.java:lambda$new$0(51)) - omNode-1@group-523986131536->omNode-2: nextIndex: updateUnconditionally 472 -> 44
2019-10-21 04:40:23,508 [grpc-default-executor-13] WARN  server.GrpcLogAppender (LogUtils.java:warn(134)) - omNode-1@group-523986131536->omNode-2-AppendLogResponseHandler: Failed appendEntries: org.apache.ratis.thirdparty.io.grpc.StatusRuntimeException: UNAVAILABLE: io exception
2019-10-21 04:40:23,509 [grpc-default-executor-13] INFO  impl.FollowerInfo (FollowerInfo.java:lambda$new$0(51)) - omNode-1@group-523986131536->omNode-2: nextIndex: updateUnconditionally 474 -> 44
2019-10-21 04:40:23,518 [grpc-default-executor-10] WARN  server.GrpcLogAppender (LogUtils.java:warn(134)) - omNode-1@group-523986131536->omNode-2-AppendLogResponseHandler: Failed appendEntries: org.apache.ratis.thirdparty.io.grpc.StatusRuntimeException: UNAVAILABLE: io exception
2019-10-21 04:40:23,518 [grpc-default-executor-10] INFO  impl.FollowerInfo (FollowerInfo.java:lambda$new$0(51)) - omNode-1@group-523986131536->omNode-2: nextIndex: updateUnconditionally 474 -> 44
2019-10-21 04:40:23,526 [grpc-default-executor-10] WARN  server.GrpcLogAppender (LogUtils.java:warn(134)) - omNode-1@group-523986131536->omNode-2-AppendLogResponseHandler: Failed appendEntries: org.apache.ratis.thirdparty.io.grpc.StatusRuntimeException: UNAVAILABLE: io exception
2019-10-21 04:40:23,526 [grpc-default-executor-10] INFO  impl.FollowerInfo (FollowerInfo.java:lambda$new$0(51)) - omNode-1@group-523986131536->omNode-2: nextIndex: updateUnconditionally 476 -> 44
2019-10-21 04:40:23,531 [grpc-default-executor-13] WARN  server.GrpcLogAppender (LogUtils.java:warn(134)) - omNode-1@group-523986131536->omNode-2-AppendLogResponseHandler: Failed appendEntries: org.apache.ratis.thirdparty.io.grpc.StatusRuntimeException: UNAVAILABLE: io exception
2019-10-21 04:40:23,532 [grpc-default-executor-13] INFO  impl.FollowerInfo (FollowerInfo.java:lambda$new$0(51)) - omNode-1@group-523986131536->omNode-2: nextIndex: updateUnconditionally 476 -> 44
2019-10-21 04:40:23,535 [grpc-default-executor-12] WARN  server.GrpcLogAppender (LogUtils.java:warn(134)) - omNode-1@group-523986131536->omNode-2-AppendLogResponseHandler: Failed appendEntries: org.apache.ratis.thirdparty.io.grpc.StatusRuntimeException: UNAVAILABLE: io exception
2019-10-21 04:40:23,535 [grpc-default-executor-12] INFO  impl.FollowerInfo (FollowerInfo.java:lambda$new$0(51)) - omNode-1@group-523986131536->omNode-2: nextIndex: updateUnconditionally 478 -> 44
2019-10-21 04:40:23,540 [grpc-default-executor-13] WARN  server.GrpcLogAppender (LogUtils.java:warn(134)) - omNode-1@group-523986131536->omNode-2-AppendLogResponseHandler: Failed appendEntries: org.apache.ratis.thirdparty.io.grpc.StatusRuntimeException: UNAVAILABLE: io exception
2019-10-21 04:40:23,541 [IPC Server handler 1 on 11456] INFO  segmented.SegmentedRaftLogWorker (SegmentedRaftLogWorker.java:rollLogSegment(390)) - omNode-1@group-523986131536-SegmentedRaftLogWorker: Rolling segment log-411_478 to index:478
2019-10-21 04:40:23,541 [grpc-default-executor-13] INFO  impl.FollowerInfo (FollowerInfo.java:lambda$new$0(51)) - omNode-1@group-523986131536->omNode-2: nextIndex: updateUnconditionally 479 -> 44
2019-10-21 04:40:23,541 [omNode-1@group-523986131536-SegmentedRaftLogWorker] INFO  segmented.SegmentedRaftLogWorker (SegmentedRaftLogWorker.java:execute(531)) - omNode-1@group-523986131536-SegmentedRaftLogWorker: Rolled log segment from /workdir/hadoop-ozone/integration-test/target/test-dir/MiniOzoneClusterImpl-908613f1-7148-4657-b39e-d6fc88855e70/omNode-1/ratis/c9bc4cf4-3bc3-3c60-a66b-523986131536/current/log_inprogress_411 to /workdir/hadoop-ozone/integration-test/target/test-dir/MiniOzoneClusterImpl-908613f1-7148-4657-b39e-d6fc88855e70/omNode-1/ratis/c9bc4cf4-3bc3-3c60-a66b-523986131536/current/log_411-478
2019-10-21 04:40:23,541 [grpc-default-executor-13] INFO  segmented.SegmentedRaftLogWorker (SegmentedRaftLogWorker.java:rollLogSegment(390)) - omNode-3@group-523986131536-SegmentedRaftLogWorker: Rolling segment log-411_478 to index:478
2019-10-21 04:40:23,542 [omNode-3@group-523986131536-SegmentedRaftLogWorker] INFO  segmented.SegmentedRaftLogWorker (SegmentedRaftLogWorker.java:execute(531)) - omNode-3@group-523986131536-SegmentedRaftLogWorker: Rolled log segment from /workdir/hadoop-ozone/integration-test/target/test-dir/MiniOzoneClusterImpl-908613f1-7148-4657-b39e-d6fc88855e70/omNode-3/ratis/c9bc4cf4-3bc3-3c60-a66b-523986131536/current/log_inprogress_411 to /workdir/hadoop-ozone/integration-test/target/test-dir/MiniOzoneClusterImpl-908613f1-7148-4657-b39e-d6fc88855e70/omNode-3/ratis/c9bc4cf4-3bc3-3c60-a66b-523986131536/current/log_411-478
2019-10-21 04:40:23,546 [grpc-default-executor-13] WARN  server.GrpcLogAppender (LogUtils.java:warn(134)) - omNode-1@group-523986131536->omNode-2-AppendLogResponseHandler: Failed appendEntries: org.apache.ratis.thirdparty.io.grpc.StatusRuntimeException: UNAVAILABLE: io exception
2019-10-21 04:40:23,546 [grpc-default-executor-13] INFO  impl.FollowerInfo (FollowerInfo.java:lambda$new$0(51)) - omNode-1@group-523986131536->omNode-2: nextIndex: updateUnconditionally 480 -> 44
2019-10-21 04:40:23,566 [omNode-3@group-523986131536-SegmentedRaftLogWorker] INFO  segmented.SegmentedRaftLogWorker (SegmentedRaftLogWorker.java:execute(574)) - omNode-3@group-523986131536-SegmentedRaftLogWorker: created new log segment /workdir/hadoop-ozone/integration-test/target/test-dir/MiniOzoneClusterImpl-908613f1-7148-4657-b39e-d6fc88855e70/omNode-3/ratis/c9bc4cf4-3bc3-3c60-a66b-523986131536/current/log_inprogress_479
2019-10-21 04:40:23,566 [omNode-1@group-523986131536-SegmentedRaftLogWorker] INFO  segmented.SegmentedRaftLogWorker (SegmentedRaftLogWorker.java:execute(574)) - omNode-1@group-523986131536-SegmentedRaftLogWorker: created new log segment /workdir/hadoop-ozone/integration-test/target/test-dir/MiniOzoneClusterImpl-908613f1-7148-4657-b39e-d6fc88855e70/omNode-1/ratis/c9bc4cf4-3bc3-3c60-a66b-523986131536/current/log_inprogress_479
2019-10-21 04:40:23,584 [grpc-default-executor-13] WARN  server.GrpcLogAppender (LogUtils.java:warn(134)) - omNode-1@group-523986131536->omNode-2-AppendLogResponseHandler: Failed appendEntries: org.apache.ratis.thirdparty.io.grpc.StatusRuntimeException: UNAVAILABLE: io exception
2019-10-21 04:40:23,584 [grpc-default-executor-13] INFO  impl.FollowerInfo (FollowerInfo.java:lambda$new$0(51)) - omNode-1@group-523986131536->omNode-2: nextIndex: updateUnconditionally 481 -> 44
2019-10-21 04:40:23,587 [grpc-default-executor-10] WARN  server.GrpcLogAppender (LogUtils.java:warn(134)) - omNode-1@group-523986131536->omNode-2-AppendLogResponseHandler: Failed appendEntries: org.apache.ratis.thirdparty.io.grpc.StatusRuntimeException: UNAVAILABLE: io exception
2019-10-21 04:40:23,587 [grpc-default-executor-10] INFO  impl.FollowerInfo (FollowerInfo.java:lambda$new$0(51)) - omNode-1@group-523986131536->omNode-2: nextIndex: updateUnconditionally 482 -> 44
2019-10-21 04:40:23,592 [grpc-default-executor-13] WARN  server.GrpcLogAppender (LogUtils.java:warn(134)) - omNode-1@group-523986131536->omNode-2-AppendLogResponseHandler: Failed appendEntries: org.apache.ratis.thirdparty.io.grpc.StatusRuntimeException: UNAVAILABLE: io exception
2019-10-21 04:40:23,592 [grpc-default-executor-13] INFO  impl.FollowerInfo (FollowerInfo.java:lambda$new$0(51)) - omNode-1@group-523986131536->omNode-2: nextIndex: updateUnconditionally 483 -> 44
2019-10-21 04:40:23,599 [grpc-default-executor-12] WARN  server.GrpcLogAppender (LogUtils.java:warn(134)) - omNode-1@group-523986131536->omNode-2-AppendLogResponseHandler: Failed appendEntries: org.apache.ratis.thirdparty.io.grpc.StatusRuntimeException: UNAVAILABLE: io exception
2019-10-21 04:40:23,599 [grpc-default-executor-12] INFO  impl.FollowerInfo (FollowerInfo.java:lambda$new$0(51)) - omNode-1@group-523986131536->omNode-2: nextIndex: updateUnconditionally 484 -> 44
2019-10-21 04:40:23,604 [grpc-default-executor-13] WARN  server.GrpcLogAppender (LogUtils.java:warn(134)) - omNode-1@group-523986131536->omNode-2-AppendLogResponseHandler: Failed appendEntries: org.apache.ratis.thirdparty.io.grpc.StatusRuntimeException: UNAVAILABLE: io exception
2019-10-21 04:40:23,604 [grpc-default-executor-13] INFO  impl.FollowerInfo (FollowerInfo.java:lambda$new$0(51)) - omNode-1@group-523986131536->omNode-2: nextIndex: updateUnconditionally 484 -> 44
2019-10-21 04:40:23,608 [grpc-default-executor-12] WARN  server.GrpcLogAppender (LogUtils.java:warn(134)) - omNode-1@group-523986131536->omNode-2-AppendLogResponseHandler: Failed appendEntries: org.apache.ratis.thirdparty.io.grpc.StatusRuntimeException: UNAVAILABLE: io exception
2019-10-21 04:40:23,608 [grpc-default-executor-12] INFO  impl.FollowerInfo (FollowerInfo.java:lambda$new$0(51)) - omNode-1@group-523986131536->omNode-2: nextIndex: updateUnconditionally 486 -> 44
2019-10-21 04:40:23,617 [grpc-default-executor-13] WARN  server.GrpcLogAppender (LogUtils.java:warn(134)) - omNode-1@group-523986131536->omNode-2-AppendLogResponseHandler: Failed appendEntries: org.apache.ratis.thirdparty.io.grpc.StatusRuntimeException: UNAVAILABLE: io exception
2019-10-21 04:40:23,617 [grpc-default-executor-13] INFO  impl.FollowerInfo (FollowerInfo.java:lambda$new$0(51)) - omNode-1@group-523986131536->omNode-2: nextIndex: updateUnconditionally 486 -> 44
2019-10-21 04:40:23,625 [grpc-default-executor-12] WARN  server.GrpcLogAppender (LogUtils.java:warn(134)) - omNode-1@group-523986131536->omNode-2-AppendLogResponseHandler: Failed appendEntries: org.apache.ratis.thirdparty.io.grpc.StatusRuntimeException: UNAVAILABLE: io exception
2019-10-21 04:40:23,625 [grpc-default-executor-12] INFO  impl.FollowerInfo (FollowerInfo.java:lambda$new$0(51)) - omNode-1@group-523986131536->omNode-2: nextIndex: updateUnconditionally 488 -> 44
2019-10-21 04:40:23,631 [grpc-default-executor-13] WARN  server.GrpcLogAppender (LogUtils.java:warn(134)) - omNode-1@group-523986131536->omNode-2-AppendLogResponseHandler: Failed appendEntries: org.apache.ratis.thirdparty.io.grpc.StatusRuntimeException: UNAVAILABLE: io exception
2019-10-21 04:40:23,631 [grpc-default-executor-13] INFO  impl.FollowerInfo (FollowerInfo.java:lambda$new$0(51)) - omNode-1@group-523986131536->omNode-2: nextIndex: updateUnconditionally 488 -> 44
2019-10-21 04:40:23,635 [grpc-default-executor-10] WARN  server.GrpcLogAppender (LogUtils.java:warn(134)) - omNode-1@group-523986131536->omNode-2-AppendLogResponseHandler: Failed appendEntries: org.apache.ratis.thirdparty.io.grpc.StatusRuntimeException: UNAVAILABLE: io exception
2019-10-21 04:40:23,635 [grpc-default-executor-10] INFO  impl.FollowerInfo (FollowerInfo.java:lambda$new$0(51)) - omNode-1@group-523986131536->omNode-2: nextIndex: updateUnconditionally 490 -> 44
2019-10-21 04:40:23,643 [grpc-default-executor-12] WARN  server.GrpcLogAppender (LogUtils.java:warn(134)) - omNode-1@group-523986131536->omNode-2-AppendLogResponseHandler: Failed appendEntries: org.apache.ratis.thirdparty.io.grpc.StatusRuntimeException: UNAVAILABLE: io exception
2019-10-21 04:40:23,644 [grpc-default-executor-12] INFO  impl.FollowerInfo (FollowerInfo.java:lambda$new$0(51)) - omNode-1@group-523986131536->omNode-2: nextIndex: updateUnconditionally 490 -> 44
2019-10-21 04:40:23,651 [grpc-default-executor-12] WARN  server.GrpcLogAppender (LogUtils.java:warn(134)) - omNode-1@group-523986131536->omNode-2-AppendLogResponseHandler: Failed appendEntries: org.apache.ratis.thirdparty.io.grpc.StatusRuntimeException: UNAVAILABLE: io exception
2019-10-21 04:40:23,651 [grpc-default-executor-12] INFO  impl.FollowerInfo (FollowerInfo.java:lambda$new$0(51)) - omNode-1@group-523986131536->omNode-2: nextIndex: updateUnconditionally 492 -> 44
2019-10-21 04:40:23,657 [grpc-default-executor-12] WARN  server.GrpcLogAppender (LogUtils.java:warn(134)) - omNode-1@group-523986131536->omNode-2-AppendLogResponseHandler: Failed appendEntries: org.apache.ratis.thirdparty.io.grpc.StatusRuntimeException: UNAVAILABLE: io exception
2019-10-21 04:40:23,657 [grpc-default-executor-12] INFO  impl.FollowerInfo (FollowerInfo.java:lambda$new$0(51)) - omNode-1@group-523986131536->omNode-2: nextIndex: updateUnconditionally 492 -> 44
2019-10-21 04:40:23,661 [grpc-default-executor-12] WARN  server.GrpcLogAppender (LogUtils.java:warn(134)) - omNode-1@group-523986131536->omNode-2-AppendLogResponseHandler: Failed appendEntries: org.apache.ratis.thirdparty.io.grpc.StatusRuntimeException: UNAVAILABLE: io exception
2019-10-21 04:40:23,661 [grpc-default-executor-12] INFO  impl.FollowerInfo (FollowerInfo.java:lambda$new$0(51)) - omNode-1@group-523986131536->omNode-2: nextIndex: updateUnconditionally 494 -> 44
2019-10-21 04:40:23,670 [grpc-default-executor-12] WARN  server.GrpcLogAppender (LogUtils.java:warn(134)) - omNode-1@group-523986131536->omNode-2-AppendLogResponseHandler: Failed appendEntries: org.apache.ratis.thirdparty.io.grpc.StatusRuntimeException: UNAVAILABLE: io exception
2019-10-21 04:40:23,671 [grpc-default-executor-12] INFO  impl.FollowerInfo (FollowerInfo.java:lambda$new$0(51)) - omNode-1@group-523986131536->omNode-2: nextIndex: updateUnconditionally 494 -> 44
2019-10-21 04:40:23,678 [grpc-default-executor-13] WARN  server.GrpcLogAppender (LogUtils.java:warn(134)) - omNode-1@group-523986131536->omNode-2-AppendLogResponseHandler: Failed appendEntries: org.apache.ratis.thirdparty.io.grpc.StatusRuntimeException: UNAVAILABLE: io exception
2019-10-21 04:40:23,678 [grpc-default-executor-13] INFO  impl.FollowerInfo (FollowerInfo.java:lambda$new$0(51)) - omNode-1@group-523986131536->omNode-2: nextIndex: updateUnconditionally 496 -> 44
2019-10-21 04:40:23,684 [grpc-default-executor-10] WARN  server.GrpcLogAppender (LogUtils.java:warn(134)) - omNode-1@group-523986131536->omNode-2-AppendLogResponseHandler: Failed appendEntries: org.apache.ratis.thirdparty.io.grpc.StatusRuntimeException: UNAVAILABLE: io exception
2019-10-21 04:40:23,685 [grpc-default-executor-10] INFO  impl.FollowerInfo (FollowerInfo.java:lambda$new$0(51)) - omNode-1@group-523986131536->omNode-2: nextIndex: updateUnconditionally 496 -> 44
2019-10-21 04:40:23,689 [grpc-default-executor-13] WARN  server.GrpcLogAppender (LogUtils.java:warn(134)) - omNode-1@group-523986131536->omNode-2-AppendLogResponseHandler: Failed appendEntries: org.apache.ratis.thirdparty.io.grpc.StatusRuntimeException: UNAVAILABLE: io exception
2019-10-21 04:40:23,689 [grpc-default-executor-13] INFO  impl.FollowerInfo (FollowerInfo.java:lambda$new$0(51)) - omNode-1@group-523986131536->omNode-2: nextIndex: updateUnconditionally 498 -> 44
2019-10-21 04:40:23,697 [grpc-default-executor-12] WARN  server.GrpcLogAppender (LogUtils.java:warn(134)) - omNode-1@group-523986131536->omNode-2-AppendLogResponseHandler: Failed appendEntries: org.apache.ratis.thirdparty.io.grpc.StatusRuntimeException: UNAVAILABLE: io exception
2019-10-21 04:40:23,698 [grpc-default-executor-12] INFO  impl.FollowerInfo (FollowerInfo.java:lambda$new$0(51)) - omNode-1@group-523986131536->omNode-2: nextIndex: updateUnconditionally 498 -> 44
2019-10-21 04:40:23,704 [grpc-default-executor-12] WARN  server.GrpcLogAppender (LogUtils.java:warn(134)) - omNode-1@group-523986131536->omNode-2-AppendLogResponseHandler: Failed appendEntries: org.apache.ratis.thirdparty.io.grpc.StatusRuntimeException: UNAVAILABLE: io exception
2019-10-21 04:40:23,704 [grpc-default-executor-12] INFO  impl.FollowerInfo (FollowerInfo.java:lambda$new$0(51)) - omNode-1@group-523986131536->omNode-2: nextIndex: updateUnconditionally 500 -> 44
2019-10-21 04:40:23,711 [omNode-1@group-523986131536-StateMachineUpdater] INFO  ratis.OzoneManagerStateMachine (OzoneManagerStateMachine.java:takeSnapshot(254)) - Saving Ratis snapshot on the OM.
2019-10-21 04:40:23,712 [grpc-default-executor-12] WARN  server.GrpcLogAppender (LogUtils.java:warn(134)) - omNode-1@group-523986131536->omNode-2-AppendLogResponseHandler: Failed appendEntries: org.apache.ratis.thirdparty.io.grpc.StatusRuntimeException: UNAVAILABLE: io exception
2019-10-21 04:40:23,712 [grpc-default-executor-12] INFO  impl.FollowerInfo (FollowerInfo.java:lambda$new$0(51)) - omNode-1@group-523986131536->omNode-2: nextIndex: updateUnconditionally 500 -> 44
2019-10-21 04:40:23,712 [omNode-1@group-523986131536-StateMachineUpdater] INFO  ratis.OMRatisSnapshotInfo (OMRatisSnapshotInfo.java:saveRatisSnapshotToDisk(107)) - Saved Ratis Snapshot on the OM with snapshotIndex 499
2019-10-21 04:40:23,712 [omNode-1@group-523986131536-StateMachineUpdater] INFO  impl.StateMachineUpdater (StateMachineUpdater.java:takeSnapshot(269)) - omNode-1@group-523986131536-StateMachineUpdater: Took a snapshot at index 499
2019-10-21 04:40:23,712 [omNode-1@group-523986131536-StateMachineUpdater] INFO  impl.StateMachineUpdater (StateMachineUpdater.java:lambda$new$0(84)) - omNode-1@group-523986131536-StateMachineUpdater: snapshotIndex: updateIncreasingly 449 -> 499
2019-10-21 04:40:23,715 [grpc-default-executor-13] WARN  server.GrpcLogAppender (LogUtils.java:warn(134)) - omNode-1@group-523986131536->omNode-2-AppendLogResponseHandler: Failed appendEntries: org.apache.ratis.thirdparty.io.grpc.StatusRuntimeException: UNAVAILABLE: io exception
2019-10-21 04:40:23,716 [grpc-default-executor-13] INFO  impl.FollowerInfo (FollowerInfo.java:lambda$new$0(51)) - omNode-1@group-523986131536->omNode-2: nextIndex: updateUnconditionally 502 -> 44
2019-10-21 04:40:23,722 [omNode-3@group-523986131536-StateMachineUpdater] INFO  ratis.OzoneManagerStateMachine (OzoneManagerStateMachine.java:takeSnapshot(254)) - Saving Ratis snapshot on the OM.
2019-10-21 04:40:23,722 [omNode-3@group-523986131536-StateMachineUpdater] INFO  ratis.OMRatisSnapshotInfo (OMRatisSnapshotInfo.java:saveRatisSnapshotToDisk(107)) - Saved Ratis Snapshot on the OM with snapshotIndex 499
2019-10-21 04:40:23,722 [omNode-3@group-523986131536-StateMachineUpdater] INFO  impl.StateMachineUpdater (StateMachineUpdater.java:takeSnapshot(269)) - omNode-3@group-523986131536-StateMachineUpdater: Took a snapshot at index 499
2019-10-21 04:40:23,722 [omNode-3@group-523986131536-StateMachineUpdater] INFO  impl.StateMachineUpdater (StateMachineUpdater.java:lambda$new$0(84)) - omNode-3@group-523986131536-StateMachineUpdater: snapshotIndex: updateIncreasingly 449 -> 499
2019-10-21 04:40:23,726 [grpc-default-executor-13] WARN  server.GrpcLogAppender (LogUtils.java:warn(134)) - omNode-1@group-523986131536->omNode-2-AppendLogResponseHandler: Failed appendEntries: org.apache.ratis.thirdparty.io.grpc.StatusRuntimeException: UNAVAILABLE: io exception
2019-10-21 04:40:23,726 [grpc-default-executor-13] INFO  impl.FollowerInfo (FollowerInfo.java:lambda$new$0(51)) - omNode-1@group-523986131536->omNode-2: nextIndex: updateUnconditionally 502 -> 44
2019-10-21 04:40:23,734 [grpc-default-executor-13] WARN  server.GrpcLogAppender (LogUtils.java:warn(134)) - omNode-1@group-523986131536->omNode-2-AppendLogResponseHandler: Failed appendEntries: org.apache.ratis.thirdparty.io.grpc.StatusRuntimeException: UNAVAILABLE: io exception
2019-10-21 04:40:23,735 [grpc-default-executor-13] INFO  impl.FollowerInfo (FollowerInfo.java:lambda$new$0(51)) - omNode-1@group-523986131536->omNode-2: nextIndex: updateUnconditionally 504 -> 44
2019-10-21 04:40:23,748 [grpc-default-executor-13] WARN  server.GrpcLogAppender (LogUtils.java:warn(134)) - omNode-1@group-523986131536->omNode-2-AppendLogResponseHandler: Failed appendEntries: org.apache.ratis.thirdparty.io.grpc.StatusRuntimeException: UNAVAILABLE: io exception
2019-10-21 04:40:23,748 [grpc-default-executor-13] INFO  impl.FollowerInfo (FollowerInfo.java:lambda$new$0(51)) - omNode-1@group-523986131536->omNode-2: nextIndex: updateUnconditionally 505 -> 44
2019-10-21 04:40:23,751 [grpc-default-executor-10] WARN  server.GrpcLogAppender (LogUtils.java:warn(134)) - omNode-1@group-523986131536->omNode-2-AppendLogResponseHandler: Failed appendEntries: org.apache.ratis.thirdparty.io.grpc.StatusRuntimeException: UNAVAILABLE: io exception
2019-10-21 04:40:23,752 [grpc-default-executor-10] INFO  impl.FollowerInfo (FollowerInfo.java:lambda$new$0(51)) - omNode-1@group-523986131536->omNode-2: nextIndex: updateUnconditionally 506 -> 44
2019-10-21 04:40:23,760 [grpc-default-executor-13] WARN  server.GrpcLogAppender (LogUtils.java:warn(134)) - omNode-1@group-523986131536->omNode-2-AppendLogResponseHandler: Failed appendEntries: org.apache.ratis.thirdparty.io.grpc.StatusRuntimeException: UNAVAILABLE: io exception
2019-10-21 04:40:23,761 [grpc-default-executor-13] INFO  impl.FollowerInfo (FollowerInfo.java:lambda$new$0(51)) - omNode-1@group-523986131536->omNode-2: nextIndex: updateUnconditionally 506 -> 44
2019-10-21 04:40:23,770 [grpc-default-executor-12] WARN  server.GrpcLogAppender (LogUtils.java:warn(134)) - omNode-1@group-523986131536->omNode-2-AppendLogResponseHandler: Failed appendEntries: org.apache.ratis.thirdparty.io.grpc.StatusRuntimeException: UNAVAILABLE: io exception
2019-10-21 04:40:23,770 [grpc-default-executor-12] INFO  impl.FollowerInfo (FollowerInfo.java:lambda$new$0(51)) - omNode-1@group-523986131536->omNode-2: nextIndex: updateUnconditionally 508 -> 44
2019-10-21 04:40:23,773 [grpc-default-executor-12] WARN  server.GrpcLogAppender (LogUtils.java:warn(134)) - omNode-1@group-523986131536->omNode-2-AppendLogResponseHandler: Failed appendEntries: org.apache.ratis.thirdparty.io.grpc.StatusRuntimeException: UNAVAILABLE: io exception
2019-10-21 04:40:23,774 [grpc-default-executor-12] INFO  impl.FollowerInfo (FollowerInfo.java:lambda$new$0(51)) - omNode-1@group-523986131536->omNode-2: nextIndex: updateUnconditionally 509 -> 44
2019-10-21 04:40:23,776 [grpc-default-executor-10] WARN  server.GrpcLogAppender (LogUtils.java:warn(134)) - omNode-1@group-523986131536->omNode-2-AppendLogResponseHandler: Failed appendEntries: org.apache.ratis.thirdparty.io.grpc.StatusRuntimeException: UNAVAILABLE: io exception
2019-10-21 04:40:23,777 [grpc-default-executor-10] INFO  impl.FollowerInfo (FollowerInfo.java:lambda$new$0(51)) - omNode-1@group-523986131536->omNode-2: nextIndex: updateUnconditionally 510 -> 44
2019-10-21 04:40:23,780 [grpc-default-executor-10] WARN  server.GrpcLogAppender (LogUtils.java:warn(134)) - omNode-1@group-523986131536->omNode-2-AppendLogResponseHandler: Failed appendEntries: org.apache.ratis.thirdparty.io.grpc.StatusRuntimeException: UNAVAILABLE: io exception
2019-10-21 04:40:23,780 [grpc-default-executor-10] INFO  impl.FollowerInfo (FollowerInfo.java:lambda$new$0(51)) - omNode-1@group-523986131536->omNode-2: nextIndex: updateUnconditionally 510 -> 44
2019-10-21 04:40:23,788 [grpc-default-executor-11] WARN  server.GrpcLogAppender (LogUtils.java:warn(134)) - omNode-1@group-523986131536->omNode-2-AppendLogResponseHandler: Failed appendEntries: org.apache.ratis.thirdparty.io.grpc.StatusRuntimeException: UNAVAILABLE: io exception
2019-10-21 04:40:23,789 [grpc-default-executor-11] INFO  impl.FollowerInfo (FollowerInfo.java:lambda$new$0(51)) - omNode-1@group-523986131536->omNode-2: nextIndex: updateUnconditionally 511 -> 44
2019-10-21 04:40:23,796 [grpc-default-executor-12] WARN  server.GrpcLogAppender (LogUtils.java:warn(134)) - omNode-1@group-523986131536->omNode-2-AppendLogResponseHandler: Failed appendEntries: org.apache.ratis.thirdparty.io.grpc.StatusRuntimeException: UNAVAILABLE: io exception
2019-10-21 04:40:23,796 [grpc-default-executor-12] INFO  impl.FollowerInfo (FollowerInfo.java:lambda$new$0(51)) - omNode-1@group-523986131536->omNode-2: nextIndex: updateUnconditionally 513 -> 44
2019-10-21 04:40:23,798 [grpc-default-executor-11] WARN  server.GrpcLogAppender (LogUtils.java:warn(134)) - omNode-1@group-523986131536->omNode-2-AppendLogResponseHandler: Failed appendEntries: org.apache.ratis.thirdparty.io.grpc.StatusRuntimeException: UNAVAILABLE: io exception
2019-10-21 04:40:23,799 [grpc-default-executor-11] INFO  impl.FollowerInfo (FollowerInfo.java:lambda$new$0(51)) - omNode-1@group-523986131536->omNode-2: nextIndex: updateUnconditionally 514 -> 44
2019-10-21 04:40:23,804 [grpc-default-executor-12] WARN  server.GrpcLogAppender (LogUtils.java:warn(134)) - omNode-1@group-523986131536->omNode-2-AppendLogResponseHandler: Failed appendEntries: org.apache.ratis.thirdparty.io.grpc.StatusRuntimeException: UNAVAILABLE: io exception
2019-10-21 04:40:23,805 [grpc-default-executor-12] INFO  impl.FollowerInfo (FollowerInfo.java:lambda$new$0(51)) - omNode-1@group-523986131536->omNode-2: nextIndex: updateUnconditionally 514 -> 44
2019-10-21 04:40:23,812 [grpc-default-executor-13] WARN  server.GrpcLogAppender (LogUtils.java:warn(134)) - omNode-1@group-523986131536->omNode-2-AppendLogResponseHandler: Failed appendEntries: org.apache.ratis.thirdparty.io.grpc.StatusRuntimeException: UNAVAILABLE: io exception
2019-10-21 04:40:23,812 [grpc-default-executor-13] INFO  impl.FollowerInfo (FollowerInfo.java:lambda$new$0(51)) - omNode-1@group-523986131536->omNode-2: nextIndex: updateUnconditionally 516 -> 44
2019-10-21 04:40:23,814 [grpc-default-executor-12] WARN  server.GrpcLogAppender (LogUtils.java:warn(134)) - omNode-1@group-523986131536->omNode-2-AppendLogResponseHandler: Failed appendEntries: org.apache.ratis.thirdparty.io.grpc.StatusRuntimeException: UNAVAILABLE: io exception
2019-10-21 04:40:23,814 [grpc-default-executor-12] INFO  impl.FollowerInfo (FollowerInfo.java:lambda$new$0(51)) - omNode-1@group-523986131536->omNode-2: nextIndex: updateUnconditionally 517 -> 44
2019-10-21 04:40:23,816 [grpc-default-executor-13] WARN  server.GrpcLogAppender (LogUtils.java:warn(134)) - omNode-1@group-523986131536->omNode-2-AppendLogResponseHandler: Failed appendEntries: org.apache.ratis.thirdparty.io.grpc.StatusRuntimeException: UNAVAILABLE: io exception
2019-10-21 04:40:23,816 [grpc-default-executor-13] INFO  impl.FollowerInfo (FollowerInfo.java:lambda$new$0(51)) - omNode-1@group-523986131536->omNode-2: nextIndex: updateUnconditionally 518 -> 44
2019-10-21 04:40:23,826 [grpc-default-executor-12] WARN  server.GrpcLogAppender (LogUtils.java:warn(134)) - omNode-1@group-523986131536->omNode-2-AppendLogResponseHandler: Failed appendEntries: org.apache.ratis.thirdparty.io.grpc.StatusRuntimeException: UNAVAILABLE: io exception
2019-10-21 04:40:23,826 [grpc-default-executor-12] INFO  impl.FollowerInfo (FollowerInfo.java:lambda$new$0(51)) - omNode-1@group-523986131536->omNode-2: nextIndex: updateUnconditionally 518 -> 44
2019-10-21 04:40:23,833 [grpc-default-executor-13] WARN  server.GrpcLogAppender (LogUtils.java:warn(134)) - omNode-1@group-523986131536->omNode-2-AppendLogResponseHandler: Failed appendEntries: org.apache.ratis.thirdparty.io.grpc.StatusRuntimeException: UNAVAILABLE: io exception
2019-10-21 04:40:23,833 [grpc-default-executor-13] INFO  impl.FollowerInfo (FollowerInfo.java:lambda$new$0(51)) - omNode-1@group-523986131536->omNode-2: nextIndex: updateUnconditionally 520 -> 44
2019-10-21 04:40:23,839 [grpc-default-executor-11] WARN  server.GrpcLogAppender (LogUtils.java:warn(134)) - omNode-1@group-523986131536->omNode-2-AppendLogResponseHandler: Failed appendEntries: org.apache.ratis.thirdparty.io.grpc.StatusRuntimeException: UNAVAILABLE: io exception
2019-10-21 04:40:23,840 [grpc-default-executor-11] INFO  impl.FollowerInfo (FollowerInfo.java:lambda$new$0(51)) - omNode-1@group-523986131536->omNode-2: nextIndex: updateUnconditionally 520 -> 44
2019-10-21 04:40:23,844 [grpc-default-executor-13] WARN  server.GrpcLogAppender (LogUtils.java:warn(134)) - omNode-1@group-523986131536->omNode-2-AppendLogResponseHandler: Failed appendEntries: org.apache.ratis.thirdparty.io.grpc.StatusRuntimeException: UNAVAILABLE: io exception
2019-10-21 04:40:23,844 [grpc-default-executor-13] INFO  impl.FollowerInfo (FollowerInfo.java:lambda$new$0(51)) - omNode-1@group-523986131536->omNode-2: nextIndex: updateUnconditionally 522 -> 44
2019-10-21 04:40:23,853 [grpc-default-executor-12] WARN  server.GrpcLogAppender (LogUtils.java:warn(134)) - omNode-1@group-523986131536->omNode-2-AppendLogResponseHandler: Failed appendEntries: org.apache.ratis.thirdparty.io.grpc.StatusRuntimeException: UNAVAILABLE: io exception
2019-10-21 04:40:23,853 [grpc-default-executor-12] INFO  impl.FollowerInfo (FollowerInfo.java:lambda$new$0(51)) - omNode-1@group-523986131536->omNode-2: nextIndex: updateUnconditionally 522 -> 44
2019-10-21 04:40:23,859 [grpc-default-executor-11] WARN  server.GrpcLogAppender (LogUtils.java:warn(134)) - omNode-1@group-523986131536->omNode-2-AppendLogResponseHandler: Failed appendEntries: org.apache.ratis.thirdparty.io.grpc.StatusRuntimeException: UNAVAILABLE: io exception
2019-10-21 04:40:23,859 [grpc-default-executor-11] INFO  impl.FollowerInfo (FollowerInfo.java:lambda$new$0(51)) - omNode-1@group-523986131536->omNode-2: nextIndex: updateUnconditionally 524 -> 44
2019-10-21 04:40:23,870 [grpc-default-executor-11] WARN  server.GrpcLogAppender (LogUtils.java:warn(134)) - omNode-1@group-523986131536->omNode-2-AppendLogResponseHandler: Failed appendEntries: org.apache.ratis.thirdparty.io.grpc.StatusRuntimeException: UNAVAILABLE: io exception
2019-10-21 04:40:23,870 [grpc-default-executor-11] INFO  impl.FollowerInfo (FollowerInfo.java:lambda$new$0(51)) - omNode-1@group-523986131536->omNode-2: nextIndex: updateUnconditionally 524 -> 44
2019-10-21 04:40:23,872 [grpc-default-executor-12] WARN  server.GrpcLogAppender (LogUtils.java:warn(134)) - omNode-1@group-523986131536->omNode-2-AppendLogResponseHandler: Failed appendEntries: org.apache.ratis.thirdparty.io.grpc.StatusRuntimeException: UNAVAILABLE: io exception
2019-10-21 04:40:23,873 [grpc-default-executor-12] INFO  impl.FollowerInfo (FollowerInfo.java:lambda$new$0(51)) - omNode-1@group-523986131536->omNode-2: nextIndex: updateUnconditionally 525 -> 44
2019-10-21 04:40:23,876 [grpc-default-executor-13] WARN  server.GrpcLogAppender (LogUtils.java:warn(134)) - omNode-1@group-523986131536->omNode-2-AppendLogResponseHandler: Failed appendEntries: org.apache.ratis.thirdparty.io.grpc.StatusRuntimeException: UNAVAILABLE: io exception
2019-10-21 04:40:23,876 [grpc-default-executor-13] INFO  impl.FollowerInfo (FollowerInfo.java:lambda$new$0(51)) - omNode-1@group-523986131536->omNode-2: nextIndex: updateUnconditionally 526 -> 44
2019-10-21 04:40:23,885 [grpc-default-executor-13] WARN  server.GrpcLogAppender (LogUtils.java:warn(134)) - omNode-1@group-523986131536->omNode-2-AppendLogResponseHandler: Failed appendEntries: org.apache.ratis.thirdparty.io.grpc.StatusRuntimeException: UNAVAILABLE: io exception
2019-10-21 04:40:23,885 [grpc-default-executor-13] INFO  impl.FollowerInfo (FollowerInfo.java:lambda$new$0(51)) - omNode-1@group-523986131536->omNode-2: nextIndex: updateUnconditionally 526 -> 44
2019-10-21 04:40:23,891 [grpc-default-executor-11] WARN  server.GrpcLogAppender (LogUtils.java:warn(134)) - omNode-1@group-523986131536->omNode-2-AppendLogResponseHandler: Failed appendEntries: org.apache.ratis.thirdparty.io.grpc.StatusRuntimeException: UNAVAILABLE: io exception
2019-10-21 04:40:23,891 [grpc-default-executor-11] INFO  impl.FollowerInfo (FollowerInfo.java:lambda$new$0(51)) - omNode-1@group-523986131536->omNode-2: nextIndex: updateUnconditionally 528 -> 44
2019-10-21 04:40:23,898 [grpc-default-executor-12] WARN  server.GrpcLogAppender (LogUtils.java:warn(134)) - omNode-1@group-523986131536->omNode-2-AppendLogResponseHandler: Failed appendEntries: org.apache.ratis.thirdparty.io.grpc.StatusRuntimeException: UNAVAILABLE: io exception
2019-10-21 04:40:23,898 [grpc-default-executor-12] INFO  impl.FollowerInfo (FollowerInfo.java:lambda$new$0(51)) - omNode-1@group-523986131536->omNode-2: nextIndex: updateUnconditionally 528 -> 44
2019-10-21 04:40:23,902 [grpc-default-executor-13] WARN  server.GrpcLogAppender (LogUtils.java:warn(134)) - omNode-1@group-523986131536->omNode-2-AppendLogResponseHandler: Failed appendEntries: org.apache.ratis.thirdparty.io.grpc.StatusRuntimeException: UNAVAILABLE: io exception
2019-10-21 04:40:23,902 [grpc-default-executor-13] INFO  impl.FollowerInfo (FollowerInfo.java:lambda$new$0(51)) - omNode-1@group-523986131536->omNode-2: nextIndex: updateUnconditionally 530 -> 44
2019-10-21 04:40:23,911 [grpc-default-executor-11] WARN  server.GrpcLogAppender (LogUtils.java:warn(134)) - omNode-1@group-523986131536->omNode-2-AppendLogResponseHandler: Failed appendEntries: org.apache.ratis.thirdparty.io.grpc.StatusRuntimeException: UNAVAILABLE: io exception
2019-10-21 04:40:23,911 [grpc-default-executor-11] INFO  impl.FollowerInfo (FollowerInfo.java:lambda$new$0(51)) - omNode-1@group-523986131536->omNode-2: nextIndex: updateUnconditionally 530 -> 44
2019-10-21 04:40:23,918 [grpc-default-executor-12] WARN  server.GrpcLogAppender (LogUtils.java:warn(134)) - omNode-1@group-523986131536->omNode-2-AppendLogResponseHandler: Failed appendEntries: org.apache.ratis.thirdparty.io.grpc.StatusRuntimeException: UNAVAILABLE: io exception
2019-10-21 04:40:23,918 [grpc-default-executor-12] INFO  impl.FollowerInfo (FollowerInfo.java:lambda$new$0(51)) - omNode-1@group-523986131536->omNode-2: nextIndex: updateUnconditionally 532 -> 44
2019-10-21 04:40:23,924 [grpc-default-executor-11] WARN  server.GrpcLogAppender (LogUtils.java:warn(134)) - omNode-1@group-523986131536->omNode-2-AppendLogResponseHandler: Failed appendEntries: org.apache.ratis.thirdparty.io.grpc.StatusRuntimeException: UNAVAILABLE: io exception
2019-10-21 04:40:23,924 [grpc-default-executor-11] INFO  impl.FollowerInfo (FollowerInfo.java:lambda$new$0(51)) - omNode-1@group-523986131536->omNode-2: nextIndex: updateUnconditionally 532 -> 44
2019-10-21 04:40:23,928 [grpc-default-executor-13] WARN  server.GrpcLogAppender (LogUtils.java:warn(134)) - omNode-1@group-523986131536->omNode-2-AppendLogResponseHandler: Failed appendEntries: org.apache.ratis.thirdparty.io.grpc.StatusRuntimeException: UNAVAILABLE: io exception
2019-10-21 04:40:23,928 [grpc-default-executor-13] INFO  impl.FollowerInfo (FollowerInfo.java:lambda$new$0(51)) - omNode-1@group-523986131536->omNode-2: nextIndex: updateUnconditionally 534 -> 44
2019-10-21 04:40:23,938 [grpc-default-executor-12] WARN  server.GrpcLogAppender (LogUtils.java:warn(134)) - omNode-1@group-523986131536->omNode-2-AppendLogResponseHandler: Failed appendEntries: org.apache.ratis.thirdparty.io.grpc.StatusRuntimeException: UNAVAILABLE: io exception
2019-10-21 04:40:23,938 [grpc-default-executor-12] INFO  impl.FollowerInfo (FollowerInfo.java:lambda$new$0(51)) - omNode-1@group-523986131536->omNode-2: nextIndex: updateUnconditionally 534 -> 44
2019-10-21 04:40:23,945 [grpc-default-executor-13] WARN  server.GrpcLogAppender (LogUtils.java:warn(134)) - omNode-1@group-523986131536->omNode-2-AppendLogResponseHandler: Failed appendEntries: org.apache.ratis.thirdparty.io.grpc.StatusRuntimeException: UNAVAILABLE: io exception
2019-10-21 04:40:23,945 [grpc-default-executor-13] INFO  impl.FollowerInfo (FollowerInfo.java:lambda$new$0(51)) - omNode-1@group-523986131536->omNode-2: nextIndex: updateUnconditionally 536 -> 44
2019-10-21 04:40:23,952 [grpc-default-executor-12] WARN  server.GrpcLogAppender (LogUtils.java:warn(134)) - omNode-1@group-523986131536->omNode-2-AppendLogResponseHandler: Failed appendEntries: org.apache.ratis.thirdparty.io.grpc.StatusRuntimeException: UNAVAILABLE: io exception
2019-10-21 04:40:23,952 [grpc-default-executor-12] INFO  impl.FollowerInfo (FollowerInfo.java:lambda$new$0(51)) - omNode-1@group-523986131536->omNode-2: nextIndex: updateUnconditionally 536 -> 44
2019-10-21 04:40:23,955 [grpc-default-executor-13] WARN  server.GrpcLogAppender (LogUtils.java:warn(134)) - omNode-1@group-523986131536->omNode-2-AppendLogResponseHandler: Failed appendEntries: org.apache.ratis.thirdparty.io.grpc.StatusRuntimeException: UNAVAILABLE: io exception
2019-10-21 04:40:23,955 [grpc-default-executor-13] INFO  impl.FollowerInfo (FollowerInfo.java:lambda$new$0(51)) - omNode-1@group-523986131536->omNode-2: nextIndex: updateUnconditionally 538 -> 44
2019-10-21 04:40:23,965 [grpc-default-executor-13] WARN  server.GrpcLogAppender (LogUtils.java:warn(134)) - omNode-1@group-523986131536->omNode-2-AppendLogResponseHandler: Failed appendEntries: org.apache.ratis.thirdparty.io.grpc.StatusRuntimeException: UNAVAILABLE: io exception
2019-10-21 04:40:23,965 [grpc-default-executor-13] INFO  impl.FollowerInfo (FollowerInfo.java:lambda$new$0(51)) - omNode-1@group-523986131536->omNode-2: nextIndex: updateUnconditionally 538 -> 44
2019-10-21 04:40:23,972 [grpc-default-executor-12] WARN  server.GrpcLogAppender (LogUtils.java:warn(134)) - omNode-1@group-523986131536->omNode-2-AppendLogResponseHandler: Failed appendEntries: org.apache.ratis.thirdparty.io.grpc.StatusRuntimeException: UNAVAILABLE: io exception
2019-10-21 04:40:23,972 [grpc-default-executor-12] INFO  impl.FollowerInfo (FollowerInfo.java:lambda$new$0(51)) - omNode-1@group-523986131536->omNode-2: nextIndex: updateUnconditionally 540 -> 44
2019-10-21 04:40:23,978 [grpc-default-executor-13] WARN  server.GrpcLogAppender (LogUtils.java:warn(134)) - omNode-1@group-523986131536->omNode-2-AppendLogResponseHandler: Failed appendEntries: org.apache.ratis.thirdparty.io.grpc.StatusRuntimeException: UNAVAILABLE: io exception
2019-10-21 04:40:23,978 [grpc-default-executor-13] INFO  impl.FollowerInfo (FollowerInfo.java:lambda$new$0(51)) - omNode-1@group-523986131536->omNode-2: nextIndex: updateUnconditionally 540 -> 44
2019-10-21 04:40:23,981 [grpc-default-executor-11] WARN  server.GrpcLogAppender (LogUtils.java:warn(134)) - omNode-1@group-523986131536->omNode-2-AppendLogResponseHandler: Failed appendEntries: org.apache.ratis.thirdparty.io.grpc.StatusRuntimeException: UNAVAILABLE: io exception
2019-10-21 04:40:23,981 [grpc-default-executor-11] INFO  impl.FollowerInfo (FollowerInfo.java:lambda$new$0(51)) - omNode-1@group-523986131536->omNode-2: nextIndex: updateUnconditionally 542 -> 44
2019-10-21 04:40:23,991 [grpc-default-executor-12] WARN  server.GrpcLogAppender (LogUtils.java:warn(134)) - omNode-1@group-523986131536->omNode-2-AppendLogResponseHandler: Failed appendEntries: org.apache.ratis.thirdparty.io.grpc.StatusRuntimeException: UNAVAILABLE: io exception
2019-10-21 04:40:23,991 [grpc-default-executor-12] INFO  impl.FollowerInfo (FollowerInfo.java:lambda$new$0(51)) - omNode-1@group-523986131536->omNode-2: nextIndex: updateUnconditionally 542 -> 44
2019-10-21 04:40:23,999 [grpc-default-executor-12] WARN  server.GrpcLogAppender (LogUtils.java:warn(134)) - omNode-1@group-523986131536->omNode-2-AppendLogResponseHandler: Failed appendEntries: org.apache.ratis.thirdparty.io.grpc.StatusRuntimeException: UNAVAILABLE: io exception
2019-10-21 04:40:23,999 [grpc-default-executor-12] INFO  impl.FollowerInfo (FollowerInfo.java:lambda$new$0(51)) - omNode-1@group-523986131536->omNode-2: nextIndex: updateUnconditionally 544 -> 44
2019-10-21 04:40:24,005 [Thread-8680] INFO  om.OzoneManager (OzoneManager.java:restart(1127)) - OzoneManager RPC server is listening at localhost/127.0.0.1:11462
2019-10-21 04:40:24,005 [Thread-8680] INFO  impl.MetricsSystemImpl (MetricsSystemImpl.java:init(158)) - OzoneManager metrics system started (again)
2019-10-21 04:40:24,005 [grpc-default-executor-11] WARN  server.GrpcLogAppender (LogUtils.java:warn(134)) - omNode-1@group-523986131536->omNode-2-AppendLogResponseHandler: Failed appendEntries: org.apache.ratis.thirdparty.io.grpc.StatusRuntimeException: UNAVAILABLE: io exception
2019-10-21 04:40:24,005 [grpc-default-executor-11] INFO  impl.FollowerInfo (FollowerInfo.java:lambda$new$0(51)) - omNode-1@group-523986131536->omNode-2: nextIndex: updateUnconditionally 544 -> 44
2019-10-21 04:40:24,035 [Thread-8680] WARN  server.ServerUtils (ServerUtils.java:getDBPath(222)) - ozone.om.db.dirs is not configured. We recommend adding this setting. Falling back to ozone.metadata.dirs instead.
2019-10-21 04:40:24,035 [grpc-default-executor-11] WARN  server.GrpcLogAppender (LogUtils.java:warn(134)) - omNode-1@group-523986131536->omNode-2-AppendLogResponseHandler: Failed appendEntries: org.apache.ratis.thirdparty.io.grpc.StatusRuntimeException: UNAVAILABLE: io exception
2019-10-21 04:40:24,036 [grpc-default-executor-11] INFO  impl.FollowerInfo (FollowerInfo.java:lambda$new$0(51)) - omNode-1@group-523986131536->omNode-2: nextIndex: updateUnconditionally 545 -> 44
2019-10-21 04:40:24,036 [Thread-8680] INFO  db.DBStoreBuilder (DBStoreBuilder.java:addTable(117)) - using custom profile for table: userTable
2019-10-21 04:40:24,036 [Thread-8680] INFO  db.DBStoreBuilder (DBStoreBuilder.java:processTables(168)) - Using default column profile:DBProfile.DISK for Table:userTable
2019-10-21 04:40:24,036 [Thread-8680] INFO  db.DBStoreBuilder (DBStoreBuilder.java:addTable(117)) - using custom profile for table: volumeTable
2019-10-21 04:40:24,036 [Thread-8680] INFO  db.DBStoreBuilder (DBStoreBuilder.java:processTables(168)) - Using default column profile:DBProfile.DISK for Table:volumeTable
2019-10-21 04:40:24,036 [Thread-8680] INFO  db.DBStoreBuilder (DBStoreBuilder.java:addTable(117)) - using custom profile for table: bucketTable
2019-10-21 04:40:24,037 [Thread-8680] INFO  db.DBStoreBuilder (DBStoreBuilder.java:processTables(168)) - Using default column profile:DBProfile.DISK for Table:bucketTable
2019-10-21 04:40:24,037 [Thread-8680] INFO  db.DBStoreBuilder (DBStoreBuilder.java:addTable(117)) - using custom profile for table: keyTable
2019-10-21 04:40:24,037 [Thread-8680] INFO  db.DBStoreBuilder (DBStoreBuilder.java:processTables(168)) - Using default column profile:DBProfile.DISK for Table:keyTable
2019-10-21 04:40:24,037 [Thread-8680] INFO  db.DBStoreBuilder (DBStoreBuilder.java:addTable(117)) - using custom profile for table: deletedTable
2019-10-21 04:40:24,037 [Thread-8680] INFO  db.DBStoreBuilder (DBStoreBuilder.java:processTables(168)) - Using default column profile:DBProfile.DISK for Table:deletedTable
2019-10-21 04:40:24,037 [Thread-8680] INFO  db.DBStoreBuilder (DBStoreBuilder.java:addTable(117)) - using custom profile for table: openKeyTable
2019-10-21 04:40:24,037 [Thread-8680] INFO  db.DBStoreBuilder (DBStoreBuilder.java:processTables(168)) - Using default column profile:DBProfile.DISK for Table:openKeyTable
2019-10-21 04:40:24,037 [Thread-8680] INFO  db.DBStoreBuilder (DBStoreBuilder.java:addTable(117)) - using custom profile for table: s3Table
2019-10-21 04:40:24,037 [Thread-8680] INFO  db.DBStoreBuilder (DBStoreBuilder.java:processTables(168)) - Using default column profile:DBProfile.DISK for Table:s3Table
2019-10-21 04:40:24,037 [Thread-8680] INFO  db.DBStoreBuilder (DBStoreBuilder.java:addTable(117)) - using custom profile for table: multipartInfoTable
2019-10-21 04:40:24,037 [Thread-8680] INFO  db.DBStoreBuilder (DBStoreBuilder.java:processTables(168)) - Using default column profile:DBProfile.DISK for Table:multipartInfoTable
2019-10-21 04:40:24,038 [Thread-8680] INFO  db.DBStoreBuilder (DBStoreBuilder.java:addTable(117)) - using custom profile for table: dTokenTable
2019-10-21 04:40:24,038 [Thread-8680] INFO  db.DBStoreBuilder (DBStoreBuilder.java:processTables(168)) - Using default column profile:DBProfile.DISK for Table:dTokenTable
2019-10-21 04:40:24,038 [Thread-8680] INFO  db.DBStoreBuilder (DBStoreBuilder.java:addTable(117)) - using custom profile for table: s3SecretTable
2019-10-21 04:40:24,038 [Thread-8680] INFO  db.DBStoreBuilder (DBStoreBuilder.java:processTables(168)) - Using default column profile:DBProfile.DISK for Table:s3SecretTable
2019-10-21 04:40:24,038 [Thread-8680] INFO  db.DBStoreBuilder (DBStoreBuilder.java:addTable(117)) - using custom profile for table: prefixTable
2019-10-21 04:40:24,038 [Thread-8680] INFO  db.DBStoreBuilder (DBStoreBuilder.java:processTables(168)) - Using default column profile:DBProfile.DISK for Table:prefixTable
2019-10-21 04:40:24,038 [Thread-8680] INFO  db.DBStoreBuilder (DBStoreBuilder.java:addTable(117)) - using custom profile for table: default
2019-10-21 04:40:24,038 [Thread-8680] INFO  db.DBStoreBuilder (DBStoreBuilder.java:processTables(174)) - Using default column profile:DBProfile.DISK for Table:default
2019-10-21 04:40:24,038 [Thread-8680] INFO  db.DBStoreBuilder (DBStoreBuilder.java:getDbProfile(205)) - Using default options. DBProfile.DISK
2019-10-21 04:40:24,147 [Thread-8680] INFO  ipc.CallQueueManager (CallQueueManager.java:<init>(84)) - Using callQueue: class java.util.concurrent.LinkedBlockingQueue, queueCapacity: 2000, scheduler: class org.apache.hadoop.ipc.DefaultRpcScheduler, ipcBackoff: false.
2019-10-21 04:40:24,148 [Socket Reader #1 for port 11462] INFO  ipc.Server (Server.java:run(1074)) - Starting Socket Reader #1 for port 11462
2019-10-21 04:40:24,154 [IPC Server Responder] INFO  ipc.Server (Server.java:run(1314)) - IPC Server Responder: starting
2019-10-21 04:40:24,156 [IPC Server listener on 11462] INFO  ipc.Server (Server.java:run(1153)) - IPC Server listener on 11462: starting
2019-10-21 04:40:24,161 [Thread-8680] WARN  scm.HddsServerUtil (HddsServerUtil.java:getDefaultRatisDirectory(354)) - Storage directory for Ratis is not configured. It is a good idea to map this to an SSD disk. Falling back to ozone.metadata.dirs
2019-10-21 04:40:24,162 [Thread-8680] INFO  ratis.OzoneManagerRatisServer (OzoneManagerRatisServer.java:<init>(243)) - Instantiating OM Ratis server with GroupID: om-service-test1 and Raft Peers: localhost:11466, localhost:11460, localhost:11472
2019-10-21 04:40:24,163 [Thread-8680] INFO  impl.RaftServerProxy (ConfUtils.java:logGet(43)) - raft.rpc.type = GRPC (default)
2019-10-21 04:40:24,163 [Thread-8680] INFO  grpc.GrpcFactory (GrpcFactory.java:checkPooledByteBufAllocatorUseCacheForAllThreads(45)) - PERFORMANCE WARNING: useCacheForAllThreads is true that may cause Netty to create a lot garbage objects and, as a result, trigger GC.
	It is recommended to disable useCacheForAllThreads by setting -Dorg.apache.ratis.thirdparty.io.netty.allocator.useCacheForAllThreads=false in command line.
2019-10-21 04:40:24,163 [Thread-8680] INFO  grpc.GrpcConfigKeys$Server (ConfUtils.java:logGet(43)) - raft.grpc.server.port = 11466 (custom)
2019-10-21 04:40:24,163 [Thread-8680] INFO  server.GrpcService (ConfUtils.java:logGet(43)) - raft.grpc.message.size.max = 33554432 (custom)
2019-10-21 04:40:24,163 [Thread-8680] INFO  server.RaftServerConfigKeys (ConfUtils.java:logGet(43)) - raft.server.log.appender.buffer.byte-limit = 33554432 (custom)
2019-10-21 04:40:24,164 [Thread-8680] INFO  server.GrpcService (ConfUtils.java:logGet(43)) - raft.grpc.flow.control.window = 1MB (=1048576) (default)
2019-10-21 04:40:24,164 [Thread-8680] INFO  server.RaftServerConfigKeys (ConfUtils.java:logGet(43)) - raft.server.rpc.request.timeout = 3000ms (default)
2019-10-21 04:40:24,164 [Thread-8680] INFO  server.RaftServerConfigKeys (ConfUtils.java:logGet(43)) - raft.server.storage.dir = [/workdir/hadoop-ozone/integration-test/target/test-dir/MiniOzoneClusterImpl-908613f1-7148-4657-b39e-d6fc88855e70/omNode-2/ratis] (custom)
2019-10-21 04:40:24,165 [Thread-8680] INFO  impl.RaftServerProxy (RaftServerProxy.java:lambda$null$0(191)) - omNode-2: found a subdirectory /workdir/hadoop-ozone/integration-test/target/test-dir/MiniOzoneClusterImpl-908613f1-7148-4657-b39e-d6fc88855e70/omNode-2/ratis/snapshot
2019-10-21 04:40:24,165 [Thread-8680] WARN  impl.RaftServerProxy (RaftServerProxy.java:lambda$null$0(197)) - omNode-2: Failed to initialize the group directory /workdir/hadoop-ozone/integration-test/target/test-dir/MiniOzoneClusterImpl-908613f1-7148-4657-b39e-d6fc88855e70/omNode-2/ratis/snapshot.  Ignoring it
java.lang.IllegalArgumentException: Invalid UUID string: snapshot
	at java.util.UUID.fromString(UUID.java:194)
	at org.apache.ratis.server.impl.RaftServerProxy.lambda$null$0(RaftServerProxy.java:192)
	at java.util.stream.ForEachOps$ForEachOp$OfRef.accept(ForEachOps.java:183)
	at java.util.stream.ReferencePipeline$2$1.accept(ReferencePipeline.java:175)
	at java.util.Spliterators$ArraySpliterator.forEachRemaining(Spliterators.java:948)
	at java.util.stream.AbstractPipeline.copyInto(AbstractPipeline.java:482)
	at java.util.stream.AbstractPipeline.wrapAndCopyInto(AbstractPipeline.java:472)
	at java.util.stream.ForEachOps$ForEachOp.evaluateSequential(ForEachOps.java:150)
	at java.util.stream.ForEachOps$ForEachOp$OfRef.evaluateSequential(ForEachOps.java:173)
	at java.util.stream.AbstractPipeline.evaluate(AbstractPipeline.java:234)
	at java.util.stream.ReferencePipeline.forEach(ReferencePipeline.java:485)
	at org.apache.ratis.server.impl.RaftServerProxy.lambda$initGroups$1(RaftServerProxy.java:189)
	at java.util.stream.ForEachOps$ForEachOp$OfRef.accept(ForEachOps.java:183)
	at java.util.ArrayList$ArrayListSpliterator.forEachRemaining(ArrayList.java:1382)
	at java.util.stream.AbstractPipeline.copyInto(AbstractPipeline.java:482)
	at java.util.stream.ForEachOps$ForEachTask.compute(ForEachOps.java:290)
	at java.util.concurrent.CountedCompleter.exec(CountedCompleter.java:731)
	at java.util.concurrent.ForkJoinTask.doExec(ForkJoinTask.java:289)
	at java.util.concurrent.ForkJoinTask.doInvoke(ForkJoinTask.java:401)
	at java.util.concurrent.ForkJoinTask.invoke(ForkJoinTask.java:734)
	at java.util.stream.ForEachOps$ForEachOp.evaluateParallel(ForEachOps.java:159)
	at java.util.stream.ForEachOps$ForEachOp$OfRef.evaluateParallel(ForEachOps.java:173)
	at java.util.stream.AbstractPipeline.evaluate(AbstractPipeline.java:233)
	at java.util.stream.ReferencePipeline.forEach(ReferencePipeline.java:485)
	at java.util.stream.ReferencePipeline$Head.forEach(ReferencePipeline.java:650)
	at org.apache.ratis.server.impl.RaftServerProxy.initGroups(RaftServerProxy.java:186)
	at org.apache.ratis.server.impl.ServerImplUtils.newRaftServer(ServerImplUtils.java:41)
	at org.apache.ratis.server.RaftServer$Builder.build(RaftServer.java:76)
	at org.apache.hadoop.ozone.om.ratis.OzoneManagerRatisServer.<init>(OzoneManagerRatisServer.java:253)
	at org.apache.hadoop.ozone.om.ratis.OzoneManagerRatisServer.newOMRatisServer(OzoneManagerRatisServer.java:304)
	at org.apache.hadoop.ozone.om.OzoneManager.initializeRatisServer(OzoneManager.java:1214)
	at org.apache.hadoop.ozone.om.OzoneManager.restart(OzoneManager.java:1158)
	at org.apache.hadoop.ozone.om.TestOzoneManagerHA.testOMRestart(TestOzoneManagerHA.java:1208)
	at sun.reflect.NativeMethodAccessorImpl.invoke0(Native Method)
	at sun.reflect.NativeMethodAccessorImpl.invoke(NativeMethodAccessorImpl.java:62)
	at sun.reflect.DelegatingMethodAccessorImpl.invoke(DelegatingMethodAccessorImpl.java:43)
	at java.lang.reflect.Method.invoke(Method.java:498)
	at org.junit.runners.model.FrameworkMethod$1.runReflectiveCall(FrameworkMethod.java:47)
	at org.junit.internal.runners.model.ReflectiveCallable.run(ReflectiveCallable.java:12)
	at org.junit.runners.model.FrameworkMethod.invokeExplosively(FrameworkMethod.java:44)
	at org.junit.internal.runners.statements.InvokeMethod.evaluate(InvokeMethod.java:17)
	at org.junit.internal.runners.statements.RunBefores.evaluate(RunBefores.java:26)
	at org.junit.internal.runners.statements.RunAfters.evaluate(RunAfters.java:27)
	at org.junit.rules.ExpectedException$ExpectedExceptionStatement.evaluate(ExpectedException.java:168)
	at org.junit.internal.runners.statements.FailOnTimeout$StatementThread.run(FailOnTimeout.java:74)
2019-10-21 04:40:24,165 [Thread-8680] INFO  impl.RaftServerProxy (RaftServerProxy.java:lambda$null$0(191)) - omNode-2: found a subdirectory /workdir/hadoop-ozone/integration-test/target/test-dir/MiniOzoneClusterImpl-908613f1-7148-4657-b39e-d6fc88855e70/omNode-2/ratis/c9bc4cf4-3bc3-3c60-a66b-523986131536
2019-10-21 04:40:24,167 [Thread-8680] INFO  impl.RaftServerProxy (RaftServerProxy.java:addNew(89)) - omNode-2: addNew group-523986131536:[omNode-3:localhost:11472, omNode-1:localhost:11460, omNode-2:localhost:11466] returns group-523986131536:java.util.concurrent.CompletableFuture@1dba294b[Not completed]
2019-10-21 04:40:24,167 [pool-1790-thread-1] INFO  impl.RaftServerImpl (RaftServerImpl.java:<init>(95)) - omNode-2: new RaftServerImpl for group-523986131536:[omNode-3:localhost:11472, omNode-1:localhost:11460, omNode-2:localhost:11466] with OzoneManagerStateMachine:uninitialized
2019-10-21 04:40:24,167 [pool-1790-thread-1] INFO  server.RaftServerConfigKeys (ConfUtils.java:logGet(43)) - raft.server.rpc.timeout.min = 1s (custom)
2019-10-21 04:40:24,167 [Thread-8680] INFO  om.OzoneManager (OzoneManager.java:initializeRatisServer(1217)) - OzoneManager Ratis server initialized at port 11466
2019-10-21 04:40:24,167 [pool-1790-thread-1] INFO  server.RaftServerConfigKeys (ConfUtils.java:logGet(43)) - raft.server.rpc.timeout.max = 1200ms (custom)
2019-10-21 04:40:24,167 [Thread-8680] INFO  ratis.OzoneManagerRatisServer (OzoneManagerRatisServer.java:start(333)) - Starting OzoneManagerRatisServer omNode-2 at port 11466
2019-10-21 04:40:24,167 [pool-1790-thread-1] INFO  server.RaftServerConfigKeys (ConfUtils.java:logGet(43)) - raft.server.rpcslowness.timeout = 2s (custom)
2019-10-21 04:40:24,168 [pool-1790-thread-1] INFO  server.RaftServerConfigKeys (ConfUtils.java:logGet(43)) - raft.server.sleep.deviation.threshold = 300 (default)
2019-10-21 04:40:24,168 [pool-1790-thread-1] INFO  server.RaftServerConfigKeys (ConfUtils.java:logGet(43)) - raft.server.log.appender.install.snapshot.enabled = false (custom)
2019-10-21 04:40:24,168 [pool-1790-thread-1] INFO  impl.RaftServerImpl (ServerState.java:<init>(103)) - omNode-2@group-523986131536: ConfigurationManager, init=-1: [omNode-3:localhost:11472, omNode-1:localhost:11460, omNode-2:localhost:11466], old=null, confs=<EMPTY_MAP>
2019-10-21 04:40:24,168 [pool-1790-thread-1] INFO  server.RaftServerConfigKeys (ConfUtils.java:logGet(43)) - raft.server.storage.dir = [/workdir/hadoop-ozone/integration-test/target/test-dir/MiniOzoneClusterImpl-908613f1-7148-4657-b39e-d6fc88855e70/omNode-2/ratis] (custom)
2019-10-21 04:40:24,168 [pool-1790-thread-1] INFO  server.RaftServerConfigKeys (ConfUtils.java:logGet(43)) - raft.server.log.corruption.policy = EXCEPTION (default)
2019-10-21 04:40:24,173 [pool-1790-thread-1] INFO  storage.RaftStorageDirectory (RaftStorageDirectory.java:tryLock(328)) - Lock on /workdir/hadoop-ozone/integration-test/target/test-dir/MiniOzoneClusterImpl-908613f1-7148-4657-b39e-d6fc88855e70/omNode-2/ratis/c9bc4cf4-3bc3-3c60-a66b-523986131536/in_use.lock acquired by nodename 29612@pr-hdds-1569-252f9-3696506840
2019-10-21 04:40:24,175 [pool-1790-thread-1] INFO  impl.RaftServerImpl (ServerState.java:setRaftConf(356)) - omNode-2@group-523986131536: set configuration 0: [omNode-3:localhost:11472, omNode-1:localhost:11460, omNode-2:localhost:11466], old=null at 0
2019-10-21 04:40:24,175 [pool-1790-thread-1] INFO  server.RaftServerConfigKeys (ConfUtils.java:logGet(43)) - raft.server.notification.no-leader.timeout = 2s (custom)
2019-10-21 04:40:24,176 [pool-1790-thread-1] INFO  server.RaftServerConfigKeys (ConfUtils.java:logGet(43)) - raft.server.log.use.memory = false (default)
2019-10-21 04:40:24,176 [pool-1790-thread-1] INFO  server.RaftServerConfigKeys (ConfUtils.java:logGet(43)) - raft.server.log.purge.gap = 50 (custom)
2019-10-21 04:40:24,176 [pool-1790-thread-1] INFO  server.RaftServerConfigKeys (ConfUtils.java:logGet(43)) - raft.server.log.appender.buffer.byte-limit = 33554432 (custom)
2019-10-21 04:40:24,176 [pool-1790-thread-1] INFO  server.RaftServerConfigKeys (ConfUtils.java:logGet(43)) - raft.server.log.segment.size.max = 16384 (custom)
2019-10-21 04:40:24,176 [pool-1790-thread-1] INFO  server.RaftServerConfigKeys (ConfUtils.java:logGet(43)) - raft.server.log.segment.cache.num.max = 2 (custom)
2019-10-21 04:40:24,176 [pool-1790-thread-1] INFO  segmented.SegmentedRaftLogWorker (SegmentedRaftLogWorker.java:<init>(173)) - new omNode-2@group-523986131536-SegmentedRaftLogWorker for RaftStorage:Storage Directory /workdir/hadoop-ozone/integration-test/target/test-dir/MiniOzoneClusterImpl-908613f1-7148-4657-b39e-d6fc88855e70/omNode-2/ratis/c9bc4cf4-3bc3-3c60-a66b-523986131536
2019-10-21 04:40:24,176 [pool-1790-thread-1] INFO  server.RaftServerConfigKeys (ConfUtils.java:logGet(43)) - raft.server.log.queue.byte-limit = 64MB (=67108864) (default)
2019-10-21 04:40:24,176 [pool-1790-thread-1] INFO  server.RaftServerConfigKeys (ConfUtils.java:logGet(43)) - raft.server.log.queue.element-limit = 4096 (default)
2019-10-21 04:40:24,176 [pool-1790-thread-1] INFO  server.RaftServerConfigKeys (ConfUtils.java:logGet(43)) - raft.server.log.segment.size.max = 16384 (custom)
2019-10-21 04:40:24,176 [pool-1790-thread-1] INFO  server.RaftServerConfigKeys (ConfUtils.java:logGet(43)) - raft.server.log.preallocated.size = 16384 (custom)
2019-10-21 04:40:24,176 [pool-1790-thread-1] INFO  server.RaftServerConfigKeys (ConfUtils.java:logGet(43)) - raft.server.log.write.buffer.size = 64KB (=65536) (default)
2019-10-21 04:40:24,176 [pool-1790-thread-1] INFO  server.RaftServerConfigKeys (ConfUtils.java:logGet(43)) - raft.server.log.force.sync.num = 128 (default)
2019-10-21 04:40:24,177 [pool-1790-thread-1] INFO  server.RaftServerConfigKeys (ConfUtils.java:logGet(43)) - raft.server.log.statemachine.data.sync = true (default)
2019-10-21 04:40:24,177 [pool-1790-thread-1] INFO  server.RaftServerConfigKeys (ConfUtils.java:logGet(43)) - raft.server.log.statemachine.data.sync.timeout = 10s (default)
2019-10-21 04:40:24,177 [pool-1790-thread-1] INFO  server.RaftServerConfigKeys (ConfUtils.java:logGet(43)) - raft.server.log.statemachine.data.sync.timeout.retry = -1 (default)
2019-10-21 04:40:24,177 [pool-1790-thread-1] INFO  server.RaftServerConfigKeys (ConfUtils.java:logGet(43)) - raft.server.log.statemachine.data.caching.enabled = false (default)
2019-10-21 04:40:24,180 [pool-1790-thread-1] INFO  impl.RaftServerImpl (ServerState.java:setRaftConf(356)) - omNode-2@group-523986131536: set configuration 0: [omNode-3:localhost:11472, omNode-1:localhost:11460, omNode-2:localhost:11466], old=null at 0
2019-10-21 04:40:24,180 [pool-1790-thread-1] INFO  segmented.LogSegment (LogSegment.java:loadSegment(140)) - Successfully read 45 entries from segment file /workdir/hadoop-ozone/integration-test/target/test-dir/MiniOzoneClusterImpl-908613f1-7148-4657-b39e-d6fc88855e70/omNode-2/ratis/c9bc4cf4-3bc3-3c60-a66b-523986131536/current/log_inprogress_0
2019-10-21 04:40:24,181 [pool-1790-thread-1] INFO  segmented.SegmentedRaftLogWorker (SegmentedRaftLogWorker.java:lambda$new$0(128)) - omNode-2@group-523986131536-SegmentedRaftLogWorker: flushIndex: setUnconditionally 0 -> 44
2019-10-21 04:40:24,182 [pool-1790-thread-1] INFO  raftlog.RaftLog (RaftLog.java:lambda$new$0(61)) - omNode-2@group-523986131536-SegmentedRaftLog: commitIndex: updateToMax old=41, new=43, updated? true
2019-10-21 04:40:24,182 [pool-1790-thread-1] INFO  server.RaftServerConfigKeys (ConfUtils.java:logGet(43)) - raft.server.snapshot.auto.trigger.enabled = true (custom)
2019-10-21 04:40:24,182 [pool-1790-thread-1] INFO  server.RaftServerConfigKeys (ConfUtils.java:logGet(43)) - raft.server.snapshot.auto.trigger.threshold = 50 (custom)
2019-10-21 04:40:24,182 [pool-1790-thread-1] INFO  server.RaftServerConfigKeys (ConfUtils.java:logGet(43)) - raft.server.snapshot.retention.file.num = -1 (default)
2019-10-21 04:40:24,182 [pool-1790-thread-1] INFO  server.RaftServerConfigKeys (ConfUtils.java:logGet(43)) - raft.server.retrycache.expirytime = 600000ms (custom)
2019-10-21 04:40:24,185 [Thread-8680] INFO  impl.RaftServerImpl (RaftServerImpl.java:start(181)) - omNode-2@group-523986131536: start as a follower, conf=0: [omNode-3:localhost:11472, omNode-1:localhost:11460, omNode-2:localhost:11466], old=null
2019-10-21 04:40:24,185 [Thread-8680] INFO  impl.RaftServerImpl (RaftServerImpl.java:setRole(170)) - omNode-2@group-523986131536: changes role from      null to FOLLOWER at term 2 for startAsFollower
2019-10-21 04:40:24,186 [Thread-8680] INFO  impl.RoleInfo (RoleInfo.java:updateAndGet(143)) - omNode-2: start FollowerState
2019-10-21 04:40:24,186 [Thread-8680] INFO  util.JmxRegister (JmxRegister.java:tryRegister(44)) - Successfully registered JMX Bean with object name Ratis:service=RaftServer,group=group-523986131536,id=omNode-2
2019-10-21 04:40:24,186 [Thread-8680] INFO  impl.RaftServerProxy (RaftServerProxy.java:lambda$start$3(299)) - omNode-2: start RPC server
2019-10-21 04:40:24,187 [Thread-8680] INFO  server.GrpcService (GrpcService.java:startImpl(158)) - omNode-2: GrpcService started, listening on 0.0.0.0/0.0.0.0:11466
2019-10-21 04:40:24,189 [Thread-8680] INFO  hdfs.DFSUtil (DFSUtil.java:httpServerTemplateForNNAndJN(1641)) - Starting Web-server for ozoneManager at: http://0.0.0.0:11464
2019-10-21 04:40:24,191 [Thread-8680] INFO  server.AuthenticationFilter (AuthenticationFilter.java:constructSecretProvider(240)) - Unable to initialize FileSignerSecretProvider, falling back to use random secrets.
2019-10-21 04:40:24,192 [Thread-8680] WARN  http.HttpRequestLog (HttpRequestLog.java:getRequestLog(97)) - Jetty request log can only be enabled using Log4j
2019-10-21 04:40:24,194 [Thread-8680] INFO  http.HttpServer2 (HttpServer2.java:addGlobalFilter(975)) - Added global filter 'safety' (class=org.apache.hadoop.http.HttpServer2$QuotingInputFilter)
2019-10-21 04:40:24,194 [Thread-8680] INFO  http.HttpServer2 (HttpServer2.java:addFilter(948)) - Added filter static_user_filter (class=org.apache.hadoop.http.lib.StaticUserWebFilter$StaticUserFilter) to context ozoneManager
2019-10-21 04:40:24,194 [Thread-8680] INFO  http.HttpServer2 (HttpServer2.java:addFilter(958)) - Added filter static_user_filter (class=org.apache.hadoop.http.lib.StaticUserWebFilter$StaticUserFilter) to context logs
2019-10-21 04:40:24,195 [Thread-8680] INFO  http.HttpServer2 (HttpServer2.java:addFilter(958)) - Added filter static_user_filter (class=org.apache.hadoop.http.lib.StaticUserWebFilter$StaticUserFilter) to context static
2019-10-21 04:40:24,195 [Thread-8680] INFO  http.HttpServer2 (HttpServer2.java:bindListener(1191)) - Jetty bound to port 11464
2019-10-21 04:40:24,196 [Thread-8680] INFO  server.Server (Server.java:doStart(351)) - jetty-9.3.25.v20180904, build timestamp: 2018-09-04T21:11:46Z, git hash: 3ce520221d0240229c862b122d2b06c12a625732
2019-10-21 04:40:24,198 [Thread-8680] INFO  handler.ContextHandler (ContextHandler.java:doStart(781)) - Started o.e.j.s.ServletContextHandler@617d871b{/logs,file:///workdir/hadoop-ozone/integration-test/target/log,AVAILABLE}
2019-10-21 04:40:24,199 [Thread-8680] INFO  handler.ContextHandler (ContextHandler.java:doStart(781)) - Started o.e.j.s.ServletContextHandler@204f1588{/static,file:///workdir/hadoop-ozone/integration-test/target/test-classes/webapps/static,AVAILABLE}
2019-10-21 04:40:24,540 [grpc-default-executor-11] INFO  impl.RaftServerImpl (ServerState.java:setLeader(255)) - omNode-2@group-523986131536: change Leader from null to omNode-1 at term 2 for appendEntries, leader elected after 364ms
2019-10-21 04:40:24,555 [grpc-default-executor-11] INFO  segmented.SegmentedRaftLogWorker (SegmentedRaftLogWorker.java:rollLogSegment(390)) - omNode-2@group-523986131536-SegmentedRaftLogWorker: Rolling segment log-0_70 to index:70
2019-10-21 04:40:24,556 [grpc-default-executor-11] INFO  segmented.SegmentedRaftLogWorker (SegmentedRaftLogWorker.java:rollLogSegment(390)) - omNode-2@group-523986131536-SegmentedRaftLogWorker: Rolling segment log-71_138 to index:138
2019-10-21 04:40:24,557 [grpc-default-executor-11] INFO  segmented.SegmentedRaftLogWorker (SegmentedRaftLogWorker.java:rollLogSegment(390)) - omNode-2@group-523986131536-SegmentedRaftLogWorker: Rolling segment log-139_206 to index:206
2019-10-21 04:40:24,557 [grpc-default-executor-11] INFO  segmented.SegmentedRaftLogWorker (SegmentedRaftLogWorker.java:rollLogSegment(390)) - omNode-2@group-523986131536-SegmentedRaftLogWorker: Rolling segment log-207_274 to index:274
2019-10-21 04:40:24,558 [grpc-default-executor-11] INFO  segmented.SegmentedRaftLogWorker (SegmentedRaftLogWorker.java:rollLogSegment(390)) - omNode-2@group-523986131536-SegmentedRaftLogWorker: Rolling segment log-275_342 to index:342
2019-10-21 04:40:24,559 [grpc-default-executor-11] INFO  segmented.SegmentedRaftLogWorker (SegmentedRaftLogWorker.java:rollLogSegment(390)) - omNode-2@group-523986131536-SegmentedRaftLogWorker: Rolling segment log-343_410 to index:410
2019-10-21 04:40:24,560 [grpc-default-executor-11] INFO  segmented.SegmentedRaftLogWorker (SegmentedRaftLogWorker.java:rollLogSegment(390)) - omNode-2@group-523986131536-SegmentedRaftLogWorker: Rolling segment log-411_478 to index:478
2019-10-21 04:40:24,562 [omNode-2@group-523986131536-SegmentedRaftLogWorker] INFO  segmented.SegmentedRaftLogWorker (SegmentedRaftLogWorker.java:execute(531)) - omNode-2@group-523986131536-SegmentedRaftLogWorker: Rolled log segment from /workdir/hadoop-ozone/integration-test/target/test-dir/MiniOzoneClusterImpl-908613f1-7148-4657-b39e-d6fc88855e70/omNode-2/ratis/c9bc4cf4-3bc3-3c60-a66b-523986131536/current/log_inprogress_0 to /workdir/hadoop-ozone/integration-test/target/test-dir/MiniOzoneClusterImpl-908613f1-7148-4657-b39e-d6fc88855e70/omNode-2/ratis/c9bc4cf4-3bc3-3c60-a66b-523986131536/current/log_0-70
2019-10-21 04:40:24,570 [omNode-2@group-523986131536-SegmentedRaftLogWorker] INFO  segmented.SegmentedRaftLogWorker (SegmentedRaftLogWorker.java:execute(574)) - omNode-2@group-523986131536-SegmentedRaftLogWorker: created new log segment /workdir/hadoop-ozone/integration-test/target/test-dir/MiniOzoneClusterImpl-908613f1-7148-4657-b39e-d6fc88855e70/omNode-2/ratis/c9bc4cf4-3bc3-3c60-a66b-523986131536/current/log_inprogress_71
2019-10-21 04:40:24,573 [omNode-2@group-523986131536-SegmentedRaftLogWorker] INFO  segmented.SegmentedRaftLogWorker (SegmentedRaftLogWorker.java:execute(531)) - omNode-2@group-523986131536-SegmentedRaftLogWorker: Rolled log segment from /workdir/hadoop-ozone/integration-test/target/test-dir/MiniOzoneClusterImpl-908613f1-7148-4657-b39e-d6fc88855e70/omNode-2/ratis/c9bc4cf4-3bc3-3c60-a66b-523986131536/current/log_inprogress_71 to /workdir/hadoop-ozone/integration-test/target/test-dir/MiniOzoneClusterImpl-908613f1-7148-4657-b39e-d6fc88855e70/omNode-2/ratis/c9bc4cf4-3bc3-3c60-a66b-523986131536/current/log_71-138
2019-10-21 04:40:24,576 [omNode-2@group-523986131536-SegmentedRaftLogWorker] INFO  segmented.SegmentedRaftLogWorker (SegmentedRaftLogWorker.java:execute(574)) - omNode-2@group-523986131536-SegmentedRaftLogWorker: created new log segment /workdir/hadoop-ozone/integration-test/target/test-dir/MiniOzoneClusterImpl-908613f1-7148-4657-b39e-d6fc88855e70/omNode-2/ratis/c9bc4cf4-3bc3-3c60-a66b-523986131536/current/log_inprogress_139
2019-10-21 04:40:24,588 [omNode-2@group-523986131536-SegmentedRaftLogWorker] INFO  segmented.SegmentedRaftLogWorker (SegmentedRaftLogWorker.java:execute(531)) - omNode-2@group-523986131536-SegmentedRaftLogWorker: Rolled log segment from /workdir/hadoop-ozone/integration-test/target/test-dir/MiniOzoneClusterImpl-908613f1-7148-4657-b39e-d6fc88855e70/omNode-2/ratis/c9bc4cf4-3bc3-3c60-a66b-523986131536/current/log_inprogress_139 to /workdir/hadoop-ozone/integration-test/target/test-dir/MiniOzoneClusterImpl-908613f1-7148-4657-b39e-d6fc88855e70/omNode-2/ratis/c9bc4cf4-3bc3-3c60-a66b-523986131536/current/log_139-206
2019-10-21 04:40:24,602 [omNode-2@group-523986131536-SegmentedRaftLogWorker] INFO  segmented.SegmentedRaftLogWorker (SegmentedRaftLogWorker.java:execute(574)) - omNode-2@group-523986131536-SegmentedRaftLogWorker: created new log segment /workdir/hadoop-ozone/integration-test/target/test-dir/MiniOzoneClusterImpl-908613f1-7148-4657-b39e-d6fc88855e70/omNode-2/ratis/c9bc4cf4-3bc3-3c60-a66b-523986131536/current/log_inprogress_207
2019-10-21 04:40:24,614 [omNode-2@group-523986131536-SegmentedRaftLogWorker] INFO  segmented.SegmentedRaftLogWorker (SegmentedRaftLogWorker.java:execute(531)) - omNode-2@group-523986131536-SegmentedRaftLogWorker: Rolled log segment from /workdir/hadoop-ozone/integration-test/target/test-dir/MiniOzoneClusterImpl-908613f1-7148-4657-b39e-d6fc88855e70/omNode-2/ratis/c9bc4cf4-3bc3-3c60-a66b-523986131536/current/log_inprogress_207 to /workdir/hadoop-ozone/integration-test/target/test-dir/MiniOzoneClusterImpl-908613f1-7148-4657-b39e-d6fc88855e70/omNode-2/ratis/c9bc4cf4-3bc3-3c60-a66b-523986131536/current/log_207-274
2019-10-21 04:40:24,627 [omNode-2@group-523986131536-SegmentedRaftLogWorker] INFO  segmented.SegmentedRaftLogWorker (SegmentedRaftLogWorker.java:execute(574)) - omNode-2@group-523986131536-SegmentedRaftLogWorker: created new log segment /workdir/hadoop-ozone/integration-test/target/test-dir/MiniOzoneClusterImpl-908613f1-7148-4657-b39e-d6fc88855e70/omNode-2/ratis/c9bc4cf4-3bc3-3c60-a66b-523986131536/current/log_inprogress_275
2019-10-21 04:40:24,639 [omNode-2@group-523986131536-SegmentedRaftLogWorker] INFO  segmented.SegmentedRaftLogWorker (SegmentedRaftLogWorker.java:execute(531)) - omNode-2@group-523986131536-SegmentedRaftLogWorker: Rolled log segment from /workdir/hadoop-ozone/integration-test/target/test-dir/MiniOzoneClusterImpl-908613f1-7148-4657-b39e-d6fc88855e70/omNode-2/ratis/c9bc4cf4-3bc3-3c60-a66b-523986131536/current/log_inprogress_275 to /workdir/hadoop-ozone/integration-test/target/test-dir/MiniOzoneClusterImpl-908613f1-7148-4657-b39e-d6fc88855e70/omNode-2/ratis/c9bc4cf4-3bc3-3c60-a66b-523986131536/current/log_275-342
2019-10-21 04:40:24,652 [omNode-2@group-523986131536-SegmentedRaftLogWorker] INFO  segmented.SegmentedRaftLogWorker (SegmentedRaftLogWorker.java:execute(574)) - omNode-2@group-523986131536-SegmentedRaftLogWorker: created new log segment /workdir/hadoop-ozone/integration-test/target/test-dir/MiniOzoneClusterImpl-908613f1-7148-4657-b39e-d6fc88855e70/omNode-2/ratis/c9bc4cf4-3bc3-3c60-a66b-523986131536/current/log_inprogress_343
2019-10-21 04:40:24,667 [omNode-2@group-523986131536-SegmentedRaftLogWorker] INFO  segmented.SegmentedRaftLogWorker (SegmentedRaftLogWorker.java:execute(531)) - omNode-2@group-523986131536-SegmentedRaftLogWorker: Rolled log segment from /workdir/hadoop-ozone/integration-test/target/test-dir/MiniOzoneClusterImpl-908613f1-7148-4657-b39e-d6fc88855e70/omNode-2/ratis/c9bc4cf4-3bc3-3c60-a66b-523986131536/current/log_inprogress_343 to /workdir/hadoop-ozone/integration-test/target/test-dir/MiniOzoneClusterImpl-908613f1-7148-4657-b39e-d6fc88855e70/omNode-2/ratis/c9bc4cf4-3bc3-3c60-a66b-523986131536/current/log_343-410
2019-10-21 04:40:24,747 [omNode-2@group-523986131536-SegmentedRaftLogWorker] INFO  segmented.SegmentedRaftLogWorker (SegmentedRaftLogWorker.java:execute(574)) - omNode-2@group-523986131536-SegmentedRaftLogWorker: created new log segment /workdir/hadoop-ozone/integration-test/target/test-dir/MiniOzoneClusterImpl-908613f1-7148-4657-b39e-d6fc88855e70/omNode-2/ratis/c9bc4cf4-3bc3-3c60-a66b-523986131536/current/log_inprogress_411
2019-10-21 04:40:24,778 [omNode-2@group-523986131536-SegmentedRaftLogWorker] INFO  segmented.SegmentedRaftLogWorker (SegmentedRaftLogWorker.java:execute(531)) - omNode-2@group-523986131536-SegmentedRaftLogWorker: Rolled log segment from /workdir/hadoop-ozone/integration-test/target/test-dir/MiniOzoneClusterImpl-908613f1-7148-4657-b39e-d6fc88855e70/omNode-2/ratis/c9bc4cf4-3bc3-3c60-a66b-523986131536/current/log_inprogress_411 to /workdir/hadoop-ozone/integration-test/target/test-dir/MiniOzoneClusterImpl-908613f1-7148-4657-b39e-d6fc88855e70/omNode-2/ratis/c9bc4cf4-3bc3-3c60-a66b-523986131536/current/log_411-478
2019-10-21 04:40:24,788 [omNode-2@group-523986131536-SegmentedRaftLogWorker] INFO  segmented.SegmentedRaftLogWorker (SegmentedRaftLogWorker.java:execute(574)) - omNode-2@group-523986131536-SegmentedRaftLogWorker: created new log segment /workdir/hadoop-ozone/integration-test/target/test-dir/MiniOzoneClusterImpl-908613f1-7148-4657-b39e-d6fc88855e70/omNode-2/ratis/c9bc4cf4-3bc3-3c60-a66b-523986131536/current/log_inprogress_479
2019-10-21 04:40:24,852 [omNode-2@group-523986131536-StateMachineUpdater] INFO  ratis.OzoneManagerStateMachine (OzoneManagerStateMachine.java:takeSnapshot(254)) - Saving Ratis snapshot on the OM.
2019-10-21 04:40:24,856 [omNode-2@group-523986131536-StateMachineUpdater] INFO  ratis.OMRatisSnapshotInfo (OMRatisSnapshotInfo.java:saveRatisSnapshotToDisk(107)) - Saved Ratis Snapshot on the OM with snapshotIndex 543
2019-10-21 04:40:24,856 [omNode-2@group-523986131536-StateMachineUpdater] INFO  impl.StateMachineUpdater (StateMachineUpdater.java:takeSnapshot(269)) - omNode-2@group-523986131536-StateMachineUpdater: Took a snapshot at index 543
2019-10-21 04:40:24,856 [omNode-2@group-523986131536-StateMachineUpdater] INFO  impl.StateMachineUpdater (StateMachineUpdater.java:lambda$new$0(84)) - omNode-2@group-523986131536-StateMachineUpdater: snapshotIndex: updateIncreasingly 41 -> 543
2019-10-21 04:40:24,856 [omNode-2@group-523986131536-StateMachineUpdater] INFO  raftlog.RaftLog (RaftLog.java:purge(344)) - omNode-2@group-523986131536-SegmentedRaftLog: purge 543
2019-10-21 04:40:24,857 [omNode-2@group-523986131536-SegmentedRaftLogWorker] INFO  raftlog.RaftLog (RaftLog.java:lambda$new$0(61)) - omNode-2@group-523986131536-SegmentedRaftLog: purgeIndex: updateToMax old=-1, new=478, updated? true
2019-10-21 04:40:28,928 [Thread-8680] INFO  handler.ContextHandler (ContextHandler.java:doStart(781)) - Started o.e.j.w.WebAppContext@336ec939{/,file:///workdir/hadoop-ozone/integration-test/target/test-classes/webapps/ozoneManager/,AVAILABLE}{/ozoneManager}
2019-10-21 04:40:28,929 [Thread-8680] INFO  server.AbstractConnector (AbstractConnector.java:doStart(278)) - Started ServerConnector@1c31af80{HTTP/1.1,[http/1.1]}{0.0.0.0:11464}
2019-10-21 04:40:28,932 [Thread-8680] INFO  server.Server (Server.java:doStart(419)) - Started @856206ms
2019-10-21 04:40:28,932 [Thread-8680] WARN  impl.MetricsSystemImpl (MetricsSystemImpl.java:register(276)) - Sink prometheus already exists!
2019-10-21 04:40:28,933 [Thread-8680] INFO  server.BaseHttpServer (BaseHttpServer.java:updateConnectorAddress(215)) - HTTP server of OZONEMANAGER is listening at http://0.0.0.0:11464
2019-10-21 04:40:28,934 [org.apache.hadoop.util.JvmPauseMonitor$Monitor@49cd93c5] INFO  util.JvmPauseMonitor (JvmPauseMonitor.java:run(188)) - Starting JVM pause monitor
2019-10-21 04:40:28,935 [Thread-8680] INFO  ratis.OMRatisSnapshotInfo (OMRatisSnapshotInfo.java:saveRatisSnapshotToDisk(107)) - Saved Ratis Snapshot on the OM with snapshotIndex 543
2019-10-21 04:40:28,935 [Thread-8680] INFO  ozone.MiniOzoneClusterImpl (MiniOzoneClusterImpl.java:shutdown(314)) - Shutting down the Mini Ozone Cluster
2019-10-21 04:40:28,935 [Thread-8680] INFO  ozone.MiniOzoneHAClusterImpl (MiniOzoneHAClusterImpl.java:stop(147)) - Stopping the OzoneManager omNode-3
2019-10-21 04:40:28,936 [Thread-8680] INFO  ipc.Server (Server.java:stop(3082)) - Stopping server on 11468
2019-10-21 04:40:28,939 [IPC Server listener on 11468] INFO  ipc.Server (Server.java:run(1185)) - Stopping IPC Server listener on 11468
2019-10-21 04:40:28,939 [IPC Server Responder] INFO  ipc.Server (Server.java:run(1319)) - Stopping IPC Server Responder
2019-10-21 04:40:28,939 [Thread-8680] INFO  impl.RaftServerProxy (RaftServerProxy.java:lambda$close$4(314)) - omNode-3: close
2019-10-21 04:40:28,956 [Thread-8680] INFO  impl.RaftServerImpl (RaftServerImpl.java:lambda$shutdown$3(247)) - omNode-3@group-523986131536: shutdown
2019-10-21 04:40:28,956 [Thread-8680] INFO  util.JmxRegister (JmxRegister.java:unregister(73)) - Successfully un-registered JMX Bean with object name Ratis:service=RaftServer,group=group-523986131536,id=omNode-3
2019-10-21 04:40:28,956 [Thread-8680] INFO  impl.RoleInfo (RoleInfo.java:shutdownFollowerState(121)) - omNode-3: shutdown FollowerState
2019-10-21 04:40:28,956 [Thread-8680] INFO  impl.StateMachineUpdater (StateMachineUpdater.java:stopAndJoin(136)) - omNode-3@group-523986131536-StateMachineUpdater: set stopIndex = 544
2019-10-21 04:40:28,956 [Thread-8901] INFO  impl.FollowerState (FollowerState.java:run(117)) - omNode-3@group-523986131536-FollowerState was interrupted: java.lang.InterruptedException: sleep interrupted
2019-10-21 04:40:28,956 [omNode-3@group-523986131536-StateMachineUpdater] INFO  ratis.OzoneManagerStateMachine (OzoneManagerStateMachine.java:takeSnapshot(254)) - Saving Ratis snapshot on the OM.
2019-10-21 04:40:28,957 [omNode-3@group-523986131536-StateMachineUpdater] INFO  ratis.OMRatisSnapshotInfo (OMRatisSnapshotInfo.java:saveRatisSnapshotToDisk(107)) - Saved Ratis Snapshot on the OM with snapshotIndex 543
2019-10-21 04:40:28,957 [omNode-3@group-523986131536-StateMachineUpdater] INFO  impl.StateMachineUpdater (StateMachineUpdater.java:takeSnapshot(269)) - omNode-3@group-523986131536-StateMachineUpdater: Took a snapshot at index 543
2019-10-21 04:40:28,958 [omNode-3@group-523986131536-StateMachineUpdater] INFO  impl.StateMachineUpdater (StateMachineUpdater.java:lambda$new$0(84)) - omNode-3@group-523986131536-StateMachineUpdater: snapshotIndex: updateIncreasingly 499 -> 543
2019-10-21 04:40:28,958 [omNode-3@group-523986131536-StateMachineUpdater] INFO  raftlog.RaftLog (RaftLog.java:purge(344)) - omNode-3@group-523986131536-SegmentedRaftLog: purge 543
2019-10-21 04:40:28,958 [omNode-3@group-523986131536-StateMachineUpdater] INFO  ratis.OzoneManagerStateMachine (OzoneManagerStateMachine.java:takeSnapshot(254)) - Saving Ratis snapshot on the OM.
2019-10-21 04:40:28,958 [omNode-3@group-523986131536-SegmentedRaftLogWorker] INFO  raftlog.RaftLog (RaftLog.java:lambda$new$0(61)) - omNode-3@group-523986131536-SegmentedRaftLog: purgeIndex: updateToMax old=-1, new=478, updated? true
2019-10-21 04:40:28,969 [omNode-3@group-523986131536-StateMachineUpdater] INFO  ratis.OMRatisSnapshotInfo (OMRatisSnapshotInfo.java:saveRatisSnapshotToDisk(107)) - Saved Ratis Snapshot on the OM with snapshotIndex 543
2019-10-21 04:40:28,969 [omNode-3@group-523986131536-StateMachineUpdater] INFO  impl.StateMachineUpdater (StateMachineUpdater.java:takeSnapshot(269)) - omNode-3@group-523986131536-StateMachineUpdater: Took a snapshot at index 543
2019-10-21 04:40:28,969 [omNode-3@group-523986131536-StateMachineUpdater] INFO  impl.StateMachineUpdater (StateMachineUpdater.java:lambda$new$0(84)) - omNode-3@group-523986131536-StateMachineUpdater: snapshotIndex: updateIncreasingly 543 -> 543
2019-10-21 04:40:28,969 [omNode-3@group-523986131536-StateMachineUpdater] INFO  raftlog.RaftLog (RaftLog.java:purge(344)) - omNode-3@group-523986131536-SegmentedRaftLog: purge 543
2019-10-21 04:40:28,970 [omNode-3@group-523986131536-StateMachineUpdater] INFO  raftlog.RaftLog (RaftLog.java:lambda$new$0(61)) - omNode-3@group-523986131536-SegmentedRaftLog: purgeIndex: updateToMax old=478, new=543, updated? true
2019-10-21 04:40:28,970 [Thread-8680] INFO  impl.RaftServerImpl (ServerState.java:close(387)) - omNode-3@group-523986131536: closes. applyIndex: 544
2019-10-21 04:40:28,970 [omNode-3@group-523986131536-SegmentedRaftLogWorker] INFO  segmented.SegmentedRaftLogWorker (SegmentedRaftLogWorker.java:run(316)) - omNode-3@group-523986131536-SegmentedRaftLogWorker was interrupted, exiting. There are 0 tasks remaining in the queue.
2019-10-21 04:40:28,977 [Thread-8680] INFO  segmented.SegmentedRaftLogWorker (SegmentedRaftLogWorker.java:close(224)) - omNode-3@group-523986131536-SegmentedRaftLogWorker close()
2019-10-21 04:40:28,979 [Thread-8680] INFO  server.GrpcService (GrpcService.java:closeImpl(164)) - omNode-3: shutdown server with port 11472 now
2019-10-21 04:40:28,980 [grpc-default-executor-12] WARN  server.GrpcServerProtocolService (LogUtils.java:warn(134)) - omNode-3: installSnapshot onError, lastRequest: omNode-1->omNode-3#564-t2, previous=(t:2, i:544), leaderCommit=544, initializing? false, entries: <empty>: org.apache.ratis.thirdparty.io.grpc.StatusRuntimeException: CANCELLED: cancelled before receiving half close
2019-10-21 04:40:28,980 [Thread-8680] INFO  server.GrpcService (GrpcService.java:closeImpl(172)) - omNode-3: shutdown server with port 11472 successfully
2019-10-21 04:40:28,980 [grpc-default-executor-13] WARN  server.GrpcLogAppender (LogUtils.java:warn(134)) - omNode-1@group-523986131536->omNode-3-AppendLogResponseHandler: Failed appendEntries: org.apache.ratis.thirdparty.io.grpc.StatusRuntimeException: CANCELLED: HTTP/2 error code: CANCEL
Received Rst Stream
2019-10-21 04:40:28,980 [Thread-8680] INFO  ratis.OzoneManagerDoubleBuffer (OzoneManagerDoubleBuffer.java:stop(250)) - Stopping OMDoubleBuffer flush thread
2019-10-21 04:40:28,981 [grpc-default-executor-13] INFO  impl.FollowerInfo (FollowerInfo.java:lambda$new$0(51)) - omNode-1@group-523986131536->omNode-3: nextIndex: updateUnconditionally 545 -> 544
2019-10-21 04:40:28,981 [OMDoubleBufferFlushThread] INFO  ratis.OzoneManagerDoubleBuffer (OzoneManagerDoubleBuffer.java:flushTransactions(193)) - OMDoubleBuffer flush thread OMDoubleBufferFlushThread is interrupted and will exit. OMDoubleBufferFlushThread
2019-10-21 04:40:28,981 [Thread-8680] INFO  utils.BackgroundService (BackgroundService.java:shutdown(151)) - Shutting down service KeyDeletingService
2019-10-21 04:40:28,982 [Thread-8680] INFO  handler.ContextHandler (ContextHandler.java:doStop(910)) - Stopped o.e.j.w.WebAppContext@357e9405{/,null,UNAVAILABLE}{/ozoneManager}
2019-10-21 04:40:28,983 [Thread-8680] INFO  server.AbstractConnector (AbstractConnector.java:doStop(318)) - Stopped ServerConnector@79b5984e{HTTP/1.1,[http/1.1]}{0.0.0.0:11470}
2019-10-21 04:40:28,983 [Thread-8680] INFO  handler.ContextHandler (ContextHandler.java:doStop(910)) - Stopped o.e.j.s.ServletContextHandler@26b7fa67{/static,file:///workdir/hadoop-ozone/integration-test/target/test-classes/webapps/static,UNAVAILABLE}
2019-10-21 04:40:28,983 [Thread-8680] INFO  handler.ContextHandler (ContextHandler.java:doStop(910)) - Stopped o.e.j.s.ServletContextHandler@668afd17{/logs,file:///workdir/hadoop-ozone/integration-test/target/log,UNAVAILABLE}
2019-10-21 04:40:28,996 [Thread-8680] INFO  ozone.MiniOzoneHAClusterImpl (MiniOzoneHAClusterImpl.java:stop(147)) - Stopping the OzoneManager omNode-1
2019-10-21 04:40:28,996 [Thread-8680] INFO  ipc.Server (Server.java:stop(3082)) - Stopping server on 11456
2019-10-21 04:40:28,999 [IPC Server listener on 11456] INFO  ipc.Server (Server.java:run(1185)) - Stopping IPC Server listener on 11456
2019-10-21 04:40:28,999 [IPC Server Responder] INFO  ipc.Server (Server.java:run(1319)) - Stopping IPC Server Responder
2019-10-21 04:40:28,999 [Thread-8680] INFO  impl.RaftServerProxy (RaftServerProxy.java:lambda$close$4(314)) - omNode-1: close
2019-10-21 04:40:28,999 [Thread-8680] INFO  impl.RaftServerImpl (RaftServerImpl.java:lambda$shutdown$3(247)) - omNode-1@group-523986131536: shutdown
2019-10-21 04:40:29,000 [Thread-8680] INFO  util.JmxRegister (JmxRegister.java:unregister(73)) - Successfully un-registered JMX Bean with object name Ratis:service=RaftServer,group=group-523986131536,id=omNode-1
2019-10-21 04:40:29,000 [Thread-8680] INFO  impl.RoleInfo (RoleInfo.java:shutdownLeaderState(104)) - omNode-1: shutdown LeaderState
2019-10-21 04:40:29,002 [Thread-8680] INFO  impl.PendingRequests (PendingRequests.java:sendNotLeaderResponses(202)) - omNode-1@group-523986131536-PendingRequests: sendNotLeaderResponses
2019-10-21 04:40:29,002 [org.apache.ratis.server.impl.LogAppender$AppenderDaemon$$Lambda$253/1086854074@52514612] WARN  server.GrpcLogAppender (GrpcLogAppender.java:mayWait(143)) - omNode-1@group-523986131536->omNode-3-GrpcLogAppender: Wait interrupted by java.lang.InterruptedException
2019-10-21 04:40:29,002 [org.apache.ratis.server.impl.LogAppender$AppenderDaemon$$Lambda$253/1086854074@387a0d73] WARN  server.GrpcLogAppender (GrpcLogAppender.java:mayWait(143)) - omNode-1@group-523986131536->omNode-2-GrpcLogAppender: Wait interrupted by java.lang.InterruptedException
2019-10-21 04:40:29,009 [Thread-8680] INFO  impl.StateMachineUpdater (StateMachineUpdater.java:stopAndJoin(136)) - omNode-1@group-523986131536-StateMachineUpdater: set stopIndex = 544
2019-10-21 04:40:29,009 [omNode-1@group-523986131536-StateMachineUpdater] INFO  ratis.OzoneManagerStateMachine (OzoneManagerStateMachine.java:takeSnapshot(254)) - Saving Ratis snapshot on the OM.
2019-10-21 04:40:29,009 [grpc-default-executor-13] INFO  server.GrpcServerProtocolService (GrpcServerProtocolService.java:onCompleted(113)) - omNode-2: Completed APPEND_ENTRIES, lastRequest: omNode-1->omNode-2#642-t2, previous=(t:2, i:544), leaderCommit=544, initializing? false, entries: <empty>
2019-10-21 04:40:29,010 [grpc-default-executor-13] INFO  server.GrpcLogAppender (GrpcLogAppender.java:onCompleted(293)) - omNode-1@group-523986131536->omNode-2-AppendLogResponseHandler: follower responses appendEntries COMPLETED
2019-10-21 04:40:29,010 [omNode-1@group-523986131536-StateMachineUpdater] INFO  ratis.OMRatisSnapshotInfo (OMRatisSnapshotInfo.java:saveRatisSnapshotToDisk(107)) - Saved Ratis Snapshot on the OM with snapshotIndex 543
2019-10-21 04:40:29,010 [omNode-1@group-523986131536-StateMachineUpdater] INFO  impl.StateMachineUpdater (StateMachineUpdater.java:takeSnapshot(269)) - omNode-1@group-523986131536-StateMachineUpdater: Took a snapshot at index 543
2019-10-21 04:40:29,010 [omNode-1@group-523986131536-StateMachineUpdater] INFO  impl.StateMachineUpdater (StateMachineUpdater.java:lambda$new$0(84)) - omNode-1@group-523986131536-StateMachineUpdater: snapshotIndex: updateIncreasingly 499 -> 543
2019-10-21 04:40:29,010 [grpc-default-executor-13] INFO  impl.FollowerInfo (FollowerInfo.java:lambda$new$0(51)) - omNode-1@group-523986131536->omNode-2: nextIndex: updateUnconditionally 545 -> 544
2019-10-21 04:40:29,010 [omNode-1@group-523986131536-StateMachineUpdater] INFO  raftlog.RaftLog (RaftLog.java:purge(344)) - omNode-1@group-523986131536-SegmentedRaftLog: purge 543
2019-10-21 04:40:29,011 [omNode-1@group-523986131536-StateMachineUpdater] INFO  ratis.OzoneManagerStateMachine (OzoneManagerStateMachine.java:takeSnapshot(254)) - Saving Ratis snapshot on the OM.
2019-10-21 04:40:29,011 [omNode-1@group-523986131536-SegmentedRaftLogWorker] INFO  raftlog.RaftLog (RaftLog.java:lambda$new$0(61)) - omNode-1@group-523986131536-SegmentedRaftLog: purgeIndex: updateToMax old=-1, new=478, updated? true
2019-10-21 04:40:29,021 [omNode-1@group-523986131536-StateMachineUpdater] INFO  ratis.OMRatisSnapshotInfo (OMRatisSnapshotInfo.java:saveRatisSnapshotToDisk(107)) - Saved Ratis Snapshot on the OM with snapshotIndex 543
2019-10-21 04:40:29,021 [omNode-1@group-523986131536-StateMachineUpdater] INFO  impl.StateMachineUpdater (StateMachineUpdater.java:takeSnapshot(269)) - omNode-1@group-523986131536-StateMachineUpdater: Took a snapshot at index 543
2019-10-21 04:40:29,021 [omNode-1@group-523986131536-StateMachineUpdater] INFO  impl.StateMachineUpdater (StateMachineUpdater.java:lambda$new$0(84)) - omNode-1@group-523986131536-StateMachineUpdater: snapshotIndex: updateIncreasingly 543 -> 543
2019-10-21 04:40:29,021 [omNode-1@group-523986131536-StateMachineUpdater] INFO  raftlog.RaftLog (RaftLog.java:purge(344)) - omNode-1@group-523986131536-SegmentedRaftLog: purge 543
2019-10-21 04:40:29,022 [omNode-1@group-523986131536-StateMachineUpdater] INFO  raftlog.RaftLog (RaftLog.java:lambda$new$0(61)) - omNode-1@group-523986131536-SegmentedRaftLog: purgeIndex: updateToMax old=478, new=543, updated? true
2019-10-21 04:40:29,022 [Thread-8680] INFO  impl.RaftServerImpl (ServerState.java:close(387)) - omNode-1@group-523986131536: closes. applyIndex: 544
2019-10-21 04:40:29,022 [omNode-1@group-523986131536-SegmentedRaftLogWorker] INFO  segmented.SegmentedRaftLogWorker (SegmentedRaftLogWorker.java:run(316)) - omNode-1@group-523986131536-SegmentedRaftLogWorker was interrupted, exiting. There are 0 tasks remaining in the queue.
2019-10-21 04:40:29,022 [Thread-8680] INFO  segmented.SegmentedRaftLogWorker (SegmentedRaftLogWorker.java:close(224)) - omNode-1@group-523986131536-SegmentedRaftLogWorker close()
2019-10-21 04:40:29,024 [Thread-8680] INFO  server.GrpcService (GrpcService.java:closeImpl(164)) - omNode-1: shutdown server with port 11460 now
2019-10-21 04:40:29,026 [Thread-8680] INFO  server.GrpcService (GrpcService.java:closeImpl(172)) - omNode-1: shutdown server with port 11460 successfully
2019-10-21 04:40:29,026 [Thread-8680] INFO  ratis.OzoneManagerDoubleBuffer (OzoneManagerDoubleBuffer.java:stop(250)) - Stopping OMDoubleBuffer flush thread
2019-10-21 04:40:29,026 [OMDoubleBufferFlushThread] INFO  ratis.OzoneManagerDoubleBuffer (OzoneManagerDoubleBuffer.java:flushTransactions(193)) - OMDoubleBuffer flush thread OMDoubleBufferFlushThread is interrupted and will exit. OMDoubleBufferFlushThread
2019-10-21 04:40:29,026 [Thread-8680] INFO  utils.BackgroundService (BackgroundService.java:shutdown(151)) - Shutting down service KeyDeletingService
2019-10-21 04:40:29,027 [Thread-8680] INFO  handler.ContextHandler (ContextHandler.java:doStop(910)) - Stopped o.e.j.w.WebAppContext@7a9358ea{/,null,UNAVAILABLE}{/ozoneManager}
2019-10-21 04:40:29,027 [Thread-8680] INFO  server.AbstractConnector (AbstractConnector.java:doStop(318)) - Stopped ServerConnector@267a596b{HTTP/1.1,[http/1.1]}{0.0.0.0:11458}
2019-10-21 04:40:29,027 [Thread-8680] INFO  handler.ContextHandler (ContextHandler.java:doStop(910)) - Stopped o.e.j.s.ServletContextHandler@5441b564{/static,file:///workdir/hadoop-ozone/integration-test/target/test-classes/webapps/static,UNAVAILABLE}
2019-10-21 04:40:29,028 [Thread-8680] INFO  handler.ContextHandler (ContextHandler.java:doStop(910)) - Stopped o.e.j.s.ServletContextHandler@64b05a1f{/logs,file:///workdir/hadoop-ozone/integration-test/target/log,UNAVAILABLE}
2019-10-21 04:40:29,030 [Thread-8680] INFO  ozone.MiniOzoneHAClusterImpl (MiniOzoneHAClusterImpl.java:stop(147)) - Stopping the OzoneManager omNode-2
2019-10-21 04:40:29,030 [Thread-8680] INFO  ipc.Server (Server.java:stop(3082)) - Stopping server on 11462
2019-10-21 04:40:29,032 [IPC Server listener on 11462] INFO  ipc.Server (Server.java:run(1185)) - Stopping IPC Server listener on 11462
2019-10-21 04:40:29,032 [Thread-8680] INFO  impl.RaftServerProxy (RaftServerProxy.java:lambda$close$4(314)) - omNode-2: close
2019-10-21 04:40:29,032 [IPC Server Responder] INFO  ipc.Server (Server.java:run(1319)) - Stopping IPC Server Responder
2019-10-21 04:40:29,032 [Thread-8680] INFO  impl.RaftServerImpl (RaftServerImpl.java:lambda$shutdown$3(247)) - omNode-2@group-523986131536: shutdown
2019-10-21 04:40:29,032 [Thread-8680] INFO  util.JmxRegister (JmxRegister.java:unregister(73)) - Successfully un-registered JMX Bean with object name Ratis:service=RaftServer,group=group-523986131536,id=omNode-2
2019-10-21 04:40:29,032 [Thread-8680] INFO  impl.RoleInfo (RoleInfo.java:shutdownFollowerState(121)) - omNode-2: shutdown FollowerState
2019-10-21 04:40:29,032 [Thread-8680] INFO  impl.StateMachineUpdater (StateMachineUpdater.java:stopAndJoin(136)) - omNode-2@group-523986131536-StateMachineUpdater: set stopIndex = 544
2019-10-21 04:40:29,032 [omNode-2@group-523986131536-StateMachineUpdater] INFO  ratis.OzoneManagerStateMachine (OzoneManagerStateMachine.java:takeSnapshot(254)) - Saving Ratis snapshot on the OM.
2019-10-21 04:40:29,033 [Thread-9635] INFO  impl.FollowerState (FollowerState.java:run(117)) - omNode-2@group-523986131536-FollowerState was interrupted: java.lang.InterruptedException: sleep interrupted
2019-10-21 04:40:29,033 [omNode-2@group-523986131536-StateMachineUpdater] INFO  ratis.OMRatisSnapshotInfo (OMRatisSnapshotInfo.java:saveRatisSnapshotToDisk(107)) - Saved Ratis Snapshot on the OM with snapshotIndex 543
2019-10-21 04:40:29,033 [omNode-2@group-523986131536-StateMachineUpdater] INFO  impl.StateMachineUpdater (StateMachineUpdater.java:takeSnapshot(269)) - omNode-2@group-523986131536-StateMachineUpdater: Took a snapshot at index 543
2019-10-21 04:40:29,033 [omNode-2@group-523986131536-StateMachineUpdater] INFO  impl.StateMachineUpdater (StateMachineUpdater.java:lambda$new$0(84)) - omNode-2@group-523986131536-StateMachineUpdater: snapshotIndex: updateIncreasingly 543 -> 543
2019-10-21 04:40:29,034 [omNode-2@group-523986131536-StateMachineUpdater] INFO  raftlog.RaftLog (RaftLog.java:purge(344)) - omNode-2@group-523986131536-SegmentedRaftLog: purge 543
2019-10-21 04:40:29,034 [omNode-2@group-523986131536-StateMachineUpdater] INFO  raftlog.RaftLog (RaftLog.java:lambda$new$0(61)) - omNode-2@group-523986131536-SegmentedRaftLog: purgeIndex: updateToMax old=478, new=543, updated? true
2019-10-21 04:40:29,034 [omNode-2@group-523986131536-StateMachineUpdater] INFO  ratis.OzoneManagerStateMachine (OzoneManagerStateMachine.java:takeSnapshot(254)) - Saving Ratis snapshot on the OM.
2019-10-21 04:40:29,052 [omNode-2@group-523986131536-StateMachineUpdater] INFO  ratis.OMRatisSnapshotInfo (OMRatisSnapshotInfo.java:saveRatisSnapshotToDisk(107)) - Saved Ratis Snapshot on the OM with snapshotIndex 543
2019-10-21 04:40:29,052 [omNode-2@group-523986131536-StateMachineUpdater] INFO  impl.StateMachineUpdater (StateMachineUpdater.java:takeSnapshot(269)) - omNode-2@group-523986131536-StateMachineUpdater: Took a snapshot at index 543
2019-10-21 04:40:29,052 [omNode-2@group-523986131536-StateMachineUpdater] INFO  impl.StateMachineUpdater (StateMachineUpdater.java:lambda$new$0(84)) - omNode-2@group-523986131536-StateMachineUpdater: snapshotIndex: updateIncreasingly 543 -> 543
2019-10-21 04:40:29,052 [Thread-8680] INFO  impl.RaftServerImpl (ServerState.java:close(387)) - omNode-2@group-523986131536: closes. applyIndex: 544
2019-10-21 04:40:29,053 [omNode-2@group-523986131536-SegmentedRaftLogWorker] INFO  segmented.SegmentedRaftLogWorker (SegmentedRaftLogWorker.java:run(316)) - omNode-2@group-523986131536-SegmentedRaftLogWorker was interrupted, exiting. There are 0 tasks remaining in the queue.
2019-10-21 04:40:29,053 [Thread-8680] INFO  segmented.SegmentedRaftLogWorker (SegmentedRaftLogWorker.java:close(224)) - omNode-2@group-523986131536-SegmentedRaftLogWorker close()
2019-10-21 04:40:29,054 [Thread-8680] INFO  server.GrpcService (GrpcService.java:closeImpl(164)) - omNode-2: shutdown server with port 11466 now
2019-10-21 04:40:29,060 [Thread-8680] INFO  server.GrpcService (GrpcService.java:closeImpl(172)) - omNode-2: shutdown server with port 11466 successfully
2019-10-21 04:40:29,060 [Thread-8680] INFO  ratis.OzoneManagerDoubleBuffer (OzoneManagerDoubleBuffer.java:stop(250)) - Stopping OMDoubleBuffer flush thread
2019-10-21 04:40:29,060 [OMDoubleBufferFlushThread] INFO  ratis.OzoneManagerDoubleBuffer (OzoneManagerDoubleBuffer.java:flushTransactions(193)) - OMDoubleBuffer flush thread OMDoubleBufferFlushThread is interrupted and will exit. OMDoubleBufferFlushThread
2019-10-21 04:40:29,061 [Thread-8680] INFO  handler.ContextHandler (ContextHandler.java:doStop(910)) - Stopped o.e.j.w.WebAppContext@336ec939{/,null,UNAVAILABLE}{/ozoneManager}
2019-10-21 04:40:29,061 [Thread-8680] INFO  server.AbstractConnector (AbstractConnector.java:doStop(318)) - Stopped ServerConnector@1c31af80{HTTP/1.1,[http/1.1]}{0.0.0.0:11464}
2019-10-21 04:40:29,061 [Thread-8680] INFO  handler.ContextHandler (ContextHandler.java:doStop(910)) - Stopped o.e.j.s.ServletContextHandler@204f1588{/static,file:///workdir/hadoop-ozone/integration-test/target/test-classes/webapps/static,UNAVAILABLE}
2019-10-21 04:40:29,062 [Thread-8680] INFO  handler.ContextHandler (ContextHandler.java:doStop(910)) - Stopped o.e.j.s.ServletContextHandler@617d871b{/logs,file:///workdir/hadoop-ozone/integration-test/target/log,UNAVAILABLE}
2019-10-21 04:40:29,068 [Thread-8680] INFO  ozone.MiniOzoneClusterImpl (MiniOzoneClusterImpl.java:stop(330)) - Stopping the Mini Ozone Cluster
2019-10-21 04:40:29,069 [Thread-8680] INFO  ozone.MiniOzoneClusterImpl (MiniOzoneClusterImpl.java:stopDatanodes(377)) - Stopping the HddsDatanodes
2019-10-21 04:40:29,770 [Datanode State Machine Thread - 0] INFO  statemachine.DatanodeStateMachine (DatanodeStateMachine.java:lambda$startDaemon$0(350)) - Ozone container server started.
2019-10-21 04:40:34,069 [Thread-8680] INFO  ozoneimpl.OzoneContainer (OzoneContainer.java:stop(227)) - Attempting to stop container services.
2019-10-21 04:40:34,070 [Thread-8680] INFO  impl.RaftServerProxy (RaftServerProxy.java:lambda$close$4(314)) - 7c0d5774-b483-474f-b6f4-1d0bebe85e1e: close
2019-10-21 04:40:34,070 [Thread-8680] INFO  impl.RaftServerImpl (RaftServerImpl.java:lambda$shutdown$3(247)) - 7c0d5774-b483-474f-b6f4-1d0bebe85e1e@group-6AAE0EE7BD14: shutdown
2019-10-21 04:40:34,070 [Thread-8680] INFO  util.JmxRegister (JmxRegister.java:unregister(73)) - Successfully un-registered JMX Bean with object name Ratis:service=RaftServer,group=group-6AAE0EE7BD14,id=7c0d5774-b483-474f-b6f4-1d0bebe85e1e
2019-10-21 04:40:34,070 [Thread-8680] INFO  impl.RoleInfo (RoleInfo.java:shutdownLeaderState(104)) - 7c0d5774-b483-474f-b6f4-1d0bebe85e1e: shutdown LeaderState
2019-10-21 04:40:34,070 [Thread-8680] INFO  impl.PendingRequests (PendingRequests.java:sendNotLeaderResponses(202)) - 7c0d5774-b483-474f-b6f4-1d0bebe85e1e@group-6AAE0EE7BD14-PendingRequests: sendNotLeaderResponses
2019-10-21 04:40:34,071 [Thread-8680] INFO  impl.StateMachineUpdater (StateMachineUpdater.java:stopAndJoin(136)) - 7c0d5774-b483-474f-b6f4-1d0bebe85e1e@group-6AAE0EE7BD14-StateMachineUpdater: set stopIndex = 0
2019-10-21 04:40:34,071 [Thread-8680] INFO  impl.RaftServerImpl (ServerState.java:close(387)) - 7c0d5774-b483-474f-b6f4-1d0bebe85e1e@group-6AAE0EE7BD14: closes. applyIndex: 0
2019-10-21 04:40:34,071 [7c0d5774-b483-474f-b6f4-1d0bebe85e1e@group-6AAE0EE7BD14-SegmentedRaftLogWorker] INFO  segmented.SegmentedRaftLogWorker (SegmentedRaftLogWorker.java:run(316)) - 7c0d5774-b483-474f-b6f4-1d0bebe85e1e@group-6AAE0EE7BD14-SegmentedRaftLogWorker was interrupted, exiting. There are 0 tasks remaining in the queue.
2019-10-21 04:40:34,072 [Thread-8680] INFO  segmented.SegmentedRaftLogWorker (SegmentedRaftLogWorker.java:close(224)) - 7c0d5774-b483-474f-b6f4-1d0bebe85e1e@group-6AAE0EE7BD14-SegmentedRaftLogWorker close()
2019-10-21 04:40:34,075 [Thread-8680] INFO  server.GrpcService (GrpcService.java:closeImpl(164)) - 7c0d5774-b483-474f-b6f4-1d0bebe85e1e: shutdown server with port 39149 now
2019-10-21 04:40:34,075 [Thread-8680] INFO  server.GrpcService (GrpcService.java:closeImpl(172)) - 7c0d5774-b483-474f-b6f4-1d0bebe85e1e: shutdown server with port 39149 successfully
2019-10-21 04:40:34,078 [refreshUsed-/workdir/hadoop-ozone/integration-test/target/test-dir/MiniOzoneClusterImpl-908613f1-7148-4657-b39e-d6fc88855e70/datanode-0/data/containers] WARN  fs.CachingGetSpaceUsed (CachingGetSpaceUsed.java:run(183)) - Thread Interrupted waiting to refresh disk information: sleep interrupted
2019-10-21 04:40:34,088 [Thread-8680] INFO  utils.BackgroundService (BackgroundService.java:shutdown(151)) - Shutting down service BlockDeletingService
2019-10-21 04:40:34,095 [Thread-8680] INFO  statemachine.DatanodeStateMachine (DatanodeStateMachine.java:stopDaemon(395)) - Ozone container server stopped.
2019-10-21 04:40:34,138 [Thread-8680] INFO  handler.ContextHandler (ContextHandler.java:doStop(910)) - Stopped o.e.j.w.WebAppContext@64835486{/,null,UNAVAILABLE}{/hddsDatanode}
2019-10-21 04:40:34,141 [Thread-8680] INFO  server.AbstractConnector (AbstractConnector.java:doStop(318)) - Stopped ServerConnector@79c45412{HTTP/1.1,[http/1.1]}{0.0.0.0:0}
2019-10-21 04:40:34,141 [Thread-8680] INFO  handler.ContextHandler (ContextHandler.java:doStop(910)) - Stopped o.e.j.s.ServletContextHandler@384fdcc6{/static,jar:file:/home/user/.m2/repository/org/apache/hadoop/hadoop-hdds-container-service/0.5.0-SNAPSHOT/hadoop-hdds-container-service-0.5.0-SNAPSHOT.jar!/webapps/static,UNAVAILABLE}
2019-10-21 04:40:34,142 [Thread-8680] INFO  handler.ContextHandler (ContextHandler.java:doStop(910)) - Stopped o.e.j.s.ServletContextHandler@1d764059{/logs,file:///workdir/hadoop-ozone/integration-test/target/log,UNAVAILABLE}
2019-10-21 04:40:34,142 [Thread-8680] INFO  ozone.MiniOzoneClusterImpl (MiniOzoneClusterImpl.java:stopSCM(392)) - Stopping the StorageContainerManager
2019-10-21 04:40:34,142 [Thread-8680] INFO  server.StorageContainerManager (StorageContainerManager.java:stop(810)) - Stopping Replication Manager Service.
2019-10-21 04:40:34,143 [Thread-8680] INFO  container.ReplicationManager (ReplicationManager.java:stop(204)) - Stopping Replication Monitor Thread.
2019-10-21 04:40:34,143 [Thread-8680] INFO  server.StorageContainerManager (StorageContainerManager.java:stop(817)) - Stopping Lease Manager of the command watchers
2019-10-21 04:40:34,143 [Thread-8680] INFO  server.StorageContainerManager (StorageContainerManager.java:stop(824)) - Stopping datanode service RPC server
2019-10-21 04:40:34,143 [Thread-8680] INFO  server.SCMDatanodeProtocolServer (SCMDatanodeProtocolServer.java:stop(346)) - Stopping the RPC server for DataNodes
2019-10-21 04:40:34,143 [Thread-8680] INFO  ipc.Server (Server.java:stop(3082)) - Stopping server on 34276
2019-10-21 04:40:34,145 [IPC Server listener on 34276] INFO  ipc.Server (Server.java:run(1185)) - Stopping IPC Server listener on 34276
2019-10-21 04:40:34,145 [IPC Server Responder] INFO  ipc.Server (Server.java:run(1319)) - Stopping IPC Server Responder
2019-10-21 04:40:34,231 [SCM Heartbeat Processing Thread - 0] WARN  node.NodeStateManager (NodeStateManager.java:scheduleNextHealthCheck(655)) - Current Thread is interrupted, shutting down HB processing thread for Node Manager.
2019-10-21 04:40:34,232 [Thread-8680] INFO  server.StorageContainerManager (StorageContainerManager.java:stop(832)) - Stopping block service RPC server
2019-10-21 04:40:34,232 [Thread-8680] INFO  server.SCMBlockProtocolServer (SCMBlockProtocolServer.java:stop(155)) - Stopping the RPC server for Block Protocol
2019-10-21 04:40:34,232 [Thread-8680] INFO  ipc.Server (Server.java:stop(3082)) - Stopping server on 46453
2019-10-21 04:40:34,235 [IPC Server listener on 46453] INFO  ipc.Server (Server.java:run(1185)) - Stopping IPC Server listener on 46453
2019-10-21 04:40:34,235 [Thread-8680] INFO  server.StorageContainerManager (StorageContainerManager.java:stop(839)) - Stopping the StorageContainerLocationProtocol RPC server
2019-10-21 04:40:34,236 [IPC Server Responder] INFO  ipc.Server (Server.java:run(1319)) - Stopping IPC Server Responder
2019-10-21 04:40:34,236 [Thread-8680] INFO  server.SCMClientProtocolServer (SCMClientProtocolServer.java:stop(168)) - Stopping the RPC server for Client Protocol
2019-10-21 04:40:34,236 [Thread-8680] INFO  ipc.Server (Server.java:stop(3082)) - Stopping server on 39085
2019-10-21 04:40:34,239 [IPC Server listener on 39085] INFO  ipc.Server (Server.java:run(1185)) - Stopping IPC Server listener on 39085
2019-10-21 04:40:34,239 [Thread-8680] INFO  server.StorageContainerManager (StorageContainerManager.java:stop(846)) - Stopping Storage Container Manager HTTP server.
2019-10-21 04:40:34,239 [IPC Server Responder] INFO  ipc.Server (Server.java:run(1319)) - Stopping IPC Server Responder
2019-10-21 04:40:34,240 [Thread-8680] INFO  handler.ContextHandler (ContextHandler.java:doStop(910)) - Stopped o.e.j.w.WebAppContext@5e7e8706{/,null,UNAVAILABLE}{/scm}
2019-10-21 04:40:34,241 [Thread-8680] INFO  server.AbstractConnector (AbstractConnector.java:doStop(318)) - Stopped ServerConnector@d16cd7b{HTTP/1.1,[http/1.1]}{0.0.0.0:0}
2019-10-21 04:40:34,241 [Thread-8680] INFO  handler.ContextHandler (ContextHandler.java:doStop(910)) - Stopped o.e.j.s.ServletContextHandler@4d07c485{/static,file:///workdir/hadoop-ozone/integration-test/target/test-classes/webapps/static,UNAVAILABLE}
2019-10-21 04:40:34,241 [Thread-8680] INFO  handler.ContextHandler (ContextHandler.java:doStop(910)) - Stopped o.e.j.s.ServletContextHandler@578225ef{/logs,file:///workdir/hadoop-ozone/integration-test/target/log,UNAVAILABLE}
2019-10-21 04:40:34,242 [Thread-8680] INFO  server.StorageContainerManager (StorageContainerManager.java:stop(857)) - Stopping Block Manager Service.
2019-10-21 04:40:34,242 [Thread-8680] INFO  utils.BackgroundService (BackgroundService.java:shutdown(151)) - Shutting down service SCMBlockDeletingService
2019-10-21 04:40:34,243 [Thread-8680] INFO  utils.BackgroundService (BackgroundService.java:shutdown(151)) - Shutting down service SCMBlockDeletingService
2019-10-21 04:40:34,243 [Thread-8680] INFO  server.StorageContainerManager (StorageContainerManager.java:stop(879)) - Stopping SCM Event Queue.
2019-10-21 04:40:34,247 [Thread-8680] INFO  impl.MetricsSystemImpl (MetricsSystemImpl.java:stop(210)) - Stopping OzoneManager metrics system...
2019-10-21 04:40:34,260 [Thread-8680] INFO  impl.MetricsSystemImpl (MetricsSystemImpl.java:stop(216)) - OzoneManager metrics system stopped.
]]></system-out>
    <system-err><![CDATA[Oct 21, 2019 4:40:17 AM org.apache.ratis.thirdparty.io.grpc.internal.SerializingExecutor run
SEVERE: Exception while executing runnable org.apache.ratis.thirdparty.io.grpc.internal.ServerImpl$JumpToApplicationThreadServerStreamListener$1Closed@df6c8a5
org.apache.ratis.thirdparty.io.grpc.StatusRuntimeException: CANCELLED: call already cancelled
	at org.apache.ratis.thirdparty.io.grpc.Status.asRuntimeException(Status.java:517)
	at org.apache.ratis.thirdparty.io.grpc.stub.ServerCalls$ServerCallStreamObserverImpl.onCompleted(ServerCalls.java:356)
	at org.apache.ratis.grpc.server.GrpcServerProtocolService$ServerRequestStreamObserver.onError(GrpcServerProtocolService.java:121)
	at org.apache.ratis.thirdparty.io.grpc.stub.ServerCalls$StreamingServerCallHandler$StreamingServerCallListener.onCancel(ServerCalls.java:269)
	at org.apache.ratis.thirdparty.io.grpc.internal.ServerCallImpl$ServerStreamListenerImpl.closed(ServerCallImpl.java:293)
	at org.apache.ratis.thirdparty.io.grpc.internal.ServerImpl$JumpToApplicationThreadServerStreamListener$1Closed.runInContext(ServerImpl.java:741)
	at org.apache.ratis.thirdparty.io.grpc.internal.ContextRunnable.run(ContextRunnable.java:37)
	at org.apache.ratis.thirdparty.io.grpc.internal.SerializingExecutor.run(SerializingExecutor.java:123)
	at java.util.concurrent.ThreadPoolExecutor.runWorker(ThreadPoolExecutor.java:1149)
	at java.util.concurrent.ThreadPoolExecutor$Worker.run(ThreadPoolExecutor.java:624)
	at java.lang.Thread.run(Thread.java:748)

Oct 21, 2019 4:40:28 AM org.apache.ratis.thirdparty.io.grpc.internal.SerializingExecutor run
SEVERE: Exception while executing runnable org.apache.ratis.thirdparty.io.grpc.internal.ServerImpl$JumpToApplicationThreadServerStreamListener$1Closed@260b69cf
org.apache.ratis.thirdparty.io.grpc.StatusRuntimeException: CANCELLED: call already cancelled
	at org.apache.ratis.thirdparty.io.grpc.Status.asRuntimeException(Status.java:517)
	at org.apache.ratis.thirdparty.io.grpc.stub.ServerCalls$ServerCallStreamObserverImpl.onCompleted(ServerCalls.java:356)
	at org.apache.ratis.grpc.server.GrpcServerProtocolService$ServerRequestStreamObserver.onError(GrpcServerProtocolService.java:121)
	at org.apache.ratis.thirdparty.io.grpc.stub.ServerCalls$StreamingServerCallHandler$StreamingServerCallListener.onCancel(ServerCalls.java:269)
	at org.apache.ratis.thirdparty.io.grpc.internal.ServerCallImpl$ServerStreamListenerImpl.closed(ServerCallImpl.java:293)
	at org.apache.ratis.thirdparty.io.grpc.internal.ServerImpl$JumpToApplicationThreadServerStreamListener$1Closed.runInContext(ServerImpl.java:741)
	at org.apache.ratis.thirdparty.io.grpc.internal.ContextRunnable.run(ContextRunnable.java:37)
	at org.apache.ratis.thirdparty.io.grpc.internal.SerializingExecutor.run(SerializingExecutor.java:123)
	at java.util.concurrent.ThreadPoolExecutor.runWorker(ThreadPoolExecutor.java:1149)
	at java.util.concurrent.ThreadPoolExecutor$Worker.run(ThreadPoolExecutor.java:624)
	at java.lang.Thread.run(Thread.java:748)

]]></system-err>
  </testcase>
</testsuite>