<?xml version="1.0" encoding="UTF-8"?>
<testsuite xmlns:xsi="http://www.w3.org/2001/XMLSchema-instance" xsi:noNamespaceSchemaLocation="https://maven.apache.org/surefire/maven-surefire-plugin/xsd/surefire-test-report.xsd" name="org.apache.hadoop.ozone.client.rpc.TestWatchForCommit" time="233.051" tests="5" errors="1" skipped="0" failures="0">
  <properties>
    <property name="awt.toolkit" value="sun.awt.X11.XToolkit"/>
    <property name="file.encoding.pkg" value="sun.io"/>
    <property name="java.specification.version" value="1.8"/>
    <property name="sun.cpu.isalist" value=""/>
    <property name="sun.jnu.encoding" value="UTF-8"/>
    <property name="java.class.path" value="/workdir/hadoop-ozone/integration-test/target/test-classes:/workdir/hadoop-ozone/integration-test/target/classes:/home/user/.m2/repository/org/apache/hadoop/hadoop-ozone-common/0.5.0-SNAPSHOT/hadoop-ozone-common-0.5.0-SNAPSHOT.jar:/home/user/.m2/repository/org/apache/commons/commons-compress/1.4.1/commons-compress-1.4.1.jar:/home/user/.m2/repository/org/tukaani/xz/1.0/xz-1.0.jar:/home/user/.m2/repository/org/apache/hadoop/hadoop-common/3.2.0/hadoop-common-3.2.0.jar:/home/user/.m2/repository/org/apache/hadoop/hadoop-hdfs/3.2.0/hadoop-hdfs-3.2.0.jar:/home/user/.m2/repository/org/apache/hadoop/hadoop-hdfs-client/3.2.0/hadoop-hdfs-client-3.2.0.jar:/home/user/.m2/repository/com/fasterxml/jackson/core/jackson-annotations/2.9.9/jackson-annotations-2.9.9.jar:/home/user/.m2/repository/org/apache/hadoop/hadoop-hdds-common/0.5.0-SNAPSHOT/hadoop-hdds-common-0.5.0-SNAPSHOT.jar:/home/user/.m2/repository/javax/annotation/javax.annotation-api/1.2/javax.annotation-api-1.2.jar:/home/user/.m2/repository/org/apache/ratis/ratis-server/0.5.0-201fc85-SNAPSHOT/ratis-server-0.5.0-201fc85-SNAPSHOT.jar:/home/user/.m2/repository/org/apache/ratis/ratis-thirdparty-misc/0.2.0/ratis-thirdparty-misc-0.2.0.jar:/home/user/.m2/repository/org/apache/ratis/ratis-proto/0.5.0-201fc85-SNAPSHOT/ratis-proto-0.5.0-201fc85-SNAPSHOT.jar:/home/user/.m2/repository/org/apache/ratis/ratis-common/0.5.0-201fc85-SNAPSHOT/ratis-common-0.5.0-201fc85-SNAPSHOT.jar:/home/user/.m2/repository/org/apache/ratis/ratis-client/0.5.0-201fc85-SNAPSHOT/ratis-client-0.5.0-201fc85-SNAPSHOT.jar:/home/user/.m2/repository/org/apache/ratis/ratis-metrics/0.5.0-201fc85-SNAPSHOT/ratis-metrics-0.5.0-201fc85-SNAPSHOT.jar:/home/user/.m2/repository/com/github/joshelser/dropwizard-metrics-hadoop-metrics2-reporter/0.1.2/dropwizard-metrics-hadoop-metrics2-reporter-0.1.2.jar:/home/user/.m2/repository/io/dropwizard/metrics/metrics-jvm/3.2.5/metrics-jvm-3.2.5.jar:/home/user/.m2/repository/io/dropwizard/metrics/metrics-ganglia/3.2.5/metrics-ganglia-3.2.5.jar:/home/user/.m2/repository/info/ganglia/gmetric4j/gmetric4j/1.0.7/gmetric4j-1.0.7.jar:/home/user/.m2/repository/org/apache/ratis/ratis-netty/0.5.0-201fc85-SNAPSHOT/ratis-netty-0.5.0-201fc85-SNAPSHOT.jar:/home/user/.m2/repository/org/apache/ratis/ratis-grpc/0.5.0-201fc85-SNAPSHOT/ratis-grpc-0.5.0-201fc85-SNAPSHOT.jar:/home/user/.m2/repository/org/rocksdb/rocksdbjni/6.0.1/rocksdbjni-6.0.1.jar:/home/user/.m2/repository/org/apache/logging/log4j/log4j-api/2.11.0/log4j-api-2.11.0.jar:/home/user/.m2/repository/org/apache/logging/log4j/log4j-core/2.11.0/log4j-core-2.11.0.jar:/home/user/.m2/repository/com/lmax/disruptor/3.4.2/disruptor-3.4.2.jar:/home/user/.m2/repository/org/apache/commons/commons-pool2/2.6.0/commons-pool2-2.6.0.jar:/home/user/.m2/repository/org/bouncycastle/bcpkix-jdk15on/1.60/bcpkix-jdk15on-1.60.jar:/home/user/.m2/repository/commons-validator/commons-validator/1.6/commons-validator-1.6.jar:/home/user/.m2/repository/commons-digester/commons-digester/1.8.1/commons-digester-1.8.1.jar:/home/user/.m2/repository/io/jaegertracing/jaeger-client/0.34.0/jaeger-client-0.34.0.jar:/home/user/.m2/repository/io/jaegertracing/jaeger-thrift/0.34.0/jaeger-thrift-0.34.0.jar:/home/user/.m2/repository/org/apache/thrift/libthrift/0.12.0/libthrift-0.12.0.jar:/home/user/.m2/repository/com/squareup/okhttp3/okhttp/3.9.0/okhttp-3.9.0.jar:/home/user/.m2/repository/com/squareup/okio/okio/1.13.0/okio-1.13.0.jar:/home/user/.m2/repository/io/jaegertracing/jaeger-core/0.34.0/jaeger-core-0.34.0.jar:/home/user/.m2/repository/io/jaegertracing/jaeger-tracerresolver/0.34.0/jaeger-tracerresolver-0.34.0.jar:/home/user/.m2/repository/io/opentracing/contrib/opentracing-tracerresolver/0.1.5/opentracing-tracerresolver-0.1.5.jar:/home/user/.m2/repository/io/opentracing/opentracing-util/0.31.0/opentracing-util-0.31.0.jar:/home/user/.m2/repository/io/opentracing/opentracing-api/0.31.0/opentracing-api-0.31.0.jar:/home/user/.m2/repository/io/opentracing/opentracing-noop/0.31.0/opentracing-noop-0.31.0.jar:/home/user/.m2/repository/org/apache/hadoop/hadoop-hdds-server-framework/0.5.0-SNAPSHOT/hadoop-hdds-server-framework-0.5.0-SNAPSHOT.jar:/home/user/.m2/repository/org/apache/hadoop/hadoop-hdds-container-service/0.5.0-SNAPSHOT/hadoop-hdds-container-service-0.5.0-SNAPSHOT.jar:/home/user/.m2/repository/org/apache/hadoop/hadoop-hdds-client/0.5.0-SNAPSHOT/hadoop-hdds-client-0.5.0-SNAPSHOT.jar:/home/user/.m2/repository/org/apache/hadoop/hadoop-hdds-tools/0.5.0-SNAPSHOT/hadoop-hdds-tools-0.5.0-SNAPSHOT.jar:/home/user/.m2/repository/org/apache/hadoop/hadoop-hdds-server-scm/0.5.0-SNAPSHOT/hadoop-hdds-server-scm-0.5.0-SNAPSHOT.jar:/home/user/.m2/repository/org/apache/hadoop/hadoop-hdds-docs/0.5.0-SNAPSHOT/hadoop-hdds-docs-0.5.0-SNAPSHOT.jar:/home/user/.m2/repository/io/dropwizard/metrics/metrics-core/3.2.4/metrics-core-3.2.4.jar:/home/user/.m2/repository/org/hamcrest/hamcrest-all/1.3/hamcrest-all-1.3.jar:/home/user/.m2/repository/org/bouncycastle/bcprov-jdk15on/1.60/bcprov-jdk15on-1.60.jar:/home/user/.m2/repository/info/picocli/picocli/3.9.6/picocli-3.9.6.jar:/home/user/.m2/repository/com/google/protobuf/protobuf-java/2.5.0/protobuf-java-2.5.0.jar:/home/user/.m2/repository/com/google/guava/guava/11.0.2/guava-11.0.2.jar:/home/user/.m2/repository/org/apache/hadoop/hadoop-ozone-ozone-manager/0.5.0-SNAPSHOT/hadoop-ozone-ozone-manager-0.5.0-SNAPSHOT.jar:/home/user/.m2/repository/org/apache/hadoop/hadoop-minikdc/3.2.0/hadoop-minikdc-3.2.0.jar:/home/user/.m2/repository/commons-io/commons-io/2.5/commons-io-2.5.jar:/home/user/.m2/repository/org/apache/kerby/kerb-simplekdc/1.0.1/kerb-simplekdc-1.0.1.jar:/home/user/.m2/repository/org/apache/kerby/kerb-client/1.0.1/kerb-client-1.0.1.jar:/home/user/.m2/repository/org/apache/kerby/kerby-config/1.0.1/kerby-config-1.0.1.jar:/home/user/.m2/repository/org/apache/kerby/kerb-core/1.0.1/kerb-core-1.0.1.jar:/home/user/.m2/repository/org/apache/kerby/kerby-pkix/1.0.1/kerby-pkix-1.0.1.jar:/home/user/.m2/repository/org/apache/kerby/kerby-asn1/1.0.1/kerby-asn1-1.0.1.jar:/home/user/.m2/repository/org/apache/kerby/kerby-util/1.0.1/kerby-util-1.0.1.jar:/home/user/.m2/repository/org/apache/kerby/kerb-common/1.0.1/kerb-common-1.0.1.jar:/home/user/.m2/repository/org/apache/kerby/kerb-crypto/1.0.1/kerb-crypto-1.0.1.jar:/home/user/.m2/repository/org/apache/kerby/kerb-util/1.0.1/kerb-util-1.0.1.jar:/home/user/.m2/repository/org/apache/kerby/token-provider/1.0.1/token-provider-1.0.1.jar:/home/user/.m2/repository/org/apache/kerby/kerb-admin/1.0.1/kerb-admin-1.0.1.jar:/home/user/.m2/repository/org/apache/kerby/kerb-server/1.0.1/kerb-server-1.0.1.jar:/home/user/.m2/repository/org/apache/kerby/kerb-identity/1.0.1/kerb-identity-1.0.1.jar:/home/user/.m2/repository/org/apache/kerby/kerby-xdr/1.0.1/kerby-xdr-1.0.1.jar:/home/user/.m2/repository/org/slf4j/slf4j-log4j12/1.7.25/slf4j-log4j12-1.7.25.jar:/home/user/.m2/repository/org/apache/hadoop/hadoop-ozone-s3gateway/0.5.0-SNAPSHOT/hadoop-ozone-s3gateway-0.5.0-SNAPSHOT.jar:/home/user/.m2/repository/org/jboss/weld/servlet/weld-servlet/2.4.7.Final/weld-servlet-2.4.7.Final.jar:/home/user/.m2/repository/org/glassfish/jersey/containers/jersey-container-servlet-core/2.27/jersey-container-servlet-core-2.27.jar:/home/user/.m2/repository/org/glassfish/hk2/external/javax.inject/2.5.0-b42/javax.inject-2.5.0-b42.jar:/home/user/.m2/repository/org/glassfish/jersey/core/jersey-common/2.27/jersey-common-2.27.jar:/home/user/.m2/repository/org/glassfish/hk2/osgi-resource-locator/1.0.1/osgi-resource-locator-1.0.1.jar:/home/user/.m2/repository/javax/ws/rs/javax.ws.rs-api/2.1/javax.ws.rs-api-2.1.jar:/home/user/.m2/repository/org/glassfish/jersey/ext/cdi/jersey-cdi1x/2.27/jersey-cdi1x-2.27.jar:/home/user/.m2/repository/org/glassfish/jersey/inject/jersey-hk2/2.27/jersey-hk2-2.27.jar:/home/user/.m2/repository/org/glassfish/hk2/hk2-locator/2.5.0-b42/hk2-locator-2.5.0-b42.jar:/home/user/.m2/repository/org/javassist/javassist/3.22.0-CR2/javassist-3.22.0-CR2.jar:/home/user/.m2/repository/org/glassfish/hk2/hk2-api/2.5.0/hk2-api-2.5.0.jar:/home/user/.m2/repository/org/glassfish/hk2/external/jakarta.inject/2.5.0/jakarta.inject-2.5.0.jar:/home/user/.m2/repository/org/glassfish/hk2/hk2-utils/2.5.0/hk2-utils-2.5.0.jar:/home/user/.m2/repository/jakarta/annotation/jakarta.annotation-api/1.3.4/jakarta.annotation-api-1.3.4.jar:/home/user/.m2/repository/org/glassfish/hk2/external/aopalliance-repackaged/2.5.0/aopalliance-repackaged-2.5.0.jar:/home/user/.m2/repository/com/fasterxml/jackson/dataformat/jackson-dataformat-xml/2.9.0/jackson-dataformat-xml-2.9.0.jar:/home/user/.m2/repository/com/fasterxml/jackson/core/jackson-core/2.9.9/jackson-core-2.9.9.jar:/home/user/.m2/repository/com/fasterxml/jackson/module/jackson-module-jaxb-annotations/2.9.9/jackson-module-jaxb-annotations-2.9.9.jar:/home/user/.m2/repository/javax/enterprise/cdi-api/1.2/cdi-api-1.2.jar:/home/user/.m2/repository/javax/el/javax.el-api/3.0.0/javax.el-api-3.0.0.jar:/home/user/.m2/repository/javax/interceptor/javax.interceptor-api/1.2/javax.interceptor-api-1.2.jar:/home/user/.m2/repository/javax/inject/javax.inject/1/javax.inject-1.jar:/home/user/.m2/repository/com/sun/xml/bind/jaxb-impl/2.3.0.1/jaxb-impl-2.3.0.1.jar:/home/user/.m2/repository/com/sun/xml/bind/jaxb-core/2.3.0.1/jaxb-core-2.3.0.1.jar:/home/user/.m2/repository/javax/xml/bind/jaxb-api/2.3.0/jaxb-api-2.3.0.jar:/home/user/.m2/repository/javax/activation/activation/1.1.1/activation-1.1.1.jar:/home/user/.m2/repository/org/apache/hadoop/hadoop-ozone-csi/0.5.0-SNAPSHOT/hadoop-ozone-csi-0.5.0-SNAPSHOT.jar:/home/user/.m2/repository/com/google/protobuf/protobuf-java-util/3.5.1/protobuf-java-util-3.5.1.jar:/home/user/.m2/repository/org/apache/hadoop/hadoop-hdds-config/0.5.0-SNAPSHOT/hadoop-hdds-config-0.5.0-SNAPSHOT.jar:/home/user/.m2/repository/io/grpc/grpc-netty/1.17.1/grpc-netty-1.17.1.jar:/home/user/.m2/repository/io/grpc/grpc-core/1.17.1/grpc-core-1.17.1.jar:/home/user/.m2/repository/io/grpc/grpc-context/1.17.1/grpc-context-1.17.1.jar:/home/user/.m2/repository/com/google/errorprone/error_prone_annotations/2.2.0/error_prone_annotations-2.2.0.jar:/home/user/.m2/repository/org/codehaus/mojo/animal-sniffer-annotations/1.17/animal-sniffer-annotations-1.17.jar:/home/user/.m2/repository/io/opencensus/opencensus-api/0.17.0/opencensus-api-0.17.0.jar:/home/user/.m2/repository/io/opencensus/opencensus-contrib-grpc-metrics/0.17.0/opencensus-contrib-grpc-metrics-0.17.0.jar:/home/user/.m2/repository/io/netty/netty-codec-http2/4.1.30.Final/netty-codec-http2-4.1.30.Final.jar:/home/user/.m2/repository/io/netty/netty-codec-http/4.1.30.Final/netty-codec-http-4.1.30.Final.jar:/home/user/.m2/repository/io/netty/netty-codec/4.1.30.Final/netty-codec-4.1.30.Final.jar:/home/user/.m2/repository/io/netty/netty-handler/4.1.30.Final/netty-handler-4.1.30.Final.jar:/home/user/.m2/repository/io/netty/netty-handler-proxy/4.1.30.Final/netty-handler-proxy-4.1.30.Final.jar:/home/user/.m2/repository/io/netty/netty-codec-socks/4.1.30.Final/netty-codec-socks-4.1.30.Final.jar:/home/user/.m2/repository/io/netty/netty-transport-native-epoll/4.1.30.Final/netty-transport-native-epoll-4.1.30.Final.jar:/home/user/.m2/repository/io/netty/netty-common/4.1.30.Final/netty-common-4.1.30.Final.jar:/home/user/.m2/repository/io/netty/netty-buffer/4.1.30.Final/netty-buffer-4.1.30.Final.jar:/home/user/.m2/repository/io/netty/netty-transport/4.1.30.Final/netty-transport-4.1.30.Final.jar:/home/user/.m2/repository/io/netty/netty-resolver/4.1.30.Final/netty-resolver-4.1.30.Final.jar:/home/user/.m2/repository/io/netty/netty-transport-native-unix-common/4.1.30.Final/netty-transport-native-unix-common-4.1.30.Final.jar:/home/user/.m2/repository/io/grpc/grpc-protobuf/1.17.1/grpc-protobuf-1.17.1.jar:/home/user/.m2/repository/com/google/api/grpc/proto-google-common-protos/1.0.0/proto-google-common-protos-1.0.0.jar:/home/user/.m2/repository/io/grpc/grpc-protobuf-lite/1.17.1/grpc-protobuf-lite-1.17.1.jar:/home/user/.m2/repository/io/grpc/grpc-stub/1.17.1/grpc-stub-1.17.1.jar:/home/user/.m2/repository/org/apache/hadoop/hadoop-ozone-recon/0.5.0-SNAPSHOT/hadoop-ozone-recon-0.5.0-SNAPSHOT.jar:/home/user/.m2/repository/org/apache/hadoop/hadoop-ozone-reconcodegen/0.5.0-SNAPSHOT/hadoop-ozone-reconcodegen-0.5.0-SNAPSHOT.jar:/home/user/.m2/repository/com/google/inject/extensions/guice-multibindings/4.0/guice-multibindings-4.0.jar:/home/user/.m2/repository/com/google/inject/guice/4.0/guice-4.0.jar:/home/user/.m2/repository/aopalliance/aopalliance/1.0/aopalliance-1.0.jar:/home/user/.m2/repository/com/google/inject/extensions/guice-servlet/4.0/guice-servlet-4.0.jar:/home/user/.m2/repository/org/glassfish/jersey/containers/jersey-container-servlet/2.27/jersey-container-servlet-2.27.jar:/home/user/.m2/repository/org/glassfish/hk2/guice-bridge/2.5.0/guice-bridge-2.5.0.jar:/home/user/.m2/repository/org/glassfish/jersey/core/jersey-server/2.27/jersey-server-2.27.jar:/home/user/.m2/repository/org/glassfish/jersey/core/jersey-client/2.27/jersey-client-2.27.jar:/home/user/.m2/repository/org/glassfish/jersey/media/jersey-media-jaxb/2.27/jersey-media-jaxb-2.27.jar:/home/user/.m2/repository/javax/validation/validation-api/1.1.0.Final/validation-api-1.1.0.Final.jar:/home/user/.m2/repository/org/glassfish/jersey/media/jersey-media-json-jackson/2.27/jersey-media-json-jackson-2.27.jar:/home/user/.m2/repository/org/glassfish/jersey/ext/jersey-entity-filtering/2.27/jersey-entity-filtering-2.27.jar:/home/user/.m2/repository/com/google/inject/extensions/guice-assistedinject/4.0/guice-assistedinject-4.0.jar:/home/user/.m2/repository/org/jooq/jooq/3.11.10/jooq-3.11.10.jar:/home/user/.m2/repository/org/jooq/jooq-meta/3.11.10/jooq-meta-3.11.10.jar:/home/user/.m2/repository/org/jooq/jooq-codegen/3.11.10/jooq-codegen-3.11.10.jar:/home/user/.m2/repository/com/jolbox/bonecp/0.8.0.RELEASE/bonecp-0.8.0.RELEASE.jar:/home/user/.m2/repository/org/xerial/sqlite-jdbc/3.25.2/sqlite-jdbc-3.25.2.jar:/home/user/.m2/repository/org/springframework/spring-jdbc/5.1.3.RELEASE/spring-jdbc-5.1.3.RELEASE.jar:/home/user/.m2/repository/org/springframework/spring-beans/5.1.3.RELEASE/spring-beans-5.1.3.RELEASE.jar:/home/user/.m2/repository/org/springframework/spring-core/5.1.3.RELEASE/spring-core-5.1.3.RELEASE.jar:/home/user/.m2/repository/org/springframework/spring-jcl/5.1.3.RELEASE/spring-jcl-5.1.3.RELEASE.jar:/home/user/.m2/repository/org/springframework/spring-tx/5.1.3.RELEASE/spring-tx-5.1.3.RELEASE.jar:/home/user/.m2/repository/org/apache/hadoop/hadoop-ozone-client/0.5.0-SNAPSHOT/hadoop-ozone-client-0.5.0-SNAPSHOT.jar:/home/user/.m2/repository/commons-lang/commons-lang/2.6/commons-lang-2.6.jar:/home/user/.m2/repository/org/apache/hadoop/hadoop-ozone-ozone-manager/0.5.0-SNAPSHOT/hadoop-ozone-ozone-manager-0.5.0-SNAPSHOT-tests.jar:/home/user/.m2/repository/junit/junit/4.11/junit-4.11.jar:/home/user/.m2/repository/org/hamcrest/hamcrest-core/1.3/hamcrest-core-1.3.jar:/home/user/.m2/repository/org/openjdk/jmh/jmh-core/1.19/jmh-core-1.19.jar:/home/user/.m2/repository/net/sf/jopt-simple/jopt-simple/4.6/jopt-simple-4.6.jar:/home/user/.m2/repository/org/apache/commons/commons-math3/3.1.1/commons-math3-3.1.1.jar:/home/user/.m2/repository/org/openjdk/jmh/jmh-generator-annprocess/1.19/jmh-generator-annprocess-1.19.jar:/home/user/.m2/repository/org/mockito/mockito-all/1.8.5/mockito-all-1.8.5.jar:/home/user/.m2/repository/org/apache/hadoop/hadoop-kms/3.2.0/hadoop-kms-3.2.0.jar:/home/user/.m2/repository/org/apache/hadoop/hadoop-auth/3.2.0/hadoop-auth-3.2.0.jar:/home/user/.m2/repository/com/nimbusds/nimbus-jose-jwt/4.41.1/nimbus-jose-jwt-4.41.1.jar:/home/user/.m2/repository/com/github/stephenc/jcip/jcip-annotations/1.0-1/jcip-annotations-1.0-1.jar:/home/user/.m2/repository/net/minidev/json-smart/2.3/json-smart-2.3.jar:/home/user/.m2/repository/net/minidev/accessors-smart/1.2/accessors-smart-1.2.jar:/home/user/.m2/repository/org/ow2/asm/asm/5.0.4/asm-5.0.4.jar:/home/user/.m2/repository/org/apache/curator/curator-framework/2.12.0/curator-framework-2.12.0.jar:/home/user/.m2/repository/com/sun/jersey/jersey-core/1.19/jersey-core-1.19.jar:/home/user/.m2/repository/javax/ws/rs/jsr311-api/1.1.1/jsr311-api-1.1.1.jar:/home/user/.m2/repository/com/sun/jersey/jersey-server/1.19/jersey-server-1.19.jar:/home/user/.m2/repository/javax/servlet/javax.servlet-api/3.1.0/javax.servlet-api-3.1.0.jar:/home/user/.m2/repository/org/eclipse/jetty/jetty-server/9.3.25.v20180904/jetty-server-9.3.25.v20180904.jar:/home/user/.m2/repository/org/eclipse/jetty/jetty-http/9.3.25.v20180904/jetty-http-9.3.25.v20180904.jar:/home/user/.m2/repository/org/eclipse/jetty/jetty-io/9.3.25.v20180904/jetty-io-9.3.25.v20180904.jar:/home/user/.m2/repository/org/eclipse/jetty/jetty-webapp/9.3.25.v20180904/jetty-webapp-9.3.25.v20180904.jar:/home/user/.m2/repository/org/eclipse/jetty/jetty-xml/9.3.25.v20180904/jetty-xml-9.3.25.v20180904.jar:/home/user/.m2/repository/log4j/log4j/1.2.17/log4j-1.2.17.jar:/home/user/.m2/repository/org/slf4j/slf4j-api/1.7.25/slf4j-api-1.7.25.jar:/home/user/.m2/repository/org/slf4j/jul-to-slf4j/1.7.25/jul-to-slf4j-1.7.25.jar:/home/user/.m2/repository/org/eclipse/jetty/jetty-util/9.3.25.v20180904/jetty-util-9.3.25.v20180904.jar:/home/user/.m2/repository/com/fasterxml/jackson/core/jackson-databind/2.9.9/jackson-databind-2.9.9.jar:/home/user/.m2/repository/org/apache/hadoop/hadoop-kms/3.2.0/hadoop-kms-3.2.0-tests.jar:/home/user/.m2/repository/org/apache/hadoop/hadoop-hdds-server-scm/0.5.0-SNAPSHOT/hadoop-hdds-server-scm-0.5.0-SNAPSHOT-tests.jar:/home/user/.m2/repository/org/apache/hadoop/hadoop-hdds-container-service/0.5.0-SNAPSHOT/hadoop-hdds-container-service-0.5.0-SNAPSHOT-tests.jar:/home/user/.m2/repository/org/yaml/snakeyaml/1.16/snakeyaml-1.16.jar:/home/user/.m2/repository/org/apache/hadoop/hadoop-common/3.2.0/hadoop-common-3.2.0-tests.jar:/home/user/.m2/repository/org/apache/hadoop/hadoop-annotations/3.2.0/hadoop-annotations-3.2.0.jar:/usr/lib/jvm/java-1.8-openjdk/jre/../lib/tools.jar:/home/user/.m2/repository/commons-cli/commons-cli/1.2/commons-cli-1.2.jar:/home/user/.m2/repository/org/apache/httpcomponents/httpclient/4.5.2/httpclient-4.5.2.jar:/home/user/.m2/repository/org/apache/httpcomponents/httpcore/4.4.4/httpcore-4.4.4.jar:/home/user/.m2/repository/commons-codec/commons-codec/1.11/commons-codec-1.11.jar:/home/user/.m2/repository/commons-net/commons-net/3.6/commons-net-3.6.jar:/home/user/.m2/repository/commons-collections/commons-collections/3.2.2/commons-collections-3.2.2.jar:/home/user/.m2/repository/org/eclipse/jetty/jetty-servlet/9.3.25.v20180904/jetty-servlet-9.3.25.v20180904.jar:/home/user/.m2/repository/org/eclipse/jetty/jetty-security/9.3.25.v20180904/jetty-security-9.3.25.v20180904.jar:/home/user/.m2/repository/javax/servlet/jsp/jsp-api/2.1/jsp-api-2.1.jar:/home/user/.m2/repository/com/sun/jersey/jersey-servlet/1.19/jersey-servlet-1.19.jar:/home/user/.m2/repository/com/sun/jersey/jersey-json/1.19/jersey-json-1.19.jar:/home/user/.m2/repository/org/codehaus/jettison/jettison/1.1/jettison-1.1.jar:/home/user/.m2/repository/org/codehaus/jackson/jackson-core-asl/1.9.13/jackson-core-asl-1.9.13.jar:/home/user/.m2/repository/org/codehaus/jackson/jackson-mapper-asl/1.9.13/jackson-mapper-asl-1.9.13.jar:/home/user/.m2/repository/org/codehaus/jackson/jackson-jaxrs/1.9.13/jackson-jaxrs-1.9.13.jar:/home/user/.m2/repository/org/codehaus/jackson/jackson-xc/1.9.13/jackson-xc-1.9.13.jar:/home/user/.m2/repository/commons-logging/commons-logging/1.1.3/commons-logging-1.1.3.jar:/home/user/.m2/repository/commons-beanutils/commons-beanutils/1.9.4/commons-beanutils-1.9.4.jar:/home/user/.m2/repository/org/apache/commons/commons-configuration2/2.1.1/commons-configuration2-2.1.1.jar:/home/user/.m2/repository/org/apache/commons/commons-lang3/3.7/commons-lang3-3.7.jar:/home/user/.m2/repository/org/apache/commons/commons-text/1.4/commons-text-1.4.jar:/home/user/.m2/repository/org/apache/avro/avro/1.7.7/avro-1.7.7.jar:/home/user/.m2/repository/com/thoughtworks/paranamer/paranamer/2.3/paranamer-2.3.jar:/home/user/.m2/repository/org/xerial/snappy/snappy-java/1.0.5/snappy-java-1.0.5.jar:/home/user/.m2/repository/com/google/re2j/re2j/1.1/re2j-1.1.jar:/home/user/.m2/repository/com/google/code/gson/gson/2.2.4/gson-2.2.4.jar:/home/user/.m2/repository/com/jcraft/jsch/0.1.54/jsch-0.1.54.jar:/home/user/.m2/repository/org/apache/curator/curator-client/2.12.0/curator-client-2.12.0.jar:/home/user/.m2/repository/org/apache/curator/curator-recipes/2.12.0/curator-recipes-2.12.0.jar:/home/user/.m2/repository/com/google/code/findbugs/jsr305/3.0.0/jsr305-3.0.0.jar:/home/user/.m2/repository/org/apache/htrace/htrace-core4/4.1.0-incubating/htrace-core4-4.1.0-incubating.jar:/home/user/.m2/repository/org/apache/zookeeper/zookeeper/3.4.13/zookeeper-3.4.13.jar:/home/user/.m2/repository/jline/jline/0.9.94/jline-0.9.94.jar:/home/user/.m2/repository/org/apache/yetus/audience-annotations/0.5.0/audience-annotations-0.5.0.jar:/home/user/.m2/repository/org/codehaus/woodstox/stax2-api/3.1.4/stax2-api-3.1.4.jar:/home/user/.m2/repository/com/fasterxml/woodstox/woodstox-core/5.0.3/woodstox-core-5.0.3.jar:/home/user/.m2/repository/dnsjava/dnsjava/2.1.7/dnsjava-2.1.7.jar:/home/user/.m2/repository/org/apache/hadoop/hadoop-hdfs/3.2.0/hadoop-hdfs-3.2.0-tests.jar:/home/user/.m2/repository/org/eclipse/jetty/jetty-util-ajax/9.3.25.v20180904/jetty-util-ajax-9.3.25.v20180904.jar:/home/user/.m2/repository/commons-daemon/commons-daemon/1.0.13/commons-daemon-1.0.13.jar:/home/user/.m2/repository/io/netty/netty/3.10.5.Final/netty-3.10.5.Final.jar:/home/user/.m2/repository/io/netty/netty-all/4.0.52.Final/netty-all-4.0.52.Final.jar:/home/user/.m2/repository/org/fusesource/leveldbjni/leveldbjni-all/1.8/leveldbjni-all-1.8.jar:"/>
    <property name="java.vm.vendor" value="IcedTea"/>
    <property name="sun.arch.data.model" value="64"/>
    <property name="test.build.dir" value="/workdir/hadoop-ozone/integration-test/target/test-dir"/>
    <property name="test.cache.data" value=""/>
    <property name="java.vendor.url" value="https://icedtea.classpath.org"/>
    <property name="user.timezone" value=""/>
    <property name="java.vm.specification.version" value="1.8"/>
    <property name="os.name" value="Linux"/>
    <property name="test.build.data" value="/workdir/hadoop-ozone/integration-test/target/test-dir"/>
    <property name="user.country" value="US"/>
    <property name="sun.java.launcher" value="SUN_STANDARD"/>
    <property name="sun.boot.library.path" value="/usr/lib/jvm/java-1.8-openjdk/jre/lib/amd64"/>
    <property name="sun.java.command" value="/workdir/hadoop-ozone/integration-test/target/surefire/surefirebooter8074839693540569553.jar /workdir/hadoop-ozone/integration-test/target/surefire 2019-10-09T17-33-05_395-jvmRun1 surefire3466925406415586456tmp surefire_207153714674032989900tmp"/>
    <property name="test" value="!TestMiniChaosOzoneCluster"/>
    <property name="surefire.test.class.path" value="/workdir/hadoop-ozone/integration-test/target/test-classes:/workdir/hadoop-ozone/integration-test/target/classes:/home/user/.m2/repository/org/apache/hadoop/hadoop-ozone-common/0.5.0-SNAPSHOT/hadoop-ozone-common-0.5.0-SNAPSHOT.jar:/home/user/.m2/repository/org/apache/commons/commons-compress/1.4.1/commons-compress-1.4.1.jar:/home/user/.m2/repository/org/tukaani/xz/1.0/xz-1.0.jar:/home/user/.m2/repository/org/apache/hadoop/hadoop-common/3.2.0/hadoop-common-3.2.0.jar:/home/user/.m2/repository/org/apache/hadoop/hadoop-hdfs/3.2.0/hadoop-hdfs-3.2.0.jar:/home/user/.m2/repository/org/apache/hadoop/hadoop-hdfs-client/3.2.0/hadoop-hdfs-client-3.2.0.jar:/home/user/.m2/repository/com/fasterxml/jackson/core/jackson-annotations/2.9.9/jackson-annotations-2.9.9.jar:/home/user/.m2/repository/org/apache/hadoop/hadoop-hdds-common/0.5.0-SNAPSHOT/hadoop-hdds-common-0.5.0-SNAPSHOT.jar:/home/user/.m2/repository/javax/annotation/javax.annotation-api/1.2/javax.annotation-api-1.2.jar:/home/user/.m2/repository/org/apache/ratis/ratis-server/0.5.0-201fc85-SNAPSHOT/ratis-server-0.5.0-201fc85-SNAPSHOT.jar:/home/user/.m2/repository/org/apache/ratis/ratis-thirdparty-misc/0.2.0/ratis-thirdparty-misc-0.2.0.jar:/home/user/.m2/repository/org/apache/ratis/ratis-proto/0.5.0-201fc85-SNAPSHOT/ratis-proto-0.5.0-201fc85-SNAPSHOT.jar:/home/user/.m2/repository/org/apache/ratis/ratis-common/0.5.0-201fc85-SNAPSHOT/ratis-common-0.5.0-201fc85-SNAPSHOT.jar:/home/user/.m2/repository/org/apache/ratis/ratis-client/0.5.0-201fc85-SNAPSHOT/ratis-client-0.5.0-201fc85-SNAPSHOT.jar:/home/user/.m2/repository/org/apache/ratis/ratis-metrics/0.5.0-201fc85-SNAPSHOT/ratis-metrics-0.5.0-201fc85-SNAPSHOT.jar:/home/user/.m2/repository/com/github/joshelser/dropwizard-metrics-hadoop-metrics2-reporter/0.1.2/dropwizard-metrics-hadoop-metrics2-reporter-0.1.2.jar:/home/user/.m2/repository/io/dropwizard/metrics/metrics-jvm/3.2.5/metrics-jvm-3.2.5.jar:/home/user/.m2/repository/io/dropwizard/metrics/metrics-ganglia/3.2.5/metrics-ganglia-3.2.5.jar:/home/user/.m2/repository/info/ganglia/gmetric4j/gmetric4j/1.0.7/gmetric4j-1.0.7.jar:/home/user/.m2/repository/org/apache/ratis/ratis-netty/0.5.0-201fc85-SNAPSHOT/ratis-netty-0.5.0-201fc85-SNAPSHOT.jar:/home/user/.m2/repository/org/apache/ratis/ratis-grpc/0.5.0-201fc85-SNAPSHOT/ratis-grpc-0.5.0-201fc85-SNAPSHOT.jar:/home/user/.m2/repository/org/rocksdb/rocksdbjni/6.0.1/rocksdbjni-6.0.1.jar:/home/user/.m2/repository/org/apache/logging/log4j/log4j-api/2.11.0/log4j-api-2.11.0.jar:/home/user/.m2/repository/org/apache/logging/log4j/log4j-core/2.11.0/log4j-core-2.11.0.jar:/home/user/.m2/repository/com/lmax/disruptor/3.4.2/disruptor-3.4.2.jar:/home/user/.m2/repository/org/apache/commons/commons-pool2/2.6.0/commons-pool2-2.6.0.jar:/home/user/.m2/repository/org/bouncycastle/bcpkix-jdk15on/1.60/bcpkix-jdk15on-1.60.jar:/home/user/.m2/repository/commons-validator/commons-validator/1.6/commons-validator-1.6.jar:/home/user/.m2/repository/commons-digester/commons-digester/1.8.1/commons-digester-1.8.1.jar:/home/user/.m2/repository/io/jaegertracing/jaeger-client/0.34.0/jaeger-client-0.34.0.jar:/home/user/.m2/repository/io/jaegertracing/jaeger-thrift/0.34.0/jaeger-thrift-0.34.0.jar:/home/user/.m2/repository/org/apache/thrift/libthrift/0.12.0/libthrift-0.12.0.jar:/home/user/.m2/repository/com/squareup/okhttp3/okhttp/3.9.0/okhttp-3.9.0.jar:/home/user/.m2/repository/com/squareup/okio/okio/1.13.0/okio-1.13.0.jar:/home/user/.m2/repository/io/jaegertracing/jaeger-core/0.34.0/jaeger-core-0.34.0.jar:/home/user/.m2/repository/io/jaegertracing/jaeger-tracerresolver/0.34.0/jaeger-tracerresolver-0.34.0.jar:/home/user/.m2/repository/io/opentracing/contrib/opentracing-tracerresolver/0.1.5/opentracing-tracerresolver-0.1.5.jar:/home/user/.m2/repository/io/opentracing/opentracing-util/0.31.0/opentracing-util-0.31.0.jar:/home/user/.m2/repository/io/opentracing/opentracing-api/0.31.0/opentracing-api-0.31.0.jar:/home/user/.m2/repository/io/opentracing/opentracing-noop/0.31.0/opentracing-noop-0.31.0.jar:/home/user/.m2/repository/org/apache/hadoop/hadoop-hdds-server-framework/0.5.0-SNAPSHOT/hadoop-hdds-server-framework-0.5.0-SNAPSHOT.jar:/home/user/.m2/repository/org/apache/hadoop/hadoop-hdds-container-service/0.5.0-SNAPSHOT/hadoop-hdds-container-service-0.5.0-SNAPSHOT.jar:/home/user/.m2/repository/org/apache/hadoop/hadoop-hdds-client/0.5.0-SNAPSHOT/hadoop-hdds-client-0.5.0-SNAPSHOT.jar:/home/user/.m2/repository/org/apache/hadoop/hadoop-hdds-tools/0.5.0-SNAPSHOT/hadoop-hdds-tools-0.5.0-SNAPSHOT.jar:/home/user/.m2/repository/org/apache/hadoop/hadoop-hdds-server-scm/0.5.0-SNAPSHOT/hadoop-hdds-server-scm-0.5.0-SNAPSHOT.jar:/home/user/.m2/repository/org/apache/hadoop/hadoop-hdds-docs/0.5.0-SNAPSHOT/hadoop-hdds-docs-0.5.0-SNAPSHOT.jar:/home/user/.m2/repository/io/dropwizard/metrics/metrics-core/3.2.4/metrics-core-3.2.4.jar:/home/user/.m2/repository/org/hamcrest/hamcrest-all/1.3/hamcrest-all-1.3.jar:/home/user/.m2/repository/org/bouncycastle/bcprov-jdk15on/1.60/bcprov-jdk15on-1.60.jar:/home/user/.m2/repository/info/picocli/picocli/3.9.6/picocli-3.9.6.jar:/home/user/.m2/repository/com/google/protobuf/protobuf-java/2.5.0/protobuf-java-2.5.0.jar:/home/user/.m2/repository/com/google/guava/guava/11.0.2/guava-11.0.2.jar:/home/user/.m2/repository/org/apache/hadoop/hadoop-ozone-ozone-manager/0.5.0-SNAPSHOT/hadoop-ozone-ozone-manager-0.5.0-SNAPSHOT.jar:/home/user/.m2/repository/org/apache/hadoop/hadoop-minikdc/3.2.0/hadoop-minikdc-3.2.0.jar:/home/user/.m2/repository/commons-io/commons-io/2.5/commons-io-2.5.jar:/home/user/.m2/repository/org/apache/kerby/kerb-simplekdc/1.0.1/kerb-simplekdc-1.0.1.jar:/home/user/.m2/repository/org/apache/kerby/kerb-client/1.0.1/kerb-client-1.0.1.jar:/home/user/.m2/repository/org/apache/kerby/kerby-config/1.0.1/kerby-config-1.0.1.jar:/home/user/.m2/repository/org/apache/kerby/kerb-core/1.0.1/kerb-core-1.0.1.jar:/home/user/.m2/repository/org/apache/kerby/kerby-pkix/1.0.1/kerby-pkix-1.0.1.jar:/home/user/.m2/repository/org/apache/kerby/kerby-asn1/1.0.1/kerby-asn1-1.0.1.jar:/home/user/.m2/repository/org/apache/kerby/kerby-util/1.0.1/kerby-util-1.0.1.jar:/home/user/.m2/repository/org/apache/kerby/kerb-common/1.0.1/kerb-common-1.0.1.jar:/home/user/.m2/repository/org/apache/kerby/kerb-crypto/1.0.1/kerb-crypto-1.0.1.jar:/home/user/.m2/repository/org/apache/kerby/kerb-util/1.0.1/kerb-util-1.0.1.jar:/home/user/.m2/repository/org/apache/kerby/token-provider/1.0.1/token-provider-1.0.1.jar:/home/user/.m2/repository/org/apache/kerby/kerb-admin/1.0.1/kerb-admin-1.0.1.jar:/home/user/.m2/repository/org/apache/kerby/kerb-server/1.0.1/kerb-server-1.0.1.jar:/home/user/.m2/repository/org/apache/kerby/kerb-identity/1.0.1/kerb-identity-1.0.1.jar:/home/user/.m2/repository/org/apache/kerby/kerby-xdr/1.0.1/kerby-xdr-1.0.1.jar:/home/user/.m2/repository/org/slf4j/slf4j-log4j12/1.7.25/slf4j-log4j12-1.7.25.jar:/home/user/.m2/repository/org/apache/hadoop/hadoop-ozone-s3gateway/0.5.0-SNAPSHOT/hadoop-ozone-s3gateway-0.5.0-SNAPSHOT.jar:/home/user/.m2/repository/org/jboss/weld/servlet/weld-servlet/2.4.7.Final/weld-servlet-2.4.7.Final.jar:/home/user/.m2/repository/org/glassfish/jersey/containers/jersey-container-servlet-core/2.27/jersey-container-servlet-core-2.27.jar:/home/user/.m2/repository/org/glassfish/hk2/external/javax.inject/2.5.0-b42/javax.inject-2.5.0-b42.jar:/home/user/.m2/repository/org/glassfish/jersey/core/jersey-common/2.27/jersey-common-2.27.jar:/home/user/.m2/repository/org/glassfish/hk2/osgi-resource-locator/1.0.1/osgi-resource-locator-1.0.1.jar:/home/user/.m2/repository/javax/ws/rs/javax.ws.rs-api/2.1/javax.ws.rs-api-2.1.jar:/home/user/.m2/repository/org/glassfish/jersey/ext/cdi/jersey-cdi1x/2.27/jersey-cdi1x-2.27.jar:/home/user/.m2/repository/org/glassfish/jersey/inject/jersey-hk2/2.27/jersey-hk2-2.27.jar:/home/user/.m2/repository/org/glassfish/hk2/hk2-locator/2.5.0-b42/hk2-locator-2.5.0-b42.jar:/home/user/.m2/repository/org/javassist/javassist/3.22.0-CR2/javassist-3.22.0-CR2.jar:/home/user/.m2/repository/org/glassfish/hk2/hk2-api/2.5.0/hk2-api-2.5.0.jar:/home/user/.m2/repository/org/glassfish/hk2/external/jakarta.inject/2.5.0/jakarta.inject-2.5.0.jar:/home/user/.m2/repository/org/glassfish/hk2/hk2-utils/2.5.0/hk2-utils-2.5.0.jar:/home/user/.m2/repository/jakarta/annotation/jakarta.annotation-api/1.3.4/jakarta.annotation-api-1.3.4.jar:/home/user/.m2/repository/org/glassfish/hk2/external/aopalliance-repackaged/2.5.0/aopalliance-repackaged-2.5.0.jar:/home/user/.m2/repository/com/fasterxml/jackson/dataformat/jackson-dataformat-xml/2.9.0/jackson-dataformat-xml-2.9.0.jar:/home/user/.m2/repository/com/fasterxml/jackson/core/jackson-core/2.9.9/jackson-core-2.9.9.jar:/home/user/.m2/repository/com/fasterxml/jackson/module/jackson-module-jaxb-annotations/2.9.9/jackson-module-jaxb-annotations-2.9.9.jar:/home/user/.m2/repository/javax/enterprise/cdi-api/1.2/cdi-api-1.2.jar:/home/user/.m2/repository/javax/el/javax.el-api/3.0.0/javax.el-api-3.0.0.jar:/home/user/.m2/repository/javax/interceptor/javax.interceptor-api/1.2/javax.interceptor-api-1.2.jar:/home/user/.m2/repository/javax/inject/javax.inject/1/javax.inject-1.jar:/home/user/.m2/repository/com/sun/xml/bind/jaxb-impl/2.3.0.1/jaxb-impl-2.3.0.1.jar:/home/user/.m2/repository/com/sun/xml/bind/jaxb-core/2.3.0.1/jaxb-core-2.3.0.1.jar:/home/user/.m2/repository/javax/xml/bind/jaxb-api/2.3.0/jaxb-api-2.3.0.jar:/home/user/.m2/repository/javax/activation/activation/1.1.1/activation-1.1.1.jar:/home/user/.m2/repository/org/apache/hadoop/hadoop-ozone-csi/0.5.0-SNAPSHOT/hadoop-ozone-csi-0.5.0-SNAPSHOT.jar:/home/user/.m2/repository/com/google/protobuf/protobuf-java-util/3.5.1/protobuf-java-util-3.5.1.jar:/home/user/.m2/repository/org/apache/hadoop/hadoop-hdds-config/0.5.0-SNAPSHOT/hadoop-hdds-config-0.5.0-SNAPSHOT.jar:/home/user/.m2/repository/io/grpc/grpc-netty/1.17.1/grpc-netty-1.17.1.jar:/home/user/.m2/repository/io/grpc/grpc-core/1.17.1/grpc-core-1.17.1.jar:/home/user/.m2/repository/io/grpc/grpc-context/1.17.1/grpc-context-1.17.1.jar:/home/user/.m2/repository/com/google/errorprone/error_prone_annotations/2.2.0/error_prone_annotations-2.2.0.jar:/home/user/.m2/repository/org/codehaus/mojo/animal-sniffer-annotations/1.17/animal-sniffer-annotations-1.17.jar:/home/user/.m2/repository/io/opencensus/opencensus-api/0.17.0/opencensus-api-0.17.0.jar:/home/user/.m2/repository/io/opencensus/opencensus-contrib-grpc-metrics/0.17.0/opencensus-contrib-grpc-metrics-0.17.0.jar:/home/user/.m2/repository/io/netty/netty-codec-http2/4.1.30.Final/netty-codec-http2-4.1.30.Final.jar:/home/user/.m2/repository/io/netty/netty-codec-http/4.1.30.Final/netty-codec-http-4.1.30.Final.jar:/home/user/.m2/repository/io/netty/netty-codec/4.1.30.Final/netty-codec-4.1.30.Final.jar:/home/user/.m2/repository/io/netty/netty-handler/4.1.30.Final/netty-handler-4.1.30.Final.jar:/home/user/.m2/repository/io/netty/netty-handler-proxy/4.1.30.Final/netty-handler-proxy-4.1.30.Final.jar:/home/user/.m2/repository/io/netty/netty-codec-socks/4.1.30.Final/netty-codec-socks-4.1.30.Final.jar:/home/user/.m2/repository/io/netty/netty-transport-native-epoll/4.1.30.Final/netty-transport-native-epoll-4.1.30.Final.jar:/home/user/.m2/repository/io/netty/netty-common/4.1.30.Final/netty-common-4.1.30.Final.jar:/home/user/.m2/repository/io/netty/netty-buffer/4.1.30.Final/netty-buffer-4.1.30.Final.jar:/home/user/.m2/repository/io/netty/netty-transport/4.1.30.Final/netty-transport-4.1.30.Final.jar:/home/user/.m2/repository/io/netty/netty-resolver/4.1.30.Final/netty-resolver-4.1.30.Final.jar:/home/user/.m2/repository/io/netty/netty-transport-native-unix-common/4.1.30.Final/netty-transport-native-unix-common-4.1.30.Final.jar:/home/user/.m2/repository/io/grpc/grpc-protobuf/1.17.1/grpc-protobuf-1.17.1.jar:/home/user/.m2/repository/com/google/api/grpc/proto-google-common-protos/1.0.0/proto-google-common-protos-1.0.0.jar:/home/user/.m2/repository/io/grpc/grpc-protobuf-lite/1.17.1/grpc-protobuf-lite-1.17.1.jar:/home/user/.m2/repository/io/grpc/grpc-stub/1.17.1/grpc-stub-1.17.1.jar:/home/user/.m2/repository/org/apache/hadoop/hadoop-ozone-recon/0.5.0-SNAPSHOT/hadoop-ozone-recon-0.5.0-SNAPSHOT.jar:/home/user/.m2/repository/org/apache/hadoop/hadoop-ozone-reconcodegen/0.5.0-SNAPSHOT/hadoop-ozone-reconcodegen-0.5.0-SNAPSHOT.jar:/home/user/.m2/repository/com/google/inject/extensions/guice-multibindings/4.0/guice-multibindings-4.0.jar:/home/user/.m2/repository/com/google/inject/guice/4.0/guice-4.0.jar:/home/user/.m2/repository/aopalliance/aopalliance/1.0/aopalliance-1.0.jar:/home/user/.m2/repository/com/google/inject/extensions/guice-servlet/4.0/guice-servlet-4.0.jar:/home/user/.m2/repository/org/glassfish/jersey/containers/jersey-container-servlet/2.27/jersey-container-servlet-2.27.jar:/home/user/.m2/repository/org/glassfish/hk2/guice-bridge/2.5.0/guice-bridge-2.5.0.jar:/home/user/.m2/repository/org/glassfish/jersey/core/jersey-server/2.27/jersey-server-2.27.jar:/home/user/.m2/repository/org/glassfish/jersey/core/jersey-client/2.27/jersey-client-2.27.jar:/home/user/.m2/repository/org/glassfish/jersey/media/jersey-media-jaxb/2.27/jersey-media-jaxb-2.27.jar:/home/user/.m2/repository/javax/validation/validation-api/1.1.0.Final/validation-api-1.1.0.Final.jar:/home/user/.m2/repository/org/glassfish/jersey/media/jersey-media-json-jackson/2.27/jersey-media-json-jackson-2.27.jar:/home/user/.m2/repository/org/glassfish/jersey/ext/jersey-entity-filtering/2.27/jersey-entity-filtering-2.27.jar:/home/user/.m2/repository/com/google/inject/extensions/guice-assistedinject/4.0/guice-assistedinject-4.0.jar:/home/user/.m2/repository/org/jooq/jooq/3.11.10/jooq-3.11.10.jar:/home/user/.m2/repository/org/jooq/jooq-meta/3.11.10/jooq-meta-3.11.10.jar:/home/user/.m2/repository/org/jooq/jooq-codegen/3.11.10/jooq-codegen-3.11.10.jar:/home/user/.m2/repository/com/jolbox/bonecp/0.8.0.RELEASE/bonecp-0.8.0.RELEASE.jar:/home/user/.m2/repository/org/xerial/sqlite-jdbc/3.25.2/sqlite-jdbc-3.25.2.jar:/home/user/.m2/repository/org/springframework/spring-jdbc/5.1.3.RELEASE/spring-jdbc-5.1.3.RELEASE.jar:/home/user/.m2/repository/org/springframework/spring-beans/5.1.3.RELEASE/spring-beans-5.1.3.RELEASE.jar:/home/user/.m2/repository/org/springframework/spring-core/5.1.3.RELEASE/spring-core-5.1.3.RELEASE.jar:/home/user/.m2/repository/org/springframework/spring-jcl/5.1.3.RELEASE/spring-jcl-5.1.3.RELEASE.jar:/home/user/.m2/repository/org/springframework/spring-tx/5.1.3.RELEASE/spring-tx-5.1.3.RELEASE.jar:/home/user/.m2/repository/org/apache/hadoop/hadoop-ozone-client/0.5.0-SNAPSHOT/hadoop-ozone-client-0.5.0-SNAPSHOT.jar:/home/user/.m2/repository/commons-lang/commons-lang/2.6/commons-lang-2.6.jar:/home/user/.m2/repository/org/apache/hadoop/hadoop-ozone-ozone-manager/0.5.0-SNAPSHOT/hadoop-ozone-ozone-manager-0.5.0-SNAPSHOT-tests.jar:/home/user/.m2/repository/junit/junit/4.11/junit-4.11.jar:/home/user/.m2/repository/org/hamcrest/hamcrest-core/1.3/hamcrest-core-1.3.jar:/home/user/.m2/repository/org/openjdk/jmh/jmh-core/1.19/jmh-core-1.19.jar:/home/user/.m2/repository/net/sf/jopt-simple/jopt-simple/4.6/jopt-simple-4.6.jar:/home/user/.m2/repository/org/apache/commons/commons-math3/3.1.1/commons-math3-3.1.1.jar:/home/user/.m2/repository/org/openjdk/jmh/jmh-generator-annprocess/1.19/jmh-generator-annprocess-1.19.jar:/home/user/.m2/repository/org/mockito/mockito-all/1.8.5/mockito-all-1.8.5.jar:/home/user/.m2/repository/org/apache/hadoop/hadoop-kms/3.2.0/hadoop-kms-3.2.0.jar:/home/user/.m2/repository/org/apache/hadoop/hadoop-auth/3.2.0/hadoop-auth-3.2.0.jar:/home/user/.m2/repository/com/nimbusds/nimbus-jose-jwt/4.41.1/nimbus-jose-jwt-4.41.1.jar:/home/user/.m2/repository/com/github/stephenc/jcip/jcip-annotations/1.0-1/jcip-annotations-1.0-1.jar:/home/user/.m2/repository/net/minidev/json-smart/2.3/json-smart-2.3.jar:/home/user/.m2/repository/net/minidev/accessors-smart/1.2/accessors-smart-1.2.jar:/home/user/.m2/repository/org/ow2/asm/asm/5.0.4/asm-5.0.4.jar:/home/user/.m2/repository/org/apache/curator/curator-framework/2.12.0/curator-framework-2.12.0.jar:/home/user/.m2/repository/com/sun/jersey/jersey-core/1.19/jersey-core-1.19.jar:/home/user/.m2/repository/javax/ws/rs/jsr311-api/1.1.1/jsr311-api-1.1.1.jar:/home/user/.m2/repository/com/sun/jersey/jersey-server/1.19/jersey-server-1.19.jar:/home/user/.m2/repository/javax/servlet/javax.servlet-api/3.1.0/javax.servlet-api-3.1.0.jar:/home/user/.m2/repository/org/eclipse/jetty/jetty-server/9.3.25.v20180904/jetty-server-9.3.25.v20180904.jar:/home/user/.m2/repository/org/eclipse/jetty/jetty-http/9.3.25.v20180904/jetty-http-9.3.25.v20180904.jar:/home/user/.m2/repository/org/eclipse/jetty/jetty-io/9.3.25.v20180904/jetty-io-9.3.25.v20180904.jar:/home/user/.m2/repository/org/eclipse/jetty/jetty-webapp/9.3.25.v20180904/jetty-webapp-9.3.25.v20180904.jar:/home/user/.m2/repository/org/eclipse/jetty/jetty-xml/9.3.25.v20180904/jetty-xml-9.3.25.v20180904.jar:/home/user/.m2/repository/log4j/log4j/1.2.17/log4j-1.2.17.jar:/home/user/.m2/repository/org/slf4j/slf4j-api/1.7.25/slf4j-api-1.7.25.jar:/home/user/.m2/repository/org/slf4j/jul-to-slf4j/1.7.25/jul-to-slf4j-1.7.25.jar:/home/user/.m2/repository/org/eclipse/jetty/jetty-util/9.3.25.v20180904/jetty-util-9.3.25.v20180904.jar:/home/user/.m2/repository/com/fasterxml/jackson/core/jackson-databind/2.9.9/jackson-databind-2.9.9.jar:/home/user/.m2/repository/org/apache/hadoop/hadoop-kms/3.2.0/hadoop-kms-3.2.0-tests.jar:/home/user/.m2/repository/org/apache/hadoop/hadoop-hdds-server-scm/0.5.0-SNAPSHOT/hadoop-hdds-server-scm-0.5.0-SNAPSHOT-tests.jar:/home/user/.m2/repository/org/apache/hadoop/hadoop-hdds-container-service/0.5.0-SNAPSHOT/hadoop-hdds-container-service-0.5.0-SNAPSHOT-tests.jar:/home/user/.m2/repository/org/yaml/snakeyaml/1.16/snakeyaml-1.16.jar:/home/user/.m2/repository/org/apache/hadoop/hadoop-common/3.2.0/hadoop-common-3.2.0-tests.jar:/home/user/.m2/repository/org/apache/hadoop/hadoop-annotations/3.2.0/hadoop-annotations-3.2.0.jar:/usr/lib/jvm/java-1.8-openjdk/jre/../lib/tools.jar:/home/user/.m2/repository/commons-cli/commons-cli/1.2/commons-cli-1.2.jar:/home/user/.m2/repository/org/apache/httpcomponents/httpclient/4.5.2/httpclient-4.5.2.jar:/home/user/.m2/repository/org/apache/httpcomponents/httpcore/4.4.4/httpcore-4.4.4.jar:/home/user/.m2/repository/commons-codec/commons-codec/1.11/commons-codec-1.11.jar:/home/user/.m2/repository/commons-net/commons-net/3.6/commons-net-3.6.jar:/home/user/.m2/repository/commons-collections/commons-collections/3.2.2/commons-collections-3.2.2.jar:/home/user/.m2/repository/org/eclipse/jetty/jetty-servlet/9.3.25.v20180904/jetty-servlet-9.3.25.v20180904.jar:/home/user/.m2/repository/org/eclipse/jetty/jetty-security/9.3.25.v20180904/jetty-security-9.3.25.v20180904.jar:/home/user/.m2/repository/javax/servlet/jsp/jsp-api/2.1/jsp-api-2.1.jar:/home/user/.m2/repository/com/sun/jersey/jersey-servlet/1.19/jersey-servlet-1.19.jar:/home/user/.m2/repository/com/sun/jersey/jersey-json/1.19/jersey-json-1.19.jar:/home/user/.m2/repository/org/codehaus/jettison/jettison/1.1/jettison-1.1.jar:/home/user/.m2/repository/org/codehaus/jackson/jackson-core-asl/1.9.13/jackson-core-asl-1.9.13.jar:/home/user/.m2/repository/org/codehaus/jackson/jackson-mapper-asl/1.9.13/jackson-mapper-asl-1.9.13.jar:/home/user/.m2/repository/org/codehaus/jackson/jackson-jaxrs/1.9.13/jackson-jaxrs-1.9.13.jar:/home/user/.m2/repository/org/codehaus/jackson/jackson-xc/1.9.13/jackson-xc-1.9.13.jar:/home/user/.m2/repository/commons-logging/commons-logging/1.1.3/commons-logging-1.1.3.jar:/home/user/.m2/repository/commons-beanutils/commons-beanutils/1.9.4/commons-beanutils-1.9.4.jar:/home/user/.m2/repository/org/apache/commons/commons-configuration2/2.1.1/commons-configuration2-2.1.1.jar:/home/user/.m2/repository/org/apache/commons/commons-lang3/3.7/commons-lang3-3.7.jar:/home/user/.m2/repository/org/apache/commons/commons-text/1.4/commons-text-1.4.jar:/home/user/.m2/repository/org/apache/avro/avro/1.7.7/avro-1.7.7.jar:/home/user/.m2/repository/com/thoughtworks/paranamer/paranamer/2.3/paranamer-2.3.jar:/home/user/.m2/repository/org/xerial/snappy/snappy-java/1.0.5/snappy-java-1.0.5.jar:/home/user/.m2/repository/com/google/re2j/re2j/1.1/re2j-1.1.jar:/home/user/.m2/repository/com/google/code/gson/gson/2.2.4/gson-2.2.4.jar:/home/user/.m2/repository/com/jcraft/jsch/0.1.54/jsch-0.1.54.jar:/home/user/.m2/repository/org/apache/curator/curator-client/2.12.0/curator-client-2.12.0.jar:/home/user/.m2/repository/org/apache/curator/curator-recipes/2.12.0/curator-recipes-2.12.0.jar:/home/user/.m2/repository/com/google/code/findbugs/jsr305/3.0.0/jsr305-3.0.0.jar:/home/user/.m2/repository/org/apache/htrace/htrace-core4/4.1.0-incubating/htrace-core4-4.1.0-incubating.jar:/home/user/.m2/repository/org/apache/zookeeper/zookeeper/3.4.13/zookeeper-3.4.13.jar:/home/user/.m2/repository/jline/jline/0.9.94/jline-0.9.94.jar:/home/user/.m2/repository/org/apache/yetus/audience-annotations/0.5.0/audience-annotations-0.5.0.jar:/home/user/.m2/repository/org/codehaus/woodstox/stax2-api/3.1.4/stax2-api-3.1.4.jar:/home/user/.m2/repository/com/fasterxml/woodstox/woodstox-core/5.0.3/woodstox-core-5.0.3.jar:/home/user/.m2/repository/dnsjava/dnsjava/2.1.7/dnsjava-2.1.7.jar:/home/user/.m2/repository/org/apache/hadoop/hadoop-hdfs/3.2.0/hadoop-hdfs-3.2.0-tests.jar:/home/user/.m2/repository/org/eclipse/jetty/jetty-util-ajax/9.3.25.v20180904/jetty-util-ajax-9.3.25.v20180904.jar:/home/user/.m2/repository/commons-daemon/commons-daemon/1.0.13/commons-daemon-1.0.13.jar:/home/user/.m2/repository/io/netty/netty/3.10.5.Final/netty-3.10.5.Final.jar:/home/user/.m2/repository/io/netty/netty-all/4.0.52.Final/netty-all-4.0.52.Final.jar:/home/user/.m2/repository/org/fusesource/leveldbjni/leveldbjni-all/1.8/leveldbjni-all-1.8.jar:"/>
    <property name="sun.cpu.endian" value="little"/>
    <property name="user.home" value="/home/user"/>
    <property name="user.language" value="en"/>
    <property name="java.specification.vendor" value="Oracle Corporation"/>
    <property name="java.home" value="/usr/lib/jvm/java-1.8-openjdk/jre"/>
    <property name="java.security.krb5.conf" value="/workdir/hadoop-ozone/integration-test/target/test-classes/krb5.conf"/>
    <property name="basedir" value="/workdir/hadoop-ozone/integration-test"/>
    <property name="file.separator" value="/"/>
    <property name="line.separator" value="&#10;"/>
    <property name="java.vm.specification.vendor" value="Oracle Corporation"/>
    <property name="java.specification.name" value="Java Platform API Specification"/>
    <property name="java.awt.graphicsenv" value="sun.awt.X11GraphicsEnvironment"/>
    <property name="surefire.real.class.path" value="/workdir/hadoop-ozone/integration-test/target/surefire/surefirebooter8074839693540569553.jar"/>
    <property name="hadoop.log.dir" value="/workdir/hadoop-ozone/integration-test/target/log"/>
    <property name="sun.boot.class.path" value="/usr/lib/jvm/java-1.8-openjdk/jre/lib/resources.jar:/usr/lib/jvm/java-1.8-openjdk/jre/lib/rt.jar:/usr/lib/jvm/java-1.8-openjdk/jre/lib/sunrsasign.jar:/usr/lib/jvm/java-1.8-openjdk/jre/lib/jsse.jar:/usr/lib/jvm/java-1.8-openjdk/jre/lib/jce.jar:/usr/lib/jvm/java-1.8-openjdk/jre/lib/charsets.jar:/usr/lib/jvm/java-1.8-openjdk/jre/lib/jfr.jar:/usr/lib/jvm/java-1.8-openjdk/jre/classes"/>
    <property name="sun.management.compiler" value="HotSpot 64-Bit Tiered Compilers"/>
    <property name="java.runtime.version" value="1.8.0_212-b04"/>
    <property name="java.net.preferIPv4Stack" value="true"/>
    <property name="user.name" value="jenkins1000"/>
    <property name="path.separator" value=":"/>
    <property name="java.security.egd" value="file:///dev/urandom"/>
    <property name="os.version" value="3.10.0-957.12.2.el7.x86_64"/>
    <property name="java.endorsed.dirs" value="/usr/lib/jvm/java-1.8-openjdk/jre/lib/endorsed"/>
    <property name="java.runtime.name" value="OpenJDK Runtime Environment"/>
    <property name="file.encoding" value="UTF-8"/>
    <property name="java.vm.name" value="OpenJDK 64-Bit Server VM"/>
    <property name="test.build.webapps" value=""/>
    <property name="localRepository" value="/home/user/.m2/repository"/>
    <property name="java.vendor.url.bug" value="https://icedtea.classpath.org/bugzilla"/>
    <property name="java.io.tmpdir" value="/tmp"/>
    <property name="require.test.libhadoop" value=""/>
    <property name="java.version" value="1.8.0_212"/>
    <property name="user.dir" value="/workdir/hadoop-ozone/integration-test"/>
    <property name="os.arch" value="amd64"/>
    <property name="java.vm.specification.name" value="Java Virtual Machine Specification"/>
    <property name="test.build.classes" value="/workdir/hadoop-ozone/integration-test/target/test-classes"/>
    <property name="java.awt.printerjob" value="sun.print.PSPrinterJob"/>
    <property name="sun.os.patch.level" value="unknown"/>
    <property name="hadoop.tmp.dir" value="/workdir/hadoop-ozone/integration-test/target/tmp"/>
    <property name="java.library.path" value="/usr/lib/jvm/java-1.8-openjdk/jre/lib/amd64/server:/usr/lib/jvm/java-1.8-openjdk/jre/lib/amd64:/usr/lib/jvm/java-1.8-openjdk/jre/../lib/amd64:/workdir/hadoop-ozone/integration-test/target/native/target/usr/local/lib:/workdir/hadoop-ozone/integration-test/../../hadoop-common-project/hadoop-common/target/native/target/usr/local/lib:/usr/java/packages/lib/amd64:/usr/lib64:/lib64:/lib:/usr/lib"/>
    <property name="java.vm.info" value="mixed mode"/>
    <property name="java.vendor" value="IcedTea"/>
    <property name="java.vm.version" value="25.212-b04"/>
    <property name="java.ext.dirs" value="/usr/lib/jvm/java-1.8-openjdk/jre/lib/ext:/usr/java/packages/lib/ext"/>
    <property name="sun.io.unicode.encoding" value="UnicodeLittle"/>
    <property name="java.class.version" value="52.0"/>
  </properties>
  <testcase name="testWatchForCommitWithKeyWrite" classname="org.apache.hadoop.ozone.client.rpc.TestWatchForCommit" time="58.965"/>
  <testcase name="testWatchForCommitWithSmallerTimeoutValue" classname="org.apache.hadoop.ozone.client.rpc.TestWatchForCommit" time="42.641"/>
  <testcase name="testWatchForCommitForRetryfailure" classname="org.apache.hadoop.ozone.client.rpc.TestWatchForCommit" time="72.004"/>
  <testcase name="testWatchForCommitForGroupMismatchException" classname="org.apache.hadoop.ozone.client.rpc.TestWatchForCommit" time="32.069"/>
  <testcase name="test2WayCommitForTimeoutException" classname="org.apache.hadoop.ozone.client.rpc.TestWatchForCommit" time="27.315">
    <error type="java.util.concurrent.TimeoutException">java.util.concurrent.TimeoutException
	at java.util.concurrent.CompletableFuture.timedGet(CompletableFuture.java:1771)
	at java.util.concurrent.CompletableFuture.get(CompletableFuture.java:1915)
	at org.apache.hadoop.hdds.scm.XceiverClientRatis.watchForCommit(XceiverClientRatis.java:283)
	at org.apache.hadoop.ozone.client.rpc.TestWatchForCommit.test2WayCommitForTimeoutException(TestWatchForCommit.java:391)
	at sun.reflect.NativeMethodAccessorImpl.invoke0(Native Method)
	at sun.reflect.NativeMethodAccessorImpl.invoke(NativeMethodAccessorImpl.java:62)
	at sun.reflect.DelegatingMethodAccessorImpl.invoke(DelegatingMethodAccessorImpl.java:43)
	at java.lang.reflect.Method.invoke(Method.java:498)
	at org.junit.runners.model.FrameworkMethod$1.runReflectiveCall(FrameworkMethod.java:47)
	at org.junit.internal.runners.model.ReflectiveCallable.run(ReflectiveCallable.java:12)
	at org.junit.runners.model.FrameworkMethod.invokeExplosively(FrameworkMethod.java:44)
	at org.junit.internal.runners.statements.InvokeMethod.evaluate(InvokeMethod.java:17)
	at org.junit.runners.ParentRunner.runLeaf(ParentRunner.java:271)
	at org.junit.runners.BlockJUnit4ClassRunner.runChild(BlockJUnit4ClassRunner.java:70)
	at org.junit.runners.BlockJUnit4ClassRunner.runChild(BlockJUnit4ClassRunner.java:50)
	at org.junit.runners.ParentRunner$3.run(ParentRunner.java:238)
	at org.junit.runners.ParentRunner$1.schedule(ParentRunner.java:63)
	at org.junit.runners.ParentRunner.runChildren(ParentRunner.java:236)
	at org.junit.runners.ParentRunner.access$000(ParentRunner.java:53)
	at org.junit.runners.ParentRunner$2.evaluate(ParentRunner.java:229)
	at org.junit.runners.ParentRunner.run(ParentRunner.java:309)
	at org.apache.maven.surefire.junit4.JUnit4Provider.execute(JUnit4Provider.java:365)
	at org.apache.maven.surefire.junit4.JUnit4Provider.executeWithRerun(JUnit4Provider.java:273)
	at org.apache.maven.surefire.junit4.JUnit4Provider.executeTestSet(JUnit4Provider.java:238)
	at org.apache.maven.surefire.junit4.JUnit4Provider.invoke(JUnit4Provider.java:159)
	at org.apache.maven.surefire.booter.ForkedBooter.invokeProviderInSameClassLoader(ForkedBooter.java:384)
	at org.apache.maven.surefire.booter.ForkedBooter.runSuitesInProcess(ForkedBooter.java:345)
	at org.apache.maven.surefire.booter.ForkedBooter.execute(ForkedBooter.java:126)
	at org.apache.maven.surefire.booter.ForkedBooter.main(ForkedBooter.java:418)
</error>
    <system-out><![CDATA[2019-10-09 17:51:51,703 [main] WARN  server.ServerUtils (ServerUtils.java:getScmDbDir(145)) - ozone.scm.db.dirs is not configured. We recommend adding this setting. Falling back to ozone.metadata.dirs instead.
2019-10-09 17:51:51,717 [main] WARN  server.ServerUtils (ServerUtils.java:getScmDbDir(145)) - ozone.scm.db.dirs is not configured. We recommend adding this setting. Falling back to ozone.metadata.dirs instead.
2019-10-09 17:51:51,717 [main] WARN  server.ServerUtils (ServerUtils.java:getScmDbDir(145)) - ozone.scm.db.dirs is not configured. We recommend adding this setting. Falling back to ozone.metadata.dirs instead.
2019-10-09 17:51:51,718 [main] INFO  db.DBStoreBuilder (DBStoreBuilder.java:addTable(117)) - using custom profile for table: deletedBlocks
2019-10-09 17:51:51,718 [main] INFO  db.DBStoreBuilder (DBStoreBuilder.java:processTables(168)) - Using default column profile:DBProfile.DISK for Table:deletedBlocks
2019-10-09 17:51:51,718 [main] INFO  db.DBStoreBuilder (DBStoreBuilder.java:addTable(117)) - using custom profile for table: validCerts
2019-10-09 17:51:51,718 [main] INFO  db.DBStoreBuilder (DBStoreBuilder.java:processTables(168)) - Using default column profile:DBProfile.DISK for Table:validCerts
2019-10-09 17:51:51,719 [main] INFO  db.DBStoreBuilder (DBStoreBuilder.java:addTable(117)) - using custom profile for table: revokedCerts
2019-10-09 17:51:51,719 [main] INFO  db.DBStoreBuilder (DBStoreBuilder.java:processTables(168)) - Using default column profile:DBProfile.DISK for Table:revokedCerts
2019-10-09 17:51:51,719 [main] INFO  db.DBStoreBuilder (DBStoreBuilder.java:addTable(117)) - using custom profile for table: default
2019-10-09 17:51:51,719 [main] INFO  db.DBStoreBuilder (DBStoreBuilder.java:processTables(174)) - Using default column profile:DBProfile.DISK for Table:default
2019-10-09 17:51:51,719 [main] INFO  db.DBStoreBuilder (DBStoreBuilder.java:getDbProfile(205)) - Using default options. DBProfile.DISK
2019-10-09 17:51:51,892 [main] INFO  net.NodeSchemaLoader (NodeSchemaLoader.java:loadSchemaFromFile(125)) - Loading file from sun.misc.CompoundEnumeration@fbe70d8
2019-10-09 17:51:51,892 [main] INFO  net.NodeSchemaLoader (NodeSchemaLoader.java:loadSchema(171)) - Loading network topology layer schema file
2019-10-09 17:51:51,897 [main] WARN  server.ServerUtils (ServerUtils.java:sanitizeUserArgs(70)) - ozone.scm.stale.node.interval value = 300000 is larger than max = 100000 based on the key value of ozone.scm.heartbeat.thread.interval, reset to the max value 100000.
2019-10-09 17:51:51,897 [main] WARN  server.ServerUtils (ServerUtils.java:sanitizeUserArgs(70)) - ozone.scm.stale.node.interval value = 300000 is larger than max = 100000 based on the key value of ozone.scm.heartbeat.thread.interval, reset to the max value 100000.
2019-10-09 17:51:51,897 [main] INFO  node.SCMNodeManager (SCMNodeManager.java:<init>(116)) - Entering startup safe mode.
2019-10-09 17:51:51,898 [main] INFO  algorithms.ContainerPlacementPolicyFactory (ContainerPlacementPolicyFactory.java:getPolicy(57)) - Create container placement policy of type org.apache.hadoop.hdds.scm.container.placement.algorithms.SCMContainerPlacementRandom
2019-10-09 17:51:51,898 [main] WARN  server.ServerUtils (ServerUtils.java:getScmDbDir(145)) - ozone.scm.db.dirs is not configured. We recommend adding this setting. Falling back to ozone.metadata.dirs instead.
2019-10-09 17:51:51,945 [main] INFO  pipeline.SCMPipelineManager (SCMPipelineManager.java:initializePipelineState(132)) - No pipeline exists in current db
2019-10-09 17:51:51,945 [main] WARN  server.ServerUtils (ServerUtils.java:getScmDbDir(145)) - ozone.scm.db.dirs is not configured. We recommend adding this setting. Falling back to ozone.metadata.dirs instead.
2019-10-09 17:51:52,003 [main] WARN  events.EventQueue (EventQueue.java:fireEvent(183)) - No event handler registered for event TypedEvent{payloadType=SafeModeStatus, name='SafeModeStatus'}
2019-10-09 17:51:52,005 [main] INFO  ipc.CallQueueManager (CallQueueManager.java:<init>(84)) - Using callQueue: class java.util.concurrent.LinkedBlockingQueue, queueCapacity: 2000, scheduler: class org.apache.hadoop.ipc.DefaultRpcScheduler, ipcBackoff: false.
2019-10-09 17:51:52,006 [Socket Reader #1 for port 45178] INFO  ipc.Server (Server.java:run(1074)) - Starting Socket Reader #1 for port 45178
2019-10-09 17:51:52,009 [main] INFO  ipc.CallQueueManager (CallQueueManager.java:<init>(84)) - Using callQueue: class java.util.concurrent.LinkedBlockingQueue, queueCapacity: 2000, scheduler: class org.apache.hadoop.ipc.DefaultRpcScheduler, ipcBackoff: false.
2019-10-09 17:51:52,010 [Socket Reader #1 for port 42376] INFO  ipc.Server (Server.java:run(1074)) - Starting Socket Reader #1 for port 42376
2019-10-09 17:51:52,011 [main] INFO  ipc.CallQueueManager (CallQueueManager.java:<init>(84)) - Using callQueue: class java.util.concurrent.LinkedBlockingQueue, queueCapacity: 2000, scheduler: class org.apache.hadoop.ipc.DefaultRpcScheduler, ipcBackoff: false.
2019-10-09 17:51:52,012 [Socket Reader #1 for port 34748] INFO  ipc.Server (Server.java:run(1074)) - Starting Socket Reader #1 for port 34748
2019-10-09 17:51:52,016 [main] INFO  hdfs.DFSUtil (DFSUtil.java:httpServerTemplateForNNAndJN(1641)) - Starting Web-server for scm at: http://0.0.0.0:0
2019-10-09 17:51:52,018 [main] INFO  server.AuthenticationFilter (AuthenticationFilter.java:constructSecretProvider(240)) - Unable to initialize FileSignerSecretProvider, falling back to use random secrets.
2019-10-09 17:51:52,018 [main] WARN  http.HttpRequestLog (HttpRequestLog.java:getRequestLog(97)) - Jetty request log can only be enabled using Log4j
2019-10-09 17:51:52,020 [main] INFO  http.HttpServer2 (HttpServer2.java:addGlobalFilter(975)) - Added global filter 'safety' (class=org.apache.hadoop.http.HttpServer2$QuotingInputFilter)
2019-10-09 17:51:52,021 [main] INFO  http.HttpServer2 (HttpServer2.java:addFilter(948)) - Added filter static_user_filter (class=org.apache.hadoop.http.lib.StaticUserWebFilter$StaticUserFilter) to context scm
2019-10-09 17:51:52,021 [main] INFO  http.HttpServer2 (HttpServer2.java:addFilter(958)) - Added filter static_user_filter (class=org.apache.hadoop.http.lib.StaticUserWebFilter$StaticUserFilter) to context logs
2019-10-09 17:51:52,021 [main] INFO  http.HttpServer2 (HttpServer2.java:addFilter(958)) - Added filter static_user_filter (class=org.apache.hadoop.http.lib.StaticUserWebFilter$StaticUserFilter) to context static
2019-10-09 17:51:52,023 [main] INFO  server.StorageContainerManager (StorageContainerManager.java:start(772)) - StorageContainerLocationProtocol RPC server is listening at /0.0.0.0:34748
2019-10-09 17:51:52,025 [main] WARN  impl.MetricsConfig (MetricsConfig.java:loadFirst(134)) - Cannot locate configuration: tried hadoop-metrics2-storagecontainermanager.properties,hadoop-metrics2.properties
2019-10-09 17:51:52,026 [main] INFO  impl.MetricsSystemImpl (MetricsSystemImpl.java:startTimer(374)) - Scheduled Metric snapshot period at 10 second(s).
2019-10-09 17:51:52,026 [main] INFO  impl.MetricsSystemImpl (MetricsSystemImpl.java:start(191)) - StorageContainerManager metrics system started
2019-10-09 17:51:52,135 [main] WARN  impl.MetricsSystemImpl (MetricsSystemImpl.java:register(276)) - Sink prometheus already exists!
2019-10-09 17:51:52,226 [main] INFO  server.SCMClientProtocolServer (SCMClientProtocolServer.java:start(159)) - RPC server for Client  is listening at /0.0.0.0:34748
2019-10-09 17:51:52,226 [IPC Server Responder] INFO  ipc.Server (Server.java:run(1314)) - IPC Server Responder: starting
2019-10-09 17:51:52,226 [IPC Server listener on 34748] INFO  ipc.Server (Server.java:run(1153)) - IPC Server listener on 34748: starting
2019-10-09 17:51:52,231 [main] INFO  server.StorageContainerManager (StorageContainerManager.java:start(782)) - ScmBlockLocationProtocol RPC server is listening at /0.0.0.0:42376
2019-10-09 17:51:52,231 [main] INFO  server.SCMBlockProtocolServer (SCMBlockProtocolServer.java:start(146)) - RPC server for Block Protocol is listening at /0.0.0.0:42376
2019-10-09 17:51:52,231 [IPC Server Responder] INFO  ipc.Server (Server.java:run(1314)) - IPC Server Responder: starting
2019-10-09 17:51:52,231 [IPC Server listener on 42376] INFO  ipc.Server (Server.java:run(1153)) - IPC Server listener on 42376: starting
2019-10-09 17:51:52,235 [main] INFO  server.StorageContainerManager (StorageContainerManager.java:start(786)) - ScmDatanodeProtocl RPC server is listening at /0.0.0.0:45178
2019-10-09 17:51:52,235 [main] INFO  server.SCMDatanodeProtocolServer (SCMDatanodeProtocolServer.java:start(169)) - RPC server for DataNodes is listening at /0.0.0.0:45178
2019-10-09 17:51:52,236 [IPC Server Responder] INFO  ipc.Server (Server.java:run(1314)) - IPC Server Responder: starting
2019-10-09 17:51:52,236 [IPC Server listener on 45178] INFO  ipc.Server (Server.java:run(1153)) - IPC Server listener on 45178: starting
2019-10-09 17:51:52,240 [main] INFO  http.HttpServer2 (HttpServer2.java:bindListener(1191)) - Jetty bound to port 39144
2019-10-09 17:51:52,240 [main] INFO  server.Server (Server.java:doStart(351)) - jetty-9.3.25.v20180904, build timestamp: 2018-09-04T21:11:46Z, git hash: 3ce520221d0240229c862b122d2b06c12a625732
2019-10-09 17:51:52,242 [main] INFO  handler.ContextHandler (ContextHandler.java:doStart(781)) - Started o.e.j.s.ServletContextHandler@6a2d867d{/logs,file:///workdir/hadoop-ozone/integration-test/target/log,AVAILABLE}
2019-10-09 17:51:52,242 [main] INFO  handler.ContextHandler (ContextHandler.java:doStart(781)) - Started o.e.j.s.ServletContextHandler@685f5d0d{/static,file:///workdir/hadoop-ozone/integration-test/target/test-classes/webapps/static,AVAILABLE}
2019-10-09 17:51:52,246 [main] INFO  handler.ContextHandler (ContextHandler.java:doStart(781)) - Started o.e.j.w.WebAppContext@251c8145{/,file:///workdir/hadoop-ozone/integration-test/target/test-classes/webapps/scm/,AVAILABLE}{/scm}
2019-10-09 17:51:52,247 [main] INFO  server.AbstractConnector (AbstractConnector.java:doStart(278)) - Started ServerConnector@17c0274c{HTTP/1.1,[http/1.1]}{0.0.0.0:39144}
2019-10-09 17:51:52,248 [main] INFO  server.Server (Server.java:doStart(419)) - Started @206569ms
2019-10-09 17:51:52,248 [main] WARN  impl.MetricsSystemImpl (MetricsSystemImpl.java:register(276)) - Sink prometheus already exists!
2019-10-09 17:51:52,249 [main] INFO  server.BaseHttpServer (BaseHttpServer.java:updateConnectorAddress(215)) - HTTP server of SCM is listening at http://0.0.0.0:39144
2019-10-09 17:51:52,250 [main] WARN  server.ServerUtils (ServerUtils.java:getDBPath(222)) - ozone.om.db.dirs is not configured. We recommend adding this setting. Falling back to ozone.metadata.dirs instead.
2019-10-09 17:51:52,251 [org.apache.hadoop.util.JvmPauseMonitor$Monitor@5a05dd30] INFO  util.JvmPauseMonitor (JvmPauseMonitor.java:run(188)) - Starting JVM pause monitor
2019-10-09 17:51:52,276 [main] INFO  ha.OMHANodeDetails (OMHANodeDetails.java:loadOMHAConfig(190)) - Configuration either no ozone.om.address set. Falling back to the default OM address /127.0.0.1:0
2019-10-09 17:51:52,276 [main] INFO  ha.OMHANodeDetails (OMHANodeDetails.java:getOMNodeDetails(220)) - OM Service ID is not set. Setting it to the default ID: omServiceIdDefault
2019-10-09 17:51:52,277 [main] WARN  server.ServerUtils (ServerUtils.java:getDBPath(222)) - ozone.om.db.dirs is not configured. We recommend adding this setting. Falling back to ozone.metadata.dirs instead.
2019-10-09 17:51:52,277 [main] WARN  server.ServerUtils (ServerUtils.java:getDBPath(222)) - ozone.om.db.dirs is not configured. We recommend adding this setting. Falling back to ozone.metadata.dirs instead.
2019-10-09 17:51:52,286 [main] WARN  server.ServerUtils (ServerUtils.java:getDBPath(222)) - ozone.om.db.dirs is not configured. We recommend adding this setting. Falling back to ozone.metadata.dirs instead.
2019-10-09 17:51:52,287 [main] INFO  db.DBStoreBuilder (DBStoreBuilder.java:addTable(117)) - using custom profile for table: userTable
2019-10-09 17:51:52,287 [main] INFO  db.DBStoreBuilder (DBStoreBuilder.java:processTables(168)) - Using default column profile:DBProfile.DISK for Table:userTable
2019-10-09 17:51:52,287 [main] INFO  db.DBStoreBuilder (DBStoreBuilder.java:addTable(117)) - using custom profile for table: volumeTable
2019-10-09 17:51:52,287 [main] INFO  db.DBStoreBuilder (DBStoreBuilder.java:processTables(168)) - Using default column profile:DBProfile.DISK for Table:volumeTable
2019-10-09 17:51:52,288 [main] INFO  db.DBStoreBuilder (DBStoreBuilder.java:addTable(117)) - using custom profile for table: bucketTable
2019-10-09 17:51:52,288 [main] INFO  db.DBStoreBuilder (DBStoreBuilder.java:processTables(168)) - Using default column profile:DBProfile.DISK for Table:bucketTable
2019-10-09 17:51:52,288 [main] INFO  db.DBStoreBuilder (DBStoreBuilder.java:addTable(117)) - using custom profile for table: keyTable
2019-10-09 17:51:52,288 [main] INFO  db.DBStoreBuilder (DBStoreBuilder.java:processTables(168)) - Using default column profile:DBProfile.DISK for Table:keyTable
2019-10-09 17:51:52,289 [main] INFO  db.DBStoreBuilder (DBStoreBuilder.java:addTable(117)) - using custom profile for table: deletedTable
2019-10-09 17:51:52,289 [main] INFO  db.DBStoreBuilder (DBStoreBuilder.java:processTables(168)) - Using default column profile:DBProfile.DISK for Table:deletedTable
2019-10-09 17:51:52,289 [main] INFO  db.DBStoreBuilder (DBStoreBuilder.java:addTable(117)) - using custom profile for table: openKeyTable
2019-10-09 17:51:52,290 [main] INFO  db.DBStoreBuilder (DBStoreBuilder.java:processTables(168)) - Using default column profile:DBProfile.DISK for Table:openKeyTable
2019-10-09 17:51:52,290 [main] INFO  db.DBStoreBuilder (DBStoreBuilder.java:addTable(117)) - using custom profile for table: s3Table
2019-10-09 17:51:52,290 [main] INFO  db.DBStoreBuilder (DBStoreBuilder.java:processTables(168)) - Using default column profile:DBProfile.DISK for Table:s3Table
2019-10-09 17:51:52,291 [main] INFO  db.DBStoreBuilder (DBStoreBuilder.java:addTable(117)) - using custom profile for table: multipartInfoTable
2019-10-09 17:51:52,291 [main] INFO  db.DBStoreBuilder (DBStoreBuilder.java:processTables(168)) - Using default column profile:DBProfile.DISK for Table:multipartInfoTable
2019-10-09 17:51:52,291 [main] INFO  db.DBStoreBuilder (DBStoreBuilder.java:addTable(117)) - using custom profile for table: dTokenTable
2019-10-09 17:51:52,291 [main] INFO  db.DBStoreBuilder (DBStoreBuilder.java:processTables(168)) - Using default column profile:DBProfile.DISK for Table:dTokenTable
2019-10-09 17:51:52,292 [main] INFO  db.DBStoreBuilder (DBStoreBuilder.java:addTable(117)) - using custom profile for table: s3SecretTable
2019-10-09 17:51:52,292 [main] INFO  db.DBStoreBuilder (DBStoreBuilder.java:processTables(168)) - Using default column profile:DBProfile.DISK for Table:s3SecretTable
2019-10-09 17:51:52,292 [main] INFO  db.DBStoreBuilder (DBStoreBuilder.java:addTable(117)) - using custom profile for table: prefixTable
2019-10-09 17:51:52,293 [main] INFO  db.DBStoreBuilder (DBStoreBuilder.java:processTables(168)) - Using default column profile:DBProfile.DISK for Table:prefixTable
2019-10-09 17:51:52,293 [main] INFO  db.DBStoreBuilder (DBStoreBuilder.java:addTable(117)) - using custom profile for table: default
2019-10-09 17:51:52,293 [main] INFO  db.DBStoreBuilder (DBStoreBuilder.java:processTables(174)) - Using default column profile:DBProfile.DISK for Table:default
2019-10-09 17:51:52,293 [main] INFO  db.DBStoreBuilder (DBStoreBuilder.java:getDbProfile(205)) - Using default options. DBProfile.DISK
2019-10-09 17:51:52,763 [main] INFO  ipc.CallQueueManager (CallQueueManager.java:<init>(84)) - Using callQueue: class java.util.concurrent.LinkedBlockingQueue, queueCapacity: 2000, scheduler: class org.apache.hadoop.ipc.DefaultRpcScheduler, ipcBackoff: false.
2019-10-09 17:51:52,764 [Socket Reader #1 for port 39443] INFO  ipc.Server (Server.java:run(1074)) - Starting Socket Reader #1 for port 39443
2019-10-09 17:51:52,776 [main] INFO  om.OzoneManager (OzoneManager.java:start(1069)) - OzoneManager RPC server is listening at localhost/127.0.0.1:39443
2019-10-09 17:51:52,776 [main] INFO  impl.MetricsSystemImpl (MetricsSystemImpl.java:init(158)) - OzoneManager metrics system started (again)
2019-10-09 17:51:52,777 [IPC Server Responder] INFO  ipc.Server (Server.java:run(1314)) - IPC Server Responder: starting
2019-10-09 17:51:52,778 [IPC Server listener on 39443] INFO  ipc.Server (Server.java:run(1153)) - IPC Server listener on 39443: starting
2019-10-09 17:51:52,783 [main] INFO  hdfs.DFSUtil (DFSUtil.java:httpServerTemplateForNNAndJN(1641)) - Starting Web-server for ozoneManager at: http://0.0.0.0:0
2019-10-09 17:51:52,784 [main] INFO  server.AuthenticationFilter (AuthenticationFilter.java:constructSecretProvider(240)) - Unable to initialize FileSignerSecretProvider, falling back to use random secrets.
2019-10-09 17:51:52,784 [main] WARN  http.HttpRequestLog (HttpRequestLog.java:getRequestLog(97)) - Jetty request log can only be enabled using Log4j
2019-10-09 17:51:52,786 [main] INFO  http.HttpServer2 (HttpServer2.java:addGlobalFilter(975)) - Added global filter 'safety' (class=org.apache.hadoop.http.HttpServer2$QuotingInputFilter)
2019-10-09 17:51:52,787 [main] INFO  http.HttpServer2 (HttpServer2.java:addFilter(948)) - Added filter static_user_filter (class=org.apache.hadoop.http.lib.StaticUserWebFilter$StaticUserFilter) to context ozoneManager
2019-10-09 17:51:52,787 [main] INFO  http.HttpServer2 (HttpServer2.java:addFilter(958)) - Added filter static_user_filter (class=org.apache.hadoop.http.lib.StaticUserWebFilter$StaticUserFilter) to context static
2019-10-09 17:51:52,787 [main] INFO  http.HttpServer2 (HttpServer2.java:addFilter(958)) - Added filter static_user_filter (class=org.apache.hadoop.http.lib.StaticUserWebFilter$StaticUserFilter) to context logs
2019-10-09 17:51:52,787 [main] INFO  http.HttpServer2 (HttpServer2.java:bindListener(1191)) - Jetty bound to port 37942
2019-10-09 17:51:52,788 [main] INFO  server.Server (Server.java:doStart(351)) - jetty-9.3.25.v20180904, build timestamp: 2018-09-04T21:11:46Z, git hash: 3ce520221d0240229c862b122d2b06c12a625732
2019-10-09 17:51:52,789 [main] INFO  handler.ContextHandler (ContextHandler.java:doStart(781)) - Started o.e.j.s.ServletContextHandler@284bdeed{/logs,file:///workdir/hadoop-ozone/integration-test/target/log,AVAILABLE}
2019-10-09 17:51:52,790 [main] INFO  handler.ContextHandler (ContextHandler.java:doStart(781)) - Started o.e.j.s.ServletContextHandler@482c351d{/static,file:///workdir/hadoop-ozone/integration-test/target/test-classes/webapps/static,AVAILABLE}
2019-10-09 17:51:52,793 [main] INFO  handler.ContextHandler (ContextHandler.java:doStart(781)) - Started o.e.j.w.WebAppContext@4be490da{/,file:///workdir/hadoop-ozone/integration-test/target/test-classes/webapps/ozoneManager/,AVAILABLE}{/ozoneManager}
2019-10-09 17:51:52,794 [main] INFO  server.AbstractConnector (AbstractConnector.java:doStart(278)) - Started ServerConnector@4168f3d9{HTTP/1.1,[http/1.1]}{0.0.0.0:37942}
2019-10-09 17:51:52,795 [main] INFO  server.Server (Server.java:doStart(419)) - Started @207116ms
2019-10-09 17:51:52,795 [main] WARN  impl.MetricsSystemImpl (MetricsSystemImpl.java:register(276)) - Sink prometheus already exists!
2019-10-09 17:51:52,797 [main] INFO  server.BaseHttpServer (BaseHttpServer.java:updateConnectorAddress(215)) - HTTP server of OZONEMANAGER is listening at http://0.0.0.0:37942
2019-10-09 17:51:52,816 [main] INFO  impl.MetricsSystemImpl (MetricsSystemImpl.java:init(158)) - HddsDatanode metrics system started (again)
2019-10-09 17:51:52,821 [main] INFO  ozone.HddsDatanodeService (HddsDatanodeService.java:start(184)) - HddsDatanodeService host:pr-hdds-2269-pcp4p-266198477 ip:192.168.5.136
2019-10-09 17:51:52,827 [main] INFO  volume.HddsVolume (HddsVolume.java:<init>(176)) - Creating Volume: /workdir/hadoop-ozone/integration-test/target/test-dir/MiniOzoneClusterImpl-401054cd-1d18-4b1d-93f9-f32735cbde25/datanode-0/data/containers/hdds of  storage type : DISK and capacity : 1482555576320
2019-10-09 17:51:52,827 [main] INFO  volume.VolumeSet (VolumeSet.java:initializeVolumeSet(170)) - Added Volume : /workdir/hadoop-ozone/integration-test/target/test-dir/MiniOzoneClusterImpl-401054cd-1d18-4b1d-93f9-f32735cbde25/datanode-0/data/containers/hdds to VolumeSet
2019-10-09 17:51:52,828 [main] INFO  volume.ThrottledAsyncChecker (ThrottledAsyncChecker.java:schedule(141)) - Scheduling a check for org.apache.hadoop.ozone.container.common.volume.HddsVolume@3d3c886f
2019-10-09 17:51:52,829 [main] INFO  volume.HddsVolumeChecker (HddsVolumeChecker.java:checkAllVolumes(204)) - Scheduled health check for volume org.apache.hadoop.ozone.container.common.volume.HddsVolume@3d3c886f
2019-10-09 17:51:52,850 [main] INFO  impl.RaftServerProxy (ConfUtils.java:logGet(43)) - raft.rpc.type = GRPC (default)
2019-10-09 17:51:52,850 [main] INFO  grpc.GrpcFactory (GrpcFactory.java:checkPooledByteBufAllocatorUseCacheForAllThreads(45)) - PERFORMANCE WARNING: useCacheForAllThreads is true that may cause Netty to create a lot garbage objects and, as a result, trigger GC.
	It is recommended to disable useCacheForAllThreads by setting -Dorg.apache.ratis.thirdparty.io.netty.allocator.useCacheForAllThreads=false in command line.
2019-10-09 17:51:52,850 [main] INFO  grpc.GrpcConfigKeys$Server (ConfUtils.java:logGet(43)) - raft.grpc.server.port = 0 (default)
2019-10-09 17:51:52,851 [main] INFO  server.GrpcService (ConfUtils.java:logGet(43)) - raft.grpc.message.size.max = 33570816 (custom)
2019-10-09 17:51:52,851 [main] INFO  server.RaftServerConfigKeys (ConfUtils.java:logGet(43)) - raft.server.log.appender.buffer.byte-limit = 33554432 (custom)
2019-10-09 17:51:52,851 [main] INFO  server.GrpcService (ConfUtils.java:logGet(43)) - raft.grpc.flow.control.window = 1MB (=1048576) (default)
2019-10-09 17:51:52,851 [main] INFO  server.RaftServerConfigKeys (ConfUtils.java:logGet(43)) - raft.server.rpc.request.timeout = 3000ms (default)
2019-10-09 17:51:52,852 [main] INFO  server.RaftServerConfigKeys (ConfUtils.java:logGet(43)) - raft.server.storage.dir = [/workdir/hadoop-ozone/integration-test/target/test-dir/MiniOzoneClusterImpl-401054cd-1d18-4b1d-93f9-f32735cbde25/datanode-0/data/ratis] (custom)
2019-10-09 17:51:52,853 [main] INFO  hdfs.DFSUtil (DFSUtil.java:httpServerTemplateForNNAndJN(1641)) - Starting Web-server for hddsDatanode at: http://0.0.0.0:0
2019-10-09 17:51:52,855 [main] INFO  server.AuthenticationFilter (AuthenticationFilter.java:constructSecretProvider(240)) - Unable to initialize FileSignerSecretProvider, falling back to use random secrets.
2019-10-09 17:51:52,855 [main] WARN  http.HttpRequestLog (HttpRequestLog.java:getRequestLog(97)) - Jetty request log can only be enabled using Log4j
2019-10-09 17:51:52,857 [main] INFO  http.HttpServer2 (HttpServer2.java:addGlobalFilter(975)) - Added global filter 'safety' (class=org.apache.hadoop.http.HttpServer2$QuotingInputFilter)
2019-10-09 17:51:52,857 [main] INFO  http.HttpServer2 (HttpServer2.java:addFilter(948)) - Added filter static_user_filter (class=org.apache.hadoop.http.lib.StaticUserWebFilter$StaticUserFilter) to context hddsDatanode
2019-10-09 17:51:52,858 [main] INFO  http.HttpServer2 (HttpServer2.java:addFilter(958)) - Added filter static_user_filter (class=org.apache.hadoop.http.lib.StaticUserWebFilter$StaticUserFilter) to context logs
2019-10-09 17:51:52,858 [main] INFO  http.HttpServer2 (HttpServer2.java:addFilter(958)) - Added filter static_user_filter (class=org.apache.hadoop.http.lib.StaticUserWebFilter$StaticUserFilter) to context static
2019-10-09 17:51:52,858 [main] INFO  http.HttpServer2 (HttpServer2.java:bindListener(1191)) - Jetty bound to port 39597
2019-10-09 17:51:52,859 [main] INFO  server.Server (Server.java:doStart(351)) - jetty-9.3.25.v20180904, build timestamp: 2018-09-04T21:11:46Z, git hash: 3ce520221d0240229c862b122d2b06c12a625732
2019-10-09 17:51:52,860 [main] INFO  handler.ContextHandler (ContextHandler.java:doStart(781)) - Started o.e.j.s.ServletContextHandler@9e02f84{/logs,file:///workdir/hadoop-ozone/integration-test/target/log,AVAILABLE}
2019-10-09 17:51:52,861 [main] INFO  handler.ContextHandler (ContextHandler.java:doStart(781)) - Started o.e.j.s.ServletContextHandler@7e49ded{/static,jar:file:/home/user/.m2/repository/org/apache/hadoop/hadoop-hdds-container-service/0.5.0-SNAPSHOT/hadoop-hdds-container-service-0.5.0-SNAPSHOT.jar!/webapps/static,AVAILABLE}
2019-10-09 17:51:52,894 [main] INFO  handler.ContextHandler (ContextHandler.java:doStart(781)) - Started o.e.j.w.WebAppContext@261f359f{/,file:///tmp/jetty-0.0.0.0-39597-hddsDatanode-_-any-2311476471555165546.dir/webapp/,AVAILABLE}{/hddsDatanode}
2019-10-09 17:51:52,894 [main] INFO  server.AbstractConnector (AbstractConnector.java:doStart(278)) - Started ServerConnector@5b02a984{HTTP/1.1,[http/1.1]}{0.0.0.0:39597}
2019-10-09 17:51:52,896 [main] INFO  server.Server (Server.java:doStart(419)) - Started @207217ms
2019-10-09 17:51:52,896 [main] WARN  impl.MetricsSystemImpl (MetricsSystemImpl.java:register(276)) - Sink prometheus already exists!
2019-10-09 17:51:52,896 [main] INFO  server.BaseHttpServer (BaseHttpServer.java:updateConnectorAddress(215)) - HTTP server of HDDSDATANODE is listening at http://0.0.0.0:39597
2019-10-09 17:51:52,897 [main] INFO  impl.MetricsSystemImpl (MetricsSystemImpl.java:init(158)) - HddsDatanode metrics system started (again)
2019-10-09 17:51:52,900 [org.apache.hadoop.util.JvmPauseMonitor$Monitor@596291bd] INFO  util.JvmPauseMonitor (JvmPauseMonitor.java:run(188)) - Starting JVM pause monitor
2019-10-09 17:51:52,901 [main] INFO  ozone.HddsDatanodeService (HddsDatanodeService.java:start(184)) - HddsDatanodeService host:pr-hdds-2269-pcp4p-266198477 ip:192.168.5.136
2019-10-09 17:51:52,903 [Datanode State Machine Thread - 0] INFO  datanode.InitDatanodeState (InitDatanodeState.java:persistContainerDatanodeDetails(140)) - DatanodeDetails is persisted to /workdir/hadoop-ozone/integration-test/target/test-dir/MiniOzoneClusterImpl-401054cd-1d18-4b1d-93f9-f32735cbde25/datanode-0/meta/datanode.id
2019-10-09 17:51:52,907 [main] INFO  volume.HddsVolume (HddsVolume.java:<init>(176)) - Creating Volume: /workdir/hadoop-ozone/integration-test/target/test-dir/MiniOzoneClusterImpl-401054cd-1d18-4b1d-93f9-f32735cbde25/datanode-1/data/containers/hdds of  storage type : DISK and capacity : 1482555576320
2019-10-09 17:51:52,907 [main] INFO  volume.VolumeSet (VolumeSet.java:initializeVolumeSet(170)) - Added Volume : /workdir/hadoop-ozone/integration-test/target/test-dir/MiniOzoneClusterImpl-401054cd-1d18-4b1d-93f9-f32735cbde25/datanode-1/data/containers/hdds to VolumeSet
2019-10-09 17:51:52,908 [main] INFO  volume.ThrottledAsyncChecker (ThrottledAsyncChecker.java:schedule(141)) - Scheduling a check for org.apache.hadoop.ozone.container.common.volume.HddsVolume@1e226bcd
2019-10-09 17:51:52,908 [main] INFO  volume.HddsVolumeChecker (HddsVolumeChecker.java:checkAllVolumes(204)) - Scheduled health check for volume org.apache.hadoop.ozone.container.common.volume.HddsVolume@1e226bcd
2019-10-09 17:51:52,922 [main] INFO  impl.RaftServerProxy (ConfUtils.java:logGet(43)) - raft.rpc.type = GRPC (default)
2019-10-09 17:51:52,922 [main] INFO  grpc.GrpcFactory (GrpcFactory.java:checkPooledByteBufAllocatorUseCacheForAllThreads(45)) - PERFORMANCE WARNING: useCacheForAllThreads is true that may cause Netty to create a lot garbage objects and, as a result, trigger GC.
	It is recommended to disable useCacheForAllThreads by setting -Dorg.apache.ratis.thirdparty.io.netty.allocator.useCacheForAllThreads=false in command line.
2019-10-09 17:51:52,922 [main] INFO  grpc.GrpcConfigKeys$Server (ConfUtils.java:logGet(43)) - raft.grpc.server.port = 0 (default)
2019-10-09 17:51:52,922 [main] INFO  server.GrpcService (ConfUtils.java:logGet(43)) - raft.grpc.message.size.max = 33570816 (custom)
2019-10-09 17:51:52,922 [main] INFO  server.RaftServerConfigKeys (ConfUtils.java:logGet(43)) - raft.server.log.appender.buffer.byte-limit = 33554432 (custom)
2019-10-09 17:51:52,922 [main] INFO  server.GrpcService (ConfUtils.java:logGet(43)) - raft.grpc.flow.control.window = 1MB (=1048576) (default)
2019-10-09 17:51:52,923 [main] INFO  server.RaftServerConfigKeys (ConfUtils.java:logGet(43)) - raft.server.rpc.request.timeout = 3000ms (default)
2019-10-09 17:51:52,923 [main] INFO  server.RaftServerConfigKeys (ConfUtils.java:logGet(43)) - raft.server.storage.dir = [/workdir/hadoop-ozone/integration-test/target/test-dir/MiniOzoneClusterImpl-401054cd-1d18-4b1d-93f9-f32735cbde25/datanode-1/data/ratis] (custom)
2019-10-09 17:51:52,924 [main] INFO  hdfs.DFSUtil (DFSUtil.java:httpServerTemplateForNNAndJN(1641)) - Starting Web-server for hddsDatanode at: http://0.0.0.0:0
2019-10-09 17:51:52,925 [main] INFO  server.AuthenticationFilter (AuthenticationFilter.java:constructSecretProvider(240)) - Unable to initialize FileSignerSecretProvider, falling back to use random secrets.
2019-10-09 17:51:52,926 [main] WARN  http.HttpRequestLog (HttpRequestLog.java:getRequestLog(97)) - Jetty request log can only be enabled using Log4j
2019-10-09 17:51:52,927 [main] INFO  http.HttpServer2 (HttpServer2.java:addGlobalFilter(975)) - Added global filter 'safety' (class=org.apache.hadoop.http.HttpServer2$QuotingInputFilter)
2019-10-09 17:51:52,927 [main] INFO  http.HttpServer2 (HttpServer2.java:addFilter(948)) - Added filter static_user_filter (class=org.apache.hadoop.http.lib.StaticUserWebFilter$StaticUserFilter) to context hddsDatanode
2019-10-09 17:51:52,927 [main] INFO  http.HttpServer2 (HttpServer2.java:addFilter(958)) - Added filter static_user_filter (class=org.apache.hadoop.http.lib.StaticUserWebFilter$StaticUserFilter) to context logs
2019-10-09 17:51:52,927 [main] INFO  http.HttpServer2 (HttpServer2.java:addFilter(958)) - Added filter static_user_filter (class=org.apache.hadoop.http.lib.StaticUserWebFilter$StaticUserFilter) to context static
2019-10-09 17:51:52,928 [main] INFO  http.HttpServer2 (HttpServer2.java:bindListener(1191)) - Jetty bound to port 34971
2019-10-09 17:51:52,928 [main] INFO  server.Server (Server.java:doStart(351)) - jetty-9.3.25.v20180904, build timestamp: 2018-09-04T21:11:46Z, git hash: 3ce520221d0240229c862b122d2b06c12a625732
2019-10-09 17:51:52,930 [main] INFO  handler.ContextHandler (ContextHandler.java:doStart(781)) - Started o.e.j.s.ServletContextHandler@443a06ad{/logs,file:///workdir/hadoop-ozone/integration-test/target/log,AVAILABLE}
2019-10-09 17:51:52,930 [main] INFO  handler.ContextHandler (ContextHandler.java:doStart(781)) - Started o.e.j.s.ServletContextHandler@752b69e3{/static,jar:file:/home/user/.m2/repository/org/apache/hadoop/hadoop-hdds-container-service/0.5.0-SNAPSHOT/hadoop-hdds-container-service-0.5.0-SNAPSHOT.jar!/webapps/static,AVAILABLE}
2019-10-09 17:51:52,958 [main] INFO  handler.ContextHandler (ContextHandler.java:doStart(781)) - Started o.e.j.w.WebAppContext@5438fa43{/,file:///tmp/jetty-0.0.0.0-34971-hddsDatanode-_-any-8260002564156582553.dir/webapp/,AVAILABLE}{/hddsDatanode}
2019-10-09 17:51:52,958 [main] INFO  server.AbstractConnector (AbstractConnector.java:doStart(278)) - Started ServerConnector@512abf25{HTTP/1.1,[http/1.1]}{0.0.0.0:34971}
2019-10-09 17:51:52,959 [main] INFO  server.Server (Server.java:doStart(419)) - Started @207281ms
2019-10-09 17:51:52,960 [main] WARN  impl.MetricsSystemImpl (MetricsSystemImpl.java:register(276)) - Sink prometheus already exists!
2019-10-09 17:51:52,960 [main] INFO  server.BaseHttpServer (BaseHttpServer.java:updateConnectorAddress(215)) - HTTP server of HDDSDATANODE is listening at http://0.0.0.0:34971
2019-10-09 17:51:52,960 [main] INFO  impl.MetricsSystemImpl (MetricsSystemImpl.java:init(158)) - HddsDatanode metrics system started (again)
2019-10-09 17:51:52,965 [org.apache.hadoop.util.JvmPauseMonitor$Monitor@397133e8] INFO  util.JvmPauseMonitor (JvmPauseMonitor.java:run(188)) - Starting JVM pause monitor
2019-10-09 17:51:52,965 [main] INFO  ozone.HddsDatanodeService (HddsDatanodeService.java:start(184)) - HddsDatanodeService host:pr-hdds-2269-pcp4p-266198477 ip:192.168.5.136
2019-10-09 17:51:52,966 [Datanode State Machine Thread - 0] INFO  datanode.InitDatanodeState (InitDatanodeState.java:persistContainerDatanodeDetails(140)) - DatanodeDetails is persisted to /workdir/hadoop-ozone/integration-test/target/test-dir/MiniOzoneClusterImpl-401054cd-1d18-4b1d-93f9-f32735cbde25/datanode-1/meta/datanode.id
2019-10-09 17:51:52,971 [main] INFO  volume.HddsVolume (HddsVolume.java:<init>(176)) - Creating Volume: /workdir/hadoop-ozone/integration-test/target/test-dir/MiniOzoneClusterImpl-401054cd-1d18-4b1d-93f9-f32735cbde25/datanode-2/data/containers/hdds of  storage type : DISK and capacity : 1482555576320
2019-10-09 17:51:52,971 [main] INFO  volume.VolumeSet (VolumeSet.java:initializeVolumeSet(170)) - Added Volume : /workdir/hadoop-ozone/integration-test/target/test-dir/MiniOzoneClusterImpl-401054cd-1d18-4b1d-93f9-f32735cbde25/datanode-2/data/containers/hdds to VolumeSet
2019-10-09 17:51:52,971 [main] INFO  volume.ThrottledAsyncChecker (ThrottledAsyncChecker.java:schedule(141)) - Scheduling a check for org.apache.hadoop.ozone.container.common.volume.HddsVolume@34a20f16
2019-10-09 17:51:52,971 [main] INFO  volume.HddsVolumeChecker (HddsVolumeChecker.java:checkAllVolumes(204)) - Scheduled health check for volume org.apache.hadoop.ozone.container.common.volume.HddsVolume@34a20f16
2019-10-09 17:51:52,983 [main] INFO  impl.RaftServerProxy (ConfUtils.java:logGet(43)) - raft.rpc.type = GRPC (default)
2019-10-09 17:51:52,983 [main] INFO  grpc.GrpcFactory (GrpcFactory.java:checkPooledByteBufAllocatorUseCacheForAllThreads(45)) - PERFORMANCE WARNING: useCacheForAllThreads is true that may cause Netty to create a lot garbage objects and, as a result, trigger GC.
	It is recommended to disable useCacheForAllThreads by setting -Dorg.apache.ratis.thirdparty.io.netty.allocator.useCacheForAllThreads=false in command line.
2019-10-09 17:51:52,983 [main] INFO  grpc.GrpcConfigKeys$Server (ConfUtils.java:logGet(43)) - raft.grpc.server.port = 0 (default)
2019-10-09 17:51:52,983 [main] INFO  server.GrpcService (ConfUtils.java:logGet(43)) - raft.grpc.message.size.max = 33570816 (custom)
2019-10-09 17:51:52,984 [main] INFO  server.RaftServerConfigKeys (ConfUtils.java:logGet(43)) - raft.server.log.appender.buffer.byte-limit = 33554432 (custom)
2019-10-09 17:51:52,984 [main] INFO  server.GrpcService (ConfUtils.java:logGet(43)) - raft.grpc.flow.control.window = 1MB (=1048576) (default)
2019-10-09 17:51:52,984 [main] INFO  server.RaftServerConfigKeys (ConfUtils.java:logGet(43)) - raft.server.rpc.request.timeout = 3000ms (default)
2019-10-09 17:51:52,984 [main] INFO  server.RaftServerConfigKeys (ConfUtils.java:logGet(43)) - raft.server.storage.dir = [/workdir/hadoop-ozone/integration-test/target/test-dir/MiniOzoneClusterImpl-401054cd-1d18-4b1d-93f9-f32735cbde25/datanode-2/data/ratis] (custom)
2019-10-09 17:51:52,985 [main] INFO  hdfs.DFSUtil (DFSUtil.java:httpServerTemplateForNNAndJN(1641)) - Starting Web-server for hddsDatanode at: http://0.0.0.0:0
2019-10-09 17:51:52,986 [main] INFO  server.AuthenticationFilter (AuthenticationFilter.java:constructSecretProvider(240)) - Unable to initialize FileSignerSecretProvider, falling back to use random secrets.
2019-10-09 17:51:52,987 [main] WARN  http.HttpRequestLog (HttpRequestLog.java:getRequestLog(97)) - Jetty request log can only be enabled using Log4j
2019-10-09 17:51:52,988 [main] INFO  http.HttpServer2 (HttpServer2.java:addGlobalFilter(975)) - Added global filter 'safety' (class=org.apache.hadoop.http.HttpServer2$QuotingInputFilter)
2019-10-09 17:51:52,988 [main] INFO  http.HttpServer2 (HttpServer2.java:addFilter(948)) - Added filter static_user_filter (class=org.apache.hadoop.http.lib.StaticUserWebFilter$StaticUserFilter) to context hddsDatanode
2019-10-09 17:51:52,988 [main] INFO  http.HttpServer2 (HttpServer2.java:addFilter(958)) - Added filter static_user_filter (class=org.apache.hadoop.http.lib.StaticUserWebFilter$StaticUserFilter) to context logs
2019-10-09 17:51:52,988 [main] INFO  http.HttpServer2 (HttpServer2.java:addFilter(958)) - Added filter static_user_filter (class=org.apache.hadoop.http.lib.StaticUserWebFilter$StaticUserFilter) to context static
2019-10-09 17:51:52,989 [main] INFO  http.HttpServer2 (HttpServer2.java:bindListener(1191)) - Jetty bound to port 34427
2019-10-09 17:51:52,989 [main] INFO  server.Server (Server.java:doStart(351)) - jetty-9.3.25.v20180904, build timestamp: 2018-09-04T21:11:46Z, git hash: 3ce520221d0240229c862b122d2b06c12a625732
2019-10-09 17:51:52,991 [main] INFO  handler.ContextHandler (ContextHandler.java:doStart(781)) - Started o.e.j.s.ServletContextHandler@34136bd1{/logs,file:///workdir/hadoop-ozone/integration-test/target/log,AVAILABLE}
2019-10-09 17:51:52,991 [main] INFO  handler.ContextHandler (ContextHandler.java:doStart(781)) - Started o.e.j.s.ServletContextHandler@367d34c0{/static,jar:file:/home/user/.m2/repository/org/apache/hadoop/hadoop-hdds-container-service/0.5.0-SNAPSHOT/hadoop-hdds-container-service-0.5.0-SNAPSHOT.jar!/webapps/static,AVAILABLE}
2019-10-09 17:51:53,018 [main] INFO  handler.ContextHandler (ContextHandler.java:doStart(781)) - Started o.e.j.w.WebAppContext@d2708a7{/,file:///tmp/jetty-0.0.0.0-34427-hddsDatanode-_-any-3867980204671716142.dir/webapp/,AVAILABLE}{/hddsDatanode}
2019-10-09 17:51:53,019 [main] INFO  server.AbstractConnector (AbstractConnector.java:doStart(278)) - Started ServerConnector@508ad266{HTTP/1.1,[http/1.1]}{0.0.0.0:34427}
2019-10-09 17:51:53,020 [main] INFO  server.Server (Server.java:doStart(419)) - Started @207342ms
2019-10-09 17:51:53,021 [main] WARN  impl.MetricsSystemImpl (MetricsSystemImpl.java:register(276)) - Sink prometheus already exists!
2019-10-09 17:51:53,021 [main] INFO  server.BaseHttpServer (BaseHttpServer.java:updateConnectorAddress(215)) - HTTP server of HDDSDATANODE is listening at http://0.0.0.0:34427
2019-10-09 17:51:53,021 [main] INFO  impl.MetricsSystemImpl (MetricsSystemImpl.java:init(158)) - HddsDatanode metrics system started (again)
2019-10-09 17:51:53,025 [org.apache.hadoop.util.JvmPauseMonitor$Monitor@12c487e5] INFO  util.JvmPauseMonitor (JvmPauseMonitor.java:run(188)) - Starting JVM pause monitor
2019-10-09 17:51:53,026 [main] INFO  ozone.HddsDatanodeService (HddsDatanodeService.java:start(184)) - HddsDatanodeService host:pr-hdds-2269-pcp4p-266198477 ip:192.168.5.136
2019-10-09 17:51:53,026 [Datanode State Machine Thread - 0] INFO  datanode.InitDatanodeState (InitDatanodeState.java:persistContainerDatanodeDetails(140)) - DatanodeDetails is persisted to /workdir/hadoop-ozone/integration-test/target/test-dir/MiniOzoneClusterImpl-401054cd-1d18-4b1d-93f9-f32735cbde25/datanode-2/meta/datanode.id
2019-10-09 17:51:53,031 [main] INFO  volume.HddsVolume (HddsVolume.java:<init>(176)) - Creating Volume: /workdir/hadoop-ozone/integration-test/target/test-dir/MiniOzoneClusterImpl-401054cd-1d18-4b1d-93f9-f32735cbde25/datanode-3/data/containers/hdds of  storage type : DISK and capacity : 1482555576320
2019-10-09 17:51:53,032 [main] INFO  volume.VolumeSet (VolumeSet.java:initializeVolumeSet(170)) - Added Volume : /workdir/hadoop-ozone/integration-test/target/test-dir/MiniOzoneClusterImpl-401054cd-1d18-4b1d-93f9-f32735cbde25/datanode-3/data/containers/hdds to VolumeSet
2019-10-09 17:51:53,032 [main] INFO  volume.ThrottledAsyncChecker (ThrottledAsyncChecker.java:schedule(141)) - Scheduling a check for org.apache.hadoop.ozone.container.common.volume.HddsVolume@46f73ffa
2019-10-09 17:51:53,032 [main] INFO  volume.HddsVolumeChecker (HddsVolumeChecker.java:checkAllVolumes(204)) - Scheduled health check for volume org.apache.hadoop.ozone.container.common.volume.HddsVolume@46f73ffa
2019-10-09 17:51:53,045 [main] INFO  impl.RaftServerProxy (ConfUtils.java:logGet(43)) - raft.rpc.type = GRPC (default)
2019-10-09 17:51:53,045 [main] INFO  grpc.GrpcFactory (GrpcFactory.java:checkPooledByteBufAllocatorUseCacheForAllThreads(45)) - PERFORMANCE WARNING: useCacheForAllThreads is true that may cause Netty to create a lot garbage objects and, as a result, trigger GC.
	It is recommended to disable useCacheForAllThreads by setting -Dorg.apache.ratis.thirdparty.io.netty.allocator.useCacheForAllThreads=false in command line.
2019-10-09 17:51:53,045 [main] INFO  grpc.GrpcConfigKeys$Server (ConfUtils.java:logGet(43)) - raft.grpc.server.port = 0 (default)
2019-10-09 17:51:53,045 [main] INFO  server.GrpcService (ConfUtils.java:logGet(43)) - raft.grpc.message.size.max = 33570816 (custom)
2019-10-09 17:51:53,046 [main] INFO  server.RaftServerConfigKeys (ConfUtils.java:logGet(43)) - raft.server.log.appender.buffer.byte-limit = 33554432 (custom)
2019-10-09 17:51:53,046 [main] INFO  server.GrpcService (ConfUtils.java:logGet(43)) - raft.grpc.flow.control.window = 1MB (=1048576) (default)
2019-10-09 17:51:53,046 [main] INFO  server.RaftServerConfigKeys (ConfUtils.java:logGet(43)) - raft.server.rpc.request.timeout = 3000ms (default)
2019-10-09 17:51:53,046 [main] INFO  server.RaftServerConfigKeys (ConfUtils.java:logGet(43)) - raft.server.storage.dir = [/workdir/hadoop-ozone/integration-test/target/test-dir/MiniOzoneClusterImpl-401054cd-1d18-4b1d-93f9-f32735cbde25/datanode-3/data/ratis] (custom)
2019-10-09 17:51:53,047 [main] INFO  hdfs.DFSUtil (DFSUtil.java:httpServerTemplateForNNAndJN(1641)) - Starting Web-server for hddsDatanode at: http://0.0.0.0:0
2019-10-09 17:51:53,048 [main] INFO  server.AuthenticationFilter (AuthenticationFilter.java:constructSecretProvider(240)) - Unable to initialize FileSignerSecretProvider, falling back to use random secrets.
2019-10-09 17:51:53,049 [main] WARN  http.HttpRequestLog (HttpRequestLog.java:getRequestLog(97)) - Jetty request log can only be enabled using Log4j
2019-10-09 17:51:53,050 [main] INFO  http.HttpServer2 (HttpServer2.java:addGlobalFilter(975)) - Added global filter 'safety' (class=org.apache.hadoop.http.HttpServer2$QuotingInputFilter)
2019-10-09 17:51:53,050 [main] INFO  http.HttpServer2 (HttpServer2.java:addFilter(948)) - Added filter static_user_filter (class=org.apache.hadoop.http.lib.StaticUserWebFilter$StaticUserFilter) to context hddsDatanode
2019-10-09 17:51:53,050 [main] INFO  http.HttpServer2 (HttpServer2.java:addFilter(958)) - Added filter static_user_filter (class=org.apache.hadoop.http.lib.StaticUserWebFilter$StaticUserFilter) to context logs
2019-10-09 17:51:53,050 [main] INFO  http.HttpServer2 (HttpServer2.java:addFilter(958)) - Added filter static_user_filter (class=org.apache.hadoop.http.lib.StaticUserWebFilter$StaticUserFilter) to context static
2019-10-09 17:51:53,051 [main] INFO  http.HttpServer2 (HttpServer2.java:bindListener(1191)) - Jetty bound to port 36147
2019-10-09 17:51:53,051 [main] INFO  server.Server (Server.java:doStart(351)) - jetty-9.3.25.v20180904, build timestamp: 2018-09-04T21:11:46Z, git hash: 3ce520221d0240229c862b122d2b06c12a625732
2019-10-09 17:51:53,052 [main] INFO  handler.ContextHandler (ContextHandler.java:doStart(781)) - Started o.e.j.s.ServletContextHandler@3e6ec74{/logs,file:///workdir/hadoop-ozone/integration-test/target/log,AVAILABLE}
2019-10-09 17:51:53,053 [main] INFO  handler.ContextHandler (ContextHandler.java:doStart(781)) - Started o.e.j.s.ServletContextHandler@6d7ad0f5{/static,jar:file:/home/user/.m2/repository/org/apache/hadoop/hadoop-hdds-container-service/0.5.0-SNAPSHOT/hadoop-hdds-container-service-0.5.0-SNAPSHOT.jar!/webapps/static,AVAILABLE}
2019-10-09 17:51:53,081 [main] INFO  handler.ContextHandler (ContextHandler.java:doStart(781)) - Started o.e.j.w.WebAppContext@4837f97e{/,file:///tmp/jetty-0.0.0.0-36147-hddsDatanode-_-any-6764374994834484288.dir/webapp/,AVAILABLE}{/hddsDatanode}
2019-10-09 17:51:53,081 [main] INFO  server.AbstractConnector (AbstractConnector.java:doStart(278)) - Started ServerConnector@53314f76{HTTP/1.1,[http/1.1]}{0.0.0.0:36147}
2019-10-09 17:51:53,082 [main] INFO  server.Server (Server.java:doStart(419)) - Started @207403ms
2019-10-09 17:51:53,082 [main] WARN  impl.MetricsSystemImpl (MetricsSystemImpl.java:register(276)) - Sink prometheus already exists!
2019-10-09 17:51:53,083 [main] INFO  server.BaseHttpServer (BaseHttpServer.java:updateConnectorAddress(215)) - HTTP server of HDDSDATANODE is listening at http://0.0.0.0:36147
2019-10-09 17:51:53,083 [main] INFO  impl.MetricsSystemImpl (MetricsSystemImpl.java:init(158)) - HddsDatanode metrics system started (again)
2019-10-09 17:51:53,088 [org.apache.hadoop.util.JvmPauseMonitor$Monitor@2311cb1b] INFO  util.JvmPauseMonitor (JvmPauseMonitor.java:run(188)) - Starting JVM pause monitor
2019-10-09 17:51:53,088 [main] INFO  ozone.HddsDatanodeService (HddsDatanodeService.java:start(184)) - HddsDatanodeService host:pr-hdds-2269-pcp4p-266198477 ip:192.168.5.136
2019-10-09 17:51:53,089 [Datanode State Machine Thread - 0] INFO  datanode.InitDatanodeState (InitDatanodeState.java:persistContainerDatanodeDetails(140)) - DatanodeDetails is persisted to /workdir/hadoop-ozone/integration-test/target/test-dir/MiniOzoneClusterImpl-401054cd-1d18-4b1d-93f9-f32735cbde25/datanode-3/meta/datanode.id
2019-10-09 17:51:53,093 [main] INFO  volume.HddsVolume (HddsVolume.java:<init>(176)) - Creating Volume: /workdir/hadoop-ozone/integration-test/target/test-dir/MiniOzoneClusterImpl-401054cd-1d18-4b1d-93f9-f32735cbde25/datanode-4/data/containers/hdds of  storage type : DISK and capacity : 1482555576320
2019-10-09 17:51:53,094 [main] INFO  volume.VolumeSet (VolumeSet.java:initializeVolumeSet(170)) - Added Volume : /workdir/hadoop-ozone/integration-test/target/test-dir/MiniOzoneClusterImpl-401054cd-1d18-4b1d-93f9-f32735cbde25/datanode-4/data/containers/hdds to VolumeSet
2019-10-09 17:51:53,094 [main] INFO  volume.ThrottledAsyncChecker (ThrottledAsyncChecker.java:schedule(141)) - Scheduling a check for org.apache.hadoop.ozone.container.common.volume.HddsVolume@6459f4ea
2019-10-09 17:51:53,094 [main] INFO  volume.HddsVolumeChecker (HddsVolumeChecker.java:checkAllVolumes(204)) - Scheduled health check for volume org.apache.hadoop.ozone.container.common.volume.HddsVolume@6459f4ea
2019-10-09 17:51:53,107 [main] INFO  impl.RaftServerProxy (ConfUtils.java:logGet(43)) - raft.rpc.type = GRPC (default)
2019-10-09 17:51:53,107 [main] INFO  grpc.GrpcFactory (GrpcFactory.java:checkPooledByteBufAllocatorUseCacheForAllThreads(45)) - PERFORMANCE WARNING: useCacheForAllThreads is true that may cause Netty to create a lot garbage objects and, as a result, trigger GC.
	It is recommended to disable useCacheForAllThreads by setting -Dorg.apache.ratis.thirdparty.io.netty.allocator.useCacheForAllThreads=false in command line.
2019-10-09 17:51:53,107 [main] INFO  grpc.GrpcConfigKeys$Server (ConfUtils.java:logGet(43)) - raft.grpc.server.port = 0 (default)
2019-10-09 17:51:53,107 [main] INFO  server.GrpcService (ConfUtils.java:logGet(43)) - raft.grpc.message.size.max = 33570816 (custom)
2019-10-09 17:51:53,108 [main] INFO  server.RaftServerConfigKeys (ConfUtils.java:logGet(43)) - raft.server.log.appender.buffer.byte-limit = 33554432 (custom)
2019-10-09 17:51:53,108 [main] INFO  server.GrpcService (ConfUtils.java:logGet(43)) - raft.grpc.flow.control.window = 1MB (=1048576) (default)
2019-10-09 17:51:53,108 [main] INFO  server.RaftServerConfigKeys (ConfUtils.java:logGet(43)) - raft.server.rpc.request.timeout = 3000ms (default)
2019-10-09 17:51:53,108 [main] INFO  server.RaftServerConfigKeys (ConfUtils.java:logGet(43)) - raft.server.storage.dir = [/workdir/hadoop-ozone/integration-test/target/test-dir/MiniOzoneClusterImpl-401054cd-1d18-4b1d-93f9-f32735cbde25/datanode-4/data/ratis] (custom)
2019-10-09 17:51:53,109 [main] INFO  hdfs.DFSUtil (DFSUtil.java:httpServerTemplateForNNAndJN(1641)) - Starting Web-server for hddsDatanode at: http://0.0.0.0:0
2019-10-09 17:51:53,111 [main] INFO  server.AuthenticationFilter (AuthenticationFilter.java:constructSecretProvider(240)) - Unable to initialize FileSignerSecretProvider, falling back to use random secrets.
2019-10-09 17:51:53,111 [main] WARN  http.HttpRequestLog (HttpRequestLog.java:getRequestLog(97)) - Jetty request log can only be enabled using Log4j
2019-10-09 17:51:53,112 [main] INFO  http.HttpServer2 (HttpServer2.java:addGlobalFilter(975)) - Added global filter 'safety' (class=org.apache.hadoop.http.HttpServer2$QuotingInputFilter)
2019-10-09 17:51:53,113 [main] INFO  http.HttpServer2 (HttpServer2.java:addFilter(948)) - Added filter static_user_filter (class=org.apache.hadoop.http.lib.StaticUserWebFilter$StaticUserFilter) to context hddsDatanode
2019-10-09 17:51:53,113 [main] INFO  http.HttpServer2 (HttpServer2.java:addFilter(958)) - Added filter static_user_filter (class=org.apache.hadoop.http.lib.StaticUserWebFilter$StaticUserFilter) to context logs
2019-10-09 17:51:53,113 [main] INFO  http.HttpServer2 (HttpServer2.java:addFilter(958)) - Added filter static_user_filter (class=org.apache.hadoop.http.lib.StaticUserWebFilter$StaticUserFilter) to context static
2019-10-09 17:51:53,114 [main] INFO  http.HttpServer2 (HttpServer2.java:bindListener(1191)) - Jetty bound to port 46362
2019-10-09 17:51:53,114 [main] INFO  server.Server (Server.java:doStart(351)) - jetty-9.3.25.v20180904, build timestamp: 2018-09-04T21:11:46Z, git hash: 3ce520221d0240229c862b122d2b06c12a625732
2019-10-09 17:51:53,115 [main] INFO  handler.ContextHandler (ContextHandler.java:doStart(781)) - Started o.e.j.s.ServletContextHandler@7a0ab480{/logs,file:///workdir/hadoop-ozone/integration-test/target/log,AVAILABLE}
2019-10-09 17:51:53,116 [main] INFO  handler.ContextHandler (ContextHandler.java:doStart(781)) - Started o.e.j.s.ServletContextHandler@130cfc47{/static,jar:file:/home/user/.m2/repository/org/apache/hadoop/hadoop-hdds-container-service/0.5.0-SNAPSHOT/hadoop-hdds-container-service-0.5.0-SNAPSHOT.jar!/webapps/static,AVAILABLE}
2019-10-09 17:51:53,144 [main] INFO  handler.ContextHandler (ContextHandler.java:doStart(781)) - Started o.e.j.w.WebAppContext@1332dec4{/,file:///tmp/jetty-0.0.0.0-46362-hddsDatanode-_-any-6842754481336418837.dir/webapp/,AVAILABLE}{/hddsDatanode}
2019-10-09 17:51:53,144 [main] INFO  server.AbstractConnector (AbstractConnector.java:doStart(278)) - Started ServerConnector@544e3679{HTTP/1.1,[http/1.1]}{0.0.0.0:46362}
2019-10-09 17:51:53,146 [main] INFO  server.Server (Server.java:doStart(419)) - Started @207467ms
2019-10-09 17:51:53,146 [main] WARN  impl.MetricsSystemImpl (MetricsSystemImpl.java:register(276)) - Sink prometheus already exists!
2019-10-09 17:51:53,147 [main] INFO  server.BaseHttpServer (BaseHttpServer.java:updateConnectorAddress(215)) - HTTP server of HDDSDATANODE is listening at http://0.0.0.0:46362
2019-10-09 17:51:53,147 [main] INFO  impl.MetricsSystemImpl (MetricsSystemImpl.java:init(158)) - HddsDatanode metrics system started (again)
2019-10-09 17:51:53,152 [org.apache.hadoop.util.JvmPauseMonitor$Monitor@654817d1] INFO  util.JvmPauseMonitor (JvmPauseMonitor.java:run(188)) - Starting JVM pause monitor
2019-10-09 17:51:53,153 [main] INFO  ozone.HddsDatanodeService (HddsDatanodeService.java:start(184)) - HddsDatanodeService host:pr-hdds-2269-pcp4p-266198477 ip:192.168.5.136
2019-10-09 17:51:53,153 [Datanode State Machine Thread - 0] INFO  datanode.InitDatanodeState (InitDatanodeState.java:persistContainerDatanodeDetails(140)) - DatanodeDetails is persisted to /workdir/hadoop-ozone/integration-test/target/test-dir/MiniOzoneClusterImpl-401054cd-1d18-4b1d-93f9-f32735cbde25/datanode-4/meta/datanode.id
2019-10-09 17:51:53,158 [main] INFO  volume.HddsVolume (HddsVolume.java:<init>(176)) - Creating Volume: /workdir/hadoop-ozone/integration-test/target/test-dir/MiniOzoneClusterImpl-401054cd-1d18-4b1d-93f9-f32735cbde25/datanode-5/data/containers/hdds of  storage type : DISK and capacity : 1482555576320
2019-10-09 17:51:53,158 [main] INFO  volume.VolumeSet (VolumeSet.java:initializeVolumeSet(170)) - Added Volume : /workdir/hadoop-ozone/integration-test/target/test-dir/MiniOzoneClusterImpl-401054cd-1d18-4b1d-93f9-f32735cbde25/datanode-5/data/containers/hdds to VolumeSet
2019-10-09 17:51:53,159 [main] INFO  volume.ThrottledAsyncChecker (ThrottledAsyncChecker.java:schedule(141)) - Scheduling a check for org.apache.hadoop.ozone.container.common.volume.HddsVolume@4602f874
2019-10-09 17:51:53,159 [main] INFO  volume.HddsVolumeChecker (HddsVolumeChecker.java:checkAllVolumes(204)) - Scheduled health check for volume org.apache.hadoop.ozone.container.common.volume.HddsVolume@4602f874
2019-10-09 17:51:53,172 [main] INFO  impl.RaftServerProxy (ConfUtils.java:logGet(43)) - raft.rpc.type = GRPC (default)
2019-10-09 17:51:53,173 [main] INFO  grpc.GrpcFactory (GrpcFactory.java:checkPooledByteBufAllocatorUseCacheForAllThreads(45)) - PERFORMANCE WARNING: useCacheForAllThreads is true that may cause Netty to create a lot garbage objects and, as a result, trigger GC.
	It is recommended to disable useCacheForAllThreads by setting -Dorg.apache.ratis.thirdparty.io.netty.allocator.useCacheForAllThreads=false in command line.
2019-10-09 17:51:53,173 [main] INFO  grpc.GrpcConfigKeys$Server (ConfUtils.java:logGet(43)) - raft.grpc.server.port = 0 (default)
2019-10-09 17:51:53,173 [main] INFO  server.GrpcService (ConfUtils.java:logGet(43)) - raft.grpc.message.size.max = 33570816 (custom)
2019-10-09 17:51:53,173 [main] INFO  server.RaftServerConfigKeys (ConfUtils.java:logGet(43)) - raft.server.log.appender.buffer.byte-limit = 33554432 (custom)
2019-10-09 17:51:53,173 [main] INFO  server.GrpcService (ConfUtils.java:logGet(43)) - raft.grpc.flow.control.window = 1MB (=1048576) (default)
2019-10-09 17:51:53,174 [main] INFO  server.RaftServerConfigKeys (ConfUtils.java:logGet(43)) - raft.server.rpc.request.timeout = 3000ms (default)
2019-10-09 17:51:53,174 [main] INFO  server.RaftServerConfigKeys (ConfUtils.java:logGet(43)) - raft.server.storage.dir = [/workdir/hadoop-ozone/integration-test/target/test-dir/MiniOzoneClusterImpl-401054cd-1d18-4b1d-93f9-f32735cbde25/datanode-5/data/ratis] (custom)
2019-10-09 17:51:53,175 [main] INFO  hdfs.DFSUtil (DFSUtil.java:httpServerTemplateForNNAndJN(1641)) - Starting Web-server for hddsDatanode at: http://0.0.0.0:0
2019-10-09 17:51:53,176 [main] INFO  server.AuthenticationFilter (AuthenticationFilter.java:constructSecretProvider(240)) - Unable to initialize FileSignerSecretProvider, falling back to use random secrets.
2019-10-09 17:51:53,177 [main] WARN  http.HttpRequestLog (HttpRequestLog.java:getRequestLog(97)) - Jetty request log can only be enabled using Log4j
2019-10-09 17:51:53,178 [main] INFO  http.HttpServer2 (HttpServer2.java:addGlobalFilter(975)) - Added global filter 'safety' (class=org.apache.hadoop.http.HttpServer2$QuotingInputFilter)
2019-10-09 17:51:53,179 [main] INFO  http.HttpServer2 (HttpServer2.java:addFilter(948)) - Added filter static_user_filter (class=org.apache.hadoop.http.lib.StaticUserWebFilter$StaticUserFilter) to context hddsDatanode
2019-10-09 17:51:53,179 [main] INFO  http.HttpServer2 (HttpServer2.java:addFilter(958)) - Added filter static_user_filter (class=org.apache.hadoop.http.lib.StaticUserWebFilter$StaticUserFilter) to context static
2019-10-09 17:51:53,179 [main] INFO  http.HttpServer2 (HttpServer2.java:addFilter(958)) - Added filter static_user_filter (class=org.apache.hadoop.http.lib.StaticUserWebFilter$StaticUserFilter) to context logs
2019-10-09 17:51:53,179 [main] INFO  http.HttpServer2 (HttpServer2.java:bindListener(1191)) - Jetty bound to port 38683
2019-10-09 17:51:53,180 [main] INFO  server.Server (Server.java:doStart(351)) - jetty-9.3.25.v20180904, build timestamp: 2018-09-04T21:11:46Z, git hash: 3ce520221d0240229c862b122d2b06c12a625732
2019-10-09 17:51:53,181 [main] INFO  handler.ContextHandler (ContextHandler.java:doStart(781)) - Started o.e.j.s.ServletContextHandler@6b4a4e40{/logs,file:///workdir/hadoop-ozone/integration-test/target/log,AVAILABLE}
2019-10-09 17:51:53,181 [main] INFO  handler.ContextHandler (ContextHandler.java:doStart(781)) - Started o.e.j.s.ServletContextHandler@4f664bee{/static,jar:file:/home/user/.m2/repository/org/apache/hadoop/hadoop-hdds-container-service/0.5.0-SNAPSHOT/hadoop-hdds-container-service-0.5.0-SNAPSHOT.jar!/webapps/static,AVAILABLE}
2019-10-09 17:51:53,209 [main] INFO  handler.ContextHandler (ContextHandler.java:doStart(781)) - Started o.e.j.w.WebAppContext@216c22ce{/,file:///tmp/jetty-0.0.0.0-38683-hddsDatanode-_-any-3456581491186324194.dir/webapp/,AVAILABLE}{/hddsDatanode}
2019-10-09 17:51:53,209 [main] INFO  server.AbstractConnector (AbstractConnector.java:doStart(278)) - Started ServerConnector@62f9c790{HTTP/1.1,[http/1.1]}{0.0.0.0:38683}
2019-10-09 17:51:53,211 [main] INFO  server.Server (Server.java:doStart(419)) - Started @207532ms
2019-10-09 17:51:53,211 [main] WARN  impl.MetricsSystemImpl (MetricsSystemImpl.java:register(276)) - Sink prometheus already exists!
2019-10-09 17:51:53,212 [main] INFO  server.BaseHttpServer (BaseHttpServer.java:updateConnectorAddress(215)) - HTTP server of HDDSDATANODE is listening at http://0.0.0.0:38683
2019-10-09 17:51:53,212 [main] INFO  impl.MetricsSystemImpl (MetricsSystemImpl.java:init(158)) - HddsDatanode metrics system started (again)
2019-10-09 17:51:53,217 [org.apache.hadoop.util.JvmPauseMonitor$Monitor@47732df5] INFO  util.JvmPauseMonitor (JvmPauseMonitor.java:run(188)) - Starting JVM pause monitor
2019-10-09 17:51:53,218 [main] INFO  ozone.HddsDatanodeService (HddsDatanodeService.java:start(184)) - HddsDatanodeService host:pr-hdds-2269-pcp4p-266198477 ip:192.168.5.136
2019-10-09 17:51:53,218 [Datanode State Machine Thread - 0] INFO  datanode.InitDatanodeState (InitDatanodeState.java:persistContainerDatanodeDetails(140)) - DatanodeDetails is persisted to /workdir/hadoop-ozone/integration-test/target/test-dir/MiniOzoneClusterImpl-401054cd-1d18-4b1d-93f9-f32735cbde25/datanode-5/meta/datanode.id
2019-10-09 17:51:53,224 [main] INFO  volume.HddsVolume (HddsVolume.java:<init>(176)) - Creating Volume: /workdir/hadoop-ozone/integration-test/target/test-dir/MiniOzoneClusterImpl-401054cd-1d18-4b1d-93f9-f32735cbde25/datanode-6/data/containers/hdds of  storage type : DISK and capacity : 1482555576320
2019-10-09 17:51:53,224 [main] INFO  volume.VolumeSet (VolumeSet.java:initializeVolumeSet(170)) - Added Volume : /workdir/hadoop-ozone/integration-test/target/test-dir/MiniOzoneClusterImpl-401054cd-1d18-4b1d-93f9-f32735cbde25/datanode-6/data/containers/hdds to VolumeSet
2019-10-09 17:51:53,224 [main] INFO  volume.ThrottledAsyncChecker (ThrottledAsyncChecker.java:schedule(141)) - Scheduling a check for org.apache.hadoop.ozone.container.common.volume.HddsVolume@46468f0
2019-10-09 17:51:53,225 [main] INFO  volume.HddsVolumeChecker (HddsVolumeChecker.java:checkAllVolumes(204)) - Scheduled health check for volume org.apache.hadoop.ozone.container.common.volume.HddsVolume@46468f0
2019-10-09 17:51:53,238 [main] INFO  impl.RaftServerProxy (ConfUtils.java:logGet(43)) - raft.rpc.type = GRPC (default)
2019-10-09 17:51:53,239 [main] INFO  grpc.GrpcFactory (GrpcFactory.java:checkPooledByteBufAllocatorUseCacheForAllThreads(45)) - PERFORMANCE WARNING: useCacheForAllThreads is true that may cause Netty to create a lot garbage objects and, as a result, trigger GC.
	It is recommended to disable useCacheForAllThreads by setting -Dorg.apache.ratis.thirdparty.io.netty.allocator.useCacheForAllThreads=false in command line.
2019-10-09 17:51:53,239 [main] INFO  grpc.GrpcConfigKeys$Server (ConfUtils.java:logGet(43)) - raft.grpc.server.port = 0 (default)
2019-10-09 17:51:53,239 [main] INFO  server.GrpcService (ConfUtils.java:logGet(43)) - raft.grpc.message.size.max = 33570816 (custom)
2019-10-09 17:51:53,239 [main] INFO  server.RaftServerConfigKeys (ConfUtils.java:logGet(43)) - raft.server.log.appender.buffer.byte-limit = 33554432 (custom)
2019-10-09 17:51:53,239 [main] INFO  server.GrpcService (ConfUtils.java:logGet(43)) - raft.grpc.flow.control.window = 1MB (=1048576) (default)
2019-10-09 17:51:53,239 [main] INFO  server.RaftServerConfigKeys (ConfUtils.java:logGet(43)) - raft.server.rpc.request.timeout = 3000ms (default)
2019-10-09 17:51:53,240 [main] INFO  server.RaftServerConfigKeys (ConfUtils.java:logGet(43)) - raft.server.storage.dir = [/workdir/hadoop-ozone/integration-test/target/test-dir/MiniOzoneClusterImpl-401054cd-1d18-4b1d-93f9-f32735cbde25/datanode-6/data/ratis] (custom)
2019-10-09 17:51:53,241 [main] INFO  hdfs.DFSUtil (DFSUtil.java:httpServerTemplateForNNAndJN(1641)) - Starting Web-server for hddsDatanode at: http://0.0.0.0:0
2019-10-09 17:51:53,242 [main] INFO  server.AuthenticationFilter (AuthenticationFilter.java:constructSecretProvider(240)) - Unable to initialize FileSignerSecretProvider, falling back to use random secrets.
2019-10-09 17:51:53,242 [main] WARN  http.HttpRequestLog (HttpRequestLog.java:getRequestLog(97)) - Jetty request log can only be enabled using Log4j
2019-10-09 17:51:53,244 [main] INFO  http.HttpServer2 (HttpServer2.java:addGlobalFilter(975)) - Added global filter 'safety' (class=org.apache.hadoop.http.HttpServer2$QuotingInputFilter)
2019-10-09 17:51:53,244 [main] INFO  http.HttpServer2 (HttpServer2.java:addFilter(948)) - Added filter static_user_filter (class=org.apache.hadoop.http.lib.StaticUserWebFilter$StaticUserFilter) to context hddsDatanode
2019-10-09 17:51:53,244 [main] INFO  http.HttpServer2 (HttpServer2.java:addFilter(958)) - Added filter static_user_filter (class=org.apache.hadoop.http.lib.StaticUserWebFilter$StaticUserFilter) to context static
2019-10-09 17:51:53,244 [main] INFO  http.HttpServer2 (HttpServer2.java:addFilter(958)) - Added filter static_user_filter (class=org.apache.hadoop.http.lib.StaticUserWebFilter$StaticUserFilter) to context logs
2019-10-09 17:51:53,245 [main] INFO  http.HttpServer2 (HttpServer2.java:bindListener(1191)) - Jetty bound to port 40620
2019-10-09 17:51:53,245 [main] INFO  server.Server (Server.java:doStart(351)) - jetty-9.3.25.v20180904, build timestamp: 2018-09-04T21:11:46Z, git hash: 3ce520221d0240229c862b122d2b06c12a625732
2019-10-09 17:51:53,246 [main] INFO  handler.ContextHandler (ContextHandler.java:doStart(781)) - Started o.e.j.s.ServletContextHandler@238291d4{/logs,file:///workdir/hadoop-ozone/integration-test/target/log,AVAILABLE}
2019-10-09 17:51:53,247 [main] INFO  handler.ContextHandler (ContextHandler.java:doStart(781)) - Started o.e.j.s.ServletContextHandler@681e913c{/static,jar:file:/home/user/.m2/repository/org/apache/hadoop/hadoop-hdds-container-service/0.5.0-SNAPSHOT/hadoop-hdds-container-service-0.5.0-SNAPSHOT.jar!/webapps/static,AVAILABLE}
2019-10-09 17:51:53,275 [main] INFO  handler.ContextHandler (ContextHandler.java:doStart(781)) - Started o.e.j.w.WebAppContext@68e2d03e{/,file:///tmp/jetty-0.0.0.0-40620-hddsDatanode-_-any-2595964499764205217.dir/webapp/,AVAILABLE}{/hddsDatanode}
2019-10-09 17:51:53,275 [main] INFO  server.AbstractConnector (AbstractConnector.java:doStart(278)) - Started ServerConnector@120aa40b{HTTP/1.1,[http/1.1]}{0.0.0.0:40620}
2019-10-09 17:51:53,277 [main] INFO  server.Server (Server.java:doStart(419)) - Started @207598ms
2019-10-09 17:51:53,277 [main] WARN  impl.MetricsSystemImpl (MetricsSystemImpl.java:register(276)) - Sink prometheus already exists!
2019-10-09 17:51:53,278 [main] INFO  server.BaseHttpServer (BaseHttpServer.java:updateConnectorAddress(215)) - HTTP server of HDDSDATANODE is listening at http://0.0.0.0:40620
2019-10-09 17:51:53,278 [main] INFO  ozone.MiniOzoneClusterImpl (MiniOzoneClusterImpl.java:lambda$waitForClusterToBeReady$0(147)) - Waiting for cluster to be ready. Got 0 of 7 DN Heartbeats.
2019-10-09 17:51:53,279 [org.apache.hadoop.util.JvmPauseMonitor$Monitor@1aa3135a] INFO  util.JvmPauseMonitor (JvmPauseMonitor.java:run(188)) - Starting JVM pause monitor
2019-10-09 17:51:53,280 [Datanode State Machine Thread - 0] INFO  datanode.InitDatanodeState (InitDatanodeState.java:persistContainerDatanodeDetails(140)) - DatanodeDetails is persisted to /workdir/hadoop-ozone/integration-test/target/test-dir/MiniOzoneClusterImpl-401054cd-1d18-4b1d-93f9-f32735cbde25/datanode-6/meta/datanode.id
2019-10-09 17:51:54,278 [main] INFO  ozone.MiniOzoneClusterImpl (MiniOzoneClusterImpl.java:lambda$waitForClusterToBeReady$0(147)) - Waiting for cluster to be ready. Got 0 of 7 DN Heartbeats.
2019-10-09 17:51:54,944 [Datanode State Machine Thread - 0] INFO  ozoneimpl.OzoneContainer (OzoneContainer.java:start(213)) - Attempting to start container services.
2019-10-09 17:51:54,945 [Datanode State Machine Thread - 0] INFO  ozoneimpl.OzoneContainer (OzoneContainer.java:startContainerScrub(177)) - Background container scanner has been disabled.
2019-10-09 17:51:54,945 [Datanode State Machine Thread - 0] INFO  ratis.XceiverServerRatis (XceiverServerRatis.java:start(418)) - Starting XceiverServerRatis a4779c12-69d4-4447-ac01-f06068601461 at port 0
2019-10-09 17:51:54,951 [Datanode State Machine Thread - 0] INFO  impl.RaftServerProxy (RaftServerProxy.java:lambda$start$3(299)) - a4779c12-69d4-4447-ac01-f06068601461: start RPC server
2019-10-09 17:51:54,958 [Datanode State Machine Thread - 0] INFO  server.GrpcService (GrpcService.java:startImpl(158)) - a4779c12-69d4-4447-ac01-f06068601461: GrpcService started, listening on 0.0.0.0/0.0.0.0:39292
2019-10-09 17:51:54,958 [Datanode State Machine Thread - 0] INFO  ratis.XceiverServerRatis (XceiverServerRatis.java:start(428)) - XceiverServerRatis a4779c12-69d4-4447-ac01-f06068601461 is started using port 39292
2019-10-09 17:51:54,958 [Datanode State Machine Thread - 0] INFO  server.XceiverServerGrpc (XceiverServerGrpc.java:start(149)) - XceiverServerGrpc a4779c12-69d4-4447-ac01-f06068601461 is started using port 35776
2019-10-09 17:51:54,981 [Datanode State Machine Thread - 0] INFO  ozoneimpl.OzoneContainer (OzoneContainer.java:start(213)) - Attempting to start container services.
2019-10-09 17:51:54,981 [Datanode State Machine Thread - 0] INFO  ozoneimpl.OzoneContainer (OzoneContainer.java:startContainerScrub(177)) - Background container scanner has been disabled.
2019-10-09 17:51:54,981 [Datanode State Machine Thread - 0] INFO  ratis.XceiverServerRatis (XceiverServerRatis.java:start(418)) - Starting XceiverServerRatis 3a40b363-5807-4d74-a183-1fafd9e79a84 at port 0
2019-10-09 17:51:54,988 [Datanode State Machine Thread - 0] INFO  impl.RaftServerProxy (RaftServerProxy.java:lambda$start$3(299)) - 3a40b363-5807-4d74-a183-1fafd9e79a84: start RPC server
2019-10-09 17:51:54,988 [Datanode State Machine Thread - 0] INFO  server.GrpcService (GrpcService.java:startImpl(158)) - 3a40b363-5807-4d74-a183-1fafd9e79a84: GrpcService started, listening on 0.0.0.0/0.0.0.0:42974
2019-10-09 17:51:54,988 [Datanode State Machine Thread - 0] INFO  ratis.XceiverServerRatis (XceiverServerRatis.java:start(428)) - XceiverServerRatis 3a40b363-5807-4d74-a183-1fafd9e79a84 is started using port 42974
2019-10-09 17:51:54,991 [Datanode State Machine Thread - 0] INFO  server.XceiverServerGrpc (XceiverServerGrpc.java:start(149)) - XceiverServerGrpc 3a40b363-5807-4d74-a183-1fafd9e79a84 is started using port 45684
2019-10-09 17:51:55,039 [Datanode State Machine Thread - 0] INFO  ozoneimpl.OzoneContainer (OzoneContainer.java:start(213)) - Attempting to start container services.
2019-10-09 17:51:55,039 [Datanode State Machine Thread - 0] INFO  ozoneimpl.OzoneContainer (OzoneContainer.java:startContainerScrub(177)) - Background container scanner has been disabled.
2019-10-09 17:51:55,040 [Datanode State Machine Thread - 0] INFO  ratis.XceiverServerRatis (XceiverServerRatis.java:start(418)) - Starting XceiverServerRatis 4f91e352-ef5d-4d2d-b049-57e26593e8c3 at port 0
2019-10-09 17:51:55,046 [Datanode State Machine Thread - 0] INFO  impl.RaftServerProxy (RaftServerProxy.java:lambda$start$3(299)) - 4f91e352-ef5d-4d2d-b049-57e26593e8c3: start RPC server
2019-10-09 17:51:55,046 [Datanode State Machine Thread - 0] INFO  server.GrpcService (GrpcService.java:startImpl(158)) - 4f91e352-ef5d-4d2d-b049-57e26593e8c3: GrpcService started, listening on 0.0.0.0/0.0.0.0:38493
2019-10-09 17:51:55,047 [Datanode State Machine Thread - 0] INFO  ratis.XceiverServerRatis (XceiverServerRatis.java:start(428)) - XceiverServerRatis 4f91e352-ef5d-4d2d-b049-57e26593e8c3 is started using port 38493
2019-10-09 17:51:55,049 [Datanode State Machine Thread - 0] INFO  server.XceiverServerGrpc (XceiverServerGrpc.java:start(149)) - XceiverServerGrpc 4f91e352-ef5d-4d2d-b049-57e26593e8c3 is started using port 45692
2019-10-09 17:51:55,102 [Datanode State Machine Thread - 0] INFO  ozoneimpl.OzoneContainer (OzoneContainer.java:start(213)) - Attempting to start container services.
2019-10-09 17:51:55,103 [Datanode State Machine Thread - 0] INFO  ozoneimpl.OzoneContainer (OzoneContainer.java:startContainerScrub(177)) - Background container scanner has been disabled.
2019-10-09 17:51:55,103 [Datanode State Machine Thread - 0] INFO  ratis.XceiverServerRatis (XceiverServerRatis.java:start(418)) - Starting XceiverServerRatis bed22c07-2a87-46f9-b28c-6f490a890e0f at port 0
2019-10-09 17:51:55,108 [Datanode State Machine Thread - 0] INFO  impl.RaftServerProxy (RaftServerProxy.java:lambda$start$3(299)) - bed22c07-2a87-46f9-b28c-6f490a890e0f: start RPC server
2019-10-09 17:51:55,109 [Datanode State Machine Thread - 0] INFO  server.GrpcService (GrpcService.java:startImpl(158)) - bed22c07-2a87-46f9-b28c-6f490a890e0f: GrpcService started, listening on 0.0.0.0/0.0.0.0:34244
2019-10-09 17:51:55,109 [Datanode State Machine Thread - 0] INFO  ratis.XceiverServerRatis (XceiverServerRatis.java:start(428)) - XceiverServerRatis bed22c07-2a87-46f9-b28c-6f490a890e0f is started using port 34244
2019-10-09 17:51:55,109 [Datanode State Machine Thread - 0] INFO  server.XceiverServerGrpc (XceiverServerGrpc.java:start(149)) - XceiverServerGrpc bed22c07-2a87-46f9-b28c-6f490a890e0f is started using port 32778
2019-10-09 17:51:55,167 [Datanode State Machine Thread - 0] INFO  ozoneimpl.OzoneContainer (OzoneContainer.java:start(213)) - Attempting to start container services.
2019-10-09 17:51:55,167 [Datanode State Machine Thread - 0] INFO  ozoneimpl.OzoneContainer (OzoneContainer.java:startContainerScrub(177)) - Background container scanner has been disabled.
2019-10-09 17:51:55,167 [Datanode State Machine Thread - 0] INFO  ratis.XceiverServerRatis (XceiverServerRatis.java:start(418)) - Starting XceiverServerRatis 8271a63f-a8ec-4e77-85a9-5f7807dea002 at port 0
2019-10-09 17:51:55,173 [Datanode State Machine Thread - 0] INFO  impl.RaftServerProxy (RaftServerProxy.java:lambda$start$3(299)) - 8271a63f-a8ec-4e77-85a9-5f7807dea002: start RPC server
2019-10-09 17:51:55,174 [Datanode State Machine Thread - 0] INFO  server.GrpcService (GrpcService.java:startImpl(158)) - 8271a63f-a8ec-4e77-85a9-5f7807dea002: GrpcService started, listening on 0.0.0.0/0.0.0.0:39774
2019-10-09 17:51:55,174 [Datanode State Machine Thread - 0] INFO  ratis.XceiverServerRatis (XceiverServerRatis.java:start(428)) - XceiverServerRatis 8271a63f-a8ec-4e77-85a9-5f7807dea002 is started using port 39774
2019-10-09 17:51:55,175 [Datanode State Machine Thread - 0] INFO  server.XceiverServerGrpc (XceiverServerGrpc.java:start(149)) - XceiverServerGrpc 8271a63f-a8ec-4e77-85a9-5f7807dea002 is started using port 34545
2019-10-09 17:51:55,239 [Datanode State Machine Thread - 0] INFO  ozoneimpl.OzoneContainer (OzoneContainer.java:start(213)) - Attempting to start container services.
2019-10-09 17:51:55,239 [Datanode State Machine Thread - 0] INFO  ozoneimpl.OzoneContainer (OzoneContainer.java:startContainerScrub(177)) - Background container scanner has been disabled.
2019-10-09 17:51:55,239 [Datanode State Machine Thread - 0] INFO  ratis.XceiverServerRatis (XceiverServerRatis.java:start(418)) - Starting XceiverServerRatis cf784504-f4eb-4893-a89f-4f27ba959ccd at port 0
2019-10-09 17:51:55,245 [Datanode State Machine Thread - 0] INFO  impl.RaftServerProxy (RaftServerProxy.java:lambda$start$3(299)) - cf784504-f4eb-4893-a89f-4f27ba959ccd: start RPC server
2019-10-09 17:51:55,248 [Datanode State Machine Thread - 0] INFO  server.GrpcService (GrpcService.java:startImpl(158)) - cf784504-f4eb-4893-a89f-4f27ba959ccd: GrpcService started, listening on 0.0.0.0/0.0.0.0:34698
2019-10-09 17:51:55,248 [Datanode State Machine Thread - 0] INFO  ratis.XceiverServerRatis (XceiverServerRatis.java:start(428)) - XceiverServerRatis cf784504-f4eb-4893-a89f-4f27ba959ccd is started using port 34698
2019-10-09 17:51:55,251 [Datanode State Machine Thread - 0] INFO  server.XceiverServerGrpc (XceiverServerGrpc.java:start(149)) - XceiverServerGrpc cf784504-f4eb-4893-a89f-4f27ba959ccd is started using port 37932
2019-10-09 17:51:55,279 [main] INFO  ozone.MiniOzoneClusterImpl (MiniOzoneClusterImpl.java:lambda$waitForClusterToBeReady$0(147)) - Waiting for cluster to be ready. Got 0 of 7 DN Heartbeats.
2019-10-09 17:51:55,294 [Datanode State Machine Thread - 0] INFO  ozoneimpl.OzoneContainer (OzoneContainer.java:start(213)) - Attempting to start container services.
2019-10-09 17:51:55,294 [Datanode State Machine Thread - 0] INFO  ozoneimpl.OzoneContainer (OzoneContainer.java:startContainerScrub(177)) - Background container scanner has been disabled.
2019-10-09 17:51:55,294 [Datanode State Machine Thread - 0] INFO  ratis.XceiverServerRatis (XceiverServerRatis.java:start(418)) - Starting XceiverServerRatis f2c3255d-cfd3-4033-ac4e-dd725c0d9f29 at port 0
2019-10-09 17:51:55,300 [Datanode State Machine Thread - 0] INFO  impl.RaftServerProxy (RaftServerProxy.java:lambda$start$3(299)) - f2c3255d-cfd3-4033-ac4e-dd725c0d9f29: start RPC server
2019-10-09 17:51:55,300 [Datanode State Machine Thread - 0] INFO  server.GrpcService (GrpcService.java:startImpl(158)) - f2c3255d-cfd3-4033-ac4e-dd725c0d9f29: GrpcService started, listening on 0.0.0.0/0.0.0.0:35742
2019-10-09 17:51:55,301 [Datanode State Machine Thread - 0] INFO  ratis.XceiverServerRatis (XceiverServerRatis.java:start(428)) - XceiverServerRatis f2c3255d-cfd3-4033-ac4e-dd725c0d9f29 is started using port 35742
2019-10-09 17:51:55,303 [Datanode State Machine Thread - 0] INFO  server.XceiverServerGrpc (XceiverServerGrpc.java:start(149)) - XceiverServerGrpc f2c3255d-cfd3-4033-ac4e-dd725c0d9f29 is started using port 34371
2019-10-09 17:51:56,279 [main] INFO  ozone.MiniOzoneClusterImpl (MiniOzoneClusterImpl.java:lambda$waitForClusterToBeReady$0(147)) - Waiting for cluster to be ready. Got 0 of 7 DN Heartbeats.
2019-10-09 17:51:56,905 [IPC Server handler 1 on 45178] INFO  net.NetworkTopology (NetworkTopologyImpl.java:add(111)) - Added a new node: /default-rack/a4779c12-69d4-4447-ac01-f06068601461
2019-10-09 17:51:56,908 [IPC Server handler 1 on 45178] INFO  node.SCMNodeManager (SCMNodeManager.java:register(268)) - Registered Data node : a4779c12-69d4-4447-ac01-f06068601461{ip: 192.168.5.136, host: pr-hdds-2269-pcp4p-266198477, networkLocation: /default-rack, certSerialId: null}
2019-10-09 17:51:56,909 [EventQueue-NodeRegistrationContainerReportForDataNodeSafeModeRule] INFO  safemode.SCMSafeModeManager (DataNodeSafeModeRule.java:process(71)) - SCM in safe mode. 1 DataNodes registered, 1 required.
2019-10-09 17:51:56,911 [EventQueue-NodeRegistrationContainerReportForDataNodeSafeModeRule] INFO  safemode.SCMSafeModeManager (SCMSafeModeManager.java:validateSafeModeExitRules(177)) - ScmSafeModeManager, all rules are successfully validated
2019-10-09 17:51:56,911 [EventQueue-NodeRegistrationContainerReportForDataNodeSafeModeRule] INFO  safemode.SCMSafeModeManager (SCMSafeModeManager.java:exitSafeMode(193)) - SCM exiting safe mode.
2019-10-09 17:51:56,924 [grpc-default-executor-2] INFO  impl.RaftServerProxy (RaftServerProxy.java:addNew(89)) - a4779c12-69d4-4447-ac01-f06068601461: addNew group-16ACFF9BB8F2:[a4779c12-69d4-4447-ac01-f06068601461:192.168.5.136:39292] returns group-16ACFF9BB8F2:java.util.concurrent.CompletableFuture@392c78b1[Not completed]
2019-10-09 17:51:56,927 [pool-383-thread-1] INFO  impl.RaftServerImpl (RaftServerImpl.java:<init>(95)) - a4779c12-69d4-4447-ac01-f06068601461: new RaftServerImpl for group-16ACFF9BB8F2:[a4779c12-69d4-4447-ac01-f06068601461:192.168.5.136:39292] with ContainerStateMachine:uninitialized
2019-10-09 17:51:56,927 [pool-383-thread-1] INFO  server.RaftServerConfigKeys (ConfUtils.java:logGet(43)) - raft.server.rpc.timeout.min = 5s (custom)
2019-10-09 17:51:56,927 [pool-383-thread-1] INFO  server.RaftServerConfigKeys (ConfUtils.java:logGet(43)) - raft.server.rpc.timeout.max = 5200ms (custom)
2019-10-09 17:51:56,927 [pool-383-thread-1] INFO  server.RaftServerConfigKeys (ConfUtils.java:logGet(43)) - raft.server.rpcslowness.timeout = 120s (custom)
2019-10-09 17:51:56,927 [pool-383-thread-1] INFO  server.RaftServerConfigKeys (ConfUtils.java:logGet(43)) - raft.server.sleep.deviation.threshold = 300 (default)
2019-10-09 17:51:56,927 [pool-383-thread-1] INFO  server.RaftServerConfigKeys (ConfUtils.java:logGet(43)) - raft.server.log.appender.install.snapshot.enabled = false (custom)
2019-10-09 17:51:56,928 [pool-383-thread-1] INFO  impl.RaftServerImpl (ServerState.java:<init>(103)) - a4779c12-69d4-4447-ac01-f06068601461@group-16ACFF9BB8F2: ConfigurationManager, init=-1: [a4779c12-69d4-4447-ac01-f06068601461:192.168.5.136:39292], old=null, confs=<EMPTY_MAP>
2019-10-09 17:51:56,928 [pool-383-thread-1] INFO  server.RaftServerConfigKeys (ConfUtils.java:logGet(43)) - raft.server.storage.dir = [/workdir/hadoop-ozone/integration-test/target/test-dir/MiniOzoneClusterImpl-401054cd-1d18-4b1d-93f9-f32735cbde25/datanode-0/data/ratis] (custom)
2019-10-09 17:51:56,929 [pool-383-thread-1] INFO  server.RaftServerConfigKeys (ConfUtils.java:logGet(43)) - raft.server.log.corruption.policy = EXCEPTION (default)
2019-10-09 17:51:56,929 [pool-383-thread-1] INFO  storage.RaftStorageDirectory (RaftStorageDirectory.java:analyzeStorage(246)) - The storage directory /workdir/hadoop-ozone/integration-test/target/test-dir/MiniOzoneClusterImpl-401054cd-1d18-4b1d-93f9-f32735cbde25/datanode-0/data/ratis/552b2155-e887-4774-bc92-16acff9bb8f2 does not exist. Creating ...
2019-10-09 17:51:56,941 [pool-383-thread-1] INFO  storage.RaftStorageDirectory (RaftStorageDirectory.java:tryLock(328)) - Lock on /workdir/hadoop-ozone/integration-test/target/test-dir/MiniOzoneClusterImpl-401054cd-1d18-4b1d-93f9-f32735cbde25/datanode-0/data/ratis/552b2155-e887-4774-bc92-16acff9bb8f2/in_use.lock acquired by nodename 23917@pr-hdds-2269-pcp4p-266198477
2019-10-09 17:51:56,954 [pool-383-thread-1] INFO  storage.RaftStorage (RaftStorage.java:format(84)) - Storage directory /workdir/hadoop-ozone/integration-test/target/test-dir/MiniOzoneClusterImpl-401054cd-1d18-4b1d-93f9-f32735cbde25/datanode-0/data/ratis/552b2155-e887-4774-bc92-16acff9bb8f2 has been successfully formatted.
2019-10-09 17:51:56,955 [pool-383-thread-1] INFO  ratis.ContainerStateMachine (ContainerStateMachine.java:loadSnapshot(231)) - group-16ACFF9BB8F2: The snapshot info is null. Setting the last applied indexto:(t:0, i:~)
2019-10-09 17:51:56,955 [pool-383-thread-1] INFO  server.RaftServerConfigKeys (ConfUtils.java:logGet(43)) - raft.server.notification.no-leader.timeout = 120s (custom)
2019-10-09 17:51:56,955 [pool-383-thread-1] INFO  server.RaftServerConfigKeys (ConfUtils.java:logGet(43)) - raft.server.log.use.memory = false (default)
2019-10-09 17:51:56,955 [pool-383-thread-1] INFO  server.RaftServerConfigKeys (ConfUtils.java:logGet(43)) - raft.server.log.purge.gap = 1000000 (custom)
2019-10-09 17:51:56,955 [pool-383-thread-1] INFO  server.RaftServerConfigKeys (ConfUtils.java:logGet(43)) - raft.server.log.appender.buffer.byte-limit = 33554432 (custom)
2019-10-09 17:51:56,956 [pool-383-thread-1] INFO  server.RaftServerConfigKeys (ConfUtils.java:logGet(43)) - raft.server.log.segment.size.max = 1048576 (custom)
2019-10-09 17:51:56,958 [pool-383-thread-1] INFO  server.RaftServerConfigKeys (ConfUtils.java:logGet(43)) - raft.server.log.segment.cache.num.max = 2 (custom)
2019-10-09 17:51:56,958 [pool-383-thread-1] INFO  segmented.SegmentedRaftLogWorker (SegmentedRaftLogWorker.java:<init>(173)) - new a4779c12-69d4-4447-ac01-f06068601461@group-16ACFF9BB8F2-SegmentedRaftLogWorker for RaftStorage:Storage Directory /workdir/hadoop-ozone/integration-test/target/test-dir/MiniOzoneClusterImpl-401054cd-1d18-4b1d-93f9-f32735cbde25/datanode-0/data/ratis/552b2155-e887-4774-bc92-16acff9bb8f2
2019-10-09 17:51:56,959 [pool-383-thread-1] INFO  server.RaftServerConfigKeys (ConfUtils.java:logGet(43)) - raft.server.log.queue.byte-limit = 2147483647 (custom)
2019-10-09 17:51:56,959 [pool-383-thread-1] INFO  server.RaftServerConfigKeys (ConfUtils.java:logGet(43)) - raft.server.log.queue.element-limit = 1024 (custom)
2019-10-09 17:51:56,959 [pool-383-thread-1] INFO  server.RaftServerConfigKeys (ConfUtils.java:logGet(43)) - raft.server.log.segment.size.max = 1048576 (custom)
2019-10-09 17:51:56,959 [pool-383-thread-1] INFO  server.RaftServerConfigKeys (ConfUtils.java:logGet(43)) - raft.server.log.preallocated.size = 16384 (custom)
2019-10-09 17:51:56,959 [pool-383-thread-1] INFO  server.RaftServerConfigKeys (ConfUtils.java:logGet(43)) - raft.server.log.write.buffer.size = 33554432 (custom)
2019-10-09 17:51:56,959 [pool-383-thread-1] INFO  server.RaftServerConfigKeys (ConfUtils.java:logGet(43)) - raft.server.log.force.sync.num = 128 (default)
2019-10-09 17:51:56,960 [pool-383-thread-1] INFO  server.RaftServerConfigKeys (ConfUtils.java:logGet(43)) - raft.server.log.statemachine.data.sync = true (default)
2019-10-09 17:51:56,960 [pool-383-thread-1] INFO  server.RaftServerConfigKeys (ConfUtils.java:logGet(43)) - raft.server.log.statemachine.data.sync.timeout = 10s (default)
2019-10-09 17:51:56,960 [pool-383-thread-1] INFO  server.RaftServerConfigKeys (ConfUtils.java:logGet(43)) - raft.server.log.statemachine.data.sync.timeout.retry = -1 (default)
2019-10-09 17:51:56,960 [pool-383-thread-1] INFO  server.RaftServerConfigKeys (ConfUtils.java:logGet(43)) - raft.server.log.statemachine.data.caching.enabled = true (custom)
2019-10-09 17:51:56,961 [pool-383-thread-1] INFO  segmented.SegmentedRaftLogWorker (SegmentedRaftLogWorker.java:lambda$new$0(128)) - a4779c12-69d4-4447-ac01-f06068601461@group-16ACFF9BB8F2-SegmentedRaftLogWorker: flushIndex: setUnconditionally 0 -> -1
2019-10-09 17:51:56,961 [pool-383-thread-1] INFO  server.RaftServerConfigKeys (ConfUtils.java:logGet(43)) - raft.server.snapshot.auto.trigger.enabled = true (custom)
2019-10-09 17:51:56,962 [pool-383-thread-1] INFO  server.RaftServerConfigKeys (ConfUtils.java:logGet(43)) - raft.server.snapshot.auto.trigger.threshold = 10000 (custom)
2019-10-09 17:51:56,962 [pool-383-thread-1] INFO  server.RaftServerConfigKeys (ConfUtils.java:logGet(43)) - raft.server.snapshot.retention.file.num = 5 (custom)
2019-10-09 17:51:56,962 [pool-383-thread-1] INFO  server.RaftServerConfigKeys (ConfUtils.java:logGet(43)) - raft.server.retrycache.expirytime = 600000ms (custom)
2019-10-09 17:51:56,964 [pool-383-thread-1] INFO  impl.RaftServerImpl (RaftServerImpl.java:start(181)) - a4779c12-69d4-4447-ac01-f06068601461@group-16ACFF9BB8F2: start as a follower, conf=-1: [a4779c12-69d4-4447-ac01-f06068601461:192.168.5.136:39292], old=null
2019-10-09 17:51:56,964 [pool-383-thread-1] INFO  impl.RaftServerImpl (RaftServerImpl.java:setRole(170)) - a4779c12-69d4-4447-ac01-f06068601461@group-16ACFF9BB8F2: changes role from      null to FOLLOWER at term 0 for startAsFollower
2019-10-09 17:51:56,964 [pool-383-thread-1] INFO  impl.RoleInfo (RoleInfo.java:updateAndGet(143)) - a4779c12-69d4-4447-ac01-f06068601461: start FollowerState
2019-10-09 17:51:56,965 [pool-383-thread-1] INFO  util.JmxRegister (JmxRegister.java:tryRegister(44)) - Successfully registered JMX Bean with object name Ratis:service=RaftServer,group=group-16ACFF9BB8F2,id=a4779c12-69d4-4447-ac01-f06068601461
2019-10-09 17:51:56,965 [IPC Server handler 2 on 45178] INFO  net.NetworkTopology (NetworkTopologyImpl.java:add(111)) - Added a new node: /default-rack/3a40b363-5807-4d74-a183-1fafd9e79a84
2019-10-09 17:51:56,966 [IPC Server handler 2 on 45178] INFO  node.SCMNodeManager (SCMNodeManager.java:register(268)) - Registered Data node : 3a40b363-5807-4d74-a183-1fafd9e79a84{ip: 192.168.5.136, host: pr-hdds-2269-pcp4p-266198477, networkLocation: /default-rack, certSerialId: null}
2019-10-09 17:51:56,970 [RatisPipelineUtilsThread] INFO  pipeline.PipelineStateManager (PipelineStateManager.java:addPipeline(56)) - Created pipeline Pipeline[ Id: 552b2155-e887-4774-bc92-16acff9bb8f2, Nodes: a4779c12-69d4-4447-ac01-f06068601461{ip: 192.168.5.136, host: pr-hdds-2269-pcp4p-266198477, networkLocation: /default-rack, certSerialId: null}, Type:RATIS, Factor:ONE, State:OPEN]
2019-10-09 17:51:56,978 [grpc-default-executor-2] INFO  impl.RaftServerProxy (RaftServerProxy.java:addNew(89)) - 3a40b363-5807-4d74-a183-1fafd9e79a84: addNew group-5FD004A3783E:[3a40b363-5807-4d74-a183-1fafd9e79a84:192.168.5.136:42974] returns group-5FD004A3783E:java.util.concurrent.CompletableFuture@7f9da9d[Not completed]
2019-10-09 17:51:56,979 [pool-393-thread-1] INFO  impl.RaftServerImpl (RaftServerImpl.java:<init>(95)) - 3a40b363-5807-4d74-a183-1fafd9e79a84: new RaftServerImpl for group-5FD004A3783E:[3a40b363-5807-4d74-a183-1fafd9e79a84:192.168.5.136:42974] with ContainerStateMachine:uninitialized
2019-10-09 17:51:56,979 [pool-393-thread-1] INFO  server.RaftServerConfigKeys (ConfUtils.java:logGet(43)) - raft.server.rpc.timeout.min = 5s (custom)
2019-10-09 17:51:56,979 [pool-393-thread-1] INFO  server.RaftServerConfigKeys (ConfUtils.java:logGet(43)) - raft.server.rpc.timeout.max = 5200ms (custom)
2019-10-09 17:51:56,980 [pool-393-thread-1] INFO  server.RaftServerConfigKeys (ConfUtils.java:logGet(43)) - raft.server.rpcslowness.timeout = 120s (custom)
2019-10-09 17:51:56,980 [pool-393-thread-1] INFO  server.RaftServerConfigKeys (ConfUtils.java:logGet(43)) - raft.server.sleep.deviation.threshold = 300 (default)
2019-10-09 17:51:56,980 [pool-393-thread-1] INFO  server.RaftServerConfigKeys (ConfUtils.java:logGet(43)) - raft.server.log.appender.install.snapshot.enabled = false (custom)
2019-10-09 17:51:56,980 [pool-393-thread-1] INFO  impl.RaftServerImpl (ServerState.java:<init>(103)) - 3a40b363-5807-4d74-a183-1fafd9e79a84@group-5FD004A3783E: ConfigurationManager, init=-1: [3a40b363-5807-4d74-a183-1fafd9e79a84:192.168.5.136:42974], old=null, confs=<EMPTY_MAP>
2019-10-09 17:51:56,980 [pool-393-thread-1] INFO  server.RaftServerConfigKeys (ConfUtils.java:logGet(43)) - raft.server.storage.dir = [/workdir/hadoop-ozone/integration-test/target/test-dir/MiniOzoneClusterImpl-401054cd-1d18-4b1d-93f9-f32735cbde25/datanode-1/data/ratis] (custom)
2019-10-09 17:51:56,981 [pool-393-thread-1] INFO  server.RaftServerConfigKeys (ConfUtils.java:logGet(43)) - raft.server.log.corruption.policy = EXCEPTION (default)
2019-10-09 17:51:56,981 [pool-393-thread-1] INFO  storage.RaftStorageDirectory (RaftStorageDirectory.java:analyzeStorage(246)) - The storage directory /workdir/hadoop-ozone/integration-test/target/test-dir/MiniOzoneClusterImpl-401054cd-1d18-4b1d-93f9-f32735cbde25/datanode-1/data/ratis/e8f444c2-97be-48ee-b436-5fd004a3783e does not exist. Creating ...
2019-10-09 17:51:56,994 [pool-393-thread-1] INFO  storage.RaftStorageDirectory (RaftStorageDirectory.java:tryLock(328)) - Lock on /workdir/hadoop-ozone/integration-test/target/test-dir/MiniOzoneClusterImpl-401054cd-1d18-4b1d-93f9-f32735cbde25/datanode-1/data/ratis/e8f444c2-97be-48ee-b436-5fd004a3783e/in_use.lock acquired by nodename 23917@pr-hdds-2269-pcp4p-266198477
2019-10-09 17:51:57,006 [pool-393-thread-1] INFO  storage.RaftStorage (RaftStorage.java:format(84)) - Storage directory /workdir/hadoop-ozone/integration-test/target/test-dir/MiniOzoneClusterImpl-401054cd-1d18-4b1d-93f9-f32735cbde25/datanode-1/data/ratis/e8f444c2-97be-48ee-b436-5fd004a3783e has been successfully formatted.
2019-10-09 17:51:57,007 [pool-393-thread-1] INFO  ratis.ContainerStateMachine (ContainerStateMachine.java:loadSnapshot(231)) - group-5FD004A3783E: The snapshot info is null. Setting the last applied indexto:(t:0, i:~)
2019-10-09 17:51:57,007 [pool-393-thread-1] INFO  server.RaftServerConfigKeys (ConfUtils.java:logGet(43)) - raft.server.notification.no-leader.timeout = 120s (custom)
2019-10-09 17:51:57,007 [pool-393-thread-1] INFO  server.RaftServerConfigKeys (ConfUtils.java:logGet(43)) - raft.server.log.use.memory = false (default)
2019-10-09 17:51:57,007 [pool-393-thread-1] INFO  server.RaftServerConfigKeys (ConfUtils.java:logGet(43)) - raft.server.log.purge.gap = 1000000 (custom)
2019-10-09 17:51:57,007 [pool-393-thread-1] INFO  server.RaftServerConfigKeys (ConfUtils.java:logGet(43)) - raft.server.log.appender.buffer.byte-limit = 33554432 (custom)
2019-10-09 17:51:57,007 [pool-393-thread-1] INFO  server.RaftServerConfigKeys (ConfUtils.java:logGet(43)) - raft.server.log.segment.size.max = 1048576 (custom)
2019-10-09 17:51:57,009 [pool-393-thread-1] INFO  server.RaftServerConfigKeys (ConfUtils.java:logGet(43)) - raft.server.log.segment.cache.num.max = 2 (custom)
2019-10-09 17:51:57,009 [pool-393-thread-1] INFO  segmented.SegmentedRaftLogWorker (SegmentedRaftLogWorker.java:<init>(173)) - new 3a40b363-5807-4d74-a183-1fafd9e79a84@group-5FD004A3783E-SegmentedRaftLogWorker for RaftStorage:Storage Directory /workdir/hadoop-ozone/integration-test/target/test-dir/MiniOzoneClusterImpl-401054cd-1d18-4b1d-93f9-f32735cbde25/datanode-1/data/ratis/e8f444c2-97be-48ee-b436-5fd004a3783e
2019-10-09 17:51:57,009 [pool-393-thread-1] INFO  server.RaftServerConfigKeys (ConfUtils.java:logGet(43)) - raft.server.log.queue.byte-limit = 2147483647 (custom)
2019-10-09 17:51:57,009 [pool-393-thread-1] INFO  server.RaftServerConfigKeys (ConfUtils.java:logGet(43)) - raft.server.log.queue.element-limit = 1024 (custom)
2019-10-09 17:51:57,009 [pool-393-thread-1] INFO  server.RaftServerConfigKeys (ConfUtils.java:logGet(43)) - raft.server.log.segment.size.max = 1048576 (custom)
2019-10-09 17:51:57,009 [pool-393-thread-1] INFO  server.RaftServerConfigKeys (ConfUtils.java:logGet(43)) - raft.server.log.preallocated.size = 16384 (custom)
2019-10-09 17:51:57,009 [pool-393-thread-1] INFO  server.RaftServerConfigKeys (ConfUtils.java:logGet(43)) - raft.server.log.write.buffer.size = 33554432 (custom)
2019-10-09 17:51:57,009 [pool-393-thread-1] INFO  server.RaftServerConfigKeys (ConfUtils.java:logGet(43)) - raft.server.log.force.sync.num = 128 (default)
2019-10-09 17:51:57,010 [pool-393-thread-1] INFO  server.RaftServerConfigKeys (ConfUtils.java:logGet(43)) - raft.server.log.statemachine.data.sync = true (default)
2019-10-09 17:51:57,010 [pool-393-thread-1] INFO  server.RaftServerConfigKeys (ConfUtils.java:logGet(43)) - raft.server.log.statemachine.data.sync.timeout = 10s (default)
2019-10-09 17:51:57,010 [pool-393-thread-1] INFO  server.RaftServerConfigKeys (ConfUtils.java:logGet(43)) - raft.server.log.statemachine.data.sync.timeout.retry = -1 (default)
2019-10-09 17:51:57,010 [pool-393-thread-1] INFO  server.RaftServerConfigKeys (ConfUtils.java:logGet(43)) - raft.server.log.statemachine.data.caching.enabled = true (custom)
2019-10-09 17:51:57,010 [pool-393-thread-1] INFO  segmented.SegmentedRaftLogWorker (SegmentedRaftLogWorker.java:lambda$new$0(128)) - 3a40b363-5807-4d74-a183-1fafd9e79a84@group-5FD004A3783E-SegmentedRaftLogWorker: flushIndex: setUnconditionally 0 -> -1
2019-10-09 17:51:57,011 [pool-393-thread-1] INFO  server.RaftServerConfigKeys (ConfUtils.java:logGet(43)) - raft.server.snapshot.auto.trigger.enabled = true (custom)
2019-10-09 17:51:57,011 [pool-393-thread-1] INFO  server.RaftServerConfigKeys (ConfUtils.java:logGet(43)) - raft.server.snapshot.auto.trigger.threshold = 10000 (custom)
2019-10-09 17:51:57,011 [pool-393-thread-1] INFO  server.RaftServerConfigKeys (ConfUtils.java:logGet(43)) - raft.server.snapshot.retention.file.num = 5 (custom)
2019-10-09 17:51:57,011 [pool-393-thread-1] INFO  server.RaftServerConfigKeys (ConfUtils.java:logGet(43)) - raft.server.retrycache.expirytime = 600000ms (custom)
2019-10-09 17:51:57,012 [pool-393-thread-1] INFO  impl.RaftServerImpl (RaftServerImpl.java:start(181)) - 3a40b363-5807-4d74-a183-1fafd9e79a84@group-5FD004A3783E: start as a follower, conf=-1: [3a40b363-5807-4d74-a183-1fafd9e79a84:192.168.5.136:42974], old=null
2019-10-09 17:51:57,013 [pool-393-thread-1] INFO  impl.RaftServerImpl (RaftServerImpl.java:setRole(170)) - 3a40b363-5807-4d74-a183-1fafd9e79a84@group-5FD004A3783E: changes role from      null to FOLLOWER at term 0 for startAsFollower
2019-10-09 17:51:57,013 [pool-393-thread-1] INFO  impl.RoleInfo (RoleInfo.java:updateAndGet(143)) - 3a40b363-5807-4d74-a183-1fafd9e79a84: start FollowerState
2019-10-09 17:51:57,013 [pool-393-thread-1] INFO  util.JmxRegister (JmxRegister.java:tryRegister(44)) - Successfully registered JMX Bean with object name Ratis:service=RaftServer,group=group-5FD004A3783E,id=3a40b363-5807-4d74-a183-1fafd9e79a84
2019-10-09 17:51:57,017 [RatisPipelineUtilsThread] INFO  pipeline.PipelineStateManager (PipelineStateManager.java:addPipeline(56)) - Created pipeline Pipeline[ Id: e8f444c2-97be-48ee-b436-5fd004a3783e, Nodes: 3a40b363-5807-4d74-a183-1fafd9e79a84{ip: 192.168.5.136, host: pr-hdds-2269-pcp4p-266198477, networkLocation: /default-rack, certSerialId: null}, Type:RATIS, Factor:ONE, State:OPEN]
2019-10-09 17:51:57,028 [IPC Server handler 3 on 45178] INFO  net.NetworkTopology (NetworkTopologyImpl.java:add(111)) - Added a new node: /default-rack/4f91e352-ef5d-4d2d-b049-57e26593e8c3
2019-10-09 17:51:57,028 [IPC Server handler 3 on 45178] INFO  node.SCMNodeManager (SCMNodeManager.java:register(268)) - Registered Data node : 4f91e352-ef5d-4d2d-b049-57e26593e8c3{ip: 192.168.5.136, host: pr-hdds-2269-pcp4p-266198477, networkLocation: /default-rack, certSerialId: null}
2019-10-09 17:51:57,037 [grpc-default-executor-2] INFO  impl.RaftServerProxy (RaftServerProxy.java:addNew(89)) - 4f91e352-ef5d-4d2d-b049-57e26593e8c3: addNew group-CEBC241A8E90:[4f91e352-ef5d-4d2d-b049-57e26593e8c3:192.168.5.136:38493] returns group-CEBC241A8E90:java.util.concurrent.CompletableFuture@1c6d307f[Not completed]
2019-10-09 17:51:57,039 [pool-403-thread-1] INFO  impl.RaftServerImpl (RaftServerImpl.java:<init>(95)) - 4f91e352-ef5d-4d2d-b049-57e26593e8c3: new RaftServerImpl for group-CEBC241A8E90:[4f91e352-ef5d-4d2d-b049-57e26593e8c3:192.168.5.136:38493] with ContainerStateMachine:uninitialized
2019-10-09 17:51:57,039 [pool-403-thread-1] INFO  server.RaftServerConfigKeys (ConfUtils.java:logGet(43)) - raft.server.rpc.timeout.min = 5s (custom)
2019-10-09 17:51:57,039 [pool-403-thread-1] INFO  server.RaftServerConfigKeys (ConfUtils.java:logGet(43)) - raft.server.rpc.timeout.max = 5200ms (custom)
2019-10-09 17:51:57,039 [pool-403-thread-1] INFO  server.RaftServerConfigKeys (ConfUtils.java:logGet(43)) - raft.server.rpcslowness.timeout = 120s (custom)
2019-10-09 17:51:57,039 [pool-403-thread-1] INFO  server.RaftServerConfigKeys (ConfUtils.java:logGet(43)) - raft.server.sleep.deviation.threshold = 300 (default)
2019-10-09 17:51:57,039 [pool-403-thread-1] INFO  server.RaftServerConfigKeys (ConfUtils.java:logGet(43)) - raft.server.log.appender.install.snapshot.enabled = false (custom)
2019-10-09 17:51:57,040 [pool-403-thread-1] INFO  impl.RaftServerImpl (ServerState.java:<init>(103)) - 4f91e352-ef5d-4d2d-b049-57e26593e8c3@group-CEBC241A8E90: ConfigurationManager, init=-1: [4f91e352-ef5d-4d2d-b049-57e26593e8c3:192.168.5.136:38493], old=null, confs=<EMPTY_MAP>
2019-10-09 17:51:57,040 [pool-403-thread-1] INFO  server.RaftServerConfigKeys (ConfUtils.java:logGet(43)) - raft.server.storage.dir = [/workdir/hadoop-ozone/integration-test/target/test-dir/MiniOzoneClusterImpl-401054cd-1d18-4b1d-93f9-f32735cbde25/datanode-2/data/ratis] (custom)
2019-10-09 17:51:57,040 [pool-403-thread-1] INFO  server.RaftServerConfigKeys (ConfUtils.java:logGet(43)) - raft.server.log.corruption.policy = EXCEPTION (default)
2019-10-09 17:51:57,040 [pool-403-thread-1] INFO  storage.RaftStorageDirectory (RaftStorageDirectory.java:analyzeStorage(246)) - The storage directory /workdir/hadoop-ozone/integration-test/target/test-dir/MiniOzoneClusterImpl-401054cd-1d18-4b1d-93f9-f32735cbde25/datanode-2/data/ratis/0c1c1d20-1680-4cb6-bc58-cebc241a8e90 does not exist. Creating ...
2019-10-09 17:51:57,053 [pool-403-thread-1] INFO  storage.RaftStorageDirectory (RaftStorageDirectory.java:tryLock(328)) - Lock on /workdir/hadoop-ozone/integration-test/target/test-dir/MiniOzoneClusterImpl-401054cd-1d18-4b1d-93f9-f32735cbde25/datanode-2/data/ratis/0c1c1d20-1680-4cb6-bc58-cebc241a8e90/in_use.lock acquired by nodename 23917@pr-hdds-2269-pcp4p-266198477
2019-10-09 17:51:57,066 [pool-403-thread-1] INFO  storage.RaftStorage (RaftStorage.java:format(84)) - Storage directory /workdir/hadoop-ozone/integration-test/target/test-dir/MiniOzoneClusterImpl-401054cd-1d18-4b1d-93f9-f32735cbde25/datanode-2/data/ratis/0c1c1d20-1680-4cb6-bc58-cebc241a8e90 has been successfully formatted.
2019-10-09 17:51:57,066 [pool-403-thread-1] INFO  ratis.ContainerStateMachine (ContainerStateMachine.java:loadSnapshot(231)) - group-CEBC241A8E90: The snapshot info is null. Setting the last applied indexto:(t:0, i:~)
2019-10-09 17:51:57,066 [pool-403-thread-1] INFO  server.RaftServerConfigKeys (ConfUtils.java:logGet(43)) - raft.server.notification.no-leader.timeout = 120s (custom)
2019-10-09 17:51:57,066 [pool-403-thread-1] INFO  server.RaftServerConfigKeys (ConfUtils.java:logGet(43)) - raft.server.log.use.memory = false (default)
2019-10-09 17:51:57,067 [pool-403-thread-1] INFO  server.RaftServerConfigKeys (ConfUtils.java:logGet(43)) - raft.server.log.purge.gap = 1000000 (custom)
2019-10-09 17:51:57,067 [pool-403-thread-1] INFO  server.RaftServerConfigKeys (ConfUtils.java:logGet(43)) - raft.server.log.appender.buffer.byte-limit = 33554432 (custom)
2019-10-09 17:51:57,067 [pool-403-thread-1] INFO  server.RaftServerConfigKeys (ConfUtils.java:logGet(43)) - raft.server.log.segment.size.max = 1048576 (custom)
2019-10-09 17:51:57,068 [pool-403-thread-1] INFO  server.RaftServerConfigKeys (ConfUtils.java:logGet(43)) - raft.server.log.segment.cache.num.max = 2 (custom)
2019-10-09 17:51:57,068 [pool-403-thread-1] INFO  segmented.SegmentedRaftLogWorker (SegmentedRaftLogWorker.java:<init>(173)) - new 4f91e352-ef5d-4d2d-b049-57e26593e8c3@group-CEBC241A8E90-SegmentedRaftLogWorker for RaftStorage:Storage Directory /workdir/hadoop-ozone/integration-test/target/test-dir/MiniOzoneClusterImpl-401054cd-1d18-4b1d-93f9-f32735cbde25/datanode-2/data/ratis/0c1c1d20-1680-4cb6-bc58-cebc241a8e90
2019-10-09 17:51:57,069 [pool-403-thread-1] INFO  server.RaftServerConfigKeys (ConfUtils.java:logGet(43)) - raft.server.log.queue.byte-limit = 2147483647 (custom)
2019-10-09 17:51:57,069 [pool-403-thread-1] INFO  server.RaftServerConfigKeys (ConfUtils.java:logGet(43)) - raft.server.log.queue.element-limit = 1024 (custom)
2019-10-09 17:51:57,069 [pool-403-thread-1] INFO  server.RaftServerConfigKeys (ConfUtils.java:logGet(43)) - raft.server.log.segment.size.max = 1048576 (custom)
2019-10-09 17:51:57,069 [pool-403-thread-1] INFO  server.RaftServerConfigKeys (ConfUtils.java:logGet(43)) - raft.server.log.preallocated.size = 16384 (custom)
2019-10-09 17:51:57,069 [pool-403-thread-1] INFO  server.RaftServerConfigKeys (ConfUtils.java:logGet(43)) - raft.server.log.write.buffer.size = 33554432 (custom)
2019-10-09 17:51:57,069 [pool-403-thread-1] INFO  server.RaftServerConfigKeys (ConfUtils.java:logGet(43)) - raft.server.log.force.sync.num = 128 (default)
2019-10-09 17:51:57,069 [pool-403-thread-1] INFO  server.RaftServerConfigKeys (ConfUtils.java:logGet(43)) - raft.server.log.statemachine.data.sync = true (default)
2019-10-09 17:51:57,069 [pool-403-thread-1] INFO  server.RaftServerConfigKeys (ConfUtils.java:logGet(43)) - raft.server.log.statemachine.data.sync.timeout = 10s (default)
2019-10-09 17:51:57,070 [pool-403-thread-1] INFO  server.RaftServerConfigKeys (ConfUtils.java:logGet(43)) - raft.server.log.statemachine.data.sync.timeout.retry = -1 (default)
2019-10-09 17:51:57,070 [pool-403-thread-1] INFO  server.RaftServerConfigKeys (ConfUtils.java:logGet(43)) - raft.server.log.statemachine.data.caching.enabled = true (custom)
2019-10-09 17:51:57,070 [pool-403-thread-1] INFO  segmented.SegmentedRaftLogWorker (SegmentedRaftLogWorker.java:lambda$new$0(128)) - 4f91e352-ef5d-4d2d-b049-57e26593e8c3@group-CEBC241A8E90-SegmentedRaftLogWorker: flushIndex: setUnconditionally 0 -> -1
2019-10-09 17:51:57,071 [pool-403-thread-1] INFO  server.RaftServerConfigKeys (ConfUtils.java:logGet(43)) - raft.server.snapshot.auto.trigger.enabled = true (custom)
2019-10-09 17:51:57,071 [pool-403-thread-1] INFO  server.RaftServerConfigKeys (ConfUtils.java:logGet(43)) - raft.server.snapshot.auto.trigger.threshold = 10000 (custom)
2019-10-09 17:51:57,071 [pool-403-thread-1] INFO  server.RaftServerConfigKeys (ConfUtils.java:logGet(43)) - raft.server.snapshot.retention.file.num = 5 (custom)
2019-10-09 17:51:57,071 [pool-403-thread-1] INFO  server.RaftServerConfigKeys (ConfUtils.java:logGet(43)) - raft.server.retrycache.expirytime = 600000ms (custom)
2019-10-09 17:51:57,073 [pool-403-thread-1] INFO  impl.RaftServerImpl (RaftServerImpl.java:start(181)) - 4f91e352-ef5d-4d2d-b049-57e26593e8c3@group-CEBC241A8E90: start as a follower, conf=-1: [4f91e352-ef5d-4d2d-b049-57e26593e8c3:192.168.5.136:38493], old=null
2019-10-09 17:51:57,073 [pool-403-thread-1] INFO  impl.RaftServerImpl (RaftServerImpl.java:setRole(170)) - 4f91e352-ef5d-4d2d-b049-57e26593e8c3@group-CEBC241A8E90: changes role from      null to FOLLOWER at term 0 for startAsFollower
2019-10-09 17:51:57,073 [pool-403-thread-1] INFO  impl.RoleInfo (RoleInfo.java:updateAndGet(143)) - 4f91e352-ef5d-4d2d-b049-57e26593e8c3: start FollowerState
2019-10-09 17:51:57,073 [pool-403-thread-1] INFO  util.JmxRegister (JmxRegister.java:tryRegister(44)) - Successfully registered JMX Bean with object name Ratis:service=RaftServer,group=group-CEBC241A8E90,id=4f91e352-ef5d-4d2d-b049-57e26593e8c3
2019-10-09 17:51:57,077 [RatisPipelineUtilsThread] INFO  pipeline.PipelineStateManager (PipelineStateManager.java:addPipeline(56)) - Created pipeline Pipeline[ Id: 0c1c1d20-1680-4cb6-bc58-cebc241a8e90, Nodes: 4f91e352-ef5d-4d2d-b049-57e26593e8c3{ip: 192.168.5.136, host: pr-hdds-2269-pcp4p-266198477, networkLocation: /default-rack, certSerialId: null}, Type:RATIS, Factor:ONE, State:OPEN]
2019-10-09 17:51:57,089 [IPC Server handler 4 on 45178] INFO  net.NetworkTopology (NetworkTopologyImpl.java:add(111)) - Added a new node: /default-rack/bed22c07-2a87-46f9-b28c-6f490a890e0f
2019-10-09 17:51:57,089 [IPC Server handler 4 on 45178] INFO  node.SCMNodeManager (SCMNodeManager.java:register(268)) - Registered Data node : bed22c07-2a87-46f9-b28c-6f490a890e0f{ip: 192.168.5.136, host: pr-hdds-2269-pcp4p-266198477, networkLocation: /default-rack, certSerialId: null}
2019-10-09 17:51:57,090 [grpc-default-executor-3] INFO  impl.RaftServerProxy (RaftServerProxy.java:addNew(89)) - 4f91e352-ef5d-4d2d-b049-57e26593e8c3: addNew group-0A86274D8582:[3a40b363-5807-4d74-a183-1fafd9e79a84:192.168.5.136:42974, 4f91e352-ef5d-4d2d-b049-57e26593e8c3:192.168.5.136:38493, a4779c12-69d4-4447-ac01-f06068601461:192.168.5.136:39292] returns group-0A86274D8582:java.util.concurrent.CompletableFuture@5ca44c3f[Not completed]
2019-10-09 17:51:57,090 [grpc-default-executor-4] INFO  impl.RaftServerProxy (RaftServerProxy.java:addNew(89)) - a4779c12-69d4-4447-ac01-f06068601461: addNew group-0A86274D8582:[3a40b363-5807-4d74-a183-1fafd9e79a84:192.168.5.136:42974, 4f91e352-ef5d-4d2d-b049-57e26593e8c3:192.168.5.136:38493, a4779c12-69d4-4447-ac01-f06068601461:192.168.5.136:39292] returns group-0A86274D8582:java.util.concurrent.CompletableFuture@63a38273[Not completed]
2019-10-09 17:51:57,090 [grpc-default-executor-2] INFO  impl.RaftServerProxy (RaftServerProxy.java:addNew(89)) - 3a40b363-5807-4d74-a183-1fafd9e79a84: addNew group-0A86274D8582:[3a40b363-5807-4d74-a183-1fafd9e79a84:192.168.5.136:42974, 4f91e352-ef5d-4d2d-b049-57e26593e8c3:192.168.5.136:38493, a4779c12-69d4-4447-ac01-f06068601461:192.168.5.136:39292] returns group-0A86274D8582:java.util.concurrent.CompletableFuture@5ed13e14[Not completed]
2019-10-09 17:51:57,091 [pool-403-thread-1] INFO  impl.RaftServerImpl (RaftServerImpl.java:<init>(95)) - 4f91e352-ef5d-4d2d-b049-57e26593e8c3: new RaftServerImpl for group-0A86274D8582:[3a40b363-5807-4d74-a183-1fafd9e79a84:192.168.5.136:42974, 4f91e352-ef5d-4d2d-b049-57e26593e8c3:192.168.5.136:38493, a4779c12-69d4-4447-ac01-f06068601461:192.168.5.136:39292] with ContainerStateMachine:uninitialized
2019-10-09 17:51:57,091 [pool-403-thread-1] INFO  server.RaftServerConfigKeys (ConfUtils.java:logGet(43)) - raft.server.rpc.timeout.min = 5s (custom)
2019-10-09 17:51:57,091 [pool-403-thread-1] INFO  server.RaftServerConfigKeys (ConfUtils.java:logGet(43)) - raft.server.rpc.timeout.max = 5200ms (custom)
2019-10-09 17:51:57,092 [pool-403-thread-1] INFO  server.RaftServerConfigKeys (ConfUtils.java:logGet(43)) - raft.server.rpcslowness.timeout = 120s (custom)
2019-10-09 17:51:57,092 [pool-403-thread-1] INFO  server.RaftServerConfigKeys (ConfUtils.java:logGet(43)) - raft.server.sleep.deviation.threshold = 300 (default)
2019-10-09 17:51:57,092 [pool-403-thread-1] INFO  server.RaftServerConfigKeys (ConfUtils.java:logGet(43)) - raft.server.log.appender.install.snapshot.enabled = false (custom)
2019-10-09 17:51:57,092 [pool-393-thread-1] INFO  impl.RaftServerImpl (RaftServerImpl.java:<init>(95)) - 3a40b363-5807-4d74-a183-1fafd9e79a84: new RaftServerImpl for group-0A86274D8582:[3a40b363-5807-4d74-a183-1fafd9e79a84:192.168.5.136:42974, 4f91e352-ef5d-4d2d-b049-57e26593e8c3:192.168.5.136:38493, a4779c12-69d4-4447-ac01-f06068601461:192.168.5.136:39292] with ContainerStateMachine:uninitialized
2019-10-09 17:51:57,092 [pool-403-thread-1] INFO  impl.RaftServerImpl (ServerState.java:<init>(103)) - 4f91e352-ef5d-4d2d-b049-57e26593e8c3@group-0A86274D8582: ConfigurationManager, init=-1: [3a40b363-5807-4d74-a183-1fafd9e79a84:192.168.5.136:42974, 4f91e352-ef5d-4d2d-b049-57e26593e8c3:192.168.5.136:38493, a4779c12-69d4-4447-ac01-f06068601461:192.168.5.136:39292], old=null, confs=<EMPTY_MAP>
2019-10-09 17:51:57,092 [pool-393-thread-1] INFO  server.RaftServerConfigKeys (ConfUtils.java:logGet(43)) - raft.server.rpc.timeout.min = 5s (custom)
2019-10-09 17:51:57,092 [pool-403-thread-1] INFO  server.RaftServerConfigKeys (ConfUtils.java:logGet(43)) - raft.server.storage.dir = [/workdir/hadoop-ozone/integration-test/target/test-dir/MiniOzoneClusterImpl-401054cd-1d18-4b1d-93f9-f32735cbde25/datanode-2/data/ratis] (custom)
2019-10-09 17:51:57,092 [pool-393-thread-1] INFO  server.RaftServerConfigKeys (ConfUtils.java:logGet(43)) - raft.server.rpc.timeout.max = 5200ms (custom)
2019-10-09 17:51:57,093 [pool-403-thread-1] INFO  server.RaftServerConfigKeys (ConfUtils.java:logGet(43)) - raft.server.log.corruption.policy = EXCEPTION (default)
2019-10-09 17:51:57,093 [pool-383-thread-1] INFO  impl.RaftServerImpl (RaftServerImpl.java:<init>(95)) - a4779c12-69d4-4447-ac01-f06068601461: new RaftServerImpl for group-0A86274D8582:[3a40b363-5807-4d74-a183-1fafd9e79a84:192.168.5.136:42974, 4f91e352-ef5d-4d2d-b049-57e26593e8c3:192.168.5.136:38493, a4779c12-69d4-4447-ac01-f06068601461:192.168.5.136:39292] with ContainerStateMachine:uninitialized
2019-10-09 17:51:57,093 [pool-403-thread-1] INFO  storage.RaftStorageDirectory (RaftStorageDirectory.java:analyzeStorage(246)) - The storage directory /workdir/hadoop-ozone/integration-test/target/test-dir/MiniOzoneClusterImpl-401054cd-1d18-4b1d-93f9-f32735cbde25/datanode-2/data/ratis/87b8c188-2ce0-4a64-b78e-0a86274d8582 does not exist. Creating ...
2019-10-09 17:51:57,093 [pool-393-thread-1] INFO  server.RaftServerConfigKeys (ConfUtils.java:logGet(43)) - raft.server.rpcslowness.timeout = 120s (custom)
2019-10-09 17:51:57,093 [pool-383-thread-1] INFO  server.RaftServerConfigKeys (ConfUtils.java:logGet(43)) - raft.server.rpc.timeout.min = 5s (custom)
2019-10-09 17:51:57,093 [pool-393-thread-1] INFO  server.RaftServerConfigKeys (ConfUtils.java:logGet(43)) - raft.server.sleep.deviation.threshold = 300 (default)
2019-10-09 17:51:57,093 [pool-383-thread-1] INFO  server.RaftServerConfigKeys (ConfUtils.java:logGet(43)) - raft.server.rpc.timeout.max = 5200ms (custom)
2019-10-09 17:51:57,093 [pool-393-thread-1] INFO  server.RaftServerConfigKeys (ConfUtils.java:logGet(43)) - raft.server.log.appender.install.snapshot.enabled = false (custom)
2019-10-09 17:51:57,094 [pool-383-thread-1] INFO  server.RaftServerConfigKeys (ConfUtils.java:logGet(43)) - raft.server.rpcslowness.timeout = 120s (custom)
2019-10-09 17:51:57,094 [pool-393-thread-1] INFO  impl.RaftServerImpl (ServerState.java:<init>(103)) - 3a40b363-5807-4d74-a183-1fafd9e79a84@group-0A86274D8582: ConfigurationManager, init=-1: [3a40b363-5807-4d74-a183-1fafd9e79a84:192.168.5.136:42974, 4f91e352-ef5d-4d2d-b049-57e26593e8c3:192.168.5.136:38493, a4779c12-69d4-4447-ac01-f06068601461:192.168.5.136:39292], old=null, confs=<EMPTY_MAP>
2019-10-09 17:51:57,094 [pool-383-thread-1] INFO  server.RaftServerConfigKeys (ConfUtils.java:logGet(43)) - raft.server.sleep.deviation.threshold = 300 (default)
2019-10-09 17:51:57,094 [pool-393-thread-1] INFO  server.RaftServerConfigKeys (ConfUtils.java:logGet(43)) - raft.server.storage.dir = [/workdir/hadoop-ozone/integration-test/target/test-dir/MiniOzoneClusterImpl-401054cd-1d18-4b1d-93f9-f32735cbde25/datanode-1/data/ratis] (custom)
2019-10-09 17:51:57,094 [pool-383-thread-1] INFO  server.RaftServerConfigKeys (ConfUtils.java:logGet(43)) - raft.server.log.appender.install.snapshot.enabled = false (custom)
2019-10-09 17:51:57,094 [pool-393-thread-1] INFO  server.RaftServerConfigKeys (ConfUtils.java:logGet(43)) - raft.server.log.corruption.policy = EXCEPTION (default)
2019-10-09 17:51:57,094 [pool-383-thread-1] INFO  impl.RaftServerImpl (ServerState.java:<init>(103)) - a4779c12-69d4-4447-ac01-f06068601461@group-0A86274D8582: ConfigurationManager, init=-1: [3a40b363-5807-4d74-a183-1fafd9e79a84:192.168.5.136:42974, 4f91e352-ef5d-4d2d-b049-57e26593e8c3:192.168.5.136:38493, a4779c12-69d4-4447-ac01-f06068601461:192.168.5.136:39292], old=null, confs=<EMPTY_MAP>
2019-10-09 17:51:57,095 [pool-393-thread-1] INFO  storage.RaftStorageDirectory (RaftStorageDirectory.java:analyzeStorage(246)) - The storage directory /workdir/hadoop-ozone/integration-test/target/test-dir/MiniOzoneClusterImpl-401054cd-1d18-4b1d-93f9-f32735cbde25/datanode-1/data/ratis/87b8c188-2ce0-4a64-b78e-0a86274d8582 does not exist. Creating ...
2019-10-09 17:51:57,095 [pool-383-thread-1] INFO  server.RaftServerConfigKeys (ConfUtils.java:logGet(43)) - raft.server.storage.dir = [/workdir/hadoop-ozone/integration-test/target/test-dir/MiniOzoneClusterImpl-401054cd-1d18-4b1d-93f9-f32735cbde25/datanode-0/data/ratis] (custom)
2019-10-09 17:51:57,095 [pool-383-thread-1] INFO  server.RaftServerConfigKeys (ConfUtils.java:logGet(43)) - raft.server.log.corruption.policy = EXCEPTION (default)
2019-10-09 17:51:57,095 [pool-383-thread-1] INFO  storage.RaftStorageDirectory (RaftStorageDirectory.java:analyzeStorage(246)) - The storage directory /workdir/hadoop-ozone/integration-test/target/test-dir/MiniOzoneClusterImpl-401054cd-1d18-4b1d-93f9-f32735cbde25/datanode-0/data/ratis/87b8c188-2ce0-4a64-b78e-0a86274d8582 does not exist. Creating ...
2019-10-09 17:51:57,097 [pool-403-thread-1] INFO  storage.RaftStorageDirectory (RaftStorageDirectory.java:tryLock(328)) - Lock on /workdir/hadoop-ozone/integration-test/target/test-dir/MiniOzoneClusterImpl-401054cd-1d18-4b1d-93f9-f32735cbde25/datanode-2/data/ratis/87b8c188-2ce0-4a64-b78e-0a86274d8582/in_use.lock acquired by nodename 23917@pr-hdds-2269-pcp4p-266198477
2019-10-09 17:51:57,101 [pool-383-thread-1] INFO  storage.RaftStorageDirectory (RaftStorageDirectory.java:tryLock(328)) - Lock on /workdir/hadoop-ozone/integration-test/target/test-dir/MiniOzoneClusterImpl-401054cd-1d18-4b1d-93f9-f32735cbde25/datanode-0/data/ratis/87b8c188-2ce0-4a64-b78e-0a86274d8582/in_use.lock acquired by nodename 23917@pr-hdds-2269-pcp4p-266198477
2019-10-09 17:51:57,102 [pool-393-thread-1] INFO  storage.RaftStorageDirectory (RaftStorageDirectory.java:tryLock(328)) - Lock on /workdir/hadoop-ozone/integration-test/target/test-dir/MiniOzoneClusterImpl-401054cd-1d18-4b1d-93f9-f32735cbde25/datanode-1/data/ratis/87b8c188-2ce0-4a64-b78e-0a86274d8582/in_use.lock acquired by nodename 23917@pr-hdds-2269-pcp4p-266198477
2019-10-09 17:51:57,108 [pool-383-thread-1] INFO  storage.RaftStorage (RaftStorage.java:format(84)) - Storage directory /workdir/hadoop-ozone/integration-test/target/test-dir/MiniOzoneClusterImpl-401054cd-1d18-4b1d-93f9-f32735cbde25/datanode-0/data/ratis/87b8c188-2ce0-4a64-b78e-0a86274d8582 has been successfully formatted.
2019-10-09 17:51:57,108 [pool-403-thread-1] INFO  storage.RaftStorage (RaftStorage.java:format(84)) - Storage directory /workdir/hadoop-ozone/integration-test/target/test-dir/MiniOzoneClusterImpl-401054cd-1d18-4b1d-93f9-f32735cbde25/datanode-2/data/ratis/87b8c188-2ce0-4a64-b78e-0a86274d8582 has been successfully formatted.
2019-10-09 17:51:57,108 [pool-383-thread-1] INFO  ratis.ContainerStateMachine (ContainerStateMachine.java:loadSnapshot(231)) - group-0A86274D8582: The snapshot info is null. Setting the last applied indexto:(t:0, i:~)
2019-10-09 17:51:57,108 [pool-403-thread-1] INFO  ratis.ContainerStateMachine (ContainerStateMachine.java:loadSnapshot(231)) - group-0A86274D8582: The snapshot info is null. Setting the last applied indexto:(t:0, i:~)
2019-10-09 17:51:57,108 [pool-383-thread-1] INFO  server.RaftServerConfigKeys (ConfUtils.java:logGet(43)) - raft.server.notification.no-leader.timeout = 120s (custom)
2019-10-09 17:51:57,108 [pool-403-thread-1] INFO  server.RaftServerConfigKeys (ConfUtils.java:logGet(43)) - raft.server.notification.no-leader.timeout = 120s (custom)
2019-10-09 17:51:57,109 [pool-393-thread-1] INFO  storage.RaftStorage (RaftStorage.java:format(84)) - Storage directory /workdir/hadoop-ozone/integration-test/target/test-dir/MiniOzoneClusterImpl-401054cd-1d18-4b1d-93f9-f32735cbde25/datanode-1/data/ratis/87b8c188-2ce0-4a64-b78e-0a86274d8582 has been successfully formatted.
2019-10-09 17:51:57,109 [pool-383-thread-1] INFO  server.RaftServerConfigKeys (ConfUtils.java:logGet(43)) - raft.server.log.use.memory = false (default)
2019-10-09 17:51:57,109 [pool-393-thread-1] INFO  ratis.ContainerStateMachine (ContainerStateMachine.java:loadSnapshot(231)) - group-0A86274D8582: The snapshot info is null. Setting the last applied indexto:(t:0, i:~)
2019-10-09 17:51:57,109 [pool-383-thread-1] INFO  server.RaftServerConfigKeys (ConfUtils.java:logGet(43)) - raft.server.log.purge.gap = 1000000 (custom)
2019-10-09 17:51:57,109 [pool-383-thread-1] INFO  server.RaftServerConfigKeys (ConfUtils.java:logGet(43)) - raft.server.log.appender.buffer.byte-limit = 33554432 (custom)
2019-10-09 17:51:57,109 [pool-403-thread-1] INFO  server.RaftServerConfigKeys (ConfUtils.java:logGet(43)) - raft.server.log.use.memory = false (default)
2019-10-09 17:51:57,109 [pool-383-thread-1] INFO  server.RaftServerConfigKeys (ConfUtils.java:logGet(43)) - raft.server.log.segment.size.max = 1048576 (custom)
2019-10-09 17:51:57,109 [pool-393-thread-1] INFO  server.RaftServerConfigKeys (ConfUtils.java:logGet(43)) - raft.server.notification.no-leader.timeout = 120s (custom)
2019-10-09 17:51:57,110 [pool-383-thread-1] INFO  server.RaftServerConfigKeys (ConfUtils.java:logGet(43)) - raft.server.log.segment.cache.num.max = 2 (custom)
2019-10-09 17:51:57,109 [pool-403-thread-1] INFO  server.RaftServerConfigKeys (ConfUtils.java:logGet(43)) - raft.server.log.purge.gap = 1000000 (custom)
2019-10-09 17:51:57,110 [pool-383-thread-1] INFO  segmented.SegmentedRaftLogWorker (SegmentedRaftLogWorker.java:<init>(173)) - new a4779c12-69d4-4447-ac01-f06068601461@group-0A86274D8582-SegmentedRaftLogWorker for RaftStorage:Storage Directory /workdir/hadoop-ozone/integration-test/target/test-dir/MiniOzoneClusterImpl-401054cd-1d18-4b1d-93f9-f32735cbde25/datanode-0/data/ratis/87b8c188-2ce0-4a64-b78e-0a86274d8582
2019-10-09 17:51:57,110 [pool-393-thread-1] INFO  server.RaftServerConfigKeys (ConfUtils.java:logGet(43)) - raft.server.log.use.memory = false (default)
2019-10-09 17:51:57,110 [pool-383-thread-1] INFO  server.RaftServerConfigKeys (ConfUtils.java:logGet(43)) - raft.server.log.queue.byte-limit = 2147483647 (custom)
2019-10-09 17:51:57,110 [pool-383-thread-1] INFO  server.RaftServerConfigKeys (ConfUtils.java:logGet(43)) - raft.server.log.queue.element-limit = 1024 (custom)
2019-10-09 17:51:57,110 [pool-403-thread-1] INFO  server.RaftServerConfigKeys (ConfUtils.java:logGet(43)) - raft.server.log.appender.buffer.byte-limit = 33554432 (custom)
2019-10-09 17:51:57,111 [pool-383-thread-1] INFO  server.RaftServerConfigKeys (ConfUtils.java:logGet(43)) - raft.server.log.segment.size.max = 1048576 (custom)
2019-10-09 17:51:57,110 [pool-393-thread-1] INFO  server.RaftServerConfigKeys (ConfUtils.java:logGet(43)) - raft.server.log.purge.gap = 1000000 (custom)
2019-10-09 17:51:57,111 [pool-383-thread-1] INFO  server.RaftServerConfigKeys (ConfUtils.java:logGet(43)) - raft.server.log.preallocated.size = 16384 (custom)
2019-10-09 17:51:57,111 [pool-403-thread-1] INFO  server.RaftServerConfigKeys (ConfUtils.java:logGet(43)) - raft.server.log.segment.size.max = 1048576 (custom)
2019-10-09 17:51:57,111 [pool-383-thread-1] INFO  server.RaftServerConfigKeys (ConfUtils.java:logGet(43)) - raft.server.log.write.buffer.size = 33554432 (custom)
2019-10-09 17:51:57,111 [pool-393-thread-1] INFO  server.RaftServerConfigKeys (ConfUtils.java:logGet(43)) - raft.server.log.appender.buffer.byte-limit = 33554432 (custom)
2019-10-09 17:51:57,111 [pool-383-thread-1] INFO  server.RaftServerConfigKeys (ConfUtils.java:logGet(43)) - raft.server.log.force.sync.num = 128 (default)
2019-10-09 17:51:57,111 [pool-403-thread-1] INFO  server.RaftServerConfigKeys (ConfUtils.java:logGet(43)) - raft.server.log.segment.cache.num.max = 2 (custom)
2019-10-09 17:51:57,112 [pool-383-thread-1] INFO  server.RaftServerConfigKeys (ConfUtils.java:logGet(43)) - raft.server.log.statemachine.data.sync = true (default)
2019-10-09 17:51:57,111 [pool-393-thread-1] INFO  server.RaftServerConfigKeys (ConfUtils.java:logGet(43)) - raft.server.log.segment.size.max = 1048576 (custom)
2019-10-09 17:51:57,112 [pool-383-thread-1] INFO  server.RaftServerConfigKeys (ConfUtils.java:logGet(43)) - raft.server.log.statemachine.data.sync.timeout = 10s (default)
2019-10-09 17:51:57,112 [pool-403-thread-1] INFO  segmented.SegmentedRaftLogWorker (SegmentedRaftLogWorker.java:<init>(173)) - new 4f91e352-ef5d-4d2d-b049-57e26593e8c3@group-0A86274D8582-SegmentedRaftLogWorker for RaftStorage:Storage Directory /workdir/hadoop-ozone/integration-test/target/test-dir/MiniOzoneClusterImpl-401054cd-1d18-4b1d-93f9-f32735cbde25/datanode-2/data/ratis/87b8c188-2ce0-4a64-b78e-0a86274d8582
2019-10-09 17:51:57,112 [pool-383-thread-1] INFO  server.RaftServerConfigKeys (ConfUtils.java:logGet(43)) - raft.server.log.statemachine.data.sync.timeout.retry = -1 (default)
2019-10-09 17:51:57,112 [pool-393-thread-1] INFO  server.RaftServerConfigKeys (ConfUtils.java:logGet(43)) - raft.server.log.segment.cache.num.max = 2 (custom)
2019-10-09 17:51:57,112 [pool-383-thread-1] INFO  server.RaftServerConfigKeys (ConfUtils.java:logGet(43)) - raft.server.log.statemachine.data.caching.enabled = true (custom)
2019-10-09 17:51:57,112 [pool-403-thread-1] INFO  server.RaftServerConfigKeys (ConfUtils.java:logGet(43)) - raft.server.log.queue.byte-limit = 2147483647 (custom)
2019-10-09 17:51:57,112 [pool-393-thread-1] INFO  segmented.SegmentedRaftLogWorker (SegmentedRaftLogWorker.java:<init>(173)) - new 3a40b363-5807-4d74-a183-1fafd9e79a84@group-0A86274D8582-SegmentedRaftLogWorker for RaftStorage:Storage Directory /workdir/hadoop-ozone/integration-test/target/test-dir/MiniOzoneClusterImpl-401054cd-1d18-4b1d-93f9-f32735cbde25/datanode-1/data/ratis/87b8c188-2ce0-4a64-b78e-0a86274d8582
2019-10-09 17:51:57,113 [pool-383-thread-1] INFO  segmented.SegmentedRaftLogWorker (SegmentedRaftLogWorker.java:lambda$new$0(128)) - a4779c12-69d4-4447-ac01-f06068601461@group-0A86274D8582-SegmentedRaftLogWorker: flushIndex: setUnconditionally 0 -> -1
2019-10-09 17:51:57,113 [pool-403-thread-1] INFO  server.RaftServerConfigKeys (ConfUtils.java:logGet(43)) - raft.server.log.queue.element-limit = 1024 (custom)
2019-10-09 17:51:57,113 [pool-393-thread-1] INFO  server.RaftServerConfigKeys (ConfUtils.java:logGet(43)) - raft.server.log.queue.byte-limit = 2147483647 (custom)
2019-10-09 17:51:57,113 [pool-383-thread-1] INFO  server.RaftServerConfigKeys (ConfUtils.java:logGet(43)) - raft.server.snapshot.auto.trigger.enabled = true (custom)
2019-10-09 17:51:57,113 [pool-403-thread-1] INFO  server.RaftServerConfigKeys (ConfUtils.java:logGet(43)) - raft.server.log.segment.size.max = 1048576 (custom)
2019-10-09 17:51:57,113 [pool-383-thread-1] INFO  server.RaftServerConfigKeys (ConfUtils.java:logGet(43)) - raft.server.snapshot.auto.trigger.threshold = 10000 (custom)
2019-10-09 17:51:57,113 [pool-393-thread-1] INFO  server.RaftServerConfigKeys (ConfUtils.java:logGet(43)) - raft.server.log.queue.element-limit = 1024 (custom)
2019-10-09 17:51:57,114 [pool-383-thread-1] INFO  server.RaftServerConfigKeys (ConfUtils.java:logGet(43)) - raft.server.snapshot.retention.file.num = 5 (custom)
2019-10-09 17:51:57,113 [pool-403-thread-1] INFO  server.RaftServerConfigKeys (ConfUtils.java:logGet(43)) - raft.server.log.preallocated.size = 16384 (custom)
2019-10-09 17:51:57,114 [pool-383-thread-1] INFO  server.RaftServerConfigKeys (ConfUtils.java:logGet(43)) - raft.server.retrycache.expirytime = 600000ms (custom)
2019-10-09 17:51:57,114 [pool-393-thread-1] INFO  server.RaftServerConfigKeys (ConfUtils.java:logGet(43)) - raft.server.log.segment.size.max = 1048576 (custom)
2019-10-09 17:51:57,114 [pool-403-thread-1] INFO  server.RaftServerConfigKeys (ConfUtils.java:logGet(43)) - raft.server.log.write.buffer.size = 33554432 (custom)
2019-10-09 17:51:57,114 [pool-393-thread-1] INFO  server.RaftServerConfigKeys (ConfUtils.java:logGet(43)) - raft.server.log.preallocated.size = 16384 (custom)
2019-10-09 17:51:57,114 [pool-403-thread-1] INFO  server.RaftServerConfigKeys (ConfUtils.java:logGet(43)) - raft.server.log.force.sync.num = 128 (default)
2019-10-09 17:51:57,114 [pool-393-thread-1] INFO  server.RaftServerConfigKeys (ConfUtils.java:logGet(43)) - raft.server.log.write.buffer.size = 33554432 (custom)
2019-10-09 17:51:57,115 [pool-403-thread-1] INFO  server.RaftServerConfigKeys (ConfUtils.java:logGet(43)) - raft.server.log.statemachine.data.sync = true (default)
2019-10-09 17:51:57,115 [pool-393-thread-1] INFO  server.RaftServerConfigKeys (ConfUtils.java:logGet(43)) - raft.server.log.force.sync.num = 128 (default)
2019-10-09 17:51:57,115 [pool-403-thread-1] INFO  server.RaftServerConfigKeys (ConfUtils.java:logGet(43)) - raft.server.log.statemachine.data.sync.timeout = 10s (default)
2019-10-09 17:51:57,115 [pool-393-thread-1] INFO  server.RaftServerConfigKeys (ConfUtils.java:logGet(43)) - raft.server.log.statemachine.data.sync = true (default)
2019-10-09 17:51:57,115 [pool-403-thread-1] INFO  server.RaftServerConfigKeys (ConfUtils.java:logGet(43)) - raft.server.log.statemachine.data.sync.timeout.retry = -1 (default)
2019-10-09 17:51:57,115 [pool-393-thread-1] INFO  server.RaftServerConfigKeys (ConfUtils.java:logGet(43)) - raft.server.log.statemachine.data.sync.timeout = 10s (default)
2019-10-09 17:51:57,115 [pool-403-thread-1] INFO  server.RaftServerConfigKeys (ConfUtils.java:logGet(43)) - raft.server.log.statemachine.data.caching.enabled = true (custom)
2019-10-09 17:51:57,115 [pool-393-thread-1] INFO  server.RaftServerConfigKeys (ConfUtils.java:logGet(43)) - raft.server.log.statemachine.data.sync.timeout.retry = -1 (default)
2019-10-09 17:51:57,116 [pool-383-thread-1] INFO  impl.RaftServerImpl (RaftServerImpl.java:start(181)) - a4779c12-69d4-4447-ac01-f06068601461@group-0A86274D8582: start as a follower, conf=-1: [3a40b363-5807-4d74-a183-1fafd9e79a84:192.168.5.136:42974, 4f91e352-ef5d-4d2d-b049-57e26593e8c3:192.168.5.136:38493, a4779c12-69d4-4447-ac01-f06068601461:192.168.5.136:39292], old=null
2019-10-09 17:51:57,116 [pool-403-thread-1] INFO  segmented.SegmentedRaftLogWorker (SegmentedRaftLogWorker.java:lambda$new$0(128)) - 4f91e352-ef5d-4d2d-b049-57e26593e8c3@group-0A86274D8582-SegmentedRaftLogWorker: flushIndex: setUnconditionally 0 -> -1
2019-10-09 17:51:57,116 [pool-383-thread-1] INFO  impl.RaftServerImpl (RaftServerImpl.java:setRole(170)) - a4779c12-69d4-4447-ac01-f06068601461@group-0A86274D8582: changes role from      null to FOLLOWER at term 0 for startAsFollower
2019-10-09 17:51:57,116 [pool-393-thread-1] INFO  server.RaftServerConfigKeys (ConfUtils.java:logGet(43)) - raft.server.log.statemachine.data.caching.enabled = true (custom)
2019-10-09 17:51:57,116 [pool-383-thread-1] INFO  impl.RoleInfo (RoleInfo.java:updateAndGet(143)) - a4779c12-69d4-4447-ac01-f06068601461: start FollowerState
2019-10-09 17:51:57,116 [pool-403-thread-1] INFO  server.RaftServerConfigKeys (ConfUtils.java:logGet(43)) - raft.server.snapshot.auto.trigger.enabled = true (custom)
2019-10-09 17:51:57,116 [pool-393-thread-1] INFO  segmented.SegmentedRaftLogWorker (SegmentedRaftLogWorker.java:lambda$new$0(128)) - 3a40b363-5807-4d74-a183-1fafd9e79a84@group-0A86274D8582-SegmentedRaftLogWorker: flushIndex: setUnconditionally 0 -> -1
2019-10-09 17:51:57,116 [pool-383-thread-1] INFO  util.JmxRegister (JmxRegister.java:tryRegister(44)) - Successfully registered JMX Bean with object name Ratis:service=RaftServer,group=group-0A86274D8582,id=a4779c12-69d4-4447-ac01-f06068601461
2019-10-09 17:51:57,116 [pool-403-thread-1] INFO  server.RaftServerConfigKeys (ConfUtils.java:logGet(43)) - raft.server.snapshot.auto.trigger.threshold = 10000 (custom)
2019-10-09 17:51:57,117 [pool-393-thread-1] INFO  server.RaftServerConfigKeys (ConfUtils.java:logGet(43)) - raft.server.snapshot.auto.trigger.enabled = true (custom)
2019-10-09 17:51:57,117 [pool-403-thread-1] INFO  server.RaftServerConfigKeys (ConfUtils.java:logGet(43)) - raft.server.snapshot.retention.file.num = 5 (custom)
2019-10-09 17:51:57,117 [pool-393-thread-1] INFO  server.RaftServerConfigKeys (ConfUtils.java:logGet(43)) - raft.server.snapshot.auto.trigger.threshold = 10000 (custom)
2019-10-09 17:51:57,117 [pool-403-thread-1] INFO  server.RaftServerConfigKeys (ConfUtils.java:logGet(43)) - raft.server.retrycache.expirytime = 600000ms (custom)
2019-10-09 17:51:57,117 [pool-393-thread-1] INFO  server.RaftServerConfigKeys (ConfUtils.java:logGet(43)) - raft.server.snapshot.retention.file.num = 5 (custom)
2019-10-09 17:51:57,117 [pool-393-thread-1] INFO  server.RaftServerConfigKeys (ConfUtils.java:logGet(43)) - raft.server.retrycache.expirytime = 600000ms (custom)
2019-10-09 17:51:57,120 [pool-403-thread-1] INFO  impl.RaftServerImpl (RaftServerImpl.java:start(181)) - 4f91e352-ef5d-4d2d-b049-57e26593e8c3@group-0A86274D8582: start as a follower, conf=-1: [3a40b363-5807-4d74-a183-1fafd9e79a84:192.168.5.136:42974, 4f91e352-ef5d-4d2d-b049-57e26593e8c3:192.168.5.136:38493, a4779c12-69d4-4447-ac01-f06068601461:192.168.5.136:39292], old=null
2019-10-09 17:51:57,120 [pool-403-thread-1] INFO  impl.RaftServerImpl (RaftServerImpl.java:setRole(170)) - 4f91e352-ef5d-4d2d-b049-57e26593e8c3@group-0A86274D8582: changes role from      null to FOLLOWER at term 0 for startAsFollower
2019-10-09 17:51:57,120 [pool-403-thread-1] INFO  impl.RoleInfo (RoleInfo.java:updateAndGet(143)) - 4f91e352-ef5d-4d2d-b049-57e26593e8c3: start FollowerState
2019-10-09 17:51:57,120 [pool-393-thread-1] INFO  impl.RaftServerImpl (RaftServerImpl.java:start(181)) - 3a40b363-5807-4d74-a183-1fafd9e79a84@group-0A86274D8582: start as a follower, conf=-1: [3a40b363-5807-4d74-a183-1fafd9e79a84:192.168.5.136:42974, 4f91e352-ef5d-4d2d-b049-57e26593e8c3:192.168.5.136:38493, a4779c12-69d4-4447-ac01-f06068601461:192.168.5.136:39292], old=null
2019-10-09 17:51:57,120 [pool-403-thread-1] INFO  util.JmxRegister (JmxRegister.java:tryRegister(44)) - Successfully registered JMX Bean with object name Ratis:service=RaftServer,group=group-0A86274D8582,id=4f91e352-ef5d-4d2d-b049-57e26593e8c3
2019-10-09 17:51:57,121 [pool-393-thread-1] INFO  impl.RaftServerImpl (RaftServerImpl.java:setRole(170)) - 3a40b363-5807-4d74-a183-1fafd9e79a84@group-0A86274D8582: changes role from      null to FOLLOWER at term 0 for startAsFollower
2019-10-09 17:51:57,121 [pool-393-thread-1] INFO  impl.RoleInfo (RoleInfo.java:updateAndGet(143)) - 3a40b363-5807-4d74-a183-1fafd9e79a84: start FollowerState
2019-10-09 17:51:57,121 [pool-393-thread-1] INFO  util.JmxRegister (JmxRegister.java:tryRegister(44)) - Successfully registered JMX Bean with object name Ratis:service=RaftServer,group=group-0A86274D8582,id=3a40b363-5807-4d74-a183-1fafd9e79a84
2019-10-09 17:51:57,129 [RatisPipelineUtilsThread] INFO  pipeline.PipelineStateManager (PipelineStateManager.java:addPipeline(56)) - Created pipeline Pipeline[ Id: 87b8c188-2ce0-4a64-b78e-0a86274d8582, Nodes: a4779c12-69d4-4447-ac01-f06068601461{ip: 192.168.5.136, host: pr-hdds-2269-pcp4p-266198477, networkLocation: /default-rack, certSerialId: null}4f91e352-ef5d-4d2d-b049-57e26593e8c3{ip: 192.168.5.136, host: pr-hdds-2269-pcp4p-266198477, networkLocation: /default-rack, certSerialId: null}3a40b363-5807-4d74-a183-1fafd9e79a84{ip: 192.168.5.136, host: pr-hdds-2269-pcp4p-266198477, networkLocation: /default-rack, certSerialId: null}, Type:RATIS, Factor:THREE, State:OPEN]
2019-10-09 17:51:57,153 [IPC Server handler 5 on 45178] INFO  net.NetworkTopology (NetworkTopologyImpl.java:add(111)) - Added a new node: /default-rack/8271a63f-a8ec-4e77-85a9-5f7807dea002
2019-10-09 17:51:57,153 [IPC Server handler 5 on 45178] INFO  node.SCMNodeManager (SCMNodeManager.java:register(268)) - Registered Data node : 8271a63f-a8ec-4e77-85a9-5f7807dea002{ip: 192.168.5.136, host: pr-hdds-2269-pcp4p-266198477, networkLocation: /default-rack, certSerialId: null}
2019-10-09 17:51:57,160 [grpc-default-executor-2] INFO  impl.RaftServerProxy (RaftServerProxy.java:addNew(89)) - bed22c07-2a87-46f9-b28c-6f490a890e0f: addNew group-9C1E3546A2E3:[bed22c07-2a87-46f9-b28c-6f490a890e0f:192.168.5.136:34244] returns group-9C1E3546A2E3:java.util.concurrent.CompletableFuture@6803a510[Not completed]
2019-10-09 17:51:57,162 [pool-413-thread-1] INFO  impl.RaftServerImpl (RaftServerImpl.java:<init>(95)) - bed22c07-2a87-46f9-b28c-6f490a890e0f: new RaftServerImpl for group-9C1E3546A2E3:[bed22c07-2a87-46f9-b28c-6f490a890e0f:192.168.5.136:34244] with ContainerStateMachine:uninitialized
2019-10-09 17:51:57,162 [pool-413-thread-1] INFO  server.RaftServerConfigKeys (ConfUtils.java:logGet(43)) - raft.server.rpc.timeout.min = 5s (custom)
2019-10-09 17:51:57,162 [pool-413-thread-1] INFO  server.RaftServerConfigKeys (ConfUtils.java:logGet(43)) - raft.server.rpc.timeout.max = 5200ms (custom)
2019-10-09 17:51:57,162 [pool-413-thread-1] INFO  server.RaftServerConfigKeys (ConfUtils.java:logGet(43)) - raft.server.rpcslowness.timeout = 120s (custom)
2019-10-09 17:51:57,162 [pool-413-thread-1] INFO  server.RaftServerConfigKeys (ConfUtils.java:logGet(43)) - raft.server.sleep.deviation.threshold = 300 (default)
2019-10-09 17:51:57,162 [pool-413-thread-1] INFO  server.RaftServerConfigKeys (ConfUtils.java:logGet(43)) - raft.server.log.appender.install.snapshot.enabled = false (custom)
2019-10-09 17:51:57,163 [pool-413-thread-1] INFO  impl.RaftServerImpl (ServerState.java:<init>(103)) - bed22c07-2a87-46f9-b28c-6f490a890e0f@group-9C1E3546A2E3: ConfigurationManager, init=-1: [bed22c07-2a87-46f9-b28c-6f490a890e0f:192.168.5.136:34244], old=null, confs=<EMPTY_MAP>
2019-10-09 17:51:57,163 [pool-413-thread-1] INFO  server.RaftServerConfigKeys (ConfUtils.java:logGet(43)) - raft.server.storage.dir = [/workdir/hadoop-ozone/integration-test/target/test-dir/MiniOzoneClusterImpl-401054cd-1d18-4b1d-93f9-f32735cbde25/datanode-3/data/ratis] (custom)
2019-10-09 17:51:57,163 [pool-413-thread-1] INFO  server.RaftServerConfigKeys (ConfUtils.java:logGet(43)) - raft.server.log.corruption.policy = EXCEPTION (default)
2019-10-09 17:51:57,163 [pool-413-thread-1] INFO  storage.RaftStorageDirectory (RaftStorageDirectory.java:analyzeStorage(246)) - The storage directory /workdir/hadoop-ozone/integration-test/target/test-dir/MiniOzoneClusterImpl-401054cd-1d18-4b1d-93f9-f32735cbde25/datanode-3/data/ratis/4d1466f1-8749-4810-9f6d-9c1e3546a2e3 does not exist. Creating ...
2019-10-09 17:51:57,170 [pool-413-thread-1] INFO  storage.RaftStorageDirectory (RaftStorageDirectory.java:tryLock(328)) - Lock on /workdir/hadoop-ozone/integration-test/target/test-dir/MiniOzoneClusterImpl-401054cd-1d18-4b1d-93f9-f32735cbde25/datanode-3/data/ratis/4d1466f1-8749-4810-9f6d-9c1e3546a2e3/in_use.lock acquired by nodename 23917@pr-hdds-2269-pcp4p-266198477
2019-10-09 17:51:57,173 [pool-413-thread-1] INFO  storage.RaftStorage (RaftStorage.java:format(84)) - Storage directory /workdir/hadoop-ozone/integration-test/target/test-dir/MiniOzoneClusterImpl-401054cd-1d18-4b1d-93f9-f32735cbde25/datanode-3/data/ratis/4d1466f1-8749-4810-9f6d-9c1e3546a2e3 has been successfully formatted.
2019-10-09 17:51:57,174 [pool-413-thread-1] INFO  ratis.ContainerStateMachine (ContainerStateMachine.java:loadSnapshot(231)) - group-9C1E3546A2E3: The snapshot info is null. Setting the last applied indexto:(t:0, i:~)
2019-10-09 17:51:57,174 [pool-413-thread-1] INFO  server.RaftServerConfigKeys (ConfUtils.java:logGet(43)) - raft.server.notification.no-leader.timeout = 120s (custom)
2019-10-09 17:51:57,174 [pool-413-thread-1] INFO  server.RaftServerConfigKeys (ConfUtils.java:logGet(43)) - raft.server.log.use.memory = false (default)
2019-10-09 17:51:57,174 [pool-413-thread-1] INFO  server.RaftServerConfigKeys (ConfUtils.java:logGet(43)) - raft.server.log.purge.gap = 1000000 (custom)
2019-10-09 17:51:57,174 [pool-413-thread-1] INFO  server.RaftServerConfigKeys (ConfUtils.java:logGet(43)) - raft.server.log.appender.buffer.byte-limit = 33554432 (custom)
2019-10-09 17:51:57,174 [pool-413-thread-1] INFO  server.RaftServerConfigKeys (ConfUtils.java:logGet(43)) - raft.server.log.segment.size.max = 1048576 (custom)
2019-10-09 17:51:57,176 [pool-413-thread-1] INFO  server.RaftServerConfigKeys (ConfUtils.java:logGet(43)) - raft.server.log.segment.cache.num.max = 2 (custom)
2019-10-09 17:51:57,176 [pool-413-thread-1] INFO  segmented.SegmentedRaftLogWorker (SegmentedRaftLogWorker.java:<init>(173)) - new bed22c07-2a87-46f9-b28c-6f490a890e0f@group-9C1E3546A2E3-SegmentedRaftLogWorker for RaftStorage:Storage Directory /workdir/hadoop-ozone/integration-test/target/test-dir/MiniOzoneClusterImpl-401054cd-1d18-4b1d-93f9-f32735cbde25/datanode-3/data/ratis/4d1466f1-8749-4810-9f6d-9c1e3546a2e3
2019-10-09 17:51:57,176 [pool-413-thread-1] INFO  server.RaftServerConfigKeys (ConfUtils.java:logGet(43)) - raft.server.log.queue.byte-limit = 2147483647 (custom)
2019-10-09 17:51:57,176 [pool-413-thread-1] INFO  server.RaftServerConfigKeys (ConfUtils.java:logGet(43)) - raft.server.log.queue.element-limit = 1024 (custom)
2019-10-09 17:51:57,176 [pool-413-thread-1] INFO  server.RaftServerConfigKeys (ConfUtils.java:logGet(43)) - raft.server.log.segment.size.max = 1048576 (custom)
2019-10-09 17:51:57,176 [pool-413-thread-1] INFO  server.RaftServerConfigKeys (ConfUtils.java:logGet(43)) - raft.server.log.preallocated.size = 16384 (custom)
2019-10-09 17:51:57,177 [pool-413-thread-1] INFO  server.RaftServerConfigKeys (ConfUtils.java:logGet(43)) - raft.server.log.write.buffer.size = 33554432 (custom)
2019-10-09 17:51:57,177 [pool-413-thread-1] INFO  server.RaftServerConfigKeys (ConfUtils.java:logGet(43)) - raft.server.log.force.sync.num = 128 (default)
2019-10-09 17:51:57,177 [pool-413-thread-1] INFO  server.RaftServerConfigKeys (ConfUtils.java:logGet(43)) - raft.server.log.statemachine.data.sync = true (default)
2019-10-09 17:51:57,177 [pool-413-thread-1] INFO  server.RaftServerConfigKeys (ConfUtils.java:logGet(43)) - raft.server.log.statemachine.data.sync.timeout = 10s (default)
2019-10-09 17:51:57,177 [pool-413-thread-1] INFO  server.RaftServerConfigKeys (ConfUtils.java:logGet(43)) - raft.server.log.statemachine.data.sync.timeout.retry = -1 (default)
2019-10-09 17:51:57,177 [pool-413-thread-1] INFO  server.RaftServerConfigKeys (ConfUtils.java:logGet(43)) - raft.server.log.statemachine.data.caching.enabled = true (custom)
2019-10-09 17:51:57,178 [pool-413-thread-1] INFO  segmented.SegmentedRaftLogWorker (SegmentedRaftLogWorker.java:lambda$new$0(128)) - bed22c07-2a87-46f9-b28c-6f490a890e0f@group-9C1E3546A2E3-SegmentedRaftLogWorker: flushIndex: setUnconditionally 0 -> -1
2019-10-09 17:51:57,178 [pool-413-thread-1] INFO  server.RaftServerConfigKeys (ConfUtils.java:logGet(43)) - raft.server.snapshot.auto.trigger.enabled = true (custom)
2019-10-09 17:51:57,178 [pool-413-thread-1] INFO  server.RaftServerConfigKeys (ConfUtils.java:logGet(43)) - raft.server.snapshot.auto.trigger.threshold = 10000 (custom)
2019-10-09 17:51:57,178 [pool-413-thread-1] INFO  server.RaftServerConfigKeys (ConfUtils.java:logGet(43)) - raft.server.snapshot.retention.file.num = 5 (custom)
2019-10-09 17:51:57,178 [pool-413-thread-1] INFO  server.RaftServerConfigKeys (ConfUtils.java:logGet(43)) - raft.server.retrycache.expirytime = 600000ms (custom)
2019-10-09 17:51:57,180 [pool-413-thread-1] INFO  impl.RaftServerImpl (RaftServerImpl.java:start(181)) - bed22c07-2a87-46f9-b28c-6f490a890e0f@group-9C1E3546A2E3: start as a follower, conf=-1: [bed22c07-2a87-46f9-b28c-6f490a890e0f:192.168.5.136:34244], old=null
2019-10-09 17:51:57,180 [pool-413-thread-1] INFO  impl.RaftServerImpl (RaftServerImpl.java:setRole(170)) - bed22c07-2a87-46f9-b28c-6f490a890e0f@group-9C1E3546A2E3: changes role from      null to FOLLOWER at term 0 for startAsFollower
2019-10-09 17:51:57,180 [pool-413-thread-1] INFO  impl.RoleInfo (RoleInfo.java:updateAndGet(143)) - bed22c07-2a87-46f9-b28c-6f490a890e0f: start FollowerState
2019-10-09 17:51:57,180 [pool-413-thread-1] INFO  util.JmxRegister (JmxRegister.java:tryRegister(44)) - Successfully registered JMX Bean with object name Ratis:service=RaftServer,group=group-9C1E3546A2E3,id=bed22c07-2a87-46f9-b28c-6f490a890e0f
2019-10-09 17:51:57,184 [RatisPipelineUtilsThread] INFO  pipeline.PipelineStateManager (PipelineStateManager.java:addPipeline(56)) - Created pipeline Pipeline[ Id: 4d1466f1-8749-4810-9f6d-9c1e3546a2e3, Nodes: bed22c07-2a87-46f9-b28c-6f490a890e0f{ip: 192.168.5.136, host: pr-hdds-2269-pcp4p-266198477, networkLocation: /default-rack, certSerialId: null}, Type:RATIS, Factor:ONE, State:OPEN]
2019-10-09 17:51:57,209 [grpc-default-executor-2] INFO  impl.RaftServerProxy (RaftServerProxy.java:addNew(89)) - 8271a63f-a8ec-4e77-85a9-5f7807dea002: addNew group-46165D7BA918:[8271a63f-a8ec-4e77-85a9-5f7807dea002:192.168.5.136:39774] returns group-46165D7BA918:java.util.concurrent.CompletableFuture@137641f6[Not completed]
2019-10-09 17:51:57,210 [pool-423-thread-1] INFO  impl.RaftServerImpl (RaftServerImpl.java:<init>(95)) - 8271a63f-a8ec-4e77-85a9-5f7807dea002: new RaftServerImpl for group-46165D7BA918:[8271a63f-a8ec-4e77-85a9-5f7807dea002:192.168.5.136:39774] with ContainerStateMachine:uninitialized
2019-10-09 17:51:57,210 [pool-423-thread-1] INFO  server.RaftServerConfigKeys (ConfUtils.java:logGet(43)) - raft.server.rpc.timeout.min = 5s (custom)
2019-10-09 17:51:57,211 [pool-423-thread-1] INFO  server.RaftServerConfigKeys (ConfUtils.java:logGet(43)) - raft.server.rpc.timeout.max = 5200ms (custom)
2019-10-09 17:51:57,211 [pool-423-thread-1] INFO  server.RaftServerConfigKeys (ConfUtils.java:logGet(43)) - raft.server.rpcslowness.timeout = 120s (custom)
2019-10-09 17:51:57,211 [pool-423-thread-1] INFO  server.RaftServerConfigKeys (ConfUtils.java:logGet(43)) - raft.server.sleep.deviation.threshold = 300 (default)
2019-10-09 17:51:57,211 [pool-423-thread-1] INFO  server.RaftServerConfigKeys (ConfUtils.java:logGet(43)) - raft.server.log.appender.install.snapshot.enabled = false (custom)
2019-10-09 17:51:57,211 [pool-423-thread-1] INFO  impl.RaftServerImpl (ServerState.java:<init>(103)) - 8271a63f-a8ec-4e77-85a9-5f7807dea002@group-46165D7BA918: ConfigurationManager, init=-1: [8271a63f-a8ec-4e77-85a9-5f7807dea002:192.168.5.136:39774], old=null, confs=<EMPTY_MAP>
2019-10-09 17:51:57,211 [pool-423-thread-1] INFO  server.RaftServerConfigKeys (ConfUtils.java:logGet(43)) - raft.server.storage.dir = [/workdir/hadoop-ozone/integration-test/target/test-dir/MiniOzoneClusterImpl-401054cd-1d18-4b1d-93f9-f32735cbde25/datanode-4/data/ratis] (custom)
2019-10-09 17:51:57,212 [pool-423-thread-1] INFO  server.RaftServerConfigKeys (ConfUtils.java:logGet(43)) - raft.server.log.corruption.policy = EXCEPTION (default)
2019-10-09 17:51:57,212 [pool-423-thread-1] INFO  storage.RaftStorageDirectory (RaftStorageDirectory.java:analyzeStorage(246)) - The storage directory /workdir/hadoop-ozone/integration-test/target/test-dir/MiniOzoneClusterImpl-401054cd-1d18-4b1d-93f9-f32735cbde25/datanode-4/data/ratis/35b08111-9b75-4cb5-ba0f-46165d7ba918 does not exist. Creating ...
2019-10-09 17:51:57,218 [IPC Server handler 6 on 45178] INFO  net.NetworkTopology (NetworkTopologyImpl.java:add(111)) - Added a new node: /default-rack/cf784504-f4eb-4893-a89f-4f27ba959ccd
2019-10-09 17:51:57,218 [IPC Server handler 6 on 45178] INFO  node.SCMNodeManager (SCMNodeManager.java:register(268)) - Registered Data node : cf784504-f4eb-4893-a89f-4f27ba959ccd{ip: 192.168.5.136, host: pr-hdds-2269-pcp4p-266198477, networkLocation: /default-rack, certSerialId: null}
2019-10-09 17:51:57,229 [pool-423-thread-1] INFO  storage.RaftStorageDirectory (RaftStorageDirectory.java:tryLock(328)) - Lock on /workdir/hadoop-ozone/integration-test/target/test-dir/MiniOzoneClusterImpl-401054cd-1d18-4b1d-93f9-f32735cbde25/datanode-4/data/ratis/35b08111-9b75-4cb5-ba0f-46165d7ba918/in_use.lock acquired by nodename 23917@pr-hdds-2269-pcp4p-266198477
2019-10-09 17:51:57,241 [pool-423-thread-1] INFO  storage.RaftStorage (RaftStorage.java:format(84)) - Storage directory /workdir/hadoop-ozone/integration-test/target/test-dir/MiniOzoneClusterImpl-401054cd-1d18-4b1d-93f9-f32735cbde25/datanode-4/data/ratis/35b08111-9b75-4cb5-ba0f-46165d7ba918 has been successfully formatted.
2019-10-09 17:51:57,242 [pool-423-thread-1] INFO  ratis.ContainerStateMachine (ContainerStateMachine.java:loadSnapshot(231)) - group-46165D7BA918: The snapshot info is null. Setting the last applied indexto:(t:0, i:~)
2019-10-09 17:51:57,242 [pool-423-thread-1] INFO  server.RaftServerConfigKeys (ConfUtils.java:logGet(43)) - raft.server.notification.no-leader.timeout = 120s (custom)
2019-10-09 17:51:57,242 [pool-423-thread-1] INFO  server.RaftServerConfigKeys (ConfUtils.java:logGet(43)) - raft.server.log.use.memory = false (default)
2019-10-09 17:51:57,242 [pool-423-thread-1] INFO  server.RaftServerConfigKeys (ConfUtils.java:logGet(43)) - raft.server.log.purge.gap = 1000000 (custom)
2019-10-09 17:51:57,242 [pool-423-thread-1] INFO  server.RaftServerConfigKeys (ConfUtils.java:logGet(43)) - raft.server.log.appender.buffer.byte-limit = 33554432 (custom)
2019-10-09 17:51:57,242 [pool-423-thread-1] INFO  server.RaftServerConfigKeys (ConfUtils.java:logGet(43)) - raft.server.log.segment.size.max = 1048576 (custom)
2019-10-09 17:51:57,244 [pool-423-thread-1] INFO  server.RaftServerConfigKeys (ConfUtils.java:logGet(43)) - raft.server.log.segment.cache.num.max = 2 (custom)
2019-10-09 17:51:57,244 [pool-423-thread-1] INFO  segmented.SegmentedRaftLogWorker (SegmentedRaftLogWorker.java:<init>(173)) - new 8271a63f-a8ec-4e77-85a9-5f7807dea002@group-46165D7BA918-SegmentedRaftLogWorker for RaftStorage:Storage Directory /workdir/hadoop-ozone/integration-test/target/test-dir/MiniOzoneClusterImpl-401054cd-1d18-4b1d-93f9-f32735cbde25/datanode-4/data/ratis/35b08111-9b75-4cb5-ba0f-46165d7ba918
2019-10-09 17:51:57,245 [pool-423-thread-1] INFO  server.RaftServerConfigKeys (ConfUtils.java:logGet(43)) - raft.server.log.queue.byte-limit = 2147483647 (custom)
2019-10-09 17:51:57,245 [pool-423-thread-1] INFO  server.RaftServerConfigKeys (ConfUtils.java:logGet(43)) - raft.server.log.queue.element-limit = 1024 (custom)
2019-10-09 17:51:57,245 [pool-423-thread-1] INFO  server.RaftServerConfigKeys (ConfUtils.java:logGet(43)) - raft.server.log.segment.size.max = 1048576 (custom)
2019-10-09 17:51:57,245 [pool-423-thread-1] INFO  server.RaftServerConfigKeys (ConfUtils.java:logGet(43)) - raft.server.log.preallocated.size = 16384 (custom)
2019-10-09 17:51:57,245 [pool-423-thread-1] INFO  server.RaftServerConfigKeys (ConfUtils.java:logGet(43)) - raft.server.log.write.buffer.size = 33554432 (custom)
2019-10-09 17:51:57,245 [pool-423-thread-1] INFO  server.RaftServerConfigKeys (ConfUtils.java:logGet(43)) - raft.server.log.force.sync.num = 128 (default)
2019-10-09 17:51:57,245 [pool-423-thread-1] INFO  server.RaftServerConfigKeys (ConfUtils.java:logGet(43)) - raft.server.log.statemachine.data.sync = true (default)
2019-10-09 17:51:57,246 [pool-423-thread-1] INFO  server.RaftServerConfigKeys (ConfUtils.java:logGet(43)) - raft.server.log.statemachine.data.sync.timeout = 10s (default)
2019-10-09 17:51:57,246 [pool-423-thread-1] INFO  server.RaftServerConfigKeys (ConfUtils.java:logGet(43)) - raft.server.log.statemachine.data.sync.timeout.retry = -1 (default)
2019-10-09 17:51:57,246 [pool-423-thread-1] INFO  server.RaftServerConfigKeys (ConfUtils.java:logGet(43)) - raft.server.log.statemachine.data.caching.enabled = true (custom)
2019-10-09 17:51:57,247 [pool-423-thread-1] INFO  segmented.SegmentedRaftLogWorker (SegmentedRaftLogWorker.java:lambda$new$0(128)) - 8271a63f-a8ec-4e77-85a9-5f7807dea002@group-46165D7BA918-SegmentedRaftLogWorker: flushIndex: setUnconditionally 0 -> -1
2019-10-09 17:51:57,247 [pool-423-thread-1] INFO  server.RaftServerConfigKeys (ConfUtils.java:logGet(43)) - raft.server.snapshot.auto.trigger.enabled = true (custom)
2019-10-09 17:51:57,247 [pool-423-thread-1] INFO  server.RaftServerConfigKeys (ConfUtils.java:logGet(43)) - raft.server.snapshot.auto.trigger.threshold = 10000 (custom)
2019-10-09 17:51:57,247 [pool-423-thread-1] INFO  server.RaftServerConfigKeys (ConfUtils.java:logGet(43)) - raft.server.snapshot.retention.file.num = 5 (custom)
2019-10-09 17:51:57,247 [pool-423-thread-1] INFO  server.RaftServerConfigKeys (ConfUtils.java:logGet(43)) - raft.server.retrycache.expirytime = 600000ms (custom)
2019-10-09 17:51:57,249 [pool-423-thread-1] INFO  impl.RaftServerImpl (RaftServerImpl.java:start(181)) - 8271a63f-a8ec-4e77-85a9-5f7807dea002@group-46165D7BA918: start as a follower, conf=-1: [8271a63f-a8ec-4e77-85a9-5f7807dea002:192.168.5.136:39774], old=null
2019-10-09 17:51:57,249 [pool-423-thread-1] INFO  impl.RaftServerImpl (RaftServerImpl.java:setRole(170)) - 8271a63f-a8ec-4e77-85a9-5f7807dea002@group-46165D7BA918: changes role from      null to FOLLOWER at term 0 for startAsFollower
2019-10-09 17:51:57,249 [pool-423-thread-1] INFO  impl.RoleInfo (RoleInfo.java:updateAndGet(143)) - 8271a63f-a8ec-4e77-85a9-5f7807dea002: start FollowerState
2019-10-09 17:51:57,250 [pool-423-thread-1] INFO  util.JmxRegister (JmxRegister.java:tryRegister(44)) - Successfully registered JMX Bean with object name Ratis:service=RaftServer,group=group-46165D7BA918,id=8271a63f-a8ec-4e77-85a9-5f7807dea002
2019-10-09 17:51:57,254 [RatisPipelineUtilsThread] INFO  pipeline.PipelineStateManager (PipelineStateManager.java:addPipeline(56)) - Created pipeline Pipeline[ Id: 35b08111-9b75-4cb5-ba0f-46165d7ba918, Nodes: 8271a63f-a8ec-4e77-85a9-5f7807dea002{ip: 192.168.5.136, host: pr-hdds-2269-pcp4p-266198477, networkLocation: /default-rack, certSerialId: null}, Type:RATIS, Factor:ONE, State:OPEN]
2019-10-09 17:51:57,260 [grpc-default-executor-2] INFO  impl.RaftServerProxy (RaftServerProxy.java:addNew(89)) - cf784504-f4eb-4893-a89f-4f27ba959ccd: addNew group-C2721F60CB21:[cf784504-f4eb-4893-a89f-4f27ba959ccd:192.168.5.136:34698] returns group-C2721F60CB21:java.util.concurrent.CompletableFuture@23df9311[Not completed]
2019-10-09 17:51:57,261 [pool-433-thread-1] INFO  impl.RaftServerImpl (RaftServerImpl.java:<init>(95)) - cf784504-f4eb-4893-a89f-4f27ba959ccd: new RaftServerImpl for group-C2721F60CB21:[cf784504-f4eb-4893-a89f-4f27ba959ccd:192.168.5.136:34698] with ContainerStateMachine:uninitialized
2019-10-09 17:51:57,261 [pool-433-thread-1] INFO  server.RaftServerConfigKeys (ConfUtils.java:logGet(43)) - raft.server.rpc.timeout.min = 5s (custom)
2019-10-09 17:51:57,262 [pool-433-thread-1] INFO  server.RaftServerConfigKeys (ConfUtils.java:logGet(43)) - raft.server.rpc.timeout.max = 5200ms (custom)
2019-10-09 17:51:57,262 [pool-433-thread-1] INFO  server.RaftServerConfigKeys (ConfUtils.java:logGet(43)) - raft.server.rpcslowness.timeout = 120s (custom)
2019-10-09 17:51:57,262 [pool-433-thread-1] INFO  server.RaftServerConfigKeys (ConfUtils.java:logGet(43)) - raft.server.sleep.deviation.threshold = 300 (default)
2019-10-09 17:51:57,262 [pool-433-thread-1] INFO  server.RaftServerConfigKeys (ConfUtils.java:logGet(43)) - raft.server.log.appender.install.snapshot.enabled = false (custom)
2019-10-09 17:51:57,262 [pool-433-thread-1] INFO  impl.RaftServerImpl (ServerState.java:<init>(103)) - cf784504-f4eb-4893-a89f-4f27ba959ccd@group-C2721F60CB21: ConfigurationManager, init=-1: [cf784504-f4eb-4893-a89f-4f27ba959ccd:192.168.5.136:34698], old=null, confs=<EMPTY_MAP>
2019-10-09 17:51:57,262 [pool-433-thread-1] INFO  server.RaftServerConfigKeys (ConfUtils.java:logGet(43)) - raft.server.storage.dir = [/workdir/hadoop-ozone/integration-test/target/test-dir/MiniOzoneClusterImpl-401054cd-1d18-4b1d-93f9-f32735cbde25/datanode-5/data/ratis] (custom)
2019-10-09 17:51:57,262 [pool-433-thread-1] INFO  server.RaftServerConfigKeys (ConfUtils.java:logGet(43)) - raft.server.log.corruption.policy = EXCEPTION (default)
2019-10-09 17:51:57,263 [pool-433-thread-1] INFO  storage.RaftStorageDirectory (RaftStorageDirectory.java:analyzeStorage(246)) - The storage directory /workdir/hadoop-ozone/integration-test/target/test-dir/MiniOzoneClusterImpl-401054cd-1d18-4b1d-93f9-f32735cbde25/datanode-5/data/ratis/e44a3438-a497-4999-b430-c2721f60cb21 does not exist. Creating ...
2019-10-09 17:51:57,277 [pool-433-thread-1] INFO  storage.RaftStorageDirectory (RaftStorageDirectory.java:tryLock(328)) - Lock on /workdir/hadoop-ozone/integration-test/target/test-dir/MiniOzoneClusterImpl-401054cd-1d18-4b1d-93f9-f32735cbde25/datanode-5/data/ratis/e44a3438-a497-4999-b430-c2721f60cb21/in_use.lock acquired by nodename 23917@pr-hdds-2269-pcp4p-266198477
2019-10-09 17:51:57,280 [main] INFO  ozone.MiniOzoneClusterImpl (MiniOzoneClusterImpl.java:lambda$waitForClusterToBeReady$0(147)) - Waiting for cluster to be ready. Got 6 of 7 DN Heartbeats.
2019-10-09 17:51:57,280 [IPC Server handler 0 on 45178] INFO  net.NetworkTopology (NetworkTopologyImpl.java:add(111)) - Added a new node: /default-rack/f2c3255d-cfd3-4033-ac4e-dd725c0d9f29
2019-10-09 17:51:57,280 [IPC Server handler 0 on 45178] INFO  node.SCMNodeManager (SCMNodeManager.java:register(268)) - Registered Data node : f2c3255d-cfd3-4033-ac4e-dd725c0d9f29{ip: 192.168.5.136, host: pr-hdds-2269-pcp4p-266198477, networkLocation: /default-rack, certSerialId: null}
2019-10-09 17:51:57,289 [pool-433-thread-1] INFO  storage.RaftStorage (RaftStorage.java:format(84)) - Storage directory /workdir/hadoop-ozone/integration-test/target/test-dir/MiniOzoneClusterImpl-401054cd-1d18-4b1d-93f9-f32735cbde25/datanode-5/data/ratis/e44a3438-a497-4999-b430-c2721f60cb21 has been successfully formatted.
2019-10-09 17:51:57,289 [pool-433-thread-1] INFO  ratis.ContainerStateMachine (ContainerStateMachine.java:loadSnapshot(231)) - group-C2721F60CB21: The snapshot info is null. Setting the last applied indexto:(t:0, i:~)
2019-10-09 17:51:57,289 [pool-433-thread-1] INFO  server.RaftServerConfigKeys (ConfUtils.java:logGet(43)) - raft.server.notification.no-leader.timeout = 120s (custom)
2019-10-09 17:51:57,289 [pool-433-thread-1] INFO  server.RaftServerConfigKeys (ConfUtils.java:logGet(43)) - raft.server.log.use.memory = false (default)
2019-10-09 17:51:57,290 [pool-433-thread-1] INFO  server.RaftServerConfigKeys (ConfUtils.java:logGet(43)) - raft.server.log.purge.gap = 1000000 (custom)
2019-10-09 17:51:57,290 [pool-433-thread-1] INFO  server.RaftServerConfigKeys (ConfUtils.java:logGet(43)) - raft.server.log.appender.buffer.byte-limit = 33554432 (custom)
2019-10-09 17:51:57,290 [pool-433-thread-1] INFO  server.RaftServerConfigKeys (ConfUtils.java:logGet(43)) - raft.server.log.segment.size.max = 1048576 (custom)
2019-10-09 17:51:57,291 [pool-433-thread-1] INFO  server.RaftServerConfigKeys (ConfUtils.java:logGet(43)) - raft.server.log.segment.cache.num.max = 2 (custom)
2019-10-09 17:51:57,291 [pool-433-thread-1] INFO  segmented.SegmentedRaftLogWorker (SegmentedRaftLogWorker.java:<init>(173)) - new cf784504-f4eb-4893-a89f-4f27ba959ccd@group-C2721F60CB21-SegmentedRaftLogWorker for RaftStorage:Storage Directory /workdir/hadoop-ozone/integration-test/target/test-dir/MiniOzoneClusterImpl-401054cd-1d18-4b1d-93f9-f32735cbde25/datanode-5/data/ratis/e44a3438-a497-4999-b430-c2721f60cb21
2019-10-09 17:51:57,291 [pool-433-thread-1] INFO  server.RaftServerConfigKeys (ConfUtils.java:logGet(43)) - raft.server.log.queue.byte-limit = 2147483647 (custom)
2019-10-09 17:51:57,292 [pool-433-thread-1] INFO  server.RaftServerConfigKeys (ConfUtils.java:logGet(43)) - raft.server.log.queue.element-limit = 1024 (custom)
2019-10-09 17:51:57,292 [pool-433-thread-1] INFO  server.RaftServerConfigKeys (ConfUtils.java:logGet(43)) - raft.server.log.segment.size.max = 1048576 (custom)
2019-10-09 17:51:57,292 [pool-433-thread-1] INFO  server.RaftServerConfigKeys (ConfUtils.java:logGet(43)) - raft.server.log.preallocated.size = 16384 (custom)
2019-10-09 17:51:57,292 [pool-433-thread-1] INFO  server.RaftServerConfigKeys (ConfUtils.java:logGet(43)) - raft.server.log.write.buffer.size = 33554432 (custom)
2019-10-09 17:51:57,292 [pool-433-thread-1] INFO  server.RaftServerConfigKeys (ConfUtils.java:logGet(43)) - raft.server.log.force.sync.num = 128 (default)
2019-10-09 17:51:57,292 [pool-433-thread-1] INFO  server.RaftServerConfigKeys (ConfUtils.java:logGet(43)) - raft.server.log.statemachine.data.sync = true (default)
2019-10-09 17:51:57,292 [pool-433-thread-1] INFO  server.RaftServerConfigKeys (ConfUtils.java:logGet(43)) - raft.server.log.statemachine.data.sync.timeout = 10s (default)
2019-10-09 17:51:57,292 [pool-433-thread-1] INFO  server.RaftServerConfigKeys (ConfUtils.java:logGet(43)) - raft.server.log.statemachine.data.sync.timeout.retry = -1 (default)
2019-10-09 17:51:57,293 [pool-433-thread-1] INFO  server.RaftServerConfigKeys (ConfUtils.java:logGet(43)) - raft.server.log.statemachine.data.caching.enabled = true (custom)
2019-10-09 17:51:57,293 [pool-433-thread-1] INFO  segmented.SegmentedRaftLogWorker (SegmentedRaftLogWorker.java:lambda$new$0(128)) - cf784504-f4eb-4893-a89f-4f27ba959ccd@group-C2721F60CB21-SegmentedRaftLogWorker: flushIndex: setUnconditionally 0 -> -1
2019-10-09 17:51:57,293 [pool-433-thread-1] INFO  server.RaftServerConfigKeys (ConfUtils.java:logGet(43)) - raft.server.snapshot.auto.trigger.enabled = true (custom)
2019-10-09 17:51:57,293 [pool-433-thread-1] INFO  server.RaftServerConfigKeys (ConfUtils.java:logGet(43)) - raft.server.snapshot.auto.trigger.threshold = 10000 (custom)
2019-10-09 17:51:57,293 [pool-433-thread-1] INFO  server.RaftServerConfigKeys (ConfUtils.java:logGet(43)) - raft.server.snapshot.retention.file.num = 5 (custom)
2019-10-09 17:51:57,294 [pool-433-thread-1] INFO  server.RaftServerConfigKeys (ConfUtils.java:logGet(43)) - raft.server.retrycache.expirytime = 600000ms (custom)
2019-10-09 17:51:57,295 [pool-433-thread-1] INFO  impl.RaftServerImpl (RaftServerImpl.java:start(181)) - cf784504-f4eb-4893-a89f-4f27ba959ccd@group-C2721F60CB21: start as a follower, conf=-1: [cf784504-f4eb-4893-a89f-4f27ba959ccd:192.168.5.136:34698], old=null
2019-10-09 17:51:57,295 [pool-433-thread-1] INFO  impl.RaftServerImpl (RaftServerImpl.java:setRole(170)) - cf784504-f4eb-4893-a89f-4f27ba959ccd@group-C2721F60CB21: changes role from      null to FOLLOWER at term 0 for startAsFollower
2019-10-09 17:51:57,295 [pool-433-thread-1] INFO  impl.RoleInfo (RoleInfo.java:updateAndGet(143)) - cf784504-f4eb-4893-a89f-4f27ba959ccd: start FollowerState
2019-10-09 17:51:57,296 [pool-433-thread-1] INFO  util.JmxRegister (JmxRegister.java:tryRegister(44)) - Successfully registered JMX Bean with object name Ratis:service=RaftServer,group=group-C2721F60CB21,id=cf784504-f4eb-4893-a89f-4f27ba959ccd
2019-10-09 17:51:57,299 [RatisPipelineUtilsThread] INFO  pipeline.PipelineStateManager (PipelineStateManager.java:addPipeline(56)) - Created pipeline Pipeline[ Id: e44a3438-a497-4999-b430-c2721f60cb21, Nodes: cf784504-f4eb-4893-a89f-4f27ba959ccd{ip: 192.168.5.136, host: pr-hdds-2269-pcp4p-266198477, networkLocation: /default-rack, certSerialId: null}, Type:RATIS, Factor:ONE, State:OPEN]
2019-10-09 17:51:57,306 [grpc-default-executor-2] INFO  impl.RaftServerProxy (RaftServerProxy.java:addNew(89)) - f2c3255d-cfd3-4033-ac4e-dd725c0d9f29: addNew group-8897C5F246BE:[f2c3255d-cfd3-4033-ac4e-dd725c0d9f29:192.168.5.136:35742] returns group-8897C5F246BE:java.util.concurrent.CompletableFuture@61ae033b[Not completed]
2019-10-09 17:51:57,307 [pool-443-thread-1] INFO  impl.RaftServerImpl (RaftServerImpl.java:<init>(95)) - f2c3255d-cfd3-4033-ac4e-dd725c0d9f29: new RaftServerImpl for group-8897C5F246BE:[f2c3255d-cfd3-4033-ac4e-dd725c0d9f29:192.168.5.136:35742] with ContainerStateMachine:uninitialized
2019-10-09 17:51:57,307 [pool-443-thread-1] INFO  server.RaftServerConfigKeys (ConfUtils.java:logGet(43)) - raft.server.rpc.timeout.min = 5s (custom)
2019-10-09 17:51:57,307 [pool-443-thread-1] INFO  server.RaftServerConfigKeys (ConfUtils.java:logGet(43)) - raft.server.rpc.timeout.max = 5200ms (custom)
2019-10-09 17:51:57,307 [pool-443-thread-1] INFO  server.RaftServerConfigKeys (ConfUtils.java:logGet(43)) - raft.server.rpcslowness.timeout = 120s (custom)
2019-10-09 17:51:57,307 [pool-443-thread-1] INFO  server.RaftServerConfigKeys (ConfUtils.java:logGet(43)) - raft.server.sleep.deviation.threshold = 300 (default)
2019-10-09 17:51:57,307 [pool-443-thread-1] INFO  server.RaftServerConfigKeys (ConfUtils.java:logGet(43)) - raft.server.log.appender.install.snapshot.enabled = false (custom)
2019-10-09 17:51:57,308 [pool-443-thread-1] INFO  impl.RaftServerImpl (ServerState.java:<init>(103)) - f2c3255d-cfd3-4033-ac4e-dd725c0d9f29@group-8897C5F246BE: ConfigurationManager, init=-1: [f2c3255d-cfd3-4033-ac4e-dd725c0d9f29:192.168.5.136:35742], old=null, confs=<EMPTY_MAP>
2019-10-09 17:51:57,308 [pool-443-thread-1] INFO  server.RaftServerConfigKeys (ConfUtils.java:logGet(43)) - raft.server.storage.dir = [/workdir/hadoop-ozone/integration-test/target/test-dir/MiniOzoneClusterImpl-401054cd-1d18-4b1d-93f9-f32735cbde25/datanode-6/data/ratis] (custom)
2019-10-09 17:51:57,308 [pool-443-thread-1] INFO  server.RaftServerConfigKeys (ConfUtils.java:logGet(43)) - raft.server.log.corruption.policy = EXCEPTION (default)
2019-10-09 17:51:57,308 [pool-443-thread-1] INFO  storage.RaftStorageDirectory (RaftStorageDirectory.java:analyzeStorage(246)) - The storage directory /workdir/hadoop-ozone/integration-test/target/test-dir/MiniOzoneClusterImpl-401054cd-1d18-4b1d-93f9-f32735cbde25/datanode-6/data/ratis/0238c47d-976b-4da4-b016-8897c5f246be does not exist. Creating ...
2019-10-09 17:51:57,322 [pool-443-thread-1] INFO  storage.RaftStorageDirectory (RaftStorageDirectory.java:tryLock(328)) - Lock on /workdir/hadoop-ozone/integration-test/target/test-dir/MiniOzoneClusterImpl-401054cd-1d18-4b1d-93f9-f32735cbde25/datanode-6/data/ratis/0238c47d-976b-4da4-b016-8897c5f246be/in_use.lock acquired by nodename 23917@pr-hdds-2269-pcp4p-266198477
2019-10-09 17:51:57,334 [pool-443-thread-1] INFO  storage.RaftStorage (RaftStorage.java:format(84)) - Storage directory /workdir/hadoop-ozone/integration-test/target/test-dir/MiniOzoneClusterImpl-401054cd-1d18-4b1d-93f9-f32735cbde25/datanode-6/data/ratis/0238c47d-976b-4da4-b016-8897c5f246be has been successfully formatted.
2019-10-09 17:51:57,335 [pool-443-thread-1] INFO  ratis.ContainerStateMachine (ContainerStateMachine.java:loadSnapshot(231)) - group-8897C5F246BE: The snapshot info is null. Setting the last applied indexto:(t:0, i:~)
2019-10-09 17:51:57,335 [pool-443-thread-1] INFO  server.RaftServerConfigKeys (ConfUtils.java:logGet(43)) - raft.server.notification.no-leader.timeout = 120s (custom)
2019-10-09 17:51:57,335 [pool-443-thread-1] INFO  server.RaftServerConfigKeys (ConfUtils.java:logGet(43)) - raft.server.log.use.memory = false (default)
2019-10-09 17:51:57,335 [pool-443-thread-1] INFO  server.RaftServerConfigKeys (ConfUtils.java:logGet(43)) - raft.server.log.purge.gap = 1000000 (custom)
2019-10-09 17:51:57,335 [pool-443-thread-1] INFO  server.RaftServerConfigKeys (ConfUtils.java:logGet(43)) - raft.server.log.appender.buffer.byte-limit = 33554432 (custom)
2019-10-09 17:51:57,335 [pool-443-thread-1] INFO  server.RaftServerConfigKeys (ConfUtils.java:logGet(43)) - raft.server.log.segment.size.max = 1048576 (custom)
2019-10-09 17:51:57,336 [pool-443-thread-1] INFO  server.RaftServerConfigKeys (ConfUtils.java:logGet(43)) - raft.server.log.segment.cache.num.max = 2 (custom)
2019-10-09 17:51:57,336 [pool-443-thread-1] INFO  segmented.SegmentedRaftLogWorker (SegmentedRaftLogWorker.java:<init>(173)) - new f2c3255d-cfd3-4033-ac4e-dd725c0d9f29@group-8897C5F246BE-SegmentedRaftLogWorker for RaftStorage:Storage Directory /workdir/hadoop-ozone/integration-test/target/test-dir/MiniOzoneClusterImpl-401054cd-1d18-4b1d-93f9-f32735cbde25/datanode-6/data/ratis/0238c47d-976b-4da4-b016-8897c5f246be
2019-10-09 17:51:57,337 [pool-443-thread-1] INFO  server.RaftServerConfigKeys (ConfUtils.java:logGet(43)) - raft.server.log.queue.byte-limit = 2147483647 (custom)
2019-10-09 17:51:57,337 [pool-443-thread-1] INFO  server.RaftServerConfigKeys (ConfUtils.java:logGet(43)) - raft.server.log.queue.element-limit = 1024 (custom)
2019-10-09 17:51:57,337 [pool-443-thread-1] INFO  server.RaftServerConfigKeys (ConfUtils.java:logGet(43)) - raft.server.log.segment.size.max = 1048576 (custom)
2019-10-09 17:51:57,337 [pool-443-thread-1] INFO  server.RaftServerConfigKeys (ConfUtils.java:logGet(43)) - raft.server.log.preallocated.size = 16384 (custom)
2019-10-09 17:51:57,337 [pool-443-thread-1] INFO  server.RaftServerConfigKeys (ConfUtils.java:logGet(43)) - raft.server.log.write.buffer.size = 33554432 (custom)
2019-10-09 17:51:57,337 [pool-443-thread-1] INFO  server.RaftServerConfigKeys (ConfUtils.java:logGet(43)) - raft.server.log.force.sync.num = 128 (default)
2019-10-09 17:51:57,337 [pool-443-thread-1] INFO  server.RaftServerConfigKeys (ConfUtils.java:logGet(43)) - raft.server.log.statemachine.data.sync = true (default)
2019-10-09 17:51:57,337 [pool-443-thread-1] INFO  server.RaftServerConfigKeys (ConfUtils.java:logGet(43)) - raft.server.log.statemachine.data.sync.timeout = 10s (default)
2019-10-09 17:51:57,337 [pool-443-thread-1] INFO  server.RaftServerConfigKeys (ConfUtils.java:logGet(43)) - raft.server.log.statemachine.data.sync.timeout.retry = -1 (default)
2019-10-09 17:51:57,338 [pool-443-thread-1] INFO  server.RaftServerConfigKeys (ConfUtils.java:logGet(43)) - raft.server.log.statemachine.data.caching.enabled = true (custom)
2019-10-09 17:51:57,338 [pool-443-thread-1] INFO  segmented.SegmentedRaftLogWorker (SegmentedRaftLogWorker.java:lambda$new$0(128)) - f2c3255d-cfd3-4033-ac4e-dd725c0d9f29@group-8897C5F246BE-SegmentedRaftLogWorker: flushIndex: setUnconditionally 0 -> -1
2019-10-09 17:51:57,338 [pool-443-thread-1] INFO  server.RaftServerConfigKeys (ConfUtils.java:logGet(43)) - raft.server.snapshot.auto.trigger.enabled = true (custom)
2019-10-09 17:51:57,338 [pool-443-thread-1] INFO  server.RaftServerConfigKeys (ConfUtils.java:logGet(43)) - raft.server.snapshot.auto.trigger.threshold = 10000 (custom)
2019-10-09 17:51:57,338 [pool-443-thread-1] INFO  server.RaftServerConfigKeys (ConfUtils.java:logGet(43)) - raft.server.snapshot.retention.file.num = 5 (custom)
2019-10-09 17:51:57,338 [pool-443-thread-1] INFO  server.RaftServerConfigKeys (ConfUtils.java:logGet(43)) - raft.server.retrycache.expirytime = 600000ms (custom)
2019-10-09 17:51:57,339 [pool-443-thread-1] INFO  impl.RaftServerImpl (RaftServerImpl.java:start(181)) - f2c3255d-cfd3-4033-ac4e-dd725c0d9f29@group-8897C5F246BE: start as a follower, conf=-1: [f2c3255d-cfd3-4033-ac4e-dd725c0d9f29:192.168.5.136:35742], old=null
2019-10-09 17:51:57,340 [pool-443-thread-1] INFO  impl.RaftServerImpl (RaftServerImpl.java:setRole(170)) - f2c3255d-cfd3-4033-ac4e-dd725c0d9f29@group-8897C5F246BE: changes role from      null to FOLLOWER at term 0 for startAsFollower
2019-10-09 17:51:57,340 [pool-443-thread-1] INFO  impl.RoleInfo (RoleInfo.java:updateAndGet(143)) - f2c3255d-cfd3-4033-ac4e-dd725c0d9f29: start FollowerState
2019-10-09 17:51:57,340 [pool-443-thread-1] INFO  util.JmxRegister (JmxRegister.java:tryRegister(44)) - Successfully registered JMX Bean with object name Ratis:service=RaftServer,group=group-8897C5F246BE,id=f2c3255d-cfd3-4033-ac4e-dd725c0d9f29
2019-10-09 17:51:57,343 [RatisPipelineUtilsThread] INFO  pipeline.PipelineStateManager (PipelineStateManager.java:addPipeline(56)) - Created pipeline Pipeline[ Id: 0238c47d-976b-4da4-b016-8897c5f246be, Nodes: f2c3255d-cfd3-4033-ac4e-dd725c0d9f29{ip: 192.168.5.136, host: pr-hdds-2269-pcp4p-266198477, networkLocation: /default-rack, certSerialId: null}, Type:RATIS, Factor:ONE, State:OPEN]
2019-10-09 17:51:57,356 [grpc-default-executor-4] INFO  impl.RaftServerProxy (RaftServerProxy.java:addNew(89)) - cf784504-f4eb-4893-a89f-4f27ba959ccd: addNew group-C3DA5CAAFC27:[bed22c07-2a87-46f9-b28c-6f490a890e0f:192.168.5.136:34244, cf784504-f4eb-4893-a89f-4f27ba959ccd:192.168.5.136:34698, f2c3255d-cfd3-4033-ac4e-dd725c0d9f29:192.168.5.136:35742] returns group-C3DA5CAAFC27:java.util.concurrent.CompletableFuture@2f07d5d8[Not completed]
2019-10-09 17:51:57,357 [grpc-default-executor-4] INFO  impl.RaftServerProxy (RaftServerProxy.java:addNew(89)) - bed22c07-2a87-46f9-b28c-6f490a890e0f: addNew group-C3DA5CAAFC27:[bed22c07-2a87-46f9-b28c-6f490a890e0f:192.168.5.136:34244, cf784504-f4eb-4893-a89f-4f27ba959ccd:192.168.5.136:34698, f2c3255d-cfd3-4033-ac4e-dd725c0d9f29:192.168.5.136:35742] returns group-C3DA5CAAFC27:java.util.concurrent.CompletableFuture@6d63790c[Not completed]
2019-10-09 17:51:57,357 [grpc-default-executor-3] INFO  impl.RaftServerProxy (RaftServerProxy.java:addNew(89)) - f2c3255d-cfd3-4033-ac4e-dd725c0d9f29: addNew group-C3DA5CAAFC27:[bed22c07-2a87-46f9-b28c-6f490a890e0f:192.168.5.136:34244, cf784504-f4eb-4893-a89f-4f27ba959ccd:192.168.5.136:34698, f2c3255d-cfd3-4033-ac4e-dd725c0d9f29:192.168.5.136:35742] returns group-C3DA5CAAFC27:java.util.concurrent.CompletableFuture@66aa767b[Not completed]
2019-10-09 17:51:57,358 [pool-433-thread-1] INFO  impl.RaftServerImpl (RaftServerImpl.java:<init>(95)) - cf784504-f4eb-4893-a89f-4f27ba959ccd: new RaftServerImpl for group-C3DA5CAAFC27:[bed22c07-2a87-46f9-b28c-6f490a890e0f:192.168.5.136:34244, cf784504-f4eb-4893-a89f-4f27ba959ccd:192.168.5.136:34698, f2c3255d-cfd3-4033-ac4e-dd725c0d9f29:192.168.5.136:35742] with ContainerStateMachine:uninitialized
2019-10-09 17:51:57,358 [pool-433-thread-1] INFO  server.RaftServerConfigKeys (ConfUtils.java:logGet(43)) - raft.server.rpc.timeout.min = 5s (custom)
2019-10-09 17:51:57,358 [pool-433-thread-1] INFO  server.RaftServerConfigKeys (ConfUtils.java:logGet(43)) - raft.server.rpc.timeout.max = 5200ms (custom)
2019-10-09 17:51:57,358 [pool-433-thread-1] INFO  server.RaftServerConfigKeys (ConfUtils.java:logGet(43)) - raft.server.rpcslowness.timeout = 120s (custom)
2019-10-09 17:51:57,358 [pool-443-thread-1] INFO  impl.RaftServerImpl (RaftServerImpl.java:<init>(95)) - f2c3255d-cfd3-4033-ac4e-dd725c0d9f29: new RaftServerImpl for group-C3DA5CAAFC27:[bed22c07-2a87-46f9-b28c-6f490a890e0f:192.168.5.136:34244, cf784504-f4eb-4893-a89f-4f27ba959ccd:192.168.5.136:34698, f2c3255d-cfd3-4033-ac4e-dd725c0d9f29:192.168.5.136:35742] with ContainerStateMachine:uninitialized
2019-10-09 17:51:57,358 [pool-433-thread-1] INFO  server.RaftServerConfigKeys (ConfUtils.java:logGet(43)) - raft.server.sleep.deviation.threshold = 300 (default)
2019-10-09 17:51:57,358 [pool-443-thread-1] INFO  server.RaftServerConfigKeys (ConfUtils.java:logGet(43)) - raft.server.rpc.timeout.min = 5s (custom)
2019-10-09 17:51:57,358 [pool-413-thread-1] INFO  impl.RaftServerImpl (RaftServerImpl.java:<init>(95)) - bed22c07-2a87-46f9-b28c-6f490a890e0f: new RaftServerImpl for group-C3DA5CAAFC27:[bed22c07-2a87-46f9-b28c-6f490a890e0f:192.168.5.136:34244, cf784504-f4eb-4893-a89f-4f27ba959ccd:192.168.5.136:34698, f2c3255d-cfd3-4033-ac4e-dd725c0d9f29:192.168.5.136:35742] with ContainerStateMachine:uninitialized
2019-10-09 17:51:57,358 [pool-433-thread-1] INFO  server.RaftServerConfigKeys (ConfUtils.java:logGet(43)) - raft.server.log.appender.install.snapshot.enabled = false (custom)
2019-10-09 17:51:57,359 [pool-413-thread-1] INFO  server.RaftServerConfigKeys (ConfUtils.java:logGet(43)) - raft.server.rpc.timeout.min = 5s (custom)
2019-10-09 17:51:57,359 [pool-443-thread-1] INFO  server.RaftServerConfigKeys (ConfUtils.java:logGet(43)) - raft.server.rpc.timeout.max = 5200ms (custom)
2019-10-09 17:51:57,359 [pool-413-thread-1] INFO  server.RaftServerConfigKeys (ConfUtils.java:logGet(43)) - raft.server.rpc.timeout.max = 5200ms (custom)
2019-10-09 17:51:57,359 [pool-433-thread-1] INFO  impl.RaftServerImpl (ServerState.java:<init>(103)) - cf784504-f4eb-4893-a89f-4f27ba959ccd@group-C3DA5CAAFC27: ConfigurationManager, init=-1: [bed22c07-2a87-46f9-b28c-6f490a890e0f:192.168.5.136:34244, cf784504-f4eb-4893-a89f-4f27ba959ccd:192.168.5.136:34698, f2c3255d-cfd3-4033-ac4e-dd725c0d9f29:192.168.5.136:35742], old=null, confs=<EMPTY_MAP>
2019-10-09 17:51:57,359 [pool-413-thread-1] INFO  server.RaftServerConfigKeys (ConfUtils.java:logGet(43)) - raft.server.rpcslowness.timeout = 120s (custom)
2019-10-09 17:51:57,359 [pool-413-thread-1] INFO  server.RaftServerConfigKeys (ConfUtils.java:logGet(43)) - raft.server.sleep.deviation.threshold = 300 (default)
2019-10-09 17:51:57,359 [pool-443-thread-1] INFO  server.RaftServerConfigKeys (ConfUtils.java:logGet(43)) - raft.server.rpcslowness.timeout = 120s (custom)
2019-10-09 17:51:57,359 [pool-413-thread-1] INFO  server.RaftServerConfigKeys (ConfUtils.java:logGet(43)) - raft.server.log.appender.install.snapshot.enabled = false (custom)
2019-10-09 17:51:57,359 [pool-433-thread-1] INFO  server.RaftServerConfigKeys (ConfUtils.java:logGet(43)) - raft.server.storage.dir = [/workdir/hadoop-ozone/integration-test/target/test-dir/MiniOzoneClusterImpl-401054cd-1d18-4b1d-93f9-f32735cbde25/datanode-5/data/ratis] (custom)
2019-10-09 17:51:57,360 [pool-413-thread-1] INFO  impl.RaftServerImpl (ServerState.java:<init>(103)) - bed22c07-2a87-46f9-b28c-6f490a890e0f@group-C3DA5CAAFC27: ConfigurationManager, init=-1: [bed22c07-2a87-46f9-b28c-6f490a890e0f:192.168.5.136:34244, cf784504-f4eb-4893-a89f-4f27ba959ccd:192.168.5.136:34698, f2c3255d-cfd3-4033-ac4e-dd725c0d9f29:192.168.5.136:35742], old=null, confs=<EMPTY_MAP>
2019-10-09 17:51:57,359 [pool-443-thread-1] INFO  server.RaftServerConfigKeys (ConfUtils.java:logGet(43)) - raft.server.sleep.deviation.threshold = 300 (default)
2019-10-09 17:51:57,360 [pool-413-thread-1] INFO  server.RaftServerConfigKeys (ConfUtils.java:logGet(43)) - raft.server.storage.dir = [/workdir/hadoop-ozone/integration-test/target/test-dir/MiniOzoneClusterImpl-401054cd-1d18-4b1d-93f9-f32735cbde25/datanode-3/data/ratis] (custom)
2019-10-09 17:51:57,360 [pool-433-thread-1] INFO  server.RaftServerConfigKeys (ConfUtils.java:logGet(43)) - raft.server.log.corruption.policy = EXCEPTION (default)
2019-10-09 17:51:57,360 [pool-443-thread-1] INFO  server.RaftServerConfigKeys (ConfUtils.java:logGet(43)) - raft.server.log.appender.install.snapshot.enabled = false (custom)
2019-10-09 17:51:57,360 [pool-433-thread-1] INFO  storage.RaftStorageDirectory (RaftStorageDirectory.java:analyzeStorage(246)) - The storage directory /workdir/hadoop-ozone/integration-test/target/test-dir/MiniOzoneClusterImpl-401054cd-1d18-4b1d-93f9-f32735cbde25/datanode-5/data/ratis/f4340f51-52a8-4c86-bebc-c3da5caafc27 does not exist. Creating ...
2019-10-09 17:51:57,360 [pool-413-thread-1] INFO  server.RaftServerConfigKeys (ConfUtils.java:logGet(43)) - raft.server.log.corruption.policy = EXCEPTION (default)
2019-10-09 17:51:57,360 [pool-443-thread-1] INFO  impl.RaftServerImpl (ServerState.java:<init>(103)) - f2c3255d-cfd3-4033-ac4e-dd725c0d9f29@group-C3DA5CAAFC27: ConfigurationManager, init=-1: [bed22c07-2a87-46f9-b28c-6f490a890e0f:192.168.5.136:34244, cf784504-f4eb-4893-a89f-4f27ba959ccd:192.168.5.136:34698, f2c3255d-cfd3-4033-ac4e-dd725c0d9f29:192.168.5.136:35742], old=null, confs=<EMPTY_MAP>
2019-10-09 17:51:57,360 [pool-413-thread-1] INFO  storage.RaftStorageDirectory (RaftStorageDirectory.java:analyzeStorage(246)) - The storage directory /workdir/hadoop-ozone/integration-test/target/test-dir/MiniOzoneClusterImpl-401054cd-1d18-4b1d-93f9-f32735cbde25/datanode-3/data/ratis/f4340f51-52a8-4c86-bebc-c3da5caafc27 does not exist. Creating ...
2019-10-09 17:51:57,360 [pool-443-thread-1] INFO  server.RaftServerConfigKeys (ConfUtils.java:logGet(43)) - raft.server.storage.dir = [/workdir/hadoop-ozone/integration-test/target/test-dir/MiniOzoneClusterImpl-401054cd-1d18-4b1d-93f9-f32735cbde25/datanode-6/data/ratis] (custom)
2019-10-09 17:51:57,361 [pool-443-thread-1] INFO  server.RaftServerConfigKeys (ConfUtils.java:logGet(43)) - raft.server.log.corruption.policy = EXCEPTION (default)
2019-10-09 17:51:57,361 [pool-443-thread-1] INFO  storage.RaftStorageDirectory (RaftStorageDirectory.java:analyzeStorage(246)) - The storage directory /workdir/hadoop-ozone/integration-test/target/test-dir/MiniOzoneClusterImpl-401054cd-1d18-4b1d-93f9-f32735cbde25/datanode-6/data/ratis/f4340f51-52a8-4c86-bebc-c3da5caafc27 does not exist. Creating ...
2019-10-09 17:51:57,385 [pool-433-thread-1] INFO  storage.RaftStorageDirectory (RaftStorageDirectory.java:tryLock(328)) - Lock on /workdir/hadoop-ozone/integration-test/target/test-dir/MiniOzoneClusterImpl-401054cd-1d18-4b1d-93f9-f32735cbde25/datanode-5/data/ratis/f4340f51-52a8-4c86-bebc-c3da5caafc27/in_use.lock acquired by nodename 23917@pr-hdds-2269-pcp4p-266198477
2019-10-09 17:51:57,385 [pool-443-thread-1] INFO  storage.RaftStorageDirectory (RaftStorageDirectory.java:tryLock(328)) - Lock on /workdir/hadoop-ozone/integration-test/target/test-dir/MiniOzoneClusterImpl-401054cd-1d18-4b1d-93f9-f32735cbde25/datanode-6/data/ratis/f4340f51-52a8-4c86-bebc-c3da5caafc27/in_use.lock acquired by nodename 23917@pr-hdds-2269-pcp4p-266198477
2019-10-09 17:51:57,385 [pool-413-thread-1] INFO  storage.RaftStorageDirectory (RaftStorageDirectory.java:tryLock(328)) - Lock on /workdir/hadoop-ozone/integration-test/target/test-dir/MiniOzoneClusterImpl-401054cd-1d18-4b1d-93f9-f32735cbde25/datanode-3/data/ratis/f4340f51-52a8-4c86-bebc-c3da5caafc27/in_use.lock acquired by nodename 23917@pr-hdds-2269-pcp4p-266198477
2019-10-09 17:51:57,411 [pool-433-thread-1] INFO  storage.RaftStorage (RaftStorage.java:format(84)) - Storage directory /workdir/hadoop-ozone/integration-test/target/test-dir/MiniOzoneClusterImpl-401054cd-1d18-4b1d-93f9-f32735cbde25/datanode-5/data/ratis/f4340f51-52a8-4c86-bebc-c3da5caafc27 has been successfully formatted.
2019-10-09 17:51:57,411 [pool-443-thread-1] INFO  storage.RaftStorage (RaftStorage.java:format(84)) - Storage directory /workdir/hadoop-ozone/integration-test/target/test-dir/MiniOzoneClusterImpl-401054cd-1d18-4b1d-93f9-f32735cbde25/datanode-6/data/ratis/f4340f51-52a8-4c86-bebc-c3da5caafc27 has been successfully formatted.
2019-10-09 17:51:57,411 [pool-413-thread-1] INFO  storage.RaftStorage (RaftStorage.java:format(84)) - Storage directory /workdir/hadoop-ozone/integration-test/target/test-dir/MiniOzoneClusterImpl-401054cd-1d18-4b1d-93f9-f32735cbde25/datanode-3/data/ratis/f4340f51-52a8-4c86-bebc-c3da5caafc27 has been successfully formatted.
2019-10-09 17:51:57,412 [pool-433-thread-1] INFO  ratis.ContainerStateMachine (ContainerStateMachine.java:loadSnapshot(231)) - group-C3DA5CAAFC27: The snapshot info is null. Setting the last applied indexto:(t:0, i:~)
2019-10-09 17:51:57,412 [pool-413-thread-1] INFO  ratis.ContainerStateMachine (ContainerStateMachine.java:loadSnapshot(231)) - group-C3DA5CAAFC27: The snapshot info is null. Setting the last applied indexto:(t:0, i:~)
2019-10-09 17:51:57,412 [pool-443-thread-1] INFO  ratis.ContainerStateMachine (ContainerStateMachine.java:loadSnapshot(231)) - group-C3DA5CAAFC27: The snapshot info is null. Setting the last applied indexto:(t:0, i:~)
2019-10-09 17:51:57,412 [pool-413-thread-1] INFO  server.RaftServerConfigKeys (ConfUtils.java:logGet(43)) - raft.server.notification.no-leader.timeout = 120s (custom)
2019-10-09 17:51:57,412 [pool-433-thread-1] INFO  server.RaftServerConfigKeys (ConfUtils.java:logGet(43)) - raft.server.notification.no-leader.timeout = 120s (custom)
2019-10-09 17:51:57,412 [pool-413-thread-1] INFO  server.RaftServerConfigKeys (ConfUtils.java:logGet(43)) - raft.server.log.use.memory = false (default)
2019-10-09 17:51:57,412 [pool-443-thread-1] INFO  server.RaftServerConfigKeys (ConfUtils.java:logGet(43)) - raft.server.notification.no-leader.timeout = 120s (custom)
2019-10-09 17:51:57,413 [pool-413-thread-1] INFO  server.RaftServerConfigKeys (ConfUtils.java:logGet(43)) - raft.server.log.purge.gap = 1000000 (custom)
2019-10-09 17:51:57,412 [pool-433-thread-1] INFO  server.RaftServerConfigKeys (ConfUtils.java:logGet(43)) - raft.server.log.use.memory = false (default)
2019-10-09 17:51:57,413 [pool-413-thread-1] INFO  server.RaftServerConfigKeys (ConfUtils.java:logGet(43)) - raft.server.log.appender.buffer.byte-limit = 33554432 (custom)
2019-10-09 17:51:57,413 [pool-443-thread-1] INFO  server.RaftServerConfigKeys (ConfUtils.java:logGet(43)) - raft.server.log.use.memory = false (default)
2019-10-09 17:51:57,413 [pool-413-thread-1] INFO  server.RaftServerConfigKeys (ConfUtils.java:logGet(43)) - raft.server.log.segment.size.max = 1048576 (custom)
2019-10-09 17:51:57,413 [pool-433-thread-1] INFO  server.RaftServerConfigKeys (ConfUtils.java:logGet(43)) - raft.server.log.purge.gap = 1000000 (custom)
2019-10-09 17:51:57,413 [pool-413-thread-1] INFO  server.RaftServerConfigKeys (ConfUtils.java:logGet(43)) - raft.server.log.segment.cache.num.max = 2 (custom)
2019-10-09 17:51:57,413 [pool-443-thread-1] INFO  server.RaftServerConfigKeys (ConfUtils.java:logGet(43)) - raft.server.log.purge.gap = 1000000 (custom)
2019-10-09 17:51:57,413 [pool-413-thread-1] INFO  segmented.SegmentedRaftLogWorker (SegmentedRaftLogWorker.java:<init>(173)) - new bed22c07-2a87-46f9-b28c-6f490a890e0f@group-C3DA5CAAFC27-SegmentedRaftLogWorker for RaftStorage:Storage Directory /workdir/hadoop-ozone/integration-test/target/test-dir/MiniOzoneClusterImpl-401054cd-1d18-4b1d-93f9-f32735cbde25/datanode-3/data/ratis/f4340f51-52a8-4c86-bebc-c3da5caafc27
2019-10-09 17:51:57,413 [pool-433-thread-1] INFO  server.RaftServerConfigKeys (ConfUtils.java:logGet(43)) - raft.server.log.appender.buffer.byte-limit = 33554432 (custom)
2019-10-09 17:51:57,414 [pool-413-thread-1] INFO  server.RaftServerConfigKeys (ConfUtils.java:logGet(43)) - raft.server.log.queue.byte-limit = 2147483647 (custom)
2019-10-09 17:51:57,414 [pool-443-thread-1] INFO  server.RaftServerConfigKeys (ConfUtils.java:logGet(43)) - raft.server.log.appender.buffer.byte-limit = 33554432 (custom)
2019-10-09 17:51:57,414 [pool-413-thread-1] INFO  server.RaftServerConfigKeys (ConfUtils.java:logGet(43)) - raft.server.log.queue.element-limit = 1024 (custom)
2019-10-09 17:51:57,414 [pool-433-thread-1] INFO  server.RaftServerConfigKeys (ConfUtils.java:logGet(43)) - raft.server.log.segment.size.max = 1048576 (custom)
2019-10-09 17:51:57,414 [pool-413-thread-1] INFO  server.RaftServerConfigKeys (ConfUtils.java:logGet(43)) - raft.server.log.segment.size.max = 1048576 (custom)
2019-10-09 17:51:57,414 [pool-413-thread-1] INFO  server.RaftServerConfigKeys (ConfUtils.java:logGet(43)) - raft.server.log.preallocated.size = 16384 (custom)
2019-10-09 17:51:57,414 [pool-443-thread-1] INFO  server.RaftServerConfigKeys (ConfUtils.java:logGet(43)) - raft.server.log.segment.size.max = 1048576 (custom)
2019-10-09 17:51:57,414 [pool-413-thread-1] INFO  server.RaftServerConfigKeys (ConfUtils.java:logGet(43)) - raft.server.log.write.buffer.size = 33554432 (custom)
2019-10-09 17:51:57,414 [pool-433-thread-1] INFO  server.RaftServerConfigKeys (ConfUtils.java:logGet(43)) - raft.server.log.segment.cache.num.max = 2 (custom)
2019-10-09 17:51:57,415 [pool-413-thread-1] INFO  server.RaftServerConfigKeys (ConfUtils.java:logGet(43)) - raft.server.log.force.sync.num = 128 (default)
2019-10-09 17:51:57,415 [pool-443-thread-1] INFO  server.RaftServerConfigKeys (ConfUtils.java:logGet(43)) - raft.server.log.segment.cache.num.max = 2 (custom)
2019-10-09 17:51:57,415 [pool-413-thread-1] INFO  server.RaftServerConfigKeys (ConfUtils.java:logGet(43)) - raft.server.log.statemachine.data.sync = true (default)
2019-10-09 17:51:57,415 [pool-433-thread-1] INFO  segmented.SegmentedRaftLogWorker (SegmentedRaftLogWorker.java:<init>(173)) - new cf784504-f4eb-4893-a89f-4f27ba959ccd@group-C3DA5CAAFC27-SegmentedRaftLogWorker for RaftStorage:Storage Directory /workdir/hadoop-ozone/integration-test/target/test-dir/MiniOzoneClusterImpl-401054cd-1d18-4b1d-93f9-f32735cbde25/datanode-5/data/ratis/f4340f51-52a8-4c86-bebc-c3da5caafc27
2019-10-09 17:51:57,415 [pool-413-thread-1] INFO  server.RaftServerConfigKeys (ConfUtils.java:logGet(43)) - raft.server.log.statemachine.data.sync.timeout = 10s (default)
2019-10-09 17:51:57,415 [pool-413-thread-1] INFO  server.RaftServerConfigKeys (ConfUtils.java:logGet(43)) - raft.server.log.statemachine.data.sync.timeout.retry = -1 (default)
2019-10-09 17:51:57,415 [pool-443-thread-1] INFO  segmented.SegmentedRaftLogWorker (SegmentedRaftLogWorker.java:<init>(173)) - new f2c3255d-cfd3-4033-ac4e-dd725c0d9f29@group-C3DA5CAAFC27-SegmentedRaftLogWorker for RaftStorage:Storage Directory /workdir/hadoop-ozone/integration-test/target/test-dir/MiniOzoneClusterImpl-401054cd-1d18-4b1d-93f9-f32735cbde25/datanode-6/data/ratis/f4340f51-52a8-4c86-bebc-c3da5caafc27
2019-10-09 17:51:57,415 [pool-413-thread-1] INFO  server.RaftServerConfigKeys (ConfUtils.java:logGet(43)) - raft.server.log.statemachine.data.caching.enabled = true (custom)
2019-10-09 17:51:57,415 [pool-433-thread-1] INFO  server.RaftServerConfigKeys (ConfUtils.java:logGet(43)) - raft.server.log.queue.byte-limit = 2147483647 (custom)
2019-10-09 17:51:57,416 [pool-413-thread-1] INFO  segmented.SegmentedRaftLogWorker (SegmentedRaftLogWorker.java:lambda$new$0(128)) - bed22c07-2a87-46f9-b28c-6f490a890e0f@group-C3DA5CAAFC27-SegmentedRaftLogWorker: flushIndex: setUnconditionally 0 -> -1
2019-10-09 17:51:57,416 [pool-443-thread-1] INFO  server.RaftServerConfigKeys (ConfUtils.java:logGet(43)) - raft.server.log.queue.byte-limit = 2147483647 (custom)
2019-10-09 17:51:57,416 [pool-413-thread-1] INFO  server.RaftServerConfigKeys (ConfUtils.java:logGet(43)) - raft.server.snapshot.auto.trigger.enabled = true (custom)
2019-10-09 17:51:57,416 [pool-433-thread-1] INFO  server.RaftServerConfigKeys (ConfUtils.java:logGet(43)) - raft.server.log.queue.element-limit = 1024 (custom)
2019-10-09 17:51:57,416 [pool-413-thread-1] INFO  server.RaftServerConfigKeys (ConfUtils.java:logGet(43)) - raft.server.snapshot.auto.trigger.threshold = 10000 (custom)
2019-10-09 17:51:57,416 [pool-413-thread-1] INFO  server.RaftServerConfigKeys (ConfUtils.java:logGet(43)) - raft.server.snapshot.retention.file.num = 5 (custom)
2019-10-09 17:51:57,416 [pool-443-thread-1] INFO  server.RaftServerConfigKeys (ConfUtils.java:logGet(43)) - raft.server.log.queue.element-limit = 1024 (custom)
2019-10-09 17:51:57,416 [pool-413-thread-1] INFO  server.RaftServerConfigKeys (ConfUtils.java:logGet(43)) - raft.server.retrycache.expirytime = 600000ms (custom)
2019-10-09 17:51:57,416 [pool-433-thread-1] INFO  server.RaftServerConfigKeys (ConfUtils.java:logGet(43)) - raft.server.log.segment.size.max = 1048576 (custom)
2019-10-09 17:51:57,417 [pool-443-thread-1] INFO  server.RaftServerConfigKeys (ConfUtils.java:logGet(43)) - raft.server.log.segment.size.max = 1048576 (custom)
2019-10-09 17:51:57,417 [pool-433-thread-1] INFO  server.RaftServerConfigKeys (ConfUtils.java:logGet(43)) - raft.server.log.preallocated.size = 16384 (custom)
2019-10-09 17:51:57,417 [pool-443-thread-1] INFO  server.RaftServerConfigKeys (ConfUtils.java:logGet(43)) - raft.server.log.preallocated.size = 16384 (custom)
2019-10-09 17:51:57,417 [pool-433-thread-1] INFO  server.RaftServerConfigKeys (ConfUtils.java:logGet(43)) - raft.server.log.write.buffer.size = 33554432 (custom)
2019-10-09 17:51:57,417 [pool-443-thread-1] INFO  server.RaftServerConfigKeys (ConfUtils.java:logGet(43)) - raft.server.log.write.buffer.size = 33554432 (custom)
2019-10-09 17:51:57,417 [pool-433-thread-1] INFO  server.RaftServerConfigKeys (ConfUtils.java:logGet(43)) - raft.server.log.force.sync.num = 128 (default)
2019-10-09 17:51:57,418 [pool-443-thread-1] INFO  server.RaftServerConfigKeys (ConfUtils.java:logGet(43)) - raft.server.log.force.sync.num = 128 (default)
2019-10-09 17:51:57,418 [pool-413-thread-1] INFO  impl.RaftServerImpl (RaftServerImpl.java:start(181)) - bed22c07-2a87-46f9-b28c-6f490a890e0f@group-C3DA5CAAFC27: start as a follower, conf=-1: [bed22c07-2a87-46f9-b28c-6f490a890e0f:192.168.5.136:34244, cf784504-f4eb-4893-a89f-4f27ba959ccd:192.168.5.136:34698, f2c3255d-cfd3-4033-ac4e-dd725c0d9f29:192.168.5.136:35742], old=null
2019-10-09 17:51:57,418 [pool-433-thread-1] INFO  server.RaftServerConfigKeys (ConfUtils.java:logGet(43)) - raft.server.log.statemachine.data.sync = true (default)
2019-10-09 17:51:57,418 [pool-413-thread-1] INFO  impl.RaftServerImpl (RaftServerImpl.java:setRole(170)) - bed22c07-2a87-46f9-b28c-6f490a890e0f@group-C3DA5CAAFC27: changes role from      null to FOLLOWER at term 0 for startAsFollower
2019-10-09 17:51:57,418 [pool-443-thread-1] INFO  server.RaftServerConfigKeys (ConfUtils.java:logGet(43)) - raft.server.log.statemachine.data.sync = true (default)
2019-10-09 17:51:57,418 [pool-413-thread-1] INFO  impl.RoleInfo (RoleInfo.java:updateAndGet(143)) - bed22c07-2a87-46f9-b28c-6f490a890e0f: start FollowerState
2019-10-09 17:51:57,418 [pool-433-thread-1] INFO  server.RaftServerConfigKeys (ConfUtils.java:logGet(43)) - raft.server.log.statemachine.data.sync.timeout = 10s (default)
2019-10-09 17:51:57,418 [pool-443-thread-1] INFO  server.RaftServerConfigKeys (ConfUtils.java:logGet(43)) - raft.server.log.statemachine.data.sync.timeout = 10s (default)
2019-10-09 17:51:57,419 [pool-413-thread-1] INFO  util.JmxRegister (JmxRegister.java:tryRegister(44)) - Successfully registered JMX Bean with object name Ratis:service=RaftServer,group=group-C3DA5CAAFC27,id=bed22c07-2a87-46f9-b28c-6f490a890e0f
2019-10-09 17:51:57,419 [pool-433-thread-1] INFO  server.RaftServerConfigKeys (ConfUtils.java:logGet(43)) - raft.server.log.statemachine.data.sync.timeout.retry = -1 (default)
2019-10-09 17:51:57,419 [pool-443-thread-1] INFO  server.RaftServerConfigKeys (ConfUtils.java:logGet(43)) - raft.server.log.statemachine.data.sync.timeout.retry = -1 (default)
2019-10-09 17:51:57,419 [pool-433-thread-1] INFO  server.RaftServerConfigKeys (ConfUtils.java:logGet(43)) - raft.server.log.statemachine.data.caching.enabled = true (custom)
2019-10-09 17:51:57,419 [pool-443-thread-1] INFO  server.RaftServerConfigKeys (ConfUtils.java:logGet(43)) - raft.server.log.statemachine.data.caching.enabled = true (custom)
2019-10-09 17:51:57,419 [pool-433-thread-1] INFO  segmented.SegmentedRaftLogWorker (SegmentedRaftLogWorker.java:lambda$new$0(128)) - cf784504-f4eb-4893-a89f-4f27ba959ccd@group-C3DA5CAAFC27-SegmentedRaftLogWorker: flushIndex: setUnconditionally 0 -> -1
2019-10-09 17:51:57,420 [pool-443-thread-1] INFO  segmented.SegmentedRaftLogWorker (SegmentedRaftLogWorker.java:lambda$new$0(128)) - f2c3255d-cfd3-4033-ac4e-dd725c0d9f29@group-C3DA5CAAFC27-SegmentedRaftLogWorker: flushIndex: setUnconditionally 0 -> -1
2019-10-09 17:51:57,420 [pool-433-thread-1] INFO  server.RaftServerConfigKeys (ConfUtils.java:logGet(43)) - raft.server.snapshot.auto.trigger.enabled = true (custom)
2019-10-09 17:51:57,420 [pool-433-thread-1] INFO  server.RaftServerConfigKeys (ConfUtils.java:logGet(43)) - raft.server.snapshot.auto.trigger.threshold = 10000 (custom)
2019-10-09 17:51:57,420 [pool-443-thread-1] INFO  server.RaftServerConfigKeys (ConfUtils.java:logGet(43)) - raft.server.snapshot.auto.trigger.enabled = true (custom)
2019-10-09 17:51:57,420 [pool-433-thread-1] INFO  server.RaftServerConfigKeys (ConfUtils.java:logGet(43)) - raft.server.snapshot.retention.file.num = 5 (custom)
2019-10-09 17:51:57,420 [pool-443-thread-1] INFO  server.RaftServerConfigKeys (ConfUtils.java:logGet(43)) - raft.server.snapshot.auto.trigger.threshold = 10000 (custom)
2019-10-09 17:51:57,420 [pool-433-thread-1] INFO  server.RaftServerConfigKeys (ConfUtils.java:logGet(43)) - raft.server.retrycache.expirytime = 600000ms (custom)
2019-10-09 17:51:57,420 [pool-443-thread-1] INFO  server.RaftServerConfigKeys (ConfUtils.java:logGet(43)) - raft.server.snapshot.retention.file.num = 5 (custom)
2019-10-09 17:51:57,421 [pool-443-thread-1] INFO  server.RaftServerConfigKeys (ConfUtils.java:logGet(43)) - raft.server.retrycache.expirytime = 600000ms (custom)
2019-10-09 17:51:57,424 [pool-433-thread-1] INFO  impl.RaftServerImpl (RaftServerImpl.java:start(181)) - cf784504-f4eb-4893-a89f-4f27ba959ccd@group-C3DA5CAAFC27: start as a follower, conf=-1: [bed22c07-2a87-46f9-b28c-6f490a890e0f:192.168.5.136:34244, cf784504-f4eb-4893-a89f-4f27ba959ccd:192.168.5.136:34698, f2c3255d-cfd3-4033-ac4e-dd725c0d9f29:192.168.5.136:35742], old=null
2019-10-09 17:51:57,424 [pool-433-thread-1] INFO  impl.RaftServerImpl (RaftServerImpl.java:setRole(170)) - cf784504-f4eb-4893-a89f-4f27ba959ccd@group-C3DA5CAAFC27: changes role from      null to FOLLOWER at term 0 for startAsFollower
2019-10-09 17:51:57,424 [pool-443-thread-1] INFO  impl.RaftServerImpl (RaftServerImpl.java:start(181)) - f2c3255d-cfd3-4033-ac4e-dd725c0d9f29@group-C3DA5CAAFC27: start as a follower, conf=-1: [bed22c07-2a87-46f9-b28c-6f490a890e0f:192.168.5.136:34244, cf784504-f4eb-4893-a89f-4f27ba959ccd:192.168.5.136:34698, f2c3255d-cfd3-4033-ac4e-dd725c0d9f29:192.168.5.136:35742], old=null
2019-10-09 17:51:57,424 [pool-433-thread-1] INFO  impl.RoleInfo (RoleInfo.java:updateAndGet(143)) - cf784504-f4eb-4893-a89f-4f27ba959ccd: start FollowerState
2019-10-09 17:51:57,424 [pool-443-thread-1] INFO  impl.RaftServerImpl (RaftServerImpl.java:setRole(170)) - f2c3255d-cfd3-4033-ac4e-dd725c0d9f29@group-C3DA5CAAFC27: changes role from      null to FOLLOWER at term 0 for startAsFollower
2019-10-09 17:51:57,424 [pool-443-thread-1] INFO  impl.RoleInfo (RoleInfo.java:updateAndGet(143)) - f2c3255d-cfd3-4033-ac4e-dd725c0d9f29: start FollowerState
2019-10-09 17:51:57,424 [pool-433-thread-1] INFO  util.JmxRegister (JmxRegister.java:tryRegister(44)) - Successfully registered JMX Bean with object name Ratis:service=RaftServer,group=group-C3DA5CAAFC27,id=cf784504-f4eb-4893-a89f-4f27ba959ccd
2019-10-09 17:51:57,425 [pool-443-thread-1] INFO  util.JmxRegister (JmxRegister.java:tryRegister(44)) - Successfully registered JMX Bean with object name Ratis:service=RaftServer,group=group-C3DA5CAAFC27,id=f2c3255d-cfd3-4033-ac4e-dd725c0d9f29
2019-10-09 17:51:57,430 [RatisPipelineUtilsThread] INFO  pipeline.PipelineStateManager (PipelineStateManager.java:addPipeline(56)) - Created pipeline Pipeline[ Id: f4340f51-52a8-4c86-bebc-c3da5caafc27, Nodes: cf784504-f4eb-4893-a89f-4f27ba959ccd{ip: 192.168.5.136, host: pr-hdds-2269-pcp4p-266198477, networkLocation: /default-rack, certSerialId: null}f2c3255d-cfd3-4033-ac4e-dd725c0d9f29{ip: 192.168.5.136, host: pr-hdds-2269-pcp4p-266198477, networkLocation: /default-rack, certSerialId: null}bed22c07-2a87-46f9-b28c-6f490a890e0f{ip: 192.168.5.136, host: pr-hdds-2269-pcp4p-266198477, networkLocation: /default-rack, certSerialId: null}, Type:RATIS, Factor:THREE, State:OPEN]
2019-10-09 17:51:58,280 [main] INFO  ozone.MiniOzoneClusterImpl (MiniOzoneClusterImpl.java:lambda$waitForClusterToBeReady$0(147)) - Cluster is ready. Got 7 of 7 DN Heartbeats.
2019-10-09 17:51:58,338 [main] INFO  rpc.RpcClient (RpcClient.java:createVolume(272)) - Creating Volume: watchforcommithandlingtest, with jenkins1000 as owner.
2019-10-09 17:51:58,342 [IPC Server handler 2 on 39443] INFO  volume.OMVolumeCreateRequest (OMVolumeCreateRequest.java:validateAndUpdateCache(193)) - created volume:watchforcommithandlingtest for user:jenkins1000
2019-10-09 17:51:58,357 [main] INFO  rpc.RpcClient (RpcClient.java:createBucket(411)) - Creating Bucket: watchforcommithandlingtest/watchforcommithandlingtest, with Versioning false and Storage Type set to DISK and Encryption set to false 
2019-10-09 17:51:58,361 [main] INFO  ozone.MiniOzoneClusterImpl (MiniOzoneClusterImpl.java:getStorageContainerLocationClient(234)) - Creating StorageContainerLocationProtocol RPC client with address /0.0.0.0:34748
2019-10-09 17:51:59,913 [Thread-2375] INFO  container.ReplicationManager (ReplicationManager.java:start(162)) - Starting Replication Monitor Thread.
2019-10-09 17:51:59,918 [ReplicationMonitor] INFO  container.ReplicationManager (ReplicationManager.java:run(225)) - Replication Monitor Thread took 0 milliseconds for processing 1 containers.
2019-10-09 17:52:02,097 [Thread-2377] INFO  impl.FollowerState (FollowerState.java:run(108)) - a4779c12-69d4-4447-ac01-f06068601461@group-16ACFF9BB8F2-FollowerState: change to CANDIDATE, lastRpcTime:5132ms, electionTimeout:5132ms
2019-10-09 17:52:02,098 [Thread-2377] INFO  impl.RoleInfo (RoleInfo.java:shutdownFollowerState(121)) - a4779c12-69d4-4447-ac01-f06068601461: shutdown FollowerState
2019-10-09 17:52:02,098 [Thread-2377] INFO  impl.RaftServerImpl (RaftServerImpl.java:setRole(170)) - a4779c12-69d4-4447-ac01-f06068601461@group-16ACFF9BB8F2: changes role from  FOLLOWER to CANDIDATE at term 0 for changeToCandidate
2019-10-09 17:52:02,098 [Thread-2377] INFO  impl.RoleInfo (RoleInfo.java:updateAndGet(143)) - a4779c12-69d4-4447-ac01-f06068601461: start LeaderElection
2019-10-09 17:52:02,121 [a4779c12-69d4-4447-ac01-f06068601461@group-16ACFF9BB8F2-LeaderElection95] INFO  impl.LeaderElection (LeaderElection.java:askForVotes(178)) - a4779c12-69d4-4447-ac01-f06068601461@group-16ACFF9BB8F2-LeaderElection95: begin an election at term 1 for -1: [a4779c12-69d4-4447-ac01-f06068601461:192.168.5.136:39292], old=null
2019-10-09 17:52:02,121 [a4779c12-69d4-4447-ac01-f06068601461@group-16ACFF9BB8F2-LeaderElection95] INFO  impl.RoleInfo (RoleInfo.java:shutdownLeaderElection(134)) - a4779c12-69d4-4447-ac01-f06068601461: shutdown LeaderElection
2019-10-09 17:52:02,122 [a4779c12-69d4-4447-ac01-f06068601461@group-16ACFF9BB8F2-LeaderElection95] INFO  impl.RaftServerImpl (RaftServerImpl.java:setRole(170)) - a4779c12-69d4-4447-ac01-f06068601461@group-16ACFF9BB8F2: changes role from CANDIDATE to LEADER at term 1 for changeToLeader
2019-10-09 17:52:02,122 [a4779c12-69d4-4447-ac01-f06068601461@group-16ACFF9BB8F2-LeaderElection95] INFO  impl.RaftServerImpl (ServerState.java:setLeader(255)) - a4779c12-69d4-4447-ac01-f06068601461@group-16ACFF9BB8F2: change Leader from null to a4779c12-69d4-4447-ac01-f06068601461 at term 1 for becomeLeader, leader elected after 5166ms
2019-10-09 17:52:02,122 [a4779c12-69d4-4447-ac01-f06068601461@group-16ACFF9BB8F2-LeaderElection95] INFO  server.RaftServerConfigKeys (ConfUtils.java:logGet(43)) - raft.server.staging.catchup.gap = 1000 (default)
2019-10-09 17:52:02,123 [a4779c12-69d4-4447-ac01-f06068601461@group-16ACFF9BB8F2-LeaderElection95] INFO  server.RaftServerConfigKeys (ConfUtils.java:logGet(43)) - raft.server.rpc.sleep.time = 25ms (default)
2019-10-09 17:52:02,123 [a4779c12-69d4-4447-ac01-f06068601461@group-16ACFF9BB8F2-LeaderElection95] INFO  server.RaftServerConfigKeys (ConfUtils.java:logGet(43)) - raft.server.write.element-limit = 4096 (default)
2019-10-09 17:52:02,123 [a4779c12-69d4-4447-ac01-f06068601461@group-16ACFF9BB8F2-LeaderElection95] INFO  server.RaftServerConfigKeys (ConfUtils.java:logGet(43)) - raft.server.watch.timeout = 10s (default)
2019-10-09 17:52:02,123 [a4779c12-69d4-4447-ac01-f06068601461@group-16ACFF9BB8F2-LeaderElection95] INFO  server.RaftServerConfigKeys (ConfUtils.java:logGet(43)) - raft.server.watch.timeout.denomination = 1s (default)
2019-10-09 17:52:02,124 [a4779c12-69d4-4447-ac01-f06068601461@group-16ACFF9BB8F2-LeaderElection95] INFO  server.RaftServerConfigKeys (ConfUtils.java:logGet(43)) - raft.server.watch.element-limit = 65536 (default)
2019-10-09 17:52:02,127 [a4779c12-69d4-4447-ac01-f06068601461@group-16ACFF9BB8F2-LeaderElection95] INFO  impl.RoleInfo (RoleInfo.java:updateAndGet(143)) - a4779c12-69d4-4447-ac01-f06068601461: start LeaderState
2019-10-09 17:52:02,128 [a4779c12-69d4-4447-ac01-f06068601461@group-16ACFF9BB8F2-LeaderElection95] INFO  segmented.SegmentedRaftLogWorker (SegmentedRaftLogWorker.java:startLogSegment(385)) - a4779c12-69d4-4447-ac01-f06068601461@group-16ACFF9BB8F2-SegmentedRaftLogWorker: Starting segment from index:0
2019-10-09 17:52:02,129 [a4779c12-69d4-4447-ac01-f06068601461@group-16ACFF9BB8F2-LeaderElection95] INFO  impl.RaftServerImpl (ServerState.java:setRaftConf(356)) - a4779c12-69d4-4447-ac01-f06068601461@group-16ACFF9BB8F2: set configuration 0: [a4779c12-69d4-4447-ac01-f06068601461:192.168.5.136:39292], old=null at 0
2019-10-09 17:52:02,131 [Thread-2380] INFO  impl.FollowerState (FollowerState.java:run(108)) - 3a40b363-5807-4d74-a183-1fafd9e79a84@group-5FD004A3783E-FollowerState: change to CANDIDATE, lastRpcTime:5118ms, electionTimeout:5118ms
2019-10-09 17:52:02,131 [Thread-2380] INFO  impl.RoleInfo (RoleInfo.java:shutdownFollowerState(121)) - 3a40b363-5807-4d74-a183-1fafd9e79a84: shutdown FollowerState
2019-10-09 17:52:02,131 [Thread-2380] INFO  impl.RaftServerImpl (RaftServerImpl.java:setRole(170)) - 3a40b363-5807-4d74-a183-1fafd9e79a84@group-5FD004A3783E: changes role from  FOLLOWER to CANDIDATE at term 0 for changeToCandidate
2019-10-09 17:52:02,132 [Thread-2380] INFO  impl.RoleInfo (RoleInfo.java:updateAndGet(143)) - 3a40b363-5807-4d74-a183-1fafd9e79a84: start LeaderElection
2019-10-09 17:52:02,169 [Thread-2390] INFO  impl.FollowerState (FollowerState.java:run(108)) - 4f91e352-ef5d-4d2d-b049-57e26593e8c3@group-0A86274D8582-FollowerState: change to CANDIDATE, lastRpcTime:5048ms, electionTimeout:5043ms
2019-10-09 17:52:02,169 [Thread-2391] INFO  impl.FollowerState (FollowerState.java:run(108)) - 3a40b363-5807-4d74-a183-1fafd9e79a84@group-0A86274D8582-FollowerState: change to CANDIDATE, lastRpcTime:5048ms, electionTimeout:5042ms
2019-10-09 17:52:02,169 [Thread-2390] INFO  impl.RoleInfo (RoleInfo.java:shutdownFollowerState(121)) - 4f91e352-ef5d-4d2d-b049-57e26593e8c3: shutdown FollowerState
2019-10-09 17:52:02,169 [Thread-2391] INFO  impl.RoleInfo (RoleInfo.java:shutdownFollowerState(121)) - 3a40b363-5807-4d74-a183-1fafd9e79a84: shutdown FollowerState
2019-10-09 17:52:02,170 [Thread-2390] INFO  impl.RaftServerImpl (RaftServerImpl.java:setRole(170)) - 4f91e352-ef5d-4d2d-b049-57e26593e8c3@group-0A86274D8582: changes role from  FOLLOWER to CANDIDATE at term 0 for changeToCandidate
2019-10-09 17:52:02,170 [Thread-2391] INFO  impl.RaftServerImpl (RaftServerImpl.java:setRole(170)) - 3a40b363-5807-4d74-a183-1fafd9e79a84@group-0A86274D8582: changes role from  FOLLOWER to CANDIDATE at term 0 for changeToCandidate
2019-10-09 17:52:02,170 [Thread-2390] INFO  impl.RoleInfo (RoleInfo.java:updateAndGet(143)) - 4f91e352-ef5d-4d2d-b049-57e26593e8c3: start LeaderElection
2019-10-09 17:52:02,170 [Thread-2391] INFO  impl.RoleInfo (RoleInfo.java:updateAndGet(143)) - 3a40b363-5807-4d74-a183-1fafd9e79a84: start LeaderElection
2019-10-09 17:52:02,193 [Thread-2386] INFO  impl.FollowerState (FollowerState.java:run(108)) - a4779c12-69d4-4447-ac01-f06068601461@group-0A86274D8582-FollowerState: change to CANDIDATE, lastRpcTime:5076ms, electionTimeout:5076ms
2019-10-09 17:52:02,193 [Thread-2386] INFO  impl.RoleInfo (RoleInfo.java:shutdownFollowerState(121)) - a4779c12-69d4-4447-ac01-f06068601461: shutdown FollowerState
2019-10-09 17:52:02,193 [Thread-2386] INFO  impl.RaftServerImpl (RaftServerImpl.java:setRole(170)) - a4779c12-69d4-4447-ac01-f06068601461@group-0A86274D8582: changes role from  FOLLOWER to CANDIDATE at term 0 for changeToCandidate
2019-10-09 17:52:02,193 [Thread-2386] INFO  impl.RoleInfo (RoleInfo.java:updateAndGet(143)) - a4779c12-69d4-4447-ac01-f06068601461: start LeaderElection
2019-10-09 17:52:02,197 [a4779c12-69d4-4447-ac01-f06068601461@group-16ACFF9BB8F2-SegmentedRaftLogWorker] INFO  segmented.SegmentedRaftLogWorker (SegmentedRaftLogWorker.java:execute(574)) - a4779c12-69d4-4447-ac01-f06068601461@group-16ACFF9BB8F2-SegmentedRaftLogWorker: created new log segment /workdir/hadoop-ozone/integration-test/target/test-dir/MiniOzoneClusterImpl-401054cd-1d18-4b1d-93f9-f32735cbde25/datanode-0/data/ratis/552b2155-e887-4774-bc92-16acff9bb8f2/current/log_inprogress_0
2019-10-09 17:52:02,197 [4f91e352-ef5d-4d2d-b049-57e26593e8c3@group-0A86274D8582-LeaderElection97] INFO  impl.LeaderElection (LeaderElection.java:askForVotes(178)) - 4f91e352-ef5d-4d2d-b049-57e26593e8c3@group-0A86274D8582-LeaderElection97: begin an election at term 1 for -1: [3a40b363-5807-4d74-a183-1fafd9e79a84:192.168.5.136:42974, 4f91e352-ef5d-4d2d-b049-57e26593e8c3:192.168.5.136:38493, a4779c12-69d4-4447-ac01-f06068601461:192.168.5.136:39292], old=null
2019-10-09 17:52:02,197 [3a40b363-5807-4d74-a183-1fafd9e79a84@group-0A86274D8582-LeaderElection98] INFO  impl.LeaderElection (LeaderElection.java:askForVotes(178)) - 3a40b363-5807-4d74-a183-1fafd9e79a84@group-0A86274D8582-LeaderElection98: begin an election at term 1 for -1: [3a40b363-5807-4d74-a183-1fafd9e79a84:192.168.5.136:42974, 4f91e352-ef5d-4d2d-b049-57e26593e8c3:192.168.5.136:38493, a4779c12-69d4-4447-ac01-f06068601461:192.168.5.136:39292], old=null
2019-10-09 17:52:02,197 [3a40b363-5807-4d74-a183-1fafd9e79a84@group-5FD004A3783E-LeaderElection96] INFO  impl.LeaderElection (LeaderElection.java:askForVotes(178)) - 3a40b363-5807-4d74-a183-1fafd9e79a84@group-5FD004A3783E-LeaderElection96: begin an election at term 1 for -1: [3a40b363-5807-4d74-a183-1fafd9e79a84:192.168.5.136:42974], old=null
2019-10-09 17:52:02,197 [3a40b363-5807-4d74-a183-1fafd9e79a84@group-5FD004A3783E-LeaderElection96] INFO  impl.RoleInfo (RoleInfo.java:shutdownLeaderElection(134)) - 3a40b363-5807-4d74-a183-1fafd9e79a84: shutdown LeaderElection
2019-10-09 17:52:02,197 [3a40b363-5807-4d74-a183-1fafd9e79a84@group-5FD004A3783E-LeaderElection96] INFO  impl.RaftServerImpl (RaftServerImpl.java:setRole(170)) - 3a40b363-5807-4d74-a183-1fafd9e79a84@group-5FD004A3783E: changes role from CANDIDATE to LEADER at term 1 for changeToLeader
2019-10-09 17:52:02,198 [3a40b363-5807-4d74-a183-1fafd9e79a84@group-5FD004A3783E-LeaderElection96] INFO  impl.RaftServerImpl (ServerState.java:setLeader(255)) - 3a40b363-5807-4d74-a183-1fafd9e79a84@group-5FD004A3783E: change Leader from null to 3a40b363-5807-4d74-a183-1fafd9e79a84 at term 1 for becomeLeader, leader elected after 5190ms
2019-10-09 17:52:02,198 [3a40b363-5807-4d74-a183-1fafd9e79a84@group-5FD004A3783E-LeaderElection96] INFO  server.RaftServerConfigKeys (ConfUtils.java:logGet(43)) - raft.server.staging.catchup.gap = 1000 (default)
2019-10-09 17:52:02,198 [3a40b363-5807-4d74-a183-1fafd9e79a84@group-5FD004A3783E-LeaderElection96] INFO  server.RaftServerConfigKeys (ConfUtils.java:logGet(43)) - raft.server.rpc.sleep.time = 25ms (default)
2019-10-09 17:52:02,198 [3a40b363-5807-4d74-a183-1fafd9e79a84@group-5FD004A3783E-LeaderElection96] INFO  server.RaftServerConfigKeys (ConfUtils.java:logGet(43)) - raft.server.write.element-limit = 4096 (default)
2019-10-09 17:52:02,198 [3a40b363-5807-4d74-a183-1fafd9e79a84@group-5FD004A3783E-LeaderElection96] INFO  server.RaftServerConfigKeys (ConfUtils.java:logGet(43)) - raft.server.watch.timeout = 10s (default)
2019-10-09 17:52:02,199 [3a40b363-5807-4d74-a183-1fafd9e79a84@group-5FD004A3783E-LeaderElection96] INFO  server.RaftServerConfigKeys (ConfUtils.java:logGet(43)) - raft.server.watch.timeout.denomination = 1s (default)
2019-10-09 17:52:02,199 [3a40b363-5807-4d74-a183-1fafd9e79a84@group-5FD004A3783E-LeaderElection96] INFO  server.RaftServerConfigKeys (ConfUtils.java:logGet(43)) - raft.server.watch.element-limit = 65536 (default)
2019-10-09 17:52:02,201 [3a40b363-5807-4d74-a183-1fafd9e79a84@group-5FD004A3783E-LeaderElection96] INFO  impl.RoleInfo (RoleInfo.java:updateAndGet(143)) - 3a40b363-5807-4d74-a183-1fafd9e79a84: start LeaderState
2019-10-09 17:52:02,204 [3a40b363-5807-4d74-a183-1fafd9e79a84@group-5FD004A3783E-LeaderElection96] INFO  segmented.SegmentedRaftLogWorker (SegmentedRaftLogWorker.java:startLogSegment(385)) - 3a40b363-5807-4d74-a183-1fafd9e79a84@group-5FD004A3783E-SegmentedRaftLogWorker: Starting segment from index:0
2019-10-09 17:52:02,205 [3a40b363-5807-4d74-a183-1fafd9e79a84@group-5FD004A3783E-LeaderElection96] INFO  impl.RaftServerImpl (ServerState.java:setRaftConf(356)) - 3a40b363-5807-4d74-a183-1fafd9e79a84@group-5FD004A3783E: set configuration 0: [3a40b363-5807-4d74-a183-1fafd9e79a84:192.168.5.136:42974], old=null at 0
2019-10-09 17:52:02,223 [a4779c12-69d4-4447-ac01-f06068601461@group-0A86274D8582-LeaderElection99] INFO  impl.LeaderElection (LeaderElection.java:askForVotes(178)) - a4779c12-69d4-4447-ac01-f06068601461@group-0A86274D8582-LeaderElection99: begin an election at term 1 for -1: [3a40b363-5807-4d74-a183-1fafd9e79a84:192.168.5.136:42974, 4f91e352-ef5d-4d2d-b049-57e26593e8c3:192.168.5.136:38493, a4779c12-69d4-4447-ac01-f06068601461:192.168.5.136:39292], old=null
2019-10-09 17:52:02,224 [3a40b363-5807-4d74-a183-1fafd9e79a84@group-0A86274D8582-LeaderElection98] INFO  impl.LeaderElection (LeaderElection.java:logAndReturn(56)) - 3a40b363-5807-4d74-a183-1fafd9e79a84@group-0A86274D8582-LeaderElection98: Election REJECTED; received 2 response(s) [3a40b363-5807-4d74-a183-1fafd9e79a84<-4f91e352-ef5d-4d2d-b049-57e26593e8c3#0:FAIL-t1, 3a40b363-5807-4d74-a183-1fafd9e79a84<-a4779c12-69d4-4447-ac01-f06068601461#0:FAIL-t1] and 0 exception(s); 3a40b363-5807-4d74-a183-1fafd9e79a84@group-0A86274D8582:t1, leader=null, voted=3a40b363-5807-4d74-a183-1fafd9e79a84, raftlog=3a40b363-5807-4d74-a183-1fafd9e79a84@group-0A86274D8582-SegmentedRaftLog:OPENED:c-1,f-1,i0, conf=-1: [3a40b363-5807-4d74-a183-1fafd9e79a84:192.168.5.136:42974, 4f91e352-ef5d-4d2d-b049-57e26593e8c3:192.168.5.136:38493, a4779c12-69d4-4447-ac01-f06068601461:192.168.5.136:39292], old=null
2019-10-09 17:52:02,224 [4f91e352-ef5d-4d2d-b049-57e26593e8c3@group-0A86274D8582-LeaderElection97] INFO  impl.LeaderElection (LeaderElection.java:logAndReturn(56)) - 4f91e352-ef5d-4d2d-b049-57e26593e8c3@group-0A86274D8582-LeaderElection97: Election REJECTED; received 2 response(s) [4f91e352-ef5d-4d2d-b049-57e26593e8c3<-3a40b363-5807-4d74-a183-1fafd9e79a84#0:FAIL-t1, 4f91e352-ef5d-4d2d-b049-57e26593e8c3<-a4779c12-69d4-4447-ac01-f06068601461#0:FAIL-t1] and 0 exception(s); 4f91e352-ef5d-4d2d-b049-57e26593e8c3@group-0A86274D8582:t1, leader=null, voted=4f91e352-ef5d-4d2d-b049-57e26593e8c3, raftlog=4f91e352-ef5d-4d2d-b049-57e26593e8c3@group-0A86274D8582-SegmentedRaftLog:OPENED:c-1,f-1,i0, conf=-1: [3a40b363-5807-4d74-a183-1fafd9e79a84:192.168.5.136:42974, 4f91e352-ef5d-4d2d-b049-57e26593e8c3:192.168.5.136:38493, a4779c12-69d4-4447-ac01-f06068601461:192.168.5.136:39292], old=null
2019-10-09 17:52:02,224 [3a40b363-5807-4d74-a183-1fafd9e79a84@group-0A86274D8582-LeaderElection98] INFO  impl.RaftServerImpl (RaftServerImpl.java:setRole(170)) - 3a40b363-5807-4d74-a183-1fafd9e79a84@group-0A86274D8582: changes role from CANDIDATE to FOLLOWER at term 1 for DISCOVERED_A_NEW_TERM
2019-10-09 17:52:02,224 [4f91e352-ef5d-4d2d-b049-57e26593e8c3@group-0A86274D8582-LeaderElection97] INFO  impl.RaftServerImpl (RaftServerImpl.java:setRole(170)) - 4f91e352-ef5d-4d2d-b049-57e26593e8c3@group-0A86274D8582: changes role from CANDIDATE to FOLLOWER at term 1 for DISCOVERED_A_NEW_TERM
2019-10-09 17:52:02,224 [3a40b363-5807-4d74-a183-1fafd9e79a84@group-0A86274D8582-LeaderElection98] INFO  impl.RoleInfo (RoleInfo.java:shutdownLeaderElection(134)) - 3a40b363-5807-4d74-a183-1fafd9e79a84: shutdown LeaderElection
2019-10-09 17:52:02,225 [4f91e352-ef5d-4d2d-b049-57e26593e8c3@group-0A86274D8582-LeaderElection97] INFO  impl.RoleInfo (RoleInfo.java:shutdownLeaderElection(134)) - 4f91e352-ef5d-4d2d-b049-57e26593e8c3: shutdown LeaderElection
2019-10-09 17:52:02,225 [3a40b363-5807-4d74-a183-1fafd9e79a84@group-0A86274D8582-LeaderElection98] INFO  impl.RoleInfo (RoleInfo.java:updateAndGet(143)) - 3a40b363-5807-4d74-a183-1fafd9e79a84: start FollowerState
2019-10-09 17:52:02,225 [4f91e352-ef5d-4d2d-b049-57e26593e8c3@group-0A86274D8582-LeaderElection97] INFO  impl.RoleInfo (RoleInfo.java:updateAndGet(143)) - 4f91e352-ef5d-4d2d-b049-57e26593e8c3: start FollowerState
2019-10-09 17:52:02,228 [a4779c12-69d4-4447-ac01-f06068601461@group-0A86274D8582-LeaderElection99] INFO  impl.LeaderElection (LeaderElection.java:logAndReturn(56)) - a4779c12-69d4-4447-ac01-f06068601461@group-0A86274D8582-LeaderElection99: Election REJECTED; received 2 response(s) [a4779c12-69d4-4447-ac01-f06068601461<-3a40b363-5807-4d74-a183-1fafd9e79a84#0:FAIL-t1, a4779c12-69d4-4447-ac01-f06068601461<-4f91e352-ef5d-4d2d-b049-57e26593e8c3#0:FAIL-t1] and 0 exception(s); a4779c12-69d4-4447-ac01-f06068601461@group-0A86274D8582:t1, leader=null, voted=a4779c12-69d4-4447-ac01-f06068601461, raftlog=a4779c12-69d4-4447-ac01-f06068601461@group-0A86274D8582-SegmentedRaftLog:OPENED:c-1,f-1,i0, conf=-1: [3a40b363-5807-4d74-a183-1fafd9e79a84:192.168.5.136:42974, 4f91e352-ef5d-4d2d-b049-57e26593e8c3:192.168.5.136:38493, a4779c12-69d4-4447-ac01-f06068601461:192.168.5.136:39292], old=null
2019-10-09 17:52:02,228 [a4779c12-69d4-4447-ac01-f06068601461@group-0A86274D8582-LeaderElection99] INFO  impl.RaftServerImpl (RaftServerImpl.java:setRole(170)) - a4779c12-69d4-4447-ac01-f06068601461@group-0A86274D8582: changes role from CANDIDATE to FOLLOWER at term 1 for DISCOVERED_A_NEW_TERM
2019-10-09 17:52:02,229 [a4779c12-69d4-4447-ac01-f06068601461@group-0A86274D8582-LeaderElection99] INFO  impl.RoleInfo (RoleInfo.java:shutdownLeaderElection(134)) - a4779c12-69d4-4447-ac01-f06068601461: shutdown LeaderElection
2019-10-09 17:52:02,229 [a4779c12-69d4-4447-ac01-f06068601461@group-0A86274D8582-LeaderElection99] INFO  impl.RoleInfo (RoleInfo.java:updateAndGet(143)) - a4779c12-69d4-4447-ac01-f06068601461: start FollowerState
2019-10-09 17:52:02,230 [Thread-2395] INFO  impl.FollowerState (FollowerState.java:run(108)) - bed22c07-2a87-46f9-b28c-6f490a890e0f@group-9C1E3546A2E3-FollowerState: change to CANDIDATE, lastRpcTime:5049ms, electionTimeout:5049ms
2019-10-09 17:52:02,230 [Thread-2395] INFO  impl.RoleInfo (RoleInfo.java:shutdownFollowerState(121)) - bed22c07-2a87-46f9-b28c-6f490a890e0f: shutdown FollowerState
2019-10-09 17:52:02,230 [Thread-2395] INFO  impl.RaftServerImpl (RaftServerImpl.java:setRole(170)) - bed22c07-2a87-46f9-b28c-6f490a890e0f@group-9C1E3546A2E3: changes role from  FOLLOWER to CANDIDATE at term 0 for changeToCandidate
2019-10-09 17:52:02,230 [Thread-2395] INFO  impl.RoleInfo (RoleInfo.java:updateAndGet(143)) - bed22c07-2a87-46f9-b28c-6f490a890e0f: start LeaderElection
2019-10-09 17:52:02,242 [Thread-2383] INFO  impl.FollowerState (FollowerState.java:run(108)) - 4f91e352-ef5d-4d2d-b049-57e26593e8c3@group-CEBC241A8E90-FollowerState: change to CANDIDATE, lastRpcTime:5169ms, electionTimeout:5160ms
2019-10-09 17:52:02,242 [Thread-2383] INFO  impl.RoleInfo (RoleInfo.java:shutdownFollowerState(121)) - 4f91e352-ef5d-4d2d-b049-57e26593e8c3: shutdown FollowerState
2019-10-09 17:52:02,242 [Thread-2383] INFO  impl.RaftServerImpl (RaftServerImpl.java:setRole(170)) - 4f91e352-ef5d-4d2d-b049-57e26593e8c3@group-CEBC241A8E90: changes role from  FOLLOWER to CANDIDATE at term 0 for changeToCandidate
2019-10-09 17:52:02,242 [Thread-2383] INFO  impl.RoleInfo (RoleInfo.java:updateAndGet(143)) - 4f91e352-ef5d-4d2d-b049-57e26593e8c3: start LeaderElection
2019-10-09 17:52:02,256 [3a40b363-5807-4d74-a183-1fafd9e79a84@group-5FD004A3783E-SegmentedRaftLogWorker] INFO  segmented.SegmentedRaftLogWorker (SegmentedRaftLogWorker.java:execute(574)) - 3a40b363-5807-4d74-a183-1fafd9e79a84@group-5FD004A3783E-SegmentedRaftLogWorker: created new log segment /workdir/hadoop-ozone/integration-test/target/test-dir/MiniOzoneClusterImpl-401054cd-1d18-4b1d-93f9-f32735cbde25/datanode-1/data/ratis/e8f444c2-97be-48ee-b436-5fd004a3783e/current/log_inprogress_0
2019-10-09 17:52:02,256 [4f91e352-ef5d-4d2d-b049-57e26593e8c3@group-CEBC241A8E90-LeaderElection101] INFO  impl.LeaderElection (LeaderElection.java:askForVotes(178)) - 4f91e352-ef5d-4d2d-b049-57e26593e8c3@group-CEBC241A8E90-LeaderElection101: begin an election at term 1 for -1: [4f91e352-ef5d-4d2d-b049-57e26593e8c3:192.168.5.136:38493], old=null
2019-10-09 17:52:02,256 [bed22c07-2a87-46f9-b28c-6f490a890e0f@group-9C1E3546A2E3-LeaderElection100] INFO  impl.LeaderElection (LeaderElection.java:askForVotes(178)) - bed22c07-2a87-46f9-b28c-6f490a890e0f@group-9C1E3546A2E3-LeaderElection100: begin an election at term 1 for -1: [bed22c07-2a87-46f9-b28c-6f490a890e0f:192.168.5.136:34244], old=null
2019-10-09 17:52:02,256 [4f91e352-ef5d-4d2d-b049-57e26593e8c3@group-CEBC241A8E90-LeaderElection101] INFO  impl.RoleInfo (RoleInfo.java:shutdownLeaderElection(134)) - 4f91e352-ef5d-4d2d-b049-57e26593e8c3: shutdown LeaderElection
2019-10-09 17:52:02,256 [bed22c07-2a87-46f9-b28c-6f490a890e0f@group-9C1E3546A2E3-LeaderElection100] INFO  impl.RoleInfo (RoleInfo.java:shutdownLeaderElection(134)) - bed22c07-2a87-46f9-b28c-6f490a890e0f: shutdown LeaderElection
2019-10-09 17:52:02,256 [4f91e352-ef5d-4d2d-b049-57e26593e8c3@group-CEBC241A8E90-LeaderElection101] INFO  impl.RaftServerImpl (RaftServerImpl.java:setRole(170)) - 4f91e352-ef5d-4d2d-b049-57e26593e8c3@group-CEBC241A8E90: changes role from CANDIDATE to LEADER at term 1 for changeToLeader
2019-10-09 17:52:02,256 [bed22c07-2a87-46f9-b28c-6f490a890e0f@group-9C1E3546A2E3-LeaderElection100] INFO  impl.RaftServerImpl (RaftServerImpl.java:setRole(170)) - bed22c07-2a87-46f9-b28c-6f490a890e0f@group-9C1E3546A2E3: changes role from CANDIDATE to LEADER at term 1 for changeToLeader
2019-10-09 17:52:02,256 [4f91e352-ef5d-4d2d-b049-57e26593e8c3@group-CEBC241A8E90-LeaderElection101] INFO  impl.RaftServerImpl (ServerState.java:setLeader(255)) - 4f91e352-ef5d-4d2d-b049-57e26593e8c3@group-CEBC241A8E90: change Leader from null to 4f91e352-ef5d-4d2d-b049-57e26593e8c3 at term 1 for becomeLeader, leader elected after 5190ms
2019-10-09 17:52:02,256 [bed22c07-2a87-46f9-b28c-6f490a890e0f@group-9C1E3546A2E3-LeaderElection100] INFO  impl.RaftServerImpl (ServerState.java:setLeader(255)) - bed22c07-2a87-46f9-b28c-6f490a890e0f@group-9C1E3546A2E3: change Leader from null to bed22c07-2a87-46f9-b28c-6f490a890e0f at term 1 for becomeLeader, leader elected after 5082ms
2019-10-09 17:52:02,257 [4f91e352-ef5d-4d2d-b049-57e26593e8c3@group-CEBC241A8E90-LeaderElection101] INFO  server.RaftServerConfigKeys (ConfUtils.java:logGet(43)) - raft.server.staging.catchup.gap = 1000 (default)
2019-10-09 17:52:02,257 [bed22c07-2a87-46f9-b28c-6f490a890e0f@group-9C1E3546A2E3-LeaderElection100] INFO  server.RaftServerConfigKeys (ConfUtils.java:logGet(43)) - raft.server.staging.catchup.gap = 1000 (default)
2019-10-09 17:52:02,257 [4f91e352-ef5d-4d2d-b049-57e26593e8c3@group-CEBC241A8E90-LeaderElection101] INFO  server.RaftServerConfigKeys (ConfUtils.java:logGet(43)) - raft.server.rpc.sleep.time = 25ms (default)
2019-10-09 17:52:02,257 [bed22c07-2a87-46f9-b28c-6f490a890e0f@group-9C1E3546A2E3-LeaderElection100] INFO  server.RaftServerConfigKeys (ConfUtils.java:logGet(43)) - raft.server.rpc.sleep.time = 25ms (default)
2019-10-09 17:52:02,257 [4f91e352-ef5d-4d2d-b049-57e26593e8c3@group-CEBC241A8E90-LeaderElection101] INFO  server.RaftServerConfigKeys (ConfUtils.java:logGet(43)) - raft.server.write.element-limit = 4096 (default)
2019-10-09 17:52:02,257 [bed22c07-2a87-46f9-b28c-6f490a890e0f@group-9C1E3546A2E3-LeaderElection100] INFO  server.RaftServerConfigKeys (ConfUtils.java:logGet(43)) - raft.server.write.element-limit = 4096 (default)
2019-10-09 17:52:02,257 [4f91e352-ef5d-4d2d-b049-57e26593e8c3@group-CEBC241A8E90-LeaderElection101] INFO  server.RaftServerConfigKeys (ConfUtils.java:logGet(43)) - raft.server.watch.timeout = 10s (default)
2019-10-09 17:52:02,257 [bed22c07-2a87-46f9-b28c-6f490a890e0f@group-9C1E3546A2E3-LeaderElection100] INFO  server.RaftServerConfigKeys (ConfUtils.java:logGet(43)) - raft.server.watch.timeout = 10s (default)
2019-10-09 17:52:02,257 [4f91e352-ef5d-4d2d-b049-57e26593e8c3@group-CEBC241A8E90-LeaderElection101] INFO  server.RaftServerConfigKeys (ConfUtils.java:logGet(43)) - raft.server.watch.timeout.denomination = 1s (default)
2019-10-09 17:52:02,257 [bed22c07-2a87-46f9-b28c-6f490a890e0f@group-9C1E3546A2E3-LeaderElection100] INFO  server.RaftServerConfigKeys (ConfUtils.java:logGet(43)) - raft.server.watch.timeout.denomination = 1s (default)
2019-10-09 17:52:02,258 [4f91e352-ef5d-4d2d-b049-57e26593e8c3@group-CEBC241A8E90-LeaderElection101] INFO  server.RaftServerConfigKeys (ConfUtils.java:logGet(43)) - raft.server.watch.element-limit = 65536 (default)
2019-10-09 17:52:02,258 [bed22c07-2a87-46f9-b28c-6f490a890e0f@group-9C1E3546A2E3-LeaderElection100] INFO  server.RaftServerConfigKeys (ConfUtils.java:logGet(43)) - raft.server.watch.element-limit = 65536 (default)
2019-10-09 17:52:02,260 [bed22c07-2a87-46f9-b28c-6f490a890e0f@group-9C1E3546A2E3-LeaderElection100] INFO  impl.RoleInfo (RoleInfo.java:updateAndGet(143)) - bed22c07-2a87-46f9-b28c-6f490a890e0f: start LeaderState
2019-10-09 17:52:02,260 [bed22c07-2a87-46f9-b28c-6f490a890e0f@group-9C1E3546A2E3-LeaderElection100] INFO  segmented.SegmentedRaftLogWorker (SegmentedRaftLogWorker.java:startLogSegment(385)) - bed22c07-2a87-46f9-b28c-6f490a890e0f@group-9C1E3546A2E3-SegmentedRaftLogWorker: Starting segment from index:0
2019-10-09 17:52:02,261 [4f91e352-ef5d-4d2d-b049-57e26593e8c3@group-CEBC241A8E90-LeaderElection101] INFO  impl.RoleInfo (RoleInfo.java:updateAndGet(143)) - 4f91e352-ef5d-4d2d-b049-57e26593e8c3: start LeaderState
2019-10-09 17:52:02,261 [bed22c07-2a87-46f9-b28c-6f490a890e0f@group-9C1E3546A2E3-LeaderElection100] INFO  impl.RaftServerImpl (ServerState.java:setRaftConf(356)) - bed22c07-2a87-46f9-b28c-6f490a890e0f@group-9C1E3546A2E3: set configuration 0: [bed22c07-2a87-46f9-b28c-6f490a890e0f:192.168.5.136:34244], old=null at 0
2019-10-09 17:52:02,261 [4f91e352-ef5d-4d2d-b049-57e26593e8c3@group-CEBC241A8E90-LeaderElection101] INFO  segmented.SegmentedRaftLogWorker (SegmentedRaftLogWorker.java:startLogSegment(385)) - 4f91e352-ef5d-4d2d-b049-57e26593e8c3@group-CEBC241A8E90-SegmentedRaftLogWorker: Starting segment from index:0
2019-10-09 17:52:02,262 [4f91e352-ef5d-4d2d-b049-57e26593e8c3@group-CEBC241A8E90-LeaderElection101] INFO  impl.RaftServerImpl (ServerState.java:setRaftConf(356)) - 4f91e352-ef5d-4d2d-b049-57e26593e8c3@group-CEBC241A8E90: set configuration 0: [4f91e352-ef5d-4d2d-b049-57e26593e8c3:192.168.5.136:38493], old=null at 0
2019-10-09 17:52:02,310 [Thread-2398] INFO  impl.FollowerState (FollowerState.java:run(108)) - 8271a63f-a8ec-4e77-85a9-5f7807dea002@group-46165D7BA918-FollowerState: change to CANDIDATE, lastRpcTime:5060ms, electionTimeout:5060ms
2019-10-09 17:52:02,310 [bed22c07-2a87-46f9-b28c-6f490a890e0f@group-9C1E3546A2E3-SegmentedRaftLogWorker] INFO  segmented.SegmentedRaftLogWorker (SegmentedRaftLogWorker.java:execute(574)) - bed22c07-2a87-46f9-b28c-6f490a890e0f@group-9C1E3546A2E3-SegmentedRaftLogWorker: created new log segment /workdir/hadoop-ozone/integration-test/target/test-dir/MiniOzoneClusterImpl-401054cd-1d18-4b1d-93f9-f32735cbde25/datanode-3/data/ratis/4d1466f1-8749-4810-9f6d-9c1e3546a2e3/current/log_inprogress_0
2019-10-09 17:52:02,310 [4f91e352-ef5d-4d2d-b049-57e26593e8c3@group-CEBC241A8E90-SegmentedRaftLogWorker] INFO  segmented.SegmentedRaftLogWorker (SegmentedRaftLogWorker.java:execute(574)) - 4f91e352-ef5d-4d2d-b049-57e26593e8c3@group-CEBC241A8E90-SegmentedRaftLogWorker: created new log segment /workdir/hadoop-ozone/integration-test/target/test-dir/MiniOzoneClusterImpl-401054cd-1d18-4b1d-93f9-f32735cbde25/datanode-2/data/ratis/0c1c1d20-1680-4cb6-bc58-cebc241a8e90/current/log_inprogress_0
2019-10-09 17:52:02,310 [Thread-2398] INFO  impl.RoleInfo (RoleInfo.java:shutdownFollowerState(121)) - 8271a63f-a8ec-4e77-85a9-5f7807dea002: shutdown FollowerState
2019-10-09 17:52:02,310 [Thread-2398] INFO  impl.RaftServerImpl (RaftServerImpl.java:setRole(170)) - 8271a63f-a8ec-4e77-85a9-5f7807dea002@group-46165D7BA918: changes role from  FOLLOWER to CANDIDATE at term 0 for changeToCandidate
2019-10-09 17:52:02,311 [Thread-2398] INFO  impl.RoleInfo (RoleInfo.java:updateAndGet(143)) - 8271a63f-a8ec-4e77-85a9-5f7807dea002: start LeaderElection
2019-10-09 17:52:02,320 [8271a63f-a8ec-4e77-85a9-5f7807dea002@group-46165D7BA918-LeaderElection102] INFO  impl.LeaderElection (LeaderElection.java:askForVotes(178)) - 8271a63f-a8ec-4e77-85a9-5f7807dea002@group-46165D7BA918-LeaderElection102: begin an election at term 1 for -1: [8271a63f-a8ec-4e77-85a9-5f7807dea002:192.168.5.136:39774], old=null
2019-10-09 17:52:02,321 [8271a63f-a8ec-4e77-85a9-5f7807dea002@group-46165D7BA918-LeaderElection102] INFO  impl.RoleInfo (RoleInfo.java:shutdownLeaderElection(134)) - 8271a63f-a8ec-4e77-85a9-5f7807dea002: shutdown LeaderElection
2019-10-09 17:52:02,321 [8271a63f-a8ec-4e77-85a9-5f7807dea002@group-46165D7BA918-LeaderElection102] INFO  impl.RaftServerImpl (RaftServerImpl.java:setRole(170)) - 8271a63f-a8ec-4e77-85a9-5f7807dea002@group-46165D7BA918: changes role from CANDIDATE to LEADER at term 1 for changeToLeader
2019-10-09 17:52:02,321 [8271a63f-a8ec-4e77-85a9-5f7807dea002@group-46165D7BA918-LeaderElection102] INFO  impl.RaftServerImpl (ServerState.java:setLeader(255)) - 8271a63f-a8ec-4e77-85a9-5f7807dea002@group-46165D7BA918: change Leader from null to 8271a63f-a8ec-4e77-85a9-5f7807dea002 at term 1 for becomeLeader, leader elected after 5079ms
2019-10-09 17:52:02,321 [8271a63f-a8ec-4e77-85a9-5f7807dea002@group-46165D7BA918-LeaderElection102] INFO  server.RaftServerConfigKeys (ConfUtils.java:logGet(43)) - raft.server.staging.catchup.gap = 1000 (default)
2019-10-09 17:52:02,321 [8271a63f-a8ec-4e77-85a9-5f7807dea002@group-46165D7BA918-LeaderElection102] INFO  server.RaftServerConfigKeys (ConfUtils.java:logGet(43)) - raft.server.rpc.sleep.time = 25ms (default)
2019-10-09 17:52:02,322 [8271a63f-a8ec-4e77-85a9-5f7807dea002@group-46165D7BA918-LeaderElection102] INFO  server.RaftServerConfigKeys (ConfUtils.java:logGet(43)) - raft.server.write.element-limit = 4096 (default)
2019-10-09 17:52:02,322 [8271a63f-a8ec-4e77-85a9-5f7807dea002@group-46165D7BA918-LeaderElection102] INFO  server.RaftServerConfigKeys (ConfUtils.java:logGet(43)) - raft.server.watch.timeout = 10s (default)
2019-10-09 17:52:02,322 [8271a63f-a8ec-4e77-85a9-5f7807dea002@group-46165D7BA918-LeaderElection102] INFO  server.RaftServerConfigKeys (ConfUtils.java:logGet(43)) - raft.server.watch.timeout.denomination = 1s (default)
2019-10-09 17:52:02,322 [8271a63f-a8ec-4e77-85a9-5f7807dea002@group-46165D7BA918-LeaderElection102] INFO  server.RaftServerConfigKeys (ConfUtils.java:logGet(43)) - raft.server.watch.element-limit = 65536 (default)
2019-10-09 17:52:02,324 [8271a63f-a8ec-4e77-85a9-5f7807dea002@group-46165D7BA918-LeaderElection102] INFO  impl.RoleInfo (RoleInfo.java:updateAndGet(143)) - 8271a63f-a8ec-4e77-85a9-5f7807dea002: start LeaderState
2019-10-09 17:52:02,324 [8271a63f-a8ec-4e77-85a9-5f7807dea002@group-46165D7BA918-LeaderElection102] INFO  segmented.SegmentedRaftLogWorker (SegmentedRaftLogWorker.java:startLogSegment(385)) - 8271a63f-a8ec-4e77-85a9-5f7807dea002@group-46165D7BA918-SegmentedRaftLogWorker: Starting segment from index:0
2019-10-09 17:52:02,325 [8271a63f-a8ec-4e77-85a9-5f7807dea002@group-46165D7BA918-LeaderElection102] INFO  impl.RaftServerImpl (ServerState.java:setRaftConf(356)) - 8271a63f-a8ec-4e77-85a9-5f7807dea002@group-46165D7BA918: set configuration 0: [8271a63f-a8ec-4e77-85a9-5f7807dea002:192.168.5.136:39774], old=null at 0
2019-10-09 17:52:02,359 [8271a63f-a8ec-4e77-85a9-5f7807dea002@group-46165D7BA918-SegmentedRaftLogWorker] INFO  segmented.SegmentedRaftLogWorker (SegmentedRaftLogWorker.java:execute(574)) - 8271a63f-a8ec-4e77-85a9-5f7807dea002@group-46165D7BA918-SegmentedRaftLogWorker: created new log segment /workdir/hadoop-ozone/integration-test/target/test-dir/MiniOzoneClusterImpl-401054cd-1d18-4b1d-93f9-f32735cbde25/datanode-4/data/ratis/35b08111-9b75-4cb5-ba0f-46165d7ba918/current/log_inprogress_0
2019-10-09 17:52:02,467 [Thread-2404] INFO  impl.FollowerState (FollowerState.java:run(108)) - f2c3255d-cfd3-4033-ac4e-dd725c0d9f29@group-8897C5F246BE-FollowerState: change to CANDIDATE, lastRpcTime:5127ms, electionTimeout:5127ms
2019-10-09 17:52:02,467 [Thread-2404] INFO  impl.RoleInfo (RoleInfo.java:shutdownFollowerState(121)) - f2c3255d-cfd3-4033-ac4e-dd725c0d9f29: shutdown FollowerState
2019-10-09 17:52:02,467 [Thread-2404] INFO  impl.RaftServerImpl (RaftServerImpl.java:setRole(170)) - f2c3255d-cfd3-4033-ac4e-dd725c0d9f29@group-8897C5F246BE: changes role from  FOLLOWER to CANDIDATE at term 0 for changeToCandidate
2019-10-09 17:52:02,468 [Thread-2404] INFO  impl.RoleInfo (RoleInfo.java:updateAndGet(143)) - f2c3255d-cfd3-4033-ac4e-dd725c0d9f29: start LeaderElection
2019-10-09 17:52:02,478 [Thread-2401] INFO  impl.FollowerState (FollowerState.java:run(108)) - cf784504-f4eb-4893-a89f-4f27ba959ccd@group-C2721F60CB21-FollowerState: change to CANDIDATE, lastRpcTime:5182ms, electionTimeout:5182ms
2019-10-09 17:52:02,478 [Thread-2401] INFO  impl.RoleInfo (RoleInfo.java:shutdownFollowerState(121)) - cf784504-f4eb-4893-a89f-4f27ba959ccd: shutdown FollowerState
2019-10-09 17:52:02,478 [Thread-2401] INFO  impl.RaftServerImpl (RaftServerImpl.java:setRole(170)) - cf784504-f4eb-4893-a89f-4f27ba959ccd@group-C2721F60CB21: changes role from  FOLLOWER to CANDIDATE at term 0 for changeToCandidate
2019-10-09 17:52:02,478 [Thread-2401] INFO  impl.RoleInfo (RoleInfo.java:updateAndGet(143)) - cf784504-f4eb-4893-a89f-4f27ba959ccd: start LeaderElection
2019-10-09 17:52:02,484 [cf784504-f4eb-4893-a89f-4f27ba959ccd@group-C2721F60CB21-LeaderElection104] INFO  impl.LeaderElection (LeaderElection.java:askForVotes(178)) - cf784504-f4eb-4893-a89f-4f27ba959ccd@group-C2721F60CB21-LeaderElection104: begin an election at term 1 for -1: [cf784504-f4eb-4893-a89f-4f27ba959ccd:192.168.5.136:34698], old=null
2019-10-09 17:52:02,484 [f2c3255d-cfd3-4033-ac4e-dd725c0d9f29@group-8897C5F246BE-LeaderElection103] INFO  impl.LeaderElection (LeaderElection.java:askForVotes(178)) - f2c3255d-cfd3-4033-ac4e-dd725c0d9f29@group-8897C5F246BE-LeaderElection103: begin an election at term 1 for -1: [f2c3255d-cfd3-4033-ac4e-dd725c0d9f29:192.168.5.136:35742], old=null
2019-10-09 17:52:02,485 [cf784504-f4eb-4893-a89f-4f27ba959ccd@group-C2721F60CB21-LeaderElection104] INFO  impl.RoleInfo (RoleInfo.java:shutdownLeaderElection(134)) - cf784504-f4eb-4893-a89f-4f27ba959ccd: shutdown LeaderElection
2019-10-09 17:52:02,485 [f2c3255d-cfd3-4033-ac4e-dd725c0d9f29@group-8897C5F246BE-LeaderElection103] INFO  impl.RoleInfo (RoleInfo.java:shutdownLeaderElection(134)) - f2c3255d-cfd3-4033-ac4e-dd725c0d9f29: shutdown LeaderElection
2019-10-09 17:52:02,485 [cf784504-f4eb-4893-a89f-4f27ba959ccd@group-C2721F60CB21-LeaderElection104] INFO  impl.RaftServerImpl (RaftServerImpl.java:setRole(170)) - cf784504-f4eb-4893-a89f-4f27ba959ccd@group-C2721F60CB21: changes role from CANDIDATE to LEADER at term 1 for changeToLeader
2019-10-09 17:52:02,485 [f2c3255d-cfd3-4033-ac4e-dd725c0d9f29@group-8897C5F246BE-LeaderElection103] INFO  impl.RaftServerImpl (RaftServerImpl.java:setRole(170)) - f2c3255d-cfd3-4033-ac4e-dd725c0d9f29@group-8897C5F246BE: changes role from CANDIDATE to LEADER at term 1 for changeToLeader
2019-10-09 17:52:02,485 [cf784504-f4eb-4893-a89f-4f27ba959ccd@group-C2721F60CB21-LeaderElection104] INFO  impl.RaftServerImpl (ServerState.java:setLeader(255)) - cf784504-f4eb-4893-a89f-4f27ba959ccd@group-C2721F60CB21: change Leader from null to cf784504-f4eb-4893-a89f-4f27ba959ccd at term 1 for becomeLeader, leader elected after 5195ms
2019-10-09 17:52:02,485 [f2c3255d-cfd3-4033-ac4e-dd725c0d9f29@group-8897C5F246BE-LeaderElection103] INFO  impl.RaftServerImpl (ServerState.java:setLeader(255)) - f2c3255d-cfd3-4033-ac4e-dd725c0d9f29@group-8897C5F246BE: change Leader from null to f2c3255d-cfd3-4033-ac4e-dd725c0d9f29 at term 1 for becomeLeader, leader elected after 5150ms
2019-10-09 17:52:02,485 [cf784504-f4eb-4893-a89f-4f27ba959ccd@group-C2721F60CB21-LeaderElection104] INFO  server.RaftServerConfigKeys (ConfUtils.java:logGet(43)) - raft.server.staging.catchup.gap = 1000 (default)
2019-10-09 17:52:02,486 [f2c3255d-cfd3-4033-ac4e-dd725c0d9f29@group-8897C5F246BE-LeaderElection103] INFO  server.RaftServerConfigKeys (ConfUtils.java:logGet(43)) - raft.server.staging.catchup.gap = 1000 (default)
2019-10-09 17:52:02,486 [cf784504-f4eb-4893-a89f-4f27ba959ccd@group-C2721F60CB21-LeaderElection104] INFO  server.RaftServerConfigKeys (ConfUtils.java:logGet(43)) - raft.server.rpc.sleep.time = 25ms (default)
2019-10-09 17:52:02,486 [f2c3255d-cfd3-4033-ac4e-dd725c0d9f29@group-8897C5F246BE-LeaderElection103] INFO  server.RaftServerConfigKeys (ConfUtils.java:logGet(43)) - raft.server.rpc.sleep.time = 25ms (default)
2019-10-09 17:52:02,486 [cf784504-f4eb-4893-a89f-4f27ba959ccd@group-C2721F60CB21-LeaderElection104] INFO  server.RaftServerConfigKeys (ConfUtils.java:logGet(43)) - raft.server.write.element-limit = 4096 (default)
2019-10-09 17:52:02,486 [f2c3255d-cfd3-4033-ac4e-dd725c0d9f29@group-8897C5F246BE-LeaderElection103] INFO  server.RaftServerConfigKeys (ConfUtils.java:logGet(43)) - raft.server.write.element-limit = 4096 (default)
2019-10-09 17:52:02,486 [cf784504-f4eb-4893-a89f-4f27ba959ccd@group-C2721F60CB21-LeaderElection104] INFO  server.RaftServerConfigKeys (ConfUtils.java:logGet(43)) - raft.server.watch.timeout = 10s (default)
2019-10-09 17:52:02,487 [f2c3255d-cfd3-4033-ac4e-dd725c0d9f29@group-8897C5F246BE-LeaderElection103] INFO  server.RaftServerConfigKeys (ConfUtils.java:logGet(43)) - raft.server.watch.timeout = 10s (default)
2019-10-09 17:52:02,487 [cf784504-f4eb-4893-a89f-4f27ba959ccd@group-C2721F60CB21-LeaderElection104] INFO  server.RaftServerConfigKeys (ConfUtils.java:logGet(43)) - raft.server.watch.timeout.denomination = 1s (default)
2019-10-09 17:52:02,487 [f2c3255d-cfd3-4033-ac4e-dd725c0d9f29@group-8897C5F246BE-LeaderElection103] INFO  server.RaftServerConfigKeys (ConfUtils.java:logGet(43)) - raft.server.watch.timeout.denomination = 1s (default)
2019-10-09 17:52:02,487 [cf784504-f4eb-4893-a89f-4f27ba959ccd@group-C2721F60CB21-LeaderElection104] INFO  server.RaftServerConfigKeys (ConfUtils.java:logGet(43)) - raft.server.watch.element-limit = 65536 (default)
2019-10-09 17:52:02,487 [f2c3255d-cfd3-4033-ac4e-dd725c0d9f29@group-8897C5F246BE-LeaderElection103] INFO  server.RaftServerConfigKeys (ConfUtils.java:logGet(43)) - raft.server.watch.element-limit = 65536 (default)
2019-10-09 17:52:02,491 [cf784504-f4eb-4893-a89f-4f27ba959ccd@group-C2721F60CB21-LeaderElection104] INFO  impl.RoleInfo (RoleInfo.java:updateAndGet(143)) - cf784504-f4eb-4893-a89f-4f27ba959ccd: start LeaderState
2019-10-09 17:52:02,491 [f2c3255d-cfd3-4033-ac4e-dd725c0d9f29@group-8897C5F246BE-LeaderElection103] INFO  impl.RoleInfo (RoleInfo.java:updateAndGet(143)) - f2c3255d-cfd3-4033-ac4e-dd725c0d9f29: start LeaderState
2019-10-09 17:52:02,491 [cf784504-f4eb-4893-a89f-4f27ba959ccd@group-C2721F60CB21-LeaderElection104] INFO  segmented.SegmentedRaftLogWorker (SegmentedRaftLogWorker.java:startLogSegment(385)) - cf784504-f4eb-4893-a89f-4f27ba959ccd@group-C2721F60CB21-SegmentedRaftLogWorker: Starting segment from index:0
2019-10-09 17:52:02,491 [f2c3255d-cfd3-4033-ac4e-dd725c0d9f29@group-8897C5F246BE-LeaderElection103] INFO  segmented.SegmentedRaftLogWorker (SegmentedRaftLogWorker.java:startLogSegment(385)) - f2c3255d-cfd3-4033-ac4e-dd725c0d9f29@group-8897C5F246BE-SegmentedRaftLogWorker: Starting segment from index:0
2019-10-09 17:52:02,492 [cf784504-f4eb-4893-a89f-4f27ba959ccd@group-C2721F60CB21-LeaderElection104] INFO  impl.RaftServerImpl (ServerState.java:setRaftConf(356)) - cf784504-f4eb-4893-a89f-4f27ba959ccd@group-C2721F60CB21: set configuration 0: [cf784504-f4eb-4893-a89f-4f27ba959ccd:192.168.5.136:34698], old=null at 0
2019-10-09 17:52:02,492 [f2c3255d-cfd3-4033-ac4e-dd725c0d9f29@group-8897C5F246BE-LeaderElection103] INFO  impl.RaftServerImpl (ServerState.java:setRaftConf(356)) - f2c3255d-cfd3-4033-ac4e-dd725c0d9f29@group-8897C5F246BE: set configuration 0: [f2c3255d-cfd3-4033-ac4e-dd725c0d9f29:192.168.5.136:35742], old=null at 0
2019-10-09 17:52:02,498 [Thread-2407] INFO  impl.FollowerState (FollowerState.java:run(108)) - bed22c07-2a87-46f9-b28c-6f490a890e0f@group-C3DA5CAAFC27-FollowerState: change to CANDIDATE, lastRpcTime:5079ms, electionTimeout:5079ms
2019-10-09 17:52:02,498 [Thread-2407] INFO  impl.RoleInfo (RoleInfo.java:shutdownFollowerState(121)) - bed22c07-2a87-46f9-b28c-6f490a890e0f: shutdown FollowerState
2019-10-09 17:52:02,498 [Thread-2407] INFO  impl.RaftServerImpl (RaftServerImpl.java:setRole(170)) - bed22c07-2a87-46f9-b28c-6f490a890e0f@group-C3DA5CAAFC27: changes role from  FOLLOWER to CANDIDATE at term 0 for changeToCandidate
2019-10-09 17:52:02,499 [Thread-2407] INFO  impl.RoleInfo (RoleInfo.java:updateAndGet(143)) - bed22c07-2a87-46f9-b28c-6f490a890e0f: start LeaderElection
2019-10-09 17:52:02,545 [cf784504-f4eb-4893-a89f-4f27ba959ccd@group-C2721F60CB21-SegmentedRaftLogWorker] INFO  segmented.SegmentedRaftLogWorker (SegmentedRaftLogWorker.java:execute(574)) - cf784504-f4eb-4893-a89f-4f27ba959ccd@group-C2721F60CB21-SegmentedRaftLogWorker: created new log segment /workdir/hadoop-ozone/integration-test/target/test-dir/MiniOzoneClusterImpl-401054cd-1d18-4b1d-93f9-f32735cbde25/datanode-5/data/ratis/e44a3438-a497-4999-b430-c2721f60cb21/current/log_inprogress_0
2019-10-09 17:52:02,545 [bed22c07-2a87-46f9-b28c-6f490a890e0f@group-C3DA5CAAFC27-LeaderElection105] INFO  impl.LeaderElection (LeaderElection.java:askForVotes(178)) - bed22c07-2a87-46f9-b28c-6f490a890e0f@group-C3DA5CAAFC27-LeaderElection105: begin an election at term 1 for -1: [bed22c07-2a87-46f9-b28c-6f490a890e0f:192.168.5.136:34244, cf784504-f4eb-4893-a89f-4f27ba959ccd:192.168.5.136:34698, f2c3255d-cfd3-4033-ac4e-dd725c0d9f29:192.168.5.136:35742], old=null
2019-10-09 17:52:02,545 [f2c3255d-cfd3-4033-ac4e-dd725c0d9f29@group-8897C5F246BE-SegmentedRaftLogWorker] INFO  segmented.SegmentedRaftLogWorker (SegmentedRaftLogWorker.java:execute(574)) - f2c3255d-cfd3-4033-ac4e-dd725c0d9f29@group-8897C5F246BE-SegmentedRaftLogWorker: created new log segment /workdir/hadoop-ozone/integration-test/target/test-dir/MiniOzoneClusterImpl-401054cd-1d18-4b1d-93f9-f32735cbde25/datanode-6/data/ratis/0238c47d-976b-4da4-b016-8897c5f246be/current/log_inprogress_0
2019-10-09 17:52:02,550 [Thread-2411] INFO  impl.FollowerState (FollowerState.java:run(108)) - cf784504-f4eb-4893-a89f-4f27ba959ccd@group-C3DA5CAAFC27-FollowerState: change to CANDIDATE, lastRpcTime:5126ms, electionTimeout:5126ms
2019-10-09 17:52:02,551 [Thread-2411] INFO  impl.RoleInfo (RoleInfo.java:shutdownFollowerState(121)) - cf784504-f4eb-4893-a89f-4f27ba959ccd: shutdown FollowerState
2019-10-09 17:52:02,551 [Thread-2411] INFO  impl.RaftServerImpl (RaftServerImpl.java:setRole(170)) - cf784504-f4eb-4893-a89f-4f27ba959ccd@group-C3DA5CAAFC27: changes role from  FOLLOWER to CANDIDATE at term 0 for changeToCandidate
2019-10-09 17:52:02,551 [Thread-2411] INFO  impl.RoleInfo (RoleInfo.java:updateAndGet(143)) - cf784504-f4eb-4893-a89f-4f27ba959ccd: start LeaderElection
2019-10-09 17:52:02,554 [grpc-default-executor-2] INFO  impl.RaftServerImpl (RaftServerImpl.java:setRole(170)) - cf784504-f4eb-4893-a89f-4f27ba959ccd@group-C3DA5CAAFC27: changes role from CANDIDATE to FOLLOWER at term 1 for recognizeCandidate:bed22c07-2a87-46f9-b28c-6f490a890e0f
2019-10-09 17:52:02,555 [grpc-default-executor-2] INFO  impl.RoleInfo (RoleInfo.java:shutdownLeaderElection(134)) - cf784504-f4eb-4893-a89f-4f27ba959ccd: shutdown LeaderElection
2019-10-09 17:52:02,555 [grpc-default-executor-2] INFO  impl.RoleInfo (RoleInfo.java:updateAndGet(143)) - cf784504-f4eb-4893-a89f-4f27ba959ccd: start FollowerState
2019-10-09 17:52:02,557 [grpc-default-executor-1] INFO  impl.RaftServerImpl (RaftServerImpl.java:setRole(170)) - f2c3255d-cfd3-4033-ac4e-dd725c0d9f29@group-C3DA5CAAFC27: changes role from  FOLLOWER to FOLLOWER at term 1 for recognizeCandidate:bed22c07-2a87-46f9-b28c-6f490a890e0f
2019-10-09 17:52:02,557 [grpc-default-executor-1] INFO  impl.RoleInfo (RoleInfo.java:shutdownFollowerState(121)) - f2c3255d-cfd3-4033-ac4e-dd725c0d9f29: shutdown FollowerState
2019-10-09 17:52:02,557 [grpc-default-executor-1] INFO  impl.RoleInfo (RoleInfo.java:updateAndGet(143)) - f2c3255d-cfd3-4033-ac4e-dd725c0d9f29: start FollowerState
2019-10-09 17:52:02,557 [Thread-2412] INFO  impl.FollowerState (FollowerState.java:run(117)) - f2c3255d-cfd3-4033-ac4e-dd725c0d9f29@group-C3DA5CAAFC27-FollowerState was interrupted: java.lang.InterruptedException: sleep interrupted
2019-10-09 17:52:02,573 [bed22c07-2a87-46f9-b28c-6f490a890e0f@group-C3DA5CAAFC27-LeaderElection105] INFO  impl.LeaderElection (LeaderElection.java:logAndReturn(56)) - bed22c07-2a87-46f9-b28c-6f490a890e0f@group-C3DA5CAAFC27-LeaderElection105: Election PASSED; received 2 response(s) [bed22c07-2a87-46f9-b28c-6f490a890e0f<-cf784504-f4eb-4893-a89f-4f27ba959ccd#0:FAIL-t1, bed22c07-2a87-46f9-b28c-6f490a890e0f<-f2c3255d-cfd3-4033-ac4e-dd725c0d9f29#0:OK-t1] and 0 exception(s); bed22c07-2a87-46f9-b28c-6f490a890e0f@group-C3DA5CAAFC27:t1, leader=null, voted=bed22c07-2a87-46f9-b28c-6f490a890e0f, raftlog=bed22c07-2a87-46f9-b28c-6f490a890e0f@group-C3DA5CAAFC27-SegmentedRaftLog:OPENED:c-1,f-1,i0, conf=-1: [bed22c07-2a87-46f9-b28c-6f490a890e0f:192.168.5.136:34244, cf784504-f4eb-4893-a89f-4f27ba959ccd:192.168.5.136:34698, f2c3255d-cfd3-4033-ac4e-dd725c0d9f29:192.168.5.136:35742], old=null
2019-10-09 17:52:02,573 [bed22c07-2a87-46f9-b28c-6f490a890e0f@group-C3DA5CAAFC27-LeaderElection105] INFO  impl.RoleInfo (RoleInfo.java:shutdownLeaderElection(134)) - bed22c07-2a87-46f9-b28c-6f490a890e0f: shutdown LeaderElection
2019-10-09 17:52:02,573 [bed22c07-2a87-46f9-b28c-6f490a890e0f@group-C3DA5CAAFC27-LeaderElection105] INFO  impl.RaftServerImpl (RaftServerImpl.java:setRole(170)) - bed22c07-2a87-46f9-b28c-6f490a890e0f@group-C3DA5CAAFC27: changes role from CANDIDATE to LEADER at term 1 for changeToLeader
2019-10-09 17:52:02,573 [bed22c07-2a87-46f9-b28c-6f490a890e0f@group-C3DA5CAAFC27-LeaderElection105] INFO  impl.RaftServerImpl (ServerState.java:setLeader(255)) - bed22c07-2a87-46f9-b28c-6f490a890e0f@group-C3DA5CAAFC27: change Leader from null to bed22c07-2a87-46f9-b28c-6f490a890e0f at term 1 for becomeLeader, leader elected after 5161ms
2019-10-09 17:52:02,574 [bed22c07-2a87-46f9-b28c-6f490a890e0f@group-C3DA5CAAFC27-LeaderElection105] INFO  server.RaftServerConfigKeys (ConfUtils.java:logGet(43)) - raft.server.staging.catchup.gap = 1000 (default)
2019-10-09 17:52:02,574 [bed22c07-2a87-46f9-b28c-6f490a890e0f@group-C3DA5CAAFC27-LeaderElection105] INFO  server.RaftServerConfigKeys (ConfUtils.java:logGet(43)) - raft.server.rpc.sleep.time = 25ms (default)
2019-10-09 17:52:02,574 [bed22c07-2a87-46f9-b28c-6f490a890e0f@group-C3DA5CAAFC27-LeaderElection105] INFO  server.RaftServerConfigKeys (ConfUtils.java:logGet(43)) - raft.server.write.element-limit = 4096 (default)
2019-10-09 17:52:02,574 [bed22c07-2a87-46f9-b28c-6f490a890e0f@group-C3DA5CAAFC27-LeaderElection105] INFO  server.RaftServerConfigKeys (ConfUtils.java:logGet(43)) - raft.server.watch.timeout = 10s (default)
2019-10-09 17:52:02,574 [bed22c07-2a87-46f9-b28c-6f490a890e0f@group-C3DA5CAAFC27-LeaderElection105] INFO  server.RaftServerConfigKeys (ConfUtils.java:logGet(43)) - raft.server.watch.timeout.denomination = 1s (default)
2019-10-09 17:52:02,574 [bed22c07-2a87-46f9-b28c-6f490a890e0f@group-C3DA5CAAFC27-LeaderElection105] INFO  server.RaftServerConfigKeys (ConfUtils.java:logGet(43)) - raft.server.watch.element-limit = 65536 (default)
2019-10-09 17:52:02,575 [bed22c07-2a87-46f9-b28c-6f490a890e0f@group-C3DA5CAAFC27-LeaderElection105] INFO  server.RaftServerConfigKeys (ConfUtils.java:logGet(43)) - raft.server.log.appender.snapshot.chunk.size.max = 16MB (=16777216) (default)
2019-10-09 17:52:02,575 [bed22c07-2a87-46f9-b28c-6f490a890e0f@group-C3DA5CAAFC27-LeaderElection105] INFO  server.RaftServerConfigKeys (ConfUtils.java:logGet(43)) - raft.server.log.appender.buffer.byte-limit = 33554432 (custom)
2019-10-09 17:52:02,575 [bed22c07-2a87-46f9-b28c-6f490a890e0f@group-C3DA5CAAFC27-LeaderElection105] INFO  server.RaftServerConfigKeys (ConfUtils.java:logGet(43)) - raft.server.log.appender.buffer.element-limit = 1 (custom)
2019-10-09 17:52:02,576 [bed22c07-2a87-46f9-b28c-6f490a890e0f@group-C3DA5CAAFC27-LeaderElection105] INFO  grpc.GrpcConfigKeys$Server (ConfUtils.java:logGet(43)) - raft.grpc.server.leader.outstanding.appends.max = 128 (default)
2019-10-09 17:52:02,576 [bed22c07-2a87-46f9-b28c-6f490a890e0f@group-C3DA5CAAFC27-LeaderElection105] INFO  server.RaftServerConfigKeys (ConfUtils.java:logGet(43)) - raft.server.rpc.request.timeout = 3000ms (default)
2019-10-09 17:52:02,576 [bed22c07-2a87-46f9-b28c-6f490a890e0f@group-C3DA5CAAFC27-LeaderElection105] INFO  server.RaftServerConfigKeys (ConfUtils.java:logGet(43)) - raft.server.log.appender.install.snapshot.enabled = false (custom)
2019-10-09 17:52:02,576 [bed22c07-2a87-46f9-b28c-6f490a890e0f@group-C3DA5CAAFC27-LeaderElection105] INFO  server.RaftServerConfigKeys (ConfUtils.java:logGet(43)) - raft.server.log.appender.snapshot.chunk.size.max = 16MB (=16777216) (default)
2019-10-09 17:52:02,576 [bed22c07-2a87-46f9-b28c-6f490a890e0f@group-C3DA5CAAFC27-LeaderElection105] INFO  server.RaftServerConfigKeys (ConfUtils.java:logGet(43)) - raft.server.log.appender.buffer.byte-limit = 33554432 (custom)
2019-10-09 17:52:02,576 [bed22c07-2a87-46f9-b28c-6f490a890e0f@group-C3DA5CAAFC27-LeaderElection105] INFO  server.RaftServerConfigKeys (ConfUtils.java:logGet(43)) - raft.server.log.appender.buffer.element-limit = 1 (custom)
2019-10-09 17:52:02,576 [cf784504-f4eb-4893-a89f-4f27ba959ccd@group-C3DA5CAAFC27-LeaderElection106] INFO  impl.LeaderElection (LeaderElection.java:askForVotes(178)) - cf784504-f4eb-4893-a89f-4f27ba959ccd@group-C3DA5CAAFC27-LeaderElection106: begin an election at term 2 for -1: [bed22c07-2a87-46f9-b28c-6f490a890e0f:192.168.5.136:34244, cf784504-f4eb-4893-a89f-4f27ba959ccd:192.168.5.136:34698, f2c3255d-cfd3-4033-ac4e-dd725c0d9f29:192.168.5.136:35742], old=null
2019-10-09 17:52:02,576 [bed22c07-2a87-46f9-b28c-6f490a890e0f@group-C3DA5CAAFC27-LeaderElection105] INFO  grpc.GrpcConfigKeys$Server (ConfUtils.java:logGet(43)) - raft.grpc.server.leader.outstanding.appends.max = 128 (default)
2019-10-09 17:52:02,576 [bed22c07-2a87-46f9-b28c-6f490a890e0f@group-C3DA5CAAFC27-LeaderElection105] INFO  server.RaftServerConfigKeys (ConfUtils.java:logGet(43)) - raft.server.rpc.request.timeout = 3000ms (default)
2019-10-09 17:52:02,577 [bed22c07-2a87-46f9-b28c-6f490a890e0f@group-C3DA5CAAFC27-LeaderElection105] INFO  server.RaftServerConfigKeys (ConfUtils.java:logGet(43)) - raft.server.log.appender.install.snapshot.enabled = false (custom)
2019-10-09 17:52:02,577 [bed22c07-2a87-46f9-b28c-6f490a890e0f@group-C3DA5CAAFC27-LeaderElection105] INFO  impl.RoleInfo (RoleInfo.java:updateAndGet(143)) - bed22c07-2a87-46f9-b28c-6f490a890e0f: start LeaderState
2019-10-09 17:52:02,577 [cf784504-f4eb-4893-a89f-4f27ba959ccd@group-C3DA5CAAFC27-LeaderElection106] INFO  impl.LeaderElection (LeaderElection.java:logAndReturn(56)) - cf784504-f4eb-4893-a89f-4f27ba959ccd@group-C3DA5CAAFC27-LeaderElection106: Election REJECTED; received 0 response(s) [] and 0 exception(s); cf784504-f4eb-4893-a89f-4f27ba959ccd@group-C3DA5CAAFC27:t2, leader=null, voted=cf784504-f4eb-4893-a89f-4f27ba959ccd, raftlog=cf784504-f4eb-4893-a89f-4f27ba959ccd@group-C3DA5CAAFC27-SegmentedRaftLog:OPENED:c-1,f-1,i0, conf=-1: [bed22c07-2a87-46f9-b28c-6f490a890e0f:192.168.5.136:34244, cf784504-f4eb-4893-a89f-4f27ba959ccd:192.168.5.136:34698, f2c3255d-cfd3-4033-ac4e-dd725c0d9f29:192.168.5.136:35742], old=null
2019-10-09 17:52:02,577 [bed22c07-2a87-46f9-b28c-6f490a890e0f@group-C3DA5CAAFC27-LeaderElection105] INFO  segmented.SegmentedRaftLogWorker (SegmentedRaftLogWorker.java:startLogSegment(385)) - bed22c07-2a87-46f9-b28c-6f490a890e0f@group-C3DA5CAAFC27-SegmentedRaftLogWorker: Starting segment from index:0
2019-10-09 17:52:02,578 [bed22c07-2a87-46f9-b28c-6f490a890e0f@group-C3DA5CAAFC27-LeaderElection105] INFO  impl.RaftServerImpl (ServerState.java:setRaftConf(356)) - bed22c07-2a87-46f9-b28c-6f490a890e0f@group-C3DA5CAAFC27: set configuration 0: [bed22c07-2a87-46f9-b28c-6f490a890e0f:192.168.5.136:34244, cf784504-f4eb-4893-a89f-4f27ba959ccd:192.168.5.136:34698, f2c3255d-cfd3-4033-ac4e-dd725c0d9f29:192.168.5.136:35742], old=null at 0
2019-10-09 17:52:02,617 [grpc-default-executor-2] INFO  impl.RaftServerImpl (ServerState.java:setLeader(255)) - f2c3255d-cfd3-4033-ac4e-dd725c0d9f29@group-C3DA5CAAFC27: change Leader from null to bed22c07-2a87-46f9-b28c-6f490a890e0f at term 1 for appendEntries, leader elected after 5204ms
2019-10-09 17:52:02,618 [grpc-default-executor-1] INFO  impl.RaftServerImpl (ServerState.java:setLeader(255)) - f2c3255d-cfd3-4033-ac4e-dd725c0d9f29@group-C3DA5CAAFC27: change Leader from bed22c07-2a87-46f9-b28c-6f490a890e0f to null at term 2 for updateCurrentTerm
2019-10-09 17:52:02,618 [grpc-default-executor-2] INFO  impl.RaftServerImpl (ServerState.java:setLeader(255)) - bed22c07-2a87-46f9-b28c-6f490a890e0f@group-C3DA5CAAFC27: change Leader from bed22c07-2a87-46f9-b28c-6f490a890e0f to null at term 2 for updateCurrentTerm
2019-10-09 17:52:02,619 [grpc-default-executor-1] INFO  impl.RaftServerImpl (RaftServerImpl.java:setRole(170)) - f2c3255d-cfd3-4033-ac4e-dd725c0d9f29@group-C3DA5CAAFC27: changes role from  FOLLOWER to FOLLOWER at term 2 for recognizeCandidate:cf784504-f4eb-4893-a89f-4f27ba959ccd
2019-10-09 17:52:02,619 [grpc-default-executor-2] INFO  impl.RaftServerImpl (RaftServerImpl.java:setRole(170)) - bed22c07-2a87-46f9-b28c-6f490a890e0f@group-C3DA5CAAFC27: changes role from    LEADER to FOLLOWER at term 2 for recognizeCandidate:cf784504-f4eb-4893-a89f-4f27ba959ccd
2019-10-09 17:52:02,619 [grpc-default-executor-1] INFO  impl.RoleInfo (RoleInfo.java:shutdownFollowerState(121)) - f2c3255d-cfd3-4033-ac4e-dd725c0d9f29: shutdown FollowerState
2019-10-09 17:52:02,619 [grpc-default-executor-2] INFO  impl.RoleInfo (RoleInfo.java:shutdownLeaderState(104)) - bed22c07-2a87-46f9-b28c-6f490a890e0f: shutdown LeaderState
2019-10-09 17:52:02,619 [Thread-2460] INFO  impl.FollowerState (FollowerState.java:run(117)) - f2c3255d-cfd3-4033-ac4e-dd725c0d9f29@group-C3DA5CAAFC27-FollowerState was interrupted: java.lang.InterruptedException: sleep interrupted
2019-10-09 17:52:02,619 [grpc-default-executor-1] INFO  impl.RoleInfo (RoleInfo.java:updateAndGet(143)) - f2c3255d-cfd3-4033-ac4e-dd725c0d9f29: start FollowerState
2019-10-09 17:52:02,625 [grpc-default-executor-2] INFO  impl.PendingRequests (PendingRequests.java:sendNotLeaderResponses(202)) - bed22c07-2a87-46f9-b28c-6f490a890e0f@group-C3DA5CAAFC27-PendingRequests: sendNotLeaderResponses
2019-10-09 17:52:02,626 [org.apache.ratis.server.impl.LogAppender$AppenderDaemon$$Lambda$525/1176636573@4f6ae528] WARN  server.GrpcLogAppender (GrpcLogAppender.java:mayWait(143)) - bed22c07-2a87-46f9-b28c-6f490a890e0f@group-C3DA5CAAFC27->f2c3255d-cfd3-4033-ac4e-dd725c0d9f29-GrpcLogAppender: Wait interrupted by java.lang.InterruptedException
2019-10-09 17:52:02,626 [grpc-default-executor-2] INFO  impl.RoleInfo (RoleInfo.java:updateAndGet(143)) - bed22c07-2a87-46f9-b28c-6f490a890e0f: start FollowerState
2019-10-09 17:52:02,623 [bed22c07-2a87-46f9-b28c-6f490a890e0f@group-C3DA5CAAFC27-SegmentedRaftLogWorker] INFO  segmented.SegmentedRaftLogWorker (SegmentedRaftLogWorker.java:execute(574)) - bed22c07-2a87-46f9-b28c-6f490a890e0f@group-C3DA5CAAFC27-SegmentedRaftLogWorker: created new log segment /workdir/hadoop-ozone/integration-test/target/test-dir/MiniOzoneClusterImpl-401054cd-1d18-4b1d-93f9-f32735cbde25/datanode-3/data/ratis/f4340f51-52a8-4c86-bebc-c3da5caafc27/current/log_inprogress_0
2019-10-09 17:52:02,626 [org.apache.ratis.server.impl.LogAppender$AppenderDaemon$$Lambda$525/1176636573@7fdae65e] WARN  server.GrpcLogAppender (GrpcLogAppender.java:mayWait(143)) - bed22c07-2a87-46f9-b28c-6f490a890e0f@group-C3DA5CAAFC27->cf784504-f4eb-4893-a89f-4f27ba959ccd-GrpcLogAppender: Wait interrupted by java.lang.InterruptedException
2019-10-09 17:52:02,626 [grpc-default-executor-3] INFO  server.GrpcServerProtocolService (GrpcServerProtocolService.java:onCompleted(113)) - f2c3255d-cfd3-4033-ac4e-dd725c0d9f29: Completed APPEND_ENTRIES, lastRequest: bed22c07-2a87-46f9-b28c-6f490a890e0f->f2c3255d-cfd3-4033-ac4e-dd725c0d9f29#0-t1, previous=(t:0, i:0), leaderCommit=-1, initializing? false, entries: <empty>
2019-10-09 17:52:02,627 [grpc-default-executor-3] INFO  server.GrpcServerProtocolService (GrpcServerProtocolService.java:onCompleted(113)) - cf784504-f4eb-4893-a89f-4f27ba959ccd: Completed APPEND_ENTRIES, lastRequest: bed22c07-2a87-46f9-b28c-6f490a890e0f->cf784504-f4eb-4893-a89f-4f27ba959ccd#0-t1, previous=(t:0, i:0), leaderCommit=-1, initializing? false, entries: <empty>
2019-10-09 17:52:02,627 [grpc-default-executor-3] INFO  server.GrpcLogAppender (GrpcLogAppender.java:onCompleted(293)) - bed22c07-2a87-46f9-b28c-6f490a890e0f@group-C3DA5CAAFC27->f2c3255d-cfd3-4033-ac4e-dd725c0d9f29-AppendLogResponseHandler: follower responses appendEntries COMPLETED
2019-10-09 17:52:02,628 [grpc-default-executor-3] INFO  impl.FollowerInfo (FollowerInfo.java:lambda$new$0(51)) - bed22c07-2a87-46f9-b28c-6f490a890e0f@group-C3DA5CAAFC27->f2c3255d-cfd3-4033-ac4e-dd725c0d9f29: nextIndex: updateUnconditionally 1 -> 0
2019-10-09 17:52:02,652 [grpc-default-executor-4] INFO  server.GrpcLogAppender (GrpcLogAppender.java:onCompleted(293)) - bed22c07-2a87-46f9-b28c-6f490a890e0f@group-C3DA5CAAFC27->cf784504-f4eb-4893-a89f-4f27ba959ccd-AppendLogResponseHandler: follower responses appendEntries COMPLETED
2019-10-09 17:52:02,653 [grpc-default-executor-4] INFO  impl.FollowerInfo (FollowerInfo.java:lambda$new$0(51)) - bed22c07-2a87-46f9-b28c-6f490a890e0f@group-C3DA5CAAFC27->cf784504-f4eb-4893-a89f-4f27ba959ccd: nextIndex: updateUnconditionally 0 -> 0
2019-10-09 17:52:07,278 [Thread-2441] INFO  impl.FollowerState (FollowerState.java:run(108)) - 4f91e352-ef5d-4d2d-b049-57e26593e8c3@group-0A86274D8582-FollowerState: change to CANDIDATE, lastRpcTime:5052ms, electionTimeout:5052ms
2019-10-09 17:52:07,278 [Thread-2441] INFO  impl.RoleInfo (RoleInfo.java:shutdownFollowerState(121)) - 4f91e352-ef5d-4d2d-b049-57e26593e8c3: shutdown FollowerState
2019-10-09 17:52:07,278 [Thread-2441] INFO  impl.RaftServerImpl (RaftServerImpl.java:setRole(170)) - 4f91e352-ef5d-4d2d-b049-57e26593e8c3@group-0A86274D8582: changes role from  FOLLOWER to CANDIDATE at term 1 for changeToCandidate
2019-10-09 17:52:07,278 [Thread-2441] INFO  impl.RoleInfo (RoleInfo.java:updateAndGet(143)) - 4f91e352-ef5d-4d2d-b049-57e26593e8c3: start LeaderElection
2019-10-09 17:52:07,293 [4f91e352-ef5d-4d2d-b049-57e26593e8c3@group-0A86274D8582-LeaderElection107] INFO  impl.LeaderElection (LeaderElection.java:askForVotes(178)) - 4f91e352-ef5d-4d2d-b049-57e26593e8c3@group-0A86274D8582-LeaderElection107: begin an election at term 2 for -1: [3a40b363-5807-4d74-a183-1fafd9e79a84:192.168.5.136:42974, 4f91e352-ef5d-4d2d-b049-57e26593e8c3:192.168.5.136:38493, a4779c12-69d4-4447-ac01-f06068601461:192.168.5.136:39292], old=null
2019-10-09 17:52:07,296 [grpc-default-executor-4] INFO  impl.RaftServerImpl (RaftServerImpl.java:setRole(170)) - a4779c12-69d4-4447-ac01-f06068601461@group-0A86274D8582: changes role from  FOLLOWER to FOLLOWER at term 2 for recognizeCandidate:4f91e352-ef5d-4d2d-b049-57e26593e8c3
2019-10-09 17:52:07,296 [grpc-default-executor-1] INFO  impl.RaftServerImpl (RaftServerImpl.java:setRole(170)) - 3a40b363-5807-4d74-a183-1fafd9e79a84@group-0A86274D8582: changes role from  FOLLOWER to FOLLOWER at term 2 for recognizeCandidate:4f91e352-ef5d-4d2d-b049-57e26593e8c3
2019-10-09 17:52:07,296 [grpc-default-executor-4] INFO  impl.RoleInfo (RoleInfo.java:shutdownFollowerState(121)) - a4779c12-69d4-4447-ac01-f06068601461: shutdown FollowerState
2019-10-09 17:52:07,297 [grpc-default-executor-1] INFO  impl.RoleInfo (RoleInfo.java:shutdownFollowerState(121)) - 3a40b363-5807-4d74-a183-1fafd9e79a84: shutdown FollowerState
2019-10-09 17:52:07,297 [Thread-2442] INFO  impl.FollowerState (FollowerState.java:run(117)) - a4779c12-69d4-4447-ac01-f06068601461@group-0A86274D8582-FollowerState was interrupted: java.lang.InterruptedException: sleep interrupted
2019-10-09 17:52:07,297 [grpc-default-executor-4] INFO  impl.RoleInfo (RoleInfo.java:updateAndGet(143)) - a4779c12-69d4-4447-ac01-f06068601461: start FollowerState
2019-10-09 17:52:07,297 [Thread-2440] INFO  impl.FollowerState (FollowerState.java:run(117)) - 3a40b363-5807-4d74-a183-1fafd9e79a84@group-0A86274D8582-FollowerState was interrupted: java.lang.InterruptedException: sleep interrupted
2019-10-09 17:52:07,297 [grpc-default-executor-1] INFO  impl.RoleInfo (RoleInfo.java:updateAndGet(143)) - 3a40b363-5807-4d74-a183-1fafd9e79a84: start FollowerState
2019-10-09 17:52:07,313 [4f91e352-ef5d-4d2d-b049-57e26593e8c3@group-0A86274D8582-LeaderElection107] INFO  impl.LeaderElection (LeaderElection.java:logAndReturn(56)) - 4f91e352-ef5d-4d2d-b049-57e26593e8c3@group-0A86274D8582-LeaderElection107: Election PASSED; received 1 response(s) [4f91e352-ef5d-4d2d-b049-57e26593e8c3<-3a40b363-5807-4d74-a183-1fafd9e79a84#0:OK-t2] and 0 exception(s); 4f91e352-ef5d-4d2d-b049-57e26593e8c3@group-0A86274D8582:t2, leader=null, voted=4f91e352-ef5d-4d2d-b049-57e26593e8c3, raftlog=4f91e352-ef5d-4d2d-b049-57e26593e8c3@group-0A86274D8582-SegmentedRaftLog:OPENED:c-1,f-1,i0, conf=-1: [3a40b363-5807-4d74-a183-1fafd9e79a84:192.168.5.136:42974, 4f91e352-ef5d-4d2d-b049-57e26593e8c3:192.168.5.136:38493, a4779c12-69d4-4447-ac01-f06068601461:192.168.5.136:39292], old=null
2019-10-09 17:52:07,313 [4f91e352-ef5d-4d2d-b049-57e26593e8c3@group-0A86274D8582-LeaderElection107] INFO  impl.RoleInfo (RoleInfo.java:shutdownLeaderElection(134)) - 4f91e352-ef5d-4d2d-b049-57e26593e8c3: shutdown LeaderElection
2019-10-09 17:52:07,313 [4f91e352-ef5d-4d2d-b049-57e26593e8c3@group-0A86274D8582-LeaderElection107] INFO  impl.RaftServerImpl (RaftServerImpl.java:setRole(170)) - 4f91e352-ef5d-4d2d-b049-57e26593e8c3@group-0A86274D8582: changes role from CANDIDATE to LEADER at term 2 for changeToLeader
2019-10-09 17:52:07,313 [4f91e352-ef5d-4d2d-b049-57e26593e8c3@group-0A86274D8582-LeaderElection107] INFO  impl.RaftServerImpl (ServerState.java:setLeader(255)) - 4f91e352-ef5d-4d2d-b049-57e26593e8c3@group-0A86274D8582: change Leader from null to 4f91e352-ef5d-4d2d-b049-57e26593e8c3 at term 2 for becomeLeader, leader elected after 10204ms
2019-10-09 17:52:07,314 [4f91e352-ef5d-4d2d-b049-57e26593e8c3@group-0A86274D8582-LeaderElection107] INFO  server.RaftServerConfigKeys (ConfUtils.java:logGet(43)) - raft.server.staging.catchup.gap = 1000 (default)
2019-10-09 17:52:07,314 [4f91e352-ef5d-4d2d-b049-57e26593e8c3@group-0A86274D8582-LeaderElection107] INFO  server.RaftServerConfigKeys (ConfUtils.java:logGet(43)) - raft.server.rpc.sleep.time = 25ms (default)
2019-10-09 17:52:07,314 [4f91e352-ef5d-4d2d-b049-57e26593e8c3@group-0A86274D8582-LeaderElection107] INFO  server.RaftServerConfigKeys (ConfUtils.java:logGet(43)) - raft.server.write.element-limit = 4096 (default)
2019-10-09 17:52:07,315 [4f91e352-ef5d-4d2d-b049-57e26593e8c3@group-0A86274D8582-LeaderElection107] INFO  server.RaftServerConfigKeys (ConfUtils.java:logGet(43)) - raft.server.watch.timeout = 10s (default)
2019-10-09 17:52:07,315 [4f91e352-ef5d-4d2d-b049-57e26593e8c3@group-0A86274D8582-LeaderElection107] INFO  server.RaftServerConfigKeys (ConfUtils.java:logGet(43)) - raft.server.watch.timeout.denomination = 1s (default)
2019-10-09 17:52:07,315 [4f91e352-ef5d-4d2d-b049-57e26593e8c3@group-0A86274D8582-LeaderElection107] INFO  server.RaftServerConfigKeys (ConfUtils.java:logGet(43)) - raft.server.watch.element-limit = 65536 (default)
2019-10-09 17:52:07,319 [4f91e352-ef5d-4d2d-b049-57e26593e8c3@group-0A86274D8582-LeaderElection107] INFO  server.RaftServerConfigKeys (ConfUtils.java:logGet(43)) - raft.server.log.appender.snapshot.chunk.size.max = 16MB (=16777216) (default)
2019-10-09 17:52:07,319 [4f91e352-ef5d-4d2d-b049-57e26593e8c3@group-0A86274D8582-LeaderElection107] INFO  server.RaftServerConfigKeys (ConfUtils.java:logGet(43)) - raft.server.log.appender.buffer.byte-limit = 33554432 (custom)
2019-10-09 17:52:07,320 [4f91e352-ef5d-4d2d-b049-57e26593e8c3@group-0A86274D8582-LeaderElection107] INFO  server.RaftServerConfigKeys (ConfUtils.java:logGet(43)) - raft.server.log.appender.buffer.element-limit = 1 (custom)
2019-10-09 17:52:07,320 [4f91e352-ef5d-4d2d-b049-57e26593e8c3@group-0A86274D8582-LeaderElection107] INFO  grpc.GrpcConfigKeys$Server (ConfUtils.java:logGet(43)) - raft.grpc.server.leader.outstanding.appends.max = 128 (default)
2019-10-09 17:52:07,320 [4f91e352-ef5d-4d2d-b049-57e26593e8c3@group-0A86274D8582-LeaderElection107] INFO  server.RaftServerConfigKeys (ConfUtils.java:logGet(43)) - raft.server.rpc.request.timeout = 3000ms (default)
2019-10-09 17:52:07,320 [4f91e352-ef5d-4d2d-b049-57e26593e8c3@group-0A86274D8582-LeaderElection107] INFO  server.RaftServerConfigKeys (ConfUtils.java:logGet(43)) - raft.server.log.appender.install.snapshot.enabled = false (custom)
2019-10-09 17:52:07,321 [4f91e352-ef5d-4d2d-b049-57e26593e8c3@group-0A86274D8582-LeaderElection107] INFO  server.RaftServerConfigKeys (ConfUtils.java:logGet(43)) - raft.server.log.appender.snapshot.chunk.size.max = 16MB (=16777216) (default)
2019-10-09 17:52:07,321 [4f91e352-ef5d-4d2d-b049-57e26593e8c3@group-0A86274D8582-LeaderElection107] INFO  server.RaftServerConfigKeys (ConfUtils.java:logGet(43)) - raft.server.log.appender.buffer.byte-limit = 33554432 (custom)
2019-10-09 17:52:07,321 [4f91e352-ef5d-4d2d-b049-57e26593e8c3@group-0A86274D8582-LeaderElection107] INFO  server.RaftServerConfigKeys (ConfUtils.java:logGet(43)) - raft.server.log.appender.buffer.element-limit = 1 (custom)
2019-10-09 17:52:07,321 [4f91e352-ef5d-4d2d-b049-57e26593e8c3@group-0A86274D8582-LeaderElection107] INFO  grpc.GrpcConfigKeys$Server (ConfUtils.java:logGet(43)) - raft.grpc.server.leader.outstanding.appends.max = 128 (default)
2019-10-09 17:52:07,321 [4f91e352-ef5d-4d2d-b049-57e26593e8c3@group-0A86274D8582-LeaderElection107] INFO  server.RaftServerConfigKeys (ConfUtils.java:logGet(43)) - raft.server.rpc.request.timeout = 3000ms (default)
2019-10-09 17:52:07,321 [4f91e352-ef5d-4d2d-b049-57e26593e8c3@group-0A86274D8582-LeaderElection107] INFO  server.RaftServerConfigKeys (ConfUtils.java:logGet(43)) - raft.server.log.appender.install.snapshot.enabled = false (custom)
2019-10-09 17:52:07,322 [4f91e352-ef5d-4d2d-b049-57e26593e8c3@group-0A86274D8582-LeaderElection107] INFO  impl.RoleInfo (RoleInfo.java:updateAndGet(143)) - 4f91e352-ef5d-4d2d-b049-57e26593e8c3: start LeaderState
2019-10-09 17:52:07,322 [4f91e352-ef5d-4d2d-b049-57e26593e8c3@group-0A86274D8582-LeaderElection107] INFO  segmented.SegmentedRaftLogWorker (SegmentedRaftLogWorker.java:startLogSegment(385)) - 4f91e352-ef5d-4d2d-b049-57e26593e8c3@group-0A86274D8582-SegmentedRaftLogWorker: Starting segment from index:0
2019-10-09 17:52:07,323 [4f91e352-ef5d-4d2d-b049-57e26593e8c3@group-0A86274D8582-LeaderElection107] INFO  impl.RaftServerImpl (ServerState.java:setRaftConf(356)) - 4f91e352-ef5d-4d2d-b049-57e26593e8c3@group-0A86274D8582: set configuration 0: [3a40b363-5807-4d74-a183-1fafd9e79a84:192.168.5.136:42974, 4f91e352-ef5d-4d2d-b049-57e26593e8c3:192.168.5.136:38493, a4779c12-69d4-4447-ac01-f06068601461:192.168.5.136:39292], old=null at 0
2019-10-09 17:52:07,350 [grpc-default-executor-1] INFO  impl.RaftServerImpl (ServerState.java:setLeader(255)) - 3a40b363-5807-4d74-a183-1fafd9e79a84@group-0A86274D8582: change Leader from null to 4f91e352-ef5d-4d2d-b049-57e26593e8c3 at term 2 for appendEntries, leader elected after 10240ms
2019-10-09 17:52:07,350 [grpc-default-executor-4] INFO  impl.RaftServerImpl (ServerState.java:setLeader(255)) - a4779c12-69d4-4447-ac01-f06068601461@group-0A86274D8582: change Leader from null to 4f91e352-ef5d-4d2d-b049-57e26593e8c3 at term 2 for appendEntries, leader elected after 10241ms
2019-10-09 17:52:07,353 [grpc-default-executor-4] INFO  impl.RaftServerImpl (ServerState.java:setRaftConf(356)) - 3a40b363-5807-4d74-a183-1fafd9e79a84@group-0A86274D8582: set configuration 0: [3a40b363-5807-4d74-a183-1fafd9e79a84:192.168.5.136:42974, 4f91e352-ef5d-4d2d-b049-57e26593e8c3:192.168.5.136:38493, a4779c12-69d4-4447-ac01-f06068601461:192.168.5.136:39292], old=null at 0
2019-10-09 17:52:07,353 [grpc-default-executor-1] INFO  impl.RaftServerImpl (ServerState.java:setRaftConf(356)) - a4779c12-69d4-4447-ac01-f06068601461@group-0A86274D8582: set configuration 0: [3a40b363-5807-4d74-a183-1fafd9e79a84:192.168.5.136:42974, 4f91e352-ef5d-4d2d-b049-57e26593e8c3:192.168.5.136:38493, a4779c12-69d4-4447-ac01-f06068601461:192.168.5.136:39292], old=null at 0
2019-10-09 17:52:07,353 [grpc-default-executor-4] INFO  segmented.SegmentedRaftLogWorker (SegmentedRaftLogWorker.java:startLogSegment(385)) - 3a40b363-5807-4d74-a183-1fafd9e79a84@group-0A86274D8582-SegmentedRaftLogWorker: Starting segment from index:0
2019-10-09 17:52:07,353 [grpc-default-executor-1] INFO  segmented.SegmentedRaftLogWorker (SegmentedRaftLogWorker.java:startLogSegment(385)) - a4779c12-69d4-4447-ac01-f06068601461@group-0A86274D8582-SegmentedRaftLogWorker: Starting segment from index:0
2019-10-09 17:52:07,372 [4f91e352-ef5d-4d2d-b049-57e26593e8c3@group-0A86274D8582-SegmentedRaftLogWorker] INFO  segmented.SegmentedRaftLogWorker (SegmentedRaftLogWorker.java:execute(574)) - 4f91e352-ef5d-4d2d-b049-57e26593e8c3@group-0A86274D8582-SegmentedRaftLogWorker: created new log segment /workdir/hadoop-ozone/integration-test/target/test-dir/MiniOzoneClusterImpl-401054cd-1d18-4b1d-93f9-f32735cbde25/datanode-2/data/ratis/87b8c188-2ce0-4a64-b78e-0a86274d8582/current/log_inprogress_0
2019-10-09 17:52:07,386 [a4779c12-69d4-4447-ac01-f06068601461@group-0A86274D8582-SegmentedRaftLogWorker] INFO  segmented.SegmentedRaftLogWorker (SegmentedRaftLogWorker.java:execute(574)) - a4779c12-69d4-4447-ac01-f06068601461@group-0A86274D8582-SegmentedRaftLogWorker: created new log segment /workdir/hadoop-ozone/integration-test/target/test-dir/MiniOzoneClusterImpl-401054cd-1d18-4b1d-93f9-f32735cbde25/datanode-0/data/ratis/87b8c188-2ce0-4a64-b78e-0a86274d8582/current/log_inprogress_0
2019-10-09 17:52:07,399 [3a40b363-5807-4d74-a183-1fafd9e79a84@group-0A86274D8582-SegmentedRaftLogWorker] INFO  segmented.SegmentedRaftLogWorker (SegmentedRaftLogWorker.java:execute(574)) - 3a40b363-5807-4d74-a183-1fafd9e79a84@group-0A86274D8582-SegmentedRaftLogWorker: created new log segment /workdir/hadoop-ozone/integration-test/target/test-dir/MiniOzoneClusterImpl-401054cd-1d18-4b1d-93f9-f32735cbde25/datanode-1/data/ratis/87b8c188-2ce0-4a64-b78e-0a86274d8582/current/log_inprogress_0
2019-10-09 17:52:07,558 [Thread-2459] INFO  impl.FollowerState (FollowerState.java:run(108)) - cf784504-f4eb-4893-a89f-4f27ba959ccd@group-C3DA5CAAFC27-FollowerState: change to CANDIDATE, lastRpcTime:5003ms, electionTimeout:5001ms
2019-10-09 17:52:07,559 [Thread-2459] INFO  impl.RoleInfo (RoleInfo.java:shutdownFollowerState(121)) - cf784504-f4eb-4893-a89f-4f27ba959ccd: shutdown FollowerState
2019-10-09 17:52:07,559 [Thread-2459] INFO  impl.RaftServerImpl (RaftServerImpl.java:setRole(170)) - cf784504-f4eb-4893-a89f-4f27ba959ccd@group-C3DA5CAAFC27: changes role from  FOLLOWER to CANDIDATE at term 2 for changeToCandidate
2019-10-09 17:52:07,559 [Thread-2459] INFO  impl.RoleInfo (RoleInfo.java:updateAndGet(143)) - cf784504-f4eb-4893-a89f-4f27ba959ccd: start LeaderElection
2019-10-09 17:52:07,578 [cf784504-f4eb-4893-a89f-4f27ba959ccd@group-C3DA5CAAFC27-LeaderElection108] INFO  impl.LeaderElection (LeaderElection.java:askForVotes(178)) - cf784504-f4eb-4893-a89f-4f27ba959ccd@group-C3DA5CAAFC27-LeaderElection108: begin an election at term 3 for -1: [bed22c07-2a87-46f9-b28c-6f490a890e0f:192.168.5.136:34244, cf784504-f4eb-4893-a89f-4f27ba959ccd:192.168.5.136:34698, f2c3255d-cfd3-4033-ac4e-dd725c0d9f29:192.168.5.136:35742], old=null
2019-10-09 17:52:07,579 [grpc-default-executor-4] INFO  impl.RaftServerImpl (RaftServerImpl.java:setRole(170)) - bed22c07-2a87-46f9-b28c-6f490a890e0f@group-C3DA5CAAFC27: changes role from  FOLLOWER to FOLLOWER at term 3 for recognizeCandidate:cf784504-f4eb-4893-a89f-4f27ba959ccd
2019-10-09 17:52:07,580 [grpc-default-executor-4] INFO  impl.RoleInfo (RoleInfo.java:shutdownFollowerState(121)) - bed22c07-2a87-46f9-b28c-6f490a890e0f: shutdown FollowerState
2019-10-09 17:52:07,580 [grpc-default-executor-1] INFO  impl.RaftServerImpl (RaftServerImpl.java:setRole(170)) - f2c3255d-cfd3-4033-ac4e-dd725c0d9f29@group-C3DA5CAAFC27: changes role from  FOLLOWER to FOLLOWER at term 3 for recognizeCandidate:cf784504-f4eb-4893-a89f-4f27ba959ccd
2019-10-09 17:52:07,580 [Thread-2470] INFO  impl.FollowerState (FollowerState.java:run(117)) - bed22c07-2a87-46f9-b28c-6f490a890e0f@group-C3DA5CAAFC27-FollowerState was interrupted: java.lang.InterruptedException: sleep interrupted
2019-10-09 17:52:07,580 [grpc-default-executor-4] INFO  impl.RoleInfo (RoleInfo.java:updateAndGet(143)) - bed22c07-2a87-46f9-b28c-6f490a890e0f: start FollowerState
2019-10-09 17:52:07,580 [grpc-default-executor-1] INFO  impl.RoleInfo (RoleInfo.java:shutdownFollowerState(121)) - f2c3255d-cfd3-4033-ac4e-dd725c0d9f29: shutdown FollowerState
2019-10-09 17:52:07,580 [grpc-default-executor-1] INFO  impl.RoleInfo (RoleInfo.java:updateAndGet(143)) - f2c3255d-cfd3-4033-ac4e-dd725c0d9f29: start FollowerState
2019-10-09 17:52:07,580 [Thread-2469] INFO  impl.FollowerState (FollowerState.java:run(117)) - f2c3255d-cfd3-4033-ac4e-dd725c0d9f29@group-C3DA5CAAFC27-FollowerState was interrupted: java.lang.InterruptedException: sleep interrupted
2019-10-09 17:52:07,588 [cf784504-f4eb-4893-a89f-4f27ba959ccd@group-C3DA5CAAFC27-LeaderElection108] INFO  impl.LeaderElection (LeaderElection.java:logAndReturn(56)) - cf784504-f4eb-4893-a89f-4f27ba959ccd@group-C3DA5CAAFC27-LeaderElection108: Election PASSED; received 2 response(s) [cf784504-f4eb-4893-a89f-4f27ba959ccd<-bed22c07-2a87-46f9-b28c-6f490a890e0f#0:FAIL-t3, cf784504-f4eb-4893-a89f-4f27ba959ccd<-f2c3255d-cfd3-4033-ac4e-dd725c0d9f29#0:OK-t3] and 0 exception(s); cf784504-f4eb-4893-a89f-4f27ba959ccd@group-C3DA5CAAFC27:t3, leader=null, voted=cf784504-f4eb-4893-a89f-4f27ba959ccd, raftlog=cf784504-f4eb-4893-a89f-4f27ba959ccd@group-C3DA5CAAFC27-SegmentedRaftLog:OPENED:c-1,f-1,i0, conf=-1: [bed22c07-2a87-46f9-b28c-6f490a890e0f:192.168.5.136:34244, cf784504-f4eb-4893-a89f-4f27ba959ccd:192.168.5.136:34698, f2c3255d-cfd3-4033-ac4e-dd725c0d9f29:192.168.5.136:35742], old=null
2019-10-09 17:52:07,588 [cf784504-f4eb-4893-a89f-4f27ba959ccd@group-C3DA5CAAFC27-LeaderElection108] INFO  impl.RoleInfo (RoleInfo.java:shutdownLeaderElection(134)) - cf784504-f4eb-4893-a89f-4f27ba959ccd: shutdown LeaderElection
2019-10-09 17:52:07,588 [cf784504-f4eb-4893-a89f-4f27ba959ccd@group-C3DA5CAAFC27-LeaderElection108] INFO  impl.RaftServerImpl (RaftServerImpl.java:setRole(170)) - cf784504-f4eb-4893-a89f-4f27ba959ccd@group-C3DA5CAAFC27: changes role from CANDIDATE to LEADER at term 3 for changeToLeader
2019-10-09 17:52:07,589 [cf784504-f4eb-4893-a89f-4f27ba959ccd@group-C3DA5CAAFC27-LeaderElection108] INFO  impl.RaftServerImpl (ServerState.java:setLeader(255)) - cf784504-f4eb-4893-a89f-4f27ba959ccd@group-C3DA5CAAFC27: change Leader from null to cf784504-f4eb-4893-a89f-4f27ba959ccd at term 3 for becomeLeader, leader elected after 10176ms
2019-10-09 17:52:07,589 [cf784504-f4eb-4893-a89f-4f27ba959ccd@group-C3DA5CAAFC27-LeaderElection108] INFO  server.RaftServerConfigKeys (ConfUtils.java:logGet(43)) - raft.server.staging.catchup.gap = 1000 (default)
2019-10-09 17:52:07,589 [cf784504-f4eb-4893-a89f-4f27ba959ccd@group-C3DA5CAAFC27-LeaderElection108] INFO  server.RaftServerConfigKeys (ConfUtils.java:logGet(43)) - raft.server.rpc.sleep.time = 25ms (default)
2019-10-09 17:52:07,589 [cf784504-f4eb-4893-a89f-4f27ba959ccd@group-C3DA5CAAFC27-LeaderElection108] INFO  server.RaftServerConfigKeys (ConfUtils.java:logGet(43)) - raft.server.write.element-limit = 4096 (default)
2019-10-09 17:52:07,590 [cf784504-f4eb-4893-a89f-4f27ba959ccd@group-C3DA5CAAFC27-LeaderElection108] INFO  server.RaftServerConfigKeys (ConfUtils.java:logGet(43)) - raft.server.watch.timeout = 10s (default)
2019-10-09 17:52:07,590 [cf784504-f4eb-4893-a89f-4f27ba959ccd@group-C3DA5CAAFC27-LeaderElection108] INFO  server.RaftServerConfigKeys (ConfUtils.java:logGet(43)) - raft.server.watch.timeout.denomination = 1s (default)
2019-10-09 17:52:07,590 [cf784504-f4eb-4893-a89f-4f27ba959ccd@group-C3DA5CAAFC27-LeaderElection108] INFO  server.RaftServerConfigKeys (ConfUtils.java:logGet(43)) - raft.server.watch.element-limit = 65536 (default)
2019-10-09 17:52:07,592 [cf784504-f4eb-4893-a89f-4f27ba959ccd@group-C3DA5CAAFC27-LeaderElection108] INFO  server.RaftServerConfigKeys (ConfUtils.java:logGet(43)) - raft.server.log.appender.snapshot.chunk.size.max = 16MB (=16777216) (default)
2019-10-09 17:52:07,592 [cf784504-f4eb-4893-a89f-4f27ba959ccd@group-C3DA5CAAFC27-LeaderElection108] INFO  server.RaftServerConfigKeys (ConfUtils.java:logGet(43)) - raft.server.log.appender.buffer.byte-limit = 33554432 (custom)
2019-10-09 17:52:07,592 [cf784504-f4eb-4893-a89f-4f27ba959ccd@group-C3DA5CAAFC27-LeaderElection108] INFO  server.RaftServerConfigKeys (ConfUtils.java:logGet(43)) - raft.server.log.appender.buffer.element-limit = 1 (custom)
2019-10-09 17:52:07,592 [cf784504-f4eb-4893-a89f-4f27ba959ccd@group-C3DA5CAAFC27-LeaderElection108] INFO  grpc.GrpcConfigKeys$Server (ConfUtils.java:logGet(43)) - raft.grpc.server.leader.outstanding.appends.max = 128 (default)
2019-10-09 17:52:07,593 [cf784504-f4eb-4893-a89f-4f27ba959ccd@group-C3DA5CAAFC27-LeaderElection108] INFO  server.RaftServerConfigKeys (ConfUtils.java:logGet(43)) - raft.server.rpc.request.timeout = 3000ms (default)
2019-10-09 17:52:07,593 [cf784504-f4eb-4893-a89f-4f27ba959ccd@group-C3DA5CAAFC27-LeaderElection108] INFO  server.RaftServerConfigKeys (ConfUtils.java:logGet(43)) - raft.server.log.appender.install.snapshot.enabled = false (custom)
2019-10-09 17:52:07,593 [cf784504-f4eb-4893-a89f-4f27ba959ccd@group-C3DA5CAAFC27-LeaderElection108] INFO  server.RaftServerConfigKeys (ConfUtils.java:logGet(43)) - raft.server.log.appender.snapshot.chunk.size.max = 16MB (=16777216) (default)
2019-10-09 17:52:07,593 [cf784504-f4eb-4893-a89f-4f27ba959ccd@group-C3DA5CAAFC27-LeaderElection108] INFO  server.RaftServerConfigKeys (ConfUtils.java:logGet(43)) - raft.server.log.appender.buffer.byte-limit = 33554432 (custom)
2019-10-09 17:52:07,593 [cf784504-f4eb-4893-a89f-4f27ba959ccd@group-C3DA5CAAFC27-LeaderElection108] INFO  server.RaftServerConfigKeys (ConfUtils.java:logGet(43)) - raft.server.log.appender.buffer.element-limit = 1 (custom)
2019-10-09 17:52:07,593 [cf784504-f4eb-4893-a89f-4f27ba959ccd@group-C3DA5CAAFC27-LeaderElection108] INFO  grpc.GrpcConfigKeys$Server (ConfUtils.java:logGet(43)) - raft.grpc.server.leader.outstanding.appends.max = 128 (default)
2019-10-09 17:52:07,594 [cf784504-f4eb-4893-a89f-4f27ba959ccd@group-C3DA5CAAFC27-LeaderElection108] INFO  server.RaftServerConfigKeys (ConfUtils.java:logGet(43)) - raft.server.rpc.request.timeout = 3000ms (default)
2019-10-09 17:52:07,594 [cf784504-f4eb-4893-a89f-4f27ba959ccd@group-C3DA5CAAFC27-LeaderElection108] INFO  server.RaftServerConfigKeys (ConfUtils.java:logGet(43)) - raft.server.log.appender.install.snapshot.enabled = false (custom)
2019-10-09 17:52:07,594 [cf784504-f4eb-4893-a89f-4f27ba959ccd@group-C3DA5CAAFC27-LeaderElection108] INFO  impl.RoleInfo (RoleInfo.java:updateAndGet(143)) - cf784504-f4eb-4893-a89f-4f27ba959ccd: start LeaderState
2019-10-09 17:52:07,594 [cf784504-f4eb-4893-a89f-4f27ba959ccd@group-C3DA5CAAFC27-LeaderElection108] INFO  segmented.SegmentedRaftLogWorker (SegmentedRaftLogWorker.java:startLogSegment(385)) - cf784504-f4eb-4893-a89f-4f27ba959ccd@group-C3DA5CAAFC27-SegmentedRaftLogWorker: Starting segment from index:0
2019-10-09 17:52:07,595 [cf784504-f4eb-4893-a89f-4f27ba959ccd@group-C3DA5CAAFC27-LeaderElection108] INFO  impl.RaftServerImpl (ServerState.java:setRaftConf(356)) - cf784504-f4eb-4893-a89f-4f27ba959ccd@group-C3DA5CAAFC27: set configuration 0: [bed22c07-2a87-46f9-b28c-6f490a890e0f:192.168.5.136:34244, cf784504-f4eb-4893-a89f-4f27ba959ccd:192.168.5.136:34698, f2c3255d-cfd3-4033-ac4e-dd725c0d9f29:192.168.5.136:35742], old=null at 0
2019-10-09 17:52:07,596 [grpc-default-executor-1] INFO  impl.RaftServerImpl (ServerState.java:setLeader(255)) - f2c3255d-cfd3-4033-ac4e-dd725c0d9f29@group-C3DA5CAAFC27: change Leader from null to cf784504-f4eb-4893-a89f-4f27ba959ccd at term 3 for appendEntries, leader elected after 4977ms
2019-10-09 17:52:07,597 [grpc-default-executor-4] INFO  impl.RaftServerImpl (ServerState.java:setLeader(255)) - bed22c07-2a87-46f9-b28c-6f490a890e0f@group-C3DA5CAAFC27: change Leader from null to cf784504-f4eb-4893-a89f-4f27ba959ccd at term 3 for appendEntries, leader elected after 4978ms
2019-10-09 17:52:07,598 [grpc-default-executor-4] INFO  impl.RaftServerImpl (ServerState.java:setRaftConf(356)) - f2c3255d-cfd3-4033-ac4e-dd725c0d9f29@group-C3DA5CAAFC27: set configuration 0: [bed22c07-2a87-46f9-b28c-6f490a890e0f:192.168.5.136:34244, cf784504-f4eb-4893-a89f-4f27ba959ccd:192.168.5.136:34698, f2c3255d-cfd3-4033-ac4e-dd725c0d9f29:192.168.5.136:35742], old=null at 0
2019-10-09 17:52:07,599 [grpc-default-executor-1] INFO  impl.RaftServerImpl (ServerState.java:setRaftConf(356)) - bed22c07-2a87-46f9-b28c-6f490a890e0f@group-C3DA5CAAFC27: set configuration 0: [bed22c07-2a87-46f9-b28c-6f490a890e0f:192.168.5.136:34244, cf784504-f4eb-4893-a89f-4f27ba959ccd:192.168.5.136:34698, f2c3255d-cfd3-4033-ac4e-dd725c0d9f29:192.168.5.136:35742], old=null at 0
2019-10-09 17:52:07,599 [grpc-default-executor-4] INFO  segmented.SegmentedRaftLogWorker (SegmentedRaftLogWorker.java:startLogSegment(385)) - f2c3255d-cfd3-4033-ac4e-dd725c0d9f29@group-C3DA5CAAFC27-SegmentedRaftLogWorker: Starting segment from index:0
2019-10-09 17:52:07,599 [grpc-default-executor-1] INFO  segmented.SegmentedRaftLogWorker (SegmentedRaftLogWorker.java:truncate(401)) - bed22c07-2a87-46f9-b28c-6f490a890e0f@group-C3DA5CAAFC27-SegmentedRaftLogWorker: Truncating segments toTruncate: null
  toDelete: [(0, 0) isOpen? true, length=0, newEndIndex=-1], start index 0
2019-10-09 17:52:07,600 [grpc-default-executor-1] INFO  segmented.SegmentedRaftLogWorker (SegmentedRaftLogWorker.java:startLogSegment(385)) - bed22c07-2a87-46f9-b28c-6f490a890e0f@group-C3DA5CAAFC27-SegmentedRaftLogWorker: Starting segment from index:0
2019-10-09 17:52:07,606 [bed22c07-2a87-46f9-b28c-6f490a890e0f@group-C3DA5CAAFC27-SegmentedRaftLogWorker] INFO  segmented.SegmentedRaftLogWorker (SegmentedRaftLogWorker.java:execute(638)) - bed22c07-2a87-46f9-b28c-6f490a890e0f@group-C3DA5CAAFC27-SegmentedRaftLogWorker: Deleted log file /workdir/hadoop-ozone/integration-test/target/test-dir/MiniOzoneClusterImpl-401054cd-1d18-4b1d-93f9-f32735cbde25/datanode-3/data/ratis/f4340f51-52a8-4c86-bebc-c3da5caafc27/current/log_inprogress_0
2019-10-09 17:52:07,606 [bed22c07-2a87-46f9-b28c-6f490a890e0f@group-C3DA5CAAFC27-SegmentedRaftLogWorker] INFO  segmented.SegmentedRaftLogWorker (SegmentedRaftLogWorker.java:lambda$new$0(128)) - bed22c07-2a87-46f9-b28c-6f490a890e0f@group-C3DA5CAAFC27-SegmentedRaftLogWorker: flushIndex: setUnconditionally 0 -> -1
2019-10-09 17:52:07,648 [cf784504-f4eb-4893-a89f-4f27ba959ccd@group-C3DA5CAAFC27-SegmentedRaftLogWorker] INFO  segmented.SegmentedRaftLogWorker (SegmentedRaftLogWorker.java:execute(574)) - cf784504-f4eb-4893-a89f-4f27ba959ccd@group-C3DA5CAAFC27-SegmentedRaftLogWorker: created new log segment /workdir/hadoop-ozone/integration-test/target/test-dir/MiniOzoneClusterImpl-401054cd-1d18-4b1d-93f9-f32735cbde25/datanode-5/data/ratis/f4340f51-52a8-4c86-bebc-c3da5caafc27/current/log_inprogress_0
2019-10-09 17:52:07,648 [f2c3255d-cfd3-4033-ac4e-dd725c0d9f29@group-C3DA5CAAFC27-SegmentedRaftLogWorker] INFO  segmented.SegmentedRaftLogWorker (SegmentedRaftLogWorker.java:execute(574)) - f2c3255d-cfd3-4033-ac4e-dd725c0d9f29@group-C3DA5CAAFC27-SegmentedRaftLogWorker: created new log segment /workdir/hadoop-ozone/integration-test/target/test-dir/MiniOzoneClusterImpl-401054cd-1d18-4b1d-93f9-f32735cbde25/datanode-6/data/ratis/f4340f51-52a8-4c86-bebc-c3da5caafc27/current/log_inprogress_0
2019-10-09 17:52:07,648 [bed22c07-2a87-46f9-b28c-6f490a890e0f@group-C3DA5CAAFC27-SegmentedRaftLogWorker] INFO  segmented.SegmentedRaftLogWorker (SegmentedRaftLogWorker.java:execute(574)) - bed22c07-2a87-46f9-b28c-6f490a890e0f@group-C3DA5CAAFC27-SegmentedRaftLogWorker: created new log segment /workdir/hadoop-ozone/integration-test/target/test-dir/MiniOzoneClusterImpl-401054cd-1d18-4b1d-93f9-f32735cbde25/datanode-3/data/ratis/f4340f51-52a8-4c86-bebc-c3da5caafc27/current/log_inprogress_0
2019-10-09 17:52:08,688 [Datanode State Machine Thread - 0] INFO  statemachine.DatanodeStateMachine (DatanodeStateMachine.java:lambda$startDaemon$0(350)) - Ozone container server started.
2019-10-09 17:52:12,704 [main] INFO  ozoneimpl.OzoneContainer (OzoneContainer.java:stop(227)) - Attempting to stop container services.
2019-10-09 17:52:12,705 [main] INFO  impl.RaftServerProxy (RaftServerProxy.java:lambda$close$4(314)) - a4779c12-69d4-4447-ac01-f06068601461: close
2019-10-09 17:52:12,706 [main] INFO  impl.RaftServerImpl (RaftServerImpl.java:lambda$shutdown$3(247)) - a4779c12-69d4-4447-ac01-f06068601461@group-0A86274D8582: shutdown
2019-10-09 17:52:12,706 [ForkJoinPool.commonPool-worker-0] INFO  impl.RaftServerImpl (RaftServerImpl.java:lambda$shutdown$3(247)) - a4779c12-69d4-4447-ac01-f06068601461@group-16ACFF9BB8F2: shutdown
2019-10-09 17:52:12,707 [main] INFO  util.JmxRegister (JmxRegister.java:unregister(73)) - Successfully un-registered JMX Bean with object name Ratis:service=RaftServer,group=group-0A86274D8582,id=a4779c12-69d4-4447-ac01-f06068601461
2019-10-09 17:52:12,707 [ForkJoinPool.commonPool-worker-0] INFO  util.JmxRegister (JmxRegister.java:unregister(73)) - Successfully un-registered JMX Bean with object name Ratis:service=RaftServer,group=group-16ACFF9BB8F2,id=a4779c12-69d4-4447-ac01-f06068601461
2019-10-09 17:52:12,708 [main] INFO  impl.RoleInfo (RoleInfo.java:shutdownFollowerState(121)) - a4779c12-69d4-4447-ac01-f06068601461: shutdown FollowerState
2019-10-09 17:52:12,708 [ForkJoinPool.commonPool-worker-0] INFO  impl.RoleInfo (RoleInfo.java:shutdownLeaderState(104)) - a4779c12-69d4-4447-ac01-f06068601461: shutdown LeaderState
2019-10-09 17:52:12,708 [main] INFO  impl.StateMachineUpdater (StateMachineUpdater.java:stopAndJoin(136)) - a4779c12-69d4-4447-ac01-f06068601461@group-0A86274D8582-StateMachineUpdater: set stopIndex = 2
2019-10-09 17:52:12,709 [ForkJoinPool.commonPool-worker-0] INFO  impl.PendingRequests (PendingRequests.java:sendNotLeaderResponses(202)) - a4779c12-69d4-4447-ac01-f06068601461@group-16ACFF9BB8F2-PendingRequests: sendNotLeaderResponses
2019-10-09 17:52:12,709 [a4779c12-69d4-4447-ac01-f06068601461@group-0A86274D8582-StateMachineUpdater] INFO  ratis.ContainerStateMachine (ContainerStateMachine.java:takeSnapshot(294)) - group-0A86274D8582: Taking a snapshot at:(t:2, i:1) file /workdir/hadoop-ozone/integration-test/target/test-dir/MiniOzoneClusterImpl-401054cd-1d18-4b1d-93f9-f32735cbde25/datanode-0/data/ratis/87b8c188-2ce0-4a64-b78e-0a86274d8582/sm/snapshot.2_1
2019-10-09 17:52:12,709 [Thread-2482] INFO  impl.FollowerState (FollowerState.java:run(117)) - a4779c12-69d4-4447-ac01-f06068601461@group-0A86274D8582-FollowerState was interrupted: java.lang.InterruptedException: sleep interrupted
2019-10-09 17:52:12,710 [ForkJoinPool.commonPool-worker-0] INFO  impl.StateMachineUpdater (StateMachineUpdater.java:stopAndJoin(136)) - a4779c12-69d4-4447-ac01-f06068601461@group-16ACFF9BB8F2-StateMachineUpdater: set stopIndex = 0
2019-10-09 17:52:12,711 [ForkJoinPool.commonPool-worker-0] INFO  impl.RaftServerImpl (ServerState.java:close(387)) - a4779c12-69d4-4447-ac01-f06068601461@group-16ACFF9BB8F2: closes. applyIndex: 0
2019-10-09 17:52:12,712 [a4779c12-69d4-4447-ac01-f06068601461@group-16ACFF9BB8F2-SegmentedRaftLogWorker] INFO  segmented.SegmentedRaftLogWorker (SegmentedRaftLogWorker.java:run(316)) - a4779c12-69d4-4447-ac01-f06068601461@group-16ACFF9BB8F2-SegmentedRaftLogWorker was interrupted, exiting. There are 0 tasks remaining in the queue.
2019-10-09 17:52:12,736 [ForkJoinPool.commonPool-worker-0] INFO  segmented.SegmentedRaftLogWorker (SegmentedRaftLogWorker.java:close(224)) - a4779c12-69d4-4447-ac01-f06068601461@group-16ACFF9BB8F2-SegmentedRaftLogWorker close()
2019-10-09 17:52:12,748 [a4779c12-69d4-4447-ac01-f06068601461@group-0A86274D8582-StateMachineUpdater] INFO  ratis.ContainerStateMachine (ContainerStateMachine.java:takeSnapshot(305)) - group-0A86274D8582: Finished taking a snapshot at:(t:2, i:1) file:/workdir/hadoop-ozone/integration-test/target/test-dir/MiniOzoneClusterImpl-401054cd-1d18-4b1d-93f9-f32735cbde25/datanode-0/data/ratis/87b8c188-2ce0-4a64-b78e-0a86274d8582/sm/snapshot.2_1 time:40
2019-10-09 17:52:12,749 [a4779c12-69d4-4447-ac01-f06068601461@group-0A86274D8582-StateMachineUpdater] INFO  impl.StateMachineUpdater (StateMachineUpdater.java:takeSnapshot(269)) - a4779c12-69d4-4447-ac01-f06068601461@group-0A86274D8582-StateMachineUpdater: Took a snapshot at index 1
2019-10-09 17:52:12,749 [a4779c12-69d4-4447-ac01-f06068601461@group-0A86274D8582-StateMachineUpdater] INFO  impl.StateMachineUpdater (StateMachineUpdater.java:lambda$new$0(84)) - a4779c12-69d4-4447-ac01-f06068601461@group-0A86274D8582-StateMachineUpdater: snapshotIndex: updateIncreasingly -1 -> 1
2019-10-09 17:52:12,750 [a4779c12-69d4-4447-ac01-f06068601461@group-0A86274D8582-StateMachineUpdater] INFO  ratis.ContainerStateMachine (ContainerStateMachine.java:takeSnapshot(294)) - group-0A86274D8582: Taking a snapshot at:(t:2, i:1) file /workdir/hadoop-ozone/integration-test/target/test-dir/MiniOzoneClusterImpl-401054cd-1d18-4b1d-93f9-f32735cbde25/datanode-0/data/ratis/87b8c188-2ce0-4a64-b78e-0a86274d8582/sm/snapshot.2_1
2019-10-09 17:52:12,762 [a4779c12-69d4-4447-ac01-f06068601461@group-0A86274D8582-StateMachineUpdater] INFO  ratis.ContainerStateMachine (ContainerStateMachine.java:takeSnapshot(305)) - group-0A86274D8582: Finished taking a snapshot at:(t:2, i:1) file:/workdir/hadoop-ozone/integration-test/target/test-dir/MiniOzoneClusterImpl-401054cd-1d18-4b1d-93f9-f32735cbde25/datanode-0/data/ratis/87b8c188-2ce0-4a64-b78e-0a86274d8582/sm/snapshot.2_1 time:12
2019-10-09 17:52:12,763 [a4779c12-69d4-4447-ac01-f06068601461@group-0A86274D8582-StateMachineUpdater] INFO  impl.StateMachineUpdater (StateMachineUpdater.java:takeSnapshot(269)) - a4779c12-69d4-4447-ac01-f06068601461@group-0A86274D8582-StateMachineUpdater: Took a snapshot at index 1
2019-10-09 17:52:12,763 [a4779c12-69d4-4447-ac01-f06068601461@group-0A86274D8582-StateMachineUpdater] INFO  impl.StateMachineUpdater (StateMachineUpdater.java:lambda$new$0(84)) - a4779c12-69d4-4447-ac01-f06068601461@group-0A86274D8582-StateMachineUpdater: snapshotIndex: updateIncreasingly 1 -> 1
2019-10-09 17:52:12,763 [main] INFO  impl.RaftServerImpl (ServerState.java:close(387)) - a4779c12-69d4-4447-ac01-f06068601461@group-0A86274D8582: closes. applyIndex: 2
2019-10-09 17:52:12,764 [a4779c12-69d4-4447-ac01-f06068601461@group-0A86274D8582-SegmentedRaftLogWorker] INFO  segmented.SegmentedRaftLogWorker (SegmentedRaftLogWorker.java:run(316)) - a4779c12-69d4-4447-ac01-f06068601461@group-0A86274D8582-SegmentedRaftLogWorker was interrupted, exiting. There are 0 tasks remaining in the queue.
2019-10-09 17:52:12,764 [main] INFO  segmented.SegmentedRaftLogWorker (SegmentedRaftLogWorker.java:close(224)) - a4779c12-69d4-4447-ac01-f06068601461@group-0A86274D8582-SegmentedRaftLogWorker close()
2019-10-09 17:52:12,767 [main] INFO  server.GrpcService (GrpcService.java:closeImpl(164)) - a4779c12-69d4-4447-ac01-f06068601461: shutdown server with port 39292 now
2019-10-09 17:52:12,769 [grpc-default-executor-4] WARN  server.GrpcServerProtocolService (LogUtils.java:warn(134)) - a4779c12-69d4-4447-ac01-f06068601461: installSnapshot onError, lastRequest: 4f91e352-ef5d-4d2d-b049-57e26593e8c3->a4779c12-69d4-4447-ac01-f06068601461#5-t2, previous=(t:2, i:2), leaderCommit=2, initializing? false, entries: <empty>: org.apache.ratis.thirdparty.io.grpc.StatusRuntimeException: CANCELLED: cancelled before receiving half close
2019-10-09 17:52:12,770 [grpc-default-executor-2] WARN  server.GrpcLogAppender (LogUtils.java:warn(134)) - 4f91e352-ef5d-4d2d-b049-57e26593e8c3@group-0A86274D8582->a4779c12-69d4-4447-ac01-f06068601461-AppendLogResponseHandler: Failed appendEntries: org.apache.ratis.thirdparty.io.grpc.StatusRuntimeException: CANCELLED: HTTP/2 error code: CANCEL
Received Rst Stream
2019-10-09 17:52:12,770 [main] INFO  server.GrpcService (GrpcService.java:closeImpl(172)) - a4779c12-69d4-4447-ac01-f06068601461: shutdown server with port 39292 successfully
2019-10-09 17:52:12,770 [grpc-default-executor-2] INFO  impl.FollowerInfo (FollowerInfo.java:lambda$new$0(51)) - 4f91e352-ef5d-4d2d-b049-57e26593e8c3@group-0A86274D8582->a4779c12-69d4-4447-ac01-f06068601461: nextIndex: updateUnconditionally 3 -> 2
2019-10-09 17:52:12,773 [refreshUsed-/workdir/hadoop-ozone/integration-test/target/test-dir/MiniOzoneClusterImpl-401054cd-1d18-4b1d-93f9-f32735cbde25/datanode-0/data/containers] WARN  fs.CachingGetSpaceUsed (CachingGetSpaceUsed.java:run(183)) - Thread Interrupted waiting to refresh disk information: sleep interrupted
2019-10-09 17:52:12,794 [main] INFO  utils.BackgroundService (BackgroundService.java:shutdown(151)) - Shutting down service BlockDeletingService
2019-10-09 17:52:12,803 [main] INFO  statemachine.DatanodeStateMachine (DatanodeStateMachine.java:stopDaemon(395)) - Ozone container server stopped.
2019-10-09 17:52:12,805 [main] INFO  handler.ContextHandler (ContextHandler.java:doStop(910)) - Stopped o.e.j.w.WebAppContext@261f359f{/,null,UNAVAILABLE}{/hddsDatanode}
2019-10-09 17:52:12,806 [main] INFO  server.AbstractConnector (AbstractConnector.java:doStop(318)) - Stopped ServerConnector@5b02a984{HTTP/1.1,[http/1.1]}{0.0.0.0:0}
2019-10-09 17:52:12,807 [main] INFO  handler.ContextHandler (ContextHandler.java:doStop(910)) - Stopped o.e.j.s.ServletContextHandler@7e49ded{/static,jar:file:/home/user/.m2/repository/org/apache/hadoop/hadoop-hdds-container-service/0.5.0-SNAPSHOT/hadoop-hdds-container-service-0.5.0-SNAPSHOT.jar!/webapps/static,UNAVAILABLE}
2019-10-09 17:52:12,807 [main] INFO  handler.ContextHandler (ContextHandler.java:doStop(910)) - Stopped o.e.j.s.ServletContextHandler@9e02f84{/logs,file:///workdir/hadoop-ozone/integration-test/target/log,UNAVAILABLE}
2019-10-09 17:52:12,819 [grpc-default-executor-2] WARN  server.GrpcLogAppender (LogUtils.java:warn(134)) - 4f91e352-ef5d-4d2d-b049-57e26593e8c3@group-0A86274D8582->a4779c12-69d4-4447-ac01-f06068601461-AppendLogResponseHandler: Failed appendEntries: org.apache.ratis.thirdparty.io.grpc.StatusRuntimeException: UNAVAILABLE: io exception
2019-10-09 17:52:12,819 [grpc-default-executor-2] INFO  impl.FollowerInfo (FollowerInfo.java:lambda$new$0(51)) - 4f91e352-ef5d-4d2d-b049-57e26593e8c3@group-0A86274D8582->a4779c12-69d4-4447-ac01-f06068601461: nextIndex: updateUnconditionally 3 -> 2
2019-10-09 17:52:12,831 [grpc-default-executor-3] WARN  server.GrpcLogAppender (LogUtils.java:warn(134)) - 4f91e352-ef5d-4d2d-b049-57e26593e8c3@group-0A86274D8582->a4779c12-69d4-4447-ac01-f06068601461-AppendLogResponseHandler: Failed appendEntries: org.apache.ratis.thirdparty.io.grpc.StatusRuntimeException: UNAVAILABLE: io exception
2019-10-09 17:52:12,832 [grpc-default-executor-3] INFO  impl.FollowerInfo (FollowerInfo.java:lambda$new$0(51)) - 4f91e352-ef5d-4d2d-b049-57e26593e8c3@group-0A86274D8582->a4779c12-69d4-4447-ac01-f06068601461: nextIndex: updateUnconditionally 3 -> 2
2019-10-09 17:52:12,848 [grpc-default-executor-2] WARN  server.GrpcLogAppender (LogUtils.java:warn(134)) - 4f91e352-ef5d-4d2d-b049-57e26593e8c3@group-0A86274D8582->a4779c12-69d4-4447-ac01-f06068601461-AppendLogResponseHandler: Failed appendEntries: org.apache.ratis.thirdparty.io.grpc.StatusRuntimeException: UNAVAILABLE: io exception
2019-10-09 17:52:12,848 [grpc-default-executor-2] INFO  impl.FollowerInfo (FollowerInfo.java:lambda$new$0(51)) - 4f91e352-ef5d-4d2d-b049-57e26593e8c3@group-0A86274D8582->a4779c12-69d4-4447-ac01-f06068601461: nextIndex: updateUnconditionally 3 -> 2
2019-10-09 17:52:12,861 [EventQueue-IncrementalContainerReportForIncrementalContainerReportHandler] WARN  container.IncrementalContainerReportHandler (AbstractContainerReportHandler.java:updateContainerState(145)) - Container #1 is in OPEN state, but the datanode 4f91e352-ef5d-4d2d-b049-57e26593e8c3{ip: 192.168.5.136, host: pr-hdds-2269-pcp4p-266198477, networkLocation: /default-rack, certSerialId: null} reports an CLOSING replica.
2019-10-09 17:52:12,882 [EventQueue-IncrementalContainerReportForIncrementalContainerReportHandler] WARN  container.IncrementalContainerReportHandler (AbstractContainerReportHandler.java:updateContainerState(145)) - Container #1 is in OPEN state, but the datanode 3a40b363-5807-4d74-a183-1fafd9e79a84{ip: 192.168.5.136, host: pr-hdds-2269-pcp4p-266198477, networkLocation: /default-rack, certSerialId: null} reports an CLOSING replica.
2019-10-09 17:52:12,913 [RatisApplyTransactionExecutor 1] INFO  interfaces.Container (KeyValueContainer.java:flushAndSyncDB(386)) - Container 1 is synced with bcsId 0.
2019-10-09 17:52:12,933 [RatisApplyTransactionExecutor 1] INFO  interfaces.Container (KeyValueContainer.java:flushAndSyncDB(386)) - Container 1 is synced with bcsId 0.
2019-10-09 17:52:12,938 [RatisApplyTransactionExecutor 1] INFO  interfaces.Container (KeyValueContainer.java:flushAndSyncDB(386)) - Container 1 is synced with bcsId 0.
2019-10-09 17:52:12,938 [RatisApplyTransactionExecutor 1] INFO  interfaces.Container (KeyValueContainer.java:flushAndSyncDB(386)) - Container 1 is synced with bcsId 0.
2019-10-09 17:52:12,946 [RatisApplyTransactionExecutor 1] INFO  interfaces.Container (KeyValueContainer.java:close(335)) - Container 1 is closed with bcsId 0.
2019-10-09 17:52:12,950 [RatisApplyTransactionExecutor 1] INFO  interfaces.Container (KeyValueContainer.java:close(335)) - Container 1 is closed with bcsId 0.
2019-10-09 17:52:12,957 [EventQueue-IncrementalContainerReportForIncrementalContainerReportHandler] WARN  container.IncrementalContainerReportHandler (AbstractContainerReportHandler.java:updateContainerState(145)) - Container #1 is in OPEN state, but the datanode 4f91e352-ef5d-4d2d-b049-57e26593e8c3{ip: 192.168.5.136, host: pr-hdds-2269-pcp4p-266198477, networkLocation: /default-rack, certSerialId: null} reports an CLOSED replica.
2019-10-09 17:52:12,960 [EventQueue-IncrementalContainerReportForIncrementalContainerReportHandler] WARN  container.IncrementalContainerReportHandler (AbstractContainerReportHandler.java:updateContainerState(145)) - Container #1 is in OPEN state, but the datanode 3a40b363-5807-4d74-a183-1fafd9e79a84{ip: 192.168.5.136, host: pr-hdds-2269-pcp4p-266198477, networkLocation: /default-rack, certSerialId: null} reports an CLOSED replica.
2019-10-09 17:52:15,349 [grpc-default-executor-4] WARN  server.GrpcLogAppender (LogUtils.java:warn(134)) - 4f91e352-ef5d-4d2d-b049-57e26593e8c3@group-0A86274D8582->a4779c12-69d4-4447-ac01-f06068601461-AppendLogResponseHandler: Failed appendEntries: org.apache.ratis.thirdparty.io.grpc.StatusRuntimeException: UNAVAILABLE: io exception
2019-10-09 17:52:15,350 [grpc-default-executor-4] INFO  impl.FollowerInfo (FollowerInfo.java:lambda$new$0(51)) - 4f91e352-ef5d-4d2d-b049-57e26593e8c3@group-0A86274D8582->a4779c12-69d4-4447-ac01-f06068601461: nextIndex: updateUnconditionally 2 -> 1
2019-10-09 17:52:15,972 [main] WARN  scm.XceiverClientRatis (XceiverClientRatis.java:watchForCommit(277)) - 3 way commit failed on pipeline Pipeline[ Id: 87b8c188-2ce0-4a64-b78e-0a86274d8582, Nodes: a4779c12-69d4-4447-ac01-f06068601461{ip: 192.168.5.136, host: pr-hdds-2269-pcp4p-266198477, networkLocation: /default-rack, certSerialId: null}4f91e352-ef5d-4d2d-b049-57e26593e8c3{ip: 192.168.5.136, host: pr-hdds-2269-pcp4p-266198477, networkLocation: /default-rack, certSerialId: null}3a40b363-5807-4d74-a183-1fafd9e79a84{ip: 192.168.5.136, host: pr-hdds-2269-pcp4p-266198477, networkLocation: /default-rack, certSerialId: null}, Type:RATIS, Factor:THREE, State:OPEN]
java.util.concurrent.TimeoutException
	at java.util.concurrent.CompletableFuture.timedGet(CompletableFuture.java:1771)
	at java.util.concurrent.CompletableFuture.get(CompletableFuture.java:1915)
	at org.apache.hadoop.hdds.scm.XceiverClientRatis.watchForCommit(XceiverClientRatis.java:274)
	at org.apache.hadoop.ozone.client.rpc.TestWatchForCommit.test2WayCommitForTimeoutException(TestWatchForCommit.java:391)
	at sun.reflect.NativeMethodAccessorImpl.invoke0(Native Method)
	at sun.reflect.NativeMethodAccessorImpl.invoke(NativeMethodAccessorImpl.java:62)
	at sun.reflect.DelegatingMethodAccessorImpl.invoke(DelegatingMethodAccessorImpl.java:43)
	at java.lang.reflect.Method.invoke(Method.java:498)
	at org.junit.runners.model.FrameworkMethod$1.runReflectiveCall(FrameworkMethod.java:47)
	at org.junit.internal.runners.model.ReflectiveCallable.run(ReflectiveCallable.java:12)
	at org.junit.runners.model.FrameworkMethod.invokeExplosively(FrameworkMethod.java:44)
	at org.junit.internal.runners.statements.InvokeMethod.evaluate(InvokeMethod.java:17)
	at org.junit.runners.ParentRunner.runLeaf(ParentRunner.java:271)
	at org.junit.runners.BlockJUnit4ClassRunner.runChild(BlockJUnit4ClassRunner.java:70)
	at org.junit.runners.BlockJUnit4ClassRunner.runChild(BlockJUnit4ClassRunner.java:50)
	at org.junit.runners.ParentRunner$3.run(ParentRunner.java:238)
	at org.junit.runners.ParentRunner$1.schedule(ParentRunner.java:63)
	at org.junit.runners.ParentRunner.runChildren(ParentRunner.java:236)
	at org.junit.runners.ParentRunner.access$000(ParentRunner.java:53)
	at org.junit.runners.ParentRunner$2.evaluate(ParentRunner.java:229)
	at org.junit.runners.ParentRunner.run(ParentRunner.java:309)
	at org.apache.maven.surefire.junit4.JUnit4Provider.execute(JUnit4Provider.java:365)
	at org.apache.maven.surefire.junit4.JUnit4Provider.executeWithRerun(JUnit4Provider.java:273)
	at org.apache.maven.surefire.junit4.JUnit4Provider.executeTestSet(JUnit4Provider.java:238)
	at org.apache.maven.surefire.junit4.JUnit4Provider.invoke(JUnit4Provider.java:159)
	at org.apache.maven.surefire.booter.ForkedBooter.invokeProviderInSameClassLoader(ForkedBooter.java:384)
	at org.apache.maven.surefire.booter.ForkedBooter.runSuitesInProcess(ForkedBooter.java:345)
	at org.apache.maven.surefire.booter.ForkedBooter.execute(ForkedBooter.java:126)
	at org.apache.maven.surefire.booter.ForkedBooter.main(ForkedBooter.java:418)
2019-10-09 17:52:17,853 [grpc-default-executor-3] WARN  server.GrpcLogAppender (LogUtils.java:warn(134)) - 4f91e352-ef5d-4d2d-b049-57e26593e8c3@group-0A86274D8582->a4779c12-69d4-4447-ac01-f06068601461-AppendLogResponseHandler: Failed appendEntries: org.apache.ratis.thirdparty.io.grpc.StatusRuntimeException: UNAVAILABLE: io exception
2019-10-09 17:52:17,854 [grpc-default-executor-3] INFO  impl.FollowerInfo (FollowerInfo.java:lambda$new$0(51)) - 4f91e352-ef5d-4d2d-b049-57e26593e8c3@group-0A86274D8582->a4779c12-69d4-4447-ac01-f06068601461: nextIndex: updateUnconditionally 1 -> 0
]]></system-out>
    <system-err><![CDATA[Oct 09, 2019 5:52:12 PM org.apache.ratis.thirdparty.io.grpc.internal.SerializingExecutor run
SEVERE: Exception while executing runnable org.apache.ratis.thirdparty.io.grpc.internal.ServerImpl$JumpToApplicationThreadServerStreamListener$1Closed@736e484f
org.apache.ratis.thirdparty.io.grpc.StatusRuntimeException: CANCELLED: call already cancelled
	at org.apache.ratis.thirdparty.io.grpc.Status.asRuntimeException(Status.java:517)
	at org.apache.ratis.thirdparty.io.grpc.stub.ServerCalls$ServerCallStreamObserverImpl.onCompleted(ServerCalls.java:356)
	at org.apache.ratis.grpc.server.GrpcServerProtocolService$ServerRequestStreamObserver.onError(GrpcServerProtocolService.java:121)
	at org.apache.ratis.thirdparty.io.grpc.stub.ServerCalls$StreamingServerCallHandler$StreamingServerCallListener.onCancel(ServerCalls.java:269)
	at org.apache.ratis.thirdparty.io.grpc.internal.ServerCallImpl$ServerStreamListenerImpl.closed(ServerCallImpl.java:293)
	at org.apache.ratis.thirdparty.io.grpc.internal.ServerImpl$JumpToApplicationThreadServerStreamListener$1Closed.runInContext(ServerImpl.java:741)
	at org.apache.ratis.thirdparty.io.grpc.internal.ContextRunnable.run(ContextRunnable.java:37)
	at org.apache.ratis.thirdparty.io.grpc.internal.SerializingExecutor.run(SerializingExecutor.java:123)
	at java.util.concurrent.ThreadPoolExecutor.runWorker(ThreadPoolExecutor.java:1149)
	at java.util.concurrent.ThreadPoolExecutor$Worker.run(ThreadPoolExecutor.java:624)
	at java.lang.Thread.run(Thread.java:748)

]]></system-err>
  </testcase>
</testsuite>