<?xml version="1.0" encoding="UTF-8"?>
<testsuite xmlns:xsi="http://www.w3.org/2001/XMLSchema-instance" xsi:noNamespaceSchemaLocation="https://maven.apache.org/surefire/maven-surefire-plugin/xsd/surefire-test-report.xsd" name="org.apache.hadoop.ozone.freon.TestDataValidateWithDummyContainers" time="114.593" tests="3" errors="2" skipped="0" failures="0">
  <properties>
    <property name="awt.toolkit" value="sun.awt.X11.XToolkit"/>
    <property name="file.encoding.pkg" value="sun.io"/>
    <property name="java.specification.version" value="1.8"/>
    <property name="sun.cpu.isalist" value=""/>
    <property name="sun.jnu.encoding" value="ANSI_X3.4-1968"/>
    <property name="java.class.path" value="/workdir/hadoop-ozone/tools/target/test-classes:/workdir/hadoop-ozone/tools/target/classes:/home/user/.m2/repository/org/apache/hadoop/hadoop-ozone-ozone-manager/0.5.0-SNAPSHOT/hadoop-ozone-ozone-manager-0.5.0-SNAPSHOT.jar:/home/user/.m2/repository/org/apache/hadoop/hadoop-hdds-docs/0.5.0-SNAPSHOT/hadoop-hdds-docs-0.5.0-SNAPSHOT.jar:/home/user/.m2/repository/org/bouncycastle/bcprov-jdk15on/1.60/bcprov-jdk15on-1.60.jar:/home/user/.m2/repository/org/apache/hadoop/hadoop-ozone-common/0.5.0-SNAPSHOT/hadoop-ozone-common-0.5.0-SNAPSHOT.jar:/home/user/.m2/repository/org/apache/commons/commons-compress/1.4.1/commons-compress-1.4.1.jar:/home/user/.m2/repository/org/tukaani/xz/1.0/xz-1.0.jar:/home/user/.m2/repository/org/apache/hadoop/hadoop-hdfs-client/3.2.0/hadoop-hdfs-client-3.2.0.jar:/home/user/.m2/repository/com/fasterxml/jackson/core/jackson-annotations/2.9.9/jackson-annotations-2.9.9.jar:/home/user/.m2/repository/org/apache/hadoop/hadoop-hdds-common/0.5.0-SNAPSHOT/hadoop-hdds-common-0.5.0-SNAPSHOT.jar:/home/user/.m2/repository/org/apache/hadoop/hadoop-hdds-config/0.5.0-SNAPSHOT/hadoop-hdds-config-0.5.0-SNAPSHOT.jar:/home/user/.m2/repository/javax/annotation/javax.annotation-api/1.2/javax.annotation-api-1.2.jar:/home/user/.m2/repository/org/apache/ratis/ratis-server/0.5.0-ced7dbf-SNAPSHOT/ratis-server-0.5.0-ced7dbf-SNAPSHOT.jar:/home/user/.m2/repository/org/apache/ratis/ratis-thirdparty-misc/0.2.0/ratis-thirdparty-misc-0.2.0.jar:/home/user/.m2/repository/org/apache/ratis/ratis-proto/0.5.0-ced7dbf-SNAPSHOT/ratis-proto-0.5.0-ced7dbf-SNAPSHOT.jar:/home/user/.m2/repository/org/apache/ratis/ratis-common/0.5.0-ced7dbf-SNAPSHOT/ratis-common-0.5.0-ced7dbf-SNAPSHOT.jar:/home/user/.m2/repository/org/apache/ratis/ratis-client/0.5.0-ced7dbf-SNAPSHOT/ratis-client-0.5.0-ced7dbf-SNAPSHOT.jar:/home/user/.m2/repository/org/apache/ratis/ratis-metrics/0.5.0-ced7dbf-SNAPSHOT/ratis-metrics-0.5.0-ced7dbf-SNAPSHOT.jar:/home/user/.m2/repository/org/apache/ratis/ratis-netty/0.5.0-ced7dbf-SNAPSHOT/ratis-netty-0.5.0-ced7dbf-SNAPSHOT.jar:/home/user/.m2/repository/org/apache/ratis/ratis-grpc/0.5.0-ced7dbf-SNAPSHOT/ratis-grpc-0.5.0-ced7dbf-SNAPSHOT.jar:/home/user/.m2/repository/org/rocksdb/rocksdbjni/6.0.1/rocksdbjni-6.0.1.jar:/home/user/.m2/repository/org/apache/logging/log4j/log4j-api/2.11.0/log4j-api-2.11.0.jar:/home/user/.m2/repository/org/apache/logging/log4j/log4j-core/2.11.0/log4j-core-2.11.0.jar:/home/user/.m2/repository/com/lmax/disruptor/3.4.2/disruptor-3.4.2.jar:/home/user/.m2/repository/org/apache/commons/commons-pool2/2.6.0/commons-pool2-2.6.0.jar:/home/user/.m2/repository/org/bouncycastle/bcpkix-jdk15on/1.60/bcpkix-jdk15on-1.60.jar:/home/user/.m2/repository/commons-validator/commons-validator/1.6/commons-validator-1.6.jar:/home/user/.m2/repository/commons-digester/commons-digester/1.8.1/commons-digester-1.8.1.jar:/home/user/.m2/repository/io/jaegertracing/jaeger-client/0.34.0/jaeger-client-0.34.0.jar:/home/user/.m2/repository/io/jaegertracing/jaeger-thrift/0.34.0/jaeger-thrift-0.34.0.jar:/home/user/.m2/repository/org/apache/thrift/libthrift/0.12.0/libthrift-0.12.0.jar:/home/user/.m2/repository/com/squareup/okhttp3/okhttp/3.9.0/okhttp-3.9.0.jar:/home/user/.m2/repository/com/squareup/okio/okio/1.13.0/okio-1.13.0.jar:/home/user/.m2/repository/io/jaegertracing/jaeger-core/0.34.0/jaeger-core-0.34.0.jar:/home/user/.m2/repository/io/jaegertracing/jaeger-tracerresolver/0.34.0/jaeger-tracerresolver-0.34.0.jar:/home/user/.m2/repository/io/opentracing/contrib/opentracing-tracerresolver/0.1.5/opentracing-tracerresolver-0.1.5.jar:/home/user/.m2/repository/io/opentracing/opentracing-util/0.31.0/opentracing-util-0.31.0.jar:/home/user/.m2/repository/io/opentracing/opentracing-api/0.31.0/opentracing-api-0.31.0.jar:/home/user/.m2/repository/io/opentracing/opentracing-noop/0.31.0/opentracing-noop-0.31.0.jar:/home/user/.m2/repository/org/yaml/snakeyaml/1.16/snakeyaml-1.16.jar:/home/user/.m2/repository/org/apache/hadoop/hadoop-hdds-container-service/0.5.0-SNAPSHOT/hadoop-hdds-container-service-0.5.0-SNAPSHOT.jar:/home/user/.m2/repository/org/apache/hadoop/hadoop-hdds-client/0.5.0-SNAPSHOT/hadoop-hdds-client-0.5.0-SNAPSHOT.jar:/home/user/.m2/repository/org/apache/hadoop/hadoop-hdds-tools/0.5.0-SNAPSHOT/hadoop-hdds-tools-0.5.0-SNAPSHOT.jar:/home/user/.m2/repository/org/xerial/sqlite-jdbc/3.25.2/sqlite-jdbc-3.25.2.jar:/home/user/.m2/repository/org/apache/hadoop/hadoop-hdds-server-scm/0.5.0-SNAPSHOT/hadoop-hdds-server-scm-0.5.0-SNAPSHOT.jar:/home/user/.m2/repository/org/hamcrest/hamcrest-all/1.3/hamcrest-all-1.3.jar:/home/user/.m2/repository/info/picocli/picocli/3.9.6/picocli-3.9.6.jar:/home/user/.m2/repository/com/google/protobuf/protobuf-java/2.5.0/protobuf-java-2.5.0.jar:/home/user/.m2/repository/com/google/guava/guava/11.0.2/guava-11.0.2.jar:/home/user/.m2/repository/org/apache/hadoop/hadoop-ozone-client/0.5.0-SNAPSHOT/hadoop-ozone-client-0.5.0-SNAPSHOT.jar:/workdir/hadoop-ozone/ozonefs/target/classes:/home/user/.m2/repository/org/apache/httpcomponents/httpclient/4.5.2/httpclient-4.5.2.jar:/home/user/.m2/repository/org/apache/httpcomponents/httpcore/4.4.4/httpcore-4.4.4.jar:/home/user/.m2/repository/org/apache/hadoop/hadoop-hdds-server-framework/0.5.0-SNAPSHOT/hadoop-hdds-server-framework-0.5.0-SNAPSHOT.jar:/home/user/.m2/repository/org/apache/hadoop/hadoop-common/3.2.0/hadoop-common-3.2.0.jar:/home/user/.m2/repository/org/apache/hadoop/hadoop-annotations/3.2.0/hadoop-annotations-3.2.0.jar:/usr/lib/jvm/java-1.8.0-openjdk-1.8.0.222.b10-1.el7_7.x86_64/jre/../lib/tools.jar:/home/user/.m2/repository/commons-cli/commons-cli/1.2/commons-cli-1.2.jar:/home/user/.m2/repository/org/apache/commons/commons-math3/3.1.1/commons-math3-3.1.1.jar:/home/user/.m2/repository/commons-codec/commons-codec/1.11/commons-codec-1.11.jar:/home/user/.m2/repository/commons-io/commons-io/2.5/commons-io-2.5.jar:/home/user/.m2/repository/commons-net/commons-net/3.6/commons-net-3.6.jar:/home/user/.m2/repository/commons-collections/commons-collections/3.2.2/commons-collections-3.2.2.jar:/home/user/.m2/repository/javax/servlet/javax.servlet-api/3.1.0/javax.servlet-api-3.1.0.jar:/home/user/.m2/repository/org/eclipse/jetty/jetty-server/9.3.25.v20180904/jetty-server-9.3.25.v20180904.jar:/home/user/.m2/repository/org/eclipse/jetty/jetty-http/9.3.25.v20180904/jetty-http-9.3.25.v20180904.jar:/home/user/.m2/repository/org/eclipse/jetty/jetty-io/9.3.25.v20180904/jetty-io-9.3.25.v20180904.jar:/home/user/.m2/repository/org/eclipse/jetty/jetty-util/9.3.25.v20180904/jetty-util-9.3.25.v20180904.jar:/home/user/.m2/repository/org/eclipse/jetty/jetty-servlet/9.3.25.v20180904/jetty-servlet-9.3.25.v20180904.jar:/home/user/.m2/repository/org/eclipse/jetty/jetty-security/9.3.25.v20180904/jetty-security-9.3.25.v20180904.jar:/home/user/.m2/repository/org/eclipse/jetty/jetty-webapp/9.3.25.v20180904/jetty-webapp-9.3.25.v20180904.jar:/home/user/.m2/repository/org/eclipse/jetty/jetty-xml/9.3.25.v20180904/jetty-xml-9.3.25.v20180904.jar:/home/user/.m2/repository/javax/servlet/jsp/jsp-api/2.1/jsp-api-2.1.jar:/home/user/.m2/repository/com/sun/jersey/jersey-core/1.19/jersey-core-1.19.jar:/home/user/.m2/repository/javax/ws/rs/jsr311-api/1.1.1/jsr311-api-1.1.1.jar:/home/user/.m2/repository/com/sun/jersey/jersey-servlet/1.19/jersey-servlet-1.19.jar:/home/user/.m2/repository/com/sun/jersey/jersey-json/1.19/jersey-json-1.19.jar:/home/user/.m2/repository/org/codehaus/jettison/jettison/1.1/jettison-1.1.jar:/home/user/.m2/repository/com/sun/xml/bind/jaxb-impl/2.3.0.1/jaxb-impl-2.3.0.1.jar:/home/user/.m2/repository/org/codehaus/jackson/jackson-core-asl/1.9.13/jackson-core-asl-1.9.13.jar:/home/user/.m2/repository/org/codehaus/jackson/jackson-mapper-asl/1.9.13/jackson-mapper-asl-1.9.13.jar:/home/user/.m2/repository/org/codehaus/jackson/jackson-jaxrs/1.9.13/jackson-jaxrs-1.9.13.jar:/home/user/.m2/repository/org/codehaus/jackson/jackson-xc/1.9.13/jackson-xc-1.9.13.jar:/home/user/.m2/repository/com/sun/jersey/jersey-server/1.19/jersey-server-1.19.jar:/home/user/.m2/repository/commons-logging/commons-logging/1.1.3/commons-logging-1.1.3.jar:/home/user/.m2/repository/log4j/log4j/1.2.17/log4j-1.2.17.jar:/home/user/.m2/repository/commons-beanutils/commons-beanutils/1.9.4/commons-beanutils-1.9.4.jar:/home/user/.m2/repository/org/apache/commons/commons-configuration2/2.1.1/commons-configuration2-2.1.1.jar:/home/user/.m2/repository/org/apache/commons/commons-lang3/3.7/commons-lang3-3.7.jar:/home/user/.m2/repository/org/apache/commons/commons-text/1.4/commons-text-1.4.jar:/home/user/.m2/repository/org/slf4j/slf4j-api/1.7.25/slf4j-api-1.7.25.jar:/home/user/.m2/repository/org/slf4j/slf4j-log4j12/1.7.25/slf4j-log4j12-1.7.25.jar:/home/user/.m2/repository/org/apache/avro/avro/1.7.7/avro-1.7.7.jar:/home/user/.m2/repository/com/thoughtworks/paranamer/paranamer/2.3/paranamer-2.3.jar:/home/user/.m2/repository/org/xerial/snappy/snappy-java/1.0.5/snappy-java-1.0.5.jar:/home/user/.m2/repository/com/google/re2j/re2j/1.1/re2j-1.1.jar:/home/user/.m2/repository/com/google/code/gson/gson/2.2.4/gson-2.2.4.jar:/home/user/.m2/repository/org/apache/hadoop/hadoop-auth/3.2.0/hadoop-auth-3.2.0.jar:/home/user/.m2/repository/com/nimbusds/nimbus-jose-jwt/4.41.1/nimbus-jose-jwt-4.41.1.jar:/home/user/.m2/repository/com/github/stephenc/jcip/jcip-annotations/1.0-1/jcip-annotations-1.0-1.jar:/home/user/.m2/repository/net/minidev/json-smart/2.3/json-smart-2.3.jar:/home/user/.m2/repository/net/minidev/accessors-smart/1.2/accessors-smart-1.2.jar:/home/user/.m2/repository/org/apache/curator/curator-framework/2.12.0/curator-framework-2.12.0.jar:/home/user/.m2/repository/com/jcraft/jsch/0.1.54/jsch-0.1.54.jar:/home/user/.m2/repository/org/apache/curator/curator-client/2.12.0/curator-client-2.12.0.jar:/home/user/.m2/repository/org/apache/curator/curator-recipes/2.12.0/curator-recipes-2.12.0.jar:/home/user/.m2/repository/com/google/code/findbugs/jsr305/3.0.0/jsr305-3.0.0.jar:/home/user/.m2/repository/org/apache/htrace/htrace-core4/4.1.0-incubating/htrace-core4-4.1.0-incubating.jar:/home/user/.m2/repository/org/apache/zookeeper/zookeeper/3.4.13/zookeeper-3.4.13.jar:/home/user/.m2/repository/jline/jline/0.9.94/jline-0.9.94.jar:/home/user/.m2/repository/org/apache/yetus/audience-annotations/0.5.0/audience-annotations-0.5.0.jar:/home/user/.m2/repository/org/apache/kerby/kerb-simplekdc/1.0.1/kerb-simplekdc-1.0.1.jar:/home/user/.m2/repository/org/apache/kerby/kerb-client/1.0.1/kerb-client-1.0.1.jar:/home/user/.m2/repository/org/apache/kerby/kerby-config/1.0.1/kerby-config-1.0.1.jar:/home/user/.m2/repository/org/apache/kerby/kerb-core/1.0.1/kerb-core-1.0.1.jar:/home/user/.m2/repository/org/apache/kerby/kerby-pkix/1.0.1/kerby-pkix-1.0.1.jar:/home/user/.m2/repository/org/apache/kerby/kerby-asn1/1.0.1/kerby-asn1-1.0.1.jar:/home/user/.m2/repository/org/apache/kerby/kerby-util/1.0.1/kerby-util-1.0.1.jar:/home/user/.m2/repository/org/apache/kerby/kerb-common/1.0.1/kerb-common-1.0.1.jar:/home/user/.m2/repository/org/apache/kerby/kerb-crypto/1.0.1/kerb-crypto-1.0.1.jar:/home/user/.m2/repository/org/apache/kerby/kerb-util/1.0.1/kerb-util-1.0.1.jar:/home/user/.m2/repository/org/apache/kerby/token-provider/1.0.1/token-provider-1.0.1.jar:/home/user/.m2/repository/org/apache/kerby/kerb-admin/1.0.1/kerb-admin-1.0.1.jar:/home/user/.m2/repository/org/apache/kerby/kerb-server/1.0.1/kerb-server-1.0.1.jar:/home/user/.m2/repository/org/apache/kerby/kerb-identity/1.0.1/kerb-identity-1.0.1.jar:/home/user/.m2/repository/org/apache/kerby/kerby-xdr/1.0.1/kerby-xdr-1.0.1.jar:/home/user/.m2/repository/com/fasterxml/jackson/core/jackson-databind/2.9.9/jackson-databind-2.9.9.jar:/home/user/.m2/repository/com/fasterxml/jackson/core/jackson-core/2.9.9/jackson-core-2.9.9.jar:/home/user/.m2/repository/org/codehaus/woodstox/stax2-api/3.1.4/stax2-api-3.1.4.jar:/home/user/.m2/repository/com/fasterxml/woodstox/woodstox-core/5.0.3/woodstox-core-5.0.3.jar:/home/user/.m2/repository/dnsjava/dnsjava/2.1.7/dnsjava-2.1.7.jar:/home/user/.m2/repository/org/apache/hadoop/hadoop-hdfs/3.2.0/hadoop-hdfs-3.2.0.jar:/home/user/.m2/repository/org/eclipse/jetty/jetty-util-ajax/9.3.25.v20180904/jetty-util-ajax-9.3.25.v20180904.jar:/home/user/.m2/repository/commons-daemon/commons-daemon/1.0.13/commons-daemon-1.0.13.jar:/home/user/.m2/repository/io/netty/netty/3.10.5.Final/netty-3.10.5.Final.jar:/home/user/.m2/repository/io/netty/netty-all/4.0.52.Final/netty-all-4.0.52.Final.jar:/home/user/.m2/repository/org/fusesource/leveldbjni/leveldbjni-all/1.8/leveldbjni-all-1.8.jar:/home/user/.m2/repository/com/sun/xml/bind/jaxb-core/2.3.0.1/jaxb-core-2.3.0.1.jar:/home/user/.m2/repository/javax/xml/bind/jaxb-api/2.3.0/jaxb-api-2.3.0.jar:/home/user/.m2/repository/javax/activation/activation/1.1.1/activation-1.1.1.jar:/home/user/.m2/repository/org/openjdk/jmh/jmh-core/1.19/jmh-core-1.19.jar:/home/user/.m2/repository/net/sf/jopt-simple/jopt-simple/4.6/jopt-simple-4.6.jar:/home/user/.m2/repository/org/openjdk/jmh/jmh-generator-annprocess/1.19/jmh-generator-annprocess-1.19.jar:/home/user/.m2/repository/io/dropwizard/metrics/metrics-core/3.2.4/metrics-core-3.2.4.jar:/home/user/.m2/repository/com/amazonaws/aws-java-sdk-s3/1.11.615/aws-java-sdk-s3-1.11.615.jar:/home/user/.m2/repository/com/amazonaws/aws-java-sdk-kms/1.11.615/aws-java-sdk-kms-1.11.615.jar:/home/user/.m2/repository/com/amazonaws/aws-java-sdk-core/1.11.615/aws-java-sdk-core-1.11.615.jar:/home/user/.m2/repository/software/amazon/ion/ion-java/1.0.2/ion-java-1.0.2.jar:/home/user/.m2/repository/com/fasterxml/jackson/dataformat/jackson-dataformat-cbor/2.9.9/jackson-dataformat-cbor-2.9.9.jar:/home/user/.m2/repository/joda-time/joda-time/2.9.9/joda-time-2.9.9.jar:/home/user/.m2/repository/com/amazonaws/jmespath-java/1.11.615/jmespath-java-1.11.615.jar:/home/user/.m2/repository/com/github/spotbugs/spotbugs/3.1.12/spotbugs-3.1.12.jar:/home/user/.m2/repository/org/ow2/asm/asm/5.0.4/asm-5.0.4.jar:/home/user/.m2/repository/org/ow2/asm/asm-analysis/7.0/asm-analysis-7.0.jar:/home/user/.m2/repository/org/ow2/asm/asm-commons/7.0/asm-commons-7.0.jar:/home/user/.m2/repository/org/ow2/asm/asm-tree/7.0/asm-tree-7.0.jar:/home/user/.m2/repository/org/ow2/asm/asm-util/7.0/asm-util-7.0.jar:/home/user/.m2/repository/org/apache/bcel/bcel/6.3/bcel-6.3.jar:/home/user/.m2/repository/net/jcip/jcip-annotations/1.0/jcip-annotations-1.0.jar:/home/user/.m2/repository/org/dom4j/dom4j/2.1.1/dom4j-2.1.1.jar:/home/user/.m2/repository/jaxen/jaxen/1.1.6/jaxen-1.1.6.jar:/home/user/.m2/repository/commons-lang/commons-lang/2.6/commons-lang-2.6.jar:/home/user/.m2/repository/com/github/spotbugs/spotbugs-annotations/3.1.12/spotbugs-annotations-3.1.12.jar:/home/user/.m2/repository/junit/junit/4.11/junit-4.11.jar:/home/user/.m2/repository/org/hamcrest/hamcrest-core/1.3/hamcrest-core-1.3.jar:/home/user/.m2/repository/org/apache/hadoop/hadoop-common/3.2.0/hadoop-common-3.2.0-tests.jar:/workdir/hadoop-ozone/integration-test/target/test-classes:/home/user/.m2/repository/org/apache/hadoop/hadoop-ozone-s3gateway/0.5.0-SNAPSHOT/hadoop-ozone-s3gateway-0.5.0-SNAPSHOT.jar:/home/user/.m2/repository/org/jboss/weld/servlet/weld-servlet/2.4.7.Final/weld-servlet-2.4.7.Final.jar:/home/user/.m2/repository/org/glassfish/jersey/containers/jersey-container-servlet-core/2.27/jersey-container-servlet-core-2.27.jar:/home/user/.m2/repository/org/glassfish/hk2/external/javax.inject/2.5.0-b42/javax.inject-2.5.0-b42.jar:/home/user/.m2/repository/org/glassfish/jersey/core/jersey-common/2.27/jersey-common-2.27.jar:/home/user/.m2/repository/org/glassfish/hk2/osgi-resource-locator/1.0.1/osgi-resource-locator-1.0.1.jar:/home/user/.m2/repository/javax/ws/rs/javax.ws.rs-api/2.1/javax.ws.rs-api-2.1.jar:/home/user/.m2/repository/org/glassfish/jersey/ext/cdi/jersey-cdi1x/2.27/jersey-cdi1x-2.27.jar:/home/user/.m2/repository/org/glassfish/jersey/inject/jersey-hk2/2.27/jersey-hk2-2.27.jar:/home/user/.m2/repository/org/glassfish/hk2/hk2-locator/2.5.0-b42/hk2-locator-2.5.0-b42.jar:/home/user/.m2/repository/org/javassist/javassist/3.22.0-CR2/javassist-3.22.0-CR2.jar:/home/user/.m2/repository/org/glassfish/hk2/hk2-api/2.5.0/hk2-api-2.5.0.jar:/home/user/.m2/repository/org/glassfish/hk2/external/jakarta.inject/2.5.0/jakarta.inject-2.5.0.jar:/home/user/.m2/repository/org/glassfish/hk2/hk2-utils/2.5.0/hk2-utils-2.5.0.jar:/home/user/.m2/repository/jakarta/annotation/jakarta.annotation-api/1.3.4/jakarta.annotation-api-1.3.4.jar:/home/user/.m2/repository/org/glassfish/hk2/external/aopalliance-repackaged/2.5.0/aopalliance-repackaged-2.5.0.jar:/home/user/.m2/repository/com/fasterxml/jackson/dataformat/jackson-dataformat-xml/2.9.0/jackson-dataformat-xml-2.9.0.jar:/home/user/.m2/repository/com/fasterxml/jackson/module/jackson-module-jaxb-annotations/2.9.9/jackson-module-jaxb-annotations-2.9.9.jar:/home/user/.m2/repository/javax/enterprise/cdi-api/1.2/cdi-api-1.2.jar:/home/user/.m2/repository/javax/el/javax.el-api/3.0.0/javax.el-api-3.0.0.jar:/home/user/.m2/repository/javax/interceptor/javax.interceptor-api/1.2/javax.interceptor-api-1.2.jar:/home/user/.m2/repository/javax/inject/javax.inject/1/javax.inject-1.jar:/home/user/.m2/repository/org/apache/hadoop/hadoop-ozone-csi/0.5.0-SNAPSHOT/hadoop-ozone-csi-0.5.0-SNAPSHOT.jar:/home/user/.m2/repository/com/google/protobuf/protobuf-java-util/3.5.1/protobuf-java-util-3.5.1.jar:/home/user/.m2/repository/io/grpc/grpc-netty/1.17.1/grpc-netty-1.17.1.jar:/home/user/.m2/repository/io/grpc/grpc-core/1.17.1/grpc-core-1.17.1.jar:/home/user/.m2/repository/io/grpc/grpc-context/1.17.1/grpc-context-1.17.1.jar:/home/user/.m2/repository/com/google/errorprone/error_prone_annotations/2.2.0/error_prone_annotations-2.2.0.jar:/home/user/.m2/repository/org/codehaus/mojo/animal-sniffer-annotations/1.17/animal-sniffer-annotations-1.17.jar:/home/user/.m2/repository/io/opencensus/opencensus-api/0.17.0/opencensus-api-0.17.0.jar:/home/user/.m2/repository/io/opencensus/opencensus-contrib-grpc-metrics/0.17.0/opencensus-contrib-grpc-metrics-0.17.0.jar:/home/user/.m2/repository/io/netty/netty-codec-http2/4.1.30.Final/netty-codec-http2-4.1.30.Final.jar:/home/user/.m2/repository/io/netty/netty-codec-http/4.1.30.Final/netty-codec-http-4.1.30.Final.jar:/home/user/.m2/repository/io/netty/netty-codec/4.1.30.Final/netty-codec-4.1.30.Final.jar:/home/user/.m2/repository/io/netty/netty-handler/4.1.30.Final/netty-handler-4.1.30.Final.jar:/home/user/.m2/repository/io/netty/netty-handler-proxy/4.1.30.Final/netty-handler-proxy-4.1.30.Final.jar:/home/user/.m2/repository/io/netty/netty-codec-socks/4.1.30.Final/netty-codec-socks-4.1.30.Final.jar:/home/user/.m2/repository/io/netty/netty-transport-native-epoll/4.1.30.Final/netty-transport-native-epoll-4.1.30.Final.jar:/home/user/.m2/repository/io/netty/netty-common/4.1.30.Final/netty-common-4.1.30.Final.jar:/home/user/.m2/repository/io/netty/netty-buffer/4.1.30.Final/netty-buffer-4.1.30.Final.jar:/home/user/.m2/repository/io/netty/netty-transport/4.1.30.Final/netty-transport-4.1.30.Final.jar:/home/user/.m2/repository/io/netty/netty-resolver/4.1.30.Final/netty-resolver-4.1.30.Final.jar:/home/user/.m2/repository/io/netty/netty-transport-native-unix-common/4.1.30.Final/netty-transport-native-unix-common-4.1.30.Final.jar:/home/user/.m2/repository/io/grpc/grpc-protobuf/1.17.1/grpc-protobuf-1.17.1.jar:/home/user/.m2/repository/com/google/api/grpc/proto-google-common-protos/1.0.0/proto-google-common-protos-1.0.0.jar:/home/user/.m2/repository/io/grpc/grpc-protobuf-lite/1.17.1/grpc-protobuf-lite-1.17.1.jar:/home/user/.m2/repository/io/grpc/grpc-stub/1.17.1/grpc-stub-1.17.1.jar:/home/user/.m2/repository/org/apache/hadoop/hadoop-ozone-recon/0.5.0-SNAPSHOT/hadoop-ozone-recon-0.5.0-SNAPSHOT.jar:/home/user/.m2/repository/org/apache/hadoop/hadoop-ozone-reconcodegen/0.5.0-SNAPSHOT/hadoop-ozone-reconcodegen-0.5.0-SNAPSHOT.jar:/home/user/.m2/repository/com/google/inject/extensions/guice-multibindings/4.0/guice-multibindings-4.0.jar:/home/user/.m2/repository/com/google/inject/guice/4.0/guice-4.0.jar:/home/user/.m2/repository/aopalliance/aopalliance/1.0/aopalliance-1.0.jar:/home/user/.m2/repository/com/google/inject/extensions/guice-servlet/4.0/guice-servlet-4.0.jar:/home/user/.m2/repository/org/glassfish/jersey/containers/jersey-container-servlet/2.27/jersey-container-servlet-2.27.jar:/home/user/.m2/repository/org/glassfish/hk2/guice-bridge/2.5.0/guice-bridge-2.5.0.jar:/home/user/.m2/repository/org/glassfish/jersey/core/jersey-server/2.27/jersey-server-2.27.jar:/home/user/.m2/repository/org/glassfish/jersey/core/jersey-client/2.27/jersey-client-2.27.jar:/home/user/.m2/repository/org/glassfish/jersey/media/jersey-media-jaxb/2.27/jersey-media-jaxb-2.27.jar:/home/user/.m2/repository/javax/validation/validation-api/1.1.0.Final/validation-api-1.1.0.Final.jar:/home/user/.m2/repository/org/glassfish/jersey/media/jersey-media-json-jackson/2.27/jersey-media-json-jackson-2.27.jar:/home/user/.m2/repository/org/glassfish/jersey/ext/jersey-entity-filtering/2.27/jersey-entity-filtering-2.27.jar:/home/user/.m2/repository/com/google/inject/extensions/guice-assistedinject/4.0/guice-assistedinject-4.0.jar:/home/user/.m2/repository/org/jooq/jooq/3.11.10/jooq-3.11.10.jar:/home/user/.m2/repository/org/jooq/jooq-meta/3.11.10/jooq-meta-3.11.10.jar:/home/user/.m2/repository/org/jooq/jooq-codegen/3.11.10/jooq-codegen-3.11.10.jar:/home/user/.m2/repository/com/jolbox/bonecp/0.8.0.RELEASE/bonecp-0.8.0.RELEASE.jar:/home/user/.m2/repository/org/springframework/spring-jdbc/5.1.3.RELEASE/spring-jdbc-5.1.3.RELEASE.jar:/home/user/.m2/repository/org/springframework/spring-beans/5.1.3.RELEASE/spring-beans-5.1.3.RELEASE.jar:/home/user/.m2/repository/org/springframework/spring-core/5.1.3.RELEASE/spring-core-5.1.3.RELEASE.jar:/home/user/.m2/repository/org/springframework/spring-jcl/5.1.3.RELEASE/spring-jcl-5.1.3.RELEASE.jar:/home/user/.m2/repository/org/springframework/spring-tx/5.1.3.RELEASE/spring-tx-5.1.3.RELEASE.jar:/home/user/.m2/repository/org/mockito/mockito-core/2.15.0/mockito-core-2.15.0.jar:/home/user/.m2/repository/net/bytebuddy/byte-buddy/1.7.9/byte-buddy-1.7.9.jar:/home/user/.m2/repository/net/bytebuddy/byte-buddy-agent/1.7.9/byte-buddy-agent-1.7.9.jar:/home/user/.m2/repository/org/objenesis/objenesis/1.0/objenesis-1.0.jar:"/>
    <property name="java.vm.vendor" value="Oracle Corporation"/>
    <property name="sun.arch.data.model" value="64"/>
    <property name="test.build.dir" value="/workdir/hadoop-ozone/tools/target/test-dir"/>
    <property name="test.cache.data" value=""/>
    <property name="java.vendor.url" value="http://java.oracle.com/"/>
    <property name="user.timezone" value=""/>
    <property name="java.vm.specification.version" value="1.8"/>
    <property name="os.name" value="Linux"/>
    <property name="test.build.data" value="/workdir/hadoop-ozone/tools/target/test-dir"/>
    <property name="user.country" value="US"/>
    <property name="sun.java.launcher" value="SUN_STANDARD"/>
    <property name="sun.boot.library.path" value="/usr/lib/jvm/java-1.8.0-openjdk-1.8.0.222.b10-1.el7_7.x86_64/jre/lib/amd64"/>
    <property name="sun.java.command" value="/workdir/hadoop-ozone/tools/target/surefire/surefirebooter6994041194733298219.jar /workdir/hadoop-ozone/tools/target/surefire 2019-10-21T04-15-44_361-jvmRun1 surefire559849526916468549tmp surefire_1065573446941488113281tmp"/>
    <property name="surefire.test.class.path" value="/workdir/hadoop-ozone/tools/target/test-classes:/workdir/hadoop-ozone/tools/target/classes:/home/user/.m2/repository/org/apache/hadoop/hadoop-ozone-ozone-manager/0.5.0-SNAPSHOT/hadoop-ozone-ozone-manager-0.5.0-SNAPSHOT.jar:/home/user/.m2/repository/org/apache/hadoop/hadoop-hdds-docs/0.5.0-SNAPSHOT/hadoop-hdds-docs-0.5.0-SNAPSHOT.jar:/home/user/.m2/repository/org/bouncycastle/bcprov-jdk15on/1.60/bcprov-jdk15on-1.60.jar:/home/user/.m2/repository/org/apache/hadoop/hadoop-ozone-common/0.5.0-SNAPSHOT/hadoop-ozone-common-0.5.0-SNAPSHOT.jar:/home/user/.m2/repository/org/apache/commons/commons-compress/1.4.1/commons-compress-1.4.1.jar:/home/user/.m2/repository/org/tukaani/xz/1.0/xz-1.0.jar:/home/user/.m2/repository/org/apache/hadoop/hadoop-hdfs-client/3.2.0/hadoop-hdfs-client-3.2.0.jar:/home/user/.m2/repository/com/fasterxml/jackson/core/jackson-annotations/2.9.9/jackson-annotations-2.9.9.jar:/home/user/.m2/repository/org/apache/hadoop/hadoop-hdds-common/0.5.0-SNAPSHOT/hadoop-hdds-common-0.5.0-SNAPSHOT.jar:/home/user/.m2/repository/org/apache/hadoop/hadoop-hdds-config/0.5.0-SNAPSHOT/hadoop-hdds-config-0.5.0-SNAPSHOT.jar:/home/user/.m2/repository/javax/annotation/javax.annotation-api/1.2/javax.annotation-api-1.2.jar:/home/user/.m2/repository/org/apache/ratis/ratis-server/0.5.0-ced7dbf-SNAPSHOT/ratis-server-0.5.0-ced7dbf-SNAPSHOT.jar:/home/user/.m2/repository/org/apache/ratis/ratis-thirdparty-misc/0.2.0/ratis-thirdparty-misc-0.2.0.jar:/home/user/.m2/repository/org/apache/ratis/ratis-proto/0.5.0-ced7dbf-SNAPSHOT/ratis-proto-0.5.0-ced7dbf-SNAPSHOT.jar:/home/user/.m2/repository/org/apache/ratis/ratis-common/0.5.0-ced7dbf-SNAPSHOT/ratis-common-0.5.0-ced7dbf-SNAPSHOT.jar:/home/user/.m2/repository/org/apache/ratis/ratis-client/0.5.0-ced7dbf-SNAPSHOT/ratis-client-0.5.0-ced7dbf-SNAPSHOT.jar:/home/user/.m2/repository/org/apache/ratis/ratis-metrics/0.5.0-ced7dbf-SNAPSHOT/ratis-metrics-0.5.0-ced7dbf-SNAPSHOT.jar:/home/user/.m2/repository/org/apache/ratis/ratis-netty/0.5.0-ced7dbf-SNAPSHOT/ratis-netty-0.5.0-ced7dbf-SNAPSHOT.jar:/home/user/.m2/repository/org/apache/ratis/ratis-grpc/0.5.0-ced7dbf-SNAPSHOT/ratis-grpc-0.5.0-ced7dbf-SNAPSHOT.jar:/home/user/.m2/repository/org/rocksdb/rocksdbjni/6.0.1/rocksdbjni-6.0.1.jar:/home/user/.m2/repository/org/apache/logging/log4j/log4j-api/2.11.0/log4j-api-2.11.0.jar:/home/user/.m2/repository/org/apache/logging/log4j/log4j-core/2.11.0/log4j-core-2.11.0.jar:/home/user/.m2/repository/com/lmax/disruptor/3.4.2/disruptor-3.4.2.jar:/home/user/.m2/repository/org/apache/commons/commons-pool2/2.6.0/commons-pool2-2.6.0.jar:/home/user/.m2/repository/org/bouncycastle/bcpkix-jdk15on/1.60/bcpkix-jdk15on-1.60.jar:/home/user/.m2/repository/commons-validator/commons-validator/1.6/commons-validator-1.6.jar:/home/user/.m2/repository/commons-digester/commons-digester/1.8.1/commons-digester-1.8.1.jar:/home/user/.m2/repository/io/jaegertracing/jaeger-client/0.34.0/jaeger-client-0.34.0.jar:/home/user/.m2/repository/io/jaegertracing/jaeger-thrift/0.34.0/jaeger-thrift-0.34.0.jar:/home/user/.m2/repository/org/apache/thrift/libthrift/0.12.0/libthrift-0.12.0.jar:/home/user/.m2/repository/com/squareup/okhttp3/okhttp/3.9.0/okhttp-3.9.0.jar:/home/user/.m2/repository/com/squareup/okio/okio/1.13.0/okio-1.13.0.jar:/home/user/.m2/repository/io/jaegertracing/jaeger-core/0.34.0/jaeger-core-0.34.0.jar:/home/user/.m2/repository/io/jaegertracing/jaeger-tracerresolver/0.34.0/jaeger-tracerresolver-0.34.0.jar:/home/user/.m2/repository/io/opentracing/contrib/opentracing-tracerresolver/0.1.5/opentracing-tracerresolver-0.1.5.jar:/home/user/.m2/repository/io/opentracing/opentracing-util/0.31.0/opentracing-util-0.31.0.jar:/home/user/.m2/repository/io/opentracing/opentracing-api/0.31.0/opentracing-api-0.31.0.jar:/home/user/.m2/repository/io/opentracing/opentracing-noop/0.31.0/opentracing-noop-0.31.0.jar:/home/user/.m2/repository/org/yaml/snakeyaml/1.16/snakeyaml-1.16.jar:/home/user/.m2/repository/org/apache/hadoop/hadoop-hdds-container-service/0.5.0-SNAPSHOT/hadoop-hdds-container-service-0.5.0-SNAPSHOT.jar:/home/user/.m2/repository/org/apache/hadoop/hadoop-hdds-client/0.5.0-SNAPSHOT/hadoop-hdds-client-0.5.0-SNAPSHOT.jar:/home/user/.m2/repository/org/apache/hadoop/hadoop-hdds-tools/0.5.0-SNAPSHOT/hadoop-hdds-tools-0.5.0-SNAPSHOT.jar:/home/user/.m2/repository/org/xerial/sqlite-jdbc/3.25.2/sqlite-jdbc-3.25.2.jar:/home/user/.m2/repository/org/apache/hadoop/hadoop-hdds-server-scm/0.5.0-SNAPSHOT/hadoop-hdds-server-scm-0.5.0-SNAPSHOT.jar:/home/user/.m2/repository/org/hamcrest/hamcrest-all/1.3/hamcrest-all-1.3.jar:/home/user/.m2/repository/info/picocli/picocli/3.9.6/picocli-3.9.6.jar:/home/user/.m2/repository/com/google/protobuf/protobuf-java/2.5.0/protobuf-java-2.5.0.jar:/home/user/.m2/repository/com/google/guava/guava/11.0.2/guava-11.0.2.jar:/home/user/.m2/repository/org/apache/hadoop/hadoop-ozone-client/0.5.0-SNAPSHOT/hadoop-ozone-client-0.5.0-SNAPSHOT.jar:/workdir/hadoop-ozone/ozonefs/target/classes:/home/user/.m2/repository/org/apache/httpcomponents/httpclient/4.5.2/httpclient-4.5.2.jar:/home/user/.m2/repository/org/apache/httpcomponents/httpcore/4.4.4/httpcore-4.4.4.jar:/home/user/.m2/repository/org/apache/hadoop/hadoop-hdds-server-framework/0.5.0-SNAPSHOT/hadoop-hdds-server-framework-0.5.0-SNAPSHOT.jar:/home/user/.m2/repository/org/apache/hadoop/hadoop-common/3.2.0/hadoop-common-3.2.0.jar:/home/user/.m2/repository/org/apache/hadoop/hadoop-annotations/3.2.0/hadoop-annotations-3.2.0.jar:/usr/lib/jvm/java-1.8.0-openjdk-1.8.0.222.b10-1.el7_7.x86_64/jre/../lib/tools.jar:/home/user/.m2/repository/commons-cli/commons-cli/1.2/commons-cli-1.2.jar:/home/user/.m2/repository/org/apache/commons/commons-math3/3.1.1/commons-math3-3.1.1.jar:/home/user/.m2/repository/commons-codec/commons-codec/1.11/commons-codec-1.11.jar:/home/user/.m2/repository/commons-io/commons-io/2.5/commons-io-2.5.jar:/home/user/.m2/repository/commons-net/commons-net/3.6/commons-net-3.6.jar:/home/user/.m2/repository/commons-collections/commons-collections/3.2.2/commons-collections-3.2.2.jar:/home/user/.m2/repository/javax/servlet/javax.servlet-api/3.1.0/javax.servlet-api-3.1.0.jar:/home/user/.m2/repository/org/eclipse/jetty/jetty-server/9.3.25.v20180904/jetty-server-9.3.25.v20180904.jar:/home/user/.m2/repository/org/eclipse/jetty/jetty-http/9.3.25.v20180904/jetty-http-9.3.25.v20180904.jar:/home/user/.m2/repository/org/eclipse/jetty/jetty-io/9.3.25.v20180904/jetty-io-9.3.25.v20180904.jar:/home/user/.m2/repository/org/eclipse/jetty/jetty-util/9.3.25.v20180904/jetty-util-9.3.25.v20180904.jar:/home/user/.m2/repository/org/eclipse/jetty/jetty-servlet/9.3.25.v20180904/jetty-servlet-9.3.25.v20180904.jar:/home/user/.m2/repository/org/eclipse/jetty/jetty-security/9.3.25.v20180904/jetty-security-9.3.25.v20180904.jar:/home/user/.m2/repository/org/eclipse/jetty/jetty-webapp/9.3.25.v20180904/jetty-webapp-9.3.25.v20180904.jar:/home/user/.m2/repository/org/eclipse/jetty/jetty-xml/9.3.25.v20180904/jetty-xml-9.3.25.v20180904.jar:/home/user/.m2/repository/javax/servlet/jsp/jsp-api/2.1/jsp-api-2.1.jar:/home/user/.m2/repository/com/sun/jersey/jersey-core/1.19/jersey-core-1.19.jar:/home/user/.m2/repository/javax/ws/rs/jsr311-api/1.1.1/jsr311-api-1.1.1.jar:/home/user/.m2/repository/com/sun/jersey/jersey-servlet/1.19/jersey-servlet-1.19.jar:/home/user/.m2/repository/com/sun/jersey/jersey-json/1.19/jersey-json-1.19.jar:/home/user/.m2/repository/org/codehaus/jettison/jettison/1.1/jettison-1.1.jar:/home/user/.m2/repository/com/sun/xml/bind/jaxb-impl/2.3.0.1/jaxb-impl-2.3.0.1.jar:/home/user/.m2/repository/org/codehaus/jackson/jackson-core-asl/1.9.13/jackson-core-asl-1.9.13.jar:/home/user/.m2/repository/org/codehaus/jackson/jackson-mapper-asl/1.9.13/jackson-mapper-asl-1.9.13.jar:/home/user/.m2/repository/org/codehaus/jackson/jackson-jaxrs/1.9.13/jackson-jaxrs-1.9.13.jar:/home/user/.m2/repository/org/codehaus/jackson/jackson-xc/1.9.13/jackson-xc-1.9.13.jar:/home/user/.m2/repository/com/sun/jersey/jersey-server/1.19/jersey-server-1.19.jar:/home/user/.m2/repository/commons-logging/commons-logging/1.1.3/commons-logging-1.1.3.jar:/home/user/.m2/repository/log4j/log4j/1.2.17/log4j-1.2.17.jar:/home/user/.m2/repository/commons-beanutils/commons-beanutils/1.9.4/commons-beanutils-1.9.4.jar:/home/user/.m2/repository/org/apache/commons/commons-configuration2/2.1.1/commons-configuration2-2.1.1.jar:/home/user/.m2/repository/org/apache/commons/commons-lang3/3.7/commons-lang3-3.7.jar:/home/user/.m2/repository/org/apache/commons/commons-text/1.4/commons-text-1.4.jar:/home/user/.m2/repository/org/slf4j/slf4j-api/1.7.25/slf4j-api-1.7.25.jar:/home/user/.m2/repository/org/slf4j/slf4j-log4j12/1.7.25/slf4j-log4j12-1.7.25.jar:/home/user/.m2/repository/org/apache/avro/avro/1.7.7/avro-1.7.7.jar:/home/user/.m2/repository/com/thoughtworks/paranamer/paranamer/2.3/paranamer-2.3.jar:/home/user/.m2/repository/org/xerial/snappy/snappy-java/1.0.5/snappy-java-1.0.5.jar:/home/user/.m2/repository/com/google/re2j/re2j/1.1/re2j-1.1.jar:/home/user/.m2/repository/com/google/code/gson/gson/2.2.4/gson-2.2.4.jar:/home/user/.m2/repository/org/apache/hadoop/hadoop-auth/3.2.0/hadoop-auth-3.2.0.jar:/home/user/.m2/repository/com/nimbusds/nimbus-jose-jwt/4.41.1/nimbus-jose-jwt-4.41.1.jar:/home/user/.m2/repository/com/github/stephenc/jcip/jcip-annotations/1.0-1/jcip-annotations-1.0-1.jar:/home/user/.m2/repository/net/minidev/json-smart/2.3/json-smart-2.3.jar:/home/user/.m2/repository/net/minidev/accessors-smart/1.2/accessors-smart-1.2.jar:/home/user/.m2/repository/org/apache/curator/curator-framework/2.12.0/curator-framework-2.12.0.jar:/home/user/.m2/repository/com/jcraft/jsch/0.1.54/jsch-0.1.54.jar:/home/user/.m2/repository/org/apache/curator/curator-client/2.12.0/curator-client-2.12.0.jar:/home/user/.m2/repository/org/apache/curator/curator-recipes/2.12.0/curator-recipes-2.12.0.jar:/home/user/.m2/repository/com/google/code/findbugs/jsr305/3.0.0/jsr305-3.0.0.jar:/home/user/.m2/repository/org/apache/htrace/htrace-core4/4.1.0-incubating/htrace-core4-4.1.0-incubating.jar:/home/user/.m2/repository/org/apache/zookeeper/zookeeper/3.4.13/zookeeper-3.4.13.jar:/home/user/.m2/repository/jline/jline/0.9.94/jline-0.9.94.jar:/home/user/.m2/repository/org/apache/yetus/audience-annotations/0.5.0/audience-annotations-0.5.0.jar:/home/user/.m2/repository/org/apache/kerby/kerb-simplekdc/1.0.1/kerb-simplekdc-1.0.1.jar:/home/user/.m2/repository/org/apache/kerby/kerb-client/1.0.1/kerb-client-1.0.1.jar:/home/user/.m2/repository/org/apache/kerby/kerby-config/1.0.1/kerby-config-1.0.1.jar:/home/user/.m2/repository/org/apache/kerby/kerb-core/1.0.1/kerb-core-1.0.1.jar:/home/user/.m2/repository/org/apache/kerby/kerby-pkix/1.0.1/kerby-pkix-1.0.1.jar:/home/user/.m2/repository/org/apache/kerby/kerby-asn1/1.0.1/kerby-asn1-1.0.1.jar:/home/user/.m2/repository/org/apache/kerby/kerby-util/1.0.1/kerby-util-1.0.1.jar:/home/user/.m2/repository/org/apache/kerby/kerb-common/1.0.1/kerb-common-1.0.1.jar:/home/user/.m2/repository/org/apache/kerby/kerb-crypto/1.0.1/kerb-crypto-1.0.1.jar:/home/user/.m2/repository/org/apache/kerby/kerb-util/1.0.1/kerb-util-1.0.1.jar:/home/user/.m2/repository/org/apache/kerby/token-provider/1.0.1/token-provider-1.0.1.jar:/home/user/.m2/repository/org/apache/kerby/kerb-admin/1.0.1/kerb-admin-1.0.1.jar:/home/user/.m2/repository/org/apache/kerby/kerb-server/1.0.1/kerb-server-1.0.1.jar:/home/user/.m2/repository/org/apache/kerby/kerb-identity/1.0.1/kerb-identity-1.0.1.jar:/home/user/.m2/repository/org/apache/kerby/kerby-xdr/1.0.1/kerby-xdr-1.0.1.jar:/home/user/.m2/repository/com/fasterxml/jackson/core/jackson-databind/2.9.9/jackson-databind-2.9.9.jar:/home/user/.m2/repository/com/fasterxml/jackson/core/jackson-core/2.9.9/jackson-core-2.9.9.jar:/home/user/.m2/repository/org/codehaus/woodstox/stax2-api/3.1.4/stax2-api-3.1.4.jar:/home/user/.m2/repository/com/fasterxml/woodstox/woodstox-core/5.0.3/woodstox-core-5.0.3.jar:/home/user/.m2/repository/dnsjava/dnsjava/2.1.7/dnsjava-2.1.7.jar:/home/user/.m2/repository/org/apache/hadoop/hadoop-hdfs/3.2.0/hadoop-hdfs-3.2.0.jar:/home/user/.m2/repository/org/eclipse/jetty/jetty-util-ajax/9.3.25.v20180904/jetty-util-ajax-9.3.25.v20180904.jar:/home/user/.m2/repository/commons-daemon/commons-daemon/1.0.13/commons-daemon-1.0.13.jar:/home/user/.m2/repository/io/netty/netty/3.10.5.Final/netty-3.10.5.Final.jar:/home/user/.m2/repository/io/netty/netty-all/4.0.52.Final/netty-all-4.0.52.Final.jar:/home/user/.m2/repository/org/fusesource/leveldbjni/leveldbjni-all/1.8/leveldbjni-all-1.8.jar:/home/user/.m2/repository/com/sun/xml/bind/jaxb-core/2.3.0.1/jaxb-core-2.3.0.1.jar:/home/user/.m2/repository/javax/xml/bind/jaxb-api/2.3.0/jaxb-api-2.3.0.jar:/home/user/.m2/repository/javax/activation/activation/1.1.1/activation-1.1.1.jar:/home/user/.m2/repository/org/openjdk/jmh/jmh-core/1.19/jmh-core-1.19.jar:/home/user/.m2/repository/net/sf/jopt-simple/jopt-simple/4.6/jopt-simple-4.6.jar:/home/user/.m2/repository/org/openjdk/jmh/jmh-generator-annprocess/1.19/jmh-generator-annprocess-1.19.jar:/home/user/.m2/repository/io/dropwizard/metrics/metrics-core/3.2.4/metrics-core-3.2.4.jar:/home/user/.m2/repository/com/amazonaws/aws-java-sdk-s3/1.11.615/aws-java-sdk-s3-1.11.615.jar:/home/user/.m2/repository/com/amazonaws/aws-java-sdk-kms/1.11.615/aws-java-sdk-kms-1.11.615.jar:/home/user/.m2/repository/com/amazonaws/aws-java-sdk-core/1.11.615/aws-java-sdk-core-1.11.615.jar:/home/user/.m2/repository/software/amazon/ion/ion-java/1.0.2/ion-java-1.0.2.jar:/home/user/.m2/repository/com/fasterxml/jackson/dataformat/jackson-dataformat-cbor/2.9.9/jackson-dataformat-cbor-2.9.9.jar:/home/user/.m2/repository/joda-time/joda-time/2.9.9/joda-time-2.9.9.jar:/home/user/.m2/repository/com/amazonaws/jmespath-java/1.11.615/jmespath-java-1.11.615.jar:/home/user/.m2/repository/com/github/spotbugs/spotbugs/3.1.12/spotbugs-3.1.12.jar:/home/user/.m2/repository/org/ow2/asm/asm/5.0.4/asm-5.0.4.jar:/home/user/.m2/repository/org/ow2/asm/asm-analysis/7.0/asm-analysis-7.0.jar:/home/user/.m2/repository/org/ow2/asm/asm-commons/7.0/asm-commons-7.0.jar:/home/user/.m2/repository/org/ow2/asm/asm-tree/7.0/asm-tree-7.0.jar:/home/user/.m2/repository/org/ow2/asm/asm-util/7.0/asm-util-7.0.jar:/home/user/.m2/repository/org/apache/bcel/bcel/6.3/bcel-6.3.jar:/home/user/.m2/repository/net/jcip/jcip-annotations/1.0/jcip-annotations-1.0.jar:/home/user/.m2/repository/org/dom4j/dom4j/2.1.1/dom4j-2.1.1.jar:/home/user/.m2/repository/jaxen/jaxen/1.1.6/jaxen-1.1.6.jar:/home/user/.m2/repository/commons-lang/commons-lang/2.6/commons-lang-2.6.jar:/home/user/.m2/repository/com/github/spotbugs/spotbugs-annotations/3.1.12/spotbugs-annotations-3.1.12.jar:/home/user/.m2/repository/junit/junit/4.11/junit-4.11.jar:/home/user/.m2/repository/org/hamcrest/hamcrest-core/1.3/hamcrest-core-1.3.jar:/home/user/.m2/repository/org/apache/hadoop/hadoop-common/3.2.0/hadoop-common-3.2.0-tests.jar:/workdir/hadoop-ozone/integration-test/target/test-classes:/home/user/.m2/repository/org/apache/hadoop/hadoop-ozone-s3gateway/0.5.0-SNAPSHOT/hadoop-ozone-s3gateway-0.5.0-SNAPSHOT.jar:/home/user/.m2/repository/org/jboss/weld/servlet/weld-servlet/2.4.7.Final/weld-servlet-2.4.7.Final.jar:/home/user/.m2/repository/org/glassfish/jersey/containers/jersey-container-servlet-core/2.27/jersey-container-servlet-core-2.27.jar:/home/user/.m2/repository/org/glassfish/hk2/external/javax.inject/2.5.0-b42/javax.inject-2.5.0-b42.jar:/home/user/.m2/repository/org/glassfish/jersey/core/jersey-common/2.27/jersey-common-2.27.jar:/home/user/.m2/repository/org/glassfish/hk2/osgi-resource-locator/1.0.1/osgi-resource-locator-1.0.1.jar:/home/user/.m2/repository/javax/ws/rs/javax.ws.rs-api/2.1/javax.ws.rs-api-2.1.jar:/home/user/.m2/repository/org/glassfish/jersey/ext/cdi/jersey-cdi1x/2.27/jersey-cdi1x-2.27.jar:/home/user/.m2/repository/org/glassfish/jersey/inject/jersey-hk2/2.27/jersey-hk2-2.27.jar:/home/user/.m2/repository/org/glassfish/hk2/hk2-locator/2.5.0-b42/hk2-locator-2.5.0-b42.jar:/home/user/.m2/repository/org/javassist/javassist/3.22.0-CR2/javassist-3.22.0-CR2.jar:/home/user/.m2/repository/org/glassfish/hk2/hk2-api/2.5.0/hk2-api-2.5.0.jar:/home/user/.m2/repository/org/glassfish/hk2/external/jakarta.inject/2.5.0/jakarta.inject-2.5.0.jar:/home/user/.m2/repository/org/glassfish/hk2/hk2-utils/2.5.0/hk2-utils-2.5.0.jar:/home/user/.m2/repository/jakarta/annotation/jakarta.annotation-api/1.3.4/jakarta.annotation-api-1.3.4.jar:/home/user/.m2/repository/org/glassfish/hk2/external/aopalliance-repackaged/2.5.0/aopalliance-repackaged-2.5.0.jar:/home/user/.m2/repository/com/fasterxml/jackson/dataformat/jackson-dataformat-xml/2.9.0/jackson-dataformat-xml-2.9.0.jar:/home/user/.m2/repository/com/fasterxml/jackson/module/jackson-module-jaxb-annotations/2.9.9/jackson-module-jaxb-annotations-2.9.9.jar:/home/user/.m2/repository/javax/enterprise/cdi-api/1.2/cdi-api-1.2.jar:/home/user/.m2/repository/javax/el/javax.el-api/3.0.0/javax.el-api-3.0.0.jar:/home/user/.m2/repository/javax/interceptor/javax.interceptor-api/1.2/javax.interceptor-api-1.2.jar:/home/user/.m2/repository/javax/inject/javax.inject/1/javax.inject-1.jar:/home/user/.m2/repository/org/apache/hadoop/hadoop-ozone-csi/0.5.0-SNAPSHOT/hadoop-ozone-csi-0.5.0-SNAPSHOT.jar:/home/user/.m2/repository/com/google/protobuf/protobuf-java-util/3.5.1/protobuf-java-util-3.5.1.jar:/home/user/.m2/repository/io/grpc/grpc-netty/1.17.1/grpc-netty-1.17.1.jar:/home/user/.m2/repository/io/grpc/grpc-core/1.17.1/grpc-core-1.17.1.jar:/home/user/.m2/repository/io/grpc/grpc-context/1.17.1/grpc-context-1.17.1.jar:/home/user/.m2/repository/com/google/errorprone/error_prone_annotations/2.2.0/error_prone_annotations-2.2.0.jar:/home/user/.m2/repository/org/codehaus/mojo/animal-sniffer-annotations/1.17/animal-sniffer-annotations-1.17.jar:/home/user/.m2/repository/io/opencensus/opencensus-api/0.17.0/opencensus-api-0.17.0.jar:/home/user/.m2/repository/io/opencensus/opencensus-contrib-grpc-metrics/0.17.0/opencensus-contrib-grpc-metrics-0.17.0.jar:/home/user/.m2/repository/io/netty/netty-codec-http2/4.1.30.Final/netty-codec-http2-4.1.30.Final.jar:/home/user/.m2/repository/io/netty/netty-codec-http/4.1.30.Final/netty-codec-http-4.1.30.Final.jar:/home/user/.m2/repository/io/netty/netty-codec/4.1.30.Final/netty-codec-4.1.30.Final.jar:/home/user/.m2/repository/io/netty/netty-handler/4.1.30.Final/netty-handler-4.1.30.Final.jar:/home/user/.m2/repository/io/netty/netty-handler-proxy/4.1.30.Final/netty-handler-proxy-4.1.30.Final.jar:/home/user/.m2/repository/io/netty/netty-codec-socks/4.1.30.Final/netty-codec-socks-4.1.30.Final.jar:/home/user/.m2/repository/io/netty/netty-transport-native-epoll/4.1.30.Final/netty-transport-native-epoll-4.1.30.Final.jar:/home/user/.m2/repository/io/netty/netty-common/4.1.30.Final/netty-common-4.1.30.Final.jar:/home/user/.m2/repository/io/netty/netty-buffer/4.1.30.Final/netty-buffer-4.1.30.Final.jar:/home/user/.m2/repository/io/netty/netty-transport/4.1.30.Final/netty-transport-4.1.30.Final.jar:/home/user/.m2/repository/io/netty/netty-resolver/4.1.30.Final/netty-resolver-4.1.30.Final.jar:/home/user/.m2/repository/io/netty/netty-transport-native-unix-common/4.1.30.Final/netty-transport-native-unix-common-4.1.30.Final.jar:/home/user/.m2/repository/io/grpc/grpc-protobuf/1.17.1/grpc-protobuf-1.17.1.jar:/home/user/.m2/repository/com/google/api/grpc/proto-google-common-protos/1.0.0/proto-google-common-protos-1.0.0.jar:/home/user/.m2/repository/io/grpc/grpc-protobuf-lite/1.17.1/grpc-protobuf-lite-1.17.1.jar:/home/user/.m2/repository/io/grpc/grpc-stub/1.17.1/grpc-stub-1.17.1.jar:/home/user/.m2/repository/org/apache/hadoop/hadoop-ozone-recon/0.5.0-SNAPSHOT/hadoop-ozone-recon-0.5.0-SNAPSHOT.jar:/home/user/.m2/repository/org/apache/hadoop/hadoop-ozone-reconcodegen/0.5.0-SNAPSHOT/hadoop-ozone-reconcodegen-0.5.0-SNAPSHOT.jar:/home/user/.m2/repository/com/google/inject/extensions/guice-multibindings/4.0/guice-multibindings-4.0.jar:/home/user/.m2/repository/com/google/inject/guice/4.0/guice-4.0.jar:/home/user/.m2/repository/aopalliance/aopalliance/1.0/aopalliance-1.0.jar:/home/user/.m2/repository/com/google/inject/extensions/guice-servlet/4.0/guice-servlet-4.0.jar:/home/user/.m2/repository/org/glassfish/jersey/containers/jersey-container-servlet/2.27/jersey-container-servlet-2.27.jar:/home/user/.m2/repository/org/glassfish/hk2/guice-bridge/2.5.0/guice-bridge-2.5.0.jar:/home/user/.m2/repository/org/glassfish/jersey/core/jersey-server/2.27/jersey-server-2.27.jar:/home/user/.m2/repository/org/glassfish/jersey/core/jersey-client/2.27/jersey-client-2.27.jar:/home/user/.m2/repository/org/glassfish/jersey/media/jersey-media-jaxb/2.27/jersey-media-jaxb-2.27.jar:/home/user/.m2/repository/javax/validation/validation-api/1.1.0.Final/validation-api-1.1.0.Final.jar:/home/user/.m2/repository/org/glassfish/jersey/media/jersey-media-json-jackson/2.27/jersey-media-json-jackson-2.27.jar:/home/user/.m2/repository/org/glassfish/jersey/ext/jersey-entity-filtering/2.27/jersey-entity-filtering-2.27.jar:/home/user/.m2/repository/com/google/inject/extensions/guice-assistedinject/4.0/guice-assistedinject-4.0.jar:/home/user/.m2/repository/org/jooq/jooq/3.11.10/jooq-3.11.10.jar:/home/user/.m2/repository/org/jooq/jooq-meta/3.11.10/jooq-meta-3.11.10.jar:/home/user/.m2/repository/org/jooq/jooq-codegen/3.11.10/jooq-codegen-3.11.10.jar:/home/user/.m2/repository/com/jolbox/bonecp/0.8.0.RELEASE/bonecp-0.8.0.RELEASE.jar:/home/user/.m2/repository/org/springframework/spring-jdbc/5.1.3.RELEASE/spring-jdbc-5.1.3.RELEASE.jar:/home/user/.m2/repository/org/springframework/spring-beans/5.1.3.RELEASE/spring-beans-5.1.3.RELEASE.jar:/home/user/.m2/repository/org/springframework/spring-core/5.1.3.RELEASE/spring-core-5.1.3.RELEASE.jar:/home/user/.m2/repository/org/springframework/spring-jcl/5.1.3.RELEASE/spring-jcl-5.1.3.RELEASE.jar:/home/user/.m2/repository/org/springframework/spring-tx/5.1.3.RELEASE/spring-tx-5.1.3.RELEASE.jar:/home/user/.m2/repository/org/mockito/mockito-core/2.15.0/mockito-core-2.15.0.jar:/home/user/.m2/repository/net/bytebuddy/byte-buddy/1.7.9/byte-buddy-1.7.9.jar:/home/user/.m2/repository/net/bytebuddy/byte-buddy-agent/1.7.9/byte-buddy-agent-1.7.9.jar:/home/user/.m2/repository/org/objenesis/objenesis/1.0/objenesis-1.0.jar:"/>
    <property name="sun.cpu.endian" value="little"/>
    <property name="user.home" value="/home/user"/>
    <property name="user.language" value="en"/>
    <property name="java.specification.vendor" value="Oracle Corporation"/>
    <property name="java.home" value="/usr/lib/jvm/java-1.8.0-openjdk-1.8.0.222.b10-1.el7_7.x86_64/jre"/>
    <property name="surefire.excludesFile" value="/tools/ozone-bad-unit-tests"/>
    <property name="java.security.krb5.conf" value="/workdir/hadoop-ozone/tools/target/test-classes/krb5.conf"/>
    <property name="basedir" value="/workdir/hadoop-ozone/tools"/>
    <property name="file.separator" value="/"/>
    <property name="line.separator" value="&#10;"/>
    <property name="java.vm.specification.vendor" value="Oracle Corporation"/>
    <property name="java.specification.name" value="Java Platform API Specification"/>
    <property name="java.awt.graphicsenv" value="sun.awt.X11GraphicsEnvironment"/>
    <property name="surefire.real.class.path" value="/workdir/hadoop-ozone/tools/target/surefire/surefirebooter6994041194733298219.jar"/>
    <property name="hadoop.log.dir" value="/workdir/hadoop-ozone/tools/target/log"/>
    <property name="sun.boot.class.path" value="/usr/lib/jvm/java-1.8.0-openjdk-1.8.0.222.b10-1.el7_7.x86_64/jre/lib/resources.jar:/usr/lib/jvm/java-1.8.0-openjdk-1.8.0.222.b10-1.el7_7.x86_64/jre/lib/rt.jar:/usr/lib/jvm/java-1.8.0-openjdk-1.8.0.222.b10-1.el7_7.x86_64/jre/lib/sunrsasign.jar:/usr/lib/jvm/java-1.8.0-openjdk-1.8.0.222.b10-1.el7_7.x86_64/jre/lib/jsse.jar:/usr/lib/jvm/java-1.8.0-openjdk-1.8.0.222.b10-1.el7_7.x86_64/jre/lib/jce.jar:/usr/lib/jvm/java-1.8.0-openjdk-1.8.0.222.b10-1.el7_7.x86_64/jre/lib/charsets.jar:/usr/lib/jvm/java-1.8.0-openjdk-1.8.0.222.b10-1.el7_7.x86_64/jre/lib/jfr.jar:/usr/lib/jvm/java-1.8.0-openjdk-1.8.0.222.b10-1.el7_7.x86_64/jre/classes"/>
    <property name="sun.management.compiler" value="HotSpot 64-Bit Tiered Compilers"/>
    <property name="java.runtime.version" value="1.8.0_222-b10"/>
    <property name="java.net.preferIPv4Stack" value="true"/>
    <property name="user.name" value="jenkins1000"/>
    <property name="path.separator" value=":"/>
    <property name="java.security.egd" value="file:///dev/urandom"/>
    <property name="os.version" value="3.10.0-957.12.2.el7.x86_64"/>
    <property name="java.endorsed.dirs" value="/usr/lib/jvm/java-1.8.0-openjdk-1.8.0.222.b10-1.el7_7.x86_64/jre/lib/endorsed"/>
    <property name="java.runtime.name" value="OpenJDK Runtime Environment"/>
    <property name="file.encoding" value="ANSI_X3.4-1968"/>
    <property name="java.vm.name" value="OpenJDK 64-Bit Server VM"/>
    <property name="test.build.webapps" value=""/>
    <property name="localRepository" value="/home/user/.m2/repository"/>
    <property name="java.vendor.url.bug" value="http://bugreport.sun.com/bugreport/"/>
    <property name="java.io.tmpdir" value="/tmp"/>
    <property name="require.test.libhadoop" value=""/>
    <property name="java.version" value="1.8.0_222"/>
    <property name="user.dir" value="/workdir/hadoop-ozone/tools"/>
    <property name="os.arch" value="amd64"/>
    <property name="java.vm.specification.name" value="Java Virtual Machine Specification"/>
    <property name="test.build.classes" value="/workdir/hadoop-ozone/tools/target/test-classes"/>
    <property name="java.awt.printerjob" value="sun.print.PSPrinterJob"/>
    <property name="sun.os.patch.level" value="unknown"/>
    <property name="hadoop.tmp.dir" value="/workdir/hadoop-ozone/tools/target/tmp"/>
    <property name="java.library.path" value="/usr/lib:/workdir/hadoop-ozone/tools/target/native/target/usr/local/lib:/workdir/hadoop-ozone/tools/../../hadoop-common-project/hadoop-common/target/native/target/usr/local/lib:/usr/java/packages/lib/amd64:/usr/lib64:/lib64:/lib:/usr/lib"/>
    <property name="java.vm.info" value="mixed mode"/>
    <property name="java.vendor" value="Oracle Corporation"/>
    <property name="java.vm.version" value="25.222-b10"/>
    <property name="java.ext.dirs" value="/usr/lib/jvm/java-1.8.0-openjdk-1.8.0.222.b10-1.el7_7.x86_64/jre/lib/ext:/usr/java/packages/lib/ext"/>
    <property name="sun.io.unicode.encoding" value="UnicodeLittle"/>
    <property name="java.class.version" value="52.0"/>
  </properties>
  <testcase name="validateWriteTest" classname="org.apache.hadoop.ozone.freon.TestDataValidateWithDummyContainers" time="0.001"/>
  <testcase name="ratisTestLargeKey" classname="org.apache.hadoop.ozone.freon.TestDataValidateWithDummyContainers" time="75.945">
    <error message="Allocated 0 blocks. Requested 1 blocks" type="INTERNAL_ERROR org.apache.hadoop.ozone.om.exceptions.OMException">INTERNAL_ERROR org.apache.hadoop.ozone.om.exceptions.OMException: Allocated 0 blocks. Requested 1 blocks
	at org.apache.hadoop.ozone.om.protocolPB.OzoneManagerProtocolClientSideTranslatorPB.handleError(OzoneManagerProtocolClientSideTranslatorPB.java:732)
	at org.apache.hadoop.ozone.om.protocolPB.OzoneManagerProtocolClientSideTranslatorPB.allocateBlock(OzoneManagerProtocolClientSideTranslatorPB.java:764)
	at sun.reflect.NativeMethodAccessorImpl.invoke0(Native Method)
	at sun.reflect.NativeMethodAccessorImpl.invoke(NativeMethodAccessorImpl.java:62)
	at sun.reflect.DelegatingMethodAccessorImpl.invoke(DelegatingMethodAccessorImpl.java:43)
	at java.lang.reflect.Method.invoke(Method.java:498)
	at org.apache.hadoop.hdds.tracing.TraceAllMethod.invoke(TraceAllMethod.java:66)
	at com.sun.proxy.$Proxy37.allocateBlock(Unknown Source)
	at org.apache.hadoop.ozone.client.io.BlockOutputStreamEntryPool.allocateNewBlock(BlockOutputStreamEntryPool.java:258)
	at org.apache.hadoop.ozone.client.io.BlockOutputStreamEntryPool.allocateBlockIfNeeded(BlockOutputStreamEntryPool.java:306)
	at org.apache.hadoop.ozone.client.io.KeyOutputStream.handleWrite(KeyOutputStream.java:198)
	at org.apache.hadoop.ozone.client.io.KeyOutputStream.handleRetry(KeyOutputStream.java:375)
	at org.apache.hadoop.ozone.client.io.KeyOutputStream.handleException(KeyOutputStream.java:324)
	at org.apache.hadoop.ozone.client.io.KeyOutputStream.handleWrite(KeyOutputStream.java:228)
	at org.apache.hadoop.ozone.client.io.KeyOutputStream.write(KeyOutputStream.java:190)
	at org.apache.hadoop.ozone.client.io.OzoneOutputStream.write(OzoneOutputStream.java:49)
	at org.apache.hadoop.ozone.freon.RandomKeyGenerator.createKey(RandomKeyGenerator.java:708)
	at org.apache.hadoop.ozone.freon.RandomKeyGenerator.access$1100(RandomKeyGenerator.java:88)
	at org.apache.hadoop.ozone.freon.RandomKeyGenerator$ObjectCreator.run(RandomKeyGenerator.java:615)
	at java.util.concurrent.Executors$RunnableAdapter.call(Executors.java:511)
	at java.util.concurrent.FutureTask.run(FutureTask.java:266)
	at java.util.concurrent.ThreadPoolExecutor.runWorker(ThreadPoolExecutor.java:1149)
	at java.util.concurrent.ThreadPoolExecutor$Worker.run(ThreadPoolExecutor.java:624)
	at java.lang.Thread.run(Thread.java:748)
</error>
    <system-out><![CDATA[2019-10-21 06:38:59,894 [main] INFO  freon.RandomKeyGenerator (RandomKeyGenerator.java:call(258)) - Override validateWrites to false, because hdds.container.chunk.persistdata is set to false.
2019-10-21 06:39:00,749 [main] INFO  freon.RandomKeyGenerator (RandomKeyGenerator.java:call(283)) - Number of Threads: 10
2019-10-21 06:39:00,750 [main] INFO  freon.RandomKeyGenerator (RandomKeyGenerator.java:call(288)) - Number of Volumes: 1.
2019-10-21 06:39:00,751 [main] INFO  freon.RandomKeyGenerator (RandomKeyGenerator.java:call(289)) - Number of Buckets per Volume: 1.
2019-10-21 06:39:00,751 [main] INFO  freon.RandomKeyGenerator (RandomKeyGenerator.java:call(290)) - Number of Keys per Bucket: 1.
2019-10-21 06:39:00,751 [main] INFO  freon.RandomKeyGenerator (RandomKeyGenerator.java:call(291)) - Key size: 20971520 bytes
2019-10-21 06:39:00,751 [main] INFO  freon.RandomKeyGenerator (RandomKeyGenerator.java:call(292)) - Buffer size: 4096 bytes
2019-10-21 06:39:00,751 [main] INFO  freon.RandomKeyGenerator (RandomKeyGenerator.java:call(293)) - validateWrites : false
2019-10-21 06:39:00,757 [main] INFO  freon.RandomKeyGenerator (RandomKeyGenerator.java:call(313)) - Starting progress bar Thread.

 0.00% |?                                                                                                    |  0/1 Time: 0:00:002019-10-21 06:39:00,787 [pool-73-thread-1] INFO  rpc.RpcClient (RpcClient.java:createVolume(272)) - Creating Volume: vol-0-08745, with jenkins1000 as owner.
2019-10-21 06:39:00,888 [IPC Server handler 16 on 43339] INFO  volume.OMVolumeCreateRequest (OMVolumeCreateRequest.java:validateAndUpdateCache(193)) - created volume:vol-0-08745 for user:jenkins1000
2019-10-21 06:39:00,918 [pool-73-thread-2] INFO  rpc.RpcClient (RpcClient.java:createBucket(411)) - Creating Bucket: vol-0-08745/bucket-0-36870, with Versioning false and Storage Type set to DISK and Encryption set to false 
2019-10-21 06:39:01,095 [pool-73-thread-3] INFO  impl.MetricsSystemImpl (MetricsSystemImpl.java:init(158)) - XceiverClientMetrics metrics system started (again)
 0.00% |?                                                                                                    |  0/1 Time: 0:00:01 0.00% |?                                                                                                    |  0/1 Time: 0:00:02 0.00% |?                                                                                                    |  0/1 Time: 0:00:032019-10-21 06:39:04,478 [Thread-285] INFO  impl.FollowerState (FollowerState.java:run(111)) - 7f816ce6-81b3-454f-8cd3-78a87910d122@group-877C4825A4D0-FollowerState: change to CANDIDATE, lastRpcTime:5007ms, electionTimeout:5007ms
2019-10-21 06:39:04,478 [Thread-285] INFO  impl.RoleInfo (RoleInfo.java:shutdownFollowerState(121)) - 7f816ce6-81b3-454f-8cd3-78a87910d122: shutdown FollowerState
2019-10-21 06:39:04,478 [Thread-285] INFO  impl.RaftServerImpl (RaftServerImpl.java:setRole(173)) - 7f816ce6-81b3-454f-8cd3-78a87910d122@group-877C4825A4D0: changes role from  FOLLOWER to CANDIDATE at term 1 for changeToCandidate
2019-10-21 06:39:04,479 [Thread-285] INFO  impl.RoleInfo (RoleInfo.java:updateAndGet(143)) - 7f816ce6-81b3-454f-8cd3-78a87910d122: start LeaderElection
2019-10-21 06:39:04,492 [Thread-287] INFO  impl.FollowerState (FollowerState.java:run(111)) - 7208b4d2-b488-44f5-9c2c-e18614d3c8fc@group-877C4825A4D0-FollowerState: change to CANDIDATE, lastRpcTime:5007ms, electionTimeout:5007ms
2019-10-21 06:39:04,492 [Thread-287] INFO  impl.RoleInfo (RoleInfo.java:shutdownFollowerState(121)) - 7208b4d2-b488-44f5-9c2c-e18614d3c8fc: shutdown FollowerState
2019-10-21 06:39:04,492 [Thread-287] INFO  impl.RaftServerImpl (RaftServerImpl.java:setRole(173)) - 7208b4d2-b488-44f5-9c2c-e18614d3c8fc@group-877C4825A4D0: changes role from  FOLLOWER to CANDIDATE at term 1 for changeToCandidate
2019-10-21 06:39:04,492 [Thread-287] INFO  impl.RoleInfo (RoleInfo.java:updateAndGet(143)) - 7208b4d2-b488-44f5-9c2c-e18614d3c8fc: start LeaderElection
2019-10-21 06:39:04,495 [7f816ce6-81b3-454f-8cd3-78a87910d122@group-877C4825A4D0-LeaderElection9] INFO  impl.LeaderElection (LeaderElection.java:askForVotes(178)) - 7f816ce6-81b3-454f-8cd3-78a87910d122@group-877C4825A4D0-LeaderElection9: begin an election at term 2 for -1: [7f816ce6-81b3-454f-8cd3-78a87910d122:192.168.164.197:44856, 7208b4d2-b488-44f5-9c2c-e18614d3c8fc:192.168.164.197:42802, 066dad1a-b609-40a4-ad71-a0638f6dd1ec:192.168.164.197:32946], old=null
2019-10-21 06:39:04,497 [7208b4d2-b488-44f5-9c2c-e18614d3c8fc@group-877C4825A4D0-LeaderElection10] INFO  impl.LeaderElection (LeaderElection.java:askForVotes(178)) - 7208b4d2-b488-44f5-9c2c-e18614d3c8fc@group-877C4825A4D0-LeaderElection10: begin an election at term 2 for -1: [7f816ce6-81b3-454f-8cd3-78a87910d122:192.168.164.197:44856, 7208b4d2-b488-44f5-9c2c-e18614d3c8fc:192.168.164.197:42802, 066dad1a-b609-40a4-ad71-a0638f6dd1ec:192.168.164.197:32946], old=null
2019-10-21 06:39:04,500 [grpc-default-executor-4] INFO  impl.RaftServerImpl (RaftServerImpl.java:setRole(173)) - 066dad1a-b609-40a4-ad71-a0638f6dd1ec@group-877C4825A4D0: changes role from  FOLLOWER to FOLLOWER at term 2 for recognizeCandidate:7f816ce6-81b3-454f-8cd3-78a87910d122
2019-10-21 06:39:04,501 [grpc-default-executor-4] INFO  impl.RoleInfo (RoleInfo.java:shutdownFollowerState(121)) - 066dad1a-b609-40a4-ad71-a0638f6dd1ec: shutdown FollowerState
2019-10-21 06:39:04,501 [Thread-286] INFO  impl.FollowerState (FollowerState.java:run(120)) - 066dad1a-b609-40a4-ad71-a0638f6dd1ec@group-877C4825A4D0-FollowerState was interrupted: java.lang.InterruptedException: sleep interrupted
2019-10-21 06:39:04,501 [grpc-default-executor-4] INFO  impl.RoleInfo (RoleInfo.java:updateAndGet(143)) - 066dad1a-b609-40a4-ad71-a0638f6dd1ec: start FollowerState
2019-10-21 06:39:04,523 [7f816ce6-81b3-454f-8cd3-78a87910d122@group-877C4825A4D0-LeaderElection9] INFO  impl.LeaderElection (LeaderElection.java:logAndReturn(56)) - 7f816ce6-81b3-454f-8cd3-78a87910d122@group-877C4825A4D0-LeaderElection9: Election PASSED; received 2 response(s) [7f816ce6-81b3-454f-8cd3-78a87910d122<-7208b4d2-b488-44f5-9c2c-e18614d3c8fc#0:FAIL-t2, 7f816ce6-81b3-454f-8cd3-78a87910d122<-066dad1a-b609-40a4-ad71-a0638f6dd1ec#0:OK-t2] and 0 exception(s); 7f816ce6-81b3-454f-8cd3-78a87910d122@group-877C4825A4D0:t2, leader=null, voted=7f816ce6-81b3-454f-8cd3-78a87910d122, raftlog=7f816ce6-81b3-454f-8cd3-78a87910d122@group-877C4825A4D0-SegmentedRaftLog:OPENED:c-1,f-1,i0, conf=-1: [7f816ce6-81b3-454f-8cd3-78a87910d122:192.168.164.197:44856, 7208b4d2-b488-44f5-9c2c-e18614d3c8fc:192.168.164.197:42802, 066dad1a-b609-40a4-ad71-a0638f6dd1ec:192.168.164.197:32946], old=null
2019-10-21 06:39:04,523 [7f816ce6-81b3-454f-8cd3-78a87910d122@group-877C4825A4D0-LeaderElection9] INFO  impl.RoleInfo (RoleInfo.java:shutdownLeaderElection(134)) - 7f816ce6-81b3-454f-8cd3-78a87910d122: shutdown LeaderElection
2019-10-21 06:39:04,525 [7208b4d2-b488-44f5-9c2c-e18614d3c8fc@group-877C4825A4D0-LeaderElection10] INFO  impl.LeaderElection (LeaderElection.java:logAndReturn(56)) - 7208b4d2-b488-44f5-9c2c-e18614d3c8fc@group-877C4825A4D0-LeaderElection10: Election REJECTED; received 2 response(s) [7208b4d2-b488-44f5-9c2c-e18614d3c8fc<-7f816ce6-81b3-454f-8cd3-78a87910d122#0:FAIL-t2, 7208b4d2-b488-44f5-9c2c-e18614d3c8fc<-066dad1a-b609-40a4-ad71-a0638f6dd1ec#0:FAIL-t2] and 0 exception(s); 7208b4d2-b488-44f5-9c2c-e18614d3c8fc@group-877C4825A4D0:t2, leader=null, voted=7208b4d2-b488-44f5-9c2c-e18614d3c8fc, raftlog=7208b4d2-b488-44f5-9c2c-e18614d3c8fc@group-877C4825A4D0-SegmentedRaftLog:OPENED:c-1,f-1,i0, conf=-1: [7f816ce6-81b3-454f-8cd3-78a87910d122:192.168.164.197:44856, 7208b4d2-b488-44f5-9c2c-e18614d3c8fc:192.168.164.197:42802, 066dad1a-b609-40a4-ad71-a0638f6dd1ec:192.168.164.197:32946], old=null
2019-10-21 06:39:04,525 [7f816ce6-81b3-454f-8cd3-78a87910d122@group-877C4825A4D0-LeaderElection9] INFO  impl.RaftServerImpl (RaftServerImpl.java:setRole(173)) - 7f816ce6-81b3-454f-8cd3-78a87910d122@group-877C4825A4D0: changes role from CANDIDATE to LEADER at term 2 for changeToLeader
2019-10-21 06:39:04,526 [7208b4d2-b488-44f5-9c2c-e18614d3c8fc@group-877C4825A4D0-LeaderElection10] INFO  impl.RaftServerImpl (RaftServerImpl.java:setRole(173)) - 7208b4d2-b488-44f5-9c2c-e18614d3c8fc@group-877C4825A4D0: changes role from CANDIDATE to FOLLOWER at term 2 for DISCOVERED_A_NEW_TERM
2019-10-21 06:39:04,527 [7208b4d2-b488-44f5-9c2c-e18614d3c8fc@group-877C4825A4D0-LeaderElection10] INFO  impl.RoleInfo (RoleInfo.java:shutdownLeaderElection(134)) - 7208b4d2-b488-44f5-9c2c-e18614d3c8fc: shutdown LeaderElection
2019-10-21 06:39:04,527 [7f816ce6-81b3-454f-8cd3-78a87910d122@group-877C4825A4D0-LeaderElection9] INFO  ratis.XceiverServerRatis (XceiverServerRatis.java:handleLeaderChangedNotification(701)) - Leader change notification received for group: group-877C4825A4D0 with new leaderId: 7f816ce6-81b3-454f-8cd3-78a87910d122
2019-10-21 06:39:04,528 [7208b4d2-b488-44f5-9c2c-e18614d3c8fc@group-877C4825A4D0-LeaderElection10] INFO  impl.RoleInfo (RoleInfo.java:updateAndGet(143)) - 7208b4d2-b488-44f5-9c2c-e18614d3c8fc: start FollowerState
2019-10-21 06:39:04,528 [7f816ce6-81b3-454f-8cd3-78a87910d122@group-877C4825A4D0-LeaderElection9] INFO  impl.RaftServerImpl (ServerState.java:setLeader(255)) - 7f816ce6-81b3-454f-8cd3-78a87910d122@group-877C4825A4D0: change Leader from null to 7f816ce6-81b3-454f-8cd3-78a87910d122 at term 2 for becomeLeader, leader elected after 10185ms
2019-10-21 06:39:04,529 [7f816ce6-81b3-454f-8cd3-78a87910d122@group-877C4825A4D0-LeaderElection9] INFO  server.RaftServerConfigKeys (ConfUtils.java:logGet(43)) - raft.server.staging.catchup.gap = 1000 (default)
2019-10-21 06:39:04,529 [7f816ce6-81b3-454f-8cd3-78a87910d122@group-877C4825A4D0-LeaderElection9] INFO  server.RaftServerConfigKeys (ConfUtils.java:logGet(43)) - raft.server.rpc.sleep.time = 25ms (default)
2019-10-21 06:39:04,529 [7f816ce6-81b3-454f-8cd3-78a87910d122@group-877C4825A4D0-LeaderElection9] INFO  server.RaftServerConfigKeys (ConfUtils.java:logGet(43)) - raft.server.write.element-limit = 4096 (default)
2019-10-21 06:39:04,529 [7f816ce6-81b3-454f-8cd3-78a87910d122@group-877C4825A4D0-LeaderElection9] INFO  server.RaftServerConfigKeys (ConfUtils.java:logGet(43)) - raft.server.watch.timeout = 10s (default)
2019-10-21 06:39:04,529 [7f816ce6-81b3-454f-8cd3-78a87910d122@group-877C4825A4D0-LeaderElection9] INFO  server.RaftServerConfigKeys (ConfUtils.java:logGet(43)) - raft.server.watch.timeout.denomination = 1s (default)
2019-10-21 06:39:04,530 [7f816ce6-81b3-454f-8cd3-78a87910d122@group-877C4825A4D0-LeaderElection9] INFO  server.RaftServerConfigKeys (ConfUtils.java:logGet(43)) - raft.server.watch.element-limit = 65536 (default)
2019-10-21 06:39:04,533 [7f816ce6-81b3-454f-8cd3-78a87910d122@group-877C4825A4D0-LeaderElection9] INFO  server.RaftServerConfigKeys (ConfUtils.java:logGet(43)) - raft.server.log.appender.snapshot.chunk.size.max = 16MB (=16777216) (default)
2019-10-21 06:39:04,533 [7f816ce6-81b3-454f-8cd3-78a87910d122@group-877C4825A4D0-LeaderElection9] INFO  server.RaftServerConfigKeys (ConfUtils.java:logGet(43)) - raft.server.log.appender.buffer.byte-limit = 33554432 (custom)
2019-10-21 06:39:04,534 [7f816ce6-81b3-454f-8cd3-78a87910d122@group-877C4825A4D0-LeaderElection9] INFO  server.RaftServerConfigKeys (ConfUtils.java:logGet(43)) - raft.server.log.appender.buffer.element-limit = 1 (custom)
2019-10-21 06:39:04,538 [7f816ce6-81b3-454f-8cd3-78a87910d122@group-877C4825A4D0-LeaderElection9] INFO  grpc.GrpcConfigKeys$Server (ConfUtils.java:logGet(43)) - raft.grpc.server.leader.outstanding.appends.max = 128 (default)
2019-10-21 06:39:04,538 [7f816ce6-81b3-454f-8cd3-78a87910d122@group-877C4825A4D0-LeaderElection9] INFO  server.RaftServerConfigKeys (ConfUtils.java:logGet(43)) - raft.server.rpc.request.timeout = 3000ms (default)
2019-10-21 06:39:04,538 [7f816ce6-81b3-454f-8cd3-78a87910d122@group-877C4825A4D0-LeaderElection9] INFO  server.RaftServerConfigKeys (ConfUtils.java:logGet(43)) - raft.server.log.appender.install.snapshot.enabled = false (custom)
2019-10-21 06:39:04,540 [7f816ce6-81b3-454f-8cd3-78a87910d122@group-877C4825A4D0-LeaderElection9] WARN  impl.MetricRegistriesImpl (MetricRegistriesImpl.java:lambda$create$1(61)) - First MetricRegistry has been created without registering reporters. You may need to call MetricRegistries.global().addReportRegistration(...) before.
2019-10-21 06:39:04,541 [7f816ce6-81b3-454f-8cd3-78a87910d122@group-877C4825A4D0-LeaderElection9] INFO  server.RaftServerConfigKeys (ConfUtils.java:logGet(43)) - raft.server.log.appender.snapshot.chunk.size.max = 16MB (=16777216) (default)
2019-10-21 06:39:04,541 [7f816ce6-81b3-454f-8cd3-78a87910d122@group-877C4825A4D0-LeaderElection9] INFO  server.RaftServerConfigKeys (ConfUtils.java:logGet(43)) - raft.server.log.appender.buffer.byte-limit = 33554432 (custom)
2019-10-21 06:39:04,541 [7f816ce6-81b3-454f-8cd3-78a87910d122@group-877C4825A4D0-LeaderElection9] INFO  server.RaftServerConfigKeys (ConfUtils.java:logGet(43)) - raft.server.log.appender.buffer.element-limit = 1 (custom)
2019-10-21 06:39:04,541 [7f816ce6-81b3-454f-8cd3-78a87910d122@group-877C4825A4D0-LeaderElection9] INFO  grpc.GrpcConfigKeys$Server (ConfUtils.java:logGet(43)) - raft.grpc.server.leader.outstanding.appends.max = 128 (default)
2019-10-21 06:39:04,541 [7f816ce6-81b3-454f-8cd3-78a87910d122@group-877C4825A4D0-LeaderElection9] INFO  server.RaftServerConfigKeys (ConfUtils.java:logGet(43)) - raft.server.rpc.request.timeout = 3000ms (default)
2019-10-21 06:39:04,541 [7f816ce6-81b3-454f-8cd3-78a87910d122@group-877C4825A4D0-LeaderElection9] INFO  server.RaftServerConfigKeys (ConfUtils.java:logGet(43)) - raft.server.log.appender.install.snapshot.enabled = false (custom)
2019-10-21 06:39:04,543 [7f816ce6-81b3-454f-8cd3-78a87910d122@group-877C4825A4D0-LeaderElection9] INFO  impl.RoleInfo (RoleInfo.java:updateAndGet(143)) - 7f816ce6-81b3-454f-8cd3-78a87910d122: start LeaderState
2019-10-21 06:39:04,543 [7f816ce6-81b3-454f-8cd3-78a87910d122@group-877C4825A4D0-LeaderElection9] INFO  segmented.SegmentedRaftLogWorker (SegmentedRaftLogWorker.java:startLogSegment(385)) - 7f816ce6-81b3-454f-8cd3-78a87910d122@group-877C4825A4D0-SegmentedRaftLogWorker: Starting segment from index:0
2019-10-21 06:39:04,544 [7f816ce6-81b3-454f-8cd3-78a87910d122@group-877C4825A4D0-LeaderElection9] INFO  impl.RaftServerImpl (ServerState.java:setRaftConf(356)) - 7f816ce6-81b3-454f-8cd3-78a87910d122@group-877C4825A4D0: set configuration 0: [7f816ce6-81b3-454f-8cd3-78a87910d122:192.168.164.197:44856, 7208b4d2-b488-44f5-9c2c-e18614d3c8fc:192.168.164.197:42802, 066dad1a-b609-40a4-ad71-a0638f6dd1ec:192.168.164.197:32946], old=null at 0
2019-10-21 06:39:04,582 [7f816ce6-81b3-454f-8cd3-78a87910d122@group-877C4825A4D0-SegmentedRaftLogWorker] INFO  segmented.SegmentedRaftLogWorker (SegmentedRaftLogWorker.java:execute(576)) - 7f816ce6-81b3-454f-8cd3-78a87910d122@group-877C4825A4D0-SegmentedRaftLogWorker: created new log segment /workdir/hadoop-ozone/tools/target/test-dir/MiniOzoneClusterImpl-8717db3f-0eb2-4395-b9de-2c3de56d4d35/datanode-1/data/ratis/b88f4de2-2f32-42b0-bd1a-877c4825a4d0/current/log_inprogress_0
2019-10-21 06:39:04,588 [grpc-default-executor-2] INFO  ratis.XceiverServerRatis (XceiverServerRatis.java:handleLeaderChangedNotification(701)) - Leader change notification received for group: group-877C4825A4D0 with new leaderId: 7f816ce6-81b3-454f-8cd3-78a87910d122
2019-10-21 06:39:04,588 [grpc-default-executor-4] INFO  ratis.XceiverServerRatis (XceiverServerRatis.java:handleLeaderChangedNotification(701)) - Leader change notification received for group: group-877C4825A4D0 with new leaderId: 7f816ce6-81b3-454f-8cd3-78a87910d122
2019-10-21 06:39:04,588 [grpc-default-executor-2] INFO  impl.RaftServerImpl (ServerState.java:setLeader(255)) - 066dad1a-b609-40a4-ad71-a0638f6dd1ec@group-877C4825A4D0: change Leader from null to 7f816ce6-81b3-454f-8cd3-78a87910d122 at term 2 for appendEntries, leader elected after 10247ms
2019-10-21 06:39:04,589 [grpc-default-executor-4] INFO  impl.RaftServerImpl (ServerState.java:setLeader(255)) - 7208b4d2-b488-44f5-9c2c-e18614d3c8fc@group-877C4825A4D0: change Leader from null to 7f816ce6-81b3-454f-8cd3-78a87910d122 at term 2 for appendEntries, leader elected after 10247ms
2019-10-21 06:39:04,613 [grpc-default-executor-2] INFO  impl.RaftServerImpl (ServerState.java:setRaftConf(356)) - 7208b4d2-b488-44f5-9c2c-e18614d3c8fc@group-877C4825A4D0: set configuration 0: [7f816ce6-81b3-454f-8cd3-78a87910d122:192.168.164.197:44856, 7208b4d2-b488-44f5-9c2c-e18614d3c8fc:192.168.164.197:42802, 066dad1a-b609-40a4-ad71-a0638f6dd1ec:192.168.164.197:32946], old=null at 0
2019-10-21 06:39:04,613 [grpc-default-executor-4] INFO  impl.RaftServerImpl (ServerState.java:setRaftConf(356)) - 066dad1a-b609-40a4-ad71-a0638f6dd1ec@group-877C4825A4D0: set configuration 0: [7f816ce6-81b3-454f-8cd3-78a87910d122:192.168.164.197:44856, 7208b4d2-b488-44f5-9c2c-e18614d3c8fc:192.168.164.197:42802, 066dad1a-b609-40a4-ad71-a0638f6dd1ec:192.168.164.197:32946], old=null at 0
2019-10-21 06:39:04,613 [grpc-default-executor-2] INFO  segmented.SegmentedRaftLogWorker (SegmentedRaftLogWorker.java:startLogSegment(385)) - 7208b4d2-b488-44f5-9c2c-e18614d3c8fc@group-877C4825A4D0-SegmentedRaftLogWorker: Starting segment from index:0
2019-10-21 06:39:04,614 [grpc-default-executor-4] INFO  segmented.SegmentedRaftLogWorker (SegmentedRaftLogWorker.java:startLogSegment(385)) - 066dad1a-b609-40a4-ad71-a0638f6dd1ec@group-877C4825A4D0-SegmentedRaftLogWorker: Starting segment from index:0
2019-10-21 06:39:04,661 [7208b4d2-b488-44f5-9c2c-e18614d3c8fc@group-877C4825A4D0-SegmentedRaftLogWorker] INFO  segmented.SegmentedRaftLogWorker (SegmentedRaftLogWorker.java:execute(576)) - 7208b4d2-b488-44f5-9c2c-e18614d3c8fc@group-877C4825A4D0-SegmentedRaftLogWorker: created new log segment /workdir/hadoop-ozone/tools/target/test-dir/MiniOzoneClusterImpl-8717db3f-0eb2-4395-b9de-2c3de56d4d35/datanode-0/data/ratis/b88f4de2-2f32-42b0-bd1a-877c4825a4d0/current/log_inprogress_0
2019-10-21 06:39:04,661 [066dad1a-b609-40a4-ad71-a0638f6dd1ec@group-877C4825A4D0-SegmentedRaftLogWorker] INFO  segmented.SegmentedRaftLogWorker (SegmentedRaftLogWorker.java:execute(576)) - 066dad1a-b609-40a4-ad71-a0638f6dd1ec@group-877C4825A4D0-SegmentedRaftLogWorker: created new log segment /workdir/hadoop-ozone/tools/target/test-dir/MiniOzoneClusterImpl-8717db3f-0eb2-4395-b9de-2c3de56d4d35/datanode-3/data/ratis/b88f4de2-2f32-42b0-bd1a-877c4825a4d0/current/log_inprogress_0
 0.00% |?                                                                                                    |  0/1 Time: 0:00:042019-10-21 06:39:05,594 [pool-36-thread-1] ERROR impl.ChunkManagerImpl (ChunkManagerDummyImpl.java:writeChunk(86)) - data array does not match the length specified. DataLen: 1048576 Byte Array: 1048744
2019-10-21 06:39:05,596 [pool-36-thread-1] ERROR impl.ChunkManagerDummyImpl (ChunkManagerDummyImpl.java:writeChunk(105)) - write data failed. error: {}
org.apache.hadoop.hdds.scm.container.common.helpers.StorageContainerException: data array does not match the length specified. DataLen: 1048576 Byte Array: 1048744
	at org.apache.hadoop.ozone.container.keyvalue.impl.ChunkManagerDummyImpl.writeChunk(ChunkManagerDummyImpl.java:87)
	at org.apache.hadoop.ozone.container.keyvalue.KeyValueHandler.handleWriteChunk(KeyValueHandler.java:695)
	at org.apache.hadoop.ozone.container.keyvalue.KeyValueHandler.handle(KeyValueHandler.java:176)
	at org.apache.hadoop.ozone.container.common.impl.HddsDispatcher.dispatchRequest(HddsDispatcher.java:277)
	at org.apache.hadoop.ozone.container.common.impl.HddsDispatcher.dispatch(HddsDispatcher.java:150)
	at org.apache.hadoop.ozone.container.common.transport.server.ratis.ContainerStateMachine.dispatchCommand(ContainerStateMachine.java:415)
	at org.apache.hadoop.ozone.container.common.transport.server.ratis.ContainerStateMachine.runCommand(ContainerStateMachine.java:425)
	at org.apache.hadoop.ozone.container.common.transport.server.ratis.ContainerStateMachine.lambda$handleWriteChunk$1(ContainerStateMachine.java:460)
	at java.util.concurrent.CompletableFuture$AsyncSupply.run(CompletableFuture.java:1590)
	at java.util.concurrent.ThreadPoolExecutor.runWorker(ThreadPoolExecutor.java:1149)
	at java.util.concurrent.ThreadPoolExecutor$Worker.run(ThreadPoolExecutor.java:624)
	at java.lang.Thread.run(Thread.java:748)
2019-10-21 06:39:05,671 [pool-36-thread-1] INFO  keyvalue.KeyValueHandler (ContainerUtils.java:logAndReturnError(146)) - Operation: WriteChunk : Trace ID: bcbbe97c928cf4c3:e613a9d752ebfd6:305dee8e99661c30:0 : Message: Internal error:  : Result: CONTAINER_INTERNAL_ERROR
2019-10-21 06:39:05,688 [EventQueue-IncrementalContainerReportForIncrementalContainerReportHandler] WARN  container.IncrementalContainerReportHandler (AbstractContainerReportHandler.java:updateContainerState(145)) - Container #1 is in OPEN state, but the datanode 7f816ce6-81b3-454f-8cd3-78a87910d122{ip: 192.168.164.197, host: pr-hdds-1868-qzls5-2202220713, networkLocation: /default-rack, certSerialId: null} reports an UNHEALTHY replica.
06:39:05.693 [pool-36-thread-1] ERROR DNAudit - user=null | ip=null | op=WRITE_CHUNK {blockData=conID: 1 locID: 102998995173834752 bcsId: 0} | ret=FAILURE
java.lang.Exception: Internal error: 
	at org.apache.hadoop.ozone.container.common.impl.HddsDispatcher.dispatchRequest(HddsDispatcher.java:332) ~[hadoop-hdds-container-service-0.5.0-SNAPSHOT.jar:?]
	at org.apache.hadoop.ozone.container.common.impl.HddsDispatcher.dispatch(HddsDispatcher.java:150) ~[hadoop-hdds-container-service-0.5.0-SNAPSHOT.jar:?]
	at org.apache.hadoop.ozone.container.common.transport.server.ratis.ContainerStateMachine.dispatchCommand(ContainerStateMachine.java:415) ~[hadoop-hdds-container-service-0.5.0-SNAPSHOT.jar:?]
	at org.apache.hadoop.ozone.container.common.transport.server.ratis.ContainerStateMachine.runCommand(ContainerStateMachine.java:425) ~[hadoop-hdds-container-service-0.5.0-SNAPSHOT.jar:?]
	at org.apache.hadoop.ozone.container.common.transport.server.ratis.ContainerStateMachine.lambda$handleWriteChunk$1(ContainerStateMachine.java:460) ~[hadoop-hdds-container-service-0.5.0-SNAPSHOT.jar:?]
	at java.util.concurrent.CompletableFuture$AsyncSupply.run(CompletableFuture.java:1590) [?:1.8.0_222]
	at java.util.concurrent.ThreadPoolExecutor.runWorker(ThreadPoolExecutor.java:1149) [?:1.8.0_222]
	at java.util.concurrent.ThreadPoolExecutor$Worker.run(ThreadPoolExecutor.java:624) [?:1.8.0_222]
	at java.lang.Thread.run(Thread.java:748) [?:1.8.0_222]
2019-10-21 06:39:05,705 [pool-36-thread-1] ERROR ratis.ContainerStateMachine (ContainerStateMachine.java:lambda$handleWriteChunk$2(482)) - group-877C4825A4D0: writeChunk writeStateMachineData failed: blockIdcontainerID: 1
localID: 102998995173834752
blockCommitSequenceId: 0
 logIndex 1 chunkName 102998995173834752_chunk_1 Error message: Internal error:  Container Result: CONTAINER_INTERNAL_ERROR
2019-10-21 06:39:05,717 [7f816ce6-81b3-454f-8cd3-78a87910d122@group-877C4825A4D0-SegmentedRaftLogWorker] ERROR ratis.XceiverServerRatis (XceiverServerRatis.java:triggerPipelineClose(588)) - pipeline Action CLOSE  on pipeline PipelineID=b88f4de2-2f32-42b0-bd1a-877c4825a4d0.Reason : Internal error: 
2019-10-21 06:39:05,718 [7f816ce6-81b3-454f-8cd3-78a87910d122@group-877C4825A4D0-SegmentedRaftLogWorker] ERROR ratis.XceiverServerRatis (XceiverServerRatis.java:triggerPipelineClose(588)) - pipeline Action CLOSE  on pipeline PipelineID=b88f4de2-2f32-42b0-bd1a-877c4825a4d0.Reason : Log already failed at index 1 for task WriteLog:1: (t:2, i:1), STATEMACHINELOGENTRY, client-23060A3B5CE4, cid=24
2019-10-21 06:39:05,722 [EventQueue-PipelineActionsForPipelineActionHandler] ERROR pipeline.PipelineActionHandler (PipelineActionHandler.java:onMessage(60)) - Received pipeline action CLOSE for Pipeline[ Id: b88f4de2-2f32-42b0-bd1a-877c4825a4d0, Nodes: 7208b4d2-b488-44f5-9c2c-e18614d3c8fc{ip: 192.168.164.197, host: pr-hdds-1868-qzls5-2202220713, networkLocation: /default-rack, certSerialId: null}7f816ce6-81b3-454f-8cd3-78a87910d122{ip: 192.168.164.197, host: pr-hdds-1868-qzls5-2202220713, networkLocation: /default-rack, certSerialId: null}066dad1a-b609-40a4-ad71-a0638f6dd1ec{ip: 192.168.164.197, host: pr-hdds-1868-qzls5-2202220713, networkLocation: /default-rack, certSerialId: null}, Type:RATIS, Factor:THREE, State:OPEN] from datanode 7f816ce6-81b3-454f-8cd3-78a87910d122{ip: 192.168.164.197, host: pr-hdds-1868-qzls5-2202220713, networkLocation: /default-rack, certSerialId: null}. Reason : Internal error: 
2019-10-21 06:39:05,723 [EventQueue-PipelineActionsForPipelineActionHandler] INFO  pipeline.SCMPipelineManager (SCMPipelineManager.java:finalizeAndDestroyPipeline(343)) - destroying pipeline:Pipeline[ Id: b88f4de2-2f32-42b0-bd1a-877c4825a4d0, Nodes: 7208b4d2-b488-44f5-9c2c-e18614d3c8fc{ip: 192.168.164.197, host: pr-hdds-1868-qzls5-2202220713, networkLocation: /default-rack, certSerialId: null}7f816ce6-81b3-454f-8cd3-78a87910d122{ip: 192.168.164.197, host: pr-hdds-1868-qzls5-2202220713, networkLocation: /default-rack, certSerialId: null}066dad1a-b609-40a4-ad71-a0638f6dd1ec{ip: 192.168.164.197, host: pr-hdds-1868-qzls5-2202220713, networkLocation: /default-rack, certSerialId: null}, Type:RATIS, Factor:THREE, State:OPEN]
2019-10-21 06:39:05,723 [EventQueue-PipelineActionsForPipelineActionHandler] INFO  pipeline.PipelineStateManager (PipelineStateManager.java:finalizePipeline(121)) - Pipeline Pipeline[ Id: b88f4de2-2f32-42b0-bd1a-877c4825a4d0, Nodes: 7208b4d2-b488-44f5-9c2c-e18614d3c8fc{ip: 192.168.164.197, host: pr-hdds-1868-qzls5-2202220713, networkLocation: /default-rack, certSerialId: null}7f816ce6-81b3-454f-8cd3-78a87910d122{ip: 192.168.164.197, host: pr-hdds-1868-qzls5-2202220713, networkLocation: /default-rack, certSerialId: null}066dad1a-b609-40a4-ad71-a0638f6dd1ec{ip: 192.168.164.197, host: pr-hdds-1868-qzls5-2202220713, networkLocation: /default-rack, certSerialId: null}, Type:RATIS, Factor:THREE, State:CLOSED] moved to CLOSED state
2019-10-21 06:39:05,723 [EventQueue-CloseContainerForCloseContainerEventHandler] INFO  container.CloseContainerEventHandler (CloseContainerEventHandler.java:onMessage(61)) - Close container Event triggered for container : #1
2019-10-21 06:39:05,728 [EventQueue-CloseContainerForCloseContainerEventHandler] INFO  container.CloseContainerEventHandler (CloseContainerEventHandler.java:onMessage(61)) - Close container Event triggered for container : #1
2019-10-21 06:39:05,728 [EventQueue-CloseContainerForCloseContainerEventHandler] INFO  container.CloseContainerEventHandler (CloseContainerEventHandler.java:onMessage(61)) - Close container Event triggered for container : #2
2019-10-21 06:39:05,729 [EventQueue-CloseContainerForCloseContainerEventHandler] INFO  container.CloseContainerEventHandler (CloseContainerEventHandler.java:onMessage(61)) - Close container Event triggered for container : #3
 0.00% |?                                                                                                    |  0/1 Time: 0:00:05 0.00% |?                                                                                                    |  0/1 Time: 0:00:062019-10-21 06:39:07,586 [Command processor thread] ERROR commandhandler.CloseContainerCommandHandler (CloseContainerCommandHandler.java:handle(84)) - Container #2 does not exist in datanode. Container close failed.
2019-10-21 06:39:07,586 [Command processor thread] ERROR commandhandler.CloseContainerCommandHandler (CloseContainerCommandHandler.java:handle(84)) - Container #2 does not exist in datanode. Container close failed.
2019-10-21 06:39:07,588 [Command processor thread] ERROR commandhandler.CloseContainerCommandHandler (CloseContainerCommandHandler.java:handle(84)) - Container #3 does not exist in datanode. Container close failed.
2019-10-21 06:39:07,588 [Command processor thread] ERROR commandhandler.CloseContainerCommandHandler (CloseContainerCommandHandler.java:handle(84)) - Container #3 does not exist in datanode. Container close failed.
2019-10-21 06:39:07,718 [Command processor thread] ERROR commandhandler.CloseContainerCommandHandler (CloseContainerCommandHandler.java:handle(84)) - Container #2 does not exist in datanode. Container close failed.
2019-10-21 06:39:07,718 [Command processor thread] ERROR commandhandler.CloseContainerCommandHandler (CloseContainerCommandHandler.java:handle(84)) - Container #3 does not exist in datanode. Container close failed.
 0.00% |?                                                                                                    |  0/1 Time: 0:00:07 0.00% |?                                                                                                    |  0/1 Time: 0:00:08 0.00% |?                                                                                                    |  0/1 Time: 0:00:09 0.00% |?                                                                                                    |  0/1 Time: 0:00:10 0.00% |?                                                                                                    |  0/1 Time: 0:00:11 0.00% |?                                                                                                    |  0/1 Time: 0:00:12 0.00% |?                                                                                                    |  0/1 Time: 0:00:13 0.00% |?                                                                                                    |  0/1 Time: 0:00:14 0.00% |?                                                                                                    |  0/1 Time: 0:00:15 0.00% |?                                                                                                    |  0/1 Time: 0:00:16 0.00% |?                                                                                                    |  0/1 Time: 0:00:17 0.00% |?                                                                                                    |  0/1 Time: 0:00:18 0.00% |?                                                                                                    |  0/1 Time: 0:00:19 0.00% |?                                                                                                    |  0/1 Time: 0:00:20 0.00% |?                                                                                                    |  0/1 Time: 0:00:21 0.00% |?                                                                                                    |  0/1 Time: 0:00:22 0.00% |?                                                                                                    |  0/1 Time: 0:00:23 0.00% |?                                                                                                    |  0/1 Time: 0:00:24 0.00% |?                                                                                                    |  0/1 Time: 0:00:25 0.00% |?                                                                                                    |  0/1 Time: 0:00:26 0.00% |?                                                                                                    |  0/1 Time: 0:00:27 0.00% |?                                                                                                    |  0/1 Time: 0:00:28 0.00% |?                                                                                                    |  0/1 Time: 0:00:29 0.00% |?                                                                                                    |  0/1 Time: 0:00:30 0.00% |?                                                                                                    |  0/1 Time: 0:00:31 0.00% |?                                                                                                    |  0/1 Time: 0:00:32 0.00% |?                                                                                                    |  0/1 Time: 0:00:33 0.00% |?                                                                                                    |  0/1 Time: 0:00:34 0.00% |?                                                                                                    |  0/1 Time: 0:00:35 0.00% |?                                                                                                    |  0/1 Time: 0:00:36 0.00% |?                                                                                                    |  0/1 Time: 0:00:37 0.00% |?                                                                                                    |  0/1 Time: 0:00:38 0.00% |?                                                                                                    |  0/1 Time: 0:00:39 0.00% |?                                                                                                    |  0/1 Time: 0:00:40 0.00% |?                                                                                                    |  0/1 Time: 0:00:41 0.00% |?                                                                                                    |  0/1 Time: 0:00:42 0.00% |?                                                                                                    |  0/1 Time: 0:00:43 0.00% |?                                                                                                    |  0/1 Time: 0:00:44 0.00% |?                                                                                                    |  0/1 Time: 0:00:45 0.00% |?                                                                                                    |  0/1 Time: 0:00:46 0.00% |?                                                                                                    |  0/1 Time: 0:00:47 0.00% |?                                                                                                    |  0/1 Time: 0:00:48 0.00% |?                                                                                                    |  0/1 Time: 0:00:49 0.00% |?                                                                                                    |  0/1 Time: 0:00:50 0.00% |?                                                                                                    |  0/1 Time: 0:00:51 0.00% |?                                                                                                    |  0/1 Time: 0:00:52 0.00% |?                                                                                                    |  0/1 Time: 0:00:53 0.00% |?                                                                                                    |  0/1 Time: 0:00:54 0.00% |?                                                                                                    |  0/1 Time: 0:00:55 0.00% |?                                                                                                    |  0/1 Time: 0:00:56 0.00% |?                                                                                                    |  0/1 Time: 0:00:57 0.00% |?                                                                                                    |  0/1 Time: 0:00:58 0.00% |?                                                                                                    |  0/1 Time: 0:00:59 0.00% |?                                                                                                    |  0/1 Time: 0:01:00 0.00% |?                                                                                                    |  0/1 Time: 0:01:01 0.00% |?                                                                                                    |  0/1 Time: 0:01:02 0.00% |?                                                                                                    |  0/1 Time: 0:01:03 0.00% |?                                                                                                    |  0/1 Time: 0:01:04 0.00% |?                                                                                                    |  0/1 Time: 0:01:05 0.00% |?                                                                                                    |  0/1 Time: 0:01:06 0.00% |?                                                                                                    |  0/1 Time: 0:01:07 0.00% |?                                                                                                    |  0/1 Time: 0:01:08 0.00% |?                                                                                                    |  0/1 Time: 0:01:09 0.00% |?                                                                                                    |  0/1 Time: 0:01:102019-10-21 06:40:11,736 [grpc-default-executor-4] INFO  impl.RaftServerProxy (RaftServerProxy.java:remove(95)) - 7208b4d2-b488-44f5-9c2c-e18614d3c8fc: remove  FOLLOWER 7208b4d2-b488-44f5-9c2c-e18614d3c8fc@group-877C4825A4D0:t2, leader=7f816ce6-81b3-454f-8cd3-78a87910d122, voted=7208b4d2-b488-44f5-9c2c-e18614d3c8fc, raftlog=7208b4d2-b488-44f5-9c2c-e18614d3c8fc@group-877C4825A4D0-SegmentedRaftLog:OPENED:c0,f2,i2, conf=0: [7f816ce6-81b3-454f-8cd3-78a87910d122:192.168.164.197:44856, 7208b4d2-b488-44f5-9c2c-e18614d3c8fc:192.168.164.197:42802, 066dad1a-b609-40a4-ad71-a0638f6dd1ec:192.168.164.197:32946], old=null RUNNING
2019-10-21 06:40:11,737 [grpc-default-executor-4] INFO  impl.RaftServerImpl (RaftServerImpl.java:lambda$shutdown$3(250)) - 7208b4d2-b488-44f5-9c2c-e18614d3c8fc@group-877C4825A4D0: shutdown
2019-10-21 06:40:11,737 [grpc-default-executor-4] INFO  util.JmxRegister (JmxRegister.java:unregister(73)) - Successfully un-registered JMX Bean with object name Ratis:service=RaftServer,group=group-877C4825A4D0,id=7208b4d2-b488-44f5-9c2c-e18614d3c8fc
2019-10-21 06:40:11,737 [grpc-default-executor-4] INFO  impl.RoleInfo (RoleInfo.java:shutdownFollowerState(121)) - 7208b4d2-b488-44f5-9c2c-e18614d3c8fc: shutdown FollowerState
2019-10-21 06:40:11,737 [grpc-default-executor-4] INFO  impl.StateMachineUpdater (StateMachineUpdater.java:stopAndJoin(136)) - 7208b4d2-b488-44f5-9c2c-e18614d3c8fc@group-877C4825A4D0-StateMachineUpdater: set stopIndex = 0
2019-10-21 06:40:11,738 [Thread-310] INFO  impl.FollowerState (FollowerState.java:run(120)) - 7208b4d2-b488-44f5-9c2c-e18614d3c8fc@group-877C4825A4D0-FollowerState was interrupted: java.lang.InterruptedException: sleep interrupted
2019-10-21 06:40:11,746 [grpc-default-executor-4] INFO  impl.RaftServerImpl (ServerState.java:close(387)) - 7208b4d2-b488-44f5-9c2c-e18614d3c8fc@group-877C4825A4D0: closes. applyIndex: 0
2019-10-21 06:40:11,746 [7208b4d2-b488-44f5-9c2c-e18614d3c8fc@group-877C4825A4D0-SegmentedRaftLogWorker] INFO  segmented.SegmentedRaftLogWorker (SegmentedRaftLogWorker.java:run(316)) - 7208b4d2-b488-44f5-9c2c-e18614d3c8fc@group-877C4825A4D0-SegmentedRaftLogWorker was interrupted, exiting. There are 0 tasks remaining in the queue.
2019-10-21 06:40:11,748 [grpc-default-executor-4] INFO  segmented.SegmentedRaftLogWorker (SegmentedRaftLogWorker.java:close(224)) - 7208b4d2-b488-44f5-9c2c-e18614d3c8fc@group-877C4825A4D0-SegmentedRaftLogWorker close()
 0.00% |?                                                                                                    |  0/1 Time: 0:01:112019-10-21 06:40:11,832 [grpc-default-executor-4] INFO  interfaces.Container (KeyValueContainer.java:flushAndSyncDB(386)) - Container 1 is synced with bcsId 0.
2019-10-21 06:40:11,832 [grpc-default-executor-4] INFO  interfaces.Container (KeyValueContainer.java:flushAndSyncDB(386)) - Container 1 is synced with bcsId 0.
2019-10-21 06:40:11,853 [EventQueue-IncrementalContainerReportForIncrementalContainerReportHandler] INFO  container.IncrementalContainerReportHandler (AbstractContainerReportHandler.java:updateContainerState(171)) - Moving container #1 to QUASI_CLOSED state, datanode 7208b4d2-b488-44f5-9c2c-e18614d3c8fc{ip: 192.168.164.197, host: pr-hdds-1868-qzls5-2202220713, networkLocation: /default-rack, certSerialId: null} reported QUASI_CLOSED replica.
2019-10-21 06:40:11,862 [grpc-default-executor-4] INFO  impl.RaftServerProxy (RaftServerProxy.java:remove(95)) - 7f816ce6-81b3-454f-8cd3-78a87910d122: remove    LEADER 7f816ce6-81b3-454f-8cd3-78a87910d122@group-877C4825A4D0:t2, leader=7f816ce6-81b3-454f-8cd3-78a87910d122, voted=7f816ce6-81b3-454f-8cd3-78a87910d122, raftlog=7f816ce6-81b3-454f-8cd3-78a87910d122@group-877C4825A4D0-SegmentedRaftLog:OPENED:c0,f0,i2, conf=0: [7f816ce6-81b3-454f-8cd3-78a87910d122:192.168.164.197:44856, 7208b4d2-b488-44f5-9c2c-e18614d3c8fc:192.168.164.197:42802, 066dad1a-b609-40a4-ad71-a0638f6dd1ec:192.168.164.197:32946], old=null RUNNING
2019-10-21 06:40:11,862 [grpc-default-executor-4] INFO  impl.RaftServerImpl (RaftServerImpl.java:lambda$shutdown$3(250)) - 7f816ce6-81b3-454f-8cd3-78a87910d122@group-877C4825A4D0: shutdown
2019-10-21 06:40:11,863 [grpc-default-executor-4] INFO  util.JmxRegister (JmxRegister.java:unregister(73)) - Successfully un-registered JMX Bean with object name Ratis:service=RaftServer,group=group-877C4825A4D0,id=7f816ce6-81b3-454f-8cd3-78a87910d122
2019-10-21 06:40:11,863 [grpc-default-executor-4] INFO  impl.RoleInfo (RoleInfo.java:shutdownLeaderState(104)) - 7f816ce6-81b3-454f-8cd3-78a87910d122: shutdown LeaderState
2019-10-21 06:40:11,866 [grpc-default-executor-4] INFO  impl.PendingRequests (PendingRequests.java:sendNotLeaderResponses(206)) - 7f816ce6-81b3-454f-8cd3-78a87910d122@group-877C4825A4D0-PendingRequests: sendNotLeaderResponses
2019-10-21 06:40:11,866 [org.apache.ratis.server.impl.LogAppender$AppenderDaemon$$Lambda$641/1117653641@6918fb43] WARN  server.GrpcLogAppender (GrpcLogAppender.java:mayWait(149)) - 7f816ce6-81b3-454f-8cd3-78a87910d122@group-877C4825A4D0->7208b4d2-b488-44f5-9c2c-e18614d3c8fc-GrpcLogAppender: Wait interrupted by java.lang.InterruptedException
2019-10-21 06:40:11,866 [org.apache.ratis.server.impl.LogAppender$AppenderDaemon$$Lambda$641/1117653641@64ace782] WARN  server.GrpcLogAppender (GrpcLogAppender.java:mayWait(149)) - 7f816ce6-81b3-454f-8cd3-78a87910d122@group-877C4825A4D0->066dad1a-b609-40a4-ad71-a0638f6dd1ec-GrpcLogAppender: Wait interrupted by java.lang.InterruptedException
2019-10-21 06:40:11,872 [grpc-default-executor-1] INFO  server.GrpcServerProtocolService (GrpcServerProtocolService.java:onCompleted(113)) - 066dad1a-b609-40a4-ad71-a0638f6dd1ec: Completed APPEND_ENTRIES, lastRequest: 7f816ce6-81b3-454f-8cd3-78a87910d122->066dad1a-b609-40a4-ad71-a0638f6dd1ec#29-t2, previous=(t:2, i:2), leaderCommit=0, initializing? false, entries: <empty>
2019-10-21 06:40:11,872 [grpc-default-executor-2] INFO  server.GrpcServerProtocolService (GrpcServerProtocolService.java:onCompleted(113)) - 7208b4d2-b488-44f5-9c2c-e18614d3c8fc: Completed APPEND_ENTRIES, lastRequest: 7f816ce6-81b3-454f-8cd3-78a87910d122->7208b4d2-b488-44f5-9c2c-e18614d3c8fc#29-t2, previous=(t:2, i:2), leaderCommit=0, initializing? false, entries: <empty>
2019-10-21 06:40:11,877 [grpc-default-executor-5] INFO  server.GrpcLogAppender (GrpcLogAppender.java:onCompleted(308)) - 7f816ce6-81b3-454f-8cd3-78a87910d122@group-877C4825A4D0->7208b4d2-b488-44f5-9c2c-e18614d3c8fc-AppendLogResponseHandler: follower responses appendEntries COMPLETED
2019-10-21 06:40:11,877 [grpc-default-executor-2] INFO  server.GrpcLogAppender (GrpcLogAppender.java:onCompleted(308)) - 7f816ce6-81b3-454f-8cd3-78a87910d122@group-877C4825A4D0->066dad1a-b609-40a4-ad71-a0638f6dd1ec-AppendLogResponseHandler: follower responses appendEntries COMPLETED
2019-10-21 06:40:11,884 [grpc-default-executor-2] INFO  impl.FollowerInfo (FollowerInfo.java:lambda$new$0(51)) - 7f816ce6-81b3-454f-8cd3-78a87910d122@group-877C4825A4D0->066dad1a-b609-40a4-ad71-a0638f6dd1ec: nextIndex: updateUnconditionally 3 -> 2
2019-10-21 06:40:11,884 [grpc-default-executor-5] INFO  impl.FollowerInfo (FollowerInfo.java:lambda$new$0(51)) - 7f816ce6-81b3-454f-8cd3-78a87910d122@group-877C4825A4D0->7208b4d2-b488-44f5-9c2c-e18614d3c8fc: nextIndex: updateUnconditionally 3 -> 2
2019-10-21 06:40:11,885 [grpc-default-executor-4] INFO  impl.StateMachineUpdater (StateMachineUpdater.java:stopAndJoin(136)) - 7f816ce6-81b3-454f-8cd3-78a87910d122@group-877C4825A4D0-StateMachineUpdater: set stopIndex = 0
2019-10-21 06:40:11,891 [grpc-default-executor-4] INFO  impl.RaftServerImpl (ServerState.java:close(387)) - 7f816ce6-81b3-454f-8cd3-78a87910d122@group-877C4825A4D0: closes. applyIndex: 0
2019-10-21 06:40:11,891 [7f816ce6-81b3-454f-8cd3-78a87910d122@group-877C4825A4D0-SegmentedRaftLogWorker] INFO  segmented.SegmentedRaftLogWorker (SegmentedRaftLogWorker.java:run(316)) - 7f816ce6-81b3-454f-8cd3-78a87910d122@group-877C4825A4D0-SegmentedRaftLogWorker was interrupted, exiting. There are 0 tasks remaining in the queue.
2019-10-21 06:40:11,892 [grpc-default-executor-4] INFO  segmented.SegmentedRaftLogWorker (SegmentedRaftLogWorker.java:close(224)) - 7f816ce6-81b3-454f-8cd3-78a87910d122@group-877C4825A4D0-SegmentedRaftLogWorker close()
2019-10-21 06:40:11,906 [grpc-default-executor-4] INFO  impl.RaftServerProxy (RaftServerProxy.java:remove(95)) - 066dad1a-b609-40a4-ad71-a0638f6dd1ec: remove  FOLLOWER 066dad1a-b609-40a4-ad71-a0638f6dd1ec@group-877C4825A4D0:t2, leader=7f816ce6-81b3-454f-8cd3-78a87910d122, voted=7f816ce6-81b3-454f-8cd3-78a87910d122, raftlog=066dad1a-b609-40a4-ad71-a0638f6dd1ec@group-877C4825A4D0-SegmentedRaftLog:OPENED:c0,f2,i2, conf=0: [7f816ce6-81b3-454f-8cd3-78a87910d122:192.168.164.197:44856, 7208b4d2-b488-44f5-9c2c-e18614d3c8fc:192.168.164.197:42802, 066dad1a-b609-40a4-ad71-a0638f6dd1ec:192.168.164.197:32946], old=null RUNNING
2019-10-21 06:40:11,906 [grpc-default-executor-4] INFO  impl.RaftServerImpl (RaftServerImpl.java:lambda$shutdown$3(250)) - 066dad1a-b609-40a4-ad71-a0638f6dd1ec@group-877C4825A4D0: shutdown
2019-10-21 06:40:11,907 [grpc-default-executor-4] INFO  util.JmxRegister (JmxRegister.java:unregister(73)) - Successfully un-registered JMX Bean with object name Ratis:service=RaftServer,group=group-877C4825A4D0,id=066dad1a-b609-40a4-ad71-a0638f6dd1ec
2019-10-21 06:40:11,907 [grpc-default-executor-4] INFO  impl.RoleInfo (RoleInfo.java:shutdownFollowerState(121)) - 066dad1a-b609-40a4-ad71-a0638f6dd1ec: shutdown FollowerState
2019-10-21 06:40:11,907 [grpc-default-executor-4] INFO  impl.StateMachineUpdater (StateMachineUpdater.java:stopAndJoin(136)) - 066dad1a-b609-40a4-ad71-a0638f6dd1ec@group-877C4825A4D0-StateMachineUpdater: set stopIndex = 0
2019-10-21 06:40:11,907 [Thread-309] INFO  impl.FollowerState (FollowerState.java:run(120)) - 066dad1a-b609-40a4-ad71-a0638f6dd1ec@group-877C4825A4D0-FollowerState was interrupted: java.lang.InterruptedException: sleep interrupted
2019-10-21 06:40:11,908 [grpc-default-executor-4] INFO  impl.RaftServerImpl (ServerState.java:close(387)) - 066dad1a-b609-40a4-ad71-a0638f6dd1ec@group-877C4825A4D0: closes. applyIndex: 0
2019-10-21 06:40:11,909 [066dad1a-b609-40a4-ad71-a0638f6dd1ec@group-877C4825A4D0-SegmentedRaftLogWorker] INFO  segmented.SegmentedRaftLogWorker (SegmentedRaftLogWorker.java:run(316)) - 066dad1a-b609-40a4-ad71-a0638f6dd1ec@group-877C4825A4D0-SegmentedRaftLogWorker was interrupted, exiting. There are 0 tasks remaining in the queue.
2019-10-21 06:40:11,910 [grpc-default-executor-4] INFO  segmented.SegmentedRaftLogWorker (SegmentedRaftLogWorker.java:close(224)) - 066dad1a-b609-40a4-ad71-a0638f6dd1ec@group-877C4825A4D0-SegmentedRaftLogWorker close()
2019-10-21 06:40:11,982 [grpc-default-executor-4] INFO  interfaces.Container (KeyValueContainer.java:flushAndSyncDB(386)) - Container 1 is synced with bcsId 0.
2019-10-21 06:40:11,983 [grpc-default-executor-4] INFO  interfaces.Container (KeyValueContainer.java:flushAndSyncDB(386)) - Container 1 is synced with bcsId 0.
2019-10-21 06:40:12,005 [RatisPipelineUtilsThread] INFO  pipeline.PipelineStateManager (PipelineStateManager.java:removePipeline(106)) - Pipeline Pipeline[ Id: b88f4de2-2f32-42b0-bd1a-877c4825a4d0, Nodes: 7208b4d2-b488-44f5-9c2c-e18614d3c8fc{ip: 192.168.164.197, host: pr-hdds-1868-qzls5-2202220713, networkLocation: /default-rack, certSerialId: null}7f816ce6-81b3-454f-8cd3-78a87910d122{ip: 192.168.164.197, host: pr-hdds-1868-qzls5-2202220713, networkLocation: /default-rack, certSerialId: null}066dad1a-b609-40a4-ad71-a0638f6dd1ec{ip: 192.168.164.197, host: pr-hdds-1868-qzls5-2202220713, networkLocation: /default-rack, certSerialId: null}, Type:RATIS, Factor:THREE, State:CLOSED] removed from db
2019-10-21 06:40:12,025 [grpc-default-executor-4] INFO  impl.RaftServerProxy (RaftServerProxy.java:addNew(89)) - 7f816ce6-81b3-454f-8cd3-78a87910d122: addNew group-FFB6F7D22477:[7f816ce6-81b3-454f-8cd3-78a87910d122:192.168.164.197:44856, 7208b4d2-b488-44f5-9c2c-e18614d3c8fc:192.168.164.197:42802, 066dad1a-b609-40a4-ad71-a0638f6dd1ec:192.168.164.197:32946] returns group-FFB6F7D22477:java.util.concurrent.CompletableFuture@75643e30[Not completed]
2019-10-21 06:40:12,025 [grpc-default-executor-2] INFO  impl.RaftServerProxy (RaftServerProxy.java:addNew(89)) - 066dad1a-b609-40a4-ad71-a0638f6dd1ec: addNew group-FFB6F7D22477:[7f816ce6-81b3-454f-8cd3-78a87910d122:192.168.164.197:44856, 7208b4d2-b488-44f5-9c2c-e18614d3c8fc:192.168.164.197:42802, 066dad1a-b609-40a4-ad71-a0638f6dd1ec:192.168.164.197:32946] returns group-FFB6F7D22477:java.util.concurrent.CompletableFuture@368bfd96[Not completed]
2019-10-21 06:40:12,025 [grpc-default-executor-5] INFO  impl.RaftServerProxy (RaftServerProxy.java:addNew(89)) - 7208b4d2-b488-44f5-9c2c-e18614d3c8fc: addNew group-FFB6F7D22477:[7f816ce6-81b3-454f-8cd3-78a87910d122:192.168.164.197:44856, 7208b4d2-b488-44f5-9c2c-e18614d3c8fc:192.168.164.197:42802, 066dad1a-b609-40a4-ad71-a0638f6dd1ec:192.168.164.197:32946] returns group-FFB6F7D22477:java.util.concurrent.CompletableFuture@3cbbfc27[Not completed]
2019-10-21 06:40:12,030 [pool-27-thread-1] INFO  impl.RaftServerImpl (RaftServerImpl.java:<init>(98)) - 7208b4d2-b488-44f5-9c2c-e18614d3c8fc: new RaftServerImpl for group-FFB6F7D22477:[7f816ce6-81b3-454f-8cd3-78a87910d122:192.168.164.197:44856, 7208b4d2-b488-44f5-9c2c-e18614d3c8fc:192.168.164.197:42802, 066dad1a-b609-40a4-ad71-a0638f6dd1ec:192.168.164.197:32946] with ContainerStateMachine:uninitialized
2019-10-21 06:40:12,030 [pool-27-thread-1] INFO  server.RaftServerConfigKeys (ConfUtils.java:logGet(43)) - raft.server.rpc.timeout.min = 5s (custom)
2019-10-21 06:40:12,030 [pool-27-thread-1] INFO  server.RaftServerConfigKeys (ConfUtils.java:logGet(43)) - raft.server.rpc.timeout.max = 5200ms (custom)
2019-10-21 06:40:12,030 [pool-27-thread-1] INFO  server.RaftServerConfigKeys (ConfUtils.java:logGet(43)) - raft.server.rpcslowness.timeout = 120s (custom)
2019-10-21 06:40:12,031 [pool-27-thread-1] INFO  server.RaftServerConfigKeys (ConfUtils.java:logGet(43)) - raft.server.sleep.deviation.threshold = 300 (default)
2019-10-21 06:40:12,031 [pool-37-thread-1] INFO  impl.RaftServerImpl (RaftServerImpl.java:<init>(98)) - 7f816ce6-81b3-454f-8cd3-78a87910d122: new RaftServerImpl for group-FFB6F7D22477:[7f816ce6-81b3-454f-8cd3-78a87910d122:192.168.164.197:44856, 7208b4d2-b488-44f5-9c2c-e18614d3c8fc:192.168.164.197:42802, 066dad1a-b609-40a4-ad71-a0638f6dd1ec:192.168.164.197:32946] with ContainerStateMachine:uninitialized
2019-10-21 06:40:12,031 [pool-27-thread-1] INFO  server.RaftServerConfigKeys (ConfUtils.java:logGet(43)) - raft.server.log.appender.install.snapshot.enabled = false (custom)
2019-10-21 06:40:12,031 [pool-37-thread-1] INFO  server.RaftServerConfigKeys (ConfUtils.java:logGet(43)) - raft.server.rpc.timeout.min = 5s (custom)
2019-10-21 06:40:12,031 [pool-27-thread-1] INFO  impl.RaftServerImpl (ServerState.java:<init>(103)) - 7208b4d2-b488-44f5-9c2c-e18614d3c8fc@group-FFB6F7D22477: ConfigurationManager, init=-1: [7f816ce6-81b3-454f-8cd3-78a87910d122:192.168.164.197:44856, 7208b4d2-b488-44f5-9c2c-e18614d3c8fc:192.168.164.197:42802, 066dad1a-b609-40a4-ad71-a0638f6dd1ec:192.168.164.197:32946], old=null, confs=<EMPTY_MAP>
2019-10-21 06:40:12,031 [pool-37-thread-1] INFO  server.RaftServerConfigKeys (ConfUtils.java:logGet(43)) - raft.server.rpc.timeout.max = 5200ms (custom)
2019-10-21 06:40:12,031 [pool-37-thread-1] INFO  server.RaftServerConfigKeys (ConfUtils.java:logGet(43)) - raft.server.rpcslowness.timeout = 120s (custom)
2019-10-21 06:40:12,031 [pool-27-thread-1] INFO  server.RaftServerConfigKeys (ConfUtils.java:logGet(43)) - raft.server.storage.dir = [/workdir/hadoop-ozone/tools/target/test-dir/MiniOzoneClusterImpl-8717db3f-0eb2-4395-b9de-2c3de56d4d35/datanode-0/data/ratis] (custom)
2019-10-21 06:40:12,031 [pool-37-thread-1] INFO  server.RaftServerConfigKeys (ConfUtils.java:logGet(43)) - raft.server.sleep.deviation.threshold = 300 (default)
2019-10-21 06:40:12,032 [pool-57-thread-1] INFO  impl.RaftServerImpl (RaftServerImpl.java:<init>(98)) - 066dad1a-b609-40a4-ad71-a0638f6dd1ec: new RaftServerImpl for group-FFB6F7D22477:[7f816ce6-81b3-454f-8cd3-78a87910d122:192.168.164.197:44856, 7208b4d2-b488-44f5-9c2c-e18614d3c8fc:192.168.164.197:42802, 066dad1a-b609-40a4-ad71-a0638f6dd1ec:192.168.164.197:32946] with ContainerStateMachine:uninitialized
2019-10-21 06:40:12,032 [pool-37-thread-1] INFO  server.RaftServerConfigKeys (ConfUtils.java:logGet(43)) - raft.server.log.appender.install.snapshot.enabled = false (custom)
2019-10-21 06:40:12,032 [pool-57-thread-1] INFO  server.RaftServerConfigKeys (ConfUtils.java:logGet(43)) - raft.server.rpc.timeout.min = 5s (custom)
2019-10-21 06:40:12,032 [pool-27-thread-1] INFO  server.RaftServerConfigKeys (ConfUtils.java:logGet(43)) - raft.server.log.corruption.policy = EXCEPTION (default)
2019-10-21 06:40:12,032 [pool-37-thread-1] INFO  impl.RaftServerImpl (ServerState.java:<init>(103)) - 7f816ce6-81b3-454f-8cd3-78a87910d122@group-FFB6F7D22477: ConfigurationManager, init=-1: [7f816ce6-81b3-454f-8cd3-78a87910d122:192.168.164.197:44856, 7208b4d2-b488-44f5-9c2c-e18614d3c8fc:192.168.164.197:42802, 066dad1a-b609-40a4-ad71-a0638f6dd1ec:192.168.164.197:32946], old=null, confs=<EMPTY_MAP>
2019-10-21 06:40:12,032 [pool-57-thread-1] INFO  server.RaftServerConfigKeys (ConfUtils.java:logGet(43)) - raft.server.rpc.timeout.max = 5200ms (custom)
2019-10-21 06:40:12,032 [pool-37-thread-1] INFO  server.RaftServerConfigKeys (ConfUtils.java:logGet(43)) - raft.server.storage.dir = [/workdir/hadoop-ozone/tools/target/test-dir/MiniOzoneClusterImpl-8717db3f-0eb2-4395-b9de-2c3de56d4d35/datanode-1/data/ratis] (custom)
2019-10-21 06:40:12,032 [pool-27-thread-1] INFO  storage.RaftStorageDirectory (RaftStorageDirectory.java:analyzeStorage(246)) - The storage directory /workdir/hadoop-ozone/tools/target/test-dir/MiniOzoneClusterImpl-8717db3f-0eb2-4395-b9de-2c3de56d4d35/datanode-0/data/ratis/9e9453d6-70d9-4ea7-9918-ffb6f7d22477 does not exist. Creating ...
2019-10-21 06:40:12,032 [pool-57-thread-1] INFO  server.RaftServerConfigKeys (ConfUtils.java:logGet(43)) - raft.server.rpcslowness.timeout = 120s (custom)
2019-10-21 06:40:12,033 [pool-37-thread-1] INFO  server.RaftServerConfigKeys (ConfUtils.java:logGet(43)) - raft.server.log.corruption.policy = EXCEPTION (default)
2019-10-21 06:40:12,033 [pool-57-thread-1] INFO  server.RaftServerConfigKeys (ConfUtils.java:logGet(43)) - raft.server.sleep.deviation.threshold = 300 (default)
2019-10-21 06:40:12,033 [pool-37-thread-1] INFO  storage.RaftStorageDirectory (RaftStorageDirectory.java:analyzeStorage(246)) - The storage directory /workdir/hadoop-ozone/tools/target/test-dir/MiniOzoneClusterImpl-8717db3f-0eb2-4395-b9de-2c3de56d4d35/datanode-1/data/ratis/9e9453d6-70d9-4ea7-9918-ffb6f7d22477 does not exist. Creating ...
2019-10-21 06:40:12,033 [pool-57-thread-1] INFO  server.RaftServerConfigKeys (ConfUtils.java:logGet(43)) - raft.server.log.appender.install.snapshot.enabled = false (custom)
2019-10-21 06:40:12,033 [pool-57-thread-1] INFO  impl.RaftServerImpl (ServerState.java:<init>(103)) - 066dad1a-b609-40a4-ad71-a0638f6dd1ec@group-FFB6F7D22477: ConfigurationManager, init=-1: [7f816ce6-81b3-454f-8cd3-78a87910d122:192.168.164.197:44856, 7208b4d2-b488-44f5-9c2c-e18614d3c8fc:192.168.164.197:42802, 066dad1a-b609-40a4-ad71-a0638f6dd1ec:192.168.164.197:32946], old=null, confs=<EMPTY_MAP>
2019-10-21 06:40:12,033 [pool-57-thread-1] INFO  server.RaftServerConfigKeys (ConfUtils.java:logGet(43)) - raft.server.storage.dir = [/workdir/hadoop-ozone/tools/target/test-dir/MiniOzoneClusterImpl-8717db3f-0eb2-4395-b9de-2c3de56d4d35/datanode-3/data/ratis] (custom)
2019-10-21 06:40:12,034 [pool-57-thread-1] INFO  server.RaftServerConfigKeys (ConfUtils.java:logGet(43)) - raft.server.log.corruption.policy = EXCEPTION (default)
2019-10-21 06:40:12,034 [pool-57-thread-1] INFO  storage.RaftStorageDirectory (RaftStorageDirectory.java:analyzeStorage(246)) - The storage directory /workdir/hadoop-ozone/tools/target/test-dir/MiniOzoneClusterImpl-8717db3f-0eb2-4395-b9de-2c3de56d4d35/datanode-3/data/ratis/9e9453d6-70d9-4ea7-9918-ffb6f7d22477 does not exist. Creating ...
2019-10-21 06:40:12,037 [pool-37-thread-1] INFO  storage.RaftStorageDirectory (RaftStorageDirectory.java:tryLock(328)) - Lock on /workdir/hadoop-ozone/tools/target/test-dir/MiniOzoneClusterImpl-8717db3f-0eb2-4395-b9de-2c3de56d4d35/datanode-1/data/ratis/9e9453d6-70d9-4ea7-9918-ffb6f7d22477/in_use.lock acquired by nodename 22794@pr-hdds-1868-qzls5-2202220713
2019-10-21 06:40:12,037 [pool-27-thread-1] INFO  storage.RaftStorageDirectory (RaftStorageDirectory.java:tryLock(328)) - Lock on /workdir/hadoop-ozone/tools/target/test-dir/MiniOzoneClusterImpl-8717db3f-0eb2-4395-b9de-2c3de56d4d35/datanode-0/data/ratis/9e9453d6-70d9-4ea7-9918-ffb6f7d22477/in_use.lock acquired by nodename 22794@pr-hdds-1868-qzls5-2202220713
2019-10-21 06:40:12,037 [pool-57-thread-1] INFO  storage.RaftStorageDirectory (RaftStorageDirectory.java:tryLock(328)) - Lock on /workdir/hadoop-ozone/tools/target/test-dir/MiniOzoneClusterImpl-8717db3f-0eb2-4395-b9de-2c3de56d4d35/datanode-3/data/ratis/9e9453d6-70d9-4ea7-9918-ffb6f7d22477/in_use.lock acquired by nodename 22794@pr-hdds-1868-qzls5-2202220713
2019-10-21 06:40:12,042 [pool-57-thread-1] INFO  storage.RaftStorage (RaftStorage.java:format(84)) - Storage directory /workdir/hadoop-ozone/tools/target/test-dir/MiniOzoneClusterImpl-8717db3f-0eb2-4395-b9de-2c3de56d4d35/datanode-3/data/ratis/9e9453d6-70d9-4ea7-9918-ffb6f7d22477 has been successfully formatted.
2019-10-21 06:40:12,042 [pool-37-thread-1] INFO  storage.RaftStorage (RaftStorage.java:format(84)) - Storage directory /workdir/hadoop-ozone/tools/target/test-dir/MiniOzoneClusterImpl-8717db3f-0eb2-4395-b9de-2c3de56d4d35/datanode-1/data/ratis/9e9453d6-70d9-4ea7-9918-ffb6f7d22477 has been successfully formatted.
2019-10-21 06:40:12,042 [pool-27-thread-1] INFO  storage.RaftStorage (RaftStorage.java:format(84)) - Storage directory /workdir/hadoop-ozone/tools/target/test-dir/MiniOzoneClusterImpl-8717db3f-0eb2-4395-b9de-2c3de56d4d35/datanode-0/data/ratis/9e9453d6-70d9-4ea7-9918-ffb6f7d22477 has been successfully formatted.
2019-10-21 06:40:12,042 [pool-57-thread-1] INFO  ratis.ContainerStateMachine (ContainerStateMachine.java:loadSnapshot(233)) - group-FFB6F7D22477: The snapshot info is null. Setting the last applied indexto:(t:0, i:~)
2019-10-21 06:40:12,042 [pool-37-thread-1] INFO  ratis.ContainerStateMachine (ContainerStateMachine.java:loadSnapshot(233)) - group-FFB6F7D22477: The snapshot info is null. Setting the last applied indexto:(t:0, i:~)
2019-10-21 06:40:12,042 [pool-57-thread-1] INFO  server.RaftServerConfigKeys (ConfUtils.java:logGet(43)) - raft.server.notification.no-leader.timeout = 120s (custom)
2019-10-21 06:40:12,042 [pool-27-thread-1] INFO  ratis.ContainerStateMachine (ContainerStateMachine.java:loadSnapshot(233)) - group-FFB6F7D22477: The snapshot info is null. Setting the last applied indexto:(t:0, i:~)
2019-10-21 06:40:12,043 [pool-57-thread-1] INFO  server.RaftServerConfigKeys (ConfUtils.java:logGet(43)) - raft.server.log.use.memory = false (default)
2019-10-21 06:40:12,043 [pool-37-thread-1] INFO  server.RaftServerConfigKeys (ConfUtils.java:logGet(43)) - raft.server.notification.no-leader.timeout = 120s (custom)
2019-10-21 06:40:12,043 [pool-57-thread-1] INFO  server.RaftServerConfigKeys (ConfUtils.java:logGet(43)) - raft.server.log.purge.gap = 1000000 (custom)
2019-10-21 06:40:12,043 [pool-27-thread-1] INFO  server.RaftServerConfigKeys (ConfUtils.java:logGet(43)) - raft.server.notification.no-leader.timeout = 120s (custom)
2019-10-21 06:40:12,043 [pool-57-thread-1] INFO  server.RaftServerConfigKeys (ConfUtils.java:logGet(43)) - raft.server.log.appender.buffer.byte-limit = 33554432 (custom)
2019-10-21 06:40:12,043 [pool-37-thread-1] INFO  server.RaftServerConfigKeys (ConfUtils.java:logGet(43)) - raft.server.log.use.memory = false (default)
2019-10-21 06:40:12,043 [pool-57-thread-1] INFO  server.RaftServerConfigKeys (ConfUtils.java:logGet(43)) - raft.server.log.segment.size.max = 1048576 (custom)
2019-10-21 06:40:12,043 [pool-27-thread-1] INFO  server.RaftServerConfigKeys (ConfUtils.java:logGet(43)) - raft.server.log.use.memory = false (default)
2019-10-21 06:40:12,043 [pool-57-thread-1] INFO  server.RaftServerConfigKeys (ConfUtils.java:logGet(43)) - raft.server.log.segment.cache.num.max = 2 (custom)
2019-10-21 06:40:12,043 [pool-37-thread-1] INFO  server.RaftServerConfigKeys (ConfUtils.java:logGet(43)) - raft.server.log.purge.gap = 1000000 (custom)
2019-10-21 06:40:12,044 [pool-57-thread-1] INFO  segmented.SegmentedRaftLogWorker (SegmentedRaftLogWorker.java:<init>(173)) - new 066dad1a-b609-40a4-ad71-a0638f6dd1ec@group-FFB6F7D22477-SegmentedRaftLogWorker for RaftStorage:Storage Directory /workdir/hadoop-ozone/tools/target/test-dir/MiniOzoneClusterImpl-8717db3f-0eb2-4395-b9de-2c3de56d4d35/datanode-3/data/ratis/9e9453d6-70d9-4ea7-9918-ffb6f7d22477
2019-10-21 06:40:12,044 [pool-27-thread-1] INFO  server.RaftServerConfigKeys (ConfUtils.java:logGet(43)) - raft.server.log.purge.gap = 1000000 (custom)
2019-10-21 06:40:12,044 [pool-57-thread-1] INFO  server.RaftServerConfigKeys (ConfUtils.java:logGet(43)) - raft.server.log.queue.byte-limit = 2147483647 (custom)
2019-10-21 06:40:12,044 [pool-37-thread-1] INFO  server.RaftServerConfigKeys (ConfUtils.java:logGet(43)) - raft.server.log.appender.buffer.byte-limit = 33554432 (custom)
2019-10-21 06:40:12,044 [pool-57-thread-1] INFO  server.RaftServerConfigKeys (ConfUtils.java:logGet(43)) - raft.server.log.queue.element-limit = 1024 (custom)
2019-10-21 06:40:12,044 [pool-27-thread-1] INFO  server.RaftServerConfigKeys (ConfUtils.java:logGet(43)) - raft.server.log.appender.buffer.byte-limit = 33554432 (custom)
2019-10-21 06:40:12,044 [pool-57-thread-1] INFO  server.RaftServerConfigKeys (ConfUtils.java:logGet(43)) - raft.server.log.segment.size.max = 1048576 (custom)
2019-10-21 06:40:12,044 [pool-37-thread-1] INFO  server.RaftServerConfigKeys (ConfUtils.java:logGet(43)) - raft.server.log.segment.size.max = 1048576 (custom)
2019-10-21 06:40:12,044 [pool-57-thread-1] INFO  server.RaftServerConfigKeys (ConfUtils.java:logGet(43)) - raft.server.log.preallocated.size = 16384 (custom)
2019-10-21 06:40:12,044 [pool-27-thread-1] INFO  server.RaftServerConfigKeys (ConfUtils.java:logGet(43)) - raft.server.log.segment.size.max = 1048576 (custom)
2019-10-21 06:40:12,045 [pool-57-thread-1] INFO  server.RaftServerConfigKeys (ConfUtils.java:logGet(43)) - raft.server.log.write.buffer.size = 33554432 (custom)
2019-10-21 06:40:12,045 [pool-37-thread-1] INFO  server.RaftServerConfigKeys (ConfUtils.java:logGet(43)) - raft.server.log.segment.cache.num.max = 2 (custom)
2019-10-21 06:40:12,045 [pool-57-thread-1] INFO  server.RaftServerConfigKeys (ConfUtils.java:logGet(43)) - raft.server.log.force.sync.num = 128 (default)
2019-10-21 06:40:12,045 [pool-27-thread-1] INFO  server.RaftServerConfigKeys (ConfUtils.java:logGet(43)) - raft.server.log.segment.cache.num.max = 2 (custom)
2019-10-21 06:40:12,045 [pool-57-thread-1] INFO  server.RaftServerConfigKeys (ConfUtils.java:logGet(43)) - raft.server.log.statemachine.data.sync = true (default)
2019-10-21 06:40:12,045 [pool-37-thread-1] INFO  segmented.SegmentedRaftLogWorker (SegmentedRaftLogWorker.java:<init>(173)) - new 7f816ce6-81b3-454f-8cd3-78a87910d122@group-FFB6F7D22477-SegmentedRaftLogWorker for RaftStorage:Storage Directory /workdir/hadoop-ozone/tools/target/test-dir/MiniOzoneClusterImpl-8717db3f-0eb2-4395-b9de-2c3de56d4d35/datanode-1/data/ratis/9e9453d6-70d9-4ea7-9918-ffb6f7d22477
2019-10-21 06:40:12,045 [pool-57-thread-1] INFO  server.RaftServerConfigKeys (ConfUtils.java:logGet(43)) - raft.server.log.statemachine.data.sync.timeout = 10s (default)
2019-10-21 06:40:12,045 [pool-27-thread-1] INFO  segmented.SegmentedRaftLogWorker (SegmentedRaftLogWorker.java:<init>(173)) - new 7208b4d2-b488-44f5-9c2c-e18614d3c8fc@group-FFB6F7D22477-SegmentedRaftLogWorker for RaftStorage:Storage Directory /workdir/hadoop-ozone/tools/target/test-dir/MiniOzoneClusterImpl-8717db3f-0eb2-4395-b9de-2c3de56d4d35/datanode-0/data/ratis/9e9453d6-70d9-4ea7-9918-ffb6f7d22477
2019-10-21 06:40:12,045 [pool-57-thread-1] INFO  server.RaftServerConfigKeys (ConfUtils.java:logGet(43)) - raft.server.log.statemachine.data.sync.timeout.retry = -1 (default)
2019-10-21 06:40:12,045 [pool-37-thread-1] INFO  server.RaftServerConfigKeys (ConfUtils.java:logGet(43)) - raft.server.log.queue.byte-limit = 2147483647 (custom)
2019-10-21 06:40:12,046 [pool-27-thread-1] INFO  server.RaftServerConfigKeys (ConfUtils.java:logGet(43)) - raft.server.log.queue.byte-limit = 2147483647 (custom)
2019-10-21 06:40:12,046 [pool-37-thread-1] INFO  server.RaftServerConfigKeys (ConfUtils.java:logGet(43)) - raft.server.log.queue.element-limit = 1024 (custom)
2019-10-21 06:40:12,046 [pool-57-thread-1] INFO  server.RaftServerConfigKeys (ConfUtils.java:logGet(43)) - raft.server.log.statemachine.data.caching.enabled = true (custom)
2019-10-21 06:40:12,046 [pool-37-thread-1] INFO  server.RaftServerConfigKeys (ConfUtils.java:logGet(43)) - raft.server.log.segment.size.max = 1048576 (custom)
2019-10-21 06:40:12,046 [pool-27-thread-1] INFO  server.RaftServerConfigKeys (ConfUtils.java:logGet(43)) - raft.server.log.queue.element-limit = 1024 (custom)
2019-10-21 06:40:12,046 [pool-57-thread-1] INFO  segmented.SegmentedRaftLogWorker (SegmentedRaftLogWorker.java:lambda$new$0(128)) - 066dad1a-b609-40a4-ad71-a0638f6dd1ec@group-FFB6F7D22477-SegmentedRaftLogWorker: flushIndex: setUnconditionally 0 -> -1
2019-10-21 06:40:12,046 [pool-37-thread-1] INFO  server.RaftServerConfigKeys (ConfUtils.java:logGet(43)) - raft.server.log.preallocated.size = 16384 (custom)
2019-10-21 06:40:12,046 [pool-27-thread-1] INFO  server.RaftServerConfigKeys (ConfUtils.java:logGet(43)) - raft.server.log.segment.size.max = 1048576 (custom)
2019-10-21 06:40:12,047 [pool-57-thread-1] INFO  server.RaftServerConfigKeys (ConfUtils.java:logGet(43)) - raft.server.snapshot.auto.trigger.enabled = true (custom)
2019-10-21 06:40:12,047 [pool-37-thread-1] INFO  server.RaftServerConfigKeys (ConfUtils.java:logGet(43)) - raft.server.log.write.buffer.size = 33554432 (custom)
2019-10-21 06:40:12,047 [pool-57-thread-1] INFO  server.RaftServerConfigKeys (ConfUtils.java:logGet(43)) - raft.server.snapshot.auto.trigger.threshold = 10000 (custom)
2019-10-21 06:40:12,047 [pool-27-thread-1] INFO  server.RaftServerConfigKeys (ConfUtils.java:logGet(43)) - raft.server.log.preallocated.size = 16384 (custom)
2019-10-21 06:40:12,047 [pool-57-thread-1] INFO  server.RaftServerConfigKeys (ConfUtils.java:logGet(43)) - raft.server.snapshot.retention.file.num = 5 (custom)
2019-10-21 06:40:12,047 [pool-37-thread-1] INFO  server.RaftServerConfigKeys (ConfUtils.java:logGet(43)) - raft.server.log.force.sync.num = 128 (default)
2019-10-21 06:40:12,047 [pool-57-thread-1] INFO  server.RaftServerConfigKeys (ConfUtils.java:logGet(43)) - raft.server.retrycache.expirytime = 600000ms (custom)
2019-10-21 06:40:12,047 [pool-27-thread-1] INFO  server.RaftServerConfigKeys (ConfUtils.java:logGet(43)) - raft.server.log.write.buffer.size = 33554432 (custom)
2019-10-21 06:40:12,047 [pool-57-thread-1] WARN  impl.MetricRegistriesImpl (MetricRegistriesImpl.java:lambda$create$1(61)) - First MetricRegistry has been created without registering reporters. You may need to call MetricRegistries.global().addReportRegistration(...) before.
2019-10-21 06:40:12,047 [pool-37-thread-1] INFO  server.RaftServerConfigKeys (ConfUtils.java:logGet(43)) - raft.server.log.statemachine.data.sync = true (default)
2019-10-21 06:40:12,048 [pool-57-thread-1] WARN  impl.MetricRegistriesImpl (MetricRegistriesImpl.java:lambda$create$1(61)) - First MetricRegistry has been created without registering reporters. You may need to call MetricRegistries.global().addReportRegistration(...) before.
2019-10-21 06:40:12,047 [pool-27-thread-1] INFO  server.RaftServerConfigKeys (ConfUtils.java:logGet(43)) - raft.server.log.force.sync.num = 128 (default)
2019-10-21 06:40:12,048 [pool-57-thread-1] INFO  impl.RaftServerImpl (RaftServerImpl.java:start(184)) - 066dad1a-b609-40a4-ad71-a0638f6dd1ec@group-FFB6F7D22477: start as a follower, conf=-1: [7f816ce6-81b3-454f-8cd3-78a87910d122:192.168.164.197:44856, 7208b4d2-b488-44f5-9c2c-e18614d3c8fc:192.168.164.197:42802, 066dad1a-b609-40a4-ad71-a0638f6dd1ec:192.168.164.197:32946], old=null
2019-10-21 06:40:12,048 [pool-37-thread-1] INFO  server.RaftServerConfigKeys (ConfUtils.java:logGet(43)) - raft.server.log.statemachine.data.sync.timeout = 10s (default)
2019-10-21 06:40:12,048 [pool-57-thread-1] INFO  impl.RaftServerImpl (RaftServerImpl.java:setRole(173)) - 066dad1a-b609-40a4-ad71-a0638f6dd1ec@group-FFB6F7D22477: changes role from      null to FOLLOWER at term 0 for startAsFollower
2019-10-21 06:40:12,048 [pool-27-thread-1] INFO  server.RaftServerConfigKeys (ConfUtils.java:logGet(43)) - raft.server.log.statemachine.data.sync = true (default)
2019-10-21 06:40:12,048 [pool-57-thread-1] INFO  impl.RoleInfo (RoleInfo.java:updateAndGet(143)) - 066dad1a-b609-40a4-ad71-a0638f6dd1ec: start FollowerState
2019-10-21 06:40:12,048 [pool-37-thread-1] INFO  server.RaftServerConfigKeys (ConfUtils.java:logGet(43)) - raft.server.log.statemachine.data.sync.timeout.retry = -1 (default)
2019-10-21 06:40:12,048 [pool-27-thread-1] INFO  server.RaftServerConfigKeys (ConfUtils.java:logGet(43)) - raft.server.log.statemachine.data.sync.timeout = 10s (default)
2019-10-21 06:40:12,049 [pool-37-thread-1] INFO  server.RaftServerConfigKeys (ConfUtils.java:logGet(43)) - raft.server.log.statemachine.data.caching.enabled = true (custom)
2019-10-21 06:40:12,049 [pool-57-thread-1] INFO  util.JmxRegister (JmxRegister.java:tryRegister(44)) - Successfully registered JMX Bean with object name Ratis:service=RaftServer,group=group-FFB6F7D22477,id=066dad1a-b609-40a4-ad71-a0638f6dd1ec
2019-10-21 06:40:12,049 [pool-27-thread-1] INFO  server.RaftServerConfigKeys (ConfUtils.java:logGet(43)) - raft.server.log.statemachine.data.sync.timeout.retry = -1 (default)
2019-10-21 06:40:12,049 [pool-37-thread-1] INFO  segmented.SegmentedRaftLogWorker (SegmentedRaftLogWorker.java:lambda$new$0(128)) - 7f816ce6-81b3-454f-8cd3-78a87910d122@group-FFB6F7D22477-SegmentedRaftLogWorker: flushIndex: setUnconditionally 0 -> -1
2019-10-21 06:40:12,049 [pool-57-thread-1] WARN  impl.MetricRegistriesImpl (MetricRegistriesImpl.java:lambda$create$1(61)) - First MetricRegistry has been created without registering reporters. You may need to call MetricRegistries.global().addReportRegistration(...) before.
2019-10-21 06:40:12,049 [pool-27-thread-1] INFO  server.RaftServerConfigKeys (ConfUtils.java:logGet(43)) - raft.server.log.statemachine.data.caching.enabled = true (custom)
2019-10-21 06:40:12,049 [pool-37-thread-1] INFO  server.RaftServerConfigKeys (ConfUtils.java:logGet(43)) - raft.server.snapshot.auto.trigger.enabled = true (custom)
2019-10-21 06:40:12,050 [pool-37-thread-1] INFO  server.RaftServerConfigKeys (ConfUtils.java:logGet(43)) - raft.server.snapshot.auto.trigger.threshold = 10000 (custom)
2019-10-21 06:40:12,050 [pool-37-thread-1] INFO  server.RaftServerConfigKeys (ConfUtils.java:logGet(43)) - raft.server.snapshot.retention.file.num = 5 (custom)
2019-10-21 06:40:12,050 [pool-27-thread-1] INFO  segmented.SegmentedRaftLogWorker (SegmentedRaftLogWorker.java:lambda$new$0(128)) - 7208b4d2-b488-44f5-9c2c-e18614d3c8fc@group-FFB6F7D22477-SegmentedRaftLogWorker: flushIndex: setUnconditionally 0 -> -1
2019-10-21 06:40:12,050 [pool-37-thread-1] INFO  server.RaftServerConfigKeys (ConfUtils.java:logGet(43)) - raft.server.retrycache.expirytime = 600000ms (custom)
2019-10-21 06:40:12,050 [pool-37-thread-1] WARN  impl.MetricRegistriesImpl (MetricRegistriesImpl.java:lambda$create$1(61)) - First MetricRegistry has been created without registering reporters. You may need to call MetricRegistries.global().addReportRegistration(...) before.
2019-10-21 06:40:12,050 [pool-27-thread-1] INFO  server.RaftServerConfigKeys (ConfUtils.java:logGet(43)) - raft.server.snapshot.auto.trigger.enabled = true (custom)
2019-10-21 06:40:12,050 [pool-37-thread-1] WARN  impl.MetricRegistriesImpl (MetricRegistriesImpl.java:lambda$create$1(61)) - First MetricRegistry has been created without registering reporters. You may need to call MetricRegistries.global().addReportRegistration(...) before.
2019-10-21 06:40:12,050 [pool-27-thread-1] INFO  server.RaftServerConfigKeys (ConfUtils.java:logGet(43)) - raft.server.snapshot.auto.trigger.threshold = 10000 (custom)
2019-10-21 06:40:12,051 [pool-37-thread-1] INFO  impl.RaftServerImpl (RaftServerImpl.java:start(184)) - 7f816ce6-81b3-454f-8cd3-78a87910d122@group-FFB6F7D22477: start as a follower, conf=-1: [7f816ce6-81b3-454f-8cd3-78a87910d122:192.168.164.197:44856, 7208b4d2-b488-44f5-9c2c-e18614d3c8fc:192.168.164.197:42802, 066dad1a-b609-40a4-ad71-a0638f6dd1ec:192.168.164.197:32946], old=null
2019-10-21 06:40:12,051 [pool-27-thread-1] INFO  server.RaftServerConfigKeys (ConfUtils.java:logGet(43)) - raft.server.snapshot.retention.file.num = 5 (custom)
2019-10-21 06:40:12,052 [pool-37-thread-1] INFO  impl.RaftServerImpl (RaftServerImpl.java:setRole(173)) - 7f816ce6-81b3-454f-8cd3-78a87910d122@group-FFB6F7D22477: changes role from      null to FOLLOWER at term 0 for startAsFollower
2019-10-21 06:40:12,053 [pool-27-thread-1] INFO  server.RaftServerConfigKeys (ConfUtils.java:logGet(43)) - raft.server.retrycache.expirytime = 600000ms (custom)
2019-10-21 06:40:12,054 [pool-37-thread-1] INFO  impl.RoleInfo (RoleInfo.java:updateAndGet(143)) - 7f816ce6-81b3-454f-8cd3-78a87910d122: start FollowerState
2019-10-21 06:40:12,054 [pool-27-thread-1] WARN  impl.MetricRegistriesImpl (MetricRegistriesImpl.java:lambda$create$1(61)) - First MetricRegistry has been created without registering reporters. You may need to call MetricRegistries.global().addReportRegistration(...) before.
2019-10-21 06:40:12,054 [pool-27-thread-1] WARN  impl.MetricRegistriesImpl (MetricRegistriesImpl.java:lambda$create$1(61)) - First MetricRegistry has been created without registering reporters. You may need to call MetricRegistries.global().addReportRegistration(...) before.
2019-10-21 06:40:12,054 [pool-37-thread-1] INFO  util.JmxRegister (JmxRegister.java:tryRegister(44)) - Successfully registered JMX Bean with object name Ratis:service=RaftServer,group=group-FFB6F7D22477,id=7f816ce6-81b3-454f-8cd3-78a87910d122
2019-10-21 06:40:12,054 [pool-37-thread-1] WARN  impl.MetricRegistriesImpl (MetricRegistriesImpl.java:lambda$create$1(61)) - First MetricRegistry has been created without registering reporters. You may need to call MetricRegistries.global().addReportRegistration(...) before.
2019-10-21 06:40:12,054 [pool-27-thread-1] INFO  impl.RaftServerImpl (RaftServerImpl.java:start(184)) - 7208b4d2-b488-44f5-9c2c-e18614d3c8fc@group-FFB6F7D22477: start as a follower, conf=-1: [7f816ce6-81b3-454f-8cd3-78a87910d122:192.168.164.197:44856, 7208b4d2-b488-44f5-9c2c-e18614d3c8fc:192.168.164.197:42802, 066dad1a-b609-40a4-ad71-a0638f6dd1ec:192.168.164.197:32946], old=null
2019-10-21 06:40:12,055 [pool-27-thread-1] INFO  impl.RaftServerImpl (RaftServerImpl.java:setRole(173)) - 7208b4d2-b488-44f5-9c2c-e18614d3c8fc@group-FFB6F7D22477: changes role from      null to FOLLOWER at term 0 for startAsFollower
2019-10-21 06:40:12,055 [pool-27-thread-1] INFO  impl.RoleInfo (RoleInfo.java:updateAndGet(143)) - 7208b4d2-b488-44f5-9c2c-e18614d3c8fc: start FollowerState
2019-10-21 06:40:12,055 [pool-27-thread-1] INFO  util.JmxRegister (JmxRegister.java:tryRegister(44)) - Successfully registered JMX Bean with object name Ratis:service=RaftServer,group=group-FFB6F7D22477,id=7208b4d2-b488-44f5-9c2c-e18614d3c8fc
2019-10-21 06:40:12,056 [pool-27-thread-1] WARN  impl.MetricRegistriesImpl (MetricRegistriesImpl.java:lambda$create$1(61)) - First MetricRegistry has been created without registering reporters. You may need to call MetricRegistries.global().addReportRegistration(...) before.
2019-10-21 06:40:12,060 [RatisPipelineUtilsThread] INFO  pipeline.PipelineStateManager (PipelineStateManager.java:addPipeline(55)) - Created pipeline Pipeline[ Id: 9e9453d6-70d9-4ea7-9918-ffb6f7d22477, Nodes: 7208b4d2-b488-44f5-9c2c-e18614d3c8fc{ip: 192.168.164.197, host: pr-hdds-1868-qzls5-2202220713, networkLocation: /default-rack, certSerialId: null}7f816ce6-81b3-454f-8cd3-78a87910d122{ip: 192.168.164.197, host: pr-hdds-1868-qzls5-2202220713, networkLocation: /default-rack, certSerialId: null}066dad1a-b609-40a4-ad71-a0638f6dd1ec{ip: 192.168.164.197, host: pr-hdds-1868-qzls5-2202220713, networkLocation: /default-rack, certSerialId: null}, Type:RATIS, Factor:THREE, State:ALLOCATED]
 0.00% |?                                                                                                    |  0/1 Time: 0:01:122019-10-21 06:40:12,961 [pool-73-thread-3] WARN  io.KeyOutputStream (KeyOutputStream.java:handleException(274)) - Encountered exception java.io.IOException: Unexpected Storage Container Exception: java.util.concurrent.CompletionException: java.util.concurrent.CompletionException: org.apache.ratis.protocol.GroupMismatchException: 7208b4d2-b488-44f5-9c2c-e18614d3c8fc: group-877C4825A4D0 not found. on the pipeline Pipeline[ Id: b88f4de2-2f32-42b0-bd1a-877c4825a4d0, Nodes: 7208b4d2-b488-44f5-9c2c-e18614d3c8fc{ip: 192.168.164.197, host: pr-hdds-1868-qzls5-2202220713, networkLocation: /default-rack, certSerialId: null}7f816ce6-81b3-454f-8cd3-78a87910d122{ip: 192.168.164.197, host: pr-hdds-1868-qzls5-2202220713, networkLocation: /default-rack, certSerialId: null}066dad1a-b609-40a4-ad71-a0638f6dd1ec{ip: 192.168.164.197, host: pr-hdds-1868-qzls5-2202220713, networkLocation: /default-rack, certSerialId: null}, Type:RATIS, Factor:THREE, State:OPEN]. The last committed block length is 0, uncommitted data length is 2097152 retry count 0
2019-10-21 06:40:12,988 [IPC Server handler 3 on 38467] WARN  block.BlockManagerImpl (BlockManagerImpl.java:allocateBlock(200)) - Pipeline creation failed for type:RATIS factor:THREE. Retrying get pipelines call once.
org.apache.hadoop.hdds.scm.pipeline.InsufficientDatanodesException: Cannot create pipeline of factor 3 using 2 nodes.
	at org.apache.hadoop.hdds.scm.pipeline.RatisPipelineProvider.create(RatisPipelineProvider.java:153)
	at org.apache.hadoop.hdds.scm.pipeline.PipelineFactory.create(PipelineFactory.java:58)
	at org.apache.hadoop.hdds.scm.pipeline.SCMPipelineManager.createPipeline(SCMPipelineManager.java:161)
	at org.apache.hadoop.hdds.scm.block.BlockManagerImpl.allocateBlock(BlockManagerImpl.java:198)
	at org.apache.hadoop.hdds.scm.server.SCMBlockProtocolServer.allocateBlock(SCMBlockProtocolServer.java:182)
	at org.apache.hadoop.hdds.scm.protocol.ScmBlockLocationProtocolServerSideTranslatorPB.allocateScmBlock(ScmBlockLocationProtocolServerSideTranslatorPB.java:159)
	at org.apache.hadoop.hdds.scm.protocol.ScmBlockLocationProtocolServerSideTranslatorPB.processMessage(ScmBlockLocationProtocolServerSideTranslatorPB.java:117)
	at org.apache.hadoop.hdds.server.OzoneProtocolMessageDispatcher.processRequest(OzoneProtocolMessageDispatcher.java:72)
	at org.apache.hadoop.hdds.scm.protocol.ScmBlockLocationProtocolServerSideTranslatorPB.send(ScmBlockLocationProtocolServerSideTranslatorPB.java:98)
	at org.apache.hadoop.hdds.protocol.proto.ScmBlockLocationProtocolProtos$ScmBlockLocationProtocolService$2.callBlockingMethod(ScmBlockLocationProtocolProtos.java:13157)
	at org.apache.hadoop.ipc.ProtobufRpcEngine$Server$ProtoBufRpcInvoker.call(ProtobufRpcEngine.java:524)
	at org.apache.hadoop.ipc.RPC$Server.call(RPC.java:1025)
	at org.apache.hadoop.ipc.Server$RpcCall.run(Server.java:876)
	at org.apache.hadoop.ipc.Server$RpcCall.run(Server.java:822)
	at java.security.AccessController.doPrivileged(Native Method)
	at javax.security.auth.Subject.doAs(Subject.java:422)
	at org.apache.hadoop.security.UserGroupInformation.doAs(UserGroupInformation.java:1730)
	at org.apache.hadoop.ipc.Server$Handler.run(Server.java:2682)
2019-10-21 06:40:12,993 [IPC Server handler 3 on 38467] INFO  block.BlockManagerImpl (BlockManagerImpl.java:allocateBlock(212)) - Could not find available pipeline of type:RATIS and factor:THREE even after retrying
2019-10-21 06:40:12,993 [IPC Server handler 3 on 38467] ERROR block.BlockManagerImpl (BlockManagerImpl.java:allocateBlock(236)) - Unable to allocate a block for the size: 4194304, type: RATIS, factor: THREE
2019-10-21 06:40:12,999 [pool-73-thread-3] ERROR io.BlockOutputStreamEntryPool (BlockOutputStreamEntryPool.java:allocateBlockIfNeeded(309)) - Try to allocate more blocks for write failed, already allocated 0 blocks for this write.
INTERNAL_ERROR org.apache.hadoop.ozone.om.exceptions.OMException: Allocated 0 blocks. Requested 1 blocks
	at org.apache.hadoop.ozone.om.protocolPB.OzoneManagerProtocolClientSideTranslatorPB.handleError(OzoneManagerProtocolClientSideTranslatorPB.java:732)
	at org.apache.hadoop.ozone.om.protocolPB.OzoneManagerProtocolClientSideTranslatorPB.allocateBlock(OzoneManagerProtocolClientSideTranslatorPB.java:764)
	at sun.reflect.NativeMethodAccessorImpl.invoke0(Native Method)
	at sun.reflect.NativeMethodAccessorImpl.invoke(NativeMethodAccessorImpl.java:62)
	at sun.reflect.DelegatingMethodAccessorImpl.invoke(DelegatingMethodAccessorImpl.java:43)
	at java.lang.reflect.Method.invoke(Method.java:498)
	at org.apache.hadoop.hdds.tracing.TraceAllMethod.invoke(TraceAllMethod.java:66)
	at com.sun.proxy.$Proxy37.allocateBlock(Unknown Source)
	at org.apache.hadoop.ozone.client.io.BlockOutputStreamEntryPool.allocateNewBlock(BlockOutputStreamEntryPool.java:258)
	at org.apache.hadoop.ozone.client.io.BlockOutputStreamEntryPool.allocateBlockIfNeeded(BlockOutputStreamEntryPool.java:306)
	at org.apache.hadoop.ozone.client.io.KeyOutputStream.handleWrite(KeyOutputStream.java:198)
	at org.apache.hadoop.ozone.client.io.KeyOutputStream.handleRetry(KeyOutputStream.java:375)
	at org.apache.hadoop.ozone.client.io.KeyOutputStream.handleException(KeyOutputStream.java:324)
	at org.apache.hadoop.ozone.client.io.KeyOutputStream.handleWrite(KeyOutputStream.java:228)
	at org.apache.hadoop.ozone.client.io.KeyOutputStream.write(KeyOutputStream.java:190)
	at org.apache.hadoop.ozone.client.io.OzoneOutputStream.write(OzoneOutputStream.java:49)
	at org.apache.hadoop.ozone.freon.RandomKeyGenerator.createKey(RandomKeyGenerator.java:708)
	at org.apache.hadoop.ozone.freon.RandomKeyGenerator.access$1100(RandomKeyGenerator.java:88)
	at org.apache.hadoop.ozone.freon.RandomKeyGenerator$ObjectCreator.run(RandomKeyGenerator.java:615)
	at java.util.concurrent.Executors$RunnableAdapter.call(Executors.java:511)
	at java.util.concurrent.FutureTask.run(FutureTask.java:266)
	at java.util.concurrent.ThreadPoolExecutor.runWorker(ThreadPoolExecutor.java:1149)
	at java.util.concurrent.ThreadPoolExecutor$Worker.run(ThreadPoolExecutor.java:624)
	at java.lang.Thread.run(Thread.java:748)
2019-10-21 06:40:13,001 [pool-73-thread-3] ERROR freon.RandomKeyGenerator (RandomKeyGenerator.java:createKey(733)) - Exception while adding key: key-0-07050 in bucket: bucket-0-36870 of volume: vol-0-08745.
INTERNAL_ERROR org.apache.hadoop.ozone.om.exceptions.OMException: Allocated 0 blocks. Requested 1 blocks
	at org.apache.hadoop.ozone.om.protocolPB.OzoneManagerProtocolClientSideTranslatorPB.handleError(OzoneManagerProtocolClientSideTranslatorPB.java:732)
	at org.apache.hadoop.ozone.om.protocolPB.OzoneManagerProtocolClientSideTranslatorPB.allocateBlock(OzoneManagerProtocolClientSideTranslatorPB.java:764)
	at sun.reflect.NativeMethodAccessorImpl.invoke0(Native Method)
	at sun.reflect.NativeMethodAccessorImpl.invoke(NativeMethodAccessorImpl.java:62)
	at sun.reflect.DelegatingMethodAccessorImpl.invoke(DelegatingMethodAccessorImpl.java:43)
	at java.lang.reflect.Method.invoke(Method.java:498)
	at org.apache.hadoop.hdds.tracing.TraceAllMethod.invoke(TraceAllMethod.java:66)
	at com.sun.proxy.$Proxy37.allocateBlock(Unknown Source)
	at org.apache.hadoop.ozone.client.io.BlockOutputStreamEntryPool.allocateNewBlock(BlockOutputStreamEntryPool.java:258)
	at org.apache.hadoop.ozone.client.io.BlockOutputStreamEntryPool.allocateBlockIfNeeded(BlockOutputStreamEntryPool.java:306)
	at org.apache.hadoop.ozone.client.io.KeyOutputStream.handleWrite(KeyOutputStream.java:198)
	at org.apache.hadoop.ozone.client.io.KeyOutputStream.handleRetry(KeyOutputStream.java:375)
	at org.apache.hadoop.ozone.client.io.KeyOutputStream.handleException(KeyOutputStream.java:324)
	at org.apache.hadoop.ozone.client.io.KeyOutputStream.handleWrite(KeyOutputStream.java:228)
	at org.apache.hadoop.ozone.client.io.KeyOutputStream.write(KeyOutputStream.java:190)
	at org.apache.hadoop.ozone.client.io.OzoneOutputStream.write(OzoneOutputStream.java:49)
	at org.apache.hadoop.ozone.freon.RandomKeyGenerator.createKey(RandomKeyGenerator.java:708)
	at org.apache.hadoop.ozone.freon.RandomKeyGenerator.access$1100(RandomKeyGenerator.java:88)
	at org.apache.hadoop.ozone.freon.RandomKeyGenerator$ObjectCreator.run(RandomKeyGenerator.java:615)
	at java.util.concurrent.Executors$RunnableAdapter.call(Executors.java:511)
	at java.util.concurrent.FutureTask.run(FutureTask.java:266)
	at java.util.concurrent.ThreadPoolExecutor.runWorker(ThreadPoolExecutor.java:1149)
	at java.util.concurrent.ThreadPoolExecutor$Worker.run(ThreadPoolExecutor.java:624)
	at java.lang.Thread.run(Thread.java:748)
 0.00% |?                                                                                                    |  0/1 Time: 0:01:13 0.00% |?                                                                                                    |  0/1 Time: 0:01:14 100.00% |?????????????????????????????????????????????????????????????????????????????????????????????????????|  1/1 Time: 0:01:15
]]></system-out>
  </testcase>
  <testcase name="standaloneTestLargeKey" classname="org.apache.hadoop.ozone.freon.TestDataValidateWithDummyContainers" time="5.034">
    <error message="Allocated 0 blocks. Requested 5 blocks" type="INTERNAL_ERROR org.apache.hadoop.ozone.om.exceptions.OMException">INTERNAL_ERROR org.apache.hadoop.ozone.om.exceptions.OMException: Allocated 0 blocks. Requested 5 blocks
	at org.apache.hadoop.ozone.om.protocolPB.OzoneManagerProtocolClientSideTranslatorPB.handleError(OzoneManagerProtocolClientSideTranslatorPB.java:732)
	at org.apache.hadoop.ozone.om.protocolPB.OzoneManagerProtocolClientSideTranslatorPB.openKey(OzoneManagerProtocolClientSideTranslatorPB.java:723)
	at sun.reflect.NativeMethodAccessorImpl.invoke0(Native Method)
	at sun.reflect.NativeMethodAccessorImpl.invoke(NativeMethodAccessorImpl.java:62)
	at sun.reflect.DelegatingMethodAccessorImpl.invoke(DelegatingMethodAccessorImpl.java:43)
	at java.lang.reflect.Method.invoke(Method.java:498)
	at org.apache.hadoop.hdds.tracing.TraceAllMethod.invoke(TraceAllMethod.java:66)
	at com.sun.proxy.$Proxy37.openKey(Unknown Source)
	at org.apache.hadoop.ozone.client.rpc.RpcClient.createKey(RpcClient.java:614)
	at org.apache.hadoop.ozone.client.OzoneBucket.createKey(OzoneBucket.java:325)
	at org.apache.hadoop.ozone.freon.RandomKeyGenerator.createKey(RandomKeyGenerator.java:695)
	at org.apache.hadoop.ozone.freon.RandomKeyGenerator.access$1100(RandomKeyGenerator.java:88)
	at org.apache.hadoop.ozone.freon.RandomKeyGenerator$ObjectCreator.run(RandomKeyGenerator.java:615)
	at java.util.concurrent.Executors$RunnableAdapter.call(Executors.java:511)
	at java.util.concurrent.FutureTask.run(FutureTask.java:266)
	at java.util.concurrent.ThreadPoolExecutor.runWorker(ThreadPoolExecutor.java:1149)
	at java.util.concurrent.ThreadPoolExecutor$Worker.run(ThreadPoolExecutor.java:624)
	at java.lang.Thread.run(Thread.java:748)
</error>
    <system-out><![CDATA[2019-10-21 06:40:15,835 [main] INFO  freon.RandomKeyGenerator (RandomKeyGenerator.java:call(258)) - Override validateWrites to false, because hdds.container.chunk.persistdata is set to false.
2019-10-21 06:40:15,857 [main] INFO  freon.RandomKeyGenerator (RandomKeyGenerator.java:call(283)) - Number of Threads: 10
2019-10-21 06:40:15,857 [main] INFO  freon.RandomKeyGenerator (RandomKeyGenerator.java:call(288)) - Number of Volumes: 1.
2019-10-21 06:40:15,857 [main] INFO  freon.RandomKeyGenerator (RandomKeyGenerator.java:call(289)) - Number of Buckets per Volume: 1.
2019-10-21 06:40:15,858 [main] INFO  freon.RandomKeyGenerator (RandomKeyGenerator.java:call(290)) - Number of Keys per Bucket: 1.
2019-10-21 06:40:15,858 [main] INFO  freon.RandomKeyGenerator (RandomKeyGenerator.java:call(291)) - Key size: 20971520 bytes
2019-10-21 06:40:15,858 [main] INFO  freon.RandomKeyGenerator (RandomKeyGenerator.java:call(292)) - Buffer size: 4096 bytes
2019-10-21 06:40:15,859 [main] INFO  freon.RandomKeyGenerator (RandomKeyGenerator.java:call(293)) - validateWrites : false
2019-10-21 06:40:15,861 [main] INFO  freon.RandomKeyGenerator (RandomKeyGenerator.java:call(313)) - Starting progress bar Thread.
2019-10-21 06:40:15,861 [pool-75-thread-1] INFO  rpc.RpcClient (RpcClient.java:createVolume(272)) - Creating Volume: vol-0-87156, with jenkins1000 as owner.

 0.00% |?                                                                                                    |  0/1 Time: 0:00:002019-10-21 06:40:15,870 [IPC Server handler 18 on 43339] INFO  volume.OMVolumeCreateRequest (OMVolumeCreateRequest.java:validateAndUpdateCache(193)) - created volume:vol-0-87156 for user:jenkins1000
2019-10-21 06:40:15,880 [pool-75-thread-2] INFO  rpc.RpcClient (RpcClient.java:createBucket(411)) - Creating Bucket: vol-0-87156/bucket-0-09358, with Versioning false and Storage Type set to DISK and Encryption set to false 
2019-10-21 06:40:15,898 [IPC Server handler 3 on 38467] WARN  block.BlockManagerImpl (BlockManagerImpl.java:allocateBlock(200)) - Pipeline creation failed for type:RATIS factor:THREE. Retrying get pipelines call once.
org.apache.hadoop.hdds.scm.pipeline.InsufficientDatanodesException: Cannot create pipeline of factor 3 using 2 nodes.
	at org.apache.hadoop.hdds.scm.pipeline.RatisPipelineProvider.create(RatisPipelineProvider.java:153)
	at org.apache.hadoop.hdds.scm.pipeline.PipelineFactory.create(PipelineFactory.java:58)
	at org.apache.hadoop.hdds.scm.pipeline.SCMPipelineManager.createPipeline(SCMPipelineManager.java:161)
	at org.apache.hadoop.hdds.scm.block.BlockManagerImpl.allocateBlock(BlockManagerImpl.java:198)
	at org.apache.hadoop.hdds.scm.server.SCMBlockProtocolServer.allocateBlock(SCMBlockProtocolServer.java:182)
	at org.apache.hadoop.hdds.scm.protocol.ScmBlockLocationProtocolServerSideTranslatorPB.allocateScmBlock(ScmBlockLocationProtocolServerSideTranslatorPB.java:159)
	at org.apache.hadoop.hdds.scm.protocol.ScmBlockLocationProtocolServerSideTranslatorPB.processMessage(ScmBlockLocationProtocolServerSideTranslatorPB.java:117)
	at org.apache.hadoop.hdds.server.OzoneProtocolMessageDispatcher.processRequest(OzoneProtocolMessageDispatcher.java:72)
	at org.apache.hadoop.hdds.scm.protocol.ScmBlockLocationProtocolServerSideTranslatorPB.send(ScmBlockLocationProtocolServerSideTranslatorPB.java:98)
	at org.apache.hadoop.hdds.protocol.proto.ScmBlockLocationProtocolProtos$ScmBlockLocationProtocolService$2.callBlockingMethod(ScmBlockLocationProtocolProtos.java:13157)
	at org.apache.hadoop.ipc.ProtobufRpcEngine$Server$ProtoBufRpcInvoker.call(ProtobufRpcEngine.java:524)
	at org.apache.hadoop.ipc.RPC$Server.call(RPC.java:1025)
	at org.apache.hadoop.ipc.Server$RpcCall.run(Server.java:876)
	at org.apache.hadoop.ipc.Server$RpcCall.run(Server.java:822)
	at java.security.AccessController.doPrivileged(Native Method)
	at javax.security.auth.Subject.doAs(Subject.java:422)
	at org.apache.hadoop.security.UserGroupInformation.doAs(UserGroupInformation.java:1730)
	at org.apache.hadoop.ipc.Server$Handler.run(Server.java:2682)
2019-10-21 06:40:15,898 [IPC Server handler 3 on 38467] INFO  block.BlockManagerImpl (BlockManagerImpl.java:allocateBlock(212)) - Could not find available pipeline of type:RATIS and factor:THREE even after retrying
2019-10-21 06:40:15,899 [IPC Server handler 3 on 38467] ERROR block.BlockManagerImpl (BlockManagerImpl.java:allocateBlock(236)) - Unable to allocate a block for the size: 4194304, type: RATIS, factor: THREE
2019-10-21 06:40:15,902 [IPC Server handler 3 on 38467] WARN  block.BlockManagerImpl (BlockManagerImpl.java:allocateBlock(200)) - Pipeline creation failed for type:RATIS factor:THREE. Retrying get pipelines call once.
org.apache.hadoop.hdds.scm.pipeline.InsufficientDatanodesException: Cannot create pipeline of factor 3 using 2 nodes.
	at org.apache.hadoop.hdds.scm.pipeline.RatisPipelineProvider.create(RatisPipelineProvider.java:153)
	at org.apache.hadoop.hdds.scm.pipeline.PipelineFactory.create(PipelineFactory.java:58)
	at org.apache.hadoop.hdds.scm.pipeline.SCMPipelineManager.createPipeline(SCMPipelineManager.java:161)
	at org.apache.hadoop.hdds.scm.block.BlockManagerImpl.allocateBlock(BlockManagerImpl.java:198)
	at org.apache.hadoop.hdds.scm.server.SCMBlockProtocolServer.allocateBlock(SCMBlockProtocolServer.java:182)
	at org.apache.hadoop.hdds.scm.protocol.ScmBlockLocationProtocolServerSideTranslatorPB.allocateScmBlock(ScmBlockLocationProtocolServerSideTranslatorPB.java:159)
	at org.apache.hadoop.hdds.scm.protocol.ScmBlockLocationProtocolServerSideTranslatorPB.processMessage(ScmBlockLocationProtocolServerSideTranslatorPB.java:117)
	at org.apache.hadoop.hdds.server.OzoneProtocolMessageDispatcher.processRequest(OzoneProtocolMessageDispatcher.java:72)
	at org.apache.hadoop.hdds.scm.protocol.ScmBlockLocationProtocolServerSideTranslatorPB.send(ScmBlockLocationProtocolServerSideTranslatorPB.java:98)
	at org.apache.hadoop.hdds.protocol.proto.ScmBlockLocationProtocolProtos$ScmBlockLocationProtocolService$2.callBlockingMethod(ScmBlockLocationProtocolProtos.java:13157)
	at org.apache.hadoop.ipc.ProtobufRpcEngine$Server$ProtoBufRpcInvoker.call(ProtobufRpcEngine.java:524)
	at org.apache.hadoop.ipc.RPC$Server.call(RPC.java:1025)
	at org.apache.hadoop.ipc.Server$RpcCall.run(Server.java:876)
	at org.apache.hadoop.ipc.Server$RpcCall.run(Server.java:822)
	at java.security.AccessController.doPrivileged(Native Method)
	at javax.security.auth.Subject.doAs(Subject.java:422)
	at org.apache.hadoop.security.UserGroupInformation.doAs(UserGroupInformation.java:1730)
	at org.apache.hadoop.ipc.Server$Handler.run(Server.java:2682)
2019-10-21 06:40:15,903 [IPC Server handler 3 on 38467] INFO  block.BlockManagerImpl (BlockManagerImpl.java:allocateBlock(212)) - Could not find available pipeline of type:RATIS and factor:THREE even after retrying
2019-10-21 06:40:15,903 [IPC Server handler 3 on 38467] ERROR block.BlockManagerImpl (BlockManagerImpl.java:allocateBlock(236)) - Unable to allocate a block for the size: 4194304, type: RATIS, factor: THREE
2019-10-21 06:40:15,904 [IPC Server handler 3 on 38467] WARN  block.BlockManagerImpl (BlockManagerImpl.java:allocateBlock(200)) - Pipeline creation failed for type:RATIS factor:THREE. Retrying get pipelines call once.
org.apache.hadoop.hdds.scm.pipeline.InsufficientDatanodesException: Cannot create pipeline of factor 3 using 2 nodes.
	at org.apache.hadoop.hdds.scm.pipeline.RatisPipelineProvider.create(RatisPipelineProvider.java:153)
	at org.apache.hadoop.hdds.scm.pipeline.PipelineFactory.create(PipelineFactory.java:58)
	at org.apache.hadoop.hdds.scm.pipeline.SCMPipelineManager.createPipeline(SCMPipelineManager.java:161)
	at org.apache.hadoop.hdds.scm.block.BlockManagerImpl.allocateBlock(BlockManagerImpl.java:198)
	at org.apache.hadoop.hdds.scm.server.SCMBlockProtocolServer.allocateBlock(SCMBlockProtocolServer.java:182)
	at org.apache.hadoop.hdds.scm.protocol.ScmBlockLocationProtocolServerSideTranslatorPB.allocateScmBlock(ScmBlockLocationProtocolServerSideTranslatorPB.java:159)
	at org.apache.hadoop.hdds.scm.protocol.ScmBlockLocationProtocolServerSideTranslatorPB.processMessage(ScmBlockLocationProtocolServerSideTranslatorPB.java:117)
	at org.apache.hadoop.hdds.server.OzoneProtocolMessageDispatcher.processRequest(OzoneProtocolMessageDispatcher.java:72)
	at org.apache.hadoop.hdds.scm.protocol.ScmBlockLocationProtocolServerSideTranslatorPB.send(ScmBlockLocationProtocolServerSideTranslatorPB.java:98)
	at org.apache.hadoop.hdds.protocol.proto.ScmBlockLocationProtocolProtos$ScmBlockLocationProtocolService$2.callBlockingMethod(ScmBlockLocationProtocolProtos.java:13157)
	at org.apache.hadoop.ipc.ProtobufRpcEngine$Server$ProtoBufRpcInvoker.call(ProtobufRpcEngine.java:524)
	at org.apache.hadoop.ipc.RPC$Server.call(RPC.java:1025)
	at org.apache.hadoop.ipc.Server$RpcCall.run(Server.java:876)
	at org.apache.hadoop.ipc.Server$RpcCall.run(Server.java:822)
	at java.security.AccessController.doPrivileged(Native Method)
	at javax.security.auth.Subject.doAs(Subject.java:422)
	at org.apache.hadoop.security.UserGroupInformation.doAs(UserGroupInformation.java:1730)
	at org.apache.hadoop.ipc.Server$Handler.run(Server.java:2682)
2019-10-21 06:40:15,904 [IPC Server handler 3 on 38467] INFO  block.BlockManagerImpl (BlockManagerImpl.java:allocateBlock(212)) - Could not find available pipeline of type:RATIS and factor:THREE even after retrying
2019-10-21 06:40:15,904 [IPC Server handler 3 on 38467] ERROR block.BlockManagerImpl (BlockManagerImpl.java:allocateBlock(236)) - Unable to allocate a block for the size: 4194304, type: RATIS, factor: THREE
2019-10-21 06:40:15,906 [IPC Server handler 3 on 38467] WARN  block.BlockManagerImpl (BlockManagerImpl.java:allocateBlock(200)) - Pipeline creation failed for type:RATIS factor:THREE. Retrying get pipelines call once.
org.apache.hadoop.hdds.scm.pipeline.InsufficientDatanodesException: Cannot create pipeline of factor 3 using 2 nodes.
	at org.apache.hadoop.hdds.scm.pipeline.RatisPipelineProvider.create(RatisPipelineProvider.java:153)
	at org.apache.hadoop.hdds.scm.pipeline.PipelineFactory.create(PipelineFactory.java:58)
	at org.apache.hadoop.hdds.scm.pipeline.SCMPipelineManager.createPipeline(SCMPipelineManager.java:161)
	at org.apache.hadoop.hdds.scm.block.BlockManagerImpl.allocateBlock(BlockManagerImpl.java:198)
	at org.apache.hadoop.hdds.scm.server.SCMBlockProtocolServer.allocateBlock(SCMBlockProtocolServer.java:182)
	at org.apache.hadoop.hdds.scm.protocol.ScmBlockLocationProtocolServerSideTranslatorPB.allocateScmBlock(ScmBlockLocationProtocolServerSideTranslatorPB.java:159)
	at org.apache.hadoop.hdds.scm.protocol.ScmBlockLocationProtocolServerSideTranslatorPB.processMessage(ScmBlockLocationProtocolServerSideTranslatorPB.java:117)
	at org.apache.hadoop.hdds.server.OzoneProtocolMessageDispatcher.processRequest(OzoneProtocolMessageDispatcher.java:72)
	at org.apache.hadoop.hdds.scm.protocol.ScmBlockLocationProtocolServerSideTranslatorPB.send(ScmBlockLocationProtocolServerSideTranslatorPB.java:98)
	at org.apache.hadoop.hdds.protocol.proto.ScmBlockLocationProtocolProtos$ScmBlockLocationProtocolService$2.callBlockingMethod(ScmBlockLocationProtocolProtos.java:13157)
	at org.apache.hadoop.ipc.ProtobufRpcEngine$Server$ProtoBufRpcInvoker.call(ProtobufRpcEngine.java:524)
	at org.apache.hadoop.ipc.RPC$Server.call(RPC.java:1025)
	at org.apache.hadoop.ipc.Server$RpcCall.run(Server.java:876)
	at org.apache.hadoop.ipc.Server$RpcCall.run(Server.java:822)
	at java.security.AccessController.doPrivileged(Native Method)
	at javax.security.auth.Subject.doAs(Subject.java:422)
	at org.apache.hadoop.security.UserGroupInformation.doAs(UserGroupInformation.java:1730)
	at org.apache.hadoop.ipc.Server$Handler.run(Server.java:2682)
2019-10-21 06:40:15,906 [IPC Server handler 3 on 38467] INFO  block.BlockManagerImpl (BlockManagerImpl.java:allocateBlock(212)) - Could not find available pipeline of type:RATIS and factor:THREE even after retrying
2019-10-21 06:40:15,906 [IPC Server handler 3 on 38467] ERROR block.BlockManagerImpl (BlockManagerImpl.java:allocateBlock(236)) - Unable to allocate a block for the size: 4194304, type: RATIS, factor: THREE
2019-10-21 06:40:15,907 [IPC Server handler 3 on 38467] WARN  block.BlockManagerImpl (BlockManagerImpl.java:allocateBlock(200)) - Pipeline creation failed for type:RATIS factor:THREE. Retrying get pipelines call once.
org.apache.hadoop.hdds.scm.pipeline.InsufficientDatanodesException: Cannot create pipeline of factor 3 using 2 nodes.
	at org.apache.hadoop.hdds.scm.pipeline.RatisPipelineProvider.create(RatisPipelineProvider.java:153)
	at org.apache.hadoop.hdds.scm.pipeline.PipelineFactory.create(PipelineFactory.java:58)
	at org.apache.hadoop.hdds.scm.pipeline.SCMPipelineManager.createPipeline(SCMPipelineManager.java:161)
	at org.apache.hadoop.hdds.scm.block.BlockManagerImpl.allocateBlock(BlockManagerImpl.java:198)
	at org.apache.hadoop.hdds.scm.server.SCMBlockProtocolServer.allocateBlock(SCMBlockProtocolServer.java:182)
	at org.apache.hadoop.hdds.scm.protocol.ScmBlockLocationProtocolServerSideTranslatorPB.allocateScmBlock(ScmBlockLocationProtocolServerSideTranslatorPB.java:159)
	at org.apache.hadoop.hdds.scm.protocol.ScmBlockLocationProtocolServerSideTranslatorPB.processMessage(ScmBlockLocationProtocolServerSideTranslatorPB.java:117)
	at org.apache.hadoop.hdds.server.OzoneProtocolMessageDispatcher.processRequest(OzoneProtocolMessageDispatcher.java:72)
	at org.apache.hadoop.hdds.scm.protocol.ScmBlockLocationProtocolServerSideTranslatorPB.send(ScmBlockLocationProtocolServerSideTranslatorPB.java:98)
	at org.apache.hadoop.hdds.protocol.proto.ScmBlockLocationProtocolProtos$ScmBlockLocationProtocolService$2.callBlockingMethod(ScmBlockLocationProtocolProtos.java:13157)
	at org.apache.hadoop.ipc.ProtobufRpcEngine$Server$ProtoBufRpcInvoker.call(ProtobufRpcEngine.java:524)
	at org.apache.hadoop.ipc.RPC$Server.call(RPC.java:1025)
	at org.apache.hadoop.ipc.Server$RpcCall.run(Server.java:876)
	at org.apache.hadoop.ipc.Server$RpcCall.run(Server.java:822)
	at java.security.AccessController.doPrivileged(Native Method)
	at javax.security.auth.Subject.doAs(Subject.java:422)
	at org.apache.hadoop.security.UserGroupInformation.doAs(UserGroupInformation.java:1730)
	at org.apache.hadoop.ipc.Server$Handler.run(Server.java:2682)
2019-10-21 06:40:15,908 [IPC Server handler 3 on 38467] INFO  block.BlockManagerImpl (BlockManagerImpl.java:allocateBlock(212)) - Could not find available pipeline of type:RATIS and factor:THREE even after retrying
2019-10-21 06:40:15,908 [IPC Server handler 3 on 38467] ERROR block.BlockManagerImpl (BlockManagerImpl.java:allocateBlock(236)) - Unable to allocate a block for the size: 4194304, type: RATIS, factor: THREE
2019-10-21 06:40:15,909 [pool-75-thread-3] ERROR freon.RandomKeyGenerator (RandomKeyGenerator.java:createKey(733)) - Exception while adding key: key-0-63139 in bucket: bucket-0-09358 of volume: vol-0-87156.
INTERNAL_ERROR org.apache.hadoop.ozone.om.exceptions.OMException: Allocated 0 blocks. Requested 5 blocks
	at org.apache.hadoop.ozone.om.protocolPB.OzoneManagerProtocolClientSideTranslatorPB.handleError(OzoneManagerProtocolClientSideTranslatorPB.java:732)
	at org.apache.hadoop.ozone.om.protocolPB.OzoneManagerProtocolClientSideTranslatorPB.openKey(OzoneManagerProtocolClientSideTranslatorPB.java:723)
	at sun.reflect.NativeMethodAccessorImpl.invoke0(Native Method)
	at sun.reflect.NativeMethodAccessorImpl.invoke(NativeMethodAccessorImpl.java:62)
	at sun.reflect.DelegatingMethodAccessorImpl.invoke(DelegatingMethodAccessorImpl.java:43)
	at java.lang.reflect.Method.invoke(Method.java:498)
	at org.apache.hadoop.hdds.tracing.TraceAllMethod.invoke(TraceAllMethod.java:66)
	at com.sun.proxy.$Proxy37.openKey(Unknown Source)
	at org.apache.hadoop.ozone.client.rpc.RpcClient.createKey(RpcClient.java:614)
	at org.apache.hadoop.ozone.client.OzoneBucket.createKey(OzoneBucket.java:325)
	at org.apache.hadoop.ozone.freon.RandomKeyGenerator.createKey(RandomKeyGenerator.java:695)
	at org.apache.hadoop.ozone.freon.RandomKeyGenerator.access$1100(RandomKeyGenerator.java:88)
	at org.apache.hadoop.ozone.freon.RandomKeyGenerator$ObjectCreator.run(RandomKeyGenerator.java:615)
	at java.util.concurrent.Executors$RunnableAdapter.call(Executors.java:511)
	at java.util.concurrent.FutureTask.run(FutureTask.java:266)
	at java.util.concurrent.ThreadPoolExecutor.runWorker(ThreadPoolExecutor.java:1149)
	at java.util.concurrent.ThreadPoolExecutor$Worker.run(ThreadPoolExecutor.java:624)
	at java.lang.Thread.run(Thread.java:748)
 0.00% |?                                                                                                    |  0/1 Time: 0:00:012019-10-21 06:40:17,173 [Thread-414] INFO  impl.FollowerState (FollowerState.java:run(111)) - 066dad1a-b609-40a4-ad71-a0638f6dd1ec@group-FFB6F7D22477-FollowerState: change to CANDIDATE, lastRpcTime:5124ms, electionTimeout:5124ms
2019-10-21 06:40:17,173 [Thread-414] INFO  impl.RoleInfo (RoleInfo.java:shutdownFollowerState(121)) - 066dad1a-b609-40a4-ad71-a0638f6dd1ec: shutdown FollowerState
2019-10-21 06:40:17,174 [Thread-414] INFO  impl.RaftServerImpl (RaftServerImpl.java:setRole(173)) - 066dad1a-b609-40a4-ad71-a0638f6dd1ec@group-FFB6F7D22477: changes role from  FOLLOWER to CANDIDATE at term 0 for changeToCandidate
2019-10-21 06:40:17,174 [Thread-414] INFO  impl.RoleInfo (RoleInfo.java:updateAndGet(143)) - 066dad1a-b609-40a4-ad71-a0638f6dd1ec: start LeaderElection
2019-10-21 06:40:17,186 [Thread-420] INFO  impl.FollowerState (FollowerState.java:run(111)) - 7208b4d2-b488-44f5-9c2c-e18614d3c8fc@group-FFB6F7D22477-FollowerState: change to CANDIDATE, lastRpcTime:5131ms, electionTimeout:5131ms
2019-10-21 06:40:17,186 [Thread-420] INFO  impl.RoleInfo (RoleInfo.java:shutdownFollowerState(121)) - 7208b4d2-b488-44f5-9c2c-e18614d3c8fc: shutdown FollowerState
2019-10-21 06:40:17,187 [Thread-420] INFO  impl.RaftServerImpl (RaftServerImpl.java:setRole(173)) - 7208b4d2-b488-44f5-9c2c-e18614d3c8fc@group-FFB6F7D22477: changes role from  FOLLOWER to CANDIDATE at term 0 for changeToCandidate
2019-10-21 06:40:17,187 [Thread-420] INFO  impl.RoleInfo (RoleInfo.java:updateAndGet(143)) - 7208b4d2-b488-44f5-9c2c-e18614d3c8fc: start LeaderElection
2019-10-21 06:40:17,193 [7208b4d2-b488-44f5-9c2c-e18614d3c8fc@group-FFB6F7D22477-LeaderElection12] INFO  impl.LeaderElection (LeaderElection.java:askForVotes(178)) - 7208b4d2-b488-44f5-9c2c-e18614d3c8fc@group-FFB6F7D22477-LeaderElection12: begin an election at term 1 for -1: [7f816ce6-81b3-454f-8cd3-78a87910d122:192.168.164.197:44856, 7208b4d2-b488-44f5-9c2c-e18614d3c8fc:192.168.164.197:42802, 066dad1a-b609-40a4-ad71-a0638f6dd1ec:192.168.164.197:32946], old=null
2019-10-21 06:40:17,193 [066dad1a-b609-40a4-ad71-a0638f6dd1ec@group-FFB6F7D22477-LeaderElection11] INFO  impl.LeaderElection (LeaderElection.java:askForVotes(178)) - 066dad1a-b609-40a4-ad71-a0638f6dd1ec@group-FFB6F7D22477-LeaderElection11: begin an election at term 1 for -1: [7f816ce6-81b3-454f-8cd3-78a87910d122:192.168.164.197:44856, 7208b4d2-b488-44f5-9c2c-e18614d3c8fc:192.168.164.197:42802, 066dad1a-b609-40a4-ad71-a0638f6dd1ec:192.168.164.197:32946], old=null
2019-10-21 06:40:17,202 [grpc-default-executor-4] INFO  impl.RaftServerImpl (RaftServerImpl.java:setRole(173)) - 7f816ce6-81b3-454f-8cd3-78a87910d122@group-FFB6F7D22477: changes role from  FOLLOWER to FOLLOWER at term 1 for recognizeCandidate:7208b4d2-b488-44f5-9c2c-e18614d3c8fc
2019-10-21 06:40:17,204 [grpc-default-executor-4] INFO  impl.RoleInfo (RoleInfo.java:shutdownFollowerState(121)) - 7f816ce6-81b3-454f-8cd3-78a87910d122: shutdown FollowerState
2019-10-21 06:40:17,204 [Thread-418] INFO  impl.FollowerState (FollowerState.java:run(120)) - 7f816ce6-81b3-454f-8cd3-78a87910d122@group-FFB6F7D22477-FollowerState was interrupted: java.lang.InterruptedException: sleep interrupted
2019-10-21 06:40:17,204 [grpc-default-executor-4] INFO  impl.RoleInfo (RoleInfo.java:updateAndGet(143)) - 7f816ce6-81b3-454f-8cd3-78a87910d122: start FollowerState
2019-10-21 06:40:17,220 [066dad1a-b609-40a4-ad71-a0638f6dd1ec@group-FFB6F7D22477-LeaderElection11] INFO  impl.LeaderElection (LeaderElection.java:logAndReturn(56)) - 066dad1a-b609-40a4-ad71-a0638f6dd1ec@group-FFB6F7D22477-LeaderElection11: Election REJECTED; received 2 response(s) [066dad1a-b609-40a4-ad71-a0638f6dd1ec<-7f816ce6-81b3-454f-8cd3-78a87910d122#0:FAIL-t1, 066dad1a-b609-40a4-ad71-a0638f6dd1ec<-7208b4d2-b488-44f5-9c2c-e18614d3c8fc#0:FAIL-t1] and 0 exception(s); 066dad1a-b609-40a4-ad71-a0638f6dd1ec@group-FFB6F7D22477:t1, leader=null, voted=066dad1a-b609-40a4-ad71-a0638f6dd1ec, raftlog=066dad1a-b609-40a4-ad71-a0638f6dd1ec@group-FFB6F7D22477-SegmentedRaftLog:OPENED:c-1,f-1,i0, conf=-1: [7f816ce6-81b3-454f-8cd3-78a87910d122:192.168.164.197:44856, 7208b4d2-b488-44f5-9c2c-e18614d3c8fc:192.168.164.197:42802, 066dad1a-b609-40a4-ad71-a0638f6dd1ec:192.168.164.197:32946], old=null
2019-10-21 06:40:17,220 [7208b4d2-b488-44f5-9c2c-e18614d3c8fc@group-FFB6F7D22477-LeaderElection12] INFO  impl.LeaderElection (LeaderElection.java:logAndReturn(56)) - 7208b4d2-b488-44f5-9c2c-e18614d3c8fc@group-FFB6F7D22477-LeaderElection12: Election PASSED; received 2 response(s) [7208b4d2-b488-44f5-9c2c-e18614d3c8fc<-7f816ce6-81b3-454f-8cd3-78a87910d122#0:OK-t1, 7208b4d2-b488-44f5-9c2c-e18614d3c8fc<-066dad1a-b609-40a4-ad71-a0638f6dd1ec#0:FAIL-t1] and 0 exception(s); 7208b4d2-b488-44f5-9c2c-e18614d3c8fc@group-FFB6F7D22477:t1, leader=null, voted=7208b4d2-b488-44f5-9c2c-e18614d3c8fc, raftlog=7208b4d2-b488-44f5-9c2c-e18614d3c8fc@group-FFB6F7D22477-SegmentedRaftLog:OPENED:c-1,f-1,i0, conf=-1: [7f816ce6-81b3-454f-8cd3-78a87910d122:192.168.164.197:44856, 7208b4d2-b488-44f5-9c2c-e18614d3c8fc:192.168.164.197:42802, 066dad1a-b609-40a4-ad71-a0638f6dd1ec:192.168.164.197:32946], old=null
2019-10-21 06:40:17,220 [066dad1a-b609-40a4-ad71-a0638f6dd1ec@group-FFB6F7D22477-LeaderElection11] INFO  impl.RaftServerImpl (RaftServerImpl.java:setRole(173)) - 066dad1a-b609-40a4-ad71-a0638f6dd1ec@group-FFB6F7D22477: changes role from CANDIDATE to FOLLOWER at term 1 for DISCOVERED_A_NEW_TERM
2019-10-21 06:40:17,231 [066dad1a-b609-40a4-ad71-a0638f6dd1ec@group-FFB6F7D22477-LeaderElection11] INFO  impl.RoleInfo (RoleInfo.java:shutdownLeaderElection(134)) - 066dad1a-b609-40a4-ad71-a0638f6dd1ec: shutdown LeaderElection
2019-10-21 06:40:17,220 [7208b4d2-b488-44f5-9c2c-e18614d3c8fc@group-FFB6F7D22477-LeaderElection12] INFO  impl.RoleInfo (RoleInfo.java:shutdownLeaderElection(134)) - 7208b4d2-b488-44f5-9c2c-e18614d3c8fc: shutdown LeaderElection
2019-10-21 06:40:17,233 [066dad1a-b609-40a4-ad71-a0638f6dd1ec@group-FFB6F7D22477-LeaderElection11] INFO  impl.RoleInfo (RoleInfo.java:updateAndGet(143)) - 066dad1a-b609-40a4-ad71-a0638f6dd1ec: start FollowerState
2019-10-21 06:40:17,233 [7208b4d2-b488-44f5-9c2c-e18614d3c8fc@group-FFB6F7D22477-LeaderElection12] INFO  impl.RaftServerImpl (RaftServerImpl.java:setRole(173)) - 7208b4d2-b488-44f5-9c2c-e18614d3c8fc@group-FFB6F7D22477: changes role from CANDIDATE to LEADER at term 1 for changeToLeader
2019-10-21 06:40:17,233 [7208b4d2-b488-44f5-9c2c-e18614d3c8fc@group-FFB6F7D22477-LeaderElection12] INFO  ratis.XceiverServerRatis (XceiverServerRatis.java:handleLeaderChangedNotification(701)) - Leader change notification received for group: group-FFB6F7D22477 with new leaderId: 7208b4d2-b488-44f5-9c2c-e18614d3c8fc
2019-10-21 06:40:17,233 [7208b4d2-b488-44f5-9c2c-e18614d3c8fc@group-FFB6F7D22477-LeaderElection12] INFO  impl.RaftServerImpl (ServerState.java:setLeader(255)) - 7208b4d2-b488-44f5-9c2c-e18614d3c8fc@group-FFB6F7D22477: change Leader from null to 7208b4d2-b488-44f5-9c2c-e18614d3c8fc at term 1 for becomeLeader, leader elected after 5190ms
2019-10-21 06:40:17,233 [7208b4d2-b488-44f5-9c2c-e18614d3c8fc@group-FFB6F7D22477-LeaderElection12] INFO  server.RaftServerConfigKeys (ConfUtils.java:logGet(43)) - raft.server.staging.catchup.gap = 1000 (default)
2019-10-21 06:40:17,233 [7208b4d2-b488-44f5-9c2c-e18614d3c8fc@group-FFB6F7D22477-LeaderElection12] INFO  server.RaftServerConfigKeys (ConfUtils.java:logGet(43)) - raft.server.rpc.sleep.time = 25ms (default)
2019-10-21 06:40:17,233 [7208b4d2-b488-44f5-9c2c-e18614d3c8fc@group-FFB6F7D22477-LeaderElection12] INFO  server.RaftServerConfigKeys (ConfUtils.java:logGet(43)) - raft.server.write.element-limit = 4096 (default)
2019-10-21 06:40:17,234 [7208b4d2-b488-44f5-9c2c-e18614d3c8fc@group-FFB6F7D22477-LeaderElection12] INFO  server.RaftServerConfigKeys (ConfUtils.java:logGet(43)) - raft.server.watch.timeout = 10s (default)
2019-10-21 06:40:17,234 [7208b4d2-b488-44f5-9c2c-e18614d3c8fc@group-FFB6F7D22477-LeaderElection12] INFO  server.RaftServerConfigKeys (ConfUtils.java:logGet(43)) - raft.server.watch.timeout.denomination = 1s (default)
2019-10-21 06:40:17,234 [7208b4d2-b488-44f5-9c2c-e18614d3c8fc@group-FFB6F7D22477-LeaderElection12] INFO  server.RaftServerConfigKeys (ConfUtils.java:logGet(43)) - raft.server.watch.element-limit = 65536 (default)
2019-10-21 06:40:17,234 [EventQueue-PipelineReportForPipelineReportHandler] INFO  pipeline.PipelineReportHandler (PipelineReportHandler.java:processPipelineReport(105)) - Pipeline PipelineID=9e9453d6-70d9-4ea7-9918-ffb6f7d22477 reported by 7208b4d2-b488-44f5-9c2c-e18614d3c8fc{ip: 192.168.164.197, host: pr-hdds-1868-qzls5-2202220713, networkLocation: /default-rack, certSerialId: null} with leaderId 7208b4d2-b488-44f5-9c2c-e18614d3c8fc
2019-10-21 06:40:17,234 [7208b4d2-b488-44f5-9c2c-e18614d3c8fc@group-FFB6F7D22477-LeaderElection12] INFO  server.RaftServerConfigKeys (ConfUtils.java:logGet(43)) - raft.server.log.appender.snapshot.chunk.size.max = 16MB (=16777216) (default)
2019-10-21 06:40:17,235 [7208b4d2-b488-44f5-9c2c-e18614d3c8fc@group-FFB6F7D22477-LeaderElection12] INFO  server.RaftServerConfigKeys (ConfUtils.java:logGet(43)) - raft.server.log.appender.buffer.byte-limit = 33554432 (custom)
2019-10-21 06:40:17,235 [7208b4d2-b488-44f5-9c2c-e18614d3c8fc@group-FFB6F7D22477-LeaderElection12] INFO  server.RaftServerConfigKeys (ConfUtils.java:logGet(43)) - raft.server.log.appender.buffer.element-limit = 1 (custom)
2019-10-21 06:40:17,235 [7208b4d2-b488-44f5-9c2c-e18614d3c8fc@group-FFB6F7D22477-LeaderElection12] INFO  grpc.GrpcConfigKeys$Server (ConfUtils.java:logGet(43)) - raft.grpc.server.leader.outstanding.appends.max = 128 (default)
2019-10-21 06:40:17,236 [7208b4d2-b488-44f5-9c2c-e18614d3c8fc@group-FFB6F7D22477-LeaderElection12] INFO  server.RaftServerConfigKeys (ConfUtils.java:logGet(43)) - raft.server.rpc.request.timeout = 3000ms (default)
2019-10-21 06:40:17,236 [7208b4d2-b488-44f5-9c2c-e18614d3c8fc@group-FFB6F7D22477-LeaderElection12] INFO  server.RaftServerConfigKeys (ConfUtils.java:logGet(43)) - raft.server.log.appender.install.snapshot.enabled = false (custom)
2019-10-21 06:40:17,236 [7208b4d2-b488-44f5-9c2c-e18614d3c8fc@group-FFB6F7D22477-LeaderElection12] WARN  impl.MetricRegistriesImpl (MetricRegistriesImpl.java:lambda$create$1(61)) - First MetricRegistry has been created without registering reporters. You may need to call MetricRegistries.global().addReportRegistration(...) before.
2019-10-21 06:40:17,237 [7208b4d2-b488-44f5-9c2c-e18614d3c8fc@group-FFB6F7D22477-LeaderElection12] INFO  server.RaftServerConfigKeys (ConfUtils.java:logGet(43)) - raft.server.log.appender.snapshot.chunk.size.max = 16MB (=16777216) (default)
2019-10-21 06:40:17,237 [7208b4d2-b488-44f5-9c2c-e18614d3c8fc@group-FFB6F7D22477-LeaderElection12] INFO  server.RaftServerConfigKeys (ConfUtils.java:logGet(43)) - raft.server.log.appender.buffer.byte-limit = 33554432 (custom)
2019-10-21 06:40:17,237 [7208b4d2-b488-44f5-9c2c-e18614d3c8fc@group-FFB6F7D22477-LeaderElection12] INFO  server.RaftServerConfigKeys (ConfUtils.java:logGet(43)) - raft.server.log.appender.buffer.element-limit = 1 (custom)
2019-10-21 06:40:17,237 [7208b4d2-b488-44f5-9c2c-e18614d3c8fc@group-FFB6F7D22477-LeaderElection12] INFO  grpc.GrpcConfigKeys$Server (ConfUtils.java:logGet(43)) - raft.grpc.server.leader.outstanding.appends.max = 128 (default)
2019-10-21 06:40:17,237 [7208b4d2-b488-44f5-9c2c-e18614d3c8fc@group-FFB6F7D22477-LeaderElection12] INFO  server.RaftServerConfigKeys (ConfUtils.java:logGet(43)) - raft.server.rpc.request.timeout = 3000ms (default)
2019-10-21 06:40:17,237 [7208b4d2-b488-44f5-9c2c-e18614d3c8fc@group-FFB6F7D22477-LeaderElection12] INFO  server.RaftServerConfigKeys (ConfUtils.java:logGet(43)) - raft.server.log.appender.install.snapshot.enabled = false (custom)
2019-10-21 06:40:17,238 [7208b4d2-b488-44f5-9c2c-e18614d3c8fc@group-FFB6F7D22477-LeaderElection12] INFO  impl.RoleInfo (RoleInfo.java:updateAndGet(143)) - 7208b4d2-b488-44f5-9c2c-e18614d3c8fc: start LeaderState
2019-10-21 06:40:17,238 [7208b4d2-b488-44f5-9c2c-e18614d3c8fc@group-FFB6F7D22477-LeaderElection12] INFO  segmented.SegmentedRaftLogWorker (SegmentedRaftLogWorker.java:startLogSegment(385)) - 7208b4d2-b488-44f5-9c2c-e18614d3c8fc@group-FFB6F7D22477-SegmentedRaftLogWorker: Starting segment from index:0
2019-10-21 06:40:17,239 [7208b4d2-b488-44f5-9c2c-e18614d3c8fc@group-FFB6F7D22477-LeaderElection12] INFO  impl.RaftServerImpl (ServerState.java:setRaftConf(356)) - 7208b4d2-b488-44f5-9c2c-e18614d3c8fc@group-FFB6F7D22477: set configuration 0: [7f816ce6-81b3-454f-8cd3-78a87910d122:192.168.164.197:44856, 7208b4d2-b488-44f5-9c2c-e18614d3c8fc:192.168.164.197:42802, 066dad1a-b609-40a4-ad71-a0638f6dd1ec:192.168.164.197:32946], old=null at 0
2019-10-21 06:40:17,271 [grpc-default-executor-1] INFO  ratis.XceiverServerRatis (XceiverServerRatis.java:handleLeaderChangedNotification(701)) - Leader change notification received for group: group-FFB6F7D22477 with new leaderId: 7208b4d2-b488-44f5-9c2c-e18614d3c8fc
2019-10-21 06:40:17,271 [grpc-default-executor-4] INFO  ratis.XceiverServerRatis (XceiverServerRatis.java:handleLeaderChangedNotification(701)) - Leader change notification received for group: group-FFB6F7D22477 with new leaderId: 7208b4d2-b488-44f5-9c2c-e18614d3c8fc
2019-10-21 06:40:17,271 [grpc-default-executor-1] INFO  impl.RaftServerImpl (ServerState.java:setLeader(255)) - 066dad1a-b609-40a4-ad71-a0638f6dd1ec@group-FFB6F7D22477: change Leader from null to 7208b4d2-b488-44f5-9c2c-e18614d3c8fc at term 1 for appendEntries, leader elected after 5228ms
2019-10-21 06:40:17,272 [grpc-default-executor-4] INFO  impl.RaftServerImpl (ServerState.java:setLeader(255)) - 7f816ce6-81b3-454f-8cd3-78a87910d122@group-FFB6F7D22477: change Leader from null to 7208b4d2-b488-44f5-9c2c-e18614d3c8fc at term 1 for appendEntries, leader elected after 5228ms
2019-10-21 06:40:17,273 [EventQueue-PipelineReportForPipelineReportHandler] INFO  pipeline.PipelineReportHandler (PipelineReportHandler.java:processPipelineReport(105)) - Pipeline PipelineID=9e9453d6-70d9-4ea7-9918-ffb6f7d22477 reported by 7f816ce6-81b3-454f-8cd3-78a87910d122{ip: 192.168.164.197, host: pr-hdds-1868-qzls5-2202220713, networkLocation: /default-rack, certSerialId: null} with leaderId 7208b4d2-b488-44f5-9c2c-e18614d3c8fc
2019-10-21 06:40:17,273 [EventQueue-PipelineReportForPipelineReportHandler] INFO  pipeline.PipelineReportHandler (PipelineReportHandler.java:processPipelineReport(105)) - Pipeline PipelineID=9e9453d6-70d9-4ea7-9918-ffb6f7d22477 reported by 066dad1a-b609-40a4-ad71-a0638f6dd1ec{ip: 192.168.164.197, host: pr-hdds-1868-qzls5-2202220713, networkLocation: /default-rack, certSerialId: null} with leaderId 7208b4d2-b488-44f5-9c2c-e18614d3c8fc
2019-10-21 06:40:17,273 [EventQueue-PipelineReportForPipelineReportHandler] INFO  pipeline.SCMPipelineManager (SCMPipelineManager.java:processReportedLeaderInfo(313)) - Opening pipeline PipelineID=9e9453d6-70d9-4ea7-9918-ffb6f7d22477 with reported leader <ByteString@63a1b468 size=36>
2019-10-21 06:40:17,273 [EventQueue-PipelineReportForPipelineReportHandler] INFO  pipeline.PipelineStateManager (PipelineStateManager.java:openPipeline(134)) - Pipeline Pipeline[ Id: 9e9453d6-70d9-4ea7-9918-ffb6f7d22477, Nodes: 7208b4d2-b488-44f5-9c2c-e18614d3c8fc{ip: 192.168.164.197, host: pr-hdds-1868-qzls5-2202220713, networkLocation: /default-rack, certSerialId: null}7f816ce6-81b3-454f-8cd3-78a87910d122{ip: 192.168.164.197, host: pr-hdds-1868-qzls5-2202220713, networkLocation: /default-rack, certSerialId: null}066dad1a-b609-40a4-ad71-a0638f6dd1ec{ip: 192.168.164.197, host: pr-hdds-1868-qzls5-2202220713, networkLocation: /default-rack, certSerialId: null}, Type:RATIS, Factor:THREE, State:OPEN] moved to OPEN state
2019-10-21 06:40:17,275 [grpc-default-executor-4] INFO  impl.RaftServerImpl (ServerState.java:setRaftConf(356)) - 066dad1a-b609-40a4-ad71-a0638f6dd1ec@group-FFB6F7D22477: set configuration 0: [7f816ce6-81b3-454f-8cd3-78a87910d122:192.168.164.197:44856, 7208b4d2-b488-44f5-9c2c-e18614d3c8fc:192.168.164.197:42802, 066dad1a-b609-40a4-ad71-a0638f6dd1ec:192.168.164.197:32946], old=null at 0
2019-10-21 06:40:17,275 [grpc-default-executor-1] INFO  impl.RaftServerImpl (ServerState.java:setRaftConf(356)) - 7f816ce6-81b3-454f-8cd3-78a87910d122@group-FFB6F7D22477: set configuration 0: [7f816ce6-81b3-454f-8cd3-78a87910d122:192.168.164.197:44856, 7208b4d2-b488-44f5-9c2c-e18614d3c8fc:192.168.164.197:42802, 066dad1a-b609-40a4-ad71-a0638f6dd1ec:192.168.164.197:32946], old=null at 0
2019-10-21 06:40:17,277 [grpc-default-executor-4] INFO  segmented.SegmentedRaftLogWorker (SegmentedRaftLogWorker.java:startLogSegment(385)) - 066dad1a-b609-40a4-ad71-a0638f6dd1ec@group-FFB6F7D22477-SegmentedRaftLogWorker: Starting segment from index:0
2019-10-21 06:40:17,278 [grpc-default-executor-1] INFO  segmented.SegmentedRaftLogWorker (SegmentedRaftLogWorker.java:startLogSegment(385)) - 7f816ce6-81b3-454f-8cd3-78a87910d122@group-FFB6F7D22477-SegmentedRaftLogWorker: Starting segment from index:0
2019-10-21 06:40:17,282 [7208b4d2-b488-44f5-9c2c-e18614d3c8fc@group-FFB6F7D22477-SegmentedRaftLogWorker] INFO  segmented.SegmentedRaftLogWorker (SegmentedRaftLogWorker.java:execute(576)) - 7208b4d2-b488-44f5-9c2c-e18614d3c8fc@group-FFB6F7D22477-SegmentedRaftLogWorker: created new log segment /workdir/hadoop-ozone/tools/target/test-dir/MiniOzoneClusterImpl-8717db3f-0eb2-4395-b9de-2c3de56d4d35/datanode-0/data/ratis/9e9453d6-70d9-4ea7-9918-ffb6f7d22477/current/log_inprogress_0
2019-10-21 06:40:17,320 [7f816ce6-81b3-454f-8cd3-78a87910d122@group-FFB6F7D22477-SegmentedRaftLogWorker] INFO  segmented.SegmentedRaftLogWorker (SegmentedRaftLogWorker.java:execute(576)) - 7f816ce6-81b3-454f-8cd3-78a87910d122@group-FFB6F7D22477-SegmentedRaftLogWorker: created new log segment /workdir/hadoop-ozone/tools/target/test-dir/MiniOzoneClusterImpl-8717db3f-0eb2-4395-b9de-2c3de56d4d35/datanode-1/data/ratis/9e9453d6-70d9-4ea7-9918-ffb6f7d22477/current/log_inprogress_0
2019-10-21 06:40:17,320 [066dad1a-b609-40a4-ad71-a0638f6dd1ec@group-FFB6F7D22477-SegmentedRaftLogWorker] INFO  segmented.SegmentedRaftLogWorker (SegmentedRaftLogWorker.java:execute(576)) - 066dad1a-b609-40a4-ad71-a0638f6dd1ec@group-FFB6F7D22477-SegmentedRaftLogWorker: created new log segment /workdir/hadoop-ozone/tools/target/test-dir/MiniOzoneClusterImpl-8717db3f-0eb2-4395-b9de-2c3de56d4d35/datanode-3/data/ratis/9e9453d6-70d9-4ea7-9918-ffb6f7d22477/current/log_inprogress_0
 0.00% |?                                                                                                    |  0/1 Time: 0:00:02 0.00% |?                                                                                                    |  0/1 Time: 0:00:03 0.00% |?                                                                                                    |  0/1 Time: 0:00:04 100.00% |?????????????????????????????????????????????????????????????????????????????????????????????????????|  1/1 Time: 0:00:05
]]></system-out>
  </testcase>
</testsuite>