<?xml version="1.0" encoding="UTF-8"?>
<testsuite xmlns:xsi="http://www.w3.org/2001/XMLSchema-instance" xsi:noNamespaceSchemaLocation="https://maven.apache.org/surefire/maven-surefire-plugin/xsd/surefire-test-report.xsd" name="org.apache.hadoop.ozone.client.rpc.TestWatchForCommit" time="256.829" tests="5" errors="1" skipped="0" failures="1">
  <properties>
    <property name="awt.toolkit" value="sun.awt.X11.XToolkit"/>
    <property name="file.encoding.pkg" value="sun.io"/>
    <property name="java.specification.version" value="1.8"/>
    <property name="sun.cpu.isalist" value=""/>
    <property name="sun.jnu.encoding" value="UTF-8"/>
    <property name="java.class.path" value="/workdir/hadoop-ozone/integration-test/target/test-classes:/workdir/hadoop-ozone/integration-test/target/classes:/home/user/.m2/repository/org/apache/hadoop/hadoop-ozone-common/0.5.0-SNAPSHOT/hadoop-ozone-common-0.5.0-SNAPSHOT.jar:/home/user/.m2/repository/org/apache/commons/commons-compress/1.4.1/commons-compress-1.4.1.jar:/home/user/.m2/repository/org/tukaani/xz/1.0/xz-1.0.jar:/home/user/.m2/repository/org/apache/hadoop/hadoop-common/3.2.0/hadoop-common-3.2.0.jar:/home/user/.m2/repository/org/apache/hadoop/hadoop-hdfs/3.2.0/hadoop-hdfs-3.2.0.jar:/home/user/.m2/repository/org/apache/hadoop/hadoop-hdfs-client/3.2.0/hadoop-hdfs-client-3.2.0.jar:/home/user/.m2/repository/com/fasterxml/jackson/core/jackson-annotations/2.9.9/jackson-annotations-2.9.9.jar:/home/user/.m2/repository/org/apache/hadoop/hadoop-hdds-common/0.5.0-SNAPSHOT/hadoop-hdds-common-0.5.0-SNAPSHOT.jar:/home/user/.m2/repository/javax/annotation/javax.annotation-api/1.2/javax.annotation-api-1.2.jar:/home/user/.m2/repository/org/apache/ratis/ratis-server/0.5.0-201fc85-SNAPSHOT/ratis-server-0.5.0-201fc85-SNAPSHOT.jar:/home/user/.m2/repository/org/apache/ratis/ratis-thirdparty-misc/0.2.0/ratis-thirdparty-misc-0.2.0.jar:/home/user/.m2/repository/org/apache/ratis/ratis-proto/0.5.0-201fc85-SNAPSHOT/ratis-proto-0.5.0-201fc85-SNAPSHOT.jar:/home/user/.m2/repository/org/apache/ratis/ratis-common/0.5.0-201fc85-SNAPSHOT/ratis-common-0.5.0-201fc85-SNAPSHOT.jar:/home/user/.m2/repository/org/apache/ratis/ratis-client/0.5.0-201fc85-SNAPSHOT/ratis-client-0.5.0-201fc85-SNAPSHOT.jar:/home/user/.m2/repository/org/apache/ratis/ratis-metrics/0.5.0-201fc85-SNAPSHOT/ratis-metrics-0.5.0-201fc85-SNAPSHOT.jar:/home/user/.m2/repository/com/github/joshelser/dropwizard-metrics-hadoop-metrics2-reporter/0.1.2/dropwizard-metrics-hadoop-metrics2-reporter-0.1.2.jar:/home/user/.m2/repository/io/dropwizard/metrics/metrics-jvm/3.2.5/metrics-jvm-3.2.5.jar:/home/user/.m2/repository/io/dropwizard/metrics/metrics-ganglia/3.2.5/metrics-ganglia-3.2.5.jar:/home/user/.m2/repository/info/ganglia/gmetric4j/gmetric4j/1.0.7/gmetric4j-1.0.7.jar:/home/user/.m2/repository/org/apache/ratis/ratis-netty/0.5.0-201fc85-SNAPSHOT/ratis-netty-0.5.0-201fc85-SNAPSHOT.jar:/home/user/.m2/repository/org/apache/ratis/ratis-grpc/0.5.0-201fc85-SNAPSHOT/ratis-grpc-0.5.0-201fc85-SNAPSHOT.jar:/home/user/.m2/repository/org/rocksdb/rocksdbjni/6.0.1/rocksdbjni-6.0.1.jar:/home/user/.m2/repository/org/apache/logging/log4j/log4j-api/2.11.0/log4j-api-2.11.0.jar:/home/user/.m2/repository/org/apache/logging/log4j/log4j-core/2.11.0/log4j-core-2.11.0.jar:/home/user/.m2/repository/com/lmax/disruptor/3.4.2/disruptor-3.4.2.jar:/home/user/.m2/repository/org/apache/commons/commons-pool2/2.6.0/commons-pool2-2.6.0.jar:/home/user/.m2/repository/org/bouncycastle/bcpkix-jdk15on/1.60/bcpkix-jdk15on-1.60.jar:/home/user/.m2/repository/commons-validator/commons-validator/1.6/commons-validator-1.6.jar:/home/user/.m2/repository/commons-digester/commons-digester/1.8.1/commons-digester-1.8.1.jar:/home/user/.m2/repository/io/jaegertracing/jaeger-client/0.34.0/jaeger-client-0.34.0.jar:/home/user/.m2/repository/io/jaegertracing/jaeger-thrift/0.34.0/jaeger-thrift-0.34.0.jar:/home/user/.m2/repository/org/apache/thrift/libthrift/0.12.0/libthrift-0.12.0.jar:/home/user/.m2/repository/com/squareup/okhttp3/okhttp/3.9.0/okhttp-3.9.0.jar:/home/user/.m2/repository/com/squareup/okio/okio/1.13.0/okio-1.13.0.jar:/home/user/.m2/repository/io/jaegertracing/jaeger-core/0.34.0/jaeger-core-0.34.0.jar:/home/user/.m2/repository/io/jaegertracing/jaeger-tracerresolver/0.34.0/jaeger-tracerresolver-0.34.0.jar:/home/user/.m2/repository/io/opentracing/contrib/opentracing-tracerresolver/0.1.5/opentracing-tracerresolver-0.1.5.jar:/home/user/.m2/repository/io/opentracing/opentracing-util/0.31.0/opentracing-util-0.31.0.jar:/home/user/.m2/repository/io/opentracing/opentracing-api/0.31.0/opentracing-api-0.31.0.jar:/home/user/.m2/repository/io/opentracing/opentracing-noop/0.31.0/opentracing-noop-0.31.0.jar:/home/user/.m2/repository/org/apache/hadoop/hadoop-hdds-server-framework/0.5.0-SNAPSHOT/hadoop-hdds-server-framework-0.5.0-SNAPSHOT.jar:/home/user/.m2/repository/org/apache/hadoop/hadoop-hdds-container-service/0.5.0-SNAPSHOT/hadoop-hdds-container-service-0.5.0-SNAPSHOT.jar:/home/user/.m2/repository/org/apache/hadoop/hadoop-hdds-client/0.5.0-SNAPSHOT/hadoop-hdds-client-0.5.0-SNAPSHOT.jar:/home/user/.m2/repository/org/apache/hadoop/hadoop-hdds-tools/0.5.0-SNAPSHOT/hadoop-hdds-tools-0.5.0-SNAPSHOT.jar:/home/user/.m2/repository/org/apache/hadoop/hadoop-hdds-server-scm/0.5.0-SNAPSHOT/hadoop-hdds-server-scm-0.5.0-SNAPSHOT.jar:/home/user/.m2/repository/org/apache/hadoop/hadoop-hdds-docs/0.5.0-SNAPSHOT/hadoop-hdds-docs-0.5.0-SNAPSHOT.jar:/home/user/.m2/repository/io/dropwizard/metrics/metrics-core/3.2.4/metrics-core-3.2.4.jar:/home/user/.m2/repository/org/hamcrest/hamcrest-all/1.3/hamcrest-all-1.3.jar:/home/user/.m2/repository/org/bouncycastle/bcprov-jdk15on/1.60/bcprov-jdk15on-1.60.jar:/home/user/.m2/repository/info/picocli/picocli/3.9.6/picocli-3.9.6.jar:/home/user/.m2/repository/com/google/protobuf/protobuf-java/2.5.0/protobuf-java-2.5.0.jar:/home/user/.m2/repository/com/google/guava/guava/11.0.2/guava-11.0.2.jar:/home/user/.m2/repository/org/apache/hadoop/hadoop-ozone-ozone-manager/0.5.0-SNAPSHOT/hadoop-ozone-ozone-manager-0.5.0-SNAPSHOT.jar:/home/user/.m2/repository/org/apache/hadoop/hadoop-minikdc/3.2.0/hadoop-minikdc-3.2.0.jar:/home/user/.m2/repository/commons-io/commons-io/2.5/commons-io-2.5.jar:/home/user/.m2/repository/org/apache/kerby/kerb-simplekdc/1.0.1/kerb-simplekdc-1.0.1.jar:/home/user/.m2/repository/org/apache/kerby/kerb-client/1.0.1/kerb-client-1.0.1.jar:/home/user/.m2/repository/org/apache/kerby/kerby-config/1.0.1/kerby-config-1.0.1.jar:/home/user/.m2/repository/org/apache/kerby/kerb-core/1.0.1/kerb-core-1.0.1.jar:/home/user/.m2/repository/org/apache/kerby/kerby-pkix/1.0.1/kerby-pkix-1.0.1.jar:/home/user/.m2/repository/org/apache/kerby/kerby-asn1/1.0.1/kerby-asn1-1.0.1.jar:/home/user/.m2/repository/org/apache/kerby/kerby-util/1.0.1/kerby-util-1.0.1.jar:/home/user/.m2/repository/org/apache/kerby/kerb-common/1.0.1/kerb-common-1.0.1.jar:/home/user/.m2/repository/org/apache/kerby/kerb-crypto/1.0.1/kerb-crypto-1.0.1.jar:/home/user/.m2/repository/org/apache/kerby/kerb-util/1.0.1/kerb-util-1.0.1.jar:/home/user/.m2/repository/org/apache/kerby/token-provider/1.0.1/token-provider-1.0.1.jar:/home/user/.m2/repository/org/apache/kerby/kerb-admin/1.0.1/kerb-admin-1.0.1.jar:/home/user/.m2/repository/org/apache/kerby/kerb-server/1.0.1/kerb-server-1.0.1.jar:/home/user/.m2/repository/org/apache/kerby/kerb-identity/1.0.1/kerb-identity-1.0.1.jar:/home/user/.m2/repository/org/apache/kerby/kerby-xdr/1.0.1/kerby-xdr-1.0.1.jar:/home/user/.m2/repository/org/slf4j/slf4j-log4j12/1.7.25/slf4j-log4j12-1.7.25.jar:/home/user/.m2/repository/org/apache/hadoop/hadoop-ozone-s3gateway/0.5.0-SNAPSHOT/hadoop-ozone-s3gateway-0.5.0-SNAPSHOT.jar:/home/user/.m2/repository/org/jboss/weld/servlet/weld-servlet/2.4.7.Final/weld-servlet-2.4.7.Final.jar:/home/user/.m2/repository/org/glassfish/jersey/containers/jersey-container-servlet-core/2.27/jersey-container-servlet-core-2.27.jar:/home/user/.m2/repository/org/glassfish/hk2/external/javax.inject/2.5.0-b42/javax.inject-2.5.0-b42.jar:/home/user/.m2/repository/org/glassfish/jersey/core/jersey-common/2.27/jersey-common-2.27.jar:/home/user/.m2/repository/org/glassfish/hk2/osgi-resource-locator/1.0.1/osgi-resource-locator-1.0.1.jar:/home/user/.m2/repository/javax/ws/rs/javax.ws.rs-api/2.1/javax.ws.rs-api-2.1.jar:/home/user/.m2/repository/org/glassfish/jersey/ext/cdi/jersey-cdi1x/2.27/jersey-cdi1x-2.27.jar:/home/user/.m2/repository/org/glassfish/jersey/inject/jersey-hk2/2.27/jersey-hk2-2.27.jar:/home/user/.m2/repository/org/glassfish/hk2/hk2-locator/2.5.0-b42/hk2-locator-2.5.0-b42.jar:/home/user/.m2/repository/org/javassist/javassist/3.22.0-CR2/javassist-3.22.0-CR2.jar:/home/user/.m2/repository/org/glassfish/hk2/hk2-api/2.5.0/hk2-api-2.5.0.jar:/home/user/.m2/repository/org/glassfish/hk2/external/jakarta.inject/2.5.0/jakarta.inject-2.5.0.jar:/home/user/.m2/repository/org/glassfish/hk2/hk2-utils/2.5.0/hk2-utils-2.5.0.jar:/home/user/.m2/repository/jakarta/annotation/jakarta.annotation-api/1.3.4/jakarta.annotation-api-1.3.4.jar:/home/user/.m2/repository/org/glassfish/hk2/external/aopalliance-repackaged/2.5.0/aopalliance-repackaged-2.5.0.jar:/home/user/.m2/repository/com/fasterxml/jackson/dataformat/jackson-dataformat-xml/2.9.0/jackson-dataformat-xml-2.9.0.jar:/home/user/.m2/repository/com/fasterxml/jackson/core/jackson-core/2.9.9/jackson-core-2.9.9.jar:/home/user/.m2/repository/com/fasterxml/jackson/module/jackson-module-jaxb-annotations/2.9.9/jackson-module-jaxb-annotations-2.9.9.jar:/home/user/.m2/repository/javax/enterprise/cdi-api/1.2/cdi-api-1.2.jar:/home/user/.m2/repository/javax/el/javax.el-api/3.0.0/javax.el-api-3.0.0.jar:/home/user/.m2/repository/javax/interceptor/javax.interceptor-api/1.2/javax.interceptor-api-1.2.jar:/home/user/.m2/repository/javax/inject/javax.inject/1/javax.inject-1.jar:/home/user/.m2/repository/com/sun/xml/bind/jaxb-impl/2.3.0.1/jaxb-impl-2.3.0.1.jar:/home/user/.m2/repository/com/sun/xml/bind/jaxb-core/2.3.0.1/jaxb-core-2.3.0.1.jar:/home/user/.m2/repository/javax/xml/bind/jaxb-api/2.3.0/jaxb-api-2.3.0.jar:/home/user/.m2/repository/javax/activation/activation/1.1.1/activation-1.1.1.jar:/home/user/.m2/repository/org/apache/hadoop/hadoop-ozone-csi/0.5.0-SNAPSHOT/hadoop-ozone-csi-0.5.0-SNAPSHOT.jar:/home/user/.m2/repository/com/google/protobuf/protobuf-java-util/3.5.1/protobuf-java-util-3.5.1.jar:/home/user/.m2/repository/org/apache/hadoop/hadoop-hdds-config/0.5.0-SNAPSHOT/hadoop-hdds-config-0.5.0-SNAPSHOT.jar:/home/user/.m2/repository/io/grpc/grpc-netty/1.17.1/grpc-netty-1.17.1.jar:/home/user/.m2/repository/io/grpc/grpc-core/1.17.1/grpc-core-1.17.1.jar:/home/user/.m2/repository/io/grpc/grpc-context/1.17.1/grpc-context-1.17.1.jar:/home/user/.m2/repository/com/google/errorprone/error_prone_annotations/2.2.0/error_prone_annotations-2.2.0.jar:/home/user/.m2/repository/org/codehaus/mojo/animal-sniffer-annotations/1.17/animal-sniffer-annotations-1.17.jar:/home/user/.m2/repository/io/opencensus/opencensus-api/0.17.0/opencensus-api-0.17.0.jar:/home/user/.m2/repository/io/opencensus/opencensus-contrib-grpc-metrics/0.17.0/opencensus-contrib-grpc-metrics-0.17.0.jar:/home/user/.m2/repository/io/netty/netty-codec-http2/4.1.30.Final/netty-codec-http2-4.1.30.Final.jar:/home/user/.m2/repository/io/netty/netty-codec-http/4.1.30.Final/netty-codec-http-4.1.30.Final.jar:/home/user/.m2/repository/io/netty/netty-codec/4.1.30.Final/netty-codec-4.1.30.Final.jar:/home/user/.m2/repository/io/netty/netty-handler/4.1.30.Final/netty-handler-4.1.30.Final.jar:/home/user/.m2/repository/io/netty/netty-handler-proxy/4.1.30.Final/netty-handler-proxy-4.1.30.Final.jar:/home/user/.m2/repository/io/netty/netty-codec-socks/4.1.30.Final/netty-codec-socks-4.1.30.Final.jar:/home/user/.m2/repository/io/netty/netty-transport-native-epoll/4.1.30.Final/netty-transport-native-epoll-4.1.30.Final.jar:/home/user/.m2/repository/io/netty/netty-common/4.1.30.Final/netty-common-4.1.30.Final.jar:/home/user/.m2/repository/io/netty/netty-buffer/4.1.30.Final/netty-buffer-4.1.30.Final.jar:/home/user/.m2/repository/io/netty/netty-transport/4.1.30.Final/netty-transport-4.1.30.Final.jar:/home/user/.m2/repository/io/netty/netty-resolver/4.1.30.Final/netty-resolver-4.1.30.Final.jar:/home/user/.m2/repository/io/netty/netty-transport-native-unix-common/4.1.30.Final/netty-transport-native-unix-common-4.1.30.Final.jar:/home/user/.m2/repository/io/grpc/grpc-protobuf/1.17.1/grpc-protobuf-1.17.1.jar:/home/user/.m2/repository/com/google/api/grpc/proto-google-common-protos/1.0.0/proto-google-common-protos-1.0.0.jar:/home/user/.m2/repository/io/grpc/grpc-protobuf-lite/1.17.1/grpc-protobuf-lite-1.17.1.jar:/home/user/.m2/repository/io/grpc/grpc-stub/1.17.1/grpc-stub-1.17.1.jar:/home/user/.m2/repository/org/apache/hadoop/hadoop-ozone-recon/0.5.0-SNAPSHOT/hadoop-ozone-recon-0.5.0-SNAPSHOT.jar:/home/user/.m2/repository/org/apache/hadoop/hadoop-ozone-reconcodegen/0.5.0-SNAPSHOT/hadoop-ozone-reconcodegen-0.5.0-SNAPSHOT.jar:/home/user/.m2/repository/com/google/inject/extensions/guice-multibindings/4.0/guice-multibindings-4.0.jar:/home/user/.m2/repository/com/google/inject/guice/4.0/guice-4.0.jar:/home/user/.m2/repository/aopalliance/aopalliance/1.0/aopalliance-1.0.jar:/home/user/.m2/repository/com/google/inject/extensions/guice-servlet/4.0/guice-servlet-4.0.jar:/home/user/.m2/repository/org/glassfish/jersey/containers/jersey-container-servlet/2.27/jersey-container-servlet-2.27.jar:/home/user/.m2/repository/org/glassfish/hk2/guice-bridge/2.5.0/guice-bridge-2.5.0.jar:/home/user/.m2/repository/org/glassfish/jersey/core/jersey-server/2.27/jersey-server-2.27.jar:/home/user/.m2/repository/org/glassfish/jersey/core/jersey-client/2.27/jersey-client-2.27.jar:/home/user/.m2/repository/org/glassfish/jersey/media/jersey-media-jaxb/2.27/jersey-media-jaxb-2.27.jar:/home/user/.m2/repository/javax/validation/validation-api/1.1.0.Final/validation-api-1.1.0.Final.jar:/home/user/.m2/repository/org/glassfish/jersey/media/jersey-media-json-jackson/2.27/jersey-media-json-jackson-2.27.jar:/home/user/.m2/repository/org/glassfish/jersey/ext/jersey-entity-filtering/2.27/jersey-entity-filtering-2.27.jar:/home/user/.m2/repository/com/google/inject/extensions/guice-assistedinject/4.0/guice-assistedinject-4.0.jar:/home/user/.m2/repository/org/jooq/jooq/3.11.10/jooq-3.11.10.jar:/home/user/.m2/repository/org/jooq/jooq-meta/3.11.10/jooq-meta-3.11.10.jar:/home/user/.m2/repository/org/jooq/jooq-codegen/3.11.10/jooq-codegen-3.11.10.jar:/home/user/.m2/repository/com/jolbox/bonecp/0.8.0.RELEASE/bonecp-0.8.0.RELEASE.jar:/home/user/.m2/repository/org/xerial/sqlite-jdbc/3.25.2/sqlite-jdbc-3.25.2.jar:/home/user/.m2/repository/org/springframework/spring-jdbc/5.1.3.RELEASE/spring-jdbc-5.1.3.RELEASE.jar:/home/user/.m2/repository/org/springframework/spring-beans/5.1.3.RELEASE/spring-beans-5.1.3.RELEASE.jar:/home/user/.m2/repository/org/springframework/spring-core/5.1.3.RELEASE/spring-core-5.1.3.RELEASE.jar:/home/user/.m2/repository/org/springframework/spring-jcl/5.1.3.RELEASE/spring-jcl-5.1.3.RELEASE.jar:/home/user/.m2/repository/org/springframework/spring-tx/5.1.3.RELEASE/spring-tx-5.1.3.RELEASE.jar:/home/user/.m2/repository/org/apache/hadoop/hadoop-ozone-client/0.5.0-SNAPSHOT/hadoop-ozone-client-0.5.0-SNAPSHOT.jar:/home/user/.m2/repository/commons-lang/commons-lang/2.6/commons-lang-2.6.jar:/home/user/.m2/repository/org/apache/hadoop/hadoop-ozone-ozone-manager/0.5.0-SNAPSHOT/hadoop-ozone-ozone-manager-0.5.0-SNAPSHOT-tests.jar:/home/user/.m2/repository/junit/junit/4.11/junit-4.11.jar:/home/user/.m2/repository/org/hamcrest/hamcrest-core/1.3/hamcrest-core-1.3.jar:/home/user/.m2/repository/org/openjdk/jmh/jmh-core/1.19/jmh-core-1.19.jar:/home/user/.m2/repository/net/sf/jopt-simple/jopt-simple/4.6/jopt-simple-4.6.jar:/home/user/.m2/repository/org/apache/commons/commons-math3/3.1.1/commons-math3-3.1.1.jar:/home/user/.m2/repository/org/openjdk/jmh/jmh-generator-annprocess/1.19/jmh-generator-annprocess-1.19.jar:/home/user/.m2/repository/org/mockito/mockito-all/1.8.5/mockito-all-1.8.5.jar:/home/user/.m2/repository/org/apache/hadoop/hadoop-kms/3.2.0/hadoop-kms-3.2.0.jar:/home/user/.m2/repository/org/apache/hadoop/hadoop-auth/3.2.0/hadoop-auth-3.2.0.jar:/home/user/.m2/repository/com/nimbusds/nimbus-jose-jwt/4.41.1/nimbus-jose-jwt-4.41.1.jar:/home/user/.m2/repository/com/github/stephenc/jcip/jcip-annotations/1.0-1/jcip-annotations-1.0-1.jar:/home/user/.m2/repository/net/minidev/json-smart/2.3/json-smart-2.3.jar:/home/user/.m2/repository/net/minidev/accessors-smart/1.2/accessors-smart-1.2.jar:/home/user/.m2/repository/org/ow2/asm/asm/5.0.4/asm-5.0.4.jar:/home/user/.m2/repository/org/apache/curator/curator-framework/2.12.0/curator-framework-2.12.0.jar:/home/user/.m2/repository/com/sun/jersey/jersey-core/1.19/jersey-core-1.19.jar:/home/user/.m2/repository/javax/ws/rs/jsr311-api/1.1.1/jsr311-api-1.1.1.jar:/home/user/.m2/repository/com/sun/jersey/jersey-server/1.19/jersey-server-1.19.jar:/home/user/.m2/repository/javax/servlet/javax.servlet-api/3.1.0/javax.servlet-api-3.1.0.jar:/home/user/.m2/repository/org/eclipse/jetty/jetty-server/9.3.25.v20180904/jetty-server-9.3.25.v20180904.jar:/home/user/.m2/repository/org/eclipse/jetty/jetty-http/9.3.25.v20180904/jetty-http-9.3.25.v20180904.jar:/home/user/.m2/repository/org/eclipse/jetty/jetty-io/9.3.25.v20180904/jetty-io-9.3.25.v20180904.jar:/home/user/.m2/repository/org/eclipse/jetty/jetty-webapp/9.3.25.v20180904/jetty-webapp-9.3.25.v20180904.jar:/home/user/.m2/repository/org/eclipse/jetty/jetty-xml/9.3.25.v20180904/jetty-xml-9.3.25.v20180904.jar:/home/user/.m2/repository/log4j/log4j/1.2.17/log4j-1.2.17.jar:/home/user/.m2/repository/org/slf4j/slf4j-api/1.7.25/slf4j-api-1.7.25.jar:/home/user/.m2/repository/org/slf4j/jul-to-slf4j/1.7.25/jul-to-slf4j-1.7.25.jar:/home/user/.m2/repository/org/eclipse/jetty/jetty-util/9.3.25.v20180904/jetty-util-9.3.25.v20180904.jar:/home/user/.m2/repository/com/fasterxml/jackson/core/jackson-databind/2.9.9/jackson-databind-2.9.9.jar:/home/user/.m2/repository/org/apache/hadoop/hadoop-kms/3.2.0/hadoop-kms-3.2.0-tests.jar:/home/user/.m2/repository/org/apache/hadoop/hadoop-hdds-server-scm/0.5.0-SNAPSHOT/hadoop-hdds-server-scm-0.5.0-SNAPSHOT-tests.jar:/home/user/.m2/repository/org/apache/hadoop/hadoop-hdds-container-service/0.5.0-SNAPSHOT/hadoop-hdds-container-service-0.5.0-SNAPSHOT-tests.jar:/home/user/.m2/repository/org/yaml/snakeyaml/1.16/snakeyaml-1.16.jar:/home/user/.m2/repository/org/apache/hadoop/hadoop-common/3.2.0/hadoop-common-3.2.0-tests.jar:/home/user/.m2/repository/org/apache/hadoop/hadoop-annotations/3.2.0/hadoop-annotations-3.2.0.jar:/usr/lib/jvm/java-1.8-openjdk/jre/../lib/tools.jar:/home/user/.m2/repository/commons-cli/commons-cli/1.2/commons-cli-1.2.jar:/home/user/.m2/repository/org/apache/httpcomponents/httpclient/4.5.2/httpclient-4.5.2.jar:/home/user/.m2/repository/org/apache/httpcomponents/httpcore/4.4.4/httpcore-4.4.4.jar:/home/user/.m2/repository/commons-codec/commons-codec/1.11/commons-codec-1.11.jar:/home/user/.m2/repository/commons-net/commons-net/3.6/commons-net-3.6.jar:/home/user/.m2/repository/commons-collections/commons-collections/3.2.2/commons-collections-3.2.2.jar:/home/user/.m2/repository/org/eclipse/jetty/jetty-servlet/9.3.25.v20180904/jetty-servlet-9.3.25.v20180904.jar:/home/user/.m2/repository/org/eclipse/jetty/jetty-security/9.3.25.v20180904/jetty-security-9.3.25.v20180904.jar:/home/user/.m2/repository/javax/servlet/jsp/jsp-api/2.1/jsp-api-2.1.jar:/home/user/.m2/repository/com/sun/jersey/jersey-servlet/1.19/jersey-servlet-1.19.jar:/home/user/.m2/repository/com/sun/jersey/jersey-json/1.19/jersey-json-1.19.jar:/home/user/.m2/repository/org/codehaus/jettison/jettison/1.1/jettison-1.1.jar:/home/user/.m2/repository/org/codehaus/jackson/jackson-core-asl/1.9.13/jackson-core-asl-1.9.13.jar:/home/user/.m2/repository/org/codehaus/jackson/jackson-mapper-asl/1.9.13/jackson-mapper-asl-1.9.13.jar:/home/user/.m2/repository/org/codehaus/jackson/jackson-jaxrs/1.9.13/jackson-jaxrs-1.9.13.jar:/home/user/.m2/repository/org/codehaus/jackson/jackson-xc/1.9.13/jackson-xc-1.9.13.jar:/home/user/.m2/repository/commons-logging/commons-logging/1.1.3/commons-logging-1.1.3.jar:/home/user/.m2/repository/commons-beanutils/commons-beanutils/1.9.4/commons-beanutils-1.9.4.jar:/home/user/.m2/repository/org/apache/commons/commons-configuration2/2.1.1/commons-configuration2-2.1.1.jar:/home/user/.m2/repository/org/apache/commons/commons-lang3/3.7/commons-lang3-3.7.jar:/home/user/.m2/repository/org/apache/commons/commons-text/1.4/commons-text-1.4.jar:/home/user/.m2/repository/org/apache/avro/avro/1.7.7/avro-1.7.7.jar:/home/user/.m2/repository/com/thoughtworks/paranamer/paranamer/2.3/paranamer-2.3.jar:/home/user/.m2/repository/org/xerial/snappy/snappy-java/1.0.5/snappy-java-1.0.5.jar:/home/user/.m2/repository/com/google/re2j/re2j/1.1/re2j-1.1.jar:/home/user/.m2/repository/com/google/code/gson/gson/2.2.4/gson-2.2.4.jar:/home/user/.m2/repository/com/jcraft/jsch/0.1.54/jsch-0.1.54.jar:/home/user/.m2/repository/org/apache/curator/curator-client/2.12.0/curator-client-2.12.0.jar:/home/user/.m2/repository/org/apache/curator/curator-recipes/2.12.0/curator-recipes-2.12.0.jar:/home/user/.m2/repository/com/google/code/findbugs/jsr305/3.0.0/jsr305-3.0.0.jar:/home/user/.m2/repository/org/apache/htrace/htrace-core4/4.1.0-incubating/htrace-core4-4.1.0-incubating.jar:/home/user/.m2/repository/org/apache/zookeeper/zookeeper/3.4.13/zookeeper-3.4.13.jar:/home/user/.m2/repository/jline/jline/0.9.94/jline-0.9.94.jar:/home/user/.m2/repository/org/apache/yetus/audience-annotations/0.5.0/audience-annotations-0.5.0.jar:/home/user/.m2/repository/org/codehaus/woodstox/stax2-api/3.1.4/stax2-api-3.1.4.jar:/home/user/.m2/repository/com/fasterxml/woodstox/woodstox-core/5.0.3/woodstox-core-5.0.3.jar:/home/user/.m2/repository/dnsjava/dnsjava/2.1.7/dnsjava-2.1.7.jar:/home/user/.m2/repository/org/apache/hadoop/hadoop-hdfs/3.2.0/hadoop-hdfs-3.2.0-tests.jar:/home/user/.m2/repository/org/eclipse/jetty/jetty-util-ajax/9.3.25.v20180904/jetty-util-ajax-9.3.25.v20180904.jar:/home/user/.m2/repository/commons-daemon/commons-daemon/1.0.13/commons-daemon-1.0.13.jar:/home/user/.m2/repository/io/netty/netty/3.10.5.Final/netty-3.10.5.Final.jar:/home/user/.m2/repository/io/netty/netty-all/4.0.52.Final/netty-all-4.0.52.Final.jar:/home/user/.m2/repository/org/fusesource/leveldbjni/leveldbjni-all/1.8/leveldbjni-all-1.8.jar:"/>
    <property name="java.vm.vendor" value="IcedTea"/>
    <property name="sun.arch.data.model" value="64"/>
    <property name="test.build.dir" value="/workdir/hadoop-ozone/integration-test/target/test-dir"/>
    <property name="test.cache.data" value=""/>
    <property name="java.vendor.url" value="https://icedtea.classpath.org"/>
    <property name="user.timezone" value=""/>
    <property name="java.vm.specification.version" value="1.8"/>
    <property name="os.name" value="Linux"/>
    <property name="test.build.data" value="/workdir/hadoop-ozone/integration-test/target/test-dir"/>
    <property name="user.country" value="US"/>
    <property name="sun.java.launcher" value="SUN_STANDARD"/>
    <property name="sun.boot.library.path" value="/usr/lib/jvm/java-1.8-openjdk/jre/lib/amd64"/>
    <property name="sun.java.command" value="/workdir/hadoop-ozone/integration-test/target/surefire/surefirebooter5050707018686298848.jar /workdir/hadoop-ozone/integration-test/target/surefire 2019-10-14T14-05-23_380-jvmRun1 surefire1336114881027159892tmp surefire_558475178848150832137tmp"/>
    <property name="test" value="!TestMiniChaosOzoneCluster"/>
    <property name="surefire.test.class.path" value="/workdir/hadoop-ozone/integration-test/target/test-classes:/workdir/hadoop-ozone/integration-test/target/classes:/home/user/.m2/repository/org/apache/hadoop/hadoop-ozone-common/0.5.0-SNAPSHOT/hadoop-ozone-common-0.5.0-SNAPSHOT.jar:/home/user/.m2/repository/org/apache/commons/commons-compress/1.4.1/commons-compress-1.4.1.jar:/home/user/.m2/repository/org/tukaani/xz/1.0/xz-1.0.jar:/home/user/.m2/repository/org/apache/hadoop/hadoop-common/3.2.0/hadoop-common-3.2.0.jar:/home/user/.m2/repository/org/apache/hadoop/hadoop-hdfs/3.2.0/hadoop-hdfs-3.2.0.jar:/home/user/.m2/repository/org/apache/hadoop/hadoop-hdfs-client/3.2.0/hadoop-hdfs-client-3.2.0.jar:/home/user/.m2/repository/com/fasterxml/jackson/core/jackson-annotations/2.9.9/jackson-annotations-2.9.9.jar:/home/user/.m2/repository/org/apache/hadoop/hadoop-hdds-common/0.5.0-SNAPSHOT/hadoop-hdds-common-0.5.0-SNAPSHOT.jar:/home/user/.m2/repository/javax/annotation/javax.annotation-api/1.2/javax.annotation-api-1.2.jar:/home/user/.m2/repository/org/apache/ratis/ratis-server/0.5.0-201fc85-SNAPSHOT/ratis-server-0.5.0-201fc85-SNAPSHOT.jar:/home/user/.m2/repository/org/apache/ratis/ratis-thirdparty-misc/0.2.0/ratis-thirdparty-misc-0.2.0.jar:/home/user/.m2/repository/org/apache/ratis/ratis-proto/0.5.0-201fc85-SNAPSHOT/ratis-proto-0.5.0-201fc85-SNAPSHOT.jar:/home/user/.m2/repository/org/apache/ratis/ratis-common/0.5.0-201fc85-SNAPSHOT/ratis-common-0.5.0-201fc85-SNAPSHOT.jar:/home/user/.m2/repository/org/apache/ratis/ratis-client/0.5.0-201fc85-SNAPSHOT/ratis-client-0.5.0-201fc85-SNAPSHOT.jar:/home/user/.m2/repository/org/apache/ratis/ratis-metrics/0.5.0-201fc85-SNAPSHOT/ratis-metrics-0.5.0-201fc85-SNAPSHOT.jar:/home/user/.m2/repository/com/github/joshelser/dropwizard-metrics-hadoop-metrics2-reporter/0.1.2/dropwizard-metrics-hadoop-metrics2-reporter-0.1.2.jar:/home/user/.m2/repository/io/dropwizard/metrics/metrics-jvm/3.2.5/metrics-jvm-3.2.5.jar:/home/user/.m2/repository/io/dropwizard/metrics/metrics-ganglia/3.2.5/metrics-ganglia-3.2.5.jar:/home/user/.m2/repository/info/ganglia/gmetric4j/gmetric4j/1.0.7/gmetric4j-1.0.7.jar:/home/user/.m2/repository/org/apache/ratis/ratis-netty/0.5.0-201fc85-SNAPSHOT/ratis-netty-0.5.0-201fc85-SNAPSHOT.jar:/home/user/.m2/repository/org/apache/ratis/ratis-grpc/0.5.0-201fc85-SNAPSHOT/ratis-grpc-0.5.0-201fc85-SNAPSHOT.jar:/home/user/.m2/repository/org/rocksdb/rocksdbjni/6.0.1/rocksdbjni-6.0.1.jar:/home/user/.m2/repository/org/apache/logging/log4j/log4j-api/2.11.0/log4j-api-2.11.0.jar:/home/user/.m2/repository/org/apache/logging/log4j/log4j-core/2.11.0/log4j-core-2.11.0.jar:/home/user/.m2/repository/com/lmax/disruptor/3.4.2/disruptor-3.4.2.jar:/home/user/.m2/repository/org/apache/commons/commons-pool2/2.6.0/commons-pool2-2.6.0.jar:/home/user/.m2/repository/org/bouncycastle/bcpkix-jdk15on/1.60/bcpkix-jdk15on-1.60.jar:/home/user/.m2/repository/commons-validator/commons-validator/1.6/commons-validator-1.6.jar:/home/user/.m2/repository/commons-digester/commons-digester/1.8.1/commons-digester-1.8.1.jar:/home/user/.m2/repository/io/jaegertracing/jaeger-client/0.34.0/jaeger-client-0.34.0.jar:/home/user/.m2/repository/io/jaegertracing/jaeger-thrift/0.34.0/jaeger-thrift-0.34.0.jar:/home/user/.m2/repository/org/apache/thrift/libthrift/0.12.0/libthrift-0.12.0.jar:/home/user/.m2/repository/com/squareup/okhttp3/okhttp/3.9.0/okhttp-3.9.0.jar:/home/user/.m2/repository/com/squareup/okio/okio/1.13.0/okio-1.13.0.jar:/home/user/.m2/repository/io/jaegertracing/jaeger-core/0.34.0/jaeger-core-0.34.0.jar:/home/user/.m2/repository/io/jaegertracing/jaeger-tracerresolver/0.34.0/jaeger-tracerresolver-0.34.0.jar:/home/user/.m2/repository/io/opentracing/contrib/opentracing-tracerresolver/0.1.5/opentracing-tracerresolver-0.1.5.jar:/home/user/.m2/repository/io/opentracing/opentracing-util/0.31.0/opentracing-util-0.31.0.jar:/home/user/.m2/repository/io/opentracing/opentracing-api/0.31.0/opentracing-api-0.31.0.jar:/home/user/.m2/repository/io/opentracing/opentracing-noop/0.31.0/opentracing-noop-0.31.0.jar:/home/user/.m2/repository/org/apache/hadoop/hadoop-hdds-server-framework/0.5.0-SNAPSHOT/hadoop-hdds-server-framework-0.5.0-SNAPSHOT.jar:/home/user/.m2/repository/org/apache/hadoop/hadoop-hdds-container-service/0.5.0-SNAPSHOT/hadoop-hdds-container-service-0.5.0-SNAPSHOT.jar:/home/user/.m2/repository/org/apache/hadoop/hadoop-hdds-client/0.5.0-SNAPSHOT/hadoop-hdds-client-0.5.0-SNAPSHOT.jar:/home/user/.m2/repository/org/apache/hadoop/hadoop-hdds-tools/0.5.0-SNAPSHOT/hadoop-hdds-tools-0.5.0-SNAPSHOT.jar:/home/user/.m2/repository/org/apache/hadoop/hadoop-hdds-server-scm/0.5.0-SNAPSHOT/hadoop-hdds-server-scm-0.5.0-SNAPSHOT.jar:/home/user/.m2/repository/org/apache/hadoop/hadoop-hdds-docs/0.5.0-SNAPSHOT/hadoop-hdds-docs-0.5.0-SNAPSHOT.jar:/home/user/.m2/repository/io/dropwizard/metrics/metrics-core/3.2.4/metrics-core-3.2.4.jar:/home/user/.m2/repository/org/hamcrest/hamcrest-all/1.3/hamcrest-all-1.3.jar:/home/user/.m2/repository/org/bouncycastle/bcprov-jdk15on/1.60/bcprov-jdk15on-1.60.jar:/home/user/.m2/repository/info/picocli/picocli/3.9.6/picocli-3.9.6.jar:/home/user/.m2/repository/com/google/protobuf/protobuf-java/2.5.0/protobuf-java-2.5.0.jar:/home/user/.m2/repository/com/google/guava/guava/11.0.2/guava-11.0.2.jar:/home/user/.m2/repository/org/apache/hadoop/hadoop-ozone-ozone-manager/0.5.0-SNAPSHOT/hadoop-ozone-ozone-manager-0.5.0-SNAPSHOT.jar:/home/user/.m2/repository/org/apache/hadoop/hadoop-minikdc/3.2.0/hadoop-minikdc-3.2.0.jar:/home/user/.m2/repository/commons-io/commons-io/2.5/commons-io-2.5.jar:/home/user/.m2/repository/org/apache/kerby/kerb-simplekdc/1.0.1/kerb-simplekdc-1.0.1.jar:/home/user/.m2/repository/org/apache/kerby/kerb-client/1.0.1/kerb-client-1.0.1.jar:/home/user/.m2/repository/org/apache/kerby/kerby-config/1.0.1/kerby-config-1.0.1.jar:/home/user/.m2/repository/org/apache/kerby/kerb-core/1.0.1/kerb-core-1.0.1.jar:/home/user/.m2/repository/org/apache/kerby/kerby-pkix/1.0.1/kerby-pkix-1.0.1.jar:/home/user/.m2/repository/org/apache/kerby/kerby-asn1/1.0.1/kerby-asn1-1.0.1.jar:/home/user/.m2/repository/org/apache/kerby/kerby-util/1.0.1/kerby-util-1.0.1.jar:/home/user/.m2/repository/org/apache/kerby/kerb-common/1.0.1/kerb-common-1.0.1.jar:/home/user/.m2/repository/org/apache/kerby/kerb-crypto/1.0.1/kerb-crypto-1.0.1.jar:/home/user/.m2/repository/org/apache/kerby/kerb-util/1.0.1/kerb-util-1.0.1.jar:/home/user/.m2/repository/org/apache/kerby/token-provider/1.0.1/token-provider-1.0.1.jar:/home/user/.m2/repository/org/apache/kerby/kerb-admin/1.0.1/kerb-admin-1.0.1.jar:/home/user/.m2/repository/org/apache/kerby/kerb-server/1.0.1/kerb-server-1.0.1.jar:/home/user/.m2/repository/org/apache/kerby/kerb-identity/1.0.1/kerb-identity-1.0.1.jar:/home/user/.m2/repository/org/apache/kerby/kerby-xdr/1.0.1/kerby-xdr-1.0.1.jar:/home/user/.m2/repository/org/slf4j/slf4j-log4j12/1.7.25/slf4j-log4j12-1.7.25.jar:/home/user/.m2/repository/org/apache/hadoop/hadoop-ozone-s3gateway/0.5.0-SNAPSHOT/hadoop-ozone-s3gateway-0.5.0-SNAPSHOT.jar:/home/user/.m2/repository/org/jboss/weld/servlet/weld-servlet/2.4.7.Final/weld-servlet-2.4.7.Final.jar:/home/user/.m2/repository/org/glassfish/jersey/containers/jersey-container-servlet-core/2.27/jersey-container-servlet-core-2.27.jar:/home/user/.m2/repository/org/glassfish/hk2/external/javax.inject/2.5.0-b42/javax.inject-2.5.0-b42.jar:/home/user/.m2/repository/org/glassfish/jersey/core/jersey-common/2.27/jersey-common-2.27.jar:/home/user/.m2/repository/org/glassfish/hk2/osgi-resource-locator/1.0.1/osgi-resource-locator-1.0.1.jar:/home/user/.m2/repository/javax/ws/rs/javax.ws.rs-api/2.1/javax.ws.rs-api-2.1.jar:/home/user/.m2/repository/org/glassfish/jersey/ext/cdi/jersey-cdi1x/2.27/jersey-cdi1x-2.27.jar:/home/user/.m2/repository/org/glassfish/jersey/inject/jersey-hk2/2.27/jersey-hk2-2.27.jar:/home/user/.m2/repository/org/glassfish/hk2/hk2-locator/2.5.0-b42/hk2-locator-2.5.0-b42.jar:/home/user/.m2/repository/org/javassist/javassist/3.22.0-CR2/javassist-3.22.0-CR2.jar:/home/user/.m2/repository/org/glassfish/hk2/hk2-api/2.5.0/hk2-api-2.5.0.jar:/home/user/.m2/repository/org/glassfish/hk2/external/jakarta.inject/2.5.0/jakarta.inject-2.5.0.jar:/home/user/.m2/repository/org/glassfish/hk2/hk2-utils/2.5.0/hk2-utils-2.5.0.jar:/home/user/.m2/repository/jakarta/annotation/jakarta.annotation-api/1.3.4/jakarta.annotation-api-1.3.4.jar:/home/user/.m2/repository/org/glassfish/hk2/external/aopalliance-repackaged/2.5.0/aopalliance-repackaged-2.5.0.jar:/home/user/.m2/repository/com/fasterxml/jackson/dataformat/jackson-dataformat-xml/2.9.0/jackson-dataformat-xml-2.9.0.jar:/home/user/.m2/repository/com/fasterxml/jackson/core/jackson-core/2.9.9/jackson-core-2.9.9.jar:/home/user/.m2/repository/com/fasterxml/jackson/module/jackson-module-jaxb-annotations/2.9.9/jackson-module-jaxb-annotations-2.9.9.jar:/home/user/.m2/repository/javax/enterprise/cdi-api/1.2/cdi-api-1.2.jar:/home/user/.m2/repository/javax/el/javax.el-api/3.0.0/javax.el-api-3.0.0.jar:/home/user/.m2/repository/javax/interceptor/javax.interceptor-api/1.2/javax.interceptor-api-1.2.jar:/home/user/.m2/repository/javax/inject/javax.inject/1/javax.inject-1.jar:/home/user/.m2/repository/com/sun/xml/bind/jaxb-impl/2.3.0.1/jaxb-impl-2.3.0.1.jar:/home/user/.m2/repository/com/sun/xml/bind/jaxb-core/2.3.0.1/jaxb-core-2.3.0.1.jar:/home/user/.m2/repository/javax/xml/bind/jaxb-api/2.3.0/jaxb-api-2.3.0.jar:/home/user/.m2/repository/javax/activation/activation/1.1.1/activation-1.1.1.jar:/home/user/.m2/repository/org/apache/hadoop/hadoop-ozone-csi/0.5.0-SNAPSHOT/hadoop-ozone-csi-0.5.0-SNAPSHOT.jar:/home/user/.m2/repository/com/google/protobuf/protobuf-java-util/3.5.1/protobuf-java-util-3.5.1.jar:/home/user/.m2/repository/org/apache/hadoop/hadoop-hdds-config/0.5.0-SNAPSHOT/hadoop-hdds-config-0.5.0-SNAPSHOT.jar:/home/user/.m2/repository/io/grpc/grpc-netty/1.17.1/grpc-netty-1.17.1.jar:/home/user/.m2/repository/io/grpc/grpc-core/1.17.1/grpc-core-1.17.1.jar:/home/user/.m2/repository/io/grpc/grpc-context/1.17.1/grpc-context-1.17.1.jar:/home/user/.m2/repository/com/google/errorprone/error_prone_annotations/2.2.0/error_prone_annotations-2.2.0.jar:/home/user/.m2/repository/org/codehaus/mojo/animal-sniffer-annotations/1.17/animal-sniffer-annotations-1.17.jar:/home/user/.m2/repository/io/opencensus/opencensus-api/0.17.0/opencensus-api-0.17.0.jar:/home/user/.m2/repository/io/opencensus/opencensus-contrib-grpc-metrics/0.17.0/opencensus-contrib-grpc-metrics-0.17.0.jar:/home/user/.m2/repository/io/netty/netty-codec-http2/4.1.30.Final/netty-codec-http2-4.1.30.Final.jar:/home/user/.m2/repository/io/netty/netty-codec-http/4.1.30.Final/netty-codec-http-4.1.30.Final.jar:/home/user/.m2/repository/io/netty/netty-codec/4.1.30.Final/netty-codec-4.1.30.Final.jar:/home/user/.m2/repository/io/netty/netty-handler/4.1.30.Final/netty-handler-4.1.30.Final.jar:/home/user/.m2/repository/io/netty/netty-handler-proxy/4.1.30.Final/netty-handler-proxy-4.1.30.Final.jar:/home/user/.m2/repository/io/netty/netty-codec-socks/4.1.30.Final/netty-codec-socks-4.1.30.Final.jar:/home/user/.m2/repository/io/netty/netty-transport-native-epoll/4.1.30.Final/netty-transport-native-epoll-4.1.30.Final.jar:/home/user/.m2/repository/io/netty/netty-common/4.1.30.Final/netty-common-4.1.30.Final.jar:/home/user/.m2/repository/io/netty/netty-buffer/4.1.30.Final/netty-buffer-4.1.30.Final.jar:/home/user/.m2/repository/io/netty/netty-transport/4.1.30.Final/netty-transport-4.1.30.Final.jar:/home/user/.m2/repository/io/netty/netty-resolver/4.1.30.Final/netty-resolver-4.1.30.Final.jar:/home/user/.m2/repository/io/netty/netty-transport-native-unix-common/4.1.30.Final/netty-transport-native-unix-common-4.1.30.Final.jar:/home/user/.m2/repository/io/grpc/grpc-protobuf/1.17.1/grpc-protobuf-1.17.1.jar:/home/user/.m2/repository/com/google/api/grpc/proto-google-common-protos/1.0.0/proto-google-common-protos-1.0.0.jar:/home/user/.m2/repository/io/grpc/grpc-protobuf-lite/1.17.1/grpc-protobuf-lite-1.17.1.jar:/home/user/.m2/repository/io/grpc/grpc-stub/1.17.1/grpc-stub-1.17.1.jar:/home/user/.m2/repository/org/apache/hadoop/hadoop-ozone-recon/0.5.0-SNAPSHOT/hadoop-ozone-recon-0.5.0-SNAPSHOT.jar:/home/user/.m2/repository/org/apache/hadoop/hadoop-ozone-reconcodegen/0.5.0-SNAPSHOT/hadoop-ozone-reconcodegen-0.5.0-SNAPSHOT.jar:/home/user/.m2/repository/com/google/inject/extensions/guice-multibindings/4.0/guice-multibindings-4.0.jar:/home/user/.m2/repository/com/google/inject/guice/4.0/guice-4.0.jar:/home/user/.m2/repository/aopalliance/aopalliance/1.0/aopalliance-1.0.jar:/home/user/.m2/repository/com/google/inject/extensions/guice-servlet/4.0/guice-servlet-4.0.jar:/home/user/.m2/repository/org/glassfish/jersey/containers/jersey-container-servlet/2.27/jersey-container-servlet-2.27.jar:/home/user/.m2/repository/org/glassfish/hk2/guice-bridge/2.5.0/guice-bridge-2.5.0.jar:/home/user/.m2/repository/org/glassfish/jersey/core/jersey-server/2.27/jersey-server-2.27.jar:/home/user/.m2/repository/org/glassfish/jersey/core/jersey-client/2.27/jersey-client-2.27.jar:/home/user/.m2/repository/org/glassfish/jersey/media/jersey-media-jaxb/2.27/jersey-media-jaxb-2.27.jar:/home/user/.m2/repository/javax/validation/validation-api/1.1.0.Final/validation-api-1.1.0.Final.jar:/home/user/.m2/repository/org/glassfish/jersey/media/jersey-media-json-jackson/2.27/jersey-media-json-jackson-2.27.jar:/home/user/.m2/repository/org/glassfish/jersey/ext/jersey-entity-filtering/2.27/jersey-entity-filtering-2.27.jar:/home/user/.m2/repository/com/google/inject/extensions/guice-assistedinject/4.0/guice-assistedinject-4.0.jar:/home/user/.m2/repository/org/jooq/jooq/3.11.10/jooq-3.11.10.jar:/home/user/.m2/repository/org/jooq/jooq-meta/3.11.10/jooq-meta-3.11.10.jar:/home/user/.m2/repository/org/jooq/jooq-codegen/3.11.10/jooq-codegen-3.11.10.jar:/home/user/.m2/repository/com/jolbox/bonecp/0.8.0.RELEASE/bonecp-0.8.0.RELEASE.jar:/home/user/.m2/repository/org/xerial/sqlite-jdbc/3.25.2/sqlite-jdbc-3.25.2.jar:/home/user/.m2/repository/org/springframework/spring-jdbc/5.1.3.RELEASE/spring-jdbc-5.1.3.RELEASE.jar:/home/user/.m2/repository/org/springframework/spring-beans/5.1.3.RELEASE/spring-beans-5.1.3.RELEASE.jar:/home/user/.m2/repository/org/springframework/spring-core/5.1.3.RELEASE/spring-core-5.1.3.RELEASE.jar:/home/user/.m2/repository/org/springframework/spring-jcl/5.1.3.RELEASE/spring-jcl-5.1.3.RELEASE.jar:/home/user/.m2/repository/org/springframework/spring-tx/5.1.3.RELEASE/spring-tx-5.1.3.RELEASE.jar:/home/user/.m2/repository/org/apache/hadoop/hadoop-ozone-client/0.5.0-SNAPSHOT/hadoop-ozone-client-0.5.0-SNAPSHOT.jar:/home/user/.m2/repository/commons-lang/commons-lang/2.6/commons-lang-2.6.jar:/home/user/.m2/repository/org/apache/hadoop/hadoop-ozone-ozone-manager/0.5.0-SNAPSHOT/hadoop-ozone-ozone-manager-0.5.0-SNAPSHOT-tests.jar:/home/user/.m2/repository/junit/junit/4.11/junit-4.11.jar:/home/user/.m2/repository/org/hamcrest/hamcrest-core/1.3/hamcrest-core-1.3.jar:/home/user/.m2/repository/org/openjdk/jmh/jmh-core/1.19/jmh-core-1.19.jar:/home/user/.m2/repository/net/sf/jopt-simple/jopt-simple/4.6/jopt-simple-4.6.jar:/home/user/.m2/repository/org/apache/commons/commons-math3/3.1.1/commons-math3-3.1.1.jar:/home/user/.m2/repository/org/openjdk/jmh/jmh-generator-annprocess/1.19/jmh-generator-annprocess-1.19.jar:/home/user/.m2/repository/org/mockito/mockito-all/1.8.5/mockito-all-1.8.5.jar:/home/user/.m2/repository/org/apache/hadoop/hadoop-kms/3.2.0/hadoop-kms-3.2.0.jar:/home/user/.m2/repository/org/apache/hadoop/hadoop-auth/3.2.0/hadoop-auth-3.2.0.jar:/home/user/.m2/repository/com/nimbusds/nimbus-jose-jwt/4.41.1/nimbus-jose-jwt-4.41.1.jar:/home/user/.m2/repository/com/github/stephenc/jcip/jcip-annotations/1.0-1/jcip-annotations-1.0-1.jar:/home/user/.m2/repository/net/minidev/json-smart/2.3/json-smart-2.3.jar:/home/user/.m2/repository/net/minidev/accessors-smart/1.2/accessors-smart-1.2.jar:/home/user/.m2/repository/org/ow2/asm/asm/5.0.4/asm-5.0.4.jar:/home/user/.m2/repository/org/apache/curator/curator-framework/2.12.0/curator-framework-2.12.0.jar:/home/user/.m2/repository/com/sun/jersey/jersey-core/1.19/jersey-core-1.19.jar:/home/user/.m2/repository/javax/ws/rs/jsr311-api/1.1.1/jsr311-api-1.1.1.jar:/home/user/.m2/repository/com/sun/jersey/jersey-server/1.19/jersey-server-1.19.jar:/home/user/.m2/repository/javax/servlet/javax.servlet-api/3.1.0/javax.servlet-api-3.1.0.jar:/home/user/.m2/repository/org/eclipse/jetty/jetty-server/9.3.25.v20180904/jetty-server-9.3.25.v20180904.jar:/home/user/.m2/repository/org/eclipse/jetty/jetty-http/9.3.25.v20180904/jetty-http-9.3.25.v20180904.jar:/home/user/.m2/repository/org/eclipse/jetty/jetty-io/9.3.25.v20180904/jetty-io-9.3.25.v20180904.jar:/home/user/.m2/repository/org/eclipse/jetty/jetty-webapp/9.3.25.v20180904/jetty-webapp-9.3.25.v20180904.jar:/home/user/.m2/repository/org/eclipse/jetty/jetty-xml/9.3.25.v20180904/jetty-xml-9.3.25.v20180904.jar:/home/user/.m2/repository/log4j/log4j/1.2.17/log4j-1.2.17.jar:/home/user/.m2/repository/org/slf4j/slf4j-api/1.7.25/slf4j-api-1.7.25.jar:/home/user/.m2/repository/org/slf4j/jul-to-slf4j/1.7.25/jul-to-slf4j-1.7.25.jar:/home/user/.m2/repository/org/eclipse/jetty/jetty-util/9.3.25.v20180904/jetty-util-9.3.25.v20180904.jar:/home/user/.m2/repository/com/fasterxml/jackson/core/jackson-databind/2.9.9/jackson-databind-2.9.9.jar:/home/user/.m2/repository/org/apache/hadoop/hadoop-kms/3.2.0/hadoop-kms-3.2.0-tests.jar:/home/user/.m2/repository/org/apache/hadoop/hadoop-hdds-server-scm/0.5.0-SNAPSHOT/hadoop-hdds-server-scm-0.5.0-SNAPSHOT-tests.jar:/home/user/.m2/repository/org/apache/hadoop/hadoop-hdds-container-service/0.5.0-SNAPSHOT/hadoop-hdds-container-service-0.5.0-SNAPSHOT-tests.jar:/home/user/.m2/repository/org/yaml/snakeyaml/1.16/snakeyaml-1.16.jar:/home/user/.m2/repository/org/apache/hadoop/hadoop-common/3.2.0/hadoop-common-3.2.0-tests.jar:/home/user/.m2/repository/org/apache/hadoop/hadoop-annotations/3.2.0/hadoop-annotations-3.2.0.jar:/usr/lib/jvm/java-1.8-openjdk/jre/../lib/tools.jar:/home/user/.m2/repository/commons-cli/commons-cli/1.2/commons-cli-1.2.jar:/home/user/.m2/repository/org/apache/httpcomponents/httpclient/4.5.2/httpclient-4.5.2.jar:/home/user/.m2/repository/org/apache/httpcomponents/httpcore/4.4.4/httpcore-4.4.4.jar:/home/user/.m2/repository/commons-codec/commons-codec/1.11/commons-codec-1.11.jar:/home/user/.m2/repository/commons-net/commons-net/3.6/commons-net-3.6.jar:/home/user/.m2/repository/commons-collections/commons-collections/3.2.2/commons-collections-3.2.2.jar:/home/user/.m2/repository/org/eclipse/jetty/jetty-servlet/9.3.25.v20180904/jetty-servlet-9.3.25.v20180904.jar:/home/user/.m2/repository/org/eclipse/jetty/jetty-security/9.3.25.v20180904/jetty-security-9.3.25.v20180904.jar:/home/user/.m2/repository/javax/servlet/jsp/jsp-api/2.1/jsp-api-2.1.jar:/home/user/.m2/repository/com/sun/jersey/jersey-servlet/1.19/jersey-servlet-1.19.jar:/home/user/.m2/repository/com/sun/jersey/jersey-json/1.19/jersey-json-1.19.jar:/home/user/.m2/repository/org/codehaus/jettison/jettison/1.1/jettison-1.1.jar:/home/user/.m2/repository/org/codehaus/jackson/jackson-core-asl/1.9.13/jackson-core-asl-1.9.13.jar:/home/user/.m2/repository/org/codehaus/jackson/jackson-mapper-asl/1.9.13/jackson-mapper-asl-1.9.13.jar:/home/user/.m2/repository/org/codehaus/jackson/jackson-jaxrs/1.9.13/jackson-jaxrs-1.9.13.jar:/home/user/.m2/repository/org/codehaus/jackson/jackson-xc/1.9.13/jackson-xc-1.9.13.jar:/home/user/.m2/repository/commons-logging/commons-logging/1.1.3/commons-logging-1.1.3.jar:/home/user/.m2/repository/commons-beanutils/commons-beanutils/1.9.4/commons-beanutils-1.9.4.jar:/home/user/.m2/repository/org/apache/commons/commons-configuration2/2.1.1/commons-configuration2-2.1.1.jar:/home/user/.m2/repository/org/apache/commons/commons-lang3/3.7/commons-lang3-3.7.jar:/home/user/.m2/repository/org/apache/commons/commons-text/1.4/commons-text-1.4.jar:/home/user/.m2/repository/org/apache/avro/avro/1.7.7/avro-1.7.7.jar:/home/user/.m2/repository/com/thoughtworks/paranamer/paranamer/2.3/paranamer-2.3.jar:/home/user/.m2/repository/org/xerial/snappy/snappy-java/1.0.5/snappy-java-1.0.5.jar:/home/user/.m2/repository/com/google/re2j/re2j/1.1/re2j-1.1.jar:/home/user/.m2/repository/com/google/code/gson/gson/2.2.4/gson-2.2.4.jar:/home/user/.m2/repository/com/jcraft/jsch/0.1.54/jsch-0.1.54.jar:/home/user/.m2/repository/org/apache/curator/curator-client/2.12.0/curator-client-2.12.0.jar:/home/user/.m2/repository/org/apache/curator/curator-recipes/2.12.0/curator-recipes-2.12.0.jar:/home/user/.m2/repository/com/google/code/findbugs/jsr305/3.0.0/jsr305-3.0.0.jar:/home/user/.m2/repository/org/apache/htrace/htrace-core4/4.1.0-incubating/htrace-core4-4.1.0-incubating.jar:/home/user/.m2/repository/org/apache/zookeeper/zookeeper/3.4.13/zookeeper-3.4.13.jar:/home/user/.m2/repository/jline/jline/0.9.94/jline-0.9.94.jar:/home/user/.m2/repository/org/apache/yetus/audience-annotations/0.5.0/audience-annotations-0.5.0.jar:/home/user/.m2/repository/org/codehaus/woodstox/stax2-api/3.1.4/stax2-api-3.1.4.jar:/home/user/.m2/repository/com/fasterxml/woodstox/woodstox-core/5.0.3/woodstox-core-5.0.3.jar:/home/user/.m2/repository/dnsjava/dnsjava/2.1.7/dnsjava-2.1.7.jar:/home/user/.m2/repository/org/apache/hadoop/hadoop-hdfs/3.2.0/hadoop-hdfs-3.2.0-tests.jar:/home/user/.m2/repository/org/eclipse/jetty/jetty-util-ajax/9.3.25.v20180904/jetty-util-ajax-9.3.25.v20180904.jar:/home/user/.m2/repository/commons-daemon/commons-daemon/1.0.13/commons-daemon-1.0.13.jar:/home/user/.m2/repository/io/netty/netty/3.10.5.Final/netty-3.10.5.Final.jar:/home/user/.m2/repository/io/netty/netty-all/4.0.52.Final/netty-all-4.0.52.Final.jar:/home/user/.m2/repository/org/fusesource/leveldbjni/leveldbjni-all/1.8/leveldbjni-all-1.8.jar:"/>
    <property name="sun.cpu.endian" value="little"/>
    <property name="user.home" value="/home/user"/>
    <property name="user.language" value="en"/>
    <property name="java.specification.vendor" value="Oracle Corporation"/>
    <property name="java.home" value="/usr/lib/jvm/java-1.8-openjdk/jre"/>
    <property name="surefire.excludesFile" value="/tools/ozone-bad-unit-tests"/>
    <property name="java.security.krb5.conf" value="/workdir/hadoop-ozone/integration-test/target/test-classes/krb5.conf"/>
    <property name="basedir" value="/workdir/hadoop-ozone/integration-test"/>
    <property name="file.separator" value="/"/>
    <property name="line.separator" value="&#10;"/>
    <property name="java.vm.specification.vendor" value="Oracle Corporation"/>
    <property name="java.specification.name" value="Java Platform API Specification"/>
    <property name="java.awt.graphicsenv" value="sun.awt.X11GraphicsEnvironment"/>
    <property name="surefire.real.class.path" value="/workdir/hadoop-ozone/integration-test/target/surefire/surefirebooter5050707018686298848.jar"/>
    <property name="hadoop.log.dir" value="/workdir/hadoop-ozone/integration-test/target/log"/>
    <property name="sun.boot.class.path" value="/usr/lib/jvm/java-1.8-openjdk/jre/lib/resources.jar:/usr/lib/jvm/java-1.8-openjdk/jre/lib/rt.jar:/usr/lib/jvm/java-1.8-openjdk/jre/lib/sunrsasign.jar:/usr/lib/jvm/java-1.8-openjdk/jre/lib/jsse.jar:/usr/lib/jvm/java-1.8-openjdk/jre/lib/jce.jar:/usr/lib/jvm/java-1.8-openjdk/jre/lib/charsets.jar:/usr/lib/jvm/java-1.8-openjdk/jre/lib/jfr.jar:/usr/lib/jvm/java-1.8-openjdk/jre/classes"/>
    <property name="sun.management.compiler" value="HotSpot 64-Bit Tiered Compilers"/>
    <property name="java.runtime.version" value="1.8.0_212-b04"/>
    <property name="java.net.preferIPv4Stack" value="true"/>
    <property name="user.name" value="jenkins1000"/>
    <property name="path.separator" value=":"/>
    <property name="java.security.egd" value="file:///dev/urandom"/>
    <property name="os.version" value="3.10.0-957.12.2.el7.x86_64"/>
    <property name="java.endorsed.dirs" value="/usr/lib/jvm/java-1.8-openjdk/jre/lib/endorsed"/>
    <property name="java.runtime.name" value="OpenJDK Runtime Environment"/>
    <property name="file.encoding" value="UTF-8"/>
    <property name="java.vm.name" value="OpenJDK 64-Bit Server VM"/>
    <property name="test.build.webapps" value=""/>
    <property name="localRepository" value="/home/user/.m2/repository"/>
    <property name="java.vendor.url.bug" value="https://icedtea.classpath.org/bugzilla"/>
    <property name="java.io.tmpdir" value="/tmp"/>
    <property name="require.test.libhadoop" value=""/>
    <property name="java.version" value="1.8.0_212"/>
    <property name="user.dir" value="/workdir/hadoop-ozone/integration-test"/>
    <property name="os.arch" value="amd64"/>
    <property name="java.vm.specification.name" value="Java Virtual Machine Specification"/>
    <property name="test.build.classes" value="/workdir/hadoop-ozone/integration-test/target/test-classes"/>
    <property name="java.awt.printerjob" value="sun.print.PSPrinterJob"/>
    <property name="sun.os.patch.level" value="unknown"/>
    <property name="hadoop.tmp.dir" value="/workdir/hadoop-ozone/integration-test/target/tmp"/>
    <property name="java.library.path" value="/usr/lib/jvm/java-1.8-openjdk/jre/lib/amd64/server:/usr/lib/jvm/java-1.8-openjdk/jre/lib/amd64:/usr/lib/jvm/java-1.8-openjdk/jre/../lib/amd64:/workdir/hadoop-ozone/integration-test/target/native/target/usr/local/lib:/workdir/hadoop-ozone/integration-test/../../hadoop-common-project/hadoop-common/target/native/target/usr/local/lib:/usr/java/packages/lib/amd64:/usr/lib64:/lib64:/lib:/usr/lib"/>
    <property name="java.vm.info" value="mixed mode"/>
    <property name="java.vendor" value="IcedTea"/>
    <property name="java.vm.version" value="25.212-b04"/>
    <property name="java.ext.dirs" value="/usr/lib/jvm/java-1.8-openjdk/jre/lib/ext:/usr/java/packages/lib/ext"/>
    <property name="sun.io.unicode.encoding" value="UnicodeLittle"/>
    <property name="java.class.version" value="52.0"/>
  </properties>
  <testcase name="testWatchForCommitWithKeyWrite" classname="org.apache.hadoop.ozone.client.rpc.TestWatchForCommit" time="84.621"/>
  <testcase name="testWatchForCommitWithSmallerTimeoutValue" classname="org.apache.hadoop.ozone.client.rpc.TestWatchForCommit" time="43.109"/>
  <testcase name="testWatchForCommitForRetryfailure" classname="org.apache.hadoop.ozone.client.rpc.TestWatchForCommit" time="62.532">
    <failure type="java.lang.AssertionError">java.lang.AssertionError
	at org.junit.Assert.fail(Assert.java:86)
	at org.junit.Assert.assertTrue(Assert.java:41)
	at org.junit.Assert.assertTrue(Assert.java:52)
	at org.apache.hadoop.ozone.client.rpc.TestWatchForCommit.testWatchForCommitForRetryfailure(TestWatchForCommit.java:348)
	at sun.reflect.NativeMethodAccessorImpl.invoke0(Native Method)
	at sun.reflect.NativeMethodAccessorImpl.invoke(NativeMethodAccessorImpl.java:62)
	at sun.reflect.DelegatingMethodAccessorImpl.invoke(DelegatingMethodAccessorImpl.java:43)
	at java.lang.reflect.Method.invoke(Method.java:498)
	at org.junit.runners.model.FrameworkMethod$1.runReflectiveCall(FrameworkMethod.java:47)
	at org.junit.internal.runners.model.ReflectiveCallable.run(ReflectiveCallable.java:12)
	at org.junit.runners.model.FrameworkMethod.invokeExplosively(FrameworkMethod.java:44)
	at org.junit.internal.runners.statements.InvokeMethod.evaluate(InvokeMethod.java:17)
	at org.junit.runners.ParentRunner.runLeaf(ParentRunner.java:271)
	at org.junit.runners.BlockJUnit4ClassRunner.runChild(BlockJUnit4ClassRunner.java:70)
	at org.junit.runners.BlockJUnit4ClassRunner.runChild(BlockJUnit4ClassRunner.java:50)
	at org.junit.runners.ParentRunner$3.run(ParentRunner.java:238)
	at org.junit.runners.ParentRunner$1.schedule(ParentRunner.java:63)
	at org.junit.runners.ParentRunner.runChildren(ParentRunner.java:236)
	at org.junit.runners.ParentRunner.access$000(ParentRunner.java:53)
	at org.junit.runners.ParentRunner$2.evaluate(ParentRunner.java:229)
	at org.junit.runners.ParentRunner.run(ParentRunner.java:309)
	at org.apache.maven.surefire.junit4.JUnit4Provider.execute(JUnit4Provider.java:365)
	at org.apache.maven.surefire.junit4.JUnit4Provider.executeWithRerun(JUnit4Provider.java:273)
	at org.apache.maven.surefire.junit4.JUnit4Provider.executeTestSet(JUnit4Provider.java:238)
	at org.apache.maven.surefire.junit4.JUnit4Provider.invoke(JUnit4Provider.java:159)
	at org.apache.maven.surefire.booter.ForkedBooter.invokeProviderInSameClassLoader(ForkedBooter.java:384)
	at org.apache.maven.surefire.booter.ForkedBooter.runSuitesInProcess(ForkedBooter.java:345)
	at org.apache.maven.surefire.booter.ForkedBooter.execute(ForkedBooter.java:126)
	at org.apache.maven.surefire.booter.ForkedBooter.main(ForkedBooter.java:418)
</failure>
    <system-out><![CDATA[2019-10-14 14:56:53,767 [main] WARN  server.ServerUtils (ServerUtils.java:getScmDbDir(145)) - ozone.scm.db.dirs is not configured. We recommend adding this setting. Falling back to ozone.metadata.dirs instead.
2019-10-14 14:56:53,792 [main] WARN  server.ServerUtils (ServerUtils.java:getScmDbDir(145)) - ozone.scm.db.dirs is not configured. We recommend adding this setting. Falling back to ozone.metadata.dirs instead.
2019-10-14 14:56:53,792 [main] WARN  server.ServerUtils (ServerUtils.java:getScmDbDir(145)) - ozone.scm.db.dirs is not configured. We recommend adding this setting. Falling back to ozone.metadata.dirs instead.
2019-10-14 14:56:53,793 [main] INFO  db.DBStoreBuilder (DBStoreBuilder.java:addTable(117)) - using custom profile for table: deletedBlocks
2019-10-14 14:56:53,793 [main] INFO  db.DBStoreBuilder (DBStoreBuilder.java:processTables(168)) - Using default column profile:DBProfile.DISK for Table:deletedBlocks
2019-10-14 14:56:53,793 [main] INFO  db.DBStoreBuilder (DBStoreBuilder.java:addTable(117)) - using custom profile for table: validCerts
2019-10-14 14:56:53,794 [main] INFO  db.DBStoreBuilder (DBStoreBuilder.java:processTables(168)) - Using default column profile:DBProfile.DISK for Table:validCerts
2019-10-14 14:56:53,794 [main] INFO  db.DBStoreBuilder (DBStoreBuilder.java:addTable(117)) - using custom profile for table: revokedCerts
2019-10-14 14:56:53,794 [main] INFO  db.DBStoreBuilder (DBStoreBuilder.java:processTables(168)) - Using default column profile:DBProfile.DISK for Table:revokedCerts
2019-10-14 14:56:53,794 [main] INFO  db.DBStoreBuilder (DBStoreBuilder.java:addTable(117)) - using custom profile for table: default
2019-10-14 14:56:53,794 [main] INFO  db.DBStoreBuilder (DBStoreBuilder.java:processTables(174)) - Using default column profile:DBProfile.DISK for Table:default
2019-10-14 14:56:53,795 [main] INFO  db.DBStoreBuilder (DBStoreBuilder.java:getDbProfile(205)) - Using default options. DBProfile.DISK
2019-10-14 14:56:53,974 [main] INFO  net.NodeSchemaLoader (NodeSchemaLoader.java:loadSchemaFromFile(125)) - Loading file from sun.misc.CompoundEnumeration@21c747a
2019-10-14 14:56:53,974 [main] INFO  net.NodeSchemaLoader (NodeSchemaLoader.java:loadSchema(171)) - Loading network topology layer schema file
2019-10-14 14:56:53,978 [main] WARN  server.ServerUtils (ServerUtils.java:sanitizeUserArgs(70)) - ozone.scm.stale.node.interval value = 300000 is larger than max = 100000 based on the key value of ozone.scm.heartbeat.thread.interval, reset to the max value 100000.
2019-10-14 14:56:53,978 [main] WARN  server.ServerUtils (ServerUtils.java:sanitizeUserArgs(70)) - ozone.scm.stale.node.interval value = 300000 is larger than max = 100000 based on the key value of ozone.scm.heartbeat.thread.interval, reset to the max value 100000.
2019-10-14 14:56:53,979 [main] INFO  node.SCMNodeManager (SCMNodeManager.java:<init>(116)) - Entering startup safe mode.
2019-10-14 14:56:53,979 [main] INFO  algorithms.ContainerPlacementPolicyFactory (ContainerPlacementPolicyFactory.java:getPolicy(57)) - Create container placement policy of type org.apache.hadoop.hdds.scm.container.placement.algorithms.SCMContainerPlacementRandom
2019-10-14 14:56:53,980 [main] WARN  server.ServerUtils (ServerUtils.java:getScmDbDir(145)) - ozone.scm.db.dirs is not configured. We recommend adding this setting. Falling back to ozone.metadata.dirs instead.
2019-10-14 14:56:54,038 [main] INFO  pipeline.SCMPipelineManager (SCMPipelineManager.java:initializePipelineState(132)) - No pipeline exists in current db
2019-10-14 14:56:54,038 [main] WARN  server.ServerUtils (ServerUtils.java:getScmDbDir(145)) - ozone.scm.db.dirs is not configured. We recommend adding this setting. Falling back to ozone.metadata.dirs instead.
2019-10-14 14:56:54,138 [main] WARN  events.EventQueue (EventQueue.java:fireEvent(183)) - No event handler registered for event TypedEvent{payloadType=SafeModeStatus, name='SafeModeStatus'}
2019-10-14 14:56:54,139 [main] INFO  ipc.CallQueueManager (CallQueueManager.java:<init>(84)) - Using callQueue: class java.util.concurrent.LinkedBlockingQueue, queueCapacity: 2000, scheduler: class org.apache.hadoop.ipc.DefaultRpcScheduler, ipcBackoff: false.
2019-10-14 14:56:54,140 [Socket Reader #1 for port 39065] INFO  ipc.Server (Server.java:run(1074)) - Starting Socket Reader #1 for port 39065
2019-10-14 14:56:54,142 [main] INFO  ipc.CallQueueManager (CallQueueManager.java:<init>(84)) - Using callQueue: class java.util.concurrent.LinkedBlockingQueue, queueCapacity: 2000, scheduler: class org.apache.hadoop.ipc.DefaultRpcScheduler, ipcBackoff: false.
2019-10-14 14:56:54,143 [Socket Reader #1 for port 45663] INFO  ipc.Server (Server.java:run(1074)) - Starting Socket Reader #1 for port 45663
2019-10-14 14:56:54,145 [main] INFO  ipc.CallQueueManager (CallQueueManager.java:<init>(84)) - Using callQueue: class java.util.concurrent.LinkedBlockingQueue, queueCapacity: 2000, scheduler: class org.apache.hadoop.ipc.DefaultRpcScheduler, ipcBackoff: false.
2019-10-14 14:56:54,146 [Socket Reader #1 for port 38860] INFO  ipc.Server (Server.java:run(1074)) - Starting Socket Reader #1 for port 38860
2019-10-14 14:56:54,148 [main] INFO  hdfs.DFSUtil (DFSUtil.java:httpServerTemplateForNNAndJN(1641)) - Starting Web-server for scm at: http://0.0.0.0:0
2019-10-14 14:56:54,151 [main] INFO  server.AuthenticationFilter (AuthenticationFilter.java:constructSecretProvider(240)) - Unable to initialize FileSignerSecretProvider, falling back to use random secrets.
2019-10-14 14:56:54,152 [main] WARN  http.HttpRequestLog (HttpRequestLog.java:getRequestLog(97)) - Jetty request log can only be enabled using Log4j
2019-10-14 14:56:54,154 [main] INFO  http.HttpServer2 (HttpServer2.java:addGlobalFilter(975)) - Added global filter 'safety' (class=org.apache.hadoop.http.HttpServer2$QuotingInputFilter)
2019-10-14 14:56:54,155 [main] INFO  http.HttpServer2 (HttpServer2.java:addFilter(948)) - Added filter static_user_filter (class=org.apache.hadoop.http.lib.StaticUserWebFilter$StaticUserFilter) to context scm
2019-10-14 14:56:54,155 [main] INFO  http.HttpServer2 (HttpServer2.java:addFilter(958)) - Added filter static_user_filter (class=org.apache.hadoop.http.lib.StaticUserWebFilter$StaticUserFilter) to context logs
2019-10-14 14:56:54,156 [main] INFO  http.HttpServer2 (HttpServer2.java:addFilter(958)) - Added filter static_user_filter (class=org.apache.hadoop.http.lib.StaticUserWebFilter$StaticUserFilter) to context static
2019-10-14 14:56:54,159 [main] INFO  server.StorageContainerManager (StorageContainerManager.java:start(772)) - StorageContainerLocationProtocol RPC server is listening at /0.0.0.0:38860
2019-10-14 14:56:54,162 [main] WARN  impl.MetricsConfig (MetricsConfig.java:loadFirst(134)) - Cannot locate configuration: tried hadoop-metrics2-storagecontainermanager.properties,hadoop-metrics2.properties
2019-10-14 14:56:54,163 [main] INFO  impl.MetricsSystemImpl (MetricsSystemImpl.java:startTimer(374)) - Scheduled Metric snapshot period at 10 second(s).
2019-10-14 14:56:54,163 [main] INFO  impl.MetricsSystemImpl (MetricsSystemImpl.java:start(191)) - StorageContainerManager metrics system started
2019-10-14 14:56:54,178 [main] INFO  lib.Interns (Interns.java:removeEldestEntry(50)) - Metrics intern cache overflow at 2011 for MetricsSystem={MetricsSystem=MetricsInfoImpl{name=MetricsSystem, description=MetricsSystem}, MetricsSystem record=MetricsInfoImpl{name=MetricsSystem, description=MetricsSystem record}}
2019-10-14 14:56:54,209 [main] WARN  impl.MetricsSystemImpl (MetricsSystemImpl.java:register(276)) - Sink prometheus already exists!
2019-10-14 14:56:54,245 [main] INFO  server.SCMClientProtocolServer (SCMClientProtocolServer.java:start(159)) - RPC server for Client  is listening at /0.0.0.0:38860
2019-10-14 14:56:54,246 [IPC Server Responder] INFO  ipc.Server (Server.java:run(1314)) - IPC Server Responder: starting
2019-10-14 14:56:54,246 [IPC Server listener on 38860] INFO  ipc.Server (Server.java:run(1153)) - IPC Server listener on 38860: starting
2019-10-14 14:56:54,250 [main] INFO  server.StorageContainerManager (StorageContainerManager.java:start(782)) - ScmBlockLocationProtocol RPC server is listening at /0.0.0.0:45663
2019-10-14 14:56:54,251 [main] INFO  server.SCMBlockProtocolServer (SCMBlockProtocolServer.java:start(146)) - RPC server for Block Protocol is listening at /0.0.0.0:45663
2019-10-14 14:56:54,251 [IPC Server Responder] INFO  ipc.Server (Server.java:run(1314)) - IPC Server Responder: starting
2019-10-14 14:56:54,251 [IPC Server listener on 45663] INFO  ipc.Server (Server.java:run(1153)) - IPC Server listener on 45663: starting
2019-10-14 14:56:54,255 [main] INFO  server.StorageContainerManager (StorageContainerManager.java:start(786)) - ScmDatanodeProtocl RPC server is listening at /0.0.0.0:39065
2019-10-14 14:56:54,255 [main] INFO  server.SCMDatanodeProtocolServer (SCMDatanodeProtocolServer.java:start(169)) - RPC server for DataNodes is listening at /0.0.0.0:39065
2019-10-14 14:56:54,256 [IPC Server Responder] INFO  ipc.Server (Server.java:run(1314)) - IPC Server Responder: starting
2019-10-14 14:56:54,256 [IPC Server listener on 39065] INFO  ipc.Server (Server.java:run(1153)) - IPC Server listener on 39065: starting
2019-10-14 14:56:54,260 [main] INFO  http.HttpServer2 (HttpServer2.java:bindListener(1191)) - Jetty bound to port 38190
2019-10-14 14:56:54,260 [main] INFO  server.Server (Server.java:doStart(351)) - jetty-9.3.25.v20180904, build timestamp: 2018-09-04T21:11:46Z, git hash: 3ce520221d0240229c862b122d2b06c12a625732
2019-10-14 14:56:54,262 [main] INFO  handler.ContextHandler (ContextHandler.java:doStart(781)) - Started o.e.j.s.ServletContextHandler@106b014e{/logs,file:///workdir/hadoop-ozone/integration-test/target/log,AVAILABLE}
2019-10-14 14:56:54,263 [main] INFO  handler.ContextHandler (ContextHandler.java:doStart(781)) - Started o.e.j.s.ServletContextHandler@7c369270{/static,file:///workdir/hadoop-ozone/integration-test/target/test-classes/webapps/static,AVAILABLE}
2019-10-14 14:56:54,269 [main] INFO  handler.ContextHandler (ContextHandler.java:doStart(781)) - Started o.e.j.w.WebAppContext@61874b9d{/,file:///workdir/hadoop-ozone/integration-test/target/test-classes/webapps/scm/,AVAILABLE}{/scm}
2019-10-14 14:56:54,269 [main] INFO  server.AbstractConnector (AbstractConnector.java:doStart(278)) - Started ServerConnector@d611f1c{HTTP/1.1,[http/1.1]}{0.0.0.0:38190}
2019-10-14 14:56:54,270 [main] INFO  server.Server (Server.java:doStart(419)) - Started @128661ms
2019-10-14 14:56:54,270 [main] WARN  impl.MetricsSystemImpl (MetricsSystemImpl.java:register(276)) - Sink prometheus already exists!
2019-10-14 14:56:54,271 [main] INFO  server.BaseHttpServer (BaseHttpServer.java:updateConnectorAddress(215)) - HTTP server of SCM is listening at http://0.0.0.0:38190
2019-10-14 14:56:54,272 [main] WARN  server.ServerUtils (ServerUtils.java:getDBPath(222)) - ozone.om.db.dirs is not configured. We recommend adding this setting. Falling back to ozone.metadata.dirs instead.
2019-10-14 14:56:54,272 [org.apache.hadoop.util.JvmPauseMonitor$Monitor@51fc862e] INFO  util.JvmPauseMonitor (JvmPauseMonitor.java:run(188)) - Starting JVM pause monitor
2019-10-14 14:56:54,296 [main] INFO  ha.OMHANodeDetails (OMHANodeDetails.java:loadOMHAConfig(190)) - Configuration either no ozone.om.address set. Falling back to the default OM address /127.0.0.1:0
2019-10-14 14:56:54,296 [main] INFO  ha.OMHANodeDetails (OMHANodeDetails.java:getOMNodeDetails(220)) - OM Service ID is not set. Setting it to the default ID: omServiceIdDefault
2019-10-14 14:56:54,297 [main] WARN  server.ServerUtils (ServerUtils.java:getDBPath(222)) - ozone.om.db.dirs is not configured. We recommend adding this setting. Falling back to ozone.metadata.dirs instead.
2019-10-14 14:56:54,297 [main] WARN  server.ServerUtils (ServerUtils.java:getDBPath(222)) - ozone.om.db.dirs is not configured. We recommend adding this setting. Falling back to ozone.metadata.dirs instead.
2019-10-14 14:56:54,303 [main] WARN  server.ServerUtils (ServerUtils.java:getDBPath(222)) - ozone.om.db.dirs is not configured. We recommend adding this setting. Falling back to ozone.metadata.dirs instead.
2019-10-14 14:56:54,304 [main] INFO  db.DBStoreBuilder (DBStoreBuilder.java:addTable(117)) - using custom profile for table: userTable
2019-10-14 14:56:54,304 [main] INFO  db.DBStoreBuilder (DBStoreBuilder.java:processTables(168)) - Using default column profile:DBProfile.DISK for Table:userTable
2019-10-14 14:56:54,304 [main] INFO  db.DBStoreBuilder (DBStoreBuilder.java:addTable(117)) - using custom profile for table: volumeTable
2019-10-14 14:56:54,304 [main] INFO  db.DBStoreBuilder (DBStoreBuilder.java:processTables(168)) - Using default column profile:DBProfile.DISK for Table:volumeTable
2019-10-14 14:56:54,305 [main] INFO  db.DBStoreBuilder (DBStoreBuilder.java:addTable(117)) - using custom profile for table: bucketTable
2019-10-14 14:56:54,305 [main] INFO  db.DBStoreBuilder (DBStoreBuilder.java:processTables(168)) - Using default column profile:DBProfile.DISK for Table:bucketTable
2019-10-14 14:56:54,305 [main] INFO  db.DBStoreBuilder (DBStoreBuilder.java:addTable(117)) - using custom profile for table: keyTable
2019-10-14 14:56:54,305 [main] INFO  db.DBStoreBuilder (DBStoreBuilder.java:processTables(168)) - Using default column profile:DBProfile.DISK for Table:keyTable
2019-10-14 14:56:54,305 [main] INFO  db.DBStoreBuilder (DBStoreBuilder.java:addTable(117)) - using custom profile for table: deletedTable
2019-10-14 14:56:54,306 [main] INFO  db.DBStoreBuilder (DBStoreBuilder.java:processTables(168)) - Using default column profile:DBProfile.DISK for Table:deletedTable
2019-10-14 14:56:54,306 [main] INFO  db.DBStoreBuilder (DBStoreBuilder.java:addTable(117)) - using custom profile for table: openKeyTable
2019-10-14 14:56:54,306 [main] INFO  db.DBStoreBuilder (DBStoreBuilder.java:processTables(168)) - Using default column profile:DBProfile.DISK for Table:openKeyTable
2019-10-14 14:56:54,306 [main] INFO  db.DBStoreBuilder (DBStoreBuilder.java:addTable(117)) - using custom profile for table: s3Table
2019-10-14 14:56:54,306 [main] INFO  db.DBStoreBuilder (DBStoreBuilder.java:processTables(168)) - Using default column profile:DBProfile.DISK for Table:s3Table
2019-10-14 14:56:54,306 [main] INFO  db.DBStoreBuilder (DBStoreBuilder.java:addTable(117)) - using custom profile for table: multipartInfoTable
2019-10-14 14:56:54,307 [main] INFO  db.DBStoreBuilder (DBStoreBuilder.java:processTables(168)) - Using default column profile:DBProfile.DISK for Table:multipartInfoTable
2019-10-14 14:56:54,307 [main] INFO  db.DBStoreBuilder (DBStoreBuilder.java:addTable(117)) - using custom profile for table: dTokenTable
2019-10-14 14:56:54,307 [main] INFO  db.DBStoreBuilder (DBStoreBuilder.java:processTables(168)) - Using default column profile:DBProfile.DISK for Table:dTokenTable
2019-10-14 14:56:54,307 [main] INFO  db.DBStoreBuilder (DBStoreBuilder.java:addTable(117)) - using custom profile for table: s3SecretTable
2019-10-14 14:56:54,307 [main] INFO  db.DBStoreBuilder (DBStoreBuilder.java:processTables(168)) - Using default column profile:DBProfile.DISK for Table:s3SecretTable
2019-10-14 14:56:54,307 [main] INFO  db.DBStoreBuilder (DBStoreBuilder.java:addTable(117)) - using custom profile for table: prefixTable
2019-10-14 14:56:54,308 [main] INFO  db.DBStoreBuilder (DBStoreBuilder.java:processTables(168)) - Using default column profile:DBProfile.DISK for Table:prefixTable
2019-10-14 14:56:54,308 [main] INFO  db.DBStoreBuilder (DBStoreBuilder.java:addTable(117)) - using custom profile for table: default
2019-10-14 14:56:54,308 [main] INFO  db.DBStoreBuilder (DBStoreBuilder.java:processTables(174)) - Using default column profile:DBProfile.DISK for Table:default
2019-10-14 14:56:54,308 [main] INFO  db.DBStoreBuilder (DBStoreBuilder.java:getDbProfile(205)) - Using default options. DBProfile.DISK
2019-10-14 14:56:55,016 [main] INFO  ipc.CallQueueManager (CallQueueManager.java:<init>(84)) - Using callQueue: class java.util.concurrent.LinkedBlockingQueue, queueCapacity: 2000, scheduler: class org.apache.hadoop.ipc.DefaultRpcScheduler, ipcBackoff: false.
2019-10-14 14:56:55,017 [Socket Reader #1 for port 37383] INFO  ipc.Server (Server.java:run(1074)) - Starting Socket Reader #1 for port 37383
2019-10-14 14:56:55,032 [main] INFO  om.OzoneManager (OzoneManager.java:start(1071)) - OzoneManager RPC server is listening at localhost/127.0.0.1:37383
2019-10-14 14:56:55,032 [main] INFO  impl.MetricsSystemImpl (MetricsSystemImpl.java:init(158)) - OzoneManager metrics system started (again)
2019-10-14 14:56:55,033 [IPC Server Responder] INFO  ipc.Server (Server.java:run(1314)) - IPC Server Responder: starting
2019-10-14 14:56:55,033 [IPC Server listener on 37383] INFO  ipc.Server (Server.java:run(1153)) - IPC Server listener on 37383: starting
2019-10-14 14:56:55,038 [main] INFO  hdfs.DFSUtil (DFSUtil.java:httpServerTemplateForNNAndJN(1641)) - Starting Web-server for ozoneManager at: http://0.0.0.0:0
2019-10-14 14:56:55,040 [main] INFO  server.AuthenticationFilter (AuthenticationFilter.java:constructSecretProvider(240)) - Unable to initialize FileSignerSecretProvider, falling back to use random secrets.
2019-10-14 14:56:55,041 [main] WARN  http.HttpRequestLog (HttpRequestLog.java:getRequestLog(97)) - Jetty request log can only be enabled using Log4j
2019-10-14 14:56:55,043 [main] INFO  http.HttpServer2 (HttpServer2.java:addGlobalFilter(975)) - Added global filter 'safety' (class=org.apache.hadoop.http.HttpServer2$QuotingInputFilter)
2019-10-14 14:56:55,044 [main] INFO  http.HttpServer2 (HttpServer2.java:addFilter(948)) - Added filter static_user_filter (class=org.apache.hadoop.http.lib.StaticUserWebFilter$StaticUserFilter) to context ozoneManager
2019-10-14 14:56:55,044 [main] INFO  http.HttpServer2 (HttpServer2.java:addFilter(958)) - Added filter static_user_filter (class=org.apache.hadoop.http.lib.StaticUserWebFilter$StaticUserFilter) to context static
2019-10-14 14:56:55,044 [main] INFO  http.HttpServer2 (HttpServer2.java:addFilter(958)) - Added filter static_user_filter (class=org.apache.hadoop.http.lib.StaticUserWebFilter$StaticUserFilter) to context logs
2019-10-14 14:56:55,045 [main] INFO  http.HttpServer2 (HttpServer2.java:bindListener(1191)) - Jetty bound to port 35305
2019-10-14 14:56:55,045 [main] INFO  server.Server (Server.java:doStart(351)) - jetty-9.3.25.v20180904, build timestamp: 2018-09-04T21:11:46Z, git hash: 3ce520221d0240229c862b122d2b06c12a625732
2019-10-14 14:56:55,048 [main] INFO  handler.ContextHandler (ContextHandler.java:doStart(781)) - Started o.e.j.s.ServletContextHandler@4684240f{/logs,file:///workdir/hadoop-ozone/integration-test/target/log,AVAILABLE}
2019-10-14 14:56:55,048 [main] INFO  handler.ContextHandler (ContextHandler.java:doStart(781)) - Started o.e.j.s.ServletContextHandler@6975fb1c{/static,file:///workdir/hadoop-ozone/integration-test/target/test-classes/webapps/static,AVAILABLE}
2019-10-14 14:56:55,054 [main] INFO  handler.ContextHandler (ContextHandler.java:doStart(781)) - Started o.e.j.w.WebAppContext@609319c3{/,file:///workdir/hadoop-ozone/integration-test/target/test-classes/webapps/ozoneManager/,AVAILABLE}{/ozoneManager}
2019-10-14 14:56:55,054 [main] INFO  server.AbstractConnector (AbstractConnector.java:doStart(278)) - Started ServerConnector@6bbab114{HTTP/1.1,[http/1.1]}{0.0.0.0:35305}
2019-10-14 14:56:55,055 [main] INFO  server.Server (Server.java:doStart(419)) - Started @129447ms
2019-10-14 14:56:55,056 [main] WARN  impl.MetricsSystemImpl (MetricsSystemImpl.java:register(276)) - Sink prometheus already exists!
2019-10-14 14:56:55,056 [main] INFO  server.BaseHttpServer (BaseHttpServer.java:updateConnectorAddress(215)) - HTTP server of OZONEMANAGER is listening at http://0.0.0.0:35305
2019-10-14 14:56:55,076 [main] INFO  impl.MetricsSystemImpl (MetricsSystemImpl.java:init(158)) - HddsDatanode metrics system started (again)
2019-10-14 14:56:55,080 [main] INFO  ozone.HddsDatanodeService (HddsDatanodeService.java:start(184)) - HddsDatanodeService host:dev-nightly-20191014-2mv7m-2951356099 ip:192.168.164.216
2019-10-14 14:56:55,086 [main] INFO  volume.HddsVolume (HddsVolume.java:<init>(176)) - Creating Volume: /workdir/hadoop-ozone/integration-test/target/test-dir/MiniOzoneClusterImpl-5488152f-adca-46d8-995d-786b064aadbc/datanode-0/data/containers/hdds of  storage type : DISK and capacity : 1482555576320
2019-10-14 14:56:55,086 [main] INFO  volume.VolumeSet (VolumeSet.java:initializeVolumeSet(170)) - Added Volume : /workdir/hadoop-ozone/integration-test/target/test-dir/MiniOzoneClusterImpl-5488152f-adca-46d8-995d-786b064aadbc/datanode-0/data/containers/hdds to VolumeSet
2019-10-14 14:56:55,087 [main] INFO  volume.ThrottledAsyncChecker (ThrottledAsyncChecker.java:schedule(141)) - Scheduling a check for org.apache.hadoop.ozone.container.common.volume.HddsVolume@733c464f
2019-10-14 14:56:55,088 [main] INFO  volume.HddsVolumeChecker (HddsVolumeChecker.java:checkAllVolumes(204)) - Scheduled health check for volume org.apache.hadoop.ozone.container.common.volume.HddsVolume@733c464f
2019-10-14 14:56:55,103 [main] INFO  impl.RaftServerProxy (ConfUtils.java:logGet(43)) - raft.rpc.type = GRPC (default)
2019-10-14 14:56:55,104 [main] INFO  grpc.GrpcFactory (GrpcFactory.java:checkPooledByteBufAllocatorUseCacheForAllThreads(45)) - PERFORMANCE WARNING: useCacheForAllThreads is true that may cause Netty to create a lot garbage objects and, as a result, trigger GC.
	It is recommended to disable useCacheForAllThreads by setting -Dorg.apache.ratis.thirdparty.io.netty.allocator.useCacheForAllThreads=false in command line.
2019-10-14 14:56:55,104 [main] INFO  grpc.GrpcConfigKeys$Server (ConfUtils.java:logGet(43)) - raft.grpc.server.port = 0 (default)
2019-10-14 14:56:55,104 [main] INFO  server.GrpcService (ConfUtils.java:logGet(43)) - raft.grpc.message.size.max = 33570816 (custom)
2019-10-14 14:56:55,104 [main] INFO  server.RaftServerConfigKeys (ConfUtils.java:logGet(43)) - raft.server.log.appender.buffer.byte-limit = 33554432 (custom)
2019-10-14 14:56:55,105 [main] INFO  server.GrpcService (ConfUtils.java:logGet(43)) - raft.grpc.flow.control.window = 1MB (=1048576) (default)
2019-10-14 14:56:55,105 [main] INFO  server.RaftServerConfigKeys (ConfUtils.java:logGet(43)) - raft.server.rpc.request.timeout = 3000ms (default)
2019-10-14 14:56:55,105 [main] INFO  server.RaftServerConfigKeys (ConfUtils.java:logGet(43)) - raft.server.storage.dir = [/workdir/hadoop-ozone/integration-test/target/test-dir/MiniOzoneClusterImpl-5488152f-adca-46d8-995d-786b064aadbc/datanode-0/data/ratis] (custom)
2019-10-14 14:56:55,107 [main] INFO  hdfs.DFSUtil (DFSUtil.java:httpServerTemplateForNNAndJN(1641)) - Starting Web-server for hddsDatanode at: http://0.0.0.0:0
2019-10-14 14:56:55,111 [main] INFO  server.AuthenticationFilter (AuthenticationFilter.java:constructSecretProvider(240)) - Unable to initialize FileSignerSecretProvider, falling back to use random secrets.
2019-10-14 14:56:55,111 [main] WARN  http.HttpRequestLog (HttpRequestLog.java:getRequestLog(97)) - Jetty request log can only be enabled using Log4j
2019-10-14 14:56:55,113 [main] INFO  http.HttpServer2 (HttpServer2.java:addGlobalFilter(975)) - Added global filter 'safety' (class=org.apache.hadoop.http.HttpServer2$QuotingInputFilter)
2019-10-14 14:56:55,113 [main] INFO  http.HttpServer2 (HttpServer2.java:addFilter(948)) - Added filter static_user_filter (class=org.apache.hadoop.http.lib.StaticUserWebFilter$StaticUserFilter) to context hddsDatanode
2019-10-14 14:56:55,113 [main] INFO  http.HttpServer2 (HttpServer2.java:addFilter(958)) - Added filter static_user_filter (class=org.apache.hadoop.http.lib.StaticUserWebFilter$StaticUserFilter) to context static
2019-10-14 14:56:55,113 [main] INFO  http.HttpServer2 (HttpServer2.java:addFilter(958)) - Added filter static_user_filter (class=org.apache.hadoop.http.lib.StaticUserWebFilter$StaticUserFilter) to context logs
2019-10-14 14:56:55,114 [main] INFO  http.HttpServer2 (HttpServer2.java:bindListener(1191)) - Jetty bound to port 39481
2019-10-14 14:56:55,114 [main] INFO  server.Server (Server.java:doStart(351)) - jetty-9.3.25.v20180904, build timestamp: 2018-09-04T21:11:46Z, git hash: 3ce520221d0240229c862b122d2b06c12a625732
2019-10-14 14:56:55,116 [main] INFO  handler.ContextHandler (ContextHandler.java:doStart(781)) - Started o.e.j.s.ServletContextHandler@5a515e5d{/logs,file:///workdir/hadoop-ozone/integration-test/target/log,AVAILABLE}
2019-10-14 14:56:55,116 [main] INFO  handler.ContextHandler (ContextHandler.java:doStart(781)) - Started o.e.j.s.ServletContextHandler@32f32623{/static,jar:file:/home/user/.m2/repository/org/apache/hadoop/hadoop-hdds-container-service/0.5.0-SNAPSHOT/hadoop-hdds-container-service-0.5.0-SNAPSHOT.jar!/webapps/static,AVAILABLE}
2019-10-14 14:56:55,147 [main] INFO  handler.ContextHandler (ContextHandler.java:doStart(781)) - Started o.e.j.w.WebAppContext@2a02e34b{/,file:///tmp/jetty-0.0.0.0-39481-hddsDatanode-_-any-6383711955943881191.dir/webapp/,AVAILABLE}{/hddsDatanode}
2019-10-14 14:56:55,147 [main] INFO  server.AbstractConnector (AbstractConnector.java:doStart(278)) - Started ServerConnector@5eabff6b{HTTP/1.1,[http/1.1]}{0.0.0.0:39481}
2019-10-14 14:56:55,149 [main] INFO  server.Server (Server.java:doStart(419)) - Started @129541ms
2019-10-14 14:56:55,149 [main] WARN  impl.MetricsSystemImpl (MetricsSystemImpl.java:register(276)) - Sink prometheus already exists!
2019-10-14 14:56:55,150 [main] INFO  server.BaseHttpServer (BaseHttpServer.java:updateConnectorAddress(215)) - HTTP server of HDDSDATANODE is listening at http://0.0.0.0:39481
2019-10-14 14:56:55,150 [main] INFO  impl.MetricsSystemImpl (MetricsSystemImpl.java:init(158)) - HddsDatanode metrics system started (again)
2019-10-14 14:56:55,153 [org.apache.hadoop.util.JvmPauseMonitor$Monitor@48b3ea96] INFO  util.JvmPauseMonitor (JvmPauseMonitor.java:run(188)) - Starting JVM pause monitor
2019-10-14 14:56:55,153 [main] INFO  ozone.HddsDatanodeService (HddsDatanodeService.java:start(184)) - HddsDatanodeService host:dev-nightly-20191014-2mv7m-2951356099 ip:192.168.164.216
2019-10-14 14:56:55,156 [Datanode State Machine Thread - 0] INFO  datanode.InitDatanodeState (InitDatanodeState.java:persistContainerDatanodeDetails(140)) - DatanodeDetails is persisted to /workdir/hadoop-ozone/integration-test/target/test-dir/MiniOzoneClusterImpl-5488152f-adca-46d8-995d-786b064aadbc/datanode-0/meta/datanode.id
2019-10-14 14:56:55,158 [main] INFO  volume.HddsVolume (HddsVolume.java:<init>(176)) - Creating Volume: /workdir/hadoop-ozone/integration-test/target/test-dir/MiniOzoneClusterImpl-5488152f-adca-46d8-995d-786b064aadbc/datanode-1/data/containers/hdds of  storage type : DISK and capacity : 1482555576320
2019-10-14 14:56:55,159 [main] INFO  volume.VolumeSet (VolumeSet.java:initializeVolumeSet(170)) - Added Volume : /workdir/hadoop-ozone/integration-test/target/test-dir/MiniOzoneClusterImpl-5488152f-adca-46d8-995d-786b064aadbc/datanode-1/data/containers/hdds to VolumeSet
2019-10-14 14:56:55,159 [main] INFO  volume.ThrottledAsyncChecker (ThrottledAsyncChecker.java:schedule(141)) - Scheduling a check for org.apache.hadoop.ozone.container.common.volume.HddsVolume@36776c32
2019-10-14 14:56:55,159 [main] INFO  volume.HddsVolumeChecker (HddsVolumeChecker.java:checkAllVolumes(204)) - Scheduled health check for volume org.apache.hadoop.ozone.container.common.volume.HddsVolume@36776c32
2019-10-14 14:56:55,172 [main] INFO  impl.RaftServerProxy (ConfUtils.java:logGet(43)) - raft.rpc.type = GRPC (default)
2019-10-14 14:56:55,172 [main] INFO  grpc.GrpcFactory (GrpcFactory.java:checkPooledByteBufAllocatorUseCacheForAllThreads(45)) - PERFORMANCE WARNING: useCacheForAllThreads is true that may cause Netty to create a lot garbage objects and, as a result, trigger GC.
	It is recommended to disable useCacheForAllThreads by setting -Dorg.apache.ratis.thirdparty.io.netty.allocator.useCacheForAllThreads=false in command line.
2019-10-14 14:56:55,173 [main] INFO  grpc.GrpcConfigKeys$Server (ConfUtils.java:logGet(43)) - raft.grpc.server.port = 0 (default)
2019-10-14 14:56:55,173 [main] INFO  server.GrpcService (ConfUtils.java:logGet(43)) - raft.grpc.message.size.max = 33570816 (custom)
2019-10-14 14:56:55,173 [main] INFO  server.RaftServerConfigKeys (ConfUtils.java:logGet(43)) - raft.server.log.appender.buffer.byte-limit = 33554432 (custom)
2019-10-14 14:56:55,173 [main] INFO  server.GrpcService (ConfUtils.java:logGet(43)) - raft.grpc.flow.control.window = 1MB (=1048576) (default)
2019-10-14 14:56:55,173 [main] INFO  server.RaftServerConfigKeys (ConfUtils.java:logGet(43)) - raft.server.rpc.request.timeout = 3000ms (default)
2019-10-14 14:56:55,174 [main] INFO  server.RaftServerConfigKeys (ConfUtils.java:logGet(43)) - raft.server.storage.dir = [/workdir/hadoop-ozone/integration-test/target/test-dir/MiniOzoneClusterImpl-5488152f-adca-46d8-995d-786b064aadbc/datanode-1/data/ratis] (custom)
2019-10-14 14:56:55,176 [main] INFO  hdfs.DFSUtil (DFSUtil.java:httpServerTemplateForNNAndJN(1641)) - Starting Web-server for hddsDatanode at: http://0.0.0.0:0
2019-10-14 14:56:55,177 [main] INFO  server.AuthenticationFilter (AuthenticationFilter.java:constructSecretProvider(240)) - Unable to initialize FileSignerSecretProvider, falling back to use random secrets.
2019-10-14 14:56:55,177 [main] WARN  http.HttpRequestLog (HttpRequestLog.java:getRequestLog(97)) - Jetty request log can only be enabled using Log4j
2019-10-14 14:56:55,178 [main] INFO  http.HttpServer2 (HttpServer2.java:addGlobalFilter(975)) - Added global filter 'safety' (class=org.apache.hadoop.http.HttpServer2$QuotingInputFilter)
2019-10-14 14:56:55,179 [main] INFO  http.HttpServer2 (HttpServer2.java:addFilter(948)) - Added filter static_user_filter (class=org.apache.hadoop.http.lib.StaticUserWebFilter$StaticUserFilter) to context hddsDatanode
2019-10-14 14:56:55,179 [main] INFO  http.HttpServer2 (HttpServer2.java:addFilter(958)) - Added filter static_user_filter (class=org.apache.hadoop.http.lib.StaticUserWebFilter$StaticUserFilter) to context logs
2019-10-14 14:56:55,179 [main] INFO  http.HttpServer2 (HttpServer2.java:addFilter(958)) - Added filter static_user_filter (class=org.apache.hadoop.http.lib.StaticUserWebFilter$StaticUserFilter) to context static
2019-10-14 14:56:55,180 [main] INFO  http.HttpServer2 (HttpServer2.java:bindListener(1191)) - Jetty bound to port 42750
2019-10-14 14:56:55,180 [main] INFO  server.Server (Server.java:doStart(351)) - jetty-9.3.25.v20180904, build timestamp: 2018-09-04T21:11:46Z, git hash: 3ce520221d0240229c862b122d2b06c12a625732
2019-10-14 14:56:55,181 [main] INFO  handler.ContextHandler (ContextHandler.java:doStart(781)) - Started o.e.j.s.ServletContextHandler@3635099{/logs,file:///workdir/hadoop-ozone/integration-test/target/log,AVAILABLE}
2019-10-14 14:56:55,182 [main] INFO  handler.ContextHandler (ContextHandler.java:doStart(781)) - Started o.e.j.s.ServletContextHandler@1095d23a{/static,jar:file:/home/user/.m2/repository/org/apache/hadoop/hadoop-hdds-container-service/0.5.0-SNAPSHOT/hadoop-hdds-container-service-0.5.0-SNAPSHOT.jar!/webapps/static,AVAILABLE}
2019-10-14 14:56:55,210 [main] INFO  handler.ContextHandler (ContextHandler.java:doStart(781)) - Started o.e.j.w.WebAppContext@10244722{/,file:///tmp/jetty-0.0.0.0-42750-hddsDatanode-_-any-2459632296818145050.dir/webapp/,AVAILABLE}{/hddsDatanode}
2019-10-14 14:56:55,210 [main] INFO  server.AbstractConnector (AbstractConnector.java:doStart(278)) - Started ServerConnector@61615b4a{HTTP/1.1,[http/1.1]}{0.0.0.0:42750}
2019-10-14 14:56:55,211 [main] INFO  server.Server (Server.java:doStart(419)) - Started @129602ms
2019-10-14 14:56:55,211 [main] WARN  impl.MetricsSystemImpl (MetricsSystemImpl.java:register(276)) - Sink prometheus already exists!
2019-10-14 14:56:55,211 [main] INFO  server.BaseHttpServer (BaseHttpServer.java:updateConnectorAddress(215)) - HTTP server of HDDSDATANODE is listening at http://0.0.0.0:42750
2019-10-14 14:56:55,212 [main] INFO  impl.MetricsSystemImpl (MetricsSystemImpl.java:init(158)) - HddsDatanode metrics system started (again)
2019-10-14 14:56:55,214 [org.apache.hadoop.util.JvmPauseMonitor$Monitor@fc03e1f] INFO  util.JvmPauseMonitor (JvmPauseMonitor.java:run(188)) - Starting JVM pause monitor
2019-10-14 14:56:55,215 [main] INFO  ozone.HddsDatanodeService (HddsDatanodeService.java:start(184)) - HddsDatanodeService host:dev-nightly-20191014-2mv7m-2951356099 ip:192.168.164.216
2019-10-14 14:56:55,219 [main] INFO  volume.HddsVolume (HddsVolume.java:<init>(176)) - Creating Volume: /workdir/hadoop-ozone/integration-test/target/test-dir/MiniOzoneClusterImpl-5488152f-adca-46d8-995d-786b064aadbc/datanode-2/data/containers/hdds of  storage type : DISK and capacity : 1482555576320
2019-10-14 14:56:55,220 [Datanode State Machine Thread - 0] INFO  datanode.InitDatanodeState (InitDatanodeState.java:persistContainerDatanodeDetails(140)) - DatanodeDetails is persisted to /workdir/hadoop-ozone/integration-test/target/test-dir/MiniOzoneClusterImpl-5488152f-adca-46d8-995d-786b064aadbc/datanode-1/meta/datanode.id
2019-10-14 14:56:55,220 [main] INFO  volume.VolumeSet (VolumeSet.java:initializeVolumeSet(170)) - Added Volume : /workdir/hadoop-ozone/integration-test/target/test-dir/MiniOzoneClusterImpl-5488152f-adca-46d8-995d-786b064aadbc/datanode-2/data/containers/hdds to VolumeSet
2019-10-14 14:56:55,220 [main] INFO  volume.ThrottledAsyncChecker (ThrottledAsyncChecker.java:schedule(141)) - Scheduling a check for org.apache.hadoop.ozone.container.common.volume.HddsVolume@3a00b15d
2019-10-14 14:56:55,220 [main] INFO  volume.HddsVolumeChecker (HddsVolumeChecker.java:checkAllVolumes(204)) - Scheduled health check for volume org.apache.hadoop.ozone.container.common.volume.HddsVolume@3a00b15d
2019-10-14 14:56:55,232 [main] INFO  impl.RaftServerProxy (ConfUtils.java:logGet(43)) - raft.rpc.type = GRPC (default)
2019-10-14 14:56:55,233 [main] INFO  grpc.GrpcFactory (GrpcFactory.java:checkPooledByteBufAllocatorUseCacheForAllThreads(45)) - PERFORMANCE WARNING: useCacheForAllThreads is true that may cause Netty to create a lot garbage objects and, as a result, trigger GC.
	It is recommended to disable useCacheForAllThreads by setting -Dorg.apache.ratis.thirdparty.io.netty.allocator.useCacheForAllThreads=false in command line.
2019-10-14 14:56:55,233 [main] INFO  grpc.GrpcConfigKeys$Server (ConfUtils.java:logGet(43)) - raft.grpc.server.port = 0 (default)
2019-10-14 14:56:55,233 [main] INFO  server.GrpcService (ConfUtils.java:logGet(43)) - raft.grpc.message.size.max = 33570816 (custom)
2019-10-14 14:56:55,233 [main] INFO  server.RaftServerConfigKeys (ConfUtils.java:logGet(43)) - raft.server.log.appender.buffer.byte-limit = 33554432 (custom)
2019-10-14 14:56:55,233 [main] INFO  server.GrpcService (ConfUtils.java:logGet(43)) - raft.grpc.flow.control.window = 1MB (=1048576) (default)
2019-10-14 14:56:55,234 [main] INFO  server.RaftServerConfigKeys (ConfUtils.java:logGet(43)) - raft.server.rpc.request.timeout = 3000ms (default)
2019-10-14 14:56:55,234 [main] INFO  server.RaftServerConfigKeys (ConfUtils.java:logGet(43)) - raft.server.storage.dir = [/workdir/hadoop-ozone/integration-test/target/test-dir/MiniOzoneClusterImpl-5488152f-adca-46d8-995d-786b064aadbc/datanode-2/data/ratis] (custom)
2019-10-14 14:56:55,235 [main] INFO  hdfs.DFSUtil (DFSUtil.java:httpServerTemplateForNNAndJN(1641)) - Starting Web-server for hddsDatanode at: http://0.0.0.0:0
2019-10-14 14:56:55,236 [main] INFO  server.AuthenticationFilter (AuthenticationFilter.java:constructSecretProvider(240)) - Unable to initialize FileSignerSecretProvider, falling back to use random secrets.
2019-10-14 14:56:55,237 [main] WARN  http.HttpRequestLog (HttpRequestLog.java:getRequestLog(97)) - Jetty request log can only be enabled using Log4j
2019-10-14 14:56:55,238 [main] INFO  http.HttpServer2 (HttpServer2.java:addGlobalFilter(975)) - Added global filter 'safety' (class=org.apache.hadoop.http.HttpServer2$QuotingInputFilter)
2019-10-14 14:56:55,238 [main] INFO  http.HttpServer2 (HttpServer2.java:addFilter(948)) - Added filter static_user_filter (class=org.apache.hadoop.http.lib.StaticUserWebFilter$StaticUserFilter) to context hddsDatanode
2019-10-14 14:56:55,238 [main] INFO  http.HttpServer2 (HttpServer2.java:addFilter(958)) - Added filter static_user_filter (class=org.apache.hadoop.http.lib.StaticUserWebFilter$StaticUserFilter) to context static
2019-10-14 14:56:55,238 [main] INFO  http.HttpServer2 (HttpServer2.java:addFilter(958)) - Added filter static_user_filter (class=org.apache.hadoop.http.lib.StaticUserWebFilter$StaticUserFilter) to context logs
2019-10-14 14:56:55,239 [main] INFO  http.HttpServer2 (HttpServer2.java:bindListener(1191)) - Jetty bound to port 40336
2019-10-14 14:56:55,239 [main] INFO  server.Server (Server.java:doStart(351)) - jetty-9.3.25.v20180904, build timestamp: 2018-09-04T21:11:46Z, git hash: 3ce520221d0240229c862b122d2b06c12a625732
2019-10-14 14:56:55,241 [main] INFO  handler.ContextHandler (ContextHandler.java:doStart(781)) - Started o.e.j.s.ServletContextHandler@1903b5d{/logs,file:///workdir/hadoop-ozone/integration-test/target/log,AVAILABLE}
2019-10-14 14:56:55,241 [main] INFO  handler.ContextHandler (ContextHandler.java:doStart(781)) - Started o.e.j.s.ServletContextHandler@5cff6b74{/static,jar:file:/home/user/.m2/repository/org/apache/hadoop/hadoop-hdds-container-service/0.5.0-SNAPSHOT/hadoop-hdds-container-service-0.5.0-SNAPSHOT.jar!/webapps/static,AVAILABLE}
2019-10-14 14:56:55,269 [main] INFO  handler.ContextHandler (ContextHandler.java:doStart(781)) - Started o.e.j.w.WebAppContext@671d03bb{/,file:///tmp/jetty-0.0.0.0-40336-hddsDatanode-_-any-8676338689115023622.dir/webapp/,AVAILABLE}{/hddsDatanode}
2019-10-14 14:56:55,269 [main] INFO  server.AbstractConnector (AbstractConnector.java:doStart(278)) - Started ServerConnector@6babffb5{HTTP/1.1,[http/1.1]}{0.0.0.0:40336}
2019-10-14 14:56:55,270 [main] INFO  server.Server (Server.java:doStart(419)) - Started @129662ms
2019-10-14 14:56:55,270 [main] WARN  impl.MetricsSystemImpl (MetricsSystemImpl.java:register(276)) - Sink prometheus already exists!
2019-10-14 14:56:55,271 [main] INFO  server.BaseHttpServer (BaseHttpServer.java:updateConnectorAddress(215)) - HTTP server of HDDSDATANODE is listening at http://0.0.0.0:40336
2019-10-14 14:56:55,271 [main] INFO  impl.MetricsSystemImpl (MetricsSystemImpl.java:init(158)) - HddsDatanode metrics system started (again)
2019-10-14 14:56:55,274 [org.apache.hadoop.util.JvmPauseMonitor$Monitor@61911494] INFO  util.JvmPauseMonitor (JvmPauseMonitor.java:run(188)) - Starting JVM pause monitor
2019-10-14 14:56:55,274 [main] INFO  ozone.HddsDatanodeService (HddsDatanodeService.java:start(184)) - HddsDatanodeService host:dev-nightly-20191014-2mv7m-2951356099 ip:192.168.164.216
2019-10-14 14:56:55,275 [Datanode State Machine Thread - 0] INFO  datanode.InitDatanodeState (InitDatanodeState.java:persistContainerDatanodeDetails(140)) - DatanodeDetails is persisted to /workdir/hadoop-ozone/integration-test/target/test-dir/MiniOzoneClusterImpl-5488152f-adca-46d8-995d-786b064aadbc/datanode-2/meta/datanode.id
2019-10-14 14:56:55,279 [main] INFO  volume.HddsVolume (HddsVolume.java:<init>(176)) - Creating Volume: /workdir/hadoop-ozone/integration-test/target/test-dir/MiniOzoneClusterImpl-5488152f-adca-46d8-995d-786b064aadbc/datanode-3/data/containers/hdds of  storage type : DISK and capacity : 1482555576320
2019-10-14 14:56:55,280 [main] INFO  volume.VolumeSet (VolumeSet.java:initializeVolumeSet(170)) - Added Volume : /workdir/hadoop-ozone/integration-test/target/test-dir/MiniOzoneClusterImpl-5488152f-adca-46d8-995d-786b064aadbc/datanode-3/data/containers/hdds to VolumeSet
2019-10-14 14:56:55,280 [main] INFO  volume.ThrottledAsyncChecker (ThrottledAsyncChecker.java:schedule(141)) - Scheduling a check for org.apache.hadoop.ozone.container.common.volume.HddsVolume@39dec536
2019-10-14 14:56:55,280 [main] INFO  volume.HddsVolumeChecker (HddsVolumeChecker.java:checkAllVolumes(204)) - Scheduled health check for volume org.apache.hadoop.ozone.container.common.volume.HddsVolume@39dec536
2019-10-14 14:56:55,292 [main] INFO  impl.RaftServerProxy (ConfUtils.java:logGet(43)) - raft.rpc.type = GRPC (default)
2019-10-14 14:56:55,292 [main] INFO  grpc.GrpcFactory (GrpcFactory.java:checkPooledByteBufAllocatorUseCacheForAllThreads(45)) - PERFORMANCE WARNING: useCacheForAllThreads is true that may cause Netty to create a lot garbage objects and, as a result, trigger GC.
	It is recommended to disable useCacheForAllThreads by setting -Dorg.apache.ratis.thirdparty.io.netty.allocator.useCacheForAllThreads=false in command line.
2019-10-14 14:56:55,292 [main] INFO  grpc.GrpcConfigKeys$Server (ConfUtils.java:logGet(43)) - raft.grpc.server.port = 0 (default)
2019-10-14 14:56:55,293 [main] INFO  server.GrpcService (ConfUtils.java:logGet(43)) - raft.grpc.message.size.max = 33570816 (custom)
2019-10-14 14:56:55,293 [main] INFO  server.RaftServerConfigKeys (ConfUtils.java:logGet(43)) - raft.server.log.appender.buffer.byte-limit = 33554432 (custom)
2019-10-14 14:56:55,293 [main] INFO  server.GrpcService (ConfUtils.java:logGet(43)) - raft.grpc.flow.control.window = 1MB (=1048576) (default)
2019-10-14 14:56:55,293 [main] INFO  server.RaftServerConfigKeys (ConfUtils.java:logGet(43)) - raft.server.rpc.request.timeout = 3000ms (default)
2019-10-14 14:56:55,294 [main] INFO  server.RaftServerConfigKeys (ConfUtils.java:logGet(43)) - raft.server.storage.dir = [/workdir/hadoop-ozone/integration-test/target/test-dir/MiniOzoneClusterImpl-5488152f-adca-46d8-995d-786b064aadbc/datanode-3/data/ratis] (custom)
2019-10-14 14:56:55,294 [main] INFO  hdfs.DFSUtil (DFSUtil.java:httpServerTemplateForNNAndJN(1641)) - Starting Web-server for hddsDatanode at: http://0.0.0.0:0
2019-10-14 14:56:55,296 [main] INFO  server.AuthenticationFilter (AuthenticationFilter.java:constructSecretProvider(240)) - Unable to initialize FileSignerSecretProvider, falling back to use random secrets.
2019-10-14 14:56:55,296 [main] WARN  http.HttpRequestLog (HttpRequestLog.java:getRequestLog(97)) - Jetty request log can only be enabled using Log4j
2019-10-14 14:56:55,297 [main] INFO  http.HttpServer2 (HttpServer2.java:addGlobalFilter(975)) - Added global filter 'safety' (class=org.apache.hadoop.http.HttpServer2$QuotingInputFilter)
2019-10-14 14:56:55,297 [main] INFO  http.HttpServer2 (HttpServer2.java:addFilter(948)) - Added filter static_user_filter (class=org.apache.hadoop.http.lib.StaticUserWebFilter$StaticUserFilter) to context hddsDatanode
2019-10-14 14:56:55,298 [main] INFO  http.HttpServer2 (HttpServer2.java:addFilter(958)) - Added filter static_user_filter (class=org.apache.hadoop.http.lib.StaticUserWebFilter$StaticUserFilter) to context logs
2019-10-14 14:56:55,298 [main] INFO  http.HttpServer2 (HttpServer2.java:addFilter(958)) - Added filter static_user_filter (class=org.apache.hadoop.http.lib.StaticUserWebFilter$StaticUserFilter) to context static
2019-10-14 14:56:55,298 [main] INFO  http.HttpServer2 (HttpServer2.java:bindListener(1191)) - Jetty bound to port 32770
2019-10-14 14:56:55,299 [main] INFO  server.Server (Server.java:doStart(351)) - jetty-9.3.25.v20180904, build timestamp: 2018-09-04T21:11:46Z, git hash: 3ce520221d0240229c862b122d2b06c12a625732
2019-10-14 14:56:55,300 [main] INFO  handler.ContextHandler (ContextHandler.java:doStart(781)) - Started o.e.j.s.ServletContextHandler@61bb1e4d{/logs,file:///workdir/hadoop-ozone/integration-test/target/log,AVAILABLE}
2019-10-14 14:56:55,300 [main] INFO  handler.ContextHandler (ContextHandler.java:doStart(781)) - Started o.e.j.s.ServletContextHandler@46fb0c33{/static,jar:file:/home/user/.m2/repository/org/apache/hadoop/hadoop-hdds-container-service/0.5.0-SNAPSHOT/hadoop-hdds-container-service-0.5.0-SNAPSHOT.jar!/webapps/static,AVAILABLE}
2019-10-14 14:56:55,329 [main] INFO  handler.ContextHandler (ContextHandler.java:doStart(781)) - Started o.e.j.w.WebAppContext@2785db06{/,file:///tmp/jetty-0.0.0.0-32770-hddsDatanode-_-any-2386955940378739613.dir/webapp/,AVAILABLE}{/hddsDatanode}
2019-10-14 14:56:55,329 [main] INFO  server.AbstractConnector (AbstractConnector.java:doStart(278)) - Started ServerConnector@79980d8d{HTTP/1.1,[http/1.1]}{0.0.0.0:32770}
2019-10-14 14:56:55,331 [main] INFO  server.Server (Server.java:doStart(419)) - Started @129722ms
2019-10-14 14:56:55,331 [main] WARN  impl.MetricsSystemImpl (MetricsSystemImpl.java:register(276)) - Sink prometheus already exists!
2019-10-14 14:56:55,331 [main] INFO  server.BaseHttpServer (BaseHttpServer.java:updateConnectorAddress(215)) - HTTP server of HDDSDATANODE is listening at http://0.0.0.0:32770
2019-10-14 14:56:55,331 [main] INFO  impl.MetricsSystemImpl (MetricsSystemImpl.java:init(158)) - HddsDatanode metrics system started (again)
2019-10-14 14:56:55,335 [main] INFO  ozone.HddsDatanodeService (HddsDatanodeService.java:start(184)) - HddsDatanodeService host:dev-nightly-20191014-2mv7m-2951356099 ip:192.168.164.216
2019-10-14 14:56:55,335 [org.apache.hadoop.util.JvmPauseMonitor$Monitor@3770b957] INFO  util.JvmPauseMonitor (JvmPauseMonitor.java:run(188)) - Starting JVM pause monitor
2019-10-14 14:56:55,336 [Datanode State Machine Thread - 0] INFO  datanode.InitDatanodeState (InitDatanodeState.java:persistContainerDatanodeDetails(140)) - DatanodeDetails is persisted to /workdir/hadoop-ozone/integration-test/target/test-dir/MiniOzoneClusterImpl-5488152f-adca-46d8-995d-786b064aadbc/datanode-3/meta/datanode.id
2019-10-14 14:56:55,349 [main] INFO  volume.HddsVolume (HddsVolume.java:<init>(176)) - Creating Volume: /workdir/hadoop-ozone/integration-test/target/test-dir/MiniOzoneClusterImpl-5488152f-adca-46d8-995d-786b064aadbc/datanode-4/data/containers/hdds of  storage type : DISK and capacity : 1482555576320
2019-10-14 14:56:55,349 [main] INFO  volume.VolumeSet (VolumeSet.java:initializeVolumeSet(170)) - Added Volume : /workdir/hadoop-ozone/integration-test/target/test-dir/MiniOzoneClusterImpl-5488152f-adca-46d8-995d-786b064aadbc/datanode-4/data/containers/hdds to VolumeSet
2019-10-14 14:56:55,350 [main] INFO  volume.ThrottledAsyncChecker (ThrottledAsyncChecker.java:schedule(141)) - Scheduling a check for org.apache.hadoop.ozone.container.common.volume.HddsVolume@75aea2ba
2019-10-14 14:56:55,350 [main] INFO  volume.HddsVolumeChecker (HddsVolumeChecker.java:checkAllVolumes(204)) - Scheduled health check for volume org.apache.hadoop.ozone.container.common.volume.HddsVolume@75aea2ba
2019-10-14 14:56:55,364 [main] INFO  impl.RaftServerProxy (ConfUtils.java:logGet(43)) - raft.rpc.type = GRPC (default)
2019-10-14 14:56:55,364 [main] INFO  grpc.GrpcFactory (GrpcFactory.java:checkPooledByteBufAllocatorUseCacheForAllThreads(45)) - PERFORMANCE WARNING: useCacheForAllThreads is true that may cause Netty to create a lot garbage objects and, as a result, trigger GC.
	It is recommended to disable useCacheForAllThreads by setting -Dorg.apache.ratis.thirdparty.io.netty.allocator.useCacheForAllThreads=false in command line.
2019-10-14 14:56:55,364 [main] INFO  grpc.GrpcConfigKeys$Server (ConfUtils.java:logGet(43)) - raft.grpc.server.port = 0 (default)
2019-10-14 14:56:55,364 [main] INFO  server.GrpcService (ConfUtils.java:logGet(43)) - raft.grpc.message.size.max = 33570816 (custom)
2019-10-14 14:56:55,365 [main] INFO  server.RaftServerConfigKeys (ConfUtils.java:logGet(43)) - raft.server.log.appender.buffer.byte-limit = 33554432 (custom)
2019-10-14 14:56:55,365 [main] INFO  server.GrpcService (ConfUtils.java:logGet(43)) - raft.grpc.flow.control.window = 1MB (=1048576) (default)
2019-10-14 14:56:55,365 [main] INFO  server.RaftServerConfigKeys (ConfUtils.java:logGet(43)) - raft.server.rpc.request.timeout = 3000ms (default)
2019-10-14 14:56:55,365 [main] INFO  server.RaftServerConfigKeys (ConfUtils.java:logGet(43)) - raft.server.storage.dir = [/workdir/hadoop-ozone/integration-test/target/test-dir/MiniOzoneClusterImpl-5488152f-adca-46d8-995d-786b064aadbc/datanode-4/data/ratis] (custom)
2019-10-14 14:56:55,367 [main] INFO  hdfs.DFSUtil (DFSUtil.java:httpServerTemplateForNNAndJN(1641)) - Starting Web-server for hddsDatanode at: http://0.0.0.0:0
2019-10-14 14:56:55,368 [main] INFO  server.AuthenticationFilter (AuthenticationFilter.java:constructSecretProvider(240)) - Unable to initialize FileSignerSecretProvider, falling back to use random secrets.
2019-10-14 14:56:55,368 [main] WARN  http.HttpRequestLog (HttpRequestLog.java:getRequestLog(97)) - Jetty request log can only be enabled using Log4j
2019-10-14 14:56:55,369 [main] INFO  http.HttpServer2 (HttpServer2.java:addGlobalFilter(975)) - Added global filter 'safety' (class=org.apache.hadoop.http.HttpServer2$QuotingInputFilter)
2019-10-14 14:56:55,370 [main] INFO  http.HttpServer2 (HttpServer2.java:addFilter(948)) - Added filter static_user_filter (class=org.apache.hadoop.http.lib.StaticUserWebFilter$StaticUserFilter) to context hddsDatanode
2019-10-14 14:56:55,370 [main] INFO  http.HttpServer2 (HttpServer2.java:addFilter(958)) - Added filter static_user_filter (class=org.apache.hadoop.http.lib.StaticUserWebFilter$StaticUserFilter) to context static
2019-10-14 14:56:55,370 [main] INFO  http.HttpServer2 (HttpServer2.java:addFilter(958)) - Added filter static_user_filter (class=org.apache.hadoop.http.lib.StaticUserWebFilter$StaticUserFilter) to context logs
2019-10-14 14:56:55,370 [main] INFO  http.HttpServer2 (HttpServer2.java:bindListener(1191)) - Jetty bound to port 37484
2019-10-14 14:56:55,371 [main] INFO  server.Server (Server.java:doStart(351)) - jetty-9.3.25.v20180904, build timestamp: 2018-09-04T21:11:46Z, git hash: 3ce520221d0240229c862b122d2b06c12a625732
2019-10-14 14:56:55,372 [main] INFO  handler.ContextHandler (ContextHandler.java:doStart(781)) - Started o.e.j.s.ServletContextHandler@15d0d6c9{/logs,file:///workdir/hadoop-ozone/integration-test/target/log,AVAILABLE}
2019-10-14 14:56:55,373 [main] INFO  handler.ContextHandler (ContextHandler.java:doStart(781)) - Started o.e.j.s.ServletContextHandler@7741d346{/static,jar:file:/home/user/.m2/repository/org/apache/hadoop/hadoop-hdds-container-service/0.5.0-SNAPSHOT/hadoop-hdds-container-service-0.5.0-SNAPSHOT.jar!/webapps/static,AVAILABLE}
2019-10-14 14:56:55,409 [main] INFO  handler.ContextHandler (ContextHandler.java:doStart(781)) - Started o.e.j.w.WebAppContext@39941489{/,file:///tmp/jetty-0.0.0.0-37484-hddsDatanode-_-any-5034971703071095586.dir/webapp/,AVAILABLE}{/hddsDatanode}
2019-10-14 14:56:55,410 [main] INFO  server.AbstractConnector (AbstractConnector.java:doStart(278)) - Started ServerConnector@6f5d0190{HTTP/1.1,[http/1.1]}{0.0.0.0:37484}
2019-10-14 14:56:55,411 [main] INFO  server.Server (Server.java:doStart(419)) - Started @129803ms
2019-10-14 14:56:55,412 [main] WARN  impl.MetricsSystemImpl (MetricsSystemImpl.java:register(276)) - Sink prometheus already exists!
2019-10-14 14:56:55,412 [main] INFO  server.BaseHttpServer (BaseHttpServer.java:updateConnectorAddress(215)) - HTTP server of HDDSDATANODE is listening at http://0.0.0.0:37484
2019-10-14 14:56:55,413 [main] INFO  impl.MetricsSystemImpl (MetricsSystemImpl.java:init(158)) - HddsDatanode metrics system started (again)
2019-10-14 14:56:55,418 [org.apache.hadoop.util.JvmPauseMonitor$Monitor@17f6f6d8] INFO  util.JvmPauseMonitor (JvmPauseMonitor.java:run(188)) - Starting JVM pause monitor
2019-10-14 14:56:55,419 [main] INFO  ozone.HddsDatanodeService (HddsDatanodeService.java:start(184)) - HddsDatanodeService host:dev-nightly-20191014-2mv7m-2951356099 ip:192.168.164.216
2019-10-14 14:56:55,419 [Datanode State Machine Thread - 0] INFO  datanode.InitDatanodeState (InitDatanodeState.java:persistContainerDatanodeDetails(140)) - DatanodeDetails is persisted to /workdir/hadoop-ozone/integration-test/target/test-dir/MiniOzoneClusterImpl-5488152f-adca-46d8-995d-786b064aadbc/datanode-4/meta/datanode.id
2019-10-14 14:56:55,425 [main] INFO  volume.HddsVolume (HddsVolume.java:<init>(176)) - Creating Volume: /workdir/hadoop-ozone/integration-test/target/test-dir/MiniOzoneClusterImpl-5488152f-adca-46d8-995d-786b064aadbc/datanode-5/data/containers/hdds of  storage type : DISK and capacity : 1482555576320
2019-10-14 14:56:55,426 [main] INFO  volume.VolumeSet (VolumeSet.java:initializeVolumeSet(170)) - Added Volume : /workdir/hadoop-ozone/integration-test/target/test-dir/MiniOzoneClusterImpl-5488152f-adca-46d8-995d-786b064aadbc/datanode-5/data/containers/hdds to VolumeSet
2019-10-14 14:56:55,426 [main] INFO  volume.ThrottledAsyncChecker (ThrottledAsyncChecker.java:schedule(141)) - Scheduling a check for org.apache.hadoop.ozone.container.common.volume.HddsVolume@b5c6a30
2019-10-14 14:56:55,427 [main] INFO  volume.HddsVolumeChecker (HddsVolumeChecker.java:checkAllVolumes(204)) - Scheduled health check for volume org.apache.hadoop.ozone.container.common.volume.HddsVolume@b5c6a30
2019-10-14 14:56:55,446 [main] INFO  impl.RaftServerProxy (ConfUtils.java:logGet(43)) - raft.rpc.type = GRPC (default)
2019-10-14 14:56:55,447 [main] INFO  grpc.GrpcFactory (GrpcFactory.java:checkPooledByteBufAllocatorUseCacheForAllThreads(45)) - PERFORMANCE WARNING: useCacheForAllThreads is true that may cause Netty to create a lot garbage objects and, as a result, trigger GC.
	It is recommended to disable useCacheForAllThreads by setting -Dorg.apache.ratis.thirdparty.io.netty.allocator.useCacheForAllThreads=false in command line.
2019-10-14 14:56:55,447 [main] INFO  grpc.GrpcConfigKeys$Server (ConfUtils.java:logGet(43)) - raft.grpc.server.port = 0 (default)
2019-10-14 14:56:55,447 [main] INFO  server.GrpcService (ConfUtils.java:logGet(43)) - raft.grpc.message.size.max = 33570816 (custom)
2019-10-14 14:56:55,448 [main] INFO  server.RaftServerConfigKeys (ConfUtils.java:logGet(43)) - raft.server.log.appender.buffer.byte-limit = 33554432 (custom)
2019-10-14 14:56:55,448 [main] INFO  server.GrpcService (ConfUtils.java:logGet(43)) - raft.grpc.flow.control.window = 1MB (=1048576) (default)
2019-10-14 14:56:55,448 [main] INFO  server.RaftServerConfigKeys (ConfUtils.java:logGet(43)) - raft.server.rpc.request.timeout = 3000ms (default)
2019-10-14 14:56:55,449 [main] INFO  server.RaftServerConfigKeys (ConfUtils.java:logGet(43)) - raft.server.storage.dir = [/workdir/hadoop-ozone/integration-test/target/test-dir/MiniOzoneClusterImpl-5488152f-adca-46d8-995d-786b064aadbc/datanode-5/data/ratis] (custom)
2019-10-14 14:56:55,451 [main] INFO  hdfs.DFSUtil (DFSUtil.java:httpServerTemplateForNNAndJN(1641)) - Starting Web-server for hddsDatanode at: http://0.0.0.0:0
2019-10-14 14:56:55,453 [main] INFO  server.AuthenticationFilter (AuthenticationFilter.java:constructSecretProvider(240)) - Unable to initialize FileSignerSecretProvider, falling back to use random secrets.
2019-10-14 14:56:55,453 [main] WARN  http.HttpRequestLog (HttpRequestLog.java:getRequestLog(97)) - Jetty request log can only be enabled using Log4j
2019-10-14 14:56:55,455 [main] INFO  http.HttpServer2 (HttpServer2.java:addGlobalFilter(975)) - Added global filter 'safety' (class=org.apache.hadoop.http.HttpServer2$QuotingInputFilter)
2019-10-14 14:56:55,456 [main] INFO  http.HttpServer2 (HttpServer2.java:addFilter(948)) - Added filter static_user_filter (class=org.apache.hadoop.http.lib.StaticUserWebFilter$StaticUserFilter) to context hddsDatanode
2019-10-14 14:56:55,457 [main] INFO  http.HttpServer2 (HttpServer2.java:addFilter(958)) - Added filter static_user_filter (class=org.apache.hadoop.http.lib.StaticUserWebFilter$StaticUserFilter) to context static
2019-10-14 14:56:55,457 [main] INFO  http.HttpServer2 (HttpServer2.java:addFilter(958)) - Added filter static_user_filter (class=org.apache.hadoop.http.lib.StaticUserWebFilter$StaticUserFilter) to context logs
2019-10-14 14:56:55,458 [main] INFO  http.HttpServer2 (HttpServer2.java:bindListener(1191)) - Jetty bound to port 43797
2019-10-14 14:56:55,458 [main] INFO  server.Server (Server.java:doStart(351)) - jetty-9.3.25.v20180904, build timestamp: 2018-09-04T21:11:46Z, git hash: 3ce520221d0240229c862b122d2b06c12a625732
2019-10-14 14:56:55,460 [main] INFO  handler.ContextHandler (ContextHandler.java:doStart(781)) - Started o.e.j.s.ServletContextHandler@32091c14{/logs,file:///workdir/hadoop-ozone/integration-test/target/log,AVAILABLE}
2019-10-14 14:56:55,461 [main] INFO  handler.ContextHandler (ContextHandler.java:doStart(781)) - Started o.e.j.s.ServletContextHandler@286855ea{/static,jar:file:/home/user/.m2/repository/org/apache/hadoop/hadoop-hdds-container-service/0.5.0-SNAPSHOT/hadoop-hdds-container-service-0.5.0-SNAPSHOT.jar!/webapps/static,AVAILABLE}
2019-10-14 14:56:55,506 [main] INFO  handler.ContextHandler (ContextHandler.java:doStart(781)) - Started o.e.j.w.WebAppContext@1eb9a3ef{/,file:///tmp/jetty-0.0.0.0-43797-hddsDatanode-_-any-8183188142611789096.dir/webapp/,AVAILABLE}{/hddsDatanode}
2019-10-14 14:56:55,507 [main] INFO  server.AbstractConnector (AbstractConnector.java:doStart(278)) - Started ServerConnector@5d318e91{HTTP/1.1,[http/1.1]}{0.0.0.0:43797}
2019-10-14 14:56:55,508 [main] INFO  server.Server (Server.java:doStart(419)) - Started @129900ms
2019-10-14 14:56:55,509 [main] WARN  impl.MetricsSystemImpl (MetricsSystemImpl.java:register(276)) - Sink prometheus already exists!
2019-10-14 14:56:55,509 [main] INFO  server.BaseHttpServer (BaseHttpServer.java:updateConnectorAddress(215)) - HTTP server of HDDSDATANODE is listening at http://0.0.0.0:43797
2019-10-14 14:56:55,510 [main] INFO  impl.MetricsSystemImpl (MetricsSystemImpl.java:init(158)) - HddsDatanode metrics system started (again)
2019-10-14 14:56:55,514 [org.apache.hadoop.util.JvmPauseMonitor$Monitor@52a5ff4] INFO  util.JvmPauseMonitor (JvmPauseMonitor.java:run(188)) - Starting JVM pause monitor
2019-10-14 14:56:55,515 [main] INFO  ozone.HddsDatanodeService (HddsDatanodeService.java:start(184)) - HddsDatanodeService host:dev-nightly-20191014-2mv7m-2951356099 ip:192.168.164.216
2019-10-14 14:56:55,516 [Datanode State Machine Thread - 0] INFO  datanode.InitDatanodeState (InitDatanodeState.java:persistContainerDatanodeDetails(140)) - DatanodeDetails is persisted to /workdir/hadoop-ozone/integration-test/target/test-dir/MiniOzoneClusterImpl-5488152f-adca-46d8-995d-786b064aadbc/datanode-5/meta/datanode.id
2019-10-14 14:56:55,522 [main] INFO  volume.HddsVolume (HddsVolume.java:<init>(176)) - Creating Volume: /workdir/hadoop-ozone/integration-test/target/test-dir/MiniOzoneClusterImpl-5488152f-adca-46d8-995d-786b064aadbc/datanode-6/data/containers/hdds of  storage type : DISK and capacity : 1482555576320
2019-10-14 14:56:55,523 [main] INFO  volume.VolumeSet (VolumeSet.java:initializeVolumeSet(170)) - Added Volume : /workdir/hadoop-ozone/integration-test/target/test-dir/MiniOzoneClusterImpl-5488152f-adca-46d8-995d-786b064aadbc/datanode-6/data/containers/hdds to VolumeSet
2019-10-14 14:56:55,523 [main] INFO  volume.ThrottledAsyncChecker (ThrottledAsyncChecker.java:schedule(141)) - Scheduling a check for org.apache.hadoop.ozone.container.common.volume.HddsVolume@750ed637
2019-10-14 14:56:55,523 [main] INFO  volume.HddsVolumeChecker (HddsVolumeChecker.java:checkAllVolumes(204)) - Scheduled health check for volume org.apache.hadoop.ozone.container.common.volume.HddsVolume@750ed637
2019-10-14 14:56:55,540 [main] INFO  impl.RaftServerProxy (ConfUtils.java:logGet(43)) - raft.rpc.type = GRPC (default)
2019-10-14 14:56:55,541 [main] INFO  grpc.GrpcFactory (GrpcFactory.java:checkPooledByteBufAllocatorUseCacheForAllThreads(45)) - PERFORMANCE WARNING: useCacheForAllThreads is true that may cause Netty to create a lot garbage objects and, as a result, trigger GC.
	It is recommended to disable useCacheForAllThreads by setting -Dorg.apache.ratis.thirdparty.io.netty.allocator.useCacheForAllThreads=false in command line.
2019-10-14 14:56:55,541 [main] INFO  grpc.GrpcConfigKeys$Server (ConfUtils.java:logGet(43)) - raft.grpc.server.port = 0 (default)
2019-10-14 14:56:55,541 [main] INFO  server.GrpcService (ConfUtils.java:logGet(43)) - raft.grpc.message.size.max = 33570816 (custom)
2019-10-14 14:56:55,541 [main] INFO  server.RaftServerConfigKeys (ConfUtils.java:logGet(43)) - raft.server.log.appender.buffer.byte-limit = 33554432 (custom)
2019-10-14 14:56:55,542 [main] INFO  server.GrpcService (ConfUtils.java:logGet(43)) - raft.grpc.flow.control.window = 1MB (=1048576) (default)
2019-10-14 14:56:55,542 [main] INFO  server.RaftServerConfigKeys (ConfUtils.java:logGet(43)) - raft.server.rpc.request.timeout = 3000ms (default)
2019-10-14 14:56:55,542 [main] INFO  server.RaftServerConfigKeys (ConfUtils.java:logGet(43)) - raft.server.storage.dir = [/workdir/hadoop-ozone/integration-test/target/test-dir/MiniOzoneClusterImpl-5488152f-adca-46d8-995d-786b064aadbc/datanode-6/data/ratis] (custom)
2019-10-14 14:56:55,544 [main] INFO  hdfs.DFSUtil (DFSUtil.java:httpServerTemplateForNNAndJN(1641)) - Starting Web-server for hddsDatanode at: http://0.0.0.0:0
2019-10-14 14:56:55,546 [main] INFO  server.AuthenticationFilter (AuthenticationFilter.java:constructSecretProvider(240)) - Unable to initialize FileSignerSecretProvider, falling back to use random secrets.
2019-10-14 14:56:55,546 [main] WARN  http.HttpRequestLog (HttpRequestLog.java:getRequestLog(97)) - Jetty request log can only be enabled using Log4j
2019-10-14 14:56:55,548 [main] INFO  http.HttpServer2 (HttpServer2.java:addGlobalFilter(975)) - Added global filter 'safety' (class=org.apache.hadoop.http.HttpServer2$QuotingInputFilter)
2019-10-14 14:56:55,549 [main] INFO  http.HttpServer2 (HttpServer2.java:addFilter(948)) - Added filter static_user_filter (class=org.apache.hadoop.http.lib.StaticUserWebFilter$StaticUserFilter) to context hddsDatanode
2019-10-14 14:56:55,549 [main] INFO  http.HttpServer2 (HttpServer2.java:addFilter(958)) - Added filter static_user_filter (class=org.apache.hadoop.http.lib.StaticUserWebFilter$StaticUserFilter) to context logs
2019-10-14 14:56:55,549 [main] INFO  http.HttpServer2 (HttpServer2.java:addFilter(958)) - Added filter static_user_filter (class=org.apache.hadoop.http.lib.StaticUserWebFilter$StaticUserFilter) to context static
2019-10-14 14:56:55,550 [main] INFO  http.HttpServer2 (HttpServer2.java:bindListener(1191)) - Jetty bound to port 45719
2019-10-14 14:56:55,550 [main] INFO  server.Server (Server.java:doStart(351)) - jetty-9.3.25.v20180904, build timestamp: 2018-09-04T21:11:46Z, git hash: 3ce520221d0240229c862b122d2b06c12a625732
2019-10-14 14:56:55,552 [main] INFO  handler.ContextHandler (ContextHandler.java:doStart(781)) - Started o.e.j.s.ServletContextHandler@7f4596d0{/logs,file:///workdir/hadoop-ozone/integration-test/target/log,AVAILABLE}
2019-10-14 14:56:55,553 [main] INFO  handler.ContextHandler (ContextHandler.java:doStart(781)) - Started o.e.j.s.ServletContextHandler@588545ac{/static,jar:file:/home/user/.m2/repository/org/apache/hadoop/hadoop-hdds-container-service/0.5.0-SNAPSHOT/hadoop-hdds-container-service-0.5.0-SNAPSHOT.jar!/webapps/static,AVAILABLE}
2019-10-14 14:56:55,595 [main] INFO  handler.ContextHandler (ContextHandler.java:doStart(781)) - Started o.e.j.w.WebAppContext@6dce59e{/,file:///tmp/jetty-0.0.0.0-45719-hddsDatanode-_-any-1737528672384484469.dir/webapp/,AVAILABLE}{/hddsDatanode}
2019-10-14 14:56:55,595 [main] INFO  server.AbstractConnector (AbstractConnector.java:doStart(278)) - Started ServerConnector@11381415{HTTP/1.1,[http/1.1]}{0.0.0.0:45719}
2019-10-14 14:56:55,597 [main] INFO  server.Server (Server.java:doStart(419)) - Started @129988ms
2019-10-14 14:56:55,597 [main] WARN  impl.MetricsSystemImpl (MetricsSystemImpl.java:register(276)) - Sink prometheus already exists!
2019-10-14 14:56:55,597 [main] INFO  server.BaseHttpServer (BaseHttpServer.java:updateConnectorAddress(215)) - HTTP server of HDDSDATANODE is listening at http://0.0.0.0:45719
2019-10-14 14:56:55,598 [main] INFO  ozone.MiniOzoneClusterImpl (MiniOzoneClusterImpl.java:lambda$waitForClusterToBeReady$0(147)) - Waiting for cluster to be ready. Got 0 of 7 DN Heartbeats.
2019-10-14 14:56:55,599 [org.apache.hadoop.util.JvmPauseMonitor$Monitor@41806a31] INFO  util.JvmPauseMonitor (JvmPauseMonitor.java:run(188)) - Starting JVM pause monitor
2019-10-14 14:56:55,601 [Datanode State Machine Thread - 0] INFO  datanode.InitDatanodeState (InitDatanodeState.java:persistContainerDatanodeDetails(140)) - DatanodeDetails is persisted to /workdir/hadoop-ozone/integration-test/target/test-dir/MiniOzoneClusterImpl-5488152f-adca-46d8-995d-786b064aadbc/datanode-6/meta/datanode.id
2019-10-14 14:56:56,598 [main] INFO  ozone.MiniOzoneClusterImpl (MiniOzoneClusterImpl.java:lambda$waitForClusterToBeReady$0(147)) - Waiting for cluster to be ready. Got 0 of 7 DN Heartbeats.
2019-10-14 14:56:57,187 [Datanode State Machine Thread - 0] INFO  ozoneimpl.OzoneContainer (OzoneContainer.java:start(213)) - Attempting to start container services.
2019-10-14 14:56:57,187 [Datanode State Machine Thread - 0] INFO  ozoneimpl.OzoneContainer (OzoneContainer.java:startContainerScrub(177)) - Background container scanner has been disabled.
2019-10-14 14:56:57,187 [Datanode State Machine Thread - 0] INFO  ratis.XceiverServerRatis (XceiverServerRatis.java:start(418)) - Starting XceiverServerRatis 990b5206-acaa-46d8-a99a-8196ac36b371 at port 0
2019-10-14 14:56:57,194 [Datanode State Machine Thread - 0] INFO  impl.RaftServerProxy (RaftServerProxy.java:lambda$start$3(299)) - 990b5206-acaa-46d8-a99a-8196ac36b371: start RPC server
2019-10-14 14:56:57,195 [Datanode State Machine Thread - 0] INFO  server.GrpcService (GrpcService.java:startImpl(158)) - 990b5206-acaa-46d8-a99a-8196ac36b371: GrpcService started, listening on 0.0.0.0/0.0.0.0:46837
2019-10-14 14:56:57,196 [Datanode State Machine Thread - 0] INFO  ratis.XceiverServerRatis (XceiverServerRatis.java:start(428)) - XceiverServerRatis 990b5206-acaa-46d8-a99a-8196ac36b371 is started using port 46837
2019-10-14 14:56:57,196 [Datanode State Machine Thread - 0] INFO  server.XceiverServerGrpc (XceiverServerGrpc.java:start(149)) - XceiverServerGrpc 990b5206-acaa-46d8-a99a-8196ac36b371 is started using port 35241
2019-10-14 14:56:57,239 [Datanode State Machine Thread - 0] INFO  ozoneimpl.OzoneContainer (OzoneContainer.java:start(213)) - Attempting to start container services.
2019-10-14 14:56:57,240 [Datanode State Machine Thread - 0] INFO  ozoneimpl.OzoneContainer (OzoneContainer.java:startContainerScrub(177)) - Background container scanner has been disabled.
2019-10-14 14:56:57,240 [Datanode State Machine Thread - 0] INFO  ratis.XceiverServerRatis (XceiverServerRatis.java:start(418)) - Starting XceiverServerRatis 01942dc3-32e1-416a-9d10-e82c77b83c8d at port 0
2019-10-14 14:56:57,246 [Datanode State Machine Thread - 0] INFO  impl.RaftServerProxy (RaftServerProxy.java:lambda$start$3(299)) - 01942dc3-32e1-416a-9d10-e82c77b83c8d: start RPC server
2019-10-14 14:56:57,247 [Datanode State Machine Thread - 0] INFO  server.GrpcService (GrpcService.java:startImpl(158)) - 01942dc3-32e1-416a-9d10-e82c77b83c8d: GrpcService started, listening on 0.0.0.0/0.0.0.0:38464
2019-10-14 14:56:57,247 [Datanode State Machine Thread - 0] INFO  ratis.XceiverServerRatis (XceiverServerRatis.java:start(428)) - XceiverServerRatis 01942dc3-32e1-416a-9d10-e82c77b83c8d is started using port 38464
2019-10-14 14:56:57,247 [Datanode State Machine Thread - 0] INFO  server.XceiverServerGrpc (XceiverServerGrpc.java:start(149)) - XceiverServerGrpc 01942dc3-32e1-416a-9d10-e82c77b83c8d is started using port 39599
2019-10-14 14:56:57,309 [Datanode State Machine Thread - 0] INFO  ozoneimpl.OzoneContainer (OzoneContainer.java:start(213)) - Attempting to start container services.
2019-10-14 14:56:57,311 [Datanode State Machine Thread - 0] INFO  ozoneimpl.OzoneContainer (OzoneContainer.java:startContainerScrub(177)) - Background container scanner has been disabled.
2019-10-14 14:56:57,311 [Datanode State Machine Thread - 0] INFO  ratis.XceiverServerRatis (XceiverServerRatis.java:start(418)) - Starting XceiverServerRatis 2b2a2bed-4f50-4c61-b8ad-f4f72c71dbde at port 0
2019-10-14 14:56:57,317 [Datanode State Machine Thread - 0] INFO  impl.RaftServerProxy (RaftServerProxy.java:lambda$start$3(299)) - 2b2a2bed-4f50-4c61-b8ad-f4f72c71dbde: start RPC server
2019-10-14 14:56:57,318 [Datanode State Machine Thread - 0] INFO  server.GrpcService (GrpcService.java:startImpl(158)) - 2b2a2bed-4f50-4c61-b8ad-f4f72c71dbde: GrpcService started, listening on 0.0.0.0/0.0.0.0:36646
2019-10-14 14:56:57,318 [Datanode State Machine Thread - 0] INFO  ratis.XceiverServerRatis (XceiverServerRatis.java:start(428)) - XceiverServerRatis 2b2a2bed-4f50-4c61-b8ad-f4f72c71dbde is started using port 36646
2019-10-14 14:56:57,318 [Datanode State Machine Thread - 0] INFO  server.XceiverServerGrpc (XceiverServerGrpc.java:start(149)) - XceiverServerGrpc 2b2a2bed-4f50-4c61-b8ad-f4f72c71dbde is started using port 42862
2019-10-14 14:56:57,359 [Datanode State Machine Thread - 0] INFO  ozoneimpl.OzoneContainer (OzoneContainer.java:start(213)) - Attempting to start container services.
2019-10-14 14:56:57,359 [Datanode State Machine Thread - 0] INFO  ozoneimpl.OzoneContainer (OzoneContainer.java:startContainerScrub(177)) - Background container scanner has been disabled.
2019-10-14 14:56:57,359 [Datanode State Machine Thread - 0] INFO  ratis.XceiverServerRatis (XceiverServerRatis.java:start(418)) - Starting XceiverServerRatis 2e97d083-f060-4af3-a1c6-d7b4a38faeb1 at port 0
2019-10-14 14:56:57,365 [Datanode State Machine Thread - 0] INFO  impl.RaftServerProxy (RaftServerProxy.java:lambda$start$3(299)) - 2e97d083-f060-4af3-a1c6-d7b4a38faeb1: start RPC server
2019-10-14 14:56:57,368 [Datanode State Machine Thread - 0] INFO  server.GrpcService (GrpcService.java:startImpl(158)) - 2e97d083-f060-4af3-a1c6-d7b4a38faeb1: GrpcService started, listening on 0.0.0.0/0.0.0.0:36808
2019-10-14 14:56:57,368 [Datanode State Machine Thread - 0] INFO  ratis.XceiverServerRatis (XceiverServerRatis.java:start(428)) - XceiverServerRatis 2e97d083-f060-4af3-a1c6-d7b4a38faeb1 is started using port 36808
2019-10-14 14:56:57,368 [Datanode State Machine Thread - 0] INFO  server.XceiverServerGrpc (XceiverServerGrpc.java:start(149)) - XceiverServerGrpc 2e97d083-f060-4af3-a1c6-d7b4a38faeb1 is started using port 39146
2019-10-14 14:56:57,443 [Datanode State Machine Thread - 0] INFO  ozoneimpl.OzoneContainer (OzoneContainer.java:start(213)) - Attempting to start container services.
2019-10-14 14:56:57,443 [Datanode State Machine Thread - 0] INFO  ozoneimpl.OzoneContainer (OzoneContainer.java:startContainerScrub(177)) - Background container scanner has been disabled.
2019-10-14 14:56:57,443 [Datanode State Machine Thread - 0] INFO  ratis.XceiverServerRatis (XceiverServerRatis.java:start(418)) - Starting XceiverServerRatis bd7d5c6b-fdd1-4b36-b626-bcc9c7d2e579 at port 0
2019-10-14 14:56:57,450 [Datanode State Machine Thread - 0] INFO  impl.RaftServerProxy (RaftServerProxy.java:lambda$start$3(299)) - bd7d5c6b-fdd1-4b36-b626-bcc9c7d2e579: start RPC server
2019-10-14 14:56:57,450 [Datanode State Machine Thread - 0] INFO  server.GrpcService (GrpcService.java:startImpl(158)) - bd7d5c6b-fdd1-4b36-b626-bcc9c7d2e579: GrpcService started, listening on 0.0.0.0/0.0.0.0:34670
2019-10-14 14:56:57,450 [Datanode State Machine Thread - 0] INFO  ratis.XceiverServerRatis (XceiverServerRatis.java:start(428)) - XceiverServerRatis bd7d5c6b-fdd1-4b36-b626-bcc9c7d2e579 is started using port 34670
2019-10-14 14:56:57,451 [Datanode State Machine Thread - 0] INFO  server.XceiverServerGrpc (XceiverServerGrpc.java:start(149)) - XceiverServerGrpc bd7d5c6b-fdd1-4b36-b626-bcc9c7d2e579 is started using port 36778
2019-10-14 14:56:57,543 [Datanode State Machine Thread - 0] INFO  ozoneimpl.OzoneContainer (OzoneContainer.java:start(213)) - Attempting to start container services.
2019-10-14 14:56:57,543 [Datanode State Machine Thread - 0] INFO  ozoneimpl.OzoneContainer (OzoneContainer.java:startContainerScrub(177)) - Background container scanner has been disabled.
2019-10-14 14:56:57,543 [Datanode State Machine Thread - 0] INFO  ratis.XceiverServerRatis (XceiverServerRatis.java:start(418)) - Starting XceiverServerRatis cfe8f924-b5c6-4352-87f8-4041c06f1d5a at port 0
2019-10-14 14:56:57,550 [Datanode State Machine Thread - 0] INFO  impl.RaftServerProxy (RaftServerProxy.java:lambda$start$3(299)) - cfe8f924-b5c6-4352-87f8-4041c06f1d5a: start RPC server
2019-10-14 14:56:57,553 [Datanode State Machine Thread - 0] INFO  server.GrpcService (GrpcService.java:startImpl(158)) - cfe8f924-b5c6-4352-87f8-4041c06f1d5a: GrpcService started, listening on 0.0.0.0/0.0.0.0:37133
2019-10-14 14:56:57,553 [Datanode State Machine Thread - 0] INFO  ratis.XceiverServerRatis (XceiverServerRatis.java:start(428)) - XceiverServerRatis cfe8f924-b5c6-4352-87f8-4041c06f1d5a is started using port 37133
2019-10-14 14:56:57,554 [Datanode State Machine Thread - 0] INFO  server.XceiverServerGrpc (XceiverServerGrpc.java:start(149)) - XceiverServerGrpc cfe8f924-b5c6-4352-87f8-4041c06f1d5a is started using port 33854
2019-10-14 14:56:57,599 [main] INFO  ozone.MiniOzoneClusterImpl (MiniOzoneClusterImpl.java:lambda$waitForClusterToBeReady$0(147)) - Waiting for cluster to be ready. Got 0 of 7 DN Heartbeats.
2019-10-14 14:56:57,632 [Datanode State Machine Thread - 0] INFO  ozoneimpl.OzoneContainer (OzoneContainer.java:start(213)) - Attempting to start container services.
2019-10-14 14:56:57,632 [Datanode State Machine Thread - 0] INFO  ozoneimpl.OzoneContainer (OzoneContainer.java:startContainerScrub(177)) - Background container scanner has been disabled.
2019-10-14 14:56:57,632 [Datanode State Machine Thread - 0] INFO  ratis.XceiverServerRatis (XceiverServerRatis.java:start(418)) - Starting XceiverServerRatis eb2213f5-8de5-47d4-9ccd-272001a7f7ca at port 0
2019-10-14 14:56:57,649 [Datanode State Machine Thread - 0] INFO  impl.RaftServerProxy (RaftServerProxy.java:lambda$start$3(299)) - eb2213f5-8de5-47d4-9ccd-272001a7f7ca: start RPC server
2019-10-14 14:56:57,650 [Datanode State Machine Thread - 0] INFO  server.GrpcService (GrpcService.java:startImpl(158)) - eb2213f5-8de5-47d4-9ccd-272001a7f7ca: GrpcService started, listening on 0.0.0.0/0.0.0.0:33395
2019-10-14 14:56:57,650 [Datanode State Machine Thread - 0] INFO  ratis.XceiverServerRatis (XceiverServerRatis.java:start(428)) - XceiverServerRatis eb2213f5-8de5-47d4-9ccd-272001a7f7ca is started using port 33395
2019-10-14 14:56:57,650 [Datanode State Machine Thread - 0] INFO  server.XceiverServerGrpc (XceiverServerGrpc.java:start(149)) - XceiverServerGrpc eb2213f5-8de5-47d4-9ccd-272001a7f7ca is started using port 34813
2019-10-14 14:56:58,599 [main] INFO  ozone.MiniOzoneClusterImpl (MiniOzoneClusterImpl.java:lambda$waitForClusterToBeReady$0(147)) - Waiting for cluster to be ready. Got 0 of 7 DN Heartbeats.
2019-10-14 14:56:59,159 [IPC Server handler 5 on 39065] INFO  net.NetworkTopology (NetworkTopologyImpl.java:add(111)) - Added a new node: /default-rack/990b5206-acaa-46d8-a99a-8196ac36b371
2019-10-14 14:56:59,161 [IPC Server handler 5 on 39065] INFO  node.SCMNodeManager (SCMNodeManager.java:register(268)) - Registered Data node : 990b5206-acaa-46d8-a99a-8196ac36b371{ip: 192.168.164.216, host: dev-nightly-20191014-2mv7m-2951356099, networkLocation: /default-rack, certSerialId: null}
2019-10-14 14:56:59,163 [EventQueue-NodeRegistrationContainerReportForDataNodeSafeModeRule] INFO  safemode.SCMSafeModeManager (DataNodeSafeModeRule.java:process(71)) - SCM in safe mode. 1 DataNodes registered, 1 required.
2019-10-14 14:56:59,165 [EventQueue-NodeRegistrationContainerReportForDataNodeSafeModeRule] INFO  safemode.SCMSafeModeManager (SCMSafeModeManager.java:validateSafeModeExitRules(177)) - ScmSafeModeManager, all rules are successfully validated
2019-10-14 14:56:59,165 [EventQueue-NodeRegistrationContainerReportForDataNodeSafeModeRule] INFO  safemode.SCMSafeModeManager (SCMSafeModeManager.java:exitSafeMode(193)) - SCM exiting safe mode.
2019-10-14 14:56:59,175 [grpc-default-executor-2] INFO  impl.RaftServerProxy (RaftServerProxy.java:addNew(89)) - 990b5206-acaa-46d8-a99a-8196ac36b371: addNew group-05BEB9C98217:[990b5206-acaa-46d8-a99a-8196ac36b371:192.168.164.216:46837] returns group-05BEB9C98217:java.util.concurrent.CompletableFuture@48c7094d[Not completed]
2019-10-14 14:56:59,178 [pool-207-thread-1] INFO  impl.RaftServerImpl (RaftServerImpl.java:<init>(95)) - 990b5206-acaa-46d8-a99a-8196ac36b371: new RaftServerImpl for group-05BEB9C98217:[990b5206-acaa-46d8-a99a-8196ac36b371:192.168.164.216:46837] with ContainerStateMachine:uninitialized
2019-10-14 14:56:59,178 [pool-207-thread-1] INFO  server.RaftServerConfigKeys (ConfUtils.java:logGet(43)) - raft.server.rpc.timeout.min = 5s (custom)
2019-10-14 14:56:59,178 [pool-207-thread-1] INFO  server.RaftServerConfigKeys (ConfUtils.java:logGet(43)) - raft.server.rpc.timeout.max = 5200ms (custom)
2019-10-14 14:56:59,178 [pool-207-thread-1] INFO  server.RaftServerConfigKeys (ConfUtils.java:logGet(43)) - raft.server.rpcslowness.timeout = 120s (custom)
2019-10-14 14:56:59,179 [pool-207-thread-1] INFO  server.RaftServerConfigKeys (ConfUtils.java:logGet(43)) - raft.server.sleep.deviation.threshold = 300 (default)
2019-10-14 14:56:59,179 [pool-207-thread-1] INFO  server.RaftServerConfigKeys (ConfUtils.java:logGet(43)) - raft.server.log.appender.install.snapshot.enabled = false (custom)
2019-10-14 14:56:59,179 [pool-207-thread-1] INFO  impl.RaftServerImpl (ServerState.java:<init>(103)) - 990b5206-acaa-46d8-a99a-8196ac36b371@group-05BEB9C98217: ConfigurationManager, init=-1: [990b5206-acaa-46d8-a99a-8196ac36b371:192.168.164.216:46837], old=null, confs=<EMPTY_MAP>
2019-10-14 14:56:59,179 [pool-207-thread-1] INFO  server.RaftServerConfigKeys (ConfUtils.java:logGet(43)) - raft.server.storage.dir = [/workdir/hadoop-ozone/integration-test/target/test-dir/MiniOzoneClusterImpl-5488152f-adca-46d8-995d-786b064aadbc/datanode-0/data/ratis] (custom)
2019-10-14 14:56:59,179 [pool-207-thread-1] INFO  server.RaftServerConfigKeys (ConfUtils.java:logGet(43)) - raft.server.log.corruption.policy = EXCEPTION (default)
2019-10-14 14:56:59,180 [pool-207-thread-1] INFO  storage.RaftStorageDirectory (RaftStorageDirectory.java:analyzeStorage(246)) - The storage directory /workdir/hadoop-ozone/integration-test/target/test-dir/MiniOzoneClusterImpl-5488152f-adca-46d8-995d-786b064aadbc/datanode-0/data/ratis/57c85375-5699-4e3f-bf41-05beb9c98217 does not exist. Creating ...
2019-10-14 14:56:59,210 [pool-207-thread-1] INFO  storage.RaftStorageDirectory (RaftStorageDirectory.java:tryLock(328)) - Lock on /workdir/hadoop-ozone/integration-test/target/test-dir/MiniOzoneClusterImpl-5488152f-adca-46d8-995d-786b064aadbc/datanode-0/data/ratis/57c85375-5699-4e3f-bf41-05beb9c98217/in_use.lock acquired by nodename 16817@dev-nightly-20191014-2mv7m-2951356099
2019-10-14 14:56:59,215 [IPC Server handler 6 on 39065] INFO  net.NetworkTopology (NetworkTopologyImpl.java:add(111)) - Added a new node: /default-rack/01942dc3-32e1-416a-9d10-e82c77b83c8d
2019-10-14 14:56:59,215 [IPC Server handler 6 on 39065] INFO  node.SCMNodeManager (SCMNodeManager.java:register(268)) - Registered Data node : 01942dc3-32e1-416a-9d10-e82c77b83c8d{ip: 192.168.164.216, host: dev-nightly-20191014-2mv7m-2951356099, networkLocation: /default-rack, certSerialId: null}
2019-10-14 14:56:59,236 [pool-207-thread-1] INFO  storage.RaftStorage (RaftStorage.java:format(84)) - Storage directory /workdir/hadoop-ozone/integration-test/target/test-dir/MiniOzoneClusterImpl-5488152f-adca-46d8-995d-786b064aadbc/datanode-0/data/ratis/57c85375-5699-4e3f-bf41-05beb9c98217 has been successfully formatted.
2019-10-14 14:56:59,236 [pool-207-thread-1] INFO  ratis.ContainerStateMachine (ContainerStateMachine.java:loadSnapshot(231)) - group-05BEB9C98217: The snapshot info is null. Setting the last applied indexto:(t:0, i:~)
2019-10-14 14:56:59,236 [pool-207-thread-1] INFO  server.RaftServerConfigKeys (ConfUtils.java:logGet(43)) - raft.server.notification.no-leader.timeout = 120s (custom)
2019-10-14 14:56:59,236 [pool-207-thread-1] INFO  server.RaftServerConfigKeys (ConfUtils.java:logGet(43)) - raft.server.log.use.memory = false (default)
2019-10-14 14:56:59,236 [pool-207-thread-1] INFO  server.RaftServerConfigKeys (ConfUtils.java:logGet(43)) - raft.server.log.purge.gap = 1000000 (custom)
2019-10-14 14:56:59,236 [pool-207-thread-1] INFO  server.RaftServerConfigKeys (ConfUtils.java:logGet(43)) - raft.server.log.appender.buffer.byte-limit = 33554432 (custom)
2019-10-14 14:56:59,237 [pool-207-thread-1] INFO  server.RaftServerConfigKeys (ConfUtils.java:logGet(43)) - raft.server.log.segment.size.max = 1048576 (custom)
2019-10-14 14:56:59,238 [pool-207-thread-1] INFO  server.RaftServerConfigKeys (ConfUtils.java:logGet(43)) - raft.server.log.segment.cache.num.max = 2 (custom)
2019-10-14 14:56:59,238 [pool-207-thread-1] INFO  segmented.SegmentedRaftLogWorker (SegmentedRaftLogWorker.java:<init>(173)) - new 990b5206-acaa-46d8-a99a-8196ac36b371@group-05BEB9C98217-SegmentedRaftLogWorker for RaftStorage:Storage Directory /workdir/hadoop-ozone/integration-test/target/test-dir/MiniOzoneClusterImpl-5488152f-adca-46d8-995d-786b064aadbc/datanode-0/data/ratis/57c85375-5699-4e3f-bf41-05beb9c98217
2019-10-14 14:56:59,239 [pool-207-thread-1] INFO  server.RaftServerConfigKeys (ConfUtils.java:logGet(43)) - raft.server.log.queue.byte-limit = 2147483647 (custom)
2019-10-14 14:56:59,239 [pool-207-thread-1] INFO  server.RaftServerConfigKeys (ConfUtils.java:logGet(43)) - raft.server.log.queue.element-limit = 1024 (custom)
2019-10-14 14:56:59,239 [pool-207-thread-1] INFO  server.RaftServerConfigKeys (ConfUtils.java:logGet(43)) - raft.server.log.segment.size.max = 1048576 (custom)
2019-10-14 14:56:59,239 [pool-207-thread-1] INFO  server.RaftServerConfigKeys (ConfUtils.java:logGet(43)) - raft.server.log.preallocated.size = 16384 (custom)
2019-10-14 14:56:59,239 [pool-207-thread-1] INFO  server.RaftServerConfigKeys (ConfUtils.java:logGet(43)) - raft.server.log.write.buffer.size = 33554432 (custom)
2019-10-14 14:56:59,239 [pool-207-thread-1] INFO  server.RaftServerConfigKeys (ConfUtils.java:logGet(43)) - raft.server.log.force.sync.num = 128 (default)
2019-10-14 14:56:59,239 [pool-207-thread-1] INFO  server.RaftServerConfigKeys (ConfUtils.java:logGet(43)) - raft.server.log.statemachine.data.sync = true (default)
2019-10-14 14:56:59,239 [pool-207-thread-1] INFO  server.RaftServerConfigKeys (ConfUtils.java:logGet(43)) - raft.server.log.statemachine.data.sync.timeout = 10s (default)
2019-10-14 14:56:59,240 [pool-207-thread-1] INFO  server.RaftServerConfigKeys (ConfUtils.java:logGet(43)) - raft.server.log.statemachine.data.sync.timeout.retry = -1 (default)
2019-10-14 14:56:59,240 [pool-207-thread-1] INFO  server.RaftServerConfigKeys (ConfUtils.java:logGet(43)) - raft.server.log.statemachine.data.caching.enabled = true (custom)
2019-10-14 14:56:59,240 [pool-207-thread-1] INFO  segmented.SegmentedRaftLogWorker (SegmentedRaftLogWorker.java:lambda$new$0(128)) - 990b5206-acaa-46d8-a99a-8196ac36b371@group-05BEB9C98217-SegmentedRaftLogWorker: flushIndex: setUnconditionally 0 -> -1
2019-10-14 14:56:59,241 [pool-207-thread-1] INFO  server.RaftServerConfigKeys (ConfUtils.java:logGet(43)) - raft.server.snapshot.auto.trigger.enabled = true (custom)
2019-10-14 14:56:59,241 [pool-207-thread-1] INFO  server.RaftServerConfigKeys (ConfUtils.java:logGet(43)) - raft.server.snapshot.auto.trigger.threshold = 10000 (custom)
2019-10-14 14:56:59,241 [pool-207-thread-1] INFO  server.RaftServerConfigKeys (ConfUtils.java:logGet(43)) - raft.server.snapshot.retention.file.num = 5 (custom)
2019-10-14 14:56:59,241 [pool-207-thread-1] INFO  server.RaftServerConfigKeys (ConfUtils.java:logGet(43)) - raft.server.retrycache.expirytime = 600000ms (custom)
2019-10-14 14:56:59,243 [pool-207-thread-1] INFO  impl.RaftServerImpl (RaftServerImpl.java:start(181)) - 990b5206-acaa-46d8-a99a-8196ac36b371@group-05BEB9C98217: start as a follower, conf=-1: [990b5206-acaa-46d8-a99a-8196ac36b371:192.168.164.216:46837], old=null
2019-10-14 14:56:59,243 [pool-207-thread-1] INFO  impl.RaftServerImpl (RaftServerImpl.java:setRole(170)) - 990b5206-acaa-46d8-a99a-8196ac36b371@group-05BEB9C98217: changes role from      null to FOLLOWER at term 0 for startAsFollower
2019-10-14 14:56:59,244 [pool-207-thread-1] INFO  impl.RoleInfo (RoleInfo.java:updateAndGet(143)) - 990b5206-acaa-46d8-a99a-8196ac36b371: start FollowerState
2019-10-14 14:56:59,244 [pool-207-thread-1] INFO  util.JmxRegister (JmxRegister.java:tryRegister(44)) - Successfully registered JMX Bean with object name Ratis:service=RaftServer,group=group-05BEB9C98217,id=990b5206-acaa-46d8-a99a-8196ac36b371
2019-10-14 14:56:59,252 [RatisPipelineUtilsThread] INFO  pipeline.PipelineStateManager (PipelineStateManager.java:addPipeline(56)) - Created pipeline Pipeline[ Id: 57c85375-5699-4e3f-bf41-05beb9c98217, Nodes: 990b5206-acaa-46d8-a99a-8196ac36b371{ip: 192.168.164.216, host: dev-nightly-20191014-2mv7m-2951356099, networkLocation: /default-rack, certSerialId: null}, Type:RATIS, Factor:ONE, State:OPEN]
2019-10-14 14:56:59,270 [grpc-default-executor-2] INFO  impl.RaftServerProxy (RaftServerProxy.java:addNew(89)) - 01942dc3-32e1-416a-9d10-e82c77b83c8d: addNew group-94ACD6B13517:[01942dc3-32e1-416a-9d10-e82c77b83c8d:192.168.164.216:38464] returns group-94ACD6B13517:java.util.concurrent.CompletableFuture@b9cd33b[Not completed]
2019-10-14 14:56:59,271 [pool-217-thread-1] INFO  impl.RaftServerImpl (RaftServerImpl.java:<init>(95)) - 01942dc3-32e1-416a-9d10-e82c77b83c8d: new RaftServerImpl for group-94ACD6B13517:[01942dc3-32e1-416a-9d10-e82c77b83c8d:192.168.164.216:38464] with ContainerStateMachine:uninitialized
2019-10-14 14:56:59,271 [pool-217-thread-1] INFO  server.RaftServerConfigKeys (ConfUtils.java:logGet(43)) - raft.server.rpc.timeout.min = 5s (custom)
2019-10-14 14:56:59,271 [pool-217-thread-1] INFO  server.RaftServerConfigKeys (ConfUtils.java:logGet(43)) - raft.server.rpc.timeout.max = 5200ms (custom)
2019-10-14 14:56:59,271 [pool-217-thread-1] INFO  server.RaftServerConfigKeys (ConfUtils.java:logGet(43)) - raft.server.rpcslowness.timeout = 120s (custom)
2019-10-14 14:56:59,271 [pool-217-thread-1] INFO  server.RaftServerConfigKeys (ConfUtils.java:logGet(43)) - raft.server.sleep.deviation.threshold = 300 (default)
2019-10-14 14:56:59,271 [pool-217-thread-1] INFO  server.RaftServerConfigKeys (ConfUtils.java:logGet(43)) - raft.server.log.appender.install.snapshot.enabled = false (custom)
2019-10-14 14:56:59,271 [pool-217-thread-1] INFO  impl.RaftServerImpl (ServerState.java:<init>(103)) - 01942dc3-32e1-416a-9d10-e82c77b83c8d@group-94ACD6B13517: ConfigurationManager, init=-1: [01942dc3-32e1-416a-9d10-e82c77b83c8d:192.168.164.216:38464], old=null, confs=<EMPTY_MAP>
2019-10-14 14:56:59,272 [pool-217-thread-1] INFO  server.RaftServerConfigKeys (ConfUtils.java:logGet(43)) - raft.server.storage.dir = [/workdir/hadoop-ozone/integration-test/target/test-dir/MiniOzoneClusterImpl-5488152f-adca-46d8-995d-786b064aadbc/datanode-1/data/ratis] (custom)
2019-10-14 14:56:59,272 [pool-217-thread-1] INFO  server.RaftServerConfigKeys (ConfUtils.java:logGet(43)) - raft.server.log.corruption.policy = EXCEPTION (default)
2019-10-14 14:56:59,272 [pool-217-thread-1] INFO  storage.RaftStorageDirectory (RaftStorageDirectory.java:analyzeStorage(246)) - The storage directory /workdir/hadoop-ozone/integration-test/target/test-dir/MiniOzoneClusterImpl-5488152f-adca-46d8-995d-786b064aadbc/datanode-1/data/ratis/490d3565-cafa-4855-87a5-94acd6b13517 does not exist. Creating ...
2019-10-14 14:56:59,275 [IPC Server handler 1 on 39065] INFO  net.NetworkTopology (NetworkTopologyImpl.java:add(111)) - Added a new node: /default-rack/2b2a2bed-4f50-4c61-b8ad-f4f72c71dbde
2019-10-14 14:56:59,275 [IPC Server handler 1 on 39065] INFO  node.SCMNodeManager (SCMNodeManager.java:register(268)) - Registered Data node : 2b2a2bed-4f50-4c61-b8ad-f4f72c71dbde{ip: 192.168.164.216, host: dev-nightly-20191014-2mv7m-2951356099, networkLocation: /default-rack, certSerialId: null}
2019-10-14 14:56:59,294 [pool-217-thread-1] INFO  storage.RaftStorageDirectory (RaftStorageDirectory.java:tryLock(328)) - Lock on /workdir/hadoop-ozone/integration-test/target/test-dir/MiniOzoneClusterImpl-5488152f-adca-46d8-995d-786b064aadbc/datanode-1/data/ratis/490d3565-cafa-4855-87a5-94acd6b13517/in_use.lock acquired by nodename 16817@dev-nightly-20191014-2mv7m-2951356099
2019-10-14 14:56:59,320 [pool-217-thread-1] INFO  storage.RaftStorage (RaftStorage.java:format(84)) - Storage directory /workdir/hadoop-ozone/integration-test/target/test-dir/MiniOzoneClusterImpl-5488152f-adca-46d8-995d-786b064aadbc/datanode-1/data/ratis/490d3565-cafa-4855-87a5-94acd6b13517 has been successfully formatted.
2019-10-14 14:56:59,321 [pool-217-thread-1] INFO  ratis.ContainerStateMachine (ContainerStateMachine.java:loadSnapshot(231)) - group-94ACD6B13517: The snapshot info is null. Setting the last applied indexto:(t:0, i:~)
2019-10-14 14:56:59,321 [pool-217-thread-1] INFO  server.RaftServerConfigKeys (ConfUtils.java:logGet(43)) - raft.server.notification.no-leader.timeout = 120s (custom)
2019-10-14 14:56:59,321 [pool-217-thread-1] INFO  server.RaftServerConfigKeys (ConfUtils.java:logGet(43)) - raft.server.log.use.memory = false (default)
2019-10-14 14:56:59,321 [pool-217-thread-1] INFO  server.RaftServerConfigKeys (ConfUtils.java:logGet(43)) - raft.server.log.purge.gap = 1000000 (custom)
2019-10-14 14:56:59,321 [pool-217-thread-1] INFO  server.RaftServerConfigKeys (ConfUtils.java:logGet(43)) - raft.server.log.appender.buffer.byte-limit = 33554432 (custom)
2019-10-14 14:56:59,322 [pool-217-thread-1] INFO  server.RaftServerConfigKeys (ConfUtils.java:logGet(43)) - raft.server.log.segment.size.max = 1048576 (custom)
2019-10-14 14:56:59,324 [pool-217-thread-1] INFO  server.RaftServerConfigKeys (ConfUtils.java:logGet(43)) - raft.server.log.segment.cache.num.max = 2 (custom)
2019-10-14 14:56:59,324 [pool-217-thread-1] INFO  segmented.SegmentedRaftLogWorker (SegmentedRaftLogWorker.java:<init>(173)) - new 01942dc3-32e1-416a-9d10-e82c77b83c8d@group-94ACD6B13517-SegmentedRaftLogWorker for RaftStorage:Storage Directory /workdir/hadoop-ozone/integration-test/target/test-dir/MiniOzoneClusterImpl-5488152f-adca-46d8-995d-786b064aadbc/datanode-1/data/ratis/490d3565-cafa-4855-87a5-94acd6b13517
2019-10-14 14:56:59,324 [pool-217-thread-1] INFO  server.RaftServerConfigKeys (ConfUtils.java:logGet(43)) - raft.server.log.queue.byte-limit = 2147483647 (custom)
2019-10-14 14:56:59,324 [pool-217-thread-1] INFO  server.RaftServerConfigKeys (ConfUtils.java:logGet(43)) - raft.server.log.queue.element-limit = 1024 (custom)
2019-10-14 14:56:59,324 [pool-217-thread-1] INFO  server.RaftServerConfigKeys (ConfUtils.java:logGet(43)) - raft.server.log.segment.size.max = 1048576 (custom)
2019-10-14 14:56:59,325 [pool-217-thread-1] INFO  server.RaftServerConfigKeys (ConfUtils.java:logGet(43)) - raft.server.log.preallocated.size = 16384 (custom)
2019-10-14 14:56:59,325 [pool-217-thread-1] INFO  server.RaftServerConfigKeys (ConfUtils.java:logGet(43)) - raft.server.log.write.buffer.size = 33554432 (custom)
2019-10-14 14:56:59,325 [pool-217-thread-1] INFO  server.RaftServerConfigKeys (ConfUtils.java:logGet(43)) - raft.server.log.force.sync.num = 128 (default)
2019-10-14 14:56:59,325 [pool-217-thread-1] INFO  server.RaftServerConfigKeys (ConfUtils.java:logGet(43)) - raft.server.log.statemachine.data.sync = true (default)
2019-10-14 14:56:59,325 [pool-217-thread-1] INFO  server.RaftServerConfigKeys (ConfUtils.java:logGet(43)) - raft.server.log.statemachine.data.sync.timeout = 10s (default)
2019-10-14 14:56:59,325 [pool-217-thread-1] INFO  server.RaftServerConfigKeys (ConfUtils.java:logGet(43)) - raft.server.log.statemachine.data.sync.timeout.retry = -1 (default)
2019-10-14 14:56:59,326 [pool-217-thread-1] INFO  server.RaftServerConfigKeys (ConfUtils.java:logGet(43)) - raft.server.log.statemachine.data.caching.enabled = true (custom)
2019-10-14 14:56:59,326 [pool-217-thread-1] INFO  segmented.SegmentedRaftLogWorker (SegmentedRaftLogWorker.java:lambda$new$0(128)) - 01942dc3-32e1-416a-9d10-e82c77b83c8d@group-94ACD6B13517-SegmentedRaftLogWorker: flushIndex: setUnconditionally 0 -> -1
2019-10-14 14:56:59,326 [pool-217-thread-1] INFO  server.RaftServerConfigKeys (ConfUtils.java:logGet(43)) - raft.server.snapshot.auto.trigger.enabled = true (custom)
2019-10-14 14:56:59,327 [pool-217-thread-1] INFO  server.RaftServerConfigKeys (ConfUtils.java:logGet(43)) - raft.server.snapshot.auto.trigger.threshold = 10000 (custom)
2019-10-14 14:56:59,327 [pool-217-thread-1] INFO  server.RaftServerConfigKeys (ConfUtils.java:logGet(43)) - raft.server.snapshot.retention.file.num = 5 (custom)
2019-10-14 14:56:59,327 [pool-217-thread-1] INFO  server.RaftServerConfigKeys (ConfUtils.java:logGet(43)) - raft.server.retrycache.expirytime = 600000ms (custom)
2019-10-14 14:56:59,330 [pool-217-thread-1] INFO  impl.RaftServerImpl (RaftServerImpl.java:start(181)) - 01942dc3-32e1-416a-9d10-e82c77b83c8d@group-94ACD6B13517: start as a follower, conf=-1: [01942dc3-32e1-416a-9d10-e82c77b83c8d:192.168.164.216:38464], old=null
2019-10-14 14:56:59,330 [pool-217-thread-1] INFO  impl.RaftServerImpl (RaftServerImpl.java:setRole(170)) - 01942dc3-32e1-416a-9d10-e82c77b83c8d@group-94ACD6B13517: changes role from      null to FOLLOWER at term 0 for startAsFollower
2019-10-14 14:56:59,330 [pool-217-thread-1] INFO  impl.RoleInfo (RoleInfo.java:updateAndGet(143)) - 01942dc3-32e1-416a-9d10-e82c77b83c8d: start FollowerState
2019-10-14 14:56:59,331 [pool-217-thread-1] INFO  util.JmxRegister (JmxRegister.java:tryRegister(44)) - Successfully registered JMX Bean with object name Ratis:service=RaftServer,group=group-94ACD6B13517,id=01942dc3-32e1-416a-9d10-e82c77b83c8d
2019-10-14 14:56:59,337 [IPC Server handler 2 on 39065] INFO  net.NetworkTopology (NetworkTopologyImpl.java:add(111)) - Added a new node: /default-rack/2e97d083-f060-4af3-a1c6-d7b4a38faeb1
2019-10-14 14:56:59,337 [RatisPipelineUtilsThread] INFO  pipeline.PipelineStateManager (PipelineStateManager.java:addPipeline(56)) - Created pipeline Pipeline[ Id: 490d3565-cafa-4855-87a5-94acd6b13517, Nodes: 01942dc3-32e1-416a-9d10-e82c77b83c8d{ip: 192.168.164.216, host: dev-nightly-20191014-2mv7m-2951356099, networkLocation: /default-rack, certSerialId: null}, Type:RATIS, Factor:ONE, State:OPEN]
2019-10-14 14:56:59,337 [IPC Server handler 2 on 39065] INFO  node.SCMNodeManager (SCMNodeManager.java:register(268)) - Registered Data node : 2e97d083-f060-4af3-a1c6-d7b4a38faeb1{ip: 192.168.164.216, host: dev-nightly-20191014-2mv7m-2951356099, networkLocation: /default-rack, certSerialId: null}
2019-10-14 14:56:59,344 [grpc-default-executor-2] INFO  impl.RaftServerProxy (RaftServerProxy.java:addNew(89)) - 2b2a2bed-4f50-4c61-b8ad-f4f72c71dbde: addNew group-7A4E306C90D6:[2b2a2bed-4f50-4c61-b8ad-f4f72c71dbde:192.168.164.216:36646] returns group-7A4E306C90D6:java.util.concurrent.CompletableFuture@41bd821f[Not completed]
2019-10-14 14:56:59,345 [pool-227-thread-1] INFO  impl.RaftServerImpl (RaftServerImpl.java:<init>(95)) - 2b2a2bed-4f50-4c61-b8ad-f4f72c71dbde: new RaftServerImpl for group-7A4E306C90D6:[2b2a2bed-4f50-4c61-b8ad-f4f72c71dbde:192.168.164.216:36646] with ContainerStateMachine:uninitialized
2019-10-14 14:56:59,345 [pool-227-thread-1] INFO  server.RaftServerConfigKeys (ConfUtils.java:logGet(43)) - raft.server.rpc.timeout.min = 5s (custom)
2019-10-14 14:56:59,345 [pool-227-thread-1] INFO  server.RaftServerConfigKeys (ConfUtils.java:logGet(43)) - raft.server.rpc.timeout.max = 5200ms (custom)
2019-10-14 14:56:59,345 [pool-227-thread-1] INFO  server.RaftServerConfigKeys (ConfUtils.java:logGet(43)) - raft.server.rpcslowness.timeout = 120s (custom)
2019-10-14 14:56:59,346 [pool-227-thread-1] INFO  server.RaftServerConfigKeys (ConfUtils.java:logGet(43)) - raft.server.sleep.deviation.threshold = 300 (default)
2019-10-14 14:56:59,346 [pool-227-thread-1] INFO  server.RaftServerConfigKeys (ConfUtils.java:logGet(43)) - raft.server.log.appender.install.snapshot.enabled = false (custom)
2019-10-14 14:56:59,346 [pool-227-thread-1] INFO  impl.RaftServerImpl (ServerState.java:<init>(103)) - 2b2a2bed-4f50-4c61-b8ad-f4f72c71dbde@group-7A4E306C90D6: ConfigurationManager, init=-1: [2b2a2bed-4f50-4c61-b8ad-f4f72c71dbde:192.168.164.216:36646], old=null, confs=<EMPTY_MAP>
2019-10-14 14:56:59,346 [pool-227-thread-1] INFO  server.RaftServerConfigKeys (ConfUtils.java:logGet(43)) - raft.server.storage.dir = [/workdir/hadoop-ozone/integration-test/target/test-dir/MiniOzoneClusterImpl-5488152f-adca-46d8-995d-786b064aadbc/datanode-2/data/ratis] (custom)
2019-10-14 14:56:59,346 [pool-227-thread-1] INFO  server.RaftServerConfigKeys (ConfUtils.java:logGet(43)) - raft.server.log.corruption.policy = EXCEPTION (default)
2019-10-14 14:56:59,347 [pool-227-thread-1] INFO  storage.RaftStorageDirectory (RaftStorageDirectory.java:analyzeStorage(246)) - The storage directory /workdir/hadoop-ozone/integration-test/target/test-dir/MiniOzoneClusterImpl-5488152f-adca-46d8-995d-786b064aadbc/datanode-2/data/ratis/e3b2546d-76e1-4071-aa16-7a4e306c90d6 does not exist. Creating ...
2019-10-14 14:56:59,370 [pool-227-thread-1] INFO  storage.RaftStorageDirectory (RaftStorageDirectory.java:tryLock(328)) - Lock on /workdir/hadoop-ozone/integration-test/target/test-dir/MiniOzoneClusterImpl-5488152f-adca-46d8-995d-786b064aadbc/datanode-2/data/ratis/e3b2546d-76e1-4071-aa16-7a4e306c90d6/in_use.lock acquired by nodename 16817@dev-nightly-20191014-2mv7m-2951356099
2019-10-14 14:56:59,387 [pool-227-thread-1] INFO  storage.RaftStorage (RaftStorage.java:format(84)) - Storage directory /workdir/hadoop-ozone/integration-test/target/test-dir/MiniOzoneClusterImpl-5488152f-adca-46d8-995d-786b064aadbc/datanode-2/data/ratis/e3b2546d-76e1-4071-aa16-7a4e306c90d6 has been successfully formatted.
2019-10-14 14:56:59,387 [pool-227-thread-1] INFO  ratis.ContainerStateMachine (ContainerStateMachine.java:loadSnapshot(231)) - group-7A4E306C90D6: The snapshot info is null. Setting the last applied indexto:(t:0, i:~)
2019-10-14 14:56:59,388 [pool-227-thread-1] INFO  server.RaftServerConfigKeys (ConfUtils.java:logGet(43)) - raft.server.notification.no-leader.timeout = 120s (custom)
2019-10-14 14:56:59,388 [pool-227-thread-1] INFO  server.RaftServerConfigKeys (ConfUtils.java:logGet(43)) - raft.server.log.use.memory = false (default)
2019-10-14 14:56:59,388 [pool-227-thread-1] INFO  server.RaftServerConfigKeys (ConfUtils.java:logGet(43)) - raft.server.log.purge.gap = 1000000 (custom)
2019-10-14 14:56:59,388 [pool-227-thread-1] INFO  server.RaftServerConfigKeys (ConfUtils.java:logGet(43)) - raft.server.log.appender.buffer.byte-limit = 33554432 (custom)
2019-10-14 14:56:59,388 [pool-227-thread-1] INFO  server.RaftServerConfigKeys (ConfUtils.java:logGet(43)) - raft.server.log.segment.size.max = 1048576 (custom)
2019-10-14 14:56:59,390 [pool-227-thread-1] INFO  server.RaftServerConfigKeys (ConfUtils.java:logGet(43)) - raft.server.log.segment.cache.num.max = 2 (custom)
2019-10-14 14:56:59,390 [pool-227-thread-1] INFO  segmented.SegmentedRaftLogWorker (SegmentedRaftLogWorker.java:<init>(173)) - new 2b2a2bed-4f50-4c61-b8ad-f4f72c71dbde@group-7A4E306C90D6-SegmentedRaftLogWorker for RaftStorage:Storage Directory /workdir/hadoop-ozone/integration-test/target/test-dir/MiniOzoneClusterImpl-5488152f-adca-46d8-995d-786b064aadbc/datanode-2/data/ratis/e3b2546d-76e1-4071-aa16-7a4e306c90d6
2019-10-14 14:56:59,390 [pool-227-thread-1] INFO  server.RaftServerConfigKeys (ConfUtils.java:logGet(43)) - raft.server.log.queue.byte-limit = 2147483647 (custom)
2019-10-14 14:56:59,391 [pool-227-thread-1] INFO  server.RaftServerConfigKeys (ConfUtils.java:logGet(43)) - raft.server.log.queue.element-limit = 1024 (custom)
2019-10-14 14:56:59,391 [pool-227-thread-1] INFO  server.RaftServerConfigKeys (ConfUtils.java:logGet(43)) - raft.server.log.segment.size.max = 1048576 (custom)
2019-10-14 14:56:59,391 [pool-227-thread-1] INFO  server.RaftServerConfigKeys (ConfUtils.java:logGet(43)) - raft.server.log.preallocated.size = 16384 (custom)
2019-10-14 14:56:59,391 [pool-227-thread-1] INFO  server.RaftServerConfigKeys (ConfUtils.java:logGet(43)) - raft.server.log.write.buffer.size = 33554432 (custom)
2019-10-14 14:56:59,391 [pool-227-thread-1] INFO  server.RaftServerConfigKeys (ConfUtils.java:logGet(43)) - raft.server.log.force.sync.num = 128 (default)
2019-10-14 14:56:59,391 [pool-227-thread-1] INFO  server.RaftServerConfigKeys (ConfUtils.java:logGet(43)) - raft.server.log.statemachine.data.sync = true (default)
2019-10-14 14:56:59,391 [pool-227-thread-1] INFO  server.RaftServerConfigKeys (ConfUtils.java:logGet(43)) - raft.server.log.statemachine.data.sync.timeout = 10s (default)
2019-10-14 14:56:59,392 [pool-227-thread-1] INFO  server.RaftServerConfigKeys (ConfUtils.java:logGet(43)) - raft.server.log.statemachine.data.sync.timeout.retry = -1 (default)
2019-10-14 14:56:59,392 [pool-227-thread-1] INFO  server.RaftServerConfigKeys (ConfUtils.java:logGet(43)) - raft.server.log.statemachine.data.caching.enabled = true (custom)
2019-10-14 14:56:59,392 [pool-227-thread-1] INFO  segmented.SegmentedRaftLogWorker (SegmentedRaftLogWorker.java:lambda$new$0(128)) - 2b2a2bed-4f50-4c61-b8ad-f4f72c71dbde@group-7A4E306C90D6-SegmentedRaftLogWorker: flushIndex: setUnconditionally 0 -> -1
2019-10-14 14:56:59,392 [pool-227-thread-1] INFO  server.RaftServerConfigKeys (ConfUtils.java:logGet(43)) - raft.server.snapshot.auto.trigger.enabled = true (custom)
2019-10-14 14:56:59,393 [pool-227-thread-1] INFO  server.RaftServerConfigKeys (ConfUtils.java:logGet(43)) - raft.server.snapshot.auto.trigger.threshold = 10000 (custom)
2019-10-14 14:56:59,393 [pool-227-thread-1] INFO  server.RaftServerConfigKeys (ConfUtils.java:logGet(43)) - raft.server.snapshot.retention.file.num = 5 (custom)
2019-10-14 14:56:59,393 [pool-227-thread-1] INFO  server.RaftServerConfigKeys (ConfUtils.java:logGet(43)) - raft.server.retrycache.expirytime = 600000ms (custom)
2019-10-14 14:56:59,395 [pool-227-thread-1] INFO  impl.RaftServerImpl (RaftServerImpl.java:start(181)) - 2b2a2bed-4f50-4c61-b8ad-f4f72c71dbde@group-7A4E306C90D6: start as a follower, conf=-1: [2b2a2bed-4f50-4c61-b8ad-f4f72c71dbde:192.168.164.216:36646], old=null
2019-10-14 14:56:59,395 [pool-227-thread-1] INFO  impl.RaftServerImpl (RaftServerImpl.java:setRole(170)) - 2b2a2bed-4f50-4c61-b8ad-f4f72c71dbde@group-7A4E306C90D6: changes role from      null to FOLLOWER at term 0 for startAsFollower
2019-10-14 14:56:59,395 [pool-227-thread-1] INFO  impl.RoleInfo (RoleInfo.java:updateAndGet(143)) - 2b2a2bed-4f50-4c61-b8ad-f4f72c71dbde: start FollowerState
2019-10-14 14:56:59,395 [pool-227-thread-1] INFO  util.JmxRegister (JmxRegister.java:tryRegister(44)) - Successfully registered JMX Bean with object name Ratis:service=RaftServer,group=group-7A4E306C90D6,id=2b2a2bed-4f50-4c61-b8ad-f4f72c71dbde
2019-10-14 14:56:59,403 [RatisPipelineUtilsThread] INFO  pipeline.PipelineStateManager (PipelineStateManager.java:addPipeline(56)) - Created pipeline Pipeline[ Id: e3b2546d-76e1-4071-aa16-7a4e306c90d6, Nodes: 2b2a2bed-4f50-4c61-b8ad-f4f72c71dbde{ip: 192.168.164.216, host: dev-nightly-20191014-2mv7m-2951356099, networkLocation: /default-rack, certSerialId: null}, Type:RATIS, Factor:ONE, State:OPEN]
2019-10-14 14:56:59,414 [grpc-default-executor-2] INFO  impl.RaftServerProxy (RaftServerProxy.java:addNew(89)) - 2e97d083-f060-4af3-a1c6-d7b4a38faeb1: addNew group-F82C8C07700B:[2e97d083-f060-4af3-a1c6-d7b4a38faeb1:192.168.164.216:36808] returns group-F82C8C07700B:java.util.concurrent.CompletableFuture@4c637c67[Not completed]
2019-10-14 14:56:59,415 [pool-237-thread-1] INFO  impl.RaftServerImpl (RaftServerImpl.java:<init>(95)) - 2e97d083-f060-4af3-a1c6-d7b4a38faeb1: new RaftServerImpl for group-F82C8C07700B:[2e97d083-f060-4af3-a1c6-d7b4a38faeb1:192.168.164.216:36808] with ContainerStateMachine:uninitialized
2019-10-14 14:56:59,415 [pool-237-thread-1] INFO  server.RaftServerConfigKeys (ConfUtils.java:logGet(43)) - raft.server.rpc.timeout.min = 5s (custom)
2019-10-14 14:56:59,416 [pool-237-thread-1] INFO  server.RaftServerConfigKeys (ConfUtils.java:logGet(43)) - raft.server.rpc.timeout.max = 5200ms (custom)
2019-10-14 14:56:59,416 [pool-237-thread-1] INFO  server.RaftServerConfigKeys (ConfUtils.java:logGet(43)) - raft.server.rpcslowness.timeout = 120s (custom)
2019-10-14 14:56:59,416 [pool-237-thread-1] INFO  server.RaftServerConfigKeys (ConfUtils.java:logGet(43)) - raft.server.sleep.deviation.threshold = 300 (default)
2019-10-14 14:56:59,416 [pool-237-thread-1] INFO  server.RaftServerConfigKeys (ConfUtils.java:logGet(43)) - raft.server.log.appender.install.snapshot.enabled = false (custom)
2019-10-14 14:56:59,416 [pool-237-thread-1] INFO  impl.RaftServerImpl (ServerState.java:<init>(103)) - 2e97d083-f060-4af3-a1c6-d7b4a38faeb1@group-F82C8C07700B: ConfigurationManager, init=-1: [2e97d083-f060-4af3-a1c6-d7b4a38faeb1:192.168.164.216:36808], old=null, confs=<EMPTY_MAP>
2019-10-14 14:56:59,416 [pool-237-thread-1] INFO  server.RaftServerConfigKeys (ConfUtils.java:logGet(43)) - raft.server.storage.dir = [/workdir/hadoop-ozone/integration-test/target/test-dir/MiniOzoneClusterImpl-5488152f-adca-46d8-995d-786b064aadbc/datanode-3/data/ratis] (custom)
2019-10-14 14:56:59,417 [pool-237-thread-1] INFO  server.RaftServerConfigKeys (ConfUtils.java:logGet(43)) - raft.server.log.corruption.policy = EXCEPTION (default)
2019-10-14 14:56:59,417 [pool-237-thread-1] INFO  storage.RaftStorageDirectory (RaftStorageDirectory.java:analyzeStorage(246)) - The storage directory /workdir/hadoop-ozone/integration-test/target/test-dir/MiniOzoneClusterImpl-5488152f-adca-46d8-995d-786b064aadbc/datanode-3/data/ratis/e1d0c600-8bd2-48c0-a889-f82c8c07700b does not exist. Creating ...
2019-10-14 14:56:59,419 [IPC Server handler 3 on 39065] INFO  net.NetworkTopology (NetworkTopologyImpl.java:add(111)) - Added a new node: /default-rack/bd7d5c6b-fdd1-4b36-b626-bcc9c7d2e579
2019-10-14 14:56:59,419 [IPC Server handler 3 on 39065] INFO  node.SCMNodeManager (SCMNodeManager.java:register(268)) - Registered Data node : bd7d5c6b-fdd1-4b36-b626-bcc9c7d2e579{ip: 192.168.164.216, host: dev-nightly-20191014-2mv7m-2951356099, networkLocation: /default-rack, certSerialId: null}
2019-10-14 14:56:59,446 [pool-237-thread-1] INFO  storage.RaftStorageDirectory (RaftStorageDirectory.java:tryLock(328)) - Lock on /workdir/hadoop-ozone/integration-test/target/test-dir/MiniOzoneClusterImpl-5488152f-adca-46d8-995d-786b064aadbc/datanode-3/data/ratis/e1d0c600-8bd2-48c0-a889-f82c8c07700b/in_use.lock acquired by nodename 16817@dev-nightly-20191014-2mv7m-2951356099
2019-10-14 14:56:59,463 [pool-237-thread-1] INFO  storage.RaftStorage (RaftStorage.java:format(84)) - Storage directory /workdir/hadoop-ozone/integration-test/target/test-dir/MiniOzoneClusterImpl-5488152f-adca-46d8-995d-786b064aadbc/datanode-3/data/ratis/e1d0c600-8bd2-48c0-a889-f82c8c07700b has been successfully formatted.
2019-10-14 14:56:59,463 [pool-237-thread-1] INFO  ratis.ContainerStateMachine (ContainerStateMachine.java:loadSnapshot(231)) - group-F82C8C07700B: The snapshot info is null. Setting the last applied indexto:(t:0, i:~)
2019-10-14 14:56:59,463 [pool-237-thread-1] INFO  server.RaftServerConfigKeys (ConfUtils.java:logGet(43)) - raft.server.notification.no-leader.timeout = 120s (custom)
2019-10-14 14:56:59,464 [pool-237-thread-1] INFO  server.RaftServerConfigKeys (ConfUtils.java:logGet(43)) - raft.server.log.use.memory = false (default)
2019-10-14 14:56:59,464 [pool-237-thread-1] INFO  server.RaftServerConfigKeys (ConfUtils.java:logGet(43)) - raft.server.log.purge.gap = 1000000 (custom)
2019-10-14 14:56:59,464 [pool-237-thread-1] INFO  server.RaftServerConfigKeys (ConfUtils.java:logGet(43)) - raft.server.log.appender.buffer.byte-limit = 33554432 (custom)
2019-10-14 14:56:59,464 [pool-237-thread-1] INFO  server.RaftServerConfigKeys (ConfUtils.java:logGet(43)) - raft.server.log.segment.size.max = 1048576 (custom)
2019-10-14 14:56:59,467 [pool-237-thread-1] INFO  server.RaftServerConfigKeys (ConfUtils.java:logGet(43)) - raft.server.log.segment.cache.num.max = 2 (custom)
2019-10-14 14:56:59,467 [pool-237-thread-1] INFO  segmented.SegmentedRaftLogWorker (SegmentedRaftLogWorker.java:<init>(173)) - new 2e97d083-f060-4af3-a1c6-d7b4a38faeb1@group-F82C8C07700B-SegmentedRaftLogWorker for RaftStorage:Storage Directory /workdir/hadoop-ozone/integration-test/target/test-dir/MiniOzoneClusterImpl-5488152f-adca-46d8-995d-786b064aadbc/datanode-3/data/ratis/e1d0c600-8bd2-48c0-a889-f82c8c07700b
2019-10-14 14:56:59,467 [pool-237-thread-1] INFO  server.RaftServerConfigKeys (ConfUtils.java:logGet(43)) - raft.server.log.queue.byte-limit = 2147483647 (custom)
2019-10-14 14:56:59,467 [pool-237-thread-1] INFO  server.RaftServerConfigKeys (ConfUtils.java:logGet(43)) - raft.server.log.queue.element-limit = 1024 (custom)
2019-10-14 14:56:59,467 [pool-237-thread-1] INFO  server.RaftServerConfigKeys (ConfUtils.java:logGet(43)) - raft.server.log.segment.size.max = 1048576 (custom)
2019-10-14 14:56:59,467 [pool-237-thread-1] INFO  server.RaftServerConfigKeys (ConfUtils.java:logGet(43)) - raft.server.log.preallocated.size = 16384 (custom)
2019-10-14 14:56:59,468 [pool-237-thread-1] INFO  server.RaftServerConfigKeys (ConfUtils.java:logGet(43)) - raft.server.log.write.buffer.size = 33554432 (custom)
2019-10-14 14:56:59,468 [pool-237-thread-1] INFO  server.RaftServerConfigKeys (ConfUtils.java:logGet(43)) - raft.server.log.force.sync.num = 128 (default)
2019-10-14 14:56:59,468 [pool-237-thread-1] INFO  server.RaftServerConfigKeys (ConfUtils.java:logGet(43)) - raft.server.log.statemachine.data.sync = true (default)
2019-10-14 14:56:59,468 [pool-237-thread-1] INFO  server.RaftServerConfigKeys (ConfUtils.java:logGet(43)) - raft.server.log.statemachine.data.sync.timeout = 10s (default)
2019-10-14 14:56:59,468 [pool-237-thread-1] INFO  server.RaftServerConfigKeys (ConfUtils.java:logGet(43)) - raft.server.log.statemachine.data.sync.timeout.retry = -1 (default)
2019-10-14 14:56:59,469 [pool-237-thread-1] INFO  server.RaftServerConfigKeys (ConfUtils.java:logGet(43)) - raft.server.log.statemachine.data.caching.enabled = true (custom)
2019-10-14 14:56:59,469 [pool-237-thread-1] INFO  segmented.SegmentedRaftLogWorker (SegmentedRaftLogWorker.java:lambda$new$0(128)) - 2e97d083-f060-4af3-a1c6-d7b4a38faeb1@group-F82C8C07700B-SegmentedRaftLogWorker: flushIndex: setUnconditionally 0 -> -1
2019-10-14 14:56:59,469 [pool-237-thread-1] INFO  server.RaftServerConfigKeys (ConfUtils.java:logGet(43)) - raft.server.snapshot.auto.trigger.enabled = true (custom)
2019-10-14 14:56:59,470 [pool-237-thread-1] INFO  server.RaftServerConfigKeys (ConfUtils.java:logGet(43)) - raft.server.snapshot.auto.trigger.threshold = 10000 (custom)
2019-10-14 14:56:59,470 [pool-237-thread-1] INFO  server.RaftServerConfigKeys (ConfUtils.java:logGet(43)) - raft.server.snapshot.retention.file.num = 5 (custom)
2019-10-14 14:56:59,470 [pool-237-thread-1] INFO  server.RaftServerConfigKeys (ConfUtils.java:logGet(43)) - raft.server.retrycache.expirytime = 600000ms (custom)
2019-10-14 14:56:59,473 [pool-237-thread-1] INFO  impl.RaftServerImpl (RaftServerImpl.java:start(181)) - 2e97d083-f060-4af3-a1c6-d7b4a38faeb1@group-F82C8C07700B: start as a follower, conf=-1: [2e97d083-f060-4af3-a1c6-d7b4a38faeb1:192.168.164.216:36808], old=null
2019-10-14 14:56:59,473 [pool-237-thread-1] INFO  impl.RaftServerImpl (RaftServerImpl.java:setRole(170)) - 2e97d083-f060-4af3-a1c6-d7b4a38faeb1@group-F82C8C07700B: changes role from      null to FOLLOWER at term 0 for startAsFollower
2019-10-14 14:56:59,473 [pool-237-thread-1] INFO  impl.RoleInfo (RoleInfo.java:updateAndGet(143)) - 2e97d083-f060-4af3-a1c6-d7b4a38faeb1: start FollowerState
2019-10-14 14:56:59,473 [pool-237-thread-1] INFO  util.JmxRegister (JmxRegister.java:tryRegister(44)) - Successfully registered JMX Bean with object name Ratis:service=RaftServer,group=group-F82C8C07700B,id=2e97d083-f060-4af3-a1c6-d7b4a38faeb1
2019-10-14 14:56:59,481 [RatisPipelineUtilsThread] INFO  pipeline.PipelineStateManager (PipelineStateManager.java:addPipeline(56)) - Created pipeline Pipeline[ Id: e1d0c600-8bd2-48c0-a889-f82c8c07700b, Nodes: 2e97d083-f060-4af3-a1c6-d7b4a38faeb1{ip: 192.168.164.216, host: dev-nightly-20191014-2mv7m-2951356099, networkLocation: /default-rack, certSerialId: null}, Type:RATIS, Factor:ONE, State:OPEN]
2019-10-14 14:56:59,491 [grpc-default-executor-2] INFO  impl.RaftServerProxy (RaftServerProxy.java:addNew(89)) - bd7d5c6b-fdd1-4b36-b626-bcc9c7d2e579: addNew group-3E5E7C303FD5:[bd7d5c6b-fdd1-4b36-b626-bcc9c7d2e579:192.168.164.216:34670] returns group-3E5E7C303FD5:java.util.concurrent.CompletableFuture@173a1479[Not completed]
2019-10-14 14:56:59,493 [pool-247-thread-1] INFO  impl.RaftServerImpl (RaftServerImpl.java:<init>(95)) - bd7d5c6b-fdd1-4b36-b626-bcc9c7d2e579: new RaftServerImpl for group-3E5E7C303FD5:[bd7d5c6b-fdd1-4b36-b626-bcc9c7d2e579:192.168.164.216:34670] with ContainerStateMachine:uninitialized
2019-10-14 14:56:59,493 [pool-247-thread-1] INFO  server.RaftServerConfigKeys (ConfUtils.java:logGet(43)) - raft.server.rpc.timeout.min = 5s (custom)
2019-10-14 14:56:59,493 [pool-247-thread-1] INFO  server.RaftServerConfigKeys (ConfUtils.java:logGet(43)) - raft.server.rpc.timeout.max = 5200ms (custom)
2019-10-14 14:56:59,493 [pool-247-thread-1] INFO  server.RaftServerConfigKeys (ConfUtils.java:logGet(43)) - raft.server.rpcslowness.timeout = 120s (custom)
2019-10-14 14:56:59,493 [pool-247-thread-1] INFO  server.RaftServerConfigKeys (ConfUtils.java:logGet(43)) - raft.server.sleep.deviation.threshold = 300 (default)
2019-10-14 14:56:59,493 [pool-247-thread-1] INFO  server.RaftServerConfigKeys (ConfUtils.java:logGet(43)) - raft.server.log.appender.install.snapshot.enabled = false (custom)
2019-10-14 14:56:59,493 [pool-247-thread-1] INFO  impl.RaftServerImpl (ServerState.java:<init>(103)) - bd7d5c6b-fdd1-4b36-b626-bcc9c7d2e579@group-3E5E7C303FD5: ConfigurationManager, init=-1: [bd7d5c6b-fdd1-4b36-b626-bcc9c7d2e579:192.168.164.216:34670], old=null, confs=<EMPTY_MAP>
2019-10-14 14:56:59,494 [pool-247-thread-1] INFO  server.RaftServerConfigKeys (ConfUtils.java:logGet(43)) - raft.server.storage.dir = [/workdir/hadoop-ozone/integration-test/target/test-dir/MiniOzoneClusterImpl-5488152f-adca-46d8-995d-786b064aadbc/datanode-4/data/ratis] (custom)
2019-10-14 14:56:59,494 [pool-247-thread-1] INFO  server.RaftServerConfigKeys (ConfUtils.java:logGet(43)) - raft.server.log.corruption.policy = EXCEPTION (default)
2019-10-14 14:56:59,494 [pool-247-thread-1] INFO  storage.RaftStorageDirectory (RaftStorageDirectory.java:analyzeStorage(246)) - The storage directory /workdir/hadoop-ozone/integration-test/target/test-dir/MiniOzoneClusterImpl-5488152f-adca-46d8-995d-786b064aadbc/datanode-4/data/ratis/e7f95d66-995f-4814-b46f-3e5e7c303fd5 does not exist. Creating ...
2019-10-14 14:56:59,516 [IPC Server handler 4 on 39065] INFO  net.NetworkTopology (NetworkTopologyImpl.java:add(111)) - Added a new node: /default-rack/cfe8f924-b5c6-4352-87f8-4041c06f1d5a
2019-10-14 14:56:59,517 [IPC Server handler 4 on 39065] INFO  node.SCMNodeManager (SCMNodeManager.java:register(268)) - Registered Data node : cfe8f924-b5c6-4352-87f8-4041c06f1d5a{ip: 192.168.164.216, host: dev-nightly-20191014-2mv7m-2951356099, networkLocation: /default-rack, certSerialId: null}
2019-10-14 14:56:59,522 [pool-247-thread-1] INFO  storage.RaftStorageDirectory (RaftStorageDirectory.java:tryLock(328)) - Lock on /workdir/hadoop-ozone/integration-test/target/test-dir/MiniOzoneClusterImpl-5488152f-adca-46d8-995d-786b064aadbc/datanode-4/data/ratis/e7f95d66-995f-4814-b46f-3e5e7c303fd5/in_use.lock acquired by nodename 16817@dev-nightly-20191014-2mv7m-2951356099
2019-10-14 14:56:59,547 [pool-247-thread-1] INFO  storage.RaftStorage (RaftStorage.java:format(84)) - Storage directory /workdir/hadoop-ozone/integration-test/target/test-dir/MiniOzoneClusterImpl-5488152f-adca-46d8-995d-786b064aadbc/datanode-4/data/ratis/e7f95d66-995f-4814-b46f-3e5e7c303fd5 has been successfully formatted.
2019-10-14 14:56:59,547 [pool-247-thread-1] INFO  ratis.ContainerStateMachine (ContainerStateMachine.java:loadSnapshot(231)) - group-3E5E7C303FD5: The snapshot info is null. Setting the last applied indexto:(t:0, i:~)
2019-10-14 14:56:59,548 [pool-247-thread-1] INFO  server.RaftServerConfigKeys (ConfUtils.java:logGet(43)) - raft.server.notification.no-leader.timeout = 120s (custom)
2019-10-14 14:56:59,548 [pool-247-thread-1] INFO  server.RaftServerConfigKeys (ConfUtils.java:logGet(43)) - raft.server.log.use.memory = false (default)
2019-10-14 14:56:59,548 [pool-247-thread-1] INFO  server.RaftServerConfigKeys (ConfUtils.java:logGet(43)) - raft.server.log.purge.gap = 1000000 (custom)
2019-10-14 14:56:59,548 [pool-247-thread-1] INFO  server.RaftServerConfigKeys (ConfUtils.java:logGet(43)) - raft.server.log.appender.buffer.byte-limit = 33554432 (custom)
2019-10-14 14:56:59,548 [pool-247-thread-1] INFO  server.RaftServerConfigKeys (ConfUtils.java:logGet(43)) - raft.server.log.segment.size.max = 1048576 (custom)
2019-10-14 14:56:59,550 [pool-247-thread-1] INFO  server.RaftServerConfigKeys (ConfUtils.java:logGet(43)) - raft.server.log.segment.cache.num.max = 2 (custom)
2019-10-14 14:56:59,551 [pool-247-thread-1] INFO  segmented.SegmentedRaftLogWorker (SegmentedRaftLogWorker.java:<init>(173)) - new bd7d5c6b-fdd1-4b36-b626-bcc9c7d2e579@group-3E5E7C303FD5-SegmentedRaftLogWorker for RaftStorage:Storage Directory /workdir/hadoop-ozone/integration-test/target/test-dir/MiniOzoneClusterImpl-5488152f-adca-46d8-995d-786b064aadbc/datanode-4/data/ratis/e7f95d66-995f-4814-b46f-3e5e7c303fd5
2019-10-14 14:56:59,551 [pool-247-thread-1] INFO  server.RaftServerConfigKeys (ConfUtils.java:logGet(43)) - raft.server.log.queue.byte-limit = 2147483647 (custom)
2019-10-14 14:56:59,551 [pool-247-thread-1] INFO  server.RaftServerConfigKeys (ConfUtils.java:logGet(43)) - raft.server.log.queue.element-limit = 1024 (custom)
2019-10-14 14:56:59,551 [pool-247-thread-1] INFO  server.RaftServerConfigKeys (ConfUtils.java:logGet(43)) - raft.server.log.segment.size.max = 1048576 (custom)
2019-10-14 14:56:59,551 [pool-247-thread-1] INFO  server.RaftServerConfigKeys (ConfUtils.java:logGet(43)) - raft.server.log.preallocated.size = 16384 (custom)
2019-10-14 14:56:59,552 [pool-247-thread-1] INFO  server.RaftServerConfigKeys (ConfUtils.java:logGet(43)) - raft.server.log.write.buffer.size = 33554432 (custom)
2019-10-14 14:56:59,552 [pool-247-thread-1] INFO  server.RaftServerConfigKeys (ConfUtils.java:logGet(43)) - raft.server.log.force.sync.num = 128 (default)
2019-10-14 14:56:59,552 [pool-247-thread-1] INFO  server.RaftServerConfigKeys (ConfUtils.java:logGet(43)) - raft.server.log.statemachine.data.sync = true (default)
2019-10-14 14:56:59,552 [pool-247-thread-1] INFO  server.RaftServerConfigKeys (ConfUtils.java:logGet(43)) - raft.server.log.statemachine.data.sync.timeout = 10s (default)
2019-10-14 14:56:59,552 [pool-247-thread-1] INFO  server.RaftServerConfigKeys (ConfUtils.java:logGet(43)) - raft.server.log.statemachine.data.sync.timeout.retry = -1 (default)
2019-10-14 14:56:59,553 [pool-247-thread-1] INFO  server.RaftServerConfigKeys (ConfUtils.java:logGet(43)) - raft.server.log.statemachine.data.caching.enabled = true (custom)
2019-10-14 14:56:59,553 [pool-247-thread-1] INFO  segmented.SegmentedRaftLogWorker (SegmentedRaftLogWorker.java:lambda$new$0(128)) - bd7d5c6b-fdd1-4b36-b626-bcc9c7d2e579@group-3E5E7C303FD5-SegmentedRaftLogWorker: flushIndex: setUnconditionally 0 -> -1
2019-10-14 14:56:59,553 [pool-247-thread-1] INFO  server.RaftServerConfigKeys (ConfUtils.java:logGet(43)) - raft.server.snapshot.auto.trigger.enabled = true (custom)
2019-10-14 14:56:59,554 [pool-247-thread-1] INFO  server.RaftServerConfigKeys (ConfUtils.java:logGet(43)) - raft.server.snapshot.auto.trigger.threshold = 10000 (custom)
2019-10-14 14:56:59,554 [pool-247-thread-1] INFO  server.RaftServerConfigKeys (ConfUtils.java:logGet(43)) - raft.server.snapshot.retention.file.num = 5 (custom)
2019-10-14 14:56:59,554 [pool-247-thread-1] INFO  server.RaftServerConfigKeys (ConfUtils.java:logGet(43)) - raft.server.retrycache.expirytime = 600000ms (custom)
2019-10-14 14:56:59,556 [pool-247-thread-1] INFO  impl.RaftServerImpl (RaftServerImpl.java:start(181)) - bd7d5c6b-fdd1-4b36-b626-bcc9c7d2e579@group-3E5E7C303FD5: start as a follower, conf=-1: [bd7d5c6b-fdd1-4b36-b626-bcc9c7d2e579:192.168.164.216:34670], old=null
2019-10-14 14:56:59,556 [pool-247-thread-1] INFO  impl.RaftServerImpl (RaftServerImpl.java:setRole(170)) - bd7d5c6b-fdd1-4b36-b626-bcc9c7d2e579@group-3E5E7C303FD5: changes role from      null to FOLLOWER at term 0 for startAsFollower
2019-10-14 14:56:59,557 [pool-247-thread-1] INFO  impl.RoleInfo (RoleInfo.java:updateAndGet(143)) - bd7d5c6b-fdd1-4b36-b626-bcc9c7d2e579: start FollowerState
2019-10-14 14:56:59,557 [pool-247-thread-1] INFO  util.JmxRegister (JmxRegister.java:tryRegister(44)) - Successfully registered JMX Bean with object name Ratis:service=RaftServer,group=group-3E5E7C303FD5,id=bd7d5c6b-fdd1-4b36-b626-bcc9c7d2e579
2019-10-14 14:56:59,566 [RatisPipelineUtilsThread] INFO  pipeline.PipelineStateManager (PipelineStateManager.java:addPipeline(56)) - Created pipeline Pipeline[ Id: e7f95d66-995f-4814-b46f-3e5e7c303fd5, Nodes: bd7d5c6b-fdd1-4b36-b626-bcc9c7d2e579{ip: 192.168.164.216, host: dev-nightly-20191014-2mv7m-2951356099, networkLocation: /default-rack, certSerialId: null}, Type:RATIS, Factor:ONE, State:OPEN]
2019-10-14 14:56:59,590 [grpc-default-executor-2] INFO  impl.RaftServerProxy (RaftServerProxy.java:addNew(89)) - cfe8f924-b5c6-4352-87f8-4041c06f1d5a: addNew group-C454A588150E:[cfe8f924-b5c6-4352-87f8-4041c06f1d5a:192.168.164.216:37133] returns group-C454A588150E:java.util.concurrent.CompletableFuture@695afee1[Not completed]
2019-10-14 14:56:59,592 [pool-257-thread-1] INFO  impl.RaftServerImpl (RaftServerImpl.java:<init>(95)) - cfe8f924-b5c6-4352-87f8-4041c06f1d5a: new RaftServerImpl for group-C454A588150E:[cfe8f924-b5c6-4352-87f8-4041c06f1d5a:192.168.164.216:37133] with ContainerStateMachine:uninitialized
2019-10-14 14:56:59,592 [pool-257-thread-1] INFO  server.RaftServerConfigKeys (ConfUtils.java:logGet(43)) - raft.server.rpc.timeout.min = 5s (custom)
2019-10-14 14:56:59,593 [pool-257-thread-1] INFO  server.RaftServerConfigKeys (ConfUtils.java:logGet(43)) - raft.server.rpc.timeout.max = 5200ms (custom)
2019-10-14 14:56:59,593 [pool-257-thread-1] INFO  server.RaftServerConfigKeys (ConfUtils.java:logGet(43)) - raft.server.rpcslowness.timeout = 120s (custom)
2019-10-14 14:56:59,593 [pool-257-thread-1] INFO  server.RaftServerConfigKeys (ConfUtils.java:logGet(43)) - raft.server.sleep.deviation.threshold = 300 (default)
2019-10-14 14:56:59,593 [pool-257-thread-1] INFO  server.RaftServerConfigKeys (ConfUtils.java:logGet(43)) - raft.server.log.appender.install.snapshot.enabled = false (custom)
2019-10-14 14:56:59,593 [pool-257-thread-1] INFO  impl.RaftServerImpl (ServerState.java:<init>(103)) - cfe8f924-b5c6-4352-87f8-4041c06f1d5a@group-C454A588150E: ConfigurationManager, init=-1: [cfe8f924-b5c6-4352-87f8-4041c06f1d5a:192.168.164.216:37133], old=null, confs=<EMPTY_MAP>
2019-10-14 14:56:59,593 [pool-257-thread-1] INFO  server.RaftServerConfigKeys (ConfUtils.java:logGet(43)) - raft.server.storage.dir = [/workdir/hadoop-ozone/integration-test/target/test-dir/MiniOzoneClusterImpl-5488152f-adca-46d8-995d-786b064aadbc/datanode-5/data/ratis] (custom)
2019-10-14 14:56:59,594 [pool-257-thread-1] INFO  server.RaftServerConfigKeys (ConfUtils.java:logGet(43)) - raft.server.log.corruption.policy = EXCEPTION (default)
2019-10-14 14:56:59,594 [pool-257-thread-1] INFO  storage.RaftStorageDirectory (RaftStorageDirectory.java:analyzeStorage(246)) - The storage directory /workdir/hadoop-ozone/integration-test/target/test-dir/MiniOzoneClusterImpl-5488152f-adca-46d8-995d-786b064aadbc/datanode-5/data/ratis/7e895d67-c235-4abf-8fe0-c454a588150e does not exist. Creating ...
2019-10-14 14:56:59,600 [main] INFO  ozone.MiniOzoneClusterImpl (MiniOzoneClusterImpl.java:lambda$waitForClusterToBeReady$0(147)) - Waiting for cluster to be ready. Got 6 of 7 DN Heartbeats.
2019-10-14 14:56:59,600 [IPC Server handler 5 on 39065] INFO  net.NetworkTopology (NetworkTopologyImpl.java:add(111)) - Added a new node: /default-rack/eb2213f5-8de5-47d4-9ccd-272001a7f7ca
2019-10-14 14:56:59,600 [IPC Server handler 5 on 39065] INFO  node.SCMNodeManager (SCMNodeManager.java:register(268)) - Registered Data node : eb2213f5-8de5-47d4-9ccd-272001a7f7ca{ip: 192.168.164.216, host: dev-nightly-20191014-2mv7m-2951356099, networkLocation: /default-rack, certSerialId: null}
2019-10-14 14:56:59,622 [pool-257-thread-1] INFO  storage.RaftStorageDirectory (RaftStorageDirectory.java:tryLock(328)) - Lock on /workdir/hadoop-ozone/integration-test/target/test-dir/MiniOzoneClusterImpl-5488152f-adca-46d8-995d-786b064aadbc/datanode-5/data/ratis/7e895d67-c235-4abf-8fe0-c454a588150e/in_use.lock acquired by nodename 16817@dev-nightly-20191014-2mv7m-2951356099
2019-10-14 14:56:59,648 [pool-257-thread-1] INFO  storage.RaftStorage (RaftStorage.java:format(84)) - Storage directory /workdir/hadoop-ozone/integration-test/target/test-dir/MiniOzoneClusterImpl-5488152f-adca-46d8-995d-786b064aadbc/datanode-5/data/ratis/7e895d67-c235-4abf-8fe0-c454a588150e has been successfully formatted.
2019-10-14 14:56:59,648 [pool-257-thread-1] INFO  ratis.ContainerStateMachine (ContainerStateMachine.java:loadSnapshot(231)) - group-C454A588150E: The snapshot info is null. Setting the last applied indexto:(t:0, i:~)
2019-10-14 14:56:59,648 [pool-257-thread-1] INFO  server.RaftServerConfigKeys (ConfUtils.java:logGet(43)) - raft.server.notification.no-leader.timeout = 120s (custom)
2019-10-14 14:56:59,648 [pool-257-thread-1] INFO  server.RaftServerConfigKeys (ConfUtils.java:logGet(43)) - raft.server.log.use.memory = false (default)
2019-10-14 14:56:59,648 [pool-257-thread-1] INFO  server.RaftServerConfigKeys (ConfUtils.java:logGet(43)) - raft.server.log.purge.gap = 1000000 (custom)
2019-10-14 14:56:59,649 [pool-257-thread-1] INFO  server.RaftServerConfigKeys (ConfUtils.java:logGet(43)) - raft.server.log.appender.buffer.byte-limit = 33554432 (custom)
2019-10-14 14:56:59,649 [pool-257-thread-1] INFO  server.RaftServerConfigKeys (ConfUtils.java:logGet(43)) - raft.server.log.segment.size.max = 1048576 (custom)
2019-10-14 14:56:59,651 [pool-257-thread-1] INFO  server.RaftServerConfigKeys (ConfUtils.java:logGet(43)) - raft.server.log.segment.cache.num.max = 2 (custom)
2019-10-14 14:56:59,651 [pool-257-thread-1] INFO  segmented.SegmentedRaftLogWorker (SegmentedRaftLogWorker.java:<init>(173)) - new cfe8f924-b5c6-4352-87f8-4041c06f1d5a@group-C454A588150E-SegmentedRaftLogWorker for RaftStorage:Storage Directory /workdir/hadoop-ozone/integration-test/target/test-dir/MiniOzoneClusterImpl-5488152f-adca-46d8-995d-786b064aadbc/datanode-5/data/ratis/7e895d67-c235-4abf-8fe0-c454a588150e
2019-10-14 14:56:59,651 [pool-257-thread-1] INFO  server.RaftServerConfigKeys (ConfUtils.java:logGet(43)) - raft.server.log.queue.byte-limit = 2147483647 (custom)
2019-10-14 14:56:59,651 [pool-257-thread-1] INFO  server.RaftServerConfigKeys (ConfUtils.java:logGet(43)) - raft.server.log.queue.element-limit = 1024 (custom)
2019-10-14 14:56:59,651 [pool-257-thread-1] INFO  server.RaftServerConfigKeys (ConfUtils.java:logGet(43)) - raft.server.log.segment.size.max = 1048576 (custom)
2019-10-14 14:56:59,651 [pool-257-thread-1] INFO  server.RaftServerConfigKeys (ConfUtils.java:logGet(43)) - raft.server.log.preallocated.size = 16384 (custom)
2019-10-14 14:56:59,651 [pool-257-thread-1] INFO  server.RaftServerConfigKeys (ConfUtils.java:logGet(43)) - raft.server.log.write.buffer.size = 33554432 (custom)
2019-10-14 14:56:59,652 [pool-257-thread-1] INFO  server.RaftServerConfigKeys (ConfUtils.java:logGet(43)) - raft.server.log.force.sync.num = 128 (default)
2019-10-14 14:56:59,652 [pool-257-thread-1] INFO  server.RaftServerConfigKeys (ConfUtils.java:logGet(43)) - raft.server.log.statemachine.data.sync = true (default)
2019-10-14 14:56:59,652 [pool-257-thread-1] INFO  server.RaftServerConfigKeys (ConfUtils.java:logGet(43)) - raft.server.log.statemachine.data.sync.timeout = 10s (default)
2019-10-14 14:56:59,652 [pool-257-thread-1] INFO  server.RaftServerConfigKeys (ConfUtils.java:logGet(43)) - raft.server.log.statemachine.data.sync.timeout.retry = -1 (default)
2019-10-14 14:56:59,653 [pool-257-thread-1] INFO  server.RaftServerConfigKeys (ConfUtils.java:logGet(43)) - raft.server.log.statemachine.data.caching.enabled = true (custom)
2019-10-14 14:56:59,653 [pool-257-thread-1] INFO  segmented.SegmentedRaftLogWorker (SegmentedRaftLogWorker.java:lambda$new$0(128)) - cfe8f924-b5c6-4352-87f8-4041c06f1d5a@group-C454A588150E-SegmentedRaftLogWorker: flushIndex: setUnconditionally 0 -> -1
2019-10-14 14:56:59,653 [pool-257-thread-1] INFO  server.RaftServerConfigKeys (ConfUtils.java:logGet(43)) - raft.server.snapshot.auto.trigger.enabled = true (custom)
2019-10-14 14:56:59,653 [pool-257-thread-1] INFO  server.RaftServerConfigKeys (ConfUtils.java:logGet(43)) - raft.server.snapshot.auto.trigger.threshold = 10000 (custom)
2019-10-14 14:56:59,654 [pool-257-thread-1] INFO  server.RaftServerConfigKeys (ConfUtils.java:logGet(43)) - raft.server.snapshot.retention.file.num = 5 (custom)
2019-10-14 14:56:59,654 [pool-257-thread-1] INFO  server.RaftServerConfigKeys (ConfUtils.java:logGet(43)) - raft.server.retrycache.expirytime = 600000ms (custom)
2019-10-14 14:56:59,656 [pool-257-thread-1] INFO  impl.RaftServerImpl (RaftServerImpl.java:start(181)) - cfe8f924-b5c6-4352-87f8-4041c06f1d5a@group-C454A588150E: start as a follower, conf=-1: [cfe8f924-b5c6-4352-87f8-4041c06f1d5a:192.168.164.216:37133], old=null
2019-10-14 14:56:59,656 [pool-257-thread-1] INFO  impl.RaftServerImpl (RaftServerImpl.java:setRole(170)) - cfe8f924-b5c6-4352-87f8-4041c06f1d5a@group-C454A588150E: changes role from      null to FOLLOWER at term 0 for startAsFollower
2019-10-14 14:56:59,656 [pool-257-thread-1] INFO  impl.RoleInfo (RoleInfo.java:updateAndGet(143)) - cfe8f924-b5c6-4352-87f8-4041c06f1d5a: start FollowerState
2019-10-14 14:56:59,667 [pool-257-thread-1] INFO  util.JmxRegister (JmxRegister.java:tryRegister(44)) - Successfully registered JMX Bean with object name Ratis:service=RaftServer,group=group-C454A588150E,id=cfe8f924-b5c6-4352-87f8-4041c06f1d5a
2019-10-14 14:56:59,676 [RatisPipelineUtilsThread] INFO  pipeline.PipelineStateManager (PipelineStateManager.java:addPipeline(56)) - Created pipeline Pipeline[ Id: 7e895d67-c235-4abf-8fe0-c454a588150e, Nodes: cfe8f924-b5c6-4352-87f8-4041c06f1d5a{ip: 192.168.164.216, host: dev-nightly-20191014-2mv7m-2951356099, networkLocation: /default-rack, certSerialId: null}, Type:RATIS, Factor:ONE, State:OPEN]
2019-10-14 14:56:59,684 [grpc-default-executor-2] INFO  impl.RaftServerProxy (RaftServerProxy.java:addNew(89)) - eb2213f5-8de5-47d4-9ccd-272001a7f7ca: addNew group-F76B6A416E83:[eb2213f5-8de5-47d4-9ccd-272001a7f7ca:192.168.164.216:33395] returns group-F76B6A416E83:java.util.concurrent.CompletableFuture@31d72dae[Not completed]
2019-10-14 14:56:59,686 [pool-267-thread-1] INFO  impl.RaftServerImpl (RaftServerImpl.java:<init>(95)) - eb2213f5-8de5-47d4-9ccd-272001a7f7ca: new RaftServerImpl for group-F76B6A416E83:[eb2213f5-8de5-47d4-9ccd-272001a7f7ca:192.168.164.216:33395] with ContainerStateMachine:uninitialized
2019-10-14 14:56:59,686 [pool-267-thread-1] INFO  server.RaftServerConfigKeys (ConfUtils.java:logGet(43)) - raft.server.rpc.timeout.min = 5s (custom)
2019-10-14 14:56:59,686 [pool-267-thread-1] INFO  server.RaftServerConfigKeys (ConfUtils.java:logGet(43)) - raft.server.rpc.timeout.max = 5200ms (custom)
2019-10-14 14:56:59,686 [pool-267-thread-1] INFO  server.RaftServerConfigKeys (ConfUtils.java:logGet(43)) - raft.server.rpcslowness.timeout = 120s (custom)
2019-10-14 14:56:59,686 [pool-267-thread-1] INFO  server.RaftServerConfigKeys (ConfUtils.java:logGet(43)) - raft.server.sleep.deviation.threshold = 300 (default)
2019-10-14 14:56:59,686 [pool-267-thread-1] INFO  server.RaftServerConfigKeys (ConfUtils.java:logGet(43)) - raft.server.log.appender.install.snapshot.enabled = false (custom)
2019-10-14 14:56:59,686 [pool-267-thread-1] INFO  impl.RaftServerImpl (ServerState.java:<init>(103)) - eb2213f5-8de5-47d4-9ccd-272001a7f7ca@group-F76B6A416E83: ConfigurationManager, init=-1: [eb2213f5-8de5-47d4-9ccd-272001a7f7ca:192.168.164.216:33395], old=null, confs=<EMPTY_MAP>
2019-10-14 14:56:59,687 [pool-267-thread-1] INFO  server.RaftServerConfigKeys (ConfUtils.java:logGet(43)) - raft.server.storage.dir = [/workdir/hadoop-ozone/integration-test/target/test-dir/MiniOzoneClusterImpl-5488152f-adca-46d8-995d-786b064aadbc/datanode-6/data/ratis] (custom)
2019-10-14 14:56:59,687 [pool-267-thread-1] INFO  server.RaftServerConfigKeys (ConfUtils.java:logGet(43)) - raft.server.log.corruption.policy = EXCEPTION (default)
2019-10-14 14:56:59,687 [pool-267-thread-1] INFO  storage.RaftStorageDirectory (RaftStorageDirectory.java:analyzeStorage(246)) - The storage directory /workdir/hadoop-ozone/integration-test/target/test-dir/MiniOzoneClusterImpl-5488152f-adca-46d8-995d-786b064aadbc/datanode-6/data/ratis/db7f0f00-6cc0-4b85-9202-f76b6a416e83 does not exist. Creating ...
2019-10-14 14:56:59,731 [pool-267-thread-1] INFO  storage.RaftStorageDirectory (RaftStorageDirectory.java:tryLock(328)) - Lock on /workdir/hadoop-ozone/integration-test/target/test-dir/MiniOzoneClusterImpl-5488152f-adca-46d8-995d-786b064aadbc/datanode-6/data/ratis/db7f0f00-6cc0-4b85-9202-f76b6a416e83/in_use.lock acquired by nodename 16817@dev-nightly-20191014-2mv7m-2951356099
2019-10-14 14:56:59,757 [pool-267-thread-1] INFO  storage.RaftStorage (RaftStorage.java:format(84)) - Storage directory /workdir/hadoop-ozone/integration-test/target/test-dir/MiniOzoneClusterImpl-5488152f-adca-46d8-995d-786b064aadbc/datanode-6/data/ratis/db7f0f00-6cc0-4b85-9202-f76b6a416e83 has been successfully formatted.
2019-10-14 14:56:59,757 [pool-267-thread-1] INFO  ratis.ContainerStateMachine (ContainerStateMachine.java:loadSnapshot(231)) - group-F76B6A416E83: The snapshot info is null. Setting the last applied indexto:(t:0, i:~)
2019-10-14 14:56:59,757 [pool-267-thread-1] INFO  server.RaftServerConfigKeys (ConfUtils.java:logGet(43)) - raft.server.notification.no-leader.timeout = 120s (custom)
2019-10-14 14:56:59,758 [pool-267-thread-1] INFO  server.RaftServerConfigKeys (ConfUtils.java:logGet(43)) - raft.server.log.use.memory = false (default)
2019-10-14 14:56:59,758 [pool-267-thread-1] INFO  server.RaftServerConfigKeys (ConfUtils.java:logGet(43)) - raft.server.log.purge.gap = 1000000 (custom)
2019-10-14 14:56:59,758 [pool-267-thread-1] INFO  server.RaftServerConfigKeys (ConfUtils.java:logGet(43)) - raft.server.log.appender.buffer.byte-limit = 33554432 (custom)
2019-10-14 14:56:59,758 [pool-267-thread-1] INFO  server.RaftServerConfigKeys (ConfUtils.java:logGet(43)) - raft.server.log.segment.size.max = 1048576 (custom)
2019-10-14 14:56:59,761 [pool-267-thread-1] INFO  server.RaftServerConfigKeys (ConfUtils.java:logGet(43)) - raft.server.log.segment.cache.num.max = 2 (custom)
2019-10-14 14:56:59,761 [pool-267-thread-1] INFO  segmented.SegmentedRaftLogWorker (SegmentedRaftLogWorker.java:<init>(173)) - new eb2213f5-8de5-47d4-9ccd-272001a7f7ca@group-F76B6A416E83-SegmentedRaftLogWorker for RaftStorage:Storage Directory /workdir/hadoop-ozone/integration-test/target/test-dir/MiniOzoneClusterImpl-5488152f-adca-46d8-995d-786b064aadbc/datanode-6/data/ratis/db7f0f00-6cc0-4b85-9202-f76b6a416e83
2019-10-14 14:56:59,761 [pool-267-thread-1] INFO  server.RaftServerConfigKeys (ConfUtils.java:logGet(43)) - raft.server.log.queue.byte-limit = 2147483647 (custom)
2019-10-14 14:56:59,761 [pool-267-thread-1] INFO  server.RaftServerConfigKeys (ConfUtils.java:logGet(43)) - raft.server.log.queue.element-limit = 1024 (custom)
2019-10-14 14:56:59,762 [pool-267-thread-1] INFO  server.RaftServerConfigKeys (ConfUtils.java:logGet(43)) - raft.server.log.segment.size.max = 1048576 (custom)
2019-10-14 14:56:59,762 [pool-267-thread-1] INFO  server.RaftServerConfigKeys (ConfUtils.java:logGet(43)) - raft.server.log.preallocated.size = 16384 (custom)
2019-10-14 14:56:59,762 [pool-267-thread-1] INFO  server.RaftServerConfigKeys (ConfUtils.java:logGet(43)) - raft.server.log.write.buffer.size = 33554432 (custom)
2019-10-14 14:56:59,762 [pool-267-thread-1] INFO  server.RaftServerConfigKeys (ConfUtils.java:logGet(43)) - raft.server.log.force.sync.num = 128 (default)
2019-10-14 14:56:59,762 [pool-267-thread-1] INFO  server.RaftServerConfigKeys (ConfUtils.java:logGet(43)) - raft.server.log.statemachine.data.sync = true (default)
2019-10-14 14:56:59,763 [pool-267-thread-1] INFO  server.RaftServerConfigKeys (ConfUtils.java:logGet(43)) - raft.server.log.statemachine.data.sync.timeout = 10s (default)
2019-10-14 14:56:59,763 [pool-267-thread-1] INFO  server.RaftServerConfigKeys (ConfUtils.java:logGet(43)) - raft.server.log.statemachine.data.sync.timeout.retry = -1 (default)
2019-10-14 14:56:59,763 [pool-267-thread-1] INFO  server.RaftServerConfigKeys (ConfUtils.java:logGet(43)) - raft.server.log.statemachine.data.caching.enabled = true (custom)
2019-10-14 14:56:59,764 [pool-267-thread-1] INFO  segmented.SegmentedRaftLogWorker (SegmentedRaftLogWorker.java:lambda$new$0(128)) - eb2213f5-8de5-47d4-9ccd-272001a7f7ca@group-F76B6A416E83-SegmentedRaftLogWorker: flushIndex: setUnconditionally 0 -> -1
2019-10-14 14:56:59,764 [pool-267-thread-1] INFO  server.RaftServerConfigKeys (ConfUtils.java:logGet(43)) - raft.server.snapshot.auto.trigger.enabled = true (custom)
2019-10-14 14:56:59,764 [pool-267-thread-1] INFO  server.RaftServerConfigKeys (ConfUtils.java:logGet(43)) - raft.server.snapshot.auto.trigger.threshold = 10000 (custom)
2019-10-14 14:56:59,764 [pool-267-thread-1] INFO  server.RaftServerConfigKeys (ConfUtils.java:logGet(43)) - raft.server.snapshot.retention.file.num = 5 (custom)
2019-10-14 14:56:59,765 [pool-267-thread-1] INFO  server.RaftServerConfigKeys (ConfUtils.java:logGet(43)) - raft.server.retrycache.expirytime = 600000ms (custom)
2019-10-14 14:56:59,767 [pool-267-thread-1] INFO  impl.RaftServerImpl (RaftServerImpl.java:start(181)) - eb2213f5-8de5-47d4-9ccd-272001a7f7ca@group-F76B6A416E83: start as a follower, conf=-1: [eb2213f5-8de5-47d4-9ccd-272001a7f7ca:192.168.164.216:33395], old=null
2019-10-14 14:56:59,767 [pool-267-thread-1] INFO  impl.RaftServerImpl (RaftServerImpl.java:setRole(170)) - eb2213f5-8de5-47d4-9ccd-272001a7f7ca@group-F76B6A416E83: changes role from      null to FOLLOWER at term 0 for startAsFollower
2019-10-14 14:56:59,767 [pool-267-thread-1] INFO  impl.RoleInfo (RoleInfo.java:updateAndGet(143)) - eb2213f5-8de5-47d4-9ccd-272001a7f7ca: start FollowerState
2019-10-14 14:56:59,768 [pool-267-thread-1] INFO  util.JmxRegister (JmxRegister.java:tryRegister(44)) - Successfully registered JMX Bean with object name Ratis:service=RaftServer,group=group-F76B6A416E83,id=eb2213f5-8de5-47d4-9ccd-272001a7f7ca
2019-10-14 14:56:59,785 [RatisPipelineUtilsThread] INFO  pipeline.PipelineStateManager (PipelineStateManager.java:addPipeline(56)) - Created pipeline Pipeline[ Id: db7f0f00-6cc0-4b85-9202-f76b6a416e83, Nodes: eb2213f5-8de5-47d4-9ccd-272001a7f7ca{ip: 192.168.164.216, host: dev-nightly-20191014-2mv7m-2951356099, networkLocation: /default-rack, certSerialId: null}, Type:RATIS, Factor:ONE, State:OPEN]
2019-10-14 14:56:59,808 [grpc-default-executor-2] INFO  impl.RaftServerProxy (RaftServerProxy.java:addNew(89)) - 990b5206-acaa-46d8-a99a-8196ac36b371: addNew group-CF2C2ECDC0F3:[2b2a2bed-4f50-4c61-b8ad-f4f72c71dbde:192.168.164.216:36646, cfe8f924-b5c6-4352-87f8-4041c06f1d5a:192.168.164.216:37133, 990b5206-acaa-46d8-a99a-8196ac36b371:192.168.164.216:46837] returns group-CF2C2ECDC0F3:java.util.concurrent.CompletableFuture@2d272ff1[Not completed]
2019-10-14 14:56:59,811 [grpc-default-executor-1] INFO  impl.RaftServerProxy (RaftServerProxy.java:addNew(89)) - cfe8f924-b5c6-4352-87f8-4041c06f1d5a: addNew group-CF2C2ECDC0F3:[2b2a2bed-4f50-4c61-b8ad-f4f72c71dbde:192.168.164.216:36646, cfe8f924-b5c6-4352-87f8-4041c06f1d5a:192.168.164.216:37133, 990b5206-acaa-46d8-a99a-8196ac36b371:192.168.164.216:46837] returns group-CF2C2ECDC0F3:java.util.concurrent.CompletableFuture@3322df13[Not completed]
2019-10-14 14:56:59,808 [grpc-default-executor-4] INFO  impl.RaftServerProxy (RaftServerProxy.java:addNew(89)) - 2b2a2bed-4f50-4c61-b8ad-f4f72c71dbde: addNew group-CF2C2ECDC0F3:[2b2a2bed-4f50-4c61-b8ad-f4f72c71dbde:192.168.164.216:36646, cfe8f924-b5c6-4352-87f8-4041c06f1d5a:192.168.164.216:37133, 990b5206-acaa-46d8-a99a-8196ac36b371:192.168.164.216:46837] returns group-CF2C2ECDC0F3:java.util.concurrent.CompletableFuture@8f4e76[Not completed]
2019-10-14 14:56:59,812 [pool-227-thread-1] INFO  impl.RaftServerImpl (RaftServerImpl.java:<init>(95)) - 2b2a2bed-4f50-4c61-b8ad-f4f72c71dbde: new RaftServerImpl for group-CF2C2ECDC0F3:[2b2a2bed-4f50-4c61-b8ad-f4f72c71dbde:192.168.164.216:36646, cfe8f924-b5c6-4352-87f8-4041c06f1d5a:192.168.164.216:37133, 990b5206-acaa-46d8-a99a-8196ac36b371:192.168.164.216:46837] with ContainerStateMachine:uninitialized
2019-10-14 14:56:59,813 [pool-227-thread-1] INFO  server.RaftServerConfigKeys (ConfUtils.java:logGet(43)) - raft.server.rpc.timeout.min = 5s (custom)
2019-10-14 14:56:59,813 [pool-227-thread-1] INFO  server.RaftServerConfigKeys (ConfUtils.java:logGet(43)) - raft.server.rpc.timeout.max = 5200ms (custom)
2019-10-14 14:56:59,813 [pool-227-thread-1] INFO  server.RaftServerConfigKeys (ConfUtils.java:logGet(43)) - raft.server.rpcslowness.timeout = 120s (custom)
2019-10-14 14:56:59,813 [pool-227-thread-1] INFO  server.RaftServerConfigKeys (ConfUtils.java:logGet(43)) - raft.server.sleep.deviation.threshold = 300 (default)
2019-10-14 14:56:59,813 [pool-257-thread-1] INFO  impl.RaftServerImpl (RaftServerImpl.java:<init>(95)) - cfe8f924-b5c6-4352-87f8-4041c06f1d5a: new RaftServerImpl for group-CF2C2ECDC0F3:[2b2a2bed-4f50-4c61-b8ad-f4f72c71dbde:192.168.164.216:36646, cfe8f924-b5c6-4352-87f8-4041c06f1d5a:192.168.164.216:37133, 990b5206-acaa-46d8-a99a-8196ac36b371:192.168.164.216:46837] with ContainerStateMachine:uninitialized
2019-10-14 14:56:59,813 [pool-227-thread-1] INFO  server.RaftServerConfigKeys (ConfUtils.java:logGet(43)) - raft.server.log.appender.install.snapshot.enabled = false (custom)
2019-10-14 14:56:59,814 [pool-257-thread-1] INFO  server.RaftServerConfigKeys (ConfUtils.java:logGet(43)) - raft.server.rpc.timeout.min = 5s (custom)
2019-10-14 14:56:59,814 [pool-227-thread-1] INFO  impl.RaftServerImpl (ServerState.java:<init>(103)) - 2b2a2bed-4f50-4c61-b8ad-f4f72c71dbde@group-CF2C2ECDC0F3: ConfigurationManager, init=-1: [2b2a2bed-4f50-4c61-b8ad-f4f72c71dbde:192.168.164.216:36646, cfe8f924-b5c6-4352-87f8-4041c06f1d5a:192.168.164.216:37133, 990b5206-acaa-46d8-a99a-8196ac36b371:192.168.164.216:46837], old=null, confs=<EMPTY_MAP>
2019-10-14 14:56:59,814 [pool-257-thread-1] INFO  server.RaftServerConfigKeys (ConfUtils.java:logGet(43)) - raft.server.rpc.timeout.max = 5200ms (custom)
2019-10-14 14:56:59,814 [pool-227-thread-1] INFO  server.RaftServerConfigKeys (ConfUtils.java:logGet(43)) - raft.server.storage.dir = [/workdir/hadoop-ozone/integration-test/target/test-dir/MiniOzoneClusterImpl-5488152f-adca-46d8-995d-786b064aadbc/datanode-2/data/ratis] (custom)
2019-10-14 14:56:59,814 [pool-257-thread-1] INFO  server.RaftServerConfigKeys (ConfUtils.java:logGet(43)) - raft.server.rpcslowness.timeout = 120s (custom)
2019-10-14 14:56:59,814 [pool-207-thread-1] INFO  impl.RaftServerImpl (RaftServerImpl.java:<init>(95)) - 990b5206-acaa-46d8-a99a-8196ac36b371: new RaftServerImpl for group-CF2C2ECDC0F3:[2b2a2bed-4f50-4c61-b8ad-f4f72c71dbde:192.168.164.216:36646, cfe8f924-b5c6-4352-87f8-4041c06f1d5a:192.168.164.216:37133, 990b5206-acaa-46d8-a99a-8196ac36b371:192.168.164.216:46837] with ContainerStateMachine:uninitialized
2019-10-14 14:56:59,815 [pool-257-thread-1] INFO  server.RaftServerConfigKeys (ConfUtils.java:logGet(43)) - raft.server.sleep.deviation.threshold = 300 (default)
2019-10-14 14:56:59,815 [pool-207-thread-1] INFO  server.RaftServerConfigKeys (ConfUtils.java:logGet(43)) - raft.server.rpc.timeout.min = 5s (custom)
2019-10-14 14:56:59,815 [pool-227-thread-1] INFO  server.RaftServerConfigKeys (ConfUtils.java:logGet(43)) - raft.server.log.corruption.policy = EXCEPTION (default)
2019-10-14 14:56:59,815 [pool-207-thread-1] INFO  server.RaftServerConfigKeys (ConfUtils.java:logGet(43)) - raft.server.rpc.timeout.max = 5200ms (custom)
2019-10-14 14:56:59,815 [pool-227-thread-1] INFO  storage.RaftStorageDirectory (RaftStorageDirectory.java:analyzeStorage(246)) - The storage directory /workdir/hadoop-ozone/integration-test/target/test-dir/MiniOzoneClusterImpl-5488152f-adca-46d8-995d-786b064aadbc/datanode-2/data/ratis/19a41687-90b2-4a67-811e-cf2c2ecdc0f3 does not exist. Creating ...
2019-10-14 14:56:59,815 [pool-257-thread-1] INFO  server.RaftServerConfigKeys (ConfUtils.java:logGet(43)) - raft.server.log.appender.install.snapshot.enabled = false (custom)
2019-10-14 14:56:59,815 [pool-207-thread-1] INFO  server.RaftServerConfigKeys (ConfUtils.java:logGet(43)) - raft.server.rpcslowness.timeout = 120s (custom)
2019-10-14 14:56:59,815 [pool-257-thread-1] INFO  impl.RaftServerImpl (ServerState.java:<init>(103)) - cfe8f924-b5c6-4352-87f8-4041c06f1d5a@group-CF2C2ECDC0F3: ConfigurationManager, init=-1: [2b2a2bed-4f50-4c61-b8ad-f4f72c71dbde:192.168.164.216:36646, cfe8f924-b5c6-4352-87f8-4041c06f1d5a:192.168.164.216:37133, 990b5206-acaa-46d8-a99a-8196ac36b371:192.168.164.216:46837], old=null, confs=<EMPTY_MAP>
2019-10-14 14:56:59,816 [pool-207-thread-1] INFO  server.RaftServerConfigKeys (ConfUtils.java:logGet(43)) - raft.server.sleep.deviation.threshold = 300 (default)
2019-10-14 14:56:59,816 [pool-257-thread-1] INFO  server.RaftServerConfigKeys (ConfUtils.java:logGet(43)) - raft.server.storage.dir = [/workdir/hadoop-ozone/integration-test/target/test-dir/MiniOzoneClusterImpl-5488152f-adca-46d8-995d-786b064aadbc/datanode-5/data/ratis] (custom)
2019-10-14 14:56:59,816 [pool-207-thread-1] INFO  server.RaftServerConfigKeys (ConfUtils.java:logGet(43)) - raft.server.log.appender.install.snapshot.enabled = false (custom)
2019-10-14 14:56:59,816 [pool-257-thread-1] INFO  server.RaftServerConfigKeys (ConfUtils.java:logGet(43)) - raft.server.log.corruption.policy = EXCEPTION (default)
2019-10-14 14:56:59,816 [pool-207-thread-1] INFO  impl.RaftServerImpl (ServerState.java:<init>(103)) - 990b5206-acaa-46d8-a99a-8196ac36b371@group-CF2C2ECDC0F3: ConfigurationManager, init=-1: [2b2a2bed-4f50-4c61-b8ad-f4f72c71dbde:192.168.164.216:36646, cfe8f924-b5c6-4352-87f8-4041c06f1d5a:192.168.164.216:37133, 990b5206-acaa-46d8-a99a-8196ac36b371:192.168.164.216:46837], old=null, confs=<EMPTY_MAP>
2019-10-14 14:56:59,816 [pool-257-thread-1] INFO  storage.RaftStorageDirectory (RaftStorageDirectory.java:analyzeStorage(246)) - The storage directory /workdir/hadoop-ozone/integration-test/target/test-dir/MiniOzoneClusterImpl-5488152f-adca-46d8-995d-786b064aadbc/datanode-5/data/ratis/19a41687-90b2-4a67-811e-cf2c2ecdc0f3 does not exist. Creating ...
2019-10-14 14:56:59,816 [pool-207-thread-1] INFO  server.RaftServerConfigKeys (ConfUtils.java:logGet(43)) - raft.server.storage.dir = [/workdir/hadoop-ozone/integration-test/target/test-dir/MiniOzoneClusterImpl-5488152f-adca-46d8-995d-786b064aadbc/datanode-0/data/ratis] (custom)
2019-10-14 14:56:59,817 [pool-207-thread-1] INFO  server.RaftServerConfigKeys (ConfUtils.java:logGet(43)) - raft.server.log.corruption.policy = EXCEPTION (default)
2019-10-14 14:56:59,817 [pool-207-thread-1] INFO  storage.RaftStorageDirectory (RaftStorageDirectory.java:analyzeStorage(246)) - The storage directory /workdir/hadoop-ozone/integration-test/target/test-dir/MiniOzoneClusterImpl-5488152f-adca-46d8-995d-786b064aadbc/datanode-0/data/ratis/19a41687-90b2-4a67-811e-cf2c2ecdc0f3 does not exist. Creating ...
2019-10-14 14:56:59,832 [pool-227-thread-1] INFO  storage.RaftStorageDirectory (RaftStorageDirectory.java:tryLock(328)) - Lock on /workdir/hadoop-ozone/integration-test/target/test-dir/MiniOzoneClusterImpl-5488152f-adca-46d8-995d-786b064aadbc/datanode-2/data/ratis/19a41687-90b2-4a67-811e-cf2c2ecdc0f3/in_use.lock acquired by nodename 16817@dev-nightly-20191014-2mv7m-2951356099
2019-10-14 14:56:59,832 [pool-207-thread-1] INFO  storage.RaftStorageDirectory (RaftStorageDirectory.java:tryLock(328)) - Lock on /workdir/hadoop-ozone/integration-test/target/test-dir/MiniOzoneClusterImpl-5488152f-adca-46d8-995d-786b064aadbc/datanode-0/data/ratis/19a41687-90b2-4a67-811e-cf2c2ecdc0f3/in_use.lock acquired by nodename 16817@dev-nightly-20191014-2mv7m-2951356099
2019-10-14 14:56:59,832 [pool-257-thread-1] INFO  storage.RaftStorageDirectory (RaftStorageDirectory.java:tryLock(328)) - Lock on /workdir/hadoop-ozone/integration-test/target/test-dir/MiniOzoneClusterImpl-5488152f-adca-46d8-995d-786b064aadbc/datanode-5/data/ratis/19a41687-90b2-4a67-811e-cf2c2ecdc0f3/in_use.lock acquired by nodename 16817@dev-nightly-20191014-2mv7m-2951356099
2019-10-14 14:56:59,859 [pool-257-thread-1] INFO  storage.RaftStorage (RaftStorage.java:format(84)) - Storage directory /workdir/hadoop-ozone/integration-test/target/test-dir/MiniOzoneClusterImpl-5488152f-adca-46d8-995d-786b064aadbc/datanode-5/data/ratis/19a41687-90b2-4a67-811e-cf2c2ecdc0f3 has been successfully formatted.
2019-10-14 14:56:59,859 [pool-227-thread-1] INFO  storage.RaftStorage (RaftStorage.java:format(84)) - Storage directory /workdir/hadoop-ozone/integration-test/target/test-dir/MiniOzoneClusterImpl-5488152f-adca-46d8-995d-786b064aadbc/datanode-2/data/ratis/19a41687-90b2-4a67-811e-cf2c2ecdc0f3 has been successfully formatted.
2019-10-14 14:56:59,859 [pool-207-thread-1] INFO  storage.RaftStorage (RaftStorage.java:format(84)) - Storage directory /workdir/hadoop-ozone/integration-test/target/test-dir/MiniOzoneClusterImpl-5488152f-adca-46d8-995d-786b064aadbc/datanode-0/data/ratis/19a41687-90b2-4a67-811e-cf2c2ecdc0f3 has been successfully formatted.
2019-10-14 14:56:59,860 [pool-227-thread-1] INFO  ratis.ContainerStateMachine (ContainerStateMachine.java:loadSnapshot(231)) - group-CF2C2ECDC0F3: The snapshot info is null. Setting the last applied indexto:(t:0, i:~)
2019-10-14 14:56:59,860 [pool-257-thread-1] INFO  ratis.ContainerStateMachine (ContainerStateMachine.java:loadSnapshot(231)) - group-CF2C2ECDC0F3: The snapshot info is null. Setting the last applied indexto:(t:0, i:~)
2019-10-14 14:56:59,860 [pool-227-thread-1] INFO  server.RaftServerConfigKeys (ConfUtils.java:logGet(43)) - raft.server.notification.no-leader.timeout = 120s (custom)
2019-10-14 14:56:59,860 [pool-207-thread-1] INFO  ratis.ContainerStateMachine (ContainerStateMachine.java:loadSnapshot(231)) - group-CF2C2ECDC0F3: The snapshot info is null. Setting the last applied indexto:(t:0, i:~)
2019-10-14 14:56:59,860 [pool-227-thread-1] INFO  server.RaftServerConfigKeys (ConfUtils.java:logGet(43)) - raft.server.log.use.memory = false (default)
2019-10-14 14:56:59,860 [pool-257-thread-1] INFO  server.RaftServerConfigKeys (ConfUtils.java:logGet(43)) - raft.server.notification.no-leader.timeout = 120s (custom)
2019-10-14 14:56:59,861 [pool-227-thread-1] INFO  server.RaftServerConfigKeys (ConfUtils.java:logGet(43)) - raft.server.log.purge.gap = 1000000 (custom)
2019-10-14 14:56:59,860 [pool-207-thread-1] INFO  server.RaftServerConfigKeys (ConfUtils.java:logGet(43)) - raft.server.notification.no-leader.timeout = 120s (custom)
2019-10-14 14:56:59,861 [pool-227-thread-1] INFO  server.RaftServerConfigKeys (ConfUtils.java:logGet(43)) - raft.server.log.appender.buffer.byte-limit = 33554432 (custom)
2019-10-14 14:56:59,861 [pool-257-thread-1] INFO  server.RaftServerConfigKeys (ConfUtils.java:logGet(43)) - raft.server.log.use.memory = false (default)
2019-10-14 14:56:59,861 [pool-227-thread-1] INFO  server.RaftServerConfigKeys (ConfUtils.java:logGet(43)) - raft.server.log.segment.size.max = 1048576 (custom)
2019-10-14 14:56:59,861 [pool-207-thread-1] INFO  server.RaftServerConfigKeys (ConfUtils.java:logGet(43)) - raft.server.log.use.memory = false (default)
2019-10-14 14:56:59,862 [pool-227-thread-1] INFO  server.RaftServerConfigKeys (ConfUtils.java:logGet(43)) - raft.server.log.segment.cache.num.max = 2 (custom)
2019-10-14 14:56:59,861 [pool-257-thread-1] INFO  server.RaftServerConfigKeys (ConfUtils.java:logGet(43)) - raft.server.log.purge.gap = 1000000 (custom)
2019-10-14 14:56:59,862 [pool-227-thread-1] INFO  segmented.SegmentedRaftLogWorker (SegmentedRaftLogWorker.java:<init>(173)) - new 2b2a2bed-4f50-4c61-b8ad-f4f72c71dbde@group-CF2C2ECDC0F3-SegmentedRaftLogWorker for RaftStorage:Storage Directory /workdir/hadoop-ozone/integration-test/target/test-dir/MiniOzoneClusterImpl-5488152f-adca-46d8-995d-786b064aadbc/datanode-2/data/ratis/19a41687-90b2-4a67-811e-cf2c2ecdc0f3
2019-10-14 14:56:59,862 [pool-207-thread-1] INFO  server.RaftServerConfigKeys (ConfUtils.java:logGet(43)) - raft.server.log.purge.gap = 1000000 (custom)
2019-10-14 14:56:59,862 [pool-227-thread-1] INFO  server.RaftServerConfigKeys (ConfUtils.java:logGet(43)) - raft.server.log.queue.byte-limit = 2147483647 (custom)
2019-10-14 14:56:59,862 [pool-257-thread-1] INFO  server.RaftServerConfigKeys (ConfUtils.java:logGet(43)) - raft.server.log.appender.buffer.byte-limit = 33554432 (custom)
2019-10-14 14:56:59,862 [pool-227-thread-1] INFO  server.RaftServerConfigKeys (ConfUtils.java:logGet(43)) - raft.server.log.queue.element-limit = 1024 (custom)
2019-10-14 14:56:59,862 [pool-207-thread-1] INFO  server.RaftServerConfigKeys (ConfUtils.java:logGet(43)) - raft.server.log.appender.buffer.byte-limit = 33554432 (custom)
2019-10-14 14:56:59,863 [pool-227-thread-1] INFO  server.RaftServerConfigKeys (ConfUtils.java:logGet(43)) - raft.server.log.segment.size.max = 1048576 (custom)
2019-10-14 14:56:59,862 [pool-257-thread-1] INFO  server.RaftServerConfigKeys (ConfUtils.java:logGet(43)) - raft.server.log.segment.size.max = 1048576 (custom)
2019-10-14 14:56:59,863 [pool-227-thread-1] INFO  server.RaftServerConfigKeys (ConfUtils.java:logGet(43)) - raft.server.log.preallocated.size = 16384 (custom)
2019-10-14 14:56:59,863 [pool-207-thread-1] INFO  server.RaftServerConfigKeys (ConfUtils.java:logGet(43)) - raft.server.log.segment.size.max = 1048576 (custom)
2019-10-14 14:56:59,863 [pool-227-thread-1] INFO  server.RaftServerConfigKeys (ConfUtils.java:logGet(43)) - raft.server.log.write.buffer.size = 33554432 (custom)
2019-10-14 14:56:59,863 [pool-257-thread-1] INFO  server.RaftServerConfigKeys (ConfUtils.java:logGet(43)) - raft.server.log.segment.cache.num.max = 2 (custom)
2019-10-14 14:56:59,863 [pool-227-thread-1] INFO  server.RaftServerConfigKeys (ConfUtils.java:logGet(43)) - raft.server.log.force.sync.num = 128 (default)
2019-10-14 14:56:59,863 [pool-207-thread-1] INFO  server.RaftServerConfigKeys (ConfUtils.java:logGet(43)) - raft.server.log.segment.cache.num.max = 2 (custom)
2019-10-14 14:56:59,863 [pool-227-thread-1] INFO  server.RaftServerConfigKeys (ConfUtils.java:logGet(43)) - raft.server.log.statemachine.data.sync = true (default)
2019-10-14 14:56:59,863 [pool-257-thread-1] INFO  segmented.SegmentedRaftLogWorker (SegmentedRaftLogWorker.java:<init>(173)) - new cfe8f924-b5c6-4352-87f8-4041c06f1d5a@group-CF2C2ECDC0F3-SegmentedRaftLogWorker for RaftStorage:Storage Directory /workdir/hadoop-ozone/integration-test/target/test-dir/MiniOzoneClusterImpl-5488152f-adca-46d8-995d-786b064aadbc/datanode-5/data/ratis/19a41687-90b2-4a67-811e-cf2c2ecdc0f3
2019-10-14 14:56:59,864 [pool-227-thread-1] INFO  server.RaftServerConfigKeys (ConfUtils.java:logGet(43)) - raft.server.log.statemachine.data.sync.timeout = 10s (default)
2019-10-14 14:56:59,864 [pool-207-thread-1] INFO  segmented.SegmentedRaftLogWorker (SegmentedRaftLogWorker.java:<init>(173)) - new 990b5206-acaa-46d8-a99a-8196ac36b371@group-CF2C2ECDC0F3-SegmentedRaftLogWorker for RaftStorage:Storage Directory /workdir/hadoop-ozone/integration-test/target/test-dir/MiniOzoneClusterImpl-5488152f-adca-46d8-995d-786b064aadbc/datanode-0/data/ratis/19a41687-90b2-4a67-811e-cf2c2ecdc0f3
2019-10-14 14:56:59,864 [pool-227-thread-1] INFO  server.RaftServerConfigKeys (ConfUtils.java:logGet(43)) - raft.server.log.statemachine.data.sync.timeout.retry = -1 (default)
2019-10-14 14:56:59,864 [pool-257-thread-1] INFO  server.RaftServerConfigKeys (ConfUtils.java:logGet(43)) - raft.server.log.queue.byte-limit = 2147483647 (custom)
2019-10-14 14:56:59,864 [pool-227-thread-1] INFO  server.RaftServerConfigKeys (ConfUtils.java:logGet(43)) - raft.server.log.statemachine.data.caching.enabled = true (custom)
2019-10-14 14:56:59,864 [pool-207-thread-1] INFO  server.RaftServerConfigKeys (ConfUtils.java:logGet(43)) - raft.server.log.queue.byte-limit = 2147483647 (custom)
2019-10-14 14:56:59,864 [pool-257-thread-1] INFO  server.RaftServerConfigKeys (ConfUtils.java:logGet(43)) - raft.server.log.queue.element-limit = 1024 (custom)
2019-10-14 14:56:59,865 [pool-227-thread-1] INFO  segmented.SegmentedRaftLogWorker (SegmentedRaftLogWorker.java:lambda$new$0(128)) - 2b2a2bed-4f50-4c61-b8ad-f4f72c71dbde@group-CF2C2ECDC0F3-SegmentedRaftLogWorker: flushIndex: setUnconditionally 0 -> -1
2019-10-14 14:56:59,865 [pool-207-thread-1] INFO  server.RaftServerConfigKeys (ConfUtils.java:logGet(43)) - raft.server.log.queue.element-limit = 1024 (custom)
2019-10-14 14:56:59,865 [pool-257-thread-1] INFO  server.RaftServerConfigKeys (ConfUtils.java:logGet(43)) - raft.server.log.segment.size.max = 1048576 (custom)
2019-10-14 14:56:59,865 [pool-227-thread-1] INFO  server.RaftServerConfigKeys (ConfUtils.java:logGet(43)) - raft.server.snapshot.auto.trigger.enabled = true (custom)
2019-10-14 14:56:59,865 [pool-207-thread-1] INFO  server.RaftServerConfigKeys (ConfUtils.java:logGet(43)) - raft.server.log.segment.size.max = 1048576 (custom)
2019-10-14 14:56:59,865 [pool-227-thread-1] INFO  server.RaftServerConfigKeys (ConfUtils.java:logGet(43)) - raft.server.snapshot.auto.trigger.threshold = 10000 (custom)
2019-10-14 14:56:59,865 [pool-257-thread-1] INFO  server.RaftServerConfigKeys (ConfUtils.java:logGet(43)) - raft.server.log.preallocated.size = 16384 (custom)
2019-10-14 14:56:59,866 [pool-227-thread-1] INFO  server.RaftServerConfigKeys (ConfUtils.java:logGet(43)) - raft.server.snapshot.retention.file.num = 5 (custom)
2019-10-14 14:56:59,865 [pool-207-thread-1] INFO  server.RaftServerConfigKeys (ConfUtils.java:logGet(43)) - raft.server.log.preallocated.size = 16384 (custom)
2019-10-14 14:56:59,866 [pool-227-thread-1] INFO  server.RaftServerConfigKeys (ConfUtils.java:logGet(43)) - raft.server.retrycache.expirytime = 600000ms (custom)
2019-10-14 14:56:59,866 [pool-257-thread-1] INFO  server.RaftServerConfigKeys (ConfUtils.java:logGet(43)) - raft.server.log.write.buffer.size = 33554432 (custom)
2019-10-14 14:56:59,866 [pool-207-thread-1] INFO  server.RaftServerConfigKeys (ConfUtils.java:logGet(43)) - raft.server.log.write.buffer.size = 33554432 (custom)
2019-10-14 14:56:59,866 [pool-257-thread-1] INFO  server.RaftServerConfigKeys (ConfUtils.java:logGet(43)) - raft.server.log.force.sync.num = 128 (default)
2019-10-14 14:56:59,866 [pool-207-thread-1] INFO  server.RaftServerConfigKeys (ConfUtils.java:logGet(43)) - raft.server.log.force.sync.num = 128 (default)
2019-10-14 14:56:59,867 [pool-257-thread-1] INFO  server.RaftServerConfigKeys (ConfUtils.java:logGet(43)) - raft.server.log.statemachine.data.sync = true (default)
2019-10-14 14:56:59,867 [pool-207-thread-1] INFO  server.RaftServerConfigKeys (ConfUtils.java:logGet(43)) - raft.server.log.statemachine.data.sync = true (default)
2019-10-14 14:56:59,867 [pool-257-thread-1] INFO  server.RaftServerConfigKeys (ConfUtils.java:logGet(43)) - raft.server.log.statemachine.data.sync.timeout = 10s (default)
2019-10-14 14:56:59,867 [pool-207-thread-1] INFO  server.RaftServerConfigKeys (ConfUtils.java:logGet(43)) - raft.server.log.statemachine.data.sync.timeout = 10s (default)
2019-10-14 14:56:59,867 [pool-257-thread-1] INFO  server.RaftServerConfigKeys (ConfUtils.java:logGet(43)) - raft.server.log.statemachine.data.sync.timeout.retry = -1 (default)
2019-10-14 14:56:59,867 [pool-207-thread-1] INFO  server.RaftServerConfigKeys (ConfUtils.java:logGet(43)) - raft.server.log.statemachine.data.sync.timeout.retry = -1 (default)
2019-10-14 14:56:59,868 [pool-257-thread-1] INFO  server.RaftServerConfigKeys (ConfUtils.java:logGet(43)) - raft.server.log.statemachine.data.caching.enabled = true (custom)
2019-10-14 14:56:59,868 [pool-207-thread-1] INFO  server.RaftServerConfigKeys (ConfUtils.java:logGet(43)) - raft.server.log.statemachine.data.caching.enabled = true (custom)
2019-10-14 14:56:59,868 [pool-257-thread-1] INFO  segmented.SegmentedRaftLogWorker (SegmentedRaftLogWorker.java:lambda$new$0(128)) - cfe8f924-b5c6-4352-87f8-4041c06f1d5a@group-CF2C2ECDC0F3-SegmentedRaftLogWorker: flushIndex: setUnconditionally 0 -> -1
2019-10-14 14:56:59,868 [pool-207-thread-1] INFO  segmented.SegmentedRaftLogWorker (SegmentedRaftLogWorker.java:lambda$new$0(128)) - 990b5206-acaa-46d8-a99a-8196ac36b371@group-CF2C2ECDC0F3-SegmentedRaftLogWorker: flushIndex: setUnconditionally 0 -> -1
2019-10-14 14:56:59,868 [pool-257-thread-1] INFO  server.RaftServerConfigKeys (ConfUtils.java:logGet(43)) - raft.server.snapshot.auto.trigger.enabled = true (custom)
2019-10-14 14:56:59,868 [pool-227-thread-1] INFO  impl.RaftServerImpl (RaftServerImpl.java:start(181)) - 2b2a2bed-4f50-4c61-b8ad-f4f72c71dbde@group-CF2C2ECDC0F3: start as a follower, conf=-1: [2b2a2bed-4f50-4c61-b8ad-f4f72c71dbde:192.168.164.216:36646, cfe8f924-b5c6-4352-87f8-4041c06f1d5a:192.168.164.216:37133, 990b5206-acaa-46d8-a99a-8196ac36b371:192.168.164.216:46837], old=null
2019-10-14 14:56:59,869 [pool-257-thread-1] INFO  server.RaftServerConfigKeys (ConfUtils.java:logGet(43)) - raft.server.snapshot.auto.trigger.threshold = 10000 (custom)
2019-10-14 14:56:59,869 [pool-207-thread-1] INFO  server.RaftServerConfigKeys (ConfUtils.java:logGet(43)) - raft.server.snapshot.auto.trigger.enabled = true (custom)
2019-10-14 14:56:59,869 [pool-257-thread-1] INFO  server.RaftServerConfigKeys (ConfUtils.java:logGet(43)) - raft.server.snapshot.retention.file.num = 5 (custom)
2019-10-14 14:56:59,869 [pool-227-thread-1] INFO  impl.RaftServerImpl (RaftServerImpl.java:setRole(170)) - 2b2a2bed-4f50-4c61-b8ad-f4f72c71dbde@group-CF2C2ECDC0F3: changes role from      null to FOLLOWER at term 0 for startAsFollower
2019-10-14 14:56:59,869 [pool-257-thread-1] INFO  server.RaftServerConfigKeys (ConfUtils.java:logGet(43)) - raft.server.retrycache.expirytime = 600000ms (custom)
2019-10-14 14:56:59,869 [pool-207-thread-1] INFO  server.RaftServerConfigKeys (ConfUtils.java:logGet(43)) - raft.server.snapshot.auto.trigger.threshold = 10000 (custom)
2019-10-14 14:56:59,869 [pool-227-thread-1] INFO  impl.RoleInfo (RoleInfo.java:updateAndGet(143)) - 2b2a2bed-4f50-4c61-b8ad-f4f72c71dbde: start FollowerState
2019-10-14 14:56:59,869 [pool-207-thread-1] INFO  server.RaftServerConfigKeys (ConfUtils.java:logGet(43)) - raft.server.snapshot.retention.file.num = 5 (custom)
2019-10-14 14:56:59,870 [pool-207-thread-1] INFO  server.RaftServerConfigKeys (ConfUtils.java:logGet(43)) - raft.server.retrycache.expirytime = 600000ms (custom)
2019-10-14 14:56:59,870 [pool-227-thread-1] INFO  util.JmxRegister (JmxRegister.java:tryRegister(44)) - Successfully registered JMX Bean with object name Ratis:service=RaftServer,group=group-CF2C2ECDC0F3,id=2b2a2bed-4f50-4c61-b8ad-f4f72c71dbde
2019-10-14 14:56:59,874 [pool-257-thread-1] INFO  impl.RaftServerImpl (RaftServerImpl.java:start(181)) - cfe8f924-b5c6-4352-87f8-4041c06f1d5a@group-CF2C2ECDC0F3: start as a follower, conf=-1: [2b2a2bed-4f50-4c61-b8ad-f4f72c71dbde:192.168.164.216:36646, cfe8f924-b5c6-4352-87f8-4041c06f1d5a:192.168.164.216:37133, 990b5206-acaa-46d8-a99a-8196ac36b371:192.168.164.216:46837], old=null
2019-10-14 14:56:59,874 [pool-257-thread-1] INFO  impl.RaftServerImpl (RaftServerImpl.java:setRole(170)) - cfe8f924-b5c6-4352-87f8-4041c06f1d5a@group-CF2C2ECDC0F3: changes role from      null to FOLLOWER at term 0 for startAsFollower
2019-10-14 14:56:59,874 [pool-257-thread-1] INFO  impl.RoleInfo (RoleInfo.java:updateAndGet(143)) - cfe8f924-b5c6-4352-87f8-4041c06f1d5a: start FollowerState
2019-10-14 14:56:59,874 [pool-207-thread-1] INFO  impl.RaftServerImpl (RaftServerImpl.java:start(181)) - 990b5206-acaa-46d8-a99a-8196ac36b371@group-CF2C2ECDC0F3: start as a follower, conf=-1: [2b2a2bed-4f50-4c61-b8ad-f4f72c71dbde:192.168.164.216:36646, cfe8f924-b5c6-4352-87f8-4041c06f1d5a:192.168.164.216:37133, 990b5206-acaa-46d8-a99a-8196ac36b371:192.168.164.216:46837], old=null
2019-10-14 14:56:59,874 [pool-207-thread-1] INFO  impl.RaftServerImpl (RaftServerImpl.java:setRole(170)) - 990b5206-acaa-46d8-a99a-8196ac36b371@group-CF2C2ECDC0F3: changes role from      null to FOLLOWER at term 0 for startAsFollower
2019-10-14 14:56:59,875 [pool-257-thread-1] INFO  util.JmxRegister (JmxRegister.java:tryRegister(44)) - Successfully registered JMX Bean with object name Ratis:service=RaftServer,group=group-CF2C2ECDC0F3,id=cfe8f924-b5c6-4352-87f8-4041c06f1d5a
2019-10-14 14:56:59,875 [pool-207-thread-1] INFO  impl.RoleInfo (RoleInfo.java:updateAndGet(143)) - 990b5206-acaa-46d8-a99a-8196ac36b371: start FollowerState
2019-10-14 14:56:59,875 [pool-207-thread-1] INFO  util.JmxRegister (JmxRegister.java:tryRegister(44)) - Successfully registered JMX Bean with object name Ratis:service=RaftServer,group=group-CF2C2ECDC0F3,id=990b5206-acaa-46d8-a99a-8196ac36b371
2019-10-14 14:56:59,891 [RatisPipelineUtilsThread] INFO  pipeline.PipelineStateManager (PipelineStateManager.java:addPipeline(56)) - Created pipeline Pipeline[ Id: 19a41687-90b2-4a67-811e-cf2c2ecdc0f3, Nodes: 2b2a2bed-4f50-4c61-b8ad-f4f72c71dbde{ip: 192.168.164.216, host: dev-nightly-20191014-2mv7m-2951356099, networkLocation: /default-rack, certSerialId: null}990b5206-acaa-46d8-a99a-8196ac36b371{ip: 192.168.164.216, host: dev-nightly-20191014-2mv7m-2951356099, networkLocation: /default-rack, certSerialId: null}cfe8f924-b5c6-4352-87f8-4041c06f1d5a{ip: 192.168.164.216, host: dev-nightly-20191014-2mv7m-2951356099, networkLocation: /default-rack, certSerialId: null}, Type:RATIS, Factor:THREE, State:OPEN]
2019-10-14 14:56:59,920 [grpc-default-executor-1] INFO  impl.RaftServerProxy (RaftServerProxy.java:addNew(89)) - eb2213f5-8de5-47d4-9ccd-272001a7f7ca: addNew group-78B5C9BA7576:[eb2213f5-8de5-47d4-9ccd-272001a7f7ca:192.168.164.216:33395, bd7d5c6b-fdd1-4b36-b626-bcc9c7d2e579:192.168.164.216:34670, 01942dc3-32e1-416a-9d10-e82c77b83c8d:192.168.164.216:38464] returns group-78B5C9BA7576:java.util.concurrent.CompletableFuture@27a387ea[Not completed]
2019-10-14 14:56:59,920 [grpc-default-executor-4] INFO  impl.RaftServerProxy (RaftServerProxy.java:addNew(89)) - 01942dc3-32e1-416a-9d10-e82c77b83c8d: addNew group-78B5C9BA7576:[eb2213f5-8de5-47d4-9ccd-272001a7f7ca:192.168.164.216:33395, bd7d5c6b-fdd1-4b36-b626-bcc9c7d2e579:192.168.164.216:34670, 01942dc3-32e1-416a-9d10-e82c77b83c8d:192.168.164.216:38464] returns group-78B5C9BA7576:java.util.concurrent.CompletableFuture@1124f352[Not completed]
2019-10-14 14:56:59,920 [grpc-default-executor-2] INFO  impl.RaftServerProxy (RaftServerProxy.java:addNew(89)) - bd7d5c6b-fdd1-4b36-b626-bcc9c7d2e579: addNew group-78B5C9BA7576:[eb2213f5-8de5-47d4-9ccd-272001a7f7ca:192.168.164.216:33395, bd7d5c6b-fdd1-4b36-b626-bcc9c7d2e579:192.168.164.216:34670, 01942dc3-32e1-416a-9d10-e82c77b83c8d:192.168.164.216:38464] returns group-78B5C9BA7576:java.util.concurrent.CompletableFuture@9c7cc36[Not completed]
2019-10-14 14:56:59,925 [pool-217-thread-1] INFO  impl.RaftServerImpl (RaftServerImpl.java:<init>(95)) - 01942dc3-32e1-416a-9d10-e82c77b83c8d: new RaftServerImpl for group-78B5C9BA7576:[eb2213f5-8de5-47d4-9ccd-272001a7f7ca:192.168.164.216:33395, bd7d5c6b-fdd1-4b36-b626-bcc9c7d2e579:192.168.164.216:34670, 01942dc3-32e1-416a-9d10-e82c77b83c8d:192.168.164.216:38464] with ContainerStateMachine:uninitialized
2019-10-14 14:56:59,925 [pool-217-thread-1] INFO  server.RaftServerConfigKeys (ConfUtils.java:logGet(43)) - raft.server.rpc.timeout.min = 5s (custom)
2019-10-14 14:56:59,925 [pool-217-thread-1] INFO  server.RaftServerConfigKeys (ConfUtils.java:logGet(43)) - raft.server.rpc.timeout.max = 5200ms (custom)
2019-10-14 14:56:59,925 [pool-217-thread-1] INFO  server.RaftServerConfigKeys (ConfUtils.java:logGet(43)) - raft.server.rpcslowness.timeout = 120s (custom)
2019-10-14 14:56:59,925 [pool-217-thread-1] INFO  server.RaftServerConfigKeys (ConfUtils.java:logGet(43)) - raft.server.sleep.deviation.threshold = 300 (default)
2019-10-14 14:56:59,925 [pool-267-thread-1] INFO  impl.RaftServerImpl (RaftServerImpl.java:<init>(95)) - eb2213f5-8de5-47d4-9ccd-272001a7f7ca: new RaftServerImpl for group-78B5C9BA7576:[eb2213f5-8de5-47d4-9ccd-272001a7f7ca:192.168.164.216:33395, bd7d5c6b-fdd1-4b36-b626-bcc9c7d2e579:192.168.164.216:34670, 01942dc3-32e1-416a-9d10-e82c77b83c8d:192.168.164.216:38464] with ContainerStateMachine:uninitialized
2019-10-14 14:56:59,925 [pool-217-thread-1] INFO  server.RaftServerConfigKeys (ConfUtils.java:logGet(43)) - raft.server.log.appender.install.snapshot.enabled = false (custom)
2019-10-14 14:56:59,925 [pool-267-thread-1] INFO  server.RaftServerConfigKeys (ConfUtils.java:logGet(43)) - raft.server.rpc.timeout.min = 5s (custom)
2019-10-14 14:56:59,926 [pool-217-thread-1] INFO  impl.RaftServerImpl (ServerState.java:<init>(103)) - 01942dc3-32e1-416a-9d10-e82c77b83c8d@group-78B5C9BA7576: ConfigurationManager, init=-1: [eb2213f5-8de5-47d4-9ccd-272001a7f7ca:192.168.164.216:33395, bd7d5c6b-fdd1-4b36-b626-bcc9c7d2e579:192.168.164.216:34670, 01942dc3-32e1-416a-9d10-e82c77b83c8d:192.168.164.216:38464], old=null, confs=<EMPTY_MAP>
2019-10-14 14:56:59,926 [pool-267-thread-1] INFO  server.RaftServerConfigKeys (ConfUtils.java:logGet(43)) - raft.server.rpc.timeout.max = 5200ms (custom)
2019-10-14 14:56:59,926 [pool-217-thread-1] INFO  server.RaftServerConfigKeys (ConfUtils.java:logGet(43)) - raft.server.storage.dir = [/workdir/hadoop-ozone/integration-test/target/test-dir/MiniOzoneClusterImpl-5488152f-adca-46d8-995d-786b064aadbc/datanode-1/data/ratis] (custom)
2019-10-14 14:56:59,926 [pool-267-thread-1] INFO  server.RaftServerConfigKeys (ConfUtils.java:logGet(43)) - raft.server.rpcslowness.timeout = 120s (custom)
2019-10-14 14:56:59,926 [pool-217-thread-1] INFO  server.RaftServerConfigKeys (ConfUtils.java:logGet(43)) - raft.server.log.corruption.policy = EXCEPTION (default)
2019-10-14 14:56:59,926 [pool-267-thread-1] INFO  server.RaftServerConfigKeys (ConfUtils.java:logGet(43)) - raft.server.sleep.deviation.threshold = 300 (default)
2019-10-14 14:56:59,926 [pool-217-thread-1] INFO  storage.RaftStorageDirectory (RaftStorageDirectory.java:analyzeStorage(246)) - The storage directory /workdir/hadoop-ozone/integration-test/target/test-dir/MiniOzoneClusterImpl-5488152f-adca-46d8-995d-786b064aadbc/datanode-1/data/ratis/8a2ac78e-586d-463e-9971-78b5c9ba7576 does not exist. Creating ...
2019-10-14 14:56:59,927 [pool-247-thread-1] INFO  impl.RaftServerImpl (RaftServerImpl.java:<init>(95)) - bd7d5c6b-fdd1-4b36-b626-bcc9c7d2e579: new RaftServerImpl for group-78B5C9BA7576:[eb2213f5-8de5-47d4-9ccd-272001a7f7ca:192.168.164.216:33395, bd7d5c6b-fdd1-4b36-b626-bcc9c7d2e579:192.168.164.216:34670, 01942dc3-32e1-416a-9d10-e82c77b83c8d:192.168.164.216:38464] with ContainerStateMachine:uninitialized
2019-10-14 14:56:59,927 [pool-267-thread-1] INFO  server.RaftServerConfigKeys (ConfUtils.java:logGet(43)) - raft.server.log.appender.install.snapshot.enabled = false (custom)
2019-10-14 14:56:59,927 [pool-247-thread-1] INFO  server.RaftServerConfigKeys (ConfUtils.java:logGet(43)) - raft.server.rpc.timeout.min = 5s (custom)
2019-10-14 14:56:59,927 [pool-267-thread-1] INFO  impl.RaftServerImpl (ServerState.java:<init>(103)) - eb2213f5-8de5-47d4-9ccd-272001a7f7ca@group-78B5C9BA7576: ConfigurationManager, init=-1: [eb2213f5-8de5-47d4-9ccd-272001a7f7ca:192.168.164.216:33395, bd7d5c6b-fdd1-4b36-b626-bcc9c7d2e579:192.168.164.216:34670, 01942dc3-32e1-416a-9d10-e82c77b83c8d:192.168.164.216:38464], old=null, confs=<EMPTY_MAP>
2019-10-14 14:56:59,927 [pool-247-thread-1] INFO  server.RaftServerConfigKeys (ConfUtils.java:logGet(43)) - raft.server.rpc.timeout.max = 5200ms (custom)
2019-10-14 14:56:59,927 [pool-267-thread-1] INFO  server.RaftServerConfigKeys (ConfUtils.java:logGet(43)) - raft.server.storage.dir = [/workdir/hadoop-ozone/integration-test/target/test-dir/MiniOzoneClusterImpl-5488152f-adca-46d8-995d-786b064aadbc/datanode-6/data/ratis] (custom)
2019-10-14 14:56:59,927 [pool-247-thread-1] INFO  server.RaftServerConfigKeys (ConfUtils.java:logGet(43)) - raft.server.rpcslowness.timeout = 120s (custom)
2019-10-14 14:56:59,928 [pool-247-thread-1] INFO  server.RaftServerConfigKeys (ConfUtils.java:logGet(43)) - raft.server.sleep.deviation.threshold = 300 (default)
2019-10-14 14:56:59,928 [pool-267-thread-1] INFO  server.RaftServerConfigKeys (ConfUtils.java:logGet(43)) - raft.server.log.corruption.policy = EXCEPTION (default)
2019-10-14 14:56:59,928 [pool-247-thread-1] INFO  server.RaftServerConfigKeys (ConfUtils.java:logGet(43)) - raft.server.log.appender.install.snapshot.enabled = false (custom)
2019-10-14 14:56:59,928 [pool-267-thread-1] INFO  storage.RaftStorageDirectory (RaftStorageDirectory.java:analyzeStorage(246)) - The storage directory /workdir/hadoop-ozone/integration-test/target/test-dir/MiniOzoneClusterImpl-5488152f-adca-46d8-995d-786b064aadbc/datanode-6/data/ratis/8a2ac78e-586d-463e-9971-78b5c9ba7576 does not exist. Creating ...
2019-10-14 14:56:59,928 [pool-247-thread-1] INFO  impl.RaftServerImpl (ServerState.java:<init>(103)) - bd7d5c6b-fdd1-4b36-b626-bcc9c7d2e579@group-78B5C9BA7576: ConfigurationManager, init=-1: [eb2213f5-8de5-47d4-9ccd-272001a7f7ca:192.168.164.216:33395, bd7d5c6b-fdd1-4b36-b626-bcc9c7d2e579:192.168.164.216:34670, 01942dc3-32e1-416a-9d10-e82c77b83c8d:192.168.164.216:38464], old=null, confs=<EMPTY_MAP>
2019-10-14 14:56:59,929 [pool-247-thread-1] INFO  server.RaftServerConfigKeys (ConfUtils.java:logGet(43)) - raft.server.storage.dir = [/workdir/hadoop-ozone/integration-test/target/test-dir/MiniOzoneClusterImpl-5488152f-adca-46d8-995d-786b064aadbc/datanode-4/data/ratis] (custom)
2019-10-14 14:56:59,929 [pool-247-thread-1] INFO  server.RaftServerConfigKeys (ConfUtils.java:logGet(43)) - raft.server.log.corruption.policy = EXCEPTION (default)
2019-10-14 14:56:59,929 [pool-247-thread-1] INFO  storage.RaftStorageDirectory (RaftStorageDirectory.java:analyzeStorage(246)) - The storage directory /workdir/hadoop-ozone/integration-test/target/test-dir/MiniOzoneClusterImpl-5488152f-adca-46d8-995d-786b064aadbc/datanode-4/data/ratis/8a2ac78e-586d-463e-9971-78b5c9ba7576 does not exist. Creating ...
2019-10-14 14:56:59,951 [pool-247-thread-1] INFO  storage.RaftStorageDirectory (RaftStorageDirectory.java:tryLock(328)) - Lock on /workdir/hadoop-ozone/integration-test/target/test-dir/MiniOzoneClusterImpl-5488152f-adca-46d8-995d-786b064aadbc/datanode-4/data/ratis/8a2ac78e-586d-463e-9971-78b5c9ba7576/in_use.lock acquired by nodename 16817@dev-nightly-20191014-2mv7m-2951356099
2019-10-14 14:56:59,951 [pool-267-thread-1] INFO  storage.RaftStorageDirectory (RaftStorageDirectory.java:tryLock(328)) - Lock on /workdir/hadoop-ozone/integration-test/target/test-dir/MiniOzoneClusterImpl-5488152f-adca-46d8-995d-786b064aadbc/datanode-6/data/ratis/8a2ac78e-586d-463e-9971-78b5c9ba7576/in_use.lock acquired by nodename 16817@dev-nightly-20191014-2mv7m-2951356099
2019-10-14 14:56:59,951 [pool-217-thread-1] INFO  storage.RaftStorageDirectory (RaftStorageDirectory.java:tryLock(328)) - Lock on /workdir/hadoop-ozone/integration-test/target/test-dir/MiniOzoneClusterImpl-5488152f-adca-46d8-995d-786b064aadbc/datanode-1/data/ratis/8a2ac78e-586d-463e-9971-78b5c9ba7576/in_use.lock acquired by nodename 16817@dev-nightly-20191014-2mv7m-2951356099
2019-10-14 14:56:59,977 [pool-247-thread-1] INFO  storage.RaftStorage (RaftStorage.java:format(84)) - Storage directory /workdir/hadoop-ozone/integration-test/target/test-dir/MiniOzoneClusterImpl-5488152f-adca-46d8-995d-786b064aadbc/datanode-4/data/ratis/8a2ac78e-586d-463e-9971-78b5c9ba7576 has been successfully formatted.
2019-10-14 14:56:59,977 [pool-267-thread-1] INFO  storage.RaftStorage (RaftStorage.java:format(84)) - Storage directory /workdir/hadoop-ozone/integration-test/target/test-dir/MiniOzoneClusterImpl-5488152f-adca-46d8-995d-786b064aadbc/datanode-6/data/ratis/8a2ac78e-586d-463e-9971-78b5c9ba7576 has been successfully formatted.
2019-10-14 14:56:59,977 [pool-217-thread-1] INFO  storage.RaftStorage (RaftStorage.java:format(84)) - Storage directory /workdir/hadoop-ozone/integration-test/target/test-dir/MiniOzoneClusterImpl-5488152f-adca-46d8-995d-786b064aadbc/datanode-1/data/ratis/8a2ac78e-586d-463e-9971-78b5c9ba7576 has been successfully formatted.
2019-10-14 14:56:59,978 [pool-267-thread-1] INFO  ratis.ContainerStateMachine (ContainerStateMachine.java:loadSnapshot(231)) - group-78B5C9BA7576: The snapshot info is null. Setting the last applied indexto:(t:0, i:~)
2019-10-14 14:56:59,978 [pool-247-thread-1] INFO  ratis.ContainerStateMachine (ContainerStateMachine.java:loadSnapshot(231)) - group-78B5C9BA7576: The snapshot info is null. Setting the last applied indexto:(t:0, i:~)
2019-10-14 14:56:59,978 [pool-267-thread-1] INFO  server.RaftServerConfigKeys (ConfUtils.java:logGet(43)) - raft.server.notification.no-leader.timeout = 120s (custom)
2019-10-14 14:56:59,978 [pool-217-thread-1] INFO  ratis.ContainerStateMachine (ContainerStateMachine.java:loadSnapshot(231)) - group-78B5C9BA7576: The snapshot info is null. Setting the last applied indexto:(t:0, i:~)
2019-10-14 14:56:59,978 [pool-267-thread-1] INFO  server.RaftServerConfigKeys (ConfUtils.java:logGet(43)) - raft.server.log.use.memory = false (default)
2019-10-14 14:56:59,978 [pool-247-thread-1] INFO  server.RaftServerConfigKeys (ConfUtils.java:logGet(43)) - raft.server.notification.no-leader.timeout = 120s (custom)
2019-10-14 14:56:59,978 [pool-267-thread-1] INFO  server.RaftServerConfigKeys (ConfUtils.java:logGet(43)) - raft.server.log.purge.gap = 1000000 (custom)
2019-10-14 14:56:59,978 [pool-217-thread-1] INFO  server.RaftServerConfigKeys (ConfUtils.java:logGet(43)) - raft.server.notification.no-leader.timeout = 120s (custom)
2019-10-14 14:56:59,979 [pool-267-thread-1] INFO  server.RaftServerConfigKeys (ConfUtils.java:logGet(43)) - raft.server.log.appender.buffer.byte-limit = 33554432 (custom)
2019-10-14 14:56:59,979 [pool-247-thread-1] INFO  server.RaftServerConfigKeys (ConfUtils.java:logGet(43)) - raft.server.log.use.memory = false (default)
2019-10-14 14:56:59,979 [pool-267-thread-1] INFO  server.RaftServerConfigKeys (ConfUtils.java:logGet(43)) - raft.server.log.segment.size.max = 1048576 (custom)
2019-10-14 14:56:59,979 [pool-217-thread-1] INFO  server.RaftServerConfigKeys (ConfUtils.java:logGet(43)) - raft.server.log.use.memory = false (default)
2019-10-14 14:56:59,979 [pool-267-thread-1] INFO  server.RaftServerConfigKeys (ConfUtils.java:logGet(43)) - raft.server.log.segment.cache.num.max = 2 (custom)
2019-10-14 14:56:59,979 [pool-247-thread-1] INFO  server.RaftServerConfigKeys (ConfUtils.java:logGet(43)) - raft.server.log.purge.gap = 1000000 (custom)
2019-10-14 14:56:59,979 [pool-267-thread-1] INFO  segmented.SegmentedRaftLogWorker (SegmentedRaftLogWorker.java:<init>(173)) - new eb2213f5-8de5-47d4-9ccd-272001a7f7ca@group-78B5C9BA7576-SegmentedRaftLogWorker for RaftStorage:Storage Directory /workdir/hadoop-ozone/integration-test/target/test-dir/MiniOzoneClusterImpl-5488152f-adca-46d8-995d-786b064aadbc/datanode-6/data/ratis/8a2ac78e-586d-463e-9971-78b5c9ba7576
2019-10-14 14:56:59,979 [pool-217-thread-1] INFO  server.RaftServerConfigKeys (ConfUtils.java:logGet(43)) - raft.server.log.purge.gap = 1000000 (custom)
2019-10-14 14:56:59,980 [pool-267-thread-1] INFO  server.RaftServerConfigKeys (ConfUtils.java:logGet(43)) - raft.server.log.queue.byte-limit = 2147483647 (custom)
2019-10-14 14:56:59,980 [pool-267-thread-1] INFO  server.RaftServerConfigKeys (ConfUtils.java:logGet(43)) - raft.server.log.queue.element-limit = 1024 (custom)
2019-10-14 14:56:59,980 [pool-247-thread-1] INFO  server.RaftServerConfigKeys (ConfUtils.java:logGet(43)) - raft.server.log.appender.buffer.byte-limit = 33554432 (custom)
2019-10-14 14:56:59,980 [pool-267-thread-1] INFO  server.RaftServerConfigKeys (ConfUtils.java:logGet(43)) - raft.server.log.segment.size.max = 1048576 (custom)
2019-10-14 14:56:59,980 [pool-217-thread-1] INFO  server.RaftServerConfigKeys (ConfUtils.java:logGet(43)) - raft.server.log.appender.buffer.byte-limit = 33554432 (custom)
2019-10-14 14:56:59,980 [pool-267-thread-1] INFO  server.RaftServerConfigKeys (ConfUtils.java:logGet(43)) - raft.server.log.preallocated.size = 16384 (custom)
2019-10-14 14:56:59,981 [pool-267-thread-1] INFO  server.RaftServerConfigKeys (ConfUtils.java:logGet(43)) - raft.server.log.write.buffer.size = 33554432 (custom)
2019-10-14 14:56:59,980 [pool-247-thread-1] INFO  server.RaftServerConfigKeys (ConfUtils.java:logGet(43)) - raft.server.log.segment.size.max = 1048576 (custom)
2019-10-14 14:56:59,981 [pool-267-thread-1] INFO  server.RaftServerConfigKeys (ConfUtils.java:logGet(43)) - raft.server.log.force.sync.num = 128 (default)
2019-10-14 14:56:59,980 [pool-217-thread-1] INFO  server.RaftServerConfigKeys (ConfUtils.java:logGet(43)) - raft.server.log.segment.size.max = 1048576 (custom)
2019-10-14 14:56:59,981 [pool-267-thread-1] INFO  server.RaftServerConfigKeys (ConfUtils.java:logGet(43)) - raft.server.log.statemachine.data.sync = true (default)
2019-10-14 14:56:59,981 [pool-247-thread-1] INFO  server.RaftServerConfigKeys (ConfUtils.java:logGet(43)) - raft.server.log.segment.cache.num.max = 2 (custom)
2019-10-14 14:56:59,981 [pool-267-thread-1] INFO  server.RaftServerConfigKeys (ConfUtils.java:logGet(43)) - raft.server.log.statemachine.data.sync.timeout = 10s (default)
2019-10-14 14:56:59,981 [pool-217-thread-1] INFO  server.RaftServerConfigKeys (ConfUtils.java:logGet(43)) - raft.server.log.segment.cache.num.max = 2 (custom)
2019-10-14 14:56:59,981 [pool-267-thread-1] INFO  server.RaftServerConfigKeys (ConfUtils.java:logGet(43)) - raft.server.log.statemachine.data.sync.timeout.retry = -1 (default)
2019-10-14 14:56:59,981 [pool-247-thread-1] INFO  segmented.SegmentedRaftLogWorker (SegmentedRaftLogWorker.java:<init>(173)) - new bd7d5c6b-fdd1-4b36-b626-bcc9c7d2e579@group-78B5C9BA7576-SegmentedRaftLogWorker for RaftStorage:Storage Directory /workdir/hadoop-ozone/integration-test/target/test-dir/MiniOzoneClusterImpl-5488152f-adca-46d8-995d-786b064aadbc/datanode-4/data/ratis/8a2ac78e-586d-463e-9971-78b5c9ba7576
2019-10-14 14:56:59,982 [pool-217-thread-1] INFO  segmented.SegmentedRaftLogWorker (SegmentedRaftLogWorker.java:<init>(173)) - new 01942dc3-32e1-416a-9d10-e82c77b83c8d@group-78B5C9BA7576-SegmentedRaftLogWorker for RaftStorage:Storage Directory /workdir/hadoop-ozone/integration-test/target/test-dir/MiniOzoneClusterImpl-5488152f-adca-46d8-995d-786b064aadbc/datanode-1/data/ratis/8a2ac78e-586d-463e-9971-78b5c9ba7576
2019-10-14 14:56:59,982 [pool-267-thread-1] INFO  server.RaftServerConfigKeys (ConfUtils.java:logGet(43)) - raft.server.log.statemachine.data.caching.enabled = true (custom)
2019-10-14 14:56:59,982 [pool-247-thread-1] INFO  server.RaftServerConfigKeys (ConfUtils.java:logGet(43)) - raft.server.log.queue.byte-limit = 2147483647 (custom)
2019-10-14 14:56:59,982 [pool-217-thread-1] INFO  server.RaftServerConfigKeys (ConfUtils.java:logGet(43)) - raft.server.log.queue.byte-limit = 2147483647 (custom)
2019-10-14 14:56:59,982 [pool-247-thread-1] INFO  server.RaftServerConfigKeys (ConfUtils.java:logGet(43)) - raft.server.log.queue.element-limit = 1024 (custom)
2019-10-14 14:56:59,982 [pool-267-thread-1] INFO  segmented.SegmentedRaftLogWorker (SegmentedRaftLogWorker.java:lambda$new$0(128)) - eb2213f5-8de5-47d4-9ccd-272001a7f7ca@group-78B5C9BA7576-SegmentedRaftLogWorker: flushIndex: setUnconditionally 0 -> -1
2019-10-14 14:56:59,982 [pool-217-thread-1] INFO  server.RaftServerConfigKeys (ConfUtils.java:logGet(43)) - raft.server.log.queue.element-limit = 1024 (custom)
2019-10-14 14:56:59,982 [pool-247-thread-1] INFO  server.RaftServerConfigKeys (ConfUtils.java:logGet(43)) - raft.server.log.segment.size.max = 1048576 (custom)
2019-10-14 14:56:59,983 [pool-217-thread-1] INFO  server.RaftServerConfigKeys (ConfUtils.java:logGet(43)) - raft.server.log.segment.size.max = 1048576 (custom)
2019-10-14 14:56:59,983 [pool-267-thread-1] INFO  server.RaftServerConfigKeys (ConfUtils.java:logGet(43)) - raft.server.snapshot.auto.trigger.enabled = true (custom)
2019-10-14 14:56:59,983 [pool-217-thread-1] INFO  server.RaftServerConfigKeys (ConfUtils.java:logGet(43)) - raft.server.log.preallocated.size = 16384 (custom)
2019-10-14 14:56:59,983 [pool-247-thread-1] INFO  server.RaftServerConfigKeys (ConfUtils.java:logGet(43)) - raft.server.log.preallocated.size = 16384 (custom)
2019-10-14 14:56:59,983 [pool-217-thread-1] INFO  server.RaftServerConfigKeys (ConfUtils.java:logGet(43)) - raft.server.log.write.buffer.size = 33554432 (custom)
2019-10-14 14:56:59,983 [pool-267-thread-1] INFO  server.RaftServerConfigKeys (ConfUtils.java:logGet(43)) - raft.server.snapshot.auto.trigger.threshold = 10000 (custom)
2019-10-14 14:56:59,983 [pool-217-thread-1] INFO  server.RaftServerConfigKeys (ConfUtils.java:logGet(43)) - raft.server.log.force.sync.num = 128 (default)
2019-10-14 14:56:59,984 [pool-217-thread-1] INFO  server.RaftServerConfigKeys (ConfUtils.java:logGet(43)) - raft.server.log.statemachine.data.sync = true (default)
2019-10-14 14:56:59,983 [pool-247-thread-1] INFO  server.RaftServerConfigKeys (ConfUtils.java:logGet(43)) - raft.server.log.write.buffer.size = 33554432 (custom)
2019-10-14 14:56:59,984 [pool-217-thread-1] INFO  server.RaftServerConfigKeys (ConfUtils.java:logGet(43)) - raft.server.log.statemachine.data.sync.timeout = 10s (default)
2019-10-14 14:56:59,983 [pool-267-thread-1] INFO  server.RaftServerConfigKeys (ConfUtils.java:logGet(43)) - raft.server.snapshot.retention.file.num = 5 (custom)
2019-10-14 14:56:59,984 [pool-217-thread-1] INFO  server.RaftServerConfigKeys (ConfUtils.java:logGet(43)) - raft.server.log.statemachine.data.sync.timeout.retry = -1 (default)
2019-10-14 14:56:59,984 [pool-247-thread-1] INFO  server.RaftServerConfigKeys (ConfUtils.java:logGet(43)) - raft.server.log.force.sync.num = 128 (default)
2019-10-14 14:56:59,984 [pool-217-thread-1] INFO  server.RaftServerConfigKeys (ConfUtils.java:logGet(43)) - raft.server.log.statemachine.data.caching.enabled = true (custom)
2019-10-14 14:56:59,984 [pool-267-thread-1] INFO  server.RaftServerConfigKeys (ConfUtils.java:logGet(43)) - raft.server.retrycache.expirytime = 600000ms (custom)
2019-10-14 14:56:59,985 [pool-217-thread-1] INFO  segmented.SegmentedRaftLogWorker (SegmentedRaftLogWorker.java:lambda$new$0(128)) - 01942dc3-32e1-416a-9d10-e82c77b83c8d@group-78B5C9BA7576-SegmentedRaftLogWorker: flushIndex: setUnconditionally 0 -> -1
2019-10-14 14:56:59,984 [pool-247-thread-1] INFO  server.RaftServerConfigKeys (ConfUtils.java:logGet(43)) - raft.server.log.statemachine.data.sync = true (default)
2019-10-14 14:56:59,985 [pool-247-thread-1] INFO  server.RaftServerConfigKeys (ConfUtils.java:logGet(43)) - raft.server.log.statemachine.data.sync.timeout = 10s (default)
2019-10-14 14:56:59,985 [pool-247-thread-1] INFO  server.RaftServerConfigKeys (ConfUtils.java:logGet(43)) - raft.server.log.statemachine.data.sync.timeout.retry = -1 (default)
2019-10-14 14:56:59,985 [pool-217-thread-1] INFO  server.RaftServerConfigKeys (ConfUtils.java:logGet(43)) - raft.server.snapshot.auto.trigger.enabled = true (custom)
2019-10-14 14:56:59,985 [pool-247-thread-1] INFO  server.RaftServerConfigKeys (ConfUtils.java:logGet(43)) - raft.server.log.statemachine.data.caching.enabled = true (custom)
2019-10-14 14:56:59,985 [pool-217-thread-1] INFO  server.RaftServerConfigKeys (ConfUtils.java:logGet(43)) - raft.server.snapshot.auto.trigger.threshold = 10000 (custom)
2019-10-14 14:56:59,985 [pool-247-thread-1] INFO  segmented.SegmentedRaftLogWorker (SegmentedRaftLogWorker.java:lambda$new$0(128)) - bd7d5c6b-fdd1-4b36-b626-bcc9c7d2e579@group-78B5C9BA7576-SegmentedRaftLogWorker: flushIndex: setUnconditionally 0 -> -1
2019-10-14 14:56:59,986 [pool-217-thread-1] INFO  server.RaftServerConfigKeys (ConfUtils.java:logGet(43)) - raft.server.snapshot.retention.file.num = 5 (custom)
2019-10-14 14:56:59,986 [pool-217-thread-1] INFO  server.RaftServerConfigKeys (ConfUtils.java:logGet(43)) - raft.server.retrycache.expirytime = 600000ms (custom)
2019-10-14 14:56:59,986 [pool-247-thread-1] INFO  server.RaftServerConfigKeys (ConfUtils.java:logGet(43)) - raft.server.snapshot.auto.trigger.enabled = true (custom)
2019-10-14 14:56:59,986 [pool-247-thread-1] INFO  server.RaftServerConfigKeys (ConfUtils.java:logGet(43)) - raft.server.snapshot.auto.trigger.threshold = 10000 (custom)
2019-10-14 14:56:59,986 [pool-247-thread-1] INFO  server.RaftServerConfigKeys (ConfUtils.java:logGet(43)) - raft.server.snapshot.retention.file.num = 5 (custom)
2019-10-14 14:56:59,986 [pool-247-thread-1] INFO  server.RaftServerConfigKeys (ConfUtils.java:logGet(43)) - raft.server.retrycache.expirytime = 600000ms (custom)
2019-10-14 14:56:59,990 [pool-267-thread-1] INFO  impl.RaftServerImpl (RaftServerImpl.java:start(181)) - eb2213f5-8de5-47d4-9ccd-272001a7f7ca@group-78B5C9BA7576: start as a follower, conf=-1: [eb2213f5-8de5-47d4-9ccd-272001a7f7ca:192.168.164.216:33395, bd7d5c6b-fdd1-4b36-b626-bcc9c7d2e579:192.168.164.216:34670, 01942dc3-32e1-416a-9d10-e82c77b83c8d:192.168.164.216:38464], old=null
2019-10-14 14:56:59,990 [pool-247-thread-1] INFO  impl.RaftServerImpl (RaftServerImpl.java:start(181)) - bd7d5c6b-fdd1-4b36-b626-bcc9c7d2e579@group-78B5C9BA7576: start as a follower, conf=-1: [eb2213f5-8de5-47d4-9ccd-272001a7f7ca:192.168.164.216:33395, bd7d5c6b-fdd1-4b36-b626-bcc9c7d2e579:192.168.164.216:34670, 01942dc3-32e1-416a-9d10-e82c77b83c8d:192.168.164.216:38464], old=null
2019-10-14 14:56:59,990 [pool-217-thread-1] INFO  impl.RaftServerImpl (RaftServerImpl.java:start(181)) - 01942dc3-32e1-416a-9d10-e82c77b83c8d@group-78B5C9BA7576: start as a follower, conf=-1: [eb2213f5-8de5-47d4-9ccd-272001a7f7ca:192.168.164.216:33395, bd7d5c6b-fdd1-4b36-b626-bcc9c7d2e579:192.168.164.216:34670, 01942dc3-32e1-416a-9d10-e82c77b83c8d:192.168.164.216:38464], old=null
2019-10-14 14:56:59,990 [pool-247-thread-1] INFO  impl.RaftServerImpl (RaftServerImpl.java:setRole(170)) - bd7d5c6b-fdd1-4b36-b626-bcc9c7d2e579@group-78B5C9BA7576: changes role from      null to FOLLOWER at term 0 for startAsFollower
2019-10-14 14:56:59,990 [pool-267-thread-1] INFO  impl.RaftServerImpl (RaftServerImpl.java:setRole(170)) - eb2213f5-8de5-47d4-9ccd-272001a7f7ca@group-78B5C9BA7576: changes role from      null to FOLLOWER at term 0 for startAsFollower
2019-10-14 14:56:59,991 [pool-217-thread-1] INFO  impl.RaftServerImpl (RaftServerImpl.java:setRole(170)) - 01942dc3-32e1-416a-9d10-e82c77b83c8d@group-78B5C9BA7576: changes role from      null to FOLLOWER at term 0 for startAsFollower
2019-10-14 14:56:59,991 [pool-247-thread-1] INFO  impl.RoleInfo (RoleInfo.java:updateAndGet(143)) - bd7d5c6b-fdd1-4b36-b626-bcc9c7d2e579: start FollowerState
2019-10-14 14:56:59,991 [pool-217-thread-1] INFO  impl.RoleInfo (RoleInfo.java:updateAndGet(143)) - 01942dc3-32e1-416a-9d10-e82c77b83c8d: start FollowerState
2019-10-14 14:56:59,991 [pool-267-thread-1] INFO  impl.RoleInfo (RoleInfo.java:updateAndGet(143)) - eb2213f5-8de5-47d4-9ccd-272001a7f7ca: start FollowerState
2019-10-14 14:56:59,991 [pool-247-thread-1] INFO  util.JmxRegister (JmxRegister.java:tryRegister(44)) - Successfully registered JMX Bean with object name Ratis:service=RaftServer,group=group-78B5C9BA7576,id=bd7d5c6b-fdd1-4b36-b626-bcc9c7d2e579
2019-10-14 14:56:59,992 [pool-217-thread-1] INFO  util.JmxRegister (JmxRegister.java:tryRegister(44)) - Successfully registered JMX Bean with object name Ratis:service=RaftServer,group=group-78B5C9BA7576,id=01942dc3-32e1-416a-9d10-e82c77b83c8d
2019-10-14 14:56:59,992 [pool-267-thread-1] INFO  util.JmxRegister (JmxRegister.java:tryRegister(44)) - Successfully registered JMX Bean with object name Ratis:service=RaftServer,group=group-78B5C9BA7576,id=eb2213f5-8de5-47d4-9ccd-272001a7f7ca
2019-10-14 14:57:00,007 [RatisPipelineUtilsThread] INFO  pipeline.PipelineStateManager (PipelineStateManager.java:addPipeline(56)) - Created pipeline Pipeline[ Id: 8a2ac78e-586d-463e-9971-78b5c9ba7576, Nodes: 01942dc3-32e1-416a-9d10-e82c77b83c8d{ip: 192.168.164.216, host: dev-nightly-20191014-2mv7m-2951356099, networkLocation: /default-rack, certSerialId: null}bd7d5c6b-fdd1-4b36-b626-bcc9c7d2e579{ip: 192.168.164.216, host: dev-nightly-20191014-2mv7m-2951356099, networkLocation: /default-rack, certSerialId: null}eb2213f5-8de5-47d4-9ccd-272001a7f7ca{ip: 192.168.164.216, host: dev-nightly-20191014-2mv7m-2951356099, networkLocation: /default-rack, certSerialId: null}, Type:RATIS, Factor:THREE, State:OPEN]
2019-10-14 14:57:00,600 [main] INFO  ozone.MiniOzoneClusterImpl (MiniOzoneClusterImpl.java:lambda$waitForClusterToBeReady$0(147)) - Cluster is ready. Got 7 of 7 DN Heartbeats.
2019-10-14 14:57:00,644 [main] INFO  rpc.RpcClient (RpcClient.java:createVolume(272)) - Creating Volume: watchforcommithandlingtest, with jenkins1000 as owner.
2019-10-14 14:57:00,647 [IPC Server handler 0 on 37383] INFO  volume.OMVolumeCreateRequest (OMVolumeCreateRequest.java:validateAndUpdateCache(193)) - created volume:watchforcommithandlingtest for user:jenkins1000
2019-10-14 14:57:00,665 [main] INFO  rpc.RpcClient (RpcClient.java:createBucket(411)) - Creating Bucket: watchforcommithandlingtest/watchforcommithandlingtest, with Versioning false and Storage Type set to DISK and Encryption set to false 
2019-10-14 14:57:00,670 [main] INFO  ozone.MiniOzoneClusterImpl (MiniOzoneClusterImpl.java:getStorageContainerLocationClient(234)) - Creating StorageContainerLocationProtocol RPC client with address /0.0.0.0:38860
2019-10-14 14:57:02,167 [Thread-1432] INFO  container.ReplicationManager (ReplicationManager.java:start(162)) - Starting Replication Monitor Thread.
2019-10-14 14:57:02,171 [ReplicationMonitor] INFO  container.ReplicationManager (ReplicationManager.java:run(225)) - Replication Monitor Thread took 1 milliseconds for processing 1 containers.
2019-10-14 14:57:04,304 [Thread-1434] INFO  impl.FollowerState (FollowerState.java:run(108)) - 990b5206-acaa-46d8-a99a-8196ac36b371@group-05BEB9C98217-FollowerState: change to CANDIDATE, lastRpcTime:5060ms, electionTimeout:5060ms
2019-10-14 14:57:04,305 [Thread-1434] INFO  impl.RoleInfo (RoleInfo.java:shutdownFollowerState(121)) - 990b5206-acaa-46d8-a99a-8196ac36b371: shutdown FollowerState
2019-10-14 14:57:04,305 [Thread-1434] INFO  impl.RaftServerImpl (RaftServerImpl.java:setRole(170)) - 990b5206-acaa-46d8-a99a-8196ac36b371@group-05BEB9C98217: changes role from  FOLLOWER to CANDIDATE at term 0 for changeToCandidate
2019-10-14 14:57:04,305 [Thread-1434] INFO  impl.RoleInfo (RoleInfo.java:updateAndGet(143)) - 990b5206-acaa-46d8-a99a-8196ac36b371: start LeaderElection
2019-10-14 14:57:04,345 [990b5206-acaa-46d8-a99a-8196ac36b371@group-05BEB9C98217-LeaderElection39] INFO  impl.LeaderElection (LeaderElection.java:askForVotes(178)) - 990b5206-acaa-46d8-a99a-8196ac36b371@group-05BEB9C98217-LeaderElection39: begin an election at term 1 for -1: [990b5206-acaa-46d8-a99a-8196ac36b371:192.168.164.216:46837], old=null
2019-10-14 14:57:04,345 [990b5206-acaa-46d8-a99a-8196ac36b371@group-05BEB9C98217-LeaderElection39] INFO  impl.RoleInfo (RoleInfo.java:shutdownLeaderElection(134)) - 990b5206-acaa-46d8-a99a-8196ac36b371: shutdown LeaderElection
2019-10-14 14:57:04,345 [990b5206-acaa-46d8-a99a-8196ac36b371@group-05BEB9C98217-LeaderElection39] INFO  impl.RaftServerImpl (RaftServerImpl.java:setRole(170)) - 990b5206-acaa-46d8-a99a-8196ac36b371@group-05BEB9C98217: changes role from CANDIDATE to LEADER at term 1 for changeToLeader
2019-10-14 14:57:04,345 [990b5206-acaa-46d8-a99a-8196ac36b371@group-05BEB9C98217-LeaderElection39] INFO  impl.RaftServerImpl (ServerState.java:setLeader(255)) - 990b5206-acaa-46d8-a99a-8196ac36b371@group-05BEB9C98217: change Leader from null to 990b5206-acaa-46d8-a99a-8196ac36b371 at term 1 for becomeLeader, leader elected after 5109ms
2019-10-14 14:57:04,346 [990b5206-acaa-46d8-a99a-8196ac36b371@group-05BEB9C98217-LeaderElection39] INFO  server.RaftServerConfigKeys (ConfUtils.java:logGet(43)) - raft.server.staging.catchup.gap = 1000 (default)
2019-10-14 14:57:04,346 [990b5206-acaa-46d8-a99a-8196ac36b371@group-05BEB9C98217-LeaderElection39] INFO  server.RaftServerConfigKeys (ConfUtils.java:logGet(43)) - raft.server.rpc.sleep.time = 25ms (default)
2019-10-14 14:57:04,346 [990b5206-acaa-46d8-a99a-8196ac36b371@group-05BEB9C98217-LeaderElection39] INFO  server.RaftServerConfigKeys (ConfUtils.java:logGet(43)) - raft.server.write.element-limit = 4096 (default)
2019-10-14 14:57:04,346 [990b5206-acaa-46d8-a99a-8196ac36b371@group-05BEB9C98217-LeaderElection39] INFO  server.RaftServerConfigKeys (ConfUtils.java:logGet(43)) - raft.server.watch.timeout = 10s (default)
2019-10-14 14:57:04,347 [990b5206-acaa-46d8-a99a-8196ac36b371@group-05BEB9C98217-LeaderElection39] INFO  server.RaftServerConfigKeys (ConfUtils.java:logGet(43)) - raft.server.watch.timeout.denomination = 1s (default)
2019-10-14 14:57:04,347 [990b5206-acaa-46d8-a99a-8196ac36b371@group-05BEB9C98217-LeaderElection39] INFO  server.RaftServerConfigKeys (ConfUtils.java:logGet(43)) - raft.server.watch.element-limit = 65536 (default)
2019-10-14 14:57:04,351 [990b5206-acaa-46d8-a99a-8196ac36b371@group-05BEB9C98217-LeaderElection39] INFO  impl.RoleInfo (RoleInfo.java:updateAndGet(143)) - 990b5206-acaa-46d8-a99a-8196ac36b371: start LeaderState
2019-10-14 14:57:04,351 [990b5206-acaa-46d8-a99a-8196ac36b371@group-05BEB9C98217-LeaderElection39] INFO  segmented.SegmentedRaftLogWorker (SegmentedRaftLogWorker.java:startLogSegment(385)) - 990b5206-acaa-46d8-a99a-8196ac36b371@group-05BEB9C98217-SegmentedRaftLogWorker: Starting segment from index:0
2019-10-14 14:57:04,352 [990b5206-acaa-46d8-a99a-8196ac36b371@group-05BEB9C98217-LeaderElection39] INFO  impl.RaftServerImpl (ServerState.java:setRaftConf(356)) - 990b5206-acaa-46d8-a99a-8196ac36b371@group-05BEB9C98217: set configuration 0: [990b5206-acaa-46d8-a99a-8196ac36b371:192.168.164.216:46837], old=null at 0
2019-10-14 14:57:04,403 [990b5206-acaa-46d8-a99a-8196ac36b371@group-05BEB9C98217-SegmentedRaftLogWorker] INFO  segmented.SegmentedRaftLogWorker (SegmentedRaftLogWorker.java:execute(574)) - 990b5206-acaa-46d8-a99a-8196ac36b371@group-05BEB9C98217-SegmentedRaftLogWorker: created new log segment /workdir/hadoop-ozone/integration-test/target/test-dir/MiniOzoneClusterImpl-5488152f-adca-46d8-995d-786b064aadbc/datanode-0/data/ratis/57c85375-5699-4e3f-bf41-05beb9c98217/current/log_inprogress_0
2019-10-14 14:57:04,444 [Thread-1440] INFO  impl.FollowerState (FollowerState.java:run(108)) - 2b2a2bed-4f50-4c61-b8ad-f4f72c71dbde@group-7A4E306C90D6-FollowerState: change to CANDIDATE, lastRpcTime:5049ms, electionTimeout:5049ms
2019-10-14 14:57:04,445 [Thread-1440] INFO  impl.RoleInfo (RoleInfo.java:shutdownFollowerState(121)) - 2b2a2bed-4f50-4c61-b8ad-f4f72c71dbde: shutdown FollowerState
2019-10-14 14:57:04,445 [Thread-1440] INFO  impl.RaftServerImpl (RaftServerImpl.java:setRole(170)) - 2b2a2bed-4f50-4c61-b8ad-f4f72c71dbde@group-7A4E306C90D6: changes role from  FOLLOWER to CANDIDATE at term 0 for changeToCandidate
2019-10-14 14:57:04,445 [Thread-1440] INFO  impl.RoleInfo (RoleInfo.java:updateAndGet(143)) - 2b2a2bed-4f50-4c61-b8ad-f4f72c71dbde: start LeaderElection
2019-10-14 14:57:04,466 [Thread-1437] INFO  impl.FollowerState (FollowerState.java:run(108)) - 01942dc3-32e1-416a-9d10-e82c77b83c8d@group-94ACD6B13517-FollowerState: change to CANDIDATE, lastRpcTime:5135ms, electionTimeout:5135ms
2019-10-14 14:57:04,466 [Thread-1437] INFO  impl.RoleInfo (RoleInfo.java:shutdownFollowerState(121)) - 01942dc3-32e1-416a-9d10-e82c77b83c8d: shutdown FollowerState
2019-10-14 14:57:04,466 [Thread-1437] INFO  impl.RaftServerImpl (RaftServerImpl.java:setRole(170)) - 01942dc3-32e1-416a-9d10-e82c77b83c8d@group-94ACD6B13517: changes role from  FOLLOWER to CANDIDATE at term 0 for changeToCandidate
2019-10-14 14:57:04,466 [Thread-1437] INFO  impl.RoleInfo (RoleInfo.java:updateAndGet(143)) - 01942dc3-32e1-416a-9d10-e82c77b83c8d: start LeaderElection
2019-10-14 14:57:04,478 [2b2a2bed-4f50-4c61-b8ad-f4f72c71dbde@group-7A4E306C90D6-LeaderElection40] INFO  impl.LeaderElection (LeaderElection.java:askForVotes(178)) - 2b2a2bed-4f50-4c61-b8ad-f4f72c71dbde@group-7A4E306C90D6-LeaderElection40: begin an election at term 1 for -1: [2b2a2bed-4f50-4c61-b8ad-f4f72c71dbde:192.168.164.216:36646], old=null
2019-10-14 14:57:04,478 [2b2a2bed-4f50-4c61-b8ad-f4f72c71dbde@group-7A4E306C90D6-LeaderElection40] INFO  impl.RoleInfo (RoleInfo.java:shutdownLeaderElection(134)) - 2b2a2bed-4f50-4c61-b8ad-f4f72c71dbde: shutdown LeaderElection
2019-10-14 14:57:04,479 [2b2a2bed-4f50-4c61-b8ad-f4f72c71dbde@group-7A4E306C90D6-LeaderElection40] INFO  impl.RaftServerImpl (RaftServerImpl.java:setRole(170)) - 2b2a2bed-4f50-4c61-b8ad-f4f72c71dbde@group-7A4E306C90D6: changes role from CANDIDATE to LEADER at term 1 for changeToLeader
2019-10-14 14:57:04,479 [2b2a2bed-4f50-4c61-b8ad-f4f72c71dbde@group-7A4E306C90D6-LeaderElection40] INFO  impl.RaftServerImpl (ServerState.java:setLeader(255)) - 2b2a2bed-4f50-4c61-b8ad-f4f72c71dbde@group-7A4E306C90D6: change Leader from null to 2b2a2bed-4f50-4c61-b8ad-f4f72c71dbde at term 1 for becomeLeader, leader elected after 5091ms
2019-10-14 14:57:04,479 [2b2a2bed-4f50-4c61-b8ad-f4f72c71dbde@group-7A4E306C90D6-LeaderElection40] INFO  server.RaftServerConfigKeys (ConfUtils.java:logGet(43)) - raft.server.staging.catchup.gap = 1000 (default)
2019-10-14 14:57:04,479 [2b2a2bed-4f50-4c61-b8ad-f4f72c71dbde@group-7A4E306C90D6-LeaderElection40] INFO  server.RaftServerConfigKeys (ConfUtils.java:logGet(43)) - raft.server.rpc.sleep.time = 25ms (default)
2019-10-14 14:57:04,479 [2b2a2bed-4f50-4c61-b8ad-f4f72c71dbde@group-7A4E306C90D6-LeaderElection40] INFO  server.RaftServerConfigKeys (ConfUtils.java:logGet(43)) - raft.server.write.element-limit = 4096 (default)
2019-10-14 14:57:04,479 [2b2a2bed-4f50-4c61-b8ad-f4f72c71dbde@group-7A4E306C90D6-LeaderElection40] INFO  server.RaftServerConfigKeys (ConfUtils.java:logGet(43)) - raft.server.watch.timeout = 10s (default)
2019-10-14 14:57:04,479 [2b2a2bed-4f50-4c61-b8ad-f4f72c71dbde@group-7A4E306C90D6-LeaderElection40] INFO  server.RaftServerConfigKeys (ConfUtils.java:logGet(43)) - raft.server.watch.timeout.denomination = 1s (default)
2019-10-14 14:57:04,479 [2b2a2bed-4f50-4c61-b8ad-f4f72c71dbde@group-7A4E306C90D6-LeaderElection40] INFO  server.RaftServerConfigKeys (ConfUtils.java:logGet(43)) - raft.server.watch.element-limit = 65536 (default)
2019-10-14 14:57:04,481 [2b2a2bed-4f50-4c61-b8ad-f4f72c71dbde@group-7A4E306C90D6-LeaderElection40] INFO  impl.RoleInfo (RoleInfo.java:updateAndGet(143)) - 2b2a2bed-4f50-4c61-b8ad-f4f72c71dbde: start LeaderState
2019-10-14 14:57:04,482 [2b2a2bed-4f50-4c61-b8ad-f4f72c71dbde@group-7A4E306C90D6-LeaderElection40] INFO  segmented.SegmentedRaftLogWorker (SegmentedRaftLogWorker.java:startLogSegment(385)) - 2b2a2bed-4f50-4c61-b8ad-f4f72c71dbde@group-7A4E306C90D6-SegmentedRaftLogWorker: Starting segment from index:0
2019-10-14 14:57:04,482 [2b2a2bed-4f50-4c61-b8ad-f4f72c71dbde@group-7A4E306C90D6-LeaderElection40] INFO  impl.RaftServerImpl (ServerState.java:setRaftConf(356)) - 2b2a2bed-4f50-4c61-b8ad-f4f72c71dbde@group-7A4E306C90D6: set configuration 0: [2b2a2bed-4f50-4c61-b8ad-f4f72c71dbde:192.168.164.216:36646], old=null at 0
2019-10-14 14:57:04,495 [01942dc3-32e1-416a-9d10-e82c77b83c8d@group-94ACD6B13517-LeaderElection41] INFO  impl.LeaderElection (LeaderElection.java:askForVotes(178)) - 01942dc3-32e1-416a-9d10-e82c77b83c8d@group-94ACD6B13517-LeaderElection41: begin an election at term 1 for -1: [01942dc3-32e1-416a-9d10-e82c77b83c8d:192.168.164.216:38464], old=null
2019-10-14 14:57:04,495 [01942dc3-32e1-416a-9d10-e82c77b83c8d@group-94ACD6B13517-LeaderElection41] INFO  impl.RoleInfo (RoleInfo.java:shutdownLeaderElection(134)) - 01942dc3-32e1-416a-9d10-e82c77b83c8d: shutdown LeaderElection
2019-10-14 14:57:04,496 [01942dc3-32e1-416a-9d10-e82c77b83c8d@group-94ACD6B13517-LeaderElection41] INFO  impl.RaftServerImpl (RaftServerImpl.java:setRole(170)) - 01942dc3-32e1-416a-9d10-e82c77b83c8d@group-94ACD6B13517: changes role from CANDIDATE to LEADER at term 1 for changeToLeader
2019-10-14 14:57:04,496 [01942dc3-32e1-416a-9d10-e82c77b83c8d@group-94ACD6B13517-LeaderElection41] INFO  impl.RaftServerImpl (ServerState.java:setLeader(255)) - 01942dc3-32e1-416a-9d10-e82c77b83c8d@group-94ACD6B13517: change Leader from null to 01942dc3-32e1-416a-9d10-e82c77b83c8d at term 1 for becomeLeader, leader elected after 5174ms
2019-10-14 14:57:04,496 [01942dc3-32e1-416a-9d10-e82c77b83c8d@group-94ACD6B13517-LeaderElection41] INFO  server.RaftServerConfigKeys (ConfUtils.java:logGet(43)) - raft.server.staging.catchup.gap = 1000 (default)
2019-10-14 14:57:04,496 [01942dc3-32e1-416a-9d10-e82c77b83c8d@group-94ACD6B13517-LeaderElection41] INFO  server.RaftServerConfigKeys (ConfUtils.java:logGet(43)) - raft.server.rpc.sleep.time = 25ms (default)
2019-10-14 14:57:04,496 [01942dc3-32e1-416a-9d10-e82c77b83c8d@group-94ACD6B13517-LeaderElection41] INFO  server.RaftServerConfigKeys (ConfUtils.java:logGet(43)) - raft.server.write.element-limit = 4096 (default)
2019-10-14 14:57:04,496 [01942dc3-32e1-416a-9d10-e82c77b83c8d@group-94ACD6B13517-LeaderElection41] INFO  server.RaftServerConfigKeys (ConfUtils.java:logGet(43)) - raft.server.watch.timeout = 10s (default)
2019-10-14 14:57:04,496 [01942dc3-32e1-416a-9d10-e82c77b83c8d@group-94ACD6B13517-LeaderElection41] INFO  server.RaftServerConfigKeys (ConfUtils.java:logGet(43)) - raft.server.watch.timeout.denomination = 1s (default)
2019-10-14 14:57:04,496 [01942dc3-32e1-416a-9d10-e82c77b83c8d@group-94ACD6B13517-LeaderElection41] INFO  server.RaftServerConfigKeys (ConfUtils.java:logGet(43)) - raft.server.watch.element-limit = 65536 (default)
2019-10-14 14:57:04,498 [01942dc3-32e1-416a-9d10-e82c77b83c8d@group-94ACD6B13517-LeaderElection41] INFO  impl.RoleInfo (RoleInfo.java:updateAndGet(143)) - 01942dc3-32e1-416a-9d10-e82c77b83c8d: start LeaderState
2019-10-14 14:57:04,498 [01942dc3-32e1-416a-9d10-e82c77b83c8d@group-94ACD6B13517-LeaderElection41] INFO  segmented.SegmentedRaftLogWorker (SegmentedRaftLogWorker.java:startLogSegment(385)) - 01942dc3-32e1-416a-9d10-e82c77b83c8d@group-94ACD6B13517-SegmentedRaftLogWorker: Starting segment from index:0
2019-10-14 14:57:04,498 [01942dc3-32e1-416a-9d10-e82c77b83c8d@group-94ACD6B13517-LeaderElection41] INFO  impl.RaftServerImpl (ServerState.java:setRaftConf(356)) - 01942dc3-32e1-416a-9d10-e82c77b83c8d@group-94ACD6B13517: set configuration 0: [01942dc3-32e1-416a-9d10-e82c77b83c8d:192.168.164.216:38464], old=null at 0
2019-10-14 14:57:04,546 [2b2a2bed-4f50-4c61-b8ad-f4f72c71dbde@group-7A4E306C90D6-SegmentedRaftLogWorker] INFO  segmented.SegmentedRaftLogWorker (SegmentedRaftLogWorker.java:execute(574)) - 2b2a2bed-4f50-4c61-b8ad-f4f72c71dbde@group-7A4E306C90D6-SegmentedRaftLogWorker: created new log segment /workdir/hadoop-ozone/integration-test/target/test-dir/MiniOzoneClusterImpl-5488152f-adca-46d8-995d-786b064aadbc/datanode-2/data/ratis/e3b2546d-76e1-4071-aa16-7a4e306c90d6/current/log_inprogress_0
2019-10-14 14:57:04,546 [01942dc3-32e1-416a-9d10-e82c77b83c8d@group-94ACD6B13517-SegmentedRaftLogWorker] INFO  segmented.SegmentedRaftLogWorker (SegmentedRaftLogWorker.java:execute(574)) - 01942dc3-32e1-416a-9d10-e82c77b83c8d@group-94ACD6B13517-SegmentedRaftLogWorker: created new log segment /workdir/hadoop-ozone/integration-test/target/test-dir/MiniOzoneClusterImpl-5488152f-adca-46d8-995d-786b064aadbc/datanode-1/data/ratis/490d3565-cafa-4855-87a5-94acd6b13517/current/log_inprogress_0
2019-10-14 14:57:04,606 [Thread-1443] INFO  impl.FollowerState (FollowerState.java:run(108)) - 2e97d083-f060-4af3-a1c6-d7b4a38faeb1@group-F82C8C07700B-FollowerState: change to CANDIDATE, lastRpcTime:5132ms, electionTimeout:5132ms
2019-10-14 14:57:04,606 [Thread-1443] INFO  impl.RoleInfo (RoleInfo.java:shutdownFollowerState(121)) - 2e97d083-f060-4af3-a1c6-d7b4a38faeb1: shutdown FollowerState
2019-10-14 14:57:04,606 [Thread-1443] INFO  impl.RaftServerImpl (RaftServerImpl.java:setRole(170)) - 2e97d083-f060-4af3-a1c6-d7b4a38faeb1@group-F82C8C07700B: changes role from  FOLLOWER to CANDIDATE at term 0 for changeToCandidate
2019-10-14 14:57:04,606 [Thread-1443] INFO  impl.RoleInfo (RoleInfo.java:updateAndGet(143)) - 2e97d083-f060-4af3-a1c6-d7b4a38faeb1: start LeaderElection
2019-10-14 14:57:04,646 [2e97d083-f060-4af3-a1c6-d7b4a38faeb1@group-F82C8C07700B-LeaderElection42] INFO  impl.LeaderElection (LeaderElection.java:askForVotes(178)) - 2e97d083-f060-4af3-a1c6-d7b4a38faeb1@group-F82C8C07700B-LeaderElection42: begin an election at term 1 for -1: [2e97d083-f060-4af3-a1c6-d7b4a38faeb1:192.168.164.216:36808], old=null
2019-10-14 14:57:04,646 [2e97d083-f060-4af3-a1c6-d7b4a38faeb1@group-F82C8C07700B-LeaderElection42] INFO  impl.RoleInfo (RoleInfo.java:shutdownLeaderElection(134)) - 2e97d083-f060-4af3-a1c6-d7b4a38faeb1: shutdown LeaderElection
2019-10-14 14:57:04,646 [2e97d083-f060-4af3-a1c6-d7b4a38faeb1@group-F82C8C07700B-LeaderElection42] INFO  impl.RaftServerImpl (RaftServerImpl.java:setRole(170)) - 2e97d083-f060-4af3-a1c6-d7b4a38faeb1@group-F82C8C07700B: changes role from CANDIDATE to LEADER at term 1 for changeToLeader
2019-10-14 14:57:04,647 [2e97d083-f060-4af3-a1c6-d7b4a38faeb1@group-F82C8C07700B-LeaderElection42] INFO  impl.RaftServerImpl (ServerState.java:setLeader(255)) - 2e97d083-f060-4af3-a1c6-d7b4a38faeb1@group-F82C8C07700B: change Leader from null to 2e97d083-f060-4af3-a1c6-d7b4a38faeb1 at term 1 for becomeLeader, leader elected after 5183ms
2019-10-14 14:57:04,647 [2e97d083-f060-4af3-a1c6-d7b4a38faeb1@group-F82C8C07700B-LeaderElection42] INFO  server.RaftServerConfigKeys (ConfUtils.java:logGet(43)) - raft.server.staging.catchup.gap = 1000 (default)
2019-10-14 14:57:04,647 [2e97d083-f060-4af3-a1c6-d7b4a38faeb1@group-F82C8C07700B-LeaderElection42] INFO  server.RaftServerConfigKeys (ConfUtils.java:logGet(43)) - raft.server.rpc.sleep.time = 25ms (default)
2019-10-14 14:57:04,647 [2e97d083-f060-4af3-a1c6-d7b4a38faeb1@group-F82C8C07700B-LeaderElection42] INFO  server.RaftServerConfigKeys (ConfUtils.java:logGet(43)) - raft.server.write.element-limit = 4096 (default)
2019-10-14 14:57:04,647 [2e97d083-f060-4af3-a1c6-d7b4a38faeb1@group-F82C8C07700B-LeaderElection42] INFO  server.RaftServerConfigKeys (ConfUtils.java:logGet(43)) - raft.server.watch.timeout = 10s (default)
2019-10-14 14:57:04,648 [2e97d083-f060-4af3-a1c6-d7b4a38faeb1@group-F82C8C07700B-LeaderElection42] INFO  server.RaftServerConfigKeys (ConfUtils.java:logGet(43)) - raft.server.watch.timeout.denomination = 1s (default)
2019-10-14 14:57:04,648 [2e97d083-f060-4af3-a1c6-d7b4a38faeb1@group-F82C8C07700B-LeaderElection42] INFO  server.RaftServerConfigKeys (ConfUtils.java:logGet(43)) - raft.server.watch.element-limit = 65536 (default)
2019-10-14 14:57:04,650 [2e97d083-f060-4af3-a1c6-d7b4a38faeb1@group-F82C8C07700B-LeaderElection42] INFO  impl.RoleInfo (RoleInfo.java:updateAndGet(143)) - 2e97d083-f060-4af3-a1c6-d7b4a38faeb1: start LeaderState
2019-10-14 14:57:04,650 [2e97d083-f060-4af3-a1c6-d7b4a38faeb1@group-F82C8C07700B-LeaderElection42] INFO  segmented.SegmentedRaftLogWorker (SegmentedRaftLogWorker.java:startLogSegment(385)) - 2e97d083-f060-4af3-a1c6-d7b4a38faeb1@group-F82C8C07700B-SegmentedRaftLogWorker: Starting segment from index:0
2019-10-14 14:57:04,651 [2e97d083-f060-4af3-a1c6-d7b4a38faeb1@group-F82C8C07700B-LeaderElection42] INFO  impl.RaftServerImpl (ServerState.java:setRaftConf(356)) - 2e97d083-f060-4af3-a1c6-d7b4a38faeb1@group-F82C8C07700B: set configuration 0: [2e97d083-f060-4af3-a1c6-d7b4a38faeb1:192.168.164.216:36808], old=null at 0
2019-10-14 14:57:04,730 [2e97d083-f060-4af3-a1c6-d7b4a38faeb1@group-F82C8C07700B-SegmentedRaftLogWorker] INFO  segmented.SegmentedRaftLogWorker (SegmentedRaftLogWorker.java:execute(574)) - 2e97d083-f060-4af3-a1c6-d7b4a38faeb1@group-F82C8C07700B-SegmentedRaftLogWorker: created new log segment /workdir/hadoop-ozone/integration-test/target/test-dir/MiniOzoneClusterImpl-5488152f-adca-46d8-995d-786b064aadbc/datanode-3/data/ratis/e1d0c600-8bd2-48c0-a889-f82c8c07700b/current/log_inprogress_0
2019-10-14 14:57:04,747 [Thread-1446] INFO  impl.FollowerState (FollowerState.java:run(108)) - bd7d5c6b-fdd1-4b36-b626-bcc9c7d2e579@group-3E5E7C303FD5-FollowerState: change to CANDIDATE, lastRpcTime:5190ms, electionTimeout:5190ms
2019-10-14 14:57:04,747 [Thread-1446] INFO  impl.RoleInfo (RoleInfo.java:shutdownFollowerState(121)) - bd7d5c6b-fdd1-4b36-b626-bcc9c7d2e579: shutdown FollowerState
2019-10-14 14:57:04,748 [Thread-1446] INFO  impl.RaftServerImpl (RaftServerImpl.java:setRole(170)) - bd7d5c6b-fdd1-4b36-b626-bcc9c7d2e579@group-3E5E7C303FD5: changes role from  FOLLOWER to CANDIDATE at term 0 for changeToCandidate
2019-10-14 14:57:04,748 [Thread-1446] INFO  impl.RoleInfo (RoleInfo.java:updateAndGet(143)) - bd7d5c6b-fdd1-4b36-b626-bcc9c7d2e579: start LeaderElection
2019-10-14 14:57:04,756 [Thread-1450] INFO  impl.FollowerState (FollowerState.java:run(108)) - cfe8f924-b5c6-4352-87f8-4041c06f1d5a@group-C454A588150E-FollowerState: change to CANDIDATE, lastRpcTime:5099ms, electionTimeout:5086ms
2019-10-14 14:57:04,757 [Thread-1450] INFO  impl.RoleInfo (RoleInfo.java:shutdownFollowerState(121)) - cfe8f924-b5c6-4352-87f8-4041c06f1d5a: shutdown FollowerState
2019-10-14 14:57:04,757 [Thread-1450] INFO  impl.RaftServerImpl (RaftServerImpl.java:setRole(170)) - cfe8f924-b5c6-4352-87f8-4041c06f1d5a@group-C454A588150E: changes role from  FOLLOWER to CANDIDATE at term 0 for changeToCandidate
2019-10-14 14:57:04,757 [Thread-1450] INFO  impl.RoleInfo (RoleInfo.java:updateAndGet(143)) - cfe8f924-b5c6-4352-87f8-4041c06f1d5a: start LeaderElection
2019-10-14 14:57:04,796 [bd7d5c6b-fdd1-4b36-b626-bcc9c7d2e579@group-3E5E7C303FD5-LeaderElection43] INFO  impl.LeaderElection (LeaderElection.java:askForVotes(178)) - bd7d5c6b-fdd1-4b36-b626-bcc9c7d2e579@group-3E5E7C303FD5-LeaderElection43: begin an election at term 1 for -1: [bd7d5c6b-fdd1-4b36-b626-bcc9c7d2e579:192.168.164.216:34670], old=null
2019-10-14 14:57:04,796 [cfe8f924-b5c6-4352-87f8-4041c06f1d5a@group-C454A588150E-LeaderElection44] INFO  impl.LeaderElection (LeaderElection.java:askForVotes(178)) - cfe8f924-b5c6-4352-87f8-4041c06f1d5a@group-C454A588150E-LeaderElection44: begin an election at term 1 for -1: [cfe8f924-b5c6-4352-87f8-4041c06f1d5a:192.168.164.216:37133], old=null
2019-10-14 14:57:04,796 [bd7d5c6b-fdd1-4b36-b626-bcc9c7d2e579@group-3E5E7C303FD5-LeaderElection43] INFO  impl.RoleInfo (RoleInfo.java:shutdownLeaderElection(134)) - bd7d5c6b-fdd1-4b36-b626-bcc9c7d2e579: shutdown LeaderElection
2019-10-14 14:57:04,796 [cfe8f924-b5c6-4352-87f8-4041c06f1d5a@group-C454A588150E-LeaderElection44] INFO  impl.RoleInfo (RoleInfo.java:shutdownLeaderElection(134)) - cfe8f924-b5c6-4352-87f8-4041c06f1d5a: shutdown LeaderElection
2019-10-14 14:57:04,800 [bd7d5c6b-fdd1-4b36-b626-bcc9c7d2e579@group-3E5E7C303FD5-LeaderElection43] INFO  impl.RaftServerImpl (RaftServerImpl.java:setRole(170)) - bd7d5c6b-fdd1-4b36-b626-bcc9c7d2e579@group-3E5E7C303FD5: changes role from CANDIDATE to LEADER at term 1 for changeToLeader
2019-10-14 14:57:04,800 [cfe8f924-b5c6-4352-87f8-4041c06f1d5a@group-C454A588150E-LeaderElection44] INFO  impl.RaftServerImpl (RaftServerImpl.java:setRole(170)) - cfe8f924-b5c6-4352-87f8-4041c06f1d5a@group-C454A588150E: changes role from CANDIDATE to LEADER at term 1 for changeToLeader
2019-10-14 14:57:04,800 [bd7d5c6b-fdd1-4b36-b626-bcc9c7d2e579@group-3E5E7C303FD5-LeaderElection43] INFO  impl.RaftServerImpl (ServerState.java:setLeader(255)) - bd7d5c6b-fdd1-4b36-b626-bcc9c7d2e579@group-3E5E7C303FD5: change Leader from null to bd7d5c6b-fdd1-4b36-b626-bcc9c7d2e579 at term 1 for becomeLeader, leader elected after 5252ms
2019-10-14 14:57:04,801 [cfe8f924-b5c6-4352-87f8-4041c06f1d5a@group-C454A588150E-LeaderElection44] INFO  impl.RaftServerImpl (ServerState.java:setLeader(255)) - cfe8f924-b5c6-4352-87f8-4041c06f1d5a@group-C454A588150E: change Leader from null to cfe8f924-b5c6-4352-87f8-4041c06f1d5a at term 1 for becomeLeader, leader elected after 5152ms
2019-10-14 14:57:04,803 [bd7d5c6b-fdd1-4b36-b626-bcc9c7d2e579@group-3E5E7C303FD5-LeaderElection43] INFO  server.RaftServerConfigKeys (ConfUtils.java:logGet(43)) - raft.server.staging.catchup.gap = 1000 (default)
2019-10-14 14:57:04,808 [cfe8f924-b5c6-4352-87f8-4041c06f1d5a@group-C454A588150E-LeaderElection44] INFO  server.RaftServerConfigKeys (ConfUtils.java:logGet(43)) - raft.server.staging.catchup.gap = 1000 (default)
2019-10-14 14:57:04,808 [bd7d5c6b-fdd1-4b36-b626-bcc9c7d2e579@group-3E5E7C303FD5-LeaderElection43] INFO  server.RaftServerConfigKeys (ConfUtils.java:logGet(43)) - raft.server.rpc.sleep.time = 25ms (default)
2019-10-14 14:57:04,808 [cfe8f924-b5c6-4352-87f8-4041c06f1d5a@group-C454A588150E-LeaderElection44] INFO  server.RaftServerConfigKeys (ConfUtils.java:logGet(43)) - raft.server.rpc.sleep.time = 25ms (default)
2019-10-14 14:57:04,813 [bd7d5c6b-fdd1-4b36-b626-bcc9c7d2e579@group-3E5E7C303FD5-LeaderElection43] INFO  server.RaftServerConfigKeys (ConfUtils.java:logGet(43)) - raft.server.write.element-limit = 4096 (default)
2019-10-14 14:57:04,813 [cfe8f924-b5c6-4352-87f8-4041c06f1d5a@group-C454A588150E-LeaderElection44] INFO  server.RaftServerConfigKeys (ConfUtils.java:logGet(43)) - raft.server.write.element-limit = 4096 (default)
2019-10-14 14:57:04,814 [bd7d5c6b-fdd1-4b36-b626-bcc9c7d2e579@group-3E5E7C303FD5-LeaderElection43] INFO  server.RaftServerConfigKeys (ConfUtils.java:logGet(43)) - raft.server.watch.timeout = 10s (default)
2019-10-14 14:57:04,814 [cfe8f924-b5c6-4352-87f8-4041c06f1d5a@group-C454A588150E-LeaderElection44] INFO  server.RaftServerConfigKeys (ConfUtils.java:logGet(43)) - raft.server.watch.timeout = 10s (default)
2019-10-14 14:57:04,814 [bd7d5c6b-fdd1-4b36-b626-bcc9c7d2e579@group-3E5E7C303FD5-LeaderElection43] INFO  server.RaftServerConfigKeys (ConfUtils.java:logGet(43)) - raft.server.watch.timeout.denomination = 1s (default)
2019-10-14 14:57:04,814 [cfe8f924-b5c6-4352-87f8-4041c06f1d5a@group-C454A588150E-LeaderElection44] INFO  server.RaftServerConfigKeys (ConfUtils.java:logGet(43)) - raft.server.watch.timeout.denomination = 1s (default)
2019-10-14 14:57:04,814 [bd7d5c6b-fdd1-4b36-b626-bcc9c7d2e579@group-3E5E7C303FD5-LeaderElection43] INFO  server.RaftServerConfigKeys (ConfUtils.java:logGet(43)) - raft.server.watch.element-limit = 65536 (default)
2019-10-14 14:57:04,814 [cfe8f924-b5c6-4352-87f8-4041c06f1d5a@group-C454A588150E-LeaderElection44] INFO  server.RaftServerConfigKeys (ConfUtils.java:logGet(43)) - raft.server.watch.element-limit = 65536 (default)
2019-10-14 14:57:04,818 [cfe8f924-b5c6-4352-87f8-4041c06f1d5a@group-C454A588150E-LeaderElection44] INFO  impl.RoleInfo (RoleInfo.java:updateAndGet(143)) - cfe8f924-b5c6-4352-87f8-4041c06f1d5a: start LeaderState
2019-10-14 14:57:04,818 [cfe8f924-b5c6-4352-87f8-4041c06f1d5a@group-C454A588150E-LeaderElection44] INFO  segmented.SegmentedRaftLogWorker (SegmentedRaftLogWorker.java:startLogSegment(385)) - cfe8f924-b5c6-4352-87f8-4041c06f1d5a@group-C454A588150E-SegmentedRaftLogWorker: Starting segment from index:0
2019-10-14 14:57:04,818 [bd7d5c6b-fdd1-4b36-b626-bcc9c7d2e579@group-3E5E7C303FD5-LeaderElection43] INFO  impl.RoleInfo (RoleInfo.java:updateAndGet(143)) - bd7d5c6b-fdd1-4b36-b626-bcc9c7d2e579: start LeaderState
2019-10-14 14:57:04,819 [cfe8f924-b5c6-4352-87f8-4041c06f1d5a@group-C454A588150E-LeaderElection44] INFO  impl.RaftServerImpl (ServerState.java:setRaftConf(356)) - cfe8f924-b5c6-4352-87f8-4041c06f1d5a@group-C454A588150E: set configuration 0: [cfe8f924-b5c6-4352-87f8-4041c06f1d5a:192.168.164.216:37133], old=null at 0
2019-10-14 14:57:04,819 [bd7d5c6b-fdd1-4b36-b626-bcc9c7d2e579@group-3E5E7C303FD5-LeaderElection43] INFO  segmented.SegmentedRaftLogWorker (SegmentedRaftLogWorker.java:startLogSegment(385)) - bd7d5c6b-fdd1-4b36-b626-bcc9c7d2e579@group-3E5E7C303FD5-SegmentedRaftLogWorker: Starting segment from index:0
2019-10-14 14:57:04,819 [bd7d5c6b-fdd1-4b36-b626-bcc9c7d2e579@group-3E5E7C303FD5-LeaderElection43] INFO  impl.RaftServerImpl (ServerState.java:setRaftConf(356)) - bd7d5c6b-fdd1-4b36-b626-bcc9c7d2e579@group-3E5E7C303FD5: set configuration 0: [bd7d5c6b-fdd1-4b36-b626-bcc9c7d2e579:192.168.164.216:34670], old=null at 0
2019-10-14 14:57:04,875 [Thread-1461] INFO  impl.FollowerState (FollowerState.java:run(108)) - cfe8f924-b5c6-4352-87f8-4041c06f1d5a@group-CF2C2ECDC0F3-FollowerState: change to CANDIDATE, lastRpcTime:5000ms, electionTimeout:5000ms
2019-10-14 14:57:04,875 [Thread-1461] INFO  impl.RoleInfo (RoleInfo.java:shutdownFollowerState(121)) - cfe8f924-b5c6-4352-87f8-4041c06f1d5a: shutdown FollowerState
2019-10-14 14:57:04,875 [Thread-1461] INFO  impl.RaftServerImpl (RaftServerImpl.java:setRole(170)) - cfe8f924-b5c6-4352-87f8-4041c06f1d5a@group-CF2C2ECDC0F3: changes role from  FOLLOWER to CANDIDATE at term 0 for changeToCandidate
2019-10-14 14:57:04,876 [Thread-1461] INFO  impl.RoleInfo (RoleInfo.java:updateAndGet(143)) - cfe8f924-b5c6-4352-87f8-4041c06f1d5a: start LeaderElection
2019-10-14 14:57:04,883 [cfe8f924-b5c6-4352-87f8-4041c06f1d5a@group-C454A588150E-SegmentedRaftLogWorker] INFO  segmented.SegmentedRaftLogWorker (SegmentedRaftLogWorker.java:execute(574)) - cfe8f924-b5c6-4352-87f8-4041c06f1d5a@group-C454A588150E-SegmentedRaftLogWorker: created new log segment /workdir/hadoop-ozone/integration-test/target/test-dir/MiniOzoneClusterImpl-5488152f-adca-46d8-995d-786b064aadbc/datanode-5/data/ratis/7e895d67-c235-4abf-8fe0-c454a588150e/current/log_inprogress_0
2019-10-14 14:57:04,883 [bd7d5c6b-fdd1-4b36-b626-bcc9c7d2e579@group-3E5E7C303FD5-SegmentedRaftLogWorker] INFO  segmented.SegmentedRaftLogWorker (SegmentedRaftLogWorker.java:execute(574)) - bd7d5c6b-fdd1-4b36-b626-bcc9c7d2e579@group-3E5E7C303FD5-SegmentedRaftLogWorker: created new log segment /workdir/hadoop-ozone/integration-test/target/test-dir/MiniOzoneClusterImpl-5488152f-adca-46d8-995d-786b064aadbc/datanode-4/data/ratis/e7f95d66-995f-4814-b46f-3e5e7c303fd5/current/log_inprogress_0
2019-10-14 14:57:04,906 [cfe8f924-b5c6-4352-87f8-4041c06f1d5a@group-CF2C2ECDC0F3-LeaderElection45] INFO  impl.LeaderElection (LeaderElection.java:askForVotes(178)) - cfe8f924-b5c6-4352-87f8-4041c06f1d5a@group-CF2C2ECDC0F3-LeaderElection45: begin an election at term 1 for -1: [2b2a2bed-4f50-4c61-b8ad-f4f72c71dbde:192.168.164.216:36646, cfe8f924-b5c6-4352-87f8-4041c06f1d5a:192.168.164.216:37133, 990b5206-acaa-46d8-a99a-8196ac36b371:192.168.164.216:46837], old=null
2019-10-14 14:57:04,911 [grpc-default-executor-1] INFO  impl.RaftServerImpl (RaftServerImpl.java:setRole(170)) - 990b5206-acaa-46d8-a99a-8196ac36b371@group-CF2C2ECDC0F3: changes role from  FOLLOWER to FOLLOWER at term 1 for recognizeCandidate:cfe8f924-b5c6-4352-87f8-4041c06f1d5a
2019-10-14 14:57:04,911 [grpc-default-executor-1] INFO  impl.RoleInfo (RoleInfo.java:shutdownFollowerState(121)) - 990b5206-acaa-46d8-a99a-8196ac36b371: shutdown FollowerState
2019-10-14 14:57:04,911 [grpc-default-executor-4] INFO  impl.RaftServerImpl (RaftServerImpl.java:setRole(170)) - 2b2a2bed-4f50-4c61-b8ad-f4f72c71dbde@group-CF2C2ECDC0F3: changes role from  FOLLOWER to FOLLOWER at term 1 for recognizeCandidate:cfe8f924-b5c6-4352-87f8-4041c06f1d5a
2019-10-14 14:57:04,911 [Thread-1463] INFO  impl.FollowerState (FollowerState.java:run(117)) - 990b5206-acaa-46d8-a99a-8196ac36b371@group-CF2C2ECDC0F3-FollowerState was interrupted: java.lang.InterruptedException: sleep interrupted
2019-10-14 14:57:04,911 [grpc-default-executor-1] INFO  impl.RoleInfo (RoleInfo.java:updateAndGet(143)) - 990b5206-acaa-46d8-a99a-8196ac36b371: start FollowerState
2019-10-14 14:57:04,911 [grpc-default-executor-4] INFO  impl.RoleInfo (RoleInfo.java:shutdownFollowerState(121)) - 2b2a2bed-4f50-4c61-b8ad-f4f72c71dbde: shutdown FollowerState
2019-10-14 14:57:04,915 [grpc-default-executor-4] INFO  impl.RoleInfo (RoleInfo.java:updateAndGet(143)) - 2b2a2bed-4f50-4c61-b8ad-f4f72c71dbde: start FollowerState
2019-10-14 14:57:04,915 [Thread-1459] INFO  impl.FollowerState (FollowerState.java:run(117)) - 2b2a2bed-4f50-4c61-b8ad-f4f72c71dbde@group-CF2C2ECDC0F3-FollowerState was interrupted: java.lang.InterruptedException: sleep interrupted
2019-10-14 14:57:04,939 [Thread-1455] INFO  impl.FollowerState (FollowerState.java:run(108)) - eb2213f5-8de5-47d4-9ccd-272001a7f7ca@group-F76B6A416E83-FollowerState: change to CANDIDATE, lastRpcTime:5171ms, electionTimeout:5171ms
2019-10-14 14:57:04,939 [Thread-1455] INFO  impl.RoleInfo (RoleInfo.java:shutdownFollowerState(121)) - eb2213f5-8de5-47d4-9ccd-272001a7f7ca: shutdown FollowerState
2019-10-14 14:57:04,939 [Thread-1455] INFO  impl.RaftServerImpl (RaftServerImpl.java:setRole(170)) - eb2213f5-8de5-47d4-9ccd-272001a7f7ca@group-F76B6A416E83: changes role from  FOLLOWER to CANDIDATE at term 0 for changeToCandidate
2019-10-14 14:57:04,940 [Thread-1455] INFO  impl.RoleInfo (RoleInfo.java:updateAndGet(143)) - eb2213f5-8de5-47d4-9ccd-272001a7f7ca: start LeaderElection
2019-10-14 14:57:04,959 [cfe8f924-b5c6-4352-87f8-4041c06f1d5a@group-CF2C2ECDC0F3-LeaderElection45] INFO  impl.LeaderElection (LeaderElection.java:logAndReturn(56)) - cfe8f924-b5c6-4352-87f8-4041c06f1d5a@group-CF2C2ECDC0F3-LeaderElection45: Election PASSED; received 1 response(s) [cfe8f924-b5c6-4352-87f8-4041c06f1d5a<-2b2a2bed-4f50-4c61-b8ad-f4f72c71dbde#0:OK-t1] and 0 exception(s); cfe8f924-b5c6-4352-87f8-4041c06f1d5a@group-CF2C2ECDC0F3:t1, leader=null, voted=cfe8f924-b5c6-4352-87f8-4041c06f1d5a, raftlog=cfe8f924-b5c6-4352-87f8-4041c06f1d5a@group-CF2C2ECDC0F3-SegmentedRaftLog:OPENED:c-1,f-1,i0, conf=-1: [2b2a2bed-4f50-4c61-b8ad-f4f72c71dbde:192.168.164.216:36646, cfe8f924-b5c6-4352-87f8-4041c06f1d5a:192.168.164.216:37133, 990b5206-acaa-46d8-a99a-8196ac36b371:192.168.164.216:46837], old=null
2019-10-14 14:57:04,959 [cfe8f924-b5c6-4352-87f8-4041c06f1d5a@group-CF2C2ECDC0F3-LeaderElection45] INFO  impl.RoleInfo (RoleInfo.java:shutdownLeaderElection(134)) - cfe8f924-b5c6-4352-87f8-4041c06f1d5a: shutdown LeaderElection
2019-10-14 14:57:04,960 [cfe8f924-b5c6-4352-87f8-4041c06f1d5a@group-CF2C2ECDC0F3-LeaderElection45] INFO  impl.RaftServerImpl (RaftServerImpl.java:setRole(170)) - cfe8f924-b5c6-4352-87f8-4041c06f1d5a@group-CF2C2ECDC0F3: changes role from CANDIDATE to LEADER at term 1 for changeToLeader
2019-10-14 14:57:04,960 [cfe8f924-b5c6-4352-87f8-4041c06f1d5a@group-CF2C2ECDC0F3-LeaderElection45] INFO  impl.RaftServerImpl (ServerState.java:setLeader(255)) - cfe8f924-b5c6-4352-87f8-4041c06f1d5a@group-CF2C2ECDC0F3: change Leader from null to cfe8f924-b5c6-4352-87f8-4041c06f1d5a at term 1 for becomeLeader, leader elected after 5099ms
2019-10-14 14:57:04,960 [cfe8f924-b5c6-4352-87f8-4041c06f1d5a@group-CF2C2ECDC0F3-LeaderElection45] INFO  server.RaftServerConfigKeys (ConfUtils.java:logGet(43)) - raft.server.staging.catchup.gap = 1000 (default)
2019-10-14 14:57:04,960 [cfe8f924-b5c6-4352-87f8-4041c06f1d5a@group-CF2C2ECDC0F3-LeaderElection45] INFO  server.RaftServerConfigKeys (ConfUtils.java:logGet(43)) - raft.server.rpc.sleep.time = 25ms (default)
2019-10-14 14:57:04,960 [cfe8f924-b5c6-4352-87f8-4041c06f1d5a@group-CF2C2ECDC0F3-LeaderElection45] INFO  server.RaftServerConfigKeys (ConfUtils.java:logGet(43)) - raft.server.write.element-limit = 4096 (default)
2019-10-14 14:57:04,960 [cfe8f924-b5c6-4352-87f8-4041c06f1d5a@group-CF2C2ECDC0F3-LeaderElection45] INFO  server.RaftServerConfigKeys (ConfUtils.java:logGet(43)) - raft.server.watch.timeout = 10s (default)
2019-10-14 14:57:04,961 [cfe8f924-b5c6-4352-87f8-4041c06f1d5a@group-CF2C2ECDC0F3-LeaderElection45] INFO  server.RaftServerConfigKeys (ConfUtils.java:logGet(43)) - raft.server.watch.timeout.denomination = 1s (default)
2019-10-14 14:57:04,961 [cfe8f924-b5c6-4352-87f8-4041c06f1d5a@group-CF2C2ECDC0F3-LeaderElection45] INFO  server.RaftServerConfigKeys (ConfUtils.java:logGet(43)) - raft.server.watch.element-limit = 65536 (default)
2019-10-14 14:57:04,963 [cfe8f924-b5c6-4352-87f8-4041c06f1d5a@group-CF2C2ECDC0F3-LeaderElection45] INFO  server.RaftServerConfigKeys (ConfUtils.java:logGet(43)) - raft.server.log.appender.snapshot.chunk.size.max = 16MB (=16777216) (default)
2019-10-14 14:57:04,964 [cfe8f924-b5c6-4352-87f8-4041c06f1d5a@group-CF2C2ECDC0F3-LeaderElection45] INFO  server.RaftServerConfigKeys (ConfUtils.java:logGet(43)) - raft.server.log.appender.buffer.byte-limit = 33554432 (custom)
2019-10-14 14:57:04,964 [cfe8f924-b5c6-4352-87f8-4041c06f1d5a@group-CF2C2ECDC0F3-LeaderElection45] INFO  server.RaftServerConfigKeys (ConfUtils.java:logGet(43)) - raft.server.log.appender.buffer.element-limit = 1 (custom)
2019-10-14 14:57:04,964 [cfe8f924-b5c6-4352-87f8-4041c06f1d5a@group-CF2C2ECDC0F3-LeaderElection45] INFO  grpc.GrpcConfigKeys$Server (ConfUtils.java:logGet(43)) - raft.grpc.server.leader.outstanding.appends.max = 128 (default)
2019-10-14 14:57:04,964 [cfe8f924-b5c6-4352-87f8-4041c06f1d5a@group-CF2C2ECDC0F3-LeaderElection45] INFO  server.RaftServerConfigKeys (ConfUtils.java:logGet(43)) - raft.server.rpc.request.timeout = 3000ms (default)
2019-10-14 14:57:04,965 [cfe8f924-b5c6-4352-87f8-4041c06f1d5a@group-CF2C2ECDC0F3-LeaderElection45] INFO  server.RaftServerConfigKeys (ConfUtils.java:logGet(43)) - raft.server.log.appender.install.snapshot.enabled = false (custom)
2019-10-14 14:57:04,965 [cfe8f924-b5c6-4352-87f8-4041c06f1d5a@group-CF2C2ECDC0F3-LeaderElection45] INFO  server.RaftServerConfigKeys (ConfUtils.java:logGet(43)) - raft.server.log.appender.snapshot.chunk.size.max = 16MB (=16777216) (default)
2019-10-14 14:57:04,965 [cfe8f924-b5c6-4352-87f8-4041c06f1d5a@group-CF2C2ECDC0F3-LeaderElection45] INFO  server.RaftServerConfigKeys (ConfUtils.java:logGet(43)) - raft.server.log.appender.buffer.byte-limit = 33554432 (custom)
2019-10-14 14:57:04,966 [cfe8f924-b5c6-4352-87f8-4041c06f1d5a@group-CF2C2ECDC0F3-LeaderElection45] INFO  server.RaftServerConfigKeys (ConfUtils.java:logGet(43)) - raft.server.log.appender.buffer.element-limit = 1 (custom)
2019-10-14 14:57:04,966 [cfe8f924-b5c6-4352-87f8-4041c06f1d5a@group-CF2C2ECDC0F3-LeaderElection45] INFO  grpc.GrpcConfigKeys$Server (ConfUtils.java:logGet(43)) - raft.grpc.server.leader.outstanding.appends.max = 128 (default)
2019-10-14 14:57:04,966 [cfe8f924-b5c6-4352-87f8-4041c06f1d5a@group-CF2C2ECDC0F3-LeaderElection45] INFO  server.RaftServerConfigKeys (ConfUtils.java:logGet(43)) - raft.server.rpc.request.timeout = 3000ms (default)
2019-10-14 14:57:04,966 [cfe8f924-b5c6-4352-87f8-4041c06f1d5a@group-CF2C2ECDC0F3-LeaderElection45] INFO  server.RaftServerConfigKeys (ConfUtils.java:logGet(43)) - raft.server.log.appender.install.snapshot.enabled = false (custom)
2019-10-14 14:57:04,967 [cfe8f924-b5c6-4352-87f8-4041c06f1d5a@group-CF2C2ECDC0F3-LeaderElection45] INFO  impl.RoleInfo (RoleInfo.java:updateAndGet(143)) - cfe8f924-b5c6-4352-87f8-4041c06f1d5a: start LeaderState
2019-10-14 14:57:04,967 [cfe8f924-b5c6-4352-87f8-4041c06f1d5a@group-CF2C2ECDC0F3-LeaderElection45] INFO  segmented.SegmentedRaftLogWorker (SegmentedRaftLogWorker.java:startLogSegment(385)) - cfe8f924-b5c6-4352-87f8-4041c06f1d5a@group-CF2C2ECDC0F3-SegmentedRaftLogWorker: Starting segment from index:0
2019-10-14 14:57:04,968 [cfe8f924-b5c6-4352-87f8-4041c06f1d5a@group-CF2C2ECDC0F3-LeaderElection45] INFO  impl.RaftServerImpl (ServerState.java:setRaftConf(356)) - cfe8f924-b5c6-4352-87f8-4041c06f1d5a@group-CF2C2ECDC0F3: set configuration 0: [2b2a2bed-4f50-4c61-b8ad-f4f72c71dbde:192.168.164.216:36646, cfe8f924-b5c6-4352-87f8-4041c06f1d5a:192.168.164.216:37133, 990b5206-acaa-46d8-a99a-8196ac36b371:192.168.164.216:46837], old=null at 0
2019-10-14 14:57:05,005 [grpc-default-executor-4] INFO  impl.RaftServerImpl (ServerState.java:setLeader(255)) - 990b5206-acaa-46d8-a99a-8196ac36b371@group-CF2C2ECDC0F3: change Leader from null to cfe8f924-b5c6-4352-87f8-4041c06f1d5a at term 1 for appendEntries, leader elected after 5144ms
2019-10-14 14:57:05,008 [eb2213f5-8de5-47d4-9ccd-272001a7f7ca@group-F76B6A416E83-LeaderElection46] INFO  impl.LeaderElection (LeaderElection.java:askForVotes(178)) - eb2213f5-8de5-47d4-9ccd-272001a7f7ca@group-F76B6A416E83-LeaderElection46: begin an election at term 1 for -1: [eb2213f5-8de5-47d4-9ccd-272001a7f7ca:192.168.164.216:33395], old=null
2019-10-14 14:57:05,008 [eb2213f5-8de5-47d4-9ccd-272001a7f7ca@group-F76B6A416E83-LeaderElection46] INFO  impl.RoleInfo (RoleInfo.java:shutdownLeaderElection(134)) - eb2213f5-8de5-47d4-9ccd-272001a7f7ca: shutdown LeaderElection
2019-10-14 14:57:05,009 [eb2213f5-8de5-47d4-9ccd-272001a7f7ca@group-F76B6A416E83-LeaderElection46] INFO  impl.RaftServerImpl (RaftServerImpl.java:setRole(170)) - eb2213f5-8de5-47d4-9ccd-272001a7f7ca@group-F76B6A416E83: changes role from CANDIDATE to LEADER at term 1 for changeToLeader
2019-10-14 14:57:05,009 [eb2213f5-8de5-47d4-9ccd-272001a7f7ca@group-F76B6A416E83-LeaderElection46] INFO  impl.RaftServerImpl (ServerState.java:setLeader(255)) - eb2213f5-8de5-47d4-9ccd-272001a7f7ca@group-F76B6A416E83: change Leader from null to eb2213f5-8de5-47d4-9ccd-272001a7f7ca at term 1 for becomeLeader, leader elected after 5251ms
2019-10-14 14:57:05,009 [eb2213f5-8de5-47d4-9ccd-272001a7f7ca@group-F76B6A416E83-LeaderElection46] INFO  server.RaftServerConfigKeys (ConfUtils.java:logGet(43)) - raft.server.staging.catchup.gap = 1000 (default)
2019-10-14 14:57:05,009 [eb2213f5-8de5-47d4-9ccd-272001a7f7ca@group-F76B6A416E83-LeaderElection46] INFO  server.RaftServerConfigKeys (ConfUtils.java:logGet(43)) - raft.server.rpc.sleep.time = 25ms (default)
2019-10-14 14:57:05,012 [grpc-default-executor-1] INFO  impl.RaftServerImpl (ServerState.java:setLeader(255)) - 2b2a2bed-4f50-4c61-b8ad-f4f72c71dbde@group-CF2C2ECDC0F3: change Leader from null to cfe8f924-b5c6-4352-87f8-4041c06f1d5a at term 1 for appendEntries, leader elected after 5151ms
2019-10-14 14:57:05,012 [eb2213f5-8de5-47d4-9ccd-272001a7f7ca@group-F76B6A416E83-LeaderElection46] INFO  server.RaftServerConfigKeys (ConfUtils.java:logGet(43)) - raft.server.write.element-limit = 4096 (default)
2019-10-14 14:57:05,013 [eb2213f5-8de5-47d4-9ccd-272001a7f7ca@group-F76B6A416E83-LeaderElection46] INFO  server.RaftServerConfigKeys (ConfUtils.java:logGet(43)) - raft.server.watch.timeout = 10s (default)
2019-10-14 14:57:05,013 [eb2213f5-8de5-47d4-9ccd-272001a7f7ca@group-F76B6A416E83-LeaderElection46] INFO  server.RaftServerConfigKeys (ConfUtils.java:logGet(43)) - raft.server.watch.timeout.denomination = 1s (default)
2019-10-14 14:57:05,013 [eb2213f5-8de5-47d4-9ccd-272001a7f7ca@group-F76B6A416E83-LeaderElection46] INFO  server.RaftServerConfigKeys (ConfUtils.java:logGet(43)) - raft.server.watch.element-limit = 65536 (default)
2019-10-14 14:57:05,014 [grpc-default-executor-1] INFO  impl.RaftServerImpl (ServerState.java:setRaftConf(356)) - 990b5206-acaa-46d8-a99a-8196ac36b371@group-CF2C2ECDC0F3: set configuration 0: [2b2a2bed-4f50-4c61-b8ad-f4f72c71dbde:192.168.164.216:36646, cfe8f924-b5c6-4352-87f8-4041c06f1d5a:192.168.164.216:37133, 990b5206-acaa-46d8-a99a-8196ac36b371:192.168.164.216:46837], old=null at 0
2019-10-14 14:57:05,014 [grpc-default-executor-1] INFO  segmented.SegmentedRaftLogWorker (SegmentedRaftLogWorker.java:startLogSegment(385)) - 990b5206-acaa-46d8-a99a-8196ac36b371@group-CF2C2ECDC0F3-SegmentedRaftLogWorker: Starting segment from index:0
2019-10-14 14:57:05,014 [grpc-default-executor-4] INFO  impl.RaftServerImpl (ServerState.java:setRaftConf(356)) - 2b2a2bed-4f50-4c61-b8ad-f4f72c71dbde@group-CF2C2ECDC0F3: set configuration 0: [2b2a2bed-4f50-4c61-b8ad-f4f72c71dbde:192.168.164.216:36646, cfe8f924-b5c6-4352-87f8-4041c06f1d5a:192.168.164.216:37133, 990b5206-acaa-46d8-a99a-8196ac36b371:192.168.164.216:46837], old=null at 0
2019-10-14 14:57:05,015 [grpc-default-executor-4] INFO  segmented.SegmentedRaftLogWorker (SegmentedRaftLogWorker.java:startLogSegment(385)) - 2b2a2bed-4f50-4c61-b8ad-f4f72c71dbde@group-CF2C2ECDC0F3-SegmentedRaftLogWorker: Starting segment from index:0
2019-10-14 14:57:05,016 [eb2213f5-8de5-47d4-9ccd-272001a7f7ca@group-F76B6A416E83-LeaderElection46] INFO  impl.RoleInfo (RoleInfo.java:updateAndGet(143)) - eb2213f5-8de5-47d4-9ccd-272001a7f7ca: start LeaderState
2019-10-14 14:57:05,017 [eb2213f5-8de5-47d4-9ccd-272001a7f7ca@group-F76B6A416E83-LeaderElection46] INFO  segmented.SegmentedRaftLogWorker (SegmentedRaftLogWorker.java:startLogSegment(385)) - eb2213f5-8de5-47d4-9ccd-272001a7f7ca@group-F76B6A416E83-SegmentedRaftLogWorker: Starting segment from index:0
2019-10-14 14:57:05,017 [eb2213f5-8de5-47d4-9ccd-272001a7f7ca@group-F76B6A416E83-LeaderElection46] INFO  impl.RaftServerImpl (ServerState.java:setRaftConf(356)) - eb2213f5-8de5-47d4-9ccd-272001a7f7ca@group-F76B6A416E83: set configuration 0: [eb2213f5-8de5-47d4-9ccd-272001a7f7ca:192.168.164.216:33395], old=null at 0
2019-10-14 14:57:05,032 [cfe8f924-b5c6-4352-87f8-4041c06f1d5a@group-CF2C2ECDC0F3-SegmentedRaftLogWorker] INFO  segmented.SegmentedRaftLogWorker (SegmentedRaftLogWorker.java:execute(574)) - cfe8f924-b5c6-4352-87f8-4041c06f1d5a@group-CF2C2ECDC0F3-SegmentedRaftLogWorker: created new log segment /workdir/hadoop-ozone/integration-test/target/test-dir/MiniOzoneClusterImpl-5488152f-adca-46d8-995d-786b064aadbc/datanode-5/data/ratis/19a41687-90b2-4a67-811e-cf2c2ecdc0f3/current/log_inprogress_0
2019-10-14 14:57:05,061 [Thread-1471] INFO  impl.FollowerState (FollowerState.java:run(108)) - 01942dc3-32e1-416a-9d10-e82c77b83c8d@group-78B5C9BA7576-FollowerState: change to CANDIDATE, lastRpcTime:5069ms, electionTimeout:5069ms
2019-10-14 14:57:05,061 [Thread-1471] INFO  impl.RoleInfo (RoleInfo.java:shutdownFollowerState(121)) - 01942dc3-32e1-416a-9d10-e82c77b83c8d: shutdown FollowerState
2019-10-14 14:57:05,061 [Thread-1471] INFO  impl.RaftServerImpl (RaftServerImpl.java:setRole(170)) - 01942dc3-32e1-416a-9d10-e82c77b83c8d@group-78B5C9BA7576: changes role from  FOLLOWER to CANDIDATE at term 0 for changeToCandidate
2019-10-14 14:57:05,062 [Thread-1471] INFO  impl.RoleInfo (RoleInfo.java:updateAndGet(143)) - 01942dc3-32e1-416a-9d10-e82c77b83c8d: start LeaderElection
2019-10-14 14:57:05,074 [2b2a2bed-4f50-4c61-b8ad-f4f72c71dbde@group-CF2C2ECDC0F3-SegmentedRaftLogWorker] INFO  segmented.SegmentedRaftLogWorker (SegmentedRaftLogWorker.java:execute(574)) - 2b2a2bed-4f50-4c61-b8ad-f4f72c71dbde@group-CF2C2ECDC0F3-SegmentedRaftLogWorker: created new log segment /workdir/hadoop-ozone/integration-test/target/test-dir/MiniOzoneClusterImpl-5488152f-adca-46d8-995d-786b064aadbc/datanode-2/data/ratis/19a41687-90b2-4a67-811e-cf2c2ecdc0f3/current/log_inprogress_0
2019-10-14 14:57:05,074 [eb2213f5-8de5-47d4-9ccd-272001a7f7ca@group-F76B6A416E83-SegmentedRaftLogWorker] INFO  segmented.SegmentedRaftLogWorker (SegmentedRaftLogWorker.java:execute(574)) - eb2213f5-8de5-47d4-9ccd-272001a7f7ca@group-F76B6A416E83-SegmentedRaftLogWorker: created new log segment /workdir/hadoop-ozone/integration-test/target/test-dir/MiniOzoneClusterImpl-5488152f-adca-46d8-995d-786b064aadbc/datanode-6/data/ratis/db7f0f00-6cc0-4b85-9202-f76b6a416e83/current/log_inprogress_0
2019-10-14 14:57:05,074 [990b5206-acaa-46d8-a99a-8196ac36b371@group-CF2C2ECDC0F3-SegmentedRaftLogWorker] INFO  segmented.SegmentedRaftLogWorker (SegmentedRaftLogWorker.java:execute(574)) - 990b5206-acaa-46d8-a99a-8196ac36b371@group-CF2C2ECDC0F3-SegmentedRaftLogWorker: created new log segment /workdir/hadoop-ozone/integration-test/target/test-dir/MiniOzoneClusterImpl-5488152f-adca-46d8-995d-786b064aadbc/datanode-0/data/ratis/19a41687-90b2-4a67-811e-cf2c2ecdc0f3/current/log_inprogress_0
2019-10-14 14:57:05,091 [01942dc3-32e1-416a-9d10-e82c77b83c8d@group-78B5C9BA7576-LeaderElection47] INFO  impl.LeaderElection (LeaderElection.java:askForVotes(178)) - 01942dc3-32e1-416a-9d10-e82c77b83c8d@group-78B5C9BA7576-LeaderElection47: begin an election at term 1 for -1: [eb2213f5-8de5-47d4-9ccd-272001a7f7ca:192.168.164.216:33395, bd7d5c6b-fdd1-4b36-b626-bcc9c7d2e579:192.168.164.216:34670, 01942dc3-32e1-416a-9d10-e82c77b83c8d:192.168.164.216:38464], old=null
2019-10-14 14:57:05,102 [grpc-default-executor-1] INFO  impl.RaftServerImpl (RaftServerImpl.java:setRole(170)) - bd7d5c6b-fdd1-4b36-b626-bcc9c7d2e579@group-78B5C9BA7576: changes role from  FOLLOWER to FOLLOWER at term 1 for recognizeCandidate:01942dc3-32e1-416a-9d10-e82c77b83c8d
2019-10-14 14:57:05,102 [grpc-default-executor-1] INFO  impl.RoleInfo (RoleInfo.java:shutdownFollowerState(121)) - bd7d5c6b-fdd1-4b36-b626-bcc9c7d2e579: shutdown FollowerState
2019-10-14 14:57:05,105 [grpc-default-executor-4] INFO  impl.RaftServerImpl (RaftServerImpl.java:setRole(170)) - eb2213f5-8de5-47d4-9ccd-272001a7f7ca@group-78B5C9BA7576: changes role from  FOLLOWER to FOLLOWER at term 1 for recognizeCandidate:01942dc3-32e1-416a-9d10-e82c77b83c8d
2019-10-14 14:57:05,105 [Thread-1469] INFO  impl.FollowerState (FollowerState.java:run(117)) - bd7d5c6b-fdd1-4b36-b626-bcc9c7d2e579@group-78B5C9BA7576-FollowerState was interrupted: java.lang.InterruptedException: sleep interrupted
2019-10-14 14:57:05,105 [grpc-default-executor-4] INFO  impl.RoleInfo (RoleInfo.java:shutdownFollowerState(121)) - eb2213f5-8de5-47d4-9ccd-272001a7f7ca: shutdown FollowerState
2019-10-14 14:57:05,105 [grpc-default-executor-1] INFO  impl.RoleInfo (RoleInfo.java:updateAndGet(143)) - bd7d5c6b-fdd1-4b36-b626-bcc9c7d2e579: start FollowerState
2019-10-14 14:57:05,108 [grpc-default-executor-4] INFO  impl.RoleInfo (RoleInfo.java:updateAndGet(143)) - eb2213f5-8de5-47d4-9ccd-272001a7f7ca: start FollowerState
2019-10-14 14:57:05,108 [Thread-1470] INFO  impl.FollowerState (FollowerState.java:run(117)) - eb2213f5-8de5-47d4-9ccd-272001a7f7ca@group-78B5C9BA7576-FollowerState was interrupted: java.lang.InterruptedException: sleep interrupted
2019-10-14 14:57:05,145 [01942dc3-32e1-416a-9d10-e82c77b83c8d@group-78B5C9BA7576-LeaderElection47] INFO  impl.LeaderElection (LeaderElection.java:logAndReturn(56)) - 01942dc3-32e1-416a-9d10-e82c77b83c8d@group-78B5C9BA7576-LeaderElection47: Election PASSED; received 1 response(s) [01942dc3-32e1-416a-9d10-e82c77b83c8d<-bd7d5c6b-fdd1-4b36-b626-bcc9c7d2e579#0:OK-t1] and 0 exception(s); 01942dc3-32e1-416a-9d10-e82c77b83c8d@group-78B5C9BA7576:t1, leader=null, voted=01942dc3-32e1-416a-9d10-e82c77b83c8d, raftlog=01942dc3-32e1-416a-9d10-e82c77b83c8d@group-78B5C9BA7576-SegmentedRaftLog:OPENED:c-1,f-1,i0, conf=-1: [eb2213f5-8de5-47d4-9ccd-272001a7f7ca:192.168.164.216:33395, bd7d5c6b-fdd1-4b36-b626-bcc9c7d2e579:192.168.164.216:34670, 01942dc3-32e1-416a-9d10-e82c77b83c8d:192.168.164.216:38464], old=null
2019-10-14 14:57:05,146 [01942dc3-32e1-416a-9d10-e82c77b83c8d@group-78B5C9BA7576-LeaderElection47] INFO  impl.RoleInfo (RoleInfo.java:shutdownLeaderElection(134)) - 01942dc3-32e1-416a-9d10-e82c77b83c8d: shutdown LeaderElection
2019-10-14 14:57:05,148 [01942dc3-32e1-416a-9d10-e82c77b83c8d@group-78B5C9BA7576-LeaderElection47] INFO  impl.RaftServerImpl (RaftServerImpl.java:setRole(170)) - 01942dc3-32e1-416a-9d10-e82c77b83c8d@group-78B5C9BA7576: changes role from CANDIDATE to LEADER at term 1 for changeToLeader
2019-10-14 14:57:05,148 [01942dc3-32e1-416a-9d10-e82c77b83c8d@group-78B5C9BA7576-LeaderElection47] INFO  impl.RaftServerImpl (ServerState.java:setLeader(255)) - 01942dc3-32e1-416a-9d10-e82c77b83c8d@group-78B5C9BA7576: change Leader from null to 01942dc3-32e1-416a-9d10-e82c77b83c8d at term 1 for becomeLeader, leader elected after 5169ms
2019-10-14 14:57:05,148 [01942dc3-32e1-416a-9d10-e82c77b83c8d@group-78B5C9BA7576-LeaderElection47] INFO  server.RaftServerConfigKeys (ConfUtils.java:logGet(43)) - raft.server.staging.catchup.gap = 1000 (default)
2019-10-14 14:57:05,149 [01942dc3-32e1-416a-9d10-e82c77b83c8d@group-78B5C9BA7576-LeaderElection47] INFO  server.RaftServerConfigKeys (ConfUtils.java:logGet(43)) - raft.server.rpc.sleep.time = 25ms (default)
2019-10-14 14:57:05,149 [01942dc3-32e1-416a-9d10-e82c77b83c8d@group-78B5C9BA7576-LeaderElection47] INFO  server.RaftServerConfigKeys (ConfUtils.java:logGet(43)) - raft.server.write.element-limit = 4096 (default)
2019-10-14 14:57:05,149 [01942dc3-32e1-416a-9d10-e82c77b83c8d@group-78B5C9BA7576-LeaderElection47] INFO  server.RaftServerConfigKeys (ConfUtils.java:logGet(43)) - raft.server.watch.timeout = 10s (default)
2019-10-14 14:57:05,149 [01942dc3-32e1-416a-9d10-e82c77b83c8d@group-78B5C9BA7576-LeaderElection47] INFO  server.RaftServerConfigKeys (ConfUtils.java:logGet(43)) - raft.server.watch.timeout.denomination = 1s (default)
2019-10-14 14:57:05,149 [01942dc3-32e1-416a-9d10-e82c77b83c8d@group-78B5C9BA7576-LeaderElection47] INFO  server.RaftServerConfigKeys (ConfUtils.java:logGet(43)) - raft.server.watch.element-limit = 65536 (default)
2019-10-14 14:57:05,152 [01942dc3-32e1-416a-9d10-e82c77b83c8d@group-78B5C9BA7576-LeaderElection47] INFO  server.RaftServerConfigKeys (ConfUtils.java:logGet(43)) - raft.server.log.appender.snapshot.chunk.size.max = 16MB (=16777216) (default)
2019-10-14 14:57:05,153 [01942dc3-32e1-416a-9d10-e82c77b83c8d@group-78B5C9BA7576-LeaderElection47] INFO  server.RaftServerConfigKeys (ConfUtils.java:logGet(43)) - raft.server.log.appender.buffer.byte-limit = 33554432 (custom)
2019-10-14 14:57:05,153 [01942dc3-32e1-416a-9d10-e82c77b83c8d@group-78B5C9BA7576-LeaderElection47] INFO  server.RaftServerConfigKeys (ConfUtils.java:logGet(43)) - raft.server.log.appender.buffer.element-limit = 1 (custom)
2019-10-14 14:57:05,153 [01942dc3-32e1-416a-9d10-e82c77b83c8d@group-78B5C9BA7576-LeaderElection47] INFO  grpc.GrpcConfigKeys$Server (ConfUtils.java:logGet(43)) - raft.grpc.server.leader.outstanding.appends.max = 128 (default)
2019-10-14 14:57:05,154 [01942dc3-32e1-416a-9d10-e82c77b83c8d@group-78B5C9BA7576-LeaderElection47] INFO  server.RaftServerConfigKeys (ConfUtils.java:logGet(43)) - raft.server.rpc.request.timeout = 3000ms (default)
2019-10-14 14:57:05,154 [01942dc3-32e1-416a-9d10-e82c77b83c8d@group-78B5C9BA7576-LeaderElection47] INFO  server.RaftServerConfigKeys (ConfUtils.java:logGet(43)) - raft.server.log.appender.install.snapshot.enabled = false (custom)
2019-10-14 14:57:05,154 [01942dc3-32e1-416a-9d10-e82c77b83c8d@group-78B5C9BA7576-LeaderElection47] INFO  server.RaftServerConfigKeys (ConfUtils.java:logGet(43)) - raft.server.log.appender.snapshot.chunk.size.max = 16MB (=16777216) (default)
2019-10-14 14:57:05,154 [01942dc3-32e1-416a-9d10-e82c77b83c8d@group-78B5C9BA7576-LeaderElection47] INFO  server.RaftServerConfigKeys (ConfUtils.java:logGet(43)) - raft.server.log.appender.buffer.byte-limit = 33554432 (custom)
2019-10-14 14:57:05,155 [01942dc3-32e1-416a-9d10-e82c77b83c8d@group-78B5C9BA7576-LeaderElection47] INFO  server.RaftServerConfigKeys (ConfUtils.java:logGet(43)) - raft.server.log.appender.buffer.element-limit = 1 (custom)
2019-10-14 14:57:05,155 [01942dc3-32e1-416a-9d10-e82c77b83c8d@group-78B5C9BA7576-LeaderElection47] INFO  grpc.GrpcConfigKeys$Server (ConfUtils.java:logGet(43)) - raft.grpc.server.leader.outstanding.appends.max = 128 (default)
2019-10-14 14:57:05,155 [01942dc3-32e1-416a-9d10-e82c77b83c8d@group-78B5C9BA7576-LeaderElection47] INFO  server.RaftServerConfigKeys (ConfUtils.java:logGet(43)) - raft.server.rpc.request.timeout = 3000ms (default)
2019-10-14 14:57:05,155 [01942dc3-32e1-416a-9d10-e82c77b83c8d@group-78B5C9BA7576-LeaderElection47] INFO  server.RaftServerConfigKeys (ConfUtils.java:logGet(43)) - raft.server.log.appender.install.snapshot.enabled = false (custom)
2019-10-14 14:57:05,156 [01942dc3-32e1-416a-9d10-e82c77b83c8d@group-78B5C9BA7576-LeaderElection47] INFO  impl.RoleInfo (RoleInfo.java:updateAndGet(143)) - 01942dc3-32e1-416a-9d10-e82c77b83c8d: start LeaderState
2019-10-14 14:57:05,156 [01942dc3-32e1-416a-9d10-e82c77b83c8d@group-78B5C9BA7576-LeaderElection47] INFO  segmented.SegmentedRaftLogWorker (SegmentedRaftLogWorker.java:startLogSegment(385)) - 01942dc3-32e1-416a-9d10-e82c77b83c8d@group-78B5C9BA7576-SegmentedRaftLogWorker: Starting segment from index:0
2019-10-14 14:57:05,157 [01942dc3-32e1-416a-9d10-e82c77b83c8d@group-78B5C9BA7576-LeaderElection47] INFO  impl.RaftServerImpl (ServerState.java:setRaftConf(356)) - 01942dc3-32e1-416a-9d10-e82c77b83c8d@group-78B5C9BA7576: set configuration 0: [eb2213f5-8de5-47d4-9ccd-272001a7f7ca:192.168.164.216:33395, bd7d5c6b-fdd1-4b36-b626-bcc9c7d2e579:192.168.164.216:34670, 01942dc3-32e1-416a-9d10-e82c77b83c8d:192.168.164.216:38464], old=null at 0
2019-10-14 14:57:05,159 [grpc-default-executor-1] INFO  impl.RaftServerImpl (ServerState.java:setLeader(255)) - bd7d5c6b-fdd1-4b36-b626-bcc9c7d2e579@group-78B5C9BA7576: change Leader from null to 01942dc3-32e1-416a-9d10-e82c77b83c8d at term 1 for appendEntries, leader elected after 5180ms
2019-10-14 14:57:05,193 [grpc-default-executor-2] INFO  impl.RaftServerImpl (ServerState.java:setLeader(255)) - eb2213f5-8de5-47d4-9ccd-272001a7f7ca@group-78B5C9BA7576: change Leader from null to 01942dc3-32e1-416a-9d10-e82c77b83c8d at term 1 for appendEntries, leader elected after 5214ms
2019-10-14 14:57:05,199 [grpc-default-executor-2] INFO  impl.RaftServerImpl (ServerState.java:setRaftConf(356)) - eb2213f5-8de5-47d4-9ccd-272001a7f7ca@group-78B5C9BA7576: set configuration 0: [eb2213f5-8de5-47d4-9ccd-272001a7f7ca:192.168.164.216:33395, bd7d5c6b-fdd1-4b36-b626-bcc9c7d2e579:192.168.164.216:34670, 01942dc3-32e1-416a-9d10-e82c77b83c8d:192.168.164.216:38464], old=null at 0
2019-10-14 14:57:05,199 [grpc-default-executor-1] INFO  impl.RaftServerImpl (ServerState.java:setRaftConf(356)) - bd7d5c6b-fdd1-4b36-b626-bcc9c7d2e579@group-78B5C9BA7576: set configuration 0: [eb2213f5-8de5-47d4-9ccd-272001a7f7ca:192.168.164.216:33395, bd7d5c6b-fdd1-4b36-b626-bcc9c7d2e579:192.168.164.216:34670, 01942dc3-32e1-416a-9d10-e82c77b83c8d:192.168.164.216:38464], old=null at 0
2019-10-14 14:57:05,199 [grpc-default-executor-2] INFO  segmented.SegmentedRaftLogWorker (SegmentedRaftLogWorker.java:startLogSegment(385)) - eb2213f5-8de5-47d4-9ccd-272001a7f7ca@group-78B5C9BA7576-SegmentedRaftLogWorker: Starting segment from index:0
2019-10-14 14:57:05,199 [grpc-default-executor-1] INFO  segmented.SegmentedRaftLogWorker (SegmentedRaftLogWorker.java:startLogSegment(385)) - bd7d5c6b-fdd1-4b36-b626-bcc9c7d2e579@group-78B5C9BA7576-SegmentedRaftLogWorker: Starting segment from index:0
2019-10-14 14:57:05,217 [01942dc3-32e1-416a-9d10-e82c77b83c8d@group-78B5C9BA7576-SegmentedRaftLogWorker] INFO  segmented.SegmentedRaftLogWorker (SegmentedRaftLogWorker.java:execute(574)) - 01942dc3-32e1-416a-9d10-e82c77b83c8d@group-78B5C9BA7576-SegmentedRaftLogWorker: created new log segment /workdir/hadoop-ozone/integration-test/target/test-dir/MiniOzoneClusterImpl-5488152f-adca-46d8-995d-786b064aadbc/datanode-1/data/ratis/8a2ac78e-586d-463e-9971-78b5c9ba7576/current/log_inprogress_0
2019-10-14 14:57:05,259 [bd7d5c6b-fdd1-4b36-b626-bcc9c7d2e579@group-78B5C9BA7576-SegmentedRaftLogWorker] INFO  segmented.SegmentedRaftLogWorker (SegmentedRaftLogWorker.java:execute(574)) - bd7d5c6b-fdd1-4b36-b626-bcc9c7d2e579@group-78B5C9BA7576-SegmentedRaftLogWorker: created new log segment /workdir/hadoop-ozone/integration-test/target/test-dir/MiniOzoneClusterImpl-5488152f-adca-46d8-995d-786b064aadbc/datanode-4/data/ratis/8a2ac78e-586d-463e-9971-78b5c9ba7576/current/log_inprogress_0
2019-10-14 14:57:05,259 [eb2213f5-8de5-47d4-9ccd-272001a7f7ca@group-78B5C9BA7576-SegmentedRaftLogWorker] INFO  segmented.SegmentedRaftLogWorker (SegmentedRaftLogWorker.java:execute(574)) - eb2213f5-8de5-47d4-9ccd-272001a7f7ca@group-78B5C9BA7576-SegmentedRaftLogWorker: created new log segment /workdir/hadoop-ozone/integration-test/target/test-dir/MiniOzoneClusterImpl-5488152f-adca-46d8-995d-786b064aadbc/datanode-6/data/ratis/8a2ac78e-586d-463e-9971-78b5c9ba7576/current/log_inprogress_0
2019-10-14 14:57:07,034 [Datanode State Machine Thread - 0] INFO  statemachine.DatanodeStateMachine (DatanodeStateMachine.java:lambda$startDaemon$0(350)) - Ozone container server started.
2019-10-14 14:57:11,051 [main] INFO  ozoneimpl.OzoneContainer (OzoneContainer.java:stop(227)) - Attempting to stop container services.
2019-10-14 14:57:11,052 [main] INFO  impl.RaftServerProxy (RaftServerProxy.java:lambda$close$4(314)) - 2b2a2bed-4f50-4c61-b8ad-f4f72c71dbde: close
2019-10-14 14:57:11,053 [main] INFO  impl.RaftServerImpl (RaftServerImpl.java:lambda$shutdown$3(247)) - 2b2a2bed-4f50-4c61-b8ad-f4f72c71dbde@group-CF2C2ECDC0F3: shutdown
2019-10-14 14:57:11,054 [main] INFO  util.JmxRegister (JmxRegister.java:unregister(73)) - Successfully un-registered JMX Bean with object name Ratis:service=RaftServer,group=group-CF2C2ECDC0F3,id=2b2a2bed-4f50-4c61-b8ad-f4f72c71dbde
2019-10-14 14:57:11,054 [main] INFO  impl.RoleInfo (RoleInfo.java:shutdownFollowerState(121)) - 2b2a2bed-4f50-4c61-b8ad-f4f72c71dbde: shutdown FollowerState
2019-10-14 14:57:11,055 [main] INFO  impl.StateMachineUpdater (StateMachineUpdater.java:stopAndJoin(136)) - 2b2a2bed-4f50-4c61-b8ad-f4f72c71dbde@group-CF2C2ECDC0F3-StateMachineUpdater: set stopIndex = 2
2019-10-14 14:57:11,055 [2b2a2bed-4f50-4c61-b8ad-f4f72c71dbde@group-CF2C2ECDC0F3-StateMachineUpdater] INFO  ratis.ContainerStateMachine (ContainerStateMachine.java:takeSnapshot(294)) - group-CF2C2ECDC0F3: Taking a snapshot at:(t:1, i:1) file /workdir/hadoop-ozone/integration-test/target/test-dir/MiniOzoneClusterImpl-5488152f-adca-46d8-995d-786b064aadbc/datanode-2/data/ratis/19a41687-90b2-4a67-811e-cf2c2ecdc0f3/sm/snapshot.1_1
2019-10-14 14:57:11,055 [Thread-1520] INFO  impl.FollowerState (FollowerState.java:run(117)) - 2b2a2bed-4f50-4c61-b8ad-f4f72c71dbde@group-CF2C2ECDC0F3-FollowerState was interrupted: java.lang.InterruptedException: sleep interrupted
2019-10-14 14:57:11,087 [2b2a2bed-4f50-4c61-b8ad-f4f72c71dbde@group-CF2C2ECDC0F3-StateMachineUpdater] INFO  ratis.ContainerStateMachine (ContainerStateMachine.java:takeSnapshot(305)) - group-CF2C2ECDC0F3: Finished taking a snapshot at:(t:1, i:1) file:/workdir/hadoop-ozone/integration-test/target/test-dir/MiniOzoneClusterImpl-5488152f-adca-46d8-995d-786b064aadbc/datanode-2/data/ratis/19a41687-90b2-4a67-811e-cf2c2ecdc0f3/sm/snapshot.1_1 time:32
2019-10-14 14:57:11,088 [2b2a2bed-4f50-4c61-b8ad-f4f72c71dbde@group-CF2C2ECDC0F3-StateMachineUpdater] INFO  impl.StateMachineUpdater (StateMachineUpdater.java:takeSnapshot(269)) - 2b2a2bed-4f50-4c61-b8ad-f4f72c71dbde@group-CF2C2ECDC0F3-StateMachineUpdater: Took a snapshot at index 1
2019-10-14 14:57:11,088 [2b2a2bed-4f50-4c61-b8ad-f4f72c71dbde@group-CF2C2ECDC0F3-StateMachineUpdater] INFO  impl.StateMachineUpdater (StateMachineUpdater.java:lambda$new$0(84)) - 2b2a2bed-4f50-4c61-b8ad-f4f72c71dbde@group-CF2C2ECDC0F3-StateMachineUpdater: snapshotIndex: updateIncreasingly -1 -> 1
2019-10-14 14:57:11,088 [2b2a2bed-4f50-4c61-b8ad-f4f72c71dbde@group-CF2C2ECDC0F3-StateMachineUpdater] INFO  ratis.ContainerStateMachine (ContainerStateMachine.java:takeSnapshot(294)) - group-CF2C2ECDC0F3: Taking a snapshot at:(t:1, i:1) file /workdir/hadoop-ozone/integration-test/target/test-dir/MiniOzoneClusterImpl-5488152f-adca-46d8-995d-786b064aadbc/datanode-2/data/ratis/19a41687-90b2-4a67-811e-cf2c2ecdc0f3/sm/snapshot.1_1
2019-10-14 14:57:11,111 [2b2a2bed-4f50-4c61-b8ad-f4f72c71dbde@group-CF2C2ECDC0F3-StateMachineUpdater] INFO  ratis.ContainerStateMachine (ContainerStateMachine.java:takeSnapshot(305)) - group-CF2C2ECDC0F3: Finished taking a snapshot at:(t:1, i:1) file:/workdir/hadoop-ozone/integration-test/target/test-dir/MiniOzoneClusterImpl-5488152f-adca-46d8-995d-786b064aadbc/datanode-2/data/ratis/19a41687-90b2-4a67-811e-cf2c2ecdc0f3/sm/snapshot.1_1 time:22
2019-10-14 14:57:11,111 [2b2a2bed-4f50-4c61-b8ad-f4f72c71dbde@group-CF2C2ECDC0F3-StateMachineUpdater] INFO  impl.StateMachineUpdater (StateMachineUpdater.java:takeSnapshot(269)) - 2b2a2bed-4f50-4c61-b8ad-f4f72c71dbde@group-CF2C2ECDC0F3-StateMachineUpdater: Took a snapshot at index 1
2019-10-14 14:57:11,111 [2b2a2bed-4f50-4c61-b8ad-f4f72c71dbde@group-CF2C2ECDC0F3-StateMachineUpdater] INFO  impl.StateMachineUpdater (StateMachineUpdater.java:lambda$new$0(84)) - 2b2a2bed-4f50-4c61-b8ad-f4f72c71dbde@group-CF2C2ECDC0F3-StateMachineUpdater: snapshotIndex: updateIncreasingly 1 -> 1
2019-10-14 14:57:11,112 [main] INFO  impl.RaftServerImpl (ServerState.java:close(387)) - 2b2a2bed-4f50-4c61-b8ad-f4f72c71dbde@group-CF2C2ECDC0F3: closes. applyIndex: 2
2019-10-14 14:57:11,113 [2b2a2bed-4f50-4c61-b8ad-f4f72c71dbde@group-CF2C2ECDC0F3-SegmentedRaftLogWorker] INFO  segmented.SegmentedRaftLogWorker (SegmentedRaftLogWorker.java:run(316)) - 2b2a2bed-4f50-4c61-b8ad-f4f72c71dbde@group-CF2C2ECDC0F3-SegmentedRaftLogWorker was interrupted, exiting. There are 0 tasks remaining in the queue.
2019-10-14 14:57:11,116 [main] INFO  segmented.SegmentedRaftLogWorker (SegmentedRaftLogWorker.java:close(224)) - 2b2a2bed-4f50-4c61-b8ad-f4f72c71dbde@group-CF2C2ECDC0F3-SegmentedRaftLogWorker close()
2019-10-14 14:57:11,121 [main] INFO  impl.RaftServerImpl (RaftServerImpl.java:lambda$shutdown$3(247)) - 2b2a2bed-4f50-4c61-b8ad-f4f72c71dbde@group-7A4E306C90D6: shutdown
2019-10-14 14:57:11,121 [main] INFO  util.JmxRegister (JmxRegister.java:unregister(73)) - Successfully un-registered JMX Bean with object name Ratis:service=RaftServer,group=group-7A4E306C90D6,id=2b2a2bed-4f50-4c61-b8ad-f4f72c71dbde
2019-10-14 14:57:11,122 [main] INFO  impl.RoleInfo (RoleInfo.java:shutdownLeaderState(104)) - 2b2a2bed-4f50-4c61-b8ad-f4f72c71dbde: shutdown LeaderState
2019-10-14 14:57:11,122 [main] INFO  impl.PendingRequests (PendingRequests.java:sendNotLeaderResponses(202)) - 2b2a2bed-4f50-4c61-b8ad-f4f72c71dbde@group-7A4E306C90D6-PendingRequests: sendNotLeaderResponses
2019-10-14 14:57:11,123 [main] INFO  impl.StateMachineUpdater (StateMachineUpdater.java:stopAndJoin(136)) - 2b2a2bed-4f50-4c61-b8ad-f4f72c71dbde@group-7A4E306C90D6-StateMachineUpdater: set stopIndex = 0
2019-10-14 14:57:11,123 [main] INFO  impl.RaftServerImpl (ServerState.java:close(387)) - 2b2a2bed-4f50-4c61-b8ad-f4f72c71dbde@group-7A4E306C90D6: closes. applyIndex: 0
2019-10-14 14:57:11,124 [2b2a2bed-4f50-4c61-b8ad-f4f72c71dbde@group-7A4E306C90D6-SegmentedRaftLogWorker] INFO  segmented.SegmentedRaftLogWorker (SegmentedRaftLogWorker.java:run(316)) - 2b2a2bed-4f50-4c61-b8ad-f4f72c71dbde@group-7A4E306C90D6-SegmentedRaftLogWorker was interrupted, exiting. There are 0 tasks remaining in the queue.
2019-10-14 14:57:11,126 [main] INFO  segmented.SegmentedRaftLogWorker (SegmentedRaftLogWorker.java:close(224)) - 2b2a2bed-4f50-4c61-b8ad-f4f72c71dbde@group-7A4E306C90D6-SegmentedRaftLogWorker close()
2019-10-14 14:57:11,131 [main] INFO  server.GrpcService (GrpcService.java:closeImpl(164)) - 2b2a2bed-4f50-4c61-b8ad-f4f72c71dbde: shutdown server with port 36646 now
2019-10-14 14:57:11,133 [grpc-default-executor-2] WARN  server.GrpcServerProtocolService (LogUtils.java:warn(134)) - 2b2a2bed-4f50-4c61-b8ad-f4f72c71dbde: installSnapshot onError, lastRequest: cfe8f924-b5c6-4352-87f8-4041c06f1d5a->2b2a2bed-4f50-4c61-b8ad-f4f72c71dbde#5-t1, previous=(t:1, i:2), leaderCommit=2, initializing? false, entries: <empty>: org.apache.ratis.thirdparty.io.grpc.StatusRuntimeException: CANCELLED: cancelled before receiving half close
2019-10-14 14:57:11,133 [main] INFO  server.GrpcService (GrpcService.java:closeImpl(172)) - 2b2a2bed-4f50-4c61-b8ad-f4f72c71dbde: shutdown server with port 36646 successfully
2019-10-14 14:57:11,133 [grpc-default-executor-1] WARN  server.GrpcLogAppender (LogUtils.java:warn(134)) - cfe8f924-b5c6-4352-87f8-4041c06f1d5a@group-CF2C2ECDC0F3->2b2a2bed-4f50-4c61-b8ad-f4f72c71dbde-AppendLogResponseHandler: Failed appendEntries: org.apache.ratis.thirdparty.io.grpc.StatusRuntimeException: CANCELLED: HTTP/2 error code: CANCEL
Received Rst Stream
2019-10-14 14:57:11,134 [grpc-default-executor-1] INFO  impl.FollowerInfo (FollowerInfo.java:lambda$new$0(51)) - cfe8f924-b5c6-4352-87f8-4041c06f1d5a@group-CF2C2ECDC0F3->2b2a2bed-4f50-4c61-b8ad-f4f72c71dbde: nextIndex: updateUnconditionally 3 -> 2
2019-10-14 14:57:11,135 [refreshUsed-/workdir/hadoop-ozone/integration-test/target/test-dir/MiniOzoneClusterImpl-5488152f-adca-46d8-995d-786b064aadbc/datanode-2/data/containers] WARN  fs.CachingGetSpaceUsed (CachingGetSpaceUsed.java:run(183)) - Thread Interrupted waiting to refresh disk information: sleep interrupted
2019-10-14 14:57:11,153 [main] INFO  utils.BackgroundService (BackgroundService.java:shutdown(151)) - Shutting down service BlockDeletingService
2019-10-14 14:57:11,160 [main] INFO  statemachine.DatanodeStateMachine (DatanodeStateMachine.java:stopDaemon(395)) - Ozone container server stopped.
2019-10-14 14:57:11,161 [main] INFO  handler.ContextHandler (ContextHandler.java:doStop(910)) - Stopped o.e.j.w.WebAppContext@671d03bb{/,null,UNAVAILABLE}{/hddsDatanode}
2019-10-14 14:57:11,162 [main] INFO  server.AbstractConnector (AbstractConnector.java:doStop(318)) - Stopped ServerConnector@6babffb5{HTTP/1.1,[http/1.1]}{0.0.0.0:0}
2019-10-14 14:57:11,163 [main] INFO  handler.ContextHandler (ContextHandler.java:doStop(910)) - Stopped o.e.j.s.ServletContextHandler@5cff6b74{/static,jar:file:/home/user/.m2/repository/org/apache/hadoop/hadoop-hdds-container-service/0.5.0-SNAPSHOT/hadoop-hdds-container-service-0.5.0-SNAPSHOT.jar!/webapps/static,UNAVAILABLE}
2019-10-14 14:57:11,163 [main] INFO  handler.ContextHandler (ContextHandler.java:doStop(910)) - Stopped o.e.j.s.ServletContextHandler@1903b5d{/logs,file:///workdir/hadoop-ozone/integration-test/target/log,UNAVAILABLE}
2019-10-14 14:57:12,094 [Datanode State Machine Thread - 0] INFO  statemachine.DatanodeStateMachine (DatanodeStateMachine.java:lambda$startDaemon$0(350)) - Ozone container server started.
2019-10-14 14:57:13,385 [grpc-default-executor-4] WARN  server.GrpcLogAppender (LogUtils.java:warn(134)) - cfe8f924-b5c6-4352-87f8-4041c06f1d5a@group-CF2C2ECDC0F3->2b2a2bed-4f50-4c61-b8ad-f4f72c71dbde-AppendLogResponseHandler: Failed appendEntries: org.apache.ratis.thirdparty.io.grpc.StatusRuntimeException: UNAVAILABLE: io exception
2019-10-14 14:57:13,386 [grpc-default-executor-4] INFO  impl.FollowerInfo (FollowerInfo.java:lambda$new$0(51)) - cfe8f924-b5c6-4352-87f8-4041c06f1d5a@group-CF2C2ECDC0F3->2b2a2bed-4f50-4c61-b8ad-f4f72c71dbde: nextIndex: updateUnconditionally 2 -> 1
2019-10-14 14:57:15,891 [grpc-default-executor-2] WARN  server.GrpcLogAppender (LogUtils.java:warn(134)) - cfe8f924-b5c6-4352-87f8-4041c06f1d5a@group-CF2C2ECDC0F3->2b2a2bed-4f50-4c61-b8ad-f4f72c71dbde-AppendLogResponseHandler: Failed appendEntries: org.apache.ratis.thirdparty.io.grpc.StatusRuntimeException: UNAVAILABLE: io exception
2019-10-14 14:57:15,893 [grpc-default-executor-2] INFO  impl.FollowerInfo (FollowerInfo.java:lambda$new$0(51)) - cfe8f924-b5c6-4352-87f8-4041c06f1d5a@group-CF2C2ECDC0F3->2b2a2bed-4f50-4c61-b8ad-f4f72c71dbde: nextIndex: updateUnconditionally 1 -> 0
2019-10-14 14:57:16,165 [main] INFO  ozoneimpl.OzoneContainer (OzoneContainer.java:stop(227)) - Attempting to stop container services.
2019-10-14 14:57:16,166 [main] INFO  impl.RaftServerProxy (RaftServerProxy.java:lambda$close$4(314)) - 990b5206-acaa-46d8-a99a-8196ac36b371: close
2019-10-14 14:57:16,167 [main] INFO  impl.RaftServerImpl (RaftServerImpl.java:lambda$shutdown$3(247)) - 990b5206-acaa-46d8-a99a-8196ac36b371@group-05BEB9C98217: shutdown
2019-10-14 14:57:16,168 [main] INFO  util.JmxRegister (JmxRegister.java:unregister(73)) - Successfully un-registered JMX Bean with object name Ratis:service=RaftServer,group=group-05BEB9C98217,id=990b5206-acaa-46d8-a99a-8196ac36b371
2019-10-14 14:57:16,168 [main] INFO  impl.RoleInfo (RoleInfo.java:shutdownLeaderState(104)) - 990b5206-acaa-46d8-a99a-8196ac36b371: shutdown LeaderState
2019-10-14 14:57:16,169 [main] INFO  impl.PendingRequests (PendingRequests.java:sendNotLeaderResponses(202)) - 990b5206-acaa-46d8-a99a-8196ac36b371@group-05BEB9C98217-PendingRequests: sendNotLeaderResponses
2019-10-14 14:57:16,170 [main] INFO  impl.StateMachineUpdater (StateMachineUpdater.java:stopAndJoin(136)) - 990b5206-acaa-46d8-a99a-8196ac36b371@group-05BEB9C98217-StateMachineUpdater: set stopIndex = 0
2019-10-14 14:57:16,170 [main] INFO  impl.RaftServerImpl (ServerState.java:close(387)) - 990b5206-acaa-46d8-a99a-8196ac36b371@group-05BEB9C98217: closes. applyIndex: 0
2019-10-14 14:57:16,170 [990b5206-acaa-46d8-a99a-8196ac36b371@group-05BEB9C98217-SegmentedRaftLogWorker] INFO  segmented.SegmentedRaftLogWorker (SegmentedRaftLogWorker.java:run(316)) - 990b5206-acaa-46d8-a99a-8196ac36b371@group-05BEB9C98217-SegmentedRaftLogWorker was interrupted, exiting. There are 0 tasks remaining in the queue.
2019-10-14 14:57:16,176 [main] INFO  segmented.SegmentedRaftLogWorker (SegmentedRaftLogWorker.java:close(224)) - 990b5206-acaa-46d8-a99a-8196ac36b371@group-05BEB9C98217-SegmentedRaftLogWorker close()
2019-10-14 14:57:16,180 [main] INFO  impl.RaftServerImpl (RaftServerImpl.java:lambda$shutdown$3(247)) - 990b5206-acaa-46d8-a99a-8196ac36b371@group-CF2C2ECDC0F3: shutdown
2019-10-14 14:57:16,181 [main] INFO  util.JmxRegister (JmxRegister.java:unregister(73)) - Successfully un-registered JMX Bean with object name Ratis:service=RaftServer,group=group-CF2C2ECDC0F3,id=990b5206-acaa-46d8-a99a-8196ac36b371
2019-10-14 14:57:16,181 [main] INFO  impl.RoleInfo (RoleInfo.java:shutdownFollowerState(121)) - 990b5206-acaa-46d8-a99a-8196ac36b371: shutdown FollowerState
2019-10-14 14:57:16,182 [main] INFO  impl.StateMachineUpdater (StateMachineUpdater.java:stopAndJoin(136)) - 990b5206-acaa-46d8-a99a-8196ac36b371@group-CF2C2ECDC0F3-StateMachineUpdater: set stopIndex = 2
2019-10-14 14:57:16,182 [990b5206-acaa-46d8-a99a-8196ac36b371@group-CF2C2ECDC0F3-StateMachineUpdater] INFO  ratis.ContainerStateMachine (ContainerStateMachine.java:takeSnapshot(294)) - group-CF2C2ECDC0F3: Taking a snapshot at:(t:1, i:1) file /workdir/hadoop-ozone/integration-test/target/test-dir/MiniOzoneClusterImpl-5488152f-adca-46d8-995d-786b064aadbc/datanode-0/data/ratis/19a41687-90b2-4a67-811e-cf2c2ecdc0f3/sm/snapshot.1_1
2019-10-14 14:57:16,182 [Thread-1519] INFO  impl.FollowerState (FollowerState.java:run(117)) - 990b5206-acaa-46d8-a99a-8196ac36b371@group-CF2C2ECDC0F3-FollowerState was interrupted: java.lang.InterruptedException: sleep interrupted
2019-10-14 14:57:16,199 [990b5206-acaa-46d8-a99a-8196ac36b371@group-CF2C2ECDC0F3-StateMachineUpdater] INFO  ratis.ContainerStateMachine (ContainerStateMachine.java:takeSnapshot(305)) - group-CF2C2ECDC0F3: Finished taking a snapshot at:(t:1, i:1) file:/workdir/hadoop-ozone/integration-test/target/test-dir/MiniOzoneClusterImpl-5488152f-adca-46d8-995d-786b064aadbc/datanode-0/data/ratis/19a41687-90b2-4a67-811e-cf2c2ecdc0f3/sm/snapshot.1_1 time:17
2019-10-14 14:57:16,199 [990b5206-acaa-46d8-a99a-8196ac36b371@group-CF2C2ECDC0F3-StateMachineUpdater] INFO  impl.StateMachineUpdater (StateMachineUpdater.java:takeSnapshot(269)) - 990b5206-acaa-46d8-a99a-8196ac36b371@group-CF2C2ECDC0F3-StateMachineUpdater: Took a snapshot at index 1
2019-10-14 14:57:16,200 [990b5206-acaa-46d8-a99a-8196ac36b371@group-CF2C2ECDC0F3-StateMachineUpdater] INFO  impl.StateMachineUpdater (StateMachineUpdater.java:lambda$new$0(84)) - 990b5206-acaa-46d8-a99a-8196ac36b371@group-CF2C2ECDC0F3-StateMachineUpdater: snapshotIndex: updateIncreasingly -1 -> 1
2019-10-14 14:57:16,200 [990b5206-acaa-46d8-a99a-8196ac36b371@group-CF2C2ECDC0F3-StateMachineUpdater] INFO  ratis.ContainerStateMachine (ContainerStateMachine.java:takeSnapshot(294)) - group-CF2C2ECDC0F3: Taking a snapshot at:(t:1, i:1) file /workdir/hadoop-ozone/integration-test/target/test-dir/MiniOzoneClusterImpl-5488152f-adca-46d8-995d-786b064aadbc/datanode-0/data/ratis/19a41687-90b2-4a67-811e-cf2c2ecdc0f3/sm/snapshot.1_1
2019-10-14 14:57:16,223 [990b5206-acaa-46d8-a99a-8196ac36b371@group-CF2C2ECDC0F3-StateMachineUpdater] INFO  ratis.ContainerStateMachine (ContainerStateMachine.java:takeSnapshot(305)) - group-CF2C2ECDC0F3: Finished taking a snapshot at:(t:1, i:1) file:/workdir/hadoop-ozone/integration-test/target/test-dir/MiniOzoneClusterImpl-5488152f-adca-46d8-995d-786b064aadbc/datanode-0/data/ratis/19a41687-90b2-4a67-811e-cf2c2ecdc0f3/sm/snapshot.1_1 time:22
2019-10-14 14:57:16,223 [990b5206-acaa-46d8-a99a-8196ac36b371@group-CF2C2ECDC0F3-StateMachineUpdater] INFO  impl.StateMachineUpdater (StateMachineUpdater.java:takeSnapshot(269)) - 990b5206-acaa-46d8-a99a-8196ac36b371@group-CF2C2ECDC0F3-StateMachineUpdater: Took a snapshot at index 1
2019-10-14 14:57:16,224 [990b5206-acaa-46d8-a99a-8196ac36b371@group-CF2C2ECDC0F3-StateMachineUpdater] INFO  impl.StateMachineUpdater (StateMachineUpdater.java:lambda$new$0(84)) - 990b5206-acaa-46d8-a99a-8196ac36b371@group-CF2C2ECDC0F3-StateMachineUpdater: snapshotIndex: updateIncreasingly 1 -> 1
2019-10-14 14:57:16,224 [main] INFO  impl.RaftServerImpl (ServerState.java:close(387)) - 990b5206-acaa-46d8-a99a-8196ac36b371@group-CF2C2ECDC0F3: closes. applyIndex: 2
2019-10-14 14:57:16,224 [990b5206-acaa-46d8-a99a-8196ac36b371@group-CF2C2ECDC0F3-SegmentedRaftLogWorker] INFO  segmented.SegmentedRaftLogWorker (SegmentedRaftLogWorker.java:run(316)) - 990b5206-acaa-46d8-a99a-8196ac36b371@group-CF2C2ECDC0F3-SegmentedRaftLogWorker was interrupted, exiting. There are 0 tasks remaining in the queue.
2019-10-14 14:57:16,226 [main] INFO  segmented.SegmentedRaftLogWorker (SegmentedRaftLogWorker.java:close(224)) - 990b5206-acaa-46d8-a99a-8196ac36b371@group-CF2C2ECDC0F3-SegmentedRaftLogWorker close()
2019-10-14 14:57:16,231 [main] INFO  server.GrpcService (GrpcService.java:closeImpl(164)) - 990b5206-acaa-46d8-a99a-8196ac36b371: shutdown server with port 46837 now
2019-10-14 14:57:16,232 [grpc-default-executor-4] WARN  server.GrpcServerProtocolService (LogUtils.java:warn(134)) - 990b5206-acaa-46d8-a99a-8196ac36b371: installSnapshot onError, lastRequest: cfe8f924-b5c6-4352-87f8-4041c06f1d5a->990b5206-acaa-46d8-a99a-8196ac36b371#7-t1, previous=(t:1, i:2), leaderCommit=2, initializing? false, entries: <empty>: org.apache.ratis.thirdparty.io.grpc.StatusRuntimeException: CANCELLED: cancelled before receiving half close
2019-10-14 14:57:16,232 [main] INFO  server.GrpcService (GrpcService.java:closeImpl(172)) - 990b5206-acaa-46d8-a99a-8196ac36b371: shutdown server with port 46837 successfully
2019-10-14 14:57:16,232 [grpc-default-executor-2] WARN  server.GrpcLogAppender (LogUtils.java:warn(134)) - cfe8f924-b5c6-4352-87f8-4041c06f1d5a@group-CF2C2ECDC0F3->990b5206-acaa-46d8-a99a-8196ac36b371-AppendLogResponseHandler: Failed appendEntries: org.apache.ratis.thirdparty.io.grpc.StatusRuntimeException: CANCELLED: HTTP/2 error code: CANCEL
Received Rst Stream
2019-10-14 14:57:16,233 [grpc-default-executor-2] INFO  impl.FollowerInfo (FollowerInfo.java:lambda$new$0(51)) - cfe8f924-b5c6-4352-87f8-4041c06f1d5a@group-CF2C2ECDC0F3->990b5206-acaa-46d8-a99a-8196ac36b371: nextIndex: updateUnconditionally 3 -> 2
2019-10-14 14:57:16,238 [refreshUsed-/workdir/hadoop-ozone/integration-test/target/test-dir/MiniOzoneClusterImpl-5488152f-adca-46d8-995d-786b064aadbc/datanode-0/data/containers] WARN  fs.CachingGetSpaceUsed (CachingGetSpaceUsed.java:run(183)) - Thread Interrupted waiting to refresh disk information: sleep interrupted
2019-10-14 14:57:16,253 [main] INFO  utils.BackgroundService (BackgroundService.java:shutdown(151)) - Shutting down service BlockDeletingService
2019-10-14 14:57:16,260 [main] INFO  statemachine.DatanodeStateMachine (DatanodeStateMachine.java:stopDaemon(395)) - Ozone container server stopped.
2019-10-14 14:57:16,261 [main] INFO  handler.ContextHandler (ContextHandler.java:doStop(910)) - Stopped o.e.j.w.WebAppContext@2a02e34b{/,null,UNAVAILABLE}{/hddsDatanode}
2019-10-14 14:57:16,264 [main] INFO  server.AbstractConnector (AbstractConnector.java:doStop(318)) - Stopped ServerConnector@5eabff6b{HTTP/1.1,[http/1.1]}{0.0.0.0:0}
2019-10-14 14:57:16,264 [main] INFO  handler.ContextHandler (ContextHandler.java:doStop(910)) - Stopped o.e.j.s.ServletContextHandler@32f32623{/static,jar:file:/home/user/.m2/repository/org/apache/hadoop/hadoop-hdds-container-service/0.5.0-SNAPSHOT/hadoop-hdds-container-service-0.5.0-SNAPSHOT.jar!/webapps/static,UNAVAILABLE}
2019-10-14 14:57:16,264 [main] INFO  handler.ContextHandler (ContextHandler.java:doStop(910)) - Stopped o.e.j.s.ServletContextHandler@5a515e5d{/logs,file:///workdir/hadoop-ozone/integration-test/target/log,UNAVAILABLE}
2019-10-14 14:57:18,389 [grpc-default-executor-4] WARN  server.GrpcLogAppender (LogUtils.java:warn(134)) - cfe8f924-b5c6-4352-87f8-4041c06f1d5a@group-CF2C2ECDC0F3->2b2a2bed-4f50-4c61-b8ad-f4f72c71dbde-AppendLogResponseHandler: Failed appendEntries: org.apache.ratis.thirdparty.io.grpc.StatusRuntimeException: UNAVAILABLE: io exception
2019-10-14 14:57:18,390 [grpc-default-executor-4] INFO  impl.FollowerInfo (FollowerInfo.java:lambda$new$0(51)) - cfe8f924-b5c6-4352-87f8-4041c06f1d5a@group-CF2C2ECDC0F3->2b2a2bed-4f50-4c61-b8ad-f4f72c71dbde: nextIndex: updateUnconditionally 0 -> 0
2019-10-14 14:57:18,393 [grpc-default-executor-4] WARN  server.GrpcLogAppender (LogUtils.java:warn(134)) - cfe8f924-b5c6-4352-87f8-4041c06f1d5a@group-CF2C2ECDC0F3->990b5206-acaa-46d8-a99a-8196ac36b371-AppendLogResponseHandler: Failed appendEntries: org.apache.ratis.thirdparty.io.grpc.StatusRuntimeException: UNAVAILABLE: io exception
2019-10-14 14:57:18,393 [grpc-default-executor-4] INFO  impl.FollowerInfo (FollowerInfo.java:lambda$new$0(51)) - cfe8f924-b5c6-4352-87f8-4041c06f1d5a@group-CF2C2ECDC0F3->990b5206-acaa-46d8-a99a-8196ac36b371: nextIndex: updateUnconditionally 2 -> 1
2019-10-14 14:57:20,891 [grpc-default-executor-4] WARN  server.GrpcLogAppender (LogUtils.java:warn(134)) - cfe8f924-b5c6-4352-87f8-4041c06f1d5a@group-CF2C2ECDC0F3->2b2a2bed-4f50-4c61-b8ad-f4f72c71dbde-AppendLogResponseHandler: Failed appendEntries: org.apache.ratis.thirdparty.io.grpc.StatusRuntimeException: UNAVAILABLE: io exception
2019-10-14 14:57:20,893 [grpc-default-executor-4] INFO  impl.FollowerInfo (FollowerInfo.java:lambda$new$0(51)) - cfe8f924-b5c6-4352-87f8-4041c06f1d5a@group-CF2C2ECDC0F3->2b2a2bed-4f50-4c61-b8ad-f4f72c71dbde: nextIndex: updateUnconditionally 0 -> 0
2019-10-14 14:57:20,894 [grpc-default-executor-3] WARN  server.GrpcLogAppender (LogUtils.java:warn(134)) - cfe8f924-b5c6-4352-87f8-4041c06f1d5a@group-CF2C2ECDC0F3->990b5206-acaa-46d8-a99a-8196ac36b371-AppendLogResponseHandler: Failed appendEntries: org.apache.ratis.thirdparty.io.grpc.StatusRuntimeException: UNAVAILABLE: io exception
2019-10-14 14:57:20,894 [grpc-default-executor-3] INFO  impl.FollowerInfo (FollowerInfo.java:lambda$new$0(51)) - cfe8f924-b5c6-4352-87f8-4041c06f1d5a@group-CF2C2ECDC0F3->990b5206-acaa-46d8-a99a-8196ac36b371: nextIndex: updateUnconditionally 1 -> 0
2019-10-14 14:57:23,395 [grpc-default-executor-4] WARN  server.GrpcLogAppender (LogUtils.java:warn(134)) - cfe8f924-b5c6-4352-87f8-4041c06f1d5a@group-CF2C2ECDC0F3->990b5206-acaa-46d8-a99a-8196ac36b371-AppendLogResponseHandler: Failed appendEntries: org.apache.ratis.thirdparty.io.grpc.StatusRuntimeException: UNAVAILABLE: io exception
2019-10-14 14:57:23,395 [grpc-default-executor-3] WARN  server.GrpcLogAppender (LogUtils.java:warn(134)) - cfe8f924-b5c6-4352-87f8-4041c06f1d5a@group-CF2C2ECDC0F3->2b2a2bed-4f50-4c61-b8ad-f4f72c71dbde-AppendLogResponseHandler: Failed appendEntries: org.apache.ratis.thirdparty.io.grpc.StatusRuntimeException: UNAVAILABLE: io exception
2019-10-14 14:57:23,396 [grpc-default-executor-4] INFO  impl.FollowerInfo (FollowerInfo.java:lambda$new$0(51)) - cfe8f924-b5c6-4352-87f8-4041c06f1d5a@group-CF2C2ECDC0F3->990b5206-acaa-46d8-a99a-8196ac36b371: nextIndex: updateUnconditionally 0 -> 0
2019-10-14 14:57:23,396 [grpc-default-executor-3] INFO  impl.FollowerInfo (FollowerInfo.java:lambda$new$0(51)) - cfe8f924-b5c6-4352-87f8-4041c06f1d5a@group-CF2C2ECDC0F3->2b2a2bed-4f50-4c61-b8ad-f4f72c71dbde: nextIndex: updateUnconditionally 0 -> 0
2019-10-14 14:57:25,894 [grpc-default-executor-3] WARN  server.GrpcLogAppender (LogUtils.java:warn(134)) - cfe8f924-b5c6-4352-87f8-4041c06f1d5a@group-CF2C2ECDC0F3->2b2a2bed-4f50-4c61-b8ad-f4f72c71dbde-AppendLogResponseHandler: Failed appendEntries: org.apache.ratis.thirdparty.io.grpc.StatusRuntimeException: UNAVAILABLE: io exception
2019-10-14 14:57:25,894 [grpc-default-executor-1] WARN  server.GrpcLogAppender (LogUtils.java:warn(134)) - cfe8f924-b5c6-4352-87f8-4041c06f1d5a@group-CF2C2ECDC0F3->990b5206-acaa-46d8-a99a-8196ac36b371-AppendLogResponseHandler: Failed appendEntries: org.apache.ratis.thirdparty.io.grpc.StatusRuntimeException: UNAVAILABLE: io exception
2019-10-14 14:57:25,894 [grpc-default-executor-3] INFO  impl.FollowerInfo (FollowerInfo.java:lambda$new$0(51)) - cfe8f924-b5c6-4352-87f8-4041c06f1d5a@group-CF2C2ECDC0F3->2b2a2bed-4f50-4c61-b8ad-f4f72c71dbde: nextIndex: updateUnconditionally 0 -> 0
2019-10-14 14:57:25,895 [grpc-default-executor-1] INFO  impl.FollowerInfo (FollowerInfo.java:lambda$new$0(51)) - cfe8f924-b5c6-4352-87f8-4041c06f1d5a@group-CF2C2ECDC0F3->990b5206-acaa-46d8-a99a-8196ac36b371: nextIndex: updateUnconditionally 0 -> 0
2019-10-14 14:57:26,684 [Thread-1587] INFO  client.GrpcClientProtocolService (GrpcClientProtocolService.java:lambda$processClientRequest$0(278)) - Failed RaftClientRequest:client-4D685B4ABD2F->cfe8f924-b5c6-4352-87f8-4041c06f1d5a@group-CF2C2ECDC0F3, cid=67, seq=0, Watch-ALL_COMMITTED(20), Message:<EMPTY>, reply=RaftClientReply:client-4D685B4ABD2F->cfe8f924-b5c6-4352-87f8-4041c06f1d5a@group-CF2C2ECDC0F3, cid=67, FAILED org.apache.ratis.protocol.NotReplicatedException: Request with call Id 67 and log index 20 is not yet replicated to ALL_COMMITTED, logIndex=20, commits[cfe8f924-b5c6-4352-87f8-4041c06f1d5a:c2, 2b2a2bed-4f50-4c61-b8ad-f4f72c71dbde:c2, 990b5206-acaa-46d8-a99a-8196ac36b371:c2]
2019-10-14 14:57:28,396 [grpc-default-executor-2] WARN  server.GrpcLogAppender (LogUtils.java:warn(134)) - cfe8f924-b5c6-4352-87f8-4041c06f1d5a@group-CF2C2ECDC0F3->990b5206-acaa-46d8-a99a-8196ac36b371-AppendLogResponseHandler: Failed appendEntries: org.apache.ratis.thirdparty.io.grpc.StatusRuntimeException: UNAVAILABLE: io exception
2019-10-14 14:57:28,396 [grpc-default-executor-4] WARN  server.GrpcLogAppender (LogUtils.java:warn(134)) - cfe8f924-b5c6-4352-87f8-4041c06f1d5a@group-CF2C2ECDC0F3->2b2a2bed-4f50-4c61-b8ad-f4f72c71dbde-AppendLogResponseHandler: Failed appendEntries: org.apache.ratis.thirdparty.io.grpc.StatusRuntimeException: UNAVAILABLE: io exception
2019-10-14 14:57:28,398 [grpc-default-executor-2] INFO  impl.FollowerInfo (FollowerInfo.java:lambda$new$0(51)) - cfe8f924-b5c6-4352-87f8-4041c06f1d5a@group-CF2C2ECDC0F3->990b5206-acaa-46d8-a99a-8196ac36b371: nextIndex: updateUnconditionally 0 -> 0
2019-10-14 14:57:28,399 [grpc-default-executor-4] INFO  impl.FollowerInfo (FollowerInfo.java:lambda$new$0(51)) - cfe8f924-b5c6-4352-87f8-4041c06f1d5a@group-CF2C2ECDC0F3->2b2a2bed-4f50-4c61-b8ad-f4f72c71dbde: nextIndex: updateUnconditionally 0 -> 0
2019-10-14 14:57:30,900 [grpc-default-executor-2] WARN  server.GrpcLogAppender (LogUtils.java:warn(134)) - cfe8f924-b5c6-4352-87f8-4041c06f1d5a@group-CF2C2ECDC0F3->2b2a2bed-4f50-4c61-b8ad-f4f72c71dbde-AppendLogResponseHandler: Failed appendEntries: org.apache.ratis.thirdparty.io.grpc.StatusRuntimeException: UNAVAILABLE: io exception
2019-10-14 14:57:30,900 [grpc-default-executor-4] WARN  server.GrpcLogAppender (LogUtils.java:warn(134)) - cfe8f924-b5c6-4352-87f8-4041c06f1d5a@group-CF2C2ECDC0F3->990b5206-acaa-46d8-a99a-8196ac36b371-AppendLogResponseHandler: Failed appendEntries: org.apache.ratis.thirdparty.io.grpc.StatusRuntimeException: UNAVAILABLE: io exception
2019-10-14 14:57:30,901 [grpc-default-executor-2] INFO  impl.FollowerInfo (FollowerInfo.java:lambda$new$0(51)) - cfe8f924-b5c6-4352-87f8-4041c06f1d5a@group-CF2C2ECDC0F3->2b2a2bed-4f50-4c61-b8ad-f4f72c71dbde: nextIndex: updateUnconditionally 0 -> 0
2019-10-14 14:57:30,901 [grpc-default-executor-4] INFO  impl.FollowerInfo (FollowerInfo.java:lambda$new$0(51)) - cfe8f924-b5c6-4352-87f8-4041c06f1d5a@group-CF2C2ECDC0F3->990b5206-acaa-46d8-a99a-8196ac36b371: nextIndex: updateUnconditionally 0 -> 0
2019-10-14 14:57:33,398 [grpc-default-executor-2] WARN  server.GrpcLogAppender (LogUtils.java:warn(134)) - cfe8f924-b5c6-4352-87f8-4041c06f1d5a@group-CF2C2ECDC0F3->990b5206-acaa-46d8-a99a-8196ac36b371-AppendLogResponseHandler: Failed appendEntries: org.apache.ratis.thirdparty.io.grpc.StatusRuntimeException: UNAVAILABLE: io exception
2019-10-14 14:57:33,398 [grpc-default-executor-3] WARN  server.GrpcLogAppender (LogUtils.java:warn(134)) - cfe8f924-b5c6-4352-87f8-4041c06f1d5a@group-CF2C2ECDC0F3->2b2a2bed-4f50-4c61-b8ad-f4f72c71dbde-AppendLogResponseHandler: Failed appendEntries: org.apache.ratis.thirdparty.io.grpc.StatusRuntimeException: UNAVAILABLE: io exception
2019-10-14 14:57:33,398 [grpc-default-executor-2] INFO  impl.FollowerInfo (FollowerInfo.java:lambda$new$0(51)) - cfe8f924-b5c6-4352-87f8-4041c06f1d5a@group-CF2C2ECDC0F3->990b5206-acaa-46d8-a99a-8196ac36b371: nextIndex: updateUnconditionally 0 -> 0
2019-10-14 14:57:33,399 [grpc-default-executor-3] INFO  impl.FollowerInfo (FollowerInfo.java:lambda$new$0(51)) - cfe8f924-b5c6-4352-87f8-4041c06f1d5a@group-CF2C2ECDC0F3->2b2a2bed-4f50-4c61-b8ad-f4f72c71dbde: nextIndex: updateUnconditionally 0 -> 0
2019-10-14 14:57:35,899 [grpc-default-executor-3] WARN  server.GrpcLogAppender (LogUtils.java:warn(134)) - cfe8f924-b5c6-4352-87f8-4041c06f1d5a@group-CF2C2ECDC0F3->2b2a2bed-4f50-4c61-b8ad-f4f72c71dbde-AppendLogResponseHandler: Failed appendEntries: org.apache.ratis.thirdparty.io.grpc.StatusRuntimeException: UNAVAILABLE: io exception
2019-10-14 14:57:35,899 [grpc-default-executor-2] WARN  server.GrpcLogAppender (LogUtils.java:warn(134)) - cfe8f924-b5c6-4352-87f8-4041c06f1d5a@group-CF2C2ECDC0F3->990b5206-acaa-46d8-a99a-8196ac36b371-AppendLogResponseHandler: Failed appendEntries: org.apache.ratis.thirdparty.io.grpc.StatusRuntimeException: UNAVAILABLE: io exception
2019-10-14 14:57:35,900 [grpc-default-executor-3] INFO  impl.FollowerInfo (FollowerInfo.java:lambda$new$0(51)) - cfe8f924-b5c6-4352-87f8-4041c06f1d5a@group-CF2C2ECDC0F3->2b2a2bed-4f50-4c61-b8ad-f4f72c71dbde: nextIndex: updateUnconditionally 0 -> 0
2019-10-14 14:57:35,900 [grpc-default-executor-2] INFO  impl.FollowerInfo (FollowerInfo.java:lambda$new$0(51)) - cfe8f924-b5c6-4352-87f8-4041c06f1d5a@group-CF2C2ECDC0F3->990b5206-acaa-46d8-a99a-8196ac36b371: nextIndex: updateUnconditionally 0 -> 0
2019-10-14 14:57:36,267 [main] WARN  scm.XceiverClientRatis (XceiverClientRatis.java:watchForCommit(277)) - 3 way commit failed on pipeline Pipeline[ Id: 19a41687-90b2-4a67-811e-cf2c2ecdc0f3, Nodes: 2b2a2bed-4f50-4c61-b8ad-f4f72c71dbde{ip: 192.168.164.216, host: dev-nightly-20191014-2mv7m-2951356099, networkLocation: /default-rack, certSerialId: null}990b5206-acaa-46d8-a99a-8196ac36b371{ip: 192.168.164.216, host: dev-nightly-20191014-2mv7m-2951356099, networkLocation: /default-rack, certSerialId: null}cfe8f924-b5c6-4352-87f8-4041c06f1d5a{ip: 192.168.164.216, host: dev-nightly-20191014-2mv7m-2951356099, networkLocation: /default-rack, certSerialId: null}, Type:RATIS, Factor:THREE, State:OPEN]
java.util.concurrent.TimeoutException
	at java.util.concurrent.CompletableFuture.timedGet(CompletableFuture.java:1771)
	at java.util.concurrent.CompletableFuture.get(CompletableFuture.java:1915)
	at org.apache.hadoop.hdds.scm.XceiverClientRatis.watchForCommit(XceiverClientRatis.java:274)
	at org.apache.hadoop.ozone.client.rpc.TestWatchForCommit.testWatchForCommitForRetryfailure(TestWatchForCommit.java:345)
	at sun.reflect.NativeMethodAccessorImpl.invoke0(Native Method)
	at sun.reflect.NativeMethodAccessorImpl.invoke(NativeMethodAccessorImpl.java:62)
	at sun.reflect.DelegatingMethodAccessorImpl.invoke(DelegatingMethodAccessorImpl.java:43)
	at java.lang.reflect.Method.invoke(Method.java:498)
	at org.junit.runners.model.FrameworkMethod$1.runReflectiveCall(FrameworkMethod.java:47)
	at org.junit.internal.runners.model.ReflectiveCallable.run(ReflectiveCallable.java:12)
	at org.junit.runners.model.FrameworkMethod.invokeExplosively(FrameworkMethod.java:44)
	at org.junit.internal.runners.statements.InvokeMethod.evaluate(InvokeMethod.java:17)
	at org.junit.runners.ParentRunner.runLeaf(ParentRunner.java:271)
	at org.junit.runners.BlockJUnit4ClassRunner.runChild(BlockJUnit4ClassRunner.java:70)
	at org.junit.runners.BlockJUnit4ClassRunner.runChild(BlockJUnit4ClassRunner.java:50)
	at org.junit.runners.ParentRunner$3.run(ParentRunner.java:238)
	at org.junit.runners.ParentRunner$1.schedule(ParentRunner.java:63)
	at org.junit.runners.ParentRunner.runChildren(ParentRunner.java:236)
	at org.junit.runners.ParentRunner.access$000(ParentRunner.java:53)
	at org.junit.runners.ParentRunner$2.evaluate(ParentRunner.java:229)
	at org.junit.runners.ParentRunner.run(ParentRunner.java:309)
	at org.apache.maven.surefire.junit4.JUnit4Provider.execute(JUnit4Provider.java:365)
	at org.apache.maven.surefire.junit4.JUnit4Provider.executeWithRerun(JUnit4Provider.java:273)
	at org.apache.maven.surefire.junit4.JUnit4Provider.executeTestSet(JUnit4Provider.java:238)
	at org.apache.maven.surefire.junit4.JUnit4Provider.invoke(JUnit4Provider.java:159)
	at org.apache.maven.surefire.booter.ForkedBooter.invokeProviderInSameClassLoader(ForkedBooter.java:384)
	at org.apache.maven.surefire.booter.ForkedBooter.runSuitesInProcess(ForkedBooter.java:345)
	at org.apache.maven.surefire.booter.ForkedBooter.execute(ForkedBooter.java:126)
	at org.apache.maven.surefire.booter.ForkedBooter.main(ForkedBooter.java:418)
2019-10-14 14:57:36,683 [Thread-1603] INFO  client.GrpcClientProtocolService (GrpcClientProtocolService.java:lambda$processClientRequest$0(278)) - Failed RaftClientRequest:client-4D685B4ABD2F->cfe8f924-b5c6-4352-87f8-4041c06f1d5a@group-CF2C2ECDC0F3, cid=67, seq=0, Watch-ALL_COMMITTED(20), Message:<EMPTY>, reply=RaftClientReply:client-4D685B4ABD2F->cfe8f924-b5c6-4352-87f8-4041c06f1d5a@group-CF2C2ECDC0F3, cid=67, FAILED org.apache.ratis.protocol.NotReplicatedException: Request with call Id 67 and log index 20 is not yet replicated to ALL_COMMITTED, logIndex=20, commits[cfe8f924-b5c6-4352-87f8-4041c06f1d5a:c2, 2b2a2bed-4f50-4c61-b8ad-f4f72c71dbde:c2, 990b5206-acaa-46d8-a99a-8196ac36b371:c2]
2019-10-14 14:57:38,399 [grpc-default-executor-4] WARN  server.GrpcLogAppender (LogUtils.java:warn(134)) - cfe8f924-b5c6-4352-87f8-4041c06f1d5a@group-CF2C2ECDC0F3->2b2a2bed-4f50-4c61-b8ad-f4f72c71dbde-AppendLogResponseHandler: Failed appendEntries: org.apache.ratis.thirdparty.io.grpc.StatusRuntimeException: UNAVAILABLE: io exception
2019-10-14 14:57:38,399 [grpc-default-executor-3] WARN  server.GrpcLogAppender (LogUtils.java:warn(134)) - cfe8f924-b5c6-4352-87f8-4041c06f1d5a@group-CF2C2ECDC0F3->990b5206-acaa-46d8-a99a-8196ac36b371-AppendLogResponseHandler: Failed appendEntries: org.apache.ratis.thirdparty.io.grpc.StatusRuntimeException: UNAVAILABLE: io exception
2019-10-14 14:57:38,417 [grpc-default-executor-4] INFO  impl.FollowerInfo (FollowerInfo.java:lambda$new$0(51)) - cfe8f924-b5c6-4352-87f8-4041c06f1d5a@group-CF2C2ECDC0F3->2b2a2bed-4f50-4c61-b8ad-f4f72c71dbde: nextIndex: updateUnconditionally 0 -> 0
2019-10-14 14:57:38,419 [grpc-default-executor-3] INFO  impl.FollowerInfo (FollowerInfo.java:lambda$new$0(51)) - cfe8f924-b5c6-4352-87f8-4041c06f1d5a@group-CF2C2ECDC0F3->990b5206-acaa-46d8-a99a-8196ac36b371: nextIndex: updateUnconditionally 0 -> 0
2019-10-14 14:57:40,904 [grpc-default-executor-3] WARN  server.GrpcLogAppender (LogUtils.java:warn(134)) - cfe8f924-b5c6-4352-87f8-4041c06f1d5a@group-CF2C2ECDC0F3->2b2a2bed-4f50-4c61-b8ad-f4f72c71dbde-AppendLogResponseHandler: Failed appendEntries: org.apache.ratis.thirdparty.io.grpc.StatusRuntimeException: UNAVAILABLE: io exception
2019-10-14 14:57:40,904 [grpc-default-executor-4] WARN  server.GrpcLogAppender (LogUtils.java:warn(134)) - cfe8f924-b5c6-4352-87f8-4041c06f1d5a@group-CF2C2ECDC0F3->990b5206-acaa-46d8-a99a-8196ac36b371-AppendLogResponseHandler: Failed appendEntries: org.apache.ratis.thirdparty.io.grpc.StatusRuntimeException: UNAVAILABLE: io exception
2019-10-14 14:57:40,905 [grpc-default-executor-4] INFO  impl.FollowerInfo (FollowerInfo.java:lambda$new$0(51)) - cfe8f924-b5c6-4352-87f8-4041c06f1d5a@group-CF2C2ECDC0F3->990b5206-acaa-46d8-a99a-8196ac36b371: nextIndex: updateUnconditionally 0 -> 0
2019-10-14 14:57:40,905 [grpc-default-executor-3] INFO  impl.FollowerInfo (FollowerInfo.java:lambda$new$0(51)) - cfe8f924-b5c6-4352-87f8-4041c06f1d5a@group-CF2C2ECDC0F3->2b2a2bed-4f50-4c61-b8ad-f4f72c71dbde: nextIndex: updateUnconditionally 0 -> 0
2019-10-14 14:57:43,404 [grpc-default-executor-3] WARN  server.GrpcLogAppender (LogUtils.java:warn(134)) - cfe8f924-b5c6-4352-87f8-4041c06f1d5a@group-CF2C2ECDC0F3->990b5206-acaa-46d8-a99a-8196ac36b371-AppendLogResponseHandler: Failed appendEntries: org.apache.ratis.thirdparty.io.grpc.StatusRuntimeException: UNAVAILABLE: io exception
2019-10-14 14:57:43,404 [grpc-default-executor-4] WARN  server.GrpcLogAppender (LogUtils.java:warn(134)) - cfe8f924-b5c6-4352-87f8-4041c06f1d5a@group-CF2C2ECDC0F3->2b2a2bed-4f50-4c61-b8ad-f4f72c71dbde-AppendLogResponseHandler: Failed appendEntries: org.apache.ratis.thirdparty.io.grpc.StatusRuntimeException: UNAVAILABLE: io exception
2019-10-14 14:57:43,405 [grpc-default-executor-3] INFO  impl.FollowerInfo (FollowerInfo.java:lambda$new$0(51)) - cfe8f924-b5c6-4352-87f8-4041c06f1d5a@group-CF2C2ECDC0F3->990b5206-acaa-46d8-a99a-8196ac36b371: nextIndex: updateUnconditionally 0 -> 0
2019-10-14 14:57:43,405 [grpc-default-executor-4] INFO  impl.FollowerInfo (FollowerInfo.java:lambda$new$0(51)) - cfe8f924-b5c6-4352-87f8-4041c06f1d5a@group-CF2C2ECDC0F3->2b2a2bed-4f50-4c61-b8ad-f4f72c71dbde: nextIndex: updateUnconditionally 0 -> 0
2019-10-14 14:57:45,905 [grpc-default-executor-3] WARN  server.GrpcLogAppender (LogUtils.java:warn(134)) - cfe8f924-b5c6-4352-87f8-4041c06f1d5a@group-CF2C2ECDC0F3->990b5206-acaa-46d8-a99a-8196ac36b371-AppendLogResponseHandler: Failed appendEntries: org.apache.ratis.thirdparty.io.grpc.StatusRuntimeException: UNAVAILABLE: io exception
2019-10-14 14:57:45,906 [grpc-default-executor-3] INFO  impl.FollowerInfo (FollowerInfo.java:lambda$new$0(51)) - cfe8f924-b5c6-4352-87f8-4041c06f1d5a@group-CF2C2ECDC0F3->990b5206-acaa-46d8-a99a-8196ac36b371: nextIndex: updateUnconditionally 0 -> 0
2019-10-14 14:57:45,905 [grpc-default-executor-4] WARN  server.GrpcLogAppender (LogUtils.java:warn(134)) - cfe8f924-b5c6-4352-87f8-4041c06f1d5a@group-CF2C2ECDC0F3->2b2a2bed-4f50-4c61-b8ad-f4f72c71dbde-AppendLogResponseHandler: Failed appendEntries: org.apache.ratis.thirdparty.io.grpc.StatusRuntimeException: UNAVAILABLE: io exception
2019-10-14 14:57:45,908 [grpc-default-executor-4] INFO  impl.FollowerInfo (FollowerInfo.java:lambda$new$0(51)) - cfe8f924-b5c6-4352-87f8-4041c06f1d5a@group-CF2C2ECDC0F3->2b2a2bed-4f50-4c61-b8ad-f4f72c71dbde: nextIndex: updateUnconditionally 0 -> 0
2019-10-14 14:57:48,405 [grpc-default-executor-1] WARN  server.GrpcLogAppender (LogUtils.java:warn(134)) - cfe8f924-b5c6-4352-87f8-4041c06f1d5a@group-CF2C2ECDC0F3->990b5206-acaa-46d8-a99a-8196ac36b371-AppendLogResponseHandler: Failed appendEntries: org.apache.ratis.thirdparty.io.grpc.StatusRuntimeException: UNAVAILABLE: io exception
2019-10-14 14:57:48,405 [grpc-default-executor-7] WARN  server.GrpcLogAppender (LogUtils.java:warn(134)) - cfe8f924-b5c6-4352-87f8-4041c06f1d5a@group-CF2C2ECDC0F3->2b2a2bed-4f50-4c61-b8ad-f4f72c71dbde-AppendLogResponseHandler: Failed appendEntries: org.apache.ratis.thirdparty.io.grpc.StatusRuntimeException: UNAVAILABLE: io exception
2019-10-14 14:57:48,406 [grpc-default-executor-1] INFO  impl.FollowerInfo (FollowerInfo.java:lambda$new$0(51)) - cfe8f924-b5c6-4352-87f8-4041c06f1d5a@group-CF2C2ECDC0F3->990b5206-acaa-46d8-a99a-8196ac36b371: nextIndex: updateUnconditionally 0 -> 0
2019-10-14 14:57:48,406 [grpc-default-executor-7] INFO  impl.FollowerInfo (FollowerInfo.java:lambda$new$0(51)) - cfe8f924-b5c6-4352-87f8-4041c06f1d5a@group-CF2C2ECDC0F3->2b2a2bed-4f50-4c61-b8ad-f4f72c71dbde: nextIndex: updateUnconditionally 0 -> 0
2019-10-14 14:57:48,683 [Thread-1627] INFO  client.GrpcClientProtocolService (GrpcClientProtocolService.java:lambda$processClientRequest$0(278)) - Failed RaftClientRequest:client-4D685B4ABD2F->cfe8f924-b5c6-4352-87f8-4041c06f1d5a@group-CF2C2ECDC0F3, cid=67, seq=0, Watch-ALL_COMMITTED(20), Message:<EMPTY>, reply=RaftClientReply:client-4D685B4ABD2F->cfe8f924-b5c6-4352-87f8-4041c06f1d5a@group-CF2C2ECDC0F3, cid=67, FAILED org.apache.ratis.protocol.NotReplicatedException: Request with call Id 67 and log index 20 is not yet replicated to ALL_COMMITTED, logIndex=20, commits[cfe8f924-b5c6-4352-87f8-4041c06f1d5a:c2, 2b2a2bed-4f50-4c61-b8ad-f4f72c71dbde:c2, 990b5206-acaa-46d8-a99a-8196ac36b371:c2]
2019-10-14 14:57:48,687 [Thread-1628] INFO  client.GrpcClientProtocolService (GrpcClientProtocolService.java:lambda$processClientRequest$0(278)) - Failed RaftClientRequest:client-4D685B4ABD2F->cfe8f924-b5c6-4352-87f8-4041c06f1d5a@group-CF2C2ECDC0F3, cid=68, seq=0, Watch-MAJORITY_COMMITTED(20), Message:<EMPTY>, reply=RaftClientReply:client-4D685B4ABD2F->cfe8f924-b5c6-4352-87f8-4041c06f1d5a@group-CF2C2ECDC0F3, cid=68, FAILED org.apache.ratis.protocol.NotReplicatedException: Request with call Id 68 and log index 20 is not yet replicated to MAJORITY_COMMITTED, logIndex=20, commits[cfe8f924-b5c6-4352-87f8-4041c06f1d5a:c2, 2b2a2bed-4f50-4c61-b8ad-f4f72c71dbde:c2, 990b5206-acaa-46d8-a99a-8196ac36b371:c2]
2019-10-14 14:57:50,906 [grpc-default-executor-1] WARN  server.GrpcLogAppender (LogUtils.java:warn(134)) - cfe8f924-b5c6-4352-87f8-4041c06f1d5a@group-CF2C2ECDC0F3->2b2a2bed-4f50-4c61-b8ad-f4f72c71dbde-AppendLogResponseHandler: Failed appendEntries: org.apache.ratis.thirdparty.io.grpc.StatusRuntimeException: UNAVAILABLE: io exception
2019-10-14 14:57:50,906 [grpc-default-executor-7] WARN  server.GrpcLogAppender (LogUtils.java:warn(134)) - cfe8f924-b5c6-4352-87f8-4041c06f1d5a@group-CF2C2ECDC0F3->990b5206-acaa-46d8-a99a-8196ac36b371-AppendLogResponseHandler: Failed appendEntries: org.apache.ratis.thirdparty.io.grpc.StatusRuntimeException: UNAVAILABLE: io exception
2019-10-14 14:57:50,913 [grpc-default-executor-1] INFO  impl.FollowerInfo (FollowerInfo.java:lambda$new$0(51)) - cfe8f924-b5c6-4352-87f8-4041c06f1d5a@group-CF2C2ECDC0F3->2b2a2bed-4f50-4c61-b8ad-f4f72c71dbde: nextIndex: updateUnconditionally 0 -> 0
2019-10-14 14:57:50,913 [grpc-default-executor-7] INFO  impl.FollowerInfo (FollowerInfo.java:lambda$new$0(51)) - cfe8f924-b5c6-4352-87f8-4041c06f1d5a@group-CF2C2ECDC0F3->990b5206-acaa-46d8-a99a-8196ac36b371: nextIndex: updateUnconditionally 0 -> 0
2019-10-14 14:57:53,409 [grpc-default-executor-3] WARN  server.GrpcLogAppender (LogUtils.java:warn(134)) - cfe8f924-b5c6-4352-87f8-4041c06f1d5a@group-CF2C2ECDC0F3->2b2a2bed-4f50-4c61-b8ad-f4f72c71dbde-AppendLogResponseHandler: Failed appendEntries: org.apache.ratis.thirdparty.io.grpc.StatusRuntimeException: UNAVAILABLE: io exception
2019-10-14 14:57:53,409 [grpc-default-executor-1] WARN  server.GrpcLogAppender (LogUtils.java:warn(134)) - cfe8f924-b5c6-4352-87f8-4041c06f1d5a@group-CF2C2ECDC0F3->990b5206-acaa-46d8-a99a-8196ac36b371-AppendLogResponseHandler: Failed appendEntries: org.apache.ratis.thirdparty.io.grpc.StatusRuntimeException: UNAVAILABLE: io exception
2019-10-14 14:57:53,410 [grpc-default-executor-3] INFO  impl.FollowerInfo (FollowerInfo.java:lambda$new$0(51)) - cfe8f924-b5c6-4352-87f8-4041c06f1d5a@group-CF2C2ECDC0F3->2b2a2bed-4f50-4c61-b8ad-f4f72c71dbde: nextIndex: updateUnconditionally 0 -> 0
2019-10-14 14:57:53,410 [grpc-default-executor-1] INFO  impl.FollowerInfo (FollowerInfo.java:lambda$new$0(51)) - cfe8f924-b5c6-4352-87f8-4041c06f1d5a@group-CF2C2ECDC0F3->990b5206-acaa-46d8-a99a-8196ac36b371: nextIndex: updateUnconditionally 0 -> 0
2019-10-14 14:57:55,908 [grpc-default-executor-7] WARN  server.GrpcLogAppender (LogUtils.java:warn(134)) - cfe8f924-b5c6-4352-87f8-4041c06f1d5a@group-CF2C2ECDC0F3->2b2a2bed-4f50-4c61-b8ad-f4f72c71dbde-AppendLogResponseHandler: Failed appendEntries: org.apache.ratis.thirdparty.io.grpc.StatusRuntimeException: UNAVAILABLE: io exception
2019-10-14 14:57:55,908 [grpc-default-executor-3] WARN  server.GrpcLogAppender (LogUtils.java:warn(134)) - cfe8f924-b5c6-4352-87f8-4041c06f1d5a@group-CF2C2ECDC0F3->990b5206-acaa-46d8-a99a-8196ac36b371-AppendLogResponseHandler: Failed appendEntries: org.apache.ratis.thirdparty.io.grpc.StatusRuntimeException: UNAVAILABLE: io exception
2019-10-14 14:57:55,909 [grpc-default-executor-7] INFO  impl.FollowerInfo (FollowerInfo.java:lambda$new$0(51)) - cfe8f924-b5c6-4352-87f8-4041c06f1d5a@group-CF2C2ECDC0F3->2b2a2bed-4f50-4c61-b8ad-f4f72c71dbde: nextIndex: updateUnconditionally 0 -> 0
2019-10-14 14:57:55,909 [grpc-default-executor-3] INFO  impl.FollowerInfo (FollowerInfo.java:lambda$new$0(51)) - cfe8f924-b5c6-4352-87f8-4041c06f1d5a@group-CF2C2ECDC0F3->990b5206-acaa-46d8-a99a-8196ac36b371: nextIndex: updateUnconditionally 0 -> 0
]]></system-out>
    <system-err><![CDATA[Oct 14, 2019 2:57:11 PM org.apache.ratis.thirdparty.io.grpc.internal.SerializingExecutor run
SEVERE: Exception while executing runnable org.apache.ratis.thirdparty.io.grpc.internal.ServerImpl$JumpToApplicationThreadServerStreamListener$1Closed@7f59fe68
org.apache.ratis.thirdparty.io.grpc.StatusRuntimeException: CANCELLED: call already cancelled
	at org.apache.ratis.thirdparty.io.grpc.Status.asRuntimeException(Status.java:517)
	at org.apache.ratis.thirdparty.io.grpc.stub.ServerCalls$ServerCallStreamObserverImpl.onCompleted(ServerCalls.java:356)
	at org.apache.ratis.grpc.server.GrpcServerProtocolService$ServerRequestStreamObserver.onError(GrpcServerProtocolService.java:121)
	at org.apache.ratis.thirdparty.io.grpc.stub.ServerCalls$StreamingServerCallHandler$StreamingServerCallListener.onCancel(ServerCalls.java:269)
	at org.apache.ratis.thirdparty.io.grpc.internal.ServerCallImpl$ServerStreamListenerImpl.closed(ServerCallImpl.java:293)
	at org.apache.ratis.thirdparty.io.grpc.internal.ServerImpl$JumpToApplicationThreadServerStreamListener$1Closed.runInContext(ServerImpl.java:741)
	at org.apache.ratis.thirdparty.io.grpc.internal.ContextRunnable.run(ContextRunnable.java:37)
	at org.apache.ratis.thirdparty.io.grpc.internal.SerializingExecutor.run(SerializingExecutor.java:123)
	at java.util.concurrent.ThreadPoolExecutor.runWorker(ThreadPoolExecutor.java:1149)
	at java.util.concurrent.ThreadPoolExecutor$Worker.run(ThreadPoolExecutor.java:624)
	at java.lang.Thread.run(Thread.java:748)

Oct 14, 2019 2:57:16 PM org.apache.ratis.thirdparty.io.grpc.internal.SerializingExecutor run
SEVERE: Exception while executing runnable org.apache.ratis.thirdparty.io.grpc.internal.ServerImpl$JumpToApplicationThreadServerStreamListener$1Closed@27abda3c
org.apache.ratis.thirdparty.io.grpc.StatusRuntimeException: CANCELLED: call already cancelled
	at org.apache.ratis.thirdparty.io.grpc.Status.asRuntimeException(Status.java:517)
	at org.apache.ratis.thirdparty.io.grpc.stub.ServerCalls$ServerCallStreamObserverImpl.onCompleted(ServerCalls.java:356)
	at org.apache.ratis.grpc.server.GrpcServerProtocolService$ServerRequestStreamObserver.onError(GrpcServerProtocolService.java:121)
	at org.apache.ratis.thirdparty.io.grpc.stub.ServerCalls$StreamingServerCallHandler$StreamingServerCallListener.onCancel(ServerCalls.java:269)
	at org.apache.ratis.thirdparty.io.grpc.internal.ServerCallImpl$ServerStreamListenerImpl.closed(ServerCallImpl.java:293)
	at org.apache.ratis.thirdparty.io.grpc.internal.ServerImpl$JumpToApplicationThreadServerStreamListener$1Closed.runInContext(ServerImpl.java:741)
	at org.apache.ratis.thirdparty.io.grpc.internal.ContextRunnable.run(ContextRunnable.java:37)
	at org.apache.ratis.thirdparty.io.grpc.internal.SerializingExecutor.run(SerializingExecutor.java:123)
	at java.util.concurrent.ThreadPoolExecutor.runWorker(ThreadPoolExecutor.java:1149)
	at java.util.concurrent.ThreadPoolExecutor$Worker.run(ThreadPoolExecutor.java:624)
	at java.lang.Thread.run(Thread.java:748)

]]></system-err>
  </testcase>
  <testcase name="testWatchForCommitForGroupMismatchException" classname="org.apache.hadoop.ozone.client.rpc.TestWatchForCommit" time="33.597"/>
  <testcase name="test2WayCommitForTimeoutException" classname="org.apache.hadoop.ozone.client.rpc.TestWatchForCommit" time="32.9">
    <error message="org.apache.ratis.protocol.RaftRetryFailureException: Failed RaftClientRequest:client-1843702DE216-&gt;c323476f-5c38-4769-99fb-556cb7798765@group-EB89E89DFD9D, cid=104, seq=2*, RW, cmdType: CloseContainer&#10;traceID: &quot;fc6b610f355b5896:fc6b610f355b5896:0:0&quot;&#10;containerID: 1&#10;datanodeUuid: &quot;37a2767d-935e-4cba-a62e-beeeb057370c&quot;&#10;closeContainer {&#10;}&#10;, data.size=0 for 20 attempts with RetryLimited(maxAttempts=20, sleepTime=1000ms)" type="java.util.concurrent.ExecutionException">java.util.concurrent.ExecutionException: 
org.apache.ratis.protocol.RaftRetryFailureException: Failed RaftClientRequest:client-1843702DE216->c323476f-5c38-4769-99fb-556cb7798765@group-EB89E89DFD9D, cid=104, seq=2*, RW, cmdType: CloseContainer
traceID: "fc6b610f355b5896:fc6b610f355b5896:0:0"
containerID: 1
datanodeUuid: "37a2767d-935e-4cba-a62e-beeeb057370c"
closeContainer {
}
, data.size=0 for 20 attempts with RetryLimited(maxAttempts=20, sleepTime=1000ms)
	at java.util.concurrent.CompletableFuture.reportGet(CompletableFuture.java:357)
	at java.util.concurrent.CompletableFuture.get(CompletableFuture.java:1895)
	at org.apache.hadoop.ozone.client.rpc.TestWatchForCommit.test2WayCommitForTimeoutException(TestWatchForCommit.java:390)
	at sun.reflect.NativeMethodAccessorImpl.invoke0(Native Method)
	at sun.reflect.NativeMethodAccessorImpl.invoke(NativeMethodAccessorImpl.java:62)
	at sun.reflect.DelegatingMethodAccessorImpl.invoke(DelegatingMethodAccessorImpl.java:43)
	at java.lang.reflect.Method.invoke(Method.java:498)
	at org.junit.runners.model.FrameworkMethod$1.runReflectiveCall(FrameworkMethod.java:47)
	at org.junit.internal.runners.model.ReflectiveCallable.run(ReflectiveCallable.java:12)
	at org.junit.runners.model.FrameworkMethod.invokeExplosively(FrameworkMethod.java:44)
	at org.junit.internal.runners.statements.InvokeMethod.evaluate(InvokeMethod.java:17)
	at org.junit.runners.ParentRunner.runLeaf(ParentRunner.java:271)
	at org.junit.runners.BlockJUnit4ClassRunner.runChild(BlockJUnit4ClassRunner.java:70)
	at org.junit.runners.BlockJUnit4ClassRunner.runChild(BlockJUnit4ClassRunner.java:50)
	at org.junit.runners.ParentRunner$3.run(ParentRunner.java:238)
	at org.junit.runners.ParentRunner$1.schedule(ParentRunner.java:63)
	at org.junit.runners.ParentRunner.runChildren(ParentRunner.java:236)
	at org.junit.runners.ParentRunner.access$000(ParentRunner.java:53)
	at org.junit.runners.ParentRunner$2.evaluate(ParentRunner.java:229)
	at org.junit.runners.ParentRunner.run(ParentRunner.java:309)
	at org.apache.maven.surefire.junit4.JUnit4Provider.execute(JUnit4Provider.java:365)
	at org.apache.maven.surefire.junit4.JUnit4Provider.executeWithRerun(JUnit4Provider.java:273)
	at org.apache.maven.surefire.junit4.JUnit4Provider.executeTestSet(JUnit4Provider.java:238)
	at org.apache.maven.surefire.junit4.JUnit4Provider.invoke(JUnit4Provider.java:159)
	at org.apache.maven.surefire.booter.ForkedBooter.invokeProviderInSameClassLoader(ForkedBooter.java:384)
	at org.apache.maven.surefire.booter.ForkedBooter.runSuitesInProcess(ForkedBooter.java:345)
	at org.apache.maven.surefire.booter.ForkedBooter.execute(ForkedBooter.java:126)
	at org.apache.maven.surefire.booter.ForkedBooter.main(ForkedBooter.java:418)
Caused by: org.apache.ratis.protocol.RaftRetryFailureException: Failed RaftClientRequest:client-1843702DE216->c323476f-5c38-4769-99fb-556cb7798765@group-EB89E89DFD9D, cid=104, seq=2*, RW, cmdType: CloseContainer
traceID: "fc6b610f355b5896:fc6b610f355b5896:0:0"
containerID: 1
datanodeUuid: "37a2767d-935e-4cba-a62e-beeeb057370c"
closeContainer {
}
, data.size=0 for 20 attempts with RetryLimited(maxAttempts=20, sleepTime=1000ms)
	at org.apache.ratis.client.impl.RaftClientImpl.noMoreRetries(RaftClientImpl.java:271)
	at org.apache.ratis.client.impl.OrderedAsync.handleAsyncRetryFailure(OrderedAsync.java:138)
	at org.apache.ratis.client.impl.OrderedAsync.lambda$sendRequest$10(OrderedAsync.java:230)
	at java.util.concurrent.CompletableFuture.uniExceptionally(CompletableFuture.java:870)
	at java.util.concurrent.CompletableFuture$UniExceptionally.tryFire(CompletableFuture.java:852)
	at java.util.concurrent.CompletableFuture.postComplete(CompletableFuture.java:474)
	at java.util.concurrent.CompletableFuture.completeExceptionally(CompletableFuture.java:1977)
	at org.apache.ratis.grpc.client.GrpcClientProtocolClient$AsyncStreamObservers.completeReplyExceptionally(GrpcClientProtocolClient.java:345)
	at org.apache.ratis.grpc.client.GrpcClientProtocolClient$AsyncStreamObservers.access$000(GrpcClientProtocolClient.java:261)
	at org.apache.ratis.grpc.client.GrpcClientProtocolClient$AsyncStreamObservers$1.onNext(GrpcClientProtocolClient.java:273)
	at org.apache.ratis.grpc.client.GrpcClientProtocolClient$AsyncStreamObservers$1.onNext(GrpcClientProtocolClient.java:264)
	at org.apache.ratis.thirdparty.io.grpc.stub.ClientCalls$StreamObserverToCallListenerAdapter.onMessage(ClientCalls.java:421)
	at org.apache.ratis.thirdparty.io.grpc.ForwardingClientCallListener.onMessage(ForwardingClientCallListener.java:33)
	at org.apache.ratis.thirdparty.io.grpc.ForwardingClientCallListener.onMessage(ForwardingClientCallListener.java:33)
	at org.apache.ratis.thirdparty.io.grpc.internal.ClientCallImpl$ClientStreamListenerImpl$1MessagesAvailable.runInContext(ClientCallImpl.java:519)
	at org.apache.ratis.thirdparty.io.grpc.internal.ContextRunnable.run(ContextRunnable.java:37)
	at org.apache.ratis.thirdparty.io.grpc.internal.SerializingExecutor.run(SerializingExecutor.java:123)
	at java.util.concurrent.ThreadPoolExecutor.runWorker(ThreadPoolExecutor.java:1149)
	at java.util.concurrent.ThreadPoolExecutor$Worker.run(ThreadPoolExecutor.java:624)
	at java.lang.Thread.run(Thread.java:748)
Caused by: org.apache.ratis.protocol.NotLeaderException: Server c323476f-5c38-4769-99fb-556cb7798765@group-EB89E89DFD9D is not the leader
	at org.apache.ratis.client.impl.ClientProtoUtils.toRaftClientReply(ClientProtoUtils.java:243)
	at org.apache.ratis.grpc.client.GrpcClientProtocolClient$AsyncStreamObservers$1.onNext(GrpcClientProtocolClient.java:269)
	... 10 more
</error>
    <system-out><![CDATA[2019-10-14 14:58:29,898 [main] WARN  server.ServerUtils (ServerUtils.java:getScmDbDir(145)) - ozone.scm.db.dirs is not configured. We recommend adding this setting. Falling back to ozone.metadata.dirs instead.
2019-10-14 14:58:29,924 [main] WARN  server.ServerUtils (ServerUtils.java:getScmDbDir(145)) - ozone.scm.db.dirs is not configured. We recommend adding this setting. Falling back to ozone.metadata.dirs instead.
2019-10-14 14:58:29,924 [main] WARN  server.ServerUtils (ServerUtils.java:getScmDbDir(145)) - ozone.scm.db.dirs is not configured. We recommend adding this setting. Falling back to ozone.metadata.dirs instead.
2019-10-14 14:58:29,925 [main] INFO  db.DBStoreBuilder (DBStoreBuilder.java:addTable(117)) - using custom profile for table: deletedBlocks
2019-10-14 14:58:29,925 [main] INFO  db.DBStoreBuilder (DBStoreBuilder.java:processTables(168)) - Using default column profile:DBProfile.DISK for Table:deletedBlocks
2019-10-14 14:58:29,925 [main] INFO  db.DBStoreBuilder (DBStoreBuilder.java:addTable(117)) - using custom profile for table: validCerts
2019-10-14 14:58:29,925 [main] INFO  db.DBStoreBuilder (DBStoreBuilder.java:processTables(168)) - Using default column profile:DBProfile.DISK for Table:validCerts
2019-10-14 14:58:29,926 [main] INFO  db.DBStoreBuilder (DBStoreBuilder.java:addTable(117)) - using custom profile for table: revokedCerts
2019-10-14 14:58:29,926 [main] INFO  db.DBStoreBuilder (DBStoreBuilder.java:processTables(168)) - Using default column profile:DBProfile.DISK for Table:revokedCerts
2019-10-14 14:58:29,926 [main] INFO  db.DBStoreBuilder (DBStoreBuilder.java:addTable(117)) - using custom profile for table: default
2019-10-14 14:58:29,926 [main] INFO  db.DBStoreBuilder (DBStoreBuilder.java:processTables(174)) - Using default column profile:DBProfile.DISK for Table:default
2019-10-14 14:58:29,926 [main] INFO  db.DBStoreBuilder (DBStoreBuilder.java:getDbProfile(205)) - Using default options. DBProfile.DISK
2019-10-14 14:58:30,189 [main] INFO  net.NodeSchemaLoader (NodeSchemaLoader.java:loadSchemaFromFile(125)) - Loading file from sun.misc.CompoundEnumeration@4b957db0
2019-10-14 14:58:30,189 [main] INFO  net.NodeSchemaLoader (NodeSchemaLoader.java:loadSchema(171)) - Loading network topology layer schema file
2019-10-14 14:58:30,196 [main] WARN  server.ServerUtils (ServerUtils.java:sanitizeUserArgs(70)) - ozone.scm.stale.node.interval value = 300000 is larger than max = 100000 based on the key value of ozone.scm.heartbeat.thread.interval, reset to the max value 100000.
2019-10-14 14:58:30,197 [main] WARN  server.ServerUtils (ServerUtils.java:sanitizeUserArgs(70)) - ozone.scm.stale.node.interval value = 300000 is larger than max = 100000 based on the key value of ozone.scm.heartbeat.thread.interval, reset to the max value 100000.
2019-10-14 14:58:30,197 [main] INFO  node.SCMNodeManager (SCMNodeManager.java:<init>(116)) - Entering startup safe mode.
2019-10-14 14:58:30,198 [main] INFO  algorithms.ContainerPlacementPolicyFactory (ContainerPlacementPolicyFactory.java:getPolicy(57)) - Create container placement policy of type org.apache.hadoop.hdds.scm.container.placement.algorithms.SCMContainerPlacementRandom
2019-10-14 14:58:30,198 [main] WARN  server.ServerUtils (ServerUtils.java:getScmDbDir(145)) - ozone.scm.db.dirs is not configured. We recommend adding this setting. Falling back to ozone.metadata.dirs instead.
2019-10-14 14:58:30,306 [main] INFO  pipeline.SCMPipelineManager (SCMPipelineManager.java:initializePipelineState(132)) - No pipeline exists in current db
2019-10-14 14:58:30,307 [main] WARN  server.ServerUtils (ServerUtils.java:getScmDbDir(145)) - ozone.scm.db.dirs is not configured. We recommend adding this setting. Falling back to ozone.metadata.dirs instead.
2019-10-14 14:58:30,414 [main] WARN  events.EventQueue (EventQueue.java:fireEvent(183)) - No event handler registered for event TypedEvent{payloadType=SafeModeStatus, name='SafeModeStatus'}
2019-10-14 14:58:30,416 [main] INFO  ipc.CallQueueManager (CallQueueManager.java:<init>(84)) - Using callQueue: class java.util.concurrent.LinkedBlockingQueue, queueCapacity: 2000, scheduler: class org.apache.hadoop.ipc.DefaultRpcScheduler, ipcBackoff: false.
2019-10-14 14:58:30,417 [Socket Reader #1 for port 43332] INFO  ipc.Server (Server.java:run(1074)) - Starting Socket Reader #1 for port 43332
2019-10-14 14:58:30,421 [main] INFO  ipc.CallQueueManager (CallQueueManager.java:<init>(84)) - Using callQueue: class java.util.concurrent.LinkedBlockingQueue, queueCapacity: 2000, scheduler: class org.apache.hadoop.ipc.DefaultRpcScheduler, ipcBackoff: false.
2019-10-14 14:58:30,422 [Socket Reader #1 for port 43277] INFO  ipc.Server (Server.java:run(1074)) - Starting Socket Reader #1 for port 43277
2019-10-14 14:58:30,425 [main] INFO  ipc.CallQueueManager (CallQueueManager.java:<init>(84)) - Using callQueue: class java.util.concurrent.LinkedBlockingQueue, queueCapacity: 2000, scheduler: class org.apache.hadoop.ipc.DefaultRpcScheduler, ipcBackoff: false.
2019-10-14 14:58:30,426 [Socket Reader #1 for port 41317] INFO  ipc.Server (Server.java:run(1074)) - Starting Socket Reader #1 for port 41317
2019-10-14 14:58:30,429 [main] INFO  hdfs.DFSUtil (DFSUtil.java:httpServerTemplateForNNAndJN(1641)) - Starting Web-server for scm at: http://0.0.0.0:0
2019-10-14 14:58:30,431 [main] INFO  server.AuthenticationFilter (AuthenticationFilter.java:constructSecretProvider(240)) - Unable to initialize FileSignerSecretProvider, falling back to use random secrets.
2019-10-14 14:58:30,432 [main] WARN  http.HttpRequestLog (HttpRequestLog.java:getRequestLog(97)) - Jetty request log can only be enabled using Log4j
2019-10-14 14:58:30,434 [main] INFO  http.HttpServer2 (HttpServer2.java:addGlobalFilter(975)) - Added global filter 'safety' (class=org.apache.hadoop.http.HttpServer2$QuotingInputFilter)
2019-10-14 14:58:30,435 [main] INFO  http.HttpServer2 (HttpServer2.java:addFilter(948)) - Added filter static_user_filter (class=org.apache.hadoop.http.lib.StaticUserWebFilter$StaticUserFilter) to context scm
2019-10-14 14:58:30,435 [main] INFO  http.HttpServer2 (HttpServer2.java:addFilter(958)) - Added filter static_user_filter (class=org.apache.hadoop.http.lib.StaticUserWebFilter$StaticUserFilter) to context logs
2019-10-14 14:58:30,436 [main] INFO  http.HttpServer2 (HttpServer2.java:addFilter(958)) - Added filter static_user_filter (class=org.apache.hadoop.http.lib.StaticUserWebFilter$StaticUserFilter) to context static
2019-10-14 14:58:30,438 [main] INFO  server.StorageContainerManager (StorageContainerManager.java:start(772)) - StorageContainerLocationProtocol RPC server is listening at /0.0.0.0:41317
2019-10-14 14:58:30,441 [main] WARN  impl.MetricsConfig (MetricsConfig.java:loadFirst(134)) - Cannot locate configuration: tried hadoop-metrics2-storagecontainermanager.properties,hadoop-metrics2.properties
2019-10-14 14:58:30,442 [main] INFO  impl.MetricsSystemImpl (MetricsSystemImpl.java:startTimer(374)) - Scheduled Metric snapshot period at 10 second(s).
2019-10-14 14:58:30,442 [main] INFO  impl.MetricsSystemImpl (MetricsSystemImpl.java:start(191)) - StorageContainerManager metrics system started
2019-10-14 14:58:30,682 [Thread-2095] INFO  client.GrpcClientProtocolService (GrpcClientProtocolService.java:lambda$processClientRequest$0(278)) - Failed RaftClientRequest:client-4D685B4ABD2F->cfe8f924-b5c6-4352-87f8-4041c06f1d5a@group-CF2C2ECDC0F3, cid=68, seq=0, Watch-MAJORITY_COMMITTED(20), Message:<EMPTY>, reply=RaftClientReply:client-4D685B4ABD2F->cfe8f924-b5c6-4352-87f8-4041c06f1d5a@group-CF2C2ECDC0F3, cid=68, FAILED org.apache.ratis.protocol.NotReplicatedException: Request with call Id 68 and log index 20 is not yet replicated to MAJORITY_COMMITTED, logIndex=20, commits[cfe8f924-b5c6-4352-87f8-4041c06f1d5a:c2, 2b2a2bed-4f50-4c61-b8ad-f4f72c71dbde:c2, 990b5206-acaa-46d8-a99a-8196ac36b371:c2]
2019-10-14 14:58:30,682 [Thread-2096] INFO  client.GrpcClientProtocolService (GrpcClientProtocolService.java:lambda$processClientRequest$0(278)) - Failed RaftClientRequest:client-4D685B4ABD2F->cfe8f924-b5c6-4352-87f8-4041c06f1d5a@group-CF2C2ECDC0F3, cid=67, seq=0, Watch-ALL_COMMITTED(20), Message:<EMPTY>, reply=RaftClientReply:client-4D685B4ABD2F->cfe8f924-b5c6-4352-87f8-4041c06f1d5a@group-CF2C2ECDC0F3, cid=67, FAILED org.apache.ratis.protocol.NotReplicatedException: Request with call Id 67 and log index 20 is not yet replicated to ALL_COMMITTED, logIndex=20, commits[cfe8f924-b5c6-4352-87f8-4041c06f1d5a:c2, 2b2a2bed-4f50-4c61-b8ad-f4f72c71dbde:c2, 990b5206-acaa-46d8-a99a-8196ac36b371:c2]
2019-10-14 14:58:30,737 [main] WARN  impl.MetricsSystemImpl (MetricsSystemImpl.java:register(276)) - Sink prometheus already exists!
2019-10-14 14:58:30,917 [grpc-default-executor-8] WARN  server.GrpcLogAppender (LogUtils.java:warn(134)) - cfe8f924-b5c6-4352-87f8-4041c06f1d5a@group-CF2C2ECDC0F3->990b5206-acaa-46d8-a99a-8196ac36b371-AppendLogResponseHandler: Failed appendEntries: org.apache.ratis.thirdparty.io.grpc.StatusRuntimeException: UNAVAILABLE: io exception
2019-10-14 14:58:30,917 [grpc-default-executor-2] WARN  server.GrpcLogAppender (LogUtils.java:warn(134)) - cfe8f924-b5c6-4352-87f8-4041c06f1d5a@group-CF2C2ECDC0F3->2b2a2bed-4f50-4c61-b8ad-f4f72c71dbde-AppendLogResponseHandler: Failed appendEntries: org.apache.ratis.thirdparty.io.grpc.StatusRuntimeException: UNAVAILABLE: io exception
2019-10-14 14:58:30,931 [grpc-default-executor-8] INFO  impl.FollowerInfo (FollowerInfo.java:lambda$new$0(51)) - cfe8f924-b5c6-4352-87f8-4041c06f1d5a@group-CF2C2ECDC0F3->990b5206-acaa-46d8-a99a-8196ac36b371: nextIndex: updateUnconditionally 0 -> 0
2019-10-14 14:58:30,931 [grpc-default-executor-2] INFO  impl.FollowerInfo (FollowerInfo.java:lambda$new$0(51)) - cfe8f924-b5c6-4352-87f8-4041c06f1d5a@group-CF2C2ECDC0F3->2b2a2bed-4f50-4c61-b8ad-f4f72c71dbde: nextIndex: updateUnconditionally 0 -> 0
2019-10-14 14:58:31,046 [main] INFO  server.SCMClientProtocolServer (SCMClientProtocolServer.java:start(159)) - RPC server for Client  is listening at /0.0.0.0:41317
2019-10-14 14:58:31,047 [IPC Server Responder] INFO  ipc.Server (Server.java:run(1314)) - IPC Server Responder: starting
2019-10-14 14:58:31,047 [IPC Server listener on 41317] INFO  ipc.Server (Server.java:run(1153)) - IPC Server listener on 41317: starting
2019-10-14 14:58:31,062 [main] INFO  server.StorageContainerManager (StorageContainerManager.java:start(782)) - ScmBlockLocationProtocol RPC server is listening at /0.0.0.0:43277
2019-10-14 14:58:31,062 [main] INFO  server.SCMBlockProtocolServer (SCMBlockProtocolServer.java:start(146)) - RPC server for Block Protocol is listening at /0.0.0.0:43277
2019-10-14 14:58:31,062 [IPC Server Responder] INFO  ipc.Server (Server.java:run(1314)) - IPC Server Responder: starting
2019-10-14 14:58:31,063 [IPC Server listener on 43277] INFO  ipc.Server (Server.java:run(1153)) - IPC Server listener on 43277: starting
2019-10-14 14:58:31,069 [main] INFO  server.StorageContainerManager (StorageContainerManager.java:start(786)) - ScmDatanodeProtocl RPC server is listening at /0.0.0.0:43332
2019-10-14 14:58:31,069 [main] INFO  server.SCMDatanodeProtocolServer (SCMDatanodeProtocolServer.java:start(169)) - RPC server for DataNodes is listening at /0.0.0.0:43332
2019-10-14 14:58:31,070 [IPC Server Responder] INFO  ipc.Server (Server.java:run(1314)) - IPC Server Responder: starting
2019-10-14 14:58:31,070 [IPC Server listener on 43332] INFO  ipc.Server (Server.java:run(1153)) - IPC Server listener on 43332: starting
2019-10-14 14:58:31,074 [main] INFO  http.HttpServer2 (HttpServer2.java:bindListener(1191)) - Jetty bound to port 37314
2019-10-14 14:58:31,074 [main] INFO  server.Server (Server.java:doStart(351)) - jetty-9.3.25.v20180904, build timestamp: 2018-09-04T21:11:46Z, git hash: 3ce520221d0240229c862b122d2b06c12a625732
2019-10-14 14:58:31,076 [main] INFO  handler.ContextHandler (ContextHandler.java:doStart(781)) - Started o.e.j.s.ServletContextHandler@3b435211{/logs,file:///workdir/hadoop-ozone/integration-test/target/log,AVAILABLE}
2019-10-14 14:58:31,076 [main] INFO  handler.ContextHandler (ContextHandler.java:doStart(781)) - Started o.e.j.s.ServletContextHandler@58a765ce{/static,file:///workdir/hadoop-ozone/integration-test/target/test-classes/webapps/static,AVAILABLE}
2019-10-14 14:58:31,081 [main] INFO  handler.ContextHandler (ContextHandler.java:doStart(781)) - Started o.e.j.w.WebAppContext@251d7fdd{/,file:///workdir/hadoop-ozone/integration-test/target/test-classes/webapps/scm/,AVAILABLE}{/scm}
2019-10-14 14:58:31,081 [main] INFO  server.AbstractConnector (AbstractConnector.java:doStart(278)) - Started ServerConnector@78e68401{HTTP/1.1,[http/1.1]}{0.0.0.0:37314}
2019-10-14 14:58:31,084 [main] INFO  server.Server (Server.java:doStart(419)) - Started @225475ms
2019-10-14 14:58:31,084 [main] WARN  impl.MetricsSystemImpl (MetricsSystemImpl.java:register(276)) - Sink prometheus already exists!
2019-10-14 14:58:31,085 [main] INFO  server.BaseHttpServer (BaseHttpServer.java:updateConnectorAddress(215)) - HTTP server of SCM is listening at http://0.0.0.0:37314
2019-10-14 14:58:31,085 [main] WARN  server.ServerUtils (ServerUtils.java:getDBPath(222)) - ozone.om.db.dirs is not configured. We recommend adding this setting. Falling back to ozone.metadata.dirs instead.
2019-10-14 14:58:31,085 [org.apache.hadoop.util.JvmPauseMonitor$Monitor@5b0dbfb] INFO  util.JvmPauseMonitor (JvmPauseMonitor.java:run(188)) - Starting JVM pause monitor
2019-10-14 14:58:31,112 [main] INFO  ha.OMHANodeDetails (OMHANodeDetails.java:loadOMHAConfig(190)) - Configuration either no ozone.om.address set. Falling back to the default OM address /127.0.0.1:0
2019-10-14 14:58:31,112 [main] INFO  ha.OMHANodeDetails (OMHANodeDetails.java:getOMNodeDetails(220)) - OM Service ID is not set. Setting it to the default ID: omServiceIdDefault
2019-10-14 14:58:31,112 [main] WARN  server.ServerUtils (ServerUtils.java:getDBPath(222)) - ozone.om.db.dirs is not configured. We recommend adding this setting. Falling back to ozone.metadata.dirs instead.
2019-10-14 14:58:31,112 [main] WARN  server.ServerUtils (ServerUtils.java:getDBPath(222)) - ozone.om.db.dirs is not configured. We recommend adding this setting. Falling back to ozone.metadata.dirs instead.
2019-10-14 14:58:31,121 [main] WARN  server.ServerUtils (ServerUtils.java:getDBPath(222)) - ozone.om.db.dirs is not configured. We recommend adding this setting. Falling back to ozone.metadata.dirs instead.
2019-10-14 14:58:31,122 [main] INFO  db.DBStoreBuilder (DBStoreBuilder.java:addTable(117)) - using custom profile for table: userTable
2019-10-14 14:58:31,122 [main] INFO  db.DBStoreBuilder (DBStoreBuilder.java:processTables(168)) - Using default column profile:DBProfile.DISK for Table:userTable
2019-10-14 14:58:31,123 [main] INFO  db.DBStoreBuilder (DBStoreBuilder.java:addTable(117)) - using custom profile for table: volumeTable
2019-10-14 14:58:31,123 [main] INFO  db.DBStoreBuilder (DBStoreBuilder.java:processTables(168)) - Using default column profile:DBProfile.DISK for Table:volumeTable
2019-10-14 14:58:31,123 [main] INFO  db.DBStoreBuilder (DBStoreBuilder.java:addTable(117)) - using custom profile for table: bucketTable
2019-10-14 14:58:31,123 [main] INFO  db.DBStoreBuilder (DBStoreBuilder.java:processTables(168)) - Using default column profile:DBProfile.DISK for Table:bucketTable
2019-10-14 14:58:31,124 [main] INFO  db.DBStoreBuilder (DBStoreBuilder.java:addTable(117)) - using custom profile for table: keyTable
2019-10-14 14:58:31,124 [main] INFO  db.DBStoreBuilder (DBStoreBuilder.java:processTables(168)) - Using default column profile:DBProfile.DISK for Table:keyTable
2019-10-14 14:58:31,124 [main] INFO  db.DBStoreBuilder (DBStoreBuilder.java:addTable(117)) - using custom profile for table: deletedTable
2019-10-14 14:58:31,124 [main] INFO  db.DBStoreBuilder (DBStoreBuilder.java:processTables(168)) - Using default column profile:DBProfile.DISK for Table:deletedTable
2019-10-14 14:58:31,124 [main] INFO  db.DBStoreBuilder (DBStoreBuilder.java:addTable(117)) - using custom profile for table: openKeyTable
2019-10-14 14:58:31,125 [main] INFO  db.DBStoreBuilder (DBStoreBuilder.java:processTables(168)) - Using default column profile:DBProfile.DISK for Table:openKeyTable
2019-10-14 14:58:31,125 [main] INFO  db.DBStoreBuilder (DBStoreBuilder.java:addTable(117)) - using custom profile for table: s3Table
2019-10-14 14:58:31,125 [main] INFO  db.DBStoreBuilder (DBStoreBuilder.java:processTables(168)) - Using default column profile:DBProfile.DISK for Table:s3Table
2019-10-14 14:58:31,125 [main] INFO  db.DBStoreBuilder (DBStoreBuilder.java:addTable(117)) - using custom profile for table: multipartInfoTable
2019-10-14 14:58:31,126 [main] INFO  db.DBStoreBuilder (DBStoreBuilder.java:processTables(168)) - Using default column profile:DBProfile.DISK for Table:multipartInfoTable
2019-10-14 14:58:31,126 [main] INFO  db.DBStoreBuilder (DBStoreBuilder.java:addTable(117)) - using custom profile for table: dTokenTable
2019-10-14 14:58:31,126 [main] INFO  db.DBStoreBuilder (DBStoreBuilder.java:processTables(168)) - Using default column profile:DBProfile.DISK for Table:dTokenTable
2019-10-14 14:58:31,126 [main] INFO  db.DBStoreBuilder (DBStoreBuilder.java:addTable(117)) - using custom profile for table: s3SecretTable
2019-10-14 14:58:31,126 [main] INFO  db.DBStoreBuilder (DBStoreBuilder.java:processTables(168)) - Using default column profile:DBProfile.DISK for Table:s3SecretTable
2019-10-14 14:58:31,127 [main] INFO  db.DBStoreBuilder (DBStoreBuilder.java:addTable(117)) - using custom profile for table: prefixTable
2019-10-14 14:58:31,127 [main] INFO  db.DBStoreBuilder (DBStoreBuilder.java:processTables(168)) - Using default column profile:DBProfile.DISK for Table:prefixTable
2019-10-14 14:58:31,127 [main] INFO  db.DBStoreBuilder (DBStoreBuilder.java:addTable(117)) - using custom profile for table: default
2019-10-14 14:58:31,127 [main] INFO  db.DBStoreBuilder (DBStoreBuilder.java:processTables(174)) - Using default column profile:DBProfile.DISK for Table:default
2019-10-14 14:58:31,128 [main] INFO  db.DBStoreBuilder (DBStoreBuilder.java:getDbProfile(205)) - Using default options. DBProfile.DISK
2019-10-14 14:58:31,835 [main] INFO  ipc.CallQueueManager (CallQueueManager.java:<init>(84)) - Using callQueue: class java.util.concurrent.LinkedBlockingQueue, queueCapacity: 2000, scheduler: class org.apache.hadoop.ipc.DefaultRpcScheduler, ipcBackoff: false.
2019-10-14 14:58:31,836 [Socket Reader #1 for port 38182] INFO  ipc.Server (Server.java:run(1074)) - Starting Socket Reader #1 for port 38182
2019-10-14 14:58:31,859 [main] INFO  om.OzoneManager (OzoneManager.java:start(1071)) - OzoneManager RPC server is listening at localhost/127.0.0.1:38182
2019-10-14 14:58:31,860 [main] INFO  impl.MetricsSystemImpl (MetricsSystemImpl.java:init(158)) - OzoneManager metrics system started (again)
2019-10-14 14:58:31,861 [IPC Server Responder] INFO  ipc.Server (Server.java:run(1314)) - IPC Server Responder: starting
2019-10-14 14:58:31,865 [IPC Server listener on 38182] INFO  ipc.Server (Server.java:run(1153)) - IPC Server listener on 38182: starting
2019-10-14 14:58:31,870 [main] INFO  hdfs.DFSUtil (DFSUtil.java:httpServerTemplateForNNAndJN(1641)) - Starting Web-server for ozoneManager at: http://0.0.0.0:0
2019-10-14 14:58:31,872 [main] INFO  server.AuthenticationFilter (AuthenticationFilter.java:constructSecretProvider(240)) - Unable to initialize FileSignerSecretProvider, falling back to use random secrets.
2019-10-14 14:58:31,878 [main] WARN  http.HttpRequestLog (HttpRequestLog.java:getRequestLog(97)) - Jetty request log can only be enabled using Log4j
2019-10-14 14:58:31,880 [main] INFO  http.HttpServer2 (HttpServer2.java:addGlobalFilter(975)) - Added global filter 'safety' (class=org.apache.hadoop.http.HttpServer2$QuotingInputFilter)
2019-10-14 14:58:31,881 [main] INFO  http.HttpServer2 (HttpServer2.java:addFilter(948)) - Added filter static_user_filter (class=org.apache.hadoop.http.lib.StaticUserWebFilter$StaticUserFilter) to context ozoneManager
2019-10-14 14:58:31,881 [main] INFO  http.HttpServer2 (HttpServer2.java:addFilter(958)) - Added filter static_user_filter (class=org.apache.hadoop.http.lib.StaticUserWebFilter$StaticUserFilter) to context static
2019-10-14 14:58:31,881 [main] INFO  http.HttpServer2 (HttpServer2.java:addFilter(958)) - Added filter static_user_filter (class=org.apache.hadoop.http.lib.StaticUserWebFilter$StaticUserFilter) to context logs
2019-10-14 14:58:31,882 [main] INFO  http.HttpServer2 (HttpServer2.java:bindListener(1191)) - Jetty bound to port 33469
2019-10-14 14:58:31,882 [main] INFO  server.Server (Server.java:doStart(351)) - jetty-9.3.25.v20180904, build timestamp: 2018-09-04T21:11:46Z, git hash: 3ce520221d0240229c862b122d2b06c12a625732
2019-10-14 14:58:31,885 [main] INFO  handler.ContextHandler (ContextHandler.java:doStart(781)) - Started o.e.j.s.ServletContextHandler@2c2c3947{/logs,file:///workdir/hadoop-ozone/integration-test/target/log,AVAILABLE}
2019-10-14 14:58:31,886 [main] INFO  handler.ContextHandler (ContextHandler.java:doStart(781)) - Started o.e.j.s.ServletContextHandler@7ec08115{/static,file:///workdir/hadoop-ozone/integration-test/target/test-classes/webapps/static,AVAILABLE}
2019-10-14 14:58:31,891 [main] INFO  handler.ContextHandler (ContextHandler.java:doStart(781)) - Started o.e.j.w.WebAppContext@2c6c302f{/,file:///workdir/hadoop-ozone/integration-test/target/test-classes/webapps/ozoneManager/,AVAILABLE}{/ozoneManager}
2019-10-14 14:58:31,891 [main] INFO  server.AbstractConnector (AbstractConnector.java:doStart(278)) - Started ServerConnector@2478b629{HTTP/1.1,[http/1.1]}{0.0.0.0:33469}
2019-10-14 14:58:31,894 [main] INFO  server.Server (Server.java:doStart(419)) - Started @226286ms
2019-10-14 14:58:31,895 [main] WARN  impl.MetricsSystemImpl (MetricsSystemImpl.java:register(276)) - Sink prometheus already exists!
2019-10-14 14:58:31,895 [main] INFO  server.BaseHttpServer (BaseHttpServer.java:updateConnectorAddress(215)) - HTTP server of OZONEMANAGER is listening at http://0.0.0.0:33469
2019-10-14 14:58:31,909 [main] INFO  impl.MetricsSystemImpl (MetricsSystemImpl.java:init(158)) - HddsDatanode metrics system started (again)
2019-10-14 14:58:31,926 [main] INFO  ozone.HddsDatanodeService (HddsDatanodeService.java:start(184)) - HddsDatanodeService host:dev-nightly-20191014-2mv7m-2951356099 ip:192.168.164.216
2019-10-14 14:58:31,933 [main] INFO  volume.HddsVolume (HddsVolume.java:<init>(176)) - Creating Volume: /workdir/hadoop-ozone/integration-test/target/test-dir/MiniOzoneClusterImpl-a880bd18-28f5-415e-9d8b-b89ede6c483e/datanode-0/data/containers/hdds of  storage type : DISK and capacity : 1482555576320
2019-10-14 14:58:31,933 [main] INFO  volume.VolumeSet (VolumeSet.java:initializeVolumeSet(170)) - Added Volume : /workdir/hadoop-ozone/integration-test/target/test-dir/MiniOzoneClusterImpl-a880bd18-28f5-415e-9d8b-b89ede6c483e/datanode-0/data/containers/hdds to VolumeSet
2019-10-14 14:58:31,934 [main] INFO  volume.ThrottledAsyncChecker (ThrottledAsyncChecker.java:schedule(141)) - Scheduling a check for org.apache.hadoop.ozone.container.common.volume.HddsVolume@2871ac91
2019-10-14 14:58:31,934 [main] INFO  volume.HddsVolumeChecker (HddsVolumeChecker.java:checkAllVolumes(204)) - Scheduled health check for volume org.apache.hadoop.ozone.container.common.volume.HddsVolume@2871ac91
2019-10-14 14:58:31,947 [main] INFO  impl.RaftServerProxy (ConfUtils.java:logGet(43)) - raft.rpc.type = GRPC (default)
2019-10-14 14:58:31,947 [main] INFO  grpc.GrpcFactory (GrpcFactory.java:checkPooledByteBufAllocatorUseCacheForAllThreads(45)) - PERFORMANCE WARNING: useCacheForAllThreads is true that may cause Netty to create a lot garbage objects and, as a result, trigger GC.
	It is recommended to disable useCacheForAllThreads by setting -Dorg.apache.ratis.thirdparty.io.netty.allocator.useCacheForAllThreads=false in command line.
2019-10-14 14:58:31,948 [main] INFO  grpc.GrpcConfigKeys$Server (ConfUtils.java:logGet(43)) - raft.grpc.server.port = 0 (default)
2019-10-14 14:58:31,948 [main] INFO  server.GrpcService (ConfUtils.java:logGet(43)) - raft.grpc.message.size.max = 33570816 (custom)
2019-10-14 14:58:31,948 [main] INFO  server.RaftServerConfigKeys (ConfUtils.java:logGet(43)) - raft.server.log.appender.buffer.byte-limit = 33554432 (custom)
2019-10-14 14:58:31,948 [main] INFO  server.GrpcService (ConfUtils.java:logGet(43)) - raft.grpc.flow.control.window = 1MB (=1048576) (default)
2019-10-14 14:58:31,948 [main] INFO  server.RaftServerConfigKeys (ConfUtils.java:logGet(43)) - raft.server.rpc.request.timeout = 3000ms (default)
2019-10-14 14:58:31,949 [main] INFO  server.RaftServerConfigKeys (ConfUtils.java:logGet(43)) - raft.server.storage.dir = [/workdir/hadoop-ozone/integration-test/target/test-dir/MiniOzoneClusterImpl-a880bd18-28f5-415e-9d8b-b89ede6c483e/datanode-0/data/ratis] (custom)
2019-10-14 14:58:31,950 [main] INFO  hdfs.DFSUtil (DFSUtil.java:httpServerTemplateForNNAndJN(1641)) - Starting Web-server for hddsDatanode at: http://0.0.0.0:0
2019-10-14 14:58:31,952 [main] INFO  server.AuthenticationFilter (AuthenticationFilter.java:constructSecretProvider(240)) - Unable to initialize FileSignerSecretProvider, falling back to use random secrets.
2019-10-14 14:58:31,953 [main] WARN  http.HttpRequestLog (HttpRequestLog.java:getRequestLog(97)) - Jetty request log can only be enabled using Log4j
2019-10-14 14:58:31,956 [main] INFO  http.HttpServer2 (HttpServer2.java:addGlobalFilter(975)) - Added global filter 'safety' (class=org.apache.hadoop.http.HttpServer2$QuotingInputFilter)
2019-10-14 14:58:31,957 [main] INFO  http.HttpServer2 (HttpServer2.java:addFilter(948)) - Added filter static_user_filter (class=org.apache.hadoop.http.lib.StaticUserWebFilter$StaticUserFilter) to context hddsDatanode
2019-10-14 14:58:31,957 [main] INFO  http.HttpServer2 (HttpServer2.java:addFilter(958)) - Added filter static_user_filter (class=org.apache.hadoop.http.lib.StaticUserWebFilter$StaticUserFilter) to context logs
2019-10-14 14:58:31,957 [main] INFO  http.HttpServer2 (HttpServer2.java:addFilter(958)) - Added filter static_user_filter (class=org.apache.hadoop.http.lib.StaticUserWebFilter$StaticUserFilter) to context static
2019-10-14 14:58:31,958 [main] INFO  http.HttpServer2 (HttpServer2.java:bindListener(1191)) - Jetty bound to port 37758
2019-10-14 14:58:31,959 [main] INFO  server.Server (Server.java:doStart(351)) - jetty-9.3.25.v20180904, build timestamp: 2018-09-04T21:11:46Z, git hash: 3ce520221d0240229c862b122d2b06c12a625732
2019-10-14 14:58:31,961 [main] INFO  handler.ContextHandler (ContextHandler.java:doStart(781)) - Started o.e.j.s.ServletContextHandler@4ef18604{/logs,file:///workdir/hadoop-ozone/integration-test/target/log,AVAILABLE}
2019-10-14 14:58:31,961 [main] INFO  handler.ContextHandler (ContextHandler.java:doStart(781)) - Started o.e.j.s.ServletContextHandler@16cf8438{/static,jar:file:/home/user/.m2/repository/org/apache/hadoop/hadoop-hdds-container-service/0.5.0-SNAPSHOT/hadoop-hdds-container-service-0.5.0-SNAPSHOT.jar!/webapps/static,AVAILABLE}
2019-10-14 14:58:32,006 [main] INFO  handler.ContextHandler (ContextHandler.java:doStart(781)) - Started o.e.j.w.WebAppContext@5d194314{/,file:///tmp/jetty-0.0.0.0-37758-hddsDatanode-_-any-5688525710220292242.dir/webapp/,AVAILABLE}{/hddsDatanode}
2019-10-14 14:58:32,007 [main] INFO  server.AbstractConnector (AbstractConnector.java:doStart(278)) - Started ServerConnector@76396509{HTTP/1.1,[http/1.1]}{0.0.0.0:37758}
2019-10-14 14:58:32,009 [main] INFO  server.Server (Server.java:doStart(419)) - Started @226400ms
2019-10-14 14:58:32,009 [main] WARN  impl.MetricsSystemImpl (MetricsSystemImpl.java:register(276)) - Sink prometheus already exists!
2019-10-14 14:58:32,009 [main] INFO  server.BaseHttpServer (BaseHttpServer.java:updateConnectorAddress(215)) - HTTP server of HDDSDATANODE is listening at http://0.0.0.0:37758
2019-10-14 14:58:32,010 [main] INFO  impl.MetricsSystemImpl (MetricsSystemImpl.java:init(158)) - HddsDatanode metrics system started (again)
2019-10-14 14:58:32,031 [org.apache.hadoop.util.JvmPauseMonitor$Monitor@59512d62] INFO  util.JvmPauseMonitor (JvmPauseMonitor.java:run(188)) - Starting JVM pause monitor
2019-10-14 14:58:32,033 [main] INFO  ozone.HddsDatanodeService (HddsDatanodeService.java:start(184)) - HddsDatanodeService host:dev-nightly-20191014-2mv7m-2951356099 ip:192.168.164.216
2019-10-14 14:58:32,033 [Datanode State Machine Thread - 0] INFO  datanode.InitDatanodeState (InitDatanodeState.java:persistContainerDatanodeDetails(140)) - DatanodeDetails is persisted to /workdir/hadoop-ozone/integration-test/target/test-dir/MiniOzoneClusterImpl-a880bd18-28f5-415e-9d8b-b89ede6c483e/datanode-0/meta/datanode.id
2019-10-14 14:58:32,043 [main] INFO  volume.HddsVolume (HddsVolume.java:<init>(176)) - Creating Volume: /workdir/hadoop-ozone/integration-test/target/test-dir/MiniOzoneClusterImpl-a880bd18-28f5-415e-9d8b-b89ede6c483e/datanode-1/data/containers/hdds of  storage type : DISK and capacity : 1482555576320
2019-10-14 14:58:32,044 [main] INFO  volume.VolumeSet (VolumeSet.java:initializeVolumeSet(170)) - Added Volume : /workdir/hadoop-ozone/integration-test/target/test-dir/MiniOzoneClusterImpl-a880bd18-28f5-415e-9d8b-b89ede6c483e/datanode-1/data/containers/hdds to VolumeSet
2019-10-14 14:58:32,044 [main] INFO  volume.ThrottledAsyncChecker (ThrottledAsyncChecker.java:schedule(141)) - Scheduling a check for org.apache.hadoop.ozone.container.common.volume.HddsVolume@7e7740a5
2019-10-14 14:58:32,044 [main] INFO  volume.HddsVolumeChecker (HddsVolumeChecker.java:checkAllVolumes(204)) - Scheduled health check for volume org.apache.hadoop.ozone.container.common.volume.HddsVolume@7e7740a5
2019-10-14 14:58:32,061 [main] INFO  impl.RaftServerProxy (ConfUtils.java:logGet(43)) - raft.rpc.type = GRPC (default)
2019-10-14 14:58:32,061 [main] INFO  grpc.GrpcFactory (GrpcFactory.java:checkPooledByteBufAllocatorUseCacheForAllThreads(45)) - PERFORMANCE WARNING: useCacheForAllThreads is true that may cause Netty to create a lot garbage objects and, as a result, trigger GC.
	It is recommended to disable useCacheForAllThreads by setting -Dorg.apache.ratis.thirdparty.io.netty.allocator.useCacheForAllThreads=false in command line.
2019-10-14 14:58:32,061 [main] INFO  grpc.GrpcConfigKeys$Server (ConfUtils.java:logGet(43)) - raft.grpc.server.port = 0 (default)
2019-10-14 14:58:32,062 [main] INFO  server.GrpcService (ConfUtils.java:logGet(43)) - raft.grpc.message.size.max = 33570816 (custom)
2019-10-14 14:58:32,062 [main] INFO  server.RaftServerConfigKeys (ConfUtils.java:logGet(43)) - raft.server.log.appender.buffer.byte-limit = 33554432 (custom)
2019-10-14 14:58:32,062 [main] INFO  server.GrpcService (ConfUtils.java:logGet(43)) - raft.grpc.flow.control.window = 1MB (=1048576) (default)
2019-10-14 14:58:32,062 [main] INFO  server.RaftServerConfigKeys (ConfUtils.java:logGet(43)) - raft.server.rpc.request.timeout = 3000ms (default)
2019-10-14 14:58:32,063 [main] INFO  server.RaftServerConfigKeys (ConfUtils.java:logGet(43)) - raft.server.storage.dir = [/workdir/hadoop-ozone/integration-test/target/test-dir/MiniOzoneClusterImpl-a880bd18-28f5-415e-9d8b-b89ede6c483e/datanode-1/data/ratis] (custom)
2019-10-14 14:58:32,064 [main] INFO  hdfs.DFSUtil (DFSUtil.java:httpServerTemplateForNNAndJN(1641)) - Starting Web-server for hddsDatanode at: http://0.0.0.0:0
2019-10-14 14:58:32,067 [main] INFO  server.AuthenticationFilter (AuthenticationFilter.java:constructSecretProvider(240)) - Unable to initialize FileSignerSecretProvider, falling back to use random secrets.
2019-10-14 14:58:32,068 [main] WARN  http.HttpRequestLog (HttpRequestLog.java:getRequestLog(97)) - Jetty request log can only be enabled using Log4j
2019-10-14 14:58:32,071 [main] INFO  http.HttpServer2 (HttpServer2.java:addGlobalFilter(975)) - Added global filter 'safety' (class=org.apache.hadoop.http.HttpServer2$QuotingInputFilter)
2019-10-14 14:58:32,072 [main] INFO  http.HttpServer2 (HttpServer2.java:addFilter(948)) - Added filter static_user_filter (class=org.apache.hadoop.http.lib.StaticUserWebFilter$StaticUserFilter) to context hddsDatanode
2019-10-14 14:58:32,072 [main] INFO  http.HttpServer2 (HttpServer2.java:addFilter(958)) - Added filter static_user_filter (class=org.apache.hadoop.http.lib.StaticUserWebFilter$StaticUserFilter) to context logs
2019-10-14 14:58:32,073 [main] INFO  http.HttpServer2 (HttpServer2.java:addFilter(958)) - Added filter static_user_filter (class=org.apache.hadoop.http.lib.StaticUserWebFilter$StaticUserFilter) to context static
2019-10-14 14:58:32,074 [main] INFO  http.HttpServer2 (HttpServer2.java:bindListener(1191)) - Jetty bound to port 33869
2019-10-14 14:58:32,074 [main] INFO  server.Server (Server.java:doStart(351)) - jetty-9.3.25.v20180904, build timestamp: 2018-09-04T21:11:46Z, git hash: 3ce520221d0240229c862b122d2b06c12a625732
2019-10-14 14:58:32,076 [main] INFO  handler.ContextHandler (ContextHandler.java:doStart(781)) - Started o.e.j.s.ServletContextHandler@3b0d3a63{/logs,file:///workdir/hadoop-ozone/integration-test/target/log,AVAILABLE}
2019-10-14 14:58:32,077 [main] INFO  handler.ContextHandler (ContextHandler.java:doStart(781)) - Started o.e.j.s.ServletContextHandler@14de1901{/static,jar:file:/home/user/.m2/repository/org/apache/hadoop/hadoop-hdds-container-service/0.5.0-SNAPSHOT/hadoop-hdds-container-service-0.5.0-SNAPSHOT.jar!/webapps/static,AVAILABLE}
2019-10-14 14:58:32,123 [main] INFO  handler.ContextHandler (ContextHandler.java:doStart(781)) - Started o.e.j.w.WebAppContext@16cb9989{/,file:///tmp/jetty-0.0.0.0-33869-hddsDatanode-_-any-5233072829195443194.dir/webapp/,AVAILABLE}{/hddsDatanode}
2019-10-14 14:58:32,124 [main] INFO  server.AbstractConnector (AbstractConnector.java:doStart(278)) - Started ServerConnector@3dfd6220{HTTP/1.1,[http/1.1]}{0.0.0.0:33869}
2019-10-14 14:58:32,129 [main] INFO  server.Server (Server.java:doStart(419)) - Started @226520ms
2019-10-14 14:58:32,129 [main] WARN  impl.MetricsSystemImpl (MetricsSystemImpl.java:register(276)) - Sink prometheus already exists!
2019-10-14 14:58:32,130 [main] INFO  server.BaseHttpServer (BaseHttpServer.java:updateConnectorAddress(215)) - HTTP server of HDDSDATANODE is listening at http://0.0.0.0:33869
2019-10-14 14:58:32,130 [main] INFO  impl.MetricsSystemImpl (MetricsSystemImpl.java:init(158)) - HddsDatanode metrics system started (again)
2019-10-14 14:58:32,149 [org.apache.hadoop.util.JvmPauseMonitor$Monitor@5bcf4540] INFO  util.JvmPauseMonitor (JvmPauseMonitor.java:run(188)) - Starting JVM pause monitor
2019-10-14 14:58:32,151 [main] INFO  ozone.HddsDatanodeService (HddsDatanodeService.java:start(184)) - HddsDatanodeService host:dev-nightly-20191014-2mv7m-2951356099 ip:192.168.164.216
2019-10-14 14:58:32,151 [Datanode State Machine Thread - 0] INFO  datanode.InitDatanodeState (InitDatanodeState.java:persistContainerDatanodeDetails(140)) - DatanodeDetails is persisted to /workdir/hadoop-ozone/integration-test/target/test-dir/MiniOzoneClusterImpl-a880bd18-28f5-415e-9d8b-b89ede6c483e/datanode-1/meta/datanode.id
2019-10-14 14:58:32,160 [main] INFO  volume.HddsVolume (HddsVolume.java:<init>(176)) - Creating Volume: /workdir/hadoop-ozone/integration-test/target/test-dir/MiniOzoneClusterImpl-a880bd18-28f5-415e-9d8b-b89ede6c483e/datanode-2/data/containers/hdds of  storage type : DISK and capacity : 1482555576320
2019-10-14 14:58:32,160 [main] INFO  volume.VolumeSet (VolumeSet.java:initializeVolumeSet(170)) - Added Volume : /workdir/hadoop-ozone/integration-test/target/test-dir/MiniOzoneClusterImpl-a880bd18-28f5-415e-9d8b-b89ede6c483e/datanode-2/data/containers/hdds to VolumeSet
2019-10-14 14:58:32,161 [main] INFO  volume.ThrottledAsyncChecker (ThrottledAsyncChecker.java:schedule(141)) - Scheduling a check for org.apache.hadoop.ozone.container.common.volume.HddsVolume@12abcd1e
2019-10-14 14:58:32,161 [main] INFO  volume.HddsVolumeChecker (HddsVolumeChecker.java:checkAllVolumes(204)) - Scheduled health check for volume org.apache.hadoop.ozone.container.common.volume.HddsVolume@12abcd1e
2019-10-14 14:58:32,179 [main] INFO  impl.RaftServerProxy (ConfUtils.java:logGet(43)) - raft.rpc.type = GRPC (default)
2019-10-14 14:58:32,179 [main] INFO  grpc.GrpcFactory (GrpcFactory.java:checkPooledByteBufAllocatorUseCacheForAllThreads(45)) - PERFORMANCE WARNING: useCacheForAllThreads is true that may cause Netty to create a lot garbage objects and, as a result, trigger GC.
	It is recommended to disable useCacheForAllThreads by setting -Dorg.apache.ratis.thirdparty.io.netty.allocator.useCacheForAllThreads=false in command line.
2019-10-14 14:58:32,179 [main] INFO  grpc.GrpcConfigKeys$Server (ConfUtils.java:logGet(43)) - raft.grpc.server.port = 0 (default)
2019-10-14 14:58:32,179 [main] INFO  server.GrpcService (ConfUtils.java:logGet(43)) - raft.grpc.message.size.max = 33570816 (custom)
2019-10-14 14:58:32,180 [main] INFO  server.RaftServerConfigKeys (ConfUtils.java:logGet(43)) - raft.server.log.appender.buffer.byte-limit = 33554432 (custom)
2019-10-14 14:58:32,180 [main] INFO  server.GrpcService (ConfUtils.java:logGet(43)) - raft.grpc.flow.control.window = 1MB (=1048576) (default)
2019-10-14 14:58:32,180 [main] INFO  server.RaftServerConfigKeys (ConfUtils.java:logGet(43)) - raft.server.rpc.request.timeout = 3000ms (default)
2019-10-14 14:58:32,180 [main] INFO  server.RaftServerConfigKeys (ConfUtils.java:logGet(43)) - raft.server.storage.dir = [/workdir/hadoop-ozone/integration-test/target/test-dir/MiniOzoneClusterImpl-a880bd18-28f5-415e-9d8b-b89ede6c483e/datanode-2/data/ratis] (custom)
2019-10-14 14:58:32,182 [main] INFO  hdfs.DFSUtil (DFSUtil.java:httpServerTemplateForNNAndJN(1641)) - Starting Web-server for hddsDatanode at: http://0.0.0.0:0
2019-10-14 14:58:32,183 [main] INFO  server.AuthenticationFilter (AuthenticationFilter.java:constructSecretProvider(240)) - Unable to initialize FileSignerSecretProvider, falling back to use random secrets.
2019-10-14 14:58:32,184 [main] WARN  http.HttpRequestLog (HttpRequestLog.java:getRequestLog(97)) - Jetty request log can only be enabled using Log4j
2019-10-14 14:58:32,185 [main] INFO  http.HttpServer2 (HttpServer2.java:addGlobalFilter(975)) - Added global filter 'safety' (class=org.apache.hadoop.http.HttpServer2$QuotingInputFilter)
2019-10-14 14:58:32,186 [main] INFO  http.HttpServer2 (HttpServer2.java:addFilter(948)) - Added filter static_user_filter (class=org.apache.hadoop.http.lib.StaticUserWebFilter$StaticUserFilter) to context hddsDatanode
2019-10-14 14:58:32,186 [main] INFO  http.HttpServer2 (HttpServer2.java:addFilter(958)) - Added filter static_user_filter (class=org.apache.hadoop.http.lib.StaticUserWebFilter$StaticUserFilter) to context logs
2019-10-14 14:58:32,186 [main] INFO  http.HttpServer2 (HttpServer2.java:addFilter(958)) - Added filter static_user_filter (class=org.apache.hadoop.http.lib.StaticUserWebFilter$StaticUserFilter) to context static
2019-10-14 14:58:32,187 [main] INFO  http.HttpServer2 (HttpServer2.java:bindListener(1191)) - Jetty bound to port 33558
2019-10-14 14:58:32,187 [main] INFO  server.Server (Server.java:doStart(351)) - jetty-9.3.25.v20180904, build timestamp: 2018-09-04T21:11:46Z, git hash: 3ce520221d0240229c862b122d2b06c12a625732
2019-10-14 14:58:32,189 [main] INFO  handler.ContextHandler (ContextHandler.java:doStart(781)) - Started o.e.j.s.ServletContextHandler@675b18ff{/logs,file:///workdir/hadoop-ozone/integration-test/target/log,AVAILABLE}
2019-10-14 14:58:32,189 [main] INFO  handler.ContextHandler (ContextHandler.java:doStart(781)) - Started o.e.j.s.ServletContextHandler@687389a6{/static,jar:file:/home/user/.m2/repository/org/apache/hadoop/hadoop-hdds-container-service/0.5.0-SNAPSHOT/hadoop-hdds-container-service-0.5.0-SNAPSHOT.jar!/webapps/static,AVAILABLE}
2019-10-14 14:58:32,218 [main] INFO  handler.ContextHandler (ContextHandler.java:doStart(781)) - Started o.e.j.w.WebAppContext@6314df3c{/,file:///tmp/jetty-0.0.0.0-33558-hddsDatanode-_-any-7037555568947859551.dir/webapp/,AVAILABLE}{/hddsDatanode}
2019-10-14 14:58:32,218 [main] INFO  server.AbstractConnector (AbstractConnector.java:doStart(278)) - Started ServerConnector@5785e813{HTTP/1.1,[http/1.1]}{0.0.0.0:33558}
2019-10-14 14:58:32,220 [main] INFO  server.Server (Server.java:doStart(419)) - Started @226611ms
2019-10-14 14:58:32,220 [main] WARN  impl.MetricsSystemImpl (MetricsSystemImpl.java:register(276)) - Sink prometheus already exists!
2019-10-14 14:58:32,220 [main] INFO  server.BaseHttpServer (BaseHttpServer.java:updateConnectorAddress(215)) - HTTP server of HDDSDATANODE is listening at http://0.0.0.0:33558
2019-10-14 14:58:32,221 [main] INFO  impl.MetricsSystemImpl (MetricsSystemImpl.java:init(158)) - HddsDatanode metrics system started (again)
2019-10-14 14:58:32,239 [org.apache.hadoop.util.JvmPauseMonitor$Monitor@2163b288] INFO  util.JvmPauseMonitor (JvmPauseMonitor.java:run(188)) - Starting JVM pause monitor
2019-10-14 14:58:32,241 [Datanode State Machine Thread - 0] INFO  datanode.InitDatanodeState (InitDatanodeState.java:persistContainerDatanodeDetails(140)) - DatanodeDetails is persisted to /workdir/hadoop-ozone/integration-test/target/test-dir/MiniOzoneClusterImpl-a880bd18-28f5-415e-9d8b-b89ede6c483e/datanode-2/meta/datanode.id
2019-10-14 14:58:32,241 [main] INFO  ozone.HddsDatanodeService (HddsDatanodeService.java:start(184)) - HddsDatanodeService host:dev-nightly-20191014-2mv7m-2951356099 ip:192.168.164.216
2019-10-14 14:58:32,249 [main] INFO  volume.HddsVolume (HddsVolume.java:<init>(176)) - Creating Volume: /workdir/hadoop-ozone/integration-test/target/test-dir/MiniOzoneClusterImpl-a880bd18-28f5-415e-9d8b-b89ede6c483e/datanode-3/data/containers/hdds of  storage type : DISK and capacity : 1482555576320
2019-10-14 14:58:32,249 [main] INFO  volume.VolumeSet (VolumeSet.java:initializeVolumeSet(170)) - Added Volume : /workdir/hadoop-ozone/integration-test/target/test-dir/MiniOzoneClusterImpl-a880bd18-28f5-415e-9d8b-b89ede6c483e/datanode-3/data/containers/hdds to VolumeSet
2019-10-14 14:58:32,249 [main] INFO  volume.ThrottledAsyncChecker (ThrottledAsyncChecker.java:schedule(141)) - Scheduling a check for org.apache.hadoop.ozone.container.common.volume.HddsVolume@703fa45
2019-10-14 14:58:32,250 [main] INFO  volume.HddsVolumeChecker (HddsVolumeChecker.java:checkAllVolumes(204)) - Scheduled health check for volume org.apache.hadoop.ozone.container.common.volume.HddsVolume@703fa45
2019-10-14 14:58:32,266 [main] INFO  impl.RaftServerProxy (ConfUtils.java:logGet(43)) - raft.rpc.type = GRPC (default)
2019-10-14 14:58:32,266 [main] INFO  grpc.GrpcFactory (GrpcFactory.java:checkPooledByteBufAllocatorUseCacheForAllThreads(45)) - PERFORMANCE WARNING: useCacheForAllThreads is true that may cause Netty to create a lot garbage objects and, as a result, trigger GC.
	It is recommended to disable useCacheForAllThreads by setting -Dorg.apache.ratis.thirdparty.io.netty.allocator.useCacheForAllThreads=false in command line.
2019-10-14 14:58:32,266 [main] INFO  grpc.GrpcConfigKeys$Server (ConfUtils.java:logGet(43)) - raft.grpc.server.port = 0 (default)
2019-10-14 14:58:32,266 [main] INFO  server.GrpcService (ConfUtils.java:logGet(43)) - raft.grpc.message.size.max = 33570816 (custom)
2019-10-14 14:58:32,266 [main] INFO  server.RaftServerConfigKeys (ConfUtils.java:logGet(43)) - raft.server.log.appender.buffer.byte-limit = 33554432 (custom)
2019-10-14 14:58:32,267 [main] INFO  server.GrpcService (ConfUtils.java:logGet(43)) - raft.grpc.flow.control.window = 1MB (=1048576) (default)
2019-10-14 14:58:32,267 [main] INFO  server.RaftServerConfigKeys (ConfUtils.java:logGet(43)) - raft.server.rpc.request.timeout = 3000ms (default)
2019-10-14 14:58:32,267 [main] INFO  server.RaftServerConfigKeys (ConfUtils.java:logGet(43)) - raft.server.storage.dir = [/workdir/hadoop-ozone/integration-test/target/test-dir/MiniOzoneClusterImpl-a880bd18-28f5-415e-9d8b-b89ede6c483e/datanode-3/data/ratis] (custom)
2019-10-14 14:58:32,269 [main] INFO  hdfs.DFSUtil (DFSUtil.java:httpServerTemplateForNNAndJN(1641)) - Starting Web-server for hddsDatanode at: http://0.0.0.0:0
2019-10-14 14:58:32,270 [main] INFO  server.AuthenticationFilter (AuthenticationFilter.java:constructSecretProvider(240)) - Unable to initialize FileSignerSecretProvider, falling back to use random secrets.
2019-10-14 14:58:32,270 [main] WARN  http.HttpRequestLog (HttpRequestLog.java:getRequestLog(97)) - Jetty request log can only be enabled using Log4j
2019-10-14 14:58:32,272 [main] INFO  http.HttpServer2 (HttpServer2.java:addGlobalFilter(975)) - Added global filter 'safety' (class=org.apache.hadoop.http.HttpServer2$QuotingInputFilter)
2019-10-14 14:58:32,272 [main] INFO  http.HttpServer2 (HttpServer2.java:addFilter(948)) - Added filter static_user_filter (class=org.apache.hadoop.http.lib.StaticUserWebFilter$StaticUserFilter) to context hddsDatanode
2019-10-14 14:58:32,273 [main] INFO  http.HttpServer2 (HttpServer2.java:addFilter(958)) - Added filter static_user_filter (class=org.apache.hadoop.http.lib.StaticUserWebFilter$StaticUserFilter) to context logs
2019-10-14 14:58:32,273 [main] INFO  http.HttpServer2 (HttpServer2.java:addFilter(958)) - Added filter static_user_filter (class=org.apache.hadoop.http.lib.StaticUserWebFilter$StaticUserFilter) to context static
2019-10-14 14:58:32,273 [main] INFO  http.HttpServer2 (HttpServer2.java:bindListener(1191)) - Jetty bound to port 41770
2019-10-14 14:58:32,274 [main] INFO  server.Server (Server.java:doStart(351)) - jetty-9.3.25.v20180904, build timestamp: 2018-09-04T21:11:46Z, git hash: 3ce520221d0240229c862b122d2b06c12a625732
2019-10-14 14:58:32,275 [main] INFO  handler.ContextHandler (ContextHandler.java:doStart(781)) - Started o.e.j.s.ServletContextHandler@342ee097{/logs,file:///workdir/hadoop-ozone/integration-test/target/log,AVAILABLE}
2019-10-14 14:58:32,276 [main] INFO  handler.ContextHandler (ContextHandler.java:doStart(781)) - Started o.e.j.s.ServletContextHandler@12192604{/static,jar:file:/home/user/.m2/repository/org/apache/hadoop/hadoop-hdds-container-service/0.5.0-SNAPSHOT/hadoop-hdds-container-service-0.5.0-SNAPSHOT.jar!/webapps/static,AVAILABLE}
2019-10-14 14:58:32,304 [main] INFO  handler.ContextHandler (ContextHandler.java:doStart(781)) - Started o.e.j.w.WebAppContext@7e3d2ebd{/,file:///tmp/jetty-0.0.0.0-41770-hddsDatanode-_-any-3701226990138008611.dir/webapp/,AVAILABLE}{/hddsDatanode}
2019-10-14 14:58:32,305 [main] INFO  server.AbstractConnector (AbstractConnector.java:doStart(278)) - Started ServerConnector@2b43f314{HTTP/1.1,[http/1.1]}{0.0.0.0:41770}
2019-10-14 14:58:32,308 [main] INFO  server.Server (Server.java:doStart(419)) - Started @226699ms
2019-10-14 14:58:32,308 [main] WARN  impl.MetricsSystemImpl (MetricsSystemImpl.java:register(276)) - Sink prometheus already exists!
2019-10-14 14:58:32,309 [main] INFO  server.BaseHttpServer (BaseHttpServer.java:updateConnectorAddress(215)) - HTTP server of HDDSDATANODE is listening at http://0.0.0.0:41770
2019-10-14 14:58:32,309 [main] INFO  impl.MetricsSystemImpl (MetricsSystemImpl.java:init(158)) - HddsDatanode metrics system started (again)
2019-10-14 14:58:32,329 [org.apache.hadoop.util.JvmPauseMonitor$Monitor@68554040] INFO  util.JvmPauseMonitor (JvmPauseMonitor.java:run(188)) - Starting JVM pause monitor
2019-10-14 14:58:32,330 [Datanode State Machine Thread - 0] INFO  datanode.InitDatanodeState (InitDatanodeState.java:persistContainerDatanodeDetails(140)) - DatanodeDetails is persisted to /workdir/hadoop-ozone/integration-test/target/test-dir/MiniOzoneClusterImpl-a880bd18-28f5-415e-9d8b-b89ede6c483e/datanode-3/meta/datanode.id
2019-10-14 14:58:32,331 [main] INFO  ozone.HddsDatanodeService (HddsDatanodeService.java:start(184)) - HddsDatanodeService host:dev-nightly-20191014-2mv7m-2951356099 ip:192.168.164.216
2019-10-14 14:58:32,340 [main] INFO  volume.HddsVolume (HddsVolume.java:<init>(176)) - Creating Volume: /workdir/hadoop-ozone/integration-test/target/test-dir/MiniOzoneClusterImpl-a880bd18-28f5-415e-9d8b-b89ede6c483e/datanode-4/data/containers/hdds of  storage type : DISK and capacity : 1482555576320
2019-10-14 14:58:32,340 [main] INFO  volume.VolumeSet (VolumeSet.java:initializeVolumeSet(170)) - Added Volume : /workdir/hadoop-ozone/integration-test/target/test-dir/MiniOzoneClusterImpl-a880bd18-28f5-415e-9d8b-b89ede6c483e/datanode-4/data/containers/hdds to VolumeSet
2019-10-14 14:58:32,340 [main] INFO  volume.ThrottledAsyncChecker (ThrottledAsyncChecker.java:schedule(141)) - Scheduling a check for org.apache.hadoop.ozone.container.common.volume.HddsVolume@26da1ba2
2019-10-14 14:58:32,341 [main] INFO  volume.HddsVolumeChecker (HddsVolumeChecker.java:checkAllVolumes(204)) - Scheduled health check for volume org.apache.hadoop.ozone.container.common.volume.HddsVolume@26da1ba2
2019-10-14 14:58:32,362 [main] INFO  impl.RaftServerProxy (ConfUtils.java:logGet(43)) - raft.rpc.type = GRPC (default)
2019-10-14 14:58:32,363 [main] INFO  grpc.GrpcFactory (GrpcFactory.java:checkPooledByteBufAllocatorUseCacheForAllThreads(45)) - PERFORMANCE WARNING: useCacheForAllThreads is true that may cause Netty to create a lot garbage objects and, as a result, trigger GC.
	It is recommended to disable useCacheForAllThreads by setting -Dorg.apache.ratis.thirdparty.io.netty.allocator.useCacheForAllThreads=false in command line.
2019-10-14 14:58:32,363 [main] INFO  grpc.GrpcConfigKeys$Server (ConfUtils.java:logGet(43)) - raft.grpc.server.port = 0 (default)
2019-10-14 14:58:32,363 [main] INFO  server.GrpcService (ConfUtils.java:logGet(43)) - raft.grpc.message.size.max = 33570816 (custom)
2019-10-14 14:58:32,363 [main] INFO  server.RaftServerConfigKeys (ConfUtils.java:logGet(43)) - raft.server.log.appender.buffer.byte-limit = 33554432 (custom)
2019-10-14 14:58:32,364 [main] INFO  server.GrpcService (ConfUtils.java:logGet(43)) - raft.grpc.flow.control.window = 1MB (=1048576) (default)
2019-10-14 14:58:32,364 [main] INFO  server.RaftServerConfigKeys (ConfUtils.java:logGet(43)) - raft.server.rpc.request.timeout = 3000ms (default)
2019-10-14 14:58:32,364 [main] INFO  server.RaftServerConfigKeys (ConfUtils.java:logGet(43)) - raft.server.storage.dir = [/workdir/hadoop-ozone/integration-test/target/test-dir/MiniOzoneClusterImpl-a880bd18-28f5-415e-9d8b-b89ede6c483e/datanode-4/data/ratis] (custom)
2019-10-14 14:58:32,365 [main] INFO  hdfs.DFSUtil (DFSUtil.java:httpServerTemplateForNNAndJN(1641)) - Starting Web-server for hddsDatanode at: http://0.0.0.0:0
2019-10-14 14:58:32,367 [main] INFO  server.AuthenticationFilter (AuthenticationFilter.java:constructSecretProvider(240)) - Unable to initialize FileSignerSecretProvider, falling back to use random secrets.
2019-10-14 14:58:32,367 [main] WARN  http.HttpRequestLog (HttpRequestLog.java:getRequestLog(97)) - Jetty request log can only be enabled using Log4j
2019-10-14 14:58:32,369 [main] INFO  http.HttpServer2 (HttpServer2.java:addGlobalFilter(975)) - Added global filter 'safety' (class=org.apache.hadoop.http.HttpServer2$QuotingInputFilter)
2019-10-14 14:58:32,370 [main] INFO  http.HttpServer2 (HttpServer2.java:addFilter(948)) - Added filter static_user_filter (class=org.apache.hadoop.http.lib.StaticUserWebFilter$StaticUserFilter) to context hddsDatanode
2019-10-14 14:58:32,370 [main] INFO  http.HttpServer2 (HttpServer2.java:addFilter(958)) - Added filter static_user_filter (class=org.apache.hadoop.http.lib.StaticUserWebFilter$StaticUserFilter) to context static
2019-10-14 14:58:32,370 [main] INFO  http.HttpServer2 (HttpServer2.java:addFilter(958)) - Added filter static_user_filter (class=org.apache.hadoop.http.lib.StaticUserWebFilter$StaticUserFilter) to context logs
2019-10-14 14:58:32,371 [main] INFO  http.HttpServer2 (HttpServer2.java:bindListener(1191)) - Jetty bound to port 41946
2019-10-14 14:58:32,371 [main] INFO  server.Server (Server.java:doStart(351)) - jetty-9.3.25.v20180904, build timestamp: 2018-09-04T21:11:46Z, git hash: 3ce520221d0240229c862b122d2b06c12a625732
2019-10-14 14:58:32,373 [main] INFO  handler.ContextHandler (ContextHandler.java:doStart(781)) - Started o.e.j.s.ServletContextHandler@3e14d390{/logs,file:///workdir/hadoop-ozone/integration-test/target/log,AVAILABLE}
2019-10-14 14:58:32,373 [main] INFO  handler.ContextHandler (ContextHandler.java:doStart(781)) - Started o.e.j.s.ServletContextHandler@2b999ee8{/static,jar:file:/home/user/.m2/repository/org/apache/hadoop/hadoop-hdds-container-service/0.5.0-SNAPSHOT/hadoop-hdds-container-service-0.5.0-SNAPSHOT.jar!/webapps/static,AVAILABLE}
2019-10-14 14:58:32,402 [main] INFO  handler.ContextHandler (ContextHandler.java:doStart(781)) - Started o.e.j.w.WebAppContext@682e422c{/,file:///tmp/jetty-0.0.0.0-41946-hddsDatanode-_-any-8030340775176042258.dir/webapp/,AVAILABLE}{/hddsDatanode}
2019-10-14 14:58:32,402 [main] INFO  server.AbstractConnector (AbstractConnector.java:doStart(278)) - Started ServerConnector@5bb8e6fc{HTTP/1.1,[http/1.1]}{0.0.0.0:41946}
2019-10-14 14:58:32,406 [main] INFO  server.Server (Server.java:doStart(419)) - Started @226797ms
2019-10-14 14:58:32,406 [main] WARN  impl.MetricsSystemImpl (MetricsSystemImpl.java:register(276)) - Sink prometheus already exists!
2019-10-14 14:58:32,406 [main] INFO  server.BaseHttpServer (BaseHttpServer.java:updateConnectorAddress(215)) - HTTP server of HDDSDATANODE is listening at http://0.0.0.0:41946
2019-10-14 14:58:32,407 [main] INFO  impl.MetricsSystemImpl (MetricsSystemImpl.java:init(158)) - HddsDatanode metrics system started (again)
2019-10-14 14:58:32,432 [org.apache.hadoop.util.JvmPauseMonitor$Monitor@4564e55d] INFO  util.JvmPauseMonitor (JvmPauseMonitor.java:run(188)) - Starting JVM pause monitor
2019-10-14 14:58:32,434 [Datanode State Machine Thread - 0] INFO  datanode.InitDatanodeState (InitDatanodeState.java:persistContainerDatanodeDetails(140)) - DatanodeDetails is persisted to /workdir/hadoop-ozone/integration-test/target/test-dir/MiniOzoneClusterImpl-a880bd18-28f5-415e-9d8b-b89ede6c483e/datanode-4/meta/datanode.id
2019-10-14 14:58:32,435 [main] INFO  ozone.HddsDatanodeService (HddsDatanodeService.java:start(184)) - HddsDatanodeService host:dev-nightly-20191014-2mv7m-2951356099 ip:192.168.164.216
2019-10-14 14:58:32,446 [main] INFO  volume.HddsVolume (HddsVolume.java:<init>(176)) - Creating Volume: /workdir/hadoop-ozone/integration-test/target/test-dir/MiniOzoneClusterImpl-a880bd18-28f5-415e-9d8b-b89ede6c483e/datanode-5/data/containers/hdds of  storage type : DISK and capacity : 1482555576320
2019-10-14 14:58:32,446 [main] INFO  volume.VolumeSet (VolumeSet.java:initializeVolumeSet(170)) - Added Volume : /workdir/hadoop-ozone/integration-test/target/test-dir/MiniOzoneClusterImpl-a880bd18-28f5-415e-9d8b-b89ede6c483e/datanode-5/data/containers/hdds to VolumeSet
2019-10-14 14:58:32,447 [main] INFO  volume.ThrottledAsyncChecker (ThrottledAsyncChecker.java:schedule(141)) - Scheduling a check for org.apache.hadoop.ozone.container.common.volume.HddsVolume@4981d95b
2019-10-14 14:58:32,447 [main] INFO  volume.HddsVolumeChecker (HddsVolumeChecker.java:checkAllVolumes(204)) - Scheduled health check for volume org.apache.hadoop.ozone.container.common.volume.HddsVolume@4981d95b
2019-10-14 14:58:32,469 [main] INFO  impl.RaftServerProxy (ConfUtils.java:logGet(43)) - raft.rpc.type = GRPC (default)
2019-10-14 14:58:32,470 [main] INFO  grpc.GrpcFactory (GrpcFactory.java:checkPooledByteBufAllocatorUseCacheForAllThreads(45)) - PERFORMANCE WARNING: useCacheForAllThreads is true that may cause Netty to create a lot garbage objects and, as a result, trigger GC.
	It is recommended to disable useCacheForAllThreads by setting -Dorg.apache.ratis.thirdparty.io.netty.allocator.useCacheForAllThreads=false in command line.
2019-10-14 14:58:32,470 [main] INFO  grpc.GrpcConfigKeys$Server (ConfUtils.java:logGet(43)) - raft.grpc.server.port = 0 (default)
2019-10-14 14:58:32,470 [main] INFO  server.GrpcService (ConfUtils.java:logGet(43)) - raft.grpc.message.size.max = 33570816 (custom)
2019-10-14 14:58:32,470 [main] INFO  server.RaftServerConfigKeys (ConfUtils.java:logGet(43)) - raft.server.log.appender.buffer.byte-limit = 33554432 (custom)
2019-10-14 14:58:32,470 [main] INFO  server.GrpcService (ConfUtils.java:logGet(43)) - raft.grpc.flow.control.window = 1MB (=1048576) (default)
2019-10-14 14:58:32,471 [main] INFO  server.RaftServerConfigKeys (ConfUtils.java:logGet(43)) - raft.server.rpc.request.timeout = 3000ms (default)
2019-10-14 14:58:32,471 [main] INFO  server.RaftServerConfigKeys (ConfUtils.java:logGet(43)) - raft.server.storage.dir = [/workdir/hadoop-ozone/integration-test/target/test-dir/MiniOzoneClusterImpl-a880bd18-28f5-415e-9d8b-b89ede6c483e/datanode-5/data/ratis] (custom)
2019-10-14 14:58:32,472 [main] INFO  hdfs.DFSUtil (DFSUtil.java:httpServerTemplateForNNAndJN(1641)) - Starting Web-server for hddsDatanode at: http://0.0.0.0:0
2019-10-14 14:58:32,474 [main] INFO  server.AuthenticationFilter (AuthenticationFilter.java:constructSecretProvider(240)) - Unable to initialize FileSignerSecretProvider, falling back to use random secrets.
2019-10-14 14:58:32,475 [main] WARN  http.HttpRequestLog (HttpRequestLog.java:getRequestLog(97)) - Jetty request log can only be enabled using Log4j
2019-10-14 14:58:32,478 [main] INFO  http.HttpServer2 (HttpServer2.java:addGlobalFilter(975)) - Added global filter 'safety' (class=org.apache.hadoop.http.HttpServer2$QuotingInputFilter)
2019-10-14 14:58:32,479 [main] INFO  http.HttpServer2 (HttpServer2.java:addFilter(948)) - Added filter static_user_filter (class=org.apache.hadoop.http.lib.StaticUserWebFilter$StaticUserFilter) to context hddsDatanode
2019-10-14 14:58:32,479 [main] INFO  http.HttpServer2 (HttpServer2.java:addFilter(958)) - Added filter static_user_filter (class=org.apache.hadoop.http.lib.StaticUserWebFilter$StaticUserFilter) to context static
2019-10-14 14:58:32,479 [main] INFO  http.HttpServer2 (HttpServer2.java:addFilter(958)) - Added filter static_user_filter (class=org.apache.hadoop.http.lib.StaticUserWebFilter$StaticUserFilter) to context logs
2019-10-14 14:58:32,480 [main] INFO  http.HttpServer2 (HttpServer2.java:bindListener(1191)) - Jetty bound to port 37872
2019-10-14 14:58:32,481 [main] INFO  server.Server (Server.java:doStart(351)) - jetty-9.3.25.v20180904, build timestamp: 2018-09-04T21:11:46Z, git hash: 3ce520221d0240229c862b122d2b06c12a625732
2019-10-14 14:58:32,491 [main] INFO  handler.ContextHandler (ContextHandler.java:doStart(781)) - Started o.e.j.s.ServletContextHandler@6486fe7b{/logs,file:///workdir/hadoop-ozone/integration-test/target/log,AVAILABLE}
2019-10-14 14:58:32,492 [main] INFO  handler.ContextHandler (ContextHandler.java:doStart(781)) - Started o.e.j.s.ServletContextHandler@4645679e{/static,jar:file:/home/user/.m2/repository/org/apache/hadoop/hadoop-hdds-container-service/0.5.0-SNAPSHOT/hadoop-hdds-container-service-0.5.0-SNAPSHOT.jar!/webapps/static,AVAILABLE}
2019-10-14 14:58:32,517 [main] INFO  handler.ContextHandler (ContextHandler.java:doStart(781)) - Started o.e.j.w.WebAppContext@6c4ce583{/,file:///tmp/jetty-0.0.0.0-37872-hddsDatanode-_-any-2752616366150911075.dir/webapp/,AVAILABLE}{/hddsDatanode}
2019-10-14 14:58:32,518 [main] INFO  server.AbstractConnector (AbstractConnector.java:doStart(278)) - Started ServerConnector@755b5f30{HTTP/1.1,[http/1.1]}{0.0.0.0:37872}
2019-10-14 14:58:32,526 [main] INFO  server.Server (Server.java:doStart(419)) - Started @226918ms
2019-10-14 14:58:32,527 [main] WARN  impl.MetricsSystemImpl (MetricsSystemImpl.java:register(276)) - Sink prometheus already exists!
2019-10-14 14:58:32,527 [main] INFO  server.BaseHttpServer (BaseHttpServer.java:updateConnectorAddress(215)) - HTTP server of HDDSDATANODE is listening at http://0.0.0.0:37872
2019-10-14 14:58:32,528 [main] INFO  impl.MetricsSystemImpl (MetricsSystemImpl.java:init(158)) - HddsDatanode metrics system started (again)
2019-10-14 14:58:32,530 [org.apache.hadoop.util.JvmPauseMonitor$Monitor@5cdff0cb] INFO  util.JvmPauseMonitor (JvmPauseMonitor.java:run(188)) - Starting JVM pause monitor
2019-10-14 14:58:32,564 [Datanode State Machine Thread - 0] INFO  datanode.InitDatanodeState (InitDatanodeState.java:persistContainerDatanodeDetails(140)) - DatanodeDetails is persisted to /workdir/hadoop-ozone/integration-test/target/test-dir/MiniOzoneClusterImpl-a880bd18-28f5-415e-9d8b-b89ede6c483e/datanode-5/meta/datanode.id
2019-10-14 14:58:32,566 [main] INFO  ozone.HddsDatanodeService (HddsDatanodeService.java:start(184)) - HddsDatanodeService host:dev-nightly-20191014-2mv7m-2951356099 ip:192.168.164.216
2019-10-14 14:58:32,577 [main] INFO  volume.HddsVolume (HddsVolume.java:<init>(176)) - Creating Volume: /workdir/hadoop-ozone/integration-test/target/test-dir/MiniOzoneClusterImpl-a880bd18-28f5-415e-9d8b-b89ede6c483e/datanode-6/data/containers/hdds of  storage type : DISK and capacity : 1482555576320
2019-10-14 14:58:32,577 [main] INFO  volume.VolumeSet (VolumeSet.java:initializeVolumeSet(170)) - Added Volume : /workdir/hadoop-ozone/integration-test/target/test-dir/MiniOzoneClusterImpl-a880bd18-28f5-415e-9d8b-b89ede6c483e/datanode-6/data/containers/hdds to VolumeSet
2019-10-14 14:58:32,577 [main] INFO  volume.ThrottledAsyncChecker (ThrottledAsyncChecker.java:schedule(141)) - Scheduling a check for org.apache.hadoop.ozone.container.common.volume.HddsVolume@78b03788
2019-10-14 14:58:32,578 [main] INFO  volume.HddsVolumeChecker (HddsVolumeChecker.java:checkAllVolumes(204)) - Scheduled health check for volume org.apache.hadoop.ozone.container.common.volume.HddsVolume@78b03788
2019-10-14 14:58:32,597 [main] INFO  impl.RaftServerProxy (ConfUtils.java:logGet(43)) - raft.rpc.type = GRPC (default)
2019-10-14 14:58:32,597 [main] INFO  grpc.GrpcFactory (GrpcFactory.java:checkPooledByteBufAllocatorUseCacheForAllThreads(45)) - PERFORMANCE WARNING: useCacheForAllThreads is true that may cause Netty to create a lot garbage objects and, as a result, trigger GC.
	It is recommended to disable useCacheForAllThreads by setting -Dorg.apache.ratis.thirdparty.io.netty.allocator.useCacheForAllThreads=false in command line.
2019-10-14 14:58:32,598 [main] INFO  grpc.GrpcConfigKeys$Server (ConfUtils.java:logGet(43)) - raft.grpc.server.port = 0 (default)
2019-10-14 14:58:32,598 [main] INFO  server.GrpcService (ConfUtils.java:logGet(43)) - raft.grpc.message.size.max = 33570816 (custom)
2019-10-14 14:58:32,598 [main] INFO  server.RaftServerConfigKeys (ConfUtils.java:logGet(43)) - raft.server.log.appender.buffer.byte-limit = 33554432 (custom)
2019-10-14 14:58:32,598 [main] INFO  server.GrpcService (ConfUtils.java:logGet(43)) - raft.grpc.flow.control.window = 1MB (=1048576) (default)
2019-10-14 14:58:32,598 [main] INFO  server.RaftServerConfigKeys (ConfUtils.java:logGet(43)) - raft.server.rpc.request.timeout = 3000ms (default)
2019-10-14 14:58:32,599 [main] INFO  server.RaftServerConfigKeys (ConfUtils.java:logGet(43)) - raft.server.storage.dir = [/workdir/hadoop-ozone/integration-test/target/test-dir/MiniOzoneClusterImpl-a880bd18-28f5-415e-9d8b-b89ede6c483e/datanode-6/data/ratis] (custom)
2019-10-14 14:58:32,600 [main] INFO  hdfs.DFSUtil (DFSUtil.java:httpServerTemplateForNNAndJN(1641)) - Starting Web-server for hddsDatanode at: http://0.0.0.0:0
2019-10-14 14:58:32,602 [main] INFO  server.AuthenticationFilter (AuthenticationFilter.java:constructSecretProvider(240)) - Unable to initialize FileSignerSecretProvider, falling back to use random secrets.
2019-10-14 14:58:32,602 [main] WARN  http.HttpRequestLog (HttpRequestLog.java:getRequestLog(97)) - Jetty request log can only be enabled using Log4j
2019-10-14 14:58:32,604 [main] INFO  http.HttpServer2 (HttpServer2.java:addGlobalFilter(975)) - Added global filter 'safety' (class=org.apache.hadoop.http.HttpServer2$QuotingInputFilter)
2019-10-14 14:58:32,605 [main] INFO  http.HttpServer2 (HttpServer2.java:addFilter(948)) - Added filter static_user_filter (class=org.apache.hadoop.http.lib.StaticUserWebFilter$StaticUserFilter) to context hddsDatanode
2019-10-14 14:58:32,605 [main] INFO  http.HttpServer2 (HttpServer2.java:addFilter(958)) - Added filter static_user_filter (class=org.apache.hadoop.http.lib.StaticUserWebFilter$StaticUserFilter) to context logs
2019-10-14 14:58:32,605 [main] INFO  http.HttpServer2 (HttpServer2.java:addFilter(958)) - Added filter static_user_filter (class=org.apache.hadoop.http.lib.StaticUserWebFilter$StaticUserFilter) to context static
2019-10-14 14:58:32,606 [main] INFO  http.HttpServer2 (HttpServer2.java:bindListener(1191)) - Jetty bound to port 35683
2019-10-14 14:58:32,606 [main] INFO  server.Server (Server.java:doStart(351)) - jetty-9.3.25.v20180904, build timestamp: 2018-09-04T21:11:46Z, git hash: 3ce520221d0240229c862b122d2b06c12a625732
2019-10-14 14:58:32,608 [main] INFO  handler.ContextHandler (ContextHandler.java:doStart(781)) - Started o.e.j.s.ServletContextHandler@194012a2{/logs,file:///workdir/hadoop-ozone/integration-test/target/log,AVAILABLE}
2019-10-14 14:58:32,609 [main] INFO  handler.ContextHandler (ContextHandler.java:doStart(781)) - Started o.e.j.s.ServletContextHandler@60591e1b{/static,jar:file:/home/user/.m2/repository/org/apache/hadoop/hadoop-hdds-container-service/0.5.0-SNAPSHOT/hadoop-hdds-container-service-0.5.0-SNAPSHOT.jar!/webapps/static,AVAILABLE}
2019-10-14 14:58:32,641 [main] INFO  handler.ContextHandler (ContextHandler.java:doStart(781)) - Started o.e.j.w.WebAppContext@57cabdc3{/,file:///tmp/jetty-0.0.0.0-35683-hddsDatanode-_-any-1699098226954879775.dir/webapp/,AVAILABLE}{/hddsDatanode}
2019-10-14 14:58:32,642 [main] INFO  server.AbstractConnector (AbstractConnector.java:doStart(278)) - Started ServerConnector@75bd28d{HTTP/1.1,[http/1.1]}{0.0.0.0:35683}
2019-10-14 14:58:32,642 [main] INFO  server.Server (Server.java:doStart(419)) - Started @227033ms
2019-10-14 14:58:32,642 [main] WARN  impl.MetricsSystemImpl (MetricsSystemImpl.java:register(276)) - Sink prometheus already exists!
2019-10-14 14:58:32,643 [main] INFO  server.BaseHttpServer (BaseHttpServer.java:updateConnectorAddress(215)) - HTTP server of HDDSDATANODE is listening at http://0.0.0.0:35683
2019-10-14 14:58:32,651 [main] INFO  ozone.MiniOzoneClusterImpl (MiniOzoneClusterImpl.java:lambda$waitForClusterToBeReady$0(147)) - Waiting for cluster to be ready. Got 0 of 7 DN Heartbeats.
2019-10-14 14:58:32,652 [org.apache.hadoop.util.JvmPauseMonitor$Monitor@1fa9c21] INFO  util.JvmPauseMonitor (JvmPauseMonitor.java:run(188)) - Starting JVM pause monitor
2019-10-14 14:58:32,654 [Datanode State Machine Thread - 0] INFO  datanode.InitDatanodeState (InitDatanodeState.java:persistContainerDatanodeDetails(140)) - DatanodeDetails is persisted to /workdir/hadoop-ozone/integration-test/target/test-dir/MiniOzoneClusterImpl-a880bd18-28f5-415e-9d8b-b89ede6c483e/datanode-6/meta/datanode.id
2019-10-14 14:58:33,420 [grpc-default-executor-2] WARN  server.GrpcLogAppender (LogUtils.java:warn(134)) - cfe8f924-b5c6-4352-87f8-4041c06f1d5a@group-CF2C2ECDC0F3->2b2a2bed-4f50-4c61-b8ad-f4f72c71dbde-AppendLogResponseHandler: Failed appendEntries: org.apache.ratis.thirdparty.io.grpc.StatusRuntimeException: UNAVAILABLE: io exception
2019-10-14 14:58:33,420 [grpc-default-executor-8] WARN  server.GrpcLogAppender (LogUtils.java:warn(134)) - cfe8f924-b5c6-4352-87f8-4041c06f1d5a@group-CF2C2ECDC0F3->990b5206-acaa-46d8-a99a-8196ac36b371-AppendLogResponseHandler: Failed appendEntries: org.apache.ratis.thirdparty.io.grpc.StatusRuntimeException: UNAVAILABLE: io exception
2019-10-14 14:58:33,421 [grpc-default-executor-8] INFO  impl.FollowerInfo (FollowerInfo.java:lambda$new$0(51)) - cfe8f924-b5c6-4352-87f8-4041c06f1d5a@group-CF2C2ECDC0F3->990b5206-acaa-46d8-a99a-8196ac36b371: nextIndex: updateUnconditionally 0 -> 0
2019-10-14 14:58:33,421 [grpc-default-executor-2] INFO  impl.FollowerInfo (FollowerInfo.java:lambda$new$0(51)) - cfe8f924-b5c6-4352-87f8-4041c06f1d5a@group-CF2C2ECDC0F3->2b2a2bed-4f50-4c61-b8ad-f4f72c71dbde: nextIndex: updateUnconditionally 0 -> 0
2019-10-14 14:58:33,652 [main] INFO  ozone.MiniOzoneClusterImpl (MiniOzoneClusterImpl.java:lambda$waitForClusterToBeReady$0(147)) - Waiting for cluster to be ready. Got 0 of 7 DN Heartbeats.
2019-10-14 14:58:34,117 [Datanode State Machine Thread - 0] INFO  ozoneimpl.OzoneContainer (OzoneContainer.java:start(213)) - Attempting to start container services.
2019-10-14 14:58:34,118 [Datanode State Machine Thread - 0] INFO  ozoneimpl.OzoneContainer (OzoneContainer.java:startContainerScrub(177)) - Background container scanner has been disabled.
2019-10-14 14:58:34,118 [Datanode State Machine Thread - 0] INFO  ratis.XceiverServerRatis (XceiverServerRatis.java:start(418)) - Starting XceiverServerRatis c323476f-5c38-4769-99fb-556cb7798765 at port 0
2019-10-14 14:58:34,124 [Datanode State Machine Thread - 0] INFO  impl.RaftServerProxy (RaftServerProxy.java:lambda$start$3(299)) - c323476f-5c38-4769-99fb-556cb7798765: start RPC server
2019-10-14 14:58:34,126 [Datanode State Machine Thread - 0] INFO  server.GrpcService (GrpcService.java:startImpl(158)) - c323476f-5c38-4769-99fb-556cb7798765: GrpcService started, listening on 0.0.0.0/0.0.0.0:37657
2019-10-14 14:58:34,126 [Datanode State Machine Thread - 0] INFO  ratis.XceiverServerRatis (XceiverServerRatis.java:start(428)) - XceiverServerRatis c323476f-5c38-4769-99fb-556cb7798765 is started using port 37657
2019-10-14 14:58:34,126 [Datanode State Machine Thread - 0] INFO  server.XceiverServerGrpc (XceiverServerGrpc.java:start(149)) - XceiverServerGrpc c323476f-5c38-4769-99fb-556cb7798765 is started using port 46355
2019-10-14 14:58:34,178 [Datanode State Machine Thread - 0] INFO  ozoneimpl.OzoneContainer (OzoneContainer.java:start(213)) - Attempting to start container services.
2019-10-14 14:58:34,179 [Datanode State Machine Thread - 0] INFO  ozoneimpl.OzoneContainer (OzoneContainer.java:startContainerScrub(177)) - Background container scanner has been disabled.
2019-10-14 14:58:34,179 [Datanode State Machine Thread - 0] INFO  ratis.XceiverServerRatis (XceiverServerRatis.java:start(418)) - Starting XceiverServerRatis 616f1b99-31a5-45f6-b720-41f2d2e626db at port 0
2019-10-14 14:58:34,188 [Datanode State Machine Thread - 0] INFO  impl.RaftServerProxy (RaftServerProxy.java:lambda$start$3(299)) - 616f1b99-31a5-45f6-b720-41f2d2e626db: start RPC server
2019-10-14 14:58:34,190 [Datanode State Machine Thread - 0] INFO  server.GrpcService (GrpcService.java:startImpl(158)) - 616f1b99-31a5-45f6-b720-41f2d2e626db: GrpcService started, listening on 0.0.0.0/0.0.0.0:45136
2019-10-14 14:58:34,190 [Datanode State Machine Thread - 0] INFO  ratis.XceiverServerRatis (XceiverServerRatis.java:start(428)) - XceiverServerRatis 616f1b99-31a5-45f6-b720-41f2d2e626db is started using port 45136
2019-10-14 14:58:34,204 [Datanode State Machine Thread - 0] INFO  server.XceiverServerGrpc (XceiverServerGrpc.java:start(149)) - XceiverServerGrpc 616f1b99-31a5-45f6-b720-41f2d2e626db is started using port 34766
2019-10-14 14:58:34,278 [Datanode State Machine Thread - 0] INFO  ozoneimpl.OzoneContainer (OzoneContainer.java:start(213)) - Attempting to start container services.
2019-10-14 14:58:34,278 [Datanode State Machine Thread - 0] INFO  ozoneimpl.OzoneContainer (OzoneContainer.java:startContainerScrub(177)) - Background container scanner has been disabled.
2019-10-14 14:58:34,278 [Datanode State Machine Thread - 0] INFO  ratis.XceiverServerRatis (XceiverServerRatis.java:start(418)) - Starting XceiverServerRatis 37a2767d-935e-4cba-a62e-beeeb057370c at port 0
2019-10-14 14:58:34,284 [Datanode State Machine Thread - 0] INFO  impl.RaftServerProxy (RaftServerProxy.java:lambda$start$3(299)) - 37a2767d-935e-4cba-a62e-beeeb057370c: start RPC server
2019-10-14 14:58:34,289 [Datanode State Machine Thread - 0] INFO  server.GrpcService (GrpcService.java:startImpl(158)) - 37a2767d-935e-4cba-a62e-beeeb057370c: GrpcService started, listening on 0.0.0.0/0.0.0.0:33344
2019-10-14 14:58:34,289 [Datanode State Machine Thread - 0] INFO  ratis.XceiverServerRatis (XceiverServerRatis.java:start(428)) - XceiverServerRatis 37a2767d-935e-4cba-a62e-beeeb057370c is started using port 33344
2019-10-14 14:58:34,289 [Datanode State Machine Thread - 0] INFO  server.XceiverServerGrpc (XceiverServerGrpc.java:start(149)) - XceiverServerGrpc 37a2767d-935e-4cba-a62e-beeeb057370c is started using port 45814
2019-10-14 14:58:34,353 [Datanode State Machine Thread - 0] INFO  ozoneimpl.OzoneContainer (OzoneContainer.java:start(213)) - Attempting to start container services.
2019-10-14 14:58:34,353 [Datanode State Machine Thread - 0] INFO  ozoneimpl.OzoneContainer (OzoneContainer.java:startContainerScrub(177)) - Background container scanner has been disabled.
2019-10-14 14:58:34,353 [Datanode State Machine Thread - 0] INFO  ratis.XceiverServerRatis (XceiverServerRatis.java:start(418)) - Starting XceiverServerRatis c0afbdc0-0481-4ab5-b678-8eaf8869b693 at port 0
2019-10-14 14:58:34,359 [Datanode State Machine Thread - 0] INFO  impl.RaftServerProxy (RaftServerProxy.java:lambda$start$3(299)) - c0afbdc0-0481-4ab5-b678-8eaf8869b693: start RPC server
2019-10-14 14:58:34,364 [Datanode State Machine Thread - 0] INFO  server.GrpcService (GrpcService.java:startImpl(158)) - c0afbdc0-0481-4ab5-b678-8eaf8869b693: GrpcService started, listening on 0.0.0.0/0.0.0.0:37407
2019-10-14 14:58:34,364 [Datanode State Machine Thread - 0] INFO  ratis.XceiverServerRatis (XceiverServerRatis.java:start(428)) - XceiverServerRatis c0afbdc0-0481-4ab5-b678-8eaf8869b693 is started using port 37407
2019-10-14 14:58:34,369 [Datanode State Machine Thread - 0] INFO  server.XceiverServerGrpc (XceiverServerGrpc.java:start(149)) - XceiverServerGrpc c0afbdc0-0481-4ab5-b678-8eaf8869b693 is started using port 34144
2019-10-14 14:58:34,462 [Datanode State Machine Thread - 0] INFO  ozoneimpl.OzoneContainer (OzoneContainer.java:start(213)) - Attempting to start container services.
2019-10-14 14:58:34,462 [Datanode State Machine Thread - 0] INFO  ozoneimpl.OzoneContainer (OzoneContainer.java:startContainerScrub(177)) - Background container scanner has been disabled.
2019-10-14 14:58:34,462 [Datanode State Machine Thread - 0] INFO  ratis.XceiverServerRatis (XceiverServerRatis.java:start(418)) - Starting XceiverServerRatis 5a2d4283-dcb2-43f2-8472-9072fc048d16 at port 0
2019-10-14 14:58:34,469 [Datanode State Machine Thread - 0] INFO  impl.RaftServerProxy (RaftServerProxy.java:lambda$start$3(299)) - 5a2d4283-dcb2-43f2-8472-9072fc048d16: start RPC server
2019-10-14 14:58:34,472 [Datanode State Machine Thread - 0] INFO  server.GrpcService (GrpcService.java:startImpl(158)) - 5a2d4283-dcb2-43f2-8472-9072fc048d16: GrpcService started, listening on 0.0.0.0/0.0.0.0:46032
2019-10-14 14:58:34,472 [Datanode State Machine Thread - 0] INFO  ratis.XceiverServerRatis (XceiverServerRatis.java:start(428)) - XceiverServerRatis 5a2d4283-dcb2-43f2-8472-9072fc048d16 is started using port 46032
2019-10-14 14:58:34,473 [Datanode State Machine Thread - 0] INFO  server.XceiverServerGrpc (XceiverServerGrpc.java:start(149)) - XceiverServerGrpc 5a2d4283-dcb2-43f2-8472-9072fc048d16 is started using port 44364
2019-10-14 14:58:34,553 [Datanode State Machine Thread - 0] INFO  ozoneimpl.OzoneContainer (OzoneContainer.java:start(213)) - Attempting to start container services.
2019-10-14 14:58:34,554 [Datanode State Machine Thread - 0] INFO  ozoneimpl.OzoneContainer (OzoneContainer.java:startContainerScrub(177)) - Background container scanner has been disabled.
2019-10-14 14:58:34,554 [Datanode State Machine Thread - 0] INFO  ratis.XceiverServerRatis (XceiverServerRatis.java:start(418)) - Starting XceiverServerRatis d6f6fde8-d674-482a-b318-645e2d559205 at port 0
2019-10-14 14:58:34,562 [Datanode State Machine Thread - 0] INFO  impl.RaftServerProxy (RaftServerProxy.java:lambda$start$3(299)) - d6f6fde8-d674-482a-b318-645e2d559205: start RPC server
2019-10-14 14:58:34,566 [Datanode State Machine Thread - 0] INFO  server.GrpcService (GrpcService.java:startImpl(158)) - d6f6fde8-d674-482a-b318-645e2d559205: GrpcService started, listening on 0.0.0.0/0.0.0.0:34908
2019-10-14 14:58:34,566 [Datanode State Machine Thread - 0] INFO  ratis.XceiverServerRatis (XceiverServerRatis.java:start(428)) - XceiverServerRatis d6f6fde8-d674-482a-b318-645e2d559205 is started using port 34908
2019-10-14 14:58:34,569 [Datanode State Machine Thread - 0] INFO  server.XceiverServerGrpc (XceiverServerGrpc.java:start(149)) - XceiverServerGrpc d6f6fde8-d674-482a-b318-645e2d559205 is started using port 45678
2019-10-14 14:58:34,653 [main] INFO  ozone.MiniOzoneClusterImpl (MiniOzoneClusterImpl.java:lambda$waitForClusterToBeReady$0(147)) - Waiting for cluster to be ready. Got 0 of 7 DN Heartbeats.
2019-10-14 14:58:34,687 [Datanode State Machine Thread - 0] INFO  ozoneimpl.OzoneContainer (OzoneContainer.java:start(213)) - Attempting to start container services.
2019-10-14 14:58:34,688 [Datanode State Machine Thread - 0] INFO  ozoneimpl.OzoneContainer (OzoneContainer.java:startContainerScrub(177)) - Background container scanner has been disabled.
2019-10-14 14:58:34,688 [Datanode State Machine Thread - 0] INFO  ratis.XceiverServerRatis (XceiverServerRatis.java:start(418)) - Starting XceiverServerRatis 0b0d1bbd-b58f-4af7-b1df-4030fe93550a at port 0
2019-10-14 14:58:34,693 [Datanode State Machine Thread - 0] INFO  impl.RaftServerProxy (RaftServerProxy.java:lambda$start$3(299)) - 0b0d1bbd-b58f-4af7-b1df-4030fe93550a: start RPC server
2019-10-14 14:58:34,694 [Datanode State Machine Thread - 0] INFO  server.GrpcService (GrpcService.java:startImpl(158)) - 0b0d1bbd-b58f-4af7-b1df-4030fe93550a: GrpcService started, listening on 0.0.0.0/0.0.0.0:39042
2019-10-14 14:58:34,694 [Datanode State Machine Thread - 0] INFO  ratis.XceiverServerRatis (XceiverServerRatis.java:start(428)) - XceiverServerRatis 0b0d1bbd-b58f-4af7-b1df-4030fe93550a is started using port 39042
2019-10-14 14:58:34,695 [Datanode State Machine Thread - 0] INFO  server.XceiverServerGrpc (XceiverServerGrpc.java:start(149)) - XceiverServerGrpc 0b0d1bbd-b58f-4af7-b1df-4030fe93550a is started using port 35496
2019-10-14 14:58:35,653 [main] INFO  ozone.MiniOzoneClusterImpl (MiniOzoneClusterImpl.java:lambda$waitForClusterToBeReady$0(147)) - Waiting for cluster to be ready. Got 0 of 7 DN Heartbeats.
2019-10-14 14:58:35,920 [grpc-default-executor-1] WARN  server.GrpcLogAppender (LogUtils.java:warn(134)) - cfe8f924-b5c6-4352-87f8-4041c06f1d5a@group-CF2C2ECDC0F3->2b2a2bed-4f50-4c61-b8ad-f4f72c71dbde-AppendLogResponseHandler: Failed appendEntries: org.apache.ratis.thirdparty.io.grpc.StatusRuntimeException: UNAVAILABLE: io exception
2019-10-14 14:58:35,920 [grpc-default-executor-2] WARN  server.GrpcLogAppender (LogUtils.java:warn(134)) - cfe8f924-b5c6-4352-87f8-4041c06f1d5a@group-CF2C2ECDC0F3->990b5206-acaa-46d8-a99a-8196ac36b371-AppendLogResponseHandler: Failed appendEntries: org.apache.ratis.thirdparty.io.grpc.StatusRuntimeException: UNAVAILABLE: io exception
2019-10-14 14:58:35,921 [grpc-default-executor-1] INFO  impl.FollowerInfo (FollowerInfo.java:lambda$new$0(51)) - cfe8f924-b5c6-4352-87f8-4041c06f1d5a@group-CF2C2ECDC0F3->2b2a2bed-4f50-4c61-b8ad-f4f72c71dbde: nextIndex: updateUnconditionally 0 -> 0
2019-10-14 14:58:35,921 [grpc-default-executor-2] INFO  impl.FollowerInfo (FollowerInfo.java:lambda$new$0(51)) - cfe8f924-b5c6-4352-87f8-4041c06f1d5a@group-CF2C2ECDC0F3->990b5206-acaa-46d8-a99a-8196ac36b371: nextIndex: updateUnconditionally 0 -> 0
2019-10-14 14:58:36,040 [IPC Server handler 11 on 43332] INFO  net.NetworkTopology (NetworkTopologyImpl.java:add(111)) - Added a new node: /default-rack/c323476f-5c38-4769-99fb-556cb7798765
2019-10-14 14:58:36,045 [IPC Server handler 11 on 43332] INFO  node.SCMNodeManager (SCMNodeManager.java:register(268)) - Registered Data node : c323476f-5c38-4769-99fb-556cb7798765{ip: 192.168.164.216, host: dev-nightly-20191014-2mv7m-2951356099, networkLocation: /default-rack, certSerialId: null}
2019-10-14 14:58:36,046 [EventQueue-NodeRegistrationContainerReportForDataNodeSafeModeRule] INFO  safemode.SCMSafeModeManager (DataNodeSafeModeRule.java:process(71)) - SCM in safe mode. 1 DataNodes registered, 1 required.
2019-10-14 14:58:36,050 [EventQueue-NodeRegistrationContainerReportForContainerSafeModeRule] INFO  safemode.SCMSafeModeManager (SCMSafeModeManager.java:validateSafeModeExitRules(177)) - ScmSafeModeManager, all rules are successfully validated
2019-10-14 14:58:36,051 [EventQueue-NodeRegistrationContainerReportForContainerSafeModeRule] INFO  safemode.SCMSafeModeManager (SCMSafeModeManager.java:exitSafeMode(193)) - SCM exiting safe mode.
2019-10-14 14:58:36,062 [grpc-default-executor-2] INFO  impl.RaftServerProxy (RaftServerProxy.java:addNew(89)) - c323476f-5c38-4769-99fb-556cb7798765: addNew group-4DA7A79C1DAA:[c323476f-5c38-4769-99fb-556cb7798765:192.168.164.216:37657] returns group-4DA7A79C1DAA:java.util.concurrent.CompletableFuture@217bf502[Not completed]
2019-10-14 14:58:36,064 [pool-383-thread-1] INFO  impl.RaftServerImpl (RaftServerImpl.java:<init>(95)) - c323476f-5c38-4769-99fb-556cb7798765: new RaftServerImpl for group-4DA7A79C1DAA:[c323476f-5c38-4769-99fb-556cb7798765:192.168.164.216:37657] with ContainerStateMachine:uninitialized
2019-10-14 14:58:36,064 [pool-383-thread-1] INFO  server.RaftServerConfigKeys (ConfUtils.java:logGet(43)) - raft.server.rpc.timeout.min = 5s (custom)
2019-10-14 14:58:36,064 [pool-383-thread-1] INFO  server.RaftServerConfigKeys (ConfUtils.java:logGet(43)) - raft.server.rpc.timeout.max = 5200ms (custom)
2019-10-14 14:58:36,065 [pool-383-thread-1] INFO  server.RaftServerConfigKeys (ConfUtils.java:logGet(43)) - raft.server.rpcslowness.timeout = 120s (custom)
2019-10-14 14:58:36,065 [pool-383-thread-1] INFO  server.RaftServerConfigKeys (ConfUtils.java:logGet(43)) - raft.server.sleep.deviation.threshold = 300 (default)
2019-10-14 14:58:36,065 [pool-383-thread-1] INFO  server.RaftServerConfigKeys (ConfUtils.java:logGet(43)) - raft.server.log.appender.install.snapshot.enabled = false (custom)
2019-10-14 14:58:36,065 [pool-383-thread-1] INFO  impl.RaftServerImpl (ServerState.java:<init>(103)) - c323476f-5c38-4769-99fb-556cb7798765@group-4DA7A79C1DAA: ConfigurationManager, init=-1: [c323476f-5c38-4769-99fb-556cb7798765:192.168.164.216:37657], old=null, confs=<EMPTY_MAP>
2019-10-14 14:58:36,065 [pool-383-thread-1] INFO  server.RaftServerConfigKeys (ConfUtils.java:logGet(43)) - raft.server.storage.dir = [/workdir/hadoop-ozone/integration-test/target/test-dir/MiniOzoneClusterImpl-a880bd18-28f5-415e-9d8b-b89ede6c483e/datanode-0/data/ratis] (custom)
2019-10-14 14:58:36,065 [pool-383-thread-1] INFO  server.RaftServerConfigKeys (ConfUtils.java:logGet(43)) - raft.server.log.corruption.policy = EXCEPTION (default)
2019-10-14 14:58:36,066 [pool-383-thread-1] INFO  storage.RaftStorageDirectory (RaftStorageDirectory.java:analyzeStorage(246)) - The storage directory /workdir/hadoop-ozone/integration-test/target/test-dir/MiniOzoneClusterImpl-a880bd18-28f5-415e-9d8b-b89ede6c483e/datanode-0/data/ratis/14211fba-b710-42b1-9076-4da7a79c1daa does not exist. Creating ...
2019-10-14 14:58:36,097 [pool-383-thread-1] INFO  storage.RaftStorageDirectory (RaftStorageDirectory.java:tryLock(328)) - Lock on /workdir/hadoop-ozone/integration-test/target/test-dir/MiniOzoneClusterImpl-a880bd18-28f5-415e-9d8b-b89ede6c483e/datanode-0/data/ratis/14211fba-b710-42b1-9076-4da7a79c1daa/in_use.lock acquired by nodename 16817@dev-nightly-20191014-2mv7m-2951356099
2019-10-14 14:58:36,122 [pool-383-thread-1] INFO  storage.RaftStorage (RaftStorage.java:format(84)) - Storage directory /workdir/hadoop-ozone/integration-test/target/test-dir/MiniOzoneClusterImpl-a880bd18-28f5-415e-9d8b-b89ede6c483e/datanode-0/data/ratis/14211fba-b710-42b1-9076-4da7a79c1daa has been successfully formatted.
2019-10-14 14:58:36,123 [pool-383-thread-1] INFO  ratis.ContainerStateMachine (ContainerStateMachine.java:loadSnapshot(231)) - group-4DA7A79C1DAA: The snapshot info is null. Setting the last applied indexto:(t:0, i:~)
2019-10-14 14:58:36,123 [pool-383-thread-1] INFO  server.RaftServerConfigKeys (ConfUtils.java:logGet(43)) - raft.server.notification.no-leader.timeout = 120s (custom)
2019-10-14 14:58:36,123 [pool-383-thread-1] INFO  server.RaftServerConfigKeys (ConfUtils.java:logGet(43)) - raft.server.log.use.memory = false (default)
2019-10-14 14:58:36,124 [pool-383-thread-1] INFO  server.RaftServerConfigKeys (ConfUtils.java:logGet(43)) - raft.server.log.purge.gap = 1000000 (custom)
2019-10-14 14:58:36,124 [pool-383-thread-1] INFO  server.RaftServerConfigKeys (ConfUtils.java:logGet(43)) - raft.server.log.appender.buffer.byte-limit = 33554432 (custom)
2019-10-14 14:58:36,124 [pool-383-thread-1] INFO  server.RaftServerConfigKeys (ConfUtils.java:logGet(43)) - raft.server.log.segment.size.max = 1048576 (custom)
2019-10-14 14:58:36,126 [pool-383-thread-1] INFO  server.RaftServerConfigKeys (ConfUtils.java:logGet(43)) - raft.server.log.segment.cache.num.max = 2 (custom)
2019-10-14 14:58:36,126 [pool-383-thread-1] INFO  segmented.SegmentedRaftLogWorker (SegmentedRaftLogWorker.java:<init>(173)) - new c323476f-5c38-4769-99fb-556cb7798765@group-4DA7A79C1DAA-SegmentedRaftLogWorker for RaftStorage:Storage Directory /workdir/hadoop-ozone/integration-test/target/test-dir/MiniOzoneClusterImpl-a880bd18-28f5-415e-9d8b-b89ede6c483e/datanode-0/data/ratis/14211fba-b710-42b1-9076-4da7a79c1daa
2019-10-14 14:58:36,127 [pool-383-thread-1] INFO  server.RaftServerConfigKeys (ConfUtils.java:logGet(43)) - raft.server.log.queue.byte-limit = 2147483647 (custom)
2019-10-14 14:58:36,127 [pool-383-thread-1] INFO  server.RaftServerConfigKeys (ConfUtils.java:logGet(43)) - raft.server.log.queue.element-limit = 1024 (custom)
2019-10-14 14:58:36,127 [pool-383-thread-1] INFO  server.RaftServerConfigKeys (ConfUtils.java:logGet(43)) - raft.server.log.segment.size.max = 1048576 (custom)
2019-10-14 14:58:36,127 [pool-383-thread-1] INFO  server.RaftServerConfigKeys (ConfUtils.java:logGet(43)) - raft.server.log.preallocated.size = 16384 (custom)
2019-10-14 14:58:36,127 [pool-383-thread-1] INFO  server.RaftServerConfigKeys (ConfUtils.java:logGet(43)) - raft.server.log.write.buffer.size = 33554432 (custom)
2019-10-14 14:58:36,127 [pool-383-thread-1] INFO  server.RaftServerConfigKeys (ConfUtils.java:logGet(43)) - raft.server.log.force.sync.num = 128 (default)
2019-10-14 14:58:36,127 [pool-383-thread-1] INFO  server.RaftServerConfigKeys (ConfUtils.java:logGet(43)) - raft.server.log.statemachine.data.sync = true (default)
2019-10-14 14:58:36,127 [pool-383-thread-1] INFO  server.RaftServerConfigKeys (ConfUtils.java:logGet(43)) - raft.server.log.statemachine.data.sync.timeout = 10s (default)
2019-10-14 14:58:36,128 [pool-383-thread-1] INFO  server.RaftServerConfigKeys (ConfUtils.java:logGet(43)) - raft.server.log.statemachine.data.sync.timeout.retry = -1 (default)
2019-10-14 14:58:36,128 [pool-383-thread-1] INFO  server.RaftServerConfigKeys (ConfUtils.java:logGet(43)) - raft.server.log.statemachine.data.caching.enabled = true (custom)
2019-10-14 14:58:36,128 [pool-383-thread-1] INFO  segmented.SegmentedRaftLogWorker (SegmentedRaftLogWorker.java:lambda$new$0(128)) - c323476f-5c38-4769-99fb-556cb7798765@group-4DA7A79C1DAA-SegmentedRaftLogWorker: flushIndex: setUnconditionally 0 -> -1
2019-10-14 14:58:36,129 [pool-383-thread-1] INFO  server.RaftServerConfigKeys (ConfUtils.java:logGet(43)) - raft.server.snapshot.auto.trigger.enabled = true (custom)
2019-10-14 14:58:36,129 [pool-383-thread-1] INFO  server.RaftServerConfigKeys (ConfUtils.java:logGet(43)) - raft.server.snapshot.auto.trigger.threshold = 10000 (custom)
2019-10-14 14:58:36,129 [pool-383-thread-1] INFO  server.RaftServerConfigKeys (ConfUtils.java:logGet(43)) - raft.server.snapshot.retention.file.num = 5 (custom)
2019-10-14 14:58:36,129 [pool-383-thread-1] INFO  server.RaftServerConfigKeys (ConfUtils.java:logGet(43)) - raft.server.retrycache.expirytime = 600000ms (custom)
2019-10-14 14:58:36,130 [pool-383-thread-1] INFO  impl.RaftServerImpl (RaftServerImpl.java:start(181)) - c323476f-5c38-4769-99fb-556cb7798765@group-4DA7A79C1DAA: start as a follower, conf=-1: [c323476f-5c38-4769-99fb-556cb7798765:192.168.164.216:37657], old=null
2019-10-14 14:58:36,131 [pool-383-thread-1] INFO  impl.RaftServerImpl (RaftServerImpl.java:setRole(170)) - c323476f-5c38-4769-99fb-556cb7798765@group-4DA7A79C1DAA: changes role from      null to FOLLOWER at term 0 for startAsFollower
2019-10-14 14:58:36,131 [pool-383-thread-1] INFO  impl.RoleInfo (RoleInfo.java:updateAndGet(143)) - c323476f-5c38-4769-99fb-556cb7798765: start FollowerState
2019-10-14 14:58:36,131 [pool-383-thread-1] INFO  util.JmxRegister (JmxRegister.java:tryRegister(44)) - Successfully registered JMX Bean with object name Ratis:service=RaftServer,group=group-4DA7A79C1DAA,id=c323476f-5c38-4769-99fb-556cb7798765
2019-10-14 14:58:36,140 [RatisPipelineUtilsThread] INFO  pipeline.PipelineStateManager (PipelineStateManager.java:addPipeline(56)) - Created pipeline Pipeline[ Id: 14211fba-b710-42b1-9076-4da7a79c1daa, Nodes: c323476f-5c38-4769-99fb-556cb7798765{ip: 192.168.164.216, host: dev-nightly-20191014-2mv7m-2951356099, networkLocation: /default-rack, certSerialId: null}, Type:RATIS, Factor:ONE, State:OPEN]
2019-10-14 14:58:36,150 [IPC Server handler 19 on 43332] INFO  net.NetworkTopology (NetworkTopologyImpl.java:add(111)) - Added a new node: /default-rack/616f1b99-31a5-45f6-b720-41f2d2e626db
2019-10-14 14:58:36,150 [IPC Server handler 19 on 43332] INFO  node.SCMNodeManager (SCMNodeManager.java:register(268)) - Registered Data node : 616f1b99-31a5-45f6-b720-41f2d2e626db{ip: 192.168.164.216, host: dev-nightly-20191014-2mv7m-2951356099, networkLocation: /default-rack, certSerialId: null}
2019-10-14 14:58:36,158 [grpc-default-executor-2] INFO  impl.RaftServerProxy (RaftServerProxy.java:addNew(89)) - 616f1b99-31a5-45f6-b720-41f2d2e626db: addNew group-AECB64655812:[616f1b99-31a5-45f6-b720-41f2d2e626db:192.168.164.216:45136] returns group-AECB64655812:java.util.concurrent.CompletableFuture@5e9b31f[Not completed]
2019-10-14 14:58:36,159 [pool-393-thread-1] INFO  impl.RaftServerImpl (RaftServerImpl.java:<init>(95)) - 616f1b99-31a5-45f6-b720-41f2d2e626db: new RaftServerImpl for group-AECB64655812:[616f1b99-31a5-45f6-b720-41f2d2e626db:192.168.164.216:45136] with ContainerStateMachine:uninitialized
2019-10-14 14:58:36,160 [pool-393-thread-1] INFO  server.RaftServerConfigKeys (ConfUtils.java:logGet(43)) - raft.server.rpc.timeout.min = 5s (custom)
2019-10-14 14:58:36,160 [pool-393-thread-1] INFO  server.RaftServerConfigKeys (ConfUtils.java:logGet(43)) - raft.server.rpc.timeout.max = 5200ms (custom)
2019-10-14 14:58:36,160 [pool-393-thread-1] INFO  server.RaftServerConfigKeys (ConfUtils.java:logGet(43)) - raft.server.rpcslowness.timeout = 120s (custom)
2019-10-14 14:58:36,160 [pool-393-thread-1] INFO  server.RaftServerConfigKeys (ConfUtils.java:logGet(43)) - raft.server.sleep.deviation.threshold = 300 (default)
2019-10-14 14:58:36,160 [pool-393-thread-1] INFO  server.RaftServerConfigKeys (ConfUtils.java:logGet(43)) - raft.server.log.appender.install.snapshot.enabled = false (custom)
2019-10-14 14:58:36,160 [pool-393-thread-1] INFO  impl.RaftServerImpl (ServerState.java:<init>(103)) - 616f1b99-31a5-45f6-b720-41f2d2e626db@group-AECB64655812: ConfigurationManager, init=-1: [616f1b99-31a5-45f6-b720-41f2d2e626db:192.168.164.216:45136], old=null, confs=<EMPTY_MAP>
2019-10-14 14:58:36,160 [pool-393-thread-1] INFO  server.RaftServerConfigKeys (ConfUtils.java:logGet(43)) - raft.server.storage.dir = [/workdir/hadoop-ozone/integration-test/target/test-dir/MiniOzoneClusterImpl-a880bd18-28f5-415e-9d8b-b89ede6c483e/datanode-1/data/ratis] (custom)
2019-10-14 14:58:36,160 [pool-393-thread-1] INFO  server.RaftServerConfigKeys (ConfUtils.java:logGet(43)) - raft.server.log.corruption.policy = EXCEPTION (default)
2019-10-14 14:58:36,160 [pool-393-thread-1] INFO  storage.RaftStorageDirectory (RaftStorageDirectory.java:analyzeStorage(246)) - The storage directory /workdir/hadoop-ozone/integration-test/target/test-dir/MiniOzoneClusterImpl-a880bd18-28f5-415e-9d8b-b89ede6c483e/datanode-1/data/ratis/1a48934e-bfa3-4897-8c11-aecb64655812 does not exist. Creating ...
2019-10-14 14:58:36,183 [pool-393-thread-1] INFO  storage.RaftStorageDirectory (RaftStorageDirectory.java:tryLock(328)) - Lock on /workdir/hadoop-ozone/integration-test/target/test-dir/MiniOzoneClusterImpl-a880bd18-28f5-415e-9d8b-b89ede6c483e/datanode-1/data/ratis/1a48934e-bfa3-4897-8c11-aecb64655812/in_use.lock acquired by nodename 16817@dev-nightly-20191014-2mv7m-2951356099
2019-10-14 14:58:36,206 [pool-393-thread-1] INFO  storage.RaftStorage (RaftStorage.java:format(84)) - Storage directory /workdir/hadoop-ozone/integration-test/target/test-dir/MiniOzoneClusterImpl-a880bd18-28f5-415e-9d8b-b89ede6c483e/datanode-1/data/ratis/1a48934e-bfa3-4897-8c11-aecb64655812 has been successfully formatted.
2019-10-14 14:58:36,206 [pool-393-thread-1] INFO  ratis.ContainerStateMachine (ContainerStateMachine.java:loadSnapshot(231)) - group-AECB64655812: The snapshot info is null. Setting the last applied indexto:(t:0, i:~)
2019-10-14 14:58:36,206 [pool-393-thread-1] INFO  server.RaftServerConfigKeys (ConfUtils.java:logGet(43)) - raft.server.notification.no-leader.timeout = 120s (custom)
2019-10-14 14:58:36,207 [pool-393-thread-1] INFO  server.RaftServerConfigKeys (ConfUtils.java:logGet(43)) - raft.server.log.use.memory = false (default)
2019-10-14 14:58:36,207 [pool-393-thread-1] INFO  server.RaftServerConfigKeys (ConfUtils.java:logGet(43)) - raft.server.log.purge.gap = 1000000 (custom)
2019-10-14 14:58:36,207 [pool-393-thread-1] INFO  server.RaftServerConfigKeys (ConfUtils.java:logGet(43)) - raft.server.log.appender.buffer.byte-limit = 33554432 (custom)
2019-10-14 14:58:36,207 [pool-393-thread-1] INFO  server.RaftServerConfigKeys (ConfUtils.java:logGet(43)) - raft.server.log.segment.size.max = 1048576 (custom)
2019-10-14 14:58:36,210 [pool-393-thread-1] INFO  server.RaftServerConfigKeys (ConfUtils.java:logGet(43)) - raft.server.log.segment.cache.num.max = 2 (custom)
2019-10-14 14:58:36,210 [pool-393-thread-1] INFO  segmented.SegmentedRaftLogWorker (SegmentedRaftLogWorker.java:<init>(173)) - new 616f1b99-31a5-45f6-b720-41f2d2e626db@group-AECB64655812-SegmentedRaftLogWorker for RaftStorage:Storage Directory /workdir/hadoop-ozone/integration-test/target/test-dir/MiniOzoneClusterImpl-a880bd18-28f5-415e-9d8b-b89ede6c483e/datanode-1/data/ratis/1a48934e-bfa3-4897-8c11-aecb64655812
2019-10-14 14:58:36,210 [pool-393-thread-1] INFO  server.RaftServerConfigKeys (ConfUtils.java:logGet(43)) - raft.server.log.queue.byte-limit = 2147483647 (custom)
2019-10-14 14:58:36,210 [pool-393-thread-1] INFO  server.RaftServerConfigKeys (ConfUtils.java:logGet(43)) - raft.server.log.queue.element-limit = 1024 (custom)
2019-10-14 14:58:36,210 [pool-393-thread-1] INFO  server.RaftServerConfigKeys (ConfUtils.java:logGet(43)) - raft.server.log.segment.size.max = 1048576 (custom)
2019-10-14 14:58:36,211 [pool-393-thread-1] INFO  server.RaftServerConfigKeys (ConfUtils.java:logGet(43)) - raft.server.log.preallocated.size = 16384 (custom)
2019-10-14 14:58:36,211 [pool-393-thread-1] INFO  server.RaftServerConfigKeys (ConfUtils.java:logGet(43)) - raft.server.log.write.buffer.size = 33554432 (custom)
2019-10-14 14:58:36,211 [pool-393-thread-1] INFO  server.RaftServerConfigKeys (ConfUtils.java:logGet(43)) - raft.server.log.force.sync.num = 128 (default)
2019-10-14 14:58:36,211 [pool-393-thread-1] INFO  server.RaftServerConfigKeys (ConfUtils.java:logGet(43)) - raft.server.log.statemachine.data.sync = true (default)
2019-10-14 14:58:36,211 [pool-393-thread-1] INFO  server.RaftServerConfigKeys (ConfUtils.java:logGet(43)) - raft.server.log.statemachine.data.sync.timeout = 10s (default)
2019-10-14 14:58:36,211 [pool-393-thread-1] INFO  server.RaftServerConfigKeys (ConfUtils.java:logGet(43)) - raft.server.log.statemachine.data.sync.timeout.retry = -1 (default)
2019-10-14 14:58:36,212 [pool-393-thread-1] INFO  server.RaftServerConfigKeys (ConfUtils.java:logGet(43)) - raft.server.log.statemachine.data.caching.enabled = true (custom)
2019-10-14 14:58:36,212 [pool-393-thread-1] INFO  segmented.SegmentedRaftLogWorker (SegmentedRaftLogWorker.java:lambda$new$0(128)) - 616f1b99-31a5-45f6-b720-41f2d2e626db@group-AECB64655812-SegmentedRaftLogWorker: flushIndex: setUnconditionally 0 -> -1
2019-10-14 14:58:36,213 [pool-393-thread-1] INFO  server.RaftServerConfigKeys (ConfUtils.java:logGet(43)) - raft.server.snapshot.auto.trigger.enabled = true (custom)
2019-10-14 14:58:36,213 [pool-393-thread-1] INFO  server.RaftServerConfigKeys (ConfUtils.java:logGet(43)) - raft.server.snapshot.auto.trigger.threshold = 10000 (custom)
2019-10-14 14:58:36,213 [pool-393-thread-1] INFO  server.RaftServerConfigKeys (ConfUtils.java:logGet(43)) - raft.server.snapshot.retention.file.num = 5 (custom)
2019-10-14 14:58:36,213 [pool-393-thread-1] INFO  server.RaftServerConfigKeys (ConfUtils.java:logGet(43)) - raft.server.retrycache.expirytime = 600000ms (custom)
2019-10-14 14:58:36,215 [pool-393-thread-1] INFO  impl.RaftServerImpl (RaftServerImpl.java:start(181)) - 616f1b99-31a5-45f6-b720-41f2d2e626db@group-AECB64655812: start as a follower, conf=-1: [616f1b99-31a5-45f6-b720-41f2d2e626db:192.168.164.216:45136], old=null
2019-10-14 14:58:36,215 [pool-393-thread-1] INFO  impl.RaftServerImpl (RaftServerImpl.java:setRole(170)) - 616f1b99-31a5-45f6-b720-41f2d2e626db@group-AECB64655812: changes role from      null to FOLLOWER at term 0 for startAsFollower
2019-10-14 14:58:36,215 [pool-393-thread-1] INFO  impl.RoleInfo (RoleInfo.java:updateAndGet(143)) - 616f1b99-31a5-45f6-b720-41f2d2e626db: start FollowerState
2019-10-14 14:58:36,216 [pool-393-thread-1] INFO  util.JmxRegister (JmxRegister.java:tryRegister(44)) - Successfully registered JMX Bean with object name Ratis:service=RaftServer,group=group-AECB64655812,id=616f1b99-31a5-45f6-b720-41f2d2e626db
2019-10-14 14:58:36,223 [RatisPipelineUtilsThread] INFO  pipeline.PipelineStateManager (PipelineStateManager.java:addPipeline(56)) - Created pipeline Pipeline[ Id: 1a48934e-bfa3-4897-8c11-aecb64655812, Nodes: 616f1b99-31a5-45f6-b720-41f2d2e626db{ip: 192.168.164.216, host: dev-nightly-20191014-2mv7m-2951356099, networkLocation: /default-rack, certSerialId: null}, Type:RATIS, Factor:ONE, State:OPEN]
2019-10-14 14:58:36,240 [IPC Server handler 18 on 43332] INFO  net.NetworkTopology (NetworkTopologyImpl.java:add(111)) - Added a new node: /default-rack/37a2767d-935e-4cba-a62e-beeeb057370c
2019-10-14 14:58:36,244 [IPC Server handler 18 on 43332] INFO  node.SCMNodeManager (SCMNodeManager.java:register(268)) - Registered Data node : 37a2767d-935e-4cba-a62e-beeeb057370c{ip: 192.168.164.216, host: dev-nightly-20191014-2mv7m-2951356099, networkLocation: /default-rack, certSerialId: null}
2019-10-14 14:58:36,251 [grpc-default-executor-2] INFO  impl.RaftServerProxy (RaftServerProxy.java:addNew(89)) - 37a2767d-935e-4cba-a62e-beeeb057370c: addNew group-16135A8CE9BA:[37a2767d-935e-4cba-a62e-beeeb057370c:192.168.164.216:33344] returns group-16135A8CE9BA:java.util.concurrent.CompletableFuture@771716f4[Not completed]
2019-10-14 14:58:36,252 [pool-403-thread-1] INFO  impl.RaftServerImpl (RaftServerImpl.java:<init>(95)) - 37a2767d-935e-4cba-a62e-beeeb057370c: new RaftServerImpl for group-16135A8CE9BA:[37a2767d-935e-4cba-a62e-beeeb057370c:192.168.164.216:33344] with ContainerStateMachine:uninitialized
2019-10-14 14:58:36,252 [pool-403-thread-1] INFO  server.RaftServerConfigKeys (ConfUtils.java:logGet(43)) - raft.server.rpc.timeout.min = 5s (custom)
2019-10-14 14:58:36,252 [pool-403-thread-1] INFO  server.RaftServerConfigKeys (ConfUtils.java:logGet(43)) - raft.server.rpc.timeout.max = 5200ms (custom)
2019-10-14 14:58:36,252 [pool-403-thread-1] INFO  server.RaftServerConfigKeys (ConfUtils.java:logGet(43)) - raft.server.rpcslowness.timeout = 120s (custom)
2019-10-14 14:58:36,253 [pool-403-thread-1] INFO  server.RaftServerConfigKeys (ConfUtils.java:logGet(43)) - raft.server.sleep.deviation.threshold = 300 (default)
2019-10-14 14:58:36,253 [pool-403-thread-1] INFO  server.RaftServerConfigKeys (ConfUtils.java:logGet(43)) - raft.server.log.appender.install.snapshot.enabled = false (custom)
2019-10-14 14:58:36,253 [pool-403-thread-1] INFO  impl.RaftServerImpl (ServerState.java:<init>(103)) - 37a2767d-935e-4cba-a62e-beeeb057370c@group-16135A8CE9BA: ConfigurationManager, init=-1: [37a2767d-935e-4cba-a62e-beeeb057370c:192.168.164.216:33344], old=null, confs=<EMPTY_MAP>
2019-10-14 14:58:36,253 [pool-403-thread-1] INFO  server.RaftServerConfigKeys (ConfUtils.java:logGet(43)) - raft.server.storage.dir = [/workdir/hadoop-ozone/integration-test/target/test-dir/MiniOzoneClusterImpl-a880bd18-28f5-415e-9d8b-b89ede6c483e/datanode-2/data/ratis] (custom)
2019-10-14 14:58:36,253 [pool-403-thread-1] INFO  server.RaftServerConfigKeys (ConfUtils.java:logGet(43)) - raft.server.log.corruption.policy = EXCEPTION (default)
2019-10-14 14:58:36,253 [pool-403-thread-1] INFO  storage.RaftStorageDirectory (RaftStorageDirectory.java:analyzeStorage(246)) - The storage directory /workdir/hadoop-ozone/integration-test/target/test-dir/MiniOzoneClusterImpl-a880bd18-28f5-415e-9d8b-b89ede6c483e/datanode-2/data/ratis/5e30db72-fbc5-4193-912f-16135a8ce9ba does not exist. Creating ...
2019-10-14 14:58:36,276 [pool-403-thread-1] INFO  storage.RaftStorageDirectory (RaftStorageDirectory.java:tryLock(328)) - Lock on /workdir/hadoop-ozone/integration-test/target/test-dir/MiniOzoneClusterImpl-a880bd18-28f5-415e-9d8b-b89ede6c483e/datanode-2/data/ratis/5e30db72-fbc5-4193-912f-16135a8ce9ba/in_use.lock acquired by nodename 16817@dev-nightly-20191014-2mv7m-2951356099
2019-10-14 14:58:36,299 [pool-403-thread-1] INFO  storage.RaftStorage (RaftStorage.java:format(84)) - Storage directory /workdir/hadoop-ozone/integration-test/target/test-dir/MiniOzoneClusterImpl-a880bd18-28f5-415e-9d8b-b89ede6c483e/datanode-2/data/ratis/5e30db72-fbc5-4193-912f-16135a8ce9ba has been successfully formatted.
2019-10-14 14:58:36,299 [pool-403-thread-1] INFO  ratis.ContainerStateMachine (ContainerStateMachine.java:loadSnapshot(231)) - group-16135A8CE9BA: The snapshot info is null. Setting the last applied indexto:(t:0, i:~)
2019-10-14 14:58:36,300 [pool-403-thread-1] INFO  server.RaftServerConfigKeys (ConfUtils.java:logGet(43)) - raft.server.notification.no-leader.timeout = 120s (custom)
2019-10-14 14:58:36,300 [pool-403-thread-1] INFO  server.RaftServerConfigKeys (ConfUtils.java:logGet(43)) - raft.server.log.use.memory = false (default)
2019-10-14 14:58:36,300 [pool-403-thread-1] INFO  server.RaftServerConfigKeys (ConfUtils.java:logGet(43)) - raft.server.log.purge.gap = 1000000 (custom)
2019-10-14 14:58:36,300 [pool-403-thread-1] INFO  server.RaftServerConfigKeys (ConfUtils.java:logGet(43)) - raft.server.log.appender.buffer.byte-limit = 33554432 (custom)
2019-10-14 14:58:36,300 [pool-403-thread-1] INFO  server.RaftServerConfigKeys (ConfUtils.java:logGet(43)) - raft.server.log.segment.size.max = 1048576 (custom)
2019-10-14 14:58:36,301 [pool-403-thread-1] INFO  server.RaftServerConfigKeys (ConfUtils.java:logGet(43)) - raft.server.log.segment.cache.num.max = 2 (custom)
2019-10-14 14:58:36,302 [pool-403-thread-1] INFO  segmented.SegmentedRaftLogWorker (SegmentedRaftLogWorker.java:<init>(173)) - new 37a2767d-935e-4cba-a62e-beeeb057370c@group-16135A8CE9BA-SegmentedRaftLogWorker for RaftStorage:Storage Directory /workdir/hadoop-ozone/integration-test/target/test-dir/MiniOzoneClusterImpl-a880bd18-28f5-415e-9d8b-b89ede6c483e/datanode-2/data/ratis/5e30db72-fbc5-4193-912f-16135a8ce9ba
2019-10-14 14:58:36,302 [pool-403-thread-1] INFO  server.RaftServerConfigKeys (ConfUtils.java:logGet(43)) - raft.server.log.queue.byte-limit = 2147483647 (custom)
2019-10-14 14:58:36,302 [pool-403-thread-1] INFO  server.RaftServerConfigKeys (ConfUtils.java:logGet(43)) - raft.server.log.queue.element-limit = 1024 (custom)
2019-10-14 14:58:36,302 [pool-403-thread-1] INFO  server.RaftServerConfigKeys (ConfUtils.java:logGet(43)) - raft.server.log.segment.size.max = 1048576 (custom)
2019-10-14 14:58:36,302 [pool-403-thread-1] INFO  server.RaftServerConfigKeys (ConfUtils.java:logGet(43)) - raft.server.log.preallocated.size = 16384 (custom)
2019-10-14 14:58:36,302 [pool-403-thread-1] INFO  server.RaftServerConfigKeys (ConfUtils.java:logGet(43)) - raft.server.log.write.buffer.size = 33554432 (custom)
2019-10-14 14:58:36,302 [pool-403-thread-1] INFO  server.RaftServerConfigKeys (ConfUtils.java:logGet(43)) - raft.server.log.force.sync.num = 128 (default)
2019-10-14 14:58:36,302 [pool-403-thread-1] INFO  server.RaftServerConfigKeys (ConfUtils.java:logGet(43)) - raft.server.log.statemachine.data.sync = true (default)
2019-10-14 14:58:36,302 [pool-403-thread-1] INFO  server.RaftServerConfigKeys (ConfUtils.java:logGet(43)) - raft.server.log.statemachine.data.sync.timeout = 10s (default)
2019-10-14 14:58:36,302 [pool-403-thread-1] INFO  server.RaftServerConfigKeys (ConfUtils.java:logGet(43)) - raft.server.log.statemachine.data.sync.timeout.retry = -1 (default)
2019-10-14 14:58:36,303 [pool-403-thread-1] INFO  server.RaftServerConfigKeys (ConfUtils.java:logGet(43)) - raft.server.log.statemachine.data.caching.enabled = true (custom)
2019-10-14 14:58:36,303 [pool-403-thread-1] INFO  segmented.SegmentedRaftLogWorker (SegmentedRaftLogWorker.java:lambda$new$0(128)) - 37a2767d-935e-4cba-a62e-beeeb057370c@group-16135A8CE9BA-SegmentedRaftLogWorker: flushIndex: setUnconditionally 0 -> -1
2019-10-14 14:58:36,303 [pool-403-thread-1] INFO  server.RaftServerConfigKeys (ConfUtils.java:logGet(43)) - raft.server.snapshot.auto.trigger.enabled = true (custom)
2019-10-14 14:58:36,303 [pool-403-thread-1] INFO  server.RaftServerConfigKeys (ConfUtils.java:logGet(43)) - raft.server.snapshot.auto.trigger.threshold = 10000 (custom)
2019-10-14 14:58:36,303 [pool-403-thread-1] INFO  server.RaftServerConfigKeys (ConfUtils.java:logGet(43)) - raft.server.snapshot.retention.file.num = 5 (custom)
2019-10-14 14:58:36,303 [pool-403-thread-1] INFO  server.RaftServerConfigKeys (ConfUtils.java:logGet(43)) - raft.server.retrycache.expirytime = 600000ms (custom)
2019-10-14 14:58:36,305 [pool-403-thread-1] INFO  impl.RaftServerImpl (RaftServerImpl.java:start(181)) - 37a2767d-935e-4cba-a62e-beeeb057370c@group-16135A8CE9BA: start as a follower, conf=-1: [37a2767d-935e-4cba-a62e-beeeb057370c:192.168.164.216:33344], old=null
2019-10-14 14:58:36,305 [pool-403-thread-1] INFO  impl.RaftServerImpl (RaftServerImpl.java:setRole(170)) - 37a2767d-935e-4cba-a62e-beeeb057370c@group-16135A8CE9BA: changes role from      null to FOLLOWER at term 0 for startAsFollower
2019-10-14 14:58:36,305 [pool-403-thread-1] INFO  impl.RoleInfo (RoleInfo.java:updateAndGet(143)) - 37a2767d-935e-4cba-a62e-beeeb057370c: start FollowerState
2019-10-14 14:58:36,305 [pool-403-thread-1] INFO  util.JmxRegister (JmxRegister.java:tryRegister(44)) - Successfully registered JMX Bean with object name Ratis:service=RaftServer,group=group-16135A8CE9BA,id=37a2767d-935e-4cba-a62e-beeeb057370c
2019-10-14 14:58:36,311 [RatisPipelineUtilsThread] INFO  pipeline.PipelineStateManager (PipelineStateManager.java:addPipeline(56)) - Created pipeline Pipeline[ Id: 5e30db72-fbc5-4193-912f-16135a8ce9ba, Nodes: 37a2767d-935e-4cba-a62e-beeeb057370c{ip: 192.168.164.216, host: dev-nightly-20191014-2mv7m-2951356099, networkLocation: /default-rack, certSerialId: null}, Type:RATIS, Factor:ONE, State:OPEN]
2019-10-14 14:58:36,324 [grpc-default-executor-2] INFO  impl.RaftServerProxy (RaftServerProxy.java:addNew(89)) - c323476f-5c38-4769-99fb-556cb7798765: addNew group-EB89E89DFD9D:[c323476f-5c38-4769-99fb-556cb7798765:192.168.164.216:37657, 616f1b99-31a5-45f6-b720-41f2d2e626db:192.168.164.216:45136, 37a2767d-935e-4cba-a62e-beeeb057370c:192.168.164.216:33344] returns group-EB89E89DFD9D:java.util.concurrent.CompletableFuture@609f664f[Not completed]
2019-10-14 14:58:36,324 [grpc-default-executor-2] INFO  impl.RaftServerProxy (RaftServerProxy.java:addNew(89)) - 37a2767d-935e-4cba-a62e-beeeb057370c: addNew group-EB89E89DFD9D:[c323476f-5c38-4769-99fb-556cb7798765:192.168.164.216:37657, 616f1b99-31a5-45f6-b720-41f2d2e626db:192.168.164.216:45136, 37a2767d-935e-4cba-a62e-beeeb057370c:192.168.164.216:33344] returns group-EB89E89DFD9D:java.util.concurrent.CompletableFuture@7af4ed2d[Not completed]
2019-10-14 14:58:36,324 [grpc-default-executor-2] INFO  impl.RaftServerProxy (RaftServerProxy.java:addNew(89)) - 616f1b99-31a5-45f6-b720-41f2d2e626db: addNew group-EB89E89DFD9D:[c323476f-5c38-4769-99fb-556cb7798765:192.168.164.216:37657, 616f1b99-31a5-45f6-b720-41f2d2e626db:192.168.164.216:45136, 37a2767d-935e-4cba-a62e-beeeb057370c:192.168.164.216:33344] returns group-EB89E89DFD9D:java.util.concurrent.CompletableFuture@351be431[Not completed]
2019-10-14 14:58:36,324 [pool-383-thread-1] INFO  impl.RaftServerImpl (RaftServerImpl.java:<init>(95)) - c323476f-5c38-4769-99fb-556cb7798765: new RaftServerImpl for group-EB89E89DFD9D:[c323476f-5c38-4769-99fb-556cb7798765:192.168.164.216:37657, 616f1b99-31a5-45f6-b720-41f2d2e626db:192.168.164.216:45136, 37a2767d-935e-4cba-a62e-beeeb057370c:192.168.164.216:33344] with ContainerStateMachine:uninitialized
2019-10-14 14:58:36,325 [pool-383-thread-1] INFO  server.RaftServerConfigKeys (ConfUtils.java:logGet(43)) - raft.server.rpc.timeout.min = 5s (custom)
2019-10-14 14:58:36,325 [pool-383-thread-1] INFO  server.RaftServerConfigKeys (ConfUtils.java:logGet(43)) - raft.server.rpc.timeout.max = 5200ms (custom)
2019-10-14 14:58:36,325 [pool-383-thread-1] INFO  server.RaftServerConfigKeys (ConfUtils.java:logGet(43)) - raft.server.rpcslowness.timeout = 120s (custom)
2019-10-14 14:58:36,325 [pool-383-thread-1] INFO  server.RaftServerConfigKeys (ConfUtils.java:logGet(43)) - raft.server.sleep.deviation.threshold = 300 (default)
2019-10-14 14:58:36,325 [pool-383-thread-1] INFO  server.RaftServerConfigKeys (ConfUtils.java:logGet(43)) - raft.server.log.appender.install.snapshot.enabled = false (custom)
2019-10-14 14:58:36,325 [pool-403-thread-1] INFO  impl.RaftServerImpl (RaftServerImpl.java:<init>(95)) - 37a2767d-935e-4cba-a62e-beeeb057370c: new RaftServerImpl for group-EB89E89DFD9D:[c323476f-5c38-4769-99fb-556cb7798765:192.168.164.216:37657, 616f1b99-31a5-45f6-b720-41f2d2e626db:192.168.164.216:45136, 37a2767d-935e-4cba-a62e-beeeb057370c:192.168.164.216:33344] with ContainerStateMachine:uninitialized
2019-10-14 14:58:36,325 [pool-383-thread-1] INFO  impl.RaftServerImpl (ServerState.java:<init>(103)) - c323476f-5c38-4769-99fb-556cb7798765@group-EB89E89DFD9D: ConfigurationManager, init=-1: [c323476f-5c38-4769-99fb-556cb7798765:192.168.164.216:37657, 616f1b99-31a5-45f6-b720-41f2d2e626db:192.168.164.216:45136, 37a2767d-935e-4cba-a62e-beeeb057370c:192.168.164.216:33344], old=null, confs=<EMPTY_MAP>
2019-10-14 14:58:36,325 [pool-403-thread-1] INFO  server.RaftServerConfigKeys (ConfUtils.java:logGet(43)) - raft.server.rpc.timeout.min = 5s (custom)
2019-10-14 14:58:36,325 [pool-383-thread-1] INFO  server.RaftServerConfigKeys (ConfUtils.java:logGet(43)) - raft.server.storage.dir = [/workdir/hadoop-ozone/integration-test/target/test-dir/MiniOzoneClusterImpl-a880bd18-28f5-415e-9d8b-b89ede6c483e/datanode-0/data/ratis] (custom)
2019-10-14 14:58:36,325 [pool-403-thread-1] INFO  server.RaftServerConfigKeys (ConfUtils.java:logGet(43)) - raft.server.rpc.timeout.max = 5200ms (custom)
2019-10-14 14:58:36,325 [pool-403-thread-1] INFO  server.RaftServerConfigKeys (ConfUtils.java:logGet(43)) - raft.server.rpcslowness.timeout = 120s (custom)
2019-10-14 14:58:36,326 [pool-383-thread-1] INFO  server.RaftServerConfigKeys (ConfUtils.java:logGet(43)) - raft.server.log.corruption.policy = EXCEPTION (default)
2019-10-14 14:58:36,326 [pool-403-thread-1] INFO  server.RaftServerConfigKeys (ConfUtils.java:logGet(43)) - raft.server.sleep.deviation.threshold = 300 (default)
2019-10-14 14:58:36,326 [pool-383-thread-1] INFO  storage.RaftStorageDirectory (RaftStorageDirectory.java:analyzeStorage(246)) - The storage directory /workdir/hadoop-ozone/integration-test/target/test-dir/MiniOzoneClusterImpl-a880bd18-28f5-415e-9d8b-b89ede6c483e/datanode-0/data/ratis/ddd34146-84a9-42cf-acd1-eb89e89dfd9d does not exist. Creating ...
2019-10-14 14:58:36,326 [pool-393-thread-1] INFO  impl.RaftServerImpl (RaftServerImpl.java:<init>(95)) - 616f1b99-31a5-45f6-b720-41f2d2e626db: new RaftServerImpl for group-EB89E89DFD9D:[c323476f-5c38-4769-99fb-556cb7798765:192.168.164.216:37657, 616f1b99-31a5-45f6-b720-41f2d2e626db:192.168.164.216:45136, 37a2767d-935e-4cba-a62e-beeeb057370c:192.168.164.216:33344] with ContainerStateMachine:uninitialized
2019-10-14 14:58:36,326 [pool-403-thread-1] INFO  server.RaftServerConfigKeys (ConfUtils.java:logGet(43)) - raft.server.log.appender.install.snapshot.enabled = false (custom)
2019-10-14 14:58:36,326 [pool-393-thread-1] INFO  server.RaftServerConfigKeys (ConfUtils.java:logGet(43)) - raft.server.rpc.timeout.min = 5s (custom)
2019-10-14 14:58:36,326 [pool-403-thread-1] INFO  impl.RaftServerImpl (ServerState.java:<init>(103)) - 37a2767d-935e-4cba-a62e-beeeb057370c@group-EB89E89DFD9D: ConfigurationManager, init=-1: [c323476f-5c38-4769-99fb-556cb7798765:192.168.164.216:37657, 616f1b99-31a5-45f6-b720-41f2d2e626db:192.168.164.216:45136, 37a2767d-935e-4cba-a62e-beeeb057370c:192.168.164.216:33344], old=null, confs=<EMPTY_MAP>
2019-10-14 14:58:36,326 [pool-393-thread-1] INFO  server.RaftServerConfigKeys (ConfUtils.java:logGet(43)) - raft.server.rpc.timeout.max = 5200ms (custom)
2019-10-14 14:58:36,326 [pool-403-thread-1] INFO  server.RaftServerConfigKeys (ConfUtils.java:logGet(43)) - raft.server.storage.dir = [/workdir/hadoop-ozone/integration-test/target/test-dir/MiniOzoneClusterImpl-a880bd18-28f5-415e-9d8b-b89ede6c483e/datanode-2/data/ratis] (custom)
2019-10-14 14:58:36,327 [pool-393-thread-1] INFO  server.RaftServerConfigKeys (ConfUtils.java:logGet(43)) - raft.server.rpcslowness.timeout = 120s (custom)
2019-10-14 14:58:36,327 [pool-403-thread-1] INFO  server.RaftServerConfigKeys (ConfUtils.java:logGet(43)) - raft.server.log.corruption.policy = EXCEPTION (default)
2019-10-14 14:58:36,327 [pool-393-thread-1] INFO  server.RaftServerConfigKeys (ConfUtils.java:logGet(43)) - raft.server.sleep.deviation.threshold = 300 (default)
2019-10-14 14:58:36,327 [pool-403-thread-1] INFO  storage.RaftStorageDirectory (RaftStorageDirectory.java:analyzeStorage(246)) - The storage directory /workdir/hadoop-ozone/integration-test/target/test-dir/MiniOzoneClusterImpl-a880bd18-28f5-415e-9d8b-b89ede6c483e/datanode-2/data/ratis/ddd34146-84a9-42cf-acd1-eb89e89dfd9d does not exist. Creating ...
2019-10-14 14:58:36,327 [pool-393-thread-1] INFO  server.RaftServerConfigKeys (ConfUtils.java:logGet(43)) - raft.server.log.appender.install.snapshot.enabled = false (custom)
2019-10-14 14:58:36,327 [pool-393-thread-1] INFO  impl.RaftServerImpl (ServerState.java:<init>(103)) - 616f1b99-31a5-45f6-b720-41f2d2e626db@group-EB89E89DFD9D: ConfigurationManager, init=-1: [c323476f-5c38-4769-99fb-556cb7798765:192.168.164.216:37657, 616f1b99-31a5-45f6-b720-41f2d2e626db:192.168.164.216:45136, 37a2767d-935e-4cba-a62e-beeeb057370c:192.168.164.216:33344], old=null, confs=<EMPTY_MAP>
2019-10-14 14:58:36,327 [pool-393-thread-1] INFO  server.RaftServerConfigKeys (ConfUtils.java:logGet(43)) - raft.server.storage.dir = [/workdir/hadoop-ozone/integration-test/target/test-dir/MiniOzoneClusterImpl-a880bd18-28f5-415e-9d8b-b89ede6c483e/datanode-1/data/ratis] (custom)
2019-10-14 14:58:36,328 [pool-393-thread-1] INFO  server.RaftServerConfigKeys (ConfUtils.java:logGet(43)) - raft.server.log.corruption.policy = EXCEPTION (default)
2019-10-14 14:58:36,328 [pool-393-thread-1] INFO  storage.RaftStorageDirectory (RaftStorageDirectory.java:analyzeStorage(246)) - The storage directory /workdir/hadoop-ozone/integration-test/target/test-dir/MiniOzoneClusterImpl-a880bd18-28f5-415e-9d8b-b89ede6c483e/datanode-1/data/ratis/ddd34146-84a9-42cf-acd1-eb89e89dfd9d does not exist. Creating ...
2019-10-14 14:58:36,330 [IPC Server handler 17 on 43332] INFO  net.NetworkTopology (NetworkTopologyImpl.java:add(111)) - Added a new node: /default-rack/c0afbdc0-0481-4ab5-b678-8eaf8869b693
2019-10-14 14:58:36,330 [IPC Server handler 17 on 43332] INFO  node.SCMNodeManager (SCMNodeManager.java:register(268)) - Registered Data node : c0afbdc0-0481-4ab5-b678-8eaf8869b693{ip: 192.168.164.216, host: dev-nightly-20191014-2mv7m-2951356099, networkLocation: /default-rack, certSerialId: null}
2019-10-14 14:58:36,348 [pool-393-thread-1] INFO  storage.RaftStorageDirectory (RaftStorageDirectory.java:tryLock(328)) - Lock on /workdir/hadoop-ozone/integration-test/target/test-dir/MiniOzoneClusterImpl-a880bd18-28f5-415e-9d8b-b89ede6c483e/datanode-1/data/ratis/ddd34146-84a9-42cf-acd1-eb89e89dfd9d/in_use.lock acquired by nodename 16817@dev-nightly-20191014-2mv7m-2951356099
2019-10-14 14:58:36,348 [pool-383-thread-1] INFO  storage.RaftStorageDirectory (RaftStorageDirectory.java:tryLock(328)) - Lock on /workdir/hadoop-ozone/integration-test/target/test-dir/MiniOzoneClusterImpl-a880bd18-28f5-415e-9d8b-b89ede6c483e/datanode-0/data/ratis/ddd34146-84a9-42cf-acd1-eb89e89dfd9d/in_use.lock acquired by nodename 16817@dev-nightly-20191014-2mv7m-2951356099
2019-10-14 14:58:36,348 [pool-403-thread-1] INFO  storage.RaftStorageDirectory (RaftStorageDirectory.java:tryLock(328)) - Lock on /workdir/hadoop-ozone/integration-test/target/test-dir/MiniOzoneClusterImpl-a880bd18-28f5-415e-9d8b-b89ede6c483e/datanode-2/data/ratis/ddd34146-84a9-42cf-acd1-eb89e89dfd9d/in_use.lock acquired by nodename 16817@dev-nightly-20191014-2mv7m-2951356099
2019-10-14 14:58:36,366 [pool-383-thread-1] INFO  storage.RaftStorage (RaftStorage.java:format(84)) - Storage directory /workdir/hadoop-ozone/integration-test/target/test-dir/MiniOzoneClusterImpl-a880bd18-28f5-415e-9d8b-b89ede6c483e/datanode-0/data/ratis/ddd34146-84a9-42cf-acd1-eb89e89dfd9d has been successfully formatted.
2019-10-14 14:58:36,366 [pool-393-thread-1] INFO  storage.RaftStorage (RaftStorage.java:format(84)) - Storage directory /workdir/hadoop-ozone/integration-test/target/test-dir/MiniOzoneClusterImpl-a880bd18-28f5-415e-9d8b-b89ede6c483e/datanode-1/data/ratis/ddd34146-84a9-42cf-acd1-eb89e89dfd9d has been successfully formatted.
2019-10-14 14:58:36,366 [pool-403-thread-1] INFO  storage.RaftStorage (RaftStorage.java:format(84)) - Storage directory /workdir/hadoop-ozone/integration-test/target/test-dir/MiniOzoneClusterImpl-a880bd18-28f5-415e-9d8b-b89ede6c483e/datanode-2/data/ratis/ddd34146-84a9-42cf-acd1-eb89e89dfd9d has been successfully formatted.
2019-10-14 14:58:36,366 [pool-383-thread-1] INFO  ratis.ContainerStateMachine (ContainerStateMachine.java:loadSnapshot(231)) - group-EB89E89DFD9D: The snapshot info is null. Setting the last applied indexto:(t:0, i:~)
2019-10-14 14:58:36,366 [pool-403-thread-1] INFO  ratis.ContainerStateMachine (ContainerStateMachine.java:loadSnapshot(231)) - group-EB89E89DFD9D: The snapshot info is null. Setting the last applied indexto:(t:0, i:~)
2019-10-14 14:58:36,366 [pool-383-thread-1] INFO  server.RaftServerConfigKeys (ConfUtils.java:logGet(43)) - raft.server.notification.no-leader.timeout = 120s (custom)
2019-10-14 14:58:36,366 [pool-403-thread-1] INFO  server.RaftServerConfigKeys (ConfUtils.java:logGet(43)) - raft.server.notification.no-leader.timeout = 120s (custom)
2019-10-14 14:58:36,367 [pool-383-thread-1] INFO  server.RaftServerConfigKeys (ConfUtils.java:logGet(43)) - raft.server.log.use.memory = false (default)
2019-10-14 14:58:36,367 [pool-403-thread-1] INFO  server.RaftServerConfigKeys (ConfUtils.java:logGet(43)) - raft.server.log.use.memory = false (default)
2019-10-14 14:58:36,367 [pool-383-thread-1] INFO  server.RaftServerConfigKeys (ConfUtils.java:logGet(43)) - raft.server.log.purge.gap = 1000000 (custom)
2019-10-14 14:58:36,367 [pool-393-thread-1] INFO  ratis.ContainerStateMachine (ContainerStateMachine.java:loadSnapshot(231)) - group-EB89E89DFD9D: The snapshot info is null. Setting the last applied indexto:(t:0, i:~)
2019-10-14 14:58:36,367 [pool-403-thread-1] INFO  server.RaftServerConfigKeys (ConfUtils.java:logGet(43)) - raft.server.log.purge.gap = 1000000 (custom)
2019-10-14 14:58:36,367 [pool-393-thread-1] INFO  server.RaftServerConfigKeys (ConfUtils.java:logGet(43)) - raft.server.notification.no-leader.timeout = 120s (custom)
2019-10-14 14:58:36,367 [pool-383-thread-1] INFO  server.RaftServerConfigKeys (ConfUtils.java:logGet(43)) - raft.server.log.appender.buffer.byte-limit = 33554432 (custom)
2019-10-14 14:58:36,367 [pool-393-thread-1] INFO  server.RaftServerConfigKeys (ConfUtils.java:logGet(43)) - raft.server.log.use.memory = false (default)
2019-10-14 14:58:36,367 [pool-403-thread-1] INFO  server.RaftServerConfigKeys (ConfUtils.java:logGet(43)) - raft.server.log.appender.buffer.byte-limit = 33554432 (custom)
2019-10-14 14:58:36,368 [pool-393-thread-1] INFO  server.RaftServerConfigKeys (ConfUtils.java:logGet(43)) - raft.server.log.purge.gap = 1000000 (custom)
2019-10-14 14:58:36,368 [pool-383-thread-1] INFO  server.RaftServerConfigKeys (ConfUtils.java:logGet(43)) - raft.server.log.segment.size.max = 1048576 (custom)
2019-10-14 14:58:36,368 [pool-393-thread-1] INFO  server.RaftServerConfigKeys (ConfUtils.java:logGet(43)) - raft.server.log.appender.buffer.byte-limit = 33554432 (custom)
2019-10-14 14:58:36,368 [pool-403-thread-1] INFO  server.RaftServerConfigKeys (ConfUtils.java:logGet(43)) - raft.server.log.segment.size.max = 1048576 (custom)
2019-10-14 14:58:36,368 [pool-393-thread-1] INFO  server.RaftServerConfigKeys (ConfUtils.java:logGet(43)) - raft.server.log.segment.size.max = 1048576 (custom)
2019-10-14 14:58:36,368 [pool-383-thread-1] INFO  server.RaftServerConfigKeys (ConfUtils.java:logGet(43)) - raft.server.log.segment.cache.num.max = 2 (custom)
2019-10-14 14:58:36,369 [pool-393-thread-1] INFO  server.RaftServerConfigKeys (ConfUtils.java:logGet(43)) - raft.server.log.segment.cache.num.max = 2 (custom)
2019-10-14 14:58:36,368 [pool-403-thread-1] INFO  server.RaftServerConfigKeys (ConfUtils.java:logGet(43)) - raft.server.log.segment.cache.num.max = 2 (custom)
2019-10-14 14:58:36,369 [pool-393-thread-1] INFO  segmented.SegmentedRaftLogWorker (SegmentedRaftLogWorker.java:<init>(173)) - new 616f1b99-31a5-45f6-b720-41f2d2e626db@group-EB89E89DFD9D-SegmentedRaftLogWorker for RaftStorage:Storage Directory /workdir/hadoop-ozone/integration-test/target/test-dir/MiniOzoneClusterImpl-a880bd18-28f5-415e-9d8b-b89ede6c483e/datanode-1/data/ratis/ddd34146-84a9-42cf-acd1-eb89e89dfd9d
2019-10-14 14:58:36,369 [pool-383-thread-1] INFO  segmented.SegmentedRaftLogWorker (SegmentedRaftLogWorker.java:<init>(173)) - new c323476f-5c38-4769-99fb-556cb7798765@group-EB89E89DFD9D-SegmentedRaftLogWorker for RaftStorage:Storage Directory /workdir/hadoop-ozone/integration-test/target/test-dir/MiniOzoneClusterImpl-a880bd18-28f5-415e-9d8b-b89ede6c483e/datanode-0/data/ratis/ddd34146-84a9-42cf-acd1-eb89e89dfd9d
2019-10-14 14:58:36,369 [pool-393-thread-1] INFO  server.RaftServerConfigKeys (ConfUtils.java:logGet(43)) - raft.server.log.queue.byte-limit = 2147483647 (custom)
2019-10-14 14:58:36,369 [pool-403-thread-1] INFO  segmented.SegmentedRaftLogWorker (SegmentedRaftLogWorker.java:<init>(173)) - new 37a2767d-935e-4cba-a62e-beeeb057370c@group-EB89E89DFD9D-SegmentedRaftLogWorker for RaftStorage:Storage Directory /workdir/hadoop-ozone/integration-test/target/test-dir/MiniOzoneClusterImpl-a880bd18-28f5-415e-9d8b-b89ede6c483e/datanode-2/data/ratis/ddd34146-84a9-42cf-acd1-eb89e89dfd9d
2019-10-14 14:58:36,369 [pool-393-thread-1] INFO  server.RaftServerConfigKeys (ConfUtils.java:logGet(43)) - raft.server.log.queue.element-limit = 1024 (custom)
2019-10-14 14:58:36,369 [pool-383-thread-1] INFO  server.RaftServerConfigKeys (ConfUtils.java:logGet(43)) - raft.server.log.queue.byte-limit = 2147483647 (custom)
2019-10-14 14:58:36,370 [pool-393-thread-1] INFO  server.RaftServerConfigKeys (ConfUtils.java:logGet(43)) - raft.server.log.segment.size.max = 1048576 (custom)
2019-10-14 14:58:36,370 [pool-393-thread-1] INFO  server.RaftServerConfigKeys (ConfUtils.java:logGet(43)) - raft.server.log.preallocated.size = 16384 (custom)
2019-10-14 14:58:36,369 [pool-403-thread-1] INFO  server.RaftServerConfigKeys (ConfUtils.java:logGet(43)) - raft.server.log.queue.byte-limit = 2147483647 (custom)
2019-10-14 14:58:36,370 [pool-393-thread-1] INFO  server.RaftServerConfigKeys (ConfUtils.java:logGet(43)) - raft.server.log.write.buffer.size = 33554432 (custom)
2019-10-14 14:58:36,370 [pool-383-thread-1] INFO  server.RaftServerConfigKeys (ConfUtils.java:logGet(43)) - raft.server.log.queue.element-limit = 1024 (custom)
2019-10-14 14:58:36,370 [pool-393-thread-1] INFO  server.RaftServerConfigKeys (ConfUtils.java:logGet(43)) - raft.server.log.force.sync.num = 128 (default)
2019-10-14 14:58:36,371 [pool-393-thread-1] INFO  server.RaftServerConfigKeys (ConfUtils.java:logGet(43)) - raft.server.log.statemachine.data.sync = true (default)
2019-10-14 14:58:36,370 [pool-403-thread-1] INFO  server.RaftServerConfigKeys (ConfUtils.java:logGet(43)) - raft.server.log.queue.element-limit = 1024 (custom)
2019-10-14 14:58:36,371 [pool-393-thread-1] INFO  server.RaftServerConfigKeys (ConfUtils.java:logGet(43)) - raft.server.log.statemachine.data.sync.timeout = 10s (default)
2019-10-14 14:58:36,370 [pool-383-thread-1] INFO  server.RaftServerConfigKeys (ConfUtils.java:logGet(43)) - raft.server.log.segment.size.max = 1048576 (custom)
2019-10-14 14:58:36,371 [pool-393-thread-1] INFO  server.RaftServerConfigKeys (ConfUtils.java:logGet(43)) - raft.server.log.statemachine.data.sync.timeout.retry = -1 (default)
2019-10-14 14:58:36,371 [pool-403-thread-1] INFO  server.RaftServerConfigKeys (ConfUtils.java:logGet(43)) - raft.server.log.segment.size.max = 1048576 (custom)
2019-10-14 14:58:36,371 [pool-393-thread-1] INFO  server.RaftServerConfigKeys (ConfUtils.java:logGet(43)) - raft.server.log.statemachine.data.caching.enabled = true (custom)
2019-10-14 14:58:36,371 [pool-383-thread-1] INFO  server.RaftServerConfigKeys (ConfUtils.java:logGet(43)) - raft.server.log.preallocated.size = 16384 (custom)
2019-10-14 14:58:36,372 [pool-403-thread-1] INFO  server.RaftServerConfigKeys (ConfUtils.java:logGet(43)) - raft.server.log.preallocated.size = 16384 (custom)
2019-10-14 14:58:36,372 [pool-393-thread-1] INFO  segmented.SegmentedRaftLogWorker (SegmentedRaftLogWorker.java:lambda$new$0(128)) - 616f1b99-31a5-45f6-b720-41f2d2e626db@group-EB89E89DFD9D-SegmentedRaftLogWorker: flushIndex: setUnconditionally 0 -> -1
2019-10-14 14:58:36,372 [pool-383-thread-1] INFO  server.RaftServerConfigKeys (ConfUtils.java:logGet(43)) - raft.server.log.write.buffer.size = 33554432 (custom)
2019-10-14 14:58:36,372 [pool-403-thread-1] INFO  server.RaftServerConfigKeys (ConfUtils.java:logGet(43)) - raft.server.log.write.buffer.size = 33554432 (custom)
2019-10-14 14:58:36,372 [pool-393-thread-1] INFO  server.RaftServerConfigKeys (ConfUtils.java:logGet(43)) - raft.server.snapshot.auto.trigger.enabled = true (custom)
2019-10-14 14:58:36,372 [pool-383-thread-1] INFO  server.RaftServerConfigKeys (ConfUtils.java:logGet(43)) - raft.server.log.force.sync.num = 128 (default)
2019-10-14 14:58:36,373 [pool-393-thread-1] INFO  server.RaftServerConfigKeys (ConfUtils.java:logGet(43)) - raft.server.snapshot.auto.trigger.threshold = 10000 (custom)
2019-10-14 14:58:36,372 [pool-403-thread-1] INFO  server.RaftServerConfigKeys (ConfUtils.java:logGet(43)) - raft.server.log.force.sync.num = 128 (default)
2019-10-14 14:58:36,373 [pool-393-thread-1] INFO  server.RaftServerConfigKeys (ConfUtils.java:logGet(43)) - raft.server.snapshot.retention.file.num = 5 (custom)
2019-10-14 14:58:36,373 [pool-383-thread-1] INFO  server.RaftServerConfigKeys (ConfUtils.java:logGet(43)) - raft.server.log.statemachine.data.sync = true (default)
2019-10-14 14:58:36,373 [pool-393-thread-1] INFO  server.RaftServerConfigKeys (ConfUtils.java:logGet(43)) - raft.server.retrycache.expirytime = 600000ms (custom)
2019-10-14 14:58:36,373 [pool-403-thread-1] INFO  server.RaftServerConfigKeys (ConfUtils.java:logGet(43)) - raft.server.log.statemachine.data.sync = true (default)
2019-10-14 14:58:36,373 [pool-383-thread-1] INFO  server.RaftServerConfigKeys (ConfUtils.java:logGet(43)) - raft.server.log.statemachine.data.sync.timeout = 10s (default)
2019-10-14 14:58:36,374 [pool-403-thread-1] INFO  server.RaftServerConfigKeys (ConfUtils.java:logGet(43)) - raft.server.log.statemachine.data.sync.timeout = 10s (default)
2019-10-14 14:58:36,374 [pool-383-thread-1] INFO  server.RaftServerConfigKeys (ConfUtils.java:logGet(43)) - raft.server.log.statemachine.data.sync.timeout.retry = -1 (default)
2019-10-14 14:58:36,374 [pool-403-thread-1] INFO  server.RaftServerConfigKeys (ConfUtils.java:logGet(43)) - raft.server.log.statemachine.data.sync.timeout.retry = -1 (default)
2019-10-14 14:58:36,374 [pool-383-thread-1] INFO  server.RaftServerConfigKeys (ConfUtils.java:logGet(43)) - raft.server.log.statemachine.data.caching.enabled = true (custom)
2019-10-14 14:58:36,374 [pool-403-thread-1] INFO  server.RaftServerConfigKeys (ConfUtils.java:logGet(43)) - raft.server.log.statemachine.data.caching.enabled = true (custom)
2019-10-14 14:58:36,374 [pool-383-thread-1] INFO  segmented.SegmentedRaftLogWorker (SegmentedRaftLogWorker.java:lambda$new$0(128)) - c323476f-5c38-4769-99fb-556cb7798765@group-EB89E89DFD9D-SegmentedRaftLogWorker: flushIndex: setUnconditionally 0 -> -1
2019-10-14 14:58:36,374 [pool-403-thread-1] INFO  segmented.SegmentedRaftLogWorker (SegmentedRaftLogWorker.java:lambda$new$0(128)) - 37a2767d-935e-4cba-a62e-beeeb057370c@group-EB89E89DFD9D-SegmentedRaftLogWorker: flushIndex: setUnconditionally 0 -> -1
2019-10-14 14:58:36,375 [pool-383-thread-1] INFO  server.RaftServerConfigKeys (ConfUtils.java:logGet(43)) - raft.server.snapshot.auto.trigger.enabled = true (custom)
2019-10-14 14:58:36,375 [pool-383-thread-1] INFO  server.RaftServerConfigKeys (ConfUtils.java:logGet(43)) - raft.server.snapshot.auto.trigger.threshold = 10000 (custom)
2019-10-14 14:58:36,375 [pool-403-thread-1] INFO  server.RaftServerConfigKeys (ConfUtils.java:logGet(43)) - raft.server.snapshot.auto.trigger.enabled = true (custom)
2019-10-14 14:58:36,375 [pool-383-thread-1] INFO  server.RaftServerConfigKeys (ConfUtils.java:logGet(43)) - raft.server.snapshot.retention.file.num = 5 (custom)
2019-10-14 14:58:36,375 [pool-403-thread-1] INFO  server.RaftServerConfigKeys (ConfUtils.java:logGet(43)) - raft.server.snapshot.auto.trigger.threshold = 10000 (custom)
2019-10-14 14:58:36,375 [pool-383-thread-1] INFO  server.RaftServerConfigKeys (ConfUtils.java:logGet(43)) - raft.server.retrycache.expirytime = 600000ms (custom)
2019-10-14 14:58:36,375 [pool-403-thread-1] INFO  server.RaftServerConfigKeys (ConfUtils.java:logGet(43)) - raft.server.snapshot.retention.file.num = 5 (custom)
2019-10-14 14:58:36,375 [pool-403-thread-1] INFO  server.RaftServerConfigKeys (ConfUtils.java:logGet(43)) - raft.server.retrycache.expirytime = 600000ms (custom)
2019-10-14 14:58:36,375 [pool-393-thread-1] INFO  impl.RaftServerImpl (RaftServerImpl.java:start(181)) - 616f1b99-31a5-45f6-b720-41f2d2e626db@group-EB89E89DFD9D: start as a follower, conf=-1: [c323476f-5c38-4769-99fb-556cb7798765:192.168.164.216:37657, 616f1b99-31a5-45f6-b720-41f2d2e626db:192.168.164.216:45136, 37a2767d-935e-4cba-a62e-beeeb057370c:192.168.164.216:33344], old=null
2019-10-14 14:58:36,376 [pool-393-thread-1] INFO  impl.RaftServerImpl (RaftServerImpl.java:setRole(170)) - 616f1b99-31a5-45f6-b720-41f2d2e626db@group-EB89E89DFD9D: changes role from      null to FOLLOWER at term 0 for startAsFollower
2019-10-14 14:58:36,376 [pool-393-thread-1] INFO  impl.RoleInfo (RoleInfo.java:updateAndGet(143)) - 616f1b99-31a5-45f6-b720-41f2d2e626db: start FollowerState
2019-10-14 14:58:36,376 [pool-393-thread-1] INFO  util.JmxRegister (JmxRegister.java:tryRegister(44)) - Successfully registered JMX Bean with object name Ratis:service=RaftServer,group=group-EB89E89DFD9D,id=616f1b99-31a5-45f6-b720-41f2d2e626db
2019-10-14 14:58:36,377 [pool-383-thread-1] INFO  impl.RaftServerImpl (RaftServerImpl.java:start(181)) - c323476f-5c38-4769-99fb-556cb7798765@group-EB89E89DFD9D: start as a follower, conf=-1: [c323476f-5c38-4769-99fb-556cb7798765:192.168.164.216:37657, 616f1b99-31a5-45f6-b720-41f2d2e626db:192.168.164.216:45136, 37a2767d-935e-4cba-a62e-beeeb057370c:192.168.164.216:33344], old=null
2019-10-14 14:58:36,377 [pool-383-thread-1] INFO  impl.RaftServerImpl (RaftServerImpl.java:setRole(170)) - c323476f-5c38-4769-99fb-556cb7798765@group-EB89E89DFD9D: changes role from      null to FOLLOWER at term 0 for startAsFollower
2019-10-14 14:58:36,378 [pool-383-thread-1] INFO  impl.RoleInfo (RoleInfo.java:updateAndGet(143)) - c323476f-5c38-4769-99fb-556cb7798765: start FollowerState
2019-10-14 14:58:36,378 [pool-383-thread-1] INFO  util.JmxRegister (JmxRegister.java:tryRegister(44)) - Successfully registered JMX Bean with object name Ratis:service=RaftServer,group=group-EB89E89DFD9D,id=c323476f-5c38-4769-99fb-556cb7798765
2019-10-14 14:58:36,378 [pool-403-thread-1] INFO  impl.RaftServerImpl (RaftServerImpl.java:start(181)) - 37a2767d-935e-4cba-a62e-beeeb057370c@group-EB89E89DFD9D: start as a follower, conf=-1: [c323476f-5c38-4769-99fb-556cb7798765:192.168.164.216:37657, 616f1b99-31a5-45f6-b720-41f2d2e626db:192.168.164.216:45136, 37a2767d-935e-4cba-a62e-beeeb057370c:192.168.164.216:33344], old=null
2019-10-14 14:58:36,378 [pool-403-thread-1] INFO  impl.RaftServerImpl (RaftServerImpl.java:setRole(170)) - 37a2767d-935e-4cba-a62e-beeeb057370c@group-EB89E89DFD9D: changes role from      null to FOLLOWER at term 0 for startAsFollower
2019-10-14 14:58:36,378 [pool-403-thread-1] INFO  impl.RoleInfo (RoleInfo.java:updateAndGet(143)) - 37a2767d-935e-4cba-a62e-beeeb057370c: start FollowerState
2019-10-14 14:58:36,379 [pool-403-thread-1] INFO  util.JmxRegister (JmxRegister.java:tryRegister(44)) - Successfully registered JMX Bean with object name Ratis:service=RaftServer,group=group-EB89E89DFD9D,id=37a2767d-935e-4cba-a62e-beeeb057370c
2019-10-14 14:58:36,396 [RatisPipelineUtilsThread] INFO  pipeline.PipelineStateManager (PipelineStateManager.java:addPipeline(56)) - Created pipeline Pipeline[ Id: ddd34146-84a9-42cf-acd1-eb89e89dfd9d, Nodes: 37a2767d-935e-4cba-a62e-beeeb057370c{ip: 192.168.164.216, host: dev-nightly-20191014-2mv7m-2951356099, networkLocation: /default-rack, certSerialId: null}c323476f-5c38-4769-99fb-556cb7798765{ip: 192.168.164.216, host: dev-nightly-20191014-2mv7m-2951356099, networkLocation: /default-rack, certSerialId: null}616f1b99-31a5-45f6-b720-41f2d2e626db{ip: 192.168.164.216, host: dev-nightly-20191014-2mv7m-2951356099, networkLocation: /default-rack, certSerialId: null}, Type:RATIS, Factor:THREE, State:OPEN]
2019-10-14 14:58:36,434 [IPC Server handler 15 on 43332] INFO  net.NetworkTopology (NetworkTopologyImpl.java:add(111)) - Added a new node: /default-rack/5a2d4283-dcb2-43f2-8472-9072fc048d16
2019-10-14 14:58:36,435 [IPC Server handler 15 on 43332] INFO  node.SCMNodeManager (SCMNodeManager.java:register(268)) - Registered Data node : 5a2d4283-dcb2-43f2-8472-9072fc048d16{ip: 192.168.164.216, host: dev-nightly-20191014-2mv7m-2951356099, networkLocation: /default-rack, certSerialId: null}
2019-10-14 14:58:36,442 [grpc-default-executor-1] INFO  impl.RaftServerProxy (RaftServerProxy.java:addNew(89)) - c0afbdc0-0481-4ab5-b678-8eaf8869b693: addNew group-C6B4DF3B4B6A:[c0afbdc0-0481-4ab5-b678-8eaf8869b693:192.168.164.216:37407] returns group-C6B4DF3B4B6A:java.util.concurrent.CompletableFuture@42df1333[Not completed]
2019-10-14 14:58:36,446 [pool-413-thread-1] INFO  impl.RaftServerImpl (RaftServerImpl.java:<init>(95)) - c0afbdc0-0481-4ab5-b678-8eaf8869b693: new RaftServerImpl for group-C6B4DF3B4B6A:[c0afbdc0-0481-4ab5-b678-8eaf8869b693:192.168.164.216:37407] with ContainerStateMachine:uninitialized
2019-10-14 14:58:36,446 [pool-413-thread-1] INFO  server.RaftServerConfigKeys (ConfUtils.java:logGet(43)) - raft.server.rpc.timeout.min = 5s (custom)
2019-10-14 14:58:36,447 [pool-413-thread-1] INFO  server.RaftServerConfigKeys (ConfUtils.java:logGet(43)) - raft.server.rpc.timeout.max = 5200ms (custom)
2019-10-14 14:58:36,447 [pool-413-thread-1] INFO  server.RaftServerConfigKeys (ConfUtils.java:logGet(43)) - raft.server.rpcslowness.timeout = 120s (custom)
2019-10-14 14:58:36,447 [pool-413-thread-1] INFO  server.RaftServerConfigKeys (ConfUtils.java:logGet(43)) - raft.server.sleep.deviation.threshold = 300 (default)
2019-10-14 14:58:36,447 [pool-413-thread-1] INFO  server.RaftServerConfigKeys (ConfUtils.java:logGet(43)) - raft.server.log.appender.install.snapshot.enabled = false (custom)
2019-10-14 14:58:36,447 [pool-413-thread-1] INFO  impl.RaftServerImpl (ServerState.java:<init>(103)) - c0afbdc0-0481-4ab5-b678-8eaf8869b693@group-C6B4DF3B4B6A: ConfigurationManager, init=-1: [c0afbdc0-0481-4ab5-b678-8eaf8869b693:192.168.164.216:37407], old=null, confs=<EMPTY_MAP>
2019-10-14 14:58:36,447 [pool-413-thread-1] INFO  server.RaftServerConfigKeys (ConfUtils.java:logGet(43)) - raft.server.storage.dir = [/workdir/hadoop-ozone/integration-test/target/test-dir/MiniOzoneClusterImpl-a880bd18-28f5-415e-9d8b-b89ede6c483e/datanode-3/data/ratis] (custom)
2019-10-14 14:58:36,448 [pool-413-thread-1] INFO  server.RaftServerConfigKeys (ConfUtils.java:logGet(43)) - raft.server.log.corruption.policy = EXCEPTION (default)
2019-10-14 14:58:36,448 [pool-413-thread-1] INFO  storage.RaftStorageDirectory (RaftStorageDirectory.java:analyzeStorage(246)) - The storage directory /workdir/hadoop-ozone/integration-test/target/test-dir/MiniOzoneClusterImpl-a880bd18-28f5-415e-9d8b-b89ede6c483e/datanode-3/data/ratis/01d74ac2-9785-4f88-858c-c6b4df3b4b6a does not exist. Creating ...
2019-10-14 14:58:36,469 [pool-413-thread-1] INFO  storage.RaftStorageDirectory (RaftStorageDirectory.java:tryLock(328)) - Lock on /workdir/hadoop-ozone/integration-test/target/test-dir/MiniOzoneClusterImpl-a880bd18-28f5-415e-9d8b-b89ede6c483e/datanode-3/data/ratis/01d74ac2-9785-4f88-858c-c6b4df3b4b6a/in_use.lock acquired by nodename 16817@dev-nightly-20191014-2mv7m-2951356099
2019-10-14 14:58:36,494 [pool-413-thread-1] INFO  storage.RaftStorage (RaftStorage.java:format(84)) - Storage directory /workdir/hadoop-ozone/integration-test/target/test-dir/MiniOzoneClusterImpl-a880bd18-28f5-415e-9d8b-b89ede6c483e/datanode-3/data/ratis/01d74ac2-9785-4f88-858c-c6b4df3b4b6a has been successfully formatted.
2019-10-14 14:58:36,495 [pool-413-thread-1] INFO  ratis.ContainerStateMachine (ContainerStateMachine.java:loadSnapshot(231)) - group-C6B4DF3B4B6A: The snapshot info is null. Setting the last applied indexto:(t:0, i:~)
2019-10-14 14:58:36,495 [pool-413-thread-1] INFO  server.RaftServerConfigKeys (ConfUtils.java:logGet(43)) - raft.server.notification.no-leader.timeout = 120s (custom)
2019-10-14 14:58:36,495 [pool-413-thread-1] INFO  server.RaftServerConfigKeys (ConfUtils.java:logGet(43)) - raft.server.log.use.memory = false (default)
2019-10-14 14:58:36,495 [pool-413-thread-1] INFO  server.RaftServerConfigKeys (ConfUtils.java:logGet(43)) - raft.server.log.purge.gap = 1000000 (custom)
2019-10-14 14:58:36,496 [pool-413-thread-1] INFO  server.RaftServerConfigKeys (ConfUtils.java:logGet(43)) - raft.server.log.appender.buffer.byte-limit = 33554432 (custom)
2019-10-14 14:58:36,496 [pool-413-thread-1] INFO  server.RaftServerConfigKeys (ConfUtils.java:logGet(43)) - raft.server.log.segment.size.max = 1048576 (custom)
2019-10-14 14:58:36,498 [pool-413-thread-1] INFO  server.RaftServerConfigKeys (ConfUtils.java:logGet(43)) - raft.server.log.segment.cache.num.max = 2 (custom)
2019-10-14 14:58:36,499 [pool-413-thread-1] INFO  segmented.SegmentedRaftLogWorker (SegmentedRaftLogWorker.java:<init>(173)) - new c0afbdc0-0481-4ab5-b678-8eaf8869b693@group-C6B4DF3B4B6A-SegmentedRaftLogWorker for RaftStorage:Storage Directory /workdir/hadoop-ozone/integration-test/target/test-dir/MiniOzoneClusterImpl-a880bd18-28f5-415e-9d8b-b89ede6c483e/datanode-3/data/ratis/01d74ac2-9785-4f88-858c-c6b4df3b4b6a
2019-10-14 14:58:36,499 [pool-413-thread-1] INFO  server.RaftServerConfigKeys (ConfUtils.java:logGet(43)) - raft.server.log.queue.byte-limit = 2147483647 (custom)
2019-10-14 14:58:36,499 [pool-413-thread-1] INFO  server.RaftServerConfigKeys (ConfUtils.java:logGet(43)) - raft.server.log.queue.element-limit = 1024 (custom)
2019-10-14 14:58:36,499 [pool-413-thread-1] INFO  server.RaftServerConfigKeys (ConfUtils.java:logGet(43)) - raft.server.log.segment.size.max = 1048576 (custom)
2019-10-14 14:58:36,499 [pool-413-thread-1] INFO  server.RaftServerConfigKeys (ConfUtils.java:logGet(43)) - raft.server.log.preallocated.size = 16384 (custom)
2019-10-14 14:58:36,500 [pool-413-thread-1] INFO  server.RaftServerConfigKeys (ConfUtils.java:logGet(43)) - raft.server.log.write.buffer.size = 33554432 (custom)
2019-10-14 14:58:36,500 [pool-413-thread-1] INFO  server.RaftServerConfigKeys (ConfUtils.java:logGet(43)) - raft.server.log.force.sync.num = 128 (default)
2019-10-14 14:58:36,500 [pool-413-thread-1] INFO  server.RaftServerConfigKeys (ConfUtils.java:logGet(43)) - raft.server.log.statemachine.data.sync = true (default)
2019-10-14 14:58:36,500 [pool-413-thread-1] INFO  server.RaftServerConfigKeys (ConfUtils.java:logGet(43)) - raft.server.log.statemachine.data.sync.timeout = 10s (default)
2019-10-14 14:58:36,500 [pool-413-thread-1] INFO  server.RaftServerConfigKeys (ConfUtils.java:logGet(43)) - raft.server.log.statemachine.data.sync.timeout.retry = -1 (default)
2019-10-14 14:58:36,501 [pool-413-thread-1] INFO  server.RaftServerConfigKeys (ConfUtils.java:logGet(43)) - raft.server.log.statemachine.data.caching.enabled = true (custom)
2019-10-14 14:58:36,501 [pool-413-thread-1] INFO  segmented.SegmentedRaftLogWorker (SegmentedRaftLogWorker.java:lambda$new$0(128)) - c0afbdc0-0481-4ab5-b678-8eaf8869b693@group-C6B4DF3B4B6A-SegmentedRaftLogWorker: flushIndex: setUnconditionally 0 -> -1
2019-10-14 14:58:36,502 [pool-413-thread-1] INFO  server.RaftServerConfigKeys (ConfUtils.java:logGet(43)) - raft.server.snapshot.auto.trigger.enabled = true (custom)
2019-10-14 14:58:36,502 [pool-413-thread-1] INFO  server.RaftServerConfigKeys (ConfUtils.java:logGet(43)) - raft.server.snapshot.auto.trigger.threshold = 10000 (custom)
2019-10-14 14:58:36,502 [pool-413-thread-1] INFO  server.RaftServerConfigKeys (ConfUtils.java:logGet(43)) - raft.server.snapshot.retention.file.num = 5 (custom)
2019-10-14 14:58:36,503 [pool-413-thread-1] INFO  server.RaftServerConfigKeys (ConfUtils.java:logGet(43)) - raft.server.retrycache.expirytime = 600000ms (custom)
2019-10-14 14:58:36,506 [pool-413-thread-1] INFO  impl.RaftServerImpl (RaftServerImpl.java:start(181)) - c0afbdc0-0481-4ab5-b678-8eaf8869b693@group-C6B4DF3B4B6A: start as a follower, conf=-1: [c0afbdc0-0481-4ab5-b678-8eaf8869b693:192.168.164.216:37407], old=null
2019-10-14 14:58:36,506 [pool-413-thread-1] INFO  impl.RaftServerImpl (RaftServerImpl.java:setRole(170)) - c0afbdc0-0481-4ab5-b678-8eaf8869b693@group-C6B4DF3B4B6A: changes role from      null to FOLLOWER at term 0 for startAsFollower
2019-10-14 14:58:36,506 [pool-413-thread-1] INFO  impl.RoleInfo (RoleInfo.java:updateAndGet(143)) - c0afbdc0-0481-4ab5-b678-8eaf8869b693: start FollowerState
2019-10-14 14:58:36,507 [pool-413-thread-1] INFO  util.JmxRegister (JmxRegister.java:tryRegister(44)) - Successfully registered JMX Bean with object name Ratis:service=RaftServer,group=group-C6B4DF3B4B6A,id=c0afbdc0-0481-4ab5-b678-8eaf8869b693
2019-10-14 14:58:36,517 [RatisPipelineUtilsThread] INFO  pipeline.PipelineStateManager (PipelineStateManager.java:addPipeline(56)) - Created pipeline Pipeline[ Id: 01d74ac2-9785-4f88-858c-c6b4df3b4b6a, Nodes: c0afbdc0-0481-4ab5-b678-8eaf8869b693{ip: 192.168.164.216, host: dev-nightly-20191014-2mv7m-2951356099, networkLocation: /default-rack, certSerialId: null}, Type:RATIS, Factor:ONE, State:OPEN]
2019-10-14 14:58:36,525 [grpc-default-executor-1] INFO  impl.RaftServerProxy (RaftServerProxy.java:addNew(89)) - 5a2d4283-dcb2-43f2-8472-9072fc048d16: addNew group-0C9B90643A56:[5a2d4283-dcb2-43f2-8472-9072fc048d16:192.168.164.216:46032] returns group-0C9B90643A56:java.util.concurrent.CompletableFuture@7313cd17[Not completed]
2019-10-14 14:58:36,527 [pool-423-thread-1] INFO  impl.RaftServerImpl (RaftServerImpl.java:<init>(95)) - 5a2d4283-dcb2-43f2-8472-9072fc048d16: new RaftServerImpl for group-0C9B90643A56:[5a2d4283-dcb2-43f2-8472-9072fc048d16:192.168.164.216:46032] with ContainerStateMachine:uninitialized
2019-10-14 14:58:36,527 [pool-423-thread-1] INFO  server.RaftServerConfigKeys (ConfUtils.java:logGet(43)) - raft.server.rpc.timeout.min = 5s (custom)
2019-10-14 14:58:36,527 [pool-423-thread-1] INFO  server.RaftServerConfigKeys (ConfUtils.java:logGet(43)) - raft.server.rpc.timeout.max = 5200ms (custom)
2019-10-14 14:58:36,527 [pool-423-thread-1] INFO  server.RaftServerConfigKeys (ConfUtils.java:logGet(43)) - raft.server.rpcslowness.timeout = 120s (custom)
2019-10-14 14:58:36,527 [pool-423-thread-1] INFO  server.RaftServerConfigKeys (ConfUtils.java:logGet(43)) - raft.server.sleep.deviation.threshold = 300 (default)
2019-10-14 14:58:36,527 [pool-423-thread-1] INFO  server.RaftServerConfigKeys (ConfUtils.java:logGet(43)) - raft.server.log.appender.install.snapshot.enabled = false (custom)
2019-10-14 14:58:36,527 [pool-423-thread-1] INFO  impl.RaftServerImpl (ServerState.java:<init>(103)) - 5a2d4283-dcb2-43f2-8472-9072fc048d16@group-0C9B90643A56: ConfigurationManager, init=-1: [5a2d4283-dcb2-43f2-8472-9072fc048d16:192.168.164.216:46032], old=null, confs=<EMPTY_MAP>
2019-10-14 14:58:36,528 [pool-423-thread-1] INFO  server.RaftServerConfigKeys (ConfUtils.java:logGet(43)) - raft.server.storage.dir = [/workdir/hadoop-ozone/integration-test/target/test-dir/MiniOzoneClusterImpl-a880bd18-28f5-415e-9d8b-b89ede6c483e/datanode-4/data/ratis] (custom)
2019-10-14 14:58:36,528 [pool-423-thread-1] INFO  server.RaftServerConfigKeys (ConfUtils.java:logGet(43)) - raft.server.log.corruption.policy = EXCEPTION (default)
2019-10-14 14:58:36,528 [pool-423-thread-1] INFO  storage.RaftStorageDirectory (RaftStorageDirectory.java:analyzeStorage(246)) - The storage directory /workdir/hadoop-ozone/integration-test/target/test-dir/MiniOzoneClusterImpl-a880bd18-28f5-415e-9d8b-b89ede6c483e/datanode-4/data/ratis/fe4ff0df-8929-4462-9e92-0c9b90643a56 does not exist. Creating ...
2019-10-14 14:58:36,531 [IPC Server handler 14 on 43332] INFO  net.NetworkTopology (NetworkTopologyImpl.java:add(111)) - Added a new node: /default-rack/d6f6fde8-d674-482a-b318-645e2d559205
2019-10-14 14:58:36,531 [IPC Server handler 14 on 43332] INFO  node.SCMNodeManager (SCMNodeManager.java:register(268)) - Registered Data node : d6f6fde8-d674-482a-b318-645e2d559205{ip: 192.168.164.216, host: dev-nightly-20191014-2mv7m-2951356099, networkLocation: /default-rack, certSerialId: null}
2019-10-14 14:58:36,551 [pool-423-thread-1] INFO  storage.RaftStorageDirectory (RaftStorageDirectory.java:tryLock(328)) - Lock on /workdir/hadoop-ozone/integration-test/target/test-dir/MiniOzoneClusterImpl-a880bd18-28f5-415e-9d8b-b89ede6c483e/datanode-4/data/ratis/fe4ff0df-8929-4462-9e92-0c9b90643a56/in_use.lock acquired by nodename 16817@dev-nightly-20191014-2mv7m-2951356099
2019-10-14 14:58:36,574 [pool-423-thread-1] INFO  storage.RaftStorage (RaftStorage.java:format(84)) - Storage directory /workdir/hadoop-ozone/integration-test/target/test-dir/MiniOzoneClusterImpl-a880bd18-28f5-415e-9d8b-b89ede6c483e/datanode-4/data/ratis/fe4ff0df-8929-4462-9e92-0c9b90643a56 has been successfully formatted.
2019-10-14 14:58:36,574 [pool-423-thread-1] INFO  ratis.ContainerStateMachine (ContainerStateMachine.java:loadSnapshot(231)) - group-0C9B90643A56: The snapshot info is null. Setting the last applied indexto:(t:0, i:~)
2019-10-14 14:58:36,574 [pool-423-thread-1] INFO  server.RaftServerConfigKeys (ConfUtils.java:logGet(43)) - raft.server.notification.no-leader.timeout = 120s (custom)
2019-10-14 14:58:36,575 [pool-423-thread-1] INFO  server.RaftServerConfigKeys (ConfUtils.java:logGet(43)) - raft.server.log.use.memory = false (default)
2019-10-14 14:58:36,575 [pool-423-thread-1] INFO  server.RaftServerConfigKeys (ConfUtils.java:logGet(43)) - raft.server.log.purge.gap = 1000000 (custom)
2019-10-14 14:58:36,575 [pool-423-thread-1] INFO  server.RaftServerConfigKeys (ConfUtils.java:logGet(43)) - raft.server.log.appender.buffer.byte-limit = 33554432 (custom)
2019-10-14 14:58:36,575 [pool-423-thread-1] INFO  server.RaftServerConfigKeys (ConfUtils.java:logGet(43)) - raft.server.log.segment.size.max = 1048576 (custom)
2019-10-14 14:58:36,577 [pool-423-thread-1] INFO  server.RaftServerConfigKeys (ConfUtils.java:logGet(43)) - raft.server.log.segment.cache.num.max = 2 (custom)
2019-10-14 14:58:36,577 [pool-423-thread-1] INFO  segmented.SegmentedRaftLogWorker (SegmentedRaftLogWorker.java:<init>(173)) - new 5a2d4283-dcb2-43f2-8472-9072fc048d16@group-0C9B90643A56-SegmentedRaftLogWorker for RaftStorage:Storage Directory /workdir/hadoop-ozone/integration-test/target/test-dir/MiniOzoneClusterImpl-a880bd18-28f5-415e-9d8b-b89ede6c483e/datanode-4/data/ratis/fe4ff0df-8929-4462-9e92-0c9b90643a56
2019-10-14 14:58:36,577 [pool-423-thread-1] INFO  server.RaftServerConfigKeys (ConfUtils.java:logGet(43)) - raft.server.log.queue.byte-limit = 2147483647 (custom)
2019-10-14 14:58:36,577 [pool-423-thread-1] INFO  server.RaftServerConfigKeys (ConfUtils.java:logGet(43)) - raft.server.log.queue.element-limit = 1024 (custom)
2019-10-14 14:58:36,577 [pool-423-thread-1] INFO  server.RaftServerConfigKeys (ConfUtils.java:logGet(43)) - raft.server.log.segment.size.max = 1048576 (custom)
2019-10-14 14:58:36,577 [pool-423-thread-1] INFO  server.RaftServerConfigKeys (ConfUtils.java:logGet(43)) - raft.server.log.preallocated.size = 16384 (custom)
2019-10-14 14:58:36,578 [pool-423-thread-1] INFO  server.RaftServerConfigKeys (ConfUtils.java:logGet(43)) - raft.server.log.write.buffer.size = 33554432 (custom)
2019-10-14 14:58:36,578 [pool-423-thread-1] INFO  server.RaftServerConfigKeys (ConfUtils.java:logGet(43)) - raft.server.log.force.sync.num = 128 (default)
2019-10-14 14:58:36,578 [pool-423-thread-1] INFO  server.RaftServerConfigKeys (ConfUtils.java:logGet(43)) - raft.server.log.statemachine.data.sync = true (default)
2019-10-14 14:58:36,578 [pool-423-thread-1] INFO  server.RaftServerConfigKeys (ConfUtils.java:logGet(43)) - raft.server.log.statemachine.data.sync.timeout = 10s (default)
2019-10-14 14:58:36,578 [pool-423-thread-1] INFO  server.RaftServerConfigKeys (ConfUtils.java:logGet(43)) - raft.server.log.statemachine.data.sync.timeout.retry = -1 (default)
2019-10-14 14:58:36,579 [pool-423-thread-1] INFO  server.RaftServerConfigKeys (ConfUtils.java:logGet(43)) - raft.server.log.statemachine.data.caching.enabled = true (custom)
2019-10-14 14:58:36,579 [pool-423-thread-1] INFO  segmented.SegmentedRaftLogWorker (SegmentedRaftLogWorker.java:lambda$new$0(128)) - 5a2d4283-dcb2-43f2-8472-9072fc048d16@group-0C9B90643A56-SegmentedRaftLogWorker: flushIndex: setUnconditionally 0 -> -1
2019-10-14 14:58:36,579 [pool-423-thread-1] INFO  server.RaftServerConfigKeys (ConfUtils.java:logGet(43)) - raft.server.snapshot.auto.trigger.enabled = true (custom)
2019-10-14 14:58:36,579 [pool-423-thread-1] INFO  server.RaftServerConfigKeys (ConfUtils.java:logGet(43)) - raft.server.snapshot.auto.trigger.threshold = 10000 (custom)
2019-10-14 14:58:36,580 [pool-423-thread-1] INFO  server.RaftServerConfigKeys (ConfUtils.java:logGet(43)) - raft.server.snapshot.retention.file.num = 5 (custom)
2019-10-14 14:58:36,580 [pool-423-thread-1] INFO  server.RaftServerConfigKeys (ConfUtils.java:logGet(43)) - raft.server.retrycache.expirytime = 600000ms (custom)
2019-10-14 14:58:36,581 [pool-423-thread-1] INFO  impl.RaftServerImpl (RaftServerImpl.java:start(181)) - 5a2d4283-dcb2-43f2-8472-9072fc048d16@group-0C9B90643A56: start as a follower, conf=-1: [5a2d4283-dcb2-43f2-8472-9072fc048d16:192.168.164.216:46032], old=null
2019-10-14 14:58:36,581 [pool-423-thread-1] INFO  impl.RaftServerImpl (RaftServerImpl.java:setRole(170)) - 5a2d4283-dcb2-43f2-8472-9072fc048d16@group-0C9B90643A56: changes role from      null to FOLLOWER at term 0 for startAsFollower
2019-10-14 14:58:36,582 [pool-423-thread-1] INFO  impl.RoleInfo (RoleInfo.java:updateAndGet(143)) - 5a2d4283-dcb2-43f2-8472-9072fc048d16: start FollowerState
2019-10-14 14:58:36,582 [pool-423-thread-1] INFO  util.JmxRegister (JmxRegister.java:tryRegister(44)) - Successfully registered JMX Bean with object name Ratis:service=RaftServer,group=group-0C9B90643A56,id=5a2d4283-dcb2-43f2-8472-9072fc048d16
2019-10-14 14:58:36,591 [RatisPipelineUtilsThread] INFO  pipeline.PipelineStateManager (PipelineStateManager.java:addPipeline(56)) - Created pipeline Pipeline[ Id: fe4ff0df-8929-4462-9e92-0c9b90643a56, Nodes: 5a2d4283-dcb2-43f2-8472-9072fc048d16{ip: 192.168.164.216, host: dev-nightly-20191014-2mv7m-2951356099, networkLocation: /default-rack, certSerialId: null}, Type:RATIS, Factor:ONE, State:OPEN]
2019-10-14 14:58:36,600 [grpc-default-executor-1] INFO  impl.RaftServerProxy (RaftServerProxy.java:addNew(89)) - d6f6fde8-d674-482a-b318-645e2d559205: addNew group-4C0E17447E07:[d6f6fde8-d674-482a-b318-645e2d559205:192.168.164.216:34908] returns group-4C0E17447E07:java.util.concurrent.CompletableFuture@7e147472[Not completed]
2019-10-14 14:58:36,602 [pool-433-thread-1] INFO  impl.RaftServerImpl (RaftServerImpl.java:<init>(95)) - d6f6fde8-d674-482a-b318-645e2d559205: new RaftServerImpl for group-4C0E17447E07:[d6f6fde8-d674-482a-b318-645e2d559205:192.168.164.216:34908] with ContainerStateMachine:uninitialized
2019-10-14 14:58:36,602 [pool-433-thread-1] INFO  server.RaftServerConfigKeys (ConfUtils.java:logGet(43)) - raft.server.rpc.timeout.min = 5s (custom)
2019-10-14 14:58:36,602 [pool-433-thread-1] INFO  server.RaftServerConfigKeys (ConfUtils.java:logGet(43)) - raft.server.rpc.timeout.max = 5200ms (custom)
2019-10-14 14:58:36,602 [pool-433-thread-1] INFO  server.RaftServerConfigKeys (ConfUtils.java:logGet(43)) - raft.server.rpcslowness.timeout = 120s (custom)
2019-10-14 14:58:36,602 [pool-433-thread-1] INFO  server.RaftServerConfigKeys (ConfUtils.java:logGet(43)) - raft.server.sleep.deviation.threshold = 300 (default)
2019-10-14 14:58:36,602 [pool-433-thread-1] INFO  server.RaftServerConfigKeys (ConfUtils.java:logGet(43)) - raft.server.log.appender.install.snapshot.enabled = false (custom)
2019-10-14 14:58:36,602 [pool-433-thread-1] INFO  impl.RaftServerImpl (ServerState.java:<init>(103)) - d6f6fde8-d674-482a-b318-645e2d559205@group-4C0E17447E07: ConfigurationManager, init=-1: [d6f6fde8-d674-482a-b318-645e2d559205:192.168.164.216:34908], old=null, confs=<EMPTY_MAP>
2019-10-14 14:58:36,603 [pool-433-thread-1] INFO  server.RaftServerConfigKeys (ConfUtils.java:logGet(43)) - raft.server.storage.dir = [/workdir/hadoop-ozone/integration-test/target/test-dir/MiniOzoneClusterImpl-a880bd18-28f5-415e-9d8b-b89ede6c483e/datanode-5/data/ratis] (custom)
2019-10-14 14:58:36,603 [pool-433-thread-1] INFO  server.RaftServerConfigKeys (ConfUtils.java:logGet(43)) - raft.server.log.corruption.policy = EXCEPTION (default)
2019-10-14 14:58:36,603 [pool-433-thread-1] INFO  storage.RaftStorageDirectory (RaftStorageDirectory.java:analyzeStorage(246)) - The storage directory /workdir/hadoop-ozone/integration-test/target/test-dir/MiniOzoneClusterImpl-a880bd18-28f5-415e-9d8b-b89ede6c483e/datanode-5/data/ratis/d0a6b414-11d9-4af0-93e9-4c0e17447e07 does not exist. Creating ...
2019-10-14 14:58:36,635 [pool-433-thread-1] INFO  storage.RaftStorageDirectory (RaftStorageDirectory.java:tryLock(328)) - Lock on /workdir/hadoop-ozone/integration-test/target/test-dir/MiniOzoneClusterImpl-a880bd18-28f5-415e-9d8b-b89ede6c483e/datanode-5/data/ratis/d0a6b414-11d9-4af0-93e9-4c0e17447e07/in_use.lock acquired by nodename 16817@dev-nightly-20191014-2mv7m-2951356099
2019-10-14 14:58:36,653 [main] INFO  ozone.MiniOzoneClusterImpl (MiniOzoneClusterImpl.java:lambda$waitForClusterToBeReady$0(147)) - Waiting for cluster to be ready. Got 6 of 7 DN Heartbeats.
2019-10-14 14:58:36,654 [IPC Server handler 11 on 43332] INFO  net.NetworkTopology (NetworkTopologyImpl.java:add(111)) - Added a new node: /default-rack/0b0d1bbd-b58f-4af7-b1df-4030fe93550a
2019-10-14 14:58:36,655 [IPC Server handler 11 on 43332] INFO  node.SCMNodeManager (SCMNodeManager.java:register(268)) - Registered Data node : 0b0d1bbd-b58f-4af7-b1df-4030fe93550a{ip: 192.168.164.216, host: dev-nightly-20191014-2mv7m-2951356099, networkLocation: /default-rack, certSerialId: null}
2019-10-14 14:58:36,658 [pool-433-thread-1] INFO  storage.RaftStorage (RaftStorage.java:format(84)) - Storage directory /workdir/hadoop-ozone/integration-test/target/test-dir/MiniOzoneClusterImpl-a880bd18-28f5-415e-9d8b-b89ede6c483e/datanode-5/data/ratis/d0a6b414-11d9-4af0-93e9-4c0e17447e07 has been successfully formatted.
2019-10-14 14:58:36,659 [pool-433-thread-1] INFO  ratis.ContainerStateMachine (ContainerStateMachine.java:loadSnapshot(231)) - group-4C0E17447E07: The snapshot info is null. Setting the last applied indexto:(t:0, i:~)
2019-10-14 14:58:36,659 [pool-433-thread-1] INFO  server.RaftServerConfigKeys (ConfUtils.java:logGet(43)) - raft.server.notification.no-leader.timeout = 120s (custom)
2019-10-14 14:58:36,659 [pool-433-thread-1] INFO  server.RaftServerConfigKeys (ConfUtils.java:logGet(43)) - raft.server.log.use.memory = false (default)
2019-10-14 14:58:36,659 [pool-433-thread-1] INFO  server.RaftServerConfigKeys (ConfUtils.java:logGet(43)) - raft.server.log.purge.gap = 1000000 (custom)
2019-10-14 14:58:36,659 [pool-433-thread-1] INFO  server.RaftServerConfigKeys (ConfUtils.java:logGet(43)) - raft.server.log.appender.buffer.byte-limit = 33554432 (custom)
2019-10-14 14:58:36,659 [pool-433-thread-1] INFO  server.RaftServerConfigKeys (ConfUtils.java:logGet(43)) - raft.server.log.segment.size.max = 1048576 (custom)
2019-10-14 14:58:36,661 [pool-433-thread-1] INFO  server.RaftServerConfigKeys (ConfUtils.java:logGet(43)) - raft.server.log.segment.cache.num.max = 2 (custom)
2019-10-14 14:58:36,661 [pool-433-thread-1] INFO  segmented.SegmentedRaftLogWorker (SegmentedRaftLogWorker.java:<init>(173)) - new d6f6fde8-d674-482a-b318-645e2d559205@group-4C0E17447E07-SegmentedRaftLogWorker for RaftStorage:Storage Directory /workdir/hadoop-ozone/integration-test/target/test-dir/MiniOzoneClusterImpl-a880bd18-28f5-415e-9d8b-b89ede6c483e/datanode-5/data/ratis/d0a6b414-11d9-4af0-93e9-4c0e17447e07
2019-10-14 14:58:36,661 [pool-433-thread-1] INFO  server.RaftServerConfigKeys (ConfUtils.java:logGet(43)) - raft.server.log.queue.byte-limit = 2147483647 (custom)
2019-10-14 14:58:36,662 [pool-433-thread-1] INFO  server.RaftServerConfigKeys (ConfUtils.java:logGet(43)) - raft.server.log.queue.element-limit = 1024 (custom)
2019-10-14 14:58:36,662 [pool-433-thread-1] INFO  server.RaftServerConfigKeys (ConfUtils.java:logGet(43)) - raft.server.log.segment.size.max = 1048576 (custom)
2019-10-14 14:58:36,662 [pool-433-thread-1] INFO  server.RaftServerConfigKeys (ConfUtils.java:logGet(43)) - raft.server.log.preallocated.size = 16384 (custom)
2019-10-14 14:58:36,662 [pool-433-thread-1] INFO  server.RaftServerConfigKeys (ConfUtils.java:logGet(43)) - raft.server.log.write.buffer.size = 33554432 (custom)
2019-10-14 14:58:36,662 [pool-433-thread-1] INFO  server.RaftServerConfigKeys (ConfUtils.java:logGet(43)) - raft.server.log.force.sync.num = 128 (default)
2019-10-14 14:58:36,662 [pool-433-thread-1] INFO  server.RaftServerConfigKeys (ConfUtils.java:logGet(43)) - raft.server.log.statemachine.data.sync = true (default)
2019-10-14 14:58:36,662 [pool-433-thread-1] INFO  server.RaftServerConfigKeys (ConfUtils.java:logGet(43)) - raft.server.log.statemachine.data.sync.timeout = 10s (default)
2019-10-14 14:58:36,663 [pool-433-thread-1] INFO  server.RaftServerConfigKeys (ConfUtils.java:logGet(43)) - raft.server.log.statemachine.data.sync.timeout.retry = -1 (default)
2019-10-14 14:58:36,663 [pool-433-thread-1] INFO  server.RaftServerConfigKeys (ConfUtils.java:logGet(43)) - raft.server.log.statemachine.data.caching.enabled = true (custom)
2019-10-14 14:58:36,663 [pool-433-thread-1] INFO  segmented.SegmentedRaftLogWorker (SegmentedRaftLogWorker.java:lambda$new$0(128)) - d6f6fde8-d674-482a-b318-645e2d559205@group-4C0E17447E07-SegmentedRaftLogWorker: flushIndex: setUnconditionally 0 -> -1
2019-10-14 14:58:36,663 [pool-433-thread-1] INFO  server.RaftServerConfigKeys (ConfUtils.java:logGet(43)) - raft.server.snapshot.auto.trigger.enabled = true (custom)
2019-10-14 14:58:36,664 [pool-433-thread-1] INFO  server.RaftServerConfigKeys (ConfUtils.java:logGet(43)) - raft.server.snapshot.auto.trigger.threshold = 10000 (custom)
2019-10-14 14:58:36,664 [pool-433-thread-1] INFO  server.RaftServerConfigKeys (ConfUtils.java:logGet(43)) - raft.server.snapshot.retention.file.num = 5 (custom)
2019-10-14 14:58:36,664 [pool-433-thread-1] INFO  server.RaftServerConfigKeys (ConfUtils.java:logGet(43)) - raft.server.retrycache.expirytime = 600000ms (custom)
2019-10-14 14:58:36,666 [pool-433-thread-1] INFO  impl.RaftServerImpl (RaftServerImpl.java:start(181)) - d6f6fde8-d674-482a-b318-645e2d559205@group-4C0E17447E07: start as a follower, conf=-1: [d6f6fde8-d674-482a-b318-645e2d559205:192.168.164.216:34908], old=null
2019-10-14 14:58:36,666 [pool-433-thread-1] INFO  impl.RaftServerImpl (RaftServerImpl.java:setRole(170)) - d6f6fde8-d674-482a-b318-645e2d559205@group-4C0E17447E07: changes role from      null to FOLLOWER at term 0 for startAsFollower
2019-10-14 14:58:36,666 [pool-433-thread-1] INFO  impl.RoleInfo (RoleInfo.java:updateAndGet(143)) - d6f6fde8-d674-482a-b318-645e2d559205: start FollowerState
2019-10-14 14:58:36,666 [pool-433-thread-1] INFO  util.JmxRegister (JmxRegister.java:tryRegister(44)) - Successfully registered JMX Bean with object name Ratis:service=RaftServer,group=group-4C0E17447E07,id=d6f6fde8-d674-482a-b318-645e2d559205
2019-10-14 14:58:36,675 [RatisPipelineUtilsThread] INFO  pipeline.PipelineStateManager (PipelineStateManager.java:addPipeline(56)) - Created pipeline Pipeline[ Id: d0a6b414-11d9-4af0-93e9-4c0e17447e07, Nodes: d6f6fde8-d674-482a-b318-645e2d559205{ip: 192.168.164.216, host: dev-nightly-20191014-2mv7m-2951356099, networkLocation: /default-rack, certSerialId: null}, Type:RATIS, Factor:ONE, State:OPEN]
2019-10-14 14:58:36,684 [grpc-default-executor-1] INFO  impl.RaftServerProxy (RaftServerProxy.java:addNew(89)) - 0b0d1bbd-b58f-4af7-b1df-4030fe93550a: addNew group-4145A9D62DBF:[0b0d1bbd-b58f-4af7-b1df-4030fe93550a:192.168.164.216:39042] returns group-4145A9D62DBF:java.util.concurrent.CompletableFuture@719b518c[Not completed]
2019-10-14 14:58:36,686 [pool-443-thread-1] INFO  impl.RaftServerImpl (RaftServerImpl.java:<init>(95)) - 0b0d1bbd-b58f-4af7-b1df-4030fe93550a: new RaftServerImpl for group-4145A9D62DBF:[0b0d1bbd-b58f-4af7-b1df-4030fe93550a:192.168.164.216:39042] with ContainerStateMachine:uninitialized
2019-10-14 14:58:36,686 [pool-443-thread-1] INFO  server.RaftServerConfigKeys (ConfUtils.java:logGet(43)) - raft.server.rpc.timeout.min = 5s (custom)
2019-10-14 14:58:36,686 [pool-443-thread-1] INFO  server.RaftServerConfigKeys (ConfUtils.java:logGet(43)) - raft.server.rpc.timeout.max = 5200ms (custom)
2019-10-14 14:58:36,686 [pool-443-thread-1] INFO  server.RaftServerConfigKeys (ConfUtils.java:logGet(43)) - raft.server.rpcslowness.timeout = 120s (custom)
2019-10-14 14:58:36,686 [pool-443-thread-1] INFO  server.RaftServerConfigKeys (ConfUtils.java:logGet(43)) - raft.server.sleep.deviation.threshold = 300 (default)
2019-10-14 14:58:36,686 [pool-443-thread-1] INFO  server.RaftServerConfigKeys (ConfUtils.java:logGet(43)) - raft.server.log.appender.install.snapshot.enabled = false (custom)
2019-10-14 14:58:36,686 [pool-443-thread-1] INFO  impl.RaftServerImpl (ServerState.java:<init>(103)) - 0b0d1bbd-b58f-4af7-b1df-4030fe93550a@group-4145A9D62DBF: ConfigurationManager, init=-1: [0b0d1bbd-b58f-4af7-b1df-4030fe93550a:192.168.164.216:39042], old=null, confs=<EMPTY_MAP>
2019-10-14 14:58:36,687 [pool-443-thread-1] INFO  server.RaftServerConfigKeys (ConfUtils.java:logGet(43)) - raft.server.storage.dir = [/workdir/hadoop-ozone/integration-test/target/test-dir/MiniOzoneClusterImpl-a880bd18-28f5-415e-9d8b-b89ede6c483e/datanode-6/data/ratis] (custom)
2019-10-14 14:58:36,687 [pool-443-thread-1] INFO  server.RaftServerConfigKeys (ConfUtils.java:logGet(43)) - raft.server.log.corruption.policy = EXCEPTION (default)
2019-10-14 14:58:36,687 [pool-443-thread-1] INFO  storage.RaftStorageDirectory (RaftStorageDirectory.java:analyzeStorage(246)) - The storage directory /workdir/hadoop-ozone/integration-test/target/test-dir/MiniOzoneClusterImpl-a880bd18-28f5-415e-9d8b-b89ede6c483e/datanode-6/data/ratis/b659b3d2-5a99-48bb-8587-4145a9d62dbf does not exist. Creating ...
2019-10-14 14:58:36,710 [pool-443-thread-1] INFO  storage.RaftStorageDirectory (RaftStorageDirectory.java:tryLock(328)) - Lock on /workdir/hadoop-ozone/integration-test/target/test-dir/MiniOzoneClusterImpl-a880bd18-28f5-415e-9d8b-b89ede6c483e/datanode-6/data/ratis/b659b3d2-5a99-48bb-8587-4145a9d62dbf/in_use.lock acquired by nodename 16817@dev-nightly-20191014-2mv7m-2951356099
2019-10-14 14:58:36,734 [pool-443-thread-1] INFO  storage.RaftStorage (RaftStorage.java:format(84)) - Storage directory /workdir/hadoop-ozone/integration-test/target/test-dir/MiniOzoneClusterImpl-a880bd18-28f5-415e-9d8b-b89ede6c483e/datanode-6/data/ratis/b659b3d2-5a99-48bb-8587-4145a9d62dbf has been successfully formatted.
2019-10-14 14:58:36,734 [pool-443-thread-1] INFO  ratis.ContainerStateMachine (ContainerStateMachine.java:loadSnapshot(231)) - group-4145A9D62DBF: The snapshot info is null. Setting the last applied indexto:(t:0, i:~)
2019-10-14 14:58:36,734 [pool-443-thread-1] INFO  server.RaftServerConfigKeys (ConfUtils.java:logGet(43)) - raft.server.notification.no-leader.timeout = 120s (custom)
2019-10-14 14:58:36,734 [pool-443-thread-1] INFO  server.RaftServerConfigKeys (ConfUtils.java:logGet(43)) - raft.server.log.use.memory = false (default)
2019-10-14 14:58:36,734 [pool-443-thread-1] INFO  server.RaftServerConfigKeys (ConfUtils.java:logGet(43)) - raft.server.log.purge.gap = 1000000 (custom)
2019-10-14 14:58:36,734 [pool-443-thread-1] INFO  server.RaftServerConfigKeys (ConfUtils.java:logGet(43)) - raft.server.log.appender.buffer.byte-limit = 33554432 (custom)
2019-10-14 14:58:36,735 [pool-443-thread-1] INFO  server.RaftServerConfigKeys (ConfUtils.java:logGet(43)) - raft.server.log.segment.size.max = 1048576 (custom)
2019-10-14 14:58:36,736 [pool-443-thread-1] INFO  server.RaftServerConfigKeys (ConfUtils.java:logGet(43)) - raft.server.log.segment.cache.num.max = 2 (custom)
2019-10-14 14:58:36,737 [pool-443-thread-1] INFO  segmented.SegmentedRaftLogWorker (SegmentedRaftLogWorker.java:<init>(173)) - new 0b0d1bbd-b58f-4af7-b1df-4030fe93550a@group-4145A9D62DBF-SegmentedRaftLogWorker for RaftStorage:Storage Directory /workdir/hadoop-ozone/integration-test/target/test-dir/MiniOzoneClusterImpl-a880bd18-28f5-415e-9d8b-b89ede6c483e/datanode-6/data/ratis/b659b3d2-5a99-48bb-8587-4145a9d62dbf
2019-10-14 14:58:36,737 [pool-443-thread-1] INFO  server.RaftServerConfigKeys (ConfUtils.java:logGet(43)) - raft.server.log.queue.byte-limit = 2147483647 (custom)
2019-10-14 14:58:36,737 [pool-443-thread-1] INFO  server.RaftServerConfigKeys (ConfUtils.java:logGet(43)) - raft.server.log.queue.element-limit = 1024 (custom)
2019-10-14 14:58:36,737 [pool-443-thread-1] INFO  server.RaftServerConfigKeys (ConfUtils.java:logGet(43)) - raft.server.log.segment.size.max = 1048576 (custom)
2019-10-14 14:58:36,737 [pool-443-thread-1] INFO  server.RaftServerConfigKeys (ConfUtils.java:logGet(43)) - raft.server.log.preallocated.size = 16384 (custom)
2019-10-14 14:58:36,737 [pool-443-thread-1] INFO  server.RaftServerConfigKeys (ConfUtils.java:logGet(43)) - raft.server.log.write.buffer.size = 33554432 (custom)
2019-10-14 14:58:36,737 [pool-443-thread-1] INFO  server.RaftServerConfigKeys (ConfUtils.java:logGet(43)) - raft.server.log.force.sync.num = 128 (default)
2019-10-14 14:58:36,737 [pool-443-thread-1] INFO  server.RaftServerConfigKeys (ConfUtils.java:logGet(43)) - raft.server.log.statemachine.data.sync = true (default)
2019-10-14 14:58:36,737 [pool-443-thread-1] INFO  server.RaftServerConfigKeys (ConfUtils.java:logGet(43)) - raft.server.log.statemachine.data.sync.timeout = 10s (default)
2019-10-14 14:58:36,738 [pool-443-thread-1] INFO  server.RaftServerConfigKeys (ConfUtils.java:logGet(43)) - raft.server.log.statemachine.data.sync.timeout.retry = -1 (default)
2019-10-14 14:58:36,738 [pool-443-thread-1] INFO  server.RaftServerConfigKeys (ConfUtils.java:logGet(43)) - raft.server.log.statemachine.data.caching.enabled = true (custom)
2019-10-14 14:58:36,738 [pool-443-thread-1] INFO  segmented.SegmentedRaftLogWorker (SegmentedRaftLogWorker.java:lambda$new$0(128)) - 0b0d1bbd-b58f-4af7-b1df-4030fe93550a@group-4145A9D62DBF-SegmentedRaftLogWorker: flushIndex: setUnconditionally 0 -> -1
2019-10-14 14:58:36,738 [pool-443-thread-1] INFO  server.RaftServerConfigKeys (ConfUtils.java:logGet(43)) - raft.server.snapshot.auto.trigger.enabled = true (custom)
2019-10-14 14:58:36,739 [pool-443-thread-1] INFO  server.RaftServerConfigKeys (ConfUtils.java:logGet(43)) - raft.server.snapshot.auto.trigger.threshold = 10000 (custom)
2019-10-14 14:58:36,739 [pool-443-thread-1] INFO  server.RaftServerConfigKeys (ConfUtils.java:logGet(43)) - raft.server.snapshot.retention.file.num = 5 (custom)
2019-10-14 14:58:36,739 [pool-443-thread-1] INFO  server.RaftServerConfigKeys (ConfUtils.java:logGet(43)) - raft.server.retrycache.expirytime = 600000ms (custom)
2019-10-14 14:58:36,741 [pool-443-thread-1] INFO  impl.RaftServerImpl (RaftServerImpl.java:start(181)) - 0b0d1bbd-b58f-4af7-b1df-4030fe93550a@group-4145A9D62DBF: start as a follower, conf=-1: [0b0d1bbd-b58f-4af7-b1df-4030fe93550a:192.168.164.216:39042], old=null
2019-10-14 14:58:36,741 [pool-443-thread-1] INFO  impl.RaftServerImpl (RaftServerImpl.java:setRole(170)) - 0b0d1bbd-b58f-4af7-b1df-4030fe93550a@group-4145A9D62DBF: changes role from      null to FOLLOWER at term 0 for startAsFollower
2019-10-14 14:58:36,741 [pool-443-thread-1] INFO  impl.RoleInfo (RoleInfo.java:updateAndGet(143)) - 0b0d1bbd-b58f-4af7-b1df-4030fe93550a: start FollowerState
2019-10-14 14:58:36,742 [pool-443-thread-1] INFO  util.JmxRegister (JmxRegister.java:tryRegister(44)) - Successfully registered JMX Bean with object name Ratis:service=RaftServer,group=group-4145A9D62DBF,id=0b0d1bbd-b58f-4af7-b1df-4030fe93550a
2019-10-14 14:58:36,751 [RatisPipelineUtilsThread] INFO  pipeline.PipelineStateManager (PipelineStateManager.java:addPipeline(56)) - Created pipeline Pipeline[ Id: b659b3d2-5a99-48bb-8587-4145a9d62dbf, Nodes: 0b0d1bbd-b58f-4af7-b1df-4030fe93550a{ip: 192.168.164.216, host: dev-nightly-20191014-2mv7m-2951356099, networkLocation: /default-rack, certSerialId: null}, Type:RATIS, Factor:ONE, State:OPEN]
2019-10-14 14:58:36,773 [grpc-default-executor-8] INFO  impl.RaftServerProxy (RaftServerProxy.java:addNew(89)) - 5a2d4283-dcb2-43f2-8472-9072fc048d16: addNew group-54397452AEAA:[5a2d4283-dcb2-43f2-8472-9072fc048d16:192.168.164.216:46032, c0afbdc0-0481-4ab5-b678-8eaf8869b693:192.168.164.216:37407, d6f6fde8-d674-482a-b318-645e2d559205:192.168.164.216:34908] returns group-54397452AEAA:java.util.concurrent.CompletableFuture@352a8f8[Not completed]
2019-10-14 14:58:36,773 [grpc-default-executor-2] INFO  impl.RaftServerProxy (RaftServerProxy.java:addNew(89)) - c0afbdc0-0481-4ab5-b678-8eaf8869b693: addNew group-54397452AEAA:[5a2d4283-dcb2-43f2-8472-9072fc048d16:192.168.164.216:46032, c0afbdc0-0481-4ab5-b678-8eaf8869b693:192.168.164.216:37407, d6f6fde8-d674-482a-b318-645e2d559205:192.168.164.216:34908] returns group-54397452AEAA:java.util.concurrent.CompletableFuture@3d1f447d[Not completed]
2019-10-14 14:58:36,773 [grpc-default-executor-1] INFO  impl.RaftServerProxy (RaftServerProxy.java:addNew(89)) - d6f6fde8-d674-482a-b318-645e2d559205: addNew group-54397452AEAA:[5a2d4283-dcb2-43f2-8472-9072fc048d16:192.168.164.216:46032, c0afbdc0-0481-4ab5-b678-8eaf8869b693:192.168.164.216:37407, d6f6fde8-d674-482a-b318-645e2d559205:192.168.164.216:34908] returns group-54397452AEAA:java.util.concurrent.CompletableFuture@2c5dd080[Not completed]
2019-10-14 14:58:36,774 [pool-423-thread-1] INFO  impl.RaftServerImpl (RaftServerImpl.java:<init>(95)) - 5a2d4283-dcb2-43f2-8472-9072fc048d16: new RaftServerImpl for group-54397452AEAA:[5a2d4283-dcb2-43f2-8472-9072fc048d16:192.168.164.216:46032, c0afbdc0-0481-4ab5-b678-8eaf8869b693:192.168.164.216:37407, d6f6fde8-d674-482a-b318-645e2d559205:192.168.164.216:34908] with ContainerStateMachine:uninitialized
2019-10-14 14:58:36,775 [pool-423-thread-1] INFO  server.RaftServerConfigKeys (ConfUtils.java:logGet(43)) - raft.server.rpc.timeout.min = 5s (custom)
2019-10-14 14:58:36,775 [pool-423-thread-1] INFO  server.RaftServerConfigKeys (ConfUtils.java:logGet(43)) - raft.server.rpc.timeout.max = 5200ms (custom)
2019-10-14 14:58:36,775 [pool-423-thread-1] INFO  server.RaftServerConfigKeys (ConfUtils.java:logGet(43)) - raft.server.rpcslowness.timeout = 120s (custom)
2019-10-14 14:58:36,775 [pool-423-thread-1] INFO  server.RaftServerConfigKeys (ConfUtils.java:logGet(43)) - raft.server.sleep.deviation.threshold = 300 (default)
2019-10-14 14:58:36,775 [pool-423-thread-1] INFO  server.RaftServerConfigKeys (ConfUtils.java:logGet(43)) - raft.server.log.appender.install.snapshot.enabled = false (custom)
2019-10-14 14:58:36,775 [pool-423-thread-1] INFO  impl.RaftServerImpl (ServerState.java:<init>(103)) - 5a2d4283-dcb2-43f2-8472-9072fc048d16@group-54397452AEAA: ConfigurationManager, init=-1: [5a2d4283-dcb2-43f2-8472-9072fc048d16:192.168.164.216:46032, c0afbdc0-0481-4ab5-b678-8eaf8869b693:192.168.164.216:37407, d6f6fde8-d674-482a-b318-645e2d559205:192.168.164.216:34908], old=null, confs=<EMPTY_MAP>
2019-10-14 14:58:36,775 [pool-433-thread-1] INFO  impl.RaftServerImpl (RaftServerImpl.java:<init>(95)) - d6f6fde8-d674-482a-b318-645e2d559205: new RaftServerImpl for group-54397452AEAA:[5a2d4283-dcb2-43f2-8472-9072fc048d16:192.168.164.216:46032, c0afbdc0-0481-4ab5-b678-8eaf8869b693:192.168.164.216:37407, d6f6fde8-d674-482a-b318-645e2d559205:192.168.164.216:34908] with ContainerStateMachine:uninitialized
2019-10-14 14:58:36,775 [pool-423-thread-1] INFO  server.RaftServerConfigKeys (ConfUtils.java:logGet(43)) - raft.server.storage.dir = [/workdir/hadoop-ozone/integration-test/target/test-dir/MiniOzoneClusterImpl-a880bd18-28f5-415e-9d8b-b89ede6c483e/datanode-4/data/ratis] (custom)
2019-10-14 14:58:36,775 [pool-433-thread-1] INFO  server.RaftServerConfigKeys (ConfUtils.java:logGet(43)) - raft.server.rpc.timeout.min = 5s (custom)
2019-10-14 14:58:36,776 [pool-433-thread-1] INFO  server.RaftServerConfigKeys (ConfUtils.java:logGet(43)) - raft.server.rpc.timeout.max = 5200ms (custom)
2019-10-14 14:58:36,776 [pool-423-thread-1] INFO  server.RaftServerConfigKeys (ConfUtils.java:logGet(43)) - raft.server.log.corruption.policy = EXCEPTION (default)
2019-10-14 14:58:36,776 [pool-433-thread-1] INFO  server.RaftServerConfigKeys (ConfUtils.java:logGet(43)) - raft.server.rpcslowness.timeout = 120s (custom)
2019-10-14 14:58:36,776 [pool-413-thread-1] INFO  impl.RaftServerImpl (RaftServerImpl.java:<init>(95)) - c0afbdc0-0481-4ab5-b678-8eaf8869b693: new RaftServerImpl for group-54397452AEAA:[5a2d4283-dcb2-43f2-8472-9072fc048d16:192.168.164.216:46032, c0afbdc0-0481-4ab5-b678-8eaf8869b693:192.168.164.216:37407, d6f6fde8-d674-482a-b318-645e2d559205:192.168.164.216:34908] with ContainerStateMachine:uninitialized
2019-10-14 14:58:36,776 [pool-433-thread-1] INFO  server.RaftServerConfigKeys (ConfUtils.java:logGet(43)) - raft.server.sleep.deviation.threshold = 300 (default)
2019-10-14 14:58:36,776 [pool-423-thread-1] INFO  storage.RaftStorageDirectory (RaftStorageDirectory.java:analyzeStorage(246)) - The storage directory /workdir/hadoop-ozone/integration-test/target/test-dir/MiniOzoneClusterImpl-a880bd18-28f5-415e-9d8b-b89ede6c483e/datanode-4/data/ratis/e2746af2-e50a-45f2-9fc1-54397452aeaa does not exist. Creating ...
2019-10-14 14:58:36,776 [pool-433-thread-1] INFO  server.RaftServerConfigKeys (ConfUtils.java:logGet(43)) - raft.server.log.appender.install.snapshot.enabled = false (custom)
2019-10-14 14:58:36,776 [pool-413-thread-1] INFO  server.RaftServerConfigKeys (ConfUtils.java:logGet(43)) - raft.server.rpc.timeout.min = 5s (custom)
2019-10-14 14:58:36,776 [pool-433-thread-1] INFO  impl.RaftServerImpl (ServerState.java:<init>(103)) - d6f6fde8-d674-482a-b318-645e2d559205@group-54397452AEAA: ConfigurationManager, init=-1: [5a2d4283-dcb2-43f2-8472-9072fc048d16:192.168.164.216:46032, c0afbdc0-0481-4ab5-b678-8eaf8869b693:192.168.164.216:37407, d6f6fde8-d674-482a-b318-645e2d559205:192.168.164.216:34908], old=null, confs=<EMPTY_MAP>
2019-10-14 14:58:36,777 [pool-413-thread-1] INFO  server.RaftServerConfigKeys (ConfUtils.java:logGet(43)) - raft.server.rpc.timeout.max = 5200ms (custom)
2019-10-14 14:58:36,777 [pool-433-thread-1] INFO  server.RaftServerConfigKeys (ConfUtils.java:logGet(43)) - raft.server.storage.dir = [/workdir/hadoop-ozone/integration-test/target/test-dir/MiniOzoneClusterImpl-a880bd18-28f5-415e-9d8b-b89ede6c483e/datanode-5/data/ratis] (custom)
2019-10-14 14:58:36,777 [pool-413-thread-1] INFO  server.RaftServerConfigKeys (ConfUtils.java:logGet(43)) - raft.server.rpcslowness.timeout = 120s (custom)
2019-10-14 14:58:36,777 [pool-413-thread-1] INFO  server.RaftServerConfigKeys (ConfUtils.java:logGet(43)) - raft.server.sleep.deviation.threshold = 300 (default)
2019-10-14 14:58:36,777 [pool-433-thread-1] INFO  server.RaftServerConfigKeys (ConfUtils.java:logGet(43)) - raft.server.log.corruption.policy = EXCEPTION (default)
2019-10-14 14:58:36,777 [pool-413-thread-1] INFO  server.RaftServerConfigKeys (ConfUtils.java:logGet(43)) - raft.server.log.appender.install.snapshot.enabled = false (custom)
2019-10-14 14:58:36,777 [pool-433-thread-1] INFO  storage.RaftStorageDirectory (RaftStorageDirectory.java:analyzeStorage(246)) - The storage directory /workdir/hadoop-ozone/integration-test/target/test-dir/MiniOzoneClusterImpl-a880bd18-28f5-415e-9d8b-b89ede6c483e/datanode-5/data/ratis/e2746af2-e50a-45f2-9fc1-54397452aeaa does not exist. Creating ...
2019-10-14 14:58:36,777 [pool-413-thread-1] INFO  impl.RaftServerImpl (ServerState.java:<init>(103)) - c0afbdc0-0481-4ab5-b678-8eaf8869b693@group-54397452AEAA: ConfigurationManager, init=-1: [5a2d4283-dcb2-43f2-8472-9072fc048d16:192.168.164.216:46032, c0afbdc0-0481-4ab5-b678-8eaf8869b693:192.168.164.216:37407, d6f6fde8-d674-482a-b318-645e2d559205:192.168.164.216:34908], old=null, confs=<EMPTY_MAP>
2019-10-14 14:58:36,778 [pool-413-thread-1] INFO  server.RaftServerConfigKeys (ConfUtils.java:logGet(43)) - raft.server.storage.dir = [/workdir/hadoop-ozone/integration-test/target/test-dir/MiniOzoneClusterImpl-a880bd18-28f5-415e-9d8b-b89ede6c483e/datanode-3/data/ratis] (custom)
2019-10-14 14:58:36,778 [pool-413-thread-1] INFO  server.RaftServerConfigKeys (ConfUtils.java:logGet(43)) - raft.server.log.corruption.policy = EXCEPTION (default)
2019-10-14 14:58:36,778 [pool-413-thread-1] INFO  storage.RaftStorageDirectory (RaftStorageDirectory.java:analyzeStorage(246)) - The storage directory /workdir/hadoop-ozone/integration-test/target/test-dir/MiniOzoneClusterImpl-a880bd18-28f5-415e-9d8b-b89ede6c483e/datanode-3/data/ratis/e2746af2-e50a-45f2-9fc1-54397452aeaa does not exist. Creating ...
2019-10-14 14:58:36,800 [pool-413-thread-1] INFO  storage.RaftStorageDirectory (RaftStorageDirectory.java:tryLock(328)) - Lock on /workdir/hadoop-ozone/integration-test/target/test-dir/MiniOzoneClusterImpl-a880bd18-28f5-415e-9d8b-b89ede6c483e/datanode-3/data/ratis/e2746af2-e50a-45f2-9fc1-54397452aeaa/in_use.lock acquired by nodename 16817@dev-nightly-20191014-2mv7m-2951356099
2019-10-14 14:58:36,800 [pool-433-thread-1] INFO  storage.RaftStorageDirectory (RaftStorageDirectory.java:tryLock(328)) - Lock on /workdir/hadoop-ozone/integration-test/target/test-dir/MiniOzoneClusterImpl-a880bd18-28f5-415e-9d8b-b89ede6c483e/datanode-5/data/ratis/e2746af2-e50a-45f2-9fc1-54397452aeaa/in_use.lock acquired by nodename 16817@dev-nightly-20191014-2mv7m-2951356099
2019-10-14 14:58:36,800 [pool-423-thread-1] INFO  storage.RaftStorageDirectory (RaftStorageDirectory.java:tryLock(328)) - Lock on /workdir/hadoop-ozone/integration-test/target/test-dir/MiniOzoneClusterImpl-a880bd18-28f5-415e-9d8b-b89ede6c483e/datanode-4/data/ratis/e2746af2-e50a-45f2-9fc1-54397452aeaa/in_use.lock acquired by nodename 16817@dev-nightly-20191014-2mv7m-2951356099
2019-10-14 14:58:36,829 [pool-433-thread-1] INFO  storage.RaftStorage (RaftStorage.java:format(84)) - Storage directory /workdir/hadoop-ozone/integration-test/target/test-dir/MiniOzoneClusterImpl-a880bd18-28f5-415e-9d8b-b89ede6c483e/datanode-5/data/ratis/e2746af2-e50a-45f2-9fc1-54397452aeaa has been successfully formatted.
2019-10-14 14:58:36,829 [pool-413-thread-1] INFO  storage.RaftStorage (RaftStorage.java:format(84)) - Storage directory /workdir/hadoop-ozone/integration-test/target/test-dir/MiniOzoneClusterImpl-a880bd18-28f5-415e-9d8b-b89ede6c483e/datanode-3/data/ratis/e2746af2-e50a-45f2-9fc1-54397452aeaa has been successfully formatted.
2019-10-14 14:58:36,829 [pool-423-thread-1] INFO  storage.RaftStorage (RaftStorage.java:format(84)) - Storage directory /workdir/hadoop-ozone/integration-test/target/test-dir/MiniOzoneClusterImpl-a880bd18-28f5-415e-9d8b-b89ede6c483e/datanode-4/data/ratis/e2746af2-e50a-45f2-9fc1-54397452aeaa has been successfully formatted.
2019-10-14 14:58:36,830 [pool-413-thread-1] INFO  ratis.ContainerStateMachine (ContainerStateMachine.java:loadSnapshot(231)) - group-54397452AEAA: The snapshot info is null. Setting the last applied indexto:(t:0, i:~)
2019-10-14 14:58:36,830 [pool-423-thread-1] INFO  ratis.ContainerStateMachine (ContainerStateMachine.java:loadSnapshot(231)) - group-54397452AEAA: The snapshot info is null. Setting the last applied indexto:(t:0, i:~)
2019-10-14 14:58:36,829 [pool-433-thread-1] INFO  ratis.ContainerStateMachine (ContainerStateMachine.java:loadSnapshot(231)) - group-54397452AEAA: The snapshot info is null. Setting the last applied indexto:(t:0, i:~)
2019-10-14 14:58:36,830 [pool-423-thread-1] INFO  server.RaftServerConfigKeys (ConfUtils.java:logGet(43)) - raft.server.notification.no-leader.timeout = 120s (custom)
2019-10-14 14:58:36,830 [pool-413-thread-1] INFO  server.RaftServerConfigKeys (ConfUtils.java:logGet(43)) - raft.server.notification.no-leader.timeout = 120s (custom)
2019-10-14 14:58:36,830 [pool-423-thread-1] INFO  server.RaftServerConfigKeys (ConfUtils.java:logGet(43)) - raft.server.log.use.memory = false (default)
2019-10-14 14:58:36,830 [pool-433-thread-1] INFO  server.RaftServerConfigKeys (ConfUtils.java:logGet(43)) - raft.server.notification.no-leader.timeout = 120s (custom)
2019-10-14 14:58:36,831 [pool-423-thread-1] INFO  server.RaftServerConfigKeys (ConfUtils.java:logGet(43)) - raft.server.log.purge.gap = 1000000 (custom)
2019-10-14 14:58:36,830 [pool-413-thread-1] INFO  server.RaftServerConfigKeys (ConfUtils.java:logGet(43)) - raft.server.log.use.memory = false (default)
2019-10-14 14:58:36,831 [pool-423-thread-1] INFO  server.RaftServerConfigKeys (ConfUtils.java:logGet(43)) - raft.server.log.appender.buffer.byte-limit = 33554432 (custom)
2019-10-14 14:58:36,831 [pool-433-thread-1] INFO  server.RaftServerConfigKeys (ConfUtils.java:logGet(43)) - raft.server.log.use.memory = false (default)
2019-10-14 14:58:36,831 [pool-423-thread-1] INFO  server.RaftServerConfigKeys (ConfUtils.java:logGet(43)) - raft.server.log.segment.size.max = 1048576 (custom)
2019-10-14 14:58:36,831 [pool-413-thread-1] INFO  server.RaftServerConfigKeys (ConfUtils.java:logGet(43)) - raft.server.log.purge.gap = 1000000 (custom)
2019-10-14 14:58:36,831 [pool-423-thread-1] INFO  server.RaftServerConfigKeys (ConfUtils.java:logGet(43)) - raft.server.log.segment.cache.num.max = 2 (custom)
2019-10-14 14:58:36,831 [pool-433-thread-1] INFO  server.RaftServerConfigKeys (ConfUtils.java:logGet(43)) - raft.server.log.purge.gap = 1000000 (custom)
2019-10-14 14:58:36,832 [pool-423-thread-1] INFO  segmented.SegmentedRaftLogWorker (SegmentedRaftLogWorker.java:<init>(173)) - new 5a2d4283-dcb2-43f2-8472-9072fc048d16@group-54397452AEAA-SegmentedRaftLogWorker for RaftStorage:Storage Directory /workdir/hadoop-ozone/integration-test/target/test-dir/MiniOzoneClusterImpl-a880bd18-28f5-415e-9d8b-b89ede6c483e/datanode-4/data/ratis/e2746af2-e50a-45f2-9fc1-54397452aeaa
2019-10-14 14:58:36,832 [pool-413-thread-1] INFO  server.RaftServerConfigKeys (ConfUtils.java:logGet(43)) - raft.server.log.appender.buffer.byte-limit = 33554432 (custom)
2019-10-14 14:58:36,832 [pool-423-thread-1] INFO  server.RaftServerConfigKeys (ConfUtils.java:logGet(43)) - raft.server.log.queue.byte-limit = 2147483647 (custom)
2019-10-14 14:58:36,832 [pool-433-thread-1] INFO  server.RaftServerConfigKeys (ConfUtils.java:logGet(43)) - raft.server.log.appender.buffer.byte-limit = 33554432 (custom)
2019-10-14 14:58:36,832 [pool-423-thread-1] INFO  server.RaftServerConfigKeys (ConfUtils.java:logGet(43)) - raft.server.log.queue.element-limit = 1024 (custom)
2019-10-14 14:58:36,832 [pool-413-thread-1] INFO  server.RaftServerConfigKeys (ConfUtils.java:logGet(43)) - raft.server.log.segment.size.max = 1048576 (custom)
2019-10-14 14:58:36,833 [pool-423-thread-1] INFO  server.RaftServerConfigKeys (ConfUtils.java:logGet(43)) - raft.server.log.segment.size.max = 1048576 (custom)
2019-10-14 14:58:36,833 [pool-423-thread-1] INFO  server.RaftServerConfigKeys (ConfUtils.java:logGet(43)) - raft.server.log.preallocated.size = 16384 (custom)
2019-10-14 14:58:36,832 [pool-433-thread-1] INFO  server.RaftServerConfigKeys (ConfUtils.java:logGet(43)) - raft.server.log.segment.size.max = 1048576 (custom)
2019-10-14 14:58:36,833 [pool-423-thread-1] INFO  server.RaftServerConfigKeys (ConfUtils.java:logGet(43)) - raft.server.log.write.buffer.size = 33554432 (custom)
2019-10-14 14:58:36,833 [pool-413-thread-1] INFO  server.RaftServerConfigKeys (ConfUtils.java:logGet(43)) - raft.server.log.segment.cache.num.max = 2 (custom)
2019-10-14 14:58:36,833 [pool-423-thread-1] INFO  server.RaftServerConfigKeys (ConfUtils.java:logGet(43)) - raft.server.log.force.sync.num = 128 (default)
2019-10-14 14:58:36,833 [pool-433-thread-1] INFO  server.RaftServerConfigKeys (ConfUtils.java:logGet(43)) - raft.server.log.segment.cache.num.max = 2 (custom)
2019-10-14 14:58:36,834 [pool-423-thread-1] INFO  server.RaftServerConfigKeys (ConfUtils.java:logGet(43)) - raft.server.log.statemachine.data.sync = true (default)
2019-10-14 14:58:36,833 [pool-413-thread-1] INFO  segmented.SegmentedRaftLogWorker (SegmentedRaftLogWorker.java:<init>(173)) - new c0afbdc0-0481-4ab5-b678-8eaf8869b693@group-54397452AEAA-SegmentedRaftLogWorker for RaftStorage:Storage Directory /workdir/hadoop-ozone/integration-test/target/test-dir/MiniOzoneClusterImpl-a880bd18-28f5-415e-9d8b-b89ede6c483e/datanode-3/data/ratis/e2746af2-e50a-45f2-9fc1-54397452aeaa
2019-10-14 14:58:36,834 [pool-423-thread-1] INFO  server.RaftServerConfigKeys (ConfUtils.java:logGet(43)) - raft.server.log.statemachine.data.sync.timeout = 10s (default)
2019-10-14 14:58:36,834 [pool-433-thread-1] INFO  segmented.SegmentedRaftLogWorker (SegmentedRaftLogWorker.java:<init>(173)) - new d6f6fde8-d674-482a-b318-645e2d559205@group-54397452AEAA-SegmentedRaftLogWorker for RaftStorage:Storage Directory /workdir/hadoop-ozone/integration-test/target/test-dir/MiniOzoneClusterImpl-a880bd18-28f5-415e-9d8b-b89ede6c483e/datanode-5/data/ratis/e2746af2-e50a-45f2-9fc1-54397452aeaa
2019-10-14 14:58:36,834 [pool-423-thread-1] INFO  server.RaftServerConfigKeys (ConfUtils.java:logGet(43)) - raft.server.log.statemachine.data.sync.timeout.retry = -1 (default)
2019-10-14 14:58:36,834 [pool-413-thread-1] INFO  server.RaftServerConfigKeys (ConfUtils.java:logGet(43)) - raft.server.log.queue.byte-limit = 2147483647 (custom)
2019-10-14 14:58:36,835 [pool-423-thread-1] INFO  server.RaftServerConfigKeys (ConfUtils.java:logGet(43)) - raft.server.log.statemachine.data.caching.enabled = true (custom)
2019-10-14 14:58:36,834 [pool-433-thread-1] INFO  server.RaftServerConfigKeys (ConfUtils.java:logGet(43)) - raft.server.log.queue.byte-limit = 2147483647 (custom)
2019-10-14 14:58:36,835 [pool-413-thread-1] INFO  server.RaftServerConfigKeys (ConfUtils.java:logGet(43)) - raft.server.log.queue.element-limit = 1024 (custom)
2019-10-14 14:58:36,835 [pool-423-thread-1] INFO  segmented.SegmentedRaftLogWorker (SegmentedRaftLogWorker.java:lambda$new$0(128)) - 5a2d4283-dcb2-43f2-8472-9072fc048d16@group-54397452AEAA-SegmentedRaftLogWorker: flushIndex: setUnconditionally 0 -> -1
2019-10-14 14:58:36,835 [pool-433-thread-1] INFO  server.RaftServerConfigKeys (ConfUtils.java:logGet(43)) - raft.server.log.queue.element-limit = 1024 (custom)
2019-10-14 14:58:36,835 [pool-413-thread-1] INFO  server.RaftServerConfigKeys (ConfUtils.java:logGet(43)) - raft.server.log.segment.size.max = 1048576 (custom)
2019-10-14 14:58:36,835 [pool-423-thread-1] INFO  server.RaftServerConfigKeys (ConfUtils.java:logGet(43)) - raft.server.snapshot.auto.trigger.enabled = true (custom)
2019-10-14 14:58:36,835 [pool-433-thread-1] INFO  server.RaftServerConfigKeys (ConfUtils.java:logGet(43)) - raft.server.log.segment.size.max = 1048576 (custom)
2019-10-14 14:58:36,836 [pool-423-thread-1] INFO  server.RaftServerConfigKeys (ConfUtils.java:logGet(43)) - raft.server.snapshot.auto.trigger.threshold = 10000 (custom)
2019-10-14 14:58:36,835 [pool-413-thread-1] INFO  server.RaftServerConfigKeys (ConfUtils.java:logGet(43)) - raft.server.log.preallocated.size = 16384 (custom)
2019-10-14 14:58:36,836 [pool-423-thread-1] INFO  server.RaftServerConfigKeys (ConfUtils.java:logGet(43)) - raft.server.snapshot.retention.file.num = 5 (custom)
2019-10-14 14:58:36,836 [pool-433-thread-1] INFO  server.RaftServerConfigKeys (ConfUtils.java:logGet(43)) - raft.server.log.preallocated.size = 16384 (custom)
2019-10-14 14:58:36,836 [pool-423-thread-1] INFO  server.RaftServerConfigKeys (ConfUtils.java:logGet(43)) - raft.server.retrycache.expirytime = 600000ms (custom)
2019-10-14 14:58:36,836 [pool-413-thread-1] INFO  server.RaftServerConfigKeys (ConfUtils.java:logGet(43)) - raft.server.log.write.buffer.size = 33554432 (custom)
2019-10-14 14:58:36,836 [pool-433-thread-1] INFO  server.RaftServerConfigKeys (ConfUtils.java:logGet(43)) - raft.server.log.write.buffer.size = 33554432 (custom)
2019-10-14 14:58:36,837 [pool-413-thread-1] INFO  server.RaftServerConfigKeys (ConfUtils.java:logGet(43)) - raft.server.log.force.sync.num = 128 (default)
2019-10-14 14:58:36,837 [pool-433-thread-1] INFO  server.RaftServerConfigKeys (ConfUtils.java:logGet(43)) - raft.server.log.force.sync.num = 128 (default)
2019-10-14 14:58:36,837 [pool-413-thread-1] INFO  server.RaftServerConfigKeys (ConfUtils.java:logGet(43)) - raft.server.log.statemachine.data.sync = true (default)
2019-10-14 14:58:36,837 [pool-433-thread-1] INFO  server.RaftServerConfigKeys (ConfUtils.java:logGet(43)) - raft.server.log.statemachine.data.sync = true (default)
2019-10-14 14:58:36,837 [pool-413-thread-1] INFO  server.RaftServerConfigKeys (ConfUtils.java:logGet(43)) - raft.server.log.statemachine.data.sync.timeout = 10s (default)
2019-10-14 14:58:36,837 [pool-433-thread-1] INFO  server.RaftServerConfigKeys (ConfUtils.java:logGet(43)) - raft.server.log.statemachine.data.sync.timeout = 10s (default)
2019-10-14 14:58:36,838 [pool-413-thread-1] INFO  server.RaftServerConfigKeys (ConfUtils.java:logGet(43)) - raft.server.log.statemachine.data.sync.timeout.retry = -1 (default)
2019-10-14 14:58:36,838 [pool-433-thread-1] INFO  server.RaftServerConfigKeys (ConfUtils.java:logGet(43)) - raft.server.log.statemachine.data.sync.timeout.retry = -1 (default)
2019-10-14 14:58:36,838 [pool-413-thread-1] INFO  server.RaftServerConfigKeys (ConfUtils.java:logGet(43)) - raft.server.log.statemachine.data.caching.enabled = true (custom)
2019-10-14 14:58:36,838 [pool-433-thread-1] INFO  server.RaftServerConfigKeys (ConfUtils.java:logGet(43)) - raft.server.log.statemachine.data.caching.enabled = true (custom)
2019-10-14 14:58:36,838 [pool-423-thread-1] INFO  impl.RaftServerImpl (RaftServerImpl.java:start(181)) - 5a2d4283-dcb2-43f2-8472-9072fc048d16@group-54397452AEAA: start as a follower, conf=-1: [5a2d4283-dcb2-43f2-8472-9072fc048d16:192.168.164.216:46032, c0afbdc0-0481-4ab5-b678-8eaf8869b693:192.168.164.216:37407, d6f6fde8-d674-482a-b318-645e2d559205:192.168.164.216:34908], old=null
2019-10-14 14:58:36,838 [pool-413-thread-1] INFO  segmented.SegmentedRaftLogWorker (SegmentedRaftLogWorker.java:lambda$new$0(128)) - c0afbdc0-0481-4ab5-b678-8eaf8869b693@group-54397452AEAA-SegmentedRaftLogWorker: flushIndex: setUnconditionally 0 -> -1
2019-10-14 14:58:36,838 [pool-423-thread-1] INFO  impl.RaftServerImpl (RaftServerImpl.java:setRole(170)) - 5a2d4283-dcb2-43f2-8472-9072fc048d16@group-54397452AEAA: changes role from      null to FOLLOWER at term 0 for startAsFollower
2019-10-14 14:58:36,838 [pool-433-thread-1] INFO  segmented.SegmentedRaftLogWorker (SegmentedRaftLogWorker.java:lambda$new$0(128)) - d6f6fde8-d674-482a-b318-645e2d559205@group-54397452AEAA-SegmentedRaftLogWorker: flushIndex: setUnconditionally 0 -> -1
2019-10-14 14:58:36,839 [pool-413-thread-1] INFO  server.RaftServerConfigKeys (ConfUtils.java:logGet(43)) - raft.server.snapshot.auto.trigger.enabled = true (custom)
2019-10-14 14:58:36,839 [pool-423-thread-1] INFO  impl.RoleInfo (RoleInfo.java:updateAndGet(143)) - 5a2d4283-dcb2-43f2-8472-9072fc048d16: start FollowerState
2019-10-14 14:58:36,839 [pool-413-thread-1] INFO  server.RaftServerConfigKeys (ConfUtils.java:logGet(43)) - raft.server.snapshot.auto.trigger.threshold = 10000 (custom)
2019-10-14 14:58:36,839 [pool-433-thread-1] INFO  server.RaftServerConfigKeys (ConfUtils.java:logGet(43)) - raft.server.snapshot.auto.trigger.enabled = true (custom)
2019-10-14 14:58:36,839 [pool-423-thread-1] INFO  util.JmxRegister (JmxRegister.java:tryRegister(44)) - Successfully registered JMX Bean with object name Ratis:service=RaftServer,group=group-54397452AEAA,id=5a2d4283-dcb2-43f2-8472-9072fc048d16
2019-10-14 14:58:36,839 [pool-413-thread-1] INFO  server.RaftServerConfigKeys (ConfUtils.java:logGet(43)) - raft.server.snapshot.retention.file.num = 5 (custom)
2019-10-14 14:58:36,839 [pool-433-thread-1] INFO  server.RaftServerConfigKeys (ConfUtils.java:logGet(43)) - raft.server.snapshot.auto.trigger.threshold = 10000 (custom)
2019-10-14 14:58:36,840 [pool-413-thread-1] INFO  server.RaftServerConfigKeys (ConfUtils.java:logGet(43)) - raft.server.retrycache.expirytime = 600000ms (custom)
2019-10-14 14:58:36,840 [pool-433-thread-1] INFO  server.RaftServerConfigKeys (ConfUtils.java:logGet(43)) - raft.server.snapshot.retention.file.num = 5 (custom)
2019-10-14 14:58:36,840 [pool-433-thread-1] INFO  server.RaftServerConfigKeys (ConfUtils.java:logGet(43)) - raft.server.retrycache.expirytime = 600000ms (custom)
2019-10-14 14:58:36,849 [pool-413-thread-1] INFO  impl.RaftServerImpl (RaftServerImpl.java:start(181)) - c0afbdc0-0481-4ab5-b678-8eaf8869b693@group-54397452AEAA: start as a follower, conf=-1: [5a2d4283-dcb2-43f2-8472-9072fc048d16:192.168.164.216:46032, c0afbdc0-0481-4ab5-b678-8eaf8869b693:192.168.164.216:37407, d6f6fde8-d674-482a-b318-645e2d559205:192.168.164.216:34908], old=null
2019-10-14 14:58:36,849 [pool-433-thread-1] INFO  impl.RaftServerImpl (RaftServerImpl.java:start(181)) - d6f6fde8-d674-482a-b318-645e2d559205@group-54397452AEAA: start as a follower, conf=-1: [5a2d4283-dcb2-43f2-8472-9072fc048d16:192.168.164.216:46032, c0afbdc0-0481-4ab5-b678-8eaf8869b693:192.168.164.216:37407, d6f6fde8-d674-482a-b318-645e2d559205:192.168.164.216:34908], old=null
2019-10-14 14:58:36,849 [pool-413-thread-1] INFO  impl.RaftServerImpl (RaftServerImpl.java:setRole(170)) - c0afbdc0-0481-4ab5-b678-8eaf8869b693@group-54397452AEAA: changes role from      null to FOLLOWER at term 0 for startAsFollower
2019-10-14 14:58:36,849 [pool-433-thread-1] INFO  impl.RaftServerImpl (RaftServerImpl.java:setRole(170)) - d6f6fde8-d674-482a-b318-645e2d559205@group-54397452AEAA: changes role from      null to FOLLOWER at term 0 for startAsFollower
2019-10-14 14:58:36,849 [pool-413-thread-1] INFO  impl.RoleInfo (RoleInfo.java:updateAndGet(143)) - c0afbdc0-0481-4ab5-b678-8eaf8869b693: start FollowerState
2019-10-14 14:58:36,849 [pool-433-thread-1] INFO  impl.RoleInfo (RoleInfo.java:updateAndGet(143)) - d6f6fde8-d674-482a-b318-645e2d559205: start FollowerState
2019-10-14 14:58:36,850 [pool-413-thread-1] INFO  util.JmxRegister (JmxRegister.java:tryRegister(44)) - Successfully registered JMX Bean with object name Ratis:service=RaftServer,group=group-54397452AEAA,id=c0afbdc0-0481-4ab5-b678-8eaf8869b693
2019-10-14 14:58:36,850 [pool-433-thread-1] INFO  util.JmxRegister (JmxRegister.java:tryRegister(44)) - Successfully registered JMX Bean with object name Ratis:service=RaftServer,group=group-54397452AEAA,id=d6f6fde8-d674-482a-b318-645e2d559205
2019-10-14 14:58:36,864 [RatisPipelineUtilsThread] INFO  pipeline.PipelineStateManager (PipelineStateManager.java:addPipeline(56)) - Created pipeline Pipeline[ Id: e2746af2-e50a-45f2-9fc1-54397452aeaa, Nodes: c0afbdc0-0481-4ab5-b678-8eaf8869b693{ip: 192.168.164.216, host: dev-nightly-20191014-2mv7m-2951356099, networkLocation: /default-rack, certSerialId: null}d6f6fde8-d674-482a-b318-645e2d559205{ip: 192.168.164.216, host: dev-nightly-20191014-2mv7m-2951356099, networkLocation: /default-rack, certSerialId: null}5a2d4283-dcb2-43f2-8472-9072fc048d16{ip: 192.168.164.216, host: dev-nightly-20191014-2mv7m-2951356099, networkLocation: /default-rack, certSerialId: null}, Type:RATIS, Factor:THREE, State:OPEN]
2019-10-14 14:58:37,654 [main] INFO  ozone.MiniOzoneClusterImpl (MiniOzoneClusterImpl.java:lambda$waitForClusterToBeReady$0(147)) - Cluster is ready. Got 7 of 7 DN Heartbeats.
2019-10-14 14:58:37,710 [main] INFO  rpc.RpcClient (RpcClient.java:createVolume(272)) - Creating Volume: watchforcommithandlingtest, with jenkins1000 as owner.
2019-10-14 14:58:37,714 [IPC Server handler 0 on 38182] INFO  volume.OMVolumeCreateRequest (OMVolumeCreateRequest.java:validateAndUpdateCache(193)) - created volume:watchforcommithandlingtest for user:jenkins1000
2019-10-14 14:58:37,741 [main] INFO  rpc.RpcClient (RpcClient.java:createBucket(411)) - Creating Bucket: watchforcommithandlingtest/watchforcommithandlingtest, with Versioning false and Storage Type set to DISK and Encryption set to false 
2019-10-14 14:58:37,748 [main] INFO  ozone.MiniOzoneClusterImpl (MiniOzoneClusterImpl.java:getStorageContainerLocationClient(234)) - Creating StorageContainerLocationProtocol RPC client with address /0.0.0.0:41317
2019-10-14 14:58:38,421 [grpc-default-executor-3] WARN  server.GrpcLogAppender (LogUtils.java:warn(134)) - cfe8f924-b5c6-4352-87f8-4041c06f1d5a@group-CF2C2ECDC0F3->990b5206-acaa-46d8-a99a-8196ac36b371-AppendLogResponseHandler: Failed appendEntries: org.apache.ratis.thirdparty.io.grpc.StatusRuntimeException: UNAVAILABLE: io exception
2019-10-14 14:58:38,421 [grpc-default-executor-7] WARN  server.GrpcLogAppender (LogUtils.java:warn(134)) - cfe8f924-b5c6-4352-87f8-4041c06f1d5a@group-CF2C2ECDC0F3->2b2a2bed-4f50-4c61-b8ad-f4f72c71dbde-AppendLogResponseHandler: Failed appendEntries: org.apache.ratis.thirdparty.io.grpc.StatusRuntimeException: UNAVAILABLE: io exception
2019-10-14 14:58:38,421 [grpc-default-executor-3] INFO  impl.FollowerInfo (FollowerInfo.java:lambda$new$0(51)) - cfe8f924-b5c6-4352-87f8-4041c06f1d5a@group-CF2C2ECDC0F3->990b5206-acaa-46d8-a99a-8196ac36b371: nextIndex: updateUnconditionally 0 -> 0
2019-10-14 14:58:38,422 [grpc-default-executor-7] INFO  impl.FollowerInfo (FollowerInfo.java:lambda$new$0(51)) - cfe8f924-b5c6-4352-87f8-4041c06f1d5a@group-CF2C2ECDC0F3->2b2a2bed-4f50-4c61-b8ad-f4f72c71dbde: nextIndex: updateUnconditionally 0 -> 0
2019-10-14 14:58:39,052 [Thread-2324] INFO  container.ReplicationManager (ReplicationManager.java:start(162)) - Starting Replication Monitor Thread.
2019-10-14 14:58:39,057 [ReplicationMonitor] INFO  container.ReplicationManager (ReplicationManager.java:run(225)) - Replication Monitor Thread took 0 milliseconds for processing 1 containers.
2019-10-14 14:58:40,682 [Thread-2382] INFO  client.GrpcClientProtocolService (GrpcClientProtocolService.java:lambda$processClientRequest$0(278)) - Failed RaftClientRequest:client-4D685B4ABD2F->cfe8f924-b5c6-4352-87f8-4041c06f1d5a@group-CF2C2ECDC0F3, cid=67, seq=0, Watch-ALL_COMMITTED(20), Message:<EMPTY>, reply=RaftClientReply:client-4D685B4ABD2F->cfe8f924-b5c6-4352-87f8-4041c06f1d5a@group-CF2C2ECDC0F3, cid=67, FAILED org.apache.ratis.protocol.NotReplicatedException: Request with call Id 67 and log index 20 is not yet replicated to ALL_COMMITTED, logIndex=20, commits[cfe8f924-b5c6-4352-87f8-4041c06f1d5a:c2, 2b2a2bed-4f50-4c61-b8ad-f4f72c71dbde:c2, 990b5206-acaa-46d8-a99a-8196ac36b371:c2]
2019-10-14 14:58:40,682 [Thread-2383] INFO  client.GrpcClientProtocolService (GrpcClientProtocolService.java:lambda$processClientRequest$0(278)) - Failed RaftClientRequest:client-4D685B4ABD2F->cfe8f924-b5c6-4352-87f8-4041c06f1d5a@group-CF2C2ECDC0F3, cid=68, seq=0, Watch-MAJORITY_COMMITTED(20), Message:<EMPTY>, reply=RaftClientReply:client-4D685B4ABD2F->cfe8f924-b5c6-4352-87f8-4041c06f1d5a@group-CF2C2ECDC0F3, cid=68, FAILED org.apache.ratis.protocol.NotReplicatedException: Request with call Id 68 and log index 20 is not yet replicated to MAJORITY_COMMITTED, logIndex=20, commits[cfe8f924-b5c6-4352-87f8-4041c06f1d5a:c2, 2b2a2bed-4f50-4c61-b8ad-f4f72c71dbde:c2, 990b5206-acaa-46d8-a99a-8196ac36b371:c2]
2019-10-14 14:58:40,921 [grpc-default-executor-3] WARN  server.GrpcLogAppender (LogUtils.java:warn(134)) - cfe8f924-b5c6-4352-87f8-4041c06f1d5a@group-CF2C2ECDC0F3->2b2a2bed-4f50-4c61-b8ad-f4f72c71dbde-AppendLogResponseHandler: Failed appendEntries: org.apache.ratis.thirdparty.io.grpc.StatusRuntimeException: UNAVAILABLE: io exception
2019-10-14 14:58:40,921 [grpc-default-executor-8] WARN  server.GrpcLogAppender (LogUtils.java:warn(134)) - cfe8f924-b5c6-4352-87f8-4041c06f1d5a@group-CF2C2ECDC0F3->990b5206-acaa-46d8-a99a-8196ac36b371-AppendLogResponseHandler: Failed appendEntries: org.apache.ratis.thirdparty.io.grpc.StatusRuntimeException: UNAVAILABLE: io exception
2019-10-14 14:58:40,931 [grpc-default-executor-3] INFO  impl.FollowerInfo (FollowerInfo.java:lambda$new$0(51)) - cfe8f924-b5c6-4352-87f8-4041c06f1d5a@group-CF2C2ECDC0F3->2b2a2bed-4f50-4c61-b8ad-f4f72c71dbde: nextIndex: updateUnconditionally 0 -> 0
2019-10-14 14:58:40,931 [grpc-default-executor-8] INFO  impl.FollowerInfo (FollowerInfo.java:lambda$new$0(51)) - cfe8f924-b5c6-4352-87f8-4041c06f1d5a@group-CF2C2ECDC0F3->990b5206-acaa-46d8-a99a-8196ac36b371: nextIndex: updateUnconditionally 0 -> 0
2019-10-14 14:58:41,293 [Thread-2329] INFO  impl.FollowerState (FollowerState.java:run(108)) - 616f1b99-31a5-45f6-b720-41f2d2e626db@group-AECB64655812-FollowerState: change to CANDIDATE, lastRpcTime:5077ms, electionTimeout:5077ms
2019-10-14 14:58:41,293 [Thread-2329] INFO  impl.RoleInfo (RoleInfo.java:shutdownFollowerState(121)) - 616f1b99-31a5-45f6-b720-41f2d2e626db: shutdown FollowerState
2019-10-14 14:58:41,293 [Thread-2329] INFO  impl.RaftServerImpl (RaftServerImpl.java:setRole(170)) - 616f1b99-31a5-45f6-b720-41f2d2e626db@group-AECB64655812: changes role from  FOLLOWER to CANDIDATE at term 0 for changeToCandidate
2019-10-14 14:58:41,293 [Thread-2329] INFO  impl.RoleInfo (RoleInfo.java:updateAndGet(143)) - 616f1b99-31a5-45f6-b720-41f2d2e626db: start LeaderElection
2019-10-14 14:58:41,328 [616f1b99-31a5-45f6-b720-41f2d2e626db@group-AECB64655812-LeaderElection61] INFO  impl.LeaderElection (LeaderElection.java:askForVotes(178)) - 616f1b99-31a5-45f6-b720-41f2d2e626db@group-AECB64655812-LeaderElection61: begin an election at term 1 for -1: [616f1b99-31a5-45f6-b720-41f2d2e626db:192.168.164.216:45136], old=null
2019-10-14 14:58:41,329 [616f1b99-31a5-45f6-b720-41f2d2e626db@group-AECB64655812-LeaderElection61] INFO  impl.RoleInfo (RoleInfo.java:shutdownLeaderElection(134)) - 616f1b99-31a5-45f6-b720-41f2d2e626db: shutdown LeaderElection
2019-10-14 14:58:41,329 [616f1b99-31a5-45f6-b720-41f2d2e626db@group-AECB64655812-LeaderElection61] INFO  impl.RaftServerImpl (RaftServerImpl.java:setRole(170)) - 616f1b99-31a5-45f6-b720-41f2d2e626db@group-AECB64655812: changes role from CANDIDATE to LEADER at term 1 for changeToLeader
2019-10-14 14:58:41,329 [616f1b99-31a5-45f6-b720-41f2d2e626db@group-AECB64655812-LeaderElection61] INFO  impl.RaftServerImpl (ServerState.java:setLeader(255)) - 616f1b99-31a5-45f6-b720-41f2d2e626db@group-AECB64655812: change Leader from null to 616f1b99-31a5-45f6-b720-41f2d2e626db at term 1 for becomeLeader, leader elected after 5122ms
2019-10-14 14:58:41,329 [616f1b99-31a5-45f6-b720-41f2d2e626db@group-AECB64655812-LeaderElection61] INFO  server.RaftServerConfigKeys (ConfUtils.java:logGet(43)) - raft.server.staging.catchup.gap = 1000 (default)
2019-10-14 14:58:41,330 [616f1b99-31a5-45f6-b720-41f2d2e626db@group-AECB64655812-LeaderElection61] INFO  server.RaftServerConfigKeys (ConfUtils.java:logGet(43)) - raft.server.rpc.sleep.time = 25ms (default)
2019-10-14 14:58:41,330 [616f1b99-31a5-45f6-b720-41f2d2e626db@group-AECB64655812-LeaderElection61] INFO  server.RaftServerConfigKeys (ConfUtils.java:logGet(43)) - raft.server.write.element-limit = 4096 (default)
2019-10-14 14:58:41,330 [616f1b99-31a5-45f6-b720-41f2d2e626db@group-AECB64655812-LeaderElection61] INFO  server.RaftServerConfigKeys (ConfUtils.java:logGet(43)) - raft.server.watch.timeout = 10s (default)
2019-10-14 14:58:41,330 [Thread-2326] INFO  impl.FollowerState (FollowerState.java:run(108)) - c323476f-5c38-4769-99fb-556cb7798765@group-4DA7A79C1DAA-FollowerState: change to CANDIDATE, lastRpcTime:5199ms, electionTimeout:5199ms
2019-10-14 14:58:41,330 [616f1b99-31a5-45f6-b720-41f2d2e626db@group-AECB64655812-LeaderElection61] INFO  server.RaftServerConfigKeys (ConfUtils.java:logGet(43)) - raft.server.watch.timeout.denomination = 1s (default)
2019-10-14 14:58:41,330 [Thread-2326] INFO  impl.RoleInfo (RoleInfo.java:shutdownFollowerState(121)) - c323476f-5c38-4769-99fb-556cb7798765: shutdown FollowerState
2019-10-14 14:58:41,331 [616f1b99-31a5-45f6-b720-41f2d2e626db@group-AECB64655812-LeaderElection61] INFO  server.RaftServerConfigKeys (ConfUtils.java:logGet(43)) - raft.server.watch.element-limit = 65536 (default)
2019-10-14 14:58:41,331 [Thread-2326] INFO  impl.RaftServerImpl (RaftServerImpl.java:setRole(170)) - c323476f-5c38-4769-99fb-556cb7798765@group-4DA7A79C1DAA: changes role from  FOLLOWER to CANDIDATE at term 0 for changeToCandidate
2019-10-14 14:58:41,331 [Thread-2326] INFO  impl.RoleInfo (RoleInfo.java:updateAndGet(143)) - c323476f-5c38-4769-99fb-556cb7798765: start LeaderElection
2019-10-14 14:58:41,345 [616f1b99-31a5-45f6-b720-41f2d2e626db@group-AECB64655812-LeaderElection61] INFO  impl.RoleInfo (RoleInfo.java:updateAndGet(143)) - 616f1b99-31a5-45f6-b720-41f2d2e626db: start LeaderState
2019-10-14 14:58:41,345 [616f1b99-31a5-45f6-b720-41f2d2e626db@group-AECB64655812-LeaderElection61] INFO  segmented.SegmentedRaftLogWorker (SegmentedRaftLogWorker.java:startLogSegment(385)) - 616f1b99-31a5-45f6-b720-41f2d2e626db@group-AECB64655812-SegmentedRaftLogWorker: Starting segment from index:0
2019-10-14 14:58:41,346 [616f1b99-31a5-45f6-b720-41f2d2e626db@group-AECB64655812-LeaderElection61] INFO  impl.RaftServerImpl (ServerState.java:setRaftConf(356)) - 616f1b99-31a5-45f6-b720-41f2d2e626db@group-AECB64655812: set configuration 0: [616f1b99-31a5-45f6-b720-41f2d2e626db:192.168.164.216:45136], old=null at 0
2019-10-14 14:58:41,365 [Thread-2332] INFO  impl.FollowerState (FollowerState.java:run(108)) - 37a2767d-935e-4cba-a62e-beeeb057370c@group-16135A8CE9BA-FollowerState: change to CANDIDATE, lastRpcTime:5059ms, electionTimeout:5059ms
2019-10-14 14:58:41,365 [Thread-2332] INFO  impl.RoleInfo (RoleInfo.java:shutdownFollowerState(121)) - 37a2767d-935e-4cba-a62e-beeeb057370c: shutdown FollowerState
2019-10-14 14:58:41,365 [Thread-2332] INFO  impl.RaftServerImpl (RaftServerImpl.java:setRole(170)) - 37a2767d-935e-4cba-a62e-beeeb057370c@group-16135A8CE9BA: changes role from  FOLLOWER to CANDIDATE at term 0 for changeToCandidate
2019-10-14 14:58:41,365 [Thread-2332] INFO  impl.RoleInfo (RoleInfo.java:updateAndGet(143)) - 37a2767d-935e-4cba-a62e-beeeb057370c: start LeaderElection
2019-10-14 14:58:41,388 [c323476f-5c38-4769-99fb-556cb7798765@group-4DA7A79C1DAA-LeaderElection62] INFO  impl.LeaderElection (LeaderElection.java:askForVotes(178)) - c323476f-5c38-4769-99fb-556cb7798765@group-4DA7A79C1DAA-LeaderElection62: begin an election at term 1 for -1: [c323476f-5c38-4769-99fb-556cb7798765:192.168.164.216:37657], old=null
2019-10-14 14:58:41,388 [c323476f-5c38-4769-99fb-556cb7798765@group-4DA7A79C1DAA-LeaderElection62] INFO  impl.RoleInfo (RoleInfo.java:shutdownLeaderElection(134)) - c323476f-5c38-4769-99fb-556cb7798765: shutdown LeaderElection
2019-10-14 14:58:41,389 [c323476f-5c38-4769-99fb-556cb7798765@group-4DA7A79C1DAA-LeaderElection62] INFO  impl.RaftServerImpl (RaftServerImpl.java:setRole(170)) - c323476f-5c38-4769-99fb-556cb7798765@group-4DA7A79C1DAA: changes role from CANDIDATE to LEADER at term 1 for changeToLeader
2019-10-14 14:58:41,389 [c323476f-5c38-4769-99fb-556cb7798765@group-4DA7A79C1DAA-LeaderElection62] INFO  impl.RaftServerImpl (ServerState.java:setLeader(255)) - c323476f-5c38-4769-99fb-556cb7798765@group-4DA7A79C1DAA: change Leader from null to c323476f-5c38-4769-99fb-556cb7798765 at term 1 for becomeLeader, leader elected after 5265ms
2019-10-14 14:58:41,389 [c323476f-5c38-4769-99fb-556cb7798765@group-4DA7A79C1DAA-LeaderElection62] INFO  server.RaftServerConfigKeys (ConfUtils.java:logGet(43)) - raft.server.staging.catchup.gap = 1000 (default)
2019-10-14 14:58:41,389 [c323476f-5c38-4769-99fb-556cb7798765@group-4DA7A79C1DAA-LeaderElection62] INFO  server.RaftServerConfigKeys (ConfUtils.java:logGet(43)) - raft.server.rpc.sleep.time = 25ms (default)
2019-10-14 14:58:41,389 [c323476f-5c38-4769-99fb-556cb7798765@group-4DA7A79C1DAA-LeaderElection62] INFO  server.RaftServerConfigKeys (ConfUtils.java:logGet(43)) - raft.server.write.element-limit = 4096 (default)
2019-10-14 14:58:41,389 [c323476f-5c38-4769-99fb-556cb7798765@group-4DA7A79C1DAA-LeaderElection62] INFO  server.RaftServerConfigKeys (ConfUtils.java:logGet(43)) - raft.server.watch.timeout = 10s (default)
2019-10-14 14:58:41,390 [c323476f-5c38-4769-99fb-556cb7798765@group-4DA7A79C1DAA-LeaderElection62] INFO  server.RaftServerConfigKeys (ConfUtils.java:logGet(43)) - raft.server.watch.timeout.denomination = 1s (default)
2019-10-14 14:58:41,390 [c323476f-5c38-4769-99fb-556cb7798765@group-4DA7A79C1DAA-LeaderElection62] INFO  server.RaftServerConfigKeys (ConfUtils.java:logGet(43)) - raft.server.watch.element-limit = 65536 (default)
2019-10-14 14:58:41,391 [c323476f-5c38-4769-99fb-556cb7798765@group-4DA7A79C1DAA-LeaderElection62] INFO  impl.RoleInfo (RoleInfo.java:updateAndGet(143)) - c323476f-5c38-4769-99fb-556cb7798765: start LeaderState
2019-10-14 14:58:41,392 [c323476f-5c38-4769-99fb-556cb7798765@group-4DA7A79C1DAA-LeaderElection62] INFO  segmented.SegmentedRaftLogWorker (SegmentedRaftLogWorker.java:startLogSegment(385)) - c323476f-5c38-4769-99fb-556cb7798765@group-4DA7A79C1DAA-SegmentedRaftLogWorker: Starting segment from index:0
2019-10-14 14:58:41,392 [Thread-2339] INFO  impl.FollowerState (FollowerState.java:run(108)) - 37a2767d-935e-4cba-a62e-beeeb057370c@group-EB89E89DFD9D-FollowerState: change to CANDIDATE, lastRpcTime:5013ms, electionTimeout:5013ms
2019-10-14 14:58:41,392 [Thread-2339] INFO  impl.RoleInfo (RoleInfo.java:shutdownFollowerState(121)) - 37a2767d-935e-4cba-a62e-beeeb057370c: shutdown FollowerState
2019-10-14 14:58:41,392 [c323476f-5c38-4769-99fb-556cb7798765@group-4DA7A79C1DAA-LeaderElection62] INFO  impl.RaftServerImpl (ServerState.java:setRaftConf(356)) - c323476f-5c38-4769-99fb-556cb7798765@group-4DA7A79C1DAA: set configuration 0: [c323476f-5c38-4769-99fb-556cb7798765:192.168.164.216:37657], old=null at 0
2019-10-14 14:58:41,392 [Thread-2339] INFO  impl.RaftServerImpl (RaftServerImpl.java:setRole(170)) - 37a2767d-935e-4cba-a62e-beeeb057370c@group-EB89E89DFD9D: changes role from  FOLLOWER to CANDIDATE at term 0 for changeToCandidate
2019-10-14 14:58:41,393 [Thread-2339] INFO  impl.RoleInfo (RoleInfo.java:updateAndGet(143)) - 37a2767d-935e-4cba-a62e-beeeb057370c: start LeaderElection
2019-10-14 14:58:41,414 [616f1b99-31a5-45f6-b720-41f2d2e626db@group-AECB64655812-SegmentedRaftLogWorker] INFO  segmented.SegmentedRaftLogWorker (SegmentedRaftLogWorker.java:execute(574)) - 616f1b99-31a5-45f6-b720-41f2d2e626db@group-AECB64655812-SegmentedRaftLogWorker: created new log segment /workdir/hadoop-ozone/integration-test/target/test-dir/MiniOzoneClusterImpl-a880bd18-28f5-415e-9d8b-b89ede6c483e/datanode-1/data/ratis/1a48934e-bfa3-4897-8c11-aecb64655812/current/log_inprogress_0
2019-10-14 14:58:41,414 [37a2767d-935e-4cba-a62e-beeeb057370c@group-16135A8CE9BA-LeaderElection63] INFO  impl.LeaderElection (LeaderElection.java:askForVotes(178)) - 37a2767d-935e-4cba-a62e-beeeb057370c@group-16135A8CE9BA-LeaderElection63: begin an election at term 1 for -1: [37a2767d-935e-4cba-a62e-beeeb057370c:192.168.164.216:33344], old=null
2019-10-14 14:58:41,419 [37a2767d-935e-4cba-a62e-beeeb057370c@group-16135A8CE9BA-LeaderElection63] INFO  impl.RoleInfo (RoleInfo.java:shutdownLeaderElection(134)) - 37a2767d-935e-4cba-a62e-beeeb057370c: shutdown LeaderElection
2019-10-14 14:58:41,419 [37a2767d-935e-4cba-a62e-beeeb057370c@group-16135A8CE9BA-LeaderElection63] INFO  impl.RaftServerImpl (RaftServerImpl.java:setRole(170)) - 37a2767d-935e-4cba-a62e-beeeb057370c@group-16135A8CE9BA: changes role from CANDIDATE to LEADER at term 1 for changeToLeader
2019-10-14 14:58:41,419 [37a2767d-935e-4cba-a62e-beeeb057370c@group-16135A8CE9BA-LeaderElection63] INFO  impl.RaftServerImpl (ServerState.java:setLeader(255)) - 37a2767d-935e-4cba-a62e-beeeb057370c@group-16135A8CE9BA: change Leader from null to 37a2767d-935e-4cba-a62e-beeeb057370c at term 1 for becomeLeader, leader elected after 5119ms
2019-10-14 14:58:41,419 [37a2767d-935e-4cba-a62e-beeeb057370c@group-16135A8CE9BA-LeaderElection63] INFO  server.RaftServerConfigKeys (ConfUtils.java:logGet(43)) - raft.server.staging.catchup.gap = 1000 (default)
2019-10-14 14:58:41,419 [37a2767d-935e-4cba-a62e-beeeb057370c@group-16135A8CE9BA-LeaderElection63] INFO  server.RaftServerConfigKeys (ConfUtils.java:logGet(43)) - raft.server.rpc.sleep.time = 25ms (default)
2019-10-14 14:58:41,419 [37a2767d-935e-4cba-a62e-beeeb057370c@group-16135A8CE9BA-LeaderElection63] INFO  server.RaftServerConfigKeys (ConfUtils.java:logGet(43)) - raft.server.write.element-limit = 4096 (default)
2019-10-14 14:58:41,419 [37a2767d-935e-4cba-a62e-beeeb057370c@group-16135A8CE9BA-LeaderElection63] INFO  server.RaftServerConfigKeys (ConfUtils.java:logGet(43)) - raft.server.watch.timeout = 10s (default)
2019-10-14 14:58:41,419 [37a2767d-935e-4cba-a62e-beeeb057370c@group-16135A8CE9BA-LeaderElection63] INFO  server.RaftServerConfigKeys (ConfUtils.java:logGet(43)) - raft.server.watch.timeout.denomination = 1s (default)
2019-10-14 14:58:41,419 [37a2767d-935e-4cba-a62e-beeeb057370c@group-16135A8CE9BA-LeaderElection63] INFO  server.RaftServerConfigKeys (ConfUtils.java:logGet(43)) - raft.server.watch.element-limit = 65536 (default)
2019-10-14 14:58:41,420 [37a2767d-935e-4cba-a62e-beeeb057370c@group-16135A8CE9BA-LeaderElection63] INFO  impl.RoleInfo (RoleInfo.java:updateAndGet(143)) - 37a2767d-935e-4cba-a62e-beeeb057370c: start LeaderState
2019-10-14 14:58:41,421 [37a2767d-935e-4cba-a62e-beeeb057370c@group-16135A8CE9BA-LeaderElection63] INFO  segmented.SegmentedRaftLogWorker (SegmentedRaftLogWorker.java:startLogSegment(385)) - 37a2767d-935e-4cba-a62e-beeeb057370c@group-16135A8CE9BA-SegmentedRaftLogWorker: Starting segment from index:0
2019-10-14 14:58:41,421 [37a2767d-935e-4cba-a62e-beeeb057370c@group-16135A8CE9BA-LeaderElection63] INFO  impl.RaftServerImpl (ServerState.java:setRaftConf(356)) - 37a2767d-935e-4cba-a62e-beeeb057370c@group-16135A8CE9BA: set configuration 0: [37a2767d-935e-4cba-a62e-beeeb057370c:192.168.164.216:33344], old=null at 0
2019-10-14 14:58:41,434 [Thread-2337] INFO  impl.FollowerState (FollowerState.java:run(108)) - 616f1b99-31a5-45f6-b720-41f2d2e626db@group-EB89E89DFD9D-FollowerState: change to CANDIDATE, lastRpcTime:5057ms, electionTimeout:5057ms
2019-10-14 14:58:41,434 [Thread-2337] INFO  impl.RoleInfo (RoleInfo.java:shutdownFollowerState(121)) - 616f1b99-31a5-45f6-b720-41f2d2e626db: shutdown FollowerState
2019-10-14 14:58:41,434 [Thread-2337] INFO  impl.RaftServerImpl (RaftServerImpl.java:setRole(170)) - 616f1b99-31a5-45f6-b720-41f2d2e626db@group-EB89E89DFD9D: changes role from  FOLLOWER to CANDIDATE at term 0 for changeToCandidate
2019-10-14 14:58:41,434 [Thread-2337] INFO  impl.RoleInfo (RoleInfo.java:updateAndGet(143)) - 616f1b99-31a5-45f6-b720-41f2d2e626db: start LeaderElection
2019-10-14 14:58:41,451 [Thread-2338] INFO  impl.FollowerState (FollowerState.java:run(108)) - c323476f-5c38-4769-99fb-556cb7798765@group-EB89E89DFD9D-FollowerState: change to CANDIDATE, lastRpcTime:5072ms, electionTimeout:5063ms
2019-10-14 14:58:41,451 [c323476f-5c38-4769-99fb-556cb7798765@group-4DA7A79C1DAA-SegmentedRaftLogWorker] INFO  segmented.SegmentedRaftLogWorker (SegmentedRaftLogWorker.java:execute(574)) - c323476f-5c38-4769-99fb-556cb7798765@group-4DA7A79C1DAA-SegmentedRaftLogWorker: created new log segment /workdir/hadoop-ozone/integration-test/target/test-dir/MiniOzoneClusterImpl-a880bd18-28f5-415e-9d8b-b89ede6c483e/datanode-0/data/ratis/14211fba-b710-42b1-9076-4da7a79c1daa/current/log_inprogress_0
2019-10-14 14:58:41,451 [Thread-2338] INFO  impl.RoleInfo (RoleInfo.java:shutdownFollowerState(121)) - c323476f-5c38-4769-99fb-556cb7798765: shutdown FollowerState
2019-10-14 14:58:41,451 [37a2767d-935e-4cba-a62e-beeeb057370c@group-EB89E89DFD9D-LeaderElection64] INFO  impl.LeaderElection (LeaderElection.java:askForVotes(178)) - 37a2767d-935e-4cba-a62e-beeeb057370c@group-EB89E89DFD9D-LeaderElection64: begin an election at term 1 for -1: [c323476f-5c38-4769-99fb-556cb7798765:192.168.164.216:37657, 616f1b99-31a5-45f6-b720-41f2d2e626db:192.168.164.216:45136, 37a2767d-935e-4cba-a62e-beeeb057370c:192.168.164.216:33344], old=null
2019-10-14 14:58:41,451 [Thread-2338] INFO  impl.RaftServerImpl (RaftServerImpl.java:setRole(170)) - c323476f-5c38-4769-99fb-556cb7798765@group-EB89E89DFD9D: changes role from  FOLLOWER to CANDIDATE at term 0 for changeToCandidate
2019-10-14 14:58:41,456 [Thread-2338] INFO  impl.RoleInfo (RoleInfo.java:updateAndGet(143)) - c323476f-5c38-4769-99fb-556cb7798765: start LeaderElection
2019-10-14 14:58:41,473 [37a2767d-935e-4cba-a62e-beeeb057370c@group-16135A8CE9BA-SegmentedRaftLogWorker] INFO  segmented.SegmentedRaftLogWorker (SegmentedRaftLogWorker.java:execute(574)) - 37a2767d-935e-4cba-a62e-beeeb057370c@group-16135A8CE9BA-SegmentedRaftLogWorker: created new log segment /workdir/hadoop-ozone/integration-test/target/test-dir/MiniOzoneClusterImpl-a880bd18-28f5-415e-9d8b-b89ede6c483e/datanode-2/data/ratis/5e30db72-fbc5-4193-912f-16135a8ce9ba/current/log_inprogress_0
2019-10-14 14:58:41,473 [c323476f-5c38-4769-99fb-556cb7798765@group-EB89E89DFD9D-LeaderElection66] INFO  impl.LeaderElection (LeaderElection.java:askForVotes(178)) - c323476f-5c38-4769-99fb-556cb7798765@group-EB89E89DFD9D-LeaderElection66: begin an election at term 1 for -1: [c323476f-5c38-4769-99fb-556cb7798765:192.168.164.216:37657, 616f1b99-31a5-45f6-b720-41f2d2e626db:192.168.164.216:45136, 37a2767d-935e-4cba-a62e-beeeb057370c:192.168.164.216:33344], old=null
2019-10-14 14:58:41,473 [616f1b99-31a5-45f6-b720-41f2d2e626db@group-EB89E89DFD9D-LeaderElection65] INFO  impl.LeaderElection (LeaderElection.java:askForVotes(178)) - 616f1b99-31a5-45f6-b720-41f2d2e626db@group-EB89E89DFD9D-LeaderElection65: begin an election at term 1 for -1: [c323476f-5c38-4769-99fb-556cb7798765:192.168.164.216:37657, 616f1b99-31a5-45f6-b720-41f2d2e626db:192.168.164.216:45136, 37a2767d-935e-4cba-a62e-beeeb057370c:192.168.164.216:33344], old=null
2019-10-14 14:58:41,494 [37a2767d-935e-4cba-a62e-beeeb057370c@group-EB89E89DFD9D-LeaderElection64] INFO  impl.LeaderElection (LeaderElection.java:logAndReturn(56)) - 37a2767d-935e-4cba-a62e-beeeb057370c@group-EB89E89DFD9D-LeaderElection64: Election REJECTED; received 2 response(s) [37a2767d-935e-4cba-a62e-beeeb057370c<-c323476f-5c38-4769-99fb-556cb7798765#0:FAIL-t1, 37a2767d-935e-4cba-a62e-beeeb057370c<-616f1b99-31a5-45f6-b720-41f2d2e626db#0:FAIL-t1] and 0 exception(s); 37a2767d-935e-4cba-a62e-beeeb057370c@group-EB89E89DFD9D:t1, leader=null, voted=37a2767d-935e-4cba-a62e-beeeb057370c, raftlog=37a2767d-935e-4cba-a62e-beeeb057370c@group-EB89E89DFD9D-SegmentedRaftLog:OPENED:c-1,f-1,i0, conf=-1: [c323476f-5c38-4769-99fb-556cb7798765:192.168.164.216:37657, 616f1b99-31a5-45f6-b720-41f2d2e626db:192.168.164.216:45136, 37a2767d-935e-4cba-a62e-beeeb057370c:192.168.164.216:33344], old=null
2019-10-14 14:58:41,494 [37a2767d-935e-4cba-a62e-beeeb057370c@group-EB89E89DFD9D-LeaderElection64] INFO  impl.RaftServerImpl (RaftServerImpl.java:setRole(170)) - 37a2767d-935e-4cba-a62e-beeeb057370c@group-EB89E89DFD9D: changes role from CANDIDATE to FOLLOWER at term 1 for DISCOVERED_A_NEW_TERM
2019-10-14 14:58:41,494 [37a2767d-935e-4cba-a62e-beeeb057370c@group-EB89E89DFD9D-LeaderElection64] INFO  impl.RoleInfo (RoleInfo.java:shutdownLeaderElection(134)) - 37a2767d-935e-4cba-a62e-beeeb057370c: shutdown LeaderElection
2019-10-14 14:58:41,494 [37a2767d-935e-4cba-a62e-beeeb057370c@group-EB89E89DFD9D-LeaderElection64] INFO  impl.RoleInfo (RoleInfo.java:updateAndGet(143)) - 37a2767d-935e-4cba-a62e-beeeb057370c: start FollowerState
2019-10-14 14:58:41,506 [c323476f-5c38-4769-99fb-556cb7798765@group-EB89E89DFD9D-LeaderElection66] INFO  impl.LeaderElection (LeaderElection.java:logAndReturn(56)) - c323476f-5c38-4769-99fb-556cb7798765@group-EB89E89DFD9D-LeaderElection66: Election REJECTED; received 2 response(s) [c323476f-5c38-4769-99fb-556cb7798765<-616f1b99-31a5-45f6-b720-41f2d2e626db#0:FAIL-t1, c323476f-5c38-4769-99fb-556cb7798765<-37a2767d-935e-4cba-a62e-beeeb057370c#0:FAIL-t1] and 0 exception(s); c323476f-5c38-4769-99fb-556cb7798765@group-EB89E89DFD9D:t1, leader=null, voted=c323476f-5c38-4769-99fb-556cb7798765, raftlog=c323476f-5c38-4769-99fb-556cb7798765@group-EB89E89DFD9D-SegmentedRaftLog:OPENED:c-1,f-1,i0, conf=-1: [c323476f-5c38-4769-99fb-556cb7798765:192.168.164.216:37657, 616f1b99-31a5-45f6-b720-41f2d2e626db:192.168.164.216:45136, 37a2767d-935e-4cba-a62e-beeeb057370c:192.168.164.216:33344], old=null
2019-10-14 14:58:41,508 [c323476f-5c38-4769-99fb-556cb7798765@group-EB89E89DFD9D-LeaderElection66] INFO  impl.RaftServerImpl (RaftServerImpl.java:setRole(170)) - c323476f-5c38-4769-99fb-556cb7798765@group-EB89E89DFD9D: changes role from CANDIDATE to FOLLOWER at term 1 for DISCOVERED_A_NEW_TERM
2019-10-14 14:58:41,509 [c323476f-5c38-4769-99fb-556cb7798765@group-EB89E89DFD9D-LeaderElection66] INFO  impl.RoleInfo (RoleInfo.java:shutdownLeaderElection(134)) - c323476f-5c38-4769-99fb-556cb7798765: shutdown LeaderElection
2019-10-14 14:58:41,509 [616f1b99-31a5-45f6-b720-41f2d2e626db@group-EB89E89DFD9D-LeaderElection65] INFO  impl.LeaderElection (LeaderElection.java:logAndReturn(56)) - 616f1b99-31a5-45f6-b720-41f2d2e626db@group-EB89E89DFD9D-LeaderElection65: Election REJECTED; received 2 response(s) [616f1b99-31a5-45f6-b720-41f2d2e626db<-c323476f-5c38-4769-99fb-556cb7798765#0:FAIL-t1, 616f1b99-31a5-45f6-b720-41f2d2e626db<-37a2767d-935e-4cba-a62e-beeeb057370c#0:FAIL-t1] and 0 exception(s); 616f1b99-31a5-45f6-b720-41f2d2e626db@group-EB89E89DFD9D:t1, leader=null, voted=616f1b99-31a5-45f6-b720-41f2d2e626db, raftlog=616f1b99-31a5-45f6-b720-41f2d2e626db@group-EB89E89DFD9D-SegmentedRaftLog:OPENED:c-1,f-1,i0, conf=-1: [c323476f-5c38-4769-99fb-556cb7798765:192.168.164.216:37657, 616f1b99-31a5-45f6-b720-41f2d2e626db:192.168.164.216:45136, 37a2767d-935e-4cba-a62e-beeeb057370c:192.168.164.216:33344], old=null
2019-10-14 14:58:41,509 [c323476f-5c38-4769-99fb-556cb7798765@group-EB89E89DFD9D-LeaderElection66] INFO  impl.RoleInfo (RoleInfo.java:updateAndGet(143)) - c323476f-5c38-4769-99fb-556cb7798765: start FollowerState
2019-10-14 14:58:41,511 [616f1b99-31a5-45f6-b720-41f2d2e626db@group-EB89E89DFD9D-LeaderElection65] INFO  impl.RaftServerImpl (RaftServerImpl.java:setRole(170)) - 616f1b99-31a5-45f6-b720-41f2d2e626db@group-EB89E89DFD9D: changes role from CANDIDATE to FOLLOWER at term 1 for DISCOVERED_A_NEW_TERM
2019-10-14 14:58:41,514 [616f1b99-31a5-45f6-b720-41f2d2e626db@group-EB89E89DFD9D-LeaderElection65] INFO  impl.RoleInfo (RoleInfo.java:shutdownLeaderElection(134)) - 616f1b99-31a5-45f6-b720-41f2d2e626db: shutdown LeaderElection
2019-10-14 14:58:41,514 [616f1b99-31a5-45f6-b720-41f2d2e626db@group-EB89E89DFD9D-LeaderElection65] INFO  impl.RoleInfo (RoleInfo.java:updateAndGet(143)) - 616f1b99-31a5-45f6-b720-41f2d2e626db: start FollowerState
2019-10-14 14:58:41,590 [Thread-2347] INFO  impl.FollowerState (FollowerState.java:run(108)) - 5a2d4283-dcb2-43f2-8472-9072fc048d16@group-0C9B90643A56-FollowerState: change to CANDIDATE, lastRpcTime:5008ms, electionTimeout:5008ms
2019-10-14 14:58:41,591 [Thread-2347] INFO  impl.RoleInfo (RoleInfo.java:shutdownFollowerState(121)) - 5a2d4283-dcb2-43f2-8472-9072fc048d16: shutdown FollowerState
2019-10-14 14:58:41,591 [Thread-2347] INFO  impl.RaftServerImpl (RaftServerImpl.java:setRole(170)) - 5a2d4283-dcb2-43f2-8472-9072fc048d16@group-0C9B90643A56: changes role from  FOLLOWER to CANDIDATE at term 0 for changeToCandidate
2019-10-14 14:58:41,591 [Thread-2347] INFO  impl.RoleInfo (RoleInfo.java:updateAndGet(143)) - 5a2d4283-dcb2-43f2-8472-9072fc048d16: start LeaderElection
2019-10-14 14:58:41,619 [5a2d4283-dcb2-43f2-8472-9072fc048d16@group-0C9B90643A56-LeaderElection67] INFO  impl.LeaderElection (LeaderElection.java:askForVotes(178)) - 5a2d4283-dcb2-43f2-8472-9072fc048d16@group-0C9B90643A56-LeaderElection67: begin an election at term 1 for -1: [5a2d4283-dcb2-43f2-8472-9072fc048d16:192.168.164.216:46032], old=null
2019-10-14 14:58:41,619 [5a2d4283-dcb2-43f2-8472-9072fc048d16@group-0C9B90643A56-LeaderElection67] INFO  impl.RoleInfo (RoleInfo.java:shutdownLeaderElection(134)) - 5a2d4283-dcb2-43f2-8472-9072fc048d16: shutdown LeaderElection
2019-10-14 14:58:41,619 [5a2d4283-dcb2-43f2-8472-9072fc048d16@group-0C9B90643A56-LeaderElection67] INFO  impl.RaftServerImpl (RaftServerImpl.java:setRole(170)) - 5a2d4283-dcb2-43f2-8472-9072fc048d16@group-0C9B90643A56: changes role from CANDIDATE to LEADER at term 1 for changeToLeader
2019-10-14 14:58:41,619 [5a2d4283-dcb2-43f2-8472-9072fc048d16@group-0C9B90643A56-LeaderElection67] INFO  impl.RaftServerImpl (ServerState.java:setLeader(255)) - 5a2d4283-dcb2-43f2-8472-9072fc048d16@group-0C9B90643A56: change Leader from null to 5a2d4283-dcb2-43f2-8472-9072fc048d16 at term 1 for becomeLeader, leader elected after 5044ms
2019-10-14 14:58:41,620 [5a2d4283-dcb2-43f2-8472-9072fc048d16@group-0C9B90643A56-LeaderElection67] INFO  server.RaftServerConfigKeys (ConfUtils.java:logGet(43)) - raft.server.staging.catchup.gap = 1000 (default)
2019-10-14 14:58:41,620 [5a2d4283-dcb2-43f2-8472-9072fc048d16@group-0C9B90643A56-LeaderElection67] INFO  server.RaftServerConfigKeys (ConfUtils.java:logGet(43)) - raft.server.rpc.sleep.time = 25ms (default)
2019-10-14 14:58:41,620 [5a2d4283-dcb2-43f2-8472-9072fc048d16@group-0C9B90643A56-LeaderElection67] INFO  server.RaftServerConfigKeys (ConfUtils.java:logGet(43)) - raft.server.write.element-limit = 4096 (default)
2019-10-14 14:58:41,620 [5a2d4283-dcb2-43f2-8472-9072fc048d16@group-0C9B90643A56-LeaderElection67] INFO  server.RaftServerConfigKeys (ConfUtils.java:logGet(43)) - raft.server.watch.timeout = 10s (default)
2019-10-14 14:58:41,620 [5a2d4283-dcb2-43f2-8472-9072fc048d16@group-0C9B90643A56-LeaderElection67] INFO  server.RaftServerConfigKeys (ConfUtils.java:logGet(43)) - raft.server.watch.timeout.denomination = 1s (default)
2019-10-14 14:58:41,620 [5a2d4283-dcb2-43f2-8472-9072fc048d16@group-0C9B90643A56-LeaderElection67] INFO  server.RaftServerConfigKeys (ConfUtils.java:logGet(43)) - raft.server.watch.element-limit = 65536 (default)
2019-10-14 14:58:41,622 [5a2d4283-dcb2-43f2-8472-9072fc048d16@group-0C9B90643A56-LeaderElection67] INFO  impl.RoleInfo (RoleInfo.java:updateAndGet(143)) - 5a2d4283-dcb2-43f2-8472-9072fc048d16: start LeaderState
2019-10-14 14:58:41,623 [5a2d4283-dcb2-43f2-8472-9072fc048d16@group-0C9B90643A56-LeaderElection67] INFO  segmented.SegmentedRaftLogWorker (SegmentedRaftLogWorker.java:startLogSegment(385)) - 5a2d4283-dcb2-43f2-8472-9072fc048d16@group-0C9B90643A56-SegmentedRaftLogWorker: Starting segment from index:0
2019-10-14 14:58:41,623 [5a2d4283-dcb2-43f2-8472-9072fc048d16@group-0C9B90643A56-LeaderElection67] INFO  impl.RaftServerImpl (ServerState.java:setRaftConf(356)) - 5a2d4283-dcb2-43f2-8472-9072fc048d16@group-0C9B90643A56: set configuration 0: [5a2d4283-dcb2-43f2-8472-9072fc048d16:192.168.164.216:46032], old=null at 0
2019-10-14 14:58:41,643 [Thread-2344] INFO  impl.FollowerState (FollowerState.java:run(108)) - c0afbdc0-0481-4ab5-b678-8eaf8869b693@group-C6B4DF3B4B6A-FollowerState: change to CANDIDATE, lastRpcTime:5136ms, electionTimeout:5136ms
2019-10-14 14:58:41,643 [Thread-2344] INFO  impl.RoleInfo (RoleInfo.java:shutdownFollowerState(121)) - c0afbdc0-0481-4ab5-b678-8eaf8869b693: shutdown FollowerState
2019-10-14 14:58:41,643 [Thread-2344] INFO  impl.RaftServerImpl (RaftServerImpl.java:setRole(170)) - c0afbdc0-0481-4ab5-b678-8eaf8869b693@group-C6B4DF3B4B6A: changes role from  FOLLOWER to CANDIDATE at term 0 for changeToCandidate
2019-10-14 14:58:41,643 [Thread-2344] INFO  impl.RoleInfo (RoleInfo.java:updateAndGet(143)) - c0afbdc0-0481-4ab5-b678-8eaf8869b693: start LeaderElection
2019-10-14 14:58:41,677 [5a2d4283-dcb2-43f2-8472-9072fc048d16@group-0C9B90643A56-SegmentedRaftLogWorker] INFO  segmented.SegmentedRaftLogWorker (SegmentedRaftLogWorker.java:execute(574)) - 5a2d4283-dcb2-43f2-8472-9072fc048d16@group-0C9B90643A56-SegmentedRaftLogWorker: created new log segment /workdir/hadoop-ozone/integration-test/target/test-dir/MiniOzoneClusterImpl-a880bd18-28f5-415e-9d8b-b89ede6c483e/datanode-4/data/ratis/fe4ff0df-8929-4462-9e92-0c9b90643a56/current/log_inprogress_0
2019-10-14 14:58:41,677 [c0afbdc0-0481-4ab5-b678-8eaf8869b693@group-C6B4DF3B4B6A-LeaderElection68] INFO  impl.LeaderElection (LeaderElection.java:askForVotes(178)) - c0afbdc0-0481-4ab5-b678-8eaf8869b693@group-C6B4DF3B4B6A-LeaderElection68: begin an election at term 1 for -1: [c0afbdc0-0481-4ab5-b678-8eaf8869b693:192.168.164.216:37407], old=null
2019-10-14 14:58:41,678 [c0afbdc0-0481-4ab5-b678-8eaf8869b693@group-C6B4DF3B4B6A-LeaderElection68] INFO  impl.RoleInfo (RoleInfo.java:shutdownLeaderElection(134)) - c0afbdc0-0481-4ab5-b678-8eaf8869b693: shutdown LeaderElection
2019-10-14 14:58:41,678 [c0afbdc0-0481-4ab5-b678-8eaf8869b693@group-C6B4DF3B4B6A-LeaderElection68] INFO  impl.RaftServerImpl (RaftServerImpl.java:setRole(170)) - c0afbdc0-0481-4ab5-b678-8eaf8869b693@group-C6B4DF3B4B6A: changes role from CANDIDATE to LEADER at term 1 for changeToLeader
2019-10-14 14:58:41,678 [c0afbdc0-0481-4ab5-b678-8eaf8869b693@group-C6B4DF3B4B6A-LeaderElection68] INFO  impl.RaftServerImpl (ServerState.java:setLeader(255)) - c0afbdc0-0481-4ab5-b678-8eaf8869b693@group-C6B4DF3B4B6A: change Leader from null to c0afbdc0-0481-4ab5-b678-8eaf8869b693 at term 1 for becomeLeader, leader elected after 5182ms
2019-10-14 14:58:41,678 [c0afbdc0-0481-4ab5-b678-8eaf8869b693@group-C6B4DF3B4B6A-LeaderElection68] INFO  server.RaftServerConfigKeys (ConfUtils.java:logGet(43)) - raft.server.staging.catchup.gap = 1000 (default)
2019-10-14 14:58:41,678 [c0afbdc0-0481-4ab5-b678-8eaf8869b693@group-C6B4DF3B4B6A-LeaderElection68] INFO  server.RaftServerConfigKeys (ConfUtils.java:logGet(43)) - raft.server.rpc.sleep.time = 25ms (default)
2019-10-14 14:58:41,678 [c0afbdc0-0481-4ab5-b678-8eaf8869b693@group-C6B4DF3B4B6A-LeaderElection68] INFO  server.RaftServerConfigKeys (ConfUtils.java:logGet(43)) - raft.server.write.element-limit = 4096 (default)
2019-10-14 14:58:41,678 [c0afbdc0-0481-4ab5-b678-8eaf8869b693@group-C6B4DF3B4B6A-LeaderElection68] INFO  server.RaftServerConfigKeys (ConfUtils.java:logGet(43)) - raft.server.watch.timeout = 10s (default)
2019-10-14 14:58:41,678 [c0afbdc0-0481-4ab5-b678-8eaf8869b693@group-C6B4DF3B4B6A-LeaderElection68] INFO  server.RaftServerConfigKeys (ConfUtils.java:logGet(43)) - raft.server.watch.timeout.denomination = 1s (default)
2019-10-14 14:58:41,679 [c0afbdc0-0481-4ab5-b678-8eaf8869b693@group-C6B4DF3B4B6A-LeaderElection68] INFO  server.RaftServerConfigKeys (ConfUtils.java:logGet(43)) - raft.server.watch.element-limit = 65536 (default)
2019-10-14 14:58:41,681 [c0afbdc0-0481-4ab5-b678-8eaf8869b693@group-C6B4DF3B4B6A-LeaderElection68] INFO  impl.RoleInfo (RoleInfo.java:updateAndGet(143)) - c0afbdc0-0481-4ab5-b678-8eaf8869b693: start LeaderState
2019-10-14 14:58:41,681 [c0afbdc0-0481-4ab5-b678-8eaf8869b693@group-C6B4DF3B4B6A-LeaderElection68] INFO  segmented.SegmentedRaftLogWorker (SegmentedRaftLogWorker.java:startLogSegment(385)) - c0afbdc0-0481-4ab5-b678-8eaf8869b693@group-C6B4DF3B4B6A-SegmentedRaftLogWorker: Starting segment from index:0
2019-10-14 14:58:41,682 [c0afbdc0-0481-4ab5-b678-8eaf8869b693@group-C6B4DF3B4B6A-LeaderElection68] INFO  impl.RaftServerImpl (ServerState.java:setRaftConf(356)) - c0afbdc0-0481-4ab5-b678-8eaf8869b693@group-C6B4DF3B4B6A: set configuration 0: [c0afbdc0-0481-4ab5-b678-8eaf8869b693:192.168.164.216:37407], old=null at 0
2019-10-14 14:58:41,713 [Thread-2350] INFO  impl.FollowerState (FollowerState.java:run(108)) - d6f6fde8-d674-482a-b318-645e2d559205@group-4C0E17447E07-FollowerState: change to CANDIDATE, lastRpcTime:5046ms, electionTimeout:5046ms
2019-10-14 14:58:41,713 [Thread-2350] INFO  impl.RoleInfo (RoleInfo.java:shutdownFollowerState(121)) - d6f6fde8-d674-482a-b318-645e2d559205: shutdown FollowerState
2019-10-14 14:58:41,713 [Thread-2350] INFO  impl.RaftServerImpl (RaftServerImpl.java:setRole(170)) - d6f6fde8-d674-482a-b318-645e2d559205@group-4C0E17447E07: changes role from  FOLLOWER to CANDIDATE at term 0 for changeToCandidate
2019-10-14 14:58:41,713 [Thread-2350] INFO  impl.RoleInfo (RoleInfo.java:updateAndGet(143)) - d6f6fde8-d674-482a-b318-645e2d559205: start LeaderElection
2019-10-14 14:58:41,742 [c0afbdc0-0481-4ab5-b678-8eaf8869b693@group-C6B4DF3B4B6A-SegmentedRaftLogWorker] INFO  segmented.SegmentedRaftLogWorker (SegmentedRaftLogWorker.java:execute(574)) - c0afbdc0-0481-4ab5-b678-8eaf8869b693@group-C6B4DF3B4B6A-SegmentedRaftLogWorker: created new log segment /workdir/hadoop-ozone/integration-test/target/test-dir/MiniOzoneClusterImpl-a880bd18-28f5-415e-9d8b-b89ede6c483e/datanode-3/data/ratis/01d74ac2-9785-4f88-858c-c6b4df3b4b6a/current/log_inprogress_0
2019-10-14 14:58:41,759 [d6f6fde8-d674-482a-b318-645e2d559205@group-4C0E17447E07-LeaderElection69] INFO  impl.LeaderElection (LeaderElection.java:askForVotes(178)) - d6f6fde8-d674-482a-b318-645e2d559205@group-4C0E17447E07-LeaderElection69: begin an election at term 1 for -1: [d6f6fde8-d674-482a-b318-645e2d559205:192.168.164.216:34908], old=null
2019-10-14 14:58:41,759 [d6f6fde8-d674-482a-b318-645e2d559205@group-4C0E17447E07-LeaderElection69] INFO  impl.RoleInfo (RoleInfo.java:shutdownLeaderElection(134)) - d6f6fde8-d674-482a-b318-645e2d559205: shutdown LeaderElection
2019-10-14 14:58:41,759 [d6f6fde8-d674-482a-b318-645e2d559205@group-4C0E17447E07-LeaderElection69] INFO  impl.RaftServerImpl (RaftServerImpl.java:setRole(170)) - d6f6fde8-d674-482a-b318-645e2d559205@group-4C0E17447E07: changes role from CANDIDATE to LEADER at term 1 for changeToLeader
2019-10-14 14:58:41,760 [d6f6fde8-d674-482a-b318-645e2d559205@group-4C0E17447E07-LeaderElection69] INFO  impl.RaftServerImpl (ServerState.java:setLeader(255)) - d6f6fde8-d674-482a-b318-645e2d559205@group-4C0E17447E07: change Leader from null to d6f6fde8-d674-482a-b318-645e2d559205 at term 1 for becomeLeader, leader elected after 5100ms
2019-10-14 14:58:41,760 [d6f6fde8-d674-482a-b318-645e2d559205@group-4C0E17447E07-LeaderElection69] INFO  server.RaftServerConfigKeys (ConfUtils.java:logGet(43)) - raft.server.staging.catchup.gap = 1000 (default)
2019-10-14 14:58:41,760 [d6f6fde8-d674-482a-b318-645e2d559205@group-4C0E17447E07-LeaderElection69] INFO  server.RaftServerConfigKeys (ConfUtils.java:logGet(43)) - raft.server.rpc.sleep.time = 25ms (default)
2019-10-14 14:58:41,760 [d6f6fde8-d674-482a-b318-645e2d559205@group-4C0E17447E07-LeaderElection69] INFO  server.RaftServerConfigKeys (ConfUtils.java:logGet(43)) - raft.server.write.element-limit = 4096 (default)
2019-10-14 14:58:41,760 [d6f6fde8-d674-482a-b318-645e2d559205@group-4C0E17447E07-LeaderElection69] INFO  server.RaftServerConfigKeys (ConfUtils.java:logGet(43)) - raft.server.watch.timeout = 10s (default)
2019-10-14 14:58:41,760 [d6f6fde8-d674-482a-b318-645e2d559205@group-4C0E17447E07-LeaderElection69] INFO  server.RaftServerConfigKeys (ConfUtils.java:logGet(43)) - raft.server.watch.timeout.denomination = 1s (default)
2019-10-14 14:58:41,761 [d6f6fde8-d674-482a-b318-645e2d559205@group-4C0E17447E07-LeaderElection69] INFO  server.RaftServerConfigKeys (ConfUtils.java:logGet(43)) - raft.server.watch.element-limit = 65536 (default)
2019-10-14 14:58:41,762 [d6f6fde8-d674-482a-b318-645e2d559205@group-4C0E17447E07-LeaderElection69] INFO  impl.RoleInfo (RoleInfo.java:updateAndGet(143)) - d6f6fde8-d674-482a-b318-645e2d559205: start LeaderState
2019-10-14 14:58:41,763 [d6f6fde8-d674-482a-b318-645e2d559205@group-4C0E17447E07-LeaderElection69] INFO  segmented.SegmentedRaftLogWorker (SegmentedRaftLogWorker.java:startLogSegment(385)) - d6f6fde8-d674-482a-b318-645e2d559205@group-4C0E17447E07-SegmentedRaftLogWorker: Starting segment from index:0
2019-10-14 14:58:41,763 [d6f6fde8-d674-482a-b318-645e2d559205@group-4C0E17447E07-LeaderElection69] INFO  impl.RaftServerImpl (ServerState.java:setRaftConf(356)) - d6f6fde8-d674-482a-b318-645e2d559205@group-4C0E17447E07: set configuration 0: [d6f6fde8-d674-482a-b318-645e2d559205:192.168.164.216:34908], old=null at 0
2019-10-14 14:58:41,818 [d6f6fde8-d674-482a-b318-645e2d559205@group-4C0E17447E07-SegmentedRaftLogWorker] INFO  segmented.SegmentedRaftLogWorker (SegmentedRaftLogWorker.java:execute(574)) - d6f6fde8-d674-482a-b318-645e2d559205@group-4C0E17447E07-SegmentedRaftLogWorker: created new log segment /workdir/hadoop-ozone/integration-test/target/test-dir/MiniOzoneClusterImpl-a880bd18-28f5-415e-9d8b-b89ede6c483e/datanode-5/data/ratis/d0a6b414-11d9-4af0-93e9-4c0e17447e07/current/log_inprogress_0
2019-10-14 14:58:41,832 [Thread-2353] INFO  impl.FollowerState (FollowerState.java:run(108)) - 0b0d1bbd-b58f-4af7-b1df-4030fe93550a@group-4145A9D62DBF-FollowerState: change to CANDIDATE, lastRpcTime:5090ms, electionTimeout:5090ms
2019-10-14 14:58:41,832 [Thread-2353] INFO  impl.RoleInfo (RoleInfo.java:shutdownFollowerState(121)) - 0b0d1bbd-b58f-4af7-b1df-4030fe93550a: shutdown FollowerState
2019-10-14 14:58:41,832 [Thread-2353] INFO  impl.RaftServerImpl (RaftServerImpl.java:setRole(170)) - 0b0d1bbd-b58f-4af7-b1df-4030fe93550a@group-4145A9D62DBF: changes role from  FOLLOWER to CANDIDATE at term 0 for changeToCandidate
2019-10-14 14:58:41,832 [Thread-2353] INFO  impl.RoleInfo (RoleInfo.java:updateAndGet(143)) - 0b0d1bbd-b58f-4af7-b1df-4030fe93550a: start LeaderElection
2019-10-14 14:58:41,877 [0b0d1bbd-b58f-4af7-b1df-4030fe93550a@group-4145A9D62DBF-LeaderElection70] INFO  impl.LeaderElection (LeaderElection.java:askForVotes(178)) - 0b0d1bbd-b58f-4af7-b1df-4030fe93550a@group-4145A9D62DBF-LeaderElection70: begin an election at term 1 for -1: [0b0d1bbd-b58f-4af7-b1df-4030fe93550a:192.168.164.216:39042], old=null
2019-10-14 14:58:41,877 [0b0d1bbd-b58f-4af7-b1df-4030fe93550a@group-4145A9D62DBF-LeaderElection70] INFO  impl.RoleInfo (RoleInfo.java:shutdownLeaderElection(134)) - 0b0d1bbd-b58f-4af7-b1df-4030fe93550a: shutdown LeaderElection
2019-10-14 14:58:41,877 [0b0d1bbd-b58f-4af7-b1df-4030fe93550a@group-4145A9D62DBF-LeaderElection70] INFO  impl.RaftServerImpl (RaftServerImpl.java:setRole(170)) - 0b0d1bbd-b58f-4af7-b1df-4030fe93550a@group-4145A9D62DBF: changes role from CANDIDATE to LEADER at term 1 for changeToLeader
2019-10-14 14:58:41,877 [0b0d1bbd-b58f-4af7-b1df-4030fe93550a@group-4145A9D62DBF-LeaderElection70] INFO  impl.RaftServerImpl (ServerState.java:setLeader(255)) - 0b0d1bbd-b58f-4af7-b1df-4030fe93550a@group-4145A9D62DBF: change Leader from null to 0b0d1bbd-b58f-4af7-b1df-4030fe93550a at term 1 for becomeLeader, leader elected after 5143ms
2019-10-14 14:58:41,877 [0b0d1bbd-b58f-4af7-b1df-4030fe93550a@group-4145A9D62DBF-LeaderElection70] INFO  server.RaftServerConfigKeys (ConfUtils.java:logGet(43)) - raft.server.staging.catchup.gap = 1000 (default)
2019-10-14 14:58:41,877 [0b0d1bbd-b58f-4af7-b1df-4030fe93550a@group-4145A9D62DBF-LeaderElection70] INFO  server.RaftServerConfigKeys (ConfUtils.java:logGet(43)) - raft.server.rpc.sleep.time = 25ms (default)
2019-10-14 14:58:41,878 [0b0d1bbd-b58f-4af7-b1df-4030fe93550a@group-4145A9D62DBF-LeaderElection70] INFO  server.RaftServerConfigKeys (ConfUtils.java:logGet(43)) - raft.server.write.element-limit = 4096 (default)
2019-10-14 14:58:41,878 [0b0d1bbd-b58f-4af7-b1df-4030fe93550a@group-4145A9D62DBF-LeaderElection70] INFO  server.RaftServerConfigKeys (ConfUtils.java:logGet(43)) - raft.server.watch.timeout = 10s (default)
2019-10-14 14:58:41,878 [0b0d1bbd-b58f-4af7-b1df-4030fe93550a@group-4145A9D62DBF-LeaderElection70] INFO  server.RaftServerConfigKeys (ConfUtils.java:logGet(43)) - raft.server.watch.timeout.denomination = 1s (default)
2019-10-14 14:58:41,878 [0b0d1bbd-b58f-4af7-b1df-4030fe93550a@group-4145A9D62DBF-LeaderElection70] INFO  server.RaftServerConfigKeys (ConfUtils.java:logGet(43)) - raft.server.watch.element-limit = 65536 (default)
2019-10-14 14:58:41,880 [0b0d1bbd-b58f-4af7-b1df-4030fe93550a@group-4145A9D62DBF-LeaderElection70] INFO  impl.RoleInfo (RoleInfo.java:updateAndGet(143)) - 0b0d1bbd-b58f-4af7-b1df-4030fe93550a: start LeaderState
2019-10-14 14:58:41,880 [0b0d1bbd-b58f-4af7-b1df-4030fe93550a@group-4145A9D62DBF-LeaderElection70] INFO  segmented.SegmentedRaftLogWorker (SegmentedRaftLogWorker.java:startLogSegment(385)) - 0b0d1bbd-b58f-4af7-b1df-4030fe93550a@group-4145A9D62DBF-SegmentedRaftLogWorker: Starting segment from index:0
2019-10-14 14:58:41,880 [0b0d1bbd-b58f-4af7-b1df-4030fe93550a@group-4145A9D62DBF-LeaderElection70] INFO  impl.RaftServerImpl (ServerState.java:setRaftConf(356)) - 0b0d1bbd-b58f-4af7-b1df-4030fe93550a@group-4145A9D62DBF: set configuration 0: [0b0d1bbd-b58f-4af7-b1df-4030fe93550a:192.168.164.216:39042], old=null at 0
2019-10-14 14:58:41,935 [0b0d1bbd-b58f-4af7-b1df-4030fe93550a@group-4145A9D62DBF-SegmentedRaftLogWorker] INFO  segmented.SegmentedRaftLogWorker (SegmentedRaftLogWorker.java:execute(574)) - 0b0d1bbd-b58f-4af7-b1df-4030fe93550a@group-4145A9D62DBF-SegmentedRaftLogWorker: created new log segment /workdir/hadoop-ozone/integration-test/target/test-dir/MiniOzoneClusterImpl-a880bd18-28f5-415e-9d8b-b89ede6c483e/datanode-6/data/ratis/b659b3d2-5a99-48bb-8587-4145a9d62dbf/current/log_inprogress_0
2019-10-14 14:58:41,985 [Thread-2356] INFO  impl.FollowerState (FollowerState.java:run(108)) - 5a2d4283-dcb2-43f2-8472-9072fc048d16@group-54397452AEAA-FollowerState: change to CANDIDATE, lastRpcTime:5145ms, electionTimeout:5145ms
2019-10-14 14:58:41,985 [Thread-2356] INFO  impl.RoleInfo (RoleInfo.java:shutdownFollowerState(121)) - 5a2d4283-dcb2-43f2-8472-9072fc048d16: shutdown FollowerState
2019-10-14 14:58:41,985 [Thread-2356] INFO  impl.RaftServerImpl (RaftServerImpl.java:setRole(170)) - 5a2d4283-dcb2-43f2-8472-9072fc048d16@group-54397452AEAA: changes role from  FOLLOWER to CANDIDATE at term 0 for changeToCandidate
2019-10-14 14:58:41,985 [Thread-2356] INFO  impl.RoleInfo (RoleInfo.java:updateAndGet(143)) - 5a2d4283-dcb2-43f2-8472-9072fc048d16: start LeaderElection
2019-10-14 14:58:42,005 [Thread-2361] INFO  impl.FollowerState (FollowerState.java:run(108)) - d6f6fde8-d674-482a-b318-645e2d559205@group-54397452AEAA-FollowerState: change to CANDIDATE, lastRpcTime:5155ms, electionTimeout:5155ms
2019-10-14 14:58:42,005 [Thread-2361] INFO  impl.RoleInfo (RoleInfo.java:shutdownFollowerState(121)) - d6f6fde8-d674-482a-b318-645e2d559205: shutdown FollowerState
2019-10-14 14:58:42,006 [Thread-2361] INFO  impl.RaftServerImpl (RaftServerImpl.java:setRole(170)) - d6f6fde8-d674-482a-b318-645e2d559205@group-54397452AEAA: changes role from  FOLLOWER to CANDIDATE at term 0 for changeToCandidate
2019-10-14 14:58:42,006 [Thread-2361] INFO  impl.RoleInfo (RoleInfo.java:updateAndGet(143)) - d6f6fde8-d674-482a-b318-645e2d559205: start LeaderElection
2019-10-14 14:58:42,016 [Thread-2360] INFO  impl.FollowerState (FollowerState.java:run(108)) - c0afbdc0-0481-4ab5-b678-8eaf8869b693@group-54397452AEAA-FollowerState: change to CANDIDATE, lastRpcTime:5166ms, electionTimeout:5160ms
2019-10-14 14:58:42,016 [Thread-2360] INFO  impl.RoleInfo (RoleInfo.java:shutdownFollowerState(121)) - c0afbdc0-0481-4ab5-b678-8eaf8869b693: shutdown FollowerState
2019-10-14 14:58:42,016 [Thread-2360] INFO  impl.RaftServerImpl (RaftServerImpl.java:setRole(170)) - c0afbdc0-0481-4ab5-b678-8eaf8869b693@group-54397452AEAA: changes role from  FOLLOWER to CANDIDATE at term 0 for changeToCandidate
2019-10-14 14:58:42,016 [Thread-2360] INFO  impl.RoleInfo (RoleInfo.java:updateAndGet(143)) - c0afbdc0-0481-4ab5-b678-8eaf8869b693: start LeaderElection
2019-10-14 14:58:42,027 [5a2d4283-dcb2-43f2-8472-9072fc048d16@group-54397452AEAA-LeaderElection71] INFO  impl.LeaderElection (LeaderElection.java:askForVotes(178)) - 5a2d4283-dcb2-43f2-8472-9072fc048d16@group-54397452AEAA-LeaderElection71: begin an election at term 1 for -1: [5a2d4283-dcb2-43f2-8472-9072fc048d16:192.168.164.216:46032, c0afbdc0-0481-4ab5-b678-8eaf8869b693:192.168.164.216:37407, d6f6fde8-d674-482a-b318-645e2d559205:192.168.164.216:34908], old=null
2019-10-14 14:58:42,053 [d6f6fde8-d674-482a-b318-645e2d559205@group-54397452AEAA-LeaderElection72] INFO  impl.LeaderElection (LeaderElection.java:askForVotes(178)) - d6f6fde8-d674-482a-b318-645e2d559205@group-54397452AEAA-LeaderElection72: begin an election at term 1 for -1: [5a2d4283-dcb2-43f2-8472-9072fc048d16:192.168.164.216:46032, c0afbdc0-0481-4ab5-b678-8eaf8869b693:192.168.164.216:37407, d6f6fde8-d674-482a-b318-645e2d559205:192.168.164.216:34908], old=null
2019-10-14 14:58:42,053 [c0afbdc0-0481-4ab5-b678-8eaf8869b693@group-54397452AEAA-LeaderElection73] INFO  impl.LeaderElection (LeaderElection.java:askForVotes(178)) - c0afbdc0-0481-4ab5-b678-8eaf8869b693@group-54397452AEAA-LeaderElection73: begin an election at term 1 for -1: [5a2d4283-dcb2-43f2-8472-9072fc048d16:192.168.164.216:46032, c0afbdc0-0481-4ab5-b678-8eaf8869b693:192.168.164.216:37407, d6f6fde8-d674-482a-b318-645e2d559205:192.168.164.216:34908], old=null
2019-10-14 14:58:42,058 [5a2d4283-dcb2-43f2-8472-9072fc048d16@group-54397452AEAA-LeaderElection71] INFO  impl.LeaderElection (LeaderElection.java:logAndReturn(56)) - 5a2d4283-dcb2-43f2-8472-9072fc048d16@group-54397452AEAA-LeaderElection71: Election REJECTED; received 2 response(s) [5a2d4283-dcb2-43f2-8472-9072fc048d16<-c0afbdc0-0481-4ab5-b678-8eaf8869b693#0:FAIL-t1, 5a2d4283-dcb2-43f2-8472-9072fc048d16<-d6f6fde8-d674-482a-b318-645e2d559205#0:FAIL-t1] and 0 exception(s); 5a2d4283-dcb2-43f2-8472-9072fc048d16@group-54397452AEAA:t1, leader=null, voted=5a2d4283-dcb2-43f2-8472-9072fc048d16, raftlog=5a2d4283-dcb2-43f2-8472-9072fc048d16@group-54397452AEAA-SegmentedRaftLog:OPENED:c-1,f-1,i0, conf=-1: [5a2d4283-dcb2-43f2-8472-9072fc048d16:192.168.164.216:46032, c0afbdc0-0481-4ab5-b678-8eaf8869b693:192.168.164.216:37407, d6f6fde8-d674-482a-b318-645e2d559205:192.168.164.216:34908], old=null
2019-10-14 14:58:42,058 [5a2d4283-dcb2-43f2-8472-9072fc048d16@group-54397452AEAA-LeaderElection71] INFO  impl.RaftServerImpl (RaftServerImpl.java:setRole(170)) - 5a2d4283-dcb2-43f2-8472-9072fc048d16@group-54397452AEAA: changes role from CANDIDATE to FOLLOWER at term 1 for DISCOVERED_A_NEW_TERM
2019-10-14 14:58:42,058 [5a2d4283-dcb2-43f2-8472-9072fc048d16@group-54397452AEAA-LeaderElection71] INFO  impl.RoleInfo (RoleInfo.java:shutdownLeaderElection(134)) - 5a2d4283-dcb2-43f2-8472-9072fc048d16: shutdown LeaderElection
2019-10-14 14:58:42,058 [5a2d4283-dcb2-43f2-8472-9072fc048d16@group-54397452AEAA-LeaderElection71] INFO  impl.RoleInfo (RoleInfo.java:updateAndGet(143)) - 5a2d4283-dcb2-43f2-8472-9072fc048d16: start FollowerState
2019-10-14 14:58:42,073 [d6f6fde8-d674-482a-b318-645e2d559205@group-54397452AEAA-LeaderElection72] INFO  impl.LeaderElection (LeaderElection.java:logAndReturn(56)) - d6f6fde8-d674-482a-b318-645e2d559205@group-54397452AEAA-LeaderElection72: Election REJECTED; received 2 response(s) [d6f6fde8-d674-482a-b318-645e2d559205<-5a2d4283-dcb2-43f2-8472-9072fc048d16#0:FAIL-t1, d6f6fde8-d674-482a-b318-645e2d559205<-c0afbdc0-0481-4ab5-b678-8eaf8869b693#0:FAIL-t1] and 0 exception(s); d6f6fde8-d674-482a-b318-645e2d559205@group-54397452AEAA:t1, leader=null, voted=d6f6fde8-d674-482a-b318-645e2d559205, raftlog=d6f6fde8-d674-482a-b318-645e2d559205@group-54397452AEAA-SegmentedRaftLog:OPENED:c-1,f-1,i0, conf=-1: [5a2d4283-dcb2-43f2-8472-9072fc048d16:192.168.164.216:46032, c0afbdc0-0481-4ab5-b678-8eaf8869b693:192.168.164.216:37407, d6f6fde8-d674-482a-b318-645e2d559205:192.168.164.216:34908], old=null
2019-10-14 14:58:42,077 [d6f6fde8-d674-482a-b318-645e2d559205@group-54397452AEAA-LeaderElection72] INFO  impl.RaftServerImpl (RaftServerImpl.java:setRole(170)) - d6f6fde8-d674-482a-b318-645e2d559205@group-54397452AEAA: changes role from CANDIDATE to FOLLOWER at term 1 for DISCOVERED_A_NEW_TERM
2019-10-14 14:58:42,077 [d6f6fde8-d674-482a-b318-645e2d559205@group-54397452AEAA-LeaderElection72] INFO  impl.RoleInfo (RoleInfo.java:shutdownLeaderElection(134)) - d6f6fde8-d674-482a-b318-645e2d559205: shutdown LeaderElection
2019-10-14 14:58:42,080 [c0afbdc0-0481-4ab5-b678-8eaf8869b693@group-54397452AEAA-LeaderElection73] INFO  impl.LeaderElection (LeaderElection.java:logAndReturn(56)) - c0afbdc0-0481-4ab5-b678-8eaf8869b693@group-54397452AEAA-LeaderElection73: Election REJECTED; received 2 response(s) [c0afbdc0-0481-4ab5-b678-8eaf8869b693<-5a2d4283-dcb2-43f2-8472-9072fc048d16#0:FAIL-t1, c0afbdc0-0481-4ab5-b678-8eaf8869b693<-d6f6fde8-d674-482a-b318-645e2d559205#0:FAIL-t1] and 0 exception(s); c0afbdc0-0481-4ab5-b678-8eaf8869b693@group-54397452AEAA:t1, leader=null, voted=c0afbdc0-0481-4ab5-b678-8eaf8869b693, raftlog=c0afbdc0-0481-4ab5-b678-8eaf8869b693@group-54397452AEAA-SegmentedRaftLog:OPENED:c-1,f-1,i0, conf=-1: [5a2d4283-dcb2-43f2-8472-9072fc048d16:192.168.164.216:46032, c0afbdc0-0481-4ab5-b678-8eaf8869b693:192.168.164.216:37407, d6f6fde8-d674-482a-b318-645e2d559205:192.168.164.216:34908], old=null
2019-10-14 14:58:42,085 [c0afbdc0-0481-4ab5-b678-8eaf8869b693@group-54397452AEAA-LeaderElection73] INFO  impl.RaftServerImpl (RaftServerImpl.java:setRole(170)) - c0afbdc0-0481-4ab5-b678-8eaf8869b693@group-54397452AEAA: changes role from CANDIDATE to FOLLOWER at term 1 for DISCOVERED_A_NEW_TERM
2019-10-14 14:58:42,085 [c0afbdc0-0481-4ab5-b678-8eaf8869b693@group-54397452AEAA-LeaderElection73] INFO  impl.RoleInfo (RoleInfo.java:shutdownLeaderElection(134)) - c0afbdc0-0481-4ab5-b678-8eaf8869b693: shutdown LeaderElection
2019-10-14 14:58:42,085 [d6f6fde8-d674-482a-b318-645e2d559205@group-54397452AEAA-LeaderElection72] INFO  impl.RoleInfo (RoleInfo.java:updateAndGet(143)) - d6f6fde8-d674-482a-b318-645e2d559205: start FollowerState
2019-10-14 14:58:42,089 [c0afbdc0-0481-4ab5-b678-8eaf8869b693@group-54397452AEAA-LeaderElection73] INFO  impl.RoleInfo (RoleInfo.java:updateAndGet(143)) - c0afbdc0-0481-4ab5-b678-8eaf8869b693: start FollowerState
2019-10-14 14:58:43,421 [grpc-default-executor-3] WARN  server.GrpcLogAppender (LogUtils.java:warn(134)) - cfe8f924-b5c6-4352-87f8-4041c06f1d5a@group-CF2C2ECDC0F3->2b2a2bed-4f50-4c61-b8ad-f4f72c71dbde-AppendLogResponseHandler: Failed appendEntries: org.apache.ratis.thirdparty.io.grpc.StatusRuntimeException: UNAVAILABLE: io exception
2019-10-14 14:58:43,421 [grpc-default-executor-2] WARN  server.GrpcLogAppender (LogUtils.java:warn(134)) - cfe8f924-b5c6-4352-87f8-4041c06f1d5a@group-CF2C2ECDC0F3->990b5206-acaa-46d8-a99a-8196ac36b371-AppendLogResponseHandler: Failed appendEntries: org.apache.ratis.thirdparty.io.grpc.StatusRuntimeException: UNAVAILABLE: io exception
2019-10-14 14:58:43,422 [grpc-default-executor-3] INFO  impl.FollowerInfo (FollowerInfo.java:lambda$new$0(51)) - cfe8f924-b5c6-4352-87f8-4041c06f1d5a@group-CF2C2ECDC0F3->2b2a2bed-4f50-4c61-b8ad-f4f72c71dbde: nextIndex: updateUnconditionally 0 -> 0
2019-10-14 14:58:43,422 [grpc-default-executor-2] INFO  impl.FollowerInfo (FollowerInfo.java:lambda$new$0(51)) - cfe8f924-b5c6-4352-87f8-4041c06f1d5a@group-CF2C2ECDC0F3->990b5206-acaa-46d8-a99a-8196ac36b371: nextIndex: updateUnconditionally 0 -> 0
2019-10-14 14:58:45,924 [grpc-default-executor-3] WARN  server.GrpcLogAppender (LogUtils.java:warn(134)) - cfe8f924-b5c6-4352-87f8-4041c06f1d5a@group-CF2C2ECDC0F3->990b5206-acaa-46d8-a99a-8196ac36b371-AppendLogResponseHandler: Failed appendEntries: org.apache.ratis.thirdparty.io.grpc.StatusRuntimeException: UNAVAILABLE: io exception
2019-10-14 14:58:45,924 [grpc-default-executor-8] WARN  server.GrpcLogAppender (LogUtils.java:warn(134)) - cfe8f924-b5c6-4352-87f8-4041c06f1d5a@group-CF2C2ECDC0F3->2b2a2bed-4f50-4c61-b8ad-f4f72c71dbde-AppendLogResponseHandler: Failed appendEntries: org.apache.ratis.thirdparty.io.grpc.StatusRuntimeException: UNAVAILABLE: io exception
2019-10-14 14:58:45,925 [grpc-default-executor-8] INFO  impl.FollowerInfo (FollowerInfo.java:lambda$new$0(51)) - cfe8f924-b5c6-4352-87f8-4041c06f1d5a@group-CF2C2ECDC0F3->2b2a2bed-4f50-4c61-b8ad-f4f72c71dbde: nextIndex: updateUnconditionally 0 -> 0
2019-10-14 14:58:45,925 [grpc-default-executor-3] INFO  impl.FollowerInfo (FollowerInfo.java:lambda$new$0(51)) - cfe8f924-b5c6-4352-87f8-4041c06f1d5a@group-CF2C2ECDC0F3->990b5206-acaa-46d8-a99a-8196ac36b371: nextIndex: updateUnconditionally 0 -> 0
2019-10-14 14:58:46,125 [EventQueue-StaleNodeForStaleNodeHandler] INFO  node.StaleNodeHandler (StaleNodeHandler.java:onMessage(58)) - Datanode 2b2a2bed-4f50-4c61-b8ad-f4f72c71dbde{ip: 192.168.164.216, host: dev-nightly-20191014-2mv7m-2951356099, networkLocation: /default-rack, certSerialId: null} moved to stale state. Finalizing its pipelines [PipelineID=19a41687-90b2-4a67-811e-cf2c2ecdc0f3, PipelineID=e3b2546d-76e1-4071-aa16-7a4e306c90d6]
2019-10-14 14:58:46,126 [EventQueue-StaleNodeForStaleNodeHandler] INFO  pipeline.SCMPipelineManager (SCMPipelineManager.java:finalizeAndDestroyPipeline(315)) - destroying pipeline:Pipeline[ Id: 19a41687-90b2-4a67-811e-cf2c2ecdc0f3, Nodes: 2b2a2bed-4f50-4c61-b8ad-f4f72c71dbde{ip: 192.168.164.216, host: dev-nightly-20191014-2mv7m-2951356099, networkLocation: /default-rack, certSerialId: null}990b5206-acaa-46d8-a99a-8196ac36b371{ip: 192.168.164.216, host: dev-nightly-20191014-2mv7m-2951356099, networkLocation: /default-rack, certSerialId: null}cfe8f924-b5c6-4352-87f8-4041c06f1d5a{ip: 192.168.164.216, host: dev-nightly-20191014-2mv7m-2951356099, networkLocation: /default-rack, certSerialId: null}, Type:RATIS, Factor:THREE, State:OPEN]
2019-10-14 14:58:46,127 [EventQueue-StaleNodeForStaleNodeHandler] INFO  pipeline.PipelineStateManager (PipelineStateManager.java:finalizePipeline(123)) - Pipeline Pipeline[ Id: 19a41687-90b2-4a67-811e-cf2c2ecdc0f3, Nodes: 2b2a2bed-4f50-4c61-b8ad-f4f72c71dbde{ip: 192.168.164.216, host: dev-nightly-20191014-2mv7m-2951356099, networkLocation: /default-rack, certSerialId: null}990b5206-acaa-46d8-a99a-8196ac36b371{ip: 192.168.164.216, host: dev-nightly-20191014-2mv7m-2951356099, networkLocation: /default-rack, certSerialId: null}cfe8f924-b5c6-4352-87f8-4041c06f1d5a{ip: 192.168.164.216, host: dev-nightly-20191014-2mv7m-2951356099, networkLocation: /default-rack, certSerialId: null}, Type:RATIS, Factor:THREE, State:CLOSED] moved to CLOSED state
2019-10-14 14:58:46,129 [EventQueue-CloseContainerForCloseContainerEventHandler] INFO  container.CloseContainerEventHandler (CloseContainerEventHandler.java:onMessage(61)) - Close container Event triggered for container : #1
2019-10-14 14:58:46,134 [EventQueue-StaleNodeForStaleNodeHandler] INFO  pipeline.SCMPipelineManager (SCMPipelineManager.java:finalizeAndDestroyPipeline(315)) - destroying pipeline:Pipeline[ Id: e3b2546d-76e1-4071-aa16-7a4e306c90d6, Nodes: 2b2a2bed-4f50-4c61-b8ad-f4f72c71dbde{ip: 192.168.164.216, host: dev-nightly-20191014-2mv7m-2951356099, networkLocation: /default-rack, certSerialId: null}, Type:RATIS, Factor:ONE, State:OPEN]
2019-10-14 14:58:46,138 [EventQueue-StaleNodeForStaleNodeHandler] INFO  pipeline.PipelineStateManager (PipelineStateManager.java:finalizePipeline(123)) - Pipeline Pipeline[ Id: e3b2546d-76e1-4071-aa16-7a4e306c90d6, Nodes: 2b2a2bed-4f50-4c61-b8ad-f4f72c71dbde{ip: 192.168.164.216, host: dev-nightly-20191014-2mv7m-2951356099, networkLocation: /default-rack, certSerialId: null}, Type:RATIS, Factor:ONE, State:CLOSED] moved to CLOSED state
2019-10-14 14:58:46,599 [Thread-2401] INFO  impl.FollowerState (FollowerState.java:run(108)) - 37a2767d-935e-4cba-a62e-beeeb057370c@group-EB89E89DFD9D-FollowerState: change to CANDIDATE, lastRpcTime:5104ms, electionTimeout:5104ms
2019-10-14 14:58:46,599 [Thread-2401] INFO  impl.RoleInfo (RoleInfo.java:shutdownFollowerState(121)) - 37a2767d-935e-4cba-a62e-beeeb057370c: shutdown FollowerState
2019-10-14 14:58:46,599 [Thread-2401] INFO  impl.RaftServerImpl (RaftServerImpl.java:setRole(170)) - 37a2767d-935e-4cba-a62e-beeeb057370c@group-EB89E89DFD9D: changes role from  FOLLOWER to CANDIDATE at term 1 for changeToCandidate
2019-10-14 14:58:46,599 [Thread-2401] INFO  impl.RoleInfo (RoleInfo.java:updateAndGet(143)) - 37a2767d-935e-4cba-a62e-beeeb057370c: start LeaderElection
2019-10-14 14:58:46,615 [Thread-2402] INFO  impl.FollowerState (FollowerState.java:run(108)) - c323476f-5c38-4769-99fb-556cb7798765@group-EB89E89DFD9D-FollowerState: change to CANDIDATE, lastRpcTime:5106ms, electionTimeout:5093ms
2019-10-14 14:58:46,616 [Thread-2402] INFO  impl.RoleInfo (RoleInfo.java:shutdownFollowerState(121)) - c323476f-5c38-4769-99fb-556cb7798765: shutdown FollowerState
2019-10-14 14:58:46,616 [Thread-2402] INFO  impl.RaftServerImpl (RaftServerImpl.java:setRole(170)) - c323476f-5c38-4769-99fb-556cb7798765@group-EB89E89DFD9D: changes role from  FOLLOWER to CANDIDATE at term 1 for changeToCandidate
2019-10-14 14:58:46,616 [Thread-2402] INFO  impl.RoleInfo (RoleInfo.java:updateAndGet(143)) - c323476f-5c38-4769-99fb-556cb7798765: start LeaderElection
2019-10-14 14:58:46,653 [c323476f-5c38-4769-99fb-556cb7798765@group-EB89E89DFD9D-LeaderElection75] INFO  impl.LeaderElection (LeaderElection.java:askForVotes(178)) - c323476f-5c38-4769-99fb-556cb7798765@group-EB89E89DFD9D-LeaderElection75: begin an election at term 2 for -1: [c323476f-5c38-4769-99fb-556cb7798765:192.168.164.216:37657, 616f1b99-31a5-45f6-b720-41f2d2e626db:192.168.164.216:45136, 37a2767d-935e-4cba-a62e-beeeb057370c:192.168.164.216:33344], old=null
2019-10-14 14:58:46,653 [37a2767d-935e-4cba-a62e-beeeb057370c@group-EB89E89DFD9D-LeaderElection74] INFO  impl.LeaderElection (LeaderElection.java:askForVotes(178)) - 37a2767d-935e-4cba-a62e-beeeb057370c@group-EB89E89DFD9D-LeaderElection74: begin an election at term 2 for -1: [c323476f-5c38-4769-99fb-556cb7798765:192.168.164.216:37657, 616f1b99-31a5-45f6-b720-41f2d2e626db:192.168.164.216:45136, 37a2767d-935e-4cba-a62e-beeeb057370c:192.168.164.216:33344], old=null
2019-10-14 14:58:46,657 [grpc-default-executor-2] INFO  impl.RaftServerImpl (RaftServerImpl.java:setRole(170)) - 616f1b99-31a5-45f6-b720-41f2d2e626db@group-EB89E89DFD9D: changes role from  FOLLOWER to FOLLOWER at term 2 for recognizeCandidate:37a2767d-935e-4cba-a62e-beeeb057370c
2019-10-14 14:58:46,658 [grpc-default-executor-2] INFO  impl.RoleInfo (RoleInfo.java:shutdownFollowerState(121)) - 616f1b99-31a5-45f6-b720-41f2d2e626db: shutdown FollowerState
2019-10-14 14:58:46,658 [grpc-default-executor-2] INFO  impl.RoleInfo (RoleInfo.java:updateAndGet(143)) - 616f1b99-31a5-45f6-b720-41f2d2e626db: start FollowerState
2019-10-14 14:58:46,658 [Thread-2403] INFO  impl.FollowerState (FollowerState.java:run(117)) - 616f1b99-31a5-45f6-b720-41f2d2e626db@group-EB89E89DFD9D-FollowerState was interrupted: java.lang.InterruptedException: sleep interrupted
2019-10-14 14:58:46,689 [c323476f-5c38-4769-99fb-556cb7798765@group-EB89E89DFD9D-LeaderElection75] INFO  impl.LeaderElection (LeaderElection.java:logAndReturn(56)) - c323476f-5c38-4769-99fb-556cb7798765@group-EB89E89DFD9D-LeaderElection75: Election REJECTED; received 2 response(s) [c323476f-5c38-4769-99fb-556cb7798765<-616f1b99-31a5-45f6-b720-41f2d2e626db#0:FAIL-t2, c323476f-5c38-4769-99fb-556cb7798765<-37a2767d-935e-4cba-a62e-beeeb057370c#0:FAIL-t2] and 0 exception(s); c323476f-5c38-4769-99fb-556cb7798765@group-EB89E89DFD9D:t2, leader=null, voted=c323476f-5c38-4769-99fb-556cb7798765, raftlog=c323476f-5c38-4769-99fb-556cb7798765@group-EB89E89DFD9D-SegmentedRaftLog:OPENED:c-1,f-1,i0, conf=-1: [c323476f-5c38-4769-99fb-556cb7798765:192.168.164.216:37657, 616f1b99-31a5-45f6-b720-41f2d2e626db:192.168.164.216:45136, 37a2767d-935e-4cba-a62e-beeeb057370c:192.168.164.216:33344], old=null
2019-10-14 14:58:46,689 [37a2767d-935e-4cba-a62e-beeeb057370c@group-EB89E89DFD9D-LeaderElection74] INFO  impl.LeaderElection (LeaderElection.java:logAndReturn(56)) - 37a2767d-935e-4cba-a62e-beeeb057370c@group-EB89E89DFD9D-LeaderElection74: Election PASSED; received 2 response(s) [37a2767d-935e-4cba-a62e-beeeb057370c<-c323476f-5c38-4769-99fb-556cb7798765#0:FAIL-t2, 37a2767d-935e-4cba-a62e-beeeb057370c<-616f1b99-31a5-45f6-b720-41f2d2e626db#0:OK-t2] and 0 exception(s); 37a2767d-935e-4cba-a62e-beeeb057370c@group-EB89E89DFD9D:t2, leader=null, voted=37a2767d-935e-4cba-a62e-beeeb057370c, raftlog=37a2767d-935e-4cba-a62e-beeeb057370c@group-EB89E89DFD9D-SegmentedRaftLog:OPENED:c-1,f-1,i0, conf=-1: [c323476f-5c38-4769-99fb-556cb7798765:192.168.164.216:37657, 616f1b99-31a5-45f6-b720-41f2d2e626db:192.168.164.216:45136, 37a2767d-935e-4cba-a62e-beeeb057370c:192.168.164.216:33344], old=null
2019-10-14 14:58:46,689 [c323476f-5c38-4769-99fb-556cb7798765@group-EB89E89DFD9D-LeaderElection75] INFO  impl.RaftServerImpl (RaftServerImpl.java:setRole(170)) - c323476f-5c38-4769-99fb-556cb7798765@group-EB89E89DFD9D: changes role from CANDIDATE to FOLLOWER at term 2 for DISCOVERED_A_NEW_TERM
2019-10-14 14:58:46,689 [37a2767d-935e-4cba-a62e-beeeb057370c@group-EB89E89DFD9D-LeaderElection74] INFO  impl.RoleInfo (RoleInfo.java:shutdownLeaderElection(134)) - 37a2767d-935e-4cba-a62e-beeeb057370c: shutdown LeaderElection
2019-10-14 14:58:46,694 [c323476f-5c38-4769-99fb-556cb7798765@group-EB89E89DFD9D-LeaderElection75] INFO  impl.RoleInfo (RoleInfo.java:shutdownLeaderElection(134)) - c323476f-5c38-4769-99fb-556cb7798765: shutdown LeaderElection
2019-10-14 14:58:46,697 [37a2767d-935e-4cba-a62e-beeeb057370c@group-EB89E89DFD9D-LeaderElection74] INFO  impl.RaftServerImpl (RaftServerImpl.java:setRole(170)) - 37a2767d-935e-4cba-a62e-beeeb057370c@group-EB89E89DFD9D: changes role from CANDIDATE to LEADER at term 2 for changeToLeader
2019-10-14 14:58:46,697 [c323476f-5c38-4769-99fb-556cb7798765@group-EB89E89DFD9D-LeaderElection75] INFO  impl.RoleInfo (RoleInfo.java:updateAndGet(143)) - c323476f-5c38-4769-99fb-556cb7798765: start FollowerState
2019-10-14 14:58:46,697 [37a2767d-935e-4cba-a62e-beeeb057370c@group-EB89E89DFD9D-LeaderElection74] INFO  impl.RaftServerImpl (ServerState.java:setLeader(255)) - 37a2767d-935e-4cba-a62e-beeeb057370c@group-EB89E89DFD9D: change Leader from null to 37a2767d-935e-4cba-a62e-beeeb057370c at term 2 for becomeLeader, leader elected after 10330ms
2019-10-14 14:58:46,698 [37a2767d-935e-4cba-a62e-beeeb057370c@group-EB89E89DFD9D-LeaderElection74] INFO  server.RaftServerConfigKeys (ConfUtils.java:logGet(43)) - raft.server.staging.catchup.gap = 1000 (default)
2019-10-14 14:58:46,698 [37a2767d-935e-4cba-a62e-beeeb057370c@group-EB89E89DFD9D-LeaderElection74] INFO  server.RaftServerConfigKeys (ConfUtils.java:logGet(43)) - raft.server.rpc.sleep.time = 25ms (default)
2019-10-14 14:58:46,698 [37a2767d-935e-4cba-a62e-beeeb057370c@group-EB89E89DFD9D-LeaderElection74] INFO  server.RaftServerConfigKeys (ConfUtils.java:logGet(43)) - raft.server.write.element-limit = 4096 (default)
2019-10-14 14:58:46,699 [37a2767d-935e-4cba-a62e-beeeb057370c@group-EB89E89DFD9D-LeaderElection74] INFO  server.RaftServerConfigKeys (ConfUtils.java:logGet(43)) - raft.server.watch.timeout = 10s (default)
2019-10-14 14:58:46,699 [37a2767d-935e-4cba-a62e-beeeb057370c@group-EB89E89DFD9D-LeaderElection74] INFO  server.RaftServerConfigKeys (ConfUtils.java:logGet(43)) - raft.server.watch.timeout.denomination = 1s (default)
2019-10-14 14:58:46,699 [37a2767d-935e-4cba-a62e-beeeb057370c@group-EB89E89DFD9D-LeaderElection74] INFO  server.RaftServerConfigKeys (ConfUtils.java:logGet(43)) - raft.server.watch.element-limit = 65536 (default)
2019-10-14 14:58:46,701 [37a2767d-935e-4cba-a62e-beeeb057370c@group-EB89E89DFD9D-LeaderElection74] INFO  server.RaftServerConfigKeys (ConfUtils.java:logGet(43)) - raft.server.log.appender.snapshot.chunk.size.max = 16MB (=16777216) (default)
2019-10-14 14:58:46,701 [37a2767d-935e-4cba-a62e-beeeb057370c@group-EB89E89DFD9D-LeaderElection74] INFO  server.RaftServerConfigKeys (ConfUtils.java:logGet(43)) - raft.server.log.appender.buffer.byte-limit = 33554432 (custom)
2019-10-14 14:58:46,702 [37a2767d-935e-4cba-a62e-beeeb057370c@group-EB89E89DFD9D-LeaderElection74] INFO  server.RaftServerConfigKeys (ConfUtils.java:logGet(43)) - raft.server.log.appender.buffer.element-limit = 1 (custom)
2019-10-14 14:58:46,702 [37a2767d-935e-4cba-a62e-beeeb057370c@group-EB89E89DFD9D-LeaderElection74] INFO  grpc.GrpcConfigKeys$Server (ConfUtils.java:logGet(43)) - raft.grpc.server.leader.outstanding.appends.max = 128 (default)
2019-10-14 14:58:46,702 [37a2767d-935e-4cba-a62e-beeeb057370c@group-EB89E89DFD9D-LeaderElection74] INFO  server.RaftServerConfigKeys (ConfUtils.java:logGet(43)) - raft.server.rpc.request.timeout = 3000ms (default)
2019-10-14 14:58:46,702 [37a2767d-935e-4cba-a62e-beeeb057370c@group-EB89E89DFD9D-LeaderElection74] INFO  server.RaftServerConfigKeys (ConfUtils.java:logGet(43)) - raft.server.log.appender.install.snapshot.enabled = false (custom)
2019-10-14 14:58:46,702 [37a2767d-935e-4cba-a62e-beeeb057370c@group-EB89E89DFD9D-LeaderElection74] INFO  server.RaftServerConfigKeys (ConfUtils.java:logGet(43)) - raft.server.log.appender.snapshot.chunk.size.max = 16MB (=16777216) (default)
2019-10-14 14:58:46,703 [37a2767d-935e-4cba-a62e-beeeb057370c@group-EB89E89DFD9D-LeaderElection74] INFO  server.RaftServerConfigKeys (ConfUtils.java:logGet(43)) - raft.server.log.appender.buffer.byte-limit = 33554432 (custom)
2019-10-14 14:58:46,703 [37a2767d-935e-4cba-a62e-beeeb057370c@group-EB89E89DFD9D-LeaderElection74] INFO  server.RaftServerConfigKeys (ConfUtils.java:logGet(43)) - raft.server.log.appender.buffer.element-limit = 1 (custom)
2019-10-14 14:58:46,703 [37a2767d-935e-4cba-a62e-beeeb057370c@group-EB89E89DFD9D-LeaderElection74] INFO  grpc.GrpcConfigKeys$Server (ConfUtils.java:logGet(43)) - raft.grpc.server.leader.outstanding.appends.max = 128 (default)
2019-10-14 14:58:46,703 [37a2767d-935e-4cba-a62e-beeeb057370c@group-EB89E89DFD9D-LeaderElection74] INFO  server.RaftServerConfigKeys (ConfUtils.java:logGet(43)) - raft.server.rpc.request.timeout = 3000ms (default)
2019-10-14 14:58:46,703 [37a2767d-935e-4cba-a62e-beeeb057370c@group-EB89E89DFD9D-LeaderElection74] INFO  server.RaftServerConfigKeys (ConfUtils.java:logGet(43)) - raft.server.log.appender.install.snapshot.enabled = false (custom)
2019-10-14 14:58:46,703 [37a2767d-935e-4cba-a62e-beeeb057370c@group-EB89E89DFD9D-LeaderElection74] INFO  impl.RoleInfo (RoleInfo.java:updateAndGet(143)) - 37a2767d-935e-4cba-a62e-beeeb057370c: start LeaderState
2019-10-14 14:58:46,704 [37a2767d-935e-4cba-a62e-beeeb057370c@group-EB89E89DFD9D-LeaderElection74] INFO  segmented.SegmentedRaftLogWorker (SegmentedRaftLogWorker.java:startLogSegment(385)) - 37a2767d-935e-4cba-a62e-beeeb057370c@group-EB89E89DFD9D-SegmentedRaftLogWorker: Starting segment from index:0
2019-10-14 14:58:46,705 [37a2767d-935e-4cba-a62e-beeeb057370c@group-EB89E89DFD9D-LeaderElection74] INFO  impl.RaftServerImpl (ServerState.java:setRaftConf(356)) - 37a2767d-935e-4cba-a62e-beeeb057370c@group-EB89E89DFD9D: set configuration 0: [c323476f-5c38-4769-99fb-556cb7798765:192.168.164.216:37657, 616f1b99-31a5-45f6-b720-41f2d2e626db:192.168.164.216:45136, 37a2767d-935e-4cba-a62e-beeeb057370c:192.168.164.216:33344], old=null at 0
2019-10-14 14:58:46,706 [grpc-default-executor-8] INFO  impl.RaftServerImpl (ServerState.java:setLeader(255)) - c323476f-5c38-4769-99fb-556cb7798765@group-EB89E89DFD9D: change Leader from null to 37a2767d-935e-4cba-a62e-beeeb057370c at term 2 for appendEntries, leader elected after 10339ms
2019-10-14 14:58:46,706 [grpc-default-executor-2] INFO  impl.RaftServerImpl (ServerState.java:setLeader(255)) - 616f1b99-31a5-45f6-b720-41f2d2e626db@group-EB89E89DFD9D: change Leader from null to 37a2767d-935e-4cba-a62e-beeeb057370c at term 2 for appendEntries, leader elected after 10338ms
2019-10-14 14:58:46,708 [grpc-default-executor-2] INFO  impl.RaftServerImpl (ServerState.java:setRaftConf(356)) - 616f1b99-31a5-45f6-b720-41f2d2e626db@group-EB89E89DFD9D: set configuration 0: [c323476f-5c38-4769-99fb-556cb7798765:192.168.164.216:37657, 616f1b99-31a5-45f6-b720-41f2d2e626db:192.168.164.216:45136, 37a2767d-935e-4cba-a62e-beeeb057370c:192.168.164.216:33344], old=null at 0
2019-10-14 14:58:46,708 [grpc-default-executor-8] INFO  impl.RaftServerImpl (ServerState.java:setRaftConf(356)) - c323476f-5c38-4769-99fb-556cb7798765@group-EB89E89DFD9D: set configuration 0: [c323476f-5c38-4769-99fb-556cb7798765:192.168.164.216:37657, 616f1b99-31a5-45f6-b720-41f2d2e626db:192.168.164.216:45136, 37a2767d-935e-4cba-a62e-beeeb057370c:192.168.164.216:33344], old=null at 0
2019-10-14 14:58:46,709 [grpc-default-executor-2] INFO  segmented.SegmentedRaftLogWorker (SegmentedRaftLogWorker.java:startLogSegment(385)) - 616f1b99-31a5-45f6-b720-41f2d2e626db@group-EB89E89DFD9D-SegmentedRaftLogWorker: Starting segment from index:0
2019-10-14 14:58:46,709 [grpc-default-executor-8] INFO  segmented.SegmentedRaftLogWorker (SegmentedRaftLogWorker.java:startLogSegment(385)) - c323476f-5c38-4769-99fb-556cb7798765@group-EB89E89DFD9D-SegmentedRaftLogWorker: Starting segment from index:0
2019-10-14 14:58:46,762 [c323476f-5c38-4769-99fb-556cb7798765@group-EB89E89DFD9D-SegmentedRaftLogWorker] INFO  segmented.SegmentedRaftLogWorker (SegmentedRaftLogWorker.java:execute(574)) - c323476f-5c38-4769-99fb-556cb7798765@group-EB89E89DFD9D-SegmentedRaftLogWorker: created new log segment /workdir/hadoop-ozone/integration-test/target/test-dir/MiniOzoneClusterImpl-a880bd18-28f5-415e-9d8b-b89ede6c483e/datanode-0/data/ratis/ddd34146-84a9-42cf-acd1-eb89e89dfd9d/current/log_inprogress_0
2019-10-14 14:58:46,762 [616f1b99-31a5-45f6-b720-41f2d2e626db@group-EB89E89DFD9D-SegmentedRaftLogWorker] INFO  segmented.SegmentedRaftLogWorker (SegmentedRaftLogWorker.java:execute(574)) - 616f1b99-31a5-45f6-b720-41f2d2e626db@group-EB89E89DFD9D-SegmentedRaftLogWorker: created new log segment /workdir/hadoop-ozone/integration-test/target/test-dir/MiniOzoneClusterImpl-a880bd18-28f5-415e-9d8b-b89ede6c483e/datanode-1/data/ratis/ddd34146-84a9-42cf-acd1-eb89e89dfd9d/current/log_inprogress_0
2019-10-14 14:58:46,762 [37a2767d-935e-4cba-a62e-beeeb057370c@group-EB89E89DFD9D-SegmentedRaftLogWorker] INFO  segmented.SegmentedRaftLogWorker (SegmentedRaftLogWorker.java:execute(574)) - 37a2767d-935e-4cba-a62e-beeeb057370c@group-EB89E89DFD9D-SegmentedRaftLogWorker: created new log segment /workdir/hadoop-ozone/integration-test/target/test-dir/MiniOzoneClusterImpl-a880bd18-28f5-415e-9d8b-b89ede6c483e/datanode-2/data/ratis/ddd34146-84a9-42cf-acd1-eb89e89dfd9d/current/log_inprogress_0
2019-10-14 14:58:47,107 [Thread-2423] INFO  impl.FollowerState (FollowerState.java:run(108)) - 5a2d4283-dcb2-43f2-8472-9072fc048d16@group-54397452AEAA-FollowerState: change to CANDIDATE, lastRpcTime:5048ms, electionTimeout:5048ms
2019-10-14 14:58:47,107 [Thread-2423] INFO  impl.RoleInfo (RoleInfo.java:shutdownFollowerState(121)) - 5a2d4283-dcb2-43f2-8472-9072fc048d16: shutdown FollowerState
2019-10-14 14:58:47,107 [Thread-2423] INFO  impl.RaftServerImpl (RaftServerImpl.java:setRole(170)) - 5a2d4283-dcb2-43f2-8472-9072fc048d16@group-54397452AEAA: changes role from  FOLLOWER to CANDIDATE at term 1 for changeToCandidate
2019-10-14 14:58:47,107 [Thread-2423] INFO  impl.RoleInfo (RoleInfo.java:updateAndGet(143)) - 5a2d4283-dcb2-43f2-8472-9072fc048d16: start LeaderElection
2019-10-14 14:58:47,116 [5a2d4283-dcb2-43f2-8472-9072fc048d16@group-54397452AEAA-LeaderElection76] INFO  impl.LeaderElection (LeaderElection.java:askForVotes(178)) - 5a2d4283-dcb2-43f2-8472-9072fc048d16@group-54397452AEAA-LeaderElection76: begin an election at term 2 for -1: [5a2d4283-dcb2-43f2-8472-9072fc048d16:192.168.164.216:46032, c0afbdc0-0481-4ab5-b678-8eaf8869b693:192.168.164.216:37407, d6f6fde8-d674-482a-b318-645e2d559205:192.168.164.216:34908], old=null
2019-10-14 14:58:47,118 [grpc-default-executor-2] INFO  impl.RaftServerImpl (RaftServerImpl.java:setRole(170)) - c0afbdc0-0481-4ab5-b678-8eaf8869b693@group-54397452AEAA: changes role from  FOLLOWER to FOLLOWER at term 2 for recognizeCandidate:5a2d4283-dcb2-43f2-8472-9072fc048d16
2019-10-14 14:58:47,118 [grpc-default-executor-8] INFO  impl.RaftServerImpl (RaftServerImpl.java:setRole(170)) - d6f6fde8-d674-482a-b318-645e2d559205@group-54397452AEAA: changes role from  FOLLOWER to FOLLOWER at term 2 for recognizeCandidate:5a2d4283-dcb2-43f2-8472-9072fc048d16
2019-10-14 14:58:47,119 [grpc-default-executor-2] INFO  impl.RoleInfo (RoleInfo.java:shutdownFollowerState(121)) - c0afbdc0-0481-4ab5-b678-8eaf8869b693: shutdown FollowerState
2019-10-14 14:58:47,119 [grpc-default-executor-8] INFO  impl.RoleInfo (RoleInfo.java:shutdownFollowerState(121)) - d6f6fde8-d674-482a-b318-645e2d559205: shutdown FollowerState
2019-10-14 14:58:47,119 [Thread-2425] INFO  impl.FollowerState (FollowerState.java:run(117)) - c0afbdc0-0481-4ab5-b678-8eaf8869b693@group-54397452AEAA-FollowerState was interrupted: java.lang.InterruptedException: sleep interrupted
2019-10-14 14:58:47,119 [grpc-default-executor-2] INFO  impl.RoleInfo (RoleInfo.java:updateAndGet(143)) - c0afbdc0-0481-4ab5-b678-8eaf8869b693: start FollowerState
2019-10-14 14:58:47,123 [Thread-2424] INFO  impl.FollowerState (FollowerState.java:run(117)) - d6f6fde8-d674-482a-b318-645e2d559205@group-54397452AEAA-FollowerState was interrupted: java.lang.InterruptedException: sleep interrupted
2019-10-14 14:58:47,119 [grpc-default-executor-8] INFO  impl.RoleInfo (RoleInfo.java:updateAndGet(143)) - d6f6fde8-d674-482a-b318-645e2d559205: start FollowerState
2019-10-14 14:58:47,140 [5a2d4283-dcb2-43f2-8472-9072fc048d16@group-54397452AEAA-LeaderElection76] INFO  impl.LeaderElection (LeaderElection.java:logAndReturn(56)) - 5a2d4283-dcb2-43f2-8472-9072fc048d16@group-54397452AEAA-LeaderElection76: Election PASSED; received 1 response(s) [5a2d4283-dcb2-43f2-8472-9072fc048d16<-c0afbdc0-0481-4ab5-b678-8eaf8869b693#0:OK-t2] and 0 exception(s); 5a2d4283-dcb2-43f2-8472-9072fc048d16@group-54397452AEAA:t2, leader=null, voted=5a2d4283-dcb2-43f2-8472-9072fc048d16, raftlog=5a2d4283-dcb2-43f2-8472-9072fc048d16@group-54397452AEAA-SegmentedRaftLog:OPENED:c-1,f-1,i0, conf=-1: [5a2d4283-dcb2-43f2-8472-9072fc048d16:192.168.164.216:46032, c0afbdc0-0481-4ab5-b678-8eaf8869b693:192.168.164.216:37407, d6f6fde8-d674-482a-b318-645e2d559205:192.168.164.216:34908], old=null
2019-10-14 14:58:47,141 [5a2d4283-dcb2-43f2-8472-9072fc048d16@group-54397452AEAA-LeaderElection76] INFO  impl.RoleInfo (RoleInfo.java:shutdownLeaderElection(134)) - 5a2d4283-dcb2-43f2-8472-9072fc048d16: shutdown LeaderElection
2019-10-14 14:58:47,141 [5a2d4283-dcb2-43f2-8472-9072fc048d16@group-54397452AEAA-LeaderElection76] INFO  impl.RaftServerImpl (RaftServerImpl.java:setRole(170)) - 5a2d4283-dcb2-43f2-8472-9072fc048d16@group-54397452AEAA: changes role from CANDIDATE to LEADER at term 2 for changeToLeader
2019-10-14 14:58:47,141 [5a2d4283-dcb2-43f2-8472-9072fc048d16@group-54397452AEAA-LeaderElection76] INFO  impl.RaftServerImpl (ServerState.java:setLeader(255)) - 5a2d4283-dcb2-43f2-8472-9072fc048d16@group-54397452AEAA: change Leader from null to 5a2d4283-dcb2-43f2-8472-9072fc048d16 at term 2 for becomeLeader, leader elected after 10310ms
2019-10-14 14:58:47,141 [5a2d4283-dcb2-43f2-8472-9072fc048d16@group-54397452AEAA-LeaderElection76] INFO  server.RaftServerConfigKeys (ConfUtils.java:logGet(43)) - raft.server.staging.catchup.gap = 1000 (default)
2019-10-14 14:58:47,141 [5a2d4283-dcb2-43f2-8472-9072fc048d16@group-54397452AEAA-LeaderElection76] INFO  server.RaftServerConfigKeys (ConfUtils.java:logGet(43)) - raft.server.rpc.sleep.time = 25ms (default)
2019-10-14 14:58:47,141 [5a2d4283-dcb2-43f2-8472-9072fc048d16@group-54397452AEAA-LeaderElection76] INFO  server.RaftServerConfigKeys (ConfUtils.java:logGet(43)) - raft.server.write.element-limit = 4096 (default)
2019-10-14 14:58:47,141 [5a2d4283-dcb2-43f2-8472-9072fc048d16@group-54397452AEAA-LeaderElection76] INFO  server.RaftServerConfigKeys (ConfUtils.java:logGet(43)) - raft.server.watch.timeout = 10s (default)
2019-10-14 14:58:47,142 [5a2d4283-dcb2-43f2-8472-9072fc048d16@group-54397452AEAA-LeaderElection76] INFO  server.RaftServerConfigKeys (ConfUtils.java:logGet(43)) - raft.server.watch.timeout.denomination = 1s (default)
2019-10-14 14:58:47,142 [5a2d4283-dcb2-43f2-8472-9072fc048d16@group-54397452AEAA-LeaderElection76] INFO  server.RaftServerConfigKeys (ConfUtils.java:logGet(43)) - raft.server.watch.element-limit = 65536 (default)
2019-10-14 14:58:47,143 [5a2d4283-dcb2-43f2-8472-9072fc048d16@group-54397452AEAA-LeaderElection76] INFO  server.RaftServerConfigKeys (ConfUtils.java:logGet(43)) - raft.server.log.appender.snapshot.chunk.size.max = 16MB (=16777216) (default)
2019-10-14 14:58:47,143 [5a2d4283-dcb2-43f2-8472-9072fc048d16@group-54397452AEAA-LeaderElection76] INFO  server.RaftServerConfigKeys (ConfUtils.java:logGet(43)) - raft.server.log.appender.buffer.byte-limit = 33554432 (custom)
2019-10-14 14:58:47,144 [5a2d4283-dcb2-43f2-8472-9072fc048d16@group-54397452AEAA-LeaderElection76] INFO  server.RaftServerConfigKeys (ConfUtils.java:logGet(43)) - raft.server.log.appender.buffer.element-limit = 1 (custom)
2019-10-14 14:58:47,144 [5a2d4283-dcb2-43f2-8472-9072fc048d16@group-54397452AEAA-LeaderElection76] INFO  grpc.GrpcConfigKeys$Server (ConfUtils.java:logGet(43)) - raft.grpc.server.leader.outstanding.appends.max = 128 (default)
2019-10-14 14:58:47,144 [5a2d4283-dcb2-43f2-8472-9072fc048d16@group-54397452AEAA-LeaderElection76] INFO  server.RaftServerConfigKeys (ConfUtils.java:logGet(43)) - raft.server.rpc.request.timeout = 3000ms (default)
2019-10-14 14:58:47,144 [5a2d4283-dcb2-43f2-8472-9072fc048d16@group-54397452AEAA-LeaderElection76] INFO  server.RaftServerConfigKeys (ConfUtils.java:logGet(43)) - raft.server.log.appender.install.snapshot.enabled = false (custom)
2019-10-14 14:58:47,144 [5a2d4283-dcb2-43f2-8472-9072fc048d16@group-54397452AEAA-LeaderElection76] INFO  server.RaftServerConfigKeys (ConfUtils.java:logGet(43)) - raft.server.log.appender.snapshot.chunk.size.max = 16MB (=16777216) (default)
2019-10-14 14:58:47,144 [5a2d4283-dcb2-43f2-8472-9072fc048d16@group-54397452AEAA-LeaderElection76] INFO  server.RaftServerConfigKeys (ConfUtils.java:logGet(43)) - raft.server.log.appender.buffer.byte-limit = 33554432 (custom)
2019-10-14 14:58:47,144 [5a2d4283-dcb2-43f2-8472-9072fc048d16@group-54397452AEAA-LeaderElection76] INFO  server.RaftServerConfigKeys (ConfUtils.java:logGet(43)) - raft.server.log.appender.buffer.element-limit = 1 (custom)
2019-10-14 14:58:47,145 [5a2d4283-dcb2-43f2-8472-9072fc048d16@group-54397452AEAA-LeaderElection76] INFO  grpc.GrpcConfigKeys$Server (ConfUtils.java:logGet(43)) - raft.grpc.server.leader.outstanding.appends.max = 128 (default)
2019-10-14 14:58:47,145 [5a2d4283-dcb2-43f2-8472-9072fc048d16@group-54397452AEAA-LeaderElection76] INFO  server.RaftServerConfigKeys (ConfUtils.java:logGet(43)) - raft.server.rpc.request.timeout = 3000ms (default)
2019-10-14 14:58:47,145 [5a2d4283-dcb2-43f2-8472-9072fc048d16@group-54397452AEAA-LeaderElection76] INFO  server.RaftServerConfigKeys (ConfUtils.java:logGet(43)) - raft.server.log.appender.install.snapshot.enabled = false (custom)
2019-10-14 14:58:47,145 [5a2d4283-dcb2-43f2-8472-9072fc048d16@group-54397452AEAA-LeaderElection76] INFO  impl.RoleInfo (RoleInfo.java:updateAndGet(143)) - 5a2d4283-dcb2-43f2-8472-9072fc048d16: start LeaderState
2019-10-14 14:58:47,145 [5a2d4283-dcb2-43f2-8472-9072fc048d16@group-54397452AEAA-LeaderElection76] INFO  segmented.SegmentedRaftLogWorker (SegmentedRaftLogWorker.java:startLogSegment(385)) - 5a2d4283-dcb2-43f2-8472-9072fc048d16@group-54397452AEAA-SegmentedRaftLogWorker: Starting segment from index:0
2019-10-14 14:58:47,146 [5a2d4283-dcb2-43f2-8472-9072fc048d16@group-54397452AEAA-LeaderElection76] INFO  impl.RaftServerImpl (ServerState.java:setRaftConf(356)) - 5a2d4283-dcb2-43f2-8472-9072fc048d16@group-54397452AEAA: set configuration 0: [5a2d4283-dcb2-43f2-8472-9072fc048d16:192.168.164.216:46032, c0afbdc0-0481-4ab5-b678-8eaf8869b693:192.168.164.216:37407, d6f6fde8-d674-482a-b318-645e2d559205:192.168.164.216:34908], old=null at 0
2019-10-14 14:58:47,147 [grpc-default-executor-8] INFO  impl.RaftServerImpl (ServerState.java:setLeader(255)) - c0afbdc0-0481-4ab5-b678-8eaf8869b693@group-54397452AEAA: change Leader from null to 5a2d4283-dcb2-43f2-8472-9072fc048d16 at term 2 for appendEntries, leader elected after 10316ms
2019-10-14 14:58:47,181 [grpc-default-executor-8] INFO  impl.RaftServerImpl (ServerState.java:setLeader(255)) - d6f6fde8-d674-482a-b318-645e2d559205@group-54397452AEAA: change Leader from null to 5a2d4283-dcb2-43f2-8472-9072fc048d16 at term 2 for appendEntries, leader elected after 10350ms
2019-10-14 14:58:47,181 [grpc-default-executor-2] INFO  impl.RaftServerImpl (ServerState.java:setRaftConf(356)) - c0afbdc0-0481-4ab5-b678-8eaf8869b693@group-54397452AEAA: set configuration 0: [5a2d4283-dcb2-43f2-8472-9072fc048d16:192.168.164.216:46032, c0afbdc0-0481-4ab5-b678-8eaf8869b693:192.168.164.216:37407, d6f6fde8-d674-482a-b318-645e2d559205:192.168.164.216:34908], old=null at 0
2019-10-14 14:58:47,182 [grpc-default-executor-2] INFO  segmented.SegmentedRaftLogWorker (SegmentedRaftLogWorker.java:startLogSegment(385)) - c0afbdc0-0481-4ab5-b678-8eaf8869b693@group-54397452AEAA-SegmentedRaftLogWorker: Starting segment from index:0
2019-10-14 14:58:47,183 [grpc-default-executor-2] INFO  impl.RaftServerImpl (ServerState.java:setRaftConf(356)) - d6f6fde8-d674-482a-b318-645e2d559205@group-54397452AEAA: set configuration 0: [5a2d4283-dcb2-43f2-8472-9072fc048d16:192.168.164.216:46032, c0afbdc0-0481-4ab5-b678-8eaf8869b693:192.168.164.216:37407, d6f6fde8-d674-482a-b318-645e2d559205:192.168.164.216:34908], old=null at 0
2019-10-14 14:58:47,183 [grpc-default-executor-2] INFO  segmented.SegmentedRaftLogWorker (SegmentedRaftLogWorker.java:startLogSegment(385)) - d6f6fde8-d674-482a-b318-645e2d559205@group-54397452AEAA-SegmentedRaftLogWorker: Starting segment from index:0
2019-10-14 14:58:47,210 [5a2d4283-dcb2-43f2-8472-9072fc048d16@group-54397452AEAA-SegmentedRaftLogWorker] INFO  segmented.SegmentedRaftLogWorker (SegmentedRaftLogWorker.java:execute(574)) - 5a2d4283-dcb2-43f2-8472-9072fc048d16@group-54397452AEAA-SegmentedRaftLogWorker: created new log segment /workdir/hadoop-ozone/integration-test/target/test-dir/MiniOzoneClusterImpl-a880bd18-28f5-415e-9d8b-b89ede6c483e/datanode-4/data/ratis/e2746af2-e50a-45f2-9fc1-54397452aeaa/current/log_inprogress_0
2019-10-14 14:58:47,227 [c0afbdc0-0481-4ab5-b678-8eaf8869b693@group-54397452AEAA-SegmentedRaftLogWorker] INFO  segmented.SegmentedRaftLogWorker (SegmentedRaftLogWorker.java:execute(574)) - c0afbdc0-0481-4ab5-b678-8eaf8869b693@group-54397452AEAA-SegmentedRaftLogWorker: created new log segment /workdir/hadoop-ozone/integration-test/target/test-dir/MiniOzoneClusterImpl-a880bd18-28f5-415e-9d8b-b89ede6c483e/datanode-3/data/ratis/e2746af2-e50a-45f2-9fc1-54397452aeaa/current/log_inprogress_0
2019-10-14 14:58:47,227 [d6f6fde8-d674-482a-b318-645e2d559205@group-54397452AEAA-SegmentedRaftLogWorker] INFO  segmented.SegmentedRaftLogWorker (SegmentedRaftLogWorker.java:execute(574)) - d6f6fde8-d674-482a-b318-645e2d559205@group-54397452AEAA-SegmentedRaftLogWorker: created new log segment /workdir/hadoop-ozone/integration-test/target/test-dir/MiniOzoneClusterImpl-a880bd18-28f5-415e-9d8b-b89ede6c483e/datanode-5/data/ratis/e2746af2-e50a-45f2-9fc1-54397452aeaa/current/log_inprogress_0
2019-10-14 14:58:48,108 [grpc-default-executor-7] WARN  server.GrpcLogAppender (LogUtils.java:warn(134)) - cfe8f924-b5c6-4352-87f8-4041c06f1d5a@group-CF2C2ECDC0F3->2b2a2bed-4f50-4c61-b8ad-f4f72c71dbde-AppendLogResponseHandler: Failed appendEntries: org.apache.ratis.thirdparty.io.grpc.StatusRuntimeException: UNAVAILABLE: io exception
2019-10-14 14:58:48,108 [grpc-default-executor-3] WARN  server.GrpcLogAppender (LogUtils.java:warn(134)) - cfe8f924-b5c6-4352-87f8-4041c06f1d5a@group-CF2C2ECDC0F3->990b5206-acaa-46d8-a99a-8196ac36b371-AppendLogResponseHandler: Failed appendEntries: org.apache.ratis.thirdparty.io.grpc.StatusRuntimeException: UNAVAILABLE: io exception
2019-10-14 14:58:48,109 [grpc-default-executor-3] INFO  impl.FollowerInfo (FollowerInfo.java:lambda$new$0(51)) - cfe8f924-b5c6-4352-87f8-4041c06f1d5a@group-CF2C2ECDC0F3->990b5206-acaa-46d8-a99a-8196ac36b371: nextIndex: updateUnconditionally 1 -> 0
2019-10-14 14:58:48,109 [grpc-default-executor-7] INFO  impl.FollowerInfo (FollowerInfo.java:lambda$new$0(51)) - cfe8f924-b5c6-4352-87f8-4041c06f1d5a@group-CF2C2ECDC0F3->2b2a2bed-4f50-4c61-b8ad-f4f72c71dbde: nextIndex: updateUnconditionally 1 -> 0
2019-10-14 14:58:50,608 [grpc-default-executor-2] WARN  server.GrpcLogAppender (LogUtils.java:warn(134)) - cfe8f924-b5c6-4352-87f8-4041c06f1d5a@group-CF2C2ECDC0F3->990b5206-acaa-46d8-a99a-8196ac36b371-AppendLogResponseHandler: Failed appendEntries: org.apache.ratis.thirdparty.io.grpc.StatusRuntimeException: UNAVAILABLE: io exception
2019-10-14 14:58:50,608 [grpc-default-executor-8] WARN  server.GrpcLogAppender (LogUtils.java:warn(134)) - cfe8f924-b5c6-4352-87f8-4041c06f1d5a@group-CF2C2ECDC0F3->2b2a2bed-4f50-4c61-b8ad-f4f72c71dbde-AppendLogResponseHandler: Failed appendEntries: org.apache.ratis.thirdparty.io.grpc.StatusRuntimeException: UNAVAILABLE: io exception
2019-10-14 14:58:50,609 [grpc-default-executor-2] INFO  impl.FollowerInfo (FollowerInfo.java:lambda$new$0(51)) - cfe8f924-b5c6-4352-87f8-4041c06f1d5a@group-CF2C2ECDC0F3->990b5206-acaa-46d8-a99a-8196ac36b371: nextIndex: updateUnconditionally 0 -> 0
2019-10-14 14:58:50,609 [grpc-default-executor-8] INFO  impl.FollowerInfo (FollowerInfo.java:lambda$new$0(51)) - cfe8f924-b5c6-4352-87f8-4041c06f1d5a@group-CF2C2ECDC0F3->2b2a2bed-4f50-4c61-b8ad-f4f72c71dbde: nextIndex: updateUnconditionally 0 -> 0
2019-10-14 14:58:50,682 [Thread-2495] INFO  client.GrpcClientProtocolService (GrpcClientProtocolService.java:lambda$processClientRequest$0(278)) - Failed RaftClientRequest:client-4D685B4ABD2F->cfe8f924-b5c6-4352-87f8-4041c06f1d5a@group-CF2C2ECDC0F3, cid=68, seq=0, Watch-MAJORITY_COMMITTED(20), Message:<EMPTY>, reply=RaftClientReply:client-4D685B4ABD2F->cfe8f924-b5c6-4352-87f8-4041c06f1d5a@group-CF2C2ECDC0F3, cid=68, FAILED org.apache.ratis.protocol.NotReplicatedException: Request with call Id 68 and log index 20 is not yet replicated to MAJORITY_COMMITTED, logIndex=20, commits[cfe8f924-b5c6-4352-87f8-4041c06f1d5a:c2, 2b2a2bed-4f50-4c61-b8ad-f4f72c71dbde:c2, 990b5206-acaa-46d8-a99a-8196ac36b371:c2]
2019-10-14 14:58:51,148 [EventQueue-StaleNodeForStaleNodeHandler] INFO  node.StaleNodeHandler (StaleNodeHandler.java:onMessage(58)) - Datanode 990b5206-acaa-46d8-a99a-8196ac36b371{ip: 192.168.164.216, host: dev-nightly-20191014-2mv7m-2951356099, networkLocation: /default-rack, certSerialId: null} moved to stale state. Finalizing its pipelines [PipelineID=57c85375-5699-4e3f-bf41-05beb9c98217, PipelineID=19a41687-90b2-4a67-811e-cf2c2ecdc0f3]
2019-10-14 14:58:51,149 [EventQueue-StaleNodeForStaleNodeHandler] INFO  pipeline.SCMPipelineManager (SCMPipelineManager.java:finalizeAndDestroyPipeline(315)) - destroying pipeline:Pipeline[ Id: 57c85375-5699-4e3f-bf41-05beb9c98217, Nodes: 990b5206-acaa-46d8-a99a-8196ac36b371{ip: 192.168.164.216, host: dev-nightly-20191014-2mv7m-2951356099, networkLocation: /default-rack, certSerialId: null}, Type:RATIS, Factor:ONE, State:OPEN]
2019-10-14 14:58:51,149 [EventQueue-StaleNodeForStaleNodeHandler] INFO  pipeline.PipelineStateManager (PipelineStateManager.java:finalizePipeline(123)) - Pipeline Pipeline[ Id: 57c85375-5699-4e3f-bf41-05beb9c98217, Nodes: 990b5206-acaa-46d8-a99a-8196ac36b371{ip: 192.168.164.216, host: dev-nightly-20191014-2mv7m-2951356099, networkLocation: /default-rack, certSerialId: null}, Type:RATIS, Factor:ONE, State:CLOSED] moved to CLOSED state
2019-10-14 14:58:51,149 [EventQueue-StaleNodeForStaleNodeHandler] INFO  pipeline.SCMPipelineManager (SCMPipelineManager.java:finalizeAndDestroyPipeline(315)) - destroying pipeline:Pipeline[ Id: 19a41687-90b2-4a67-811e-cf2c2ecdc0f3, Nodes: 2b2a2bed-4f50-4c61-b8ad-f4f72c71dbde{ip: 192.168.164.216, host: dev-nightly-20191014-2mv7m-2951356099, networkLocation: /default-rack, certSerialId: null}990b5206-acaa-46d8-a99a-8196ac36b371{ip: 192.168.164.216, host: dev-nightly-20191014-2mv7m-2951356099, networkLocation: /default-rack, certSerialId: null}cfe8f924-b5c6-4352-87f8-4041c06f1d5a{ip: 192.168.164.216, host: dev-nightly-20191014-2mv7m-2951356099, networkLocation: /default-rack, certSerialId: null}, Type:RATIS, Factor:THREE, State:CLOSED]
2019-10-14 14:58:52,224 [Datanode State Machine Thread - 0] INFO  statemachine.DatanodeStateMachine (DatanodeStateMachine.java:lambda$startDaemon$0(350)) - Ozone container server started.
2019-10-14 14:58:52,231 [main] INFO  ozoneimpl.OzoneContainer (OzoneContainer.java:stop(227)) - Attempting to stop container services.
2019-10-14 14:58:52,234 [main] INFO  impl.RaftServerProxy (RaftServerProxy.java:lambda$close$4(314)) - 37a2767d-935e-4cba-a62e-beeeb057370c: close
2019-10-14 14:58:52,235 [main] INFO  impl.RaftServerImpl (RaftServerImpl.java:lambda$shutdown$3(247)) - 37a2767d-935e-4cba-a62e-beeeb057370c@group-EB89E89DFD9D: shutdown
2019-10-14 14:58:52,236 [main] INFO  util.JmxRegister (JmxRegister.java:unregister(73)) - Successfully un-registered JMX Bean with object name Ratis:service=RaftServer,group=group-EB89E89DFD9D,id=37a2767d-935e-4cba-a62e-beeeb057370c
2019-10-14 14:58:52,236 [main] INFO  impl.RoleInfo (RoleInfo.java:shutdownLeaderState(104)) - 37a2767d-935e-4cba-a62e-beeeb057370c: shutdown LeaderState
2019-10-14 14:58:52,241 [main] INFO  impl.PendingRequests (PendingRequests.java:sendNotLeaderResponses(202)) - 37a2767d-935e-4cba-a62e-beeeb057370c@group-EB89E89DFD9D-PendingRequests: sendNotLeaderResponses
2019-10-14 14:58:52,241 [org.apache.ratis.server.impl.LogAppender$AppenderDaemon$$Lambda$541/1853591838@65cee28a] WARN  server.GrpcLogAppender (GrpcLogAppender.java:mayWait(143)) - 37a2767d-935e-4cba-a62e-beeeb057370c@group-EB89E89DFD9D->616f1b99-31a5-45f6-b720-41f2d2e626db-GrpcLogAppender: Wait interrupted by java.lang.InterruptedException
2019-10-14 14:58:52,249 [org.apache.ratis.server.impl.LogAppender$AppenderDaemon$$Lambda$541/1853591838@63bfb78c] WARN  server.GrpcLogAppender (GrpcLogAppender.java:mayWait(143)) - 37a2767d-935e-4cba-a62e-beeeb057370c@group-EB89E89DFD9D->c323476f-5c38-4769-99fb-556cb7798765-GrpcLogAppender: Wait interrupted by java.lang.InterruptedException
2019-10-14 14:58:52,249 [main] INFO  impl.StateMachineUpdater (StateMachineUpdater.java:stopAndJoin(136)) - 37a2767d-935e-4cba-a62e-beeeb057370c@group-EB89E89DFD9D-StateMachineUpdater: set stopIndex = 2
2019-10-14 14:58:52,249 [37a2767d-935e-4cba-a62e-beeeb057370c@group-EB89E89DFD9D-StateMachineUpdater] INFO  ratis.ContainerStateMachine (ContainerStateMachine.java:takeSnapshot(294)) - group-EB89E89DFD9D: Taking a snapshot at:(t:2, i:2) file /workdir/hadoop-ozone/integration-test/target/test-dir/MiniOzoneClusterImpl-a880bd18-28f5-415e-9d8b-b89ede6c483e/datanode-2/data/ratis/ddd34146-84a9-42cf-acd1-eb89e89dfd9d/sm/snapshot.2_2
2019-10-14 14:58:52,253 [grpc-default-executor-8] INFO  server.GrpcServerProtocolService (GrpcServerProtocolService.java:onCompleted(113)) - 616f1b99-31a5-45f6-b720-41f2d2e626db: Completed APPEND_ENTRIES, lastRequest: 37a2767d-935e-4cba-a62e-beeeb057370c->616f1b99-31a5-45f6-b720-41f2d2e626db#5-t2, previous=(t:2, i:2), leaderCommit=2, initializing? false, entries: <empty>
2019-10-14 14:58:52,253 [grpc-default-executor-2] INFO  server.GrpcServerProtocolService (GrpcServerProtocolService.java:onCompleted(113)) - c323476f-5c38-4769-99fb-556cb7798765: Completed APPEND_ENTRIES, lastRequest: 37a2767d-935e-4cba-a62e-beeeb057370c->c323476f-5c38-4769-99fb-556cb7798765#5-t2, previous=(t:2, i:2), leaderCommit=2, initializing? false, entries: <empty>
2019-10-14 14:58:52,253 [grpc-default-executor-2] INFO  server.GrpcLogAppender (GrpcLogAppender.java:onCompleted(293)) - 37a2767d-935e-4cba-a62e-beeeb057370c@group-EB89E89DFD9D->616f1b99-31a5-45f6-b720-41f2d2e626db-AppendLogResponseHandler: follower responses appendEntries COMPLETED
2019-10-14 14:58:52,253 [grpc-default-executor-8] INFO  server.GrpcLogAppender (GrpcLogAppender.java:onCompleted(293)) - 37a2767d-935e-4cba-a62e-beeeb057370c@group-EB89E89DFD9D->c323476f-5c38-4769-99fb-556cb7798765-AppendLogResponseHandler: follower responses appendEntries COMPLETED
2019-10-14 14:58:52,254 [grpc-default-executor-2] INFO  impl.FollowerInfo (FollowerInfo.java:lambda$new$0(51)) - 37a2767d-935e-4cba-a62e-beeeb057370c@group-EB89E89DFD9D->616f1b99-31a5-45f6-b720-41f2d2e626db: nextIndex: updateUnconditionally 3 -> 2
2019-10-14 14:58:52,254 [grpc-default-executor-8] INFO  impl.FollowerInfo (FollowerInfo.java:lambda$new$0(51)) - 37a2767d-935e-4cba-a62e-beeeb057370c@group-EB89E89DFD9D->c323476f-5c38-4769-99fb-556cb7798765: nextIndex: updateUnconditionally 3 -> 2
2019-10-14 14:58:52,277 [37a2767d-935e-4cba-a62e-beeeb057370c@group-EB89E89DFD9D-StateMachineUpdater] INFO  ratis.ContainerStateMachine (ContainerStateMachine.java:takeSnapshot(305)) - group-EB89E89DFD9D: Finished taking a snapshot at:(t:2, i:2) file:/workdir/hadoop-ozone/integration-test/target/test-dir/MiniOzoneClusterImpl-a880bd18-28f5-415e-9d8b-b89ede6c483e/datanode-2/data/ratis/ddd34146-84a9-42cf-acd1-eb89e89dfd9d/sm/snapshot.2_2 time:28
2019-10-14 14:58:52,277 [37a2767d-935e-4cba-a62e-beeeb057370c@group-EB89E89DFD9D-StateMachineUpdater] INFO  impl.StateMachineUpdater (StateMachineUpdater.java:takeSnapshot(269)) - 37a2767d-935e-4cba-a62e-beeeb057370c@group-EB89E89DFD9D-StateMachineUpdater: Took a snapshot at index 2
2019-10-14 14:58:52,277 [37a2767d-935e-4cba-a62e-beeeb057370c@group-EB89E89DFD9D-StateMachineUpdater] INFO  impl.StateMachineUpdater (StateMachineUpdater.java:lambda$new$0(84)) - 37a2767d-935e-4cba-a62e-beeeb057370c@group-EB89E89DFD9D-StateMachineUpdater: snapshotIndex: updateIncreasingly -1 -> 2
2019-10-14 14:58:52,278 [main] INFO  impl.RaftServerImpl (ServerState.java:close(387)) - 37a2767d-935e-4cba-a62e-beeeb057370c@group-EB89E89DFD9D: closes. applyIndex: 2
2019-10-14 14:58:52,278 [37a2767d-935e-4cba-a62e-beeeb057370c@group-EB89E89DFD9D-SegmentedRaftLogWorker] INFO  segmented.SegmentedRaftLogWorker (SegmentedRaftLogWorker.java:run(316)) - 37a2767d-935e-4cba-a62e-beeeb057370c@group-EB89E89DFD9D-SegmentedRaftLogWorker was interrupted, exiting. There are 0 tasks remaining in the queue.
2019-10-14 14:58:52,282 [main] INFO  segmented.SegmentedRaftLogWorker (SegmentedRaftLogWorker.java:close(224)) - 37a2767d-935e-4cba-a62e-beeeb057370c@group-EB89E89DFD9D-SegmentedRaftLogWorker close()
2019-10-14 14:58:52,288 [main] INFO  impl.RaftServerImpl (RaftServerImpl.java:lambda$shutdown$3(247)) - 37a2767d-935e-4cba-a62e-beeeb057370c@group-16135A8CE9BA: shutdown
2019-10-14 14:58:52,288 [main] INFO  util.JmxRegister (JmxRegister.java:unregister(73)) - Successfully un-registered JMX Bean with object name Ratis:service=RaftServer,group=group-16135A8CE9BA,id=37a2767d-935e-4cba-a62e-beeeb057370c
2019-10-14 14:58:52,289 [main] INFO  impl.RoleInfo (RoleInfo.java:shutdownLeaderState(104)) - 37a2767d-935e-4cba-a62e-beeeb057370c: shutdown LeaderState
2019-10-14 14:58:52,289 [main] INFO  impl.PendingRequests (PendingRequests.java:sendNotLeaderResponses(202)) - 37a2767d-935e-4cba-a62e-beeeb057370c@group-16135A8CE9BA-PendingRequests: sendNotLeaderResponses
2019-10-14 14:58:52,289 [main] INFO  impl.StateMachineUpdater (StateMachineUpdater.java:stopAndJoin(136)) - 37a2767d-935e-4cba-a62e-beeeb057370c@group-16135A8CE9BA-StateMachineUpdater: set stopIndex = 0
2019-10-14 14:58:52,290 [main] INFO  impl.RaftServerImpl (ServerState.java:close(387)) - 37a2767d-935e-4cba-a62e-beeeb057370c@group-16135A8CE9BA: closes. applyIndex: 0
2019-10-14 14:58:52,290 [37a2767d-935e-4cba-a62e-beeeb057370c@group-16135A8CE9BA-SegmentedRaftLogWorker] INFO  segmented.SegmentedRaftLogWorker (SegmentedRaftLogWorker.java:run(316)) - 37a2767d-935e-4cba-a62e-beeeb057370c@group-16135A8CE9BA-SegmentedRaftLogWorker was interrupted, exiting. There are 0 tasks remaining in the queue.
2019-10-14 14:58:52,293 [main] INFO  segmented.SegmentedRaftLogWorker (SegmentedRaftLogWorker.java:close(224)) - 37a2767d-935e-4cba-a62e-beeeb057370c@group-16135A8CE9BA-SegmentedRaftLogWorker close()
2019-10-14 14:58:52,299 [main] INFO  server.GrpcService (GrpcService.java:closeImpl(164)) - 37a2767d-935e-4cba-a62e-beeeb057370c: shutdown server with port 33344 now
2019-10-14 14:58:52,300 [main] INFO  server.GrpcService (GrpcService.java:closeImpl(172)) - 37a2767d-935e-4cba-a62e-beeeb057370c: shutdown server with port 33344 successfully
2019-10-14 14:58:52,305 [refreshUsed-/workdir/hadoop-ozone/integration-test/target/test-dir/MiniOzoneClusterImpl-a880bd18-28f5-415e-9d8b-b89ede6c483e/datanode-2/data/containers] WARN  fs.CachingGetSpaceUsed (CachingGetSpaceUsed.java:run(183)) - Thread Interrupted waiting to refresh disk information: sleep interrupted
2019-10-14 14:58:52,321 [main] INFO  utils.BackgroundService (BackgroundService.java:shutdown(151)) - Shutting down service BlockDeletingService
2019-10-14 14:58:52,331 [main] INFO  statemachine.DatanodeStateMachine (DatanodeStateMachine.java:stopDaemon(395)) - Ozone container server stopped.
2019-10-14 14:58:52,334 [main] INFO  handler.ContextHandler (ContextHandler.java:doStop(910)) - Stopped o.e.j.w.WebAppContext@6314df3c{/,null,UNAVAILABLE}{/hddsDatanode}
2019-10-14 14:58:52,335 [main] INFO  server.AbstractConnector (AbstractConnector.java:doStop(318)) - Stopped ServerConnector@5785e813{HTTP/1.1,[http/1.1]}{0.0.0.0:0}
2019-10-14 14:58:52,335 [main] INFO  handler.ContextHandler (ContextHandler.java:doStop(910)) - Stopped o.e.j.s.ServletContextHandler@687389a6{/static,jar:file:/home/user/.m2/repository/org/apache/hadoop/hadoop-hdds-container-service/0.5.0-SNAPSHOT/hadoop-hdds-container-service-0.5.0-SNAPSHOT.jar!/webapps/static,UNAVAILABLE}
2019-10-14 14:58:52,336 [main] INFO  handler.ContextHandler (ContextHandler.java:doStop(910)) - Stopped o.e.j.s.ServletContextHandler@675b18ff{/logs,file:///workdir/hadoop-ozone/integration-test/target/log,UNAVAILABLE}
2019-10-14 14:58:53,109 [grpc-default-executor-3] WARN  server.GrpcLogAppender (LogUtils.java:warn(134)) - cfe8f924-b5c6-4352-87f8-4041c06f1d5a@group-CF2C2ECDC0F3->2b2a2bed-4f50-4c61-b8ad-f4f72c71dbde-AppendLogResponseHandler: Failed appendEntries: org.apache.ratis.thirdparty.io.grpc.StatusRuntimeException: UNAVAILABLE: io exception
2019-10-14 14:58:53,109 [grpc-default-executor-1] WARN  server.GrpcLogAppender (LogUtils.java:warn(134)) - cfe8f924-b5c6-4352-87f8-4041c06f1d5a@group-CF2C2ECDC0F3->990b5206-acaa-46d8-a99a-8196ac36b371-AppendLogResponseHandler: Failed appendEntries: org.apache.ratis.thirdparty.io.grpc.StatusRuntimeException: UNAVAILABLE: io exception
2019-10-14 14:58:53,109 [grpc-default-executor-3] INFO  impl.FollowerInfo (FollowerInfo.java:lambda$new$0(51)) - cfe8f924-b5c6-4352-87f8-4041c06f1d5a@group-CF2C2ECDC0F3->2b2a2bed-4f50-4c61-b8ad-f4f72c71dbde: nextIndex: updateUnconditionally 0 -> 0
2019-10-14 14:58:53,110 [grpc-default-executor-1] INFO  impl.FollowerInfo (FollowerInfo.java:lambda$new$0(51)) - cfe8f924-b5c6-4352-87f8-4041c06f1d5a@group-CF2C2ECDC0F3->990b5206-acaa-46d8-a99a-8196ac36b371: nextIndex: updateUnconditionally 0 -> 0
2019-10-14 14:58:55,610 [grpc-default-executor-1] WARN  server.GrpcLogAppender (LogUtils.java:warn(134)) - cfe8f924-b5c6-4352-87f8-4041c06f1d5a@group-CF2C2ECDC0F3->990b5206-acaa-46d8-a99a-8196ac36b371-AppendLogResponseHandler: Failed appendEntries: org.apache.ratis.thirdparty.io.grpc.StatusRuntimeException: UNAVAILABLE: io exception
2019-10-14 14:58:55,610 [grpc-default-executor-2] WARN  server.GrpcLogAppender (LogUtils.java:warn(134)) - cfe8f924-b5c6-4352-87f8-4041c06f1d5a@group-CF2C2ECDC0F3->2b2a2bed-4f50-4c61-b8ad-f4f72c71dbde-AppendLogResponseHandler: Failed appendEntries: org.apache.ratis.thirdparty.io.grpc.StatusRuntimeException: UNAVAILABLE: io exception
2019-10-14 14:58:55,611 [grpc-default-executor-1] INFO  impl.FollowerInfo (FollowerInfo.java:lambda$new$0(51)) - cfe8f924-b5c6-4352-87f8-4041c06f1d5a@group-CF2C2ECDC0F3->990b5206-acaa-46d8-a99a-8196ac36b371: nextIndex: updateUnconditionally 0 -> 0
2019-10-14 14:58:55,611 [grpc-default-executor-2] INFO  impl.FollowerInfo (FollowerInfo.java:lambda$new$0(51)) - cfe8f924-b5c6-4352-87f8-4041c06f1d5a@group-CF2C2ECDC0F3->2b2a2bed-4f50-4c61-b8ad-f4f72c71dbde: nextIndex: updateUnconditionally 0 -> 0
2019-10-14 14:58:58,110 [grpc-default-executor-7] WARN  server.GrpcLogAppender (LogUtils.java:warn(134)) - cfe8f924-b5c6-4352-87f8-4041c06f1d5a@group-CF2C2ECDC0F3->2b2a2bed-4f50-4c61-b8ad-f4f72c71dbde-AppendLogResponseHandler: Failed appendEntries: org.apache.ratis.thirdparty.io.grpc.StatusRuntimeException: UNAVAILABLE: io exception
2019-10-14 14:58:58,110 [grpc-default-executor-8] WARN  server.GrpcLogAppender (LogUtils.java:warn(134)) - cfe8f924-b5c6-4352-87f8-4041c06f1d5a@group-CF2C2ECDC0F3->990b5206-acaa-46d8-a99a-8196ac36b371-AppendLogResponseHandler: Failed appendEntries: org.apache.ratis.thirdparty.io.grpc.StatusRuntimeException: UNAVAILABLE: io exception
2019-10-14 14:58:58,111 [grpc-default-executor-7] INFO  impl.FollowerInfo (FollowerInfo.java:lambda$new$0(51)) - cfe8f924-b5c6-4352-87f8-4041c06f1d5a@group-CF2C2ECDC0F3->2b2a2bed-4f50-4c61-b8ad-f4f72c71dbde: nextIndex: updateUnconditionally 0 -> 0
2019-10-14 14:58:58,111 [grpc-default-executor-8] INFO  impl.FollowerInfo (FollowerInfo.java:lambda$new$0(51)) - cfe8f924-b5c6-4352-87f8-4041c06f1d5a@group-CF2C2ECDC0F3->990b5206-acaa-46d8-a99a-8196ac36b371: nextIndex: updateUnconditionally 0 -> 0
2019-10-14 14:59:00,611 [grpc-default-executor-4] WARN  server.GrpcLogAppender (LogUtils.java:warn(134)) - cfe8f924-b5c6-4352-87f8-4041c06f1d5a@group-CF2C2ECDC0F3->2b2a2bed-4f50-4c61-b8ad-f4f72c71dbde-AppendLogResponseHandler: Failed appendEntries: org.apache.ratis.thirdparty.io.grpc.StatusRuntimeException: UNAVAILABLE: io exception
2019-10-14 14:59:00,611 [grpc-default-executor-2] WARN  server.GrpcLogAppender (LogUtils.java:warn(134)) - cfe8f924-b5c6-4352-87f8-4041c06f1d5a@group-CF2C2ECDC0F3->990b5206-acaa-46d8-a99a-8196ac36b371-AppendLogResponseHandler: Failed appendEntries: org.apache.ratis.thirdparty.io.grpc.StatusRuntimeException: UNAVAILABLE: io exception
2019-10-14 14:59:00,612 [grpc-default-executor-4] INFO  impl.FollowerInfo (FollowerInfo.java:lambda$new$0(51)) - cfe8f924-b5c6-4352-87f8-4041c06f1d5a@group-CF2C2ECDC0F3->2b2a2bed-4f50-4c61-b8ad-f4f72c71dbde: nextIndex: updateUnconditionally 0 -> 0
2019-10-14 14:59:00,612 [grpc-default-executor-2] INFO  impl.FollowerInfo (FollowerInfo.java:lambda$new$0(51)) - cfe8f924-b5c6-4352-87f8-4041c06f1d5a@group-CF2C2ECDC0F3->990b5206-acaa-46d8-a99a-8196ac36b371: nextIndex: updateUnconditionally 0 -> 0
2019-10-14 14:59:01,971 [Thread-2448] INFO  impl.FollowerState (FollowerState.java:run(108)) - 616f1b99-31a5-45f6-b720-41f2d2e626db@group-EB89E89DFD9D-FollowerState: change to CANDIDATE, lastRpcTime:9865ms, electionTimeout:5144ms
2019-10-14 14:59:01,971 [Thread-2448] INFO  impl.RoleInfo (RoleInfo.java:shutdownFollowerState(121)) - 616f1b99-31a5-45f6-b720-41f2d2e626db: shutdown FollowerState
2019-10-14 14:59:01,972 [Thread-2448] INFO  impl.RaftServerImpl (RaftServerImpl.java:setRole(170)) - 616f1b99-31a5-45f6-b720-41f2d2e626db@group-EB89E89DFD9D: changes role from  FOLLOWER to CANDIDATE at term 2 for changeToCandidate
2019-10-14 14:59:01,972 [Thread-2448] INFO  impl.RoleInfo (RoleInfo.java:updateAndGet(143)) - 616f1b99-31a5-45f6-b720-41f2d2e626db: start LeaderElection
2019-10-14 14:59:01,995 [Thread-2449] INFO  impl.FollowerState (FollowerState.java:run(108)) - c323476f-5c38-4769-99fb-556cb7798765@group-EB89E89DFD9D-FollowerState: change to CANDIDATE, lastRpcTime:9884ms, electionTimeout:5128ms
2019-10-14 14:59:01,995 [Thread-2449] INFO  impl.RoleInfo (RoleInfo.java:shutdownFollowerState(121)) - c323476f-5c38-4769-99fb-556cb7798765: shutdown FollowerState
2019-10-14 14:59:01,995 [616f1b99-31a5-45f6-b720-41f2d2e626db@group-EB89E89DFD9D-LeaderElection77] INFO  impl.RaftServerImpl (ServerState.java:setLeader(255)) - 616f1b99-31a5-45f6-b720-41f2d2e626db@group-EB89E89DFD9D: change Leader from 37a2767d-935e-4cba-a62e-beeeb057370c to null at term 2 for initElection
2019-10-14 14:59:01,995 [Thread-2449] INFO  impl.RaftServerImpl (RaftServerImpl.java:setRole(170)) - c323476f-5c38-4769-99fb-556cb7798765@group-EB89E89DFD9D: changes role from  FOLLOWER to CANDIDATE at term 2 for changeToCandidate
2019-10-14 14:59:01,995 [Thread-2449] INFO  impl.RoleInfo (RoleInfo.java:updateAndGet(143)) - c323476f-5c38-4769-99fb-556cb7798765: start LeaderElection
2019-10-14 14:59:01,996 [c323476f-5c38-4769-99fb-556cb7798765@group-EB89E89DFD9D-LeaderElection78] INFO  impl.RaftServerImpl (ServerState.java:setLeader(255)) - c323476f-5c38-4769-99fb-556cb7798765@group-EB89E89DFD9D: change Leader from 37a2767d-935e-4cba-a62e-beeeb057370c to null at term 2 for initElection
2019-10-14 14:59:02,020 [616f1b99-31a5-45f6-b720-41f2d2e626db@group-EB89E89DFD9D-LeaderElection77] INFO  impl.LeaderElection (LeaderElection.java:askForVotes(178)) - 616f1b99-31a5-45f6-b720-41f2d2e626db@group-EB89E89DFD9D-LeaderElection77: begin an election at term 3 for 0: [c323476f-5c38-4769-99fb-556cb7798765:192.168.164.216:37657, 616f1b99-31a5-45f6-b720-41f2d2e626db:192.168.164.216:45136, 37a2767d-935e-4cba-a62e-beeeb057370c:192.168.164.216:33344], old=null
2019-10-14 14:59:02,020 [c323476f-5c38-4769-99fb-556cb7798765@group-EB89E89DFD9D-LeaderElection78] INFO  impl.LeaderElection (LeaderElection.java:askForVotes(178)) - c323476f-5c38-4769-99fb-556cb7798765@group-EB89E89DFD9D-LeaderElection78: begin an election at term 3 for 0: [c323476f-5c38-4769-99fb-556cb7798765:192.168.164.216:37657, 616f1b99-31a5-45f6-b720-41f2d2e626db:192.168.164.216:45136, 37a2767d-935e-4cba-a62e-beeeb057370c:192.168.164.216:33344], old=null
2019-10-14 14:59:02,022 [616f1b99-31a5-45f6-b720-41f2d2e626db@group-EB89E89DFD9D-LeaderElection77] INFO  impl.LeaderElection (LogUtils.java:infoOrTrace(149)) - 616f1b99-31a5-45f6-b720-41f2d2e626db@group-EB89E89DFD9D-LeaderElection77 got exception when requesting votes: {}
java.util.concurrent.ExecutionException: org.apache.ratis.thirdparty.io.grpc.StatusRuntimeException: UNAVAILABLE: io exception
	at java.util.concurrent.FutureTask.report(FutureTask.java:122)
	at java.util.concurrent.FutureTask.get(FutureTask.java:192)
	at org.apache.ratis.server.impl.LeaderElection.waitForResults(LeaderElection.java:259)
	at org.apache.ratis.server.impl.LeaderElection.askForVotes(LeaderElection.java:197)
	at org.apache.ratis.server.impl.LeaderElection.run(LeaderElection.java:133)
	at java.lang.Thread.run(Thread.java:748)
Caused by: org.apache.ratis.thirdparty.io.grpc.StatusRuntimeException: UNAVAILABLE: io exception
	at org.apache.ratis.thirdparty.io.grpc.stub.ClientCalls.toStatusRuntimeException(ClientCalls.java:233)
	at org.apache.ratis.thirdparty.io.grpc.stub.ClientCalls.getUnchecked(ClientCalls.java:214)
	at org.apache.ratis.thirdparty.io.grpc.stub.ClientCalls.blockingUnaryCall(ClientCalls.java:139)
	at org.apache.ratis.proto.grpc.RaftServerProtocolServiceGrpc$RaftServerProtocolServiceBlockingStub.requestVote(RaftServerProtocolServiceGrpc.java:265)
	at org.apache.ratis.grpc.server.GrpcServerProtocolClient.requestVote(GrpcServerProtocolClient.java:99)
	at org.apache.ratis.grpc.server.GrpcService.requestVote(GrpcService.java:204)
	at org.apache.ratis.server.impl.LeaderElection.lambda$submitRequests$1(LeaderElection.java:234)
	at java.util.concurrent.FutureTask.run(FutureTask.java:266)
	at java.util.concurrent.Executors$RunnableAdapter.call(Executors.java:511)
	at java.util.concurrent.FutureTask.run(FutureTask.java:266)
	at java.util.concurrent.ThreadPoolExecutor.runWorker(ThreadPoolExecutor.java:1149)
	at java.util.concurrent.ThreadPoolExecutor$Worker.run(ThreadPoolExecutor.java:624)
	... 1 more
Caused by: org.apache.ratis.thirdparty.io.netty.channel.AbstractChannel$AnnotatedConnectException: Connection refused: /192.168.164.216:33344
	at sun.nio.ch.SocketChannelImpl.checkConnect(Native Method)
	at sun.nio.ch.SocketChannelImpl.finishConnect(SocketChannelImpl.java:717)
	at org.apache.ratis.thirdparty.io.netty.channel.socket.nio.NioSocketChannel.doFinishConnect(NioSocketChannel.java:327)
	at org.apache.ratis.thirdparty.io.netty.channel.nio.AbstractNioChannel$AbstractNioUnsafe.finishConnect(AbstractNioChannel.java:340)
	at org.apache.ratis.thirdparty.io.netty.channel.nio.NioEventLoop.processSelectedKey(NioEventLoop.java:632)
	at org.apache.ratis.thirdparty.io.netty.channel.nio.NioEventLoop.processSelectedKeysOptimized(NioEventLoop.java:579)
	at org.apache.ratis.thirdparty.io.netty.channel.nio.NioEventLoop.processSelectedKeys(NioEventLoop.java:496)
	at org.apache.ratis.thirdparty.io.netty.channel.nio.NioEventLoop.run(NioEventLoop.java:458)
	at org.apache.ratis.thirdparty.io.netty.util.concurrent.SingleThreadEventExecutor$5.run(SingleThreadEventExecutor.java:897)
	at org.apache.ratis.thirdparty.io.netty.util.concurrent.FastThreadLocalRunnable.run(FastThreadLocalRunnable.java:30)
	... 1 more
Caused by: java.net.ConnectException: Connection refused
	... 11 more
2019-10-14 14:59:02,022 [c323476f-5c38-4769-99fb-556cb7798765@group-EB89E89DFD9D-LeaderElection78] INFO  impl.LeaderElection (LogUtils.java:infoOrTrace(149)) - c323476f-5c38-4769-99fb-556cb7798765@group-EB89E89DFD9D-LeaderElection78 got exception when requesting votes: {}
java.util.concurrent.ExecutionException: org.apache.ratis.thirdparty.io.grpc.StatusRuntimeException: UNAVAILABLE: io exception
	at java.util.concurrent.FutureTask.report(FutureTask.java:122)
	at java.util.concurrent.FutureTask.get(FutureTask.java:192)
	at org.apache.ratis.server.impl.LeaderElection.waitForResults(LeaderElection.java:259)
	at org.apache.ratis.server.impl.LeaderElection.askForVotes(LeaderElection.java:197)
	at org.apache.ratis.server.impl.LeaderElection.run(LeaderElection.java:133)
	at java.lang.Thread.run(Thread.java:748)
Caused by: org.apache.ratis.thirdparty.io.grpc.StatusRuntimeException: UNAVAILABLE: io exception
	at org.apache.ratis.thirdparty.io.grpc.stub.ClientCalls.toStatusRuntimeException(ClientCalls.java:233)
	at org.apache.ratis.thirdparty.io.grpc.stub.ClientCalls.getUnchecked(ClientCalls.java:214)
	at org.apache.ratis.thirdparty.io.grpc.stub.ClientCalls.blockingUnaryCall(ClientCalls.java:139)
	at org.apache.ratis.proto.grpc.RaftServerProtocolServiceGrpc$RaftServerProtocolServiceBlockingStub.requestVote(RaftServerProtocolServiceGrpc.java:265)
	at org.apache.ratis.grpc.server.GrpcServerProtocolClient.requestVote(GrpcServerProtocolClient.java:99)
	at org.apache.ratis.grpc.server.GrpcService.requestVote(GrpcService.java:204)
	at org.apache.ratis.server.impl.LeaderElection.lambda$submitRequests$1(LeaderElection.java:234)
	at java.util.concurrent.FutureTask.run(FutureTask.java:266)
	at java.util.concurrent.Executors$RunnableAdapter.call(Executors.java:511)
	at java.util.concurrent.FutureTask.run(FutureTask.java:266)
	at java.util.concurrent.ThreadPoolExecutor.runWorker(ThreadPoolExecutor.java:1149)
	at java.util.concurrent.ThreadPoolExecutor$Worker.run(ThreadPoolExecutor.java:624)
	... 1 more
Caused by: org.apache.ratis.thirdparty.io.netty.channel.AbstractChannel$AnnotatedConnectException: Connection refused: /192.168.164.216:33344
	at sun.nio.ch.SocketChannelImpl.checkConnect(Native Method)
	at sun.nio.ch.SocketChannelImpl.finishConnect(SocketChannelImpl.java:717)
	at org.apache.ratis.thirdparty.io.netty.channel.socket.nio.NioSocketChannel.doFinishConnect(NioSocketChannel.java:327)
	at org.apache.ratis.thirdparty.io.netty.channel.nio.AbstractNioChannel$AbstractNioUnsafe.finishConnect(AbstractNioChannel.java:340)
	at org.apache.ratis.thirdparty.io.netty.channel.nio.NioEventLoop.processSelectedKey(NioEventLoop.java:632)
	at org.apache.ratis.thirdparty.io.netty.channel.nio.NioEventLoop.processSelectedKeysOptimized(NioEventLoop.java:579)
	at org.apache.ratis.thirdparty.io.netty.channel.nio.NioEventLoop.processSelectedKeys(NioEventLoop.java:496)
	at org.apache.ratis.thirdparty.io.netty.channel.nio.NioEventLoop.run(NioEventLoop.java:458)
	at org.apache.ratis.thirdparty.io.netty.util.concurrent.SingleThreadEventExecutor$5.run(SingleThreadEventExecutor.java:897)
	at org.apache.ratis.thirdparty.io.netty.util.concurrent.FastThreadLocalRunnable.run(FastThreadLocalRunnable.java:30)
	... 1 more
Caused by: java.net.ConnectException: Connection refused
	... 11 more
2019-10-14 14:59:02,037 [616f1b99-31a5-45f6-b720-41f2d2e626db@group-EB89E89DFD9D-LeaderElection77] INFO  impl.LeaderElection (LeaderElection.java:logAndReturn(56)) - 616f1b99-31a5-45f6-b720-41f2d2e626db@group-EB89E89DFD9D-LeaderElection77: Election REJECTED; received 1 response(s) [616f1b99-31a5-45f6-b720-41f2d2e626db<-c323476f-5c38-4769-99fb-556cb7798765#0:FAIL-t3] and 1 exception(s); 616f1b99-31a5-45f6-b720-41f2d2e626db@group-EB89E89DFD9D:t3, leader=null, voted=616f1b99-31a5-45f6-b720-41f2d2e626db, raftlog=616f1b99-31a5-45f6-b720-41f2d2e626db@group-EB89E89DFD9D-SegmentedRaftLog:OPENED:c2,f2,i2, conf=0: [c323476f-5c38-4769-99fb-556cb7798765:192.168.164.216:37657, 616f1b99-31a5-45f6-b720-41f2d2e626db:192.168.164.216:45136, 37a2767d-935e-4cba-a62e-beeeb057370c:192.168.164.216:33344], old=null
2019-10-14 14:59:02,037 [c323476f-5c38-4769-99fb-556cb7798765@group-EB89E89DFD9D-LeaderElection78] INFO  impl.LeaderElection (LeaderElection.java:logAndReturn(56)) - c323476f-5c38-4769-99fb-556cb7798765@group-EB89E89DFD9D-LeaderElection78: Election REJECTED; received 1 response(s) [c323476f-5c38-4769-99fb-556cb7798765<-616f1b99-31a5-45f6-b720-41f2d2e626db#0:FAIL-t3] and 1 exception(s); c323476f-5c38-4769-99fb-556cb7798765@group-EB89E89DFD9D:t3, leader=null, voted=c323476f-5c38-4769-99fb-556cb7798765, raftlog=c323476f-5c38-4769-99fb-556cb7798765@group-EB89E89DFD9D-SegmentedRaftLog:OPENED:c2,f2,i2, conf=0: [c323476f-5c38-4769-99fb-556cb7798765:192.168.164.216:37657, 616f1b99-31a5-45f6-b720-41f2d2e626db:192.168.164.216:45136, 37a2767d-935e-4cba-a62e-beeeb057370c:192.168.164.216:33344], old=null
2019-10-14 14:59:02,037 [616f1b99-31a5-45f6-b720-41f2d2e626db@group-EB89E89DFD9D-LeaderElection77] INFO  impl.LeaderElection (LogUtils.java:infoOrTrace(149)) -   Exception 0: {}
java.util.concurrent.ExecutionException: org.apache.ratis.thirdparty.io.grpc.StatusRuntimeException: UNAVAILABLE: io exception
	at java.util.concurrent.FutureTask.report(FutureTask.java:122)
	at java.util.concurrent.FutureTask.get(FutureTask.java:192)
	at org.apache.ratis.server.impl.LeaderElection.waitForResults(LeaderElection.java:259)
	at org.apache.ratis.server.impl.LeaderElection.askForVotes(LeaderElection.java:197)
	at org.apache.ratis.server.impl.LeaderElection.run(LeaderElection.java:133)
	at java.lang.Thread.run(Thread.java:748)
Caused by: org.apache.ratis.thirdparty.io.grpc.StatusRuntimeException: UNAVAILABLE: io exception
	at org.apache.ratis.thirdparty.io.grpc.stub.ClientCalls.toStatusRuntimeException(ClientCalls.java:233)
	at org.apache.ratis.thirdparty.io.grpc.stub.ClientCalls.getUnchecked(ClientCalls.java:214)
	at org.apache.ratis.thirdparty.io.grpc.stub.ClientCalls.blockingUnaryCall(ClientCalls.java:139)
	at org.apache.ratis.proto.grpc.RaftServerProtocolServiceGrpc$RaftServerProtocolServiceBlockingStub.requestVote(RaftServerProtocolServiceGrpc.java:265)
	at org.apache.ratis.grpc.server.GrpcServerProtocolClient.requestVote(GrpcServerProtocolClient.java:99)
	at org.apache.ratis.grpc.server.GrpcService.requestVote(GrpcService.java:204)
	at org.apache.ratis.server.impl.LeaderElection.lambda$submitRequests$1(LeaderElection.java:234)
	at java.util.concurrent.FutureTask.run(FutureTask.java:266)
	at java.util.concurrent.Executors$RunnableAdapter.call(Executors.java:511)
	at java.util.concurrent.FutureTask.run(FutureTask.java:266)
	at java.util.concurrent.ThreadPoolExecutor.runWorker(ThreadPoolExecutor.java:1149)
	at java.util.concurrent.ThreadPoolExecutor$Worker.run(ThreadPoolExecutor.java:624)
	... 1 more
Caused by: org.apache.ratis.thirdparty.io.netty.channel.AbstractChannel$AnnotatedConnectException: Connection refused: /192.168.164.216:33344
	at sun.nio.ch.SocketChannelImpl.checkConnect(Native Method)
	at sun.nio.ch.SocketChannelImpl.finishConnect(SocketChannelImpl.java:717)
	at org.apache.ratis.thirdparty.io.netty.channel.socket.nio.NioSocketChannel.doFinishConnect(NioSocketChannel.java:327)
	at org.apache.ratis.thirdparty.io.netty.channel.nio.AbstractNioChannel$AbstractNioUnsafe.finishConnect(AbstractNioChannel.java:340)
	at org.apache.ratis.thirdparty.io.netty.channel.nio.NioEventLoop.processSelectedKey(NioEventLoop.java:632)
	at org.apache.ratis.thirdparty.io.netty.channel.nio.NioEventLoop.processSelectedKeysOptimized(NioEventLoop.java:579)
	at org.apache.ratis.thirdparty.io.netty.channel.nio.NioEventLoop.processSelectedKeys(NioEventLoop.java:496)
	at org.apache.ratis.thirdparty.io.netty.channel.nio.NioEventLoop.run(NioEventLoop.java:458)
	at org.apache.ratis.thirdparty.io.netty.util.concurrent.SingleThreadEventExecutor$5.run(SingleThreadEventExecutor.java:897)
	at org.apache.ratis.thirdparty.io.netty.util.concurrent.FastThreadLocalRunnable.run(FastThreadLocalRunnable.java:30)
	... 1 more
Caused by: java.net.ConnectException: Connection refused
	... 11 more
2019-10-14 14:59:02,037 [c323476f-5c38-4769-99fb-556cb7798765@group-EB89E89DFD9D-LeaderElection78] INFO  impl.LeaderElection (LogUtils.java:infoOrTrace(149)) -   Exception 0: {}
java.util.concurrent.ExecutionException: org.apache.ratis.thirdparty.io.grpc.StatusRuntimeException: UNAVAILABLE: io exception
	at java.util.concurrent.FutureTask.report(FutureTask.java:122)
	at java.util.concurrent.FutureTask.get(FutureTask.java:192)
	at org.apache.ratis.server.impl.LeaderElection.waitForResults(LeaderElection.java:259)
	at org.apache.ratis.server.impl.LeaderElection.askForVotes(LeaderElection.java:197)
	at org.apache.ratis.server.impl.LeaderElection.run(LeaderElection.java:133)
	at java.lang.Thread.run(Thread.java:748)
Caused by: org.apache.ratis.thirdparty.io.grpc.StatusRuntimeException: UNAVAILABLE: io exception
	at org.apache.ratis.thirdparty.io.grpc.stub.ClientCalls.toStatusRuntimeException(ClientCalls.java:233)
	at org.apache.ratis.thirdparty.io.grpc.stub.ClientCalls.getUnchecked(ClientCalls.java:214)
	at org.apache.ratis.thirdparty.io.grpc.stub.ClientCalls.blockingUnaryCall(ClientCalls.java:139)
	at org.apache.ratis.proto.grpc.RaftServerProtocolServiceGrpc$RaftServerProtocolServiceBlockingStub.requestVote(RaftServerProtocolServiceGrpc.java:265)
	at org.apache.ratis.grpc.server.GrpcServerProtocolClient.requestVote(GrpcServerProtocolClient.java:99)
	at org.apache.ratis.grpc.server.GrpcService.requestVote(GrpcService.java:204)
	at org.apache.ratis.server.impl.LeaderElection.lambda$submitRequests$1(LeaderElection.java:234)
	at java.util.concurrent.FutureTask.run(FutureTask.java:266)
	at java.util.concurrent.Executors$RunnableAdapter.call(Executors.java:511)
	at java.util.concurrent.FutureTask.run(FutureTask.java:266)
	at java.util.concurrent.ThreadPoolExecutor.runWorker(ThreadPoolExecutor.java:1149)
	at java.util.concurrent.ThreadPoolExecutor$Worker.run(ThreadPoolExecutor.java:624)
	... 1 more
Caused by: org.apache.ratis.thirdparty.io.netty.channel.AbstractChannel$AnnotatedConnectException: Connection refused: /192.168.164.216:33344
	at sun.nio.ch.SocketChannelImpl.checkConnect(Native Method)
	at sun.nio.ch.SocketChannelImpl.finishConnect(SocketChannelImpl.java:717)
	at org.apache.ratis.thirdparty.io.netty.channel.socket.nio.NioSocketChannel.doFinishConnect(NioSocketChannel.java:327)
	at org.apache.ratis.thirdparty.io.netty.channel.nio.AbstractNioChannel$AbstractNioUnsafe.finishConnect(AbstractNioChannel.java:340)
	at org.apache.ratis.thirdparty.io.netty.channel.nio.NioEventLoop.processSelectedKey(NioEventLoop.java:632)
	at org.apache.ratis.thirdparty.io.netty.channel.nio.NioEventLoop.processSelectedKeysOptimized(NioEventLoop.java:579)
	at org.apache.ratis.thirdparty.io.netty.channel.nio.NioEventLoop.processSelectedKeys(NioEventLoop.java:496)
	at org.apache.ratis.thirdparty.io.netty.channel.nio.NioEventLoop.run(NioEventLoop.java:458)
	at org.apache.ratis.thirdparty.io.netty.util.concurrent.SingleThreadEventExecutor$5.run(SingleThreadEventExecutor.java:897)
	at org.apache.ratis.thirdparty.io.netty.util.concurrent.FastThreadLocalRunnable.run(FastThreadLocalRunnable.java:30)
	... 1 more
Caused by: java.net.ConnectException: Connection refused
	... 11 more
2019-10-14 14:59:02,042 [616f1b99-31a5-45f6-b720-41f2d2e626db@group-EB89E89DFD9D-LeaderElection77] INFO  impl.RaftServerImpl (RaftServerImpl.java:setRole(170)) - 616f1b99-31a5-45f6-b720-41f2d2e626db@group-EB89E89DFD9D: changes role from CANDIDATE to FOLLOWER at term 3 for DISCOVERED_A_NEW_TERM
2019-10-14 14:59:02,047 [c323476f-5c38-4769-99fb-556cb7798765@group-EB89E89DFD9D-LeaderElection78] INFO  impl.RaftServerImpl (RaftServerImpl.java:setRole(170)) - c323476f-5c38-4769-99fb-556cb7798765@group-EB89E89DFD9D: changes role from CANDIDATE to FOLLOWER at term 3 for DISCOVERED_A_NEW_TERM
2019-10-14 14:59:02,047 [616f1b99-31a5-45f6-b720-41f2d2e626db@group-EB89E89DFD9D-LeaderElection77] INFO  impl.RoleInfo (RoleInfo.java:shutdownLeaderElection(134)) - 616f1b99-31a5-45f6-b720-41f2d2e626db: shutdown LeaderElection
2019-10-14 14:59:02,047 [c323476f-5c38-4769-99fb-556cb7798765@group-EB89E89DFD9D-LeaderElection78] INFO  impl.RoleInfo (RoleInfo.java:shutdownLeaderElection(134)) - c323476f-5c38-4769-99fb-556cb7798765: shutdown LeaderElection
2019-10-14 14:59:02,048 [616f1b99-31a5-45f6-b720-41f2d2e626db@group-EB89E89DFD9D-LeaderElection77] INFO  impl.RoleInfo (RoleInfo.java:updateAndGet(143)) - 616f1b99-31a5-45f6-b720-41f2d2e626db: start FollowerState
2019-10-14 14:59:02,048 [c323476f-5c38-4769-99fb-556cb7798765@group-EB89E89DFD9D-LeaderElection78] INFO  impl.RoleInfo (RoleInfo.java:updateAndGet(143)) - c323476f-5c38-4769-99fb-556cb7798765: start FollowerState
]]></system-out>
  </testcase>
</testsuite>