<?xml version="1.0" encoding="UTF-8"?>
<testsuite xmlns:xsi="http://www.w3.org/2001/XMLSchema-instance" xsi:noNamespaceSchemaLocation="https://maven.apache.org/surefire/maven-surefire-plugin/xsd/surefire-test-report.xsd" name="org.apache.hadoop.ozone.client.rpc.TestWatchForCommit" time="262.032" tests="5" errors="1" skipped="0" failures="1">
  <properties>
    <property name="awt.toolkit" value="sun.awt.X11.XToolkit"/>
    <property name="file.encoding.pkg" value="sun.io"/>
    <property name="java.specification.version" value="1.8"/>
    <property name="sun.cpu.isalist" value=""/>
    <property name="sun.jnu.encoding" value="UTF-8"/>
    <property name="java.class.path" value="/workdir/hadoop-ozone/integration-test/target/test-classes:/workdir/hadoop-ozone/integration-test/target/classes:/home/user/.m2/repository/org/apache/hadoop/hadoop-ozone-common/0.5.0-SNAPSHOT/hadoop-ozone-common-0.5.0-SNAPSHOT.jar:/home/user/.m2/repository/org/apache/commons/commons-compress/1.4.1/commons-compress-1.4.1.jar:/home/user/.m2/repository/org/tukaani/xz/1.0/xz-1.0.jar:/home/user/.m2/repository/org/apache/hadoop/hadoop-common/3.2.0/hadoop-common-3.2.0.jar:/home/user/.m2/repository/org/apache/hadoop/hadoop-hdfs/3.2.0/hadoop-hdfs-3.2.0.jar:/home/user/.m2/repository/org/apache/hadoop/hadoop-hdfs-client/3.2.0/hadoop-hdfs-client-3.2.0.jar:/home/user/.m2/repository/com/fasterxml/jackson/core/jackson-annotations/2.9.9/jackson-annotations-2.9.9.jar:/home/user/.m2/repository/org/apache/hadoop/hadoop-hdds-common/0.5.0-SNAPSHOT/hadoop-hdds-common-0.5.0-SNAPSHOT.jar:/home/user/.m2/repository/javax/annotation/javax.annotation-api/1.2/javax.annotation-api-1.2.jar:/home/user/.m2/repository/org/apache/ratis/ratis-server/0.5.0-201fc85-SNAPSHOT/ratis-server-0.5.0-201fc85-SNAPSHOT.jar:/home/user/.m2/repository/org/apache/ratis/ratis-thirdparty-misc/0.2.0/ratis-thirdparty-misc-0.2.0.jar:/home/user/.m2/repository/org/apache/ratis/ratis-proto/0.5.0-201fc85-SNAPSHOT/ratis-proto-0.5.0-201fc85-SNAPSHOT.jar:/home/user/.m2/repository/org/apache/ratis/ratis-common/0.5.0-201fc85-SNAPSHOT/ratis-common-0.5.0-201fc85-SNAPSHOT.jar:/home/user/.m2/repository/org/apache/ratis/ratis-client/0.5.0-201fc85-SNAPSHOT/ratis-client-0.5.0-201fc85-SNAPSHOT.jar:/home/user/.m2/repository/org/apache/ratis/ratis-metrics/0.5.0-201fc85-SNAPSHOT/ratis-metrics-0.5.0-201fc85-SNAPSHOT.jar:/home/user/.m2/repository/com/github/joshelser/dropwizard-metrics-hadoop-metrics2-reporter/0.1.2/dropwizard-metrics-hadoop-metrics2-reporter-0.1.2.jar:/home/user/.m2/repository/io/dropwizard/metrics/metrics-jvm/3.2.5/metrics-jvm-3.2.5.jar:/home/user/.m2/repository/io/dropwizard/metrics/metrics-ganglia/3.2.5/metrics-ganglia-3.2.5.jar:/home/user/.m2/repository/info/ganglia/gmetric4j/gmetric4j/1.0.7/gmetric4j-1.0.7.jar:/home/user/.m2/repository/org/apache/ratis/ratis-netty/0.5.0-201fc85-SNAPSHOT/ratis-netty-0.5.0-201fc85-SNAPSHOT.jar:/home/user/.m2/repository/org/apache/ratis/ratis-grpc/0.5.0-201fc85-SNAPSHOT/ratis-grpc-0.5.0-201fc85-SNAPSHOT.jar:/home/user/.m2/repository/org/rocksdb/rocksdbjni/6.0.1/rocksdbjni-6.0.1.jar:/home/user/.m2/repository/org/apache/logging/log4j/log4j-api/2.11.0/log4j-api-2.11.0.jar:/home/user/.m2/repository/org/apache/logging/log4j/log4j-core/2.11.0/log4j-core-2.11.0.jar:/home/user/.m2/repository/com/lmax/disruptor/3.4.2/disruptor-3.4.2.jar:/home/user/.m2/repository/org/apache/commons/commons-pool2/2.6.0/commons-pool2-2.6.0.jar:/home/user/.m2/repository/org/bouncycastle/bcpkix-jdk15on/1.60/bcpkix-jdk15on-1.60.jar:/home/user/.m2/repository/commons-validator/commons-validator/1.6/commons-validator-1.6.jar:/home/user/.m2/repository/commons-digester/commons-digester/1.8.1/commons-digester-1.8.1.jar:/home/user/.m2/repository/io/jaegertracing/jaeger-client/0.34.0/jaeger-client-0.34.0.jar:/home/user/.m2/repository/io/jaegertracing/jaeger-thrift/0.34.0/jaeger-thrift-0.34.0.jar:/home/user/.m2/repository/org/apache/thrift/libthrift/0.12.0/libthrift-0.12.0.jar:/home/user/.m2/repository/com/squareup/okhttp3/okhttp/3.9.0/okhttp-3.9.0.jar:/home/user/.m2/repository/com/squareup/okio/okio/1.13.0/okio-1.13.0.jar:/home/user/.m2/repository/io/jaegertracing/jaeger-core/0.34.0/jaeger-core-0.34.0.jar:/home/user/.m2/repository/io/jaegertracing/jaeger-tracerresolver/0.34.0/jaeger-tracerresolver-0.34.0.jar:/home/user/.m2/repository/io/opentracing/contrib/opentracing-tracerresolver/0.1.5/opentracing-tracerresolver-0.1.5.jar:/home/user/.m2/repository/io/opentracing/opentracing-util/0.31.0/opentracing-util-0.31.0.jar:/home/user/.m2/repository/io/opentracing/opentracing-api/0.31.0/opentracing-api-0.31.0.jar:/home/user/.m2/repository/io/opentracing/opentracing-noop/0.31.0/opentracing-noop-0.31.0.jar:/home/user/.m2/repository/org/apache/hadoop/hadoop-hdds-server-framework/0.5.0-SNAPSHOT/hadoop-hdds-server-framework-0.5.0-SNAPSHOT.jar:/home/user/.m2/repository/org/apache/hadoop/hadoop-hdds-container-service/0.5.0-SNAPSHOT/hadoop-hdds-container-service-0.5.0-SNAPSHOT.jar:/home/user/.m2/repository/org/apache/hadoop/hadoop-hdds-client/0.5.0-SNAPSHOT/hadoop-hdds-client-0.5.0-SNAPSHOT.jar:/home/user/.m2/repository/org/apache/hadoop/hadoop-hdds-tools/0.5.0-SNAPSHOT/hadoop-hdds-tools-0.5.0-SNAPSHOT.jar:/home/user/.m2/repository/org/apache/hadoop/hadoop-hdds-server-scm/0.5.0-SNAPSHOT/hadoop-hdds-server-scm-0.5.0-SNAPSHOT.jar:/home/user/.m2/repository/org/apache/hadoop/hadoop-hdds-docs/0.5.0-SNAPSHOT/hadoop-hdds-docs-0.5.0-SNAPSHOT.jar:/home/user/.m2/repository/io/dropwizard/metrics/metrics-core/3.2.4/metrics-core-3.2.4.jar:/home/user/.m2/repository/org/hamcrest/hamcrest-all/1.3/hamcrest-all-1.3.jar:/home/user/.m2/repository/org/bouncycastle/bcprov-jdk15on/1.60/bcprov-jdk15on-1.60.jar:/home/user/.m2/repository/info/picocli/picocli/3.9.6/picocli-3.9.6.jar:/home/user/.m2/repository/com/google/protobuf/protobuf-java/2.5.0/protobuf-java-2.5.0.jar:/home/user/.m2/repository/com/google/guava/guava/11.0.2/guava-11.0.2.jar:/home/user/.m2/repository/org/apache/hadoop/hadoop-ozone-ozone-manager/0.5.0-SNAPSHOT/hadoop-ozone-ozone-manager-0.5.0-SNAPSHOT.jar:/home/user/.m2/repository/org/apache/hadoop/hadoop-minikdc/3.2.0/hadoop-minikdc-3.2.0.jar:/home/user/.m2/repository/commons-io/commons-io/2.5/commons-io-2.5.jar:/home/user/.m2/repository/org/apache/kerby/kerb-simplekdc/1.0.1/kerb-simplekdc-1.0.1.jar:/home/user/.m2/repository/org/apache/kerby/kerb-client/1.0.1/kerb-client-1.0.1.jar:/home/user/.m2/repository/org/apache/kerby/kerby-config/1.0.1/kerby-config-1.0.1.jar:/home/user/.m2/repository/org/apache/kerby/kerb-core/1.0.1/kerb-core-1.0.1.jar:/home/user/.m2/repository/org/apache/kerby/kerby-pkix/1.0.1/kerby-pkix-1.0.1.jar:/home/user/.m2/repository/org/apache/kerby/kerby-asn1/1.0.1/kerby-asn1-1.0.1.jar:/home/user/.m2/repository/org/apache/kerby/kerby-util/1.0.1/kerby-util-1.0.1.jar:/home/user/.m2/repository/org/apache/kerby/kerb-common/1.0.1/kerb-common-1.0.1.jar:/home/user/.m2/repository/org/apache/kerby/kerb-crypto/1.0.1/kerb-crypto-1.0.1.jar:/home/user/.m2/repository/org/apache/kerby/kerb-util/1.0.1/kerb-util-1.0.1.jar:/home/user/.m2/repository/org/apache/kerby/token-provider/1.0.1/token-provider-1.0.1.jar:/home/user/.m2/repository/org/apache/kerby/kerb-admin/1.0.1/kerb-admin-1.0.1.jar:/home/user/.m2/repository/org/apache/kerby/kerb-server/1.0.1/kerb-server-1.0.1.jar:/home/user/.m2/repository/org/apache/kerby/kerb-identity/1.0.1/kerb-identity-1.0.1.jar:/home/user/.m2/repository/org/apache/kerby/kerby-xdr/1.0.1/kerby-xdr-1.0.1.jar:/home/user/.m2/repository/org/slf4j/slf4j-log4j12/1.7.25/slf4j-log4j12-1.7.25.jar:/home/user/.m2/repository/org/apache/hadoop/hadoop-ozone-s3gateway/0.5.0-SNAPSHOT/hadoop-ozone-s3gateway-0.5.0-SNAPSHOT.jar:/home/user/.m2/repository/org/jboss/weld/servlet/weld-servlet/2.4.7.Final/weld-servlet-2.4.7.Final.jar:/home/user/.m2/repository/org/glassfish/jersey/containers/jersey-container-servlet-core/2.27/jersey-container-servlet-core-2.27.jar:/home/user/.m2/repository/org/glassfish/hk2/external/javax.inject/2.5.0-b42/javax.inject-2.5.0-b42.jar:/home/user/.m2/repository/org/glassfish/jersey/core/jersey-common/2.27/jersey-common-2.27.jar:/home/user/.m2/repository/org/glassfish/hk2/osgi-resource-locator/1.0.1/osgi-resource-locator-1.0.1.jar:/home/user/.m2/repository/javax/ws/rs/javax.ws.rs-api/2.1/javax.ws.rs-api-2.1.jar:/home/user/.m2/repository/org/glassfish/jersey/ext/cdi/jersey-cdi1x/2.27/jersey-cdi1x-2.27.jar:/home/user/.m2/repository/org/glassfish/jersey/inject/jersey-hk2/2.27/jersey-hk2-2.27.jar:/home/user/.m2/repository/org/glassfish/hk2/hk2-locator/2.5.0-b42/hk2-locator-2.5.0-b42.jar:/home/user/.m2/repository/org/javassist/javassist/3.22.0-CR2/javassist-3.22.0-CR2.jar:/home/user/.m2/repository/org/glassfish/hk2/hk2-api/2.5.0/hk2-api-2.5.0.jar:/home/user/.m2/repository/org/glassfish/hk2/external/jakarta.inject/2.5.0/jakarta.inject-2.5.0.jar:/home/user/.m2/repository/org/glassfish/hk2/hk2-utils/2.5.0/hk2-utils-2.5.0.jar:/home/user/.m2/repository/jakarta/annotation/jakarta.annotation-api/1.3.4/jakarta.annotation-api-1.3.4.jar:/home/user/.m2/repository/org/glassfish/hk2/external/aopalliance-repackaged/2.5.0/aopalliance-repackaged-2.5.0.jar:/home/user/.m2/repository/com/fasterxml/jackson/dataformat/jackson-dataformat-xml/2.9.0/jackson-dataformat-xml-2.9.0.jar:/home/user/.m2/repository/com/fasterxml/jackson/core/jackson-core/2.9.9/jackson-core-2.9.9.jar:/home/user/.m2/repository/com/fasterxml/jackson/module/jackson-module-jaxb-annotations/2.9.9/jackson-module-jaxb-annotations-2.9.9.jar:/home/user/.m2/repository/javax/enterprise/cdi-api/1.2/cdi-api-1.2.jar:/home/user/.m2/repository/javax/el/javax.el-api/3.0.0/javax.el-api-3.0.0.jar:/home/user/.m2/repository/javax/interceptor/javax.interceptor-api/1.2/javax.interceptor-api-1.2.jar:/home/user/.m2/repository/javax/inject/javax.inject/1/javax.inject-1.jar:/home/user/.m2/repository/com/sun/xml/bind/jaxb-impl/2.3.0.1/jaxb-impl-2.3.0.1.jar:/home/user/.m2/repository/com/sun/xml/bind/jaxb-core/2.3.0.1/jaxb-core-2.3.0.1.jar:/home/user/.m2/repository/javax/xml/bind/jaxb-api/2.3.0/jaxb-api-2.3.0.jar:/home/user/.m2/repository/javax/activation/activation/1.1.1/activation-1.1.1.jar:/home/user/.m2/repository/org/apache/hadoop/hadoop-ozone-csi/0.5.0-SNAPSHOT/hadoop-ozone-csi-0.5.0-SNAPSHOT.jar:/home/user/.m2/repository/com/google/protobuf/protobuf-java-util/3.5.1/protobuf-java-util-3.5.1.jar:/home/user/.m2/repository/org/apache/hadoop/hadoop-hdds-config/0.5.0-SNAPSHOT/hadoop-hdds-config-0.5.0-SNAPSHOT.jar:/home/user/.m2/repository/io/grpc/grpc-netty/1.17.1/grpc-netty-1.17.1.jar:/home/user/.m2/repository/io/grpc/grpc-core/1.17.1/grpc-core-1.17.1.jar:/home/user/.m2/repository/io/grpc/grpc-context/1.17.1/grpc-context-1.17.1.jar:/home/user/.m2/repository/com/google/errorprone/error_prone_annotations/2.2.0/error_prone_annotations-2.2.0.jar:/home/user/.m2/repository/org/codehaus/mojo/animal-sniffer-annotations/1.17/animal-sniffer-annotations-1.17.jar:/home/user/.m2/repository/io/opencensus/opencensus-api/0.17.0/opencensus-api-0.17.0.jar:/home/user/.m2/repository/io/opencensus/opencensus-contrib-grpc-metrics/0.17.0/opencensus-contrib-grpc-metrics-0.17.0.jar:/home/user/.m2/repository/io/netty/netty-codec-http2/4.1.30.Final/netty-codec-http2-4.1.30.Final.jar:/home/user/.m2/repository/io/netty/netty-codec-http/4.1.30.Final/netty-codec-http-4.1.30.Final.jar:/home/user/.m2/repository/io/netty/netty-codec/4.1.30.Final/netty-codec-4.1.30.Final.jar:/home/user/.m2/repository/io/netty/netty-handler/4.1.30.Final/netty-handler-4.1.30.Final.jar:/home/user/.m2/repository/io/netty/netty-handler-proxy/4.1.30.Final/netty-handler-proxy-4.1.30.Final.jar:/home/user/.m2/repository/io/netty/netty-codec-socks/4.1.30.Final/netty-codec-socks-4.1.30.Final.jar:/home/user/.m2/repository/io/netty/netty-transport-native-epoll/4.1.30.Final/netty-transport-native-epoll-4.1.30.Final.jar:/home/user/.m2/repository/io/netty/netty-common/4.1.30.Final/netty-common-4.1.30.Final.jar:/home/user/.m2/repository/io/netty/netty-buffer/4.1.30.Final/netty-buffer-4.1.30.Final.jar:/home/user/.m2/repository/io/netty/netty-transport/4.1.30.Final/netty-transport-4.1.30.Final.jar:/home/user/.m2/repository/io/netty/netty-resolver/4.1.30.Final/netty-resolver-4.1.30.Final.jar:/home/user/.m2/repository/io/netty/netty-transport-native-unix-common/4.1.30.Final/netty-transport-native-unix-common-4.1.30.Final.jar:/home/user/.m2/repository/io/grpc/grpc-protobuf/1.17.1/grpc-protobuf-1.17.1.jar:/home/user/.m2/repository/com/google/api/grpc/proto-google-common-protos/1.0.0/proto-google-common-protos-1.0.0.jar:/home/user/.m2/repository/io/grpc/grpc-protobuf-lite/1.17.1/grpc-protobuf-lite-1.17.1.jar:/home/user/.m2/repository/io/grpc/grpc-stub/1.17.1/grpc-stub-1.17.1.jar:/home/user/.m2/repository/org/apache/hadoop/hadoop-ozone-recon/0.5.0-SNAPSHOT/hadoop-ozone-recon-0.5.0-SNAPSHOT.jar:/home/user/.m2/repository/org/apache/hadoop/hadoop-ozone-reconcodegen/0.5.0-SNAPSHOT/hadoop-ozone-reconcodegen-0.5.0-SNAPSHOT.jar:/home/user/.m2/repository/com/google/inject/extensions/guice-multibindings/4.0/guice-multibindings-4.0.jar:/home/user/.m2/repository/com/google/inject/guice/4.0/guice-4.0.jar:/home/user/.m2/repository/aopalliance/aopalliance/1.0/aopalliance-1.0.jar:/home/user/.m2/repository/com/google/inject/extensions/guice-servlet/4.0/guice-servlet-4.0.jar:/home/user/.m2/repository/org/glassfish/jersey/containers/jersey-container-servlet/2.27/jersey-container-servlet-2.27.jar:/home/user/.m2/repository/org/glassfish/hk2/guice-bridge/2.5.0/guice-bridge-2.5.0.jar:/home/user/.m2/repository/org/glassfish/jersey/core/jersey-server/2.27/jersey-server-2.27.jar:/home/user/.m2/repository/org/glassfish/jersey/core/jersey-client/2.27/jersey-client-2.27.jar:/home/user/.m2/repository/org/glassfish/jersey/media/jersey-media-jaxb/2.27/jersey-media-jaxb-2.27.jar:/home/user/.m2/repository/javax/validation/validation-api/1.1.0.Final/validation-api-1.1.0.Final.jar:/home/user/.m2/repository/org/glassfish/jersey/media/jersey-media-json-jackson/2.27/jersey-media-json-jackson-2.27.jar:/home/user/.m2/repository/org/glassfish/jersey/ext/jersey-entity-filtering/2.27/jersey-entity-filtering-2.27.jar:/home/user/.m2/repository/com/google/inject/extensions/guice-assistedinject/4.0/guice-assistedinject-4.0.jar:/home/user/.m2/repository/org/jooq/jooq/3.11.10/jooq-3.11.10.jar:/home/user/.m2/repository/org/jooq/jooq-meta/3.11.10/jooq-meta-3.11.10.jar:/home/user/.m2/repository/org/jooq/jooq-codegen/3.11.10/jooq-codegen-3.11.10.jar:/home/user/.m2/repository/com/jolbox/bonecp/0.8.0.RELEASE/bonecp-0.8.0.RELEASE.jar:/home/user/.m2/repository/org/xerial/sqlite-jdbc/3.25.2/sqlite-jdbc-3.25.2.jar:/home/user/.m2/repository/org/springframework/spring-jdbc/5.1.3.RELEASE/spring-jdbc-5.1.3.RELEASE.jar:/home/user/.m2/repository/org/springframework/spring-beans/5.1.3.RELEASE/spring-beans-5.1.3.RELEASE.jar:/home/user/.m2/repository/org/springframework/spring-core/5.1.3.RELEASE/spring-core-5.1.3.RELEASE.jar:/home/user/.m2/repository/org/springframework/spring-jcl/5.1.3.RELEASE/spring-jcl-5.1.3.RELEASE.jar:/home/user/.m2/repository/org/springframework/spring-tx/5.1.3.RELEASE/spring-tx-5.1.3.RELEASE.jar:/home/user/.m2/repository/org/apache/hadoop/hadoop-ozone-client/0.5.0-SNAPSHOT/hadoop-ozone-client-0.5.0-SNAPSHOT.jar:/home/user/.m2/repository/commons-lang/commons-lang/2.6/commons-lang-2.6.jar:/home/user/.m2/repository/org/apache/hadoop/hadoop-ozone-ozone-manager/0.5.0-SNAPSHOT/hadoop-ozone-ozone-manager-0.5.0-SNAPSHOT-tests.jar:/home/user/.m2/repository/junit/junit/4.11/junit-4.11.jar:/home/user/.m2/repository/org/hamcrest/hamcrest-core/1.3/hamcrest-core-1.3.jar:/home/user/.m2/repository/org/openjdk/jmh/jmh-core/1.19/jmh-core-1.19.jar:/home/user/.m2/repository/net/sf/jopt-simple/jopt-simple/4.6/jopt-simple-4.6.jar:/home/user/.m2/repository/org/apache/commons/commons-math3/3.1.1/commons-math3-3.1.1.jar:/home/user/.m2/repository/org/openjdk/jmh/jmh-generator-annprocess/1.19/jmh-generator-annprocess-1.19.jar:/home/user/.m2/repository/org/mockito/mockito-all/1.8.5/mockito-all-1.8.5.jar:/home/user/.m2/repository/org/apache/hadoop/hadoop-kms/3.2.0/hadoop-kms-3.2.0.jar:/home/user/.m2/repository/org/apache/hadoop/hadoop-auth/3.2.0/hadoop-auth-3.2.0.jar:/home/user/.m2/repository/com/nimbusds/nimbus-jose-jwt/4.41.1/nimbus-jose-jwt-4.41.1.jar:/home/user/.m2/repository/com/github/stephenc/jcip/jcip-annotations/1.0-1/jcip-annotations-1.0-1.jar:/home/user/.m2/repository/net/minidev/json-smart/2.3/json-smart-2.3.jar:/home/user/.m2/repository/net/minidev/accessors-smart/1.2/accessors-smart-1.2.jar:/home/user/.m2/repository/org/ow2/asm/asm/5.0.4/asm-5.0.4.jar:/home/user/.m2/repository/org/apache/curator/curator-framework/2.12.0/curator-framework-2.12.0.jar:/home/user/.m2/repository/com/sun/jersey/jersey-core/1.19/jersey-core-1.19.jar:/home/user/.m2/repository/javax/ws/rs/jsr311-api/1.1.1/jsr311-api-1.1.1.jar:/home/user/.m2/repository/com/sun/jersey/jersey-server/1.19/jersey-server-1.19.jar:/home/user/.m2/repository/javax/servlet/javax.servlet-api/3.1.0/javax.servlet-api-3.1.0.jar:/home/user/.m2/repository/org/eclipse/jetty/jetty-server/9.3.25.v20180904/jetty-server-9.3.25.v20180904.jar:/home/user/.m2/repository/org/eclipse/jetty/jetty-http/9.3.25.v20180904/jetty-http-9.3.25.v20180904.jar:/home/user/.m2/repository/org/eclipse/jetty/jetty-io/9.3.25.v20180904/jetty-io-9.3.25.v20180904.jar:/home/user/.m2/repository/org/eclipse/jetty/jetty-webapp/9.3.25.v20180904/jetty-webapp-9.3.25.v20180904.jar:/home/user/.m2/repository/org/eclipse/jetty/jetty-xml/9.3.25.v20180904/jetty-xml-9.3.25.v20180904.jar:/home/user/.m2/repository/log4j/log4j/1.2.17/log4j-1.2.17.jar:/home/user/.m2/repository/org/slf4j/slf4j-api/1.7.25/slf4j-api-1.7.25.jar:/home/user/.m2/repository/org/slf4j/jul-to-slf4j/1.7.25/jul-to-slf4j-1.7.25.jar:/home/user/.m2/repository/org/eclipse/jetty/jetty-util/9.3.25.v20180904/jetty-util-9.3.25.v20180904.jar:/home/user/.m2/repository/com/fasterxml/jackson/core/jackson-databind/2.9.9/jackson-databind-2.9.9.jar:/home/user/.m2/repository/org/apache/hadoop/hadoop-kms/3.2.0/hadoop-kms-3.2.0-tests.jar:/home/user/.m2/repository/org/apache/hadoop/hadoop-hdds-server-scm/0.5.0-SNAPSHOT/hadoop-hdds-server-scm-0.5.0-SNAPSHOT-tests.jar:/home/user/.m2/repository/org/apache/hadoop/hadoop-hdds-container-service/0.5.0-SNAPSHOT/hadoop-hdds-container-service-0.5.0-SNAPSHOT-tests.jar:/home/user/.m2/repository/org/yaml/snakeyaml/1.16/snakeyaml-1.16.jar:/home/user/.m2/repository/org/apache/hadoop/hadoop-common/3.2.0/hadoop-common-3.2.0-tests.jar:/home/user/.m2/repository/org/apache/hadoop/hadoop-annotations/3.2.0/hadoop-annotations-3.2.0.jar:/usr/lib/jvm/java-1.8-openjdk/jre/../lib/tools.jar:/home/user/.m2/repository/commons-cli/commons-cli/1.2/commons-cli-1.2.jar:/home/user/.m2/repository/org/apache/httpcomponents/httpclient/4.5.2/httpclient-4.5.2.jar:/home/user/.m2/repository/org/apache/httpcomponents/httpcore/4.4.4/httpcore-4.4.4.jar:/home/user/.m2/repository/commons-codec/commons-codec/1.11/commons-codec-1.11.jar:/home/user/.m2/repository/commons-net/commons-net/3.6/commons-net-3.6.jar:/home/user/.m2/repository/commons-collections/commons-collections/3.2.2/commons-collections-3.2.2.jar:/home/user/.m2/repository/org/eclipse/jetty/jetty-servlet/9.3.25.v20180904/jetty-servlet-9.3.25.v20180904.jar:/home/user/.m2/repository/org/eclipse/jetty/jetty-security/9.3.25.v20180904/jetty-security-9.3.25.v20180904.jar:/home/user/.m2/repository/javax/servlet/jsp/jsp-api/2.1/jsp-api-2.1.jar:/home/user/.m2/repository/com/sun/jersey/jersey-servlet/1.19/jersey-servlet-1.19.jar:/home/user/.m2/repository/com/sun/jersey/jersey-json/1.19/jersey-json-1.19.jar:/home/user/.m2/repository/org/codehaus/jettison/jettison/1.1/jettison-1.1.jar:/home/user/.m2/repository/org/codehaus/jackson/jackson-core-asl/1.9.13/jackson-core-asl-1.9.13.jar:/home/user/.m2/repository/org/codehaus/jackson/jackson-mapper-asl/1.9.13/jackson-mapper-asl-1.9.13.jar:/home/user/.m2/repository/org/codehaus/jackson/jackson-jaxrs/1.9.13/jackson-jaxrs-1.9.13.jar:/home/user/.m2/repository/org/codehaus/jackson/jackson-xc/1.9.13/jackson-xc-1.9.13.jar:/home/user/.m2/repository/commons-logging/commons-logging/1.1.3/commons-logging-1.1.3.jar:/home/user/.m2/repository/commons-beanutils/commons-beanutils/1.9.4/commons-beanutils-1.9.4.jar:/home/user/.m2/repository/org/apache/commons/commons-configuration2/2.1.1/commons-configuration2-2.1.1.jar:/home/user/.m2/repository/org/apache/commons/commons-lang3/3.7/commons-lang3-3.7.jar:/home/user/.m2/repository/org/apache/commons/commons-text/1.4/commons-text-1.4.jar:/home/user/.m2/repository/org/apache/avro/avro/1.7.7/avro-1.7.7.jar:/home/user/.m2/repository/com/thoughtworks/paranamer/paranamer/2.3/paranamer-2.3.jar:/home/user/.m2/repository/org/xerial/snappy/snappy-java/1.0.5/snappy-java-1.0.5.jar:/home/user/.m2/repository/com/google/re2j/re2j/1.1/re2j-1.1.jar:/home/user/.m2/repository/com/google/code/gson/gson/2.2.4/gson-2.2.4.jar:/home/user/.m2/repository/com/jcraft/jsch/0.1.54/jsch-0.1.54.jar:/home/user/.m2/repository/org/apache/curator/curator-client/2.12.0/curator-client-2.12.0.jar:/home/user/.m2/repository/org/apache/curator/curator-recipes/2.12.0/curator-recipes-2.12.0.jar:/home/user/.m2/repository/com/google/code/findbugs/jsr305/3.0.0/jsr305-3.0.0.jar:/home/user/.m2/repository/org/apache/htrace/htrace-core4/4.1.0-incubating/htrace-core4-4.1.0-incubating.jar:/home/user/.m2/repository/org/apache/zookeeper/zookeeper/3.4.13/zookeeper-3.4.13.jar:/home/user/.m2/repository/jline/jline/0.9.94/jline-0.9.94.jar:/home/user/.m2/repository/org/apache/yetus/audience-annotations/0.5.0/audience-annotations-0.5.0.jar:/home/user/.m2/repository/org/codehaus/woodstox/stax2-api/3.1.4/stax2-api-3.1.4.jar:/home/user/.m2/repository/com/fasterxml/woodstox/woodstox-core/5.0.3/woodstox-core-5.0.3.jar:/home/user/.m2/repository/dnsjava/dnsjava/2.1.7/dnsjava-2.1.7.jar:/home/user/.m2/repository/org/apache/hadoop/hadoop-hdfs/3.2.0/hadoop-hdfs-3.2.0-tests.jar:/home/user/.m2/repository/org/eclipse/jetty/jetty-util-ajax/9.3.25.v20180904/jetty-util-ajax-9.3.25.v20180904.jar:/home/user/.m2/repository/commons-daemon/commons-daemon/1.0.13/commons-daemon-1.0.13.jar:/home/user/.m2/repository/io/netty/netty/3.10.5.Final/netty-3.10.5.Final.jar:/home/user/.m2/repository/io/netty/netty-all/4.0.52.Final/netty-all-4.0.52.Final.jar:/home/user/.m2/repository/org/fusesource/leveldbjni/leveldbjni-all/1.8/leveldbjni-all-1.8.jar:"/>
    <property name="java.vm.vendor" value="IcedTea"/>
    <property name="sun.arch.data.model" value="64"/>
    <property name="test.build.dir" value="/workdir/hadoop-ozone/integration-test/target/test-dir"/>
    <property name="test.cache.data" value=""/>
    <property name="java.vendor.url" value="https://icedtea.classpath.org"/>
    <property name="user.timezone" value=""/>
    <property name="java.vm.specification.version" value="1.8"/>
    <property name="os.name" value="Linux"/>
    <property name="test.build.data" value="/workdir/hadoop-ozone/integration-test/target/test-dir"/>
    <property name="user.country" value="US"/>
    <property name="sun.java.launcher" value="SUN_STANDARD"/>
    <property name="sun.boot.library.path" value="/usr/lib/jvm/java-1.8-openjdk/jre/lib/amd64"/>
    <property name="sun.java.command" value="/workdir/hadoop-ozone/integration-test/target/surefire/surefirebooter5936995351826747221.jar /workdir/hadoop-ozone/integration-test/target/surefire 2019-10-09T09-18-56_661-jvmRun1 surefire8886883451352383805tmp surefire_554117880247140564258tmp"/>
    <property name="test" value="!TestMiniChaosOzoneCluster"/>
    <property name="surefire.test.class.path" value="/workdir/hadoop-ozone/integration-test/target/test-classes:/workdir/hadoop-ozone/integration-test/target/classes:/home/user/.m2/repository/org/apache/hadoop/hadoop-ozone-common/0.5.0-SNAPSHOT/hadoop-ozone-common-0.5.0-SNAPSHOT.jar:/home/user/.m2/repository/org/apache/commons/commons-compress/1.4.1/commons-compress-1.4.1.jar:/home/user/.m2/repository/org/tukaani/xz/1.0/xz-1.0.jar:/home/user/.m2/repository/org/apache/hadoop/hadoop-common/3.2.0/hadoop-common-3.2.0.jar:/home/user/.m2/repository/org/apache/hadoop/hadoop-hdfs/3.2.0/hadoop-hdfs-3.2.0.jar:/home/user/.m2/repository/org/apache/hadoop/hadoop-hdfs-client/3.2.0/hadoop-hdfs-client-3.2.0.jar:/home/user/.m2/repository/com/fasterxml/jackson/core/jackson-annotations/2.9.9/jackson-annotations-2.9.9.jar:/home/user/.m2/repository/org/apache/hadoop/hadoop-hdds-common/0.5.0-SNAPSHOT/hadoop-hdds-common-0.5.0-SNAPSHOT.jar:/home/user/.m2/repository/javax/annotation/javax.annotation-api/1.2/javax.annotation-api-1.2.jar:/home/user/.m2/repository/org/apache/ratis/ratis-server/0.5.0-201fc85-SNAPSHOT/ratis-server-0.5.0-201fc85-SNAPSHOT.jar:/home/user/.m2/repository/org/apache/ratis/ratis-thirdparty-misc/0.2.0/ratis-thirdparty-misc-0.2.0.jar:/home/user/.m2/repository/org/apache/ratis/ratis-proto/0.5.0-201fc85-SNAPSHOT/ratis-proto-0.5.0-201fc85-SNAPSHOT.jar:/home/user/.m2/repository/org/apache/ratis/ratis-common/0.5.0-201fc85-SNAPSHOT/ratis-common-0.5.0-201fc85-SNAPSHOT.jar:/home/user/.m2/repository/org/apache/ratis/ratis-client/0.5.0-201fc85-SNAPSHOT/ratis-client-0.5.0-201fc85-SNAPSHOT.jar:/home/user/.m2/repository/org/apache/ratis/ratis-metrics/0.5.0-201fc85-SNAPSHOT/ratis-metrics-0.5.0-201fc85-SNAPSHOT.jar:/home/user/.m2/repository/com/github/joshelser/dropwizard-metrics-hadoop-metrics2-reporter/0.1.2/dropwizard-metrics-hadoop-metrics2-reporter-0.1.2.jar:/home/user/.m2/repository/io/dropwizard/metrics/metrics-jvm/3.2.5/metrics-jvm-3.2.5.jar:/home/user/.m2/repository/io/dropwizard/metrics/metrics-ganglia/3.2.5/metrics-ganglia-3.2.5.jar:/home/user/.m2/repository/info/ganglia/gmetric4j/gmetric4j/1.0.7/gmetric4j-1.0.7.jar:/home/user/.m2/repository/org/apache/ratis/ratis-netty/0.5.0-201fc85-SNAPSHOT/ratis-netty-0.5.0-201fc85-SNAPSHOT.jar:/home/user/.m2/repository/org/apache/ratis/ratis-grpc/0.5.0-201fc85-SNAPSHOT/ratis-grpc-0.5.0-201fc85-SNAPSHOT.jar:/home/user/.m2/repository/org/rocksdb/rocksdbjni/6.0.1/rocksdbjni-6.0.1.jar:/home/user/.m2/repository/org/apache/logging/log4j/log4j-api/2.11.0/log4j-api-2.11.0.jar:/home/user/.m2/repository/org/apache/logging/log4j/log4j-core/2.11.0/log4j-core-2.11.0.jar:/home/user/.m2/repository/com/lmax/disruptor/3.4.2/disruptor-3.4.2.jar:/home/user/.m2/repository/org/apache/commons/commons-pool2/2.6.0/commons-pool2-2.6.0.jar:/home/user/.m2/repository/org/bouncycastle/bcpkix-jdk15on/1.60/bcpkix-jdk15on-1.60.jar:/home/user/.m2/repository/commons-validator/commons-validator/1.6/commons-validator-1.6.jar:/home/user/.m2/repository/commons-digester/commons-digester/1.8.1/commons-digester-1.8.1.jar:/home/user/.m2/repository/io/jaegertracing/jaeger-client/0.34.0/jaeger-client-0.34.0.jar:/home/user/.m2/repository/io/jaegertracing/jaeger-thrift/0.34.0/jaeger-thrift-0.34.0.jar:/home/user/.m2/repository/org/apache/thrift/libthrift/0.12.0/libthrift-0.12.0.jar:/home/user/.m2/repository/com/squareup/okhttp3/okhttp/3.9.0/okhttp-3.9.0.jar:/home/user/.m2/repository/com/squareup/okio/okio/1.13.0/okio-1.13.0.jar:/home/user/.m2/repository/io/jaegertracing/jaeger-core/0.34.0/jaeger-core-0.34.0.jar:/home/user/.m2/repository/io/jaegertracing/jaeger-tracerresolver/0.34.0/jaeger-tracerresolver-0.34.0.jar:/home/user/.m2/repository/io/opentracing/contrib/opentracing-tracerresolver/0.1.5/opentracing-tracerresolver-0.1.5.jar:/home/user/.m2/repository/io/opentracing/opentracing-util/0.31.0/opentracing-util-0.31.0.jar:/home/user/.m2/repository/io/opentracing/opentracing-api/0.31.0/opentracing-api-0.31.0.jar:/home/user/.m2/repository/io/opentracing/opentracing-noop/0.31.0/opentracing-noop-0.31.0.jar:/home/user/.m2/repository/org/apache/hadoop/hadoop-hdds-server-framework/0.5.0-SNAPSHOT/hadoop-hdds-server-framework-0.5.0-SNAPSHOT.jar:/home/user/.m2/repository/org/apache/hadoop/hadoop-hdds-container-service/0.5.0-SNAPSHOT/hadoop-hdds-container-service-0.5.0-SNAPSHOT.jar:/home/user/.m2/repository/org/apache/hadoop/hadoop-hdds-client/0.5.0-SNAPSHOT/hadoop-hdds-client-0.5.0-SNAPSHOT.jar:/home/user/.m2/repository/org/apache/hadoop/hadoop-hdds-tools/0.5.0-SNAPSHOT/hadoop-hdds-tools-0.5.0-SNAPSHOT.jar:/home/user/.m2/repository/org/apache/hadoop/hadoop-hdds-server-scm/0.5.0-SNAPSHOT/hadoop-hdds-server-scm-0.5.0-SNAPSHOT.jar:/home/user/.m2/repository/org/apache/hadoop/hadoop-hdds-docs/0.5.0-SNAPSHOT/hadoop-hdds-docs-0.5.0-SNAPSHOT.jar:/home/user/.m2/repository/io/dropwizard/metrics/metrics-core/3.2.4/metrics-core-3.2.4.jar:/home/user/.m2/repository/org/hamcrest/hamcrest-all/1.3/hamcrest-all-1.3.jar:/home/user/.m2/repository/org/bouncycastle/bcprov-jdk15on/1.60/bcprov-jdk15on-1.60.jar:/home/user/.m2/repository/info/picocli/picocli/3.9.6/picocli-3.9.6.jar:/home/user/.m2/repository/com/google/protobuf/protobuf-java/2.5.0/protobuf-java-2.5.0.jar:/home/user/.m2/repository/com/google/guava/guava/11.0.2/guava-11.0.2.jar:/home/user/.m2/repository/org/apache/hadoop/hadoop-ozone-ozone-manager/0.5.0-SNAPSHOT/hadoop-ozone-ozone-manager-0.5.0-SNAPSHOT.jar:/home/user/.m2/repository/org/apache/hadoop/hadoop-minikdc/3.2.0/hadoop-minikdc-3.2.0.jar:/home/user/.m2/repository/commons-io/commons-io/2.5/commons-io-2.5.jar:/home/user/.m2/repository/org/apache/kerby/kerb-simplekdc/1.0.1/kerb-simplekdc-1.0.1.jar:/home/user/.m2/repository/org/apache/kerby/kerb-client/1.0.1/kerb-client-1.0.1.jar:/home/user/.m2/repository/org/apache/kerby/kerby-config/1.0.1/kerby-config-1.0.1.jar:/home/user/.m2/repository/org/apache/kerby/kerb-core/1.0.1/kerb-core-1.0.1.jar:/home/user/.m2/repository/org/apache/kerby/kerby-pkix/1.0.1/kerby-pkix-1.0.1.jar:/home/user/.m2/repository/org/apache/kerby/kerby-asn1/1.0.1/kerby-asn1-1.0.1.jar:/home/user/.m2/repository/org/apache/kerby/kerby-util/1.0.1/kerby-util-1.0.1.jar:/home/user/.m2/repository/org/apache/kerby/kerb-common/1.0.1/kerb-common-1.0.1.jar:/home/user/.m2/repository/org/apache/kerby/kerb-crypto/1.0.1/kerb-crypto-1.0.1.jar:/home/user/.m2/repository/org/apache/kerby/kerb-util/1.0.1/kerb-util-1.0.1.jar:/home/user/.m2/repository/org/apache/kerby/token-provider/1.0.1/token-provider-1.0.1.jar:/home/user/.m2/repository/org/apache/kerby/kerb-admin/1.0.1/kerb-admin-1.0.1.jar:/home/user/.m2/repository/org/apache/kerby/kerb-server/1.0.1/kerb-server-1.0.1.jar:/home/user/.m2/repository/org/apache/kerby/kerb-identity/1.0.1/kerb-identity-1.0.1.jar:/home/user/.m2/repository/org/apache/kerby/kerby-xdr/1.0.1/kerby-xdr-1.0.1.jar:/home/user/.m2/repository/org/slf4j/slf4j-log4j12/1.7.25/slf4j-log4j12-1.7.25.jar:/home/user/.m2/repository/org/apache/hadoop/hadoop-ozone-s3gateway/0.5.0-SNAPSHOT/hadoop-ozone-s3gateway-0.5.0-SNAPSHOT.jar:/home/user/.m2/repository/org/jboss/weld/servlet/weld-servlet/2.4.7.Final/weld-servlet-2.4.7.Final.jar:/home/user/.m2/repository/org/glassfish/jersey/containers/jersey-container-servlet-core/2.27/jersey-container-servlet-core-2.27.jar:/home/user/.m2/repository/org/glassfish/hk2/external/javax.inject/2.5.0-b42/javax.inject-2.5.0-b42.jar:/home/user/.m2/repository/org/glassfish/jersey/core/jersey-common/2.27/jersey-common-2.27.jar:/home/user/.m2/repository/org/glassfish/hk2/osgi-resource-locator/1.0.1/osgi-resource-locator-1.0.1.jar:/home/user/.m2/repository/javax/ws/rs/javax.ws.rs-api/2.1/javax.ws.rs-api-2.1.jar:/home/user/.m2/repository/org/glassfish/jersey/ext/cdi/jersey-cdi1x/2.27/jersey-cdi1x-2.27.jar:/home/user/.m2/repository/org/glassfish/jersey/inject/jersey-hk2/2.27/jersey-hk2-2.27.jar:/home/user/.m2/repository/org/glassfish/hk2/hk2-locator/2.5.0-b42/hk2-locator-2.5.0-b42.jar:/home/user/.m2/repository/org/javassist/javassist/3.22.0-CR2/javassist-3.22.0-CR2.jar:/home/user/.m2/repository/org/glassfish/hk2/hk2-api/2.5.0/hk2-api-2.5.0.jar:/home/user/.m2/repository/org/glassfish/hk2/external/jakarta.inject/2.5.0/jakarta.inject-2.5.0.jar:/home/user/.m2/repository/org/glassfish/hk2/hk2-utils/2.5.0/hk2-utils-2.5.0.jar:/home/user/.m2/repository/jakarta/annotation/jakarta.annotation-api/1.3.4/jakarta.annotation-api-1.3.4.jar:/home/user/.m2/repository/org/glassfish/hk2/external/aopalliance-repackaged/2.5.0/aopalliance-repackaged-2.5.0.jar:/home/user/.m2/repository/com/fasterxml/jackson/dataformat/jackson-dataformat-xml/2.9.0/jackson-dataformat-xml-2.9.0.jar:/home/user/.m2/repository/com/fasterxml/jackson/core/jackson-core/2.9.9/jackson-core-2.9.9.jar:/home/user/.m2/repository/com/fasterxml/jackson/module/jackson-module-jaxb-annotations/2.9.9/jackson-module-jaxb-annotations-2.9.9.jar:/home/user/.m2/repository/javax/enterprise/cdi-api/1.2/cdi-api-1.2.jar:/home/user/.m2/repository/javax/el/javax.el-api/3.0.0/javax.el-api-3.0.0.jar:/home/user/.m2/repository/javax/interceptor/javax.interceptor-api/1.2/javax.interceptor-api-1.2.jar:/home/user/.m2/repository/javax/inject/javax.inject/1/javax.inject-1.jar:/home/user/.m2/repository/com/sun/xml/bind/jaxb-impl/2.3.0.1/jaxb-impl-2.3.0.1.jar:/home/user/.m2/repository/com/sun/xml/bind/jaxb-core/2.3.0.1/jaxb-core-2.3.0.1.jar:/home/user/.m2/repository/javax/xml/bind/jaxb-api/2.3.0/jaxb-api-2.3.0.jar:/home/user/.m2/repository/javax/activation/activation/1.1.1/activation-1.1.1.jar:/home/user/.m2/repository/org/apache/hadoop/hadoop-ozone-csi/0.5.0-SNAPSHOT/hadoop-ozone-csi-0.5.0-SNAPSHOT.jar:/home/user/.m2/repository/com/google/protobuf/protobuf-java-util/3.5.1/protobuf-java-util-3.5.1.jar:/home/user/.m2/repository/org/apache/hadoop/hadoop-hdds-config/0.5.0-SNAPSHOT/hadoop-hdds-config-0.5.0-SNAPSHOT.jar:/home/user/.m2/repository/io/grpc/grpc-netty/1.17.1/grpc-netty-1.17.1.jar:/home/user/.m2/repository/io/grpc/grpc-core/1.17.1/grpc-core-1.17.1.jar:/home/user/.m2/repository/io/grpc/grpc-context/1.17.1/grpc-context-1.17.1.jar:/home/user/.m2/repository/com/google/errorprone/error_prone_annotations/2.2.0/error_prone_annotations-2.2.0.jar:/home/user/.m2/repository/org/codehaus/mojo/animal-sniffer-annotations/1.17/animal-sniffer-annotations-1.17.jar:/home/user/.m2/repository/io/opencensus/opencensus-api/0.17.0/opencensus-api-0.17.0.jar:/home/user/.m2/repository/io/opencensus/opencensus-contrib-grpc-metrics/0.17.0/opencensus-contrib-grpc-metrics-0.17.0.jar:/home/user/.m2/repository/io/netty/netty-codec-http2/4.1.30.Final/netty-codec-http2-4.1.30.Final.jar:/home/user/.m2/repository/io/netty/netty-codec-http/4.1.30.Final/netty-codec-http-4.1.30.Final.jar:/home/user/.m2/repository/io/netty/netty-codec/4.1.30.Final/netty-codec-4.1.30.Final.jar:/home/user/.m2/repository/io/netty/netty-handler/4.1.30.Final/netty-handler-4.1.30.Final.jar:/home/user/.m2/repository/io/netty/netty-handler-proxy/4.1.30.Final/netty-handler-proxy-4.1.30.Final.jar:/home/user/.m2/repository/io/netty/netty-codec-socks/4.1.30.Final/netty-codec-socks-4.1.30.Final.jar:/home/user/.m2/repository/io/netty/netty-transport-native-epoll/4.1.30.Final/netty-transport-native-epoll-4.1.30.Final.jar:/home/user/.m2/repository/io/netty/netty-common/4.1.30.Final/netty-common-4.1.30.Final.jar:/home/user/.m2/repository/io/netty/netty-buffer/4.1.30.Final/netty-buffer-4.1.30.Final.jar:/home/user/.m2/repository/io/netty/netty-transport/4.1.30.Final/netty-transport-4.1.30.Final.jar:/home/user/.m2/repository/io/netty/netty-resolver/4.1.30.Final/netty-resolver-4.1.30.Final.jar:/home/user/.m2/repository/io/netty/netty-transport-native-unix-common/4.1.30.Final/netty-transport-native-unix-common-4.1.30.Final.jar:/home/user/.m2/repository/io/grpc/grpc-protobuf/1.17.1/grpc-protobuf-1.17.1.jar:/home/user/.m2/repository/com/google/api/grpc/proto-google-common-protos/1.0.0/proto-google-common-protos-1.0.0.jar:/home/user/.m2/repository/io/grpc/grpc-protobuf-lite/1.17.1/grpc-protobuf-lite-1.17.1.jar:/home/user/.m2/repository/io/grpc/grpc-stub/1.17.1/grpc-stub-1.17.1.jar:/home/user/.m2/repository/org/apache/hadoop/hadoop-ozone-recon/0.5.0-SNAPSHOT/hadoop-ozone-recon-0.5.0-SNAPSHOT.jar:/home/user/.m2/repository/org/apache/hadoop/hadoop-ozone-reconcodegen/0.5.0-SNAPSHOT/hadoop-ozone-reconcodegen-0.5.0-SNAPSHOT.jar:/home/user/.m2/repository/com/google/inject/extensions/guice-multibindings/4.0/guice-multibindings-4.0.jar:/home/user/.m2/repository/com/google/inject/guice/4.0/guice-4.0.jar:/home/user/.m2/repository/aopalliance/aopalliance/1.0/aopalliance-1.0.jar:/home/user/.m2/repository/com/google/inject/extensions/guice-servlet/4.0/guice-servlet-4.0.jar:/home/user/.m2/repository/org/glassfish/jersey/containers/jersey-container-servlet/2.27/jersey-container-servlet-2.27.jar:/home/user/.m2/repository/org/glassfish/hk2/guice-bridge/2.5.0/guice-bridge-2.5.0.jar:/home/user/.m2/repository/org/glassfish/jersey/core/jersey-server/2.27/jersey-server-2.27.jar:/home/user/.m2/repository/org/glassfish/jersey/core/jersey-client/2.27/jersey-client-2.27.jar:/home/user/.m2/repository/org/glassfish/jersey/media/jersey-media-jaxb/2.27/jersey-media-jaxb-2.27.jar:/home/user/.m2/repository/javax/validation/validation-api/1.1.0.Final/validation-api-1.1.0.Final.jar:/home/user/.m2/repository/org/glassfish/jersey/media/jersey-media-json-jackson/2.27/jersey-media-json-jackson-2.27.jar:/home/user/.m2/repository/org/glassfish/jersey/ext/jersey-entity-filtering/2.27/jersey-entity-filtering-2.27.jar:/home/user/.m2/repository/com/google/inject/extensions/guice-assistedinject/4.0/guice-assistedinject-4.0.jar:/home/user/.m2/repository/org/jooq/jooq/3.11.10/jooq-3.11.10.jar:/home/user/.m2/repository/org/jooq/jooq-meta/3.11.10/jooq-meta-3.11.10.jar:/home/user/.m2/repository/org/jooq/jooq-codegen/3.11.10/jooq-codegen-3.11.10.jar:/home/user/.m2/repository/com/jolbox/bonecp/0.8.0.RELEASE/bonecp-0.8.0.RELEASE.jar:/home/user/.m2/repository/org/xerial/sqlite-jdbc/3.25.2/sqlite-jdbc-3.25.2.jar:/home/user/.m2/repository/org/springframework/spring-jdbc/5.1.3.RELEASE/spring-jdbc-5.1.3.RELEASE.jar:/home/user/.m2/repository/org/springframework/spring-beans/5.1.3.RELEASE/spring-beans-5.1.3.RELEASE.jar:/home/user/.m2/repository/org/springframework/spring-core/5.1.3.RELEASE/spring-core-5.1.3.RELEASE.jar:/home/user/.m2/repository/org/springframework/spring-jcl/5.1.3.RELEASE/spring-jcl-5.1.3.RELEASE.jar:/home/user/.m2/repository/org/springframework/spring-tx/5.1.3.RELEASE/spring-tx-5.1.3.RELEASE.jar:/home/user/.m2/repository/org/apache/hadoop/hadoop-ozone-client/0.5.0-SNAPSHOT/hadoop-ozone-client-0.5.0-SNAPSHOT.jar:/home/user/.m2/repository/commons-lang/commons-lang/2.6/commons-lang-2.6.jar:/home/user/.m2/repository/org/apache/hadoop/hadoop-ozone-ozone-manager/0.5.0-SNAPSHOT/hadoop-ozone-ozone-manager-0.5.0-SNAPSHOT-tests.jar:/home/user/.m2/repository/junit/junit/4.11/junit-4.11.jar:/home/user/.m2/repository/org/hamcrest/hamcrest-core/1.3/hamcrest-core-1.3.jar:/home/user/.m2/repository/org/openjdk/jmh/jmh-core/1.19/jmh-core-1.19.jar:/home/user/.m2/repository/net/sf/jopt-simple/jopt-simple/4.6/jopt-simple-4.6.jar:/home/user/.m2/repository/org/apache/commons/commons-math3/3.1.1/commons-math3-3.1.1.jar:/home/user/.m2/repository/org/openjdk/jmh/jmh-generator-annprocess/1.19/jmh-generator-annprocess-1.19.jar:/home/user/.m2/repository/org/mockito/mockito-all/1.8.5/mockito-all-1.8.5.jar:/home/user/.m2/repository/org/apache/hadoop/hadoop-kms/3.2.0/hadoop-kms-3.2.0.jar:/home/user/.m2/repository/org/apache/hadoop/hadoop-auth/3.2.0/hadoop-auth-3.2.0.jar:/home/user/.m2/repository/com/nimbusds/nimbus-jose-jwt/4.41.1/nimbus-jose-jwt-4.41.1.jar:/home/user/.m2/repository/com/github/stephenc/jcip/jcip-annotations/1.0-1/jcip-annotations-1.0-1.jar:/home/user/.m2/repository/net/minidev/json-smart/2.3/json-smart-2.3.jar:/home/user/.m2/repository/net/minidev/accessors-smart/1.2/accessors-smart-1.2.jar:/home/user/.m2/repository/org/ow2/asm/asm/5.0.4/asm-5.0.4.jar:/home/user/.m2/repository/org/apache/curator/curator-framework/2.12.0/curator-framework-2.12.0.jar:/home/user/.m2/repository/com/sun/jersey/jersey-core/1.19/jersey-core-1.19.jar:/home/user/.m2/repository/javax/ws/rs/jsr311-api/1.1.1/jsr311-api-1.1.1.jar:/home/user/.m2/repository/com/sun/jersey/jersey-server/1.19/jersey-server-1.19.jar:/home/user/.m2/repository/javax/servlet/javax.servlet-api/3.1.0/javax.servlet-api-3.1.0.jar:/home/user/.m2/repository/org/eclipse/jetty/jetty-server/9.3.25.v20180904/jetty-server-9.3.25.v20180904.jar:/home/user/.m2/repository/org/eclipse/jetty/jetty-http/9.3.25.v20180904/jetty-http-9.3.25.v20180904.jar:/home/user/.m2/repository/org/eclipse/jetty/jetty-io/9.3.25.v20180904/jetty-io-9.3.25.v20180904.jar:/home/user/.m2/repository/org/eclipse/jetty/jetty-webapp/9.3.25.v20180904/jetty-webapp-9.3.25.v20180904.jar:/home/user/.m2/repository/org/eclipse/jetty/jetty-xml/9.3.25.v20180904/jetty-xml-9.3.25.v20180904.jar:/home/user/.m2/repository/log4j/log4j/1.2.17/log4j-1.2.17.jar:/home/user/.m2/repository/org/slf4j/slf4j-api/1.7.25/slf4j-api-1.7.25.jar:/home/user/.m2/repository/org/slf4j/jul-to-slf4j/1.7.25/jul-to-slf4j-1.7.25.jar:/home/user/.m2/repository/org/eclipse/jetty/jetty-util/9.3.25.v20180904/jetty-util-9.3.25.v20180904.jar:/home/user/.m2/repository/com/fasterxml/jackson/core/jackson-databind/2.9.9/jackson-databind-2.9.9.jar:/home/user/.m2/repository/org/apache/hadoop/hadoop-kms/3.2.0/hadoop-kms-3.2.0-tests.jar:/home/user/.m2/repository/org/apache/hadoop/hadoop-hdds-server-scm/0.5.0-SNAPSHOT/hadoop-hdds-server-scm-0.5.0-SNAPSHOT-tests.jar:/home/user/.m2/repository/org/apache/hadoop/hadoop-hdds-container-service/0.5.0-SNAPSHOT/hadoop-hdds-container-service-0.5.0-SNAPSHOT-tests.jar:/home/user/.m2/repository/org/yaml/snakeyaml/1.16/snakeyaml-1.16.jar:/home/user/.m2/repository/org/apache/hadoop/hadoop-common/3.2.0/hadoop-common-3.2.0-tests.jar:/home/user/.m2/repository/org/apache/hadoop/hadoop-annotations/3.2.0/hadoop-annotations-3.2.0.jar:/usr/lib/jvm/java-1.8-openjdk/jre/../lib/tools.jar:/home/user/.m2/repository/commons-cli/commons-cli/1.2/commons-cli-1.2.jar:/home/user/.m2/repository/org/apache/httpcomponents/httpclient/4.5.2/httpclient-4.5.2.jar:/home/user/.m2/repository/org/apache/httpcomponents/httpcore/4.4.4/httpcore-4.4.4.jar:/home/user/.m2/repository/commons-codec/commons-codec/1.11/commons-codec-1.11.jar:/home/user/.m2/repository/commons-net/commons-net/3.6/commons-net-3.6.jar:/home/user/.m2/repository/commons-collections/commons-collections/3.2.2/commons-collections-3.2.2.jar:/home/user/.m2/repository/org/eclipse/jetty/jetty-servlet/9.3.25.v20180904/jetty-servlet-9.3.25.v20180904.jar:/home/user/.m2/repository/org/eclipse/jetty/jetty-security/9.3.25.v20180904/jetty-security-9.3.25.v20180904.jar:/home/user/.m2/repository/javax/servlet/jsp/jsp-api/2.1/jsp-api-2.1.jar:/home/user/.m2/repository/com/sun/jersey/jersey-servlet/1.19/jersey-servlet-1.19.jar:/home/user/.m2/repository/com/sun/jersey/jersey-json/1.19/jersey-json-1.19.jar:/home/user/.m2/repository/org/codehaus/jettison/jettison/1.1/jettison-1.1.jar:/home/user/.m2/repository/org/codehaus/jackson/jackson-core-asl/1.9.13/jackson-core-asl-1.9.13.jar:/home/user/.m2/repository/org/codehaus/jackson/jackson-mapper-asl/1.9.13/jackson-mapper-asl-1.9.13.jar:/home/user/.m2/repository/org/codehaus/jackson/jackson-jaxrs/1.9.13/jackson-jaxrs-1.9.13.jar:/home/user/.m2/repository/org/codehaus/jackson/jackson-xc/1.9.13/jackson-xc-1.9.13.jar:/home/user/.m2/repository/commons-logging/commons-logging/1.1.3/commons-logging-1.1.3.jar:/home/user/.m2/repository/commons-beanutils/commons-beanutils/1.9.4/commons-beanutils-1.9.4.jar:/home/user/.m2/repository/org/apache/commons/commons-configuration2/2.1.1/commons-configuration2-2.1.1.jar:/home/user/.m2/repository/org/apache/commons/commons-lang3/3.7/commons-lang3-3.7.jar:/home/user/.m2/repository/org/apache/commons/commons-text/1.4/commons-text-1.4.jar:/home/user/.m2/repository/org/apache/avro/avro/1.7.7/avro-1.7.7.jar:/home/user/.m2/repository/com/thoughtworks/paranamer/paranamer/2.3/paranamer-2.3.jar:/home/user/.m2/repository/org/xerial/snappy/snappy-java/1.0.5/snappy-java-1.0.5.jar:/home/user/.m2/repository/com/google/re2j/re2j/1.1/re2j-1.1.jar:/home/user/.m2/repository/com/google/code/gson/gson/2.2.4/gson-2.2.4.jar:/home/user/.m2/repository/com/jcraft/jsch/0.1.54/jsch-0.1.54.jar:/home/user/.m2/repository/org/apache/curator/curator-client/2.12.0/curator-client-2.12.0.jar:/home/user/.m2/repository/org/apache/curator/curator-recipes/2.12.0/curator-recipes-2.12.0.jar:/home/user/.m2/repository/com/google/code/findbugs/jsr305/3.0.0/jsr305-3.0.0.jar:/home/user/.m2/repository/org/apache/htrace/htrace-core4/4.1.0-incubating/htrace-core4-4.1.0-incubating.jar:/home/user/.m2/repository/org/apache/zookeeper/zookeeper/3.4.13/zookeeper-3.4.13.jar:/home/user/.m2/repository/jline/jline/0.9.94/jline-0.9.94.jar:/home/user/.m2/repository/org/apache/yetus/audience-annotations/0.5.0/audience-annotations-0.5.0.jar:/home/user/.m2/repository/org/codehaus/woodstox/stax2-api/3.1.4/stax2-api-3.1.4.jar:/home/user/.m2/repository/com/fasterxml/woodstox/woodstox-core/5.0.3/woodstox-core-5.0.3.jar:/home/user/.m2/repository/dnsjava/dnsjava/2.1.7/dnsjava-2.1.7.jar:/home/user/.m2/repository/org/apache/hadoop/hadoop-hdfs/3.2.0/hadoop-hdfs-3.2.0-tests.jar:/home/user/.m2/repository/org/eclipse/jetty/jetty-util-ajax/9.3.25.v20180904/jetty-util-ajax-9.3.25.v20180904.jar:/home/user/.m2/repository/commons-daemon/commons-daemon/1.0.13/commons-daemon-1.0.13.jar:/home/user/.m2/repository/io/netty/netty/3.10.5.Final/netty-3.10.5.Final.jar:/home/user/.m2/repository/io/netty/netty-all/4.0.52.Final/netty-all-4.0.52.Final.jar:/home/user/.m2/repository/org/fusesource/leveldbjni/leveldbjni-all/1.8/leveldbjni-all-1.8.jar:"/>
    <property name="sun.cpu.endian" value="little"/>
    <property name="user.home" value="/home/user"/>
    <property name="user.language" value="en"/>
    <property name="java.specification.vendor" value="Oracle Corporation"/>
    <property name="java.home" value="/usr/lib/jvm/java-1.8-openjdk/jre"/>
    <property name="java.security.krb5.conf" value="/workdir/hadoop-ozone/integration-test/target/test-classes/krb5.conf"/>
    <property name="basedir" value="/workdir/hadoop-ozone/integration-test"/>
    <property name="file.separator" value="/"/>
    <property name="line.separator" value="&#10;"/>
    <property name="java.vm.specification.vendor" value="Oracle Corporation"/>
    <property name="java.specification.name" value="Java Platform API Specification"/>
    <property name="java.awt.graphicsenv" value="sun.awt.X11GraphicsEnvironment"/>
    <property name="surefire.real.class.path" value="/workdir/hadoop-ozone/integration-test/target/surefire/surefirebooter5936995351826747221.jar"/>
    <property name="hadoop.log.dir" value="/workdir/hadoop-ozone/integration-test/target/log"/>
    <property name="sun.boot.class.path" value="/usr/lib/jvm/java-1.8-openjdk/jre/lib/resources.jar:/usr/lib/jvm/java-1.8-openjdk/jre/lib/rt.jar:/usr/lib/jvm/java-1.8-openjdk/jre/lib/sunrsasign.jar:/usr/lib/jvm/java-1.8-openjdk/jre/lib/jsse.jar:/usr/lib/jvm/java-1.8-openjdk/jre/lib/jce.jar:/usr/lib/jvm/java-1.8-openjdk/jre/lib/charsets.jar:/usr/lib/jvm/java-1.8-openjdk/jre/lib/jfr.jar:/usr/lib/jvm/java-1.8-openjdk/jre/classes"/>
    <property name="sun.management.compiler" value="HotSpot 64-Bit Tiered Compilers"/>
    <property name="java.runtime.version" value="1.8.0_212-b04"/>
    <property name="java.net.preferIPv4Stack" value="true"/>
    <property name="user.name" value="jenkins1000"/>
    <property name="path.separator" value=":"/>
    <property name="java.security.egd" value="file:///dev/urandom"/>
    <property name="os.version" value="3.10.0-957.12.2.el7.x86_64"/>
    <property name="java.endorsed.dirs" value="/usr/lib/jvm/java-1.8-openjdk/jre/lib/endorsed"/>
    <property name="java.runtime.name" value="OpenJDK Runtime Environment"/>
    <property name="file.encoding" value="UTF-8"/>
    <property name="java.vm.name" value="OpenJDK 64-Bit Server VM"/>
    <property name="test.build.webapps" value=""/>
    <property name="localRepository" value="/home/user/.m2/repository"/>
    <property name="java.vendor.url.bug" value="https://icedtea.classpath.org/bugzilla"/>
    <property name="java.io.tmpdir" value="/tmp"/>
    <property name="require.test.libhadoop" value=""/>
    <property name="java.version" value="1.8.0_212"/>
    <property name="user.dir" value="/workdir/hadoop-ozone/integration-test"/>
    <property name="os.arch" value="amd64"/>
    <property name="java.vm.specification.name" value="Java Virtual Machine Specification"/>
    <property name="test.build.classes" value="/workdir/hadoop-ozone/integration-test/target/test-classes"/>
    <property name="java.awt.printerjob" value="sun.print.PSPrinterJob"/>
    <property name="sun.os.patch.level" value="unknown"/>
    <property name="hadoop.tmp.dir" value="/workdir/hadoop-ozone/integration-test/target/tmp"/>
    <property name="java.library.path" value="/usr/lib/jvm/java-1.8-openjdk/jre/lib/amd64/server:/usr/lib/jvm/java-1.8-openjdk/jre/lib/amd64:/usr/lib/jvm/java-1.8-openjdk/jre/../lib/amd64:/workdir/hadoop-ozone/integration-test/target/native/target/usr/local/lib:/workdir/hadoop-ozone/integration-test/../../hadoop-common-project/hadoop-common/target/native/target/usr/local/lib:/usr/java/packages/lib/amd64:/usr/lib64:/lib64:/lib:/usr/lib"/>
    <property name="java.vm.info" value="mixed mode"/>
    <property name="java.vendor" value="IcedTea"/>
    <property name="java.vm.version" value="25.212-b04"/>
    <property name="java.ext.dirs" value="/usr/lib/jvm/java-1.8-openjdk/jre/lib/ext:/usr/java/packages/lib/ext"/>
    <property name="sun.io.unicode.encoding" value="UnicodeLittle"/>
    <property name="java.class.version" value="52.0"/>
  </properties>
  <testcase name="testWatchForCommitWithKeyWrite" classname="org.apache.hadoop.ozone.client.rpc.TestWatchForCommit" time="86.39"/>
  <testcase name="testWatchForCommitWithSmallerTimeoutValue" classname="org.apache.hadoop.ozone.client.rpc.TestWatchForCommit" time="48.232"/>
  <testcase name="testWatchForCommitForRetryfailure" classname="org.apache.hadoop.ozone.client.rpc.TestWatchForCommit" time="61.469">
    <failure type="java.lang.AssertionError">java.lang.AssertionError
	at org.junit.Assert.fail(Assert.java:86)
	at org.junit.Assert.assertTrue(Assert.java:41)
	at org.junit.Assert.assertTrue(Assert.java:52)
	at org.apache.hadoop.ozone.client.rpc.TestWatchForCommit.testWatchForCommitForRetryfailure(TestWatchForCommit.java:348)
	at sun.reflect.NativeMethodAccessorImpl.invoke0(Native Method)
	at sun.reflect.NativeMethodAccessorImpl.invoke(NativeMethodAccessorImpl.java:62)
	at sun.reflect.DelegatingMethodAccessorImpl.invoke(DelegatingMethodAccessorImpl.java:43)
	at java.lang.reflect.Method.invoke(Method.java:498)
	at org.junit.runners.model.FrameworkMethod$1.runReflectiveCall(FrameworkMethod.java:47)
	at org.junit.internal.runners.model.ReflectiveCallable.run(ReflectiveCallable.java:12)
	at org.junit.runners.model.FrameworkMethod.invokeExplosively(FrameworkMethod.java:44)
	at org.junit.internal.runners.statements.InvokeMethod.evaluate(InvokeMethod.java:17)
	at org.junit.runners.ParentRunner.runLeaf(ParentRunner.java:271)
	at org.junit.runners.BlockJUnit4ClassRunner.runChild(BlockJUnit4ClassRunner.java:70)
	at org.junit.runners.BlockJUnit4ClassRunner.runChild(BlockJUnit4ClassRunner.java:50)
	at org.junit.runners.ParentRunner$3.run(ParentRunner.java:238)
	at org.junit.runners.ParentRunner$1.schedule(ParentRunner.java:63)
	at org.junit.runners.ParentRunner.runChildren(ParentRunner.java:236)
	at org.junit.runners.ParentRunner.access$000(ParentRunner.java:53)
	at org.junit.runners.ParentRunner$2.evaluate(ParentRunner.java:229)
	at org.junit.runners.ParentRunner.run(ParentRunner.java:309)
	at org.apache.maven.surefire.junit4.JUnit4Provider.execute(JUnit4Provider.java:365)
	at org.apache.maven.surefire.junit4.JUnit4Provider.executeWithRerun(JUnit4Provider.java:273)
	at org.apache.maven.surefire.junit4.JUnit4Provider.executeTestSet(JUnit4Provider.java:238)
	at org.apache.maven.surefire.junit4.JUnit4Provider.invoke(JUnit4Provider.java:159)
	at org.apache.maven.surefire.booter.ForkedBooter.invokeProviderInSameClassLoader(ForkedBooter.java:384)
	at org.apache.maven.surefire.booter.ForkedBooter.runSuitesInProcess(ForkedBooter.java:345)
	at org.apache.maven.surefire.booter.ForkedBooter.execute(ForkedBooter.java:126)
	at org.apache.maven.surefire.booter.ForkedBooter.main(ForkedBooter.java:418)
</failure>
    <system-out><![CDATA[2019-10-09 10:08:08,583 [main] WARN  server.ServerUtils (ServerUtils.java:getScmDbDir(145)) - ozone.scm.db.dirs is not configured. We recommend adding this setting. Falling back to ozone.metadata.dirs instead.
2019-10-09 10:08:08,599 [main] WARN  server.ServerUtils (ServerUtils.java:getScmDbDir(145)) - ozone.scm.db.dirs is not configured. We recommend adding this setting. Falling back to ozone.metadata.dirs instead.
2019-10-09 10:08:08,599 [main] WARN  server.ServerUtils (ServerUtils.java:getScmDbDir(145)) - ozone.scm.db.dirs is not configured. We recommend adding this setting. Falling back to ozone.metadata.dirs instead.
2019-10-09 10:08:08,600 [main] INFO  db.DBStoreBuilder (DBStoreBuilder.java:addTable(117)) - using custom profile for table: deletedBlocks
2019-10-09 10:08:08,600 [main] INFO  db.DBStoreBuilder (DBStoreBuilder.java:processTables(168)) - Using default column profile:DBProfile.DISK for Table:deletedBlocks
2019-10-09 10:08:08,600 [main] INFO  db.DBStoreBuilder (DBStoreBuilder.java:addTable(117)) - using custom profile for table: validCerts
2019-10-09 10:08:08,600 [main] INFO  db.DBStoreBuilder (DBStoreBuilder.java:processTables(168)) - Using default column profile:DBProfile.DISK for Table:validCerts
2019-10-09 10:08:08,600 [main] INFO  db.DBStoreBuilder (DBStoreBuilder.java:addTable(117)) - using custom profile for table: revokedCerts
2019-10-09 10:08:08,601 [main] INFO  db.DBStoreBuilder (DBStoreBuilder.java:processTables(168)) - Using default column profile:DBProfile.DISK for Table:revokedCerts
2019-10-09 10:08:08,601 [main] INFO  db.DBStoreBuilder (DBStoreBuilder.java:addTable(117)) - using custom profile for table: default
2019-10-09 10:08:08,601 [main] INFO  db.DBStoreBuilder (DBStoreBuilder.java:processTables(174)) - Using default column profile:DBProfile.DISK for Table:default
2019-10-09 10:08:08,601 [main] INFO  db.DBStoreBuilder (DBStoreBuilder.java:getDbProfile(205)) - Using default options. DBProfile.DISK
2019-10-09 10:08:08,802 [main] INFO  net.NodeSchemaLoader (NodeSchemaLoader.java:loadSchemaFromFile(125)) - Loading file from sun.misc.CompoundEnumeration@2fd72332
2019-10-09 10:08:08,802 [main] INFO  net.NodeSchemaLoader (NodeSchemaLoader.java:loadSchema(171)) - Loading network topology layer schema file
2019-10-09 10:08:08,806 [main] WARN  server.ServerUtils (ServerUtils.java:sanitizeUserArgs(70)) - ozone.scm.stale.node.interval value = 300000 is larger than max = 100000 based on the key value of ozone.scm.heartbeat.thread.interval, reset to the max value 100000.
2019-10-09 10:08:08,806 [main] WARN  server.ServerUtils (ServerUtils.java:sanitizeUserArgs(70)) - ozone.scm.stale.node.interval value = 300000 is larger than max = 100000 based on the key value of ozone.scm.heartbeat.thread.interval, reset to the max value 100000.
2019-10-09 10:08:08,807 [main] INFO  node.SCMNodeManager (SCMNodeManager.java:<init>(116)) - Entering startup safe mode.
2019-10-09 10:08:08,807 [main] INFO  algorithms.ContainerPlacementPolicyFactory (ContainerPlacementPolicyFactory.java:getPolicy(57)) - Create container placement policy of type org.apache.hadoop.hdds.scm.container.placement.algorithms.SCMContainerPlacementRandom
2019-10-09 10:08:08,808 [main] WARN  server.ServerUtils (ServerUtils.java:getScmDbDir(145)) - ozone.scm.db.dirs is not configured. We recommend adding this setting. Falling back to ozone.metadata.dirs instead.
2019-10-09 10:08:08,848 [main] INFO  pipeline.SCMPipelineManager (SCMPipelineManager.java:initializePipelineState(132)) - No pipeline exists in current db
2019-10-09 10:08:08,848 [main] WARN  server.ServerUtils (ServerUtils.java:getScmDbDir(145)) - ozone.scm.db.dirs is not configured. We recommend adding this setting. Falling back to ozone.metadata.dirs instead.
2019-10-09 10:08:08,926 [main] WARN  events.EventQueue (EventQueue.java:fireEvent(183)) - No event handler registered for event TypedEvent{payloadType=SafeModeStatus, name='SafeModeStatus'}
2019-10-09 10:08:08,927 [main] INFO  ipc.CallQueueManager (CallQueueManager.java:<init>(84)) - Using callQueue: class java.util.concurrent.LinkedBlockingQueue, queueCapacity: 2000, scheduler: class org.apache.hadoop.ipc.DefaultRpcScheduler, ipcBackoff: false.
2019-10-09 10:08:08,927 [Socket Reader #1 for port 35685] INFO  ipc.Server (Server.java:run(1074)) - Starting Socket Reader #1 for port 35685
2019-10-09 10:08:08,929 [main] INFO  ipc.CallQueueManager (CallQueueManager.java:<init>(84)) - Using callQueue: class java.util.concurrent.LinkedBlockingQueue, queueCapacity: 2000, scheduler: class org.apache.hadoop.ipc.DefaultRpcScheduler, ipcBackoff: false.
2019-10-09 10:08:08,930 [Socket Reader #1 for port 36589] INFO  ipc.Server (Server.java:run(1074)) - Starting Socket Reader #1 for port 36589
2019-10-09 10:08:08,931 [main] INFO  ipc.CallQueueManager (CallQueueManager.java:<init>(84)) - Using callQueue: class java.util.concurrent.LinkedBlockingQueue, queueCapacity: 2000, scheduler: class org.apache.hadoop.ipc.DefaultRpcScheduler, ipcBackoff: false.
2019-10-09 10:08:08,932 [Socket Reader #1 for port 39638] INFO  ipc.Server (Server.java:run(1074)) - Starting Socket Reader #1 for port 39638
2019-10-09 10:08:08,934 [main] INFO  hdfs.DFSUtil (DFSUtil.java:httpServerTemplateForNNAndJN(1641)) - Starting Web-server for scm at: http://0.0.0.0:0
2019-10-09 10:08:08,936 [main] INFO  server.AuthenticationFilter (AuthenticationFilter.java:constructSecretProvider(240)) - Unable to initialize FileSignerSecretProvider, falling back to use random secrets.
2019-10-09 10:08:08,937 [main] WARN  http.HttpRequestLog (HttpRequestLog.java:getRequestLog(97)) - Jetty request log can only be enabled using Log4j
2019-10-09 10:08:08,939 [main] INFO  http.HttpServer2 (HttpServer2.java:addGlobalFilter(975)) - Added global filter 'safety' (class=org.apache.hadoop.http.HttpServer2$QuotingInputFilter)
2019-10-09 10:08:08,940 [main] INFO  http.HttpServer2 (HttpServer2.java:addFilter(948)) - Added filter static_user_filter (class=org.apache.hadoop.http.lib.StaticUserWebFilter$StaticUserFilter) to context scm
2019-10-09 10:08:08,940 [main] INFO  http.HttpServer2 (HttpServer2.java:addFilter(958)) - Added filter static_user_filter (class=org.apache.hadoop.http.lib.StaticUserWebFilter$StaticUserFilter) to context static
2019-10-09 10:08:08,940 [main] INFO  http.HttpServer2 (HttpServer2.java:addFilter(958)) - Added filter static_user_filter (class=org.apache.hadoop.http.lib.StaticUserWebFilter$StaticUserFilter) to context logs
2019-10-09 10:08:08,943 [main] INFO  server.StorageContainerManager (StorageContainerManager.java:start(772)) - StorageContainerLocationProtocol RPC server is listening at /0.0.0.0:39638
2019-10-09 10:08:08,946 [main] WARN  impl.MetricsConfig (MetricsConfig.java:loadFirst(134)) - Cannot locate configuration: tried hadoop-metrics2-storagecontainermanager.properties,hadoop-metrics2.properties
2019-10-09 10:08:08,947 [main] INFO  impl.MetricsSystemImpl (MetricsSystemImpl.java:startTimer(374)) - Scheduled Metric snapshot period at 10 second(s).
2019-10-09 10:08:08,947 [main] INFO  impl.MetricsSystemImpl (MetricsSystemImpl.java:start(191)) - StorageContainerManager metrics system started
2019-10-09 10:08:08,989 [main] INFO  lib.Interns (Interns.java:removeEldestEntry(50)) - Metrics intern cache overflow at 2011 for MetricsSystem={MetricsSystem=MetricsInfoImpl{name=MetricsSystem, description=MetricsSystem}, MetricsSystem record=MetricsInfoImpl{name=MetricsSystem, description=MetricsSystem record}}
2019-10-09 10:08:09,005 [main] WARN  impl.MetricsSystemImpl (MetricsSystemImpl.java:register(276)) - Sink prometheus already exists!
2019-10-09 10:08:09,055 [main] INFO  server.SCMClientProtocolServer (SCMClientProtocolServer.java:start(159)) - RPC server for Client  is listening at /0.0.0.0:39638
2019-10-09 10:08:09,056 [IPC Server Responder] INFO  ipc.Server (Server.java:run(1314)) - IPC Server Responder: starting
2019-10-09 10:08:09,056 [IPC Server listener on 39638] INFO  ipc.Server (Server.java:run(1153)) - IPC Server listener on 39638: starting
2019-10-09 10:08:09,060 [main] INFO  server.StorageContainerManager (StorageContainerManager.java:start(782)) - ScmBlockLocationProtocol RPC server is listening at /0.0.0.0:36589
2019-10-09 10:08:09,060 [main] INFO  server.SCMBlockProtocolServer (SCMBlockProtocolServer.java:start(146)) - RPC server for Block Protocol is listening at /0.0.0.0:36589
2019-10-09 10:08:09,061 [IPC Server Responder] INFO  ipc.Server (Server.java:run(1314)) - IPC Server Responder: starting
2019-10-09 10:08:09,061 [IPC Server listener on 36589] INFO  ipc.Server (Server.java:run(1153)) - IPC Server listener on 36589: starting
2019-10-09 10:08:09,064 [main] INFO  server.StorageContainerManager (StorageContainerManager.java:start(786)) - ScmDatanodeProtocl RPC server is listening at /0.0.0.0:35685
2019-10-09 10:08:09,065 [main] INFO  server.SCMDatanodeProtocolServer (SCMDatanodeProtocolServer.java:start(169)) - RPC server for DataNodes is listening at /0.0.0.0:35685
2019-10-09 10:08:09,065 [IPC Server Responder] INFO  ipc.Server (Server.java:run(1314)) - IPC Server Responder: starting
2019-10-09 10:08:09,065 [IPC Server listener on 35685] INFO  ipc.Server (Server.java:run(1153)) - IPC Server listener on 35685: starting
2019-10-09 10:08:09,069 [main] INFO  http.HttpServer2 (HttpServer2.java:bindListener(1191)) - Jetty bound to port 33618
2019-10-09 10:08:09,070 [main] INFO  server.Server (Server.java:doStart(351)) - jetty-9.3.25.v20180904, build timestamp: 2018-09-04T21:11:46Z, git hash: 3ce520221d0240229c862b122d2b06c12a625732
2019-10-09 10:08:09,072 [main] INFO  handler.ContextHandler (ContextHandler.java:doStart(781)) - Started o.e.j.s.ServletContextHandler@e09f1b6{/logs,file:///workdir/hadoop-ozone/integration-test/target/log,AVAILABLE}
2019-10-09 10:08:09,072 [main] INFO  handler.ContextHandler (ContextHandler.java:doStart(781)) - Started o.e.j.s.ServletContextHandler@11b32a14{/static,file:///workdir/hadoop-ozone/integration-test/target/test-classes/webapps/static,AVAILABLE}
2019-10-09 10:08:09,077 [main] INFO  handler.ContextHandler (ContextHandler.java:doStart(781)) - Started o.e.j.w.WebAppContext@5ccb85d6{/,file:///workdir/hadoop-ozone/integration-test/target/test-classes/webapps/scm/,AVAILABLE}{/scm}
2019-10-09 10:08:09,077 [main] INFO  server.AbstractConnector (AbstractConnector.java:doStart(278)) - Started ServerConnector@d88f893{HTTP/1.1,[http/1.1]}{0.0.0.0:33618}
2019-10-09 10:08:09,078 [main] INFO  server.Server (Server.java:doStart(419)) - Started @135567ms
2019-10-09 10:08:09,078 [main] WARN  impl.MetricsSystemImpl (MetricsSystemImpl.java:register(276)) - Sink prometheus already exists!
2019-10-09 10:08:09,079 [main] INFO  server.BaseHttpServer (BaseHttpServer.java:updateConnectorAddress(215)) - HTTP server of SCM is listening at http://0.0.0.0:33618
2019-10-09 10:08:09,080 [main] WARN  server.ServerUtils (ServerUtils.java:getDBPath(222)) - ozone.om.db.dirs is not configured. We recommend adding this setting. Falling back to ozone.metadata.dirs instead.
2019-10-09 10:08:09,080 [org.apache.hadoop.util.JvmPauseMonitor$Monitor@48eaf42f] INFO  util.JvmPauseMonitor (JvmPauseMonitor.java:run(188)) - Starting JVM pause monitor
2019-10-09 10:08:09,094 [main] INFO  ha.OMHANodeDetails (OMHANodeDetails.java:loadOMHAConfig(190)) - Configuration either no ozone.om.address set. Falling back to the default OM address /127.0.0.1:0
2019-10-09 10:08:09,094 [main] INFO  ha.OMHANodeDetails (OMHANodeDetails.java:getOMNodeDetails(220)) - OM Service ID is not set. Setting it to the default ID: omServiceIdDefault
2019-10-09 10:08:09,095 [main] WARN  server.ServerUtils (ServerUtils.java:getDBPath(222)) - ozone.om.db.dirs is not configured. We recommend adding this setting. Falling back to ozone.metadata.dirs instead.
2019-10-09 10:08:09,095 [main] WARN  server.ServerUtils (ServerUtils.java:getDBPath(222)) - ozone.om.db.dirs is not configured. We recommend adding this setting. Falling back to ozone.metadata.dirs instead.
2019-10-09 10:08:09,104 [main] WARN  server.ServerUtils (ServerUtils.java:getDBPath(222)) - ozone.om.db.dirs is not configured. We recommend adding this setting. Falling back to ozone.metadata.dirs instead.
2019-10-09 10:08:09,105 [main] INFO  db.DBStoreBuilder (DBStoreBuilder.java:addTable(117)) - using custom profile for table: userTable
2019-10-09 10:08:09,106 [main] INFO  db.DBStoreBuilder (DBStoreBuilder.java:processTables(168)) - Using default column profile:DBProfile.DISK for Table:userTable
2019-10-09 10:08:09,106 [main] INFO  db.DBStoreBuilder (DBStoreBuilder.java:addTable(117)) - using custom profile for table: volumeTable
2019-10-09 10:08:09,106 [main] INFO  db.DBStoreBuilder (DBStoreBuilder.java:processTables(168)) - Using default column profile:DBProfile.DISK for Table:volumeTable
2019-10-09 10:08:09,107 [main] INFO  db.DBStoreBuilder (DBStoreBuilder.java:addTable(117)) - using custom profile for table: bucketTable
2019-10-09 10:08:09,107 [main] INFO  db.DBStoreBuilder (DBStoreBuilder.java:processTables(168)) - Using default column profile:DBProfile.DISK for Table:bucketTable
2019-10-09 10:08:09,107 [main] INFO  db.DBStoreBuilder (DBStoreBuilder.java:addTable(117)) - using custom profile for table: keyTable
2019-10-09 10:08:09,107 [main] INFO  db.DBStoreBuilder (DBStoreBuilder.java:processTables(168)) - Using default column profile:DBProfile.DISK for Table:keyTable
2019-10-09 10:08:09,108 [main] INFO  db.DBStoreBuilder (DBStoreBuilder.java:addTable(117)) - using custom profile for table: deletedTable
2019-10-09 10:08:09,108 [main] INFO  db.DBStoreBuilder (DBStoreBuilder.java:processTables(168)) - Using default column profile:DBProfile.DISK for Table:deletedTable
2019-10-09 10:08:09,108 [main] INFO  db.DBStoreBuilder (DBStoreBuilder.java:addTable(117)) - using custom profile for table: openKeyTable
2019-10-09 10:08:09,109 [main] INFO  db.DBStoreBuilder (DBStoreBuilder.java:processTables(168)) - Using default column profile:DBProfile.DISK for Table:openKeyTable
2019-10-09 10:08:09,109 [main] INFO  db.DBStoreBuilder (DBStoreBuilder.java:addTable(117)) - using custom profile for table: s3Table
2019-10-09 10:08:09,109 [main] INFO  db.DBStoreBuilder (DBStoreBuilder.java:processTables(168)) - Using default column profile:DBProfile.DISK for Table:s3Table
2019-10-09 10:08:09,110 [main] INFO  db.DBStoreBuilder (DBStoreBuilder.java:addTable(117)) - using custom profile for table: multipartInfoTable
2019-10-09 10:08:09,110 [main] INFO  db.DBStoreBuilder (DBStoreBuilder.java:processTables(168)) - Using default column profile:DBProfile.DISK for Table:multipartInfoTable
2019-10-09 10:08:09,110 [main] INFO  db.DBStoreBuilder (DBStoreBuilder.java:addTable(117)) - using custom profile for table: dTokenTable
2019-10-09 10:08:09,110 [main] INFO  db.DBStoreBuilder (DBStoreBuilder.java:processTables(168)) - Using default column profile:DBProfile.DISK for Table:dTokenTable
2019-10-09 10:08:09,111 [main] INFO  db.DBStoreBuilder (DBStoreBuilder.java:addTable(117)) - using custom profile for table: s3SecretTable
2019-10-09 10:08:09,111 [main] INFO  db.DBStoreBuilder (DBStoreBuilder.java:processTables(168)) - Using default column profile:DBProfile.DISK for Table:s3SecretTable
2019-10-09 10:08:09,111 [main] INFO  db.DBStoreBuilder (DBStoreBuilder.java:addTable(117)) - using custom profile for table: prefixTable
2019-10-09 10:08:09,112 [main] INFO  db.DBStoreBuilder (DBStoreBuilder.java:processTables(168)) - Using default column profile:DBProfile.DISK for Table:prefixTable
2019-10-09 10:08:09,112 [main] INFO  db.DBStoreBuilder (DBStoreBuilder.java:addTable(117)) - using custom profile for table: default
2019-10-09 10:08:09,112 [main] INFO  db.DBStoreBuilder (DBStoreBuilder.java:processTables(174)) - Using default column profile:DBProfile.DISK for Table:default
2019-10-09 10:08:09,112 [main] INFO  db.DBStoreBuilder (DBStoreBuilder.java:getDbProfile(205)) - Using default options. DBProfile.DISK
2019-10-09 10:08:09,715 [main] INFO  ipc.CallQueueManager (CallQueueManager.java:<init>(84)) - Using callQueue: class java.util.concurrent.LinkedBlockingQueue, queueCapacity: 2000, scheduler: class org.apache.hadoop.ipc.DefaultRpcScheduler, ipcBackoff: false.
2019-10-09 10:08:09,716 [Socket Reader #1 for port 35579] INFO  ipc.Server (Server.java:run(1074)) - Starting Socket Reader #1 for port 35579
2019-10-09 10:08:09,743 [main] INFO  om.OzoneManager (OzoneManager.java:start(1069)) - OzoneManager RPC server is listening at localhost/127.0.0.1:35579
2019-10-09 10:08:09,743 [main] INFO  impl.MetricsSystemImpl (MetricsSystemImpl.java:init(158)) - OzoneManager metrics system started (again)
2019-10-09 10:08:09,745 [IPC Server Responder] INFO  ipc.Server (Server.java:run(1314)) - IPC Server Responder: starting
2019-10-09 10:08:09,745 [IPC Server listener on 35579] INFO  ipc.Server (Server.java:run(1153)) - IPC Server listener on 35579: starting
2019-10-09 10:08:09,753 [main] INFO  hdfs.DFSUtil (DFSUtil.java:httpServerTemplateForNNAndJN(1641)) - Starting Web-server for ozoneManager at: http://0.0.0.0:0
2019-10-09 10:08:09,755 [main] INFO  server.AuthenticationFilter (AuthenticationFilter.java:constructSecretProvider(240)) - Unable to initialize FileSignerSecretProvider, falling back to use random secrets.
2019-10-09 10:08:09,756 [main] WARN  http.HttpRequestLog (HttpRequestLog.java:getRequestLog(97)) - Jetty request log can only be enabled using Log4j
2019-10-09 10:08:09,758 [main] INFO  http.HttpServer2 (HttpServer2.java:addGlobalFilter(975)) - Added global filter 'safety' (class=org.apache.hadoop.http.HttpServer2$QuotingInputFilter)
2019-10-09 10:08:09,759 [main] INFO  http.HttpServer2 (HttpServer2.java:addFilter(948)) - Added filter static_user_filter (class=org.apache.hadoop.http.lib.StaticUserWebFilter$StaticUserFilter) to context ozoneManager
2019-10-09 10:08:09,759 [main] INFO  http.HttpServer2 (HttpServer2.java:addFilter(958)) - Added filter static_user_filter (class=org.apache.hadoop.http.lib.StaticUserWebFilter$StaticUserFilter) to context logs
2019-10-09 10:08:09,760 [main] INFO  http.HttpServer2 (HttpServer2.java:addFilter(958)) - Added filter static_user_filter (class=org.apache.hadoop.http.lib.StaticUserWebFilter$StaticUserFilter) to context static
2019-10-09 10:08:09,760 [main] INFO  http.HttpServer2 (HttpServer2.java:bindListener(1191)) - Jetty bound to port 36114
2019-10-09 10:08:09,761 [main] INFO  server.Server (Server.java:doStart(351)) - jetty-9.3.25.v20180904, build timestamp: 2018-09-04T21:11:46Z, git hash: 3ce520221d0240229c862b122d2b06c12a625732
2019-10-09 10:08:09,763 [main] INFO  handler.ContextHandler (ContextHandler.java:doStart(781)) - Started o.e.j.s.ServletContextHandler@5d1b1c2a{/logs,file:///workdir/hadoop-ozone/integration-test/target/log,AVAILABLE}
2019-10-09 10:08:09,764 [main] INFO  handler.ContextHandler (ContextHandler.java:doStart(781)) - Started o.e.j.s.ServletContextHandler@25f61c2c{/static,file:///workdir/hadoop-ozone/integration-test/target/test-classes/webapps/static,AVAILABLE}
2019-10-09 10:08:09,770 [main] INFO  handler.ContextHandler (ContextHandler.java:doStart(781)) - Started o.e.j.w.WebAppContext@32f1fafe{/,file:///workdir/hadoop-ozone/integration-test/target/test-classes/webapps/ozoneManager/,AVAILABLE}{/ozoneManager}
2019-10-09 10:08:09,770 [main] INFO  server.AbstractConnector (AbstractConnector.java:doStart(278)) - Started ServerConnector@236eccd1{HTTP/1.1,[http/1.1]}{0.0.0.0:36114}
2019-10-09 10:08:09,772 [main] INFO  server.Server (Server.java:doStart(419)) - Started @136261ms
2019-10-09 10:08:09,772 [main] WARN  impl.MetricsSystemImpl (MetricsSystemImpl.java:register(276)) - Sink prometheus already exists!
2019-10-09 10:08:09,773 [main] INFO  server.BaseHttpServer (BaseHttpServer.java:updateConnectorAddress(215)) - HTTP server of OZONEMANAGER is listening at http://0.0.0.0:36114
2019-10-09 10:08:09,799 [main] INFO  impl.MetricsSystemImpl (MetricsSystemImpl.java:init(158)) - HddsDatanode metrics system started (again)
2019-10-09 10:08:09,803 [main] INFO  ozone.HddsDatanodeService (HddsDatanodeService.java:start(184)) - HddsDatanodeService host:pr-hdds-2271-zcqt4-2554284801 ip:192.168.164.205
2019-10-09 10:08:09,811 [main] INFO  volume.HddsVolume (HddsVolume.java:<init>(176)) - Creating Volume: /workdir/hadoop-ozone/integration-test/target/test-dir/MiniOzoneClusterImpl-11fd0b5f-d681-468f-a8ef-4b8b3241900d/datanode-0/data/containers/hdds of  storage type : DISK and capacity : 1482555576320
2019-10-09 10:08:09,812 [main] INFO  volume.VolumeSet (VolumeSet.java:initializeVolumeSet(170)) - Added Volume : /workdir/hadoop-ozone/integration-test/target/test-dir/MiniOzoneClusterImpl-11fd0b5f-d681-468f-a8ef-4b8b3241900d/datanode-0/data/containers/hdds to VolumeSet
2019-10-09 10:08:09,812 [main] INFO  volume.ThrottledAsyncChecker (ThrottledAsyncChecker.java:schedule(141)) - Scheduling a check for org.apache.hadoop.ozone.container.common.volume.HddsVolume@746c411c
2019-10-09 10:08:09,813 [main] INFO  volume.HddsVolumeChecker (HddsVolumeChecker.java:checkAllVolumes(204)) - Scheduled health check for volume org.apache.hadoop.ozone.container.common.volume.HddsVolume@746c411c
2019-10-09 10:08:09,832 [main] INFO  impl.RaftServerProxy (ConfUtils.java:logGet(43)) - raft.rpc.type = GRPC (default)
2019-10-09 10:08:09,832 [main] INFO  grpc.GrpcFactory (GrpcFactory.java:checkPooledByteBufAllocatorUseCacheForAllThreads(45)) - PERFORMANCE WARNING: useCacheForAllThreads is true that may cause Netty to create a lot garbage objects and, as a result, trigger GC.
	It is recommended to disable useCacheForAllThreads by setting -Dorg.apache.ratis.thirdparty.io.netty.allocator.useCacheForAllThreads=false in command line.
2019-10-09 10:08:09,833 [main] INFO  grpc.GrpcConfigKeys$Server (ConfUtils.java:logGet(43)) - raft.grpc.server.port = 0 (default)
2019-10-09 10:08:09,833 [main] INFO  server.GrpcService (ConfUtils.java:logGet(43)) - raft.grpc.message.size.max = 33570816 (custom)
2019-10-09 10:08:09,833 [main] INFO  server.RaftServerConfigKeys (ConfUtils.java:logGet(43)) - raft.server.log.appender.buffer.byte-limit = 33554432 (custom)
2019-10-09 10:08:09,833 [main] INFO  server.GrpcService (ConfUtils.java:logGet(43)) - raft.grpc.flow.control.window = 1MB (=1048576) (default)
2019-10-09 10:08:09,834 [main] INFO  server.RaftServerConfigKeys (ConfUtils.java:logGet(43)) - raft.server.rpc.request.timeout = 3000ms (default)
2019-10-09 10:08:09,834 [main] INFO  server.RaftServerConfigKeys (ConfUtils.java:logGet(43)) - raft.server.storage.dir = [/workdir/hadoop-ozone/integration-test/target/test-dir/MiniOzoneClusterImpl-11fd0b5f-d681-468f-a8ef-4b8b3241900d/datanode-0/data/ratis] (custom)
2019-10-09 10:08:09,836 [main] INFO  hdfs.DFSUtil (DFSUtil.java:httpServerTemplateForNNAndJN(1641)) - Starting Web-server for hddsDatanode at: http://0.0.0.0:0
2019-10-09 10:08:09,841 [main] INFO  server.AuthenticationFilter (AuthenticationFilter.java:constructSecretProvider(240)) - Unable to initialize FileSignerSecretProvider, falling back to use random secrets.
2019-10-09 10:08:09,841 [main] WARN  http.HttpRequestLog (HttpRequestLog.java:getRequestLog(97)) - Jetty request log can only be enabled using Log4j
2019-10-09 10:08:09,843 [main] INFO  http.HttpServer2 (HttpServer2.java:addGlobalFilter(975)) - Added global filter 'safety' (class=org.apache.hadoop.http.HttpServer2$QuotingInputFilter)
2019-10-09 10:08:09,844 [main] INFO  http.HttpServer2 (HttpServer2.java:addFilter(948)) - Added filter static_user_filter (class=org.apache.hadoop.http.lib.StaticUserWebFilter$StaticUserFilter) to context hddsDatanode
2019-10-09 10:08:09,844 [main] INFO  http.HttpServer2 (HttpServer2.java:addFilter(958)) - Added filter static_user_filter (class=org.apache.hadoop.http.lib.StaticUserWebFilter$StaticUserFilter) to context static
2019-10-09 10:08:09,844 [main] INFO  http.HttpServer2 (HttpServer2.java:addFilter(958)) - Added filter static_user_filter (class=org.apache.hadoop.http.lib.StaticUserWebFilter$StaticUserFilter) to context logs
2019-10-09 10:08:09,845 [main] INFO  http.HttpServer2 (HttpServer2.java:bindListener(1191)) - Jetty bound to port 37201
2019-10-09 10:08:09,845 [main] INFO  server.Server (Server.java:doStart(351)) - jetty-9.3.25.v20180904, build timestamp: 2018-09-04T21:11:46Z, git hash: 3ce520221d0240229c862b122d2b06c12a625732
2019-10-09 10:08:09,847 [main] INFO  handler.ContextHandler (ContextHandler.java:doStart(781)) - Started o.e.j.s.ServletContextHandler@2001e48c{/logs,file:///workdir/hadoop-ozone/integration-test/target/log,AVAILABLE}
2019-10-09 10:08:09,848 [main] INFO  handler.ContextHandler (ContextHandler.java:doStart(781)) - Started o.e.j.s.ServletContextHandler@306c7bf6{/static,jar:file:/home/user/.m2/repository/org/apache/hadoop/hadoop-hdds-container-service/0.5.0-SNAPSHOT/hadoop-hdds-container-service-0.5.0-SNAPSHOT.jar!/webapps/static,AVAILABLE}
2019-10-09 10:08:09,894 [main] INFO  handler.ContextHandler (ContextHandler.java:doStart(781)) - Started o.e.j.w.WebAppContext@8a6631b{/,file:///tmp/jetty-0.0.0.0-37201-hddsDatanode-_-any-6634263790535153265.dir/webapp/,AVAILABLE}{/hddsDatanode}
2019-10-09 10:08:09,894 [main] INFO  server.AbstractConnector (AbstractConnector.java:doStart(278)) - Started ServerConnector@472d0f4{HTTP/1.1,[http/1.1]}{0.0.0.0:37201}
2019-10-09 10:08:09,898 [main] INFO  server.Server (Server.java:doStart(419)) - Started @136387ms
2019-10-09 10:08:09,898 [main] WARN  impl.MetricsSystemImpl (MetricsSystemImpl.java:register(276)) - Sink prometheus already exists!
2019-10-09 10:08:09,899 [main] INFO  server.BaseHttpServer (BaseHttpServer.java:updateConnectorAddress(215)) - HTTP server of HDDSDATANODE is listening at http://0.0.0.0:37201
2019-10-09 10:08:09,899 [main] INFO  impl.MetricsSystemImpl (MetricsSystemImpl.java:init(158)) - HddsDatanode metrics system started (again)
2019-10-09 10:08:09,902 [org.apache.hadoop.util.JvmPauseMonitor$Monitor@33e80699] INFO  util.JvmPauseMonitor (JvmPauseMonitor.java:run(188)) - Starting JVM pause monitor
2019-10-09 10:08:09,903 [main] INFO  ozone.HddsDatanodeService (HddsDatanodeService.java:start(184)) - HddsDatanodeService host:pr-hdds-2271-zcqt4-2554284801 ip:192.168.164.205
2019-10-09 10:08:09,905 [Datanode State Machine Thread - 0] INFO  datanode.InitDatanodeState (InitDatanodeState.java:persistContainerDatanodeDetails(140)) - DatanodeDetails is persisted to /workdir/hadoop-ozone/integration-test/target/test-dir/MiniOzoneClusterImpl-11fd0b5f-d681-468f-a8ef-4b8b3241900d/datanode-0/meta/datanode.id
2019-10-09 10:08:09,909 [main] INFO  volume.HddsVolume (HddsVolume.java:<init>(176)) - Creating Volume: /workdir/hadoop-ozone/integration-test/target/test-dir/MiniOzoneClusterImpl-11fd0b5f-d681-468f-a8ef-4b8b3241900d/datanode-1/data/containers/hdds of  storage type : DISK and capacity : 1482555576320
2019-10-09 10:08:09,910 [main] INFO  volume.VolumeSet (VolumeSet.java:initializeVolumeSet(170)) - Added Volume : /workdir/hadoop-ozone/integration-test/target/test-dir/MiniOzoneClusterImpl-11fd0b5f-d681-468f-a8ef-4b8b3241900d/datanode-1/data/containers/hdds to VolumeSet
2019-10-09 10:08:09,910 [main] INFO  volume.ThrottledAsyncChecker (ThrottledAsyncChecker.java:schedule(141)) - Scheduling a check for org.apache.hadoop.ozone.container.common.volume.HddsVolume@6b1b19cf
2019-10-09 10:08:09,910 [main] INFO  volume.HddsVolumeChecker (HddsVolumeChecker.java:checkAllVolumes(204)) - Scheduled health check for volume org.apache.hadoop.ozone.container.common.volume.HddsVolume@6b1b19cf
2019-10-09 10:08:09,924 [main] INFO  impl.RaftServerProxy (ConfUtils.java:logGet(43)) - raft.rpc.type = GRPC (default)
2019-10-09 10:08:09,925 [main] INFO  grpc.GrpcFactory (GrpcFactory.java:checkPooledByteBufAllocatorUseCacheForAllThreads(45)) - PERFORMANCE WARNING: useCacheForAllThreads is true that may cause Netty to create a lot garbage objects and, as a result, trigger GC.
	It is recommended to disable useCacheForAllThreads by setting -Dorg.apache.ratis.thirdparty.io.netty.allocator.useCacheForAllThreads=false in command line.
2019-10-09 10:08:09,925 [main] INFO  grpc.GrpcConfigKeys$Server (ConfUtils.java:logGet(43)) - raft.grpc.server.port = 0 (default)
2019-10-09 10:08:09,925 [main] INFO  server.GrpcService (ConfUtils.java:logGet(43)) - raft.grpc.message.size.max = 33570816 (custom)
2019-10-09 10:08:09,925 [main] INFO  server.RaftServerConfigKeys (ConfUtils.java:logGet(43)) - raft.server.log.appender.buffer.byte-limit = 33554432 (custom)
2019-10-09 10:08:09,925 [main] INFO  server.GrpcService (ConfUtils.java:logGet(43)) - raft.grpc.flow.control.window = 1MB (=1048576) (default)
2019-10-09 10:08:09,926 [main] INFO  server.RaftServerConfigKeys (ConfUtils.java:logGet(43)) - raft.server.rpc.request.timeout = 3000ms (default)
2019-10-09 10:08:09,926 [main] INFO  server.RaftServerConfigKeys (ConfUtils.java:logGet(43)) - raft.server.storage.dir = [/workdir/hadoop-ozone/integration-test/target/test-dir/MiniOzoneClusterImpl-11fd0b5f-d681-468f-a8ef-4b8b3241900d/datanode-1/data/ratis] (custom)
2019-10-09 10:08:09,928 [main] INFO  hdfs.DFSUtil (DFSUtil.java:httpServerTemplateForNNAndJN(1641)) - Starting Web-server for hddsDatanode at: http://0.0.0.0:0
2019-10-09 10:08:09,930 [main] INFO  server.AuthenticationFilter (AuthenticationFilter.java:constructSecretProvider(240)) - Unable to initialize FileSignerSecretProvider, falling back to use random secrets.
2019-10-09 10:08:09,930 [main] WARN  http.HttpRequestLog (HttpRequestLog.java:getRequestLog(97)) - Jetty request log can only be enabled using Log4j
2019-10-09 10:08:09,931 [main] INFO  http.HttpServer2 (HttpServer2.java:addGlobalFilter(975)) - Added global filter 'safety' (class=org.apache.hadoop.http.HttpServer2$QuotingInputFilter)
2019-10-09 10:08:09,932 [main] INFO  http.HttpServer2 (HttpServer2.java:addFilter(948)) - Added filter static_user_filter (class=org.apache.hadoop.http.lib.StaticUserWebFilter$StaticUserFilter) to context hddsDatanode
2019-10-09 10:08:09,932 [main] INFO  http.HttpServer2 (HttpServer2.java:addFilter(958)) - Added filter static_user_filter (class=org.apache.hadoop.http.lib.StaticUserWebFilter$StaticUserFilter) to context logs
2019-10-09 10:08:09,932 [main] INFO  http.HttpServer2 (HttpServer2.java:addFilter(958)) - Added filter static_user_filter (class=org.apache.hadoop.http.lib.StaticUserWebFilter$StaticUserFilter) to context static
2019-10-09 10:08:09,933 [main] INFO  http.HttpServer2 (HttpServer2.java:bindListener(1191)) - Jetty bound to port 38606
2019-10-09 10:08:09,933 [main] INFO  server.Server (Server.java:doStart(351)) - jetty-9.3.25.v20180904, build timestamp: 2018-09-04T21:11:46Z, git hash: 3ce520221d0240229c862b122d2b06c12a625732
2019-10-09 10:08:09,935 [main] INFO  handler.ContextHandler (ContextHandler.java:doStart(781)) - Started o.e.j.s.ServletContextHandler@1e3ff233{/logs,file:///workdir/hadoop-ozone/integration-test/target/log,AVAILABLE}
2019-10-09 10:08:09,935 [main] INFO  handler.ContextHandler (ContextHandler.java:doStart(781)) - Started o.e.j.s.ServletContextHandler@70029d2d{/static,jar:file:/home/user/.m2/repository/org/apache/hadoop/hadoop-hdds-container-service/0.5.0-SNAPSHOT/hadoop-hdds-container-service-0.5.0-SNAPSHOT.jar!/webapps/static,AVAILABLE}
2019-10-09 10:08:09,964 [main] INFO  handler.ContextHandler (ContextHandler.java:doStart(781)) - Started o.e.j.w.WebAppContext@4041739c{/,file:///tmp/jetty-0.0.0.0-38606-hddsDatanode-_-any-1517503209874292514.dir/webapp/,AVAILABLE}{/hddsDatanode}
2019-10-09 10:08:09,964 [main] INFO  server.AbstractConnector (AbstractConnector.java:doStart(278)) - Started ServerConnector@5cff6b74{HTTP/1.1,[http/1.1]}{0.0.0.0:38606}
2019-10-09 10:08:09,966 [main] INFO  server.Server (Server.java:doStart(419)) - Started @136455ms
2019-10-09 10:08:09,966 [main] WARN  impl.MetricsSystemImpl (MetricsSystemImpl.java:register(276)) - Sink prometheus already exists!
2019-10-09 10:08:09,967 [main] INFO  server.BaseHttpServer (BaseHttpServer.java:updateConnectorAddress(215)) - HTTP server of HDDSDATANODE is listening at http://0.0.0.0:38606
2019-10-09 10:08:09,967 [main] INFO  impl.MetricsSystemImpl (MetricsSystemImpl.java:init(158)) - HddsDatanode metrics system started (again)
2019-10-09 10:08:09,970 [org.apache.hadoop.util.JvmPauseMonitor$Monitor@773181d4] INFO  util.JvmPauseMonitor (JvmPauseMonitor.java:run(188)) - Starting JVM pause monitor
2019-10-09 10:08:09,971 [main] INFO  ozone.HddsDatanodeService (HddsDatanodeService.java:start(184)) - HddsDatanodeService host:pr-hdds-2271-zcqt4-2554284801 ip:192.168.164.205
2019-10-09 10:08:09,973 [Datanode State Machine Thread - 0] INFO  datanode.InitDatanodeState (InitDatanodeState.java:persistContainerDatanodeDetails(140)) - DatanodeDetails is persisted to /workdir/hadoop-ozone/integration-test/target/test-dir/MiniOzoneClusterImpl-11fd0b5f-d681-468f-a8ef-4b8b3241900d/datanode-1/meta/datanode.id
2019-10-09 10:08:09,977 [main] INFO  volume.HddsVolume (HddsVolume.java:<init>(176)) - Creating Volume: /workdir/hadoop-ozone/integration-test/target/test-dir/MiniOzoneClusterImpl-11fd0b5f-d681-468f-a8ef-4b8b3241900d/datanode-2/data/containers/hdds of  storage type : DISK and capacity : 1482555576320
2019-10-09 10:08:09,978 [main] INFO  volume.VolumeSet (VolumeSet.java:initializeVolumeSet(170)) - Added Volume : /workdir/hadoop-ozone/integration-test/target/test-dir/MiniOzoneClusterImpl-11fd0b5f-d681-468f-a8ef-4b8b3241900d/datanode-2/data/containers/hdds to VolumeSet
2019-10-09 10:08:09,978 [main] INFO  volume.ThrottledAsyncChecker (ThrottledAsyncChecker.java:schedule(141)) - Scheduling a check for org.apache.hadoop.ozone.container.common.volume.HddsVolume@58a84a12
2019-10-09 10:08:09,979 [main] INFO  volume.HddsVolumeChecker (HddsVolumeChecker.java:checkAllVolumes(204)) - Scheduled health check for volume org.apache.hadoop.ozone.container.common.volume.HddsVolume@58a84a12
2019-10-09 10:08:09,994 [main] INFO  impl.RaftServerProxy (ConfUtils.java:logGet(43)) - raft.rpc.type = GRPC (default)
2019-10-09 10:08:09,994 [main] INFO  grpc.GrpcFactory (GrpcFactory.java:checkPooledByteBufAllocatorUseCacheForAllThreads(45)) - PERFORMANCE WARNING: useCacheForAllThreads is true that may cause Netty to create a lot garbage objects and, as a result, trigger GC.
	It is recommended to disable useCacheForAllThreads by setting -Dorg.apache.ratis.thirdparty.io.netty.allocator.useCacheForAllThreads=false in command line.
2019-10-09 10:08:09,995 [main] INFO  grpc.GrpcConfigKeys$Server (ConfUtils.java:logGet(43)) - raft.grpc.server.port = 0 (default)
2019-10-09 10:08:09,995 [main] INFO  server.GrpcService (ConfUtils.java:logGet(43)) - raft.grpc.message.size.max = 33570816 (custom)
2019-10-09 10:08:09,995 [main] INFO  server.RaftServerConfigKeys (ConfUtils.java:logGet(43)) - raft.server.log.appender.buffer.byte-limit = 33554432 (custom)
2019-10-09 10:08:09,996 [main] INFO  server.GrpcService (ConfUtils.java:logGet(43)) - raft.grpc.flow.control.window = 1MB (=1048576) (default)
2019-10-09 10:08:09,996 [main] INFO  server.RaftServerConfigKeys (ConfUtils.java:logGet(43)) - raft.server.rpc.request.timeout = 3000ms (default)
2019-10-09 10:08:09,997 [main] INFO  server.RaftServerConfigKeys (ConfUtils.java:logGet(43)) - raft.server.storage.dir = [/workdir/hadoop-ozone/integration-test/target/test-dir/MiniOzoneClusterImpl-11fd0b5f-d681-468f-a8ef-4b8b3241900d/datanode-2/data/ratis] (custom)
2019-10-09 10:08:09,998 [main] INFO  hdfs.DFSUtil (DFSUtil.java:httpServerTemplateForNNAndJN(1641)) - Starting Web-server for hddsDatanode at: http://0.0.0.0:0
2019-10-09 10:08:09,999 [main] INFO  server.AuthenticationFilter (AuthenticationFilter.java:constructSecretProvider(240)) - Unable to initialize FileSignerSecretProvider, falling back to use random secrets.
2019-10-09 10:08:10,000 [main] WARN  http.HttpRequestLog (HttpRequestLog.java:getRequestLog(97)) - Jetty request log can only be enabled using Log4j
2019-10-09 10:08:10,001 [main] INFO  http.HttpServer2 (HttpServer2.java:addGlobalFilter(975)) - Added global filter 'safety' (class=org.apache.hadoop.http.HttpServer2$QuotingInputFilter)
2019-10-09 10:08:10,002 [main] INFO  http.HttpServer2 (HttpServer2.java:addFilter(948)) - Added filter static_user_filter (class=org.apache.hadoop.http.lib.StaticUserWebFilter$StaticUserFilter) to context hddsDatanode
2019-10-09 10:08:10,002 [main] INFO  http.HttpServer2 (HttpServer2.java:addFilter(958)) - Added filter static_user_filter (class=org.apache.hadoop.http.lib.StaticUserWebFilter$StaticUserFilter) to context static
2019-10-09 10:08:10,002 [main] INFO  http.HttpServer2 (HttpServer2.java:addFilter(958)) - Added filter static_user_filter (class=org.apache.hadoop.http.lib.StaticUserWebFilter$StaticUserFilter) to context logs
2019-10-09 10:08:10,003 [main] INFO  http.HttpServer2 (HttpServer2.java:bindListener(1191)) - Jetty bound to port 45725
2019-10-09 10:08:10,003 [main] INFO  server.Server (Server.java:doStart(351)) - jetty-9.3.25.v20180904, build timestamp: 2018-09-04T21:11:46Z, git hash: 3ce520221d0240229c862b122d2b06c12a625732
2019-10-09 10:08:10,004 [main] INFO  handler.ContextHandler (ContextHandler.java:doStart(781)) - Started o.e.j.s.ServletContextHandler@77f4c040{/logs,file:///workdir/hadoop-ozone/integration-test/target/log,AVAILABLE}
2019-10-09 10:08:10,005 [main] INFO  handler.ContextHandler (ContextHandler.java:doStart(781)) - Started o.e.j.s.ServletContextHandler@6a15b73{/static,jar:file:/home/user/.m2/repository/org/apache/hadoop/hadoop-hdds-container-service/0.5.0-SNAPSHOT/hadoop-hdds-container-service-0.5.0-SNAPSHOT.jar!/webapps/static,AVAILABLE}
2019-10-09 10:08:10,034 [main] INFO  handler.ContextHandler (ContextHandler.java:doStart(781)) - Started o.e.j.w.WebAppContext@5c53f292{/,file:///tmp/jetty-0.0.0.0-45725-hddsDatanode-_-any-1053227867554918393.dir/webapp/,AVAILABLE}{/hddsDatanode}
2019-10-09 10:08:10,034 [main] INFO  server.AbstractConnector (AbstractConnector.java:doStart(278)) - Started ServerConnector@46fb0c33{HTTP/1.1,[http/1.1]}{0.0.0.0:45725}
2019-10-09 10:08:10,035 [main] INFO  server.Server (Server.java:doStart(419)) - Started @136524ms
2019-10-09 10:08:10,035 [main] WARN  impl.MetricsSystemImpl (MetricsSystemImpl.java:register(276)) - Sink prometheus already exists!
2019-10-09 10:08:10,036 [main] INFO  server.BaseHttpServer (BaseHttpServer.java:updateConnectorAddress(215)) - HTTP server of HDDSDATANODE is listening at http://0.0.0.0:45725
2019-10-09 10:08:10,036 [main] INFO  impl.MetricsSystemImpl (MetricsSystemImpl.java:init(158)) - HddsDatanode metrics system started (again)
2019-10-09 10:08:10,039 [org.apache.hadoop.util.JvmPauseMonitor$Monitor@444a0dc5] INFO  util.JvmPauseMonitor (JvmPauseMonitor.java:run(188)) - Starting JVM pause monitor
2019-10-09 10:08:10,040 [main] INFO  ozone.HddsDatanodeService (HddsDatanodeService.java:start(184)) - HddsDatanodeService host:pr-hdds-2271-zcqt4-2554284801 ip:192.168.164.205
2019-10-09 10:08:10,042 [Datanode State Machine Thread - 0] INFO  datanode.InitDatanodeState (InitDatanodeState.java:persistContainerDatanodeDetails(140)) - DatanodeDetails is persisted to /workdir/hadoop-ozone/integration-test/target/test-dir/MiniOzoneClusterImpl-11fd0b5f-d681-468f-a8ef-4b8b3241900d/datanode-2/meta/datanode.id
2019-10-09 10:08:10,045 [main] INFO  volume.HddsVolume (HddsVolume.java:<init>(176)) - Creating Volume: /workdir/hadoop-ozone/integration-test/target/test-dir/MiniOzoneClusterImpl-11fd0b5f-d681-468f-a8ef-4b8b3241900d/datanode-3/data/containers/hdds of  storage type : DISK and capacity : 1482555576320
2019-10-09 10:08:10,046 [main] INFO  volume.VolumeSet (VolumeSet.java:initializeVolumeSet(170)) - Added Volume : /workdir/hadoop-ozone/integration-test/target/test-dir/MiniOzoneClusterImpl-11fd0b5f-d681-468f-a8ef-4b8b3241900d/datanode-3/data/containers/hdds to VolumeSet
2019-10-09 10:08:10,046 [main] INFO  volume.ThrottledAsyncChecker (ThrottledAsyncChecker.java:schedule(141)) - Scheduling a check for org.apache.hadoop.ozone.container.common.volume.HddsVolume@667dcaad
2019-10-09 10:08:10,046 [main] INFO  volume.HddsVolumeChecker (HddsVolumeChecker.java:checkAllVolumes(204)) - Scheduled health check for volume org.apache.hadoop.ozone.container.common.volume.HddsVolume@667dcaad
2019-10-09 10:08:10,059 [main] INFO  impl.RaftServerProxy (ConfUtils.java:logGet(43)) - raft.rpc.type = GRPC (default)
2019-10-09 10:08:10,059 [main] INFO  grpc.GrpcFactory (GrpcFactory.java:checkPooledByteBufAllocatorUseCacheForAllThreads(45)) - PERFORMANCE WARNING: useCacheForAllThreads is true that may cause Netty to create a lot garbage objects and, as a result, trigger GC.
	It is recommended to disable useCacheForAllThreads by setting -Dorg.apache.ratis.thirdparty.io.netty.allocator.useCacheForAllThreads=false in command line.
2019-10-09 10:08:10,059 [main] INFO  grpc.GrpcConfigKeys$Server (ConfUtils.java:logGet(43)) - raft.grpc.server.port = 0 (default)
2019-10-09 10:08:10,060 [main] INFO  server.GrpcService (ConfUtils.java:logGet(43)) - raft.grpc.message.size.max = 33570816 (custom)
2019-10-09 10:08:10,060 [main] INFO  server.RaftServerConfigKeys (ConfUtils.java:logGet(43)) - raft.server.log.appender.buffer.byte-limit = 33554432 (custom)
2019-10-09 10:08:10,060 [main] INFO  server.GrpcService (ConfUtils.java:logGet(43)) - raft.grpc.flow.control.window = 1MB (=1048576) (default)
2019-10-09 10:08:10,060 [main] INFO  server.RaftServerConfigKeys (ConfUtils.java:logGet(43)) - raft.server.rpc.request.timeout = 3000ms (default)
2019-10-09 10:08:10,061 [main] INFO  server.RaftServerConfigKeys (ConfUtils.java:logGet(43)) - raft.server.storage.dir = [/workdir/hadoop-ozone/integration-test/target/test-dir/MiniOzoneClusterImpl-11fd0b5f-d681-468f-a8ef-4b8b3241900d/datanode-3/data/ratis] (custom)
2019-10-09 10:08:10,062 [main] INFO  hdfs.DFSUtil (DFSUtil.java:httpServerTemplateForNNAndJN(1641)) - Starting Web-server for hddsDatanode at: http://0.0.0.0:0
2019-10-09 10:08:10,063 [main] INFO  server.AuthenticationFilter (AuthenticationFilter.java:constructSecretProvider(240)) - Unable to initialize FileSignerSecretProvider, falling back to use random secrets.
2019-10-09 10:08:10,063 [main] WARN  http.HttpRequestLog (HttpRequestLog.java:getRequestLog(97)) - Jetty request log can only be enabled using Log4j
2019-10-09 10:08:10,064 [main] INFO  http.HttpServer2 (HttpServer2.java:addGlobalFilter(975)) - Added global filter 'safety' (class=org.apache.hadoop.http.HttpServer2$QuotingInputFilter)
2019-10-09 10:08:10,065 [main] INFO  http.HttpServer2 (HttpServer2.java:addFilter(948)) - Added filter static_user_filter (class=org.apache.hadoop.http.lib.StaticUserWebFilter$StaticUserFilter) to context hddsDatanode
2019-10-09 10:08:10,065 [main] INFO  http.HttpServer2 (HttpServer2.java:addFilter(958)) - Added filter static_user_filter (class=org.apache.hadoop.http.lib.StaticUserWebFilter$StaticUserFilter) to context static
2019-10-09 10:08:10,065 [main] INFO  http.HttpServer2 (HttpServer2.java:addFilter(958)) - Added filter static_user_filter (class=org.apache.hadoop.http.lib.StaticUserWebFilter$StaticUserFilter) to context logs
2019-10-09 10:08:10,066 [main] INFO  http.HttpServer2 (HttpServer2.java:bindListener(1191)) - Jetty bound to port 39254
2019-10-09 10:08:10,066 [main] INFO  server.Server (Server.java:doStart(351)) - jetty-9.3.25.v20180904, build timestamp: 2018-09-04T21:11:46Z, git hash: 3ce520221d0240229c862b122d2b06c12a625732
2019-10-09 10:08:10,068 [main] INFO  handler.ContextHandler (ContextHandler.java:doStart(781)) - Started o.e.j.s.ServletContextHandler@5d7d8613{/logs,file:///workdir/hadoop-ozone/integration-test/target/log,AVAILABLE}
2019-10-09 10:08:10,068 [main] INFO  handler.ContextHandler (ContextHandler.java:doStart(781)) - Started o.e.j.s.ServletContextHandler@715a70e9{/static,jar:file:/home/user/.m2/repository/org/apache/hadoop/hadoop-hdds-container-service/0.5.0-SNAPSHOT/hadoop-hdds-container-service-0.5.0-SNAPSHOT.jar!/webapps/static,AVAILABLE}
2019-10-09 10:08:10,096 [main] INFO  handler.ContextHandler (ContextHandler.java:doStart(781)) - Started o.e.j.w.WebAppContext@3ab35b9c{/,file:///tmp/jetty-0.0.0.0-39254-hddsDatanode-_-any-2657068054189671387.dir/webapp/,AVAILABLE}{/hddsDatanode}
2019-10-09 10:08:10,097 [main] INFO  server.AbstractConnector (AbstractConnector.java:doStart(278)) - Started ServerConnector@7741d346{HTTP/1.1,[http/1.1]}{0.0.0.0:39254}
2019-10-09 10:08:10,098 [main] INFO  server.Server (Server.java:doStart(419)) - Started @136587ms
2019-10-09 10:08:10,098 [main] WARN  impl.MetricsSystemImpl (MetricsSystemImpl.java:register(276)) - Sink prometheus already exists!
2019-10-09 10:08:10,098 [main] INFO  server.BaseHttpServer (BaseHttpServer.java:updateConnectorAddress(215)) - HTTP server of HDDSDATANODE is listening at http://0.0.0.0:39254
2019-10-09 10:08:10,098 [main] INFO  impl.MetricsSystemImpl (MetricsSystemImpl.java:init(158)) - HddsDatanode metrics system started (again)
2019-10-09 10:08:10,102 [org.apache.hadoop.util.JvmPauseMonitor$Monitor@102dc0fc] INFO  util.JvmPauseMonitor (JvmPauseMonitor.java:run(188)) - Starting JVM pause monitor
2019-10-09 10:08:10,102 [main] INFO  ozone.HddsDatanodeService (HddsDatanodeService.java:start(184)) - HddsDatanodeService host:pr-hdds-2271-zcqt4-2554284801 ip:192.168.164.205
2019-10-09 10:08:10,104 [Datanode State Machine Thread - 0] INFO  datanode.InitDatanodeState (InitDatanodeState.java:persistContainerDatanodeDetails(140)) - DatanodeDetails is persisted to /workdir/hadoop-ozone/integration-test/target/test-dir/MiniOzoneClusterImpl-11fd0b5f-d681-468f-a8ef-4b8b3241900d/datanode-3/meta/datanode.id
2019-10-09 10:08:10,112 [main] INFO  volume.HddsVolume (HddsVolume.java:<init>(176)) - Creating Volume: /workdir/hadoop-ozone/integration-test/target/test-dir/MiniOzoneClusterImpl-11fd0b5f-d681-468f-a8ef-4b8b3241900d/datanode-4/data/containers/hdds of  storage type : DISK and capacity : 1482555576320
2019-10-09 10:08:10,113 [main] INFO  volume.VolumeSet (VolumeSet.java:initializeVolumeSet(170)) - Added Volume : /workdir/hadoop-ozone/integration-test/target/test-dir/MiniOzoneClusterImpl-11fd0b5f-d681-468f-a8ef-4b8b3241900d/datanode-4/data/containers/hdds to VolumeSet
2019-10-09 10:08:10,113 [main] INFO  volume.ThrottledAsyncChecker (ThrottledAsyncChecker.java:schedule(141)) - Scheduling a check for org.apache.hadoop.ozone.container.common.volume.HddsVolume@7bbfc5ff
2019-10-09 10:08:10,113 [main] INFO  volume.HddsVolumeChecker (HddsVolumeChecker.java:checkAllVolumes(204)) - Scheduled health check for volume org.apache.hadoop.ozone.container.common.volume.HddsVolume@7bbfc5ff
2019-10-09 10:08:10,127 [main] INFO  impl.RaftServerProxy (ConfUtils.java:logGet(43)) - raft.rpc.type = GRPC (default)
2019-10-09 10:08:10,127 [main] INFO  grpc.GrpcFactory (GrpcFactory.java:checkPooledByteBufAllocatorUseCacheForAllThreads(45)) - PERFORMANCE WARNING: useCacheForAllThreads is true that may cause Netty to create a lot garbage objects and, as a result, trigger GC.
	It is recommended to disable useCacheForAllThreads by setting -Dorg.apache.ratis.thirdparty.io.netty.allocator.useCacheForAllThreads=false in command line.
2019-10-09 10:08:10,127 [main] INFO  grpc.GrpcConfigKeys$Server (ConfUtils.java:logGet(43)) - raft.grpc.server.port = 0 (default)
2019-10-09 10:08:10,127 [main] INFO  server.GrpcService (ConfUtils.java:logGet(43)) - raft.grpc.message.size.max = 33570816 (custom)
2019-10-09 10:08:10,128 [main] INFO  server.RaftServerConfigKeys (ConfUtils.java:logGet(43)) - raft.server.log.appender.buffer.byte-limit = 33554432 (custom)
2019-10-09 10:08:10,128 [main] INFO  server.GrpcService (ConfUtils.java:logGet(43)) - raft.grpc.flow.control.window = 1MB (=1048576) (default)
2019-10-09 10:08:10,128 [main] INFO  server.RaftServerConfigKeys (ConfUtils.java:logGet(43)) - raft.server.rpc.request.timeout = 3000ms (default)
2019-10-09 10:08:10,129 [main] INFO  server.RaftServerConfigKeys (ConfUtils.java:logGet(43)) - raft.server.storage.dir = [/workdir/hadoop-ozone/integration-test/target/test-dir/MiniOzoneClusterImpl-11fd0b5f-d681-468f-a8ef-4b8b3241900d/datanode-4/data/ratis] (custom)
2019-10-09 10:08:10,130 [main] INFO  hdfs.DFSUtil (DFSUtil.java:httpServerTemplateForNNAndJN(1641)) - Starting Web-server for hddsDatanode at: http://0.0.0.0:0
2019-10-09 10:08:10,132 [main] INFO  server.AuthenticationFilter (AuthenticationFilter.java:constructSecretProvider(240)) - Unable to initialize FileSignerSecretProvider, falling back to use random secrets.
2019-10-09 10:08:10,133 [main] WARN  http.HttpRequestLog (HttpRequestLog.java:getRequestLog(97)) - Jetty request log can only be enabled using Log4j
2019-10-09 10:08:10,135 [main] INFO  http.HttpServer2 (HttpServer2.java:addGlobalFilter(975)) - Added global filter 'safety' (class=org.apache.hadoop.http.HttpServer2$QuotingInputFilter)
2019-10-09 10:08:10,135 [main] INFO  http.HttpServer2 (HttpServer2.java:addFilter(948)) - Added filter static_user_filter (class=org.apache.hadoop.http.lib.StaticUserWebFilter$StaticUserFilter) to context hddsDatanode
2019-10-09 10:08:10,136 [main] INFO  http.HttpServer2 (HttpServer2.java:addFilter(958)) - Added filter static_user_filter (class=org.apache.hadoop.http.lib.StaticUserWebFilter$StaticUserFilter) to context static
2019-10-09 10:08:10,136 [main] INFO  http.HttpServer2 (HttpServer2.java:addFilter(958)) - Added filter static_user_filter (class=org.apache.hadoop.http.lib.StaticUserWebFilter$StaticUserFilter) to context logs
2019-10-09 10:08:10,137 [main] INFO  http.HttpServer2 (HttpServer2.java:bindListener(1191)) - Jetty bound to port 38439
2019-10-09 10:08:10,137 [main] INFO  server.Server (Server.java:doStart(351)) - jetty-9.3.25.v20180904, build timestamp: 2018-09-04T21:11:46Z, git hash: 3ce520221d0240229c862b122d2b06c12a625732
2019-10-09 10:08:10,139 [main] INFO  handler.ContextHandler (ContextHandler.java:doStart(781)) - Started o.e.j.s.ServletContextHandler@1e5eb20a{/logs,file:///workdir/hadoop-ozone/integration-test/target/log,AVAILABLE}
2019-10-09 10:08:10,140 [main] INFO  handler.ContextHandler (ContextHandler.java:doStart(781)) - Started o.e.j.s.ServletContextHandler@4c3de38e{/static,jar:file:/home/user/.m2/repository/org/apache/hadoop/hadoop-hdds-container-service/0.5.0-SNAPSHOT/hadoop-hdds-container-service-0.5.0-SNAPSHOT.jar!/webapps/static,AVAILABLE}
2019-10-09 10:08:10,178 [main] INFO  handler.ContextHandler (ContextHandler.java:doStart(781)) - Started o.e.j.w.WebAppContext@7c40ffef{/,file:///tmp/jetty-0.0.0.0-38439-hddsDatanode-_-any-6080227445957432600.dir/webapp/,AVAILABLE}{/hddsDatanode}
2019-10-09 10:08:10,178 [main] INFO  server.AbstractConnector (AbstractConnector.java:doStart(278)) - Started ServerConnector@286855ea{HTTP/1.1,[http/1.1]}{0.0.0.0:38439}
2019-10-09 10:08:10,179 [main] INFO  server.Server (Server.java:doStart(419)) - Started @136668ms
2019-10-09 10:08:10,179 [main] WARN  impl.MetricsSystemImpl (MetricsSystemImpl.java:register(276)) - Sink prometheus already exists!
2019-10-09 10:08:10,180 [main] INFO  server.BaseHttpServer (BaseHttpServer.java:updateConnectorAddress(215)) - HTTP server of HDDSDATANODE is listening at http://0.0.0.0:38439
2019-10-09 10:08:10,180 [main] INFO  impl.MetricsSystemImpl (MetricsSystemImpl.java:init(158)) - HddsDatanode metrics system started (again)
2019-10-09 10:08:10,184 [org.apache.hadoop.util.JvmPauseMonitor$Monitor@50456cda] INFO  util.JvmPauseMonitor (JvmPauseMonitor.java:run(188)) - Starting JVM pause monitor
2019-10-09 10:08:10,184 [main] INFO  ozone.HddsDatanodeService (HddsDatanodeService.java:start(184)) - HddsDatanodeService host:pr-hdds-2271-zcqt4-2554284801 ip:192.168.164.205
2019-10-09 10:08:10,186 [Datanode State Machine Thread - 0] INFO  datanode.InitDatanodeState (InitDatanodeState.java:persistContainerDatanodeDetails(140)) - DatanodeDetails is persisted to /workdir/hadoop-ozone/integration-test/target/test-dir/MiniOzoneClusterImpl-11fd0b5f-d681-468f-a8ef-4b8b3241900d/datanode-4/meta/datanode.id
2019-10-09 10:08:10,190 [main] INFO  volume.HddsVolume (HddsVolume.java:<init>(176)) - Creating Volume: /workdir/hadoop-ozone/integration-test/target/test-dir/MiniOzoneClusterImpl-11fd0b5f-d681-468f-a8ef-4b8b3241900d/datanode-5/data/containers/hdds of  storage type : DISK and capacity : 1482555576320
2019-10-09 10:08:10,190 [main] INFO  volume.VolumeSet (VolumeSet.java:initializeVolumeSet(170)) - Added Volume : /workdir/hadoop-ozone/integration-test/target/test-dir/MiniOzoneClusterImpl-11fd0b5f-d681-468f-a8ef-4b8b3241900d/datanode-5/data/containers/hdds to VolumeSet
2019-10-09 10:08:10,190 [main] INFO  volume.ThrottledAsyncChecker (ThrottledAsyncChecker.java:schedule(141)) - Scheduling a check for org.apache.hadoop.ozone.container.common.volume.HddsVolume@e3b0369
2019-10-09 10:08:10,191 [main] INFO  volume.HddsVolumeChecker (HddsVolumeChecker.java:checkAllVolumes(204)) - Scheduled health check for volume org.apache.hadoop.ozone.container.common.volume.HddsVolume@e3b0369
2019-10-09 10:08:10,204 [main] INFO  impl.RaftServerProxy (ConfUtils.java:logGet(43)) - raft.rpc.type = GRPC (default)
2019-10-09 10:08:10,204 [main] INFO  grpc.GrpcFactory (GrpcFactory.java:checkPooledByteBufAllocatorUseCacheForAllThreads(45)) - PERFORMANCE WARNING: useCacheForAllThreads is true that may cause Netty to create a lot garbage objects and, as a result, trigger GC.
	It is recommended to disable useCacheForAllThreads by setting -Dorg.apache.ratis.thirdparty.io.netty.allocator.useCacheForAllThreads=false in command line.
2019-10-09 10:08:10,205 [main] INFO  grpc.GrpcConfigKeys$Server (ConfUtils.java:logGet(43)) - raft.grpc.server.port = 0 (default)
2019-10-09 10:08:10,205 [main] INFO  server.GrpcService (ConfUtils.java:logGet(43)) - raft.grpc.message.size.max = 33570816 (custom)
2019-10-09 10:08:10,205 [main] INFO  server.RaftServerConfigKeys (ConfUtils.java:logGet(43)) - raft.server.log.appender.buffer.byte-limit = 33554432 (custom)
2019-10-09 10:08:10,205 [main] INFO  server.GrpcService (ConfUtils.java:logGet(43)) - raft.grpc.flow.control.window = 1MB (=1048576) (default)
2019-10-09 10:08:10,206 [main] INFO  server.RaftServerConfigKeys (ConfUtils.java:logGet(43)) - raft.server.rpc.request.timeout = 3000ms (default)
2019-10-09 10:08:10,206 [main] INFO  server.RaftServerConfigKeys (ConfUtils.java:logGet(43)) - raft.server.storage.dir = [/workdir/hadoop-ozone/integration-test/target/test-dir/MiniOzoneClusterImpl-11fd0b5f-d681-468f-a8ef-4b8b3241900d/datanode-5/data/ratis] (custom)
2019-10-09 10:08:10,207 [main] INFO  hdfs.DFSUtil (DFSUtil.java:httpServerTemplateForNNAndJN(1641)) - Starting Web-server for hddsDatanode at: http://0.0.0.0:0
2019-10-09 10:08:10,208 [main] INFO  server.AuthenticationFilter (AuthenticationFilter.java:constructSecretProvider(240)) - Unable to initialize FileSignerSecretProvider, falling back to use random secrets.
2019-10-09 10:08:10,208 [main] WARN  http.HttpRequestLog (HttpRequestLog.java:getRequestLog(97)) - Jetty request log can only be enabled using Log4j
2019-10-09 10:08:10,210 [main] INFO  http.HttpServer2 (HttpServer2.java:addGlobalFilter(975)) - Added global filter 'safety' (class=org.apache.hadoop.http.HttpServer2$QuotingInputFilter)
2019-10-09 10:08:10,211 [main] INFO  http.HttpServer2 (HttpServer2.java:addFilter(948)) - Added filter static_user_filter (class=org.apache.hadoop.http.lib.StaticUserWebFilter$StaticUserFilter) to context hddsDatanode
2019-10-09 10:08:10,211 [main] INFO  http.HttpServer2 (HttpServer2.java:addFilter(958)) - Added filter static_user_filter (class=org.apache.hadoop.http.lib.StaticUserWebFilter$StaticUserFilter) to context logs
2019-10-09 10:08:10,211 [main] INFO  http.HttpServer2 (HttpServer2.java:addFilter(958)) - Added filter static_user_filter (class=org.apache.hadoop.http.lib.StaticUserWebFilter$StaticUserFilter) to context static
2019-10-09 10:08:10,212 [main] INFO  http.HttpServer2 (HttpServer2.java:bindListener(1191)) - Jetty bound to port 33665
2019-10-09 10:08:10,212 [main] INFO  server.Server (Server.java:doStart(351)) - jetty-9.3.25.v20180904, build timestamp: 2018-09-04T21:11:46Z, git hash: 3ce520221d0240229c862b122d2b06c12a625732
2019-10-09 10:08:10,214 [main] INFO  handler.ContextHandler (ContextHandler.java:doStart(781)) - Started o.e.j.s.ServletContextHandler@4342c13{/logs,file:///workdir/hadoop-ozone/integration-test/target/log,AVAILABLE}
2019-10-09 10:08:10,215 [main] INFO  handler.ContextHandler (ContextHandler.java:doStart(781)) - Started o.e.j.s.ServletContextHandler@7c241a9f{/static,jar:file:/home/user/.m2/repository/org/apache/hadoop/hadoop-hdds-container-service/0.5.0-SNAPSHOT/hadoop-hdds-container-service-0.5.0-SNAPSHOT.jar!/webapps/static,AVAILABLE}
2019-10-09 10:08:10,243 [main] INFO  handler.ContextHandler (ContextHandler.java:doStart(781)) - Started o.e.j.w.WebAppContext@6002e944{/,file:///tmp/jetty-0.0.0.0-33665-hddsDatanode-_-any-4363444258196099444.dir/webapp/,AVAILABLE}{/hddsDatanode}
2019-10-09 10:08:10,244 [main] INFO  server.AbstractConnector (AbstractConnector.java:doStart(278)) - Started ServerConnector@588545ac{HTTP/1.1,[http/1.1]}{0.0.0.0:33665}
2019-10-09 10:08:10,245 [main] INFO  server.Server (Server.java:doStart(419)) - Started @136734ms
2019-10-09 10:08:10,245 [main] WARN  impl.MetricsSystemImpl (MetricsSystemImpl.java:register(276)) - Sink prometheus already exists!
2019-10-09 10:08:10,246 [main] INFO  server.BaseHttpServer (BaseHttpServer.java:updateConnectorAddress(215)) - HTTP server of HDDSDATANODE is listening at http://0.0.0.0:33665
2019-10-09 10:08:10,246 [main] INFO  impl.MetricsSystemImpl (MetricsSystemImpl.java:init(158)) - HddsDatanode metrics system started (again)
2019-10-09 10:08:10,250 [org.apache.hadoop.util.JvmPauseMonitor$Monitor@19bd79e9] INFO  util.JvmPauseMonitor (JvmPauseMonitor.java:run(188)) - Starting JVM pause monitor
2019-10-09 10:08:10,250 [main] INFO  ozone.HddsDatanodeService (HddsDatanodeService.java:start(184)) - HddsDatanodeService host:pr-hdds-2271-zcqt4-2554284801 ip:192.168.164.205
2019-10-09 10:08:10,252 [Datanode State Machine Thread - 0] INFO  datanode.InitDatanodeState (InitDatanodeState.java:persistContainerDatanodeDetails(140)) - DatanodeDetails is persisted to /workdir/hadoop-ozone/integration-test/target/test-dir/MiniOzoneClusterImpl-11fd0b5f-d681-468f-a8ef-4b8b3241900d/datanode-5/meta/datanode.id
2019-10-09 10:08:10,257 [main] INFO  volume.HddsVolume (HddsVolume.java:<init>(176)) - Creating Volume: /workdir/hadoop-ozone/integration-test/target/test-dir/MiniOzoneClusterImpl-11fd0b5f-d681-468f-a8ef-4b8b3241900d/datanode-6/data/containers/hdds of  storage type : DISK and capacity : 1482555576320
2019-10-09 10:08:10,257 [main] INFO  volume.VolumeSet (VolumeSet.java:initializeVolumeSet(170)) - Added Volume : /workdir/hadoop-ozone/integration-test/target/test-dir/MiniOzoneClusterImpl-11fd0b5f-d681-468f-a8ef-4b8b3241900d/datanode-6/data/containers/hdds to VolumeSet
2019-10-09 10:08:10,258 [main] INFO  volume.ThrottledAsyncChecker (ThrottledAsyncChecker.java:schedule(141)) - Scheduling a check for org.apache.hadoop.ozone.container.common.volume.HddsVolume@45e617c4
2019-10-09 10:08:10,258 [main] INFO  volume.HddsVolumeChecker (HddsVolumeChecker.java:checkAllVolumes(204)) - Scheduled health check for volume org.apache.hadoop.ozone.container.common.volume.HddsVolume@45e617c4
2019-10-09 10:08:10,273 [main] INFO  impl.RaftServerProxy (ConfUtils.java:logGet(43)) - raft.rpc.type = GRPC (default)
2019-10-09 10:08:10,273 [main] INFO  grpc.GrpcFactory (GrpcFactory.java:checkPooledByteBufAllocatorUseCacheForAllThreads(45)) - PERFORMANCE WARNING: useCacheForAllThreads is true that may cause Netty to create a lot garbage objects and, as a result, trigger GC.
	It is recommended to disable useCacheForAllThreads by setting -Dorg.apache.ratis.thirdparty.io.netty.allocator.useCacheForAllThreads=false in command line.
2019-10-09 10:08:10,274 [main] INFO  grpc.GrpcConfigKeys$Server (ConfUtils.java:logGet(43)) - raft.grpc.server.port = 0 (default)
2019-10-09 10:08:10,274 [main] INFO  server.GrpcService (ConfUtils.java:logGet(43)) - raft.grpc.message.size.max = 33570816 (custom)
2019-10-09 10:08:10,274 [main] INFO  server.RaftServerConfigKeys (ConfUtils.java:logGet(43)) - raft.server.log.appender.buffer.byte-limit = 33554432 (custom)
2019-10-09 10:08:10,274 [main] INFO  server.GrpcService (ConfUtils.java:logGet(43)) - raft.grpc.flow.control.window = 1MB (=1048576) (default)
2019-10-09 10:08:10,275 [main] INFO  server.RaftServerConfigKeys (ConfUtils.java:logGet(43)) - raft.server.rpc.request.timeout = 3000ms (default)
2019-10-09 10:08:10,275 [main] INFO  server.RaftServerConfigKeys (ConfUtils.java:logGet(43)) - raft.server.storage.dir = [/workdir/hadoop-ozone/integration-test/target/test-dir/MiniOzoneClusterImpl-11fd0b5f-d681-468f-a8ef-4b8b3241900d/datanode-6/data/ratis] (custom)
2019-10-09 10:08:10,276 [main] INFO  hdfs.DFSUtil (DFSUtil.java:httpServerTemplateForNNAndJN(1641)) - Starting Web-server for hddsDatanode at: http://0.0.0.0:0
2019-10-09 10:08:10,278 [main] INFO  server.AuthenticationFilter (AuthenticationFilter.java:constructSecretProvider(240)) - Unable to initialize FileSignerSecretProvider, falling back to use random secrets.
2019-10-09 10:08:10,278 [main] WARN  http.HttpRequestLog (HttpRequestLog.java:getRequestLog(97)) - Jetty request log can only be enabled using Log4j
2019-10-09 10:08:10,280 [main] INFO  http.HttpServer2 (HttpServer2.java:addGlobalFilter(975)) - Added global filter 'safety' (class=org.apache.hadoop.http.HttpServer2$QuotingInputFilter)
2019-10-09 10:08:10,280 [main] INFO  http.HttpServer2 (HttpServer2.java:addFilter(948)) - Added filter static_user_filter (class=org.apache.hadoop.http.lib.StaticUserWebFilter$StaticUserFilter) to context hddsDatanode
2019-10-09 10:08:10,281 [main] INFO  http.HttpServer2 (HttpServer2.java:addFilter(958)) - Added filter static_user_filter (class=org.apache.hadoop.http.lib.StaticUserWebFilter$StaticUserFilter) to context static
2019-10-09 10:08:10,281 [main] INFO  http.HttpServer2 (HttpServer2.java:addFilter(958)) - Added filter static_user_filter (class=org.apache.hadoop.http.lib.StaticUserWebFilter$StaticUserFilter) to context logs
2019-10-09 10:08:10,281 [main] INFO  http.HttpServer2 (HttpServer2.java:bindListener(1191)) - Jetty bound to port 38168
2019-10-09 10:08:10,281 [main] INFO  server.Server (Server.java:doStart(351)) - jetty-9.3.25.v20180904, build timestamp: 2018-09-04T21:11:46Z, git hash: 3ce520221d0240229c862b122d2b06c12a625732
2019-10-09 10:08:10,283 [main] INFO  handler.ContextHandler (ContextHandler.java:doStart(781)) - Started o.e.j.s.ServletContextHandler@5403799b{/logs,file:///workdir/hadoop-ozone/integration-test/target/log,AVAILABLE}
2019-10-09 10:08:10,284 [main] INFO  handler.ContextHandler (ContextHandler.java:doStart(781)) - Started o.e.j.s.ServletContextHandler@3ad8717d{/static,jar:file:/home/user/.m2/repository/org/apache/hadoop/hadoop-hdds-container-service/0.5.0-SNAPSHOT/hadoop-hdds-container-service-0.5.0-SNAPSHOT.jar!/webapps/static,AVAILABLE}
2019-10-09 10:08:10,314 [main] INFO  handler.ContextHandler (ContextHandler.java:doStart(781)) - Started o.e.j.w.WebAppContext@6518fdfd{/,file:///tmp/jetty-0.0.0.0-38168-hddsDatanode-_-any-8745600562537941910.dir/webapp/,AVAILABLE}{/hddsDatanode}
2019-10-09 10:08:10,315 [main] INFO  server.AbstractConnector (AbstractConnector.java:doStart(278)) - Started ServerConnector@11d2dd2d{HTTP/1.1,[http/1.1]}{0.0.0.0:38168}
2019-10-09 10:08:10,317 [main] INFO  server.Server (Server.java:doStart(419)) - Started @136806ms
2019-10-09 10:08:10,317 [main] WARN  impl.MetricsSystemImpl (MetricsSystemImpl.java:register(276)) - Sink prometheus already exists!
2019-10-09 10:08:10,318 [main] INFO  server.BaseHttpServer (BaseHttpServer.java:updateConnectorAddress(215)) - HTTP server of HDDSDATANODE is listening at http://0.0.0.0:38168
2019-10-09 10:08:10,318 [main] INFO  ozone.MiniOzoneClusterImpl (MiniOzoneClusterImpl.java:lambda$waitForClusterToBeReady$0(147)) - Waiting for cluster to be ready. Got 0 of 7 DN Heartbeats.
2019-10-09 10:08:10,320 [org.apache.hadoop.util.JvmPauseMonitor$Monitor@138d9349] INFO  util.JvmPauseMonitor (JvmPauseMonitor.java:run(188)) - Starting JVM pause monitor
2019-10-09 10:08:10,322 [Datanode State Machine Thread - 0] INFO  datanode.InitDatanodeState (InitDatanodeState.java:persistContainerDatanodeDetails(140)) - DatanodeDetails is persisted to /workdir/hadoop-ozone/integration-test/target/test-dir/MiniOzoneClusterImpl-11fd0b5f-d681-468f-a8ef-4b8b3241900d/datanode-6/meta/datanode.id
2019-10-09 10:08:11,319 [main] INFO  ozone.MiniOzoneClusterImpl (MiniOzoneClusterImpl.java:lambda$waitForClusterToBeReady$0(147)) - Waiting for cluster to be ready. Got 0 of 7 DN Heartbeats.
2019-10-09 10:08:11,948 [Datanode State Machine Thread - 0] INFO  ozoneimpl.OzoneContainer (OzoneContainer.java:start(213)) - Attempting to start container services.
2019-10-09 10:08:11,948 [Datanode State Machine Thread - 0] INFO  ozoneimpl.OzoneContainer (OzoneContainer.java:startContainerScrub(177)) - Background container scanner has been disabled.
2019-10-09 10:08:11,948 [Datanode State Machine Thread - 0] INFO  ratis.XceiverServerRatis (XceiverServerRatis.java:start(418)) - Starting XceiverServerRatis ea48651f-a535-41b5-a19b-b8cecb9d11ac at port 0
2019-10-09 10:08:11,955 [Datanode State Machine Thread - 0] INFO  impl.RaftServerProxy (RaftServerProxy.java:lambda$start$3(299)) - ea48651f-a535-41b5-a19b-b8cecb9d11ac: start RPC server
2019-10-09 10:08:11,957 [Datanode State Machine Thread - 0] INFO  server.GrpcService (GrpcService.java:startImpl(158)) - ea48651f-a535-41b5-a19b-b8cecb9d11ac: GrpcService started, listening on 0.0.0.0/0.0.0.0:36592
2019-10-09 10:08:11,957 [Datanode State Machine Thread - 0] INFO  ratis.XceiverServerRatis (XceiverServerRatis.java:start(428)) - XceiverServerRatis ea48651f-a535-41b5-a19b-b8cecb9d11ac is started using port 36592
2019-10-09 10:08:11,958 [Datanode State Machine Thread - 0] INFO  server.XceiverServerGrpc (XceiverServerGrpc.java:start(149)) - XceiverServerGrpc ea48651f-a535-41b5-a19b-b8cecb9d11ac is started using port 44370
2019-10-09 10:08:11,986 [Datanode State Machine Thread - 0] INFO  ozoneimpl.OzoneContainer (OzoneContainer.java:start(213)) - Attempting to start container services.
2019-10-09 10:08:11,988 [Datanode State Machine Thread - 0] INFO  ozoneimpl.OzoneContainer (OzoneContainer.java:startContainerScrub(177)) - Background container scanner has been disabled.
2019-10-09 10:08:11,988 [Datanode State Machine Thread - 0] INFO  ratis.XceiverServerRatis (XceiverServerRatis.java:start(418)) - Starting XceiverServerRatis 5f603e7f-c5d0-429b-bdae-ead04b90af02 at port 0
2019-10-09 10:08:11,993 [Datanode State Machine Thread - 0] INFO  impl.RaftServerProxy (RaftServerProxy.java:lambda$start$3(299)) - 5f603e7f-c5d0-429b-bdae-ead04b90af02: start RPC server
2019-10-09 10:08:11,993 [Datanode State Machine Thread - 0] INFO  server.GrpcService (GrpcService.java:startImpl(158)) - 5f603e7f-c5d0-429b-bdae-ead04b90af02: GrpcService started, listening on 0.0.0.0/0.0.0.0:45632
2019-10-09 10:08:11,994 [Datanode State Machine Thread - 0] INFO  ratis.XceiverServerRatis (XceiverServerRatis.java:start(428)) - XceiverServerRatis 5f603e7f-c5d0-429b-bdae-ead04b90af02 is started using port 45632
2019-10-09 10:08:11,994 [Datanode State Machine Thread - 0] INFO  server.XceiverServerGrpc (XceiverServerGrpc.java:start(149)) - XceiverServerGrpc 5f603e7f-c5d0-429b-bdae-ead04b90af02 is started using port 35449
2019-10-09 10:08:12,054 [Datanode State Machine Thread - 0] INFO  ozoneimpl.OzoneContainer (OzoneContainer.java:start(213)) - Attempting to start container services.
2019-10-09 10:08:12,055 [Datanode State Machine Thread - 0] INFO  ozoneimpl.OzoneContainer (OzoneContainer.java:startContainerScrub(177)) - Background container scanner has been disabled.
2019-10-09 10:08:12,055 [Datanode State Machine Thread - 0] INFO  ratis.XceiverServerRatis (XceiverServerRatis.java:start(418)) - Starting XceiverServerRatis ab022857-e651-46e0-9452-78f2a1d93581 at port 0
2019-10-09 10:08:12,062 [Datanode State Machine Thread - 0] INFO  impl.RaftServerProxy (RaftServerProxy.java:lambda$start$3(299)) - ab022857-e651-46e0-9452-78f2a1d93581: start RPC server
2019-10-09 10:08:12,062 [Datanode State Machine Thread - 0] INFO  server.GrpcService (GrpcService.java:startImpl(158)) - ab022857-e651-46e0-9452-78f2a1d93581: GrpcService started, listening on 0.0.0.0/0.0.0.0:46466
2019-10-09 10:08:12,063 [Datanode State Machine Thread - 0] INFO  ratis.XceiverServerRatis (XceiverServerRatis.java:start(428)) - XceiverServerRatis ab022857-e651-46e0-9452-78f2a1d93581 is started using port 46466
2019-10-09 10:08:12,063 [Datanode State Machine Thread - 0] INFO  server.XceiverServerGrpc (XceiverServerGrpc.java:start(149)) - XceiverServerGrpc ab022857-e651-46e0-9452-78f2a1d93581 is started using port 39611
2019-10-09 10:08:12,117 [Datanode State Machine Thread - 0] INFO  ozoneimpl.OzoneContainer (OzoneContainer.java:start(213)) - Attempting to start container services.
2019-10-09 10:08:12,117 [Datanode State Machine Thread - 0] INFO  ozoneimpl.OzoneContainer (OzoneContainer.java:startContainerScrub(177)) - Background container scanner has been disabled.
2019-10-09 10:08:12,117 [Datanode State Machine Thread - 0] INFO  ratis.XceiverServerRatis (XceiverServerRatis.java:start(418)) - Starting XceiverServerRatis 95ebdb13-24f7-4d19-91da-fac485f6b992 at port 0
2019-10-09 10:08:12,123 [Datanode State Machine Thread - 0] INFO  impl.RaftServerProxy (RaftServerProxy.java:lambda$start$3(299)) - 95ebdb13-24f7-4d19-91da-fac485f6b992: start RPC server
2019-10-09 10:08:12,123 [Datanode State Machine Thread - 0] INFO  server.GrpcService (GrpcService.java:startImpl(158)) - 95ebdb13-24f7-4d19-91da-fac485f6b992: GrpcService started, listening on 0.0.0.0/0.0.0.0:35891
2019-10-09 10:08:12,124 [Datanode State Machine Thread - 0] INFO  ratis.XceiverServerRatis (XceiverServerRatis.java:start(428)) - XceiverServerRatis 95ebdb13-24f7-4d19-91da-fac485f6b992 is started using port 35891
2019-10-09 10:08:12,124 [Datanode State Machine Thread - 0] INFO  server.XceiverServerGrpc (XceiverServerGrpc.java:start(149)) - XceiverServerGrpc 95ebdb13-24f7-4d19-91da-fac485f6b992 is started using port 34017
2019-10-09 10:08:12,214 [Datanode State Machine Thread - 0] INFO  ozoneimpl.OzoneContainer (OzoneContainer.java:start(213)) - Attempting to start container services.
2019-10-09 10:08:12,214 [Datanode State Machine Thread - 0] INFO  ozoneimpl.OzoneContainer (OzoneContainer.java:startContainerScrub(177)) - Background container scanner has been disabled.
2019-10-09 10:08:12,214 [Datanode State Machine Thread - 0] INFO  ratis.XceiverServerRatis (XceiverServerRatis.java:start(418)) - Starting XceiverServerRatis b6d627c8-c03d-467d-9dd3-77fb9226d253 at port 0
2019-10-09 10:08:12,220 [Datanode State Machine Thread - 0] INFO  impl.RaftServerProxy (RaftServerProxy.java:lambda$start$3(299)) - b6d627c8-c03d-467d-9dd3-77fb9226d253: start RPC server
2019-10-09 10:08:12,220 [Datanode State Machine Thread - 0] INFO  server.GrpcService (GrpcService.java:startImpl(158)) - b6d627c8-c03d-467d-9dd3-77fb9226d253: GrpcService started, listening on 0.0.0.0/0.0.0.0:34801
2019-10-09 10:08:12,221 [Datanode State Machine Thread - 0] INFO  ratis.XceiverServerRatis (XceiverServerRatis.java:start(428)) - XceiverServerRatis b6d627c8-c03d-467d-9dd3-77fb9226d253 is started using port 34801
2019-10-09 10:08:12,223 [Datanode State Machine Thread - 0] INFO  server.XceiverServerGrpc (XceiverServerGrpc.java:start(149)) - XceiverServerGrpc b6d627c8-c03d-467d-9dd3-77fb9226d253 is started using port 42275
2019-10-09 10:08:12,266 [Datanode State Machine Thread - 0] INFO  ozoneimpl.OzoneContainer (OzoneContainer.java:start(213)) - Attempting to start container services.
2019-10-09 10:08:12,266 [Datanode State Machine Thread - 0] INFO  ozoneimpl.OzoneContainer (OzoneContainer.java:startContainerScrub(177)) - Background container scanner has been disabled.
2019-10-09 10:08:12,267 [Datanode State Machine Thread - 0] INFO  ratis.XceiverServerRatis (XceiverServerRatis.java:start(418)) - Starting XceiverServerRatis 93b86b8b-d718-4240-8ef1-cb480a33e6de at port 0
2019-10-09 10:08:12,273 [Datanode State Machine Thread - 0] INFO  impl.RaftServerProxy (RaftServerProxy.java:lambda$start$3(299)) - 93b86b8b-d718-4240-8ef1-cb480a33e6de: start RPC server
2019-10-09 10:08:12,274 [Datanode State Machine Thread - 0] INFO  server.GrpcService (GrpcService.java:startImpl(158)) - 93b86b8b-d718-4240-8ef1-cb480a33e6de: GrpcService started, listening on 0.0.0.0/0.0.0.0:39997
2019-10-09 10:08:12,275 [Datanode State Machine Thread - 0] INFO  ratis.XceiverServerRatis (XceiverServerRatis.java:start(428)) - XceiverServerRatis 93b86b8b-d718-4240-8ef1-cb480a33e6de is started using port 39997
2019-10-09 10:08:12,275 [Datanode State Machine Thread - 0] INFO  server.XceiverServerGrpc (XceiverServerGrpc.java:start(149)) - XceiverServerGrpc 93b86b8b-d718-4240-8ef1-cb480a33e6de is started using port 45180
2019-10-09 10:08:12,320 [main] INFO  ozone.MiniOzoneClusterImpl (MiniOzoneClusterImpl.java:lambda$waitForClusterToBeReady$0(147)) - Waiting for cluster to be ready. Got 0 of 7 DN Heartbeats.
2019-10-09 10:08:12,335 [Datanode State Machine Thread - 0] INFO  ozoneimpl.OzoneContainer (OzoneContainer.java:start(213)) - Attempting to start container services.
2019-10-09 10:08:12,336 [Datanode State Machine Thread - 0] INFO  ozoneimpl.OzoneContainer (OzoneContainer.java:startContainerScrub(177)) - Background container scanner has been disabled.
2019-10-09 10:08:12,336 [Datanode State Machine Thread - 0] INFO  ratis.XceiverServerRatis (XceiverServerRatis.java:start(418)) - Starting XceiverServerRatis 8fcf7b85-9677-42f8-9c53-56b4904b3cd2 at port 0
2019-10-09 10:08:12,342 [Datanode State Machine Thread - 0] INFO  impl.RaftServerProxy (RaftServerProxy.java:lambda$start$3(299)) - 8fcf7b85-9677-42f8-9c53-56b4904b3cd2: start RPC server
2019-10-09 10:08:12,343 [Datanode State Machine Thread - 0] INFO  server.GrpcService (GrpcService.java:startImpl(158)) - 8fcf7b85-9677-42f8-9c53-56b4904b3cd2: GrpcService started, listening on 0.0.0.0/0.0.0.0:33241
2019-10-09 10:08:12,343 [Datanode State Machine Thread - 0] INFO  ratis.XceiverServerRatis (XceiverServerRatis.java:start(428)) - XceiverServerRatis 8fcf7b85-9677-42f8-9c53-56b4904b3cd2 is started using port 33241
2019-10-09 10:08:12,343 [Datanode State Machine Thread - 0] INFO  server.XceiverServerGrpc (XceiverServerGrpc.java:start(149)) - XceiverServerGrpc 8fcf7b85-9677-42f8-9c53-56b4904b3cd2 is started using port 33958
2019-10-09 10:08:13,320 [main] INFO  ozone.MiniOzoneClusterImpl (MiniOzoneClusterImpl.java:lambda$waitForClusterToBeReady$0(147)) - Waiting for cluster to be ready. Got 0 of 7 DN Heartbeats.
2019-10-09 10:08:13,907 [IPC Server handler 6 on 35685] INFO  net.NetworkTopology (NetworkTopologyImpl.java:add(111)) - Added a new node: /default-rack/ea48651f-a535-41b5-a19b-b8cecb9d11ac
2019-10-09 10:08:13,910 [IPC Server handler 6 on 35685] INFO  node.SCMNodeManager (SCMNodeManager.java:register(268)) - Registered Data node : ea48651f-a535-41b5-a19b-b8cecb9d11ac{ip: 192.168.164.205, host: pr-hdds-2271-zcqt4-2554284801, networkLocation: /default-rack, certSerialId: null}
2019-10-09 10:08:13,911 [EventQueue-NodeRegistrationContainerReportForDataNodeSafeModeRule] INFO  safemode.SCMSafeModeManager (DataNodeSafeModeRule.java:process(71)) - SCM in safe mode. 1 DataNodes registered, 1 required.
2019-10-09 10:08:13,913 [EventQueue-NodeRegistrationContainerReportForDataNodeSafeModeRule] INFO  safemode.SCMSafeModeManager (SCMSafeModeManager.java:validateSafeModeExitRules(177)) - ScmSafeModeManager, all rules are successfully validated
2019-10-09 10:08:13,913 [EventQueue-NodeRegistrationContainerReportForDataNodeSafeModeRule] INFO  safemode.SCMSafeModeManager (SCMSafeModeManager.java:exitSafeMode(193)) - SCM exiting safe mode.
2019-10-09 10:08:13,923 [grpc-default-executor-4] INFO  impl.RaftServerProxy (RaftServerProxy.java:addNew(89)) - ea48651f-a535-41b5-a19b-b8cecb9d11ac: addNew group-7CF67C8F4688:[ea48651f-a535-41b5-a19b-b8cecb9d11ac:192.168.164.205:36592] returns group-7CF67C8F4688:java.util.concurrent.CompletableFuture@76bc44f8[Not completed]
2019-10-09 10:08:13,924 [pool-207-thread-1] INFO  impl.RaftServerImpl (RaftServerImpl.java:<init>(95)) - ea48651f-a535-41b5-a19b-b8cecb9d11ac: new RaftServerImpl for group-7CF67C8F4688:[ea48651f-a535-41b5-a19b-b8cecb9d11ac:192.168.164.205:36592] with ContainerStateMachine:uninitialized
2019-10-09 10:08:13,924 [pool-207-thread-1] INFO  server.RaftServerConfigKeys (ConfUtils.java:logGet(43)) - raft.server.rpc.timeout.min = 5s (custom)
2019-10-09 10:08:13,924 [pool-207-thread-1] INFO  server.RaftServerConfigKeys (ConfUtils.java:logGet(43)) - raft.server.rpc.timeout.max = 5200ms (custom)
2019-10-09 10:08:13,925 [pool-207-thread-1] INFO  server.RaftServerConfigKeys (ConfUtils.java:logGet(43)) - raft.server.rpcslowness.timeout = 120s (custom)
2019-10-09 10:08:13,925 [pool-207-thread-1] INFO  server.RaftServerConfigKeys (ConfUtils.java:logGet(43)) - raft.server.sleep.deviation.threshold = 300 (default)
2019-10-09 10:08:13,925 [pool-207-thread-1] INFO  server.RaftServerConfigKeys (ConfUtils.java:logGet(43)) - raft.server.log.appender.install.snapshot.enabled = false (custom)
2019-10-09 10:08:13,925 [pool-207-thread-1] INFO  impl.RaftServerImpl (ServerState.java:<init>(103)) - ea48651f-a535-41b5-a19b-b8cecb9d11ac@group-7CF67C8F4688: ConfigurationManager, init=-1: [ea48651f-a535-41b5-a19b-b8cecb9d11ac:192.168.164.205:36592], old=null, confs=<EMPTY_MAP>
2019-10-09 10:08:13,925 [pool-207-thread-1] INFO  server.RaftServerConfigKeys (ConfUtils.java:logGet(43)) - raft.server.storage.dir = [/workdir/hadoop-ozone/integration-test/target/test-dir/MiniOzoneClusterImpl-11fd0b5f-d681-468f-a8ef-4b8b3241900d/datanode-0/data/ratis] (custom)
2019-10-09 10:08:13,925 [pool-207-thread-1] INFO  server.RaftServerConfigKeys (ConfUtils.java:logGet(43)) - raft.server.log.corruption.policy = EXCEPTION (default)
2019-10-09 10:08:13,926 [pool-207-thread-1] INFO  storage.RaftStorageDirectory (RaftStorageDirectory.java:analyzeStorage(246)) - The storage directory /workdir/hadoop-ozone/integration-test/target/test-dir/MiniOzoneClusterImpl-11fd0b5f-d681-468f-a8ef-4b8b3241900d/datanode-0/data/ratis/312aff62-5d1c-4132-a476-7cf67c8f4688 does not exist. Creating ...
2019-10-09 10:08:13,939 [pool-207-thread-1] INFO  storage.RaftStorageDirectory (RaftStorageDirectory.java:tryLock(328)) - Lock on /workdir/hadoop-ozone/integration-test/target/test-dir/MiniOzoneClusterImpl-11fd0b5f-d681-468f-a8ef-4b8b3241900d/datanode-0/data/ratis/312aff62-5d1c-4132-a476-7cf67c8f4688/in_use.lock acquired by nodename 17593@pr-hdds-2271-zcqt4-2554284801
2019-10-09 10:08:13,956 [pool-207-thread-1] INFO  storage.RaftStorage (RaftStorage.java:format(84)) - Storage directory /workdir/hadoop-ozone/integration-test/target/test-dir/MiniOzoneClusterImpl-11fd0b5f-d681-468f-a8ef-4b8b3241900d/datanode-0/data/ratis/312aff62-5d1c-4132-a476-7cf67c8f4688 has been successfully formatted.
2019-10-09 10:08:13,956 [pool-207-thread-1] INFO  ratis.ContainerStateMachine (ContainerStateMachine.java:loadSnapshot(231)) - group-7CF67C8F4688: The snapshot info is null. Setting the last applied indexto:(t:0, i:~)
2019-10-09 10:08:13,956 [pool-207-thread-1] INFO  server.RaftServerConfigKeys (ConfUtils.java:logGet(43)) - raft.server.notification.no-leader.timeout = 120s (custom)
2019-10-09 10:08:13,956 [pool-207-thread-1] INFO  server.RaftServerConfigKeys (ConfUtils.java:logGet(43)) - raft.server.log.use.memory = false (default)
2019-10-09 10:08:13,957 [pool-207-thread-1] INFO  server.RaftServerConfigKeys (ConfUtils.java:logGet(43)) - raft.server.log.purge.gap = 1000000 (custom)
2019-10-09 10:08:13,957 [pool-207-thread-1] INFO  server.RaftServerConfigKeys (ConfUtils.java:logGet(43)) - raft.server.log.appender.buffer.byte-limit = 33554432 (custom)
2019-10-09 10:08:13,957 [pool-207-thread-1] INFO  server.RaftServerConfigKeys (ConfUtils.java:logGet(43)) - raft.server.log.segment.size.max = 1048576 (custom)
2019-10-09 10:08:13,959 [pool-207-thread-1] INFO  server.RaftServerConfigKeys (ConfUtils.java:logGet(43)) - raft.server.log.segment.cache.num.max = 2 (custom)
2019-10-09 10:08:13,959 [pool-207-thread-1] INFO  segmented.SegmentedRaftLogWorker (SegmentedRaftLogWorker.java:<init>(173)) - new ea48651f-a535-41b5-a19b-b8cecb9d11ac@group-7CF67C8F4688-SegmentedRaftLogWorker for RaftStorage:Storage Directory /workdir/hadoop-ozone/integration-test/target/test-dir/MiniOzoneClusterImpl-11fd0b5f-d681-468f-a8ef-4b8b3241900d/datanode-0/data/ratis/312aff62-5d1c-4132-a476-7cf67c8f4688
2019-10-09 10:08:13,959 [pool-207-thread-1] INFO  server.RaftServerConfigKeys (ConfUtils.java:logGet(43)) - raft.server.log.queue.byte-limit = 2147483647 (custom)
2019-10-09 10:08:13,959 [pool-207-thread-1] INFO  server.RaftServerConfigKeys (ConfUtils.java:logGet(43)) - raft.server.log.queue.element-limit = 1024 (custom)
2019-10-09 10:08:13,959 [pool-207-thread-1] INFO  server.RaftServerConfigKeys (ConfUtils.java:logGet(43)) - raft.server.log.segment.size.max = 1048576 (custom)
2019-10-09 10:08:13,959 [pool-207-thread-1] INFO  server.RaftServerConfigKeys (ConfUtils.java:logGet(43)) - raft.server.log.preallocated.size = 16384 (custom)
2019-10-09 10:08:13,959 [pool-207-thread-1] INFO  server.RaftServerConfigKeys (ConfUtils.java:logGet(43)) - raft.server.log.write.buffer.size = 33554432 (custom)
2019-10-09 10:08:13,959 [pool-207-thread-1] INFO  server.RaftServerConfigKeys (ConfUtils.java:logGet(43)) - raft.server.log.force.sync.num = 128 (default)
2019-10-09 10:08:13,959 [pool-207-thread-1] INFO  server.RaftServerConfigKeys (ConfUtils.java:logGet(43)) - raft.server.log.statemachine.data.sync = true (default)
2019-10-09 10:08:13,959 [pool-207-thread-1] INFO  server.RaftServerConfigKeys (ConfUtils.java:logGet(43)) - raft.server.log.statemachine.data.sync.timeout = 10s (default)
2019-10-09 10:08:13,960 [pool-207-thread-1] INFO  server.RaftServerConfigKeys (ConfUtils.java:logGet(43)) - raft.server.log.statemachine.data.sync.timeout.retry = -1 (default)
2019-10-09 10:08:13,960 [pool-207-thread-1] INFO  server.RaftServerConfigKeys (ConfUtils.java:logGet(43)) - raft.server.log.statemachine.data.caching.enabled = true (custom)
2019-10-09 10:08:13,960 [pool-207-thread-1] INFO  segmented.SegmentedRaftLogWorker (SegmentedRaftLogWorker.java:lambda$new$0(128)) - ea48651f-a535-41b5-a19b-b8cecb9d11ac@group-7CF67C8F4688-SegmentedRaftLogWorker: flushIndex: setUnconditionally 0 -> -1
2019-10-09 10:08:13,960 [pool-207-thread-1] INFO  server.RaftServerConfigKeys (ConfUtils.java:logGet(43)) - raft.server.snapshot.auto.trigger.enabled = true (custom)
2019-10-09 10:08:13,961 [pool-207-thread-1] INFO  server.RaftServerConfigKeys (ConfUtils.java:logGet(43)) - raft.server.snapshot.auto.trigger.threshold = 10000 (custom)
2019-10-09 10:08:13,961 [pool-207-thread-1] INFO  server.RaftServerConfigKeys (ConfUtils.java:logGet(43)) - raft.server.snapshot.retention.file.num = 5 (custom)
2019-10-09 10:08:13,961 [pool-207-thread-1] INFO  server.RaftServerConfigKeys (ConfUtils.java:logGet(43)) - raft.server.retrycache.expirytime = 600000ms (custom)
2019-10-09 10:08:13,962 [pool-207-thread-1] INFO  impl.RaftServerImpl (RaftServerImpl.java:start(181)) - ea48651f-a535-41b5-a19b-b8cecb9d11ac@group-7CF67C8F4688: start as a follower, conf=-1: [ea48651f-a535-41b5-a19b-b8cecb9d11ac:192.168.164.205:36592], old=null
2019-10-09 10:08:13,962 [pool-207-thread-1] INFO  impl.RaftServerImpl (RaftServerImpl.java:setRole(170)) - ea48651f-a535-41b5-a19b-b8cecb9d11ac@group-7CF67C8F4688: changes role from      null to FOLLOWER at term 0 for startAsFollower
2019-10-09 10:08:13,962 [pool-207-thread-1] INFO  impl.RoleInfo (RoleInfo.java:updateAndGet(143)) - ea48651f-a535-41b5-a19b-b8cecb9d11ac: start FollowerState
2019-10-09 10:08:13,963 [pool-207-thread-1] INFO  util.JmxRegister (JmxRegister.java:tryRegister(44)) - Successfully registered JMX Bean with object name Ratis:service=RaftServer,group=group-7CF67C8F4688,id=ea48651f-a535-41b5-a19b-b8cecb9d11ac
2019-10-09 10:08:13,967 [RatisPipelineUtilsThread] INFO  pipeline.PipelineStateManager (PipelineStateManager.java:addPipeline(56)) - Created pipeline Pipeline[ Id: 312aff62-5d1c-4132-a476-7cf67c8f4688, Nodes: ea48651f-a535-41b5-a19b-b8cecb9d11ac{ip: 192.168.164.205, host: pr-hdds-2271-zcqt4-2554284801, networkLocation: /default-rack, certSerialId: null}, Type:RATIS, Factor:ONE, State:OPEN]
2019-10-09 10:08:13,971 [IPC Server handler 4 on 35685] INFO  net.NetworkTopology (NetworkTopologyImpl.java:add(111)) - Added a new node: /default-rack/5f603e7f-c5d0-429b-bdae-ead04b90af02
2019-10-09 10:08:13,971 [IPC Server handler 4 on 35685] INFO  node.SCMNodeManager (SCMNodeManager.java:register(268)) - Registered Data node : 5f603e7f-c5d0-429b-bdae-ead04b90af02{ip: 192.168.164.205, host: pr-hdds-2271-zcqt4-2554284801, networkLocation: /default-rack, certSerialId: null}
2019-10-09 10:08:13,991 [grpc-default-executor-4] INFO  impl.RaftServerProxy (RaftServerProxy.java:addNew(89)) - 5f603e7f-c5d0-429b-bdae-ead04b90af02: addNew group-C1D989A42B2B:[5f603e7f-c5d0-429b-bdae-ead04b90af02:192.168.164.205:45632] returns group-C1D989A42B2B:java.util.concurrent.CompletableFuture@7fad0c94[Not completed]
2019-10-09 10:08:13,992 [pool-217-thread-1] INFO  impl.RaftServerImpl (RaftServerImpl.java:<init>(95)) - 5f603e7f-c5d0-429b-bdae-ead04b90af02: new RaftServerImpl for group-C1D989A42B2B:[5f603e7f-c5d0-429b-bdae-ead04b90af02:192.168.164.205:45632] with ContainerStateMachine:uninitialized
2019-10-09 10:08:13,992 [pool-217-thread-1] INFO  server.RaftServerConfigKeys (ConfUtils.java:logGet(43)) - raft.server.rpc.timeout.min = 5s (custom)
2019-10-09 10:08:13,993 [pool-217-thread-1] INFO  server.RaftServerConfigKeys (ConfUtils.java:logGet(43)) - raft.server.rpc.timeout.max = 5200ms (custom)
2019-10-09 10:08:13,993 [pool-217-thread-1] INFO  server.RaftServerConfigKeys (ConfUtils.java:logGet(43)) - raft.server.rpcslowness.timeout = 120s (custom)
2019-10-09 10:08:13,993 [pool-217-thread-1] INFO  server.RaftServerConfigKeys (ConfUtils.java:logGet(43)) - raft.server.sleep.deviation.threshold = 300 (default)
2019-10-09 10:08:13,993 [pool-217-thread-1] INFO  server.RaftServerConfigKeys (ConfUtils.java:logGet(43)) - raft.server.log.appender.install.snapshot.enabled = false (custom)
2019-10-09 10:08:13,993 [pool-217-thread-1] INFO  impl.RaftServerImpl (ServerState.java:<init>(103)) - 5f603e7f-c5d0-429b-bdae-ead04b90af02@group-C1D989A42B2B: ConfigurationManager, init=-1: [5f603e7f-c5d0-429b-bdae-ead04b90af02:192.168.164.205:45632], old=null, confs=<EMPTY_MAP>
2019-10-09 10:08:13,993 [pool-217-thread-1] INFO  server.RaftServerConfigKeys (ConfUtils.java:logGet(43)) - raft.server.storage.dir = [/workdir/hadoop-ozone/integration-test/target/test-dir/MiniOzoneClusterImpl-11fd0b5f-d681-468f-a8ef-4b8b3241900d/datanode-1/data/ratis] (custom)
2019-10-09 10:08:13,994 [pool-217-thread-1] INFO  server.RaftServerConfigKeys (ConfUtils.java:logGet(43)) - raft.server.log.corruption.policy = EXCEPTION (default)
2019-10-09 10:08:13,994 [pool-217-thread-1] INFO  storage.RaftStorageDirectory (RaftStorageDirectory.java:analyzeStorage(246)) - The storage directory /workdir/hadoop-ozone/integration-test/target/test-dir/MiniOzoneClusterImpl-11fd0b5f-d681-468f-a8ef-4b8b3241900d/datanode-1/data/ratis/ee78a28d-e6fe-465f-b3d5-c1d989a42b2b does not exist. Creating ...
2019-10-09 10:08:14,007 [pool-217-thread-1] INFO  storage.RaftStorageDirectory (RaftStorageDirectory.java:tryLock(328)) - Lock on /workdir/hadoop-ozone/integration-test/target/test-dir/MiniOzoneClusterImpl-11fd0b5f-d681-468f-a8ef-4b8b3241900d/datanode-1/data/ratis/ee78a28d-e6fe-465f-b3d5-c1d989a42b2b/in_use.lock acquired by nodename 17593@pr-hdds-2271-zcqt4-2554284801
2019-10-09 10:08:14,020 [pool-217-thread-1] INFO  storage.RaftStorage (RaftStorage.java:format(84)) - Storage directory /workdir/hadoop-ozone/integration-test/target/test-dir/MiniOzoneClusterImpl-11fd0b5f-d681-468f-a8ef-4b8b3241900d/datanode-1/data/ratis/ee78a28d-e6fe-465f-b3d5-c1d989a42b2b has been successfully formatted.
2019-10-09 10:08:14,021 [pool-217-thread-1] INFO  ratis.ContainerStateMachine (ContainerStateMachine.java:loadSnapshot(231)) - group-C1D989A42B2B: The snapshot info is null. Setting the last applied indexto:(t:0, i:~)
2019-10-09 10:08:14,021 [pool-217-thread-1] INFO  server.RaftServerConfigKeys (ConfUtils.java:logGet(43)) - raft.server.notification.no-leader.timeout = 120s (custom)
2019-10-09 10:08:14,021 [pool-217-thread-1] INFO  server.RaftServerConfigKeys (ConfUtils.java:logGet(43)) - raft.server.log.use.memory = false (default)
2019-10-09 10:08:14,021 [pool-217-thread-1] INFO  server.RaftServerConfigKeys (ConfUtils.java:logGet(43)) - raft.server.log.purge.gap = 1000000 (custom)
2019-10-09 10:08:14,021 [pool-217-thread-1] INFO  server.RaftServerConfigKeys (ConfUtils.java:logGet(43)) - raft.server.log.appender.buffer.byte-limit = 33554432 (custom)
2019-10-09 10:08:14,022 [pool-217-thread-1] INFO  server.RaftServerConfigKeys (ConfUtils.java:logGet(43)) - raft.server.log.segment.size.max = 1048576 (custom)
2019-10-09 10:08:14,024 [pool-217-thread-1] INFO  server.RaftServerConfigKeys (ConfUtils.java:logGet(43)) - raft.server.log.segment.cache.num.max = 2 (custom)
2019-10-09 10:08:14,024 [pool-217-thread-1] INFO  segmented.SegmentedRaftLogWorker (SegmentedRaftLogWorker.java:<init>(173)) - new 5f603e7f-c5d0-429b-bdae-ead04b90af02@group-C1D989A42B2B-SegmentedRaftLogWorker for RaftStorage:Storage Directory /workdir/hadoop-ozone/integration-test/target/test-dir/MiniOzoneClusterImpl-11fd0b5f-d681-468f-a8ef-4b8b3241900d/datanode-1/data/ratis/ee78a28d-e6fe-465f-b3d5-c1d989a42b2b
2019-10-09 10:08:14,024 [pool-217-thread-1] INFO  server.RaftServerConfigKeys (ConfUtils.java:logGet(43)) - raft.server.log.queue.byte-limit = 2147483647 (custom)
2019-10-09 10:08:14,024 [pool-217-thread-1] INFO  server.RaftServerConfigKeys (ConfUtils.java:logGet(43)) - raft.server.log.queue.element-limit = 1024 (custom)
2019-10-09 10:08:14,024 [pool-217-thread-1] INFO  server.RaftServerConfigKeys (ConfUtils.java:logGet(43)) - raft.server.log.segment.size.max = 1048576 (custom)
2019-10-09 10:08:14,024 [pool-217-thread-1] INFO  server.RaftServerConfigKeys (ConfUtils.java:logGet(43)) - raft.server.log.preallocated.size = 16384 (custom)
2019-10-09 10:08:14,024 [pool-217-thread-1] INFO  server.RaftServerConfigKeys (ConfUtils.java:logGet(43)) - raft.server.log.write.buffer.size = 33554432 (custom)
2019-10-09 10:08:14,024 [pool-217-thread-1] INFO  server.RaftServerConfigKeys (ConfUtils.java:logGet(43)) - raft.server.log.force.sync.num = 128 (default)
2019-10-09 10:08:14,025 [pool-217-thread-1] INFO  server.RaftServerConfigKeys (ConfUtils.java:logGet(43)) - raft.server.log.statemachine.data.sync = true (default)
2019-10-09 10:08:14,025 [pool-217-thread-1] INFO  server.RaftServerConfigKeys (ConfUtils.java:logGet(43)) - raft.server.log.statemachine.data.sync.timeout = 10s (default)
2019-10-09 10:08:14,025 [pool-217-thread-1] INFO  server.RaftServerConfigKeys (ConfUtils.java:logGet(43)) - raft.server.log.statemachine.data.sync.timeout.retry = -1 (default)
2019-10-09 10:08:14,025 [pool-217-thread-1] INFO  server.RaftServerConfigKeys (ConfUtils.java:logGet(43)) - raft.server.log.statemachine.data.caching.enabled = true (custom)
2019-10-09 10:08:14,026 [pool-217-thread-1] INFO  segmented.SegmentedRaftLogWorker (SegmentedRaftLogWorker.java:lambda$new$0(128)) - 5f603e7f-c5d0-429b-bdae-ead04b90af02@group-C1D989A42B2B-SegmentedRaftLogWorker: flushIndex: setUnconditionally 0 -> -1
2019-10-09 10:08:14,026 [pool-217-thread-1] INFO  server.RaftServerConfigKeys (ConfUtils.java:logGet(43)) - raft.server.snapshot.auto.trigger.enabled = true (custom)
2019-10-09 10:08:14,026 [pool-217-thread-1] INFO  server.RaftServerConfigKeys (ConfUtils.java:logGet(43)) - raft.server.snapshot.auto.trigger.threshold = 10000 (custom)
2019-10-09 10:08:14,026 [pool-217-thread-1] INFO  server.RaftServerConfigKeys (ConfUtils.java:logGet(43)) - raft.server.snapshot.retention.file.num = 5 (custom)
2019-10-09 10:08:14,026 [pool-217-thread-1] INFO  server.RaftServerConfigKeys (ConfUtils.java:logGet(43)) - raft.server.retrycache.expirytime = 600000ms (custom)
2019-10-09 10:08:14,028 [pool-217-thread-1] INFO  impl.RaftServerImpl (RaftServerImpl.java:start(181)) - 5f603e7f-c5d0-429b-bdae-ead04b90af02@group-C1D989A42B2B: start as a follower, conf=-1: [5f603e7f-c5d0-429b-bdae-ead04b90af02:192.168.164.205:45632], old=null
2019-10-09 10:08:14,028 [pool-217-thread-1] INFO  impl.RaftServerImpl (RaftServerImpl.java:setRole(170)) - 5f603e7f-c5d0-429b-bdae-ead04b90af02@group-C1D989A42B2B: changes role from      null to FOLLOWER at term 0 for startAsFollower
2019-10-09 10:08:14,028 [pool-217-thread-1] INFO  impl.RoleInfo (RoleInfo.java:updateAndGet(143)) - 5f603e7f-c5d0-429b-bdae-ead04b90af02: start FollowerState
2019-10-09 10:08:14,028 [pool-217-thread-1] INFO  util.JmxRegister (JmxRegister.java:tryRegister(44)) - Successfully registered JMX Bean with object name Ratis:service=RaftServer,group=group-C1D989A42B2B,id=5f603e7f-c5d0-429b-bdae-ead04b90af02
2019-10-09 10:08:14,033 [RatisPipelineUtilsThread] INFO  pipeline.PipelineStateManager (PipelineStateManager.java:addPipeline(56)) - Created pipeline Pipeline[ Id: ee78a28d-e6fe-465f-b3d5-c1d989a42b2b, Nodes: 5f603e7f-c5d0-429b-bdae-ead04b90af02{ip: 192.168.164.205, host: pr-hdds-2271-zcqt4-2554284801, networkLocation: /default-rack, certSerialId: null}, Type:RATIS, Factor:ONE, State:OPEN]
2019-10-09 10:08:14,041 [IPC Server handler 2 on 35685] INFO  net.NetworkTopology (NetworkTopologyImpl.java:add(111)) - Added a new node: /default-rack/ab022857-e651-46e0-9452-78f2a1d93581
2019-10-09 10:08:14,041 [IPC Server handler 2 on 35685] INFO  node.SCMNodeManager (SCMNodeManager.java:register(268)) - Registered Data node : ab022857-e651-46e0-9452-78f2a1d93581{ip: 192.168.164.205, host: pr-hdds-2271-zcqt4-2554284801, networkLocation: /default-rack, certSerialId: null}
2019-10-09 10:08:14,049 [grpc-default-executor-4] INFO  impl.RaftServerProxy (RaftServerProxy.java:addNew(89)) - ab022857-e651-46e0-9452-78f2a1d93581: addNew group-32E42ABD9F51:[ab022857-e651-46e0-9452-78f2a1d93581:192.168.164.205:46466] returns group-32E42ABD9F51:java.util.concurrent.CompletableFuture@50b63339[Not completed]
2019-10-09 10:08:14,050 [pool-227-thread-1] INFO  impl.RaftServerImpl (RaftServerImpl.java:<init>(95)) - ab022857-e651-46e0-9452-78f2a1d93581: new RaftServerImpl for group-32E42ABD9F51:[ab022857-e651-46e0-9452-78f2a1d93581:192.168.164.205:46466] with ContainerStateMachine:uninitialized
2019-10-09 10:08:14,050 [pool-227-thread-1] INFO  server.RaftServerConfigKeys (ConfUtils.java:logGet(43)) - raft.server.rpc.timeout.min = 5s (custom)
2019-10-09 10:08:14,050 [pool-227-thread-1] INFO  server.RaftServerConfigKeys (ConfUtils.java:logGet(43)) - raft.server.rpc.timeout.max = 5200ms (custom)
2019-10-09 10:08:14,050 [pool-227-thread-1] INFO  server.RaftServerConfigKeys (ConfUtils.java:logGet(43)) - raft.server.rpcslowness.timeout = 120s (custom)
2019-10-09 10:08:14,050 [pool-227-thread-1] INFO  server.RaftServerConfigKeys (ConfUtils.java:logGet(43)) - raft.server.sleep.deviation.threshold = 300 (default)
2019-10-09 10:08:14,050 [pool-227-thread-1] INFO  server.RaftServerConfigKeys (ConfUtils.java:logGet(43)) - raft.server.log.appender.install.snapshot.enabled = false (custom)
2019-10-09 10:08:14,050 [pool-227-thread-1] INFO  impl.RaftServerImpl (ServerState.java:<init>(103)) - ab022857-e651-46e0-9452-78f2a1d93581@group-32E42ABD9F51: ConfigurationManager, init=-1: [ab022857-e651-46e0-9452-78f2a1d93581:192.168.164.205:46466], old=null, confs=<EMPTY_MAP>
2019-10-09 10:08:14,050 [pool-227-thread-1] INFO  server.RaftServerConfigKeys (ConfUtils.java:logGet(43)) - raft.server.storage.dir = [/workdir/hadoop-ozone/integration-test/target/test-dir/MiniOzoneClusterImpl-11fd0b5f-d681-468f-a8ef-4b8b3241900d/datanode-2/data/ratis] (custom)
2019-10-09 10:08:14,050 [pool-227-thread-1] INFO  server.RaftServerConfigKeys (ConfUtils.java:logGet(43)) - raft.server.log.corruption.policy = EXCEPTION (default)
2019-10-09 10:08:14,051 [pool-227-thread-1] INFO  storage.RaftStorageDirectory (RaftStorageDirectory.java:analyzeStorage(246)) - The storage directory /workdir/hadoop-ozone/integration-test/target/test-dir/MiniOzoneClusterImpl-11fd0b5f-d681-468f-a8ef-4b8b3241900d/datanode-2/data/ratis/d99141d5-3598-4609-8cd6-32e42abd9f51 does not exist. Creating ...
2019-10-09 10:08:14,064 [pool-227-thread-1] INFO  storage.RaftStorageDirectory (RaftStorageDirectory.java:tryLock(328)) - Lock on /workdir/hadoop-ozone/integration-test/target/test-dir/MiniOzoneClusterImpl-11fd0b5f-d681-468f-a8ef-4b8b3241900d/datanode-2/data/ratis/d99141d5-3598-4609-8cd6-32e42abd9f51/in_use.lock acquired by nodename 17593@pr-hdds-2271-zcqt4-2554284801
2019-10-09 10:08:14,078 [pool-227-thread-1] INFO  storage.RaftStorage (RaftStorage.java:format(84)) - Storage directory /workdir/hadoop-ozone/integration-test/target/test-dir/MiniOzoneClusterImpl-11fd0b5f-d681-468f-a8ef-4b8b3241900d/datanode-2/data/ratis/d99141d5-3598-4609-8cd6-32e42abd9f51 has been successfully formatted.
2019-10-09 10:08:14,078 [pool-227-thread-1] INFO  ratis.ContainerStateMachine (ContainerStateMachine.java:loadSnapshot(231)) - group-32E42ABD9F51: The snapshot info is null. Setting the last applied indexto:(t:0, i:~)
2019-10-09 10:08:14,078 [pool-227-thread-1] INFO  server.RaftServerConfigKeys (ConfUtils.java:logGet(43)) - raft.server.notification.no-leader.timeout = 120s (custom)
2019-10-09 10:08:14,078 [pool-227-thread-1] INFO  server.RaftServerConfigKeys (ConfUtils.java:logGet(43)) - raft.server.log.use.memory = false (default)
2019-10-09 10:08:14,079 [pool-227-thread-1] INFO  server.RaftServerConfigKeys (ConfUtils.java:logGet(43)) - raft.server.log.purge.gap = 1000000 (custom)
2019-10-09 10:08:14,079 [pool-227-thread-1] INFO  server.RaftServerConfigKeys (ConfUtils.java:logGet(43)) - raft.server.log.appender.buffer.byte-limit = 33554432 (custom)
2019-10-09 10:08:14,079 [pool-227-thread-1] INFO  server.RaftServerConfigKeys (ConfUtils.java:logGet(43)) - raft.server.log.segment.size.max = 1048576 (custom)
2019-10-09 10:08:14,081 [pool-227-thread-1] INFO  server.RaftServerConfigKeys (ConfUtils.java:logGet(43)) - raft.server.log.segment.cache.num.max = 2 (custom)
2019-10-09 10:08:14,081 [pool-227-thread-1] INFO  segmented.SegmentedRaftLogWorker (SegmentedRaftLogWorker.java:<init>(173)) - new ab022857-e651-46e0-9452-78f2a1d93581@group-32E42ABD9F51-SegmentedRaftLogWorker for RaftStorage:Storage Directory /workdir/hadoop-ozone/integration-test/target/test-dir/MiniOzoneClusterImpl-11fd0b5f-d681-468f-a8ef-4b8b3241900d/datanode-2/data/ratis/d99141d5-3598-4609-8cd6-32e42abd9f51
2019-10-09 10:08:14,081 [pool-227-thread-1] INFO  server.RaftServerConfigKeys (ConfUtils.java:logGet(43)) - raft.server.log.queue.byte-limit = 2147483647 (custom)
2019-10-09 10:08:14,081 [pool-227-thread-1] INFO  server.RaftServerConfigKeys (ConfUtils.java:logGet(43)) - raft.server.log.queue.element-limit = 1024 (custom)
2019-10-09 10:08:14,081 [pool-227-thread-1] INFO  server.RaftServerConfigKeys (ConfUtils.java:logGet(43)) - raft.server.log.segment.size.max = 1048576 (custom)
2019-10-09 10:08:14,081 [pool-227-thread-1] INFO  server.RaftServerConfigKeys (ConfUtils.java:logGet(43)) - raft.server.log.preallocated.size = 16384 (custom)
2019-10-09 10:08:14,081 [pool-227-thread-1] INFO  server.RaftServerConfigKeys (ConfUtils.java:logGet(43)) - raft.server.log.write.buffer.size = 33554432 (custom)
2019-10-09 10:08:14,082 [pool-227-thread-1] INFO  server.RaftServerConfigKeys (ConfUtils.java:logGet(43)) - raft.server.log.force.sync.num = 128 (default)
2019-10-09 10:08:14,082 [pool-227-thread-1] INFO  server.RaftServerConfigKeys (ConfUtils.java:logGet(43)) - raft.server.log.statemachine.data.sync = true (default)
2019-10-09 10:08:14,082 [pool-227-thread-1] INFO  server.RaftServerConfigKeys (ConfUtils.java:logGet(43)) - raft.server.log.statemachine.data.sync.timeout = 10s (default)
2019-10-09 10:08:14,082 [pool-227-thread-1] INFO  server.RaftServerConfigKeys (ConfUtils.java:logGet(43)) - raft.server.log.statemachine.data.sync.timeout.retry = -1 (default)
2019-10-09 10:08:14,082 [pool-227-thread-1] INFO  server.RaftServerConfigKeys (ConfUtils.java:logGet(43)) - raft.server.log.statemachine.data.caching.enabled = true (custom)
2019-10-09 10:08:14,083 [pool-227-thread-1] INFO  segmented.SegmentedRaftLogWorker (SegmentedRaftLogWorker.java:lambda$new$0(128)) - ab022857-e651-46e0-9452-78f2a1d93581@group-32E42ABD9F51-SegmentedRaftLogWorker: flushIndex: setUnconditionally 0 -> -1
2019-10-09 10:08:14,083 [pool-227-thread-1] INFO  server.RaftServerConfigKeys (ConfUtils.java:logGet(43)) - raft.server.snapshot.auto.trigger.enabled = true (custom)
2019-10-09 10:08:14,083 [pool-227-thread-1] INFO  server.RaftServerConfigKeys (ConfUtils.java:logGet(43)) - raft.server.snapshot.auto.trigger.threshold = 10000 (custom)
2019-10-09 10:08:14,083 [pool-227-thread-1] INFO  server.RaftServerConfigKeys (ConfUtils.java:logGet(43)) - raft.server.snapshot.retention.file.num = 5 (custom)
2019-10-09 10:08:14,083 [pool-227-thread-1] INFO  server.RaftServerConfigKeys (ConfUtils.java:logGet(43)) - raft.server.retrycache.expirytime = 600000ms (custom)
2019-10-09 10:08:14,085 [pool-227-thread-1] INFO  impl.RaftServerImpl (RaftServerImpl.java:start(181)) - ab022857-e651-46e0-9452-78f2a1d93581@group-32E42ABD9F51: start as a follower, conf=-1: [ab022857-e651-46e0-9452-78f2a1d93581:192.168.164.205:46466], old=null
2019-10-09 10:08:14,085 [pool-227-thread-1] INFO  impl.RaftServerImpl (RaftServerImpl.java:setRole(170)) - ab022857-e651-46e0-9452-78f2a1d93581@group-32E42ABD9F51: changes role from      null to FOLLOWER at term 0 for startAsFollower
2019-10-09 10:08:14,085 [pool-227-thread-1] INFO  impl.RoleInfo (RoleInfo.java:updateAndGet(143)) - ab022857-e651-46e0-9452-78f2a1d93581: start FollowerState
2019-10-09 10:08:14,085 [pool-227-thread-1] INFO  util.JmxRegister (JmxRegister.java:tryRegister(44)) - Successfully registered JMX Bean with object name Ratis:service=RaftServer,group=group-32E42ABD9F51,id=ab022857-e651-46e0-9452-78f2a1d93581
2019-10-09 10:08:14,089 [RatisPipelineUtilsThread] INFO  pipeline.PipelineStateManager (PipelineStateManager.java:addPipeline(56)) - Created pipeline Pipeline[ Id: d99141d5-3598-4609-8cd6-32e42abd9f51, Nodes: ab022857-e651-46e0-9452-78f2a1d93581{ip: 192.168.164.205, host: pr-hdds-2271-zcqt4-2554284801, networkLocation: /default-rack, certSerialId: null}, Type:RATIS, Factor:ONE, State:OPEN]
2019-10-09 10:08:14,103 [IPC Server handler 0 on 35685] INFO  net.NetworkTopology (NetworkTopologyImpl.java:add(111)) - Added a new node: /default-rack/95ebdb13-24f7-4d19-91da-fac485f6b992
2019-10-09 10:08:14,103 [IPC Server handler 0 on 35685] INFO  node.SCMNodeManager (SCMNodeManager.java:register(268)) - Registered Data node : 95ebdb13-24f7-4d19-91da-fac485f6b992{ip: 192.168.164.205, host: pr-hdds-2271-zcqt4-2554284801, networkLocation: /default-rack, certSerialId: null}
2019-10-09 10:08:14,104 [grpc-default-executor-1] INFO  impl.RaftServerProxy (RaftServerProxy.java:addNew(89)) - 5f603e7f-c5d0-429b-bdae-ead04b90af02: addNew group-8FCD5B1B9009:[ea48651f-a535-41b5-a19b-b8cecb9d11ac:192.168.164.205:36592, 5f603e7f-c5d0-429b-bdae-ead04b90af02:192.168.164.205:45632, ab022857-e651-46e0-9452-78f2a1d93581:192.168.164.205:46466] returns group-8FCD5B1B9009:java.util.concurrent.CompletableFuture@5682402c[Not completed]
2019-10-09 10:08:14,104 [grpc-default-executor-5] INFO  impl.RaftServerProxy (RaftServerProxy.java:addNew(89)) - ab022857-e651-46e0-9452-78f2a1d93581: addNew group-8FCD5B1B9009:[ea48651f-a535-41b5-a19b-b8cecb9d11ac:192.168.164.205:36592, 5f603e7f-c5d0-429b-bdae-ead04b90af02:192.168.164.205:45632, ab022857-e651-46e0-9452-78f2a1d93581:192.168.164.205:46466] returns group-8FCD5B1B9009:java.util.concurrent.CompletableFuture@12862932[Not completed]
2019-10-09 10:08:14,104 [grpc-default-executor-4] INFO  impl.RaftServerProxy (RaftServerProxy.java:addNew(89)) - ea48651f-a535-41b5-a19b-b8cecb9d11ac: addNew group-8FCD5B1B9009:[ea48651f-a535-41b5-a19b-b8cecb9d11ac:192.168.164.205:36592, 5f603e7f-c5d0-429b-bdae-ead04b90af02:192.168.164.205:45632, ab022857-e651-46e0-9452-78f2a1d93581:192.168.164.205:46466] returns group-8FCD5B1B9009:java.util.concurrent.CompletableFuture@3c516213[Not completed]
2019-10-09 10:08:14,105 [pool-207-thread-1] INFO  impl.RaftServerImpl (RaftServerImpl.java:<init>(95)) - ea48651f-a535-41b5-a19b-b8cecb9d11ac: new RaftServerImpl for group-8FCD5B1B9009:[ea48651f-a535-41b5-a19b-b8cecb9d11ac:192.168.164.205:36592, 5f603e7f-c5d0-429b-bdae-ead04b90af02:192.168.164.205:45632, ab022857-e651-46e0-9452-78f2a1d93581:192.168.164.205:46466] with ContainerStateMachine:uninitialized
2019-10-09 10:08:14,105 [pool-207-thread-1] INFO  server.RaftServerConfigKeys (ConfUtils.java:logGet(43)) - raft.server.rpc.timeout.min = 5s (custom)
2019-10-09 10:08:14,106 [pool-207-thread-1] INFO  server.RaftServerConfigKeys (ConfUtils.java:logGet(43)) - raft.server.rpc.timeout.max = 5200ms (custom)
2019-10-09 10:08:14,106 [pool-207-thread-1] INFO  server.RaftServerConfigKeys (ConfUtils.java:logGet(43)) - raft.server.rpcslowness.timeout = 120s (custom)
2019-10-09 10:08:14,106 [pool-207-thread-1] INFO  server.RaftServerConfigKeys (ConfUtils.java:logGet(43)) - raft.server.sleep.deviation.threshold = 300 (default)
2019-10-09 10:08:14,106 [pool-207-thread-1] INFO  server.RaftServerConfigKeys (ConfUtils.java:logGet(43)) - raft.server.log.appender.install.snapshot.enabled = false (custom)
2019-10-09 10:08:14,106 [pool-207-thread-1] INFO  impl.RaftServerImpl (ServerState.java:<init>(103)) - ea48651f-a535-41b5-a19b-b8cecb9d11ac@group-8FCD5B1B9009: ConfigurationManager, init=-1: [ea48651f-a535-41b5-a19b-b8cecb9d11ac:192.168.164.205:36592, 5f603e7f-c5d0-429b-bdae-ead04b90af02:192.168.164.205:45632, ab022857-e651-46e0-9452-78f2a1d93581:192.168.164.205:46466], old=null, confs=<EMPTY_MAP>
2019-10-09 10:08:14,106 [pool-217-thread-1] INFO  impl.RaftServerImpl (RaftServerImpl.java:<init>(95)) - 5f603e7f-c5d0-429b-bdae-ead04b90af02: new RaftServerImpl for group-8FCD5B1B9009:[ea48651f-a535-41b5-a19b-b8cecb9d11ac:192.168.164.205:36592, 5f603e7f-c5d0-429b-bdae-ead04b90af02:192.168.164.205:45632, ab022857-e651-46e0-9452-78f2a1d93581:192.168.164.205:46466] with ContainerStateMachine:uninitialized
2019-10-09 10:08:14,106 [pool-207-thread-1] INFO  server.RaftServerConfigKeys (ConfUtils.java:logGet(43)) - raft.server.storage.dir = [/workdir/hadoop-ozone/integration-test/target/test-dir/MiniOzoneClusterImpl-11fd0b5f-d681-468f-a8ef-4b8b3241900d/datanode-0/data/ratis] (custom)
2019-10-09 10:08:14,106 [pool-217-thread-1] INFO  server.RaftServerConfigKeys (ConfUtils.java:logGet(43)) - raft.server.rpc.timeout.min = 5s (custom)
2019-10-09 10:08:14,106 [pool-217-thread-1] INFO  server.RaftServerConfigKeys (ConfUtils.java:logGet(43)) - raft.server.rpc.timeout.max = 5200ms (custom)
2019-10-09 10:08:14,107 [pool-227-thread-1] INFO  impl.RaftServerImpl (RaftServerImpl.java:<init>(95)) - ab022857-e651-46e0-9452-78f2a1d93581: new RaftServerImpl for group-8FCD5B1B9009:[ea48651f-a535-41b5-a19b-b8cecb9d11ac:192.168.164.205:36592, 5f603e7f-c5d0-429b-bdae-ead04b90af02:192.168.164.205:45632, ab022857-e651-46e0-9452-78f2a1d93581:192.168.164.205:46466] with ContainerStateMachine:uninitialized
2019-10-09 10:08:14,106 [pool-207-thread-1] INFO  server.RaftServerConfigKeys (ConfUtils.java:logGet(43)) - raft.server.log.corruption.policy = EXCEPTION (default)
2019-10-09 10:08:14,107 [pool-227-thread-1] INFO  server.RaftServerConfigKeys (ConfUtils.java:logGet(43)) - raft.server.rpc.timeout.min = 5s (custom)
2019-10-09 10:08:14,107 [pool-217-thread-1] INFO  server.RaftServerConfigKeys (ConfUtils.java:logGet(43)) - raft.server.rpcslowness.timeout = 120s (custom)
2019-10-09 10:08:14,107 [pool-227-thread-1] INFO  server.RaftServerConfigKeys (ConfUtils.java:logGet(43)) - raft.server.rpc.timeout.max = 5200ms (custom)
2019-10-09 10:08:14,107 [pool-207-thread-1] INFO  storage.RaftStorageDirectory (RaftStorageDirectory.java:analyzeStorage(246)) - The storage directory /workdir/hadoop-ozone/integration-test/target/test-dir/MiniOzoneClusterImpl-11fd0b5f-d681-468f-a8ef-4b8b3241900d/datanode-0/data/ratis/12c53af5-0e89-44c4-8926-8fcd5b1b9009 does not exist. Creating ...
2019-10-09 10:08:14,107 [pool-227-thread-1] INFO  server.RaftServerConfigKeys (ConfUtils.java:logGet(43)) - raft.server.rpcslowness.timeout = 120s (custom)
2019-10-09 10:08:14,107 [pool-217-thread-1] INFO  server.RaftServerConfigKeys (ConfUtils.java:logGet(43)) - raft.server.sleep.deviation.threshold = 300 (default)
2019-10-09 10:08:14,107 [pool-227-thread-1] INFO  server.RaftServerConfigKeys (ConfUtils.java:logGet(43)) - raft.server.sleep.deviation.threshold = 300 (default)
2019-10-09 10:08:14,108 [pool-217-thread-1] INFO  server.RaftServerConfigKeys (ConfUtils.java:logGet(43)) - raft.server.log.appender.install.snapshot.enabled = false (custom)
2019-10-09 10:08:14,108 [pool-227-thread-1] INFO  server.RaftServerConfigKeys (ConfUtils.java:logGet(43)) - raft.server.log.appender.install.snapshot.enabled = false (custom)
2019-10-09 10:08:14,108 [pool-217-thread-1] INFO  impl.RaftServerImpl (ServerState.java:<init>(103)) - 5f603e7f-c5d0-429b-bdae-ead04b90af02@group-8FCD5B1B9009: ConfigurationManager, init=-1: [ea48651f-a535-41b5-a19b-b8cecb9d11ac:192.168.164.205:36592, 5f603e7f-c5d0-429b-bdae-ead04b90af02:192.168.164.205:45632, ab022857-e651-46e0-9452-78f2a1d93581:192.168.164.205:46466], old=null, confs=<EMPTY_MAP>
2019-10-09 10:08:14,108 [pool-227-thread-1] INFO  impl.RaftServerImpl (ServerState.java:<init>(103)) - ab022857-e651-46e0-9452-78f2a1d93581@group-8FCD5B1B9009: ConfigurationManager, init=-1: [ea48651f-a535-41b5-a19b-b8cecb9d11ac:192.168.164.205:36592, 5f603e7f-c5d0-429b-bdae-ead04b90af02:192.168.164.205:45632, ab022857-e651-46e0-9452-78f2a1d93581:192.168.164.205:46466], old=null, confs=<EMPTY_MAP>
2019-10-09 10:08:14,108 [pool-217-thread-1] INFO  server.RaftServerConfigKeys (ConfUtils.java:logGet(43)) - raft.server.storage.dir = [/workdir/hadoop-ozone/integration-test/target/test-dir/MiniOzoneClusterImpl-11fd0b5f-d681-468f-a8ef-4b8b3241900d/datanode-1/data/ratis] (custom)
2019-10-09 10:08:14,108 [pool-227-thread-1] INFO  server.RaftServerConfigKeys (ConfUtils.java:logGet(43)) - raft.server.storage.dir = [/workdir/hadoop-ozone/integration-test/target/test-dir/MiniOzoneClusterImpl-11fd0b5f-d681-468f-a8ef-4b8b3241900d/datanode-2/data/ratis] (custom)
2019-10-09 10:08:14,108 [pool-217-thread-1] INFO  server.RaftServerConfigKeys (ConfUtils.java:logGet(43)) - raft.server.log.corruption.policy = EXCEPTION (default)
2019-10-09 10:08:14,108 [pool-227-thread-1] INFO  server.RaftServerConfigKeys (ConfUtils.java:logGet(43)) - raft.server.log.corruption.policy = EXCEPTION (default)
2019-10-09 10:08:14,109 [pool-217-thread-1] INFO  storage.RaftStorageDirectory (RaftStorageDirectory.java:analyzeStorage(246)) - The storage directory /workdir/hadoop-ozone/integration-test/target/test-dir/MiniOzoneClusterImpl-11fd0b5f-d681-468f-a8ef-4b8b3241900d/datanode-1/data/ratis/12c53af5-0e89-44c4-8926-8fcd5b1b9009 does not exist. Creating ...
2019-10-09 10:08:14,109 [pool-227-thread-1] INFO  storage.RaftStorageDirectory (RaftStorageDirectory.java:analyzeStorage(246)) - The storage directory /workdir/hadoop-ozone/integration-test/target/test-dir/MiniOzoneClusterImpl-11fd0b5f-d681-468f-a8ef-4b8b3241900d/datanode-2/data/ratis/12c53af5-0e89-44c4-8926-8fcd5b1b9009 does not exist. Creating ...
2019-10-09 10:08:14,121 [pool-227-thread-1] INFO  storage.RaftStorageDirectory (RaftStorageDirectory.java:tryLock(328)) - Lock on /workdir/hadoop-ozone/integration-test/target/test-dir/MiniOzoneClusterImpl-11fd0b5f-d681-468f-a8ef-4b8b3241900d/datanode-2/data/ratis/12c53af5-0e89-44c4-8926-8fcd5b1b9009/in_use.lock acquired by nodename 17593@pr-hdds-2271-zcqt4-2554284801
2019-10-09 10:08:14,121 [pool-207-thread-1] INFO  storage.RaftStorageDirectory (RaftStorageDirectory.java:tryLock(328)) - Lock on /workdir/hadoop-ozone/integration-test/target/test-dir/MiniOzoneClusterImpl-11fd0b5f-d681-468f-a8ef-4b8b3241900d/datanode-0/data/ratis/12c53af5-0e89-44c4-8926-8fcd5b1b9009/in_use.lock acquired by nodename 17593@pr-hdds-2271-zcqt4-2554284801
2019-10-09 10:08:14,121 [pool-217-thread-1] INFO  storage.RaftStorageDirectory (RaftStorageDirectory.java:tryLock(328)) - Lock on /workdir/hadoop-ozone/integration-test/target/test-dir/MiniOzoneClusterImpl-11fd0b5f-d681-468f-a8ef-4b8b3241900d/datanode-1/data/ratis/12c53af5-0e89-44c4-8926-8fcd5b1b9009/in_use.lock acquired by nodename 17593@pr-hdds-2271-zcqt4-2554284801
2019-10-09 10:08:14,136 [pool-217-thread-1] INFO  storage.RaftStorage (RaftStorage.java:format(84)) - Storage directory /workdir/hadoop-ozone/integration-test/target/test-dir/MiniOzoneClusterImpl-11fd0b5f-d681-468f-a8ef-4b8b3241900d/datanode-1/data/ratis/12c53af5-0e89-44c4-8926-8fcd5b1b9009 has been successfully formatted.
2019-10-09 10:08:14,136 [pool-207-thread-1] INFO  storage.RaftStorage (RaftStorage.java:format(84)) - Storage directory /workdir/hadoop-ozone/integration-test/target/test-dir/MiniOzoneClusterImpl-11fd0b5f-d681-468f-a8ef-4b8b3241900d/datanode-0/data/ratis/12c53af5-0e89-44c4-8926-8fcd5b1b9009 has been successfully formatted.
2019-10-09 10:08:14,136 [pool-227-thread-1] INFO  storage.RaftStorage (RaftStorage.java:format(84)) - Storage directory /workdir/hadoop-ozone/integration-test/target/test-dir/MiniOzoneClusterImpl-11fd0b5f-d681-468f-a8ef-4b8b3241900d/datanode-2/data/ratis/12c53af5-0e89-44c4-8926-8fcd5b1b9009 has been successfully formatted.
2019-10-09 10:08:14,136 [pool-207-thread-1] INFO  ratis.ContainerStateMachine (ContainerStateMachine.java:loadSnapshot(231)) - group-8FCD5B1B9009: The snapshot info is null. Setting the last applied indexto:(t:0, i:~)
2019-10-09 10:08:14,136 [pool-217-thread-1] INFO  ratis.ContainerStateMachine (ContainerStateMachine.java:loadSnapshot(231)) - group-8FCD5B1B9009: The snapshot info is null. Setting the last applied indexto:(t:0, i:~)
2019-10-09 10:08:14,137 [pool-207-thread-1] INFO  server.RaftServerConfigKeys (ConfUtils.java:logGet(43)) - raft.server.notification.no-leader.timeout = 120s (custom)
2019-10-09 10:08:14,137 [pool-227-thread-1] INFO  ratis.ContainerStateMachine (ContainerStateMachine.java:loadSnapshot(231)) - group-8FCD5B1B9009: The snapshot info is null. Setting the last applied indexto:(t:0, i:~)
2019-10-09 10:08:14,137 [pool-207-thread-1] INFO  server.RaftServerConfigKeys (ConfUtils.java:logGet(43)) - raft.server.log.use.memory = false (default)
2019-10-09 10:08:14,137 [pool-217-thread-1] INFO  server.RaftServerConfigKeys (ConfUtils.java:logGet(43)) - raft.server.notification.no-leader.timeout = 120s (custom)
2019-10-09 10:08:14,137 [pool-207-thread-1] INFO  server.RaftServerConfigKeys (ConfUtils.java:logGet(43)) - raft.server.log.purge.gap = 1000000 (custom)
2019-10-09 10:08:14,137 [pool-227-thread-1] INFO  server.RaftServerConfigKeys (ConfUtils.java:logGet(43)) - raft.server.notification.no-leader.timeout = 120s (custom)
2019-10-09 10:08:14,137 [pool-207-thread-1] INFO  server.RaftServerConfigKeys (ConfUtils.java:logGet(43)) - raft.server.log.appender.buffer.byte-limit = 33554432 (custom)
2019-10-09 10:08:14,137 [pool-217-thread-1] INFO  server.RaftServerConfigKeys (ConfUtils.java:logGet(43)) - raft.server.log.use.memory = false (default)
2019-10-09 10:08:14,137 [pool-207-thread-1] INFO  server.RaftServerConfigKeys (ConfUtils.java:logGet(43)) - raft.server.log.segment.size.max = 1048576 (custom)
2019-10-09 10:08:14,137 [pool-227-thread-1] INFO  server.RaftServerConfigKeys (ConfUtils.java:logGet(43)) - raft.server.log.use.memory = false (default)
2019-10-09 10:08:14,138 [pool-207-thread-1] INFO  server.RaftServerConfigKeys (ConfUtils.java:logGet(43)) - raft.server.log.segment.cache.num.max = 2 (custom)
2019-10-09 10:08:14,138 [pool-217-thread-1] INFO  server.RaftServerConfigKeys (ConfUtils.java:logGet(43)) - raft.server.log.purge.gap = 1000000 (custom)
2019-10-09 10:08:14,138 [pool-207-thread-1] INFO  segmented.SegmentedRaftLogWorker (SegmentedRaftLogWorker.java:<init>(173)) - new ea48651f-a535-41b5-a19b-b8cecb9d11ac@group-8FCD5B1B9009-SegmentedRaftLogWorker for RaftStorage:Storage Directory /workdir/hadoop-ozone/integration-test/target/test-dir/MiniOzoneClusterImpl-11fd0b5f-d681-468f-a8ef-4b8b3241900d/datanode-0/data/ratis/12c53af5-0e89-44c4-8926-8fcd5b1b9009
2019-10-09 10:08:14,138 [pool-227-thread-1] INFO  server.RaftServerConfigKeys (ConfUtils.java:logGet(43)) - raft.server.log.purge.gap = 1000000 (custom)
2019-10-09 10:08:14,138 [pool-207-thread-1] INFO  server.RaftServerConfigKeys (ConfUtils.java:logGet(43)) - raft.server.log.queue.byte-limit = 2147483647 (custom)
2019-10-09 10:08:14,138 [pool-217-thread-1] INFO  server.RaftServerConfigKeys (ConfUtils.java:logGet(43)) - raft.server.log.appender.buffer.byte-limit = 33554432 (custom)
2019-10-09 10:08:14,138 [pool-207-thread-1] INFO  server.RaftServerConfigKeys (ConfUtils.java:logGet(43)) - raft.server.log.queue.element-limit = 1024 (custom)
2019-10-09 10:08:14,138 [pool-227-thread-1] INFO  server.RaftServerConfigKeys (ConfUtils.java:logGet(43)) - raft.server.log.appender.buffer.byte-limit = 33554432 (custom)
2019-10-09 10:08:14,139 [pool-207-thread-1] INFO  server.RaftServerConfigKeys (ConfUtils.java:logGet(43)) - raft.server.log.segment.size.max = 1048576 (custom)
2019-10-09 10:08:14,138 [pool-217-thread-1] INFO  server.RaftServerConfigKeys (ConfUtils.java:logGet(43)) - raft.server.log.segment.size.max = 1048576 (custom)
2019-10-09 10:08:14,139 [pool-207-thread-1] INFO  server.RaftServerConfigKeys (ConfUtils.java:logGet(43)) - raft.server.log.preallocated.size = 16384 (custom)
2019-10-09 10:08:14,139 [pool-207-thread-1] INFO  server.RaftServerConfigKeys (ConfUtils.java:logGet(43)) - raft.server.log.write.buffer.size = 33554432 (custom)
2019-10-09 10:08:14,139 [pool-207-thread-1] INFO  server.RaftServerConfigKeys (ConfUtils.java:logGet(43)) - raft.server.log.force.sync.num = 128 (default)
2019-10-09 10:08:14,139 [pool-227-thread-1] INFO  server.RaftServerConfigKeys (ConfUtils.java:logGet(43)) - raft.server.log.segment.size.max = 1048576 (custom)
2019-10-09 10:08:14,139 [pool-207-thread-1] INFO  server.RaftServerConfigKeys (ConfUtils.java:logGet(43)) - raft.server.log.statemachine.data.sync = true (default)
2019-10-09 10:08:14,139 [pool-217-thread-1] INFO  server.RaftServerConfigKeys (ConfUtils.java:logGet(43)) - raft.server.log.segment.cache.num.max = 2 (custom)
2019-10-09 10:08:14,139 [pool-207-thread-1] INFO  server.RaftServerConfigKeys (ConfUtils.java:logGet(43)) - raft.server.log.statemachine.data.sync.timeout = 10s (default)
2019-10-09 10:08:14,139 [pool-227-thread-1] INFO  server.RaftServerConfigKeys (ConfUtils.java:logGet(43)) - raft.server.log.segment.cache.num.max = 2 (custom)
2019-10-09 10:08:14,140 [pool-207-thread-1] INFO  server.RaftServerConfigKeys (ConfUtils.java:logGet(43)) - raft.server.log.statemachine.data.sync.timeout.retry = -1 (default)
2019-10-09 10:08:14,140 [pool-217-thread-1] INFO  segmented.SegmentedRaftLogWorker (SegmentedRaftLogWorker.java:<init>(173)) - new 5f603e7f-c5d0-429b-bdae-ead04b90af02@group-8FCD5B1B9009-SegmentedRaftLogWorker for RaftStorage:Storage Directory /workdir/hadoop-ozone/integration-test/target/test-dir/MiniOzoneClusterImpl-11fd0b5f-d681-468f-a8ef-4b8b3241900d/datanode-1/data/ratis/12c53af5-0e89-44c4-8926-8fcd5b1b9009
2019-10-09 10:08:14,140 [pool-207-thread-1] INFO  server.RaftServerConfigKeys (ConfUtils.java:logGet(43)) - raft.server.log.statemachine.data.caching.enabled = true (custom)
2019-10-09 10:08:14,140 [pool-227-thread-1] INFO  segmented.SegmentedRaftLogWorker (SegmentedRaftLogWorker.java:<init>(173)) - new ab022857-e651-46e0-9452-78f2a1d93581@group-8FCD5B1B9009-SegmentedRaftLogWorker for RaftStorage:Storage Directory /workdir/hadoop-ozone/integration-test/target/test-dir/MiniOzoneClusterImpl-11fd0b5f-d681-468f-a8ef-4b8b3241900d/datanode-2/data/ratis/12c53af5-0e89-44c4-8926-8fcd5b1b9009
2019-10-09 10:08:14,140 [pool-217-thread-1] INFO  server.RaftServerConfigKeys (ConfUtils.java:logGet(43)) - raft.server.log.queue.byte-limit = 2147483647 (custom)
2019-10-09 10:08:14,140 [pool-227-thread-1] INFO  server.RaftServerConfigKeys (ConfUtils.java:logGet(43)) - raft.server.log.queue.byte-limit = 2147483647 (custom)
2019-10-09 10:08:14,140 [pool-207-thread-1] INFO  segmented.SegmentedRaftLogWorker (SegmentedRaftLogWorker.java:lambda$new$0(128)) - ea48651f-a535-41b5-a19b-b8cecb9d11ac@group-8FCD5B1B9009-SegmentedRaftLogWorker: flushIndex: setUnconditionally 0 -> -1
2019-10-09 10:08:14,140 [pool-227-thread-1] INFO  server.RaftServerConfigKeys (ConfUtils.java:logGet(43)) - raft.server.log.queue.element-limit = 1024 (custom)
2019-10-09 10:08:14,140 [pool-217-thread-1] INFO  server.RaftServerConfigKeys (ConfUtils.java:logGet(43)) - raft.server.log.queue.element-limit = 1024 (custom)
2019-10-09 10:08:14,141 [pool-227-thread-1] INFO  server.RaftServerConfigKeys (ConfUtils.java:logGet(43)) - raft.server.log.segment.size.max = 1048576 (custom)
2019-10-09 10:08:14,141 [pool-207-thread-1] INFO  server.RaftServerConfigKeys (ConfUtils.java:logGet(43)) - raft.server.snapshot.auto.trigger.enabled = true (custom)
2019-10-09 10:08:14,141 [pool-227-thread-1] INFO  server.RaftServerConfigKeys (ConfUtils.java:logGet(43)) - raft.server.log.preallocated.size = 16384 (custom)
2019-10-09 10:08:14,141 [pool-217-thread-1] INFO  server.RaftServerConfigKeys (ConfUtils.java:logGet(43)) - raft.server.log.segment.size.max = 1048576 (custom)
2019-10-09 10:08:14,141 [pool-227-thread-1] INFO  server.RaftServerConfigKeys (ConfUtils.java:logGet(43)) - raft.server.log.write.buffer.size = 33554432 (custom)
2019-10-09 10:08:14,141 [pool-207-thread-1] INFO  server.RaftServerConfigKeys (ConfUtils.java:logGet(43)) - raft.server.snapshot.auto.trigger.threshold = 10000 (custom)
2019-10-09 10:08:14,141 [pool-227-thread-1] INFO  server.RaftServerConfigKeys (ConfUtils.java:logGet(43)) - raft.server.log.force.sync.num = 128 (default)
2019-10-09 10:08:14,141 [pool-217-thread-1] INFO  server.RaftServerConfigKeys (ConfUtils.java:logGet(43)) - raft.server.log.preallocated.size = 16384 (custom)
2019-10-09 10:08:14,142 [pool-227-thread-1] INFO  server.RaftServerConfigKeys (ConfUtils.java:logGet(43)) - raft.server.log.statemachine.data.sync = true (default)
2019-10-09 10:08:14,142 [pool-207-thread-1] INFO  server.RaftServerConfigKeys (ConfUtils.java:logGet(43)) - raft.server.snapshot.retention.file.num = 5 (custom)
2019-10-09 10:08:14,142 [pool-217-thread-1] INFO  server.RaftServerConfigKeys (ConfUtils.java:logGet(43)) - raft.server.log.write.buffer.size = 33554432 (custom)
2019-10-09 10:08:14,142 [pool-207-thread-1] INFO  server.RaftServerConfigKeys (ConfUtils.java:logGet(43)) - raft.server.retrycache.expirytime = 600000ms (custom)
2019-10-09 10:08:14,142 [pool-227-thread-1] INFO  server.RaftServerConfigKeys (ConfUtils.java:logGet(43)) - raft.server.log.statemachine.data.sync.timeout = 10s (default)
2019-10-09 10:08:14,142 [pool-217-thread-1] INFO  server.RaftServerConfigKeys (ConfUtils.java:logGet(43)) - raft.server.log.force.sync.num = 128 (default)
2019-10-09 10:08:14,142 [pool-227-thread-1] INFO  server.RaftServerConfigKeys (ConfUtils.java:logGet(43)) - raft.server.log.statemachine.data.sync.timeout.retry = -1 (default)
2019-10-09 10:08:14,143 [pool-217-thread-1] INFO  server.RaftServerConfigKeys (ConfUtils.java:logGet(43)) - raft.server.log.statemachine.data.sync = true (default)
2019-10-09 10:08:14,143 [pool-227-thread-1] INFO  server.RaftServerConfigKeys (ConfUtils.java:logGet(43)) - raft.server.log.statemachine.data.caching.enabled = true (custom)
2019-10-09 10:08:14,143 [pool-217-thread-1] INFO  server.RaftServerConfigKeys (ConfUtils.java:logGet(43)) - raft.server.log.statemachine.data.sync.timeout = 10s (default)
2019-10-09 10:08:14,143 [pool-217-thread-1] INFO  server.RaftServerConfigKeys (ConfUtils.java:logGet(43)) - raft.server.log.statemachine.data.sync.timeout.retry = -1 (default)
2019-10-09 10:08:14,143 [pool-227-thread-1] INFO  segmented.SegmentedRaftLogWorker (SegmentedRaftLogWorker.java:lambda$new$0(128)) - ab022857-e651-46e0-9452-78f2a1d93581@group-8FCD5B1B9009-SegmentedRaftLogWorker: flushIndex: setUnconditionally 0 -> -1
2019-10-09 10:08:14,143 [pool-217-thread-1] INFO  server.RaftServerConfigKeys (ConfUtils.java:logGet(43)) - raft.server.log.statemachine.data.caching.enabled = true (custom)
2019-10-09 10:08:14,144 [pool-227-thread-1] INFO  server.RaftServerConfigKeys (ConfUtils.java:logGet(43)) - raft.server.snapshot.auto.trigger.enabled = true (custom)
2019-10-09 10:08:14,144 [pool-217-thread-1] INFO  segmented.SegmentedRaftLogWorker (SegmentedRaftLogWorker.java:lambda$new$0(128)) - 5f603e7f-c5d0-429b-bdae-ead04b90af02@group-8FCD5B1B9009-SegmentedRaftLogWorker: flushIndex: setUnconditionally 0 -> -1
2019-10-09 10:08:14,144 [pool-207-thread-1] INFO  impl.RaftServerImpl (RaftServerImpl.java:start(181)) - ea48651f-a535-41b5-a19b-b8cecb9d11ac@group-8FCD5B1B9009: start as a follower, conf=-1: [ea48651f-a535-41b5-a19b-b8cecb9d11ac:192.168.164.205:36592, 5f603e7f-c5d0-429b-bdae-ead04b90af02:192.168.164.205:45632, ab022857-e651-46e0-9452-78f2a1d93581:192.168.164.205:46466], old=null
2019-10-09 10:08:14,144 [pool-227-thread-1] INFO  server.RaftServerConfigKeys (ConfUtils.java:logGet(43)) - raft.server.snapshot.auto.trigger.threshold = 10000 (custom)
2019-10-09 10:08:14,144 [pool-217-thread-1] INFO  server.RaftServerConfigKeys (ConfUtils.java:logGet(43)) - raft.server.snapshot.auto.trigger.enabled = true (custom)
2019-10-09 10:08:14,144 [pool-207-thread-1] INFO  impl.RaftServerImpl (RaftServerImpl.java:setRole(170)) - ea48651f-a535-41b5-a19b-b8cecb9d11ac@group-8FCD5B1B9009: changes role from      null to FOLLOWER at term 0 for startAsFollower
2019-10-09 10:08:14,144 [pool-217-thread-1] INFO  server.RaftServerConfigKeys (ConfUtils.java:logGet(43)) - raft.server.snapshot.auto.trigger.threshold = 10000 (custom)
2019-10-09 10:08:14,144 [pool-227-thread-1] INFO  server.RaftServerConfigKeys (ConfUtils.java:logGet(43)) - raft.server.snapshot.retention.file.num = 5 (custom)
2019-10-09 10:08:14,144 [pool-217-thread-1] INFO  server.RaftServerConfigKeys (ConfUtils.java:logGet(43)) - raft.server.snapshot.retention.file.num = 5 (custom)
2019-10-09 10:08:14,144 [pool-207-thread-1] INFO  impl.RoleInfo (RoleInfo.java:updateAndGet(143)) - ea48651f-a535-41b5-a19b-b8cecb9d11ac: start FollowerState
2019-10-09 10:08:14,145 [pool-217-thread-1] INFO  server.RaftServerConfigKeys (ConfUtils.java:logGet(43)) - raft.server.retrycache.expirytime = 600000ms (custom)
2019-10-09 10:08:14,144 [pool-227-thread-1] INFO  server.RaftServerConfigKeys (ConfUtils.java:logGet(43)) - raft.server.retrycache.expirytime = 600000ms (custom)
2019-10-09 10:08:14,145 [pool-207-thread-1] INFO  util.JmxRegister (JmxRegister.java:tryRegister(44)) - Successfully registered JMX Bean with object name Ratis:service=RaftServer,group=group-8FCD5B1B9009,id=ea48651f-a535-41b5-a19b-b8cecb9d11ac
2019-10-09 10:08:14,148 [pool-217-thread-1] INFO  impl.RaftServerImpl (RaftServerImpl.java:start(181)) - 5f603e7f-c5d0-429b-bdae-ead04b90af02@group-8FCD5B1B9009: start as a follower, conf=-1: [ea48651f-a535-41b5-a19b-b8cecb9d11ac:192.168.164.205:36592, 5f603e7f-c5d0-429b-bdae-ead04b90af02:192.168.164.205:45632, ab022857-e651-46e0-9452-78f2a1d93581:192.168.164.205:46466], old=null
2019-10-09 10:08:14,148 [pool-217-thread-1] INFO  impl.RaftServerImpl (RaftServerImpl.java:setRole(170)) - 5f603e7f-c5d0-429b-bdae-ead04b90af02@group-8FCD5B1B9009: changes role from      null to FOLLOWER at term 0 for startAsFollower
2019-10-09 10:08:14,149 [pool-217-thread-1] INFO  impl.RoleInfo (RoleInfo.java:updateAndGet(143)) - 5f603e7f-c5d0-429b-bdae-ead04b90af02: start FollowerState
2019-10-09 10:08:14,149 [pool-227-thread-1] INFO  impl.RaftServerImpl (RaftServerImpl.java:start(181)) - ab022857-e651-46e0-9452-78f2a1d93581@group-8FCD5B1B9009: start as a follower, conf=-1: [ea48651f-a535-41b5-a19b-b8cecb9d11ac:192.168.164.205:36592, 5f603e7f-c5d0-429b-bdae-ead04b90af02:192.168.164.205:45632, ab022857-e651-46e0-9452-78f2a1d93581:192.168.164.205:46466], old=null
2019-10-09 10:08:14,149 [pool-217-thread-1] INFO  util.JmxRegister (JmxRegister.java:tryRegister(44)) - Successfully registered JMX Bean with object name Ratis:service=RaftServer,group=group-8FCD5B1B9009,id=5f603e7f-c5d0-429b-bdae-ead04b90af02
2019-10-09 10:08:14,149 [pool-227-thread-1] INFO  impl.RaftServerImpl (RaftServerImpl.java:setRole(170)) - ab022857-e651-46e0-9452-78f2a1d93581@group-8FCD5B1B9009: changes role from      null to FOLLOWER at term 0 for startAsFollower
2019-10-09 10:08:14,149 [pool-227-thread-1] INFO  impl.RoleInfo (RoleInfo.java:updateAndGet(143)) - ab022857-e651-46e0-9452-78f2a1d93581: start FollowerState
2019-10-09 10:08:14,150 [pool-227-thread-1] INFO  util.JmxRegister (JmxRegister.java:tryRegister(44)) - Successfully registered JMX Bean with object name Ratis:service=RaftServer,group=group-8FCD5B1B9009,id=ab022857-e651-46e0-9452-78f2a1d93581
2019-10-09 10:08:14,155 [RatisPipelineUtilsThread] INFO  pipeline.PipelineStateManager (PipelineStateManager.java:addPipeline(56)) - Created pipeline Pipeline[ Id: 12c53af5-0e89-44c4-8926-8fcd5b1b9009, Nodes: ea48651f-a535-41b5-a19b-b8cecb9d11ac{ip: 192.168.164.205, host: pr-hdds-2271-zcqt4-2554284801, networkLocation: /default-rack, certSerialId: null}5f603e7f-c5d0-429b-bdae-ead04b90af02{ip: 192.168.164.205, host: pr-hdds-2271-zcqt4-2554284801, networkLocation: /default-rack, certSerialId: null}ab022857-e651-46e0-9452-78f2a1d93581{ip: 192.168.164.205, host: pr-hdds-2271-zcqt4-2554284801, networkLocation: /default-rack, certSerialId: null}, Type:RATIS, Factor:THREE, State:OPEN]
2019-10-09 10:08:14,185 [IPC Server handler 3 on 35685] INFO  net.NetworkTopology (NetworkTopologyImpl.java:add(111)) - Added a new node: /default-rack/b6d627c8-c03d-467d-9dd3-77fb9226d253
2019-10-09 10:08:14,185 [IPC Server handler 3 on 35685] INFO  node.SCMNodeManager (SCMNodeManager.java:register(268)) - Registered Data node : b6d627c8-c03d-467d-9dd3-77fb9226d253{ip: 192.168.164.205, host: pr-hdds-2271-zcqt4-2554284801, networkLocation: /default-rack, certSerialId: null}
2019-10-09 10:08:14,193 [grpc-default-executor-4] INFO  impl.RaftServerProxy (RaftServerProxy.java:addNew(89)) - b6d627c8-c03d-467d-9dd3-77fb9226d253: addNew group-701B50F3036E:[b6d627c8-c03d-467d-9dd3-77fb9226d253:192.168.164.205:34801] returns group-701B50F3036E:java.util.concurrent.CompletableFuture@5e9a835f[Not completed]
2019-10-09 10:08:14,196 [pool-247-thread-1] INFO  impl.RaftServerImpl (RaftServerImpl.java:<init>(95)) - b6d627c8-c03d-467d-9dd3-77fb9226d253: new RaftServerImpl for group-701B50F3036E:[b6d627c8-c03d-467d-9dd3-77fb9226d253:192.168.164.205:34801] with ContainerStateMachine:uninitialized
2019-10-09 10:08:14,196 [pool-247-thread-1] INFO  server.RaftServerConfigKeys (ConfUtils.java:logGet(43)) - raft.server.rpc.timeout.min = 5s (custom)
2019-10-09 10:08:14,196 [pool-247-thread-1] INFO  server.RaftServerConfigKeys (ConfUtils.java:logGet(43)) - raft.server.rpc.timeout.max = 5200ms (custom)
2019-10-09 10:08:14,196 [pool-247-thread-1] INFO  server.RaftServerConfigKeys (ConfUtils.java:logGet(43)) - raft.server.rpcslowness.timeout = 120s (custom)
2019-10-09 10:08:14,197 [pool-247-thread-1] INFO  server.RaftServerConfigKeys (ConfUtils.java:logGet(43)) - raft.server.sleep.deviation.threshold = 300 (default)
2019-10-09 10:08:14,197 [pool-247-thread-1] INFO  server.RaftServerConfigKeys (ConfUtils.java:logGet(43)) - raft.server.log.appender.install.snapshot.enabled = false (custom)
2019-10-09 10:08:14,197 [pool-247-thread-1] INFO  impl.RaftServerImpl (ServerState.java:<init>(103)) - b6d627c8-c03d-467d-9dd3-77fb9226d253@group-701B50F3036E: ConfigurationManager, init=-1: [b6d627c8-c03d-467d-9dd3-77fb9226d253:192.168.164.205:34801], old=null, confs=<EMPTY_MAP>
2019-10-09 10:08:14,197 [pool-247-thread-1] INFO  server.RaftServerConfigKeys (ConfUtils.java:logGet(43)) - raft.server.storage.dir = [/workdir/hadoop-ozone/integration-test/target/test-dir/MiniOzoneClusterImpl-11fd0b5f-d681-468f-a8ef-4b8b3241900d/datanode-4/data/ratis] (custom)
2019-10-09 10:08:14,197 [pool-247-thread-1] INFO  server.RaftServerConfigKeys (ConfUtils.java:logGet(43)) - raft.server.log.corruption.policy = EXCEPTION (default)
2019-10-09 10:08:14,197 [pool-247-thread-1] INFO  storage.RaftStorageDirectory (RaftStorageDirectory.java:analyzeStorage(246)) - The storage directory /workdir/hadoop-ozone/integration-test/target/test-dir/MiniOzoneClusterImpl-11fd0b5f-d681-468f-a8ef-4b8b3241900d/datanode-4/data/ratis/7fdcd2f2-f9ee-4099-a818-701b50f3036e does not exist. Creating ...
2019-10-09 10:08:14,212 [pool-247-thread-1] INFO  storage.RaftStorageDirectory (RaftStorageDirectory.java:tryLock(328)) - Lock on /workdir/hadoop-ozone/integration-test/target/test-dir/MiniOzoneClusterImpl-11fd0b5f-d681-468f-a8ef-4b8b3241900d/datanode-4/data/ratis/7fdcd2f2-f9ee-4099-a818-701b50f3036e/in_use.lock acquired by nodename 17593@pr-hdds-2271-zcqt4-2554284801
2019-10-09 10:08:14,231 [pool-247-thread-1] INFO  storage.RaftStorage (RaftStorage.java:format(84)) - Storage directory /workdir/hadoop-ozone/integration-test/target/test-dir/MiniOzoneClusterImpl-11fd0b5f-d681-468f-a8ef-4b8b3241900d/datanode-4/data/ratis/7fdcd2f2-f9ee-4099-a818-701b50f3036e has been successfully formatted.
2019-10-09 10:08:14,231 [pool-247-thread-1] INFO  ratis.ContainerStateMachine (ContainerStateMachine.java:loadSnapshot(231)) - group-701B50F3036E: The snapshot info is null. Setting the last applied indexto:(t:0, i:~)
2019-10-09 10:08:14,232 [pool-247-thread-1] INFO  server.RaftServerConfigKeys (ConfUtils.java:logGet(43)) - raft.server.notification.no-leader.timeout = 120s (custom)
2019-10-09 10:08:14,232 [pool-247-thread-1] INFO  server.RaftServerConfigKeys (ConfUtils.java:logGet(43)) - raft.server.log.use.memory = false (default)
2019-10-09 10:08:14,232 [pool-247-thread-1] INFO  server.RaftServerConfigKeys (ConfUtils.java:logGet(43)) - raft.server.log.purge.gap = 1000000 (custom)
2019-10-09 10:08:14,232 [pool-247-thread-1] INFO  server.RaftServerConfigKeys (ConfUtils.java:logGet(43)) - raft.server.log.appender.buffer.byte-limit = 33554432 (custom)
2019-10-09 10:08:14,232 [pool-247-thread-1] INFO  server.RaftServerConfigKeys (ConfUtils.java:logGet(43)) - raft.server.log.segment.size.max = 1048576 (custom)
2019-10-09 10:08:14,234 [pool-247-thread-1] INFO  server.RaftServerConfigKeys (ConfUtils.java:logGet(43)) - raft.server.log.segment.cache.num.max = 2 (custom)
2019-10-09 10:08:14,234 [pool-247-thread-1] INFO  segmented.SegmentedRaftLogWorker (SegmentedRaftLogWorker.java:<init>(173)) - new b6d627c8-c03d-467d-9dd3-77fb9226d253@group-701B50F3036E-SegmentedRaftLogWorker for RaftStorage:Storage Directory /workdir/hadoop-ozone/integration-test/target/test-dir/MiniOzoneClusterImpl-11fd0b5f-d681-468f-a8ef-4b8b3241900d/datanode-4/data/ratis/7fdcd2f2-f9ee-4099-a818-701b50f3036e
2019-10-09 10:08:14,234 [pool-247-thread-1] INFO  server.RaftServerConfigKeys (ConfUtils.java:logGet(43)) - raft.server.log.queue.byte-limit = 2147483647 (custom)
2019-10-09 10:08:14,234 [pool-247-thread-1] INFO  server.RaftServerConfigKeys (ConfUtils.java:logGet(43)) - raft.server.log.queue.element-limit = 1024 (custom)
2019-10-09 10:08:14,234 [pool-247-thread-1] INFO  server.RaftServerConfigKeys (ConfUtils.java:logGet(43)) - raft.server.log.segment.size.max = 1048576 (custom)
2019-10-09 10:08:14,234 [pool-247-thread-1] INFO  server.RaftServerConfigKeys (ConfUtils.java:logGet(43)) - raft.server.log.preallocated.size = 16384 (custom)
2019-10-09 10:08:14,234 [pool-247-thread-1] INFO  server.RaftServerConfigKeys (ConfUtils.java:logGet(43)) - raft.server.log.write.buffer.size = 33554432 (custom)
2019-10-09 10:08:14,235 [pool-247-thread-1] INFO  server.RaftServerConfigKeys (ConfUtils.java:logGet(43)) - raft.server.log.force.sync.num = 128 (default)
2019-10-09 10:08:14,235 [pool-247-thread-1] INFO  server.RaftServerConfigKeys (ConfUtils.java:logGet(43)) - raft.server.log.statemachine.data.sync = true (default)
2019-10-09 10:08:14,235 [pool-247-thread-1] INFO  server.RaftServerConfigKeys (ConfUtils.java:logGet(43)) - raft.server.log.statemachine.data.sync.timeout = 10s (default)
2019-10-09 10:08:14,235 [pool-247-thread-1] INFO  server.RaftServerConfigKeys (ConfUtils.java:logGet(43)) - raft.server.log.statemachine.data.sync.timeout.retry = -1 (default)
2019-10-09 10:08:14,235 [pool-247-thread-1] INFO  server.RaftServerConfigKeys (ConfUtils.java:logGet(43)) - raft.server.log.statemachine.data.caching.enabled = true (custom)
2019-10-09 10:08:14,236 [pool-247-thread-1] INFO  segmented.SegmentedRaftLogWorker (SegmentedRaftLogWorker.java:lambda$new$0(128)) - b6d627c8-c03d-467d-9dd3-77fb9226d253@group-701B50F3036E-SegmentedRaftLogWorker: flushIndex: setUnconditionally 0 -> -1
2019-10-09 10:08:14,236 [pool-247-thread-1] INFO  server.RaftServerConfigKeys (ConfUtils.java:logGet(43)) - raft.server.snapshot.auto.trigger.enabled = true (custom)
2019-10-09 10:08:14,236 [pool-247-thread-1] INFO  server.RaftServerConfigKeys (ConfUtils.java:logGet(43)) - raft.server.snapshot.auto.trigger.threshold = 10000 (custom)
2019-10-09 10:08:14,236 [pool-247-thread-1] INFO  server.RaftServerConfigKeys (ConfUtils.java:logGet(43)) - raft.server.snapshot.retention.file.num = 5 (custom)
2019-10-09 10:08:14,236 [pool-247-thread-1] INFO  server.RaftServerConfigKeys (ConfUtils.java:logGet(43)) - raft.server.retrycache.expirytime = 600000ms (custom)
2019-10-09 10:08:14,238 [pool-247-thread-1] INFO  impl.RaftServerImpl (RaftServerImpl.java:start(181)) - b6d627c8-c03d-467d-9dd3-77fb9226d253@group-701B50F3036E: start as a follower, conf=-1: [b6d627c8-c03d-467d-9dd3-77fb9226d253:192.168.164.205:34801], old=null
2019-10-09 10:08:14,238 [pool-247-thread-1] INFO  impl.RaftServerImpl (RaftServerImpl.java:setRole(170)) - b6d627c8-c03d-467d-9dd3-77fb9226d253@group-701B50F3036E: changes role from      null to FOLLOWER at term 0 for startAsFollower
2019-10-09 10:08:14,238 [pool-247-thread-1] INFO  impl.RoleInfo (RoleInfo.java:updateAndGet(143)) - b6d627c8-c03d-467d-9dd3-77fb9226d253: start FollowerState
2019-10-09 10:08:14,239 [pool-247-thread-1] INFO  util.JmxRegister (JmxRegister.java:tryRegister(44)) - Successfully registered JMX Bean with object name Ratis:service=RaftServer,group=group-701B50F3036E,id=b6d627c8-c03d-467d-9dd3-77fb9226d253
2019-10-09 10:08:14,243 [RatisPipelineUtilsThread] INFO  pipeline.PipelineStateManager (PipelineStateManager.java:addPipeline(56)) - Created pipeline Pipeline[ Id: 7fdcd2f2-f9ee-4099-a818-701b50f3036e, Nodes: b6d627c8-c03d-467d-9dd3-77fb9226d253{ip: 192.168.164.205, host: pr-hdds-2271-zcqt4-2554284801, networkLocation: /default-rack, certSerialId: null}, Type:RATIS, Factor:ONE, State:OPEN]
2019-10-09 10:08:14,249 [grpc-default-executor-4] INFO  impl.RaftServerProxy (RaftServerProxy.java:addNew(89)) - 95ebdb13-24f7-4d19-91da-fac485f6b992: addNew group-0EB4E3D264B4:[95ebdb13-24f7-4d19-91da-fac485f6b992:192.168.164.205:35891] returns group-0EB4E3D264B4:java.util.concurrent.CompletableFuture@7ea96405[Not completed]
2019-10-09 10:08:14,250 [pool-237-thread-1] INFO  impl.RaftServerImpl (RaftServerImpl.java:<init>(95)) - 95ebdb13-24f7-4d19-91da-fac485f6b992: new RaftServerImpl for group-0EB4E3D264B4:[95ebdb13-24f7-4d19-91da-fac485f6b992:192.168.164.205:35891] with ContainerStateMachine:uninitialized
2019-10-09 10:08:14,250 [pool-237-thread-1] INFO  server.RaftServerConfigKeys (ConfUtils.java:logGet(43)) - raft.server.rpc.timeout.min = 5s (custom)
2019-10-09 10:08:14,251 [pool-237-thread-1] INFO  server.RaftServerConfigKeys (ConfUtils.java:logGet(43)) - raft.server.rpc.timeout.max = 5200ms (custom)
2019-10-09 10:08:14,251 [pool-237-thread-1] INFO  server.RaftServerConfigKeys (ConfUtils.java:logGet(43)) - raft.server.rpcslowness.timeout = 120s (custom)
2019-10-09 10:08:14,251 [pool-237-thread-1] INFO  server.RaftServerConfigKeys (ConfUtils.java:logGet(43)) - raft.server.sleep.deviation.threshold = 300 (default)
2019-10-09 10:08:14,251 [pool-237-thread-1] INFO  server.RaftServerConfigKeys (ConfUtils.java:logGet(43)) - raft.server.log.appender.install.snapshot.enabled = false (custom)
2019-10-09 10:08:14,251 [IPC Server handler 1 on 35685] INFO  net.NetworkTopology (NetworkTopologyImpl.java:add(111)) - Added a new node: /default-rack/93b86b8b-d718-4240-8ef1-cb480a33e6de
2019-10-09 10:08:14,251 [pool-237-thread-1] INFO  impl.RaftServerImpl (ServerState.java:<init>(103)) - 95ebdb13-24f7-4d19-91da-fac485f6b992@group-0EB4E3D264B4: ConfigurationManager, init=-1: [95ebdb13-24f7-4d19-91da-fac485f6b992:192.168.164.205:35891], old=null, confs=<EMPTY_MAP>
2019-10-09 10:08:14,251 [IPC Server handler 1 on 35685] INFO  node.SCMNodeManager (SCMNodeManager.java:register(268)) - Registered Data node : 93b86b8b-d718-4240-8ef1-cb480a33e6de{ip: 192.168.164.205, host: pr-hdds-2271-zcqt4-2554284801, networkLocation: /default-rack, certSerialId: null}
2019-10-09 10:08:14,251 [pool-237-thread-1] INFO  server.RaftServerConfigKeys (ConfUtils.java:logGet(43)) - raft.server.storage.dir = [/workdir/hadoop-ozone/integration-test/target/test-dir/MiniOzoneClusterImpl-11fd0b5f-d681-468f-a8ef-4b8b3241900d/datanode-3/data/ratis] (custom)
2019-10-09 10:08:14,251 [pool-237-thread-1] INFO  server.RaftServerConfigKeys (ConfUtils.java:logGet(43)) - raft.server.log.corruption.policy = EXCEPTION (default)
2019-10-09 10:08:14,252 [pool-237-thread-1] INFO  storage.RaftStorageDirectory (RaftStorageDirectory.java:analyzeStorage(246)) - The storage directory /workdir/hadoop-ozone/integration-test/target/test-dir/MiniOzoneClusterImpl-11fd0b5f-d681-468f-a8ef-4b8b3241900d/datanode-3/data/ratis/d3f28acb-37c9-4b2d-aa7c-0eb4e3d264b4 does not exist. Creating ...
2019-10-09 10:08:14,264 [pool-237-thread-1] INFO  storage.RaftStorageDirectory (RaftStorageDirectory.java:tryLock(328)) - Lock on /workdir/hadoop-ozone/integration-test/target/test-dir/MiniOzoneClusterImpl-11fd0b5f-d681-468f-a8ef-4b8b3241900d/datanode-3/data/ratis/d3f28acb-37c9-4b2d-aa7c-0eb4e3d264b4/in_use.lock acquired by nodename 17593@pr-hdds-2271-zcqt4-2554284801
2019-10-09 10:08:14,276 [pool-237-thread-1] INFO  storage.RaftStorage (RaftStorage.java:format(84)) - Storage directory /workdir/hadoop-ozone/integration-test/target/test-dir/MiniOzoneClusterImpl-11fd0b5f-d681-468f-a8ef-4b8b3241900d/datanode-3/data/ratis/d3f28acb-37c9-4b2d-aa7c-0eb4e3d264b4 has been successfully formatted.
2019-10-09 10:08:14,276 [pool-237-thread-1] INFO  ratis.ContainerStateMachine (ContainerStateMachine.java:loadSnapshot(231)) - group-0EB4E3D264B4: The snapshot info is null. Setting the last applied indexto:(t:0, i:~)
2019-10-09 10:08:14,277 [pool-237-thread-1] INFO  server.RaftServerConfigKeys (ConfUtils.java:logGet(43)) - raft.server.notification.no-leader.timeout = 120s (custom)
2019-10-09 10:08:14,277 [pool-237-thread-1] INFO  server.RaftServerConfigKeys (ConfUtils.java:logGet(43)) - raft.server.log.use.memory = false (default)
2019-10-09 10:08:14,277 [pool-237-thread-1] INFO  server.RaftServerConfigKeys (ConfUtils.java:logGet(43)) - raft.server.log.purge.gap = 1000000 (custom)
2019-10-09 10:08:14,277 [pool-237-thread-1] INFO  server.RaftServerConfigKeys (ConfUtils.java:logGet(43)) - raft.server.log.appender.buffer.byte-limit = 33554432 (custom)
2019-10-09 10:08:14,277 [pool-237-thread-1] INFO  server.RaftServerConfigKeys (ConfUtils.java:logGet(43)) - raft.server.log.segment.size.max = 1048576 (custom)
2019-10-09 10:08:14,278 [pool-237-thread-1] INFO  server.RaftServerConfigKeys (ConfUtils.java:logGet(43)) - raft.server.log.segment.cache.num.max = 2 (custom)
2019-10-09 10:08:14,278 [pool-237-thread-1] INFO  segmented.SegmentedRaftLogWorker (SegmentedRaftLogWorker.java:<init>(173)) - new 95ebdb13-24f7-4d19-91da-fac485f6b992@group-0EB4E3D264B4-SegmentedRaftLogWorker for RaftStorage:Storage Directory /workdir/hadoop-ozone/integration-test/target/test-dir/MiniOzoneClusterImpl-11fd0b5f-d681-468f-a8ef-4b8b3241900d/datanode-3/data/ratis/d3f28acb-37c9-4b2d-aa7c-0eb4e3d264b4
2019-10-09 10:08:14,278 [pool-237-thread-1] INFO  server.RaftServerConfigKeys (ConfUtils.java:logGet(43)) - raft.server.log.queue.byte-limit = 2147483647 (custom)
2019-10-09 10:08:14,279 [pool-237-thread-1] INFO  server.RaftServerConfigKeys (ConfUtils.java:logGet(43)) - raft.server.log.queue.element-limit = 1024 (custom)
2019-10-09 10:08:14,279 [pool-237-thread-1] INFO  server.RaftServerConfigKeys (ConfUtils.java:logGet(43)) - raft.server.log.segment.size.max = 1048576 (custom)
2019-10-09 10:08:14,279 [pool-237-thread-1] INFO  server.RaftServerConfigKeys (ConfUtils.java:logGet(43)) - raft.server.log.preallocated.size = 16384 (custom)
2019-10-09 10:08:14,279 [pool-237-thread-1] INFO  server.RaftServerConfigKeys (ConfUtils.java:logGet(43)) - raft.server.log.write.buffer.size = 33554432 (custom)
2019-10-09 10:08:14,279 [pool-237-thread-1] INFO  server.RaftServerConfigKeys (ConfUtils.java:logGet(43)) - raft.server.log.force.sync.num = 128 (default)
2019-10-09 10:08:14,279 [pool-237-thread-1] INFO  server.RaftServerConfigKeys (ConfUtils.java:logGet(43)) - raft.server.log.statemachine.data.sync = true (default)
2019-10-09 10:08:14,279 [pool-237-thread-1] INFO  server.RaftServerConfigKeys (ConfUtils.java:logGet(43)) - raft.server.log.statemachine.data.sync.timeout = 10s (default)
2019-10-09 10:08:14,279 [pool-237-thread-1] INFO  server.RaftServerConfigKeys (ConfUtils.java:logGet(43)) - raft.server.log.statemachine.data.sync.timeout.retry = -1 (default)
2019-10-09 10:08:14,280 [pool-237-thread-1] INFO  server.RaftServerConfigKeys (ConfUtils.java:logGet(43)) - raft.server.log.statemachine.data.caching.enabled = true (custom)
2019-10-09 10:08:14,280 [pool-237-thread-1] INFO  segmented.SegmentedRaftLogWorker (SegmentedRaftLogWorker.java:lambda$new$0(128)) - 95ebdb13-24f7-4d19-91da-fac485f6b992@group-0EB4E3D264B4-SegmentedRaftLogWorker: flushIndex: setUnconditionally 0 -> -1
2019-10-09 10:08:14,280 [pool-237-thread-1] INFO  server.RaftServerConfigKeys (ConfUtils.java:logGet(43)) - raft.server.snapshot.auto.trigger.enabled = true (custom)
2019-10-09 10:08:14,280 [pool-237-thread-1] INFO  server.RaftServerConfigKeys (ConfUtils.java:logGet(43)) - raft.server.snapshot.auto.trigger.threshold = 10000 (custom)
2019-10-09 10:08:14,280 [pool-237-thread-1] INFO  server.RaftServerConfigKeys (ConfUtils.java:logGet(43)) - raft.server.snapshot.retention.file.num = 5 (custom)
2019-10-09 10:08:14,280 [pool-237-thread-1] INFO  server.RaftServerConfigKeys (ConfUtils.java:logGet(43)) - raft.server.retrycache.expirytime = 600000ms (custom)
2019-10-09 10:08:14,282 [pool-237-thread-1] INFO  impl.RaftServerImpl (RaftServerImpl.java:start(181)) - 95ebdb13-24f7-4d19-91da-fac485f6b992@group-0EB4E3D264B4: start as a follower, conf=-1: [95ebdb13-24f7-4d19-91da-fac485f6b992:192.168.164.205:35891], old=null
2019-10-09 10:08:14,282 [pool-237-thread-1] INFO  impl.RaftServerImpl (RaftServerImpl.java:setRole(170)) - 95ebdb13-24f7-4d19-91da-fac485f6b992@group-0EB4E3D264B4: changes role from      null to FOLLOWER at term 0 for startAsFollower
2019-10-09 10:08:14,282 [pool-237-thread-1] INFO  impl.RoleInfo (RoleInfo.java:updateAndGet(143)) - 95ebdb13-24f7-4d19-91da-fac485f6b992: start FollowerState
2019-10-09 10:08:14,282 [pool-237-thread-1] INFO  util.JmxRegister (JmxRegister.java:tryRegister(44)) - Successfully registered JMX Bean with object name Ratis:service=RaftServer,group=group-0EB4E3D264B4,id=95ebdb13-24f7-4d19-91da-fac485f6b992
2019-10-09 10:08:14,286 [RatisPipelineUtilsThread] INFO  pipeline.PipelineStateManager (PipelineStateManager.java:addPipeline(56)) - Created pipeline Pipeline[ Id: d3f28acb-37c9-4b2d-aa7c-0eb4e3d264b4, Nodes: 95ebdb13-24f7-4d19-91da-fac485f6b992{ip: 192.168.164.205, host: pr-hdds-2271-zcqt4-2554284801, networkLocation: /default-rack, certSerialId: null}, Type:RATIS, Factor:ONE, State:OPEN]
2019-10-09 10:08:14,304 [grpc-default-executor-4] INFO  impl.RaftServerProxy (RaftServerProxy.java:addNew(89)) - 93b86b8b-d718-4240-8ef1-cb480a33e6de: addNew group-6211EAB2CF8A:[93b86b8b-d718-4240-8ef1-cb480a33e6de:192.168.164.205:39997] returns group-6211EAB2CF8A:java.util.concurrent.CompletableFuture@48c7d7[Not completed]
2019-10-09 10:08:14,305 [pool-257-thread-1] INFO  impl.RaftServerImpl (RaftServerImpl.java:<init>(95)) - 93b86b8b-d718-4240-8ef1-cb480a33e6de: new RaftServerImpl for group-6211EAB2CF8A:[93b86b8b-d718-4240-8ef1-cb480a33e6de:192.168.164.205:39997] with ContainerStateMachine:uninitialized
2019-10-09 10:08:14,305 [pool-257-thread-1] INFO  server.RaftServerConfigKeys (ConfUtils.java:logGet(43)) - raft.server.rpc.timeout.min = 5s (custom)
2019-10-09 10:08:14,306 [pool-257-thread-1] INFO  server.RaftServerConfigKeys (ConfUtils.java:logGet(43)) - raft.server.rpc.timeout.max = 5200ms (custom)
2019-10-09 10:08:14,306 [pool-257-thread-1] INFO  server.RaftServerConfigKeys (ConfUtils.java:logGet(43)) - raft.server.rpcslowness.timeout = 120s (custom)
2019-10-09 10:08:14,306 [pool-257-thread-1] INFO  server.RaftServerConfigKeys (ConfUtils.java:logGet(43)) - raft.server.sleep.deviation.threshold = 300 (default)
2019-10-09 10:08:14,306 [pool-257-thread-1] INFO  server.RaftServerConfigKeys (ConfUtils.java:logGet(43)) - raft.server.log.appender.install.snapshot.enabled = false (custom)
2019-10-09 10:08:14,306 [pool-257-thread-1] INFO  impl.RaftServerImpl (ServerState.java:<init>(103)) - 93b86b8b-d718-4240-8ef1-cb480a33e6de@group-6211EAB2CF8A: ConfigurationManager, init=-1: [93b86b8b-d718-4240-8ef1-cb480a33e6de:192.168.164.205:39997], old=null, confs=<EMPTY_MAP>
2019-10-09 10:08:14,306 [pool-257-thread-1] INFO  server.RaftServerConfigKeys (ConfUtils.java:logGet(43)) - raft.server.storage.dir = [/workdir/hadoop-ozone/integration-test/target/test-dir/MiniOzoneClusterImpl-11fd0b5f-d681-468f-a8ef-4b8b3241900d/datanode-5/data/ratis] (custom)
2019-10-09 10:08:14,307 [pool-257-thread-1] INFO  server.RaftServerConfigKeys (ConfUtils.java:logGet(43)) - raft.server.log.corruption.policy = EXCEPTION (default)
2019-10-09 10:08:14,307 [pool-257-thread-1] INFO  storage.RaftStorageDirectory (RaftStorageDirectory.java:analyzeStorage(246)) - The storage directory /workdir/hadoop-ozone/integration-test/target/test-dir/MiniOzoneClusterImpl-11fd0b5f-d681-468f-a8ef-4b8b3241900d/datanode-5/data/ratis/85601738-cb7e-4cb4-ac11-6211eab2cf8a does not exist. Creating ...
2019-10-09 10:08:14,321 [IPC Server handler 5 on 35685] INFO  net.NetworkTopology (NetworkTopologyImpl.java:add(111)) - Added a new node: /default-rack/8fcf7b85-9677-42f8-9c53-56b4904b3cd2
2019-10-09 10:08:14,321 [IPC Server handler 5 on 35685] INFO  node.SCMNodeManager (SCMNodeManager.java:register(268)) - Registered Data node : 8fcf7b85-9677-42f8-9c53-56b4904b3cd2{ip: 192.168.164.205, host: pr-hdds-2271-zcqt4-2554284801, networkLocation: /default-rack, certSerialId: null}
2019-10-09 10:08:14,321 [main] INFO  ozone.MiniOzoneClusterImpl (MiniOzoneClusterImpl.java:lambda$waitForClusterToBeReady$0(147)) - Cluster is ready. Got 7 of 7 DN Heartbeats.
2019-10-09 10:08:14,322 [pool-257-thread-1] INFO  storage.RaftStorageDirectory (RaftStorageDirectory.java:tryLock(328)) - Lock on /workdir/hadoop-ozone/integration-test/target/test-dir/MiniOzoneClusterImpl-11fd0b5f-d681-468f-a8ef-4b8b3241900d/datanode-5/data/ratis/85601738-cb7e-4cb4-ac11-6211eab2cf8a/in_use.lock acquired by nodename 17593@pr-hdds-2271-zcqt4-2554284801
2019-10-09 10:08:14,336 [pool-257-thread-1] INFO  storage.RaftStorage (RaftStorage.java:format(84)) - Storage directory /workdir/hadoop-ozone/integration-test/target/test-dir/MiniOzoneClusterImpl-11fd0b5f-d681-468f-a8ef-4b8b3241900d/datanode-5/data/ratis/85601738-cb7e-4cb4-ac11-6211eab2cf8a has been successfully formatted.
2019-10-09 10:08:14,342 [pool-257-thread-1] INFO  ratis.ContainerStateMachine (ContainerStateMachine.java:loadSnapshot(231)) - group-6211EAB2CF8A: The snapshot info is null. Setting the last applied indexto:(t:0, i:~)
2019-10-09 10:08:14,343 [pool-257-thread-1] INFO  server.RaftServerConfigKeys (ConfUtils.java:logGet(43)) - raft.server.notification.no-leader.timeout = 120s (custom)
2019-10-09 10:08:14,343 [pool-257-thread-1] INFO  server.RaftServerConfigKeys (ConfUtils.java:logGet(43)) - raft.server.log.use.memory = false (default)
2019-10-09 10:08:14,343 [pool-257-thread-1] INFO  server.RaftServerConfigKeys (ConfUtils.java:logGet(43)) - raft.server.log.purge.gap = 1000000 (custom)
2019-10-09 10:08:14,343 [pool-257-thread-1] INFO  server.RaftServerConfigKeys (ConfUtils.java:logGet(43)) - raft.server.log.appender.buffer.byte-limit = 33554432 (custom)
2019-10-09 10:08:14,343 [pool-257-thread-1] INFO  server.RaftServerConfigKeys (ConfUtils.java:logGet(43)) - raft.server.log.segment.size.max = 1048576 (custom)
2019-10-09 10:08:14,348 [pool-257-thread-1] INFO  server.RaftServerConfigKeys (ConfUtils.java:logGet(43)) - raft.server.log.segment.cache.num.max = 2 (custom)
2019-10-09 10:08:14,349 [pool-257-thread-1] INFO  segmented.SegmentedRaftLogWorker (SegmentedRaftLogWorker.java:<init>(173)) - new 93b86b8b-d718-4240-8ef1-cb480a33e6de@group-6211EAB2CF8A-SegmentedRaftLogWorker for RaftStorage:Storage Directory /workdir/hadoop-ozone/integration-test/target/test-dir/MiniOzoneClusterImpl-11fd0b5f-d681-468f-a8ef-4b8b3241900d/datanode-5/data/ratis/85601738-cb7e-4cb4-ac11-6211eab2cf8a
2019-10-09 10:08:14,350 [pool-257-thread-1] INFO  server.RaftServerConfigKeys (ConfUtils.java:logGet(43)) - raft.server.log.queue.byte-limit = 2147483647 (custom)
2019-10-09 10:08:14,350 [pool-257-thread-1] INFO  server.RaftServerConfigKeys (ConfUtils.java:logGet(43)) - raft.server.log.queue.element-limit = 1024 (custom)
2019-10-09 10:08:14,351 [pool-257-thread-1] INFO  server.RaftServerConfigKeys (ConfUtils.java:logGet(43)) - raft.server.log.segment.size.max = 1048576 (custom)
2019-10-09 10:08:14,351 [pool-257-thread-1] INFO  server.RaftServerConfigKeys (ConfUtils.java:logGet(43)) - raft.server.log.preallocated.size = 16384 (custom)
2019-10-09 10:08:14,354 [pool-257-thread-1] INFO  server.RaftServerConfigKeys (ConfUtils.java:logGet(43)) - raft.server.log.write.buffer.size = 33554432 (custom)
2019-10-09 10:08:14,354 [pool-257-thread-1] INFO  server.RaftServerConfigKeys (ConfUtils.java:logGet(43)) - raft.server.log.force.sync.num = 128 (default)
2019-10-09 10:08:14,354 [pool-257-thread-1] INFO  server.RaftServerConfigKeys (ConfUtils.java:logGet(43)) - raft.server.log.statemachine.data.sync = true (default)
2019-10-09 10:08:14,354 [pool-257-thread-1] INFO  server.RaftServerConfigKeys (ConfUtils.java:logGet(43)) - raft.server.log.statemachine.data.sync.timeout = 10s (default)
2019-10-09 10:08:14,354 [pool-257-thread-1] INFO  server.RaftServerConfigKeys (ConfUtils.java:logGet(43)) - raft.server.log.statemachine.data.sync.timeout.retry = -1 (default)
2019-10-09 10:08:14,354 [pool-257-thread-1] INFO  server.RaftServerConfigKeys (ConfUtils.java:logGet(43)) - raft.server.log.statemachine.data.caching.enabled = true (custom)
2019-10-09 10:08:14,355 [pool-257-thread-1] INFO  segmented.SegmentedRaftLogWorker (SegmentedRaftLogWorker.java:lambda$new$0(128)) - 93b86b8b-d718-4240-8ef1-cb480a33e6de@group-6211EAB2CF8A-SegmentedRaftLogWorker: flushIndex: setUnconditionally 0 -> -1
2019-10-09 10:08:14,355 [pool-257-thread-1] INFO  server.RaftServerConfigKeys (ConfUtils.java:logGet(43)) - raft.server.snapshot.auto.trigger.enabled = true (custom)
2019-10-09 10:08:14,355 [pool-257-thread-1] INFO  server.RaftServerConfigKeys (ConfUtils.java:logGet(43)) - raft.server.snapshot.auto.trigger.threshold = 10000 (custom)
2019-10-09 10:08:14,355 [pool-257-thread-1] INFO  server.RaftServerConfigKeys (ConfUtils.java:logGet(43)) - raft.server.snapshot.retention.file.num = 5 (custom)
2019-10-09 10:08:14,355 [pool-257-thread-1] INFO  server.RaftServerConfigKeys (ConfUtils.java:logGet(43)) - raft.server.retrycache.expirytime = 600000ms (custom)
2019-10-09 10:08:14,356 [main] INFO  rpc.RpcClient (RpcClient.java:createVolume(272)) - Creating Volume: watchforcommithandlingtest, with jenkins1000 as owner.
2019-10-09 10:08:14,357 [pool-257-thread-1] INFO  impl.RaftServerImpl (RaftServerImpl.java:start(181)) - 93b86b8b-d718-4240-8ef1-cb480a33e6de@group-6211EAB2CF8A: start as a follower, conf=-1: [93b86b8b-d718-4240-8ef1-cb480a33e6de:192.168.164.205:39997], old=null
2019-10-09 10:08:14,358 [pool-257-thread-1] INFO  impl.RaftServerImpl (RaftServerImpl.java:setRole(170)) - 93b86b8b-d718-4240-8ef1-cb480a33e6de@group-6211EAB2CF8A: changes role from      null to FOLLOWER at term 0 for startAsFollower
2019-10-09 10:08:14,358 [pool-257-thread-1] INFO  impl.RoleInfo (RoleInfo.java:updateAndGet(143)) - 93b86b8b-d718-4240-8ef1-cb480a33e6de: start FollowerState
2019-10-09 10:08:14,358 [pool-257-thread-1] INFO  util.JmxRegister (JmxRegister.java:tryRegister(44)) - Successfully registered JMX Bean with object name Ratis:service=RaftServer,group=group-6211EAB2CF8A,id=93b86b8b-d718-4240-8ef1-cb480a33e6de
2019-10-09 10:08:14,359 [IPC Server handler 1 on 35579] INFO  volume.OMVolumeCreateRequest (OMVolumeCreateRequest.java:validateAndUpdateCache(193)) - created volume:watchforcommithandlingtest for user:jenkins1000
2019-10-09 10:08:14,369 [RatisPipelineUtilsThread] INFO  pipeline.PipelineStateManager (PipelineStateManager.java:addPipeline(56)) - Created pipeline Pipeline[ Id: 85601738-cb7e-4cb4-ac11-6211eab2cf8a, Nodes: 93b86b8b-d718-4240-8ef1-cb480a33e6de{ip: 192.168.164.205, host: pr-hdds-2271-zcqt4-2554284801, networkLocation: /default-rack, certSerialId: null}, Type:RATIS, Factor:ONE, State:OPEN]
2019-10-09 10:08:14,370 [main] INFO  rpc.RpcClient (RpcClient.java:createBucket(411)) - Creating Bucket: watchforcommithandlingtest/watchforcommithandlingtest, with Versioning false and Storage Type set to DISK and Encryption set to false 
2019-10-09 10:08:14,375 [main] INFO  ozone.MiniOzoneClusterImpl (MiniOzoneClusterImpl.java:getStorageContainerLocationClient(234)) - Creating StorageContainerLocationProtocol RPC client with address /0.0.0.0:39638
2019-10-09 10:08:14,378 [grpc-default-executor-4] INFO  impl.RaftServerProxy (RaftServerProxy.java:addNew(89)) - 8fcf7b85-9677-42f8-9c53-56b4904b3cd2: addNew group-0C9D0360C628:[8fcf7b85-9677-42f8-9c53-56b4904b3cd2:192.168.164.205:33241] returns group-0C9D0360C628:java.util.concurrent.CompletableFuture@426bd5d6[Not completed]
2019-10-09 10:08:14,379 [pool-267-thread-1] INFO  impl.RaftServerImpl (RaftServerImpl.java:<init>(95)) - 8fcf7b85-9677-42f8-9c53-56b4904b3cd2: new RaftServerImpl for group-0C9D0360C628:[8fcf7b85-9677-42f8-9c53-56b4904b3cd2:192.168.164.205:33241] with ContainerStateMachine:uninitialized
2019-10-09 10:08:14,379 [pool-267-thread-1] INFO  server.RaftServerConfigKeys (ConfUtils.java:logGet(43)) - raft.server.rpc.timeout.min = 5s (custom)
2019-10-09 10:08:14,379 [pool-267-thread-1] INFO  server.RaftServerConfigKeys (ConfUtils.java:logGet(43)) - raft.server.rpc.timeout.max = 5200ms (custom)
2019-10-09 10:08:14,379 [pool-267-thread-1] INFO  server.RaftServerConfigKeys (ConfUtils.java:logGet(43)) - raft.server.rpcslowness.timeout = 120s (custom)
2019-10-09 10:08:14,379 [pool-267-thread-1] INFO  server.RaftServerConfigKeys (ConfUtils.java:logGet(43)) - raft.server.sleep.deviation.threshold = 300 (default)
2019-10-09 10:08:14,379 [pool-267-thread-1] INFO  server.RaftServerConfigKeys (ConfUtils.java:logGet(43)) - raft.server.log.appender.install.snapshot.enabled = false (custom)
2019-10-09 10:08:14,379 [pool-267-thread-1] INFO  impl.RaftServerImpl (ServerState.java:<init>(103)) - 8fcf7b85-9677-42f8-9c53-56b4904b3cd2@group-0C9D0360C628: ConfigurationManager, init=-1: [8fcf7b85-9677-42f8-9c53-56b4904b3cd2:192.168.164.205:33241], old=null, confs=<EMPTY_MAP>
2019-10-09 10:08:14,379 [pool-267-thread-1] INFO  server.RaftServerConfigKeys (ConfUtils.java:logGet(43)) - raft.server.storage.dir = [/workdir/hadoop-ozone/integration-test/target/test-dir/MiniOzoneClusterImpl-11fd0b5f-d681-468f-a8ef-4b8b3241900d/datanode-6/data/ratis] (custom)
2019-10-09 10:08:14,380 [pool-267-thread-1] INFO  server.RaftServerConfigKeys (ConfUtils.java:logGet(43)) - raft.server.log.corruption.policy = EXCEPTION (default)
2019-10-09 10:08:14,380 [pool-267-thread-1] INFO  storage.RaftStorageDirectory (RaftStorageDirectory.java:analyzeStorage(246)) - The storage directory /workdir/hadoop-ozone/integration-test/target/test-dir/MiniOzoneClusterImpl-11fd0b5f-d681-468f-a8ef-4b8b3241900d/datanode-6/data/ratis/dc6b8425-5f3e-4f37-9bd9-0c9d0360c628 does not exist. Creating ...
2019-10-09 10:08:14,394 [pool-267-thread-1] INFO  storage.RaftStorageDirectory (RaftStorageDirectory.java:tryLock(328)) - Lock on /workdir/hadoop-ozone/integration-test/target/test-dir/MiniOzoneClusterImpl-11fd0b5f-d681-468f-a8ef-4b8b3241900d/datanode-6/data/ratis/dc6b8425-5f3e-4f37-9bd9-0c9d0360c628/in_use.lock acquired by nodename 17593@pr-hdds-2271-zcqt4-2554284801
2019-10-09 10:08:14,407 [pool-267-thread-1] INFO  storage.RaftStorage (RaftStorage.java:format(84)) - Storage directory /workdir/hadoop-ozone/integration-test/target/test-dir/MiniOzoneClusterImpl-11fd0b5f-d681-468f-a8ef-4b8b3241900d/datanode-6/data/ratis/dc6b8425-5f3e-4f37-9bd9-0c9d0360c628 has been successfully formatted.
2019-10-09 10:08:14,407 [pool-267-thread-1] INFO  ratis.ContainerStateMachine (ContainerStateMachine.java:loadSnapshot(231)) - group-0C9D0360C628: The snapshot info is null. Setting the last applied indexto:(t:0, i:~)
2019-10-09 10:08:14,407 [pool-267-thread-1] INFO  server.RaftServerConfigKeys (ConfUtils.java:logGet(43)) - raft.server.notification.no-leader.timeout = 120s (custom)
2019-10-09 10:08:14,407 [pool-267-thread-1] INFO  server.RaftServerConfigKeys (ConfUtils.java:logGet(43)) - raft.server.log.use.memory = false (default)
2019-10-09 10:08:14,408 [pool-267-thread-1] INFO  server.RaftServerConfigKeys (ConfUtils.java:logGet(43)) - raft.server.log.purge.gap = 1000000 (custom)
2019-10-09 10:08:14,408 [pool-267-thread-1] INFO  server.RaftServerConfigKeys (ConfUtils.java:logGet(43)) - raft.server.log.appender.buffer.byte-limit = 33554432 (custom)
2019-10-09 10:08:14,408 [pool-267-thread-1] INFO  server.RaftServerConfigKeys (ConfUtils.java:logGet(43)) - raft.server.log.segment.size.max = 1048576 (custom)
2019-10-09 10:08:14,410 [pool-267-thread-1] INFO  server.RaftServerConfigKeys (ConfUtils.java:logGet(43)) - raft.server.log.segment.cache.num.max = 2 (custom)
2019-10-09 10:08:14,410 [pool-267-thread-1] INFO  segmented.SegmentedRaftLogWorker (SegmentedRaftLogWorker.java:<init>(173)) - new 8fcf7b85-9677-42f8-9c53-56b4904b3cd2@group-0C9D0360C628-SegmentedRaftLogWorker for RaftStorage:Storage Directory /workdir/hadoop-ozone/integration-test/target/test-dir/MiniOzoneClusterImpl-11fd0b5f-d681-468f-a8ef-4b8b3241900d/datanode-6/data/ratis/dc6b8425-5f3e-4f37-9bd9-0c9d0360c628
2019-10-09 10:08:14,410 [pool-267-thread-1] INFO  server.RaftServerConfigKeys (ConfUtils.java:logGet(43)) - raft.server.log.queue.byte-limit = 2147483647 (custom)
2019-10-09 10:08:14,410 [pool-267-thread-1] INFO  server.RaftServerConfigKeys (ConfUtils.java:logGet(43)) - raft.server.log.queue.element-limit = 1024 (custom)
2019-10-09 10:08:14,411 [pool-267-thread-1] INFO  server.RaftServerConfigKeys (ConfUtils.java:logGet(43)) - raft.server.log.segment.size.max = 1048576 (custom)
2019-10-09 10:08:14,411 [pool-267-thread-1] INFO  server.RaftServerConfigKeys (ConfUtils.java:logGet(43)) - raft.server.log.preallocated.size = 16384 (custom)
2019-10-09 10:08:14,411 [pool-267-thread-1] INFO  server.RaftServerConfigKeys (ConfUtils.java:logGet(43)) - raft.server.log.write.buffer.size = 33554432 (custom)
2019-10-09 10:08:14,411 [pool-267-thread-1] INFO  server.RaftServerConfigKeys (ConfUtils.java:logGet(43)) - raft.server.log.force.sync.num = 128 (default)
2019-10-09 10:08:14,411 [pool-267-thread-1] INFO  server.RaftServerConfigKeys (ConfUtils.java:logGet(43)) - raft.server.log.statemachine.data.sync = true (default)
2019-10-09 10:08:14,411 [pool-267-thread-1] INFO  server.RaftServerConfigKeys (ConfUtils.java:logGet(43)) - raft.server.log.statemachine.data.sync.timeout = 10s (default)
2019-10-09 10:08:14,411 [pool-267-thread-1] INFO  server.RaftServerConfigKeys (ConfUtils.java:logGet(43)) - raft.server.log.statemachine.data.sync.timeout.retry = -1 (default)
2019-10-09 10:08:14,411 [pool-267-thread-1] INFO  server.RaftServerConfigKeys (ConfUtils.java:logGet(43)) - raft.server.log.statemachine.data.caching.enabled = true (custom)
2019-10-09 10:08:14,412 [pool-267-thread-1] INFO  segmented.SegmentedRaftLogWorker (SegmentedRaftLogWorker.java:lambda$new$0(128)) - 8fcf7b85-9677-42f8-9c53-56b4904b3cd2@group-0C9D0360C628-SegmentedRaftLogWorker: flushIndex: setUnconditionally 0 -> -1
2019-10-09 10:08:14,412 [pool-267-thread-1] INFO  server.RaftServerConfigKeys (ConfUtils.java:logGet(43)) - raft.server.snapshot.auto.trigger.enabled = true (custom)
2019-10-09 10:08:14,412 [pool-267-thread-1] INFO  server.RaftServerConfigKeys (ConfUtils.java:logGet(43)) - raft.server.snapshot.auto.trigger.threshold = 10000 (custom)
2019-10-09 10:08:14,412 [pool-267-thread-1] INFO  server.RaftServerConfigKeys (ConfUtils.java:logGet(43)) - raft.server.snapshot.retention.file.num = 5 (custom)
2019-10-09 10:08:14,412 [pool-267-thread-1] INFO  server.RaftServerConfigKeys (ConfUtils.java:logGet(43)) - raft.server.retrycache.expirytime = 600000ms (custom)
2019-10-09 10:08:14,414 [pool-267-thread-1] INFO  impl.RaftServerImpl (RaftServerImpl.java:start(181)) - 8fcf7b85-9677-42f8-9c53-56b4904b3cd2@group-0C9D0360C628: start as a follower, conf=-1: [8fcf7b85-9677-42f8-9c53-56b4904b3cd2:192.168.164.205:33241], old=null
2019-10-09 10:08:14,414 [pool-267-thread-1] INFO  impl.RaftServerImpl (RaftServerImpl.java:setRole(170)) - 8fcf7b85-9677-42f8-9c53-56b4904b3cd2@group-0C9D0360C628: changes role from      null to FOLLOWER at term 0 for startAsFollower
2019-10-09 10:08:14,414 [pool-267-thread-1] INFO  impl.RoleInfo (RoleInfo.java:updateAndGet(143)) - 8fcf7b85-9677-42f8-9c53-56b4904b3cd2: start FollowerState
2019-10-09 10:08:14,414 [pool-267-thread-1] INFO  util.JmxRegister (JmxRegister.java:tryRegister(44)) - Successfully registered JMX Bean with object name Ratis:service=RaftServer,group=group-0C9D0360C628,id=8fcf7b85-9677-42f8-9c53-56b4904b3cd2
2019-10-09 10:08:14,418 [RatisPipelineUtilsThread] INFO  pipeline.PipelineStateManager (PipelineStateManager.java:addPipeline(56)) - Created pipeline Pipeline[ Id: dc6b8425-5f3e-4f37-9bd9-0c9d0360c628, Nodes: 8fcf7b85-9677-42f8-9c53-56b4904b3cd2{ip: 192.168.164.205, host: pr-hdds-2271-zcqt4-2554284801, networkLocation: /default-rack, certSerialId: null}, Type:RATIS, Factor:ONE, State:OPEN]
2019-10-09 10:08:14,432 [grpc-default-executor-4] INFO  impl.RaftServerProxy (RaftServerProxy.java:addNew(89)) - 95ebdb13-24f7-4d19-91da-fac485f6b992: addNew group-7BC4ED8FAE97:[8fcf7b85-9677-42f8-9c53-56b4904b3cd2:192.168.164.205:33241, b6d627c8-c03d-467d-9dd3-77fb9226d253:192.168.164.205:34801, 95ebdb13-24f7-4d19-91da-fac485f6b992:192.168.164.205:35891] returns group-7BC4ED8FAE97:java.util.concurrent.CompletableFuture@112e0e95[Not completed]
2019-10-09 10:08:14,432 [grpc-default-executor-5] INFO  impl.RaftServerProxy (RaftServerProxy.java:addNew(89)) - 8fcf7b85-9677-42f8-9c53-56b4904b3cd2: addNew group-7BC4ED8FAE97:[8fcf7b85-9677-42f8-9c53-56b4904b3cd2:192.168.164.205:33241, b6d627c8-c03d-467d-9dd3-77fb9226d253:192.168.164.205:34801, 95ebdb13-24f7-4d19-91da-fac485f6b992:192.168.164.205:35891] returns group-7BC4ED8FAE97:java.util.concurrent.CompletableFuture@655e3804[Not completed]
2019-10-09 10:08:14,432 [grpc-default-executor-1] INFO  impl.RaftServerProxy (RaftServerProxy.java:addNew(89)) - b6d627c8-c03d-467d-9dd3-77fb9226d253: addNew group-7BC4ED8FAE97:[8fcf7b85-9677-42f8-9c53-56b4904b3cd2:192.168.164.205:33241, b6d627c8-c03d-467d-9dd3-77fb9226d253:192.168.164.205:34801, 95ebdb13-24f7-4d19-91da-fac485f6b992:192.168.164.205:35891] returns group-7BC4ED8FAE97:java.util.concurrent.CompletableFuture@2c256a0f[Not completed]
2019-10-09 10:08:14,433 [pool-247-thread-1] INFO  impl.RaftServerImpl (RaftServerImpl.java:<init>(95)) - b6d627c8-c03d-467d-9dd3-77fb9226d253: new RaftServerImpl for group-7BC4ED8FAE97:[8fcf7b85-9677-42f8-9c53-56b4904b3cd2:192.168.164.205:33241, b6d627c8-c03d-467d-9dd3-77fb9226d253:192.168.164.205:34801, 95ebdb13-24f7-4d19-91da-fac485f6b992:192.168.164.205:35891] with ContainerStateMachine:uninitialized
2019-10-09 10:08:14,434 [pool-247-thread-1] INFO  server.RaftServerConfigKeys (ConfUtils.java:logGet(43)) - raft.server.rpc.timeout.min = 5s (custom)
2019-10-09 10:08:14,434 [pool-247-thread-1] INFO  server.RaftServerConfigKeys (ConfUtils.java:logGet(43)) - raft.server.rpc.timeout.max = 5200ms (custom)
2019-10-09 10:08:14,434 [pool-247-thread-1] INFO  server.RaftServerConfigKeys (ConfUtils.java:logGet(43)) - raft.server.rpcslowness.timeout = 120s (custom)
2019-10-09 10:08:14,434 [pool-267-thread-1] INFO  impl.RaftServerImpl (RaftServerImpl.java:<init>(95)) - 8fcf7b85-9677-42f8-9c53-56b4904b3cd2: new RaftServerImpl for group-7BC4ED8FAE97:[8fcf7b85-9677-42f8-9c53-56b4904b3cd2:192.168.164.205:33241, b6d627c8-c03d-467d-9dd3-77fb9226d253:192.168.164.205:34801, 95ebdb13-24f7-4d19-91da-fac485f6b992:192.168.164.205:35891] with ContainerStateMachine:uninitialized
2019-10-09 10:08:14,434 [pool-247-thread-1] INFO  server.RaftServerConfigKeys (ConfUtils.java:logGet(43)) - raft.server.sleep.deviation.threshold = 300 (default)
2019-10-09 10:08:14,434 [pool-267-thread-1] INFO  server.RaftServerConfigKeys (ConfUtils.java:logGet(43)) - raft.server.rpc.timeout.min = 5s (custom)
2019-10-09 10:08:14,434 [pool-247-thread-1] INFO  server.RaftServerConfigKeys (ConfUtils.java:logGet(43)) - raft.server.log.appender.install.snapshot.enabled = false (custom)
2019-10-09 10:08:14,434 [pool-267-thread-1] INFO  server.RaftServerConfigKeys (ConfUtils.java:logGet(43)) - raft.server.rpc.timeout.max = 5200ms (custom)
2019-10-09 10:08:14,434 [pool-247-thread-1] INFO  impl.RaftServerImpl (ServerState.java:<init>(103)) - b6d627c8-c03d-467d-9dd3-77fb9226d253@group-7BC4ED8FAE97: ConfigurationManager, init=-1: [8fcf7b85-9677-42f8-9c53-56b4904b3cd2:192.168.164.205:33241, b6d627c8-c03d-467d-9dd3-77fb9226d253:192.168.164.205:34801, 95ebdb13-24f7-4d19-91da-fac485f6b992:192.168.164.205:35891], old=null, confs=<EMPTY_MAP>
2019-10-09 10:08:14,434 [pool-267-thread-1] INFO  server.RaftServerConfigKeys (ConfUtils.java:logGet(43)) - raft.server.rpcslowness.timeout = 120s (custom)
2019-10-09 10:08:14,435 [pool-247-thread-1] INFO  server.RaftServerConfigKeys (ConfUtils.java:logGet(43)) - raft.server.storage.dir = [/workdir/hadoop-ozone/integration-test/target/test-dir/MiniOzoneClusterImpl-11fd0b5f-d681-468f-a8ef-4b8b3241900d/datanode-4/data/ratis] (custom)
2019-10-09 10:08:14,434 [pool-237-thread-1] INFO  impl.RaftServerImpl (RaftServerImpl.java:<init>(95)) - 95ebdb13-24f7-4d19-91da-fac485f6b992: new RaftServerImpl for group-7BC4ED8FAE97:[8fcf7b85-9677-42f8-9c53-56b4904b3cd2:192.168.164.205:33241, b6d627c8-c03d-467d-9dd3-77fb9226d253:192.168.164.205:34801, 95ebdb13-24f7-4d19-91da-fac485f6b992:192.168.164.205:35891] with ContainerStateMachine:uninitialized
2019-10-09 10:08:14,435 [pool-267-thread-1] INFO  server.RaftServerConfigKeys (ConfUtils.java:logGet(43)) - raft.server.sleep.deviation.threshold = 300 (default)
2019-10-09 10:08:14,435 [pool-247-thread-1] INFO  server.RaftServerConfigKeys (ConfUtils.java:logGet(43)) - raft.server.log.corruption.policy = EXCEPTION (default)
2019-10-09 10:08:14,435 [pool-237-thread-1] INFO  server.RaftServerConfigKeys (ConfUtils.java:logGet(43)) - raft.server.rpc.timeout.min = 5s (custom)
2019-10-09 10:08:14,435 [pool-247-thread-1] INFO  storage.RaftStorageDirectory (RaftStorageDirectory.java:analyzeStorage(246)) - The storage directory /workdir/hadoop-ozone/integration-test/target/test-dir/MiniOzoneClusterImpl-11fd0b5f-d681-468f-a8ef-4b8b3241900d/datanode-4/data/ratis/2323af66-a74c-4056-bfd4-7bc4ed8fae97 does not exist. Creating ...
2019-10-09 10:08:14,435 [pool-267-thread-1] INFO  server.RaftServerConfigKeys (ConfUtils.java:logGet(43)) - raft.server.log.appender.install.snapshot.enabled = false (custom)
2019-10-09 10:08:14,435 [pool-237-thread-1] INFO  server.RaftServerConfigKeys (ConfUtils.java:logGet(43)) - raft.server.rpc.timeout.max = 5200ms (custom)
2019-10-09 10:08:14,435 [pool-267-thread-1] INFO  impl.RaftServerImpl (ServerState.java:<init>(103)) - 8fcf7b85-9677-42f8-9c53-56b4904b3cd2@group-7BC4ED8FAE97: ConfigurationManager, init=-1: [8fcf7b85-9677-42f8-9c53-56b4904b3cd2:192.168.164.205:33241, b6d627c8-c03d-467d-9dd3-77fb9226d253:192.168.164.205:34801, 95ebdb13-24f7-4d19-91da-fac485f6b992:192.168.164.205:35891], old=null, confs=<EMPTY_MAP>
2019-10-09 10:08:14,435 [pool-237-thread-1] INFO  server.RaftServerConfigKeys (ConfUtils.java:logGet(43)) - raft.server.rpcslowness.timeout = 120s (custom)
2019-10-09 10:08:14,435 [pool-267-thread-1] INFO  server.RaftServerConfigKeys (ConfUtils.java:logGet(43)) - raft.server.storage.dir = [/workdir/hadoop-ozone/integration-test/target/test-dir/MiniOzoneClusterImpl-11fd0b5f-d681-468f-a8ef-4b8b3241900d/datanode-6/data/ratis] (custom)
2019-10-09 10:08:14,435 [pool-237-thread-1] INFO  server.RaftServerConfigKeys (ConfUtils.java:logGet(43)) - raft.server.sleep.deviation.threshold = 300 (default)
2019-10-09 10:08:14,436 [pool-237-thread-1] INFO  server.RaftServerConfigKeys (ConfUtils.java:logGet(43)) - raft.server.log.appender.install.snapshot.enabled = false (custom)
2019-10-09 10:08:14,436 [pool-267-thread-1] INFO  server.RaftServerConfigKeys (ConfUtils.java:logGet(43)) - raft.server.log.corruption.policy = EXCEPTION (default)
2019-10-09 10:08:14,436 [pool-237-thread-1] INFO  impl.RaftServerImpl (ServerState.java:<init>(103)) - 95ebdb13-24f7-4d19-91da-fac485f6b992@group-7BC4ED8FAE97: ConfigurationManager, init=-1: [8fcf7b85-9677-42f8-9c53-56b4904b3cd2:192.168.164.205:33241, b6d627c8-c03d-467d-9dd3-77fb9226d253:192.168.164.205:34801, 95ebdb13-24f7-4d19-91da-fac485f6b992:192.168.164.205:35891], old=null, confs=<EMPTY_MAP>
2019-10-09 10:08:14,436 [pool-267-thread-1] INFO  storage.RaftStorageDirectory (RaftStorageDirectory.java:analyzeStorage(246)) - The storage directory /workdir/hadoop-ozone/integration-test/target/test-dir/MiniOzoneClusterImpl-11fd0b5f-d681-468f-a8ef-4b8b3241900d/datanode-6/data/ratis/2323af66-a74c-4056-bfd4-7bc4ed8fae97 does not exist. Creating ...
2019-10-09 10:08:14,436 [pool-237-thread-1] INFO  server.RaftServerConfigKeys (ConfUtils.java:logGet(43)) - raft.server.storage.dir = [/workdir/hadoop-ozone/integration-test/target/test-dir/MiniOzoneClusterImpl-11fd0b5f-d681-468f-a8ef-4b8b3241900d/datanode-3/data/ratis] (custom)
2019-10-09 10:08:14,436 [pool-237-thread-1] INFO  server.RaftServerConfigKeys (ConfUtils.java:logGet(43)) - raft.server.log.corruption.policy = EXCEPTION (default)
2019-10-09 10:08:14,436 [pool-237-thread-1] INFO  storage.RaftStorageDirectory (RaftStorageDirectory.java:analyzeStorage(246)) - The storage directory /workdir/hadoop-ozone/integration-test/target/test-dir/MiniOzoneClusterImpl-11fd0b5f-d681-468f-a8ef-4b8b3241900d/datanode-3/data/ratis/2323af66-a74c-4056-bfd4-7bc4ed8fae97 does not exist. Creating ...
2019-10-09 10:08:14,460 [pool-247-thread-1] INFO  storage.RaftStorageDirectory (RaftStorageDirectory.java:tryLock(328)) - Lock on /workdir/hadoop-ozone/integration-test/target/test-dir/MiniOzoneClusterImpl-11fd0b5f-d681-468f-a8ef-4b8b3241900d/datanode-4/data/ratis/2323af66-a74c-4056-bfd4-7bc4ed8fae97/in_use.lock acquired by nodename 17593@pr-hdds-2271-zcqt4-2554284801
2019-10-09 10:08:14,460 [pool-267-thread-1] INFO  storage.RaftStorageDirectory (RaftStorageDirectory.java:tryLock(328)) - Lock on /workdir/hadoop-ozone/integration-test/target/test-dir/MiniOzoneClusterImpl-11fd0b5f-d681-468f-a8ef-4b8b3241900d/datanode-6/data/ratis/2323af66-a74c-4056-bfd4-7bc4ed8fae97/in_use.lock acquired by nodename 17593@pr-hdds-2271-zcqt4-2554284801
2019-10-09 10:08:14,460 [pool-237-thread-1] INFO  storage.RaftStorageDirectory (RaftStorageDirectory.java:tryLock(328)) - Lock on /workdir/hadoop-ozone/integration-test/target/test-dir/MiniOzoneClusterImpl-11fd0b5f-d681-468f-a8ef-4b8b3241900d/datanode-3/data/ratis/2323af66-a74c-4056-bfd4-7bc4ed8fae97/in_use.lock acquired by nodename 17593@pr-hdds-2271-zcqt4-2554284801
2019-10-09 10:08:14,481 [pool-247-thread-1] INFO  storage.RaftStorage (RaftStorage.java:format(84)) - Storage directory /workdir/hadoop-ozone/integration-test/target/test-dir/MiniOzoneClusterImpl-11fd0b5f-d681-468f-a8ef-4b8b3241900d/datanode-4/data/ratis/2323af66-a74c-4056-bfd4-7bc4ed8fae97 has been successfully formatted.
2019-10-09 10:08:14,481 [pool-267-thread-1] INFO  storage.RaftStorage (RaftStorage.java:format(84)) - Storage directory /workdir/hadoop-ozone/integration-test/target/test-dir/MiniOzoneClusterImpl-11fd0b5f-d681-468f-a8ef-4b8b3241900d/datanode-6/data/ratis/2323af66-a74c-4056-bfd4-7bc4ed8fae97 has been successfully formatted.
2019-10-09 10:08:14,481 [pool-237-thread-1] INFO  storage.RaftStorage (RaftStorage.java:format(84)) - Storage directory /workdir/hadoop-ozone/integration-test/target/test-dir/MiniOzoneClusterImpl-11fd0b5f-d681-468f-a8ef-4b8b3241900d/datanode-3/data/ratis/2323af66-a74c-4056-bfd4-7bc4ed8fae97 has been successfully formatted.
2019-10-09 10:08:14,482 [pool-247-thread-1] INFO  ratis.ContainerStateMachine (ContainerStateMachine.java:loadSnapshot(231)) - group-7BC4ED8FAE97: The snapshot info is null. Setting the last applied indexto:(t:0, i:~)
2019-10-09 10:08:14,482 [pool-267-thread-1] INFO  ratis.ContainerStateMachine (ContainerStateMachine.java:loadSnapshot(231)) - group-7BC4ED8FAE97: The snapshot info is null. Setting the last applied indexto:(t:0, i:~)
2019-10-09 10:08:14,482 [pool-247-thread-1] INFO  server.RaftServerConfigKeys (ConfUtils.java:logGet(43)) - raft.server.notification.no-leader.timeout = 120s (custom)
2019-10-09 10:08:14,482 [pool-237-thread-1] INFO  ratis.ContainerStateMachine (ContainerStateMachine.java:loadSnapshot(231)) - group-7BC4ED8FAE97: The snapshot info is null. Setting the last applied indexto:(t:0, i:~)
2019-10-09 10:08:14,482 [pool-247-thread-1] INFO  server.RaftServerConfigKeys (ConfUtils.java:logGet(43)) - raft.server.log.use.memory = false (default)
2019-10-09 10:08:14,482 [pool-267-thread-1] INFO  server.RaftServerConfigKeys (ConfUtils.java:logGet(43)) - raft.server.notification.no-leader.timeout = 120s (custom)
2019-10-09 10:08:14,482 [pool-247-thread-1] INFO  server.RaftServerConfigKeys (ConfUtils.java:logGet(43)) - raft.server.log.purge.gap = 1000000 (custom)
2019-10-09 10:08:14,482 [pool-237-thread-1] INFO  server.RaftServerConfigKeys (ConfUtils.java:logGet(43)) - raft.server.notification.no-leader.timeout = 120s (custom)
2019-10-09 10:08:14,483 [pool-247-thread-1] INFO  server.RaftServerConfigKeys (ConfUtils.java:logGet(43)) - raft.server.log.appender.buffer.byte-limit = 33554432 (custom)
2019-10-09 10:08:14,483 [pool-267-thread-1] INFO  server.RaftServerConfigKeys (ConfUtils.java:logGet(43)) - raft.server.log.use.memory = false (default)
2019-10-09 10:08:14,483 [pool-247-thread-1] INFO  server.RaftServerConfigKeys (ConfUtils.java:logGet(43)) - raft.server.log.segment.size.max = 1048576 (custom)
2019-10-09 10:08:14,483 [pool-237-thread-1] INFO  server.RaftServerConfigKeys (ConfUtils.java:logGet(43)) - raft.server.log.use.memory = false (default)
2019-10-09 10:08:14,483 [pool-247-thread-1] INFO  server.RaftServerConfigKeys (ConfUtils.java:logGet(43)) - raft.server.log.segment.cache.num.max = 2 (custom)
2019-10-09 10:08:14,483 [pool-267-thread-1] INFO  server.RaftServerConfigKeys (ConfUtils.java:logGet(43)) - raft.server.log.purge.gap = 1000000 (custom)
2019-10-09 10:08:14,483 [pool-247-thread-1] INFO  segmented.SegmentedRaftLogWorker (SegmentedRaftLogWorker.java:<init>(173)) - new b6d627c8-c03d-467d-9dd3-77fb9226d253@group-7BC4ED8FAE97-SegmentedRaftLogWorker for RaftStorage:Storage Directory /workdir/hadoop-ozone/integration-test/target/test-dir/MiniOzoneClusterImpl-11fd0b5f-d681-468f-a8ef-4b8b3241900d/datanode-4/data/ratis/2323af66-a74c-4056-bfd4-7bc4ed8fae97
2019-10-09 10:08:14,483 [pool-237-thread-1] INFO  server.RaftServerConfigKeys (ConfUtils.java:logGet(43)) - raft.server.log.purge.gap = 1000000 (custom)
2019-10-09 10:08:14,484 [pool-247-thread-1] INFO  server.RaftServerConfigKeys (ConfUtils.java:logGet(43)) - raft.server.log.queue.byte-limit = 2147483647 (custom)
2019-10-09 10:08:14,484 [pool-267-thread-1] INFO  server.RaftServerConfigKeys (ConfUtils.java:logGet(43)) - raft.server.log.appender.buffer.byte-limit = 33554432 (custom)
2019-10-09 10:08:14,484 [pool-247-thread-1] INFO  server.RaftServerConfigKeys (ConfUtils.java:logGet(43)) - raft.server.log.queue.element-limit = 1024 (custom)
2019-10-09 10:08:14,484 [pool-237-thread-1] INFO  server.RaftServerConfigKeys (ConfUtils.java:logGet(43)) - raft.server.log.appender.buffer.byte-limit = 33554432 (custom)
2019-10-09 10:08:14,484 [pool-247-thread-1] INFO  server.RaftServerConfigKeys (ConfUtils.java:logGet(43)) - raft.server.log.segment.size.max = 1048576 (custom)
2019-10-09 10:08:14,484 [pool-267-thread-1] INFO  server.RaftServerConfigKeys (ConfUtils.java:logGet(43)) - raft.server.log.segment.size.max = 1048576 (custom)
2019-10-09 10:08:14,484 [pool-247-thread-1] INFO  server.RaftServerConfigKeys (ConfUtils.java:logGet(43)) - raft.server.log.preallocated.size = 16384 (custom)
2019-10-09 10:08:14,484 [pool-237-thread-1] INFO  server.RaftServerConfigKeys (ConfUtils.java:logGet(43)) - raft.server.log.segment.size.max = 1048576 (custom)
2019-10-09 10:08:14,484 [pool-247-thread-1] INFO  server.RaftServerConfigKeys (ConfUtils.java:logGet(43)) - raft.server.log.write.buffer.size = 33554432 (custom)
2019-10-09 10:08:14,484 [pool-267-thread-1] INFO  server.RaftServerConfigKeys (ConfUtils.java:logGet(43)) - raft.server.log.segment.cache.num.max = 2 (custom)
2019-10-09 10:08:14,485 [pool-247-thread-1] INFO  server.RaftServerConfigKeys (ConfUtils.java:logGet(43)) - raft.server.log.force.sync.num = 128 (default)
2019-10-09 10:08:14,485 [pool-237-thread-1] INFO  server.RaftServerConfigKeys (ConfUtils.java:logGet(43)) - raft.server.log.segment.cache.num.max = 2 (custom)
2019-10-09 10:08:14,485 [pool-247-thread-1] INFO  server.RaftServerConfigKeys (ConfUtils.java:logGet(43)) - raft.server.log.statemachine.data.sync = true (default)
2019-10-09 10:08:14,485 [pool-267-thread-1] INFO  segmented.SegmentedRaftLogWorker (SegmentedRaftLogWorker.java:<init>(173)) - new 8fcf7b85-9677-42f8-9c53-56b4904b3cd2@group-7BC4ED8FAE97-SegmentedRaftLogWorker for RaftStorage:Storage Directory /workdir/hadoop-ozone/integration-test/target/test-dir/MiniOzoneClusterImpl-11fd0b5f-d681-468f-a8ef-4b8b3241900d/datanode-6/data/ratis/2323af66-a74c-4056-bfd4-7bc4ed8fae97
2019-10-09 10:08:14,485 [pool-247-thread-1] INFO  server.RaftServerConfigKeys (ConfUtils.java:logGet(43)) - raft.server.log.statemachine.data.sync.timeout = 10s (default)
2019-10-09 10:08:14,485 [pool-237-thread-1] INFO  segmented.SegmentedRaftLogWorker (SegmentedRaftLogWorker.java:<init>(173)) - new 95ebdb13-24f7-4d19-91da-fac485f6b992@group-7BC4ED8FAE97-SegmentedRaftLogWorker for RaftStorage:Storage Directory /workdir/hadoop-ozone/integration-test/target/test-dir/MiniOzoneClusterImpl-11fd0b5f-d681-468f-a8ef-4b8b3241900d/datanode-3/data/ratis/2323af66-a74c-4056-bfd4-7bc4ed8fae97
2019-10-09 10:08:14,485 [pool-247-thread-1] INFO  server.RaftServerConfigKeys (ConfUtils.java:logGet(43)) - raft.server.log.statemachine.data.sync.timeout.retry = -1 (default)
2019-10-09 10:08:14,485 [pool-267-thread-1] INFO  server.RaftServerConfigKeys (ConfUtils.java:logGet(43)) - raft.server.log.queue.byte-limit = 2147483647 (custom)
2019-10-09 10:08:14,485 [pool-247-thread-1] INFO  server.RaftServerConfigKeys (ConfUtils.java:logGet(43)) - raft.server.log.statemachine.data.caching.enabled = true (custom)
2019-10-09 10:08:14,485 [pool-237-thread-1] INFO  server.RaftServerConfigKeys (ConfUtils.java:logGet(43)) - raft.server.log.queue.byte-limit = 2147483647 (custom)
2019-10-09 10:08:14,486 [pool-267-thread-1] INFO  server.RaftServerConfigKeys (ConfUtils.java:logGet(43)) - raft.server.log.queue.element-limit = 1024 (custom)
2019-10-09 10:08:14,486 [pool-237-thread-1] INFO  server.RaftServerConfigKeys (ConfUtils.java:logGet(43)) - raft.server.log.queue.element-limit = 1024 (custom)
2019-10-09 10:08:14,486 [pool-267-thread-1] INFO  server.RaftServerConfigKeys (ConfUtils.java:logGet(43)) - raft.server.log.segment.size.max = 1048576 (custom)
2019-10-09 10:08:14,486 [pool-247-thread-1] INFO  segmented.SegmentedRaftLogWorker (SegmentedRaftLogWorker.java:lambda$new$0(128)) - b6d627c8-c03d-467d-9dd3-77fb9226d253@group-7BC4ED8FAE97-SegmentedRaftLogWorker: flushIndex: setUnconditionally 0 -> -1
2019-10-09 10:08:14,486 [pool-267-thread-1] INFO  server.RaftServerConfigKeys (ConfUtils.java:logGet(43)) - raft.server.log.preallocated.size = 16384 (custom)
2019-10-09 10:08:14,486 [pool-237-thread-1] INFO  server.RaftServerConfigKeys (ConfUtils.java:logGet(43)) - raft.server.log.segment.size.max = 1048576 (custom)
2019-10-09 10:08:14,486 [pool-247-thread-1] INFO  server.RaftServerConfigKeys (ConfUtils.java:logGet(43)) - raft.server.snapshot.auto.trigger.enabled = true (custom)
2019-10-09 10:08:14,486 [pool-267-thread-1] INFO  server.RaftServerConfigKeys (ConfUtils.java:logGet(43)) - raft.server.log.write.buffer.size = 33554432 (custom)
2019-10-09 10:08:14,486 [pool-247-thread-1] INFO  server.RaftServerConfigKeys (ConfUtils.java:logGet(43)) - raft.server.snapshot.auto.trigger.threshold = 10000 (custom)
2019-10-09 10:08:14,486 [pool-237-thread-1] INFO  server.RaftServerConfigKeys (ConfUtils.java:logGet(43)) - raft.server.log.preallocated.size = 16384 (custom)
2019-10-09 10:08:14,487 [pool-247-thread-1] INFO  server.RaftServerConfigKeys (ConfUtils.java:logGet(43)) - raft.server.snapshot.retention.file.num = 5 (custom)
2019-10-09 10:08:14,486 [pool-267-thread-1] INFO  server.RaftServerConfigKeys (ConfUtils.java:logGet(43)) - raft.server.log.force.sync.num = 128 (default)
2019-10-09 10:08:14,487 [pool-247-thread-1] INFO  server.RaftServerConfigKeys (ConfUtils.java:logGet(43)) - raft.server.retrycache.expirytime = 600000ms (custom)
2019-10-09 10:08:14,487 [pool-237-thread-1] INFO  server.RaftServerConfigKeys (ConfUtils.java:logGet(43)) - raft.server.log.write.buffer.size = 33554432 (custom)
2019-10-09 10:08:14,487 [pool-267-thread-1] INFO  server.RaftServerConfigKeys (ConfUtils.java:logGet(43)) - raft.server.log.statemachine.data.sync = true (default)
2019-10-09 10:08:14,487 [pool-237-thread-1] INFO  server.RaftServerConfigKeys (ConfUtils.java:logGet(43)) - raft.server.log.force.sync.num = 128 (default)
2019-10-09 10:08:14,487 [pool-267-thread-1] INFO  server.RaftServerConfigKeys (ConfUtils.java:logGet(43)) - raft.server.log.statemachine.data.sync.timeout = 10s (default)
2019-10-09 10:08:14,487 [pool-237-thread-1] INFO  server.RaftServerConfigKeys (ConfUtils.java:logGet(43)) - raft.server.log.statemachine.data.sync = true (default)
2019-10-09 10:08:14,487 [pool-267-thread-1] INFO  server.RaftServerConfigKeys (ConfUtils.java:logGet(43)) - raft.server.log.statemachine.data.sync.timeout.retry = -1 (default)
2019-10-09 10:08:14,487 [pool-237-thread-1] INFO  server.RaftServerConfigKeys (ConfUtils.java:logGet(43)) - raft.server.log.statemachine.data.sync.timeout = 10s (default)
2019-10-09 10:08:14,488 [pool-267-thread-1] INFO  server.RaftServerConfigKeys (ConfUtils.java:logGet(43)) - raft.server.log.statemachine.data.caching.enabled = true (custom)
2019-10-09 10:08:14,488 [pool-237-thread-1] INFO  server.RaftServerConfigKeys (ConfUtils.java:logGet(43)) - raft.server.log.statemachine.data.sync.timeout.retry = -1 (default)
2019-10-09 10:08:14,488 [pool-237-thread-1] INFO  server.RaftServerConfigKeys (ConfUtils.java:logGet(43)) - raft.server.log.statemachine.data.caching.enabled = true (custom)
2019-10-09 10:08:14,488 [pool-267-thread-1] INFO  segmented.SegmentedRaftLogWorker (SegmentedRaftLogWorker.java:lambda$new$0(128)) - 8fcf7b85-9677-42f8-9c53-56b4904b3cd2@group-7BC4ED8FAE97-SegmentedRaftLogWorker: flushIndex: setUnconditionally 0 -> -1
2019-10-09 10:08:14,488 [pool-237-thread-1] INFO  segmented.SegmentedRaftLogWorker (SegmentedRaftLogWorker.java:lambda$new$0(128)) - 95ebdb13-24f7-4d19-91da-fac485f6b992@group-7BC4ED8FAE97-SegmentedRaftLogWorker: flushIndex: setUnconditionally 0 -> -1
2019-10-09 10:08:14,488 [pool-267-thread-1] INFO  server.RaftServerConfigKeys (ConfUtils.java:logGet(43)) - raft.server.snapshot.auto.trigger.enabled = true (custom)
2019-10-09 10:08:14,488 [pool-267-thread-1] INFO  server.RaftServerConfigKeys (ConfUtils.java:logGet(43)) - raft.server.snapshot.auto.trigger.threshold = 10000 (custom)
2019-10-09 10:08:14,488 [pool-237-thread-1] INFO  server.RaftServerConfigKeys (ConfUtils.java:logGet(43)) - raft.server.snapshot.auto.trigger.enabled = true (custom)
2019-10-09 10:08:14,488 [pool-247-thread-1] INFO  impl.RaftServerImpl (RaftServerImpl.java:start(181)) - b6d627c8-c03d-467d-9dd3-77fb9226d253@group-7BC4ED8FAE97: start as a follower, conf=-1: [8fcf7b85-9677-42f8-9c53-56b4904b3cd2:192.168.164.205:33241, b6d627c8-c03d-467d-9dd3-77fb9226d253:192.168.164.205:34801, 95ebdb13-24f7-4d19-91da-fac485f6b992:192.168.164.205:35891], old=null
2019-10-09 10:08:14,488 [pool-267-thread-1] INFO  server.RaftServerConfigKeys (ConfUtils.java:logGet(43)) - raft.server.snapshot.retention.file.num = 5 (custom)
2019-10-09 10:08:14,489 [pool-247-thread-1] INFO  impl.RaftServerImpl (RaftServerImpl.java:setRole(170)) - b6d627c8-c03d-467d-9dd3-77fb9226d253@group-7BC4ED8FAE97: changes role from      null to FOLLOWER at term 0 for startAsFollower
2019-10-09 10:08:14,489 [pool-237-thread-1] INFO  server.RaftServerConfigKeys (ConfUtils.java:logGet(43)) - raft.server.snapshot.auto.trigger.threshold = 10000 (custom)
2019-10-09 10:08:14,489 [pool-247-thread-1] INFO  impl.RoleInfo (RoleInfo.java:updateAndGet(143)) - b6d627c8-c03d-467d-9dd3-77fb9226d253: start FollowerState
2019-10-09 10:08:14,489 [pool-267-thread-1] INFO  server.RaftServerConfigKeys (ConfUtils.java:logGet(43)) - raft.server.retrycache.expirytime = 600000ms (custom)
2019-10-09 10:08:14,489 [pool-237-thread-1] INFO  server.RaftServerConfigKeys (ConfUtils.java:logGet(43)) - raft.server.snapshot.retention.file.num = 5 (custom)
2019-10-09 10:08:14,489 [pool-247-thread-1] INFO  util.JmxRegister (JmxRegister.java:tryRegister(44)) - Successfully registered JMX Bean with object name Ratis:service=RaftServer,group=group-7BC4ED8FAE97,id=b6d627c8-c03d-467d-9dd3-77fb9226d253
2019-10-09 10:08:14,489 [pool-237-thread-1] INFO  server.RaftServerConfigKeys (ConfUtils.java:logGet(43)) - raft.server.retrycache.expirytime = 600000ms (custom)
2019-10-09 10:08:14,493 [pool-267-thread-1] INFO  impl.RaftServerImpl (RaftServerImpl.java:start(181)) - 8fcf7b85-9677-42f8-9c53-56b4904b3cd2@group-7BC4ED8FAE97: start as a follower, conf=-1: [8fcf7b85-9677-42f8-9c53-56b4904b3cd2:192.168.164.205:33241, b6d627c8-c03d-467d-9dd3-77fb9226d253:192.168.164.205:34801, 95ebdb13-24f7-4d19-91da-fac485f6b992:192.168.164.205:35891], old=null
2019-10-09 10:08:14,493 [pool-267-thread-1] INFO  impl.RaftServerImpl (RaftServerImpl.java:setRole(170)) - 8fcf7b85-9677-42f8-9c53-56b4904b3cd2@group-7BC4ED8FAE97: changes role from      null to FOLLOWER at term 0 for startAsFollower
2019-10-09 10:08:14,493 [pool-267-thread-1] INFO  impl.RoleInfo (RoleInfo.java:updateAndGet(143)) - 8fcf7b85-9677-42f8-9c53-56b4904b3cd2: start FollowerState
2019-10-09 10:08:14,493 [pool-237-thread-1] INFO  impl.RaftServerImpl (RaftServerImpl.java:start(181)) - 95ebdb13-24f7-4d19-91da-fac485f6b992@group-7BC4ED8FAE97: start as a follower, conf=-1: [8fcf7b85-9677-42f8-9c53-56b4904b3cd2:192.168.164.205:33241, b6d627c8-c03d-467d-9dd3-77fb9226d253:192.168.164.205:34801, 95ebdb13-24f7-4d19-91da-fac485f6b992:192.168.164.205:35891], old=null
2019-10-09 10:08:14,493 [pool-237-thread-1] INFO  impl.RaftServerImpl (RaftServerImpl.java:setRole(170)) - 95ebdb13-24f7-4d19-91da-fac485f6b992@group-7BC4ED8FAE97: changes role from      null to FOLLOWER at term 0 for startAsFollower
2019-10-09 10:08:14,493 [pool-237-thread-1] INFO  impl.RoleInfo (RoleInfo.java:updateAndGet(143)) - 95ebdb13-24f7-4d19-91da-fac485f6b992: start FollowerState
2019-10-09 10:08:14,494 [pool-267-thread-1] INFO  util.JmxRegister (JmxRegister.java:tryRegister(44)) - Successfully registered JMX Bean with object name Ratis:service=RaftServer,group=group-7BC4ED8FAE97,id=8fcf7b85-9677-42f8-9c53-56b4904b3cd2
2019-10-09 10:08:14,494 [pool-237-thread-1] INFO  util.JmxRegister (JmxRegister.java:tryRegister(44)) - Successfully registered JMX Bean with object name Ratis:service=RaftServer,group=group-7BC4ED8FAE97,id=95ebdb13-24f7-4d19-91da-fac485f6b992
2019-10-09 10:08:14,499 [RatisPipelineUtilsThread] INFO  pipeline.PipelineStateManager (PipelineStateManager.java:addPipeline(56)) - Created pipeline Pipeline[ Id: 2323af66-a74c-4056-bfd4-7bc4ed8fae97, Nodes: b6d627c8-c03d-467d-9dd3-77fb9226d253{ip: 192.168.164.205, host: pr-hdds-2271-zcqt4-2554284801, networkLocation: /default-rack, certSerialId: null}8fcf7b85-9677-42f8-9c53-56b4904b3cd2{ip: 192.168.164.205, host: pr-hdds-2271-zcqt4-2554284801, networkLocation: /default-rack, certSerialId: null}95ebdb13-24f7-4d19-91da-fac485f6b992{ip: 192.168.164.205, host: pr-hdds-2271-zcqt4-2554284801, networkLocation: /default-rack, certSerialId: null}, Type:RATIS, Factor:THREE, State:OPEN]
2019-10-09 10:08:16,914 [Thread-1487] INFO  container.ReplicationManager (ReplicationManager.java:start(162)) - Starting Replication Monitor Thread.
2019-10-09 10:08:16,919 [ReplicationMonitor] INFO  container.ReplicationManager (ReplicationManager.java:run(225)) - Replication Monitor Thread took 0 milliseconds for processing 1 containers.
2019-10-09 10:08:19,087 [Thread-1489] INFO  impl.FollowerState (FollowerState.java:run(108)) - ea48651f-a535-41b5-a19b-b8cecb9d11ac@group-7CF67C8F4688-FollowerState: change to CANDIDATE, lastRpcTime:5124ms, electionTimeout:5124ms
2019-10-09 10:08:19,088 [Thread-1489] INFO  impl.RoleInfo (RoleInfo.java:shutdownFollowerState(121)) - ea48651f-a535-41b5-a19b-b8cecb9d11ac: shutdown FollowerState
2019-10-09 10:08:19,088 [Thread-1489] INFO  impl.RaftServerImpl (RaftServerImpl.java:setRole(170)) - ea48651f-a535-41b5-a19b-b8cecb9d11ac@group-7CF67C8F4688: changes role from  FOLLOWER to CANDIDATE at term 0 for changeToCandidate
2019-10-09 10:08:19,088 [Thread-1489] INFO  impl.RoleInfo (RoleInfo.java:updateAndGet(143)) - ea48651f-a535-41b5-a19b-b8cecb9d11ac: start LeaderElection
2019-10-09 10:08:19,093 [Thread-1492] INFO  impl.FollowerState (FollowerState.java:run(108)) - 5f603e7f-c5d0-429b-bdae-ead04b90af02@group-C1D989A42B2B-FollowerState: change to CANDIDATE, lastRpcTime:5060ms, electionTimeout:5060ms
2019-10-09 10:08:19,096 [Thread-1492] INFO  impl.RoleInfo (RoleInfo.java:shutdownFollowerState(121)) - 5f603e7f-c5d0-429b-bdae-ead04b90af02: shutdown FollowerState
2019-10-09 10:08:19,096 [Thread-1492] INFO  impl.RaftServerImpl (RaftServerImpl.java:setRole(170)) - 5f603e7f-c5d0-429b-bdae-ead04b90af02@group-C1D989A42B2B: changes role from  FOLLOWER to CANDIDATE at term 0 for changeToCandidate
2019-10-09 10:08:19,096 [Thread-1492] INFO  impl.RoleInfo (RoleInfo.java:updateAndGet(143)) - 5f603e7f-c5d0-429b-bdae-ead04b90af02: start LeaderElection
2019-10-09 10:08:19,110 [5f603e7f-c5d0-429b-bdae-ead04b90af02@group-C1D989A42B2B-LeaderElection32] INFO  impl.LeaderElection (LeaderElection.java:askForVotes(178)) - 5f603e7f-c5d0-429b-bdae-ead04b90af02@group-C1D989A42B2B-LeaderElection32: begin an election at term 1 for -1: [5f603e7f-c5d0-429b-bdae-ead04b90af02:192.168.164.205:45632], old=null
2019-10-09 10:08:19,110 [ea48651f-a535-41b5-a19b-b8cecb9d11ac@group-7CF67C8F4688-LeaderElection31] INFO  impl.LeaderElection (LeaderElection.java:askForVotes(178)) - ea48651f-a535-41b5-a19b-b8cecb9d11ac@group-7CF67C8F4688-LeaderElection31: begin an election at term 1 for -1: [ea48651f-a535-41b5-a19b-b8cecb9d11ac:192.168.164.205:36592], old=null
2019-10-09 10:08:19,110 [5f603e7f-c5d0-429b-bdae-ead04b90af02@group-C1D989A42B2B-LeaderElection32] INFO  impl.RoleInfo (RoleInfo.java:shutdownLeaderElection(134)) - 5f603e7f-c5d0-429b-bdae-ead04b90af02: shutdown LeaderElection
2019-10-09 10:08:19,110 [ea48651f-a535-41b5-a19b-b8cecb9d11ac@group-7CF67C8F4688-LeaderElection31] INFO  impl.RoleInfo (RoleInfo.java:shutdownLeaderElection(134)) - ea48651f-a535-41b5-a19b-b8cecb9d11ac: shutdown LeaderElection
2019-10-09 10:08:19,110 [5f603e7f-c5d0-429b-bdae-ead04b90af02@group-C1D989A42B2B-LeaderElection32] INFO  impl.RaftServerImpl (RaftServerImpl.java:setRole(170)) - 5f603e7f-c5d0-429b-bdae-ead04b90af02@group-C1D989A42B2B: changes role from CANDIDATE to LEADER at term 1 for changeToLeader
2019-10-09 10:08:19,110 [ea48651f-a535-41b5-a19b-b8cecb9d11ac@group-7CF67C8F4688-LeaderElection31] INFO  impl.RaftServerImpl (RaftServerImpl.java:setRole(170)) - ea48651f-a535-41b5-a19b-b8cecb9d11ac@group-7CF67C8F4688: changes role from CANDIDATE to LEADER at term 1 for changeToLeader
2019-10-09 10:08:19,110 [5f603e7f-c5d0-429b-bdae-ead04b90af02@group-C1D989A42B2B-LeaderElection32] INFO  impl.RaftServerImpl (ServerState.java:setLeader(255)) - 5f603e7f-c5d0-429b-bdae-ead04b90af02@group-C1D989A42B2B: change Leader from null to 5f603e7f-c5d0-429b-bdae-ead04b90af02 at term 1 for becomeLeader, leader elected after 5089ms
2019-10-09 10:08:19,110 [ea48651f-a535-41b5-a19b-b8cecb9d11ac@group-7CF67C8F4688-LeaderElection31] INFO  impl.RaftServerImpl (ServerState.java:setLeader(255)) - ea48651f-a535-41b5-a19b-b8cecb9d11ac@group-7CF67C8F4688: change Leader from null to ea48651f-a535-41b5-a19b-b8cecb9d11ac at term 1 for becomeLeader, leader elected after 5154ms
2019-10-09 10:08:19,111 [5f603e7f-c5d0-429b-bdae-ead04b90af02@group-C1D989A42B2B-LeaderElection32] INFO  server.RaftServerConfigKeys (ConfUtils.java:logGet(43)) - raft.server.staging.catchup.gap = 1000 (default)
2019-10-09 10:08:19,111 [ea48651f-a535-41b5-a19b-b8cecb9d11ac@group-7CF67C8F4688-LeaderElection31] INFO  server.RaftServerConfigKeys (ConfUtils.java:logGet(43)) - raft.server.staging.catchup.gap = 1000 (default)
2019-10-09 10:08:19,111 [5f603e7f-c5d0-429b-bdae-ead04b90af02@group-C1D989A42B2B-LeaderElection32] INFO  server.RaftServerConfigKeys (ConfUtils.java:logGet(43)) - raft.server.rpc.sleep.time = 25ms (default)
2019-10-09 10:08:19,111 [ea48651f-a535-41b5-a19b-b8cecb9d11ac@group-7CF67C8F4688-LeaderElection31] INFO  server.RaftServerConfigKeys (ConfUtils.java:logGet(43)) - raft.server.rpc.sleep.time = 25ms (default)
2019-10-09 10:08:19,111 [5f603e7f-c5d0-429b-bdae-ead04b90af02@group-C1D989A42B2B-LeaderElection32] INFO  server.RaftServerConfigKeys (ConfUtils.java:logGet(43)) - raft.server.write.element-limit = 4096 (default)
2019-10-09 10:08:19,111 [ea48651f-a535-41b5-a19b-b8cecb9d11ac@group-7CF67C8F4688-LeaderElection31] INFO  server.RaftServerConfigKeys (ConfUtils.java:logGet(43)) - raft.server.write.element-limit = 4096 (default)
2019-10-09 10:08:19,111 [5f603e7f-c5d0-429b-bdae-ead04b90af02@group-C1D989A42B2B-LeaderElection32] INFO  server.RaftServerConfigKeys (ConfUtils.java:logGet(43)) - raft.server.watch.timeout = 10s (default)
2019-10-09 10:08:19,112 [ea48651f-a535-41b5-a19b-b8cecb9d11ac@group-7CF67C8F4688-LeaderElection31] INFO  server.RaftServerConfigKeys (ConfUtils.java:logGet(43)) - raft.server.watch.timeout = 10s (default)
2019-10-09 10:08:19,112 [5f603e7f-c5d0-429b-bdae-ead04b90af02@group-C1D989A42B2B-LeaderElection32] INFO  server.RaftServerConfigKeys (ConfUtils.java:logGet(43)) - raft.server.watch.timeout.denomination = 1s (default)
2019-10-09 10:08:19,112 [ea48651f-a535-41b5-a19b-b8cecb9d11ac@group-7CF67C8F4688-LeaderElection31] INFO  server.RaftServerConfigKeys (ConfUtils.java:logGet(43)) - raft.server.watch.timeout.denomination = 1s (default)
2019-10-09 10:08:19,112 [5f603e7f-c5d0-429b-bdae-ead04b90af02@group-C1D989A42B2B-LeaderElection32] INFO  server.RaftServerConfigKeys (ConfUtils.java:logGet(43)) - raft.server.watch.element-limit = 65536 (default)
2019-10-09 10:08:19,112 [ea48651f-a535-41b5-a19b-b8cecb9d11ac@group-7CF67C8F4688-LeaderElection31] INFO  server.RaftServerConfigKeys (ConfUtils.java:logGet(43)) - raft.server.watch.element-limit = 65536 (default)
2019-10-09 10:08:19,116 [5f603e7f-c5d0-429b-bdae-ead04b90af02@group-C1D989A42B2B-LeaderElection32] INFO  impl.RoleInfo (RoleInfo.java:updateAndGet(143)) - 5f603e7f-c5d0-429b-bdae-ead04b90af02: start LeaderState
2019-10-09 10:08:19,116 [5f603e7f-c5d0-429b-bdae-ead04b90af02@group-C1D989A42B2B-LeaderElection32] INFO  segmented.SegmentedRaftLogWorker (SegmentedRaftLogWorker.java:startLogSegment(385)) - 5f603e7f-c5d0-429b-bdae-ead04b90af02@group-C1D989A42B2B-SegmentedRaftLogWorker: Starting segment from index:0
2019-10-09 10:08:19,116 [ea48651f-a535-41b5-a19b-b8cecb9d11ac@group-7CF67C8F4688-LeaderElection31] INFO  impl.RoleInfo (RoleInfo.java:updateAndGet(143)) - ea48651f-a535-41b5-a19b-b8cecb9d11ac: start LeaderState
2019-10-09 10:08:19,117 [ea48651f-a535-41b5-a19b-b8cecb9d11ac@group-7CF67C8F4688-LeaderElection31] INFO  segmented.SegmentedRaftLogWorker (SegmentedRaftLogWorker.java:startLogSegment(385)) - ea48651f-a535-41b5-a19b-b8cecb9d11ac@group-7CF67C8F4688-SegmentedRaftLogWorker: Starting segment from index:0
2019-10-09 10:08:19,117 [5f603e7f-c5d0-429b-bdae-ead04b90af02@group-C1D989A42B2B-LeaderElection32] INFO  impl.RaftServerImpl (ServerState.java:setRaftConf(356)) - 5f603e7f-c5d0-429b-bdae-ead04b90af02@group-C1D989A42B2B: set configuration 0: [5f603e7f-c5d0-429b-bdae-ead04b90af02:192.168.164.205:45632], old=null at 0
2019-10-09 10:08:19,117 [ea48651f-a535-41b5-a19b-b8cecb9d11ac@group-7CF67C8F4688-LeaderElection31] INFO  impl.RaftServerImpl (ServerState.java:setRaftConf(356)) - ea48651f-a535-41b5-a19b-b8cecb9d11ac@group-7CF67C8F4688: set configuration 0: [ea48651f-a535-41b5-a19b-b8cecb9d11ac:192.168.164.205:36592], old=null at 0
2019-10-09 10:08:19,137 [Thread-1495] INFO  impl.FollowerState (FollowerState.java:run(108)) - ab022857-e651-46e0-9452-78f2a1d93581@group-32E42ABD9F51-FollowerState: change to CANDIDATE, lastRpcTime:5052ms, electionTimeout:5052ms
2019-10-09 10:08:19,138 [Thread-1495] INFO  impl.RoleInfo (RoleInfo.java:shutdownFollowerState(121)) - ab022857-e651-46e0-9452-78f2a1d93581: shutdown FollowerState
2019-10-09 10:08:19,138 [Thread-1495] INFO  impl.RaftServerImpl (RaftServerImpl.java:setRole(170)) - ab022857-e651-46e0-9452-78f2a1d93581@group-32E42ABD9F51: changes role from  FOLLOWER to CANDIDATE at term 0 for changeToCandidate
2019-10-09 10:08:19,138 [Thread-1495] INFO  impl.RoleInfo (RoleInfo.java:updateAndGet(143)) - ab022857-e651-46e0-9452-78f2a1d93581: start LeaderElection
2019-10-09 10:08:19,157 [Thread-1503] INFO  impl.FollowerState (FollowerState.java:run(108)) - ab022857-e651-46e0-9452-78f2a1d93581@group-8FCD5B1B9009-FollowerState: change to CANDIDATE, lastRpcTime:5007ms, electionTimeout:5001ms
2019-10-09 10:08:19,157 [Thread-1503] INFO  impl.RoleInfo (RoleInfo.java:shutdownFollowerState(121)) - ab022857-e651-46e0-9452-78f2a1d93581: shutdown FollowerState
2019-10-09 10:08:19,157 [Thread-1503] INFO  impl.RaftServerImpl (RaftServerImpl.java:setRole(170)) - ab022857-e651-46e0-9452-78f2a1d93581@group-8FCD5B1B9009: changes role from  FOLLOWER to CANDIDATE at term 0 for changeToCandidate
2019-10-09 10:08:19,157 [Thread-1503] INFO  impl.RoleInfo (RoleInfo.java:updateAndGet(143)) - ab022857-e651-46e0-9452-78f2a1d93581: start LeaderElection
2019-10-09 10:08:19,169 [5f603e7f-c5d0-429b-bdae-ead04b90af02@group-C1D989A42B2B-SegmentedRaftLogWorker] INFO  segmented.SegmentedRaftLogWorker (SegmentedRaftLogWorker.java:execute(574)) - 5f603e7f-c5d0-429b-bdae-ead04b90af02@group-C1D989A42B2B-SegmentedRaftLogWorker: created new log segment /workdir/hadoop-ozone/integration-test/target/test-dir/MiniOzoneClusterImpl-11fd0b5f-d681-468f-a8ef-4b8b3241900d/datanode-1/data/ratis/ee78a28d-e6fe-465f-b3d5-c1d989a42b2b/current/log_inprogress_0
2019-10-09 10:08:19,169 [ea48651f-a535-41b5-a19b-b8cecb9d11ac@group-7CF67C8F4688-SegmentedRaftLogWorker] INFO  segmented.SegmentedRaftLogWorker (SegmentedRaftLogWorker.java:execute(574)) - ea48651f-a535-41b5-a19b-b8cecb9d11ac@group-7CF67C8F4688-SegmentedRaftLogWorker: created new log segment /workdir/hadoop-ozone/integration-test/target/test-dir/MiniOzoneClusterImpl-11fd0b5f-d681-468f-a8ef-4b8b3241900d/datanode-0/data/ratis/312aff62-5d1c-4132-a476-7cf67c8f4688/current/log_inprogress_0
2019-10-09 10:08:19,170 [ab022857-e651-46e0-9452-78f2a1d93581@group-32E42ABD9F51-LeaderElection33] INFO  impl.LeaderElection (LeaderElection.java:askForVotes(178)) - ab022857-e651-46e0-9452-78f2a1d93581@group-32E42ABD9F51-LeaderElection33: begin an election at term 1 for -1: [ab022857-e651-46e0-9452-78f2a1d93581:192.168.164.205:46466], old=null
2019-10-09 10:08:19,170 [ab022857-e651-46e0-9452-78f2a1d93581@group-8FCD5B1B9009-LeaderElection34] INFO  impl.LeaderElection (LeaderElection.java:askForVotes(178)) - ab022857-e651-46e0-9452-78f2a1d93581@group-8FCD5B1B9009-LeaderElection34: begin an election at term 1 for -1: [ea48651f-a535-41b5-a19b-b8cecb9d11ac:192.168.164.205:36592, 5f603e7f-c5d0-429b-bdae-ead04b90af02:192.168.164.205:45632, ab022857-e651-46e0-9452-78f2a1d93581:192.168.164.205:46466], old=null
2019-10-09 10:08:19,170 [ab022857-e651-46e0-9452-78f2a1d93581@group-32E42ABD9F51-LeaderElection33] INFO  impl.RoleInfo (RoleInfo.java:shutdownLeaderElection(134)) - ab022857-e651-46e0-9452-78f2a1d93581: shutdown LeaderElection
2019-10-09 10:08:19,170 [ab022857-e651-46e0-9452-78f2a1d93581@group-32E42ABD9F51-LeaderElection33] INFO  impl.RaftServerImpl (RaftServerImpl.java:setRole(170)) - ab022857-e651-46e0-9452-78f2a1d93581@group-32E42ABD9F51: changes role from CANDIDATE to LEADER at term 1 for changeToLeader
2019-10-09 10:08:19,170 [ab022857-e651-46e0-9452-78f2a1d93581@group-32E42ABD9F51-LeaderElection33] INFO  impl.RaftServerImpl (ServerState.java:setLeader(255)) - ab022857-e651-46e0-9452-78f2a1d93581@group-32E42ABD9F51: change Leader from null to ab022857-e651-46e0-9452-78f2a1d93581 at term 1 for becomeLeader, leader elected after 5092ms
2019-10-09 10:08:19,171 [ab022857-e651-46e0-9452-78f2a1d93581@group-32E42ABD9F51-LeaderElection33] INFO  server.RaftServerConfigKeys (ConfUtils.java:logGet(43)) - raft.server.staging.catchup.gap = 1000 (default)
2019-10-09 10:08:19,171 [ab022857-e651-46e0-9452-78f2a1d93581@group-32E42ABD9F51-LeaderElection33] INFO  server.RaftServerConfigKeys (ConfUtils.java:logGet(43)) - raft.server.rpc.sleep.time = 25ms (default)
2019-10-09 10:08:19,171 [ab022857-e651-46e0-9452-78f2a1d93581@group-32E42ABD9F51-LeaderElection33] INFO  server.RaftServerConfigKeys (ConfUtils.java:logGet(43)) - raft.server.write.element-limit = 4096 (default)
2019-10-09 10:08:19,171 [ab022857-e651-46e0-9452-78f2a1d93581@group-32E42ABD9F51-LeaderElection33] INFO  server.RaftServerConfigKeys (ConfUtils.java:logGet(43)) - raft.server.watch.timeout = 10s (default)
2019-10-09 10:08:19,171 [ab022857-e651-46e0-9452-78f2a1d93581@group-32E42ABD9F51-LeaderElection33] INFO  server.RaftServerConfigKeys (ConfUtils.java:logGet(43)) - raft.server.watch.timeout.denomination = 1s (default)
2019-10-09 10:08:19,172 [ab022857-e651-46e0-9452-78f2a1d93581@group-32E42ABD9F51-LeaderElection33] INFO  server.RaftServerConfigKeys (ConfUtils.java:logGet(43)) - raft.server.watch.element-limit = 65536 (default)
2019-10-09 10:08:19,177 [ab022857-e651-46e0-9452-78f2a1d93581@group-32E42ABD9F51-LeaderElection33] INFO  impl.RoleInfo (RoleInfo.java:updateAndGet(143)) - ab022857-e651-46e0-9452-78f2a1d93581: start LeaderState
2019-10-09 10:08:19,178 [ab022857-e651-46e0-9452-78f2a1d93581@group-32E42ABD9F51-LeaderElection33] INFO  segmented.SegmentedRaftLogWorker (SegmentedRaftLogWorker.java:startLogSegment(385)) - ab022857-e651-46e0-9452-78f2a1d93581@group-32E42ABD9F51-SegmentedRaftLogWorker: Starting segment from index:0
2019-10-09 10:08:19,178 [ab022857-e651-46e0-9452-78f2a1d93581@group-32E42ABD9F51-LeaderElection33] INFO  impl.RaftServerImpl (ServerState.java:setRaftConf(356)) - ab022857-e651-46e0-9452-78f2a1d93581@group-32E42ABD9F51: set configuration 0: [ab022857-e651-46e0-9452-78f2a1d93581:192.168.164.205:46466], old=null at 0
2019-10-09 10:08:19,178 [grpc-default-executor-1] INFO  impl.RaftServerImpl (RaftServerImpl.java:setRole(170)) - 5f603e7f-c5d0-429b-bdae-ead04b90af02@group-8FCD5B1B9009: changes role from  FOLLOWER to FOLLOWER at term 1 for recognizeCandidate:ab022857-e651-46e0-9452-78f2a1d93581
2019-10-09 10:08:19,179 [grpc-default-executor-5] INFO  impl.RaftServerImpl (RaftServerImpl.java:setRole(170)) - ea48651f-a535-41b5-a19b-b8cecb9d11ac@group-8FCD5B1B9009: changes role from  FOLLOWER to FOLLOWER at term 1 for recognizeCandidate:ab022857-e651-46e0-9452-78f2a1d93581
2019-10-09 10:08:19,179 [grpc-default-executor-1] INFO  impl.RoleInfo (RoleInfo.java:shutdownFollowerState(121)) - 5f603e7f-c5d0-429b-bdae-ead04b90af02: shutdown FollowerState
2019-10-09 10:08:19,179 [grpc-default-executor-5] INFO  impl.RoleInfo (RoleInfo.java:shutdownFollowerState(121)) - ea48651f-a535-41b5-a19b-b8cecb9d11ac: shutdown FollowerState
2019-10-09 10:08:19,179 [grpc-default-executor-1] INFO  impl.RoleInfo (RoleInfo.java:updateAndGet(143)) - 5f603e7f-c5d0-429b-bdae-ead04b90af02: start FollowerState
2019-10-09 10:08:19,179 [Thread-1501] INFO  impl.FollowerState (FollowerState.java:run(117)) - 5f603e7f-c5d0-429b-bdae-ead04b90af02@group-8FCD5B1B9009-FollowerState was interrupted: java.lang.InterruptedException: sleep interrupted
2019-10-09 10:08:19,179 [grpc-default-executor-5] INFO  impl.RoleInfo (RoleInfo.java:updateAndGet(143)) - ea48651f-a535-41b5-a19b-b8cecb9d11ac: start FollowerState
2019-10-09 10:08:19,180 [Thread-1498] INFO  impl.FollowerState (FollowerState.java:run(117)) - ea48651f-a535-41b5-a19b-b8cecb9d11ac@group-8FCD5B1B9009-FollowerState was interrupted: java.lang.InterruptedException: sleep interrupted
2019-10-09 10:08:19,196 [ab022857-e651-46e0-9452-78f2a1d93581@group-8FCD5B1B9009-LeaderElection34] INFO  impl.LeaderElection (LeaderElection.java:logAndReturn(56)) - ab022857-e651-46e0-9452-78f2a1d93581@group-8FCD5B1B9009-LeaderElection34: Election PASSED; received 1 response(s) [ab022857-e651-46e0-9452-78f2a1d93581<-5f603e7f-c5d0-429b-bdae-ead04b90af02#0:OK-t1] and 0 exception(s); ab022857-e651-46e0-9452-78f2a1d93581@group-8FCD5B1B9009:t1, leader=null, voted=ab022857-e651-46e0-9452-78f2a1d93581, raftlog=ab022857-e651-46e0-9452-78f2a1d93581@group-8FCD5B1B9009-SegmentedRaftLog:OPENED:c-1,f-1,i0, conf=-1: [ea48651f-a535-41b5-a19b-b8cecb9d11ac:192.168.164.205:36592, 5f603e7f-c5d0-429b-bdae-ead04b90af02:192.168.164.205:45632, ab022857-e651-46e0-9452-78f2a1d93581:192.168.164.205:46466], old=null
2019-10-09 10:08:19,196 [ab022857-e651-46e0-9452-78f2a1d93581@group-8FCD5B1B9009-LeaderElection34] INFO  impl.RoleInfo (RoleInfo.java:shutdownLeaderElection(134)) - ab022857-e651-46e0-9452-78f2a1d93581: shutdown LeaderElection
2019-10-09 10:08:19,196 [ab022857-e651-46e0-9452-78f2a1d93581@group-8FCD5B1B9009-LeaderElection34] INFO  impl.RaftServerImpl (RaftServerImpl.java:setRole(170)) - ab022857-e651-46e0-9452-78f2a1d93581@group-8FCD5B1B9009: changes role from CANDIDATE to LEADER at term 1 for changeToLeader
2019-10-09 10:08:19,197 [ab022857-e651-46e0-9452-78f2a1d93581@group-8FCD5B1B9009-LeaderElection34] INFO  impl.RaftServerImpl (ServerState.java:setLeader(255)) - ab022857-e651-46e0-9452-78f2a1d93581@group-8FCD5B1B9009: change Leader from null to ab022857-e651-46e0-9452-78f2a1d93581 at term 1 for becomeLeader, leader elected after 5059ms
2019-10-09 10:08:19,197 [ab022857-e651-46e0-9452-78f2a1d93581@group-8FCD5B1B9009-LeaderElection34] INFO  server.RaftServerConfigKeys (ConfUtils.java:logGet(43)) - raft.server.staging.catchup.gap = 1000 (default)
2019-10-09 10:08:19,197 [ab022857-e651-46e0-9452-78f2a1d93581@group-8FCD5B1B9009-LeaderElection34] INFO  server.RaftServerConfigKeys (ConfUtils.java:logGet(43)) - raft.server.rpc.sleep.time = 25ms (default)
2019-10-09 10:08:19,197 [ab022857-e651-46e0-9452-78f2a1d93581@group-8FCD5B1B9009-LeaderElection34] INFO  server.RaftServerConfigKeys (ConfUtils.java:logGet(43)) - raft.server.write.element-limit = 4096 (default)
2019-10-09 10:08:19,197 [ab022857-e651-46e0-9452-78f2a1d93581@group-8FCD5B1B9009-LeaderElection34] INFO  server.RaftServerConfigKeys (ConfUtils.java:logGet(43)) - raft.server.watch.timeout = 10s (default)
2019-10-09 10:08:19,197 [ab022857-e651-46e0-9452-78f2a1d93581@group-8FCD5B1B9009-LeaderElection34] INFO  server.RaftServerConfigKeys (ConfUtils.java:logGet(43)) - raft.server.watch.timeout.denomination = 1s (default)
2019-10-09 10:08:19,197 [ab022857-e651-46e0-9452-78f2a1d93581@group-8FCD5B1B9009-LeaderElection34] INFO  server.RaftServerConfigKeys (ConfUtils.java:logGet(43)) - raft.server.watch.element-limit = 65536 (default)
2019-10-09 10:08:19,199 [ab022857-e651-46e0-9452-78f2a1d93581@group-8FCD5B1B9009-LeaderElection34] INFO  server.RaftServerConfigKeys (ConfUtils.java:logGet(43)) - raft.server.log.appender.snapshot.chunk.size.max = 16MB (=16777216) (default)
2019-10-09 10:08:19,200 [ab022857-e651-46e0-9452-78f2a1d93581@group-8FCD5B1B9009-LeaderElection34] INFO  server.RaftServerConfigKeys (ConfUtils.java:logGet(43)) - raft.server.log.appender.buffer.byte-limit = 33554432 (custom)
2019-10-09 10:08:19,200 [ab022857-e651-46e0-9452-78f2a1d93581@group-8FCD5B1B9009-LeaderElection34] INFO  server.RaftServerConfigKeys (ConfUtils.java:logGet(43)) - raft.server.log.appender.buffer.element-limit = 1 (custom)
2019-10-09 10:08:19,200 [ab022857-e651-46e0-9452-78f2a1d93581@group-8FCD5B1B9009-LeaderElection34] INFO  grpc.GrpcConfigKeys$Server (ConfUtils.java:logGet(43)) - raft.grpc.server.leader.outstanding.appends.max = 128 (default)
2019-10-09 10:08:19,200 [ab022857-e651-46e0-9452-78f2a1d93581@group-8FCD5B1B9009-LeaderElection34] INFO  server.RaftServerConfigKeys (ConfUtils.java:logGet(43)) - raft.server.rpc.request.timeout = 3000ms (default)
2019-10-09 10:08:19,201 [ab022857-e651-46e0-9452-78f2a1d93581@group-8FCD5B1B9009-LeaderElection34] INFO  server.RaftServerConfigKeys (ConfUtils.java:logGet(43)) - raft.server.log.appender.install.snapshot.enabled = false (custom)
2019-10-09 10:08:19,201 [ab022857-e651-46e0-9452-78f2a1d93581@group-8FCD5B1B9009-LeaderElection34] INFO  server.RaftServerConfigKeys (ConfUtils.java:logGet(43)) - raft.server.log.appender.snapshot.chunk.size.max = 16MB (=16777216) (default)
2019-10-09 10:08:19,201 [ab022857-e651-46e0-9452-78f2a1d93581@group-8FCD5B1B9009-LeaderElection34] INFO  server.RaftServerConfigKeys (ConfUtils.java:logGet(43)) - raft.server.log.appender.buffer.byte-limit = 33554432 (custom)
2019-10-09 10:08:19,201 [ab022857-e651-46e0-9452-78f2a1d93581@group-8FCD5B1B9009-LeaderElection34] INFO  server.RaftServerConfigKeys (ConfUtils.java:logGet(43)) - raft.server.log.appender.buffer.element-limit = 1 (custom)
2019-10-09 10:08:19,202 [ab022857-e651-46e0-9452-78f2a1d93581@group-8FCD5B1B9009-LeaderElection34] INFO  grpc.GrpcConfigKeys$Server (ConfUtils.java:logGet(43)) - raft.grpc.server.leader.outstanding.appends.max = 128 (default)
2019-10-09 10:08:19,202 [ab022857-e651-46e0-9452-78f2a1d93581@group-8FCD5B1B9009-LeaderElection34] INFO  server.RaftServerConfigKeys (ConfUtils.java:logGet(43)) - raft.server.rpc.request.timeout = 3000ms (default)
2019-10-09 10:08:19,202 [ab022857-e651-46e0-9452-78f2a1d93581@group-8FCD5B1B9009-LeaderElection34] INFO  server.RaftServerConfigKeys (ConfUtils.java:logGet(43)) - raft.server.log.appender.install.snapshot.enabled = false (custom)
2019-10-09 10:08:19,202 [ab022857-e651-46e0-9452-78f2a1d93581@group-8FCD5B1B9009-LeaderElection34] INFO  impl.RoleInfo (RoleInfo.java:updateAndGet(143)) - ab022857-e651-46e0-9452-78f2a1d93581: start LeaderState
2019-10-09 10:08:19,202 [ab022857-e651-46e0-9452-78f2a1d93581@group-8FCD5B1B9009-LeaderElection34] INFO  segmented.SegmentedRaftLogWorker (SegmentedRaftLogWorker.java:startLogSegment(385)) - ab022857-e651-46e0-9452-78f2a1d93581@group-8FCD5B1B9009-SegmentedRaftLogWorker: Starting segment from index:0
2019-10-09 10:08:19,203 [ab022857-e651-46e0-9452-78f2a1d93581@group-8FCD5B1B9009-LeaderElection34] INFO  impl.RaftServerImpl (ServerState.java:setRaftConf(356)) - ab022857-e651-46e0-9452-78f2a1d93581@group-8FCD5B1B9009: set configuration 0: [ea48651f-a535-41b5-a19b-b8cecb9d11ac:192.168.164.205:36592, 5f603e7f-c5d0-429b-bdae-ead04b90af02:192.168.164.205:45632, ab022857-e651-46e0-9452-78f2a1d93581:192.168.164.205:46466], old=null at 0
2019-10-09 10:08:19,235 [grpc-default-executor-1] INFO  impl.RaftServerImpl (ServerState.java:setLeader(255)) - 5f603e7f-c5d0-429b-bdae-ead04b90af02@group-8FCD5B1B9009: change Leader from null to ab022857-e651-46e0-9452-78f2a1d93581 at term 1 for appendEntries, leader elected after 5098ms
2019-10-09 10:08:19,237 [grpc-default-executor-5] INFO  impl.RaftServerImpl (ServerState.java:setLeader(255)) - ea48651f-a535-41b5-a19b-b8cecb9d11ac@group-8FCD5B1B9009: change Leader from null to ab022857-e651-46e0-9452-78f2a1d93581 at term 1 for appendEntries, leader elected after 5100ms
2019-10-09 10:08:19,244 [grpc-default-executor-1] INFO  impl.RaftServerImpl (ServerState.java:setRaftConf(356)) - ea48651f-a535-41b5-a19b-b8cecb9d11ac@group-8FCD5B1B9009: set configuration 0: [ea48651f-a535-41b5-a19b-b8cecb9d11ac:192.168.164.205:36592, 5f603e7f-c5d0-429b-bdae-ead04b90af02:192.168.164.205:45632, ab022857-e651-46e0-9452-78f2a1d93581:192.168.164.205:46466], old=null at 0
2019-10-09 10:08:19,244 [grpc-default-executor-5] INFO  impl.RaftServerImpl (ServerState.java:setRaftConf(356)) - 5f603e7f-c5d0-429b-bdae-ead04b90af02@group-8FCD5B1B9009: set configuration 0: [ea48651f-a535-41b5-a19b-b8cecb9d11ac:192.168.164.205:36592, 5f603e7f-c5d0-429b-bdae-ead04b90af02:192.168.164.205:45632, ab022857-e651-46e0-9452-78f2a1d93581:192.168.164.205:46466], old=null at 0
2019-10-09 10:08:19,244 [grpc-default-executor-1] INFO  segmented.SegmentedRaftLogWorker (SegmentedRaftLogWorker.java:startLogSegment(385)) - ea48651f-a535-41b5-a19b-b8cecb9d11ac@group-8FCD5B1B9009-SegmentedRaftLogWorker: Starting segment from index:0
2019-10-09 10:08:19,244 [grpc-default-executor-5] INFO  segmented.SegmentedRaftLogWorker (SegmentedRaftLogWorker.java:startLogSegment(385)) - 5f603e7f-c5d0-429b-bdae-ead04b90af02@group-8FCD5B1B9009-SegmentedRaftLogWorker: Starting segment from index:0
2019-10-09 10:08:19,254 [ab022857-e651-46e0-9452-78f2a1d93581@group-8FCD5B1B9009-SegmentedRaftLogWorker] INFO  segmented.SegmentedRaftLogWorker (SegmentedRaftLogWorker.java:execute(574)) - ab022857-e651-46e0-9452-78f2a1d93581@group-8FCD5B1B9009-SegmentedRaftLogWorker: created new log segment /workdir/hadoop-ozone/integration-test/target/test-dir/MiniOzoneClusterImpl-11fd0b5f-d681-468f-a8ef-4b8b3241900d/datanode-2/data/ratis/12c53af5-0e89-44c4-8926-8fcd5b1b9009/current/log_inprogress_0
2019-10-09 10:08:19,254 [ab022857-e651-46e0-9452-78f2a1d93581@group-32E42ABD9F51-SegmentedRaftLogWorker] INFO  segmented.SegmentedRaftLogWorker (SegmentedRaftLogWorker.java:execute(574)) - ab022857-e651-46e0-9452-78f2a1d93581@group-32E42ABD9F51-SegmentedRaftLogWorker: created new log segment /workdir/hadoop-ozone/integration-test/target/test-dir/MiniOzoneClusterImpl-11fd0b5f-d681-468f-a8ef-4b8b3241900d/datanode-2/data/ratis/d99141d5-3598-4609-8cd6-32e42abd9f51/current/log_inprogress_0
2019-10-09 10:08:19,287 [5f603e7f-c5d0-429b-bdae-ead04b90af02@group-8FCD5B1B9009-SegmentedRaftLogWorker] INFO  segmented.SegmentedRaftLogWorker (SegmentedRaftLogWorker.java:execute(574)) - 5f603e7f-c5d0-429b-bdae-ead04b90af02@group-8FCD5B1B9009-SegmentedRaftLogWorker: created new log segment /workdir/hadoop-ozone/integration-test/target/test-dir/MiniOzoneClusterImpl-11fd0b5f-d681-468f-a8ef-4b8b3241900d/datanode-1/data/ratis/12c53af5-0e89-44c4-8926-8fcd5b1b9009/current/log_inprogress_0
2019-10-09 10:08:19,287 [ea48651f-a535-41b5-a19b-b8cecb9d11ac@group-8FCD5B1B9009-SegmentedRaftLogWorker] INFO  segmented.SegmentedRaftLogWorker (SegmentedRaftLogWorker.java:execute(574)) - ea48651f-a535-41b5-a19b-b8cecb9d11ac@group-8FCD5B1B9009-SegmentedRaftLogWorker: created new log segment /workdir/hadoop-ozone/integration-test/target/test-dir/MiniOzoneClusterImpl-11fd0b5f-d681-468f-a8ef-4b8b3241900d/datanode-0/data/ratis/12c53af5-0e89-44c4-8926-8fcd5b1b9009/current/log_inprogress_0
2019-10-09 10:08:19,373 [Thread-1510] INFO  impl.FollowerState (FollowerState.java:run(108)) - 95ebdb13-24f7-4d19-91da-fac485f6b992@group-0EB4E3D264B4-FollowerState: change to CANDIDATE, lastRpcTime:5091ms, electionTimeout:5091ms
2019-10-09 10:08:19,374 [Thread-1510] INFO  impl.RoleInfo (RoleInfo.java:shutdownFollowerState(121)) - 95ebdb13-24f7-4d19-91da-fac485f6b992: shutdown FollowerState
2019-10-09 10:08:19,374 [Thread-1510] INFO  impl.RaftServerImpl (RaftServerImpl.java:setRole(170)) - 95ebdb13-24f7-4d19-91da-fac485f6b992@group-0EB4E3D264B4: changes role from  FOLLOWER to CANDIDATE at term 0 for changeToCandidate
2019-10-09 10:08:19,374 [Thread-1510] INFO  impl.RoleInfo (RoleInfo.java:updateAndGet(143)) - 95ebdb13-24f7-4d19-91da-fac485f6b992: start LeaderElection
2019-10-09 10:08:19,394 [95ebdb13-24f7-4d19-91da-fac485f6b992@group-0EB4E3D264B4-LeaderElection35] INFO  impl.LeaderElection (LeaderElection.java:askForVotes(178)) - 95ebdb13-24f7-4d19-91da-fac485f6b992@group-0EB4E3D264B4-LeaderElection35: begin an election at term 1 for -1: [95ebdb13-24f7-4d19-91da-fac485f6b992:192.168.164.205:35891], old=null
2019-10-09 10:08:19,394 [95ebdb13-24f7-4d19-91da-fac485f6b992@group-0EB4E3D264B4-LeaderElection35] INFO  impl.RoleInfo (RoleInfo.java:shutdownLeaderElection(134)) - 95ebdb13-24f7-4d19-91da-fac485f6b992: shutdown LeaderElection
2019-10-09 10:08:19,394 [95ebdb13-24f7-4d19-91da-fac485f6b992@group-0EB4E3D264B4-LeaderElection35] INFO  impl.RaftServerImpl (RaftServerImpl.java:setRole(170)) - 95ebdb13-24f7-4d19-91da-fac485f6b992@group-0EB4E3D264B4: changes role from CANDIDATE to LEADER at term 1 for changeToLeader
2019-10-09 10:08:19,394 [95ebdb13-24f7-4d19-91da-fac485f6b992@group-0EB4E3D264B4-LeaderElection35] INFO  impl.RaftServerImpl (ServerState.java:setLeader(255)) - 95ebdb13-24f7-4d19-91da-fac485f6b992@group-0EB4E3D264B4: change Leader from null to 95ebdb13-24f7-4d19-91da-fac485f6b992 at term 1 for becomeLeader, leader elected after 5117ms
2019-10-09 10:08:19,395 [95ebdb13-24f7-4d19-91da-fac485f6b992@group-0EB4E3D264B4-LeaderElection35] INFO  server.RaftServerConfigKeys (ConfUtils.java:logGet(43)) - raft.server.staging.catchup.gap = 1000 (default)
2019-10-09 10:08:19,395 [95ebdb13-24f7-4d19-91da-fac485f6b992@group-0EB4E3D264B4-LeaderElection35] INFO  server.RaftServerConfigKeys (ConfUtils.java:logGet(43)) - raft.server.rpc.sleep.time = 25ms (default)
2019-10-09 10:08:19,395 [95ebdb13-24f7-4d19-91da-fac485f6b992@group-0EB4E3D264B4-LeaderElection35] INFO  server.RaftServerConfigKeys (ConfUtils.java:logGet(43)) - raft.server.write.element-limit = 4096 (default)
2019-10-09 10:08:19,395 [95ebdb13-24f7-4d19-91da-fac485f6b992@group-0EB4E3D264B4-LeaderElection35] INFO  server.RaftServerConfigKeys (ConfUtils.java:logGet(43)) - raft.server.watch.timeout = 10s (default)
2019-10-09 10:08:19,395 [95ebdb13-24f7-4d19-91da-fac485f6b992@group-0EB4E3D264B4-LeaderElection35] INFO  server.RaftServerConfigKeys (ConfUtils.java:logGet(43)) - raft.server.watch.timeout.denomination = 1s (default)
2019-10-09 10:08:19,395 [95ebdb13-24f7-4d19-91da-fac485f6b992@group-0EB4E3D264B4-LeaderElection35] INFO  server.RaftServerConfigKeys (ConfUtils.java:logGet(43)) - raft.server.watch.element-limit = 65536 (default)
2019-10-09 10:08:19,398 [95ebdb13-24f7-4d19-91da-fac485f6b992@group-0EB4E3D264B4-LeaderElection35] INFO  impl.RoleInfo (RoleInfo.java:updateAndGet(143)) - 95ebdb13-24f7-4d19-91da-fac485f6b992: start LeaderState
2019-10-09 10:08:19,398 [95ebdb13-24f7-4d19-91da-fac485f6b992@group-0EB4E3D264B4-LeaderElection35] INFO  segmented.SegmentedRaftLogWorker (SegmentedRaftLogWorker.java:startLogSegment(385)) - 95ebdb13-24f7-4d19-91da-fac485f6b992@group-0EB4E3D264B4-SegmentedRaftLogWorker: Starting segment from index:0
2019-10-09 10:08:19,399 [95ebdb13-24f7-4d19-91da-fac485f6b992@group-0EB4E3D264B4-LeaderElection35] INFO  impl.RaftServerImpl (ServerState.java:setRaftConf(356)) - 95ebdb13-24f7-4d19-91da-fac485f6b992@group-0EB4E3D264B4: set configuration 0: [95ebdb13-24f7-4d19-91da-fac485f6b992:192.168.164.205:35891], old=null at 0
2019-10-09 10:08:19,412 [Thread-1507] INFO  impl.FollowerState (FollowerState.java:run(108)) - b6d627c8-c03d-467d-9dd3-77fb9226d253@group-701B50F3036E-FollowerState: change to CANDIDATE, lastRpcTime:5173ms, electionTimeout:5173ms
2019-10-09 10:08:19,412 [Thread-1507] INFO  impl.RoleInfo (RoleInfo.java:shutdownFollowerState(121)) - b6d627c8-c03d-467d-9dd3-77fb9226d253: shutdown FollowerState
2019-10-09 10:08:19,412 [Thread-1507] INFO  impl.RaftServerImpl (RaftServerImpl.java:setRole(170)) - b6d627c8-c03d-467d-9dd3-77fb9226d253@group-701B50F3036E: changes role from  FOLLOWER to CANDIDATE at term 0 for changeToCandidate
2019-10-09 10:08:19,412 [Thread-1507] INFO  impl.RoleInfo (RoleInfo.java:updateAndGet(143)) - b6d627c8-c03d-467d-9dd3-77fb9226d253: start LeaderElection
2019-10-09 10:08:19,453 [95ebdb13-24f7-4d19-91da-fac485f6b992@group-0EB4E3D264B4-SegmentedRaftLogWorker] INFO  segmented.SegmentedRaftLogWorker (SegmentedRaftLogWorker.java:execute(574)) - 95ebdb13-24f7-4d19-91da-fac485f6b992@group-0EB4E3D264B4-SegmentedRaftLogWorker: created new log segment /workdir/hadoop-ozone/integration-test/target/test-dir/MiniOzoneClusterImpl-11fd0b5f-d681-468f-a8ef-4b8b3241900d/datanode-3/data/ratis/d3f28acb-37c9-4b2d-aa7c-0eb4e3d264b4/current/log_inprogress_0
2019-10-09 10:08:19,453 [b6d627c8-c03d-467d-9dd3-77fb9226d253@group-701B50F3036E-LeaderElection36] INFO  impl.LeaderElection (LeaderElection.java:askForVotes(178)) - b6d627c8-c03d-467d-9dd3-77fb9226d253@group-701B50F3036E-LeaderElection36: begin an election at term 1 for -1: [b6d627c8-c03d-467d-9dd3-77fb9226d253:192.168.164.205:34801], old=null
2019-10-09 10:08:19,453 [b6d627c8-c03d-467d-9dd3-77fb9226d253@group-701B50F3036E-LeaderElection36] INFO  impl.RoleInfo (RoleInfo.java:shutdownLeaderElection(134)) - b6d627c8-c03d-467d-9dd3-77fb9226d253: shutdown LeaderElection
2019-10-09 10:08:19,453 [b6d627c8-c03d-467d-9dd3-77fb9226d253@group-701B50F3036E-LeaderElection36] INFO  impl.RaftServerImpl (RaftServerImpl.java:setRole(170)) - b6d627c8-c03d-467d-9dd3-77fb9226d253@group-701B50F3036E: changes role from CANDIDATE to LEADER at term 1 for changeToLeader
2019-10-09 10:08:19,453 [b6d627c8-c03d-467d-9dd3-77fb9226d253@group-701B50F3036E-LeaderElection36] INFO  impl.RaftServerImpl (ServerState.java:setLeader(255)) - b6d627c8-c03d-467d-9dd3-77fb9226d253@group-701B50F3036E: change Leader from null to b6d627c8-c03d-467d-9dd3-77fb9226d253 at term 1 for becomeLeader, leader elected after 5221ms
2019-10-09 10:08:19,454 [b6d627c8-c03d-467d-9dd3-77fb9226d253@group-701B50F3036E-LeaderElection36] INFO  server.RaftServerConfigKeys (ConfUtils.java:logGet(43)) - raft.server.staging.catchup.gap = 1000 (default)
2019-10-09 10:08:19,454 [b6d627c8-c03d-467d-9dd3-77fb9226d253@group-701B50F3036E-LeaderElection36] INFO  server.RaftServerConfigKeys (ConfUtils.java:logGet(43)) - raft.server.rpc.sleep.time = 25ms (default)
2019-10-09 10:08:19,454 [b6d627c8-c03d-467d-9dd3-77fb9226d253@group-701B50F3036E-LeaderElection36] INFO  server.RaftServerConfigKeys (ConfUtils.java:logGet(43)) - raft.server.write.element-limit = 4096 (default)
2019-10-09 10:08:19,454 [b6d627c8-c03d-467d-9dd3-77fb9226d253@group-701B50F3036E-LeaderElection36] INFO  server.RaftServerConfigKeys (ConfUtils.java:logGet(43)) - raft.server.watch.timeout = 10s (default)
2019-10-09 10:08:19,454 [b6d627c8-c03d-467d-9dd3-77fb9226d253@group-701B50F3036E-LeaderElection36] INFO  server.RaftServerConfigKeys (ConfUtils.java:logGet(43)) - raft.server.watch.timeout.denomination = 1s (default)
2019-10-09 10:08:19,454 [b6d627c8-c03d-467d-9dd3-77fb9226d253@group-701B50F3036E-LeaderElection36] INFO  server.RaftServerConfigKeys (ConfUtils.java:logGet(43)) - raft.server.watch.element-limit = 65536 (default)
2019-10-09 10:08:19,456 [b6d627c8-c03d-467d-9dd3-77fb9226d253@group-701B50F3036E-LeaderElection36] INFO  impl.RoleInfo (RoleInfo.java:updateAndGet(143)) - b6d627c8-c03d-467d-9dd3-77fb9226d253: start LeaderState
2019-10-09 10:08:19,457 [b6d627c8-c03d-467d-9dd3-77fb9226d253@group-701B50F3036E-LeaderElection36] INFO  segmented.SegmentedRaftLogWorker (SegmentedRaftLogWorker.java:startLogSegment(385)) - b6d627c8-c03d-467d-9dd3-77fb9226d253@group-701B50F3036E-SegmentedRaftLogWorker: Starting segment from index:0
2019-10-09 10:08:19,457 [b6d627c8-c03d-467d-9dd3-77fb9226d253@group-701B50F3036E-LeaderElection36] INFO  impl.RaftServerImpl (ServerState.java:setRaftConf(356)) - b6d627c8-c03d-467d-9dd3-77fb9226d253@group-701B50F3036E: set configuration 0: [b6d627c8-c03d-467d-9dd3-77fb9226d253:192.168.164.205:34801], old=null at 0
2019-10-09 10:08:19,499 [b6d627c8-c03d-467d-9dd3-77fb9226d253@group-701B50F3036E-SegmentedRaftLogWorker] INFO  segmented.SegmentedRaftLogWorker (SegmentedRaftLogWorker.java:execute(574)) - b6d627c8-c03d-467d-9dd3-77fb9226d253@group-701B50F3036E-SegmentedRaftLogWorker: created new log segment /workdir/hadoop-ozone/integration-test/target/test-dir/MiniOzoneClusterImpl-11fd0b5f-d681-468f-a8ef-4b8b3241900d/datanode-4/data/ratis/7fdcd2f2-f9ee-4099-a818-701b50f3036e/current/log_inprogress_0
2019-10-09 10:08:19,518 [Thread-1515] INFO  impl.FollowerState (FollowerState.java:run(108)) - 93b86b8b-d718-4240-8ef1-cb480a33e6de@group-6211EAB2CF8A-FollowerState: change to CANDIDATE, lastRpcTime:5160ms, electionTimeout:5160ms
2019-10-09 10:08:19,518 [Thread-1515] INFO  impl.RoleInfo (RoleInfo.java:shutdownFollowerState(121)) - 93b86b8b-d718-4240-8ef1-cb480a33e6de: shutdown FollowerState
2019-10-09 10:08:19,518 [Thread-1515] INFO  impl.RaftServerImpl (RaftServerImpl.java:setRole(170)) - 93b86b8b-d718-4240-8ef1-cb480a33e6de@group-6211EAB2CF8A: changes role from  FOLLOWER to CANDIDATE at term 0 for changeToCandidate
2019-10-09 10:08:19,519 [Thread-1515] INFO  impl.RoleInfo (RoleInfo.java:updateAndGet(143)) - 93b86b8b-d718-4240-8ef1-cb480a33e6de: start LeaderElection
2019-10-09 10:08:19,539 [93b86b8b-d718-4240-8ef1-cb480a33e6de@group-6211EAB2CF8A-LeaderElection37] INFO  impl.LeaderElection (LeaderElection.java:askForVotes(178)) - 93b86b8b-d718-4240-8ef1-cb480a33e6de@group-6211EAB2CF8A-LeaderElection37: begin an election at term 1 for -1: [93b86b8b-d718-4240-8ef1-cb480a33e6de:192.168.164.205:39997], old=null
2019-10-09 10:08:19,539 [93b86b8b-d718-4240-8ef1-cb480a33e6de@group-6211EAB2CF8A-LeaderElection37] INFO  impl.RoleInfo (RoleInfo.java:shutdownLeaderElection(134)) - 93b86b8b-d718-4240-8ef1-cb480a33e6de: shutdown LeaderElection
2019-10-09 10:08:19,539 [93b86b8b-d718-4240-8ef1-cb480a33e6de@group-6211EAB2CF8A-LeaderElection37] INFO  impl.RaftServerImpl (RaftServerImpl.java:setRole(170)) - 93b86b8b-d718-4240-8ef1-cb480a33e6de@group-6211EAB2CF8A: changes role from CANDIDATE to LEADER at term 1 for changeToLeader
2019-10-09 10:08:19,539 [93b86b8b-d718-4240-8ef1-cb480a33e6de@group-6211EAB2CF8A-LeaderElection37] INFO  impl.RaftServerImpl (ServerState.java:setLeader(255)) - 93b86b8b-d718-4240-8ef1-cb480a33e6de@group-6211EAB2CF8A: change Leader from null to 93b86b8b-d718-4240-8ef1-cb480a33e6de at term 1 for becomeLeader, leader elected after 5196ms
2019-10-09 10:08:19,540 [93b86b8b-d718-4240-8ef1-cb480a33e6de@group-6211EAB2CF8A-LeaderElection37] INFO  server.RaftServerConfigKeys (ConfUtils.java:logGet(43)) - raft.server.staging.catchup.gap = 1000 (default)
2019-10-09 10:08:19,540 [93b86b8b-d718-4240-8ef1-cb480a33e6de@group-6211EAB2CF8A-LeaderElection37] INFO  server.RaftServerConfigKeys (ConfUtils.java:logGet(43)) - raft.server.rpc.sleep.time = 25ms (default)
2019-10-09 10:08:19,540 [93b86b8b-d718-4240-8ef1-cb480a33e6de@group-6211EAB2CF8A-LeaderElection37] INFO  server.RaftServerConfigKeys (ConfUtils.java:logGet(43)) - raft.server.write.element-limit = 4096 (default)
2019-10-09 10:08:19,540 [93b86b8b-d718-4240-8ef1-cb480a33e6de@group-6211EAB2CF8A-LeaderElection37] INFO  server.RaftServerConfigKeys (ConfUtils.java:logGet(43)) - raft.server.watch.timeout = 10s (default)
2019-10-09 10:08:19,540 [93b86b8b-d718-4240-8ef1-cb480a33e6de@group-6211EAB2CF8A-LeaderElection37] INFO  server.RaftServerConfigKeys (ConfUtils.java:logGet(43)) - raft.server.watch.timeout.denomination = 1s (default)
2019-10-09 10:08:19,540 [93b86b8b-d718-4240-8ef1-cb480a33e6de@group-6211EAB2CF8A-LeaderElection37] INFO  server.RaftServerConfigKeys (ConfUtils.java:logGet(43)) - raft.server.watch.element-limit = 65536 (default)
2019-10-09 10:08:19,543 [93b86b8b-d718-4240-8ef1-cb480a33e6de@group-6211EAB2CF8A-LeaderElection37] INFO  impl.RoleInfo (RoleInfo.java:updateAndGet(143)) - 93b86b8b-d718-4240-8ef1-cb480a33e6de: start LeaderState
2019-10-09 10:08:19,543 [93b86b8b-d718-4240-8ef1-cb480a33e6de@group-6211EAB2CF8A-LeaderElection37] INFO  segmented.SegmentedRaftLogWorker (SegmentedRaftLogWorker.java:startLogSegment(385)) - 93b86b8b-d718-4240-8ef1-cb480a33e6de@group-6211EAB2CF8A-SegmentedRaftLogWorker: Starting segment from index:0
2019-10-09 10:08:19,544 [93b86b8b-d718-4240-8ef1-cb480a33e6de@group-6211EAB2CF8A-LeaderElection37] INFO  impl.RaftServerImpl (ServerState.java:setRaftConf(356)) - 93b86b8b-d718-4240-8ef1-cb480a33e6de@group-6211EAB2CF8A: set configuration 0: [93b86b8b-d718-4240-8ef1-cb480a33e6de:192.168.164.205:39997], old=null at 0
2019-10-09 10:08:19,565 [Thread-1524] INFO  impl.FollowerState (FollowerState.java:run(108)) - 8fcf7b85-9677-42f8-9c53-56b4904b3cd2@group-7BC4ED8FAE97-FollowerState: change to CANDIDATE, lastRpcTime:5071ms, electionTimeout:5071ms
2019-10-09 10:08:19,565 [Thread-1524] INFO  impl.RoleInfo (RoleInfo.java:shutdownFollowerState(121)) - 8fcf7b85-9677-42f8-9c53-56b4904b3cd2: shutdown FollowerState
2019-10-09 10:08:19,565 [Thread-1524] INFO  impl.RaftServerImpl (RaftServerImpl.java:setRole(170)) - 8fcf7b85-9677-42f8-9c53-56b4904b3cd2@group-7BC4ED8FAE97: changes role from  FOLLOWER to CANDIDATE at term 0 for changeToCandidate
2019-10-09 10:08:19,566 [Thread-1524] INFO  impl.RoleInfo (RoleInfo.java:updateAndGet(143)) - 8fcf7b85-9677-42f8-9c53-56b4904b3cd2: start LeaderElection
2019-10-09 10:08:19,586 [Thread-1518] INFO  impl.FollowerState (FollowerState.java:run(108)) - 8fcf7b85-9677-42f8-9c53-56b4904b3cd2@group-0C9D0360C628-FollowerState: change to CANDIDATE, lastRpcTime:5152ms, electionTimeout:5152ms
2019-10-09 10:08:19,586 [Thread-1518] INFO  impl.RoleInfo (RoleInfo.java:shutdownFollowerState(121)) - 8fcf7b85-9677-42f8-9c53-56b4904b3cd2: shutdown FollowerState
2019-10-09 10:08:19,586 [Thread-1518] INFO  impl.RaftServerImpl (RaftServerImpl.java:setRole(170)) - 8fcf7b85-9677-42f8-9c53-56b4904b3cd2@group-0C9D0360C628: changes role from  FOLLOWER to CANDIDATE at term 0 for changeToCandidate
2019-10-09 10:08:19,586 [Thread-1522] INFO  impl.FollowerState (FollowerState.java:run(108)) - b6d627c8-c03d-467d-9dd3-77fb9226d253@group-7BC4ED8FAE97-FollowerState: change to CANDIDATE, lastRpcTime:5097ms, electionTimeout:5097ms
2019-10-09 10:08:19,586 [Thread-1518] INFO  impl.RoleInfo (RoleInfo.java:updateAndGet(143)) - 8fcf7b85-9677-42f8-9c53-56b4904b3cd2: start LeaderElection
2019-10-09 10:08:19,586 [Thread-1522] INFO  impl.RoleInfo (RoleInfo.java:shutdownFollowerState(121)) - b6d627c8-c03d-467d-9dd3-77fb9226d253: shutdown FollowerState
2019-10-09 10:08:19,587 [Thread-1522] INFO  impl.RaftServerImpl (RaftServerImpl.java:setRole(170)) - b6d627c8-c03d-467d-9dd3-77fb9226d253@group-7BC4ED8FAE97: changes role from  FOLLOWER to CANDIDATE at term 0 for changeToCandidate
2019-10-09 10:08:19,587 [Thread-1522] INFO  impl.RoleInfo (RoleInfo.java:updateAndGet(143)) - b6d627c8-c03d-467d-9dd3-77fb9226d253: start LeaderElection
2019-10-09 10:08:19,601 [Thread-1526] INFO  impl.FollowerState (FollowerState.java:run(108)) - 95ebdb13-24f7-4d19-91da-fac485f6b992@group-7BC4ED8FAE97-FollowerState: change to CANDIDATE, lastRpcTime:5107ms, electionTimeout:5107ms
2019-10-09 10:08:19,602 [Thread-1526] INFO  impl.RoleInfo (RoleInfo.java:shutdownFollowerState(121)) - 95ebdb13-24f7-4d19-91da-fac485f6b992: shutdown FollowerState
2019-10-09 10:08:19,602 [Thread-1526] INFO  impl.RaftServerImpl (RaftServerImpl.java:setRole(170)) - 95ebdb13-24f7-4d19-91da-fac485f6b992@group-7BC4ED8FAE97: changes role from  FOLLOWER to CANDIDATE at term 0 for changeToCandidate
2019-10-09 10:08:19,602 [Thread-1526] INFO  impl.RoleInfo (RoleInfo.java:updateAndGet(143)) - 95ebdb13-24f7-4d19-91da-fac485f6b992: start LeaderElection
2019-10-09 10:08:19,610 [93b86b8b-d718-4240-8ef1-cb480a33e6de@group-6211EAB2CF8A-SegmentedRaftLogWorker] INFO  segmented.SegmentedRaftLogWorker (SegmentedRaftLogWorker.java:execute(574)) - 93b86b8b-d718-4240-8ef1-cb480a33e6de@group-6211EAB2CF8A-SegmentedRaftLogWorker: created new log segment /workdir/hadoop-ozone/integration-test/target/test-dir/MiniOzoneClusterImpl-11fd0b5f-d681-468f-a8ef-4b8b3241900d/datanode-5/data/ratis/85601738-cb7e-4cb4-ac11-6211eab2cf8a/current/log_inprogress_0
2019-10-09 10:08:19,610 [b6d627c8-c03d-467d-9dd3-77fb9226d253@group-7BC4ED8FAE97-LeaderElection40] INFO  impl.LeaderElection (LeaderElection.java:askForVotes(178)) - b6d627c8-c03d-467d-9dd3-77fb9226d253@group-7BC4ED8FAE97-LeaderElection40: begin an election at term 1 for -1: [8fcf7b85-9677-42f8-9c53-56b4904b3cd2:192.168.164.205:33241, b6d627c8-c03d-467d-9dd3-77fb9226d253:192.168.164.205:34801, 95ebdb13-24f7-4d19-91da-fac485f6b992:192.168.164.205:35891], old=null
2019-10-09 10:08:19,610 [8fcf7b85-9677-42f8-9c53-56b4904b3cd2@group-7BC4ED8FAE97-LeaderElection38] INFO  impl.LeaderElection (LeaderElection.java:askForVotes(178)) - 8fcf7b85-9677-42f8-9c53-56b4904b3cd2@group-7BC4ED8FAE97-LeaderElection38: begin an election at term 1 for -1: [8fcf7b85-9677-42f8-9c53-56b4904b3cd2:192.168.164.205:33241, b6d627c8-c03d-467d-9dd3-77fb9226d253:192.168.164.205:34801, 95ebdb13-24f7-4d19-91da-fac485f6b992:192.168.164.205:35891], old=null
2019-10-09 10:08:19,610 [8fcf7b85-9677-42f8-9c53-56b4904b3cd2@group-0C9D0360C628-LeaderElection39] INFO  impl.LeaderElection (LeaderElection.java:askForVotes(178)) - 8fcf7b85-9677-42f8-9c53-56b4904b3cd2@group-0C9D0360C628-LeaderElection39: begin an election at term 1 for -1: [8fcf7b85-9677-42f8-9c53-56b4904b3cd2:192.168.164.205:33241], old=null
2019-10-09 10:08:19,613 [8fcf7b85-9677-42f8-9c53-56b4904b3cd2@group-0C9D0360C628-LeaderElection39] INFO  impl.RoleInfo (RoleInfo.java:shutdownLeaderElection(134)) - 8fcf7b85-9677-42f8-9c53-56b4904b3cd2: shutdown LeaderElection
2019-10-09 10:08:19,613 [8fcf7b85-9677-42f8-9c53-56b4904b3cd2@group-0C9D0360C628-LeaderElection39] INFO  impl.RaftServerImpl (RaftServerImpl.java:setRole(170)) - 8fcf7b85-9677-42f8-9c53-56b4904b3cd2@group-0C9D0360C628: changes role from CANDIDATE to LEADER at term 1 for changeToLeader
2019-10-09 10:08:19,613 [8fcf7b85-9677-42f8-9c53-56b4904b3cd2@group-0C9D0360C628-LeaderElection39] INFO  impl.RaftServerImpl (ServerState.java:setLeader(255)) - 8fcf7b85-9677-42f8-9c53-56b4904b3cd2@group-0C9D0360C628: change Leader from null to 8fcf7b85-9677-42f8-9c53-56b4904b3cd2 at term 1 for becomeLeader, leader elected after 5205ms
2019-10-09 10:08:19,614 [8fcf7b85-9677-42f8-9c53-56b4904b3cd2@group-0C9D0360C628-LeaderElection39] INFO  server.RaftServerConfigKeys (ConfUtils.java:logGet(43)) - raft.server.staging.catchup.gap = 1000 (default)
2019-10-09 10:08:19,614 [8fcf7b85-9677-42f8-9c53-56b4904b3cd2@group-0C9D0360C628-LeaderElection39] INFO  server.RaftServerConfigKeys (ConfUtils.java:logGet(43)) - raft.server.rpc.sleep.time = 25ms (default)
2019-10-09 10:08:19,614 [95ebdb13-24f7-4d19-91da-fac485f6b992@group-7BC4ED8FAE97-LeaderElection41] INFO  impl.LeaderElection (LeaderElection.java:askForVotes(178)) - 95ebdb13-24f7-4d19-91da-fac485f6b992@group-7BC4ED8FAE97-LeaderElection41: begin an election at term 1 for -1: [8fcf7b85-9677-42f8-9c53-56b4904b3cd2:192.168.164.205:33241, b6d627c8-c03d-467d-9dd3-77fb9226d253:192.168.164.205:34801, 95ebdb13-24f7-4d19-91da-fac485f6b992:192.168.164.205:35891], old=null
2019-10-09 10:08:19,614 [8fcf7b85-9677-42f8-9c53-56b4904b3cd2@group-0C9D0360C628-LeaderElection39] INFO  server.RaftServerConfigKeys (ConfUtils.java:logGet(43)) - raft.server.write.element-limit = 4096 (default)
2019-10-09 10:08:19,614 [8fcf7b85-9677-42f8-9c53-56b4904b3cd2@group-0C9D0360C628-LeaderElection39] INFO  server.RaftServerConfigKeys (ConfUtils.java:logGet(43)) - raft.server.watch.timeout = 10s (default)
2019-10-09 10:08:19,614 [8fcf7b85-9677-42f8-9c53-56b4904b3cd2@group-0C9D0360C628-LeaderElection39] INFO  server.RaftServerConfigKeys (ConfUtils.java:logGet(43)) - raft.server.watch.timeout.denomination = 1s (default)
2019-10-09 10:08:19,616 [8fcf7b85-9677-42f8-9c53-56b4904b3cd2@group-0C9D0360C628-LeaderElection39] INFO  server.RaftServerConfigKeys (ConfUtils.java:logGet(43)) - raft.server.watch.element-limit = 65536 (default)
2019-10-09 10:08:19,620 [8fcf7b85-9677-42f8-9c53-56b4904b3cd2@group-0C9D0360C628-LeaderElection39] INFO  impl.RoleInfo (RoleInfo.java:updateAndGet(143)) - 8fcf7b85-9677-42f8-9c53-56b4904b3cd2: start LeaderState
2019-10-09 10:08:19,620 [8fcf7b85-9677-42f8-9c53-56b4904b3cd2@group-0C9D0360C628-LeaderElection39] INFO  segmented.SegmentedRaftLogWorker (SegmentedRaftLogWorker.java:startLogSegment(385)) - 8fcf7b85-9677-42f8-9c53-56b4904b3cd2@group-0C9D0360C628-SegmentedRaftLogWorker: Starting segment from index:0
2019-10-09 10:08:19,621 [8fcf7b85-9677-42f8-9c53-56b4904b3cd2@group-0C9D0360C628-LeaderElection39] INFO  impl.RaftServerImpl (ServerState.java:setRaftConf(356)) - 8fcf7b85-9677-42f8-9c53-56b4904b3cd2@group-0C9D0360C628: set configuration 0: [8fcf7b85-9677-42f8-9c53-56b4904b3cd2:192.168.164.205:33241], old=null at 0
2019-10-09 10:08:19,624 [8fcf7b85-9677-42f8-9c53-56b4904b3cd2@group-7BC4ED8FAE97-LeaderElection38] INFO  impl.LeaderElection (LeaderElection.java:logAndReturn(56)) - 8fcf7b85-9677-42f8-9c53-56b4904b3cd2@group-7BC4ED8FAE97-LeaderElection38: Election REJECTED; received 2 response(s) [8fcf7b85-9677-42f8-9c53-56b4904b3cd2<-b6d627c8-c03d-467d-9dd3-77fb9226d253#0:FAIL-t1, 8fcf7b85-9677-42f8-9c53-56b4904b3cd2<-95ebdb13-24f7-4d19-91da-fac485f6b992#0:FAIL-t1] and 0 exception(s); 8fcf7b85-9677-42f8-9c53-56b4904b3cd2@group-7BC4ED8FAE97:t1, leader=null, voted=8fcf7b85-9677-42f8-9c53-56b4904b3cd2, raftlog=8fcf7b85-9677-42f8-9c53-56b4904b3cd2@group-7BC4ED8FAE97-SegmentedRaftLog:OPENED:c-1,f-1,i0, conf=-1: [8fcf7b85-9677-42f8-9c53-56b4904b3cd2:192.168.164.205:33241, b6d627c8-c03d-467d-9dd3-77fb9226d253:192.168.164.205:34801, 95ebdb13-24f7-4d19-91da-fac485f6b992:192.168.164.205:35891], old=null
2019-10-09 10:08:19,624 [8fcf7b85-9677-42f8-9c53-56b4904b3cd2@group-7BC4ED8FAE97-LeaderElection38] INFO  impl.RaftServerImpl (RaftServerImpl.java:setRole(170)) - 8fcf7b85-9677-42f8-9c53-56b4904b3cd2@group-7BC4ED8FAE97: changes role from CANDIDATE to FOLLOWER at term 1 for DISCOVERED_A_NEW_TERM
2019-10-09 10:08:19,624 [8fcf7b85-9677-42f8-9c53-56b4904b3cd2@group-7BC4ED8FAE97-LeaderElection38] INFO  impl.RoleInfo (RoleInfo.java:shutdownLeaderElection(134)) - 8fcf7b85-9677-42f8-9c53-56b4904b3cd2: shutdown LeaderElection
2019-10-09 10:08:19,625 [8fcf7b85-9677-42f8-9c53-56b4904b3cd2@group-7BC4ED8FAE97-LeaderElection38] INFO  impl.RoleInfo (RoleInfo.java:updateAndGet(143)) - 8fcf7b85-9677-42f8-9c53-56b4904b3cd2: start FollowerState
2019-10-09 10:08:19,626 [b6d627c8-c03d-467d-9dd3-77fb9226d253@group-7BC4ED8FAE97-LeaderElection40] INFO  impl.LeaderElection (LeaderElection.java:logAndReturn(56)) - b6d627c8-c03d-467d-9dd3-77fb9226d253@group-7BC4ED8FAE97-LeaderElection40: Election REJECTED; received 2 response(s) [b6d627c8-c03d-467d-9dd3-77fb9226d253<-8fcf7b85-9677-42f8-9c53-56b4904b3cd2#0:FAIL-t1, b6d627c8-c03d-467d-9dd3-77fb9226d253<-95ebdb13-24f7-4d19-91da-fac485f6b992#0:FAIL-t1] and 0 exception(s); b6d627c8-c03d-467d-9dd3-77fb9226d253@group-7BC4ED8FAE97:t1, leader=null, voted=b6d627c8-c03d-467d-9dd3-77fb9226d253, raftlog=b6d627c8-c03d-467d-9dd3-77fb9226d253@group-7BC4ED8FAE97-SegmentedRaftLog:OPENED:c-1,f-1,i0, conf=-1: [8fcf7b85-9677-42f8-9c53-56b4904b3cd2:192.168.164.205:33241, b6d627c8-c03d-467d-9dd3-77fb9226d253:192.168.164.205:34801, 95ebdb13-24f7-4d19-91da-fac485f6b992:192.168.164.205:35891], old=null
2019-10-09 10:08:19,658 [b6d627c8-c03d-467d-9dd3-77fb9226d253@group-7BC4ED8FAE97-LeaderElection40] INFO  impl.RaftServerImpl (RaftServerImpl.java:setRole(170)) - b6d627c8-c03d-467d-9dd3-77fb9226d253@group-7BC4ED8FAE97: changes role from CANDIDATE to FOLLOWER at term 1 for DISCOVERED_A_NEW_TERM
2019-10-09 10:08:19,658 [b6d627c8-c03d-467d-9dd3-77fb9226d253@group-7BC4ED8FAE97-LeaderElection40] INFO  impl.RoleInfo (RoleInfo.java:shutdownLeaderElection(134)) - b6d627c8-c03d-467d-9dd3-77fb9226d253: shutdown LeaderElection
2019-10-09 10:08:19,658 [b6d627c8-c03d-467d-9dd3-77fb9226d253@group-7BC4ED8FAE97-LeaderElection40] INFO  impl.RoleInfo (RoleInfo.java:updateAndGet(143)) - b6d627c8-c03d-467d-9dd3-77fb9226d253: start FollowerState
2019-10-09 10:08:19,660 [95ebdb13-24f7-4d19-91da-fac485f6b992@group-7BC4ED8FAE97-LeaderElection41] INFO  impl.LeaderElection (LeaderElection.java:logAndReturn(56)) - 95ebdb13-24f7-4d19-91da-fac485f6b992@group-7BC4ED8FAE97-LeaderElection41: Election REJECTED; received 2 response(s) [95ebdb13-24f7-4d19-91da-fac485f6b992<-8fcf7b85-9677-42f8-9c53-56b4904b3cd2#0:FAIL-t1, 95ebdb13-24f7-4d19-91da-fac485f6b992<-b6d627c8-c03d-467d-9dd3-77fb9226d253#0:FAIL-t1] and 0 exception(s); 95ebdb13-24f7-4d19-91da-fac485f6b992@group-7BC4ED8FAE97:t1, leader=null, voted=95ebdb13-24f7-4d19-91da-fac485f6b992, raftlog=95ebdb13-24f7-4d19-91da-fac485f6b992@group-7BC4ED8FAE97-SegmentedRaftLog:OPENED:c-1,f-1,i0, conf=-1: [8fcf7b85-9677-42f8-9c53-56b4904b3cd2:192.168.164.205:33241, b6d627c8-c03d-467d-9dd3-77fb9226d253:192.168.164.205:34801, 95ebdb13-24f7-4d19-91da-fac485f6b992:192.168.164.205:35891], old=null
2019-10-09 10:08:19,662 [95ebdb13-24f7-4d19-91da-fac485f6b992@group-7BC4ED8FAE97-LeaderElection41] INFO  impl.RaftServerImpl (RaftServerImpl.java:setRole(170)) - 95ebdb13-24f7-4d19-91da-fac485f6b992@group-7BC4ED8FAE97: changes role from CANDIDATE to FOLLOWER at term 1 for DISCOVERED_A_NEW_TERM
2019-10-09 10:08:19,662 [95ebdb13-24f7-4d19-91da-fac485f6b992@group-7BC4ED8FAE97-LeaderElection41] INFO  impl.RoleInfo (RoleInfo.java:shutdownLeaderElection(134)) - 95ebdb13-24f7-4d19-91da-fac485f6b992: shutdown LeaderElection
2019-10-09 10:08:19,662 [95ebdb13-24f7-4d19-91da-fac485f6b992@group-7BC4ED8FAE97-LeaderElection41] INFO  impl.RoleInfo (RoleInfo.java:updateAndGet(143)) - 95ebdb13-24f7-4d19-91da-fac485f6b992: start FollowerState
2019-10-09 10:08:19,666 [8fcf7b85-9677-42f8-9c53-56b4904b3cd2@group-0C9D0360C628-SegmentedRaftLogWorker] INFO  segmented.SegmentedRaftLogWorker (SegmentedRaftLogWorker.java:execute(574)) - 8fcf7b85-9677-42f8-9c53-56b4904b3cd2@group-0C9D0360C628-SegmentedRaftLogWorker: created new log segment /workdir/hadoop-ozone/integration-test/target/test-dir/MiniOzoneClusterImpl-11fd0b5f-d681-468f-a8ef-4b8b3241900d/datanode-6/data/ratis/dc6b8425-5f3e-4f37-9bd9-0c9d0360c628/current/log_inprogress_0
2019-10-09 10:08:20,829 [Datanode State Machine Thread - 0] INFO  statemachine.DatanodeStateMachine (DatanodeStateMachine.java:lambda$startDaemon$0(350)) - Ozone container server started.
2019-10-09 10:08:24,639 [Thread-1581] INFO  impl.FollowerState (FollowerState.java:run(108)) - 8fcf7b85-9677-42f8-9c53-56b4904b3cd2@group-7BC4ED8FAE97-FollowerState: change to CANDIDATE, lastRpcTime:5014ms, electionTimeout:5014ms
2019-10-09 10:08:24,640 [Thread-1581] INFO  impl.RoleInfo (RoleInfo.java:shutdownFollowerState(121)) - 8fcf7b85-9677-42f8-9c53-56b4904b3cd2: shutdown FollowerState
2019-10-09 10:08:24,640 [Thread-1581] INFO  impl.RaftServerImpl (RaftServerImpl.java:setRole(170)) - 8fcf7b85-9677-42f8-9c53-56b4904b3cd2@group-7BC4ED8FAE97: changes role from  FOLLOWER to CANDIDATE at term 1 for changeToCandidate
2019-10-09 10:08:24,641 [Thread-1581] INFO  impl.RoleInfo (RoleInfo.java:updateAndGet(143)) - 8fcf7b85-9677-42f8-9c53-56b4904b3cd2: start LeaderElection
2019-10-09 10:08:24,655 [8fcf7b85-9677-42f8-9c53-56b4904b3cd2@group-7BC4ED8FAE97-LeaderElection42] INFO  impl.LeaderElection (LeaderElection.java:askForVotes(178)) - 8fcf7b85-9677-42f8-9c53-56b4904b3cd2@group-7BC4ED8FAE97-LeaderElection42: begin an election at term 2 for -1: [8fcf7b85-9677-42f8-9c53-56b4904b3cd2:192.168.164.205:33241, b6d627c8-c03d-467d-9dd3-77fb9226d253:192.168.164.205:34801, 95ebdb13-24f7-4d19-91da-fac485f6b992:192.168.164.205:35891], old=null
2019-10-09 10:08:24,660 [grpc-default-executor-5] INFO  impl.RaftServerImpl (RaftServerImpl.java:setRole(170)) - 95ebdb13-24f7-4d19-91da-fac485f6b992@group-7BC4ED8FAE97: changes role from  FOLLOWER to FOLLOWER at term 2 for recognizeCandidate:8fcf7b85-9677-42f8-9c53-56b4904b3cd2
2019-10-09 10:08:24,660 [grpc-default-executor-1] INFO  impl.RaftServerImpl (RaftServerImpl.java:setRole(170)) - b6d627c8-c03d-467d-9dd3-77fb9226d253@group-7BC4ED8FAE97: changes role from  FOLLOWER to FOLLOWER at term 2 for recognizeCandidate:8fcf7b85-9677-42f8-9c53-56b4904b3cd2
2019-10-09 10:08:24,660 [grpc-default-executor-5] INFO  impl.RoleInfo (RoleInfo.java:shutdownFollowerState(121)) - 95ebdb13-24f7-4d19-91da-fac485f6b992: shutdown FollowerState
2019-10-09 10:08:24,660 [grpc-default-executor-1] INFO  impl.RoleInfo (RoleInfo.java:shutdownFollowerState(121)) - b6d627c8-c03d-467d-9dd3-77fb9226d253: shutdown FollowerState
2019-10-09 10:08:24,660 [grpc-default-executor-5] INFO  impl.RoleInfo (RoleInfo.java:updateAndGet(143)) - 95ebdb13-24f7-4d19-91da-fac485f6b992: start FollowerState
2019-10-09 10:08:24,660 [grpc-default-executor-1] INFO  impl.RoleInfo (RoleInfo.java:updateAndGet(143)) - b6d627c8-c03d-467d-9dd3-77fb9226d253: start FollowerState
2019-10-09 10:08:24,660 [Thread-1583] INFO  impl.FollowerState (FollowerState.java:run(117)) - 95ebdb13-24f7-4d19-91da-fac485f6b992@group-7BC4ED8FAE97-FollowerState was interrupted: java.lang.InterruptedException: sleep interrupted
2019-10-09 10:08:24,661 [Thread-1582] INFO  impl.FollowerState (FollowerState.java:run(117)) - b6d627c8-c03d-467d-9dd3-77fb9226d253@group-7BC4ED8FAE97-FollowerState was interrupted: java.lang.InterruptedException: sleep interrupted
2019-10-09 10:08:24,676 [8fcf7b85-9677-42f8-9c53-56b4904b3cd2@group-7BC4ED8FAE97-LeaderElection42] INFO  impl.LeaderElection (LeaderElection.java:logAndReturn(56)) - 8fcf7b85-9677-42f8-9c53-56b4904b3cd2@group-7BC4ED8FAE97-LeaderElection42: Election PASSED; received 1 response(s) [8fcf7b85-9677-42f8-9c53-56b4904b3cd2<-95ebdb13-24f7-4d19-91da-fac485f6b992#0:OK-t2] and 0 exception(s); 8fcf7b85-9677-42f8-9c53-56b4904b3cd2@group-7BC4ED8FAE97:t2, leader=null, voted=8fcf7b85-9677-42f8-9c53-56b4904b3cd2, raftlog=8fcf7b85-9677-42f8-9c53-56b4904b3cd2@group-7BC4ED8FAE97-SegmentedRaftLog:OPENED:c-1,f-1,i0, conf=-1: [8fcf7b85-9677-42f8-9c53-56b4904b3cd2:192.168.164.205:33241, b6d627c8-c03d-467d-9dd3-77fb9226d253:192.168.164.205:34801, 95ebdb13-24f7-4d19-91da-fac485f6b992:192.168.164.205:35891], old=null
2019-10-09 10:08:24,676 [8fcf7b85-9677-42f8-9c53-56b4904b3cd2@group-7BC4ED8FAE97-LeaderElection42] INFO  impl.RoleInfo (RoleInfo.java:shutdownLeaderElection(134)) - 8fcf7b85-9677-42f8-9c53-56b4904b3cd2: shutdown LeaderElection
2019-10-09 10:08:24,676 [8fcf7b85-9677-42f8-9c53-56b4904b3cd2@group-7BC4ED8FAE97-LeaderElection42] INFO  impl.RaftServerImpl (RaftServerImpl.java:setRole(170)) - 8fcf7b85-9677-42f8-9c53-56b4904b3cd2@group-7BC4ED8FAE97: changes role from CANDIDATE to LEADER at term 2 for changeToLeader
2019-10-09 10:08:24,676 [8fcf7b85-9677-42f8-9c53-56b4904b3cd2@group-7BC4ED8FAE97-LeaderElection42] INFO  impl.RaftServerImpl (ServerState.java:setLeader(255)) - 8fcf7b85-9677-42f8-9c53-56b4904b3cd2@group-7BC4ED8FAE97: change Leader from null to 8fcf7b85-9677-42f8-9c53-56b4904b3cd2 at term 2 for becomeLeader, leader elected after 10194ms
2019-10-09 10:08:24,677 [8fcf7b85-9677-42f8-9c53-56b4904b3cd2@group-7BC4ED8FAE97-LeaderElection42] INFO  server.RaftServerConfigKeys (ConfUtils.java:logGet(43)) - raft.server.staging.catchup.gap = 1000 (default)
2019-10-09 10:08:24,677 [8fcf7b85-9677-42f8-9c53-56b4904b3cd2@group-7BC4ED8FAE97-LeaderElection42] INFO  server.RaftServerConfigKeys (ConfUtils.java:logGet(43)) - raft.server.rpc.sleep.time = 25ms (default)
2019-10-09 10:08:24,677 [8fcf7b85-9677-42f8-9c53-56b4904b3cd2@group-7BC4ED8FAE97-LeaderElection42] INFO  server.RaftServerConfigKeys (ConfUtils.java:logGet(43)) - raft.server.write.element-limit = 4096 (default)
2019-10-09 10:08:24,677 [8fcf7b85-9677-42f8-9c53-56b4904b3cd2@group-7BC4ED8FAE97-LeaderElection42] INFO  server.RaftServerConfigKeys (ConfUtils.java:logGet(43)) - raft.server.watch.timeout = 10s (default)
2019-10-09 10:08:24,677 [8fcf7b85-9677-42f8-9c53-56b4904b3cd2@group-7BC4ED8FAE97-LeaderElection42] INFO  server.RaftServerConfigKeys (ConfUtils.java:logGet(43)) - raft.server.watch.timeout.denomination = 1s (default)
2019-10-09 10:08:24,678 [8fcf7b85-9677-42f8-9c53-56b4904b3cd2@group-7BC4ED8FAE97-LeaderElection42] INFO  server.RaftServerConfigKeys (ConfUtils.java:logGet(43)) - raft.server.watch.element-limit = 65536 (default)
2019-10-09 10:08:24,680 [8fcf7b85-9677-42f8-9c53-56b4904b3cd2@group-7BC4ED8FAE97-LeaderElection42] INFO  server.RaftServerConfigKeys (ConfUtils.java:logGet(43)) - raft.server.log.appender.snapshot.chunk.size.max = 16MB (=16777216) (default)
2019-10-09 10:08:24,681 [8fcf7b85-9677-42f8-9c53-56b4904b3cd2@group-7BC4ED8FAE97-LeaderElection42] INFO  server.RaftServerConfigKeys (ConfUtils.java:logGet(43)) - raft.server.log.appender.buffer.byte-limit = 33554432 (custom)
2019-10-09 10:08:24,681 [8fcf7b85-9677-42f8-9c53-56b4904b3cd2@group-7BC4ED8FAE97-LeaderElection42] INFO  server.RaftServerConfigKeys (ConfUtils.java:logGet(43)) - raft.server.log.appender.buffer.element-limit = 1 (custom)
2019-10-09 10:08:24,681 [8fcf7b85-9677-42f8-9c53-56b4904b3cd2@group-7BC4ED8FAE97-LeaderElection42] INFO  grpc.GrpcConfigKeys$Server (ConfUtils.java:logGet(43)) - raft.grpc.server.leader.outstanding.appends.max = 128 (default)
2019-10-09 10:08:24,681 [8fcf7b85-9677-42f8-9c53-56b4904b3cd2@group-7BC4ED8FAE97-LeaderElection42] INFO  server.RaftServerConfigKeys (ConfUtils.java:logGet(43)) - raft.server.rpc.request.timeout = 3000ms (default)
2019-10-09 10:08:24,681 [8fcf7b85-9677-42f8-9c53-56b4904b3cd2@group-7BC4ED8FAE97-LeaderElection42] INFO  server.RaftServerConfigKeys (ConfUtils.java:logGet(43)) - raft.server.log.appender.install.snapshot.enabled = false (custom)
2019-10-09 10:08:24,681 [8fcf7b85-9677-42f8-9c53-56b4904b3cd2@group-7BC4ED8FAE97-LeaderElection42] INFO  server.RaftServerConfigKeys (ConfUtils.java:logGet(43)) - raft.server.log.appender.snapshot.chunk.size.max = 16MB (=16777216) (default)
2019-10-09 10:08:24,681 [8fcf7b85-9677-42f8-9c53-56b4904b3cd2@group-7BC4ED8FAE97-LeaderElection42] INFO  server.RaftServerConfigKeys (ConfUtils.java:logGet(43)) - raft.server.log.appender.buffer.byte-limit = 33554432 (custom)
2019-10-09 10:08:24,682 [8fcf7b85-9677-42f8-9c53-56b4904b3cd2@group-7BC4ED8FAE97-LeaderElection42] INFO  server.RaftServerConfigKeys (ConfUtils.java:logGet(43)) - raft.server.log.appender.buffer.element-limit = 1 (custom)
2019-10-09 10:08:24,682 [8fcf7b85-9677-42f8-9c53-56b4904b3cd2@group-7BC4ED8FAE97-LeaderElection42] INFO  grpc.GrpcConfigKeys$Server (ConfUtils.java:logGet(43)) - raft.grpc.server.leader.outstanding.appends.max = 128 (default)
2019-10-09 10:08:24,682 [8fcf7b85-9677-42f8-9c53-56b4904b3cd2@group-7BC4ED8FAE97-LeaderElection42] INFO  server.RaftServerConfigKeys (ConfUtils.java:logGet(43)) - raft.server.rpc.request.timeout = 3000ms (default)
2019-10-09 10:08:24,682 [8fcf7b85-9677-42f8-9c53-56b4904b3cd2@group-7BC4ED8FAE97-LeaderElection42] INFO  server.RaftServerConfigKeys (ConfUtils.java:logGet(43)) - raft.server.log.appender.install.snapshot.enabled = false (custom)
2019-10-09 10:08:24,682 [8fcf7b85-9677-42f8-9c53-56b4904b3cd2@group-7BC4ED8FAE97-LeaderElection42] INFO  impl.RoleInfo (RoleInfo.java:updateAndGet(143)) - 8fcf7b85-9677-42f8-9c53-56b4904b3cd2: start LeaderState
2019-10-09 10:08:24,683 [8fcf7b85-9677-42f8-9c53-56b4904b3cd2@group-7BC4ED8FAE97-LeaderElection42] INFO  segmented.SegmentedRaftLogWorker (SegmentedRaftLogWorker.java:startLogSegment(385)) - 8fcf7b85-9677-42f8-9c53-56b4904b3cd2@group-7BC4ED8FAE97-SegmentedRaftLogWorker: Starting segment from index:0
2019-10-09 10:08:24,683 [8fcf7b85-9677-42f8-9c53-56b4904b3cd2@group-7BC4ED8FAE97-LeaderElection42] INFO  impl.RaftServerImpl (ServerState.java:setRaftConf(356)) - 8fcf7b85-9677-42f8-9c53-56b4904b3cd2@group-7BC4ED8FAE97: set configuration 0: [8fcf7b85-9677-42f8-9c53-56b4904b3cd2:192.168.164.205:33241, b6d627c8-c03d-467d-9dd3-77fb9226d253:192.168.164.205:34801, 95ebdb13-24f7-4d19-91da-fac485f6b992:192.168.164.205:35891], old=null at 0
2019-10-09 10:08:24,717 [grpc-default-executor-1] INFO  impl.RaftServerImpl (ServerState.java:setLeader(255)) - 95ebdb13-24f7-4d19-91da-fac485f6b992@group-7BC4ED8FAE97: change Leader from null to 8fcf7b85-9677-42f8-9c53-56b4904b3cd2 at term 2 for appendEntries, leader elected after 10234ms
2019-10-09 10:08:24,720 [grpc-default-executor-5] INFO  impl.RaftServerImpl (ServerState.java:setLeader(255)) - b6d627c8-c03d-467d-9dd3-77fb9226d253@group-7BC4ED8FAE97: change Leader from null to 8fcf7b85-9677-42f8-9c53-56b4904b3cd2 at term 2 for appendEntries, leader elected after 10235ms
2019-10-09 10:08:24,723 [grpc-default-executor-5] INFO  impl.RaftServerImpl (ServerState.java:setRaftConf(356)) - 95ebdb13-24f7-4d19-91da-fac485f6b992@group-7BC4ED8FAE97: set configuration 0: [8fcf7b85-9677-42f8-9c53-56b4904b3cd2:192.168.164.205:33241, b6d627c8-c03d-467d-9dd3-77fb9226d253:192.168.164.205:34801, 95ebdb13-24f7-4d19-91da-fac485f6b992:192.168.164.205:35891], old=null at 0
2019-10-09 10:08:24,723 [grpc-default-executor-5] INFO  segmented.SegmentedRaftLogWorker (SegmentedRaftLogWorker.java:startLogSegment(385)) - 95ebdb13-24f7-4d19-91da-fac485f6b992@group-7BC4ED8FAE97-SegmentedRaftLogWorker: Starting segment from index:0
2019-10-09 10:08:24,723 [grpc-default-executor-4] INFO  impl.RaftServerImpl (ServerState.java:setRaftConf(356)) - b6d627c8-c03d-467d-9dd3-77fb9226d253@group-7BC4ED8FAE97: set configuration 0: [8fcf7b85-9677-42f8-9c53-56b4904b3cd2:192.168.164.205:33241, b6d627c8-c03d-467d-9dd3-77fb9226d253:192.168.164.205:34801, 95ebdb13-24f7-4d19-91da-fac485f6b992:192.168.164.205:35891], old=null at 0
2019-10-09 10:08:24,724 [grpc-default-executor-4] INFO  segmented.SegmentedRaftLogWorker (SegmentedRaftLogWorker.java:startLogSegment(385)) - b6d627c8-c03d-467d-9dd3-77fb9226d253@group-7BC4ED8FAE97-SegmentedRaftLogWorker: Starting segment from index:0
2019-10-09 10:08:24,726 [8fcf7b85-9677-42f8-9c53-56b4904b3cd2@group-7BC4ED8FAE97-SegmentedRaftLogWorker] INFO  segmented.SegmentedRaftLogWorker (SegmentedRaftLogWorker.java:execute(574)) - 8fcf7b85-9677-42f8-9c53-56b4904b3cd2@group-7BC4ED8FAE97-SegmentedRaftLogWorker: created new log segment /workdir/hadoop-ozone/integration-test/target/test-dir/MiniOzoneClusterImpl-11fd0b5f-d681-468f-a8ef-4b8b3241900d/datanode-6/data/ratis/2323af66-a74c-4056-bfd4-7bc4ed8fae97/current/log_inprogress_0
2019-10-09 10:08:24,753 [95ebdb13-24f7-4d19-91da-fac485f6b992@group-7BC4ED8FAE97-SegmentedRaftLogWorker] INFO  segmented.SegmentedRaftLogWorker (SegmentedRaftLogWorker.java:execute(574)) - 95ebdb13-24f7-4d19-91da-fac485f6b992@group-7BC4ED8FAE97-SegmentedRaftLogWorker: created new log segment /workdir/hadoop-ozone/integration-test/target/test-dir/MiniOzoneClusterImpl-11fd0b5f-d681-468f-a8ef-4b8b3241900d/datanode-3/data/ratis/2323af66-a74c-4056-bfd4-7bc4ed8fae97/current/log_inprogress_0
2019-10-09 10:08:24,753 [b6d627c8-c03d-467d-9dd3-77fb9226d253@group-7BC4ED8FAE97-SegmentedRaftLogWorker] INFO  segmented.SegmentedRaftLogWorker (SegmentedRaftLogWorker.java:execute(574)) - b6d627c8-c03d-467d-9dd3-77fb9226d253@group-7BC4ED8FAE97-SegmentedRaftLogWorker: created new log segment /workdir/hadoop-ozone/integration-test/target/test-dir/MiniOzoneClusterImpl-11fd0b5f-d681-468f-a8ef-4b8b3241900d/datanode-4/data/ratis/2323af66-a74c-4056-bfd4-7bc4ed8fae97/current/log_inprogress_0
2019-10-09 10:08:24,844 [main] INFO  ozoneimpl.OzoneContainer (OzoneContainer.java:stop(227)) - Attempting to stop container services.
2019-10-09 10:08:24,845 [main] INFO  impl.RaftServerProxy (RaftServerProxy.java:lambda$close$4(314)) - ea48651f-a535-41b5-a19b-b8cecb9d11ac: close
2019-10-09 10:08:24,845 [main] INFO  impl.RaftServerImpl (RaftServerImpl.java:lambda$shutdown$3(247)) - ea48651f-a535-41b5-a19b-b8cecb9d11ac@group-7CF67C8F4688: shutdown
2019-10-09 10:08:24,846 [main] INFO  util.JmxRegister (JmxRegister.java:unregister(73)) - Successfully un-registered JMX Bean with object name Ratis:service=RaftServer,group=group-7CF67C8F4688,id=ea48651f-a535-41b5-a19b-b8cecb9d11ac
2019-10-09 10:08:24,846 [main] INFO  impl.RoleInfo (RoleInfo.java:shutdownLeaderState(104)) - ea48651f-a535-41b5-a19b-b8cecb9d11ac: shutdown LeaderState
2019-10-09 10:08:24,846 [main] INFO  impl.PendingRequests (PendingRequests.java:sendNotLeaderResponses(202)) - ea48651f-a535-41b5-a19b-b8cecb9d11ac@group-7CF67C8F4688-PendingRequests: sendNotLeaderResponses
2019-10-09 10:08:24,847 [main] INFO  impl.StateMachineUpdater (StateMachineUpdater.java:stopAndJoin(136)) - ea48651f-a535-41b5-a19b-b8cecb9d11ac@group-7CF67C8F4688-StateMachineUpdater: set stopIndex = 0
2019-10-09 10:08:24,847 [main] INFO  impl.RaftServerImpl (ServerState.java:close(387)) - ea48651f-a535-41b5-a19b-b8cecb9d11ac@group-7CF67C8F4688: closes. applyIndex: 0
2019-10-09 10:08:24,847 [ea48651f-a535-41b5-a19b-b8cecb9d11ac@group-7CF67C8F4688-SegmentedRaftLogWorker] INFO  segmented.SegmentedRaftLogWorker (SegmentedRaftLogWorker.java:run(316)) - ea48651f-a535-41b5-a19b-b8cecb9d11ac@group-7CF67C8F4688-SegmentedRaftLogWorker was interrupted, exiting. There are 0 tasks remaining in the queue.
2019-10-09 10:08:24,852 [main] INFO  segmented.SegmentedRaftLogWorker (SegmentedRaftLogWorker.java:close(224)) - ea48651f-a535-41b5-a19b-b8cecb9d11ac@group-7CF67C8F4688-SegmentedRaftLogWorker close()
2019-10-09 10:08:24,857 [main] INFO  impl.RaftServerImpl (RaftServerImpl.java:lambda$shutdown$3(247)) - ea48651f-a535-41b5-a19b-b8cecb9d11ac@group-8FCD5B1B9009: shutdown
2019-10-09 10:08:24,858 [main] INFO  util.JmxRegister (JmxRegister.java:unregister(73)) - Successfully un-registered JMX Bean with object name Ratis:service=RaftServer,group=group-8FCD5B1B9009,id=ea48651f-a535-41b5-a19b-b8cecb9d11ac
2019-10-09 10:08:24,858 [main] INFO  impl.RoleInfo (RoleInfo.java:shutdownFollowerState(121)) - ea48651f-a535-41b5-a19b-b8cecb9d11ac: shutdown FollowerState
2019-10-09 10:08:24,858 [main] INFO  impl.StateMachineUpdater (StateMachineUpdater.java:stopAndJoin(136)) - ea48651f-a535-41b5-a19b-b8cecb9d11ac@group-8FCD5B1B9009-StateMachineUpdater: set stopIndex = 2
2019-10-09 10:08:24,858 [Thread-1551] INFO  impl.FollowerState (FollowerState.java:run(117)) - ea48651f-a535-41b5-a19b-b8cecb9d11ac@group-8FCD5B1B9009-FollowerState was interrupted: java.lang.InterruptedException: sleep interrupted
2019-10-09 10:08:24,858 [ea48651f-a535-41b5-a19b-b8cecb9d11ac@group-8FCD5B1B9009-StateMachineUpdater] INFO  ratis.ContainerStateMachine (ContainerStateMachine.java:takeSnapshot(294)) - group-8FCD5B1B9009: Taking a snapshot at:(t:1, i:1) file /workdir/hadoop-ozone/integration-test/target/test-dir/MiniOzoneClusterImpl-11fd0b5f-d681-468f-a8ef-4b8b3241900d/datanode-0/data/ratis/12c53af5-0e89-44c4-8926-8fcd5b1b9009/sm/snapshot.1_1
2019-10-09 10:08:24,871 [ea48651f-a535-41b5-a19b-b8cecb9d11ac@group-8FCD5B1B9009-StateMachineUpdater] INFO  ratis.ContainerStateMachine (ContainerStateMachine.java:takeSnapshot(305)) - group-8FCD5B1B9009: Finished taking a snapshot at:(t:1, i:1) file:/workdir/hadoop-ozone/integration-test/target/test-dir/MiniOzoneClusterImpl-11fd0b5f-d681-468f-a8ef-4b8b3241900d/datanode-0/data/ratis/12c53af5-0e89-44c4-8926-8fcd5b1b9009/sm/snapshot.1_1 time:13
2019-10-09 10:08:24,871 [ea48651f-a535-41b5-a19b-b8cecb9d11ac@group-8FCD5B1B9009-StateMachineUpdater] INFO  impl.StateMachineUpdater (StateMachineUpdater.java:takeSnapshot(269)) - ea48651f-a535-41b5-a19b-b8cecb9d11ac@group-8FCD5B1B9009-StateMachineUpdater: Took a snapshot at index 1
2019-10-09 10:08:24,871 [ea48651f-a535-41b5-a19b-b8cecb9d11ac@group-8FCD5B1B9009-StateMachineUpdater] INFO  impl.StateMachineUpdater (StateMachineUpdater.java:lambda$new$0(84)) - ea48651f-a535-41b5-a19b-b8cecb9d11ac@group-8FCD5B1B9009-StateMachineUpdater: snapshotIndex: updateIncreasingly -1 -> 1
2019-10-09 10:08:24,872 [ea48651f-a535-41b5-a19b-b8cecb9d11ac@group-8FCD5B1B9009-StateMachineUpdater] INFO  ratis.ContainerStateMachine (ContainerStateMachine.java:takeSnapshot(294)) - group-8FCD5B1B9009: Taking a snapshot at:(t:1, i:1) file /workdir/hadoop-ozone/integration-test/target/test-dir/MiniOzoneClusterImpl-11fd0b5f-d681-468f-a8ef-4b8b3241900d/datanode-0/data/ratis/12c53af5-0e89-44c4-8926-8fcd5b1b9009/sm/snapshot.1_1
2019-10-09 10:08:24,876 [ea48651f-a535-41b5-a19b-b8cecb9d11ac@group-8FCD5B1B9009-StateMachineUpdater] INFO  ratis.ContainerStateMachine (ContainerStateMachine.java:takeSnapshot(305)) - group-8FCD5B1B9009: Finished taking a snapshot at:(t:1, i:1) file:/workdir/hadoop-ozone/integration-test/target/test-dir/MiniOzoneClusterImpl-11fd0b5f-d681-468f-a8ef-4b8b3241900d/datanode-0/data/ratis/12c53af5-0e89-44c4-8926-8fcd5b1b9009/sm/snapshot.1_1 time:4
2019-10-09 10:08:24,876 [ea48651f-a535-41b5-a19b-b8cecb9d11ac@group-8FCD5B1B9009-StateMachineUpdater] INFO  impl.StateMachineUpdater (StateMachineUpdater.java:takeSnapshot(269)) - ea48651f-a535-41b5-a19b-b8cecb9d11ac@group-8FCD5B1B9009-StateMachineUpdater: Took a snapshot at index 1
2019-10-09 10:08:24,876 [ea48651f-a535-41b5-a19b-b8cecb9d11ac@group-8FCD5B1B9009-StateMachineUpdater] INFO  impl.StateMachineUpdater (StateMachineUpdater.java:lambda$new$0(84)) - ea48651f-a535-41b5-a19b-b8cecb9d11ac@group-8FCD5B1B9009-StateMachineUpdater: snapshotIndex: updateIncreasingly 1 -> 1
2019-10-09 10:08:24,877 [main] INFO  impl.RaftServerImpl (ServerState.java:close(387)) - ea48651f-a535-41b5-a19b-b8cecb9d11ac@group-8FCD5B1B9009: closes. applyIndex: 2
2019-10-09 10:08:24,877 [ea48651f-a535-41b5-a19b-b8cecb9d11ac@group-8FCD5B1B9009-SegmentedRaftLogWorker] INFO  segmented.SegmentedRaftLogWorker (SegmentedRaftLogWorker.java:run(316)) - ea48651f-a535-41b5-a19b-b8cecb9d11ac@group-8FCD5B1B9009-SegmentedRaftLogWorker was interrupted, exiting. There are 0 tasks remaining in the queue.
2019-10-09 10:08:24,881 [main] INFO  segmented.SegmentedRaftLogWorker (SegmentedRaftLogWorker.java:close(224)) - ea48651f-a535-41b5-a19b-b8cecb9d11ac@group-8FCD5B1B9009-SegmentedRaftLogWorker close()
2019-10-09 10:08:24,887 [main] INFO  server.GrpcService (GrpcService.java:closeImpl(164)) - ea48651f-a535-41b5-a19b-b8cecb9d11ac: shutdown server with port 36592 now
2019-10-09 10:08:24,888 [grpc-default-executor-4] WARN  server.GrpcServerProtocolService (LogUtils.java:warn(134)) - ea48651f-a535-41b5-a19b-b8cecb9d11ac: installSnapshot onError, lastRequest: ab022857-e651-46e0-9452-78f2a1d93581->ea48651f-a535-41b5-a19b-b8cecb9d11ac#5-t1, previous=(t:1, i:2), leaderCommit=2, initializing? false, entries: <empty>: org.apache.ratis.thirdparty.io.grpc.StatusRuntimeException: CANCELLED: cancelled before receiving half close
2019-10-09 10:08:24,888 [grpc-default-executor-1] WARN  server.GrpcLogAppender (LogUtils.java:warn(134)) - ab022857-e651-46e0-9452-78f2a1d93581@group-8FCD5B1B9009->ea48651f-a535-41b5-a19b-b8cecb9d11ac-AppendLogResponseHandler: Failed appendEntries: org.apache.ratis.thirdparty.io.grpc.StatusRuntimeException: CANCELLED: HTTP/2 error code: CANCEL
Received Rst Stream
2019-10-09 10:08:24,888 [main] INFO  server.GrpcService (GrpcService.java:closeImpl(172)) - ea48651f-a535-41b5-a19b-b8cecb9d11ac: shutdown server with port 36592 successfully
2019-10-09 10:08:24,888 [grpc-default-executor-1] INFO  impl.FollowerInfo (FollowerInfo.java:lambda$new$0(51)) - ab022857-e651-46e0-9452-78f2a1d93581@group-8FCD5B1B9009->ea48651f-a535-41b5-a19b-b8cecb9d11ac: nextIndex: updateUnconditionally 3 -> 2
2019-10-09 10:08:24,891 [refreshUsed-/workdir/hadoop-ozone/integration-test/target/test-dir/MiniOzoneClusterImpl-11fd0b5f-d681-468f-a8ef-4b8b3241900d/datanode-0/data/containers] WARN  fs.CachingGetSpaceUsed (CachingGetSpaceUsed.java:run(183)) - Thread Interrupted waiting to refresh disk information: sleep interrupted
2019-10-09 10:08:24,914 [main] INFO  utils.BackgroundService (BackgroundService.java:shutdown(151)) - Shutting down service BlockDeletingService
2019-10-09 10:08:24,924 [main] INFO  statemachine.DatanodeStateMachine (DatanodeStateMachine.java:stopDaemon(395)) - Ozone container server stopped.
2019-10-09 10:08:24,926 [main] INFO  handler.ContextHandler (ContextHandler.java:doStop(910)) - Stopped o.e.j.w.WebAppContext@8a6631b{/,null,UNAVAILABLE}{/hddsDatanode}
2019-10-09 10:08:24,929 [main] INFO  server.AbstractConnector (AbstractConnector.java:doStop(318)) - Stopped ServerConnector@472d0f4{HTTP/1.1,[http/1.1]}{0.0.0.0:0}
2019-10-09 10:08:24,930 [main] INFO  handler.ContextHandler (ContextHandler.java:doStop(910)) - Stopped o.e.j.s.ServletContextHandler@306c7bf6{/static,jar:file:/home/user/.m2/repository/org/apache/hadoop/hadoop-hdds-container-service/0.5.0-SNAPSHOT/hadoop-hdds-container-service-0.5.0-SNAPSHOT.jar!/webapps/static,UNAVAILABLE}
2019-10-09 10:08:24,930 [main] INFO  handler.ContextHandler (ContextHandler.java:doStop(910)) - Stopped o.e.j.s.ServletContextHandler@2001e48c{/logs,file:///workdir/hadoop-ozone/integration-test/target/log,UNAVAILABLE}
2019-10-09 10:08:25,830 [Datanode State Machine Thread - 0] INFO  statemachine.DatanodeStateMachine (DatanodeStateMachine.java:lambda$startDaemon$0(350)) - Ozone container server started.
2019-10-09 10:08:27,224 [grpc-default-executor-4] WARN  server.GrpcLogAppender (LogUtils.java:warn(134)) - ab022857-e651-46e0-9452-78f2a1d93581@group-8FCD5B1B9009->ea48651f-a535-41b5-a19b-b8cecb9d11ac-AppendLogResponseHandler: Failed appendEntries: org.apache.ratis.thirdparty.io.grpc.StatusRuntimeException: UNAVAILABLE: io exception
2019-10-09 10:08:27,224 [grpc-default-executor-4] INFO  impl.FollowerInfo (FollowerInfo.java:lambda$new$0(51)) - ab022857-e651-46e0-9452-78f2a1d93581@group-8FCD5B1B9009->ea48651f-a535-41b5-a19b-b8cecb9d11ac: nextIndex: updateUnconditionally 2 -> 1
2019-10-09 10:08:29,725 [grpc-default-executor-1] WARN  server.GrpcLogAppender (LogUtils.java:warn(134)) - ab022857-e651-46e0-9452-78f2a1d93581@group-8FCD5B1B9009->ea48651f-a535-41b5-a19b-b8cecb9d11ac-AppendLogResponseHandler: Failed appendEntries: org.apache.ratis.thirdparty.io.grpc.StatusRuntimeException: UNAVAILABLE: io exception
2019-10-09 10:08:29,726 [grpc-default-executor-1] INFO  impl.FollowerInfo (FollowerInfo.java:lambda$new$0(51)) - ab022857-e651-46e0-9452-78f2a1d93581@group-8FCD5B1B9009->ea48651f-a535-41b5-a19b-b8cecb9d11ac: nextIndex: updateUnconditionally 1 -> 0
2019-10-09 10:08:29,932 [main] INFO  ozoneimpl.OzoneContainer (OzoneContainer.java:stop(227)) - Attempting to stop container services.
2019-10-09 10:08:29,933 [main] INFO  impl.RaftServerProxy (RaftServerProxy.java:lambda$close$4(314)) - 5f603e7f-c5d0-429b-bdae-ead04b90af02: close
2019-10-09 10:08:29,934 [main] INFO  impl.RaftServerImpl (RaftServerImpl.java:lambda$shutdown$3(247)) - 5f603e7f-c5d0-429b-bdae-ead04b90af02@group-8FCD5B1B9009: shutdown
2019-10-09 10:08:29,934 [main] INFO  util.JmxRegister (JmxRegister.java:unregister(73)) - Successfully un-registered JMX Bean with object name Ratis:service=RaftServer,group=group-8FCD5B1B9009,id=5f603e7f-c5d0-429b-bdae-ead04b90af02
2019-10-09 10:08:29,935 [main] INFO  impl.RoleInfo (RoleInfo.java:shutdownFollowerState(121)) - 5f603e7f-c5d0-429b-bdae-ead04b90af02: shutdown FollowerState
2019-10-09 10:08:29,935 [main] INFO  impl.StateMachineUpdater (StateMachineUpdater.java:stopAndJoin(136)) - 5f603e7f-c5d0-429b-bdae-ead04b90af02@group-8FCD5B1B9009-StateMachineUpdater: set stopIndex = 2
2019-10-09 10:08:29,935 [5f603e7f-c5d0-429b-bdae-ead04b90af02@group-8FCD5B1B9009-StateMachineUpdater] INFO  ratis.ContainerStateMachine (ContainerStateMachine.java:takeSnapshot(294)) - group-8FCD5B1B9009: Taking a snapshot at:(t:1, i:1) file /workdir/hadoop-ozone/integration-test/target/test-dir/MiniOzoneClusterImpl-11fd0b5f-d681-468f-a8ef-4b8b3241900d/datanode-1/data/ratis/12c53af5-0e89-44c4-8926-8fcd5b1b9009/sm/snapshot.1_1
2019-10-09 10:08:29,935 [Thread-1550] INFO  impl.FollowerState (FollowerState.java:run(117)) - 5f603e7f-c5d0-429b-bdae-ead04b90af02@group-8FCD5B1B9009-FollowerState was interrupted: java.lang.InterruptedException: sleep interrupted
2019-10-09 10:08:29,949 [5f603e7f-c5d0-429b-bdae-ead04b90af02@group-8FCD5B1B9009-StateMachineUpdater] INFO  ratis.ContainerStateMachine (ContainerStateMachine.java:takeSnapshot(305)) - group-8FCD5B1B9009: Finished taking a snapshot at:(t:1, i:1) file:/workdir/hadoop-ozone/integration-test/target/test-dir/MiniOzoneClusterImpl-11fd0b5f-d681-468f-a8ef-4b8b3241900d/datanode-1/data/ratis/12c53af5-0e89-44c4-8926-8fcd5b1b9009/sm/snapshot.1_1 time:14
2019-10-09 10:08:29,949 [5f603e7f-c5d0-429b-bdae-ead04b90af02@group-8FCD5B1B9009-StateMachineUpdater] INFO  impl.StateMachineUpdater (StateMachineUpdater.java:takeSnapshot(269)) - 5f603e7f-c5d0-429b-bdae-ead04b90af02@group-8FCD5B1B9009-StateMachineUpdater: Took a snapshot at index 1
2019-10-09 10:08:29,950 [5f603e7f-c5d0-429b-bdae-ead04b90af02@group-8FCD5B1B9009-StateMachineUpdater] INFO  impl.StateMachineUpdater (StateMachineUpdater.java:lambda$new$0(84)) - 5f603e7f-c5d0-429b-bdae-ead04b90af02@group-8FCD5B1B9009-StateMachineUpdater: snapshotIndex: updateIncreasingly -1 -> 1
2019-10-09 10:08:29,950 [5f603e7f-c5d0-429b-bdae-ead04b90af02@group-8FCD5B1B9009-StateMachineUpdater] INFO  ratis.ContainerStateMachine (ContainerStateMachine.java:takeSnapshot(294)) - group-8FCD5B1B9009: Taking a snapshot at:(t:1, i:1) file /workdir/hadoop-ozone/integration-test/target/test-dir/MiniOzoneClusterImpl-11fd0b5f-d681-468f-a8ef-4b8b3241900d/datanode-1/data/ratis/12c53af5-0e89-44c4-8926-8fcd5b1b9009/sm/snapshot.1_1
2019-10-09 10:08:29,962 [5f603e7f-c5d0-429b-bdae-ead04b90af02@group-8FCD5B1B9009-StateMachineUpdater] INFO  ratis.ContainerStateMachine (ContainerStateMachine.java:takeSnapshot(305)) - group-8FCD5B1B9009: Finished taking a snapshot at:(t:1, i:1) file:/workdir/hadoop-ozone/integration-test/target/test-dir/MiniOzoneClusterImpl-11fd0b5f-d681-468f-a8ef-4b8b3241900d/datanode-1/data/ratis/12c53af5-0e89-44c4-8926-8fcd5b1b9009/sm/snapshot.1_1 time:12
2019-10-09 10:08:29,962 [5f603e7f-c5d0-429b-bdae-ead04b90af02@group-8FCD5B1B9009-StateMachineUpdater] INFO  impl.StateMachineUpdater (StateMachineUpdater.java:takeSnapshot(269)) - 5f603e7f-c5d0-429b-bdae-ead04b90af02@group-8FCD5B1B9009-StateMachineUpdater: Took a snapshot at index 1
2019-10-09 10:08:29,963 [5f603e7f-c5d0-429b-bdae-ead04b90af02@group-8FCD5B1B9009-StateMachineUpdater] INFO  impl.StateMachineUpdater (StateMachineUpdater.java:lambda$new$0(84)) - 5f603e7f-c5d0-429b-bdae-ead04b90af02@group-8FCD5B1B9009-StateMachineUpdater: snapshotIndex: updateIncreasingly 1 -> 1
2019-10-09 10:08:29,963 [main] INFO  impl.RaftServerImpl (ServerState.java:close(387)) - 5f603e7f-c5d0-429b-bdae-ead04b90af02@group-8FCD5B1B9009: closes. applyIndex: 2
2019-10-09 10:08:29,964 [5f603e7f-c5d0-429b-bdae-ead04b90af02@group-8FCD5B1B9009-SegmentedRaftLogWorker] INFO  segmented.SegmentedRaftLogWorker (SegmentedRaftLogWorker.java:run(316)) - 5f603e7f-c5d0-429b-bdae-ead04b90af02@group-8FCD5B1B9009-SegmentedRaftLogWorker was interrupted, exiting. There are 0 tasks remaining in the queue.
2019-10-09 10:08:29,969 [main] INFO  segmented.SegmentedRaftLogWorker (SegmentedRaftLogWorker.java:close(224)) - 5f603e7f-c5d0-429b-bdae-ead04b90af02@group-8FCD5B1B9009-SegmentedRaftLogWorker close()
2019-10-09 10:08:29,975 [main] INFO  impl.RaftServerImpl (RaftServerImpl.java:lambda$shutdown$3(247)) - 5f603e7f-c5d0-429b-bdae-ead04b90af02@group-C1D989A42B2B: shutdown
2019-10-09 10:08:29,975 [main] INFO  util.JmxRegister (JmxRegister.java:unregister(73)) - Successfully un-registered JMX Bean with object name Ratis:service=RaftServer,group=group-C1D989A42B2B,id=5f603e7f-c5d0-429b-bdae-ead04b90af02
2019-10-09 10:08:29,975 [main] INFO  impl.RoleInfo (RoleInfo.java:shutdownLeaderState(104)) - 5f603e7f-c5d0-429b-bdae-ead04b90af02: shutdown LeaderState
2019-10-09 10:08:29,975 [main] INFO  impl.PendingRequests (PendingRequests.java:sendNotLeaderResponses(202)) - 5f603e7f-c5d0-429b-bdae-ead04b90af02@group-C1D989A42B2B-PendingRequests: sendNotLeaderResponses
2019-10-09 10:08:29,976 [main] INFO  impl.StateMachineUpdater (StateMachineUpdater.java:stopAndJoin(136)) - 5f603e7f-c5d0-429b-bdae-ead04b90af02@group-C1D989A42B2B-StateMachineUpdater: set stopIndex = 0
2019-10-09 10:08:29,976 [main] INFO  impl.RaftServerImpl (ServerState.java:close(387)) - 5f603e7f-c5d0-429b-bdae-ead04b90af02@group-C1D989A42B2B: closes. applyIndex: 0
2019-10-09 10:08:29,977 [5f603e7f-c5d0-429b-bdae-ead04b90af02@group-C1D989A42B2B-SegmentedRaftLogWorker] INFO  segmented.SegmentedRaftLogWorker (SegmentedRaftLogWorker.java:run(316)) - 5f603e7f-c5d0-429b-bdae-ead04b90af02@group-C1D989A42B2B-SegmentedRaftLogWorker was interrupted, exiting. There are 0 tasks remaining in the queue.
2019-10-09 10:08:29,979 [main] INFO  segmented.SegmentedRaftLogWorker (SegmentedRaftLogWorker.java:close(224)) - 5f603e7f-c5d0-429b-bdae-ead04b90af02@group-C1D989A42B2B-SegmentedRaftLogWorker close()
2019-10-09 10:08:29,984 [main] INFO  server.GrpcService (GrpcService.java:closeImpl(164)) - 5f603e7f-c5d0-429b-bdae-ead04b90af02: shutdown server with port 45632 now
2019-10-09 10:08:29,985 [grpc-default-executor-1] WARN  server.GrpcServerProtocolService (LogUtils.java:warn(134)) - 5f603e7f-c5d0-429b-bdae-ead04b90af02: installSnapshot onError, lastRequest: ab022857-e651-46e0-9452-78f2a1d93581->5f603e7f-c5d0-429b-bdae-ead04b90af02#7-t1, previous=(t:1, i:2), leaderCommit=2, initializing? false, entries: <empty>: org.apache.ratis.thirdparty.io.grpc.StatusRuntimeException: CANCELLED: cancelled before receiving half close
2019-10-09 10:08:29,985 [main] INFO  server.GrpcService (GrpcService.java:closeImpl(172)) - 5f603e7f-c5d0-429b-bdae-ead04b90af02: shutdown server with port 45632 successfully
2019-10-09 10:08:29,985 [grpc-default-executor-5] WARN  server.GrpcLogAppender (LogUtils.java:warn(134)) - ab022857-e651-46e0-9452-78f2a1d93581@group-8FCD5B1B9009->5f603e7f-c5d0-429b-bdae-ead04b90af02-AppendLogResponseHandler: Failed appendEntries: org.apache.ratis.thirdparty.io.grpc.StatusRuntimeException: CANCELLED: HTTP/2 error code: CANCEL
Received Rst Stream
2019-10-09 10:08:29,986 [grpc-default-executor-5] INFO  impl.FollowerInfo (FollowerInfo.java:lambda$new$0(51)) - ab022857-e651-46e0-9452-78f2a1d93581@group-8FCD5B1B9009->5f603e7f-c5d0-429b-bdae-ead04b90af02: nextIndex: updateUnconditionally 3 -> 2
2019-10-09 10:08:29,987 [refreshUsed-/workdir/hadoop-ozone/integration-test/target/test-dir/MiniOzoneClusterImpl-11fd0b5f-d681-468f-a8ef-4b8b3241900d/datanode-1/data/containers] WARN  fs.CachingGetSpaceUsed (CachingGetSpaceUsed.java:run(183)) - Thread Interrupted waiting to refresh disk information: sleep interrupted
2019-10-09 10:08:30,001 [main] INFO  utils.BackgroundService (BackgroundService.java:shutdown(151)) - Shutting down service BlockDeletingService
2019-10-09 10:08:30,006 [main] INFO  statemachine.DatanodeStateMachine (DatanodeStateMachine.java:stopDaemon(395)) - Ozone container server stopped.
2019-10-09 10:08:30,007 [main] INFO  handler.ContextHandler (ContextHandler.java:doStop(910)) - Stopped o.e.j.w.WebAppContext@4041739c{/,null,UNAVAILABLE}{/hddsDatanode}
2019-10-09 10:08:30,008 [main] INFO  server.AbstractConnector (AbstractConnector.java:doStop(318)) - Stopped ServerConnector@5cff6b74{HTTP/1.1,[http/1.1]}{0.0.0.0:0}
2019-10-09 10:08:30,008 [main] INFO  handler.ContextHandler (ContextHandler.java:doStop(910)) - Stopped o.e.j.s.ServletContextHandler@70029d2d{/static,jar:file:/home/user/.m2/repository/org/apache/hadoop/hadoop-hdds-container-service/0.5.0-SNAPSHOT/hadoop-hdds-container-service-0.5.0-SNAPSHOT.jar!/webapps/static,UNAVAILABLE}
2019-10-09 10:08:30,009 [main] INFO  handler.ContextHandler (ContextHandler.java:doStop(910)) - Stopped o.e.j.s.ServletContextHandler@1e3ff233{/logs,file:///workdir/hadoop-ozone/integration-test/target/log,UNAVAILABLE}
2019-10-09 10:08:32,228 [grpc-default-executor-1] WARN  server.GrpcLogAppender (LogUtils.java:warn(134)) - ab022857-e651-46e0-9452-78f2a1d93581@group-8FCD5B1B9009->ea48651f-a535-41b5-a19b-b8cecb9d11ac-AppendLogResponseHandler: Failed appendEntries: org.apache.ratis.thirdparty.io.grpc.StatusRuntimeException: UNAVAILABLE: io exception
2019-10-09 10:08:32,228 [grpc-default-executor-5] WARN  server.GrpcLogAppender (LogUtils.java:warn(134)) - ab022857-e651-46e0-9452-78f2a1d93581@group-8FCD5B1B9009->5f603e7f-c5d0-429b-bdae-ead04b90af02-AppendLogResponseHandler: Failed appendEntries: org.apache.ratis.thirdparty.io.grpc.StatusRuntimeException: UNAVAILABLE: io exception
2019-10-09 10:08:32,229 [grpc-default-executor-1] INFO  impl.FollowerInfo (FollowerInfo.java:lambda$new$0(51)) - ab022857-e651-46e0-9452-78f2a1d93581@group-8FCD5B1B9009->ea48651f-a535-41b5-a19b-b8cecb9d11ac: nextIndex: updateUnconditionally 0 -> 0
2019-10-09 10:08:32,229 [grpc-default-executor-5] INFO  impl.FollowerInfo (FollowerInfo.java:lambda$new$0(51)) - ab022857-e651-46e0-9452-78f2a1d93581@group-8FCD5B1B9009->5f603e7f-c5d0-429b-bdae-ead04b90af02: nextIndex: updateUnconditionally 2 -> 1
2019-10-09 10:08:34,728 [grpc-default-executor-4] WARN  server.GrpcLogAppender (LogUtils.java:warn(134)) - ab022857-e651-46e0-9452-78f2a1d93581@group-8FCD5B1B9009->ea48651f-a535-41b5-a19b-b8cecb9d11ac-AppendLogResponseHandler: Failed appendEntries: org.apache.ratis.thirdparty.io.grpc.StatusRuntimeException: UNAVAILABLE: io exception
2019-10-09 10:08:34,729 [grpc-default-executor-4] INFO  impl.FollowerInfo (FollowerInfo.java:lambda$new$0(51)) - ab022857-e651-46e0-9452-78f2a1d93581@group-8FCD5B1B9009->ea48651f-a535-41b5-a19b-b8cecb9d11ac: nextIndex: updateUnconditionally 0 -> 0
2019-10-09 10:08:34,729 [grpc-default-executor-6] WARN  server.GrpcLogAppender (LogUtils.java:warn(134)) - ab022857-e651-46e0-9452-78f2a1d93581@group-8FCD5B1B9009->5f603e7f-c5d0-429b-bdae-ead04b90af02-AppendLogResponseHandler: Failed appendEntries: org.apache.ratis.thirdparty.io.grpc.StatusRuntimeException: UNAVAILABLE: io exception
2019-10-09 10:08:34,730 [grpc-default-executor-6] INFO  impl.FollowerInfo (FollowerInfo.java:lambda$new$0(51)) - ab022857-e651-46e0-9452-78f2a1d93581@group-8FCD5B1B9009->5f603e7f-c5d0-429b-bdae-ead04b90af02: nextIndex: updateUnconditionally 1 -> 0
2019-10-09 10:08:37,234 [grpc-default-executor-5] WARN  server.GrpcLogAppender (LogUtils.java:warn(134)) - ab022857-e651-46e0-9452-78f2a1d93581@group-8FCD5B1B9009->5f603e7f-c5d0-429b-bdae-ead04b90af02-AppendLogResponseHandler: Failed appendEntries: org.apache.ratis.thirdparty.io.grpc.StatusRuntimeException: UNAVAILABLE: io exception
2019-10-09 10:08:37,234 [grpc-default-executor-1] WARN  server.GrpcLogAppender (LogUtils.java:warn(134)) - ab022857-e651-46e0-9452-78f2a1d93581@group-8FCD5B1B9009->ea48651f-a535-41b5-a19b-b8cecb9d11ac-AppendLogResponseHandler: Failed appendEntries: org.apache.ratis.thirdparty.io.grpc.StatusRuntimeException: UNAVAILABLE: io exception
2019-10-09 10:08:37,235 [grpc-default-executor-5] INFO  impl.FollowerInfo (FollowerInfo.java:lambda$new$0(51)) - ab022857-e651-46e0-9452-78f2a1d93581@group-8FCD5B1B9009->5f603e7f-c5d0-429b-bdae-ead04b90af02: nextIndex: updateUnconditionally 0 -> 0
2019-10-09 10:08:37,235 [grpc-default-executor-1] INFO  impl.FollowerInfo (FollowerInfo.java:lambda$new$0(51)) - ab022857-e651-46e0-9452-78f2a1d93581@group-8FCD5B1B9009->ea48651f-a535-41b5-a19b-b8cecb9d11ac: nextIndex: updateUnconditionally 0 -> 0
2019-10-09 10:08:39,737 [grpc-default-executor-5] WARN  server.GrpcLogAppender (LogUtils.java:warn(134)) - ab022857-e651-46e0-9452-78f2a1d93581@group-8FCD5B1B9009->ea48651f-a535-41b5-a19b-b8cecb9d11ac-AppendLogResponseHandler: Failed appendEntries: org.apache.ratis.thirdparty.io.grpc.StatusRuntimeException: UNAVAILABLE: io exception
2019-10-09 10:08:39,737 [grpc-default-executor-1] WARN  server.GrpcLogAppender (LogUtils.java:warn(134)) - ab022857-e651-46e0-9452-78f2a1d93581@group-8FCD5B1B9009->5f603e7f-c5d0-429b-bdae-ead04b90af02-AppendLogResponseHandler: Failed appendEntries: org.apache.ratis.thirdparty.io.grpc.StatusRuntimeException: UNAVAILABLE: io exception
2019-10-09 10:08:39,738 [grpc-default-executor-5] INFO  impl.FollowerInfo (FollowerInfo.java:lambda$new$0(51)) - ab022857-e651-46e0-9452-78f2a1d93581@group-8FCD5B1B9009->ea48651f-a535-41b5-a19b-b8cecb9d11ac: nextIndex: updateUnconditionally 0 -> 0
2019-10-09 10:08:39,738 [grpc-default-executor-1] INFO  impl.FollowerInfo (FollowerInfo.java:lambda$new$0(51)) - ab022857-e651-46e0-9452-78f2a1d93581@group-8FCD5B1B9009->5f603e7f-c5d0-429b-bdae-ead04b90af02: nextIndex: updateUnconditionally 0 -> 0
2019-10-09 10:08:40,683 [Thread-1630] INFO  client.GrpcClientProtocolService (GrpcClientProtocolService.java:lambda$processClientRequest$0(278)) - Failed RaftClientRequest:client-3A036EE32ABB->ab022857-e651-46e0-9452-78f2a1d93581@group-8FCD5B1B9009, cid=67, seq=0, Watch-ALL_COMMITTED(72), Message:<EMPTY>, reply=RaftClientReply:client-3A036EE32ABB->ab022857-e651-46e0-9452-78f2a1d93581@group-8FCD5B1B9009, cid=67, FAILED org.apache.ratis.protocol.NotReplicatedException: Request with call Id 67 and log index 72 is not yet replicated to ALL_COMMITTED, logIndex=72, commits[ab022857-e651-46e0-9452-78f2a1d93581:c2, ea48651f-a535-41b5-a19b-b8cecb9d11ac:c2, 5f603e7f-c5d0-429b-bdae-ead04b90af02:c2]
2019-10-09 10:08:42,234 [grpc-default-executor-8] WARN  server.GrpcLogAppender (LogUtils.java:warn(134)) - ab022857-e651-46e0-9452-78f2a1d93581@group-8FCD5B1B9009->5f603e7f-c5d0-429b-bdae-ead04b90af02-AppendLogResponseHandler: Failed appendEntries: org.apache.ratis.thirdparty.io.grpc.StatusRuntimeException: UNAVAILABLE: io exception
2019-10-09 10:08:42,234 [grpc-default-executor-7] WARN  server.GrpcLogAppender (LogUtils.java:warn(134)) - ab022857-e651-46e0-9452-78f2a1d93581@group-8FCD5B1B9009->ea48651f-a535-41b5-a19b-b8cecb9d11ac-AppendLogResponseHandler: Failed appendEntries: org.apache.ratis.thirdparty.io.grpc.StatusRuntimeException: UNAVAILABLE: io exception
2019-10-09 10:08:42,238 [grpc-default-executor-8] INFO  impl.FollowerInfo (FollowerInfo.java:lambda$new$0(51)) - ab022857-e651-46e0-9452-78f2a1d93581@group-8FCD5B1B9009->5f603e7f-c5d0-429b-bdae-ead04b90af02: nextIndex: updateUnconditionally 0 -> 0
2019-10-09 10:08:42,238 [grpc-default-executor-7] INFO  impl.FollowerInfo (FollowerInfo.java:lambda$new$0(51)) - ab022857-e651-46e0-9452-78f2a1d93581@group-8FCD5B1B9009->ea48651f-a535-41b5-a19b-b8cecb9d11ac: nextIndex: updateUnconditionally 0 -> 0
2019-10-09 10:08:44,738 [grpc-default-executor-8] WARN  server.GrpcLogAppender (LogUtils.java:warn(134)) - ab022857-e651-46e0-9452-78f2a1d93581@group-8FCD5B1B9009->ea48651f-a535-41b5-a19b-b8cecb9d11ac-AppendLogResponseHandler: Failed appendEntries: org.apache.ratis.thirdparty.io.grpc.StatusRuntimeException: UNAVAILABLE: io exception
2019-10-09 10:08:44,739 [grpc-default-executor-8] INFO  impl.FollowerInfo (FollowerInfo.java:lambda$new$0(51)) - ab022857-e651-46e0-9452-78f2a1d93581@group-8FCD5B1B9009->ea48651f-a535-41b5-a19b-b8cecb9d11ac: nextIndex: updateUnconditionally 0 -> 0
2019-10-09 10:08:44,745 [grpc-default-executor-6] WARN  server.GrpcLogAppender (LogUtils.java:warn(134)) - ab022857-e651-46e0-9452-78f2a1d93581@group-8FCD5B1B9009->5f603e7f-c5d0-429b-bdae-ead04b90af02-AppendLogResponseHandler: Failed appendEntries: org.apache.ratis.thirdparty.io.grpc.StatusRuntimeException: UNAVAILABLE: io exception
2019-10-09 10:08:44,745 [grpc-default-executor-6] INFO  impl.FollowerInfo (FollowerInfo.java:lambda$new$0(51)) - ab022857-e651-46e0-9452-78f2a1d93581@group-8FCD5B1B9009->5f603e7f-c5d0-429b-bdae-ead04b90af02: nextIndex: updateUnconditionally 0 -> 0
2019-10-09 10:08:47,243 [grpc-default-executor-6] WARN  server.GrpcLogAppender (LogUtils.java:warn(134)) - ab022857-e651-46e0-9452-78f2a1d93581@group-8FCD5B1B9009->ea48651f-a535-41b5-a19b-b8cecb9d11ac-AppendLogResponseHandler: Failed appendEntries: org.apache.ratis.thirdparty.io.grpc.StatusRuntimeException: UNAVAILABLE: io exception
2019-10-09 10:08:47,245 [grpc-default-executor-6] INFO  impl.FollowerInfo (FollowerInfo.java:lambda$new$0(51)) - ab022857-e651-46e0-9452-78f2a1d93581@group-8FCD5B1B9009->ea48651f-a535-41b5-a19b-b8cecb9d11ac: nextIndex: updateUnconditionally 0 -> 0
2019-10-09 10:08:47,245 [grpc-default-executor-8] WARN  server.GrpcLogAppender (LogUtils.java:warn(134)) - ab022857-e651-46e0-9452-78f2a1d93581@group-8FCD5B1B9009->5f603e7f-c5d0-429b-bdae-ead04b90af02-AppendLogResponseHandler: Failed appendEntries: org.apache.ratis.thirdparty.io.grpc.StatusRuntimeException: UNAVAILABLE: io exception
2019-10-09 10:08:47,246 [grpc-default-executor-8] INFO  impl.FollowerInfo (FollowerInfo.java:lambda$new$0(51)) - ab022857-e651-46e0-9452-78f2a1d93581@group-8FCD5B1B9009->5f603e7f-c5d0-429b-bdae-ead04b90af02: nextIndex: updateUnconditionally 0 -> 0
2019-10-09 10:08:49,745 [grpc-default-executor-7] WARN  server.GrpcLogAppender (LogUtils.java:warn(134)) - ab022857-e651-46e0-9452-78f2a1d93581@group-8FCD5B1B9009->ea48651f-a535-41b5-a19b-b8cecb9d11ac-AppendLogResponseHandler: Failed appendEntries: org.apache.ratis.thirdparty.io.grpc.StatusRuntimeException: UNAVAILABLE: io exception
2019-10-09 10:08:49,746 [grpc-default-executor-8] WARN  server.GrpcLogAppender (LogUtils.java:warn(134)) - ab022857-e651-46e0-9452-78f2a1d93581@group-8FCD5B1B9009->5f603e7f-c5d0-429b-bdae-ead04b90af02-AppendLogResponseHandler: Failed appendEntries: org.apache.ratis.thirdparty.io.grpc.StatusRuntimeException: UNAVAILABLE: io exception
2019-10-09 10:08:49,746 [grpc-default-executor-7] INFO  impl.FollowerInfo (FollowerInfo.java:lambda$new$0(51)) - ab022857-e651-46e0-9452-78f2a1d93581@group-8FCD5B1B9009->ea48651f-a535-41b5-a19b-b8cecb9d11ac: nextIndex: updateUnconditionally 0 -> 0
2019-10-09 10:08:49,746 [grpc-default-executor-8] INFO  impl.FollowerInfo (FollowerInfo.java:lambda$new$0(51)) - ab022857-e651-46e0-9452-78f2a1d93581@group-8FCD5B1B9009->5f603e7f-c5d0-429b-bdae-ead04b90af02: nextIndex: updateUnconditionally 0 -> 0
2019-10-09 10:08:50,011 [main] WARN  scm.XceiverClientRatis (XceiverClientRatis.java:watchForCommit(277)) - 3 way commit failed on pipeline Pipeline[ Id: 12c53af5-0e89-44c4-8926-8fcd5b1b9009, Nodes: ea48651f-a535-41b5-a19b-b8cecb9d11ac{ip: 192.168.164.205, host: pr-hdds-2271-zcqt4-2554284801, networkLocation: /default-rack, certSerialId: null}5f603e7f-c5d0-429b-bdae-ead04b90af02{ip: 192.168.164.205, host: pr-hdds-2271-zcqt4-2554284801, networkLocation: /default-rack, certSerialId: null}ab022857-e651-46e0-9452-78f2a1d93581{ip: 192.168.164.205, host: pr-hdds-2271-zcqt4-2554284801, networkLocation: /default-rack, certSerialId: null}, Type:RATIS, Factor:THREE, State:OPEN]
java.util.concurrent.TimeoutException
	at java.util.concurrent.CompletableFuture.timedGet(CompletableFuture.java:1771)
	at java.util.concurrent.CompletableFuture.get(CompletableFuture.java:1915)
	at org.apache.hadoop.hdds.scm.XceiverClientRatis.watchForCommit(XceiverClientRatis.java:274)
	at org.apache.hadoop.ozone.client.rpc.TestWatchForCommit.testWatchForCommitForRetryfailure(TestWatchForCommit.java:345)
	at sun.reflect.NativeMethodAccessorImpl.invoke0(Native Method)
	at sun.reflect.NativeMethodAccessorImpl.invoke(NativeMethodAccessorImpl.java:62)
	at sun.reflect.DelegatingMethodAccessorImpl.invoke(DelegatingMethodAccessorImpl.java:43)
	at java.lang.reflect.Method.invoke(Method.java:498)
	at org.junit.runners.model.FrameworkMethod$1.runReflectiveCall(FrameworkMethod.java:47)
	at org.junit.internal.runners.model.ReflectiveCallable.run(ReflectiveCallable.java:12)
	at org.junit.runners.model.FrameworkMethod.invokeExplosively(FrameworkMethod.java:44)
	at org.junit.internal.runners.statements.InvokeMethod.evaluate(InvokeMethod.java:17)
	at org.junit.runners.ParentRunner.runLeaf(ParentRunner.java:271)
	at org.junit.runners.BlockJUnit4ClassRunner.runChild(BlockJUnit4ClassRunner.java:70)
	at org.junit.runners.BlockJUnit4ClassRunner.runChild(BlockJUnit4ClassRunner.java:50)
	at org.junit.runners.ParentRunner$3.run(ParentRunner.java:238)
	at org.junit.runners.ParentRunner$1.schedule(ParentRunner.java:63)
	at org.junit.runners.ParentRunner.runChildren(ParentRunner.java:236)
	at org.junit.runners.ParentRunner.access$000(ParentRunner.java:53)
	at org.junit.runners.ParentRunner$2.evaluate(ParentRunner.java:229)
	at org.junit.runners.ParentRunner.run(ParentRunner.java:309)
	at org.apache.maven.surefire.junit4.JUnit4Provider.execute(JUnit4Provider.java:365)
	at org.apache.maven.surefire.junit4.JUnit4Provider.executeWithRerun(JUnit4Provider.java:273)
	at org.apache.maven.surefire.junit4.JUnit4Provider.executeTestSet(JUnit4Provider.java:238)
	at org.apache.maven.surefire.junit4.JUnit4Provider.invoke(JUnit4Provider.java:159)
	at org.apache.maven.surefire.booter.ForkedBooter.invokeProviderInSameClassLoader(ForkedBooter.java:384)
	at org.apache.maven.surefire.booter.ForkedBooter.runSuitesInProcess(ForkedBooter.java:345)
	at org.apache.maven.surefire.booter.ForkedBooter.execute(ForkedBooter.java:126)
	at org.apache.maven.surefire.booter.ForkedBooter.main(ForkedBooter.java:418)
2019-10-09 10:08:50,683 [Thread-1643] INFO  client.GrpcClientProtocolService (GrpcClientProtocolService.java:lambda$processClientRequest$0(278)) - Failed RaftClientRequest:client-3A036EE32ABB->ab022857-e651-46e0-9452-78f2a1d93581@group-8FCD5B1B9009, cid=67, seq=0, Watch-ALL_COMMITTED(72), Message:<EMPTY>, reply=RaftClientReply:client-3A036EE32ABB->ab022857-e651-46e0-9452-78f2a1d93581@group-8FCD5B1B9009, cid=67, FAILED org.apache.ratis.protocol.NotReplicatedException: Request with call Id 67 and log index 72 is not yet replicated to ALL_COMMITTED, logIndex=72, commits[ab022857-e651-46e0-9452-78f2a1d93581:c2, ea48651f-a535-41b5-a19b-b8cecb9d11ac:c2, 5f603e7f-c5d0-429b-bdae-ead04b90af02:c2]
2019-10-09 10:08:52,249 [grpc-default-executor-8] WARN  server.GrpcLogAppender (LogUtils.java:warn(134)) - ab022857-e651-46e0-9452-78f2a1d93581@group-8FCD5B1B9009->5f603e7f-c5d0-429b-bdae-ead04b90af02-AppendLogResponseHandler: Failed appendEntries: org.apache.ratis.thirdparty.io.grpc.StatusRuntimeException: UNAVAILABLE: io exception
2019-10-09 10:08:52,249 [grpc-default-executor-7] WARN  server.GrpcLogAppender (LogUtils.java:warn(134)) - ab022857-e651-46e0-9452-78f2a1d93581@group-8FCD5B1B9009->ea48651f-a535-41b5-a19b-b8cecb9d11ac-AppendLogResponseHandler: Failed appendEntries: org.apache.ratis.thirdparty.io.grpc.StatusRuntimeException: UNAVAILABLE: io exception
2019-10-09 10:08:52,256 [grpc-default-executor-7] INFO  impl.FollowerInfo (FollowerInfo.java:lambda$new$0(51)) - ab022857-e651-46e0-9452-78f2a1d93581@group-8FCD5B1B9009->ea48651f-a535-41b5-a19b-b8cecb9d11ac: nextIndex: updateUnconditionally 0 -> 0
2019-10-09 10:08:52,256 [grpc-default-executor-8] INFO  impl.FollowerInfo (FollowerInfo.java:lambda$new$0(51)) - ab022857-e651-46e0-9452-78f2a1d93581@group-8FCD5B1B9009->5f603e7f-c5d0-429b-bdae-ead04b90af02: nextIndex: updateUnconditionally 0 -> 0
2019-10-09 10:08:54,751 [grpc-default-executor-4] WARN  server.GrpcLogAppender (LogUtils.java:warn(134)) - ab022857-e651-46e0-9452-78f2a1d93581@group-8FCD5B1B9009->5f603e7f-c5d0-429b-bdae-ead04b90af02-AppendLogResponseHandler: Failed appendEntries: org.apache.ratis.thirdparty.io.grpc.StatusRuntimeException: UNAVAILABLE: io exception
2019-10-09 10:08:54,751 [grpc-default-executor-8] WARN  server.GrpcLogAppender (LogUtils.java:warn(134)) - ab022857-e651-46e0-9452-78f2a1d93581@group-8FCD5B1B9009->ea48651f-a535-41b5-a19b-b8cecb9d11ac-AppendLogResponseHandler: Failed appendEntries: org.apache.ratis.thirdparty.io.grpc.StatusRuntimeException: UNAVAILABLE: io exception
2019-10-09 10:08:54,753 [grpc-default-executor-8] INFO  impl.FollowerInfo (FollowerInfo.java:lambda$new$0(51)) - ab022857-e651-46e0-9452-78f2a1d93581@group-8FCD5B1B9009->ea48651f-a535-41b5-a19b-b8cecb9d11ac: nextIndex: updateUnconditionally 0 -> 0
2019-10-09 10:08:54,753 [grpc-default-executor-4] INFO  impl.FollowerInfo (FollowerInfo.java:lambda$new$0(51)) - ab022857-e651-46e0-9452-78f2a1d93581@group-8FCD5B1B9009->5f603e7f-c5d0-429b-bdae-ead04b90af02: nextIndex: updateUnconditionally 0 -> 0
2019-10-09 10:08:57,255 [grpc-default-executor-8] WARN  server.GrpcLogAppender (LogUtils.java:warn(134)) - ab022857-e651-46e0-9452-78f2a1d93581@group-8FCD5B1B9009->5f603e7f-c5d0-429b-bdae-ead04b90af02-AppendLogResponseHandler: Failed appendEntries: org.apache.ratis.thirdparty.io.grpc.StatusRuntimeException: UNAVAILABLE: io exception
2019-10-09 10:08:57,255 [grpc-default-executor-4] WARN  server.GrpcLogAppender (LogUtils.java:warn(134)) - ab022857-e651-46e0-9452-78f2a1d93581@group-8FCD5B1B9009->ea48651f-a535-41b5-a19b-b8cecb9d11ac-AppendLogResponseHandler: Failed appendEntries: org.apache.ratis.thirdparty.io.grpc.StatusRuntimeException: UNAVAILABLE: io exception
2019-10-09 10:08:57,256 [grpc-default-executor-8] INFO  impl.FollowerInfo (FollowerInfo.java:lambda$new$0(51)) - ab022857-e651-46e0-9452-78f2a1d93581@group-8FCD5B1B9009->5f603e7f-c5d0-429b-bdae-ead04b90af02: nextIndex: updateUnconditionally 0 -> 0
2019-10-09 10:08:57,256 [grpc-default-executor-4] INFO  impl.FollowerInfo (FollowerInfo.java:lambda$new$0(51)) - ab022857-e651-46e0-9452-78f2a1d93581@group-8FCD5B1B9009->ea48651f-a535-41b5-a19b-b8cecb9d11ac: nextIndex: updateUnconditionally 0 -> 0
2019-10-09 10:08:59,754 [grpc-default-executor-6] WARN  server.GrpcLogAppender (LogUtils.java:warn(134)) - ab022857-e651-46e0-9452-78f2a1d93581@group-8FCD5B1B9009->5f603e7f-c5d0-429b-bdae-ead04b90af02-AppendLogResponseHandler: Failed appendEntries: org.apache.ratis.thirdparty.io.grpc.StatusRuntimeException: UNAVAILABLE: io exception
2019-10-09 10:08:59,754 [grpc-default-executor-8] WARN  server.GrpcLogAppender (LogUtils.java:warn(134)) - ab022857-e651-46e0-9452-78f2a1d93581@group-8FCD5B1B9009->ea48651f-a535-41b5-a19b-b8cecb9d11ac-AppendLogResponseHandler: Failed appendEntries: org.apache.ratis.thirdparty.io.grpc.StatusRuntimeException: UNAVAILABLE: io exception
2019-10-09 10:08:59,755 [grpc-default-executor-6] INFO  impl.FollowerInfo (FollowerInfo.java:lambda$new$0(51)) - ab022857-e651-46e0-9452-78f2a1d93581@group-8FCD5B1B9009->5f603e7f-c5d0-429b-bdae-ead04b90af02: nextIndex: updateUnconditionally 0 -> 0
2019-10-09 10:08:59,755 [grpc-default-executor-8] INFO  impl.FollowerInfo (FollowerInfo.java:lambda$new$0(51)) - ab022857-e651-46e0-9452-78f2a1d93581@group-8FCD5B1B9009->ea48651f-a535-41b5-a19b-b8cecb9d11ac: nextIndex: updateUnconditionally 0 -> 0
2019-10-09 10:09:00,683 [Thread-1658] INFO  client.GrpcClientProtocolService (GrpcClientProtocolService.java:lambda$processClientRequest$0(278)) - Failed RaftClientRequest:client-3A036EE32ABB->ab022857-e651-46e0-9452-78f2a1d93581@group-8FCD5B1B9009, cid=67, seq=0, Watch-ALL_COMMITTED(72), Message:<EMPTY>, reply=RaftClientReply:client-3A036EE32ABB->ab022857-e651-46e0-9452-78f2a1d93581@group-8FCD5B1B9009, cid=67, FAILED org.apache.ratis.protocol.NotReplicatedException: Request with call Id 67 and log index 72 is not yet replicated to ALL_COMMITTED, logIndex=72, commits[ab022857-e651-46e0-9452-78f2a1d93581:c2, ea48651f-a535-41b5-a19b-b8cecb9d11ac:c2, 5f603e7f-c5d0-429b-bdae-ead04b90af02:c2]
2019-10-09 10:09:00,685 [Thread-1659] INFO  client.GrpcClientProtocolService (GrpcClientProtocolService.java:lambda$processClientRequest$0(278)) - Failed RaftClientRequest:client-3A036EE32ABB->ab022857-e651-46e0-9452-78f2a1d93581@group-8FCD5B1B9009, cid=68, seq=0, Watch-MAJORITY_COMMITTED(72), Message:<EMPTY>, reply=RaftClientReply:client-3A036EE32ABB->ab022857-e651-46e0-9452-78f2a1d93581@group-8FCD5B1B9009, cid=68, FAILED org.apache.ratis.protocol.NotReplicatedException: Request with call Id 68 and log index 72 is not yet replicated to MAJORITY_COMMITTED, logIndex=72, commits[ab022857-e651-46e0-9452-78f2a1d93581:c2, ea48651f-a535-41b5-a19b-b8cecb9d11ac:c2, 5f603e7f-c5d0-429b-bdae-ead04b90af02:c2]
2019-10-09 10:09:02,256 [grpc-default-executor-6] WARN  server.GrpcLogAppender (LogUtils.java:warn(134)) - ab022857-e651-46e0-9452-78f2a1d93581@group-8FCD5B1B9009->5f603e7f-c5d0-429b-bdae-ead04b90af02-AppendLogResponseHandler: Failed appendEntries: org.apache.ratis.thirdparty.io.grpc.StatusRuntimeException: UNAVAILABLE: io exception
2019-10-09 10:09:02,256 [grpc-default-executor-7] WARN  server.GrpcLogAppender (LogUtils.java:warn(134)) - ab022857-e651-46e0-9452-78f2a1d93581@group-8FCD5B1B9009->ea48651f-a535-41b5-a19b-b8cecb9d11ac-AppendLogResponseHandler: Failed appendEntries: org.apache.ratis.thirdparty.io.grpc.StatusRuntimeException: UNAVAILABLE: io exception
2019-10-09 10:09:02,265 [grpc-default-executor-6] INFO  impl.FollowerInfo (FollowerInfo.java:lambda$new$0(51)) - ab022857-e651-46e0-9452-78f2a1d93581@group-8FCD5B1B9009->5f603e7f-c5d0-429b-bdae-ead04b90af02: nextIndex: updateUnconditionally 0 -> 0
2019-10-09 10:09:02,265 [grpc-default-executor-7] INFO  impl.FollowerInfo (FollowerInfo.java:lambda$new$0(51)) - ab022857-e651-46e0-9452-78f2a1d93581@group-8FCD5B1B9009->ea48651f-a535-41b5-a19b-b8cecb9d11ac: nextIndex: updateUnconditionally 0 -> 0
2019-10-09 10:09:04,759 [grpc-default-executor-7] WARN  server.GrpcLogAppender (LogUtils.java:warn(134)) - ab022857-e651-46e0-9452-78f2a1d93581@group-8FCD5B1B9009->ea48651f-a535-41b5-a19b-b8cecb9d11ac-AppendLogResponseHandler: Failed appendEntries: org.apache.ratis.thirdparty.io.grpc.StatusRuntimeException: UNAVAILABLE: io exception
2019-10-09 10:09:04,759 [grpc-default-executor-6] WARN  server.GrpcLogAppender (LogUtils.java:warn(134)) - ab022857-e651-46e0-9452-78f2a1d93581@group-8FCD5B1B9009->5f603e7f-c5d0-429b-bdae-ead04b90af02-AppendLogResponseHandler: Failed appendEntries: org.apache.ratis.thirdparty.io.grpc.StatusRuntimeException: UNAVAILABLE: io exception
2019-10-09 10:09:04,760 [grpc-default-executor-6] INFO  impl.FollowerInfo (FollowerInfo.java:lambda$new$0(51)) - ab022857-e651-46e0-9452-78f2a1d93581@group-8FCD5B1B9009->5f603e7f-c5d0-429b-bdae-ead04b90af02: nextIndex: updateUnconditionally 0 -> 0
2019-10-09 10:09:04,760 [grpc-default-executor-7] INFO  impl.FollowerInfo (FollowerInfo.java:lambda$new$0(51)) - ab022857-e651-46e0-9452-78f2a1d93581@group-8FCD5B1B9009->ea48651f-a535-41b5-a19b-b8cecb9d11ac: nextIndex: updateUnconditionally 0 -> 0
2019-10-09 10:09:07,258 [grpc-default-executor-7] WARN  server.GrpcLogAppender (LogUtils.java:warn(134)) - ab022857-e651-46e0-9452-78f2a1d93581@group-8FCD5B1B9009->5f603e7f-c5d0-429b-bdae-ead04b90af02-AppendLogResponseHandler: Failed appendEntries: org.apache.ratis.thirdparty.io.grpc.StatusRuntimeException: UNAVAILABLE: io exception
2019-10-09 10:09:07,258 [grpc-default-executor-8] WARN  server.GrpcLogAppender (LogUtils.java:warn(134)) - ab022857-e651-46e0-9452-78f2a1d93581@group-8FCD5B1B9009->ea48651f-a535-41b5-a19b-b8cecb9d11ac-AppendLogResponseHandler: Failed appendEntries: org.apache.ratis.thirdparty.io.grpc.StatusRuntimeException: UNAVAILABLE: io exception
2019-10-09 10:09:07,259 [grpc-default-executor-8] INFO  impl.FollowerInfo (FollowerInfo.java:lambda$new$0(51)) - ab022857-e651-46e0-9452-78f2a1d93581@group-8FCD5B1B9009->ea48651f-a535-41b5-a19b-b8cecb9d11ac: nextIndex: updateUnconditionally 0 -> 0
2019-10-09 10:09:07,259 [grpc-default-executor-7] INFO  impl.FollowerInfo (FollowerInfo.java:lambda$new$0(51)) - ab022857-e651-46e0-9452-78f2a1d93581@group-8FCD5B1B9009->5f603e7f-c5d0-429b-bdae-ead04b90af02: nextIndex: updateUnconditionally 0 -> 0
2019-10-09 10:09:09,760 [grpc-default-executor-7] WARN  server.GrpcLogAppender (LogUtils.java:warn(134)) - ab022857-e651-46e0-9452-78f2a1d93581@group-8FCD5B1B9009->5f603e7f-c5d0-429b-bdae-ead04b90af02-AppendLogResponseHandler: Failed appendEntries: org.apache.ratis.thirdparty.io.grpc.StatusRuntimeException: UNAVAILABLE: io exception
2019-10-09 10:09:09,760 [grpc-default-executor-8] WARN  server.GrpcLogAppender (LogUtils.java:warn(134)) - ab022857-e651-46e0-9452-78f2a1d93581@group-8FCD5B1B9009->ea48651f-a535-41b5-a19b-b8cecb9d11ac-AppendLogResponseHandler: Failed appendEntries: org.apache.ratis.thirdparty.io.grpc.StatusRuntimeException: UNAVAILABLE: io exception
2019-10-09 10:09:09,761 [grpc-default-executor-7] INFO  impl.FollowerInfo (FollowerInfo.java:lambda$new$0(51)) - ab022857-e651-46e0-9452-78f2a1d93581@group-8FCD5B1B9009->5f603e7f-c5d0-429b-bdae-ead04b90af02: nextIndex: updateUnconditionally 0 -> 0
2019-10-09 10:09:09,761 [grpc-default-executor-8] INFO  impl.FollowerInfo (FollowerInfo.java:lambda$new$0(51)) - ab022857-e651-46e0-9452-78f2a1d93581@group-8FCD5B1B9009->ea48651f-a535-41b5-a19b-b8cecb9d11ac: nextIndex: updateUnconditionally 0 -> 0
]]></system-out>
    <system-err><![CDATA[Oct 09, 2019 10:08:24 AM org.apache.ratis.thirdparty.io.grpc.internal.SerializingExecutor run
SEVERE: Exception while executing runnable org.apache.ratis.thirdparty.io.grpc.internal.ServerImpl$JumpToApplicationThreadServerStreamListener$1Closed@808dba5
org.apache.ratis.thirdparty.io.grpc.StatusRuntimeException: CANCELLED: call already cancelled
	at org.apache.ratis.thirdparty.io.grpc.Status.asRuntimeException(Status.java:517)
	at org.apache.ratis.thirdparty.io.grpc.stub.ServerCalls$ServerCallStreamObserverImpl.onCompleted(ServerCalls.java:356)
	at org.apache.ratis.grpc.server.GrpcServerProtocolService$ServerRequestStreamObserver.onError(GrpcServerProtocolService.java:121)
	at org.apache.ratis.thirdparty.io.grpc.stub.ServerCalls$StreamingServerCallHandler$StreamingServerCallListener.onCancel(ServerCalls.java:269)
	at org.apache.ratis.thirdparty.io.grpc.internal.ServerCallImpl$ServerStreamListenerImpl.closed(ServerCallImpl.java:293)
	at org.apache.ratis.thirdparty.io.grpc.internal.ServerImpl$JumpToApplicationThreadServerStreamListener$1Closed.runInContext(ServerImpl.java:741)
	at org.apache.ratis.thirdparty.io.grpc.internal.ContextRunnable.run(ContextRunnable.java:37)
	at org.apache.ratis.thirdparty.io.grpc.internal.SerializingExecutor.run(SerializingExecutor.java:123)
	at java.util.concurrent.ThreadPoolExecutor.runWorker(ThreadPoolExecutor.java:1149)
	at java.util.concurrent.ThreadPoolExecutor$Worker.run(ThreadPoolExecutor.java:624)
	at java.lang.Thread.run(Thread.java:748)

Oct 09, 2019 10:08:29 AM org.apache.ratis.thirdparty.io.grpc.internal.SerializingExecutor run
SEVERE: Exception while executing runnable org.apache.ratis.thirdparty.io.grpc.internal.ServerImpl$JumpToApplicationThreadServerStreamListener$1Closed@42cdd5a0
org.apache.ratis.thirdparty.io.grpc.StatusRuntimeException: CANCELLED: call already cancelled
	at org.apache.ratis.thirdparty.io.grpc.Status.asRuntimeException(Status.java:517)
	at org.apache.ratis.thirdparty.io.grpc.stub.ServerCalls$ServerCallStreamObserverImpl.onCompleted(ServerCalls.java:356)
	at org.apache.ratis.grpc.server.GrpcServerProtocolService$ServerRequestStreamObserver.onError(GrpcServerProtocolService.java:121)
	at org.apache.ratis.thirdparty.io.grpc.stub.ServerCalls$StreamingServerCallHandler$StreamingServerCallListener.onCancel(ServerCalls.java:269)
	at org.apache.ratis.thirdparty.io.grpc.internal.ServerCallImpl$ServerStreamListenerImpl.closed(ServerCallImpl.java:293)
	at org.apache.ratis.thirdparty.io.grpc.internal.ServerImpl$JumpToApplicationThreadServerStreamListener$1Closed.runInContext(ServerImpl.java:741)
	at org.apache.ratis.thirdparty.io.grpc.internal.ContextRunnable.run(ContextRunnable.java:37)
	at org.apache.ratis.thirdparty.io.grpc.internal.SerializingExecutor.run(SerializingExecutor.java:123)
	at java.util.concurrent.ThreadPoolExecutor.runWorker(ThreadPoolExecutor.java:1149)
	at java.util.concurrent.ThreadPoolExecutor$Worker.run(ThreadPoolExecutor.java:624)
	at java.lang.Thread.run(Thread.java:748)

Oct 09, 2019 10:08:44 AM org.apache.ratis.thirdparty.io.grpc.internal.ManagedChannelOrphanWrapper$ManagedChannelReference cleanQueue
SEVERE: *~*~*~ Channel ManagedChannelImpl{logId=1662, target=192.168.164.205:46546} was not shutdown properly!!! ~*~*~*
    Make sure to call shutdown()/shutdownNow() and wait until awaitTermination() returns true.
java.lang.RuntimeException: ManagedChannel allocation site
	at org.apache.ratis.thirdparty.io.grpc.internal.ManagedChannelOrphanWrapper$ManagedChannelReference.<init>(ManagedChannelOrphanWrapper.java:103)
	at org.apache.ratis.thirdparty.io.grpc.internal.ManagedChannelOrphanWrapper.<init>(ManagedChannelOrphanWrapper.java:53)
	at org.apache.ratis.thirdparty.io.grpc.internal.ManagedChannelOrphanWrapper.<init>(ManagedChannelOrphanWrapper.java:44)
	at org.apache.ratis.thirdparty.io.grpc.internal.AbstractManagedChannelImplBuilder.build(AbstractManagedChannelImplBuilder.java:411)
	at org.apache.ratis.grpc.client.GrpcClientProtocolClient.<init>(GrpcClientProtocolClient.java:128)
	at org.apache.ratis.grpc.client.GrpcClientRpc.lambda$new$0(GrpcClientRpc.java:55)
	at org.apache.ratis.util.PeerProxyMap$PeerAndProxy.lambda$getProxy$0(PeerProxyMap.java:61)
	at org.apache.ratis.util.LifeCycle.startAndTransition(LifeCycle.java:202)
	at org.apache.ratis.util.PeerProxyMap$PeerAndProxy.getProxy(PeerProxyMap.java:60)
	at org.apache.ratis.util.PeerProxyMap.getProxy(PeerProxyMap.java:108)
	at org.apache.ratis.grpc.client.GrpcClientRpc.sendRequestAsyncUnordered(GrpcClientRpc.java:78)
	at org.apache.ratis.client.impl.UnorderedAsync.sendRequestWithRetry(UnorderedAsync.java:75)
	at org.apache.ratis.client.impl.UnorderedAsync.lambda$null$2(UnorderedAsync.java:120)
	at org.apache.ratis.util.TimeoutScheduler.lambda$onTimeout$0(TimeoutScheduler.java:113)
	at org.apache.ratis.util.TimeoutScheduler.lambda$onTimeout$1(TimeoutScheduler.java:133)
	at org.apache.ratis.util.LogUtils.runAndLog(LogUtils.java:50)
	at org.apache.ratis.util.LogUtils$1.run(LogUtils.java:91)
	at java.util.concurrent.Executors$RunnableAdapter.call(Executors.java:511)
	at java.util.concurrent.FutureTask.run(FutureTask.java:266)
	at java.util.concurrent.ScheduledThreadPoolExecutor$ScheduledFutureTask.access$201(ScheduledThreadPoolExecutor.java:180)
	at java.util.concurrent.ScheduledThreadPoolExecutor$ScheduledFutureTask.run(ScheduledThreadPoolExecutor.java:293)
	at java.util.concurrent.ThreadPoolExecutor.runWorker(ThreadPoolExecutor.java:1149)
	at java.util.concurrent.ThreadPoolExecutor$Worker.run(ThreadPoolExecutor.java:624)
	at java.lang.Thread.run(Thread.java:748)

]]></system-err>
  </testcase>
  <testcase name="testWatchForCommitForGroupMismatchException" classname="org.apache.hadoop.ozone.client.rpc.TestWatchForCommit" time="32.596"/>
  <testcase name="test2WayCommitForTimeoutException" classname="org.apache.hadoop.ozone.client.rpc.TestWatchForCommit" time="33.262">
    <error type="java.util.concurrent.TimeoutException">java.util.concurrent.TimeoutException
	at java.util.concurrent.CompletableFuture.timedGet(CompletableFuture.java:1771)
	at java.util.concurrent.CompletableFuture.get(CompletableFuture.java:1915)
	at org.apache.hadoop.hdds.scm.XceiverClientRatis.watchForCommit(XceiverClientRatis.java:283)
	at org.apache.hadoop.ozone.client.rpc.TestWatchForCommit.test2WayCommitForTimeoutException(TestWatchForCommit.java:391)
	at sun.reflect.NativeMethodAccessorImpl.invoke0(Native Method)
	at sun.reflect.NativeMethodAccessorImpl.invoke(NativeMethodAccessorImpl.java:62)
	at sun.reflect.DelegatingMethodAccessorImpl.invoke(DelegatingMethodAccessorImpl.java:43)
	at java.lang.reflect.Method.invoke(Method.java:498)
	at org.junit.runners.model.FrameworkMethod$1.runReflectiveCall(FrameworkMethod.java:47)
	at org.junit.internal.runners.model.ReflectiveCallable.run(ReflectiveCallable.java:12)
	at org.junit.runners.model.FrameworkMethod.invokeExplosively(FrameworkMethod.java:44)
	at org.junit.internal.runners.statements.InvokeMethod.evaluate(InvokeMethod.java:17)
	at org.junit.runners.ParentRunner.runLeaf(ParentRunner.java:271)
	at org.junit.runners.BlockJUnit4ClassRunner.runChild(BlockJUnit4ClassRunner.java:70)
	at org.junit.runners.BlockJUnit4ClassRunner.runChild(BlockJUnit4ClassRunner.java:50)
	at org.junit.runners.ParentRunner$3.run(ParentRunner.java:238)
	at org.junit.runners.ParentRunner$1.schedule(ParentRunner.java:63)
	at org.junit.runners.ParentRunner.runChildren(ParentRunner.java:236)
	at org.junit.runners.ParentRunner.access$000(ParentRunner.java:53)
	at org.junit.runners.ParentRunner$2.evaluate(ParentRunner.java:229)
	at org.junit.runners.ParentRunner.run(ParentRunner.java:309)
	at org.apache.maven.surefire.junit4.JUnit4Provider.execute(JUnit4Provider.java:365)
	at org.apache.maven.surefire.junit4.JUnit4Provider.executeWithRerun(JUnit4Provider.java:273)
	at org.apache.maven.surefire.junit4.JUnit4Provider.executeTestSet(JUnit4Provider.java:238)
	at org.apache.maven.surefire.junit4.JUnit4Provider.invoke(JUnit4Provider.java:159)
	at org.apache.maven.surefire.booter.ForkedBooter.invokeProviderInSameClassLoader(ForkedBooter.java:384)
	at org.apache.maven.surefire.booter.ForkedBooter.runSuitesInProcess(ForkedBooter.java:345)
	at org.apache.maven.surefire.booter.ForkedBooter.execute(ForkedBooter.java:126)
	at org.apache.maven.surefire.booter.ForkedBooter.main(ForkedBooter.java:418)
</error>
    <system-out><![CDATA[2019-10-09 10:09:42,649 [main] WARN  server.ServerUtils (ServerUtils.java:getScmDbDir(145)) - ozone.scm.db.dirs is not configured. We recommend adding this setting. Falling back to ozone.metadata.dirs instead.
2019-10-09 10:09:42,664 [main] WARN  server.ServerUtils (ServerUtils.java:getScmDbDir(145)) - ozone.scm.db.dirs is not configured. We recommend adding this setting. Falling back to ozone.metadata.dirs instead.
2019-10-09 10:09:42,665 [main] WARN  server.ServerUtils (ServerUtils.java:getScmDbDir(145)) - ozone.scm.db.dirs is not configured. We recommend adding this setting. Falling back to ozone.metadata.dirs instead.
2019-10-09 10:09:42,665 [main] INFO  db.DBStoreBuilder (DBStoreBuilder.java:addTable(117)) - using custom profile for table: deletedBlocks
2019-10-09 10:09:42,665 [main] INFO  db.DBStoreBuilder (DBStoreBuilder.java:processTables(168)) - Using default column profile:DBProfile.DISK for Table:deletedBlocks
2019-10-09 10:09:42,665 [main] INFO  db.DBStoreBuilder (DBStoreBuilder.java:addTable(117)) - using custom profile for table: validCerts
2019-10-09 10:09:42,666 [main] INFO  db.DBStoreBuilder (DBStoreBuilder.java:processTables(168)) - Using default column profile:DBProfile.DISK for Table:validCerts
2019-10-09 10:09:42,666 [main] INFO  db.DBStoreBuilder (DBStoreBuilder.java:addTable(117)) - using custom profile for table: revokedCerts
2019-10-09 10:09:42,666 [main] INFO  db.DBStoreBuilder (DBStoreBuilder.java:processTables(168)) - Using default column profile:DBProfile.DISK for Table:revokedCerts
2019-10-09 10:09:42,666 [main] INFO  db.DBStoreBuilder (DBStoreBuilder.java:addTable(117)) - using custom profile for table: default
2019-10-09 10:09:42,666 [main] INFO  db.DBStoreBuilder (DBStoreBuilder.java:processTables(174)) - Using default column profile:DBProfile.DISK for Table:default
2019-10-09 10:09:42,666 [main] INFO  db.DBStoreBuilder (DBStoreBuilder.java:getDbProfile(205)) - Using default options. DBProfile.DISK
2019-10-09 10:09:42,825 [main] INFO  net.NodeSchemaLoader (NodeSchemaLoader.java:loadSchemaFromFile(125)) - Loading file from sun.misc.CompoundEnumeration@26457986
2019-10-09 10:09:42,825 [main] INFO  net.NodeSchemaLoader (NodeSchemaLoader.java:loadSchema(171)) - Loading network topology layer schema file
2019-10-09 10:09:42,829 [main] WARN  server.ServerUtils (ServerUtils.java:sanitizeUserArgs(70)) - ozone.scm.stale.node.interval value = 300000 is larger than max = 100000 based on the key value of ozone.scm.heartbeat.thread.interval, reset to the max value 100000.
2019-10-09 10:09:42,829 [main] WARN  server.ServerUtils (ServerUtils.java:sanitizeUserArgs(70)) - ozone.scm.stale.node.interval value = 300000 is larger than max = 100000 based on the key value of ozone.scm.heartbeat.thread.interval, reset to the max value 100000.
2019-10-09 10:09:42,829 [main] INFO  node.SCMNodeManager (SCMNodeManager.java:<init>(116)) - Entering startup safe mode.
2019-10-09 10:09:42,830 [main] INFO  algorithms.ContainerPlacementPolicyFactory (ContainerPlacementPolicyFactory.java:getPolicy(57)) - Create container placement policy of type org.apache.hadoop.hdds.scm.container.placement.algorithms.SCMContainerPlacementRandom
2019-10-09 10:09:42,830 [main] WARN  server.ServerUtils (ServerUtils.java:getScmDbDir(145)) - ozone.scm.db.dirs is not configured. We recommend adding this setting. Falling back to ozone.metadata.dirs instead.
2019-10-09 10:09:42,878 [main] INFO  pipeline.SCMPipelineManager (SCMPipelineManager.java:initializePipelineState(132)) - No pipeline exists in current db
2019-10-09 10:09:42,878 [main] WARN  server.ServerUtils (ServerUtils.java:getScmDbDir(145)) - ozone.scm.db.dirs is not configured. We recommend adding this setting. Falling back to ozone.metadata.dirs instead.
2019-10-09 10:09:42,912 [main] WARN  events.EventQueue (EventQueue.java:fireEvent(183)) - No event handler registered for event TypedEvent{payloadType=SafeModeStatus, name='SafeModeStatus'}
2019-10-09 10:09:42,913 [main] INFO  ipc.CallQueueManager (CallQueueManager.java:<init>(84)) - Using callQueue: class java.util.concurrent.LinkedBlockingQueue, queueCapacity: 2000, scheduler: class org.apache.hadoop.ipc.DefaultRpcScheduler, ipcBackoff: false.
2019-10-09 10:09:42,914 [Socket Reader #1 for port 46331] INFO  ipc.Server (Server.java:run(1074)) - Starting Socket Reader #1 for port 46331
2019-10-09 10:09:42,919 [main] INFO  ipc.CallQueueManager (CallQueueManager.java:<init>(84)) - Using callQueue: class java.util.concurrent.LinkedBlockingQueue, queueCapacity: 2000, scheduler: class org.apache.hadoop.ipc.DefaultRpcScheduler, ipcBackoff: false.
2019-10-09 10:09:42,920 [Socket Reader #1 for port 46350] INFO  ipc.Server (Server.java:run(1074)) - Starting Socket Reader #1 for port 46350
2019-10-09 10:09:42,923 [main] INFO  ipc.CallQueueManager (CallQueueManager.java:<init>(84)) - Using callQueue: class java.util.concurrent.LinkedBlockingQueue, queueCapacity: 2000, scheduler: class org.apache.hadoop.ipc.DefaultRpcScheduler, ipcBackoff: false.
2019-10-09 10:09:42,924 [Socket Reader #1 for port 40930] INFO  ipc.Server (Server.java:run(1074)) - Starting Socket Reader #1 for port 40930
2019-10-09 10:09:42,927 [main] INFO  hdfs.DFSUtil (DFSUtil.java:httpServerTemplateForNNAndJN(1641)) - Starting Web-server for scm at: http://0.0.0.0:0
2019-10-09 10:09:42,930 [main] INFO  server.AuthenticationFilter (AuthenticationFilter.java:constructSecretProvider(240)) - Unable to initialize FileSignerSecretProvider, falling back to use random secrets.
2019-10-09 10:09:42,931 [main] WARN  http.HttpRequestLog (HttpRequestLog.java:getRequestLog(97)) - Jetty request log can only be enabled using Log4j
2019-10-09 10:09:42,933 [main] INFO  http.HttpServer2 (HttpServer2.java:addGlobalFilter(975)) - Added global filter 'safety' (class=org.apache.hadoop.http.HttpServer2$QuotingInputFilter)
2019-10-09 10:09:42,934 [main] INFO  http.HttpServer2 (HttpServer2.java:addFilter(948)) - Added filter static_user_filter (class=org.apache.hadoop.http.lib.StaticUserWebFilter$StaticUserFilter) to context scm
2019-10-09 10:09:42,934 [main] INFO  http.HttpServer2 (HttpServer2.java:addFilter(958)) - Added filter static_user_filter (class=org.apache.hadoop.http.lib.StaticUserWebFilter$StaticUserFilter) to context static
2019-10-09 10:09:42,934 [main] INFO  http.HttpServer2 (HttpServer2.java:addFilter(958)) - Added filter static_user_filter (class=org.apache.hadoop.http.lib.StaticUserWebFilter$StaticUserFilter) to context logs
2019-10-09 10:09:42,937 [main] INFO  server.StorageContainerManager (StorageContainerManager.java:start(772)) - StorageContainerLocationProtocol RPC server is listening at /0.0.0.0:40930
2019-10-09 10:09:42,940 [main] WARN  impl.MetricsConfig (MetricsConfig.java:loadFirst(134)) - Cannot locate configuration: tried hadoop-metrics2-storagecontainermanager.properties,hadoop-metrics2.properties
2019-10-09 10:09:42,941 [main] INFO  impl.MetricsSystemImpl (MetricsSystemImpl.java:startTimer(374)) - Scheduled Metric snapshot period at 10 second(s).
2019-10-09 10:09:42,941 [main] INFO  impl.MetricsSystemImpl (MetricsSystemImpl.java:start(191)) - StorageContainerManager metrics system started
2019-10-09 10:09:43,287 [main] WARN  impl.MetricsSystemImpl (MetricsSystemImpl.java:register(276)) - Sink prometheus already exists!
2019-10-09 10:09:43,605 [main] INFO  server.SCMClientProtocolServer (SCMClientProtocolServer.java:start(159)) - RPC server for Client  is listening at /0.0.0.0:40930
2019-10-09 10:09:43,606 [IPC Server Responder] INFO  ipc.Server (Server.java:run(1314)) - IPC Server Responder: starting
2019-10-09 10:09:43,608 [IPC Server listener on 40930] INFO  ipc.Server (Server.java:run(1153)) - IPC Server listener on 40930: starting
2019-10-09 10:09:43,614 [main] INFO  server.StorageContainerManager (StorageContainerManager.java:start(782)) - ScmBlockLocationProtocol RPC server is listening at /0.0.0.0:46350
2019-10-09 10:09:43,614 [main] INFO  server.SCMBlockProtocolServer (SCMBlockProtocolServer.java:start(146)) - RPC server for Block Protocol is listening at /0.0.0.0:46350
2019-10-09 10:09:43,615 [IPC Server listener on 46350] INFO  ipc.Server (Server.java:run(1153)) - IPC Server listener on 46350: starting
2019-10-09 10:09:43,615 [IPC Server Responder] INFO  ipc.Server (Server.java:run(1314)) - IPC Server Responder: starting
2019-10-09 10:09:43,626 [main] INFO  server.StorageContainerManager (StorageContainerManager.java:start(786)) - ScmDatanodeProtocl RPC server is listening at /0.0.0.0:46331
2019-10-09 10:09:43,627 [main] INFO  server.SCMDatanodeProtocolServer (SCMDatanodeProtocolServer.java:start(169)) - RPC server for DataNodes is listening at /0.0.0.0:46331
2019-10-09 10:09:43,627 [IPC Server Responder] INFO  ipc.Server (Server.java:run(1314)) - IPC Server Responder: starting
2019-10-09 10:09:43,627 [IPC Server listener on 46331] INFO  ipc.Server (Server.java:run(1153)) - IPC Server listener on 46331: starting
2019-10-09 10:09:43,632 [main] INFO  http.HttpServer2 (HttpServer2.java:bindListener(1191)) - Jetty bound to port 42993
2019-10-09 10:09:43,633 [main] INFO  server.Server (Server.java:doStart(351)) - jetty-9.3.25.v20180904, build timestamp: 2018-09-04T21:11:46Z, git hash: 3ce520221d0240229c862b122d2b06c12a625732
2019-10-09 10:09:43,635 [main] INFO  handler.ContextHandler (ContextHandler.java:doStart(781)) - Started o.e.j.s.ServletContextHandler@18dcb8a7{/logs,file:///workdir/hadoop-ozone/integration-test/target/log,AVAILABLE}
2019-10-09 10:09:43,635 [main] INFO  handler.ContextHandler (ContextHandler.java:doStart(781)) - Started o.e.j.s.ServletContextHandler@5a14e60d{/static,file:///workdir/hadoop-ozone/integration-test/target/test-classes/webapps/static,AVAILABLE}
2019-10-09 10:09:43,639 [main] INFO  handler.ContextHandler (ContextHandler.java:doStart(781)) - Started o.e.j.w.WebAppContext@355ce6a6{/,file:///workdir/hadoop-ozone/integration-test/target/test-classes/webapps/scm/,AVAILABLE}{/scm}
2019-10-09 10:09:43,640 [main] INFO  server.AbstractConnector (AbstractConnector.java:doStart(278)) - Started ServerConnector@20440c6c{HTTP/1.1,[http/1.1]}{0.0.0.0:42993}
2019-10-09 10:09:43,642 [main] INFO  server.Server (Server.java:doStart(419)) - Started @230131ms
2019-10-09 10:09:43,642 [main] WARN  impl.MetricsSystemImpl (MetricsSystemImpl.java:register(276)) - Sink prometheus already exists!
2019-10-09 10:09:43,643 [main] INFO  server.BaseHttpServer (BaseHttpServer.java:updateConnectorAddress(215)) - HTTP server of SCM is listening at http://0.0.0.0:42993
2019-10-09 10:09:43,645 [main] WARN  server.ServerUtils (ServerUtils.java:getDBPath(222)) - ozone.om.db.dirs is not configured. We recommend adding this setting. Falling back to ozone.metadata.dirs instead.
2019-10-09 10:09:43,645 [org.apache.hadoop.util.JvmPauseMonitor$Monitor@560271a1] INFO  util.JvmPauseMonitor (JvmPauseMonitor.java:run(188)) - Starting JVM pause monitor
2019-10-09 10:09:43,659 [main] INFO  ha.OMHANodeDetails (OMHANodeDetails.java:loadOMHAConfig(190)) - Configuration either no ozone.om.address set. Falling back to the default OM address /127.0.0.1:0
2019-10-09 10:09:43,659 [main] INFO  ha.OMHANodeDetails (OMHANodeDetails.java:getOMNodeDetails(220)) - OM Service ID is not set. Setting it to the default ID: omServiceIdDefault
2019-10-09 10:09:43,660 [main] WARN  server.ServerUtils (ServerUtils.java:getDBPath(222)) - ozone.om.db.dirs is not configured. We recommend adding this setting. Falling back to ozone.metadata.dirs instead.
2019-10-09 10:09:43,660 [main] WARN  server.ServerUtils (ServerUtils.java:getDBPath(222)) - ozone.om.db.dirs is not configured. We recommend adding this setting. Falling back to ozone.metadata.dirs instead.
2019-10-09 10:09:43,671 [main] WARN  server.ServerUtils (ServerUtils.java:getDBPath(222)) - ozone.om.db.dirs is not configured. We recommend adding this setting. Falling back to ozone.metadata.dirs instead.
2019-10-09 10:09:43,671 [main] INFO  db.DBStoreBuilder (DBStoreBuilder.java:addTable(117)) - using custom profile for table: userTable
2019-10-09 10:09:43,671 [main] INFO  db.DBStoreBuilder (DBStoreBuilder.java:processTables(168)) - Using default column profile:DBProfile.DISK for Table:userTable
2019-10-09 10:09:43,672 [main] INFO  db.DBStoreBuilder (DBStoreBuilder.java:addTable(117)) - using custom profile for table: volumeTable
2019-10-09 10:09:43,672 [main] INFO  db.DBStoreBuilder (DBStoreBuilder.java:processTables(168)) - Using default column profile:DBProfile.DISK for Table:volumeTable
2019-10-09 10:09:43,672 [main] INFO  db.DBStoreBuilder (DBStoreBuilder.java:addTable(117)) - using custom profile for table: bucketTable
2019-10-09 10:09:43,672 [main] INFO  db.DBStoreBuilder (DBStoreBuilder.java:processTables(168)) - Using default column profile:DBProfile.DISK for Table:bucketTable
2019-10-09 10:09:43,672 [main] INFO  db.DBStoreBuilder (DBStoreBuilder.java:addTable(117)) - using custom profile for table: keyTable
2019-10-09 10:09:43,673 [main] INFO  db.DBStoreBuilder (DBStoreBuilder.java:processTables(168)) - Using default column profile:DBProfile.DISK for Table:keyTable
2019-10-09 10:09:43,673 [main] INFO  db.DBStoreBuilder (DBStoreBuilder.java:addTable(117)) - using custom profile for table: deletedTable
2019-10-09 10:09:43,673 [main] INFO  db.DBStoreBuilder (DBStoreBuilder.java:processTables(168)) - Using default column profile:DBProfile.DISK for Table:deletedTable
2019-10-09 10:09:43,673 [main] INFO  db.DBStoreBuilder (DBStoreBuilder.java:addTable(117)) - using custom profile for table: openKeyTable
2019-10-09 10:09:43,673 [main] INFO  db.DBStoreBuilder (DBStoreBuilder.java:processTables(168)) - Using default column profile:DBProfile.DISK for Table:openKeyTable
2019-10-09 10:09:43,674 [main] INFO  db.DBStoreBuilder (DBStoreBuilder.java:addTable(117)) - using custom profile for table: s3Table
2019-10-09 10:09:43,674 [main] INFO  db.DBStoreBuilder (DBStoreBuilder.java:processTables(168)) - Using default column profile:DBProfile.DISK for Table:s3Table
2019-10-09 10:09:43,674 [main] INFO  db.DBStoreBuilder (DBStoreBuilder.java:addTable(117)) - using custom profile for table: multipartInfoTable
2019-10-09 10:09:43,674 [main] INFO  db.DBStoreBuilder (DBStoreBuilder.java:processTables(168)) - Using default column profile:DBProfile.DISK for Table:multipartInfoTable
2019-10-09 10:09:43,674 [main] INFO  db.DBStoreBuilder (DBStoreBuilder.java:addTable(117)) - using custom profile for table: dTokenTable
2019-10-09 10:09:43,675 [main] INFO  db.DBStoreBuilder (DBStoreBuilder.java:processTables(168)) - Using default column profile:DBProfile.DISK for Table:dTokenTable
2019-10-09 10:09:43,675 [main] INFO  db.DBStoreBuilder (DBStoreBuilder.java:addTable(117)) - using custom profile for table: s3SecretTable
2019-10-09 10:09:43,675 [main] INFO  db.DBStoreBuilder (DBStoreBuilder.java:processTables(168)) - Using default column profile:DBProfile.DISK for Table:s3SecretTable
2019-10-09 10:09:43,675 [main] INFO  db.DBStoreBuilder (DBStoreBuilder.java:addTable(117)) - using custom profile for table: prefixTable
2019-10-09 10:09:43,675 [main] INFO  db.DBStoreBuilder (DBStoreBuilder.java:processTables(168)) - Using default column profile:DBProfile.DISK for Table:prefixTable
2019-10-09 10:09:43,676 [main] INFO  db.DBStoreBuilder (DBStoreBuilder.java:addTable(117)) - using custom profile for table: default
2019-10-09 10:09:43,676 [main] INFO  db.DBStoreBuilder (DBStoreBuilder.java:processTables(174)) - Using default column profile:DBProfile.DISK for Table:default
2019-10-09 10:09:43,676 [main] INFO  db.DBStoreBuilder (DBStoreBuilder.java:getDbProfile(205)) - Using default options. DBProfile.DISK
2019-10-09 10:09:44,243 [main] INFO  ipc.CallQueueManager (CallQueueManager.java:<init>(84)) - Using callQueue: class java.util.concurrent.LinkedBlockingQueue, queueCapacity: 2000, scheduler: class org.apache.hadoop.ipc.DefaultRpcScheduler, ipcBackoff: false.
2019-10-09 10:09:44,243 [Socket Reader #1 for port 38994] INFO  ipc.Server (Server.java:run(1074)) - Starting Socket Reader #1 for port 38994
2019-10-09 10:09:44,258 [main] INFO  om.OzoneManager (OzoneManager.java:start(1069)) - OzoneManager RPC server is listening at localhost/127.0.0.1:38994
2019-10-09 10:09:44,258 [main] INFO  impl.MetricsSystemImpl (MetricsSystemImpl.java:init(158)) - OzoneManager metrics system started (again)
2019-10-09 10:09:44,261 [IPC Server Responder] INFO  ipc.Server (Server.java:run(1314)) - IPC Server Responder: starting
2019-10-09 10:09:44,261 [IPC Server listener on 38994] INFO  ipc.Server (Server.java:run(1153)) - IPC Server listener on 38994: starting
2019-10-09 10:09:44,269 [main] INFO  hdfs.DFSUtil (DFSUtil.java:httpServerTemplateForNNAndJN(1641)) - Starting Web-server for ozoneManager at: http://0.0.0.0:0
2019-10-09 10:09:44,270 [main] INFO  server.AuthenticationFilter (AuthenticationFilter.java:constructSecretProvider(240)) - Unable to initialize FileSignerSecretProvider, falling back to use random secrets.
2019-10-09 10:09:44,270 [main] WARN  http.HttpRequestLog (HttpRequestLog.java:getRequestLog(97)) - Jetty request log can only be enabled using Log4j
2019-10-09 10:09:44,272 [main] INFO  http.HttpServer2 (HttpServer2.java:addGlobalFilter(975)) - Added global filter 'safety' (class=org.apache.hadoop.http.HttpServer2$QuotingInputFilter)
2019-10-09 10:09:44,272 [main] INFO  http.HttpServer2 (HttpServer2.java:addFilter(948)) - Added filter static_user_filter (class=org.apache.hadoop.http.lib.StaticUserWebFilter$StaticUserFilter) to context ozoneManager
2019-10-09 10:09:44,272 [main] INFO  http.HttpServer2 (HttpServer2.java:addFilter(958)) - Added filter static_user_filter (class=org.apache.hadoop.http.lib.StaticUserWebFilter$StaticUserFilter) to context logs
2019-10-09 10:09:44,272 [main] INFO  http.HttpServer2 (HttpServer2.java:addFilter(958)) - Added filter static_user_filter (class=org.apache.hadoop.http.lib.StaticUserWebFilter$StaticUserFilter) to context static
2019-10-09 10:09:44,273 [main] INFO  http.HttpServer2 (HttpServer2.java:bindListener(1191)) - Jetty bound to port 42610
2019-10-09 10:09:44,273 [main] INFO  server.Server (Server.java:doStart(351)) - jetty-9.3.25.v20180904, build timestamp: 2018-09-04T21:11:46Z, git hash: 3ce520221d0240229c862b122d2b06c12a625732
2019-10-09 10:09:44,275 [main] INFO  handler.ContextHandler (ContextHandler.java:doStart(781)) - Started o.e.j.s.ServletContextHandler@19b75b2b{/logs,file:///workdir/hadoop-ozone/integration-test/target/log,AVAILABLE}
2019-10-09 10:09:44,275 [main] INFO  handler.ContextHandler (ContextHandler.java:doStart(781)) - Started o.e.j.s.ServletContextHandler@634f58d2{/static,file:///workdir/hadoop-ozone/integration-test/target/test-classes/webapps/static,AVAILABLE}
2019-10-09 10:09:44,279 [main] INFO  handler.ContextHandler (ContextHandler.java:doStart(781)) - Started o.e.j.w.WebAppContext@1e226bcd{/,file:///workdir/hadoop-ozone/integration-test/target/test-classes/webapps/ozoneManager/,AVAILABLE}{/ozoneManager}
2019-10-09 10:09:44,279 [main] INFO  server.AbstractConnector (AbstractConnector.java:doStart(278)) - Started ServerConnector@2a8dd942{HTTP/1.1,[http/1.1]}{0.0.0.0:42610}
2019-10-09 10:09:44,281 [main] INFO  server.Server (Server.java:doStart(419)) - Started @230770ms
2019-10-09 10:09:44,281 [main] WARN  impl.MetricsSystemImpl (MetricsSystemImpl.java:register(276)) - Sink prometheus already exists!
2019-10-09 10:09:44,282 [main] INFO  server.BaseHttpServer (BaseHttpServer.java:updateConnectorAddress(215)) - HTTP server of OZONEMANAGER is listening at http://0.0.0.0:42610
2019-10-09 10:09:44,297 [main] INFO  impl.MetricsSystemImpl (MetricsSystemImpl.java:init(158)) - HddsDatanode metrics system started (again)
2019-10-09 10:09:44,317 [main] INFO  ozone.HddsDatanodeService (HddsDatanodeService.java:start(184)) - HddsDatanodeService host:pr-hdds-2271-zcqt4-2554284801 ip:192.168.164.205
2019-10-09 10:09:44,327 [main] INFO  volume.HddsVolume (HddsVolume.java:<init>(176)) - Creating Volume: /workdir/hadoop-ozone/integration-test/target/test-dir/MiniOzoneClusterImpl-20a6b4b8-63e8-44f3-a607-747c573e7ecd/datanode-0/data/containers/hdds of  storage type : DISK and capacity : 1482555576320
2019-10-09 10:09:44,328 [main] INFO  volume.VolumeSet (VolumeSet.java:initializeVolumeSet(170)) - Added Volume : /workdir/hadoop-ozone/integration-test/target/test-dir/MiniOzoneClusterImpl-20a6b4b8-63e8-44f3-a607-747c573e7ecd/datanode-0/data/containers/hdds to VolumeSet
2019-10-09 10:09:44,328 [main] INFO  volume.ThrottledAsyncChecker (ThrottledAsyncChecker.java:schedule(141)) - Scheduling a check for org.apache.hadoop.ozone.container.common.volume.HddsVolume@7c8874ef
2019-10-09 10:09:44,328 [main] INFO  volume.HddsVolumeChecker (HddsVolumeChecker.java:checkAllVolumes(204)) - Scheduled health check for volume org.apache.hadoop.ozone.container.common.volume.HddsVolume@7c8874ef
2019-10-09 10:09:44,343 [main] INFO  impl.RaftServerProxy (ConfUtils.java:logGet(43)) - raft.rpc.type = GRPC (default)
2019-10-09 10:09:44,343 [main] INFO  grpc.GrpcFactory (GrpcFactory.java:checkPooledByteBufAllocatorUseCacheForAllThreads(45)) - PERFORMANCE WARNING: useCacheForAllThreads is true that may cause Netty to create a lot garbage objects and, as a result, trigger GC.
	It is recommended to disable useCacheForAllThreads by setting -Dorg.apache.ratis.thirdparty.io.netty.allocator.useCacheForAllThreads=false in command line.
2019-10-09 10:09:44,343 [main] INFO  grpc.GrpcConfigKeys$Server (ConfUtils.java:logGet(43)) - raft.grpc.server.port = 0 (default)
2019-10-09 10:09:44,344 [main] INFO  server.GrpcService (ConfUtils.java:logGet(43)) - raft.grpc.message.size.max = 33570816 (custom)
2019-10-09 10:09:44,344 [main] INFO  server.RaftServerConfigKeys (ConfUtils.java:logGet(43)) - raft.server.log.appender.buffer.byte-limit = 33554432 (custom)
2019-10-09 10:09:44,344 [main] INFO  server.GrpcService (ConfUtils.java:logGet(43)) - raft.grpc.flow.control.window = 1MB (=1048576) (default)
2019-10-09 10:09:44,344 [main] INFO  server.RaftServerConfigKeys (ConfUtils.java:logGet(43)) - raft.server.rpc.request.timeout = 3000ms (default)
2019-10-09 10:09:44,345 [main] INFO  server.RaftServerConfigKeys (ConfUtils.java:logGet(43)) - raft.server.storage.dir = [/workdir/hadoop-ozone/integration-test/target/test-dir/MiniOzoneClusterImpl-20a6b4b8-63e8-44f3-a607-747c573e7ecd/datanode-0/data/ratis] (custom)
2019-10-09 10:09:44,346 [main] INFO  hdfs.DFSUtil (DFSUtil.java:httpServerTemplateForNNAndJN(1641)) - Starting Web-server for hddsDatanode at: http://0.0.0.0:0
2019-10-09 10:09:44,348 [main] INFO  server.AuthenticationFilter (AuthenticationFilter.java:constructSecretProvider(240)) - Unable to initialize FileSignerSecretProvider, falling back to use random secrets.
2019-10-09 10:09:44,349 [main] WARN  http.HttpRequestLog (HttpRequestLog.java:getRequestLog(97)) - Jetty request log can only be enabled using Log4j
2019-10-09 10:09:44,350 [main] INFO  http.HttpServer2 (HttpServer2.java:addGlobalFilter(975)) - Added global filter 'safety' (class=org.apache.hadoop.http.HttpServer2$QuotingInputFilter)
2019-10-09 10:09:44,351 [main] INFO  http.HttpServer2 (HttpServer2.java:addFilter(948)) - Added filter static_user_filter (class=org.apache.hadoop.http.lib.StaticUserWebFilter$StaticUserFilter) to context hddsDatanode
2019-10-09 10:09:44,351 [main] INFO  http.HttpServer2 (HttpServer2.java:addFilter(958)) - Added filter static_user_filter (class=org.apache.hadoop.http.lib.StaticUserWebFilter$StaticUserFilter) to context static
2019-10-09 10:09:44,351 [main] INFO  http.HttpServer2 (HttpServer2.java:addFilter(958)) - Added filter static_user_filter (class=org.apache.hadoop.http.lib.StaticUserWebFilter$StaticUserFilter) to context logs
2019-10-09 10:09:44,351 [main] INFO  http.HttpServer2 (HttpServer2.java:bindListener(1191)) - Jetty bound to port 40673
2019-10-09 10:09:44,352 [main] INFO  server.Server (Server.java:doStart(351)) - jetty-9.3.25.v20180904, build timestamp: 2018-09-04T21:11:46Z, git hash: 3ce520221d0240229c862b122d2b06c12a625732
2019-10-09 10:09:44,353 [main] INFO  handler.ContextHandler (ContextHandler.java:doStart(781)) - Started o.e.j.s.ServletContextHandler@515ab3f2{/logs,file:///workdir/hadoop-ozone/integration-test/target/log,AVAILABLE}
2019-10-09 10:09:44,354 [main] INFO  handler.ContextHandler (ContextHandler.java:doStart(781)) - Started o.e.j.s.ServletContextHandler@7e7740a5{/static,jar:file:/home/user/.m2/repository/org/apache/hadoop/hadoop-hdds-container-service/0.5.0-SNAPSHOT/hadoop-hdds-container-service-0.5.0-SNAPSHOT.jar!/webapps/static,AVAILABLE}
2019-10-09 10:09:44,383 [main] INFO  handler.ContextHandler (ContextHandler.java:doStart(781)) - Started o.e.j.w.WebAppContext@28be7fec{/,file:///tmp/jetty-0.0.0.0-40673-hddsDatanode-_-any-4353269121048755152.dir/webapp/,AVAILABLE}{/hddsDatanode}
2019-10-09 10:09:44,383 [main] INFO  server.AbstractConnector (AbstractConnector.java:doStart(278)) - Started ServerConnector@26f0141{HTTP/1.1,[http/1.1]}{0.0.0.0:40673}
2019-10-09 10:09:44,386 [main] INFO  server.Server (Server.java:doStart(419)) - Started @230875ms
2019-10-09 10:09:44,386 [main] WARN  impl.MetricsSystemImpl (MetricsSystemImpl.java:register(276)) - Sink prometheus already exists!
2019-10-09 10:09:44,387 [main] INFO  server.BaseHttpServer (BaseHttpServer.java:updateConnectorAddress(215)) - HTTP server of HDDSDATANODE is listening at http://0.0.0.0:40673
2019-10-09 10:09:44,387 [main] INFO  impl.MetricsSystemImpl (MetricsSystemImpl.java:init(158)) - HddsDatanode metrics system started (again)
2019-10-09 10:09:44,406 [org.apache.hadoop.util.JvmPauseMonitor$Monitor@2ce43c63] INFO  util.JvmPauseMonitor (JvmPauseMonitor.java:run(188)) - Starting JVM pause monitor
2019-10-09 10:09:44,407 [main] INFO  ozone.HddsDatanodeService (HddsDatanodeService.java:start(184)) - HddsDatanodeService host:pr-hdds-2271-zcqt4-2554284801 ip:192.168.164.205
2019-10-09 10:09:44,407 [Datanode State Machine Thread - 0] INFO  datanode.InitDatanodeState (InitDatanodeState.java:persistContainerDatanodeDetails(140)) - DatanodeDetails is persisted to /workdir/hadoop-ozone/integration-test/target/test-dir/MiniOzoneClusterImpl-20a6b4b8-63e8-44f3-a607-747c573e7ecd/datanode-0/meta/datanode.id
2019-10-09 10:09:44,415 [main] INFO  volume.HddsVolume (HddsVolume.java:<init>(176)) - Creating Volume: /workdir/hadoop-ozone/integration-test/target/test-dir/MiniOzoneClusterImpl-20a6b4b8-63e8-44f3-a607-747c573e7ecd/datanode-1/data/containers/hdds of  storage type : DISK and capacity : 1482555576320
2019-10-09 10:09:44,416 [main] INFO  volume.VolumeSet (VolumeSet.java:initializeVolumeSet(170)) - Added Volume : /workdir/hadoop-ozone/integration-test/target/test-dir/MiniOzoneClusterImpl-20a6b4b8-63e8-44f3-a607-747c573e7ecd/datanode-1/data/containers/hdds to VolumeSet
2019-10-09 10:09:44,416 [main] INFO  volume.ThrottledAsyncChecker (ThrottledAsyncChecker.java:schedule(141)) - Scheduling a check for org.apache.hadoop.ozone.container.common.volume.HddsVolume@6c0b51da
2019-10-09 10:09:44,416 [main] INFO  volume.HddsVolumeChecker (HddsVolumeChecker.java:checkAllVolumes(204)) - Scheduled health check for volume org.apache.hadoop.ozone.container.common.volume.HddsVolume@6c0b51da
2019-10-09 10:09:44,432 [main] INFO  impl.RaftServerProxy (ConfUtils.java:logGet(43)) - raft.rpc.type = GRPC (default)
2019-10-09 10:09:44,432 [main] INFO  grpc.GrpcFactory (GrpcFactory.java:checkPooledByteBufAllocatorUseCacheForAllThreads(45)) - PERFORMANCE WARNING: useCacheForAllThreads is true that may cause Netty to create a lot garbage objects and, as a result, trigger GC.
	It is recommended to disable useCacheForAllThreads by setting -Dorg.apache.ratis.thirdparty.io.netty.allocator.useCacheForAllThreads=false in command line.
2019-10-09 10:09:44,432 [main] INFO  grpc.GrpcConfigKeys$Server (ConfUtils.java:logGet(43)) - raft.grpc.server.port = 0 (default)
2019-10-09 10:09:44,432 [main] INFO  server.GrpcService (ConfUtils.java:logGet(43)) - raft.grpc.message.size.max = 33570816 (custom)
2019-10-09 10:09:44,433 [main] INFO  server.RaftServerConfigKeys (ConfUtils.java:logGet(43)) - raft.server.log.appender.buffer.byte-limit = 33554432 (custom)
2019-10-09 10:09:44,433 [main] INFO  server.GrpcService (ConfUtils.java:logGet(43)) - raft.grpc.flow.control.window = 1MB (=1048576) (default)
2019-10-09 10:09:44,433 [main] INFO  server.RaftServerConfigKeys (ConfUtils.java:logGet(43)) - raft.server.rpc.request.timeout = 3000ms (default)
2019-10-09 10:09:44,433 [main] INFO  server.RaftServerConfigKeys (ConfUtils.java:logGet(43)) - raft.server.storage.dir = [/workdir/hadoop-ozone/integration-test/target/test-dir/MiniOzoneClusterImpl-20a6b4b8-63e8-44f3-a607-747c573e7ecd/datanode-1/data/ratis] (custom)
2019-10-09 10:09:44,435 [main] INFO  hdfs.DFSUtil (DFSUtil.java:httpServerTemplateForNNAndJN(1641)) - Starting Web-server for hddsDatanode at: http://0.0.0.0:0
2019-10-09 10:09:44,436 [main] INFO  server.AuthenticationFilter (AuthenticationFilter.java:constructSecretProvider(240)) - Unable to initialize FileSignerSecretProvider, falling back to use random secrets.
2019-10-09 10:09:44,436 [main] WARN  http.HttpRequestLog (HttpRequestLog.java:getRequestLog(97)) - Jetty request log can only be enabled using Log4j
2019-10-09 10:09:44,438 [main] INFO  http.HttpServer2 (HttpServer2.java:addGlobalFilter(975)) - Added global filter 'safety' (class=org.apache.hadoop.http.HttpServer2$QuotingInputFilter)
2019-10-09 10:09:44,438 [main] INFO  http.HttpServer2 (HttpServer2.java:addFilter(948)) - Added filter static_user_filter (class=org.apache.hadoop.http.lib.StaticUserWebFilter$StaticUserFilter) to context hddsDatanode
2019-10-09 10:09:44,438 [main] INFO  http.HttpServer2 (HttpServer2.java:addFilter(958)) - Added filter static_user_filter (class=org.apache.hadoop.http.lib.StaticUserWebFilter$StaticUserFilter) to context logs
2019-10-09 10:09:44,438 [main] INFO  http.HttpServer2 (HttpServer2.java:addFilter(958)) - Added filter static_user_filter (class=org.apache.hadoop.http.lib.StaticUserWebFilter$StaticUserFilter) to context static
2019-10-09 10:09:44,439 [main] INFO  http.HttpServer2 (HttpServer2.java:bindListener(1191)) - Jetty bound to port 43221
2019-10-09 10:09:44,439 [main] INFO  server.Server (Server.java:doStart(351)) - jetty-9.3.25.v20180904, build timestamp: 2018-09-04T21:11:46Z, git hash: 3ce520221d0240229c862b122d2b06c12a625732
2019-10-09 10:09:44,441 [main] INFO  handler.ContextHandler (ContextHandler.java:doStart(781)) - Started o.e.j.s.ServletContextHandler@2313db84{/logs,file:///workdir/hadoop-ozone/integration-test/target/log,AVAILABLE}
2019-10-09 10:09:44,441 [main] INFO  handler.ContextHandler (ContextHandler.java:doStart(781)) - Started o.e.j.s.ServletContextHandler@14b4340c{/static,jar:file:/home/user/.m2/repository/org/apache/hadoop/hadoop-hdds-container-service/0.5.0-SNAPSHOT/hadoop-hdds-container-service-0.5.0-SNAPSHOT.jar!/webapps/static,AVAILABLE}
2019-10-09 10:09:44,469 [main] INFO  handler.ContextHandler (ContextHandler.java:doStart(781)) - Started o.e.j.w.WebAppContext@723e3c17{/,file:///tmp/jetty-0.0.0.0-43221-hddsDatanode-_-any-8237017093934336761.dir/webapp/,AVAILABLE}{/hddsDatanode}
2019-10-09 10:09:44,470 [main] INFO  server.AbstractConnector (AbstractConnector.java:doStart(278)) - Started ServerConnector@4ffced4e{HTTP/1.1,[http/1.1]}{0.0.0.0:43221}
2019-10-09 10:09:44,473 [main] INFO  server.Server (Server.java:doStart(419)) - Started @230962ms
2019-10-09 10:09:44,473 [main] WARN  impl.MetricsSystemImpl (MetricsSystemImpl.java:register(276)) - Sink prometheus already exists!
2019-10-09 10:09:44,474 [main] INFO  server.BaseHttpServer (BaseHttpServer.java:updateConnectorAddress(215)) - HTTP server of HDDSDATANODE is listening at http://0.0.0.0:43221
2019-10-09 10:09:44,474 [main] INFO  impl.MetricsSystemImpl (MetricsSystemImpl.java:init(158)) - HddsDatanode metrics system started (again)
2019-10-09 10:09:44,496 [org.apache.hadoop.util.JvmPauseMonitor$Monitor@55699247] INFO  util.JvmPauseMonitor (JvmPauseMonitor.java:run(188)) - Starting JVM pause monitor
2019-10-09 10:09:44,497 [main] INFO  ozone.HddsDatanodeService (HddsDatanodeService.java:start(184)) - HddsDatanodeService host:pr-hdds-2271-zcqt4-2554284801 ip:192.168.164.205
2019-10-09 10:09:44,498 [Datanode State Machine Thread - 0] INFO  datanode.InitDatanodeState (InitDatanodeState.java:persistContainerDatanodeDetails(140)) - DatanodeDetails is persisted to /workdir/hadoop-ozone/integration-test/target/test-dir/MiniOzoneClusterImpl-20a6b4b8-63e8-44f3-a607-747c573e7ecd/datanode-1/meta/datanode.id
2019-10-09 10:09:44,506 [main] INFO  volume.HddsVolume (HddsVolume.java:<init>(176)) - Creating Volume: /workdir/hadoop-ozone/integration-test/target/test-dir/MiniOzoneClusterImpl-20a6b4b8-63e8-44f3-a607-747c573e7ecd/datanode-2/data/containers/hdds of  storage type : DISK and capacity : 1482555576320
2019-10-09 10:09:44,507 [main] INFO  volume.VolumeSet (VolumeSet.java:initializeVolumeSet(170)) - Added Volume : /workdir/hadoop-ozone/integration-test/target/test-dir/MiniOzoneClusterImpl-20a6b4b8-63e8-44f3-a607-747c573e7ecd/datanode-2/data/containers/hdds to VolumeSet
2019-10-09 10:09:44,507 [main] INFO  volume.ThrottledAsyncChecker (ThrottledAsyncChecker.java:schedule(141)) - Scheduling a check for org.apache.hadoop.ozone.container.common.volume.HddsVolume@6870cfac
2019-10-09 10:09:44,507 [main] INFO  volume.HddsVolumeChecker (HddsVolumeChecker.java:checkAllVolumes(204)) - Scheduled health check for volume org.apache.hadoop.ozone.container.common.volume.HddsVolume@6870cfac
2019-10-09 10:09:44,521 [main] INFO  impl.RaftServerProxy (ConfUtils.java:logGet(43)) - raft.rpc.type = GRPC (default)
2019-10-09 10:09:44,521 [main] INFO  grpc.GrpcFactory (GrpcFactory.java:checkPooledByteBufAllocatorUseCacheForAllThreads(45)) - PERFORMANCE WARNING: useCacheForAllThreads is true that may cause Netty to create a lot garbage objects and, as a result, trigger GC.
	It is recommended to disable useCacheForAllThreads by setting -Dorg.apache.ratis.thirdparty.io.netty.allocator.useCacheForAllThreads=false in command line.
2019-10-09 10:09:44,522 [main] INFO  grpc.GrpcConfigKeys$Server (ConfUtils.java:logGet(43)) - raft.grpc.server.port = 0 (default)
2019-10-09 10:09:44,522 [main] INFO  server.GrpcService (ConfUtils.java:logGet(43)) - raft.grpc.message.size.max = 33570816 (custom)
2019-10-09 10:09:44,522 [main] INFO  server.RaftServerConfigKeys (ConfUtils.java:logGet(43)) - raft.server.log.appender.buffer.byte-limit = 33554432 (custom)
2019-10-09 10:09:44,522 [main] INFO  server.GrpcService (ConfUtils.java:logGet(43)) - raft.grpc.flow.control.window = 1MB (=1048576) (default)
2019-10-09 10:09:44,522 [main] INFO  server.RaftServerConfigKeys (ConfUtils.java:logGet(43)) - raft.server.rpc.request.timeout = 3000ms (default)
2019-10-09 10:09:44,523 [main] INFO  server.RaftServerConfigKeys (ConfUtils.java:logGet(43)) - raft.server.storage.dir = [/workdir/hadoop-ozone/integration-test/target/test-dir/MiniOzoneClusterImpl-20a6b4b8-63e8-44f3-a607-747c573e7ecd/datanode-2/data/ratis] (custom)
2019-10-09 10:09:44,524 [main] INFO  hdfs.DFSUtil (DFSUtil.java:httpServerTemplateForNNAndJN(1641)) - Starting Web-server for hddsDatanode at: http://0.0.0.0:0
2019-10-09 10:09:44,525 [main] INFO  server.AuthenticationFilter (AuthenticationFilter.java:constructSecretProvider(240)) - Unable to initialize FileSignerSecretProvider, falling back to use random secrets.
2019-10-09 10:09:44,526 [main] WARN  http.HttpRequestLog (HttpRequestLog.java:getRequestLog(97)) - Jetty request log can only be enabled using Log4j
2019-10-09 10:09:44,527 [main] INFO  http.HttpServer2 (HttpServer2.java:addGlobalFilter(975)) - Added global filter 'safety' (class=org.apache.hadoop.http.HttpServer2$QuotingInputFilter)
2019-10-09 10:09:44,528 [main] INFO  http.HttpServer2 (HttpServer2.java:addFilter(948)) - Added filter static_user_filter (class=org.apache.hadoop.http.lib.StaticUserWebFilter$StaticUserFilter) to context hddsDatanode
2019-10-09 10:09:44,528 [main] INFO  http.HttpServer2 (HttpServer2.java:addFilter(958)) - Added filter static_user_filter (class=org.apache.hadoop.http.lib.StaticUserWebFilter$StaticUserFilter) to context logs
2019-10-09 10:09:44,528 [main] INFO  http.HttpServer2 (HttpServer2.java:addFilter(958)) - Added filter static_user_filter (class=org.apache.hadoop.http.lib.StaticUserWebFilter$StaticUserFilter) to context static
2019-10-09 10:09:44,528 [main] INFO  http.HttpServer2 (HttpServer2.java:bindListener(1191)) - Jetty bound to port 45581
2019-10-09 10:09:44,529 [main] INFO  server.Server (Server.java:doStart(351)) - jetty-9.3.25.v20180904, build timestamp: 2018-09-04T21:11:46Z, git hash: 3ce520221d0240229c862b122d2b06c12a625732
2019-10-09 10:09:44,530 [main] INFO  handler.ContextHandler (ContextHandler.java:doStart(781)) - Started o.e.j.s.ServletContextHandler@53314f76{/logs,file:///workdir/hadoop-ozone/integration-test/target/log,AVAILABLE}
2019-10-09 10:09:44,531 [main] INFO  handler.ContextHandler (ContextHandler.java:doStart(781)) - Started o.e.j.s.ServletContextHandler@70881123{/static,jar:file:/home/user/.m2/repository/org/apache/hadoop/hadoop-hdds-container-service/0.5.0-SNAPSHOT/hadoop-hdds-container-service-0.5.0-SNAPSHOT.jar!/webapps/static,AVAILABLE}
2019-10-09 10:09:44,559 [main] INFO  handler.ContextHandler (ContextHandler.java:doStart(781)) - Started o.e.j.w.WebAppContext@55877274{/,file:///tmp/jetty-0.0.0.0-45581-hddsDatanode-_-any-93923520578595653.dir/webapp/,AVAILABLE}{/hddsDatanode}
2019-10-09 10:09:44,559 [main] INFO  server.AbstractConnector (AbstractConnector.java:doStart(278)) - Started ServerConnector@723e2d08{HTTP/1.1,[http/1.1]}{0.0.0.0:45581}
2019-10-09 10:09:44,562 [main] INFO  server.Server (Server.java:doStart(419)) - Started @231051ms
2019-10-09 10:09:44,562 [main] WARN  impl.MetricsSystemImpl (MetricsSystemImpl.java:register(276)) - Sink prometheus already exists!
2019-10-09 10:09:44,563 [main] INFO  server.BaseHttpServer (BaseHttpServer.java:updateConnectorAddress(215)) - HTTP server of HDDSDATANODE is listening at http://0.0.0.0:45581
2019-10-09 10:09:44,563 [main] INFO  impl.MetricsSystemImpl (MetricsSystemImpl.java:init(158)) - HddsDatanode metrics system started (again)
2019-10-09 10:09:44,584 [org.apache.hadoop.util.JvmPauseMonitor$Monitor@4678473f] INFO  util.JvmPauseMonitor (JvmPauseMonitor.java:run(188)) - Starting JVM pause monitor
2019-10-09 10:09:44,585 [Datanode State Machine Thread - 0] INFO  datanode.InitDatanodeState (InitDatanodeState.java:persistContainerDatanodeDetails(140)) - DatanodeDetails is persisted to /workdir/hadoop-ozone/integration-test/target/test-dir/MiniOzoneClusterImpl-20a6b4b8-63e8-44f3-a607-747c573e7ecd/datanode-2/meta/datanode.id
2019-10-09 10:09:44,585 [main] INFO  ozone.HddsDatanodeService (HddsDatanodeService.java:start(184)) - HddsDatanodeService host:pr-hdds-2271-zcqt4-2554284801 ip:192.168.164.205
2019-10-09 10:09:44,595 [main] INFO  volume.HddsVolume (HddsVolume.java:<init>(176)) - Creating Volume: /workdir/hadoop-ozone/integration-test/target/test-dir/MiniOzoneClusterImpl-20a6b4b8-63e8-44f3-a607-747c573e7ecd/datanode-3/data/containers/hdds of  storage type : DISK and capacity : 1482555576320
2019-10-09 10:09:44,595 [main] INFO  volume.VolumeSet (VolumeSet.java:initializeVolumeSet(170)) - Added Volume : /workdir/hadoop-ozone/integration-test/target/test-dir/MiniOzoneClusterImpl-20a6b4b8-63e8-44f3-a607-747c573e7ecd/datanode-3/data/containers/hdds to VolumeSet
2019-10-09 10:09:44,596 [main] INFO  volume.ThrottledAsyncChecker (ThrottledAsyncChecker.java:schedule(141)) - Scheduling a check for org.apache.hadoop.ozone.container.common.volume.HddsVolume@448462f0
2019-10-09 10:09:44,596 [main] INFO  volume.HddsVolumeChecker (HddsVolumeChecker.java:checkAllVolumes(204)) - Scheduled health check for volume org.apache.hadoop.ozone.container.common.volume.HddsVolume@448462f0
2019-10-09 10:09:44,611 [main] INFO  impl.RaftServerProxy (ConfUtils.java:logGet(43)) - raft.rpc.type = GRPC (default)
2019-10-09 10:09:44,611 [main] INFO  grpc.GrpcFactory (GrpcFactory.java:checkPooledByteBufAllocatorUseCacheForAllThreads(45)) - PERFORMANCE WARNING: useCacheForAllThreads is true that may cause Netty to create a lot garbage objects and, as a result, trigger GC.
	It is recommended to disable useCacheForAllThreads by setting -Dorg.apache.ratis.thirdparty.io.netty.allocator.useCacheForAllThreads=false in command line.
2019-10-09 10:09:44,611 [main] INFO  grpc.GrpcConfigKeys$Server (ConfUtils.java:logGet(43)) - raft.grpc.server.port = 0 (default)
2019-10-09 10:09:44,612 [main] INFO  server.GrpcService (ConfUtils.java:logGet(43)) - raft.grpc.message.size.max = 33570816 (custom)
2019-10-09 10:09:44,612 [main] INFO  server.RaftServerConfigKeys (ConfUtils.java:logGet(43)) - raft.server.log.appender.buffer.byte-limit = 33554432 (custom)
2019-10-09 10:09:44,612 [main] INFO  server.GrpcService (ConfUtils.java:logGet(43)) - raft.grpc.flow.control.window = 1MB (=1048576) (default)
2019-10-09 10:09:44,612 [main] INFO  server.RaftServerConfigKeys (ConfUtils.java:logGet(43)) - raft.server.rpc.request.timeout = 3000ms (default)
2019-10-09 10:09:44,612 [main] INFO  server.RaftServerConfigKeys (ConfUtils.java:logGet(43)) - raft.server.storage.dir = [/workdir/hadoop-ozone/integration-test/target/test-dir/MiniOzoneClusterImpl-20a6b4b8-63e8-44f3-a607-747c573e7ecd/datanode-3/data/ratis] (custom)
2019-10-09 10:09:44,614 [main] INFO  hdfs.DFSUtil (DFSUtil.java:httpServerTemplateForNNAndJN(1641)) - Starting Web-server for hddsDatanode at: http://0.0.0.0:0
2019-10-09 10:09:44,615 [main] INFO  server.AuthenticationFilter (AuthenticationFilter.java:constructSecretProvider(240)) - Unable to initialize FileSignerSecretProvider, falling back to use random secrets.
2019-10-09 10:09:44,615 [main] WARN  http.HttpRequestLog (HttpRequestLog.java:getRequestLog(97)) - Jetty request log can only be enabled using Log4j
2019-10-09 10:09:44,616 [main] INFO  http.HttpServer2 (HttpServer2.java:addGlobalFilter(975)) - Added global filter 'safety' (class=org.apache.hadoop.http.HttpServer2$QuotingInputFilter)
2019-10-09 10:09:44,617 [main] INFO  http.HttpServer2 (HttpServer2.java:addFilter(948)) - Added filter static_user_filter (class=org.apache.hadoop.http.lib.StaticUserWebFilter$StaticUserFilter) to context hddsDatanode
2019-10-09 10:09:44,617 [main] INFO  http.HttpServer2 (HttpServer2.java:addFilter(958)) - Added filter static_user_filter (class=org.apache.hadoop.http.lib.StaticUserWebFilter$StaticUserFilter) to context static
2019-10-09 10:09:44,617 [main] INFO  http.HttpServer2 (HttpServer2.java:addFilter(958)) - Added filter static_user_filter (class=org.apache.hadoop.http.lib.StaticUserWebFilter$StaticUserFilter) to context logs
2019-10-09 10:09:44,618 [main] INFO  http.HttpServer2 (HttpServer2.java:bindListener(1191)) - Jetty bound to port 44117
2019-10-09 10:09:44,618 [main] INFO  server.Server (Server.java:doStart(351)) - jetty-9.3.25.v20180904, build timestamp: 2018-09-04T21:11:46Z, git hash: 3ce520221d0240229c862b122d2b06c12a625732
2019-10-09 10:09:44,620 [main] INFO  handler.ContextHandler (ContextHandler.java:doStart(781)) - Started o.e.j.s.ServletContextHandler@544e3679{/logs,file:///workdir/hadoop-ozone/integration-test/target/log,AVAILABLE}
2019-10-09 10:09:44,620 [main] INFO  handler.ContextHandler (ContextHandler.java:doStart(781)) - Started o.e.j.s.ServletContextHandler@231b35fb{/static,jar:file:/home/user/.m2/repository/org/apache/hadoop/hadoop-hdds-container-service/0.5.0-SNAPSHOT/hadoop-hdds-container-service-0.5.0-SNAPSHOT.jar!/webapps/static,AVAILABLE}
2019-10-09 10:09:44,649 [main] INFO  handler.ContextHandler (ContextHandler.java:doStart(781)) - Started o.e.j.w.WebAppContext@43c7fe8a{/,file:///tmp/jetty-0.0.0.0-44117-hddsDatanode-_-any-4272652780839826545.dir/webapp/,AVAILABLE}{/hddsDatanode}
2019-10-09 10:09:44,649 [main] INFO  server.AbstractConnector (AbstractConnector.java:doStart(278)) - Started ServerConnector@67f946c3{HTTP/1.1,[http/1.1]}{0.0.0.0:44117}
2019-10-09 10:09:44,653 [main] INFO  server.Server (Server.java:doStart(419)) - Started @231142ms
2019-10-09 10:09:44,653 [main] WARN  impl.MetricsSystemImpl (MetricsSystemImpl.java:register(276)) - Sink prometheus already exists!
2019-10-09 10:09:44,654 [main] INFO  server.BaseHttpServer (BaseHttpServer.java:updateConnectorAddress(215)) - HTTP server of HDDSDATANODE is listening at http://0.0.0.0:44117
2019-10-09 10:09:44,654 [main] INFO  impl.MetricsSystemImpl (MetricsSystemImpl.java:init(158)) - HddsDatanode metrics system started (again)
2019-10-09 10:09:44,676 [org.apache.hadoop.util.JvmPauseMonitor$Monitor@706e21b2] INFO  util.JvmPauseMonitor (JvmPauseMonitor.java:run(188)) - Starting JVM pause monitor
2019-10-09 10:09:44,678 [Datanode State Machine Thread - 0] INFO  datanode.InitDatanodeState (InitDatanodeState.java:persistContainerDatanodeDetails(140)) - DatanodeDetails is persisted to /workdir/hadoop-ozone/integration-test/target/test-dir/MiniOzoneClusterImpl-20a6b4b8-63e8-44f3-a607-747c573e7ecd/datanode-3/meta/datanode.id
2019-10-09 10:09:44,678 [main] INFO  ozone.HddsDatanodeService (HddsDatanodeService.java:start(184)) - HddsDatanodeService host:pr-hdds-2271-zcqt4-2554284801 ip:192.168.164.205
2019-10-09 10:09:44,688 [main] INFO  volume.HddsVolume (HddsVolume.java:<init>(176)) - Creating Volume: /workdir/hadoop-ozone/integration-test/target/test-dir/MiniOzoneClusterImpl-20a6b4b8-63e8-44f3-a607-747c573e7ecd/datanode-4/data/containers/hdds of  storage type : DISK and capacity : 1482555576320
2019-10-09 10:09:44,688 [main] INFO  volume.VolumeSet (VolumeSet.java:initializeVolumeSet(170)) - Added Volume : /workdir/hadoop-ozone/integration-test/target/test-dir/MiniOzoneClusterImpl-20a6b4b8-63e8-44f3-a607-747c573e7ecd/datanode-4/data/containers/hdds to VolumeSet
2019-10-09 10:09:44,689 [main] INFO  volume.ThrottledAsyncChecker (ThrottledAsyncChecker.java:schedule(141)) - Scheduling a check for org.apache.hadoop.ozone.container.common.volume.HddsVolume@7a66c35a
2019-10-09 10:09:44,689 [main] INFO  volume.HddsVolumeChecker (HddsVolumeChecker.java:checkAllVolumes(204)) - Scheduled health check for volume org.apache.hadoop.ozone.container.common.volume.HddsVolume@7a66c35a
2019-10-09 10:09:44,705 [main] INFO  impl.RaftServerProxy (ConfUtils.java:logGet(43)) - raft.rpc.type = GRPC (default)
2019-10-09 10:09:44,705 [main] INFO  grpc.GrpcFactory (GrpcFactory.java:checkPooledByteBufAllocatorUseCacheForAllThreads(45)) - PERFORMANCE WARNING: useCacheForAllThreads is true that may cause Netty to create a lot garbage objects and, as a result, trigger GC.
	It is recommended to disable useCacheForAllThreads by setting -Dorg.apache.ratis.thirdparty.io.netty.allocator.useCacheForAllThreads=false in command line.
2019-10-09 10:09:44,705 [main] INFO  grpc.GrpcConfigKeys$Server (ConfUtils.java:logGet(43)) - raft.grpc.server.port = 0 (default)
2019-10-09 10:09:44,706 [main] INFO  server.GrpcService (ConfUtils.java:logGet(43)) - raft.grpc.message.size.max = 33570816 (custom)
2019-10-09 10:09:44,706 [main] INFO  server.RaftServerConfigKeys (ConfUtils.java:logGet(43)) - raft.server.log.appender.buffer.byte-limit = 33554432 (custom)
2019-10-09 10:09:44,706 [main] INFO  server.GrpcService (ConfUtils.java:logGet(43)) - raft.grpc.flow.control.window = 1MB (=1048576) (default)
2019-10-09 10:09:44,706 [main] INFO  server.RaftServerConfigKeys (ConfUtils.java:logGet(43)) - raft.server.rpc.request.timeout = 3000ms (default)
2019-10-09 10:09:44,707 [main] INFO  server.RaftServerConfigKeys (ConfUtils.java:logGet(43)) - raft.server.storage.dir = [/workdir/hadoop-ozone/integration-test/target/test-dir/MiniOzoneClusterImpl-20a6b4b8-63e8-44f3-a607-747c573e7ecd/datanode-4/data/ratis] (custom)
2019-10-09 10:09:44,708 [main] INFO  hdfs.DFSUtil (DFSUtil.java:httpServerTemplateForNNAndJN(1641)) - Starting Web-server for hddsDatanode at: http://0.0.0.0:0
2019-10-09 10:09:44,709 [main] INFO  server.AuthenticationFilter (AuthenticationFilter.java:constructSecretProvider(240)) - Unable to initialize FileSignerSecretProvider, falling back to use random secrets.
2019-10-09 10:09:44,710 [main] WARN  http.HttpRequestLog (HttpRequestLog.java:getRequestLog(97)) - Jetty request log can only be enabled using Log4j
2019-10-09 10:09:44,712 [main] INFO  http.HttpServer2 (HttpServer2.java:addGlobalFilter(975)) - Added global filter 'safety' (class=org.apache.hadoop.http.HttpServer2$QuotingInputFilter)
2019-10-09 10:09:44,712 [main] INFO  http.HttpServer2 (HttpServer2.java:addFilter(948)) - Added filter static_user_filter (class=org.apache.hadoop.http.lib.StaticUserWebFilter$StaticUserFilter) to context hddsDatanode
2019-10-09 10:09:44,713 [main] INFO  http.HttpServer2 (HttpServer2.java:addFilter(958)) - Added filter static_user_filter (class=org.apache.hadoop.http.lib.StaticUserWebFilter$StaticUserFilter) to context logs
2019-10-09 10:09:44,713 [main] INFO  http.HttpServer2 (HttpServer2.java:addFilter(958)) - Added filter static_user_filter (class=org.apache.hadoop.http.lib.StaticUserWebFilter$StaticUserFilter) to context static
2019-10-09 10:09:44,713 [main] INFO  http.HttpServer2 (HttpServer2.java:bindListener(1191)) - Jetty bound to port 37542
2019-10-09 10:09:44,714 [main] INFO  server.Server (Server.java:doStart(351)) - jetty-9.3.25.v20180904, build timestamp: 2018-09-04T21:11:46Z, git hash: 3ce520221d0240229c862b122d2b06c12a625732
2019-10-09 10:09:44,715 [main] INFO  handler.ContextHandler (ContextHandler.java:doStart(781)) - Started o.e.j.s.ServletContextHandler@62f9c790{/logs,file:///workdir/hadoop-ozone/integration-test/target/log,AVAILABLE}
2019-10-09 10:09:44,716 [main] INFO  handler.ContextHandler (ContextHandler.java:doStart(781)) - Started o.e.j.s.ServletContextHandler@93bf0e0{/static,jar:file:/home/user/.m2/repository/org/apache/hadoop/hadoop-hdds-container-service/0.5.0-SNAPSHOT/hadoop-hdds-container-service-0.5.0-SNAPSHOT.jar!/webapps/static,AVAILABLE}
2019-10-09 10:09:44,756 [main] INFO  handler.ContextHandler (ContextHandler.java:doStart(781)) - Started o.e.j.w.WebAppContext@71d55b7e{/,file:///tmp/jetty-0.0.0.0-37542-hddsDatanode-_-any-86027346969380249.dir/webapp/,AVAILABLE}{/hddsDatanode}
2019-10-09 10:09:44,756 [main] INFO  server.AbstractConnector (AbstractConnector.java:doStart(278)) - Started ServerConnector@2997ddfc{HTTP/1.1,[http/1.1]}{0.0.0.0:37542}
2019-10-09 10:09:44,760 [main] INFO  server.Server (Server.java:doStart(419)) - Started @231249ms
2019-10-09 10:09:44,760 [main] WARN  impl.MetricsSystemImpl (MetricsSystemImpl.java:register(276)) - Sink prometheus already exists!
2019-10-09 10:09:44,761 [main] INFO  server.BaseHttpServer (BaseHttpServer.java:updateConnectorAddress(215)) - HTTP server of HDDSDATANODE is listening at http://0.0.0.0:37542
2019-10-09 10:09:44,761 [main] INFO  impl.MetricsSystemImpl (MetricsSystemImpl.java:init(158)) - HddsDatanode metrics system started (again)
2019-10-09 10:09:44,768 [grpc-default-executor-4] WARN  server.GrpcLogAppender (LogUtils.java:warn(134)) - ab022857-e651-46e0-9452-78f2a1d93581@group-8FCD5B1B9009->ea48651f-a535-41b5-a19b-b8cecb9d11ac-AppendLogResponseHandler: Failed appendEntries: org.apache.ratis.thirdparty.io.grpc.StatusRuntimeException: UNAVAILABLE: io exception
2019-10-09 10:09:44,768 [grpc-default-executor-6] WARN  server.GrpcLogAppender (LogUtils.java:warn(134)) - ab022857-e651-46e0-9452-78f2a1d93581@group-8FCD5B1B9009->5f603e7f-c5d0-429b-bdae-ead04b90af02-AppendLogResponseHandler: Failed appendEntries: org.apache.ratis.thirdparty.io.grpc.StatusRuntimeException: UNAVAILABLE: io exception
2019-10-09 10:09:44,768 [grpc-default-executor-4] INFO  impl.FollowerInfo (FollowerInfo.java:lambda$new$0(51)) - ab022857-e651-46e0-9452-78f2a1d93581@group-8FCD5B1B9009->ea48651f-a535-41b5-a19b-b8cecb9d11ac: nextIndex: updateUnconditionally 0 -> 0
2019-10-09 10:09:44,769 [grpc-default-executor-6] INFO  impl.FollowerInfo (FollowerInfo.java:lambda$new$0(51)) - ab022857-e651-46e0-9452-78f2a1d93581@group-8FCD5B1B9009->5f603e7f-c5d0-429b-bdae-ead04b90af02: nextIndex: updateUnconditionally 0 -> 0
2019-10-09 10:09:44,786 [org.apache.hadoop.util.JvmPauseMonitor$Monitor@11875dd5] INFO  util.JvmPauseMonitor (JvmPauseMonitor.java:run(188)) - Starting JVM pause monitor
2019-10-09 10:09:44,787 [main] INFO  ozone.HddsDatanodeService (HddsDatanodeService.java:start(184)) - HddsDatanodeService host:pr-hdds-2271-zcqt4-2554284801 ip:192.168.164.205
2019-10-09 10:09:44,787 [Datanode State Machine Thread - 0] INFO  datanode.InitDatanodeState (InitDatanodeState.java:persistContainerDatanodeDetails(140)) - DatanodeDetails is persisted to /workdir/hadoop-ozone/integration-test/target/test-dir/MiniOzoneClusterImpl-20a6b4b8-63e8-44f3-a607-747c573e7ecd/datanode-4/meta/datanode.id
2019-10-09 10:09:44,797 [main] INFO  volume.HddsVolume (HddsVolume.java:<init>(176)) - Creating Volume: /workdir/hadoop-ozone/integration-test/target/test-dir/MiniOzoneClusterImpl-20a6b4b8-63e8-44f3-a607-747c573e7ecd/datanode-5/data/containers/hdds of  storage type : DISK and capacity : 1482555576320
2019-10-09 10:09:44,797 [main] INFO  volume.VolumeSet (VolumeSet.java:initializeVolumeSet(170)) - Added Volume : /workdir/hadoop-ozone/integration-test/target/test-dir/MiniOzoneClusterImpl-20a6b4b8-63e8-44f3-a607-747c573e7ecd/datanode-5/data/containers/hdds to VolumeSet
2019-10-09 10:09:44,797 [main] INFO  volume.ThrottledAsyncChecker (ThrottledAsyncChecker.java:schedule(141)) - Scheduling a check for org.apache.hadoop.ozone.container.common.volume.HddsVolume@5ea7bc4
2019-10-09 10:09:44,798 [main] INFO  volume.HddsVolumeChecker (HddsVolumeChecker.java:checkAllVolumes(204)) - Scheduled health check for volume org.apache.hadoop.ozone.container.common.volume.HddsVolume@5ea7bc4
2019-10-09 10:09:44,814 [main] INFO  impl.RaftServerProxy (ConfUtils.java:logGet(43)) - raft.rpc.type = GRPC (default)
2019-10-09 10:09:44,815 [main] INFO  grpc.GrpcFactory (GrpcFactory.java:checkPooledByteBufAllocatorUseCacheForAllThreads(45)) - PERFORMANCE WARNING: useCacheForAllThreads is true that may cause Netty to create a lot garbage objects and, as a result, trigger GC.
	It is recommended to disable useCacheForAllThreads by setting -Dorg.apache.ratis.thirdparty.io.netty.allocator.useCacheForAllThreads=false in command line.
2019-10-09 10:09:44,815 [main] INFO  grpc.GrpcConfigKeys$Server (ConfUtils.java:logGet(43)) - raft.grpc.server.port = 0 (default)
2019-10-09 10:09:44,815 [main] INFO  server.GrpcService (ConfUtils.java:logGet(43)) - raft.grpc.message.size.max = 33570816 (custom)
2019-10-09 10:09:44,815 [main] INFO  server.RaftServerConfigKeys (ConfUtils.java:logGet(43)) - raft.server.log.appender.buffer.byte-limit = 33554432 (custom)
2019-10-09 10:09:44,815 [main] INFO  server.GrpcService (ConfUtils.java:logGet(43)) - raft.grpc.flow.control.window = 1MB (=1048576) (default)
2019-10-09 10:09:44,815 [main] INFO  server.RaftServerConfigKeys (ConfUtils.java:logGet(43)) - raft.server.rpc.request.timeout = 3000ms (default)
2019-10-09 10:09:44,816 [main] INFO  server.RaftServerConfigKeys (ConfUtils.java:logGet(43)) - raft.server.storage.dir = [/workdir/hadoop-ozone/integration-test/target/test-dir/MiniOzoneClusterImpl-20a6b4b8-63e8-44f3-a607-747c573e7ecd/datanode-5/data/ratis] (custom)
2019-10-09 10:09:44,817 [main] INFO  hdfs.DFSUtil (DFSUtil.java:httpServerTemplateForNNAndJN(1641)) - Starting Web-server for hddsDatanode at: http://0.0.0.0:0
2019-10-09 10:09:44,819 [main] INFO  server.AuthenticationFilter (AuthenticationFilter.java:constructSecretProvider(240)) - Unable to initialize FileSignerSecretProvider, falling back to use random secrets.
2019-10-09 10:09:44,819 [main] WARN  http.HttpRequestLog (HttpRequestLog.java:getRequestLog(97)) - Jetty request log can only be enabled using Log4j
2019-10-09 10:09:44,821 [main] INFO  http.HttpServer2 (HttpServer2.java:addGlobalFilter(975)) - Added global filter 'safety' (class=org.apache.hadoop.http.HttpServer2$QuotingInputFilter)
2019-10-09 10:09:44,821 [main] INFO  http.HttpServer2 (HttpServer2.java:addFilter(948)) - Added filter static_user_filter (class=org.apache.hadoop.http.lib.StaticUserWebFilter$StaticUserFilter) to context hddsDatanode
2019-10-09 10:09:44,821 [main] INFO  http.HttpServer2 (HttpServer2.java:addFilter(958)) - Added filter static_user_filter (class=org.apache.hadoop.http.lib.StaticUserWebFilter$StaticUserFilter) to context logs
2019-10-09 10:09:44,822 [main] INFO  http.HttpServer2 (HttpServer2.java:addFilter(958)) - Added filter static_user_filter (class=org.apache.hadoop.http.lib.StaticUserWebFilter$StaticUserFilter) to context static
2019-10-09 10:09:44,822 [main] INFO  http.HttpServer2 (HttpServer2.java:bindListener(1191)) - Jetty bound to port 35748
2019-10-09 10:09:44,823 [main] INFO  server.Server (Server.java:doStart(351)) - jetty-9.3.25.v20180904, build timestamp: 2018-09-04T21:11:46Z, git hash: 3ce520221d0240229c862b122d2b06c12a625732
2019-10-09 10:09:44,824 [main] INFO  handler.ContextHandler (ContextHandler.java:doStart(781)) - Started o.e.j.s.ServletContextHandler@120aa40b{/logs,file:///workdir/hadoop-ozone/integration-test/target/log,AVAILABLE}
2019-10-09 10:09:44,825 [main] INFO  handler.ContextHandler (ContextHandler.java:doStart(781)) - Started o.e.j.s.ServletContextHandler@6ad6443{/static,jar:file:/home/user/.m2/repository/org/apache/hadoop/hadoop-hdds-container-service/0.5.0-SNAPSHOT/hadoop-hdds-container-service-0.5.0-SNAPSHOT.jar!/webapps/static,AVAILABLE}
2019-10-09 10:09:44,866 [main] INFO  handler.ContextHandler (ContextHandler.java:doStart(781)) - Started o.e.j.w.WebAppContext@74a820bf{/,file:///tmp/jetty-0.0.0.0-35748-hddsDatanode-_-any-6750838368672780713.dir/webapp/,AVAILABLE}{/hddsDatanode}
2019-10-09 10:09:44,866 [main] INFO  server.AbstractConnector (AbstractConnector.java:doStart(278)) - Started ServerConnector@5a30722c{HTTP/1.1,[http/1.1]}{0.0.0.0:35748}
2019-10-09 10:09:44,870 [main] INFO  server.Server (Server.java:doStart(419)) - Started @231359ms
2019-10-09 10:09:44,870 [main] WARN  impl.MetricsSystemImpl (MetricsSystemImpl.java:register(276)) - Sink prometheus already exists!
2019-10-09 10:09:44,871 [main] INFO  server.BaseHttpServer (BaseHttpServer.java:updateConnectorAddress(215)) - HTTP server of HDDSDATANODE is listening at http://0.0.0.0:35748
2019-10-09 10:09:44,871 [main] INFO  impl.MetricsSystemImpl (MetricsSystemImpl.java:init(158)) - HddsDatanode metrics system started (again)
2019-10-09 10:09:44,898 [org.apache.hadoop.util.JvmPauseMonitor$Monitor@8f6ada9] INFO  util.JvmPauseMonitor (JvmPauseMonitor.java:run(188)) - Starting JVM pause monitor
2019-10-09 10:09:44,900 [main] INFO  ozone.HddsDatanodeService (HddsDatanodeService.java:start(184)) - HddsDatanodeService host:pr-hdds-2271-zcqt4-2554284801 ip:192.168.164.205
2019-10-09 10:09:44,901 [Datanode State Machine Thread - 0] INFO  datanode.InitDatanodeState (InitDatanodeState.java:persistContainerDatanodeDetails(140)) - DatanodeDetails is persisted to /workdir/hadoop-ozone/integration-test/target/test-dir/MiniOzoneClusterImpl-20a6b4b8-63e8-44f3-a607-747c573e7ecd/datanode-5/meta/datanode.id
2019-10-09 10:09:44,911 [main] INFO  volume.HddsVolume (HddsVolume.java:<init>(176)) - Creating Volume: /workdir/hadoop-ozone/integration-test/target/test-dir/MiniOzoneClusterImpl-20a6b4b8-63e8-44f3-a607-747c573e7ecd/datanode-6/data/containers/hdds of  storage type : DISK and capacity : 1482555576320
2019-10-09 10:09:44,912 [main] INFO  volume.VolumeSet (VolumeSet.java:initializeVolumeSet(170)) - Added Volume : /workdir/hadoop-ozone/integration-test/target/test-dir/MiniOzoneClusterImpl-20a6b4b8-63e8-44f3-a607-747c573e7ecd/datanode-6/data/containers/hdds to VolumeSet
2019-10-09 10:09:44,912 [main] INFO  volume.ThrottledAsyncChecker (ThrottledAsyncChecker.java:schedule(141)) - Scheduling a check for org.apache.hadoop.ozone.container.common.volume.HddsVolume@50cdfafa
2019-10-09 10:09:44,912 [main] INFO  volume.HddsVolumeChecker (HddsVolumeChecker.java:checkAllVolumes(204)) - Scheduled health check for volume org.apache.hadoop.ozone.container.common.volume.HddsVolume@50cdfafa
2019-10-09 10:09:44,928 [main] INFO  impl.RaftServerProxy (ConfUtils.java:logGet(43)) - raft.rpc.type = GRPC (default)
2019-10-09 10:09:44,928 [main] INFO  grpc.GrpcFactory (GrpcFactory.java:checkPooledByteBufAllocatorUseCacheForAllThreads(45)) - PERFORMANCE WARNING: useCacheForAllThreads is true that may cause Netty to create a lot garbage objects and, as a result, trigger GC.
	It is recommended to disable useCacheForAllThreads by setting -Dorg.apache.ratis.thirdparty.io.netty.allocator.useCacheForAllThreads=false in command line.
2019-10-09 10:09:44,928 [main] INFO  grpc.GrpcConfigKeys$Server (ConfUtils.java:logGet(43)) - raft.grpc.server.port = 0 (default)
2019-10-09 10:09:44,928 [main] INFO  server.GrpcService (ConfUtils.java:logGet(43)) - raft.grpc.message.size.max = 33570816 (custom)
2019-10-09 10:09:44,929 [main] INFO  server.RaftServerConfigKeys (ConfUtils.java:logGet(43)) - raft.server.log.appender.buffer.byte-limit = 33554432 (custom)
2019-10-09 10:09:44,929 [main] INFO  server.GrpcService (ConfUtils.java:logGet(43)) - raft.grpc.flow.control.window = 1MB (=1048576) (default)
2019-10-09 10:09:44,929 [main] INFO  server.RaftServerConfigKeys (ConfUtils.java:logGet(43)) - raft.server.rpc.request.timeout = 3000ms (default)
2019-10-09 10:09:44,930 [main] INFO  server.RaftServerConfigKeys (ConfUtils.java:logGet(43)) - raft.server.storage.dir = [/workdir/hadoop-ozone/integration-test/target/test-dir/MiniOzoneClusterImpl-20a6b4b8-63e8-44f3-a607-747c573e7ecd/datanode-6/data/ratis] (custom)
2019-10-09 10:09:44,931 [main] INFO  hdfs.DFSUtil (DFSUtil.java:httpServerTemplateForNNAndJN(1641)) - Starting Web-server for hddsDatanode at: http://0.0.0.0:0
2019-10-09 10:09:44,932 [main] INFO  server.AuthenticationFilter (AuthenticationFilter.java:constructSecretProvider(240)) - Unable to initialize FileSignerSecretProvider, falling back to use random secrets.
2019-10-09 10:09:44,933 [main] WARN  http.HttpRequestLog (HttpRequestLog.java:getRequestLog(97)) - Jetty request log can only be enabled using Log4j
2019-10-09 10:09:44,934 [main] INFO  http.HttpServer2 (HttpServer2.java:addGlobalFilter(975)) - Added global filter 'safety' (class=org.apache.hadoop.http.HttpServer2$QuotingInputFilter)
2019-10-09 10:09:44,935 [main] INFO  http.HttpServer2 (HttpServer2.java:addFilter(948)) - Added filter static_user_filter (class=org.apache.hadoop.http.lib.StaticUserWebFilter$StaticUserFilter) to context hddsDatanode
2019-10-09 10:09:44,935 [main] INFO  http.HttpServer2 (HttpServer2.java:addFilter(958)) - Added filter static_user_filter (class=org.apache.hadoop.http.lib.StaticUserWebFilter$StaticUserFilter) to context static
2019-10-09 10:09:44,935 [main] INFO  http.HttpServer2 (HttpServer2.java:addFilter(958)) - Added filter static_user_filter (class=org.apache.hadoop.http.lib.StaticUserWebFilter$StaticUserFilter) to context logs
2019-10-09 10:09:44,936 [main] INFO  http.HttpServer2 (HttpServer2.java:bindListener(1191)) - Jetty bound to port 32877
2019-10-09 10:09:44,936 [main] INFO  server.Server (Server.java:doStart(351)) - jetty-9.3.25.v20180904, build timestamp: 2018-09-04T21:11:46Z, git hash: 3ce520221d0240229c862b122d2b06c12a625732
2019-10-09 10:09:44,938 [main] INFO  handler.ContextHandler (ContextHandler.java:doStart(781)) - Started o.e.j.s.ServletContextHandler@3b5a19ed{/logs,file:///workdir/hadoop-ozone/integration-test/target/log,AVAILABLE}
2019-10-09 10:09:44,939 [main] INFO  handler.ContextHandler (ContextHandler.java:doStart(781)) - Started o.e.j.s.ServletContextHandler@6b9c42bd{/static,jar:file:/home/user/.m2/repository/org/apache/hadoop/hadoop-hdds-container-service/0.5.0-SNAPSHOT/hadoop-hdds-container-service-0.5.0-SNAPSHOT.jar!/webapps/static,AVAILABLE}
2019-10-09 10:09:44,975 [main] INFO  handler.ContextHandler (ContextHandler.java:doStart(781)) - Started o.e.j.w.WebAppContext@d8835af{/,file:///tmp/jetty-0.0.0.0-32877-hddsDatanode-_-any-959846831598134637.dir/webapp/,AVAILABLE}{/hddsDatanode}
2019-10-09 10:09:44,975 [main] INFO  server.AbstractConnector (AbstractConnector.java:doStart(278)) - Started ServerConnector@16681017{HTTP/1.1,[http/1.1]}{0.0.0.0:32877}
2019-10-09 10:09:44,978 [main] INFO  server.Server (Server.java:doStart(419)) - Started @231467ms
2019-10-09 10:09:44,978 [main] WARN  impl.MetricsSystemImpl (MetricsSystemImpl.java:register(276)) - Sink prometheus already exists!
2019-10-09 10:09:44,979 [main] INFO  server.BaseHttpServer (BaseHttpServer.java:updateConnectorAddress(215)) - HTTP server of HDDSDATANODE is listening at http://0.0.0.0:32877
2019-10-09 10:09:44,979 [main] INFO  ozone.MiniOzoneClusterImpl (MiniOzoneClusterImpl.java:lambda$waitForClusterToBeReady$0(147)) - Waiting for cluster to be ready. Got 0 of 7 DN Heartbeats.
2019-10-09 10:09:44,981 [org.apache.hadoop.util.JvmPauseMonitor$Monitor@51e5736c] INFO  util.JvmPauseMonitor (JvmPauseMonitor.java:run(188)) - Starting JVM pause monitor
2019-10-09 10:09:44,982 [Datanode State Machine Thread - 0] INFO  datanode.InitDatanodeState (InitDatanodeState.java:persistContainerDatanodeDetails(140)) - DatanodeDetails is persisted to /workdir/hadoop-ozone/integration-test/target/test-dir/MiniOzoneClusterImpl-20a6b4b8-63e8-44f3-a607-747c573e7ecd/datanode-6/meta/datanode.id
2019-10-09 10:09:45,980 [main] INFO  ozone.MiniOzoneClusterImpl (MiniOzoneClusterImpl.java:lambda$waitForClusterToBeReady$0(147)) - Waiting for cluster to be ready. Got 0 of 7 DN Heartbeats.
2019-10-09 10:09:46,474 [Datanode State Machine Thread - 0] INFO  ozoneimpl.OzoneContainer (OzoneContainer.java:start(213)) - Attempting to start container services.
2019-10-09 10:09:46,475 [Datanode State Machine Thread - 0] INFO  ozoneimpl.OzoneContainer (OzoneContainer.java:startContainerScrub(177)) - Background container scanner has been disabled.
2019-10-09 10:09:46,475 [Datanode State Machine Thread - 0] INFO  ratis.XceiverServerRatis (XceiverServerRatis.java:start(418)) - Starting XceiverServerRatis b3937cad-36c1-4c32-8256-0bb40f7075f0 at port 0
2019-10-09 10:09:46,482 [Datanode State Machine Thread - 0] INFO  impl.RaftServerProxy (RaftServerProxy.java:lambda$start$3(299)) - b3937cad-36c1-4c32-8256-0bb40f7075f0: start RPC server
2019-10-09 10:09:46,484 [Datanode State Machine Thread - 0] INFO  server.GrpcService (GrpcService.java:startImpl(158)) - b3937cad-36c1-4c32-8256-0bb40f7075f0: GrpcService started, listening on 0.0.0.0/0.0.0.0:36694
2019-10-09 10:09:46,484 [Datanode State Machine Thread - 0] INFO  ratis.XceiverServerRatis (XceiverServerRatis.java:start(428)) - XceiverServerRatis b3937cad-36c1-4c32-8256-0bb40f7075f0 is started using port 36694
2019-10-09 10:09:46,488 [Datanode State Machine Thread - 0] INFO  server.XceiverServerGrpc (XceiverServerGrpc.java:start(149)) - XceiverServerGrpc b3937cad-36c1-4c32-8256-0bb40f7075f0 is started using port 36988
2019-10-09 10:09:46,515 [Datanode State Machine Thread - 0] INFO  ozoneimpl.OzoneContainer (OzoneContainer.java:start(213)) - Attempting to start container services.
2019-10-09 10:09:46,515 [Datanode State Machine Thread - 0] INFO  ozoneimpl.OzoneContainer (OzoneContainer.java:startContainerScrub(177)) - Background container scanner has been disabled.
2019-10-09 10:09:46,515 [Datanode State Machine Thread - 0] INFO  ratis.XceiverServerRatis (XceiverServerRatis.java:start(418)) - Starting XceiverServerRatis c4e44704-59ec-42a4-bafa-e52ee9404d37 at port 0
2019-10-09 10:09:46,521 [Datanode State Machine Thread - 0] INFO  impl.RaftServerProxy (RaftServerProxy.java:lambda$start$3(299)) - c4e44704-59ec-42a4-bafa-e52ee9404d37: start RPC server
2019-10-09 10:09:46,525 [Datanode State Machine Thread - 0] INFO  server.GrpcService (GrpcService.java:startImpl(158)) - c4e44704-59ec-42a4-bafa-e52ee9404d37: GrpcService started, listening on 0.0.0.0/0.0.0.0:38326
2019-10-09 10:09:46,525 [Datanode State Machine Thread - 0] INFO  ratis.XceiverServerRatis (XceiverServerRatis.java:start(428)) - XceiverServerRatis c4e44704-59ec-42a4-bafa-e52ee9404d37 is started using port 38326
2019-10-09 10:09:46,528 [Datanode State Machine Thread - 0] INFO  server.XceiverServerGrpc (XceiverServerGrpc.java:start(149)) - XceiverServerGrpc c4e44704-59ec-42a4-bafa-e52ee9404d37 is started using port 39683
2019-10-09 10:09:46,598 [Datanode State Machine Thread - 0] INFO  ozoneimpl.OzoneContainer (OzoneContainer.java:start(213)) - Attempting to start container services.
2019-10-09 10:09:46,599 [Datanode State Machine Thread - 0] INFO  ozoneimpl.OzoneContainer (OzoneContainer.java:startContainerScrub(177)) - Background container scanner has been disabled.
2019-10-09 10:09:46,599 [Datanode State Machine Thread - 0] INFO  ratis.XceiverServerRatis (XceiverServerRatis.java:start(418)) - Starting XceiverServerRatis 96b37a5b-d1f8-4100-8e17-0088a3bc3513 at port 0
2019-10-09 10:09:46,605 [Datanode State Machine Thread - 0] INFO  impl.RaftServerProxy (RaftServerProxy.java:lambda$start$3(299)) - 96b37a5b-d1f8-4100-8e17-0088a3bc3513: start RPC server
2019-10-09 10:09:46,620 [Datanode State Machine Thread - 0] INFO  server.GrpcService (GrpcService.java:startImpl(158)) - 96b37a5b-d1f8-4100-8e17-0088a3bc3513: GrpcService started, listening on 0.0.0.0/0.0.0.0:42486
2019-10-09 10:09:46,621 [Datanode State Machine Thread - 0] INFO  ratis.XceiverServerRatis (XceiverServerRatis.java:start(428)) - XceiverServerRatis 96b37a5b-d1f8-4100-8e17-0088a3bc3513 is started using port 42486
2019-10-09 10:09:46,621 [Datanode State Machine Thread - 0] INFO  server.XceiverServerGrpc (XceiverServerGrpc.java:start(149)) - XceiverServerGrpc 96b37a5b-d1f8-4100-8e17-0088a3bc3513 is started using port 37219
2019-10-09 10:09:46,690 [Datanode State Machine Thread - 0] INFO  ozoneimpl.OzoneContainer (OzoneContainer.java:start(213)) - Attempting to start container services.
2019-10-09 10:09:46,691 [Datanode State Machine Thread - 0] INFO  ozoneimpl.OzoneContainer (OzoneContainer.java:startContainerScrub(177)) - Background container scanner has been disabled.
2019-10-09 10:09:46,691 [Datanode State Machine Thread - 0] INFO  ratis.XceiverServerRatis (XceiverServerRatis.java:start(418)) - Starting XceiverServerRatis 7097ba84-dec8-42ff-a3d4-731770d41051 at port 0
2019-10-09 10:09:46,698 [Datanode State Machine Thread - 0] INFO  impl.RaftServerProxy (RaftServerProxy.java:lambda$start$3(299)) - 7097ba84-dec8-42ff-a3d4-731770d41051: start RPC server
2019-10-09 10:09:46,702 [Datanode State Machine Thread - 0] INFO  server.GrpcService (GrpcService.java:startImpl(158)) - 7097ba84-dec8-42ff-a3d4-731770d41051: GrpcService started, listening on 0.0.0.0/0.0.0.0:42634
2019-10-09 10:09:46,702 [Datanode State Machine Thread - 0] INFO  ratis.XceiverServerRatis (XceiverServerRatis.java:start(428)) - XceiverServerRatis 7097ba84-dec8-42ff-a3d4-731770d41051 is started using port 42634
2019-10-09 10:09:46,703 [Datanode State Machine Thread - 0] INFO  server.XceiverServerGrpc (XceiverServerGrpc.java:start(149)) - XceiverServerGrpc 7097ba84-dec8-42ff-a3d4-731770d41051 is started using port 45113
2019-10-09 10:09:46,799 [Datanode State Machine Thread - 0] INFO  ozoneimpl.OzoneContainer (OzoneContainer.java:start(213)) - Attempting to start container services.
2019-10-09 10:09:46,800 [Datanode State Machine Thread - 0] INFO  ozoneimpl.OzoneContainer (OzoneContainer.java:startContainerScrub(177)) - Background container scanner has been disabled.
2019-10-09 10:09:46,800 [Datanode State Machine Thread - 0] INFO  ratis.XceiverServerRatis (XceiverServerRatis.java:start(418)) - Starting XceiverServerRatis bb9670a9-7d44-4488-9cea-795cb3ddb9a2 at port 0
2019-10-09 10:09:46,807 [Datanode State Machine Thread - 0] INFO  impl.RaftServerProxy (RaftServerProxy.java:lambda$start$3(299)) - bb9670a9-7d44-4488-9cea-795cb3ddb9a2: start RPC server
2019-10-09 10:09:46,807 [Datanode State Machine Thread - 0] INFO  server.GrpcService (GrpcService.java:startImpl(158)) - bb9670a9-7d44-4488-9cea-795cb3ddb9a2: GrpcService started, listening on 0.0.0.0/0.0.0.0:43719
2019-10-09 10:09:46,807 [Datanode State Machine Thread - 0] INFO  ratis.XceiverServerRatis (XceiverServerRatis.java:start(428)) - XceiverServerRatis bb9670a9-7d44-4488-9cea-795cb3ddb9a2 is started using port 43719
2019-10-09 10:09:46,808 [Datanode State Machine Thread - 0] INFO  server.XceiverServerGrpc (XceiverServerGrpc.java:start(149)) - XceiverServerGrpc bb9670a9-7d44-4488-9cea-795cb3ddb9a2 is started using port 45225
2019-10-09 10:09:46,912 [Datanode State Machine Thread - 0] INFO  ozoneimpl.OzoneContainer (OzoneContainer.java:start(213)) - Attempting to start container services.
2019-10-09 10:09:46,912 [Datanode State Machine Thread - 0] INFO  ozoneimpl.OzoneContainer (OzoneContainer.java:startContainerScrub(177)) - Background container scanner has been disabled.
2019-10-09 10:09:46,913 [Datanode State Machine Thread - 0] INFO  ratis.XceiverServerRatis (XceiverServerRatis.java:start(418)) - Starting XceiverServerRatis 92c1bb28-bd4e-4191-b5e5-43066b9f0ea3 at port 0
2019-10-09 10:09:46,919 [Datanode State Machine Thread - 0] INFO  impl.RaftServerProxy (RaftServerProxy.java:lambda$start$3(299)) - 92c1bb28-bd4e-4191-b5e5-43066b9f0ea3: start RPC server
2019-10-09 10:09:46,920 [Datanode State Machine Thread - 0] INFO  server.GrpcService (GrpcService.java:startImpl(158)) - 92c1bb28-bd4e-4191-b5e5-43066b9f0ea3: GrpcService started, listening on 0.0.0.0/0.0.0.0:39071
2019-10-09 10:09:46,920 [Datanode State Machine Thread - 0] INFO  ratis.XceiverServerRatis (XceiverServerRatis.java:start(428)) - XceiverServerRatis 92c1bb28-bd4e-4191-b5e5-43066b9f0ea3 is started using port 39071
2019-10-09 10:09:46,921 [Datanode State Machine Thread - 0] INFO  server.XceiverServerGrpc (XceiverServerGrpc.java:start(149)) - XceiverServerGrpc 92c1bb28-bd4e-4191-b5e5-43066b9f0ea3 is started using port 36708
2019-10-09 10:09:46,981 [main] INFO  ozone.MiniOzoneClusterImpl (MiniOzoneClusterImpl.java:lambda$waitForClusterToBeReady$0(147)) - Waiting for cluster to be ready. Got 0 of 7 DN Heartbeats.
2019-10-09 10:09:46,995 [Datanode State Machine Thread - 0] INFO  ozoneimpl.OzoneContainer (OzoneContainer.java:start(213)) - Attempting to start container services.
2019-10-09 10:09:46,995 [Datanode State Machine Thread - 0] INFO  ozoneimpl.OzoneContainer (OzoneContainer.java:startContainerScrub(177)) - Background container scanner has been disabled.
2019-10-09 10:09:46,995 [Datanode State Machine Thread - 0] INFO  ratis.XceiverServerRatis (XceiverServerRatis.java:start(418)) - Starting XceiverServerRatis ea140f40-3426-41ac-8437-69c7c8b8b4b4 at port 0
2019-10-09 10:09:47,002 [Datanode State Machine Thread - 0] INFO  impl.RaftServerProxy (RaftServerProxy.java:lambda$start$3(299)) - ea140f40-3426-41ac-8437-69c7c8b8b4b4: start RPC server
2019-10-09 10:09:47,007 [Datanode State Machine Thread - 0] INFO  server.GrpcService (GrpcService.java:startImpl(158)) - ea140f40-3426-41ac-8437-69c7c8b8b4b4: GrpcService started, listening on 0.0.0.0/0.0.0.0:37980
2019-10-09 10:09:47,007 [Datanode State Machine Thread - 0] INFO  ratis.XceiverServerRatis (XceiverServerRatis.java:start(428)) - XceiverServerRatis ea140f40-3426-41ac-8437-69c7c8b8b4b4 is started using port 37980
2019-10-09 10:09:47,011 [Datanode State Machine Thread - 0] INFO  server.XceiverServerGrpc (XceiverServerGrpc.java:start(149)) - XceiverServerGrpc ea140f40-3426-41ac-8437-69c7c8b8b4b4 is started using port 45958
2019-10-09 10:09:47,269 [grpc-default-executor-4] WARN  server.GrpcLogAppender (LogUtils.java:warn(134)) - ab022857-e651-46e0-9452-78f2a1d93581@group-8FCD5B1B9009->ea48651f-a535-41b5-a19b-b8cecb9d11ac-AppendLogResponseHandler: Failed appendEntries: org.apache.ratis.thirdparty.io.grpc.StatusRuntimeException: UNAVAILABLE: io exception
2019-10-09 10:09:47,269 [grpc-default-executor-7] WARN  server.GrpcLogAppender (LogUtils.java:warn(134)) - ab022857-e651-46e0-9452-78f2a1d93581@group-8FCD5B1B9009->5f603e7f-c5d0-429b-bdae-ead04b90af02-AppendLogResponseHandler: Failed appendEntries: org.apache.ratis.thirdparty.io.grpc.StatusRuntimeException: UNAVAILABLE: io exception
2019-10-09 10:09:47,269 [grpc-default-executor-4] INFO  impl.FollowerInfo (FollowerInfo.java:lambda$new$0(51)) - ab022857-e651-46e0-9452-78f2a1d93581@group-8FCD5B1B9009->ea48651f-a535-41b5-a19b-b8cecb9d11ac: nextIndex: updateUnconditionally 0 -> 0
2019-10-09 10:09:47,270 [grpc-default-executor-7] INFO  impl.FollowerInfo (FollowerInfo.java:lambda$new$0(51)) - ab022857-e651-46e0-9452-78f2a1d93581@group-8FCD5B1B9009->5f603e7f-c5d0-429b-bdae-ead04b90af02: nextIndex: updateUnconditionally 0 -> 0
2019-10-09 10:09:47,683 [Thread-2358] INFO  client.GrpcClientProtocolService (GrpcClientProtocolService.java:lambda$processClientRequest$0(278)) - Failed RaftClientRequest:client-3A036EE32ABB->ab022857-e651-46e0-9452-78f2a1d93581@group-8FCD5B1B9009, cid=67, seq=0, Watch-ALL_COMMITTED(72), Message:<EMPTY>, reply=RaftClientReply:client-3A036EE32ABB->ab022857-e651-46e0-9452-78f2a1d93581@group-8FCD5B1B9009, cid=67, FAILED org.apache.ratis.protocol.NotReplicatedException: Request with call Id 67 and log index 72 is not yet replicated to ALL_COMMITTED, logIndex=72, commits[ab022857-e651-46e0-9452-78f2a1d93581:c2, ea48651f-a535-41b5-a19b-b8cecb9d11ac:c2, 5f603e7f-c5d0-429b-bdae-ead04b90af02:c2]
2019-10-09 10:09:47,683 [Thread-2359] INFO  client.GrpcClientProtocolService (GrpcClientProtocolService.java:lambda$processClientRequest$0(278)) - Failed RaftClientRequest:client-3A036EE32ABB->ab022857-e651-46e0-9452-78f2a1d93581@group-8FCD5B1B9009, cid=68, seq=0, Watch-MAJORITY_COMMITTED(72), Message:<EMPTY>, reply=RaftClientReply:client-3A036EE32ABB->ab022857-e651-46e0-9452-78f2a1d93581@group-8FCD5B1B9009, cid=68, FAILED org.apache.ratis.protocol.NotReplicatedException: Request with call Id 68 and log index 72 is not yet replicated to MAJORITY_COMMITTED, logIndex=72, commits[ab022857-e651-46e0-9452-78f2a1d93581:c2, ea48651f-a535-41b5-a19b-b8cecb9d11ac:c2, 5f603e7f-c5d0-429b-bdae-ead04b90af02:c2]
2019-10-09 10:09:47,981 [main] INFO  ozone.MiniOzoneClusterImpl (MiniOzoneClusterImpl.java:lambda$waitForClusterToBeReady$0(147)) - Waiting for cluster to be ready. Got 0 of 7 DN Heartbeats.
2019-10-09 10:09:48,414 [IPC Server handler 1 on 46331] INFO  net.NetworkTopology (NetworkTopologyImpl.java:add(111)) - Added a new node: /default-rack/b3937cad-36c1-4c32-8256-0bb40f7075f0
2019-10-09 10:09:48,419 [IPC Server handler 1 on 46331] INFO  node.SCMNodeManager (SCMNodeManager.java:register(268)) - Registered Data node : b3937cad-36c1-4c32-8256-0bb40f7075f0{ip: 192.168.164.205, host: pr-hdds-2271-zcqt4-2554284801, networkLocation: /default-rack, certSerialId: null}
2019-10-09 10:09:48,420 [EventQueue-NodeRegistrationContainerReportForDataNodeSafeModeRule] INFO  safemode.SCMSafeModeManager (DataNodeSafeModeRule.java:process(71)) - SCM in safe mode. 1 DataNodes registered, 1 required.
2019-10-09 10:09:48,424 [EventQueue-NodeRegistrationContainerReportForDataNodeSafeModeRule] INFO  safemode.SCMSafeModeManager (SCMSafeModeManager.java:validateSafeModeExitRules(177)) - ScmSafeModeManager, all rules are successfully validated
2019-10-09 10:09:48,424 [EventQueue-NodeRegistrationContainerReportForDataNodeSafeModeRule] INFO  safemode.SCMSafeModeManager (SCMSafeModeManager.java:exitSafeMode(193)) - SCM exiting safe mode.
2019-10-09 10:09:48,433 [grpc-default-executor-7] INFO  impl.RaftServerProxy (RaftServerProxy.java:addNew(89)) - b3937cad-36c1-4c32-8256-0bb40f7075f0: addNew group-5DE5B32EC771:[b3937cad-36c1-4c32-8256-0bb40f7075f0:192.168.164.205:36694] returns group-5DE5B32EC771:java.util.concurrent.CompletableFuture@748fdec3[Not completed]
2019-10-09 10:09:48,435 [pool-383-thread-1] INFO  impl.RaftServerImpl (RaftServerImpl.java:<init>(95)) - b3937cad-36c1-4c32-8256-0bb40f7075f0: new RaftServerImpl for group-5DE5B32EC771:[b3937cad-36c1-4c32-8256-0bb40f7075f0:192.168.164.205:36694] with ContainerStateMachine:uninitialized
2019-10-09 10:09:48,435 [pool-383-thread-1] INFO  server.RaftServerConfigKeys (ConfUtils.java:logGet(43)) - raft.server.rpc.timeout.min = 5s (custom)
2019-10-09 10:09:48,436 [pool-383-thread-1] INFO  server.RaftServerConfigKeys (ConfUtils.java:logGet(43)) - raft.server.rpc.timeout.max = 5200ms (custom)
2019-10-09 10:09:48,436 [pool-383-thread-1] INFO  server.RaftServerConfigKeys (ConfUtils.java:logGet(43)) - raft.server.rpcslowness.timeout = 120s (custom)
2019-10-09 10:09:48,436 [pool-383-thread-1] INFO  server.RaftServerConfigKeys (ConfUtils.java:logGet(43)) - raft.server.sleep.deviation.threshold = 300 (default)
2019-10-09 10:09:48,436 [pool-383-thread-1] INFO  server.RaftServerConfigKeys (ConfUtils.java:logGet(43)) - raft.server.log.appender.install.snapshot.enabled = false (custom)
2019-10-09 10:09:48,436 [pool-383-thread-1] INFO  impl.RaftServerImpl (ServerState.java:<init>(103)) - b3937cad-36c1-4c32-8256-0bb40f7075f0@group-5DE5B32EC771: ConfigurationManager, init=-1: [b3937cad-36c1-4c32-8256-0bb40f7075f0:192.168.164.205:36694], old=null, confs=<EMPTY_MAP>
2019-10-09 10:09:48,436 [pool-383-thread-1] INFO  server.RaftServerConfigKeys (ConfUtils.java:logGet(43)) - raft.server.storage.dir = [/workdir/hadoop-ozone/integration-test/target/test-dir/MiniOzoneClusterImpl-20a6b4b8-63e8-44f3-a607-747c573e7ecd/datanode-0/data/ratis] (custom)
2019-10-09 10:09:48,437 [pool-383-thread-1] INFO  server.RaftServerConfigKeys (ConfUtils.java:logGet(43)) - raft.server.log.corruption.policy = EXCEPTION (default)
2019-10-09 10:09:48,437 [pool-383-thread-1] INFO  storage.RaftStorageDirectory (RaftStorageDirectory.java:analyzeStorage(246)) - The storage directory /workdir/hadoop-ozone/integration-test/target/test-dir/MiniOzoneClusterImpl-20a6b4b8-63e8-44f3-a607-747c573e7ecd/datanode-0/data/ratis/6bcbe9ac-5f57-4dc4-8211-5de5b32ec771 does not exist. Creating ...
2019-10-09 10:09:48,450 [pool-383-thread-1] INFO  storage.RaftStorageDirectory (RaftStorageDirectory.java:tryLock(328)) - Lock on /workdir/hadoop-ozone/integration-test/target/test-dir/MiniOzoneClusterImpl-20a6b4b8-63e8-44f3-a607-747c573e7ecd/datanode-0/data/ratis/6bcbe9ac-5f57-4dc4-8211-5de5b32ec771/in_use.lock acquired by nodename 17593@pr-hdds-2271-zcqt4-2554284801
2019-10-09 10:09:48,463 [pool-383-thread-1] INFO  storage.RaftStorage (RaftStorage.java:format(84)) - Storage directory /workdir/hadoop-ozone/integration-test/target/test-dir/MiniOzoneClusterImpl-20a6b4b8-63e8-44f3-a607-747c573e7ecd/datanode-0/data/ratis/6bcbe9ac-5f57-4dc4-8211-5de5b32ec771 has been successfully formatted.
2019-10-09 10:09:48,463 [pool-383-thread-1] INFO  ratis.ContainerStateMachine (ContainerStateMachine.java:loadSnapshot(231)) - group-5DE5B32EC771: The snapshot info is null. Setting the last applied indexto:(t:0, i:~)
2019-10-09 10:09:48,464 [pool-383-thread-1] INFO  server.RaftServerConfigKeys (ConfUtils.java:logGet(43)) - raft.server.notification.no-leader.timeout = 120s (custom)
2019-10-09 10:09:48,464 [pool-383-thread-1] INFO  server.RaftServerConfigKeys (ConfUtils.java:logGet(43)) - raft.server.log.use.memory = false (default)
2019-10-09 10:09:48,464 [pool-383-thread-1] INFO  server.RaftServerConfigKeys (ConfUtils.java:logGet(43)) - raft.server.log.purge.gap = 1000000 (custom)
2019-10-09 10:09:48,464 [pool-383-thread-1] INFO  server.RaftServerConfigKeys (ConfUtils.java:logGet(43)) - raft.server.log.appender.buffer.byte-limit = 33554432 (custom)
2019-10-09 10:09:48,464 [pool-383-thread-1] INFO  server.RaftServerConfigKeys (ConfUtils.java:logGet(43)) - raft.server.log.segment.size.max = 1048576 (custom)
2019-10-09 10:09:48,467 [pool-383-thread-1] INFO  server.RaftServerConfigKeys (ConfUtils.java:logGet(43)) - raft.server.log.segment.cache.num.max = 2 (custom)
2019-10-09 10:09:48,467 [pool-383-thread-1] INFO  segmented.SegmentedRaftLogWorker (SegmentedRaftLogWorker.java:<init>(173)) - new b3937cad-36c1-4c32-8256-0bb40f7075f0@group-5DE5B32EC771-SegmentedRaftLogWorker for RaftStorage:Storage Directory /workdir/hadoop-ozone/integration-test/target/test-dir/MiniOzoneClusterImpl-20a6b4b8-63e8-44f3-a607-747c573e7ecd/datanode-0/data/ratis/6bcbe9ac-5f57-4dc4-8211-5de5b32ec771
2019-10-09 10:09:48,467 [pool-383-thread-1] INFO  server.RaftServerConfigKeys (ConfUtils.java:logGet(43)) - raft.server.log.queue.byte-limit = 2147483647 (custom)
2019-10-09 10:09:48,467 [pool-383-thread-1] INFO  server.RaftServerConfigKeys (ConfUtils.java:logGet(43)) - raft.server.log.queue.element-limit = 1024 (custom)
2019-10-09 10:09:48,467 [pool-383-thread-1] INFO  server.RaftServerConfigKeys (ConfUtils.java:logGet(43)) - raft.server.log.segment.size.max = 1048576 (custom)
2019-10-09 10:09:48,468 [pool-383-thread-1] INFO  server.RaftServerConfigKeys (ConfUtils.java:logGet(43)) - raft.server.log.preallocated.size = 16384 (custom)
2019-10-09 10:09:48,468 [pool-383-thread-1] INFO  server.RaftServerConfigKeys (ConfUtils.java:logGet(43)) - raft.server.log.write.buffer.size = 33554432 (custom)
2019-10-09 10:09:48,468 [pool-383-thread-1] INFO  server.RaftServerConfigKeys (ConfUtils.java:logGet(43)) - raft.server.log.force.sync.num = 128 (default)
2019-10-09 10:09:48,468 [pool-383-thread-1] INFO  server.RaftServerConfigKeys (ConfUtils.java:logGet(43)) - raft.server.log.statemachine.data.sync = true (default)
2019-10-09 10:09:48,468 [pool-383-thread-1] INFO  server.RaftServerConfigKeys (ConfUtils.java:logGet(43)) - raft.server.log.statemachine.data.sync.timeout = 10s (default)
2019-10-09 10:09:48,468 [pool-383-thread-1] INFO  server.RaftServerConfigKeys (ConfUtils.java:logGet(43)) - raft.server.log.statemachine.data.sync.timeout.retry = -1 (default)
2019-10-09 10:09:48,469 [pool-383-thread-1] INFO  server.RaftServerConfigKeys (ConfUtils.java:logGet(43)) - raft.server.log.statemachine.data.caching.enabled = true (custom)
2019-10-09 10:09:48,469 [pool-383-thread-1] INFO  segmented.SegmentedRaftLogWorker (SegmentedRaftLogWorker.java:lambda$new$0(128)) - b3937cad-36c1-4c32-8256-0bb40f7075f0@group-5DE5B32EC771-SegmentedRaftLogWorker: flushIndex: setUnconditionally 0 -> -1
2019-10-09 10:09:48,470 [pool-383-thread-1] INFO  server.RaftServerConfigKeys (ConfUtils.java:logGet(43)) - raft.server.snapshot.auto.trigger.enabled = true (custom)
2019-10-09 10:09:48,470 [pool-383-thread-1] INFO  server.RaftServerConfigKeys (ConfUtils.java:logGet(43)) - raft.server.snapshot.auto.trigger.threshold = 10000 (custom)
2019-10-09 10:09:48,470 [pool-383-thread-1] INFO  server.RaftServerConfigKeys (ConfUtils.java:logGet(43)) - raft.server.snapshot.retention.file.num = 5 (custom)
2019-10-09 10:09:48,470 [pool-383-thread-1] INFO  server.RaftServerConfigKeys (ConfUtils.java:logGet(43)) - raft.server.retrycache.expirytime = 600000ms (custom)
2019-10-09 10:09:48,472 [pool-383-thread-1] INFO  impl.RaftServerImpl (RaftServerImpl.java:start(181)) - b3937cad-36c1-4c32-8256-0bb40f7075f0@group-5DE5B32EC771: start as a follower, conf=-1: [b3937cad-36c1-4c32-8256-0bb40f7075f0:192.168.164.205:36694], old=null
2019-10-09 10:09:48,473 [pool-383-thread-1] INFO  impl.RaftServerImpl (RaftServerImpl.java:setRole(170)) - b3937cad-36c1-4c32-8256-0bb40f7075f0@group-5DE5B32EC771: changes role from      null to FOLLOWER at term 0 for startAsFollower
2019-10-09 10:09:48,473 [pool-383-thread-1] INFO  impl.RoleInfo (RoleInfo.java:updateAndGet(143)) - b3937cad-36c1-4c32-8256-0bb40f7075f0: start FollowerState
2019-10-09 10:09:48,473 [pool-383-thread-1] INFO  util.JmxRegister (JmxRegister.java:tryRegister(44)) - Successfully registered JMX Bean with object name Ratis:service=RaftServer,group=group-5DE5B32EC771,id=b3937cad-36c1-4c32-8256-0bb40f7075f0
2019-10-09 10:09:48,478 [RatisPipelineUtilsThread] INFO  pipeline.PipelineStateManager (PipelineStateManager.java:addPipeline(56)) - Created pipeline Pipeline[ Id: 6bcbe9ac-5f57-4dc4-8211-5de5b32ec771, Nodes: b3937cad-36c1-4c32-8256-0bb40f7075f0{ip: 192.168.164.205, host: pr-hdds-2271-zcqt4-2554284801, networkLocation: /default-rack, certSerialId: null}, Type:RATIS, Factor:ONE, State:OPEN]
2019-10-09 10:09:48,497 [IPC Server handler 5 on 46331] INFO  net.NetworkTopology (NetworkTopologyImpl.java:add(111)) - Added a new node: /default-rack/c4e44704-59ec-42a4-bafa-e52ee9404d37
2019-10-09 10:09:48,497 [IPC Server handler 5 on 46331] INFO  node.SCMNodeManager (SCMNodeManager.java:register(268)) - Registered Data node : c4e44704-59ec-42a4-bafa-e52ee9404d37{ip: 192.168.164.205, host: pr-hdds-2271-zcqt4-2554284801, networkLocation: /default-rack, certSerialId: null}
2019-10-09 10:09:48,505 [grpc-default-executor-7] INFO  impl.RaftServerProxy (RaftServerProxy.java:addNew(89)) - c4e44704-59ec-42a4-bafa-e52ee9404d37: addNew group-AC93C83DAE2B:[c4e44704-59ec-42a4-bafa-e52ee9404d37:192.168.164.205:38326] returns group-AC93C83DAE2B:java.util.concurrent.CompletableFuture@5eaca42b[Not completed]
2019-10-09 10:09:48,507 [pool-393-thread-1] INFO  impl.RaftServerImpl (RaftServerImpl.java:<init>(95)) - c4e44704-59ec-42a4-bafa-e52ee9404d37: new RaftServerImpl for group-AC93C83DAE2B:[c4e44704-59ec-42a4-bafa-e52ee9404d37:192.168.164.205:38326] with ContainerStateMachine:uninitialized
2019-10-09 10:09:48,507 [pool-393-thread-1] INFO  server.RaftServerConfigKeys (ConfUtils.java:logGet(43)) - raft.server.rpc.timeout.min = 5s (custom)
2019-10-09 10:09:48,507 [pool-393-thread-1] INFO  server.RaftServerConfigKeys (ConfUtils.java:logGet(43)) - raft.server.rpc.timeout.max = 5200ms (custom)
2019-10-09 10:09:48,507 [pool-393-thread-1] INFO  server.RaftServerConfigKeys (ConfUtils.java:logGet(43)) - raft.server.rpcslowness.timeout = 120s (custom)
2019-10-09 10:09:48,507 [pool-393-thread-1] INFO  server.RaftServerConfigKeys (ConfUtils.java:logGet(43)) - raft.server.sleep.deviation.threshold = 300 (default)
2019-10-09 10:09:48,507 [pool-393-thread-1] INFO  server.RaftServerConfigKeys (ConfUtils.java:logGet(43)) - raft.server.log.appender.install.snapshot.enabled = false (custom)
2019-10-09 10:09:48,507 [pool-393-thread-1] INFO  impl.RaftServerImpl (ServerState.java:<init>(103)) - c4e44704-59ec-42a4-bafa-e52ee9404d37@group-AC93C83DAE2B: ConfigurationManager, init=-1: [c4e44704-59ec-42a4-bafa-e52ee9404d37:192.168.164.205:38326], old=null, confs=<EMPTY_MAP>
2019-10-09 10:09:48,508 [pool-393-thread-1] INFO  server.RaftServerConfigKeys (ConfUtils.java:logGet(43)) - raft.server.storage.dir = [/workdir/hadoop-ozone/integration-test/target/test-dir/MiniOzoneClusterImpl-20a6b4b8-63e8-44f3-a607-747c573e7ecd/datanode-1/data/ratis] (custom)
2019-10-09 10:09:48,508 [pool-393-thread-1] INFO  server.RaftServerConfigKeys (ConfUtils.java:logGet(43)) - raft.server.log.corruption.policy = EXCEPTION (default)
2019-10-09 10:09:48,508 [pool-393-thread-1] INFO  storage.RaftStorageDirectory (RaftStorageDirectory.java:analyzeStorage(246)) - The storage directory /workdir/hadoop-ozone/integration-test/target/test-dir/MiniOzoneClusterImpl-20a6b4b8-63e8-44f3-a607-747c573e7ecd/datanode-1/data/ratis/60ed12c7-390b-4813-a571-ac93c83dae2b does not exist. Creating ...
2019-10-09 10:09:48,521 [pool-393-thread-1] INFO  storage.RaftStorageDirectory (RaftStorageDirectory.java:tryLock(328)) - Lock on /workdir/hadoop-ozone/integration-test/target/test-dir/MiniOzoneClusterImpl-20a6b4b8-63e8-44f3-a607-747c573e7ecd/datanode-1/data/ratis/60ed12c7-390b-4813-a571-ac93c83dae2b/in_use.lock acquired by nodename 17593@pr-hdds-2271-zcqt4-2554284801
2019-10-09 10:09:48,534 [pool-393-thread-1] INFO  storage.RaftStorage (RaftStorage.java:format(84)) - Storage directory /workdir/hadoop-ozone/integration-test/target/test-dir/MiniOzoneClusterImpl-20a6b4b8-63e8-44f3-a607-747c573e7ecd/datanode-1/data/ratis/60ed12c7-390b-4813-a571-ac93c83dae2b has been successfully formatted.
2019-10-09 10:09:48,534 [pool-393-thread-1] INFO  ratis.ContainerStateMachine (ContainerStateMachine.java:loadSnapshot(231)) - group-AC93C83DAE2B: The snapshot info is null. Setting the last applied indexto:(t:0, i:~)
2019-10-09 10:09:48,534 [pool-393-thread-1] INFO  server.RaftServerConfigKeys (ConfUtils.java:logGet(43)) - raft.server.notification.no-leader.timeout = 120s (custom)
2019-10-09 10:09:48,534 [pool-393-thread-1] INFO  server.RaftServerConfigKeys (ConfUtils.java:logGet(43)) - raft.server.log.use.memory = false (default)
2019-10-09 10:09:48,534 [pool-393-thread-1] INFO  server.RaftServerConfigKeys (ConfUtils.java:logGet(43)) - raft.server.log.purge.gap = 1000000 (custom)
2019-10-09 10:09:48,534 [pool-393-thread-1] INFO  server.RaftServerConfigKeys (ConfUtils.java:logGet(43)) - raft.server.log.appender.buffer.byte-limit = 33554432 (custom)
2019-10-09 10:09:48,535 [pool-393-thread-1] INFO  server.RaftServerConfigKeys (ConfUtils.java:logGet(43)) - raft.server.log.segment.size.max = 1048576 (custom)
2019-10-09 10:09:48,536 [pool-393-thread-1] INFO  server.RaftServerConfigKeys (ConfUtils.java:logGet(43)) - raft.server.log.segment.cache.num.max = 2 (custom)
2019-10-09 10:09:48,536 [pool-393-thread-1] INFO  segmented.SegmentedRaftLogWorker (SegmentedRaftLogWorker.java:<init>(173)) - new c4e44704-59ec-42a4-bafa-e52ee9404d37@group-AC93C83DAE2B-SegmentedRaftLogWorker for RaftStorage:Storage Directory /workdir/hadoop-ozone/integration-test/target/test-dir/MiniOzoneClusterImpl-20a6b4b8-63e8-44f3-a607-747c573e7ecd/datanode-1/data/ratis/60ed12c7-390b-4813-a571-ac93c83dae2b
2019-10-09 10:09:48,536 [pool-393-thread-1] INFO  server.RaftServerConfigKeys (ConfUtils.java:logGet(43)) - raft.server.log.queue.byte-limit = 2147483647 (custom)
2019-10-09 10:09:48,536 [pool-393-thread-1] INFO  server.RaftServerConfigKeys (ConfUtils.java:logGet(43)) - raft.server.log.queue.element-limit = 1024 (custom)
2019-10-09 10:09:48,536 [pool-393-thread-1] INFO  server.RaftServerConfigKeys (ConfUtils.java:logGet(43)) - raft.server.log.segment.size.max = 1048576 (custom)
2019-10-09 10:09:48,537 [pool-393-thread-1] INFO  server.RaftServerConfigKeys (ConfUtils.java:logGet(43)) - raft.server.log.preallocated.size = 16384 (custom)
2019-10-09 10:09:48,537 [pool-393-thread-1] INFO  server.RaftServerConfigKeys (ConfUtils.java:logGet(43)) - raft.server.log.write.buffer.size = 33554432 (custom)
2019-10-09 10:09:48,537 [pool-393-thread-1] INFO  server.RaftServerConfigKeys (ConfUtils.java:logGet(43)) - raft.server.log.force.sync.num = 128 (default)
2019-10-09 10:09:48,537 [pool-393-thread-1] INFO  server.RaftServerConfigKeys (ConfUtils.java:logGet(43)) - raft.server.log.statemachine.data.sync = true (default)
2019-10-09 10:09:48,537 [pool-393-thread-1] INFO  server.RaftServerConfigKeys (ConfUtils.java:logGet(43)) - raft.server.log.statemachine.data.sync.timeout = 10s (default)
2019-10-09 10:09:48,537 [pool-393-thread-1] INFO  server.RaftServerConfigKeys (ConfUtils.java:logGet(43)) - raft.server.log.statemachine.data.sync.timeout.retry = -1 (default)
2019-10-09 10:09:48,537 [pool-393-thread-1] INFO  server.RaftServerConfigKeys (ConfUtils.java:logGet(43)) - raft.server.log.statemachine.data.caching.enabled = true (custom)
2019-10-09 10:09:48,538 [pool-393-thread-1] INFO  segmented.SegmentedRaftLogWorker (SegmentedRaftLogWorker.java:lambda$new$0(128)) - c4e44704-59ec-42a4-bafa-e52ee9404d37@group-AC93C83DAE2B-SegmentedRaftLogWorker: flushIndex: setUnconditionally 0 -> -1
2019-10-09 10:09:48,538 [pool-393-thread-1] INFO  server.RaftServerConfigKeys (ConfUtils.java:logGet(43)) - raft.server.snapshot.auto.trigger.enabled = true (custom)
2019-10-09 10:09:48,538 [pool-393-thread-1] INFO  server.RaftServerConfigKeys (ConfUtils.java:logGet(43)) - raft.server.snapshot.auto.trigger.threshold = 10000 (custom)
2019-10-09 10:09:48,538 [pool-393-thread-1] INFO  server.RaftServerConfigKeys (ConfUtils.java:logGet(43)) - raft.server.snapshot.retention.file.num = 5 (custom)
2019-10-09 10:09:48,538 [pool-393-thread-1] INFO  server.RaftServerConfigKeys (ConfUtils.java:logGet(43)) - raft.server.retrycache.expirytime = 600000ms (custom)
2019-10-09 10:09:48,540 [pool-393-thread-1] INFO  impl.RaftServerImpl (RaftServerImpl.java:start(181)) - c4e44704-59ec-42a4-bafa-e52ee9404d37@group-AC93C83DAE2B: start as a follower, conf=-1: [c4e44704-59ec-42a4-bafa-e52ee9404d37:192.168.164.205:38326], old=null
2019-10-09 10:09:48,540 [pool-393-thread-1] INFO  impl.RaftServerImpl (RaftServerImpl.java:setRole(170)) - c4e44704-59ec-42a4-bafa-e52ee9404d37@group-AC93C83DAE2B: changes role from      null to FOLLOWER at term 0 for startAsFollower
2019-10-09 10:09:48,540 [pool-393-thread-1] INFO  impl.RoleInfo (RoleInfo.java:updateAndGet(143)) - c4e44704-59ec-42a4-bafa-e52ee9404d37: start FollowerState
2019-10-09 10:09:48,540 [pool-393-thread-1] INFO  util.JmxRegister (JmxRegister.java:tryRegister(44)) - Successfully registered JMX Bean with object name Ratis:service=RaftServer,group=group-AC93C83DAE2B,id=c4e44704-59ec-42a4-bafa-e52ee9404d37
2019-10-09 10:09:48,544 [RatisPipelineUtilsThread] INFO  pipeline.PipelineStateManager (PipelineStateManager.java:addPipeline(56)) - Created pipeline Pipeline[ Id: 60ed12c7-390b-4813-a571-ac93c83dae2b, Nodes: c4e44704-59ec-42a4-bafa-e52ee9404d37{ip: 192.168.164.205, host: pr-hdds-2271-zcqt4-2554284801, networkLocation: /default-rack, certSerialId: null}, Type:RATIS, Factor:ONE, State:OPEN]
2019-10-09 10:09:48,585 [IPC Server handler 7 on 46331] INFO  net.NetworkTopology (NetworkTopologyImpl.java:add(111)) - Added a new node: /default-rack/96b37a5b-d1f8-4100-8e17-0088a3bc3513
2019-10-09 10:09:48,585 [IPC Server handler 7 on 46331] INFO  node.SCMNodeManager (SCMNodeManager.java:register(268)) - Registered Data node : 96b37a5b-d1f8-4100-8e17-0088a3bc3513{ip: 192.168.164.205, host: pr-hdds-2271-zcqt4-2554284801, networkLocation: /default-rack, certSerialId: null}
2019-10-09 10:09:48,595 [grpc-default-executor-7] INFO  impl.RaftServerProxy (RaftServerProxy.java:addNew(89)) - 96b37a5b-d1f8-4100-8e17-0088a3bc3513: addNew group-C775D8469361:[96b37a5b-d1f8-4100-8e17-0088a3bc3513:192.168.164.205:42486] returns group-C775D8469361:java.util.concurrent.CompletableFuture@2f2848ea[Not completed]
2019-10-09 10:09:48,596 [pool-403-thread-1] INFO  impl.RaftServerImpl (RaftServerImpl.java:<init>(95)) - 96b37a5b-d1f8-4100-8e17-0088a3bc3513: new RaftServerImpl for group-C775D8469361:[96b37a5b-d1f8-4100-8e17-0088a3bc3513:192.168.164.205:42486] with ContainerStateMachine:uninitialized
2019-10-09 10:09:48,597 [pool-403-thread-1] INFO  server.RaftServerConfigKeys (ConfUtils.java:logGet(43)) - raft.server.rpc.timeout.min = 5s (custom)
2019-10-09 10:09:48,597 [pool-403-thread-1] INFO  server.RaftServerConfigKeys (ConfUtils.java:logGet(43)) - raft.server.rpc.timeout.max = 5200ms (custom)
2019-10-09 10:09:48,597 [pool-403-thread-1] INFO  server.RaftServerConfigKeys (ConfUtils.java:logGet(43)) - raft.server.rpcslowness.timeout = 120s (custom)
2019-10-09 10:09:48,597 [pool-403-thread-1] INFO  server.RaftServerConfigKeys (ConfUtils.java:logGet(43)) - raft.server.sleep.deviation.threshold = 300 (default)
2019-10-09 10:09:48,597 [pool-403-thread-1] INFO  server.RaftServerConfigKeys (ConfUtils.java:logGet(43)) - raft.server.log.appender.install.snapshot.enabled = false (custom)
2019-10-09 10:09:48,597 [pool-403-thread-1] INFO  impl.RaftServerImpl (ServerState.java:<init>(103)) - 96b37a5b-d1f8-4100-8e17-0088a3bc3513@group-C775D8469361: ConfigurationManager, init=-1: [96b37a5b-d1f8-4100-8e17-0088a3bc3513:192.168.164.205:42486], old=null, confs=<EMPTY_MAP>
2019-10-09 10:09:48,597 [pool-403-thread-1] INFO  server.RaftServerConfigKeys (ConfUtils.java:logGet(43)) - raft.server.storage.dir = [/workdir/hadoop-ozone/integration-test/target/test-dir/MiniOzoneClusterImpl-20a6b4b8-63e8-44f3-a607-747c573e7ecd/datanode-2/data/ratis] (custom)
2019-10-09 10:09:48,598 [pool-403-thread-1] INFO  server.RaftServerConfigKeys (ConfUtils.java:logGet(43)) - raft.server.log.corruption.policy = EXCEPTION (default)
2019-10-09 10:09:48,598 [pool-403-thread-1] INFO  storage.RaftStorageDirectory (RaftStorageDirectory.java:analyzeStorage(246)) - The storage directory /workdir/hadoop-ozone/integration-test/target/test-dir/MiniOzoneClusterImpl-20a6b4b8-63e8-44f3-a607-747c573e7ecd/datanode-2/data/ratis/948a0a89-afe4-4224-87ec-c775d8469361 does not exist. Creating ...
2019-10-09 10:09:48,611 [pool-403-thread-1] INFO  storage.RaftStorageDirectory (RaftStorageDirectory.java:tryLock(328)) - Lock on /workdir/hadoop-ozone/integration-test/target/test-dir/MiniOzoneClusterImpl-20a6b4b8-63e8-44f3-a607-747c573e7ecd/datanode-2/data/ratis/948a0a89-afe4-4224-87ec-c775d8469361/in_use.lock acquired by nodename 17593@pr-hdds-2271-zcqt4-2554284801
2019-10-09 10:09:48,624 [pool-403-thread-1] INFO  storage.RaftStorage (RaftStorage.java:format(84)) - Storage directory /workdir/hadoop-ozone/integration-test/target/test-dir/MiniOzoneClusterImpl-20a6b4b8-63e8-44f3-a607-747c573e7ecd/datanode-2/data/ratis/948a0a89-afe4-4224-87ec-c775d8469361 has been successfully formatted.
2019-10-09 10:09:48,624 [pool-403-thread-1] INFO  ratis.ContainerStateMachine (ContainerStateMachine.java:loadSnapshot(231)) - group-C775D8469361: The snapshot info is null. Setting the last applied indexto:(t:0, i:~)
2019-10-09 10:09:48,624 [pool-403-thread-1] INFO  server.RaftServerConfigKeys (ConfUtils.java:logGet(43)) - raft.server.notification.no-leader.timeout = 120s (custom)
2019-10-09 10:09:48,624 [pool-403-thread-1] INFO  server.RaftServerConfigKeys (ConfUtils.java:logGet(43)) - raft.server.log.use.memory = false (default)
2019-10-09 10:09:48,625 [pool-403-thread-1] INFO  server.RaftServerConfigKeys (ConfUtils.java:logGet(43)) - raft.server.log.purge.gap = 1000000 (custom)
2019-10-09 10:09:48,625 [pool-403-thread-1] INFO  server.RaftServerConfigKeys (ConfUtils.java:logGet(43)) - raft.server.log.appender.buffer.byte-limit = 33554432 (custom)
2019-10-09 10:09:48,625 [pool-403-thread-1] INFO  server.RaftServerConfigKeys (ConfUtils.java:logGet(43)) - raft.server.log.segment.size.max = 1048576 (custom)
2019-10-09 10:09:48,626 [pool-403-thread-1] INFO  server.RaftServerConfigKeys (ConfUtils.java:logGet(43)) - raft.server.log.segment.cache.num.max = 2 (custom)
2019-10-09 10:09:48,627 [pool-403-thread-1] INFO  segmented.SegmentedRaftLogWorker (SegmentedRaftLogWorker.java:<init>(173)) - new 96b37a5b-d1f8-4100-8e17-0088a3bc3513@group-C775D8469361-SegmentedRaftLogWorker for RaftStorage:Storage Directory /workdir/hadoop-ozone/integration-test/target/test-dir/MiniOzoneClusterImpl-20a6b4b8-63e8-44f3-a607-747c573e7ecd/datanode-2/data/ratis/948a0a89-afe4-4224-87ec-c775d8469361
2019-10-09 10:09:48,627 [pool-403-thread-1] INFO  server.RaftServerConfigKeys (ConfUtils.java:logGet(43)) - raft.server.log.queue.byte-limit = 2147483647 (custom)
2019-10-09 10:09:48,627 [pool-403-thread-1] INFO  server.RaftServerConfigKeys (ConfUtils.java:logGet(43)) - raft.server.log.queue.element-limit = 1024 (custom)
2019-10-09 10:09:48,627 [pool-403-thread-1] INFO  server.RaftServerConfigKeys (ConfUtils.java:logGet(43)) - raft.server.log.segment.size.max = 1048576 (custom)
2019-10-09 10:09:48,627 [pool-403-thread-1] INFO  server.RaftServerConfigKeys (ConfUtils.java:logGet(43)) - raft.server.log.preallocated.size = 16384 (custom)
2019-10-09 10:09:48,627 [pool-403-thread-1] INFO  server.RaftServerConfigKeys (ConfUtils.java:logGet(43)) - raft.server.log.write.buffer.size = 33554432 (custom)
2019-10-09 10:09:48,627 [pool-403-thread-1] INFO  server.RaftServerConfigKeys (ConfUtils.java:logGet(43)) - raft.server.log.force.sync.num = 128 (default)
2019-10-09 10:09:48,627 [pool-403-thread-1] INFO  server.RaftServerConfigKeys (ConfUtils.java:logGet(43)) - raft.server.log.statemachine.data.sync = true (default)
2019-10-09 10:09:48,628 [pool-403-thread-1] INFO  server.RaftServerConfigKeys (ConfUtils.java:logGet(43)) - raft.server.log.statemachine.data.sync.timeout = 10s (default)
2019-10-09 10:09:48,628 [pool-403-thread-1] INFO  server.RaftServerConfigKeys (ConfUtils.java:logGet(43)) - raft.server.log.statemachine.data.sync.timeout.retry = -1 (default)
2019-10-09 10:09:48,628 [pool-403-thread-1] INFO  server.RaftServerConfigKeys (ConfUtils.java:logGet(43)) - raft.server.log.statemachine.data.caching.enabled = true (custom)
2019-10-09 10:09:48,628 [pool-403-thread-1] INFO  segmented.SegmentedRaftLogWorker (SegmentedRaftLogWorker.java:lambda$new$0(128)) - 96b37a5b-d1f8-4100-8e17-0088a3bc3513@group-C775D8469361-SegmentedRaftLogWorker: flushIndex: setUnconditionally 0 -> -1
2019-10-09 10:09:48,629 [pool-403-thread-1] INFO  server.RaftServerConfigKeys (ConfUtils.java:logGet(43)) - raft.server.snapshot.auto.trigger.enabled = true (custom)
2019-10-09 10:09:48,629 [pool-403-thread-1] INFO  server.RaftServerConfigKeys (ConfUtils.java:logGet(43)) - raft.server.snapshot.auto.trigger.threshold = 10000 (custom)
2019-10-09 10:09:48,629 [pool-403-thread-1] INFO  server.RaftServerConfigKeys (ConfUtils.java:logGet(43)) - raft.server.snapshot.retention.file.num = 5 (custom)
2019-10-09 10:09:48,629 [pool-403-thread-1] INFO  server.RaftServerConfigKeys (ConfUtils.java:logGet(43)) - raft.server.retrycache.expirytime = 600000ms (custom)
2019-10-09 10:09:48,631 [pool-403-thread-1] INFO  impl.RaftServerImpl (RaftServerImpl.java:start(181)) - 96b37a5b-d1f8-4100-8e17-0088a3bc3513@group-C775D8469361: start as a follower, conf=-1: [96b37a5b-d1f8-4100-8e17-0088a3bc3513:192.168.164.205:42486], old=null
2019-10-09 10:09:48,631 [pool-403-thread-1] INFO  impl.RaftServerImpl (RaftServerImpl.java:setRole(170)) - 96b37a5b-d1f8-4100-8e17-0088a3bc3513@group-C775D8469361: changes role from      null to FOLLOWER at term 0 for startAsFollower
2019-10-09 10:09:48,631 [pool-403-thread-1] INFO  impl.RoleInfo (RoleInfo.java:updateAndGet(143)) - 96b37a5b-d1f8-4100-8e17-0088a3bc3513: start FollowerState
2019-10-09 10:09:48,631 [pool-403-thread-1] INFO  util.JmxRegister (JmxRegister.java:tryRegister(44)) - Successfully registered JMX Bean with object name Ratis:service=RaftServer,group=group-C775D8469361,id=96b37a5b-d1f8-4100-8e17-0088a3bc3513
2019-10-09 10:09:48,636 [RatisPipelineUtilsThread] INFO  pipeline.PipelineStateManager (PipelineStateManager.java:addPipeline(56)) - Created pipeline Pipeline[ Id: 948a0a89-afe4-4224-87ec-c775d8469361, Nodes: 96b37a5b-d1f8-4100-8e17-0088a3bc3513{ip: 192.168.164.205, host: pr-hdds-2271-zcqt4-2554284801, networkLocation: /default-rack, certSerialId: null}, Type:RATIS, Factor:ONE, State:OPEN]
2019-10-09 10:09:48,657 [grpc-default-executor-6] INFO  impl.RaftServerProxy (RaftServerProxy.java:addNew(89)) - 96b37a5b-d1f8-4100-8e17-0088a3bc3513: addNew group-FA78A23AEC1A:[c4e44704-59ec-42a4-bafa-e52ee9404d37:192.168.164.205:38326, b3937cad-36c1-4c32-8256-0bb40f7075f0:192.168.164.205:36694, 96b37a5b-d1f8-4100-8e17-0088a3bc3513:192.168.164.205:42486] returns group-FA78A23AEC1A:java.util.concurrent.CompletableFuture@5240f61e[Not completed]
2019-10-09 10:09:48,657 [grpc-default-executor-4] INFO  impl.RaftServerProxy (RaftServerProxy.java:addNew(89)) - c4e44704-59ec-42a4-bafa-e52ee9404d37: addNew group-FA78A23AEC1A:[c4e44704-59ec-42a4-bafa-e52ee9404d37:192.168.164.205:38326, b3937cad-36c1-4c32-8256-0bb40f7075f0:192.168.164.205:36694, 96b37a5b-d1f8-4100-8e17-0088a3bc3513:192.168.164.205:42486] returns group-FA78A23AEC1A:java.util.concurrent.CompletableFuture@5e6be842[Not completed]
2019-10-09 10:09:48,657 [grpc-default-executor-7] INFO  impl.RaftServerProxy (RaftServerProxy.java:addNew(89)) - b3937cad-36c1-4c32-8256-0bb40f7075f0: addNew group-FA78A23AEC1A:[c4e44704-59ec-42a4-bafa-e52ee9404d37:192.168.164.205:38326, b3937cad-36c1-4c32-8256-0bb40f7075f0:192.168.164.205:36694, 96b37a5b-d1f8-4100-8e17-0088a3bc3513:192.168.164.205:42486] returns group-FA78A23AEC1A:java.util.concurrent.CompletableFuture@38eaae78[Not completed]
2019-10-09 10:09:48,658 [pool-403-thread-1] INFO  impl.RaftServerImpl (RaftServerImpl.java:<init>(95)) - 96b37a5b-d1f8-4100-8e17-0088a3bc3513: new RaftServerImpl for group-FA78A23AEC1A:[c4e44704-59ec-42a4-bafa-e52ee9404d37:192.168.164.205:38326, b3937cad-36c1-4c32-8256-0bb40f7075f0:192.168.164.205:36694, 96b37a5b-d1f8-4100-8e17-0088a3bc3513:192.168.164.205:42486] with ContainerStateMachine:uninitialized
2019-10-09 10:09:48,658 [pool-403-thread-1] INFO  server.RaftServerConfigKeys (ConfUtils.java:logGet(43)) - raft.server.rpc.timeout.min = 5s (custom)
2019-10-09 10:09:48,659 [pool-403-thread-1] INFO  server.RaftServerConfigKeys (ConfUtils.java:logGet(43)) - raft.server.rpc.timeout.max = 5200ms (custom)
2019-10-09 10:09:48,659 [pool-403-thread-1] INFO  server.RaftServerConfigKeys (ConfUtils.java:logGet(43)) - raft.server.rpcslowness.timeout = 120s (custom)
2019-10-09 10:09:48,659 [pool-403-thread-1] INFO  server.RaftServerConfigKeys (ConfUtils.java:logGet(43)) - raft.server.sleep.deviation.threshold = 300 (default)
2019-10-09 10:09:48,659 [pool-383-thread-1] INFO  impl.RaftServerImpl (RaftServerImpl.java:<init>(95)) - b3937cad-36c1-4c32-8256-0bb40f7075f0: new RaftServerImpl for group-FA78A23AEC1A:[c4e44704-59ec-42a4-bafa-e52ee9404d37:192.168.164.205:38326, b3937cad-36c1-4c32-8256-0bb40f7075f0:192.168.164.205:36694, 96b37a5b-d1f8-4100-8e17-0088a3bc3513:192.168.164.205:42486] with ContainerStateMachine:uninitialized
2019-10-09 10:09:48,659 [pool-403-thread-1] INFO  server.RaftServerConfigKeys (ConfUtils.java:logGet(43)) - raft.server.log.appender.install.snapshot.enabled = false (custom)
2019-10-09 10:09:48,659 [pool-383-thread-1] INFO  server.RaftServerConfigKeys (ConfUtils.java:logGet(43)) - raft.server.rpc.timeout.min = 5s (custom)
2019-10-09 10:09:48,660 [pool-403-thread-1] INFO  impl.RaftServerImpl (ServerState.java:<init>(103)) - 96b37a5b-d1f8-4100-8e17-0088a3bc3513@group-FA78A23AEC1A: ConfigurationManager, init=-1: [c4e44704-59ec-42a4-bafa-e52ee9404d37:192.168.164.205:38326, b3937cad-36c1-4c32-8256-0bb40f7075f0:192.168.164.205:36694, 96b37a5b-d1f8-4100-8e17-0088a3bc3513:192.168.164.205:42486], old=null, confs=<EMPTY_MAP>
2019-10-09 10:09:48,660 [pool-393-thread-1] INFO  impl.RaftServerImpl (RaftServerImpl.java:<init>(95)) - c4e44704-59ec-42a4-bafa-e52ee9404d37: new RaftServerImpl for group-FA78A23AEC1A:[c4e44704-59ec-42a4-bafa-e52ee9404d37:192.168.164.205:38326, b3937cad-36c1-4c32-8256-0bb40f7075f0:192.168.164.205:36694, 96b37a5b-d1f8-4100-8e17-0088a3bc3513:192.168.164.205:42486] with ContainerStateMachine:uninitialized
2019-10-09 10:09:48,660 [pool-383-thread-1] INFO  server.RaftServerConfigKeys (ConfUtils.java:logGet(43)) - raft.server.rpc.timeout.max = 5200ms (custom)
2019-10-09 10:09:48,660 [pool-393-thread-1] INFO  server.RaftServerConfigKeys (ConfUtils.java:logGet(43)) - raft.server.rpc.timeout.min = 5s (custom)
2019-10-09 10:09:48,660 [pool-393-thread-1] INFO  server.RaftServerConfigKeys (ConfUtils.java:logGet(43)) - raft.server.rpc.timeout.max = 5200ms (custom)
2019-10-09 10:09:48,660 [pool-403-thread-1] INFO  server.RaftServerConfigKeys (ConfUtils.java:logGet(43)) - raft.server.storage.dir = [/workdir/hadoop-ozone/integration-test/target/test-dir/MiniOzoneClusterImpl-20a6b4b8-63e8-44f3-a607-747c573e7ecd/datanode-2/data/ratis] (custom)
2019-10-09 10:09:48,660 [pool-393-thread-1] INFO  server.RaftServerConfigKeys (ConfUtils.java:logGet(43)) - raft.server.rpcslowness.timeout = 120s (custom)
2019-10-09 10:09:48,661 [pool-393-thread-1] INFO  server.RaftServerConfigKeys (ConfUtils.java:logGet(43)) - raft.server.sleep.deviation.threshold = 300 (default)
2019-10-09 10:09:48,660 [pool-383-thread-1] INFO  server.RaftServerConfigKeys (ConfUtils.java:logGet(43)) - raft.server.rpcslowness.timeout = 120s (custom)
2019-10-09 10:09:48,661 [pool-393-thread-1] INFO  server.RaftServerConfigKeys (ConfUtils.java:logGet(43)) - raft.server.log.appender.install.snapshot.enabled = false (custom)
2019-10-09 10:09:48,661 [pool-403-thread-1] INFO  server.RaftServerConfigKeys (ConfUtils.java:logGet(43)) - raft.server.log.corruption.policy = EXCEPTION (default)
2019-10-09 10:09:48,661 [pool-393-thread-1] INFO  impl.RaftServerImpl (ServerState.java:<init>(103)) - c4e44704-59ec-42a4-bafa-e52ee9404d37@group-FA78A23AEC1A: ConfigurationManager, init=-1: [c4e44704-59ec-42a4-bafa-e52ee9404d37:192.168.164.205:38326, b3937cad-36c1-4c32-8256-0bb40f7075f0:192.168.164.205:36694, 96b37a5b-d1f8-4100-8e17-0088a3bc3513:192.168.164.205:42486], old=null, confs=<EMPTY_MAP>
2019-10-09 10:09:48,661 [pool-403-thread-1] INFO  storage.RaftStorageDirectory (RaftStorageDirectory.java:analyzeStorage(246)) - The storage directory /workdir/hadoop-ozone/integration-test/target/test-dir/MiniOzoneClusterImpl-20a6b4b8-63e8-44f3-a607-747c573e7ecd/datanode-2/data/ratis/1faeb405-c952-4ade-81da-fa78a23aec1a does not exist. Creating ...
2019-10-09 10:09:48,661 [pool-383-thread-1] INFO  server.RaftServerConfigKeys (ConfUtils.java:logGet(43)) - raft.server.sleep.deviation.threshold = 300 (default)
2019-10-09 10:09:48,661 [pool-393-thread-1] INFO  server.RaftServerConfigKeys (ConfUtils.java:logGet(43)) - raft.server.storage.dir = [/workdir/hadoop-ozone/integration-test/target/test-dir/MiniOzoneClusterImpl-20a6b4b8-63e8-44f3-a607-747c573e7ecd/datanode-1/data/ratis] (custom)
2019-10-09 10:09:48,662 [pool-383-thread-1] INFO  server.RaftServerConfigKeys (ConfUtils.java:logGet(43)) - raft.server.log.appender.install.snapshot.enabled = false (custom)
2019-10-09 10:09:48,662 [pool-393-thread-1] INFO  server.RaftServerConfigKeys (ConfUtils.java:logGet(43)) - raft.server.log.corruption.policy = EXCEPTION (default)
2019-10-09 10:09:48,662 [pool-383-thread-1] INFO  impl.RaftServerImpl (ServerState.java:<init>(103)) - b3937cad-36c1-4c32-8256-0bb40f7075f0@group-FA78A23AEC1A: ConfigurationManager, init=-1: [c4e44704-59ec-42a4-bafa-e52ee9404d37:192.168.164.205:38326, b3937cad-36c1-4c32-8256-0bb40f7075f0:192.168.164.205:36694, 96b37a5b-d1f8-4100-8e17-0088a3bc3513:192.168.164.205:42486], old=null, confs=<EMPTY_MAP>
2019-10-09 10:09:48,662 [pool-393-thread-1] INFO  storage.RaftStorageDirectory (RaftStorageDirectory.java:analyzeStorage(246)) - The storage directory /workdir/hadoop-ozone/integration-test/target/test-dir/MiniOzoneClusterImpl-20a6b4b8-63e8-44f3-a607-747c573e7ecd/datanode-1/data/ratis/1faeb405-c952-4ade-81da-fa78a23aec1a does not exist. Creating ...
2019-10-09 10:09:48,662 [pool-383-thread-1] INFO  server.RaftServerConfigKeys (ConfUtils.java:logGet(43)) - raft.server.storage.dir = [/workdir/hadoop-ozone/integration-test/target/test-dir/MiniOzoneClusterImpl-20a6b4b8-63e8-44f3-a607-747c573e7ecd/datanode-0/data/ratis] (custom)
2019-10-09 10:09:48,662 [pool-383-thread-1] INFO  server.RaftServerConfigKeys (ConfUtils.java:logGet(43)) - raft.server.log.corruption.policy = EXCEPTION (default)
2019-10-09 10:09:48,663 [pool-383-thread-1] INFO  storage.RaftStorageDirectory (RaftStorageDirectory.java:analyzeStorage(246)) - The storage directory /workdir/hadoop-ozone/integration-test/target/test-dir/MiniOzoneClusterImpl-20a6b4b8-63e8-44f3-a607-747c573e7ecd/datanode-0/data/ratis/1faeb405-c952-4ade-81da-fa78a23aec1a does not exist. Creating ...
2019-10-09 10:09:48,674 [pool-393-thread-1] INFO  storage.RaftStorageDirectory (RaftStorageDirectory.java:tryLock(328)) - Lock on /workdir/hadoop-ozone/integration-test/target/test-dir/MiniOzoneClusterImpl-20a6b4b8-63e8-44f3-a607-747c573e7ecd/datanode-1/data/ratis/1faeb405-c952-4ade-81da-fa78a23aec1a/in_use.lock acquired by nodename 17593@pr-hdds-2271-zcqt4-2554284801
2019-10-09 10:09:48,674 [pool-403-thread-1] INFO  storage.RaftStorageDirectory (RaftStorageDirectory.java:tryLock(328)) - Lock on /workdir/hadoop-ozone/integration-test/target/test-dir/MiniOzoneClusterImpl-20a6b4b8-63e8-44f3-a607-747c573e7ecd/datanode-2/data/ratis/1faeb405-c952-4ade-81da-fa78a23aec1a/in_use.lock acquired by nodename 17593@pr-hdds-2271-zcqt4-2554284801
2019-10-09 10:09:48,674 [pool-383-thread-1] INFO  storage.RaftStorageDirectory (RaftStorageDirectory.java:tryLock(328)) - Lock on /workdir/hadoop-ozone/integration-test/target/test-dir/MiniOzoneClusterImpl-20a6b4b8-63e8-44f3-a607-747c573e7ecd/datanode-0/data/ratis/1faeb405-c952-4ade-81da-fa78a23aec1a/in_use.lock acquired by nodename 17593@pr-hdds-2271-zcqt4-2554284801
2019-10-09 10:09:48,676 [IPC Server handler 2 on 46331] INFO  net.NetworkTopology (NetworkTopologyImpl.java:add(111)) - Added a new node: /default-rack/7097ba84-dec8-42ff-a3d4-731770d41051
2019-10-09 10:09:48,677 [IPC Server handler 2 on 46331] INFO  node.SCMNodeManager (SCMNodeManager.java:register(268)) - Registered Data node : 7097ba84-dec8-42ff-a3d4-731770d41051{ip: 192.168.164.205, host: pr-hdds-2271-zcqt4-2554284801, networkLocation: /default-rack, certSerialId: null}
2019-10-09 10:09:48,688 [pool-403-thread-1] INFO  storage.RaftStorage (RaftStorage.java:format(84)) - Storage directory /workdir/hadoop-ozone/integration-test/target/test-dir/MiniOzoneClusterImpl-20a6b4b8-63e8-44f3-a607-747c573e7ecd/datanode-2/data/ratis/1faeb405-c952-4ade-81da-fa78a23aec1a has been successfully formatted.
2019-10-09 10:09:48,688 [pool-393-thread-1] INFO  storage.RaftStorage (RaftStorage.java:format(84)) - Storage directory /workdir/hadoop-ozone/integration-test/target/test-dir/MiniOzoneClusterImpl-20a6b4b8-63e8-44f3-a607-747c573e7ecd/datanode-1/data/ratis/1faeb405-c952-4ade-81da-fa78a23aec1a has been successfully formatted.
2019-10-09 10:09:48,688 [pool-383-thread-1] INFO  storage.RaftStorage (RaftStorage.java:format(84)) - Storage directory /workdir/hadoop-ozone/integration-test/target/test-dir/MiniOzoneClusterImpl-20a6b4b8-63e8-44f3-a607-747c573e7ecd/datanode-0/data/ratis/1faeb405-c952-4ade-81da-fa78a23aec1a has been successfully formatted.
2019-10-09 10:09:48,688 [pool-403-thread-1] INFO  ratis.ContainerStateMachine (ContainerStateMachine.java:loadSnapshot(231)) - group-FA78A23AEC1A: The snapshot info is null. Setting the last applied indexto:(t:0, i:~)
2019-10-09 10:09:48,689 [pool-403-thread-1] INFO  server.RaftServerConfigKeys (ConfUtils.java:logGet(43)) - raft.server.notification.no-leader.timeout = 120s (custom)
2019-10-09 10:09:48,689 [pool-383-thread-1] INFO  ratis.ContainerStateMachine (ContainerStateMachine.java:loadSnapshot(231)) - group-FA78A23AEC1A: The snapshot info is null. Setting the last applied indexto:(t:0, i:~)
2019-10-09 10:09:48,689 [pool-403-thread-1] INFO  server.RaftServerConfigKeys (ConfUtils.java:logGet(43)) - raft.server.log.use.memory = false (default)
2019-10-09 10:09:48,689 [pool-383-thread-1] INFO  server.RaftServerConfigKeys (ConfUtils.java:logGet(43)) - raft.server.notification.no-leader.timeout = 120s (custom)
2019-10-09 10:09:48,689 [pool-393-thread-1] INFO  ratis.ContainerStateMachine (ContainerStateMachine.java:loadSnapshot(231)) - group-FA78A23AEC1A: The snapshot info is null. Setting the last applied indexto:(t:0, i:~)
2019-10-09 10:09:48,689 [pool-403-thread-1] INFO  server.RaftServerConfigKeys (ConfUtils.java:logGet(43)) - raft.server.log.purge.gap = 1000000 (custom)
2019-10-09 10:09:48,690 [pool-393-thread-1] INFO  server.RaftServerConfigKeys (ConfUtils.java:logGet(43)) - raft.server.notification.no-leader.timeout = 120s (custom)
2019-10-09 10:09:48,689 [pool-383-thread-1] INFO  server.RaftServerConfigKeys (ConfUtils.java:logGet(43)) - raft.server.log.use.memory = false (default)
2019-10-09 10:09:48,690 [pool-393-thread-1] INFO  server.RaftServerConfigKeys (ConfUtils.java:logGet(43)) - raft.server.log.use.memory = false (default)
2019-10-09 10:09:48,690 [pool-403-thread-1] INFO  server.RaftServerConfigKeys (ConfUtils.java:logGet(43)) - raft.server.log.appender.buffer.byte-limit = 33554432 (custom)
2019-10-09 10:09:48,690 [pool-393-thread-1] INFO  server.RaftServerConfigKeys (ConfUtils.java:logGet(43)) - raft.server.log.purge.gap = 1000000 (custom)
2019-10-09 10:09:48,690 [pool-383-thread-1] INFO  server.RaftServerConfigKeys (ConfUtils.java:logGet(43)) - raft.server.log.purge.gap = 1000000 (custom)
2019-10-09 10:09:48,691 [pool-393-thread-1] INFO  server.RaftServerConfigKeys (ConfUtils.java:logGet(43)) - raft.server.log.appender.buffer.byte-limit = 33554432 (custom)
2019-10-09 10:09:48,690 [pool-403-thread-1] INFO  server.RaftServerConfigKeys (ConfUtils.java:logGet(43)) - raft.server.log.segment.size.max = 1048576 (custom)
2019-10-09 10:09:48,691 [pool-393-thread-1] INFO  server.RaftServerConfigKeys (ConfUtils.java:logGet(43)) - raft.server.log.segment.size.max = 1048576 (custom)
2019-10-09 10:09:48,691 [pool-383-thread-1] INFO  server.RaftServerConfigKeys (ConfUtils.java:logGet(43)) - raft.server.log.appender.buffer.byte-limit = 33554432 (custom)
2019-10-09 10:09:48,691 [pool-393-thread-1] INFO  server.RaftServerConfigKeys (ConfUtils.java:logGet(43)) - raft.server.log.segment.cache.num.max = 2 (custom)
2019-10-09 10:09:48,691 [pool-403-thread-1] INFO  server.RaftServerConfigKeys (ConfUtils.java:logGet(43)) - raft.server.log.segment.cache.num.max = 2 (custom)
2019-10-09 10:09:48,691 [pool-393-thread-1] INFO  segmented.SegmentedRaftLogWorker (SegmentedRaftLogWorker.java:<init>(173)) - new c4e44704-59ec-42a4-bafa-e52ee9404d37@group-FA78A23AEC1A-SegmentedRaftLogWorker for RaftStorage:Storage Directory /workdir/hadoop-ozone/integration-test/target/test-dir/MiniOzoneClusterImpl-20a6b4b8-63e8-44f3-a607-747c573e7ecd/datanode-1/data/ratis/1faeb405-c952-4ade-81da-fa78a23aec1a
2019-10-09 10:09:48,691 [pool-383-thread-1] INFO  server.RaftServerConfigKeys (ConfUtils.java:logGet(43)) - raft.server.log.segment.size.max = 1048576 (custom)
2019-10-09 10:09:48,692 [pool-393-thread-1] INFO  server.RaftServerConfigKeys (ConfUtils.java:logGet(43)) - raft.server.log.queue.byte-limit = 2147483647 (custom)
2019-10-09 10:09:48,692 [pool-403-thread-1] INFO  segmented.SegmentedRaftLogWorker (SegmentedRaftLogWorker.java:<init>(173)) - new 96b37a5b-d1f8-4100-8e17-0088a3bc3513@group-FA78A23AEC1A-SegmentedRaftLogWorker for RaftStorage:Storage Directory /workdir/hadoop-ozone/integration-test/target/test-dir/MiniOzoneClusterImpl-20a6b4b8-63e8-44f3-a607-747c573e7ecd/datanode-2/data/ratis/1faeb405-c952-4ade-81da-fa78a23aec1a
2019-10-09 10:09:48,692 [pool-393-thread-1] INFO  server.RaftServerConfigKeys (ConfUtils.java:logGet(43)) - raft.server.log.queue.element-limit = 1024 (custom)
2019-10-09 10:09:48,692 [pool-383-thread-1] INFO  server.RaftServerConfigKeys (ConfUtils.java:logGet(43)) - raft.server.log.segment.cache.num.max = 2 (custom)
2019-10-09 10:09:48,692 [pool-393-thread-1] INFO  server.RaftServerConfigKeys (ConfUtils.java:logGet(43)) - raft.server.log.segment.size.max = 1048576 (custom)
2019-10-09 10:09:48,692 [pool-403-thread-1] INFO  server.RaftServerConfigKeys (ConfUtils.java:logGet(43)) - raft.server.log.queue.byte-limit = 2147483647 (custom)
2019-10-09 10:09:48,693 [pool-393-thread-1] INFO  server.RaftServerConfigKeys (ConfUtils.java:logGet(43)) - raft.server.log.preallocated.size = 16384 (custom)
2019-10-09 10:09:48,693 [pool-383-thread-1] INFO  segmented.SegmentedRaftLogWorker (SegmentedRaftLogWorker.java:<init>(173)) - new b3937cad-36c1-4c32-8256-0bb40f7075f0@group-FA78A23AEC1A-SegmentedRaftLogWorker for RaftStorage:Storage Directory /workdir/hadoop-ozone/integration-test/target/test-dir/MiniOzoneClusterImpl-20a6b4b8-63e8-44f3-a607-747c573e7ecd/datanode-0/data/ratis/1faeb405-c952-4ade-81da-fa78a23aec1a
2019-10-09 10:09:48,693 [pool-393-thread-1] INFO  server.RaftServerConfigKeys (ConfUtils.java:logGet(43)) - raft.server.log.write.buffer.size = 33554432 (custom)
2019-10-09 10:09:48,693 [pool-403-thread-1] INFO  server.RaftServerConfigKeys (ConfUtils.java:logGet(43)) - raft.server.log.queue.element-limit = 1024 (custom)
2019-10-09 10:09:48,693 [pool-393-thread-1] INFO  server.RaftServerConfigKeys (ConfUtils.java:logGet(43)) - raft.server.log.force.sync.num = 128 (default)
2019-10-09 10:09:48,693 [pool-383-thread-1] INFO  server.RaftServerConfigKeys (ConfUtils.java:logGet(43)) - raft.server.log.queue.byte-limit = 2147483647 (custom)
2019-10-09 10:09:48,694 [pool-393-thread-1] INFO  server.RaftServerConfigKeys (ConfUtils.java:logGet(43)) - raft.server.log.statemachine.data.sync = true (default)
2019-10-09 10:09:48,693 [pool-403-thread-1] INFO  server.RaftServerConfigKeys (ConfUtils.java:logGet(43)) - raft.server.log.segment.size.max = 1048576 (custom)
2019-10-09 10:09:48,694 [pool-393-thread-1] INFO  server.RaftServerConfigKeys (ConfUtils.java:logGet(43)) - raft.server.log.statemachine.data.sync.timeout = 10s (default)
2019-10-09 10:09:48,694 [pool-383-thread-1] INFO  server.RaftServerConfigKeys (ConfUtils.java:logGet(43)) - raft.server.log.queue.element-limit = 1024 (custom)
2019-10-09 10:09:48,694 [pool-393-thread-1] INFO  server.RaftServerConfigKeys (ConfUtils.java:logGet(43)) - raft.server.log.statemachine.data.sync.timeout.retry = -1 (default)
2019-10-09 10:09:48,694 [pool-403-thread-1] INFO  server.RaftServerConfigKeys (ConfUtils.java:logGet(43)) - raft.server.log.preallocated.size = 16384 (custom)
2019-10-09 10:09:48,694 [pool-393-thread-1] INFO  server.RaftServerConfigKeys (ConfUtils.java:logGet(43)) - raft.server.log.statemachine.data.caching.enabled = true (custom)
2019-10-09 10:09:48,694 [pool-383-thread-1] INFO  server.RaftServerConfigKeys (ConfUtils.java:logGet(43)) - raft.server.log.segment.size.max = 1048576 (custom)
2019-10-09 10:09:48,695 [pool-383-thread-1] INFO  server.RaftServerConfigKeys (ConfUtils.java:logGet(43)) - raft.server.log.preallocated.size = 16384 (custom)
2019-10-09 10:09:48,695 [pool-403-thread-1] INFO  server.RaftServerConfigKeys (ConfUtils.java:logGet(43)) - raft.server.log.write.buffer.size = 33554432 (custom)
2019-10-09 10:09:48,695 [pool-383-thread-1] INFO  server.RaftServerConfigKeys (ConfUtils.java:logGet(43)) - raft.server.log.write.buffer.size = 33554432 (custom)
2019-10-09 10:09:48,695 [pool-393-thread-1] INFO  segmented.SegmentedRaftLogWorker (SegmentedRaftLogWorker.java:lambda$new$0(128)) - c4e44704-59ec-42a4-bafa-e52ee9404d37@group-FA78A23AEC1A-SegmentedRaftLogWorker: flushIndex: setUnconditionally 0 -> -1
2019-10-09 10:09:48,695 [pool-383-thread-1] INFO  server.RaftServerConfigKeys (ConfUtils.java:logGet(43)) - raft.server.log.force.sync.num = 128 (default)
2019-10-09 10:09:48,696 [pool-383-thread-1] INFO  server.RaftServerConfigKeys (ConfUtils.java:logGet(43)) - raft.server.log.statemachine.data.sync = true (default)
2019-10-09 10:09:48,695 [pool-403-thread-1] INFO  server.RaftServerConfigKeys (ConfUtils.java:logGet(43)) - raft.server.log.force.sync.num = 128 (default)
2019-10-09 10:09:48,696 [pool-383-thread-1] INFO  server.RaftServerConfigKeys (ConfUtils.java:logGet(43)) - raft.server.log.statemachine.data.sync.timeout = 10s (default)
2019-10-09 10:09:48,696 [pool-393-thread-1] INFO  server.RaftServerConfigKeys (ConfUtils.java:logGet(43)) - raft.server.snapshot.auto.trigger.enabled = true (custom)
2019-10-09 10:09:48,696 [pool-383-thread-1] INFO  server.RaftServerConfigKeys (ConfUtils.java:logGet(43)) - raft.server.log.statemachine.data.sync.timeout.retry = -1 (default)
2019-10-09 10:09:48,696 [pool-403-thread-1] INFO  server.RaftServerConfigKeys (ConfUtils.java:logGet(43)) - raft.server.log.statemachine.data.sync = true (default)
2019-10-09 10:09:48,696 [pool-383-thread-1] INFO  server.RaftServerConfigKeys (ConfUtils.java:logGet(43)) - raft.server.log.statemachine.data.caching.enabled = true (custom)
2019-10-09 10:09:48,696 [pool-393-thread-1] INFO  server.RaftServerConfigKeys (ConfUtils.java:logGet(43)) - raft.server.snapshot.auto.trigger.threshold = 10000 (custom)
2019-10-09 10:09:48,697 [pool-403-thread-1] INFO  server.RaftServerConfigKeys (ConfUtils.java:logGet(43)) - raft.server.log.statemachine.data.sync.timeout = 10s (default)
2019-10-09 10:09:48,697 [pool-393-thread-1] INFO  server.RaftServerConfigKeys (ConfUtils.java:logGet(43)) - raft.server.snapshot.retention.file.num = 5 (custom)
2019-10-09 10:09:48,697 [pool-383-thread-1] INFO  segmented.SegmentedRaftLogWorker (SegmentedRaftLogWorker.java:lambda$new$0(128)) - b3937cad-36c1-4c32-8256-0bb40f7075f0@group-FA78A23AEC1A-SegmentedRaftLogWorker: flushIndex: setUnconditionally 0 -> -1
2019-10-09 10:09:48,697 [pool-393-thread-1] INFO  server.RaftServerConfigKeys (ConfUtils.java:logGet(43)) - raft.server.retrycache.expirytime = 600000ms (custom)
2019-10-09 10:09:48,697 [pool-383-thread-1] INFO  server.RaftServerConfigKeys (ConfUtils.java:logGet(43)) - raft.server.snapshot.auto.trigger.enabled = true (custom)
2019-10-09 10:09:48,697 [pool-403-thread-1] INFO  server.RaftServerConfigKeys (ConfUtils.java:logGet(43)) - raft.server.log.statemachine.data.sync.timeout.retry = -1 (default)
2019-10-09 10:09:48,697 [pool-383-thread-1] INFO  server.RaftServerConfigKeys (ConfUtils.java:logGet(43)) - raft.server.snapshot.auto.trigger.threshold = 10000 (custom)
2019-10-09 10:09:48,698 [pool-403-thread-1] INFO  server.RaftServerConfigKeys (ConfUtils.java:logGet(43)) - raft.server.log.statemachine.data.caching.enabled = true (custom)
2019-10-09 10:09:48,698 [pool-383-thread-1] INFO  server.RaftServerConfigKeys (ConfUtils.java:logGet(43)) - raft.server.snapshot.retention.file.num = 5 (custom)
2019-10-09 10:09:48,698 [pool-383-thread-1] INFO  server.RaftServerConfigKeys (ConfUtils.java:logGet(43)) - raft.server.retrycache.expirytime = 600000ms (custom)
2019-10-09 10:09:48,698 [pool-403-thread-1] INFO  segmented.SegmentedRaftLogWorker (SegmentedRaftLogWorker.java:lambda$new$0(128)) - 96b37a5b-d1f8-4100-8e17-0088a3bc3513@group-FA78A23AEC1A-SegmentedRaftLogWorker: flushIndex: setUnconditionally 0 -> -1
2019-10-09 10:09:48,699 [pool-403-thread-1] INFO  server.RaftServerConfigKeys (ConfUtils.java:logGet(43)) - raft.server.snapshot.auto.trigger.enabled = true (custom)
2019-10-09 10:09:48,699 [pool-403-thread-1] INFO  server.RaftServerConfigKeys (ConfUtils.java:logGet(43)) - raft.server.snapshot.auto.trigger.threshold = 10000 (custom)
2019-10-09 10:09:48,699 [pool-403-thread-1] INFO  server.RaftServerConfigKeys (ConfUtils.java:logGet(43)) - raft.server.snapshot.retention.file.num = 5 (custom)
2019-10-09 10:09:48,699 [pool-403-thread-1] INFO  server.RaftServerConfigKeys (ConfUtils.java:logGet(43)) - raft.server.retrycache.expirytime = 600000ms (custom)
2019-10-09 10:09:48,699 [pool-393-thread-1] INFO  impl.RaftServerImpl (RaftServerImpl.java:start(181)) - c4e44704-59ec-42a4-bafa-e52ee9404d37@group-FA78A23AEC1A: start as a follower, conf=-1: [c4e44704-59ec-42a4-bafa-e52ee9404d37:192.168.164.205:38326, b3937cad-36c1-4c32-8256-0bb40f7075f0:192.168.164.205:36694, 96b37a5b-d1f8-4100-8e17-0088a3bc3513:192.168.164.205:42486], old=null
2019-10-09 10:09:48,699 [pool-393-thread-1] INFO  impl.RaftServerImpl (RaftServerImpl.java:setRole(170)) - c4e44704-59ec-42a4-bafa-e52ee9404d37@group-FA78A23AEC1A: changes role from      null to FOLLOWER at term 0 for startAsFollower
2019-10-09 10:09:48,700 [pool-393-thread-1] INFO  impl.RoleInfo (RoleInfo.java:updateAndGet(143)) - c4e44704-59ec-42a4-bafa-e52ee9404d37: start FollowerState
2019-10-09 10:09:48,700 [pool-393-thread-1] INFO  util.JmxRegister (JmxRegister.java:tryRegister(44)) - Successfully registered JMX Bean with object name Ratis:service=RaftServer,group=group-FA78A23AEC1A,id=c4e44704-59ec-42a4-bafa-e52ee9404d37
2019-10-09 10:09:48,700 [pool-383-thread-1] INFO  impl.RaftServerImpl (RaftServerImpl.java:start(181)) - b3937cad-36c1-4c32-8256-0bb40f7075f0@group-FA78A23AEC1A: start as a follower, conf=-1: [c4e44704-59ec-42a4-bafa-e52ee9404d37:192.168.164.205:38326, b3937cad-36c1-4c32-8256-0bb40f7075f0:192.168.164.205:36694, 96b37a5b-d1f8-4100-8e17-0088a3bc3513:192.168.164.205:42486], old=null
2019-10-09 10:09:48,700 [pool-383-thread-1] INFO  impl.RaftServerImpl (RaftServerImpl.java:setRole(170)) - b3937cad-36c1-4c32-8256-0bb40f7075f0@group-FA78A23AEC1A: changes role from      null to FOLLOWER at term 0 for startAsFollower
2019-10-09 10:09:48,701 [pool-383-thread-1] INFO  impl.RoleInfo (RoleInfo.java:updateAndGet(143)) - b3937cad-36c1-4c32-8256-0bb40f7075f0: start FollowerState
2019-10-09 10:09:48,701 [pool-383-thread-1] INFO  util.JmxRegister (JmxRegister.java:tryRegister(44)) - Successfully registered JMX Bean with object name Ratis:service=RaftServer,group=group-FA78A23AEC1A,id=b3937cad-36c1-4c32-8256-0bb40f7075f0
2019-10-09 10:09:48,702 [pool-403-thread-1] INFO  impl.RaftServerImpl (RaftServerImpl.java:start(181)) - 96b37a5b-d1f8-4100-8e17-0088a3bc3513@group-FA78A23AEC1A: start as a follower, conf=-1: [c4e44704-59ec-42a4-bafa-e52ee9404d37:192.168.164.205:38326, b3937cad-36c1-4c32-8256-0bb40f7075f0:192.168.164.205:36694, 96b37a5b-d1f8-4100-8e17-0088a3bc3513:192.168.164.205:42486], old=null
2019-10-09 10:09:48,702 [pool-403-thread-1] INFO  impl.RaftServerImpl (RaftServerImpl.java:setRole(170)) - 96b37a5b-d1f8-4100-8e17-0088a3bc3513@group-FA78A23AEC1A: changes role from      null to FOLLOWER at term 0 for startAsFollower
2019-10-09 10:09:48,702 [pool-403-thread-1] INFO  impl.RoleInfo (RoleInfo.java:updateAndGet(143)) - 96b37a5b-d1f8-4100-8e17-0088a3bc3513: start FollowerState
2019-10-09 10:09:48,702 [pool-403-thread-1] INFO  util.JmxRegister (JmxRegister.java:tryRegister(44)) - Successfully registered JMX Bean with object name Ratis:service=RaftServer,group=group-FA78A23AEC1A,id=96b37a5b-d1f8-4100-8e17-0088a3bc3513
2019-10-09 10:09:48,707 [RatisPipelineUtilsThread] INFO  pipeline.PipelineStateManager (PipelineStateManager.java:addPipeline(56)) - Created pipeline Pipeline[ Id: 1faeb405-c952-4ade-81da-fa78a23aec1a, Nodes: 96b37a5b-d1f8-4100-8e17-0088a3bc3513{ip: 192.168.164.205, host: pr-hdds-2271-zcqt4-2554284801, networkLocation: /default-rack, certSerialId: null}c4e44704-59ec-42a4-bafa-e52ee9404d37{ip: 192.168.164.205, host: pr-hdds-2271-zcqt4-2554284801, networkLocation: /default-rack, certSerialId: null}b3937cad-36c1-4c32-8256-0bb40f7075f0{ip: 192.168.164.205, host: pr-hdds-2271-zcqt4-2554284801, networkLocation: /default-rack, certSerialId: null}, Type:RATIS, Factor:THREE, State:OPEN]
2019-10-09 10:09:48,787 [IPC Server handler 3 on 46331] INFO  net.NetworkTopology (NetworkTopologyImpl.java:add(111)) - Added a new node: /default-rack/bb9670a9-7d44-4488-9cea-795cb3ddb9a2
2019-10-09 10:09:48,788 [IPC Server handler 3 on 46331] INFO  node.SCMNodeManager (SCMNodeManager.java:register(268)) - Registered Data node : bb9670a9-7d44-4488-9cea-795cb3ddb9a2{ip: 192.168.164.205, host: pr-hdds-2271-zcqt4-2554284801, networkLocation: /default-rack, certSerialId: null}
2019-10-09 10:09:48,797 [grpc-default-executor-7] INFO  impl.RaftServerProxy (RaftServerProxy.java:addNew(89)) - 7097ba84-dec8-42ff-a3d4-731770d41051: addNew group-B6FCAA1EA4C1:[7097ba84-dec8-42ff-a3d4-731770d41051:192.168.164.205:42634] returns group-B6FCAA1EA4C1:java.util.concurrent.CompletableFuture@219f8aa0[Not completed]
2019-10-09 10:09:48,798 [pool-413-thread-1] INFO  impl.RaftServerImpl (RaftServerImpl.java:<init>(95)) - 7097ba84-dec8-42ff-a3d4-731770d41051: new RaftServerImpl for group-B6FCAA1EA4C1:[7097ba84-dec8-42ff-a3d4-731770d41051:192.168.164.205:42634] with ContainerStateMachine:uninitialized
2019-10-09 10:09:48,798 [pool-413-thread-1] INFO  server.RaftServerConfigKeys (ConfUtils.java:logGet(43)) - raft.server.rpc.timeout.min = 5s (custom)
2019-10-09 10:09:48,798 [pool-413-thread-1] INFO  server.RaftServerConfigKeys (ConfUtils.java:logGet(43)) - raft.server.rpc.timeout.max = 5200ms (custom)
2019-10-09 10:09:48,798 [pool-413-thread-1] INFO  server.RaftServerConfigKeys (ConfUtils.java:logGet(43)) - raft.server.rpcslowness.timeout = 120s (custom)
2019-10-09 10:09:48,798 [pool-413-thread-1] INFO  server.RaftServerConfigKeys (ConfUtils.java:logGet(43)) - raft.server.sleep.deviation.threshold = 300 (default)
2019-10-09 10:09:48,799 [pool-413-thread-1] INFO  server.RaftServerConfigKeys (ConfUtils.java:logGet(43)) - raft.server.log.appender.install.snapshot.enabled = false (custom)
2019-10-09 10:09:48,799 [pool-413-thread-1] INFO  impl.RaftServerImpl (ServerState.java:<init>(103)) - 7097ba84-dec8-42ff-a3d4-731770d41051@group-B6FCAA1EA4C1: ConfigurationManager, init=-1: [7097ba84-dec8-42ff-a3d4-731770d41051:192.168.164.205:42634], old=null, confs=<EMPTY_MAP>
2019-10-09 10:09:48,799 [pool-413-thread-1] INFO  server.RaftServerConfigKeys (ConfUtils.java:logGet(43)) - raft.server.storage.dir = [/workdir/hadoop-ozone/integration-test/target/test-dir/MiniOzoneClusterImpl-20a6b4b8-63e8-44f3-a607-747c573e7ecd/datanode-3/data/ratis] (custom)
2019-10-09 10:09:48,799 [pool-413-thread-1] INFO  server.RaftServerConfigKeys (ConfUtils.java:logGet(43)) - raft.server.log.corruption.policy = EXCEPTION (default)
2019-10-09 10:09:48,799 [pool-413-thread-1] INFO  storage.RaftStorageDirectory (RaftStorageDirectory.java:analyzeStorage(246)) - The storage directory /workdir/hadoop-ozone/integration-test/target/test-dir/MiniOzoneClusterImpl-20a6b4b8-63e8-44f3-a607-747c573e7ecd/datanode-3/data/ratis/3757c8d6-1beb-45db-a25c-b6fcaa1ea4c1 does not exist. Creating ...
2019-10-09 10:09:48,812 [pool-413-thread-1] INFO  storage.RaftStorageDirectory (RaftStorageDirectory.java:tryLock(328)) - Lock on /workdir/hadoop-ozone/integration-test/target/test-dir/MiniOzoneClusterImpl-20a6b4b8-63e8-44f3-a607-747c573e7ecd/datanode-3/data/ratis/3757c8d6-1beb-45db-a25c-b6fcaa1ea4c1/in_use.lock acquired by nodename 17593@pr-hdds-2271-zcqt4-2554284801
2019-10-09 10:09:48,825 [pool-413-thread-1] INFO  storage.RaftStorage (RaftStorage.java:format(84)) - Storage directory /workdir/hadoop-ozone/integration-test/target/test-dir/MiniOzoneClusterImpl-20a6b4b8-63e8-44f3-a607-747c573e7ecd/datanode-3/data/ratis/3757c8d6-1beb-45db-a25c-b6fcaa1ea4c1 has been successfully formatted.
2019-10-09 10:09:48,825 [pool-413-thread-1] INFO  ratis.ContainerStateMachine (ContainerStateMachine.java:loadSnapshot(231)) - group-B6FCAA1EA4C1: The snapshot info is null. Setting the last applied indexto:(t:0, i:~)
2019-10-09 10:09:48,825 [pool-413-thread-1] INFO  server.RaftServerConfigKeys (ConfUtils.java:logGet(43)) - raft.server.notification.no-leader.timeout = 120s (custom)
2019-10-09 10:09:48,825 [pool-413-thread-1] INFO  server.RaftServerConfigKeys (ConfUtils.java:logGet(43)) - raft.server.log.use.memory = false (default)
2019-10-09 10:09:48,826 [pool-413-thread-1] INFO  server.RaftServerConfigKeys (ConfUtils.java:logGet(43)) - raft.server.log.purge.gap = 1000000 (custom)
2019-10-09 10:09:48,826 [pool-413-thread-1] INFO  server.RaftServerConfigKeys (ConfUtils.java:logGet(43)) - raft.server.log.appender.buffer.byte-limit = 33554432 (custom)
2019-10-09 10:09:48,826 [pool-413-thread-1] INFO  server.RaftServerConfigKeys (ConfUtils.java:logGet(43)) - raft.server.log.segment.size.max = 1048576 (custom)
2019-10-09 10:09:48,828 [pool-413-thread-1] INFO  server.RaftServerConfigKeys (ConfUtils.java:logGet(43)) - raft.server.log.segment.cache.num.max = 2 (custom)
2019-10-09 10:09:48,828 [pool-413-thread-1] INFO  segmented.SegmentedRaftLogWorker (SegmentedRaftLogWorker.java:<init>(173)) - new 7097ba84-dec8-42ff-a3d4-731770d41051@group-B6FCAA1EA4C1-SegmentedRaftLogWorker for RaftStorage:Storage Directory /workdir/hadoop-ozone/integration-test/target/test-dir/MiniOzoneClusterImpl-20a6b4b8-63e8-44f3-a607-747c573e7ecd/datanode-3/data/ratis/3757c8d6-1beb-45db-a25c-b6fcaa1ea4c1
2019-10-09 10:09:48,828 [pool-413-thread-1] INFO  server.RaftServerConfigKeys (ConfUtils.java:logGet(43)) - raft.server.log.queue.byte-limit = 2147483647 (custom)
2019-10-09 10:09:48,828 [pool-413-thread-1] INFO  server.RaftServerConfigKeys (ConfUtils.java:logGet(43)) - raft.server.log.queue.element-limit = 1024 (custom)
2019-10-09 10:09:48,828 [pool-413-thread-1] INFO  server.RaftServerConfigKeys (ConfUtils.java:logGet(43)) - raft.server.log.segment.size.max = 1048576 (custom)
2019-10-09 10:09:48,828 [pool-413-thread-1] INFO  server.RaftServerConfigKeys (ConfUtils.java:logGet(43)) - raft.server.log.preallocated.size = 16384 (custom)
2019-10-09 10:09:48,828 [pool-413-thread-1] INFO  server.RaftServerConfigKeys (ConfUtils.java:logGet(43)) - raft.server.log.write.buffer.size = 33554432 (custom)
2019-10-09 10:09:48,829 [pool-413-thread-1] INFO  server.RaftServerConfigKeys (ConfUtils.java:logGet(43)) - raft.server.log.force.sync.num = 128 (default)
2019-10-09 10:09:48,829 [pool-413-thread-1] INFO  server.RaftServerConfigKeys (ConfUtils.java:logGet(43)) - raft.server.log.statemachine.data.sync = true (default)
2019-10-09 10:09:48,829 [pool-413-thread-1] INFO  server.RaftServerConfigKeys (ConfUtils.java:logGet(43)) - raft.server.log.statemachine.data.sync.timeout = 10s (default)
2019-10-09 10:09:48,829 [pool-413-thread-1] INFO  server.RaftServerConfigKeys (ConfUtils.java:logGet(43)) - raft.server.log.statemachine.data.sync.timeout.retry = -1 (default)
2019-10-09 10:09:48,829 [pool-413-thread-1] INFO  server.RaftServerConfigKeys (ConfUtils.java:logGet(43)) - raft.server.log.statemachine.data.caching.enabled = true (custom)
2019-10-09 10:09:48,830 [pool-413-thread-1] INFO  segmented.SegmentedRaftLogWorker (SegmentedRaftLogWorker.java:lambda$new$0(128)) - 7097ba84-dec8-42ff-a3d4-731770d41051@group-B6FCAA1EA4C1-SegmentedRaftLogWorker: flushIndex: setUnconditionally 0 -> -1
2019-10-09 10:09:48,830 [pool-413-thread-1] INFO  server.RaftServerConfigKeys (ConfUtils.java:logGet(43)) - raft.server.snapshot.auto.trigger.enabled = true (custom)
2019-10-09 10:09:48,830 [pool-413-thread-1] INFO  server.RaftServerConfigKeys (ConfUtils.java:logGet(43)) - raft.server.snapshot.auto.trigger.threshold = 10000 (custom)
2019-10-09 10:09:48,830 [pool-413-thread-1] INFO  server.RaftServerConfigKeys (ConfUtils.java:logGet(43)) - raft.server.snapshot.retention.file.num = 5 (custom)
2019-10-09 10:09:48,830 [pool-413-thread-1] INFO  server.RaftServerConfigKeys (ConfUtils.java:logGet(43)) - raft.server.retrycache.expirytime = 600000ms (custom)
2019-10-09 10:09:48,832 [pool-413-thread-1] INFO  impl.RaftServerImpl (RaftServerImpl.java:start(181)) - 7097ba84-dec8-42ff-a3d4-731770d41051@group-B6FCAA1EA4C1: start as a follower, conf=-1: [7097ba84-dec8-42ff-a3d4-731770d41051:192.168.164.205:42634], old=null
2019-10-09 10:09:48,832 [pool-413-thread-1] INFO  impl.RaftServerImpl (RaftServerImpl.java:setRole(170)) - 7097ba84-dec8-42ff-a3d4-731770d41051@group-B6FCAA1EA4C1: changes role from      null to FOLLOWER at term 0 for startAsFollower
2019-10-09 10:09:48,832 [pool-413-thread-1] INFO  impl.RoleInfo (RoleInfo.java:updateAndGet(143)) - 7097ba84-dec8-42ff-a3d4-731770d41051: start FollowerState
2019-10-09 10:09:48,833 [pool-413-thread-1] INFO  util.JmxRegister (JmxRegister.java:tryRegister(44)) - Successfully registered JMX Bean with object name Ratis:service=RaftServer,group=group-B6FCAA1EA4C1,id=7097ba84-dec8-42ff-a3d4-731770d41051
2019-10-09 10:09:48,837 [RatisPipelineUtilsThread] INFO  pipeline.PipelineStateManager (PipelineStateManager.java:addPipeline(56)) - Created pipeline Pipeline[ Id: 3757c8d6-1beb-45db-a25c-b6fcaa1ea4c1, Nodes: 7097ba84-dec8-42ff-a3d4-731770d41051{ip: 192.168.164.205, host: pr-hdds-2271-zcqt4-2554284801, networkLocation: /default-rack, certSerialId: null}, Type:RATIS, Factor:ONE, State:OPEN]
2019-10-09 10:09:48,845 [grpc-default-executor-7] INFO  impl.RaftServerProxy (RaftServerProxy.java:addNew(89)) - bb9670a9-7d44-4488-9cea-795cb3ddb9a2: addNew group-9674C13674C2:[bb9670a9-7d44-4488-9cea-795cb3ddb9a2:192.168.164.205:43719] returns group-9674C13674C2:java.util.concurrent.CompletableFuture@32819a64[Not completed]
2019-10-09 10:09:48,847 [pool-423-thread-1] INFO  impl.RaftServerImpl (RaftServerImpl.java:<init>(95)) - bb9670a9-7d44-4488-9cea-795cb3ddb9a2: new RaftServerImpl for group-9674C13674C2:[bb9670a9-7d44-4488-9cea-795cb3ddb9a2:192.168.164.205:43719] with ContainerStateMachine:uninitialized
2019-10-09 10:09:48,847 [pool-423-thread-1] INFO  server.RaftServerConfigKeys (ConfUtils.java:logGet(43)) - raft.server.rpc.timeout.min = 5s (custom)
2019-10-09 10:09:48,847 [pool-423-thread-1] INFO  server.RaftServerConfigKeys (ConfUtils.java:logGet(43)) - raft.server.rpc.timeout.max = 5200ms (custom)
2019-10-09 10:09:48,847 [pool-423-thread-1] INFO  server.RaftServerConfigKeys (ConfUtils.java:logGet(43)) - raft.server.rpcslowness.timeout = 120s (custom)
2019-10-09 10:09:48,847 [pool-423-thread-1] INFO  server.RaftServerConfigKeys (ConfUtils.java:logGet(43)) - raft.server.sleep.deviation.threshold = 300 (default)
2019-10-09 10:09:48,847 [pool-423-thread-1] INFO  server.RaftServerConfigKeys (ConfUtils.java:logGet(43)) - raft.server.log.appender.install.snapshot.enabled = false (custom)
2019-10-09 10:09:48,847 [pool-423-thread-1] INFO  impl.RaftServerImpl (ServerState.java:<init>(103)) - bb9670a9-7d44-4488-9cea-795cb3ddb9a2@group-9674C13674C2: ConfigurationManager, init=-1: [bb9670a9-7d44-4488-9cea-795cb3ddb9a2:192.168.164.205:43719], old=null, confs=<EMPTY_MAP>
2019-10-09 10:09:48,848 [pool-423-thread-1] INFO  server.RaftServerConfigKeys (ConfUtils.java:logGet(43)) - raft.server.storage.dir = [/workdir/hadoop-ozone/integration-test/target/test-dir/MiniOzoneClusterImpl-20a6b4b8-63e8-44f3-a607-747c573e7ecd/datanode-4/data/ratis] (custom)
2019-10-09 10:09:48,848 [pool-423-thread-1] INFO  server.RaftServerConfigKeys (ConfUtils.java:logGet(43)) - raft.server.log.corruption.policy = EXCEPTION (default)
2019-10-09 10:09:48,848 [pool-423-thread-1] INFO  storage.RaftStorageDirectory (RaftStorageDirectory.java:analyzeStorage(246)) - The storage directory /workdir/hadoop-ozone/integration-test/target/test-dir/MiniOzoneClusterImpl-20a6b4b8-63e8-44f3-a607-747c573e7ecd/datanode-4/data/ratis/10017d13-b1e2-457d-86b3-9674c13674c2 does not exist. Creating ...
2019-10-09 10:09:48,861 [pool-423-thread-1] INFO  storage.RaftStorageDirectory (RaftStorageDirectory.java:tryLock(328)) - Lock on /workdir/hadoop-ozone/integration-test/target/test-dir/MiniOzoneClusterImpl-20a6b4b8-63e8-44f3-a607-747c573e7ecd/datanode-4/data/ratis/10017d13-b1e2-457d-86b3-9674c13674c2/in_use.lock acquired by nodename 17593@pr-hdds-2271-zcqt4-2554284801
2019-10-09 10:09:48,874 [pool-423-thread-1] INFO  storage.RaftStorage (RaftStorage.java:format(84)) - Storage directory /workdir/hadoop-ozone/integration-test/target/test-dir/MiniOzoneClusterImpl-20a6b4b8-63e8-44f3-a607-747c573e7ecd/datanode-4/data/ratis/10017d13-b1e2-457d-86b3-9674c13674c2 has been successfully formatted.
2019-10-09 10:09:48,874 [pool-423-thread-1] INFO  ratis.ContainerStateMachine (ContainerStateMachine.java:loadSnapshot(231)) - group-9674C13674C2: The snapshot info is null. Setting the last applied indexto:(t:0, i:~)
2019-10-09 10:09:48,874 [pool-423-thread-1] INFO  server.RaftServerConfigKeys (ConfUtils.java:logGet(43)) - raft.server.notification.no-leader.timeout = 120s (custom)
2019-10-09 10:09:48,874 [pool-423-thread-1] INFO  server.RaftServerConfigKeys (ConfUtils.java:logGet(43)) - raft.server.log.use.memory = false (default)
2019-10-09 10:09:48,874 [pool-423-thread-1] INFO  server.RaftServerConfigKeys (ConfUtils.java:logGet(43)) - raft.server.log.purge.gap = 1000000 (custom)
2019-10-09 10:09:48,875 [pool-423-thread-1] INFO  server.RaftServerConfigKeys (ConfUtils.java:logGet(43)) - raft.server.log.appender.buffer.byte-limit = 33554432 (custom)
2019-10-09 10:09:48,875 [pool-423-thread-1] INFO  server.RaftServerConfigKeys (ConfUtils.java:logGet(43)) - raft.server.log.segment.size.max = 1048576 (custom)
2019-10-09 10:09:48,876 [pool-423-thread-1] INFO  server.RaftServerConfigKeys (ConfUtils.java:logGet(43)) - raft.server.log.segment.cache.num.max = 2 (custom)
2019-10-09 10:09:48,877 [pool-423-thread-1] INFO  segmented.SegmentedRaftLogWorker (SegmentedRaftLogWorker.java:<init>(173)) - new bb9670a9-7d44-4488-9cea-795cb3ddb9a2@group-9674C13674C2-SegmentedRaftLogWorker for RaftStorage:Storage Directory /workdir/hadoop-ozone/integration-test/target/test-dir/MiniOzoneClusterImpl-20a6b4b8-63e8-44f3-a607-747c573e7ecd/datanode-4/data/ratis/10017d13-b1e2-457d-86b3-9674c13674c2
2019-10-09 10:09:48,877 [pool-423-thread-1] INFO  server.RaftServerConfigKeys (ConfUtils.java:logGet(43)) - raft.server.log.queue.byte-limit = 2147483647 (custom)
2019-10-09 10:09:48,877 [pool-423-thread-1] INFO  server.RaftServerConfigKeys (ConfUtils.java:logGet(43)) - raft.server.log.queue.element-limit = 1024 (custom)
2019-10-09 10:09:48,877 [pool-423-thread-1] INFO  server.RaftServerConfigKeys (ConfUtils.java:logGet(43)) - raft.server.log.segment.size.max = 1048576 (custom)
2019-10-09 10:09:48,877 [pool-423-thread-1] INFO  server.RaftServerConfigKeys (ConfUtils.java:logGet(43)) - raft.server.log.preallocated.size = 16384 (custom)
2019-10-09 10:09:48,877 [pool-423-thread-1] INFO  server.RaftServerConfigKeys (ConfUtils.java:logGet(43)) - raft.server.log.write.buffer.size = 33554432 (custom)
2019-10-09 10:09:48,877 [pool-423-thread-1] INFO  server.RaftServerConfigKeys (ConfUtils.java:logGet(43)) - raft.server.log.force.sync.num = 128 (default)
2019-10-09 10:09:48,878 [pool-423-thread-1] INFO  server.RaftServerConfigKeys (ConfUtils.java:logGet(43)) - raft.server.log.statemachine.data.sync = true (default)
2019-10-09 10:09:48,878 [pool-423-thread-1] INFO  server.RaftServerConfigKeys (ConfUtils.java:logGet(43)) - raft.server.log.statemachine.data.sync.timeout = 10s (default)
2019-10-09 10:09:48,878 [pool-423-thread-1] INFO  server.RaftServerConfigKeys (ConfUtils.java:logGet(43)) - raft.server.log.statemachine.data.sync.timeout.retry = -1 (default)
2019-10-09 10:09:48,878 [pool-423-thread-1] INFO  server.RaftServerConfigKeys (ConfUtils.java:logGet(43)) - raft.server.log.statemachine.data.caching.enabled = true (custom)
2019-10-09 10:09:48,879 [pool-423-thread-1] INFO  segmented.SegmentedRaftLogWorker (SegmentedRaftLogWorker.java:lambda$new$0(128)) - bb9670a9-7d44-4488-9cea-795cb3ddb9a2@group-9674C13674C2-SegmentedRaftLogWorker: flushIndex: setUnconditionally 0 -> -1
2019-10-09 10:09:48,879 [pool-423-thread-1] INFO  server.RaftServerConfigKeys (ConfUtils.java:logGet(43)) - raft.server.snapshot.auto.trigger.enabled = true (custom)
2019-10-09 10:09:48,879 [pool-423-thread-1] INFO  server.RaftServerConfigKeys (ConfUtils.java:logGet(43)) - raft.server.snapshot.auto.trigger.threshold = 10000 (custom)
2019-10-09 10:09:48,879 [pool-423-thread-1] INFO  server.RaftServerConfigKeys (ConfUtils.java:logGet(43)) - raft.server.snapshot.retention.file.num = 5 (custom)
2019-10-09 10:09:48,879 [pool-423-thread-1] INFO  server.RaftServerConfigKeys (ConfUtils.java:logGet(43)) - raft.server.retrycache.expirytime = 600000ms (custom)
2019-10-09 10:09:48,881 [pool-423-thread-1] INFO  impl.RaftServerImpl (RaftServerImpl.java:start(181)) - bb9670a9-7d44-4488-9cea-795cb3ddb9a2@group-9674C13674C2: start as a follower, conf=-1: [bb9670a9-7d44-4488-9cea-795cb3ddb9a2:192.168.164.205:43719], old=null
2019-10-09 10:09:48,881 [pool-423-thread-1] INFO  impl.RaftServerImpl (RaftServerImpl.java:setRole(170)) - bb9670a9-7d44-4488-9cea-795cb3ddb9a2@group-9674C13674C2: changes role from      null to FOLLOWER at term 0 for startAsFollower
2019-10-09 10:09:48,881 [pool-423-thread-1] INFO  impl.RoleInfo (RoleInfo.java:updateAndGet(143)) - bb9670a9-7d44-4488-9cea-795cb3ddb9a2: start FollowerState
2019-10-09 10:09:48,882 [pool-423-thread-1] INFO  util.JmxRegister (JmxRegister.java:tryRegister(44)) - Successfully registered JMX Bean with object name Ratis:service=RaftServer,group=group-9674C13674C2,id=bb9670a9-7d44-4488-9cea-795cb3ddb9a2
2019-10-09 10:09:48,885 [RatisPipelineUtilsThread] INFO  pipeline.PipelineStateManager (PipelineStateManager.java:addPipeline(56)) - Created pipeline Pipeline[ Id: 10017d13-b1e2-457d-86b3-9674c13674c2, Nodes: bb9670a9-7d44-4488-9cea-795cb3ddb9a2{ip: 192.168.164.205, host: pr-hdds-2271-zcqt4-2554284801, networkLocation: /default-rack, certSerialId: null}, Type:RATIS, Factor:ONE, State:OPEN]
2019-10-09 10:09:48,899 [IPC Server handler 0 on 46331] INFO  net.NetworkTopology (NetworkTopologyImpl.java:add(111)) - Added a new node: /default-rack/92c1bb28-bd4e-4191-b5e5-43066b9f0ea3
2019-10-09 10:09:48,900 [IPC Server handler 0 on 46331] INFO  node.SCMNodeManager (SCMNodeManager.java:register(268)) - Registered Data node : 92c1bb28-bd4e-4191-b5e5-43066b9f0ea3{ip: 192.168.164.205, host: pr-hdds-2271-zcqt4-2554284801, networkLocation: /default-rack, certSerialId: null}
2019-10-09 10:09:48,911 [grpc-default-executor-7] INFO  impl.RaftServerProxy (RaftServerProxy.java:addNew(89)) - 92c1bb28-bd4e-4191-b5e5-43066b9f0ea3: addNew group-18CD5B67ECA3:[92c1bb28-bd4e-4191-b5e5-43066b9f0ea3:192.168.164.205:39071] returns group-18CD5B67ECA3:java.util.concurrent.CompletableFuture@220b8df4[Not completed]
2019-10-09 10:09:48,913 [pool-433-thread-1] INFO  impl.RaftServerImpl (RaftServerImpl.java:<init>(95)) - 92c1bb28-bd4e-4191-b5e5-43066b9f0ea3: new RaftServerImpl for group-18CD5B67ECA3:[92c1bb28-bd4e-4191-b5e5-43066b9f0ea3:192.168.164.205:39071] with ContainerStateMachine:uninitialized
2019-10-09 10:09:48,914 [pool-433-thread-1] INFO  server.RaftServerConfigKeys (ConfUtils.java:logGet(43)) - raft.server.rpc.timeout.min = 5s (custom)
2019-10-09 10:09:48,914 [pool-433-thread-1] INFO  server.RaftServerConfigKeys (ConfUtils.java:logGet(43)) - raft.server.rpc.timeout.max = 5200ms (custom)
2019-10-09 10:09:48,914 [pool-433-thread-1] INFO  server.RaftServerConfigKeys (ConfUtils.java:logGet(43)) - raft.server.rpcslowness.timeout = 120s (custom)
2019-10-09 10:09:48,914 [pool-433-thread-1] INFO  server.RaftServerConfigKeys (ConfUtils.java:logGet(43)) - raft.server.sleep.deviation.threshold = 300 (default)
2019-10-09 10:09:48,914 [pool-433-thread-1] INFO  server.RaftServerConfigKeys (ConfUtils.java:logGet(43)) - raft.server.log.appender.install.snapshot.enabled = false (custom)
2019-10-09 10:09:48,914 [pool-433-thread-1] INFO  impl.RaftServerImpl (ServerState.java:<init>(103)) - 92c1bb28-bd4e-4191-b5e5-43066b9f0ea3@group-18CD5B67ECA3: ConfigurationManager, init=-1: [92c1bb28-bd4e-4191-b5e5-43066b9f0ea3:192.168.164.205:39071], old=null, confs=<EMPTY_MAP>
2019-10-09 10:09:48,914 [pool-433-thread-1] INFO  server.RaftServerConfigKeys (ConfUtils.java:logGet(43)) - raft.server.storage.dir = [/workdir/hadoop-ozone/integration-test/target/test-dir/MiniOzoneClusterImpl-20a6b4b8-63e8-44f3-a607-747c573e7ecd/datanode-5/data/ratis] (custom)
2019-10-09 10:09:48,915 [pool-433-thread-1] INFO  server.RaftServerConfigKeys (ConfUtils.java:logGet(43)) - raft.server.log.corruption.policy = EXCEPTION (default)
2019-10-09 10:09:48,915 [pool-433-thread-1] INFO  storage.RaftStorageDirectory (RaftStorageDirectory.java:analyzeStorage(246)) - The storage directory /workdir/hadoop-ozone/integration-test/target/test-dir/MiniOzoneClusterImpl-20a6b4b8-63e8-44f3-a607-747c573e7ecd/datanode-5/data/ratis/2548f105-8cb9-4f04-9d11-18cd5b67eca3 does not exist. Creating ...
2019-10-09 10:09:48,928 [pool-433-thread-1] INFO  storage.RaftStorageDirectory (RaftStorageDirectory.java:tryLock(328)) - Lock on /workdir/hadoop-ozone/integration-test/target/test-dir/MiniOzoneClusterImpl-20a6b4b8-63e8-44f3-a607-747c573e7ecd/datanode-5/data/ratis/2548f105-8cb9-4f04-9d11-18cd5b67eca3/in_use.lock acquired by nodename 17593@pr-hdds-2271-zcqt4-2554284801
2019-10-09 10:09:48,940 [pool-433-thread-1] INFO  storage.RaftStorage (RaftStorage.java:format(84)) - Storage directory /workdir/hadoop-ozone/integration-test/target/test-dir/MiniOzoneClusterImpl-20a6b4b8-63e8-44f3-a607-747c573e7ecd/datanode-5/data/ratis/2548f105-8cb9-4f04-9d11-18cd5b67eca3 has been successfully formatted.
2019-10-09 10:09:48,941 [pool-433-thread-1] INFO  ratis.ContainerStateMachine (ContainerStateMachine.java:loadSnapshot(231)) - group-18CD5B67ECA3: The snapshot info is null. Setting the last applied indexto:(t:0, i:~)
2019-10-09 10:09:48,941 [pool-433-thread-1] INFO  server.RaftServerConfigKeys (ConfUtils.java:logGet(43)) - raft.server.notification.no-leader.timeout = 120s (custom)
2019-10-09 10:09:48,941 [pool-433-thread-1] INFO  server.RaftServerConfigKeys (ConfUtils.java:logGet(43)) - raft.server.log.use.memory = false (default)
2019-10-09 10:09:48,941 [pool-433-thread-1] INFO  server.RaftServerConfigKeys (ConfUtils.java:logGet(43)) - raft.server.log.purge.gap = 1000000 (custom)
2019-10-09 10:09:48,941 [pool-433-thread-1] INFO  server.RaftServerConfigKeys (ConfUtils.java:logGet(43)) - raft.server.log.appender.buffer.byte-limit = 33554432 (custom)
2019-10-09 10:09:48,941 [pool-433-thread-1] INFO  server.RaftServerConfigKeys (ConfUtils.java:logGet(43)) - raft.server.log.segment.size.max = 1048576 (custom)
2019-10-09 10:09:48,942 [pool-433-thread-1] INFO  server.RaftServerConfigKeys (ConfUtils.java:logGet(43)) - raft.server.log.segment.cache.num.max = 2 (custom)
2019-10-09 10:09:48,942 [pool-433-thread-1] INFO  segmented.SegmentedRaftLogWorker (SegmentedRaftLogWorker.java:<init>(173)) - new 92c1bb28-bd4e-4191-b5e5-43066b9f0ea3@group-18CD5B67ECA3-SegmentedRaftLogWorker for RaftStorage:Storage Directory /workdir/hadoop-ozone/integration-test/target/test-dir/MiniOzoneClusterImpl-20a6b4b8-63e8-44f3-a607-747c573e7ecd/datanode-5/data/ratis/2548f105-8cb9-4f04-9d11-18cd5b67eca3
2019-10-09 10:09:48,943 [pool-433-thread-1] INFO  server.RaftServerConfigKeys (ConfUtils.java:logGet(43)) - raft.server.log.queue.byte-limit = 2147483647 (custom)
2019-10-09 10:09:48,943 [pool-433-thread-1] INFO  server.RaftServerConfigKeys (ConfUtils.java:logGet(43)) - raft.server.log.queue.element-limit = 1024 (custom)
2019-10-09 10:09:48,943 [pool-433-thread-1] INFO  server.RaftServerConfigKeys (ConfUtils.java:logGet(43)) - raft.server.log.segment.size.max = 1048576 (custom)
2019-10-09 10:09:48,943 [pool-433-thread-1] INFO  server.RaftServerConfigKeys (ConfUtils.java:logGet(43)) - raft.server.log.preallocated.size = 16384 (custom)
2019-10-09 10:09:48,943 [pool-433-thread-1] INFO  server.RaftServerConfigKeys (ConfUtils.java:logGet(43)) - raft.server.log.write.buffer.size = 33554432 (custom)
2019-10-09 10:09:48,943 [pool-433-thread-1] INFO  server.RaftServerConfigKeys (ConfUtils.java:logGet(43)) - raft.server.log.force.sync.num = 128 (default)
2019-10-09 10:09:48,943 [pool-433-thread-1] INFO  server.RaftServerConfigKeys (ConfUtils.java:logGet(43)) - raft.server.log.statemachine.data.sync = true (default)
2019-10-09 10:09:48,943 [pool-433-thread-1] INFO  server.RaftServerConfigKeys (ConfUtils.java:logGet(43)) - raft.server.log.statemachine.data.sync.timeout = 10s (default)
2019-10-09 10:09:48,943 [pool-433-thread-1] INFO  server.RaftServerConfigKeys (ConfUtils.java:logGet(43)) - raft.server.log.statemachine.data.sync.timeout.retry = -1 (default)
2019-10-09 10:09:48,943 [pool-433-thread-1] INFO  server.RaftServerConfigKeys (ConfUtils.java:logGet(43)) - raft.server.log.statemachine.data.caching.enabled = true (custom)
2019-10-09 10:09:48,944 [pool-433-thread-1] INFO  segmented.SegmentedRaftLogWorker (SegmentedRaftLogWorker.java:lambda$new$0(128)) - 92c1bb28-bd4e-4191-b5e5-43066b9f0ea3@group-18CD5B67ECA3-SegmentedRaftLogWorker: flushIndex: setUnconditionally 0 -> -1
2019-10-09 10:09:48,944 [pool-433-thread-1] INFO  server.RaftServerConfigKeys (ConfUtils.java:logGet(43)) - raft.server.snapshot.auto.trigger.enabled = true (custom)
2019-10-09 10:09:48,944 [pool-433-thread-1] INFO  server.RaftServerConfigKeys (ConfUtils.java:logGet(43)) - raft.server.snapshot.auto.trigger.threshold = 10000 (custom)
2019-10-09 10:09:48,944 [pool-433-thread-1] INFO  server.RaftServerConfigKeys (ConfUtils.java:logGet(43)) - raft.server.snapshot.retention.file.num = 5 (custom)
2019-10-09 10:09:48,944 [pool-433-thread-1] INFO  server.RaftServerConfigKeys (ConfUtils.java:logGet(43)) - raft.server.retrycache.expirytime = 600000ms (custom)
2019-10-09 10:09:48,945 [pool-433-thread-1] INFO  impl.RaftServerImpl (RaftServerImpl.java:start(181)) - 92c1bb28-bd4e-4191-b5e5-43066b9f0ea3@group-18CD5B67ECA3: start as a follower, conf=-1: [92c1bb28-bd4e-4191-b5e5-43066b9f0ea3:192.168.164.205:39071], old=null
2019-10-09 10:09:48,945 [pool-433-thread-1] INFO  impl.RaftServerImpl (RaftServerImpl.java:setRole(170)) - 92c1bb28-bd4e-4191-b5e5-43066b9f0ea3@group-18CD5B67ECA3: changes role from      null to FOLLOWER at term 0 for startAsFollower
2019-10-09 10:09:48,945 [pool-433-thread-1] INFO  impl.RoleInfo (RoleInfo.java:updateAndGet(143)) - 92c1bb28-bd4e-4191-b5e5-43066b9f0ea3: start FollowerState
2019-10-09 10:09:48,946 [pool-433-thread-1] INFO  util.JmxRegister (JmxRegister.java:tryRegister(44)) - Successfully registered JMX Bean with object name Ratis:service=RaftServer,group=group-18CD5B67ECA3,id=92c1bb28-bd4e-4191-b5e5-43066b9f0ea3
2019-10-09 10:09:48,949 [RatisPipelineUtilsThread] INFO  pipeline.PipelineStateManager (PipelineStateManager.java:addPipeline(56)) - Created pipeline Pipeline[ Id: 2548f105-8cb9-4f04-9d11-18cd5b67eca3, Nodes: 92c1bb28-bd4e-4191-b5e5-43066b9f0ea3{ip: 192.168.164.205, host: pr-hdds-2271-zcqt4-2554284801, networkLocation: /default-rack, certSerialId: null}, Type:RATIS, Factor:ONE, State:OPEN]
2019-10-09 10:09:48,973 [grpc-default-executor-4] INFO  impl.RaftServerProxy (RaftServerProxy.java:addNew(89)) - 92c1bb28-bd4e-4191-b5e5-43066b9f0ea3: addNew group-9C9F9ABEC9E1:[92c1bb28-bd4e-4191-b5e5-43066b9f0ea3:192.168.164.205:39071, bb9670a9-7d44-4488-9cea-795cb3ddb9a2:192.168.164.205:43719, 7097ba84-dec8-42ff-a3d4-731770d41051:192.168.164.205:42634] returns group-9C9F9ABEC9E1:java.util.concurrent.CompletableFuture@2f5efe02[Not completed]
2019-10-09 10:09:48,973 [grpc-default-executor-6] INFO  impl.RaftServerProxy (RaftServerProxy.java:addNew(89)) - bb9670a9-7d44-4488-9cea-795cb3ddb9a2: addNew group-9C9F9ABEC9E1:[92c1bb28-bd4e-4191-b5e5-43066b9f0ea3:192.168.164.205:39071, bb9670a9-7d44-4488-9cea-795cb3ddb9a2:192.168.164.205:43719, 7097ba84-dec8-42ff-a3d4-731770d41051:192.168.164.205:42634] returns group-9C9F9ABEC9E1:java.util.concurrent.CompletableFuture@394059c2[Not completed]
2019-10-09 10:09:48,973 [grpc-default-executor-7] INFO  impl.RaftServerProxy (RaftServerProxy.java:addNew(89)) - 7097ba84-dec8-42ff-a3d4-731770d41051: addNew group-9C9F9ABEC9E1:[92c1bb28-bd4e-4191-b5e5-43066b9f0ea3:192.168.164.205:39071, bb9670a9-7d44-4488-9cea-795cb3ddb9a2:192.168.164.205:43719, 7097ba84-dec8-42ff-a3d4-731770d41051:192.168.164.205:42634] returns group-9C9F9ABEC9E1:java.util.concurrent.CompletableFuture@45c838d5[Not completed]
2019-10-09 10:09:48,974 [pool-423-thread-1] INFO  impl.RaftServerImpl (RaftServerImpl.java:<init>(95)) - bb9670a9-7d44-4488-9cea-795cb3ddb9a2: new RaftServerImpl for group-9C9F9ABEC9E1:[92c1bb28-bd4e-4191-b5e5-43066b9f0ea3:192.168.164.205:39071, bb9670a9-7d44-4488-9cea-795cb3ddb9a2:192.168.164.205:43719, 7097ba84-dec8-42ff-a3d4-731770d41051:192.168.164.205:42634] with ContainerStateMachine:uninitialized
2019-10-09 10:09:48,974 [pool-423-thread-1] INFO  server.RaftServerConfigKeys (ConfUtils.java:logGet(43)) - raft.server.rpc.timeout.min = 5s (custom)
2019-10-09 10:09:48,974 [pool-423-thread-1] INFO  server.RaftServerConfigKeys (ConfUtils.java:logGet(43)) - raft.server.rpc.timeout.max = 5200ms (custom)
2019-10-09 10:09:48,974 [pool-423-thread-1] INFO  server.RaftServerConfigKeys (ConfUtils.java:logGet(43)) - raft.server.rpcslowness.timeout = 120s (custom)
2019-10-09 10:09:48,974 [pool-423-thread-1] INFO  server.RaftServerConfigKeys (ConfUtils.java:logGet(43)) - raft.server.sleep.deviation.threshold = 300 (default)
2019-10-09 10:09:48,974 [pool-423-thread-1] INFO  server.RaftServerConfigKeys (ConfUtils.java:logGet(43)) - raft.server.log.appender.install.snapshot.enabled = false (custom)
2019-10-09 10:09:48,974 [pool-433-thread-1] INFO  impl.RaftServerImpl (RaftServerImpl.java:<init>(95)) - 92c1bb28-bd4e-4191-b5e5-43066b9f0ea3: new RaftServerImpl for group-9C9F9ABEC9E1:[92c1bb28-bd4e-4191-b5e5-43066b9f0ea3:192.168.164.205:39071, bb9670a9-7d44-4488-9cea-795cb3ddb9a2:192.168.164.205:43719, 7097ba84-dec8-42ff-a3d4-731770d41051:192.168.164.205:42634] with ContainerStateMachine:uninitialized
2019-10-09 10:09:48,975 [pool-423-thread-1] INFO  impl.RaftServerImpl (ServerState.java:<init>(103)) - bb9670a9-7d44-4488-9cea-795cb3ddb9a2@group-9C9F9ABEC9E1: ConfigurationManager, init=-1: [92c1bb28-bd4e-4191-b5e5-43066b9f0ea3:192.168.164.205:39071, bb9670a9-7d44-4488-9cea-795cb3ddb9a2:192.168.164.205:43719, 7097ba84-dec8-42ff-a3d4-731770d41051:192.168.164.205:42634], old=null, confs=<EMPTY_MAP>
2019-10-09 10:09:48,975 [pool-433-thread-1] INFO  server.RaftServerConfigKeys (ConfUtils.java:logGet(43)) - raft.server.rpc.timeout.min = 5s (custom)
2019-10-09 10:09:48,975 [pool-433-thread-1] INFO  server.RaftServerConfigKeys (ConfUtils.java:logGet(43)) - raft.server.rpc.timeout.max = 5200ms (custom)
2019-10-09 10:09:48,975 [pool-433-thread-1] INFO  server.RaftServerConfigKeys (ConfUtils.java:logGet(43)) - raft.server.rpcslowness.timeout = 120s (custom)
2019-10-09 10:09:48,975 [pool-413-thread-1] INFO  impl.RaftServerImpl (RaftServerImpl.java:<init>(95)) - 7097ba84-dec8-42ff-a3d4-731770d41051: new RaftServerImpl for group-9C9F9ABEC9E1:[92c1bb28-bd4e-4191-b5e5-43066b9f0ea3:192.168.164.205:39071, bb9670a9-7d44-4488-9cea-795cb3ddb9a2:192.168.164.205:43719, 7097ba84-dec8-42ff-a3d4-731770d41051:192.168.164.205:42634] with ContainerStateMachine:uninitialized
2019-10-09 10:09:48,975 [pool-423-thread-1] INFO  server.RaftServerConfigKeys (ConfUtils.java:logGet(43)) - raft.server.storage.dir = [/workdir/hadoop-ozone/integration-test/target/test-dir/MiniOzoneClusterImpl-20a6b4b8-63e8-44f3-a607-747c573e7ecd/datanode-4/data/ratis] (custom)
2019-10-09 10:09:48,975 [pool-413-thread-1] INFO  server.RaftServerConfigKeys (ConfUtils.java:logGet(43)) - raft.server.rpc.timeout.min = 5s (custom)
2019-10-09 10:09:48,975 [pool-433-thread-1] INFO  server.RaftServerConfigKeys (ConfUtils.java:logGet(43)) - raft.server.sleep.deviation.threshold = 300 (default)
2019-10-09 10:09:48,975 [pool-423-thread-1] INFO  server.RaftServerConfigKeys (ConfUtils.java:logGet(43)) - raft.server.log.corruption.policy = EXCEPTION (default)
2019-10-09 10:09:48,975 [pool-413-thread-1] INFO  server.RaftServerConfigKeys (ConfUtils.java:logGet(43)) - raft.server.rpc.timeout.max = 5200ms (custom)
2019-10-09 10:09:48,976 [pool-423-thread-1] INFO  storage.RaftStorageDirectory (RaftStorageDirectory.java:analyzeStorage(246)) - The storage directory /workdir/hadoop-ozone/integration-test/target/test-dir/MiniOzoneClusterImpl-20a6b4b8-63e8-44f3-a607-747c573e7ecd/datanode-4/data/ratis/4727e60f-1c01-4ad8-bc53-9c9f9abec9e1 does not exist. Creating ...
2019-10-09 10:09:48,976 [pool-433-thread-1] INFO  server.RaftServerConfigKeys (ConfUtils.java:logGet(43)) - raft.server.log.appender.install.snapshot.enabled = false (custom)
2019-10-09 10:09:48,976 [pool-413-thread-1] INFO  server.RaftServerConfigKeys (ConfUtils.java:logGet(43)) - raft.server.rpcslowness.timeout = 120s (custom)
2019-10-09 10:09:48,976 [pool-433-thread-1] INFO  impl.RaftServerImpl (ServerState.java:<init>(103)) - 92c1bb28-bd4e-4191-b5e5-43066b9f0ea3@group-9C9F9ABEC9E1: ConfigurationManager, init=-1: [92c1bb28-bd4e-4191-b5e5-43066b9f0ea3:192.168.164.205:39071, bb9670a9-7d44-4488-9cea-795cb3ddb9a2:192.168.164.205:43719, 7097ba84-dec8-42ff-a3d4-731770d41051:192.168.164.205:42634], old=null, confs=<EMPTY_MAP>
2019-10-09 10:09:48,976 [pool-413-thread-1] INFO  server.RaftServerConfigKeys (ConfUtils.java:logGet(43)) - raft.server.sleep.deviation.threshold = 300 (default)
2019-10-09 10:09:48,976 [pool-433-thread-1] INFO  server.RaftServerConfigKeys (ConfUtils.java:logGet(43)) - raft.server.storage.dir = [/workdir/hadoop-ozone/integration-test/target/test-dir/MiniOzoneClusterImpl-20a6b4b8-63e8-44f3-a607-747c573e7ecd/datanode-5/data/ratis] (custom)
2019-10-09 10:09:48,976 [pool-413-thread-1] INFO  server.RaftServerConfigKeys (ConfUtils.java:logGet(43)) - raft.server.log.appender.install.snapshot.enabled = false (custom)
2019-10-09 10:09:48,976 [pool-413-thread-1] INFO  impl.RaftServerImpl (ServerState.java:<init>(103)) - 7097ba84-dec8-42ff-a3d4-731770d41051@group-9C9F9ABEC9E1: ConfigurationManager, init=-1: [92c1bb28-bd4e-4191-b5e5-43066b9f0ea3:192.168.164.205:39071, bb9670a9-7d44-4488-9cea-795cb3ddb9a2:192.168.164.205:43719, 7097ba84-dec8-42ff-a3d4-731770d41051:192.168.164.205:42634], old=null, confs=<EMPTY_MAP>
2019-10-09 10:09:48,976 [pool-433-thread-1] INFO  server.RaftServerConfigKeys (ConfUtils.java:logGet(43)) - raft.server.log.corruption.policy = EXCEPTION (default)
2019-10-09 10:09:48,977 [pool-413-thread-1] INFO  server.RaftServerConfigKeys (ConfUtils.java:logGet(43)) - raft.server.storage.dir = [/workdir/hadoop-ozone/integration-test/target/test-dir/MiniOzoneClusterImpl-20a6b4b8-63e8-44f3-a607-747c573e7ecd/datanode-3/data/ratis] (custom)
2019-10-09 10:09:48,977 [pool-433-thread-1] INFO  storage.RaftStorageDirectory (RaftStorageDirectory.java:analyzeStorage(246)) - The storage directory /workdir/hadoop-ozone/integration-test/target/test-dir/MiniOzoneClusterImpl-20a6b4b8-63e8-44f3-a607-747c573e7ecd/datanode-5/data/ratis/4727e60f-1c01-4ad8-bc53-9c9f9abec9e1 does not exist. Creating ...
2019-10-09 10:09:48,977 [pool-413-thread-1] INFO  server.RaftServerConfigKeys (ConfUtils.java:logGet(43)) - raft.server.log.corruption.policy = EXCEPTION (default)
2019-10-09 10:09:48,977 [pool-413-thread-1] INFO  storage.RaftStorageDirectory (RaftStorageDirectory.java:analyzeStorage(246)) - The storage directory /workdir/hadoop-ozone/integration-test/target/test-dir/MiniOzoneClusterImpl-20a6b4b8-63e8-44f3-a607-747c573e7ecd/datanode-3/data/ratis/4727e60f-1c01-4ad8-bc53-9c9f9abec9e1 does not exist. Creating ...
2019-10-09 10:09:48,981 [main] INFO  ozone.MiniOzoneClusterImpl (MiniOzoneClusterImpl.java:lambda$waitForClusterToBeReady$0(147)) - Waiting for cluster to be ready. Got 6 of 7 DN Heartbeats.
2019-10-09 10:09:48,982 [IPC Server handler 1 on 46331] INFO  net.NetworkTopology (NetworkTopologyImpl.java:add(111)) - Added a new node: /default-rack/ea140f40-3426-41ac-8437-69c7c8b8b4b4
2019-10-09 10:09:48,982 [IPC Server handler 1 on 46331] INFO  node.SCMNodeManager (SCMNodeManager.java:register(268)) - Registered Data node : ea140f40-3426-41ac-8437-69c7c8b8b4b4{ip: 192.168.164.205, host: pr-hdds-2271-zcqt4-2554284801, networkLocation: /default-rack, certSerialId: null}
2019-10-09 10:09:48,989 [pool-433-thread-1] INFO  storage.RaftStorageDirectory (RaftStorageDirectory.java:tryLock(328)) - Lock on /workdir/hadoop-ozone/integration-test/target/test-dir/MiniOzoneClusterImpl-20a6b4b8-63e8-44f3-a607-747c573e7ecd/datanode-5/data/ratis/4727e60f-1c01-4ad8-bc53-9c9f9abec9e1/in_use.lock acquired by nodename 17593@pr-hdds-2271-zcqt4-2554284801
2019-10-09 10:09:48,989 [pool-423-thread-1] INFO  storage.RaftStorageDirectory (RaftStorageDirectory.java:tryLock(328)) - Lock on /workdir/hadoop-ozone/integration-test/target/test-dir/MiniOzoneClusterImpl-20a6b4b8-63e8-44f3-a607-747c573e7ecd/datanode-4/data/ratis/4727e60f-1c01-4ad8-bc53-9c9f9abec9e1/in_use.lock acquired by nodename 17593@pr-hdds-2271-zcqt4-2554284801
2019-10-09 10:09:48,989 [pool-413-thread-1] INFO  storage.RaftStorageDirectory (RaftStorageDirectory.java:tryLock(328)) - Lock on /workdir/hadoop-ozone/integration-test/target/test-dir/MiniOzoneClusterImpl-20a6b4b8-63e8-44f3-a607-747c573e7ecd/datanode-3/data/ratis/4727e60f-1c01-4ad8-bc53-9c9f9abec9e1/in_use.lock acquired by nodename 17593@pr-hdds-2271-zcqt4-2554284801
2019-10-09 10:09:49,008 [pool-423-thread-1] INFO  storage.RaftStorage (RaftStorage.java:format(84)) - Storage directory /workdir/hadoop-ozone/integration-test/target/test-dir/MiniOzoneClusterImpl-20a6b4b8-63e8-44f3-a607-747c573e7ecd/datanode-4/data/ratis/4727e60f-1c01-4ad8-bc53-9c9f9abec9e1 has been successfully formatted.
2019-10-09 10:09:49,008 [pool-433-thread-1] INFO  storage.RaftStorage (RaftStorage.java:format(84)) - Storage directory /workdir/hadoop-ozone/integration-test/target/test-dir/MiniOzoneClusterImpl-20a6b4b8-63e8-44f3-a607-747c573e7ecd/datanode-5/data/ratis/4727e60f-1c01-4ad8-bc53-9c9f9abec9e1 has been successfully formatted.
2019-10-09 10:09:49,008 [pool-413-thread-1] INFO  storage.RaftStorage (RaftStorage.java:format(84)) - Storage directory /workdir/hadoop-ozone/integration-test/target/test-dir/MiniOzoneClusterImpl-20a6b4b8-63e8-44f3-a607-747c573e7ecd/datanode-3/data/ratis/4727e60f-1c01-4ad8-bc53-9c9f9abec9e1 has been successfully formatted.
2019-10-09 10:09:49,008 [pool-423-thread-1] INFO  ratis.ContainerStateMachine (ContainerStateMachine.java:loadSnapshot(231)) - group-9C9F9ABEC9E1: The snapshot info is null. Setting the last applied indexto:(t:0, i:~)
2019-10-09 10:09:49,008 [pool-433-thread-1] INFO  ratis.ContainerStateMachine (ContainerStateMachine.java:loadSnapshot(231)) - group-9C9F9ABEC9E1: The snapshot info is null. Setting the last applied indexto:(t:0, i:~)
2019-10-09 10:09:49,008 [pool-423-thread-1] INFO  server.RaftServerConfigKeys (ConfUtils.java:logGet(43)) - raft.server.notification.no-leader.timeout = 120s (custom)
2019-10-09 10:09:49,008 [pool-413-thread-1] INFO  ratis.ContainerStateMachine (ContainerStateMachine.java:loadSnapshot(231)) - group-9C9F9ABEC9E1: The snapshot info is null. Setting the last applied indexto:(t:0, i:~)
2019-10-09 10:09:49,008 [pool-423-thread-1] INFO  server.RaftServerConfigKeys (ConfUtils.java:logGet(43)) - raft.server.log.use.memory = false (default)
2019-10-09 10:09:49,008 [pool-433-thread-1] INFO  server.RaftServerConfigKeys (ConfUtils.java:logGet(43)) - raft.server.notification.no-leader.timeout = 120s (custom)
2019-10-09 10:09:49,009 [pool-423-thread-1] INFO  server.RaftServerConfigKeys (ConfUtils.java:logGet(43)) - raft.server.log.purge.gap = 1000000 (custom)
2019-10-09 10:09:49,008 [pool-413-thread-1] INFO  server.RaftServerConfigKeys (ConfUtils.java:logGet(43)) - raft.server.notification.no-leader.timeout = 120s (custom)
2019-10-09 10:09:49,009 [pool-423-thread-1] INFO  server.RaftServerConfigKeys (ConfUtils.java:logGet(43)) - raft.server.log.appender.buffer.byte-limit = 33554432 (custom)
2019-10-09 10:09:49,009 [pool-433-thread-1] INFO  server.RaftServerConfigKeys (ConfUtils.java:logGet(43)) - raft.server.log.use.memory = false (default)
2019-10-09 10:09:49,009 [pool-423-thread-1] INFO  server.RaftServerConfigKeys (ConfUtils.java:logGet(43)) - raft.server.log.segment.size.max = 1048576 (custom)
2019-10-09 10:09:49,009 [pool-413-thread-1] INFO  server.RaftServerConfigKeys (ConfUtils.java:logGet(43)) - raft.server.log.use.memory = false (default)
2019-10-09 10:09:49,009 [pool-423-thread-1] INFO  server.RaftServerConfigKeys (ConfUtils.java:logGet(43)) - raft.server.log.segment.cache.num.max = 2 (custom)
2019-10-09 10:09:49,009 [pool-433-thread-1] INFO  server.RaftServerConfigKeys (ConfUtils.java:logGet(43)) - raft.server.log.purge.gap = 1000000 (custom)
2019-10-09 10:09:49,009 [pool-423-thread-1] INFO  segmented.SegmentedRaftLogWorker (SegmentedRaftLogWorker.java:<init>(173)) - new bb9670a9-7d44-4488-9cea-795cb3ddb9a2@group-9C9F9ABEC9E1-SegmentedRaftLogWorker for RaftStorage:Storage Directory /workdir/hadoop-ozone/integration-test/target/test-dir/MiniOzoneClusterImpl-20a6b4b8-63e8-44f3-a607-747c573e7ecd/datanode-4/data/ratis/4727e60f-1c01-4ad8-bc53-9c9f9abec9e1
2019-10-09 10:09:49,009 [pool-413-thread-1] INFO  server.RaftServerConfigKeys (ConfUtils.java:logGet(43)) - raft.server.log.purge.gap = 1000000 (custom)
2019-10-09 10:09:49,010 [pool-423-thread-1] INFO  server.RaftServerConfigKeys (ConfUtils.java:logGet(43)) - raft.server.log.queue.byte-limit = 2147483647 (custom)
2019-10-09 10:09:49,010 [pool-423-thread-1] INFO  server.RaftServerConfigKeys (ConfUtils.java:logGet(43)) - raft.server.log.queue.element-limit = 1024 (custom)
2019-10-09 10:09:49,010 [pool-433-thread-1] INFO  server.RaftServerConfigKeys (ConfUtils.java:logGet(43)) - raft.server.log.appender.buffer.byte-limit = 33554432 (custom)
2019-10-09 10:09:49,010 [pool-423-thread-1] INFO  server.RaftServerConfigKeys (ConfUtils.java:logGet(43)) - raft.server.log.segment.size.max = 1048576 (custom)
2019-10-09 10:09:49,010 [pool-413-thread-1] INFO  server.RaftServerConfigKeys (ConfUtils.java:logGet(43)) - raft.server.log.appender.buffer.byte-limit = 33554432 (custom)
2019-10-09 10:09:49,010 [pool-423-thread-1] INFO  server.RaftServerConfigKeys (ConfUtils.java:logGet(43)) - raft.server.log.preallocated.size = 16384 (custom)
2019-10-09 10:09:49,010 [pool-433-thread-1] INFO  server.RaftServerConfigKeys (ConfUtils.java:logGet(43)) - raft.server.log.segment.size.max = 1048576 (custom)
2019-10-09 10:09:49,010 [pool-423-thread-1] INFO  server.RaftServerConfigKeys (ConfUtils.java:logGet(43)) - raft.server.log.write.buffer.size = 33554432 (custom)
2019-10-09 10:09:49,010 [pool-413-thread-1] INFO  server.RaftServerConfigKeys (ConfUtils.java:logGet(43)) - raft.server.log.segment.size.max = 1048576 (custom)
2019-10-09 10:09:49,011 [pool-423-thread-1] INFO  server.RaftServerConfigKeys (ConfUtils.java:logGet(43)) - raft.server.log.force.sync.num = 128 (default)
2019-10-09 10:09:49,011 [pool-423-thread-1] INFO  server.RaftServerConfigKeys (ConfUtils.java:logGet(43)) - raft.server.log.statemachine.data.sync = true (default)
2019-10-09 10:09:49,010 [pool-433-thread-1] INFO  server.RaftServerConfigKeys (ConfUtils.java:logGet(43)) - raft.server.log.segment.cache.num.max = 2 (custom)
2019-10-09 10:09:49,011 [pool-423-thread-1] INFO  server.RaftServerConfigKeys (ConfUtils.java:logGet(43)) - raft.server.log.statemachine.data.sync.timeout = 10s (default)
2019-10-09 10:09:49,011 [pool-413-thread-1] INFO  server.RaftServerConfigKeys (ConfUtils.java:logGet(43)) - raft.server.log.segment.cache.num.max = 2 (custom)
2019-10-09 10:09:49,011 [pool-423-thread-1] INFO  server.RaftServerConfigKeys (ConfUtils.java:logGet(43)) - raft.server.log.statemachine.data.sync.timeout.retry = -1 (default)
2019-10-09 10:09:49,011 [pool-433-thread-1] INFO  segmented.SegmentedRaftLogWorker (SegmentedRaftLogWorker.java:<init>(173)) - new 92c1bb28-bd4e-4191-b5e5-43066b9f0ea3@group-9C9F9ABEC9E1-SegmentedRaftLogWorker for RaftStorage:Storage Directory /workdir/hadoop-ozone/integration-test/target/test-dir/MiniOzoneClusterImpl-20a6b4b8-63e8-44f3-a607-747c573e7ecd/datanode-5/data/ratis/4727e60f-1c01-4ad8-bc53-9c9f9abec9e1
2019-10-09 10:09:49,011 [pool-423-thread-1] INFO  server.RaftServerConfigKeys (ConfUtils.java:logGet(43)) - raft.server.log.statemachine.data.caching.enabled = true (custom)
2019-10-09 10:09:49,011 [pool-413-thread-1] INFO  segmented.SegmentedRaftLogWorker (SegmentedRaftLogWorker.java:<init>(173)) - new 7097ba84-dec8-42ff-a3d4-731770d41051@group-9C9F9ABEC9E1-SegmentedRaftLogWorker for RaftStorage:Storage Directory /workdir/hadoop-ozone/integration-test/target/test-dir/MiniOzoneClusterImpl-20a6b4b8-63e8-44f3-a607-747c573e7ecd/datanode-3/data/ratis/4727e60f-1c01-4ad8-bc53-9c9f9abec9e1
2019-10-09 10:09:49,011 [pool-433-thread-1] INFO  server.RaftServerConfigKeys (ConfUtils.java:logGet(43)) - raft.server.log.queue.byte-limit = 2147483647 (custom)
2019-10-09 10:09:49,012 [pool-423-thread-1] INFO  segmented.SegmentedRaftLogWorker (SegmentedRaftLogWorker.java:lambda$new$0(128)) - bb9670a9-7d44-4488-9cea-795cb3ddb9a2@group-9C9F9ABEC9E1-SegmentedRaftLogWorker: flushIndex: setUnconditionally 0 -> -1
2019-10-09 10:09:49,011 [pool-413-thread-1] INFO  server.RaftServerConfigKeys (ConfUtils.java:logGet(43)) - raft.server.log.queue.byte-limit = 2147483647 (custom)
2019-10-09 10:09:49,012 [pool-433-thread-1] INFO  server.RaftServerConfigKeys (ConfUtils.java:logGet(43)) - raft.server.log.queue.element-limit = 1024 (custom)
2019-10-09 10:09:49,012 [pool-413-thread-1] INFO  server.RaftServerConfigKeys (ConfUtils.java:logGet(43)) - raft.server.log.queue.element-limit = 1024 (custom)
2019-10-09 10:09:49,012 [pool-423-thread-1] INFO  server.RaftServerConfigKeys (ConfUtils.java:logGet(43)) - raft.server.snapshot.auto.trigger.enabled = true (custom)
2019-10-09 10:09:49,012 [pool-413-thread-1] INFO  server.RaftServerConfigKeys (ConfUtils.java:logGet(43)) - raft.server.log.segment.size.max = 1048576 (custom)
2019-10-09 10:09:49,012 [pool-433-thread-1] INFO  server.RaftServerConfigKeys (ConfUtils.java:logGet(43)) - raft.server.log.segment.size.max = 1048576 (custom)
2019-10-09 10:09:49,012 [pool-413-thread-1] INFO  server.RaftServerConfigKeys (ConfUtils.java:logGet(43)) - raft.server.log.preallocated.size = 16384 (custom)
2019-10-09 10:09:49,012 [pool-423-thread-1] INFO  server.RaftServerConfigKeys (ConfUtils.java:logGet(43)) - raft.server.snapshot.auto.trigger.threshold = 10000 (custom)
2019-10-09 10:09:49,012 [pool-413-thread-1] INFO  server.RaftServerConfigKeys (ConfUtils.java:logGet(43)) - raft.server.log.write.buffer.size = 33554432 (custom)
2019-10-09 10:09:49,012 [pool-433-thread-1] INFO  server.RaftServerConfigKeys (ConfUtils.java:logGet(43)) - raft.server.log.preallocated.size = 16384 (custom)
2019-10-09 10:09:49,012 [pool-413-thread-1] INFO  server.RaftServerConfigKeys (ConfUtils.java:logGet(43)) - raft.server.log.force.sync.num = 128 (default)
2019-10-09 10:09:49,012 [pool-423-thread-1] INFO  server.RaftServerConfigKeys (ConfUtils.java:logGet(43)) - raft.server.snapshot.retention.file.num = 5 (custom)
2019-10-09 10:09:49,013 [pool-413-thread-1] INFO  server.RaftServerConfigKeys (ConfUtils.java:logGet(43)) - raft.server.log.statemachine.data.sync = true (default)
2019-10-09 10:09:49,013 [pool-433-thread-1] INFO  server.RaftServerConfigKeys (ConfUtils.java:logGet(43)) - raft.server.log.write.buffer.size = 33554432 (custom)
2019-10-09 10:09:49,013 [pool-413-thread-1] INFO  server.RaftServerConfigKeys (ConfUtils.java:logGet(43)) - raft.server.log.statemachine.data.sync.timeout = 10s (default)
2019-10-09 10:09:49,013 [pool-423-thread-1] INFO  server.RaftServerConfigKeys (ConfUtils.java:logGet(43)) - raft.server.retrycache.expirytime = 600000ms (custom)
2019-10-09 10:09:49,013 [pool-413-thread-1] INFO  server.RaftServerConfigKeys (ConfUtils.java:logGet(43)) - raft.server.log.statemachine.data.sync.timeout.retry = -1 (default)
2019-10-09 10:09:49,013 [pool-433-thread-1] INFO  server.RaftServerConfigKeys (ConfUtils.java:logGet(43)) - raft.server.log.force.sync.num = 128 (default)
2019-10-09 10:09:49,013 [pool-413-thread-1] INFO  server.RaftServerConfigKeys (ConfUtils.java:logGet(43)) - raft.server.log.statemachine.data.caching.enabled = true (custom)
2019-10-09 10:09:49,013 [pool-433-thread-1] INFO  server.RaftServerConfigKeys (ConfUtils.java:logGet(43)) - raft.server.log.statemachine.data.sync = true (default)
2019-10-09 10:09:49,014 [pool-413-thread-1] INFO  segmented.SegmentedRaftLogWorker (SegmentedRaftLogWorker.java:lambda$new$0(128)) - 7097ba84-dec8-42ff-a3d4-731770d41051@group-9C9F9ABEC9E1-SegmentedRaftLogWorker: flushIndex: setUnconditionally 0 -> -1
2019-10-09 10:09:49,014 [pool-433-thread-1] INFO  server.RaftServerConfigKeys (ConfUtils.java:logGet(43)) - raft.server.log.statemachine.data.sync.timeout = 10s (default)
2019-10-09 10:09:49,014 [pool-433-thread-1] INFO  server.RaftServerConfigKeys (ConfUtils.java:logGet(43)) - raft.server.log.statemachine.data.sync.timeout.retry = -1 (default)
2019-10-09 10:09:49,014 [pool-413-thread-1] INFO  server.RaftServerConfigKeys (ConfUtils.java:logGet(43)) - raft.server.snapshot.auto.trigger.enabled = true (custom)
2019-10-09 10:09:49,014 [pool-433-thread-1] INFO  server.RaftServerConfigKeys (ConfUtils.java:logGet(43)) - raft.server.log.statemachine.data.caching.enabled = true (custom)
2019-10-09 10:09:49,014 [pool-413-thread-1] INFO  server.RaftServerConfigKeys (ConfUtils.java:logGet(43)) - raft.server.snapshot.auto.trigger.threshold = 10000 (custom)
2019-10-09 10:09:49,014 [pool-413-thread-1] INFO  server.RaftServerConfigKeys (ConfUtils.java:logGet(43)) - raft.server.snapshot.retention.file.num = 5 (custom)
2019-10-09 10:09:49,014 [pool-413-thread-1] INFO  server.RaftServerConfigKeys (ConfUtils.java:logGet(43)) - raft.server.retrycache.expirytime = 600000ms (custom)
2019-10-09 10:09:49,014 [pool-433-thread-1] INFO  segmented.SegmentedRaftLogWorker (SegmentedRaftLogWorker.java:lambda$new$0(128)) - 92c1bb28-bd4e-4191-b5e5-43066b9f0ea3@group-9C9F9ABEC9E1-SegmentedRaftLogWorker: flushIndex: setUnconditionally 0 -> -1
2019-10-09 10:09:49,015 [pool-423-thread-1] INFO  impl.RaftServerImpl (RaftServerImpl.java:start(181)) - bb9670a9-7d44-4488-9cea-795cb3ddb9a2@group-9C9F9ABEC9E1: start as a follower, conf=-1: [92c1bb28-bd4e-4191-b5e5-43066b9f0ea3:192.168.164.205:39071, bb9670a9-7d44-4488-9cea-795cb3ddb9a2:192.168.164.205:43719, 7097ba84-dec8-42ff-a3d4-731770d41051:192.168.164.205:42634], old=null
2019-10-09 10:09:49,015 [pool-433-thread-1] INFO  server.RaftServerConfigKeys (ConfUtils.java:logGet(43)) - raft.server.snapshot.auto.trigger.enabled = true (custom)
2019-10-09 10:09:49,015 [pool-423-thread-1] INFO  impl.RaftServerImpl (RaftServerImpl.java:setRole(170)) - bb9670a9-7d44-4488-9cea-795cb3ddb9a2@group-9C9F9ABEC9E1: changes role from      null to FOLLOWER at term 0 for startAsFollower
2019-10-09 10:09:49,015 [pool-433-thread-1] INFO  server.RaftServerConfigKeys (ConfUtils.java:logGet(43)) - raft.server.snapshot.auto.trigger.threshold = 10000 (custom)
2019-10-09 10:09:49,015 [pool-423-thread-1] INFO  impl.RoleInfo (RoleInfo.java:updateAndGet(143)) - bb9670a9-7d44-4488-9cea-795cb3ddb9a2: start FollowerState
2019-10-09 10:09:49,015 [pool-433-thread-1] INFO  server.RaftServerConfigKeys (ConfUtils.java:logGet(43)) - raft.server.snapshot.retention.file.num = 5 (custom)
2019-10-09 10:09:49,015 [pool-433-thread-1] INFO  server.RaftServerConfigKeys (ConfUtils.java:logGet(43)) - raft.server.retrycache.expirytime = 600000ms (custom)
2019-10-09 10:09:49,015 [pool-423-thread-1] INFO  util.JmxRegister (JmxRegister.java:tryRegister(44)) - Successfully registered JMX Bean with object name Ratis:service=RaftServer,group=group-9C9F9ABEC9E1,id=bb9670a9-7d44-4488-9cea-795cb3ddb9a2
2019-10-09 10:09:49,015 [pool-413-thread-1] INFO  impl.RaftServerImpl (RaftServerImpl.java:start(181)) - 7097ba84-dec8-42ff-a3d4-731770d41051@group-9C9F9ABEC9E1: start as a follower, conf=-1: [92c1bb28-bd4e-4191-b5e5-43066b9f0ea3:192.168.164.205:39071, bb9670a9-7d44-4488-9cea-795cb3ddb9a2:192.168.164.205:43719, 7097ba84-dec8-42ff-a3d4-731770d41051:192.168.164.205:42634], old=null
2019-10-09 10:09:49,015 [pool-413-thread-1] INFO  impl.RaftServerImpl (RaftServerImpl.java:setRole(170)) - 7097ba84-dec8-42ff-a3d4-731770d41051@group-9C9F9ABEC9E1: changes role from      null to FOLLOWER at term 0 for startAsFollower
2019-10-09 10:09:49,016 [pool-413-thread-1] INFO  impl.RoleInfo (RoleInfo.java:updateAndGet(143)) - 7097ba84-dec8-42ff-a3d4-731770d41051: start FollowerState
2019-10-09 10:09:49,016 [pool-413-thread-1] INFO  util.JmxRegister (JmxRegister.java:tryRegister(44)) - Successfully registered JMX Bean with object name Ratis:service=RaftServer,group=group-9C9F9ABEC9E1,id=7097ba84-dec8-42ff-a3d4-731770d41051
2019-10-09 10:09:49,018 [pool-433-thread-1] INFO  impl.RaftServerImpl (RaftServerImpl.java:start(181)) - 92c1bb28-bd4e-4191-b5e5-43066b9f0ea3@group-9C9F9ABEC9E1: start as a follower, conf=-1: [92c1bb28-bd4e-4191-b5e5-43066b9f0ea3:192.168.164.205:39071, bb9670a9-7d44-4488-9cea-795cb3ddb9a2:192.168.164.205:43719, 7097ba84-dec8-42ff-a3d4-731770d41051:192.168.164.205:42634], old=null
2019-10-09 10:09:49,019 [pool-433-thread-1] INFO  impl.RaftServerImpl (RaftServerImpl.java:setRole(170)) - 92c1bb28-bd4e-4191-b5e5-43066b9f0ea3@group-9C9F9ABEC9E1: changes role from      null to FOLLOWER at term 0 for startAsFollower
2019-10-09 10:09:49,019 [pool-433-thread-1] INFO  impl.RoleInfo (RoleInfo.java:updateAndGet(143)) - 92c1bb28-bd4e-4191-b5e5-43066b9f0ea3: start FollowerState
2019-10-09 10:09:49,019 [pool-433-thread-1] INFO  util.JmxRegister (JmxRegister.java:tryRegister(44)) - Successfully registered JMX Bean with object name Ratis:service=RaftServer,group=group-9C9F9ABEC9E1,id=92c1bb28-bd4e-4191-b5e5-43066b9f0ea3
2019-10-09 10:09:49,022 [RatisPipelineUtilsThread] INFO  pipeline.PipelineStateManager (PipelineStateManager.java:addPipeline(56)) - Created pipeline Pipeline[ Id: 4727e60f-1c01-4ad8-bc53-9c9f9abec9e1, Nodes: 7097ba84-dec8-42ff-a3d4-731770d41051{ip: 192.168.164.205, host: pr-hdds-2271-zcqt4-2554284801, networkLocation: /default-rack, certSerialId: null}92c1bb28-bd4e-4191-b5e5-43066b9f0ea3{ip: 192.168.164.205, host: pr-hdds-2271-zcqt4-2554284801, networkLocation: /default-rack, certSerialId: null}bb9670a9-7d44-4488-9cea-795cb3ddb9a2{ip: 192.168.164.205, host: pr-hdds-2271-zcqt4-2554284801, networkLocation: /default-rack, certSerialId: null}, Type:RATIS, Factor:THREE, State:OPEN]
2019-10-09 10:09:49,769 [grpc-default-executor-4] WARN  server.GrpcLogAppender (LogUtils.java:warn(134)) - ab022857-e651-46e0-9452-78f2a1d93581@group-8FCD5B1B9009->ea48651f-a535-41b5-a19b-b8cecb9d11ac-AppendLogResponseHandler: Failed appendEntries: org.apache.ratis.thirdparty.io.grpc.StatusRuntimeException: UNAVAILABLE: io exception
2019-10-09 10:09:49,769 [grpc-default-executor-6] WARN  server.GrpcLogAppender (LogUtils.java:warn(134)) - ab022857-e651-46e0-9452-78f2a1d93581@group-8FCD5B1B9009->5f603e7f-c5d0-429b-bdae-ead04b90af02-AppendLogResponseHandler: Failed appendEntries: org.apache.ratis.thirdparty.io.grpc.StatusRuntimeException: UNAVAILABLE: io exception
2019-10-09 10:09:49,770 [grpc-default-executor-4] INFO  impl.FollowerInfo (FollowerInfo.java:lambda$new$0(51)) - ab022857-e651-46e0-9452-78f2a1d93581@group-8FCD5B1B9009->ea48651f-a535-41b5-a19b-b8cecb9d11ac: nextIndex: updateUnconditionally 0 -> 0
2019-10-09 10:09:49,770 [grpc-default-executor-6] INFO  impl.FollowerInfo (FollowerInfo.java:lambda$new$0(51)) - ab022857-e651-46e0-9452-78f2a1d93581@group-8FCD5B1B9009->5f603e7f-c5d0-429b-bdae-ead04b90af02: nextIndex: updateUnconditionally 0 -> 0
2019-10-09 10:09:49,982 [main] INFO  ozone.MiniOzoneClusterImpl (MiniOzoneClusterImpl.java:lambda$waitForClusterToBeReady$0(147)) - Cluster is ready. Got 7 of 7 DN Heartbeats.
2019-10-09 10:09:50,039 [main] INFO  rpc.RpcClient (RpcClient.java:createVolume(272)) - Creating Volume: watchforcommithandlingtest, with jenkins1000 as owner.
2019-10-09 10:09:50,042 [IPC Server handler 1 on 38994] INFO  volume.OMVolumeCreateRequest (OMVolumeCreateRequest.java:validateAndUpdateCache(193)) - created volume:watchforcommithandlingtest for user:jenkins1000
2019-10-09 10:09:50,065 [main] INFO  rpc.RpcClient (RpcClient.java:createBucket(411)) - Creating Bucket: watchforcommithandlingtest/watchforcommithandlingtest, with Versioning false and Storage Type set to DISK and Encryption set to false 
2019-10-09 10:09:50,072 [main] INFO  ozone.MiniOzoneClusterImpl (MiniOzoneClusterImpl.java:getStorageContainerLocationClient(234)) - Creating StorageContainerLocationProtocol RPC client with address /0.0.0.0:40930
2019-10-09 10:09:51,425 [Thread-2369] INFO  container.ReplicationManager (ReplicationManager.java:start(162)) - Starting Replication Monitor Thread.
2019-10-09 10:09:51,431 [ReplicationMonitor] INFO  container.ReplicationManager (ReplicationManager.java:run(225)) - Replication Monitor Thread took 0 milliseconds for processing 1 containers.
2019-10-09 10:09:52,270 [grpc-default-executor-5] WARN  server.GrpcLogAppender (LogUtils.java:warn(134)) - ab022857-e651-46e0-9452-78f2a1d93581@group-8FCD5B1B9009->5f603e7f-c5d0-429b-bdae-ead04b90af02-AppendLogResponseHandler: Failed appendEntries: org.apache.ratis.thirdparty.io.grpc.StatusRuntimeException: UNAVAILABLE: io exception
2019-10-09 10:09:52,270 [grpc-default-executor-8] WARN  server.GrpcLogAppender (LogUtils.java:warn(134)) - ab022857-e651-46e0-9452-78f2a1d93581@group-8FCD5B1B9009->ea48651f-a535-41b5-a19b-b8cecb9d11ac-AppendLogResponseHandler: Failed appendEntries: org.apache.ratis.thirdparty.io.grpc.StatusRuntimeException: UNAVAILABLE: io exception
2019-10-09 10:09:52,270 [grpc-default-executor-5] INFO  impl.FollowerInfo (FollowerInfo.java:lambda$new$0(51)) - ab022857-e651-46e0-9452-78f2a1d93581@group-8FCD5B1B9009->5f603e7f-c5d0-429b-bdae-ead04b90af02: nextIndex: updateUnconditionally 0 -> 0
2019-10-09 10:09:52,271 [grpc-default-executor-8] INFO  impl.FollowerInfo (FollowerInfo.java:lambda$new$0(51)) - ab022857-e651-46e0-9452-78f2a1d93581@group-8FCD5B1B9009->ea48651f-a535-41b5-a19b-b8cecb9d11ac: nextIndex: updateUnconditionally 0 -> 0
2019-10-09 10:09:53,568 [Thread-2371] INFO  impl.FollowerState (FollowerState.java:run(108)) - b3937cad-36c1-4c32-8256-0bb40f7075f0@group-5DE5B32EC771-FollowerState: change to CANDIDATE, lastRpcTime:5095ms, electionTimeout:5095ms
2019-10-09 10:09:53,569 [Thread-2371] INFO  impl.RoleInfo (RoleInfo.java:shutdownFollowerState(121)) - b3937cad-36c1-4c32-8256-0bb40f7075f0: shutdown FollowerState
2019-10-09 10:09:53,570 [Thread-2371] INFO  impl.RaftServerImpl (RaftServerImpl.java:setRole(170)) - b3937cad-36c1-4c32-8256-0bb40f7075f0@group-5DE5B32EC771: changes role from  FOLLOWER to CANDIDATE at term 0 for changeToCandidate
2019-10-09 10:09:53,570 [Thread-2371] INFO  impl.RoleInfo (RoleInfo.java:updateAndGet(143)) - b3937cad-36c1-4c32-8256-0bb40f7075f0: start LeaderElection
2019-10-09 10:09:53,589 [b3937cad-36c1-4c32-8256-0bb40f7075f0@group-5DE5B32EC771-LeaderElection55] INFO  impl.LeaderElection (LeaderElection.java:askForVotes(178)) - b3937cad-36c1-4c32-8256-0bb40f7075f0@group-5DE5B32EC771-LeaderElection55: begin an election at term 1 for -1: [b3937cad-36c1-4c32-8256-0bb40f7075f0:192.168.164.205:36694], old=null
2019-10-09 10:09:53,589 [b3937cad-36c1-4c32-8256-0bb40f7075f0@group-5DE5B32EC771-LeaderElection55] INFO  impl.RoleInfo (RoleInfo.java:shutdownLeaderElection(134)) - b3937cad-36c1-4c32-8256-0bb40f7075f0: shutdown LeaderElection
2019-10-09 10:09:53,589 [b3937cad-36c1-4c32-8256-0bb40f7075f0@group-5DE5B32EC771-LeaderElection55] INFO  impl.RaftServerImpl (RaftServerImpl.java:setRole(170)) - b3937cad-36c1-4c32-8256-0bb40f7075f0@group-5DE5B32EC771: changes role from CANDIDATE to LEADER at term 1 for changeToLeader
2019-10-09 10:09:53,590 [b3937cad-36c1-4c32-8256-0bb40f7075f0@group-5DE5B32EC771-LeaderElection55] INFO  impl.RaftServerImpl (ServerState.java:setLeader(255)) - b3937cad-36c1-4c32-8256-0bb40f7075f0@group-5DE5B32EC771: change Leader from null to b3937cad-36c1-4c32-8256-0bb40f7075f0 at term 1 for becomeLeader, leader elected after 5125ms
2019-10-09 10:09:53,590 [b3937cad-36c1-4c32-8256-0bb40f7075f0@group-5DE5B32EC771-LeaderElection55] INFO  server.RaftServerConfigKeys (ConfUtils.java:logGet(43)) - raft.server.staging.catchup.gap = 1000 (default)
2019-10-09 10:09:53,590 [b3937cad-36c1-4c32-8256-0bb40f7075f0@group-5DE5B32EC771-LeaderElection55] INFO  server.RaftServerConfigKeys (ConfUtils.java:logGet(43)) - raft.server.rpc.sleep.time = 25ms (default)
2019-10-09 10:09:53,590 [b3937cad-36c1-4c32-8256-0bb40f7075f0@group-5DE5B32EC771-LeaderElection55] INFO  server.RaftServerConfigKeys (ConfUtils.java:logGet(43)) - raft.server.write.element-limit = 4096 (default)
2019-10-09 10:09:53,591 [b3937cad-36c1-4c32-8256-0bb40f7075f0@group-5DE5B32EC771-LeaderElection55] INFO  server.RaftServerConfigKeys (ConfUtils.java:logGet(43)) - raft.server.watch.timeout = 10s (default)
2019-10-09 10:09:53,591 [b3937cad-36c1-4c32-8256-0bb40f7075f0@group-5DE5B32EC771-LeaderElection55] INFO  server.RaftServerConfigKeys (ConfUtils.java:logGet(43)) - raft.server.watch.timeout.denomination = 1s (default)
2019-10-09 10:09:53,591 [b3937cad-36c1-4c32-8256-0bb40f7075f0@group-5DE5B32EC771-LeaderElection55] INFO  server.RaftServerConfigKeys (ConfUtils.java:logGet(43)) - raft.server.watch.element-limit = 65536 (default)
2019-10-09 10:09:53,593 [b3937cad-36c1-4c32-8256-0bb40f7075f0@group-5DE5B32EC771-LeaderElection55] INFO  impl.RoleInfo (RoleInfo.java:updateAndGet(143)) - b3937cad-36c1-4c32-8256-0bb40f7075f0: start LeaderState
2019-10-09 10:09:53,594 [b3937cad-36c1-4c32-8256-0bb40f7075f0@group-5DE5B32EC771-LeaderElection55] INFO  segmented.SegmentedRaftLogWorker (SegmentedRaftLogWorker.java:startLogSegment(385)) - b3937cad-36c1-4c32-8256-0bb40f7075f0@group-5DE5B32EC771-SegmentedRaftLogWorker: Starting segment from index:0
2019-10-09 10:09:53,594 [b3937cad-36c1-4c32-8256-0bb40f7075f0@group-5DE5B32EC771-LeaderElection55] INFO  impl.RaftServerImpl (ServerState.java:setRaftConf(356)) - b3937cad-36c1-4c32-8256-0bb40f7075f0@group-5DE5B32EC771: set configuration 0: [b3937cad-36c1-4c32-8256-0bb40f7075f0:192.168.164.205:36694], old=null at 0
2019-10-09 10:09:53,636 [b3937cad-36c1-4c32-8256-0bb40f7075f0@group-5DE5B32EC771-SegmentedRaftLogWorker] INFO  segmented.SegmentedRaftLogWorker (SegmentedRaftLogWorker.java:execute(574)) - b3937cad-36c1-4c32-8256-0bb40f7075f0@group-5DE5B32EC771-SegmentedRaftLogWorker: created new log segment /workdir/hadoop-ozone/integration-test/target/test-dir/MiniOzoneClusterImpl-20a6b4b8-63e8-44f3-a607-747c573e7ecd/datanode-0/data/ratis/6bcbe9ac-5f57-4dc4-8211-5de5b32ec771/current/log_inprogress_0
2019-10-09 10:09:53,695 [Thread-2374] INFO  impl.FollowerState (FollowerState.java:run(108)) - c4e44704-59ec-42a4-bafa-e52ee9404d37@group-AC93C83DAE2B-FollowerState: change to CANDIDATE, lastRpcTime:5154ms, electionTimeout:5154ms
2019-10-09 10:09:53,695 [Thread-2374] INFO  impl.RoleInfo (RoleInfo.java:shutdownFollowerState(121)) - c4e44704-59ec-42a4-bafa-e52ee9404d37: shutdown FollowerState
2019-10-09 10:09:53,695 [Thread-2374] INFO  impl.RaftServerImpl (RaftServerImpl.java:setRole(170)) - c4e44704-59ec-42a4-bafa-e52ee9404d37@group-AC93C83DAE2B: changes role from  FOLLOWER to CANDIDATE at term 0 for changeToCandidate
2019-10-09 10:09:53,695 [Thread-2374] INFO  impl.RoleInfo (RoleInfo.java:updateAndGet(143)) - c4e44704-59ec-42a4-bafa-e52ee9404d37: start LeaderElection
2019-10-09 10:09:53,713 [c4e44704-59ec-42a4-bafa-e52ee9404d37@group-AC93C83DAE2B-LeaderElection56] INFO  impl.LeaderElection (LeaderElection.java:askForVotes(178)) - c4e44704-59ec-42a4-bafa-e52ee9404d37@group-AC93C83DAE2B-LeaderElection56: begin an election at term 1 for -1: [c4e44704-59ec-42a4-bafa-e52ee9404d37:192.168.164.205:38326], old=null
2019-10-09 10:09:53,713 [c4e44704-59ec-42a4-bafa-e52ee9404d37@group-AC93C83DAE2B-LeaderElection56] INFO  impl.RoleInfo (RoleInfo.java:shutdownLeaderElection(134)) - c4e44704-59ec-42a4-bafa-e52ee9404d37: shutdown LeaderElection
2019-10-09 10:09:53,713 [c4e44704-59ec-42a4-bafa-e52ee9404d37@group-AC93C83DAE2B-LeaderElection56] INFO  impl.RaftServerImpl (RaftServerImpl.java:setRole(170)) - c4e44704-59ec-42a4-bafa-e52ee9404d37@group-AC93C83DAE2B: changes role from CANDIDATE to LEADER at term 1 for changeToLeader
2019-10-09 10:09:53,714 [c4e44704-59ec-42a4-bafa-e52ee9404d37@group-AC93C83DAE2B-LeaderElection56] INFO  impl.RaftServerImpl (ServerState.java:setLeader(255)) - c4e44704-59ec-42a4-bafa-e52ee9404d37@group-AC93C83DAE2B: change Leader from null to c4e44704-59ec-42a4-bafa-e52ee9404d37 at term 1 for becomeLeader, leader elected after 5179ms
2019-10-09 10:09:53,714 [c4e44704-59ec-42a4-bafa-e52ee9404d37@group-AC93C83DAE2B-LeaderElection56] INFO  server.RaftServerConfigKeys (ConfUtils.java:logGet(43)) - raft.server.staging.catchup.gap = 1000 (default)
2019-10-09 10:09:53,714 [c4e44704-59ec-42a4-bafa-e52ee9404d37@group-AC93C83DAE2B-LeaderElection56] INFO  server.RaftServerConfigKeys (ConfUtils.java:logGet(43)) - raft.server.rpc.sleep.time = 25ms (default)
2019-10-09 10:09:53,714 [c4e44704-59ec-42a4-bafa-e52ee9404d37@group-AC93C83DAE2B-LeaderElection56] INFO  server.RaftServerConfigKeys (ConfUtils.java:logGet(43)) - raft.server.write.element-limit = 4096 (default)
2019-10-09 10:09:53,714 [c4e44704-59ec-42a4-bafa-e52ee9404d37@group-AC93C83DAE2B-LeaderElection56] INFO  server.RaftServerConfigKeys (ConfUtils.java:logGet(43)) - raft.server.watch.timeout = 10s (default)
2019-10-09 10:09:53,714 [c4e44704-59ec-42a4-bafa-e52ee9404d37@group-AC93C83DAE2B-LeaderElection56] INFO  server.RaftServerConfigKeys (ConfUtils.java:logGet(43)) - raft.server.watch.timeout.denomination = 1s (default)
2019-10-09 10:09:53,714 [c4e44704-59ec-42a4-bafa-e52ee9404d37@group-AC93C83DAE2B-LeaderElection56] INFO  server.RaftServerConfigKeys (ConfUtils.java:logGet(43)) - raft.server.watch.element-limit = 65536 (default)
2019-10-09 10:09:53,716 [c4e44704-59ec-42a4-bafa-e52ee9404d37@group-AC93C83DAE2B-LeaderElection56] INFO  impl.RoleInfo (RoleInfo.java:updateAndGet(143)) - c4e44704-59ec-42a4-bafa-e52ee9404d37: start LeaderState
2019-10-09 10:09:53,716 [c4e44704-59ec-42a4-bafa-e52ee9404d37@group-AC93C83DAE2B-LeaderElection56] INFO  segmented.SegmentedRaftLogWorker (SegmentedRaftLogWorker.java:startLogSegment(385)) - c4e44704-59ec-42a4-bafa-e52ee9404d37@group-AC93C83DAE2B-SegmentedRaftLogWorker: Starting segment from index:0
2019-10-09 10:09:53,717 [c4e44704-59ec-42a4-bafa-e52ee9404d37@group-AC93C83DAE2B-LeaderElection56] INFO  impl.RaftServerImpl (ServerState.java:setRaftConf(356)) - c4e44704-59ec-42a4-bafa-e52ee9404d37@group-AC93C83DAE2B: set configuration 0: [c4e44704-59ec-42a4-bafa-e52ee9404d37:192.168.164.205:38326], old=null at 0
2019-10-09 10:09:53,730 [Thread-2384] INFO  impl.FollowerState (FollowerState.java:run(108)) - 96b37a5b-d1f8-4100-8e17-0088a3bc3513@group-FA78A23AEC1A-FollowerState: change to CANDIDATE, lastRpcTime:5028ms, electionTimeout:5028ms
2019-10-09 10:09:53,731 [Thread-2384] INFO  impl.RoleInfo (RoleInfo.java:shutdownFollowerState(121)) - 96b37a5b-d1f8-4100-8e17-0088a3bc3513: shutdown FollowerState
2019-10-09 10:09:53,731 [Thread-2384] INFO  impl.RaftServerImpl (RaftServerImpl.java:setRole(170)) - 96b37a5b-d1f8-4100-8e17-0088a3bc3513@group-FA78A23AEC1A: changes role from  FOLLOWER to CANDIDATE at term 0 for changeToCandidate
2019-10-09 10:09:53,731 [Thread-2384] INFO  impl.RoleInfo (RoleInfo.java:updateAndGet(143)) - 96b37a5b-d1f8-4100-8e17-0088a3bc3513: start LeaderElection
2019-10-09 10:09:53,768 [c4e44704-59ec-42a4-bafa-e52ee9404d37@group-AC93C83DAE2B-SegmentedRaftLogWorker] INFO  segmented.SegmentedRaftLogWorker (SegmentedRaftLogWorker.java:execute(574)) - c4e44704-59ec-42a4-bafa-e52ee9404d37@group-AC93C83DAE2B-SegmentedRaftLogWorker: created new log segment /workdir/hadoop-ozone/integration-test/target/test-dir/MiniOzoneClusterImpl-20a6b4b8-63e8-44f3-a607-747c573e7ecd/datanode-1/data/ratis/60ed12c7-390b-4813-a571-ac93c83dae2b/current/log_inprogress_0
2019-10-09 10:09:53,768 [96b37a5b-d1f8-4100-8e17-0088a3bc3513@group-FA78A23AEC1A-LeaderElection57] INFO  impl.LeaderElection (LeaderElection.java:askForVotes(178)) - 96b37a5b-d1f8-4100-8e17-0088a3bc3513@group-FA78A23AEC1A-LeaderElection57: begin an election at term 1 for -1: [c4e44704-59ec-42a4-bafa-e52ee9404d37:192.168.164.205:38326, b3937cad-36c1-4c32-8256-0bb40f7075f0:192.168.164.205:36694, 96b37a5b-d1f8-4100-8e17-0088a3bc3513:192.168.164.205:42486], old=null
2019-10-09 10:09:53,772 [Thread-2377] INFO  impl.FollowerState (FollowerState.java:run(108)) - 96b37a5b-d1f8-4100-8e17-0088a3bc3513@group-C775D8469361-FollowerState: change to CANDIDATE, lastRpcTime:5140ms, electionTimeout:5140ms
2019-10-09 10:09:53,772 [Thread-2377] INFO  impl.RoleInfo (RoleInfo.java:shutdownFollowerState(121)) - 96b37a5b-d1f8-4100-8e17-0088a3bc3513: shutdown FollowerState
2019-10-09 10:09:53,772 [Thread-2377] INFO  impl.RaftServerImpl (RaftServerImpl.java:setRole(170)) - 96b37a5b-d1f8-4100-8e17-0088a3bc3513@group-C775D8469361: changes role from  FOLLOWER to CANDIDATE at term 0 for changeToCandidate
2019-10-09 10:09:53,772 [Thread-2377] INFO  impl.RoleInfo (RoleInfo.java:updateAndGet(143)) - 96b37a5b-d1f8-4100-8e17-0088a3bc3513: start LeaderElection
2019-10-09 10:09:53,781 [grpc-default-executor-5] INFO  impl.RaftServerImpl (RaftServerImpl.java:setRole(170)) - c4e44704-59ec-42a4-bafa-e52ee9404d37@group-FA78A23AEC1A: changes role from  FOLLOWER to FOLLOWER at term 1 for recognizeCandidate:96b37a5b-d1f8-4100-8e17-0088a3bc3513
2019-10-09 10:09:53,781 [grpc-default-executor-5] INFO  impl.RoleInfo (RoleInfo.java:shutdownFollowerState(121)) - c4e44704-59ec-42a4-bafa-e52ee9404d37: shutdown FollowerState
2019-10-09 10:09:53,781 [grpc-default-executor-8] INFO  impl.RaftServerImpl (RaftServerImpl.java:setRole(170)) - b3937cad-36c1-4c32-8256-0bb40f7075f0@group-FA78A23AEC1A: changes role from  FOLLOWER to FOLLOWER at term 1 for recognizeCandidate:96b37a5b-d1f8-4100-8e17-0088a3bc3513
2019-10-09 10:09:53,781 [grpc-default-executor-5] INFO  impl.RoleInfo (RoleInfo.java:updateAndGet(143)) - c4e44704-59ec-42a4-bafa-e52ee9404d37: start FollowerState
2019-10-09 10:09:53,782 [grpc-default-executor-8] INFO  impl.RoleInfo (RoleInfo.java:shutdownFollowerState(121)) - b3937cad-36c1-4c32-8256-0bb40f7075f0: shutdown FollowerState
2019-10-09 10:09:53,781 [Thread-2382] INFO  impl.FollowerState (FollowerState.java:run(117)) - c4e44704-59ec-42a4-bafa-e52ee9404d37@group-FA78A23AEC1A-FollowerState was interrupted: java.lang.InterruptedException: sleep interrupted
2019-10-09 10:09:53,782 [Thread-2383] INFO  impl.FollowerState (FollowerState.java:run(117)) - b3937cad-36c1-4c32-8256-0bb40f7075f0@group-FA78A23AEC1A-FollowerState was interrupted: java.lang.InterruptedException: sleep interrupted
2019-10-09 10:09:53,782 [grpc-default-executor-8] INFO  impl.RoleInfo (RoleInfo.java:updateAndGet(143)) - b3937cad-36c1-4c32-8256-0bb40f7075f0: start FollowerState
2019-10-09 10:09:53,795 [96b37a5b-d1f8-4100-8e17-0088a3bc3513@group-C775D8469361-LeaderElection58] INFO  impl.LeaderElection (LeaderElection.java:askForVotes(178)) - 96b37a5b-d1f8-4100-8e17-0088a3bc3513@group-C775D8469361-LeaderElection58: begin an election at term 1 for -1: [96b37a5b-d1f8-4100-8e17-0088a3bc3513:192.168.164.205:42486], old=null
2019-10-09 10:09:53,795 [96b37a5b-d1f8-4100-8e17-0088a3bc3513@group-C775D8469361-LeaderElection58] INFO  impl.RoleInfo (RoleInfo.java:shutdownLeaderElection(134)) - 96b37a5b-d1f8-4100-8e17-0088a3bc3513: shutdown LeaderElection
2019-10-09 10:09:53,795 [96b37a5b-d1f8-4100-8e17-0088a3bc3513@group-C775D8469361-LeaderElection58] INFO  impl.RaftServerImpl (RaftServerImpl.java:setRole(170)) - 96b37a5b-d1f8-4100-8e17-0088a3bc3513@group-C775D8469361: changes role from CANDIDATE to LEADER at term 1 for changeToLeader
2019-10-09 10:09:53,795 [96b37a5b-d1f8-4100-8e17-0088a3bc3513@group-C775D8469361-LeaderElection58] INFO  impl.RaftServerImpl (ServerState.java:setLeader(255)) - 96b37a5b-d1f8-4100-8e17-0088a3bc3513@group-C775D8469361: change Leader from null to 96b37a5b-d1f8-4100-8e17-0088a3bc3513 at term 1 for becomeLeader, leader elected after 5171ms
2019-10-09 10:09:53,796 [96b37a5b-d1f8-4100-8e17-0088a3bc3513@group-C775D8469361-LeaderElection58] INFO  server.RaftServerConfigKeys (ConfUtils.java:logGet(43)) - raft.server.staging.catchup.gap = 1000 (default)
2019-10-09 10:09:53,796 [96b37a5b-d1f8-4100-8e17-0088a3bc3513@group-FA78A23AEC1A-LeaderElection57] INFO  impl.LeaderElection (LeaderElection.java:logAndReturn(56)) - 96b37a5b-d1f8-4100-8e17-0088a3bc3513@group-FA78A23AEC1A-LeaderElection57: Election PASSED; received 1 response(s) [96b37a5b-d1f8-4100-8e17-0088a3bc3513<-b3937cad-36c1-4c32-8256-0bb40f7075f0#0:OK-t1] and 0 exception(s); 96b37a5b-d1f8-4100-8e17-0088a3bc3513@group-FA78A23AEC1A:t1, leader=null, voted=96b37a5b-d1f8-4100-8e17-0088a3bc3513, raftlog=96b37a5b-d1f8-4100-8e17-0088a3bc3513@group-FA78A23AEC1A-SegmentedRaftLog:OPENED:c-1,f-1,i0, conf=-1: [c4e44704-59ec-42a4-bafa-e52ee9404d37:192.168.164.205:38326, b3937cad-36c1-4c32-8256-0bb40f7075f0:192.168.164.205:36694, 96b37a5b-d1f8-4100-8e17-0088a3bc3513:192.168.164.205:42486], old=null
2019-10-09 10:09:53,796 [96b37a5b-d1f8-4100-8e17-0088a3bc3513@group-C775D8469361-LeaderElection58] INFO  server.RaftServerConfigKeys (ConfUtils.java:logGet(43)) - raft.server.rpc.sleep.time = 25ms (default)
2019-10-09 10:09:53,796 [96b37a5b-d1f8-4100-8e17-0088a3bc3513@group-FA78A23AEC1A-LeaderElection57] INFO  impl.RoleInfo (RoleInfo.java:shutdownLeaderElection(134)) - 96b37a5b-d1f8-4100-8e17-0088a3bc3513: shutdown LeaderElection
2019-10-09 10:09:53,796 [96b37a5b-d1f8-4100-8e17-0088a3bc3513@group-FA78A23AEC1A-LeaderElection57] INFO  impl.RaftServerImpl (RaftServerImpl.java:setRole(170)) - 96b37a5b-d1f8-4100-8e17-0088a3bc3513@group-FA78A23AEC1A: changes role from CANDIDATE to LEADER at term 1 for changeToLeader
2019-10-09 10:09:53,796 [96b37a5b-d1f8-4100-8e17-0088a3bc3513@group-C775D8469361-LeaderElection58] INFO  server.RaftServerConfigKeys (ConfUtils.java:logGet(43)) - raft.server.write.element-limit = 4096 (default)
2019-10-09 10:09:53,796 [96b37a5b-d1f8-4100-8e17-0088a3bc3513@group-FA78A23AEC1A-LeaderElection57] INFO  impl.RaftServerImpl (ServerState.java:setLeader(255)) - 96b37a5b-d1f8-4100-8e17-0088a3bc3513@group-FA78A23AEC1A: change Leader from null to 96b37a5b-d1f8-4100-8e17-0088a3bc3513 at term 1 for becomeLeader, leader elected after 5107ms
2019-10-09 10:09:53,797 [96b37a5b-d1f8-4100-8e17-0088a3bc3513@group-C775D8469361-LeaderElection58] INFO  server.RaftServerConfigKeys (ConfUtils.java:logGet(43)) - raft.server.watch.timeout = 10s (default)
2019-10-09 10:09:53,797 [96b37a5b-d1f8-4100-8e17-0088a3bc3513@group-FA78A23AEC1A-LeaderElection57] INFO  server.RaftServerConfigKeys (ConfUtils.java:logGet(43)) - raft.server.staging.catchup.gap = 1000 (default)
2019-10-09 10:09:53,797 [96b37a5b-d1f8-4100-8e17-0088a3bc3513@group-C775D8469361-LeaderElection58] INFO  server.RaftServerConfigKeys (ConfUtils.java:logGet(43)) - raft.server.watch.timeout.denomination = 1s (default)
2019-10-09 10:09:53,797 [96b37a5b-d1f8-4100-8e17-0088a3bc3513@group-FA78A23AEC1A-LeaderElection57] INFO  server.RaftServerConfigKeys (ConfUtils.java:logGet(43)) - raft.server.rpc.sleep.time = 25ms (default)
2019-10-09 10:09:53,797 [96b37a5b-d1f8-4100-8e17-0088a3bc3513@group-C775D8469361-LeaderElection58] INFO  server.RaftServerConfigKeys (ConfUtils.java:logGet(43)) - raft.server.watch.element-limit = 65536 (default)
2019-10-09 10:09:53,797 [96b37a5b-d1f8-4100-8e17-0088a3bc3513@group-FA78A23AEC1A-LeaderElection57] INFO  server.RaftServerConfigKeys (ConfUtils.java:logGet(43)) - raft.server.write.element-limit = 4096 (default)
2019-10-09 10:09:53,797 [96b37a5b-d1f8-4100-8e17-0088a3bc3513@group-FA78A23AEC1A-LeaderElection57] INFO  server.RaftServerConfigKeys (ConfUtils.java:logGet(43)) - raft.server.watch.timeout = 10s (default)
2019-10-09 10:09:53,798 [96b37a5b-d1f8-4100-8e17-0088a3bc3513@group-FA78A23AEC1A-LeaderElection57] INFO  server.RaftServerConfigKeys (ConfUtils.java:logGet(43)) - raft.server.watch.timeout.denomination = 1s (default)
2019-10-09 10:09:53,798 [96b37a5b-d1f8-4100-8e17-0088a3bc3513@group-FA78A23AEC1A-LeaderElection57] INFO  server.RaftServerConfigKeys (ConfUtils.java:logGet(43)) - raft.server.watch.element-limit = 65536 (default)
2019-10-09 10:09:53,800 [96b37a5b-d1f8-4100-8e17-0088a3bc3513@group-C775D8469361-LeaderElection58] INFO  impl.RoleInfo (RoleInfo.java:updateAndGet(143)) - 96b37a5b-d1f8-4100-8e17-0088a3bc3513: start LeaderState
2019-10-09 10:09:53,800 [96b37a5b-d1f8-4100-8e17-0088a3bc3513@group-C775D8469361-LeaderElection58] INFO  segmented.SegmentedRaftLogWorker (SegmentedRaftLogWorker.java:startLogSegment(385)) - 96b37a5b-d1f8-4100-8e17-0088a3bc3513@group-C775D8469361-SegmentedRaftLogWorker: Starting segment from index:0
2019-10-09 10:09:53,800 [96b37a5b-d1f8-4100-8e17-0088a3bc3513@group-FA78A23AEC1A-LeaderElection57] INFO  server.RaftServerConfigKeys (ConfUtils.java:logGet(43)) - raft.server.log.appender.snapshot.chunk.size.max = 16MB (=16777216) (default)
2019-10-09 10:09:53,801 [96b37a5b-d1f8-4100-8e17-0088a3bc3513@group-FA78A23AEC1A-LeaderElection57] INFO  server.RaftServerConfigKeys (ConfUtils.java:logGet(43)) - raft.server.log.appender.buffer.byte-limit = 33554432 (custom)
2019-10-09 10:09:53,801 [96b37a5b-d1f8-4100-8e17-0088a3bc3513@group-C775D8469361-LeaderElection58] INFO  impl.RaftServerImpl (ServerState.java:setRaftConf(356)) - 96b37a5b-d1f8-4100-8e17-0088a3bc3513@group-C775D8469361: set configuration 0: [96b37a5b-d1f8-4100-8e17-0088a3bc3513:192.168.164.205:42486], old=null at 0
2019-10-09 10:09:53,801 [96b37a5b-d1f8-4100-8e17-0088a3bc3513@group-FA78A23AEC1A-LeaderElection57] INFO  server.RaftServerConfigKeys (ConfUtils.java:logGet(43)) - raft.server.log.appender.buffer.element-limit = 1 (custom)
2019-10-09 10:09:53,802 [96b37a5b-d1f8-4100-8e17-0088a3bc3513@group-FA78A23AEC1A-LeaderElection57] INFO  grpc.GrpcConfigKeys$Server (ConfUtils.java:logGet(43)) - raft.grpc.server.leader.outstanding.appends.max = 128 (default)
2019-10-09 10:09:53,802 [96b37a5b-d1f8-4100-8e17-0088a3bc3513@group-FA78A23AEC1A-LeaderElection57] INFO  server.RaftServerConfigKeys (ConfUtils.java:logGet(43)) - raft.server.rpc.request.timeout = 3000ms (default)
2019-10-09 10:09:53,802 [96b37a5b-d1f8-4100-8e17-0088a3bc3513@group-FA78A23AEC1A-LeaderElection57] INFO  server.RaftServerConfigKeys (ConfUtils.java:logGet(43)) - raft.server.log.appender.install.snapshot.enabled = false (custom)
2019-10-09 10:09:53,802 [96b37a5b-d1f8-4100-8e17-0088a3bc3513@group-FA78A23AEC1A-LeaderElection57] INFO  server.RaftServerConfigKeys (ConfUtils.java:logGet(43)) - raft.server.log.appender.snapshot.chunk.size.max = 16MB (=16777216) (default)
2019-10-09 10:09:53,802 [96b37a5b-d1f8-4100-8e17-0088a3bc3513@group-FA78A23AEC1A-LeaderElection57] INFO  server.RaftServerConfigKeys (ConfUtils.java:logGet(43)) - raft.server.log.appender.buffer.byte-limit = 33554432 (custom)
2019-10-09 10:09:53,803 [96b37a5b-d1f8-4100-8e17-0088a3bc3513@group-FA78A23AEC1A-LeaderElection57] INFO  server.RaftServerConfigKeys (ConfUtils.java:logGet(43)) - raft.server.log.appender.buffer.element-limit = 1 (custom)
2019-10-09 10:09:53,803 [96b37a5b-d1f8-4100-8e17-0088a3bc3513@group-FA78A23AEC1A-LeaderElection57] INFO  grpc.GrpcConfigKeys$Server (ConfUtils.java:logGet(43)) - raft.grpc.server.leader.outstanding.appends.max = 128 (default)
2019-10-09 10:09:53,803 [96b37a5b-d1f8-4100-8e17-0088a3bc3513@group-FA78A23AEC1A-LeaderElection57] INFO  server.RaftServerConfigKeys (ConfUtils.java:logGet(43)) - raft.server.rpc.request.timeout = 3000ms (default)
2019-10-09 10:09:53,803 [96b37a5b-d1f8-4100-8e17-0088a3bc3513@group-FA78A23AEC1A-LeaderElection57] INFO  server.RaftServerConfigKeys (ConfUtils.java:logGet(43)) - raft.server.log.appender.install.snapshot.enabled = false (custom)
2019-10-09 10:09:53,803 [96b37a5b-d1f8-4100-8e17-0088a3bc3513@group-FA78A23AEC1A-LeaderElection57] INFO  impl.RoleInfo (RoleInfo.java:updateAndGet(143)) - 96b37a5b-d1f8-4100-8e17-0088a3bc3513: start LeaderState
2019-10-09 10:09:53,804 [96b37a5b-d1f8-4100-8e17-0088a3bc3513@group-FA78A23AEC1A-LeaderElection57] INFO  segmented.SegmentedRaftLogWorker (SegmentedRaftLogWorker.java:startLogSegment(385)) - 96b37a5b-d1f8-4100-8e17-0088a3bc3513@group-FA78A23AEC1A-SegmentedRaftLogWorker: Starting segment from index:0
2019-10-09 10:09:53,804 [96b37a5b-d1f8-4100-8e17-0088a3bc3513@group-FA78A23AEC1A-LeaderElection57] INFO  impl.RaftServerImpl (ServerState.java:setRaftConf(356)) - 96b37a5b-d1f8-4100-8e17-0088a3bc3513@group-FA78A23AEC1A: set configuration 0: [c4e44704-59ec-42a4-bafa-e52ee9404d37:192.168.164.205:38326, b3937cad-36c1-4c32-8256-0bb40f7075f0:192.168.164.205:36694, 96b37a5b-d1f8-4100-8e17-0088a3bc3513:192.168.164.205:42486], old=null at 0
2019-10-09 10:09:53,843 [grpc-default-executor-8] INFO  impl.RaftServerImpl (ServerState.java:setLeader(255)) - c4e44704-59ec-42a4-bafa-e52ee9404d37@group-FA78A23AEC1A: change Leader from null to 96b37a5b-d1f8-4100-8e17-0088a3bc3513 at term 1 for appendEntries, leader elected after 5153ms
2019-10-09 10:09:53,843 [grpc-default-executor-5] INFO  impl.RaftServerImpl (ServerState.java:setLeader(255)) - b3937cad-36c1-4c32-8256-0bb40f7075f0@group-FA78A23AEC1A: change Leader from null to 96b37a5b-d1f8-4100-8e17-0088a3bc3513 at term 1 for appendEntries, leader elected after 5154ms
2019-10-09 10:09:53,846 [grpc-default-executor-8] INFO  impl.RaftServerImpl (ServerState.java:setRaftConf(356)) - b3937cad-36c1-4c32-8256-0bb40f7075f0@group-FA78A23AEC1A: set configuration 0: [c4e44704-59ec-42a4-bafa-e52ee9404d37:192.168.164.205:38326, b3937cad-36c1-4c32-8256-0bb40f7075f0:192.168.164.205:36694, 96b37a5b-d1f8-4100-8e17-0088a3bc3513:192.168.164.205:42486], old=null at 0
2019-10-09 10:09:53,846 [grpc-default-executor-5] INFO  impl.RaftServerImpl (ServerState.java:setRaftConf(356)) - c4e44704-59ec-42a4-bafa-e52ee9404d37@group-FA78A23AEC1A: set configuration 0: [c4e44704-59ec-42a4-bafa-e52ee9404d37:192.168.164.205:38326, b3937cad-36c1-4c32-8256-0bb40f7075f0:192.168.164.205:36694, 96b37a5b-d1f8-4100-8e17-0088a3bc3513:192.168.164.205:42486], old=null at 0
2019-10-09 10:09:53,846 [grpc-default-executor-8] INFO  segmented.SegmentedRaftLogWorker (SegmentedRaftLogWorker.java:startLogSegment(385)) - b3937cad-36c1-4c32-8256-0bb40f7075f0@group-FA78A23AEC1A-SegmentedRaftLogWorker: Starting segment from index:0
2019-10-09 10:09:53,846 [grpc-default-executor-5] INFO  segmented.SegmentedRaftLogWorker (SegmentedRaftLogWorker.java:startLogSegment(385)) - c4e44704-59ec-42a4-bafa-e52ee9404d37@group-FA78A23AEC1A-SegmentedRaftLogWorker: Starting segment from index:0
2019-10-09 10:09:53,856 [96b37a5b-d1f8-4100-8e17-0088a3bc3513@group-FA78A23AEC1A-SegmentedRaftLogWorker] INFO  segmented.SegmentedRaftLogWorker (SegmentedRaftLogWorker.java:execute(574)) - 96b37a5b-d1f8-4100-8e17-0088a3bc3513@group-FA78A23AEC1A-SegmentedRaftLogWorker: created new log segment /workdir/hadoop-ozone/integration-test/target/test-dir/MiniOzoneClusterImpl-20a6b4b8-63e8-44f3-a607-747c573e7ecd/datanode-2/data/ratis/1faeb405-c952-4ade-81da-fa78a23aec1a/current/log_inprogress_0
2019-10-09 10:09:53,856 [96b37a5b-d1f8-4100-8e17-0088a3bc3513@group-C775D8469361-SegmentedRaftLogWorker] INFO  segmented.SegmentedRaftLogWorker (SegmentedRaftLogWorker.java:execute(574)) - 96b37a5b-d1f8-4100-8e17-0088a3bc3513@group-C775D8469361-SegmentedRaftLogWorker: created new log segment /workdir/hadoop-ozone/integration-test/target/test-dir/MiniOzoneClusterImpl-20a6b4b8-63e8-44f3-a607-747c573e7ecd/datanode-2/data/ratis/948a0a89-afe4-4224-87ec-c775d8469361/current/log_inprogress_0
2019-10-09 10:09:53,891 [b3937cad-36c1-4c32-8256-0bb40f7075f0@group-FA78A23AEC1A-SegmentedRaftLogWorker] INFO  segmented.SegmentedRaftLogWorker (SegmentedRaftLogWorker.java:execute(574)) - b3937cad-36c1-4c32-8256-0bb40f7075f0@group-FA78A23AEC1A-SegmentedRaftLogWorker: created new log segment /workdir/hadoop-ozone/integration-test/target/test-dir/MiniOzoneClusterImpl-20a6b4b8-63e8-44f3-a607-747c573e7ecd/datanode-0/data/ratis/1faeb405-c952-4ade-81da-fa78a23aec1a/current/log_inprogress_0
2019-10-09 10:09:53,891 [c4e44704-59ec-42a4-bafa-e52ee9404d37@group-FA78A23AEC1A-SegmentedRaftLogWorker] INFO  segmented.SegmentedRaftLogWorker (SegmentedRaftLogWorker.java:execute(574)) - c4e44704-59ec-42a4-bafa-e52ee9404d37@group-FA78A23AEC1A-SegmentedRaftLogWorker: created new log segment /workdir/hadoop-ozone/integration-test/target/test-dir/MiniOzoneClusterImpl-20a6b4b8-63e8-44f3-a607-747c573e7ecd/datanode-1/data/ratis/1faeb405-c952-4ade-81da-fa78a23aec1a/current/log_inprogress_0
2019-10-09 10:09:53,929 [Thread-2389] INFO  impl.FollowerState (FollowerState.java:run(108)) - 7097ba84-dec8-42ff-a3d4-731770d41051@group-B6FCAA1EA4C1-FollowerState: change to CANDIDATE, lastRpcTime:5096ms, electionTimeout:5096ms
2019-10-09 10:09:53,929 [Thread-2389] INFO  impl.RoleInfo (RoleInfo.java:shutdownFollowerState(121)) - 7097ba84-dec8-42ff-a3d4-731770d41051: shutdown FollowerState
2019-10-09 10:09:53,929 [Thread-2389] INFO  impl.RaftServerImpl (RaftServerImpl.java:setRole(170)) - 7097ba84-dec8-42ff-a3d4-731770d41051@group-B6FCAA1EA4C1: changes role from  FOLLOWER to CANDIDATE at term 0 for changeToCandidate
2019-10-09 10:09:53,929 [Thread-2389] INFO  impl.RoleInfo (RoleInfo.java:updateAndGet(143)) - 7097ba84-dec8-42ff-a3d4-731770d41051: start LeaderElection
2019-10-09 10:09:53,952 [7097ba84-dec8-42ff-a3d4-731770d41051@group-B6FCAA1EA4C1-LeaderElection59] INFO  impl.LeaderElection (LeaderElection.java:askForVotes(178)) - 7097ba84-dec8-42ff-a3d4-731770d41051@group-B6FCAA1EA4C1-LeaderElection59: begin an election at term 1 for -1: [7097ba84-dec8-42ff-a3d4-731770d41051:192.168.164.205:42634], old=null
2019-10-09 10:09:53,952 [7097ba84-dec8-42ff-a3d4-731770d41051@group-B6FCAA1EA4C1-LeaderElection59] INFO  impl.RoleInfo (RoleInfo.java:shutdownLeaderElection(134)) - 7097ba84-dec8-42ff-a3d4-731770d41051: shutdown LeaderElection
2019-10-09 10:09:53,953 [7097ba84-dec8-42ff-a3d4-731770d41051@group-B6FCAA1EA4C1-LeaderElection59] INFO  impl.RaftServerImpl (RaftServerImpl.java:setRole(170)) - 7097ba84-dec8-42ff-a3d4-731770d41051@group-B6FCAA1EA4C1: changes role from CANDIDATE to LEADER at term 1 for changeToLeader
2019-10-09 10:09:53,953 [7097ba84-dec8-42ff-a3d4-731770d41051@group-B6FCAA1EA4C1-LeaderElection59] INFO  impl.RaftServerImpl (ServerState.java:setLeader(255)) - 7097ba84-dec8-42ff-a3d4-731770d41051@group-B6FCAA1EA4C1: change Leader from null to 7097ba84-dec8-42ff-a3d4-731770d41051 at term 1 for becomeLeader, leader elected after 5127ms
2019-10-09 10:09:53,953 [7097ba84-dec8-42ff-a3d4-731770d41051@group-B6FCAA1EA4C1-LeaderElection59] INFO  server.RaftServerConfigKeys (ConfUtils.java:logGet(43)) - raft.server.staging.catchup.gap = 1000 (default)
2019-10-09 10:09:53,953 [7097ba84-dec8-42ff-a3d4-731770d41051@group-B6FCAA1EA4C1-LeaderElection59] INFO  server.RaftServerConfigKeys (ConfUtils.java:logGet(43)) - raft.server.rpc.sleep.time = 25ms (default)
2019-10-09 10:09:53,953 [7097ba84-dec8-42ff-a3d4-731770d41051@group-B6FCAA1EA4C1-LeaderElection59] INFO  server.RaftServerConfigKeys (ConfUtils.java:logGet(43)) - raft.server.write.element-limit = 4096 (default)
2019-10-09 10:09:53,953 [7097ba84-dec8-42ff-a3d4-731770d41051@group-B6FCAA1EA4C1-LeaderElection59] INFO  server.RaftServerConfigKeys (ConfUtils.java:logGet(43)) - raft.server.watch.timeout = 10s (default)
2019-10-09 10:09:53,953 [7097ba84-dec8-42ff-a3d4-731770d41051@group-B6FCAA1EA4C1-LeaderElection59] INFO  server.RaftServerConfigKeys (ConfUtils.java:logGet(43)) - raft.server.watch.timeout.denomination = 1s (default)
2019-10-09 10:09:53,954 [7097ba84-dec8-42ff-a3d4-731770d41051@group-B6FCAA1EA4C1-LeaderElection59] INFO  server.RaftServerConfigKeys (ConfUtils.java:logGet(43)) - raft.server.watch.element-limit = 65536 (default)
2019-10-09 10:09:53,956 [7097ba84-dec8-42ff-a3d4-731770d41051@group-B6FCAA1EA4C1-LeaderElection59] INFO  impl.RoleInfo (RoleInfo.java:updateAndGet(143)) - 7097ba84-dec8-42ff-a3d4-731770d41051: start LeaderState
2019-10-09 10:09:53,956 [7097ba84-dec8-42ff-a3d4-731770d41051@group-B6FCAA1EA4C1-LeaderElection59] INFO  segmented.SegmentedRaftLogWorker (SegmentedRaftLogWorker.java:startLogSegment(385)) - 7097ba84-dec8-42ff-a3d4-731770d41051@group-B6FCAA1EA4C1-SegmentedRaftLogWorker: Starting segment from index:0
2019-10-09 10:09:53,956 [7097ba84-dec8-42ff-a3d4-731770d41051@group-B6FCAA1EA4C1-LeaderElection59] INFO  impl.RaftServerImpl (ServerState.java:setRaftConf(356)) - 7097ba84-dec8-42ff-a3d4-731770d41051@group-B6FCAA1EA4C1: set configuration 0: [7097ba84-dec8-42ff-a3d4-731770d41051:192.168.164.205:42634], old=null at 0
2019-10-09 10:09:53,968 [Thread-2392] INFO  impl.FollowerState (FollowerState.java:run(108)) - bb9670a9-7d44-4488-9cea-795cb3ddb9a2@group-9674C13674C2-FollowerState: change to CANDIDATE, lastRpcTime:5086ms, electionTimeout:5086ms
2019-10-09 10:09:53,968 [Thread-2392] INFO  impl.RoleInfo (RoleInfo.java:shutdownFollowerState(121)) - bb9670a9-7d44-4488-9cea-795cb3ddb9a2: shutdown FollowerState
2019-10-09 10:09:53,968 [Thread-2392] INFO  impl.RaftServerImpl (RaftServerImpl.java:setRole(170)) - bb9670a9-7d44-4488-9cea-795cb3ddb9a2@group-9674C13674C2: changes role from  FOLLOWER to CANDIDATE at term 0 for changeToCandidate
2019-10-09 10:09:53,968 [Thread-2392] INFO  impl.RoleInfo (RoleInfo.java:updateAndGet(143)) - bb9670a9-7d44-4488-9cea-795cb3ddb9a2: start LeaderElection
2019-10-09 10:09:54,001 [7097ba84-dec8-42ff-a3d4-731770d41051@group-B6FCAA1EA4C1-SegmentedRaftLogWorker] INFO  segmented.SegmentedRaftLogWorker (SegmentedRaftLogWorker.java:execute(574)) - 7097ba84-dec8-42ff-a3d4-731770d41051@group-B6FCAA1EA4C1-SegmentedRaftLogWorker: created new log segment /workdir/hadoop-ozone/integration-test/target/test-dir/MiniOzoneClusterImpl-20a6b4b8-63e8-44f3-a607-747c573e7ecd/datanode-3/data/ratis/3757c8d6-1beb-45db-a25c-b6fcaa1ea4c1/current/log_inprogress_0
2019-10-09 10:09:54,001 [bb9670a9-7d44-4488-9cea-795cb3ddb9a2@group-9674C13674C2-LeaderElection60] INFO  impl.LeaderElection (LeaderElection.java:askForVotes(178)) - bb9670a9-7d44-4488-9cea-795cb3ddb9a2@group-9674C13674C2-LeaderElection60: begin an election at term 1 for -1: [bb9670a9-7d44-4488-9cea-795cb3ddb9a2:192.168.164.205:43719], old=null
2019-10-09 10:09:54,001 [bb9670a9-7d44-4488-9cea-795cb3ddb9a2@group-9674C13674C2-LeaderElection60] INFO  impl.RoleInfo (RoleInfo.java:shutdownLeaderElection(134)) - bb9670a9-7d44-4488-9cea-795cb3ddb9a2: shutdown LeaderElection
2019-10-09 10:09:54,002 [bb9670a9-7d44-4488-9cea-795cb3ddb9a2@group-9674C13674C2-LeaderElection60] INFO  impl.RaftServerImpl (RaftServerImpl.java:setRole(170)) - bb9670a9-7d44-4488-9cea-795cb3ddb9a2@group-9674C13674C2: changes role from CANDIDATE to LEADER at term 1 for changeToLeader
2019-10-09 10:09:54,002 [bb9670a9-7d44-4488-9cea-795cb3ddb9a2@group-9674C13674C2-LeaderElection60] INFO  impl.RaftServerImpl (ServerState.java:setLeader(255)) - bb9670a9-7d44-4488-9cea-795cb3ddb9a2@group-9674C13674C2: change Leader from null to bb9670a9-7d44-4488-9cea-795cb3ddb9a2 at term 1 for becomeLeader, leader elected after 5127ms
2019-10-09 10:09:54,002 [bb9670a9-7d44-4488-9cea-795cb3ddb9a2@group-9674C13674C2-LeaderElection60] INFO  server.RaftServerConfigKeys (ConfUtils.java:logGet(43)) - raft.server.staging.catchup.gap = 1000 (default)
2019-10-09 10:09:54,002 [bb9670a9-7d44-4488-9cea-795cb3ddb9a2@group-9674C13674C2-LeaderElection60] INFO  server.RaftServerConfigKeys (ConfUtils.java:logGet(43)) - raft.server.rpc.sleep.time = 25ms (default)
2019-10-09 10:09:54,002 [bb9670a9-7d44-4488-9cea-795cb3ddb9a2@group-9674C13674C2-LeaderElection60] INFO  server.RaftServerConfigKeys (ConfUtils.java:logGet(43)) - raft.server.write.element-limit = 4096 (default)
2019-10-09 10:09:54,002 [bb9670a9-7d44-4488-9cea-795cb3ddb9a2@group-9674C13674C2-LeaderElection60] INFO  server.RaftServerConfigKeys (ConfUtils.java:logGet(43)) - raft.server.watch.timeout = 10s (default)
2019-10-09 10:09:54,002 [bb9670a9-7d44-4488-9cea-795cb3ddb9a2@group-9674C13674C2-LeaderElection60] INFO  server.RaftServerConfigKeys (ConfUtils.java:logGet(43)) - raft.server.watch.timeout.denomination = 1s (default)
2019-10-09 10:09:54,002 [bb9670a9-7d44-4488-9cea-795cb3ddb9a2@group-9674C13674C2-LeaderElection60] INFO  server.RaftServerConfigKeys (ConfUtils.java:logGet(43)) - raft.server.watch.element-limit = 65536 (default)
2019-10-09 10:09:54,004 [bb9670a9-7d44-4488-9cea-795cb3ddb9a2@group-9674C13674C2-LeaderElection60] INFO  impl.RoleInfo (RoleInfo.java:updateAndGet(143)) - bb9670a9-7d44-4488-9cea-795cb3ddb9a2: start LeaderState
2019-10-09 10:09:54,004 [bb9670a9-7d44-4488-9cea-795cb3ddb9a2@group-9674C13674C2-LeaderElection60] INFO  segmented.SegmentedRaftLogWorker (SegmentedRaftLogWorker.java:startLogSegment(385)) - bb9670a9-7d44-4488-9cea-795cb3ddb9a2@group-9674C13674C2-SegmentedRaftLogWorker: Starting segment from index:0
2019-10-09 10:09:54,005 [bb9670a9-7d44-4488-9cea-795cb3ddb9a2@group-9674C13674C2-LeaderElection60] INFO  impl.RaftServerImpl (ServerState.java:setRaftConf(356)) - bb9670a9-7d44-4488-9cea-795cb3ddb9a2@group-9674C13674C2: set configuration 0: [bb9670a9-7d44-4488-9cea-795cb3ddb9a2:192.168.164.205:43719], old=null at 0
2019-10-09 10:09:54,040 [Thread-2399] INFO  impl.FollowerState (FollowerState.java:run(108)) - bb9670a9-7d44-4488-9cea-795cb3ddb9a2@group-9C9F9ABEC9E1-FollowerState: change to CANDIDATE, lastRpcTime:5025ms, electionTimeout:5025ms
2019-10-09 10:09:54,041 [Thread-2399] INFO  impl.RoleInfo (RoleInfo.java:shutdownFollowerState(121)) - bb9670a9-7d44-4488-9cea-795cb3ddb9a2: shutdown FollowerState
2019-10-09 10:09:54,041 [Thread-2399] INFO  impl.RaftServerImpl (RaftServerImpl.java:setRole(170)) - bb9670a9-7d44-4488-9cea-795cb3ddb9a2@group-9C9F9ABEC9E1: changes role from  FOLLOWER to CANDIDATE at term 0 for changeToCandidate
2019-10-09 10:09:54,041 [Thread-2399] INFO  impl.RoleInfo (RoleInfo.java:updateAndGet(143)) - bb9670a9-7d44-4488-9cea-795cb3ddb9a2: start LeaderElection
2019-10-09 10:09:54,050 [bb9670a9-7d44-4488-9cea-795cb3ddb9a2@group-9674C13674C2-SegmentedRaftLogWorker] INFO  segmented.SegmentedRaftLogWorker (SegmentedRaftLogWorker.java:execute(574)) - bb9670a9-7d44-4488-9cea-795cb3ddb9a2@group-9674C13674C2-SegmentedRaftLogWorker: created new log segment /workdir/hadoop-ozone/integration-test/target/test-dir/MiniOzoneClusterImpl-20a6b4b8-63e8-44f3-a607-747c573e7ecd/datanode-4/data/ratis/10017d13-b1e2-457d-86b3-9674c13674c2/current/log_inprogress_0
2019-10-09 10:09:54,053 [Thread-2402] INFO  impl.FollowerState (FollowerState.java:run(108)) - 92c1bb28-bd4e-4191-b5e5-43066b9f0ea3@group-9C9F9ABEC9E1-FollowerState: change to CANDIDATE, lastRpcTime:5034ms, electionTimeout:5034ms
2019-10-09 10:09:54,053 [Thread-2402] INFO  impl.RoleInfo (RoleInfo.java:shutdownFollowerState(121)) - 92c1bb28-bd4e-4191-b5e5-43066b9f0ea3: shutdown FollowerState
2019-10-09 10:09:54,053 [Thread-2402] INFO  impl.RaftServerImpl (RaftServerImpl.java:setRole(170)) - 92c1bb28-bd4e-4191-b5e5-43066b9f0ea3@group-9C9F9ABEC9E1: changes role from  FOLLOWER to CANDIDATE at term 0 for changeToCandidate
2019-10-09 10:09:54,053 [Thread-2402] INFO  impl.RoleInfo (RoleInfo.java:updateAndGet(143)) - 92c1bb28-bd4e-4191-b5e5-43066b9f0ea3: start LeaderElection
2019-10-09 10:09:54,063 [bb9670a9-7d44-4488-9cea-795cb3ddb9a2@group-9C9F9ABEC9E1-LeaderElection61] INFO  impl.LeaderElection (LeaderElection.java:askForVotes(178)) - bb9670a9-7d44-4488-9cea-795cb3ddb9a2@group-9C9F9ABEC9E1-LeaderElection61: begin an election at term 1 for -1: [92c1bb28-bd4e-4191-b5e5-43066b9f0ea3:192.168.164.205:39071, bb9670a9-7d44-4488-9cea-795cb3ddb9a2:192.168.164.205:43719, 7097ba84-dec8-42ff-a3d4-731770d41051:192.168.164.205:42634], old=null
2019-10-09 10:09:54,064 [92c1bb28-bd4e-4191-b5e5-43066b9f0ea3@group-9C9F9ABEC9E1-LeaderElection62] INFO  impl.LeaderElection (LeaderElection.java:askForVotes(178)) - 92c1bb28-bd4e-4191-b5e5-43066b9f0ea3@group-9C9F9ABEC9E1-LeaderElection62: begin an election at term 1 for -1: [92c1bb28-bd4e-4191-b5e5-43066b9f0ea3:192.168.164.205:39071, bb9670a9-7d44-4488-9cea-795cb3ddb9a2:192.168.164.205:43719, 7097ba84-dec8-42ff-a3d4-731770d41051:192.168.164.205:42634], old=null
2019-10-09 10:09:54,074 [grpc-default-executor-4] INFO  impl.RaftServerImpl (RaftServerImpl.java:setRole(170)) - 7097ba84-dec8-42ff-a3d4-731770d41051@group-9C9F9ABEC9E1: changes role from  FOLLOWER to FOLLOWER at term 1 for recognizeCandidate:bb9670a9-7d44-4488-9cea-795cb3ddb9a2
2019-10-09 10:09:54,074 [Thread-2395] INFO  impl.FollowerState (FollowerState.java:run(108)) - 92c1bb28-bd4e-4191-b5e5-43066b9f0ea3@group-18CD5B67ECA3-FollowerState: change to CANDIDATE, lastRpcTime:5128ms, electionTimeout:5127ms
2019-10-09 10:09:54,074 [grpc-default-executor-4] INFO  impl.RoleInfo (RoleInfo.java:shutdownFollowerState(121)) - 7097ba84-dec8-42ff-a3d4-731770d41051: shutdown FollowerState
2019-10-09 10:09:54,074 [Thread-2395] INFO  impl.RoleInfo (RoleInfo.java:shutdownFollowerState(121)) - 92c1bb28-bd4e-4191-b5e5-43066b9f0ea3: shutdown FollowerState
2019-10-09 10:09:54,075 [grpc-default-executor-4] INFO  impl.RoleInfo (RoleInfo.java:updateAndGet(143)) - 7097ba84-dec8-42ff-a3d4-731770d41051: start FollowerState
2019-10-09 10:09:54,075 [Thread-2401] INFO  impl.FollowerState (FollowerState.java:run(117)) - 7097ba84-dec8-42ff-a3d4-731770d41051@group-9C9F9ABEC9E1-FollowerState was interrupted: java.lang.InterruptedException: sleep interrupted
2019-10-09 10:09:54,075 [Thread-2395] INFO  impl.RaftServerImpl (RaftServerImpl.java:setRole(170)) - 92c1bb28-bd4e-4191-b5e5-43066b9f0ea3@group-18CD5B67ECA3: changes role from  FOLLOWER to CANDIDATE at term 0 for changeToCandidate
2019-10-09 10:09:54,078 [Thread-2395] INFO  impl.RoleInfo (RoleInfo.java:updateAndGet(143)) - 92c1bb28-bd4e-4191-b5e5-43066b9f0ea3: start LeaderElection
2019-10-09 10:09:54,098 [92c1bb28-bd4e-4191-b5e5-43066b9f0ea3@group-18CD5B67ECA3-LeaderElection63] INFO  impl.LeaderElection (LeaderElection.java:askForVotes(178)) - 92c1bb28-bd4e-4191-b5e5-43066b9f0ea3@group-18CD5B67ECA3-LeaderElection63: begin an election at term 1 for -1: [92c1bb28-bd4e-4191-b5e5-43066b9f0ea3:192.168.164.205:39071], old=null
2019-10-09 10:09:54,098 [92c1bb28-bd4e-4191-b5e5-43066b9f0ea3@group-18CD5B67ECA3-LeaderElection63] INFO  impl.RoleInfo (RoleInfo.java:shutdownLeaderElection(134)) - 92c1bb28-bd4e-4191-b5e5-43066b9f0ea3: shutdown LeaderElection
2019-10-09 10:09:54,098 [92c1bb28-bd4e-4191-b5e5-43066b9f0ea3@group-18CD5B67ECA3-LeaderElection63] INFO  impl.RaftServerImpl (RaftServerImpl.java:setRole(170)) - 92c1bb28-bd4e-4191-b5e5-43066b9f0ea3@group-18CD5B67ECA3: changes role from CANDIDATE to LEADER at term 1 for changeToLeader
2019-10-09 10:09:54,098 [92c1bb28-bd4e-4191-b5e5-43066b9f0ea3@group-18CD5B67ECA3-LeaderElection63] INFO  impl.RaftServerImpl (ServerState.java:setLeader(255)) - 92c1bb28-bd4e-4191-b5e5-43066b9f0ea3@group-18CD5B67ECA3: change Leader from null to 92c1bb28-bd4e-4191-b5e5-43066b9f0ea3 at term 1 for becomeLeader, leader elected after 5157ms
2019-10-09 10:09:54,098 [92c1bb28-bd4e-4191-b5e5-43066b9f0ea3@group-18CD5B67ECA3-LeaderElection63] INFO  server.RaftServerConfigKeys (ConfUtils.java:logGet(43)) - raft.server.staging.catchup.gap = 1000 (default)
2019-10-09 10:09:54,099 [92c1bb28-bd4e-4191-b5e5-43066b9f0ea3@group-18CD5B67ECA3-LeaderElection63] INFO  server.RaftServerConfigKeys (ConfUtils.java:logGet(43)) - raft.server.rpc.sleep.time = 25ms (default)
2019-10-09 10:09:54,099 [92c1bb28-bd4e-4191-b5e5-43066b9f0ea3@group-9C9F9ABEC9E1-LeaderElection62] INFO  impl.LeaderElection (LeaderElection.java:logAndReturn(56)) - 92c1bb28-bd4e-4191-b5e5-43066b9f0ea3@group-9C9F9ABEC9E1-LeaderElection62: Election REJECTED; received 2 response(s) [92c1bb28-bd4e-4191-b5e5-43066b9f0ea3<-bb9670a9-7d44-4488-9cea-795cb3ddb9a2#0:FAIL-t1, 92c1bb28-bd4e-4191-b5e5-43066b9f0ea3<-7097ba84-dec8-42ff-a3d4-731770d41051#0:FAIL-t1] and 0 exception(s); 92c1bb28-bd4e-4191-b5e5-43066b9f0ea3@group-9C9F9ABEC9E1:t1, leader=null, voted=92c1bb28-bd4e-4191-b5e5-43066b9f0ea3, raftlog=92c1bb28-bd4e-4191-b5e5-43066b9f0ea3@group-9C9F9ABEC9E1-SegmentedRaftLog:OPENED:c-1,f-1,i0, conf=-1: [92c1bb28-bd4e-4191-b5e5-43066b9f0ea3:192.168.164.205:39071, bb9670a9-7d44-4488-9cea-795cb3ddb9a2:192.168.164.205:43719, 7097ba84-dec8-42ff-a3d4-731770d41051:192.168.164.205:42634], old=null
2019-10-09 10:09:54,099 [92c1bb28-bd4e-4191-b5e5-43066b9f0ea3@group-18CD5B67ECA3-LeaderElection63] INFO  server.RaftServerConfigKeys (ConfUtils.java:logGet(43)) - raft.server.write.element-limit = 4096 (default)
2019-10-09 10:09:54,099 [92c1bb28-bd4e-4191-b5e5-43066b9f0ea3@group-9C9F9ABEC9E1-LeaderElection62] INFO  impl.RaftServerImpl (RaftServerImpl.java:setRole(170)) - 92c1bb28-bd4e-4191-b5e5-43066b9f0ea3@group-9C9F9ABEC9E1: changes role from CANDIDATE to FOLLOWER at term 1 for DISCOVERED_A_NEW_TERM
2019-10-09 10:09:54,099 [92c1bb28-bd4e-4191-b5e5-43066b9f0ea3@group-9C9F9ABEC9E1-LeaderElection62] INFO  impl.RoleInfo (RoleInfo.java:shutdownLeaderElection(134)) - 92c1bb28-bd4e-4191-b5e5-43066b9f0ea3: shutdown LeaderElection
2019-10-09 10:09:54,099 [bb9670a9-7d44-4488-9cea-795cb3ddb9a2@group-9C9F9ABEC9E1-LeaderElection61] INFO  impl.LeaderElection (LeaderElection.java:logAndReturn(56)) - bb9670a9-7d44-4488-9cea-795cb3ddb9a2@group-9C9F9ABEC9E1-LeaderElection61: Election PASSED; received 2 response(s) [bb9670a9-7d44-4488-9cea-795cb3ddb9a2<-92c1bb28-bd4e-4191-b5e5-43066b9f0ea3#0:FAIL-t1, bb9670a9-7d44-4488-9cea-795cb3ddb9a2<-7097ba84-dec8-42ff-a3d4-731770d41051#0:OK-t1] and 0 exception(s); bb9670a9-7d44-4488-9cea-795cb3ddb9a2@group-9C9F9ABEC9E1:t1, leader=null, voted=bb9670a9-7d44-4488-9cea-795cb3ddb9a2, raftlog=bb9670a9-7d44-4488-9cea-795cb3ddb9a2@group-9C9F9ABEC9E1-SegmentedRaftLog:OPENED:c-1,f-1,i0, conf=-1: [92c1bb28-bd4e-4191-b5e5-43066b9f0ea3:192.168.164.205:39071, bb9670a9-7d44-4488-9cea-795cb3ddb9a2:192.168.164.205:43719, 7097ba84-dec8-42ff-a3d4-731770d41051:192.168.164.205:42634], old=null
2019-10-09 10:09:54,099 [92c1bb28-bd4e-4191-b5e5-43066b9f0ea3@group-9C9F9ABEC9E1-LeaderElection62] INFO  impl.RoleInfo (RoleInfo.java:updateAndGet(143)) - 92c1bb28-bd4e-4191-b5e5-43066b9f0ea3: start FollowerState
2019-10-09 10:09:54,099 [92c1bb28-bd4e-4191-b5e5-43066b9f0ea3@group-18CD5B67ECA3-LeaderElection63] INFO  server.RaftServerConfigKeys (ConfUtils.java:logGet(43)) - raft.server.watch.timeout = 10s (default)
2019-10-09 10:09:54,099 [bb9670a9-7d44-4488-9cea-795cb3ddb9a2@group-9C9F9ABEC9E1-LeaderElection61] INFO  impl.RoleInfo (RoleInfo.java:shutdownLeaderElection(134)) - bb9670a9-7d44-4488-9cea-795cb3ddb9a2: shutdown LeaderElection
2019-10-09 10:09:54,099 [92c1bb28-bd4e-4191-b5e5-43066b9f0ea3@group-18CD5B67ECA3-LeaderElection63] INFO  server.RaftServerConfigKeys (ConfUtils.java:logGet(43)) - raft.server.watch.timeout.denomination = 1s (default)
2019-10-09 10:09:54,099 [bb9670a9-7d44-4488-9cea-795cb3ddb9a2@group-9C9F9ABEC9E1-LeaderElection61] INFO  impl.RaftServerImpl (RaftServerImpl.java:setRole(170)) - bb9670a9-7d44-4488-9cea-795cb3ddb9a2@group-9C9F9ABEC9E1: changes role from CANDIDATE to LEADER at term 1 for changeToLeader
2019-10-09 10:09:54,100 [92c1bb28-bd4e-4191-b5e5-43066b9f0ea3@group-18CD5B67ECA3-LeaderElection63] INFO  server.RaftServerConfigKeys (ConfUtils.java:logGet(43)) - raft.server.watch.element-limit = 65536 (default)
2019-10-09 10:09:54,100 [bb9670a9-7d44-4488-9cea-795cb3ddb9a2@group-9C9F9ABEC9E1-LeaderElection61] INFO  impl.RaftServerImpl (ServerState.java:setLeader(255)) - bb9670a9-7d44-4488-9cea-795cb3ddb9a2@group-9C9F9ABEC9E1: change Leader from null to bb9670a9-7d44-4488-9cea-795cb3ddb9a2 at term 1 for becomeLeader, leader elected after 5091ms
2019-10-09 10:09:54,100 [bb9670a9-7d44-4488-9cea-795cb3ddb9a2@group-9C9F9ABEC9E1-LeaderElection61] INFO  server.RaftServerConfigKeys (ConfUtils.java:logGet(43)) - raft.server.staging.catchup.gap = 1000 (default)
2019-10-09 10:09:54,100 [bb9670a9-7d44-4488-9cea-795cb3ddb9a2@group-9C9F9ABEC9E1-LeaderElection61] INFO  server.RaftServerConfigKeys (ConfUtils.java:logGet(43)) - raft.server.rpc.sleep.time = 25ms (default)
2019-10-09 10:09:54,100 [bb9670a9-7d44-4488-9cea-795cb3ddb9a2@group-9C9F9ABEC9E1-LeaderElection61] INFO  server.RaftServerConfigKeys (ConfUtils.java:logGet(43)) - raft.server.write.element-limit = 4096 (default)
2019-10-09 10:09:54,100 [bb9670a9-7d44-4488-9cea-795cb3ddb9a2@group-9C9F9ABEC9E1-LeaderElection61] INFO  server.RaftServerConfigKeys (ConfUtils.java:logGet(43)) - raft.server.watch.timeout = 10s (default)
2019-10-09 10:09:54,100 [bb9670a9-7d44-4488-9cea-795cb3ddb9a2@group-9C9F9ABEC9E1-LeaderElection61] INFO  server.RaftServerConfigKeys (ConfUtils.java:logGet(43)) - raft.server.watch.timeout.denomination = 1s (default)
2019-10-09 10:09:54,100 [bb9670a9-7d44-4488-9cea-795cb3ddb9a2@group-9C9F9ABEC9E1-LeaderElection61] INFO  server.RaftServerConfigKeys (ConfUtils.java:logGet(43)) - raft.server.watch.element-limit = 65536 (default)
2019-10-09 10:09:54,101 [92c1bb28-bd4e-4191-b5e5-43066b9f0ea3@group-18CD5B67ECA3-LeaderElection63] INFO  impl.RoleInfo (RoleInfo.java:updateAndGet(143)) - 92c1bb28-bd4e-4191-b5e5-43066b9f0ea3: start LeaderState
2019-10-09 10:09:54,101 [92c1bb28-bd4e-4191-b5e5-43066b9f0ea3@group-18CD5B67ECA3-LeaderElection63] INFO  segmented.SegmentedRaftLogWorker (SegmentedRaftLogWorker.java:startLogSegment(385)) - 92c1bb28-bd4e-4191-b5e5-43066b9f0ea3@group-18CD5B67ECA3-SegmentedRaftLogWorker: Starting segment from index:0
2019-10-09 10:09:54,101 [bb9670a9-7d44-4488-9cea-795cb3ddb9a2@group-9C9F9ABEC9E1-LeaderElection61] INFO  server.RaftServerConfigKeys (ConfUtils.java:logGet(43)) - raft.server.log.appender.snapshot.chunk.size.max = 16MB (=16777216) (default)
2019-10-09 10:09:54,102 [bb9670a9-7d44-4488-9cea-795cb3ddb9a2@group-9C9F9ABEC9E1-LeaderElection61] INFO  server.RaftServerConfigKeys (ConfUtils.java:logGet(43)) - raft.server.log.appender.buffer.byte-limit = 33554432 (custom)
2019-10-09 10:09:54,102 [bb9670a9-7d44-4488-9cea-795cb3ddb9a2@group-9C9F9ABEC9E1-LeaderElection61] INFO  server.RaftServerConfigKeys (ConfUtils.java:logGet(43)) - raft.server.log.appender.buffer.element-limit = 1 (custom)
2019-10-09 10:09:54,102 [92c1bb28-bd4e-4191-b5e5-43066b9f0ea3@group-18CD5B67ECA3-LeaderElection63] INFO  impl.RaftServerImpl (ServerState.java:setRaftConf(356)) - 92c1bb28-bd4e-4191-b5e5-43066b9f0ea3@group-18CD5B67ECA3: set configuration 0: [92c1bb28-bd4e-4191-b5e5-43066b9f0ea3:192.168.164.205:39071], old=null at 0
2019-10-09 10:09:54,102 [bb9670a9-7d44-4488-9cea-795cb3ddb9a2@group-9C9F9ABEC9E1-LeaderElection61] INFO  grpc.GrpcConfigKeys$Server (ConfUtils.java:logGet(43)) - raft.grpc.server.leader.outstanding.appends.max = 128 (default)
2019-10-09 10:09:54,102 [bb9670a9-7d44-4488-9cea-795cb3ddb9a2@group-9C9F9ABEC9E1-LeaderElection61] INFO  server.RaftServerConfigKeys (ConfUtils.java:logGet(43)) - raft.server.rpc.request.timeout = 3000ms (default)
2019-10-09 10:09:54,102 [bb9670a9-7d44-4488-9cea-795cb3ddb9a2@group-9C9F9ABEC9E1-LeaderElection61] INFO  server.RaftServerConfigKeys (ConfUtils.java:logGet(43)) - raft.server.log.appender.install.snapshot.enabled = false (custom)
2019-10-09 10:09:54,102 [bb9670a9-7d44-4488-9cea-795cb3ddb9a2@group-9C9F9ABEC9E1-LeaderElection61] INFO  server.RaftServerConfigKeys (ConfUtils.java:logGet(43)) - raft.server.log.appender.snapshot.chunk.size.max = 16MB (=16777216) (default)
2019-10-09 10:09:54,102 [bb9670a9-7d44-4488-9cea-795cb3ddb9a2@group-9C9F9ABEC9E1-LeaderElection61] INFO  server.RaftServerConfigKeys (ConfUtils.java:logGet(43)) - raft.server.log.appender.buffer.byte-limit = 33554432 (custom)
2019-10-09 10:09:54,102 [bb9670a9-7d44-4488-9cea-795cb3ddb9a2@group-9C9F9ABEC9E1-LeaderElection61] INFO  server.RaftServerConfigKeys (ConfUtils.java:logGet(43)) - raft.server.log.appender.buffer.element-limit = 1 (custom)
2019-10-09 10:09:54,103 [bb9670a9-7d44-4488-9cea-795cb3ddb9a2@group-9C9F9ABEC9E1-LeaderElection61] INFO  grpc.GrpcConfigKeys$Server (ConfUtils.java:logGet(43)) - raft.grpc.server.leader.outstanding.appends.max = 128 (default)
2019-10-09 10:09:54,103 [bb9670a9-7d44-4488-9cea-795cb3ddb9a2@group-9C9F9ABEC9E1-LeaderElection61] INFO  server.RaftServerConfigKeys (ConfUtils.java:logGet(43)) - raft.server.rpc.request.timeout = 3000ms (default)
2019-10-09 10:09:54,103 [bb9670a9-7d44-4488-9cea-795cb3ddb9a2@group-9C9F9ABEC9E1-LeaderElection61] INFO  server.RaftServerConfigKeys (ConfUtils.java:logGet(43)) - raft.server.log.appender.install.snapshot.enabled = false (custom)
2019-10-09 10:09:54,103 [bb9670a9-7d44-4488-9cea-795cb3ddb9a2@group-9C9F9ABEC9E1-LeaderElection61] INFO  impl.RoleInfo (RoleInfo.java:updateAndGet(143)) - bb9670a9-7d44-4488-9cea-795cb3ddb9a2: start LeaderState
2019-10-09 10:09:54,103 [bb9670a9-7d44-4488-9cea-795cb3ddb9a2@group-9C9F9ABEC9E1-LeaderElection61] INFO  segmented.SegmentedRaftLogWorker (SegmentedRaftLogWorker.java:startLogSegment(385)) - bb9670a9-7d44-4488-9cea-795cb3ddb9a2@group-9C9F9ABEC9E1-SegmentedRaftLogWorker: Starting segment from index:0
2019-10-09 10:09:54,104 [bb9670a9-7d44-4488-9cea-795cb3ddb9a2@group-9C9F9ABEC9E1-LeaderElection61] INFO  impl.RaftServerImpl (ServerState.java:setRaftConf(356)) - bb9670a9-7d44-4488-9cea-795cb3ddb9a2@group-9C9F9ABEC9E1: set configuration 0: [92c1bb28-bd4e-4191-b5e5-43066b9f0ea3:192.168.164.205:39071, bb9670a9-7d44-4488-9cea-795cb3ddb9a2:192.168.164.205:43719, 7097ba84-dec8-42ff-a3d4-731770d41051:192.168.164.205:42634], old=null at 0
2019-10-09 10:09:54,104 [grpc-default-executor-4] INFO  impl.RaftServerImpl (ServerState.java:setLeader(255)) - 92c1bb28-bd4e-4191-b5e5-43066b9f0ea3@group-9C9F9ABEC9E1: change Leader from null to bb9670a9-7d44-4488-9cea-795cb3ddb9a2 at term 1 for appendEntries, leader elected after 5096ms
2019-10-09 10:09:54,105 [grpc-default-executor-4] INFO  impl.RaftServerImpl (ServerState.java:setLeader(255)) - 7097ba84-dec8-42ff-a3d4-731770d41051@group-9C9F9ABEC9E1: change Leader from null to bb9670a9-7d44-4488-9cea-795cb3ddb9a2 at term 1 for appendEntries, leader elected after 5096ms
2019-10-09 10:09:54,106 [grpc-default-executor-4] INFO  impl.RaftServerImpl (ServerState.java:setRaftConf(356)) - 92c1bb28-bd4e-4191-b5e5-43066b9f0ea3@group-9C9F9ABEC9E1: set configuration 0: [92c1bb28-bd4e-4191-b5e5-43066b9f0ea3:192.168.164.205:39071, bb9670a9-7d44-4488-9cea-795cb3ddb9a2:192.168.164.205:43719, 7097ba84-dec8-42ff-a3d4-731770d41051:192.168.164.205:42634], old=null at 0
2019-10-09 10:09:54,106 [grpc-default-executor-4] INFO  segmented.SegmentedRaftLogWorker (SegmentedRaftLogWorker.java:startLogSegment(385)) - 92c1bb28-bd4e-4191-b5e5-43066b9f0ea3@group-9C9F9ABEC9E1-SegmentedRaftLogWorker: Starting segment from index:0
2019-10-09 10:09:54,107 [grpc-default-executor-5] INFO  impl.RaftServerImpl (ServerState.java:setRaftConf(356)) - 7097ba84-dec8-42ff-a3d4-731770d41051@group-9C9F9ABEC9E1: set configuration 0: [92c1bb28-bd4e-4191-b5e5-43066b9f0ea3:192.168.164.205:39071, bb9670a9-7d44-4488-9cea-795cb3ddb9a2:192.168.164.205:43719, 7097ba84-dec8-42ff-a3d4-731770d41051:192.168.164.205:42634], old=null at 0
2019-10-09 10:09:54,107 [grpc-default-executor-5] INFO  segmented.SegmentedRaftLogWorker (SegmentedRaftLogWorker.java:startLogSegment(385)) - 7097ba84-dec8-42ff-a3d4-731770d41051@group-9C9F9ABEC9E1-SegmentedRaftLogWorker: Starting segment from index:0
2019-10-09 10:09:54,144 [7097ba84-dec8-42ff-a3d4-731770d41051@group-9C9F9ABEC9E1-SegmentedRaftLogWorker] INFO  segmented.SegmentedRaftLogWorker (SegmentedRaftLogWorker.java:execute(574)) - 7097ba84-dec8-42ff-a3d4-731770d41051@group-9C9F9ABEC9E1-SegmentedRaftLogWorker: created new log segment /workdir/hadoop-ozone/integration-test/target/test-dir/MiniOzoneClusterImpl-20a6b4b8-63e8-44f3-a607-747c573e7ecd/datanode-3/data/ratis/4727e60f-1c01-4ad8-bc53-9c9f9abec9e1/current/log_inprogress_0
2019-10-09 10:09:54,144 [92c1bb28-bd4e-4191-b5e5-43066b9f0ea3@group-9C9F9ABEC9E1-SegmentedRaftLogWorker] INFO  segmented.SegmentedRaftLogWorker (SegmentedRaftLogWorker.java:execute(574)) - 92c1bb28-bd4e-4191-b5e5-43066b9f0ea3@group-9C9F9ABEC9E1-SegmentedRaftLogWorker: created new log segment /workdir/hadoop-ozone/integration-test/target/test-dir/MiniOzoneClusterImpl-20a6b4b8-63e8-44f3-a607-747c573e7ecd/datanode-5/data/ratis/4727e60f-1c01-4ad8-bc53-9c9f9abec9e1/current/log_inprogress_0
2019-10-09 10:09:54,144 [bb9670a9-7d44-4488-9cea-795cb3ddb9a2@group-9C9F9ABEC9E1-SegmentedRaftLogWorker] INFO  segmented.SegmentedRaftLogWorker (SegmentedRaftLogWorker.java:execute(574)) - bb9670a9-7d44-4488-9cea-795cb3ddb9a2@group-9C9F9ABEC9E1-SegmentedRaftLogWorker: created new log segment /workdir/hadoop-ozone/integration-test/target/test-dir/MiniOzoneClusterImpl-20a6b4b8-63e8-44f3-a607-747c573e7ecd/datanode-4/data/ratis/4727e60f-1c01-4ad8-bc53-9c9f9abec9e1/current/log_inprogress_0
2019-10-09 10:09:54,144 [92c1bb28-bd4e-4191-b5e5-43066b9f0ea3@group-18CD5B67ECA3-SegmentedRaftLogWorker] INFO  segmented.SegmentedRaftLogWorker (SegmentedRaftLogWorker.java:execute(574)) - 92c1bb28-bd4e-4191-b5e5-43066b9f0ea3@group-18CD5B67ECA3-SegmentedRaftLogWorker: created new log segment /workdir/hadoop-ozone/integration-test/target/test-dir/MiniOzoneClusterImpl-20a6b4b8-63e8-44f3-a607-747c573e7ecd/datanode-5/data/ratis/2548f105-8cb9-4f04-9d11-18cd5b67eca3/current/log_inprogress_0
2019-10-09 10:09:54,770 [grpc-default-executor-4] WARN  server.GrpcLogAppender (LogUtils.java:warn(134)) - ab022857-e651-46e0-9452-78f2a1d93581@group-8FCD5B1B9009->5f603e7f-c5d0-429b-bdae-ead04b90af02-AppendLogResponseHandler: Failed appendEntries: org.apache.ratis.thirdparty.io.grpc.StatusRuntimeException: UNAVAILABLE: io exception
2019-10-09 10:09:54,770 [grpc-default-executor-1] WARN  server.GrpcLogAppender (LogUtils.java:warn(134)) - ab022857-e651-46e0-9452-78f2a1d93581@group-8FCD5B1B9009->ea48651f-a535-41b5-a19b-b8cecb9d11ac-AppendLogResponseHandler: Failed appendEntries: org.apache.ratis.thirdparty.io.grpc.StatusRuntimeException: UNAVAILABLE: io exception
2019-10-09 10:09:54,771 [grpc-default-executor-4] INFO  impl.FollowerInfo (FollowerInfo.java:lambda$new$0(51)) - ab022857-e651-46e0-9452-78f2a1d93581@group-8FCD5B1B9009->5f603e7f-c5d0-429b-bdae-ead04b90af02: nextIndex: updateUnconditionally 0 -> 0
2019-10-09 10:09:54,771 [grpc-default-executor-1] INFO  impl.FollowerInfo (FollowerInfo.java:lambda$new$0(51)) - ab022857-e651-46e0-9452-78f2a1d93581@group-8FCD5B1B9009->ea48651f-a535-41b5-a19b-b8cecb9d11ac: nextIndex: updateUnconditionally 0 -> 0
2019-10-09 10:09:57,272 [grpc-default-executor-5] WARN  server.GrpcLogAppender (LogUtils.java:warn(134)) - ab022857-e651-46e0-9452-78f2a1d93581@group-8FCD5B1B9009->5f603e7f-c5d0-429b-bdae-ead04b90af02-AppendLogResponseHandler: Failed appendEntries: org.apache.ratis.thirdparty.io.grpc.StatusRuntimeException: UNAVAILABLE: io exception
2019-10-09 10:09:57,272 [grpc-default-executor-7] WARN  server.GrpcLogAppender (LogUtils.java:warn(134)) - ab022857-e651-46e0-9452-78f2a1d93581@group-8FCD5B1B9009->ea48651f-a535-41b5-a19b-b8cecb9d11ac-AppendLogResponseHandler: Failed appendEntries: org.apache.ratis.thirdparty.io.grpc.StatusRuntimeException: UNAVAILABLE: io exception
2019-10-09 10:09:57,272 [grpc-default-executor-5] INFO  impl.FollowerInfo (FollowerInfo.java:lambda$new$0(51)) - ab022857-e651-46e0-9452-78f2a1d93581@group-8FCD5B1B9009->5f603e7f-c5d0-429b-bdae-ead04b90af02: nextIndex: updateUnconditionally 0 -> 0
2019-10-09 10:09:57,273 [grpc-default-executor-7] INFO  impl.FollowerInfo (FollowerInfo.java:lambda$new$0(51)) - ab022857-e651-46e0-9452-78f2a1d93581@group-8FCD5B1B9009->ea48651f-a535-41b5-a19b-b8cecb9d11ac: nextIndex: updateUnconditionally 0 -> 0
2019-10-09 10:09:59,340 [Datanode State Machine Thread - 0] INFO  statemachine.DatanodeStateMachine (DatanodeStateMachine.java:lambda$startDaemon$0(350)) - Ozone container server started.
2019-10-09 10:09:59,341 [main] INFO  ozoneimpl.OzoneContainer (OzoneContainer.java:stop(227)) - Attempting to stop container services.
2019-10-09 10:09:59,342 [main] INFO  impl.RaftServerProxy (RaftServerProxy.java:lambda$close$4(314)) - 96b37a5b-d1f8-4100-8e17-0088a3bc3513: close
2019-10-09 10:09:59,343 [main] INFO  impl.RaftServerImpl (RaftServerImpl.java:lambda$shutdown$3(247)) - 96b37a5b-d1f8-4100-8e17-0088a3bc3513@group-FA78A23AEC1A: shutdown
2019-10-09 10:09:59,343 [ForkJoinPool.commonPool-worker-1] INFO  impl.RaftServerImpl (RaftServerImpl.java:lambda$shutdown$3(247)) - 96b37a5b-d1f8-4100-8e17-0088a3bc3513@group-C775D8469361: shutdown
2019-10-09 10:09:59,344 [ForkJoinPool.commonPool-worker-1] INFO  util.JmxRegister (JmxRegister.java:unregister(73)) - Successfully un-registered JMX Bean with object name Ratis:service=RaftServer,group=group-C775D8469361,id=96b37a5b-d1f8-4100-8e17-0088a3bc3513
2019-10-09 10:09:59,344 [main] INFO  util.JmxRegister (JmxRegister.java:unregister(73)) - Successfully un-registered JMX Bean with object name Ratis:service=RaftServer,group=group-FA78A23AEC1A,id=96b37a5b-d1f8-4100-8e17-0088a3bc3513
2019-10-09 10:09:59,344 [ForkJoinPool.commonPool-worker-1] INFO  impl.RoleInfo (RoleInfo.java:shutdownLeaderState(104)) - 96b37a5b-d1f8-4100-8e17-0088a3bc3513: shutdown LeaderState
2019-10-09 10:09:59,345 [main] INFO  impl.RoleInfo (RoleInfo.java:shutdownLeaderState(104)) - 96b37a5b-d1f8-4100-8e17-0088a3bc3513: shutdown LeaderState
2019-10-09 10:09:59,345 [ForkJoinPool.commonPool-worker-1] INFO  impl.PendingRequests (PendingRequests.java:sendNotLeaderResponses(202)) - 96b37a5b-d1f8-4100-8e17-0088a3bc3513@group-C775D8469361-PendingRequests: sendNotLeaderResponses
2019-10-09 10:09:59,379 [org.apache.ratis.server.impl.LogAppender$AppenderDaemon$$Lambda$402/871515757@6220b2e5] WARN  server.GrpcLogAppender (GrpcLogAppender.java:mayWait(143)) - 96b37a5b-d1f8-4100-8e17-0088a3bc3513@group-FA78A23AEC1A->b3937cad-36c1-4c32-8256-0bb40f7075f0-GrpcLogAppender: Wait interrupted by java.lang.InterruptedException
2019-10-09 10:09:59,379 [main] INFO  impl.PendingRequests (PendingRequests.java:sendNotLeaderResponses(202)) - 96b37a5b-d1f8-4100-8e17-0088a3bc3513@group-FA78A23AEC1A-PendingRequests: sendNotLeaderResponses
2019-10-09 10:09:59,352 [org.apache.ratis.server.impl.LogAppender$AppenderDaemon$$Lambda$402/871515757@32cf5ab1] WARN  server.GrpcLogAppender (GrpcLogAppender.java:mayWait(143)) - 96b37a5b-d1f8-4100-8e17-0088a3bc3513@group-FA78A23AEC1A->c4e44704-59ec-42a4-bafa-e52ee9404d37-GrpcLogAppender: Wait interrupted by java.lang.InterruptedException
2019-10-09 10:09:59,407 [ForkJoinPool.commonPool-worker-1] INFO  impl.StateMachineUpdater (StateMachineUpdater.java:stopAndJoin(136)) - 96b37a5b-d1f8-4100-8e17-0088a3bc3513@group-C775D8469361-StateMachineUpdater: set stopIndex = 0
2019-10-09 10:09:59,407 [main] INFO  impl.StateMachineUpdater (StateMachineUpdater.java:stopAndJoin(136)) - 96b37a5b-d1f8-4100-8e17-0088a3bc3513@group-FA78A23AEC1A-StateMachineUpdater: set stopIndex = 2
2019-10-09 10:09:59,408 [grpc-default-executor-5] INFO  server.GrpcServerProtocolService (GrpcServerProtocolService.java:onCompleted(113)) - b3937cad-36c1-4c32-8256-0bb40f7075f0: Completed APPEND_ENTRIES, lastRequest: 96b37a5b-d1f8-4100-8e17-0088a3bc3513->b3937cad-36c1-4c32-8256-0bb40f7075f0#5-t1, previous=(t:1, i:2), leaderCommit=2, initializing? false, entries: <empty>
2019-10-09 10:09:59,408 [grpc-default-executor-7] INFO  server.GrpcServerProtocolService (GrpcServerProtocolService.java:onCompleted(113)) - c4e44704-59ec-42a4-bafa-e52ee9404d37: Completed APPEND_ENTRIES, lastRequest: 96b37a5b-d1f8-4100-8e17-0088a3bc3513->c4e44704-59ec-42a4-bafa-e52ee9404d37#5-t1, previous=(t:1, i:2), leaderCommit=2, initializing? false, entries: <empty>
2019-10-09 10:09:59,408 [ForkJoinPool.commonPool-worker-1] INFO  impl.RaftServerImpl (ServerState.java:close(387)) - 96b37a5b-d1f8-4100-8e17-0088a3bc3513@group-C775D8469361: closes. applyIndex: 0
2019-10-09 10:09:59,408 [grpc-default-executor-8] INFO  server.GrpcLogAppender (GrpcLogAppender.java:onCompleted(293)) - 96b37a5b-d1f8-4100-8e17-0088a3bc3513@group-FA78A23AEC1A->b3937cad-36c1-4c32-8256-0bb40f7075f0-AppendLogResponseHandler: follower responses appendEntries COMPLETED
2019-10-09 10:09:59,407 [96b37a5b-d1f8-4100-8e17-0088a3bc3513@group-FA78A23AEC1A-StateMachineUpdater] INFO  ratis.ContainerStateMachine (ContainerStateMachine.java:takeSnapshot(294)) - group-FA78A23AEC1A: Taking a snapshot at:(t:1, i:2) file /workdir/hadoop-ozone/integration-test/target/test-dir/MiniOzoneClusterImpl-20a6b4b8-63e8-44f3-a607-747c573e7ecd/datanode-2/data/ratis/1faeb405-c952-4ade-81da-fa78a23aec1a/sm/snapshot.1_2
2019-10-09 10:09:59,409 [grpc-default-executor-7] INFO  server.GrpcLogAppender (GrpcLogAppender.java:onCompleted(293)) - 96b37a5b-d1f8-4100-8e17-0088a3bc3513@group-FA78A23AEC1A->c4e44704-59ec-42a4-bafa-e52ee9404d37-AppendLogResponseHandler: follower responses appendEntries COMPLETED
2019-10-09 10:09:59,409 [96b37a5b-d1f8-4100-8e17-0088a3bc3513@group-C775D8469361-SegmentedRaftLogWorker] INFO  segmented.SegmentedRaftLogWorker (SegmentedRaftLogWorker.java:run(316)) - 96b37a5b-d1f8-4100-8e17-0088a3bc3513@group-C775D8469361-SegmentedRaftLogWorker was interrupted, exiting. There are 0 tasks remaining in the queue.
2019-10-09 10:09:59,409 [grpc-default-executor-8] INFO  impl.FollowerInfo (FollowerInfo.java:lambda$new$0(51)) - 96b37a5b-d1f8-4100-8e17-0088a3bc3513@group-FA78A23AEC1A->b3937cad-36c1-4c32-8256-0bb40f7075f0: nextIndex: updateUnconditionally 3 -> 2
2019-10-09 10:09:59,413 [grpc-default-executor-7] INFO  impl.FollowerInfo (FollowerInfo.java:lambda$new$0(51)) - 96b37a5b-d1f8-4100-8e17-0088a3bc3513@group-FA78A23AEC1A->c4e44704-59ec-42a4-bafa-e52ee9404d37: nextIndex: updateUnconditionally 3 -> 2
2019-10-09 10:09:59,413 [ForkJoinPool.commonPool-worker-1] INFO  segmented.SegmentedRaftLogWorker (SegmentedRaftLogWorker.java:close(224)) - 96b37a5b-d1f8-4100-8e17-0088a3bc3513@group-C775D8469361-SegmentedRaftLogWorker close()
2019-10-09 10:09:59,425 [96b37a5b-d1f8-4100-8e17-0088a3bc3513@group-FA78A23AEC1A-StateMachineUpdater] INFO  ratis.ContainerStateMachine (ContainerStateMachine.java:takeSnapshot(305)) - group-FA78A23AEC1A: Finished taking a snapshot at:(t:1, i:2) file:/workdir/hadoop-ozone/integration-test/target/test-dir/MiniOzoneClusterImpl-20a6b4b8-63e8-44f3-a607-747c573e7ecd/datanode-2/data/ratis/1faeb405-c952-4ade-81da-fa78a23aec1a/sm/snapshot.1_2 time:19
2019-10-09 10:09:59,426 [96b37a5b-d1f8-4100-8e17-0088a3bc3513@group-FA78A23AEC1A-StateMachineUpdater] INFO  impl.StateMachineUpdater (StateMachineUpdater.java:takeSnapshot(269)) - 96b37a5b-d1f8-4100-8e17-0088a3bc3513@group-FA78A23AEC1A-StateMachineUpdater: Took a snapshot at index 2
2019-10-09 10:09:59,426 [96b37a5b-d1f8-4100-8e17-0088a3bc3513@group-FA78A23AEC1A-StateMachineUpdater] INFO  impl.StateMachineUpdater (StateMachineUpdater.java:lambda$new$0(84)) - 96b37a5b-d1f8-4100-8e17-0088a3bc3513@group-FA78A23AEC1A-StateMachineUpdater: snapshotIndex: updateIncreasingly -1 -> 2
2019-10-09 10:09:59,426 [main] INFO  impl.RaftServerImpl (ServerState.java:close(387)) - 96b37a5b-d1f8-4100-8e17-0088a3bc3513@group-FA78A23AEC1A: closes. applyIndex: 2
2019-10-09 10:09:59,427 [96b37a5b-d1f8-4100-8e17-0088a3bc3513@group-FA78A23AEC1A-SegmentedRaftLogWorker] INFO  segmented.SegmentedRaftLogWorker (SegmentedRaftLogWorker.java:run(316)) - 96b37a5b-d1f8-4100-8e17-0088a3bc3513@group-FA78A23AEC1A-SegmentedRaftLogWorker was interrupted, exiting. There are 0 tasks remaining in the queue.
2019-10-09 10:09:59,430 [main] INFO  segmented.SegmentedRaftLogWorker (SegmentedRaftLogWorker.java:close(224)) - 96b37a5b-d1f8-4100-8e17-0088a3bc3513@group-FA78A23AEC1A-SegmentedRaftLogWorker close()
2019-10-09 10:09:59,436 [main] INFO  server.GrpcService (GrpcService.java:closeImpl(164)) - 96b37a5b-d1f8-4100-8e17-0088a3bc3513: shutdown server with port 42486 now
2019-10-09 10:09:59,436 [main] INFO  server.GrpcService (GrpcService.java:closeImpl(172)) - 96b37a5b-d1f8-4100-8e17-0088a3bc3513: shutdown server with port 42486 successfully
2019-10-09 10:09:59,443 [refreshUsed-/workdir/hadoop-ozone/integration-test/target/test-dir/MiniOzoneClusterImpl-20a6b4b8-63e8-44f3-a607-747c573e7ecd/datanode-2/data/containers] WARN  fs.CachingGetSpaceUsed (CachingGetSpaceUsed.java:run(183)) - Thread Interrupted waiting to refresh disk information: sleep interrupted
2019-10-09 10:09:59,457 [main] INFO  utils.BackgroundService (BackgroundService.java:shutdown(151)) - Shutting down service BlockDeletingService
2019-10-09 10:09:59,466 [main] INFO  statemachine.DatanodeStateMachine (DatanodeStateMachine.java:stopDaemon(395)) - Ozone container server stopped.
2019-10-09 10:09:59,467 [main] INFO  handler.ContextHandler (ContextHandler.java:doStop(910)) - Stopped o.e.j.w.WebAppContext@55877274{/,null,UNAVAILABLE}{/hddsDatanode}
2019-10-09 10:09:59,468 [main] INFO  server.AbstractConnector (AbstractConnector.java:doStop(318)) - Stopped ServerConnector@723e2d08{HTTP/1.1,[http/1.1]}{0.0.0.0:0}
2019-10-09 10:09:59,468 [main] INFO  handler.ContextHandler (ContextHandler.java:doStop(910)) - Stopped o.e.j.s.ServletContextHandler@70881123{/static,jar:file:/home/user/.m2/repository/org/apache/hadoop/hadoop-hdds-container-service/0.5.0-SNAPSHOT/hadoop-hdds-container-service-0.5.0-SNAPSHOT.jar!/webapps/static,UNAVAILABLE}
2019-10-09 10:09:59,469 [main] INFO  handler.ContextHandler (ContextHandler.java:doStop(910)) - Stopped o.e.j.s.ServletContextHandler@53314f76{/logs,file:///workdir/hadoop-ozone/integration-test/target/log,UNAVAILABLE}
2019-10-09 10:09:59,682 [Thread-2489] INFO  client.GrpcClientProtocolService (GrpcClientProtocolService.java:lambda$processClientRequest$0(278)) - Failed RaftClientRequest:client-3A036EE32ABB->ab022857-e651-46e0-9452-78f2a1d93581@group-8FCD5B1B9009, cid=68, seq=0, Watch-MAJORITY_COMMITTED(72), Message:<EMPTY>, reply=RaftClientReply:client-3A036EE32ABB->ab022857-e651-46e0-9452-78f2a1d93581@group-8FCD5B1B9009, cid=68, FAILED org.apache.ratis.protocol.NotReplicatedException: Request with call Id 68 and log index 72 is not yet replicated to MAJORITY_COMMITTED, logIndex=72, commits[ab022857-e651-46e0-9452-78f2a1d93581:c2, ea48651f-a535-41b5-a19b-b8cecb9d11ac:c2, 5f603e7f-c5d0-429b-bdae-ead04b90af02:c2]
2019-10-09 10:09:59,772 [grpc-default-executor-8] WARN  server.GrpcLogAppender (LogUtils.java:warn(134)) - ab022857-e651-46e0-9452-78f2a1d93581@group-8FCD5B1B9009->ea48651f-a535-41b5-a19b-b8cecb9d11ac-AppendLogResponseHandler: Failed appendEntries: org.apache.ratis.thirdparty.io.grpc.StatusRuntimeException: UNAVAILABLE: io exception
2019-10-09 10:09:59,772 [grpc-default-executor-7] WARN  server.GrpcLogAppender (LogUtils.java:warn(134)) - ab022857-e651-46e0-9452-78f2a1d93581@group-8FCD5B1B9009->5f603e7f-c5d0-429b-bdae-ead04b90af02-AppendLogResponseHandler: Failed appendEntries: org.apache.ratis.thirdparty.io.grpc.StatusRuntimeException: UNAVAILABLE: io exception
2019-10-09 10:09:59,772 [grpc-default-executor-8] INFO  impl.FollowerInfo (FollowerInfo.java:lambda$new$0(51)) - ab022857-e651-46e0-9452-78f2a1d93581@group-8FCD5B1B9009->ea48651f-a535-41b5-a19b-b8cecb9d11ac: nextIndex: updateUnconditionally 0 -> 0
2019-10-09 10:09:59,773 [grpc-default-executor-7] INFO  impl.FollowerInfo (FollowerInfo.java:lambda$new$0(51)) - ab022857-e651-46e0-9452-78f2a1d93581@group-8FCD5B1B9009->5f603e7f-c5d0-429b-bdae-ead04b90af02: nextIndex: updateUnconditionally 0 -> 0
2019-10-09 10:09:59,908 [EventQueue-StaleNodeForStaleNodeHandler] INFO  node.StaleNodeHandler (StaleNodeHandler.java:onMessage(58)) - Datanode ea48651f-a535-41b5-a19b-b8cecb9d11ac{ip: 192.168.164.205, host: pr-hdds-2271-zcqt4-2554284801, networkLocation: /default-rack, certSerialId: null} moved to stale state. Finalizing its pipelines [PipelineID=312aff62-5d1c-4132-a476-7cf67c8f4688, PipelineID=12c53af5-0e89-44c4-8926-8fcd5b1b9009]
2019-10-09 10:09:59,908 [EventQueue-StaleNodeForStaleNodeHandler] INFO  pipeline.SCMPipelineManager (SCMPipelineManager.java:finalizeAndDestroyPipeline(315)) - destroying pipeline:Pipeline[ Id: 312aff62-5d1c-4132-a476-7cf67c8f4688, Nodes: ea48651f-a535-41b5-a19b-b8cecb9d11ac{ip: 192.168.164.205, host: pr-hdds-2271-zcqt4-2554284801, networkLocation: /default-rack, certSerialId: null}, Type:RATIS, Factor:ONE, State:OPEN]
2019-10-09 10:09:59,909 [EventQueue-StaleNodeForStaleNodeHandler] INFO  pipeline.PipelineStateManager (PipelineStateManager.java:finalizePipeline(123)) - Pipeline Pipeline[ Id: 312aff62-5d1c-4132-a476-7cf67c8f4688, Nodes: ea48651f-a535-41b5-a19b-b8cecb9d11ac{ip: 192.168.164.205, host: pr-hdds-2271-zcqt4-2554284801, networkLocation: /default-rack, certSerialId: null}, Type:RATIS, Factor:ONE, State:CLOSED] moved to CLOSED state
2019-10-09 10:09:59,909 [EventQueue-StaleNodeForStaleNodeHandler] INFO  pipeline.SCMPipelineManager (SCMPipelineManager.java:finalizeAndDestroyPipeline(315)) - destroying pipeline:Pipeline[ Id: 12c53af5-0e89-44c4-8926-8fcd5b1b9009, Nodes: ea48651f-a535-41b5-a19b-b8cecb9d11ac{ip: 192.168.164.205, host: pr-hdds-2271-zcqt4-2554284801, networkLocation: /default-rack, certSerialId: null}5f603e7f-c5d0-429b-bdae-ead04b90af02{ip: 192.168.164.205, host: pr-hdds-2271-zcqt4-2554284801, networkLocation: /default-rack, certSerialId: null}ab022857-e651-46e0-9452-78f2a1d93581{ip: 192.168.164.205, host: pr-hdds-2271-zcqt4-2554284801, networkLocation: /default-rack, certSerialId: null}, Type:RATIS, Factor:THREE, State:OPEN]
2019-10-09 10:09:59,909 [EventQueue-StaleNodeForStaleNodeHandler] INFO  pipeline.PipelineStateManager (PipelineStateManager.java:finalizePipeline(123)) - Pipeline Pipeline[ Id: 12c53af5-0e89-44c4-8926-8fcd5b1b9009, Nodes: ea48651f-a535-41b5-a19b-b8cecb9d11ac{ip: 192.168.164.205, host: pr-hdds-2271-zcqt4-2554284801, networkLocation: /default-rack, certSerialId: null}5f603e7f-c5d0-429b-bdae-ead04b90af02{ip: 192.168.164.205, host: pr-hdds-2271-zcqt4-2554284801, networkLocation: /default-rack, certSerialId: null}ab022857-e651-46e0-9452-78f2a1d93581{ip: 192.168.164.205, host: pr-hdds-2271-zcqt4-2554284801, networkLocation: /default-rack, certSerialId: null}, Type:RATIS, Factor:THREE, State:CLOSED] moved to CLOSED state
2019-10-09 10:09:59,910 [EventQueue-CloseContainerForCloseContainerEventHandler] INFO  container.CloseContainerEventHandler (CloseContainerEventHandler.java:onMessage(61)) - Close container Event triggered for container : #1
2019-10-09 10:10:02,273 [grpc-default-executor-4] WARN  server.GrpcLogAppender (LogUtils.java:warn(134)) - ab022857-e651-46e0-9452-78f2a1d93581@group-8FCD5B1B9009->ea48651f-a535-41b5-a19b-b8cecb9d11ac-AppendLogResponseHandler: Failed appendEntries: org.apache.ratis.thirdparty.io.grpc.StatusRuntimeException: UNAVAILABLE: io exception
2019-10-09 10:10:02,273 [grpc-default-executor-6] WARN  server.GrpcLogAppender (LogUtils.java:warn(134)) - ab022857-e651-46e0-9452-78f2a1d93581@group-8FCD5B1B9009->5f603e7f-c5d0-429b-bdae-ead04b90af02-AppendLogResponseHandler: Failed appendEntries: org.apache.ratis.thirdparty.io.grpc.StatusRuntimeException: UNAVAILABLE: io exception
2019-10-09 10:10:02,274 [grpc-default-executor-4] INFO  impl.FollowerInfo (FollowerInfo.java:lambda$new$0(51)) - ab022857-e651-46e0-9452-78f2a1d93581@group-8FCD5B1B9009->ea48651f-a535-41b5-a19b-b8cecb9d11ac: nextIndex: updateUnconditionally 0 -> 0
2019-10-09 10:10:02,274 [grpc-default-executor-6] INFO  impl.FollowerInfo (FollowerInfo.java:lambda$new$0(51)) - ab022857-e651-46e0-9452-78f2a1d93581@group-8FCD5B1B9009->5f603e7f-c5d0-429b-bdae-ead04b90af02: nextIndex: updateUnconditionally 0 -> 0
2019-10-09 10:10:02,876 [grpc-default-executor-6] WARN  server.GrpcLogAppender (LogUtils.java:warn(134)) - ab022857-e651-46e0-9452-78f2a1d93581@group-8FCD5B1B9009->5f603e7f-c5d0-429b-bdae-ead04b90af02-AppendLogResponseHandler: Failed appendEntries: org.apache.ratis.thirdparty.io.grpc.StatusRuntimeException: UNAVAILABLE: io exception
2019-10-09 10:10:02,876 [grpc-default-executor-8] WARN  server.GrpcLogAppender (LogUtils.java:warn(134)) - ab022857-e651-46e0-9452-78f2a1d93581@group-8FCD5B1B9009->ea48651f-a535-41b5-a19b-b8cecb9d11ac-AppendLogResponseHandler: Failed appendEntries: org.apache.ratis.thirdparty.io.grpc.StatusRuntimeException: UNAVAILABLE: io exception
2019-10-09 10:10:02,876 [grpc-default-executor-6] INFO  impl.FollowerInfo (FollowerInfo.java:lambda$new$0(51)) - ab022857-e651-46e0-9452-78f2a1d93581@group-8FCD5B1B9009->5f603e7f-c5d0-429b-bdae-ead04b90af02: nextIndex: updateUnconditionally 1 -> 0
2019-10-09 10:10:02,876 [grpc-default-executor-8] INFO  impl.FollowerInfo (FollowerInfo.java:lambda$new$0(51)) - ab022857-e651-46e0-9452-78f2a1d93581@group-8FCD5B1B9009->ea48651f-a535-41b5-a19b-b8cecb9d11ac: nextIndex: updateUnconditionally 1 -> 0
2019-10-09 10:10:04,917 [EventQueue-StaleNodeForStaleNodeHandler] INFO  node.StaleNodeHandler (StaleNodeHandler.java:onMessage(58)) - Datanode 5f603e7f-c5d0-429b-bdae-ead04b90af02{ip: 192.168.164.205, host: pr-hdds-2271-zcqt4-2554284801, networkLocation: /default-rack, certSerialId: null} moved to stale state. Finalizing its pipelines [PipelineID=12c53af5-0e89-44c4-8926-8fcd5b1b9009, PipelineID=ee78a28d-e6fe-465f-b3d5-c1d989a42b2b]
2019-10-09 10:10:04,917 [EventQueue-StaleNodeForStaleNodeHandler] INFO  pipeline.SCMPipelineManager (SCMPipelineManager.java:finalizeAndDestroyPipeline(315)) - destroying pipeline:Pipeline[ Id: 12c53af5-0e89-44c4-8926-8fcd5b1b9009, Nodes: ea48651f-a535-41b5-a19b-b8cecb9d11ac{ip: 192.168.164.205, host: pr-hdds-2271-zcqt4-2554284801, networkLocation: /default-rack, certSerialId: null}5f603e7f-c5d0-429b-bdae-ead04b90af02{ip: 192.168.164.205, host: pr-hdds-2271-zcqt4-2554284801, networkLocation: /default-rack, certSerialId: null}ab022857-e651-46e0-9452-78f2a1d93581{ip: 192.168.164.205, host: pr-hdds-2271-zcqt4-2554284801, networkLocation: /default-rack, certSerialId: null}, Type:RATIS, Factor:THREE, State:CLOSED]
2019-10-09 10:10:04,918 [EventQueue-StaleNodeForStaleNodeHandler] INFO  pipeline.SCMPipelineManager (SCMPipelineManager.java:finalizeAndDestroyPipeline(315)) - destroying pipeline:Pipeline[ Id: ee78a28d-e6fe-465f-b3d5-c1d989a42b2b, Nodes: 5f603e7f-c5d0-429b-bdae-ead04b90af02{ip: 192.168.164.205, host: pr-hdds-2271-zcqt4-2554284801, networkLocation: /default-rack, certSerialId: null}, Type:RATIS, Factor:ONE, State:OPEN]
2019-10-09 10:10:04,918 [EventQueue-StaleNodeForStaleNodeHandler] INFO  pipeline.PipelineStateManager (PipelineStateManager.java:finalizePipeline(123)) - Pipeline Pipeline[ Id: ee78a28d-e6fe-465f-b3d5-c1d989a42b2b, Nodes: 5f603e7f-c5d0-429b-bdae-ead04b90af02{ip: 192.168.164.205, host: pr-hdds-2271-zcqt4-2554284801, networkLocation: /default-rack, certSerialId: null}, Type:RATIS, Factor:ONE, State:CLOSED] moved to CLOSED state
2019-10-09 10:10:05,375 [grpc-default-executor-6] WARN  server.GrpcLogAppender (LogUtils.java:warn(134)) - ab022857-e651-46e0-9452-78f2a1d93581@group-8FCD5B1B9009->5f603e7f-c5d0-429b-bdae-ead04b90af02-AppendLogResponseHandler: Failed appendEntries: org.apache.ratis.thirdparty.io.grpc.StatusRuntimeException: UNAVAILABLE: io exception
2019-10-09 10:10:05,375 [grpc-default-executor-5] WARN  server.GrpcLogAppender (LogUtils.java:warn(134)) - ab022857-e651-46e0-9452-78f2a1d93581@group-8FCD5B1B9009->ea48651f-a535-41b5-a19b-b8cecb9d11ac-AppendLogResponseHandler: Failed appendEntries: org.apache.ratis.thirdparty.io.grpc.StatusRuntimeException: UNAVAILABLE: io exception
2019-10-09 10:10:05,376 [grpc-default-executor-6] INFO  impl.FollowerInfo (FollowerInfo.java:lambda$new$0(51)) - ab022857-e651-46e0-9452-78f2a1d93581@group-8FCD5B1B9009->5f603e7f-c5d0-429b-bdae-ead04b90af02: nextIndex: updateUnconditionally 0 -> 0
2019-10-09 10:10:05,376 [grpc-default-executor-5] INFO  impl.FollowerInfo (FollowerInfo.java:lambda$new$0(51)) - ab022857-e651-46e0-9452-78f2a1d93581@group-8FCD5B1B9009->ea48651f-a535-41b5-a19b-b8cecb9d11ac: nextIndex: updateUnconditionally 0 -> 0
2019-10-09 10:10:07,876 [grpc-default-executor-6] WARN  server.GrpcLogAppender (LogUtils.java:warn(134)) - ab022857-e651-46e0-9452-78f2a1d93581@group-8FCD5B1B9009->ea48651f-a535-41b5-a19b-b8cecb9d11ac-AppendLogResponseHandler: Failed appendEntries: org.apache.ratis.thirdparty.io.grpc.StatusRuntimeException: UNAVAILABLE: io exception
2019-10-09 10:10:07,876 [grpc-default-executor-4] WARN  server.GrpcLogAppender (LogUtils.java:warn(134)) - ab022857-e651-46e0-9452-78f2a1d93581@group-8FCD5B1B9009->5f603e7f-c5d0-429b-bdae-ead04b90af02-AppendLogResponseHandler: Failed appendEntries: org.apache.ratis.thirdparty.io.grpc.StatusRuntimeException: UNAVAILABLE: io exception
2019-10-09 10:10:07,877 [grpc-default-executor-6] INFO  impl.FollowerInfo (FollowerInfo.java:lambda$new$0(51)) - ab022857-e651-46e0-9452-78f2a1d93581@group-8FCD5B1B9009->ea48651f-a535-41b5-a19b-b8cecb9d11ac: nextIndex: updateUnconditionally 0 -> 0
2019-10-09 10:10:07,877 [grpc-default-executor-4] INFO  impl.FollowerInfo (FollowerInfo.java:lambda$new$0(51)) - ab022857-e651-46e0-9452-78f2a1d93581@group-8FCD5B1B9009->5f603e7f-c5d0-429b-bdae-ead04b90af02: nextIndex: updateUnconditionally 0 -> 0
2019-10-09 10:10:08,956 [Thread-2432] INFO  impl.FollowerState (FollowerState.java:run(108)) - c4e44704-59ec-42a4-bafa-e52ee9404d37@group-FA78A23AEC1A-FollowerState: change to CANDIDATE, lastRpcTime:9720ms, electionTimeout:5080ms
2019-10-09 10:10:08,957 [Thread-2432] INFO  impl.RoleInfo (RoleInfo.java:shutdownFollowerState(121)) - c4e44704-59ec-42a4-bafa-e52ee9404d37: shutdown FollowerState
2019-10-09 10:10:08,957 [Thread-2432] INFO  impl.RaftServerImpl (RaftServerImpl.java:setRole(170)) - c4e44704-59ec-42a4-bafa-e52ee9404d37@group-FA78A23AEC1A: changes role from  FOLLOWER to CANDIDATE at term 1 for changeToCandidate
2019-10-09 10:10:08,957 [Thread-2432] INFO  impl.RoleInfo (RoleInfo.java:updateAndGet(143)) - c4e44704-59ec-42a4-bafa-e52ee9404d37: start LeaderElection
2019-10-09 10:10:08,958 [c4e44704-59ec-42a4-bafa-e52ee9404d37@group-FA78A23AEC1A-LeaderElection64] INFO  impl.RaftServerImpl (ServerState.java:setLeader(255)) - c4e44704-59ec-42a4-bafa-e52ee9404d37@group-FA78A23AEC1A: change Leader from 96b37a5b-d1f8-4100-8e17-0088a3bc3513 to null at term 1 for initElection
2019-10-09 10:10:08,972 [c4e44704-59ec-42a4-bafa-e52ee9404d37@group-FA78A23AEC1A-LeaderElection64] INFO  impl.LeaderElection (LeaderElection.java:askForVotes(178)) - c4e44704-59ec-42a4-bafa-e52ee9404d37@group-FA78A23AEC1A-LeaderElection64: begin an election at term 2 for 0: [c4e44704-59ec-42a4-bafa-e52ee9404d37:192.168.164.205:38326, b3937cad-36c1-4c32-8256-0bb40f7075f0:192.168.164.205:36694, 96b37a5b-d1f8-4100-8e17-0088a3bc3513:192.168.164.205:42486], old=null
2019-10-09 10:10:08,974 [c4e44704-59ec-42a4-bafa-e52ee9404d37@group-FA78A23AEC1A-LeaderElection64] INFO  impl.LeaderElection (LogUtils.java:infoOrTrace(149)) - c4e44704-59ec-42a4-bafa-e52ee9404d37@group-FA78A23AEC1A-LeaderElection64 got exception when requesting votes: {}
java.util.concurrent.ExecutionException: org.apache.ratis.thirdparty.io.grpc.StatusRuntimeException: UNAVAILABLE: io exception
	at java.util.concurrent.FutureTask.report(FutureTask.java:122)
	at java.util.concurrent.FutureTask.get(FutureTask.java:192)
	at org.apache.ratis.server.impl.LeaderElection.waitForResults(LeaderElection.java:259)
	at org.apache.ratis.server.impl.LeaderElection.askForVotes(LeaderElection.java:197)
	at org.apache.ratis.server.impl.LeaderElection.run(LeaderElection.java:133)
	at java.lang.Thread.run(Thread.java:748)
Caused by: org.apache.ratis.thirdparty.io.grpc.StatusRuntimeException: UNAVAILABLE: io exception
	at org.apache.ratis.thirdparty.io.grpc.stub.ClientCalls.toStatusRuntimeException(ClientCalls.java:233)
	at org.apache.ratis.thirdparty.io.grpc.stub.ClientCalls.getUnchecked(ClientCalls.java:214)
	at org.apache.ratis.thirdparty.io.grpc.stub.ClientCalls.blockingUnaryCall(ClientCalls.java:139)
	at org.apache.ratis.proto.grpc.RaftServerProtocolServiceGrpc$RaftServerProtocolServiceBlockingStub.requestVote(RaftServerProtocolServiceGrpc.java:265)
	at org.apache.ratis.grpc.server.GrpcServerProtocolClient.requestVote(GrpcServerProtocolClient.java:99)
	at org.apache.ratis.grpc.server.GrpcService.requestVote(GrpcService.java:204)
	at org.apache.ratis.server.impl.LeaderElection.lambda$submitRequests$1(LeaderElection.java:234)
	at java.util.concurrent.FutureTask.run(FutureTask.java:266)
	at java.util.concurrent.Executors$RunnableAdapter.call(Executors.java:511)
	at java.util.concurrent.FutureTask.run(FutureTask.java:266)
	at java.util.concurrent.ThreadPoolExecutor.runWorker(ThreadPoolExecutor.java:1149)
	at java.util.concurrent.ThreadPoolExecutor$Worker.run(ThreadPoolExecutor.java:624)
	... 1 more
Caused by: org.apache.ratis.thirdparty.io.netty.channel.AbstractChannel$AnnotatedConnectException: Connection refused: /192.168.164.205:42486
	at sun.nio.ch.SocketChannelImpl.checkConnect(Native Method)
	at sun.nio.ch.SocketChannelImpl.finishConnect(SocketChannelImpl.java:717)
	at org.apache.ratis.thirdparty.io.netty.channel.socket.nio.NioSocketChannel.doFinishConnect(NioSocketChannel.java:327)
	at org.apache.ratis.thirdparty.io.netty.channel.nio.AbstractNioChannel$AbstractNioUnsafe.finishConnect(AbstractNioChannel.java:340)
	at org.apache.ratis.thirdparty.io.netty.channel.nio.NioEventLoop.processSelectedKey(NioEventLoop.java:632)
	at org.apache.ratis.thirdparty.io.netty.channel.nio.NioEventLoop.processSelectedKeysOptimized(NioEventLoop.java:579)
	at org.apache.ratis.thirdparty.io.netty.channel.nio.NioEventLoop.processSelectedKeys(NioEventLoop.java:496)
	at org.apache.ratis.thirdparty.io.netty.channel.nio.NioEventLoop.run(NioEventLoop.java:458)
	at org.apache.ratis.thirdparty.io.netty.util.concurrent.SingleThreadEventExecutor$5.run(SingleThreadEventExecutor.java:897)
	at org.apache.ratis.thirdparty.io.netty.util.concurrent.FastThreadLocalRunnable.run(FastThreadLocalRunnable.java:30)
	... 1 more
Caused by: java.net.ConnectException: Connection refused
	... 11 more
2019-10-09 10:10:08,981 [grpc-default-executor-4] INFO  impl.RaftServerImpl (ServerState.java:setLeader(255)) - b3937cad-36c1-4c32-8256-0bb40f7075f0@group-FA78A23AEC1A: change Leader from 96b37a5b-d1f8-4100-8e17-0088a3bc3513 to null at term 2 for updateCurrentTerm
2019-10-09 10:10:08,981 [grpc-default-executor-4] INFO  impl.RaftServerImpl (RaftServerImpl.java:setRole(170)) - b3937cad-36c1-4c32-8256-0bb40f7075f0@group-FA78A23AEC1A: changes role from  FOLLOWER to FOLLOWER at term 2 for recognizeCandidate:c4e44704-59ec-42a4-bafa-e52ee9404d37
2019-10-09 10:10:08,981 [grpc-default-executor-4] INFO  impl.RoleInfo (RoleInfo.java:shutdownFollowerState(121)) - b3937cad-36c1-4c32-8256-0bb40f7075f0: shutdown FollowerState
2019-10-09 10:10:08,981 [grpc-default-executor-4] INFO  impl.RoleInfo (RoleInfo.java:updateAndGet(143)) - b3937cad-36c1-4c32-8256-0bb40f7075f0: start FollowerState
2019-10-09 10:10:08,982 [Thread-2433] INFO  impl.FollowerState (FollowerState.java:run(117)) - b3937cad-36c1-4c32-8256-0bb40f7075f0@group-FA78A23AEC1A-FollowerState was interrupted: java.lang.InterruptedException: sleep interrupted
2019-10-09 10:10:08,995 [c4e44704-59ec-42a4-bafa-e52ee9404d37@group-FA78A23AEC1A-LeaderElection64] INFO  impl.LeaderElection (LeaderElection.java:logAndReturn(56)) - c4e44704-59ec-42a4-bafa-e52ee9404d37@group-FA78A23AEC1A-LeaderElection64: Election PASSED; received 1 response(s) [c4e44704-59ec-42a4-bafa-e52ee9404d37<-b3937cad-36c1-4c32-8256-0bb40f7075f0#0:OK-t2] and 1 exception(s); c4e44704-59ec-42a4-bafa-e52ee9404d37@group-FA78A23AEC1A:t2, leader=null, voted=c4e44704-59ec-42a4-bafa-e52ee9404d37, raftlog=c4e44704-59ec-42a4-bafa-e52ee9404d37@group-FA78A23AEC1A-SegmentedRaftLog:OPENED:c2,f2,i2, conf=0: [c4e44704-59ec-42a4-bafa-e52ee9404d37:192.168.164.205:38326, b3937cad-36c1-4c32-8256-0bb40f7075f0:192.168.164.205:36694, 96b37a5b-d1f8-4100-8e17-0088a3bc3513:192.168.164.205:42486], old=null
2019-10-09 10:10:08,995 [c4e44704-59ec-42a4-bafa-e52ee9404d37@group-FA78A23AEC1A-LeaderElection64] INFO  impl.LeaderElection (LogUtils.java:infoOrTrace(149)) -   Exception 0: {}
java.util.concurrent.ExecutionException: org.apache.ratis.thirdparty.io.grpc.StatusRuntimeException: UNAVAILABLE: io exception
	at java.util.concurrent.FutureTask.report(FutureTask.java:122)
	at java.util.concurrent.FutureTask.get(FutureTask.java:192)
	at org.apache.ratis.server.impl.LeaderElection.waitForResults(LeaderElection.java:259)
	at org.apache.ratis.server.impl.LeaderElection.askForVotes(LeaderElection.java:197)
	at org.apache.ratis.server.impl.LeaderElection.run(LeaderElection.java:133)
	at java.lang.Thread.run(Thread.java:748)
Caused by: org.apache.ratis.thirdparty.io.grpc.StatusRuntimeException: UNAVAILABLE: io exception
	at org.apache.ratis.thirdparty.io.grpc.stub.ClientCalls.toStatusRuntimeException(ClientCalls.java:233)
	at org.apache.ratis.thirdparty.io.grpc.stub.ClientCalls.getUnchecked(ClientCalls.java:214)
	at org.apache.ratis.thirdparty.io.grpc.stub.ClientCalls.blockingUnaryCall(ClientCalls.java:139)
	at org.apache.ratis.proto.grpc.RaftServerProtocolServiceGrpc$RaftServerProtocolServiceBlockingStub.requestVote(RaftServerProtocolServiceGrpc.java:265)
	at org.apache.ratis.grpc.server.GrpcServerProtocolClient.requestVote(GrpcServerProtocolClient.java:99)
	at org.apache.ratis.grpc.server.GrpcService.requestVote(GrpcService.java:204)
	at org.apache.ratis.server.impl.LeaderElection.lambda$submitRequests$1(LeaderElection.java:234)
	at java.util.concurrent.FutureTask.run(FutureTask.java:266)
	at java.util.concurrent.Executors$RunnableAdapter.call(Executors.java:511)
	at java.util.concurrent.FutureTask.run(FutureTask.java:266)
	at java.util.concurrent.ThreadPoolExecutor.runWorker(ThreadPoolExecutor.java:1149)
	at java.util.concurrent.ThreadPoolExecutor$Worker.run(ThreadPoolExecutor.java:624)
	... 1 more
Caused by: org.apache.ratis.thirdparty.io.netty.channel.AbstractChannel$AnnotatedConnectException: Connection refused: /192.168.164.205:42486
	at sun.nio.ch.SocketChannelImpl.checkConnect(Native Method)
	at sun.nio.ch.SocketChannelImpl.finishConnect(SocketChannelImpl.java:717)
	at org.apache.ratis.thirdparty.io.netty.channel.socket.nio.NioSocketChannel.doFinishConnect(NioSocketChannel.java:327)
	at org.apache.ratis.thirdparty.io.netty.channel.nio.AbstractNioChannel$AbstractNioUnsafe.finishConnect(AbstractNioChannel.java:340)
	at org.apache.ratis.thirdparty.io.netty.channel.nio.NioEventLoop.processSelectedKey(NioEventLoop.java:632)
	at org.apache.ratis.thirdparty.io.netty.channel.nio.NioEventLoop.processSelectedKeysOptimized(NioEventLoop.java:579)
	at org.apache.ratis.thirdparty.io.netty.channel.nio.NioEventLoop.processSelectedKeys(NioEventLoop.java:496)
	at org.apache.ratis.thirdparty.io.netty.channel.nio.NioEventLoop.run(NioEventLoop.java:458)
	at org.apache.ratis.thirdparty.io.netty.util.concurrent.SingleThreadEventExecutor$5.run(SingleThreadEventExecutor.java:897)
	at org.apache.ratis.thirdparty.io.netty.util.concurrent.FastThreadLocalRunnable.run(FastThreadLocalRunnable.java:30)
	... 1 more
Caused by: java.net.ConnectException: Connection refused
	... 11 more
2019-10-09 10:10:08,996 [c4e44704-59ec-42a4-bafa-e52ee9404d37@group-FA78A23AEC1A-LeaderElection64] INFO  impl.RoleInfo (RoleInfo.java:shutdownLeaderElection(134)) - c4e44704-59ec-42a4-bafa-e52ee9404d37: shutdown LeaderElection
2019-10-09 10:10:08,996 [c4e44704-59ec-42a4-bafa-e52ee9404d37@group-FA78A23AEC1A-LeaderElection64] INFO  impl.RaftServerImpl (RaftServerImpl.java:setRole(170)) - c4e44704-59ec-42a4-bafa-e52ee9404d37@group-FA78A23AEC1A: changes role from CANDIDATE to LEADER at term 2 for changeToLeader
2019-10-09 10:10:08,996 [c4e44704-59ec-42a4-bafa-e52ee9404d37@group-FA78A23AEC1A-LeaderElection64] INFO  impl.RaftServerImpl (ServerState.java:setLeader(255)) - c4e44704-59ec-42a4-bafa-e52ee9404d37@group-FA78A23AEC1A: change Leader from null to c4e44704-59ec-42a4-bafa-e52ee9404d37 at term 2 for becomeLeader, leader elected after 38ms
2019-10-09 10:10:08,996 [c4e44704-59ec-42a4-bafa-e52ee9404d37@group-FA78A23AEC1A-LeaderElection64] INFO  server.RaftServerConfigKeys (ConfUtils.java:logGet(43)) - raft.server.staging.catchup.gap = 1000 (default)
2019-10-09 10:10:08,996 [c4e44704-59ec-42a4-bafa-e52ee9404d37@group-FA78A23AEC1A-LeaderElection64] INFO  server.RaftServerConfigKeys (ConfUtils.java:logGet(43)) - raft.server.rpc.sleep.time = 25ms (default)
2019-10-09 10:10:08,997 [c4e44704-59ec-42a4-bafa-e52ee9404d37@group-FA78A23AEC1A-LeaderElection64] INFO  server.RaftServerConfigKeys (ConfUtils.java:logGet(43)) - raft.server.write.element-limit = 4096 (default)
2019-10-09 10:10:08,997 [c4e44704-59ec-42a4-bafa-e52ee9404d37@group-FA78A23AEC1A-LeaderElection64] INFO  server.RaftServerConfigKeys (ConfUtils.java:logGet(43)) - raft.server.watch.timeout = 10s (default)
2019-10-09 10:10:08,997 [c4e44704-59ec-42a4-bafa-e52ee9404d37@group-FA78A23AEC1A-LeaderElection64] INFO  server.RaftServerConfigKeys (ConfUtils.java:logGet(43)) - raft.server.watch.timeout.denomination = 1s (default)
2019-10-09 10:10:08,997 [c4e44704-59ec-42a4-bafa-e52ee9404d37@group-FA78A23AEC1A-LeaderElection64] INFO  server.RaftServerConfigKeys (ConfUtils.java:logGet(43)) - raft.server.watch.element-limit = 65536 (default)
2019-10-09 10:10:08,999 [c4e44704-59ec-42a4-bafa-e52ee9404d37@group-FA78A23AEC1A-LeaderElection64] INFO  server.RaftServerConfigKeys (ConfUtils.java:logGet(43)) - raft.server.log.appender.snapshot.chunk.size.max = 16MB (=16777216) (default)
2019-10-09 10:10:09,000 [c4e44704-59ec-42a4-bafa-e52ee9404d37@group-FA78A23AEC1A-LeaderElection64] INFO  server.RaftServerConfigKeys (ConfUtils.java:logGet(43)) - raft.server.log.appender.buffer.byte-limit = 33554432 (custom)
2019-10-09 10:10:09,000 [c4e44704-59ec-42a4-bafa-e52ee9404d37@group-FA78A23AEC1A-LeaderElection64] INFO  server.RaftServerConfigKeys (ConfUtils.java:logGet(43)) - raft.server.log.appender.buffer.element-limit = 1 (custom)
2019-10-09 10:10:09,000 [c4e44704-59ec-42a4-bafa-e52ee9404d37@group-FA78A23AEC1A-LeaderElection64] INFO  grpc.GrpcConfigKeys$Server (ConfUtils.java:logGet(43)) - raft.grpc.server.leader.outstanding.appends.max = 128 (default)
2019-10-09 10:10:09,000 [c4e44704-59ec-42a4-bafa-e52ee9404d37@group-FA78A23AEC1A-LeaderElection64] INFO  server.RaftServerConfigKeys (ConfUtils.java:logGet(43)) - raft.server.rpc.request.timeout = 3000ms (default)
2019-10-09 10:10:09,000 [c4e44704-59ec-42a4-bafa-e52ee9404d37@group-FA78A23AEC1A-LeaderElection64] INFO  server.RaftServerConfigKeys (ConfUtils.java:logGet(43)) - raft.server.log.appender.install.snapshot.enabled = false (custom)
2019-10-09 10:10:09,001 [c4e44704-59ec-42a4-bafa-e52ee9404d37@group-FA78A23AEC1A-LeaderElection64] INFO  server.RaftServerConfigKeys (ConfUtils.java:logGet(43)) - raft.server.log.appender.snapshot.chunk.size.max = 16MB (=16777216) (default)
2019-10-09 10:10:09,001 [c4e44704-59ec-42a4-bafa-e52ee9404d37@group-FA78A23AEC1A-LeaderElection64] INFO  server.RaftServerConfigKeys (ConfUtils.java:logGet(43)) - raft.server.log.appender.buffer.byte-limit = 33554432 (custom)
2019-10-09 10:10:09,001 [c4e44704-59ec-42a4-bafa-e52ee9404d37@group-FA78A23AEC1A-LeaderElection64] INFO  server.RaftServerConfigKeys (ConfUtils.java:logGet(43)) - raft.server.log.appender.buffer.element-limit = 1 (custom)
2019-10-09 10:10:09,001 [c4e44704-59ec-42a4-bafa-e52ee9404d37@group-FA78A23AEC1A-LeaderElection64] INFO  grpc.GrpcConfigKeys$Server (ConfUtils.java:logGet(43)) - raft.grpc.server.leader.outstanding.appends.max = 128 (default)
2019-10-09 10:10:09,001 [c4e44704-59ec-42a4-bafa-e52ee9404d37@group-FA78A23AEC1A-LeaderElection64] INFO  server.RaftServerConfigKeys (ConfUtils.java:logGet(43)) - raft.server.rpc.request.timeout = 3000ms (default)
2019-10-09 10:10:09,001 [c4e44704-59ec-42a4-bafa-e52ee9404d37@group-FA78A23AEC1A-LeaderElection64] INFO  server.RaftServerConfigKeys (ConfUtils.java:logGet(43)) - raft.server.log.appender.install.snapshot.enabled = false (custom)
2019-10-09 10:10:09,002 [c4e44704-59ec-42a4-bafa-e52ee9404d37@group-FA78A23AEC1A-LeaderElection64] INFO  impl.RoleInfo (RoleInfo.java:updateAndGet(143)) - c4e44704-59ec-42a4-bafa-e52ee9404d37: start LeaderState
2019-10-09 10:10:09,002 [c4e44704-59ec-42a4-bafa-e52ee9404d37@group-FA78A23AEC1A-LeaderElection64] INFO  segmented.SegmentedRaftLogWorker (SegmentedRaftLogWorker.java:rollLogSegment(390)) - c4e44704-59ec-42a4-bafa-e52ee9404d37@group-FA78A23AEC1A-SegmentedRaftLogWorker: Rolling segment log-0_2 to index:2
2019-10-09 10:10:09,003 [c4e44704-59ec-42a4-bafa-e52ee9404d37@group-FA78A23AEC1A-LeaderElection64] INFO  impl.RaftServerImpl (ServerState.java:setRaftConf(356)) - c4e44704-59ec-42a4-bafa-e52ee9404d37@group-FA78A23AEC1A: set configuration 3: [c4e44704-59ec-42a4-bafa-e52ee9404d37:192.168.164.205:38326, b3937cad-36c1-4c32-8256-0bb40f7075f0:192.168.164.205:36694, 96b37a5b-d1f8-4100-8e17-0088a3bc3513:192.168.164.205:42486], old=null at 3
2019-10-09 10:10:09,003 [c4e44704-59ec-42a4-bafa-e52ee9404d37@group-FA78A23AEC1A-SegmentedRaftLogWorker] INFO  segmented.SegmentedRaftLogWorker (SegmentedRaftLogWorker.java:execute(531)) - c4e44704-59ec-42a4-bafa-e52ee9404d37@group-FA78A23AEC1A-SegmentedRaftLogWorker: Rolled log segment from /workdir/hadoop-ozone/integration-test/target/test-dir/MiniOzoneClusterImpl-20a6b4b8-63e8-44f3-a607-747c573e7ecd/datanode-1/data/ratis/1faeb405-c952-4ade-81da-fa78a23aec1a/current/log_inprogress_0 to /workdir/hadoop-ozone/integration-test/target/test-dir/MiniOzoneClusterImpl-20a6b4b8-63e8-44f3-a607-747c573e7ecd/datanode-1/data/ratis/1faeb405-c952-4ade-81da-fa78a23aec1a/current/log_0-2
2019-10-09 10:10:09,003 [grpc-default-executor-4] WARN  server.GrpcLogAppender (LogUtils.java:warn(134)) - c4e44704-59ec-42a4-bafa-e52ee9404d37@group-FA78A23AEC1A->96b37a5b-d1f8-4100-8e17-0088a3bc3513-AppendLogResponseHandler: Failed appendEntries: org.apache.ratis.thirdparty.io.grpc.StatusRuntimeException: UNAVAILABLE: io exception
2019-10-09 10:10:09,004 [grpc-default-executor-4] INFO  impl.FollowerInfo (FollowerInfo.java:lambda$new$0(51)) - c4e44704-59ec-42a4-bafa-e52ee9404d37@group-FA78A23AEC1A->96b37a5b-d1f8-4100-8e17-0088a3bc3513: nextIndex: updateUnconditionally 3 -> 1
2019-10-09 10:10:09,004 [grpc-default-executor-7] INFO  impl.RaftServerImpl (ServerState.java:setLeader(255)) - b3937cad-36c1-4c32-8256-0bb40f7075f0@group-FA78A23AEC1A: change Leader from null to c4e44704-59ec-42a4-bafa-e52ee9404d37 at term 2 for appendEntries, leader elected after 22ms
2019-10-09 10:10:09,006 [grpc-default-executor-7] INFO  impl.RaftServerImpl (ServerState.java:setRaftConf(356)) - b3937cad-36c1-4c32-8256-0bb40f7075f0@group-FA78A23AEC1A: set configuration 3: [c4e44704-59ec-42a4-bafa-e52ee9404d37:192.168.164.205:38326, b3937cad-36c1-4c32-8256-0bb40f7075f0:192.168.164.205:36694, 96b37a5b-d1f8-4100-8e17-0088a3bc3513:192.168.164.205:42486], old=null at 3
2019-10-09 10:10:09,006 [grpc-default-executor-7] INFO  segmented.SegmentedRaftLogWorker (SegmentedRaftLogWorker.java:rollLogSegment(390)) - b3937cad-36c1-4c32-8256-0bb40f7075f0@group-FA78A23AEC1A-SegmentedRaftLogWorker: Rolling segment log-0_2 to index:2
2019-10-09 10:10:09,007 [b3937cad-36c1-4c32-8256-0bb40f7075f0@group-FA78A23AEC1A-SegmentedRaftLogWorker] INFO  segmented.SegmentedRaftLogWorker (SegmentedRaftLogWorker.java:execute(531)) - b3937cad-36c1-4c32-8256-0bb40f7075f0@group-FA78A23AEC1A-SegmentedRaftLogWorker: Rolled log segment from /workdir/hadoop-ozone/integration-test/target/test-dir/MiniOzoneClusterImpl-20a6b4b8-63e8-44f3-a607-747c573e7ecd/datanode-0/data/ratis/1faeb405-c952-4ade-81da-fa78a23aec1a/current/log_inprogress_0 to /workdir/hadoop-ozone/integration-test/target/test-dir/MiniOzoneClusterImpl-20a6b4b8-63e8-44f3-a607-747c573e7ecd/datanode-0/data/ratis/1faeb405-c952-4ade-81da-fa78a23aec1a/current/log_0-2
2019-10-09 10:10:09,045 [c4e44704-59ec-42a4-bafa-e52ee9404d37@group-FA78A23AEC1A-SegmentedRaftLogWorker] INFO  segmented.SegmentedRaftLogWorker (SegmentedRaftLogWorker.java:execute(574)) - c4e44704-59ec-42a4-bafa-e52ee9404d37@group-FA78A23AEC1A-SegmentedRaftLogWorker: created new log segment /workdir/hadoop-ozone/integration-test/target/test-dir/MiniOzoneClusterImpl-20a6b4b8-63e8-44f3-a607-747c573e7ecd/datanode-1/data/ratis/1faeb405-c952-4ade-81da-fa78a23aec1a/current/log_inprogress_3
2019-10-09 10:10:09,045 [b3937cad-36c1-4c32-8256-0bb40f7075f0@group-FA78A23AEC1A-SegmentedRaftLogWorker] INFO  segmented.SegmentedRaftLogWorker (SegmentedRaftLogWorker.java:execute(574)) - b3937cad-36c1-4c32-8256-0bb40f7075f0@group-FA78A23AEC1A-SegmentedRaftLogWorker: created new log segment /workdir/hadoop-ozone/integration-test/target/test-dir/MiniOzoneClusterImpl-20a6b4b8-63e8-44f3-a607-747c573e7ecd/datanode-0/data/ratis/1faeb405-c952-4ade-81da-fa78a23aec1a/current/log_inprogress_3
2019-10-09 10:10:09,055 [grpc-default-executor-6] WARN  server.GrpcLogAppender (LogUtils.java:warn(134)) - c4e44704-59ec-42a4-bafa-e52ee9404d37@group-FA78A23AEC1A->96b37a5b-d1f8-4100-8e17-0088a3bc3513-AppendLogResponseHandler: Failed appendEntries: org.apache.ratis.thirdparty.io.grpc.StatusRuntimeException: UNAVAILABLE: io exception
2019-10-09 10:10:09,055 [grpc-default-executor-6] INFO  impl.FollowerInfo (FollowerInfo.java:lambda$new$0(51)) - c4e44704-59ec-42a4-bafa-e52ee9404d37@group-FA78A23AEC1A->96b37a5b-d1f8-4100-8e17-0088a3bc3513: nextIndex: updateUnconditionally 2 -> 1
2019-10-09 10:10:09,074 [grpc-default-executor-6] WARN  server.GrpcLogAppender (LogUtils.java:warn(134)) - c4e44704-59ec-42a4-bafa-e52ee9404d37@group-FA78A23AEC1A->96b37a5b-d1f8-4100-8e17-0088a3bc3513-AppendLogResponseHandler: Failed appendEntries: org.apache.ratis.thirdparty.io.grpc.StatusRuntimeException: UNAVAILABLE: io exception
2019-10-09 10:10:09,074 [grpc-default-executor-6] INFO  impl.FollowerInfo (FollowerInfo.java:lambda$new$0(51)) - c4e44704-59ec-42a4-bafa-e52ee9404d37@group-FA78A23AEC1A->96b37a5b-d1f8-4100-8e17-0088a3bc3513: nextIndex: updateUnconditionally 2 -> 1
2019-10-09 10:10:09,666 [grpc-default-executor-7] WARN  server.GrpcLogAppender (LogUtils.java:warn(134)) - c4e44704-59ec-42a4-bafa-e52ee9404d37@group-FA78A23AEC1A->96b37a5b-d1f8-4100-8e17-0088a3bc3513-AppendLogResponseHandler: Failed appendEntries: org.apache.ratis.thirdparty.io.grpc.StatusRuntimeException: UNAVAILABLE: io exception
2019-10-09 10:10:09,666 [grpc-default-executor-7] INFO  impl.FollowerInfo (FollowerInfo.java:lambda$new$0(51)) - c4e44704-59ec-42a4-bafa-e52ee9404d37@group-FA78A23AEC1A->96b37a5b-d1f8-4100-8e17-0088a3bc3513: nextIndex: updateUnconditionally 2 -> 1
2019-10-09 10:10:09,678 [grpc-default-executor-6] WARN  server.GrpcLogAppender (LogUtils.java:warn(134)) - c4e44704-59ec-42a4-bafa-e52ee9404d37@group-FA78A23AEC1A->96b37a5b-d1f8-4100-8e17-0088a3bc3513-AppendLogResponseHandler: Failed appendEntries: org.apache.ratis.thirdparty.io.grpc.StatusRuntimeException: UNAVAILABLE: io exception
2019-10-09 10:10:09,678 [grpc-default-executor-6] INFO  impl.FollowerInfo (FollowerInfo.java:lambda$new$0(51)) - c4e44704-59ec-42a4-bafa-e52ee9404d37@group-FA78A23AEC1A->96b37a5b-d1f8-4100-8e17-0088a3bc3513: nextIndex: updateUnconditionally 2 -> 1
2019-10-09 10:10:09,691 [grpc-default-executor-7] WARN  server.GrpcLogAppender (LogUtils.java:warn(134)) - c4e44704-59ec-42a4-bafa-e52ee9404d37@group-FA78A23AEC1A->96b37a5b-d1f8-4100-8e17-0088a3bc3513-AppendLogResponseHandler: Failed appendEntries: org.apache.ratis.thirdparty.io.grpc.StatusRuntimeException: UNAVAILABLE: io exception
2019-10-09 10:10:09,691 [grpc-default-executor-7] INFO  impl.FollowerInfo (FollowerInfo.java:lambda$new$0(51)) - c4e44704-59ec-42a4-bafa-e52ee9404d37@group-FA78A23AEC1A->96b37a5b-d1f8-4100-8e17-0088a3bc3513: nextIndex: updateUnconditionally 2 -> 1
2019-10-09 10:10:09,702 [EventQueue-IncrementalContainerReportForIncrementalContainerReportHandler] WARN  container.IncrementalContainerReportHandler (AbstractContainerReportHandler.java:updateContainerState(145)) - Container #1 is in OPEN state, but the datanode c4e44704-59ec-42a4-bafa-e52ee9404d37{ip: 192.168.164.205, host: pr-hdds-2271-zcqt4-2554284801, networkLocation: /default-rack, certSerialId: null} reports an CLOSING replica.
2019-10-09 10:10:09,714 [EventQueue-IncrementalContainerReportForIncrementalContainerReportHandler] WARN  container.IncrementalContainerReportHandler (AbstractContainerReportHandler.java:updateContainerState(145)) - Container #1 is in OPEN state, but the datanode b3937cad-36c1-4c32-8256-0bb40f7075f0{ip: 192.168.164.205, host: pr-hdds-2271-zcqt4-2554284801, networkLocation: /default-rack, certSerialId: null} reports an CLOSING replica.
2019-10-09 10:10:09,768 [RatisApplyTransactionExecutor 1] INFO  interfaces.Container (KeyValueContainer.java:flushAndSyncDB(386)) - Container 1 is synced with bcsId 0.
2019-10-09 10:10:09,821 [RatisApplyTransactionExecutor 1] INFO  interfaces.Container (KeyValueContainer.java:flushAndSyncDB(386)) - Container 1 is synced with bcsId 0.
2019-10-09 10:10:09,833 [RatisApplyTransactionExecutor 1] INFO  interfaces.Container (KeyValueContainer.java:flushAndSyncDB(386)) - Container 1 is synced with bcsId 0.
2019-10-09 10:10:09,833 [RatisApplyTransactionExecutor 1] INFO  interfaces.Container (KeyValueContainer.java:flushAndSyncDB(386)) - Container 1 is synced with bcsId 0.
2019-10-09 10:10:09,846 [RatisApplyTransactionExecutor 1] INFO  interfaces.Container (KeyValueContainer.java:close(335)) - Container 1 is closed with bcsId 0.
2019-10-09 10:10:09,846 [RatisApplyTransactionExecutor 1] INFO  interfaces.Container (KeyValueContainer.java:close(335)) - Container 1 is closed with bcsId 0.
2019-10-09 10:10:09,859 [EventQueue-IncrementalContainerReportForIncrementalContainerReportHandler] WARN  container.IncrementalContainerReportHandler (AbstractContainerReportHandler.java:updateContainerState(145)) - Container #1 is in OPEN state, but the datanode c4e44704-59ec-42a4-bafa-e52ee9404d37{ip: 192.168.164.205, host: pr-hdds-2271-zcqt4-2554284801, networkLocation: /default-rack, certSerialId: null} reports an CLOSED replica.
2019-10-09 10:10:09,860 [EventQueue-IncrementalContainerReportForIncrementalContainerReportHandler] WARN  container.IncrementalContainerReportHandler (AbstractContainerReportHandler.java:updateContainerState(145)) - Container #1 is in OPEN state, but the datanode b3937cad-36c1-4c32-8256-0bb40f7075f0{ip: 192.168.164.205, host: pr-hdds-2271-zcqt4-2554284801, networkLocation: /default-rack, certSerialId: null} reports an CLOSED replica.
2019-10-09 10:10:10,377 [grpc-default-executor-8] WARN  server.GrpcLogAppender (LogUtils.java:warn(134)) - ab022857-e651-46e0-9452-78f2a1d93581@group-8FCD5B1B9009->5f603e7f-c5d0-429b-bdae-ead04b90af02-AppendLogResponseHandler: Failed appendEntries: org.apache.ratis.thirdparty.io.grpc.StatusRuntimeException: UNAVAILABLE: io exception
2019-10-09 10:10:10,377 [grpc-default-executor-6] WARN  server.GrpcLogAppender (LogUtils.java:warn(134)) - ab022857-e651-46e0-9452-78f2a1d93581@group-8FCD5B1B9009->ea48651f-a535-41b5-a19b-b8cecb9d11ac-AppendLogResponseHandler: Failed appendEntries: org.apache.ratis.thirdparty.io.grpc.StatusRuntimeException: UNAVAILABLE: io exception
2019-10-09 10:10:10,377 [grpc-default-executor-8] INFO  impl.FollowerInfo (FollowerInfo.java:lambda$new$0(51)) - ab022857-e651-46e0-9452-78f2a1d93581@group-8FCD5B1B9009->5f603e7f-c5d0-429b-bdae-ead04b90af02: nextIndex: updateUnconditionally 0 -> 0
2019-10-09 10:10:10,378 [grpc-default-executor-6] INFO  impl.FollowerInfo (FollowerInfo.java:lambda$new$0(51)) - ab022857-e651-46e0-9452-78f2a1d93581@group-8FCD5B1B9009->ea48651f-a535-41b5-a19b-b8cecb9d11ac: nextIndex: updateUnconditionally 0 -> 0
2019-10-09 10:10:12,194 [grpc-default-executor-8] WARN  server.GrpcLogAppender (LogUtils.java:warn(134)) - c4e44704-59ec-42a4-bafa-e52ee9404d37@group-FA78A23AEC1A->96b37a5b-d1f8-4100-8e17-0088a3bc3513-AppendLogResponseHandler: Failed appendEntries: org.apache.ratis.thirdparty.io.grpc.StatusRuntimeException: UNAVAILABLE: io exception
2019-10-09 10:10:12,195 [grpc-default-executor-8] INFO  impl.FollowerInfo (FollowerInfo.java:lambda$new$0(51)) - c4e44704-59ec-42a4-bafa-e52ee9404d37@group-FA78A23AEC1A->96b37a5b-d1f8-4100-8e17-0088a3bc3513: nextIndex: updateUnconditionally 1 -> 0
2019-10-09 10:10:12,864 [main] WARN  scm.XceiverClientRatis (XceiverClientRatis.java:watchForCommit(277)) - 3 way commit failed on pipeline Pipeline[ Id: 1faeb405-c952-4ade-81da-fa78a23aec1a, Nodes: 96b37a5b-d1f8-4100-8e17-0088a3bc3513{ip: 192.168.164.205, host: pr-hdds-2271-zcqt4-2554284801, networkLocation: /default-rack, certSerialId: null}c4e44704-59ec-42a4-bafa-e52ee9404d37{ip: 192.168.164.205, host: pr-hdds-2271-zcqt4-2554284801, networkLocation: /default-rack, certSerialId: null}b3937cad-36c1-4c32-8256-0bb40f7075f0{ip: 192.168.164.205, host: pr-hdds-2271-zcqt4-2554284801, networkLocation: /default-rack, certSerialId: null}, Type:RATIS, Factor:THREE, State:OPEN]
java.util.concurrent.TimeoutException
	at java.util.concurrent.CompletableFuture.timedGet(CompletableFuture.java:1771)
	at java.util.concurrent.CompletableFuture.get(CompletableFuture.java:1915)
	at org.apache.hadoop.hdds.scm.XceiverClientRatis.watchForCommit(XceiverClientRatis.java:274)
	at org.apache.hadoop.ozone.client.rpc.TestWatchForCommit.test2WayCommitForTimeoutException(TestWatchForCommit.java:391)
	at sun.reflect.NativeMethodAccessorImpl.invoke0(Native Method)
	at sun.reflect.NativeMethodAccessorImpl.invoke(NativeMethodAccessorImpl.java:62)
	at sun.reflect.DelegatingMethodAccessorImpl.invoke(DelegatingMethodAccessorImpl.java:43)
	at java.lang.reflect.Method.invoke(Method.java:498)
	at org.junit.runners.model.FrameworkMethod$1.runReflectiveCall(FrameworkMethod.java:47)
	at org.junit.internal.runners.model.ReflectiveCallable.run(ReflectiveCallable.java:12)
	at org.junit.runners.model.FrameworkMethod.invokeExplosively(FrameworkMethod.java:44)
	at org.junit.internal.runners.statements.InvokeMethod.evaluate(InvokeMethod.java:17)
	at org.junit.runners.ParentRunner.runLeaf(ParentRunner.java:271)
	at org.junit.runners.BlockJUnit4ClassRunner.runChild(BlockJUnit4ClassRunner.java:70)
	at org.junit.runners.BlockJUnit4ClassRunner.runChild(BlockJUnit4ClassRunner.java:50)
	at org.junit.runners.ParentRunner$3.run(ParentRunner.java:238)
	at org.junit.runners.ParentRunner$1.schedule(ParentRunner.java:63)
	at org.junit.runners.ParentRunner.runChildren(ParentRunner.java:236)
	at org.junit.runners.ParentRunner.access$000(ParentRunner.java:53)
	at org.junit.runners.ParentRunner$2.evaluate(ParentRunner.java:229)
	at org.junit.runners.ParentRunner.run(ParentRunner.java:309)
	at org.apache.maven.surefire.junit4.JUnit4Provider.execute(JUnit4Provider.java:365)
	at org.apache.maven.surefire.junit4.JUnit4Provider.executeWithRerun(JUnit4Provider.java:273)
	at org.apache.maven.surefire.junit4.JUnit4Provider.executeTestSet(JUnit4Provider.java:238)
	at org.apache.maven.surefire.junit4.JUnit4Provider.invoke(JUnit4Provider.java:159)
	at org.apache.maven.surefire.booter.ForkedBooter.invokeProviderInSameClassLoader(ForkedBooter.java:384)
	at org.apache.maven.surefire.booter.ForkedBooter.runSuitesInProcess(ForkedBooter.java:345)
	at org.apache.maven.surefire.booter.ForkedBooter.execute(ForkedBooter.java:126)
	at org.apache.maven.surefire.booter.ForkedBooter.main(ForkedBooter.java:418)
2019-10-09 10:10:12,892 [grpc-default-executor-7] WARN  server.GrpcLogAppender (LogUtils.java:warn(134)) - ab022857-e651-46e0-9452-78f2a1d93581@group-8FCD5B1B9009->ea48651f-a535-41b5-a19b-b8cecb9d11ac-AppendLogResponseHandler: Failed appendEntries: org.apache.ratis.thirdparty.io.grpc.StatusRuntimeException: UNAVAILABLE: io exception
2019-10-09 10:10:12,892 [grpc-default-executor-1] WARN  server.GrpcLogAppender (LogUtils.java:warn(134)) - ab022857-e651-46e0-9452-78f2a1d93581@group-8FCD5B1B9009->5f603e7f-c5d0-429b-bdae-ead04b90af02-AppendLogResponseHandler: Failed appendEntries: org.apache.ratis.thirdparty.io.grpc.StatusRuntimeException: UNAVAILABLE: io exception
2019-10-09 10:10:12,893 [grpc-default-executor-7] INFO  impl.FollowerInfo (FollowerInfo.java:lambda$new$0(51)) - ab022857-e651-46e0-9452-78f2a1d93581@group-8FCD5B1B9009->ea48651f-a535-41b5-a19b-b8cecb9d11ac: nextIndex: updateUnconditionally 0 -> 0
2019-10-09 10:10:12,893 [grpc-default-executor-1] INFO  impl.FollowerInfo (FollowerInfo.java:lambda$new$0(51)) - ab022857-e651-46e0-9452-78f2a1d93581@group-8FCD5B1B9009->5f603e7f-c5d0-429b-bdae-ead04b90af02: nextIndex: updateUnconditionally 0 -> 0
2019-10-09 10:10:14,695 [grpc-default-executor-1] WARN  server.GrpcLogAppender (LogUtils.java:warn(134)) - c4e44704-59ec-42a4-bafa-e52ee9404d37@group-FA78A23AEC1A->96b37a5b-d1f8-4100-8e17-0088a3bc3513-AppendLogResponseHandler: Failed appendEntries: org.apache.ratis.thirdparty.io.grpc.StatusRuntimeException: UNAVAILABLE: io exception
2019-10-09 10:10:14,696 [grpc-default-executor-1] INFO  impl.FollowerInfo (FollowerInfo.java:lambda$new$0(51)) - c4e44704-59ec-42a4-bafa-e52ee9404d37@group-FA78A23AEC1A->96b37a5b-d1f8-4100-8e17-0088a3bc3513: nextIndex: updateUnconditionally 0 -> 0
2019-10-09 10:10:15,393 [grpc-default-executor-1] WARN  server.GrpcLogAppender (LogUtils.java:warn(134)) - ab022857-e651-46e0-9452-78f2a1d93581@group-8FCD5B1B9009->5f603e7f-c5d0-429b-bdae-ead04b90af02-AppendLogResponseHandler: Failed appendEntries: org.apache.ratis.thirdparty.io.grpc.StatusRuntimeException: UNAVAILABLE: io exception
2019-10-09 10:10:15,393 [grpc-default-executor-5] WARN  server.GrpcLogAppender (LogUtils.java:warn(134)) - ab022857-e651-46e0-9452-78f2a1d93581@group-8FCD5B1B9009->ea48651f-a535-41b5-a19b-b8cecb9d11ac-AppendLogResponseHandler: Failed appendEntries: org.apache.ratis.thirdparty.io.grpc.StatusRuntimeException: UNAVAILABLE: io exception
2019-10-09 10:10:15,393 [grpc-default-executor-1] INFO  impl.FollowerInfo (FollowerInfo.java:lambda$new$0(51)) - ab022857-e651-46e0-9452-78f2a1d93581@group-8FCD5B1B9009->5f603e7f-c5d0-429b-bdae-ead04b90af02: nextIndex: updateUnconditionally 0 -> 0
2019-10-09 10:10:15,394 [grpc-default-executor-5] INFO  impl.FollowerInfo (FollowerInfo.java:lambda$new$0(51)) - ab022857-e651-46e0-9452-78f2a1d93581@group-8FCD5B1B9009->ea48651f-a535-41b5-a19b-b8cecb9d11ac: nextIndex: updateUnconditionally 0 -> 0
]]></system-out>
  </testcase>
</testsuite>