<?xml version="1.0" encoding="UTF-8"?>
<testsuite xmlns:xsi="http://www.w3.org/2001/XMLSchema-instance" xsi:noNamespaceSchemaLocation="https://maven.apache.org/surefire/maven-surefire-plugin/xsd/surefire-test-report.xsd" name="org.apache.hadoop.ozone.client.rpc.TestMultiBlockWritesWithDnFailures" time="112.581" tests="2" errors="0" skipped="0" failures="1">
  <properties>
    <property name="awt.toolkit" value="sun.awt.X11.XToolkit"/>
    <property name="file.encoding.pkg" value="sun.io"/>
    <property name="java.specification.version" value="1.8"/>
    <property name="sun.cpu.isalist" value=""/>
    <property name="sun.jnu.encoding" value="ANSI_X3.4-1968"/>
    <property name="java.class.path" value="/workdir/hadoop-ozone/integration-test/target/test-classes:/workdir/hadoop-ozone/integration-test/target/classes:/home/user/.m2/repository/org/apache/hadoop/hadoop-ozone-common/0.5.0-SNAPSHOT/hadoop-ozone-common-0.5.0-SNAPSHOT.jar:/home/user/.m2/repository/org/apache/commons/commons-compress/1.4.1/commons-compress-1.4.1.jar:/home/user/.m2/repository/org/tukaani/xz/1.0/xz-1.0.jar:/home/user/.m2/repository/org/apache/hadoop/hadoop-common/3.2.0/hadoop-common-3.2.0.jar:/home/user/.m2/repository/org/apache/hadoop/hadoop-hdfs/3.2.0/hadoop-hdfs-3.2.0.jar:/home/user/.m2/repository/org/apache/hadoop/hadoop-hdfs-client/3.2.0/hadoop-hdfs-client-3.2.0.jar:/home/user/.m2/repository/com/fasterxml/jackson/core/jackson-annotations/2.9.9/jackson-annotations-2.9.9.jar:/home/user/.m2/repository/org/apache/hadoop/hadoop-hdds-common/0.5.0-SNAPSHOT/hadoop-hdds-common-0.5.0-SNAPSHOT.jar:/home/user/.m2/repository/javax/annotation/javax.annotation-api/1.2/javax.annotation-api-1.2.jar:/home/user/.m2/repository/org/apache/ratis/ratis-server/0.5.0-3f446aa-SNAPSHOT/ratis-server-0.5.0-3f446aa-SNAPSHOT.jar:/home/user/.m2/repository/org/apache/ratis/ratis-thirdparty-misc/0.2.0/ratis-thirdparty-misc-0.2.0.jar:/home/user/.m2/repository/org/apache/ratis/ratis-proto/0.5.0-3f446aa-SNAPSHOT/ratis-proto-0.5.0-3f446aa-SNAPSHOT.jar:/home/user/.m2/repository/org/apache/ratis/ratis-common/0.5.0-3f446aa-SNAPSHOT/ratis-common-0.5.0-3f446aa-SNAPSHOT.jar:/home/user/.m2/repository/org/apache/ratis/ratis-client/0.5.0-3f446aa-SNAPSHOT/ratis-client-0.5.0-3f446aa-SNAPSHOT.jar:/home/user/.m2/repository/org/apache/ratis/ratis-metrics/0.5.0-3f446aa-SNAPSHOT/ratis-metrics-0.5.0-3f446aa-SNAPSHOT.jar:/home/user/.m2/repository/com/github/joshelser/dropwizard-metrics-hadoop-metrics2-reporter/0.1.2/dropwizard-metrics-hadoop-metrics2-reporter-0.1.2.jar:/home/user/.m2/repository/io/dropwizard/metrics/metrics-jvm/3.2.5/metrics-jvm-3.2.5.jar:/home/user/.m2/repository/io/dropwizard/metrics/metrics-ganglia/3.2.5/metrics-ganglia-3.2.5.jar:/home/user/.m2/repository/info/ganglia/gmetric4j/gmetric4j/1.0.7/gmetric4j-1.0.7.jar:/home/user/.m2/repository/org/apache/ratis/ratis-netty/0.5.0-3f446aa-SNAPSHOT/ratis-netty-0.5.0-3f446aa-SNAPSHOT.jar:/home/user/.m2/repository/org/apache/ratis/ratis-grpc/0.5.0-3f446aa-SNAPSHOT/ratis-grpc-0.5.0-3f446aa-SNAPSHOT.jar:/home/user/.m2/repository/org/rocksdb/rocksdbjni/6.0.1/rocksdbjni-6.0.1.jar:/home/user/.m2/repository/org/apache/logging/log4j/log4j-api/2.11.0/log4j-api-2.11.0.jar:/home/user/.m2/repository/org/apache/logging/log4j/log4j-core/2.11.0/log4j-core-2.11.0.jar:/home/user/.m2/repository/com/lmax/disruptor/3.4.2/disruptor-3.4.2.jar:/home/user/.m2/repository/org/apache/commons/commons-pool2/2.6.0/commons-pool2-2.6.0.jar:/home/user/.m2/repository/org/bouncycastle/bcpkix-jdk15on/1.60/bcpkix-jdk15on-1.60.jar:/home/user/.m2/repository/commons-validator/commons-validator/1.6/commons-validator-1.6.jar:/home/user/.m2/repository/commons-digester/commons-digester/1.8.1/commons-digester-1.8.1.jar:/home/user/.m2/repository/io/jaegertracing/jaeger-client/0.34.0/jaeger-client-0.34.0.jar:/home/user/.m2/repository/io/jaegertracing/jaeger-thrift/0.34.0/jaeger-thrift-0.34.0.jar:/home/user/.m2/repository/org/apache/thrift/libthrift/0.12.0/libthrift-0.12.0.jar:/home/user/.m2/repository/com/squareup/okhttp3/okhttp/3.9.0/okhttp-3.9.0.jar:/home/user/.m2/repository/com/squareup/okio/okio/1.13.0/okio-1.13.0.jar:/home/user/.m2/repository/io/jaegertracing/jaeger-core/0.34.0/jaeger-core-0.34.0.jar:/home/user/.m2/repository/io/jaegertracing/jaeger-tracerresolver/0.34.0/jaeger-tracerresolver-0.34.0.jar:/home/user/.m2/repository/io/opentracing/contrib/opentracing-tracerresolver/0.1.5/opentracing-tracerresolver-0.1.5.jar:/home/user/.m2/repository/io/opentracing/opentracing-util/0.31.0/opentracing-util-0.31.0.jar:/home/user/.m2/repository/io/opentracing/opentracing-api/0.31.0/opentracing-api-0.31.0.jar:/home/user/.m2/repository/io/opentracing/opentracing-noop/0.31.0/opentracing-noop-0.31.0.jar:/home/user/.m2/repository/org/apache/hadoop/hadoop-hdds-server-framework/0.5.0-SNAPSHOT/hadoop-hdds-server-framework-0.5.0-SNAPSHOT.jar:/home/user/.m2/repository/org/apache/hadoop/hadoop-hdds-container-service/0.5.0-SNAPSHOT/hadoop-hdds-container-service-0.5.0-SNAPSHOT.jar:/home/user/.m2/repository/org/apache/hadoop/hadoop-hdds-client/0.5.0-SNAPSHOT/hadoop-hdds-client-0.5.0-SNAPSHOT.jar:/home/user/.m2/repository/org/apache/hadoop/hadoop-hdds-tools/0.5.0-SNAPSHOT/hadoop-hdds-tools-0.5.0-SNAPSHOT.jar:/home/user/.m2/repository/org/apache/hadoop/hadoop-hdds-server-scm/0.5.0-SNAPSHOT/hadoop-hdds-server-scm-0.5.0-SNAPSHOT.jar:/home/user/.m2/repository/org/apache/hadoop/hadoop-hdds-docs/0.5.0-SNAPSHOT/hadoop-hdds-docs-0.5.0-SNAPSHOT.jar:/home/user/.m2/repository/io/dropwizard/metrics/metrics-core/3.2.4/metrics-core-3.2.4.jar:/home/user/.m2/repository/org/hamcrest/hamcrest-all/1.3/hamcrest-all-1.3.jar:/home/user/.m2/repository/org/bouncycastle/bcprov-jdk15on/1.60/bcprov-jdk15on-1.60.jar:/home/user/.m2/repository/info/picocli/picocli/3.9.6/picocli-3.9.6.jar:/home/user/.m2/repository/com/google/protobuf/protobuf-java/2.5.0/protobuf-java-2.5.0.jar:/home/user/.m2/repository/com/google/guava/guava/11.0.2/guava-11.0.2.jar:/home/user/.m2/repository/org/apache/hadoop/hadoop-ozone-ozone-manager/0.5.0-SNAPSHOT/hadoop-ozone-ozone-manager-0.5.0-SNAPSHOT.jar:/home/user/.m2/repository/org/apache/hadoop/hadoop-minikdc/3.2.0/hadoop-minikdc-3.2.0.jar:/home/user/.m2/repository/commons-io/commons-io/2.5/commons-io-2.5.jar:/home/user/.m2/repository/org/apache/kerby/kerb-simplekdc/1.0.1/kerb-simplekdc-1.0.1.jar:/home/user/.m2/repository/org/apache/kerby/kerb-client/1.0.1/kerb-client-1.0.1.jar:/home/user/.m2/repository/org/apache/kerby/kerby-config/1.0.1/kerby-config-1.0.1.jar:/home/user/.m2/repository/org/apache/kerby/kerb-core/1.0.1/kerb-core-1.0.1.jar:/home/user/.m2/repository/org/apache/kerby/kerby-pkix/1.0.1/kerby-pkix-1.0.1.jar:/home/user/.m2/repository/org/apache/kerby/kerby-asn1/1.0.1/kerby-asn1-1.0.1.jar:/home/user/.m2/repository/org/apache/kerby/kerby-util/1.0.1/kerby-util-1.0.1.jar:/home/user/.m2/repository/org/apache/kerby/kerb-common/1.0.1/kerb-common-1.0.1.jar:/home/user/.m2/repository/org/apache/kerby/kerb-crypto/1.0.1/kerb-crypto-1.0.1.jar:/home/user/.m2/repository/org/apache/kerby/kerb-util/1.0.1/kerb-util-1.0.1.jar:/home/user/.m2/repository/org/apache/kerby/token-provider/1.0.1/token-provider-1.0.1.jar:/home/user/.m2/repository/org/apache/kerby/kerb-admin/1.0.1/kerb-admin-1.0.1.jar:/home/user/.m2/repository/org/apache/kerby/kerb-server/1.0.1/kerb-server-1.0.1.jar:/home/user/.m2/repository/org/apache/kerby/kerb-identity/1.0.1/kerb-identity-1.0.1.jar:/home/user/.m2/repository/org/apache/kerby/kerby-xdr/1.0.1/kerby-xdr-1.0.1.jar:/home/user/.m2/repository/org/slf4j/slf4j-log4j12/1.7.25/slf4j-log4j12-1.7.25.jar:/home/user/.m2/repository/org/apache/hadoop/hadoop-ozone-s3gateway/0.5.0-SNAPSHOT/hadoop-ozone-s3gateway-0.5.0-SNAPSHOT.jar:/home/user/.m2/repository/org/jboss/weld/servlet/weld-servlet/2.4.7.Final/weld-servlet-2.4.7.Final.jar:/home/user/.m2/repository/org/glassfish/jersey/containers/jersey-container-servlet-core/2.27/jersey-container-servlet-core-2.27.jar:/home/user/.m2/repository/org/glassfish/hk2/external/javax.inject/2.5.0-b42/javax.inject-2.5.0-b42.jar:/home/user/.m2/repository/org/glassfish/jersey/core/jersey-common/2.27/jersey-common-2.27.jar:/home/user/.m2/repository/org/glassfish/hk2/osgi-resource-locator/1.0.1/osgi-resource-locator-1.0.1.jar:/home/user/.m2/repository/javax/ws/rs/javax.ws.rs-api/2.1/javax.ws.rs-api-2.1.jar:/home/user/.m2/repository/org/glassfish/jersey/ext/cdi/jersey-cdi1x/2.27/jersey-cdi1x-2.27.jar:/home/user/.m2/repository/org/glassfish/jersey/inject/jersey-hk2/2.27/jersey-hk2-2.27.jar:/home/user/.m2/repository/org/glassfish/hk2/hk2-locator/2.5.0-b42/hk2-locator-2.5.0-b42.jar:/home/user/.m2/repository/org/javassist/javassist/3.22.0-CR2/javassist-3.22.0-CR2.jar:/home/user/.m2/repository/org/glassfish/hk2/hk2-api/2.5.0/hk2-api-2.5.0.jar:/home/user/.m2/repository/org/glassfish/hk2/external/jakarta.inject/2.5.0/jakarta.inject-2.5.0.jar:/home/user/.m2/repository/org/glassfish/hk2/hk2-utils/2.5.0/hk2-utils-2.5.0.jar:/home/user/.m2/repository/jakarta/annotation/jakarta.annotation-api/1.3.4/jakarta.annotation-api-1.3.4.jar:/home/user/.m2/repository/org/glassfish/hk2/external/aopalliance-repackaged/2.5.0/aopalliance-repackaged-2.5.0.jar:/home/user/.m2/repository/com/fasterxml/jackson/dataformat/jackson-dataformat-xml/2.9.0/jackson-dataformat-xml-2.9.0.jar:/home/user/.m2/repository/com/fasterxml/jackson/core/jackson-core/2.9.9/jackson-core-2.9.9.jar:/home/user/.m2/repository/com/fasterxml/jackson/module/jackson-module-jaxb-annotations/2.9.9/jackson-module-jaxb-annotations-2.9.9.jar:/home/user/.m2/repository/javax/enterprise/cdi-api/1.2/cdi-api-1.2.jar:/home/user/.m2/repository/javax/el/javax.el-api/3.0.0/javax.el-api-3.0.0.jar:/home/user/.m2/repository/javax/interceptor/javax.interceptor-api/1.2/javax.interceptor-api-1.2.jar:/home/user/.m2/repository/javax/inject/javax.inject/1/javax.inject-1.jar:/home/user/.m2/repository/com/sun/xml/bind/jaxb-impl/2.3.0.1/jaxb-impl-2.3.0.1.jar:/home/user/.m2/repository/com/sun/xml/bind/jaxb-core/2.3.0.1/jaxb-core-2.3.0.1.jar:/home/user/.m2/repository/javax/xml/bind/jaxb-api/2.3.0/jaxb-api-2.3.0.jar:/home/user/.m2/repository/javax/activation/activation/1.1.1/activation-1.1.1.jar:/home/user/.m2/repository/org/apache/hadoop/hadoop-ozone-csi/0.5.0-SNAPSHOT/hadoop-ozone-csi-0.5.0-SNAPSHOT.jar:/home/user/.m2/repository/com/google/protobuf/protobuf-java-util/3.5.1/protobuf-java-util-3.5.1.jar:/home/user/.m2/repository/org/apache/hadoop/hadoop-hdds-config/0.5.0-SNAPSHOT/hadoop-hdds-config-0.5.0-SNAPSHOT.jar:/home/user/.m2/repository/io/grpc/grpc-netty/1.17.1/grpc-netty-1.17.1.jar:/home/user/.m2/repository/io/grpc/grpc-core/1.17.1/grpc-core-1.17.1.jar:/home/user/.m2/repository/io/grpc/grpc-context/1.17.1/grpc-context-1.17.1.jar:/home/user/.m2/repository/com/google/errorprone/error_prone_annotations/2.2.0/error_prone_annotations-2.2.0.jar:/home/user/.m2/repository/org/codehaus/mojo/animal-sniffer-annotations/1.17/animal-sniffer-annotations-1.17.jar:/home/user/.m2/repository/io/opencensus/opencensus-api/0.17.0/opencensus-api-0.17.0.jar:/home/user/.m2/repository/io/opencensus/opencensus-contrib-grpc-metrics/0.17.0/opencensus-contrib-grpc-metrics-0.17.0.jar:/home/user/.m2/repository/io/netty/netty-codec-http2/4.1.30.Final/netty-codec-http2-4.1.30.Final.jar:/home/user/.m2/repository/io/netty/netty-codec-http/4.1.30.Final/netty-codec-http-4.1.30.Final.jar:/home/user/.m2/repository/io/netty/netty-codec/4.1.30.Final/netty-codec-4.1.30.Final.jar:/home/user/.m2/repository/io/netty/netty-handler/4.1.30.Final/netty-handler-4.1.30.Final.jar:/home/user/.m2/repository/io/netty/netty-handler-proxy/4.1.30.Final/netty-handler-proxy-4.1.30.Final.jar:/home/user/.m2/repository/io/netty/netty-codec-socks/4.1.30.Final/netty-codec-socks-4.1.30.Final.jar:/home/user/.m2/repository/io/netty/netty-transport-native-epoll/4.1.30.Final/netty-transport-native-epoll-4.1.30.Final.jar:/home/user/.m2/repository/io/netty/netty-common/4.1.30.Final/netty-common-4.1.30.Final.jar:/home/user/.m2/repository/io/netty/netty-buffer/4.1.30.Final/netty-buffer-4.1.30.Final.jar:/home/user/.m2/repository/io/netty/netty-transport/4.1.30.Final/netty-transport-4.1.30.Final.jar:/home/user/.m2/repository/io/netty/netty-resolver/4.1.30.Final/netty-resolver-4.1.30.Final.jar:/home/user/.m2/repository/io/netty/netty-transport-native-unix-common/4.1.30.Final/netty-transport-native-unix-common-4.1.30.Final.jar:/home/user/.m2/repository/io/grpc/grpc-protobuf/1.17.1/grpc-protobuf-1.17.1.jar:/home/user/.m2/repository/com/google/api/grpc/proto-google-common-protos/1.0.0/proto-google-common-protos-1.0.0.jar:/home/user/.m2/repository/io/grpc/grpc-protobuf-lite/1.17.1/grpc-protobuf-lite-1.17.1.jar:/home/user/.m2/repository/io/grpc/grpc-stub/1.17.1/grpc-stub-1.17.1.jar:/home/user/.m2/repository/org/apache/hadoop/hadoop-ozone-recon/0.5.0-SNAPSHOT/hadoop-ozone-recon-0.5.0-SNAPSHOT.jar:/home/user/.m2/repository/org/apache/hadoop/hadoop-ozone-reconcodegen/0.5.0-SNAPSHOT/hadoop-ozone-reconcodegen-0.5.0-SNAPSHOT.jar:/home/user/.m2/repository/com/google/inject/extensions/guice-multibindings/4.0/guice-multibindings-4.0.jar:/home/user/.m2/repository/com/google/inject/guice/4.0/guice-4.0.jar:/home/user/.m2/repository/aopalliance/aopalliance/1.0/aopalliance-1.0.jar:/home/user/.m2/repository/com/google/inject/extensions/guice-servlet/4.0/guice-servlet-4.0.jar:/home/user/.m2/repository/org/glassfish/jersey/containers/jersey-container-servlet/2.27/jersey-container-servlet-2.27.jar:/home/user/.m2/repository/org/glassfish/hk2/guice-bridge/2.5.0/guice-bridge-2.5.0.jar:/home/user/.m2/repository/org/glassfish/jersey/core/jersey-server/2.27/jersey-server-2.27.jar:/home/user/.m2/repository/org/glassfish/jersey/core/jersey-client/2.27/jersey-client-2.27.jar:/home/user/.m2/repository/org/glassfish/jersey/media/jersey-media-jaxb/2.27/jersey-media-jaxb-2.27.jar:/home/user/.m2/repository/javax/validation/validation-api/1.1.0.Final/validation-api-1.1.0.Final.jar:/home/user/.m2/repository/org/glassfish/jersey/media/jersey-media-json-jackson/2.27/jersey-media-json-jackson-2.27.jar:/home/user/.m2/repository/org/glassfish/jersey/ext/jersey-entity-filtering/2.27/jersey-entity-filtering-2.27.jar:/home/user/.m2/repository/com/google/inject/extensions/guice-assistedinject/4.0/guice-assistedinject-4.0.jar:/home/user/.m2/repository/org/jooq/jooq/3.11.10/jooq-3.11.10.jar:/home/user/.m2/repository/org/jooq/jooq-meta/3.11.10/jooq-meta-3.11.10.jar:/home/user/.m2/repository/org/jooq/jooq-codegen/3.11.10/jooq-codegen-3.11.10.jar:/home/user/.m2/repository/com/jolbox/bonecp/0.8.0.RELEASE/bonecp-0.8.0.RELEASE.jar:/home/user/.m2/repository/org/xerial/sqlite-jdbc/3.25.2/sqlite-jdbc-3.25.2.jar:/home/user/.m2/repository/org/springframework/spring-jdbc/5.1.3.RELEASE/spring-jdbc-5.1.3.RELEASE.jar:/home/user/.m2/repository/org/springframework/spring-beans/5.1.3.RELEASE/spring-beans-5.1.3.RELEASE.jar:/home/user/.m2/repository/org/springframework/spring-core/5.1.3.RELEASE/spring-core-5.1.3.RELEASE.jar:/home/user/.m2/repository/org/springframework/spring-jcl/5.1.3.RELEASE/spring-jcl-5.1.3.RELEASE.jar:/home/user/.m2/repository/org/springframework/spring-tx/5.1.3.RELEASE/spring-tx-5.1.3.RELEASE.jar:/home/user/.m2/repository/org/apache/hadoop/hadoop-ozone-client/0.5.0-SNAPSHOT/hadoop-ozone-client-0.5.0-SNAPSHOT.jar:/home/user/.m2/repository/commons-lang/commons-lang/2.6/commons-lang-2.6.jar:/home/user/.m2/repository/org/apache/hadoop/hadoop-ozone-ozone-manager/0.5.0-SNAPSHOT/hadoop-ozone-ozone-manager-0.5.0-SNAPSHOT-tests.jar:/home/user/.m2/repository/junit/junit/4.11/junit-4.11.jar:/home/user/.m2/repository/org/hamcrest/hamcrest-core/1.3/hamcrest-core-1.3.jar:/home/user/.m2/repository/org/openjdk/jmh/jmh-core/1.19/jmh-core-1.19.jar:/home/user/.m2/repository/net/sf/jopt-simple/jopt-simple/4.6/jopt-simple-4.6.jar:/home/user/.m2/repository/org/apache/commons/commons-math3/3.1.1/commons-math3-3.1.1.jar:/home/user/.m2/repository/org/openjdk/jmh/jmh-generator-annprocess/1.19/jmh-generator-annprocess-1.19.jar:/home/user/.m2/repository/org/mockito/mockito-all/1.8.5/mockito-all-1.8.5.jar:/home/user/.m2/repository/org/apache/hadoop/hadoop-kms/3.2.0/hadoop-kms-3.2.0.jar:/home/user/.m2/repository/org/apache/hadoop/hadoop-auth/3.2.0/hadoop-auth-3.2.0.jar:/home/user/.m2/repository/com/nimbusds/nimbus-jose-jwt/4.41.1/nimbus-jose-jwt-4.41.1.jar:/home/user/.m2/repository/com/github/stephenc/jcip/jcip-annotations/1.0-1/jcip-annotations-1.0-1.jar:/home/user/.m2/repository/net/minidev/json-smart/2.3/json-smart-2.3.jar:/home/user/.m2/repository/net/minidev/accessors-smart/1.2/accessors-smart-1.2.jar:/home/user/.m2/repository/org/ow2/asm/asm/5.0.4/asm-5.0.4.jar:/home/user/.m2/repository/org/apache/curator/curator-framework/2.12.0/curator-framework-2.12.0.jar:/home/user/.m2/repository/com/sun/jersey/jersey-core/1.19/jersey-core-1.19.jar:/home/user/.m2/repository/javax/ws/rs/jsr311-api/1.1.1/jsr311-api-1.1.1.jar:/home/user/.m2/repository/com/sun/jersey/jersey-server/1.19/jersey-server-1.19.jar:/home/user/.m2/repository/javax/servlet/javax.servlet-api/3.1.0/javax.servlet-api-3.1.0.jar:/home/user/.m2/repository/org/eclipse/jetty/jetty-server/9.3.25.v20180904/jetty-server-9.3.25.v20180904.jar:/home/user/.m2/repository/org/eclipse/jetty/jetty-http/9.3.25.v20180904/jetty-http-9.3.25.v20180904.jar:/home/user/.m2/repository/org/eclipse/jetty/jetty-io/9.3.25.v20180904/jetty-io-9.3.25.v20180904.jar:/home/user/.m2/repository/org/eclipse/jetty/jetty-webapp/9.3.25.v20180904/jetty-webapp-9.3.25.v20180904.jar:/home/user/.m2/repository/org/eclipse/jetty/jetty-xml/9.3.25.v20180904/jetty-xml-9.3.25.v20180904.jar:/home/user/.m2/repository/log4j/log4j/1.2.17/log4j-1.2.17.jar:/home/user/.m2/repository/org/slf4j/slf4j-api/1.7.25/slf4j-api-1.7.25.jar:/home/user/.m2/repository/org/slf4j/jul-to-slf4j/1.7.25/jul-to-slf4j-1.7.25.jar:/home/user/.m2/repository/org/eclipse/jetty/jetty-util/9.3.25.v20180904/jetty-util-9.3.25.v20180904.jar:/home/user/.m2/repository/com/fasterxml/jackson/core/jackson-databind/2.9.9/jackson-databind-2.9.9.jar:/home/user/.m2/repository/org/apache/hadoop/hadoop-kms/3.2.0/hadoop-kms-3.2.0-tests.jar:/home/user/.m2/repository/org/apache/hadoop/hadoop-hdds-server-scm/0.5.0-SNAPSHOT/hadoop-hdds-server-scm-0.5.0-SNAPSHOT-tests.jar:/home/user/.m2/repository/org/apache/hadoop/hadoop-hdds-container-service/0.5.0-SNAPSHOT/hadoop-hdds-container-service-0.5.0-SNAPSHOT-tests.jar:/home/user/.m2/repository/org/yaml/snakeyaml/1.16/snakeyaml-1.16.jar:/home/user/.m2/repository/org/apache/hadoop/hadoop-common/3.2.0/hadoop-common-3.2.0-tests.jar:/home/user/.m2/repository/org/apache/hadoop/hadoop-annotations/3.2.0/hadoop-annotations-3.2.0.jar:/usr/lib/jvm/java-1.8.0-openjdk-1.8.0.222.b10-1.el7_7.x86_64/jre/../lib/tools.jar:/home/user/.m2/repository/commons-cli/commons-cli/1.2/commons-cli-1.2.jar:/home/user/.m2/repository/org/apache/httpcomponents/httpclient/4.5.2/httpclient-4.5.2.jar:/home/user/.m2/repository/org/apache/httpcomponents/httpcore/4.4.4/httpcore-4.4.4.jar:/home/user/.m2/repository/commons-codec/commons-codec/1.11/commons-codec-1.11.jar:/home/user/.m2/repository/commons-net/commons-net/3.6/commons-net-3.6.jar:/home/user/.m2/repository/commons-collections/commons-collections/3.2.2/commons-collections-3.2.2.jar:/home/user/.m2/repository/org/eclipse/jetty/jetty-servlet/9.3.25.v20180904/jetty-servlet-9.3.25.v20180904.jar:/home/user/.m2/repository/org/eclipse/jetty/jetty-security/9.3.25.v20180904/jetty-security-9.3.25.v20180904.jar:/home/user/.m2/repository/javax/servlet/jsp/jsp-api/2.1/jsp-api-2.1.jar:/home/user/.m2/repository/com/sun/jersey/jersey-servlet/1.19/jersey-servlet-1.19.jar:/home/user/.m2/repository/com/sun/jersey/jersey-json/1.19/jersey-json-1.19.jar:/home/user/.m2/repository/org/codehaus/jettison/jettison/1.1/jettison-1.1.jar:/home/user/.m2/repository/org/codehaus/jackson/jackson-core-asl/1.9.13/jackson-core-asl-1.9.13.jar:/home/user/.m2/repository/org/codehaus/jackson/jackson-mapper-asl/1.9.13/jackson-mapper-asl-1.9.13.jar:/home/user/.m2/repository/org/codehaus/jackson/jackson-jaxrs/1.9.13/jackson-jaxrs-1.9.13.jar:/home/user/.m2/repository/org/codehaus/jackson/jackson-xc/1.9.13/jackson-xc-1.9.13.jar:/home/user/.m2/repository/commons-logging/commons-logging/1.1.3/commons-logging-1.1.3.jar:/home/user/.m2/repository/commons-beanutils/commons-beanutils/1.9.4/commons-beanutils-1.9.4.jar:/home/user/.m2/repository/org/apache/commons/commons-configuration2/2.1.1/commons-configuration2-2.1.1.jar:/home/user/.m2/repository/org/apache/commons/commons-lang3/3.7/commons-lang3-3.7.jar:/home/user/.m2/repository/org/apache/commons/commons-text/1.4/commons-text-1.4.jar:/home/user/.m2/repository/org/apache/avro/avro/1.7.7/avro-1.7.7.jar:/home/user/.m2/repository/com/thoughtworks/paranamer/paranamer/2.3/paranamer-2.3.jar:/home/user/.m2/repository/org/xerial/snappy/snappy-java/1.0.5/snappy-java-1.0.5.jar:/home/user/.m2/repository/com/google/re2j/re2j/1.1/re2j-1.1.jar:/home/user/.m2/repository/com/google/code/gson/gson/2.2.4/gson-2.2.4.jar:/home/user/.m2/repository/com/jcraft/jsch/0.1.54/jsch-0.1.54.jar:/home/user/.m2/repository/org/apache/curator/curator-client/2.12.0/curator-client-2.12.0.jar:/home/user/.m2/repository/org/apache/curator/curator-recipes/2.12.0/curator-recipes-2.12.0.jar:/home/user/.m2/repository/com/google/code/findbugs/jsr305/3.0.0/jsr305-3.0.0.jar:/home/user/.m2/repository/org/apache/htrace/htrace-core4/4.1.0-incubating/htrace-core4-4.1.0-incubating.jar:/home/user/.m2/repository/org/apache/zookeeper/zookeeper/3.4.13/zookeeper-3.4.13.jar:/home/user/.m2/repository/jline/jline/0.9.94/jline-0.9.94.jar:/home/user/.m2/repository/org/apache/yetus/audience-annotations/0.5.0/audience-annotations-0.5.0.jar:/home/user/.m2/repository/org/codehaus/woodstox/stax2-api/3.1.4/stax2-api-3.1.4.jar:/home/user/.m2/repository/com/fasterxml/woodstox/woodstox-core/5.0.3/woodstox-core-5.0.3.jar:/home/user/.m2/repository/dnsjava/dnsjava/2.1.7/dnsjava-2.1.7.jar:/home/user/.m2/repository/org/apache/hadoop/hadoop-hdfs/3.2.0/hadoop-hdfs-3.2.0-tests.jar:/home/user/.m2/repository/org/eclipse/jetty/jetty-util-ajax/9.3.25.v20180904/jetty-util-ajax-9.3.25.v20180904.jar:/home/user/.m2/repository/commons-daemon/commons-daemon/1.0.13/commons-daemon-1.0.13.jar:/home/user/.m2/repository/io/netty/netty/3.10.5.Final/netty-3.10.5.Final.jar:/home/user/.m2/repository/io/netty/netty-all/4.0.52.Final/netty-all-4.0.52.Final.jar:/home/user/.m2/repository/org/fusesource/leveldbjni/leveldbjni-all/1.8/leveldbjni-all-1.8.jar:"/>
    <property name="java.vm.vendor" value="Oracle Corporation"/>
    <property name="sun.arch.data.model" value="64"/>
    <property name="test.build.dir" value="/workdir/hadoop-ozone/integration-test/target/test-dir"/>
    <property name="test.cache.data" value=""/>
    <property name="java.vendor.url" value="http://java.oracle.com/"/>
    <property name="user.timezone" value=""/>
    <property name="java.vm.specification.version" value="1.8"/>
    <property name="os.name" value="Linux"/>
    <property name="test.build.data" value="/workdir/hadoop-ozone/integration-test/target/test-dir"/>
    <property name="user.country" value="US"/>
    <property name="sun.java.launcher" value="SUN_STANDARD"/>
    <property name="sun.boot.library.path" value="/usr/lib/jvm/java-1.8.0-openjdk-1.8.0.222.b10-1.el7_7.x86_64/jre/lib/amd64"/>
    <property name="sun.java.command" value="/workdir/hadoop-ozone/integration-test/target/surefire/surefirebooter4879015838668060324.jar /workdir/hadoop-ozone/integration-test/target/surefire 2019-10-21T23-37-56_373-jvmRun1 surefire5058524676105362392tmp surefire_361320609873998475804tmp"/>
    <property name="surefire.test.class.path" value="/workdir/hadoop-ozone/integration-test/target/test-classes:/workdir/hadoop-ozone/integration-test/target/classes:/home/user/.m2/repository/org/apache/hadoop/hadoop-ozone-common/0.5.0-SNAPSHOT/hadoop-ozone-common-0.5.0-SNAPSHOT.jar:/home/user/.m2/repository/org/apache/commons/commons-compress/1.4.1/commons-compress-1.4.1.jar:/home/user/.m2/repository/org/tukaani/xz/1.0/xz-1.0.jar:/home/user/.m2/repository/org/apache/hadoop/hadoop-common/3.2.0/hadoop-common-3.2.0.jar:/home/user/.m2/repository/org/apache/hadoop/hadoop-hdfs/3.2.0/hadoop-hdfs-3.2.0.jar:/home/user/.m2/repository/org/apache/hadoop/hadoop-hdfs-client/3.2.0/hadoop-hdfs-client-3.2.0.jar:/home/user/.m2/repository/com/fasterxml/jackson/core/jackson-annotations/2.9.9/jackson-annotations-2.9.9.jar:/home/user/.m2/repository/org/apache/hadoop/hadoop-hdds-common/0.5.0-SNAPSHOT/hadoop-hdds-common-0.5.0-SNAPSHOT.jar:/home/user/.m2/repository/javax/annotation/javax.annotation-api/1.2/javax.annotation-api-1.2.jar:/home/user/.m2/repository/org/apache/ratis/ratis-server/0.5.0-3f446aa-SNAPSHOT/ratis-server-0.5.0-3f446aa-SNAPSHOT.jar:/home/user/.m2/repository/org/apache/ratis/ratis-thirdparty-misc/0.2.0/ratis-thirdparty-misc-0.2.0.jar:/home/user/.m2/repository/org/apache/ratis/ratis-proto/0.5.0-3f446aa-SNAPSHOT/ratis-proto-0.5.0-3f446aa-SNAPSHOT.jar:/home/user/.m2/repository/org/apache/ratis/ratis-common/0.5.0-3f446aa-SNAPSHOT/ratis-common-0.5.0-3f446aa-SNAPSHOT.jar:/home/user/.m2/repository/org/apache/ratis/ratis-client/0.5.0-3f446aa-SNAPSHOT/ratis-client-0.5.0-3f446aa-SNAPSHOT.jar:/home/user/.m2/repository/org/apache/ratis/ratis-metrics/0.5.0-3f446aa-SNAPSHOT/ratis-metrics-0.5.0-3f446aa-SNAPSHOT.jar:/home/user/.m2/repository/com/github/joshelser/dropwizard-metrics-hadoop-metrics2-reporter/0.1.2/dropwizard-metrics-hadoop-metrics2-reporter-0.1.2.jar:/home/user/.m2/repository/io/dropwizard/metrics/metrics-jvm/3.2.5/metrics-jvm-3.2.5.jar:/home/user/.m2/repository/io/dropwizard/metrics/metrics-ganglia/3.2.5/metrics-ganglia-3.2.5.jar:/home/user/.m2/repository/info/ganglia/gmetric4j/gmetric4j/1.0.7/gmetric4j-1.0.7.jar:/home/user/.m2/repository/org/apache/ratis/ratis-netty/0.5.0-3f446aa-SNAPSHOT/ratis-netty-0.5.0-3f446aa-SNAPSHOT.jar:/home/user/.m2/repository/org/apache/ratis/ratis-grpc/0.5.0-3f446aa-SNAPSHOT/ratis-grpc-0.5.0-3f446aa-SNAPSHOT.jar:/home/user/.m2/repository/org/rocksdb/rocksdbjni/6.0.1/rocksdbjni-6.0.1.jar:/home/user/.m2/repository/org/apache/logging/log4j/log4j-api/2.11.0/log4j-api-2.11.0.jar:/home/user/.m2/repository/org/apache/logging/log4j/log4j-core/2.11.0/log4j-core-2.11.0.jar:/home/user/.m2/repository/com/lmax/disruptor/3.4.2/disruptor-3.4.2.jar:/home/user/.m2/repository/org/apache/commons/commons-pool2/2.6.0/commons-pool2-2.6.0.jar:/home/user/.m2/repository/org/bouncycastle/bcpkix-jdk15on/1.60/bcpkix-jdk15on-1.60.jar:/home/user/.m2/repository/commons-validator/commons-validator/1.6/commons-validator-1.6.jar:/home/user/.m2/repository/commons-digester/commons-digester/1.8.1/commons-digester-1.8.1.jar:/home/user/.m2/repository/io/jaegertracing/jaeger-client/0.34.0/jaeger-client-0.34.0.jar:/home/user/.m2/repository/io/jaegertracing/jaeger-thrift/0.34.0/jaeger-thrift-0.34.0.jar:/home/user/.m2/repository/org/apache/thrift/libthrift/0.12.0/libthrift-0.12.0.jar:/home/user/.m2/repository/com/squareup/okhttp3/okhttp/3.9.0/okhttp-3.9.0.jar:/home/user/.m2/repository/com/squareup/okio/okio/1.13.0/okio-1.13.0.jar:/home/user/.m2/repository/io/jaegertracing/jaeger-core/0.34.0/jaeger-core-0.34.0.jar:/home/user/.m2/repository/io/jaegertracing/jaeger-tracerresolver/0.34.0/jaeger-tracerresolver-0.34.0.jar:/home/user/.m2/repository/io/opentracing/contrib/opentracing-tracerresolver/0.1.5/opentracing-tracerresolver-0.1.5.jar:/home/user/.m2/repository/io/opentracing/opentracing-util/0.31.0/opentracing-util-0.31.0.jar:/home/user/.m2/repository/io/opentracing/opentracing-api/0.31.0/opentracing-api-0.31.0.jar:/home/user/.m2/repository/io/opentracing/opentracing-noop/0.31.0/opentracing-noop-0.31.0.jar:/home/user/.m2/repository/org/apache/hadoop/hadoop-hdds-server-framework/0.5.0-SNAPSHOT/hadoop-hdds-server-framework-0.5.0-SNAPSHOT.jar:/home/user/.m2/repository/org/apache/hadoop/hadoop-hdds-container-service/0.5.0-SNAPSHOT/hadoop-hdds-container-service-0.5.0-SNAPSHOT.jar:/home/user/.m2/repository/org/apache/hadoop/hadoop-hdds-client/0.5.0-SNAPSHOT/hadoop-hdds-client-0.5.0-SNAPSHOT.jar:/home/user/.m2/repository/org/apache/hadoop/hadoop-hdds-tools/0.5.0-SNAPSHOT/hadoop-hdds-tools-0.5.0-SNAPSHOT.jar:/home/user/.m2/repository/org/apache/hadoop/hadoop-hdds-server-scm/0.5.0-SNAPSHOT/hadoop-hdds-server-scm-0.5.0-SNAPSHOT.jar:/home/user/.m2/repository/org/apache/hadoop/hadoop-hdds-docs/0.5.0-SNAPSHOT/hadoop-hdds-docs-0.5.0-SNAPSHOT.jar:/home/user/.m2/repository/io/dropwizard/metrics/metrics-core/3.2.4/metrics-core-3.2.4.jar:/home/user/.m2/repository/org/hamcrest/hamcrest-all/1.3/hamcrest-all-1.3.jar:/home/user/.m2/repository/org/bouncycastle/bcprov-jdk15on/1.60/bcprov-jdk15on-1.60.jar:/home/user/.m2/repository/info/picocli/picocli/3.9.6/picocli-3.9.6.jar:/home/user/.m2/repository/com/google/protobuf/protobuf-java/2.5.0/protobuf-java-2.5.0.jar:/home/user/.m2/repository/com/google/guava/guava/11.0.2/guava-11.0.2.jar:/home/user/.m2/repository/org/apache/hadoop/hadoop-ozone-ozone-manager/0.5.0-SNAPSHOT/hadoop-ozone-ozone-manager-0.5.0-SNAPSHOT.jar:/home/user/.m2/repository/org/apache/hadoop/hadoop-minikdc/3.2.0/hadoop-minikdc-3.2.0.jar:/home/user/.m2/repository/commons-io/commons-io/2.5/commons-io-2.5.jar:/home/user/.m2/repository/org/apache/kerby/kerb-simplekdc/1.0.1/kerb-simplekdc-1.0.1.jar:/home/user/.m2/repository/org/apache/kerby/kerb-client/1.0.1/kerb-client-1.0.1.jar:/home/user/.m2/repository/org/apache/kerby/kerby-config/1.0.1/kerby-config-1.0.1.jar:/home/user/.m2/repository/org/apache/kerby/kerb-core/1.0.1/kerb-core-1.0.1.jar:/home/user/.m2/repository/org/apache/kerby/kerby-pkix/1.0.1/kerby-pkix-1.0.1.jar:/home/user/.m2/repository/org/apache/kerby/kerby-asn1/1.0.1/kerby-asn1-1.0.1.jar:/home/user/.m2/repository/org/apache/kerby/kerby-util/1.0.1/kerby-util-1.0.1.jar:/home/user/.m2/repository/org/apache/kerby/kerb-common/1.0.1/kerb-common-1.0.1.jar:/home/user/.m2/repository/org/apache/kerby/kerb-crypto/1.0.1/kerb-crypto-1.0.1.jar:/home/user/.m2/repository/org/apache/kerby/kerb-util/1.0.1/kerb-util-1.0.1.jar:/home/user/.m2/repository/org/apache/kerby/token-provider/1.0.1/token-provider-1.0.1.jar:/home/user/.m2/repository/org/apache/kerby/kerb-admin/1.0.1/kerb-admin-1.0.1.jar:/home/user/.m2/repository/org/apache/kerby/kerb-server/1.0.1/kerb-server-1.0.1.jar:/home/user/.m2/repository/org/apache/kerby/kerb-identity/1.0.1/kerb-identity-1.0.1.jar:/home/user/.m2/repository/org/apache/kerby/kerby-xdr/1.0.1/kerby-xdr-1.0.1.jar:/home/user/.m2/repository/org/slf4j/slf4j-log4j12/1.7.25/slf4j-log4j12-1.7.25.jar:/home/user/.m2/repository/org/apache/hadoop/hadoop-ozone-s3gateway/0.5.0-SNAPSHOT/hadoop-ozone-s3gateway-0.5.0-SNAPSHOT.jar:/home/user/.m2/repository/org/jboss/weld/servlet/weld-servlet/2.4.7.Final/weld-servlet-2.4.7.Final.jar:/home/user/.m2/repository/org/glassfish/jersey/containers/jersey-container-servlet-core/2.27/jersey-container-servlet-core-2.27.jar:/home/user/.m2/repository/org/glassfish/hk2/external/javax.inject/2.5.0-b42/javax.inject-2.5.0-b42.jar:/home/user/.m2/repository/org/glassfish/jersey/core/jersey-common/2.27/jersey-common-2.27.jar:/home/user/.m2/repository/org/glassfish/hk2/osgi-resource-locator/1.0.1/osgi-resource-locator-1.0.1.jar:/home/user/.m2/repository/javax/ws/rs/javax.ws.rs-api/2.1/javax.ws.rs-api-2.1.jar:/home/user/.m2/repository/org/glassfish/jersey/ext/cdi/jersey-cdi1x/2.27/jersey-cdi1x-2.27.jar:/home/user/.m2/repository/org/glassfish/jersey/inject/jersey-hk2/2.27/jersey-hk2-2.27.jar:/home/user/.m2/repository/org/glassfish/hk2/hk2-locator/2.5.0-b42/hk2-locator-2.5.0-b42.jar:/home/user/.m2/repository/org/javassist/javassist/3.22.0-CR2/javassist-3.22.0-CR2.jar:/home/user/.m2/repository/org/glassfish/hk2/hk2-api/2.5.0/hk2-api-2.5.0.jar:/home/user/.m2/repository/org/glassfish/hk2/external/jakarta.inject/2.5.0/jakarta.inject-2.5.0.jar:/home/user/.m2/repository/org/glassfish/hk2/hk2-utils/2.5.0/hk2-utils-2.5.0.jar:/home/user/.m2/repository/jakarta/annotation/jakarta.annotation-api/1.3.4/jakarta.annotation-api-1.3.4.jar:/home/user/.m2/repository/org/glassfish/hk2/external/aopalliance-repackaged/2.5.0/aopalliance-repackaged-2.5.0.jar:/home/user/.m2/repository/com/fasterxml/jackson/dataformat/jackson-dataformat-xml/2.9.0/jackson-dataformat-xml-2.9.0.jar:/home/user/.m2/repository/com/fasterxml/jackson/core/jackson-core/2.9.9/jackson-core-2.9.9.jar:/home/user/.m2/repository/com/fasterxml/jackson/module/jackson-module-jaxb-annotations/2.9.9/jackson-module-jaxb-annotations-2.9.9.jar:/home/user/.m2/repository/javax/enterprise/cdi-api/1.2/cdi-api-1.2.jar:/home/user/.m2/repository/javax/el/javax.el-api/3.0.0/javax.el-api-3.0.0.jar:/home/user/.m2/repository/javax/interceptor/javax.interceptor-api/1.2/javax.interceptor-api-1.2.jar:/home/user/.m2/repository/javax/inject/javax.inject/1/javax.inject-1.jar:/home/user/.m2/repository/com/sun/xml/bind/jaxb-impl/2.3.0.1/jaxb-impl-2.3.0.1.jar:/home/user/.m2/repository/com/sun/xml/bind/jaxb-core/2.3.0.1/jaxb-core-2.3.0.1.jar:/home/user/.m2/repository/javax/xml/bind/jaxb-api/2.3.0/jaxb-api-2.3.0.jar:/home/user/.m2/repository/javax/activation/activation/1.1.1/activation-1.1.1.jar:/home/user/.m2/repository/org/apache/hadoop/hadoop-ozone-csi/0.5.0-SNAPSHOT/hadoop-ozone-csi-0.5.0-SNAPSHOT.jar:/home/user/.m2/repository/com/google/protobuf/protobuf-java-util/3.5.1/protobuf-java-util-3.5.1.jar:/home/user/.m2/repository/org/apache/hadoop/hadoop-hdds-config/0.5.0-SNAPSHOT/hadoop-hdds-config-0.5.0-SNAPSHOT.jar:/home/user/.m2/repository/io/grpc/grpc-netty/1.17.1/grpc-netty-1.17.1.jar:/home/user/.m2/repository/io/grpc/grpc-core/1.17.1/grpc-core-1.17.1.jar:/home/user/.m2/repository/io/grpc/grpc-context/1.17.1/grpc-context-1.17.1.jar:/home/user/.m2/repository/com/google/errorprone/error_prone_annotations/2.2.0/error_prone_annotations-2.2.0.jar:/home/user/.m2/repository/org/codehaus/mojo/animal-sniffer-annotations/1.17/animal-sniffer-annotations-1.17.jar:/home/user/.m2/repository/io/opencensus/opencensus-api/0.17.0/opencensus-api-0.17.0.jar:/home/user/.m2/repository/io/opencensus/opencensus-contrib-grpc-metrics/0.17.0/opencensus-contrib-grpc-metrics-0.17.0.jar:/home/user/.m2/repository/io/netty/netty-codec-http2/4.1.30.Final/netty-codec-http2-4.1.30.Final.jar:/home/user/.m2/repository/io/netty/netty-codec-http/4.1.30.Final/netty-codec-http-4.1.30.Final.jar:/home/user/.m2/repository/io/netty/netty-codec/4.1.30.Final/netty-codec-4.1.30.Final.jar:/home/user/.m2/repository/io/netty/netty-handler/4.1.30.Final/netty-handler-4.1.30.Final.jar:/home/user/.m2/repository/io/netty/netty-handler-proxy/4.1.30.Final/netty-handler-proxy-4.1.30.Final.jar:/home/user/.m2/repository/io/netty/netty-codec-socks/4.1.30.Final/netty-codec-socks-4.1.30.Final.jar:/home/user/.m2/repository/io/netty/netty-transport-native-epoll/4.1.30.Final/netty-transport-native-epoll-4.1.30.Final.jar:/home/user/.m2/repository/io/netty/netty-common/4.1.30.Final/netty-common-4.1.30.Final.jar:/home/user/.m2/repository/io/netty/netty-buffer/4.1.30.Final/netty-buffer-4.1.30.Final.jar:/home/user/.m2/repository/io/netty/netty-transport/4.1.30.Final/netty-transport-4.1.30.Final.jar:/home/user/.m2/repository/io/netty/netty-resolver/4.1.30.Final/netty-resolver-4.1.30.Final.jar:/home/user/.m2/repository/io/netty/netty-transport-native-unix-common/4.1.30.Final/netty-transport-native-unix-common-4.1.30.Final.jar:/home/user/.m2/repository/io/grpc/grpc-protobuf/1.17.1/grpc-protobuf-1.17.1.jar:/home/user/.m2/repository/com/google/api/grpc/proto-google-common-protos/1.0.0/proto-google-common-protos-1.0.0.jar:/home/user/.m2/repository/io/grpc/grpc-protobuf-lite/1.17.1/grpc-protobuf-lite-1.17.1.jar:/home/user/.m2/repository/io/grpc/grpc-stub/1.17.1/grpc-stub-1.17.1.jar:/home/user/.m2/repository/org/apache/hadoop/hadoop-ozone-recon/0.5.0-SNAPSHOT/hadoop-ozone-recon-0.5.0-SNAPSHOT.jar:/home/user/.m2/repository/org/apache/hadoop/hadoop-ozone-reconcodegen/0.5.0-SNAPSHOT/hadoop-ozone-reconcodegen-0.5.0-SNAPSHOT.jar:/home/user/.m2/repository/com/google/inject/extensions/guice-multibindings/4.0/guice-multibindings-4.0.jar:/home/user/.m2/repository/com/google/inject/guice/4.0/guice-4.0.jar:/home/user/.m2/repository/aopalliance/aopalliance/1.0/aopalliance-1.0.jar:/home/user/.m2/repository/com/google/inject/extensions/guice-servlet/4.0/guice-servlet-4.0.jar:/home/user/.m2/repository/org/glassfish/jersey/containers/jersey-container-servlet/2.27/jersey-container-servlet-2.27.jar:/home/user/.m2/repository/org/glassfish/hk2/guice-bridge/2.5.0/guice-bridge-2.5.0.jar:/home/user/.m2/repository/org/glassfish/jersey/core/jersey-server/2.27/jersey-server-2.27.jar:/home/user/.m2/repository/org/glassfish/jersey/core/jersey-client/2.27/jersey-client-2.27.jar:/home/user/.m2/repository/org/glassfish/jersey/media/jersey-media-jaxb/2.27/jersey-media-jaxb-2.27.jar:/home/user/.m2/repository/javax/validation/validation-api/1.1.0.Final/validation-api-1.1.0.Final.jar:/home/user/.m2/repository/org/glassfish/jersey/media/jersey-media-json-jackson/2.27/jersey-media-json-jackson-2.27.jar:/home/user/.m2/repository/org/glassfish/jersey/ext/jersey-entity-filtering/2.27/jersey-entity-filtering-2.27.jar:/home/user/.m2/repository/com/google/inject/extensions/guice-assistedinject/4.0/guice-assistedinject-4.0.jar:/home/user/.m2/repository/org/jooq/jooq/3.11.10/jooq-3.11.10.jar:/home/user/.m2/repository/org/jooq/jooq-meta/3.11.10/jooq-meta-3.11.10.jar:/home/user/.m2/repository/org/jooq/jooq-codegen/3.11.10/jooq-codegen-3.11.10.jar:/home/user/.m2/repository/com/jolbox/bonecp/0.8.0.RELEASE/bonecp-0.8.0.RELEASE.jar:/home/user/.m2/repository/org/xerial/sqlite-jdbc/3.25.2/sqlite-jdbc-3.25.2.jar:/home/user/.m2/repository/org/springframework/spring-jdbc/5.1.3.RELEASE/spring-jdbc-5.1.3.RELEASE.jar:/home/user/.m2/repository/org/springframework/spring-beans/5.1.3.RELEASE/spring-beans-5.1.3.RELEASE.jar:/home/user/.m2/repository/org/springframework/spring-core/5.1.3.RELEASE/spring-core-5.1.3.RELEASE.jar:/home/user/.m2/repository/org/springframework/spring-jcl/5.1.3.RELEASE/spring-jcl-5.1.3.RELEASE.jar:/home/user/.m2/repository/org/springframework/spring-tx/5.1.3.RELEASE/spring-tx-5.1.3.RELEASE.jar:/home/user/.m2/repository/org/apache/hadoop/hadoop-ozone-client/0.5.0-SNAPSHOT/hadoop-ozone-client-0.5.0-SNAPSHOT.jar:/home/user/.m2/repository/commons-lang/commons-lang/2.6/commons-lang-2.6.jar:/home/user/.m2/repository/org/apache/hadoop/hadoop-ozone-ozone-manager/0.5.0-SNAPSHOT/hadoop-ozone-ozone-manager-0.5.0-SNAPSHOT-tests.jar:/home/user/.m2/repository/junit/junit/4.11/junit-4.11.jar:/home/user/.m2/repository/org/hamcrest/hamcrest-core/1.3/hamcrest-core-1.3.jar:/home/user/.m2/repository/org/openjdk/jmh/jmh-core/1.19/jmh-core-1.19.jar:/home/user/.m2/repository/net/sf/jopt-simple/jopt-simple/4.6/jopt-simple-4.6.jar:/home/user/.m2/repository/org/apache/commons/commons-math3/3.1.1/commons-math3-3.1.1.jar:/home/user/.m2/repository/org/openjdk/jmh/jmh-generator-annprocess/1.19/jmh-generator-annprocess-1.19.jar:/home/user/.m2/repository/org/mockito/mockito-all/1.8.5/mockito-all-1.8.5.jar:/home/user/.m2/repository/org/apache/hadoop/hadoop-kms/3.2.0/hadoop-kms-3.2.0.jar:/home/user/.m2/repository/org/apache/hadoop/hadoop-auth/3.2.0/hadoop-auth-3.2.0.jar:/home/user/.m2/repository/com/nimbusds/nimbus-jose-jwt/4.41.1/nimbus-jose-jwt-4.41.1.jar:/home/user/.m2/repository/com/github/stephenc/jcip/jcip-annotations/1.0-1/jcip-annotations-1.0-1.jar:/home/user/.m2/repository/net/minidev/json-smart/2.3/json-smart-2.3.jar:/home/user/.m2/repository/net/minidev/accessors-smart/1.2/accessors-smart-1.2.jar:/home/user/.m2/repository/org/ow2/asm/asm/5.0.4/asm-5.0.4.jar:/home/user/.m2/repository/org/apache/curator/curator-framework/2.12.0/curator-framework-2.12.0.jar:/home/user/.m2/repository/com/sun/jersey/jersey-core/1.19/jersey-core-1.19.jar:/home/user/.m2/repository/javax/ws/rs/jsr311-api/1.1.1/jsr311-api-1.1.1.jar:/home/user/.m2/repository/com/sun/jersey/jersey-server/1.19/jersey-server-1.19.jar:/home/user/.m2/repository/javax/servlet/javax.servlet-api/3.1.0/javax.servlet-api-3.1.0.jar:/home/user/.m2/repository/org/eclipse/jetty/jetty-server/9.3.25.v20180904/jetty-server-9.3.25.v20180904.jar:/home/user/.m2/repository/org/eclipse/jetty/jetty-http/9.3.25.v20180904/jetty-http-9.3.25.v20180904.jar:/home/user/.m2/repository/org/eclipse/jetty/jetty-io/9.3.25.v20180904/jetty-io-9.3.25.v20180904.jar:/home/user/.m2/repository/org/eclipse/jetty/jetty-webapp/9.3.25.v20180904/jetty-webapp-9.3.25.v20180904.jar:/home/user/.m2/repository/org/eclipse/jetty/jetty-xml/9.3.25.v20180904/jetty-xml-9.3.25.v20180904.jar:/home/user/.m2/repository/log4j/log4j/1.2.17/log4j-1.2.17.jar:/home/user/.m2/repository/org/slf4j/slf4j-api/1.7.25/slf4j-api-1.7.25.jar:/home/user/.m2/repository/org/slf4j/jul-to-slf4j/1.7.25/jul-to-slf4j-1.7.25.jar:/home/user/.m2/repository/org/eclipse/jetty/jetty-util/9.3.25.v20180904/jetty-util-9.3.25.v20180904.jar:/home/user/.m2/repository/com/fasterxml/jackson/core/jackson-databind/2.9.9/jackson-databind-2.9.9.jar:/home/user/.m2/repository/org/apache/hadoop/hadoop-kms/3.2.0/hadoop-kms-3.2.0-tests.jar:/home/user/.m2/repository/org/apache/hadoop/hadoop-hdds-server-scm/0.5.0-SNAPSHOT/hadoop-hdds-server-scm-0.5.0-SNAPSHOT-tests.jar:/home/user/.m2/repository/org/apache/hadoop/hadoop-hdds-container-service/0.5.0-SNAPSHOT/hadoop-hdds-container-service-0.5.0-SNAPSHOT-tests.jar:/home/user/.m2/repository/org/yaml/snakeyaml/1.16/snakeyaml-1.16.jar:/home/user/.m2/repository/org/apache/hadoop/hadoop-common/3.2.0/hadoop-common-3.2.0-tests.jar:/home/user/.m2/repository/org/apache/hadoop/hadoop-annotations/3.2.0/hadoop-annotations-3.2.0.jar:/usr/lib/jvm/java-1.8.0-openjdk-1.8.0.222.b10-1.el7_7.x86_64/jre/../lib/tools.jar:/home/user/.m2/repository/commons-cli/commons-cli/1.2/commons-cli-1.2.jar:/home/user/.m2/repository/org/apache/httpcomponents/httpclient/4.5.2/httpclient-4.5.2.jar:/home/user/.m2/repository/org/apache/httpcomponents/httpcore/4.4.4/httpcore-4.4.4.jar:/home/user/.m2/repository/commons-codec/commons-codec/1.11/commons-codec-1.11.jar:/home/user/.m2/repository/commons-net/commons-net/3.6/commons-net-3.6.jar:/home/user/.m2/repository/commons-collections/commons-collections/3.2.2/commons-collections-3.2.2.jar:/home/user/.m2/repository/org/eclipse/jetty/jetty-servlet/9.3.25.v20180904/jetty-servlet-9.3.25.v20180904.jar:/home/user/.m2/repository/org/eclipse/jetty/jetty-security/9.3.25.v20180904/jetty-security-9.3.25.v20180904.jar:/home/user/.m2/repository/javax/servlet/jsp/jsp-api/2.1/jsp-api-2.1.jar:/home/user/.m2/repository/com/sun/jersey/jersey-servlet/1.19/jersey-servlet-1.19.jar:/home/user/.m2/repository/com/sun/jersey/jersey-json/1.19/jersey-json-1.19.jar:/home/user/.m2/repository/org/codehaus/jettison/jettison/1.1/jettison-1.1.jar:/home/user/.m2/repository/org/codehaus/jackson/jackson-core-asl/1.9.13/jackson-core-asl-1.9.13.jar:/home/user/.m2/repository/org/codehaus/jackson/jackson-mapper-asl/1.9.13/jackson-mapper-asl-1.9.13.jar:/home/user/.m2/repository/org/codehaus/jackson/jackson-jaxrs/1.9.13/jackson-jaxrs-1.9.13.jar:/home/user/.m2/repository/org/codehaus/jackson/jackson-xc/1.9.13/jackson-xc-1.9.13.jar:/home/user/.m2/repository/commons-logging/commons-logging/1.1.3/commons-logging-1.1.3.jar:/home/user/.m2/repository/commons-beanutils/commons-beanutils/1.9.4/commons-beanutils-1.9.4.jar:/home/user/.m2/repository/org/apache/commons/commons-configuration2/2.1.1/commons-configuration2-2.1.1.jar:/home/user/.m2/repository/org/apache/commons/commons-lang3/3.7/commons-lang3-3.7.jar:/home/user/.m2/repository/org/apache/commons/commons-text/1.4/commons-text-1.4.jar:/home/user/.m2/repository/org/apache/avro/avro/1.7.7/avro-1.7.7.jar:/home/user/.m2/repository/com/thoughtworks/paranamer/paranamer/2.3/paranamer-2.3.jar:/home/user/.m2/repository/org/xerial/snappy/snappy-java/1.0.5/snappy-java-1.0.5.jar:/home/user/.m2/repository/com/google/re2j/re2j/1.1/re2j-1.1.jar:/home/user/.m2/repository/com/google/code/gson/gson/2.2.4/gson-2.2.4.jar:/home/user/.m2/repository/com/jcraft/jsch/0.1.54/jsch-0.1.54.jar:/home/user/.m2/repository/org/apache/curator/curator-client/2.12.0/curator-client-2.12.0.jar:/home/user/.m2/repository/org/apache/curator/curator-recipes/2.12.0/curator-recipes-2.12.0.jar:/home/user/.m2/repository/com/google/code/findbugs/jsr305/3.0.0/jsr305-3.0.0.jar:/home/user/.m2/repository/org/apache/htrace/htrace-core4/4.1.0-incubating/htrace-core4-4.1.0-incubating.jar:/home/user/.m2/repository/org/apache/zookeeper/zookeeper/3.4.13/zookeeper-3.4.13.jar:/home/user/.m2/repository/jline/jline/0.9.94/jline-0.9.94.jar:/home/user/.m2/repository/org/apache/yetus/audience-annotations/0.5.0/audience-annotations-0.5.0.jar:/home/user/.m2/repository/org/codehaus/woodstox/stax2-api/3.1.4/stax2-api-3.1.4.jar:/home/user/.m2/repository/com/fasterxml/woodstox/woodstox-core/5.0.3/woodstox-core-5.0.3.jar:/home/user/.m2/repository/dnsjava/dnsjava/2.1.7/dnsjava-2.1.7.jar:/home/user/.m2/repository/org/apache/hadoop/hadoop-hdfs/3.2.0/hadoop-hdfs-3.2.0-tests.jar:/home/user/.m2/repository/org/eclipse/jetty/jetty-util-ajax/9.3.25.v20180904/jetty-util-ajax-9.3.25.v20180904.jar:/home/user/.m2/repository/commons-daemon/commons-daemon/1.0.13/commons-daemon-1.0.13.jar:/home/user/.m2/repository/io/netty/netty/3.10.5.Final/netty-3.10.5.Final.jar:/home/user/.m2/repository/io/netty/netty-all/4.0.52.Final/netty-all-4.0.52.Final.jar:/home/user/.m2/repository/org/fusesource/leveldbjni/leveldbjni-all/1.8/leveldbjni-all-1.8.jar:"/>
    <property name="sun.cpu.endian" value="little"/>
    <property name="user.home" value="/home/user"/>
    <property name="user.language" value="en"/>
    <property name="java.specification.vendor" value="Oracle Corporation"/>
    <property name="java.home" value="/usr/lib/jvm/java-1.8.0-openjdk-1.8.0.222.b10-1.el7_7.x86_64/jre"/>
    <property name="surefire.excludesFile" value="/tools/ozone-bad-unit-tests"/>
    <property name="java.security.krb5.conf" value="/workdir/hadoop-ozone/integration-test/target/test-classes/krb5.conf"/>
    <property name="basedir" value="/workdir/hadoop-ozone/integration-test"/>
    <property name="file.separator" value="/"/>
    <property name="line.separator" value="&#10;"/>
    <property name="java.vm.specification.vendor" value="Oracle Corporation"/>
    <property name="java.specification.name" value="Java Platform API Specification"/>
    <property name="java.awt.graphicsenv" value="sun.awt.X11GraphicsEnvironment"/>
    <property name="surefire.real.class.path" value="/workdir/hadoop-ozone/integration-test/target/surefire/surefirebooter4879015838668060324.jar"/>
    <property name="hadoop.log.dir" value="/workdir/hadoop-ozone/integration-test/target/log"/>
    <property name="sun.boot.class.path" value="/usr/lib/jvm/java-1.8.0-openjdk-1.8.0.222.b10-1.el7_7.x86_64/jre/lib/resources.jar:/usr/lib/jvm/java-1.8.0-openjdk-1.8.0.222.b10-1.el7_7.x86_64/jre/lib/rt.jar:/usr/lib/jvm/java-1.8.0-openjdk-1.8.0.222.b10-1.el7_7.x86_64/jre/lib/sunrsasign.jar:/usr/lib/jvm/java-1.8.0-openjdk-1.8.0.222.b10-1.el7_7.x86_64/jre/lib/jsse.jar:/usr/lib/jvm/java-1.8.0-openjdk-1.8.0.222.b10-1.el7_7.x86_64/jre/lib/jce.jar:/usr/lib/jvm/java-1.8.0-openjdk-1.8.0.222.b10-1.el7_7.x86_64/jre/lib/charsets.jar:/usr/lib/jvm/java-1.8.0-openjdk-1.8.0.222.b10-1.el7_7.x86_64/jre/lib/jfr.jar:/usr/lib/jvm/java-1.8.0-openjdk-1.8.0.222.b10-1.el7_7.x86_64/jre/classes"/>
    <property name="sun.management.compiler" value="HotSpot 64-Bit Tiered Compilers"/>
    <property name="java.runtime.version" value="1.8.0_222-b10"/>
    <property name="java.net.preferIPv4Stack" value="true"/>
    <property name="user.name" value="jenkins1000"/>
    <property name="path.separator" value=":"/>
    <property name="java.security.egd" value="file:///dev/urandom"/>
    <property name="os.version" value="3.10.0-957.12.2.el7.x86_64"/>
    <property name="java.endorsed.dirs" value="/usr/lib/jvm/java-1.8.0-openjdk-1.8.0.222.b10-1.el7_7.x86_64/jre/lib/endorsed"/>
    <property name="java.runtime.name" value="OpenJDK Runtime Environment"/>
    <property name="file.encoding" value="ANSI_X3.4-1968"/>
    <property name="java.vm.name" value="OpenJDK 64-Bit Server VM"/>
    <property name="test.build.webapps" value=""/>
    <property name="localRepository" value="/home/user/.m2/repository"/>
    <property name="java.vendor.url.bug" value="http://bugreport.sun.com/bugreport/"/>
    <property name="java.io.tmpdir" value="/tmp"/>
    <property name="require.test.libhadoop" value=""/>
    <property name="java.version" value="1.8.0_222"/>
    <property name="user.dir" value="/workdir/hadoop-ozone/integration-test"/>
    <property name="os.arch" value="amd64"/>
    <property name="java.vm.specification.name" value="Java Virtual Machine Specification"/>
    <property name="test.build.classes" value="/workdir/hadoop-ozone/integration-test/target/test-classes"/>
    <property name="java.awt.printerjob" value="sun.print.PSPrinterJob"/>
    <property name="sun.os.patch.level" value="unknown"/>
    <property name="hadoop.tmp.dir" value="/workdir/hadoop-ozone/integration-test/target/tmp"/>
    <property name="java.library.path" value="/usr/lib:/workdir/hadoop-ozone/integration-test/target/native/target/usr/local/lib:/workdir/hadoop-ozone/integration-test/../../hadoop-common-project/hadoop-common/target/native/target/usr/local/lib:/usr/java/packages/lib/amd64:/usr/lib64:/lib64:/lib:/usr/lib"/>
    <property name="java.vm.info" value="mixed mode"/>
    <property name="java.vendor" value="Oracle Corporation"/>
    <property name="java.vm.version" value="25.222-b10"/>
    <property name="java.ext.dirs" value="/usr/lib/jvm/java-1.8.0-openjdk-1.8.0.222.b10-1.el7_7.x86_64/jre/lib/ext:/usr/java/packages/lib/ext"/>
    <property name="sun.io.unicode.encoding" value="UnicodeLittle"/>
    <property name="java.class.version" value="52.0"/>
  </properties>
  <testcase name="testMultiBlockWritesWithIntermittentDnFailures" classname="org.apache.hadoop.ozone.client.rpc.TestMultiBlockWritesWithDnFailures" time="47.599">
    <failure message="expected:&lt;6&gt; but was:&lt;5&gt;" type="java.lang.AssertionError"><![CDATA[java.lang.AssertionError: expected:<6> but was:<5>
	at org.junit.Assert.fail(Assert.java:88)
	at org.junit.Assert.failNotEquals(Assert.java:743)
	at org.junit.Assert.assertEquals(Assert.java:118)
	at org.junit.Assert.assertEquals(Assert.java:555)
	at org.junit.Assert.assertEquals(Assert.java:542)
	at org.apache.hadoop.ozone.client.rpc.TestMultiBlockWritesWithDnFailures.testMultiBlockWritesWithIntermittentDnFailures(TestMultiBlockWritesWithDnFailures.java:176)
	at sun.reflect.NativeMethodAccessorImpl.invoke0(Native Method)
	at sun.reflect.NativeMethodAccessorImpl.invoke(NativeMethodAccessorImpl.java:62)
	at sun.reflect.DelegatingMethodAccessorImpl.invoke(DelegatingMethodAccessorImpl.java:43)
	at java.lang.reflect.Method.invoke(Method.java:498)
	at org.junit.runners.model.FrameworkMethod$1.runReflectiveCall(FrameworkMethod.java:47)
	at org.junit.internal.runners.model.ReflectiveCallable.run(ReflectiveCallable.java:12)
	at org.junit.runners.model.FrameworkMethod.invokeExplosively(FrameworkMethod.java:44)
	at org.junit.internal.runners.statements.InvokeMethod.evaluate(InvokeMethod.java:17)
	at org.junit.internal.runners.statements.RunAfters.evaluate(RunAfters.java:27)
	at org.junit.runners.ParentRunner.runLeaf(ParentRunner.java:271)
	at org.junit.runners.BlockJUnit4ClassRunner.runChild(BlockJUnit4ClassRunner.java:70)
	at org.junit.runners.BlockJUnit4ClassRunner.runChild(BlockJUnit4ClassRunner.java:50)
	at org.junit.runners.ParentRunner$3.run(ParentRunner.java:238)
	at org.junit.runners.ParentRunner$1.schedule(ParentRunner.java:63)
	at org.junit.runners.ParentRunner.runChildren(ParentRunner.java:236)
	at org.junit.runners.ParentRunner.access$000(ParentRunner.java:53)
	at org.junit.runners.ParentRunner$2.evaluate(ParentRunner.java:229)
	at org.junit.runners.ParentRunner.run(ParentRunner.java:309)
	at org.apache.maven.surefire.junit4.JUnit4Provider.execute(JUnit4Provider.java:365)
	at org.apache.maven.surefire.junit4.JUnit4Provider.executeWithRerun(JUnit4Provider.java:273)
	at org.apache.maven.surefire.junit4.JUnit4Provider.executeTestSet(JUnit4Provider.java:238)
	at org.apache.maven.surefire.junit4.JUnit4Provider.invoke(JUnit4Provider.java:159)
	at org.apache.maven.surefire.booter.ForkedBooter.invokeProviderInSameClassLoader(ForkedBooter.java:384)
	at org.apache.maven.surefire.booter.ForkedBooter.runSuitesInProcess(ForkedBooter.java:345)
	at org.apache.maven.surefire.booter.ForkedBooter.execute(ForkedBooter.java:126)
	at org.apache.maven.surefire.booter.ForkedBooter.main(ForkedBooter.java:418)
]]></failure>
    <system-out><![CDATA[2019-10-22 00:12:41,692 [main] WARN  server.ServerUtils (ServerUtils.java:getScmDbDir(145)) - ozone.scm.db.dirs is not configured. We recommend adding this setting. Falling back to ozone.metadata.dirs instead.
2019-10-22 00:12:41,793 [main] WARN  server.ServerUtils (ServerUtils.java:getScmDbDir(145)) - ozone.scm.db.dirs is not configured. We recommend adding this setting. Falling back to ozone.metadata.dirs instead.
2019-10-22 00:12:41,796 [main] WARN  server.ServerUtils (ServerUtils.java:getScmDbDir(145)) - ozone.scm.db.dirs is not configured. We recommend adding this setting. Falling back to ozone.metadata.dirs instead.
2019-10-22 00:12:41,820 [main] INFO  util.log (Log.java:initialized(192)) - Logging initialized @808ms
2019-10-22 00:12:41,915 [main] INFO  db.DBStoreBuilder (DBStoreBuilder.java:addTable(117)) - using custom profile for table: deletedBlocks
2019-10-22 00:12:41,915 [main] INFO  db.DBStoreBuilder (DBStoreBuilder.java:processTables(168)) - Using default column profile:DBProfile.DISK for Table:deletedBlocks
2019-10-22 00:12:41,915 [main] INFO  db.DBStoreBuilder (DBStoreBuilder.java:addTable(117)) - using custom profile for table: validCerts
2019-10-22 00:12:41,916 [main] INFO  db.DBStoreBuilder (DBStoreBuilder.java:processTables(168)) - Using default column profile:DBProfile.DISK for Table:validCerts
2019-10-22 00:12:41,916 [main] INFO  db.DBStoreBuilder (DBStoreBuilder.java:addTable(117)) - using custom profile for table: revokedCerts
2019-10-22 00:12:41,916 [main] INFO  db.DBStoreBuilder (DBStoreBuilder.java:processTables(168)) - Using default column profile:DBProfile.DISK for Table:revokedCerts
2019-10-22 00:12:41,927 [main] INFO  db.DBStoreBuilder (DBStoreBuilder.java:addTable(117)) - using custom profile for table: default
2019-10-22 00:12:41,927 [main] INFO  db.DBStoreBuilder (DBStoreBuilder.java:processTables(174)) - Using default column profile:DBProfile.DISK for Table:default
2019-10-22 00:12:41,929 [main] INFO  db.DBStoreBuilder (DBStoreBuilder.java:getDbProfile(205)) - Using default options. DBProfile.DISK
2019-10-22 00:12:42,152 [main] INFO  net.NodeSchemaLoader (NodeSchemaLoader.java:loadSchemaFromFile(125)) - Loading file from sun.misc.CompoundEnumeration@6b2ea799
2019-10-22 00:12:42,154 [main] INFO  net.NodeSchemaLoader (NodeSchemaLoader.java:loadSchema(171)) - Loading network topology layer schema file
2019-10-22 00:12:42,213 [main] INFO  node.SCMNodeManager (SCMNodeManager.java:<init>(116)) - Entering startup safe mode.
2019-10-22 00:12:42,277 [main] INFO  algorithms.ContainerPlacementPolicyFactory (ContainerPlacementPolicyFactory.java:getPolicy(57)) - Create container placement policy of type org.apache.hadoop.hdds.scm.container.placement.algorithms.SCMContainerPlacementRandom
2019-10-22 00:12:42,290 [main] WARN  server.ServerUtils (ServerUtils.java:getScmDbDir(145)) - ozone.scm.db.dirs is not configured. We recommend adding this setting. Falling back to ozone.metadata.dirs instead.
2019-10-22 00:12:42,358 [main] INFO  pipeline.SCMPipelineManager (SCMPipelineManager.java:initializePipelineState(132)) - No pipeline exists in current db
2019-10-22 00:12:42,360 [main] WARN  server.ServerUtils (ServerUtils.java:getScmDbDir(145)) - ozone.scm.db.dirs is not configured. We recommend adding this setting. Falling back to ozone.metadata.dirs instead.
2019-10-22 00:12:42,452 [main] WARN  events.EventQueue (EventQueue.java:fireEvent(183)) - No event handler registered for event TypedEvent{payloadType=SafeModeStatus, name='SafeModeStatus'}
2019-10-22 00:12:42,784 [main] INFO  ipc.CallQueueManager (CallQueueManager.java:<init>(84)) - Using callQueue: class java.util.concurrent.LinkedBlockingQueue, queueCapacity: 2000, scheduler: class org.apache.hadoop.ipc.DefaultRpcScheduler, ipcBackoff: false.
2019-10-22 00:12:42,807 [Socket Reader #1 for port 35534] INFO  ipc.Server (Server.java:run(1074)) - Starting Socket Reader #1 for port 35534
2019-10-22 00:12:42,916 [main] INFO  ipc.CallQueueManager (CallQueueManager.java:<init>(84)) - Using callQueue: class java.util.concurrent.LinkedBlockingQueue, queueCapacity: 2000, scheduler: class org.apache.hadoop.ipc.DefaultRpcScheduler, ipcBackoff: false.
2019-10-22 00:12:42,917 [Socket Reader #1 for port 44866] INFO  ipc.Server (Server.java:run(1074)) - Starting Socket Reader #1 for port 44866
2019-10-22 00:12:42,924 [main] INFO  ipc.CallQueueManager (CallQueueManager.java:<init>(84)) - Using callQueue: class java.util.concurrent.LinkedBlockingQueue, queueCapacity: 2000, scheduler: class org.apache.hadoop.ipc.DefaultRpcScheduler, ipcBackoff: false.
2019-10-22 00:12:42,925 [Socket Reader #1 for port 35994] INFO  ipc.Server (Server.java:run(1074)) - Starting Socket Reader #1 for port 35994
2019-10-22 00:12:42,945 [main] INFO  hdfs.DFSUtil (DFSUtil.java:httpServerTemplateForNNAndJN(1641)) - Starting Web-server for scm at: http://0.0.0.0:0
2019-10-22 00:12:43,092 [main] INFO  server.AuthenticationFilter (AuthenticationFilter.java:constructSecretProvider(240)) - Unable to initialize FileSignerSecretProvider, falling back to use random secrets.
2019-10-22 00:12:43,099 [main] WARN  http.HttpRequestLog (HttpRequestLog.java:getRequestLog(97)) - Jetty request log can only be enabled using Log4j
2019-10-22 00:12:43,106 [main] INFO  http.HttpServer2 (HttpServer2.java:addGlobalFilter(975)) - Added global filter 'safety' (class=org.apache.hadoop.http.HttpServer2$QuotingInputFilter)
2019-10-22 00:12:43,108 [main] INFO  http.HttpServer2 (HttpServer2.java:addFilter(948)) - Added filter static_user_filter (class=org.apache.hadoop.http.lib.StaticUserWebFilter$StaticUserFilter) to context scm
2019-10-22 00:12:43,109 [main] INFO  http.HttpServer2 (HttpServer2.java:addFilter(958)) - Added filter static_user_filter (class=org.apache.hadoop.http.lib.StaticUserWebFilter$StaticUserFilter) to context static
2019-10-22 00:12:43,109 [main] INFO  http.HttpServer2 (HttpServer2.java:addFilter(958)) - Added filter static_user_filter (class=org.apache.hadoop.http.lib.StaticUserWebFilter$StaticUserFilter) to context logs
2019-10-22 00:12:43,136 [main] INFO  server.StorageContainerManager (StorageContainerManager.java:start(772)) - StorageContainerLocationProtocol RPC server is listening at /0.0.0.0:35994
2019-10-22 00:12:43,193 [main] WARN  impl.MetricsConfig (MetricsConfig.java:loadFirst(134)) - Cannot locate configuration: tried hadoop-metrics2-storagecontainermanager.properties,hadoop-metrics2.properties
2019-10-22 00:12:43,205 [main] INFO  impl.MetricsSystemImpl (MetricsSystemImpl.java:startTimer(374)) - Scheduled Metric snapshot period at 10 second(s).
2019-10-22 00:12:43,205 [main] INFO  impl.MetricsSystemImpl (MetricsSystemImpl.java:start(191)) - StorageContainerManager metrics system started
2019-10-22 00:12:43,459 [main] INFO  server.SCMClientProtocolServer (SCMClientProtocolServer.java:start(159)) - RPC server for Client  is listening at /0.0.0.0:35994
2019-10-22 00:12:43,460 [IPC Server Responder] INFO  ipc.Server (Server.java:run(1314)) - IPC Server Responder: starting
2019-10-22 00:12:43,460 [IPC Server listener on 35994] INFO  ipc.Server (Server.java:run(1153)) - IPC Server listener on 35994: starting
2019-10-22 00:12:43,462 [main] INFO  server.StorageContainerManager (StorageContainerManager.java:start(782)) - ScmBlockLocationProtocol RPC server is listening at /0.0.0.0:44866
2019-10-22 00:12:43,463 [main] INFO  server.SCMBlockProtocolServer (SCMBlockProtocolServer.java:start(146)) - RPC server for Block Protocol is listening at /0.0.0.0:44866
2019-10-22 00:12:43,464 [IPC Server Responder] INFO  ipc.Server (Server.java:run(1314)) - IPC Server Responder: starting
2019-10-22 00:12:43,464 [IPC Server listener on 44866] INFO  ipc.Server (Server.java:run(1153)) - IPC Server listener on 44866: starting
2019-10-22 00:12:43,466 [main] INFO  server.StorageContainerManager (StorageContainerManager.java:start(786)) - ScmDatanodeProtocl RPC server is listening at /0.0.0.0:35534
2019-10-22 00:12:43,466 [main] INFO  server.SCMDatanodeProtocolServer (SCMDatanodeProtocolServer.java:start(169)) - RPC server for DataNodes is listening at /0.0.0.0:35534
2019-10-22 00:12:43,467 [IPC Server Responder] INFO  ipc.Server (Server.java:run(1314)) - IPC Server Responder: starting
2019-10-22 00:12:43,467 [IPC Server listener on 35534] INFO  ipc.Server (Server.java:run(1153)) - IPC Server listener on 35534: starting
2019-10-22 00:12:43,471 [main] INFO  http.HttpServer2 (HttpServer2.java:bindListener(1191)) - Jetty bound to port 45235
2019-10-22 00:12:43,472 [main] INFO  server.Server (Server.java:doStart(351)) - jetty-9.3.25.v20180904, build timestamp: 2018-09-04T21:11:46Z, git hash: 3ce520221d0240229c862b122d2b06c12a625732
2019-10-22 00:12:43,508 [main] INFO  handler.ContextHandler (ContextHandler.java:doStart(781)) - Started o.e.j.s.ServletContextHandler@180da663{/logs,file:///workdir/hadoop-ozone/integration-test/target/log,AVAILABLE}
2019-10-22 00:12:43,509 [main] INFO  handler.ContextHandler (ContextHandler.java:doStart(781)) - Started o.e.j.s.ServletContextHandler@340da44c{/static,file:///workdir/hadoop-ozone/integration-test/target/test-classes/webapps/static,AVAILABLE}
2019-10-22 00:12:43,539 [main] INFO  handler.ContextHandler (ContextHandler.java:doStart(781)) - Started o.e.j.w.WebAppContext@410954b{/,file:///workdir/hadoop-ozone/integration-test/target/test-classes/webapps/scm/,AVAILABLE}{/scm}
2019-10-22 00:12:43,544 [main] INFO  server.AbstractConnector (AbstractConnector.java:doStart(278)) - Started ServerConnector@5f7f2382{HTTP/1.1,[http/1.1]}{0.0.0.0:45235}
2019-10-22 00:12:43,545 [main] INFO  server.Server (Server.java:doStart(419)) - Started @2533ms
2019-10-22 00:12:43,546 [main] INFO  impl.MetricsSinkAdapter (MetricsSinkAdapter.java:start(204)) - Sink prometheus started
2019-10-22 00:12:43,547 [main] INFO  impl.MetricsSystemImpl (MetricsSystemImpl.java:registerSink(301)) - Registered sink prometheus
2019-10-22 00:12:43,548 [main] INFO  server.BaseHttpServer (BaseHttpServer.java:updateConnectorAddress(215)) - HTTP server of SCM is listening at http://0.0.0.0:45235
2019-10-22 00:12:43,555 [org.apache.hadoop.util.JvmPauseMonitor$Monitor@37cd92d6] INFO  util.JvmPauseMonitor (JvmPauseMonitor.java:run(188)) - Starting JVM pause monitor
2019-10-22 00:12:43,558 [main] WARN  server.ServerUtils (ServerUtils.java:getDBPath(222)) - ozone.om.db.dirs is not configured. We recommend adding this setting. Falling back to ozone.metadata.dirs instead.
2019-10-22 00:12:43,663 [main] INFO  ha.OMHANodeDetails (OMHANodeDetails.java:loadOMHAConfig(190)) - Configuration either no ozone.om.address set. Falling back to the default OM address /127.0.0.1:0
2019-10-22 00:12:43,663 [main] INFO  ha.OMHANodeDetails (OMHANodeDetails.java:getOMNodeDetails(220)) - OM Service ID is not set. Setting it to the default ID: omServiceIdDefault
2019-10-22 00:12:43,665 [main] WARN  server.ServerUtils (ServerUtils.java:getDBPath(222)) - ozone.om.db.dirs is not configured. We recommend adding this setting. Falling back to ozone.metadata.dirs instead.
2019-10-22 00:12:43,665 [main] WARN  server.ServerUtils (ServerUtils.java:getDBPath(222)) - ozone.om.db.dirs is not configured. We recommend adding this setting. Falling back to ozone.metadata.dirs instead.
2019-10-22 00:12:44,254 [main] WARN  server.ServerUtils (ServerUtils.java:getDBPath(222)) - ozone.om.db.dirs is not configured. We recommend adding this setting. Falling back to ozone.metadata.dirs instead.
2019-10-22 00:12:44,261 [main] INFO  db.DBStoreBuilder (DBStoreBuilder.java:addTable(117)) - using custom profile for table: userTable
2019-10-22 00:12:44,261 [main] INFO  db.DBStoreBuilder (DBStoreBuilder.java:processTables(168)) - Using default column profile:DBProfile.DISK for Table:userTable
2019-10-22 00:12:44,262 [main] INFO  db.DBStoreBuilder (DBStoreBuilder.java:addTable(117)) - using custom profile for table: volumeTable
2019-10-22 00:12:44,262 [main] INFO  db.DBStoreBuilder (DBStoreBuilder.java:processTables(168)) - Using default column profile:DBProfile.DISK for Table:volumeTable
2019-10-22 00:12:44,262 [main] INFO  db.DBStoreBuilder (DBStoreBuilder.java:addTable(117)) - using custom profile for table: bucketTable
2019-10-22 00:12:44,262 [main] INFO  db.DBStoreBuilder (DBStoreBuilder.java:processTables(168)) - Using default column profile:DBProfile.DISK for Table:bucketTable
2019-10-22 00:12:44,262 [main] INFO  db.DBStoreBuilder (DBStoreBuilder.java:addTable(117)) - using custom profile for table: keyTable
2019-10-22 00:12:44,263 [main] INFO  db.DBStoreBuilder (DBStoreBuilder.java:processTables(168)) - Using default column profile:DBProfile.DISK for Table:keyTable
2019-10-22 00:12:44,263 [main] INFO  db.DBStoreBuilder (DBStoreBuilder.java:addTable(117)) - using custom profile for table: deletedTable
2019-10-22 00:12:44,263 [main] INFO  db.DBStoreBuilder (DBStoreBuilder.java:processTables(168)) - Using default column profile:DBProfile.DISK for Table:deletedTable
2019-10-22 00:12:44,263 [main] INFO  db.DBStoreBuilder (DBStoreBuilder.java:addTable(117)) - using custom profile for table: openKeyTable
2019-10-22 00:12:44,263 [main] INFO  db.DBStoreBuilder (DBStoreBuilder.java:processTables(168)) - Using default column profile:DBProfile.DISK for Table:openKeyTable
2019-10-22 00:12:44,264 [main] INFO  db.DBStoreBuilder (DBStoreBuilder.java:addTable(117)) - using custom profile for table: s3Table
2019-10-22 00:12:44,264 [main] INFO  db.DBStoreBuilder (DBStoreBuilder.java:processTables(168)) - Using default column profile:DBProfile.DISK for Table:s3Table
2019-10-22 00:12:44,264 [main] INFO  db.DBStoreBuilder (DBStoreBuilder.java:addTable(117)) - using custom profile for table: multipartInfoTable
2019-10-22 00:12:44,264 [main] INFO  db.DBStoreBuilder (DBStoreBuilder.java:processTables(168)) - Using default column profile:DBProfile.DISK for Table:multipartInfoTable
2019-10-22 00:12:44,265 [main] INFO  db.DBStoreBuilder (DBStoreBuilder.java:addTable(117)) - using custom profile for table: dTokenTable
2019-10-22 00:12:44,265 [main] INFO  db.DBStoreBuilder (DBStoreBuilder.java:processTables(168)) - Using default column profile:DBProfile.DISK for Table:dTokenTable
2019-10-22 00:12:44,265 [main] INFO  db.DBStoreBuilder (DBStoreBuilder.java:addTable(117)) - using custom profile for table: s3SecretTable
2019-10-22 00:12:44,265 [main] INFO  db.DBStoreBuilder (DBStoreBuilder.java:processTables(168)) - Using default column profile:DBProfile.DISK for Table:s3SecretTable
2019-10-22 00:12:44,266 [main] INFO  db.DBStoreBuilder (DBStoreBuilder.java:addTable(117)) - using custom profile for table: prefixTable
2019-10-22 00:12:44,266 [main] INFO  db.DBStoreBuilder (DBStoreBuilder.java:processTables(168)) - Using default column profile:DBProfile.DISK for Table:prefixTable
2019-10-22 00:12:44,266 [main] INFO  db.DBStoreBuilder (DBStoreBuilder.java:addTable(117)) - using custom profile for table: default
2019-10-22 00:12:44,266 [main] INFO  db.DBStoreBuilder (DBStoreBuilder.java:processTables(174)) - Using default column profile:DBProfile.DISK for Table:default
2019-10-22 00:12:44,266 [main] INFO  db.DBStoreBuilder (DBStoreBuilder.java:getDbProfile(205)) - Using default options. DBProfile.DISK
2019-10-22 00:12:44,724 [main] INFO  ipc.CallQueueManager (CallQueueManager.java:<init>(84)) - Using callQueue: class java.util.concurrent.LinkedBlockingQueue, queueCapacity: 2000, scheduler: class org.apache.hadoop.ipc.DefaultRpcScheduler, ipcBackoff: false.
2019-10-22 00:12:44,725 [Socket Reader #1 for port 39473] INFO  ipc.Server (Server.java:run(1074)) - Starting Socket Reader #1 for port 39473
2019-10-22 00:12:44,746 [main] INFO  om.OzoneManager (OzoneManager.java:start(1074)) - OzoneManager RPC server is listening at localhost/127.0.0.1:39473
2019-10-22 00:12:44,746 [main] INFO  impl.MetricsSystemImpl (MetricsSystemImpl.java:init(158)) - OzoneManager metrics system started (again)
2019-10-22 00:12:44,753 [IPC Server Responder] INFO  ipc.Server (Server.java:run(1314)) - IPC Server Responder: starting
2019-10-22 00:12:44,753 [IPC Server listener on 39473] INFO  ipc.Server (Server.java:run(1153)) - IPC Server listener on 39473: starting
2019-10-22 00:12:44,759 [main] INFO  hdfs.DFSUtil (DFSUtil.java:httpServerTemplateForNNAndJN(1641)) - Starting Web-server for ozoneManager at: http://0.0.0.0:0
2019-10-22 00:12:44,761 [main] INFO  server.AuthenticationFilter (AuthenticationFilter.java:constructSecretProvider(240)) - Unable to initialize FileSignerSecretProvider, falling back to use random secrets.
2019-10-22 00:12:44,762 [main] WARN  http.HttpRequestLog (HttpRequestLog.java:getRequestLog(97)) - Jetty request log can only be enabled using Log4j
2019-10-22 00:12:44,765 [main] INFO  http.HttpServer2 (HttpServer2.java:addGlobalFilter(975)) - Added global filter 'safety' (class=org.apache.hadoop.http.HttpServer2$QuotingInputFilter)
2019-10-22 00:12:44,766 [main] INFO  http.HttpServer2 (HttpServer2.java:addFilter(948)) - Added filter static_user_filter (class=org.apache.hadoop.http.lib.StaticUserWebFilter$StaticUserFilter) to context ozoneManager
2019-10-22 00:12:44,767 [main] INFO  http.HttpServer2 (HttpServer2.java:addFilter(958)) - Added filter static_user_filter (class=org.apache.hadoop.http.lib.StaticUserWebFilter$StaticUserFilter) to context logs
2019-10-22 00:12:44,767 [main] INFO  http.HttpServer2 (HttpServer2.java:addFilter(958)) - Added filter static_user_filter (class=org.apache.hadoop.http.lib.StaticUserWebFilter$StaticUserFilter) to context static
2019-10-22 00:12:44,770 [main] INFO  http.HttpServer2 (HttpServer2.java:bindListener(1191)) - Jetty bound to port 36409
2019-10-22 00:12:44,770 [main] INFO  server.Server (Server.java:doStart(351)) - jetty-9.3.25.v20180904, build timestamp: 2018-09-04T21:11:46Z, git hash: 3ce520221d0240229c862b122d2b06c12a625732
2019-10-22 00:12:44,773 [main] INFO  handler.ContextHandler (ContextHandler.java:doStart(781)) - Started o.e.j.s.ServletContextHandler@43826ec{/logs,file:///workdir/hadoop-ozone/integration-test/target/log,AVAILABLE}
2019-10-22 00:12:44,774 [main] INFO  handler.ContextHandler (ContextHandler.java:doStart(781)) - Started o.e.j.s.ServletContextHandler@6b63d445{/static,file:///workdir/hadoop-ozone/integration-test/target/test-classes/webapps/static,AVAILABLE}
2019-10-22 00:12:44,780 [main] INFO  handler.ContextHandler (ContextHandler.java:doStart(781)) - Started o.e.j.w.WebAppContext@71391b3f{/,file:///workdir/hadoop-ozone/integration-test/target/test-classes/webapps/ozoneManager/,AVAILABLE}{/ozoneManager}
2019-10-22 00:12:44,781 [main] INFO  server.AbstractConnector (AbstractConnector.java:doStart(278)) - Started ServerConnector@2cfbeac4{HTTP/1.1,[http/1.1]}{0.0.0.0:36409}
2019-10-22 00:12:44,781 [main] INFO  server.Server (Server.java:doStart(419)) - Started @3769ms
2019-10-22 00:12:44,781 [main] WARN  impl.MetricsSystemImpl (MetricsSystemImpl.java:register(276)) - Sink prometheus already exists!
2019-10-22 00:12:44,782 [main] INFO  server.BaseHttpServer (BaseHttpServer.java:updateConnectorAddress(215)) - HTTP server of OZONEMANAGER is listening at http://0.0.0.0:36409
2019-10-22 00:12:45,067 [main] INFO  impl.MetricsSystemImpl (MetricsSystemImpl.java:init(158)) - HddsDatanode metrics system started (again)
2019-10-22 00:12:45,109 [main] INFO  ozone.HddsDatanodeService (HddsDatanodeService.java:start(184)) - HddsDatanodeService host:pr-hdds-2343-5q8j9-3338874002 ip:192.168.157.254
2019-10-22 00:12:45,136 [main] INFO  volume.HddsVolume (HddsVolume.java:<init>(176)) - Creating Volume: /workdir/hadoop-ozone/integration-test/target/test-dir/MiniOzoneClusterImpl-8b64dd99-cfc4-48e3-b5ea-61cd2ec80401/datanode-0/data/containers/hdds of  storage type : DISK and capacity : 1482555576320
2019-10-22 00:12:45,138 [main] INFO  volume.VolumeSet (VolumeSet.java:initializeVolumeSet(170)) - Added Volume : /workdir/hadoop-ozone/integration-test/target/test-dir/MiniOzoneClusterImpl-8b64dd99-cfc4-48e3-b5ea-61cd2ec80401/datanode-0/data/containers/hdds to VolumeSet
2019-10-22 00:12:45,141 [main] INFO  volume.ThrottledAsyncChecker (ThrottledAsyncChecker.java:schedule(141)) - Scheduling a check for /workdir/hadoop-ozone/integration-test/target/test-dir/MiniOzoneClusterImpl-8b64dd99-cfc4-48e3-b5ea-61cd2ec80401/datanode-0/data/containers/hdds
2019-10-22 00:12:45,154 [main] INFO  volume.HddsVolumeChecker (HddsVolumeChecker.java:checkAllVolumes(204)) - Scheduled health check for volume /workdir/hadoop-ozone/integration-test/target/test-dir/MiniOzoneClusterImpl-8b64dd99-cfc4-48e3-b5ea-61cd2ec80401/datanode-0/data/containers/hdds
2019-10-22 00:12:45,248 [main] INFO  impl.RaftServerProxy (ConfUtils.java:logGet(43)) - raft.rpc.type = GRPC (default)
2019-10-22 00:12:45,303 [main] INFO  grpc.GrpcFactory (GrpcFactory.java:checkPooledByteBufAllocatorUseCacheForAllThreads(45)) - PERFORMANCE WARNING: useCacheForAllThreads is true that may cause Netty to create a lot garbage objects and, as a result, trigger GC.
	It is recommended to disable useCacheForAllThreads by setting -Dorg.apache.ratis.thirdparty.io.netty.allocator.useCacheForAllThreads=false in command line.
2019-10-22 00:12:45,307 [main] INFO  grpc.GrpcConfigKeys$Server (ConfUtils.java:logGet(43)) - raft.grpc.server.port = 0 (default)
2019-10-22 00:12:45,308 [main] INFO  server.GrpcService (ConfUtils.java:logGet(43)) - raft.grpc.message.size.max = 33570816 (custom)
2019-10-22 00:12:45,309 [main] INFO  server.RaftServerConfigKeys (ConfUtils.java:logGet(43)) - raft.server.log.appender.buffer.byte-limit = 33554432 (custom)
2019-10-22 00:12:45,310 [main] INFO  server.GrpcService (ConfUtils.java:logGet(43)) - raft.grpc.flow.control.window = 1MB (=1048576) (default)
2019-10-22 00:12:45,311 [main] INFO  server.RaftServerConfigKeys (ConfUtils.java:logGet(43)) - raft.server.rpc.request.timeout = 3000ms (default)
2019-10-22 00:12:45,451 [main] INFO  server.RaftServerConfigKeys (ConfUtils.java:logGet(43)) - raft.server.storage.dir = [/workdir/hadoop-ozone/integration-test/target/test-dir/MiniOzoneClusterImpl-8b64dd99-cfc4-48e3-b5ea-61cd2ec80401/datanode-0/data/ratis] (custom)
2019-10-22 00:12:45,497 [main] INFO  hdfs.DFSUtil (DFSUtil.java:httpServerTemplateForNNAndJN(1641)) - Starting Web-server for hddsDatanode at: http://0.0.0.0:0
2019-10-22 00:12:45,499 [main] INFO  server.AuthenticationFilter (AuthenticationFilter.java:constructSecretProvider(240)) - Unable to initialize FileSignerSecretProvider, falling back to use random secrets.
2019-10-22 00:12:45,499 [main] WARN  http.HttpRequestLog (HttpRequestLog.java:getRequestLog(97)) - Jetty request log can only be enabled using Log4j
2019-10-22 00:12:45,501 [main] INFO  http.HttpServer2 (HttpServer2.java:addGlobalFilter(975)) - Added global filter 'safety' (class=org.apache.hadoop.http.HttpServer2$QuotingInputFilter)
2019-10-22 00:12:45,501 [main] INFO  http.HttpServer2 (HttpServer2.java:addFilter(948)) - Added filter static_user_filter (class=org.apache.hadoop.http.lib.StaticUserWebFilter$StaticUserFilter) to context hddsDatanode
2019-10-22 00:12:45,502 [main] INFO  http.HttpServer2 (HttpServer2.java:addFilter(958)) - Added filter static_user_filter (class=org.apache.hadoop.http.lib.StaticUserWebFilter$StaticUserFilter) to context logs
2019-10-22 00:12:45,502 [main] INFO  http.HttpServer2 (HttpServer2.java:addFilter(958)) - Added filter static_user_filter (class=org.apache.hadoop.http.lib.StaticUserWebFilter$StaticUserFilter) to context static
2019-10-22 00:12:45,503 [main] INFO  http.HttpServer2 (HttpServer2.java:bindListener(1191)) - Jetty bound to port 34564
2019-10-22 00:12:45,503 [main] INFO  server.Server (Server.java:doStart(351)) - jetty-9.3.25.v20180904, build timestamp: 2018-09-04T21:11:46Z, git hash: 3ce520221d0240229c862b122d2b06c12a625732
2019-10-22 00:12:45,505 [main] INFO  handler.ContextHandler (ContextHandler.java:doStart(781)) - Started o.e.j.s.ServletContextHandler@290d10ef{/logs,file:///workdir/hadoop-ozone/integration-test/target/log,AVAILABLE}
2019-10-22 00:12:45,506 [main] INFO  handler.ContextHandler (ContextHandler.java:doStart(781)) - Started o.e.j.s.ServletContextHandler@644ded04{/static,jar:file:/home/user/.m2/repository/org/apache/hadoop/hadoop-hdds-container-service/0.5.0-SNAPSHOT/hadoop-hdds-container-service-0.5.0-SNAPSHOT.jar!/webapps/static,AVAILABLE}
2019-10-22 00:12:45,539 [main] INFO  handler.ContextHandler (ContextHandler.java:doStart(781)) - Started o.e.j.w.WebAppContext@4339baec{/,file:///tmp/jetty-0.0.0.0-34564-hddsDatanode-_-any-879781183392173485.dir/webapp/,AVAILABLE}{/hddsDatanode}
2019-10-22 00:12:45,540 [main] INFO  server.AbstractConnector (AbstractConnector.java:doStart(278)) - Started ServerConnector@62db3891{HTTP/1.1,[http/1.1]}{0.0.0.0:34564}
2019-10-22 00:12:45,540 [main] INFO  server.Server (Server.java:doStart(419)) - Started @4528ms
2019-10-22 00:12:45,541 [main] WARN  impl.MetricsSystemImpl (MetricsSystemImpl.java:register(276)) - Sink prometheus already exists!
2019-10-22 00:12:45,542 [main] INFO  server.BaseHttpServer (BaseHttpServer.java:updateConnectorAddress(215)) - HTTP server of HDDSDATANODE is listening at http://0.0.0.0:34564
2019-10-22 00:12:45,543 [main] INFO  impl.MetricsSystemImpl (MetricsSystemImpl.java:init(158)) - HddsDatanode metrics system started (again)
2019-10-22 00:12:45,545 [main] INFO  ozone.HddsDatanodeService (HddsDatanodeService.java:start(184)) - HddsDatanodeService host:pr-hdds-2343-5q8j9-3338874002 ip:192.168.157.254
2019-10-22 00:12:45,548 [org.apache.hadoop.util.JvmPauseMonitor$Monitor@4c8a1788] INFO  util.JvmPauseMonitor (JvmPauseMonitor.java:run(188)) - Starting JVM pause monitor
2019-10-22 00:12:45,553 [main] INFO  volume.HddsVolume (HddsVolume.java:<init>(176)) - Creating Volume: /workdir/hadoop-ozone/integration-test/target/test-dir/MiniOzoneClusterImpl-8b64dd99-cfc4-48e3-b5ea-61cd2ec80401/datanode-1/data/containers/hdds of  storage type : DISK and capacity : 1482555576320
2019-10-22 00:12:45,553 [main] INFO  volume.VolumeSet (VolumeSet.java:initializeVolumeSet(170)) - Added Volume : /workdir/hadoop-ozone/integration-test/target/test-dir/MiniOzoneClusterImpl-8b64dd99-cfc4-48e3-b5ea-61cd2ec80401/datanode-1/data/containers/hdds to VolumeSet
2019-10-22 00:12:45,553 [main] INFO  volume.ThrottledAsyncChecker (ThrottledAsyncChecker.java:schedule(141)) - Scheduling a check for /workdir/hadoop-ozone/integration-test/target/test-dir/MiniOzoneClusterImpl-8b64dd99-cfc4-48e3-b5ea-61cd2ec80401/datanode-1/data/containers/hdds
2019-10-22 00:12:45,554 [main] INFO  volume.HddsVolumeChecker (HddsVolumeChecker.java:checkAllVolumes(204)) - Scheduled health check for volume /workdir/hadoop-ozone/integration-test/target/test-dir/MiniOzoneClusterImpl-8b64dd99-cfc4-48e3-b5ea-61cd2ec80401/datanode-1/data/containers/hdds
2019-10-22 00:12:45,568 [main] INFO  impl.RaftServerProxy (ConfUtils.java:logGet(43)) - raft.rpc.type = GRPC (default)
2019-10-22 00:12:45,568 [main] INFO  grpc.GrpcFactory (GrpcFactory.java:checkPooledByteBufAllocatorUseCacheForAllThreads(45)) - PERFORMANCE WARNING: useCacheForAllThreads is true that may cause Netty to create a lot garbage objects and, as a result, trigger GC.
	It is recommended to disable useCacheForAllThreads by setting -Dorg.apache.ratis.thirdparty.io.netty.allocator.useCacheForAllThreads=false in command line.
2019-10-22 00:12:45,568 [main] INFO  grpc.GrpcConfigKeys$Server (ConfUtils.java:logGet(43)) - raft.grpc.server.port = 0 (default)
2019-10-22 00:12:45,568 [main] INFO  server.GrpcService (ConfUtils.java:logGet(43)) - raft.grpc.message.size.max = 33570816 (custom)
2019-10-22 00:12:45,569 [main] INFO  server.RaftServerConfigKeys (ConfUtils.java:logGet(43)) - raft.server.log.appender.buffer.byte-limit = 33554432 (custom)
2019-10-22 00:12:45,569 [main] INFO  server.GrpcService (ConfUtils.java:logGet(43)) - raft.grpc.flow.control.window = 1MB (=1048576) (default)
2019-10-22 00:12:45,569 [main] INFO  server.RaftServerConfigKeys (ConfUtils.java:logGet(43)) - raft.server.rpc.request.timeout = 3000ms (default)
2019-10-22 00:12:45,570 [main] INFO  server.RaftServerConfigKeys (ConfUtils.java:logGet(43)) - raft.server.storage.dir = [/workdir/hadoop-ozone/integration-test/target/test-dir/MiniOzoneClusterImpl-8b64dd99-cfc4-48e3-b5ea-61cd2ec80401/datanode-1/data/ratis] (custom)
2019-10-22 00:12:45,571 [main] INFO  hdfs.DFSUtil (DFSUtil.java:httpServerTemplateForNNAndJN(1641)) - Starting Web-server for hddsDatanode at: http://0.0.0.0:0
2019-10-22 00:12:45,573 [main] INFO  server.AuthenticationFilter (AuthenticationFilter.java:constructSecretProvider(240)) - Unable to initialize FileSignerSecretProvider, falling back to use random secrets.
2019-10-22 00:12:45,573 [main] WARN  http.HttpRequestLog (HttpRequestLog.java:getRequestLog(97)) - Jetty request log can only be enabled using Log4j
2019-10-22 00:12:45,575 [main] INFO  http.HttpServer2 (HttpServer2.java:addGlobalFilter(975)) - Added global filter 'safety' (class=org.apache.hadoop.http.HttpServer2$QuotingInputFilter)
2019-10-22 00:12:45,575 [main] INFO  http.HttpServer2 (HttpServer2.java:addFilter(948)) - Added filter static_user_filter (class=org.apache.hadoop.http.lib.StaticUserWebFilter$StaticUserFilter) to context hddsDatanode
2019-10-22 00:12:45,575 [main] INFO  http.HttpServer2 (HttpServer2.java:addFilter(958)) - Added filter static_user_filter (class=org.apache.hadoop.http.lib.StaticUserWebFilter$StaticUserFilter) to context logs
2019-10-22 00:12:45,576 [main] INFO  http.HttpServer2 (HttpServer2.java:addFilter(958)) - Added filter static_user_filter (class=org.apache.hadoop.http.lib.StaticUserWebFilter$StaticUserFilter) to context static
2019-10-22 00:12:45,577 [main] INFO  http.HttpServer2 (HttpServer2.java:bindListener(1191)) - Jetty bound to port 35778
2019-10-22 00:12:45,577 [main] INFO  server.Server (Server.java:doStart(351)) - jetty-9.3.25.v20180904, build timestamp: 2018-09-04T21:11:46Z, git hash: 3ce520221d0240229c862b122d2b06c12a625732
2019-10-22 00:12:45,579 [main] INFO  handler.ContextHandler (ContextHandler.java:doStart(781)) - Started o.e.j.s.ServletContextHandler@730f9695{/logs,file:///workdir/hadoop-ozone/integration-test/target/log,AVAILABLE}
2019-10-22 00:12:45,580 [main] INFO  handler.ContextHandler (ContextHandler.java:doStart(781)) - Started o.e.j.s.ServletContextHandler@fab35b1{/static,jar:file:/home/user/.m2/repository/org/apache/hadoop/hadoop-hdds-container-service/0.5.0-SNAPSHOT/hadoop-hdds-container-service-0.5.0-SNAPSHOT.jar!/webapps/static,AVAILABLE}
2019-10-22 00:12:45,632 [main] INFO  handler.ContextHandler (ContextHandler.java:doStart(781)) - Started o.e.j.w.WebAppContext@3d904e9c{/,file:///tmp/jetty-0.0.0.0-35778-hddsDatanode-_-any-481403187353737839.dir/webapp/,AVAILABLE}{/hddsDatanode}
2019-10-22 00:12:45,633 [main] INFO  server.AbstractConnector (AbstractConnector.java:doStart(278)) - Started ServerConnector@508a65bf{HTTP/1.1,[http/1.1]}{0.0.0.0:35778}
2019-10-22 00:12:45,635 [main] INFO  server.Server (Server.java:doStart(419)) - Started @4623ms
2019-10-22 00:12:45,635 [main] WARN  impl.MetricsSystemImpl (MetricsSystemImpl.java:register(276)) - Sink prometheus already exists!
2019-10-22 00:12:45,636 [main] INFO  server.BaseHttpServer (BaseHttpServer.java:updateConnectorAddress(215)) - HTTP server of HDDSDATANODE is listening at http://0.0.0.0:35778
2019-10-22 00:12:45,637 [main] INFO  impl.MetricsSystemImpl (MetricsSystemImpl.java:init(158)) - HddsDatanode metrics system started (again)
2019-10-22 00:12:45,638 [org.apache.hadoop.util.JvmPauseMonitor$Monitor@19ffa7b5] INFO  util.JvmPauseMonitor (JvmPauseMonitor.java:run(188)) - Starting JVM pause monitor
2019-10-22 00:12:45,639 [main] INFO  ozone.HddsDatanodeService (HddsDatanodeService.java:start(184)) - HddsDatanodeService host:pr-hdds-2343-5q8j9-3338874002 ip:192.168.157.254
2019-10-22 00:12:45,646 [main] INFO  volume.HddsVolume (HddsVolume.java:<init>(176)) - Creating Volume: /workdir/hadoop-ozone/integration-test/target/test-dir/MiniOzoneClusterImpl-8b64dd99-cfc4-48e3-b5ea-61cd2ec80401/datanode-2/data/containers/hdds of  storage type : DISK and capacity : 1482555576320
2019-10-22 00:12:45,647 [main] INFO  volume.VolumeSet (VolumeSet.java:initializeVolumeSet(170)) - Added Volume : /workdir/hadoop-ozone/integration-test/target/test-dir/MiniOzoneClusterImpl-8b64dd99-cfc4-48e3-b5ea-61cd2ec80401/datanode-2/data/containers/hdds to VolumeSet
2019-10-22 00:12:45,648 [main] INFO  volume.ThrottledAsyncChecker (ThrottledAsyncChecker.java:schedule(141)) - Scheduling a check for /workdir/hadoop-ozone/integration-test/target/test-dir/MiniOzoneClusterImpl-8b64dd99-cfc4-48e3-b5ea-61cd2ec80401/datanode-2/data/containers/hdds
2019-10-22 00:12:45,648 [main] INFO  volume.HddsVolumeChecker (HddsVolumeChecker.java:checkAllVolumes(204)) - Scheduled health check for volume /workdir/hadoop-ozone/integration-test/target/test-dir/MiniOzoneClusterImpl-8b64dd99-cfc4-48e3-b5ea-61cd2ec80401/datanode-2/data/containers/hdds
2019-10-22 00:12:45,661 [main] INFO  impl.RaftServerProxy (ConfUtils.java:logGet(43)) - raft.rpc.type = GRPC (default)
2019-10-22 00:12:45,661 [main] INFO  grpc.GrpcFactory (GrpcFactory.java:checkPooledByteBufAllocatorUseCacheForAllThreads(45)) - PERFORMANCE WARNING: useCacheForAllThreads is true that may cause Netty to create a lot garbage objects and, as a result, trigger GC.
	It is recommended to disable useCacheForAllThreads by setting -Dorg.apache.ratis.thirdparty.io.netty.allocator.useCacheForAllThreads=false in command line.
2019-10-22 00:12:45,661 [main] INFO  grpc.GrpcConfigKeys$Server (ConfUtils.java:logGet(43)) - raft.grpc.server.port = 0 (default)
2019-10-22 00:12:45,662 [main] INFO  server.GrpcService (ConfUtils.java:logGet(43)) - raft.grpc.message.size.max = 33570816 (custom)
2019-10-22 00:12:45,662 [main] INFO  server.RaftServerConfigKeys (ConfUtils.java:logGet(43)) - raft.server.log.appender.buffer.byte-limit = 33554432 (custom)
2019-10-22 00:12:45,662 [main] INFO  server.GrpcService (ConfUtils.java:logGet(43)) - raft.grpc.flow.control.window = 1MB (=1048576) (default)
2019-10-22 00:12:45,662 [main] INFO  server.RaftServerConfigKeys (ConfUtils.java:logGet(43)) - raft.server.rpc.request.timeout = 3000ms (default)
2019-10-22 00:12:45,663 [main] INFO  server.RaftServerConfigKeys (ConfUtils.java:logGet(43)) - raft.server.storage.dir = [/workdir/hadoop-ozone/integration-test/target/test-dir/MiniOzoneClusterImpl-8b64dd99-cfc4-48e3-b5ea-61cd2ec80401/datanode-2/data/ratis] (custom)
2019-10-22 00:12:45,665 [main] INFO  hdfs.DFSUtil (DFSUtil.java:httpServerTemplateForNNAndJN(1641)) - Starting Web-server for hddsDatanode at: http://0.0.0.0:0
2019-10-22 00:12:45,666 [main] INFO  server.AuthenticationFilter (AuthenticationFilter.java:constructSecretProvider(240)) - Unable to initialize FileSignerSecretProvider, falling back to use random secrets.
2019-10-22 00:12:45,666 [main] WARN  http.HttpRequestLog (HttpRequestLog.java:getRequestLog(97)) - Jetty request log can only be enabled using Log4j
2019-10-22 00:12:45,668 [main] INFO  http.HttpServer2 (HttpServer2.java:addGlobalFilter(975)) - Added global filter 'safety' (class=org.apache.hadoop.http.HttpServer2$QuotingInputFilter)
2019-10-22 00:12:45,668 [main] INFO  http.HttpServer2 (HttpServer2.java:addFilter(948)) - Added filter static_user_filter (class=org.apache.hadoop.http.lib.StaticUserWebFilter$StaticUserFilter) to context hddsDatanode
2019-10-22 00:12:45,669 [main] INFO  http.HttpServer2 (HttpServer2.java:addFilter(958)) - Added filter static_user_filter (class=org.apache.hadoop.http.lib.StaticUserWebFilter$StaticUserFilter) to context logs
2019-10-22 00:12:45,669 [main] INFO  http.HttpServer2 (HttpServer2.java:addFilter(958)) - Added filter static_user_filter (class=org.apache.hadoop.http.lib.StaticUserWebFilter$StaticUserFilter) to context static
2019-10-22 00:12:45,670 [main] INFO  http.HttpServer2 (HttpServer2.java:bindListener(1191)) - Jetty bound to port 44362
2019-10-22 00:12:45,670 [main] INFO  server.Server (Server.java:doStart(351)) - jetty-9.3.25.v20180904, build timestamp: 2018-09-04T21:11:46Z, git hash: 3ce520221d0240229c862b122d2b06c12a625732
2019-10-22 00:12:45,673 [main] INFO  handler.ContextHandler (ContextHandler.java:doStart(781)) - Started o.e.j.s.ServletContextHandler@4eba373c{/logs,file:///workdir/hadoop-ozone/integration-test/target/log,AVAILABLE}
2019-10-22 00:12:45,673 [main] INFO  handler.ContextHandler (ContextHandler.java:doStart(781)) - Started o.e.j.s.ServletContextHandler@d109c4f{/static,jar:file:/home/user/.m2/repository/org/apache/hadoop/hadoop-hdds-container-service/0.5.0-SNAPSHOT/hadoop-hdds-container-service-0.5.0-SNAPSHOT.jar!/webapps/static,AVAILABLE}
2019-10-22 00:12:45,675 [Datanode State Machine Thread - 0] INFO  datanode.InitDatanodeState (InitDatanodeState.java:persistContainerDatanodeDetails(140)) - DatanodeDetails is persisted to /workdir/hadoop-ozone/integration-test/target/test-dir/MiniOzoneClusterImpl-8b64dd99-cfc4-48e3-b5ea-61cd2ec80401/datanode-0/meta/datanode.id
2019-10-22 00:12:45,679 [Datanode State Machine Thread - 0] INFO  datanode.InitDatanodeState (InitDatanodeState.java:persistContainerDatanodeDetails(140)) - DatanodeDetails is persisted to /workdir/hadoop-ozone/integration-test/target/test-dir/MiniOzoneClusterImpl-8b64dd99-cfc4-48e3-b5ea-61cd2ec80401/datanode-1/meta/datanode.id
2019-10-22 00:12:45,705 [main] INFO  handler.ContextHandler (ContextHandler.java:doStart(781)) - Started o.e.j.w.WebAppContext@80bfdc6{/,file:///tmp/jetty-0.0.0.0-44362-hddsDatanode-_-any-39136311323230742.dir/webapp/,AVAILABLE}{/hddsDatanode}
2019-10-22 00:12:45,705 [main] INFO  server.AbstractConnector (AbstractConnector.java:doStart(278)) - Started ServerConnector@6edcad64{HTTP/1.1,[http/1.1]}{0.0.0.0:44362}
2019-10-22 00:12:45,706 [main] INFO  server.Server (Server.java:doStart(419)) - Started @4694ms
2019-10-22 00:12:45,706 [main] WARN  impl.MetricsSystemImpl (MetricsSystemImpl.java:register(276)) - Sink prometheus already exists!
2019-10-22 00:12:45,707 [main] INFO  server.BaseHttpServer (BaseHttpServer.java:updateConnectorAddress(215)) - HTTP server of HDDSDATANODE is listening at http://0.0.0.0:44362
2019-10-22 00:12:45,708 [main] INFO  impl.MetricsSystemImpl (MetricsSystemImpl.java:init(158)) - HddsDatanode metrics system started (again)
2019-10-22 00:12:45,710 [org.apache.hadoop.util.JvmPauseMonitor$Monitor@19a53066] INFO  util.JvmPauseMonitor (JvmPauseMonitor.java:run(188)) - Starting JVM pause monitor
2019-10-22 00:12:45,710 [main] INFO  ozone.HddsDatanodeService (HddsDatanodeService.java:start(184)) - HddsDatanodeService host:pr-hdds-2343-5q8j9-3338874002 ip:192.168.157.254
2019-10-22 00:12:45,713 [Datanode State Machine Thread - 0] INFO  datanode.InitDatanodeState (InitDatanodeState.java:persistContainerDatanodeDetails(140)) - DatanodeDetails is persisted to /workdir/hadoop-ozone/integration-test/target/test-dir/MiniOzoneClusterImpl-8b64dd99-cfc4-48e3-b5ea-61cd2ec80401/datanode-2/meta/datanode.id
2019-10-22 00:12:45,719 [main] INFO  volume.HddsVolume (HddsVolume.java:<init>(176)) - Creating Volume: /workdir/hadoop-ozone/integration-test/target/test-dir/MiniOzoneClusterImpl-8b64dd99-cfc4-48e3-b5ea-61cd2ec80401/datanode-3/data/containers/hdds of  storage type : DISK and capacity : 1482555576320
2019-10-22 00:12:45,719 [main] INFO  volume.VolumeSet (VolumeSet.java:initializeVolumeSet(170)) - Added Volume : /workdir/hadoop-ozone/integration-test/target/test-dir/MiniOzoneClusterImpl-8b64dd99-cfc4-48e3-b5ea-61cd2ec80401/datanode-3/data/containers/hdds to VolumeSet
2019-10-22 00:12:45,719 [main] INFO  volume.ThrottledAsyncChecker (ThrottledAsyncChecker.java:schedule(141)) - Scheduling a check for /workdir/hadoop-ozone/integration-test/target/test-dir/MiniOzoneClusterImpl-8b64dd99-cfc4-48e3-b5ea-61cd2ec80401/datanode-3/data/containers/hdds
2019-10-22 00:12:45,720 [main] INFO  volume.HddsVolumeChecker (HddsVolumeChecker.java:checkAllVolumes(204)) - Scheduled health check for volume /workdir/hadoop-ozone/integration-test/target/test-dir/MiniOzoneClusterImpl-8b64dd99-cfc4-48e3-b5ea-61cd2ec80401/datanode-3/data/containers/hdds
2019-10-22 00:12:45,733 [main] INFO  impl.RaftServerProxy (ConfUtils.java:logGet(43)) - raft.rpc.type = GRPC (default)
2019-10-22 00:12:45,733 [main] INFO  grpc.GrpcFactory (GrpcFactory.java:checkPooledByteBufAllocatorUseCacheForAllThreads(45)) - PERFORMANCE WARNING: useCacheForAllThreads is true that may cause Netty to create a lot garbage objects and, as a result, trigger GC.
	It is recommended to disable useCacheForAllThreads by setting -Dorg.apache.ratis.thirdparty.io.netty.allocator.useCacheForAllThreads=false in command line.
2019-10-22 00:12:45,733 [main] INFO  grpc.GrpcConfigKeys$Server (ConfUtils.java:logGet(43)) - raft.grpc.server.port = 0 (default)
2019-10-22 00:12:45,734 [main] INFO  server.GrpcService (ConfUtils.java:logGet(43)) - raft.grpc.message.size.max = 33570816 (custom)
2019-10-22 00:12:45,734 [main] INFO  server.RaftServerConfigKeys (ConfUtils.java:logGet(43)) - raft.server.log.appender.buffer.byte-limit = 33554432 (custom)
2019-10-22 00:12:45,734 [main] INFO  server.GrpcService (ConfUtils.java:logGet(43)) - raft.grpc.flow.control.window = 1MB (=1048576) (default)
2019-10-22 00:12:45,734 [main] INFO  server.RaftServerConfigKeys (ConfUtils.java:logGet(43)) - raft.server.rpc.request.timeout = 3000ms (default)
2019-10-22 00:12:45,735 [main] INFO  server.RaftServerConfigKeys (ConfUtils.java:logGet(43)) - raft.server.storage.dir = [/workdir/hadoop-ozone/integration-test/target/test-dir/MiniOzoneClusterImpl-8b64dd99-cfc4-48e3-b5ea-61cd2ec80401/datanode-3/data/ratis] (custom)
2019-10-22 00:12:45,737 [main] INFO  hdfs.DFSUtil (DFSUtil.java:httpServerTemplateForNNAndJN(1641)) - Starting Web-server for hddsDatanode at: http://0.0.0.0:0
2019-10-22 00:12:45,738 [main] INFO  server.AuthenticationFilter (AuthenticationFilter.java:constructSecretProvider(240)) - Unable to initialize FileSignerSecretProvider, falling back to use random secrets.
2019-10-22 00:12:45,738 [main] WARN  http.HttpRequestLog (HttpRequestLog.java:getRequestLog(97)) - Jetty request log can only be enabled using Log4j
2019-10-22 00:12:45,740 [main] INFO  http.HttpServer2 (HttpServer2.java:addGlobalFilter(975)) - Added global filter 'safety' (class=org.apache.hadoop.http.HttpServer2$QuotingInputFilter)
2019-10-22 00:12:45,740 [main] INFO  http.HttpServer2 (HttpServer2.java:addFilter(948)) - Added filter static_user_filter (class=org.apache.hadoop.http.lib.StaticUserWebFilter$StaticUserFilter) to context hddsDatanode
2019-10-22 00:12:45,740 [main] INFO  http.HttpServer2 (HttpServer2.java:addFilter(958)) - Added filter static_user_filter (class=org.apache.hadoop.http.lib.StaticUserWebFilter$StaticUserFilter) to context logs
2019-10-22 00:12:45,741 [main] INFO  http.HttpServer2 (HttpServer2.java:addFilter(958)) - Added filter static_user_filter (class=org.apache.hadoop.http.lib.StaticUserWebFilter$StaticUserFilter) to context static
2019-10-22 00:12:45,741 [main] INFO  http.HttpServer2 (HttpServer2.java:bindListener(1191)) - Jetty bound to port 38425
2019-10-22 00:12:45,741 [main] INFO  server.Server (Server.java:doStart(351)) - jetty-9.3.25.v20180904, build timestamp: 2018-09-04T21:11:46Z, git hash: 3ce520221d0240229c862b122d2b06c12a625732
2019-10-22 00:12:45,743 [main] INFO  handler.ContextHandler (ContextHandler.java:doStart(781)) - Started o.e.j.s.ServletContextHandler@a9f023e{/logs,file:///workdir/hadoop-ozone/integration-test/target/log,AVAILABLE}
2019-10-22 00:12:45,744 [main] INFO  handler.ContextHandler (ContextHandler.java:doStart(781)) - Started o.e.j.s.ServletContextHandler@4b200971{/static,jar:file:/home/user/.m2/repository/org/apache/hadoop/hadoop-hdds-container-service/0.5.0-SNAPSHOT/hadoop-hdds-container-service-0.5.0-SNAPSHOT.jar!/webapps/static,AVAILABLE}
2019-10-22 00:12:45,774 [main] INFO  handler.ContextHandler (ContextHandler.java:doStart(781)) - Started o.e.j.w.WebAppContext@337bbfdf{/,file:///tmp/jetty-0.0.0.0-38425-hddsDatanode-_-any-7166229789480900988.dir/webapp/,AVAILABLE}{/hddsDatanode}
2019-10-22 00:12:45,775 [main] INFO  server.AbstractConnector (AbstractConnector.java:doStart(278)) - Started ServerConnector@52d97ab6{HTTP/1.1,[http/1.1]}{0.0.0.0:38425}
2019-10-22 00:12:45,776 [main] INFO  server.Server (Server.java:doStart(419)) - Started @4764ms
2019-10-22 00:12:45,776 [main] WARN  impl.MetricsSystemImpl (MetricsSystemImpl.java:register(276)) - Sink prometheus already exists!
2019-10-22 00:12:45,777 [main] INFO  server.BaseHttpServer (BaseHttpServer.java:updateConnectorAddress(215)) - HTTP server of HDDSDATANODE is listening at http://0.0.0.0:38425
2019-10-22 00:12:45,777 [main] INFO  impl.MetricsSystemImpl (MetricsSystemImpl.java:init(158)) - HddsDatanode metrics system started (again)
2019-10-22 00:12:45,780 [org.apache.hadoop.util.JvmPauseMonitor$Monitor@7296ce8b] INFO  util.JvmPauseMonitor (JvmPauseMonitor.java:run(188)) - Starting JVM pause monitor
2019-10-22 00:12:45,780 [main] INFO  ozone.HddsDatanodeService (HddsDatanodeService.java:start(184)) - HddsDatanodeService host:pr-hdds-2343-5q8j9-3338874002 ip:192.168.157.254
2019-10-22 00:12:45,782 [Datanode State Machine Thread - 0] INFO  datanode.InitDatanodeState (InitDatanodeState.java:persistContainerDatanodeDetails(140)) - DatanodeDetails is persisted to /workdir/hadoop-ozone/integration-test/target/test-dir/MiniOzoneClusterImpl-8b64dd99-cfc4-48e3-b5ea-61cd2ec80401/datanode-3/meta/datanode.id
2019-10-22 00:12:45,787 [main] INFO  volume.HddsVolume (HddsVolume.java:<init>(176)) - Creating Volume: /workdir/hadoop-ozone/integration-test/target/test-dir/MiniOzoneClusterImpl-8b64dd99-cfc4-48e3-b5ea-61cd2ec80401/datanode-4/data/containers/hdds of  storage type : DISK and capacity : 1482555576320
2019-10-22 00:12:45,788 [main] INFO  volume.VolumeSet (VolumeSet.java:initializeVolumeSet(170)) - Added Volume : /workdir/hadoop-ozone/integration-test/target/test-dir/MiniOzoneClusterImpl-8b64dd99-cfc4-48e3-b5ea-61cd2ec80401/datanode-4/data/containers/hdds to VolumeSet
2019-10-22 00:12:45,788 [main] INFO  volume.ThrottledAsyncChecker (ThrottledAsyncChecker.java:schedule(141)) - Scheduling a check for /workdir/hadoop-ozone/integration-test/target/test-dir/MiniOzoneClusterImpl-8b64dd99-cfc4-48e3-b5ea-61cd2ec80401/datanode-4/data/containers/hdds
2019-10-22 00:12:45,788 [main] INFO  volume.HddsVolumeChecker (HddsVolumeChecker.java:checkAllVolumes(204)) - Scheduled health check for volume /workdir/hadoop-ozone/integration-test/target/test-dir/MiniOzoneClusterImpl-8b64dd99-cfc4-48e3-b5ea-61cd2ec80401/datanode-4/data/containers/hdds
2019-10-22 00:12:45,800 [main] INFO  impl.RaftServerProxy (ConfUtils.java:logGet(43)) - raft.rpc.type = GRPC (default)
2019-10-22 00:12:45,801 [main] INFO  grpc.GrpcFactory (GrpcFactory.java:checkPooledByteBufAllocatorUseCacheForAllThreads(45)) - PERFORMANCE WARNING: useCacheForAllThreads is true that may cause Netty to create a lot garbage objects and, as a result, trigger GC.
	It is recommended to disable useCacheForAllThreads by setting -Dorg.apache.ratis.thirdparty.io.netty.allocator.useCacheForAllThreads=false in command line.
2019-10-22 00:12:45,801 [main] INFO  grpc.GrpcConfigKeys$Server (ConfUtils.java:logGet(43)) - raft.grpc.server.port = 0 (default)
2019-10-22 00:12:45,801 [main] INFO  server.GrpcService (ConfUtils.java:logGet(43)) - raft.grpc.message.size.max = 33570816 (custom)
2019-10-22 00:12:45,801 [main] INFO  server.RaftServerConfigKeys (ConfUtils.java:logGet(43)) - raft.server.log.appender.buffer.byte-limit = 33554432 (custom)
2019-10-22 00:12:45,802 [main] INFO  server.GrpcService (ConfUtils.java:logGet(43)) - raft.grpc.flow.control.window = 1MB (=1048576) (default)
2019-10-22 00:12:45,802 [main] INFO  server.RaftServerConfigKeys (ConfUtils.java:logGet(43)) - raft.server.rpc.request.timeout = 3000ms (default)
2019-10-22 00:12:45,802 [main] INFO  server.RaftServerConfigKeys (ConfUtils.java:logGet(43)) - raft.server.storage.dir = [/workdir/hadoop-ozone/integration-test/target/test-dir/MiniOzoneClusterImpl-8b64dd99-cfc4-48e3-b5ea-61cd2ec80401/datanode-4/data/ratis] (custom)
2019-10-22 00:12:45,804 [main] INFO  hdfs.DFSUtil (DFSUtil.java:httpServerTemplateForNNAndJN(1641)) - Starting Web-server for hddsDatanode at: http://0.0.0.0:0
2019-10-22 00:12:45,806 [main] INFO  server.AuthenticationFilter (AuthenticationFilter.java:constructSecretProvider(240)) - Unable to initialize FileSignerSecretProvider, falling back to use random secrets.
2019-10-22 00:12:45,806 [main] WARN  http.HttpRequestLog (HttpRequestLog.java:getRequestLog(97)) - Jetty request log can only be enabled using Log4j
2019-10-22 00:12:45,808 [main] INFO  http.HttpServer2 (HttpServer2.java:addGlobalFilter(975)) - Added global filter 'safety' (class=org.apache.hadoop.http.HttpServer2$QuotingInputFilter)
2019-10-22 00:12:45,808 [main] INFO  http.HttpServer2 (HttpServer2.java:addFilter(948)) - Added filter static_user_filter (class=org.apache.hadoop.http.lib.StaticUserWebFilter$StaticUserFilter) to context hddsDatanode
2019-10-22 00:12:45,808 [main] INFO  http.HttpServer2 (HttpServer2.java:addFilter(958)) - Added filter static_user_filter (class=org.apache.hadoop.http.lib.StaticUserWebFilter$StaticUserFilter) to context logs
2019-10-22 00:12:45,809 [main] INFO  http.HttpServer2 (HttpServer2.java:addFilter(958)) - Added filter static_user_filter (class=org.apache.hadoop.http.lib.StaticUserWebFilter$StaticUserFilter) to context static
2019-10-22 00:12:45,809 [main] INFO  http.HttpServer2 (HttpServer2.java:bindListener(1191)) - Jetty bound to port 33269
2019-10-22 00:12:45,810 [main] INFO  server.Server (Server.java:doStart(351)) - jetty-9.3.25.v20180904, build timestamp: 2018-09-04T21:11:46Z, git hash: 3ce520221d0240229c862b122d2b06c12a625732
2019-10-22 00:12:45,813 [main] INFO  handler.ContextHandler (ContextHandler.java:doStart(781)) - Started o.e.j.s.ServletContextHandler@726aa968{/logs,file:///workdir/hadoop-ozone/integration-test/target/log,AVAILABLE}
2019-10-22 00:12:45,813 [main] INFO  handler.ContextHandler (ContextHandler.java:doStart(781)) - Started o.e.j.s.ServletContextHandler@712cfb63{/static,jar:file:/home/user/.m2/repository/org/apache/hadoop/hadoop-hdds-container-service/0.5.0-SNAPSHOT/hadoop-hdds-container-service-0.5.0-SNAPSHOT.jar!/webapps/static,AVAILABLE}
2019-10-22 00:12:45,842 [main] INFO  handler.ContextHandler (ContextHandler.java:doStart(781)) - Started o.e.j.w.WebAppContext@7ecec90d{/,file:///tmp/jetty-0.0.0.0-33269-hddsDatanode-_-any-4109385227232663485.dir/webapp/,AVAILABLE}{/hddsDatanode}
2019-10-22 00:12:45,843 [main] INFO  server.AbstractConnector (AbstractConnector.java:doStart(278)) - Started ServerConnector@588f63c{HTTP/1.1,[http/1.1]}{0.0.0.0:33269}
2019-10-22 00:12:45,843 [main] INFO  server.Server (Server.java:doStart(419)) - Started @4831ms
2019-10-22 00:12:45,843 [main] WARN  impl.MetricsSystemImpl (MetricsSystemImpl.java:register(276)) - Sink prometheus already exists!
2019-10-22 00:12:45,845 [main] INFO  server.BaseHttpServer (BaseHttpServer.java:updateConnectorAddress(215)) - HTTP server of HDDSDATANODE is listening at http://0.0.0.0:33269
2019-10-22 00:12:45,845 [main] INFO  impl.MetricsSystemImpl (MetricsSystemImpl.java:init(158)) - HddsDatanode metrics system started (again)
2019-10-22 00:12:45,847 [org.apache.hadoop.util.JvmPauseMonitor$Monitor@3d92b649] INFO  util.JvmPauseMonitor (JvmPauseMonitor.java:run(188)) - Starting JVM pause monitor
2019-10-22 00:12:45,848 [main] INFO  ozone.HddsDatanodeService (HddsDatanodeService.java:start(184)) - HddsDatanodeService host:pr-hdds-2343-5q8j9-3338874002 ip:192.168.157.254
2019-10-22 00:12:45,849 [Datanode State Machine Thread - 0] INFO  datanode.InitDatanodeState (InitDatanodeState.java:persistContainerDatanodeDetails(140)) - DatanodeDetails is persisted to /workdir/hadoop-ozone/integration-test/target/test-dir/MiniOzoneClusterImpl-8b64dd99-cfc4-48e3-b5ea-61cd2ec80401/datanode-4/meta/datanode.id
2019-10-22 00:12:45,854 [main] INFO  volume.HddsVolume (HddsVolume.java:<init>(176)) - Creating Volume: /workdir/hadoop-ozone/integration-test/target/test-dir/MiniOzoneClusterImpl-8b64dd99-cfc4-48e3-b5ea-61cd2ec80401/datanode-5/data/containers/hdds of  storage type : DISK and capacity : 1482555576320
2019-10-22 00:12:45,855 [main] INFO  volume.VolumeSet (VolumeSet.java:initializeVolumeSet(170)) - Added Volume : /workdir/hadoop-ozone/integration-test/target/test-dir/MiniOzoneClusterImpl-8b64dd99-cfc4-48e3-b5ea-61cd2ec80401/datanode-5/data/containers/hdds to VolumeSet
2019-10-22 00:12:45,855 [main] INFO  volume.ThrottledAsyncChecker (ThrottledAsyncChecker.java:schedule(141)) - Scheduling a check for /workdir/hadoop-ozone/integration-test/target/test-dir/MiniOzoneClusterImpl-8b64dd99-cfc4-48e3-b5ea-61cd2ec80401/datanode-5/data/containers/hdds
2019-10-22 00:12:45,855 [main] INFO  volume.HddsVolumeChecker (HddsVolumeChecker.java:checkAllVolumes(204)) - Scheduled health check for volume /workdir/hadoop-ozone/integration-test/target/test-dir/MiniOzoneClusterImpl-8b64dd99-cfc4-48e3-b5ea-61cd2ec80401/datanode-5/data/containers/hdds
2019-10-22 00:12:45,869 [main] INFO  impl.RaftServerProxy (ConfUtils.java:logGet(43)) - raft.rpc.type = GRPC (default)
2019-10-22 00:12:45,869 [main] INFO  grpc.GrpcFactory (GrpcFactory.java:checkPooledByteBufAllocatorUseCacheForAllThreads(45)) - PERFORMANCE WARNING: useCacheForAllThreads is true that may cause Netty to create a lot garbage objects and, as a result, trigger GC.
	It is recommended to disable useCacheForAllThreads by setting -Dorg.apache.ratis.thirdparty.io.netty.allocator.useCacheForAllThreads=false in command line.
2019-10-22 00:12:45,869 [main] INFO  grpc.GrpcConfigKeys$Server (ConfUtils.java:logGet(43)) - raft.grpc.server.port = 0 (default)
2019-10-22 00:12:45,869 [main] INFO  server.GrpcService (ConfUtils.java:logGet(43)) - raft.grpc.message.size.max = 33570816 (custom)
2019-10-22 00:12:45,870 [main] INFO  server.RaftServerConfigKeys (ConfUtils.java:logGet(43)) - raft.server.log.appender.buffer.byte-limit = 33554432 (custom)
2019-10-22 00:12:45,870 [main] INFO  server.GrpcService (ConfUtils.java:logGet(43)) - raft.grpc.flow.control.window = 1MB (=1048576) (default)
2019-10-22 00:12:45,870 [main] INFO  server.RaftServerConfigKeys (ConfUtils.java:logGet(43)) - raft.server.rpc.request.timeout = 3000ms (default)
2019-10-22 00:12:45,871 [main] INFO  server.RaftServerConfigKeys (ConfUtils.java:logGet(43)) - raft.server.storage.dir = [/workdir/hadoop-ozone/integration-test/target/test-dir/MiniOzoneClusterImpl-8b64dd99-cfc4-48e3-b5ea-61cd2ec80401/datanode-5/data/ratis] (custom)
2019-10-22 00:12:45,873 [main] INFO  hdfs.DFSUtil (DFSUtil.java:httpServerTemplateForNNAndJN(1641)) - Starting Web-server for hddsDatanode at: http://0.0.0.0:0
2019-10-22 00:12:45,875 [main] INFO  server.AuthenticationFilter (AuthenticationFilter.java:constructSecretProvider(240)) - Unable to initialize FileSignerSecretProvider, falling back to use random secrets.
2019-10-22 00:12:45,876 [main] WARN  http.HttpRequestLog (HttpRequestLog.java:getRequestLog(97)) - Jetty request log can only be enabled using Log4j
2019-10-22 00:12:45,878 [main] INFO  http.HttpServer2 (HttpServer2.java:addGlobalFilter(975)) - Added global filter 'safety' (class=org.apache.hadoop.http.HttpServer2$QuotingInputFilter)
2019-10-22 00:12:45,879 [main] INFO  http.HttpServer2 (HttpServer2.java:addFilter(948)) - Added filter static_user_filter (class=org.apache.hadoop.http.lib.StaticUserWebFilter$StaticUserFilter) to context hddsDatanode
2019-10-22 00:12:45,879 [main] INFO  http.HttpServer2 (HttpServer2.java:addFilter(958)) - Added filter static_user_filter (class=org.apache.hadoop.http.lib.StaticUserWebFilter$StaticUserFilter) to context logs
2019-10-22 00:12:45,879 [main] INFO  http.HttpServer2 (HttpServer2.java:addFilter(958)) - Added filter static_user_filter (class=org.apache.hadoop.http.lib.StaticUserWebFilter$StaticUserFilter) to context static
2019-10-22 00:12:45,881 [main] INFO  http.HttpServer2 (HttpServer2.java:bindListener(1191)) - Jetty bound to port 33468
2019-10-22 00:12:45,882 [main] INFO  server.Server (Server.java:doStart(351)) - jetty-9.3.25.v20180904, build timestamp: 2018-09-04T21:11:46Z, git hash: 3ce520221d0240229c862b122d2b06c12a625732
2019-10-22 00:12:45,884 [main] INFO  handler.ContextHandler (ContextHandler.java:doStart(781)) - Started o.e.j.s.ServletContextHandler@43af351a{/logs,file:///workdir/hadoop-ozone/integration-test/target/log,AVAILABLE}
2019-10-22 00:12:45,885 [main] INFO  handler.ContextHandler (ContextHandler.java:doStart(781)) - Started o.e.j.s.ServletContextHandler@72f9f27c{/static,jar:file:/home/user/.m2/repository/org/apache/hadoop/hadoop-hdds-container-service/0.5.0-SNAPSHOT/hadoop-hdds-container-service-0.5.0-SNAPSHOT.jar!/webapps/static,AVAILABLE}
2019-10-22 00:12:45,927 [main] INFO  handler.ContextHandler (ContextHandler.java:doStart(781)) - Started o.e.j.w.WebAppContext@56dfab87{/,file:///tmp/jetty-0.0.0.0-33468-hddsDatanode-_-any-2917937442217614084.dir/webapp/,AVAILABLE}{/hddsDatanode}
2019-10-22 00:12:45,928 [main] INFO  server.AbstractConnector (AbstractConnector.java:doStart(278)) - Started ServerConnector@715b886f{HTTP/1.1,[http/1.1]}{0.0.0.0:33468}
2019-10-22 00:12:45,929 [main] INFO  server.Server (Server.java:doStart(419)) - Started @4917ms
2019-10-22 00:12:45,929 [main] WARN  impl.MetricsSystemImpl (MetricsSystemImpl.java:register(276)) - Sink prometheus already exists!
2019-10-22 00:12:45,931 [main] INFO  server.BaseHttpServer (BaseHttpServer.java:updateConnectorAddress(215)) - HTTP server of HDDSDATANODE is listening at http://0.0.0.0:33468
2019-10-22 00:12:45,931 [main] INFO  impl.MetricsSystemImpl (MetricsSystemImpl.java:init(158)) - HddsDatanode metrics system started (again)
2019-10-22 00:12:45,934 [org.apache.hadoop.util.JvmPauseMonitor$Monitor@dec1a65] INFO  util.JvmPauseMonitor (JvmPauseMonitor.java:run(188)) - Starting JVM pause monitor
2019-10-22 00:12:45,935 [main] INFO  ozone.HddsDatanodeService (HddsDatanodeService.java:start(184)) - HddsDatanodeService host:pr-hdds-2343-5q8j9-3338874002 ip:192.168.157.254
2019-10-22 00:12:45,937 [Datanode State Machine Thread - 0] INFO  datanode.InitDatanodeState (InitDatanodeState.java:persistContainerDatanodeDetails(140)) - DatanodeDetails is persisted to /workdir/hadoop-ozone/integration-test/target/test-dir/MiniOzoneClusterImpl-8b64dd99-cfc4-48e3-b5ea-61cd2ec80401/datanode-5/meta/datanode.id
2019-10-22 00:12:45,945 [main] INFO  volume.HddsVolume (HddsVolume.java:<init>(176)) - Creating Volume: /workdir/hadoop-ozone/integration-test/target/test-dir/MiniOzoneClusterImpl-8b64dd99-cfc4-48e3-b5ea-61cd2ec80401/datanode-6/data/containers/hdds of  storage type : DISK and capacity : 1482555576320
2019-10-22 00:12:45,945 [main] INFO  volume.VolumeSet (VolumeSet.java:initializeVolumeSet(170)) - Added Volume : /workdir/hadoop-ozone/integration-test/target/test-dir/MiniOzoneClusterImpl-8b64dd99-cfc4-48e3-b5ea-61cd2ec80401/datanode-6/data/containers/hdds to VolumeSet
2019-10-22 00:12:45,945 [main] INFO  volume.ThrottledAsyncChecker (ThrottledAsyncChecker.java:schedule(141)) - Scheduling a check for /workdir/hadoop-ozone/integration-test/target/test-dir/MiniOzoneClusterImpl-8b64dd99-cfc4-48e3-b5ea-61cd2ec80401/datanode-6/data/containers/hdds
2019-10-22 00:12:45,946 [main] INFO  volume.HddsVolumeChecker (HddsVolumeChecker.java:checkAllVolumes(204)) - Scheduled health check for volume /workdir/hadoop-ozone/integration-test/target/test-dir/MiniOzoneClusterImpl-8b64dd99-cfc4-48e3-b5ea-61cd2ec80401/datanode-6/data/containers/hdds
2019-10-22 00:12:45,961 [main] INFO  impl.RaftServerProxy (ConfUtils.java:logGet(43)) - raft.rpc.type = GRPC (default)
2019-10-22 00:12:45,962 [main] INFO  grpc.GrpcFactory (GrpcFactory.java:checkPooledByteBufAllocatorUseCacheForAllThreads(45)) - PERFORMANCE WARNING: useCacheForAllThreads is true that may cause Netty to create a lot garbage objects and, as a result, trigger GC.
	It is recommended to disable useCacheForAllThreads by setting -Dorg.apache.ratis.thirdparty.io.netty.allocator.useCacheForAllThreads=false in command line.
2019-10-22 00:12:45,962 [main] INFO  grpc.GrpcConfigKeys$Server (ConfUtils.java:logGet(43)) - raft.grpc.server.port = 0 (default)
2019-10-22 00:12:45,962 [main] INFO  server.GrpcService (ConfUtils.java:logGet(43)) - raft.grpc.message.size.max = 33570816 (custom)
2019-10-22 00:12:45,962 [main] INFO  server.RaftServerConfigKeys (ConfUtils.java:logGet(43)) - raft.server.log.appender.buffer.byte-limit = 33554432 (custom)
2019-10-22 00:12:45,963 [main] INFO  server.GrpcService (ConfUtils.java:logGet(43)) - raft.grpc.flow.control.window = 1MB (=1048576) (default)
2019-10-22 00:12:45,963 [main] INFO  server.RaftServerConfigKeys (ConfUtils.java:logGet(43)) - raft.server.rpc.request.timeout = 3000ms (default)
2019-10-22 00:12:45,964 [main] INFO  server.RaftServerConfigKeys (ConfUtils.java:logGet(43)) - raft.server.storage.dir = [/workdir/hadoop-ozone/integration-test/target/test-dir/MiniOzoneClusterImpl-8b64dd99-cfc4-48e3-b5ea-61cd2ec80401/datanode-6/data/ratis] (custom)
2019-10-22 00:12:45,966 [main] INFO  hdfs.DFSUtil (DFSUtil.java:httpServerTemplateForNNAndJN(1641)) - Starting Web-server for hddsDatanode at: http://0.0.0.0:0
2019-10-22 00:12:45,967 [main] INFO  server.AuthenticationFilter (AuthenticationFilter.java:constructSecretProvider(240)) - Unable to initialize FileSignerSecretProvider, falling back to use random secrets.
2019-10-22 00:12:45,968 [main] WARN  http.HttpRequestLog (HttpRequestLog.java:getRequestLog(97)) - Jetty request log can only be enabled using Log4j
2019-10-22 00:12:45,970 [main] INFO  http.HttpServer2 (HttpServer2.java:addGlobalFilter(975)) - Added global filter 'safety' (class=org.apache.hadoop.http.HttpServer2$QuotingInputFilter)
2019-10-22 00:12:45,970 [main] INFO  http.HttpServer2 (HttpServer2.java:addFilter(948)) - Added filter static_user_filter (class=org.apache.hadoop.http.lib.StaticUserWebFilter$StaticUserFilter) to context hddsDatanode
2019-10-22 00:12:45,971 [main] INFO  http.HttpServer2 (HttpServer2.java:addFilter(958)) - Added filter static_user_filter (class=org.apache.hadoop.http.lib.StaticUserWebFilter$StaticUserFilter) to context logs
2019-10-22 00:12:45,971 [main] INFO  http.HttpServer2 (HttpServer2.java:addFilter(958)) - Added filter static_user_filter (class=org.apache.hadoop.http.lib.StaticUserWebFilter$StaticUserFilter) to context static
2019-10-22 00:12:45,972 [main] INFO  http.HttpServer2 (HttpServer2.java:bindListener(1191)) - Jetty bound to port 40840
2019-10-22 00:12:45,972 [main] INFO  server.Server (Server.java:doStart(351)) - jetty-9.3.25.v20180904, build timestamp: 2018-09-04T21:11:46Z, git hash: 3ce520221d0240229c862b122d2b06c12a625732
2019-10-22 00:12:45,974 [main] INFO  handler.ContextHandler (ContextHandler.java:doStart(781)) - Started o.e.j.s.ServletContextHandler@1457fde{/logs,file:///workdir/hadoop-ozone/integration-test/target/log,AVAILABLE}
2019-10-22 00:12:45,975 [main] INFO  handler.ContextHandler (ContextHandler.java:doStart(781)) - Started o.e.j.s.ServletContextHandler@17fa1336{/static,jar:file:/home/user/.m2/repository/org/apache/hadoop/hadoop-hdds-container-service/0.5.0-SNAPSHOT/hadoop-hdds-container-service-0.5.0-SNAPSHOT.jar!/webapps/static,AVAILABLE}
2019-10-22 00:12:46,005 [main] INFO  handler.ContextHandler (ContextHandler.java:doStart(781)) - Started o.e.j.w.WebAppContext@142213d5{/,file:///tmp/jetty-0.0.0.0-40840-hddsDatanode-_-any-3537769196821942928.dir/webapp/,AVAILABLE}{/hddsDatanode}
2019-10-22 00:12:46,006 [main] INFO  server.AbstractConnector (AbstractConnector.java:doStart(278)) - Started ServerConnector@934b52f{HTTP/1.1,[http/1.1]}{0.0.0.0:40840}
2019-10-22 00:12:46,007 [main] INFO  server.Server (Server.java:doStart(419)) - Started @4995ms
2019-10-22 00:12:46,007 [main] WARN  impl.MetricsSystemImpl (MetricsSystemImpl.java:register(276)) - Sink prometheus already exists!
2019-10-22 00:12:46,009 [main] INFO  server.BaseHttpServer (BaseHttpServer.java:updateConnectorAddress(215)) - HTTP server of HDDSDATANODE is listening at http://0.0.0.0:40840
2019-10-22 00:12:46,009 [main] INFO  impl.MetricsSystemImpl (MetricsSystemImpl.java:init(158)) - HddsDatanode metrics system started (again)
2019-10-22 00:12:46,012 [main] INFO  ozone.HddsDatanodeService (HddsDatanodeService.java:start(184)) - HddsDatanodeService host:pr-hdds-2343-5q8j9-3338874002 ip:192.168.157.254
2019-10-22 00:12:46,012 [org.apache.hadoop.util.JvmPauseMonitor$Monitor@7ffe5ffb] INFO  util.JvmPauseMonitor (JvmPauseMonitor.java:run(188)) - Starting JVM pause monitor
2019-10-22 00:12:46,015 [Datanode State Machine Thread - 0] INFO  datanode.InitDatanodeState (InitDatanodeState.java:persistContainerDatanodeDetails(140)) - DatanodeDetails is persisted to /workdir/hadoop-ozone/integration-test/target/test-dir/MiniOzoneClusterImpl-8b64dd99-cfc4-48e3-b5ea-61cd2ec80401/datanode-6/meta/datanode.id
2019-10-22 00:12:46,021 [main] INFO  volume.HddsVolume (HddsVolume.java:<init>(176)) - Creating Volume: /workdir/hadoop-ozone/integration-test/target/test-dir/MiniOzoneClusterImpl-8b64dd99-cfc4-48e3-b5ea-61cd2ec80401/datanode-7/data/containers/hdds of  storage type : DISK and capacity : 1482555576320
2019-10-22 00:12:46,022 [main] INFO  volume.VolumeSet (VolumeSet.java:initializeVolumeSet(170)) - Added Volume : /workdir/hadoop-ozone/integration-test/target/test-dir/MiniOzoneClusterImpl-8b64dd99-cfc4-48e3-b5ea-61cd2ec80401/datanode-7/data/containers/hdds to VolumeSet
2019-10-22 00:12:46,022 [main] INFO  volume.ThrottledAsyncChecker (ThrottledAsyncChecker.java:schedule(141)) - Scheduling a check for /workdir/hadoop-ozone/integration-test/target/test-dir/MiniOzoneClusterImpl-8b64dd99-cfc4-48e3-b5ea-61cd2ec80401/datanode-7/data/containers/hdds
2019-10-22 00:12:46,023 [main] INFO  volume.HddsVolumeChecker (HddsVolumeChecker.java:checkAllVolumes(204)) - Scheduled health check for volume /workdir/hadoop-ozone/integration-test/target/test-dir/MiniOzoneClusterImpl-8b64dd99-cfc4-48e3-b5ea-61cd2ec80401/datanode-7/data/containers/hdds
2019-10-22 00:12:46,039 [main] INFO  impl.RaftServerProxy (ConfUtils.java:logGet(43)) - raft.rpc.type = GRPC (default)
2019-10-22 00:12:46,039 [main] INFO  grpc.GrpcFactory (GrpcFactory.java:checkPooledByteBufAllocatorUseCacheForAllThreads(45)) - PERFORMANCE WARNING: useCacheForAllThreads is true that may cause Netty to create a lot garbage objects and, as a result, trigger GC.
	It is recommended to disable useCacheForAllThreads by setting -Dorg.apache.ratis.thirdparty.io.netty.allocator.useCacheForAllThreads=false in command line.
2019-10-22 00:12:46,039 [main] INFO  grpc.GrpcConfigKeys$Server (ConfUtils.java:logGet(43)) - raft.grpc.server.port = 0 (default)
2019-10-22 00:12:46,040 [main] INFO  server.GrpcService (ConfUtils.java:logGet(43)) - raft.grpc.message.size.max = 33570816 (custom)
2019-10-22 00:12:46,040 [main] INFO  server.RaftServerConfigKeys (ConfUtils.java:logGet(43)) - raft.server.log.appender.buffer.byte-limit = 33554432 (custom)
2019-10-22 00:12:46,040 [main] INFO  server.GrpcService (ConfUtils.java:logGet(43)) - raft.grpc.flow.control.window = 1MB (=1048576) (default)
2019-10-22 00:12:46,040 [main] INFO  server.RaftServerConfigKeys (ConfUtils.java:logGet(43)) - raft.server.rpc.request.timeout = 3000ms (default)
2019-10-22 00:12:46,041 [main] INFO  server.RaftServerConfigKeys (ConfUtils.java:logGet(43)) - raft.server.storage.dir = [/workdir/hadoop-ozone/integration-test/target/test-dir/MiniOzoneClusterImpl-8b64dd99-cfc4-48e3-b5ea-61cd2ec80401/datanode-7/data/ratis] (custom)
2019-10-22 00:12:46,043 [main] INFO  hdfs.DFSUtil (DFSUtil.java:httpServerTemplateForNNAndJN(1641)) - Starting Web-server for hddsDatanode at: http://0.0.0.0:0
2019-10-22 00:12:46,044 [main] INFO  server.AuthenticationFilter (AuthenticationFilter.java:constructSecretProvider(240)) - Unable to initialize FileSignerSecretProvider, falling back to use random secrets.
2019-10-22 00:12:46,045 [main] WARN  http.HttpRequestLog (HttpRequestLog.java:getRequestLog(97)) - Jetty request log can only be enabled using Log4j
2019-10-22 00:12:46,046 [main] INFO  http.HttpServer2 (HttpServer2.java:addGlobalFilter(975)) - Added global filter 'safety' (class=org.apache.hadoop.http.HttpServer2$QuotingInputFilter)
2019-10-22 00:12:46,046 [main] INFO  http.HttpServer2 (HttpServer2.java:addFilter(948)) - Added filter static_user_filter (class=org.apache.hadoop.http.lib.StaticUserWebFilter$StaticUserFilter) to context hddsDatanode
2019-10-22 00:12:46,047 [main] INFO  http.HttpServer2 (HttpServer2.java:addFilter(958)) - Added filter static_user_filter (class=org.apache.hadoop.http.lib.StaticUserWebFilter$StaticUserFilter) to context static
2019-10-22 00:12:46,047 [main] INFO  http.HttpServer2 (HttpServer2.java:addFilter(958)) - Added filter static_user_filter (class=org.apache.hadoop.http.lib.StaticUserWebFilter$StaticUserFilter) to context logs
2019-10-22 00:12:46,048 [main] INFO  http.HttpServer2 (HttpServer2.java:bindListener(1191)) - Jetty bound to port 33620
2019-10-22 00:12:46,048 [main] INFO  server.Server (Server.java:doStart(351)) - jetty-9.3.25.v20180904, build timestamp: 2018-09-04T21:11:46Z, git hash: 3ce520221d0240229c862b122d2b06c12a625732
2019-10-22 00:12:46,049 [main] INFO  handler.ContextHandler (ContextHandler.java:doStart(781)) - Started o.e.j.s.ServletContextHandler@58fef7f7{/logs,file:///workdir/hadoop-ozone/integration-test/target/log,AVAILABLE}
2019-10-22 00:12:46,050 [main] INFO  handler.ContextHandler (ContextHandler.java:doStart(781)) - Started o.e.j.s.ServletContextHandler@12eedfee{/static,jar:file:/home/user/.m2/repository/org/apache/hadoop/hadoop-hdds-container-service/0.5.0-SNAPSHOT/hadoop-hdds-container-service-0.5.0-SNAPSHOT.jar!/webapps/static,AVAILABLE}
2019-10-22 00:12:46,080 [main] INFO  handler.ContextHandler (ContextHandler.java:doStart(781)) - Started o.e.j.w.WebAppContext@2bc378f7{/,file:///tmp/jetty-0.0.0.0-33620-hddsDatanode-_-any-7249408014617208786.dir/webapp/,AVAILABLE}{/hddsDatanode}
2019-10-22 00:12:46,081 [main] INFO  server.AbstractConnector (AbstractConnector.java:doStart(278)) - Started ServerConnector@268cbb86{HTTP/1.1,[http/1.1]}{0.0.0.0:33620}
2019-10-22 00:12:46,082 [main] INFO  server.Server (Server.java:doStart(419)) - Started @5070ms
2019-10-22 00:12:46,082 [main] WARN  impl.MetricsSystemImpl (MetricsSystemImpl.java:register(276)) - Sink prometheus already exists!
2019-10-22 00:12:46,083 [main] INFO  server.BaseHttpServer (BaseHttpServer.java:updateConnectorAddress(215)) - HTTP server of HDDSDATANODE is listening at http://0.0.0.0:33620
2019-10-22 00:12:46,084 [main] INFO  impl.MetricsSystemImpl (MetricsSystemImpl.java:init(158)) - HddsDatanode metrics system started (again)
2019-10-22 00:12:46,088 [org.apache.hadoop.util.JvmPauseMonitor$Monitor@422dbba5] INFO  util.JvmPauseMonitor (JvmPauseMonitor.java:run(188)) - Starting JVM pause monitor
2019-10-22 00:12:46,088 [main] INFO  ozone.HddsDatanodeService (HddsDatanodeService.java:start(184)) - HddsDatanodeService host:pr-hdds-2343-5q8j9-3338874002 ip:192.168.157.254
2019-10-22 00:12:46,092 [Datanode State Machine Thread - 0] INFO  datanode.InitDatanodeState (InitDatanodeState.java:persistContainerDatanodeDetails(140)) - DatanodeDetails is persisted to /workdir/hadoop-ozone/integration-test/target/test-dir/MiniOzoneClusterImpl-8b64dd99-cfc4-48e3-b5ea-61cd2ec80401/datanode-7/meta/datanode.id
2019-10-22 00:12:46,096 [main] INFO  volume.HddsVolume (HddsVolume.java:<init>(176)) - Creating Volume: /workdir/hadoop-ozone/integration-test/target/test-dir/MiniOzoneClusterImpl-8b64dd99-cfc4-48e3-b5ea-61cd2ec80401/datanode-8/data/containers/hdds of  storage type : DISK and capacity : 1482555576320
2019-10-22 00:12:46,097 [main] INFO  volume.VolumeSet (VolumeSet.java:initializeVolumeSet(170)) - Added Volume : /workdir/hadoop-ozone/integration-test/target/test-dir/MiniOzoneClusterImpl-8b64dd99-cfc4-48e3-b5ea-61cd2ec80401/datanode-8/data/containers/hdds to VolumeSet
2019-10-22 00:12:46,097 [main] INFO  volume.ThrottledAsyncChecker (ThrottledAsyncChecker.java:schedule(141)) - Scheduling a check for /workdir/hadoop-ozone/integration-test/target/test-dir/MiniOzoneClusterImpl-8b64dd99-cfc4-48e3-b5ea-61cd2ec80401/datanode-8/data/containers/hdds
2019-10-22 00:12:46,098 [main] INFO  volume.HddsVolumeChecker (HddsVolumeChecker.java:checkAllVolumes(204)) - Scheduled health check for volume /workdir/hadoop-ozone/integration-test/target/test-dir/MiniOzoneClusterImpl-8b64dd99-cfc4-48e3-b5ea-61cd2ec80401/datanode-8/data/containers/hdds
2019-10-22 00:12:46,116 [main] INFO  impl.RaftServerProxy (ConfUtils.java:logGet(43)) - raft.rpc.type = GRPC (default)
2019-10-22 00:12:46,116 [main] INFO  grpc.GrpcFactory (GrpcFactory.java:checkPooledByteBufAllocatorUseCacheForAllThreads(45)) - PERFORMANCE WARNING: useCacheForAllThreads is true that may cause Netty to create a lot garbage objects and, as a result, trigger GC.
	It is recommended to disable useCacheForAllThreads by setting -Dorg.apache.ratis.thirdparty.io.netty.allocator.useCacheForAllThreads=false in command line.
2019-10-22 00:12:46,116 [main] INFO  grpc.GrpcConfigKeys$Server (ConfUtils.java:logGet(43)) - raft.grpc.server.port = 0 (default)
2019-10-22 00:12:46,117 [main] INFO  server.GrpcService (ConfUtils.java:logGet(43)) - raft.grpc.message.size.max = 33570816 (custom)
2019-10-22 00:12:46,117 [main] INFO  server.RaftServerConfigKeys (ConfUtils.java:logGet(43)) - raft.server.log.appender.buffer.byte-limit = 33554432 (custom)
2019-10-22 00:12:46,117 [main] INFO  server.GrpcService (ConfUtils.java:logGet(43)) - raft.grpc.flow.control.window = 1MB (=1048576) (default)
2019-10-22 00:12:46,117 [main] INFO  server.RaftServerConfigKeys (ConfUtils.java:logGet(43)) - raft.server.rpc.request.timeout = 3000ms (default)
2019-10-22 00:12:46,118 [main] INFO  server.RaftServerConfigKeys (ConfUtils.java:logGet(43)) - raft.server.storage.dir = [/workdir/hadoop-ozone/integration-test/target/test-dir/MiniOzoneClusterImpl-8b64dd99-cfc4-48e3-b5ea-61cd2ec80401/datanode-8/data/ratis] (custom)
2019-10-22 00:12:46,120 [main] INFO  hdfs.DFSUtil (DFSUtil.java:httpServerTemplateForNNAndJN(1641)) - Starting Web-server for hddsDatanode at: http://0.0.0.0:0
2019-10-22 00:12:46,121 [main] INFO  server.AuthenticationFilter (AuthenticationFilter.java:constructSecretProvider(240)) - Unable to initialize FileSignerSecretProvider, falling back to use random secrets.
2019-10-22 00:12:46,122 [main] WARN  http.HttpRequestLog (HttpRequestLog.java:getRequestLog(97)) - Jetty request log can only be enabled using Log4j
2019-10-22 00:12:46,123 [main] INFO  http.HttpServer2 (HttpServer2.java:addGlobalFilter(975)) - Added global filter 'safety' (class=org.apache.hadoop.http.HttpServer2$QuotingInputFilter)
2019-10-22 00:12:46,124 [main] INFO  http.HttpServer2 (HttpServer2.java:addFilter(948)) - Added filter static_user_filter (class=org.apache.hadoop.http.lib.StaticUserWebFilter$StaticUserFilter) to context hddsDatanode
2019-10-22 00:12:46,124 [main] INFO  http.HttpServer2 (HttpServer2.java:addFilter(958)) - Added filter static_user_filter (class=org.apache.hadoop.http.lib.StaticUserWebFilter$StaticUserFilter) to context logs
2019-10-22 00:12:46,124 [main] INFO  http.HttpServer2 (HttpServer2.java:addFilter(958)) - Added filter static_user_filter (class=org.apache.hadoop.http.lib.StaticUserWebFilter$StaticUserFilter) to context static
2019-10-22 00:12:46,125 [main] INFO  http.HttpServer2 (HttpServer2.java:bindListener(1191)) - Jetty bound to port 35900
2019-10-22 00:12:46,125 [main] INFO  server.Server (Server.java:doStart(351)) - jetty-9.3.25.v20180904, build timestamp: 2018-09-04T21:11:46Z, git hash: 3ce520221d0240229c862b122d2b06c12a625732
2019-10-22 00:12:46,127 [main] INFO  handler.ContextHandler (ContextHandler.java:doStart(781)) - Started o.e.j.s.ServletContextHandler@1ab5f08a{/logs,file:///workdir/hadoop-ozone/integration-test/target/log,AVAILABLE}
2019-10-22 00:12:46,128 [main] INFO  handler.ContextHandler (ContextHandler.java:doStart(781)) - Started o.e.j.s.ServletContextHandler@79a04e5f{/static,jar:file:/home/user/.m2/repository/org/apache/hadoop/hadoop-hdds-container-service/0.5.0-SNAPSHOT/hadoop-hdds-container-service-0.5.0-SNAPSHOT.jar!/webapps/static,AVAILABLE}
2019-10-22 00:12:46,157 [main] INFO  handler.ContextHandler (ContextHandler.java:doStart(781)) - Started o.e.j.w.WebAppContext@5a08efdc{/,file:///tmp/jetty-0.0.0.0-35900-hddsDatanode-_-any-1920908001405027.dir/webapp/,AVAILABLE}{/hddsDatanode}
2019-10-22 00:12:46,157 [main] INFO  server.AbstractConnector (AbstractConnector.java:doStart(278)) - Started ServerConnector@57272109{HTTP/1.1,[http/1.1]}{0.0.0.0:35900}
2019-10-22 00:12:46,158 [main] INFO  server.Server (Server.java:doStart(419)) - Started @5146ms
2019-10-22 00:12:46,158 [main] WARN  impl.MetricsSystemImpl (MetricsSystemImpl.java:register(276)) - Sink prometheus already exists!
2019-10-22 00:12:46,159 [main] INFO  server.BaseHttpServer (BaseHttpServer.java:updateConnectorAddress(215)) - HTTP server of HDDSDATANODE is listening at http://0.0.0.0:35900
2019-10-22 00:12:46,159 [main] INFO  impl.MetricsSystemImpl (MetricsSystemImpl.java:init(158)) - HddsDatanode metrics system started (again)
2019-10-22 00:12:46,162 [main] INFO  ozone.HddsDatanodeService (HddsDatanodeService.java:start(184)) - HddsDatanodeService host:pr-hdds-2343-5q8j9-3338874002 ip:192.168.157.254
2019-10-22 00:12:46,162 [org.apache.hadoop.util.JvmPauseMonitor$Monitor@643ff01a] INFO  util.JvmPauseMonitor (JvmPauseMonitor.java:run(188)) - Starting JVM pause monitor
2019-10-22 00:12:46,165 [Datanode State Machine Thread - 0] INFO  datanode.InitDatanodeState (InitDatanodeState.java:persistContainerDatanodeDetails(140)) - DatanodeDetails is persisted to /workdir/hadoop-ozone/integration-test/target/test-dir/MiniOzoneClusterImpl-8b64dd99-cfc4-48e3-b5ea-61cd2ec80401/datanode-8/meta/datanode.id
2019-10-22 00:12:46,171 [main] INFO  volume.HddsVolume (HddsVolume.java:<init>(176)) - Creating Volume: /workdir/hadoop-ozone/integration-test/target/test-dir/MiniOzoneClusterImpl-8b64dd99-cfc4-48e3-b5ea-61cd2ec80401/datanode-9/data/containers/hdds of  storage type : DISK and capacity : 1482555576320
2019-10-22 00:12:46,172 [main] INFO  volume.VolumeSet (VolumeSet.java:initializeVolumeSet(170)) - Added Volume : /workdir/hadoop-ozone/integration-test/target/test-dir/MiniOzoneClusterImpl-8b64dd99-cfc4-48e3-b5ea-61cd2ec80401/datanode-9/data/containers/hdds to VolumeSet
2019-10-22 00:12:46,172 [main] INFO  volume.ThrottledAsyncChecker (ThrottledAsyncChecker.java:schedule(141)) - Scheduling a check for /workdir/hadoop-ozone/integration-test/target/test-dir/MiniOzoneClusterImpl-8b64dd99-cfc4-48e3-b5ea-61cd2ec80401/datanode-9/data/containers/hdds
2019-10-22 00:12:46,173 [main] INFO  volume.HddsVolumeChecker (HddsVolumeChecker.java:checkAllVolumes(204)) - Scheduled health check for volume /workdir/hadoop-ozone/integration-test/target/test-dir/MiniOzoneClusterImpl-8b64dd99-cfc4-48e3-b5ea-61cd2ec80401/datanode-9/data/containers/hdds
2019-10-22 00:12:46,187 [main] INFO  impl.RaftServerProxy (ConfUtils.java:logGet(43)) - raft.rpc.type = GRPC (default)
2019-10-22 00:12:46,187 [main] INFO  grpc.GrpcFactory (GrpcFactory.java:checkPooledByteBufAllocatorUseCacheForAllThreads(45)) - PERFORMANCE WARNING: useCacheForAllThreads is true that may cause Netty to create a lot garbage objects and, as a result, trigger GC.
	It is recommended to disable useCacheForAllThreads by setting -Dorg.apache.ratis.thirdparty.io.netty.allocator.useCacheForAllThreads=false in command line.
2019-10-22 00:12:46,187 [main] INFO  grpc.GrpcConfigKeys$Server (ConfUtils.java:logGet(43)) - raft.grpc.server.port = 0 (default)
2019-10-22 00:12:46,187 [main] INFO  server.GrpcService (ConfUtils.java:logGet(43)) - raft.grpc.message.size.max = 33570816 (custom)
2019-10-22 00:12:46,188 [main] INFO  server.RaftServerConfigKeys (ConfUtils.java:logGet(43)) - raft.server.log.appender.buffer.byte-limit = 33554432 (custom)
2019-10-22 00:12:46,188 [main] INFO  server.GrpcService (ConfUtils.java:logGet(43)) - raft.grpc.flow.control.window = 1MB (=1048576) (default)
2019-10-22 00:12:46,188 [main] INFO  server.RaftServerConfigKeys (ConfUtils.java:logGet(43)) - raft.server.rpc.request.timeout = 3000ms (default)
2019-10-22 00:12:46,188 [main] INFO  server.RaftServerConfigKeys (ConfUtils.java:logGet(43)) - raft.server.storage.dir = [/workdir/hadoop-ozone/integration-test/target/test-dir/MiniOzoneClusterImpl-8b64dd99-cfc4-48e3-b5ea-61cd2ec80401/datanode-9/data/ratis] (custom)
2019-10-22 00:12:46,190 [main] INFO  hdfs.DFSUtil (DFSUtil.java:httpServerTemplateForNNAndJN(1641)) - Starting Web-server for hddsDatanode at: http://0.0.0.0:0
2019-10-22 00:12:46,191 [main] INFO  server.AuthenticationFilter (AuthenticationFilter.java:constructSecretProvider(240)) - Unable to initialize FileSignerSecretProvider, falling back to use random secrets.
2019-10-22 00:12:46,192 [main] WARN  http.HttpRequestLog (HttpRequestLog.java:getRequestLog(97)) - Jetty request log can only be enabled using Log4j
2019-10-22 00:12:46,193 [main] INFO  http.HttpServer2 (HttpServer2.java:addGlobalFilter(975)) - Added global filter 'safety' (class=org.apache.hadoop.http.HttpServer2$QuotingInputFilter)
2019-10-22 00:12:46,194 [main] INFO  http.HttpServer2 (HttpServer2.java:addFilter(948)) - Added filter static_user_filter (class=org.apache.hadoop.http.lib.StaticUserWebFilter$StaticUserFilter) to context hddsDatanode
2019-10-22 00:12:46,194 [main] INFO  http.HttpServer2 (HttpServer2.java:addFilter(958)) - Added filter static_user_filter (class=org.apache.hadoop.http.lib.StaticUserWebFilter$StaticUserFilter) to context logs
2019-10-22 00:12:46,194 [main] INFO  http.HttpServer2 (HttpServer2.java:addFilter(958)) - Added filter static_user_filter (class=org.apache.hadoop.http.lib.StaticUserWebFilter$StaticUserFilter) to context static
2019-10-22 00:12:46,195 [main] INFO  http.HttpServer2 (HttpServer2.java:bindListener(1191)) - Jetty bound to port 37539
2019-10-22 00:12:46,195 [main] INFO  server.Server (Server.java:doStart(351)) - jetty-9.3.25.v20180904, build timestamp: 2018-09-04T21:11:46Z, git hash: 3ce520221d0240229c862b122d2b06c12a625732
2019-10-22 00:12:46,197 [main] INFO  handler.ContextHandler (ContextHandler.java:doStart(781)) - Started o.e.j.s.ServletContextHandler@1645f294{/logs,file:///workdir/hadoop-ozone/integration-test/target/log,AVAILABLE}
2019-10-22 00:12:46,197 [main] INFO  handler.ContextHandler (ContextHandler.java:doStart(781)) - Started o.e.j.s.ServletContextHandler@15c4af7a{/static,jar:file:/home/user/.m2/repository/org/apache/hadoop/hadoop-hdds-container-service/0.5.0-SNAPSHOT/hadoop-hdds-container-service-0.5.0-SNAPSHOT.jar!/webapps/static,AVAILABLE}
2019-10-22 00:12:46,226 [main] INFO  handler.ContextHandler (ContextHandler.java:doStart(781)) - Started o.e.j.w.WebAppContext@340a8894{/,file:///tmp/jetty-0.0.0.0-37539-hddsDatanode-_-any-3779253889953692731.dir/webapp/,AVAILABLE}{/hddsDatanode}
2019-10-22 00:12:46,227 [main] INFO  server.AbstractConnector (AbstractConnector.java:doStart(278)) - Started ServerConnector@7a8b9166{HTTP/1.1,[http/1.1]}{0.0.0.0:37539}
2019-10-22 00:12:46,228 [main] INFO  server.Server (Server.java:doStart(419)) - Started @5216ms
2019-10-22 00:12:46,228 [main] WARN  impl.MetricsSystemImpl (MetricsSystemImpl.java:register(276)) - Sink prometheus already exists!
2019-10-22 00:12:46,229 [main] INFO  server.BaseHttpServer (BaseHttpServer.java:updateConnectorAddress(215)) - HTTP server of HDDSDATANODE is listening at http://0.0.0.0:37539
2019-10-22 00:12:46,230 [main] INFO  ozone.MiniOzoneClusterImpl (MiniOzoneClusterImpl.java:lambda$waitForClusterToBeReady$0(147)) - Waiting for cluster to be ready. Got 0 of 10 DN Heartbeats.
2019-10-22 00:12:46,230 [org.apache.hadoop.util.JvmPauseMonitor$Monitor@32c4d324] INFO  util.JvmPauseMonitor (JvmPauseMonitor.java:run(188)) - Starting JVM pause monitor
2019-10-22 00:12:46,233 [Datanode State Machine Thread - 0] INFO  datanode.InitDatanodeState (InitDatanodeState.java:persistContainerDatanodeDetails(140)) - DatanodeDetails is persisted to /workdir/hadoop-ozone/integration-test/target/test-dir/MiniOzoneClusterImpl-8b64dd99-cfc4-48e3-b5ea-61cd2ec80401/datanode-9/meta/datanode.id
2019-10-22 00:12:47,230 [main] INFO  ozone.MiniOzoneClusterImpl (MiniOzoneClusterImpl.java:lambda$waitForClusterToBeReady$0(147)) - Waiting for cluster to be ready. Got 0 of 10 DN Heartbeats.
2019-10-22 00:12:47,634 [Datanode State Machine Thread - 0] INFO  ozoneimpl.OzoneContainer (OzoneContainer.java:start(213)) - Attempting to start container services.
2019-10-22 00:12:47,637 [Datanode State Machine Thread - 0] INFO  ozoneimpl.OzoneContainer (OzoneContainer.java:startContainerScrub(177)) - Background container scanner has been disabled.
2019-10-22 00:12:47,638 [Datanode State Machine Thread - 0] INFO  ratis.XceiverServerRatis (XceiverServerRatis.java:start(418)) - Starting XceiverServerRatis 9d453efa-53cb-467a-9eb6-1ab0458610f0 at port 0
2019-10-22 00:12:47,657 [Datanode State Machine Thread - 0] INFO  ozoneimpl.OzoneContainer (OzoneContainer.java:start(213)) - Attempting to start container services.
2019-10-22 00:12:47,664 [Datanode State Machine Thread - 0] INFO  ozoneimpl.OzoneContainer (OzoneContainer.java:startContainerScrub(177)) - Background container scanner has been disabled.
2019-10-22 00:12:47,665 [Datanode State Machine Thread - 0] INFO  ratis.XceiverServerRatis (XceiverServerRatis.java:start(418)) - Starting XceiverServerRatis 2fdb3e93-e0d8-400e-8c33-91e2341b50c6 at port 0
2019-10-22 00:12:47,666 [Datanode State Machine Thread - 0] INFO  impl.RaftServerProxy (RaftServerProxy.java:lambda$start$3(299)) - 9d453efa-53cb-467a-9eb6-1ab0458610f0: start RPC server
2019-10-22 00:12:47,675 [Datanode State Machine Thread - 0] INFO  impl.RaftServerProxy (RaftServerProxy.java:lambda$start$3(299)) - 2fdb3e93-e0d8-400e-8c33-91e2341b50c6: start RPC server
2019-10-22 00:12:47,728 [Datanode State Machine Thread - 0] INFO  ozoneimpl.OzoneContainer (OzoneContainer.java:start(213)) - Attempting to start container services.
2019-10-22 00:12:47,730 [Datanode State Machine Thread - 0] INFO  ozoneimpl.OzoneContainer (OzoneContainer.java:startContainerScrub(177)) - Background container scanner has been disabled.
2019-10-22 00:12:47,730 [Datanode State Machine Thread - 0] INFO  ratis.XceiverServerRatis (XceiverServerRatis.java:start(418)) - Starting XceiverServerRatis d521f5b1-4e7b-4169-9688-2112c7da7b1f at port 0
2019-10-22 00:12:47,737 [Datanode State Machine Thread - 0] INFO  impl.RaftServerProxy (RaftServerProxy.java:lambda$start$3(299)) - d521f5b1-4e7b-4169-9688-2112c7da7b1f: start RPC server
2019-10-22 00:12:47,797 [Datanode State Machine Thread - 0] INFO  ozoneimpl.OzoneContainer (OzoneContainer.java:start(213)) - Attempting to start container services.
2019-10-22 00:12:47,799 [Datanode State Machine Thread - 0] INFO  ozoneimpl.OzoneContainer (OzoneContainer.java:startContainerScrub(177)) - Background container scanner has been disabled.
2019-10-22 00:12:47,799 [Datanode State Machine Thread - 0] INFO  ratis.XceiverServerRatis (XceiverServerRatis.java:start(418)) - Starting XceiverServerRatis 2a52019e-5647-44e1-bf30-9a43fd8a7377 at port 0
2019-10-22 00:12:47,804 [Datanode State Machine Thread - 0] INFO  server.GrpcService (GrpcService.java:startImpl(158)) - 9d453efa-53cb-467a-9eb6-1ab0458610f0: GrpcService started, listening on 0.0.0.0/0.0.0.0:38611
2019-10-22 00:12:47,804 [Datanode State Machine Thread - 0] INFO  server.GrpcService (GrpcService.java:startImpl(158)) - 2fdb3e93-e0d8-400e-8c33-91e2341b50c6: GrpcService started, listening on 0.0.0.0/0.0.0.0:43254
2019-10-22 00:12:47,805 [Datanode State Machine Thread - 0] INFO  ratis.XceiverServerRatis (XceiverServerRatis.java:start(428)) - XceiverServerRatis 9d453efa-53cb-467a-9eb6-1ab0458610f0 is started using port 38611
2019-10-22 00:12:47,804 [Datanode State Machine Thread - 0] INFO  server.GrpcService (GrpcService.java:startImpl(158)) - d521f5b1-4e7b-4169-9688-2112c7da7b1f: GrpcService started, listening on 0.0.0.0/0.0.0.0:45094
2019-10-22 00:12:47,805 [Datanode State Machine Thread - 0] INFO  ratis.XceiverServerRatis (XceiverServerRatis.java:start(428)) - XceiverServerRatis 2fdb3e93-e0d8-400e-8c33-91e2341b50c6 is started using port 43254
2019-10-22 00:12:47,806 [Datanode State Machine Thread - 0] INFO  ratis.XceiverServerRatis (XceiverServerRatis.java:start(428)) - XceiverServerRatis d521f5b1-4e7b-4169-9688-2112c7da7b1f is started using port 45094
2019-10-22 00:12:47,813 [Datanode State Machine Thread - 0] INFO  impl.RaftServerProxy (RaftServerProxy.java:lambda$start$3(299)) - 2a52019e-5647-44e1-bf30-9a43fd8a7377: start RPC server
2019-10-22 00:12:47,813 [Datanode State Machine Thread - 0] INFO  server.XceiverServerGrpc (XceiverServerGrpc.java:start(149)) - XceiverServerGrpc d521f5b1-4e7b-4169-9688-2112c7da7b1f is started using port 33506
2019-10-22 00:12:47,813 [Datanode State Machine Thread - 0] INFO  server.XceiverServerGrpc (XceiverServerGrpc.java:start(149)) - XceiverServerGrpc 9d453efa-53cb-467a-9eb6-1ab0458610f0 is started using port 34079
2019-10-22 00:12:47,813 [Datanode State Machine Thread - 0] INFO  server.XceiverServerGrpc (XceiverServerGrpc.java:start(149)) - XceiverServerGrpc 2fdb3e93-e0d8-400e-8c33-91e2341b50c6 is started using port 33513
2019-10-22 00:12:47,816 [Datanode State Machine Thread - 0] INFO  server.GrpcService (GrpcService.java:startImpl(158)) - 2a52019e-5647-44e1-bf30-9a43fd8a7377: GrpcService started, listening on 0.0.0.0/0.0.0.0:36038
2019-10-22 00:12:47,816 [Datanode State Machine Thread - 0] INFO  ratis.XceiverServerRatis (XceiverServerRatis.java:start(428)) - XceiverServerRatis 2a52019e-5647-44e1-bf30-9a43fd8a7377 is started using port 36038
2019-10-22 00:12:47,818 [Datanode State Machine Thread - 0] INFO  server.XceiverServerGrpc (XceiverServerGrpc.java:start(149)) - XceiverServerGrpc 2a52019e-5647-44e1-bf30-9a43fd8a7377 is started using port 43144
2019-10-22 00:12:47,862 [Datanode State Machine Thread - 0] INFO  ozoneimpl.OzoneContainer (OzoneContainer.java:start(213)) - Attempting to start container services.
2019-10-22 00:12:47,864 [Datanode State Machine Thread - 0] INFO  ozoneimpl.OzoneContainer (OzoneContainer.java:startContainerScrub(177)) - Background container scanner has been disabled.
2019-10-22 00:12:47,864 [Datanode State Machine Thread - 0] INFO  ratis.XceiverServerRatis (XceiverServerRatis.java:start(418)) - Starting XceiverServerRatis 062c71de-08d9-40ee-9309-15590e2e8e68 at port 0
2019-10-22 00:12:47,870 [Datanode State Machine Thread - 0] INFO  impl.RaftServerProxy (RaftServerProxy.java:lambda$start$3(299)) - 062c71de-08d9-40ee-9309-15590e2e8e68: start RPC server
2019-10-22 00:12:47,872 [Datanode State Machine Thread - 0] INFO  server.GrpcService (GrpcService.java:startImpl(158)) - 062c71de-08d9-40ee-9309-15590e2e8e68: GrpcService started, listening on 0.0.0.0/0.0.0.0:45598
2019-10-22 00:12:47,872 [Datanode State Machine Thread - 0] INFO  ratis.XceiverServerRatis (XceiverServerRatis.java:start(428)) - XceiverServerRatis 062c71de-08d9-40ee-9309-15590e2e8e68 is started using port 45598
2019-10-22 00:12:47,874 [Datanode State Machine Thread - 0] INFO  server.XceiverServerGrpc (XceiverServerGrpc.java:start(149)) - XceiverServerGrpc 062c71de-08d9-40ee-9309-15590e2e8e68 is started using port 43610
2019-10-22 00:12:47,971 [Datanode State Machine Thread - 0] INFO  ozoneimpl.OzoneContainer (OzoneContainer.java:start(213)) - Attempting to start container services.
2019-10-22 00:12:47,973 [Datanode State Machine Thread - 0] INFO  ozoneimpl.OzoneContainer (OzoneContainer.java:startContainerScrub(177)) - Background container scanner has been disabled.
2019-10-22 00:12:47,973 [Datanode State Machine Thread - 0] INFO  ratis.XceiverServerRatis (XceiverServerRatis.java:start(418)) - Starting XceiverServerRatis 5732e052-e19f-40fe-a104-972211db20fb at port 0
2019-10-22 00:12:47,982 [Datanode State Machine Thread - 0] INFO  impl.RaftServerProxy (RaftServerProxy.java:lambda$start$3(299)) - 5732e052-e19f-40fe-a104-972211db20fb: start RPC server
2019-10-22 00:12:47,985 [Datanode State Machine Thread - 0] INFO  server.GrpcService (GrpcService.java:startImpl(158)) - 5732e052-e19f-40fe-a104-972211db20fb: GrpcService started, listening on 0.0.0.0/0.0.0.0:37262
2019-10-22 00:12:47,985 [Datanode State Machine Thread - 0] INFO  ratis.XceiverServerRatis (XceiverServerRatis.java:start(428)) - XceiverServerRatis 5732e052-e19f-40fe-a104-972211db20fb is started using port 37262
2019-10-22 00:12:47,988 [Datanode State Machine Thread - 0] INFO  server.XceiverServerGrpc (XceiverServerGrpc.java:start(149)) - XceiverServerGrpc 5732e052-e19f-40fe-a104-972211db20fb is started using port 36976
2019-10-22 00:12:48,028 [Datanode State Machine Thread - 0] INFO  ozoneimpl.OzoneContainer (OzoneContainer.java:start(213)) - Attempting to start container services.
2019-10-22 00:12:48,030 [Datanode State Machine Thread - 0] INFO  ozoneimpl.OzoneContainer (OzoneContainer.java:startContainerScrub(177)) - Background container scanner has been disabled.
2019-10-22 00:12:48,030 [Datanode State Machine Thread - 0] INFO  ratis.XceiverServerRatis (XceiverServerRatis.java:start(418)) - Starting XceiverServerRatis 25e98bce-f4fb-4d35-beee-20b3c020766b at port 0
2019-10-22 00:12:48,038 [Datanode State Machine Thread - 0] INFO  impl.RaftServerProxy (RaftServerProxy.java:lambda$start$3(299)) - 25e98bce-f4fb-4d35-beee-20b3c020766b: start RPC server
2019-10-22 00:12:48,041 [Datanode State Machine Thread - 0] INFO  server.GrpcService (GrpcService.java:startImpl(158)) - 25e98bce-f4fb-4d35-beee-20b3c020766b: GrpcService started, listening on 0.0.0.0/0.0.0.0:43271
2019-10-22 00:12:48,041 [Datanode State Machine Thread - 0] INFO  ratis.XceiverServerRatis (XceiverServerRatis.java:start(428)) - XceiverServerRatis 25e98bce-f4fb-4d35-beee-20b3c020766b is started using port 43271
2019-10-22 00:12:48,043 [Datanode State Machine Thread - 0] INFO  server.XceiverServerGrpc (XceiverServerGrpc.java:start(149)) - XceiverServerGrpc 25e98bce-f4fb-4d35-beee-20b3c020766b is started using port 44716
2019-10-22 00:12:48,116 [Datanode State Machine Thread - 0] INFO  ozoneimpl.OzoneContainer (OzoneContainer.java:start(213)) - Attempting to start container services.
2019-10-22 00:12:48,118 [Datanode State Machine Thread - 0] INFO  ozoneimpl.OzoneContainer (OzoneContainer.java:startContainerScrub(177)) - Background container scanner has been disabled.
2019-10-22 00:12:48,118 [Datanode State Machine Thread - 0] INFO  ratis.XceiverServerRatis (XceiverServerRatis.java:start(418)) - Starting XceiverServerRatis f318eb4e-a4da-4d18-984a-fa4eff1dbce1 at port 0
2019-10-22 00:12:48,126 [Datanode State Machine Thread - 0] INFO  impl.RaftServerProxy (RaftServerProxy.java:lambda$start$3(299)) - f318eb4e-a4da-4d18-984a-fa4eff1dbce1: start RPC server
2019-10-22 00:12:48,129 [Datanode State Machine Thread - 0] INFO  server.GrpcService (GrpcService.java:startImpl(158)) - f318eb4e-a4da-4d18-984a-fa4eff1dbce1: GrpcService started, listening on 0.0.0.0/0.0.0.0:43586
2019-10-22 00:12:48,130 [Datanode State Machine Thread - 0] INFO  ratis.XceiverServerRatis (XceiverServerRatis.java:start(428)) - XceiverServerRatis f318eb4e-a4da-4d18-984a-fa4eff1dbce1 is started using port 43586
2019-10-22 00:12:48,132 [Datanode State Machine Thread - 0] INFO  server.XceiverServerGrpc (XceiverServerGrpc.java:start(149)) - XceiverServerGrpc f318eb4e-a4da-4d18-984a-fa4eff1dbce1 is started using port 43917
2019-10-22 00:12:48,180 [Datanode State Machine Thread - 0] INFO  ozoneimpl.OzoneContainer (OzoneContainer.java:start(213)) - Attempting to start container services.
2019-10-22 00:12:48,182 [Datanode State Machine Thread - 0] INFO  ozoneimpl.OzoneContainer (OzoneContainer.java:startContainerScrub(177)) - Background container scanner has been disabled.
2019-10-22 00:12:48,182 [Datanode State Machine Thread - 0] INFO  ratis.XceiverServerRatis (XceiverServerRatis.java:start(418)) - Starting XceiverServerRatis 1913eeb9-7f58-4aef-bfea-8e00a2a3aadf at port 0
2019-10-22 00:12:48,188 [Datanode State Machine Thread - 0] INFO  impl.RaftServerProxy (RaftServerProxy.java:lambda$start$3(299)) - 1913eeb9-7f58-4aef-bfea-8e00a2a3aadf: start RPC server
2019-10-22 00:12:48,192 [Datanode State Machine Thread - 0] INFO  server.GrpcService (GrpcService.java:startImpl(158)) - 1913eeb9-7f58-4aef-bfea-8e00a2a3aadf: GrpcService started, listening on 0.0.0.0/0.0.0.0:38825
2019-10-22 00:12:48,192 [Datanode State Machine Thread - 0] INFO  ratis.XceiverServerRatis (XceiverServerRatis.java:start(428)) - XceiverServerRatis 1913eeb9-7f58-4aef-bfea-8e00a2a3aadf is started using port 38825
2019-10-22 00:12:48,201 [Datanode State Machine Thread - 0] INFO  server.XceiverServerGrpc (XceiverServerGrpc.java:start(149)) - XceiverServerGrpc 1913eeb9-7f58-4aef-bfea-8e00a2a3aadf is started using port 38673
2019-10-22 00:12:48,232 [main] INFO  ozone.MiniOzoneClusterImpl (MiniOzoneClusterImpl.java:lambda$waitForClusterToBeReady$0(147)) - Waiting for cluster to be ready. Got 0 of 10 DN Heartbeats.
2019-10-22 00:12:48,260 [Datanode State Machine Thread - 0] INFO  ozoneimpl.OzoneContainer (OzoneContainer.java:start(213)) - Attempting to start container services.
2019-10-22 00:12:48,267 [Datanode State Machine Thread - 0] INFO  ozoneimpl.OzoneContainer (OzoneContainer.java:startContainerScrub(177)) - Background container scanner has been disabled.
2019-10-22 00:12:48,267 [Datanode State Machine Thread - 0] INFO  ratis.XceiverServerRatis (XceiverServerRatis.java:start(418)) - Starting XceiverServerRatis fad63ceb-ed14-4322-905d-6ef3599ac734 at port 0
2019-10-22 00:12:48,273 [Datanode State Machine Thread - 0] INFO  impl.RaftServerProxy (RaftServerProxy.java:lambda$start$3(299)) - fad63ceb-ed14-4322-905d-6ef3599ac734: start RPC server
2019-10-22 00:12:48,275 [Datanode State Machine Thread - 0] INFO  server.GrpcService (GrpcService.java:startImpl(158)) - fad63ceb-ed14-4322-905d-6ef3599ac734: GrpcService started, listening on 0.0.0.0/0.0.0.0:39274
2019-10-22 00:12:48,275 [Datanode State Machine Thread - 0] INFO  ratis.XceiverServerRatis (XceiverServerRatis.java:start(428)) - XceiverServerRatis fad63ceb-ed14-4322-905d-6ef3599ac734 is started using port 39274
2019-10-22 00:12:48,289 [Datanode State Machine Thread - 0] INFO  server.XceiverServerGrpc (XceiverServerGrpc.java:start(149)) - XceiverServerGrpc fad63ceb-ed14-4322-905d-6ef3599ac734 is started using port 44591
2019-10-22 00:12:49,232 [main] INFO  ozone.MiniOzoneClusterImpl (MiniOzoneClusterImpl.java:lambda$waitForClusterToBeReady$0(147)) - Waiting for cluster to be ready. Got 0 of 10 DN Heartbeats.
2019-10-22 00:12:49,579 [IPC Server handler 0 on 35534] INFO  net.NetworkTopology (NetworkTopologyImpl.java:add(111)) - Added a new node: /default-rack/9d453efa-53cb-467a-9eb6-1ab0458610f0
2019-10-22 00:12:49,580 [IPC Server handler 0 on 35534] INFO  node.SCMNodeManager (SCMNodeManager.java:register(268)) - Registered Data node : 9d453efa-53cb-467a-9eb6-1ab0458610f0{ip: 192.168.157.254, host: pr-hdds-2343-5q8j9-3338874002, networkLocation: /default-rack, certSerialId: null}
2019-10-22 00:12:49,584 [EventQueue-NodeRegistrationContainerReportForDataNodeSafeModeRule] INFO  safemode.SCMSafeModeManager (DataNodeSafeModeRule.java:process(71)) - SCM in safe mode. 1 DataNodes registered, 1 required.
2019-10-22 00:12:49,584 [EventQueue-NodeRegistrationContainerReportForDataNodeSafeModeRule] INFO  safemode.SCMSafeModeManager (SCMSafeModeManager.java:validateSafeModeExitRules(177)) - ScmSafeModeManager, all rules are successfully validated
2019-10-22 00:12:49,584 [EventQueue-NodeRegistrationContainerReportForDataNodeSafeModeRule] INFO  safemode.SCMSafeModeManager (SCMSafeModeManager.java:exitSafeMode(193)) - SCM exiting safe mode.
2019-10-22 00:12:49,642 [IPC Server handler 1 on 35534] INFO  net.NetworkTopology (NetworkTopologyImpl.java:add(111)) - Added a new node: /default-rack/2fdb3e93-e0d8-400e-8c33-91e2341b50c6
2019-10-22 00:12:49,643 [IPC Server handler 1 on 35534] INFO  node.SCMNodeManager (SCMNodeManager.java:register(268)) - Registered Data node : 2fdb3e93-e0d8-400e-8c33-91e2341b50c6{ip: 192.168.157.254, host: pr-hdds-2343-5q8j9-3338874002, networkLocation: /default-rack, certSerialId: null}
2019-10-22 00:12:49,715 [IPC Server handler 3 on 35534] INFO  net.NetworkTopology (NetworkTopologyImpl.java:add(111)) - Added a new node: /default-rack/d521f5b1-4e7b-4169-9688-2112c7da7b1f
2019-10-22 00:12:49,715 [IPC Server handler 3 on 35534] INFO  node.SCMNodeManager (SCMNodeManager.java:register(268)) - Registered Data node : d521f5b1-4e7b-4169-9688-2112c7da7b1f{ip: 192.168.157.254, host: pr-hdds-2343-5q8j9-3338874002, networkLocation: /default-rack, certSerialId: null}
2019-10-22 00:12:49,784 [IPC Server handler 4 on 35534] INFO  net.NetworkTopology (NetworkTopologyImpl.java:add(111)) - Added a new node: /default-rack/2a52019e-5647-44e1-bf30-9a43fd8a7377
2019-10-22 00:12:49,785 [IPC Server handler 4 on 35534] INFO  node.SCMNodeManager (SCMNodeManager.java:register(268)) - Registered Data node : 2a52019e-5647-44e1-bf30-9a43fd8a7377{ip: 192.168.157.254, host: pr-hdds-2343-5q8j9-3338874002, networkLocation: /default-rack, certSerialId: null}
2019-10-22 00:12:49,852 [IPC Server handler 5 on 35534] INFO  net.NetworkTopology (NetworkTopologyImpl.java:add(111)) - Added a new node: /default-rack/062c71de-08d9-40ee-9309-15590e2e8e68
2019-10-22 00:12:49,852 [IPC Server handler 5 on 35534] INFO  node.SCMNodeManager (SCMNodeManager.java:register(268)) - Registered Data node : 062c71de-08d9-40ee-9309-15590e2e8e68{ip: 192.168.157.254, host: pr-hdds-2343-5q8j9-3338874002, networkLocation: /default-rack, certSerialId: null}
2019-10-22 00:12:49,936 [IPC Server handler 6 on 35534] INFO  net.NetworkTopology (NetworkTopologyImpl.java:add(111)) - Added a new node: /default-rack/5732e052-e19f-40fe-a104-972211db20fb
2019-10-22 00:12:49,936 [IPC Server handler 6 on 35534] INFO  node.SCMNodeManager (SCMNodeManager.java:register(268)) - Registered Data node : 5732e052-e19f-40fe-a104-972211db20fb{ip: 192.168.157.254, host: pr-hdds-2343-5q8j9-3338874002, networkLocation: /default-rack, certSerialId: null}
2019-10-22 00:12:50,016 [IPC Server handler 7 on 35534] INFO  net.NetworkTopology (NetworkTopologyImpl.java:add(111)) - Added a new node: /default-rack/25e98bce-f4fb-4d35-beee-20b3c020766b
2019-10-22 00:12:50,017 [IPC Server handler 7 on 35534] INFO  node.SCMNodeManager (SCMNodeManager.java:register(268)) - Registered Data node : 25e98bce-f4fb-4d35-beee-20b3c020766b{ip: 192.168.157.254, host: pr-hdds-2343-5q8j9-3338874002, networkLocation: /default-rack, certSerialId: null}
2019-10-22 00:12:50,053 [grpc-default-executor-0] INFO  impl.RaftServerProxy (RaftServerProxy.java:addNew(89)) - 9d453efa-53cb-467a-9eb6-1ab0458610f0: addNew group-EE734774E148:[9d453efa-53cb-467a-9eb6-1ab0458610f0:192.168.157.254:38611] returns group-EE734774E148:java.util.concurrent.CompletableFuture@35454106[Not completed]
2019-10-22 00:12:50,092 [IPC Server handler 8 on 35534] INFO  net.NetworkTopology (NetworkTopologyImpl.java:add(111)) - Added a new node: /default-rack/f318eb4e-a4da-4d18-984a-fa4eff1dbce1
2019-10-22 00:12:50,092 [IPC Server handler 8 on 35534] INFO  node.SCMNodeManager (SCMNodeManager.java:register(268)) - Registered Data node : f318eb4e-a4da-4d18-984a-fa4eff1dbce1{ip: 192.168.157.254, host: pr-hdds-2343-5q8j9-3338874002, networkLocation: /default-rack, certSerialId: null}
2019-10-22 00:12:50,093 [pool-27-thread-1] INFO  impl.RaftServerImpl (RaftServerImpl.java:<init>(104)) - 9d453efa-53cb-467a-9eb6-1ab0458610f0: new RaftServerImpl for group-EE734774E148:[9d453efa-53cb-467a-9eb6-1ab0458610f0:192.168.157.254:38611] with ContainerStateMachine:uninitialized
2019-10-22 00:12:50,095 [pool-27-thread-1] INFO  server.RaftServerConfigKeys (ConfUtils.java:logGet(43)) - raft.server.rpc.timeout.min = 1s (custom)
2019-10-22 00:12:50,097 [pool-27-thread-1] INFO  server.RaftServerConfigKeys (ConfUtils.java:logGet(43)) - raft.server.rpc.timeout.max = 1200ms (custom)
2019-10-22 00:12:50,098 [pool-27-thread-1] INFO  server.RaftServerConfigKeys (ConfUtils.java:logGet(43)) - raft.server.rpcslowness.timeout = 120s (custom)
2019-10-22 00:12:50,098 [pool-27-thread-1] INFO  server.RaftServerConfigKeys (ConfUtils.java:logGet(43)) - raft.server.sleep.deviation.threshold = 300 (default)
2019-10-22 00:12:50,099 [pool-27-thread-1] INFO  server.RaftServerConfigKeys (ConfUtils.java:logGet(43)) - raft.server.log.appender.install.snapshot.enabled = false (custom)
2019-10-22 00:12:50,108 [pool-27-thread-1] INFO  impl.RaftServerImpl (ServerState.java:<init>(103)) - 9d453efa-53cb-467a-9eb6-1ab0458610f0@group-EE734774E148: ConfigurationManager, init=-1: [9d453efa-53cb-467a-9eb6-1ab0458610f0:192.168.157.254:38611], old=null, confs=<EMPTY_MAP>
2019-10-22 00:12:50,108 [pool-27-thread-1] INFO  server.RaftServerConfigKeys (ConfUtils.java:logGet(43)) - raft.server.storage.dir = [/workdir/hadoop-ozone/integration-test/target/test-dir/MiniOzoneClusterImpl-8b64dd99-cfc4-48e3-b5ea-61cd2ec80401/datanode-0/data/ratis] (custom)
2019-10-22 00:12:50,115 [pool-27-thread-1] INFO  server.RaftServerConfigKeys (ConfUtils.java:logGet(43)) - raft.server.log.corruption.policy = EXCEPTION (default)
2019-10-22 00:12:50,117 [pool-27-thread-1] INFO  storage.RaftStorageDirectory (RaftStorageDirectory.java:analyzeStorage(246)) - The storage directory /workdir/hadoop-ozone/integration-test/target/test-dir/MiniOzoneClusterImpl-8b64dd99-cfc4-48e3-b5ea-61cd2ec80401/datanode-0/data/ratis/6156455a-d417-4934-a886-ee734774e148 does not exist. Creating ...
2019-10-22 00:12:50,134 [pool-27-thread-1] INFO  storage.RaftStorageDirectory (RaftStorageDirectory.java:tryLock(328)) - Lock on /workdir/hadoop-ozone/integration-test/target/test-dir/MiniOzoneClusterImpl-8b64dd99-cfc4-48e3-b5ea-61cd2ec80401/datanode-0/data/ratis/6156455a-d417-4934-a886-ee734774e148/in_use.lock acquired by nodename 18293@pr-hdds-2343-5q8j9-3338874002
2019-10-22 00:12:50,149 [pool-27-thread-1] INFO  storage.RaftStorage (RaftStorage.java:format(84)) - Storage directory /workdir/hadoop-ozone/integration-test/target/test-dir/MiniOzoneClusterImpl-8b64dd99-cfc4-48e3-b5ea-61cd2ec80401/datanode-0/data/ratis/6156455a-d417-4934-a886-ee734774e148 has been successfully formatted.
2019-10-22 00:12:50,152 [pool-27-thread-1] INFO  ratis.ContainerStateMachine (ContainerStateMachine.java:loadSnapshot(231)) - group-EE734774E148: The snapshot info is null. Setting the last applied indexto:(t:0, i:~)
2019-10-22 00:12:50,152 [pool-27-thread-1] INFO  server.RaftServerConfigKeys (ConfUtils.java:logGet(43)) - raft.server.notification.no-leader.timeout = 120s (custom)
2019-10-22 00:12:50,154 [pool-27-thread-1] INFO  server.RaftServerConfigKeys (ConfUtils.java:logGet(43)) - raft.server.log.use.memory = false (default)
2019-10-22 00:12:50,158 [pool-27-thread-1] INFO  server.RaftServerConfigKeys (ConfUtils.java:logGet(43)) - raft.server.log.purge.gap = 1000000 (custom)
2019-10-22 00:12:50,158 [pool-27-thread-1] INFO  server.RaftServerConfigKeys (ConfUtils.java:logGet(43)) - raft.server.log.appender.buffer.byte-limit = 33554432 (custom)
2019-10-22 00:12:50,160 [pool-27-thread-1] INFO  server.RaftServerConfigKeys (ConfUtils.java:logGet(43)) - raft.server.log.segment.size.max = 1048576 (custom)
2019-10-22 00:12:50,162 [pool-27-thread-1] INFO  impl.MetricsSystemImpl (MetricsSystemImpl.java:init(158)) - ratis metrics system started (again)
2019-10-22 00:12:50,166 [IPC Server handler 9 on 35534] INFO  net.NetworkTopology (NetworkTopologyImpl.java:add(111)) - Added a new node: /default-rack/1913eeb9-7f58-4aef-bfea-8e00a2a3aadf
2019-10-22 00:12:50,166 [IPC Server handler 9 on 35534] INFO  node.SCMNodeManager (SCMNodeManager.java:register(268)) - Registered Data node : 1913eeb9-7f58-4aef-bfea-8e00a2a3aadf{ip: 192.168.157.254, host: pr-hdds-2343-5q8j9-3338874002, networkLocation: /default-rack, certSerialId: null}
2019-10-22 00:12:50,167 [pool-27-thread-1] INFO  metrics.MetricRegistries (MetricRegistriesLoader.java:load(64)) - Loaded MetricRegistries class org.apache.ratis.metrics.impl.MetricRegistriesImpl
2019-10-22 00:12:50,196 [pool-27-thread-1] INFO  server.RaftServerConfigKeys (ConfUtils.java:logGet(43)) - raft.server.log.segment.cache.num.max = 2 (custom)
2019-10-22 00:12:50,201 [pool-27-thread-1] INFO  segmented.SegmentedRaftLogWorker (SegmentedRaftLogWorker.java:<init>(173)) - new 9d453efa-53cb-467a-9eb6-1ab0458610f0@group-EE734774E148-SegmentedRaftLogWorker for RaftStorage:Storage Directory /workdir/hadoop-ozone/integration-test/target/test-dir/MiniOzoneClusterImpl-8b64dd99-cfc4-48e3-b5ea-61cd2ec80401/datanode-0/data/ratis/6156455a-d417-4934-a886-ee734774e148
2019-10-22 00:12:50,202 [pool-27-thread-1] INFO  server.RaftServerConfigKeys (ConfUtils.java:logGet(43)) - raft.server.log.queue.byte-limit = 2147483647 (custom)
2019-10-22 00:12:50,202 [pool-27-thread-1] INFO  server.RaftServerConfigKeys (ConfUtils.java:logGet(43)) - raft.server.log.queue.element-limit = 1024 (custom)
2019-10-22 00:12:50,203 [pool-27-thread-1] INFO  server.RaftServerConfigKeys (ConfUtils.java:logGet(43)) - raft.server.log.segment.size.max = 1048576 (custom)
2019-10-22 00:12:50,203 [pool-27-thread-1] INFO  server.RaftServerConfigKeys (ConfUtils.java:logGet(43)) - raft.server.log.preallocated.size = 16384 (custom)
2019-10-22 00:12:50,204 [pool-27-thread-1] INFO  server.RaftServerConfigKeys (ConfUtils.java:logGet(43)) - raft.server.log.write.buffer.size = 33554432 (custom)
2019-10-22 00:12:50,204 [pool-27-thread-1] INFO  server.RaftServerConfigKeys (ConfUtils.java:logGet(43)) - raft.server.log.force.sync.num = 128 (default)
2019-10-22 00:12:50,205 [pool-27-thread-1] INFO  server.RaftServerConfigKeys (ConfUtils.java:logGet(43)) - raft.server.log.statemachine.data.sync = true (default)
2019-10-22 00:12:50,205 [pool-27-thread-1] INFO  server.RaftServerConfigKeys (ConfUtils.java:logGet(43)) - raft.server.log.statemachine.data.sync.timeout = 10s (default)
2019-10-22 00:12:50,206 [pool-27-thread-1] INFO  server.RaftServerConfigKeys (ConfUtils.java:logGet(43)) - raft.server.log.statemachine.data.sync.timeout.retry = -1 (default)
2019-10-22 00:12:50,216 [pool-27-thread-1] INFO  server.RaftServerConfigKeys (ConfUtils.java:logGet(43)) - raft.server.log.statemachine.data.caching.enabled = true (custom)
2019-10-22 00:12:50,220 [pool-27-thread-1] INFO  segmented.SegmentedRaftLogWorker (SegmentedRaftLogWorker.java:lambda$new$0(128)) - 9d453efa-53cb-467a-9eb6-1ab0458610f0@group-EE734774E148-SegmentedRaftLogWorker: flushIndex: setUnconditionally 0 -> -1
2019-10-22 00:12:50,224 [pool-27-thread-1] INFO  server.RaftServerConfigKeys (ConfUtils.java:logGet(43)) - raft.server.snapshot.auto.trigger.enabled = true (custom)
2019-10-22 00:12:50,224 [pool-27-thread-1] INFO  server.RaftServerConfigKeys (ConfUtils.java:logGet(43)) - raft.server.snapshot.auto.trigger.threshold = 10000 (custom)
2019-10-22 00:12:50,225 [pool-27-thread-1] INFO  server.RaftServerConfigKeys (ConfUtils.java:logGet(43)) - raft.server.snapshot.retention.file.num = 5 (custom)
2019-10-22 00:12:50,225 [pool-27-thread-1] INFO  server.RaftServerConfigKeys (ConfUtils.java:logGet(43)) - raft.server.retrycache.expirytime = 600000ms (custom)
2019-10-22 00:12:50,237 [main] INFO  ozone.MiniOzoneClusterImpl (MiniOzoneClusterImpl.java:lambda$waitForClusterToBeReady$0(147)) - Waiting for cluster to be ready. Got 9 of 10 DN Heartbeats.
2019-10-22 00:12:50,242 [IPC Server handler 10 on 35534] INFO  net.NetworkTopology (NetworkTopologyImpl.java:add(111)) - Added a new node: /default-rack/fad63ceb-ed14-4322-905d-6ef3599ac734
2019-10-22 00:12:50,243 [IPC Server handler 10 on 35534] INFO  node.SCMNodeManager (SCMNodeManager.java:register(268)) - Registered Data node : fad63ceb-ed14-4322-905d-6ef3599ac734{ip: 192.168.157.254, host: pr-hdds-2343-5q8j9-3338874002, networkLocation: /default-rack, certSerialId: null}
2019-10-22 00:12:50,261 [pool-27-thread-1] INFO  impl.RaftServerImpl (RaftServerImpl.java:start(195)) - 9d453efa-53cb-467a-9eb6-1ab0458610f0@group-EE734774E148: start as a follower, conf=-1: [9d453efa-53cb-467a-9eb6-1ab0458610f0:192.168.157.254:38611], old=null
2019-10-22 00:12:50,261 [pool-27-thread-1] INFO  impl.RaftServerImpl (RaftServerImpl.java:setRole(184)) - 9d453efa-53cb-467a-9eb6-1ab0458610f0@group-EE734774E148: changes role from      null to FOLLOWER at term 0 for startAsFollower
2019-10-22 00:12:50,262 [pool-27-thread-1] INFO  impl.RoleInfo (RoleInfo.java:updateAndGet(143)) - 9d453efa-53cb-467a-9eb6-1ab0458610f0: start FollowerState
2019-10-22 00:12:50,264 [pool-27-thread-1] INFO  util.JmxRegister (JmxRegister.java:tryRegister(44)) - Successfully registered JMX Bean with object name Ratis:service=RaftServer,group=group-EE734774E148,id=9d453efa-53cb-467a-9eb6-1ab0458610f0
2019-10-22 00:12:50,313 [Thread-285] INFO  impl.FollowerState (FollowerState.java:run(108)) - 9d453efa-53cb-467a-9eb6-1ab0458610f0@group-EE734774E148-FollowerState: change to CANDIDATE, lastRpcTime:50ms, electionTimeout:50ms
2019-10-22 00:12:50,318 [Thread-285] INFO  impl.RoleInfo (RoleInfo.java:shutdownFollowerState(121)) - 9d453efa-53cb-467a-9eb6-1ab0458610f0: shutdown FollowerState
2019-10-22 00:12:50,319 [Thread-285] INFO  impl.RaftServerImpl (RaftServerImpl.java:setRole(184)) - 9d453efa-53cb-467a-9eb6-1ab0458610f0@group-EE734774E148: changes role from  FOLLOWER to CANDIDATE at term 0 for changeToCandidate
2019-10-22 00:12:50,324 [Thread-285] INFO  impl.RoleInfo (RoleInfo.java:updateAndGet(143)) - 9d453efa-53cb-467a-9eb6-1ab0458610f0: start LeaderElection
2019-10-22 00:12:50,337 [RatisPipelineUtilsThread] INFO  pipeline.PipelineStateManager (PipelineStateManager.java:addPipeline(56)) - Created pipeline Pipeline[ Id: 6156455a-d417-4934-a886-ee734774e148, Nodes: 9d453efa-53cb-467a-9eb6-1ab0458610f0{ip: 192.168.157.254, host: pr-hdds-2343-5q8j9-3338874002, networkLocation: /default-rack, certSerialId: null}, Type:RATIS, Factor:ONE, State:OPEN]
2019-10-22 00:12:50,344 [9d453efa-53cb-467a-9eb6-1ab0458610f0@group-EE734774E148-LeaderElection1] INFO  impl.LeaderElection (LeaderElection.java:askForVotes(178)) - 9d453efa-53cb-467a-9eb6-1ab0458610f0@group-EE734774E148-LeaderElection1: begin an election at term 1 for -1: [9d453efa-53cb-467a-9eb6-1ab0458610f0:192.168.157.254:38611], old=null
2019-10-22 00:12:50,349 [9d453efa-53cb-467a-9eb6-1ab0458610f0@group-EE734774E148-LeaderElection1] INFO  impl.RoleInfo (RoleInfo.java:shutdownLeaderElection(134)) - 9d453efa-53cb-467a-9eb6-1ab0458610f0: shutdown LeaderElection
2019-10-22 00:12:50,351 [9d453efa-53cb-467a-9eb6-1ab0458610f0@group-EE734774E148-LeaderElection1] INFO  impl.RaftServerImpl (RaftServerImpl.java:setRole(184)) - 9d453efa-53cb-467a-9eb6-1ab0458610f0@group-EE734774E148: changes role from CANDIDATE to LEADER at term 1 for changeToLeader
2019-10-22 00:12:50,352 [9d453efa-53cb-467a-9eb6-1ab0458610f0@group-EE734774E148-LeaderElection1] INFO  impl.RaftServerImpl (ServerState.java:setLeader(256)) - 9d453efa-53cb-467a-9eb6-1ab0458610f0@group-EE734774E148: change Leader from null to 9d453efa-53cb-467a-9eb6-1ab0458610f0 at term 1 for becomeLeader, leader elected after 199ms
2019-10-22 00:12:50,377 [grpc-default-executor-0] INFO  impl.RaftServerProxy (RaftServerProxy.java:addNew(89)) - 2fdb3e93-e0d8-400e-8c33-91e2341b50c6: addNew group-BA694374C31D:[2fdb3e93-e0d8-400e-8c33-91e2341b50c6:192.168.157.254:43254] returns group-BA694374C31D:java.util.concurrent.CompletableFuture@2276eda1[Not completed]
2019-10-22 00:12:50,390 [9d453efa-53cb-467a-9eb6-1ab0458610f0@group-EE734774E148-LeaderElection1] INFO  server.RaftServerConfigKeys (ConfUtils.java:logGet(43)) - raft.server.staging.catchup.gap = 1000 (default)
2019-10-22 00:12:50,400 [9d453efa-53cb-467a-9eb6-1ab0458610f0@group-EE734774E148-LeaderElection1] INFO  server.RaftServerConfigKeys (ConfUtils.java:logGet(43)) - raft.server.rpc.sleep.time = 25ms (default)
2019-10-22 00:12:50,436 [pool-37-thread-1] INFO  impl.RaftServerImpl (RaftServerImpl.java:<init>(104)) - 2fdb3e93-e0d8-400e-8c33-91e2341b50c6: new RaftServerImpl for group-BA694374C31D:[2fdb3e93-e0d8-400e-8c33-91e2341b50c6:192.168.157.254:43254] with ContainerStateMachine:uninitialized
2019-10-22 00:12:50,436 [pool-37-thread-1] INFO  server.RaftServerConfigKeys (ConfUtils.java:logGet(43)) - raft.server.rpc.timeout.min = 1s (custom)
2019-10-22 00:12:50,436 [pool-37-thread-1] INFO  server.RaftServerConfigKeys (ConfUtils.java:logGet(43)) - raft.server.rpc.timeout.max = 1200ms (custom)
2019-10-22 00:12:50,436 [pool-37-thread-1] INFO  server.RaftServerConfigKeys (ConfUtils.java:logGet(43)) - raft.server.rpcslowness.timeout = 120s (custom)
2019-10-22 00:12:50,436 [pool-37-thread-1] INFO  server.RaftServerConfigKeys (ConfUtils.java:logGet(43)) - raft.server.sleep.deviation.threshold = 300 (default)
2019-10-22 00:12:50,437 [pool-37-thread-1] INFO  server.RaftServerConfigKeys (ConfUtils.java:logGet(43)) - raft.server.log.appender.install.snapshot.enabled = false (custom)
2019-10-22 00:12:50,437 [pool-37-thread-1] INFO  impl.RaftServerImpl (ServerState.java:<init>(103)) - 2fdb3e93-e0d8-400e-8c33-91e2341b50c6@group-BA694374C31D: ConfigurationManager, init=-1: [2fdb3e93-e0d8-400e-8c33-91e2341b50c6:192.168.157.254:43254], old=null, confs=<EMPTY_MAP>
2019-10-22 00:12:50,437 [pool-37-thread-1] INFO  server.RaftServerConfigKeys (ConfUtils.java:logGet(43)) - raft.server.storage.dir = [/workdir/hadoop-ozone/integration-test/target/test-dir/MiniOzoneClusterImpl-8b64dd99-cfc4-48e3-b5ea-61cd2ec80401/datanode-1/data/ratis] (custom)
2019-10-22 00:12:50,438 [pool-37-thread-1] INFO  server.RaftServerConfigKeys (ConfUtils.java:logGet(43)) - raft.server.log.corruption.policy = EXCEPTION (default)
2019-10-22 00:12:50,438 [pool-37-thread-1] INFO  storage.RaftStorageDirectory (RaftStorageDirectory.java:analyzeStorage(246)) - The storage directory /workdir/hadoop-ozone/integration-test/target/test-dir/MiniOzoneClusterImpl-8b64dd99-cfc4-48e3-b5ea-61cd2ec80401/datanode-1/data/ratis/99521ba2-6eea-4459-a39b-ba694374c31d does not exist. Creating ...
2019-10-22 00:12:50,447 [9d453efa-53cb-467a-9eb6-1ab0458610f0@group-EE734774E148-LeaderElection1] INFO  server.RaftServerConfigKeys (ConfUtils.java:logGet(43)) - raft.server.write.element-limit = 4096 (default)
2019-10-22 00:12:50,452 [9d453efa-53cb-467a-9eb6-1ab0458610f0@group-EE734774E148-LeaderElection1] INFO  server.RaftServerConfigKeys (ConfUtils.java:logGet(43)) - raft.server.watch.timeout = 10s (default)
2019-10-22 00:12:50,452 [9d453efa-53cb-467a-9eb6-1ab0458610f0@group-EE734774E148-LeaderElection1] INFO  server.RaftServerConfigKeys (ConfUtils.java:logGet(43)) - raft.server.watch.timeout.denomination = 1s (default)
2019-10-22 00:12:50,453 [9d453efa-53cb-467a-9eb6-1ab0458610f0@group-EE734774E148-LeaderElection1] INFO  server.RaftServerConfigKeys (ConfUtils.java:logGet(43)) - raft.server.watch.element-limit = 65536 (default)
2019-10-22 00:12:50,454 [pool-37-thread-1] INFO  storage.RaftStorageDirectory (RaftStorageDirectory.java:tryLock(328)) - Lock on /workdir/hadoop-ozone/integration-test/target/test-dir/MiniOzoneClusterImpl-8b64dd99-cfc4-48e3-b5ea-61cd2ec80401/datanode-1/data/ratis/99521ba2-6eea-4459-a39b-ba694374c31d/in_use.lock acquired by nodename 18293@pr-hdds-2343-5q8j9-3338874002
2019-10-22 00:12:50,467 [pool-37-thread-1] INFO  storage.RaftStorage (RaftStorage.java:format(84)) - Storage directory /workdir/hadoop-ozone/integration-test/target/test-dir/MiniOzoneClusterImpl-8b64dd99-cfc4-48e3-b5ea-61cd2ec80401/datanode-1/data/ratis/99521ba2-6eea-4459-a39b-ba694374c31d has been successfully formatted.
2019-10-22 00:12:50,470 [pool-37-thread-1] INFO  ratis.ContainerStateMachine (ContainerStateMachine.java:loadSnapshot(231)) - group-BA694374C31D: The snapshot info is null. Setting the last applied indexto:(t:0, i:~)
2019-10-22 00:12:50,471 [pool-37-thread-1] INFO  server.RaftServerConfigKeys (ConfUtils.java:logGet(43)) - raft.server.notification.no-leader.timeout = 120s (custom)
2019-10-22 00:12:50,471 [pool-37-thread-1] INFO  server.RaftServerConfigKeys (ConfUtils.java:logGet(43)) - raft.server.log.use.memory = false (default)
2019-10-22 00:12:50,471 [9d453efa-53cb-467a-9eb6-1ab0458610f0@group-EE734774E148-LeaderElection1] INFO  impl.RoleInfo (RoleInfo.java:updateAndGet(143)) - 9d453efa-53cb-467a-9eb6-1ab0458610f0: start LeaderState
2019-10-22 00:12:50,471 [pool-37-thread-1] INFO  server.RaftServerConfigKeys (ConfUtils.java:logGet(43)) - raft.server.log.purge.gap = 1000000 (custom)
2019-10-22 00:12:50,472 [pool-37-thread-1] INFO  server.RaftServerConfigKeys (ConfUtils.java:logGet(43)) - raft.server.log.appender.buffer.byte-limit = 33554432 (custom)
2019-10-22 00:12:50,472 [pool-37-thread-1] INFO  server.RaftServerConfigKeys (ConfUtils.java:logGet(43)) - raft.server.log.segment.size.max = 1048576 (custom)
2019-10-22 00:12:50,524 [pool-37-thread-1] INFO  server.RaftServerConfigKeys (ConfUtils.java:logGet(43)) - raft.server.log.segment.cache.num.max = 2 (custom)
2019-10-22 00:12:50,525 [pool-37-thread-1] INFO  segmented.SegmentedRaftLogWorker (SegmentedRaftLogWorker.java:<init>(173)) - new 2fdb3e93-e0d8-400e-8c33-91e2341b50c6@group-BA694374C31D-SegmentedRaftLogWorker for RaftStorage:Storage Directory /workdir/hadoop-ozone/integration-test/target/test-dir/MiniOzoneClusterImpl-8b64dd99-cfc4-48e3-b5ea-61cd2ec80401/datanode-1/data/ratis/99521ba2-6eea-4459-a39b-ba694374c31d
2019-10-22 00:12:50,527 [pool-37-thread-1] INFO  server.RaftServerConfigKeys (ConfUtils.java:logGet(43)) - raft.server.log.queue.byte-limit = 2147483647 (custom)
2019-10-22 00:12:50,527 [pool-37-thread-1] INFO  server.RaftServerConfigKeys (ConfUtils.java:logGet(43)) - raft.server.log.queue.element-limit = 1024 (custom)
2019-10-22 00:12:50,527 [pool-37-thread-1] INFO  server.RaftServerConfigKeys (ConfUtils.java:logGet(43)) - raft.server.log.segment.size.max = 1048576 (custom)
2019-10-22 00:12:50,527 [pool-37-thread-1] INFO  server.RaftServerConfigKeys (ConfUtils.java:logGet(43)) - raft.server.log.preallocated.size = 16384 (custom)
2019-10-22 00:12:50,528 [pool-37-thread-1] INFO  server.RaftServerConfigKeys (ConfUtils.java:logGet(43)) - raft.server.log.write.buffer.size = 33554432 (custom)
2019-10-22 00:12:50,528 [pool-37-thread-1] INFO  server.RaftServerConfigKeys (ConfUtils.java:logGet(43)) - raft.server.log.force.sync.num = 128 (default)
2019-10-22 00:12:50,528 [pool-37-thread-1] INFO  server.RaftServerConfigKeys (ConfUtils.java:logGet(43)) - raft.server.log.statemachine.data.sync = true (default)
2019-10-22 00:12:50,528 [pool-37-thread-1] INFO  server.RaftServerConfigKeys (ConfUtils.java:logGet(43)) - raft.server.log.statemachine.data.sync.timeout = 10s (default)
2019-10-22 00:12:50,528 [pool-37-thread-1] INFO  server.RaftServerConfigKeys (ConfUtils.java:logGet(43)) - raft.server.log.statemachine.data.sync.timeout.retry = -1 (default)
2019-10-22 00:12:50,529 [pool-37-thread-1] INFO  server.RaftServerConfigKeys (ConfUtils.java:logGet(43)) - raft.server.log.statemachine.data.caching.enabled = true (custom)
2019-10-22 00:12:50,529 [pool-37-thread-1] INFO  segmented.SegmentedRaftLogWorker (SegmentedRaftLogWorker.java:lambda$new$0(128)) - 2fdb3e93-e0d8-400e-8c33-91e2341b50c6@group-BA694374C31D-SegmentedRaftLogWorker: flushIndex: setUnconditionally 0 -> -1
2019-10-22 00:12:50,530 [pool-37-thread-1] INFO  server.RaftServerConfigKeys (ConfUtils.java:logGet(43)) - raft.server.snapshot.auto.trigger.enabled = true (custom)
2019-10-22 00:12:50,530 [pool-37-thread-1] INFO  server.RaftServerConfigKeys (ConfUtils.java:logGet(43)) - raft.server.snapshot.auto.trigger.threshold = 10000 (custom)
2019-10-22 00:12:50,530 [pool-37-thread-1] INFO  server.RaftServerConfigKeys (ConfUtils.java:logGet(43)) - raft.server.snapshot.retention.file.num = 5 (custom)
2019-10-22 00:12:50,530 [pool-37-thread-1] INFO  server.RaftServerConfigKeys (ConfUtils.java:logGet(43)) - raft.server.retrycache.expirytime = 600000ms (custom)
2019-10-22 00:12:50,542 [pool-37-thread-1] INFO  impl.RaftServerImpl (RaftServerImpl.java:start(195)) - 2fdb3e93-e0d8-400e-8c33-91e2341b50c6@group-BA694374C31D: start as a follower, conf=-1: [2fdb3e93-e0d8-400e-8c33-91e2341b50c6:192.168.157.254:43254], old=null
2019-10-22 00:12:50,543 [pool-37-thread-1] INFO  impl.RaftServerImpl (RaftServerImpl.java:setRole(184)) - 2fdb3e93-e0d8-400e-8c33-91e2341b50c6@group-BA694374C31D: changes role from      null to FOLLOWER at term 0 for startAsFollower
2019-10-22 00:12:50,543 [pool-37-thread-1] INFO  impl.RoleInfo (RoleInfo.java:updateAndGet(143)) - 2fdb3e93-e0d8-400e-8c33-91e2341b50c6: start FollowerState
2019-10-22 00:12:50,543 [pool-37-thread-1] INFO  util.JmxRegister (JmxRegister.java:tryRegister(44)) - Successfully registered JMX Bean with object name Ratis:service=RaftServer,group=group-BA694374C31D,id=2fdb3e93-e0d8-400e-8c33-91e2341b50c6
2019-10-22 00:12:50,553 [9d453efa-53cb-467a-9eb6-1ab0458610f0@group-EE734774E148-LeaderElection1] INFO  segmented.SegmentedRaftLogWorker (SegmentedRaftLogWorker.java:startLogSegment(385)) - 9d453efa-53cb-467a-9eb6-1ab0458610f0@group-EE734774E148-SegmentedRaftLogWorker: Starting segment from index:0
2019-10-22 00:12:50,569 [RatisPipelineUtilsThread] INFO  pipeline.PipelineStateManager (PipelineStateManager.java:addPipeline(56)) - Created pipeline Pipeline[ Id: 99521ba2-6eea-4459-a39b-ba694374c31d, Nodes: 2fdb3e93-e0d8-400e-8c33-91e2341b50c6{ip: 192.168.157.254, host: pr-hdds-2343-5q8j9-3338874002, networkLocation: /default-rack, certSerialId: null}, Type:RATIS, Factor:ONE, State:OPEN]
2019-10-22 00:12:50,581 [Thread-290] INFO  impl.FollowerState (FollowerState.java:run(108)) - 2fdb3e93-e0d8-400e-8c33-91e2341b50c6@group-BA694374C31D-FollowerState: change to CANDIDATE, lastRpcTime:37ms, electionTimeout:37ms
2019-10-22 00:12:50,582 [Thread-290] INFO  impl.RoleInfo (RoleInfo.java:shutdownFollowerState(121)) - 2fdb3e93-e0d8-400e-8c33-91e2341b50c6: shutdown FollowerState
2019-10-22 00:12:50,582 [Thread-290] INFO  impl.RaftServerImpl (RaftServerImpl.java:setRole(184)) - 2fdb3e93-e0d8-400e-8c33-91e2341b50c6@group-BA694374C31D: changes role from  FOLLOWER to CANDIDATE at term 0 for changeToCandidate
2019-10-22 00:12:50,582 [Thread-290] INFO  impl.RoleInfo (RoleInfo.java:updateAndGet(143)) - 2fdb3e93-e0d8-400e-8c33-91e2341b50c6: start LeaderElection
2019-10-22 00:12:50,583 [9d453efa-53cb-467a-9eb6-1ab0458610f0@group-EE734774E148-LeaderElection1] INFO  impl.RaftServerImpl (ServerState.java:setRaftConf(357)) - 9d453efa-53cb-467a-9eb6-1ab0458610f0@group-EE734774E148: set configuration 0: [9d453efa-53cb-467a-9eb6-1ab0458610f0:192.168.157.254:38611], old=null at 0
2019-10-22 00:12:50,638 [grpc-default-executor-0] INFO  impl.RaftServerProxy (RaftServerProxy.java:addNew(89)) - 062c71de-08d9-40ee-9309-15590e2e8e68: addNew group-886D96F44A2A:[062c71de-08d9-40ee-9309-15590e2e8e68:192.168.157.254:45598] returns group-886D96F44A2A:java.util.concurrent.CompletableFuture@225ea08c[Not completed]
2019-10-22 00:12:50,641 [2fdb3e93-e0d8-400e-8c33-91e2341b50c6@group-BA694374C31D-LeaderElection2] INFO  impl.LeaderElection (LeaderElection.java:askForVotes(178)) - 2fdb3e93-e0d8-400e-8c33-91e2341b50c6@group-BA694374C31D-LeaderElection2: begin an election at term 1 for -1: [2fdb3e93-e0d8-400e-8c33-91e2341b50c6:192.168.157.254:43254], old=null
2019-10-22 00:12:50,643 [2fdb3e93-e0d8-400e-8c33-91e2341b50c6@group-BA694374C31D-LeaderElection2] INFO  impl.RoleInfo (RoleInfo.java:shutdownLeaderElection(134)) - 2fdb3e93-e0d8-400e-8c33-91e2341b50c6: shutdown LeaderElection
2019-10-22 00:12:50,643 [2fdb3e93-e0d8-400e-8c33-91e2341b50c6@group-BA694374C31D-LeaderElection2] INFO  impl.RaftServerImpl (RaftServerImpl.java:setRole(184)) - 2fdb3e93-e0d8-400e-8c33-91e2341b50c6@group-BA694374C31D: changes role from CANDIDATE to LEADER at term 1 for changeToLeader
2019-10-22 00:12:50,644 [2fdb3e93-e0d8-400e-8c33-91e2341b50c6@group-BA694374C31D-LeaderElection2] INFO  impl.RaftServerImpl (ServerState.java:setLeader(256)) - 2fdb3e93-e0d8-400e-8c33-91e2341b50c6@group-BA694374C31D: change Leader from null to 2fdb3e93-e0d8-400e-8c33-91e2341b50c6 at term 1 for becomeLeader, leader elected after 172ms
2019-10-22 00:12:50,645 [2fdb3e93-e0d8-400e-8c33-91e2341b50c6@group-BA694374C31D-LeaderElection2] INFO  server.RaftServerConfigKeys (ConfUtils.java:logGet(43)) - raft.server.staging.catchup.gap = 1000 (default)
2019-10-22 00:12:50,645 [2fdb3e93-e0d8-400e-8c33-91e2341b50c6@group-BA694374C31D-LeaderElection2] INFO  server.RaftServerConfigKeys (ConfUtils.java:logGet(43)) - raft.server.rpc.sleep.time = 25ms (default)
2019-10-22 00:12:50,645 [2fdb3e93-e0d8-400e-8c33-91e2341b50c6@group-BA694374C31D-LeaderElection2] INFO  server.RaftServerConfigKeys (ConfUtils.java:logGet(43)) - raft.server.write.element-limit = 4096 (default)
2019-10-22 00:12:50,646 [2fdb3e93-e0d8-400e-8c33-91e2341b50c6@group-BA694374C31D-LeaderElection2] INFO  server.RaftServerConfigKeys (ConfUtils.java:logGet(43)) - raft.server.watch.timeout = 10s (default)
2019-10-22 00:12:50,646 [2fdb3e93-e0d8-400e-8c33-91e2341b50c6@group-BA694374C31D-LeaderElection2] INFO  server.RaftServerConfigKeys (ConfUtils.java:logGet(43)) - raft.server.watch.timeout.denomination = 1s (default)
2019-10-22 00:12:50,647 [2fdb3e93-e0d8-400e-8c33-91e2341b50c6@group-BA694374C31D-LeaderElection2] INFO  server.RaftServerConfigKeys (ConfUtils.java:logGet(43)) - raft.server.watch.element-limit = 65536 (default)
2019-10-22 00:12:50,649 [pool-67-thread-1] INFO  impl.RaftServerImpl (RaftServerImpl.java:<init>(104)) - 062c71de-08d9-40ee-9309-15590e2e8e68: new RaftServerImpl for group-886D96F44A2A:[062c71de-08d9-40ee-9309-15590e2e8e68:192.168.157.254:45598] with ContainerStateMachine:uninitialized
2019-10-22 00:12:50,649 [pool-67-thread-1] INFO  server.RaftServerConfigKeys (ConfUtils.java:logGet(43)) - raft.server.rpc.timeout.min = 1s (custom)
2019-10-22 00:12:50,649 [pool-67-thread-1] INFO  server.RaftServerConfigKeys (ConfUtils.java:logGet(43)) - raft.server.rpc.timeout.max = 1200ms (custom)
2019-10-22 00:12:50,649 [pool-67-thread-1] INFO  server.RaftServerConfigKeys (ConfUtils.java:logGet(43)) - raft.server.rpcslowness.timeout = 120s (custom)
2019-10-22 00:12:50,649 [pool-67-thread-1] INFO  server.RaftServerConfigKeys (ConfUtils.java:logGet(43)) - raft.server.sleep.deviation.threshold = 300 (default)
2019-10-22 00:12:50,649 [pool-67-thread-1] INFO  server.RaftServerConfigKeys (ConfUtils.java:logGet(43)) - raft.server.log.appender.install.snapshot.enabled = false (custom)
2019-10-22 00:12:50,649 [pool-67-thread-1] INFO  impl.RaftServerImpl (ServerState.java:<init>(103)) - 062c71de-08d9-40ee-9309-15590e2e8e68@group-886D96F44A2A: ConfigurationManager, init=-1: [062c71de-08d9-40ee-9309-15590e2e8e68:192.168.157.254:45598], old=null, confs=<EMPTY_MAP>
2019-10-22 00:12:50,650 [pool-67-thread-1] INFO  server.RaftServerConfigKeys (ConfUtils.java:logGet(43)) - raft.server.storage.dir = [/workdir/hadoop-ozone/integration-test/target/test-dir/MiniOzoneClusterImpl-8b64dd99-cfc4-48e3-b5ea-61cd2ec80401/datanode-4/data/ratis] (custom)
2019-10-22 00:12:50,650 [pool-67-thread-1] INFO  server.RaftServerConfigKeys (ConfUtils.java:logGet(43)) - raft.server.log.corruption.policy = EXCEPTION (default)
2019-10-22 00:12:50,650 [pool-67-thread-1] INFO  storage.RaftStorageDirectory (RaftStorageDirectory.java:analyzeStorage(246)) - The storage directory /workdir/hadoop-ozone/integration-test/target/test-dir/MiniOzoneClusterImpl-8b64dd99-cfc4-48e3-b5ea-61cd2ec80401/datanode-4/data/ratis/e40ebd53-71fc-4b4a-a56d-886d96f44a2a does not exist. Creating ...
2019-10-22 00:12:50,683 [2fdb3e93-e0d8-400e-8c33-91e2341b50c6@group-BA694374C31D-LeaderElection2] INFO  impl.RoleInfo (RoleInfo.java:updateAndGet(143)) - 2fdb3e93-e0d8-400e-8c33-91e2341b50c6: start LeaderState
2019-10-22 00:12:50,684 [2fdb3e93-e0d8-400e-8c33-91e2341b50c6@group-BA694374C31D-LeaderElection2] INFO  segmented.SegmentedRaftLogWorker (SegmentedRaftLogWorker.java:startLogSegment(385)) - 2fdb3e93-e0d8-400e-8c33-91e2341b50c6@group-BA694374C31D-SegmentedRaftLogWorker: Starting segment from index:0
2019-10-22 00:12:50,684 [2fdb3e93-e0d8-400e-8c33-91e2341b50c6@group-BA694374C31D-LeaderElection2] INFO  impl.RaftServerImpl (ServerState.java:setRaftConf(357)) - 2fdb3e93-e0d8-400e-8c33-91e2341b50c6@group-BA694374C31D: set configuration 0: [2fdb3e93-e0d8-400e-8c33-91e2341b50c6:192.168.157.254:43254], old=null at 0
2019-10-22 00:12:50,694 [pool-67-thread-1] INFO  storage.RaftStorageDirectory (RaftStorageDirectory.java:tryLock(328)) - Lock on /workdir/hadoop-ozone/integration-test/target/test-dir/MiniOzoneClusterImpl-8b64dd99-cfc4-48e3-b5ea-61cd2ec80401/datanode-4/data/ratis/e40ebd53-71fc-4b4a-a56d-886d96f44a2a/in_use.lock acquired by nodename 18293@pr-hdds-2343-5q8j9-3338874002
2019-10-22 00:12:50,707 [pool-67-thread-1] INFO  storage.RaftStorage (RaftStorage.java:format(84)) - Storage directory /workdir/hadoop-ozone/integration-test/target/test-dir/MiniOzoneClusterImpl-8b64dd99-cfc4-48e3-b5ea-61cd2ec80401/datanode-4/data/ratis/e40ebd53-71fc-4b4a-a56d-886d96f44a2a has been successfully formatted.
2019-10-22 00:12:50,707 [pool-67-thread-1] INFO  ratis.ContainerStateMachine (ContainerStateMachine.java:loadSnapshot(231)) - group-886D96F44A2A: The snapshot info is null. Setting the last applied indexto:(t:0, i:~)
2019-10-22 00:12:50,707 [pool-67-thread-1] INFO  server.RaftServerConfigKeys (ConfUtils.java:logGet(43)) - raft.server.notification.no-leader.timeout = 120s (custom)
2019-10-22 00:12:50,708 [pool-67-thread-1] INFO  server.RaftServerConfigKeys (ConfUtils.java:logGet(43)) - raft.server.log.use.memory = false (default)
2019-10-22 00:12:50,708 [pool-67-thread-1] INFO  server.RaftServerConfigKeys (ConfUtils.java:logGet(43)) - raft.server.log.purge.gap = 1000000 (custom)
2019-10-22 00:12:50,708 [pool-67-thread-1] INFO  server.RaftServerConfigKeys (ConfUtils.java:logGet(43)) - raft.server.log.appender.buffer.byte-limit = 33554432 (custom)
2019-10-22 00:12:50,708 [pool-67-thread-1] INFO  server.RaftServerConfigKeys (ConfUtils.java:logGet(43)) - raft.server.log.segment.size.max = 1048576 (custom)
2019-10-22 00:12:50,710 [pool-67-thread-1] INFO  server.RaftServerConfigKeys (ConfUtils.java:logGet(43)) - raft.server.log.segment.cache.num.max = 2 (custom)
2019-10-22 00:12:50,710 [pool-67-thread-1] INFO  segmented.SegmentedRaftLogWorker (SegmentedRaftLogWorker.java:<init>(173)) - new 062c71de-08d9-40ee-9309-15590e2e8e68@group-886D96F44A2A-SegmentedRaftLogWorker for RaftStorage:Storage Directory /workdir/hadoop-ozone/integration-test/target/test-dir/MiniOzoneClusterImpl-8b64dd99-cfc4-48e3-b5ea-61cd2ec80401/datanode-4/data/ratis/e40ebd53-71fc-4b4a-a56d-886d96f44a2a
2019-10-22 00:12:50,711 [pool-67-thread-1] INFO  server.RaftServerConfigKeys (ConfUtils.java:logGet(43)) - raft.server.log.queue.byte-limit = 2147483647 (custom)
2019-10-22 00:12:50,711 [pool-67-thread-1] INFO  server.RaftServerConfigKeys (ConfUtils.java:logGet(43)) - raft.server.log.queue.element-limit = 1024 (custom)
2019-10-22 00:12:50,711 [pool-67-thread-1] INFO  server.RaftServerConfigKeys (ConfUtils.java:logGet(43)) - raft.server.log.segment.size.max = 1048576 (custom)
2019-10-22 00:12:50,711 [pool-67-thread-1] INFO  server.RaftServerConfigKeys (ConfUtils.java:logGet(43)) - raft.server.log.preallocated.size = 16384 (custom)
2019-10-22 00:12:50,711 [pool-67-thread-1] INFO  server.RaftServerConfigKeys (ConfUtils.java:logGet(43)) - raft.server.log.write.buffer.size = 33554432 (custom)
2019-10-22 00:12:50,711 [pool-67-thread-1] INFO  server.RaftServerConfigKeys (ConfUtils.java:logGet(43)) - raft.server.log.force.sync.num = 128 (default)
2019-10-22 00:12:50,711 [pool-67-thread-1] INFO  server.RaftServerConfigKeys (ConfUtils.java:logGet(43)) - raft.server.log.statemachine.data.sync = true (default)
2019-10-22 00:12:50,711 [pool-67-thread-1] INFO  server.RaftServerConfigKeys (ConfUtils.java:logGet(43)) - raft.server.log.statemachine.data.sync.timeout = 10s (default)
2019-10-22 00:12:50,711 [pool-67-thread-1] INFO  server.RaftServerConfigKeys (ConfUtils.java:logGet(43)) - raft.server.log.statemachine.data.sync.timeout.retry = -1 (default)
2019-10-22 00:12:50,712 [pool-67-thread-1] INFO  server.RaftServerConfigKeys (ConfUtils.java:logGet(43)) - raft.server.log.statemachine.data.caching.enabled = true (custom)
2019-10-22 00:12:50,712 [pool-67-thread-1] INFO  segmented.SegmentedRaftLogWorker (SegmentedRaftLogWorker.java:lambda$new$0(128)) - 062c71de-08d9-40ee-9309-15590e2e8e68@group-886D96F44A2A-SegmentedRaftLogWorker: flushIndex: setUnconditionally 0 -> -1
2019-10-22 00:12:50,712 [pool-67-thread-1] INFO  server.RaftServerConfigKeys (ConfUtils.java:logGet(43)) - raft.server.snapshot.auto.trigger.enabled = true (custom)
2019-10-22 00:12:50,712 [pool-67-thread-1] INFO  server.RaftServerConfigKeys (ConfUtils.java:logGet(43)) - raft.server.snapshot.auto.trigger.threshold = 10000 (custom)
2019-10-22 00:12:50,712 [pool-67-thread-1] INFO  server.RaftServerConfigKeys (ConfUtils.java:logGet(43)) - raft.server.snapshot.retention.file.num = 5 (custom)
2019-10-22 00:12:50,713 [pool-67-thread-1] INFO  server.RaftServerConfigKeys (ConfUtils.java:logGet(43)) - raft.server.retrycache.expirytime = 600000ms (custom)
2019-10-22 00:12:50,717 [pool-67-thread-1] INFO  impl.RaftServerImpl (RaftServerImpl.java:start(195)) - 062c71de-08d9-40ee-9309-15590e2e8e68@group-886D96F44A2A: start as a follower, conf=-1: [062c71de-08d9-40ee-9309-15590e2e8e68:192.168.157.254:45598], old=null
2019-10-22 00:12:50,717 [pool-67-thread-1] INFO  impl.RaftServerImpl (RaftServerImpl.java:setRole(184)) - 062c71de-08d9-40ee-9309-15590e2e8e68@group-886D96F44A2A: changes role from      null to FOLLOWER at term 0 for startAsFollower
2019-10-22 00:12:50,717 [pool-67-thread-1] INFO  impl.RoleInfo (RoleInfo.java:updateAndGet(143)) - 062c71de-08d9-40ee-9309-15590e2e8e68: start FollowerState
2019-10-22 00:12:50,717 [pool-67-thread-1] INFO  util.JmxRegister (JmxRegister.java:tryRegister(44)) - Successfully registered JMX Bean with object name Ratis:service=RaftServer,group=group-886D96F44A2A,id=062c71de-08d9-40ee-9309-15590e2e8e68
2019-10-22 00:12:50,734 [RatisPipelineUtilsThread] INFO  pipeline.PipelineStateManager (PipelineStateManager.java:addPipeline(56)) - Created pipeline Pipeline[ Id: e40ebd53-71fc-4b4a-a56d-886d96f44a2a, Nodes: 062c71de-08d9-40ee-9309-15590e2e8e68{ip: 192.168.157.254, host: pr-hdds-2343-5q8j9-3338874002, networkLocation: /default-rack, certSerialId: null}, Type:RATIS, Factor:ONE, State:OPEN]
2019-10-22 00:12:50,752 [grpc-default-executor-0] INFO  impl.RaftServerProxy (RaftServerProxy.java:addNew(89)) - 2a52019e-5647-44e1-bf30-9a43fd8a7377: addNew group-BB835E2A3C0C:[2a52019e-5647-44e1-bf30-9a43fd8a7377:192.168.157.254:36038] returns group-BB835E2A3C0C:java.util.concurrent.CompletableFuture@40d4fa02[Not completed]
2019-10-22 00:12:50,754 [pool-57-thread-1] INFO  impl.RaftServerImpl (RaftServerImpl.java:<init>(104)) - 2a52019e-5647-44e1-bf30-9a43fd8a7377: new RaftServerImpl for group-BB835E2A3C0C:[2a52019e-5647-44e1-bf30-9a43fd8a7377:192.168.157.254:36038] with ContainerStateMachine:uninitialized
2019-10-22 00:12:50,755 [pool-57-thread-1] INFO  server.RaftServerConfigKeys (ConfUtils.java:logGet(43)) - raft.server.rpc.timeout.min = 1s (custom)
2019-10-22 00:12:50,755 [pool-57-thread-1] INFO  server.RaftServerConfigKeys (ConfUtils.java:logGet(43)) - raft.server.rpc.timeout.max = 1200ms (custom)
2019-10-22 00:12:50,755 [pool-57-thread-1] INFO  server.RaftServerConfigKeys (ConfUtils.java:logGet(43)) - raft.server.rpcslowness.timeout = 120s (custom)
2019-10-22 00:12:50,755 [pool-57-thread-1] INFO  server.RaftServerConfigKeys (ConfUtils.java:logGet(43)) - raft.server.sleep.deviation.threshold = 300 (default)
2019-10-22 00:12:50,755 [pool-57-thread-1] INFO  server.RaftServerConfigKeys (ConfUtils.java:logGet(43)) - raft.server.log.appender.install.snapshot.enabled = false (custom)
2019-10-22 00:12:50,755 [pool-57-thread-1] INFO  impl.RaftServerImpl (ServerState.java:<init>(103)) - 2a52019e-5647-44e1-bf30-9a43fd8a7377@group-BB835E2A3C0C: ConfigurationManager, init=-1: [2a52019e-5647-44e1-bf30-9a43fd8a7377:192.168.157.254:36038], old=null, confs=<EMPTY_MAP>
2019-10-22 00:12:50,755 [pool-57-thread-1] INFO  server.RaftServerConfigKeys (ConfUtils.java:logGet(43)) - raft.server.storage.dir = [/workdir/hadoop-ozone/integration-test/target/test-dir/MiniOzoneClusterImpl-8b64dd99-cfc4-48e3-b5ea-61cd2ec80401/datanode-3/data/ratis] (custom)
2019-10-22 00:12:50,755 [pool-57-thread-1] INFO  server.RaftServerConfigKeys (ConfUtils.java:logGet(43)) - raft.server.log.corruption.policy = EXCEPTION (default)
2019-10-22 00:12:50,756 [pool-57-thread-1] INFO  storage.RaftStorageDirectory (RaftStorageDirectory.java:analyzeStorage(246)) - The storage directory /workdir/hadoop-ozone/integration-test/target/test-dir/MiniOzoneClusterImpl-8b64dd99-cfc4-48e3-b5ea-61cd2ec80401/datanode-3/data/ratis/7dd09c6b-578f-4ced-9bb2-bb835e2a3c0c does not exist. Creating ...
2019-10-22 00:12:50,768 [pool-57-thread-1] INFO  storage.RaftStorageDirectory (RaftStorageDirectory.java:tryLock(328)) - Lock on /workdir/hadoop-ozone/integration-test/target/test-dir/MiniOzoneClusterImpl-8b64dd99-cfc4-48e3-b5ea-61cd2ec80401/datanode-3/data/ratis/7dd09c6b-578f-4ced-9bb2-bb835e2a3c0c/in_use.lock acquired by nodename 18293@pr-hdds-2343-5q8j9-3338874002
2019-10-22 00:12:50,781 [pool-57-thread-1] INFO  storage.RaftStorage (RaftStorage.java:format(84)) - Storage directory /workdir/hadoop-ozone/integration-test/target/test-dir/MiniOzoneClusterImpl-8b64dd99-cfc4-48e3-b5ea-61cd2ec80401/datanode-3/data/ratis/7dd09c6b-578f-4ced-9bb2-bb835e2a3c0c has been successfully formatted.
2019-10-22 00:12:50,782 [pool-57-thread-1] INFO  ratis.ContainerStateMachine (ContainerStateMachine.java:loadSnapshot(231)) - group-BB835E2A3C0C: The snapshot info is null. Setting the last applied indexto:(t:0, i:~)
2019-10-22 00:12:50,782 [pool-57-thread-1] INFO  server.RaftServerConfigKeys (ConfUtils.java:logGet(43)) - raft.server.notification.no-leader.timeout = 120s (custom)
2019-10-22 00:12:50,782 [pool-57-thread-1] INFO  server.RaftServerConfigKeys (ConfUtils.java:logGet(43)) - raft.server.log.use.memory = false (default)
2019-10-22 00:12:50,782 [pool-57-thread-1] INFO  server.RaftServerConfigKeys (ConfUtils.java:logGet(43)) - raft.server.log.purge.gap = 1000000 (custom)
2019-10-22 00:12:50,782 [pool-57-thread-1] INFO  server.RaftServerConfigKeys (ConfUtils.java:logGet(43)) - raft.server.log.appender.buffer.byte-limit = 33554432 (custom)
2019-10-22 00:12:50,782 [pool-57-thread-1] INFO  server.RaftServerConfigKeys (ConfUtils.java:logGet(43)) - raft.server.log.segment.size.max = 1048576 (custom)
2019-10-22 00:12:50,785 [pool-57-thread-1] INFO  server.RaftServerConfigKeys (ConfUtils.java:logGet(43)) - raft.server.log.segment.cache.num.max = 2 (custom)
2019-10-22 00:12:50,785 [pool-57-thread-1] INFO  segmented.SegmentedRaftLogWorker (SegmentedRaftLogWorker.java:<init>(173)) - new 2a52019e-5647-44e1-bf30-9a43fd8a7377@group-BB835E2A3C0C-SegmentedRaftLogWorker for RaftStorage:Storage Directory /workdir/hadoop-ozone/integration-test/target/test-dir/MiniOzoneClusterImpl-8b64dd99-cfc4-48e3-b5ea-61cd2ec80401/datanode-3/data/ratis/7dd09c6b-578f-4ced-9bb2-bb835e2a3c0c
2019-10-22 00:12:50,785 [pool-57-thread-1] INFO  server.RaftServerConfigKeys (ConfUtils.java:logGet(43)) - raft.server.log.queue.byte-limit = 2147483647 (custom)
2019-10-22 00:12:50,785 [pool-57-thread-1] INFO  server.RaftServerConfigKeys (ConfUtils.java:logGet(43)) - raft.server.log.queue.element-limit = 1024 (custom)
2019-10-22 00:12:50,785 [pool-57-thread-1] INFO  server.RaftServerConfigKeys (ConfUtils.java:logGet(43)) - raft.server.log.segment.size.max = 1048576 (custom)
2019-10-22 00:12:50,786 [pool-57-thread-1] INFO  server.RaftServerConfigKeys (ConfUtils.java:logGet(43)) - raft.server.log.preallocated.size = 16384 (custom)
2019-10-22 00:12:50,786 [pool-57-thread-1] INFO  server.RaftServerConfigKeys (ConfUtils.java:logGet(43)) - raft.server.log.write.buffer.size = 33554432 (custom)
2019-10-22 00:12:50,786 [pool-57-thread-1] INFO  server.RaftServerConfigKeys (ConfUtils.java:logGet(43)) - raft.server.log.force.sync.num = 128 (default)
2019-10-22 00:12:50,786 [pool-57-thread-1] INFO  server.RaftServerConfigKeys (ConfUtils.java:logGet(43)) - raft.server.log.statemachine.data.sync = true (default)
2019-10-22 00:12:50,786 [pool-57-thread-1] INFO  server.RaftServerConfigKeys (ConfUtils.java:logGet(43)) - raft.server.log.statemachine.data.sync.timeout = 10s (default)
2019-10-22 00:12:50,786 [pool-57-thread-1] INFO  server.RaftServerConfigKeys (ConfUtils.java:logGet(43)) - raft.server.log.statemachine.data.sync.timeout.retry = -1 (default)
2019-10-22 00:12:50,787 [pool-57-thread-1] INFO  server.RaftServerConfigKeys (ConfUtils.java:logGet(43)) - raft.server.log.statemachine.data.caching.enabled = true (custom)
2019-10-22 00:12:50,787 [pool-57-thread-1] INFO  segmented.SegmentedRaftLogWorker (SegmentedRaftLogWorker.java:lambda$new$0(128)) - 2a52019e-5647-44e1-bf30-9a43fd8a7377@group-BB835E2A3C0C-SegmentedRaftLogWorker: flushIndex: setUnconditionally 0 -> -1
2019-10-22 00:12:50,788 [pool-57-thread-1] INFO  server.RaftServerConfigKeys (ConfUtils.java:logGet(43)) - raft.server.snapshot.auto.trigger.enabled = true (custom)
2019-10-22 00:12:50,788 [pool-57-thread-1] INFO  server.RaftServerConfigKeys (ConfUtils.java:logGet(43)) - raft.server.snapshot.auto.trigger.threshold = 10000 (custom)
2019-10-22 00:12:50,788 [pool-57-thread-1] INFO  server.RaftServerConfigKeys (ConfUtils.java:logGet(43)) - raft.server.snapshot.retention.file.num = 5 (custom)
2019-10-22 00:12:50,788 [pool-57-thread-1] INFO  server.RaftServerConfigKeys (ConfUtils.java:logGet(43)) - raft.server.retrycache.expirytime = 600000ms (custom)
2019-10-22 00:12:50,791 [pool-57-thread-1] INFO  impl.RaftServerImpl (RaftServerImpl.java:start(195)) - 2a52019e-5647-44e1-bf30-9a43fd8a7377@group-BB835E2A3C0C: start as a follower, conf=-1: [2a52019e-5647-44e1-bf30-9a43fd8a7377:192.168.157.254:36038], old=null
2019-10-22 00:12:50,791 [pool-57-thread-1] INFO  impl.RaftServerImpl (RaftServerImpl.java:setRole(184)) - 2a52019e-5647-44e1-bf30-9a43fd8a7377@group-BB835E2A3C0C: changes role from      null to FOLLOWER at term 0 for startAsFollower
2019-10-22 00:12:50,791 [pool-57-thread-1] INFO  impl.RoleInfo (RoleInfo.java:updateAndGet(143)) - 2a52019e-5647-44e1-bf30-9a43fd8a7377: start FollowerState
2019-10-22 00:12:50,791 [pool-57-thread-1] INFO  util.JmxRegister (JmxRegister.java:tryRegister(44)) - Successfully registered JMX Bean with object name Ratis:service=RaftServer,group=group-BB835E2A3C0C,id=2a52019e-5647-44e1-bf30-9a43fd8a7377
2019-10-22 00:12:50,809 [RatisPipelineUtilsThread] INFO  pipeline.PipelineStateManager (PipelineStateManager.java:addPipeline(56)) - Created pipeline Pipeline[ Id: 7dd09c6b-578f-4ced-9bb2-bb835e2a3c0c, Nodes: 2a52019e-5647-44e1-bf30-9a43fd8a7377{ip: 192.168.157.254, host: pr-hdds-2343-5q8j9-3338874002, networkLocation: /default-rack, certSerialId: null}, Type:RATIS, Factor:ONE, State:OPEN]
2019-10-22 00:12:50,822 [grpc-default-executor-0] INFO  impl.RaftServerProxy (RaftServerProxy.java:addNew(89)) - 5732e052-e19f-40fe-a104-972211db20fb: addNew group-003250470054:[5732e052-e19f-40fe-a104-972211db20fb:192.168.157.254:37262] returns group-003250470054:java.util.concurrent.CompletableFuture@4aded6d2[Not completed]
2019-10-22 00:12:50,823 [pool-77-thread-1] INFO  impl.RaftServerImpl (RaftServerImpl.java:<init>(104)) - 5732e052-e19f-40fe-a104-972211db20fb: new RaftServerImpl for group-003250470054:[5732e052-e19f-40fe-a104-972211db20fb:192.168.157.254:37262] with ContainerStateMachine:uninitialized
2019-10-22 00:12:50,824 [pool-77-thread-1] INFO  server.RaftServerConfigKeys (ConfUtils.java:logGet(43)) - raft.server.rpc.timeout.min = 1s (custom)
2019-10-22 00:12:50,824 [pool-77-thread-1] INFO  server.RaftServerConfigKeys (ConfUtils.java:logGet(43)) - raft.server.rpc.timeout.max = 1200ms (custom)
2019-10-22 00:12:50,824 [pool-77-thread-1] INFO  server.RaftServerConfigKeys (ConfUtils.java:logGet(43)) - raft.server.rpcslowness.timeout = 120s (custom)
2019-10-22 00:12:50,824 [pool-77-thread-1] INFO  server.RaftServerConfigKeys (ConfUtils.java:logGet(43)) - raft.server.sleep.deviation.threshold = 300 (default)
2019-10-22 00:12:50,824 [pool-77-thread-1] INFO  server.RaftServerConfigKeys (ConfUtils.java:logGet(43)) - raft.server.log.appender.install.snapshot.enabled = false (custom)
2019-10-22 00:12:50,824 [pool-77-thread-1] INFO  impl.RaftServerImpl (ServerState.java:<init>(103)) - 5732e052-e19f-40fe-a104-972211db20fb@group-003250470054: ConfigurationManager, init=-1: [5732e052-e19f-40fe-a104-972211db20fb:192.168.157.254:37262], old=null, confs=<EMPTY_MAP>
2019-10-22 00:12:50,825 [pool-77-thread-1] INFO  server.RaftServerConfigKeys (ConfUtils.java:logGet(43)) - raft.server.storage.dir = [/workdir/hadoop-ozone/integration-test/target/test-dir/MiniOzoneClusterImpl-8b64dd99-cfc4-48e3-b5ea-61cd2ec80401/datanode-5/data/ratis] (custom)
2019-10-22 00:12:50,825 [pool-77-thread-1] INFO  server.RaftServerConfigKeys (ConfUtils.java:logGet(43)) - raft.server.log.corruption.policy = EXCEPTION (default)
2019-10-22 00:12:50,825 [pool-77-thread-1] INFO  storage.RaftStorageDirectory (RaftStorageDirectory.java:analyzeStorage(246)) - The storage directory /workdir/hadoop-ozone/integration-test/target/test-dir/MiniOzoneClusterImpl-8b64dd99-cfc4-48e3-b5ea-61cd2ec80401/datanode-5/data/ratis/b139b524-40b7-4649-a443-003250470054 does not exist. Creating ...
2019-10-22 00:12:50,838 [pool-77-thread-1] INFO  storage.RaftStorageDirectory (RaftStorageDirectory.java:tryLock(328)) - Lock on /workdir/hadoop-ozone/integration-test/target/test-dir/MiniOzoneClusterImpl-8b64dd99-cfc4-48e3-b5ea-61cd2ec80401/datanode-5/data/ratis/b139b524-40b7-4649-a443-003250470054/in_use.lock acquired by nodename 18293@pr-hdds-2343-5q8j9-3338874002
2019-10-22 00:12:50,865 [pool-77-thread-1] INFO  storage.RaftStorage (RaftStorage.java:format(84)) - Storage directory /workdir/hadoop-ozone/integration-test/target/test-dir/MiniOzoneClusterImpl-8b64dd99-cfc4-48e3-b5ea-61cd2ec80401/datanode-5/data/ratis/b139b524-40b7-4649-a443-003250470054 has been successfully formatted.
2019-10-22 00:12:50,865 [pool-77-thread-1] INFO  ratis.ContainerStateMachine (ContainerStateMachine.java:loadSnapshot(231)) - group-003250470054: The snapshot info is null. Setting the last applied indexto:(t:0, i:~)
2019-10-22 00:12:50,866 [pool-77-thread-1] INFO  server.RaftServerConfigKeys (ConfUtils.java:logGet(43)) - raft.server.notification.no-leader.timeout = 120s (custom)
2019-10-22 00:12:50,866 [pool-77-thread-1] INFO  server.RaftServerConfigKeys (ConfUtils.java:logGet(43)) - raft.server.log.use.memory = false (default)
2019-10-22 00:12:50,866 [pool-77-thread-1] INFO  server.RaftServerConfigKeys (ConfUtils.java:logGet(43)) - raft.server.log.purge.gap = 1000000 (custom)
2019-10-22 00:12:50,866 [pool-77-thread-1] INFO  server.RaftServerConfigKeys (ConfUtils.java:logGet(43)) - raft.server.log.appender.buffer.byte-limit = 33554432 (custom)
2019-10-22 00:12:50,866 [pool-77-thread-1] INFO  server.RaftServerConfigKeys (ConfUtils.java:logGet(43)) - raft.server.log.segment.size.max = 1048576 (custom)
2019-10-22 00:12:50,869 [pool-77-thread-1] INFO  server.RaftServerConfigKeys (ConfUtils.java:logGet(43)) - raft.server.log.segment.cache.num.max = 2 (custom)
2019-10-22 00:12:50,869 [pool-77-thread-1] INFO  segmented.SegmentedRaftLogWorker (SegmentedRaftLogWorker.java:<init>(173)) - new 5732e052-e19f-40fe-a104-972211db20fb@group-003250470054-SegmentedRaftLogWorker for RaftStorage:Storage Directory /workdir/hadoop-ozone/integration-test/target/test-dir/MiniOzoneClusterImpl-8b64dd99-cfc4-48e3-b5ea-61cd2ec80401/datanode-5/data/ratis/b139b524-40b7-4649-a443-003250470054
2019-10-22 00:12:50,869 [pool-77-thread-1] INFO  server.RaftServerConfigKeys (ConfUtils.java:logGet(43)) - raft.server.log.queue.byte-limit = 2147483647 (custom)
2019-10-22 00:12:50,869 [pool-77-thread-1] INFO  server.RaftServerConfigKeys (ConfUtils.java:logGet(43)) - raft.server.log.queue.element-limit = 1024 (custom)
2019-10-22 00:12:50,869 [pool-77-thread-1] INFO  server.RaftServerConfigKeys (ConfUtils.java:logGet(43)) - raft.server.log.segment.size.max = 1048576 (custom)
2019-10-22 00:12:50,869 [pool-77-thread-1] INFO  server.RaftServerConfigKeys (ConfUtils.java:logGet(43)) - raft.server.log.preallocated.size = 16384 (custom)
2019-10-22 00:12:50,869 [pool-77-thread-1] INFO  server.RaftServerConfigKeys (ConfUtils.java:logGet(43)) - raft.server.log.write.buffer.size = 33554432 (custom)
2019-10-22 00:12:50,870 [pool-77-thread-1] INFO  server.RaftServerConfigKeys (ConfUtils.java:logGet(43)) - raft.server.log.force.sync.num = 128 (default)
2019-10-22 00:12:50,870 [pool-77-thread-1] INFO  server.RaftServerConfigKeys (ConfUtils.java:logGet(43)) - raft.server.log.statemachine.data.sync = true (default)
2019-10-22 00:12:50,870 [pool-77-thread-1] INFO  server.RaftServerConfigKeys (ConfUtils.java:logGet(43)) - raft.server.log.statemachine.data.sync.timeout = 10s (default)
2019-10-22 00:12:50,870 [pool-77-thread-1] INFO  server.RaftServerConfigKeys (ConfUtils.java:logGet(43)) - raft.server.log.statemachine.data.sync.timeout.retry = -1 (default)
2019-10-22 00:12:50,871 [pool-77-thread-1] INFO  server.RaftServerConfigKeys (ConfUtils.java:logGet(43)) - raft.server.log.statemachine.data.caching.enabled = true (custom)
2019-10-22 00:12:50,871 [pool-77-thread-1] INFO  segmented.SegmentedRaftLogWorker (SegmentedRaftLogWorker.java:lambda$new$0(128)) - 5732e052-e19f-40fe-a104-972211db20fb@group-003250470054-SegmentedRaftLogWorker: flushIndex: setUnconditionally 0 -> -1
2019-10-22 00:12:50,871 [pool-77-thread-1] INFO  server.RaftServerConfigKeys (ConfUtils.java:logGet(43)) - raft.server.snapshot.auto.trigger.enabled = true (custom)
2019-10-22 00:12:50,871 [pool-77-thread-1] INFO  server.RaftServerConfigKeys (ConfUtils.java:logGet(43)) - raft.server.snapshot.auto.trigger.threshold = 10000 (custom)
2019-10-22 00:12:50,872 [pool-77-thread-1] INFO  server.RaftServerConfigKeys (ConfUtils.java:logGet(43)) - raft.server.snapshot.retention.file.num = 5 (custom)
2019-10-22 00:12:50,872 [pool-77-thread-1] INFO  server.RaftServerConfigKeys (ConfUtils.java:logGet(43)) - raft.server.retrycache.expirytime = 600000ms (custom)
2019-10-22 00:12:50,876 [pool-77-thread-1] INFO  impl.RaftServerImpl (RaftServerImpl.java:start(195)) - 5732e052-e19f-40fe-a104-972211db20fb@group-003250470054: start as a follower, conf=-1: [5732e052-e19f-40fe-a104-972211db20fb:192.168.157.254:37262], old=null
2019-10-22 00:12:50,876 [pool-77-thread-1] INFO  impl.RaftServerImpl (RaftServerImpl.java:setRole(184)) - 5732e052-e19f-40fe-a104-972211db20fb@group-003250470054: changes role from      null to FOLLOWER at term 0 for startAsFollower
2019-10-22 00:12:50,876 [pool-77-thread-1] INFO  impl.RoleInfo (RoleInfo.java:updateAndGet(143)) - 5732e052-e19f-40fe-a104-972211db20fb: start FollowerState
2019-10-22 00:12:50,877 [pool-77-thread-1] INFO  util.JmxRegister (JmxRegister.java:tryRegister(44)) - Successfully registered JMX Bean with object name Ratis:service=RaftServer,group=group-003250470054,id=5732e052-e19f-40fe-a104-972211db20fb
2019-10-22 00:12:50,904 [Thread-301] INFO  impl.FollowerState (FollowerState.java:run(108)) - 5732e052-e19f-40fe-a104-972211db20fb@group-003250470054-FollowerState: change to CANDIDATE, lastRpcTime:27ms, electionTimeout:26ms
2019-10-22 00:12:50,904 [Thread-295] INFO  impl.FollowerState (FollowerState.java:run(108)) - 062c71de-08d9-40ee-9309-15590e2e8e68@group-886D96F44A2A-FollowerState: change to CANDIDATE, lastRpcTime:187ms, electionTimeout:165ms
2019-10-22 00:12:50,905 [Thread-301] INFO  impl.RoleInfo (RoleInfo.java:shutdownFollowerState(121)) - 5732e052-e19f-40fe-a104-972211db20fb: shutdown FollowerState
2019-10-22 00:12:50,905 [Thread-295] INFO  impl.RoleInfo (RoleInfo.java:shutdownFollowerState(121)) - 062c71de-08d9-40ee-9309-15590e2e8e68: shutdown FollowerState
2019-10-22 00:12:50,905 [Thread-301] INFO  impl.RaftServerImpl (RaftServerImpl.java:setRole(184)) - 5732e052-e19f-40fe-a104-972211db20fb@group-003250470054: changes role from  FOLLOWER to CANDIDATE at term 0 for changeToCandidate
2019-10-22 00:12:50,905 [Thread-295] INFO  impl.RaftServerImpl (RaftServerImpl.java:setRole(184)) - 062c71de-08d9-40ee-9309-15590e2e8e68@group-886D96F44A2A: changes role from  FOLLOWER to CANDIDATE at term 0 for changeToCandidate
2019-10-22 00:12:50,905 [Thread-301] INFO  impl.RoleInfo (RoleInfo.java:updateAndGet(143)) - 5732e052-e19f-40fe-a104-972211db20fb: start LeaderElection
2019-10-22 00:12:50,905 [Thread-295] INFO  impl.RoleInfo (RoleInfo.java:updateAndGet(143)) - 062c71de-08d9-40ee-9309-15590e2e8e68: start LeaderElection
2019-10-22 00:12:50,910 [Thread-298] INFO  impl.FollowerState (FollowerState.java:run(108)) - 2a52019e-5647-44e1-bf30-9a43fd8a7377@group-BB835E2A3C0C-FollowerState: change to CANDIDATE, lastRpcTime:119ms, electionTimeout:116ms
2019-10-22 00:12:50,914 [Thread-298] INFO  impl.RoleInfo (RoleInfo.java:shutdownFollowerState(121)) - 2a52019e-5647-44e1-bf30-9a43fd8a7377: shutdown FollowerState
2019-10-22 00:12:50,914 [Thread-298] INFO  impl.RaftServerImpl (RaftServerImpl.java:setRole(184)) - 2a52019e-5647-44e1-bf30-9a43fd8a7377@group-BB835E2A3C0C: changes role from  FOLLOWER to CANDIDATE at term 0 for changeToCandidate
2019-10-22 00:12:50,914 [Thread-298] INFO  impl.RoleInfo (RoleInfo.java:updateAndGet(143)) - 2a52019e-5647-44e1-bf30-9a43fd8a7377: start LeaderElection
2019-10-22 00:12:50,922 [RatisPipelineUtilsThread] INFO  pipeline.PipelineStateManager (PipelineStateManager.java:addPipeline(56)) - Created pipeline Pipeline[ Id: b139b524-40b7-4649-a443-003250470054, Nodes: 5732e052-e19f-40fe-a104-972211db20fb{ip: 192.168.157.254, host: pr-hdds-2343-5q8j9-3338874002, networkLocation: /default-rack, certSerialId: null}, Type:RATIS, Factor:ONE, State:OPEN]
2019-10-22 00:12:50,936 [9d453efa-53cb-467a-9eb6-1ab0458610f0@group-EE734774E148-SegmentedRaftLogWorker] INFO  segmented.SegmentedRaftLogWorker (SegmentedRaftLogWorker.java:execute(576)) - 9d453efa-53cb-467a-9eb6-1ab0458610f0@group-EE734774E148-SegmentedRaftLogWorker: created new log segment /workdir/hadoop-ozone/integration-test/target/test-dir/MiniOzoneClusterImpl-8b64dd99-cfc4-48e3-b5ea-61cd2ec80401/datanode-0/data/ratis/6156455a-d417-4934-a886-ee734774e148/current/log_inprogress_0
2019-10-22 00:12:50,936 [2fdb3e93-e0d8-400e-8c33-91e2341b50c6@group-BA694374C31D-SegmentedRaftLogWorker] INFO  segmented.SegmentedRaftLogWorker (SegmentedRaftLogWorker.java:execute(576)) - 2fdb3e93-e0d8-400e-8c33-91e2341b50c6@group-BA694374C31D-SegmentedRaftLogWorker: created new log segment /workdir/hadoop-ozone/integration-test/target/test-dir/MiniOzoneClusterImpl-8b64dd99-cfc4-48e3-b5ea-61cd2ec80401/datanode-1/data/ratis/99521ba2-6eea-4459-a39b-ba694374c31d/current/log_inprogress_0
2019-10-22 00:12:50,936 [062c71de-08d9-40ee-9309-15590e2e8e68@group-886D96F44A2A-LeaderElection4] INFO  impl.LeaderElection (LeaderElection.java:askForVotes(178)) - 062c71de-08d9-40ee-9309-15590e2e8e68@group-886D96F44A2A-LeaderElection4: begin an election at term 1 for -1: [062c71de-08d9-40ee-9309-15590e2e8e68:192.168.157.254:45598], old=null
2019-10-22 00:12:50,936 [2a52019e-5647-44e1-bf30-9a43fd8a7377@group-BB835E2A3C0C-LeaderElection5] INFO  impl.LeaderElection (LeaderElection.java:askForVotes(178)) - 2a52019e-5647-44e1-bf30-9a43fd8a7377@group-BB835E2A3C0C-LeaderElection5: begin an election at term 1 for -1: [2a52019e-5647-44e1-bf30-9a43fd8a7377:192.168.157.254:36038], old=null
2019-10-22 00:12:50,936 [5732e052-e19f-40fe-a104-972211db20fb@group-003250470054-LeaderElection3] INFO  impl.LeaderElection (LeaderElection.java:askForVotes(178)) - 5732e052-e19f-40fe-a104-972211db20fb@group-003250470054-LeaderElection3: begin an election at term 1 for -1: [5732e052-e19f-40fe-a104-972211db20fb:192.168.157.254:37262], old=null
2019-10-22 00:12:50,936 [2a52019e-5647-44e1-bf30-9a43fd8a7377@group-BB835E2A3C0C-LeaderElection5] INFO  impl.RoleInfo (RoleInfo.java:shutdownLeaderElection(134)) - 2a52019e-5647-44e1-bf30-9a43fd8a7377: shutdown LeaderElection
2019-10-22 00:12:50,936 [062c71de-08d9-40ee-9309-15590e2e8e68@group-886D96F44A2A-LeaderElection4] INFO  impl.RoleInfo (RoleInfo.java:shutdownLeaderElection(134)) - 062c71de-08d9-40ee-9309-15590e2e8e68: shutdown LeaderElection
2019-10-22 00:12:50,936 [2a52019e-5647-44e1-bf30-9a43fd8a7377@group-BB835E2A3C0C-LeaderElection5] INFO  impl.RaftServerImpl (RaftServerImpl.java:setRole(184)) - 2a52019e-5647-44e1-bf30-9a43fd8a7377@group-BB835E2A3C0C: changes role from CANDIDATE to LEADER at term 1 for changeToLeader
2019-10-22 00:12:50,936 [5732e052-e19f-40fe-a104-972211db20fb@group-003250470054-LeaderElection3] INFO  impl.RoleInfo (RoleInfo.java:shutdownLeaderElection(134)) - 5732e052-e19f-40fe-a104-972211db20fb: shutdown LeaderElection
2019-10-22 00:12:50,938 [grpc-default-executor-0] INFO  impl.RaftServerProxy (RaftServerProxy.java:addNew(89)) - 1913eeb9-7f58-4aef-bfea-8e00a2a3aadf: addNew group-BC0079CB346E:[1913eeb9-7f58-4aef-bfea-8e00a2a3aadf:192.168.157.254:38825] returns group-BC0079CB346E:java.util.concurrent.CompletableFuture@1212aec7[Not completed]
2019-10-22 00:12:50,938 [2a52019e-5647-44e1-bf30-9a43fd8a7377@group-BB835E2A3C0C-LeaderElection5] INFO  impl.RaftServerImpl (ServerState.java:setLeader(256)) - 2a52019e-5647-44e1-bf30-9a43fd8a7377@group-BB835E2A3C0C: change Leader from null to 2a52019e-5647-44e1-bf30-9a43fd8a7377 at term 1 for becomeLeader, leader elected after 156ms
2019-10-22 00:12:50,938 [062c71de-08d9-40ee-9309-15590e2e8e68@group-886D96F44A2A-LeaderElection4] INFO  impl.RaftServerImpl (RaftServerImpl.java:setRole(184)) - 062c71de-08d9-40ee-9309-15590e2e8e68@group-886D96F44A2A: changes role from CANDIDATE to LEADER at term 1 for changeToLeader
2019-10-22 00:12:50,940 [2a52019e-5647-44e1-bf30-9a43fd8a7377@group-BB835E2A3C0C-LeaderElection5] INFO  server.RaftServerConfigKeys (ConfUtils.java:logGet(43)) - raft.server.staging.catchup.gap = 1000 (default)
2019-10-22 00:12:50,938 [5732e052-e19f-40fe-a104-972211db20fb@group-003250470054-LeaderElection3] INFO  impl.RaftServerImpl (RaftServerImpl.java:setRole(184)) - 5732e052-e19f-40fe-a104-972211db20fb@group-003250470054: changes role from CANDIDATE to LEADER at term 1 for changeToLeader
2019-10-22 00:12:50,940 [2a52019e-5647-44e1-bf30-9a43fd8a7377@group-BB835E2A3C0C-LeaderElection5] INFO  server.RaftServerConfigKeys (ConfUtils.java:logGet(43)) - raft.server.rpc.sleep.time = 25ms (default)
2019-10-22 00:12:50,940 [062c71de-08d9-40ee-9309-15590e2e8e68@group-886D96F44A2A-LeaderElection4] INFO  impl.RaftServerImpl (ServerState.java:setLeader(256)) - 062c71de-08d9-40ee-9309-15590e2e8e68@group-886D96F44A2A: change Leader from null to 062c71de-08d9-40ee-9309-15590e2e8e68 at term 1 for becomeLeader, leader elected after 232ms
2019-10-22 00:12:50,940 [5732e052-e19f-40fe-a104-972211db20fb@group-003250470054-LeaderElection3] INFO  impl.RaftServerImpl (ServerState.java:setLeader(256)) - 5732e052-e19f-40fe-a104-972211db20fb@group-003250470054: change Leader from null to 5732e052-e19f-40fe-a104-972211db20fb at term 1 for becomeLeader, leader elected after 74ms
2019-10-22 00:12:50,941 [062c71de-08d9-40ee-9309-15590e2e8e68@group-886D96F44A2A-LeaderElection4] INFO  server.RaftServerConfigKeys (ConfUtils.java:logGet(43)) - raft.server.staging.catchup.gap = 1000 (default)
2019-10-22 00:12:50,940 [2a52019e-5647-44e1-bf30-9a43fd8a7377@group-BB835E2A3C0C-LeaderElection5] INFO  server.RaftServerConfigKeys (ConfUtils.java:logGet(43)) - raft.server.write.element-limit = 4096 (default)
2019-10-22 00:12:50,943 [062c71de-08d9-40ee-9309-15590e2e8e68@group-886D96F44A2A-LeaderElection4] INFO  server.RaftServerConfigKeys (ConfUtils.java:logGet(43)) - raft.server.rpc.sleep.time = 25ms (default)
2019-10-22 00:12:50,943 [5732e052-e19f-40fe-a104-972211db20fb@group-003250470054-LeaderElection3] INFO  server.RaftServerConfigKeys (ConfUtils.java:logGet(43)) - raft.server.staging.catchup.gap = 1000 (default)
2019-10-22 00:12:50,943 [2a52019e-5647-44e1-bf30-9a43fd8a7377@group-BB835E2A3C0C-LeaderElection5] INFO  server.RaftServerConfigKeys (ConfUtils.java:logGet(43)) - raft.server.watch.timeout = 10s (default)
2019-10-22 00:12:50,943 [5732e052-e19f-40fe-a104-972211db20fb@group-003250470054-LeaderElection3] INFO  server.RaftServerConfigKeys (ConfUtils.java:logGet(43)) - raft.server.rpc.sleep.time = 25ms (default)
2019-10-22 00:12:50,943 [062c71de-08d9-40ee-9309-15590e2e8e68@group-886D96F44A2A-LeaderElection4] INFO  server.RaftServerConfigKeys (ConfUtils.java:logGet(43)) - raft.server.write.element-limit = 4096 (default)
2019-10-22 00:12:50,943 [2a52019e-5647-44e1-bf30-9a43fd8a7377@group-BB835E2A3C0C-LeaderElection5] INFO  server.RaftServerConfigKeys (ConfUtils.java:logGet(43)) - raft.server.watch.timeout.denomination = 1s (default)
2019-10-22 00:12:50,943 [062c71de-08d9-40ee-9309-15590e2e8e68@group-886D96F44A2A-LeaderElection4] INFO  server.RaftServerConfigKeys (ConfUtils.java:logGet(43)) - raft.server.watch.timeout = 10s (default)
2019-10-22 00:12:50,943 [5732e052-e19f-40fe-a104-972211db20fb@group-003250470054-LeaderElection3] INFO  server.RaftServerConfigKeys (ConfUtils.java:logGet(43)) - raft.server.write.element-limit = 4096 (default)
2019-10-22 00:12:50,944 [062c71de-08d9-40ee-9309-15590e2e8e68@group-886D96F44A2A-LeaderElection4] INFO  server.RaftServerConfigKeys (ConfUtils.java:logGet(43)) - raft.server.watch.timeout.denomination = 1s (default)
2019-10-22 00:12:50,944 [2a52019e-5647-44e1-bf30-9a43fd8a7377@group-BB835E2A3C0C-LeaderElection5] INFO  server.RaftServerConfigKeys (ConfUtils.java:logGet(43)) - raft.server.watch.element-limit = 65536 (default)
2019-10-22 00:12:50,944 [062c71de-08d9-40ee-9309-15590e2e8e68@group-886D96F44A2A-LeaderElection4] INFO  server.RaftServerConfigKeys (ConfUtils.java:logGet(43)) - raft.server.watch.element-limit = 65536 (default)
2019-10-22 00:12:50,944 [5732e052-e19f-40fe-a104-972211db20fb@group-003250470054-LeaderElection3] INFO  server.RaftServerConfigKeys (ConfUtils.java:logGet(43)) - raft.server.watch.timeout = 10s (default)
2019-10-22 00:12:50,944 [5732e052-e19f-40fe-a104-972211db20fb@group-003250470054-LeaderElection3] INFO  server.RaftServerConfigKeys (ConfUtils.java:logGet(43)) - raft.server.watch.timeout.denomination = 1s (default)
2019-10-22 00:12:50,944 [5732e052-e19f-40fe-a104-972211db20fb@group-003250470054-LeaderElection3] INFO  server.RaftServerConfigKeys (ConfUtils.java:logGet(43)) - raft.server.watch.element-limit = 65536 (default)
2019-10-22 00:12:50,944 [pool-107-thread-1] INFO  impl.RaftServerImpl (RaftServerImpl.java:<init>(104)) - 1913eeb9-7f58-4aef-bfea-8e00a2a3aadf: new RaftServerImpl for group-BC0079CB346E:[1913eeb9-7f58-4aef-bfea-8e00a2a3aadf:192.168.157.254:38825] with ContainerStateMachine:uninitialized
2019-10-22 00:12:50,945 [pool-107-thread-1] INFO  server.RaftServerConfigKeys (ConfUtils.java:logGet(43)) - raft.server.rpc.timeout.min = 1s (custom)
2019-10-22 00:12:50,945 [pool-107-thread-1] INFO  server.RaftServerConfigKeys (ConfUtils.java:logGet(43)) - raft.server.rpc.timeout.max = 1200ms (custom)
2019-10-22 00:12:50,945 [pool-107-thread-1] INFO  server.RaftServerConfigKeys (ConfUtils.java:logGet(43)) - raft.server.rpcslowness.timeout = 120s (custom)
2019-10-22 00:12:50,945 [pool-107-thread-1] INFO  server.RaftServerConfigKeys (ConfUtils.java:logGet(43)) - raft.server.sleep.deviation.threshold = 300 (default)
2019-10-22 00:12:50,945 [pool-107-thread-1] INFO  server.RaftServerConfigKeys (ConfUtils.java:logGet(43)) - raft.server.log.appender.install.snapshot.enabled = false (custom)
2019-10-22 00:12:50,946 [pool-107-thread-1] INFO  impl.RaftServerImpl (ServerState.java:<init>(103)) - 1913eeb9-7f58-4aef-bfea-8e00a2a3aadf@group-BC0079CB346E: ConfigurationManager, init=-1: [1913eeb9-7f58-4aef-bfea-8e00a2a3aadf:192.168.157.254:38825], old=null, confs=<EMPTY_MAP>
2019-10-22 00:12:50,946 [pool-107-thread-1] INFO  server.RaftServerConfigKeys (ConfUtils.java:logGet(43)) - raft.server.storage.dir = [/workdir/hadoop-ozone/integration-test/target/test-dir/MiniOzoneClusterImpl-8b64dd99-cfc4-48e3-b5ea-61cd2ec80401/datanode-8/data/ratis] (custom)
2019-10-22 00:12:50,946 [pool-107-thread-1] INFO  server.RaftServerConfigKeys (ConfUtils.java:logGet(43)) - raft.server.log.corruption.policy = EXCEPTION (default)
2019-10-22 00:12:50,947 [pool-107-thread-1] INFO  storage.RaftStorageDirectory (RaftStorageDirectory.java:analyzeStorage(246)) - The storage directory /workdir/hadoop-ozone/integration-test/target/test-dir/MiniOzoneClusterImpl-8b64dd99-cfc4-48e3-b5ea-61cd2ec80401/datanode-8/data/ratis/4f8001fa-5bee-4663-9e92-bc0079cb346e does not exist. Creating ...
2019-10-22 00:12:50,947 [2a52019e-5647-44e1-bf30-9a43fd8a7377@group-BB835E2A3C0C-LeaderElection5] INFO  impl.RoleInfo (RoleInfo.java:updateAndGet(143)) - 2a52019e-5647-44e1-bf30-9a43fd8a7377: start LeaderState
2019-10-22 00:12:50,947 [2a52019e-5647-44e1-bf30-9a43fd8a7377@group-BB835E2A3C0C-LeaderElection5] INFO  segmented.SegmentedRaftLogWorker (SegmentedRaftLogWorker.java:startLogSegment(385)) - 2a52019e-5647-44e1-bf30-9a43fd8a7377@group-BB835E2A3C0C-SegmentedRaftLogWorker: Starting segment from index:0
2019-10-22 00:12:50,948 [2a52019e-5647-44e1-bf30-9a43fd8a7377@group-BB835E2A3C0C-LeaderElection5] INFO  impl.RaftServerImpl (ServerState.java:setRaftConf(357)) - 2a52019e-5647-44e1-bf30-9a43fd8a7377@group-BB835E2A3C0C: set configuration 0: [2a52019e-5647-44e1-bf30-9a43fd8a7377:192.168.157.254:36038], old=null at 0
2019-10-22 00:12:50,976 [pool-107-thread-1] INFO  storage.RaftStorageDirectory (RaftStorageDirectory.java:tryLock(328)) - Lock on /workdir/hadoop-ozone/integration-test/target/test-dir/MiniOzoneClusterImpl-8b64dd99-cfc4-48e3-b5ea-61cd2ec80401/datanode-8/data/ratis/4f8001fa-5bee-4663-9e92-bc0079cb346e/in_use.lock acquired by nodename 18293@pr-hdds-2343-5q8j9-3338874002
2019-10-22 00:12:50,977 [5732e052-e19f-40fe-a104-972211db20fb@group-003250470054-LeaderElection3] INFO  impl.RoleInfo (RoleInfo.java:updateAndGet(143)) - 5732e052-e19f-40fe-a104-972211db20fb: start LeaderState
2019-10-22 00:12:50,978 [5732e052-e19f-40fe-a104-972211db20fb@group-003250470054-LeaderElection3] INFO  segmented.SegmentedRaftLogWorker (SegmentedRaftLogWorker.java:startLogSegment(385)) - 5732e052-e19f-40fe-a104-972211db20fb@group-003250470054-SegmentedRaftLogWorker: Starting segment from index:0
2019-10-22 00:12:50,978 [062c71de-08d9-40ee-9309-15590e2e8e68@group-886D96F44A2A-LeaderElection4] INFO  impl.RoleInfo (RoleInfo.java:updateAndGet(143)) - 062c71de-08d9-40ee-9309-15590e2e8e68: start LeaderState
2019-10-22 00:12:50,978 [062c71de-08d9-40ee-9309-15590e2e8e68@group-886D96F44A2A-LeaderElection4] INFO  segmented.SegmentedRaftLogWorker (SegmentedRaftLogWorker.java:startLogSegment(385)) - 062c71de-08d9-40ee-9309-15590e2e8e68@group-886D96F44A2A-SegmentedRaftLogWorker: Starting segment from index:0
2019-10-22 00:12:50,978 [5732e052-e19f-40fe-a104-972211db20fb@group-003250470054-LeaderElection3] INFO  impl.RaftServerImpl (ServerState.java:setRaftConf(357)) - 5732e052-e19f-40fe-a104-972211db20fb@group-003250470054: set configuration 0: [5732e052-e19f-40fe-a104-972211db20fb:192.168.157.254:37262], old=null at 0
2019-10-22 00:12:51,008 [2a52019e-5647-44e1-bf30-9a43fd8a7377@group-BB835E2A3C0C-SegmentedRaftLogWorker] INFO  segmented.SegmentedRaftLogWorker (SegmentedRaftLogWorker.java:execute(576)) - 2a52019e-5647-44e1-bf30-9a43fd8a7377@group-BB835E2A3C0C-SegmentedRaftLogWorker: created new log segment /workdir/hadoop-ozone/integration-test/target/test-dir/MiniOzoneClusterImpl-8b64dd99-cfc4-48e3-b5ea-61cd2ec80401/datanode-3/data/ratis/7dd09c6b-578f-4ced-9bb2-bb835e2a3c0c/current/log_inprogress_0
2019-10-22 00:12:51,009 [062c71de-08d9-40ee-9309-15590e2e8e68@group-886D96F44A2A-LeaderElection4] INFO  impl.RaftServerImpl (ServerState.java:setRaftConf(357)) - 062c71de-08d9-40ee-9309-15590e2e8e68@group-886D96F44A2A: set configuration 0: [062c71de-08d9-40ee-9309-15590e2e8e68:192.168.157.254:45598], old=null at 0
2019-10-22 00:12:51,008 [pool-107-thread-1] INFO  storage.RaftStorage (RaftStorage.java:format(84)) - Storage directory /workdir/hadoop-ozone/integration-test/target/test-dir/MiniOzoneClusterImpl-8b64dd99-cfc4-48e3-b5ea-61cd2ec80401/datanode-8/data/ratis/4f8001fa-5bee-4663-9e92-bc0079cb346e has been successfully formatted.
2019-10-22 00:12:51,046 [5732e052-e19f-40fe-a104-972211db20fb@group-003250470054-SegmentedRaftLogWorker] INFO  segmented.SegmentedRaftLogWorker (SegmentedRaftLogWorker.java:execute(576)) - 5732e052-e19f-40fe-a104-972211db20fb@group-003250470054-SegmentedRaftLogWorker: created new log segment /workdir/hadoop-ozone/integration-test/target/test-dir/MiniOzoneClusterImpl-8b64dd99-cfc4-48e3-b5ea-61cd2ec80401/datanode-5/data/ratis/b139b524-40b7-4649-a443-003250470054/current/log_inprogress_0
2019-10-22 00:12:51,048 [pool-107-thread-1] INFO  ratis.ContainerStateMachine (ContainerStateMachine.java:loadSnapshot(231)) - group-BC0079CB346E: The snapshot info is null. Setting the last applied indexto:(t:0, i:~)
2019-10-22 00:12:51,049 [pool-107-thread-1] INFO  server.RaftServerConfigKeys (ConfUtils.java:logGet(43)) - raft.server.notification.no-leader.timeout = 120s (custom)
2019-10-22 00:12:51,049 [pool-107-thread-1] INFO  server.RaftServerConfigKeys (ConfUtils.java:logGet(43)) - raft.server.log.use.memory = false (default)
2019-10-22 00:12:51,049 [pool-107-thread-1] INFO  server.RaftServerConfigKeys (ConfUtils.java:logGet(43)) - raft.server.log.purge.gap = 1000000 (custom)
2019-10-22 00:12:51,049 [pool-107-thread-1] INFO  server.RaftServerConfigKeys (ConfUtils.java:logGet(43)) - raft.server.log.appender.buffer.byte-limit = 33554432 (custom)
2019-10-22 00:12:51,049 [pool-107-thread-1] INFO  server.RaftServerConfigKeys (ConfUtils.java:logGet(43)) - raft.server.log.segment.size.max = 1048576 (custom)
2019-10-22 00:12:51,052 [pool-107-thread-1] INFO  server.RaftServerConfigKeys (ConfUtils.java:logGet(43)) - raft.server.log.segment.cache.num.max = 2 (custom)
2019-10-22 00:12:51,052 [pool-107-thread-1] INFO  segmented.SegmentedRaftLogWorker (SegmentedRaftLogWorker.java:<init>(173)) - new 1913eeb9-7f58-4aef-bfea-8e00a2a3aadf@group-BC0079CB346E-SegmentedRaftLogWorker for RaftStorage:Storage Directory /workdir/hadoop-ozone/integration-test/target/test-dir/MiniOzoneClusterImpl-8b64dd99-cfc4-48e3-b5ea-61cd2ec80401/datanode-8/data/ratis/4f8001fa-5bee-4663-9e92-bc0079cb346e
2019-10-22 00:12:51,053 [pool-107-thread-1] INFO  server.RaftServerConfigKeys (ConfUtils.java:logGet(43)) - raft.server.log.queue.byte-limit = 2147483647 (custom)
2019-10-22 00:12:51,053 [pool-107-thread-1] INFO  server.RaftServerConfigKeys (ConfUtils.java:logGet(43)) - raft.server.log.queue.element-limit = 1024 (custom)
2019-10-22 00:12:51,053 [pool-107-thread-1] INFO  server.RaftServerConfigKeys (ConfUtils.java:logGet(43)) - raft.server.log.segment.size.max = 1048576 (custom)
2019-10-22 00:12:51,053 [pool-107-thread-1] INFO  server.RaftServerConfigKeys (ConfUtils.java:logGet(43)) - raft.server.log.preallocated.size = 16384 (custom)
2019-10-22 00:12:51,053 [pool-107-thread-1] INFO  server.RaftServerConfigKeys (ConfUtils.java:logGet(43)) - raft.server.log.write.buffer.size = 33554432 (custom)
2019-10-22 00:12:51,053 [pool-107-thread-1] INFO  server.RaftServerConfigKeys (ConfUtils.java:logGet(43)) - raft.server.log.force.sync.num = 128 (default)
2019-10-22 00:12:51,054 [pool-107-thread-1] INFO  server.RaftServerConfigKeys (ConfUtils.java:logGet(43)) - raft.server.log.statemachine.data.sync = true (default)
2019-10-22 00:12:51,054 [pool-107-thread-1] INFO  server.RaftServerConfigKeys (ConfUtils.java:logGet(43)) - raft.server.log.statemachine.data.sync.timeout = 10s (default)
2019-10-22 00:12:51,054 [pool-107-thread-1] INFO  server.RaftServerConfigKeys (ConfUtils.java:logGet(43)) - raft.server.log.statemachine.data.sync.timeout.retry = -1 (default)
2019-10-22 00:12:51,055 [pool-107-thread-1] INFO  server.RaftServerConfigKeys (ConfUtils.java:logGet(43)) - raft.server.log.statemachine.data.caching.enabled = true (custom)
2019-10-22 00:12:51,055 [pool-107-thread-1] INFO  segmented.SegmentedRaftLogWorker (SegmentedRaftLogWorker.java:lambda$new$0(128)) - 1913eeb9-7f58-4aef-bfea-8e00a2a3aadf@group-BC0079CB346E-SegmentedRaftLogWorker: flushIndex: setUnconditionally 0 -> -1
2019-10-22 00:12:51,055 [pool-107-thread-1] INFO  server.RaftServerConfigKeys (ConfUtils.java:logGet(43)) - raft.server.snapshot.auto.trigger.enabled = true (custom)
2019-10-22 00:12:51,055 [pool-107-thread-1] INFO  server.RaftServerConfigKeys (ConfUtils.java:logGet(43)) - raft.server.snapshot.auto.trigger.threshold = 10000 (custom)
2019-10-22 00:12:51,056 [pool-107-thread-1] INFO  server.RaftServerConfigKeys (ConfUtils.java:logGet(43)) - raft.server.snapshot.retention.file.num = 5 (custom)
2019-10-22 00:12:51,056 [pool-107-thread-1] INFO  server.RaftServerConfigKeys (ConfUtils.java:logGet(43)) - raft.server.retrycache.expirytime = 600000ms (custom)
2019-10-22 00:12:51,061 [pool-107-thread-1] INFO  impl.RaftServerImpl (RaftServerImpl.java:start(195)) - 1913eeb9-7f58-4aef-bfea-8e00a2a3aadf@group-BC0079CB346E: start as a follower, conf=-1: [1913eeb9-7f58-4aef-bfea-8e00a2a3aadf:192.168.157.254:38825], old=null
2019-10-22 00:12:51,061 [062c71de-08d9-40ee-9309-15590e2e8e68@group-886D96F44A2A-SegmentedRaftLogWorker] INFO  segmented.SegmentedRaftLogWorker (SegmentedRaftLogWorker.java:execute(576)) - 062c71de-08d9-40ee-9309-15590e2e8e68@group-886D96F44A2A-SegmentedRaftLogWorker: created new log segment /workdir/hadoop-ozone/integration-test/target/test-dir/MiniOzoneClusterImpl-8b64dd99-cfc4-48e3-b5ea-61cd2ec80401/datanode-4/data/ratis/e40ebd53-71fc-4b4a-a56d-886d96f44a2a/current/log_inprogress_0
2019-10-22 00:12:51,061 [pool-107-thread-1] INFO  impl.RaftServerImpl (RaftServerImpl.java:setRole(184)) - 1913eeb9-7f58-4aef-bfea-8e00a2a3aadf@group-BC0079CB346E: changes role from      null to FOLLOWER at term 0 for startAsFollower
2019-10-22 00:12:51,061 [pool-107-thread-1] INFO  impl.RoleInfo (RoleInfo.java:updateAndGet(143)) - 1913eeb9-7f58-4aef-bfea-8e00a2a3aadf: start FollowerState
2019-10-22 00:12:51,062 [pool-107-thread-1] INFO  util.JmxRegister (JmxRegister.java:tryRegister(44)) - Successfully registered JMX Bean with object name Ratis:service=RaftServer,group=group-BC0079CB346E,id=1913eeb9-7f58-4aef-bfea-8e00a2a3aadf
2019-10-22 00:12:51,077 [RatisPipelineUtilsThread] INFO  pipeline.PipelineStateManager (PipelineStateManager.java:addPipeline(56)) - Created pipeline Pipeline[ Id: 4f8001fa-5bee-4663-9e92-bc0079cb346e, Nodes: 1913eeb9-7f58-4aef-bfea-8e00a2a3aadf{ip: 192.168.157.254, host: pr-hdds-2343-5q8j9-3338874002, networkLocation: /default-rack, certSerialId: null}, Type:RATIS, Factor:ONE, State:OPEN]
2019-10-22 00:12:51,092 [grpc-default-executor-0] INFO  impl.RaftServerProxy (RaftServerProxy.java:addNew(89)) - fad63ceb-ed14-4322-905d-6ef3599ac734: addNew group-301C4095371E:[fad63ceb-ed14-4322-905d-6ef3599ac734:192.168.157.254:39274] returns group-301C4095371E:java.util.concurrent.CompletableFuture@4856f23a[Not completed]
2019-10-22 00:12:51,095 [pool-117-thread-1] INFO  impl.RaftServerImpl (RaftServerImpl.java:<init>(104)) - fad63ceb-ed14-4322-905d-6ef3599ac734: new RaftServerImpl for group-301C4095371E:[fad63ceb-ed14-4322-905d-6ef3599ac734:192.168.157.254:39274] with ContainerStateMachine:uninitialized
2019-10-22 00:12:51,095 [pool-117-thread-1] INFO  server.RaftServerConfigKeys (ConfUtils.java:logGet(43)) - raft.server.rpc.timeout.min = 1s (custom)
2019-10-22 00:12:51,095 [pool-117-thread-1] INFO  server.RaftServerConfigKeys (ConfUtils.java:logGet(43)) - raft.server.rpc.timeout.max = 1200ms (custom)
2019-10-22 00:12:51,096 [pool-117-thread-1] INFO  server.RaftServerConfigKeys (ConfUtils.java:logGet(43)) - raft.server.rpcslowness.timeout = 120s (custom)
2019-10-22 00:12:51,096 [pool-117-thread-1] INFO  server.RaftServerConfigKeys (ConfUtils.java:logGet(43)) - raft.server.sleep.deviation.threshold = 300 (default)
2019-10-22 00:12:51,096 [pool-117-thread-1] INFO  server.RaftServerConfigKeys (ConfUtils.java:logGet(43)) - raft.server.log.appender.install.snapshot.enabled = false (custom)
2019-10-22 00:12:51,096 [pool-117-thread-1] INFO  impl.RaftServerImpl (ServerState.java:<init>(103)) - fad63ceb-ed14-4322-905d-6ef3599ac734@group-301C4095371E: ConfigurationManager, init=-1: [fad63ceb-ed14-4322-905d-6ef3599ac734:192.168.157.254:39274], old=null, confs=<EMPTY_MAP>
2019-10-22 00:12:51,096 [pool-117-thread-1] INFO  server.RaftServerConfigKeys (ConfUtils.java:logGet(43)) - raft.server.storage.dir = [/workdir/hadoop-ozone/integration-test/target/test-dir/MiniOzoneClusterImpl-8b64dd99-cfc4-48e3-b5ea-61cd2ec80401/datanode-9/data/ratis] (custom)
2019-10-22 00:12:51,096 [pool-117-thread-1] INFO  server.RaftServerConfigKeys (ConfUtils.java:logGet(43)) - raft.server.log.corruption.policy = EXCEPTION (default)
2019-10-22 00:12:51,097 [pool-117-thread-1] INFO  storage.RaftStorageDirectory (RaftStorageDirectory.java:analyzeStorage(246)) - The storage directory /workdir/hadoop-ozone/integration-test/target/test-dir/MiniOzoneClusterImpl-8b64dd99-cfc4-48e3-b5ea-61cd2ec80401/datanode-9/data/ratis/99f58697-3b5b-4104-b8c3-301c4095371e does not exist. Creating ...
2019-10-22 00:12:51,110 [pool-117-thread-1] INFO  storage.RaftStorageDirectory (RaftStorageDirectory.java:tryLock(328)) - Lock on /workdir/hadoop-ozone/integration-test/target/test-dir/MiniOzoneClusterImpl-8b64dd99-cfc4-48e3-b5ea-61cd2ec80401/datanode-9/data/ratis/99f58697-3b5b-4104-b8c3-301c4095371e/in_use.lock acquired by nodename 18293@pr-hdds-2343-5q8j9-3338874002
2019-10-22 00:12:51,128 [pool-117-thread-1] INFO  storage.RaftStorage (RaftStorage.java:format(84)) - Storage directory /workdir/hadoop-ozone/integration-test/target/test-dir/MiniOzoneClusterImpl-8b64dd99-cfc4-48e3-b5ea-61cd2ec80401/datanode-9/data/ratis/99f58697-3b5b-4104-b8c3-301c4095371e has been successfully formatted.
2019-10-22 00:12:51,128 [pool-117-thread-1] INFO  ratis.ContainerStateMachine (ContainerStateMachine.java:loadSnapshot(231)) - group-301C4095371E: The snapshot info is null. Setting the last applied indexto:(t:0, i:~)
2019-10-22 00:12:51,128 [pool-117-thread-1] INFO  server.RaftServerConfigKeys (ConfUtils.java:logGet(43)) - raft.server.notification.no-leader.timeout = 120s (custom)
2019-10-22 00:12:51,128 [pool-117-thread-1] INFO  server.RaftServerConfigKeys (ConfUtils.java:logGet(43)) - raft.server.log.use.memory = false (default)
2019-10-22 00:12:51,128 [pool-117-thread-1] INFO  server.RaftServerConfigKeys (ConfUtils.java:logGet(43)) - raft.server.log.purge.gap = 1000000 (custom)
2019-10-22 00:12:51,128 [pool-117-thread-1] INFO  server.RaftServerConfigKeys (ConfUtils.java:logGet(43)) - raft.server.log.appender.buffer.byte-limit = 33554432 (custom)
2019-10-22 00:12:51,128 [pool-117-thread-1] INFO  server.RaftServerConfigKeys (ConfUtils.java:logGet(43)) - raft.server.log.segment.size.max = 1048576 (custom)
2019-10-22 00:12:51,132 [pool-117-thread-1] INFO  server.RaftServerConfigKeys (ConfUtils.java:logGet(43)) - raft.server.log.segment.cache.num.max = 2 (custom)
2019-10-22 00:12:51,132 [pool-117-thread-1] INFO  segmented.SegmentedRaftLogWorker (SegmentedRaftLogWorker.java:<init>(173)) - new fad63ceb-ed14-4322-905d-6ef3599ac734@group-301C4095371E-SegmentedRaftLogWorker for RaftStorage:Storage Directory /workdir/hadoop-ozone/integration-test/target/test-dir/MiniOzoneClusterImpl-8b64dd99-cfc4-48e3-b5ea-61cd2ec80401/datanode-9/data/ratis/99f58697-3b5b-4104-b8c3-301c4095371e
2019-10-22 00:12:51,133 [pool-117-thread-1] INFO  server.RaftServerConfigKeys (ConfUtils.java:logGet(43)) - raft.server.log.queue.byte-limit = 2147483647 (custom)
2019-10-22 00:12:51,133 [pool-117-thread-1] INFO  server.RaftServerConfigKeys (ConfUtils.java:logGet(43)) - raft.server.log.queue.element-limit = 1024 (custom)
2019-10-22 00:12:51,133 [pool-117-thread-1] INFO  server.RaftServerConfigKeys (ConfUtils.java:logGet(43)) - raft.server.log.segment.size.max = 1048576 (custom)
2019-10-22 00:12:51,134 [pool-117-thread-1] INFO  server.RaftServerConfigKeys (ConfUtils.java:logGet(43)) - raft.server.log.preallocated.size = 16384 (custom)
2019-10-22 00:12:51,134 [pool-117-thread-1] INFO  server.RaftServerConfigKeys (ConfUtils.java:logGet(43)) - raft.server.log.write.buffer.size = 33554432 (custom)
2019-10-22 00:12:51,134 [pool-117-thread-1] INFO  server.RaftServerConfigKeys (ConfUtils.java:logGet(43)) - raft.server.log.force.sync.num = 128 (default)
2019-10-22 00:12:51,135 [pool-117-thread-1] INFO  server.RaftServerConfigKeys (ConfUtils.java:logGet(43)) - raft.server.log.statemachine.data.sync = true (default)
2019-10-22 00:12:51,135 [pool-117-thread-1] INFO  server.RaftServerConfigKeys (ConfUtils.java:logGet(43)) - raft.server.log.statemachine.data.sync.timeout = 10s (default)
2019-10-22 00:12:51,135 [pool-117-thread-1] INFO  server.RaftServerConfigKeys (ConfUtils.java:logGet(43)) - raft.server.log.statemachine.data.sync.timeout.retry = -1 (default)
2019-10-22 00:12:51,137 [pool-117-thread-1] INFO  server.RaftServerConfigKeys (ConfUtils.java:logGet(43)) - raft.server.log.statemachine.data.caching.enabled = true (custom)
2019-10-22 00:12:51,137 [pool-117-thread-1] INFO  segmented.SegmentedRaftLogWorker (SegmentedRaftLogWorker.java:lambda$new$0(128)) - fad63ceb-ed14-4322-905d-6ef3599ac734@group-301C4095371E-SegmentedRaftLogWorker: flushIndex: setUnconditionally 0 -> -1
2019-10-22 00:12:51,138 [pool-117-thread-1] INFO  server.RaftServerConfigKeys (ConfUtils.java:logGet(43)) - raft.server.snapshot.auto.trigger.enabled = true (custom)
2019-10-22 00:12:51,138 [pool-117-thread-1] INFO  server.RaftServerConfigKeys (ConfUtils.java:logGet(43)) - raft.server.snapshot.auto.trigger.threshold = 10000 (custom)
2019-10-22 00:12:51,139 [pool-117-thread-1] INFO  server.RaftServerConfigKeys (ConfUtils.java:logGet(43)) - raft.server.snapshot.retention.file.num = 5 (custom)
2019-10-22 00:12:51,139 [pool-117-thread-1] INFO  server.RaftServerConfigKeys (ConfUtils.java:logGet(43)) - raft.server.retrycache.expirytime = 600000ms (custom)
2019-10-22 00:12:51,145 [pool-117-thread-1] INFO  impl.RaftServerImpl (RaftServerImpl.java:start(195)) - fad63ceb-ed14-4322-905d-6ef3599ac734@group-301C4095371E: start as a follower, conf=-1: [fad63ceb-ed14-4322-905d-6ef3599ac734:192.168.157.254:39274], old=null
2019-10-22 00:12:51,146 [pool-117-thread-1] INFO  impl.RaftServerImpl (RaftServerImpl.java:setRole(184)) - fad63ceb-ed14-4322-905d-6ef3599ac734@group-301C4095371E: changes role from      null to FOLLOWER at term 0 for startAsFollower
2019-10-22 00:12:51,146 [pool-117-thread-1] INFO  impl.RoleInfo (RoleInfo.java:updateAndGet(143)) - fad63ceb-ed14-4322-905d-6ef3599ac734: start FollowerState
2019-10-22 00:12:51,146 [pool-117-thread-1] INFO  util.JmxRegister (JmxRegister.java:tryRegister(44)) - Successfully registered JMX Bean with object name Ratis:service=RaftServer,group=group-301C4095371E,id=fad63ceb-ed14-4322-905d-6ef3599ac734
2019-10-22 00:12:51,148 [Thread-310] INFO  impl.FollowerState (FollowerState.java:run(108)) - 1913eeb9-7f58-4aef-bfea-8e00a2a3aadf@group-BC0079CB346E-FollowerState: change to CANDIDATE, lastRpcTime:86ms, electionTimeout:86ms
2019-10-22 00:12:51,148 [Thread-310] INFO  impl.RoleInfo (RoleInfo.java:shutdownFollowerState(121)) - 1913eeb9-7f58-4aef-bfea-8e00a2a3aadf: shutdown FollowerState
2019-10-22 00:12:51,148 [Thread-310] INFO  impl.RaftServerImpl (RaftServerImpl.java:setRole(184)) - 1913eeb9-7f58-4aef-bfea-8e00a2a3aadf@group-BC0079CB346E: changes role from  FOLLOWER to CANDIDATE at term 0 for changeToCandidate
2019-10-22 00:12:51,148 [Thread-310] INFO  impl.RoleInfo (RoleInfo.java:updateAndGet(143)) - 1913eeb9-7f58-4aef-bfea-8e00a2a3aadf: start LeaderElection
2019-10-22 00:12:51,169 [1913eeb9-7f58-4aef-bfea-8e00a2a3aadf@group-BC0079CB346E-LeaderElection6] INFO  impl.LeaderElection (LeaderElection.java:askForVotes(178)) - 1913eeb9-7f58-4aef-bfea-8e00a2a3aadf@group-BC0079CB346E-LeaderElection6: begin an election at term 1 for -1: [1913eeb9-7f58-4aef-bfea-8e00a2a3aadf:192.168.157.254:38825], old=null
2019-10-22 00:12:51,169 [1913eeb9-7f58-4aef-bfea-8e00a2a3aadf@group-BC0079CB346E-LeaderElection6] INFO  impl.RoleInfo (RoleInfo.java:shutdownLeaderElection(134)) - 1913eeb9-7f58-4aef-bfea-8e00a2a3aadf: shutdown LeaderElection
2019-10-22 00:12:51,169 [1913eeb9-7f58-4aef-bfea-8e00a2a3aadf@group-BC0079CB346E-LeaderElection6] INFO  impl.RaftServerImpl (RaftServerImpl.java:setRole(184)) - 1913eeb9-7f58-4aef-bfea-8e00a2a3aadf@group-BC0079CB346E: changes role from CANDIDATE to LEADER at term 1 for changeToLeader
2019-10-22 00:12:51,169 [1913eeb9-7f58-4aef-bfea-8e00a2a3aadf@group-BC0079CB346E-LeaderElection6] INFO  impl.RaftServerImpl (ServerState.java:setLeader(256)) - 1913eeb9-7f58-4aef-bfea-8e00a2a3aadf@group-BC0079CB346E: change Leader from null to 1913eeb9-7f58-4aef-bfea-8e00a2a3aadf at term 1 for becomeLeader, leader elected after 120ms
2019-10-22 00:12:51,171 [1913eeb9-7f58-4aef-bfea-8e00a2a3aadf@group-BC0079CB346E-LeaderElection6] INFO  server.RaftServerConfigKeys (ConfUtils.java:logGet(43)) - raft.server.staging.catchup.gap = 1000 (default)
2019-10-22 00:12:51,171 [1913eeb9-7f58-4aef-bfea-8e00a2a3aadf@group-BC0079CB346E-LeaderElection6] INFO  server.RaftServerConfigKeys (ConfUtils.java:logGet(43)) - raft.server.rpc.sleep.time = 25ms (default)
2019-10-22 00:12:51,171 [RatisPipelineUtilsThread] INFO  pipeline.PipelineStateManager (PipelineStateManager.java:addPipeline(56)) - Created pipeline Pipeline[ Id: 99f58697-3b5b-4104-b8c3-301c4095371e, Nodes: fad63ceb-ed14-4322-905d-6ef3599ac734{ip: 192.168.157.254, host: pr-hdds-2343-5q8j9-3338874002, networkLocation: /default-rack, certSerialId: null}, Type:RATIS, Factor:ONE, State:OPEN]
2019-10-22 00:12:51,171 [1913eeb9-7f58-4aef-bfea-8e00a2a3aadf@group-BC0079CB346E-LeaderElection6] INFO  server.RaftServerConfigKeys (ConfUtils.java:logGet(43)) - raft.server.write.element-limit = 4096 (default)
2019-10-22 00:12:51,171 [1913eeb9-7f58-4aef-bfea-8e00a2a3aadf@group-BC0079CB346E-LeaderElection6] INFO  server.RaftServerConfigKeys (ConfUtils.java:logGet(43)) - raft.server.watch.timeout = 10s (default)
2019-10-22 00:12:51,172 [1913eeb9-7f58-4aef-bfea-8e00a2a3aadf@group-BC0079CB346E-LeaderElection6] INFO  server.RaftServerConfigKeys (ConfUtils.java:logGet(43)) - raft.server.watch.timeout.denomination = 1s (default)
2019-10-22 00:12:51,172 [1913eeb9-7f58-4aef-bfea-8e00a2a3aadf@group-BC0079CB346E-LeaderElection6] INFO  server.RaftServerConfigKeys (ConfUtils.java:logGet(43)) - raft.server.watch.element-limit = 65536 (default)
2019-10-22 00:12:51,178 [1913eeb9-7f58-4aef-bfea-8e00a2a3aadf@group-BC0079CB346E-LeaderElection6] INFO  impl.RoleInfo (RoleInfo.java:updateAndGet(143)) - 1913eeb9-7f58-4aef-bfea-8e00a2a3aadf: start LeaderState
2019-10-22 00:12:51,179 [1913eeb9-7f58-4aef-bfea-8e00a2a3aadf@group-BC0079CB346E-LeaderElection6] INFO  segmented.SegmentedRaftLogWorker (SegmentedRaftLogWorker.java:startLogSegment(385)) - 1913eeb9-7f58-4aef-bfea-8e00a2a3aadf@group-BC0079CB346E-SegmentedRaftLogWorker: Starting segment from index:0
2019-10-22 00:12:51,181 [1913eeb9-7f58-4aef-bfea-8e00a2a3aadf@group-BC0079CB346E-LeaderElection6] INFO  impl.RaftServerImpl (ServerState.java:setRaftConf(357)) - 1913eeb9-7f58-4aef-bfea-8e00a2a3aadf@group-BC0079CB346E: set configuration 0: [1913eeb9-7f58-4aef-bfea-8e00a2a3aadf:192.168.157.254:38825], old=null at 0
2019-10-22 00:12:51,213 [grpc-default-executor-0] INFO  impl.RaftServerProxy (RaftServerProxy.java:addNew(89)) - f318eb4e-a4da-4d18-984a-fa4eff1dbce1: addNew group-9807AFE276B3:[f318eb4e-a4da-4d18-984a-fa4eff1dbce1:192.168.157.254:43586] returns group-9807AFE276B3:java.util.concurrent.CompletableFuture@1bc7b6a2[Not completed]
2019-10-22 00:12:51,215 [pool-97-thread-1] INFO  impl.RaftServerImpl (RaftServerImpl.java:<init>(104)) - f318eb4e-a4da-4d18-984a-fa4eff1dbce1: new RaftServerImpl for group-9807AFE276B3:[f318eb4e-a4da-4d18-984a-fa4eff1dbce1:192.168.157.254:43586] with ContainerStateMachine:uninitialized
2019-10-22 00:12:51,215 [pool-97-thread-1] INFO  server.RaftServerConfigKeys (ConfUtils.java:logGet(43)) - raft.server.rpc.timeout.min = 1s (custom)
2019-10-22 00:12:51,215 [pool-97-thread-1] INFO  server.RaftServerConfigKeys (ConfUtils.java:logGet(43)) - raft.server.rpc.timeout.max = 1200ms (custom)
2019-10-22 00:12:51,215 [pool-97-thread-1] INFO  server.RaftServerConfigKeys (ConfUtils.java:logGet(43)) - raft.server.rpcslowness.timeout = 120s (custom)
2019-10-22 00:12:51,215 [pool-97-thread-1] INFO  server.RaftServerConfigKeys (ConfUtils.java:logGet(43)) - raft.server.sleep.deviation.threshold = 300 (default)
2019-10-22 00:12:51,216 [pool-97-thread-1] INFO  server.RaftServerConfigKeys (ConfUtils.java:logGet(43)) - raft.server.log.appender.install.snapshot.enabled = false (custom)
2019-10-22 00:12:51,217 [pool-97-thread-1] INFO  impl.RaftServerImpl (ServerState.java:<init>(103)) - f318eb4e-a4da-4d18-984a-fa4eff1dbce1@group-9807AFE276B3: ConfigurationManager, init=-1: [f318eb4e-a4da-4d18-984a-fa4eff1dbce1:192.168.157.254:43586], old=null, confs=<EMPTY_MAP>
2019-10-22 00:12:51,217 [pool-97-thread-1] INFO  server.RaftServerConfigKeys (ConfUtils.java:logGet(43)) - raft.server.storage.dir = [/workdir/hadoop-ozone/integration-test/target/test-dir/MiniOzoneClusterImpl-8b64dd99-cfc4-48e3-b5ea-61cd2ec80401/datanode-7/data/ratis] (custom)
2019-10-22 00:12:51,217 [pool-97-thread-1] INFO  server.RaftServerConfigKeys (ConfUtils.java:logGet(43)) - raft.server.log.corruption.policy = EXCEPTION (default)
2019-10-22 00:12:51,217 [pool-97-thread-1] INFO  storage.RaftStorageDirectory (RaftStorageDirectory.java:analyzeStorage(246)) - The storage directory /workdir/hadoop-ozone/integration-test/target/test-dir/MiniOzoneClusterImpl-8b64dd99-cfc4-48e3-b5ea-61cd2ec80401/datanode-7/data/ratis/2ad3ec76-9fdd-40b6-8d67-9807afe276b3 does not exist. Creating ...
2019-10-22 00:12:51,218 [1913eeb9-7f58-4aef-bfea-8e00a2a3aadf@group-BC0079CB346E-SegmentedRaftLogWorker] INFO  segmented.SegmentedRaftLogWorker (SegmentedRaftLogWorker.java:execute(576)) - 1913eeb9-7f58-4aef-bfea-8e00a2a3aadf@group-BC0079CB346E-SegmentedRaftLogWorker: created new log segment /workdir/hadoop-ozone/integration-test/target/test-dir/MiniOzoneClusterImpl-8b64dd99-cfc4-48e3-b5ea-61cd2ec80401/datanode-8/data/ratis/4f8001fa-5bee-4663-9e92-bc0079cb346e/current/log_inprogress_0
2019-10-22 00:12:51,220 [pool-97-thread-1] INFO  storage.RaftStorageDirectory (RaftStorageDirectory.java:tryLock(328)) - Lock on /workdir/hadoop-ozone/integration-test/target/test-dir/MiniOzoneClusterImpl-8b64dd99-cfc4-48e3-b5ea-61cd2ec80401/datanode-7/data/ratis/2ad3ec76-9fdd-40b6-8d67-9807afe276b3/in_use.lock acquired by nodename 18293@pr-hdds-2343-5q8j9-3338874002
2019-10-22 00:12:51,234 [pool-97-thread-1] INFO  storage.RaftStorage (RaftStorage.java:format(84)) - Storage directory /workdir/hadoop-ozone/integration-test/target/test-dir/MiniOzoneClusterImpl-8b64dd99-cfc4-48e3-b5ea-61cd2ec80401/datanode-7/data/ratis/2ad3ec76-9fdd-40b6-8d67-9807afe276b3 has been successfully formatted.
2019-10-22 00:12:51,234 [pool-97-thread-1] INFO  ratis.ContainerStateMachine (ContainerStateMachine.java:loadSnapshot(231)) - group-9807AFE276B3: The snapshot info is null. Setting the last applied indexto:(t:0, i:~)
2019-10-22 00:12:51,234 [pool-97-thread-1] INFO  server.RaftServerConfigKeys (ConfUtils.java:logGet(43)) - raft.server.notification.no-leader.timeout = 120s (custom)
2019-10-22 00:12:51,234 [pool-97-thread-1] INFO  server.RaftServerConfigKeys (ConfUtils.java:logGet(43)) - raft.server.log.use.memory = false (default)
2019-10-22 00:12:51,234 [pool-97-thread-1] INFO  server.RaftServerConfigKeys (ConfUtils.java:logGet(43)) - raft.server.log.purge.gap = 1000000 (custom)
2019-10-22 00:12:51,234 [pool-97-thread-1] INFO  server.RaftServerConfigKeys (ConfUtils.java:logGet(43)) - raft.server.log.appender.buffer.byte-limit = 33554432 (custom)
2019-10-22 00:12:51,234 [pool-97-thread-1] INFO  server.RaftServerConfigKeys (ConfUtils.java:logGet(43)) - raft.server.log.segment.size.max = 1048576 (custom)
2019-10-22 00:12:51,236 [pool-97-thread-1] INFO  server.RaftServerConfigKeys (ConfUtils.java:logGet(43)) - raft.server.log.segment.cache.num.max = 2 (custom)
2019-10-22 00:12:51,236 [pool-97-thread-1] INFO  segmented.SegmentedRaftLogWorker (SegmentedRaftLogWorker.java:<init>(173)) - new f318eb4e-a4da-4d18-984a-fa4eff1dbce1@group-9807AFE276B3-SegmentedRaftLogWorker for RaftStorage:Storage Directory /workdir/hadoop-ozone/integration-test/target/test-dir/MiniOzoneClusterImpl-8b64dd99-cfc4-48e3-b5ea-61cd2ec80401/datanode-7/data/ratis/2ad3ec76-9fdd-40b6-8d67-9807afe276b3
2019-10-22 00:12:51,236 [pool-97-thread-1] INFO  server.RaftServerConfigKeys (ConfUtils.java:logGet(43)) - raft.server.log.queue.byte-limit = 2147483647 (custom)
2019-10-22 00:12:51,236 [pool-97-thread-1] INFO  server.RaftServerConfigKeys (ConfUtils.java:logGet(43)) - raft.server.log.queue.element-limit = 1024 (custom)
2019-10-22 00:12:51,236 [pool-97-thread-1] INFO  server.RaftServerConfigKeys (ConfUtils.java:logGet(43)) - raft.server.log.segment.size.max = 1048576 (custom)
2019-10-22 00:12:51,236 [pool-97-thread-1] INFO  server.RaftServerConfigKeys (ConfUtils.java:logGet(43)) - raft.server.log.preallocated.size = 16384 (custom)
2019-10-22 00:12:51,236 [pool-97-thread-1] INFO  server.RaftServerConfigKeys (ConfUtils.java:logGet(43)) - raft.server.log.write.buffer.size = 33554432 (custom)
2019-10-22 00:12:51,236 [pool-97-thread-1] INFO  server.RaftServerConfigKeys (ConfUtils.java:logGet(43)) - raft.server.log.force.sync.num = 128 (default)
2019-10-22 00:12:51,236 [pool-97-thread-1] INFO  server.RaftServerConfigKeys (ConfUtils.java:logGet(43)) - raft.server.log.statemachine.data.sync = true (default)
2019-10-22 00:12:51,236 [pool-97-thread-1] INFO  server.RaftServerConfigKeys (ConfUtils.java:logGet(43)) - raft.server.log.statemachine.data.sync.timeout = 10s (default)
2019-10-22 00:12:51,237 [pool-97-thread-1] INFO  server.RaftServerConfigKeys (ConfUtils.java:logGet(43)) - raft.server.log.statemachine.data.sync.timeout.retry = -1 (default)
2019-10-22 00:12:51,237 [pool-97-thread-1] INFO  server.RaftServerConfigKeys (ConfUtils.java:logGet(43)) - raft.server.log.statemachine.data.caching.enabled = true (custom)
2019-10-22 00:12:51,237 [pool-97-thread-1] INFO  segmented.SegmentedRaftLogWorker (SegmentedRaftLogWorker.java:lambda$new$0(128)) - f318eb4e-a4da-4d18-984a-fa4eff1dbce1@group-9807AFE276B3-SegmentedRaftLogWorker: flushIndex: setUnconditionally 0 -> -1
2019-10-22 00:12:51,237 [pool-97-thread-1] INFO  server.RaftServerConfigKeys (ConfUtils.java:logGet(43)) - raft.server.snapshot.auto.trigger.enabled = true (custom)
2019-10-22 00:12:51,237 [pool-97-thread-1] INFO  server.RaftServerConfigKeys (ConfUtils.java:logGet(43)) - raft.server.snapshot.auto.trigger.threshold = 10000 (custom)
2019-10-22 00:12:51,237 [pool-97-thread-1] INFO  server.RaftServerConfigKeys (ConfUtils.java:logGet(43)) - raft.server.snapshot.retention.file.num = 5 (custom)
2019-10-22 00:12:51,238 [pool-97-thread-1] INFO  server.RaftServerConfigKeys (ConfUtils.java:logGet(43)) - raft.server.retrycache.expirytime = 600000ms (custom)
2019-10-22 00:12:51,240 [pool-97-thread-1] INFO  impl.RaftServerImpl (RaftServerImpl.java:start(195)) - f318eb4e-a4da-4d18-984a-fa4eff1dbce1@group-9807AFE276B3: start as a follower, conf=-1: [f318eb4e-a4da-4d18-984a-fa4eff1dbce1:192.168.157.254:43586], old=null
2019-10-22 00:12:51,241 [pool-97-thread-1] INFO  impl.RaftServerImpl (RaftServerImpl.java:setRole(184)) - f318eb4e-a4da-4d18-984a-fa4eff1dbce1@group-9807AFE276B3: changes role from      null to FOLLOWER at term 0 for startAsFollower
2019-10-22 00:12:51,241 [pool-97-thread-1] INFO  impl.RoleInfo (RoleInfo.java:updateAndGet(143)) - f318eb4e-a4da-4d18-984a-fa4eff1dbce1: start FollowerState
2019-10-22 00:12:51,241 [pool-97-thread-1] INFO  util.JmxRegister (JmxRegister.java:tryRegister(44)) - Successfully registered JMX Bean with object name Ratis:service=RaftServer,group=group-9807AFE276B3,id=f318eb4e-a4da-4d18-984a-fa4eff1dbce1
2019-10-22 00:12:51,242 [main] INFO  ozone.MiniOzoneClusterImpl (MiniOzoneClusterImpl.java:lambda$waitForClusterToBeReady$0(147)) - Cluster is ready. Got 10 of 10 DN Heartbeats.
2019-10-22 00:12:51,253 [RatisPipelineUtilsThread] INFO  pipeline.PipelineStateManager (PipelineStateManager.java:addPipeline(56)) - Created pipeline Pipeline[ Id: 2ad3ec76-9fdd-40b6-8d67-9807afe276b3, Nodes: f318eb4e-a4da-4d18-984a-fa4eff1dbce1{ip: 192.168.157.254, host: pr-hdds-2343-5q8j9-3338874002, networkLocation: /default-rack, certSerialId: null}, Type:RATIS, Factor:ONE, State:OPEN]
2019-10-22 00:12:51,267 [grpc-default-executor-0] INFO  impl.RaftServerProxy (RaftServerProxy.java:addNew(89)) - d521f5b1-4e7b-4169-9688-2112c7da7b1f: addNew group-C33983CA40B5:[d521f5b1-4e7b-4169-9688-2112c7da7b1f:192.168.157.254:45094] returns group-C33983CA40B5:java.util.concurrent.CompletableFuture@18608271[Not completed]
2019-10-22 00:12:51,269 [pool-47-thread-1] INFO  impl.RaftServerImpl (RaftServerImpl.java:<init>(104)) - d521f5b1-4e7b-4169-9688-2112c7da7b1f: new RaftServerImpl for group-C33983CA40B5:[d521f5b1-4e7b-4169-9688-2112c7da7b1f:192.168.157.254:45094] with ContainerStateMachine:uninitialized
2019-10-22 00:12:51,269 [pool-47-thread-1] INFO  server.RaftServerConfigKeys (ConfUtils.java:logGet(43)) - raft.server.rpc.timeout.min = 1s (custom)
2019-10-22 00:12:51,269 [pool-47-thread-1] INFO  server.RaftServerConfigKeys (ConfUtils.java:logGet(43)) - raft.server.rpc.timeout.max = 1200ms (custom)
2019-10-22 00:12:51,269 [pool-47-thread-1] INFO  server.RaftServerConfigKeys (ConfUtils.java:logGet(43)) - raft.server.rpcslowness.timeout = 120s (custom)
2019-10-22 00:12:51,269 [pool-47-thread-1] INFO  server.RaftServerConfigKeys (ConfUtils.java:logGet(43)) - raft.server.sleep.deviation.threshold = 300 (default)
2019-10-22 00:12:51,270 [pool-47-thread-1] INFO  server.RaftServerConfigKeys (ConfUtils.java:logGet(43)) - raft.server.log.appender.install.snapshot.enabled = false (custom)
2019-10-22 00:12:51,270 [pool-47-thread-1] INFO  impl.RaftServerImpl (ServerState.java:<init>(103)) - d521f5b1-4e7b-4169-9688-2112c7da7b1f@group-C33983CA40B5: ConfigurationManager, init=-1: [d521f5b1-4e7b-4169-9688-2112c7da7b1f:192.168.157.254:45094], old=null, confs=<EMPTY_MAP>
2019-10-22 00:12:51,270 [pool-47-thread-1] INFO  server.RaftServerConfigKeys (ConfUtils.java:logGet(43)) - raft.server.storage.dir = [/workdir/hadoop-ozone/integration-test/target/test-dir/MiniOzoneClusterImpl-8b64dd99-cfc4-48e3-b5ea-61cd2ec80401/datanode-2/data/ratis] (custom)
2019-10-22 00:12:51,270 [pool-47-thread-1] INFO  server.RaftServerConfigKeys (ConfUtils.java:logGet(43)) - raft.server.log.corruption.policy = EXCEPTION (default)
2019-10-22 00:12:51,271 [pool-47-thread-1] INFO  storage.RaftStorageDirectory (RaftStorageDirectory.java:analyzeStorage(246)) - The storage directory /workdir/hadoop-ozone/integration-test/target/test-dir/MiniOzoneClusterImpl-8b64dd99-cfc4-48e3-b5ea-61cd2ec80401/datanode-2/data/ratis/d837e21f-59c6-408e-bdad-c33983ca40b5 does not exist. Creating ...
2019-10-22 00:12:51,285 [pool-47-thread-1] INFO  storage.RaftStorageDirectory (RaftStorageDirectory.java:tryLock(328)) - Lock on /workdir/hadoop-ozone/integration-test/target/test-dir/MiniOzoneClusterImpl-8b64dd99-cfc4-48e3-b5ea-61cd2ec80401/datanode-2/data/ratis/d837e21f-59c6-408e-bdad-c33983ca40b5/in_use.lock acquired by nodename 18293@pr-hdds-2343-5q8j9-3338874002
2019-10-22 00:12:51,290 [Thread-313] INFO  impl.FollowerState (FollowerState.java:run(108)) - fad63ceb-ed14-4322-905d-6ef3599ac734@group-301C4095371E-FollowerState: change to CANDIDATE, lastRpcTime:143ms, electionTimeout:143ms
2019-10-22 00:12:51,290 [Thread-313] INFO  impl.RoleInfo (RoleInfo.java:shutdownFollowerState(121)) - fad63ceb-ed14-4322-905d-6ef3599ac734: shutdown FollowerState
2019-10-22 00:12:51,291 [Thread-313] INFO  impl.RaftServerImpl (RaftServerImpl.java:setRole(184)) - fad63ceb-ed14-4322-905d-6ef3599ac734@group-301C4095371E: changes role from  FOLLOWER to CANDIDATE at term 0 for changeToCandidate
2019-10-22 00:12:51,291 [Thread-313] INFO  impl.RoleInfo (RoleInfo.java:updateAndGet(143)) - fad63ceb-ed14-4322-905d-6ef3599ac734: start LeaderElection
2019-10-22 00:12:51,299 [pool-47-thread-1] INFO  storage.RaftStorage (RaftStorage.java:format(84)) - Storage directory /workdir/hadoop-ozone/integration-test/target/test-dir/MiniOzoneClusterImpl-8b64dd99-cfc4-48e3-b5ea-61cd2ec80401/datanode-2/data/ratis/d837e21f-59c6-408e-bdad-c33983ca40b5 has been successfully formatted.
2019-10-22 00:12:51,299 [fad63ceb-ed14-4322-905d-6ef3599ac734@group-301C4095371E-LeaderElection7] INFO  impl.LeaderElection (LeaderElection.java:askForVotes(178)) - fad63ceb-ed14-4322-905d-6ef3599ac734@group-301C4095371E-LeaderElection7: begin an election at term 1 for -1: [fad63ceb-ed14-4322-905d-6ef3599ac734:192.168.157.254:39274], old=null
2019-10-22 00:12:51,299 [pool-47-thread-1] INFO  ratis.ContainerStateMachine (ContainerStateMachine.java:loadSnapshot(231)) - group-C33983CA40B5: The snapshot info is null. Setting the last applied indexto:(t:0, i:~)
2019-10-22 00:12:51,299 [fad63ceb-ed14-4322-905d-6ef3599ac734@group-301C4095371E-LeaderElection7] INFO  impl.RoleInfo (RoleInfo.java:shutdownLeaderElection(134)) - fad63ceb-ed14-4322-905d-6ef3599ac734: shutdown LeaderElection
2019-10-22 00:12:51,299 [pool-47-thread-1] INFO  server.RaftServerConfigKeys (ConfUtils.java:logGet(43)) - raft.server.notification.no-leader.timeout = 120s (custom)
2019-10-22 00:12:51,300 [fad63ceb-ed14-4322-905d-6ef3599ac734@group-301C4095371E-LeaderElection7] INFO  impl.RaftServerImpl (RaftServerImpl.java:setRole(184)) - fad63ceb-ed14-4322-905d-6ef3599ac734@group-301C4095371E: changes role from CANDIDATE to LEADER at term 1 for changeToLeader
2019-10-22 00:12:51,300 [pool-47-thread-1] INFO  server.RaftServerConfigKeys (ConfUtils.java:logGet(43)) - raft.server.log.use.memory = false (default)
2019-10-22 00:12:51,300 [fad63ceb-ed14-4322-905d-6ef3599ac734@group-301C4095371E-LeaderElection7] INFO  impl.RaftServerImpl (ServerState.java:setLeader(256)) - fad63ceb-ed14-4322-905d-6ef3599ac734@group-301C4095371E: change Leader from null to fad63ceb-ed14-4322-905d-6ef3599ac734 at term 1 for becomeLeader, leader elected after 171ms
2019-10-22 00:12:51,300 [pool-47-thread-1] INFO  server.RaftServerConfigKeys (ConfUtils.java:logGet(43)) - raft.server.log.purge.gap = 1000000 (custom)
2019-10-22 00:12:51,301 [fad63ceb-ed14-4322-905d-6ef3599ac734@group-301C4095371E-LeaderElection7] INFO  server.RaftServerConfigKeys (ConfUtils.java:logGet(43)) - raft.server.staging.catchup.gap = 1000 (default)
2019-10-22 00:12:51,301 [pool-47-thread-1] INFO  server.RaftServerConfigKeys (ConfUtils.java:logGet(43)) - raft.server.log.appender.buffer.byte-limit = 33554432 (custom)
2019-10-22 00:12:51,301 [fad63ceb-ed14-4322-905d-6ef3599ac734@group-301C4095371E-LeaderElection7] INFO  server.RaftServerConfigKeys (ConfUtils.java:logGet(43)) - raft.server.rpc.sleep.time = 25ms (default)
2019-10-22 00:12:51,301 [pool-47-thread-1] INFO  server.RaftServerConfigKeys (ConfUtils.java:logGet(43)) - raft.server.log.segment.size.max = 1048576 (custom)
2019-10-22 00:12:51,302 [fad63ceb-ed14-4322-905d-6ef3599ac734@group-301C4095371E-LeaderElection7] INFO  server.RaftServerConfigKeys (ConfUtils.java:logGet(43)) - raft.server.write.element-limit = 4096 (default)
2019-10-22 00:12:51,302 [fad63ceb-ed14-4322-905d-6ef3599ac734@group-301C4095371E-LeaderElection7] INFO  server.RaftServerConfigKeys (ConfUtils.java:logGet(43)) - raft.server.watch.timeout = 10s (default)
2019-10-22 00:12:51,302 [fad63ceb-ed14-4322-905d-6ef3599ac734@group-301C4095371E-LeaderElection7] INFO  server.RaftServerConfigKeys (ConfUtils.java:logGet(43)) - raft.server.watch.timeout.denomination = 1s (default)
2019-10-22 00:12:51,302 [fad63ceb-ed14-4322-905d-6ef3599ac734@group-301C4095371E-LeaderElection7] INFO  server.RaftServerConfigKeys (ConfUtils.java:logGet(43)) - raft.server.watch.element-limit = 65536 (default)
2019-10-22 00:12:51,304 [pool-47-thread-1] INFO  server.RaftServerConfigKeys (ConfUtils.java:logGet(43)) - raft.server.log.segment.cache.num.max = 2 (custom)
2019-10-22 00:12:51,304 [pool-47-thread-1] INFO  segmented.SegmentedRaftLogWorker (SegmentedRaftLogWorker.java:<init>(173)) - new d521f5b1-4e7b-4169-9688-2112c7da7b1f@group-C33983CA40B5-SegmentedRaftLogWorker for RaftStorage:Storage Directory /workdir/hadoop-ozone/integration-test/target/test-dir/MiniOzoneClusterImpl-8b64dd99-cfc4-48e3-b5ea-61cd2ec80401/datanode-2/data/ratis/d837e21f-59c6-408e-bdad-c33983ca40b5
2019-10-22 00:12:51,304 [pool-47-thread-1] INFO  server.RaftServerConfigKeys (ConfUtils.java:logGet(43)) - raft.server.log.queue.byte-limit = 2147483647 (custom)
2019-10-22 00:12:51,304 [pool-47-thread-1] INFO  server.RaftServerConfigKeys (ConfUtils.java:logGet(43)) - raft.server.log.queue.element-limit = 1024 (custom)
2019-10-22 00:12:51,305 [pool-47-thread-1] INFO  server.RaftServerConfigKeys (ConfUtils.java:logGet(43)) - raft.server.log.segment.size.max = 1048576 (custom)
2019-10-22 00:12:51,305 [pool-47-thread-1] INFO  server.RaftServerConfigKeys (ConfUtils.java:logGet(43)) - raft.server.log.preallocated.size = 16384 (custom)
2019-10-22 00:12:51,305 [pool-47-thread-1] INFO  server.RaftServerConfigKeys (ConfUtils.java:logGet(43)) - raft.server.log.write.buffer.size = 33554432 (custom)
2019-10-22 00:12:51,305 [pool-47-thread-1] INFO  server.RaftServerConfigKeys (ConfUtils.java:logGet(43)) - raft.server.log.force.sync.num = 128 (default)
2019-10-22 00:12:51,305 [fad63ceb-ed14-4322-905d-6ef3599ac734@group-301C4095371E-LeaderElection7] INFO  impl.RoleInfo (RoleInfo.java:updateAndGet(143)) - fad63ceb-ed14-4322-905d-6ef3599ac734: start LeaderState
2019-10-22 00:12:51,305 [pool-47-thread-1] INFO  server.RaftServerConfigKeys (ConfUtils.java:logGet(43)) - raft.server.log.statemachine.data.sync = true (default)
2019-10-22 00:12:51,305 [pool-47-thread-1] INFO  server.RaftServerConfigKeys (ConfUtils.java:logGet(43)) - raft.server.log.statemachine.data.sync.timeout = 10s (default)
2019-10-22 00:12:51,305 [pool-47-thread-1] INFO  server.RaftServerConfigKeys (ConfUtils.java:logGet(43)) - raft.server.log.statemachine.data.sync.timeout.retry = -1 (default)
2019-10-22 00:12:51,305 [fad63ceb-ed14-4322-905d-6ef3599ac734@group-301C4095371E-LeaderElection7] INFO  segmented.SegmentedRaftLogWorker (SegmentedRaftLogWorker.java:startLogSegment(385)) - fad63ceb-ed14-4322-905d-6ef3599ac734@group-301C4095371E-SegmentedRaftLogWorker: Starting segment from index:0
2019-10-22 00:12:51,306 [pool-47-thread-1] INFO  server.RaftServerConfigKeys (ConfUtils.java:logGet(43)) - raft.server.log.statemachine.data.caching.enabled = true (custom)
2019-10-22 00:12:51,306 [Thread-318] INFO  impl.FollowerState (FollowerState.java:run(108)) - f318eb4e-a4da-4d18-984a-fa4eff1dbce1@group-9807AFE276B3-FollowerState: change to CANDIDATE, lastRpcTime:65ms, electionTimeout:65ms
2019-10-22 00:12:51,306 [Thread-318] INFO  impl.RoleInfo (RoleInfo.java:shutdownFollowerState(121)) - f318eb4e-a4da-4d18-984a-fa4eff1dbce1: shutdown FollowerState
2019-10-22 00:12:51,306 [pool-47-thread-1] INFO  segmented.SegmentedRaftLogWorker (SegmentedRaftLogWorker.java:lambda$new$0(128)) - d521f5b1-4e7b-4169-9688-2112c7da7b1f@group-C33983CA40B5-SegmentedRaftLogWorker: flushIndex: setUnconditionally 0 -> -1
2019-10-22 00:12:51,306 [fad63ceb-ed14-4322-905d-6ef3599ac734@group-301C4095371E-LeaderElection7] INFO  impl.RaftServerImpl (ServerState.java:setRaftConf(357)) - fad63ceb-ed14-4322-905d-6ef3599ac734@group-301C4095371E: set configuration 0: [fad63ceb-ed14-4322-905d-6ef3599ac734:192.168.157.254:39274], old=null at 0
2019-10-22 00:12:51,306 [Thread-318] INFO  impl.RaftServerImpl (RaftServerImpl.java:setRole(184)) - f318eb4e-a4da-4d18-984a-fa4eff1dbce1@group-9807AFE276B3: changes role from  FOLLOWER to CANDIDATE at term 0 for changeToCandidate
2019-10-22 00:12:51,307 [pool-47-thread-1] INFO  server.RaftServerConfigKeys (ConfUtils.java:logGet(43)) - raft.server.snapshot.auto.trigger.enabled = true (custom)
2019-10-22 00:12:51,332 [Thread-318] INFO  impl.RoleInfo (RoleInfo.java:updateAndGet(143)) - f318eb4e-a4da-4d18-984a-fa4eff1dbce1: start LeaderElection
2019-10-22 00:12:51,332 [pool-47-thread-1] INFO  server.RaftServerConfigKeys (ConfUtils.java:logGet(43)) - raft.server.snapshot.auto.trigger.threshold = 10000 (custom)
2019-10-22 00:12:51,332 [pool-47-thread-1] INFO  server.RaftServerConfigKeys (ConfUtils.java:logGet(43)) - raft.server.snapshot.retention.file.num = 5 (custom)
2019-10-22 00:12:51,336 [pool-47-thread-1] INFO  server.RaftServerConfigKeys (ConfUtils.java:logGet(43)) - raft.server.retrycache.expirytime = 600000ms (custom)
2019-10-22 00:12:51,340 [pool-47-thread-1] INFO  impl.RaftServerImpl (RaftServerImpl.java:start(195)) - d521f5b1-4e7b-4169-9688-2112c7da7b1f@group-C33983CA40B5: start as a follower, conf=-1: [d521f5b1-4e7b-4169-9688-2112c7da7b1f:192.168.157.254:45094], old=null
2019-10-22 00:12:51,340 [pool-47-thread-1] INFO  impl.RaftServerImpl (RaftServerImpl.java:setRole(184)) - d521f5b1-4e7b-4169-9688-2112c7da7b1f@group-C33983CA40B5: changes role from      null to FOLLOWER at term 0 for startAsFollower
2019-10-22 00:12:51,340 [pool-47-thread-1] INFO  impl.RoleInfo (RoleInfo.java:updateAndGet(143)) - d521f5b1-4e7b-4169-9688-2112c7da7b1f: start FollowerState
2019-10-22 00:12:51,340 [pool-47-thread-1] INFO  util.JmxRegister (JmxRegister.java:tryRegister(44)) - Successfully registered JMX Bean with object name Ratis:service=RaftServer,group=group-C33983CA40B5,id=d521f5b1-4e7b-4169-9688-2112c7da7b1f
2019-10-22 00:12:51,345 [fad63ceb-ed14-4322-905d-6ef3599ac734@group-301C4095371E-SegmentedRaftLogWorker] INFO  segmented.SegmentedRaftLogWorker (SegmentedRaftLogWorker.java:execute(576)) - fad63ceb-ed14-4322-905d-6ef3599ac734@group-301C4095371E-SegmentedRaftLogWorker: created new log segment /workdir/hadoop-ozone/integration-test/target/test-dir/MiniOzoneClusterImpl-8b64dd99-cfc4-48e3-b5ea-61cd2ec80401/datanode-9/data/ratis/99f58697-3b5b-4104-b8c3-301c4095371e/current/log_inprogress_0
2019-10-22 00:12:51,345 [f318eb4e-a4da-4d18-984a-fa4eff1dbce1@group-9807AFE276B3-LeaderElection8] INFO  impl.LeaderElection (LeaderElection.java:askForVotes(178)) - f318eb4e-a4da-4d18-984a-fa4eff1dbce1@group-9807AFE276B3-LeaderElection8: begin an election at term 1 for -1: [f318eb4e-a4da-4d18-984a-fa4eff1dbce1:192.168.157.254:43586], old=null
2019-10-22 00:12:51,345 [f318eb4e-a4da-4d18-984a-fa4eff1dbce1@group-9807AFE276B3-LeaderElection8] INFO  impl.RoleInfo (RoleInfo.java:shutdownLeaderElection(134)) - f318eb4e-a4da-4d18-984a-fa4eff1dbce1: shutdown LeaderElection
2019-10-22 00:12:51,346 [f318eb4e-a4da-4d18-984a-fa4eff1dbce1@group-9807AFE276B3-LeaderElection8] INFO  impl.RaftServerImpl (RaftServerImpl.java:setRole(184)) - f318eb4e-a4da-4d18-984a-fa4eff1dbce1@group-9807AFE276B3: changes role from CANDIDATE to LEADER at term 1 for changeToLeader
2019-10-22 00:12:51,346 [f318eb4e-a4da-4d18-984a-fa4eff1dbce1@group-9807AFE276B3-LeaderElection8] INFO  impl.RaftServerImpl (ServerState.java:setLeader(256)) - f318eb4e-a4da-4d18-984a-fa4eff1dbce1@group-9807AFE276B3: change Leader from null to f318eb4e-a4da-4d18-984a-fa4eff1dbce1 at term 1 for becomeLeader, leader elected after 111ms
2019-10-22 00:12:51,348 [f318eb4e-a4da-4d18-984a-fa4eff1dbce1@group-9807AFE276B3-LeaderElection8] INFO  server.RaftServerConfigKeys (ConfUtils.java:logGet(43)) - raft.server.staging.catchup.gap = 1000 (default)
2019-10-22 00:12:51,348 [f318eb4e-a4da-4d18-984a-fa4eff1dbce1@group-9807AFE276B3-LeaderElection8] INFO  server.RaftServerConfigKeys (ConfUtils.java:logGet(43)) - raft.server.rpc.sleep.time = 25ms (default)
2019-10-22 00:12:51,348 [f318eb4e-a4da-4d18-984a-fa4eff1dbce1@group-9807AFE276B3-LeaderElection8] INFO  server.RaftServerConfigKeys (ConfUtils.java:logGet(43)) - raft.server.write.element-limit = 4096 (default)
2019-10-22 00:12:51,350 [f318eb4e-a4da-4d18-984a-fa4eff1dbce1@group-9807AFE276B3-LeaderElection8] INFO  server.RaftServerConfigKeys (ConfUtils.java:logGet(43)) - raft.server.watch.timeout = 10s (default)
2019-10-22 00:12:51,351 [f318eb4e-a4da-4d18-984a-fa4eff1dbce1@group-9807AFE276B3-LeaderElection8] INFO  server.RaftServerConfigKeys (ConfUtils.java:logGet(43)) - raft.server.watch.timeout.denomination = 1s (default)
2019-10-22 00:12:51,351 [f318eb4e-a4da-4d18-984a-fa4eff1dbce1@group-9807AFE276B3-LeaderElection8] INFO  server.RaftServerConfigKeys (ConfUtils.java:logGet(43)) - raft.server.watch.element-limit = 65536 (default)
2019-10-22 00:12:51,356 [RatisPipelineUtilsThread] INFO  pipeline.PipelineStateManager (PipelineStateManager.java:addPipeline(56)) - Created pipeline Pipeline[ Id: d837e21f-59c6-408e-bdad-c33983ca40b5, Nodes: d521f5b1-4e7b-4169-9688-2112c7da7b1f{ip: 192.168.157.254, host: pr-hdds-2343-5q8j9-3338874002, networkLocation: /default-rack, certSerialId: null}, Type:RATIS, Factor:ONE, State:OPEN]
2019-10-22 00:12:51,358 [f318eb4e-a4da-4d18-984a-fa4eff1dbce1@group-9807AFE276B3-LeaderElection8] INFO  impl.RoleInfo (RoleInfo.java:updateAndGet(143)) - f318eb4e-a4da-4d18-984a-fa4eff1dbce1: start LeaderState
2019-10-22 00:12:51,359 [f318eb4e-a4da-4d18-984a-fa4eff1dbce1@group-9807AFE276B3-LeaderElection8] INFO  segmented.SegmentedRaftLogWorker (SegmentedRaftLogWorker.java:startLogSegment(385)) - f318eb4e-a4da-4d18-984a-fa4eff1dbce1@group-9807AFE276B3-SegmentedRaftLogWorker: Starting segment from index:0
2019-10-22 00:12:51,359 [f318eb4e-a4da-4d18-984a-fa4eff1dbce1@group-9807AFE276B3-LeaderElection8] INFO  impl.RaftServerImpl (ServerState.java:setRaftConf(357)) - f318eb4e-a4da-4d18-984a-fa4eff1dbce1@group-9807AFE276B3: set configuration 0: [f318eb4e-a4da-4d18-984a-fa4eff1dbce1:192.168.157.254:43586], old=null at 0
2019-10-22 00:12:51,407 [grpc-default-executor-0] INFO  impl.RaftServerProxy (RaftServerProxy.java:addNew(89)) - 25e98bce-f4fb-4d35-beee-20b3c020766b: addNew group-6AD5C1E5EF4F:[25e98bce-f4fb-4d35-beee-20b3c020766b:192.168.157.254:43271] returns group-6AD5C1E5EF4F:java.util.concurrent.CompletableFuture@129e4bd1[Not completed]
2019-10-22 00:12:51,409 [pool-87-thread-1] INFO  impl.RaftServerImpl (RaftServerImpl.java:<init>(104)) - 25e98bce-f4fb-4d35-beee-20b3c020766b: new RaftServerImpl for group-6AD5C1E5EF4F:[25e98bce-f4fb-4d35-beee-20b3c020766b:192.168.157.254:43271] with ContainerStateMachine:uninitialized
2019-10-22 00:12:51,410 [pool-87-thread-1] INFO  server.RaftServerConfigKeys (ConfUtils.java:logGet(43)) - raft.server.rpc.timeout.min = 1s (custom)
2019-10-22 00:12:51,410 [pool-87-thread-1] INFO  server.RaftServerConfigKeys (ConfUtils.java:logGet(43)) - raft.server.rpc.timeout.max = 1200ms (custom)
2019-10-22 00:12:51,410 [pool-87-thread-1] INFO  server.RaftServerConfigKeys (ConfUtils.java:logGet(43)) - raft.server.rpcslowness.timeout = 120s (custom)
2019-10-22 00:12:51,410 [pool-87-thread-1] INFO  server.RaftServerConfigKeys (ConfUtils.java:logGet(43)) - raft.server.sleep.deviation.threshold = 300 (default)
2019-10-22 00:12:51,410 [pool-87-thread-1] INFO  server.RaftServerConfigKeys (ConfUtils.java:logGet(43)) - raft.server.log.appender.install.snapshot.enabled = false (custom)
2019-10-22 00:12:51,410 [pool-87-thread-1] INFO  impl.RaftServerImpl (ServerState.java:<init>(103)) - 25e98bce-f4fb-4d35-beee-20b3c020766b@group-6AD5C1E5EF4F: ConfigurationManager, init=-1: [25e98bce-f4fb-4d35-beee-20b3c020766b:192.168.157.254:43271], old=null, confs=<EMPTY_MAP>
2019-10-22 00:12:51,410 [pool-87-thread-1] INFO  server.RaftServerConfigKeys (ConfUtils.java:logGet(43)) - raft.server.storage.dir = [/workdir/hadoop-ozone/integration-test/target/test-dir/MiniOzoneClusterImpl-8b64dd99-cfc4-48e3-b5ea-61cd2ec80401/datanode-6/data/ratis] (custom)
2019-10-22 00:12:51,411 [pool-87-thread-1] INFO  server.RaftServerConfigKeys (ConfUtils.java:logGet(43)) - raft.server.log.corruption.policy = EXCEPTION (default)
2019-10-22 00:12:51,411 [pool-87-thread-1] INFO  storage.RaftStorageDirectory (RaftStorageDirectory.java:analyzeStorage(246)) - The storage directory /workdir/hadoop-ozone/integration-test/target/test-dir/MiniOzoneClusterImpl-8b64dd99-cfc4-48e3-b5ea-61cd2ec80401/datanode-6/data/ratis/50e722c2-d0a8-4115-87a6-6ad5c1e5ef4f does not exist. Creating ...
2019-10-22 00:12:51,438 [f318eb4e-a4da-4d18-984a-fa4eff1dbce1@group-9807AFE276B3-SegmentedRaftLogWorker] INFO  segmented.SegmentedRaftLogWorker (SegmentedRaftLogWorker.java:execute(576)) - f318eb4e-a4da-4d18-984a-fa4eff1dbce1@group-9807AFE276B3-SegmentedRaftLogWorker: created new log segment /workdir/hadoop-ozone/integration-test/target/test-dir/MiniOzoneClusterImpl-8b64dd99-cfc4-48e3-b5ea-61cd2ec80401/datanode-7/data/ratis/2ad3ec76-9fdd-40b6-8d67-9807afe276b3/current/log_inprogress_0
2019-10-22 00:12:51,440 [pool-87-thread-1] INFO  storage.RaftStorageDirectory (RaftStorageDirectory.java:tryLock(328)) - Lock on /workdir/hadoop-ozone/integration-test/target/test-dir/MiniOzoneClusterImpl-8b64dd99-cfc4-48e3-b5ea-61cd2ec80401/datanode-6/data/ratis/50e722c2-d0a8-4115-87a6-6ad5c1e5ef4f/in_use.lock acquired by nodename 18293@pr-hdds-2343-5q8j9-3338874002
2019-10-22 00:12:51,453 [pool-87-thread-1] INFO  storage.RaftStorage (RaftStorage.java:format(84)) - Storage directory /workdir/hadoop-ozone/integration-test/target/test-dir/MiniOzoneClusterImpl-8b64dd99-cfc4-48e3-b5ea-61cd2ec80401/datanode-6/data/ratis/50e722c2-d0a8-4115-87a6-6ad5c1e5ef4f has been successfully formatted.
2019-10-22 00:12:51,453 [pool-87-thread-1] INFO  ratis.ContainerStateMachine (ContainerStateMachine.java:loadSnapshot(231)) - group-6AD5C1E5EF4F: The snapshot info is null. Setting the last applied indexto:(t:0, i:~)
2019-10-22 00:12:51,453 [pool-87-thread-1] INFO  server.RaftServerConfigKeys (ConfUtils.java:logGet(43)) - raft.server.notification.no-leader.timeout = 120s (custom)
2019-10-22 00:12:51,453 [pool-87-thread-1] INFO  server.RaftServerConfigKeys (ConfUtils.java:logGet(43)) - raft.server.log.use.memory = false (default)
2019-10-22 00:12:51,454 [pool-87-thread-1] INFO  server.RaftServerConfigKeys (ConfUtils.java:logGet(43)) - raft.server.log.purge.gap = 1000000 (custom)
2019-10-22 00:12:51,454 [pool-87-thread-1] INFO  server.RaftServerConfigKeys (ConfUtils.java:logGet(43)) - raft.server.log.appender.buffer.byte-limit = 33554432 (custom)
2019-10-22 00:12:51,454 [pool-87-thread-1] INFO  server.RaftServerConfigKeys (ConfUtils.java:logGet(43)) - raft.server.log.segment.size.max = 1048576 (custom)
2019-10-22 00:12:51,457 [pool-87-thread-1] INFO  server.RaftServerConfigKeys (ConfUtils.java:logGet(43)) - raft.server.log.segment.cache.num.max = 2 (custom)
2019-10-22 00:12:51,457 [pool-87-thread-1] INFO  segmented.SegmentedRaftLogWorker (SegmentedRaftLogWorker.java:<init>(173)) - new 25e98bce-f4fb-4d35-beee-20b3c020766b@group-6AD5C1E5EF4F-SegmentedRaftLogWorker for RaftStorage:Storage Directory /workdir/hadoop-ozone/integration-test/target/test-dir/MiniOzoneClusterImpl-8b64dd99-cfc4-48e3-b5ea-61cd2ec80401/datanode-6/data/ratis/50e722c2-d0a8-4115-87a6-6ad5c1e5ef4f
2019-10-22 00:12:51,457 [pool-87-thread-1] INFO  server.RaftServerConfigKeys (ConfUtils.java:logGet(43)) - raft.server.log.queue.byte-limit = 2147483647 (custom)
2019-10-22 00:12:51,457 [pool-87-thread-1] INFO  server.RaftServerConfigKeys (ConfUtils.java:logGet(43)) - raft.server.log.queue.element-limit = 1024 (custom)
2019-10-22 00:12:51,457 [pool-87-thread-1] INFO  server.RaftServerConfigKeys (ConfUtils.java:logGet(43)) - raft.server.log.segment.size.max = 1048576 (custom)
2019-10-22 00:12:51,458 [pool-87-thread-1] INFO  server.RaftServerConfigKeys (ConfUtils.java:logGet(43)) - raft.server.log.preallocated.size = 16384 (custom)
2019-10-22 00:12:51,458 [pool-87-thread-1] INFO  server.RaftServerConfigKeys (ConfUtils.java:logGet(43)) - raft.server.log.write.buffer.size = 33554432 (custom)
2019-10-22 00:12:51,458 [pool-87-thread-1] INFO  server.RaftServerConfigKeys (ConfUtils.java:logGet(43)) - raft.server.log.force.sync.num = 128 (default)
2019-10-22 00:12:51,458 [pool-87-thread-1] INFO  server.RaftServerConfigKeys (ConfUtils.java:logGet(43)) - raft.server.log.statemachine.data.sync = true (default)
2019-10-22 00:12:51,458 [pool-87-thread-1] INFO  server.RaftServerConfigKeys (ConfUtils.java:logGet(43)) - raft.server.log.statemachine.data.sync.timeout = 10s (default)
2019-10-22 00:12:51,458 [pool-87-thread-1] INFO  server.RaftServerConfigKeys (ConfUtils.java:logGet(43)) - raft.server.log.statemachine.data.sync.timeout.retry = -1 (default)
2019-10-22 00:12:51,458 [pool-87-thread-1] INFO  server.RaftServerConfigKeys (ConfUtils.java:logGet(43)) - raft.server.log.statemachine.data.caching.enabled = true (custom)
2019-10-22 00:12:51,459 [pool-87-thread-1] INFO  segmented.SegmentedRaftLogWorker (SegmentedRaftLogWorker.java:lambda$new$0(128)) - 25e98bce-f4fb-4d35-beee-20b3c020766b@group-6AD5C1E5EF4F-SegmentedRaftLogWorker: flushIndex: setUnconditionally 0 -> -1
2019-10-22 00:12:51,459 [pool-87-thread-1] INFO  server.RaftServerConfigKeys (ConfUtils.java:logGet(43)) - raft.server.snapshot.auto.trigger.enabled = true (custom)
2019-10-22 00:12:51,459 [pool-87-thread-1] INFO  server.RaftServerConfigKeys (ConfUtils.java:logGet(43)) - raft.server.snapshot.auto.trigger.threshold = 10000 (custom)
2019-10-22 00:12:51,459 [pool-87-thread-1] INFO  server.RaftServerConfigKeys (ConfUtils.java:logGet(43)) - raft.server.snapshot.retention.file.num = 5 (custom)
2019-10-22 00:12:51,459 [pool-87-thread-1] INFO  server.RaftServerConfigKeys (ConfUtils.java:logGet(43)) - raft.server.retrycache.expirytime = 600000ms (custom)
2019-10-22 00:12:51,464 [pool-87-thread-1] INFO  impl.RaftServerImpl (RaftServerImpl.java:start(195)) - 25e98bce-f4fb-4d35-beee-20b3c020766b@group-6AD5C1E5EF4F: start as a follower, conf=-1: [25e98bce-f4fb-4d35-beee-20b3c020766b:192.168.157.254:43271], old=null
2019-10-22 00:12:51,465 [pool-87-thread-1] INFO  impl.RaftServerImpl (RaftServerImpl.java:setRole(184)) - 25e98bce-f4fb-4d35-beee-20b3c020766b@group-6AD5C1E5EF4F: changes role from      null to FOLLOWER at term 0 for startAsFollower
2019-10-22 00:12:51,465 [pool-87-thread-1] INFO  impl.RoleInfo (RoleInfo.java:updateAndGet(143)) - 25e98bce-f4fb-4d35-beee-20b3c020766b: start FollowerState
2019-10-22 00:12:51,465 [pool-87-thread-1] INFO  util.JmxRegister (JmxRegister.java:tryRegister(44)) - Successfully registered JMX Bean with object name Ratis:service=RaftServer,group=group-6AD5C1E5EF4F,id=25e98bce-f4fb-4d35-beee-20b3c020766b
2019-10-22 00:12:51,477 [RatisPipelineUtilsThread] INFO  pipeline.PipelineStateManager (PipelineStateManager.java:addPipeline(56)) - Created pipeline Pipeline[ Id: 50e722c2-d0a8-4115-87a6-6ad5c1e5ef4f, Nodes: 25e98bce-f4fb-4d35-beee-20b3c020766b{ip: 192.168.157.254, host: pr-hdds-2343-5q8j9-3338874002, networkLocation: /default-rack, certSerialId: null}, Type:RATIS, Factor:ONE, State:OPEN]
2019-10-22 00:12:51,503 [Thread-324] INFO  impl.FollowerState (FollowerState.java:run(108)) - d521f5b1-4e7b-4169-9688-2112c7da7b1f@group-C33983CA40B5-FollowerState: change to CANDIDATE, lastRpcTime:162ms, electionTimeout:161ms
2019-10-22 00:12:51,504 [Thread-324] INFO  impl.RoleInfo (RoleInfo.java:shutdownFollowerState(121)) - d521f5b1-4e7b-4169-9688-2112c7da7b1f: shutdown FollowerState
2019-10-22 00:12:51,504 [Thread-324] INFO  impl.RaftServerImpl (RaftServerImpl.java:setRole(184)) - d521f5b1-4e7b-4169-9688-2112c7da7b1f@group-C33983CA40B5: changes role from  FOLLOWER to CANDIDATE at term 0 for changeToCandidate
2019-10-22 00:12:51,504 [grpc-default-executor-0] INFO  impl.RaftServerProxy (RaftServerProxy.java:addNew(89)) - 062c71de-08d9-40ee-9309-15590e2e8e68: addNew group-F01152B53F91:[2fdb3e93-e0d8-400e-8c33-91e2341b50c6:192.168.157.254:43254, 062c71de-08d9-40ee-9309-15590e2e8e68:192.168.157.254:45598, 2a52019e-5647-44e1-bf30-9a43fd8a7377:192.168.157.254:36038] returns group-F01152B53F91:java.util.concurrent.CompletableFuture@2943a823[Not completed]
2019-10-22 00:12:51,504 [grpc-default-executor-2] INFO  impl.RaftServerProxy (RaftServerProxy.java:addNew(89)) - 2fdb3e93-e0d8-400e-8c33-91e2341b50c6: addNew group-F01152B53F91:[2fdb3e93-e0d8-400e-8c33-91e2341b50c6:192.168.157.254:43254, 062c71de-08d9-40ee-9309-15590e2e8e68:192.168.157.254:45598, 2a52019e-5647-44e1-bf30-9a43fd8a7377:192.168.157.254:36038] returns group-F01152B53F91:java.util.concurrent.CompletableFuture@773cb18a[Not completed]
2019-10-22 00:12:51,504 [Thread-324] INFO  impl.RoleInfo (RoleInfo.java:updateAndGet(143)) - d521f5b1-4e7b-4169-9688-2112c7da7b1f: start LeaderElection
2019-10-22 00:12:51,504 [grpc-default-executor-1] INFO  impl.RaftServerProxy (RaftServerProxy.java:addNew(89)) - 2a52019e-5647-44e1-bf30-9a43fd8a7377: addNew group-F01152B53F91:[2fdb3e93-e0d8-400e-8c33-91e2341b50c6:192.168.157.254:43254, 062c71de-08d9-40ee-9309-15590e2e8e68:192.168.157.254:45598, 2a52019e-5647-44e1-bf30-9a43fd8a7377:192.168.157.254:36038] returns group-F01152B53F91:java.util.concurrent.CompletableFuture@41480dc3[Not completed]
2019-10-22 00:12:51,510 [pool-67-thread-1] INFO  impl.RaftServerImpl (RaftServerImpl.java:<init>(104)) - 062c71de-08d9-40ee-9309-15590e2e8e68: new RaftServerImpl for group-F01152B53F91:[2fdb3e93-e0d8-400e-8c33-91e2341b50c6:192.168.157.254:43254, 062c71de-08d9-40ee-9309-15590e2e8e68:192.168.157.254:45598, 2a52019e-5647-44e1-bf30-9a43fd8a7377:192.168.157.254:36038] with ContainerStateMachine:uninitialized
2019-10-22 00:12:51,510 [pool-67-thread-1] INFO  server.RaftServerConfigKeys (ConfUtils.java:logGet(43)) - raft.server.rpc.timeout.min = 1s (custom)
2019-10-22 00:12:51,510 [pool-67-thread-1] INFO  server.RaftServerConfigKeys (ConfUtils.java:logGet(43)) - raft.server.rpc.timeout.max = 1200ms (custom)
2019-10-22 00:12:51,510 [pool-67-thread-1] INFO  server.RaftServerConfigKeys (ConfUtils.java:logGet(43)) - raft.server.rpcslowness.timeout = 120s (custom)
2019-10-22 00:12:51,510 [pool-67-thread-1] INFO  server.RaftServerConfigKeys (ConfUtils.java:logGet(43)) - raft.server.sleep.deviation.threshold = 300 (default)
2019-10-22 00:12:51,510 [pool-67-thread-1] INFO  server.RaftServerConfigKeys (ConfUtils.java:logGet(43)) - raft.server.log.appender.install.snapshot.enabled = false (custom)
2019-10-22 00:12:51,511 [pool-37-thread-1] INFO  impl.RaftServerImpl (RaftServerImpl.java:<init>(104)) - 2fdb3e93-e0d8-400e-8c33-91e2341b50c6: new RaftServerImpl for group-F01152B53F91:[2fdb3e93-e0d8-400e-8c33-91e2341b50c6:192.168.157.254:43254, 062c71de-08d9-40ee-9309-15590e2e8e68:192.168.157.254:45598, 2a52019e-5647-44e1-bf30-9a43fd8a7377:192.168.157.254:36038] with ContainerStateMachine:uninitialized
2019-10-22 00:12:51,511 [pool-67-thread-1] INFO  impl.RaftServerImpl (ServerState.java:<init>(103)) - 062c71de-08d9-40ee-9309-15590e2e8e68@group-F01152B53F91: ConfigurationManager, init=-1: [2fdb3e93-e0d8-400e-8c33-91e2341b50c6:192.168.157.254:43254, 062c71de-08d9-40ee-9309-15590e2e8e68:192.168.157.254:45598, 2a52019e-5647-44e1-bf30-9a43fd8a7377:192.168.157.254:36038], old=null, confs=<EMPTY_MAP>
2019-10-22 00:12:51,511 [pool-37-thread-1] INFO  server.RaftServerConfigKeys (ConfUtils.java:logGet(43)) - raft.server.rpc.timeout.min = 1s (custom)
2019-10-22 00:12:51,511 [pool-67-thread-1] INFO  server.RaftServerConfigKeys (ConfUtils.java:logGet(43)) - raft.server.storage.dir = [/workdir/hadoop-ozone/integration-test/target/test-dir/MiniOzoneClusterImpl-8b64dd99-cfc4-48e3-b5ea-61cd2ec80401/datanode-4/data/ratis] (custom)
2019-10-22 00:12:51,511 [pool-37-thread-1] INFO  server.RaftServerConfigKeys (ConfUtils.java:logGet(43)) - raft.server.rpc.timeout.max = 1200ms (custom)
2019-10-22 00:12:51,511 [pool-37-thread-1] INFO  server.RaftServerConfigKeys (ConfUtils.java:logGet(43)) - raft.server.rpcslowness.timeout = 120s (custom)
2019-10-22 00:12:51,511 [pool-37-thread-1] INFO  server.RaftServerConfigKeys (ConfUtils.java:logGet(43)) - raft.server.sleep.deviation.threshold = 300 (default)
2019-10-22 00:12:51,511 [pool-67-thread-1] INFO  server.RaftServerConfigKeys (ConfUtils.java:logGet(43)) - raft.server.log.corruption.policy = EXCEPTION (default)
2019-10-22 00:12:51,511 [pool-37-thread-1] INFO  server.RaftServerConfigKeys (ConfUtils.java:logGet(43)) - raft.server.log.appender.install.snapshot.enabled = false (custom)
2019-10-22 00:12:51,512 [pool-57-thread-1] INFO  impl.RaftServerImpl (RaftServerImpl.java:<init>(104)) - 2a52019e-5647-44e1-bf30-9a43fd8a7377: new RaftServerImpl for group-F01152B53F91:[2fdb3e93-e0d8-400e-8c33-91e2341b50c6:192.168.157.254:43254, 062c71de-08d9-40ee-9309-15590e2e8e68:192.168.157.254:45598, 2a52019e-5647-44e1-bf30-9a43fd8a7377:192.168.157.254:36038] with ContainerStateMachine:uninitialized
2019-10-22 00:12:51,512 [pool-37-thread-1] INFO  impl.RaftServerImpl (ServerState.java:<init>(103)) - 2fdb3e93-e0d8-400e-8c33-91e2341b50c6@group-F01152B53F91: ConfigurationManager, init=-1: [2fdb3e93-e0d8-400e-8c33-91e2341b50c6:192.168.157.254:43254, 062c71de-08d9-40ee-9309-15590e2e8e68:192.168.157.254:45598, 2a52019e-5647-44e1-bf30-9a43fd8a7377:192.168.157.254:36038], old=null, confs=<EMPTY_MAP>
2019-10-22 00:12:51,512 [pool-67-thread-1] INFO  storage.RaftStorageDirectory (RaftStorageDirectory.java:analyzeStorage(246)) - The storage directory /workdir/hadoop-ozone/integration-test/target/test-dir/MiniOzoneClusterImpl-8b64dd99-cfc4-48e3-b5ea-61cd2ec80401/datanode-4/data/ratis/f22d20a3-d87d-40a1-b95b-f01152b53f91 does not exist. Creating ...
2019-10-22 00:12:51,512 [pool-37-thread-1] INFO  server.RaftServerConfigKeys (ConfUtils.java:logGet(43)) - raft.server.storage.dir = [/workdir/hadoop-ozone/integration-test/target/test-dir/MiniOzoneClusterImpl-8b64dd99-cfc4-48e3-b5ea-61cd2ec80401/datanode-1/data/ratis] (custom)
2019-10-22 00:12:51,512 [pool-57-thread-1] INFO  server.RaftServerConfigKeys (ConfUtils.java:logGet(43)) - raft.server.rpc.timeout.min = 1s (custom)
2019-10-22 00:12:51,512 [pool-37-thread-1] INFO  server.RaftServerConfigKeys (ConfUtils.java:logGet(43)) - raft.server.log.corruption.policy = EXCEPTION (default)
2019-10-22 00:12:51,512 [pool-57-thread-1] INFO  server.RaftServerConfigKeys (ConfUtils.java:logGet(43)) - raft.server.rpc.timeout.max = 1200ms (custom)
2019-10-22 00:12:51,512 [pool-37-thread-1] INFO  storage.RaftStorageDirectory (RaftStorageDirectory.java:analyzeStorage(246)) - The storage directory /workdir/hadoop-ozone/integration-test/target/test-dir/MiniOzoneClusterImpl-8b64dd99-cfc4-48e3-b5ea-61cd2ec80401/datanode-1/data/ratis/f22d20a3-d87d-40a1-b95b-f01152b53f91 does not exist. Creating ...
2019-10-22 00:12:51,512 [pool-57-thread-1] INFO  server.RaftServerConfigKeys (ConfUtils.java:logGet(43)) - raft.server.rpcslowness.timeout = 120s (custom)
2019-10-22 00:12:51,513 [pool-57-thread-1] INFO  server.RaftServerConfigKeys (ConfUtils.java:logGet(43)) - raft.server.sleep.deviation.threshold = 300 (default)
2019-10-22 00:12:51,513 [pool-57-thread-1] INFO  server.RaftServerConfigKeys (ConfUtils.java:logGet(43)) - raft.server.log.appender.install.snapshot.enabled = false (custom)
2019-10-22 00:12:51,513 [pool-57-thread-1] INFO  impl.RaftServerImpl (ServerState.java:<init>(103)) - 2a52019e-5647-44e1-bf30-9a43fd8a7377@group-F01152B53F91: ConfigurationManager, init=-1: [2fdb3e93-e0d8-400e-8c33-91e2341b50c6:192.168.157.254:43254, 062c71de-08d9-40ee-9309-15590e2e8e68:192.168.157.254:45598, 2a52019e-5647-44e1-bf30-9a43fd8a7377:192.168.157.254:36038], old=null, confs=<EMPTY_MAP>
2019-10-22 00:12:51,513 [pool-57-thread-1] INFO  server.RaftServerConfigKeys (ConfUtils.java:logGet(43)) - raft.server.storage.dir = [/workdir/hadoop-ozone/integration-test/target/test-dir/MiniOzoneClusterImpl-8b64dd99-cfc4-48e3-b5ea-61cd2ec80401/datanode-3/data/ratis] (custom)
2019-10-22 00:12:51,513 [pool-57-thread-1] INFO  server.RaftServerConfigKeys (ConfUtils.java:logGet(43)) - raft.server.log.corruption.policy = EXCEPTION (default)
2019-10-22 00:12:51,514 [pool-57-thread-1] INFO  storage.RaftStorageDirectory (RaftStorageDirectory.java:analyzeStorage(246)) - The storage directory /workdir/hadoop-ozone/integration-test/target/test-dir/MiniOzoneClusterImpl-8b64dd99-cfc4-48e3-b5ea-61cd2ec80401/datanode-3/data/ratis/f22d20a3-d87d-40a1-b95b-f01152b53f91 does not exist. Creating ...
2019-10-22 00:12:51,519 [Thread-328] INFO  impl.FollowerState (FollowerState.java:run(108)) - 25e98bce-f4fb-4d35-beee-20b3c020766b@group-6AD5C1E5EF4F-FollowerState: change to CANDIDATE, lastRpcTime:54ms, electionTimeout:54ms
2019-10-22 00:12:51,519 [Thread-328] INFO  impl.RoleInfo (RoleInfo.java:shutdownFollowerState(121)) - 25e98bce-f4fb-4d35-beee-20b3c020766b: shutdown FollowerState
2019-10-22 00:12:51,519 [Thread-328] INFO  impl.RaftServerImpl (RaftServerImpl.java:setRole(184)) - 25e98bce-f4fb-4d35-beee-20b3c020766b@group-6AD5C1E5EF4F: changes role from  FOLLOWER to CANDIDATE at term 0 for changeToCandidate
2019-10-22 00:12:51,520 [Thread-328] INFO  impl.RoleInfo (RoleInfo.java:updateAndGet(143)) - 25e98bce-f4fb-4d35-beee-20b3c020766b: start LeaderElection
2019-10-22 00:12:51,523 [pool-57-thread-1] INFO  storage.RaftStorageDirectory (RaftStorageDirectory.java:tryLock(328)) - Lock on /workdir/hadoop-ozone/integration-test/target/test-dir/MiniOzoneClusterImpl-8b64dd99-cfc4-48e3-b5ea-61cd2ec80401/datanode-3/data/ratis/f22d20a3-d87d-40a1-b95b-f01152b53f91/in_use.lock acquired by nodename 18293@pr-hdds-2343-5q8j9-3338874002
2019-10-22 00:12:51,523 [pool-67-thread-1] INFO  storage.RaftStorageDirectory (RaftStorageDirectory.java:tryLock(328)) - Lock on /workdir/hadoop-ozone/integration-test/target/test-dir/MiniOzoneClusterImpl-8b64dd99-cfc4-48e3-b5ea-61cd2ec80401/datanode-4/data/ratis/f22d20a3-d87d-40a1-b95b-f01152b53f91/in_use.lock acquired by nodename 18293@pr-hdds-2343-5q8j9-3338874002
2019-10-22 00:12:51,523 [pool-37-thread-1] INFO  storage.RaftStorageDirectory (RaftStorageDirectory.java:tryLock(328)) - Lock on /workdir/hadoop-ozone/integration-test/target/test-dir/MiniOzoneClusterImpl-8b64dd99-cfc4-48e3-b5ea-61cd2ec80401/datanode-1/data/ratis/f22d20a3-d87d-40a1-b95b-f01152b53f91/in_use.lock acquired by nodename 18293@pr-hdds-2343-5q8j9-3338874002
2019-10-22 00:12:51,523 [d521f5b1-4e7b-4169-9688-2112c7da7b1f@group-C33983CA40B5-LeaderElection9] INFO  impl.LeaderElection (LeaderElection.java:askForVotes(178)) - d521f5b1-4e7b-4169-9688-2112c7da7b1f@group-C33983CA40B5-LeaderElection9: begin an election at term 1 for -1: [d521f5b1-4e7b-4169-9688-2112c7da7b1f:192.168.157.254:45094], old=null
2019-10-22 00:12:51,523 [d521f5b1-4e7b-4169-9688-2112c7da7b1f@group-C33983CA40B5-LeaderElection9] INFO  impl.RoleInfo (RoleInfo.java:shutdownLeaderElection(134)) - d521f5b1-4e7b-4169-9688-2112c7da7b1f: shutdown LeaderElection
2019-10-22 00:12:51,523 [d521f5b1-4e7b-4169-9688-2112c7da7b1f@group-C33983CA40B5-LeaderElection9] INFO  impl.RaftServerImpl (RaftServerImpl.java:setRole(184)) - d521f5b1-4e7b-4169-9688-2112c7da7b1f@group-C33983CA40B5: changes role from CANDIDATE to LEADER at term 1 for changeToLeader
2019-10-22 00:12:51,524 [d521f5b1-4e7b-4169-9688-2112c7da7b1f@group-C33983CA40B5-LeaderElection9] INFO  impl.RaftServerImpl (ServerState.java:setLeader(256)) - d521f5b1-4e7b-4169-9688-2112c7da7b1f@group-C33983CA40B5: change Leader from null to d521f5b1-4e7b-4169-9688-2112c7da7b1f at term 1 for becomeLeader, leader elected after 224ms
2019-10-22 00:12:51,525 [d521f5b1-4e7b-4169-9688-2112c7da7b1f@group-C33983CA40B5-LeaderElection9] INFO  server.RaftServerConfigKeys (ConfUtils.java:logGet(43)) - raft.server.staging.catchup.gap = 1000 (default)
2019-10-22 00:12:51,525 [d521f5b1-4e7b-4169-9688-2112c7da7b1f@group-C33983CA40B5-LeaderElection9] INFO  server.RaftServerConfigKeys (ConfUtils.java:logGet(43)) - raft.server.rpc.sleep.time = 25ms (default)
2019-10-22 00:12:51,525 [d521f5b1-4e7b-4169-9688-2112c7da7b1f@group-C33983CA40B5-LeaderElection9] INFO  server.RaftServerConfigKeys (ConfUtils.java:logGet(43)) - raft.server.write.element-limit = 4096 (default)
2019-10-22 00:12:51,525 [d521f5b1-4e7b-4169-9688-2112c7da7b1f@group-C33983CA40B5-LeaderElection9] INFO  server.RaftServerConfigKeys (ConfUtils.java:logGet(43)) - raft.server.watch.timeout = 10s (default)
2019-10-22 00:12:51,526 [d521f5b1-4e7b-4169-9688-2112c7da7b1f@group-C33983CA40B5-LeaderElection9] INFO  server.RaftServerConfigKeys (ConfUtils.java:logGet(43)) - raft.server.watch.timeout.denomination = 1s (default)
2019-10-22 00:12:51,526 [d521f5b1-4e7b-4169-9688-2112c7da7b1f@group-C33983CA40B5-LeaderElection9] INFO  server.RaftServerConfigKeys (ConfUtils.java:logGet(43)) - raft.server.watch.element-limit = 65536 (default)
2019-10-22 00:12:51,528 [d521f5b1-4e7b-4169-9688-2112c7da7b1f@group-C33983CA40B5-LeaderElection9] INFO  impl.RoleInfo (RoleInfo.java:updateAndGet(143)) - d521f5b1-4e7b-4169-9688-2112c7da7b1f: start LeaderState
2019-10-22 00:12:51,529 [d521f5b1-4e7b-4169-9688-2112c7da7b1f@group-C33983CA40B5-LeaderElection9] INFO  segmented.SegmentedRaftLogWorker (SegmentedRaftLogWorker.java:startLogSegment(385)) - d521f5b1-4e7b-4169-9688-2112c7da7b1f@group-C33983CA40B5-SegmentedRaftLogWorker: Starting segment from index:0
2019-10-22 00:12:51,529 [d521f5b1-4e7b-4169-9688-2112c7da7b1f@group-C33983CA40B5-LeaderElection9] INFO  impl.RaftServerImpl (ServerState.java:setRaftConf(357)) - d521f5b1-4e7b-4169-9688-2112c7da7b1f@group-C33983CA40B5: set configuration 0: [d521f5b1-4e7b-4169-9688-2112c7da7b1f:192.168.157.254:45094], old=null at 0
2019-10-22 00:12:51,555 [pool-37-thread-1] INFO  storage.RaftStorage (RaftStorage.java:format(84)) - Storage directory /workdir/hadoop-ozone/integration-test/target/test-dir/MiniOzoneClusterImpl-8b64dd99-cfc4-48e3-b5ea-61cd2ec80401/datanode-1/data/ratis/f22d20a3-d87d-40a1-b95b-f01152b53f91 has been successfully formatted.
2019-10-22 00:12:51,555 [pool-67-thread-1] INFO  storage.RaftStorage (RaftStorage.java:format(84)) - Storage directory /workdir/hadoop-ozone/integration-test/target/test-dir/MiniOzoneClusterImpl-8b64dd99-cfc4-48e3-b5ea-61cd2ec80401/datanode-4/data/ratis/f22d20a3-d87d-40a1-b95b-f01152b53f91 has been successfully formatted.
2019-10-22 00:12:51,555 [25e98bce-f4fb-4d35-beee-20b3c020766b@group-6AD5C1E5EF4F-LeaderElection10] INFO  impl.LeaderElection (LeaderElection.java:askForVotes(178)) - 25e98bce-f4fb-4d35-beee-20b3c020766b@group-6AD5C1E5EF4F-LeaderElection10: begin an election at term 1 for -1: [25e98bce-f4fb-4d35-beee-20b3c020766b:192.168.157.254:43271], old=null
2019-10-22 00:12:51,555 [pool-57-thread-1] INFO  storage.RaftStorage (RaftStorage.java:format(84)) - Storage directory /workdir/hadoop-ozone/integration-test/target/test-dir/MiniOzoneClusterImpl-8b64dd99-cfc4-48e3-b5ea-61cd2ec80401/datanode-3/data/ratis/f22d20a3-d87d-40a1-b95b-f01152b53f91 has been successfully formatted.
2019-10-22 00:12:51,556 [25e98bce-f4fb-4d35-beee-20b3c020766b@group-6AD5C1E5EF4F-LeaderElection10] INFO  impl.RoleInfo (RoleInfo.java:shutdownLeaderElection(134)) - 25e98bce-f4fb-4d35-beee-20b3c020766b: shutdown LeaderElection
2019-10-22 00:12:51,556 [pool-67-thread-1] INFO  ratis.ContainerStateMachine (ContainerStateMachine.java:loadSnapshot(231)) - group-F01152B53F91: The snapshot info is null. Setting the last applied indexto:(t:0, i:~)
2019-10-22 00:12:51,556 [pool-37-thread-1] INFO  ratis.ContainerStateMachine (ContainerStateMachine.java:loadSnapshot(231)) - group-F01152B53F91: The snapshot info is null. Setting the last applied indexto:(t:0, i:~)
2019-10-22 00:12:51,556 [pool-67-thread-1] INFO  server.RaftServerConfigKeys (ConfUtils.java:logGet(43)) - raft.server.notification.no-leader.timeout = 120s (custom)
2019-10-22 00:12:51,556 [25e98bce-f4fb-4d35-beee-20b3c020766b@group-6AD5C1E5EF4F-LeaderElection10] INFO  impl.RaftServerImpl (RaftServerImpl.java:setRole(184)) - 25e98bce-f4fb-4d35-beee-20b3c020766b@group-6AD5C1E5EF4F: changes role from CANDIDATE to LEADER at term 1 for changeToLeader
2019-10-22 00:12:51,556 [pool-57-thread-1] INFO  ratis.ContainerStateMachine (ContainerStateMachine.java:loadSnapshot(231)) - group-F01152B53F91: The snapshot info is null. Setting the last applied indexto:(t:0, i:~)
2019-10-22 00:12:51,557 [25e98bce-f4fb-4d35-beee-20b3c020766b@group-6AD5C1E5EF4F-LeaderElection10] INFO  impl.RaftServerImpl (ServerState.java:setLeader(256)) - 25e98bce-f4fb-4d35-beee-20b3c020766b@group-6AD5C1E5EF4F: change Leader from null to 25e98bce-f4fb-4d35-beee-20b3c020766b at term 1 for becomeLeader, leader elected after 103ms
2019-10-22 00:12:51,556 [pool-67-thread-1] INFO  server.RaftServerConfigKeys (ConfUtils.java:logGet(43)) - raft.server.log.use.memory = false (default)
2019-10-22 00:12:51,556 [pool-37-thread-1] INFO  server.RaftServerConfigKeys (ConfUtils.java:logGet(43)) - raft.server.notification.no-leader.timeout = 120s (custom)
2019-10-22 00:12:51,564 [pool-67-thread-1] INFO  server.RaftServerConfigKeys (ConfUtils.java:logGet(43)) - raft.server.log.purge.gap = 1000000 (custom)
2019-10-22 00:12:51,564 [25e98bce-f4fb-4d35-beee-20b3c020766b@group-6AD5C1E5EF4F-LeaderElection10] INFO  server.RaftServerConfigKeys (ConfUtils.java:logGet(43)) - raft.server.staging.catchup.gap = 1000 (default)
2019-10-22 00:12:51,557 [pool-57-thread-1] INFO  server.RaftServerConfigKeys (ConfUtils.java:logGet(43)) - raft.server.notification.no-leader.timeout = 120s (custom)
2019-10-22 00:12:51,565 [25e98bce-f4fb-4d35-beee-20b3c020766b@group-6AD5C1E5EF4F-LeaderElection10] INFO  server.RaftServerConfigKeys (ConfUtils.java:logGet(43)) - raft.server.rpc.sleep.time = 25ms (default)
2019-10-22 00:12:51,565 [pool-67-thread-1] INFO  server.RaftServerConfigKeys (ConfUtils.java:logGet(43)) - raft.server.log.appender.buffer.byte-limit = 33554432 (custom)
2019-10-22 00:12:51,564 [pool-37-thread-1] INFO  server.RaftServerConfigKeys (ConfUtils.java:logGet(43)) - raft.server.log.use.memory = false (default)
2019-10-22 00:12:51,565 [pool-67-thread-1] INFO  server.RaftServerConfigKeys (ConfUtils.java:logGet(43)) - raft.server.log.segment.size.max = 1048576 (custom)
2019-10-22 00:12:51,565 [25e98bce-f4fb-4d35-beee-20b3c020766b@group-6AD5C1E5EF4F-LeaderElection10] INFO  server.RaftServerConfigKeys (ConfUtils.java:logGet(43)) - raft.server.write.element-limit = 4096 (default)
2019-10-22 00:12:51,565 [pool-57-thread-1] INFO  server.RaftServerConfigKeys (ConfUtils.java:logGet(43)) - raft.server.log.use.memory = false (default)
2019-10-22 00:12:51,565 [25e98bce-f4fb-4d35-beee-20b3c020766b@group-6AD5C1E5EF4F-LeaderElection10] INFO  server.RaftServerConfigKeys (ConfUtils.java:logGet(43)) - raft.server.watch.timeout = 10s (default)
2019-10-22 00:12:51,565 [pool-67-thread-1] INFO  server.RaftServerConfigKeys (ConfUtils.java:logGet(43)) - raft.server.log.segment.cache.num.max = 2 (custom)
2019-10-22 00:12:51,565 [pool-37-thread-1] INFO  server.RaftServerConfigKeys (ConfUtils.java:logGet(43)) - raft.server.log.purge.gap = 1000000 (custom)
2019-10-22 00:12:51,571 [d521f5b1-4e7b-4169-9688-2112c7da7b1f@group-C33983CA40B5-SegmentedRaftLogWorker] INFO  segmented.SegmentedRaftLogWorker (SegmentedRaftLogWorker.java:execute(576)) - d521f5b1-4e7b-4169-9688-2112c7da7b1f@group-C33983CA40B5-SegmentedRaftLogWorker: created new log segment /workdir/hadoop-ozone/integration-test/target/test-dir/MiniOzoneClusterImpl-8b64dd99-cfc4-48e3-b5ea-61cd2ec80401/datanode-2/data/ratis/d837e21f-59c6-408e-bdad-c33983ca40b5/current/log_inprogress_0
2019-10-22 00:12:51,571 [pool-67-thread-1] INFO  segmented.SegmentedRaftLogWorker (SegmentedRaftLogWorker.java:<init>(173)) - new 062c71de-08d9-40ee-9309-15590e2e8e68@group-F01152B53F91-SegmentedRaftLogWorker for RaftStorage:Storage Directory /workdir/hadoop-ozone/integration-test/target/test-dir/MiniOzoneClusterImpl-8b64dd99-cfc4-48e3-b5ea-61cd2ec80401/datanode-4/data/ratis/f22d20a3-d87d-40a1-b95b-f01152b53f91
2019-10-22 00:12:51,566 [25e98bce-f4fb-4d35-beee-20b3c020766b@group-6AD5C1E5EF4F-LeaderElection10] INFO  server.RaftServerConfigKeys (ConfUtils.java:logGet(43)) - raft.server.watch.timeout.denomination = 1s (default)
2019-10-22 00:12:51,565 [pool-57-thread-1] INFO  server.RaftServerConfigKeys (ConfUtils.java:logGet(43)) - raft.server.log.purge.gap = 1000000 (custom)
2019-10-22 00:12:51,572 [25e98bce-f4fb-4d35-beee-20b3c020766b@group-6AD5C1E5EF4F-LeaderElection10] INFO  server.RaftServerConfigKeys (ConfUtils.java:logGet(43)) - raft.server.watch.element-limit = 65536 (default)
2019-10-22 00:12:51,572 [pool-67-thread-1] INFO  server.RaftServerConfigKeys (ConfUtils.java:logGet(43)) - raft.server.log.queue.byte-limit = 2147483647 (custom)
2019-10-22 00:12:51,572 [pool-37-thread-1] INFO  server.RaftServerConfigKeys (ConfUtils.java:logGet(43)) - raft.server.log.appender.buffer.byte-limit = 33554432 (custom)
2019-10-22 00:12:51,572 [pool-67-thread-1] INFO  server.RaftServerConfigKeys (ConfUtils.java:logGet(43)) - raft.server.log.queue.element-limit = 1024 (custom)
2019-10-22 00:12:51,572 [pool-57-thread-1] INFO  server.RaftServerConfigKeys (ConfUtils.java:logGet(43)) - raft.server.log.appender.buffer.byte-limit = 33554432 (custom)
2019-10-22 00:12:51,572 [pool-37-thread-1] INFO  server.RaftServerConfigKeys (ConfUtils.java:logGet(43)) - raft.server.log.segment.size.max = 1048576 (custom)
2019-10-22 00:12:51,573 [pool-67-thread-1] INFO  server.RaftServerConfigKeys (ConfUtils.java:logGet(43)) - raft.server.log.segment.size.max = 1048576 (custom)
2019-10-22 00:12:51,573 [pool-57-thread-1] INFO  server.RaftServerConfigKeys (ConfUtils.java:logGet(43)) - raft.server.log.segment.size.max = 1048576 (custom)
2019-10-22 00:12:51,573 [pool-67-thread-1] INFO  server.RaftServerConfigKeys (ConfUtils.java:logGet(43)) - raft.server.log.preallocated.size = 16384 (custom)
2019-10-22 00:12:51,573 [pool-37-thread-1] INFO  server.RaftServerConfigKeys (ConfUtils.java:logGet(43)) - raft.server.log.segment.cache.num.max = 2 (custom)
2019-10-22 00:12:51,573 [pool-67-thread-1] INFO  server.RaftServerConfigKeys (ConfUtils.java:logGet(43)) - raft.server.log.write.buffer.size = 33554432 (custom)
2019-10-22 00:12:51,573 [pool-57-thread-1] INFO  server.RaftServerConfigKeys (ConfUtils.java:logGet(43)) - raft.server.log.segment.cache.num.max = 2 (custom)
2019-10-22 00:12:51,573 [pool-67-thread-1] INFO  server.RaftServerConfigKeys (ConfUtils.java:logGet(43)) - raft.server.log.force.sync.num = 128 (default)
2019-10-22 00:12:51,573 [pool-37-thread-1] INFO  segmented.SegmentedRaftLogWorker (SegmentedRaftLogWorker.java:<init>(173)) - new 2fdb3e93-e0d8-400e-8c33-91e2341b50c6@group-F01152B53F91-SegmentedRaftLogWorker for RaftStorage:Storage Directory /workdir/hadoop-ozone/integration-test/target/test-dir/MiniOzoneClusterImpl-8b64dd99-cfc4-48e3-b5ea-61cd2ec80401/datanode-1/data/ratis/f22d20a3-d87d-40a1-b95b-f01152b53f91
2019-10-22 00:12:51,573 [pool-67-thread-1] INFO  server.RaftServerConfigKeys (ConfUtils.java:logGet(43)) - raft.server.log.statemachine.data.sync = true (default)
2019-10-22 00:12:51,573 [pool-57-thread-1] INFO  segmented.SegmentedRaftLogWorker (SegmentedRaftLogWorker.java:<init>(173)) - new 2a52019e-5647-44e1-bf30-9a43fd8a7377@group-F01152B53F91-SegmentedRaftLogWorker for RaftStorage:Storage Directory /workdir/hadoop-ozone/integration-test/target/test-dir/MiniOzoneClusterImpl-8b64dd99-cfc4-48e3-b5ea-61cd2ec80401/datanode-3/data/ratis/f22d20a3-d87d-40a1-b95b-f01152b53f91
2019-10-22 00:12:51,574 [pool-67-thread-1] INFO  server.RaftServerConfigKeys (ConfUtils.java:logGet(43)) - raft.server.log.statemachine.data.sync.timeout = 10s (default)
2019-10-22 00:12:51,573 [pool-37-thread-1] INFO  server.RaftServerConfigKeys (ConfUtils.java:logGet(43)) - raft.server.log.queue.byte-limit = 2147483647 (custom)
2019-10-22 00:12:51,574 [pool-67-thread-1] INFO  server.RaftServerConfigKeys (ConfUtils.java:logGet(43)) - raft.server.log.statemachine.data.sync.timeout.retry = -1 (default)
2019-10-22 00:12:51,574 [25e98bce-f4fb-4d35-beee-20b3c020766b@group-6AD5C1E5EF4F-LeaderElection10] INFO  impl.RoleInfo (RoleInfo.java:updateAndGet(143)) - 25e98bce-f4fb-4d35-beee-20b3c020766b: start LeaderState
2019-10-22 00:12:51,574 [pool-67-thread-1] INFO  server.RaftServerConfigKeys (ConfUtils.java:logGet(43)) - raft.server.log.statemachine.data.caching.enabled = true (custom)
2019-10-22 00:12:51,574 [pool-57-thread-1] INFO  server.RaftServerConfigKeys (ConfUtils.java:logGet(43)) - raft.server.log.queue.byte-limit = 2147483647 (custom)
2019-10-22 00:12:51,582 [25e98bce-f4fb-4d35-beee-20b3c020766b@group-6AD5C1E5EF4F-LeaderElection10] INFO  segmented.SegmentedRaftLogWorker (SegmentedRaftLogWorker.java:startLogSegment(385)) - 25e98bce-f4fb-4d35-beee-20b3c020766b@group-6AD5C1E5EF4F-SegmentedRaftLogWorker: Starting segment from index:0
2019-10-22 00:12:51,582 [pool-57-thread-1] INFO  server.RaftServerConfigKeys (ConfUtils.java:logGet(43)) - raft.server.log.queue.element-limit = 1024 (custom)
2019-10-22 00:12:51,582 [pool-67-thread-1] INFO  segmented.SegmentedRaftLogWorker (SegmentedRaftLogWorker.java:lambda$new$0(128)) - 062c71de-08d9-40ee-9309-15590e2e8e68@group-F01152B53F91-SegmentedRaftLogWorker: flushIndex: setUnconditionally 0 -> -1
2019-10-22 00:12:51,574 [pool-37-thread-1] INFO  server.RaftServerConfigKeys (ConfUtils.java:logGet(43)) - raft.server.log.queue.element-limit = 1024 (custom)
2019-10-22 00:12:51,582 [pool-57-thread-1] INFO  server.RaftServerConfigKeys (ConfUtils.java:logGet(43)) - raft.server.log.segment.size.max = 1048576 (custom)
2019-10-22 00:12:51,583 [25e98bce-f4fb-4d35-beee-20b3c020766b@group-6AD5C1E5EF4F-LeaderElection10] INFO  impl.RaftServerImpl (ServerState.java:setRaftConf(357)) - 25e98bce-f4fb-4d35-beee-20b3c020766b@group-6AD5C1E5EF4F: set configuration 0: [25e98bce-f4fb-4d35-beee-20b3c020766b:192.168.157.254:43271], old=null at 0
2019-10-22 00:12:51,583 [pool-37-thread-1] INFO  server.RaftServerConfigKeys (ConfUtils.java:logGet(43)) - raft.server.log.segment.size.max = 1048576 (custom)
2019-10-22 00:12:51,583 [pool-57-thread-1] INFO  server.RaftServerConfigKeys (ConfUtils.java:logGet(43)) - raft.server.log.preallocated.size = 16384 (custom)
2019-10-22 00:12:51,583 [pool-67-thread-1] INFO  server.RaftServerConfigKeys (ConfUtils.java:logGet(43)) - raft.server.snapshot.auto.trigger.enabled = true (custom)
2019-10-22 00:12:51,614 [pool-57-thread-1] INFO  server.RaftServerConfigKeys (ConfUtils.java:logGet(43)) - raft.server.log.write.buffer.size = 33554432 (custom)
2019-10-22 00:12:51,613 [pool-37-thread-1] INFO  server.RaftServerConfigKeys (ConfUtils.java:logGet(43)) - raft.server.log.preallocated.size = 16384 (custom)
2019-10-22 00:12:51,616 [pool-57-thread-1] INFO  server.RaftServerConfigKeys (ConfUtils.java:logGet(43)) - raft.server.log.force.sync.num = 128 (default)
2019-10-22 00:12:51,614 [pool-67-thread-1] INFO  server.RaftServerConfigKeys (ConfUtils.java:logGet(43)) - raft.server.snapshot.auto.trigger.threshold = 10000 (custom)
2019-10-22 00:12:51,616 [pool-57-thread-1] INFO  server.RaftServerConfigKeys (ConfUtils.java:logGet(43)) - raft.server.log.statemachine.data.sync = true (default)
2019-10-22 00:12:51,616 [pool-37-thread-1] INFO  server.RaftServerConfigKeys (ConfUtils.java:logGet(43)) - raft.server.log.write.buffer.size = 33554432 (custom)
2019-10-22 00:12:51,616 [pool-57-thread-1] INFO  server.RaftServerConfigKeys (ConfUtils.java:logGet(43)) - raft.server.log.statemachine.data.sync.timeout = 10s (default)
2019-10-22 00:12:51,616 [pool-67-thread-1] INFO  server.RaftServerConfigKeys (ConfUtils.java:logGet(43)) - raft.server.snapshot.retention.file.num = 5 (custom)
2019-10-22 00:12:51,617 [pool-57-thread-1] INFO  server.RaftServerConfigKeys (ConfUtils.java:logGet(43)) - raft.server.log.statemachine.data.sync.timeout.retry = -1 (default)
2019-10-22 00:12:51,617 [pool-37-thread-1] INFO  server.RaftServerConfigKeys (ConfUtils.java:logGet(43)) - raft.server.log.force.sync.num = 128 (default)
2019-10-22 00:12:51,617 [pool-57-thread-1] INFO  server.RaftServerConfigKeys (ConfUtils.java:logGet(43)) - raft.server.log.statemachine.data.caching.enabled = true (custom)
2019-10-22 00:12:51,617 [pool-67-thread-1] INFO  server.RaftServerConfigKeys (ConfUtils.java:logGet(43)) - raft.server.retrycache.expirytime = 600000ms (custom)
2019-10-22 00:12:51,618 [pool-57-thread-1] INFO  segmented.SegmentedRaftLogWorker (SegmentedRaftLogWorker.java:lambda$new$0(128)) - 2a52019e-5647-44e1-bf30-9a43fd8a7377@group-F01152B53F91-SegmentedRaftLogWorker: flushIndex: setUnconditionally 0 -> -1
2019-10-22 00:12:51,617 [pool-37-thread-1] INFO  server.RaftServerConfigKeys (ConfUtils.java:logGet(43)) - raft.server.log.statemachine.data.sync = true (default)
2019-10-22 00:12:51,618 [pool-57-thread-1] INFO  server.RaftServerConfigKeys (ConfUtils.java:logGet(43)) - raft.server.snapshot.auto.trigger.enabled = true (custom)
2019-10-22 00:12:51,618 [pool-37-thread-1] INFO  server.RaftServerConfigKeys (ConfUtils.java:logGet(43)) - raft.server.log.statemachine.data.sync.timeout = 10s (default)
2019-10-22 00:12:51,618 [pool-57-thread-1] INFO  server.RaftServerConfigKeys (ConfUtils.java:logGet(43)) - raft.server.snapshot.auto.trigger.threshold = 10000 (custom)
2019-10-22 00:12:51,618 [pool-37-thread-1] INFO  server.RaftServerConfigKeys (ConfUtils.java:logGet(43)) - raft.server.log.statemachine.data.sync.timeout.retry = -1 (default)
2019-10-22 00:12:51,618 [pool-57-thread-1] INFO  server.RaftServerConfigKeys (ConfUtils.java:logGet(43)) - raft.server.snapshot.retention.file.num = 5 (custom)
2019-10-22 00:12:51,619 [pool-37-thread-1] INFO  server.RaftServerConfigKeys (ConfUtils.java:logGet(43)) - raft.server.log.statemachine.data.caching.enabled = true (custom)
2019-10-22 00:12:51,619 [pool-57-thread-1] INFO  server.RaftServerConfigKeys (ConfUtils.java:logGet(43)) - raft.server.retrycache.expirytime = 600000ms (custom)
2019-10-22 00:12:51,619 [pool-37-thread-1] INFO  segmented.SegmentedRaftLogWorker (SegmentedRaftLogWorker.java:lambda$new$0(128)) - 2fdb3e93-e0d8-400e-8c33-91e2341b50c6@group-F01152B53F91-SegmentedRaftLogWorker: flushIndex: setUnconditionally 0 -> -1
2019-10-22 00:12:51,620 [pool-37-thread-1] INFO  server.RaftServerConfigKeys (ConfUtils.java:logGet(43)) - raft.server.snapshot.auto.trigger.enabled = true (custom)
2019-10-22 00:12:51,620 [pool-37-thread-1] INFO  server.RaftServerConfigKeys (ConfUtils.java:logGet(43)) - raft.server.snapshot.auto.trigger.threshold = 10000 (custom)
2019-10-22 00:12:51,620 [pool-37-thread-1] INFO  server.RaftServerConfigKeys (ConfUtils.java:logGet(43)) - raft.server.snapshot.retention.file.num = 5 (custom)
2019-10-22 00:12:51,620 [pool-37-thread-1] INFO  server.RaftServerConfigKeys (ConfUtils.java:logGet(43)) - raft.server.retrycache.expirytime = 600000ms (custom)
2019-10-22 00:12:51,620 [pool-67-thread-1] INFO  impl.RaftServerImpl (RaftServerImpl.java:start(195)) - 062c71de-08d9-40ee-9309-15590e2e8e68@group-F01152B53F91: start as a follower, conf=-1: [2fdb3e93-e0d8-400e-8c33-91e2341b50c6:192.168.157.254:43254, 062c71de-08d9-40ee-9309-15590e2e8e68:192.168.157.254:45598, 2a52019e-5647-44e1-bf30-9a43fd8a7377:192.168.157.254:36038], old=null
2019-10-22 00:12:51,621 [pool-67-thread-1] INFO  impl.RaftServerImpl (RaftServerImpl.java:setRole(184)) - 062c71de-08d9-40ee-9309-15590e2e8e68@group-F01152B53F91: changes role from      null to FOLLOWER at term 0 for startAsFollower
2019-10-22 00:12:51,621 [pool-67-thread-1] INFO  impl.RoleInfo (RoleInfo.java:updateAndGet(143)) - 062c71de-08d9-40ee-9309-15590e2e8e68: start FollowerState
2019-10-22 00:12:51,621 [pool-57-thread-1] INFO  impl.RaftServerImpl (RaftServerImpl.java:start(195)) - 2a52019e-5647-44e1-bf30-9a43fd8a7377@group-F01152B53F91: start as a follower, conf=-1: [2fdb3e93-e0d8-400e-8c33-91e2341b50c6:192.168.157.254:43254, 062c71de-08d9-40ee-9309-15590e2e8e68:192.168.157.254:45598, 2a52019e-5647-44e1-bf30-9a43fd8a7377:192.168.157.254:36038], old=null
2019-10-22 00:12:51,621 [pool-57-thread-1] INFO  impl.RaftServerImpl (RaftServerImpl.java:setRole(184)) - 2a52019e-5647-44e1-bf30-9a43fd8a7377@group-F01152B53F91: changes role from      null to FOLLOWER at term 0 for startAsFollower
2019-10-22 00:12:51,621 [pool-67-thread-1] INFO  util.JmxRegister (JmxRegister.java:tryRegister(44)) - Successfully registered JMX Bean with object name Ratis:service=RaftServer,group=group-F01152B53F91,id=062c71de-08d9-40ee-9309-15590e2e8e68
2019-10-22 00:12:51,622 [pool-57-thread-1] INFO  impl.RoleInfo (RoleInfo.java:updateAndGet(143)) - 2a52019e-5647-44e1-bf30-9a43fd8a7377: start FollowerState
2019-10-22 00:12:51,622 [pool-57-thread-1] INFO  util.JmxRegister (JmxRegister.java:tryRegister(44)) - Successfully registered JMX Bean with object name Ratis:service=RaftServer,group=group-F01152B53F91,id=2a52019e-5647-44e1-bf30-9a43fd8a7377
2019-10-22 00:12:51,623 [pool-37-thread-1] INFO  impl.RaftServerImpl (RaftServerImpl.java:start(195)) - 2fdb3e93-e0d8-400e-8c33-91e2341b50c6@group-F01152B53F91: start as a follower, conf=-1: [2fdb3e93-e0d8-400e-8c33-91e2341b50c6:192.168.157.254:43254, 062c71de-08d9-40ee-9309-15590e2e8e68:192.168.157.254:45598, 2a52019e-5647-44e1-bf30-9a43fd8a7377:192.168.157.254:36038], old=null
2019-10-22 00:12:51,623 [pool-37-thread-1] INFO  impl.RaftServerImpl (RaftServerImpl.java:setRole(184)) - 2fdb3e93-e0d8-400e-8c33-91e2341b50c6@group-F01152B53F91: changes role from      null to FOLLOWER at term 0 for startAsFollower
2019-10-22 00:12:51,623 [pool-37-thread-1] INFO  impl.RoleInfo (RoleInfo.java:updateAndGet(143)) - 2fdb3e93-e0d8-400e-8c33-91e2341b50c6: start FollowerState
2019-10-22 00:12:51,624 [pool-37-thread-1] INFO  util.JmxRegister (JmxRegister.java:tryRegister(44)) - Successfully registered JMX Bean with object name Ratis:service=RaftServer,group=group-F01152B53F91,id=2fdb3e93-e0d8-400e-8c33-91e2341b50c6
2019-10-22 00:12:51,626 [25e98bce-f4fb-4d35-beee-20b3c020766b@group-6AD5C1E5EF4F-SegmentedRaftLogWorker] INFO  segmented.SegmentedRaftLogWorker (SegmentedRaftLogWorker.java:execute(576)) - 25e98bce-f4fb-4d35-beee-20b3c020766b@group-6AD5C1E5EF4F-SegmentedRaftLogWorker: created new log segment /workdir/hadoop-ozone/integration-test/target/test-dir/MiniOzoneClusterImpl-8b64dd99-cfc4-48e3-b5ea-61cd2ec80401/datanode-6/data/ratis/50e722c2-d0a8-4115-87a6-6ad5c1e5ef4f/current/log_inprogress_0
2019-10-22 00:12:51,636 [Thread-338] INFO  impl.FollowerState (FollowerState.java:run(108)) - 062c71de-08d9-40ee-9309-15590e2e8e68@group-F01152B53F91-FollowerState: change to CANDIDATE, lastRpcTime:15ms, electionTimeout:14ms
2019-10-22 00:12:51,636 [Thread-338] INFO  impl.RoleInfo (RoleInfo.java:shutdownFollowerState(121)) - 062c71de-08d9-40ee-9309-15590e2e8e68: shutdown FollowerState
2019-10-22 00:12:51,638 [Thread-338] INFO  impl.RaftServerImpl (RaftServerImpl.java:setRole(184)) - 062c71de-08d9-40ee-9309-15590e2e8e68@group-F01152B53F91: changes role from  FOLLOWER to CANDIDATE at term 0 for changeToCandidate
2019-10-22 00:12:51,643 [Thread-338] INFO  impl.RoleInfo (RoleInfo.java:updateAndGet(143)) - 062c71de-08d9-40ee-9309-15590e2e8e68: start LeaderElection
2019-10-22 00:12:51,649 [RatisPipelineUtilsThread] INFO  pipeline.PipelineStateManager (PipelineStateManager.java:addPipeline(56)) - Created pipeline Pipeline[ Id: f22d20a3-d87d-40a1-b95b-f01152b53f91, Nodes: 2fdb3e93-e0d8-400e-8c33-91e2341b50c6{ip: 192.168.157.254, host: pr-hdds-2343-5q8j9-3338874002, networkLocation: /default-rack, certSerialId: null}062c71de-08d9-40ee-9309-15590e2e8e68{ip: 192.168.157.254, host: pr-hdds-2343-5q8j9-3338874002, networkLocation: /default-rack, certSerialId: null}2a52019e-5647-44e1-bf30-9a43fd8a7377{ip: 192.168.157.254, host: pr-hdds-2343-5q8j9-3338874002, networkLocation: /default-rack, certSerialId: null}, Type:RATIS, Factor:THREE, State:OPEN]
2019-10-22 00:12:51,659 [062c71de-08d9-40ee-9309-15590e2e8e68@group-F01152B53F91-LeaderElection11] INFO  impl.LeaderElection (LeaderElection.java:askForVotes(178)) - 062c71de-08d9-40ee-9309-15590e2e8e68@group-F01152B53F91-LeaderElection11: begin an election at term 1 for -1: [2fdb3e93-e0d8-400e-8c33-91e2341b50c6:192.168.157.254:43254, 062c71de-08d9-40ee-9309-15590e2e8e68:192.168.157.254:45598, 2a52019e-5647-44e1-bf30-9a43fd8a7377:192.168.157.254:36038], old=null
2019-10-22 00:12:51,670 [grpc-default-executor-0] INFO  impl.RaftServerProxy (RaftServerProxy.java:addNew(89)) - 5732e052-e19f-40fe-a104-972211db20fb: addNew group-0045C62F497D:[fad63ceb-ed14-4322-905d-6ef3599ac734:192.168.157.254:39274, 5732e052-e19f-40fe-a104-972211db20fb:192.168.157.254:37262, 1913eeb9-7f58-4aef-bfea-8e00a2a3aadf:192.168.157.254:38825] returns group-0045C62F497D:java.util.concurrent.CompletableFuture@79cbcc22[Not completed]
2019-10-22 00:12:51,672 [grpc-default-executor-1] INFO  impl.RaftServerProxy (RaftServerProxy.java:addNew(89)) - fad63ceb-ed14-4322-905d-6ef3599ac734: addNew group-0045C62F497D:[fad63ceb-ed14-4322-905d-6ef3599ac734:192.168.157.254:39274, 5732e052-e19f-40fe-a104-972211db20fb:192.168.157.254:37262, 1913eeb9-7f58-4aef-bfea-8e00a2a3aadf:192.168.157.254:38825] returns group-0045C62F497D:java.util.concurrent.CompletableFuture@7507f8[Not completed]
2019-10-22 00:12:51,673 [grpc-default-executor-2] INFO  impl.RaftServerProxy (RaftServerProxy.java:addNew(89)) - 1913eeb9-7f58-4aef-bfea-8e00a2a3aadf: addNew group-0045C62F497D:[fad63ceb-ed14-4322-905d-6ef3599ac734:192.168.157.254:39274, 5732e052-e19f-40fe-a104-972211db20fb:192.168.157.254:37262, 1913eeb9-7f58-4aef-bfea-8e00a2a3aadf:192.168.157.254:38825] returns group-0045C62F497D:java.util.concurrent.CompletableFuture@3601bbb1[Not completed]
2019-10-22 00:12:51,674 [pool-77-thread-1] INFO  impl.RaftServerImpl (RaftServerImpl.java:<init>(104)) - 5732e052-e19f-40fe-a104-972211db20fb: new RaftServerImpl for group-0045C62F497D:[fad63ceb-ed14-4322-905d-6ef3599ac734:192.168.157.254:39274, 5732e052-e19f-40fe-a104-972211db20fb:192.168.157.254:37262, 1913eeb9-7f58-4aef-bfea-8e00a2a3aadf:192.168.157.254:38825] with ContainerStateMachine:uninitialized
2019-10-22 00:12:51,674 [pool-77-thread-1] INFO  server.RaftServerConfigKeys (ConfUtils.java:logGet(43)) - raft.server.rpc.timeout.min = 1s (custom)
2019-10-22 00:12:51,674 [pool-77-thread-1] INFO  server.RaftServerConfigKeys (ConfUtils.java:logGet(43)) - raft.server.rpc.timeout.max = 1200ms (custom)
2019-10-22 00:12:51,674 [pool-77-thread-1] INFO  server.RaftServerConfigKeys (ConfUtils.java:logGet(43)) - raft.server.rpcslowness.timeout = 120s (custom)
2019-10-22 00:12:51,674 [pool-77-thread-1] INFO  server.RaftServerConfigKeys (ConfUtils.java:logGet(43)) - raft.server.sleep.deviation.threshold = 300 (default)
2019-10-22 00:12:51,674 [pool-77-thread-1] INFO  server.RaftServerConfigKeys (ConfUtils.java:logGet(43)) - raft.server.log.appender.install.snapshot.enabled = false (custom)
2019-10-22 00:12:51,674 [pool-77-thread-1] INFO  impl.RaftServerImpl (ServerState.java:<init>(103)) - 5732e052-e19f-40fe-a104-972211db20fb@group-0045C62F497D: ConfigurationManager, init=-1: [fad63ceb-ed14-4322-905d-6ef3599ac734:192.168.157.254:39274, 5732e052-e19f-40fe-a104-972211db20fb:192.168.157.254:37262, 1913eeb9-7f58-4aef-bfea-8e00a2a3aadf:192.168.157.254:38825], old=null, confs=<EMPTY_MAP>
2019-10-22 00:12:51,674 [pool-77-thread-1] INFO  server.RaftServerConfigKeys (ConfUtils.java:logGet(43)) - raft.server.storage.dir = [/workdir/hadoop-ozone/integration-test/target/test-dir/MiniOzoneClusterImpl-8b64dd99-cfc4-48e3-b5ea-61cd2ec80401/datanode-5/data/ratis] (custom)
2019-10-22 00:12:51,674 [pool-107-thread-1] INFO  impl.RaftServerImpl (RaftServerImpl.java:<init>(104)) - 1913eeb9-7f58-4aef-bfea-8e00a2a3aadf: new RaftServerImpl for group-0045C62F497D:[fad63ceb-ed14-4322-905d-6ef3599ac734:192.168.157.254:39274, 5732e052-e19f-40fe-a104-972211db20fb:192.168.157.254:37262, 1913eeb9-7f58-4aef-bfea-8e00a2a3aadf:192.168.157.254:38825] with ContainerStateMachine:uninitialized
2019-10-22 00:12:51,675 [pool-77-thread-1] INFO  server.RaftServerConfigKeys (ConfUtils.java:logGet(43)) - raft.server.log.corruption.policy = EXCEPTION (default)
2019-10-22 00:12:51,675 [pool-107-thread-1] INFO  server.RaftServerConfigKeys (ConfUtils.java:logGet(43)) - raft.server.rpc.timeout.min = 1s (custom)
2019-10-22 00:12:51,678 [pool-77-thread-1] INFO  storage.RaftStorageDirectory (RaftStorageDirectory.java:analyzeStorage(246)) - The storage directory /workdir/hadoop-ozone/integration-test/target/test-dir/MiniOzoneClusterImpl-8b64dd99-cfc4-48e3-b5ea-61cd2ec80401/datanode-5/data/ratis/da595827-0818-429d-a28d-0045c62f497d does not exist. Creating ...
2019-10-22 00:12:51,678 [pool-107-thread-1] INFO  server.RaftServerConfigKeys (ConfUtils.java:logGet(43)) - raft.server.rpc.timeout.max = 1200ms (custom)
2019-10-22 00:12:51,678 [pool-117-thread-1] INFO  impl.RaftServerImpl (RaftServerImpl.java:<init>(104)) - fad63ceb-ed14-4322-905d-6ef3599ac734: new RaftServerImpl for group-0045C62F497D:[fad63ceb-ed14-4322-905d-6ef3599ac734:192.168.157.254:39274, 5732e052-e19f-40fe-a104-972211db20fb:192.168.157.254:37262, 1913eeb9-7f58-4aef-bfea-8e00a2a3aadf:192.168.157.254:38825] with ContainerStateMachine:uninitialized
2019-10-22 00:12:51,678 [pool-107-thread-1] INFO  server.RaftServerConfigKeys (ConfUtils.java:logGet(43)) - raft.server.rpcslowness.timeout = 120s (custom)
2019-10-22 00:12:51,678 [pool-117-thread-1] INFO  server.RaftServerConfigKeys (ConfUtils.java:logGet(43)) - raft.server.rpc.timeout.min = 1s (custom)
2019-10-22 00:12:51,678 [pool-107-thread-1] INFO  server.RaftServerConfigKeys (ConfUtils.java:logGet(43)) - raft.server.sleep.deviation.threshold = 300 (default)
2019-10-22 00:12:51,678 [pool-117-thread-1] INFO  server.RaftServerConfigKeys (ConfUtils.java:logGet(43)) - raft.server.rpc.timeout.max = 1200ms (custom)
2019-10-22 00:12:51,678 [pool-107-thread-1] INFO  server.RaftServerConfigKeys (ConfUtils.java:logGet(43)) - raft.server.log.appender.install.snapshot.enabled = false (custom)
2019-10-22 00:12:51,679 [pool-117-thread-1] INFO  server.RaftServerConfigKeys (ConfUtils.java:logGet(43)) - raft.server.rpcslowness.timeout = 120s (custom)
2019-10-22 00:12:51,679 [pool-107-thread-1] INFO  impl.RaftServerImpl (ServerState.java:<init>(103)) - 1913eeb9-7f58-4aef-bfea-8e00a2a3aadf@group-0045C62F497D: ConfigurationManager, init=-1: [fad63ceb-ed14-4322-905d-6ef3599ac734:192.168.157.254:39274, 5732e052-e19f-40fe-a104-972211db20fb:192.168.157.254:37262, 1913eeb9-7f58-4aef-bfea-8e00a2a3aadf:192.168.157.254:38825], old=null, confs=<EMPTY_MAP>
2019-10-22 00:12:51,679 [pool-117-thread-1] INFO  server.RaftServerConfigKeys (ConfUtils.java:logGet(43)) - raft.server.sleep.deviation.threshold = 300 (default)
2019-10-22 00:12:51,679 [pool-117-thread-1] INFO  server.RaftServerConfigKeys (ConfUtils.java:logGet(43)) - raft.server.log.appender.install.snapshot.enabled = false (custom)
2019-10-22 00:12:51,679 [pool-107-thread-1] INFO  server.RaftServerConfigKeys (ConfUtils.java:logGet(43)) - raft.server.storage.dir = [/workdir/hadoop-ozone/integration-test/target/test-dir/MiniOzoneClusterImpl-8b64dd99-cfc4-48e3-b5ea-61cd2ec80401/datanode-8/data/ratis] (custom)
2019-10-22 00:12:51,679 [pool-117-thread-1] INFO  impl.RaftServerImpl (ServerState.java:<init>(103)) - fad63ceb-ed14-4322-905d-6ef3599ac734@group-0045C62F497D: ConfigurationManager, init=-1: [fad63ceb-ed14-4322-905d-6ef3599ac734:192.168.157.254:39274, 5732e052-e19f-40fe-a104-972211db20fb:192.168.157.254:37262, 1913eeb9-7f58-4aef-bfea-8e00a2a3aadf:192.168.157.254:38825], old=null, confs=<EMPTY_MAP>
2019-10-22 00:12:51,679 [pool-107-thread-1] INFO  server.RaftServerConfigKeys (ConfUtils.java:logGet(43)) - raft.server.log.corruption.policy = EXCEPTION (default)
2019-10-22 00:12:51,679 [pool-117-thread-1] INFO  server.RaftServerConfigKeys (ConfUtils.java:logGet(43)) - raft.server.storage.dir = [/workdir/hadoop-ozone/integration-test/target/test-dir/MiniOzoneClusterImpl-8b64dd99-cfc4-48e3-b5ea-61cd2ec80401/datanode-9/data/ratis] (custom)
2019-10-22 00:12:51,680 [pool-107-thread-1] INFO  storage.RaftStorageDirectory (RaftStorageDirectory.java:analyzeStorage(246)) - The storage directory /workdir/hadoop-ozone/integration-test/target/test-dir/MiniOzoneClusterImpl-8b64dd99-cfc4-48e3-b5ea-61cd2ec80401/datanode-8/data/ratis/da595827-0818-429d-a28d-0045c62f497d does not exist. Creating ...
2019-10-22 00:12:51,680 [pool-117-thread-1] INFO  server.RaftServerConfigKeys (ConfUtils.java:logGet(43)) - raft.server.log.corruption.policy = EXCEPTION (default)
2019-10-22 00:12:51,680 [pool-117-thread-1] INFO  storage.RaftStorageDirectory (RaftStorageDirectory.java:analyzeStorage(246)) - The storage directory /workdir/hadoop-ozone/integration-test/target/test-dir/MiniOzoneClusterImpl-8b64dd99-cfc4-48e3-b5ea-61cd2ec80401/datanode-9/data/ratis/da595827-0818-429d-a28d-0045c62f497d does not exist. Creating ...
2019-10-22 00:12:51,692 [grpc-default-executor-1] INFO  impl.RaftServerImpl (RaftServerImpl.java:setRole(184)) - 2fdb3e93-e0d8-400e-8c33-91e2341b50c6@group-F01152B53F91: changes role from  FOLLOWER to FOLLOWER at term 1 for recognizeCandidate:062c71de-08d9-40ee-9309-15590e2e8e68
2019-10-22 00:12:51,692 [pool-117-thread-1] INFO  storage.RaftStorageDirectory (RaftStorageDirectory.java:tryLock(328)) - Lock on /workdir/hadoop-ozone/integration-test/target/test-dir/MiniOzoneClusterImpl-8b64dd99-cfc4-48e3-b5ea-61cd2ec80401/datanode-9/data/ratis/da595827-0818-429d-a28d-0045c62f497d/in_use.lock acquired by nodename 18293@pr-hdds-2343-5q8j9-3338874002
2019-10-22 00:12:51,692 [grpc-default-executor-1] INFO  impl.RoleInfo (RoleInfo.java:shutdownFollowerState(121)) - 2fdb3e93-e0d8-400e-8c33-91e2341b50c6: shutdown FollowerState
2019-10-22 00:12:51,692 [pool-77-thread-1] INFO  storage.RaftStorageDirectory (RaftStorageDirectory.java:tryLock(328)) - Lock on /workdir/hadoop-ozone/integration-test/target/test-dir/MiniOzoneClusterImpl-8b64dd99-cfc4-48e3-b5ea-61cd2ec80401/datanode-5/data/ratis/da595827-0818-429d-a28d-0045c62f497d/in_use.lock acquired by nodename 18293@pr-hdds-2343-5q8j9-3338874002
2019-10-22 00:12:51,692 [Thread-340] INFO  impl.FollowerState (FollowerState.java:run(117)) - 2fdb3e93-e0d8-400e-8c33-91e2341b50c6@group-F01152B53F91-FollowerState was interrupted: java.lang.InterruptedException: sleep interrupted
2019-10-22 00:12:51,692 [pool-107-thread-1] INFO  storage.RaftStorageDirectory (RaftStorageDirectory.java:tryLock(328)) - Lock on /workdir/hadoop-ozone/integration-test/target/test-dir/MiniOzoneClusterImpl-8b64dd99-cfc4-48e3-b5ea-61cd2ec80401/datanode-8/data/ratis/da595827-0818-429d-a28d-0045c62f497d/in_use.lock acquired by nodename 18293@pr-hdds-2343-5q8j9-3338874002
2019-10-22 00:12:51,692 [grpc-default-executor-2] INFO  impl.RaftServerImpl (RaftServerImpl.java:setRole(184)) - 2a52019e-5647-44e1-bf30-9a43fd8a7377@group-F01152B53F91: changes role from  FOLLOWER to FOLLOWER at term 1 for recognizeCandidate:062c71de-08d9-40ee-9309-15590e2e8e68
2019-10-22 00:12:51,692 [grpc-default-executor-1] INFO  impl.RoleInfo (RoleInfo.java:updateAndGet(143)) - 2fdb3e93-e0d8-400e-8c33-91e2341b50c6: start FollowerState
2019-10-22 00:12:51,694 [grpc-default-executor-2] INFO  impl.RoleInfo (RoleInfo.java:shutdownFollowerState(121)) - 2a52019e-5647-44e1-bf30-9a43fd8a7377: shutdown FollowerState
2019-10-22 00:12:51,694 [Thread-339] INFO  impl.FollowerState (FollowerState.java:run(117)) - 2a52019e-5647-44e1-bf30-9a43fd8a7377@group-F01152B53F91-FollowerState was interrupted: java.lang.InterruptedException: sleep interrupted
2019-10-22 00:12:51,694 [grpc-default-executor-2] INFO  impl.RoleInfo (RoleInfo.java:updateAndGet(143)) - 2a52019e-5647-44e1-bf30-9a43fd8a7377: start FollowerState
2019-10-22 00:12:51,707 [pool-77-thread-1] INFO  storage.RaftStorage (RaftStorage.java:format(84)) - Storage directory /workdir/hadoop-ozone/integration-test/target/test-dir/MiniOzoneClusterImpl-8b64dd99-cfc4-48e3-b5ea-61cd2ec80401/datanode-5/data/ratis/da595827-0818-429d-a28d-0045c62f497d has been successfully formatted.
2019-10-22 00:12:51,707 [pool-107-thread-1] INFO  storage.RaftStorage (RaftStorage.java:format(84)) - Storage directory /workdir/hadoop-ozone/integration-test/target/test-dir/MiniOzoneClusterImpl-8b64dd99-cfc4-48e3-b5ea-61cd2ec80401/datanode-8/data/ratis/da595827-0818-429d-a28d-0045c62f497d has been successfully formatted.
2019-10-22 00:12:51,707 [pool-117-thread-1] INFO  storage.RaftStorage (RaftStorage.java:format(84)) - Storage directory /workdir/hadoop-ozone/integration-test/target/test-dir/MiniOzoneClusterImpl-8b64dd99-cfc4-48e3-b5ea-61cd2ec80401/datanode-9/data/ratis/da595827-0818-429d-a28d-0045c62f497d has been successfully formatted.
2019-10-22 00:12:51,708 [pool-77-thread-1] INFO  ratis.ContainerStateMachine (ContainerStateMachine.java:loadSnapshot(231)) - group-0045C62F497D: The snapshot info is null. Setting the last applied indexto:(t:0, i:~)
2019-10-22 00:12:51,708 [pool-107-thread-1] INFO  ratis.ContainerStateMachine (ContainerStateMachine.java:loadSnapshot(231)) - group-0045C62F497D: The snapshot info is null. Setting the last applied indexto:(t:0, i:~)
2019-10-22 00:12:51,708 [pool-77-thread-1] INFO  server.RaftServerConfigKeys (ConfUtils.java:logGet(43)) - raft.server.notification.no-leader.timeout = 120s (custom)
2019-10-22 00:12:51,708 [pool-117-thread-1] INFO  ratis.ContainerStateMachine (ContainerStateMachine.java:loadSnapshot(231)) - group-0045C62F497D: The snapshot info is null. Setting the last applied indexto:(t:0, i:~)
2019-10-22 00:12:51,708 [pool-77-thread-1] INFO  server.RaftServerConfigKeys (ConfUtils.java:logGet(43)) - raft.server.log.use.memory = false (default)
2019-10-22 00:12:51,708 [pool-107-thread-1] INFO  server.RaftServerConfigKeys (ConfUtils.java:logGet(43)) - raft.server.notification.no-leader.timeout = 120s (custom)
2019-10-22 00:12:51,708 [pool-77-thread-1] INFO  server.RaftServerConfigKeys (ConfUtils.java:logGet(43)) - raft.server.log.purge.gap = 1000000 (custom)
2019-10-22 00:12:51,708 [pool-117-thread-1] INFO  server.RaftServerConfigKeys (ConfUtils.java:logGet(43)) - raft.server.notification.no-leader.timeout = 120s (custom)
2019-10-22 00:12:51,708 [pool-77-thread-1] INFO  server.RaftServerConfigKeys (ConfUtils.java:logGet(43)) - raft.server.log.appender.buffer.byte-limit = 33554432 (custom)
2019-10-22 00:12:51,708 [pool-107-thread-1] INFO  server.RaftServerConfigKeys (ConfUtils.java:logGet(43)) - raft.server.log.use.memory = false (default)
2019-10-22 00:12:51,709 [pool-77-thread-1] INFO  server.RaftServerConfigKeys (ConfUtils.java:logGet(43)) - raft.server.log.segment.size.max = 1048576 (custom)
2019-10-22 00:12:51,708 [pool-117-thread-1] INFO  server.RaftServerConfigKeys (ConfUtils.java:logGet(43)) - raft.server.log.use.memory = false (default)
2019-10-22 00:12:51,709 [pool-77-thread-1] INFO  server.RaftServerConfigKeys (ConfUtils.java:logGet(43)) - raft.server.log.segment.cache.num.max = 2 (custom)
2019-10-22 00:12:51,709 [pool-107-thread-1] INFO  server.RaftServerConfigKeys (ConfUtils.java:logGet(43)) - raft.server.log.purge.gap = 1000000 (custom)
2019-10-22 00:12:51,709 [Thread-347] INFO  impl.FollowerState (FollowerState.java:run(108)) - 2fdb3e93-e0d8-400e-8c33-91e2341b50c6@group-F01152B53F91-FollowerState: change to CANDIDATE, lastRpcTime:16ms, electionTimeout:3ms
2019-10-22 00:12:51,709 [pool-107-thread-1] INFO  server.RaftServerConfigKeys (ConfUtils.java:logGet(43)) - raft.server.log.appender.buffer.byte-limit = 33554432 (custom)
2019-10-22 00:12:51,709 [Thread-347] INFO  impl.RoleInfo (RoleInfo.java:shutdownFollowerState(121)) - 2fdb3e93-e0d8-400e-8c33-91e2341b50c6: shutdown FollowerState
2019-10-22 00:12:51,709 [pool-77-thread-1] INFO  segmented.SegmentedRaftLogWorker (SegmentedRaftLogWorker.java:<init>(173)) - new 5732e052-e19f-40fe-a104-972211db20fb@group-0045C62F497D-SegmentedRaftLogWorker for RaftStorage:Storage Directory /workdir/hadoop-ozone/integration-test/target/test-dir/MiniOzoneClusterImpl-8b64dd99-cfc4-48e3-b5ea-61cd2ec80401/datanode-5/data/ratis/da595827-0818-429d-a28d-0045c62f497d
2019-10-22 00:12:51,709 [pool-117-thread-1] INFO  server.RaftServerConfigKeys (ConfUtils.java:logGet(43)) - raft.server.log.purge.gap = 1000000 (custom)
2019-10-22 00:12:51,714 [pool-77-thread-1] INFO  server.RaftServerConfigKeys (ConfUtils.java:logGet(43)) - raft.server.log.queue.byte-limit = 2147483647 (custom)
2019-10-22 00:12:51,710 [Thread-347] INFO  impl.RaftServerImpl (RaftServerImpl.java:setRole(184)) - 2fdb3e93-e0d8-400e-8c33-91e2341b50c6@group-F01152B53F91: changes role from  FOLLOWER to CANDIDATE at term 1 for changeToCandidate
2019-10-22 00:12:51,710 [pool-107-thread-1] INFO  server.RaftServerConfigKeys (ConfUtils.java:logGet(43)) - raft.server.log.segment.size.max = 1048576 (custom)
2019-10-22 00:12:51,726 [Thread-347] INFO  impl.RoleInfo (RoleInfo.java:updateAndGet(143)) - 2fdb3e93-e0d8-400e-8c33-91e2341b50c6: start LeaderElection
2019-10-22 00:12:51,726 [pool-107-thread-1] INFO  server.RaftServerConfigKeys (ConfUtils.java:logGet(43)) - raft.server.log.segment.cache.num.max = 2 (custom)
2019-10-22 00:12:51,714 [pool-77-thread-1] INFO  server.RaftServerConfigKeys (ConfUtils.java:logGet(43)) - raft.server.log.queue.element-limit = 1024 (custom)
2019-10-22 00:12:51,714 [pool-117-thread-1] INFO  server.RaftServerConfigKeys (ConfUtils.java:logGet(43)) - raft.server.log.appender.buffer.byte-limit = 33554432 (custom)
2019-10-22 00:12:51,728 [pool-77-thread-1] INFO  server.RaftServerConfigKeys (ConfUtils.java:logGet(43)) - raft.server.log.segment.size.max = 1048576 (custom)
2019-10-22 00:12:51,726 [pool-107-thread-1] INFO  segmented.SegmentedRaftLogWorker (SegmentedRaftLogWorker.java:<init>(173)) - new 1913eeb9-7f58-4aef-bfea-8e00a2a3aadf@group-0045C62F497D-SegmentedRaftLogWorker for RaftStorage:Storage Directory /workdir/hadoop-ozone/integration-test/target/test-dir/MiniOzoneClusterImpl-8b64dd99-cfc4-48e3-b5ea-61cd2ec80401/datanode-8/data/ratis/da595827-0818-429d-a28d-0045c62f497d
2019-10-22 00:12:51,729 [pool-77-thread-1] INFO  server.RaftServerConfigKeys (ConfUtils.java:logGet(43)) - raft.server.log.preallocated.size = 16384 (custom)
2019-10-22 00:12:51,728 [pool-117-thread-1] INFO  server.RaftServerConfigKeys (ConfUtils.java:logGet(43)) - raft.server.log.segment.size.max = 1048576 (custom)
2019-10-22 00:12:51,729 [pool-77-thread-1] INFO  server.RaftServerConfigKeys (ConfUtils.java:logGet(43)) - raft.server.log.write.buffer.size = 33554432 (custom)
2019-10-22 00:12:51,729 [pool-107-thread-1] INFO  server.RaftServerConfigKeys (ConfUtils.java:logGet(43)) - raft.server.log.queue.byte-limit = 2147483647 (custom)
2019-10-22 00:12:51,729 [pool-77-thread-1] INFO  server.RaftServerConfigKeys (ConfUtils.java:logGet(43)) - raft.server.log.force.sync.num = 128 (default)
2019-10-22 00:12:51,729 [pool-117-thread-1] INFO  server.RaftServerConfigKeys (ConfUtils.java:logGet(43)) - raft.server.log.segment.cache.num.max = 2 (custom)
2019-10-22 00:12:51,730 [062c71de-08d9-40ee-9309-15590e2e8e68@group-F01152B53F91-LeaderElection11] INFO  impl.LeaderElection (LeaderElection.java:logAndReturn(56)) - 062c71de-08d9-40ee-9309-15590e2e8e68@group-F01152B53F91-LeaderElection11: Election TIMEOUT; received 0 response(s) [] and 0 exception(s); 062c71de-08d9-40ee-9309-15590e2e8e68@group-F01152B53F91:t1, leader=null, voted=062c71de-08d9-40ee-9309-15590e2e8e68, raftlog=062c71de-08d9-40ee-9309-15590e2e8e68@group-F01152B53F91-SegmentedRaftLog:OPENED:c-1,f-1,i0, conf=-1: [2fdb3e93-e0d8-400e-8c33-91e2341b50c6:192.168.157.254:43254, 062c71de-08d9-40ee-9309-15590e2e8e68:192.168.157.254:45598, 2a52019e-5647-44e1-bf30-9a43fd8a7377:192.168.157.254:36038], old=null
2019-10-22 00:12:51,730 [pool-77-thread-1] INFO  server.RaftServerConfigKeys (ConfUtils.java:logGet(43)) - raft.server.log.statemachine.data.sync = true (default)
2019-10-22 00:12:51,729 [pool-107-thread-1] INFO  server.RaftServerConfigKeys (ConfUtils.java:logGet(43)) - raft.server.log.queue.element-limit = 1024 (custom)
2019-10-22 00:12:51,732 [pool-77-thread-1] INFO  server.RaftServerConfigKeys (ConfUtils.java:logGet(43)) - raft.server.log.statemachine.data.sync.timeout = 10s (default)
2019-10-22 00:12:51,730 [pool-117-thread-1] INFO  segmented.SegmentedRaftLogWorker (SegmentedRaftLogWorker.java:<init>(173)) - new fad63ceb-ed14-4322-905d-6ef3599ac734@group-0045C62F497D-SegmentedRaftLogWorker for RaftStorage:Storage Directory /workdir/hadoop-ozone/integration-test/target/test-dir/MiniOzoneClusterImpl-8b64dd99-cfc4-48e3-b5ea-61cd2ec80401/datanode-9/data/ratis/da595827-0818-429d-a28d-0045c62f497d
2019-10-22 00:12:51,736 [pool-77-thread-1] INFO  server.RaftServerConfigKeys (ConfUtils.java:logGet(43)) - raft.server.log.statemachine.data.sync.timeout.retry = -1 (default)
2019-10-22 00:12:51,736 [pool-107-thread-1] INFO  server.RaftServerConfigKeys (ConfUtils.java:logGet(43)) - raft.server.log.segment.size.max = 1048576 (custom)
2019-10-22 00:12:51,736 [pool-117-thread-1] INFO  server.RaftServerConfigKeys (ConfUtils.java:logGet(43)) - raft.server.log.queue.byte-limit = 2147483647 (custom)
2019-10-22 00:12:51,736 [pool-107-thread-1] INFO  server.RaftServerConfigKeys (ConfUtils.java:logGet(43)) - raft.server.log.preallocated.size = 16384 (custom)
2019-10-22 00:12:51,736 [pool-77-thread-1] INFO  server.RaftServerConfigKeys (ConfUtils.java:logGet(43)) - raft.server.log.statemachine.data.caching.enabled = true (custom)
2019-10-22 00:12:51,737 [pool-107-thread-1] INFO  server.RaftServerConfigKeys (ConfUtils.java:logGet(43)) - raft.server.log.write.buffer.size = 33554432 (custom)
2019-10-22 00:12:51,737 [pool-117-thread-1] INFO  server.RaftServerConfigKeys (ConfUtils.java:logGet(43)) - raft.server.log.queue.element-limit = 1024 (custom)
2019-10-22 00:12:51,737 [pool-107-thread-1] INFO  server.RaftServerConfigKeys (ConfUtils.java:logGet(43)) - raft.server.log.force.sync.num = 128 (default)
2019-10-22 00:12:51,737 [pool-77-thread-1] INFO  segmented.SegmentedRaftLogWorker (SegmentedRaftLogWorker.java:lambda$new$0(128)) - 5732e052-e19f-40fe-a104-972211db20fb@group-0045C62F497D-SegmentedRaftLogWorker: flushIndex: setUnconditionally 0 -> -1
2019-10-22 00:12:51,737 [pool-117-thread-1] INFO  server.RaftServerConfigKeys (ConfUtils.java:logGet(43)) - raft.server.log.segment.size.max = 1048576 (custom)
2019-10-22 00:12:51,737 [pool-107-thread-1] INFO  server.RaftServerConfigKeys (ConfUtils.java:logGet(43)) - raft.server.log.statemachine.data.sync = true (default)
2019-10-22 00:12:51,738 [pool-77-thread-1] INFO  server.RaftServerConfigKeys (ConfUtils.java:logGet(43)) - raft.server.snapshot.auto.trigger.enabled = true (custom)
2019-10-22 00:12:51,737 [pool-117-thread-1] INFO  server.RaftServerConfigKeys (ConfUtils.java:logGet(43)) - raft.server.log.preallocated.size = 16384 (custom)
2019-10-22 00:12:51,738 [pool-77-thread-1] INFO  server.RaftServerConfigKeys (ConfUtils.java:logGet(43)) - raft.server.snapshot.auto.trigger.threshold = 10000 (custom)
2019-10-22 00:12:51,738 [pool-107-thread-1] INFO  server.RaftServerConfigKeys (ConfUtils.java:logGet(43)) - raft.server.log.statemachine.data.sync.timeout = 10s (default)
2019-10-22 00:12:51,738 [pool-77-thread-1] INFO  server.RaftServerConfigKeys (ConfUtils.java:logGet(43)) - raft.server.snapshot.retention.file.num = 5 (custom)
2019-10-22 00:12:51,738 [pool-117-thread-1] INFO  server.RaftServerConfigKeys (ConfUtils.java:logGet(43)) - raft.server.log.write.buffer.size = 33554432 (custom)
2019-10-22 00:12:51,738 [pool-107-thread-1] INFO  server.RaftServerConfigKeys (ConfUtils.java:logGet(43)) - raft.server.log.statemachine.data.sync.timeout.retry = -1 (default)
2019-10-22 00:12:51,738 [pool-77-thread-1] INFO  server.RaftServerConfigKeys (ConfUtils.java:logGet(43)) - raft.server.retrycache.expirytime = 600000ms (custom)
2019-10-22 00:12:51,738 [pool-117-thread-1] INFO  server.RaftServerConfigKeys (ConfUtils.java:logGet(43)) - raft.server.log.force.sync.num = 128 (default)
2019-10-22 00:12:51,739 [pool-107-thread-1] INFO  server.RaftServerConfigKeys (ConfUtils.java:logGet(43)) - raft.server.log.statemachine.data.caching.enabled = true (custom)
2019-10-22 00:12:51,739 [pool-117-thread-1] INFO  server.RaftServerConfigKeys (ConfUtils.java:logGet(43)) - raft.server.log.statemachine.data.sync = true (default)
2019-10-22 00:12:51,739 [pool-117-thread-1] INFO  server.RaftServerConfigKeys (ConfUtils.java:logGet(43)) - raft.server.log.statemachine.data.sync.timeout = 10s (default)
2019-10-22 00:12:51,739 [pool-117-thread-1] INFO  server.RaftServerConfigKeys (ConfUtils.java:logGet(43)) - raft.server.log.statemachine.data.sync.timeout.retry = -1 (default)
2019-10-22 00:12:51,739 [pool-107-thread-1] INFO  segmented.SegmentedRaftLogWorker (SegmentedRaftLogWorker.java:lambda$new$0(128)) - 1913eeb9-7f58-4aef-bfea-8e00a2a3aadf@group-0045C62F497D-SegmentedRaftLogWorker: flushIndex: setUnconditionally 0 -> -1
2019-10-22 00:12:51,739 [pool-117-thread-1] INFO  server.RaftServerConfigKeys (ConfUtils.java:logGet(43)) - raft.server.log.statemachine.data.caching.enabled = true (custom)
2019-10-22 00:12:51,739 [pool-107-thread-1] INFO  server.RaftServerConfigKeys (ConfUtils.java:logGet(43)) - raft.server.snapshot.auto.trigger.enabled = true (custom)
2019-10-22 00:12:51,740 [pool-107-thread-1] INFO  server.RaftServerConfigKeys (ConfUtils.java:logGet(43)) - raft.server.snapshot.auto.trigger.threshold = 10000 (custom)
2019-10-22 00:12:51,740 [pool-107-thread-1] INFO  server.RaftServerConfigKeys (ConfUtils.java:logGet(43)) - raft.server.snapshot.retention.file.num = 5 (custom)
2019-10-22 00:12:51,740 [pool-107-thread-1] INFO  server.RaftServerConfigKeys (ConfUtils.java:logGet(43)) - raft.server.retrycache.expirytime = 600000ms (custom)
2019-10-22 00:12:51,741 [pool-77-thread-1] INFO  impl.RaftServerImpl (RaftServerImpl.java:start(195)) - 5732e052-e19f-40fe-a104-972211db20fb@group-0045C62F497D: start as a follower, conf=-1: [fad63ceb-ed14-4322-905d-6ef3599ac734:192.168.157.254:39274, 5732e052-e19f-40fe-a104-972211db20fb:192.168.157.254:37262, 1913eeb9-7f58-4aef-bfea-8e00a2a3aadf:192.168.157.254:38825], old=null
2019-10-22 00:12:51,741 [pool-117-thread-1] INFO  segmented.SegmentedRaftLogWorker (SegmentedRaftLogWorker.java:lambda$new$0(128)) - fad63ceb-ed14-4322-905d-6ef3599ac734@group-0045C62F497D-SegmentedRaftLogWorker: flushIndex: setUnconditionally 0 -> -1
2019-10-22 00:12:51,741 [pool-77-thread-1] INFO  impl.RaftServerImpl (RaftServerImpl.java:setRole(184)) - 5732e052-e19f-40fe-a104-972211db20fb@group-0045C62F497D: changes role from      null to FOLLOWER at term 0 for startAsFollower
2019-10-22 00:12:51,742 [pool-117-thread-1] INFO  server.RaftServerConfigKeys (ConfUtils.java:logGet(43)) - raft.server.snapshot.auto.trigger.enabled = true (custom)
2019-10-22 00:12:51,742 [pool-77-thread-1] INFO  impl.RoleInfo (RoleInfo.java:updateAndGet(143)) - 5732e052-e19f-40fe-a104-972211db20fb: start FollowerState
2019-10-22 00:12:51,742 [pool-117-thread-1] INFO  server.RaftServerConfigKeys (ConfUtils.java:logGet(43)) - raft.server.snapshot.auto.trigger.threshold = 10000 (custom)
2019-10-22 00:12:51,742 [pool-117-thread-1] INFO  server.RaftServerConfigKeys (ConfUtils.java:logGet(43)) - raft.server.snapshot.retention.file.num = 5 (custom)
2019-10-22 00:12:51,742 [pool-117-thread-1] INFO  server.RaftServerConfigKeys (ConfUtils.java:logGet(43)) - raft.server.retrycache.expirytime = 600000ms (custom)
2019-10-22 00:12:51,742 [pool-77-thread-1] INFO  util.JmxRegister (JmxRegister.java:tryRegister(44)) - Successfully registered JMX Bean with object name Ratis:service=RaftServer,group=group-0045C62F497D,id=5732e052-e19f-40fe-a104-972211db20fb
2019-10-22 00:12:51,742 [2fdb3e93-e0d8-400e-8c33-91e2341b50c6@group-F01152B53F91-LeaderElection12] INFO  impl.LeaderElection (LeaderElection.java:askForVotes(178)) - 2fdb3e93-e0d8-400e-8c33-91e2341b50c6@group-F01152B53F91-LeaderElection12: begin an election at term 2 for -1: [2fdb3e93-e0d8-400e-8c33-91e2341b50c6:192.168.157.254:43254, 062c71de-08d9-40ee-9309-15590e2e8e68:192.168.157.254:45598, 2a52019e-5647-44e1-bf30-9a43fd8a7377:192.168.157.254:36038], old=null
2019-10-22 00:12:51,742 [062c71de-08d9-40ee-9309-15590e2e8e68@group-F01152B53F91-LeaderElection11] INFO  impl.LeaderElection (LeaderElection.java:askForVotes(178)) - 062c71de-08d9-40ee-9309-15590e2e8e68@group-F01152B53F91-LeaderElection11: begin an election at term 2 for -1: [2fdb3e93-e0d8-400e-8c33-91e2341b50c6:192.168.157.254:43254, 062c71de-08d9-40ee-9309-15590e2e8e68:192.168.157.254:45598, 2a52019e-5647-44e1-bf30-9a43fd8a7377:192.168.157.254:36038], old=null
2019-10-22 00:12:51,743 [pool-107-thread-1] INFO  impl.RaftServerImpl (RaftServerImpl.java:start(195)) - 1913eeb9-7f58-4aef-bfea-8e00a2a3aadf@group-0045C62F497D: start as a follower, conf=-1: [fad63ceb-ed14-4322-905d-6ef3599ac734:192.168.157.254:39274, 5732e052-e19f-40fe-a104-972211db20fb:192.168.157.254:37262, 1913eeb9-7f58-4aef-bfea-8e00a2a3aadf:192.168.157.254:38825], old=null
2019-10-22 00:12:51,744 [pool-107-thread-1] INFO  impl.RaftServerImpl (RaftServerImpl.java:setRole(184)) - 1913eeb9-7f58-4aef-bfea-8e00a2a3aadf@group-0045C62F497D: changes role from      null to FOLLOWER at term 0 for startAsFollower
2019-10-22 00:12:51,751 [pool-107-thread-1] INFO  impl.RoleInfo (RoleInfo.java:updateAndGet(143)) - 1913eeb9-7f58-4aef-bfea-8e00a2a3aadf: start FollowerState
2019-10-22 00:12:51,752 [pool-107-thread-1] INFO  util.JmxRegister (JmxRegister.java:tryRegister(44)) - Successfully registered JMX Bean with object name Ratis:service=RaftServer,group=group-0045C62F497D,id=1913eeb9-7f58-4aef-bfea-8e00a2a3aadf
2019-10-22 00:12:51,762 [pool-117-thread-1] INFO  impl.RaftServerImpl (RaftServerImpl.java:start(195)) - fad63ceb-ed14-4322-905d-6ef3599ac734@group-0045C62F497D: start as a follower, conf=-1: [fad63ceb-ed14-4322-905d-6ef3599ac734:192.168.157.254:39274, 5732e052-e19f-40fe-a104-972211db20fb:192.168.157.254:37262, 1913eeb9-7f58-4aef-bfea-8e00a2a3aadf:192.168.157.254:38825], old=null
2019-10-22 00:12:51,764 [grpc-default-executor-1] INFO  impl.RaftServerImpl (RaftServerImpl.java:setRole(184)) - 2a52019e-5647-44e1-bf30-9a43fd8a7377@group-F01152B53F91: changes role from  FOLLOWER to FOLLOWER at term 2 for recognizeCandidate:062c71de-08d9-40ee-9309-15590e2e8e68
2019-10-22 00:12:51,764 [pool-117-thread-1] INFO  impl.RaftServerImpl (RaftServerImpl.java:setRole(184)) - fad63ceb-ed14-4322-905d-6ef3599ac734@group-0045C62F497D: changes role from      null to FOLLOWER at term 0 for startAsFollower
2019-10-22 00:12:51,764 [grpc-default-executor-1] INFO  impl.RoleInfo (RoleInfo.java:shutdownFollowerState(121)) - 2a52019e-5647-44e1-bf30-9a43fd8a7377: shutdown FollowerState
2019-10-22 00:12:51,764 [pool-117-thread-1] INFO  impl.RoleInfo (RoleInfo.java:updateAndGet(143)) - fad63ceb-ed14-4322-905d-6ef3599ac734: start FollowerState
2019-10-22 00:12:51,764 [Thread-348] INFO  impl.FollowerState (FollowerState.java:run(117)) - 2a52019e-5647-44e1-bf30-9a43fd8a7377@group-F01152B53F91-FollowerState was interrupted: java.lang.InterruptedException: sleep interrupted
2019-10-22 00:12:51,765 [pool-117-thread-1] INFO  util.JmxRegister (JmxRegister.java:tryRegister(44)) - Successfully registered JMX Bean with object name Ratis:service=RaftServer,group=group-0045C62F497D,id=fad63ceb-ed14-4322-905d-6ef3599ac734
2019-10-22 00:12:51,766 [grpc-default-executor-1] INFO  impl.RoleInfo (RoleInfo.java:updateAndGet(143)) - 2a52019e-5647-44e1-bf30-9a43fd8a7377: start FollowerState
2019-10-22 00:12:51,777 [RatisPipelineUtilsThread] INFO  pipeline.PipelineStateManager (PipelineStateManager.java:addPipeline(56)) - Created pipeline Pipeline[ Id: da595827-0818-429d-a28d-0045c62f497d, Nodes: 5732e052-e19f-40fe-a104-972211db20fb{ip: 192.168.157.254, host: pr-hdds-2343-5q8j9-3338874002, networkLocation: /default-rack, certSerialId: null}1913eeb9-7f58-4aef-bfea-8e00a2a3aadf{ip: 192.168.157.254, host: pr-hdds-2343-5q8j9-3338874002, networkLocation: /default-rack, certSerialId: null}fad63ceb-ed14-4322-905d-6ef3599ac734{ip: 192.168.157.254, host: pr-hdds-2343-5q8j9-3338874002, networkLocation: /default-rack, certSerialId: null}, Type:RATIS, Factor:THREE, State:OPEN]
2019-10-22 00:12:51,787 [062c71de-08d9-40ee-9309-15590e2e8e68@group-F01152B53F91-LeaderElection11] INFO  impl.LeaderElection (LeaderElection.java:logAndReturn(56)) - 062c71de-08d9-40ee-9309-15590e2e8e68@group-F01152B53F91-LeaderElection11: Election PASSED; received 2 response(s) [062c71de-08d9-40ee-9309-15590e2e8e68<-2fdb3e93-e0d8-400e-8c33-91e2341b50c6#0:FAIL-t2, 062c71de-08d9-40ee-9309-15590e2e8e68<-2a52019e-5647-44e1-bf30-9a43fd8a7377#0:OK-t2] and 0 exception(s); 062c71de-08d9-40ee-9309-15590e2e8e68@group-F01152B53F91:t2, leader=null, voted=062c71de-08d9-40ee-9309-15590e2e8e68, raftlog=062c71de-08d9-40ee-9309-15590e2e8e68@group-F01152B53F91-SegmentedRaftLog:OPENED:c-1,f-1,i0, conf=-1: [2fdb3e93-e0d8-400e-8c33-91e2341b50c6:192.168.157.254:43254, 062c71de-08d9-40ee-9309-15590e2e8e68:192.168.157.254:45598, 2a52019e-5647-44e1-bf30-9a43fd8a7377:192.168.157.254:36038], old=null
2019-10-22 00:12:51,793 [Thread-359] INFO  impl.FollowerState (FollowerState.java:run(108)) - fad63ceb-ed14-4322-905d-6ef3599ac734@group-0045C62F497D-FollowerState: change to CANDIDATE, lastRpcTime:29ms, electionTimeout:24ms
2019-10-22 00:12:51,795 [062c71de-08d9-40ee-9309-15590e2e8e68@group-F01152B53F91-LeaderElection11] INFO  impl.RoleInfo (RoleInfo.java:shutdownLeaderElection(134)) - 062c71de-08d9-40ee-9309-15590e2e8e68: shutdown LeaderElection
2019-10-22 00:12:51,797 [Thread-359] INFO  impl.RoleInfo (RoleInfo.java:shutdownFollowerState(121)) - fad63ceb-ed14-4322-905d-6ef3599ac734: shutdown FollowerState
2019-10-22 00:12:51,798 [2fdb3e93-e0d8-400e-8c33-91e2341b50c6@group-F01152B53F91-LeaderElection12] INFO  impl.LeaderElection (LeaderElection.java:logAndReturn(56)) - 2fdb3e93-e0d8-400e-8c33-91e2341b50c6@group-F01152B53F91-LeaderElection12: Election TIMEOUT; received 1 response(s) [2fdb3e93-e0d8-400e-8c33-91e2341b50c6<-062c71de-08d9-40ee-9309-15590e2e8e68#0:FAIL-t2] and 0 exception(s); 2fdb3e93-e0d8-400e-8c33-91e2341b50c6@group-F01152B53F91:t2, leader=null, voted=2fdb3e93-e0d8-400e-8c33-91e2341b50c6, raftlog=2fdb3e93-e0d8-400e-8c33-91e2341b50c6@group-F01152B53F91-SegmentedRaftLog:OPENED:c-1,f-1,i0, conf=-1: [2fdb3e93-e0d8-400e-8c33-91e2341b50c6:192.168.157.254:43254, 062c71de-08d9-40ee-9309-15590e2e8e68:192.168.157.254:45598, 2a52019e-5647-44e1-bf30-9a43fd8a7377:192.168.157.254:36038], old=null
2019-10-22 00:12:51,798 [062c71de-08d9-40ee-9309-15590e2e8e68@group-F01152B53F91-LeaderElection11] INFO  impl.RaftServerImpl (RaftServerImpl.java:setRole(184)) - 062c71de-08d9-40ee-9309-15590e2e8e68@group-F01152B53F91: changes role from CANDIDATE to LEADER at term 2 for changeToLeader
2019-10-22 00:12:51,799 [Thread-359] INFO  impl.RaftServerImpl (RaftServerImpl.java:setRole(184)) - fad63ceb-ed14-4322-905d-6ef3599ac734@group-0045C62F497D: changes role from  FOLLOWER to CANDIDATE at term 0 for changeToCandidate
2019-10-22 00:12:51,799 [062c71de-08d9-40ee-9309-15590e2e8e68@group-F01152B53F91-LeaderElection11] INFO  impl.RaftServerImpl (ServerState.java:setLeader(256)) - 062c71de-08d9-40ee-9309-15590e2e8e68@group-F01152B53F91: change Leader from null to 062c71de-08d9-40ee-9309-15590e2e8e68 at term 2 for becomeLeader, leader elected after 242ms
2019-10-22 00:12:51,801 [062c71de-08d9-40ee-9309-15590e2e8e68@group-F01152B53F91-LeaderElection11] INFO  server.RaftServerConfigKeys (ConfUtils.java:logGet(43)) - raft.server.staging.catchup.gap = 1000 (default)
2019-10-22 00:12:51,802 [062c71de-08d9-40ee-9309-15590e2e8e68@group-F01152B53F91-LeaderElection11] INFO  server.RaftServerConfigKeys (ConfUtils.java:logGet(43)) - raft.server.rpc.sleep.time = 25ms (default)
2019-10-22 00:12:51,802 [Thread-359] INFO  impl.RoleInfo (RoleInfo.java:updateAndGet(143)) - fad63ceb-ed14-4322-905d-6ef3599ac734: start LeaderElection
2019-10-22 00:12:51,802 [062c71de-08d9-40ee-9309-15590e2e8e68@group-F01152B53F91-LeaderElection11] INFO  server.RaftServerConfigKeys (ConfUtils.java:logGet(43)) - raft.server.write.element-limit = 4096 (default)
2019-10-22 00:12:51,803 [062c71de-08d9-40ee-9309-15590e2e8e68@group-F01152B53F91-LeaderElection11] INFO  server.RaftServerConfigKeys (ConfUtils.java:logGet(43)) - raft.server.watch.timeout = 10s (default)
2019-10-22 00:12:51,805 [062c71de-08d9-40ee-9309-15590e2e8e68@group-F01152B53F91-LeaderElection11] INFO  server.RaftServerConfigKeys (ConfUtils.java:logGet(43)) - raft.server.watch.timeout.denomination = 1s (default)
2019-10-22 00:12:51,805 [062c71de-08d9-40ee-9309-15590e2e8e68@group-F01152B53F91-LeaderElection11] INFO  server.RaftServerConfigKeys (ConfUtils.java:logGet(43)) - raft.server.watch.element-limit = 65536 (default)
2019-10-22 00:12:51,809 [grpc-default-executor-4] INFO  impl.RaftServerProxy (RaftServerProxy.java:addNew(89)) - 9d453efa-53cb-467a-9eb6-1ab0458610f0: addNew group-597AF0FA787F:[d521f5b1-4e7b-4169-9688-2112c7da7b1f:192.168.157.254:45094, 9d453efa-53cb-467a-9eb6-1ab0458610f0:192.168.157.254:38611, f318eb4e-a4da-4d18-984a-fa4eff1dbce1:192.168.157.254:43586] returns group-597AF0FA787F:java.util.concurrent.CompletableFuture@379fcdfb[Not completed]
2019-10-22 00:12:51,811 [grpc-default-executor-3] INFO  impl.RaftServerProxy (RaftServerProxy.java:addNew(89)) - f318eb4e-a4da-4d18-984a-fa4eff1dbce1: addNew group-597AF0FA787F:[d521f5b1-4e7b-4169-9688-2112c7da7b1f:192.168.157.254:45094, 9d453efa-53cb-467a-9eb6-1ab0458610f0:192.168.157.254:38611, f318eb4e-a4da-4d18-984a-fa4eff1dbce1:192.168.157.254:43586] returns group-597AF0FA787F:java.util.concurrent.CompletableFuture@1b0906e5[Not completed]
2019-10-22 00:12:51,814 [062c71de-08d9-40ee-9309-15590e2e8e68@group-F01152B53F91-LeaderElection11] INFO  server.RaftServerConfigKeys (ConfUtils.java:logGet(43)) - raft.server.log.appender.snapshot.chunk.size.max = 16MB (=16777216) (default)
2019-10-22 00:12:51,814 [grpc-default-executor-4] INFO  impl.RaftServerProxy (RaftServerProxy.java:addNew(89)) - d521f5b1-4e7b-4169-9688-2112c7da7b1f: addNew group-597AF0FA787F:[d521f5b1-4e7b-4169-9688-2112c7da7b1f:192.168.157.254:45094, 9d453efa-53cb-467a-9eb6-1ab0458610f0:192.168.157.254:38611, f318eb4e-a4da-4d18-984a-fa4eff1dbce1:192.168.157.254:43586] returns group-597AF0FA787F:java.util.concurrent.CompletableFuture@33a04fd0[Not completed]
2019-10-22 00:12:51,814 [062c71de-08d9-40ee-9309-15590e2e8e68@group-F01152B53F91-LeaderElection11] INFO  server.RaftServerConfigKeys (ConfUtils.java:logGet(43)) - raft.server.log.appender.buffer.byte-limit = 33554432 (custom)
2019-10-22 00:12:51,815 [062c71de-08d9-40ee-9309-15590e2e8e68@group-F01152B53F91-LeaderElection11] INFO  server.RaftServerConfigKeys (ConfUtils.java:logGet(43)) - raft.server.log.appender.buffer.element-limit = 1 (custom)
2019-10-22 00:12:51,815 [pool-27-thread-1] INFO  impl.RaftServerImpl (RaftServerImpl.java:<init>(104)) - 9d453efa-53cb-467a-9eb6-1ab0458610f0: new RaftServerImpl for group-597AF0FA787F:[d521f5b1-4e7b-4169-9688-2112c7da7b1f:192.168.157.254:45094, 9d453efa-53cb-467a-9eb6-1ab0458610f0:192.168.157.254:38611, f318eb4e-a4da-4d18-984a-fa4eff1dbce1:192.168.157.254:43586] with ContainerStateMachine:uninitialized
2019-10-22 00:12:51,815 [pool-27-thread-1] INFO  server.RaftServerConfigKeys (ConfUtils.java:logGet(43)) - raft.server.rpc.timeout.min = 1s (custom)
2019-10-22 00:12:51,815 [pool-27-thread-1] INFO  server.RaftServerConfigKeys (ConfUtils.java:logGet(43)) - raft.server.rpc.timeout.max = 1200ms (custom)
2019-10-22 00:12:51,815 [pool-27-thread-1] INFO  server.RaftServerConfigKeys (ConfUtils.java:logGet(43)) - raft.server.rpcslowness.timeout = 120s (custom)
2019-10-22 00:12:51,815 [pool-27-thread-1] INFO  server.RaftServerConfigKeys (ConfUtils.java:logGet(43)) - raft.server.sleep.deviation.threshold = 300 (default)
2019-10-22 00:12:51,815 [pool-47-thread-1] INFO  impl.RaftServerImpl (RaftServerImpl.java:<init>(104)) - d521f5b1-4e7b-4169-9688-2112c7da7b1f: new RaftServerImpl for group-597AF0FA787F:[d521f5b1-4e7b-4169-9688-2112c7da7b1f:192.168.157.254:45094, 9d453efa-53cb-467a-9eb6-1ab0458610f0:192.168.157.254:38611, f318eb4e-a4da-4d18-984a-fa4eff1dbce1:192.168.157.254:43586] with ContainerStateMachine:uninitialized
2019-10-22 00:12:51,816 [pool-27-thread-1] INFO  server.RaftServerConfigKeys (ConfUtils.java:logGet(43)) - raft.server.log.appender.install.snapshot.enabled = false (custom)
2019-10-22 00:12:51,816 [pool-47-thread-1] INFO  server.RaftServerConfigKeys (ConfUtils.java:logGet(43)) - raft.server.rpc.timeout.min = 1s (custom)
2019-10-22 00:12:51,816 [fad63ceb-ed14-4322-905d-6ef3599ac734@group-0045C62F497D-LeaderElection13] INFO  impl.LeaderElection (LeaderElection.java:askForVotes(178)) - fad63ceb-ed14-4322-905d-6ef3599ac734@group-0045C62F497D-LeaderElection13: begin an election at term 1 for -1: [fad63ceb-ed14-4322-905d-6ef3599ac734:192.168.157.254:39274, 5732e052-e19f-40fe-a104-972211db20fb:192.168.157.254:37262, 1913eeb9-7f58-4aef-bfea-8e00a2a3aadf:192.168.157.254:38825], old=null
2019-10-22 00:12:51,816 [2fdb3e93-e0d8-400e-8c33-91e2341b50c6@group-F01152B53F91-LeaderElection12] INFO  impl.LeaderElection (LeaderElection.java:askForVotes(178)) - 2fdb3e93-e0d8-400e-8c33-91e2341b50c6@group-F01152B53F91-LeaderElection12: begin an election at term 3 for -1: [2fdb3e93-e0d8-400e-8c33-91e2341b50c6:192.168.157.254:43254, 062c71de-08d9-40ee-9309-15590e2e8e68:192.168.157.254:45598, 2a52019e-5647-44e1-bf30-9a43fd8a7377:192.168.157.254:36038], old=null
2019-10-22 00:12:51,816 [pool-47-thread-1] INFO  server.RaftServerConfigKeys (ConfUtils.java:logGet(43)) - raft.server.rpc.timeout.max = 1200ms (custom)
2019-10-22 00:12:51,816 [pool-27-thread-1] INFO  impl.RaftServerImpl (ServerState.java:<init>(103)) - 9d453efa-53cb-467a-9eb6-1ab0458610f0@group-597AF0FA787F: ConfigurationManager, init=-1: [d521f5b1-4e7b-4169-9688-2112c7da7b1f:192.168.157.254:45094, 9d453efa-53cb-467a-9eb6-1ab0458610f0:192.168.157.254:38611, f318eb4e-a4da-4d18-984a-fa4eff1dbce1:192.168.157.254:43586], old=null, confs=<EMPTY_MAP>
2019-10-22 00:12:51,816 [pool-97-thread-1] INFO  impl.RaftServerImpl (RaftServerImpl.java:<init>(104)) - f318eb4e-a4da-4d18-984a-fa4eff1dbce1: new RaftServerImpl for group-597AF0FA787F:[d521f5b1-4e7b-4169-9688-2112c7da7b1f:192.168.157.254:45094, 9d453efa-53cb-467a-9eb6-1ab0458610f0:192.168.157.254:38611, f318eb4e-a4da-4d18-984a-fa4eff1dbce1:192.168.157.254:43586] with ContainerStateMachine:uninitialized
2019-10-22 00:12:51,816 [pool-47-thread-1] INFO  server.RaftServerConfigKeys (ConfUtils.java:logGet(43)) - raft.server.rpcslowness.timeout = 120s (custom)
2019-10-22 00:12:51,816 [pool-27-thread-1] INFO  server.RaftServerConfigKeys (ConfUtils.java:logGet(43)) - raft.server.storage.dir = [/workdir/hadoop-ozone/integration-test/target/test-dir/MiniOzoneClusterImpl-8b64dd99-cfc4-48e3-b5ea-61cd2ec80401/datanode-0/data/ratis] (custom)
2019-10-22 00:12:51,816 [pool-97-thread-1] INFO  server.RaftServerConfigKeys (ConfUtils.java:logGet(43)) - raft.server.rpc.timeout.min = 1s (custom)
2019-10-22 00:12:51,817 [pool-47-thread-1] INFO  server.RaftServerConfigKeys (ConfUtils.java:logGet(43)) - raft.server.sleep.deviation.threshold = 300 (default)
2019-10-22 00:12:51,817 [pool-97-thread-1] INFO  server.RaftServerConfigKeys (ConfUtils.java:logGet(43)) - raft.server.rpc.timeout.max = 1200ms (custom)
2019-10-22 00:12:51,818 [Thread-360] INFO  impl.FollowerState (FollowerState.java:run(108)) - 2a52019e-5647-44e1-bf30-9a43fd8a7377@group-F01152B53F91-FollowerState: change to CANDIDATE, lastRpcTime:53ms, electionTimeout:51ms
2019-10-22 00:12:51,817 [pool-47-thread-1] INFO  server.RaftServerConfigKeys (ConfUtils.java:logGet(43)) - raft.server.log.appender.install.snapshot.enabled = false (custom)
2019-10-22 00:12:51,817 [pool-27-thread-1] INFO  server.RaftServerConfigKeys (ConfUtils.java:logGet(43)) - raft.server.log.corruption.policy = EXCEPTION (default)
2019-10-22 00:12:51,820 [062c71de-08d9-40ee-9309-15590e2e8e68@group-F01152B53F91-LeaderElection11] INFO  grpc.GrpcConfigKeys$Server (ConfUtils.java:logGet(43)) - raft.grpc.server.leader.outstanding.appends.max = 128 (default)
2019-10-22 00:12:51,827 [pool-27-thread-1] INFO  storage.RaftStorageDirectory (RaftStorageDirectory.java:analyzeStorage(246)) - The storage directory /workdir/hadoop-ozone/integration-test/target/test-dir/MiniOzoneClusterImpl-8b64dd99-cfc4-48e3-b5ea-61cd2ec80401/datanode-0/data/ratis/2f946d77-7a03-43ca-aa29-597af0fa787f does not exist. Creating ...
2019-10-22 00:12:51,820 [Thread-360] INFO  impl.RoleInfo (RoleInfo.java:shutdownFollowerState(121)) - 2a52019e-5647-44e1-bf30-9a43fd8a7377: shutdown FollowerState
2019-10-22 00:12:51,820 [pool-47-thread-1] INFO  impl.RaftServerImpl (ServerState.java:<init>(103)) - d521f5b1-4e7b-4169-9688-2112c7da7b1f@group-597AF0FA787F: ConfigurationManager, init=-1: [d521f5b1-4e7b-4169-9688-2112c7da7b1f:192.168.157.254:45094, 9d453efa-53cb-467a-9eb6-1ab0458610f0:192.168.157.254:38611, f318eb4e-a4da-4d18-984a-fa4eff1dbce1:192.168.157.254:43586], old=null, confs=<EMPTY_MAP>
2019-10-22 00:12:51,819 [pool-97-thread-1] INFO  server.RaftServerConfigKeys (ConfUtils.java:logGet(43)) - raft.server.rpcslowness.timeout = 120s (custom)
2019-10-22 00:12:51,827 [Thread-360] INFO  impl.RaftServerImpl (RaftServerImpl.java:setRole(184)) - 2a52019e-5647-44e1-bf30-9a43fd8a7377@group-F01152B53F91: changes role from  FOLLOWER to CANDIDATE at term 2 for changeToCandidate
2019-10-22 00:12:51,827 [062c71de-08d9-40ee-9309-15590e2e8e68@group-F01152B53F91-LeaderElection11] INFO  server.RaftServerConfigKeys (ConfUtils.java:logGet(43)) - raft.server.rpc.request.timeout = 3000ms (default)
2019-10-22 00:12:51,828 [pool-97-thread-1] INFO  server.RaftServerConfigKeys (ConfUtils.java:logGet(43)) - raft.server.sleep.deviation.threshold = 300 (default)
2019-10-22 00:12:51,828 [pool-47-thread-1] INFO  server.RaftServerConfigKeys (ConfUtils.java:logGet(43)) - raft.server.storage.dir = [/workdir/hadoop-ozone/integration-test/target/test-dir/MiniOzoneClusterImpl-8b64dd99-cfc4-48e3-b5ea-61cd2ec80401/datanode-2/data/ratis] (custom)
2019-10-22 00:12:51,828 [pool-97-thread-1] INFO  server.RaftServerConfigKeys (ConfUtils.java:logGet(43)) - raft.server.log.appender.install.snapshot.enabled = false (custom)
2019-10-22 00:12:51,828 [062c71de-08d9-40ee-9309-15590e2e8e68@group-F01152B53F91-LeaderElection11] INFO  server.RaftServerConfigKeys (ConfUtils.java:logGet(43)) - raft.server.log.appender.install.snapshot.enabled = false (custom)
2019-10-22 00:12:51,828 [Thread-360] INFO  impl.RoleInfo (RoleInfo.java:updateAndGet(143)) - 2a52019e-5647-44e1-bf30-9a43fd8a7377: start LeaderElection
2019-10-22 00:12:51,828 [pool-47-thread-1] INFO  server.RaftServerConfigKeys (ConfUtils.java:logGet(43)) - raft.server.log.corruption.policy = EXCEPTION (default)
2019-10-22 00:12:51,828 [pool-97-thread-1] INFO  impl.RaftServerImpl (ServerState.java:<init>(103)) - f318eb4e-a4da-4d18-984a-fa4eff1dbce1@group-597AF0FA787F: ConfigurationManager, init=-1: [d521f5b1-4e7b-4169-9688-2112c7da7b1f:192.168.157.254:45094, 9d453efa-53cb-467a-9eb6-1ab0458610f0:192.168.157.254:38611, f318eb4e-a4da-4d18-984a-fa4eff1dbce1:192.168.157.254:43586], old=null, confs=<EMPTY_MAP>
2019-10-22 00:12:51,831 [pool-47-thread-1] INFO  storage.RaftStorageDirectory (RaftStorageDirectory.java:analyzeStorage(246)) - The storage directory /workdir/hadoop-ozone/integration-test/target/test-dir/MiniOzoneClusterImpl-8b64dd99-cfc4-48e3-b5ea-61cd2ec80401/datanode-2/data/ratis/2f946d77-7a03-43ca-aa29-597af0fa787f does not exist. Creating ...
2019-10-22 00:12:51,831 [pool-97-thread-1] INFO  server.RaftServerConfigKeys (ConfUtils.java:logGet(43)) - raft.server.storage.dir = [/workdir/hadoop-ozone/integration-test/target/test-dir/MiniOzoneClusterImpl-8b64dd99-cfc4-48e3-b5ea-61cd2ec80401/datanode-7/data/ratis] (custom)
2019-10-22 00:12:51,834 [Thread-358] INFO  impl.FollowerState (FollowerState.java:run(108)) - 1913eeb9-7f58-4aef-bfea-8e00a2a3aadf@group-0045C62F497D-FollowerState: change to CANDIDATE, lastRpcTime:82ms, electionTimeout:82ms
2019-10-22 00:12:51,834 [Thread-358] INFO  impl.RoleInfo (RoleInfo.java:shutdownFollowerState(121)) - 1913eeb9-7f58-4aef-bfea-8e00a2a3aadf: shutdown FollowerState
2019-10-22 00:12:51,834 [pool-97-thread-1] INFO  server.RaftServerConfigKeys (ConfUtils.java:logGet(43)) - raft.server.log.corruption.policy = EXCEPTION (default)
2019-10-22 00:12:51,834 [Thread-358] INFO  impl.RaftServerImpl (RaftServerImpl.java:setRole(184)) - 1913eeb9-7f58-4aef-bfea-8e00a2a3aadf@group-0045C62F497D: changes role from  FOLLOWER to CANDIDATE at term 0 for changeToCandidate
2019-10-22 00:12:51,834 [pool-97-thread-1] INFO  storage.RaftStorageDirectory (RaftStorageDirectory.java:analyzeStorage(246)) - The storage directory /workdir/hadoop-ozone/integration-test/target/test-dir/MiniOzoneClusterImpl-8b64dd99-cfc4-48e3-b5ea-61cd2ec80401/datanode-7/data/ratis/2f946d77-7a03-43ca-aa29-597af0fa787f does not exist. Creating ...
2019-10-22 00:12:51,835 [Thread-358] INFO  impl.RoleInfo (RoleInfo.java:updateAndGet(143)) - 1913eeb9-7f58-4aef-bfea-8e00a2a3aadf: start LeaderElection
2019-10-22 00:12:51,841 [pool-27-thread-1] INFO  storage.RaftStorageDirectory (RaftStorageDirectory.java:tryLock(328)) - Lock on /workdir/hadoop-ozone/integration-test/target/test-dir/MiniOzoneClusterImpl-8b64dd99-cfc4-48e3-b5ea-61cd2ec80401/datanode-0/data/ratis/2f946d77-7a03-43ca-aa29-597af0fa787f/in_use.lock acquired by nodename 18293@pr-hdds-2343-5q8j9-3338874002
2019-10-22 00:12:51,841 [pool-97-thread-1] INFO  storage.RaftStorageDirectory (RaftStorageDirectory.java:tryLock(328)) - Lock on /workdir/hadoop-ozone/integration-test/target/test-dir/MiniOzoneClusterImpl-8b64dd99-cfc4-48e3-b5ea-61cd2ec80401/datanode-7/data/ratis/2f946d77-7a03-43ca-aa29-597af0fa787f/in_use.lock acquired by nodename 18293@pr-hdds-2343-5q8j9-3338874002
2019-10-22 00:12:51,841 [pool-47-thread-1] INFO  storage.RaftStorageDirectory (RaftStorageDirectory.java:tryLock(328)) - Lock on /workdir/hadoop-ozone/integration-test/target/test-dir/MiniOzoneClusterImpl-8b64dd99-cfc4-48e3-b5ea-61cd2ec80401/datanode-2/data/ratis/2f946d77-7a03-43ca-aa29-597af0fa787f/in_use.lock acquired by nodename 18293@pr-hdds-2343-5q8j9-3338874002
2019-10-22 00:12:51,841 [2a52019e-5647-44e1-bf30-9a43fd8a7377@group-F01152B53F91-LeaderElection14] INFO  impl.LeaderElection (LeaderElection.java:askForVotes(178)) - 2a52019e-5647-44e1-bf30-9a43fd8a7377@group-F01152B53F91-LeaderElection14: begin an election at term 3 for -1: [2fdb3e93-e0d8-400e-8c33-91e2341b50c6:192.168.157.254:43254, 062c71de-08d9-40ee-9309-15590e2e8e68:192.168.157.254:45598, 2a52019e-5647-44e1-bf30-9a43fd8a7377:192.168.157.254:36038], old=null
2019-10-22 00:12:51,844 [grpc-default-executor-0] INFO  impl.RaftServerImpl (RaftServerImpl.java:setRole(184)) - 5732e052-e19f-40fe-a104-972211db20fb@group-0045C62F497D: changes role from  FOLLOWER to FOLLOWER at term 1 for recognizeCandidate:fad63ceb-ed14-4322-905d-6ef3599ac734
2019-10-22 00:12:51,844 [grpc-default-executor-0] INFO  impl.RoleInfo (RoleInfo.java:shutdownFollowerState(121)) - 5732e052-e19f-40fe-a104-972211db20fb: shutdown FollowerState
2019-10-22 00:12:51,844 [Thread-352] INFO  impl.FollowerState (FollowerState.java:run(117)) - 5732e052-e19f-40fe-a104-972211db20fb@group-0045C62F497D-FollowerState was interrupted: java.lang.InterruptedException: sleep interrupted
2019-10-22 00:12:51,844 [062c71de-08d9-40ee-9309-15590e2e8e68@group-F01152B53F91-LeaderElection11] INFO  server.RaftServerConfigKeys (ConfUtils.java:logGet(43)) - raft.server.log.appender.snapshot.chunk.size.max = 16MB (=16777216) (default)
2019-10-22 00:12:51,844 [grpc-default-executor-0] INFO  impl.RoleInfo (RoleInfo.java:updateAndGet(143)) - 5732e052-e19f-40fe-a104-972211db20fb: start FollowerState
2019-10-22 00:12:51,846 [062c71de-08d9-40ee-9309-15590e2e8e68@group-F01152B53F91-LeaderElection11] INFO  server.RaftServerConfigKeys (ConfUtils.java:logGet(43)) - raft.server.log.appender.buffer.byte-limit = 33554432 (custom)
2019-10-22 00:12:51,846 [062c71de-08d9-40ee-9309-15590e2e8e68@group-F01152B53F91-LeaderElection11] INFO  server.RaftServerConfigKeys (ConfUtils.java:logGet(43)) - raft.server.log.appender.buffer.element-limit = 1 (custom)
2019-10-22 00:12:51,847 [062c71de-08d9-40ee-9309-15590e2e8e68@group-F01152B53F91-LeaderElection11] INFO  grpc.GrpcConfigKeys$Server (ConfUtils.java:logGet(43)) - raft.grpc.server.leader.outstanding.appends.max = 128 (default)
2019-10-22 00:12:51,847 [062c71de-08d9-40ee-9309-15590e2e8e68@group-F01152B53F91-LeaderElection11] INFO  server.RaftServerConfigKeys (ConfUtils.java:logGet(43)) - raft.server.rpc.request.timeout = 3000ms (default)
2019-10-22 00:12:51,847 [2a52019e-5647-44e1-bf30-9a43fd8a7377@group-F01152B53F91-LeaderElection14] INFO  impl.LeaderElection (LeaderElection.java:logAndReturn(56)) - 2a52019e-5647-44e1-bf30-9a43fd8a7377@group-F01152B53F91-LeaderElection14: Election TIMEOUT; received 0 response(s) [] and 0 exception(s); 2a52019e-5647-44e1-bf30-9a43fd8a7377@group-F01152B53F91:t3, leader=null, voted=2a52019e-5647-44e1-bf30-9a43fd8a7377, raftlog=2a52019e-5647-44e1-bf30-9a43fd8a7377@group-F01152B53F91-SegmentedRaftLog:OPENED:c-1,f-1,i0, conf=-1: [2fdb3e93-e0d8-400e-8c33-91e2341b50c6:192.168.157.254:43254, 062c71de-08d9-40ee-9309-15590e2e8e68:192.168.157.254:45598, 2a52019e-5647-44e1-bf30-9a43fd8a7377:192.168.157.254:36038], old=null
2019-10-22 00:12:51,847 [062c71de-08d9-40ee-9309-15590e2e8e68@group-F01152B53F91-LeaderElection11] INFO  server.RaftServerConfigKeys (ConfUtils.java:logGet(43)) - raft.server.log.appender.install.snapshot.enabled = false (custom)
2019-10-22 00:12:51,856 [pool-97-thread-1] INFO  storage.RaftStorage (RaftStorage.java:format(84)) - Storage directory /workdir/hadoop-ozone/integration-test/target/test-dir/MiniOzoneClusterImpl-8b64dd99-cfc4-48e3-b5ea-61cd2ec80401/datanode-7/data/ratis/2f946d77-7a03-43ca-aa29-597af0fa787f has been successfully formatted.
2019-10-22 00:12:51,857 [pool-27-thread-1] INFO  storage.RaftStorage (RaftStorage.java:format(84)) - Storage directory /workdir/hadoop-ozone/integration-test/target/test-dir/MiniOzoneClusterImpl-8b64dd99-cfc4-48e3-b5ea-61cd2ec80401/datanode-0/data/ratis/2f946d77-7a03-43ca-aa29-597af0fa787f has been successfully formatted.
2019-10-22 00:12:51,857 [1913eeb9-7f58-4aef-bfea-8e00a2a3aadf@group-0045C62F497D-LeaderElection15] INFO  impl.LeaderElection (LeaderElection.java:askForVotes(178)) - 1913eeb9-7f58-4aef-bfea-8e00a2a3aadf@group-0045C62F497D-LeaderElection15: begin an election at term 1 for -1: [fad63ceb-ed14-4322-905d-6ef3599ac734:192.168.157.254:39274, 5732e052-e19f-40fe-a104-972211db20fb:192.168.157.254:37262, 1913eeb9-7f58-4aef-bfea-8e00a2a3aadf:192.168.157.254:38825], old=null
2019-10-22 00:12:51,857 [2a52019e-5647-44e1-bf30-9a43fd8a7377@group-F01152B53F91-LeaderElection14] INFO  impl.LeaderElection (LeaderElection.java:askForVotes(178)) - 2a52019e-5647-44e1-bf30-9a43fd8a7377@group-F01152B53F91-LeaderElection14: begin an election at term 4 for -1: [2fdb3e93-e0d8-400e-8c33-91e2341b50c6:192.168.157.254:43254, 062c71de-08d9-40ee-9309-15590e2e8e68:192.168.157.254:45598, 2a52019e-5647-44e1-bf30-9a43fd8a7377:192.168.157.254:36038], old=null
2019-10-22 00:12:51,857 [pool-47-thread-1] INFO  storage.RaftStorage (RaftStorage.java:format(84)) - Storage directory /workdir/hadoop-ozone/integration-test/target/test-dir/MiniOzoneClusterImpl-8b64dd99-cfc4-48e3-b5ea-61cd2ec80401/datanode-2/data/ratis/2f946d77-7a03-43ca-aa29-597af0fa787f has been successfully formatted.
2019-10-22 00:12:51,857 [pool-97-thread-1] INFO  ratis.ContainerStateMachine (ContainerStateMachine.java:loadSnapshot(231)) - group-597AF0FA787F: The snapshot info is null. Setting the last applied indexto:(t:0, i:~)
2019-10-22 00:12:51,857 [pool-27-thread-1] INFO  ratis.ContainerStateMachine (ContainerStateMachine.java:loadSnapshot(231)) - group-597AF0FA787F: The snapshot info is null. Setting the last applied indexto:(t:0, i:~)
2019-10-22 00:12:51,858 [pool-97-thread-1] INFO  server.RaftServerConfigKeys (ConfUtils.java:logGet(43)) - raft.server.notification.no-leader.timeout = 120s (custom)
2019-10-22 00:12:51,858 [pool-47-thread-1] INFO  ratis.ContainerStateMachine (ContainerStateMachine.java:loadSnapshot(231)) - group-597AF0FA787F: The snapshot info is null. Setting the last applied indexto:(t:0, i:~)
2019-10-22 00:12:51,858 [pool-97-thread-1] INFO  server.RaftServerConfigKeys (ConfUtils.java:logGet(43)) - raft.server.log.use.memory = false (default)
2019-10-22 00:12:51,858 [pool-27-thread-1] INFO  server.RaftServerConfigKeys (ConfUtils.java:logGet(43)) - raft.server.notification.no-leader.timeout = 120s (custom)
2019-10-22 00:12:51,859 [pool-97-thread-1] INFO  server.RaftServerConfigKeys (ConfUtils.java:logGet(43)) - raft.server.log.purge.gap = 1000000 (custom)
2019-10-22 00:12:51,858 [pool-47-thread-1] INFO  server.RaftServerConfigKeys (ConfUtils.java:logGet(43)) - raft.server.notification.no-leader.timeout = 120s (custom)
2019-10-22 00:12:51,859 [pool-97-thread-1] INFO  server.RaftServerConfigKeys (ConfUtils.java:logGet(43)) - raft.server.log.appender.buffer.byte-limit = 33554432 (custom)
2019-10-22 00:12:51,859 [pool-27-thread-1] INFO  server.RaftServerConfigKeys (ConfUtils.java:logGet(43)) - raft.server.log.use.memory = false (default)
2019-10-22 00:12:51,860 [pool-97-thread-1] INFO  server.RaftServerConfigKeys (ConfUtils.java:logGet(43)) - raft.server.log.segment.size.max = 1048576 (custom)
2019-10-22 00:12:51,860 [pool-47-thread-1] INFO  server.RaftServerConfigKeys (ConfUtils.java:logGet(43)) - raft.server.log.use.memory = false (default)
2019-10-22 00:12:51,862 [fad63ceb-ed14-4322-905d-6ef3599ac734@group-0045C62F497D-LeaderElection13] INFO  impl.LeaderElection (LeaderElection.java:logAndReturn(56)) - fad63ceb-ed14-4322-905d-6ef3599ac734@group-0045C62F497D-LeaderElection13: Election PASSED; received 1 response(s) [fad63ceb-ed14-4322-905d-6ef3599ac734<-5732e052-e19f-40fe-a104-972211db20fb#0:OK-t1] and 0 exception(s); fad63ceb-ed14-4322-905d-6ef3599ac734@group-0045C62F497D:t1, leader=null, voted=fad63ceb-ed14-4322-905d-6ef3599ac734, raftlog=fad63ceb-ed14-4322-905d-6ef3599ac734@group-0045C62F497D-SegmentedRaftLog:OPENED:c-1,f-1,i0, conf=-1: [fad63ceb-ed14-4322-905d-6ef3599ac734:192.168.157.254:39274, 5732e052-e19f-40fe-a104-972211db20fb:192.168.157.254:37262, 1913eeb9-7f58-4aef-bfea-8e00a2a3aadf:192.168.157.254:38825], old=null
2019-10-22 00:12:51,862 [pool-97-thread-1] INFO  server.RaftServerConfigKeys (ConfUtils.java:logGet(43)) - raft.server.log.segment.cache.num.max = 2 (custom)
2019-10-22 00:12:51,862 [062c71de-08d9-40ee-9309-15590e2e8e68@group-F01152B53F91-LeaderElection11] INFO  impl.RoleInfo (RoleInfo.java:updateAndGet(143)) - 062c71de-08d9-40ee-9309-15590e2e8e68: start LeaderState
2019-10-22 00:12:51,861 [pool-27-thread-1] INFO  server.RaftServerConfigKeys (ConfUtils.java:logGet(43)) - raft.server.log.purge.gap = 1000000 (custom)
2019-10-22 00:12:51,866 [pool-97-thread-1] INFO  segmented.SegmentedRaftLogWorker (SegmentedRaftLogWorker.java:<init>(173)) - new f318eb4e-a4da-4d18-984a-fa4eff1dbce1@group-597AF0FA787F-SegmentedRaftLogWorker for RaftStorage:Storage Directory /workdir/hadoop-ozone/integration-test/target/test-dir/MiniOzoneClusterImpl-8b64dd99-cfc4-48e3-b5ea-61cd2ec80401/datanode-7/data/ratis/2f946d77-7a03-43ca-aa29-597af0fa787f
2019-10-22 00:12:51,863 [fad63ceb-ed14-4322-905d-6ef3599ac734@group-0045C62F497D-LeaderElection13] INFO  impl.RoleInfo (RoleInfo.java:shutdownLeaderElection(134)) - fad63ceb-ed14-4322-905d-6ef3599ac734: shutdown LeaderElection
2019-10-22 00:12:51,863 [pool-47-thread-1] INFO  server.RaftServerConfigKeys (ConfUtils.java:logGet(43)) - raft.server.log.purge.gap = 1000000 (custom)
2019-10-22 00:12:51,869 [fad63ceb-ed14-4322-905d-6ef3599ac734@group-0045C62F497D-LeaderElection13] INFO  impl.RaftServerImpl (RaftServerImpl.java:setRole(184)) - fad63ceb-ed14-4322-905d-6ef3599ac734@group-0045C62F497D: changes role from CANDIDATE to LEADER at term 1 for changeToLeader
2019-10-22 00:12:51,869 [pool-97-thread-1] INFO  server.RaftServerConfigKeys (ConfUtils.java:logGet(43)) - raft.server.log.queue.byte-limit = 2147483647 (custom)
2019-10-22 00:12:51,869 [pool-27-thread-1] INFO  server.RaftServerConfigKeys (ConfUtils.java:logGet(43)) - raft.server.log.appender.buffer.byte-limit = 33554432 (custom)
2019-10-22 00:12:51,869 [062c71de-08d9-40ee-9309-15590e2e8e68@group-F01152B53F91-LeaderElection11] INFO  segmented.SegmentedRaftLogWorker (SegmentedRaftLogWorker.java:startLogSegment(385)) - 062c71de-08d9-40ee-9309-15590e2e8e68@group-F01152B53F91-SegmentedRaftLogWorker: Starting segment from index:0
2019-10-22 00:12:51,869 [pool-27-thread-1] INFO  server.RaftServerConfigKeys (ConfUtils.java:logGet(43)) - raft.server.log.segment.size.max = 1048576 (custom)
2019-10-22 00:12:51,869 [pool-97-thread-1] INFO  server.RaftServerConfigKeys (ConfUtils.java:logGet(43)) - raft.server.log.queue.element-limit = 1024 (custom)
2019-10-22 00:12:51,869 [fad63ceb-ed14-4322-905d-6ef3599ac734@group-0045C62F497D-LeaderElection13] INFO  impl.RaftServerImpl (ServerState.java:setLeader(256)) - fad63ceb-ed14-4322-905d-6ef3599ac734@group-0045C62F497D: change Leader from null to fad63ceb-ed14-4322-905d-6ef3599ac734 at term 1 for becomeLeader, leader elected after 161ms
2019-10-22 00:12:51,869 [pool-47-thread-1] INFO  server.RaftServerConfigKeys (ConfUtils.java:logGet(43)) - raft.server.log.appender.buffer.byte-limit = 33554432 (custom)
2019-10-22 00:12:51,871 [fad63ceb-ed14-4322-905d-6ef3599ac734@group-0045C62F497D-LeaderElection13] INFO  server.RaftServerConfigKeys (ConfUtils.java:logGet(43)) - raft.server.staging.catchup.gap = 1000 (default)
2019-10-22 00:12:51,871 [pool-97-thread-1] INFO  server.RaftServerConfigKeys (ConfUtils.java:logGet(43)) - raft.server.log.segment.size.max = 1048576 (custom)
2019-10-22 00:12:51,871 [pool-27-thread-1] INFO  server.RaftServerConfigKeys (ConfUtils.java:logGet(43)) - raft.server.log.segment.cache.num.max = 2 (custom)
2019-10-22 00:12:51,896 [pool-97-thread-1] INFO  server.RaftServerConfigKeys (ConfUtils.java:logGet(43)) - raft.server.log.preallocated.size = 16384 (custom)
2019-10-22 00:12:51,896 [062c71de-08d9-40ee-9309-15590e2e8e68@group-F01152B53F91-LeaderElection11] INFO  impl.RaftServerImpl (ServerState.java:setRaftConf(357)) - 062c71de-08d9-40ee-9309-15590e2e8e68@group-F01152B53F91: set configuration 0: [2fdb3e93-e0d8-400e-8c33-91e2341b50c6:192.168.157.254:43254, 062c71de-08d9-40ee-9309-15590e2e8e68:192.168.157.254:45598, 2a52019e-5647-44e1-bf30-9a43fd8a7377:192.168.157.254:36038], old=null at 0
2019-10-22 00:12:51,896 [fad63ceb-ed14-4322-905d-6ef3599ac734@group-0045C62F497D-LeaderElection13] INFO  server.RaftServerConfigKeys (ConfUtils.java:logGet(43)) - raft.server.rpc.sleep.time = 25ms (default)
2019-10-22 00:12:51,871 [pool-47-thread-1] INFO  server.RaftServerConfigKeys (ConfUtils.java:logGet(43)) - raft.server.log.segment.size.max = 1048576 (custom)
2019-10-22 00:12:51,896 [grpc-default-executor-2] INFO  impl.RaftServerImpl (ServerState.java:setLeader(256)) - 062c71de-08d9-40ee-9309-15590e2e8e68@group-F01152B53F91: change Leader from 062c71de-08d9-40ee-9309-15590e2e8e68 to null at term 4 for updateCurrentTerm
2019-10-22 00:12:51,896 [pool-97-thread-1] INFO  server.RaftServerConfigKeys (ConfUtils.java:logGet(43)) - raft.server.log.write.buffer.size = 33554432 (custom)
2019-10-22 00:12:51,896 [grpc-default-executor-0] INFO  impl.RaftServerImpl (RaftServerImpl.java:setRole(184)) - 2fdb3e93-e0d8-400e-8c33-91e2341b50c6@group-F01152B53F91: changes role from CANDIDATE to FOLLOWER at term 4 for recognizeCandidate:2a52019e-5647-44e1-bf30-9a43fd8a7377
2019-10-22 00:12:51,904 [grpc-default-executor-0] INFO  impl.RoleInfo (RoleInfo.java:shutdownLeaderElection(134)) - 2fdb3e93-e0d8-400e-8c33-91e2341b50c6: shutdown LeaderElection
2019-10-22 00:12:51,896 [pool-27-thread-1] INFO  segmented.SegmentedRaftLogWorker (SegmentedRaftLogWorker.java:<init>(173)) - new 9d453efa-53cb-467a-9eb6-1ab0458610f0@group-597AF0FA787F-SegmentedRaftLogWorker for RaftStorage:Storage Directory /workdir/hadoop-ozone/integration-test/target/test-dir/MiniOzoneClusterImpl-8b64dd99-cfc4-48e3-b5ea-61cd2ec80401/datanode-0/data/ratis/2f946d77-7a03-43ca-aa29-597af0fa787f
2019-10-22 00:12:51,904 [grpc-default-executor-0] INFO  impl.RoleInfo (RoleInfo.java:updateAndGet(143)) - 2fdb3e93-e0d8-400e-8c33-91e2341b50c6: start FollowerState
2019-10-22 00:12:51,903 [pool-97-thread-1] INFO  server.RaftServerConfigKeys (ConfUtils.java:logGet(43)) - raft.server.log.force.sync.num = 128 (default)
2019-10-22 00:12:51,903 [grpc-default-executor-2] INFO  impl.RaftServerImpl (RaftServerImpl.java:setRole(184)) - 062c71de-08d9-40ee-9309-15590e2e8e68@group-F01152B53F91: changes role from    LEADER to FOLLOWER at term 4 for recognizeCandidate:2a52019e-5647-44e1-bf30-9a43fd8a7377
2019-10-22 00:12:51,906 [grpc-default-executor-2] INFO  impl.RoleInfo (RoleInfo.java:shutdownLeaderState(104)) - 062c71de-08d9-40ee-9309-15590e2e8e68: shutdown LeaderState
2019-10-22 00:12:51,903 [pool-47-thread-1] INFO  server.RaftServerConfigKeys (ConfUtils.java:logGet(43)) - raft.server.log.segment.cache.num.max = 2 (custom)
2019-10-22 00:12:51,903 [fad63ceb-ed14-4322-905d-6ef3599ac734@group-0045C62F497D-LeaderElection13] INFO  server.RaftServerConfigKeys (ConfUtils.java:logGet(43)) - raft.server.write.element-limit = 4096 (default)
2019-10-22 00:12:51,906 [pool-47-thread-1] INFO  segmented.SegmentedRaftLogWorker (SegmentedRaftLogWorker.java:<init>(173)) - new d521f5b1-4e7b-4169-9688-2112c7da7b1f@group-597AF0FA787F-SegmentedRaftLogWorker for RaftStorage:Storage Directory /workdir/hadoop-ozone/integration-test/target/test-dir/MiniOzoneClusterImpl-8b64dd99-cfc4-48e3-b5ea-61cd2ec80401/datanode-2/data/ratis/2f946d77-7a03-43ca-aa29-597af0fa787f
2019-10-22 00:12:51,906 [pool-97-thread-1] INFO  server.RaftServerConfigKeys (ConfUtils.java:logGet(43)) - raft.server.log.statemachine.data.sync = true (default)
2019-10-22 00:12:51,904 [pool-27-thread-1] INFO  server.RaftServerConfigKeys (ConfUtils.java:logGet(43)) - raft.server.log.queue.byte-limit = 2147483647 (custom)
2019-10-22 00:12:51,909 [pool-97-thread-1] INFO  server.RaftServerConfigKeys (ConfUtils.java:logGet(43)) - raft.server.log.statemachine.data.sync.timeout = 10s (default)
2019-10-22 00:12:51,908 [062c71de-08d9-40ee-9309-15590e2e8e68@group-F01152B53F91-SegmentedRaftLogWorker] INFO  segmented.SegmentedRaftLogWorker (SegmentedRaftLogWorker.java:execute(576)) - 062c71de-08d9-40ee-9309-15590e2e8e68@group-F01152B53F91-SegmentedRaftLogWorker: created new log segment /workdir/hadoop-ozone/integration-test/target/test-dir/MiniOzoneClusterImpl-8b64dd99-cfc4-48e3-b5ea-61cd2ec80401/datanode-4/data/ratis/f22d20a3-d87d-40a1-b95b-f01152b53f91/current/log_inprogress_0
2019-10-22 00:12:51,906 [pool-47-thread-1] INFO  server.RaftServerConfigKeys (ConfUtils.java:logGet(43)) - raft.server.log.queue.byte-limit = 2147483647 (custom)
2019-10-22 00:12:51,906 [fad63ceb-ed14-4322-905d-6ef3599ac734@group-0045C62F497D-LeaderElection13] INFO  server.RaftServerConfigKeys (ConfUtils.java:logGet(43)) - raft.server.watch.timeout = 10s (default)
2019-10-22 00:12:51,912 [pool-47-thread-1] INFO  server.RaftServerConfigKeys (ConfUtils.java:logGet(43)) - raft.server.log.queue.element-limit = 1024 (custom)
2019-10-22 00:12:51,911 [grpc-default-executor-2] INFO  impl.PendingRequests (PendingRequests.java:sendNotLeaderResponses(202)) - 062c71de-08d9-40ee-9309-15590e2e8e68@group-F01152B53F91-PendingRequests: sendNotLeaderResponses
2019-10-22 00:12:51,909 [pool-97-thread-1] INFO  server.RaftServerConfigKeys (ConfUtils.java:logGet(43)) - raft.server.log.statemachine.data.sync.timeout.retry = -1 (default)
2019-10-22 00:12:51,909 [pool-27-thread-1] INFO  server.RaftServerConfigKeys (ConfUtils.java:logGet(43)) - raft.server.log.queue.element-limit = 1024 (custom)
2019-10-22 00:12:51,913 [pool-47-thread-1] INFO  server.RaftServerConfigKeys (ConfUtils.java:logGet(43)) - raft.server.log.segment.size.max = 1048576 (custom)
2019-10-22 00:12:51,912 [fad63ceb-ed14-4322-905d-6ef3599ac734@group-0045C62F497D-LeaderElection13] INFO  server.RaftServerConfigKeys (ConfUtils.java:logGet(43)) - raft.server.watch.timeout.denomination = 1s (default)
2019-10-22 00:12:51,914 [pool-47-thread-1] INFO  server.RaftServerConfigKeys (ConfUtils.java:logGet(43)) - raft.server.log.preallocated.size = 16384 (custom)
2019-10-22 00:12:51,914 [pool-27-thread-1] INFO  server.RaftServerConfigKeys (ConfUtils.java:logGet(43)) - raft.server.log.segment.size.max = 1048576 (custom)
2019-10-22 00:12:51,914 [pool-97-thread-1] INFO  server.RaftServerConfigKeys (ConfUtils.java:logGet(43)) - raft.server.log.statemachine.data.caching.enabled = true (custom)
2019-10-22 00:12:51,915 [pool-27-thread-1] INFO  server.RaftServerConfigKeys (ConfUtils.java:logGet(43)) - raft.server.log.preallocated.size = 16384 (custom)
2019-10-22 00:12:51,915 [pool-47-thread-1] INFO  server.RaftServerConfigKeys (ConfUtils.java:logGet(43)) - raft.server.log.write.buffer.size = 33554432 (custom)
2019-10-22 00:12:51,915 [fad63ceb-ed14-4322-905d-6ef3599ac734@group-0045C62F497D-LeaderElection13] INFO  server.RaftServerConfigKeys (ConfUtils.java:logGet(43)) - raft.server.watch.element-limit = 65536 (default)
2019-10-22 00:12:51,915 [pool-97-thread-1] INFO  segmented.SegmentedRaftLogWorker (SegmentedRaftLogWorker.java:lambda$new$0(128)) - f318eb4e-a4da-4d18-984a-fa4eff1dbce1@group-597AF0FA787F-SegmentedRaftLogWorker: flushIndex: setUnconditionally 0 -> -1
2019-10-22 00:12:51,917 [grpc-default-executor-2] INFO  impl.RoleInfo (RoleInfo.java:updateAndGet(143)) - 062c71de-08d9-40ee-9309-15590e2e8e68: start FollowerState
2019-10-22 00:12:51,915 [pool-47-thread-1] INFO  server.RaftServerConfigKeys (ConfUtils.java:logGet(43)) - raft.server.log.force.sync.num = 128 (default)
2019-10-22 00:12:51,915 [pool-27-thread-1] INFO  server.RaftServerConfigKeys (ConfUtils.java:logGet(43)) - raft.server.log.write.buffer.size = 33554432 (custom)
2019-10-22 00:12:51,917 [pool-47-thread-1] INFO  server.RaftServerConfigKeys (ConfUtils.java:logGet(43)) - raft.server.log.statemachine.data.sync = true (default)
2019-10-22 00:12:51,917 [pool-97-thread-1] INFO  server.RaftServerConfigKeys (ConfUtils.java:logGet(43)) - raft.server.snapshot.auto.trigger.enabled = true (custom)
2019-10-22 00:12:51,917 [pool-47-thread-1] INFO  server.RaftServerConfigKeys (ConfUtils.java:logGet(43)) - raft.server.log.statemachine.data.sync.timeout = 10s (default)
2019-10-22 00:12:51,917 [pool-27-thread-1] INFO  server.RaftServerConfigKeys (ConfUtils.java:logGet(43)) - raft.server.log.force.sync.num = 128 (default)
2019-10-22 00:12:51,917 [pool-47-thread-1] INFO  server.RaftServerConfigKeys (ConfUtils.java:logGet(43)) - raft.server.log.statemachine.data.sync.timeout.retry = -1 (default)
2019-10-22 00:12:51,917 [pool-97-thread-1] INFO  server.RaftServerConfigKeys (ConfUtils.java:logGet(43)) - raft.server.snapshot.auto.trigger.threshold = 10000 (custom)
2019-10-22 00:12:51,918 [pool-47-thread-1] INFO  server.RaftServerConfigKeys (ConfUtils.java:logGet(43)) - raft.server.log.statemachine.data.caching.enabled = true (custom)
2019-10-22 00:12:51,917 [pool-27-thread-1] INFO  server.RaftServerConfigKeys (ConfUtils.java:logGet(43)) - raft.server.log.statemachine.data.sync = true (default)
2019-10-22 00:12:51,918 [pool-97-thread-1] INFO  server.RaftServerConfigKeys (ConfUtils.java:logGet(43)) - raft.server.snapshot.retention.file.num = 5 (custom)
2019-10-22 00:12:51,918 [pool-47-thread-1] INFO  segmented.SegmentedRaftLogWorker (SegmentedRaftLogWorker.java:lambda$new$0(128)) - d521f5b1-4e7b-4169-9688-2112c7da7b1f@group-597AF0FA787F-SegmentedRaftLogWorker: flushIndex: setUnconditionally 0 -> -1
2019-10-22 00:12:51,918 [pool-27-thread-1] INFO  server.RaftServerConfigKeys (ConfUtils.java:logGet(43)) - raft.server.log.statemachine.data.sync.timeout = 10s (default)
2019-10-22 00:12:51,918 [pool-97-thread-1] INFO  server.RaftServerConfigKeys (ConfUtils.java:logGet(43)) - raft.server.retrycache.expirytime = 600000ms (custom)
2019-10-22 00:12:51,918 [pool-47-thread-1] INFO  server.RaftServerConfigKeys (ConfUtils.java:logGet(43)) - raft.server.snapshot.auto.trigger.enabled = true (custom)
2019-10-22 00:12:51,918 [pool-27-thread-1] INFO  server.RaftServerConfigKeys (ConfUtils.java:logGet(43)) - raft.server.log.statemachine.data.sync.timeout.retry = -1 (default)
2019-10-22 00:12:51,918 [pool-47-thread-1] INFO  server.RaftServerConfigKeys (ConfUtils.java:logGet(43)) - raft.server.snapshot.auto.trigger.threshold = 10000 (custom)
2019-10-22 00:12:51,918 [fad63ceb-ed14-4322-905d-6ef3599ac734@group-0045C62F497D-LeaderElection13] INFO  server.RaftServerConfigKeys (ConfUtils.java:logGet(43)) - raft.server.log.appender.snapshot.chunk.size.max = 16MB (=16777216) (default)
2019-10-22 00:12:51,919 [org.apache.ratis.server.impl.LogAppender$AppenderDaemon$$Lambda$421/642668633@5ac94c36] WARN  server.GrpcLogAppender (GrpcLogAppender.java:mayWait(149)) - 062c71de-08d9-40ee-9309-15590e2e8e68@group-F01152B53F91->2fdb3e93-e0d8-400e-8c33-91e2341b50c6-GrpcLogAppender: Wait interrupted by java.lang.InterruptedException
2019-10-22 00:12:51,918 [pool-47-thread-1] INFO  server.RaftServerConfigKeys (ConfUtils.java:logGet(43)) - raft.server.snapshot.retention.file.num = 5 (custom)
2019-10-22 00:12:51,918 [pool-27-thread-1] INFO  server.RaftServerConfigKeys (ConfUtils.java:logGet(43)) - raft.server.log.statemachine.data.caching.enabled = true (custom)
2019-10-22 00:12:51,919 [org.apache.ratis.server.impl.LogAppender$AppenderDaemon$$Lambda$421/642668633@52bfdf39] WARN  server.GrpcLogAppender (GrpcLogAppender.java:mayWait(149)) - 062c71de-08d9-40ee-9309-15590e2e8e68@group-F01152B53F91->2a52019e-5647-44e1-bf30-9a43fd8a7377-GrpcLogAppender: Wait interrupted by java.lang.InterruptedException
2019-10-22 00:12:51,919 [fad63ceb-ed14-4322-905d-6ef3599ac734@group-0045C62F497D-LeaderElection13] INFO  server.RaftServerConfigKeys (ConfUtils.java:logGet(43)) - raft.server.log.appender.buffer.byte-limit = 33554432 (custom)
2019-10-22 00:12:51,920 [pool-27-thread-1] INFO  segmented.SegmentedRaftLogWorker (SegmentedRaftLogWorker.java:lambda$new$0(128)) - 9d453efa-53cb-467a-9eb6-1ab0458610f0@group-597AF0FA787F-SegmentedRaftLogWorker: flushIndex: setUnconditionally 0 -> -1
2019-10-22 00:12:51,920 [pool-47-thread-1] INFO  server.RaftServerConfigKeys (ConfUtils.java:logGet(43)) - raft.server.retrycache.expirytime = 600000ms (custom)
2019-10-22 00:12:51,920 [fad63ceb-ed14-4322-905d-6ef3599ac734@group-0045C62F497D-LeaderElection13] INFO  server.RaftServerConfigKeys (ConfUtils.java:logGet(43)) - raft.server.log.appender.buffer.element-limit = 1 (custom)
2019-10-22 00:12:51,921 [pool-27-thread-1] INFO  server.RaftServerConfigKeys (ConfUtils.java:logGet(43)) - raft.server.snapshot.auto.trigger.enabled = true (custom)
2019-10-22 00:12:51,921 [pool-27-thread-1] INFO  server.RaftServerConfigKeys (ConfUtils.java:logGet(43)) - raft.server.snapshot.auto.trigger.threshold = 10000 (custom)
2019-10-22 00:12:51,921 [fad63ceb-ed14-4322-905d-6ef3599ac734@group-0045C62F497D-LeaderElection13] INFO  grpc.GrpcConfigKeys$Server (ConfUtils.java:logGet(43)) - raft.grpc.server.leader.outstanding.appends.max = 128 (default)
2019-10-22 00:12:51,922 [pool-27-thread-1] INFO  server.RaftServerConfigKeys (ConfUtils.java:logGet(43)) - raft.server.snapshot.retention.file.num = 5 (custom)
2019-10-22 00:12:51,922 [fad63ceb-ed14-4322-905d-6ef3599ac734@group-0045C62F497D-LeaderElection13] INFO  server.RaftServerConfigKeys (ConfUtils.java:logGet(43)) - raft.server.rpc.request.timeout = 3000ms (default)
2019-10-22 00:12:51,922 [pool-27-thread-1] INFO  server.RaftServerConfigKeys (ConfUtils.java:logGet(43)) - raft.server.retrycache.expirytime = 600000ms (custom)
2019-10-22 00:12:51,923 [fad63ceb-ed14-4322-905d-6ef3599ac734@group-0045C62F497D-LeaderElection13] INFO  server.RaftServerConfigKeys (ConfUtils.java:logGet(43)) - raft.server.log.appender.install.snapshot.enabled = false (custom)
2019-10-22 00:12:51,924 [pool-97-thread-1] INFO  impl.RaftServerImpl (RaftServerImpl.java:start(195)) - f318eb4e-a4da-4d18-984a-fa4eff1dbce1@group-597AF0FA787F: start as a follower, conf=-1: [d521f5b1-4e7b-4169-9688-2112c7da7b1f:192.168.157.254:45094, 9d453efa-53cb-467a-9eb6-1ab0458610f0:192.168.157.254:38611, f318eb4e-a4da-4d18-984a-fa4eff1dbce1:192.168.157.254:43586], old=null
2019-10-22 00:12:51,925 [pool-97-thread-1] INFO  impl.RaftServerImpl (RaftServerImpl.java:setRole(184)) - f318eb4e-a4da-4d18-984a-fa4eff1dbce1@group-597AF0FA787F: changes role from      null to FOLLOWER at term 0 for startAsFollower
2019-10-22 00:12:51,925 [pool-97-thread-1] INFO  impl.RoleInfo (RoleInfo.java:updateAndGet(143)) - f318eb4e-a4da-4d18-984a-fa4eff1dbce1: start FollowerState
2019-10-22 00:12:51,925 [pool-97-thread-1] INFO  util.JmxRegister (JmxRegister.java:tryRegister(44)) - Successfully registered JMX Bean with object name Ratis:service=RaftServer,group=group-597AF0FA787F,id=f318eb4e-a4da-4d18-984a-fa4eff1dbce1
2019-10-22 00:12:51,927 [grpc-default-executor-4] INFO  server.GrpcServerProtocolService (GrpcServerProtocolService.java:onCompleted(113)) - 2fdb3e93-e0d8-400e-8c33-91e2341b50c6: Completed APPEND_ENTRIES, lastRequest: null
2019-10-22 00:12:51,927 [2a52019e-5647-44e1-bf30-9a43fd8a7377@group-F01152B53F91-LeaderElection14] INFO  impl.LeaderElection (LeaderElection.java:logAndReturn(56)) - 2a52019e-5647-44e1-bf30-9a43fd8a7377@group-F01152B53F91-LeaderElection14: Election REJECTED; received 2 response(s) [2a52019e-5647-44e1-bf30-9a43fd8a7377<-2fdb3e93-e0d8-400e-8c33-91e2341b50c6#0:FAIL-t4, 2a52019e-5647-44e1-bf30-9a43fd8a7377<-062c71de-08d9-40ee-9309-15590e2e8e68#0:FAIL-t4] and 0 exception(s); 2a52019e-5647-44e1-bf30-9a43fd8a7377@group-F01152B53F91:t4, leader=null, voted=2a52019e-5647-44e1-bf30-9a43fd8a7377, raftlog=2a52019e-5647-44e1-bf30-9a43fd8a7377@group-F01152B53F91-SegmentedRaftLog:OPENED:c-1,f-1,i0, conf=-1: [2fdb3e93-e0d8-400e-8c33-91e2341b50c6:192.168.157.254:43254, 062c71de-08d9-40ee-9309-15590e2e8e68:192.168.157.254:45598, 2a52019e-5647-44e1-bf30-9a43fd8a7377:192.168.157.254:36038], old=null
2019-10-22 00:12:51,927 [2fdb3e93-e0d8-400e-8c33-91e2341b50c6@group-F01152B53F91-LeaderElection12] INFO  impl.LeaderElection (LeaderElection.java:logAndReturn(56)) - 2fdb3e93-e0d8-400e-8c33-91e2341b50c6@group-F01152B53F91-LeaderElection12: Election DISCOVERED_A_NEW_TERM; received 2 response(s) [2fdb3e93-e0d8-400e-8c33-91e2341b50c6<-062c71de-08d9-40ee-9309-15590e2e8e68#0:FAIL-t4, 2fdb3e93-e0d8-400e-8c33-91e2341b50c6<-2a52019e-5647-44e1-bf30-9a43fd8a7377#0:FAIL-t3] and 0 exception(s); 2fdb3e93-e0d8-400e-8c33-91e2341b50c6@group-F01152B53F91:t4, leader=null, voted=null, raftlog=2fdb3e93-e0d8-400e-8c33-91e2341b50c6@group-F01152B53F91-SegmentedRaftLog:OPENED:c-1,f-1,i0, conf=-1: [2fdb3e93-e0d8-400e-8c33-91e2341b50c6:192.168.157.254:43254, 062c71de-08d9-40ee-9309-15590e2e8e68:192.168.157.254:45598, 2a52019e-5647-44e1-bf30-9a43fd8a7377:192.168.157.254:36038], old=null
2019-10-22 00:12:51,929 [2a52019e-5647-44e1-bf30-9a43fd8a7377@group-F01152B53F91-LeaderElection14] INFO  impl.RaftServerImpl (RaftServerImpl.java:setRole(184)) - 2a52019e-5647-44e1-bf30-9a43fd8a7377@group-F01152B53F91: changes role from CANDIDATE to FOLLOWER at term 4 for DISCOVERED_A_NEW_TERM
2019-10-22 00:12:51,927 [grpc-default-executor-6] INFO  server.GrpcServerProtocolService (GrpcServerProtocolService.java:onCompleted(113)) - 2a52019e-5647-44e1-bf30-9a43fd8a7377: Completed APPEND_ENTRIES, lastRequest: null
2019-10-22 00:12:51,930 [2a52019e-5647-44e1-bf30-9a43fd8a7377@group-F01152B53F91-LeaderElection14] INFO  impl.RoleInfo (RoleInfo.java:shutdownLeaderElection(134)) - 2a52019e-5647-44e1-bf30-9a43fd8a7377: shutdown LeaderElection
2019-10-22 00:12:51,932 [2a52019e-5647-44e1-bf30-9a43fd8a7377@group-F01152B53F91-LeaderElection14] INFO  impl.RoleInfo (RoleInfo.java:updateAndGet(143)) - 2a52019e-5647-44e1-bf30-9a43fd8a7377: start FollowerState
2019-10-22 00:12:51,932 [grpc-default-executor-6] INFO  server.GrpcLogAppender (GrpcLogAppender.java:onCompleted(308)) - 062c71de-08d9-40ee-9309-15590e2e8e68@group-F01152B53F91->2fdb3e93-e0d8-400e-8c33-91e2341b50c6-AppendLogResponseHandler: follower responses appendEntries COMPLETED
2019-10-22 00:12:51,935 [grpc-default-executor-4] INFO  server.GrpcLogAppender (GrpcLogAppender.java:onCompleted(308)) - 062c71de-08d9-40ee-9309-15590e2e8e68@group-F01152B53F91->2a52019e-5647-44e1-bf30-9a43fd8a7377-AppendLogResponseHandler: follower responses appendEntries COMPLETED
2019-10-22 00:12:51,936 [Thread-388] INFO  impl.FollowerState (FollowerState.java:run(108)) - f318eb4e-a4da-4d18-984a-fa4eff1dbce1@group-597AF0FA787F-FollowerState: change to CANDIDATE, lastRpcTime:11ms, electionTimeout:11ms
2019-10-22 00:12:51,937 [Thread-389] INFO  impl.FollowerState (FollowerState.java:run(108)) - 2a52019e-5647-44e1-bf30-9a43fd8a7377@group-F01152B53F91-FollowerState: change to CANDIDATE, lastRpcTime:5ms, electionTimeout:4ms
2019-10-22 00:12:51,938 [pool-47-thread-1] INFO  impl.RaftServerImpl (RaftServerImpl.java:start(195)) - d521f5b1-4e7b-4169-9688-2112c7da7b1f@group-597AF0FA787F: start as a follower, conf=-1: [d521f5b1-4e7b-4169-9688-2112c7da7b1f:192.168.157.254:45094, 9d453efa-53cb-467a-9eb6-1ab0458610f0:192.168.157.254:38611, f318eb4e-a4da-4d18-984a-fa4eff1dbce1:192.168.157.254:43586], old=null
2019-10-22 00:12:51,938 [Thread-389] INFO  impl.RoleInfo (RoleInfo.java:shutdownFollowerState(121)) - 2a52019e-5647-44e1-bf30-9a43fd8a7377: shutdown FollowerState
2019-10-22 00:12:51,938 [pool-47-thread-1] INFO  impl.RaftServerImpl (RaftServerImpl.java:setRole(184)) - d521f5b1-4e7b-4169-9688-2112c7da7b1f@group-597AF0FA787F: changes role from      null to FOLLOWER at term 0 for startAsFollower
2019-10-22 00:12:51,938 [Thread-388] INFO  impl.RoleInfo (RoleInfo.java:shutdownFollowerState(121)) - f318eb4e-a4da-4d18-984a-fa4eff1dbce1: shutdown FollowerState
2019-10-22 00:12:51,938 [pool-47-thread-1] INFO  impl.RoleInfo (RoleInfo.java:updateAndGet(143)) - d521f5b1-4e7b-4169-9688-2112c7da7b1f: start FollowerState
2019-10-22 00:12:51,938 [Thread-389] INFO  impl.RaftServerImpl (RaftServerImpl.java:setRole(184)) - 2a52019e-5647-44e1-bf30-9a43fd8a7377@group-F01152B53F91: changes role from  FOLLOWER to CANDIDATE at term 4 for changeToCandidate
2019-10-22 00:12:51,938 [Thread-388] INFO  impl.RaftServerImpl (RaftServerImpl.java:setRole(184)) - f318eb4e-a4da-4d18-984a-fa4eff1dbce1@group-597AF0FA787F: changes role from  FOLLOWER to CANDIDATE at term 0 for changeToCandidate
2019-10-22 00:12:51,938 [Thread-389] INFO  impl.RoleInfo (RoleInfo.java:updateAndGet(143)) - 2a52019e-5647-44e1-bf30-9a43fd8a7377: start LeaderElection
2019-10-22 00:12:51,938 [Thread-388] INFO  impl.RoleInfo (RoleInfo.java:updateAndGet(143)) - f318eb4e-a4da-4d18-984a-fa4eff1dbce1: start LeaderElection
2019-10-22 00:12:51,938 [pool-47-thread-1] INFO  util.JmxRegister (JmxRegister.java:tryRegister(44)) - Successfully registered JMX Bean with object name Ratis:service=RaftServer,group=group-597AF0FA787F,id=d521f5b1-4e7b-4169-9688-2112c7da7b1f
2019-10-22 00:12:51,938 [grpc-default-executor-6] INFO  impl.FollowerInfo (FollowerInfo.java:lambda$new$0(51)) - 062c71de-08d9-40ee-9309-15590e2e8e68@group-F01152B53F91->2fdb3e93-e0d8-400e-8c33-91e2341b50c6: nextIndex: updateUnconditionally 0 -> 0
2019-10-22 00:12:51,947 [grpc-default-executor-4] INFO  impl.FollowerInfo (FollowerInfo.java:lambda$new$0(51)) - 062c71de-08d9-40ee-9309-15590e2e8e68@group-F01152B53F91->2a52019e-5647-44e1-bf30-9a43fd8a7377: nextIndex: updateUnconditionally 0 -> 0
2019-10-22 00:12:51,949 [pool-27-thread-1] INFO  impl.RaftServerImpl (RaftServerImpl.java:start(195)) - 9d453efa-53cb-467a-9eb6-1ab0458610f0@group-597AF0FA787F: start as a follower, conf=-1: [d521f5b1-4e7b-4169-9688-2112c7da7b1f:192.168.157.254:45094, 9d453efa-53cb-467a-9eb6-1ab0458610f0:192.168.157.254:38611, f318eb4e-a4da-4d18-984a-fa4eff1dbce1:192.168.157.254:43586], old=null
2019-10-22 00:12:51,949 [pool-27-thread-1] INFO  impl.RaftServerImpl (RaftServerImpl.java:setRole(184)) - 9d453efa-53cb-467a-9eb6-1ab0458610f0@group-597AF0FA787F: changes role from      null to FOLLOWER at term 0 for startAsFollower
2019-10-22 00:12:51,949 [pool-27-thread-1] INFO  impl.RoleInfo (RoleInfo.java:updateAndGet(143)) - 9d453efa-53cb-467a-9eb6-1ab0458610f0: start FollowerState
2019-10-22 00:12:51,949 [fad63ceb-ed14-4322-905d-6ef3599ac734@group-0045C62F497D-LeaderElection13] INFO  server.RaftServerConfigKeys (ConfUtils.java:logGet(43)) - raft.server.log.appender.snapshot.chunk.size.max = 16MB (=16777216) (default)
2019-10-22 00:12:51,949 [pool-27-thread-1] INFO  util.JmxRegister (JmxRegister.java:tryRegister(44)) - Successfully registered JMX Bean with object name Ratis:service=RaftServer,group=group-597AF0FA787F,id=9d453efa-53cb-467a-9eb6-1ab0458610f0
2019-10-22 00:12:51,949 [fad63ceb-ed14-4322-905d-6ef3599ac734@group-0045C62F497D-LeaderElection13] INFO  server.RaftServerConfigKeys (ConfUtils.java:logGet(43)) - raft.server.log.appender.buffer.byte-limit = 33554432 (custom)
2019-10-22 00:12:51,949 [fad63ceb-ed14-4322-905d-6ef3599ac734@group-0045C62F497D-LeaderElection13] INFO  server.RaftServerConfigKeys (ConfUtils.java:logGet(43)) - raft.server.log.appender.buffer.element-limit = 1 (custom)
2019-10-22 00:12:51,950 [fad63ceb-ed14-4322-905d-6ef3599ac734@group-0045C62F497D-LeaderElection13] INFO  grpc.GrpcConfigKeys$Server (ConfUtils.java:logGet(43)) - raft.grpc.server.leader.outstanding.appends.max = 128 (default)
2019-10-22 00:12:51,950 [fad63ceb-ed14-4322-905d-6ef3599ac734@group-0045C62F497D-LeaderElection13] INFO  server.RaftServerConfigKeys (ConfUtils.java:logGet(43)) - raft.server.rpc.request.timeout = 3000ms (default)
2019-10-22 00:12:51,950 [fad63ceb-ed14-4322-905d-6ef3599ac734@group-0045C62F497D-LeaderElection13] INFO  server.RaftServerConfigKeys (ConfUtils.java:logGet(43)) - raft.server.log.appender.install.snapshot.enabled = false (custom)
2019-10-22 00:12:51,954 [fad63ceb-ed14-4322-905d-6ef3599ac734@group-0045C62F497D-LeaderElection13] INFO  impl.RoleInfo (RoleInfo.java:updateAndGet(143)) - fad63ceb-ed14-4322-905d-6ef3599ac734: start LeaderState
2019-10-22 00:12:51,957 [fad63ceb-ed14-4322-905d-6ef3599ac734@group-0045C62F497D-LeaderElection13] INFO  segmented.SegmentedRaftLogWorker (SegmentedRaftLogWorker.java:startLogSegment(385)) - fad63ceb-ed14-4322-905d-6ef3599ac734@group-0045C62F497D-SegmentedRaftLogWorker: Starting segment from index:0
2019-10-22 00:12:51,958 [fad63ceb-ed14-4322-905d-6ef3599ac734@group-0045C62F497D-LeaderElection13] INFO  impl.RaftServerImpl (ServerState.java:setRaftConf(357)) - fad63ceb-ed14-4322-905d-6ef3599ac734@group-0045C62F497D: set configuration 0: [fad63ceb-ed14-4322-905d-6ef3599ac734:192.168.157.254:39274, 5732e052-e19f-40fe-a104-972211db20fb:192.168.157.254:37262, 1913eeb9-7f58-4aef-bfea-8e00a2a3aadf:192.168.157.254:38825], old=null at 0
2019-10-22 00:12:51,958 [grpc-default-executor-5] INFO  impl.RaftServerImpl (RaftServerImpl.java:requestVote(776)) - fad63ceb-ed14-4322-905d-6ef3599ac734@group-0045C62F497D-   LEADER: Withhold vote from candidate 1913eeb9-7f58-4aef-bfea-8e00a2a3aadf with term 1. State: leader=fad63ceb-ed14-4322-905d-6ef3599ac734, term=1, lastRpcElapsed=null
2019-10-22 00:12:51,958 [RatisPipelineUtilsThread] INFO  pipeline.PipelineStateManager (PipelineStateManager.java:addPipeline(56)) - Created pipeline Pipeline[ Id: 2f946d77-7a03-43ca-aa29-597af0fa787f, Nodes: f318eb4e-a4da-4d18-984a-fa4eff1dbce1{ip: 192.168.157.254, host: pr-hdds-2343-5q8j9-3338874002, networkLocation: /default-rack, certSerialId: null}d521f5b1-4e7b-4169-9688-2112c7da7b1f{ip: 192.168.157.254, host: pr-hdds-2343-5q8j9-3338874002, networkLocation: /default-rack, certSerialId: null}9d453efa-53cb-467a-9eb6-1ab0458610f0{ip: 192.168.157.254, host: pr-hdds-2343-5q8j9-3338874002, networkLocation: /default-rack, certSerialId: null}, Type:RATIS, Factor:THREE, State:OPEN]
2019-10-22 00:12:51,983 [2a52019e-5647-44e1-bf30-9a43fd8a7377@group-F01152B53F91-LeaderElection16] INFO  impl.LeaderElection (LeaderElection.java:askForVotes(178)) - 2a52019e-5647-44e1-bf30-9a43fd8a7377@group-F01152B53F91-LeaderElection16: begin an election at term 5 for -1: [2fdb3e93-e0d8-400e-8c33-91e2341b50c6:192.168.157.254:43254, 062c71de-08d9-40ee-9309-15590e2e8e68:192.168.157.254:45598, 2a52019e-5647-44e1-bf30-9a43fd8a7377:192.168.157.254:36038], old=null
2019-10-22 00:12:51,986 [f318eb4e-a4da-4d18-984a-fa4eff1dbce1@group-597AF0FA787F-LeaderElection17] INFO  impl.LeaderElection (LeaderElection.java:askForVotes(178)) - f318eb4e-a4da-4d18-984a-fa4eff1dbce1@group-597AF0FA787F-LeaderElection17: begin an election at term 1 for -1: [d521f5b1-4e7b-4169-9688-2112c7da7b1f:192.168.157.254:45094, 9d453efa-53cb-467a-9eb6-1ab0458610f0:192.168.157.254:38611, f318eb4e-a4da-4d18-984a-fa4eff1dbce1:192.168.157.254:43586], old=null
2019-10-22 00:12:51,992 [1913eeb9-7f58-4aef-bfea-8e00a2a3aadf@group-0045C62F497D-LeaderElection15] INFO  impl.LeaderElection (LeaderElection.java:logAndReturn(56)) - 1913eeb9-7f58-4aef-bfea-8e00a2a3aadf@group-0045C62F497D-LeaderElection15: Election REJECTED; received 2 response(s) [1913eeb9-7f58-4aef-bfea-8e00a2a3aadf<-fad63ceb-ed14-4322-905d-6ef3599ac734#0:FAIL-t1, 1913eeb9-7f58-4aef-bfea-8e00a2a3aadf<-5732e052-e19f-40fe-a104-972211db20fb#0:FAIL-t1] and 0 exception(s); 1913eeb9-7f58-4aef-bfea-8e00a2a3aadf@group-0045C62F497D:t1, leader=null, voted=1913eeb9-7f58-4aef-bfea-8e00a2a3aadf, raftlog=1913eeb9-7f58-4aef-bfea-8e00a2a3aadf@group-0045C62F497D-SegmentedRaftLog:OPENED:c-1,f-1,i0, conf=-1: [fad63ceb-ed14-4322-905d-6ef3599ac734:192.168.157.254:39274, 5732e052-e19f-40fe-a104-972211db20fb:192.168.157.254:37262, 1913eeb9-7f58-4aef-bfea-8e00a2a3aadf:192.168.157.254:38825], old=null
2019-10-22 00:12:51,992 [1913eeb9-7f58-4aef-bfea-8e00a2a3aadf@group-0045C62F497D-LeaderElection15] INFO  impl.RaftServerImpl (RaftServerImpl.java:setRole(184)) - 1913eeb9-7f58-4aef-bfea-8e00a2a3aadf@group-0045C62F497D: changes role from CANDIDATE to FOLLOWER at term 1 for DISCOVERED_A_NEW_TERM
2019-10-22 00:12:51,992 [1913eeb9-7f58-4aef-bfea-8e00a2a3aadf@group-0045C62F497D-LeaderElection15] INFO  impl.RoleInfo (RoleInfo.java:shutdownLeaderElection(134)) - 1913eeb9-7f58-4aef-bfea-8e00a2a3aadf: shutdown LeaderElection
2019-10-22 00:12:51,993 [1913eeb9-7f58-4aef-bfea-8e00a2a3aadf@group-0045C62F497D-LeaderElection15] INFO  impl.RoleInfo (RoleInfo.java:updateAndGet(143)) - 1913eeb9-7f58-4aef-bfea-8e00a2a3aadf: start FollowerState
2019-10-22 00:12:51,997 [grpc-default-executor-6] INFO  impl.RaftServerImpl (RaftServerImpl.java:setRole(184)) - 062c71de-08d9-40ee-9309-15590e2e8e68@group-F01152B53F91: changes role from  FOLLOWER to FOLLOWER at term 5 for recognizeCandidate:2a52019e-5647-44e1-bf30-9a43fd8a7377
2019-10-22 00:12:51,998 [grpc-default-executor-3] INFO  impl.RaftServerImpl (RaftServerImpl.java:setRole(184)) - 2fdb3e93-e0d8-400e-8c33-91e2341b50c6@group-F01152B53F91: changes role from  FOLLOWER to FOLLOWER at term 5 for recognizeCandidate:2a52019e-5647-44e1-bf30-9a43fd8a7377
2019-10-22 00:12:51,998 [fad63ceb-ed14-4322-905d-6ef3599ac734@group-0045C62F497D-SegmentedRaftLogWorker] INFO  segmented.SegmentedRaftLogWorker (SegmentedRaftLogWorker.java:execute(576)) - fad63ceb-ed14-4322-905d-6ef3599ac734@group-0045C62F497D-SegmentedRaftLogWorker: created new log segment /workdir/hadoop-ozone/integration-test/target/test-dir/MiniOzoneClusterImpl-8b64dd99-cfc4-48e3-b5ea-61cd2ec80401/datanode-9/data/ratis/da595827-0818-429d-a28d-0045c62f497d/current/log_inprogress_0
2019-10-22 00:12:51,998 [grpc-default-executor-3] INFO  impl.RoleInfo (RoleInfo.java:shutdownFollowerState(121)) - 2fdb3e93-e0d8-400e-8c33-91e2341b50c6: shutdown FollowerState
2019-10-22 00:12:51,998 [grpc-default-executor-6] INFO  impl.RoleInfo (RoleInfo.java:shutdownFollowerState(121)) - 062c71de-08d9-40ee-9309-15590e2e8e68: shutdown FollowerState
2019-10-22 00:12:52,001 [Thread-382] INFO  impl.FollowerState (FollowerState.java:run(117)) - 2fdb3e93-e0d8-400e-8c33-91e2341b50c6@group-F01152B53F91-FollowerState was interrupted: java.lang.InterruptedException: sleep interrupted
2019-10-22 00:12:52,001 [grpc-default-executor-3] INFO  impl.RoleInfo (RoleInfo.java:updateAndGet(143)) - 2fdb3e93-e0d8-400e-8c33-91e2341b50c6: start FollowerState
2019-10-22 00:12:52,001 [grpc-default-executor-6] INFO  impl.RoleInfo (RoleInfo.java:updateAndGet(143)) - 062c71de-08d9-40ee-9309-15590e2e8e68: start FollowerState
2019-10-22 00:12:52,001 [Thread-383] INFO  impl.FollowerState (FollowerState.java:run(117)) - 062c71de-08d9-40ee-9309-15590e2e8e68@group-F01152B53F91-FollowerState was interrupted: java.lang.InterruptedException: sleep interrupted
2019-10-22 00:12:52,001 [grpc-default-executor-5] INFO  impl.RaftServerImpl (ServerState.java:setLeader(256)) - 5732e052-e19f-40fe-a104-972211db20fb@group-0045C62F497D: change Leader from null to fad63ceb-ed14-4322-905d-6ef3599ac734 at term 1 for appendEntries, leader elected after 293ms
2019-10-22 00:12:52,001 [grpc-default-executor-4] INFO  impl.RaftServerImpl (ServerState.java:setLeader(256)) - 1913eeb9-7f58-4aef-bfea-8e00a2a3aadf@group-0045C62F497D: change Leader from null to fad63ceb-ed14-4322-905d-6ef3599ac734 at term 1 for appendEntries, leader elected after 293ms
2019-10-22 00:12:52,011 [Thread-390] INFO  impl.FollowerState (FollowerState.java:run(108)) - d521f5b1-4e7b-4169-9688-2112c7da7b1f@group-597AF0FA787F-FollowerState: change to CANDIDATE, lastRpcTime:72ms, electionTimeout:69ms
2019-10-22 00:12:52,011 [Thread-390] INFO  impl.RoleInfo (RoleInfo.java:shutdownFollowerState(121)) - d521f5b1-4e7b-4169-9688-2112c7da7b1f: shutdown FollowerState
2019-10-22 00:12:52,011 [Thread-390] INFO  impl.RaftServerImpl (RaftServerImpl.java:setRole(184)) - d521f5b1-4e7b-4169-9688-2112c7da7b1f@group-597AF0FA787F: changes role from  FOLLOWER to CANDIDATE at term 0 for changeToCandidate
2019-10-22 00:12:52,022 [Thread-390] INFO  impl.RoleInfo (RoleInfo.java:updateAndGet(143)) - d521f5b1-4e7b-4169-9688-2112c7da7b1f: start LeaderElection
2019-10-22 00:12:52,023 [grpc-default-executor-2] INFO  impl.RaftServerImpl (RaftServerImpl.java:setRole(184)) - 9d453efa-53cb-467a-9eb6-1ab0458610f0@group-597AF0FA787F: changes role from  FOLLOWER to FOLLOWER at term 1 for recognizeCandidate:f318eb4e-a4da-4d18-984a-fa4eff1dbce1
2019-10-22 00:12:52,025 [grpc-default-executor-2] INFO  impl.RoleInfo (RoleInfo.java:shutdownFollowerState(121)) - 9d453efa-53cb-467a-9eb6-1ab0458610f0: shutdown FollowerState
2019-10-22 00:12:52,026 [grpc-default-executor-0] INFO  impl.RaftServerImpl (RaftServerImpl.java:setRole(184)) - d521f5b1-4e7b-4169-9688-2112c7da7b1f@group-597AF0FA787F: changes role from CANDIDATE to FOLLOWER at term 1 for recognizeCandidate:f318eb4e-a4da-4d18-984a-fa4eff1dbce1
2019-10-22 00:12:52,028 [Thread-393] INFO  impl.FollowerState (FollowerState.java:run(117)) - 9d453efa-53cb-467a-9eb6-1ab0458610f0@group-597AF0FA787F-FollowerState was interrupted: java.lang.InterruptedException: sleep interrupted
2019-10-22 00:12:52,028 [grpc-default-executor-2] INFO  impl.RoleInfo (RoleInfo.java:updateAndGet(143)) - 9d453efa-53cb-467a-9eb6-1ab0458610f0: start FollowerState
2019-10-22 00:12:52,028 [grpc-default-executor-0] INFO  impl.RoleInfo (RoleInfo.java:shutdownLeaderElection(134)) - d521f5b1-4e7b-4169-9688-2112c7da7b1f: shutdown LeaderElection
2019-10-22 00:12:52,030 [grpc-default-executor-0] INFO  impl.RoleInfo (RoleInfo.java:updateAndGet(143)) - d521f5b1-4e7b-4169-9688-2112c7da7b1f: start FollowerState
2019-10-22 00:12:52,034 [2a52019e-5647-44e1-bf30-9a43fd8a7377@group-F01152B53F91-LeaderElection16] INFO  impl.LeaderElection (LeaderElection.java:logAndReturn(56)) - 2a52019e-5647-44e1-bf30-9a43fd8a7377@group-F01152B53F91-LeaderElection16: Election PASSED; received 2 response(s) [2a52019e-5647-44e1-bf30-9a43fd8a7377<-2fdb3e93-e0d8-400e-8c33-91e2341b50c6#0:OK-t5, 2a52019e-5647-44e1-bf30-9a43fd8a7377<-062c71de-08d9-40ee-9309-15590e2e8e68#0:FAIL-t5] and 0 exception(s); 2a52019e-5647-44e1-bf30-9a43fd8a7377@group-F01152B53F91:t5, leader=null, voted=2a52019e-5647-44e1-bf30-9a43fd8a7377, raftlog=2a52019e-5647-44e1-bf30-9a43fd8a7377@group-F01152B53F91-SegmentedRaftLog:OPENED:c-1,f-1,i0, conf=-1: [2fdb3e93-e0d8-400e-8c33-91e2341b50c6:192.168.157.254:43254, 062c71de-08d9-40ee-9309-15590e2e8e68:192.168.157.254:45598, 2a52019e-5647-44e1-bf30-9a43fd8a7377:192.168.157.254:36038], old=null
2019-10-22 00:12:52,034 [2a52019e-5647-44e1-bf30-9a43fd8a7377@group-F01152B53F91-LeaderElection16] INFO  impl.RoleInfo (RoleInfo.java:shutdownLeaderElection(134)) - 2a52019e-5647-44e1-bf30-9a43fd8a7377: shutdown LeaderElection
2019-10-22 00:12:52,035 [2a52019e-5647-44e1-bf30-9a43fd8a7377@group-F01152B53F91-LeaderElection16] INFO  impl.RaftServerImpl (RaftServerImpl.java:setRole(184)) - 2a52019e-5647-44e1-bf30-9a43fd8a7377@group-F01152B53F91: changes role from CANDIDATE to LEADER at term 5 for changeToLeader
2019-10-22 00:12:52,036 [2a52019e-5647-44e1-bf30-9a43fd8a7377@group-F01152B53F91-LeaderElection16] INFO  impl.RaftServerImpl (ServerState.java:setLeader(256)) - 2a52019e-5647-44e1-bf30-9a43fd8a7377@group-F01152B53F91: change Leader from null to 2a52019e-5647-44e1-bf30-9a43fd8a7377 at term 5 for becomeLeader, leader elected after 478ms
2019-10-22 00:12:52,036 [2a52019e-5647-44e1-bf30-9a43fd8a7377@group-F01152B53F91-LeaderElection16] INFO  server.RaftServerConfigKeys (ConfUtils.java:logGet(43)) - raft.server.staging.catchup.gap = 1000 (default)
2019-10-22 00:12:52,036 [2a52019e-5647-44e1-bf30-9a43fd8a7377@group-F01152B53F91-LeaderElection16] INFO  server.RaftServerConfigKeys (ConfUtils.java:logGet(43)) - raft.server.rpc.sleep.time = 25ms (default)
2019-10-22 00:12:52,036 [2a52019e-5647-44e1-bf30-9a43fd8a7377@group-F01152B53F91-LeaderElection16] INFO  server.RaftServerConfigKeys (ConfUtils.java:logGet(43)) - raft.server.write.element-limit = 4096 (default)
2019-10-22 00:12:52,036 [2a52019e-5647-44e1-bf30-9a43fd8a7377@group-F01152B53F91-LeaderElection16] INFO  server.RaftServerConfigKeys (ConfUtils.java:logGet(43)) - raft.server.watch.timeout = 10s (default)
2019-10-22 00:12:52,036 [2a52019e-5647-44e1-bf30-9a43fd8a7377@group-F01152B53F91-LeaderElection16] INFO  server.RaftServerConfigKeys (ConfUtils.java:logGet(43)) - raft.server.watch.timeout.denomination = 1s (default)
2019-10-22 00:12:52,036 [2a52019e-5647-44e1-bf30-9a43fd8a7377@group-F01152B53F91-LeaderElection16] INFO  server.RaftServerConfigKeys (ConfUtils.java:logGet(43)) - raft.server.watch.element-limit = 65536 (default)
2019-10-22 00:12:52,038 [2a52019e-5647-44e1-bf30-9a43fd8a7377@group-F01152B53F91-LeaderElection16] INFO  server.RaftServerConfigKeys (ConfUtils.java:logGet(43)) - raft.server.log.appender.snapshot.chunk.size.max = 16MB (=16777216) (default)
2019-10-22 00:12:52,038 [2a52019e-5647-44e1-bf30-9a43fd8a7377@group-F01152B53F91-LeaderElection16] INFO  server.RaftServerConfigKeys (ConfUtils.java:logGet(43)) - raft.server.log.appender.buffer.byte-limit = 33554432 (custom)
2019-10-22 00:12:52,038 [2a52019e-5647-44e1-bf30-9a43fd8a7377@group-F01152B53F91-LeaderElection16] INFO  server.RaftServerConfigKeys (ConfUtils.java:logGet(43)) - raft.server.log.appender.buffer.element-limit = 1 (custom)
2019-10-22 00:12:52,038 [2a52019e-5647-44e1-bf30-9a43fd8a7377@group-F01152B53F91-LeaderElection16] INFO  grpc.GrpcConfigKeys$Server (ConfUtils.java:logGet(43)) - raft.grpc.server.leader.outstanding.appends.max = 128 (default)
2019-10-22 00:12:52,038 [2a52019e-5647-44e1-bf30-9a43fd8a7377@group-F01152B53F91-LeaderElection16] INFO  server.RaftServerConfigKeys (ConfUtils.java:logGet(43)) - raft.server.rpc.request.timeout = 3000ms (default)
2019-10-22 00:12:52,038 [2a52019e-5647-44e1-bf30-9a43fd8a7377@group-F01152B53F91-LeaderElection16] INFO  server.RaftServerConfigKeys (ConfUtils.java:logGet(43)) - raft.server.log.appender.install.snapshot.enabled = false (custom)
2019-10-22 00:12:52,040 [2a52019e-5647-44e1-bf30-9a43fd8a7377@group-F01152B53F91-LeaderElection16] INFO  server.RaftServerConfigKeys (ConfUtils.java:logGet(43)) - raft.server.log.appender.snapshot.chunk.size.max = 16MB (=16777216) (default)
2019-10-22 00:12:52,040 [2a52019e-5647-44e1-bf30-9a43fd8a7377@group-F01152B53F91-LeaderElection16] INFO  server.RaftServerConfigKeys (ConfUtils.java:logGet(43)) - raft.server.log.appender.buffer.byte-limit = 33554432 (custom)
2019-10-22 00:12:52,040 [2a52019e-5647-44e1-bf30-9a43fd8a7377@group-F01152B53F91-LeaderElection16] INFO  server.RaftServerConfigKeys (ConfUtils.java:logGet(43)) - raft.server.log.appender.buffer.element-limit = 1 (custom)
2019-10-22 00:12:52,040 [2a52019e-5647-44e1-bf30-9a43fd8a7377@group-F01152B53F91-LeaderElection16] INFO  grpc.GrpcConfigKeys$Server (ConfUtils.java:logGet(43)) - raft.grpc.server.leader.outstanding.appends.max = 128 (default)
2019-10-22 00:12:52,040 [2a52019e-5647-44e1-bf30-9a43fd8a7377@group-F01152B53F91-LeaderElection16] INFO  server.RaftServerConfigKeys (ConfUtils.java:logGet(43)) - raft.server.rpc.request.timeout = 3000ms (default)
2019-10-22 00:12:52,041 [2a52019e-5647-44e1-bf30-9a43fd8a7377@group-F01152B53F91-LeaderElection16] INFO  server.RaftServerConfigKeys (ConfUtils.java:logGet(43)) - raft.server.log.appender.install.snapshot.enabled = false (custom)
2019-10-22 00:12:52,046 [2a52019e-5647-44e1-bf30-9a43fd8a7377@group-F01152B53F91-LeaderElection16] INFO  impl.RoleInfo (RoleInfo.java:updateAndGet(143)) - 2a52019e-5647-44e1-bf30-9a43fd8a7377: start LeaderState
2019-10-22 00:12:52,046 [2a52019e-5647-44e1-bf30-9a43fd8a7377@group-F01152B53F91-LeaderElection16] INFO  segmented.SegmentedRaftLogWorker (SegmentedRaftLogWorker.java:startLogSegment(385)) - 2a52019e-5647-44e1-bf30-9a43fd8a7377@group-F01152B53F91-SegmentedRaftLogWorker: Starting segment from index:0
2019-10-22 00:12:52,047 [2a52019e-5647-44e1-bf30-9a43fd8a7377@group-F01152B53F91-LeaderElection16] INFO  impl.RaftServerImpl (ServerState.java:setRaftConf(357)) - 2a52019e-5647-44e1-bf30-9a43fd8a7377@group-F01152B53F91: set configuration 0: [2fdb3e93-e0d8-400e-8c33-91e2341b50c6:192.168.157.254:43254, 062c71de-08d9-40ee-9309-15590e2e8e68:192.168.157.254:45598, 2a52019e-5647-44e1-bf30-9a43fd8a7377:192.168.157.254:36038], old=null at 0
2019-10-22 00:12:52,071 [Thread-405] INFO  impl.FollowerState (FollowerState.java:run(108)) - 2fdb3e93-e0d8-400e-8c33-91e2341b50c6@group-F01152B53F91-FollowerState: change to CANDIDATE, lastRpcTime:70ms, electionTimeout:61ms
2019-10-22 00:12:52,072 [Thread-405] INFO  impl.RoleInfo (RoleInfo.java:shutdownFollowerState(121)) - 2fdb3e93-e0d8-400e-8c33-91e2341b50c6: shutdown FollowerState
2019-10-22 00:12:52,072 [d521f5b1-4e7b-4169-9688-2112c7da7b1f@group-597AF0FA787F-LeaderElection18] INFO  impl.LeaderElection (LeaderElection.java:askForVotes(178)) - d521f5b1-4e7b-4169-9688-2112c7da7b1f@group-597AF0FA787F-LeaderElection18: begin an election at term 2 for -1: [d521f5b1-4e7b-4169-9688-2112c7da7b1f:192.168.157.254:45094, 9d453efa-53cb-467a-9eb6-1ab0458610f0:192.168.157.254:38611, f318eb4e-a4da-4d18-984a-fa4eff1dbce1:192.168.157.254:43586], old=null
2019-10-22 00:12:52,073 [Thread-411] INFO  impl.FollowerState (FollowerState.java:run(108)) - d521f5b1-4e7b-4169-9688-2112c7da7b1f@group-597AF0FA787F-FollowerState: change to CANDIDATE, lastRpcTime:42ms, electionTimeout:40ms
2019-10-22 00:12:52,073 [Thread-405] INFO  impl.RaftServerImpl (RaftServerImpl.java:setRole(184)) - 2fdb3e93-e0d8-400e-8c33-91e2341b50c6@group-F01152B53F91: changes role from  FOLLOWER to CANDIDATE at term 5 for changeToCandidate
2019-10-22 00:12:52,074 [Thread-411] INFO  impl.RoleInfo (RoleInfo.java:shutdownFollowerState(121)) - d521f5b1-4e7b-4169-9688-2112c7da7b1f: shutdown FollowerState
2019-10-22 00:12:52,075 [Thread-405] INFO  impl.RoleInfo (RoleInfo.java:updateAndGet(143)) - 2fdb3e93-e0d8-400e-8c33-91e2341b50c6: start LeaderElection
2019-10-22 00:12:52,075 [Thread-411] INFO  impl.RaftServerImpl (RaftServerImpl.java:setRole(184)) - d521f5b1-4e7b-4169-9688-2112c7da7b1f@group-597AF0FA787F: changes role from  FOLLOWER to CANDIDATE at term 2 for changeToCandidate
2019-10-22 00:12:52,076 [Thread-411] INFO  impl.RoleInfo (RoleInfo.java:updateAndGet(143)) - d521f5b1-4e7b-4169-9688-2112c7da7b1f: start LeaderElection
2019-10-22 00:12:52,079 [f318eb4e-a4da-4d18-984a-fa4eff1dbce1@group-597AF0FA787F-LeaderElection17] INFO  impl.LeaderElection (LeaderElection.java:logAndReturn(56)) - f318eb4e-a4da-4d18-984a-fa4eff1dbce1@group-597AF0FA787F-LeaderElection17: Election PASSED; received 2 response(s) [f318eb4e-a4da-4d18-984a-fa4eff1dbce1<-d521f5b1-4e7b-4169-9688-2112c7da7b1f#0:FAIL-t1, f318eb4e-a4da-4d18-984a-fa4eff1dbce1<-9d453efa-53cb-467a-9eb6-1ab0458610f0#0:OK-t1] and 0 exception(s); f318eb4e-a4da-4d18-984a-fa4eff1dbce1@group-597AF0FA787F:t1, leader=null, voted=f318eb4e-a4da-4d18-984a-fa4eff1dbce1, raftlog=f318eb4e-a4da-4d18-984a-fa4eff1dbce1@group-597AF0FA787F-SegmentedRaftLog:OPENED:c-1,f-1,i0, conf=-1: [d521f5b1-4e7b-4169-9688-2112c7da7b1f:192.168.157.254:45094, 9d453efa-53cb-467a-9eb6-1ab0458610f0:192.168.157.254:38611, f318eb4e-a4da-4d18-984a-fa4eff1dbce1:192.168.157.254:43586], old=null
2019-10-22 00:12:52,079 [f318eb4e-a4da-4d18-984a-fa4eff1dbce1@group-597AF0FA787F-LeaderElection17] INFO  impl.RoleInfo (RoleInfo.java:shutdownLeaderElection(134)) - f318eb4e-a4da-4d18-984a-fa4eff1dbce1: shutdown LeaderElection
2019-10-22 00:12:52,079 [f318eb4e-a4da-4d18-984a-fa4eff1dbce1@group-597AF0FA787F-LeaderElection17] INFO  impl.RaftServerImpl (RaftServerImpl.java:setRole(184)) - f318eb4e-a4da-4d18-984a-fa4eff1dbce1@group-597AF0FA787F: changes role from CANDIDATE to LEADER at term 1 for changeToLeader
2019-10-22 00:12:52,080 [f318eb4e-a4da-4d18-984a-fa4eff1dbce1@group-597AF0FA787F-LeaderElection17] INFO  impl.RaftServerImpl (ServerState.java:setLeader(256)) - f318eb4e-a4da-4d18-984a-fa4eff1dbce1@group-597AF0FA787F: change Leader from null to f318eb4e-a4da-4d18-984a-fa4eff1dbce1 at term 1 for becomeLeader, leader elected after 222ms
2019-10-22 00:12:52,080 [f318eb4e-a4da-4d18-984a-fa4eff1dbce1@group-597AF0FA787F-LeaderElection17] INFO  server.RaftServerConfigKeys (ConfUtils.java:logGet(43)) - raft.server.staging.catchup.gap = 1000 (default)
2019-10-22 00:12:52,082 [f318eb4e-a4da-4d18-984a-fa4eff1dbce1@group-597AF0FA787F-LeaderElection17] INFO  server.RaftServerConfigKeys (ConfUtils.java:logGet(43)) - raft.server.rpc.sleep.time = 25ms (default)
2019-10-22 00:12:52,082 [f318eb4e-a4da-4d18-984a-fa4eff1dbce1@group-597AF0FA787F-LeaderElection17] INFO  server.RaftServerConfigKeys (ConfUtils.java:logGet(43)) - raft.server.write.element-limit = 4096 (default)
2019-10-22 00:12:52,083 [f318eb4e-a4da-4d18-984a-fa4eff1dbce1@group-597AF0FA787F-LeaderElection17] INFO  server.RaftServerConfigKeys (ConfUtils.java:logGet(43)) - raft.server.watch.timeout = 10s (default)
2019-10-22 00:12:52,083 [f318eb4e-a4da-4d18-984a-fa4eff1dbce1@group-597AF0FA787F-LeaderElection17] INFO  server.RaftServerConfigKeys (ConfUtils.java:logGet(43)) - raft.server.watch.timeout.denomination = 1s (default)
2019-10-22 00:12:52,084 [f318eb4e-a4da-4d18-984a-fa4eff1dbce1@group-597AF0FA787F-LeaderElection17] INFO  server.RaftServerConfigKeys (ConfUtils.java:logGet(43)) - raft.server.watch.element-limit = 65536 (default)
2019-10-22 00:12:52,084 [grpc-default-executor-5] INFO  impl.RaftServerImpl (ServerState.java:setLeader(256)) - 062c71de-08d9-40ee-9309-15590e2e8e68@group-F01152B53F91: change Leader from null to 2a52019e-5647-44e1-bf30-9a43fd8a7377 at term 5 for appendEntries, leader elected after 187ms
2019-10-22 00:12:52,085 [2a52019e-5647-44e1-bf30-9a43fd8a7377@group-F01152B53F91-SegmentedRaftLogWorker] INFO  segmented.SegmentedRaftLogWorker (SegmentedRaftLogWorker.java:execute(576)) - 2a52019e-5647-44e1-bf30-9a43fd8a7377@group-F01152B53F91-SegmentedRaftLogWorker: created new log segment /workdir/hadoop-ozone/integration-test/target/test-dir/MiniOzoneClusterImpl-8b64dd99-cfc4-48e3-b5ea-61cd2ec80401/datanode-3/data/ratis/f22d20a3-d87d-40a1-b95b-f01152b53f91/current/log_inprogress_0
2019-10-22 00:12:52,085 [d521f5b1-4e7b-4169-9688-2112c7da7b1f@group-597AF0FA787F-LeaderElection20] INFO  impl.LeaderElection (LeaderElection.java:askForVotes(178)) - d521f5b1-4e7b-4169-9688-2112c7da7b1f@group-597AF0FA787F-LeaderElection20: begin an election at term 3 for -1: [d521f5b1-4e7b-4169-9688-2112c7da7b1f:192.168.157.254:45094, 9d453efa-53cb-467a-9eb6-1ab0458610f0:192.168.157.254:38611, f318eb4e-a4da-4d18-984a-fa4eff1dbce1:192.168.157.254:43586], old=null
2019-10-22 00:12:52,085 [2fdb3e93-e0d8-400e-8c33-91e2341b50c6@group-F01152B53F91-LeaderElection19] INFO  impl.LeaderElection (LeaderElection.java:askForVotes(178)) - 2fdb3e93-e0d8-400e-8c33-91e2341b50c6@group-F01152B53F91-LeaderElection19: begin an election at term 6 for -1: [2fdb3e93-e0d8-400e-8c33-91e2341b50c6:192.168.157.254:43254, 062c71de-08d9-40ee-9309-15590e2e8e68:192.168.157.254:45598, 2a52019e-5647-44e1-bf30-9a43fd8a7377:192.168.157.254:36038], old=null
2019-10-22 00:12:52,085 [d521f5b1-4e7b-4169-9688-2112c7da7b1f@group-597AF0FA787F-LeaderElection18] INFO  impl.LeaderElection (LeaderElection.java:logAndReturn(56)) - d521f5b1-4e7b-4169-9688-2112c7da7b1f@group-597AF0FA787F-LeaderElection18: Election REJECTED; received 0 response(s) [] and 0 exception(s); d521f5b1-4e7b-4169-9688-2112c7da7b1f@group-597AF0FA787F:t3, leader=null, voted=d521f5b1-4e7b-4169-9688-2112c7da7b1f, raftlog=d521f5b1-4e7b-4169-9688-2112c7da7b1f@group-597AF0FA787F-SegmentedRaftLog:OPENED:c-1,f-1,i0, conf=-1: [d521f5b1-4e7b-4169-9688-2112c7da7b1f:192.168.157.254:45094, 9d453efa-53cb-467a-9eb6-1ab0458610f0:192.168.157.254:38611, f318eb4e-a4da-4d18-984a-fa4eff1dbce1:192.168.157.254:43586], old=null
2019-10-22 00:12:52,091 [f318eb4e-a4da-4d18-984a-fa4eff1dbce1@group-597AF0FA787F-LeaderElection17] INFO  server.RaftServerConfigKeys (ConfUtils.java:logGet(43)) - raft.server.log.appender.snapshot.chunk.size.max = 16MB (=16777216) (default)
2019-10-22 00:12:52,091 [f318eb4e-a4da-4d18-984a-fa4eff1dbce1@group-597AF0FA787F-LeaderElection17] INFO  server.RaftServerConfigKeys (ConfUtils.java:logGet(43)) - raft.server.log.appender.buffer.byte-limit = 33554432 (custom)
2019-10-22 00:12:52,091 [f318eb4e-a4da-4d18-984a-fa4eff1dbce1@group-597AF0FA787F-LeaderElection17] INFO  server.RaftServerConfigKeys (ConfUtils.java:logGet(43)) - raft.server.log.appender.buffer.element-limit = 1 (custom)
2019-10-22 00:12:52,091 [f318eb4e-a4da-4d18-984a-fa4eff1dbce1@group-597AF0FA787F-LeaderElection17] INFO  grpc.GrpcConfigKeys$Server (ConfUtils.java:logGet(43)) - raft.grpc.server.leader.outstanding.appends.max = 128 (default)
2019-10-22 00:12:52,092 [f318eb4e-a4da-4d18-984a-fa4eff1dbce1@group-597AF0FA787F-LeaderElection17] INFO  server.RaftServerConfigKeys (ConfUtils.java:logGet(43)) - raft.server.rpc.request.timeout = 3000ms (default)
2019-10-22 00:12:52,092 [f318eb4e-a4da-4d18-984a-fa4eff1dbce1@group-597AF0FA787F-LeaderElection17] INFO  server.RaftServerConfigKeys (ConfUtils.java:logGet(43)) - raft.server.log.appender.install.snapshot.enabled = false (custom)
2019-10-22 00:12:52,093 [grpc-default-executor-5] INFO  impl.RaftServerImpl (ServerState.java:setLeader(256)) - 2a52019e-5647-44e1-bf30-9a43fd8a7377@group-F01152B53F91: change Leader from 2a52019e-5647-44e1-bf30-9a43fd8a7377 to null at term 6 for updateCurrentTerm
2019-10-22 00:12:52,094 [grpc-default-executor-6] INFO  impl.RaftServerImpl (ServerState.java:setLeader(256)) - 062c71de-08d9-40ee-9309-15590e2e8e68@group-F01152B53F91: change Leader from 2a52019e-5647-44e1-bf30-9a43fd8a7377 to null at term 6 for updateCurrentTerm
2019-10-22 00:12:52,095 [grpc-default-executor-0] INFO  impl.RaftServerImpl (ServerState.java:setRaftConf(357)) - 5732e052-e19f-40fe-a104-972211db20fb@group-0045C62F497D: set configuration 0: [fad63ceb-ed14-4322-905d-6ef3599ac734:192.168.157.254:39274, 5732e052-e19f-40fe-a104-972211db20fb:192.168.157.254:37262, 1913eeb9-7f58-4aef-bfea-8e00a2a3aadf:192.168.157.254:38825], old=null at 0
2019-10-22 00:12:52,094 [grpc-default-executor-5] INFO  impl.RaftServerImpl (RaftServerImpl.java:setRole(184)) - 2a52019e-5647-44e1-bf30-9a43fd8a7377@group-F01152B53F91: changes role from    LEADER to FOLLOWER at term 6 for recognizeCandidate:2fdb3e93-e0d8-400e-8c33-91e2341b50c6
2019-10-22 00:12:52,095 [grpc-default-executor-4] INFO  impl.RaftServerImpl (ServerState.java:setRaftConf(357)) - 1913eeb9-7f58-4aef-bfea-8e00a2a3aadf@group-0045C62F497D: set configuration 0: [fad63ceb-ed14-4322-905d-6ef3599ac734:192.168.157.254:39274, 5732e052-e19f-40fe-a104-972211db20fb:192.168.157.254:37262, 1913eeb9-7f58-4aef-bfea-8e00a2a3aadf:192.168.157.254:38825], old=null at 0
2019-10-22 00:12:52,095 [f318eb4e-a4da-4d18-984a-fa4eff1dbce1@group-597AF0FA787F-LeaderElection17] INFO  server.RaftServerConfigKeys (ConfUtils.java:logGet(43)) - raft.server.log.appender.snapshot.chunk.size.max = 16MB (=16777216) (default)
2019-10-22 00:12:52,095 [grpc-default-executor-5] INFO  impl.RoleInfo (RoleInfo.java:shutdownLeaderState(104)) - 2a52019e-5647-44e1-bf30-9a43fd8a7377: shutdown LeaderState
2019-10-22 00:12:52,095 [grpc-default-executor-0] INFO  segmented.SegmentedRaftLogWorker (SegmentedRaftLogWorker.java:startLogSegment(385)) - 5732e052-e19f-40fe-a104-972211db20fb@group-0045C62F497D-SegmentedRaftLogWorker: Starting segment from index:0
2019-10-22 00:12:52,095 [grpc-default-executor-6] INFO  impl.RaftServerImpl (RaftServerImpl.java:setRole(184)) - 062c71de-08d9-40ee-9309-15590e2e8e68@group-F01152B53F91: changes role from  FOLLOWER to FOLLOWER at term 6 for recognizeCandidate:2fdb3e93-e0d8-400e-8c33-91e2341b50c6
2019-10-22 00:12:52,099 [org.apache.ratis.server.impl.LogAppender$AppenderDaemon$$Lambda$421/642668633@627f9b09] WARN  server.GrpcLogAppender (GrpcLogAppender.java:mayWait(149)) - 2a52019e-5647-44e1-bf30-9a43fd8a7377@group-F01152B53F91->2fdb3e93-e0d8-400e-8c33-91e2341b50c6-GrpcLogAppender: Wait interrupted by java.lang.InterruptedException
2019-10-22 00:12:52,098 [grpc-default-executor-5] INFO  impl.PendingRequests (PendingRequests.java:sendNotLeaderResponses(202)) - 2a52019e-5647-44e1-bf30-9a43fd8a7377@group-F01152B53F91-PendingRequests: sendNotLeaderResponses
2019-10-22 00:12:52,098 [org.apache.ratis.server.impl.LogAppender$AppenderDaemon$$Lambda$421/642668633@53d779e8] WARN  server.GrpcLogAppender (GrpcLogAppender.java:mayWait(149)) - 2a52019e-5647-44e1-bf30-9a43fd8a7377@group-F01152B53F91->062c71de-08d9-40ee-9309-15590e2e8e68-GrpcLogAppender: Wait interrupted by java.lang.InterruptedException
2019-10-22 00:12:52,095 [f318eb4e-a4da-4d18-984a-fa4eff1dbce1@group-597AF0FA787F-LeaderElection17] INFO  server.RaftServerConfigKeys (ConfUtils.java:logGet(43)) - raft.server.log.appender.buffer.byte-limit = 33554432 (custom)
2019-10-22 00:12:52,095 [grpc-default-executor-4] INFO  segmented.SegmentedRaftLogWorker (SegmentedRaftLogWorker.java:startLogSegment(385)) - 1913eeb9-7f58-4aef-bfea-8e00a2a3aadf@group-0045C62F497D-SegmentedRaftLogWorker: Starting segment from index:0
2019-10-22 00:12:52,129 [f318eb4e-a4da-4d18-984a-fa4eff1dbce1@group-597AF0FA787F-LeaderElection17] INFO  server.RaftServerConfigKeys (ConfUtils.java:logGet(43)) - raft.server.log.appender.buffer.element-limit = 1 (custom)
2019-10-22 00:12:52,101 [grpc-default-executor-5] INFO  impl.RoleInfo (RoleInfo.java:updateAndGet(143)) - 2a52019e-5647-44e1-bf30-9a43fd8a7377: start FollowerState
2019-10-22 00:12:52,099 [grpc-default-executor-6] INFO  impl.RoleInfo (RoleInfo.java:shutdownFollowerState(121)) - 062c71de-08d9-40ee-9309-15590e2e8e68: shutdown FollowerState
2019-10-22 00:12:52,130 [Thread-410] INFO  impl.FollowerState (FollowerState.java:run(108)) - 9d453efa-53cb-467a-9eb6-1ab0458610f0@group-597AF0FA787F-FollowerState: change to CANDIDATE, lastRpcTime:102ms, electionTimeout:74ms
2019-10-22 00:12:52,132 [grpc-default-executor-6] INFO  impl.RoleInfo (RoleInfo.java:updateAndGet(143)) - 062c71de-08d9-40ee-9309-15590e2e8e68: start FollowerState
2019-10-22 00:12:52,132 [Thread-410] INFO  impl.RoleInfo (RoleInfo.java:shutdownFollowerState(121)) - 9d453efa-53cb-467a-9eb6-1ab0458610f0: shutdown FollowerState
2019-10-22 00:12:52,132 [grpc-default-executor-0] INFO  server.GrpcServerProtocolService (GrpcServerProtocolService.java:onCompleted(113)) - 2fdb3e93-e0d8-400e-8c33-91e2341b50c6: Completed APPEND_ENTRIES, lastRequest: 2a52019e-5647-44e1-bf30-9a43fd8a7377->2fdb3e93-e0d8-400e-8c33-91e2341b50c6#0-t5, previous=(t:0, i:0), leaderCommit=-1, initializing? false, entries: <empty>
2019-10-22 00:12:52,132 [Thread-406] INFO  impl.FollowerState (FollowerState.java:run(117)) - 062c71de-08d9-40ee-9309-15590e2e8e68@group-F01152B53F91-FollowerState was interrupted: java.lang.InterruptedException: sleep interrupted
2019-10-22 00:12:52,132 [f318eb4e-a4da-4d18-984a-fa4eff1dbce1@group-597AF0FA787F-LeaderElection17] INFO  grpc.GrpcConfigKeys$Server (ConfUtils.java:logGet(43)) - raft.grpc.server.leader.outstanding.appends.max = 128 (default)
2019-10-22 00:12:52,157 [5732e052-e19f-40fe-a104-972211db20fb@group-0045C62F497D-SegmentedRaftLogWorker] INFO  segmented.SegmentedRaftLogWorker (SegmentedRaftLogWorker.java:execute(576)) - 5732e052-e19f-40fe-a104-972211db20fb@group-0045C62F497D-SegmentedRaftLogWorker: created new log segment /workdir/hadoop-ozone/integration-test/target/test-dir/MiniOzoneClusterImpl-8b64dd99-cfc4-48e3-b5ea-61cd2ec80401/datanode-5/data/ratis/da595827-0818-429d-a28d-0045c62f497d/current/log_inprogress_0
2019-10-22 00:12:52,132 [Thread-410] INFO  impl.RaftServerImpl (RaftServerImpl.java:setRole(184)) - 9d453efa-53cb-467a-9eb6-1ab0458610f0@group-597AF0FA787F: changes role from  FOLLOWER to CANDIDATE at term 1 for changeToCandidate
2019-10-22 00:12:52,158 [f318eb4e-a4da-4d18-984a-fa4eff1dbce1@group-597AF0FA787F-LeaderElection17] INFO  server.RaftServerConfigKeys (ConfUtils.java:logGet(43)) - raft.server.rpc.request.timeout = 3000ms (default)
2019-10-22 00:12:52,160 [Thread-410] INFO  impl.RoleInfo (RoleInfo.java:updateAndGet(143)) - 9d453efa-53cb-467a-9eb6-1ab0458610f0: start LeaderElection
2019-10-22 00:12:52,160 [2fdb3e93-e0d8-400e-8c33-91e2341b50c6@group-F01152B53F91-LeaderElection19] INFO  impl.LeaderElection (LeaderElection.java:logAndReturn(56)) - 2fdb3e93-e0d8-400e-8c33-91e2341b50c6@group-F01152B53F91-LeaderElection19: Election TIMEOUT; received 0 response(s) [] and 0 exception(s); 2fdb3e93-e0d8-400e-8c33-91e2341b50c6@group-F01152B53F91:t6, leader=null, voted=2fdb3e93-e0d8-400e-8c33-91e2341b50c6, raftlog=2fdb3e93-e0d8-400e-8c33-91e2341b50c6@group-F01152B53F91-SegmentedRaftLog:OPENED:c-1,f-1,i0, conf=-1: [2fdb3e93-e0d8-400e-8c33-91e2341b50c6:192.168.157.254:43254, 062c71de-08d9-40ee-9309-15590e2e8e68:192.168.157.254:45598, 2a52019e-5647-44e1-bf30-9a43fd8a7377:192.168.157.254:36038], old=null
2019-10-22 00:12:52,160 [f318eb4e-a4da-4d18-984a-fa4eff1dbce1@group-597AF0FA787F-LeaderElection17] INFO  server.RaftServerConfigKeys (ConfUtils.java:logGet(43)) - raft.server.log.appender.install.snapshot.enabled = false (custom)
2019-10-22 00:12:52,160 [grpc-default-executor-0] INFO  server.GrpcLogAppender (GrpcLogAppender.java:onCompleted(308)) - 2a52019e-5647-44e1-bf30-9a43fd8a7377@group-F01152B53F91->2fdb3e93-e0d8-400e-8c33-91e2341b50c6-AppendLogResponseHandler: follower responses appendEntries COMPLETED
2019-10-22 00:12:52,167 [grpc-default-executor-0] INFO  impl.FollowerInfo (FollowerInfo.java:lambda$new$0(51)) - 2a52019e-5647-44e1-bf30-9a43fd8a7377@group-F01152B53F91->2fdb3e93-e0d8-400e-8c33-91e2341b50c6: nextIndex: updateUnconditionally 0 -> 0
2019-10-22 00:12:52,168 [2fdb3e93-e0d8-400e-8c33-91e2341b50c6@group-F01152B53F91-LeaderElection19] INFO  impl.LeaderElection (LeaderElection.java:askForVotes(178)) - 2fdb3e93-e0d8-400e-8c33-91e2341b50c6@group-F01152B53F91-LeaderElection19: begin an election at term 7 for -1: [2fdb3e93-e0d8-400e-8c33-91e2341b50c6:192.168.157.254:43254, 062c71de-08d9-40ee-9309-15590e2e8e68:192.168.157.254:45598, 2a52019e-5647-44e1-bf30-9a43fd8a7377:192.168.157.254:36038], old=null
2019-10-22 00:12:52,168 [1913eeb9-7f58-4aef-bfea-8e00a2a3aadf@group-0045C62F497D-SegmentedRaftLogWorker] INFO  segmented.SegmentedRaftLogWorker (SegmentedRaftLogWorker.java:execute(576)) - 1913eeb9-7f58-4aef-bfea-8e00a2a3aadf@group-0045C62F497D-SegmentedRaftLogWorker: created new log segment /workdir/hadoop-ozone/integration-test/target/test-dir/MiniOzoneClusterImpl-8b64dd99-cfc4-48e3-b5ea-61cd2ec80401/datanode-8/data/ratis/da595827-0818-429d-a28d-0045c62f497d/current/log_inprogress_0
2019-10-22 00:12:52,168 [f318eb4e-a4da-4d18-984a-fa4eff1dbce1@group-597AF0FA787F-LeaderElection17] INFO  impl.RoleInfo (RoleInfo.java:updateAndGet(143)) - f318eb4e-a4da-4d18-984a-fa4eff1dbce1: start LeaderState
2019-10-22 00:12:52,168 [f318eb4e-a4da-4d18-984a-fa4eff1dbce1@group-597AF0FA787F-LeaderElection17] INFO  segmented.SegmentedRaftLogWorker (SegmentedRaftLogWorker.java:startLogSegment(385)) - f318eb4e-a4da-4d18-984a-fa4eff1dbce1@group-597AF0FA787F-SegmentedRaftLogWorker: Starting segment from index:0
2019-10-22 00:12:52,169 [grpc-default-executor-2] INFO  server.GrpcServerProtocolService (GrpcServerProtocolService.java:onCompleted(113)) - 062c71de-08d9-40ee-9309-15590e2e8e68: Completed APPEND_ENTRIES, lastRequest: 2a52019e-5647-44e1-bf30-9a43fd8a7377->062c71de-08d9-40ee-9309-15590e2e8e68#1-t5, previous=(t:0, i:0), leaderCommit=-1, initializing? false, entries: size=1, first=(t:5, i:0), CONFIGURATIONENTRY
2019-10-22 00:12:52,169 [f318eb4e-a4da-4d18-984a-fa4eff1dbce1@group-597AF0FA787F-LeaderElection17] INFO  impl.RaftServerImpl (ServerState.java:setRaftConf(357)) - f318eb4e-a4da-4d18-984a-fa4eff1dbce1@group-597AF0FA787F: set configuration 0: [d521f5b1-4e7b-4169-9688-2112c7da7b1f:192.168.157.254:45094, 9d453efa-53cb-467a-9eb6-1ab0458610f0:192.168.157.254:38611, f318eb4e-a4da-4d18-984a-fa4eff1dbce1:192.168.157.254:43586], old=null at 0
2019-10-22 00:12:52,171 [9d453efa-53cb-467a-9eb6-1ab0458610f0@group-597AF0FA787F-LeaderElection21] INFO  impl.LeaderElection (LeaderElection.java:askForVotes(178)) - 9d453efa-53cb-467a-9eb6-1ab0458610f0@group-597AF0FA787F-LeaderElection21: begin an election at term 2 for -1: [d521f5b1-4e7b-4169-9688-2112c7da7b1f:192.168.157.254:45094, 9d453efa-53cb-467a-9eb6-1ab0458610f0:192.168.157.254:38611, f318eb4e-a4da-4d18-984a-fa4eff1dbce1:192.168.157.254:43586], old=null
2019-10-22 00:12:52,171 [grpc-default-executor-5] INFO  impl.RaftServerImpl (RaftServerImpl.java:setRole(184)) - 9d453efa-53cb-467a-9eb6-1ab0458610f0@group-597AF0FA787F: changes role from CANDIDATE to FOLLOWER at term 3 for recognizeCandidate:d521f5b1-4e7b-4169-9688-2112c7da7b1f
2019-10-22 00:12:52,171 [grpc-default-executor-3] INFO  impl.RaftServerImpl (ServerState.java:setLeader(256)) - f318eb4e-a4da-4d18-984a-fa4eff1dbce1@group-597AF0FA787F: change Leader from f318eb4e-a4da-4d18-984a-fa4eff1dbce1 to null at term 2 for updateCurrentTerm
2019-10-22 00:12:52,194 [grpc-default-executor-5] INFO  impl.RoleInfo (RoleInfo.java:shutdownLeaderElection(134)) - 9d453efa-53cb-467a-9eb6-1ab0458610f0: shutdown LeaderElection
2019-10-22 00:12:52,194 [grpc-default-executor-3] INFO  impl.RaftServerImpl (RaftServerImpl.java:setRole(184)) - f318eb4e-a4da-4d18-984a-fa4eff1dbce1@group-597AF0FA787F: changes role from    LEADER to FOLLOWER at term 2 for recognizeCandidate:d521f5b1-4e7b-4169-9688-2112c7da7b1f
2019-10-22 00:12:52,194 [grpc-default-executor-5] INFO  impl.RoleInfo (RoleInfo.java:updateAndGet(143)) - 9d453efa-53cb-467a-9eb6-1ab0458610f0: start FollowerState
2019-10-22 00:12:52,194 [grpc-default-executor-3] INFO  impl.RoleInfo (RoleInfo.java:shutdownLeaderState(104)) - f318eb4e-a4da-4d18-984a-fa4eff1dbce1: shutdown LeaderState
2019-10-22 00:12:52,198 [grpc-default-executor-3] INFO  impl.PendingRequests (PendingRequests.java:sendNotLeaderResponses(202)) - f318eb4e-a4da-4d18-984a-fa4eff1dbce1@group-597AF0FA787F-PendingRequests: sendNotLeaderResponses
2019-10-22 00:12:52,198 [org.apache.ratis.server.impl.LogAppender$AppenderDaemon$$Lambda$421/642668633@7ccf14e] WARN  server.GrpcLogAppender (GrpcLogAppender.java:mayWait(149)) - f318eb4e-a4da-4d18-984a-fa4eff1dbce1@group-597AF0FA787F->9d453efa-53cb-467a-9eb6-1ab0458610f0-GrpcLogAppender: Wait interrupted by java.lang.InterruptedException
2019-10-22 00:12:52,198 [org.apache.ratis.server.impl.LogAppender$AppenderDaemon$$Lambda$421/642668633@36300079] WARN  server.GrpcLogAppender (GrpcLogAppender.java:mayWait(149)) - f318eb4e-a4da-4d18-984a-fa4eff1dbce1@group-597AF0FA787F->d521f5b1-4e7b-4169-9688-2112c7da7b1f-GrpcLogAppender: Wait interrupted by java.lang.InterruptedException
2019-10-22 00:12:52,199 [grpc-default-executor-0] INFO  server.GrpcLogAppender (GrpcLogAppender.java:onCompleted(308)) - 2a52019e-5647-44e1-bf30-9a43fd8a7377@group-F01152B53F91->062c71de-08d9-40ee-9309-15590e2e8e68-AppendLogResponseHandler: follower responses appendEntries COMPLETED
2019-10-22 00:12:52,201 [grpc-default-executor-6] INFO  impl.RaftServerImpl (RaftServerImpl.java:setRole(184)) - 062c71de-08d9-40ee-9309-15590e2e8e68@group-F01152B53F91: changes role from  FOLLOWER to FOLLOWER at term 7 for recognizeCandidate:2fdb3e93-e0d8-400e-8c33-91e2341b50c6
2019-10-22 00:12:52,199 [grpc-default-executor-3] INFO  impl.RoleInfo (RoleInfo.java:updateAndGet(143)) - f318eb4e-a4da-4d18-984a-fa4eff1dbce1: start FollowerState
2019-10-22 00:12:52,202 [grpc-default-executor-6] INFO  impl.RoleInfo (RoleInfo.java:shutdownFollowerState(121)) - 062c71de-08d9-40ee-9309-15590e2e8e68: shutdown FollowerState
2019-10-22 00:12:52,204 [Thread-430] INFO  impl.FollowerState (FollowerState.java:run(117)) - 062c71de-08d9-40ee-9309-15590e2e8e68@group-F01152B53F91-FollowerState was interrupted: java.lang.InterruptedException: sleep interrupted
2019-10-22 00:12:52,204 [grpc-default-executor-1] INFO  impl.RaftServerImpl (RaftServerImpl.java:setRole(184)) - 2a52019e-5647-44e1-bf30-9a43fd8a7377@group-F01152B53F91: changes role from  FOLLOWER to FOLLOWER at term 7 for recognizeCandidate:2fdb3e93-e0d8-400e-8c33-91e2341b50c6
2019-10-22 00:12:52,204 [grpc-default-executor-6] INFO  impl.RoleInfo (RoleInfo.java:updateAndGet(143)) - 062c71de-08d9-40ee-9309-15590e2e8e68: start FollowerState
2019-10-22 00:12:52,207 [grpc-default-executor-0] INFO  impl.FollowerInfo (FollowerInfo.java:lambda$new$0(51)) - 2a52019e-5647-44e1-bf30-9a43fd8a7377@group-F01152B53F91->062c71de-08d9-40ee-9309-15590e2e8e68: nextIndex: updateUnconditionally 1 -> 0
2019-10-22 00:12:52,207 [grpc-default-executor-1] INFO  impl.RoleInfo (RoleInfo.java:shutdownFollowerState(121)) - 2a52019e-5647-44e1-bf30-9a43fd8a7377: shutdown FollowerState
2019-10-22 00:12:52,209 [Thread-428] INFO  impl.FollowerState (FollowerState.java:run(117)) - 2a52019e-5647-44e1-bf30-9a43fd8a7377@group-F01152B53F91-FollowerState was interrupted: java.lang.InterruptedException: sleep interrupted
2019-10-22 00:12:52,209 [grpc-default-executor-1] INFO  impl.RoleInfo (RoleInfo.java:updateAndGet(143)) - 2a52019e-5647-44e1-bf30-9a43fd8a7377: start FollowerState
2019-10-22 00:12:52,210 [f318eb4e-a4da-4d18-984a-fa4eff1dbce1@group-597AF0FA787F-SegmentedRaftLogWorker] INFO  segmented.SegmentedRaftLogWorker (SegmentedRaftLogWorker.java:execute(576)) - f318eb4e-a4da-4d18-984a-fa4eff1dbce1@group-597AF0FA787F-SegmentedRaftLogWorker: created new log segment /workdir/hadoop-ozone/integration-test/target/test-dir/MiniOzoneClusterImpl-8b64dd99-cfc4-48e3-b5ea-61cd2ec80401/datanode-7/data/ratis/2f946d77-7a03-43ca-aa29-597af0fa787f/current/log_inprogress_0
2019-10-22 00:12:52,210 [grpc-default-executor-4] INFO  impl.RaftServerImpl (RaftServerImpl.java:setRole(184)) - f318eb4e-a4da-4d18-984a-fa4eff1dbce1@group-597AF0FA787F: changes role from  FOLLOWER to FOLLOWER at term 3 for recognizeCandidate:d521f5b1-4e7b-4169-9688-2112c7da7b1f
2019-10-22 00:12:52,210 [grpc-default-executor-4] INFO  impl.RoleInfo (RoleInfo.java:shutdownFollowerState(121)) - f318eb4e-a4da-4d18-984a-fa4eff1dbce1: shutdown FollowerState
2019-10-22 00:12:52,210 [Thread-439] INFO  impl.FollowerState (FollowerState.java:run(117)) - f318eb4e-a4da-4d18-984a-fa4eff1dbce1@group-597AF0FA787F-FollowerState was interrupted: java.lang.InterruptedException: sleep interrupted
2019-10-22 00:12:52,210 [grpc-default-executor-4] INFO  impl.RoleInfo (RoleInfo.java:updateAndGet(143)) - f318eb4e-a4da-4d18-984a-fa4eff1dbce1: start FollowerState
2019-10-22 00:12:52,210 [9d453efa-53cb-467a-9eb6-1ab0458610f0@group-597AF0FA787F-LeaderElection21] INFO  impl.LeaderElection (LeaderElection.java:logAndReturn(56)) - 9d453efa-53cb-467a-9eb6-1ab0458610f0@group-597AF0FA787F-LeaderElection21: Election REJECTED; received 0 response(s) [] and 0 exception(s); 9d453efa-53cb-467a-9eb6-1ab0458610f0@group-597AF0FA787F:t3, leader=null, voted=null, raftlog=9d453efa-53cb-467a-9eb6-1ab0458610f0@group-597AF0FA787F-SegmentedRaftLog:OPENED:c-1,f-1,i0, conf=-1: [d521f5b1-4e7b-4169-9688-2112c7da7b1f:192.168.157.254:45094, 9d453efa-53cb-467a-9eb6-1ab0458610f0:192.168.157.254:38611, f318eb4e-a4da-4d18-984a-fa4eff1dbce1:192.168.157.254:43586], old=null
2019-10-22 00:12:52,217 [grpc-default-executor-0] INFO  server.GrpcServerProtocolService (GrpcServerProtocolService.java:onCompleted(113)) - d521f5b1-4e7b-4169-9688-2112c7da7b1f: Completed APPEND_ENTRIES, lastRequest: f318eb4e-a4da-4d18-984a-fa4eff1dbce1->d521f5b1-4e7b-4169-9688-2112c7da7b1f#0-t1, previous=(t:0, i:0), leaderCommit=-1, initializing? false, entries: <empty>
2019-10-22 00:12:52,223 [grpc-default-executor-0] INFO  server.GrpcServerProtocolService (GrpcServerProtocolService.java:onCompleted(113)) - 9d453efa-53cb-467a-9eb6-1ab0458610f0: Completed APPEND_ENTRIES, lastRequest: f318eb4e-a4da-4d18-984a-fa4eff1dbce1->9d453efa-53cb-467a-9eb6-1ab0458610f0#0-t1, previous=(t:0, i:0), leaderCommit=-1, initializing? false, entries: <empty>
2019-10-22 00:12:52,226 [Thread-436] INFO  impl.FollowerState (FollowerState.java:run(108)) - 9d453efa-53cb-467a-9eb6-1ab0458610f0@group-597AF0FA787F-FollowerState: change to CANDIDATE, lastRpcTime:31ms, electionTimeout:27ms
2019-10-22 00:12:52,227 [Thread-436] INFO  impl.RoleInfo (RoleInfo.java:shutdownFollowerState(121)) - 9d453efa-53cb-467a-9eb6-1ab0458610f0: shutdown FollowerState
2019-10-22 00:12:52,227 [Thread-436] INFO  impl.RaftServerImpl (RaftServerImpl.java:setRole(184)) - 9d453efa-53cb-467a-9eb6-1ab0458610f0@group-597AF0FA787F: changes role from  FOLLOWER to CANDIDATE at term 3 for changeToCandidate
2019-10-22 00:12:52,227 [grpc-default-executor-3] INFO  server.GrpcLogAppender (GrpcLogAppender.java:onCompleted(308)) - f318eb4e-a4da-4d18-984a-fa4eff1dbce1@group-597AF0FA787F->9d453efa-53cb-467a-9eb6-1ab0458610f0-AppendLogResponseHandler: follower responses appendEntries COMPLETED
2019-10-22 00:12:52,227 [Thread-436] INFO  impl.RoleInfo (RoleInfo.java:updateAndGet(143)) - 9d453efa-53cb-467a-9eb6-1ab0458610f0: start LeaderElection
2019-10-22 00:12:52,228 [grpc-default-executor-6] INFO  server.GrpcLogAppender (GrpcLogAppender.java:onCompleted(308)) - f318eb4e-a4da-4d18-984a-fa4eff1dbce1@group-597AF0FA787F->d521f5b1-4e7b-4169-9688-2112c7da7b1f-AppendLogResponseHandler: follower responses appendEntries COMPLETED
2019-10-22 00:12:52,524 [2fdb3e93-e0d8-400e-8c33-91e2341b50c6@group-F01152B53F91-LeaderElection19] INFO  impl.LeaderElection (LeaderElection.java:logAndReturn(56)) - 2fdb3e93-e0d8-400e-8c33-91e2341b50c6@group-F01152B53F91-LeaderElection19: Election TIMEOUT; received 1 response(s) [2fdb3e93-e0d8-400e-8c33-91e2341b50c6<-062c71de-08d9-40ee-9309-15590e2e8e68#0:FAIL-t7] and 0 exception(s); 2fdb3e93-e0d8-400e-8c33-91e2341b50c6@group-F01152B53F91:t7, leader=null, voted=2fdb3e93-e0d8-400e-8c33-91e2341b50c6, raftlog=2fdb3e93-e0d8-400e-8c33-91e2341b50c6@group-F01152B53F91-SegmentedRaftLog:OPENED:c-1,f-1,i0, conf=-1: [2fdb3e93-e0d8-400e-8c33-91e2341b50c6:192.168.157.254:43254, 062c71de-08d9-40ee-9309-15590e2e8e68:192.168.157.254:45598, 2a52019e-5647-44e1-bf30-9a43fd8a7377:192.168.157.254:36038], old=null
2019-10-22 00:12:52,524 [d521f5b1-4e7b-4169-9688-2112c7da7b1f@group-597AF0FA787F-LeaderElection20] INFO  impl.LeaderElection (LeaderElection.java:logAndReturn(56)) - d521f5b1-4e7b-4169-9688-2112c7da7b1f@group-597AF0FA787F-LeaderElection20: Election TIMEOUT; received 1 response(s) [d521f5b1-4e7b-4169-9688-2112c7da7b1f<-9d453efa-53cb-467a-9eb6-1ab0458610f0#0:FAIL-t3] and 0 exception(s); d521f5b1-4e7b-4169-9688-2112c7da7b1f@group-597AF0FA787F:t3, leader=null, voted=d521f5b1-4e7b-4169-9688-2112c7da7b1f, raftlog=d521f5b1-4e7b-4169-9688-2112c7da7b1f@group-597AF0FA787F-SegmentedRaftLog:OPENED:c-1,f-1,i0, conf=-1: [d521f5b1-4e7b-4169-9688-2112c7da7b1f:192.168.157.254:45094, 9d453efa-53cb-467a-9eb6-1ab0458610f0:192.168.157.254:38611, f318eb4e-a4da-4d18-984a-fa4eff1dbce1:192.168.157.254:43586], old=null
2019-10-22 00:12:52,547 [2fdb3e93-e0d8-400e-8c33-91e2341b50c6@group-F01152B53F91-LeaderElection19] INFO  impl.LeaderElection (LeaderElection.java:askForVotes(178)) - 2fdb3e93-e0d8-400e-8c33-91e2341b50c6@group-F01152B53F91-LeaderElection19: begin an election at term 8 for -1: [2fdb3e93-e0d8-400e-8c33-91e2341b50c6:192.168.157.254:43254, 062c71de-08d9-40ee-9309-15590e2e8e68:192.168.157.254:45598, 2a52019e-5647-44e1-bf30-9a43fd8a7377:192.168.157.254:36038], old=null
2019-10-22 00:12:52,548 [9d453efa-53cb-467a-9eb6-1ab0458610f0@group-597AF0FA787F-LeaderElection22] INFO  impl.LeaderElection (LeaderElection.java:askForVotes(178)) - 9d453efa-53cb-467a-9eb6-1ab0458610f0@group-597AF0FA787F-LeaderElection22: begin an election at term 4 for -1: [d521f5b1-4e7b-4169-9688-2112c7da7b1f:192.168.157.254:45094, 9d453efa-53cb-467a-9eb6-1ab0458610f0:192.168.157.254:38611, f318eb4e-a4da-4d18-984a-fa4eff1dbce1:192.168.157.254:43586], old=null
2019-10-22 00:12:52,550 [grpc-default-executor-3] INFO  impl.FollowerInfo (FollowerInfo.java:lambda$new$0(51)) - f318eb4e-a4da-4d18-984a-fa4eff1dbce1@group-597AF0FA787F->9d453efa-53cb-467a-9eb6-1ab0458610f0: nextIndex: updateUnconditionally 0 -> 0
2019-10-22 00:12:52,555 [grpc-default-executor-6] INFO  impl.FollowerInfo (FollowerInfo.java:lambda$new$0(51)) - f318eb4e-a4da-4d18-984a-fa4eff1dbce1@group-597AF0FA787F->d521f5b1-4e7b-4169-9688-2112c7da7b1f: nextIndex: updateUnconditionally 0 -> 0
2019-10-22 00:12:52,556 [grpc-default-executor-6] INFO  impl.RaftServerImpl (RaftServerImpl.java:setRole(184)) - 062c71de-08d9-40ee-9309-15590e2e8e68@group-F01152B53F91: changes role from  FOLLOWER to FOLLOWER at term 8 for recognizeCandidate:2fdb3e93-e0d8-400e-8c33-91e2341b50c6
2019-10-22 00:12:52,556 [grpc-default-executor-6] INFO  impl.RoleInfo (RoleInfo.java:shutdownFollowerState(121)) - 062c71de-08d9-40ee-9309-15590e2e8e68: shutdown FollowerState
2019-10-22 00:12:52,558 [grpc-default-executor-6] INFO  impl.RoleInfo (RoleInfo.java:updateAndGet(143)) - 062c71de-08d9-40ee-9309-15590e2e8e68: start FollowerState
2019-10-22 00:12:52,558 [Thread-440] INFO  impl.FollowerState (FollowerState.java:run(117)) - 062c71de-08d9-40ee-9309-15590e2e8e68@group-F01152B53F91-FollowerState was interrupted: java.lang.InterruptedException: sleep interrupted
2019-10-22 00:12:52,561 [grpc-default-executor-5] INFO  impl.RaftServerImpl (RaftServerImpl.java:setRole(184)) - 2a52019e-5647-44e1-bf30-9a43fd8a7377@group-F01152B53F91: changes role from  FOLLOWER to FOLLOWER at term 8 for recognizeCandidate:2fdb3e93-e0d8-400e-8c33-91e2341b50c6
2019-10-22 00:12:52,561 [grpc-default-executor-4] INFO  impl.RaftServerImpl (RaftServerImpl.java:setRole(184)) - f318eb4e-a4da-4d18-984a-fa4eff1dbce1@group-597AF0FA787F: changes role from  FOLLOWER to FOLLOWER at term 4 for recognizeCandidate:9d453efa-53cb-467a-9eb6-1ab0458610f0
2019-10-22 00:12:52,561 [grpc-default-executor-5] INFO  impl.RoleInfo (RoleInfo.java:shutdownFollowerState(121)) - 2a52019e-5647-44e1-bf30-9a43fd8a7377: shutdown FollowerState
2019-10-22 00:12:52,561 [grpc-default-executor-4] INFO  impl.RoleInfo (RoleInfo.java:shutdownFollowerState(121)) - f318eb4e-a4da-4d18-984a-fa4eff1dbce1: shutdown FollowerState
2019-10-22 00:12:52,561 [grpc-default-executor-5] INFO  impl.RoleInfo (RoleInfo.java:updateAndGet(143)) - 2a52019e-5647-44e1-bf30-9a43fd8a7377: start FollowerState
2019-10-22 00:12:52,561 [Thread-441] INFO  impl.FollowerState (FollowerState.java:run(117)) - 2a52019e-5647-44e1-bf30-9a43fd8a7377@group-F01152B53F91-FollowerState was interrupted: java.lang.InterruptedException: sleep interrupted
2019-10-22 00:12:52,561 [Thread-444] INFO  impl.FollowerState (FollowerState.java:run(117)) - f318eb4e-a4da-4d18-984a-fa4eff1dbce1@group-597AF0FA787F-FollowerState was interrupted: java.lang.InterruptedException: sleep interrupted
2019-10-22 00:12:52,561 [grpc-default-executor-4] INFO  impl.RoleInfo (RoleInfo.java:updateAndGet(143)) - f318eb4e-a4da-4d18-984a-fa4eff1dbce1: start FollowerState
2019-10-22 00:12:52,567 [d521f5b1-4e7b-4169-9688-2112c7da7b1f@group-597AF0FA787F-LeaderElection20] INFO  impl.LeaderElection (LeaderElection.java:askForVotes(178)) - d521f5b1-4e7b-4169-9688-2112c7da7b1f@group-597AF0FA787F-LeaderElection20: begin an election at term 4 for -1: [d521f5b1-4e7b-4169-9688-2112c7da7b1f:192.168.157.254:45094, 9d453efa-53cb-467a-9eb6-1ab0458610f0:192.168.157.254:38611, f318eb4e-a4da-4d18-984a-fa4eff1dbce1:192.168.157.254:43586], old=null
2019-10-22 00:12:52,584 [2fdb3e93-e0d8-400e-8c33-91e2341b50c6@group-F01152B53F91-LeaderElection19] INFO  impl.LeaderElection (LeaderElection.java:logAndReturn(56)) - 2fdb3e93-e0d8-400e-8c33-91e2341b50c6@group-F01152B53F91-LeaderElection19: Election TIMEOUT; received 1 response(s) [2fdb3e93-e0d8-400e-8c33-91e2341b50c6<-062c71de-08d9-40ee-9309-15590e2e8e68#0:FAIL-t8] and 0 exception(s); 2fdb3e93-e0d8-400e-8c33-91e2341b50c6@group-F01152B53F91:t8, leader=null, voted=2fdb3e93-e0d8-400e-8c33-91e2341b50c6, raftlog=2fdb3e93-e0d8-400e-8c33-91e2341b50c6@group-F01152B53F91-SegmentedRaftLog:OPENED:c-1,f-1,i0, conf=-1: [2fdb3e93-e0d8-400e-8c33-91e2341b50c6:192.168.157.254:43254, 062c71de-08d9-40ee-9309-15590e2e8e68:192.168.157.254:45598, 2a52019e-5647-44e1-bf30-9a43fd8a7377:192.168.157.254:36038], old=null
2019-10-22 00:12:52,585 [grpc-default-executor-4] INFO  impl.RaftServerImpl (RaftServerImpl.java:setRole(184)) - f318eb4e-a4da-4d18-984a-fa4eff1dbce1@group-597AF0FA787F: changes role from  FOLLOWER to FOLLOWER at term 4 for recognizeCandidate:d521f5b1-4e7b-4169-9688-2112c7da7b1f
2019-10-22 00:12:52,586 [grpc-default-executor-4] INFO  impl.RoleInfo (RoleInfo.java:shutdownFollowerState(121)) - f318eb4e-a4da-4d18-984a-fa4eff1dbce1: shutdown FollowerState
2019-10-22 00:12:52,586 [grpc-default-executor-4] INFO  impl.RoleInfo (RoleInfo.java:updateAndGet(143)) - f318eb4e-a4da-4d18-984a-fa4eff1dbce1: start FollowerState
2019-10-22 00:12:52,586 [Thread-452] INFO  impl.FollowerState (FollowerState.java:run(117)) - f318eb4e-a4da-4d18-984a-fa4eff1dbce1@group-597AF0FA787F-FollowerState was interrupted: java.lang.InterruptedException: sleep interrupted
2019-10-22 00:12:52,592 [9d453efa-53cb-467a-9eb6-1ab0458610f0@group-597AF0FA787F-LeaderElection22] INFO  impl.LeaderElection (LeaderElection.java:logAndReturn(56)) - 9d453efa-53cb-467a-9eb6-1ab0458610f0@group-597AF0FA787F-LeaderElection22: Election REJECTED; received 2 response(s) [9d453efa-53cb-467a-9eb6-1ab0458610f0<-d521f5b1-4e7b-4169-9688-2112c7da7b1f#0:FAIL-t4, 9d453efa-53cb-467a-9eb6-1ab0458610f0<-f318eb4e-a4da-4d18-984a-fa4eff1dbce1#0:FAIL-t4] and 0 exception(s); 9d453efa-53cb-467a-9eb6-1ab0458610f0@group-597AF0FA787F:t4, leader=null, voted=9d453efa-53cb-467a-9eb6-1ab0458610f0, raftlog=9d453efa-53cb-467a-9eb6-1ab0458610f0@group-597AF0FA787F-SegmentedRaftLog:OPENED:c-1,f-1,i0, conf=-1: [d521f5b1-4e7b-4169-9688-2112c7da7b1f:192.168.157.254:45094, 9d453efa-53cb-467a-9eb6-1ab0458610f0:192.168.157.254:38611, f318eb4e-a4da-4d18-984a-fa4eff1dbce1:192.168.157.254:43586], old=null
2019-10-22 00:12:52,592 [9d453efa-53cb-467a-9eb6-1ab0458610f0@group-597AF0FA787F-LeaderElection22] INFO  impl.RaftServerImpl (RaftServerImpl.java:setRole(184)) - 9d453efa-53cb-467a-9eb6-1ab0458610f0@group-597AF0FA787F: changes role from CANDIDATE to FOLLOWER at term 4 for DISCOVERED_A_NEW_TERM
2019-10-22 00:12:52,593 [d521f5b1-4e7b-4169-9688-2112c7da7b1f@group-597AF0FA787F-LeaderElection20] INFO  impl.LeaderElection (LeaderElection.java:logAndReturn(56)) - d521f5b1-4e7b-4169-9688-2112c7da7b1f@group-597AF0FA787F-LeaderElection20: Election REJECTED; received 2 response(s) [d521f5b1-4e7b-4169-9688-2112c7da7b1f<-9d453efa-53cb-467a-9eb6-1ab0458610f0#0:FAIL-t4, d521f5b1-4e7b-4169-9688-2112c7da7b1f<-f318eb4e-a4da-4d18-984a-fa4eff1dbce1#0:FAIL-t4] and 0 exception(s); d521f5b1-4e7b-4169-9688-2112c7da7b1f@group-597AF0FA787F:t4, leader=null, voted=d521f5b1-4e7b-4169-9688-2112c7da7b1f, raftlog=d521f5b1-4e7b-4169-9688-2112c7da7b1f@group-597AF0FA787F-SegmentedRaftLog:OPENED:c-1,f-1,i0, conf=-1: [d521f5b1-4e7b-4169-9688-2112c7da7b1f:192.168.157.254:45094, 9d453efa-53cb-467a-9eb6-1ab0458610f0:192.168.157.254:38611, f318eb4e-a4da-4d18-984a-fa4eff1dbce1:192.168.157.254:43586], old=null
2019-10-22 00:12:52,593 [9d453efa-53cb-467a-9eb6-1ab0458610f0@group-597AF0FA787F-LeaderElection22] INFO  impl.RoleInfo (RoleInfo.java:shutdownLeaderElection(134)) - 9d453efa-53cb-467a-9eb6-1ab0458610f0: shutdown LeaderElection
2019-10-22 00:12:52,614 [d521f5b1-4e7b-4169-9688-2112c7da7b1f@group-597AF0FA787F-LeaderElection20] INFO  impl.RaftServerImpl (RaftServerImpl.java:setRole(184)) - d521f5b1-4e7b-4169-9688-2112c7da7b1f@group-597AF0FA787F: changes role from CANDIDATE to FOLLOWER at term 4 for DISCOVERED_A_NEW_TERM
2019-10-22 00:12:52,616 [d521f5b1-4e7b-4169-9688-2112c7da7b1f@group-597AF0FA787F-LeaderElection20] INFO  impl.RoleInfo (RoleInfo.java:shutdownLeaderElection(134)) - d521f5b1-4e7b-4169-9688-2112c7da7b1f: shutdown LeaderElection
2019-10-22 00:12:52,616 [9d453efa-53cb-467a-9eb6-1ab0458610f0@group-597AF0FA787F-LeaderElection22] INFO  impl.RoleInfo (RoleInfo.java:updateAndGet(143)) - 9d453efa-53cb-467a-9eb6-1ab0458610f0: start FollowerState
2019-10-22 00:12:52,616 [2fdb3e93-e0d8-400e-8c33-91e2341b50c6@group-F01152B53F91-LeaderElection19] INFO  impl.LeaderElection (LeaderElection.java:askForVotes(178)) - 2fdb3e93-e0d8-400e-8c33-91e2341b50c6@group-F01152B53F91-LeaderElection19: begin an election at term 9 for -1: [2fdb3e93-e0d8-400e-8c33-91e2341b50c6:192.168.157.254:43254, 062c71de-08d9-40ee-9309-15590e2e8e68:192.168.157.254:45598, 2a52019e-5647-44e1-bf30-9a43fd8a7377:192.168.157.254:36038], old=null
2019-10-22 00:12:52,616 [d521f5b1-4e7b-4169-9688-2112c7da7b1f@group-597AF0FA787F-LeaderElection20] INFO  impl.RoleInfo (RoleInfo.java:updateAndGet(143)) - d521f5b1-4e7b-4169-9688-2112c7da7b1f: start FollowerState
2019-10-22 00:12:52,620 [Thread-283] INFO  container.ReplicationManager (ReplicationManager.java:start(162)) - Starting Replication Monitor Thread.
2019-10-22 00:12:52,621 [ReplicationMonitor] INFO  container.ReplicationManager (ReplicationManager.java:run(225)) - Replication Monitor Thread took 1 milliseconds for processing 0 containers.
2019-10-22 00:12:52,622 [grpc-default-executor-4] INFO  impl.RaftServerImpl (RaftServerImpl.java:setRole(184)) - 062c71de-08d9-40ee-9309-15590e2e8e68@group-F01152B53F91: changes role from  FOLLOWER to FOLLOWER at term 9 for recognizeCandidate:2fdb3e93-e0d8-400e-8c33-91e2341b50c6
2019-10-22 00:12:52,622 [grpc-default-executor-5] INFO  impl.RaftServerImpl (RaftServerImpl.java:setRole(184)) - 2a52019e-5647-44e1-bf30-9a43fd8a7377@group-F01152B53F91: changes role from  FOLLOWER to FOLLOWER at term 9 for recognizeCandidate:2fdb3e93-e0d8-400e-8c33-91e2341b50c6
2019-10-22 00:12:52,622 [grpc-default-executor-4] INFO  impl.RoleInfo (RoleInfo.java:shutdownFollowerState(121)) - 062c71de-08d9-40ee-9309-15590e2e8e68: shutdown FollowerState
2019-10-22 00:12:52,622 [grpc-default-executor-5] INFO  impl.RoleInfo (RoleInfo.java:shutdownFollowerState(121)) - 2a52019e-5647-44e1-bf30-9a43fd8a7377: shutdown FollowerState
2019-10-22 00:12:52,622 [Thread-450] INFO  impl.FollowerState (FollowerState.java:run(117)) - 062c71de-08d9-40ee-9309-15590e2e8e68@group-F01152B53F91-FollowerState was interrupted: java.lang.InterruptedException: sleep interrupted
2019-10-22 00:12:52,622 [grpc-default-executor-5] INFO  impl.RoleInfo (RoleInfo.java:updateAndGet(143)) - 2a52019e-5647-44e1-bf30-9a43fd8a7377: start FollowerState
2019-10-22 00:12:52,622 [grpc-default-executor-4] INFO  impl.RoleInfo (RoleInfo.java:updateAndGet(143)) - 062c71de-08d9-40ee-9309-15590e2e8e68: start FollowerState
2019-10-22 00:12:52,622 [Thread-451] INFO  impl.FollowerState (FollowerState.java:run(117)) - 2a52019e-5647-44e1-bf30-9a43fd8a7377@group-F01152B53F91-FollowerState was interrupted: java.lang.InterruptedException: sleep interrupted
2019-10-22 00:12:52,643 [2fdb3e93-e0d8-400e-8c33-91e2341b50c6@group-F01152B53F91-LeaderElection19] INFO  impl.LeaderElection (LeaderElection.java:logAndReturn(56)) - 2fdb3e93-e0d8-400e-8c33-91e2341b50c6@group-F01152B53F91-LeaderElection19: Election REJECTED; received 2 response(s) [2fdb3e93-e0d8-400e-8c33-91e2341b50c6<-062c71de-08d9-40ee-9309-15590e2e8e68#0:FAIL-t9, 2fdb3e93-e0d8-400e-8c33-91e2341b50c6<-2a52019e-5647-44e1-bf30-9a43fd8a7377#0:FAIL-t9] and 0 exception(s); 2fdb3e93-e0d8-400e-8c33-91e2341b50c6@group-F01152B53F91:t9, leader=null, voted=2fdb3e93-e0d8-400e-8c33-91e2341b50c6, raftlog=2fdb3e93-e0d8-400e-8c33-91e2341b50c6@group-F01152B53F91-SegmentedRaftLog:OPENED:c-1,f-1,i0, conf=-1: [2fdb3e93-e0d8-400e-8c33-91e2341b50c6:192.168.157.254:43254, 062c71de-08d9-40ee-9309-15590e2e8e68:192.168.157.254:45598, 2a52019e-5647-44e1-bf30-9a43fd8a7377:192.168.157.254:36038], old=null
2019-10-22 00:12:52,643 [2fdb3e93-e0d8-400e-8c33-91e2341b50c6@group-F01152B53F91-LeaderElection19] INFO  impl.RaftServerImpl (RaftServerImpl.java:setRole(184)) - 2fdb3e93-e0d8-400e-8c33-91e2341b50c6@group-F01152B53F91: changes role from CANDIDATE to FOLLOWER at term 9 for DISCOVERED_A_NEW_TERM
2019-10-22 00:12:52,643 [2fdb3e93-e0d8-400e-8c33-91e2341b50c6@group-F01152B53F91-LeaderElection19] INFO  impl.RoleInfo (RoleInfo.java:shutdownLeaderElection(134)) - 2fdb3e93-e0d8-400e-8c33-91e2341b50c6: shutdown LeaderElection
2019-10-22 00:12:52,644 [2fdb3e93-e0d8-400e-8c33-91e2341b50c6@group-F01152B53F91-LeaderElection19] INFO  impl.RoleInfo (RoleInfo.java:updateAndGet(143)) - 2fdb3e93-e0d8-400e-8c33-91e2341b50c6: start FollowerState
2019-10-22 00:12:52,700 [Thread-458] INFO  impl.FollowerState (FollowerState.java:run(108)) - d521f5b1-4e7b-4169-9688-2112c7da7b1f@group-597AF0FA787F-FollowerState: change to CANDIDATE, lastRpcTime:83ms, electionTimeout:81ms
2019-10-22 00:12:52,702 [Thread-458] INFO  impl.RoleInfo (RoleInfo.java:shutdownFollowerState(121)) - d521f5b1-4e7b-4169-9688-2112c7da7b1f: shutdown FollowerState
2019-10-22 00:12:52,702 [Thread-458] INFO  impl.RaftServerImpl (RaftServerImpl.java:setRole(184)) - d521f5b1-4e7b-4169-9688-2112c7da7b1f@group-597AF0FA787F: changes role from  FOLLOWER to CANDIDATE at term 4 for changeToCandidate
2019-10-22 00:12:52,702 [Thread-458] INFO  impl.RoleInfo (RoleInfo.java:updateAndGet(143)) - d521f5b1-4e7b-4169-9688-2112c7da7b1f: start LeaderElection
2019-10-22 00:12:52,719 [d521f5b1-4e7b-4169-9688-2112c7da7b1f@group-597AF0FA787F-LeaderElection23] INFO  impl.LeaderElection (LeaderElection.java:askForVotes(178)) - d521f5b1-4e7b-4169-9688-2112c7da7b1f@group-597AF0FA787F-LeaderElection23: begin an election at term 5 for -1: [d521f5b1-4e7b-4169-9688-2112c7da7b1f:192.168.157.254:45094, 9d453efa-53cb-467a-9eb6-1ab0458610f0:192.168.157.254:38611, f318eb4e-a4da-4d18-984a-fa4eff1dbce1:192.168.157.254:43586], old=null
2019-10-22 00:12:52,724 [grpc-default-executor-4] INFO  impl.RaftServerImpl (RaftServerImpl.java:setRole(184)) - 9d453efa-53cb-467a-9eb6-1ab0458610f0@group-597AF0FA787F: changes role from  FOLLOWER to FOLLOWER at term 5 for recognizeCandidate:d521f5b1-4e7b-4169-9688-2112c7da7b1f
2019-10-22 00:12:52,724 [grpc-default-executor-5] INFO  impl.RaftServerImpl (RaftServerImpl.java:setRole(184)) - f318eb4e-a4da-4d18-984a-fa4eff1dbce1@group-597AF0FA787F: changes role from  FOLLOWER to FOLLOWER at term 5 for recognizeCandidate:d521f5b1-4e7b-4169-9688-2112c7da7b1f
2019-10-22 00:12:52,725 [grpc-default-executor-4] INFO  impl.RoleInfo (RoleInfo.java:shutdownFollowerState(121)) - 9d453efa-53cb-467a-9eb6-1ab0458610f0: shutdown FollowerState
2019-10-22 00:12:52,725 [main] INFO  rpc.RpcClient (RpcClient.java:createVolume(272)) - Creating Volume: datanodefailurehandlingtest, with jenkins1000 as owner.
2019-10-22 00:12:52,725 [grpc-default-executor-5] INFO  impl.RoleInfo (RoleInfo.java:shutdownFollowerState(121)) - f318eb4e-a4da-4d18-984a-fa4eff1dbce1: shutdown FollowerState
2019-10-22 00:12:52,725 [Thread-457] INFO  impl.FollowerState (FollowerState.java:run(117)) - 9d453efa-53cb-467a-9eb6-1ab0458610f0@group-597AF0FA787F-FollowerState was interrupted: java.lang.InterruptedException: sleep interrupted
2019-10-22 00:12:52,725 [grpc-default-executor-4] INFO  impl.RoleInfo (RoleInfo.java:updateAndGet(143)) - 9d453efa-53cb-467a-9eb6-1ab0458610f0: start FollowerState
2019-10-22 00:12:52,725 [Thread-456] INFO  impl.FollowerState (FollowerState.java:run(117)) - f318eb4e-a4da-4d18-984a-fa4eff1dbce1@group-597AF0FA787F-FollowerState was interrupted: java.lang.InterruptedException: sleep interrupted
2019-10-22 00:12:52,725 [grpc-default-executor-5] INFO  impl.RoleInfo (RoleInfo.java:updateAndGet(143)) - f318eb4e-a4da-4d18-984a-fa4eff1dbce1: start FollowerState
2019-10-22 00:12:52,739 [d521f5b1-4e7b-4169-9688-2112c7da7b1f@group-597AF0FA787F-LeaderElection23] INFO  impl.LeaderElection (LeaderElection.java:logAndReturn(56)) - d521f5b1-4e7b-4169-9688-2112c7da7b1f@group-597AF0FA787F-LeaderElection23: Election PASSED; received 1 response(s) [d521f5b1-4e7b-4169-9688-2112c7da7b1f<-9d453efa-53cb-467a-9eb6-1ab0458610f0#0:OK-t5] and 0 exception(s); d521f5b1-4e7b-4169-9688-2112c7da7b1f@group-597AF0FA787F:t5, leader=null, voted=d521f5b1-4e7b-4169-9688-2112c7da7b1f, raftlog=d521f5b1-4e7b-4169-9688-2112c7da7b1f@group-597AF0FA787F-SegmentedRaftLog:OPENED:c-1,f-1,i0, conf=-1: [d521f5b1-4e7b-4169-9688-2112c7da7b1f:192.168.157.254:45094, 9d453efa-53cb-467a-9eb6-1ab0458610f0:192.168.157.254:38611, f318eb4e-a4da-4d18-984a-fa4eff1dbce1:192.168.157.254:43586], old=null
2019-10-22 00:12:52,739 [d521f5b1-4e7b-4169-9688-2112c7da7b1f@group-597AF0FA787F-LeaderElection23] INFO  impl.RoleInfo (RoleInfo.java:shutdownLeaderElection(134)) - d521f5b1-4e7b-4169-9688-2112c7da7b1f: shutdown LeaderElection
2019-10-22 00:12:52,739 [d521f5b1-4e7b-4169-9688-2112c7da7b1f@group-597AF0FA787F-LeaderElection23] INFO  impl.RaftServerImpl (RaftServerImpl.java:setRole(184)) - d521f5b1-4e7b-4169-9688-2112c7da7b1f@group-597AF0FA787F: changes role from CANDIDATE to LEADER at term 5 for changeToLeader
2019-10-22 00:12:52,739 [d521f5b1-4e7b-4169-9688-2112c7da7b1f@group-597AF0FA787F-LeaderElection23] INFO  impl.RaftServerImpl (ServerState.java:setLeader(256)) - d521f5b1-4e7b-4169-9688-2112c7da7b1f@group-597AF0FA787F: change Leader from null to d521f5b1-4e7b-4169-9688-2112c7da7b1f at term 5 for becomeLeader, leader elected after 881ms
2019-10-22 00:12:52,739 [d521f5b1-4e7b-4169-9688-2112c7da7b1f@group-597AF0FA787F-LeaderElection23] INFO  server.RaftServerConfigKeys (ConfUtils.java:logGet(43)) - raft.server.staging.catchup.gap = 1000 (default)
2019-10-22 00:12:52,739 [d521f5b1-4e7b-4169-9688-2112c7da7b1f@group-597AF0FA787F-LeaderElection23] INFO  server.RaftServerConfigKeys (ConfUtils.java:logGet(43)) - raft.server.rpc.sleep.time = 25ms (default)
2019-10-22 00:12:52,740 [d521f5b1-4e7b-4169-9688-2112c7da7b1f@group-597AF0FA787F-LeaderElection23] INFO  server.RaftServerConfigKeys (ConfUtils.java:logGet(43)) - raft.server.write.element-limit = 4096 (default)
2019-10-22 00:12:52,740 [d521f5b1-4e7b-4169-9688-2112c7da7b1f@group-597AF0FA787F-LeaderElection23] INFO  server.RaftServerConfigKeys (ConfUtils.java:logGet(43)) - raft.server.watch.timeout = 10s (default)
2019-10-22 00:12:52,740 [d521f5b1-4e7b-4169-9688-2112c7da7b1f@group-597AF0FA787F-LeaderElection23] INFO  server.RaftServerConfigKeys (ConfUtils.java:logGet(43)) - raft.server.watch.timeout.denomination = 1s (default)
2019-10-22 00:12:52,740 [d521f5b1-4e7b-4169-9688-2112c7da7b1f@group-597AF0FA787F-LeaderElection23] INFO  server.RaftServerConfigKeys (ConfUtils.java:logGet(43)) - raft.server.watch.element-limit = 65536 (default)
2019-10-22 00:12:52,742 [d521f5b1-4e7b-4169-9688-2112c7da7b1f@group-597AF0FA787F-LeaderElection23] INFO  server.RaftServerConfigKeys (ConfUtils.java:logGet(43)) - raft.server.log.appender.snapshot.chunk.size.max = 16MB (=16777216) (default)
2019-10-22 00:12:52,742 [d521f5b1-4e7b-4169-9688-2112c7da7b1f@group-597AF0FA787F-LeaderElection23] INFO  server.RaftServerConfigKeys (ConfUtils.java:logGet(43)) - raft.server.log.appender.buffer.byte-limit = 33554432 (custom)
2019-10-22 00:12:52,742 [d521f5b1-4e7b-4169-9688-2112c7da7b1f@group-597AF0FA787F-LeaderElection23] INFO  server.RaftServerConfigKeys (ConfUtils.java:logGet(43)) - raft.server.log.appender.buffer.element-limit = 1 (custom)
2019-10-22 00:12:52,742 [d521f5b1-4e7b-4169-9688-2112c7da7b1f@group-597AF0FA787F-LeaderElection23] INFO  grpc.GrpcConfigKeys$Server (ConfUtils.java:logGet(43)) - raft.grpc.server.leader.outstanding.appends.max = 128 (default)
2019-10-22 00:12:52,742 [d521f5b1-4e7b-4169-9688-2112c7da7b1f@group-597AF0FA787F-LeaderElection23] INFO  server.RaftServerConfigKeys (ConfUtils.java:logGet(43)) - raft.server.rpc.request.timeout = 3000ms (default)
2019-10-22 00:12:52,742 [d521f5b1-4e7b-4169-9688-2112c7da7b1f@group-597AF0FA787F-LeaderElection23] INFO  server.RaftServerConfigKeys (ConfUtils.java:logGet(43)) - raft.server.log.appender.install.snapshot.enabled = false (custom)
2019-10-22 00:12:52,744 [d521f5b1-4e7b-4169-9688-2112c7da7b1f@group-597AF0FA787F-LeaderElection23] INFO  server.RaftServerConfigKeys (ConfUtils.java:logGet(43)) - raft.server.log.appender.snapshot.chunk.size.max = 16MB (=16777216) (default)
2019-10-22 00:12:52,744 [d521f5b1-4e7b-4169-9688-2112c7da7b1f@group-597AF0FA787F-LeaderElection23] INFO  server.RaftServerConfigKeys (ConfUtils.java:logGet(43)) - raft.server.log.appender.buffer.byte-limit = 33554432 (custom)
2019-10-22 00:12:52,744 [d521f5b1-4e7b-4169-9688-2112c7da7b1f@group-597AF0FA787F-LeaderElection23] INFO  server.RaftServerConfigKeys (ConfUtils.java:logGet(43)) - raft.server.log.appender.buffer.element-limit = 1 (custom)
2019-10-22 00:12:52,744 [d521f5b1-4e7b-4169-9688-2112c7da7b1f@group-597AF0FA787F-LeaderElection23] INFO  grpc.GrpcConfigKeys$Server (ConfUtils.java:logGet(43)) - raft.grpc.server.leader.outstanding.appends.max = 128 (default)
2019-10-22 00:12:52,744 [d521f5b1-4e7b-4169-9688-2112c7da7b1f@group-597AF0FA787F-LeaderElection23] INFO  server.RaftServerConfigKeys (ConfUtils.java:logGet(43)) - raft.server.rpc.request.timeout = 3000ms (default)
2019-10-22 00:12:52,745 [d521f5b1-4e7b-4169-9688-2112c7da7b1f@group-597AF0FA787F-LeaderElection23] INFO  server.RaftServerConfigKeys (ConfUtils.java:logGet(43)) - raft.server.log.appender.install.snapshot.enabled = false (custom)
2019-10-22 00:12:52,746 [d521f5b1-4e7b-4169-9688-2112c7da7b1f@group-597AF0FA787F-LeaderElection23] INFO  impl.RoleInfo (RoleInfo.java:updateAndGet(143)) - d521f5b1-4e7b-4169-9688-2112c7da7b1f: start LeaderState
2019-10-22 00:12:52,746 [d521f5b1-4e7b-4169-9688-2112c7da7b1f@group-597AF0FA787F-LeaderElection23] INFO  segmented.SegmentedRaftLogWorker (SegmentedRaftLogWorker.java:startLogSegment(385)) - d521f5b1-4e7b-4169-9688-2112c7da7b1f@group-597AF0FA787F-SegmentedRaftLogWorker: Starting segment from index:0
2019-10-22 00:12:52,747 [d521f5b1-4e7b-4169-9688-2112c7da7b1f@group-597AF0FA787F-LeaderElection23] INFO  impl.RaftServerImpl (ServerState.java:setRaftConf(357)) - d521f5b1-4e7b-4169-9688-2112c7da7b1f@group-597AF0FA787F: set configuration 0: [d521f5b1-4e7b-4169-9688-2112c7da7b1f:192.168.157.254:45094, 9d453efa-53cb-467a-9eb6-1ab0458610f0:192.168.157.254:38611, f318eb4e-a4da-4d18-984a-fa4eff1dbce1:192.168.157.254:43586], old=null at 0
2019-10-22 00:12:52,772 [Thread-464] INFO  impl.FollowerState (FollowerState.java:run(108)) - 2fdb3e93-e0d8-400e-8c33-91e2341b50c6@group-F01152B53F91-FollowerState: change to CANDIDATE, lastRpcTime:128ms, electionTimeout:117ms
2019-10-22 00:12:52,774 [Thread-464] INFO  impl.RoleInfo (RoleInfo.java:shutdownFollowerState(121)) - 2fdb3e93-e0d8-400e-8c33-91e2341b50c6: shutdown FollowerState
2019-10-22 00:12:52,774 [Thread-464] INFO  impl.RaftServerImpl (RaftServerImpl.java:setRole(184)) - 2fdb3e93-e0d8-400e-8c33-91e2341b50c6@group-F01152B53F91: changes role from  FOLLOWER to CANDIDATE at term 9 for changeToCandidate
2019-10-22 00:12:52,774 [Thread-464] INFO  impl.RoleInfo (RoleInfo.java:updateAndGet(143)) - 2fdb3e93-e0d8-400e-8c33-91e2341b50c6: start LeaderElection
2019-10-22 00:12:52,778 [grpc-default-executor-4] INFO  impl.RaftServerImpl (ServerState.java:setLeader(256)) - 9d453efa-53cb-467a-9eb6-1ab0458610f0@group-597AF0FA787F: change Leader from null to d521f5b1-4e7b-4169-9688-2112c7da7b1f at term 5 for appendEntries, leader elected after 920ms
2019-10-22 00:12:52,778 [grpc-default-executor-5] INFO  impl.RaftServerImpl (ServerState.java:setLeader(256)) - f318eb4e-a4da-4d18-984a-fa4eff1dbce1@group-597AF0FA787F: change Leader from null to d521f5b1-4e7b-4169-9688-2112c7da7b1f at term 5 for appendEntries, leader elected after 607ms
2019-10-22 00:12:52,784 [grpc-default-executor-4] INFO  impl.RaftServerImpl (ServerState.java:setRaftConf(357)) - f318eb4e-a4da-4d18-984a-fa4eff1dbce1@group-597AF0FA787F: set configuration 0: [d521f5b1-4e7b-4169-9688-2112c7da7b1f:192.168.157.254:45094, 9d453efa-53cb-467a-9eb6-1ab0458610f0:192.168.157.254:38611, f318eb4e-a4da-4d18-984a-fa4eff1dbce1:192.168.157.254:43586], old=null at 0
2019-10-22 00:12:52,784 [grpc-default-executor-5] INFO  impl.RaftServerImpl (ServerState.java:setRaftConf(357)) - 9d453efa-53cb-467a-9eb6-1ab0458610f0@group-597AF0FA787F: set configuration 0: [d521f5b1-4e7b-4169-9688-2112c7da7b1f:192.168.157.254:45094, 9d453efa-53cb-467a-9eb6-1ab0458610f0:192.168.157.254:38611, f318eb4e-a4da-4d18-984a-fa4eff1dbce1:192.168.157.254:43586], old=null at 0
2019-10-22 00:12:52,784 [grpc-default-executor-5] INFO  segmented.SegmentedRaftLogWorker (SegmentedRaftLogWorker.java:startLogSegment(385)) - 9d453efa-53cb-467a-9eb6-1ab0458610f0@group-597AF0FA787F-SegmentedRaftLogWorker: Starting segment from index:0
2019-10-22 00:12:52,785 [d521f5b1-4e7b-4169-9688-2112c7da7b1f@group-597AF0FA787F-SegmentedRaftLogWorker] INFO  segmented.SegmentedRaftLogWorker (SegmentedRaftLogWorker.java:execute(576)) - d521f5b1-4e7b-4169-9688-2112c7da7b1f@group-597AF0FA787F-SegmentedRaftLogWorker: created new log segment /workdir/hadoop-ozone/integration-test/target/test-dir/MiniOzoneClusterImpl-8b64dd99-cfc4-48e3-b5ea-61cd2ec80401/datanode-2/data/ratis/2f946d77-7a03-43ca-aa29-597af0fa787f/current/log_inprogress_0
2019-10-22 00:12:52,785 [2fdb3e93-e0d8-400e-8c33-91e2341b50c6@group-F01152B53F91-LeaderElection24] INFO  impl.LeaderElection (LeaderElection.java:askForVotes(178)) - 2fdb3e93-e0d8-400e-8c33-91e2341b50c6@group-F01152B53F91-LeaderElection24: begin an election at term 10 for -1: [2fdb3e93-e0d8-400e-8c33-91e2341b50c6:192.168.157.254:43254, 062c71de-08d9-40ee-9309-15590e2e8e68:192.168.157.254:45598, 2a52019e-5647-44e1-bf30-9a43fd8a7377:192.168.157.254:36038], old=null
2019-10-22 00:12:52,786 [grpc-default-executor-4] INFO  segmented.SegmentedRaftLogWorker (SegmentedRaftLogWorker.java:truncate(401)) - f318eb4e-a4da-4d18-984a-fa4eff1dbce1@group-597AF0FA787F-SegmentedRaftLogWorker: Truncating segments toTruncate: null
  toDelete: [(0, 0) isOpen? true, length=0, newEndIndex=-1], start index 0
2019-10-22 00:12:52,787 [grpc-default-executor-4] INFO  segmented.SegmentedRaftLogWorker (SegmentedRaftLogWorker.java:startLogSegment(385)) - f318eb4e-a4da-4d18-984a-fa4eff1dbce1@group-597AF0FA787F-SegmentedRaftLogWorker: Starting segment from index:0
2019-10-22 00:12:52,822 [grpc-default-executor-5] INFO  impl.RaftServerImpl (RaftServerImpl.java:setRole(184)) - 062c71de-08d9-40ee-9309-15590e2e8e68@group-F01152B53F91: changes role from  FOLLOWER to FOLLOWER at term 10 for recognizeCandidate:2fdb3e93-e0d8-400e-8c33-91e2341b50c6
2019-10-22 00:12:52,822 [grpc-default-executor-3] INFO  impl.RaftServerImpl (RaftServerImpl.java:setRole(184)) - 2a52019e-5647-44e1-bf30-9a43fd8a7377@group-F01152B53F91: changes role from  FOLLOWER to FOLLOWER at term 10 for recognizeCandidate:2fdb3e93-e0d8-400e-8c33-91e2341b50c6
2019-10-22 00:12:52,822 [grpc-default-executor-5] INFO  impl.RoleInfo (RoleInfo.java:shutdownFollowerState(121)) - 062c71de-08d9-40ee-9309-15590e2e8e68: shutdown FollowerState
2019-10-22 00:12:52,822 [grpc-default-executor-3] INFO  impl.RoleInfo (RoleInfo.java:shutdownFollowerState(121)) - 2a52019e-5647-44e1-bf30-9a43fd8a7377: shutdown FollowerState
2019-10-22 00:12:52,822 [f318eb4e-a4da-4d18-984a-fa4eff1dbce1@group-597AF0FA787F-SegmentedRaftLogWorker] INFO  segmented.SegmentedRaftLogWorker (SegmentedRaftLogWorker.java:execute(640)) - f318eb4e-a4da-4d18-984a-fa4eff1dbce1@group-597AF0FA787F-SegmentedRaftLogWorker: Deleted log file /workdir/hadoop-ozone/integration-test/target/test-dir/MiniOzoneClusterImpl-8b64dd99-cfc4-48e3-b5ea-61cd2ec80401/datanode-7/data/ratis/2f946d77-7a03-43ca-aa29-597af0fa787f/current/log_inprogress_0
2019-10-22 00:12:52,823 [Thread-463] INFO  impl.FollowerState (FollowerState.java:run(117)) - 2a52019e-5647-44e1-bf30-9a43fd8a7377@group-F01152B53F91-FollowerState was interrupted: java.lang.InterruptedException: sleep interrupted
2019-10-22 00:12:52,822 [Thread-462] INFO  impl.FollowerState (FollowerState.java:run(117)) - 062c71de-08d9-40ee-9309-15590e2e8e68@group-F01152B53F91-FollowerState was interrupted: java.lang.InterruptedException: sleep interrupted
2019-10-22 00:12:52,822 [grpc-default-executor-5] INFO  impl.RoleInfo (RoleInfo.java:updateAndGet(143)) - 062c71de-08d9-40ee-9309-15590e2e8e68: start FollowerState
2019-10-22 00:12:52,832 [f318eb4e-a4da-4d18-984a-fa4eff1dbce1@group-597AF0FA787F-SegmentedRaftLogWorker] INFO  segmented.SegmentedRaftLogWorker (SegmentedRaftLogWorker.java:lambda$new$0(128)) - f318eb4e-a4da-4d18-984a-fa4eff1dbce1@group-597AF0FA787F-SegmentedRaftLogWorker: flushIndex: setUnconditionally 0 -> -1
2019-10-22 00:12:52,823 [grpc-default-executor-3] INFO  impl.RoleInfo (RoleInfo.java:updateAndGet(143)) - 2a52019e-5647-44e1-bf30-9a43fd8a7377: start FollowerState
2019-10-22 00:12:52,834 [9d453efa-53cb-467a-9eb6-1ab0458610f0@group-597AF0FA787F-SegmentedRaftLogWorker] INFO  segmented.SegmentedRaftLogWorker (SegmentedRaftLogWorker.java:execute(576)) - 9d453efa-53cb-467a-9eb6-1ab0458610f0@group-597AF0FA787F-SegmentedRaftLogWorker: created new log segment /workdir/hadoop-ozone/integration-test/target/test-dir/MiniOzoneClusterImpl-8b64dd99-cfc4-48e3-b5ea-61cd2ec80401/datanode-0/data/ratis/2f946d77-7a03-43ca-aa29-597af0fa787f/current/log_inprogress_0
2019-10-22 00:12:52,859 [2fdb3e93-e0d8-400e-8c33-91e2341b50c6@group-F01152B53F91-LeaderElection24] INFO  impl.LeaderElection (LeaderElection.java:logAndReturn(56)) - 2fdb3e93-e0d8-400e-8c33-91e2341b50c6@group-F01152B53F91-LeaderElection24: Election REJECTED; received 2 response(s) [2fdb3e93-e0d8-400e-8c33-91e2341b50c6<-062c71de-08d9-40ee-9309-15590e2e8e68#0:FAIL-t10, 2fdb3e93-e0d8-400e-8c33-91e2341b50c6<-2a52019e-5647-44e1-bf30-9a43fd8a7377#0:FAIL-t10] and 0 exception(s); 2fdb3e93-e0d8-400e-8c33-91e2341b50c6@group-F01152B53F91:t10, leader=null, voted=2fdb3e93-e0d8-400e-8c33-91e2341b50c6, raftlog=2fdb3e93-e0d8-400e-8c33-91e2341b50c6@group-F01152B53F91-SegmentedRaftLog:OPENED:c-1,f-1,i0, conf=-1: [2fdb3e93-e0d8-400e-8c33-91e2341b50c6:192.168.157.254:43254, 062c71de-08d9-40ee-9309-15590e2e8e68:192.168.157.254:45598, 2a52019e-5647-44e1-bf30-9a43fd8a7377:192.168.157.254:36038], old=null
2019-10-22 00:12:52,860 [2fdb3e93-e0d8-400e-8c33-91e2341b50c6@group-F01152B53F91-LeaderElection24] INFO  impl.RaftServerImpl (RaftServerImpl.java:setRole(184)) - 2fdb3e93-e0d8-400e-8c33-91e2341b50c6@group-F01152B53F91: changes role from CANDIDATE to FOLLOWER at term 10 for DISCOVERED_A_NEW_TERM
2019-10-22 00:12:52,860 [2fdb3e93-e0d8-400e-8c33-91e2341b50c6@group-F01152B53F91-LeaderElection24] INFO  impl.RoleInfo (RoleInfo.java:shutdownLeaderElection(134)) - 2fdb3e93-e0d8-400e-8c33-91e2341b50c6: shutdown LeaderElection
2019-10-22 00:12:52,860 [2fdb3e93-e0d8-400e-8c33-91e2341b50c6@group-F01152B53F91-LeaderElection24] INFO  impl.RoleInfo (RoleInfo.java:updateAndGet(143)) - 2fdb3e93-e0d8-400e-8c33-91e2341b50c6: start FollowerState
2019-10-22 00:12:52,870 [f318eb4e-a4da-4d18-984a-fa4eff1dbce1@group-597AF0FA787F-SegmentedRaftLogWorker] INFO  segmented.SegmentedRaftLogWorker (SegmentedRaftLogWorker.java:execute(576)) - f318eb4e-a4da-4d18-984a-fa4eff1dbce1@group-597AF0FA787F-SegmentedRaftLogWorker: created new log segment /workdir/hadoop-ozone/integration-test/target/test-dir/MiniOzoneClusterImpl-8b64dd99-cfc4-48e3-b5ea-61cd2ec80401/datanode-7/data/ratis/2f946d77-7a03-43ca-aa29-597af0fa787f/current/log_inprogress_0
2019-10-22 00:12:52,880 [Thread-486] INFO  impl.FollowerState (FollowerState.java:run(108)) - 2fdb3e93-e0d8-400e-8c33-91e2341b50c6@group-F01152B53F91-FollowerState: change to CANDIDATE, lastRpcTime:20ms, electionTimeout:20ms
2019-10-22 00:12:52,880 [Thread-486] INFO  impl.RoleInfo (RoleInfo.java:shutdownFollowerState(121)) - 2fdb3e93-e0d8-400e-8c33-91e2341b50c6: shutdown FollowerState
2019-10-22 00:12:52,881 [Thread-486] INFO  impl.RaftServerImpl (RaftServerImpl.java:setRole(184)) - 2fdb3e93-e0d8-400e-8c33-91e2341b50c6@group-F01152B53F91: changes role from  FOLLOWER to CANDIDATE at term 10 for changeToCandidate
2019-10-22 00:12:52,881 [Thread-486] INFO  impl.RoleInfo (RoleInfo.java:updateAndGet(143)) - 2fdb3e93-e0d8-400e-8c33-91e2341b50c6: start LeaderElection
2019-10-22 00:12:52,885 [2fdb3e93-e0d8-400e-8c33-91e2341b50c6@group-F01152B53F91-LeaderElection25] INFO  impl.LeaderElection (LeaderElection.java:askForVotes(178)) - 2fdb3e93-e0d8-400e-8c33-91e2341b50c6@group-F01152B53F91-LeaderElection25: begin an election at term 11 for -1: [2fdb3e93-e0d8-400e-8c33-91e2341b50c6:192.168.157.254:43254, 062c71de-08d9-40ee-9309-15590e2e8e68:192.168.157.254:45598, 2a52019e-5647-44e1-bf30-9a43fd8a7377:192.168.157.254:36038], old=null
2019-10-22 00:12:52,887 [grpc-default-executor-3] INFO  impl.RaftServerImpl (RaftServerImpl.java:setRole(184)) - 2a52019e-5647-44e1-bf30-9a43fd8a7377@group-F01152B53F91: changes role from  FOLLOWER to FOLLOWER at term 11 for recognizeCandidate:2fdb3e93-e0d8-400e-8c33-91e2341b50c6
2019-10-22 00:12:52,888 [grpc-default-executor-5] INFO  impl.RaftServerImpl (RaftServerImpl.java:setRole(184)) - 062c71de-08d9-40ee-9309-15590e2e8e68@group-F01152B53F91: changes role from  FOLLOWER to FOLLOWER at term 11 for recognizeCandidate:2fdb3e93-e0d8-400e-8c33-91e2341b50c6
2019-10-22 00:12:52,888 [grpc-default-executor-3] INFO  impl.RoleInfo (RoleInfo.java:shutdownFollowerState(121)) - 2a52019e-5647-44e1-bf30-9a43fd8a7377: shutdown FollowerState
2019-10-22 00:12:52,888 [grpc-default-executor-5] INFO  impl.RoleInfo (RoleInfo.java:shutdownFollowerState(121)) - 062c71de-08d9-40ee-9309-15590e2e8e68: shutdown FollowerState
2019-10-22 00:12:52,888 [Thread-484] INFO  impl.FollowerState (FollowerState.java:run(117)) - 2a52019e-5647-44e1-bf30-9a43fd8a7377@group-F01152B53F91-FollowerState was interrupted: java.lang.InterruptedException: sleep interrupted
2019-10-22 00:12:52,888 [grpc-default-executor-3] INFO  impl.RoleInfo (RoleInfo.java:updateAndGet(143)) - 2a52019e-5647-44e1-bf30-9a43fd8a7377: start FollowerState
2019-10-22 00:12:52,888 [grpc-default-executor-5] INFO  impl.RoleInfo (RoleInfo.java:updateAndGet(143)) - 062c71de-08d9-40ee-9309-15590e2e8e68: start FollowerState
2019-10-22 00:12:52,888 [Thread-483] INFO  impl.FollowerState (FollowerState.java:run(117)) - 062c71de-08d9-40ee-9309-15590e2e8e68@group-F01152B53F91-FollowerState was interrupted: java.lang.InterruptedException: sleep interrupted
2019-10-22 00:12:52,903 [2fdb3e93-e0d8-400e-8c33-91e2341b50c6@group-F01152B53F91-LeaderElection25] INFO  impl.LeaderElection (LeaderElection.java:logAndReturn(56)) - 2fdb3e93-e0d8-400e-8c33-91e2341b50c6@group-F01152B53F91-LeaderElection25: Election REJECTED; received 2 response(s) [2fdb3e93-e0d8-400e-8c33-91e2341b50c6<-062c71de-08d9-40ee-9309-15590e2e8e68#0:FAIL-t11, 2fdb3e93-e0d8-400e-8c33-91e2341b50c6<-2a52019e-5647-44e1-bf30-9a43fd8a7377#0:FAIL-t11] and 0 exception(s); 2fdb3e93-e0d8-400e-8c33-91e2341b50c6@group-F01152B53F91:t11, leader=null, voted=2fdb3e93-e0d8-400e-8c33-91e2341b50c6, raftlog=2fdb3e93-e0d8-400e-8c33-91e2341b50c6@group-F01152B53F91-SegmentedRaftLog:OPENED:c-1,f-1,i0, conf=-1: [2fdb3e93-e0d8-400e-8c33-91e2341b50c6:192.168.157.254:43254, 062c71de-08d9-40ee-9309-15590e2e8e68:192.168.157.254:45598, 2a52019e-5647-44e1-bf30-9a43fd8a7377:192.168.157.254:36038], old=null
2019-10-22 00:12:52,903 [2fdb3e93-e0d8-400e-8c33-91e2341b50c6@group-F01152B53F91-LeaderElection25] INFO  impl.RaftServerImpl (RaftServerImpl.java:setRole(184)) - 2fdb3e93-e0d8-400e-8c33-91e2341b50c6@group-F01152B53F91: changes role from CANDIDATE to FOLLOWER at term 11 for DISCOVERED_A_NEW_TERM
2019-10-22 00:12:52,903 [2fdb3e93-e0d8-400e-8c33-91e2341b50c6@group-F01152B53F91-LeaderElection25] INFO  impl.RoleInfo (RoleInfo.java:shutdownLeaderElection(134)) - 2fdb3e93-e0d8-400e-8c33-91e2341b50c6: shutdown LeaderElection
2019-10-22 00:12:52,903 [2fdb3e93-e0d8-400e-8c33-91e2341b50c6@group-F01152B53F91-LeaderElection25] INFO  impl.RoleInfo (RoleInfo.java:updateAndGet(143)) - 2fdb3e93-e0d8-400e-8c33-91e2341b50c6: start FollowerState
2019-10-22 00:12:52,915 [IPC Server handler 4 on 39473] INFO  volume.OMVolumeCreateRequest (OMVolumeCreateRequest.java:validateAndUpdateCache(193)) - created volume:datanodefailurehandlingtest for user:jenkins1000
2019-10-22 00:12:52,949 [main] INFO  rpc.RpcClient (RpcClient.java:createBucket(411)) - Creating Bucket: datanodefailurehandlingtest/datanodefailurehandlingtest, with Versioning false and Storage Type set to DISK and Encryption set to false 
2019-10-22 00:12:52,989 [IPC Server handler 18 on 44866] INFO  server.SCMBlockProtocolServer (SCMBlockProtocolServer.java:allocateBlock(179)) - Allocating 6 blocks of size 4194304, with ExcludeList {datanodes = [], containerIds = [], pipelineIds = []}
2019-10-22 00:12:53,041 [Thread-493] INFO  impl.FollowerState (FollowerState.java:run(108)) - 2fdb3e93-e0d8-400e-8c33-91e2341b50c6@group-F01152B53F91-FollowerState: change to CANDIDATE, lastRpcTime:137ms, electionTimeout:137ms
2019-10-22 00:12:53,041 [Thread-493] INFO  impl.RoleInfo (RoleInfo.java:shutdownFollowerState(121)) - 2fdb3e93-e0d8-400e-8c33-91e2341b50c6: shutdown FollowerState
2019-10-22 00:12:53,041 [Thread-493] INFO  impl.RaftServerImpl (RaftServerImpl.java:setRole(184)) - 2fdb3e93-e0d8-400e-8c33-91e2341b50c6@group-F01152B53F91: changes role from  FOLLOWER to CANDIDATE at term 11 for changeToCandidate
2019-10-22 00:12:53,041 [Thread-493] INFO  impl.RoleInfo (RoleInfo.java:updateAndGet(143)) - 2fdb3e93-e0d8-400e-8c33-91e2341b50c6: start LeaderElection
2019-10-22 00:12:53,056 [2fdb3e93-e0d8-400e-8c33-91e2341b50c6@group-F01152B53F91-LeaderElection26] INFO  impl.LeaderElection (LeaderElection.java:askForVotes(178)) - 2fdb3e93-e0d8-400e-8c33-91e2341b50c6@group-F01152B53F91-LeaderElection26: begin an election at term 12 for -1: [2fdb3e93-e0d8-400e-8c33-91e2341b50c6:192.168.157.254:43254, 062c71de-08d9-40ee-9309-15590e2e8e68:192.168.157.254:45598, 2a52019e-5647-44e1-bf30-9a43fd8a7377:192.168.157.254:36038], old=null
2019-10-22 00:12:53,063 [grpc-default-executor-5] INFO  impl.RaftServerImpl (RaftServerImpl.java:setRole(184)) - 2a52019e-5647-44e1-bf30-9a43fd8a7377@group-F01152B53F91: changes role from  FOLLOWER to FOLLOWER at term 12 for recognizeCandidate:2fdb3e93-e0d8-400e-8c33-91e2341b50c6
2019-10-22 00:12:53,063 [grpc-default-executor-3] INFO  impl.RaftServerImpl (RaftServerImpl.java:setRole(184)) - 062c71de-08d9-40ee-9309-15590e2e8e68@group-F01152B53F91: changes role from  FOLLOWER to FOLLOWER at term 12 for recognizeCandidate:2fdb3e93-e0d8-400e-8c33-91e2341b50c6
2019-10-22 00:12:53,063 [grpc-default-executor-5] INFO  impl.RoleInfo (RoleInfo.java:shutdownFollowerState(121)) - 2a52019e-5647-44e1-bf30-9a43fd8a7377: shutdown FollowerState
2019-10-22 00:12:53,063 [grpc-default-executor-3] INFO  impl.RoleInfo (RoleInfo.java:shutdownFollowerState(121)) - 062c71de-08d9-40ee-9309-15590e2e8e68: shutdown FollowerState
2019-10-22 00:12:53,063 [Thread-491] INFO  impl.FollowerState (FollowerState.java:run(117)) - 2a52019e-5647-44e1-bf30-9a43fd8a7377@group-F01152B53F91-FollowerState was interrupted: java.lang.InterruptedException: sleep interrupted
2019-10-22 00:12:53,063 [grpc-default-executor-5] INFO  impl.RoleInfo (RoleInfo.java:updateAndGet(143)) - 2a52019e-5647-44e1-bf30-9a43fd8a7377: start FollowerState
2019-10-22 00:12:53,063 [Thread-492] INFO  impl.FollowerState (FollowerState.java:run(117)) - 062c71de-08d9-40ee-9309-15590e2e8e68@group-F01152B53F91-FollowerState was interrupted: java.lang.InterruptedException: sleep interrupted
2019-10-22 00:12:53,063 [grpc-default-executor-3] INFO  impl.RoleInfo (RoleInfo.java:updateAndGet(143)) - 062c71de-08d9-40ee-9309-15590e2e8e68: start FollowerState
2019-10-22 00:12:53,079 [2fdb3e93-e0d8-400e-8c33-91e2341b50c6@group-F01152B53F91-LeaderElection26] INFO  impl.LeaderElection (LeaderElection.java:logAndReturn(56)) - 2fdb3e93-e0d8-400e-8c33-91e2341b50c6@group-F01152B53F91-LeaderElection26: Election REJECTED; received 2 response(s) [2fdb3e93-e0d8-400e-8c33-91e2341b50c6<-062c71de-08d9-40ee-9309-15590e2e8e68#0:FAIL-t12, 2fdb3e93-e0d8-400e-8c33-91e2341b50c6<-2a52019e-5647-44e1-bf30-9a43fd8a7377#0:FAIL-t12] and 0 exception(s); 2fdb3e93-e0d8-400e-8c33-91e2341b50c6@group-F01152B53F91:t12, leader=null, voted=2fdb3e93-e0d8-400e-8c33-91e2341b50c6, raftlog=2fdb3e93-e0d8-400e-8c33-91e2341b50c6@group-F01152B53F91-SegmentedRaftLog:OPENED:c-1,f-1,i0, conf=-1: [2fdb3e93-e0d8-400e-8c33-91e2341b50c6:192.168.157.254:43254, 062c71de-08d9-40ee-9309-15590e2e8e68:192.168.157.254:45598, 2a52019e-5647-44e1-bf30-9a43fd8a7377:192.168.157.254:36038], old=null
2019-10-22 00:12:53,080 [2fdb3e93-e0d8-400e-8c33-91e2341b50c6@group-F01152B53F91-LeaderElection26] INFO  impl.RaftServerImpl (RaftServerImpl.java:setRole(184)) - 2fdb3e93-e0d8-400e-8c33-91e2341b50c6@group-F01152B53F91: changes role from CANDIDATE to FOLLOWER at term 12 for DISCOVERED_A_NEW_TERM
2019-10-22 00:12:53,080 [2fdb3e93-e0d8-400e-8c33-91e2341b50c6@group-F01152B53F91-LeaderElection26] INFO  impl.RoleInfo (RoleInfo.java:shutdownLeaderElection(134)) - 2fdb3e93-e0d8-400e-8c33-91e2341b50c6: shutdown LeaderElection
2019-10-22 00:12:53,080 [2fdb3e93-e0d8-400e-8c33-91e2341b50c6@group-F01152B53F91-LeaderElection26] INFO  impl.RoleInfo (RoleInfo.java:updateAndGet(143)) - 2fdb3e93-e0d8-400e-8c33-91e2341b50c6: start FollowerState
2019-10-22 00:12:53,165 [main] INFO  impl.MetricsSystemImpl (MetricsSystemImpl.java:init(158)) - XceiverClientMetrics metrics system started (again)
2019-10-22 00:12:53,263 [Thread-499] INFO  impl.FollowerState (FollowerState.java:run(108)) - 2fdb3e93-e0d8-400e-8c33-91e2341b50c6@group-F01152B53F91-FollowerState: change to CANDIDATE, lastRpcTime:183ms, electionTimeout:183ms
2019-10-22 00:12:53,264 [Thread-499] INFO  impl.RoleInfo (RoleInfo.java:shutdownFollowerState(121)) - 2fdb3e93-e0d8-400e-8c33-91e2341b50c6: shutdown FollowerState
2019-10-22 00:12:53,264 [Thread-499] INFO  impl.RaftServerImpl (RaftServerImpl.java:setRole(184)) - 2fdb3e93-e0d8-400e-8c33-91e2341b50c6@group-F01152B53F91: changes role from  FOLLOWER to CANDIDATE at term 12 for changeToCandidate
2019-10-22 00:12:53,266 [Thread-499] INFO  impl.RoleInfo (RoleInfo.java:updateAndGet(143)) - 2fdb3e93-e0d8-400e-8c33-91e2341b50c6: start LeaderElection
2019-10-22 00:12:53,292 [2fdb3e93-e0d8-400e-8c33-91e2341b50c6@group-F01152B53F91-LeaderElection27] INFO  impl.LeaderElection (LeaderElection.java:askForVotes(178)) - 2fdb3e93-e0d8-400e-8c33-91e2341b50c6@group-F01152B53F91-LeaderElection27: begin an election at term 13 for -1: [2fdb3e93-e0d8-400e-8c33-91e2341b50c6:192.168.157.254:43254, 062c71de-08d9-40ee-9309-15590e2e8e68:192.168.157.254:45598, 2a52019e-5647-44e1-bf30-9a43fd8a7377:192.168.157.254:36038], old=null
2019-10-22 00:12:53,333 [grpc-default-executor-3] INFO  impl.RaftServerImpl (RaftServerImpl.java:setRole(184)) - 062c71de-08d9-40ee-9309-15590e2e8e68@group-F01152B53F91: changes role from  FOLLOWER to FOLLOWER at term 13 for recognizeCandidate:2fdb3e93-e0d8-400e-8c33-91e2341b50c6
2019-10-22 00:12:53,333 [grpc-default-executor-3] INFO  impl.RoleInfo (RoleInfo.java:shutdownFollowerState(121)) - 062c71de-08d9-40ee-9309-15590e2e8e68: shutdown FollowerState
2019-10-22 00:12:53,356 [Thread-498] INFO  impl.FollowerState (FollowerState.java:run(117)) - 062c71de-08d9-40ee-9309-15590e2e8e68@group-F01152B53F91-FollowerState was interrupted: java.lang.InterruptedException: sleep interrupted
2019-10-22 00:12:53,356 [grpc-default-executor-5] INFO  impl.RaftServerImpl (RaftServerImpl.java:setRole(184)) - 2a52019e-5647-44e1-bf30-9a43fd8a7377@group-F01152B53F91: changes role from  FOLLOWER to FOLLOWER at term 13 for recognizeCandidate:2fdb3e93-e0d8-400e-8c33-91e2341b50c6
2019-10-22 00:12:53,356 [grpc-default-executor-3] INFO  impl.RoleInfo (RoleInfo.java:updateAndGet(143)) - 062c71de-08d9-40ee-9309-15590e2e8e68: start FollowerState
2019-10-22 00:12:53,356 [grpc-default-executor-5] INFO  impl.RoleInfo (RoleInfo.java:shutdownFollowerState(121)) - 2a52019e-5647-44e1-bf30-9a43fd8a7377: shutdown FollowerState
2019-10-22 00:12:53,357 [grpc-default-executor-5] INFO  impl.RoleInfo (RoleInfo.java:updateAndGet(143)) - 2a52019e-5647-44e1-bf30-9a43fd8a7377: start FollowerState
2019-10-22 00:12:53,357 [Thread-497] INFO  impl.FollowerState (FollowerState.java:run(117)) - 2a52019e-5647-44e1-bf30-9a43fd8a7377@group-F01152B53F91-FollowerState was interrupted: java.lang.InterruptedException: sleep interrupted
2019-10-22 00:12:53,393 [2fdb3e93-e0d8-400e-8c33-91e2341b50c6@group-F01152B53F91-LeaderElection27] INFO  impl.LeaderElection (LeaderElection.java:logAndReturn(56)) - 2fdb3e93-e0d8-400e-8c33-91e2341b50c6@group-F01152B53F91-LeaderElection27: Election REJECTED; received 2 response(s) [2fdb3e93-e0d8-400e-8c33-91e2341b50c6<-062c71de-08d9-40ee-9309-15590e2e8e68#0:FAIL-t13, 2fdb3e93-e0d8-400e-8c33-91e2341b50c6<-2a52019e-5647-44e1-bf30-9a43fd8a7377#0:FAIL-t13] and 0 exception(s); 2fdb3e93-e0d8-400e-8c33-91e2341b50c6@group-F01152B53F91:t13, leader=null, voted=2fdb3e93-e0d8-400e-8c33-91e2341b50c6, raftlog=2fdb3e93-e0d8-400e-8c33-91e2341b50c6@group-F01152B53F91-SegmentedRaftLog:OPENED:c-1,f-1,i0, conf=-1: [2fdb3e93-e0d8-400e-8c33-91e2341b50c6:192.168.157.254:43254, 062c71de-08d9-40ee-9309-15590e2e8e68:192.168.157.254:45598, 2a52019e-5647-44e1-bf30-9a43fd8a7377:192.168.157.254:36038], old=null
2019-10-22 00:12:53,393 [2fdb3e93-e0d8-400e-8c33-91e2341b50c6@group-F01152B53F91-LeaderElection27] INFO  impl.RaftServerImpl (RaftServerImpl.java:setRole(184)) - 2fdb3e93-e0d8-400e-8c33-91e2341b50c6@group-F01152B53F91: changes role from CANDIDATE to FOLLOWER at term 13 for DISCOVERED_A_NEW_TERM
2019-10-22 00:12:53,393 [2fdb3e93-e0d8-400e-8c33-91e2341b50c6@group-F01152B53F91-LeaderElection27] INFO  impl.RoleInfo (RoleInfo.java:shutdownLeaderElection(134)) - 2fdb3e93-e0d8-400e-8c33-91e2341b50c6: shutdown LeaderElection
2019-10-22 00:12:53,393 [2fdb3e93-e0d8-400e-8c33-91e2341b50c6@group-F01152B53F91-LeaderElection27] INFO  impl.RoleInfo (RoleInfo.java:updateAndGet(143)) - 2fdb3e93-e0d8-400e-8c33-91e2341b50c6: start FollowerState
2019-10-22 00:12:53,582 [Thread-510] INFO  impl.FollowerState (FollowerState.java:run(108)) - 2fdb3e93-e0d8-400e-8c33-91e2341b50c6@group-F01152B53F91-FollowerState: change to CANDIDATE, lastRpcTime:188ms, electionTimeout:187ms
2019-10-22 00:12:53,585 [Thread-510] INFO  impl.RoleInfo (RoleInfo.java:shutdownFollowerState(121)) - 2fdb3e93-e0d8-400e-8c33-91e2341b50c6: shutdown FollowerState
2019-10-22 00:12:53,585 [Thread-510] INFO  impl.RaftServerImpl (RaftServerImpl.java:setRole(184)) - 2fdb3e93-e0d8-400e-8c33-91e2341b50c6@group-F01152B53F91: changes role from  FOLLOWER to CANDIDATE at term 13 for changeToCandidate
2019-10-22 00:12:53,585 [Thread-510] INFO  impl.RoleInfo (RoleInfo.java:updateAndGet(143)) - 2fdb3e93-e0d8-400e-8c33-91e2341b50c6: start LeaderElection
2019-10-22 00:12:53,598 [2fdb3e93-e0d8-400e-8c33-91e2341b50c6@group-F01152B53F91-LeaderElection28] INFO  impl.LeaderElection (LeaderElection.java:askForVotes(178)) - 2fdb3e93-e0d8-400e-8c33-91e2341b50c6@group-F01152B53F91-LeaderElection28: begin an election at term 14 for -1: [2fdb3e93-e0d8-400e-8c33-91e2341b50c6:192.168.157.254:43254, 062c71de-08d9-40ee-9309-15590e2e8e68:192.168.157.254:45598, 2a52019e-5647-44e1-bf30-9a43fd8a7377:192.168.157.254:36038], old=null
2019-10-22 00:12:53,608 [grpc-default-executor-6] INFO  impl.RaftServerImpl (RaftServerImpl.java:setRole(184)) - 062c71de-08d9-40ee-9309-15590e2e8e68@group-F01152B53F91: changes role from  FOLLOWER to FOLLOWER at term 14 for recognizeCandidate:2fdb3e93-e0d8-400e-8c33-91e2341b50c6
2019-10-22 00:12:53,608 [grpc-default-executor-3] INFO  impl.RaftServerImpl (RaftServerImpl.java:setRole(184)) - 2a52019e-5647-44e1-bf30-9a43fd8a7377@group-F01152B53F91: changes role from  FOLLOWER to FOLLOWER at term 14 for recognizeCandidate:2fdb3e93-e0d8-400e-8c33-91e2341b50c6
2019-10-22 00:12:53,609 [grpc-default-executor-6] INFO  impl.RoleInfo (RoleInfo.java:shutdownFollowerState(121)) - 062c71de-08d9-40ee-9309-15590e2e8e68: shutdown FollowerState
2019-10-22 00:12:53,609 [grpc-default-executor-3] INFO  impl.RoleInfo (RoleInfo.java:shutdownFollowerState(121)) - 2a52019e-5647-44e1-bf30-9a43fd8a7377: shutdown FollowerState
2019-10-22 00:12:53,609 [Thread-506] INFO  impl.FollowerState (FollowerState.java:run(117)) - 062c71de-08d9-40ee-9309-15590e2e8e68@group-F01152B53F91-FollowerState was interrupted: java.lang.InterruptedException: sleep interrupted
2019-10-22 00:12:53,609 [grpc-default-executor-6] INFO  impl.RoleInfo (RoleInfo.java:updateAndGet(143)) - 062c71de-08d9-40ee-9309-15590e2e8e68: start FollowerState
2019-10-22 00:12:53,609 [grpc-default-executor-3] INFO  impl.RoleInfo (RoleInfo.java:updateAndGet(143)) - 2a52019e-5647-44e1-bf30-9a43fd8a7377: start FollowerState
2019-10-22 00:12:53,609 [Thread-507] INFO  impl.FollowerState (FollowerState.java:run(117)) - 2a52019e-5647-44e1-bf30-9a43fd8a7377@group-F01152B53F91-FollowerState was interrupted: java.lang.InterruptedException: sleep interrupted
2019-10-22 00:12:53,611 [Timer for 'StorageContainerManager' metrics system] INFO  lib.Interns (Interns.java:removeEldestEntry(50)) - Metrics intern cache overflow at 2011 for MetricsSystem={MetricsSystem=MetricsInfoImpl{name=MetricsSystem, description=MetricsSystem}, MetricsSystem record=MetricsInfoImpl{name=MetricsSystem, description=MetricsSystem record}}
2019-10-22 00:12:53,617 [2fdb3e93-e0d8-400e-8c33-91e2341b50c6@group-F01152B53F91-LeaderElection28] INFO  impl.LeaderElection (LeaderElection.java:logAndReturn(56)) - 2fdb3e93-e0d8-400e-8c33-91e2341b50c6@group-F01152B53F91-LeaderElection28: Election REJECTED; received 2 response(s) [2fdb3e93-e0d8-400e-8c33-91e2341b50c6<-062c71de-08d9-40ee-9309-15590e2e8e68#0:FAIL-t14, 2fdb3e93-e0d8-400e-8c33-91e2341b50c6<-2a52019e-5647-44e1-bf30-9a43fd8a7377#0:FAIL-t14] and 0 exception(s); 2fdb3e93-e0d8-400e-8c33-91e2341b50c6@group-F01152B53F91:t14, leader=null, voted=2fdb3e93-e0d8-400e-8c33-91e2341b50c6, raftlog=2fdb3e93-e0d8-400e-8c33-91e2341b50c6@group-F01152B53F91-SegmentedRaftLog:OPENED:c-1,f-1,i0, conf=-1: [2fdb3e93-e0d8-400e-8c33-91e2341b50c6:192.168.157.254:43254, 062c71de-08d9-40ee-9309-15590e2e8e68:192.168.157.254:45598, 2a52019e-5647-44e1-bf30-9a43fd8a7377:192.168.157.254:36038], old=null
2019-10-22 00:12:53,618 [2fdb3e93-e0d8-400e-8c33-91e2341b50c6@group-F01152B53F91-LeaderElection28] INFO  impl.RaftServerImpl (RaftServerImpl.java:setRole(184)) - 2fdb3e93-e0d8-400e-8c33-91e2341b50c6@group-F01152B53F91: changes role from CANDIDATE to FOLLOWER at term 14 for DISCOVERED_A_NEW_TERM
2019-10-22 00:12:53,618 [2fdb3e93-e0d8-400e-8c33-91e2341b50c6@group-F01152B53F91-LeaderElection28] INFO  impl.RoleInfo (RoleInfo.java:shutdownLeaderElection(134)) - 2fdb3e93-e0d8-400e-8c33-91e2341b50c6: shutdown LeaderElection
2019-10-22 00:12:53,618 [2fdb3e93-e0d8-400e-8c33-91e2341b50c6@group-F01152B53F91-LeaderElection28] INFO  impl.RoleInfo (RoleInfo.java:updateAndGet(143)) - 2fdb3e93-e0d8-400e-8c33-91e2341b50c6: start FollowerState
2019-10-22 00:12:53,801 [Thread-518] INFO  impl.FollowerState (FollowerState.java:run(108)) - 2fdb3e93-e0d8-400e-8c33-91e2341b50c6@group-F01152B53F91-FollowerState: change to CANDIDATE, lastRpcTime:183ms, electionTimeout:183ms
2019-10-22 00:12:53,804 [Thread-518] INFO  impl.RoleInfo (RoleInfo.java:shutdownFollowerState(121)) - 2fdb3e93-e0d8-400e-8c33-91e2341b50c6: shutdown FollowerState
2019-10-22 00:12:53,804 [Thread-518] INFO  impl.RaftServerImpl (RaftServerImpl.java:setRole(184)) - 2fdb3e93-e0d8-400e-8c33-91e2341b50c6@group-F01152B53F91: changes role from  FOLLOWER to CANDIDATE at term 14 for changeToCandidate
2019-10-22 00:12:53,805 [Thread-518] INFO  impl.RoleInfo (RoleInfo.java:updateAndGet(143)) - 2fdb3e93-e0d8-400e-8c33-91e2341b50c6: start LeaderElection
2019-10-22 00:12:53,819 [2fdb3e93-e0d8-400e-8c33-91e2341b50c6@group-F01152B53F91-LeaderElection29] INFO  impl.LeaderElection (LeaderElection.java:askForVotes(178)) - 2fdb3e93-e0d8-400e-8c33-91e2341b50c6@group-F01152B53F91-LeaderElection29: begin an election at term 15 for -1: [2fdb3e93-e0d8-400e-8c33-91e2341b50c6:192.168.157.254:43254, 062c71de-08d9-40ee-9309-15590e2e8e68:192.168.157.254:45598, 2a52019e-5647-44e1-bf30-9a43fd8a7377:192.168.157.254:36038], old=null
2019-10-22 00:12:53,823 [grpc-default-executor-3] INFO  impl.RaftServerImpl (RaftServerImpl.java:setRole(184)) - 2a52019e-5647-44e1-bf30-9a43fd8a7377@group-F01152B53F91: changes role from  FOLLOWER to FOLLOWER at term 15 for recognizeCandidate:2fdb3e93-e0d8-400e-8c33-91e2341b50c6
2019-10-22 00:12:53,823 [grpc-default-executor-3] INFO  impl.RoleInfo (RoleInfo.java:shutdownFollowerState(121)) - 2a52019e-5647-44e1-bf30-9a43fd8a7377: shutdown FollowerState
2019-10-22 00:12:53,823 [grpc-default-executor-6] INFO  impl.RaftServerImpl (RaftServerImpl.java:setRole(184)) - 062c71de-08d9-40ee-9309-15590e2e8e68@group-F01152B53F91: changes role from  FOLLOWER to FOLLOWER at term 15 for recognizeCandidate:2fdb3e93-e0d8-400e-8c33-91e2341b50c6
2019-10-22 00:12:53,823 [grpc-default-executor-3] INFO  impl.RoleInfo (RoleInfo.java:updateAndGet(143)) - 2a52019e-5647-44e1-bf30-9a43fd8a7377: start FollowerState
2019-10-22 00:12:53,823 [Thread-517] INFO  impl.FollowerState (FollowerState.java:run(117)) - 2a52019e-5647-44e1-bf30-9a43fd8a7377@group-F01152B53F91-FollowerState was interrupted: java.lang.InterruptedException: sleep interrupted
2019-10-22 00:12:53,823 [grpc-default-executor-6] INFO  impl.RoleInfo (RoleInfo.java:shutdownFollowerState(121)) - 062c71de-08d9-40ee-9309-15590e2e8e68: shutdown FollowerState
2019-10-22 00:12:53,823 [Thread-516] INFO  impl.FollowerState (FollowerState.java:run(117)) - 062c71de-08d9-40ee-9309-15590e2e8e68@group-F01152B53F91-FollowerState was interrupted: java.lang.InterruptedException: sleep interrupted
2019-10-22 00:12:53,823 [grpc-default-executor-6] INFO  impl.RoleInfo (RoleInfo.java:updateAndGet(143)) - 062c71de-08d9-40ee-9309-15590e2e8e68: start FollowerState
2019-10-22 00:12:53,838 [2fdb3e93-e0d8-400e-8c33-91e2341b50c6@group-F01152B53F91-LeaderElection29] INFO  impl.LeaderElection (LeaderElection.java:logAndReturn(56)) - 2fdb3e93-e0d8-400e-8c33-91e2341b50c6@group-F01152B53F91-LeaderElection29: Election REJECTED; received 2 response(s) [2fdb3e93-e0d8-400e-8c33-91e2341b50c6<-062c71de-08d9-40ee-9309-15590e2e8e68#0:FAIL-t15, 2fdb3e93-e0d8-400e-8c33-91e2341b50c6<-2a52019e-5647-44e1-bf30-9a43fd8a7377#0:FAIL-t15] and 0 exception(s); 2fdb3e93-e0d8-400e-8c33-91e2341b50c6@group-F01152B53F91:t15, leader=null, voted=2fdb3e93-e0d8-400e-8c33-91e2341b50c6, raftlog=2fdb3e93-e0d8-400e-8c33-91e2341b50c6@group-F01152B53F91-SegmentedRaftLog:OPENED:c-1,f-1,i0, conf=-1: [2fdb3e93-e0d8-400e-8c33-91e2341b50c6:192.168.157.254:43254, 062c71de-08d9-40ee-9309-15590e2e8e68:192.168.157.254:45598, 2a52019e-5647-44e1-bf30-9a43fd8a7377:192.168.157.254:36038], old=null
2019-10-22 00:12:53,838 [2fdb3e93-e0d8-400e-8c33-91e2341b50c6@group-F01152B53F91-LeaderElection29] INFO  impl.RaftServerImpl (RaftServerImpl.java:setRole(184)) - 2fdb3e93-e0d8-400e-8c33-91e2341b50c6@group-F01152B53F91: changes role from CANDIDATE to FOLLOWER at term 15 for DISCOVERED_A_NEW_TERM
2019-10-22 00:12:53,838 [2fdb3e93-e0d8-400e-8c33-91e2341b50c6@group-F01152B53F91-LeaderElection29] INFO  impl.RoleInfo (RoleInfo.java:shutdownLeaderElection(134)) - 2fdb3e93-e0d8-400e-8c33-91e2341b50c6: shutdown LeaderElection
2019-10-22 00:12:53,838 [2fdb3e93-e0d8-400e-8c33-91e2341b50c6@group-F01152B53F91-LeaderElection29] INFO  impl.RoleInfo (RoleInfo.java:updateAndGet(143)) - 2fdb3e93-e0d8-400e-8c33-91e2341b50c6: start FollowerState
2019-10-22 00:12:53,920 [Thread-526] INFO  impl.FollowerState (FollowerState.java:run(108)) - 2fdb3e93-e0d8-400e-8c33-91e2341b50c6@group-F01152B53F91-FollowerState: change to CANDIDATE, lastRpcTime:82ms, electionTimeout:82ms
2019-10-22 00:12:53,923 [Thread-526] INFO  impl.RoleInfo (RoleInfo.java:shutdownFollowerState(121)) - 2fdb3e93-e0d8-400e-8c33-91e2341b50c6: shutdown FollowerState
2019-10-22 00:12:53,923 [Thread-526] INFO  impl.RaftServerImpl (RaftServerImpl.java:setRole(184)) - 2fdb3e93-e0d8-400e-8c33-91e2341b50c6@group-F01152B53F91: changes role from  FOLLOWER to CANDIDATE at term 15 for changeToCandidate
2019-10-22 00:12:53,924 [Thread-526] INFO  impl.RoleInfo (RoleInfo.java:updateAndGet(143)) - 2fdb3e93-e0d8-400e-8c33-91e2341b50c6: start LeaderElection
2019-10-22 00:12:53,938 [2fdb3e93-e0d8-400e-8c33-91e2341b50c6@group-F01152B53F91-LeaderElection30] INFO  impl.LeaderElection (LeaderElection.java:askForVotes(178)) - 2fdb3e93-e0d8-400e-8c33-91e2341b50c6@group-F01152B53F91-LeaderElection30: begin an election at term 16 for -1: [2fdb3e93-e0d8-400e-8c33-91e2341b50c6:192.168.157.254:43254, 062c71de-08d9-40ee-9309-15590e2e8e68:192.168.157.254:45598, 2a52019e-5647-44e1-bf30-9a43fd8a7377:192.168.157.254:36038], old=null
2019-10-22 00:12:53,944 [grpc-default-executor-6] INFO  impl.RaftServerImpl (RaftServerImpl.java:setRole(184)) - 2a52019e-5647-44e1-bf30-9a43fd8a7377@group-F01152B53F91: changes role from  FOLLOWER to FOLLOWER at term 16 for recognizeCandidate:2fdb3e93-e0d8-400e-8c33-91e2341b50c6
2019-10-22 00:12:53,944 [grpc-default-executor-6] INFO  impl.RoleInfo (RoleInfo.java:shutdownFollowerState(121)) - 2a52019e-5647-44e1-bf30-9a43fd8a7377: shutdown FollowerState
2019-10-22 00:12:53,944 [grpc-default-executor-3] INFO  impl.RaftServerImpl (RaftServerImpl.java:setRole(184)) - 062c71de-08d9-40ee-9309-15590e2e8e68@group-F01152B53F91: changes role from  FOLLOWER to FOLLOWER at term 16 for recognizeCandidate:2fdb3e93-e0d8-400e-8c33-91e2341b50c6
2019-10-22 00:12:53,944 [grpc-default-executor-6] INFO  impl.RoleInfo (RoleInfo.java:updateAndGet(143)) - 2a52019e-5647-44e1-bf30-9a43fd8a7377: start FollowerState
2019-10-22 00:12:53,944 [Thread-524] INFO  impl.FollowerState (FollowerState.java:run(117)) - 2a52019e-5647-44e1-bf30-9a43fd8a7377@group-F01152B53F91-FollowerState was interrupted: java.lang.InterruptedException: sleep interrupted
2019-10-22 00:12:53,944 [grpc-default-executor-3] INFO  impl.RoleInfo (RoleInfo.java:shutdownFollowerState(121)) - 062c71de-08d9-40ee-9309-15590e2e8e68: shutdown FollowerState
2019-10-22 00:12:53,945 [grpc-default-executor-3] INFO  impl.RoleInfo (RoleInfo.java:updateAndGet(143)) - 062c71de-08d9-40ee-9309-15590e2e8e68: start FollowerState
2019-10-22 00:12:53,945 [Thread-525] INFO  impl.FollowerState (FollowerState.java:run(117)) - 062c71de-08d9-40ee-9309-15590e2e8e68@group-F01152B53F91-FollowerState was interrupted: java.lang.InterruptedException: sleep interrupted
2019-10-22 00:12:53,962 [2fdb3e93-e0d8-400e-8c33-91e2341b50c6@group-F01152B53F91-LeaderElection30] INFO  impl.LeaderElection (LeaderElection.java:logAndReturn(56)) - 2fdb3e93-e0d8-400e-8c33-91e2341b50c6@group-F01152B53F91-LeaderElection30: Election REJECTED; received 2 response(s) [2fdb3e93-e0d8-400e-8c33-91e2341b50c6<-062c71de-08d9-40ee-9309-15590e2e8e68#0:FAIL-t16, 2fdb3e93-e0d8-400e-8c33-91e2341b50c6<-2a52019e-5647-44e1-bf30-9a43fd8a7377#0:FAIL-t16] and 0 exception(s); 2fdb3e93-e0d8-400e-8c33-91e2341b50c6@group-F01152B53F91:t16, leader=null, voted=2fdb3e93-e0d8-400e-8c33-91e2341b50c6, raftlog=2fdb3e93-e0d8-400e-8c33-91e2341b50c6@group-F01152B53F91-SegmentedRaftLog:OPENED:c-1,f-1,i0, conf=-1: [2fdb3e93-e0d8-400e-8c33-91e2341b50c6:192.168.157.254:43254, 062c71de-08d9-40ee-9309-15590e2e8e68:192.168.157.254:45598, 2a52019e-5647-44e1-bf30-9a43fd8a7377:192.168.157.254:36038], old=null
2019-10-22 00:12:53,962 [2fdb3e93-e0d8-400e-8c33-91e2341b50c6@group-F01152B53F91-LeaderElection30] INFO  impl.RaftServerImpl (RaftServerImpl.java:setRole(184)) - 2fdb3e93-e0d8-400e-8c33-91e2341b50c6@group-F01152B53F91: changes role from CANDIDATE to FOLLOWER at term 16 for DISCOVERED_A_NEW_TERM
2019-10-22 00:12:53,962 [2fdb3e93-e0d8-400e-8c33-91e2341b50c6@group-F01152B53F91-LeaderElection30] INFO  impl.RoleInfo (RoleInfo.java:shutdownLeaderElection(134)) - 2fdb3e93-e0d8-400e-8c33-91e2341b50c6: shutdown LeaderElection
2019-10-22 00:12:53,962 [2fdb3e93-e0d8-400e-8c33-91e2341b50c6@group-F01152B53F91-LeaderElection30] INFO  impl.RoleInfo (RoleInfo.java:updateAndGet(143)) - 2fdb3e93-e0d8-400e-8c33-91e2341b50c6: start FollowerState
2019-10-22 00:12:54,068 [Thread-534] INFO  impl.FollowerState (FollowerState.java:run(108)) - 2fdb3e93-e0d8-400e-8c33-91e2341b50c6@group-F01152B53F91-FollowerState: change to CANDIDATE, lastRpcTime:106ms, electionTimeout:106ms
2019-10-22 00:12:54,071 [Thread-534] INFO  impl.RoleInfo (RoleInfo.java:shutdownFollowerState(121)) - 2fdb3e93-e0d8-400e-8c33-91e2341b50c6: shutdown FollowerState
2019-10-22 00:12:54,072 [Thread-534] INFO  impl.RaftServerImpl (RaftServerImpl.java:setRole(184)) - 2fdb3e93-e0d8-400e-8c33-91e2341b50c6@group-F01152B53F91: changes role from  FOLLOWER to CANDIDATE at term 16 for changeToCandidate
2019-10-22 00:12:54,072 [Thread-534] INFO  impl.RoleInfo (RoleInfo.java:updateAndGet(143)) - 2fdb3e93-e0d8-400e-8c33-91e2341b50c6: start LeaderElection
2019-10-22 00:12:54,086 [2fdb3e93-e0d8-400e-8c33-91e2341b50c6@group-F01152B53F91-LeaderElection31] INFO  impl.LeaderElection (LeaderElection.java:askForVotes(178)) - 2fdb3e93-e0d8-400e-8c33-91e2341b50c6@group-F01152B53F91-LeaderElection31: begin an election at term 17 for -1: [2fdb3e93-e0d8-400e-8c33-91e2341b50c6:192.168.157.254:43254, 062c71de-08d9-40ee-9309-15590e2e8e68:192.168.157.254:45598, 2a52019e-5647-44e1-bf30-9a43fd8a7377:192.168.157.254:36038], old=null
2019-10-22 00:12:54,089 [grpc-default-executor-6] INFO  impl.RaftServerImpl (RaftServerImpl.java:setRole(184)) - 062c71de-08d9-40ee-9309-15590e2e8e68@group-F01152B53F91: changes role from  FOLLOWER to FOLLOWER at term 17 for recognizeCandidate:2fdb3e93-e0d8-400e-8c33-91e2341b50c6
2019-10-22 00:12:54,089 [grpc-default-executor-3] INFO  impl.RaftServerImpl (RaftServerImpl.java:setRole(184)) - 2a52019e-5647-44e1-bf30-9a43fd8a7377@group-F01152B53F91: changes role from  FOLLOWER to FOLLOWER at term 17 for recognizeCandidate:2fdb3e93-e0d8-400e-8c33-91e2341b50c6
2019-10-22 00:12:54,089 [grpc-default-executor-6] INFO  impl.RoleInfo (RoleInfo.java:shutdownFollowerState(121)) - 062c71de-08d9-40ee-9309-15590e2e8e68: shutdown FollowerState
2019-10-22 00:12:54,089 [grpc-default-executor-3] INFO  impl.RoleInfo (RoleInfo.java:shutdownFollowerState(121)) - 2a52019e-5647-44e1-bf30-9a43fd8a7377: shutdown FollowerState
2019-10-22 00:12:54,089 [grpc-default-executor-6] INFO  impl.RoleInfo (RoleInfo.java:updateAndGet(143)) - 062c71de-08d9-40ee-9309-15590e2e8e68: start FollowerState
2019-10-22 00:12:54,089 [Thread-533] INFO  impl.FollowerState (FollowerState.java:run(117)) - 062c71de-08d9-40ee-9309-15590e2e8e68@group-F01152B53F91-FollowerState was interrupted: java.lang.InterruptedException: sleep interrupted
2019-10-22 00:12:54,089 [Thread-532] INFO  impl.FollowerState (FollowerState.java:run(117)) - 2a52019e-5647-44e1-bf30-9a43fd8a7377@group-F01152B53F91-FollowerState was interrupted: java.lang.InterruptedException: sleep interrupted
2019-10-22 00:12:54,089 [grpc-default-executor-3] INFO  impl.RoleInfo (RoleInfo.java:updateAndGet(143)) - 2a52019e-5647-44e1-bf30-9a43fd8a7377: start FollowerState
2019-10-22 00:12:54,097 [2fdb3e93-e0d8-400e-8c33-91e2341b50c6@group-F01152B53F91-LeaderElection31] INFO  impl.LeaderElection (LeaderElection.java:logAndReturn(56)) - 2fdb3e93-e0d8-400e-8c33-91e2341b50c6@group-F01152B53F91-LeaderElection31: Election TIMEOUT; received 0 response(s) [] and 0 exception(s); 2fdb3e93-e0d8-400e-8c33-91e2341b50c6@group-F01152B53F91:t17, leader=null, voted=2fdb3e93-e0d8-400e-8c33-91e2341b50c6, raftlog=2fdb3e93-e0d8-400e-8c33-91e2341b50c6@group-F01152B53F91-SegmentedRaftLog:OPENED:c-1,f-1,i0, conf=-1: [2fdb3e93-e0d8-400e-8c33-91e2341b50c6:192.168.157.254:43254, 062c71de-08d9-40ee-9309-15590e2e8e68:192.168.157.254:45598, 2a52019e-5647-44e1-bf30-9a43fd8a7377:192.168.157.254:36038], old=null
2019-10-22 00:12:54,107 [2fdb3e93-e0d8-400e-8c33-91e2341b50c6@group-F01152B53F91-LeaderElection31] INFO  impl.LeaderElection (LeaderElection.java:askForVotes(178)) - 2fdb3e93-e0d8-400e-8c33-91e2341b50c6@group-F01152B53F91-LeaderElection31: begin an election at term 18 for -1: [2fdb3e93-e0d8-400e-8c33-91e2341b50c6:192.168.157.254:43254, 062c71de-08d9-40ee-9309-15590e2e8e68:192.168.157.254:45598, 2a52019e-5647-44e1-bf30-9a43fd8a7377:192.168.157.254:36038], old=null
2019-10-22 00:12:54,112 [grpc-default-executor-6] INFO  impl.RaftServerImpl (RaftServerImpl.java:setRole(184)) - 2a52019e-5647-44e1-bf30-9a43fd8a7377@group-F01152B53F91: changes role from  FOLLOWER to FOLLOWER at term 18 for recognizeCandidate:2fdb3e93-e0d8-400e-8c33-91e2341b50c6
2019-10-22 00:12:54,114 [grpc-default-executor-6] INFO  impl.RoleInfo (RoleInfo.java:shutdownFollowerState(121)) - 2a52019e-5647-44e1-bf30-9a43fd8a7377: shutdown FollowerState
2019-10-22 00:12:54,114 [Thread-539] INFO  impl.FollowerState (FollowerState.java:run(117)) - 2a52019e-5647-44e1-bf30-9a43fd8a7377@group-F01152B53F91-FollowerState was interrupted: java.lang.InterruptedException: sleep interrupted
2019-10-22 00:12:54,114 [grpc-default-executor-6] INFO  impl.RoleInfo (RoleInfo.java:updateAndGet(143)) - 2a52019e-5647-44e1-bf30-9a43fd8a7377: start FollowerState
2019-10-22 00:12:54,115 [grpc-default-executor-3] INFO  impl.RaftServerImpl (RaftServerImpl.java:setRole(184)) - 062c71de-08d9-40ee-9309-15590e2e8e68@group-F01152B53F91: changes role from  FOLLOWER to FOLLOWER at term 18 for recognizeCandidate:2fdb3e93-e0d8-400e-8c33-91e2341b50c6
2019-10-22 00:12:54,115 [grpc-default-executor-3] INFO  impl.RoleInfo (RoleInfo.java:shutdownFollowerState(121)) - 062c71de-08d9-40ee-9309-15590e2e8e68: shutdown FollowerState
2019-10-22 00:12:54,115 [Thread-538] INFO  impl.FollowerState (FollowerState.java:run(117)) - 062c71de-08d9-40ee-9309-15590e2e8e68@group-F01152B53F91-FollowerState was interrupted: java.lang.InterruptedException: sleep interrupted
2019-10-22 00:12:54,115 [grpc-default-executor-3] INFO  impl.RoleInfo (RoleInfo.java:updateAndGet(143)) - 062c71de-08d9-40ee-9309-15590e2e8e68: start FollowerState
2019-10-22 00:12:54,126 [2fdb3e93-e0d8-400e-8c33-91e2341b50c6@group-F01152B53F91-LeaderElection31] INFO  impl.LeaderElection (LeaderElection.java:logAndReturn(56)) - 2fdb3e93-e0d8-400e-8c33-91e2341b50c6@group-F01152B53F91-LeaderElection31: Election REJECTED; received 2 response(s) [2fdb3e93-e0d8-400e-8c33-91e2341b50c6<-062c71de-08d9-40ee-9309-15590e2e8e68#0:FAIL-t18, 2fdb3e93-e0d8-400e-8c33-91e2341b50c6<-2a52019e-5647-44e1-bf30-9a43fd8a7377#0:FAIL-t18] and 0 exception(s); 2fdb3e93-e0d8-400e-8c33-91e2341b50c6@group-F01152B53F91:t18, leader=null, voted=2fdb3e93-e0d8-400e-8c33-91e2341b50c6, raftlog=2fdb3e93-e0d8-400e-8c33-91e2341b50c6@group-F01152B53F91-SegmentedRaftLog:OPENED:c-1,f-1,i0, conf=-1: [2fdb3e93-e0d8-400e-8c33-91e2341b50c6:192.168.157.254:43254, 062c71de-08d9-40ee-9309-15590e2e8e68:192.168.157.254:45598, 2a52019e-5647-44e1-bf30-9a43fd8a7377:192.168.157.254:36038], old=null
2019-10-22 00:12:54,126 [2fdb3e93-e0d8-400e-8c33-91e2341b50c6@group-F01152B53F91-LeaderElection31] INFO  impl.RaftServerImpl (RaftServerImpl.java:setRole(184)) - 2fdb3e93-e0d8-400e-8c33-91e2341b50c6@group-F01152B53F91: changes role from CANDIDATE to FOLLOWER at term 18 for DISCOVERED_A_NEW_TERM
2019-10-22 00:12:54,127 [2fdb3e93-e0d8-400e-8c33-91e2341b50c6@group-F01152B53F91-LeaderElection31] INFO  impl.RoleInfo (RoleInfo.java:shutdownLeaderElection(134)) - 2fdb3e93-e0d8-400e-8c33-91e2341b50c6: shutdown LeaderElection
2019-10-22 00:12:54,127 [2fdb3e93-e0d8-400e-8c33-91e2341b50c6@group-F01152B53F91-LeaderElection31] INFO  impl.RoleInfo (RoleInfo.java:updateAndGet(143)) - 2fdb3e93-e0d8-400e-8c33-91e2341b50c6: start FollowerState
2019-10-22 00:12:54,157 [Thread-544] INFO  impl.FollowerState (FollowerState.java:run(108)) - 2fdb3e93-e0d8-400e-8c33-91e2341b50c6@group-F01152B53F91-FollowerState: change to CANDIDATE, lastRpcTime:30ms, electionTimeout:30ms
2019-10-22 00:12:54,159 [Thread-544] INFO  impl.RoleInfo (RoleInfo.java:shutdownFollowerState(121)) - 2fdb3e93-e0d8-400e-8c33-91e2341b50c6: shutdown FollowerState
2019-10-22 00:12:54,159 [Thread-544] INFO  impl.RaftServerImpl (RaftServerImpl.java:setRole(184)) - 2fdb3e93-e0d8-400e-8c33-91e2341b50c6@group-F01152B53F91: changes role from  FOLLOWER to CANDIDATE at term 18 for changeToCandidate
2019-10-22 00:12:54,159 [Thread-544] INFO  impl.RoleInfo (RoleInfo.java:updateAndGet(143)) - 2fdb3e93-e0d8-400e-8c33-91e2341b50c6: start LeaderElection
2019-10-22 00:12:54,185 [2fdb3e93-e0d8-400e-8c33-91e2341b50c6@group-F01152B53F91-LeaderElection32] INFO  impl.LeaderElection (LeaderElection.java:askForVotes(178)) - 2fdb3e93-e0d8-400e-8c33-91e2341b50c6@group-F01152B53F91-LeaderElection32: begin an election at term 19 for -1: [2fdb3e93-e0d8-400e-8c33-91e2341b50c6:192.168.157.254:43254, 062c71de-08d9-40ee-9309-15590e2e8e68:192.168.157.254:45598, 2a52019e-5647-44e1-bf30-9a43fd8a7377:192.168.157.254:36038], old=null
2019-10-22 00:12:54,187 [grpc-default-executor-3] INFO  impl.RaftServerImpl (RaftServerImpl.java:setRole(184)) - 062c71de-08d9-40ee-9309-15590e2e8e68@group-F01152B53F91: changes role from  FOLLOWER to FOLLOWER at term 19 for recognizeCandidate:2fdb3e93-e0d8-400e-8c33-91e2341b50c6
2019-10-22 00:12:54,187 [grpc-default-executor-3] INFO  impl.RoleInfo (RoleInfo.java:shutdownFollowerState(121)) - 062c71de-08d9-40ee-9309-15590e2e8e68: shutdown FollowerState
2019-10-22 00:12:54,187 [grpc-default-executor-6] INFO  impl.RaftServerImpl (RaftServerImpl.java:setRole(184)) - 2a52019e-5647-44e1-bf30-9a43fd8a7377@group-F01152B53F91: changes role from  FOLLOWER to FOLLOWER at term 19 for recognizeCandidate:2fdb3e93-e0d8-400e-8c33-91e2341b50c6
2019-10-22 00:12:54,187 [grpc-default-executor-3] INFO  impl.RoleInfo (RoleInfo.java:updateAndGet(143)) - 062c71de-08d9-40ee-9309-15590e2e8e68: start FollowerState
2019-10-22 00:12:54,187 [Thread-543] INFO  impl.FollowerState (FollowerState.java:run(117)) - 062c71de-08d9-40ee-9309-15590e2e8e68@group-F01152B53F91-FollowerState was interrupted: java.lang.InterruptedException: sleep interrupted
2019-10-22 00:12:54,188 [grpc-default-executor-6] INFO  impl.RoleInfo (RoleInfo.java:shutdownFollowerState(121)) - 2a52019e-5647-44e1-bf30-9a43fd8a7377: shutdown FollowerState
2019-10-22 00:12:54,188 [Thread-542] INFO  impl.FollowerState (FollowerState.java:run(117)) - 2a52019e-5647-44e1-bf30-9a43fd8a7377@group-F01152B53F91-FollowerState was interrupted: java.lang.InterruptedException: sleep interrupted
2019-10-22 00:12:54,188 [grpc-default-executor-6] INFO  impl.RoleInfo (RoleInfo.java:updateAndGet(143)) - 2a52019e-5647-44e1-bf30-9a43fd8a7377: start FollowerState
2019-10-22 00:12:54,201 [2fdb3e93-e0d8-400e-8c33-91e2341b50c6@group-F01152B53F91-LeaderElection32] INFO  impl.LeaderElection (LeaderElection.java:logAndReturn(56)) - 2fdb3e93-e0d8-400e-8c33-91e2341b50c6@group-F01152B53F91-LeaderElection32: Election REJECTED; received 2 response(s) [2fdb3e93-e0d8-400e-8c33-91e2341b50c6<-062c71de-08d9-40ee-9309-15590e2e8e68#0:FAIL-t19, 2fdb3e93-e0d8-400e-8c33-91e2341b50c6<-2a52019e-5647-44e1-bf30-9a43fd8a7377#0:FAIL-t19] and 0 exception(s); 2fdb3e93-e0d8-400e-8c33-91e2341b50c6@group-F01152B53F91:t19, leader=null, voted=2fdb3e93-e0d8-400e-8c33-91e2341b50c6, raftlog=2fdb3e93-e0d8-400e-8c33-91e2341b50c6@group-F01152B53F91-SegmentedRaftLog:OPENED:c-1,f-1,i0, conf=-1: [2fdb3e93-e0d8-400e-8c33-91e2341b50c6:192.168.157.254:43254, 062c71de-08d9-40ee-9309-15590e2e8e68:192.168.157.254:45598, 2a52019e-5647-44e1-bf30-9a43fd8a7377:192.168.157.254:36038], old=null
2019-10-22 00:12:54,201 [2fdb3e93-e0d8-400e-8c33-91e2341b50c6@group-F01152B53F91-LeaderElection32] INFO  impl.RaftServerImpl (RaftServerImpl.java:setRole(184)) - 2fdb3e93-e0d8-400e-8c33-91e2341b50c6@group-F01152B53F91: changes role from CANDIDATE to FOLLOWER at term 19 for DISCOVERED_A_NEW_TERM
2019-10-22 00:12:54,201 [2fdb3e93-e0d8-400e-8c33-91e2341b50c6@group-F01152B53F91-LeaderElection32] INFO  impl.RoleInfo (RoleInfo.java:shutdownLeaderElection(134)) - 2fdb3e93-e0d8-400e-8c33-91e2341b50c6: shutdown LeaderElection
2019-10-22 00:12:54,201 [2fdb3e93-e0d8-400e-8c33-91e2341b50c6@group-F01152B53F91-LeaderElection32] INFO  impl.RoleInfo (RoleInfo.java:updateAndGet(143)) - 2fdb3e93-e0d8-400e-8c33-91e2341b50c6: start FollowerState
2019-10-22 00:12:54,263 [Thread-551] INFO  impl.FollowerState (FollowerState.java:run(108)) - 2fdb3e93-e0d8-400e-8c33-91e2341b50c6@group-F01152B53F91-FollowerState: change to CANDIDATE, lastRpcTime:61ms, electionTimeout:61ms
2019-10-22 00:12:54,266 [Thread-551] INFO  impl.RoleInfo (RoleInfo.java:shutdownFollowerState(121)) - 2fdb3e93-e0d8-400e-8c33-91e2341b50c6: shutdown FollowerState
2019-10-22 00:12:54,266 [Thread-551] INFO  impl.RaftServerImpl (RaftServerImpl.java:setRole(184)) - 2fdb3e93-e0d8-400e-8c33-91e2341b50c6@group-F01152B53F91: changes role from  FOLLOWER to CANDIDATE at term 19 for changeToCandidate
2019-10-22 00:12:54,266 [Thread-551] INFO  impl.RoleInfo (RoleInfo.java:updateAndGet(143)) - 2fdb3e93-e0d8-400e-8c33-91e2341b50c6: start LeaderElection
2019-10-22 00:12:54,275 [2fdb3e93-e0d8-400e-8c33-91e2341b50c6@group-F01152B53F91-LeaderElection33] INFO  impl.LeaderElection (LeaderElection.java:askForVotes(178)) - 2fdb3e93-e0d8-400e-8c33-91e2341b50c6@group-F01152B53F91-LeaderElection33: begin an election at term 20 for -1: [2fdb3e93-e0d8-400e-8c33-91e2341b50c6:192.168.157.254:43254, 062c71de-08d9-40ee-9309-15590e2e8e68:192.168.157.254:45598, 2a52019e-5647-44e1-bf30-9a43fd8a7377:192.168.157.254:36038], old=null
2019-10-22 00:12:54,280 [grpc-default-executor-3] INFO  impl.RaftServerImpl (RaftServerImpl.java:setRole(184)) - 062c71de-08d9-40ee-9309-15590e2e8e68@group-F01152B53F91: changes role from  FOLLOWER to FOLLOWER at term 20 for recognizeCandidate:2fdb3e93-e0d8-400e-8c33-91e2341b50c6
2019-10-22 00:12:54,280 [grpc-default-executor-6] INFO  impl.RaftServerImpl (RaftServerImpl.java:setRole(184)) - 2a52019e-5647-44e1-bf30-9a43fd8a7377@group-F01152B53F91: changes role from  FOLLOWER to FOLLOWER at term 20 for recognizeCandidate:2fdb3e93-e0d8-400e-8c33-91e2341b50c6
2019-10-22 00:12:54,280 [grpc-default-executor-3] INFO  impl.RoleInfo (RoleInfo.java:shutdownFollowerState(121)) - 062c71de-08d9-40ee-9309-15590e2e8e68: shutdown FollowerState
2019-10-22 00:12:54,280 [grpc-default-executor-6] INFO  impl.RoleInfo (RoleInfo.java:shutdownFollowerState(121)) - 2a52019e-5647-44e1-bf30-9a43fd8a7377: shutdown FollowerState
2019-10-22 00:12:54,280 [Thread-549] INFO  impl.FollowerState (FollowerState.java:run(117)) - 062c71de-08d9-40ee-9309-15590e2e8e68@group-F01152B53F91-FollowerState was interrupted: java.lang.InterruptedException: sleep interrupted
2019-10-22 00:12:54,281 [grpc-default-executor-6] INFO  impl.RoleInfo (RoleInfo.java:updateAndGet(143)) - 2a52019e-5647-44e1-bf30-9a43fd8a7377: start FollowerState
2019-10-22 00:12:54,280 [grpc-default-executor-3] INFO  impl.RoleInfo (RoleInfo.java:updateAndGet(143)) - 062c71de-08d9-40ee-9309-15590e2e8e68: start FollowerState
2019-10-22 00:12:54,280 [Thread-550] INFO  impl.FollowerState (FollowerState.java:run(117)) - 2a52019e-5647-44e1-bf30-9a43fd8a7377@group-F01152B53F91-FollowerState was interrupted: java.lang.InterruptedException: sleep interrupted
2019-10-22 00:12:54,291 [2fdb3e93-e0d8-400e-8c33-91e2341b50c6@group-F01152B53F91-LeaderElection33] INFO  impl.LeaderElection (LeaderElection.java:logAndReturn(56)) - 2fdb3e93-e0d8-400e-8c33-91e2341b50c6@group-F01152B53F91-LeaderElection33: Election REJECTED; received 2 response(s) [2fdb3e93-e0d8-400e-8c33-91e2341b50c6<-062c71de-08d9-40ee-9309-15590e2e8e68#0:FAIL-t20, 2fdb3e93-e0d8-400e-8c33-91e2341b50c6<-2a52019e-5647-44e1-bf30-9a43fd8a7377#0:FAIL-t20] and 0 exception(s); 2fdb3e93-e0d8-400e-8c33-91e2341b50c6@group-F01152B53F91:t20, leader=null, voted=2fdb3e93-e0d8-400e-8c33-91e2341b50c6, raftlog=2fdb3e93-e0d8-400e-8c33-91e2341b50c6@group-F01152B53F91-SegmentedRaftLog:OPENED:c-1,f-1,i0, conf=-1: [2fdb3e93-e0d8-400e-8c33-91e2341b50c6:192.168.157.254:43254, 062c71de-08d9-40ee-9309-15590e2e8e68:192.168.157.254:45598, 2a52019e-5647-44e1-bf30-9a43fd8a7377:192.168.157.254:36038], old=null
2019-10-22 00:12:54,291 [2fdb3e93-e0d8-400e-8c33-91e2341b50c6@group-F01152B53F91-LeaderElection33] INFO  impl.RaftServerImpl (RaftServerImpl.java:setRole(184)) - 2fdb3e93-e0d8-400e-8c33-91e2341b50c6@group-F01152B53F91: changes role from CANDIDATE to FOLLOWER at term 20 for DISCOVERED_A_NEW_TERM
2019-10-22 00:12:54,292 [2fdb3e93-e0d8-400e-8c33-91e2341b50c6@group-F01152B53F91-LeaderElection33] INFO  impl.RoleInfo (RoleInfo.java:shutdownLeaderElection(134)) - 2fdb3e93-e0d8-400e-8c33-91e2341b50c6: shutdown LeaderElection
2019-10-22 00:12:54,292 [2fdb3e93-e0d8-400e-8c33-91e2341b50c6@group-F01152B53F91-LeaderElection33] INFO  impl.RoleInfo (RoleInfo.java:updateAndGet(143)) - 2fdb3e93-e0d8-400e-8c33-91e2341b50c6: start FollowerState
2019-10-22 00:12:54,319 [Thread-558] INFO  impl.FollowerState (FollowerState.java:run(108)) - 2fdb3e93-e0d8-400e-8c33-91e2341b50c6@group-F01152B53F91-FollowerState: change to CANDIDATE, lastRpcTime:27ms, electionTimeout:27ms
2019-10-22 00:12:54,321 [Thread-558] INFO  impl.RoleInfo (RoleInfo.java:shutdownFollowerState(121)) - 2fdb3e93-e0d8-400e-8c33-91e2341b50c6: shutdown FollowerState
2019-10-22 00:12:54,322 [Thread-558] INFO  impl.RaftServerImpl (RaftServerImpl.java:setRole(184)) - 2fdb3e93-e0d8-400e-8c33-91e2341b50c6@group-F01152B53F91: changes role from  FOLLOWER to CANDIDATE at term 20 for changeToCandidate
2019-10-22 00:12:54,322 [Thread-558] INFO  impl.RoleInfo (RoleInfo.java:updateAndGet(143)) - 2fdb3e93-e0d8-400e-8c33-91e2341b50c6: start LeaderElection
2019-10-22 00:12:54,334 [2fdb3e93-e0d8-400e-8c33-91e2341b50c6@group-F01152B53F91-LeaderElection34] INFO  impl.LeaderElection (LeaderElection.java:askForVotes(178)) - 2fdb3e93-e0d8-400e-8c33-91e2341b50c6@group-F01152B53F91-LeaderElection34: begin an election at term 21 for -1: [2fdb3e93-e0d8-400e-8c33-91e2341b50c6:192.168.157.254:43254, 062c71de-08d9-40ee-9309-15590e2e8e68:192.168.157.254:45598, 2a52019e-5647-44e1-bf30-9a43fd8a7377:192.168.157.254:36038], old=null
2019-10-22 00:12:54,337 [grpc-default-executor-3] INFO  impl.RaftServerImpl (RaftServerImpl.java:setRole(184)) - 2a52019e-5647-44e1-bf30-9a43fd8a7377@group-F01152B53F91: changes role from  FOLLOWER to FOLLOWER at term 21 for recognizeCandidate:2fdb3e93-e0d8-400e-8c33-91e2341b50c6
2019-10-22 00:12:54,337 [grpc-default-executor-3] INFO  impl.RoleInfo (RoleInfo.java:shutdownFollowerState(121)) - 2a52019e-5647-44e1-bf30-9a43fd8a7377: shutdown FollowerState
2019-10-22 00:12:54,337 [grpc-default-executor-6] INFO  impl.RaftServerImpl (RaftServerImpl.java:setRole(184)) - 062c71de-08d9-40ee-9309-15590e2e8e68@group-F01152B53F91: changes role from  FOLLOWER to FOLLOWER at term 21 for recognizeCandidate:2fdb3e93-e0d8-400e-8c33-91e2341b50c6
2019-10-22 00:12:54,337 [Thread-557] INFO  impl.FollowerState (FollowerState.java:run(117)) - 2a52019e-5647-44e1-bf30-9a43fd8a7377@group-F01152B53F91-FollowerState was interrupted: java.lang.InterruptedException: sleep interrupted
2019-10-22 00:12:54,337 [grpc-default-executor-3] INFO  impl.RoleInfo (RoleInfo.java:updateAndGet(143)) - 2a52019e-5647-44e1-bf30-9a43fd8a7377: start FollowerState
2019-10-22 00:12:54,337 [grpc-default-executor-6] INFO  impl.RoleInfo (RoleInfo.java:shutdownFollowerState(121)) - 062c71de-08d9-40ee-9309-15590e2e8e68: shutdown FollowerState
2019-10-22 00:12:54,338 [grpc-default-executor-6] INFO  impl.RoleInfo (RoleInfo.java:updateAndGet(143)) - 062c71de-08d9-40ee-9309-15590e2e8e68: start FollowerState
2019-10-22 00:12:54,338 [Thread-556] INFO  impl.FollowerState (FollowerState.java:run(117)) - 062c71de-08d9-40ee-9309-15590e2e8e68@group-F01152B53F91-FollowerState was interrupted: java.lang.InterruptedException: sleep interrupted
2019-10-22 00:12:54,348 [2fdb3e93-e0d8-400e-8c33-91e2341b50c6@group-F01152B53F91-LeaderElection34] INFO  impl.LeaderElection (LeaderElection.java:logAndReturn(56)) - 2fdb3e93-e0d8-400e-8c33-91e2341b50c6@group-F01152B53F91-LeaderElection34: Election REJECTED; received 2 response(s) [2fdb3e93-e0d8-400e-8c33-91e2341b50c6<-062c71de-08d9-40ee-9309-15590e2e8e68#0:FAIL-t21, 2fdb3e93-e0d8-400e-8c33-91e2341b50c6<-2a52019e-5647-44e1-bf30-9a43fd8a7377#0:FAIL-t21] and 0 exception(s); 2fdb3e93-e0d8-400e-8c33-91e2341b50c6@group-F01152B53F91:t21, leader=null, voted=2fdb3e93-e0d8-400e-8c33-91e2341b50c6, raftlog=2fdb3e93-e0d8-400e-8c33-91e2341b50c6@group-F01152B53F91-SegmentedRaftLog:OPENED:c-1,f-1,i0, conf=-1: [2fdb3e93-e0d8-400e-8c33-91e2341b50c6:192.168.157.254:43254, 062c71de-08d9-40ee-9309-15590e2e8e68:192.168.157.254:45598, 2a52019e-5647-44e1-bf30-9a43fd8a7377:192.168.157.254:36038], old=null
2019-10-22 00:12:54,348 [2fdb3e93-e0d8-400e-8c33-91e2341b50c6@group-F01152B53F91-LeaderElection34] INFO  impl.RaftServerImpl (RaftServerImpl.java:setRole(184)) - 2fdb3e93-e0d8-400e-8c33-91e2341b50c6@group-F01152B53F91: changes role from CANDIDATE to FOLLOWER at term 21 for DISCOVERED_A_NEW_TERM
2019-10-22 00:12:54,348 [2fdb3e93-e0d8-400e-8c33-91e2341b50c6@group-F01152B53F91-LeaderElection34] INFO  impl.RoleInfo (RoleInfo.java:shutdownLeaderElection(134)) - 2fdb3e93-e0d8-400e-8c33-91e2341b50c6: shutdown LeaderElection
2019-10-22 00:12:54,349 [2fdb3e93-e0d8-400e-8c33-91e2341b50c6@group-F01152B53F91-LeaderElection34] INFO  impl.RoleInfo (RoleInfo.java:updateAndGet(143)) - 2fdb3e93-e0d8-400e-8c33-91e2341b50c6: start FollowerState
2019-10-22 00:12:54,418 [Thread-564] INFO  impl.FollowerState (FollowerState.java:run(108)) - 2fdb3e93-e0d8-400e-8c33-91e2341b50c6@group-F01152B53F91-FollowerState: change to CANDIDATE, lastRpcTime:69ms, electionTimeout:69ms
2019-10-22 00:12:54,421 [Thread-564] INFO  impl.RoleInfo (RoleInfo.java:shutdownFollowerState(121)) - 2fdb3e93-e0d8-400e-8c33-91e2341b50c6: shutdown FollowerState
2019-10-22 00:12:54,421 [Thread-564] INFO  impl.RaftServerImpl (RaftServerImpl.java:setRole(184)) - 2fdb3e93-e0d8-400e-8c33-91e2341b50c6@group-F01152B53F91: changes role from  FOLLOWER to CANDIDATE at term 21 for changeToCandidate
2019-10-22 00:12:54,421 [Thread-564] INFO  impl.RoleInfo (RoleInfo.java:updateAndGet(143)) - 2fdb3e93-e0d8-400e-8c33-91e2341b50c6: start LeaderElection
2019-10-22 00:12:54,424 [2fdb3e93-e0d8-400e-8c33-91e2341b50c6@group-F01152B53F91-LeaderElection35] INFO  impl.LeaderElection (LeaderElection.java:askForVotes(178)) - 2fdb3e93-e0d8-400e-8c33-91e2341b50c6@group-F01152B53F91-LeaderElection35: begin an election at term 22 for -1: [2fdb3e93-e0d8-400e-8c33-91e2341b50c6:192.168.157.254:43254, 062c71de-08d9-40ee-9309-15590e2e8e68:192.168.157.254:45598, 2a52019e-5647-44e1-bf30-9a43fd8a7377:192.168.157.254:36038], old=null
2019-10-22 00:12:54,428 [grpc-default-executor-6] INFO  impl.RaftServerImpl (RaftServerImpl.java:setRole(184)) - 062c71de-08d9-40ee-9309-15590e2e8e68@group-F01152B53F91: changes role from  FOLLOWER to FOLLOWER at term 22 for recognizeCandidate:2fdb3e93-e0d8-400e-8c33-91e2341b50c6
2019-10-22 00:12:54,428 [grpc-default-executor-6] INFO  impl.RoleInfo (RoleInfo.java:shutdownFollowerState(121)) - 062c71de-08d9-40ee-9309-15590e2e8e68: shutdown FollowerState
2019-10-22 00:12:54,428 [grpc-default-executor-6] INFO  impl.RoleInfo (RoleInfo.java:updateAndGet(143)) - 062c71de-08d9-40ee-9309-15590e2e8e68: start FollowerState
2019-10-22 00:12:54,428 [Thread-563] INFO  impl.FollowerState (FollowerState.java:run(117)) - 062c71de-08d9-40ee-9309-15590e2e8e68@group-F01152B53F91-FollowerState was interrupted: java.lang.InterruptedException: sleep interrupted
2019-10-22 00:12:54,429 [grpc-default-executor-3] INFO  impl.RaftServerImpl (RaftServerImpl.java:setRole(184)) - 2a52019e-5647-44e1-bf30-9a43fd8a7377@group-F01152B53F91: changes role from  FOLLOWER to FOLLOWER at term 22 for recognizeCandidate:2fdb3e93-e0d8-400e-8c33-91e2341b50c6
2019-10-22 00:12:54,429 [grpc-default-executor-3] INFO  impl.RoleInfo (RoleInfo.java:shutdownFollowerState(121)) - 2a52019e-5647-44e1-bf30-9a43fd8a7377: shutdown FollowerState
2019-10-22 00:12:54,429 [grpc-default-executor-3] INFO  impl.RoleInfo (RoleInfo.java:updateAndGet(143)) - 2a52019e-5647-44e1-bf30-9a43fd8a7377: start FollowerState
2019-10-22 00:12:54,429 [Thread-562] INFO  impl.FollowerState (FollowerState.java:run(117)) - 2a52019e-5647-44e1-bf30-9a43fd8a7377@group-F01152B53F91-FollowerState was interrupted: java.lang.InterruptedException: sleep interrupted
2019-10-22 00:12:54,432 [2fdb3e93-e0d8-400e-8c33-91e2341b50c6@group-F01152B53F91-LeaderElection35] INFO  impl.LeaderElection (LeaderElection.java:logAndReturn(56)) - 2fdb3e93-e0d8-400e-8c33-91e2341b50c6@group-F01152B53F91-LeaderElection35: Election TIMEOUT; received 0 response(s) [] and 0 exception(s); 2fdb3e93-e0d8-400e-8c33-91e2341b50c6@group-F01152B53F91:t22, leader=null, voted=2fdb3e93-e0d8-400e-8c33-91e2341b50c6, raftlog=2fdb3e93-e0d8-400e-8c33-91e2341b50c6@group-F01152B53F91-SegmentedRaftLog:OPENED:c-1,f-1,i0, conf=-1: [2fdb3e93-e0d8-400e-8c33-91e2341b50c6:192.168.157.254:43254, 062c71de-08d9-40ee-9309-15590e2e8e68:192.168.157.254:45598, 2a52019e-5647-44e1-bf30-9a43fd8a7377:192.168.157.254:36038], old=null
2019-10-22 00:12:54,442 [2fdb3e93-e0d8-400e-8c33-91e2341b50c6@group-F01152B53F91-LeaderElection35] INFO  impl.LeaderElection (LeaderElection.java:askForVotes(178)) - 2fdb3e93-e0d8-400e-8c33-91e2341b50c6@group-F01152B53F91-LeaderElection35: begin an election at term 23 for -1: [2fdb3e93-e0d8-400e-8c33-91e2341b50c6:192.168.157.254:43254, 062c71de-08d9-40ee-9309-15590e2e8e68:192.168.157.254:45598, 2a52019e-5647-44e1-bf30-9a43fd8a7377:192.168.157.254:36038], old=null
2019-10-22 00:12:54,444 [grpc-default-executor-6] INFO  impl.RaftServerImpl (RaftServerImpl.java:setRole(184)) - 062c71de-08d9-40ee-9309-15590e2e8e68@group-F01152B53F91: changes role from  FOLLOWER to FOLLOWER at term 23 for recognizeCandidate:2fdb3e93-e0d8-400e-8c33-91e2341b50c6
2019-10-22 00:12:54,446 [grpc-default-executor-6] INFO  impl.RoleInfo (RoleInfo.java:shutdownFollowerState(121)) - 062c71de-08d9-40ee-9309-15590e2e8e68: shutdown FollowerState
2019-10-22 00:12:54,446 [grpc-default-executor-6] INFO  impl.RoleInfo (RoleInfo.java:updateAndGet(143)) - 062c71de-08d9-40ee-9309-15590e2e8e68: start FollowerState
2019-10-22 00:12:54,446 [Thread-570] INFO  impl.FollowerState (FollowerState.java:run(117)) - 062c71de-08d9-40ee-9309-15590e2e8e68@group-F01152B53F91-FollowerState was interrupted: java.lang.InterruptedException: sleep interrupted
2019-10-22 00:12:54,446 [grpc-default-executor-3] INFO  impl.RaftServerImpl (RaftServerImpl.java:setRole(184)) - 2a52019e-5647-44e1-bf30-9a43fd8a7377@group-F01152B53F91: changes role from  FOLLOWER to FOLLOWER at term 23 for recognizeCandidate:2fdb3e93-e0d8-400e-8c33-91e2341b50c6
2019-10-22 00:12:54,446 [grpc-default-executor-3] INFO  impl.RoleInfo (RoleInfo.java:shutdownFollowerState(121)) - 2a52019e-5647-44e1-bf30-9a43fd8a7377: shutdown FollowerState
2019-10-22 00:12:54,446 [Thread-571] INFO  impl.FollowerState (FollowerState.java:run(117)) - 2a52019e-5647-44e1-bf30-9a43fd8a7377@group-F01152B53F91-FollowerState was interrupted: java.lang.InterruptedException: sleep interrupted
2019-10-22 00:12:54,446 [grpc-default-executor-3] INFO  impl.RoleInfo (RoleInfo.java:updateAndGet(143)) - 2a52019e-5647-44e1-bf30-9a43fd8a7377: start FollowerState
2019-10-22 00:12:54,451 [2fdb3e93-e0d8-400e-8c33-91e2341b50c6@group-F01152B53F91-LeaderElection35] INFO  impl.LeaderElection (LeaderElection.java:logAndReturn(56)) - 2fdb3e93-e0d8-400e-8c33-91e2341b50c6@group-F01152B53F91-LeaderElection35: Election TIMEOUT; received 0 response(s) [] and 0 exception(s); 2fdb3e93-e0d8-400e-8c33-91e2341b50c6@group-F01152B53F91:t23, leader=null, voted=2fdb3e93-e0d8-400e-8c33-91e2341b50c6, raftlog=2fdb3e93-e0d8-400e-8c33-91e2341b50c6@group-F01152B53F91-SegmentedRaftLog:OPENED:c-1,f-1,i0, conf=-1: [2fdb3e93-e0d8-400e-8c33-91e2341b50c6:192.168.157.254:43254, 062c71de-08d9-40ee-9309-15590e2e8e68:192.168.157.254:45598, 2a52019e-5647-44e1-bf30-9a43fd8a7377:192.168.157.254:36038], old=null
2019-10-22 00:12:54,459 [2fdb3e93-e0d8-400e-8c33-91e2341b50c6@group-F01152B53F91-LeaderElection35] INFO  impl.LeaderElection (LeaderElection.java:askForVotes(178)) - 2fdb3e93-e0d8-400e-8c33-91e2341b50c6@group-F01152B53F91-LeaderElection35: begin an election at term 24 for -1: [2fdb3e93-e0d8-400e-8c33-91e2341b50c6:192.168.157.254:43254, 062c71de-08d9-40ee-9309-15590e2e8e68:192.168.157.254:45598, 2a52019e-5647-44e1-bf30-9a43fd8a7377:192.168.157.254:36038], old=null
2019-10-22 00:12:54,472 [grpc-default-executor-3] INFO  impl.RaftServerImpl (RaftServerImpl.java:setRole(184)) - 062c71de-08d9-40ee-9309-15590e2e8e68@group-F01152B53F91: changes role from  FOLLOWER to FOLLOWER at term 24 for recognizeCandidate:2fdb3e93-e0d8-400e-8c33-91e2341b50c6
2019-10-22 00:12:54,475 [2fdb3e93-e0d8-400e-8c33-91e2341b50c6@group-F01152B53F91-LeaderElection35] INFO  impl.LeaderElection (LeaderElection.java:logAndReturn(56)) - 2fdb3e93-e0d8-400e-8c33-91e2341b50c6@group-F01152B53F91-LeaderElection35: Election TIMEOUT; received 0 response(s) [] and 0 exception(s); 2fdb3e93-e0d8-400e-8c33-91e2341b50c6@group-F01152B53F91:t24, leader=null, voted=2fdb3e93-e0d8-400e-8c33-91e2341b50c6, raftlog=2fdb3e93-e0d8-400e-8c33-91e2341b50c6@group-F01152B53F91-SegmentedRaftLog:OPENED:c-1,f-1,i0, conf=-1: [2fdb3e93-e0d8-400e-8c33-91e2341b50c6:192.168.157.254:43254, 062c71de-08d9-40ee-9309-15590e2e8e68:192.168.157.254:45598, 2a52019e-5647-44e1-bf30-9a43fd8a7377:192.168.157.254:36038], old=null
2019-10-22 00:12:54,475 [grpc-default-executor-3] INFO  impl.RoleInfo (RoleInfo.java:shutdownFollowerState(121)) - 062c71de-08d9-40ee-9309-15590e2e8e68: shutdown FollowerState
2019-10-22 00:12:54,475 [grpc-default-executor-3] INFO  impl.RoleInfo (RoleInfo.java:updateAndGet(143)) - 062c71de-08d9-40ee-9309-15590e2e8e68: start FollowerState
2019-10-22 00:12:54,475 [grpc-default-executor-6] INFO  impl.RaftServerImpl (RaftServerImpl.java:setRole(184)) - 2a52019e-5647-44e1-bf30-9a43fd8a7377@group-F01152B53F91: changes role from  FOLLOWER to FOLLOWER at term 24 for recognizeCandidate:2fdb3e93-e0d8-400e-8c33-91e2341b50c6
2019-10-22 00:12:54,475 [Thread-574] INFO  impl.FollowerState (FollowerState.java:run(117)) - 062c71de-08d9-40ee-9309-15590e2e8e68@group-F01152B53F91-FollowerState was interrupted: java.lang.InterruptedException: sleep interrupted
2019-10-22 00:12:54,477 [grpc-default-executor-6] INFO  impl.RoleInfo (RoleInfo.java:shutdownFollowerState(121)) - 2a52019e-5647-44e1-bf30-9a43fd8a7377: shutdown FollowerState
2019-10-22 00:12:54,477 [Thread-575] INFO  impl.FollowerState (FollowerState.java:run(117)) - 2a52019e-5647-44e1-bf30-9a43fd8a7377@group-F01152B53F91-FollowerState was interrupted: java.lang.InterruptedException: sleep interrupted
2019-10-22 00:12:54,477 [grpc-default-executor-6] INFO  impl.RoleInfo (RoleInfo.java:updateAndGet(143)) - 2a52019e-5647-44e1-bf30-9a43fd8a7377: start FollowerState
2019-10-22 00:12:54,513 [2fdb3e93-e0d8-400e-8c33-91e2341b50c6@group-F01152B53F91-LeaderElection35] INFO  impl.LeaderElection (LeaderElection.java:askForVotes(178)) - 2fdb3e93-e0d8-400e-8c33-91e2341b50c6@group-F01152B53F91-LeaderElection35: begin an election at term 25 for -1: [2fdb3e93-e0d8-400e-8c33-91e2341b50c6:192.168.157.254:43254, 062c71de-08d9-40ee-9309-15590e2e8e68:192.168.157.254:45598, 2a52019e-5647-44e1-bf30-9a43fd8a7377:192.168.157.254:36038], old=null
2019-10-22 00:12:54,515 [grpc-default-executor-3] INFO  impl.RaftServerImpl (RaftServerImpl.java:setRole(184)) - 2a52019e-5647-44e1-bf30-9a43fd8a7377@group-F01152B53F91: changes role from  FOLLOWER to FOLLOWER at term 25 for recognizeCandidate:2fdb3e93-e0d8-400e-8c33-91e2341b50c6
2019-10-22 00:12:54,516 [grpc-default-executor-3] INFO  impl.RoleInfo (RoleInfo.java:shutdownFollowerState(121)) - 2a52019e-5647-44e1-bf30-9a43fd8a7377: shutdown FollowerState
2019-10-22 00:12:54,516 [grpc-default-executor-3] INFO  impl.RoleInfo (RoleInfo.java:updateAndGet(143)) - 2a52019e-5647-44e1-bf30-9a43fd8a7377: start FollowerState
2019-10-22 00:12:54,516 [Thread-579] INFO  impl.FollowerState (FollowerState.java:run(117)) - 2a52019e-5647-44e1-bf30-9a43fd8a7377@group-F01152B53F91-FollowerState was interrupted: java.lang.InterruptedException: sleep interrupted
2019-10-22 00:12:54,518 [grpc-default-executor-4] INFO  impl.RaftServerImpl (RaftServerImpl.java:setRole(184)) - 062c71de-08d9-40ee-9309-15590e2e8e68@group-F01152B53F91: changes role from  FOLLOWER to FOLLOWER at term 25 for recognizeCandidate:2fdb3e93-e0d8-400e-8c33-91e2341b50c6
2019-10-22 00:12:54,518 [grpc-default-executor-4] INFO  impl.RoleInfo (RoleInfo.java:shutdownFollowerState(121)) - 062c71de-08d9-40ee-9309-15590e2e8e68: shutdown FollowerState
2019-10-22 00:12:54,518 [grpc-default-executor-4] INFO  impl.RoleInfo (RoleInfo.java:updateAndGet(143)) - 062c71de-08d9-40ee-9309-15590e2e8e68: start FollowerState
2019-10-22 00:12:54,518 [Thread-578] INFO  impl.FollowerState (FollowerState.java:run(117)) - 062c71de-08d9-40ee-9309-15590e2e8e68@group-F01152B53F91-FollowerState was interrupted: java.lang.InterruptedException: sleep interrupted
2019-10-22 00:12:54,570 [2fdb3e93-e0d8-400e-8c33-91e2341b50c6@group-F01152B53F91-LeaderElection35] INFO  impl.LeaderElection (LeaderElection.java:logAndReturn(56)) - 2fdb3e93-e0d8-400e-8c33-91e2341b50c6@group-F01152B53F91-LeaderElection35: Election REJECTED; received 2 response(s) [2fdb3e93-e0d8-400e-8c33-91e2341b50c6<-062c71de-08d9-40ee-9309-15590e2e8e68#0:FAIL-t25, 2fdb3e93-e0d8-400e-8c33-91e2341b50c6<-2a52019e-5647-44e1-bf30-9a43fd8a7377#0:FAIL-t25] and 0 exception(s); 2fdb3e93-e0d8-400e-8c33-91e2341b50c6@group-F01152B53F91:t25, leader=null, voted=2fdb3e93-e0d8-400e-8c33-91e2341b50c6, raftlog=2fdb3e93-e0d8-400e-8c33-91e2341b50c6@group-F01152B53F91-SegmentedRaftLog:OPENED:c-1,f-1,i0, conf=-1: [2fdb3e93-e0d8-400e-8c33-91e2341b50c6:192.168.157.254:43254, 062c71de-08d9-40ee-9309-15590e2e8e68:192.168.157.254:45598, 2a52019e-5647-44e1-bf30-9a43fd8a7377:192.168.157.254:36038], old=null
2019-10-22 00:12:54,570 [2fdb3e93-e0d8-400e-8c33-91e2341b50c6@group-F01152B53F91-LeaderElection35] INFO  impl.RaftServerImpl (RaftServerImpl.java:setRole(184)) - 2fdb3e93-e0d8-400e-8c33-91e2341b50c6@group-F01152B53F91: changes role from CANDIDATE to FOLLOWER at term 25 for DISCOVERED_A_NEW_TERM
2019-10-22 00:12:54,570 [2fdb3e93-e0d8-400e-8c33-91e2341b50c6@group-F01152B53F91-LeaderElection35] INFO  impl.RoleInfo (RoleInfo.java:shutdownLeaderElection(134)) - 2fdb3e93-e0d8-400e-8c33-91e2341b50c6: shutdown LeaderElection
2019-10-22 00:12:54,570 [2fdb3e93-e0d8-400e-8c33-91e2341b50c6@group-F01152B53F91-LeaderElection35] INFO  impl.RoleInfo (RoleInfo.java:updateAndGet(143)) - 2fdb3e93-e0d8-400e-8c33-91e2341b50c6: start FollowerState
2019-10-22 00:12:54,575 [Thread-586] INFO  impl.FollowerState (FollowerState.java:run(108)) - 2fdb3e93-e0d8-400e-8c33-91e2341b50c6@group-F01152B53F91-FollowerState: change to CANDIDATE, lastRpcTime:4ms, electionTimeout:4ms
2019-10-22 00:12:54,581 [Thread-586] INFO  impl.RoleInfo (RoleInfo.java:shutdownFollowerState(121)) - 2fdb3e93-e0d8-400e-8c33-91e2341b50c6: shutdown FollowerState
2019-10-22 00:12:54,581 [Thread-586] INFO  impl.RaftServerImpl (RaftServerImpl.java:setRole(184)) - 2fdb3e93-e0d8-400e-8c33-91e2341b50c6@group-F01152B53F91: changes role from  FOLLOWER to CANDIDATE at term 25 for changeToCandidate
2019-10-22 00:12:54,582 [Thread-586] INFO  impl.RoleInfo (RoleInfo.java:updateAndGet(143)) - 2fdb3e93-e0d8-400e-8c33-91e2341b50c6: start LeaderElection
2019-10-22 00:12:54,595 [2fdb3e93-e0d8-400e-8c33-91e2341b50c6@group-F01152B53F91-LeaderElection36] INFO  impl.LeaderElection (LeaderElection.java:askForVotes(178)) - 2fdb3e93-e0d8-400e-8c33-91e2341b50c6@group-F01152B53F91-LeaderElection36: begin an election at term 26 for -1: [2fdb3e93-e0d8-400e-8c33-91e2341b50c6:192.168.157.254:43254, 062c71de-08d9-40ee-9309-15590e2e8e68:192.168.157.254:45598, 2a52019e-5647-44e1-bf30-9a43fd8a7377:192.168.157.254:36038], old=null
2019-10-22 00:12:54,598 [grpc-default-executor-3] INFO  impl.RaftServerImpl (RaftServerImpl.java:setRole(184)) - 2a52019e-5647-44e1-bf30-9a43fd8a7377@group-F01152B53F91: changes role from  FOLLOWER to FOLLOWER at term 26 for recognizeCandidate:2fdb3e93-e0d8-400e-8c33-91e2341b50c6
2019-10-22 00:12:54,598 [grpc-default-executor-3] INFO  impl.RoleInfo (RoleInfo.java:shutdownFollowerState(121)) - 2a52019e-5647-44e1-bf30-9a43fd8a7377: shutdown FollowerState
2019-10-22 00:12:54,598 [grpc-default-executor-4] INFO  impl.RaftServerImpl (RaftServerImpl.java:setRole(184)) - 062c71de-08d9-40ee-9309-15590e2e8e68@group-F01152B53F91: changes role from  FOLLOWER to FOLLOWER at term 26 for recognizeCandidate:2fdb3e93-e0d8-400e-8c33-91e2341b50c6
2019-10-22 00:12:54,598 [Thread-583] INFO  impl.FollowerState (FollowerState.java:run(117)) - 2a52019e-5647-44e1-bf30-9a43fd8a7377@group-F01152B53F91-FollowerState was interrupted: java.lang.InterruptedException: sleep interrupted
2019-10-22 00:12:54,598 [grpc-default-executor-3] INFO  impl.RoleInfo (RoleInfo.java:updateAndGet(143)) - 2a52019e-5647-44e1-bf30-9a43fd8a7377: start FollowerState
2019-10-22 00:12:54,598 [grpc-default-executor-4] INFO  impl.RoleInfo (RoleInfo.java:shutdownFollowerState(121)) - 062c71de-08d9-40ee-9309-15590e2e8e68: shutdown FollowerState
2019-10-22 00:12:54,599 [grpc-default-executor-4] INFO  impl.RoleInfo (RoleInfo.java:updateAndGet(143)) - 062c71de-08d9-40ee-9309-15590e2e8e68: start FollowerState
2019-10-22 00:12:54,599 [Thread-584] INFO  impl.FollowerState (FollowerState.java:run(117)) - 062c71de-08d9-40ee-9309-15590e2e8e68@group-F01152B53F91-FollowerState was interrupted: java.lang.InterruptedException: sleep interrupted
2019-10-22 00:12:54,607 [2fdb3e93-e0d8-400e-8c33-91e2341b50c6@group-F01152B53F91-LeaderElection36] INFO  impl.LeaderElection (LeaderElection.java:logAndReturn(56)) - 2fdb3e93-e0d8-400e-8c33-91e2341b50c6@group-F01152B53F91-LeaderElection36: Election REJECTED; received 2 response(s) [2fdb3e93-e0d8-400e-8c33-91e2341b50c6<-062c71de-08d9-40ee-9309-15590e2e8e68#0:FAIL-t26, 2fdb3e93-e0d8-400e-8c33-91e2341b50c6<-2a52019e-5647-44e1-bf30-9a43fd8a7377#0:FAIL-t26] and 0 exception(s); 2fdb3e93-e0d8-400e-8c33-91e2341b50c6@group-F01152B53F91:t26, leader=null, voted=2fdb3e93-e0d8-400e-8c33-91e2341b50c6, raftlog=2fdb3e93-e0d8-400e-8c33-91e2341b50c6@group-F01152B53F91-SegmentedRaftLog:OPENED:c-1,f-1,i0, conf=-1: [2fdb3e93-e0d8-400e-8c33-91e2341b50c6:192.168.157.254:43254, 062c71de-08d9-40ee-9309-15590e2e8e68:192.168.157.254:45598, 2a52019e-5647-44e1-bf30-9a43fd8a7377:192.168.157.254:36038], old=null
2019-10-22 00:12:54,607 [2fdb3e93-e0d8-400e-8c33-91e2341b50c6@group-F01152B53F91-LeaderElection36] INFO  impl.RaftServerImpl (RaftServerImpl.java:setRole(184)) - 2fdb3e93-e0d8-400e-8c33-91e2341b50c6@group-F01152B53F91: changes role from CANDIDATE to FOLLOWER at term 26 for DISCOVERED_A_NEW_TERM
2019-10-22 00:12:54,607 [2fdb3e93-e0d8-400e-8c33-91e2341b50c6@group-F01152B53F91-LeaderElection36] INFO  impl.RoleInfo (RoleInfo.java:shutdownLeaderElection(134)) - 2fdb3e93-e0d8-400e-8c33-91e2341b50c6: shutdown LeaderElection
2019-10-22 00:12:54,607 [2fdb3e93-e0d8-400e-8c33-91e2341b50c6@group-F01152B53F91-LeaderElection36] INFO  impl.RoleInfo (RoleInfo.java:updateAndGet(143)) - 2fdb3e93-e0d8-400e-8c33-91e2341b50c6: start FollowerState
2019-10-22 00:12:54,719 [Thread-592] INFO  impl.FollowerState (FollowerState.java:run(108)) - 2fdb3e93-e0d8-400e-8c33-91e2341b50c6@group-F01152B53F91-FollowerState: change to CANDIDATE, lastRpcTime:112ms, electionTimeout:112ms
2019-10-22 00:12:54,719 [Thread-592] INFO  impl.RoleInfo (RoleInfo.java:shutdownFollowerState(121)) - 2fdb3e93-e0d8-400e-8c33-91e2341b50c6: shutdown FollowerState
2019-10-22 00:12:54,719 [Thread-592] INFO  impl.RaftServerImpl (RaftServerImpl.java:setRole(184)) - 2fdb3e93-e0d8-400e-8c33-91e2341b50c6@group-F01152B53F91: changes role from  FOLLOWER to CANDIDATE at term 26 for changeToCandidate
2019-10-22 00:12:54,720 [Thread-592] INFO  impl.RoleInfo (RoleInfo.java:updateAndGet(143)) - 2fdb3e93-e0d8-400e-8c33-91e2341b50c6: start LeaderElection
2019-10-22 00:12:54,730 [2fdb3e93-e0d8-400e-8c33-91e2341b50c6@group-F01152B53F91-LeaderElection37] INFO  impl.LeaderElection (LeaderElection.java:askForVotes(178)) - 2fdb3e93-e0d8-400e-8c33-91e2341b50c6@group-F01152B53F91-LeaderElection37: begin an election at term 27 for -1: [2fdb3e93-e0d8-400e-8c33-91e2341b50c6:192.168.157.254:43254, 062c71de-08d9-40ee-9309-15590e2e8e68:192.168.157.254:45598, 2a52019e-5647-44e1-bf30-9a43fd8a7377:192.168.157.254:36038], old=null
2019-10-22 00:12:54,733 [grpc-default-executor-4] INFO  impl.RaftServerImpl (RaftServerImpl.java:setRole(184)) - 2a52019e-5647-44e1-bf30-9a43fd8a7377@group-F01152B53F91: changes role from  FOLLOWER to FOLLOWER at term 27 for recognizeCandidate:2fdb3e93-e0d8-400e-8c33-91e2341b50c6
2019-10-22 00:12:54,733 [grpc-default-executor-4] INFO  impl.RoleInfo (RoleInfo.java:shutdownFollowerState(121)) - 2a52019e-5647-44e1-bf30-9a43fd8a7377: shutdown FollowerState
2019-10-22 00:12:54,733 [grpc-default-executor-3] INFO  impl.RaftServerImpl (RaftServerImpl.java:setRole(184)) - 062c71de-08d9-40ee-9309-15590e2e8e68@group-F01152B53F91: changes role from  FOLLOWER to FOLLOWER at term 27 for recognizeCandidate:2fdb3e93-e0d8-400e-8c33-91e2341b50c6
2019-10-22 00:12:54,733 [Thread-590] INFO  impl.FollowerState (FollowerState.java:run(117)) - 2a52019e-5647-44e1-bf30-9a43fd8a7377@group-F01152B53F91-FollowerState was interrupted: java.lang.InterruptedException: sleep interrupted
2019-10-22 00:12:54,733 [grpc-default-executor-4] INFO  impl.RoleInfo (RoleInfo.java:updateAndGet(143)) - 2a52019e-5647-44e1-bf30-9a43fd8a7377: start FollowerState
2019-10-22 00:12:54,733 [grpc-default-executor-3] INFO  impl.RoleInfo (RoleInfo.java:shutdownFollowerState(121)) - 062c71de-08d9-40ee-9309-15590e2e8e68: shutdown FollowerState
2019-10-22 00:12:54,734 [Thread-591] INFO  impl.FollowerState (FollowerState.java:run(117)) - 062c71de-08d9-40ee-9309-15590e2e8e68@group-F01152B53F91-FollowerState was interrupted: java.lang.InterruptedException: sleep interrupted
2019-10-22 00:12:54,734 [grpc-default-executor-3] INFO  impl.RoleInfo (RoleInfo.java:updateAndGet(143)) - 062c71de-08d9-40ee-9309-15590e2e8e68: start FollowerState
2019-10-22 00:12:54,751 [2fdb3e93-e0d8-400e-8c33-91e2341b50c6@group-F01152B53F91-LeaderElection37] INFO  impl.LeaderElection (LeaderElection.java:logAndReturn(56)) - 2fdb3e93-e0d8-400e-8c33-91e2341b50c6@group-F01152B53F91-LeaderElection37: Election REJECTED; received 2 response(s) [2fdb3e93-e0d8-400e-8c33-91e2341b50c6<-062c71de-08d9-40ee-9309-15590e2e8e68#0:FAIL-t27, 2fdb3e93-e0d8-400e-8c33-91e2341b50c6<-2a52019e-5647-44e1-bf30-9a43fd8a7377#0:FAIL-t27] and 0 exception(s); 2fdb3e93-e0d8-400e-8c33-91e2341b50c6@group-F01152B53F91:t27, leader=null, voted=2fdb3e93-e0d8-400e-8c33-91e2341b50c6, raftlog=2fdb3e93-e0d8-400e-8c33-91e2341b50c6@group-F01152B53F91-SegmentedRaftLog:OPENED:c-1,f-1,i0, conf=-1: [2fdb3e93-e0d8-400e-8c33-91e2341b50c6:192.168.157.254:43254, 062c71de-08d9-40ee-9309-15590e2e8e68:192.168.157.254:45598, 2a52019e-5647-44e1-bf30-9a43fd8a7377:192.168.157.254:36038], old=null
2019-10-22 00:12:54,751 [2fdb3e93-e0d8-400e-8c33-91e2341b50c6@group-F01152B53F91-LeaderElection37] INFO  impl.RaftServerImpl (RaftServerImpl.java:setRole(184)) - 2fdb3e93-e0d8-400e-8c33-91e2341b50c6@group-F01152B53F91: changes role from CANDIDATE to FOLLOWER at term 27 for DISCOVERED_A_NEW_TERM
2019-10-22 00:12:54,751 [2fdb3e93-e0d8-400e-8c33-91e2341b50c6@group-F01152B53F91-LeaderElection37] INFO  impl.RoleInfo (RoleInfo.java:shutdownLeaderElection(134)) - 2fdb3e93-e0d8-400e-8c33-91e2341b50c6: shutdown LeaderElection
2019-10-22 00:12:54,752 [2fdb3e93-e0d8-400e-8c33-91e2341b50c6@group-F01152B53F91-LeaderElection37] INFO  impl.RoleInfo (RoleInfo.java:updateAndGet(143)) - 2fdb3e93-e0d8-400e-8c33-91e2341b50c6: start FollowerState
2019-10-22 00:12:54,756 [Thread-599] INFO  impl.FollowerState (FollowerState.java:run(108)) - 2fdb3e93-e0d8-400e-8c33-91e2341b50c6@group-F01152B53F91-FollowerState: change to CANDIDATE, lastRpcTime:4ms, electionTimeout:4ms
2019-10-22 00:12:54,756 [Thread-599] INFO  impl.RoleInfo (RoleInfo.java:shutdownFollowerState(121)) - 2fdb3e93-e0d8-400e-8c33-91e2341b50c6: shutdown FollowerState
2019-10-22 00:12:54,756 [Thread-599] INFO  impl.RaftServerImpl (RaftServerImpl.java:setRole(184)) - 2fdb3e93-e0d8-400e-8c33-91e2341b50c6@group-F01152B53F91: changes role from  FOLLOWER to CANDIDATE at term 27 for changeToCandidate
2019-10-22 00:12:54,756 [Thread-599] INFO  impl.RoleInfo (RoleInfo.java:updateAndGet(143)) - 2fdb3e93-e0d8-400e-8c33-91e2341b50c6: start LeaderElection
2019-10-22 00:12:54,761 [2fdb3e93-e0d8-400e-8c33-91e2341b50c6@group-F01152B53F91-LeaderElection38] INFO  impl.LeaderElection (LeaderElection.java:askForVotes(178)) - 2fdb3e93-e0d8-400e-8c33-91e2341b50c6@group-F01152B53F91-LeaderElection38: begin an election at term 28 for -1: [2fdb3e93-e0d8-400e-8c33-91e2341b50c6:192.168.157.254:43254, 062c71de-08d9-40ee-9309-15590e2e8e68:192.168.157.254:45598, 2a52019e-5647-44e1-bf30-9a43fd8a7377:192.168.157.254:36038], old=null
2019-10-22 00:12:54,763 [grpc-default-executor-4] INFO  impl.RaftServerImpl (RaftServerImpl.java:setRole(184)) - 062c71de-08d9-40ee-9309-15590e2e8e68@group-F01152B53F91: changes role from  FOLLOWER to FOLLOWER at term 28 for recognizeCandidate:2fdb3e93-e0d8-400e-8c33-91e2341b50c6
2019-10-22 00:12:54,763 [grpc-default-executor-4] INFO  impl.RoleInfo (RoleInfo.java:shutdownFollowerState(121)) - 062c71de-08d9-40ee-9309-15590e2e8e68: shutdown FollowerState
2019-10-22 00:12:54,763 [grpc-default-executor-3] INFO  impl.RaftServerImpl (RaftServerImpl.java:setRole(184)) - 2a52019e-5647-44e1-bf30-9a43fd8a7377@group-F01152B53F91: changes role from  FOLLOWER to FOLLOWER at term 28 for recognizeCandidate:2fdb3e93-e0d8-400e-8c33-91e2341b50c6
2019-10-22 00:12:54,764 [Thread-598] INFO  impl.FollowerState (FollowerState.java:run(117)) - 062c71de-08d9-40ee-9309-15590e2e8e68@group-F01152B53F91-FollowerState was interrupted: java.lang.InterruptedException: sleep interrupted
2019-10-22 00:12:54,764 [grpc-default-executor-4] INFO  impl.RoleInfo (RoleInfo.java:updateAndGet(143)) - 062c71de-08d9-40ee-9309-15590e2e8e68: start FollowerState
2019-10-22 00:12:54,764 [grpc-default-executor-3] INFO  impl.RoleInfo (RoleInfo.java:shutdownFollowerState(121)) - 2a52019e-5647-44e1-bf30-9a43fd8a7377: shutdown FollowerState
2019-10-22 00:12:54,764 [grpc-default-executor-3] INFO  impl.RoleInfo (RoleInfo.java:updateAndGet(143)) - 2a52019e-5647-44e1-bf30-9a43fd8a7377: start FollowerState
2019-10-22 00:12:54,764 [Thread-597] INFO  impl.FollowerState (FollowerState.java:run(117)) - 2a52019e-5647-44e1-bf30-9a43fd8a7377@group-F01152B53F91-FollowerState was interrupted: java.lang.InterruptedException: sleep interrupted
2019-10-22 00:12:54,771 [2fdb3e93-e0d8-400e-8c33-91e2341b50c6@group-F01152B53F91-LeaderElection38] INFO  impl.LeaderElection (LeaderElection.java:logAndReturn(56)) - 2fdb3e93-e0d8-400e-8c33-91e2341b50c6@group-F01152B53F91-LeaderElection38: Election REJECTED; received 2 response(s) [2fdb3e93-e0d8-400e-8c33-91e2341b50c6<-062c71de-08d9-40ee-9309-15590e2e8e68#0:FAIL-t28, 2fdb3e93-e0d8-400e-8c33-91e2341b50c6<-2a52019e-5647-44e1-bf30-9a43fd8a7377#0:FAIL-t28] and 0 exception(s); 2fdb3e93-e0d8-400e-8c33-91e2341b50c6@group-F01152B53F91:t28, leader=null, voted=2fdb3e93-e0d8-400e-8c33-91e2341b50c6, raftlog=2fdb3e93-e0d8-400e-8c33-91e2341b50c6@group-F01152B53F91-SegmentedRaftLog:OPENED:c-1,f-1,i0, conf=-1: [2fdb3e93-e0d8-400e-8c33-91e2341b50c6:192.168.157.254:43254, 062c71de-08d9-40ee-9309-15590e2e8e68:192.168.157.254:45598, 2a52019e-5647-44e1-bf30-9a43fd8a7377:192.168.157.254:36038], old=null
2019-10-22 00:12:54,772 [2fdb3e93-e0d8-400e-8c33-91e2341b50c6@group-F01152B53F91-LeaderElection38] INFO  impl.RaftServerImpl (RaftServerImpl.java:setRole(184)) - 2fdb3e93-e0d8-400e-8c33-91e2341b50c6@group-F01152B53F91: changes role from CANDIDATE to FOLLOWER at term 28 for DISCOVERED_A_NEW_TERM
2019-10-22 00:12:54,772 [2fdb3e93-e0d8-400e-8c33-91e2341b50c6@group-F01152B53F91-LeaderElection38] INFO  impl.RoleInfo (RoleInfo.java:shutdownLeaderElection(134)) - 2fdb3e93-e0d8-400e-8c33-91e2341b50c6: shutdown LeaderElection
2019-10-22 00:12:54,772 [2fdb3e93-e0d8-400e-8c33-91e2341b50c6@group-F01152B53F91-LeaderElection38] INFO  impl.RoleInfo (RoleInfo.java:updateAndGet(143)) - 2fdb3e93-e0d8-400e-8c33-91e2341b50c6: start FollowerState
2019-10-22 00:12:54,779 [Thread-606] INFO  impl.FollowerState (FollowerState.java:run(108)) - 2fdb3e93-e0d8-400e-8c33-91e2341b50c6@group-F01152B53F91-FollowerState: change to CANDIDATE, lastRpcTime:7ms, electionTimeout:7ms
2019-10-22 00:12:54,779 [Thread-606] INFO  impl.RoleInfo (RoleInfo.java:shutdownFollowerState(121)) - 2fdb3e93-e0d8-400e-8c33-91e2341b50c6: shutdown FollowerState
2019-10-22 00:12:54,779 [Thread-606] INFO  impl.RaftServerImpl (RaftServerImpl.java:setRole(184)) - 2fdb3e93-e0d8-400e-8c33-91e2341b50c6@group-F01152B53F91: changes role from  FOLLOWER to CANDIDATE at term 28 for changeToCandidate
2019-10-22 00:12:54,779 [Thread-606] INFO  impl.RoleInfo (RoleInfo.java:updateAndGet(143)) - 2fdb3e93-e0d8-400e-8c33-91e2341b50c6: start LeaderElection
2019-10-22 00:12:54,858 [2fdb3e93-e0d8-400e-8c33-91e2341b50c6@group-F01152B53F91-LeaderElection39] INFO  impl.LeaderElection (LeaderElection.java:askForVotes(178)) - 2fdb3e93-e0d8-400e-8c33-91e2341b50c6@group-F01152B53F91-LeaderElection39: begin an election at term 29 for -1: [2fdb3e93-e0d8-400e-8c33-91e2341b50c6:192.168.157.254:43254, 062c71de-08d9-40ee-9309-15590e2e8e68:192.168.157.254:45598, 2a52019e-5647-44e1-bf30-9a43fd8a7377:192.168.157.254:36038], old=null
2019-10-22 00:12:54,861 [grpc-default-executor-3] INFO  impl.RaftServerImpl (RaftServerImpl.java:setRole(184)) - 2a52019e-5647-44e1-bf30-9a43fd8a7377@group-F01152B53F91: changes role from  FOLLOWER to FOLLOWER at term 29 for recognizeCandidate:2fdb3e93-e0d8-400e-8c33-91e2341b50c6
2019-10-22 00:12:54,861 [grpc-default-executor-3] INFO  impl.RoleInfo (RoleInfo.java:shutdownFollowerState(121)) - 2a52019e-5647-44e1-bf30-9a43fd8a7377: shutdown FollowerState
2019-10-22 00:12:54,861 [grpc-default-executor-4] INFO  impl.RaftServerImpl (RaftServerImpl.java:setRole(184)) - 062c71de-08d9-40ee-9309-15590e2e8e68@group-F01152B53F91: changes role from  FOLLOWER to FOLLOWER at term 29 for recognizeCandidate:2fdb3e93-e0d8-400e-8c33-91e2341b50c6
2019-10-22 00:12:54,861 [Thread-605] INFO  impl.FollowerState (FollowerState.java:run(117)) - 2a52019e-5647-44e1-bf30-9a43fd8a7377@group-F01152B53F91-FollowerState was interrupted: java.lang.InterruptedException: sleep interrupted
2019-10-22 00:12:54,861 [grpc-default-executor-3] INFO  impl.RoleInfo (RoleInfo.java:updateAndGet(143)) - 2a52019e-5647-44e1-bf30-9a43fd8a7377: start FollowerState
2019-10-22 00:12:54,861 [grpc-default-executor-4] INFO  impl.RoleInfo (RoleInfo.java:shutdownFollowerState(121)) - 062c71de-08d9-40ee-9309-15590e2e8e68: shutdown FollowerState
2019-10-22 00:12:54,862 [grpc-default-executor-4] INFO  impl.RoleInfo (RoleInfo.java:updateAndGet(143)) - 062c71de-08d9-40ee-9309-15590e2e8e68: start FollowerState
2019-10-22 00:12:54,862 [Thread-604] INFO  impl.FollowerState (FollowerState.java:run(117)) - 062c71de-08d9-40ee-9309-15590e2e8e68@group-F01152B53F91-FollowerState was interrupted: java.lang.InterruptedException: sleep interrupted
2019-10-22 00:12:54,886 [2fdb3e93-e0d8-400e-8c33-91e2341b50c6@group-F01152B53F91-LeaderElection39] INFO  impl.LeaderElection (LeaderElection.java:logAndReturn(56)) - 2fdb3e93-e0d8-400e-8c33-91e2341b50c6@group-F01152B53F91-LeaderElection39: Election REJECTED; received 2 response(s) [2fdb3e93-e0d8-400e-8c33-91e2341b50c6<-062c71de-08d9-40ee-9309-15590e2e8e68#0:FAIL-t29, 2fdb3e93-e0d8-400e-8c33-91e2341b50c6<-2a52019e-5647-44e1-bf30-9a43fd8a7377#0:FAIL-t29] and 0 exception(s); 2fdb3e93-e0d8-400e-8c33-91e2341b50c6@group-F01152B53F91:t29, leader=null, voted=2fdb3e93-e0d8-400e-8c33-91e2341b50c6, raftlog=2fdb3e93-e0d8-400e-8c33-91e2341b50c6@group-F01152B53F91-SegmentedRaftLog:OPENED:c-1,f-1,i0, conf=-1: [2fdb3e93-e0d8-400e-8c33-91e2341b50c6:192.168.157.254:43254, 062c71de-08d9-40ee-9309-15590e2e8e68:192.168.157.254:45598, 2a52019e-5647-44e1-bf30-9a43fd8a7377:192.168.157.254:36038], old=null
2019-10-22 00:12:54,886 [2fdb3e93-e0d8-400e-8c33-91e2341b50c6@group-F01152B53F91-LeaderElection39] INFO  impl.RaftServerImpl (RaftServerImpl.java:setRole(184)) - 2fdb3e93-e0d8-400e-8c33-91e2341b50c6@group-F01152B53F91: changes role from CANDIDATE to FOLLOWER at term 29 for DISCOVERED_A_NEW_TERM
2019-10-22 00:12:54,887 [2fdb3e93-e0d8-400e-8c33-91e2341b50c6@group-F01152B53F91-LeaderElection39] INFO  impl.RoleInfo (RoleInfo.java:shutdownLeaderElection(134)) - 2fdb3e93-e0d8-400e-8c33-91e2341b50c6: shutdown LeaderElection
2019-10-22 00:12:54,887 [2fdb3e93-e0d8-400e-8c33-91e2341b50c6@group-F01152B53F91-LeaderElection39] INFO  impl.RoleInfo (RoleInfo.java:updateAndGet(143)) - 2fdb3e93-e0d8-400e-8c33-91e2341b50c6: start FollowerState
2019-10-22 00:12:54,936 [Thread-613] INFO  impl.FollowerState (FollowerState.java:run(108)) - 2fdb3e93-e0d8-400e-8c33-91e2341b50c6@group-F01152B53F91-FollowerState: change to CANDIDATE, lastRpcTime:49ms, electionTimeout:49ms
2019-10-22 00:12:54,936 [Thread-613] INFO  impl.RoleInfo (RoleInfo.java:shutdownFollowerState(121)) - 2fdb3e93-e0d8-400e-8c33-91e2341b50c6: shutdown FollowerState
2019-10-22 00:12:54,936 [Thread-613] INFO  impl.RaftServerImpl (RaftServerImpl.java:setRole(184)) - 2fdb3e93-e0d8-400e-8c33-91e2341b50c6@group-F01152B53F91: changes role from  FOLLOWER to CANDIDATE at term 29 for changeToCandidate
2019-10-22 00:12:54,937 [Thread-613] INFO  impl.RoleInfo (RoleInfo.java:updateAndGet(143)) - 2fdb3e93-e0d8-400e-8c33-91e2341b50c6: start LeaderElection
2019-10-22 00:12:54,956 [2fdb3e93-e0d8-400e-8c33-91e2341b50c6@group-F01152B53F91-LeaderElection40] INFO  impl.LeaderElection (LeaderElection.java:askForVotes(178)) - 2fdb3e93-e0d8-400e-8c33-91e2341b50c6@group-F01152B53F91-LeaderElection40: begin an election at term 30 for -1: [2fdb3e93-e0d8-400e-8c33-91e2341b50c6:192.168.157.254:43254, 062c71de-08d9-40ee-9309-15590e2e8e68:192.168.157.254:45598, 2a52019e-5647-44e1-bf30-9a43fd8a7377:192.168.157.254:36038], old=null
2019-10-22 00:12:54,962 [grpc-default-executor-3] INFO  impl.RaftServerImpl (RaftServerImpl.java:setRole(184)) - 2a52019e-5647-44e1-bf30-9a43fd8a7377@group-F01152B53F91: changes role from  FOLLOWER to FOLLOWER at term 30 for recognizeCandidate:2fdb3e93-e0d8-400e-8c33-91e2341b50c6
2019-10-22 00:12:54,962 [grpc-default-executor-4] INFO  impl.RaftServerImpl (RaftServerImpl.java:setRole(184)) - 062c71de-08d9-40ee-9309-15590e2e8e68@group-F01152B53F91: changes role from  FOLLOWER to FOLLOWER at term 30 for recognizeCandidate:2fdb3e93-e0d8-400e-8c33-91e2341b50c6
2019-10-22 00:12:54,962 [grpc-default-executor-3] INFO  impl.RoleInfo (RoleInfo.java:shutdownFollowerState(121)) - 2a52019e-5647-44e1-bf30-9a43fd8a7377: shutdown FollowerState
2019-10-22 00:12:54,962 [grpc-default-executor-4] INFO  impl.RoleInfo (RoleInfo.java:shutdownFollowerState(121)) - 062c71de-08d9-40ee-9309-15590e2e8e68: shutdown FollowerState
2019-10-22 00:12:54,962 [grpc-default-executor-3] INFO  impl.RoleInfo (RoleInfo.java:updateAndGet(143)) - 2a52019e-5647-44e1-bf30-9a43fd8a7377: start FollowerState
2019-10-22 00:12:54,962 [Thread-610] INFO  impl.FollowerState (FollowerState.java:run(117)) - 2a52019e-5647-44e1-bf30-9a43fd8a7377@group-F01152B53F91-FollowerState was interrupted: java.lang.InterruptedException: sleep interrupted
2019-10-22 00:12:54,963 [grpc-default-executor-4] INFO  impl.RoleInfo (RoleInfo.java:updateAndGet(143)) - 062c71de-08d9-40ee-9309-15590e2e8e68: start FollowerState
2019-10-22 00:12:54,963 [Thread-611] INFO  impl.FollowerState (FollowerState.java:run(117)) - 062c71de-08d9-40ee-9309-15590e2e8e68@group-F01152B53F91-FollowerState was interrupted: java.lang.InterruptedException: sleep interrupted
2019-10-22 00:12:54,970 [2fdb3e93-e0d8-400e-8c33-91e2341b50c6@group-F01152B53F91-LeaderElection40] INFO  impl.LeaderElection (LeaderElection.java:logAndReturn(56)) - 2fdb3e93-e0d8-400e-8c33-91e2341b50c6@group-F01152B53F91-LeaderElection40: Election REJECTED; received 2 response(s) [2fdb3e93-e0d8-400e-8c33-91e2341b50c6<-062c71de-08d9-40ee-9309-15590e2e8e68#0:FAIL-t30, 2fdb3e93-e0d8-400e-8c33-91e2341b50c6<-2a52019e-5647-44e1-bf30-9a43fd8a7377#0:FAIL-t30] and 0 exception(s); 2fdb3e93-e0d8-400e-8c33-91e2341b50c6@group-F01152B53F91:t30, leader=null, voted=2fdb3e93-e0d8-400e-8c33-91e2341b50c6, raftlog=2fdb3e93-e0d8-400e-8c33-91e2341b50c6@group-F01152B53F91-SegmentedRaftLog:OPENED:c-1,f-1,i0, conf=-1: [2fdb3e93-e0d8-400e-8c33-91e2341b50c6:192.168.157.254:43254, 062c71de-08d9-40ee-9309-15590e2e8e68:192.168.157.254:45598, 2a52019e-5647-44e1-bf30-9a43fd8a7377:192.168.157.254:36038], old=null
2019-10-22 00:12:54,970 [2fdb3e93-e0d8-400e-8c33-91e2341b50c6@group-F01152B53F91-LeaderElection40] INFO  impl.RaftServerImpl (RaftServerImpl.java:setRole(184)) - 2fdb3e93-e0d8-400e-8c33-91e2341b50c6@group-F01152B53F91: changes role from CANDIDATE to FOLLOWER at term 30 for DISCOVERED_A_NEW_TERM
2019-10-22 00:12:54,970 [2fdb3e93-e0d8-400e-8c33-91e2341b50c6@group-F01152B53F91-LeaderElection40] INFO  impl.RoleInfo (RoleInfo.java:shutdownLeaderElection(134)) - 2fdb3e93-e0d8-400e-8c33-91e2341b50c6: shutdown LeaderElection
2019-10-22 00:12:54,970 [2fdb3e93-e0d8-400e-8c33-91e2341b50c6@group-F01152B53F91-LeaderElection40] INFO  impl.RoleInfo (RoleInfo.java:updateAndGet(143)) - 2fdb3e93-e0d8-400e-8c33-91e2341b50c6: start FollowerState
2019-10-22 00:12:55,029 [Thread-620] INFO  impl.FollowerState (FollowerState.java:run(108)) - 2fdb3e93-e0d8-400e-8c33-91e2341b50c6@group-F01152B53F91-FollowerState: change to CANDIDATE, lastRpcTime:58ms, electionTimeout:58ms
2019-10-22 00:12:55,029 [Thread-620] INFO  impl.RoleInfo (RoleInfo.java:shutdownFollowerState(121)) - 2fdb3e93-e0d8-400e-8c33-91e2341b50c6: shutdown FollowerState
2019-10-22 00:12:55,029 [Thread-620] INFO  impl.RaftServerImpl (RaftServerImpl.java:setRole(184)) - 2fdb3e93-e0d8-400e-8c33-91e2341b50c6@group-F01152B53F91: changes role from  FOLLOWER to CANDIDATE at term 30 for changeToCandidate
2019-10-22 00:12:55,029 [Thread-620] INFO  impl.RoleInfo (RoleInfo.java:updateAndGet(143)) - 2fdb3e93-e0d8-400e-8c33-91e2341b50c6: start LeaderElection
2019-10-22 00:12:55,035 [2fdb3e93-e0d8-400e-8c33-91e2341b50c6@group-F01152B53F91-LeaderElection41] INFO  impl.LeaderElection (LeaderElection.java:askForVotes(178)) - 2fdb3e93-e0d8-400e-8c33-91e2341b50c6@group-F01152B53F91-LeaderElection41: begin an election at term 31 for -1: [2fdb3e93-e0d8-400e-8c33-91e2341b50c6:192.168.157.254:43254, 062c71de-08d9-40ee-9309-15590e2e8e68:192.168.157.254:45598, 2a52019e-5647-44e1-bf30-9a43fd8a7377:192.168.157.254:36038], old=null
2019-10-22 00:12:55,038 [grpc-default-executor-3] INFO  impl.RaftServerImpl (RaftServerImpl.java:setRole(184)) - 062c71de-08d9-40ee-9309-15590e2e8e68@group-F01152B53F91: changes role from  FOLLOWER to FOLLOWER at term 31 for recognizeCandidate:2fdb3e93-e0d8-400e-8c33-91e2341b50c6
2019-10-22 00:12:55,038 [grpc-default-executor-3] INFO  impl.RoleInfo (RoleInfo.java:shutdownFollowerState(121)) - 062c71de-08d9-40ee-9309-15590e2e8e68: shutdown FollowerState
2019-10-22 00:12:55,038 [grpc-default-executor-4] INFO  impl.RaftServerImpl (RaftServerImpl.java:setRole(184)) - 2a52019e-5647-44e1-bf30-9a43fd8a7377@group-F01152B53F91: changes role from  FOLLOWER to FOLLOWER at term 31 for recognizeCandidate:2fdb3e93-e0d8-400e-8c33-91e2341b50c6
2019-10-22 00:12:55,038 [Thread-619] INFO  impl.FollowerState (FollowerState.java:run(117)) - 062c71de-08d9-40ee-9309-15590e2e8e68@group-F01152B53F91-FollowerState was interrupted: java.lang.InterruptedException: sleep interrupted
2019-10-22 00:12:55,038 [grpc-default-executor-3] INFO  impl.RoleInfo (RoleInfo.java:updateAndGet(143)) - 062c71de-08d9-40ee-9309-15590e2e8e68: start FollowerState
2019-10-22 00:12:55,039 [grpc-default-executor-4] INFO  impl.RoleInfo (RoleInfo.java:shutdownFollowerState(121)) - 2a52019e-5647-44e1-bf30-9a43fd8a7377: shutdown FollowerState
2019-10-22 00:12:55,039 [grpc-default-executor-4] INFO  impl.RoleInfo (RoleInfo.java:updateAndGet(143)) - 2a52019e-5647-44e1-bf30-9a43fd8a7377: start FollowerState
2019-10-22 00:12:55,039 [Thread-618] INFO  impl.FollowerState (FollowerState.java:run(117)) - 2a52019e-5647-44e1-bf30-9a43fd8a7377@group-F01152B53F91-FollowerState was interrupted: java.lang.InterruptedException: sleep interrupted
2019-10-22 00:12:55,049 [2fdb3e93-e0d8-400e-8c33-91e2341b50c6@group-F01152B53F91-LeaderElection41] INFO  impl.LeaderElection (LeaderElection.java:logAndReturn(56)) - 2fdb3e93-e0d8-400e-8c33-91e2341b50c6@group-F01152B53F91-LeaderElection41: Election REJECTED; received 2 response(s) [2fdb3e93-e0d8-400e-8c33-91e2341b50c6<-062c71de-08d9-40ee-9309-15590e2e8e68#0:FAIL-t31, 2fdb3e93-e0d8-400e-8c33-91e2341b50c6<-2a52019e-5647-44e1-bf30-9a43fd8a7377#0:FAIL-t31] and 0 exception(s); 2fdb3e93-e0d8-400e-8c33-91e2341b50c6@group-F01152B53F91:t31, leader=null, voted=2fdb3e93-e0d8-400e-8c33-91e2341b50c6, raftlog=2fdb3e93-e0d8-400e-8c33-91e2341b50c6@group-F01152B53F91-SegmentedRaftLog:OPENED:c-1,f-1,i0, conf=-1: [2fdb3e93-e0d8-400e-8c33-91e2341b50c6:192.168.157.254:43254, 062c71de-08d9-40ee-9309-15590e2e8e68:192.168.157.254:45598, 2a52019e-5647-44e1-bf30-9a43fd8a7377:192.168.157.254:36038], old=null
2019-10-22 00:12:55,050 [2fdb3e93-e0d8-400e-8c33-91e2341b50c6@group-F01152B53F91-LeaderElection41] INFO  impl.RaftServerImpl (RaftServerImpl.java:setRole(184)) - 2fdb3e93-e0d8-400e-8c33-91e2341b50c6@group-F01152B53F91: changes role from CANDIDATE to FOLLOWER at term 31 for DISCOVERED_A_NEW_TERM
2019-10-22 00:12:55,050 [2fdb3e93-e0d8-400e-8c33-91e2341b50c6@group-F01152B53F91-LeaderElection41] INFO  impl.RoleInfo (RoleInfo.java:shutdownLeaderElection(134)) - 2fdb3e93-e0d8-400e-8c33-91e2341b50c6: shutdown LeaderElection
2019-10-22 00:12:55,050 [2fdb3e93-e0d8-400e-8c33-91e2341b50c6@group-F01152B53F91-LeaderElection41] INFO  impl.RoleInfo (RoleInfo.java:updateAndGet(143)) - 2fdb3e93-e0d8-400e-8c33-91e2341b50c6: start FollowerState
2019-10-22 00:12:55,182 [Thread-626] INFO  impl.FollowerState (FollowerState.java:run(108)) - 2fdb3e93-e0d8-400e-8c33-91e2341b50c6@group-F01152B53F91-FollowerState: change to CANDIDATE, lastRpcTime:132ms, electionTimeout:132ms
2019-10-22 00:12:55,182 [Thread-626] INFO  impl.RoleInfo (RoleInfo.java:shutdownFollowerState(121)) - 2fdb3e93-e0d8-400e-8c33-91e2341b50c6: shutdown FollowerState
2019-10-22 00:12:55,182 [Thread-626] INFO  impl.RaftServerImpl (RaftServerImpl.java:setRole(184)) - 2fdb3e93-e0d8-400e-8c33-91e2341b50c6@group-F01152B53F91: changes role from  FOLLOWER to CANDIDATE at term 31 for changeToCandidate
2019-10-22 00:12:55,183 [Thread-626] INFO  impl.RoleInfo (RoleInfo.java:updateAndGet(143)) - 2fdb3e93-e0d8-400e-8c33-91e2341b50c6: start LeaderElection
2019-10-22 00:12:55,188 [2fdb3e93-e0d8-400e-8c33-91e2341b50c6@group-F01152B53F91-LeaderElection42] INFO  impl.LeaderElection (LeaderElection.java:askForVotes(178)) - 2fdb3e93-e0d8-400e-8c33-91e2341b50c6@group-F01152B53F91-LeaderElection42: begin an election at term 32 for -1: [2fdb3e93-e0d8-400e-8c33-91e2341b50c6:192.168.157.254:43254, 062c71de-08d9-40ee-9309-15590e2e8e68:192.168.157.254:45598, 2a52019e-5647-44e1-bf30-9a43fd8a7377:192.168.157.254:36038], old=null
2019-10-22 00:12:55,197 [grpc-default-executor-4] INFO  impl.RaftServerImpl (RaftServerImpl.java:setRole(184)) - 2a52019e-5647-44e1-bf30-9a43fd8a7377@group-F01152B53F91: changes role from  FOLLOWER to FOLLOWER at term 32 for recognizeCandidate:2fdb3e93-e0d8-400e-8c33-91e2341b50c6
2019-10-22 00:12:55,199 [grpc-default-executor-4] INFO  impl.RoleInfo (RoleInfo.java:shutdownFollowerState(121)) - 2a52019e-5647-44e1-bf30-9a43fd8a7377: shutdown FollowerState
2019-10-22 00:12:55,199 [grpc-default-executor-3] INFO  impl.RaftServerImpl (RaftServerImpl.java:setRole(184)) - 062c71de-08d9-40ee-9309-15590e2e8e68@group-F01152B53F91: changes role from  FOLLOWER to FOLLOWER at term 32 for recognizeCandidate:2fdb3e93-e0d8-400e-8c33-91e2341b50c6
2019-10-22 00:12:55,199 [grpc-default-executor-4] INFO  impl.RoleInfo (RoleInfo.java:updateAndGet(143)) - 2a52019e-5647-44e1-bf30-9a43fd8a7377: start FollowerState
2019-10-22 00:12:55,199 [Thread-625] INFO  impl.FollowerState (FollowerState.java:run(117)) - 2a52019e-5647-44e1-bf30-9a43fd8a7377@group-F01152B53F91-FollowerState was interrupted: java.lang.InterruptedException: sleep interrupted
2019-10-22 00:12:55,199 [grpc-default-executor-3] INFO  impl.RoleInfo (RoleInfo.java:shutdownFollowerState(121)) - 062c71de-08d9-40ee-9309-15590e2e8e68: shutdown FollowerState
2019-10-22 00:12:55,199 [grpc-default-executor-3] INFO  impl.RoleInfo (RoleInfo.java:updateAndGet(143)) - 062c71de-08d9-40ee-9309-15590e2e8e68: start FollowerState
2019-10-22 00:12:55,200 [Thread-624] INFO  impl.FollowerState (FollowerState.java:run(117)) - 062c71de-08d9-40ee-9309-15590e2e8e68@group-F01152B53F91-FollowerState was interrupted: java.lang.InterruptedException: sleep interrupted
2019-10-22 00:12:55,213 [2fdb3e93-e0d8-400e-8c33-91e2341b50c6@group-F01152B53F91-LeaderElection42] INFO  impl.LeaderElection (LeaderElection.java:logAndReturn(56)) - 2fdb3e93-e0d8-400e-8c33-91e2341b50c6@group-F01152B53F91-LeaderElection42: Election REJECTED; received 2 response(s) [2fdb3e93-e0d8-400e-8c33-91e2341b50c6<-062c71de-08d9-40ee-9309-15590e2e8e68#0:FAIL-t32, 2fdb3e93-e0d8-400e-8c33-91e2341b50c6<-2a52019e-5647-44e1-bf30-9a43fd8a7377#0:FAIL-t32] and 0 exception(s); 2fdb3e93-e0d8-400e-8c33-91e2341b50c6@group-F01152B53F91:t32, leader=null, voted=2fdb3e93-e0d8-400e-8c33-91e2341b50c6, raftlog=2fdb3e93-e0d8-400e-8c33-91e2341b50c6@group-F01152B53F91-SegmentedRaftLog:OPENED:c-1,f-1,i0, conf=-1: [2fdb3e93-e0d8-400e-8c33-91e2341b50c6:192.168.157.254:43254, 062c71de-08d9-40ee-9309-15590e2e8e68:192.168.157.254:45598, 2a52019e-5647-44e1-bf30-9a43fd8a7377:192.168.157.254:36038], old=null
2019-10-22 00:12:55,213 [2fdb3e93-e0d8-400e-8c33-91e2341b50c6@group-F01152B53F91-LeaderElection42] INFO  impl.RaftServerImpl (RaftServerImpl.java:setRole(184)) - 2fdb3e93-e0d8-400e-8c33-91e2341b50c6@group-F01152B53F91: changes role from CANDIDATE to FOLLOWER at term 32 for DISCOVERED_A_NEW_TERM
2019-10-22 00:12:55,213 [2fdb3e93-e0d8-400e-8c33-91e2341b50c6@group-F01152B53F91-LeaderElection42] INFO  impl.RoleInfo (RoleInfo.java:shutdownLeaderElection(134)) - 2fdb3e93-e0d8-400e-8c33-91e2341b50c6: shutdown LeaderElection
2019-10-22 00:12:55,214 [2fdb3e93-e0d8-400e-8c33-91e2341b50c6@group-F01152B53F91-LeaderElection42] INFO  impl.RoleInfo (RoleInfo.java:updateAndGet(143)) - 2fdb3e93-e0d8-400e-8c33-91e2341b50c6: start FollowerState
2019-10-22 00:12:55,364 [Thread-633] INFO  impl.FollowerState (FollowerState.java:run(108)) - 2fdb3e93-e0d8-400e-8c33-91e2341b50c6@group-F01152B53F91-FollowerState: change to CANDIDATE, lastRpcTime:150ms, electionTimeout:150ms
2019-10-22 00:12:55,364 [Thread-633] INFO  impl.RoleInfo (RoleInfo.java:shutdownFollowerState(121)) - 2fdb3e93-e0d8-400e-8c33-91e2341b50c6: shutdown FollowerState
2019-10-22 00:12:55,365 [Thread-633] INFO  impl.RaftServerImpl (RaftServerImpl.java:setRole(184)) - 2fdb3e93-e0d8-400e-8c33-91e2341b50c6@group-F01152B53F91: changes role from  FOLLOWER to CANDIDATE at term 32 for changeToCandidate
2019-10-22 00:12:55,365 [Thread-633] INFO  impl.RoleInfo (RoleInfo.java:updateAndGet(143)) - 2fdb3e93-e0d8-400e-8c33-91e2341b50c6: start LeaderElection
2019-10-22 00:12:55,391 [2fdb3e93-e0d8-400e-8c33-91e2341b50c6@group-F01152B53F91-LeaderElection43] INFO  impl.LeaderElection (LeaderElection.java:askForVotes(178)) - 2fdb3e93-e0d8-400e-8c33-91e2341b50c6@group-F01152B53F91-LeaderElection43: begin an election at term 33 for -1: [2fdb3e93-e0d8-400e-8c33-91e2341b50c6:192.168.157.254:43254, 062c71de-08d9-40ee-9309-15590e2e8e68:192.168.157.254:45598, 2a52019e-5647-44e1-bf30-9a43fd8a7377:192.168.157.254:36038], old=null
2019-10-22 00:12:55,394 [grpc-default-executor-3] INFO  impl.RaftServerImpl (RaftServerImpl.java:setRole(184)) - 2a52019e-5647-44e1-bf30-9a43fd8a7377@group-F01152B53F91: changes role from  FOLLOWER to FOLLOWER at term 33 for recognizeCandidate:2fdb3e93-e0d8-400e-8c33-91e2341b50c6
2019-10-22 00:12:55,394 [grpc-default-executor-3] INFO  impl.RoleInfo (RoleInfo.java:shutdownFollowerState(121)) - 2a52019e-5647-44e1-bf30-9a43fd8a7377: shutdown FollowerState
2019-10-22 00:12:55,394 [grpc-default-executor-4] INFO  impl.RaftServerImpl (RaftServerImpl.java:setRole(184)) - 062c71de-08d9-40ee-9309-15590e2e8e68@group-F01152B53F91: changes role from  FOLLOWER to FOLLOWER at term 33 for recognizeCandidate:2fdb3e93-e0d8-400e-8c33-91e2341b50c6
2019-10-22 00:12:55,394 [grpc-default-executor-3] INFO  impl.RoleInfo (RoleInfo.java:updateAndGet(143)) - 2a52019e-5647-44e1-bf30-9a43fd8a7377: start FollowerState
2019-10-22 00:12:55,394 [Thread-630] INFO  impl.FollowerState (FollowerState.java:run(117)) - 2a52019e-5647-44e1-bf30-9a43fd8a7377@group-F01152B53F91-FollowerState was interrupted: java.lang.InterruptedException: sleep interrupted
2019-10-22 00:12:55,394 [grpc-default-executor-4] INFO  impl.RoleInfo (RoleInfo.java:shutdownFollowerState(121)) - 062c71de-08d9-40ee-9309-15590e2e8e68: shutdown FollowerState
2019-10-22 00:12:55,395 [Thread-632] INFO  impl.FollowerState (FollowerState.java:run(117)) - 062c71de-08d9-40ee-9309-15590e2e8e68@group-F01152B53F91-FollowerState was interrupted: java.lang.InterruptedException: sleep interrupted
2019-10-22 00:12:55,395 [grpc-default-executor-4] INFO  impl.RoleInfo (RoleInfo.java:updateAndGet(143)) - 062c71de-08d9-40ee-9309-15590e2e8e68: start FollowerState
2019-10-22 00:12:55,409 [2fdb3e93-e0d8-400e-8c33-91e2341b50c6@group-F01152B53F91-LeaderElection43] INFO  impl.LeaderElection (LeaderElection.java:logAndReturn(56)) - 2fdb3e93-e0d8-400e-8c33-91e2341b50c6@group-F01152B53F91-LeaderElection43: Election REJECTED; received 2 response(s) [2fdb3e93-e0d8-400e-8c33-91e2341b50c6<-062c71de-08d9-40ee-9309-15590e2e8e68#0:FAIL-t33, 2fdb3e93-e0d8-400e-8c33-91e2341b50c6<-2a52019e-5647-44e1-bf30-9a43fd8a7377#0:FAIL-t33] and 0 exception(s); 2fdb3e93-e0d8-400e-8c33-91e2341b50c6@group-F01152B53F91:t33, leader=null, voted=2fdb3e93-e0d8-400e-8c33-91e2341b50c6, raftlog=2fdb3e93-e0d8-400e-8c33-91e2341b50c6@group-F01152B53F91-SegmentedRaftLog:OPENED:c-1,f-1,i0, conf=-1: [2fdb3e93-e0d8-400e-8c33-91e2341b50c6:192.168.157.254:43254, 062c71de-08d9-40ee-9309-15590e2e8e68:192.168.157.254:45598, 2a52019e-5647-44e1-bf30-9a43fd8a7377:192.168.157.254:36038], old=null
2019-10-22 00:12:55,409 [2fdb3e93-e0d8-400e-8c33-91e2341b50c6@group-F01152B53F91-LeaderElection43] INFO  impl.RaftServerImpl (RaftServerImpl.java:setRole(184)) - 2fdb3e93-e0d8-400e-8c33-91e2341b50c6@group-F01152B53F91: changes role from CANDIDATE to FOLLOWER at term 33 for DISCOVERED_A_NEW_TERM
2019-10-22 00:12:55,409 [2fdb3e93-e0d8-400e-8c33-91e2341b50c6@group-F01152B53F91-LeaderElection43] INFO  impl.RoleInfo (RoleInfo.java:shutdownLeaderElection(134)) - 2fdb3e93-e0d8-400e-8c33-91e2341b50c6: shutdown LeaderElection
2019-10-22 00:12:55,410 [2fdb3e93-e0d8-400e-8c33-91e2341b50c6@group-F01152B53F91-LeaderElection43] INFO  impl.RoleInfo (RoleInfo.java:updateAndGet(143)) - 2fdb3e93-e0d8-400e-8c33-91e2341b50c6: start FollowerState
2019-10-22 00:12:55,537 [Thread-642] INFO  impl.FollowerState (FollowerState.java:run(108)) - 2fdb3e93-e0d8-400e-8c33-91e2341b50c6@group-F01152B53F91-FollowerState: change to CANDIDATE, lastRpcTime:127ms, electionTimeout:127ms
2019-10-22 00:12:55,537 [Thread-642] INFO  impl.RoleInfo (RoleInfo.java:shutdownFollowerState(121)) - 2fdb3e93-e0d8-400e-8c33-91e2341b50c6: shutdown FollowerState
2019-10-22 00:12:55,537 [Thread-642] INFO  impl.RaftServerImpl (RaftServerImpl.java:setRole(184)) - 2fdb3e93-e0d8-400e-8c33-91e2341b50c6@group-F01152B53F91: changes role from  FOLLOWER to CANDIDATE at term 33 for changeToCandidate
2019-10-22 00:12:55,537 [Thread-642] INFO  impl.RoleInfo (RoleInfo.java:updateAndGet(143)) - 2fdb3e93-e0d8-400e-8c33-91e2341b50c6: start LeaderElection
2019-10-22 00:12:55,561 [2fdb3e93-e0d8-400e-8c33-91e2341b50c6@group-F01152B53F91-LeaderElection44] INFO  impl.LeaderElection (LeaderElection.java:askForVotes(178)) - 2fdb3e93-e0d8-400e-8c33-91e2341b50c6@group-F01152B53F91-LeaderElection44: begin an election at term 34 for -1: [2fdb3e93-e0d8-400e-8c33-91e2341b50c6:192.168.157.254:43254, 062c71de-08d9-40ee-9309-15590e2e8e68:192.168.157.254:45598, 2a52019e-5647-44e1-bf30-9a43fd8a7377:192.168.157.254:36038], old=null
2019-10-22 00:12:55,567 [grpc-default-executor-4] INFO  impl.RaftServerImpl (RaftServerImpl.java:setRole(184)) - 062c71de-08d9-40ee-9309-15590e2e8e68@group-F01152B53F91: changes role from  FOLLOWER to FOLLOWER at term 34 for recognizeCandidate:2fdb3e93-e0d8-400e-8c33-91e2341b50c6
2019-10-22 00:12:55,568 [grpc-default-executor-3] INFO  impl.RaftServerImpl (RaftServerImpl.java:setRole(184)) - 2a52019e-5647-44e1-bf30-9a43fd8a7377@group-F01152B53F91: changes role from  FOLLOWER to FOLLOWER at term 34 for recognizeCandidate:2fdb3e93-e0d8-400e-8c33-91e2341b50c6
2019-10-22 00:12:55,568 [grpc-default-executor-4] INFO  impl.RoleInfo (RoleInfo.java:shutdownFollowerState(121)) - 062c71de-08d9-40ee-9309-15590e2e8e68: shutdown FollowerState
2019-10-22 00:12:55,568 [grpc-default-executor-3] INFO  impl.RoleInfo (RoleInfo.java:shutdownFollowerState(121)) - 2a52019e-5647-44e1-bf30-9a43fd8a7377: shutdown FollowerState
2019-10-22 00:12:55,568 [grpc-default-executor-4] INFO  impl.RoleInfo (RoleInfo.java:updateAndGet(143)) - 062c71de-08d9-40ee-9309-15590e2e8e68: start FollowerState
2019-10-22 00:12:55,568 [Thread-640] INFO  impl.FollowerState (FollowerState.java:run(117)) - 062c71de-08d9-40ee-9309-15590e2e8e68@group-F01152B53F91-FollowerState was interrupted: java.lang.InterruptedException: sleep interrupted
2019-10-22 00:12:55,568 [Thread-639] INFO  impl.FollowerState (FollowerState.java:run(117)) - 2a52019e-5647-44e1-bf30-9a43fd8a7377@group-F01152B53F91-FollowerState was interrupted: java.lang.InterruptedException: sleep interrupted
2019-10-22 00:12:55,568 [grpc-default-executor-3] INFO  impl.RoleInfo (RoleInfo.java:updateAndGet(143)) - 2a52019e-5647-44e1-bf30-9a43fd8a7377: start FollowerState
2019-10-22 00:12:55,583 [2fdb3e93-e0d8-400e-8c33-91e2341b50c6@group-F01152B53F91-LeaderElection44] INFO  impl.LeaderElection (LeaderElection.java:logAndReturn(56)) - 2fdb3e93-e0d8-400e-8c33-91e2341b50c6@group-F01152B53F91-LeaderElection44: Election REJECTED; received 2 response(s) [2fdb3e93-e0d8-400e-8c33-91e2341b50c6<-062c71de-08d9-40ee-9309-15590e2e8e68#0:FAIL-t34, 2fdb3e93-e0d8-400e-8c33-91e2341b50c6<-2a52019e-5647-44e1-bf30-9a43fd8a7377#0:FAIL-t34] and 0 exception(s); 2fdb3e93-e0d8-400e-8c33-91e2341b50c6@group-F01152B53F91:t34, leader=null, voted=2fdb3e93-e0d8-400e-8c33-91e2341b50c6, raftlog=2fdb3e93-e0d8-400e-8c33-91e2341b50c6@group-F01152B53F91-SegmentedRaftLog:OPENED:c-1,f-1,i0, conf=-1: [2fdb3e93-e0d8-400e-8c33-91e2341b50c6:192.168.157.254:43254, 062c71de-08d9-40ee-9309-15590e2e8e68:192.168.157.254:45598, 2a52019e-5647-44e1-bf30-9a43fd8a7377:192.168.157.254:36038], old=null
2019-10-22 00:12:55,583 [2fdb3e93-e0d8-400e-8c33-91e2341b50c6@group-F01152B53F91-LeaderElection44] INFO  impl.RaftServerImpl (RaftServerImpl.java:setRole(184)) - 2fdb3e93-e0d8-400e-8c33-91e2341b50c6@group-F01152B53F91: changes role from CANDIDATE to FOLLOWER at term 34 for DISCOVERED_A_NEW_TERM
2019-10-22 00:12:55,583 [2fdb3e93-e0d8-400e-8c33-91e2341b50c6@group-F01152B53F91-LeaderElection44] INFO  impl.RoleInfo (RoleInfo.java:shutdownLeaderElection(134)) - 2fdb3e93-e0d8-400e-8c33-91e2341b50c6: shutdown LeaderElection
2019-10-22 00:12:55,583 [2fdb3e93-e0d8-400e-8c33-91e2341b50c6@group-F01152B53F91-LeaderElection44] INFO  impl.RoleInfo (RoleInfo.java:updateAndGet(143)) - 2fdb3e93-e0d8-400e-8c33-91e2341b50c6: start FollowerState
2019-10-22 00:12:55,776 [Thread-650] INFO  impl.FollowerState (FollowerState.java:run(108)) - 2fdb3e93-e0d8-400e-8c33-91e2341b50c6@group-F01152B53F91-FollowerState: change to CANDIDATE, lastRpcTime:192ms, electionTimeout:192ms
2019-10-22 00:12:55,776 [Thread-650] INFO  impl.RoleInfo (RoleInfo.java:shutdownFollowerState(121)) - 2fdb3e93-e0d8-400e-8c33-91e2341b50c6: shutdown FollowerState
2019-10-22 00:12:55,776 [Thread-650] INFO  impl.RaftServerImpl (RaftServerImpl.java:setRole(184)) - 2fdb3e93-e0d8-400e-8c33-91e2341b50c6@group-F01152B53F91: changes role from  FOLLOWER to CANDIDATE at term 34 for changeToCandidate
2019-10-22 00:12:55,776 [Thread-650] INFO  impl.RoleInfo (RoleInfo.java:updateAndGet(143)) - 2fdb3e93-e0d8-400e-8c33-91e2341b50c6: start LeaderElection
2019-10-22 00:12:55,804 [2fdb3e93-e0d8-400e-8c33-91e2341b50c6@group-F01152B53F91-LeaderElection45] INFO  impl.LeaderElection (LeaderElection.java:askForVotes(178)) - 2fdb3e93-e0d8-400e-8c33-91e2341b50c6@group-F01152B53F91-LeaderElection45: begin an election at term 35 for -1: [2fdb3e93-e0d8-400e-8c33-91e2341b50c6:192.168.157.254:43254, 062c71de-08d9-40ee-9309-15590e2e8e68:192.168.157.254:45598, 2a52019e-5647-44e1-bf30-9a43fd8a7377:192.168.157.254:36038], old=null
2019-10-22 00:12:55,807 [grpc-default-executor-4] INFO  impl.RaftServerImpl (RaftServerImpl.java:setRole(184)) - 2a52019e-5647-44e1-bf30-9a43fd8a7377@group-F01152B53F91: changes role from  FOLLOWER to FOLLOWER at term 35 for recognizeCandidate:2fdb3e93-e0d8-400e-8c33-91e2341b50c6
2019-10-22 00:12:55,807 [grpc-default-executor-4] INFO  impl.RoleInfo (RoleInfo.java:shutdownFollowerState(121)) - 2a52019e-5647-44e1-bf30-9a43fd8a7377: shutdown FollowerState
2019-10-22 00:12:55,807 [grpc-default-executor-3] INFO  impl.RaftServerImpl (RaftServerImpl.java:setRole(184)) - 062c71de-08d9-40ee-9309-15590e2e8e68@group-F01152B53F91: changes role from  FOLLOWER to FOLLOWER at term 35 for recognizeCandidate:2fdb3e93-e0d8-400e-8c33-91e2341b50c6
2019-10-22 00:12:55,807 [Thread-649] INFO  impl.FollowerState (FollowerState.java:run(117)) - 2a52019e-5647-44e1-bf30-9a43fd8a7377@group-F01152B53F91-FollowerState was interrupted: java.lang.InterruptedException: sleep interrupted
2019-10-22 00:12:55,807 [grpc-default-executor-4] INFO  impl.RoleInfo (RoleInfo.java:updateAndGet(143)) - 2a52019e-5647-44e1-bf30-9a43fd8a7377: start FollowerState
2019-10-22 00:12:55,807 [grpc-default-executor-3] INFO  impl.RoleInfo (RoleInfo.java:shutdownFollowerState(121)) - 062c71de-08d9-40ee-9309-15590e2e8e68: shutdown FollowerState
2019-10-22 00:12:55,808 [grpc-default-executor-3] INFO  impl.RoleInfo (RoleInfo.java:updateAndGet(143)) - 062c71de-08d9-40ee-9309-15590e2e8e68: start FollowerState
2019-10-22 00:12:55,808 [Thread-648] INFO  impl.FollowerState (FollowerState.java:run(117)) - 062c71de-08d9-40ee-9309-15590e2e8e68@group-F01152B53F91-FollowerState was interrupted: java.lang.InterruptedException: sleep interrupted
2019-10-22 00:12:55,822 [2fdb3e93-e0d8-400e-8c33-91e2341b50c6@group-F01152B53F91-LeaderElection45] INFO  impl.LeaderElection (LeaderElection.java:logAndReturn(56)) - 2fdb3e93-e0d8-400e-8c33-91e2341b50c6@group-F01152B53F91-LeaderElection45: Election REJECTED; received 2 response(s) [2fdb3e93-e0d8-400e-8c33-91e2341b50c6<-062c71de-08d9-40ee-9309-15590e2e8e68#0:FAIL-t35, 2fdb3e93-e0d8-400e-8c33-91e2341b50c6<-2a52019e-5647-44e1-bf30-9a43fd8a7377#0:FAIL-t35] and 0 exception(s); 2fdb3e93-e0d8-400e-8c33-91e2341b50c6@group-F01152B53F91:t35, leader=null, voted=2fdb3e93-e0d8-400e-8c33-91e2341b50c6, raftlog=2fdb3e93-e0d8-400e-8c33-91e2341b50c6@group-F01152B53F91-SegmentedRaftLog:OPENED:c-1,f-1,i0, conf=-1: [2fdb3e93-e0d8-400e-8c33-91e2341b50c6:192.168.157.254:43254, 062c71de-08d9-40ee-9309-15590e2e8e68:192.168.157.254:45598, 2a52019e-5647-44e1-bf30-9a43fd8a7377:192.168.157.254:36038], old=null
2019-10-22 00:12:55,823 [2fdb3e93-e0d8-400e-8c33-91e2341b50c6@group-F01152B53F91-LeaderElection45] INFO  impl.RaftServerImpl (RaftServerImpl.java:setRole(184)) - 2fdb3e93-e0d8-400e-8c33-91e2341b50c6@group-F01152B53F91: changes role from CANDIDATE to FOLLOWER at term 35 for DISCOVERED_A_NEW_TERM
2019-10-22 00:12:55,823 [2fdb3e93-e0d8-400e-8c33-91e2341b50c6@group-F01152B53F91-LeaderElection45] INFO  impl.RoleInfo (RoleInfo.java:shutdownLeaderElection(134)) - 2fdb3e93-e0d8-400e-8c33-91e2341b50c6: shutdown LeaderElection
2019-10-22 00:12:55,823 [2fdb3e93-e0d8-400e-8c33-91e2341b50c6@group-F01152B53F91-LeaderElection45] INFO  impl.RoleInfo (RoleInfo.java:updateAndGet(143)) - 2fdb3e93-e0d8-400e-8c33-91e2341b50c6: start FollowerState
2019-10-22 00:12:55,910 [Thread-658] INFO  impl.FollowerState (FollowerState.java:run(108)) - 2fdb3e93-e0d8-400e-8c33-91e2341b50c6@group-F01152B53F91-FollowerState: change to CANDIDATE, lastRpcTime:87ms, electionTimeout:87ms
2019-10-22 00:12:55,911 [Thread-658] INFO  impl.RoleInfo (RoleInfo.java:shutdownFollowerState(121)) - 2fdb3e93-e0d8-400e-8c33-91e2341b50c6: shutdown FollowerState
2019-10-22 00:12:55,911 [Thread-658] INFO  impl.RaftServerImpl (RaftServerImpl.java:setRole(184)) - 2fdb3e93-e0d8-400e-8c33-91e2341b50c6@group-F01152B53F91: changes role from  FOLLOWER to CANDIDATE at term 35 for changeToCandidate
2019-10-22 00:12:55,911 [Thread-658] INFO  impl.RoleInfo (RoleInfo.java:updateAndGet(143)) - 2fdb3e93-e0d8-400e-8c33-91e2341b50c6: start LeaderElection
2019-10-22 00:12:55,924 [2fdb3e93-e0d8-400e-8c33-91e2341b50c6@group-F01152B53F91-LeaderElection46] INFO  impl.LeaderElection (LeaderElection.java:askForVotes(178)) - 2fdb3e93-e0d8-400e-8c33-91e2341b50c6@group-F01152B53F91-LeaderElection46: begin an election at term 36 for -1: [2fdb3e93-e0d8-400e-8c33-91e2341b50c6:192.168.157.254:43254, 062c71de-08d9-40ee-9309-15590e2e8e68:192.168.157.254:45598, 2a52019e-5647-44e1-bf30-9a43fd8a7377:192.168.157.254:36038], old=null
2019-10-22 00:12:55,926 [grpc-default-executor-4] INFO  impl.RaftServerImpl (RaftServerImpl.java:setRole(184)) - 062c71de-08d9-40ee-9309-15590e2e8e68@group-F01152B53F91: changes role from  FOLLOWER to FOLLOWER at term 36 for recognizeCandidate:2fdb3e93-e0d8-400e-8c33-91e2341b50c6
2019-10-22 00:12:55,926 [grpc-default-executor-4] INFO  impl.RoleInfo (RoleInfo.java:shutdownFollowerState(121)) - 062c71de-08d9-40ee-9309-15590e2e8e68: shutdown FollowerState
2019-10-22 00:12:55,926 [grpc-default-executor-4] INFO  impl.RoleInfo (RoleInfo.java:updateAndGet(143)) - 062c71de-08d9-40ee-9309-15590e2e8e68: start FollowerState
2019-10-22 00:12:55,926 [Thread-657] INFO  impl.FollowerState (FollowerState.java:run(117)) - 062c71de-08d9-40ee-9309-15590e2e8e68@group-F01152B53F91-FollowerState was interrupted: java.lang.InterruptedException: sleep interrupted
2019-10-22 00:12:55,926 [grpc-default-executor-3] INFO  impl.RaftServerImpl (RaftServerImpl.java:setRole(184)) - 2a52019e-5647-44e1-bf30-9a43fd8a7377@group-F01152B53F91: changes role from  FOLLOWER to FOLLOWER at term 36 for recognizeCandidate:2fdb3e93-e0d8-400e-8c33-91e2341b50c6
2019-10-22 00:12:55,926 [grpc-default-executor-3] INFO  impl.RoleInfo (RoleInfo.java:shutdownFollowerState(121)) - 2a52019e-5647-44e1-bf30-9a43fd8a7377: shutdown FollowerState
2019-10-22 00:12:55,927 [Thread-656] INFO  impl.FollowerState (FollowerState.java:run(117)) - 2a52019e-5647-44e1-bf30-9a43fd8a7377@group-F01152B53F91-FollowerState was interrupted: java.lang.InterruptedException: sleep interrupted
2019-10-22 00:12:55,927 [grpc-default-executor-3] INFO  impl.RoleInfo (RoleInfo.java:updateAndGet(143)) - 2a52019e-5647-44e1-bf30-9a43fd8a7377: start FollowerState
2019-10-22 00:12:55,941 [2fdb3e93-e0d8-400e-8c33-91e2341b50c6@group-F01152B53F91-LeaderElection46] INFO  impl.LeaderElection (LeaderElection.java:logAndReturn(56)) - 2fdb3e93-e0d8-400e-8c33-91e2341b50c6@group-F01152B53F91-LeaderElection46: Election REJECTED; received 2 response(s) [2fdb3e93-e0d8-400e-8c33-91e2341b50c6<-062c71de-08d9-40ee-9309-15590e2e8e68#0:FAIL-t36, 2fdb3e93-e0d8-400e-8c33-91e2341b50c6<-2a52019e-5647-44e1-bf30-9a43fd8a7377#0:FAIL-t36] and 0 exception(s); 2fdb3e93-e0d8-400e-8c33-91e2341b50c6@group-F01152B53F91:t36, leader=null, voted=2fdb3e93-e0d8-400e-8c33-91e2341b50c6, raftlog=2fdb3e93-e0d8-400e-8c33-91e2341b50c6@group-F01152B53F91-SegmentedRaftLog:OPENED:c-1,f-1,i0, conf=-1: [2fdb3e93-e0d8-400e-8c33-91e2341b50c6:192.168.157.254:43254, 062c71de-08d9-40ee-9309-15590e2e8e68:192.168.157.254:45598, 2a52019e-5647-44e1-bf30-9a43fd8a7377:192.168.157.254:36038], old=null
2019-10-22 00:12:55,941 [2fdb3e93-e0d8-400e-8c33-91e2341b50c6@group-F01152B53F91-LeaderElection46] INFO  impl.RaftServerImpl (RaftServerImpl.java:setRole(184)) - 2fdb3e93-e0d8-400e-8c33-91e2341b50c6@group-F01152B53F91: changes role from CANDIDATE to FOLLOWER at term 36 for DISCOVERED_A_NEW_TERM
2019-10-22 00:12:55,941 [2fdb3e93-e0d8-400e-8c33-91e2341b50c6@group-F01152B53F91-LeaderElection46] INFO  impl.RoleInfo (RoleInfo.java:shutdownLeaderElection(134)) - 2fdb3e93-e0d8-400e-8c33-91e2341b50c6: shutdown LeaderElection
2019-10-22 00:12:55,941 [2fdb3e93-e0d8-400e-8c33-91e2341b50c6@group-F01152B53F91-LeaderElection46] INFO  impl.RoleInfo (RoleInfo.java:updateAndGet(143)) - 2fdb3e93-e0d8-400e-8c33-91e2341b50c6: start FollowerState
2019-10-22 00:12:56,095 [Thread-666] INFO  impl.FollowerState (FollowerState.java:run(108)) - 2fdb3e93-e0d8-400e-8c33-91e2341b50c6@group-F01152B53F91-FollowerState: change to CANDIDATE, lastRpcTime:154ms, electionTimeout:154ms
2019-10-22 00:12:56,096 [Thread-666] INFO  impl.RoleInfo (RoleInfo.java:shutdownFollowerState(121)) - 2fdb3e93-e0d8-400e-8c33-91e2341b50c6: shutdown FollowerState
2019-10-22 00:12:56,096 [Thread-666] INFO  impl.RaftServerImpl (RaftServerImpl.java:setRole(184)) - 2fdb3e93-e0d8-400e-8c33-91e2341b50c6@group-F01152B53F91: changes role from  FOLLOWER to CANDIDATE at term 36 for changeToCandidate
2019-10-22 00:12:56,096 [Thread-666] INFO  impl.RoleInfo (RoleInfo.java:updateAndGet(143)) - 2fdb3e93-e0d8-400e-8c33-91e2341b50c6: start LeaderElection
2019-10-22 00:12:56,110 [2fdb3e93-e0d8-400e-8c33-91e2341b50c6@group-F01152B53F91-LeaderElection47] INFO  impl.LeaderElection (LeaderElection.java:askForVotes(178)) - 2fdb3e93-e0d8-400e-8c33-91e2341b50c6@group-F01152B53F91-LeaderElection47: begin an election at term 37 for -1: [2fdb3e93-e0d8-400e-8c33-91e2341b50c6:192.168.157.254:43254, 062c71de-08d9-40ee-9309-15590e2e8e68:192.168.157.254:45598, 2a52019e-5647-44e1-bf30-9a43fd8a7377:192.168.157.254:36038], old=null
2019-10-22 00:12:56,113 [grpc-default-executor-3] INFO  impl.RaftServerImpl (RaftServerImpl.java:setRole(184)) - 062c71de-08d9-40ee-9309-15590e2e8e68@group-F01152B53F91: changes role from  FOLLOWER to FOLLOWER at term 37 for recognizeCandidate:2fdb3e93-e0d8-400e-8c33-91e2341b50c6
2019-10-22 00:12:56,113 [grpc-default-executor-3] INFO  impl.RoleInfo (RoleInfo.java:shutdownFollowerState(121)) - 062c71de-08d9-40ee-9309-15590e2e8e68: shutdown FollowerState
2019-10-22 00:12:56,113 [grpc-default-executor-4] INFO  impl.RaftServerImpl (RaftServerImpl.java:setRole(184)) - 2a52019e-5647-44e1-bf30-9a43fd8a7377@group-F01152B53F91: changes role from  FOLLOWER to FOLLOWER at term 37 for recognizeCandidate:2fdb3e93-e0d8-400e-8c33-91e2341b50c6
2019-10-22 00:12:56,114 [Thread-664] INFO  impl.FollowerState (FollowerState.java:run(117)) - 062c71de-08d9-40ee-9309-15590e2e8e68@group-F01152B53F91-FollowerState was interrupted: java.lang.InterruptedException: sleep interrupted
2019-10-22 00:12:56,114 [grpc-default-executor-3] INFO  impl.RoleInfo (RoleInfo.java:updateAndGet(143)) - 062c71de-08d9-40ee-9309-15590e2e8e68: start FollowerState
2019-10-22 00:12:56,114 [grpc-default-executor-4] INFO  impl.RoleInfo (RoleInfo.java:shutdownFollowerState(121)) - 2a52019e-5647-44e1-bf30-9a43fd8a7377: shutdown FollowerState
2019-10-22 00:12:56,114 [grpc-default-executor-4] INFO  impl.RoleInfo (RoleInfo.java:updateAndGet(143)) - 2a52019e-5647-44e1-bf30-9a43fd8a7377: start FollowerState
2019-10-22 00:12:56,114 [Thread-665] INFO  impl.FollowerState (FollowerState.java:run(117)) - 2a52019e-5647-44e1-bf30-9a43fd8a7377@group-F01152B53F91-FollowerState was interrupted: java.lang.InterruptedException: sleep interrupted
2019-10-22 00:12:56,129 [2fdb3e93-e0d8-400e-8c33-91e2341b50c6@group-F01152B53F91-LeaderElection47] INFO  impl.LeaderElection (LeaderElection.java:logAndReturn(56)) - 2fdb3e93-e0d8-400e-8c33-91e2341b50c6@group-F01152B53F91-LeaderElection47: Election REJECTED; received 2 response(s) [2fdb3e93-e0d8-400e-8c33-91e2341b50c6<-062c71de-08d9-40ee-9309-15590e2e8e68#0:FAIL-t37, 2fdb3e93-e0d8-400e-8c33-91e2341b50c6<-2a52019e-5647-44e1-bf30-9a43fd8a7377#0:FAIL-t37] and 0 exception(s); 2fdb3e93-e0d8-400e-8c33-91e2341b50c6@group-F01152B53F91:t37, leader=null, voted=2fdb3e93-e0d8-400e-8c33-91e2341b50c6, raftlog=2fdb3e93-e0d8-400e-8c33-91e2341b50c6@group-F01152B53F91-SegmentedRaftLog:OPENED:c-1,f-1,i0, conf=-1: [2fdb3e93-e0d8-400e-8c33-91e2341b50c6:192.168.157.254:43254, 062c71de-08d9-40ee-9309-15590e2e8e68:192.168.157.254:45598, 2a52019e-5647-44e1-bf30-9a43fd8a7377:192.168.157.254:36038], old=null
2019-10-22 00:12:56,129 [2fdb3e93-e0d8-400e-8c33-91e2341b50c6@group-F01152B53F91-LeaderElection47] INFO  impl.RaftServerImpl (RaftServerImpl.java:setRole(184)) - 2fdb3e93-e0d8-400e-8c33-91e2341b50c6@group-F01152B53F91: changes role from CANDIDATE to FOLLOWER at term 37 for DISCOVERED_A_NEW_TERM
2019-10-22 00:12:56,130 [2fdb3e93-e0d8-400e-8c33-91e2341b50c6@group-F01152B53F91-LeaderElection47] INFO  impl.RoleInfo (RoleInfo.java:shutdownLeaderElection(134)) - 2fdb3e93-e0d8-400e-8c33-91e2341b50c6: shutdown LeaderElection
2019-10-22 00:12:56,130 [2fdb3e93-e0d8-400e-8c33-91e2341b50c6@group-F01152B53F91-LeaderElection47] INFO  impl.RoleInfo (RoleInfo.java:updateAndGet(143)) - 2fdb3e93-e0d8-400e-8c33-91e2341b50c6: start FollowerState
2019-10-22 00:12:56,294 [Thread-672] INFO  impl.FollowerState (FollowerState.java:run(108)) - 2fdb3e93-e0d8-400e-8c33-91e2341b50c6@group-F01152B53F91-FollowerState: change to CANDIDATE, lastRpcTime:164ms, electionTimeout:164ms
2019-10-22 00:12:56,294 [Thread-672] INFO  impl.RoleInfo (RoleInfo.java:shutdownFollowerState(121)) - 2fdb3e93-e0d8-400e-8c33-91e2341b50c6: shutdown FollowerState
2019-10-22 00:12:56,294 [Thread-672] INFO  impl.RaftServerImpl (RaftServerImpl.java:setRole(184)) - 2fdb3e93-e0d8-400e-8c33-91e2341b50c6@group-F01152B53F91: changes role from  FOLLOWER to CANDIDATE at term 37 for changeToCandidate
2019-10-22 00:12:56,295 [Thread-672] INFO  impl.RoleInfo (RoleInfo.java:updateAndGet(143)) - 2fdb3e93-e0d8-400e-8c33-91e2341b50c6: start LeaderElection
2019-10-22 00:12:56,316 [2fdb3e93-e0d8-400e-8c33-91e2341b50c6@group-F01152B53F91-LeaderElection48] INFO  impl.LeaderElection (LeaderElection.java:askForVotes(178)) - 2fdb3e93-e0d8-400e-8c33-91e2341b50c6@group-F01152B53F91-LeaderElection48: begin an election at term 38 for -1: [2fdb3e93-e0d8-400e-8c33-91e2341b50c6:192.168.157.254:43254, 062c71de-08d9-40ee-9309-15590e2e8e68:192.168.157.254:45598, 2a52019e-5647-44e1-bf30-9a43fd8a7377:192.168.157.254:36038], old=null
2019-10-22 00:12:56,321 [grpc-default-executor-4] INFO  impl.RaftServerImpl (RaftServerImpl.java:setRole(184)) - 062c71de-08d9-40ee-9309-15590e2e8e68@group-F01152B53F91: changes role from  FOLLOWER to FOLLOWER at term 38 for recognizeCandidate:2fdb3e93-e0d8-400e-8c33-91e2341b50c6
2019-10-22 00:12:56,321 [grpc-default-executor-4] INFO  impl.RoleInfo (RoleInfo.java:shutdownFollowerState(121)) - 062c71de-08d9-40ee-9309-15590e2e8e68: shutdown FollowerState
2019-10-22 00:12:56,321 [grpc-default-executor-3] INFO  impl.RaftServerImpl (RaftServerImpl.java:setRole(184)) - 2a52019e-5647-44e1-bf30-9a43fd8a7377@group-F01152B53F91: changes role from  FOLLOWER to FOLLOWER at term 38 for recognizeCandidate:2fdb3e93-e0d8-400e-8c33-91e2341b50c6
2019-10-22 00:12:56,321 [grpc-default-executor-3] INFO  impl.RoleInfo (RoleInfo.java:shutdownFollowerState(121)) - 2a52019e-5647-44e1-bf30-9a43fd8a7377: shutdown FollowerState
2019-10-22 00:12:56,321 [Thread-670] INFO  impl.FollowerState (FollowerState.java:run(117)) - 062c71de-08d9-40ee-9309-15590e2e8e68@group-F01152B53F91-FollowerState was interrupted: java.lang.InterruptedException: sleep interrupted
2019-10-22 00:12:56,321 [grpc-default-executor-4] INFO  impl.RoleInfo (RoleInfo.java:updateAndGet(143)) - 062c71de-08d9-40ee-9309-15590e2e8e68: start FollowerState
2019-10-22 00:12:56,322 [Thread-671] INFO  impl.FollowerState (FollowerState.java:run(117)) - 2a52019e-5647-44e1-bf30-9a43fd8a7377@group-F01152B53F91-FollowerState was interrupted: java.lang.InterruptedException: sleep interrupted
2019-10-22 00:12:56,321 [grpc-default-executor-3] INFO  impl.RoleInfo (RoleInfo.java:updateAndGet(143)) - 2a52019e-5647-44e1-bf30-9a43fd8a7377: start FollowerState
2019-10-22 00:12:56,327 [2fdb3e93-e0d8-400e-8c33-91e2341b50c6@group-F01152B53F91-LeaderElection48] INFO  impl.LeaderElection (LeaderElection.java:logAndReturn(56)) - 2fdb3e93-e0d8-400e-8c33-91e2341b50c6@group-F01152B53F91-LeaderElection48: Election REJECTED; received 2 response(s) [2fdb3e93-e0d8-400e-8c33-91e2341b50c6<-062c71de-08d9-40ee-9309-15590e2e8e68#0:FAIL-t38, 2fdb3e93-e0d8-400e-8c33-91e2341b50c6<-2a52019e-5647-44e1-bf30-9a43fd8a7377#0:FAIL-t38] and 0 exception(s); 2fdb3e93-e0d8-400e-8c33-91e2341b50c6@group-F01152B53F91:t38, leader=null, voted=2fdb3e93-e0d8-400e-8c33-91e2341b50c6, raftlog=2fdb3e93-e0d8-400e-8c33-91e2341b50c6@group-F01152B53F91-SegmentedRaftLog:OPENED:c-1,f-1,i0, conf=-1: [2fdb3e93-e0d8-400e-8c33-91e2341b50c6:192.168.157.254:43254, 062c71de-08d9-40ee-9309-15590e2e8e68:192.168.157.254:45598, 2a52019e-5647-44e1-bf30-9a43fd8a7377:192.168.157.254:36038], old=null
2019-10-22 00:12:56,327 [2fdb3e93-e0d8-400e-8c33-91e2341b50c6@group-F01152B53F91-LeaderElection48] INFO  impl.RaftServerImpl (RaftServerImpl.java:setRole(184)) - 2fdb3e93-e0d8-400e-8c33-91e2341b50c6@group-F01152B53F91: changes role from CANDIDATE to FOLLOWER at term 38 for DISCOVERED_A_NEW_TERM
2019-10-22 00:12:56,327 [2fdb3e93-e0d8-400e-8c33-91e2341b50c6@group-F01152B53F91-LeaderElection48] INFO  impl.RoleInfo (RoleInfo.java:shutdownLeaderElection(134)) - 2fdb3e93-e0d8-400e-8c33-91e2341b50c6: shutdown LeaderElection
2019-10-22 00:12:56,327 [2fdb3e93-e0d8-400e-8c33-91e2341b50c6@group-F01152B53F91-LeaderElection48] INFO  impl.RoleInfo (RoleInfo.java:updateAndGet(143)) - 2fdb3e93-e0d8-400e-8c33-91e2341b50c6: start FollowerState
2019-10-22 00:12:56,416 [Thread-680] INFO  impl.FollowerState (FollowerState.java:run(108)) - 2fdb3e93-e0d8-400e-8c33-91e2341b50c6@group-F01152B53F91-FollowerState: change to CANDIDATE, lastRpcTime:88ms, electionTimeout:88ms
2019-10-22 00:12:56,416 [Thread-680] INFO  impl.RoleInfo (RoleInfo.java:shutdownFollowerState(121)) - 2fdb3e93-e0d8-400e-8c33-91e2341b50c6: shutdown FollowerState
2019-10-22 00:12:56,416 [Thread-680] INFO  impl.RaftServerImpl (RaftServerImpl.java:setRole(184)) - 2fdb3e93-e0d8-400e-8c33-91e2341b50c6@group-F01152B53F91: changes role from  FOLLOWER to CANDIDATE at term 38 for changeToCandidate
2019-10-22 00:12:56,416 [Thread-680] INFO  impl.RoleInfo (RoleInfo.java:updateAndGet(143)) - 2fdb3e93-e0d8-400e-8c33-91e2341b50c6: start LeaderElection
2019-10-22 00:12:56,429 [2fdb3e93-e0d8-400e-8c33-91e2341b50c6@group-F01152B53F91-LeaderElection49] INFO  impl.LeaderElection (LeaderElection.java:askForVotes(178)) - 2fdb3e93-e0d8-400e-8c33-91e2341b50c6@group-F01152B53F91-LeaderElection49: begin an election at term 39 for -1: [2fdb3e93-e0d8-400e-8c33-91e2341b50c6:192.168.157.254:43254, 062c71de-08d9-40ee-9309-15590e2e8e68:192.168.157.254:45598, 2a52019e-5647-44e1-bf30-9a43fd8a7377:192.168.157.254:36038], old=null
2019-10-22 00:12:56,431 [grpc-default-executor-3] INFO  impl.RaftServerImpl (RaftServerImpl.java:setRole(184)) - 062c71de-08d9-40ee-9309-15590e2e8e68@group-F01152B53F91: changes role from  FOLLOWER to FOLLOWER at term 39 for recognizeCandidate:2fdb3e93-e0d8-400e-8c33-91e2341b50c6
2019-10-22 00:12:56,431 [grpc-default-executor-4] INFO  impl.RaftServerImpl (RaftServerImpl.java:setRole(184)) - 2a52019e-5647-44e1-bf30-9a43fd8a7377@group-F01152B53F91: changes role from  FOLLOWER to FOLLOWER at term 39 for recognizeCandidate:2fdb3e93-e0d8-400e-8c33-91e2341b50c6
2019-10-22 00:12:56,431 [grpc-default-executor-3] INFO  impl.RoleInfo (RoleInfo.java:shutdownFollowerState(121)) - 062c71de-08d9-40ee-9309-15590e2e8e68: shutdown FollowerState
2019-10-22 00:12:56,431 [grpc-default-executor-4] INFO  impl.RoleInfo (RoleInfo.java:shutdownFollowerState(121)) - 2a52019e-5647-44e1-bf30-9a43fd8a7377: shutdown FollowerState
2019-10-22 00:12:56,431 [grpc-default-executor-3] INFO  impl.RoleInfo (RoleInfo.java:updateAndGet(143)) - 062c71de-08d9-40ee-9309-15590e2e8e68: start FollowerState
2019-10-22 00:12:56,431 [Thread-678] INFO  impl.FollowerState (FollowerState.java:run(117)) - 062c71de-08d9-40ee-9309-15590e2e8e68@group-F01152B53F91-FollowerState was interrupted: java.lang.InterruptedException: sleep interrupted
2019-10-22 00:12:56,432 [Thread-679] INFO  impl.FollowerState (FollowerState.java:run(117)) - 2a52019e-5647-44e1-bf30-9a43fd8a7377@group-F01152B53F91-FollowerState was interrupted: java.lang.InterruptedException: sleep interrupted
2019-10-22 00:12:56,431 [grpc-default-executor-4] INFO  impl.RoleInfo (RoleInfo.java:updateAndGet(143)) - 2a52019e-5647-44e1-bf30-9a43fd8a7377: start FollowerState
2019-10-22 00:12:56,437 [2fdb3e93-e0d8-400e-8c33-91e2341b50c6@group-F01152B53F91-LeaderElection49] INFO  impl.LeaderElection (LeaderElection.java:logAndReturn(56)) - 2fdb3e93-e0d8-400e-8c33-91e2341b50c6@group-F01152B53F91-LeaderElection49: Election REJECTED; received 2 response(s) [2fdb3e93-e0d8-400e-8c33-91e2341b50c6<-062c71de-08d9-40ee-9309-15590e2e8e68#0:FAIL-t39, 2fdb3e93-e0d8-400e-8c33-91e2341b50c6<-2a52019e-5647-44e1-bf30-9a43fd8a7377#0:FAIL-t39] and 0 exception(s); 2fdb3e93-e0d8-400e-8c33-91e2341b50c6@group-F01152B53F91:t39, leader=null, voted=2fdb3e93-e0d8-400e-8c33-91e2341b50c6, raftlog=2fdb3e93-e0d8-400e-8c33-91e2341b50c6@group-F01152B53F91-SegmentedRaftLog:OPENED:c-1,f-1,i0, conf=-1: [2fdb3e93-e0d8-400e-8c33-91e2341b50c6:192.168.157.254:43254, 062c71de-08d9-40ee-9309-15590e2e8e68:192.168.157.254:45598, 2a52019e-5647-44e1-bf30-9a43fd8a7377:192.168.157.254:36038], old=null
2019-10-22 00:12:56,437 [2fdb3e93-e0d8-400e-8c33-91e2341b50c6@group-F01152B53F91-LeaderElection49] INFO  impl.RaftServerImpl (RaftServerImpl.java:setRole(184)) - 2fdb3e93-e0d8-400e-8c33-91e2341b50c6@group-F01152B53F91: changes role from CANDIDATE to FOLLOWER at term 39 for DISCOVERED_A_NEW_TERM
2019-10-22 00:12:56,437 [2fdb3e93-e0d8-400e-8c33-91e2341b50c6@group-F01152B53F91-LeaderElection49] INFO  impl.RoleInfo (RoleInfo.java:shutdownLeaderElection(134)) - 2fdb3e93-e0d8-400e-8c33-91e2341b50c6: shutdown LeaderElection
2019-10-22 00:12:56,437 [2fdb3e93-e0d8-400e-8c33-91e2341b50c6@group-F01152B53F91-LeaderElection49] INFO  impl.RoleInfo (RoleInfo.java:updateAndGet(143)) - 2fdb3e93-e0d8-400e-8c33-91e2341b50c6: start FollowerState
2019-10-22 00:12:56,475 [Thread-688] INFO  impl.FollowerState (FollowerState.java:run(108)) - 2fdb3e93-e0d8-400e-8c33-91e2341b50c6@group-F01152B53F91-FollowerState: change to CANDIDATE, lastRpcTime:37ms, electionTimeout:37ms
2019-10-22 00:12:56,475 [Thread-688] INFO  impl.RoleInfo (RoleInfo.java:shutdownFollowerState(121)) - 2fdb3e93-e0d8-400e-8c33-91e2341b50c6: shutdown FollowerState
2019-10-22 00:12:56,475 [Thread-688] INFO  impl.RaftServerImpl (RaftServerImpl.java:setRole(184)) - 2fdb3e93-e0d8-400e-8c33-91e2341b50c6@group-F01152B53F91: changes role from  FOLLOWER to CANDIDATE at term 39 for changeToCandidate
2019-10-22 00:12:56,475 [Thread-688] INFO  impl.RoleInfo (RoleInfo.java:updateAndGet(143)) - 2fdb3e93-e0d8-400e-8c33-91e2341b50c6: start LeaderElection
2019-10-22 00:12:56,497 [2fdb3e93-e0d8-400e-8c33-91e2341b50c6@group-F01152B53F91-LeaderElection50] INFO  impl.LeaderElection (LeaderElection.java:askForVotes(178)) - 2fdb3e93-e0d8-400e-8c33-91e2341b50c6@group-F01152B53F91-LeaderElection50: begin an election at term 40 for -1: [2fdb3e93-e0d8-400e-8c33-91e2341b50c6:192.168.157.254:43254, 062c71de-08d9-40ee-9309-15590e2e8e68:192.168.157.254:45598, 2a52019e-5647-44e1-bf30-9a43fd8a7377:192.168.157.254:36038], old=null
2019-10-22 00:12:56,501 [grpc-default-executor-4] INFO  impl.RaftServerImpl (RaftServerImpl.java:setRole(184)) - 062c71de-08d9-40ee-9309-15590e2e8e68@group-F01152B53F91: changes role from  FOLLOWER to FOLLOWER at term 40 for recognizeCandidate:2fdb3e93-e0d8-400e-8c33-91e2341b50c6
2019-10-22 00:12:56,501 [grpc-default-executor-4] INFO  impl.RoleInfo (RoleInfo.java:shutdownFollowerState(121)) - 062c71de-08d9-40ee-9309-15590e2e8e68: shutdown FollowerState
2019-10-22 00:12:56,501 [grpc-default-executor-4] INFO  impl.RoleInfo (RoleInfo.java:updateAndGet(143)) - 062c71de-08d9-40ee-9309-15590e2e8e68: start FollowerState
2019-10-22 00:12:56,501 [Thread-686] INFO  impl.FollowerState (FollowerState.java:run(117)) - 062c71de-08d9-40ee-9309-15590e2e8e68@group-F01152B53F91-FollowerState was interrupted: java.lang.InterruptedException: sleep interrupted
2019-10-22 00:12:56,501 [grpc-default-executor-3] INFO  impl.RaftServerImpl (RaftServerImpl.java:setRole(184)) - 2a52019e-5647-44e1-bf30-9a43fd8a7377@group-F01152B53F91: changes role from  FOLLOWER to FOLLOWER at term 40 for recognizeCandidate:2fdb3e93-e0d8-400e-8c33-91e2341b50c6
2019-10-22 00:12:56,501 [grpc-default-executor-3] INFO  impl.RoleInfo (RoleInfo.java:shutdownFollowerState(121)) - 2a52019e-5647-44e1-bf30-9a43fd8a7377: shutdown FollowerState
2019-10-22 00:12:56,502 [grpc-default-executor-3] INFO  impl.RoleInfo (RoleInfo.java:updateAndGet(143)) - 2a52019e-5647-44e1-bf30-9a43fd8a7377: start FollowerState
2019-10-22 00:12:56,502 [Thread-687] INFO  impl.FollowerState (FollowerState.java:run(117)) - 2a52019e-5647-44e1-bf30-9a43fd8a7377@group-F01152B53F91-FollowerState was interrupted: java.lang.InterruptedException: sleep interrupted
2019-10-22 00:12:56,516 [2fdb3e93-e0d8-400e-8c33-91e2341b50c6@group-F01152B53F91-LeaderElection50] INFO  impl.LeaderElection (LeaderElection.java:logAndReturn(56)) - 2fdb3e93-e0d8-400e-8c33-91e2341b50c6@group-F01152B53F91-LeaderElection50: Election REJECTED; received 2 response(s) [2fdb3e93-e0d8-400e-8c33-91e2341b50c6<-062c71de-08d9-40ee-9309-15590e2e8e68#0:FAIL-t40, 2fdb3e93-e0d8-400e-8c33-91e2341b50c6<-2a52019e-5647-44e1-bf30-9a43fd8a7377#0:FAIL-t40] and 0 exception(s); 2fdb3e93-e0d8-400e-8c33-91e2341b50c6@group-F01152B53F91:t40, leader=null, voted=2fdb3e93-e0d8-400e-8c33-91e2341b50c6, raftlog=2fdb3e93-e0d8-400e-8c33-91e2341b50c6@group-F01152B53F91-SegmentedRaftLog:OPENED:c-1,f-1,i0, conf=-1: [2fdb3e93-e0d8-400e-8c33-91e2341b50c6:192.168.157.254:43254, 062c71de-08d9-40ee-9309-15590e2e8e68:192.168.157.254:45598, 2a52019e-5647-44e1-bf30-9a43fd8a7377:192.168.157.254:36038], old=null
2019-10-22 00:12:56,516 [2fdb3e93-e0d8-400e-8c33-91e2341b50c6@group-F01152B53F91-LeaderElection50] INFO  impl.RaftServerImpl (RaftServerImpl.java:setRole(184)) - 2fdb3e93-e0d8-400e-8c33-91e2341b50c6@group-F01152B53F91: changes role from CANDIDATE to FOLLOWER at term 40 for DISCOVERED_A_NEW_TERM
2019-10-22 00:12:56,516 [2fdb3e93-e0d8-400e-8c33-91e2341b50c6@group-F01152B53F91-LeaderElection50] INFO  impl.RoleInfo (RoleInfo.java:shutdownLeaderElection(134)) - 2fdb3e93-e0d8-400e-8c33-91e2341b50c6: shutdown LeaderElection
2019-10-22 00:12:56,516 [2fdb3e93-e0d8-400e-8c33-91e2341b50c6@group-F01152B53F91-LeaderElection50] INFO  impl.RoleInfo (RoleInfo.java:updateAndGet(143)) - 2fdb3e93-e0d8-400e-8c33-91e2341b50c6: start FollowerState
2019-10-22 00:12:56,607 [Thread-694] INFO  impl.FollowerState (FollowerState.java:run(108)) - 2fdb3e93-e0d8-400e-8c33-91e2341b50c6@group-F01152B53F91-FollowerState: change to CANDIDATE, lastRpcTime:91ms, electionTimeout:91ms
2019-10-22 00:12:56,607 [Thread-694] INFO  impl.RoleInfo (RoleInfo.java:shutdownFollowerState(121)) - 2fdb3e93-e0d8-400e-8c33-91e2341b50c6: shutdown FollowerState
2019-10-22 00:12:56,608 [Thread-694] INFO  impl.RaftServerImpl (RaftServerImpl.java:setRole(184)) - 2fdb3e93-e0d8-400e-8c33-91e2341b50c6@group-F01152B53F91: changes role from  FOLLOWER to CANDIDATE at term 40 for changeToCandidate
2019-10-22 00:12:56,608 [Thread-694] INFO  impl.RoleInfo (RoleInfo.java:updateAndGet(143)) - 2fdb3e93-e0d8-400e-8c33-91e2341b50c6: start LeaderElection
2019-10-22 00:12:56,621 [2fdb3e93-e0d8-400e-8c33-91e2341b50c6@group-F01152B53F91-LeaderElection51] INFO  impl.LeaderElection (LeaderElection.java:askForVotes(178)) - 2fdb3e93-e0d8-400e-8c33-91e2341b50c6@group-F01152B53F91-LeaderElection51: begin an election at term 41 for -1: [2fdb3e93-e0d8-400e-8c33-91e2341b50c6:192.168.157.254:43254, 062c71de-08d9-40ee-9309-15590e2e8e68:192.168.157.254:45598, 2a52019e-5647-44e1-bf30-9a43fd8a7377:192.168.157.254:36038], old=null
2019-10-22 00:12:56,623 [grpc-default-executor-4] INFO  impl.RaftServerImpl (RaftServerImpl.java:setRole(184)) - 062c71de-08d9-40ee-9309-15590e2e8e68@group-F01152B53F91: changes role from  FOLLOWER to FOLLOWER at term 41 for recognizeCandidate:2fdb3e93-e0d8-400e-8c33-91e2341b50c6
2019-10-22 00:12:56,623 [grpc-default-executor-3] INFO  impl.RaftServerImpl (RaftServerImpl.java:setRole(184)) - 2a52019e-5647-44e1-bf30-9a43fd8a7377@group-F01152B53F91: changes role from  FOLLOWER to FOLLOWER at term 41 for recognizeCandidate:2fdb3e93-e0d8-400e-8c33-91e2341b50c6
2019-10-22 00:12:56,623 [grpc-default-executor-4] INFO  impl.RoleInfo (RoleInfo.java:shutdownFollowerState(121)) - 062c71de-08d9-40ee-9309-15590e2e8e68: shutdown FollowerState
2019-10-22 00:12:56,624 [grpc-default-executor-3] INFO  impl.RoleInfo (RoleInfo.java:shutdownFollowerState(121)) - 2a52019e-5647-44e1-bf30-9a43fd8a7377: shutdown FollowerState
2019-10-22 00:12:56,624 [Thread-692] INFO  impl.FollowerState (FollowerState.java:run(117)) - 062c71de-08d9-40ee-9309-15590e2e8e68@group-F01152B53F91-FollowerState was interrupted: java.lang.InterruptedException: sleep interrupted
2019-10-22 00:12:56,624 [Thread-693] INFO  impl.FollowerState (FollowerState.java:run(117)) - 2a52019e-5647-44e1-bf30-9a43fd8a7377@group-F01152B53F91-FollowerState was interrupted: java.lang.InterruptedException: sleep interrupted
2019-10-22 00:12:56,624 [grpc-default-executor-4] INFO  impl.RoleInfo (RoleInfo.java:updateAndGet(143)) - 062c71de-08d9-40ee-9309-15590e2e8e68: start FollowerState
2019-10-22 00:12:56,624 [grpc-default-executor-3] INFO  impl.RoleInfo (RoleInfo.java:updateAndGet(143)) - 2a52019e-5647-44e1-bf30-9a43fd8a7377: start FollowerState
2019-10-22 00:12:56,639 [2fdb3e93-e0d8-400e-8c33-91e2341b50c6@group-F01152B53F91-LeaderElection51] INFO  impl.LeaderElection (LeaderElection.java:logAndReturn(56)) - 2fdb3e93-e0d8-400e-8c33-91e2341b50c6@group-F01152B53F91-LeaderElection51: Election REJECTED; received 2 response(s) [2fdb3e93-e0d8-400e-8c33-91e2341b50c6<-062c71de-08d9-40ee-9309-15590e2e8e68#0:FAIL-t41, 2fdb3e93-e0d8-400e-8c33-91e2341b50c6<-2a52019e-5647-44e1-bf30-9a43fd8a7377#0:FAIL-t41] and 0 exception(s); 2fdb3e93-e0d8-400e-8c33-91e2341b50c6@group-F01152B53F91:t41, leader=null, voted=2fdb3e93-e0d8-400e-8c33-91e2341b50c6, raftlog=2fdb3e93-e0d8-400e-8c33-91e2341b50c6@group-F01152B53F91-SegmentedRaftLog:OPENED:c-1,f-1,i0, conf=-1: [2fdb3e93-e0d8-400e-8c33-91e2341b50c6:192.168.157.254:43254, 062c71de-08d9-40ee-9309-15590e2e8e68:192.168.157.254:45598, 2a52019e-5647-44e1-bf30-9a43fd8a7377:192.168.157.254:36038], old=null
2019-10-22 00:12:56,639 [2fdb3e93-e0d8-400e-8c33-91e2341b50c6@group-F01152B53F91-LeaderElection51] INFO  impl.RaftServerImpl (RaftServerImpl.java:setRole(184)) - 2fdb3e93-e0d8-400e-8c33-91e2341b50c6@group-F01152B53F91: changes role from CANDIDATE to FOLLOWER at term 41 for DISCOVERED_A_NEW_TERM
2019-10-22 00:12:56,639 [2fdb3e93-e0d8-400e-8c33-91e2341b50c6@group-F01152B53F91-LeaderElection51] INFO  impl.RoleInfo (RoleInfo.java:shutdownLeaderElection(134)) - 2fdb3e93-e0d8-400e-8c33-91e2341b50c6: shutdown LeaderElection
2019-10-22 00:12:56,639 [2fdb3e93-e0d8-400e-8c33-91e2341b50c6@group-F01152B53F91-LeaderElection51] INFO  impl.RoleInfo (RoleInfo.java:updateAndGet(143)) - 2fdb3e93-e0d8-400e-8c33-91e2341b50c6: start FollowerState
2019-10-22 00:12:56,701 [Thread-702] INFO  impl.FollowerState (FollowerState.java:run(108)) - 2fdb3e93-e0d8-400e-8c33-91e2341b50c6@group-F01152B53F91-FollowerState: change to CANDIDATE, lastRpcTime:61ms, electionTimeout:61ms
2019-10-22 00:12:56,701 [Thread-702] INFO  impl.RoleInfo (RoleInfo.java:shutdownFollowerState(121)) - 2fdb3e93-e0d8-400e-8c33-91e2341b50c6: shutdown FollowerState
2019-10-22 00:12:56,701 [Thread-702] INFO  impl.RaftServerImpl (RaftServerImpl.java:setRole(184)) - 2fdb3e93-e0d8-400e-8c33-91e2341b50c6@group-F01152B53F91: changes role from  FOLLOWER to CANDIDATE at term 41 for changeToCandidate
2019-10-22 00:12:56,701 [Thread-702] INFO  impl.RoleInfo (RoleInfo.java:updateAndGet(143)) - 2fdb3e93-e0d8-400e-8c33-91e2341b50c6: start LeaderElection
2019-10-22 00:12:56,719 [2fdb3e93-e0d8-400e-8c33-91e2341b50c6@group-F01152B53F91-LeaderElection52] INFO  impl.LeaderElection (LeaderElection.java:askForVotes(178)) - 2fdb3e93-e0d8-400e-8c33-91e2341b50c6@group-F01152B53F91-LeaderElection52: begin an election at term 42 for -1: [2fdb3e93-e0d8-400e-8c33-91e2341b50c6:192.168.157.254:43254, 062c71de-08d9-40ee-9309-15590e2e8e68:192.168.157.254:45598, 2a52019e-5647-44e1-bf30-9a43fd8a7377:192.168.157.254:36038], old=null
2019-10-22 00:12:56,722 [grpc-default-executor-3] INFO  impl.RaftServerImpl (RaftServerImpl.java:setRole(184)) - 062c71de-08d9-40ee-9309-15590e2e8e68@group-F01152B53F91: changes role from  FOLLOWER to FOLLOWER at term 42 for recognizeCandidate:2fdb3e93-e0d8-400e-8c33-91e2341b50c6
2019-10-22 00:12:56,722 [grpc-default-executor-4] INFO  impl.RaftServerImpl (RaftServerImpl.java:setRole(184)) - 2a52019e-5647-44e1-bf30-9a43fd8a7377@group-F01152B53F91: changes role from  FOLLOWER to FOLLOWER at term 42 for recognizeCandidate:2fdb3e93-e0d8-400e-8c33-91e2341b50c6
2019-10-22 00:12:56,723 [grpc-default-executor-4] INFO  impl.RoleInfo (RoleInfo.java:shutdownFollowerState(121)) - 2a52019e-5647-44e1-bf30-9a43fd8a7377: shutdown FollowerState
2019-10-22 00:12:56,722 [grpc-default-executor-3] INFO  impl.RoleInfo (RoleInfo.java:shutdownFollowerState(121)) - 062c71de-08d9-40ee-9309-15590e2e8e68: shutdown FollowerState
2019-10-22 00:12:56,723 [Thread-701] INFO  impl.FollowerState (FollowerState.java:run(117)) - 2a52019e-5647-44e1-bf30-9a43fd8a7377@group-F01152B53F91-FollowerState was interrupted: java.lang.InterruptedException: sleep interrupted
2019-10-22 00:12:56,723 [Thread-700] INFO  impl.FollowerState (FollowerState.java:run(117)) - 062c71de-08d9-40ee-9309-15590e2e8e68@group-F01152B53F91-FollowerState was interrupted: java.lang.InterruptedException: sleep interrupted
2019-10-22 00:12:56,723 [grpc-default-executor-4] INFO  impl.RoleInfo (RoleInfo.java:updateAndGet(143)) - 2a52019e-5647-44e1-bf30-9a43fd8a7377: start FollowerState
2019-10-22 00:12:56,723 [grpc-default-executor-3] INFO  impl.RoleInfo (RoleInfo.java:updateAndGet(143)) - 062c71de-08d9-40ee-9309-15590e2e8e68: start FollowerState
2019-10-22 00:12:56,732 [2fdb3e93-e0d8-400e-8c33-91e2341b50c6@group-F01152B53F91-LeaderElection52] INFO  impl.LeaderElection (LeaderElection.java:logAndReturn(56)) - 2fdb3e93-e0d8-400e-8c33-91e2341b50c6@group-F01152B53F91-LeaderElection52: Election REJECTED; received 2 response(s) [2fdb3e93-e0d8-400e-8c33-91e2341b50c6<-062c71de-08d9-40ee-9309-15590e2e8e68#0:FAIL-t42, 2fdb3e93-e0d8-400e-8c33-91e2341b50c6<-2a52019e-5647-44e1-bf30-9a43fd8a7377#0:FAIL-t42] and 0 exception(s); 2fdb3e93-e0d8-400e-8c33-91e2341b50c6@group-F01152B53F91:t42, leader=null, voted=2fdb3e93-e0d8-400e-8c33-91e2341b50c6, raftlog=2fdb3e93-e0d8-400e-8c33-91e2341b50c6@group-F01152B53F91-SegmentedRaftLog:OPENED:c-1,f-1,i0, conf=-1: [2fdb3e93-e0d8-400e-8c33-91e2341b50c6:192.168.157.254:43254, 062c71de-08d9-40ee-9309-15590e2e8e68:192.168.157.254:45598, 2a52019e-5647-44e1-bf30-9a43fd8a7377:192.168.157.254:36038], old=null
2019-10-22 00:12:56,732 [2fdb3e93-e0d8-400e-8c33-91e2341b50c6@group-F01152B53F91-LeaderElection52] INFO  impl.RaftServerImpl (RaftServerImpl.java:setRole(184)) - 2fdb3e93-e0d8-400e-8c33-91e2341b50c6@group-F01152B53F91: changes role from CANDIDATE to FOLLOWER at term 42 for DISCOVERED_A_NEW_TERM
2019-10-22 00:12:56,733 [2fdb3e93-e0d8-400e-8c33-91e2341b50c6@group-F01152B53F91-LeaderElection52] INFO  impl.RoleInfo (RoleInfo.java:shutdownLeaderElection(134)) - 2fdb3e93-e0d8-400e-8c33-91e2341b50c6: shutdown LeaderElection
2019-10-22 00:12:56,733 [2fdb3e93-e0d8-400e-8c33-91e2341b50c6@group-F01152B53F91-LeaderElection52] INFO  impl.RoleInfo (RoleInfo.java:updateAndGet(143)) - 2fdb3e93-e0d8-400e-8c33-91e2341b50c6: start FollowerState
2019-10-22 00:12:56,747 [Thread-709] INFO  impl.FollowerState (FollowerState.java:run(108)) - 2fdb3e93-e0d8-400e-8c33-91e2341b50c6@group-F01152B53F91-FollowerState: change to CANDIDATE, lastRpcTime:14ms, electionTimeout:14ms
2019-10-22 00:12:56,747 [Thread-709] INFO  impl.RoleInfo (RoleInfo.java:shutdownFollowerState(121)) - 2fdb3e93-e0d8-400e-8c33-91e2341b50c6: shutdown FollowerState
2019-10-22 00:12:56,747 [Thread-709] INFO  impl.RaftServerImpl (RaftServerImpl.java:setRole(184)) - 2fdb3e93-e0d8-400e-8c33-91e2341b50c6@group-F01152B53F91: changes role from  FOLLOWER to CANDIDATE at term 42 for changeToCandidate
2019-10-22 00:12:56,747 [Thread-709] INFO  impl.RoleInfo (RoleInfo.java:updateAndGet(143)) - 2fdb3e93-e0d8-400e-8c33-91e2341b50c6: start LeaderElection
2019-10-22 00:12:56,761 [2fdb3e93-e0d8-400e-8c33-91e2341b50c6@group-F01152B53F91-LeaderElection53] INFO  impl.LeaderElection (LeaderElection.java:askForVotes(178)) - 2fdb3e93-e0d8-400e-8c33-91e2341b50c6@group-F01152B53F91-LeaderElection53: begin an election at term 43 for -1: [2fdb3e93-e0d8-400e-8c33-91e2341b50c6:192.168.157.254:43254, 062c71de-08d9-40ee-9309-15590e2e8e68:192.168.157.254:45598, 2a52019e-5647-44e1-bf30-9a43fd8a7377:192.168.157.254:36038], old=null
2019-10-22 00:12:56,762 [grpc-default-executor-3] INFO  impl.RaftServerImpl (RaftServerImpl.java:setRole(184)) - 062c71de-08d9-40ee-9309-15590e2e8e68@group-F01152B53F91: changes role from  FOLLOWER to FOLLOWER at term 43 for recognizeCandidate:2fdb3e93-e0d8-400e-8c33-91e2341b50c6
2019-10-22 00:12:56,762 [grpc-default-executor-3] INFO  impl.RoleInfo (RoleInfo.java:shutdownFollowerState(121)) - 062c71de-08d9-40ee-9309-15590e2e8e68: shutdown FollowerState
2019-10-22 00:12:56,763 [grpc-default-executor-3] INFO  impl.RoleInfo (RoleInfo.java:updateAndGet(143)) - 062c71de-08d9-40ee-9309-15590e2e8e68: start FollowerState
2019-10-22 00:12:56,763 [grpc-default-executor-6] INFO  impl.RaftServerImpl (RaftServerImpl.java:setRole(184)) - 2a52019e-5647-44e1-bf30-9a43fd8a7377@group-F01152B53F91: changes role from  FOLLOWER to FOLLOWER at term 43 for recognizeCandidate:2fdb3e93-e0d8-400e-8c33-91e2341b50c6
2019-10-22 00:12:56,763 [grpc-default-executor-6] INFO  impl.RoleInfo (RoleInfo.java:shutdownFollowerState(121)) - 2a52019e-5647-44e1-bf30-9a43fd8a7377: shutdown FollowerState
2019-10-22 00:12:56,763 [Thread-708] INFO  impl.FollowerState (FollowerState.java:run(117)) - 062c71de-08d9-40ee-9309-15590e2e8e68@group-F01152B53F91-FollowerState was interrupted: java.lang.InterruptedException: sleep interrupted
2019-10-22 00:12:56,763 [Thread-707] INFO  impl.FollowerState (FollowerState.java:run(117)) - 2a52019e-5647-44e1-bf30-9a43fd8a7377@group-F01152B53F91-FollowerState was interrupted: java.lang.InterruptedException: sleep interrupted
2019-10-22 00:12:56,763 [grpc-default-executor-6] INFO  impl.RoleInfo (RoleInfo.java:updateAndGet(143)) - 2a52019e-5647-44e1-bf30-9a43fd8a7377: start FollowerState
2019-10-22 00:12:56,777 [2fdb3e93-e0d8-400e-8c33-91e2341b50c6@group-F01152B53F91-LeaderElection53] INFO  impl.LeaderElection (LeaderElection.java:logAndReturn(56)) - 2fdb3e93-e0d8-400e-8c33-91e2341b50c6@group-F01152B53F91-LeaderElection53: Election REJECTED; received 2 response(s) [2fdb3e93-e0d8-400e-8c33-91e2341b50c6<-062c71de-08d9-40ee-9309-15590e2e8e68#0:FAIL-t43, 2fdb3e93-e0d8-400e-8c33-91e2341b50c6<-2a52019e-5647-44e1-bf30-9a43fd8a7377#0:FAIL-t43] and 0 exception(s); 2fdb3e93-e0d8-400e-8c33-91e2341b50c6@group-F01152B53F91:t43, leader=null, voted=2fdb3e93-e0d8-400e-8c33-91e2341b50c6, raftlog=2fdb3e93-e0d8-400e-8c33-91e2341b50c6@group-F01152B53F91-SegmentedRaftLog:OPENED:c-1,f-1,i0, conf=-1: [2fdb3e93-e0d8-400e-8c33-91e2341b50c6:192.168.157.254:43254, 062c71de-08d9-40ee-9309-15590e2e8e68:192.168.157.254:45598, 2a52019e-5647-44e1-bf30-9a43fd8a7377:192.168.157.254:36038], old=null
2019-10-22 00:12:56,777 [2fdb3e93-e0d8-400e-8c33-91e2341b50c6@group-F01152B53F91-LeaderElection53] INFO  impl.RaftServerImpl (RaftServerImpl.java:setRole(184)) - 2fdb3e93-e0d8-400e-8c33-91e2341b50c6@group-F01152B53F91: changes role from CANDIDATE to FOLLOWER at term 43 for DISCOVERED_A_NEW_TERM
2019-10-22 00:12:56,777 [2fdb3e93-e0d8-400e-8c33-91e2341b50c6@group-F01152B53F91-LeaderElection53] INFO  impl.RoleInfo (RoleInfo.java:shutdownLeaderElection(134)) - 2fdb3e93-e0d8-400e-8c33-91e2341b50c6: shutdown LeaderElection
2019-10-22 00:12:56,778 [2fdb3e93-e0d8-400e-8c33-91e2341b50c6@group-F01152B53F91-LeaderElection53] INFO  impl.RoleInfo (RoleInfo.java:updateAndGet(143)) - 2fdb3e93-e0d8-400e-8c33-91e2341b50c6: start FollowerState
2019-10-22 00:12:56,919 [Thread-716] INFO  impl.FollowerState (FollowerState.java:run(108)) - 2fdb3e93-e0d8-400e-8c33-91e2341b50c6@group-F01152B53F91-FollowerState: change to CANDIDATE, lastRpcTime:141ms, electionTimeout:141ms
2019-10-22 00:12:56,920 [Thread-716] INFO  impl.RoleInfo (RoleInfo.java:shutdownFollowerState(121)) - 2fdb3e93-e0d8-400e-8c33-91e2341b50c6: shutdown FollowerState
2019-10-22 00:12:56,920 [Thread-716] INFO  impl.RaftServerImpl (RaftServerImpl.java:setRole(184)) - 2fdb3e93-e0d8-400e-8c33-91e2341b50c6@group-F01152B53F91: changes role from  FOLLOWER to CANDIDATE at term 43 for changeToCandidate
2019-10-22 00:12:56,920 [Thread-716] INFO  impl.RoleInfo (RoleInfo.java:updateAndGet(143)) - 2fdb3e93-e0d8-400e-8c33-91e2341b50c6: start LeaderElection
2019-10-22 00:12:56,934 [2fdb3e93-e0d8-400e-8c33-91e2341b50c6@group-F01152B53F91-LeaderElection54] INFO  impl.LeaderElection (LeaderElection.java:askForVotes(178)) - 2fdb3e93-e0d8-400e-8c33-91e2341b50c6@group-F01152B53F91-LeaderElection54: begin an election at term 44 for -1: [2fdb3e93-e0d8-400e-8c33-91e2341b50c6:192.168.157.254:43254, 062c71de-08d9-40ee-9309-15590e2e8e68:192.168.157.254:45598, 2a52019e-5647-44e1-bf30-9a43fd8a7377:192.168.157.254:36038], old=null
2019-10-22 00:12:56,941 [grpc-default-executor-6] INFO  impl.RaftServerImpl (RaftServerImpl.java:setRole(184)) - 062c71de-08d9-40ee-9309-15590e2e8e68@group-F01152B53F91: changes role from  FOLLOWER to FOLLOWER at term 44 for recognizeCandidate:2fdb3e93-e0d8-400e-8c33-91e2341b50c6
2019-10-22 00:12:56,941 [grpc-default-executor-3] INFO  impl.RaftServerImpl (RaftServerImpl.java:setRole(184)) - 2a52019e-5647-44e1-bf30-9a43fd8a7377@group-F01152B53F91: changes role from  FOLLOWER to FOLLOWER at term 44 for recognizeCandidate:2fdb3e93-e0d8-400e-8c33-91e2341b50c6
2019-10-22 00:12:56,941 [grpc-default-executor-6] INFO  impl.RoleInfo (RoleInfo.java:shutdownFollowerState(121)) - 062c71de-08d9-40ee-9309-15590e2e8e68: shutdown FollowerState
2019-10-22 00:12:56,941 [grpc-default-executor-3] INFO  impl.RoleInfo (RoleInfo.java:shutdownFollowerState(121)) - 2a52019e-5647-44e1-bf30-9a43fd8a7377: shutdown FollowerState
2019-10-22 00:12:56,941 [grpc-default-executor-6] INFO  impl.RoleInfo (RoleInfo.java:updateAndGet(143)) - 062c71de-08d9-40ee-9309-15590e2e8e68: start FollowerState
2019-10-22 00:12:56,941 [Thread-714] INFO  impl.FollowerState (FollowerState.java:run(117)) - 062c71de-08d9-40ee-9309-15590e2e8e68@group-F01152B53F91-FollowerState was interrupted: java.lang.InterruptedException: sleep interrupted
2019-10-22 00:12:56,941 [Thread-715] INFO  impl.FollowerState (FollowerState.java:run(117)) - 2a52019e-5647-44e1-bf30-9a43fd8a7377@group-F01152B53F91-FollowerState was interrupted: java.lang.InterruptedException: sleep interrupted
2019-10-22 00:12:56,941 [grpc-default-executor-3] INFO  impl.RoleInfo (RoleInfo.java:updateAndGet(143)) - 2a52019e-5647-44e1-bf30-9a43fd8a7377: start FollowerState
2019-10-22 00:12:56,957 [2fdb3e93-e0d8-400e-8c33-91e2341b50c6@group-F01152B53F91-LeaderElection54] INFO  impl.LeaderElection (LeaderElection.java:logAndReturn(56)) - 2fdb3e93-e0d8-400e-8c33-91e2341b50c6@group-F01152B53F91-LeaderElection54: Election REJECTED; received 2 response(s) [2fdb3e93-e0d8-400e-8c33-91e2341b50c6<-062c71de-08d9-40ee-9309-15590e2e8e68#0:FAIL-t44, 2fdb3e93-e0d8-400e-8c33-91e2341b50c6<-2a52019e-5647-44e1-bf30-9a43fd8a7377#0:FAIL-t44] and 0 exception(s); 2fdb3e93-e0d8-400e-8c33-91e2341b50c6@group-F01152B53F91:t44, leader=null, voted=2fdb3e93-e0d8-400e-8c33-91e2341b50c6, raftlog=2fdb3e93-e0d8-400e-8c33-91e2341b50c6@group-F01152B53F91-SegmentedRaftLog:OPENED:c-1,f-1,i0, conf=-1: [2fdb3e93-e0d8-400e-8c33-91e2341b50c6:192.168.157.254:43254, 062c71de-08d9-40ee-9309-15590e2e8e68:192.168.157.254:45598, 2a52019e-5647-44e1-bf30-9a43fd8a7377:192.168.157.254:36038], old=null
2019-10-22 00:12:56,957 [2fdb3e93-e0d8-400e-8c33-91e2341b50c6@group-F01152B53F91-LeaderElection54] INFO  impl.RaftServerImpl (RaftServerImpl.java:setRole(184)) - 2fdb3e93-e0d8-400e-8c33-91e2341b50c6@group-F01152B53F91: changes role from CANDIDATE to FOLLOWER at term 44 for DISCOVERED_A_NEW_TERM
2019-10-22 00:12:56,957 [2fdb3e93-e0d8-400e-8c33-91e2341b50c6@group-F01152B53F91-LeaderElection54] INFO  impl.RoleInfo (RoleInfo.java:shutdownLeaderElection(134)) - 2fdb3e93-e0d8-400e-8c33-91e2341b50c6: shutdown LeaderElection
2019-10-22 00:12:56,957 [2fdb3e93-e0d8-400e-8c33-91e2341b50c6@group-F01152B53F91-LeaderElection54] INFO  impl.RoleInfo (RoleInfo.java:updateAndGet(143)) - 2fdb3e93-e0d8-400e-8c33-91e2341b50c6: start FollowerState
2019-10-22 00:12:57,119 [Thread-724] INFO  impl.FollowerState (FollowerState.java:run(108)) - 2fdb3e93-e0d8-400e-8c33-91e2341b50c6@group-F01152B53F91-FollowerState: change to CANDIDATE, lastRpcTime:161ms, electionTimeout:161ms
2019-10-22 00:12:57,119 [Thread-724] INFO  impl.RoleInfo (RoleInfo.java:shutdownFollowerState(121)) - 2fdb3e93-e0d8-400e-8c33-91e2341b50c6: shutdown FollowerState
2019-10-22 00:12:57,119 [Thread-724] INFO  impl.RaftServerImpl (RaftServerImpl.java:setRole(184)) - 2fdb3e93-e0d8-400e-8c33-91e2341b50c6@group-F01152B53F91: changes role from  FOLLOWER to CANDIDATE at term 44 for changeToCandidate
2019-10-22 00:12:57,120 [Thread-724] INFO  impl.RoleInfo (RoleInfo.java:updateAndGet(143)) - 2fdb3e93-e0d8-400e-8c33-91e2341b50c6: start LeaderElection
2019-10-22 00:12:57,133 [2fdb3e93-e0d8-400e-8c33-91e2341b50c6@group-F01152B53F91-LeaderElection55] INFO  impl.LeaderElection (LeaderElection.java:askForVotes(178)) - 2fdb3e93-e0d8-400e-8c33-91e2341b50c6@group-F01152B53F91-LeaderElection55: begin an election at term 45 for -1: [2fdb3e93-e0d8-400e-8c33-91e2341b50c6:192.168.157.254:43254, 062c71de-08d9-40ee-9309-15590e2e8e68:192.168.157.254:45598, 2a52019e-5647-44e1-bf30-9a43fd8a7377:192.168.157.254:36038], old=null
2019-10-22 00:12:57,135 [grpc-default-executor-6] INFO  impl.RaftServerImpl (RaftServerImpl.java:setRole(184)) - 062c71de-08d9-40ee-9309-15590e2e8e68@group-F01152B53F91: changes role from  FOLLOWER to FOLLOWER at term 45 for recognizeCandidate:2fdb3e93-e0d8-400e-8c33-91e2341b50c6
2019-10-22 00:12:57,135 [grpc-default-executor-3] INFO  impl.RaftServerImpl (RaftServerImpl.java:setRole(184)) - 2a52019e-5647-44e1-bf30-9a43fd8a7377@group-F01152B53F91: changes role from  FOLLOWER to FOLLOWER at term 45 for recognizeCandidate:2fdb3e93-e0d8-400e-8c33-91e2341b50c6
2019-10-22 00:12:57,135 [grpc-default-executor-6] INFO  impl.RoleInfo (RoleInfo.java:shutdownFollowerState(121)) - 062c71de-08d9-40ee-9309-15590e2e8e68: shutdown FollowerState
2019-10-22 00:12:57,135 [grpc-default-executor-3] INFO  impl.RoleInfo (RoleInfo.java:shutdownFollowerState(121)) - 2a52019e-5647-44e1-bf30-9a43fd8a7377: shutdown FollowerState
2019-10-22 00:12:57,136 [grpc-default-executor-6] INFO  impl.RoleInfo (RoleInfo.java:updateAndGet(143)) - 062c71de-08d9-40ee-9309-15590e2e8e68: start FollowerState
2019-10-22 00:12:57,136 [Thread-722] INFO  impl.FollowerState (FollowerState.java:run(117)) - 062c71de-08d9-40ee-9309-15590e2e8e68@group-F01152B53F91-FollowerState was interrupted: java.lang.InterruptedException: sleep interrupted
2019-10-22 00:12:57,136 [grpc-default-executor-3] INFO  impl.RoleInfo (RoleInfo.java:updateAndGet(143)) - 2a52019e-5647-44e1-bf30-9a43fd8a7377: start FollowerState
2019-10-22 00:12:57,136 [Thread-723] INFO  impl.FollowerState (FollowerState.java:run(117)) - 2a52019e-5647-44e1-bf30-9a43fd8a7377@group-F01152B53F91-FollowerState was interrupted: java.lang.InterruptedException: sleep interrupted
2019-10-22 00:12:57,150 [2fdb3e93-e0d8-400e-8c33-91e2341b50c6@group-F01152B53F91-LeaderElection55] INFO  impl.LeaderElection (LeaderElection.java:logAndReturn(56)) - 2fdb3e93-e0d8-400e-8c33-91e2341b50c6@group-F01152B53F91-LeaderElection55: Election REJECTED; received 2 response(s) [2fdb3e93-e0d8-400e-8c33-91e2341b50c6<-062c71de-08d9-40ee-9309-15590e2e8e68#0:FAIL-t45, 2fdb3e93-e0d8-400e-8c33-91e2341b50c6<-2a52019e-5647-44e1-bf30-9a43fd8a7377#0:FAIL-t45] and 0 exception(s); 2fdb3e93-e0d8-400e-8c33-91e2341b50c6@group-F01152B53F91:t45, leader=null, voted=2fdb3e93-e0d8-400e-8c33-91e2341b50c6, raftlog=2fdb3e93-e0d8-400e-8c33-91e2341b50c6@group-F01152B53F91-SegmentedRaftLog:OPENED:c-1,f-1,i0, conf=-1: [2fdb3e93-e0d8-400e-8c33-91e2341b50c6:192.168.157.254:43254, 062c71de-08d9-40ee-9309-15590e2e8e68:192.168.157.254:45598, 2a52019e-5647-44e1-bf30-9a43fd8a7377:192.168.157.254:36038], old=null
2019-10-22 00:12:57,151 [2fdb3e93-e0d8-400e-8c33-91e2341b50c6@group-F01152B53F91-LeaderElection55] INFO  impl.RaftServerImpl (RaftServerImpl.java:setRole(184)) - 2fdb3e93-e0d8-400e-8c33-91e2341b50c6@group-F01152B53F91: changes role from CANDIDATE to FOLLOWER at term 45 for DISCOVERED_A_NEW_TERM
2019-10-22 00:12:57,151 [2fdb3e93-e0d8-400e-8c33-91e2341b50c6@group-F01152B53F91-LeaderElection55] INFO  impl.RoleInfo (RoleInfo.java:shutdownLeaderElection(134)) - 2fdb3e93-e0d8-400e-8c33-91e2341b50c6: shutdown LeaderElection
2019-10-22 00:12:57,151 [2fdb3e93-e0d8-400e-8c33-91e2341b50c6@group-F01152B53F91-LeaderElection55] INFO  impl.RoleInfo (RoleInfo.java:updateAndGet(143)) - 2fdb3e93-e0d8-400e-8c33-91e2341b50c6: start FollowerState
2019-10-22 00:12:57,273 [Thread-730] INFO  impl.FollowerState (FollowerState.java:run(108)) - 2fdb3e93-e0d8-400e-8c33-91e2341b50c6@group-F01152B53F91-FollowerState: change to CANDIDATE, lastRpcTime:122ms, electionTimeout:122ms
2019-10-22 00:12:57,273 [Thread-730] INFO  impl.RoleInfo (RoleInfo.java:shutdownFollowerState(121)) - 2fdb3e93-e0d8-400e-8c33-91e2341b50c6: shutdown FollowerState
2019-10-22 00:12:57,274 [Thread-730] INFO  impl.RaftServerImpl (RaftServerImpl.java:setRole(184)) - 2fdb3e93-e0d8-400e-8c33-91e2341b50c6@group-F01152B53F91: changes role from  FOLLOWER to CANDIDATE at term 45 for changeToCandidate
2019-10-22 00:12:57,274 [Thread-730] INFO  impl.RoleInfo (RoleInfo.java:updateAndGet(143)) - 2fdb3e93-e0d8-400e-8c33-91e2341b50c6: start LeaderElection
2019-10-22 00:12:57,287 [2fdb3e93-e0d8-400e-8c33-91e2341b50c6@group-F01152B53F91-LeaderElection56] INFO  impl.LeaderElection (LeaderElection.java:askForVotes(178)) - 2fdb3e93-e0d8-400e-8c33-91e2341b50c6@group-F01152B53F91-LeaderElection56: begin an election at term 46 for -1: [2fdb3e93-e0d8-400e-8c33-91e2341b50c6:192.168.157.254:43254, 062c71de-08d9-40ee-9309-15590e2e8e68:192.168.157.254:45598, 2a52019e-5647-44e1-bf30-9a43fd8a7377:192.168.157.254:36038], old=null
2019-10-22 00:12:57,293 [grpc-default-executor-3] INFO  impl.RaftServerImpl (RaftServerImpl.java:setRole(184)) - 062c71de-08d9-40ee-9309-15590e2e8e68@group-F01152B53F91: changes role from  FOLLOWER to FOLLOWER at term 46 for recognizeCandidate:2fdb3e93-e0d8-400e-8c33-91e2341b50c6
2019-10-22 00:12:57,293 [grpc-default-executor-6] INFO  impl.RaftServerImpl (RaftServerImpl.java:setRole(184)) - 2a52019e-5647-44e1-bf30-9a43fd8a7377@group-F01152B53F91: changes role from  FOLLOWER to FOLLOWER at term 46 for recognizeCandidate:2fdb3e93-e0d8-400e-8c33-91e2341b50c6
2019-10-22 00:12:57,293 [grpc-default-executor-3] INFO  impl.RoleInfo (RoleInfo.java:shutdownFollowerState(121)) - 062c71de-08d9-40ee-9309-15590e2e8e68: shutdown FollowerState
2019-10-22 00:12:57,293 [grpc-default-executor-6] INFO  impl.RoleInfo (RoleInfo.java:shutdownFollowerState(121)) - 2a52019e-5647-44e1-bf30-9a43fd8a7377: shutdown FollowerState
2019-10-22 00:12:57,294 [Thread-728] INFO  impl.FollowerState (FollowerState.java:run(117)) - 062c71de-08d9-40ee-9309-15590e2e8e68@group-F01152B53F91-FollowerState was interrupted: java.lang.InterruptedException: sleep interrupted
2019-10-22 00:12:57,293 [grpc-default-executor-3] INFO  impl.RoleInfo (RoleInfo.java:updateAndGet(143)) - 062c71de-08d9-40ee-9309-15590e2e8e68: start FollowerState
2019-10-22 00:12:57,294 [Thread-729] INFO  impl.FollowerState (FollowerState.java:run(117)) - 2a52019e-5647-44e1-bf30-9a43fd8a7377@group-F01152B53F91-FollowerState was interrupted: java.lang.InterruptedException: sleep interrupted
2019-10-22 00:12:57,294 [grpc-default-executor-6] INFO  impl.RoleInfo (RoleInfo.java:updateAndGet(143)) - 2a52019e-5647-44e1-bf30-9a43fd8a7377: start FollowerState
2019-10-22 00:12:57,308 [2fdb3e93-e0d8-400e-8c33-91e2341b50c6@group-F01152B53F91-LeaderElection56] INFO  impl.LeaderElection (LeaderElection.java:logAndReturn(56)) - 2fdb3e93-e0d8-400e-8c33-91e2341b50c6@group-F01152B53F91-LeaderElection56: Election REJECTED; received 2 response(s) [2fdb3e93-e0d8-400e-8c33-91e2341b50c6<-062c71de-08d9-40ee-9309-15590e2e8e68#0:FAIL-t46, 2fdb3e93-e0d8-400e-8c33-91e2341b50c6<-2a52019e-5647-44e1-bf30-9a43fd8a7377#0:FAIL-t46] and 0 exception(s); 2fdb3e93-e0d8-400e-8c33-91e2341b50c6@group-F01152B53F91:t46, leader=null, voted=2fdb3e93-e0d8-400e-8c33-91e2341b50c6, raftlog=2fdb3e93-e0d8-400e-8c33-91e2341b50c6@group-F01152B53F91-SegmentedRaftLog:OPENED:c-1,f-1,i0, conf=-1: [2fdb3e93-e0d8-400e-8c33-91e2341b50c6:192.168.157.254:43254, 062c71de-08d9-40ee-9309-15590e2e8e68:192.168.157.254:45598, 2a52019e-5647-44e1-bf30-9a43fd8a7377:192.168.157.254:36038], old=null
2019-10-22 00:12:57,308 [2fdb3e93-e0d8-400e-8c33-91e2341b50c6@group-F01152B53F91-LeaderElection56] INFO  impl.RaftServerImpl (RaftServerImpl.java:setRole(184)) - 2fdb3e93-e0d8-400e-8c33-91e2341b50c6@group-F01152B53F91: changes role from CANDIDATE to FOLLOWER at term 46 for DISCOVERED_A_NEW_TERM
2019-10-22 00:12:57,309 [2fdb3e93-e0d8-400e-8c33-91e2341b50c6@group-F01152B53F91-LeaderElection56] INFO  impl.RoleInfo (RoleInfo.java:shutdownLeaderElection(134)) - 2fdb3e93-e0d8-400e-8c33-91e2341b50c6: shutdown LeaderElection
2019-10-22 00:12:57,309 [2fdb3e93-e0d8-400e-8c33-91e2341b50c6@group-F01152B53F91-LeaderElection56] INFO  impl.RoleInfo (RoleInfo.java:updateAndGet(143)) - 2fdb3e93-e0d8-400e-8c33-91e2341b50c6: start FollowerState
2019-10-22 00:12:57,374 [Thread-738] INFO  impl.FollowerState (FollowerState.java:run(108)) - 2fdb3e93-e0d8-400e-8c33-91e2341b50c6@group-F01152B53F91-FollowerState: change to CANDIDATE, lastRpcTime:65ms, electionTimeout:65ms
2019-10-22 00:12:57,374 [Thread-738] INFO  impl.RoleInfo (RoleInfo.java:shutdownFollowerState(121)) - 2fdb3e93-e0d8-400e-8c33-91e2341b50c6: shutdown FollowerState
2019-10-22 00:12:57,374 [Thread-738] INFO  impl.RaftServerImpl (RaftServerImpl.java:setRole(184)) - 2fdb3e93-e0d8-400e-8c33-91e2341b50c6@group-F01152B53F91: changes role from  FOLLOWER to CANDIDATE at term 46 for changeToCandidate
2019-10-22 00:12:57,374 [Thread-738] INFO  impl.RoleInfo (RoleInfo.java:updateAndGet(143)) - 2fdb3e93-e0d8-400e-8c33-91e2341b50c6: start LeaderElection
2019-10-22 00:12:57,387 [2fdb3e93-e0d8-400e-8c33-91e2341b50c6@group-F01152B53F91-LeaderElection57] INFO  impl.LeaderElection (LeaderElection.java:askForVotes(178)) - 2fdb3e93-e0d8-400e-8c33-91e2341b50c6@group-F01152B53F91-LeaderElection57: begin an election at term 47 for -1: [2fdb3e93-e0d8-400e-8c33-91e2341b50c6:192.168.157.254:43254, 062c71de-08d9-40ee-9309-15590e2e8e68:192.168.157.254:45598, 2a52019e-5647-44e1-bf30-9a43fd8a7377:192.168.157.254:36038], old=null
2019-10-22 00:12:57,389 [grpc-default-executor-6] INFO  impl.RaftServerImpl (RaftServerImpl.java:setRole(184)) - 2a52019e-5647-44e1-bf30-9a43fd8a7377@group-F01152B53F91: changes role from  FOLLOWER to FOLLOWER at term 47 for recognizeCandidate:2fdb3e93-e0d8-400e-8c33-91e2341b50c6
2019-10-22 00:12:57,389 [grpc-default-executor-6] INFO  impl.RoleInfo (RoleInfo.java:shutdownFollowerState(121)) - 2a52019e-5647-44e1-bf30-9a43fd8a7377: shutdown FollowerState
2019-10-22 00:12:57,389 [grpc-default-executor-6] INFO  impl.RoleInfo (RoleInfo.java:updateAndGet(143)) - 2a52019e-5647-44e1-bf30-9a43fd8a7377: start FollowerState
2019-10-22 00:12:57,389 [grpc-default-executor-3] INFO  impl.RaftServerImpl (RaftServerImpl.java:setRole(184)) - 062c71de-08d9-40ee-9309-15590e2e8e68@group-F01152B53F91: changes role from  FOLLOWER to FOLLOWER at term 47 for recognizeCandidate:2fdb3e93-e0d8-400e-8c33-91e2341b50c6
2019-10-22 00:12:57,389 [Thread-737] INFO  impl.FollowerState (FollowerState.java:run(117)) - 2a52019e-5647-44e1-bf30-9a43fd8a7377@group-F01152B53F91-FollowerState was interrupted: java.lang.InterruptedException: sleep interrupted
2019-10-22 00:12:57,390 [grpc-default-executor-3] INFO  impl.RoleInfo (RoleInfo.java:shutdownFollowerState(121)) - 062c71de-08d9-40ee-9309-15590e2e8e68: shutdown FollowerState
2019-10-22 00:12:57,390 [grpc-default-executor-3] INFO  impl.RoleInfo (RoleInfo.java:updateAndGet(143)) - 062c71de-08d9-40ee-9309-15590e2e8e68: start FollowerState
2019-10-22 00:12:57,390 [Thread-736] INFO  impl.FollowerState (FollowerState.java:run(117)) - 062c71de-08d9-40ee-9309-15590e2e8e68@group-F01152B53F91-FollowerState was interrupted: java.lang.InterruptedException: sleep interrupted
2019-10-22 00:12:57,404 [2fdb3e93-e0d8-400e-8c33-91e2341b50c6@group-F01152B53F91-LeaderElection57] INFO  impl.LeaderElection (LeaderElection.java:logAndReturn(56)) - 2fdb3e93-e0d8-400e-8c33-91e2341b50c6@group-F01152B53F91-LeaderElection57: Election REJECTED; received 2 response(s) [2fdb3e93-e0d8-400e-8c33-91e2341b50c6<-062c71de-08d9-40ee-9309-15590e2e8e68#0:FAIL-t47, 2fdb3e93-e0d8-400e-8c33-91e2341b50c6<-2a52019e-5647-44e1-bf30-9a43fd8a7377#0:FAIL-t47] and 0 exception(s); 2fdb3e93-e0d8-400e-8c33-91e2341b50c6@group-F01152B53F91:t47, leader=null, voted=2fdb3e93-e0d8-400e-8c33-91e2341b50c6, raftlog=2fdb3e93-e0d8-400e-8c33-91e2341b50c6@group-F01152B53F91-SegmentedRaftLog:OPENED:c-1,f-1,i0, conf=-1: [2fdb3e93-e0d8-400e-8c33-91e2341b50c6:192.168.157.254:43254, 062c71de-08d9-40ee-9309-15590e2e8e68:192.168.157.254:45598, 2a52019e-5647-44e1-bf30-9a43fd8a7377:192.168.157.254:36038], old=null
2019-10-22 00:12:57,404 [2fdb3e93-e0d8-400e-8c33-91e2341b50c6@group-F01152B53F91-LeaderElection57] INFO  impl.RaftServerImpl (RaftServerImpl.java:setRole(184)) - 2fdb3e93-e0d8-400e-8c33-91e2341b50c6@group-F01152B53F91: changes role from CANDIDATE to FOLLOWER at term 47 for DISCOVERED_A_NEW_TERM
2019-10-22 00:12:57,404 [2fdb3e93-e0d8-400e-8c33-91e2341b50c6@group-F01152B53F91-LeaderElection57] INFO  impl.RoleInfo (RoleInfo.java:shutdownLeaderElection(134)) - 2fdb3e93-e0d8-400e-8c33-91e2341b50c6: shutdown LeaderElection
2019-10-22 00:12:57,405 [2fdb3e93-e0d8-400e-8c33-91e2341b50c6@group-F01152B53F91-LeaderElection57] INFO  impl.RoleInfo (RoleInfo.java:updateAndGet(143)) - 2fdb3e93-e0d8-400e-8c33-91e2341b50c6: start FollowerState
2019-10-22 00:12:57,507 [Thread-745] INFO  impl.FollowerState (FollowerState.java:run(108)) - 2fdb3e93-e0d8-400e-8c33-91e2341b50c6@group-F01152B53F91-FollowerState: change to CANDIDATE, lastRpcTime:102ms, electionTimeout:102ms
2019-10-22 00:12:57,507 [Thread-745] INFO  impl.RoleInfo (RoleInfo.java:shutdownFollowerState(121)) - 2fdb3e93-e0d8-400e-8c33-91e2341b50c6: shutdown FollowerState
2019-10-22 00:12:57,507 [Thread-745] INFO  impl.RaftServerImpl (RaftServerImpl.java:setRole(184)) - 2fdb3e93-e0d8-400e-8c33-91e2341b50c6@group-F01152B53F91: changes role from  FOLLOWER to CANDIDATE at term 47 for changeToCandidate
2019-10-22 00:12:57,507 [Thread-745] INFO  impl.RoleInfo (RoleInfo.java:updateAndGet(143)) - 2fdb3e93-e0d8-400e-8c33-91e2341b50c6: start LeaderElection
2019-10-22 00:12:57,524 [2fdb3e93-e0d8-400e-8c33-91e2341b50c6@group-F01152B53F91-LeaderElection58] INFO  impl.LeaderElection (LeaderElection.java:askForVotes(178)) - 2fdb3e93-e0d8-400e-8c33-91e2341b50c6@group-F01152B53F91-LeaderElection58: begin an election at term 48 for -1: [2fdb3e93-e0d8-400e-8c33-91e2341b50c6:192.168.157.254:43254, 062c71de-08d9-40ee-9309-15590e2e8e68:192.168.157.254:45598, 2a52019e-5647-44e1-bf30-9a43fd8a7377:192.168.157.254:36038], old=null
2019-10-22 00:12:57,527 [grpc-default-executor-3] INFO  impl.RaftServerImpl (RaftServerImpl.java:setRole(184)) - 062c71de-08d9-40ee-9309-15590e2e8e68@group-F01152B53F91: changes role from  FOLLOWER to FOLLOWER at term 48 for recognizeCandidate:2fdb3e93-e0d8-400e-8c33-91e2341b50c6
2019-10-22 00:12:57,527 [grpc-default-executor-3] INFO  impl.RoleInfo (RoleInfo.java:shutdownFollowerState(121)) - 062c71de-08d9-40ee-9309-15590e2e8e68: shutdown FollowerState
2019-10-22 00:12:57,527 [grpc-default-executor-6] INFO  impl.RaftServerImpl (RaftServerImpl.java:setRole(184)) - 2a52019e-5647-44e1-bf30-9a43fd8a7377@group-F01152B53F91: changes role from  FOLLOWER to FOLLOWER at term 48 for recognizeCandidate:2fdb3e93-e0d8-400e-8c33-91e2341b50c6
2019-10-22 00:12:57,527 [Thread-743] INFO  impl.FollowerState (FollowerState.java:run(117)) - 062c71de-08d9-40ee-9309-15590e2e8e68@group-F01152B53F91-FollowerState was interrupted: java.lang.InterruptedException: sleep interrupted
2019-10-22 00:12:57,527 [grpc-default-executor-3] INFO  impl.RoleInfo (RoleInfo.java:updateAndGet(143)) - 062c71de-08d9-40ee-9309-15590e2e8e68: start FollowerState
2019-10-22 00:12:57,527 [grpc-default-executor-6] INFO  impl.RoleInfo (RoleInfo.java:shutdownFollowerState(121)) - 2a52019e-5647-44e1-bf30-9a43fd8a7377: shutdown FollowerState
2019-10-22 00:12:57,528 [Thread-742] INFO  impl.FollowerState (FollowerState.java:run(117)) - 2a52019e-5647-44e1-bf30-9a43fd8a7377@group-F01152B53F91-FollowerState was interrupted: java.lang.InterruptedException: sleep interrupted
2019-10-22 00:12:57,528 [grpc-default-executor-6] INFO  impl.RoleInfo (RoleInfo.java:updateAndGet(143)) - 2a52019e-5647-44e1-bf30-9a43fd8a7377: start FollowerState
2019-10-22 00:12:57,538 [2fdb3e93-e0d8-400e-8c33-91e2341b50c6@group-F01152B53F91-LeaderElection58] INFO  impl.LeaderElection (LeaderElection.java:logAndReturn(56)) - 2fdb3e93-e0d8-400e-8c33-91e2341b50c6@group-F01152B53F91-LeaderElection58: Election REJECTED; received 2 response(s) [2fdb3e93-e0d8-400e-8c33-91e2341b50c6<-062c71de-08d9-40ee-9309-15590e2e8e68#0:FAIL-t48, 2fdb3e93-e0d8-400e-8c33-91e2341b50c6<-2a52019e-5647-44e1-bf30-9a43fd8a7377#0:FAIL-t48] and 0 exception(s); 2fdb3e93-e0d8-400e-8c33-91e2341b50c6@group-F01152B53F91:t48, leader=null, voted=2fdb3e93-e0d8-400e-8c33-91e2341b50c6, raftlog=2fdb3e93-e0d8-400e-8c33-91e2341b50c6@group-F01152B53F91-SegmentedRaftLog:OPENED:c-1,f-1,i0, conf=-1: [2fdb3e93-e0d8-400e-8c33-91e2341b50c6:192.168.157.254:43254, 062c71de-08d9-40ee-9309-15590e2e8e68:192.168.157.254:45598, 2a52019e-5647-44e1-bf30-9a43fd8a7377:192.168.157.254:36038], old=null
2019-10-22 00:12:57,538 [2fdb3e93-e0d8-400e-8c33-91e2341b50c6@group-F01152B53F91-LeaderElection58] INFO  impl.RaftServerImpl (RaftServerImpl.java:setRole(184)) - 2fdb3e93-e0d8-400e-8c33-91e2341b50c6@group-F01152B53F91: changes role from CANDIDATE to FOLLOWER at term 48 for DISCOVERED_A_NEW_TERM
2019-10-22 00:12:57,538 [2fdb3e93-e0d8-400e-8c33-91e2341b50c6@group-F01152B53F91-LeaderElection58] INFO  impl.RoleInfo (RoleInfo.java:shutdownLeaderElection(134)) - 2fdb3e93-e0d8-400e-8c33-91e2341b50c6: shutdown LeaderElection
2019-10-22 00:12:57,538 [2fdb3e93-e0d8-400e-8c33-91e2341b50c6@group-F01152B53F91-LeaderElection58] INFO  impl.RoleInfo (RoleInfo.java:updateAndGet(143)) - 2fdb3e93-e0d8-400e-8c33-91e2341b50c6: start FollowerState
2019-10-22 00:12:57,557 [Thread-752] INFO  impl.FollowerState (FollowerState.java:run(108)) - 2fdb3e93-e0d8-400e-8c33-91e2341b50c6@group-F01152B53F91-FollowerState: change to CANDIDATE, lastRpcTime:18ms, electionTimeout:18ms
2019-10-22 00:12:57,557 [Thread-752] INFO  impl.RoleInfo (RoleInfo.java:shutdownFollowerState(121)) - 2fdb3e93-e0d8-400e-8c33-91e2341b50c6: shutdown FollowerState
2019-10-22 00:12:57,557 [Thread-752] INFO  impl.RaftServerImpl (RaftServerImpl.java:setRole(184)) - 2fdb3e93-e0d8-400e-8c33-91e2341b50c6@group-F01152B53F91: changes role from  FOLLOWER to CANDIDATE at term 48 for changeToCandidate
2019-10-22 00:12:57,557 [Thread-752] INFO  impl.RoleInfo (RoleInfo.java:updateAndGet(143)) - 2fdb3e93-e0d8-400e-8c33-91e2341b50c6: start LeaderElection
2019-10-22 00:12:57,571 [2fdb3e93-e0d8-400e-8c33-91e2341b50c6@group-F01152B53F91-LeaderElection59] INFO  impl.LeaderElection (LeaderElection.java:askForVotes(178)) - 2fdb3e93-e0d8-400e-8c33-91e2341b50c6@group-F01152B53F91-LeaderElection59: begin an election at term 49 for -1: [2fdb3e93-e0d8-400e-8c33-91e2341b50c6:192.168.157.254:43254, 062c71de-08d9-40ee-9309-15590e2e8e68:192.168.157.254:45598, 2a52019e-5647-44e1-bf30-9a43fd8a7377:192.168.157.254:36038], old=null
2019-10-22 00:12:57,573 [grpc-default-executor-3] INFO  impl.RaftServerImpl (RaftServerImpl.java:setRole(184)) - 2a52019e-5647-44e1-bf30-9a43fd8a7377@group-F01152B53F91: changes role from  FOLLOWER to FOLLOWER at term 49 for recognizeCandidate:2fdb3e93-e0d8-400e-8c33-91e2341b50c6
2019-10-22 00:12:57,573 [grpc-default-executor-3] INFO  impl.RoleInfo (RoleInfo.java:shutdownFollowerState(121)) - 2a52019e-5647-44e1-bf30-9a43fd8a7377: shutdown FollowerState
2019-10-22 00:12:57,573 [grpc-default-executor-6] INFO  impl.RaftServerImpl (RaftServerImpl.java:setRole(184)) - 062c71de-08d9-40ee-9309-15590e2e8e68@group-F01152B53F91: changes role from  FOLLOWER to FOLLOWER at term 49 for recognizeCandidate:2fdb3e93-e0d8-400e-8c33-91e2341b50c6
2019-10-22 00:12:57,573 [grpc-default-executor-3] INFO  impl.RoleInfo (RoleInfo.java:updateAndGet(143)) - 2a52019e-5647-44e1-bf30-9a43fd8a7377: start FollowerState
2019-10-22 00:12:57,573 [Thread-751] INFO  impl.FollowerState (FollowerState.java:run(117)) - 2a52019e-5647-44e1-bf30-9a43fd8a7377@group-F01152B53F91-FollowerState was interrupted: java.lang.InterruptedException: sleep interrupted
2019-10-22 00:12:57,573 [grpc-default-executor-6] INFO  impl.RoleInfo (RoleInfo.java:shutdownFollowerState(121)) - 062c71de-08d9-40ee-9309-15590e2e8e68: shutdown FollowerState
2019-10-22 00:12:57,573 [grpc-default-executor-6] INFO  impl.RoleInfo (RoleInfo.java:updateAndGet(143)) - 062c71de-08d9-40ee-9309-15590e2e8e68: start FollowerState
2019-10-22 00:12:57,574 [Thread-750] INFO  impl.FollowerState (FollowerState.java:run(117)) - 062c71de-08d9-40ee-9309-15590e2e8e68@group-F01152B53F91-FollowerState was interrupted: java.lang.InterruptedException: sleep interrupted
2019-10-22 00:12:57,587 [2fdb3e93-e0d8-400e-8c33-91e2341b50c6@group-F01152B53F91-LeaderElection59] INFO  impl.LeaderElection (LeaderElection.java:logAndReturn(56)) - 2fdb3e93-e0d8-400e-8c33-91e2341b50c6@group-F01152B53F91-LeaderElection59: Election REJECTED; received 2 response(s) [2fdb3e93-e0d8-400e-8c33-91e2341b50c6<-062c71de-08d9-40ee-9309-15590e2e8e68#0:FAIL-t49, 2fdb3e93-e0d8-400e-8c33-91e2341b50c6<-2a52019e-5647-44e1-bf30-9a43fd8a7377#0:FAIL-t49] and 0 exception(s); 2fdb3e93-e0d8-400e-8c33-91e2341b50c6@group-F01152B53F91:t49, leader=null, voted=2fdb3e93-e0d8-400e-8c33-91e2341b50c6, raftlog=2fdb3e93-e0d8-400e-8c33-91e2341b50c6@group-F01152B53F91-SegmentedRaftLog:OPENED:c-1,f-1,i0, conf=-1: [2fdb3e93-e0d8-400e-8c33-91e2341b50c6:192.168.157.254:43254, 062c71de-08d9-40ee-9309-15590e2e8e68:192.168.157.254:45598, 2a52019e-5647-44e1-bf30-9a43fd8a7377:192.168.157.254:36038], old=null
2019-10-22 00:12:57,587 [2fdb3e93-e0d8-400e-8c33-91e2341b50c6@group-F01152B53F91-LeaderElection59] INFO  impl.RaftServerImpl (RaftServerImpl.java:setRole(184)) - 2fdb3e93-e0d8-400e-8c33-91e2341b50c6@group-F01152B53F91: changes role from CANDIDATE to FOLLOWER at term 49 for DISCOVERED_A_NEW_TERM
2019-10-22 00:12:57,588 [2fdb3e93-e0d8-400e-8c33-91e2341b50c6@group-F01152B53F91-LeaderElection59] INFO  impl.RoleInfo (RoleInfo.java:shutdownLeaderElection(134)) - 2fdb3e93-e0d8-400e-8c33-91e2341b50c6: shutdown LeaderElection
2019-10-22 00:12:57,588 [2fdb3e93-e0d8-400e-8c33-91e2341b50c6@group-F01152B53F91-LeaderElection59] INFO  impl.RoleInfo (RoleInfo.java:updateAndGet(143)) - 2fdb3e93-e0d8-400e-8c33-91e2341b50c6: start FollowerState
2019-10-22 00:12:57,689 [Thread-758] INFO  impl.FollowerState (FollowerState.java:run(108)) - 2fdb3e93-e0d8-400e-8c33-91e2341b50c6@group-F01152B53F91-FollowerState: change to CANDIDATE, lastRpcTime:101ms, electionTimeout:101ms
2019-10-22 00:12:57,689 [Thread-758] INFO  impl.RoleInfo (RoleInfo.java:shutdownFollowerState(121)) - 2fdb3e93-e0d8-400e-8c33-91e2341b50c6: shutdown FollowerState
2019-10-22 00:12:57,689 [Thread-758] INFO  impl.RaftServerImpl (RaftServerImpl.java:setRole(184)) - 2fdb3e93-e0d8-400e-8c33-91e2341b50c6@group-F01152B53F91: changes role from  FOLLOWER to CANDIDATE at term 49 for changeToCandidate
2019-10-22 00:12:57,689 [Thread-758] INFO  impl.RoleInfo (RoleInfo.java:updateAndGet(143)) - 2fdb3e93-e0d8-400e-8c33-91e2341b50c6: start LeaderElection
2019-10-22 00:12:57,703 [2fdb3e93-e0d8-400e-8c33-91e2341b50c6@group-F01152B53F91-LeaderElection60] INFO  impl.LeaderElection (LeaderElection.java:askForVotes(178)) - 2fdb3e93-e0d8-400e-8c33-91e2341b50c6@group-F01152B53F91-LeaderElection60: begin an election at term 50 for -1: [2fdb3e93-e0d8-400e-8c33-91e2341b50c6:192.168.157.254:43254, 062c71de-08d9-40ee-9309-15590e2e8e68:192.168.157.254:45598, 2a52019e-5647-44e1-bf30-9a43fd8a7377:192.168.157.254:36038], old=null
2019-10-22 00:12:57,705 [grpc-default-executor-3] INFO  impl.RaftServerImpl (RaftServerImpl.java:setRole(184)) - 2a52019e-5647-44e1-bf30-9a43fd8a7377@group-F01152B53F91: changes role from  FOLLOWER to FOLLOWER at term 50 for recognizeCandidate:2fdb3e93-e0d8-400e-8c33-91e2341b50c6
2019-10-22 00:12:57,706 [grpc-default-executor-6] INFO  impl.RaftServerImpl (RaftServerImpl.java:setRole(184)) - 062c71de-08d9-40ee-9309-15590e2e8e68@group-F01152B53F91: changes role from  FOLLOWER to FOLLOWER at term 50 for recognizeCandidate:2fdb3e93-e0d8-400e-8c33-91e2341b50c6
2019-10-22 00:12:57,706 [grpc-default-executor-3] INFO  impl.RoleInfo (RoleInfo.java:shutdownFollowerState(121)) - 2a52019e-5647-44e1-bf30-9a43fd8a7377: shutdown FollowerState
2019-10-22 00:12:57,706 [grpc-default-executor-6] INFO  impl.RoleInfo (RoleInfo.java:shutdownFollowerState(121)) - 062c71de-08d9-40ee-9309-15590e2e8e68: shutdown FollowerState
2019-10-22 00:12:57,706 [Thread-756] INFO  impl.FollowerState (FollowerState.java:run(117)) - 2a52019e-5647-44e1-bf30-9a43fd8a7377@group-F01152B53F91-FollowerState was interrupted: java.lang.InterruptedException: sleep interrupted
2019-10-22 00:12:57,706 [grpc-default-executor-3] INFO  impl.RoleInfo (RoleInfo.java:updateAndGet(143)) - 2a52019e-5647-44e1-bf30-9a43fd8a7377: start FollowerState
2019-10-22 00:12:57,706 [grpc-default-executor-6] INFO  impl.RoleInfo (RoleInfo.java:updateAndGet(143)) - 062c71de-08d9-40ee-9309-15590e2e8e68: start FollowerState
2019-10-22 00:12:57,706 [Thread-757] INFO  impl.FollowerState (FollowerState.java:run(117)) - 062c71de-08d9-40ee-9309-15590e2e8e68@group-F01152B53F91-FollowerState was interrupted: java.lang.InterruptedException: sleep interrupted
2019-10-22 00:12:57,721 [2fdb3e93-e0d8-400e-8c33-91e2341b50c6@group-F01152B53F91-LeaderElection60] INFO  impl.LeaderElection (LeaderElection.java:logAndReturn(56)) - 2fdb3e93-e0d8-400e-8c33-91e2341b50c6@group-F01152B53F91-LeaderElection60: Election REJECTED; received 2 response(s) [2fdb3e93-e0d8-400e-8c33-91e2341b50c6<-062c71de-08d9-40ee-9309-15590e2e8e68#0:FAIL-t50, 2fdb3e93-e0d8-400e-8c33-91e2341b50c6<-2a52019e-5647-44e1-bf30-9a43fd8a7377#0:FAIL-t50] and 0 exception(s); 2fdb3e93-e0d8-400e-8c33-91e2341b50c6@group-F01152B53F91:t50, leader=null, voted=2fdb3e93-e0d8-400e-8c33-91e2341b50c6, raftlog=2fdb3e93-e0d8-400e-8c33-91e2341b50c6@group-F01152B53F91-SegmentedRaftLog:OPENED:c-1,f-1,i0, conf=-1: [2fdb3e93-e0d8-400e-8c33-91e2341b50c6:192.168.157.254:43254, 062c71de-08d9-40ee-9309-15590e2e8e68:192.168.157.254:45598, 2a52019e-5647-44e1-bf30-9a43fd8a7377:192.168.157.254:36038], old=null
2019-10-22 00:12:57,721 [2fdb3e93-e0d8-400e-8c33-91e2341b50c6@group-F01152B53F91-LeaderElection60] INFO  impl.RaftServerImpl (RaftServerImpl.java:setRole(184)) - 2fdb3e93-e0d8-400e-8c33-91e2341b50c6@group-F01152B53F91: changes role from CANDIDATE to FOLLOWER at term 50 for DISCOVERED_A_NEW_TERM
2019-10-22 00:12:57,721 [2fdb3e93-e0d8-400e-8c33-91e2341b50c6@group-F01152B53F91-LeaderElection60] INFO  impl.RoleInfo (RoleInfo.java:shutdownLeaderElection(134)) - 2fdb3e93-e0d8-400e-8c33-91e2341b50c6: shutdown LeaderElection
2019-10-22 00:12:57,721 [2fdb3e93-e0d8-400e-8c33-91e2341b50c6@group-F01152B53F91-LeaderElection60] INFO  impl.RoleInfo (RoleInfo.java:updateAndGet(143)) - 2fdb3e93-e0d8-400e-8c33-91e2341b50c6: start FollowerState
2019-10-22 00:12:57,800 [Thread-767] INFO  impl.FollowerState (FollowerState.java:run(108)) - 2fdb3e93-e0d8-400e-8c33-91e2341b50c6@group-F01152B53F91-FollowerState: change to CANDIDATE, lastRpcTime:78ms, electionTimeout:78ms
2019-10-22 00:12:57,800 [Thread-767] INFO  impl.RoleInfo (RoleInfo.java:shutdownFollowerState(121)) - 2fdb3e93-e0d8-400e-8c33-91e2341b50c6: shutdown FollowerState
2019-10-22 00:12:57,800 [Thread-767] INFO  impl.RaftServerImpl (RaftServerImpl.java:setRole(184)) - 2fdb3e93-e0d8-400e-8c33-91e2341b50c6@group-F01152B53F91: changes role from  FOLLOWER to CANDIDATE at term 50 for changeToCandidate
2019-10-22 00:12:57,800 [Thread-767] INFO  impl.RoleInfo (RoleInfo.java:updateAndGet(143)) - 2fdb3e93-e0d8-400e-8c33-91e2341b50c6: start LeaderElection
2019-10-22 00:12:57,814 [2fdb3e93-e0d8-400e-8c33-91e2341b50c6@group-F01152B53F91-LeaderElection61] INFO  impl.LeaderElection (LeaderElection.java:askForVotes(178)) - 2fdb3e93-e0d8-400e-8c33-91e2341b50c6@group-F01152B53F91-LeaderElection61: begin an election at term 51 for -1: [2fdb3e93-e0d8-400e-8c33-91e2341b50c6:192.168.157.254:43254, 062c71de-08d9-40ee-9309-15590e2e8e68:192.168.157.254:45598, 2a52019e-5647-44e1-bf30-9a43fd8a7377:192.168.157.254:36038], old=null
2019-10-22 00:12:57,818 [grpc-default-executor-3] INFO  impl.RaftServerImpl (RaftServerImpl.java:setRole(184)) - 2a52019e-5647-44e1-bf30-9a43fd8a7377@group-F01152B53F91: changes role from  FOLLOWER to FOLLOWER at term 51 for recognizeCandidate:2fdb3e93-e0d8-400e-8c33-91e2341b50c6
2019-10-22 00:12:57,818 [grpc-default-executor-6] INFO  impl.RaftServerImpl (RaftServerImpl.java:setRole(184)) - 062c71de-08d9-40ee-9309-15590e2e8e68@group-F01152B53F91: changes role from  FOLLOWER to FOLLOWER at term 51 for recognizeCandidate:2fdb3e93-e0d8-400e-8c33-91e2341b50c6
2019-10-22 00:12:57,818 [grpc-default-executor-3] INFO  impl.RoleInfo (RoleInfo.java:shutdownFollowerState(121)) - 2a52019e-5647-44e1-bf30-9a43fd8a7377: shutdown FollowerState
2019-10-22 00:12:57,819 [grpc-default-executor-6] INFO  impl.RoleInfo (RoleInfo.java:shutdownFollowerState(121)) - 062c71de-08d9-40ee-9309-15590e2e8e68: shutdown FollowerState
2019-10-22 00:12:57,819 [Thread-764] INFO  impl.FollowerState (FollowerState.java:run(117)) - 2a52019e-5647-44e1-bf30-9a43fd8a7377@group-F01152B53F91-FollowerState was interrupted: java.lang.InterruptedException: sleep interrupted
2019-10-22 00:12:57,819 [grpc-default-executor-3] INFO  impl.RoleInfo (RoleInfo.java:updateAndGet(143)) - 2a52019e-5647-44e1-bf30-9a43fd8a7377: start FollowerState
2019-10-22 00:12:57,819 [Thread-765] INFO  impl.FollowerState (FollowerState.java:run(117)) - 062c71de-08d9-40ee-9309-15590e2e8e68@group-F01152B53F91-FollowerState was interrupted: java.lang.InterruptedException: sleep interrupted
2019-10-22 00:12:57,819 [grpc-default-executor-6] INFO  impl.RoleInfo (RoleInfo.java:updateAndGet(143)) - 062c71de-08d9-40ee-9309-15590e2e8e68: start FollowerState
2019-10-22 00:12:57,834 [2fdb3e93-e0d8-400e-8c33-91e2341b50c6@group-F01152B53F91-LeaderElection61] INFO  impl.LeaderElection (LeaderElection.java:logAndReturn(56)) - 2fdb3e93-e0d8-400e-8c33-91e2341b50c6@group-F01152B53F91-LeaderElection61: Election REJECTED; received 2 response(s) [2fdb3e93-e0d8-400e-8c33-91e2341b50c6<-062c71de-08d9-40ee-9309-15590e2e8e68#0:FAIL-t51, 2fdb3e93-e0d8-400e-8c33-91e2341b50c6<-2a52019e-5647-44e1-bf30-9a43fd8a7377#0:FAIL-t51] and 0 exception(s); 2fdb3e93-e0d8-400e-8c33-91e2341b50c6@group-F01152B53F91:t51, leader=null, voted=2fdb3e93-e0d8-400e-8c33-91e2341b50c6, raftlog=2fdb3e93-e0d8-400e-8c33-91e2341b50c6@group-F01152B53F91-SegmentedRaftLog:OPENED:c-1,f-1,i0, conf=-1: [2fdb3e93-e0d8-400e-8c33-91e2341b50c6:192.168.157.254:43254, 062c71de-08d9-40ee-9309-15590e2e8e68:192.168.157.254:45598, 2a52019e-5647-44e1-bf30-9a43fd8a7377:192.168.157.254:36038], old=null
2019-10-22 00:12:57,834 [2fdb3e93-e0d8-400e-8c33-91e2341b50c6@group-F01152B53F91-LeaderElection61] INFO  impl.RaftServerImpl (RaftServerImpl.java:setRole(184)) - 2fdb3e93-e0d8-400e-8c33-91e2341b50c6@group-F01152B53F91: changes role from CANDIDATE to FOLLOWER at term 51 for DISCOVERED_A_NEW_TERM
2019-10-22 00:12:57,834 [2fdb3e93-e0d8-400e-8c33-91e2341b50c6@group-F01152B53F91-LeaderElection61] INFO  impl.RoleInfo (RoleInfo.java:shutdownLeaderElection(134)) - 2fdb3e93-e0d8-400e-8c33-91e2341b50c6: shutdown LeaderElection
2019-10-22 00:12:57,834 [2fdb3e93-e0d8-400e-8c33-91e2341b50c6@group-F01152B53F91-LeaderElection61] INFO  impl.RoleInfo (RoleInfo.java:updateAndGet(143)) - 2fdb3e93-e0d8-400e-8c33-91e2341b50c6: start FollowerState
2019-10-22 00:12:57,894 [Thread-774] INFO  impl.FollowerState (FollowerState.java:run(108)) - 2fdb3e93-e0d8-400e-8c33-91e2341b50c6@group-F01152B53F91-FollowerState: change to CANDIDATE, lastRpcTime:59ms, electionTimeout:59ms
2019-10-22 00:12:57,894 [Thread-774] INFO  impl.RoleInfo (RoleInfo.java:shutdownFollowerState(121)) - 2fdb3e93-e0d8-400e-8c33-91e2341b50c6: shutdown FollowerState
2019-10-22 00:12:57,894 [Thread-774] INFO  impl.RaftServerImpl (RaftServerImpl.java:setRole(184)) - 2fdb3e93-e0d8-400e-8c33-91e2341b50c6@group-F01152B53F91: changes role from  FOLLOWER to CANDIDATE at term 51 for changeToCandidate
2019-10-22 00:12:57,894 [Thread-774] INFO  impl.RoleInfo (RoleInfo.java:updateAndGet(143)) - 2fdb3e93-e0d8-400e-8c33-91e2341b50c6: start LeaderElection
2019-10-22 00:12:57,907 [2fdb3e93-e0d8-400e-8c33-91e2341b50c6@group-F01152B53F91-LeaderElection62] INFO  impl.LeaderElection (LeaderElection.java:askForVotes(178)) - 2fdb3e93-e0d8-400e-8c33-91e2341b50c6@group-F01152B53F91-LeaderElection62: begin an election at term 52 for -1: [2fdb3e93-e0d8-400e-8c33-91e2341b50c6:192.168.157.254:43254, 062c71de-08d9-40ee-9309-15590e2e8e68:192.168.157.254:45598, 2a52019e-5647-44e1-bf30-9a43fd8a7377:192.168.157.254:36038], old=null
2019-10-22 00:12:57,909 [grpc-default-executor-6] INFO  impl.RaftServerImpl (RaftServerImpl.java:setRole(184)) - 2a52019e-5647-44e1-bf30-9a43fd8a7377@group-F01152B53F91: changes role from  FOLLOWER to FOLLOWER at term 52 for recognizeCandidate:2fdb3e93-e0d8-400e-8c33-91e2341b50c6
2019-10-22 00:12:57,909 [grpc-default-executor-3] INFO  impl.RaftServerImpl (RaftServerImpl.java:setRole(184)) - 062c71de-08d9-40ee-9309-15590e2e8e68@group-F01152B53F91: changes role from  FOLLOWER to FOLLOWER at term 52 for recognizeCandidate:2fdb3e93-e0d8-400e-8c33-91e2341b50c6
2019-10-22 00:12:57,909 [grpc-default-executor-6] INFO  impl.RoleInfo (RoleInfo.java:shutdownFollowerState(121)) - 2a52019e-5647-44e1-bf30-9a43fd8a7377: shutdown FollowerState
2019-10-22 00:12:57,909 [grpc-default-executor-3] INFO  impl.RoleInfo (RoleInfo.java:shutdownFollowerState(121)) - 062c71de-08d9-40ee-9309-15590e2e8e68: shutdown FollowerState
2019-10-22 00:12:57,910 [Thread-772] INFO  impl.FollowerState (FollowerState.java:run(117)) - 2a52019e-5647-44e1-bf30-9a43fd8a7377@group-F01152B53F91-FollowerState was interrupted: java.lang.InterruptedException: sleep interrupted
2019-10-22 00:12:57,910 [grpc-default-executor-6] INFO  impl.RoleInfo (RoleInfo.java:updateAndGet(143)) - 2a52019e-5647-44e1-bf30-9a43fd8a7377: start FollowerState
2019-10-22 00:12:57,910 [grpc-default-executor-3] INFO  impl.RoleInfo (RoleInfo.java:updateAndGet(143)) - 062c71de-08d9-40ee-9309-15590e2e8e68: start FollowerState
2019-10-22 00:12:57,910 [Thread-773] INFO  impl.FollowerState (FollowerState.java:run(117)) - 062c71de-08d9-40ee-9309-15590e2e8e68@group-F01152B53F91-FollowerState was interrupted: java.lang.InterruptedException: sleep interrupted
2019-10-22 00:12:57,924 [2fdb3e93-e0d8-400e-8c33-91e2341b50c6@group-F01152B53F91-LeaderElection62] INFO  impl.LeaderElection (LeaderElection.java:logAndReturn(56)) - 2fdb3e93-e0d8-400e-8c33-91e2341b50c6@group-F01152B53F91-LeaderElection62: Election REJECTED; received 2 response(s) [2fdb3e93-e0d8-400e-8c33-91e2341b50c6<-062c71de-08d9-40ee-9309-15590e2e8e68#0:FAIL-t52, 2fdb3e93-e0d8-400e-8c33-91e2341b50c6<-2a52019e-5647-44e1-bf30-9a43fd8a7377#0:FAIL-t52] and 0 exception(s); 2fdb3e93-e0d8-400e-8c33-91e2341b50c6@group-F01152B53F91:t52, leader=null, voted=2fdb3e93-e0d8-400e-8c33-91e2341b50c6, raftlog=2fdb3e93-e0d8-400e-8c33-91e2341b50c6@group-F01152B53F91-SegmentedRaftLog:OPENED:c-1,f-1,i0, conf=-1: [2fdb3e93-e0d8-400e-8c33-91e2341b50c6:192.168.157.254:43254, 062c71de-08d9-40ee-9309-15590e2e8e68:192.168.157.254:45598, 2a52019e-5647-44e1-bf30-9a43fd8a7377:192.168.157.254:36038], old=null
2019-10-22 00:12:57,925 [2fdb3e93-e0d8-400e-8c33-91e2341b50c6@group-F01152B53F91-LeaderElection62] INFO  impl.RaftServerImpl (RaftServerImpl.java:setRole(184)) - 2fdb3e93-e0d8-400e-8c33-91e2341b50c6@group-F01152B53F91: changes role from CANDIDATE to FOLLOWER at term 52 for DISCOVERED_A_NEW_TERM
2019-10-22 00:12:57,925 [2fdb3e93-e0d8-400e-8c33-91e2341b50c6@group-F01152B53F91-LeaderElection62] INFO  impl.RoleInfo (RoleInfo.java:shutdownLeaderElection(134)) - 2fdb3e93-e0d8-400e-8c33-91e2341b50c6: shutdown LeaderElection
2019-10-22 00:12:57,925 [2fdb3e93-e0d8-400e-8c33-91e2341b50c6@group-F01152B53F91-LeaderElection62] INFO  impl.RoleInfo (RoleInfo.java:updateAndGet(143)) - 2fdb3e93-e0d8-400e-8c33-91e2341b50c6: start FollowerState
2019-10-22 00:12:58,119 [Thread-782] INFO  impl.FollowerState (FollowerState.java:run(108)) - 2fdb3e93-e0d8-400e-8c33-91e2341b50c6@group-F01152B53F91-FollowerState: change to CANDIDATE, lastRpcTime:194ms, electionTimeout:194ms
2019-10-22 00:12:58,120 [Thread-782] INFO  impl.RoleInfo (RoleInfo.java:shutdownFollowerState(121)) - 2fdb3e93-e0d8-400e-8c33-91e2341b50c6: shutdown FollowerState
2019-10-22 00:12:58,120 [Thread-782] INFO  impl.RaftServerImpl (RaftServerImpl.java:setRole(184)) - 2fdb3e93-e0d8-400e-8c33-91e2341b50c6@group-F01152B53F91: changes role from  FOLLOWER to CANDIDATE at term 52 for changeToCandidate
2019-10-22 00:12:58,120 [Thread-782] INFO  impl.RoleInfo (RoleInfo.java:updateAndGet(143)) - 2fdb3e93-e0d8-400e-8c33-91e2341b50c6: start LeaderElection
2019-10-22 00:12:58,146 [2fdb3e93-e0d8-400e-8c33-91e2341b50c6@group-F01152B53F91-LeaderElection63] INFO  impl.LeaderElection (LeaderElection.java:askForVotes(178)) - 2fdb3e93-e0d8-400e-8c33-91e2341b50c6@group-F01152B53F91-LeaderElection63: begin an election at term 53 for -1: [2fdb3e93-e0d8-400e-8c33-91e2341b50c6:192.168.157.254:43254, 062c71de-08d9-40ee-9309-15590e2e8e68:192.168.157.254:45598, 2a52019e-5647-44e1-bf30-9a43fd8a7377:192.168.157.254:36038], old=null
2019-10-22 00:12:58,149 [grpc-default-executor-6] INFO  impl.RaftServerImpl (RaftServerImpl.java:setRole(184)) - 062c71de-08d9-40ee-9309-15590e2e8e68@group-F01152B53F91: changes role from  FOLLOWER to FOLLOWER at term 53 for recognizeCandidate:2fdb3e93-e0d8-400e-8c33-91e2341b50c6
2019-10-22 00:12:58,149 [grpc-default-executor-3] INFO  impl.RaftServerImpl (RaftServerImpl.java:setRole(184)) - 2a52019e-5647-44e1-bf30-9a43fd8a7377@group-F01152B53F91: changes role from  FOLLOWER to FOLLOWER at term 53 for recognizeCandidate:2fdb3e93-e0d8-400e-8c33-91e2341b50c6
2019-10-22 00:12:58,149 [grpc-default-executor-6] INFO  impl.RoleInfo (RoleInfo.java:shutdownFollowerState(121)) - 062c71de-08d9-40ee-9309-15590e2e8e68: shutdown FollowerState
2019-10-22 00:12:58,149 [grpc-default-executor-3] INFO  impl.RoleInfo (RoleInfo.java:shutdownFollowerState(121)) - 2a52019e-5647-44e1-bf30-9a43fd8a7377: shutdown FollowerState
2019-10-22 00:12:58,149 [Thread-780] INFO  impl.FollowerState (FollowerState.java:run(117)) - 062c71de-08d9-40ee-9309-15590e2e8e68@group-F01152B53F91-FollowerState was interrupted: java.lang.InterruptedException: sleep interrupted
2019-10-22 00:12:58,150 [Thread-779] INFO  impl.FollowerState (FollowerState.java:run(117)) - 2a52019e-5647-44e1-bf30-9a43fd8a7377@group-F01152B53F91-FollowerState was interrupted: java.lang.InterruptedException: sleep interrupted
2019-10-22 00:12:58,149 [grpc-default-executor-6] INFO  impl.RoleInfo (RoleInfo.java:updateAndGet(143)) - 062c71de-08d9-40ee-9309-15590e2e8e68: start FollowerState
2019-10-22 00:12:58,150 [grpc-default-executor-3] INFO  impl.RoleInfo (RoleInfo.java:updateAndGet(143)) - 2a52019e-5647-44e1-bf30-9a43fd8a7377: start FollowerState
2019-10-22 00:12:58,164 [2fdb3e93-e0d8-400e-8c33-91e2341b50c6@group-F01152B53F91-LeaderElection63] INFO  impl.LeaderElection (LeaderElection.java:logAndReturn(56)) - 2fdb3e93-e0d8-400e-8c33-91e2341b50c6@group-F01152B53F91-LeaderElection63: Election REJECTED; received 2 response(s) [2fdb3e93-e0d8-400e-8c33-91e2341b50c6<-062c71de-08d9-40ee-9309-15590e2e8e68#0:FAIL-t53, 2fdb3e93-e0d8-400e-8c33-91e2341b50c6<-2a52019e-5647-44e1-bf30-9a43fd8a7377#0:FAIL-t53] and 0 exception(s); 2fdb3e93-e0d8-400e-8c33-91e2341b50c6@group-F01152B53F91:t53, leader=null, voted=2fdb3e93-e0d8-400e-8c33-91e2341b50c6, raftlog=2fdb3e93-e0d8-400e-8c33-91e2341b50c6@group-F01152B53F91-SegmentedRaftLog:OPENED:c-1,f-1,i0, conf=-1: [2fdb3e93-e0d8-400e-8c33-91e2341b50c6:192.168.157.254:43254, 062c71de-08d9-40ee-9309-15590e2e8e68:192.168.157.254:45598, 2a52019e-5647-44e1-bf30-9a43fd8a7377:192.168.157.254:36038], old=null
2019-10-22 00:12:58,165 [2fdb3e93-e0d8-400e-8c33-91e2341b50c6@group-F01152B53F91-LeaderElection63] INFO  impl.RaftServerImpl (RaftServerImpl.java:setRole(184)) - 2fdb3e93-e0d8-400e-8c33-91e2341b50c6@group-F01152B53F91: changes role from CANDIDATE to FOLLOWER at term 53 for DISCOVERED_A_NEW_TERM
2019-10-22 00:12:58,165 [2fdb3e93-e0d8-400e-8c33-91e2341b50c6@group-F01152B53F91-LeaderElection63] INFO  impl.RoleInfo (RoleInfo.java:shutdownLeaderElection(134)) - 2fdb3e93-e0d8-400e-8c33-91e2341b50c6: shutdown LeaderElection
2019-10-22 00:12:58,165 [2fdb3e93-e0d8-400e-8c33-91e2341b50c6@group-F01152B53F91-LeaderElection63] INFO  impl.RoleInfo (RoleInfo.java:updateAndGet(143)) - 2fdb3e93-e0d8-400e-8c33-91e2341b50c6: start FollowerState
2019-10-22 00:12:58,352 [Thread-788] INFO  impl.FollowerState (FollowerState.java:run(108)) - 2fdb3e93-e0d8-400e-8c33-91e2341b50c6@group-F01152B53F91-FollowerState: change to CANDIDATE, lastRpcTime:187ms, electionTimeout:187ms
2019-10-22 00:12:58,352 [Thread-788] INFO  impl.RoleInfo (RoleInfo.java:shutdownFollowerState(121)) - 2fdb3e93-e0d8-400e-8c33-91e2341b50c6: shutdown FollowerState
2019-10-22 00:12:58,353 [Thread-788] INFO  impl.RaftServerImpl (RaftServerImpl.java:setRole(184)) - 2fdb3e93-e0d8-400e-8c33-91e2341b50c6@group-F01152B53F91: changes role from  FOLLOWER to CANDIDATE at term 53 for changeToCandidate
2019-10-22 00:12:58,353 [Thread-788] INFO  impl.RoleInfo (RoleInfo.java:updateAndGet(143)) - 2fdb3e93-e0d8-400e-8c33-91e2341b50c6: start LeaderElection
2019-10-22 00:12:58,371 [2fdb3e93-e0d8-400e-8c33-91e2341b50c6@group-F01152B53F91-LeaderElection64] INFO  impl.LeaderElection (LeaderElection.java:askForVotes(178)) - 2fdb3e93-e0d8-400e-8c33-91e2341b50c6@group-F01152B53F91-LeaderElection64: begin an election at term 54 for -1: [2fdb3e93-e0d8-400e-8c33-91e2341b50c6:192.168.157.254:43254, 062c71de-08d9-40ee-9309-15590e2e8e68:192.168.157.254:45598, 2a52019e-5647-44e1-bf30-9a43fd8a7377:192.168.157.254:36038], old=null
2019-10-22 00:12:58,373 [grpc-default-executor-3] INFO  impl.RaftServerImpl (RaftServerImpl.java:setRole(184)) - 062c71de-08d9-40ee-9309-15590e2e8e68@group-F01152B53F91: changes role from  FOLLOWER to FOLLOWER at term 54 for recognizeCandidate:2fdb3e93-e0d8-400e-8c33-91e2341b50c6
2019-10-22 00:12:58,373 [grpc-default-executor-6] INFO  impl.RaftServerImpl (RaftServerImpl.java:setRole(184)) - 2a52019e-5647-44e1-bf30-9a43fd8a7377@group-F01152B53F91: changes role from  FOLLOWER to FOLLOWER at term 54 for recognizeCandidate:2fdb3e93-e0d8-400e-8c33-91e2341b50c6
2019-10-22 00:12:58,373 [grpc-default-executor-3] INFO  impl.RoleInfo (RoleInfo.java:shutdownFollowerState(121)) - 062c71de-08d9-40ee-9309-15590e2e8e68: shutdown FollowerState
2019-10-22 00:12:58,373 [grpc-default-executor-6] INFO  impl.RoleInfo (RoleInfo.java:shutdownFollowerState(121)) - 2a52019e-5647-44e1-bf30-9a43fd8a7377: shutdown FollowerState
2019-10-22 00:12:58,374 [Thread-786] INFO  impl.FollowerState (FollowerState.java:run(117)) - 062c71de-08d9-40ee-9309-15590e2e8e68@group-F01152B53F91-FollowerState was interrupted: java.lang.InterruptedException: sleep interrupted
2019-10-22 00:12:58,374 [grpc-default-executor-3] INFO  impl.RoleInfo (RoleInfo.java:updateAndGet(143)) - 062c71de-08d9-40ee-9309-15590e2e8e68: start FollowerState
2019-10-22 00:12:58,374 [Thread-787] INFO  impl.FollowerState (FollowerState.java:run(117)) - 2a52019e-5647-44e1-bf30-9a43fd8a7377@group-F01152B53F91-FollowerState was interrupted: java.lang.InterruptedException: sleep interrupted
2019-10-22 00:12:58,374 [grpc-default-executor-6] INFO  impl.RoleInfo (RoleInfo.java:updateAndGet(143)) - 2a52019e-5647-44e1-bf30-9a43fd8a7377: start FollowerState
2019-10-22 00:12:58,389 [2fdb3e93-e0d8-400e-8c33-91e2341b50c6@group-F01152B53F91-LeaderElection64] INFO  impl.LeaderElection (LeaderElection.java:logAndReturn(56)) - 2fdb3e93-e0d8-400e-8c33-91e2341b50c6@group-F01152B53F91-LeaderElection64: Election REJECTED; received 2 response(s) [2fdb3e93-e0d8-400e-8c33-91e2341b50c6<-062c71de-08d9-40ee-9309-15590e2e8e68#0:FAIL-t54, 2fdb3e93-e0d8-400e-8c33-91e2341b50c6<-2a52019e-5647-44e1-bf30-9a43fd8a7377#0:FAIL-t54] and 0 exception(s); 2fdb3e93-e0d8-400e-8c33-91e2341b50c6@group-F01152B53F91:t54, leader=null, voted=2fdb3e93-e0d8-400e-8c33-91e2341b50c6, raftlog=2fdb3e93-e0d8-400e-8c33-91e2341b50c6@group-F01152B53F91-SegmentedRaftLog:OPENED:c-1,f-1,i0, conf=-1: [2fdb3e93-e0d8-400e-8c33-91e2341b50c6:192.168.157.254:43254, 062c71de-08d9-40ee-9309-15590e2e8e68:192.168.157.254:45598, 2a52019e-5647-44e1-bf30-9a43fd8a7377:192.168.157.254:36038], old=null
2019-10-22 00:12:58,389 [2fdb3e93-e0d8-400e-8c33-91e2341b50c6@group-F01152B53F91-LeaderElection64] INFO  impl.RaftServerImpl (RaftServerImpl.java:setRole(184)) - 2fdb3e93-e0d8-400e-8c33-91e2341b50c6@group-F01152B53F91: changes role from CANDIDATE to FOLLOWER at term 54 for DISCOVERED_A_NEW_TERM
2019-10-22 00:12:58,389 [2fdb3e93-e0d8-400e-8c33-91e2341b50c6@group-F01152B53F91-LeaderElection64] INFO  impl.RoleInfo (RoleInfo.java:shutdownLeaderElection(134)) - 2fdb3e93-e0d8-400e-8c33-91e2341b50c6: shutdown LeaderElection
2019-10-22 00:12:58,389 [2fdb3e93-e0d8-400e-8c33-91e2341b50c6@group-F01152B53F91-LeaderElection64] INFO  impl.RoleInfo (RoleInfo.java:updateAndGet(143)) - 2fdb3e93-e0d8-400e-8c33-91e2341b50c6: start FollowerState
2019-10-22 00:12:58,491 [Thread-796] INFO  impl.FollowerState (FollowerState.java:run(108)) - 2fdb3e93-e0d8-400e-8c33-91e2341b50c6@group-F01152B53F91-FollowerState: change to CANDIDATE, lastRpcTime:102ms, electionTimeout:102ms
2019-10-22 00:12:58,492 [Thread-796] INFO  impl.RoleInfo (RoleInfo.java:shutdownFollowerState(121)) - 2fdb3e93-e0d8-400e-8c33-91e2341b50c6: shutdown FollowerState
2019-10-22 00:12:58,492 [Thread-796] INFO  impl.RaftServerImpl (RaftServerImpl.java:setRole(184)) - 2fdb3e93-e0d8-400e-8c33-91e2341b50c6@group-F01152B53F91: changes role from  FOLLOWER to CANDIDATE at term 54 for changeToCandidate
2019-10-22 00:12:58,492 [Thread-796] INFO  impl.RoleInfo (RoleInfo.java:updateAndGet(143)) - 2fdb3e93-e0d8-400e-8c33-91e2341b50c6: start LeaderElection
2019-10-22 00:12:58,517 [2fdb3e93-e0d8-400e-8c33-91e2341b50c6@group-F01152B53F91-LeaderElection65] INFO  impl.LeaderElection (LeaderElection.java:askForVotes(178)) - 2fdb3e93-e0d8-400e-8c33-91e2341b50c6@group-F01152B53F91-LeaderElection65: begin an election at term 55 for -1: [2fdb3e93-e0d8-400e-8c33-91e2341b50c6:192.168.157.254:43254, 062c71de-08d9-40ee-9309-15590e2e8e68:192.168.157.254:45598, 2a52019e-5647-44e1-bf30-9a43fd8a7377:192.168.157.254:36038], old=null
2019-10-22 00:12:58,519 [grpc-default-executor-6] INFO  impl.RaftServerImpl (RaftServerImpl.java:setRole(184)) - 2a52019e-5647-44e1-bf30-9a43fd8a7377@group-F01152B53F91: changes role from  FOLLOWER to FOLLOWER at term 55 for recognizeCandidate:2fdb3e93-e0d8-400e-8c33-91e2341b50c6
2019-10-22 00:12:58,520 [grpc-default-executor-6] INFO  impl.RoleInfo (RoleInfo.java:shutdownFollowerState(121)) - 2a52019e-5647-44e1-bf30-9a43fd8a7377: shutdown FollowerState
2019-10-22 00:12:58,519 [grpc-default-executor-3] INFO  impl.RaftServerImpl (RaftServerImpl.java:setRole(184)) - 062c71de-08d9-40ee-9309-15590e2e8e68@group-F01152B53F91: changes role from  FOLLOWER to FOLLOWER at term 55 for recognizeCandidate:2fdb3e93-e0d8-400e-8c33-91e2341b50c6
2019-10-22 00:12:58,520 [Thread-795] INFO  impl.FollowerState (FollowerState.java:run(117)) - 2a52019e-5647-44e1-bf30-9a43fd8a7377@group-F01152B53F91-FollowerState was interrupted: java.lang.InterruptedException: sleep interrupted
2019-10-22 00:12:58,520 [grpc-default-executor-6] INFO  impl.RoleInfo (RoleInfo.java:updateAndGet(143)) - 2a52019e-5647-44e1-bf30-9a43fd8a7377: start FollowerState
2019-10-22 00:12:58,520 [grpc-default-executor-3] INFO  impl.RoleInfo (RoleInfo.java:shutdownFollowerState(121)) - 062c71de-08d9-40ee-9309-15590e2e8e68: shutdown FollowerState
2019-10-22 00:12:58,520 [grpc-default-executor-3] INFO  impl.RoleInfo (RoleInfo.java:updateAndGet(143)) - 062c71de-08d9-40ee-9309-15590e2e8e68: start FollowerState
2019-10-22 00:12:58,520 [Thread-794] INFO  impl.FollowerState (FollowerState.java:run(117)) - 062c71de-08d9-40ee-9309-15590e2e8e68@group-F01152B53F91-FollowerState was interrupted: java.lang.InterruptedException: sleep interrupted
2019-10-22 00:12:58,535 [2fdb3e93-e0d8-400e-8c33-91e2341b50c6@group-F01152B53F91-LeaderElection65] INFO  impl.LeaderElection (LeaderElection.java:logAndReturn(56)) - 2fdb3e93-e0d8-400e-8c33-91e2341b50c6@group-F01152B53F91-LeaderElection65: Election REJECTED; received 2 response(s) [2fdb3e93-e0d8-400e-8c33-91e2341b50c6<-062c71de-08d9-40ee-9309-15590e2e8e68#0:FAIL-t55, 2fdb3e93-e0d8-400e-8c33-91e2341b50c6<-2a52019e-5647-44e1-bf30-9a43fd8a7377#0:FAIL-t55] and 0 exception(s); 2fdb3e93-e0d8-400e-8c33-91e2341b50c6@group-F01152B53F91:t55, leader=null, voted=2fdb3e93-e0d8-400e-8c33-91e2341b50c6, raftlog=2fdb3e93-e0d8-400e-8c33-91e2341b50c6@group-F01152B53F91-SegmentedRaftLog:OPENED:c-1,f-1,i0, conf=-1: [2fdb3e93-e0d8-400e-8c33-91e2341b50c6:192.168.157.254:43254, 062c71de-08d9-40ee-9309-15590e2e8e68:192.168.157.254:45598, 2a52019e-5647-44e1-bf30-9a43fd8a7377:192.168.157.254:36038], old=null
2019-10-22 00:12:58,535 [2fdb3e93-e0d8-400e-8c33-91e2341b50c6@group-F01152B53F91-LeaderElection65] INFO  impl.RaftServerImpl (RaftServerImpl.java:setRole(184)) - 2fdb3e93-e0d8-400e-8c33-91e2341b50c6@group-F01152B53F91: changes role from CANDIDATE to FOLLOWER at term 55 for DISCOVERED_A_NEW_TERM
2019-10-22 00:12:58,535 [2fdb3e93-e0d8-400e-8c33-91e2341b50c6@group-F01152B53F91-LeaderElection65] INFO  impl.RoleInfo (RoleInfo.java:shutdownLeaderElection(134)) - 2fdb3e93-e0d8-400e-8c33-91e2341b50c6: shutdown LeaderElection
2019-10-22 00:12:58,535 [2fdb3e93-e0d8-400e-8c33-91e2341b50c6@group-F01152B53F91-LeaderElection65] INFO  impl.RoleInfo (RoleInfo.java:updateAndGet(143)) - 2fdb3e93-e0d8-400e-8c33-91e2341b50c6: start FollowerState
2019-10-22 00:12:58,728 [Thread-804] INFO  impl.FollowerState (FollowerState.java:run(108)) - 2fdb3e93-e0d8-400e-8c33-91e2341b50c6@group-F01152B53F91-FollowerState: change to CANDIDATE, lastRpcTime:193ms, electionTimeout:193ms
2019-10-22 00:12:58,729 [Thread-804] INFO  impl.RoleInfo (RoleInfo.java:shutdownFollowerState(121)) - 2fdb3e93-e0d8-400e-8c33-91e2341b50c6: shutdown FollowerState
2019-10-22 00:12:58,729 [Thread-804] INFO  impl.RaftServerImpl (RaftServerImpl.java:setRole(184)) - 2fdb3e93-e0d8-400e-8c33-91e2341b50c6@group-F01152B53F91: changes role from  FOLLOWER to CANDIDATE at term 55 for changeToCandidate
2019-10-22 00:12:58,729 [Thread-804] INFO  impl.RoleInfo (RoleInfo.java:updateAndGet(143)) - 2fdb3e93-e0d8-400e-8c33-91e2341b50c6: start LeaderElection
2019-10-22 00:12:58,734 [2fdb3e93-e0d8-400e-8c33-91e2341b50c6@group-F01152B53F91-LeaderElection66] INFO  impl.LeaderElection (LeaderElection.java:askForVotes(178)) - 2fdb3e93-e0d8-400e-8c33-91e2341b50c6@group-F01152B53F91-LeaderElection66: begin an election at term 56 for -1: [2fdb3e93-e0d8-400e-8c33-91e2341b50c6:192.168.157.254:43254, 062c71de-08d9-40ee-9309-15590e2e8e68:192.168.157.254:45598, 2a52019e-5647-44e1-bf30-9a43fd8a7377:192.168.157.254:36038], old=null
2019-10-22 00:12:58,736 [grpc-default-executor-3] INFO  impl.RaftServerImpl (RaftServerImpl.java:setRole(184)) - 062c71de-08d9-40ee-9309-15590e2e8e68@group-F01152B53F91: changes role from  FOLLOWER to FOLLOWER at term 56 for recognizeCandidate:2fdb3e93-e0d8-400e-8c33-91e2341b50c6
2019-10-22 00:12:58,736 [grpc-default-executor-3] INFO  impl.RoleInfo (RoleInfo.java:shutdownFollowerState(121)) - 062c71de-08d9-40ee-9309-15590e2e8e68: shutdown FollowerState
2019-10-22 00:12:58,736 [grpc-default-executor-6] INFO  impl.RaftServerImpl (RaftServerImpl.java:setRole(184)) - 2a52019e-5647-44e1-bf30-9a43fd8a7377@group-F01152B53F91: changes role from  FOLLOWER to FOLLOWER at term 56 for recognizeCandidate:2fdb3e93-e0d8-400e-8c33-91e2341b50c6
2019-10-22 00:12:58,736 [Thread-803] INFO  impl.FollowerState (FollowerState.java:run(117)) - 062c71de-08d9-40ee-9309-15590e2e8e68@group-F01152B53F91-FollowerState was interrupted: java.lang.InterruptedException: sleep interrupted
2019-10-22 00:12:58,736 [grpc-default-executor-3] INFO  impl.RoleInfo (RoleInfo.java:updateAndGet(143)) - 062c71de-08d9-40ee-9309-15590e2e8e68: start FollowerState
2019-10-22 00:12:58,736 [grpc-default-executor-6] INFO  impl.RoleInfo (RoleInfo.java:shutdownFollowerState(121)) - 2a52019e-5647-44e1-bf30-9a43fd8a7377: shutdown FollowerState
2019-10-22 00:12:58,737 [grpc-default-executor-6] INFO  impl.RoleInfo (RoleInfo.java:updateAndGet(143)) - 2a52019e-5647-44e1-bf30-9a43fd8a7377: start FollowerState
2019-10-22 00:12:58,737 [Thread-802] INFO  impl.FollowerState (FollowerState.java:run(117)) - 2a52019e-5647-44e1-bf30-9a43fd8a7377@group-F01152B53F91-FollowerState was interrupted: java.lang.InterruptedException: sleep interrupted
2019-10-22 00:12:58,759 [2fdb3e93-e0d8-400e-8c33-91e2341b50c6@group-F01152B53F91-LeaderElection66] INFO  impl.LeaderElection (LeaderElection.java:logAndReturn(56)) - 2fdb3e93-e0d8-400e-8c33-91e2341b50c6@group-F01152B53F91-LeaderElection66: Election REJECTED; received 2 response(s) [2fdb3e93-e0d8-400e-8c33-91e2341b50c6<-062c71de-08d9-40ee-9309-15590e2e8e68#0:FAIL-t56, 2fdb3e93-e0d8-400e-8c33-91e2341b50c6<-2a52019e-5647-44e1-bf30-9a43fd8a7377#0:FAIL-t56] and 0 exception(s); 2fdb3e93-e0d8-400e-8c33-91e2341b50c6@group-F01152B53F91:t56, leader=null, voted=2fdb3e93-e0d8-400e-8c33-91e2341b50c6, raftlog=2fdb3e93-e0d8-400e-8c33-91e2341b50c6@group-F01152B53F91-SegmentedRaftLog:OPENED:c-1,f-1,i0, conf=-1: [2fdb3e93-e0d8-400e-8c33-91e2341b50c6:192.168.157.254:43254, 062c71de-08d9-40ee-9309-15590e2e8e68:192.168.157.254:45598, 2a52019e-5647-44e1-bf30-9a43fd8a7377:192.168.157.254:36038], old=null
2019-10-22 00:12:58,760 [2fdb3e93-e0d8-400e-8c33-91e2341b50c6@group-F01152B53F91-LeaderElection66] INFO  impl.RaftServerImpl (RaftServerImpl.java:setRole(184)) - 2fdb3e93-e0d8-400e-8c33-91e2341b50c6@group-F01152B53F91: changes role from CANDIDATE to FOLLOWER at term 56 for DISCOVERED_A_NEW_TERM
2019-10-22 00:12:58,760 [2fdb3e93-e0d8-400e-8c33-91e2341b50c6@group-F01152B53F91-LeaderElection66] INFO  impl.RoleInfo (RoleInfo.java:shutdownLeaderElection(134)) - 2fdb3e93-e0d8-400e-8c33-91e2341b50c6: shutdown LeaderElection
2019-10-22 00:12:58,760 [2fdb3e93-e0d8-400e-8c33-91e2341b50c6@group-F01152B53F91-LeaderElection66] INFO  impl.RoleInfo (RoleInfo.java:updateAndGet(143)) - 2fdb3e93-e0d8-400e-8c33-91e2341b50c6: start FollowerState
2019-10-22 00:12:58,792 [Thread-813] INFO  impl.FollowerState (FollowerState.java:run(108)) - 2fdb3e93-e0d8-400e-8c33-91e2341b50c6@group-F01152B53F91-FollowerState: change to CANDIDATE, lastRpcTime:32ms, electionTimeout:32ms
2019-10-22 00:12:58,792 [Thread-813] INFO  impl.RoleInfo (RoleInfo.java:shutdownFollowerState(121)) - 2fdb3e93-e0d8-400e-8c33-91e2341b50c6: shutdown FollowerState
2019-10-22 00:12:58,793 [Thread-813] INFO  impl.RaftServerImpl (RaftServerImpl.java:setRole(184)) - 2fdb3e93-e0d8-400e-8c33-91e2341b50c6@group-F01152B53F91: changes role from  FOLLOWER to CANDIDATE at term 56 for changeToCandidate
2019-10-22 00:12:58,793 [Thread-813] INFO  impl.RoleInfo (RoleInfo.java:updateAndGet(143)) - 2fdb3e93-e0d8-400e-8c33-91e2341b50c6: start LeaderElection
2019-10-22 00:12:58,798 [2fdb3e93-e0d8-400e-8c33-91e2341b50c6@group-F01152B53F91-LeaderElection67] INFO  impl.LeaderElection (LeaderElection.java:askForVotes(178)) - 2fdb3e93-e0d8-400e-8c33-91e2341b50c6@group-F01152B53F91-LeaderElection67: begin an election at term 57 for -1: [2fdb3e93-e0d8-400e-8c33-91e2341b50c6:192.168.157.254:43254, 062c71de-08d9-40ee-9309-15590e2e8e68:192.168.157.254:45598, 2a52019e-5647-44e1-bf30-9a43fd8a7377:192.168.157.254:36038], old=null
2019-10-22 00:12:58,801 [grpc-default-executor-3] INFO  impl.RaftServerImpl (RaftServerImpl.java:setRole(184)) - 062c71de-08d9-40ee-9309-15590e2e8e68@group-F01152B53F91: changes role from  FOLLOWER to FOLLOWER at term 57 for recognizeCandidate:2fdb3e93-e0d8-400e-8c33-91e2341b50c6
2019-10-22 00:12:58,801 [grpc-default-executor-6] INFO  impl.RaftServerImpl (RaftServerImpl.java:setRole(184)) - 2a52019e-5647-44e1-bf30-9a43fd8a7377@group-F01152B53F91: changes role from  FOLLOWER to FOLLOWER at term 57 for recognizeCandidate:2fdb3e93-e0d8-400e-8c33-91e2341b50c6
2019-10-22 00:12:58,801 [grpc-default-executor-3] INFO  impl.RoleInfo (RoleInfo.java:shutdownFollowerState(121)) - 062c71de-08d9-40ee-9309-15590e2e8e68: shutdown FollowerState
2019-10-22 00:12:58,801 [grpc-default-executor-6] INFO  impl.RoleInfo (RoleInfo.java:shutdownFollowerState(121)) - 2a52019e-5647-44e1-bf30-9a43fd8a7377: shutdown FollowerState
2019-10-22 00:12:58,801 [Thread-811] INFO  impl.FollowerState (FollowerState.java:run(117)) - 062c71de-08d9-40ee-9309-15590e2e8e68@group-F01152B53F91-FollowerState was interrupted: java.lang.InterruptedException: sleep interrupted
2019-10-22 00:12:58,801 [grpc-default-executor-3] INFO  impl.RoleInfo (RoleInfo.java:updateAndGet(143)) - 062c71de-08d9-40ee-9309-15590e2e8e68: start FollowerState
2019-10-22 00:12:58,801 [Thread-812] INFO  impl.FollowerState (FollowerState.java:run(117)) - 2a52019e-5647-44e1-bf30-9a43fd8a7377@group-F01152B53F91-FollowerState was interrupted: java.lang.InterruptedException: sleep interrupted
2019-10-22 00:12:58,801 [grpc-default-executor-6] INFO  impl.RoleInfo (RoleInfo.java:updateAndGet(143)) - 2a52019e-5647-44e1-bf30-9a43fd8a7377: start FollowerState
2019-10-22 00:12:58,812 [2fdb3e93-e0d8-400e-8c33-91e2341b50c6@group-F01152B53F91-LeaderElection67] INFO  impl.LeaderElection (LeaderElection.java:logAndReturn(56)) - 2fdb3e93-e0d8-400e-8c33-91e2341b50c6@group-F01152B53F91-LeaderElection67: Election REJECTED; received 2 response(s) [2fdb3e93-e0d8-400e-8c33-91e2341b50c6<-062c71de-08d9-40ee-9309-15590e2e8e68#0:FAIL-t57, 2fdb3e93-e0d8-400e-8c33-91e2341b50c6<-2a52019e-5647-44e1-bf30-9a43fd8a7377#0:FAIL-t57] and 0 exception(s); 2fdb3e93-e0d8-400e-8c33-91e2341b50c6@group-F01152B53F91:t57, leader=null, voted=2fdb3e93-e0d8-400e-8c33-91e2341b50c6, raftlog=2fdb3e93-e0d8-400e-8c33-91e2341b50c6@group-F01152B53F91-SegmentedRaftLog:OPENED:c-1,f-1,i0, conf=-1: [2fdb3e93-e0d8-400e-8c33-91e2341b50c6:192.168.157.254:43254, 062c71de-08d9-40ee-9309-15590e2e8e68:192.168.157.254:45598, 2a52019e-5647-44e1-bf30-9a43fd8a7377:192.168.157.254:36038], old=null
2019-10-22 00:12:58,813 [2fdb3e93-e0d8-400e-8c33-91e2341b50c6@group-F01152B53F91-LeaderElection67] INFO  impl.RaftServerImpl (RaftServerImpl.java:setRole(184)) - 2fdb3e93-e0d8-400e-8c33-91e2341b50c6@group-F01152B53F91: changes role from CANDIDATE to FOLLOWER at term 57 for DISCOVERED_A_NEW_TERM
2019-10-22 00:12:58,813 [2fdb3e93-e0d8-400e-8c33-91e2341b50c6@group-F01152B53F91-LeaderElection67] INFO  impl.RoleInfo (RoleInfo.java:shutdownLeaderElection(134)) - 2fdb3e93-e0d8-400e-8c33-91e2341b50c6: shutdown LeaderElection
2019-10-22 00:12:58,813 [2fdb3e93-e0d8-400e-8c33-91e2341b50c6@group-F01152B53F91-LeaderElection67] INFO  impl.RoleInfo (RoleInfo.java:updateAndGet(143)) - 2fdb3e93-e0d8-400e-8c33-91e2341b50c6: start FollowerState
2019-10-22 00:12:58,870 [Thread-820] INFO  impl.FollowerState (FollowerState.java:run(108)) - 2fdb3e93-e0d8-400e-8c33-91e2341b50c6@group-F01152B53F91-FollowerState: change to CANDIDATE, lastRpcTime:57ms, electionTimeout:57ms
2019-10-22 00:12:58,870 [Thread-820] INFO  impl.RoleInfo (RoleInfo.java:shutdownFollowerState(121)) - 2fdb3e93-e0d8-400e-8c33-91e2341b50c6: shutdown FollowerState
2019-10-22 00:12:58,870 [Thread-820] INFO  impl.RaftServerImpl (RaftServerImpl.java:setRole(184)) - 2fdb3e93-e0d8-400e-8c33-91e2341b50c6@group-F01152B53F91: changes role from  FOLLOWER to CANDIDATE at term 57 for changeToCandidate
2019-10-22 00:12:58,870 [Thread-820] INFO  impl.RoleInfo (RoleInfo.java:updateAndGet(143)) - 2fdb3e93-e0d8-400e-8c33-91e2341b50c6: start LeaderElection
2019-10-22 00:12:58,884 [2fdb3e93-e0d8-400e-8c33-91e2341b50c6@group-F01152B53F91-LeaderElection68] INFO  impl.LeaderElection (LeaderElection.java:askForVotes(178)) - 2fdb3e93-e0d8-400e-8c33-91e2341b50c6@group-F01152B53F91-LeaderElection68: begin an election at term 58 for -1: [2fdb3e93-e0d8-400e-8c33-91e2341b50c6:192.168.157.254:43254, 062c71de-08d9-40ee-9309-15590e2e8e68:192.168.157.254:45598, 2a52019e-5647-44e1-bf30-9a43fd8a7377:192.168.157.254:36038], old=null
2019-10-22 00:12:58,887 [grpc-default-executor-3] INFO  impl.RaftServerImpl (RaftServerImpl.java:setRole(184)) - 062c71de-08d9-40ee-9309-15590e2e8e68@group-F01152B53F91: changes role from  FOLLOWER to FOLLOWER at term 58 for recognizeCandidate:2fdb3e93-e0d8-400e-8c33-91e2341b50c6
2019-10-22 00:12:58,887 [grpc-default-executor-6] INFO  impl.RaftServerImpl (RaftServerImpl.java:setRole(184)) - 2a52019e-5647-44e1-bf30-9a43fd8a7377@group-F01152B53F91: changes role from  FOLLOWER to FOLLOWER at term 58 for recognizeCandidate:2fdb3e93-e0d8-400e-8c33-91e2341b50c6
2019-10-22 00:12:58,887 [grpc-default-executor-3] INFO  impl.RoleInfo (RoleInfo.java:shutdownFollowerState(121)) - 062c71de-08d9-40ee-9309-15590e2e8e68: shutdown FollowerState
2019-10-22 00:12:58,887 [grpc-default-executor-6] INFO  impl.RoleInfo (RoleInfo.java:shutdownFollowerState(121)) - 2a52019e-5647-44e1-bf30-9a43fd8a7377: shutdown FollowerState
2019-10-22 00:12:58,887 [Thread-818] INFO  impl.FollowerState (FollowerState.java:run(117)) - 062c71de-08d9-40ee-9309-15590e2e8e68@group-F01152B53F91-FollowerState was interrupted: java.lang.InterruptedException: sleep interrupted
2019-10-22 00:12:58,887 [Thread-819] INFO  impl.FollowerState (FollowerState.java:run(117)) - 2a52019e-5647-44e1-bf30-9a43fd8a7377@group-F01152B53F91-FollowerState was interrupted: java.lang.InterruptedException: sleep interrupted
2019-10-22 00:12:58,887 [grpc-default-executor-3] INFO  impl.RoleInfo (RoleInfo.java:updateAndGet(143)) - 062c71de-08d9-40ee-9309-15590e2e8e68: start FollowerState
2019-10-22 00:12:58,887 [grpc-default-executor-6] INFO  impl.RoleInfo (RoleInfo.java:updateAndGet(143)) - 2a52019e-5647-44e1-bf30-9a43fd8a7377: start FollowerState
2019-10-22 00:12:58,899 [2fdb3e93-e0d8-400e-8c33-91e2341b50c6@group-F01152B53F91-LeaderElection68] INFO  impl.LeaderElection (LeaderElection.java:logAndReturn(56)) - 2fdb3e93-e0d8-400e-8c33-91e2341b50c6@group-F01152B53F91-LeaderElection68: Election REJECTED; received 2 response(s) [2fdb3e93-e0d8-400e-8c33-91e2341b50c6<-062c71de-08d9-40ee-9309-15590e2e8e68#0:FAIL-t58, 2fdb3e93-e0d8-400e-8c33-91e2341b50c6<-2a52019e-5647-44e1-bf30-9a43fd8a7377#0:FAIL-t58] and 0 exception(s); 2fdb3e93-e0d8-400e-8c33-91e2341b50c6@group-F01152B53F91:t58, leader=null, voted=2fdb3e93-e0d8-400e-8c33-91e2341b50c6, raftlog=2fdb3e93-e0d8-400e-8c33-91e2341b50c6@group-F01152B53F91-SegmentedRaftLog:OPENED:c-1,f-1,i0, conf=-1: [2fdb3e93-e0d8-400e-8c33-91e2341b50c6:192.168.157.254:43254, 062c71de-08d9-40ee-9309-15590e2e8e68:192.168.157.254:45598, 2a52019e-5647-44e1-bf30-9a43fd8a7377:192.168.157.254:36038], old=null
2019-10-22 00:12:58,899 [2fdb3e93-e0d8-400e-8c33-91e2341b50c6@group-F01152B53F91-LeaderElection68] INFO  impl.RaftServerImpl (RaftServerImpl.java:setRole(184)) - 2fdb3e93-e0d8-400e-8c33-91e2341b50c6@group-F01152B53F91: changes role from CANDIDATE to FOLLOWER at term 58 for DISCOVERED_A_NEW_TERM
2019-10-22 00:12:58,899 [2fdb3e93-e0d8-400e-8c33-91e2341b50c6@group-F01152B53F91-LeaderElection68] INFO  impl.RoleInfo (RoleInfo.java:shutdownLeaderElection(134)) - 2fdb3e93-e0d8-400e-8c33-91e2341b50c6: shutdown LeaderElection
2019-10-22 00:12:58,899 [2fdb3e93-e0d8-400e-8c33-91e2341b50c6@group-F01152B53F91-LeaderElection68] INFO  impl.RoleInfo (RoleInfo.java:updateAndGet(143)) - 2fdb3e93-e0d8-400e-8c33-91e2341b50c6: start FollowerState
2019-10-22 00:12:59,057 [Thread-826] INFO  impl.FollowerState (FollowerState.java:run(108)) - 2fdb3e93-e0d8-400e-8c33-91e2341b50c6@group-F01152B53F91-FollowerState: change to CANDIDATE, lastRpcTime:157ms, electionTimeout:157ms
2019-10-22 00:12:59,057 [Thread-826] INFO  impl.RoleInfo (RoleInfo.java:shutdownFollowerState(121)) - 2fdb3e93-e0d8-400e-8c33-91e2341b50c6: shutdown FollowerState
2019-10-22 00:12:59,057 [Thread-826] INFO  impl.RaftServerImpl (RaftServerImpl.java:setRole(184)) - 2fdb3e93-e0d8-400e-8c33-91e2341b50c6@group-F01152B53F91: changes role from  FOLLOWER to CANDIDATE at term 58 for changeToCandidate
2019-10-22 00:12:59,057 [Thread-826] INFO  impl.RoleInfo (RoleInfo.java:updateAndGet(143)) - 2fdb3e93-e0d8-400e-8c33-91e2341b50c6: start LeaderElection
2019-10-22 00:12:59,061 [2fdb3e93-e0d8-400e-8c33-91e2341b50c6@group-F01152B53F91-LeaderElection69] INFO  impl.LeaderElection (LeaderElection.java:askForVotes(178)) - 2fdb3e93-e0d8-400e-8c33-91e2341b50c6@group-F01152B53F91-LeaderElection69: begin an election at term 59 for -1: [2fdb3e93-e0d8-400e-8c33-91e2341b50c6:192.168.157.254:43254, 062c71de-08d9-40ee-9309-15590e2e8e68:192.168.157.254:45598, 2a52019e-5647-44e1-bf30-9a43fd8a7377:192.168.157.254:36038], old=null
2019-10-22 00:12:59,064 [grpc-default-executor-6] INFO  impl.RaftServerImpl (RaftServerImpl.java:setRole(184)) - 062c71de-08d9-40ee-9309-15590e2e8e68@group-F01152B53F91: changes role from  FOLLOWER to FOLLOWER at term 59 for recognizeCandidate:2fdb3e93-e0d8-400e-8c33-91e2341b50c6
2019-10-22 00:12:59,064 [grpc-default-executor-3] INFO  impl.RaftServerImpl (RaftServerImpl.java:setRole(184)) - 2a52019e-5647-44e1-bf30-9a43fd8a7377@group-F01152B53F91: changes role from  FOLLOWER to FOLLOWER at term 59 for recognizeCandidate:2fdb3e93-e0d8-400e-8c33-91e2341b50c6
2019-10-22 00:12:59,064 [grpc-default-executor-6] INFO  impl.RoleInfo (RoleInfo.java:shutdownFollowerState(121)) - 062c71de-08d9-40ee-9309-15590e2e8e68: shutdown FollowerState
2019-10-22 00:12:59,064 [grpc-default-executor-3] INFO  impl.RoleInfo (RoleInfo.java:shutdownFollowerState(121)) - 2a52019e-5647-44e1-bf30-9a43fd8a7377: shutdown FollowerState
2019-10-22 00:12:59,064 [Thread-824] INFO  impl.FollowerState (FollowerState.java:run(117)) - 062c71de-08d9-40ee-9309-15590e2e8e68@group-F01152B53F91-FollowerState was interrupted: java.lang.InterruptedException: sleep interrupted
2019-10-22 00:12:59,064 [grpc-default-executor-6] INFO  impl.RoleInfo (RoleInfo.java:updateAndGet(143)) - 062c71de-08d9-40ee-9309-15590e2e8e68: start FollowerState
2019-10-22 00:12:59,064 [Thread-825] INFO  impl.FollowerState (FollowerState.java:run(117)) - 2a52019e-5647-44e1-bf30-9a43fd8a7377@group-F01152B53F91-FollowerState was interrupted: java.lang.InterruptedException: sleep interrupted
2019-10-22 00:12:59,064 [grpc-default-executor-3] INFO  impl.RoleInfo (RoleInfo.java:updateAndGet(143)) - 2a52019e-5647-44e1-bf30-9a43fd8a7377: start FollowerState
2019-10-22 00:12:59,076 [2fdb3e93-e0d8-400e-8c33-91e2341b50c6@group-F01152B53F91-LeaderElection69] INFO  impl.LeaderElection (LeaderElection.java:logAndReturn(56)) - 2fdb3e93-e0d8-400e-8c33-91e2341b50c6@group-F01152B53F91-LeaderElection69: Election REJECTED; received 2 response(s) [2fdb3e93-e0d8-400e-8c33-91e2341b50c6<-062c71de-08d9-40ee-9309-15590e2e8e68#0:FAIL-t59, 2fdb3e93-e0d8-400e-8c33-91e2341b50c6<-2a52019e-5647-44e1-bf30-9a43fd8a7377#0:FAIL-t59] and 0 exception(s); 2fdb3e93-e0d8-400e-8c33-91e2341b50c6@group-F01152B53F91:t59, leader=null, voted=2fdb3e93-e0d8-400e-8c33-91e2341b50c6, raftlog=2fdb3e93-e0d8-400e-8c33-91e2341b50c6@group-F01152B53F91-SegmentedRaftLog:OPENED:c-1,f-1,i0, conf=-1: [2fdb3e93-e0d8-400e-8c33-91e2341b50c6:192.168.157.254:43254, 062c71de-08d9-40ee-9309-15590e2e8e68:192.168.157.254:45598, 2a52019e-5647-44e1-bf30-9a43fd8a7377:192.168.157.254:36038], old=null
2019-10-22 00:12:59,077 [2fdb3e93-e0d8-400e-8c33-91e2341b50c6@group-F01152B53F91-LeaderElection69] INFO  impl.RaftServerImpl (RaftServerImpl.java:setRole(184)) - 2fdb3e93-e0d8-400e-8c33-91e2341b50c6@group-F01152B53F91: changes role from CANDIDATE to FOLLOWER at term 59 for DISCOVERED_A_NEW_TERM
2019-10-22 00:12:59,077 [2fdb3e93-e0d8-400e-8c33-91e2341b50c6@group-F01152B53F91-LeaderElection69] INFO  impl.RoleInfo (RoleInfo.java:shutdownLeaderElection(134)) - 2fdb3e93-e0d8-400e-8c33-91e2341b50c6: shutdown LeaderElection
2019-10-22 00:12:59,077 [2fdb3e93-e0d8-400e-8c33-91e2341b50c6@group-F01152B53F91-LeaderElection69] INFO  impl.RoleInfo (RoleInfo.java:updateAndGet(143)) - 2fdb3e93-e0d8-400e-8c33-91e2341b50c6: start FollowerState
2019-10-22 00:12:59,272 [Thread-834] INFO  impl.FollowerState (FollowerState.java:run(108)) - 2fdb3e93-e0d8-400e-8c33-91e2341b50c6@group-F01152B53F91-FollowerState: change to CANDIDATE, lastRpcTime:195ms, electionTimeout:195ms
2019-10-22 00:12:59,272 [Thread-834] INFO  impl.RoleInfo (RoleInfo.java:shutdownFollowerState(121)) - 2fdb3e93-e0d8-400e-8c33-91e2341b50c6: shutdown FollowerState
2019-10-22 00:12:59,273 [Thread-834] INFO  impl.RaftServerImpl (RaftServerImpl.java:setRole(184)) - 2fdb3e93-e0d8-400e-8c33-91e2341b50c6@group-F01152B53F91: changes role from  FOLLOWER to CANDIDATE at term 59 for changeToCandidate
2019-10-22 00:12:59,273 [Thread-834] INFO  impl.RoleInfo (RoleInfo.java:updateAndGet(143)) - 2fdb3e93-e0d8-400e-8c33-91e2341b50c6: start LeaderElection
2019-10-22 00:12:59,295 [2fdb3e93-e0d8-400e-8c33-91e2341b50c6@group-F01152B53F91-LeaderElection70] INFO  impl.LeaderElection (LeaderElection.java:askForVotes(178)) - 2fdb3e93-e0d8-400e-8c33-91e2341b50c6@group-F01152B53F91-LeaderElection70: begin an election at term 60 for -1: [2fdb3e93-e0d8-400e-8c33-91e2341b50c6:192.168.157.254:43254, 062c71de-08d9-40ee-9309-15590e2e8e68:192.168.157.254:45598, 2a52019e-5647-44e1-bf30-9a43fd8a7377:192.168.157.254:36038], old=null
2019-10-22 00:12:59,297 [grpc-default-executor-3] INFO  impl.RaftServerImpl (RaftServerImpl.java:setRole(184)) - 2a52019e-5647-44e1-bf30-9a43fd8a7377@group-F01152B53F91: changes role from  FOLLOWER to FOLLOWER at term 60 for recognizeCandidate:2fdb3e93-e0d8-400e-8c33-91e2341b50c6
2019-10-22 00:12:59,297 [grpc-default-executor-6] INFO  impl.RaftServerImpl (RaftServerImpl.java:setRole(184)) - 062c71de-08d9-40ee-9309-15590e2e8e68@group-F01152B53F91: changes role from  FOLLOWER to FOLLOWER at term 60 for recognizeCandidate:2fdb3e93-e0d8-400e-8c33-91e2341b50c6
2019-10-22 00:12:59,297 [grpc-default-executor-3] INFO  impl.RoleInfo (RoleInfo.java:shutdownFollowerState(121)) - 2a52019e-5647-44e1-bf30-9a43fd8a7377: shutdown FollowerState
2019-10-22 00:12:59,297 [grpc-default-executor-6] INFO  impl.RoleInfo (RoleInfo.java:shutdownFollowerState(121)) - 062c71de-08d9-40ee-9309-15590e2e8e68: shutdown FollowerState
2019-10-22 00:12:59,298 [Thread-833] INFO  impl.FollowerState (FollowerState.java:run(117)) - 2a52019e-5647-44e1-bf30-9a43fd8a7377@group-F01152B53F91-FollowerState was interrupted: java.lang.InterruptedException: sleep interrupted
2019-10-22 00:12:59,298 [grpc-default-executor-3] INFO  impl.RoleInfo (RoleInfo.java:updateAndGet(143)) - 2a52019e-5647-44e1-bf30-9a43fd8a7377: start FollowerState
2019-10-22 00:12:59,298 [Thread-832] INFO  impl.FollowerState (FollowerState.java:run(117)) - 062c71de-08d9-40ee-9309-15590e2e8e68@group-F01152B53F91-FollowerState was interrupted: java.lang.InterruptedException: sleep interrupted
2019-10-22 00:12:59,298 [grpc-default-executor-6] INFO  impl.RoleInfo (RoleInfo.java:updateAndGet(143)) - 062c71de-08d9-40ee-9309-15590e2e8e68: start FollowerState
2019-10-22 00:12:59,309 [2fdb3e93-e0d8-400e-8c33-91e2341b50c6@group-F01152B53F91-LeaderElection70] INFO  impl.LeaderElection (LeaderElection.java:logAndReturn(56)) - 2fdb3e93-e0d8-400e-8c33-91e2341b50c6@group-F01152B53F91-LeaderElection70: Election REJECTED; received 2 response(s) [2fdb3e93-e0d8-400e-8c33-91e2341b50c6<-062c71de-08d9-40ee-9309-15590e2e8e68#0:FAIL-t60, 2fdb3e93-e0d8-400e-8c33-91e2341b50c6<-2a52019e-5647-44e1-bf30-9a43fd8a7377#0:FAIL-t60] and 0 exception(s); 2fdb3e93-e0d8-400e-8c33-91e2341b50c6@group-F01152B53F91:t60, leader=null, voted=2fdb3e93-e0d8-400e-8c33-91e2341b50c6, raftlog=2fdb3e93-e0d8-400e-8c33-91e2341b50c6@group-F01152B53F91-SegmentedRaftLog:OPENED:c-1,f-1,i0, conf=-1: [2fdb3e93-e0d8-400e-8c33-91e2341b50c6:192.168.157.254:43254, 062c71de-08d9-40ee-9309-15590e2e8e68:192.168.157.254:45598, 2a52019e-5647-44e1-bf30-9a43fd8a7377:192.168.157.254:36038], old=null
2019-10-22 00:12:59,309 [2fdb3e93-e0d8-400e-8c33-91e2341b50c6@group-F01152B53F91-LeaderElection70] INFO  impl.RaftServerImpl (RaftServerImpl.java:setRole(184)) - 2fdb3e93-e0d8-400e-8c33-91e2341b50c6@group-F01152B53F91: changes role from CANDIDATE to FOLLOWER at term 60 for DISCOVERED_A_NEW_TERM
2019-10-22 00:12:59,309 [2fdb3e93-e0d8-400e-8c33-91e2341b50c6@group-F01152B53F91-LeaderElection70] INFO  impl.RoleInfo (RoleInfo.java:shutdownLeaderElection(134)) - 2fdb3e93-e0d8-400e-8c33-91e2341b50c6: shutdown LeaderElection
2019-10-22 00:12:59,309 [2fdb3e93-e0d8-400e-8c33-91e2341b50c6@group-F01152B53F91-LeaderElection70] INFO  impl.RoleInfo (RoleInfo.java:updateAndGet(143)) - 2fdb3e93-e0d8-400e-8c33-91e2341b50c6: start FollowerState
2019-10-22 00:12:59,385 [Thread-842] INFO  impl.FollowerState (FollowerState.java:run(108)) - 2fdb3e93-e0d8-400e-8c33-91e2341b50c6@group-F01152B53F91-FollowerState: change to CANDIDATE, lastRpcTime:75ms, electionTimeout:75ms
2019-10-22 00:12:59,385 [Thread-842] INFO  impl.RoleInfo (RoleInfo.java:shutdownFollowerState(121)) - 2fdb3e93-e0d8-400e-8c33-91e2341b50c6: shutdown FollowerState
2019-10-22 00:12:59,385 [Thread-842] INFO  impl.RaftServerImpl (RaftServerImpl.java:setRole(184)) - 2fdb3e93-e0d8-400e-8c33-91e2341b50c6@group-F01152B53F91: changes role from  FOLLOWER to CANDIDATE at term 60 for changeToCandidate
2019-10-22 00:12:59,385 [Thread-842] INFO  impl.RoleInfo (RoleInfo.java:updateAndGet(143)) - 2fdb3e93-e0d8-400e-8c33-91e2341b50c6: start LeaderElection
2019-10-22 00:12:59,418 [2fdb3e93-e0d8-400e-8c33-91e2341b50c6@group-F01152B53F91-LeaderElection71] INFO  impl.LeaderElection (LeaderElection.java:askForVotes(178)) - 2fdb3e93-e0d8-400e-8c33-91e2341b50c6@group-F01152B53F91-LeaderElection71: begin an election at term 61 for -1: [2fdb3e93-e0d8-400e-8c33-91e2341b50c6:192.168.157.254:43254, 062c71de-08d9-40ee-9309-15590e2e8e68:192.168.157.254:45598, 2a52019e-5647-44e1-bf30-9a43fd8a7377:192.168.157.254:36038], old=null
2019-10-22 00:12:59,420 [grpc-default-executor-3] INFO  impl.RaftServerImpl (RaftServerImpl.java:setRole(184)) - 062c71de-08d9-40ee-9309-15590e2e8e68@group-F01152B53F91: changes role from  FOLLOWER to FOLLOWER at term 61 for recognizeCandidate:2fdb3e93-e0d8-400e-8c33-91e2341b50c6
2019-10-22 00:12:59,420 [grpc-default-executor-3] INFO  impl.RoleInfo (RoleInfo.java:shutdownFollowerState(121)) - 062c71de-08d9-40ee-9309-15590e2e8e68: shutdown FollowerState
2019-10-22 00:12:59,420 [grpc-default-executor-3] INFO  impl.RoleInfo (RoleInfo.java:updateAndGet(143)) - 062c71de-08d9-40ee-9309-15590e2e8e68: start FollowerState
2019-10-22 00:12:59,420 [Thread-841] INFO  impl.FollowerState (FollowerState.java:run(117)) - 062c71de-08d9-40ee-9309-15590e2e8e68@group-F01152B53F91-FollowerState was interrupted: java.lang.InterruptedException: sleep interrupted
2019-10-22 00:12:59,420 [grpc-default-executor-6] INFO  impl.RaftServerImpl (RaftServerImpl.java:setRole(184)) - 2a52019e-5647-44e1-bf30-9a43fd8a7377@group-F01152B53F91: changes role from  FOLLOWER to FOLLOWER at term 61 for recognizeCandidate:2fdb3e93-e0d8-400e-8c33-91e2341b50c6
2019-10-22 00:12:59,420 [grpc-default-executor-6] INFO  impl.RoleInfo (RoleInfo.java:shutdownFollowerState(121)) - 2a52019e-5647-44e1-bf30-9a43fd8a7377: shutdown FollowerState
2019-10-22 00:12:59,421 [grpc-default-executor-6] INFO  impl.RoleInfo (RoleInfo.java:updateAndGet(143)) - 2a52019e-5647-44e1-bf30-9a43fd8a7377: start FollowerState
2019-10-22 00:12:59,421 [Thread-840] INFO  impl.FollowerState (FollowerState.java:run(117)) - 2a52019e-5647-44e1-bf30-9a43fd8a7377@group-F01152B53F91-FollowerState was interrupted: java.lang.InterruptedException: sleep interrupted
2019-10-22 00:12:59,434 [2fdb3e93-e0d8-400e-8c33-91e2341b50c6@group-F01152B53F91-LeaderElection71] INFO  impl.LeaderElection (LeaderElection.java:logAndReturn(56)) - 2fdb3e93-e0d8-400e-8c33-91e2341b50c6@group-F01152B53F91-LeaderElection71: Election REJECTED; received 2 response(s) [2fdb3e93-e0d8-400e-8c33-91e2341b50c6<-062c71de-08d9-40ee-9309-15590e2e8e68#0:FAIL-t61, 2fdb3e93-e0d8-400e-8c33-91e2341b50c6<-2a52019e-5647-44e1-bf30-9a43fd8a7377#0:FAIL-t61] and 0 exception(s); 2fdb3e93-e0d8-400e-8c33-91e2341b50c6@group-F01152B53F91:t61, leader=null, voted=2fdb3e93-e0d8-400e-8c33-91e2341b50c6, raftlog=2fdb3e93-e0d8-400e-8c33-91e2341b50c6@group-F01152B53F91-SegmentedRaftLog:OPENED:c-1,f-1,i0, conf=-1: [2fdb3e93-e0d8-400e-8c33-91e2341b50c6:192.168.157.254:43254, 062c71de-08d9-40ee-9309-15590e2e8e68:192.168.157.254:45598, 2a52019e-5647-44e1-bf30-9a43fd8a7377:192.168.157.254:36038], old=null
2019-10-22 00:12:59,435 [2fdb3e93-e0d8-400e-8c33-91e2341b50c6@group-F01152B53F91-LeaderElection71] INFO  impl.RaftServerImpl (RaftServerImpl.java:setRole(184)) - 2fdb3e93-e0d8-400e-8c33-91e2341b50c6@group-F01152B53F91: changes role from CANDIDATE to FOLLOWER at term 61 for DISCOVERED_A_NEW_TERM
2019-10-22 00:12:59,435 [2fdb3e93-e0d8-400e-8c33-91e2341b50c6@group-F01152B53F91-LeaderElection71] INFO  impl.RoleInfo (RoleInfo.java:shutdownLeaderElection(134)) - 2fdb3e93-e0d8-400e-8c33-91e2341b50c6: shutdown LeaderElection
2019-10-22 00:12:59,435 [2fdb3e93-e0d8-400e-8c33-91e2341b50c6@group-F01152B53F91-LeaderElection71] INFO  impl.RoleInfo (RoleInfo.java:updateAndGet(143)) - 2fdb3e93-e0d8-400e-8c33-91e2341b50c6: start FollowerState
2019-10-22 00:12:59,498 [Thread-850] INFO  impl.FollowerState (FollowerState.java:run(108)) - 2fdb3e93-e0d8-400e-8c33-91e2341b50c6@group-F01152B53F91-FollowerState: change to CANDIDATE, lastRpcTime:63ms, electionTimeout:63ms
2019-10-22 00:12:59,499 [Thread-850] INFO  impl.RoleInfo (RoleInfo.java:shutdownFollowerState(121)) - 2fdb3e93-e0d8-400e-8c33-91e2341b50c6: shutdown FollowerState
2019-10-22 00:12:59,499 [Thread-850] INFO  impl.RaftServerImpl (RaftServerImpl.java:setRole(184)) - 2fdb3e93-e0d8-400e-8c33-91e2341b50c6@group-F01152B53F91: changes role from  FOLLOWER to CANDIDATE at term 61 for changeToCandidate
2019-10-22 00:12:59,499 [Thread-850] INFO  impl.RoleInfo (RoleInfo.java:updateAndGet(143)) - 2fdb3e93-e0d8-400e-8c33-91e2341b50c6: start LeaderElection
2019-10-22 00:12:59,513 [2fdb3e93-e0d8-400e-8c33-91e2341b50c6@group-F01152B53F91-LeaderElection72] INFO  impl.LeaderElection (LeaderElection.java:askForVotes(178)) - 2fdb3e93-e0d8-400e-8c33-91e2341b50c6@group-F01152B53F91-LeaderElection72: begin an election at term 62 for -1: [2fdb3e93-e0d8-400e-8c33-91e2341b50c6:192.168.157.254:43254, 062c71de-08d9-40ee-9309-15590e2e8e68:192.168.157.254:45598, 2a52019e-5647-44e1-bf30-9a43fd8a7377:192.168.157.254:36038], old=null
2019-10-22 00:12:59,515 [grpc-default-executor-6] INFO  impl.RaftServerImpl (RaftServerImpl.java:setRole(184)) - 2a52019e-5647-44e1-bf30-9a43fd8a7377@group-F01152B53F91: changes role from  FOLLOWER to FOLLOWER at term 62 for recognizeCandidate:2fdb3e93-e0d8-400e-8c33-91e2341b50c6
2019-10-22 00:12:59,515 [grpc-default-executor-3] INFO  impl.RaftServerImpl (RaftServerImpl.java:setRole(184)) - 062c71de-08d9-40ee-9309-15590e2e8e68@group-F01152B53F91: changes role from  FOLLOWER to FOLLOWER at term 62 for recognizeCandidate:2fdb3e93-e0d8-400e-8c33-91e2341b50c6
2019-10-22 00:12:59,515 [grpc-default-executor-6] INFO  impl.RoleInfo (RoleInfo.java:shutdownFollowerState(121)) - 2a52019e-5647-44e1-bf30-9a43fd8a7377: shutdown FollowerState
2019-10-22 00:12:59,515 [grpc-default-executor-3] INFO  impl.RoleInfo (RoleInfo.java:shutdownFollowerState(121)) - 062c71de-08d9-40ee-9309-15590e2e8e68: shutdown FollowerState
2019-10-22 00:12:59,516 [Thread-848] INFO  impl.FollowerState (FollowerState.java:run(117)) - 2a52019e-5647-44e1-bf30-9a43fd8a7377@group-F01152B53F91-FollowerState was interrupted: java.lang.InterruptedException: sleep interrupted
2019-10-22 00:12:59,516 [Thread-847] INFO  impl.FollowerState (FollowerState.java:run(117)) - 062c71de-08d9-40ee-9309-15590e2e8e68@group-F01152B53F91-FollowerState was interrupted: java.lang.InterruptedException: sleep interrupted
2019-10-22 00:12:59,516 [grpc-default-executor-6] INFO  impl.RoleInfo (RoleInfo.java:updateAndGet(143)) - 2a52019e-5647-44e1-bf30-9a43fd8a7377: start FollowerState
2019-10-22 00:12:59,516 [grpc-default-executor-3] INFO  impl.RoleInfo (RoleInfo.java:updateAndGet(143)) - 062c71de-08d9-40ee-9309-15590e2e8e68: start FollowerState
2019-10-22 00:12:59,530 [2fdb3e93-e0d8-400e-8c33-91e2341b50c6@group-F01152B53F91-LeaderElection72] INFO  impl.LeaderElection (LeaderElection.java:logAndReturn(56)) - 2fdb3e93-e0d8-400e-8c33-91e2341b50c6@group-F01152B53F91-LeaderElection72: Election REJECTED; received 2 response(s) [2fdb3e93-e0d8-400e-8c33-91e2341b50c6<-062c71de-08d9-40ee-9309-15590e2e8e68#0:FAIL-t62, 2fdb3e93-e0d8-400e-8c33-91e2341b50c6<-2a52019e-5647-44e1-bf30-9a43fd8a7377#0:FAIL-t62] and 0 exception(s); 2fdb3e93-e0d8-400e-8c33-91e2341b50c6@group-F01152B53F91:t62, leader=null, voted=2fdb3e93-e0d8-400e-8c33-91e2341b50c6, raftlog=2fdb3e93-e0d8-400e-8c33-91e2341b50c6@group-F01152B53F91-SegmentedRaftLog:OPENED:c-1,f-1,i0, conf=-1: [2fdb3e93-e0d8-400e-8c33-91e2341b50c6:192.168.157.254:43254, 062c71de-08d9-40ee-9309-15590e2e8e68:192.168.157.254:45598, 2a52019e-5647-44e1-bf30-9a43fd8a7377:192.168.157.254:36038], old=null
2019-10-22 00:12:59,530 [2fdb3e93-e0d8-400e-8c33-91e2341b50c6@group-F01152B53F91-LeaderElection72] INFO  impl.RaftServerImpl (RaftServerImpl.java:setRole(184)) - 2fdb3e93-e0d8-400e-8c33-91e2341b50c6@group-F01152B53F91: changes role from CANDIDATE to FOLLOWER at term 62 for DISCOVERED_A_NEW_TERM
2019-10-22 00:12:59,530 [2fdb3e93-e0d8-400e-8c33-91e2341b50c6@group-F01152B53F91-LeaderElection72] INFO  impl.RoleInfo (RoleInfo.java:shutdownLeaderElection(134)) - 2fdb3e93-e0d8-400e-8c33-91e2341b50c6: shutdown LeaderElection
2019-10-22 00:12:59,530 [2fdb3e93-e0d8-400e-8c33-91e2341b50c6@group-F01152B53F91-LeaderElection72] INFO  impl.RoleInfo (RoleInfo.java:updateAndGet(143)) - 2fdb3e93-e0d8-400e-8c33-91e2341b50c6: start FollowerState
2019-10-22 00:12:59,661 [Thread-856] INFO  impl.FollowerState (FollowerState.java:run(108)) - 2fdb3e93-e0d8-400e-8c33-91e2341b50c6@group-F01152B53F91-FollowerState: change to CANDIDATE, lastRpcTime:131ms, electionTimeout:131ms
2019-10-22 00:12:59,662 [Thread-856] INFO  impl.RoleInfo (RoleInfo.java:shutdownFollowerState(121)) - 2fdb3e93-e0d8-400e-8c33-91e2341b50c6: shutdown FollowerState
2019-10-22 00:12:59,662 [Thread-856] INFO  impl.RaftServerImpl (RaftServerImpl.java:setRole(184)) - 2fdb3e93-e0d8-400e-8c33-91e2341b50c6@group-F01152B53F91: changes role from  FOLLOWER to CANDIDATE at term 62 for changeToCandidate
2019-10-22 00:12:59,662 [Thread-856] INFO  impl.RoleInfo (RoleInfo.java:updateAndGet(143)) - 2fdb3e93-e0d8-400e-8c33-91e2341b50c6: start LeaderElection
2019-10-22 00:12:59,679 [2fdb3e93-e0d8-400e-8c33-91e2341b50c6@group-F01152B53F91-LeaderElection73] INFO  impl.LeaderElection (LeaderElection.java:askForVotes(178)) - 2fdb3e93-e0d8-400e-8c33-91e2341b50c6@group-F01152B53F91-LeaderElection73: begin an election at term 63 for -1: [2fdb3e93-e0d8-400e-8c33-91e2341b50c6:192.168.157.254:43254, 062c71de-08d9-40ee-9309-15590e2e8e68:192.168.157.254:45598, 2a52019e-5647-44e1-bf30-9a43fd8a7377:192.168.157.254:36038], old=null
2019-10-22 00:12:59,685 [grpc-default-executor-6] INFO  impl.RaftServerImpl (RaftServerImpl.java:setRole(184)) - 2a52019e-5647-44e1-bf30-9a43fd8a7377@group-F01152B53F91: changes role from  FOLLOWER to FOLLOWER at term 63 for recognizeCandidate:2fdb3e93-e0d8-400e-8c33-91e2341b50c6
2019-10-22 00:12:59,685 [grpc-default-executor-6] INFO  impl.RoleInfo (RoleInfo.java:shutdownFollowerState(121)) - 2a52019e-5647-44e1-bf30-9a43fd8a7377: shutdown FollowerState
2019-10-22 00:12:59,685 [grpc-default-executor-3] INFO  impl.RaftServerImpl (RaftServerImpl.java:setRole(184)) - 062c71de-08d9-40ee-9309-15590e2e8e68@group-F01152B53F91: changes role from  FOLLOWER to FOLLOWER at term 63 for recognizeCandidate:2fdb3e93-e0d8-400e-8c33-91e2341b50c6
2019-10-22 00:12:59,685 [Thread-854] INFO  impl.FollowerState (FollowerState.java:run(117)) - 2a52019e-5647-44e1-bf30-9a43fd8a7377@group-F01152B53F91-FollowerState was interrupted: java.lang.InterruptedException: sleep interrupted
2019-10-22 00:12:59,685 [grpc-default-executor-6] INFO  impl.RoleInfo (RoleInfo.java:updateAndGet(143)) - 2a52019e-5647-44e1-bf30-9a43fd8a7377: start FollowerState
2019-10-22 00:12:59,685 [grpc-default-executor-3] INFO  impl.RoleInfo (RoleInfo.java:shutdownFollowerState(121)) - 062c71de-08d9-40ee-9309-15590e2e8e68: shutdown FollowerState
2019-10-22 00:12:59,686 [grpc-default-executor-3] INFO  impl.RoleInfo (RoleInfo.java:updateAndGet(143)) - 062c71de-08d9-40ee-9309-15590e2e8e68: start FollowerState
2019-10-22 00:12:59,686 [Thread-855] INFO  impl.FollowerState (FollowerState.java:run(117)) - 062c71de-08d9-40ee-9309-15590e2e8e68@group-F01152B53F91-FollowerState was interrupted: java.lang.InterruptedException: sleep interrupted
2019-10-22 00:12:59,700 [2fdb3e93-e0d8-400e-8c33-91e2341b50c6@group-F01152B53F91-LeaderElection73] INFO  impl.LeaderElection (LeaderElection.java:logAndReturn(56)) - 2fdb3e93-e0d8-400e-8c33-91e2341b50c6@group-F01152B53F91-LeaderElection73: Election REJECTED; received 2 response(s) [2fdb3e93-e0d8-400e-8c33-91e2341b50c6<-062c71de-08d9-40ee-9309-15590e2e8e68#0:FAIL-t63, 2fdb3e93-e0d8-400e-8c33-91e2341b50c6<-2a52019e-5647-44e1-bf30-9a43fd8a7377#0:FAIL-t63] and 0 exception(s); 2fdb3e93-e0d8-400e-8c33-91e2341b50c6@group-F01152B53F91:t63, leader=null, voted=2fdb3e93-e0d8-400e-8c33-91e2341b50c6, raftlog=2fdb3e93-e0d8-400e-8c33-91e2341b50c6@group-F01152B53F91-SegmentedRaftLog:OPENED:c-1,f-1,i0, conf=-1: [2fdb3e93-e0d8-400e-8c33-91e2341b50c6:192.168.157.254:43254, 062c71de-08d9-40ee-9309-15590e2e8e68:192.168.157.254:45598, 2a52019e-5647-44e1-bf30-9a43fd8a7377:192.168.157.254:36038], old=null
2019-10-22 00:12:59,700 [2fdb3e93-e0d8-400e-8c33-91e2341b50c6@group-F01152B53F91-LeaderElection73] INFO  impl.RaftServerImpl (RaftServerImpl.java:setRole(184)) - 2fdb3e93-e0d8-400e-8c33-91e2341b50c6@group-F01152B53F91: changes role from CANDIDATE to FOLLOWER at term 63 for DISCOVERED_A_NEW_TERM
2019-10-22 00:12:59,700 [2fdb3e93-e0d8-400e-8c33-91e2341b50c6@group-F01152B53F91-LeaderElection73] INFO  impl.RoleInfo (RoleInfo.java:shutdownLeaderElection(134)) - 2fdb3e93-e0d8-400e-8c33-91e2341b50c6: shutdown LeaderElection
2019-10-22 00:12:59,700 [2fdb3e93-e0d8-400e-8c33-91e2341b50c6@group-F01152B53F91-LeaderElection73] INFO  impl.RoleInfo (RoleInfo.java:updateAndGet(143)) - 2fdb3e93-e0d8-400e-8c33-91e2341b50c6: start FollowerState
2019-10-22 00:12:59,810 [Thread-864] INFO  impl.FollowerState (FollowerState.java:run(108)) - 2fdb3e93-e0d8-400e-8c33-91e2341b50c6@group-F01152B53F91-FollowerState: change to CANDIDATE, lastRpcTime:110ms, electionTimeout:110ms
2019-10-22 00:12:59,811 [Thread-864] INFO  impl.RoleInfo (RoleInfo.java:shutdownFollowerState(121)) - 2fdb3e93-e0d8-400e-8c33-91e2341b50c6: shutdown FollowerState
2019-10-22 00:12:59,811 [Thread-864] INFO  impl.RaftServerImpl (RaftServerImpl.java:setRole(184)) - 2fdb3e93-e0d8-400e-8c33-91e2341b50c6@group-F01152B53F91: changes role from  FOLLOWER to CANDIDATE at term 63 for changeToCandidate
2019-10-22 00:12:59,811 [Thread-864] INFO  impl.RoleInfo (RoleInfo.java:updateAndGet(143)) - 2fdb3e93-e0d8-400e-8c33-91e2341b50c6: start LeaderElection
2019-10-22 00:12:59,821 [2fdb3e93-e0d8-400e-8c33-91e2341b50c6@group-F01152B53F91-LeaderElection74] INFO  impl.LeaderElection (LeaderElection.java:askForVotes(178)) - 2fdb3e93-e0d8-400e-8c33-91e2341b50c6@group-F01152B53F91-LeaderElection74: begin an election at term 64 for -1: [2fdb3e93-e0d8-400e-8c33-91e2341b50c6:192.168.157.254:43254, 062c71de-08d9-40ee-9309-15590e2e8e68:192.168.157.254:45598, 2a52019e-5647-44e1-bf30-9a43fd8a7377:192.168.157.254:36038], old=null
2019-10-22 00:12:59,823 [grpc-default-executor-3] INFO  impl.RaftServerImpl (RaftServerImpl.java:setRole(184)) - 062c71de-08d9-40ee-9309-15590e2e8e68@group-F01152B53F91: changes role from  FOLLOWER to FOLLOWER at term 64 for recognizeCandidate:2fdb3e93-e0d8-400e-8c33-91e2341b50c6
2019-10-22 00:12:59,823 [grpc-default-executor-3] INFO  impl.RoleInfo (RoleInfo.java:shutdownFollowerState(121)) - 062c71de-08d9-40ee-9309-15590e2e8e68: shutdown FollowerState
2019-10-22 00:12:59,824 [grpc-default-executor-3] INFO  impl.RoleInfo (RoleInfo.java:updateAndGet(143)) - 062c71de-08d9-40ee-9309-15590e2e8e68: start FollowerState
2019-10-22 00:12:59,824 [Thread-863] INFO  impl.FollowerState (FollowerState.java:run(117)) - 062c71de-08d9-40ee-9309-15590e2e8e68@group-F01152B53F91-FollowerState was interrupted: java.lang.InterruptedException: sleep interrupted
2019-10-22 00:12:59,824 [grpc-default-executor-6] INFO  impl.RaftServerImpl (RaftServerImpl.java:setRole(184)) - 2a52019e-5647-44e1-bf30-9a43fd8a7377@group-F01152B53F91: changes role from  FOLLOWER to FOLLOWER at term 64 for recognizeCandidate:2fdb3e93-e0d8-400e-8c33-91e2341b50c6
2019-10-22 00:12:59,824 [grpc-default-executor-6] INFO  impl.RoleInfo (RoleInfo.java:shutdownFollowerState(121)) - 2a52019e-5647-44e1-bf30-9a43fd8a7377: shutdown FollowerState
2019-10-22 00:12:59,824 [grpc-default-executor-6] INFO  impl.RoleInfo (RoleInfo.java:updateAndGet(143)) - 2a52019e-5647-44e1-bf30-9a43fd8a7377: start FollowerState
2019-10-22 00:12:59,824 [Thread-862] INFO  impl.FollowerState (FollowerState.java:run(117)) - 2a52019e-5647-44e1-bf30-9a43fd8a7377@group-F01152B53F91-FollowerState was interrupted: java.lang.InterruptedException: sleep interrupted
2019-10-22 00:12:59,835 [2fdb3e93-e0d8-400e-8c33-91e2341b50c6@group-F01152B53F91-LeaderElection74] INFO  impl.LeaderElection (LeaderElection.java:logAndReturn(56)) - 2fdb3e93-e0d8-400e-8c33-91e2341b50c6@group-F01152B53F91-LeaderElection74: Election REJECTED; received 2 response(s) [2fdb3e93-e0d8-400e-8c33-91e2341b50c6<-062c71de-08d9-40ee-9309-15590e2e8e68#0:FAIL-t64, 2fdb3e93-e0d8-400e-8c33-91e2341b50c6<-2a52019e-5647-44e1-bf30-9a43fd8a7377#0:FAIL-t64] and 0 exception(s); 2fdb3e93-e0d8-400e-8c33-91e2341b50c6@group-F01152B53F91:t64, leader=null, voted=2fdb3e93-e0d8-400e-8c33-91e2341b50c6, raftlog=2fdb3e93-e0d8-400e-8c33-91e2341b50c6@group-F01152B53F91-SegmentedRaftLog:OPENED:c-1,f-1,i0, conf=-1: [2fdb3e93-e0d8-400e-8c33-91e2341b50c6:192.168.157.254:43254, 062c71de-08d9-40ee-9309-15590e2e8e68:192.168.157.254:45598, 2a52019e-5647-44e1-bf30-9a43fd8a7377:192.168.157.254:36038], old=null
2019-10-22 00:12:59,836 [2fdb3e93-e0d8-400e-8c33-91e2341b50c6@group-F01152B53F91-LeaderElection74] INFO  impl.RaftServerImpl (RaftServerImpl.java:setRole(184)) - 2fdb3e93-e0d8-400e-8c33-91e2341b50c6@group-F01152B53F91: changes role from CANDIDATE to FOLLOWER at term 64 for DISCOVERED_A_NEW_TERM
2019-10-22 00:12:59,836 [2fdb3e93-e0d8-400e-8c33-91e2341b50c6@group-F01152B53F91-LeaderElection74] INFO  impl.RoleInfo (RoleInfo.java:shutdownLeaderElection(134)) - 2fdb3e93-e0d8-400e-8c33-91e2341b50c6: shutdown LeaderElection
2019-10-22 00:12:59,836 [2fdb3e93-e0d8-400e-8c33-91e2341b50c6@group-F01152B53F91-LeaderElection74] INFO  impl.RoleInfo (RoleInfo.java:updateAndGet(143)) - 2fdb3e93-e0d8-400e-8c33-91e2341b50c6: start FollowerState
2019-10-22 00:12:59,863 [Thread-872] INFO  impl.FollowerState (FollowerState.java:run(108)) - 2fdb3e93-e0d8-400e-8c33-91e2341b50c6@group-F01152B53F91-FollowerState: change to CANDIDATE, lastRpcTime:27ms, electionTimeout:27ms
2019-10-22 00:12:59,863 [Thread-872] INFO  impl.RoleInfo (RoleInfo.java:shutdownFollowerState(121)) - 2fdb3e93-e0d8-400e-8c33-91e2341b50c6: shutdown FollowerState
2019-10-22 00:12:59,863 [Thread-872] INFO  impl.RaftServerImpl (RaftServerImpl.java:setRole(184)) - 2fdb3e93-e0d8-400e-8c33-91e2341b50c6@group-F01152B53F91: changes role from  FOLLOWER to CANDIDATE at term 64 for changeToCandidate
2019-10-22 00:12:59,863 [Thread-872] INFO  impl.RoleInfo (RoleInfo.java:updateAndGet(143)) - 2fdb3e93-e0d8-400e-8c33-91e2341b50c6: start LeaderElection
2019-10-22 00:12:59,921 [2fdb3e93-e0d8-400e-8c33-91e2341b50c6@group-F01152B53F91-LeaderElection75] INFO  impl.LeaderElection (LeaderElection.java:askForVotes(178)) - 2fdb3e93-e0d8-400e-8c33-91e2341b50c6@group-F01152B53F91-LeaderElection75: begin an election at term 65 for -1: [2fdb3e93-e0d8-400e-8c33-91e2341b50c6:192.168.157.254:43254, 062c71de-08d9-40ee-9309-15590e2e8e68:192.168.157.254:45598, 2a52019e-5647-44e1-bf30-9a43fd8a7377:192.168.157.254:36038], old=null
2019-10-22 00:12:59,925 [grpc-default-executor-6] INFO  impl.RaftServerImpl (RaftServerImpl.java:setRole(184)) - 062c71de-08d9-40ee-9309-15590e2e8e68@group-F01152B53F91: changes role from  FOLLOWER to FOLLOWER at term 65 for recognizeCandidate:2fdb3e93-e0d8-400e-8c33-91e2341b50c6
2019-10-22 00:12:59,925 [grpc-default-executor-4] INFO  impl.RaftServerImpl (RaftServerImpl.java:setRole(184)) - 2a52019e-5647-44e1-bf30-9a43fd8a7377@group-F01152B53F91: changes role from  FOLLOWER to FOLLOWER at term 65 for recognizeCandidate:2fdb3e93-e0d8-400e-8c33-91e2341b50c6
2019-10-22 00:12:59,925 [grpc-default-executor-6] INFO  impl.RoleInfo (RoleInfo.java:shutdownFollowerState(121)) - 062c71de-08d9-40ee-9309-15590e2e8e68: shutdown FollowerState
2019-10-22 00:12:59,925 [grpc-default-executor-4] INFO  impl.RoleInfo (RoleInfo.java:shutdownFollowerState(121)) - 2a52019e-5647-44e1-bf30-9a43fd8a7377: shutdown FollowerState
2019-10-22 00:12:59,925 [grpc-default-executor-6] INFO  impl.RoleInfo (RoleInfo.java:updateAndGet(143)) - 062c71de-08d9-40ee-9309-15590e2e8e68: start FollowerState
2019-10-22 00:12:59,925 [Thread-871] INFO  impl.FollowerState (FollowerState.java:run(117)) - 2a52019e-5647-44e1-bf30-9a43fd8a7377@group-F01152B53F91-FollowerState was interrupted: java.lang.InterruptedException: sleep interrupted
2019-10-22 00:12:59,925 [Thread-870] INFO  impl.FollowerState (FollowerState.java:run(117)) - 062c71de-08d9-40ee-9309-15590e2e8e68@group-F01152B53F91-FollowerState was interrupted: java.lang.InterruptedException: sleep interrupted
2019-10-22 00:12:59,925 [grpc-default-executor-4] INFO  impl.RoleInfo (RoleInfo.java:updateAndGet(143)) - 2a52019e-5647-44e1-bf30-9a43fd8a7377: start FollowerState
2019-10-22 00:12:59,967 [2fdb3e93-e0d8-400e-8c33-91e2341b50c6@group-F01152B53F91-LeaderElection75] INFO  impl.LeaderElection (LeaderElection.java:logAndReturn(56)) - 2fdb3e93-e0d8-400e-8c33-91e2341b50c6@group-F01152B53F91-LeaderElection75: Election REJECTED; received 2 response(s) [2fdb3e93-e0d8-400e-8c33-91e2341b50c6<-062c71de-08d9-40ee-9309-15590e2e8e68#0:FAIL-t65, 2fdb3e93-e0d8-400e-8c33-91e2341b50c6<-2a52019e-5647-44e1-bf30-9a43fd8a7377#0:FAIL-t65] and 0 exception(s); 2fdb3e93-e0d8-400e-8c33-91e2341b50c6@group-F01152B53F91:t65, leader=null, voted=2fdb3e93-e0d8-400e-8c33-91e2341b50c6, raftlog=2fdb3e93-e0d8-400e-8c33-91e2341b50c6@group-F01152B53F91-SegmentedRaftLog:OPENED:c-1,f-1,i0, conf=-1: [2fdb3e93-e0d8-400e-8c33-91e2341b50c6:192.168.157.254:43254, 062c71de-08d9-40ee-9309-15590e2e8e68:192.168.157.254:45598, 2a52019e-5647-44e1-bf30-9a43fd8a7377:192.168.157.254:36038], old=null
2019-10-22 00:12:59,967 [2fdb3e93-e0d8-400e-8c33-91e2341b50c6@group-F01152B53F91-LeaderElection75] INFO  impl.RaftServerImpl (RaftServerImpl.java:setRole(184)) - 2fdb3e93-e0d8-400e-8c33-91e2341b50c6@group-F01152B53F91: changes role from CANDIDATE to FOLLOWER at term 65 for DISCOVERED_A_NEW_TERM
2019-10-22 00:12:59,967 [2fdb3e93-e0d8-400e-8c33-91e2341b50c6@group-F01152B53F91-LeaderElection75] INFO  impl.RoleInfo (RoleInfo.java:shutdownLeaderElection(134)) - 2fdb3e93-e0d8-400e-8c33-91e2341b50c6: shutdown LeaderElection
2019-10-22 00:12:59,967 [2fdb3e93-e0d8-400e-8c33-91e2341b50c6@group-F01152B53F91-LeaderElection75] INFO  impl.RoleInfo (RoleInfo.java:updateAndGet(143)) - 2fdb3e93-e0d8-400e-8c33-91e2341b50c6: start FollowerState
2019-10-22 00:13:00,098 [Thread-880] INFO  impl.FollowerState (FollowerState.java:run(108)) - 2fdb3e93-e0d8-400e-8c33-91e2341b50c6@group-F01152B53F91-FollowerState: change to CANDIDATE, lastRpcTime:130ms, electionTimeout:130ms
2019-10-22 00:13:00,098 [Thread-880] INFO  impl.RoleInfo (RoleInfo.java:shutdownFollowerState(121)) - 2fdb3e93-e0d8-400e-8c33-91e2341b50c6: shutdown FollowerState
2019-10-22 00:13:00,098 [Thread-880] INFO  impl.RaftServerImpl (RaftServerImpl.java:setRole(184)) - 2fdb3e93-e0d8-400e-8c33-91e2341b50c6@group-F01152B53F91: changes role from  FOLLOWER to CANDIDATE at term 65 for changeToCandidate
2019-10-22 00:13:00,098 [Thread-880] INFO  impl.RoleInfo (RoleInfo.java:updateAndGet(143)) - 2fdb3e93-e0d8-400e-8c33-91e2341b50c6: start LeaderElection
2019-10-22 00:13:00,111 [2fdb3e93-e0d8-400e-8c33-91e2341b50c6@group-F01152B53F91-LeaderElection76] INFO  impl.LeaderElection (LeaderElection.java:askForVotes(178)) - 2fdb3e93-e0d8-400e-8c33-91e2341b50c6@group-F01152B53F91-LeaderElection76: begin an election at term 66 for -1: [2fdb3e93-e0d8-400e-8c33-91e2341b50c6:192.168.157.254:43254, 062c71de-08d9-40ee-9309-15590e2e8e68:192.168.157.254:45598, 2a52019e-5647-44e1-bf30-9a43fd8a7377:192.168.157.254:36038], old=null
2019-10-22 00:13:00,115 [grpc-default-executor-4] INFO  impl.RaftServerImpl (RaftServerImpl.java:setRole(184)) - 062c71de-08d9-40ee-9309-15590e2e8e68@group-F01152B53F91: changes role from  FOLLOWER to FOLLOWER at term 66 for recognizeCandidate:2fdb3e93-e0d8-400e-8c33-91e2341b50c6
2019-10-22 00:13:00,115 [grpc-default-executor-4] INFO  impl.RoleInfo (RoleInfo.java:shutdownFollowerState(121)) - 062c71de-08d9-40ee-9309-15590e2e8e68: shutdown FollowerState
2019-10-22 00:13:00,115 [grpc-default-executor-6] INFO  impl.RaftServerImpl (RaftServerImpl.java:setRole(184)) - 2a52019e-5647-44e1-bf30-9a43fd8a7377@group-F01152B53F91: changes role from  FOLLOWER to FOLLOWER at term 66 for recognizeCandidate:2fdb3e93-e0d8-400e-8c33-91e2341b50c6
2019-10-22 00:13:00,115 [grpc-default-executor-4] INFO  impl.RoleInfo (RoleInfo.java:updateAndGet(143)) - 062c71de-08d9-40ee-9309-15590e2e8e68: start FollowerState
2019-10-22 00:13:00,115 [Thread-878] INFO  impl.FollowerState (FollowerState.java:run(117)) - 062c71de-08d9-40ee-9309-15590e2e8e68@group-F01152B53F91-FollowerState was interrupted: java.lang.InterruptedException: sleep interrupted
2019-10-22 00:13:00,115 [grpc-default-executor-6] INFO  impl.RoleInfo (RoleInfo.java:shutdownFollowerState(121)) - 2a52019e-5647-44e1-bf30-9a43fd8a7377: shutdown FollowerState
2019-10-22 00:13:00,116 [grpc-default-executor-6] INFO  impl.RoleInfo (RoleInfo.java:updateAndGet(143)) - 2a52019e-5647-44e1-bf30-9a43fd8a7377: start FollowerState
2019-10-22 00:13:00,116 [Thread-879] INFO  impl.FollowerState (FollowerState.java:run(117)) - 2a52019e-5647-44e1-bf30-9a43fd8a7377@group-F01152B53F91-FollowerState was interrupted: java.lang.InterruptedException: sleep interrupted
2019-10-22 00:13:00,130 [2fdb3e93-e0d8-400e-8c33-91e2341b50c6@group-F01152B53F91-LeaderElection76] INFO  impl.LeaderElection (LeaderElection.java:logAndReturn(56)) - 2fdb3e93-e0d8-400e-8c33-91e2341b50c6@group-F01152B53F91-LeaderElection76: Election REJECTED; received 2 response(s) [2fdb3e93-e0d8-400e-8c33-91e2341b50c6<-062c71de-08d9-40ee-9309-15590e2e8e68#0:FAIL-t66, 2fdb3e93-e0d8-400e-8c33-91e2341b50c6<-2a52019e-5647-44e1-bf30-9a43fd8a7377#0:FAIL-t66] and 0 exception(s); 2fdb3e93-e0d8-400e-8c33-91e2341b50c6@group-F01152B53F91:t66, leader=null, voted=2fdb3e93-e0d8-400e-8c33-91e2341b50c6, raftlog=2fdb3e93-e0d8-400e-8c33-91e2341b50c6@group-F01152B53F91-SegmentedRaftLog:OPENED:c-1,f-1,i0, conf=-1: [2fdb3e93-e0d8-400e-8c33-91e2341b50c6:192.168.157.254:43254, 062c71de-08d9-40ee-9309-15590e2e8e68:192.168.157.254:45598, 2a52019e-5647-44e1-bf30-9a43fd8a7377:192.168.157.254:36038], old=null
2019-10-22 00:13:00,130 [2fdb3e93-e0d8-400e-8c33-91e2341b50c6@group-F01152B53F91-LeaderElection76] INFO  impl.RaftServerImpl (RaftServerImpl.java:setRole(184)) - 2fdb3e93-e0d8-400e-8c33-91e2341b50c6@group-F01152B53F91: changes role from CANDIDATE to FOLLOWER at term 66 for DISCOVERED_A_NEW_TERM
2019-10-22 00:13:00,130 [2fdb3e93-e0d8-400e-8c33-91e2341b50c6@group-F01152B53F91-LeaderElection76] INFO  impl.RoleInfo (RoleInfo.java:shutdownLeaderElection(134)) - 2fdb3e93-e0d8-400e-8c33-91e2341b50c6: shutdown LeaderElection
2019-10-22 00:13:00,130 [2fdb3e93-e0d8-400e-8c33-91e2341b50c6@group-F01152B53F91-LeaderElection76] INFO  impl.RoleInfo (RoleInfo.java:updateAndGet(143)) - 2fdb3e93-e0d8-400e-8c33-91e2341b50c6: start FollowerState
2019-10-22 00:13:00,300 [Thread-886] INFO  impl.FollowerState (FollowerState.java:run(108)) - 2fdb3e93-e0d8-400e-8c33-91e2341b50c6@group-F01152B53F91-FollowerState: change to CANDIDATE, lastRpcTime:170ms, electionTimeout:170ms
2019-10-22 00:13:00,301 [Thread-886] INFO  impl.RoleInfo (RoleInfo.java:shutdownFollowerState(121)) - 2fdb3e93-e0d8-400e-8c33-91e2341b50c6: shutdown FollowerState
2019-10-22 00:13:00,301 [Thread-886] INFO  impl.RaftServerImpl (RaftServerImpl.java:setRole(184)) - 2fdb3e93-e0d8-400e-8c33-91e2341b50c6@group-F01152B53F91: changes role from  FOLLOWER to CANDIDATE at term 66 for changeToCandidate
2019-10-22 00:13:00,301 [Thread-886] INFO  impl.RoleInfo (RoleInfo.java:updateAndGet(143)) - 2fdb3e93-e0d8-400e-8c33-91e2341b50c6: start LeaderElection
2019-10-22 00:13:00,311 [2fdb3e93-e0d8-400e-8c33-91e2341b50c6@group-F01152B53F91-LeaderElection77] INFO  impl.LeaderElection (LeaderElection.java:askForVotes(178)) - 2fdb3e93-e0d8-400e-8c33-91e2341b50c6@group-F01152B53F91-LeaderElection77: begin an election at term 67 for -1: [2fdb3e93-e0d8-400e-8c33-91e2341b50c6:192.168.157.254:43254, 062c71de-08d9-40ee-9309-15590e2e8e68:192.168.157.254:45598, 2a52019e-5647-44e1-bf30-9a43fd8a7377:192.168.157.254:36038], old=null
2019-10-22 00:13:00,314 [grpc-default-executor-4] INFO  impl.RaftServerImpl (RaftServerImpl.java:setRole(184)) - 062c71de-08d9-40ee-9309-15590e2e8e68@group-F01152B53F91: changes role from  FOLLOWER to FOLLOWER at term 67 for recognizeCandidate:2fdb3e93-e0d8-400e-8c33-91e2341b50c6
2019-10-22 00:13:00,314 [grpc-default-executor-4] INFO  impl.RoleInfo (RoleInfo.java:shutdownFollowerState(121)) - 062c71de-08d9-40ee-9309-15590e2e8e68: shutdown FollowerState
2019-10-22 00:13:00,314 [grpc-default-executor-4] INFO  impl.RoleInfo (RoleInfo.java:updateAndGet(143)) - 062c71de-08d9-40ee-9309-15590e2e8e68: start FollowerState
2019-10-22 00:13:00,314 [Thread-884] INFO  impl.FollowerState (FollowerState.java:run(117)) - 062c71de-08d9-40ee-9309-15590e2e8e68@group-F01152B53F91-FollowerState was interrupted: java.lang.InterruptedException: sleep interrupted
2019-10-22 00:13:00,315 [grpc-default-executor-6] INFO  impl.RaftServerImpl (RaftServerImpl.java:setRole(184)) - 2a52019e-5647-44e1-bf30-9a43fd8a7377@group-F01152B53F91: changes role from  FOLLOWER to FOLLOWER at term 67 for recognizeCandidate:2fdb3e93-e0d8-400e-8c33-91e2341b50c6
2019-10-22 00:13:00,315 [grpc-default-executor-6] INFO  impl.RoleInfo (RoleInfo.java:shutdownFollowerState(121)) - 2a52019e-5647-44e1-bf30-9a43fd8a7377: shutdown FollowerState
2019-10-22 00:13:00,315 [grpc-default-executor-6] INFO  impl.RoleInfo (RoleInfo.java:updateAndGet(143)) - 2a52019e-5647-44e1-bf30-9a43fd8a7377: start FollowerState
2019-10-22 00:13:00,315 [Thread-885] INFO  impl.FollowerState (FollowerState.java:run(117)) - 2a52019e-5647-44e1-bf30-9a43fd8a7377@group-F01152B53F91-FollowerState was interrupted: java.lang.InterruptedException: sleep interrupted
2019-10-22 00:13:00,329 [2fdb3e93-e0d8-400e-8c33-91e2341b50c6@group-F01152B53F91-LeaderElection77] INFO  impl.LeaderElection (LeaderElection.java:logAndReturn(56)) - 2fdb3e93-e0d8-400e-8c33-91e2341b50c6@group-F01152B53F91-LeaderElection77: Election REJECTED; received 2 response(s) [2fdb3e93-e0d8-400e-8c33-91e2341b50c6<-062c71de-08d9-40ee-9309-15590e2e8e68#0:FAIL-t67, 2fdb3e93-e0d8-400e-8c33-91e2341b50c6<-2a52019e-5647-44e1-bf30-9a43fd8a7377#0:FAIL-t67] and 0 exception(s); 2fdb3e93-e0d8-400e-8c33-91e2341b50c6@group-F01152B53F91:t67, leader=null, voted=2fdb3e93-e0d8-400e-8c33-91e2341b50c6, raftlog=2fdb3e93-e0d8-400e-8c33-91e2341b50c6@group-F01152B53F91-SegmentedRaftLog:OPENED:c-1,f-1,i0, conf=-1: [2fdb3e93-e0d8-400e-8c33-91e2341b50c6:192.168.157.254:43254, 062c71de-08d9-40ee-9309-15590e2e8e68:192.168.157.254:45598, 2a52019e-5647-44e1-bf30-9a43fd8a7377:192.168.157.254:36038], old=null
2019-10-22 00:13:00,329 [2fdb3e93-e0d8-400e-8c33-91e2341b50c6@group-F01152B53F91-LeaderElection77] INFO  impl.RaftServerImpl (RaftServerImpl.java:setRole(184)) - 2fdb3e93-e0d8-400e-8c33-91e2341b50c6@group-F01152B53F91: changes role from CANDIDATE to FOLLOWER at term 67 for DISCOVERED_A_NEW_TERM
2019-10-22 00:13:00,329 [2fdb3e93-e0d8-400e-8c33-91e2341b50c6@group-F01152B53F91-LeaderElection77] INFO  impl.RoleInfo (RoleInfo.java:shutdownLeaderElection(134)) - 2fdb3e93-e0d8-400e-8c33-91e2341b50c6: shutdown LeaderElection
2019-10-22 00:13:00,329 [2fdb3e93-e0d8-400e-8c33-91e2341b50c6@group-F01152B53F91-LeaderElection77] INFO  impl.RoleInfo (RoleInfo.java:updateAndGet(143)) - 2fdb3e93-e0d8-400e-8c33-91e2341b50c6: start FollowerState
2019-10-22 00:13:00,394 [Thread-894] INFO  impl.FollowerState (FollowerState.java:run(108)) - 2fdb3e93-e0d8-400e-8c33-91e2341b50c6@group-F01152B53F91-FollowerState: change to CANDIDATE, lastRpcTime:64ms, electionTimeout:64ms
2019-10-22 00:13:00,394 [Thread-894] INFO  impl.RoleInfo (RoleInfo.java:shutdownFollowerState(121)) - 2fdb3e93-e0d8-400e-8c33-91e2341b50c6: shutdown FollowerState
2019-10-22 00:13:00,394 [Thread-894] INFO  impl.RaftServerImpl (RaftServerImpl.java:setRole(184)) - 2fdb3e93-e0d8-400e-8c33-91e2341b50c6@group-F01152B53F91: changes role from  FOLLOWER to CANDIDATE at term 67 for changeToCandidate
2019-10-22 00:13:00,394 [Thread-894] INFO  impl.RoleInfo (RoleInfo.java:updateAndGet(143)) - 2fdb3e93-e0d8-400e-8c33-91e2341b50c6: start LeaderElection
2019-10-22 00:13:00,408 [2fdb3e93-e0d8-400e-8c33-91e2341b50c6@group-F01152B53F91-LeaderElection78] INFO  impl.LeaderElection (LeaderElection.java:askForVotes(178)) - 2fdb3e93-e0d8-400e-8c33-91e2341b50c6@group-F01152B53F91-LeaderElection78: begin an election at term 68 for -1: [2fdb3e93-e0d8-400e-8c33-91e2341b50c6:192.168.157.254:43254, 062c71de-08d9-40ee-9309-15590e2e8e68:192.168.157.254:45598, 2a52019e-5647-44e1-bf30-9a43fd8a7377:192.168.157.254:36038], old=null
2019-10-22 00:13:00,411 [grpc-default-executor-4] INFO  impl.RaftServerImpl (RaftServerImpl.java:setRole(184)) - 062c71de-08d9-40ee-9309-15590e2e8e68@group-F01152B53F91: changes role from  FOLLOWER to FOLLOWER at term 68 for recognizeCandidate:2fdb3e93-e0d8-400e-8c33-91e2341b50c6
2019-10-22 00:13:00,411 [grpc-default-executor-6] INFO  impl.RaftServerImpl (RaftServerImpl.java:setRole(184)) - 2a52019e-5647-44e1-bf30-9a43fd8a7377@group-F01152B53F91: changes role from  FOLLOWER to FOLLOWER at term 68 for recognizeCandidate:2fdb3e93-e0d8-400e-8c33-91e2341b50c6
2019-10-22 00:13:00,411 [grpc-default-executor-4] INFO  impl.RoleInfo (RoleInfo.java:shutdownFollowerState(121)) - 062c71de-08d9-40ee-9309-15590e2e8e68: shutdown FollowerState
2019-10-22 00:13:00,411 [grpc-default-executor-6] INFO  impl.RoleInfo (RoleInfo.java:shutdownFollowerState(121)) - 2a52019e-5647-44e1-bf30-9a43fd8a7377: shutdown FollowerState
2019-10-22 00:13:00,411 [grpc-default-executor-4] INFO  impl.RoleInfo (RoleInfo.java:updateAndGet(143)) - 062c71de-08d9-40ee-9309-15590e2e8e68: start FollowerState
2019-10-22 00:13:00,411 [Thread-892] INFO  impl.FollowerState (FollowerState.java:run(117)) - 062c71de-08d9-40ee-9309-15590e2e8e68@group-F01152B53F91-FollowerState was interrupted: java.lang.InterruptedException: sleep interrupted
2019-10-22 00:13:00,411 [Thread-893] INFO  impl.FollowerState (FollowerState.java:run(117)) - 2a52019e-5647-44e1-bf30-9a43fd8a7377@group-F01152B53F91-FollowerState was interrupted: java.lang.InterruptedException: sleep interrupted
2019-10-22 00:13:00,411 [grpc-default-executor-6] INFO  impl.RoleInfo (RoleInfo.java:updateAndGet(143)) - 2a52019e-5647-44e1-bf30-9a43fd8a7377: start FollowerState
2019-10-22 00:13:00,426 [2fdb3e93-e0d8-400e-8c33-91e2341b50c6@group-F01152B53F91-LeaderElection78] INFO  impl.LeaderElection (LeaderElection.java:logAndReturn(56)) - 2fdb3e93-e0d8-400e-8c33-91e2341b50c6@group-F01152B53F91-LeaderElection78: Election REJECTED; received 2 response(s) [2fdb3e93-e0d8-400e-8c33-91e2341b50c6<-062c71de-08d9-40ee-9309-15590e2e8e68#0:FAIL-t68, 2fdb3e93-e0d8-400e-8c33-91e2341b50c6<-2a52019e-5647-44e1-bf30-9a43fd8a7377#0:FAIL-t68] and 0 exception(s); 2fdb3e93-e0d8-400e-8c33-91e2341b50c6@group-F01152B53F91:t68, leader=null, voted=2fdb3e93-e0d8-400e-8c33-91e2341b50c6, raftlog=2fdb3e93-e0d8-400e-8c33-91e2341b50c6@group-F01152B53F91-SegmentedRaftLog:OPENED:c-1,f-1,i0, conf=-1: [2fdb3e93-e0d8-400e-8c33-91e2341b50c6:192.168.157.254:43254, 062c71de-08d9-40ee-9309-15590e2e8e68:192.168.157.254:45598, 2a52019e-5647-44e1-bf30-9a43fd8a7377:192.168.157.254:36038], old=null
2019-10-22 00:13:00,427 [2fdb3e93-e0d8-400e-8c33-91e2341b50c6@group-F01152B53F91-LeaderElection78] INFO  impl.RaftServerImpl (RaftServerImpl.java:setRole(184)) - 2fdb3e93-e0d8-400e-8c33-91e2341b50c6@group-F01152B53F91: changes role from CANDIDATE to FOLLOWER at term 68 for DISCOVERED_A_NEW_TERM
2019-10-22 00:13:00,427 [2fdb3e93-e0d8-400e-8c33-91e2341b50c6@group-F01152B53F91-LeaderElection78] INFO  impl.RoleInfo (RoleInfo.java:shutdownLeaderElection(134)) - 2fdb3e93-e0d8-400e-8c33-91e2341b50c6: shutdown LeaderElection
2019-10-22 00:13:00,427 [2fdb3e93-e0d8-400e-8c33-91e2341b50c6@group-F01152B53F91-LeaderElection78] INFO  impl.RoleInfo (RoleInfo.java:updateAndGet(143)) - 2fdb3e93-e0d8-400e-8c33-91e2341b50c6: start FollowerState
2019-10-22 00:13:00,552 [Thread-901] INFO  impl.FollowerState (FollowerState.java:run(108)) - 2fdb3e93-e0d8-400e-8c33-91e2341b50c6@group-F01152B53F91-FollowerState: change to CANDIDATE, lastRpcTime:125ms, electionTimeout:125ms
2019-10-22 00:13:00,553 [Thread-901] INFO  impl.RoleInfo (RoleInfo.java:shutdownFollowerState(121)) - 2fdb3e93-e0d8-400e-8c33-91e2341b50c6: shutdown FollowerState
2019-10-22 00:13:00,553 [Thread-901] INFO  impl.RaftServerImpl (RaftServerImpl.java:setRole(184)) - 2fdb3e93-e0d8-400e-8c33-91e2341b50c6@group-F01152B53F91: changes role from  FOLLOWER to CANDIDATE at term 68 for changeToCandidate
2019-10-22 00:13:00,553 [Thread-901] INFO  impl.RoleInfo (RoleInfo.java:updateAndGet(143)) - 2fdb3e93-e0d8-400e-8c33-91e2341b50c6: start LeaderElection
2019-10-22 00:13:00,566 [2fdb3e93-e0d8-400e-8c33-91e2341b50c6@group-F01152B53F91-LeaderElection79] INFO  impl.LeaderElection (LeaderElection.java:askForVotes(178)) - 2fdb3e93-e0d8-400e-8c33-91e2341b50c6@group-F01152B53F91-LeaderElection79: begin an election at term 69 for -1: [2fdb3e93-e0d8-400e-8c33-91e2341b50c6:192.168.157.254:43254, 062c71de-08d9-40ee-9309-15590e2e8e68:192.168.157.254:45598, 2a52019e-5647-44e1-bf30-9a43fd8a7377:192.168.157.254:36038], old=null
2019-10-22 00:13:00,572 [grpc-default-executor-6] INFO  impl.RaftServerImpl (RaftServerImpl.java:setRole(184)) - 2a52019e-5647-44e1-bf30-9a43fd8a7377@group-F01152B53F91: changes role from  FOLLOWER to FOLLOWER at term 69 for recognizeCandidate:2fdb3e93-e0d8-400e-8c33-91e2341b50c6
2019-10-22 00:13:00,572 [grpc-default-executor-4] INFO  impl.RaftServerImpl (RaftServerImpl.java:setRole(184)) - 062c71de-08d9-40ee-9309-15590e2e8e68@group-F01152B53F91: changes role from  FOLLOWER to FOLLOWER at term 69 for recognizeCandidate:2fdb3e93-e0d8-400e-8c33-91e2341b50c6
2019-10-22 00:13:00,572 [grpc-default-executor-6] INFO  impl.RoleInfo (RoleInfo.java:shutdownFollowerState(121)) - 2a52019e-5647-44e1-bf30-9a43fd8a7377: shutdown FollowerState
2019-10-22 00:13:00,572 [grpc-default-executor-4] INFO  impl.RoleInfo (RoleInfo.java:shutdownFollowerState(121)) - 062c71de-08d9-40ee-9309-15590e2e8e68: shutdown FollowerState
2019-10-22 00:13:00,573 [grpc-default-executor-6] INFO  impl.RoleInfo (RoleInfo.java:updateAndGet(143)) - 2a52019e-5647-44e1-bf30-9a43fd8a7377: start FollowerState
2019-10-22 00:13:00,573 [Thread-898] INFO  impl.FollowerState (FollowerState.java:run(117)) - 062c71de-08d9-40ee-9309-15590e2e8e68@group-F01152B53F91-FollowerState was interrupted: java.lang.InterruptedException: sleep interrupted
2019-10-22 00:13:00,573 [grpc-default-executor-4] INFO  impl.RoleInfo (RoleInfo.java:updateAndGet(143)) - 062c71de-08d9-40ee-9309-15590e2e8e68: start FollowerState
2019-10-22 00:13:00,573 [Thread-899] INFO  impl.FollowerState (FollowerState.java:run(117)) - 2a52019e-5647-44e1-bf30-9a43fd8a7377@group-F01152B53F91-FollowerState was interrupted: java.lang.InterruptedException: sleep interrupted
2019-10-22 00:13:00,585 [2fdb3e93-e0d8-400e-8c33-91e2341b50c6@group-F01152B53F91-LeaderElection79] INFO  impl.LeaderElection (LeaderElection.java:logAndReturn(56)) - 2fdb3e93-e0d8-400e-8c33-91e2341b50c6@group-F01152B53F91-LeaderElection79: Election REJECTED; received 2 response(s) [2fdb3e93-e0d8-400e-8c33-91e2341b50c6<-062c71de-08d9-40ee-9309-15590e2e8e68#0:FAIL-t69, 2fdb3e93-e0d8-400e-8c33-91e2341b50c6<-2a52019e-5647-44e1-bf30-9a43fd8a7377#0:FAIL-t69] and 0 exception(s); 2fdb3e93-e0d8-400e-8c33-91e2341b50c6@group-F01152B53F91:t69, leader=null, voted=2fdb3e93-e0d8-400e-8c33-91e2341b50c6, raftlog=2fdb3e93-e0d8-400e-8c33-91e2341b50c6@group-F01152B53F91-SegmentedRaftLog:OPENED:c-1,f-1,i0, conf=-1: [2fdb3e93-e0d8-400e-8c33-91e2341b50c6:192.168.157.254:43254, 062c71de-08d9-40ee-9309-15590e2e8e68:192.168.157.254:45598, 2a52019e-5647-44e1-bf30-9a43fd8a7377:192.168.157.254:36038], old=null
2019-10-22 00:13:00,585 [2fdb3e93-e0d8-400e-8c33-91e2341b50c6@group-F01152B53F91-LeaderElection79] INFO  impl.RaftServerImpl (RaftServerImpl.java:setRole(184)) - 2fdb3e93-e0d8-400e-8c33-91e2341b50c6@group-F01152B53F91: changes role from CANDIDATE to FOLLOWER at term 69 for DISCOVERED_A_NEW_TERM
2019-10-22 00:13:00,585 [2fdb3e93-e0d8-400e-8c33-91e2341b50c6@group-F01152B53F91-LeaderElection79] INFO  impl.RoleInfo (RoleInfo.java:shutdownLeaderElection(134)) - 2fdb3e93-e0d8-400e-8c33-91e2341b50c6: shutdown LeaderElection
2019-10-22 00:13:00,585 [2fdb3e93-e0d8-400e-8c33-91e2341b50c6@group-F01152B53F91-LeaderElection79] INFO  impl.RoleInfo (RoleInfo.java:updateAndGet(143)) - 2fdb3e93-e0d8-400e-8c33-91e2341b50c6: start FollowerState
2019-10-22 00:13:00,704 [Thread-908] INFO  impl.FollowerState (FollowerState.java:run(108)) - 2fdb3e93-e0d8-400e-8c33-91e2341b50c6@group-F01152B53F91-FollowerState: change to CANDIDATE, lastRpcTime:118ms, electionTimeout:117ms
2019-10-22 00:13:00,704 [Thread-908] INFO  impl.RoleInfo (RoleInfo.java:shutdownFollowerState(121)) - 2fdb3e93-e0d8-400e-8c33-91e2341b50c6: shutdown FollowerState
2019-10-22 00:13:00,704 [Thread-908] INFO  impl.RaftServerImpl (RaftServerImpl.java:setRole(184)) - 2fdb3e93-e0d8-400e-8c33-91e2341b50c6@group-F01152B53F91: changes role from  FOLLOWER to CANDIDATE at term 69 for changeToCandidate
2019-10-22 00:13:00,704 [Thread-908] INFO  impl.RoleInfo (RoleInfo.java:updateAndGet(143)) - 2fdb3e93-e0d8-400e-8c33-91e2341b50c6: start LeaderElection
2019-10-22 00:13:00,730 [2fdb3e93-e0d8-400e-8c33-91e2341b50c6@group-F01152B53F91-LeaderElection80] INFO  impl.LeaderElection (LeaderElection.java:askForVotes(178)) - 2fdb3e93-e0d8-400e-8c33-91e2341b50c6@group-F01152B53F91-LeaderElection80: begin an election at term 70 for -1: [2fdb3e93-e0d8-400e-8c33-91e2341b50c6:192.168.157.254:43254, 062c71de-08d9-40ee-9309-15590e2e8e68:192.168.157.254:45598, 2a52019e-5647-44e1-bf30-9a43fd8a7377:192.168.157.254:36038], old=null
2019-10-22 00:13:00,732 [grpc-default-executor-6] INFO  impl.RaftServerImpl (RaftServerImpl.java:setRole(184)) - 062c71de-08d9-40ee-9309-15590e2e8e68@group-F01152B53F91: changes role from  FOLLOWER to FOLLOWER at term 70 for recognizeCandidate:2fdb3e93-e0d8-400e-8c33-91e2341b50c6
2019-10-22 00:13:00,739 [grpc-default-executor-6] INFO  impl.RoleInfo (RoleInfo.java:shutdownFollowerState(121)) - 062c71de-08d9-40ee-9309-15590e2e8e68: shutdown FollowerState
2019-10-22 00:13:00,739 [grpc-default-executor-4] INFO  impl.RaftServerImpl (RaftServerImpl.java:setRole(184)) - 2a52019e-5647-44e1-bf30-9a43fd8a7377@group-F01152B53F91: changes role from  FOLLOWER to FOLLOWER at term 70 for recognizeCandidate:2fdb3e93-e0d8-400e-8c33-91e2341b50c6
2019-10-22 00:13:00,739 [Thread-907] INFO  impl.FollowerState (FollowerState.java:run(117)) - 062c71de-08d9-40ee-9309-15590e2e8e68@group-F01152B53F91-FollowerState was interrupted: java.lang.InterruptedException: sleep interrupted
2019-10-22 00:13:00,739 [grpc-default-executor-6] INFO  impl.RoleInfo (RoleInfo.java:updateAndGet(143)) - 062c71de-08d9-40ee-9309-15590e2e8e68: start FollowerState
2019-10-22 00:13:00,739 [grpc-default-executor-4] INFO  impl.RoleInfo (RoleInfo.java:shutdownFollowerState(121)) - 2a52019e-5647-44e1-bf30-9a43fd8a7377: shutdown FollowerState
2019-10-22 00:13:00,740 [grpc-default-executor-4] INFO  impl.RoleInfo (RoleInfo.java:updateAndGet(143)) - 2a52019e-5647-44e1-bf30-9a43fd8a7377: start FollowerState
2019-10-22 00:13:00,740 [Thread-906] INFO  impl.FollowerState (FollowerState.java:run(117)) - 2a52019e-5647-44e1-bf30-9a43fd8a7377@group-F01152B53F91-FollowerState was interrupted: java.lang.InterruptedException: sleep interrupted
2019-10-22 00:13:00,753 [2fdb3e93-e0d8-400e-8c33-91e2341b50c6@group-F01152B53F91-LeaderElection80] INFO  impl.LeaderElection (LeaderElection.java:logAndReturn(56)) - 2fdb3e93-e0d8-400e-8c33-91e2341b50c6@group-F01152B53F91-LeaderElection80: Election REJECTED; received 2 response(s) [2fdb3e93-e0d8-400e-8c33-91e2341b50c6<-062c71de-08d9-40ee-9309-15590e2e8e68#0:FAIL-t70, 2fdb3e93-e0d8-400e-8c33-91e2341b50c6<-2a52019e-5647-44e1-bf30-9a43fd8a7377#0:FAIL-t70] and 0 exception(s); 2fdb3e93-e0d8-400e-8c33-91e2341b50c6@group-F01152B53F91:t70, leader=null, voted=2fdb3e93-e0d8-400e-8c33-91e2341b50c6, raftlog=2fdb3e93-e0d8-400e-8c33-91e2341b50c6@group-F01152B53F91-SegmentedRaftLog:OPENED:c-1,f-1,i0, conf=-1: [2fdb3e93-e0d8-400e-8c33-91e2341b50c6:192.168.157.254:43254, 062c71de-08d9-40ee-9309-15590e2e8e68:192.168.157.254:45598, 2a52019e-5647-44e1-bf30-9a43fd8a7377:192.168.157.254:36038], old=null
2019-10-22 00:13:00,754 [2fdb3e93-e0d8-400e-8c33-91e2341b50c6@group-F01152B53F91-LeaderElection80] INFO  impl.RaftServerImpl (RaftServerImpl.java:setRole(184)) - 2fdb3e93-e0d8-400e-8c33-91e2341b50c6@group-F01152B53F91: changes role from CANDIDATE to FOLLOWER at term 70 for DISCOVERED_A_NEW_TERM
2019-10-22 00:13:00,754 [2fdb3e93-e0d8-400e-8c33-91e2341b50c6@group-F01152B53F91-LeaderElection80] INFO  impl.RoleInfo (RoleInfo.java:shutdownLeaderElection(134)) - 2fdb3e93-e0d8-400e-8c33-91e2341b50c6: shutdown LeaderElection
2019-10-22 00:13:00,754 [2fdb3e93-e0d8-400e-8c33-91e2341b50c6@group-F01152B53F91-LeaderElection80] INFO  impl.RoleInfo (RoleInfo.java:updateAndGet(143)) - 2fdb3e93-e0d8-400e-8c33-91e2341b50c6: start FollowerState
2019-10-22 00:13:00,782 [Thread-917] INFO  impl.FollowerState (FollowerState.java:run(108)) - 2fdb3e93-e0d8-400e-8c33-91e2341b50c6@group-F01152B53F91-FollowerState: change to CANDIDATE, lastRpcTime:28ms, electionTimeout:28ms
2019-10-22 00:13:00,783 [Thread-917] INFO  impl.RoleInfo (RoleInfo.java:shutdownFollowerState(121)) - 2fdb3e93-e0d8-400e-8c33-91e2341b50c6: shutdown FollowerState
2019-10-22 00:13:00,783 [Thread-917] INFO  impl.RaftServerImpl (RaftServerImpl.java:setRole(184)) - 2fdb3e93-e0d8-400e-8c33-91e2341b50c6@group-F01152B53F91: changes role from  FOLLOWER to CANDIDATE at term 70 for changeToCandidate
2019-10-22 00:13:00,783 [Thread-917] INFO  impl.RoleInfo (RoleInfo.java:updateAndGet(143)) - 2fdb3e93-e0d8-400e-8c33-91e2341b50c6: start LeaderElection
2019-10-22 00:13:00,796 [2fdb3e93-e0d8-400e-8c33-91e2341b50c6@group-F01152B53F91-LeaderElection81] INFO  impl.LeaderElection (LeaderElection.java:askForVotes(178)) - 2fdb3e93-e0d8-400e-8c33-91e2341b50c6@group-F01152B53F91-LeaderElection81: begin an election at term 71 for -1: [2fdb3e93-e0d8-400e-8c33-91e2341b50c6:192.168.157.254:43254, 062c71de-08d9-40ee-9309-15590e2e8e68:192.168.157.254:45598, 2a52019e-5647-44e1-bf30-9a43fd8a7377:192.168.157.254:36038], old=null
2019-10-22 00:13:00,798 [grpc-default-executor-6] INFO  impl.RaftServerImpl (RaftServerImpl.java:setRole(184)) - 062c71de-08d9-40ee-9309-15590e2e8e68@group-F01152B53F91: changes role from  FOLLOWER to FOLLOWER at term 71 for recognizeCandidate:2fdb3e93-e0d8-400e-8c33-91e2341b50c6
2019-10-22 00:13:00,798 [grpc-default-executor-6] INFO  impl.RoleInfo (RoleInfo.java:shutdownFollowerState(121)) - 062c71de-08d9-40ee-9309-15590e2e8e68: shutdown FollowerState
2019-10-22 00:13:00,798 [grpc-default-executor-4] INFO  impl.RaftServerImpl (RaftServerImpl.java:setRole(184)) - 2a52019e-5647-44e1-bf30-9a43fd8a7377@group-F01152B53F91: changes role from  FOLLOWER to FOLLOWER at term 71 for recognizeCandidate:2fdb3e93-e0d8-400e-8c33-91e2341b50c6
2019-10-22 00:13:00,798 [grpc-default-executor-4] INFO  impl.RoleInfo (RoleInfo.java:shutdownFollowerState(121)) - 2a52019e-5647-44e1-bf30-9a43fd8a7377: shutdown FollowerState
2019-10-22 00:13:00,798 [Thread-915] INFO  impl.FollowerState (FollowerState.java:run(117)) - 062c71de-08d9-40ee-9309-15590e2e8e68@group-F01152B53F91-FollowerState was interrupted: java.lang.InterruptedException: sleep interrupted
2019-10-22 00:13:00,798 [grpc-default-executor-6] INFO  impl.RoleInfo (RoleInfo.java:updateAndGet(143)) - 062c71de-08d9-40ee-9309-15590e2e8e68: start FollowerState
2019-10-22 00:13:00,798 [Thread-916] INFO  impl.FollowerState (FollowerState.java:run(117)) - 2a52019e-5647-44e1-bf30-9a43fd8a7377@group-F01152B53F91-FollowerState was interrupted: java.lang.InterruptedException: sleep interrupted
2019-10-22 00:13:00,798 [grpc-default-executor-4] INFO  impl.RoleInfo (RoleInfo.java:updateAndGet(143)) - 2a52019e-5647-44e1-bf30-9a43fd8a7377: start FollowerState
2019-10-22 00:13:00,813 [2fdb3e93-e0d8-400e-8c33-91e2341b50c6@group-F01152B53F91-LeaderElection81] INFO  impl.LeaderElection (LeaderElection.java:logAndReturn(56)) - 2fdb3e93-e0d8-400e-8c33-91e2341b50c6@group-F01152B53F91-LeaderElection81: Election REJECTED; received 2 response(s) [2fdb3e93-e0d8-400e-8c33-91e2341b50c6<-062c71de-08d9-40ee-9309-15590e2e8e68#0:FAIL-t71, 2fdb3e93-e0d8-400e-8c33-91e2341b50c6<-2a52019e-5647-44e1-bf30-9a43fd8a7377#0:FAIL-t71] and 0 exception(s); 2fdb3e93-e0d8-400e-8c33-91e2341b50c6@group-F01152B53F91:t71, leader=null, voted=2fdb3e93-e0d8-400e-8c33-91e2341b50c6, raftlog=2fdb3e93-e0d8-400e-8c33-91e2341b50c6@group-F01152B53F91-SegmentedRaftLog:OPENED:c-1,f-1,i0, conf=-1: [2fdb3e93-e0d8-400e-8c33-91e2341b50c6:192.168.157.254:43254, 062c71de-08d9-40ee-9309-15590e2e8e68:192.168.157.254:45598, 2a52019e-5647-44e1-bf30-9a43fd8a7377:192.168.157.254:36038], old=null
2019-10-22 00:13:00,813 [2fdb3e93-e0d8-400e-8c33-91e2341b50c6@group-F01152B53F91-LeaderElection81] INFO  impl.RaftServerImpl (RaftServerImpl.java:setRole(184)) - 2fdb3e93-e0d8-400e-8c33-91e2341b50c6@group-F01152B53F91: changes role from CANDIDATE to FOLLOWER at term 71 for DISCOVERED_A_NEW_TERM
2019-10-22 00:13:00,813 [2fdb3e93-e0d8-400e-8c33-91e2341b50c6@group-F01152B53F91-LeaderElection81] INFO  impl.RoleInfo (RoleInfo.java:shutdownLeaderElection(134)) - 2fdb3e93-e0d8-400e-8c33-91e2341b50c6: shutdown LeaderElection
2019-10-22 00:13:00,813 [2fdb3e93-e0d8-400e-8c33-91e2341b50c6@group-F01152B53F91-LeaderElection81] INFO  impl.RoleInfo (RoleInfo.java:updateAndGet(143)) - 2fdb3e93-e0d8-400e-8c33-91e2341b50c6: start FollowerState
2019-10-22 00:13:00,892 [Thread-924] INFO  impl.FollowerState (FollowerState.java:run(108)) - 2fdb3e93-e0d8-400e-8c33-91e2341b50c6@group-F01152B53F91-FollowerState: change to CANDIDATE, lastRpcTime:79ms, electionTimeout:79ms
2019-10-22 00:13:00,893 [Thread-924] INFO  impl.RoleInfo (RoleInfo.java:shutdownFollowerState(121)) - 2fdb3e93-e0d8-400e-8c33-91e2341b50c6: shutdown FollowerState
2019-10-22 00:13:00,893 [Thread-924] INFO  impl.RaftServerImpl (RaftServerImpl.java:setRole(184)) - 2fdb3e93-e0d8-400e-8c33-91e2341b50c6@group-F01152B53F91: changes role from  FOLLOWER to CANDIDATE at term 71 for changeToCandidate
2019-10-22 00:13:00,893 [Thread-924] INFO  impl.RoleInfo (RoleInfo.java:updateAndGet(143)) - 2fdb3e93-e0d8-400e-8c33-91e2341b50c6: start LeaderElection
2019-10-22 00:13:00,897 [2fdb3e93-e0d8-400e-8c33-91e2341b50c6@group-F01152B53F91-LeaderElection82] INFO  impl.LeaderElection (LeaderElection.java:askForVotes(178)) - 2fdb3e93-e0d8-400e-8c33-91e2341b50c6@group-F01152B53F91-LeaderElection82: begin an election at term 72 for -1: [2fdb3e93-e0d8-400e-8c33-91e2341b50c6:192.168.157.254:43254, 062c71de-08d9-40ee-9309-15590e2e8e68:192.168.157.254:45598, 2a52019e-5647-44e1-bf30-9a43fd8a7377:192.168.157.254:36038], old=null
2019-10-22 00:13:00,900 [grpc-default-executor-4] INFO  impl.RaftServerImpl (RaftServerImpl.java:setRole(184)) - 062c71de-08d9-40ee-9309-15590e2e8e68@group-F01152B53F91: changes role from  FOLLOWER to FOLLOWER at term 72 for recognizeCandidate:2fdb3e93-e0d8-400e-8c33-91e2341b50c6
2019-10-22 00:13:00,900 [grpc-default-executor-4] INFO  impl.RoleInfo (RoleInfo.java:shutdownFollowerState(121)) - 062c71de-08d9-40ee-9309-15590e2e8e68: shutdown FollowerState
2019-10-22 00:13:00,900 [grpc-default-executor-6] INFO  impl.RaftServerImpl (RaftServerImpl.java:setRole(184)) - 2a52019e-5647-44e1-bf30-9a43fd8a7377@group-F01152B53F91: changes role from  FOLLOWER to FOLLOWER at term 72 for recognizeCandidate:2fdb3e93-e0d8-400e-8c33-91e2341b50c6
2019-10-22 00:13:00,900 [Thread-922] INFO  impl.FollowerState (FollowerState.java:run(117)) - 062c71de-08d9-40ee-9309-15590e2e8e68@group-F01152B53F91-FollowerState was interrupted: java.lang.InterruptedException: sleep interrupted
2019-10-22 00:13:00,900 [grpc-default-executor-4] INFO  impl.RoleInfo (RoleInfo.java:updateAndGet(143)) - 062c71de-08d9-40ee-9309-15590e2e8e68: start FollowerState
2019-10-22 00:13:00,900 [grpc-default-executor-6] INFO  impl.RoleInfo (RoleInfo.java:shutdownFollowerState(121)) - 2a52019e-5647-44e1-bf30-9a43fd8a7377: shutdown FollowerState
2019-10-22 00:13:00,900 [grpc-default-executor-6] INFO  impl.RoleInfo (RoleInfo.java:updateAndGet(143)) - 2a52019e-5647-44e1-bf30-9a43fd8a7377: start FollowerState
2019-10-22 00:13:00,901 [Thread-923] INFO  impl.FollowerState (FollowerState.java:run(117)) - 2a52019e-5647-44e1-bf30-9a43fd8a7377@group-F01152B53F91-FollowerState was interrupted: java.lang.InterruptedException: sleep interrupted
2019-10-22 00:13:00,905 [2fdb3e93-e0d8-400e-8c33-91e2341b50c6@group-F01152B53F91-LeaderElection82] INFO  impl.LeaderElection (LeaderElection.java:logAndReturn(56)) - 2fdb3e93-e0d8-400e-8c33-91e2341b50c6@group-F01152B53F91-LeaderElection82: Election REJECTED; received 2 response(s) [2fdb3e93-e0d8-400e-8c33-91e2341b50c6<-062c71de-08d9-40ee-9309-15590e2e8e68#0:FAIL-t72, 2fdb3e93-e0d8-400e-8c33-91e2341b50c6<-2a52019e-5647-44e1-bf30-9a43fd8a7377#0:FAIL-t72] and 0 exception(s); 2fdb3e93-e0d8-400e-8c33-91e2341b50c6@group-F01152B53F91:t72, leader=null, voted=2fdb3e93-e0d8-400e-8c33-91e2341b50c6, raftlog=2fdb3e93-e0d8-400e-8c33-91e2341b50c6@group-F01152B53F91-SegmentedRaftLog:OPENED:c-1,f-1,i0, conf=-1: [2fdb3e93-e0d8-400e-8c33-91e2341b50c6:192.168.157.254:43254, 062c71de-08d9-40ee-9309-15590e2e8e68:192.168.157.254:45598, 2a52019e-5647-44e1-bf30-9a43fd8a7377:192.168.157.254:36038], old=null
2019-10-22 00:13:00,905 [2fdb3e93-e0d8-400e-8c33-91e2341b50c6@group-F01152B53F91-LeaderElection82] INFO  impl.RaftServerImpl (RaftServerImpl.java:setRole(184)) - 2fdb3e93-e0d8-400e-8c33-91e2341b50c6@group-F01152B53F91: changes role from CANDIDATE to FOLLOWER at term 72 for DISCOVERED_A_NEW_TERM
2019-10-22 00:13:00,906 [2fdb3e93-e0d8-400e-8c33-91e2341b50c6@group-F01152B53F91-LeaderElection82] INFO  impl.RoleInfo (RoleInfo.java:shutdownLeaderElection(134)) - 2fdb3e93-e0d8-400e-8c33-91e2341b50c6: shutdown LeaderElection
2019-10-22 00:13:00,906 [2fdb3e93-e0d8-400e-8c33-91e2341b50c6@group-F01152B53F91-LeaderElection82] INFO  impl.RoleInfo (RoleInfo.java:updateAndGet(143)) - 2fdb3e93-e0d8-400e-8c33-91e2341b50c6: start FollowerState
2019-10-22 00:13:01,090 [Thread-930] INFO  impl.FollowerState (FollowerState.java:run(108)) - 2fdb3e93-e0d8-400e-8c33-91e2341b50c6@group-F01152B53F91-FollowerState: change to CANDIDATE, lastRpcTime:184ms, electionTimeout:184ms
2019-10-22 00:13:01,090 [Thread-930] INFO  impl.RoleInfo (RoleInfo.java:shutdownFollowerState(121)) - 2fdb3e93-e0d8-400e-8c33-91e2341b50c6: shutdown FollowerState
2019-10-22 00:13:01,091 [Thread-930] INFO  impl.RaftServerImpl (RaftServerImpl.java:setRole(184)) - 2fdb3e93-e0d8-400e-8c33-91e2341b50c6@group-F01152B53F91: changes role from  FOLLOWER to CANDIDATE at term 72 for changeToCandidate
2019-10-22 00:13:01,091 [Thread-930] INFO  impl.RoleInfo (RoleInfo.java:updateAndGet(143)) - 2fdb3e93-e0d8-400e-8c33-91e2341b50c6: start LeaderElection
2019-10-22 00:13:01,105 [2fdb3e93-e0d8-400e-8c33-91e2341b50c6@group-F01152B53F91-LeaderElection83] INFO  impl.LeaderElection (LeaderElection.java:askForVotes(178)) - 2fdb3e93-e0d8-400e-8c33-91e2341b50c6@group-F01152B53F91-LeaderElection83: begin an election at term 73 for -1: [2fdb3e93-e0d8-400e-8c33-91e2341b50c6:192.168.157.254:43254, 062c71de-08d9-40ee-9309-15590e2e8e68:192.168.157.254:45598, 2a52019e-5647-44e1-bf30-9a43fd8a7377:192.168.157.254:36038], old=null
2019-10-22 00:13:01,108 [grpc-default-executor-6] INFO  impl.RaftServerImpl (RaftServerImpl.java:setRole(184)) - 2a52019e-5647-44e1-bf30-9a43fd8a7377@group-F01152B53F91: changes role from  FOLLOWER to FOLLOWER at term 73 for recognizeCandidate:2fdb3e93-e0d8-400e-8c33-91e2341b50c6
2019-10-22 00:13:01,108 [grpc-default-executor-6] INFO  impl.RoleInfo (RoleInfo.java:shutdownFollowerState(121)) - 2a52019e-5647-44e1-bf30-9a43fd8a7377: shutdown FollowerState
2019-10-22 00:13:01,108 [grpc-default-executor-4] INFO  impl.RaftServerImpl (RaftServerImpl.java:setRole(184)) - 062c71de-08d9-40ee-9309-15590e2e8e68@group-F01152B53F91: changes role from  FOLLOWER to FOLLOWER at term 73 for recognizeCandidate:2fdb3e93-e0d8-400e-8c33-91e2341b50c6
2019-10-22 00:13:01,108 [Thread-929] INFO  impl.FollowerState (FollowerState.java:run(117)) - 2a52019e-5647-44e1-bf30-9a43fd8a7377@group-F01152B53F91-FollowerState was interrupted: java.lang.InterruptedException: sleep interrupted
2019-10-22 00:13:01,108 [grpc-default-executor-6] INFO  impl.RoleInfo (RoleInfo.java:updateAndGet(143)) - 2a52019e-5647-44e1-bf30-9a43fd8a7377: start FollowerState
2019-10-22 00:13:01,108 [grpc-default-executor-4] INFO  impl.RoleInfo (RoleInfo.java:shutdownFollowerState(121)) - 062c71de-08d9-40ee-9309-15590e2e8e68: shutdown FollowerState
2019-10-22 00:13:01,109 [grpc-default-executor-4] INFO  impl.RoleInfo (RoleInfo.java:updateAndGet(143)) - 062c71de-08d9-40ee-9309-15590e2e8e68: start FollowerState
2019-10-22 00:13:01,109 [Thread-928] INFO  impl.FollowerState (FollowerState.java:run(117)) - 062c71de-08d9-40ee-9309-15590e2e8e68@group-F01152B53F91-FollowerState was interrupted: java.lang.InterruptedException: sleep interrupted
2019-10-22 00:13:01,123 [2fdb3e93-e0d8-400e-8c33-91e2341b50c6@group-F01152B53F91-LeaderElection83] INFO  impl.LeaderElection (LeaderElection.java:logAndReturn(56)) - 2fdb3e93-e0d8-400e-8c33-91e2341b50c6@group-F01152B53F91-LeaderElection83: Election REJECTED; received 2 response(s) [2fdb3e93-e0d8-400e-8c33-91e2341b50c6<-062c71de-08d9-40ee-9309-15590e2e8e68#0:FAIL-t73, 2fdb3e93-e0d8-400e-8c33-91e2341b50c6<-2a52019e-5647-44e1-bf30-9a43fd8a7377#0:FAIL-t73] and 0 exception(s); 2fdb3e93-e0d8-400e-8c33-91e2341b50c6@group-F01152B53F91:t73, leader=null, voted=2fdb3e93-e0d8-400e-8c33-91e2341b50c6, raftlog=2fdb3e93-e0d8-400e-8c33-91e2341b50c6@group-F01152B53F91-SegmentedRaftLog:OPENED:c-1,f-1,i0, conf=-1: [2fdb3e93-e0d8-400e-8c33-91e2341b50c6:192.168.157.254:43254, 062c71de-08d9-40ee-9309-15590e2e8e68:192.168.157.254:45598, 2a52019e-5647-44e1-bf30-9a43fd8a7377:192.168.157.254:36038], old=null
2019-10-22 00:13:01,123 [2fdb3e93-e0d8-400e-8c33-91e2341b50c6@group-F01152B53F91-LeaderElection83] INFO  impl.RaftServerImpl (RaftServerImpl.java:setRole(184)) - 2fdb3e93-e0d8-400e-8c33-91e2341b50c6@group-F01152B53F91: changes role from CANDIDATE to FOLLOWER at term 73 for DISCOVERED_A_NEW_TERM
2019-10-22 00:13:01,123 [2fdb3e93-e0d8-400e-8c33-91e2341b50c6@group-F01152B53F91-LeaderElection83] INFO  impl.RoleInfo (RoleInfo.java:shutdownLeaderElection(134)) - 2fdb3e93-e0d8-400e-8c33-91e2341b50c6: shutdown LeaderElection
2019-10-22 00:13:01,123 [2fdb3e93-e0d8-400e-8c33-91e2341b50c6@group-F01152B53F91-LeaderElection83] INFO  impl.RoleInfo (RoleInfo.java:updateAndGet(143)) - 2fdb3e93-e0d8-400e-8c33-91e2341b50c6: start FollowerState
2019-10-22 00:13:01,236 [Thread-938] INFO  impl.FollowerState (FollowerState.java:run(108)) - 2fdb3e93-e0d8-400e-8c33-91e2341b50c6@group-F01152B53F91-FollowerState: change to CANDIDATE, lastRpcTime:113ms, electionTimeout:113ms
2019-10-22 00:13:01,237 [Thread-938] INFO  impl.RoleInfo (RoleInfo.java:shutdownFollowerState(121)) - 2fdb3e93-e0d8-400e-8c33-91e2341b50c6: shutdown FollowerState
2019-10-22 00:13:01,237 [Thread-938] INFO  impl.RaftServerImpl (RaftServerImpl.java:setRole(184)) - 2fdb3e93-e0d8-400e-8c33-91e2341b50c6@group-F01152B53F91: changes role from  FOLLOWER to CANDIDATE at term 73 for changeToCandidate
2019-10-22 00:13:01,237 [Thread-938] INFO  impl.RoleInfo (RoleInfo.java:updateAndGet(143)) - 2fdb3e93-e0d8-400e-8c33-91e2341b50c6: start LeaderElection
2019-10-22 00:13:01,251 [2fdb3e93-e0d8-400e-8c33-91e2341b50c6@group-F01152B53F91-LeaderElection84] INFO  impl.LeaderElection (LeaderElection.java:askForVotes(178)) - 2fdb3e93-e0d8-400e-8c33-91e2341b50c6@group-F01152B53F91-LeaderElection84: begin an election at term 74 for -1: [2fdb3e93-e0d8-400e-8c33-91e2341b50c6:192.168.157.254:43254, 062c71de-08d9-40ee-9309-15590e2e8e68:192.168.157.254:45598, 2a52019e-5647-44e1-bf30-9a43fd8a7377:192.168.157.254:36038], old=null
2019-10-22 00:13:01,253 [grpc-default-executor-4] INFO  impl.RaftServerImpl (RaftServerImpl.java:setRole(184)) - 062c71de-08d9-40ee-9309-15590e2e8e68@group-F01152B53F91: changes role from  FOLLOWER to FOLLOWER at term 74 for recognizeCandidate:2fdb3e93-e0d8-400e-8c33-91e2341b50c6
2019-10-22 00:13:01,253 [grpc-default-executor-4] INFO  impl.RoleInfo (RoleInfo.java:shutdownFollowerState(121)) - 062c71de-08d9-40ee-9309-15590e2e8e68: shutdown FollowerState
2019-10-22 00:13:01,253 [grpc-default-executor-6] INFO  impl.RaftServerImpl (RaftServerImpl.java:setRole(184)) - 2a52019e-5647-44e1-bf30-9a43fd8a7377@group-F01152B53F91: changes role from  FOLLOWER to FOLLOWER at term 74 for recognizeCandidate:2fdb3e93-e0d8-400e-8c33-91e2341b50c6
2019-10-22 00:13:01,254 [Thread-937] INFO  impl.FollowerState (FollowerState.java:run(117)) - 062c71de-08d9-40ee-9309-15590e2e8e68@group-F01152B53F91-FollowerState was interrupted: java.lang.InterruptedException: sleep interrupted
2019-10-22 00:13:01,254 [grpc-default-executor-4] INFO  impl.RoleInfo (RoleInfo.java:updateAndGet(143)) - 062c71de-08d9-40ee-9309-15590e2e8e68: start FollowerState
2019-10-22 00:13:01,254 [grpc-default-executor-6] INFO  impl.RoleInfo (RoleInfo.java:shutdownFollowerState(121)) - 2a52019e-5647-44e1-bf30-9a43fd8a7377: shutdown FollowerState
2019-10-22 00:13:01,254 [Thread-936] INFO  impl.FollowerState (FollowerState.java:run(117)) - 2a52019e-5647-44e1-bf30-9a43fd8a7377@group-F01152B53F91-FollowerState was interrupted: java.lang.InterruptedException: sleep interrupted
2019-10-22 00:13:01,254 [grpc-default-executor-6] INFO  impl.RoleInfo (RoleInfo.java:updateAndGet(143)) - 2a52019e-5647-44e1-bf30-9a43fd8a7377: start FollowerState
2019-10-22 00:13:01,268 [2fdb3e93-e0d8-400e-8c33-91e2341b50c6@group-F01152B53F91-LeaderElection84] INFO  impl.LeaderElection (LeaderElection.java:logAndReturn(56)) - 2fdb3e93-e0d8-400e-8c33-91e2341b50c6@group-F01152B53F91-LeaderElection84: Election REJECTED; received 2 response(s) [2fdb3e93-e0d8-400e-8c33-91e2341b50c6<-062c71de-08d9-40ee-9309-15590e2e8e68#0:FAIL-t74, 2fdb3e93-e0d8-400e-8c33-91e2341b50c6<-2a52019e-5647-44e1-bf30-9a43fd8a7377#0:FAIL-t74] and 0 exception(s); 2fdb3e93-e0d8-400e-8c33-91e2341b50c6@group-F01152B53F91:t74, leader=null, voted=2fdb3e93-e0d8-400e-8c33-91e2341b50c6, raftlog=2fdb3e93-e0d8-400e-8c33-91e2341b50c6@group-F01152B53F91-SegmentedRaftLog:OPENED:c-1,f-1,i0, conf=-1: [2fdb3e93-e0d8-400e-8c33-91e2341b50c6:192.168.157.254:43254, 062c71de-08d9-40ee-9309-15590e2e8e68:192.168.157.254:45598, 2a52019e-5647-44e1-bf30-9a43fd8a7377:192.168.157.254:36038], old=null
2019-10-22 00:13:01,269 [2fdb3e93-e0d8-400e-8c33-91e2341b50c6@group-F01152B53F91-LeaderElection84] INFO  impl.RaftServerImpl (RaftServerImpl.java:setRole(184)) - 2fdb3e93-e0d8-400e-8c33-91e2341b50c6@group-F01152B53F91: changes role from CANDIDATE to FOLLOWER at term 74 for DISCOVERED_A_NEW_TERM
2019-10-22 00:13:01,269 [2fdb3e93-e0d8-400e-8c33-91e2341b50c6@group-F01152B53F91-LeaderElection84] INFO  impl.RoleInfo (RoleInfo.java:shutdownLeaderElection(134)) - 2fdb3e93-e0d8-400e-8c33-91e2341b50c6: shutdown LeaderElection
2019-10-22 00:13:01,269 [2fdb3e93-e0d8-400e-8c33-91e2341b50c6@group-F01152B53F91-LeaderElection84] INFO  impl.RoleInfo (RoleInfo.java:updateAndGet(143)) - 2fdb3e93-e0d8-400e-8c33-91e2341b50c6: start FollowerState
2019-10-22 00:13:01,417 [Thread-945] INFO  impl.FollowerState (FollowerState.java:run(108)) - 2fdb3e93-e0d8-400e-8c33-91e2341b50c6@group-F01152B53F91-FollowerState: change to CANDIDATE, lastRpcTime:148ms, electionTimeout:148ms
2019-10-22 00:13:01,418 [Thread-945] INFO  impl.RoleInfo (RoleInfo.java:shutdownFollowerState(121)) - 2fdb3e93-e0d8-400e-8c33-91e2341b50c6: shutdown FollowerState
2019-10-22 00:13:01,418 [Thread-945] INFO  impl.RaftServerImpl (RaftServerImpl.java:setRole(184)) - 2fdb3e93-e0d8-400e-8c33-91e2341b50c6@group-F01152B53F91: changes role from  FOLLOWER to CANDIDATE at term 74 for changeToCandidate
2019-10-22 00:13:01,418 [Thread-945] INFO  impl.RoleInfo (RoleInfo.java:updateAndGet(143)) - 2fdb3e93-e0d8-400e-8c33-91e2341b50c6: start LeaderElection
2019-10-22 00:13:01,433 [2fdb3e93-e0d8-400e-8c33-91e2341b50c6@group-F01152B53F91-LeaderElection85] INFO  impl.LeaderElection (LeaderElection.java:askForVotes(178)) - 2fdb3e93-e0d8-400e-8c33-91e2341b50c6@group-F01152B53F91-LeaderElection85: begin an election at term 75 for -1: [2fdb3e93-e0d8-400e-8c33-91e2341b50c6:192.168.157.254:43254, 062c71de-08d9-40ee-9309-15590e2e8e68:192.168.157.254:45598, 2a52019e-5647-44e1-bf30-9a43fd8a7377:192.168.157.254:36038], old=null
2019-10-22 00:13:01,436 [grpc-default-executor-6] INFO  impl.RaftServerImpl (RaftServerImpl.java:setRole(184)) - 2a52019e-5647-44e1-bf30-9a43fd8a7377@group-F01152B53F91: changes role from  FOLLOWER to FOLLOWER at term 75 for recognizeCandidate:2fdb3e93-e0d8-400e-8c33-91e2341b50c6
2019-10-22 00:13:01,436 [grpc-default-executor-4] INFO  impl.RaftServerImpl (RaftServerImpl.java:setRole(184)) - 062c71de-08d9-40ee-9309-15590e2e8e68@group-F01152B53F91: changes role from  FOLLOWER to FOLLOWER at term 75 for recognizeCandidate:2fdb3e93-e0d8-400e-8c33-91e2341b50c6
2019-10-22 00:13:01,436 [grpc-default-executor-6] INFO  impl.RoleInfo (RoleInfo.java:shutdownFollowerState(121)) - 2a52019e-5647-44e1-bf30-9a43fd8a7377: shutdown FollowerState
2019-10-22 00:13:01,436 [grpc-default-executor-4] INFO  impl.RoleInfo (RoleInfo.java:shutdownFollowerState(121)) - 062c71de-08d9-40ee-9309-15590e2e8e68: shutdown FollowerState
2019-10-22 00:13:01,437 [Thread-944] INFO  impl.FollowerState (FollowerState.java:run(117)) - 2a52019e-5647-44e1-bf30-9a43fd8a7377@group-F01152B53F91-FollowerState was interrupted: java.lang.InterruptedException: sleep interrupted
2019-10-22 00:13:01,437 [grpc-default-executor-6] INFO  impl.RoleInfo (RoleInfo.java:updateAndGet(143)) - 2a52019e-5647-44e1-bf30-9a43fd8a7377: start FollowerState
2019-10-22 00:13:01,437 [Thread-943] INFO  impl.FollowerState (FollowerState.java:run(117)) - 062c71de-08d9-40ee-9309-15590e2e8e68@group-F01152B53F91-FollowerState was interrupted: java.lang.InterruptedException: sleep interrupted
2019-10-22 00:13:01,437 [grpc-default-executor-4] INFO  impl.RoleInfo (RoleInfo.java:updateAndGet(143)) - 062c71de-08d9-40ee-9309-15590e2e8e68: start FollowerState
2019-10-22 00:13:01,452 [2fdb3e93-e0d8-400e-8c33-91e2341b50c6@group-F01152B53F91-LeaderElection85] INFO  impl.LeaderElection (LeaderElection.java:logAndReturn(56)) - 2fdb3e93-e0d8-400e-8c33-91e2341b50c6@group-F01152B53F91-LeaderElection85: Election REJECTED; received 2 response(s) [2fdb3e93-e0d8-400e-8c33-91e2341b50c6<-062c71de-08d9-40ee-9309-15590e2e8e68#0:FAIL-t75, 2fdb3e93-e0d8-400e-8c33-91e2341b50c6<-2a52019e-5647-44e1-bf30-9a43fd8a7377#0:FAIL-t75] and 0 exception(s); 2fdb3e93-e0d8-400e-8c33-91e2341b50c6@group-F01152B53F91:t75, leader=null, voted=2fdb3e93-e0d8-400e-8c33-91e2341b50c6, raftlog=2fdb3e93-e0d8-400e-8c33-91e2341b50c6@group-F01152B53F91-SegmentedRaftLog:OPENED:c-1,f-1,i0, conf=-1: [2fdb3e93-e0d8-400e-8c33-91e2341b50c6:192.168.157.254:43254, 062c71de-08d9-40ee-9309-15590e2e8e68:192.168.157.254:45598, 2a52019e-5647-44e1-bf30-9a43fd8a7377:192.168.157.254:36038], old=null
2019-10-22 00:13:01,452 [2fdb3e93-e0d8-400e-8c33-91e2341b50c6@group-F01152B53F91-LeaderElection85] INFO  impl.RaftServerImpl (RaftServerImpl.java:setRole(184)) - 2fdb3e93-e0d8-400e-8c33-91e2341b50c6@group-F01152B53F91: changes role from CANDIDATE to FOLLOWER at term 75 for DISCOVERED_A_NEW_TERM
2019-10-22 00:13:01,452 [2fdb3e93-e0d8-400e-8c33-91e2341b50c6@group-F01152B53F91-LeaderElection85] INFO  impl.RoleInfo (RoleInfo.java:shutdownLeaderElection(134)) - 2fdb3e93-e0d8-400e-8c33-91e2341b50c6: shutdown LeaderElection
2019-10-22 00:13:01,452 [2fdb3e93-e0d8-400e-8c33-91e2341b50c6@group-F01152B53F91-LeaderElection85] INFO  impl.RoleInfo (RoleInfo.java:updateAndGet(143)) - 2fdb3e93-e0d8-400e-8c33-91e2341b50c6: start FollowerState
2019-10-22 00:13:01,539 [Thread-954] INFO  impl.FollowerState (FollowerState.java:run(108)) - 2fdb3e93-e0d8-400e-8c33-91e2341b50c6@group-F01152B53F91-FollowerState: change to CANDIDATE, lastRpcTime:86ms, electionTimeout:86ms
2019-10-22 00:13:01,540 [Thread-954] INFO  impl.RoleInfo (RoleInfo.java:shutdownFollowerState(121)) - 2fdb3e93-e0d8-400e-8c33-91e2341b50c6: shutdown FollowerState
2019-10-22 00:13:01,540 [Thread-954] INFO  impl.RaftServerImpl (RaftServerImpl.java:setRole(184)) - 2fdb3e93-e0d8-400e-8c33-91e2341b50c6@group-F01152B53F91: changes role from  FOLLOWER to CANDIDATE at term 75 for changeToCandidate
2019-10-22 00:13:01,541 [Thread-954] INFO  impl.RoleInfo (RoleInfo.java:updateAndGet(143)) - 2fdb3e93-e0d8-400e-8c33-91e2341b50c6: start LeaderElection
2019-10-22 00:13:01,547 [2fdb3e93-e0d8-400e-8c33-91e2341b50c6@group-F01152B53F91-LeaderElection86] INFO  impl.LeaderElection (LeaderElection.java:askForVotes(178)) - 2fdb3e93-e0d8-400e-8c33-91e2341b50c6@group-F01152B53F91-LeaderElection86: begin an election at term 76 for -1: [2fdb3e93-e0d8-400e-8c33-91e2341b50c6:192.168.157.254:43254, 062c71de-08d9-40ee-9309-15590e2e8e68:192.168.157.254:45598, 2a52019e-5647-44e1-bf30-9a43fd8a7377:192.168.157.254:36038], old=null
2019-10-22 00:13:01,553 [grpc-default-executor-6] INFO  impl.RaftServerImpl (RaftServerImpl.java:setRole(184)) - 062c71de-08d9-40ee-9309-15590e2e8e68@group-F01152B53F91: changes role from  FOLLOWER to FOLLOWER at term 76 for recognizeCandidate:2fdb3e93-e0d8-400e-8c33-91e2341b50c6
2019-10-22 00:13:01,553 [grpc-default-executor-6] INFO  impl.RoleInfo (RoleInfo.java:shutdownFollowerState(121)) - 062c71de-08d9-40ee-9309-15590e2e8e68: shutdown FollowerState
2019-10-22 00:13:01,553 [grpc-default-executor-4] INFO  impl.RaftServerImpl (RaftServerImpl.java:setRole(184)) - 2a52019e-5647-44e1-bf30-9a43fd8a7377@group-F01152B53F91: changes role from  FOLLOWER to FOLLOWER at term 76 for recognizeCandidate:2fdb3e93-e0d8-400e-8c33-91e2341b50c6
2019-10-22 00:13:01,554 [Thread-953] INFO  impl.FollowerState (FollowerState.java:run(117)) - 062c71de-08d9-40ee-9309-15590e2e8e68@group-F01152B53F91-FollowerState was interrupted: java.lang.InterruptedException: sleep interrupted
2019-10-22 00:13:01,554 [grpc-default-executor-6] INFO  impl.RoleInfo (RoleInfo.java:updateAndGet(143)) - 062c71de-08d9-40ee-9309-15590e2e8e68: start FollowerState
2019-10-22 00:13:01,554 [grpc-default-executor-4] INFO  impl.RoleInfo (RoleInfo.java:shutdownFollowerState(121)) - 2a52019e-5647-44e1-bf30-9a43fd8a7377: shutdown FollowerState
2019-10-22 00:13:01,554 [grpc-default-executor-4] INFO  impl.RoleInfo (RoleInfo.java:updateAndGet(143)) - 2a52019e-5647-44e1-bf30-9a43fd8a7377: start FollowerState
2019-10-22 00:13:01,554 [Thread-952] INFO  impl.FollowerState (FollowerState.java:run(117)) - 2a52019e-5647-44e1-bf30-9a43fd8a7377@group-F01152B53F91-FollowerState was interrupted: java.lang.InterruptedException: sleep interrupted
2019-10-22 00:13:01,560 [2fdb3e93-e0d8-400e-8c33-91e2341b50c6@group-F01152B53F91-LeaderElection86] INFO  impl.LeaderElection (LeaderElection.java:logAndReturn(56)) - 2fdb3e93-e0d8-400e-8c33-91e2341b50c6@group-F01152B53F91-LeaderElection86: Election REJECTED; received 2 response(s) [2fdb3e93-e0d8-400e-8c33-91e2341b50c6<-062c71de-08d9-40ee-9309-15590e2e8e68#0:FAIL-t76, 2fdb3e93-e0d8-400e-8c33-91e2341b50c6<-2a52019e-5647-44e1-bf30-9a43fd8a7377#0:FAIL-t76] and 0 exception(s); 2fdb3e93-e0d8-400e-8c33-91e2341b50c6@group-F01152B53F91:t76, leader=null, voted=2fdb3e93-e0d8-400e-8c33-91e2341b50c6, raftlog=2fdb3e93-e0d8-400e-8c33-91e2341b50c6@group-F01152B53F91-SegmentedRaftLog:OPENED:c-1,f-1,i0, conf=-1: [2fdb3e93-e0d8-400e-8c33-91e2341b50c6:192.168.157.254:43254, 062c71de-08d9-40ee-9309-15590e2e8e68:192.168.157.254:45598, 2a52019e-5647-44e1-bf30-9a43fd8a7377:192.168.157.254:36038], old=null
2019-10-22 00:13:01,560 [2fdb3e93-e0d8-400e-8c33-91e2341b50c6@group-F01152B53F91-LeaderElection86] INFO  impl.RaftServerImpl (RaftServerImpl.java:setRole(184)) - 2fdb3e93-e0d8-400e-8c33-91e2341b50c6@group-F01152B53F91: changes role from CANDIDATE to FOLLOWER at term 76 for DISCOVERED_A_NEW_TERM
2019-10-22 00:13:01,560 [2fdb3e93-e0d8-400e-8c33-91e2341b50c6@group-F01152B53F91-LeaderElection86] INFO  impl.RoleInfo (RoleInfo.java:shutdownLeaderElection(134)) - 2fdb3e93-e0d8-400e-8c33-91e2341b50c6: shutdown LeaderElection
2019-10-22 00:13:01,560 [2fdb3e93-e0d8-400e-8c33-91e2341b50c6@group-F01152B53F91-LeaderElection86] INFO  impl.RoleInfo (RoleInfo.java:updateAndGet(143)) - 2fdb3e93-e0d8-400e-8c33-91e2341b50c6: start FollowerState
2019-10-22 00:13:01,724 [Thread-960] INFO  impl.FollowerState (FollowerState.java:run(108)) - 2fdb3e93-e0d8-400e-8c33-91e2341b50c6@group-F01152B53F91-FollowerState: change to CANDIDATE, lastRpcTime:163ms, electionTimeout:163ms
2019-10-22 00:13:01,724 [Thread-960] INFO  impl.RoleInfo (RoleInfo.java:shutdownFollowerState(121)) - 2fdb3e93-e0d8-400e-8c33-91e2341b50c6: shutdown FollowerState
2019-10-22 00:13:01,724 [Thread-960] INFO  impl.RaftServerImpl (RaftServerImpl.java:setRole(184)) - 2fdb3e93-e0d8-400e-8c33-91e2341b50c6@group-F01152B53F91: changes role from  FOLLOWER to CANDIDATE at term 76 for changeToCandidate
2019-10-22 00:13:01,724 [Thread-960] INFO  impl.RoleInfo (RoleInfo.java:updateAndGet(143)) - 2fdb3e93-e0d8-400e-8c33-91e2341b50c6: start LeaderElection
2019-10-22 00:13:01,738 [2fdb3e93-e0d8-400e-8c33-91e2341b50c6@group-F01152B53F91-LeaderElection87] INFO  impl.LeaderElection (LeaderElection.java:askForVotes(178)) - 2fdb3e93-e0d8-400e-8c33-91e2341b50c6@group-F01152B53F91-LeaderElection87: begin an election at term 77 for -1: [2fdb3e93-e0d8-400e-8c33-91e2341b50c6:192.168.157.254:43254, 062c71de-08d9-40ee-9309-15590e2e8e68:192.168.157.254:45598, 2a52019e-5647-44e1-bf30-9a43fd8a7377:192.168.157.254:36038], old=null
2019-10-22 00:13:01,748 [grpc-default-executor-6] INFO  impl.RaftServerImpl (RaftServerImpl.java:setRole(184)) - 2a52019e-5647-44e1-bf30-9a43fd8a7377@group-F01152B53F91: changes role from  FOLLOWER to FOLLOWER at term 77 for recognizeCandidate:2fdb3e93-e0d8-400e-8c33-91e2341b50c6
2019-10-22 00:13:01,748 [grpc-default-executor-6] INFO  impl.RoleInfo (RoleInfo.java:shutdownFollowerState(121)) - 2a52019e-5647-44e1-bf30-9a43fd8a7377: shutdown FollowerState
2019-10-22 00:13:01,748 [grpc-default-executor-6] INFO  impl.RoleInfo (RoleInfo.java:updateAndGet(143)) - 2a52019e-5647-44e1-bf30-9a43fd8a7377: start FollowerState
2019-10-22 00:13:01,748 [Thread-959] INFO  impl.FollowerState (FollowerState.java:run(117)) - 2a52019e-5647-44e1-bf30-9a43fd8a7377@group-F01152B53F91-FollowerState was interrupted: java.lang.InterruptedException: sleep interrupted
2019-10-22 00:13:01,751 [grpc-default-executor-3] INFO  impl.RaftServerImpl (RaftServerImpl.java:setRole(184)) - 062c71de-08d9-40ee-9309-15590e2e8e68@group-F01152B53F91: changes role from  FOLLOWER to FOLLOWER at term 77 for recognizeCandidate:2fdb3e93-e0d8-400e-8c33-91e2341b50c6
2019-10-22 00:13:01,751 [grpc-default-executor-3] INFO  impl.RoleInfo (RoleInfo.java:shutdownFollowerState(121)) - 062c71de-08d9-40ee-9309-15590e2e8e68: shutdown FollowerState
2019-10-22 00:13:01,751 [grpc-default-executor-3] INFO  impl.RoleInfo (RoleInfo.java:updateAndGet(143)) - 062c71de-08d9-40ee-9309-15590e2e8e68: start FollowerState
2019-10-22 00:13:01,751 [Thread-958] INFO  impl.FollowerState (FollowerState.java:run(117)) - 062c71de-08d9-40ee-9309-15590e2e8e68@group-F01152B53F91-FollowerState was interrupted: java.lang.InterruptedException: sleep interrupted
2019-10-22 00:13:01,765 [2fdb3e93-e0d8-400e-8c33-91e2341b50c6@group-F01152B53F91-LeaderElection87] INFO  impl.LeaderElection (LeaderElection.java:logAndReturn(56)) - 2fdb3e93-e0d8-400e-8c33-91e2341b50c6@group-F01152B53F91-LeaderElection87: Election REJECTED; received 2 response(s) [2fdb3e93-e0d8-400e-8c33-91e2341b50c6<-062c71de-08d9-40ee-9309-15590e2e8e68#0:FAIL-t77, 2fdb3e93-e0d8-400e-8c33-91e2341b50c6<-2a52019e-5647-44e1-bf30-9a43fd8a7377#0:FAIL-t77] and 0 exception(s); 2fdb3e93-e0d8-400e-8c33-91e2341b50c6@group-F01152B53F91:t77, leader=null, voted=2fdb3e93-e0d8-400e-8c33-91e2341b50c6, raftlog=2fdb3e93-e0d8-400e-8c33-91e2341b50c6@group-F01152B53F91-SegmentedRaftLog:OPENED:c-1,f-1,i0, conf=-1: [2fdb3e93-e0d8-400e-8c33-91e2341b50c6:192.168.157.254:43254, 062c71de-08d9-40ee-9309-15590e2e8e68:192.168.157.254:45598, 2a52019e-5647-44e1-bf30-9a43fd8a7377:192.168.157.254:36038], old=null
2019-10-22 00:13:01,765 [2fdb3e93-e0d8-400e-8c33-91e2341b50c6@group-F01152B53F91-LeaderElection87] INFO  impl.RaftServerImpl (RaftServerImpl.java:setRole(184)) - 2fdb3e93-e0d8-400e-8c33-91e2341b50c6@group-F01152B53F91: changes role from CANDIDATE to FOLLOWER at term 77 for DISCOVERED_A_NEW_TERM
2019-10-22 00:13:01,766 [2fdb3e93-e0d8-400e-8c33-91e2341b50c6@group-F01152B53F91-LeaderElection87] INFO  impl.RoleInfo (RoleInfo.java:shutdownLeaderElection(134)) - 2fdb3e93-e0d8-400e-8c33-91e2341b50c6: shutdown LeaderElection
2019-10-22 00:13:01,766 [2fdb3e93-e0d8-400e-8c33-91e2341b50c6@group-F01152B53F91-LeaderElection87] INFO  impl.RoleInfo (RoleInfo.java:updateAndGet(143)) - 2fdb3e93-e0d8-400e-8c33-91e2341b50c6: start FollowerState
2019-10-22 00:13:01,787 [Thread-969] INFO  impl.FollowerState (FollowerState.java:run(108)) - 2fdb3e93-e0d8-400e-8c33-91e2341b50c6@group-F01152B53F91-FollowerState: change to CANDIDATE, lastRpcTime:21ms, electionTimeout:21ms
2019-10-22 00:13:01,787 [Thread-969] INFO  impl.RoleInfo (RoleInfo.java:shutdownFollowerState(121)) - 2fdb3e93-e0d8-400e-8c33-91e2341b50c6: shutdown FollowerState
2019-10-22 00:13:01,787 [Thread-969] INFO  impl.RaftServerImpl (RaftServerImpl.java:setRole(184)) - 2fdb3e93-e0d8-400e-8c33-91e2341b50c6@group-F01152B53F91: changes role from  FOLLOWER to CANDIDATE at term 77 for changeToCandidate
2019-10-22 00:13:01,787 [Thread-969] INFO  impl.RoleInfo (RoleInfo.java:updateAndGet(143)) - 2fdb3e93-e0d8-400e-8c33-91e2341b50c6: start LeaderElection
2019-10-22 00:13:01,809 [2fdb3e93-e0d8-400e-8c33-91e2341b50c6@group-F01152B53F91-LeaderElection88] INFO  impl.LeaderElection (LeaderElection.java:askForVotes(178)) - 2fdb3e93-e0d8-400e-8c33-91e2341b50c6@group-F01152B53F91-LeaderElection88: begin an election at term 78 for -1: [2fdb3e93-e0d8-400e-8c33-91e2341b50c6:192.168.157.254:43254, 062c71de-08d9-40ee-9309-15590e2e8e68:192.168.157.254:45598, 2a52019e-5647-44e1-bf30-9a43fd8a7377:192.168.157.254:36038], old=null
2019-10-22 00:13:01,811 [grpc-default-executor-6] INFO  impl.RaftServerImpl (RaftServerImpl.java:setRole(184)) - 062c71de-08d9-40ee-9309-15590e2e8e68@group-F01152B53F91: changes role from  FOLLOWER to FOLLOWER at term 78 for recognizeCandidate:2fdb3e93-e0d8-400e-8c33-91e2341b50c6
2019-10-22 00:13:01,811 [grpc-default-executor-6] INFO  impl.RoleInfo (RoleInfo.java:shutdownFollowerState(121)) - 062c71de-08d9-40ee-9309-15590e2e8e68: shutdown FollowerState
2019-10-22 00:13:01,811 [grpc-default-executor-6] INFO  impl.RoleInfo (RoleInfo.java:updateAndGet(143)) - 062c71de-08d9-40ee-9309-15590e2e8e68: start FollowerState
2019-10-22 00:13:01,811 [Thread-968] INFO  impl.FollowerState (FollowerState.java:run(117)) - 062c71de-08d9-40ee-9309-15590e2e8e68@group-F01152B53F91-FollowerState was interrupted: java.lang.InterruptedException: sleep interrupted
2019-10-22 00:13:01,812 [grpc-default-executor-3] INFO  impl.RaftServerImpl (RaftServerImpl.java:setRole(184)) - 2a52019e-5647-44e1-bf30-9a43fd8a7377@group-F01152B53F91: changes role from  FOLLOWER to FOLLOWER at term 78 for recognizeCandidate:2fdb3e93-e0d8-400e-8c33-91e2341b50c6
2019-10-22 00:13:01,812 [grpc-default-executor-3] INFO  impl.RoleInfo (RoleInfo.java:shutdownFollowerState(121)) - 2a52019e-5647-44e1-bf30-9a43fd8a7377: shutdown FollowerState
2019-10-22 00:13:01,812 [grpc-default-executor-3] INFO  impl.RoleInfo (RoleInfo.java:updateAndGet(143)) - 2a52019e-5647-44e1-bf30-9a43fd8a7377: start FollowerState
2019-10-22 00:13:01,812 [Thread-966] INFO  impl.FollowerState (FollowerState.java:run(117)) - 2a52019e-5647-44e1-bf30-9a43fd8a7377@group-F01152B53F91-FollowerState was interrupted: java.lang.InterruptedException: sleep interrupted
2019-10-22 00:13:01,826 [2fdb3e93-e0d8-400e-8c33-91e2341b50c6@group-F01152B53F91-LeaderElection88] INFO  impl.LeaderElection (LeaderElection.java:logAndReturn(56)) - 2fdb3e93-e0d8-400e-8c33-91e2341b50c6@group-F01152B53F91-LeaderElection88: Election REJECTED; received 2 response(s) [2fdb3e93-e0d8-400e-8c33-91e2341b50c6<-062c71de-08d9-40ee-9309-15590e2e8e68#0:FAIL-t78, 2fdb3e93-e0d8-400e-8c33-91e2341b50c6<-2a52019e-5647-44e1-bf30-9a43fd8a7377#0:FAIL-t78] and 0 exception(s); 2fdb3e93-e0d8-400e-8c33-91e2341b50c6@group-F01152B53F91:t78, leader=null, voted=2fdb3e93-e0d8-400e-8c33-91e2341b50c6, raftlog=2fdb3e93-e0d8-400e-8c33-91e2341b50c6@group-F01152B53F91-SegmentedRaftLog:OPENED:c-1,f-1,i0, conf=-1: [2fdb3e93-e0d8-400e-8c33-91e2341b50c6:192.168.157.254:43254, 062c71de-08d9-40ee-9309-15590e2e8e68:192.168.157.254:45598, 2a52019e-5647-44e1-bf30-9a43fd8a7377:192.168.157.254:36038], old=null
2019-10-22 00:13:01,826 [2fdb3e93-e0d8-400e-8c33-91e2341b50c6@group-F01152B53F91-LeaderElection88] INFO  impl.RaftServerImpl (RaftServerImpl.java:setRole(184)) - 2fdb3e93-e0d8-400e-8c33-91e2341b50c6@group-F01152B53F91: changes role from CANDIDATE to FOLLOWER at term 78 for DISCOVERED_A_NEW_TERM
2019-10-22 00:13:01,826 [2fdb3e93-e0d8-400e-8c33-91e2341b50c6@group-F01152B53F91-LeaderElection88] INFO  impl.RoleInfo (RoleInfo.java:shutdownLeaderElection(134)) - 2fdb3e93-e0d8-400e-8c33-91e2341b50c6: shutdown LeaderElection
2019-10-22 00:13:01,826 [2fdb3e93-e0d8-400e-8c33-91e2341b50c6@group-F01152B53F91-LeaderElection88] INFO  impl.RoleInfo (RoleInfo.java:updateAndGet(143)) - 2fdb3e93-e0d8-400e-8c33-91e2341b50c6: start FollowerState
2019-10-22 00:13:01,892 [Thread-976] INFO  impl.FollowerState (FollowerState.java:run(108)) - 2fdb3e93-e0d8-400e-8c33-91e2341b50c6@group-F01152B53F91-FollowerState: change to CANDIDATE, lastRpcTime:66ms, electionTimeout:66ms
2019-10-22 00:13:01,893 [Thread-976] INFO  impl.RoleInfo (RoleInfo.java:shutdownFollowerState(121)) - 2fdb3e93-e0d8-400e-8c33-91e2341b50c6: shutdown FollowerState
2019-10-22 00:13:01,893 [Thread-976] INFO  impl.RaftServerImpl (RaftServerImpl.java:setRole(184)) - 2fdb3e93-e0d8-400e-8c33-91e2341b50c6@group-F01152B53F91: changes role from  FOLLOWER to CANDIDATE at term 78 for changeToCandidate
2019-10-22 00:13:01,893 [Thread-976] INFO  impl.RoleInfo (RoleInfo.java:updateAndGet(143)) - 2fdb3e93-e0d8-400e-8c33-91e2341b50c6: start LeaderElection
2019-10-22 00:13:01,906 [2fdb3e93-e0d8-400e-8c33-91e2341b50c6@group-F01152B53F91-LeaderElection89] INFO  impl.LeaderElection (LeaderElection.java:askForVotes(178)) - 2fdb3e93-e0d8-400e-8c33-91e2341b50c6@group-F01152B53F91-LeaderElection89: begin an election at term 79 for -1: [2fdb3e93-e0d8-400e-8c33-91e2341b50c6:192.168.157.254:43254, 062c71de-08d9-40ee-9309-15590e2e8e68:192.168.157.254:45598, 2a52019e-5647-44e1-bf30-9a43fd8a7377:192.168.157.254:36038], old=null
2019-10-22 00:13:01,908 [grpc-default-executor-3] INFO  impl.RaftServerImpl (RaftServerImpl.java:setRole(184)) - 2a52019e-5647-44e1-bf30-9a43fd8a7377@group-F01152B53F91: changes role from  FOLLOWER to FOLLOWER at term 79 for recognizeCandidate:2fdb3e93-e0d8-400e-8c33-91e2341b50c6
2019-10-22 00:13:01,909 [grpc-default-executor-6] INFO  impl.RaftServerImpl (RaftServerImpl.java:setRole(184)) - 062c71de-08d9-40ee-9309-15590e2e8e68@group-F01152B53F91: changes role from  FOLLOWER to FOLLOWER at term 79 for recognizeCandidate:2fdb3e93-e0d8-400e-8c33-91e2341b50c6
2019-10-22 00:13:01,909 [grpc-default-executor-3] INFO  impl.RoleInfo (RoleInfo.java:shutdownFollowerState(121)) - 2a52019e-5647-44e1-bf30-9a43fd8a7377: shutdown FollowerState
2019-10-22 00:13:01,909 [grpc-default-executor-6] INFO  impl.RoleInfo (RoleInfo.java:shutdownFollowerState(121)) - 062c71de-08d9-40ee-9309-15590e2e8e68: shutdown FollowerState
2019-10-22 00:13:01,909 [Thread-975] INFO  impl.FollowerState (FollowerState.java:run(117)) - 2a52019e-5647-44e1-bf30-9a43fd8a7377@group-F01152B53F91-FollowerState was interrupted: java.lang.InterruptedException: sleep interrupted
2019-10-22 00:13:01,909 [Thread-974] INFO  impl.FollowerState (FollowerState.java:run(117)) - 062c71de-08d9-40ee-9309-15590e2e8e68@group-F01152B53F91-FollowerState was interrupted: java.lang.InterruptedException: sleep interrupted
2019-10-22 00:13:01,909 [grpc-default-executor-3] INFO  impl.RoleInfo (RoleInfo.java:updateAndGet(143)) - 2a52019e-5647-44e1-bf30-9a43fd8a7377: start FollowerState
2019-10-22 00:13:01,909 [grpc-default-executor-6] INFO  impl.RoleInfo (RoleInfo.java:updateAndGet(143)) - 062c71de-08d9-40ee-9309-15590e2e8e68: start FollowerState
2019-10-22 00:13:01,923 [2fdb3e93-e0d8-400e-8c33-91e2341b50c6@group-F01152B53F91-LeaderElection89] INFO  impl.LeaderElection (LeaderElection.java:logAndReturn(56)) - 2fdb3e93-e0d8-400e-8c33-91e2341b50c6@group-F01152B53F91-LeaderElection89: Election REJECTED; received 2 response(s) [2fdb3e93-e0d8-400e-8c33-91e2341b50c6<-062c71de-08d9-40ee-9309-15590e2e8e68#0:FAIL-t79, 2fdb3e93-e0d8-400e-8c33-91e2341b50c6<-2a52019e-5647-44e1-bf30-9a43fd8a7377#0:FAIL-t79] and 0 exception(s); 2fdb3e93-e0d8-400e-8c33-91e2341b50c6@group-F01152B53F91:t79, leader=null, voted=2fdb3e93-e0d8-400e-8c33-91e2341b50c6, raftlog=2fdb3e93-e0d8-400e-8c33-91e2341b50c6@group-F01152B53F91-SegmentedRaftLog:OPENED:c-1,f-1,i0, conf=-1: [2fdb3e93-e0d8-400e-8c33-91e2341b50c6:192.168.157.254:43254, 062c71de-08d9-40ee-9309-15590e2e8e68:192.168.157.254:45598, 2a52019e-5647-44e1-bf30-9a43fd8a7377:192.168.157.254:36038], old=null
2019-10-22 00:13:01,924 [2fdb3e93-e0d8-400e-8c33-91e2341b50c6@group-F01152B53F91-LeaderElection89] INFO  impl.RaftServerImpl (RaftServerImpl.java:setRole(184)) - 2fdb3e93-e0d8-400e-8c33-91e2341b50c6@group-F01152B53F91: changes role from CANDIDATE to FOLLOWER at term 79 for DISCOVERED_A_NEW_TERM
2019-10-22 00:13:01,924 [2fdb3e93-e0d8-400e-8c33-91e2341b50c6@group-F01152B53F91-LeaderElection89] INFO  impl.RoleInfo (RoleInfo.java:shutdownLeaderElection(134)) - 2fdb3e93-e0d8-400e-8c33-91e2341b50c6: shutdown LeaderElection
2019-10-22 00:13:01,924 [2fdb3e93-e0d8-400e-8c33-91e2341b50c6@group-F01152B53F91-LeaderElection89] INFO  impl.RoleInfo (RoleInfo.java:updateAndGet(143)) - 2fdb3e93-e0d8-400e-8c33-91e2341b50c6: start FollowerState
2019-10-22 00:13:01,951 [Thread-983] INFO  impl.FollowerState (FollowerState.java:run(108)) - 2fdb3e93-e0d8-400e-8c33-91e2341b50c6@group-F01152B53F91-FollowerState: change to CANDIDATE, lastRpcTime:27ms, electionTimeout:27ms
2019-10-22 00:13:01,951 [Thread-983] INFO  impl.RoleInfo (RoleInfo.java:shutdownFollowerState(121)) - 2fdb3e93-e0d8-400e-8c33-91e2341b50c6: shutdown FollowerState
2019-10-22 00:13:01,951 [Thread-983] INFO  impl.RaftServerImpl (RaftServerImpl.java:setRole(184)) - 2fdb3e93-e0d8-400e-8c33-91e2341b50c6@group-F01152B53F91: changes role from  FOLLOWER to CANDIDATE at term 79 for changeToCandidate
2019-10-22 00:13:01,952 [Thread-983] INFO  impl.RoleInfo (RoleInfo.java:updateAndGet(143)) - 2fdb3e93-e0d8-400e-8c33-91e2341b50c6: start LeaderElection
2019-10-22 00:13:01,964 [2fdb3e93-e0d8-400e-8c33-91e2341b50c6@group-F01152B53F91-LeaderElection90] INFO  impl.LeaderElection (LeaderElection.java:askForVotes(178)) - 2fdb3e93-e0d8-400e-8c33-91e2341b50c6@group-F01152B53F91-LeaderElection90: begin an election at term 80 for -1: [2fdb3e93-e0d8-400e-8c33-91e2341b50c6:192.168.157.254:43254, 062c71de-08d9-40ee-9309-15590e2e8e68:192.168.157.254:45598, 2a52019e-5647-44e1-bf30-9a43fd8a7377:192.168.157.254:36038], old=null
2019-10-22 00:13:01,967 [grpc-default-executor-3] INFO  impl.RaftServerImpl (RaftServerImpl.java:setRole(184)) - 062c71de-08d9-40ee-9309-15590e2e8e68@group-F01152B53F91: changes role from  FOLLOWER to FOLLOWER at term 80 for recognizeCandidate:2fdb3e93-e0d8-400e-8c33-91e2341b50c6
2019-10-22 00:13:01,967 [grpc-default-executor-3] INFO  impl.RoleInfo (RoleInfo.java:shutdownFollowerState(121)) - 062c71de-08d9-40ee-9309-15590e2e8e68: shutdown FollowerState
2019-10-22 00:13:01,967 [grpc-default-executor-6] INFO  impl.RaftServerImpl (RaftServerImpl.java:setRole(184)) - 2a52019e-5647-44e1-bf30-9a43fd8a7377@group-F01152B53F91: changes role from  FOLLOWER to FOLLOWER at term 80 for recognizeCandidate:2fdb3e93-e0d8-400e-8c33-91e2341b50c6
2019-10-22 00:13:01,967 [Thread-981] INFO  impl.FollowerState (FollowerState.java:run(117)) - 062c71de-08d9-40ee-9309-15590e2e8e68@group-F01152B53F91-FollowerState was interrupted: java.lang.InterruptedException: sleep interrupted
2019-10-22 00:13:01,967 [grpc-default-executor-3] INFO  impl.RoleInfo (RoleInfo.java:updateAndGet(143)) - 062c71de-08d9-40ee-9309-15590e2e8e68: start FollowerState
2019-10-22 00:13:01,967 [grpc-default-executor-6] INFO  impl.RoleInfo (RoleInfo.java:shutdownFollowerState(121)) - 2a52019e-5647-44e1-bf30-9a43fd8a7377: shutdown FollowerState
2019-10-22 00:13:01,967 [grpc-default-executor-6] INFO  impl.RoleInfo (RoleInfo.java:updateAndGet(143)) - 2a52019e-5647-44e1-bf30-9a43fd8a7377: start FollowerState
2019-10-22 00:13:01,967 [Thread-980] INFO  impl.FollowerState (FollowerState.java:run(117)) - 2a52019e-5647-44e1-bf30-9a43fd8a7377@group-F01152B53F91-FollowerState was interrupted: java.lang.InterruptedException: sleep interrupted
2019-10-22 00:13:01,981 [2fdb3e93-e0d8-400e-8c33-91e2341b50c6@group-F01152B53F91-LeaderElection90] INFO  impl.LeaderElection (LeaderElection.java:logAndReturn(56)) - 2fdb3e93-e0d8-400e-8c33-91e2341b50c6@group-F01152B53F91-LeaderElection90: Election REJECTED; received 2 response(s) [2fdb3e93-e0d8-400e-8c33-91e2341b50c6<-062c71de-08d9-40ee-9309-15590e2e8e68#0:FAIL-t80, 2fdb3e93-e0d8-400e-8c33-91e2341b50c6<-2a52019e-5647-44e1-bf30-9a43fd8a7377#0:FAIL-t80] and 0 exception(s); 2fdb3e93-e0d8-400e-8c33-91e2341b50c6@group-F01152B53F91:t80, leader=null, voted=2fdb3e93-e0d8-400e-8c33-91e2341b50c6, raftlog=2fdb3e93-e0d8-400e-8c33-91e2341b50c6@group-F01152B53F91-SegmentedRaftLog:OPENED:c-1,f-1,i0, conf=-1: [2fdb3e93-e0d8-400e-8c33-91e2341b50c6:192.168.157.254:43254, 062c71de-08d9-40ee-9309-15590e2e8e68:192.168.157.254:45598, 2a52019e-5647-44e1-bf30-9a43fd8a7377:192.168.157.254:36038], old=null
2019-10-22 00:13:01,981 [2fdb3e93-e0d8-400e-8c33-91e2341b50c6@group-F01152B53F91-LeaderElection90] INFO  impl.RaftServerImpl (RaftServerImpl.java:setRole(184)) - 2fdb3e93-e0d8-400e-8c33-91e2341b50c6@group-F01152B53F91: changes role from CANDIDATE to FOLLOWER at term 80 for DISCOVERED_A_NEW_TERM
2019-10-22 00:13:01,982 [2fdb3e93-e0d8-400e-8c33-91e2341b50c6@group-F01152B53F91-LeaderElection90] INFO  impl.RoleInfo (RoleInfo.java:shutdownLeaderElection(134)) - 2fdb3e93-e0d8-400e-8c33-91e2341b50c6: shutdown LeaderElection
2019-10-22 00:13:01,982 [2fdb3e93-e0d8-400e-8c33-91e2341b50c6@group-F01152B53F91-LeaderElection90] INFO  impl.RoleInfo (RoleInfo.java:updateAndGet(143)) - 2fdb3e93-e0d8-400e-8c33-91e2341b50c6: start FollowerState
2019-10-22 00:13:02,029 [Thread-990] INFO  impl.FollowerState (FollowerState.java:run(108)) - 2fdb3e93-e0d8-400e-8c33-91e2341b50c6@group-F01152B53F91-FollowerState: change to CANDIDATE, lastRpcTime:47ms, electionTimeout:47ms
2019-10-22 00:13:02,030 [Thread-990] INFO  impl.RoleInfo (RoleInfo.java:shutdownFollowerState(121)) - 2fdb3e93-e0d8-400e-8c33-91e2341b50c6: shutdown FollowerState
2019-10-22 00:13:02,030 [Thread-990] INFO  impl.RaftServerImpl (RaftServerImpl.java:setRole(184)) - 2fdb3e93-e0d8-400e-8c33-91e2341b50c6@group-F01152B53F91: changes role from  FOLLOWER to CANDIDATE at term 80 for changeToCandidate
2019-10-22 00:13:02,030 [Thread-990] INFO  impl.RoleInfo (RoleInfo.java:updateAndGet(143)) - 2fdb3e93-e0d8-400e-8c33-91e2341b50c6: start LeaderElection
2019-10-22 00:13:02,044 [2fdb3e93-e0d8-400e-8c33-91e2341b50c6@group-F01152B53F91-LeaderElection91] INFO  impl.LeaderElection (LeaderElection.java:askForVotes(178)) - 2fdb3e93-e0d8-400e-8c33-91e2341b50c6@group-F01152B53F91-LeaderElection91: begin an election at term 81 for -1: [2fdb3e93-e0d8-400e-8c33-91e2341b50c6:192.168.157.254:43254, 062c71de-08d9-40ee-9309-15590e2e8e68:192.168.157.254:45598, 2a52019e-5647-44e1-bf30-9a43fd8a7377:192.168.157.254:36038], old=null
2019-10-22 00:13:02,046 [grpc-default-executor-3] INFO  impl.RaftServerImpl (RaftServerImpl.java:setRole(184)) - 2a52019e-5647-44e1-bf30-9a43fd8a7377@group-F01152B53F91: changes role from  FOLLOWER to FOLLOWER at term 81 for recognizeCandidate:2fdb3e93-e0d8-400e-8c33-91e2341b50c6
2019-10-22 00:13:02,046 [grpc-default-executor-3] INFO  impl.RoleInfo (RoleInfo.java:shutdownFollowerState(121)) - 2a52019e-5647-44e1-bf30-9a43fd8a7377: shutdown FollowerState
2019-10-22 00:13:02,046 [grpc-default-executor-6] INFO  impl.RaftServerImpl (RaftServerImpl.java:setRole(184)) - 062c71de-08d9-40ee-9309-15590e2e8e68@group-F01152B53F91: changes role from  FOLLOWER to FOLLOWER at term 81 for recognizeCandidate:2fdb3e93-e0d8-400e-8c33-91e2341b50c6
2019-10-22 00:13:02,046 [Thread-989] INFO  impl.FollowerState (FollowerState.java:run(117)) - 2a52019e-5647-44e1-bf30-9a43fd8a7377@group-F01152B53F91-FollowerState was interrupted: java.lang.InterruptedException: sleep interrupted
2019-10-22 00:13:02,046 [grpc-default-executor-3] INFO  impl.RoleInfo (RoleInfo.java:updateAndGet(143)) - 2a52019e-5647-44e1-bf30-9a43fd8a7377: start FollowerState
2019-10-22 00:13:02,046 [grpc-default-executor-6] INFO  impl.RoleInfo (RoleInfo.java:shutdownFollowerState(121)) - 062c71de-08d9-40ee-9309-15590e2e8e68: shutdown FollowerState
2019-10-22 00:13:02,047 [grpc-default-executor-6] INFO  impl.RoleInfo (RoleInfo.java:updateAndGet(143)) - 062c71de-08d9-40ee-9309-15590e2e8e68: start FollowerState
2019-10-22 00:13:02,047 [Thread-988] INFO  impl.FollowerState (FollowerState.java:run(117)) - 062c71de-08d9-40ee-9309-15590e2e8e68@group-F01152B53F91-FollowerState was interrupted: java.lang.InterruptedException: sleep interrupted
2019-10-22 00:13:02,060 [2fdb3e93-e0d8-400e-8c33-91e2341b50c6@group-F01152B53F91-LeaderElection91] INFO  impl.LeaderElection (LeaderElection.java:logAndReturn(56)) - 2fdb3e93-e0d8-400e-8c33-91e2341b50c6@group-F01152B53F91-LeaderElection91: Election REJECTED; received 2 response(s) [2fdb3e93-e0d8-400e-8c33-91e2341b50c6<-062c71de-08d9-40ee-9309-15590e2e8e68#0:FAIL-t81, 2fdb3e93-e0d8-400e-8c33-91e2341b50c6<-2a52019e-5647-44e1-bf30-9a43fd8a7377#0:FAIL-t81] and 0 exception(s); 2fdb3e93-e0d8-400e-8c33-91e2341b50c6@group-F01152B53F91:t81, leader=null, voted=2fdb3e93-e0d8-400e-8c33-91e2341b50c6, raftlog=2fdb3e93-e0d8-400e-8c33-91e2341b50c6@group-F01152B53F91-SegmentedRaftLog:OPENED:c-1,f-1,i0, conf=-1: [2fdb3e93-e0d8-400e-8c33-91e2341b50c6:192.168.157.254:43254, 062c71de-08d9-40ee-9309-15590e2e8e68:192.168.157.254:45598, 2a52019e-5647-44e1-bf30-9a43fd8a7377:192.168.157.254:36038], old=null
2019-10-22 00:13:02,060 [2fdb3e93-e0d8-400e-8c33-91e2341b50c6@group-F01152B53F91-LeaderElection91] INFO  impl.RaftServerImpl (RaftServerImpl.java:setRole(184)) - 2fdb3e93-e0d8-400e-8c33-91e2341b50c6@group-F01152B53F91: changes role from CANDIDATE to FOLLOWER at term 81 for DISCOVERED_A_NEW_TERM
2019-10-22 00:13:02,060 [2fdb3e93-e0d8-400e-8c33-91e2341b50c6@group-F01152B53F91-LeaderElection91] INFO  impl.RoleInfo (RoleInfo.java:shutdownLeaderElection(134)) - 2fdb3e93-e0d8-400e-8c33-91e2341b50c6: shutdown LeaderElection
2019-10-22 00:13:02,061 [2fdb3e93-e0d8-400e-8c33-91e2341b50c6@group-F01152B53F91-LeaderElection91] INFO  impl.RoleInfo (RoleInfo.java:updateAndGet(143)) - 2fdb3e93-e0d8-400e-8c33-91e2341b50c6: start FollowerState
2019-10-22 00:13:02,136 [Thread-996] INFO  impl.FollowerState (FollowerState.java:run(108)) - 2fdb3e93-e0d8-400e-8c33-91e2341b50c6@group-F01152B53F91-FollowerState: change to CANDIDATE, lastRpcTime:75ms, electionTimeout:75ms
2019-10-22 00:13:02,136 [Thread-996] INFO  impl.RoleInfo (RoleInfo.java:shutdownFollowerState(121)) - 2fdb3e93-e0d8-400e-8c33-91e2341b50c6: shutdown FollowerState
2019-10-22 00:13:02,136 [Thread-996] INFO  impl.RaftServerImpl (RaftServerImpl.java:setRole(184)) - 2fdb3e93-e0d8-400e-8c33-91e2341b50c6@group-F01152B53F91: changes role from  FOLLOWER to CANDIDATE at term 81 for changeToCandidate
2019-10-22 00:13:02,137 [Thread-996] INFO  impl.RoleInfo (RoleInfo.java:updateAndGet(143)) - 2fdb3e93-e0d8-400e-8c33-91e2341b50c6: start LeaderElection
2019-10-22 00:13:02,150 [2fdb3e93-e0d8-400e-8c33-91e2341b50c6@group-F01152B53F91-LeaderElection92] INFO  impl.LeaderElection (LeaderElection.java:askForVotes(178)) - 2fdb3e93-e0d8-400e-8c33-91e2341b50c6@group-F01152B53F91-LeaderElection92: begin an election at term 82 for -1: [2fdb3e93-e0d8-400e-8c33-91e2341b50c6:192.168.157.254:43254, 062c71de-08d9-40ee-9309-15590e2e8e68:192.168.157.254:45598, 2a52019e-5647-44e1-bf30-9a43fd8a7377:192.168.157.254:36038], old=null
2019-10-22 00:13:02,153 [grpc-default-executor-3] INFO  impl.RaftServerImpl (RaftServerImpl.java:setRole(184)) - 062c71de-08d9-40ee-9309-15590e2e8e68@group-F01152B53F91: changes role from  FOLLOWER to FOLLOWER at term 82 for recognizeCandidate:2fdb3e93-e0d8-400e-8c33-91e2341b50c6
2019-10-22 00:13:02,153 [grpc-default-executor-3] INFO  impl.RoleInfo (RoleInfo.java:shutdownFollowerState(121)) - 062c71de-08d9-40ee-9309-15590e2e8e68: shutdown FollowerState
2019-10-22 00:13:02,153 [grpc-default-executor-3] INFO  impl.RoleInfo (RoleInfo.java:updateAndGet(143)) - 062c71de-08d9-40ee-9309-15590e2e8e68: start FollowerState
2019-10-22 00:13:02,154 [Thread-995] INFO  impl.FollowerState (FollowerState.java:run(117)) - 062c71de-08d9-40ee-9309-15590e2e8e68@group-F01152B53F91-FollowerState was interrupted: java.lang.InterruptedException: sleep interrupted
2019-10-22 00:13:02,154 [grpc-default-executor-6] INFO  impl.RaftServerImpl (RaftServerImpl.java:setRole(184)) - 2a52019e-5647-44e1-bf30-9a43fd8a7377@group-F01152B53F91: changes role from  FOLLOWER to FOLLOWER at term 82 for recognizeCandidate:2fdb3e93-e0d8-400e-8c33-91e2341b50c6
2019-10-22 00:13:02,154 [grpc-default-executor-6] INFO  impl.RoleInfo (RoleInfo.java:shutdownFollowerState(121)) - 2a52019e-5647-44e1-bf30-9a43fd8a7377: shutdown FollowerState
2019-10-22 00:13:02,154 [grpc-default-executor-6] INFO  impl.RoleInfo (RoleInfo.java:updateAndGet(143)) - 2a52019e-5647-44e1-bf30-9a43fd8a7377: start FollowerState
2019-10-22 00:13:02,154 [Thread-994] INFO  impl.FollowerState (FollowerState.java:run(117)) - 2a52019e-5647-44e1-bf30-9a43fd8a7377@group-F01152B53F91-FollowerState was interrupted: java.lang.InterruptedException: sleep interrupted
2019-10-22 00:13:02,168 [2fdb3e93-e0d8-400e-8c33-91e2341b50c6@group-F01152B53F91-LeaderElection92] INFO  impl.LeaderElection (LeaderElection.java:logAndReturn(56)) - 2fdb3e93-e0d8-400e-8c33-91e2341b50c6@group-F01152B53F91-LeaderElection92: Election REJECTED; received 2 response(s) [2fdb3e93-e0d8-400e-8c33-91e2341b50c6<-062c71de-08d9-40ee-9309-15590e2e8e68#0:FAIL-t82, 2fdb3e93-e0d8-400e-8c33-91e2341b50c6<-2a52019e-5647-44e1-bf30-9a43fd8a7377#0:FAIL-t82] and 0 exception(s); 2fdb3e93-e0d8-400e-8c33-91e2341b50c6@group-F01152B53F91:t82, leader=null, voted=2fdb3e93-e0d8-400e-8c33-91e2341b50c6, raftlog=2fdb3e93-e0d8-400e-8c33-91e2341b50c6@group-F01152B53F91-SegmentedRaftLog:OPENED:c-1,f-1,i0, conf=-1: [2fdb3e93-e0d8-400e-8c33-91e2341b50c6:192.168.157.254:43254, 062c71de-08d9-40ee-9309-15590e2e8e68:192.168.157.254:45598, 2a52019e-5647-44e1-bf30-9a43fd8a7377:192.168.157.254:36038], old=null
2019-10-22 00:13:02,169 [2fdb3e93-e0d8-400e-8c33-91e2341b50c6@group-F01152B53F91-LeaderElection92] INFO  impl.RaftServerImpl (RaftServerImpl.java:setRole(184)) - 2fdb3e93-e0d8-400e-8c33-91e2341b50c6@group-F01152B53F91: changes role from CANDIDATE to FOLLOWER at term 82 for DISCOVERED_A_NEW_TERM
2019-10-22 00:13:02,169 [2fdb3e93-e0d8-400e-8c33-91e2341b50c6@group-F01152B53F91-LeaderElection92] INFO  impl.RoleInfo (RoleInfo.java:shutdownLeaderElection(134)) - 2fdb3e93-e0d8-400e-8c33-91e2341b50c6: shutdown LeaderElection
2019-10-22 00:13:02,169 [2fdb3e93-e0d8-400e-8c33-91e2341b50c6@group-F01152B53F91-LeaderElection92] INFO  impl.RoleInfo (RoleInfo.java:updateAndGet(143)) - 2fdb3e93-e0d8-400e-8c33-91e2341b50c6: start FollowerState
2019-10-22 00:13:02,200 [Thread-1002] INFO  impl.FollowerState (FollowerState.java:run(108)) - 2fdb3e93-e0d8-400e-8c33-91e2341b50c6@group-F01152B53F91-FollowerState: change to CANDIDATE, lastRpcTime:31ms, electionTimeout:31ms
2019-10-22 00:13:02,201 [Thread-1002] INFO  impl.RoleInfo (RoleInfo.java:shutdownFollowerState(121)) - 2fdb3e93-e0d8-400e-8c33-91e2341b50c6: shutdown FollowerState
2019-10-22 00:13:02,201 [Thread-1002] INFO  impl.RaftServerImpl (RaftServerImpl.java:setRole(184)) - 2fdb3e93-e0d8-400e-8c33-91e2341b50c6@group-F01152B53F91: changes role from  FOLLOWER to CANDIDATE at term 82 for changeToCandidate
2019-10-22 00:13:02,201 [Thread-1002] INFO  impl.RoleInfo (RoleInfo.java:updateAndGet(143)) - 2fdb3e93-e0d8-400e-8c33-91e2341b50c6: start LeaderElection
2019-10-22 00:13:02,210 [2fdb3e93-e0d8-400e-8c33-91e2341b50c6@group-F01152B53F91-LeaderElection93] INFO  impl.LeaderElection (LeaderElection.java:askForVotes(178)) - 2fdb3e93-e0d8-400e-8c33-91e2341b50c6@group-F01152B53F91-LeaderElection93: begin an election at term 83 for -1: [2fdb3e93-e0d8-400e-8c33-91e2341b50c6:192.168.157.254:43254, 062c71de-08d9-40ee-9309-15590e2e8e68:192.168.157.254:45598, 2a52019e-5647-44e1-bf30-9a43fd8a7377:192.168.157.254:36038], old=null
2019-10-22 00:13:02,213 [grpc-default-executor-6] INFO  impl.RaftServerImpl (RaftServerImpl.java:setRole(184)) - 062c71de-08d9-40ee-9309-15590e2e8e68@group-F01152B53F91: changes role from  FOLLOWER to FOLLOWER at term 83 for recognizeCandidate:2fdb3e93-e0d8-400e-8c33-91e2341b50c6
2019-10-22 00:13:02,213 [grpc-default-executor-6] INFO  impl.RoleInfo (RoleInfo.java:shutdownFollowerState(121)) - 062c71de-08d9-40ee-9309-15590e2e8e68: shutdown FollowerState
2019-10-22 00:13:02,213 [grpc-default-executor-6] INFO  impl.RoleInfo (RoleInfo.java:updateAndGet(143)) - 062c71de-08d9-40ee-9309-15590e2e8e68: start FollowerState
2019-10-22 00:13:02,214 [grpc-default-executor-3] INFO  impl.RaftServerImpl (RaftServerImpl.java:setRole(184)) - 2a52019e-5647-44e1-bf30-9a43fd8a7377@group-F01152B53F91: changes role from  FOLLOWER to FOLLOWER at term 83 for recognizeCandidate:2fdb3e93-e0d8-400e-8c33-91e2341b50c6
2019-10-22 00:13:02,214 [Thread-1000] INFO  impl.FollowerState (FollowerState.java:run(117)) - 062c71de-08d9-40ee-9309-15590e2e8e68@group-F01152B53F91-FollowerState was interrupted: java.lang.InterruptedException: sleep interrupted
2019-10-22 00:13:02,214 [grpc-default-executor-3] INFO  impl.RoleInfo (RoleInfo.java:shutdownFollowerState(121)) - 2a52019e-5647-44e1-bf30-9a43fd8a7377: shutdown FollowerState
2019-10-22 00:13:02,214 [grpc-default-executor-3] INFO  impl.RoleInfo (RoleInfo.java:updateAndGet(143)) - 2a52019e-5647-44e1-bf30-9a43fd8a7377: start FollowerState
2019-10-22 00:13:02,214 [Thread-1001] INFO  impl.FollowerState (FollowerState.java:run(117)) - 2a52019e-5647-44e1-bf30-9a43fd8a7377@group-F01152B53F91-FollowerState was interrupted: java.lang.InterruptedException: sleep interrupted
2019-10-22 00:13:02,228 [2fdb3e93-e0d8-400e-8c33-91e2341b50c6@group-F01152B53F91-LeaderElection93] INFO  impl.LeaderElection (LeaderElection.java:logAndReturn(56)) - 2fdb3e93-e0d8-400e-8c33-91e2341b50c6@group-F01152B53F91-LeaderElection93: Election REJECTED; received 2 response(s) [2fdb3e93-e0d8-400e-8c33-91e2341b50c6<-062c71de-08d9-40ee-9309-15590e2e8e68#0:FAIL-t83, 2fdb3e93-e0d8-400e-8c33-91e2341b50c6<-2a52019e-5647-44e1-bf30-9a43fd8a7377#0:FAIL-t83] and 0 exception(s); 2fdb3e93-e0d8-400e-8c33-91e2341b50c6@group-F01152B53F91:t83, leader=null, voted=2fdb3e93-e0d8-400e-8c33-91e2341b50c6, raftlog=2fdb3e93-e0d8-400e-8c33-91e2341b50c6@group-F01152B53F91-SegmentedRaftLog:OPENED:c-1,f-1,i0, conf=-1: [2fdb3e93-e0d8-400e-8c33-91e2341b50c6:192.168.157.254:43254, 062c71de-08d9-40ee-9309-15590e2e8e68:192.168.157.254:45598, 2a52019e-5647-44e1-bf30-9a43fd8a7377:192.168.157.254:36038], old=null
2019-10-22 00:13:02,228 [2fdb3e93-e0d8-400e-8c33-91e2341b50c6@group-F01152B53F91-LeaderElection93] INFO  impl.RaftServerImpl (RaftServerImpl.java:setRole(184)) - 2fdb3e93-e0d8-400e-8c33-91e2341b50c6@group-F01152B53F91: changes role from CANDIDATE to FOLLOWER at term 83 for DISCOVERED_A_NEW_TERM
2019-10-22 00:13:02,228 [2fdb3e93-e0d8-400e-8c33-91e2341b50c6@group-F01152B53F91-LeaderElection93] INFO  impl.RoleInfo (RoleInfo.java:shutdownLeaderElection(134)) - 2fdb3e93-e0d8-400e-8c33-91e2341b50c6: shutdown LeaderElection
2019-10-22 00:13:02,228 [2fdb3e93-e0d8-400e-8c33-91e2341b50c6@group-F01152B53F91-LeaderElection93] INFO  impl.RoleInfo (RoleInfo.java:updateAndGet(143)) - 2fdb3e93-e0d8-400e-8c33-91e2341b50c6: start FollowerState
2019-10-22 00:13:02,347 [Thread-1008] INFO  impl.FollowerState (FollowerState.java:run(108)) - 2fdb3e93-e0d8-400e-8c33-91e2341b50c6@group-F01152B53F91-FollowerState: change to CANDIDATE, lastRpcTime:118ms, electionTimeout:118ms
2019-10-22 00:13:02,347 [Thread-1008] INFO  impl.RoleInfo (RoleInfo.java:shutdownFollowerState(121)) - 2fdb3e93-e0d8-400e-8c33-91e2341b50c6: shutdown FollowerState
2019-10-22 00:13:02,347 [Thread-1008] INFO  impl.RaftServerImpl (RaftServerImpl.java:setRole(184)) - 2fdb3e93-e0d8-400e-8c33-91e2341b50c6@group-F01152B53F91: changes role from  FOLLOWER to CANDIDATE at term 83 for changeToCandidate
2019-10-22 00:13:02,347 [Thread-1008] INFO  impl.RoleInfo (RoleInfo.java:updateAndGet(143)) - 2fdb3e93-e0d8-400e-8c33-91e2341b50c6: start LeaderElection
2019-10-22 00:13:02,361 [2fdb3e93-e0d8-400e-8c33-91e2341b50c6@group-F01152B53F91-LeaderElection94] INFO  impl.LeaderElection (LeaderElection.java:askForVotes(178)) - 2fdb3e93-e0d8-400e-8c33-91e2341b50c6@group-F01152B53F91-LeaderElection94: begin an election at term 84 for -1: [2fdb3e93-e0d8-400e-8c33-91e2341b50c6:192.168.157.254:43254, 062c71de-08d9-40ee-9309-15590e2e8e68:192.168.157.254:45598, 2a52019e-5647-44e1-bf30-9a43fd8a7377:192.168.157.254:36038], old=null
2019-10-22 00:13:02,364 [grpc-default-executor-6] INFO  impl.RaftServerImpl (RaftServerImpl.java:setRole(184)) - 062c71de-08d9-40ee-9309-15590e2e8e68@group-F01152B53F91: changes role from  FOLLOWER to FOLLOWER at term 84 for recognizeCandidate:2fdb3e93-e0d8-400e-8c33-91e2341b50c6
2019-10-22 00:13:02,364 [grpc-default-executor-6] INFO  impl.RoleInfo (RoleInfo.java:shutdownFollowerState(121)) - 062c71de-08d9-40ee-9309-15590e2e8e68: shutdown FollowerState
2019-10-22 00:13:02,364 [grpc-default-executor-6] INFO  impl.RoleInfo (RoleInfo.java:updateAndGet(143)) - 062c71de-08d9-40ee-9309-15590e2e8e68: start FollowerState
2019-10-22 00:13:02,364 [Thread-1006] INFO  impl.FollowerState (FollowerState.java:run(117)) - 062c71de-08d9-40ee-9309-15590e2e8e68@group-F01152B53F91-FollowerState was interrupted: java.lang.InterruptedException: sleep interrupted
2019-10-22 00:13:02,364 [grpc-default-executor-3] INFO  impl.RaftServerImpl (RaftServerImpl.java:setRole(184)) - 2a52019e-5647-44e1-bf30-9a43fd8a7377@group-F01152B53F91: changes role from  FOLLOWER to FOLLOWER at term 84 for recognizeCandidate:2fdb3e93-e0d8-400e-8c33-91e2341b50c6
2019-10-22 00:13:02,365 [grpc-default-executor-3] INFO  impl.RoleInfo (RoleInfo.java:shutdownFollowerState(121)) - 2a52019e-5647-44e1-bf30-9a43fd8a7377: shutdown FollowerState
2019-10-22 00:13:02,365 [grpc-default-executor-3] INFO  impl.RoleInfo (RoleInfo.java:updateAndGet(143)) - 2a52019e-5647-44e1-bf30-9a43fd8a7377: start FollowerState
2019-10-22 00:13:02,365 [Thread-1007] INFO  impl.FollowerState (FollowerState.java:run(117)) - 2a52019e-5647-44e1-bf30-9a43fd8a7377@group-F01152B53F91-FollowerState was interrupted: java.lang.InterruptedException: sleep interrupted
2019-10-22 00:13:02,379 [2fdb3e93-e0d8-400e-8c33-91e2341b50c6@group-F01152B53F91-LeaderElection94] INFO  impl.LeaderElection (LeaderElection.java:logAndReturn(56)) - 2fdb3e93-e0d8-400e-8c33-91e2341b50c6@group-F01152B53F91-LeaderElection94: Election REJECTED; received 2 response(s) [2fdb3e93-e0d8-400e-8c33-91e2341b50c6<-062c71de-08d9-40ee-9309-15590e2e8e68#0:FAIL-t84, 2fdb3e93-e0d8-400e-8c33-91e2341b50c6<-2a52019e-5647-44e1-bf30-9a43fd8a7377#0:FAIL-t84] and 0 exception(s); 2fdb3e93-e0d8-400e-8c33-91e2341b50c6@group-F01152B53F91:t84, leader=null, voted=2fdb3e93-e0d8-400e-8c33-91e2341b50c6, raftlog=2fdb3e93-e0d8-400e-8c33-91e2341b50c6@group-F01152B53F91-SegmentedRaftLog:OPENED:c-1,f-1,i0, conf=-1: [2fdb3e93-e0d8-400e-8c33-91e2341b50c6:192.168.157.254:43254, 062c71de-08d9-40ee-9309-15590e2e8e68:192.168.157.254:45598, 2a52019e-5647-44e1-bf30-9a43fd8a7377:192.168.157.254:36038], old=null
2019-10-22 00:13:02,379 [2fdb3e93-e0d8-400e-8c33-91e2341b50c6@group-F01152B53F91-LeaderElection94] INFO  impl.RaftServerImpl (RaftServerImpl.java:setRole(184)) - 2fdb3e93-e0d8-400e-8c33-91e2341b50c6@group-F01152B53F91: changes role from CANDIDATE to FOLLOWER at term 84 for DISCOVERED_A_NEW_TERM
2019-10-22 00:13:02,379 [2fdb3e93-e0d8-400e-8c33-91e2341b50c6@group-F01152B53F91-LeaderElection94] INFO  impl.RoleInfo (RoleInfo.java:shutdownLeaderElection(134)) - 2fdb3e93-e0d8-400e-8c33-91e2341b50c6: shutdown LeaderElection
2019-10-22 00:13:02,380 [2fdb3e93-e0d8-400e-8c33-91e2341b50c6@group-F01152B53F91-LeaderElection94] INFO  impl.RoleInfo (RoleInfo.java:updateAndGet(143)) - 2fdb3e93-e0d8-400e-8c33-91e2341b50c6: start FollowerState
2019-10-22 00:13:02,518 [Thread-1016] INFO  impl.FollowerState (FollowerState.java:run(108)) - 2fdb3e93-e0d8-400e-8c33-91e2341b50c6@group-F01152B53F91-FollowerState: change to CANDIDATE, lastRpcTime:138ms, electionTimeout:138ms
2019-10-22 00:13:02,518 [Thread-1016] INFO  impl.RoleInfo (RoleInfo.java:shutdownFollowerState(121)) - 2fdb3e93-e0d8-400e-8c33-91e2341b50c6: shutdown FollowerState
2019-10-22 00:13:02,518 [Thread-1016] INFO  impl.RaftServerImpl (RaftServerImpl.java:setRole(184)) - 2fdb3e93-e0d8-400e-8c33-91e2341b50c6@group-F01152B53F91: changes role from  FOLLOWER to CANDIDATE at term 84 for changeToCandidate
2019-10-22 00:13:02,518 [Thread-1016] INFO  impl.RoleInfo (RoleInfo.java:updateAndGet(143)) - 2fdb3e93-e0d8-400e-8c33-91e2341b50c6: start LeaderElection
2019-10-22 00:13:02,533 [2fdb3e93-e0d8-400e-8c33-91e2341b50c6@group-F01152B53F91-LeaderElection95] INFO  impl.LeaderElection (LeaderElection.java:askForVotes(178)) - 2fdb3e93-e0d8-400e-8c33-91e2341b50c6@group-F01152B53F91-LeaderElection95: begin an election at term 85 for -1: [2fdb3e93-e0d8-400e-8c33-91e2341b50c6:192.168.157.254:43254, 062c71de-08d9-40ee-9309-15590e2e8e68:192.168.157.254:45598, 2a52019e-5647-44e1-bf30-9a43fd8a7377:192.168.157.254:36038], old=null
2019-10-22 00:13:02,536 [grpc-default-executor-3] INFO  impl.RaftServerImpl (RaftServerImpl.java:setRole(184)) - 062c71de-08d9-40ee-9309-15590e2e8e68@group-F01152B53F91: changes role from  FOLLOWER to FOLLOWER at term 85 for recognizeCandidate:2fdb3e93-e0d8-400e-8c33-91e2341b50c6
2019-10-22 00:13:02,537 [grpc-default-executor-3] INFO  impl.RoleInfo (RoleInfo.java:shutdownFollowerState(121)) - 062c71de-08d9-40ee-9309-15590e2e8e68: shutdown FollowerState
2019-10-22 00:13:02,537 [grpc-default-executor-6] INFO  impl.RaftServerImpl (RaftServerImpl.java:setRole(184)) - 2a52019e-5647-44e1-bf30-9a43fd8a7377@group-F01152B53F91: changes role from  FOLLOWER to FOLLOWER at term 85 for recognizeCandidate:2fdb3e93-e0d8-400e-8c33-91e2341b50c6
2019-10-22 00:13:02,537 [Thread-1014] INFO  impl.FollowerState (FollowerState.java:run(117)) - 062c71de-08d9-40ee-9309-15590e2e8e68@group-F01152B53F91-FollowerState was interrupted: java.lang.InterruptedException: sleep interrupted
2019-10-22 00:13:02,537 [grpc-default-executor-3] INFO  impl.RoleInfo (RoleInfo.java:updateAndGet(143)) - 062c71de-08d9-40ee-9309-15590e2e8e68: start FollowerState
2019-10-22 00:13:02,537 [grpc-default-executor-6] INFO  impl.RoleInfo (RoleInfo.java:shutdownFollowerState(121)) - 2a52019e-5647-44e1-bf30-9a43fd8a7377: shutdown FollowerState
2019-10-22 00:13:02,538 [grpc-default-executor-6] INFO  impl.RoleInfo (RoleInfo.java:updateAndGet(143)) - 2a52019e-5647-44e1-bf30-9a43fd8a7377: start FollowerState
2019-10-22 00:13:02,538 [Thread-1015] INFO  impl.FollowerState (FollowerState.java:run(117)) - 2a52019e-5647-44e1-bf30-9a43fd8a7377@group-F01152B53F91-FollowerState was interrupted: java.lang.InterruptedException: sleep interrupted
2019-10-22 00:13:02,552 [2fdb3e93-e0d8-400e-8c33-91e2341b50c6@group-F01152B53F91-LeaderElection95] INFO  impl.LeaderElection (LeaderElection.java:logAndReturn(56)) - 2fdb3e93-e0d8-400e-8c33-91e2341b50c6@group-F01152B53F91-LeaderElection95: Election REJECTED; received 2 response(s) [2fdb3e93-e0d8-400e-8c33-91e2341b50c6<-062c71de-08d9-40ee-9309-15590e2e8e68#0:FAIL-t85, 2fdb3e93-e0d8-400e-8c33-91e2341b50c6<-2a52019e-5647-44e1-bf30-9a43fd8a7377#0:FAIL-t85] and 0 exception(s); 2fdb3e93-e0d8-400e-8c33-91e2341b50c6@group-F01152B53F91:t85, leader=null, voted=2fdb3e93-e0d8-400e-8c33-91e2341b50c6, raftlog=2fdb3e93-e0d8-400e-8c33-91e2341b50c6@group-F01152B53F91-SegmentedRaftLog:OPENED:c-1,f-1,i0, conf=-1: [2fdb3e93-e0d8-400e-8c33-91e2341b50c6:192.168.157.254:43254, 062c71de-08d9-40ee-9309-15590e2e8e68:192.168.157.254:45598, 2a52019e-5647-44e1-bf30-9a43fd8a7377:192.168.157.254:36038], old=null
2019-10-22 00:13:02,552 [2fdb3e93-e0d8-400e-8c33-91e2341b50c6@group-F01152B53F91-LeaderElection95] INFO  impl.RaftServerImpl (RaftServerImpl.java:setRole(184)) - 2fdb3e93-e0d8-400e-8c33-91e2341b50c6@group-F01152B53F91: changes role from CANDIDATE to FOLLOWER at term 85 for DISCOVERED_A_NEW_TERM
2019-10-22 00:13:02,553 [2fdb3e93-e0d8-400e-8c33-91e2341b50c6@group-F01152B53F91-LeaderElection95] INFO  impl.RoleInfo (RoleInfo.java:shutdownLeaderElection(134)) - 2fdb3e93-e0d8-400e-8c33-91e2341b50c6: shutdown LeaderElection
2019-10-22 00:13:02,553 [2fdb3e93-e0d8-400e-8c33-91e2341b50c6@group-F01152B53F91-LeaderElection95] INFO  impl.RoleInfo (RoleInfo.java:updateAndGet(143)) - 2fdb3e93-e0d8-400e-8c33-91e2341b50c6: start FollowerState
2019-10-22 00:13:02,569 [Thread-1024] INFO  impl.FollowerState (FollowerState.java:run(108)) - 2fdb3e93-e0d8-400e-8c33-91e2341b50c6@group-F01152B53F91-FollowerState: change to CANDIDATE, lastRpcTime:16ms, electionTimeout:16ms
2019-10-22 00:13:02,569 [Thread-1024] INFO  impl.RoleInfo (RoleInfo.java:shutdownFollowerState(121)) - 2fdb3e93-e0d8-400e-8c33-91e2341b50c6: shutdown FollowerState
2019-10-22 00:13:02,570 [Thread-1024] INFO  impl.RaftServerImpl (RaftServerImpl.java:setRole(184)) - 2fdb3e93-e0d8-400e-8c33-91e2341b50c6@group-F01152B53F91: changes role from  FOLLOWER to CANDIDATE at term 85 for changeToCandidate
2019-10-22 00:13:02,570 [Thread-1024] INFO  impl.RoleInfo (RoleInfo.java:updateAndGet(143)) - 2fdb3e93-e0d8-400e-8c33-91e2341b50c6: start LeaderElection
2019-10-22 00:13:02,583 [2fdb3e93-e0d8-400e-8c33-91e2341b50c6@group-F01152B53F91-LeaderElection96] INFO  impl.LeaderElection (LeaderElection.java:askForVotes(178)) - 2fdb3e93-e0d8-400e-8c33-91e2341b50c6@group-F01152B53F91-LeaderElection96: begin an election at term 86 for -1: [2fdb3e93-e0d8-400e-8c33-91e2341b50c6:192.168.157.254:43254, 062c71de-08d9-40ee-9309-15590e2e8e68:192.168.157.254:45598, 2a52019e-5647-44e1-bf30-9a43fd8a7377:192.168.157.254:36038], old=null
2019-10-22 00:13:02,586 [grpc-default-executor-6] INFO  impl.RaftServerImpl (RaftServerImpl.java:setRole(184)) - 2a52019e-5647-44e1-bf30-9a43fd8a7377@group-F01152B53F91: changes role from  FOLLOWER to FOLLOWER at term 86 for recognizeCandidate:2fdb3e93-e0d8-400e-8c33-91e2341b50c6
2019-10-22 00:13:02,586 [grpc-default-executor-6] INFO  impl.RoleInfo (RoleInfo.java:shutdownFollowerState(121)) - 2a52019e-5647-44e1-bf30-9a43fd8a7377: shutdown FollowerState
2019-10-22 00:13:02,586 [grpc-default-executor-6] INFO  impl.RoleInfo (RoleInfo.java:updateAndGet(143)) - 2a52019e-5647-44e1-bf30-9a43fd8a7377: start FollowerState
2019-10-22 00:13:02,586 [Thread-1023] INFO  impl.FollowerState (FollowerState.java:run(117)) - 2a52019e-5647-44e1-bf30-9a43fd8a7377@group-F01152B53F91-FollowerState was interrupted: java.lang.InterruptedException: sleep interrupted
2019-10-22 00:13:02,586 [grpc-default-executor-3] INFO  impl.RaftServerImpl (RaftServerImpl.java:setRole(184)) - 062c71de-08d9-40ee-9309-15590e2e8e68@group-F01152B53F91: changes role from  FOLLOWER to FOLLOWER at term 86 for recognizeCandidate:2fdb3e93-e0d8-400e-8c33-91e2341b50c6
2019-10-22 00:13:02,587 [grpc-default-executor-3] INFO  impl.RoleInfo (RoleInfo.java:shutdownFollowerState(121)) - 062c71de-08d9-40ee-9309-15590e2e8e68: shutdown FollowerState
2019-10-22 00:13:02,587 [grpc-default-executor-3] INFO  impl.RoleInfo (RoleInfo.java:updateAndGet(143)) - 062c71de-08d9-40ee-9309-15590e2e8e68: start FollowerState
2019-10-22 00:13:02,587 [Thread-1022] INFO  impl.FollowerState (FollowerState.java:run(117)) - 062c71de-08d9-40ee-9309-15590e2e8e68@group-F01152B53F91-FollowerState was interrupted: java.lang.InterruptedException: sleep interrupted
2019-10-22 00:13:02,600 [2fdb3e93-e0d8-400e-8c33-91e2341b50c6@group-F01152B53F91-LeaderElection96] INFO  impl.LeaderElection (LeaderElection.java:logAndReturn(56)) - 2fdb3e93-e0d8-400e-8c33-91e2341b50c6@group-F01152B53F91-LeaderElection96: Election REJECTED; received 2 response(s) [2fdb3e93-e0d8-400e-8c33-91e2341b50c6<-062c71de-08d9-40ee-9309-15590e2e8e68#0:FAIL-t86, 2fdb3e93-e0d8-400e-8c33-91e2341b50c6<-2a52019e-5647-44e1-bf30-9a43fd8a7377#0:FAIL-t86] and 0 exception(s); 2fdb3e93-e0d8-400e-8c33-91e2341b50c6@group-F01152B53F91:t86, leader=null, voted=2fdb3e93-e0d8-400e-8c33-91e2341b50c6, raftlog=2fdb3e93-e0d8-400e-8c33-91e2341b50c6@group-F01152B53F91-SegmentedRaftLog:OPENED:c-1,f-1,i0, conf=-1: [2fdb3e93-e0d8-400e-8c33-91e2341b50c6:192.168.157.254:43254, 062c71de-08d9-40ee-9309-15590e2e8e68:192.168.157.254:45598, 2a52019e-5647-44e1-bf30-9a43fd8a7377:192.168.157.254:36038], old=null
2019-10-22 00:13:02,600 [2fdb3e93-e0d8-400e-8c33-91e2341b50c6@group-F01152B53F91-LeaderElection96] INFO  impl.RaftServerImpl (RaftServerImpl.java:setRole(184)) - 2fdb3e93-e0d8-400e-8c33-91e2341b50c6@group-F01152B53F91: changes role from CANDIDATE to FOLLOWER at term 86 for DISCOVERED_A_NEW_TERM
2019-10-22 00:13:02,600 [2fdb3e93-e0d8-400e-8c33-91e2341b50c6@group-F01152B53F91-LeaderElection96] INFO  impl.RoleInfo (RoleInfo.java:shutdownLeaderElection(134)) - 2fdb3e93-e0d8-400e-8c33-91e2341b50c6: shutdown LeaderElection
2019-10-22 00:13:02,601 [2fdb3e93-e0d8-400e-8c33-91e2341b50c6@group-F01152B53F91-LeaderElection96] INFO  impl.RoleInfo (RoleInfo.java:updateAndGet(143)) - 2fdb3e93-e0d8-400e-8c33-91e2341b50c6: start FollowerState
2019-10-22 00:13:02,631 [Thread-1030] INFO  impl.FollowerState (FollowerState.java:run(108)) - 2fdb3e93-e0d8-400e-8c33-91e2341b50c6@group-F01152B53F91-FollowerState: change to CANDIDATE, lastRpcTime:30ms, electionTimeout:30ms
2019-10-22 00:13:02,631 [Thread-1030] INFO  impl.RoleInfo (RoleInfo.java:shutdownFollowerState(121)) - 2fdb3e93-e0d8-400e-8c33-91e2341b50c6: shutdown FollowerState
2019-10-22 00:13:02,631 [Thread-1030] INFO  impl.RaftServerImpl (RaftServerImpl.java:setRole(184)) - 2fdb3e93-e0d8-400e-8c33-91e2341b50c6@group-F01152B53F91: changes role from  FOLLOWER to CANDIDATE at term 86 for changeToCandidate
2019-10-22 00:13:02,631 [Thread-1030] INFO  impl.RoleInfo (RoleInfo.java:updateAndGet(143)) - 2fdb3e93-e0d8-400e-8c33-91e2341b50c6: start LeaderElection
2019-10-22 00:13:02,644 [2fdb3e93-e0d8-400e-8c33-91e2341b50c6@group-F01152B53F91-LeaderElection97] INFO  impl.LeaderElection (LeaderElection.java:askForVotes(178)) - 2fdb3e93-e0d8-400e-8c33-91e2341b50c6@group-F01152B53F91-LeaderElection97: begin an election at term 87 for -1: [2fdb3e93-e0d8-400e-8c33-91e2341b50c6:192.168.157.254:43254, 062c71de-08d9-40ee-9309-15590e2e8e68:192.168.157.254:45598, 2a52019e-5647-44e1-bf30-9a43fd8a7377:192.168.157.254:36038], old=null
2019-10-22 00:13:02,647 [grpc-default-executor-3] INFO  impl.RaftServerImpl (RaftServerImpl.java:setRole(184)) - 2a52019e-5647-44e1-bf30-9a43fd8a7377@group-F01152B53F91: changes role from  FOLLOWER to FOLLOWER at term 87 for recognizeCandidate:2fdb3e93-e0d8-400e-8c33-91e2341b50c6
2019-10-22 00:13:02,647 [grpc-default-executor-3] INFO  impl.RoleInfo (RoleInfo.java:shutdownFollowerState(121)) - 2a52019e-5647-44e1-bf30-9a43fd8a7377: shutdown FollowerState
2019-10-22 00:13:02,647 [grpc-default-executor-3] INFO  impl.RoleInfo (RoleInfo.java:updateAndGet(143)) - 2a52019e-5647-44e1-bf30-9a43fd8a7377: start FollowerState
2019-10-22 00:13:02,647 [Thread-1028] INFO  impl.FollowerState (FollowerState.java:run(117)) - 2a52019e-5647-44e1-bf30-9a43fd8a7377@group-F01152B53F91-FollowerState was interrupted: java.lang.InterruptedException: sleep interrupted
2019-10-22 00:13:02,647 [grpc-default-executor-6] INFO  impl.RaftServerImpl (RaftServerImpl.java:setRole(184)) - 062c71de-08d9-40ee-9309-15590e2e8e68@group-F01152B53F91: changes role from  FOLLOWER to FOLLOWER at term 87 for recognizeCandidate:2fdb3e93-e0d8-400e-8c33-91e2341b50c6
2019-10-22 00:13:02,648 [grpc-default-executor-6] INFO  impl.RoleInfo (RoleInfo.java:shutdownFollowerState(121)) - 062c71de-08d9-40ee-9309-15590e2e8e68: shutdown FollowerState
2019-10-22 00:13:02,648 [grpc-default-executor-6] INFO  impl.RoleInfo (RoleInfo.java:updateAndGet(143)) - 062c71de-08d9-40ee-9309-15590e2e8e68: start FollowerState
2019-10-22 00:13:02,648 [Thread-1029] INFO  impl.FollowerState (FollowerState.java:run(117)) - 062c71de-08d9-40ee-9309-15590e2e8e68@group-F01152B53F91-FollowerState was interrupted: java.lang.InterruptedException: sleep interrupted
2019-10-22 00:13:02,662 [2fdb3e93-e0d8-400e-8c33-91e2341b50c6@group-F01152B53F91-LeaderElection97] INFO  impl.LeaderElection (LeaderElection.java:logAndReturn(56)) - 2fdb3e93-e0d8-400e-8c33-91e2341b50c6@group-F01152B53F91-LeaderElection97: Election REJECTED; received 2 response(s) [2fdb3e93-e0d8-400e-8c33-91e2341b50c6<-062c71de-08d9-40ee-9309-15590e2e8e68#0:FAIL-t87, 2fdb3e93-e0d8-400e-8c33-91e2341b50c6<-2a52019e-5647-44e1-bf30-9a43fd8a7377#0:FAIL-t87] and 0 exception(s); 2fdb3e93-e0d8-400e-8c33-91e2341b50c6@group-F01152B53F91:t87, leader=null, voted=2fdb3e93-e0d8-400e-8c33-91e2341b50c6, raftlog=2fdb3e93-e0d8-400e-8c33-91e2341b50c6@group-F01152B53F91-SegmentedRaftLog:OPENED:c-1,f-1,i0, conf=-1: [2fdb3e93-e0d8-400e-8c33-91e2341b50c6:192.168.157.254:43254, 062c71de-08d9-40ee-9309-15590e2e8e68:192.168.157.254:45598, 2a52019e-5647-44e1-bf30-9a43fd8a7377:192.168.157.254:36038], old=null
2019-10-22 00:13:02,662 [2fdb3e93-e0d8-400e-8c33-91e2341b50c6@group-F01152B53F91-LeaderElection97] INFO  impl.RaftServerImpl (RaftServerImpl.java:setRole(184)) - 2fdb3e93-e0d8-400e-8c33-91e2341b50c6@group-F01152B53F91: changes role from CANDIDATE to FOLLOWER at term 87 for DISCOVERED_A_NEW_TERM
2019-10-22 00:13:02,662 [2fdb3e93-e0d8-400e-8c33-91e2341b50c6@group-F01152B53F91-LeaderElection97] INFO  impl.RoleInfo (RoleInfo.java:shutdownLeaderElection(134)) - 2fdb3e93-e0d8-400e-8c33-91e2341b50c6: shutdown LeaderElection
2019-10-22 00:13:02,662 [2fdb3e93-e0d8-400e-8c33-91e2341b50c6@group-F01152B53F91-LeaderElection97] INFO  impl.RoleInfo (RoleInfo.java:updateAndGet(143)) - 2fdb3e93-e0d8-400e-8c33-91e2341b50c6: start FollowerState
2019-10-22 00:13:02,689 [Thread-1036] INFO  impl.FollowerState (FollowerState.java:run(108)) - 2fdb3e93-e0d8-400e-8c33-91e2341b50c6@group-F01152B53F91-FollowerState: change to CANDIDATE, lastRpcTime:26ms, electionTimeout:26ms
2019-10-22 00:13:02,689 [Thread-1036] INFO  impl.RoleInfo (RoleInfo.java:shutdownFollowerState(121)) - 2fdb3e93-e0d8-400e-8c33-91e2341b50c6: shutdown FollowerState
2019-10-22 00:13:02,689 [Thread-1036] INFO  impl.RaftServerImpl (RaftServerImpl.java:setRole(184)) - 2fdb3e93-e0d8-400e-8c33-91e2341b50c6@group-F01152B53F91: changes role from  FOLLOWER to CANDIDATE at term 87 for changeToCandidate
2019-10-22 00:13:02,689 [Thread-1036] INFO  impl.RoleInfo (RoleInfo.java:updateAndGet(143)) - 2fdb3e93-e0d8-400e-8c33-91e2341b50c6: start LeaderElection
2019-10-22 00:13:02,703 [2fdb3e93-e0d8-400e-8c33-91e2341b50c6@group-F01152B53F91-LeaderElection98] INFO  impl.LeaderElection (LeaderElection.java:askForVotes(178)) - 2fdb3e93-e0d8-400e-8c33-91e2341b50c6@group-F01152B53F91-LeaderElection98: begin an election at term 88 for -1: [2fdb3e93-e0d8-400e-8c33-91e2341b50c6:192.168.157.254:43254, 062c71de-08d9-40ee-9309-15590e2e8e68:192.168.157.254:45598, 2a52019e-5647-44e1-bf30-9a43fd8a7377:192.168.157.254:36038], old=null
2019-10-22 00:13:02,705 [grpc-default-executor-3] INFO  impl.RaftServerImpl (RaftServerImpl.java:setRole(184)) - 062c71de-08d9-40ee-9309-15590e2e8e68@group-F01152B53F91: changes role from  FOLLOWER to FOLLOWER at term 88 for recognizeCandidate:2fdb3e93-e0d8-400e-8c33-91e2341b50c6
2019-10-22 00:13:02,705 [grpc-default-executor-3] INFO  impl.RoleInfo (RoleInfo.java:shutdownFollowerState(121)) - 062c71de-08d9-40ee-9309-15590e2e8e68: shutdown FollowerState
2019-10-22 00:13:02,705 [grpc-default-executor-3] INFO  impl.RoleInfo (RoleInfo.java:updateAndGet(143)) - 062c71de-08d9-40ee-9309-15590e2e8e68: start FollowerState
2019-10-22 00:13:02,705 [grpc-default-executor-6] INFO  impl.RaftServerImpl (RaftServerImpl.java:setRole(184)) - 2a52019e-5647-44e1-bf30-9a43fd8a7377@group-F01152B53F91: changes role from  FOLLOWER to FOLLOWER at term 88 for recognizeCandidate:2fdb3e93-e0d8-400e-8c33-91e2341b50c6
2019-10-22 00:13:02,705 [Thread-1035] INFO  impl.FollowerState (FollowerState.java:run(117)) - 062c71de-08d9-40ee-9309-15590e2e8e68@group-F01152B53F91-FollowerState was interrupted: java.lang.InterruptedException: sleep interrupted
2019-10-22 00:13:02,705 [grpc-default-executor-6] INFO  impl.RoleInfo (RoleInfo.java:shutdownFollowerState(121)) - 2a52019e-5647-44e1-bf30-9a43fd8a7377: shutdown FollowerState
2019-10-22 00:13:02,706 [grpc-default-executor-6] INFO  impl.RoleInfo (RoleInfo.java:updateAndGet(143)) - 2a52019e-5647-44e1-bf30-9a43fd8a7377: start FollowerState
2019-10-22 00:13:02,706 [Thread-1034] INFO  impl.FollowerState (FollowerState.java:run(117)) - 2a52019e-5647-44e1-bf30-9a43fd8a7377@group-F01152B53F91-FollowerState was interrupted: java.lang.InterruptedException: sleep interrupted
2019-10-22 00:13:02,733 [2fdb3e93-e0d8-400e-8c33-91e2341b50c6@group-F01152B53F91-LeaderElection98] INFO  impl.LeaderElection (LeaderElection.java:logAndReturn(56)) - 2fdb3e93-e0d8-400e-8c33-91e2341b50c6@group-F01152B53F91-LeaderElection98: Election TIMEOUT; received 0 response(s) [] and 0 exception(s); 2fdb3e93-e0d8-400e-8c33-91e2341b50c6@group-F01152B53F91:t88, leader=null, voted=2fdb3e93-e0d8-400e-8c33-91e2341b50c6, raftlog=2fdb3e93-e0d8-400e-8c33-91e2341b50c6@group-F01152B53F91-SegmentedRaftLog:OPENED:c-1,f-1,i0, conf=-1: [2fdb3e93-e0d8-400e-8c33-91e2341b50c6:192.168.157.254:43254, 062c71de-08d9-40ee-9309-15590e2e8e68:192.168.157.254:45598, 2a52019e-5647-44e1-bf30-9a43fd8a7377:192.168.157.254:36038], old=null
2019-10-22 00:13:02,787 [2fdb3e93-e0d8-400e-8c33-91e2341b50c6@group-F01152B53F91-LeaderElection98] INFO  impl.LeaderElection (LeaderElection.java:askForVotes(178)) - 2fdb3e93-e0d8-400e-8c33-91e2341b50c6@group-F01152B53F91-LeaderElection98: begin an election at term 89 for -1: [2fdb3e93-e0d8-400e-8c33-91e2341b50c6:192.168.157.254:43254, 062c71de-08d9-40ee-9309-15590e2e8e68:192.168.157.254:45598, 2a52019e-5647-44e1-bf30-9a43fd8a7377:192.168.157.254:36038], old=null
2019-10-22 00:13:02,790 [grpc-default-executor-6] INFO  impl.RaftServerImpl (RaftServerImpl.java:setRole(184)) - 2a52019e-5647-44e1-bf30-9a43fd8a7377@group-F01152B53F91: changes role from  FOLLOWER to FOLLOWER at term 89 for recognizeCandidate:2fdb3e93-e0d8-400e-8c33-91e2341b50c6
2019-10-22 00:13:02,790 [grpc-default-executor-6] INFO  impl.RoleInfo (RoleInfo.java:shutdownFollowerState(121)) - 2a52019e-5647-44e1-bf30-9a43fd8a7377: shutdown FollowerState
2019-10-22 00:13:02,790 [grpc-default-executor-6] INFO  impl.RoleInfo (RoleInfo.java:updateAndGet(143)) - 2a52019e-5647-44e1-bf30-9a43fd8a7377: start FollowerState
2019-10-22 00:13:02,790 [Thread-1041] INFO  impl.FollowerState (FollowerState.java:run(117)) - 2a52019e-5647-44e1-bf30-9a43fd8a7377@group-F01152B53F91-FollowerState was interrupted: java.lang.InterruptedException: sleep interrupted
2019-10-22 00:13:02,791 [grpc-default-executor-4] INFO  impl.RaftServerImpl (RaftServerImpl.java:setRole(184)) - 062c71de-08d9-40ee-9309-15590e2e8e68@group-F01152B53F91: changes role from  FOLLOWER to FOLLOWER at term 89 for recognizeCandidate:2fdb3e93-e0d8-400e-8c33-91e2341b50c6
2019-10-22 00:13:02,791 [grpc-default-executor-4] INFO  impl.RoleInfo (RoleInfo.java:shutdownFollowerState(121)) - 062c71de-08d9-40ee-9309-15590e2e8e68: shutdown FollowerState
2019-10-22 00:13:02,791 [grpc-default-executor-4] INFO  impl.RoleInfo (RoleInfo.java:updateAndGet(143)) - 062c71de-08d9-40ee-9309-15590e2e8e68: start FollowerState
2019-10-22 00:13:02,791 [Thread-1040] INFO  impl.FollowerState (FollowerState.java:run(117)) - 062c71de-08d9-40ee-9309-15590e2e8e68@group-F01152B53F91-FollowerState was interrupted: java.lang.InterruptedException: sleep interrupted
2019-10-22 00:13:02,810 [2fdb3e93-e0d8-400e-8c33-91e2341b50c6@group-F01152B53F91-LeaderElection98] INFO  impl.LeaderElection (LeaderElection.java:logAndReturn(56)) - 2fdb3e93-e0d8-400e-8c33-91e2341b50c6@group-F01152B53F91-LeaderElection98: Election REJECTED; received 2 response(s) [2fdb3e93-e0d8-400e-8c33-91e2341b50c6<-062c71de-08d9-40ee-9309-15590e2e8e68#0:FAIL-t89, 2fdb3e93-e0d8-400e-8c33-91e2341b50c6<-2a52019e-5647-44e1-bf30-9a43fd8a7377#0:FAIL-t89] and 0 exception(s); 2fdb3e93-e0d8-400e-8c33-91e2341b50c6@group-F01152B53F91:t89, leader=null, voted=2fdb3e93-e0d8-400e-8c33-91e2341b50c6, raftlog=2fdb3e93-e0d8-400e-8c33-91e2341b50c6@group-F01152B53F91-SegmentedRaftLog:OPENED:c-1,f-1,i0, conf=-1: [2fdb3e93-e0d8-400e-8c33-91e2341b50c6:192.168.157.254:43254, 062c71de-08d9-40ee-9309-15590e2e8e68:192.168.157.254:45598, 2a52019e-5647-44e1-bf30-9a43fd8a7377:192.168.157.254:36038], old=null
2019-10-22 00:13:02,811 [2fdb3e93-e0d8-400e-8c33-91e2341b50c6@group-F01152B53F91-LeaderElection98] INFO  impl.RaftServerImpl (RaftServerImpl.java:setRole(184)) - 2fdb3e93-e0d8-400e-8c33-91e2341b50c6@group-F01152B53F91: changes role from CANDIDATE to FOLLOWER at term 89 for DISCOVERED_A_NEW_TERM
2019-10-22 00:13:02,811 [2fdb3e93-e0d8-400e-8c33-91e2341b50c6@group-F01152B53F91-LeaderElection98] INFO  impl.RoleInfo (RoleInfo.java:shutdownLeaderElection(134)) - 2fdb3e93-e0d8-400e-8c33-91e2341b50c6: shutdown LeaderElection
2019-10-22 00:13:02,811 [2fdb3e93-e0d8-400e-8c33-91e2341b50c6@group-F01152B53F91-LeaderElection98] INFO  impl.RoleInfo (RoleInfo.java:updateAndGet(143)) - 2fdb3e93-e0d8-400e-8c33-91e2341b50c6: start FollowerState
2019-10-22 00:13:02,834 [Thread-1050] INFO  impl.FollowerState (FollowerState.java:run(108)) - 2fdb3e93-e0d8-400e-8c33-91e2341b50c6@group-F01152B53F91-FollowerState: change to CANDIDATE, lastRpcTime:23ms, electionTimeout:23ms
2019-10-22 00:13:02,834 [Thread-1050] INFO  impl.RoleInfo (RoleInfo.java:shutdownFollowerState(121)) - 2fdb3e93-e0d8-400e-8c33-91e2341b50c6: shutdown FollowerState
2019-10-22 00:13:02,834 [Thread-1050] INFO  impl.RaftServerImpl (RaftServerImpl.java:setRole(184)) - 2fdb3e93-e0d8-400e-8c33-91e2341b50c6@group-F01152B53F91: changes role from  FOLLOWER to CANDIDATE at term 89 for changeToCandidate
2019-10-22 00:13:02,834 [Thread-1050] INFO  impl.RoleInfo (RoleInfo.java:updateAndGet(143)) - 2fdb3e93-e0d8-400e-8c33-91e2341b50c6: start LeaderElection
2019-10-22 00:13:02,876 [2fdb3e93-e0d8-400e-8c33-91e2341b50c6@group-F01152B53F91-LeaderElection99] INFO  impl.LeaderElection (LeaderElection.java:askForVotes(178)) - 2fdb3e93-e0d8-400e-8c33-91e2341b50c6@group-F01152B53F91-LeaderElection99: begin an election at term 90 for -1: [2fdb3e93-e0d8-400e-8c33-91e2341b50c6:192.168.157.254:43254, 062c71de-08d9-40ee-9309-15590e2e8e68:192.168.157.254:45598, 2a52019e-5647-44e1-bf30-9a43fd8a7377:192.168.157.254:36038], old=null
2019-10-22 00:13:02,878 [grpc-default-executor-6] INFO  impl.RaftServerImpl (RaftServerImpl.java:setRole(184)) - 2a52019e-5647-44e1-bf30-9a43fd8a7377@group-F01152B53F91: changes role from  FOLLOWER to FOLLOWER at term 90 for recognizeCandidate:2fdb3e93-e0d8-400e-8c33-91e2341b50c6
2019-10-22 00:13:02,878 [grpc-default-executor-4] INFO  impl.RaftServerImpl (RaftServerImpl.java:setRole(184)) - 062c71de-08d9-40ee-9309-15590e2e8e68@group-F01152B53F91: changes role from  FOLLOWER to FOLLOWER at term 90 for recognizeCandidate:2fdb3e93-e0d8-400e-8c33-91e2341b50c6
2019-10-22 00:13:02,878 [grpc-default-executor-6] INFO  impl.RoleInfo (RoleInfo.java:shutdownFollowerState(121)) - 2a52019e-5647-44e1-bf30-9a43fd8a7377: shutdown FollowerState
2019-10-22 00:13:02,879 [grpc-default-executor-4] INFO  impl.RoleInfo (RoleInfo.java:shutdownFollowerState(121)) - 062c71de-08d9-40ee-9309-15590e2e8e68: shutdown FollowerState
2019-10-22 00:13:02,879 [Thread-1047] INFO  impl.FollowerState (FollowerState.java:run(117)) - 2a52019e-5647-44e1-bf30-9a43fd8a7377@group-F01152B53F91-FollowerState was interrupted: java.lang.InterruptedException: sleep interrupted
2019-10-22 00:13:02,879 [grpc-default-executor-6] INFO  impl.RoleInfo (RoleInfo.java:updateAndGet(143)) - 2a52019e-5647-44e1-bf30-9a43fd8a7377: start FollowerState
2019-10-22 00:13:02,879 [Thread-1049] INFO  impl.FollowerState (FollowerState.java:run(117)) - 062c71de-08d9-40ee-9309-15590e2e8e68@group-F01152B53F91-FollowerState was interrupted: java.lang.InterruptedException: sleep interrupted
2019-10-22 00:13:02,879 [grpc-default-executor-4] INFO  impl.RoleInfo (RoleInfo.java:updateAndGet(143)) - 062c71de-08d9-40ee-9309-15590e2e8e68: start FollowerState
2019-10-22 00:13:02,891 [2fdb3e93-e0d8-400e-8c33-91e2341b50c6@group-F01152B53F91-LeaderElection99] INFO  impl.LeaderElection (LeaderElection.java:logAndReturn(56)) - 2fdb3e93-e0d8-400e-8c33-91e2341b50c6@group-F01152B53F91-LeaderElection99: Election TIMEOUT; received 0 response(s) [] and 0 exception(s); 2fdb3e93-e0d8-400e-8c33-91e2341b50c6@group-F01152B53F91:t90, leader=null, voted=2fdb3e93-e0d8-400e-8c33-91e2341b50c6, raftlog=2fdb3e93-e0d8-400e-8c33-91e2341b50c6@group-F01152B53F91-SegmentedRaftLog:OPENED:c-1,f-1,i0, conf=-1: [2fdb3e93-e0d8-400e-8c33-91e2341b50c6:192.168.157.254:43254, 062c71de-08d9-40ee-9309-15590e2e8e68:192.168.157.254:45598, 2a52019e-5647-44e1-bf30-9a43fd8a7377:192.168.157.254:36038], old=null
2019-10-22 00:13:02,912 [main] WARN  io.KeyOutputStream (KeyOutputStream.java:handleException(274)) - Encountered exception java.io.IOException: Unexpected Storage Container Exception: java.util.concurrent.CompletionException: java.util.concurrent.CompletionException: org.apache.ratis.protocol.RaftRetryFailureException: Failed RaftClientRequest:client-D25F6803C45B->2fdb3e93-e0d8-400e-8c33-91e2341b50c6@group-F01152B53F91, cid=19, seq=1*, RW, cmdType: WriteChunk
traceID: "e0abea2d286ea80f:e0abea2d286ea80f:0:0"
containerID: 1
datanodeUuid: "2fdb3e93-e0d8-400e-8c33-91e2341b50c6"
writeChunk {
  blockID {
    containerID: 1
    localID: 103003139146055680
    blockCommitSequenceId: 0
  }
  chunkData {
    chunkName: "103003139146055680_chunk_1"
    offset: 0
    len: 1048576
    checksumData {
      type: CRC32
      bytesPerChecksum: 1048576
      checksums: "\361\003\002\247"
    }
  }
}
, data.size=1048576 for 10 attempts with RetryLimited(maxAttempts=10, sleepTime=1000ms) on the pipeline Pipeline[ Id: f22d20a3-d87d-40a1-b95b-f01152b53f91, Nodes: 2fdb3e93-e0d8-400e-8c33-91e2341b50c6{ip: 192.168.157.254, host: pr-hdds-2343-5q8j9-3338874002, networkLocation: /default-rack, certSerialId: null}062c71de-08d9-40ee-9309-15590e2e8e68{ip: 192.168.157.254, host: pr-hdds-2343-5q8j9-3338874002, networkLocation: /default-rack, certSerialId: null}2a52019e-5647-44e1-bf30-9a43fd8a7377{ip: 192.168.157.254, host: pr-hdds-2343-5q8j9-3338874002, networkLocation: /default-rack, certSerialId: null}, Type:RATIS, Factor:THREE, State:OPEN]. The last committed block length is 0, uncommitted data length is 2097152 retry count 0
2019-10-22 00:13:02,930 [2fdb3e93-e0d8-400e-8c33-91e2341b50c6@group-F01152B53F91-LeaderElection99] INFO  impl.LeaderElection (LeaderElection.java:askForVotes(178)) - 2fdb3e93-e0d8-400e-8c33-91e2341b50c6@group-F01152B53F91-LeaderElection99: begin an election at term 91 for -1: [2fdb3e93-e0d8-400e-8c33-91e2341b50c6:192.168.157.254:43254, 062c71de-08d9-40ee-9309-15590e2e8e68:192.168.157.254:45598, 2a52019e-5647-44e1-bf30-9a43fd8a7377:192.168.157.254:36038], old=null
2019-10-22 00:13:02,932 [grpc-default-executor-6] INFO  impl.RaftServerImpl (RaftServerImpl.java:setRole(184)) - 062c71de-08d9-40ee-9309-15590e2e8e68@group-F01152B53F91: changes role from  FOLLOWER to FOLLOWER at term 91 for recognizeCandidate:2fdb3e93-e0d8-400e-8c33-91e2341b50c6
2019-10-22 00:13:02,932 [grpc-default-executor-6] INFO  impl.RoleInfo (RoleInfo.java:shutdownFollowerState(121)) - 062c71de-08d9-40ee-9309-15590e2e8e68: shutdown FollowerState
2019-10-22 00:13:02,932 [grpc-default-executor-3] INFO  impl.RaftServerImpl (RaftServerImpl.java:setRole(184)) - 2a52019e-5647-44e1-bf30-9a43fd8a7377@group-F01152B53F91: changes role from  FOLLOWER to FOLLOWER at term 91 for recognizeCandidate:2fdb3e93-e0d8-400e-8c33-91e2341b50c6
2019-10-22 00:13:02,932 [Thread-1055] INFO  impl.FollowerState (FollowerState.java:run(117)) - 062c71de-08d9-40ee-9309-15590e2e8e68@group-F01152B53F91-FollowerState was interrupted: java.lang.InterruptedException: sleep interrupted
2019-10-22 00:13:02,932 [grpc-default-executor-6] INFO  impl.RoleInfo (RoleInfo.java:updateAndGet(143)) - 062c71de-08d9-40ee-9309-15590e2e8e68: start FollowerState
2019-10-22 00:13:02,933 [grpc-default-executor-3] INFO  impl.RoleInfo (RoleInfo.java:shutdownFollowerState(121)) - 2a52019e-5647-44e1-bf30-9a43fd8a7377: shutdown FollowerState
2019-10-22 00:13:02,933 [grpc-default-executor-3] INFO  impl.RoleInfo (RoleInfo.java:updateAndGet(143)) - 2a52019e-5647-44e1-bf30-9a43fd8a7377: start FollowerState
2019-10-22 00:13:02,933 [Thread-1054] INFO  impl.FollowerState (FollowerState.java:run(117)) - 2a52019e-5647-44e1-bf30-9a43fd8a7377@group-F01152B53F91-FollowerState was interrupted: java.lang.InterruptedException: sleep interrupted
2019-10-22 00:13:02,964 [2fdb3e93-e0d8-400e-8c33-91e2341b50c6@group-F01152B53F91-LeaderElection99] INFO  impl.LeaderElection (LeaderElection.java:logAndReturn(56)) - 2fdb3e93-e0d8-400e-8c33-91e2341b50c6@group-F01152B53F91-LeaderElection99: Election REJECTED; received 2 response(s) [2fdb3e93-e0d8-400e-8c33-91e2341b50c6<-062c71de-08d9-40ee-9309-15590e2e8e68#0:FAIL-t91, 2fdb3e93-e0d8-400e-8c33-91e2341b50c6<-2a52019e-5647-44e1-bf30-9a43fd8a7377#0:FAIL-t91] and 0 exception(s); 2fdb3e93-e0d8-400e-8c33-91e2341b50c6@group-F01152B53F91:t91, leader=null, voted=2fdb3e93-e0d8-400e-8c33-91e2341b50c6, raftlog=2fdb3e93-e0d8-400e-8c33-91e2341b50c6@group-F01152B53F91-SegmentedRaftLog:OPENED:c-1,f-1,i0, conf=-1: [2fdb3e93-e0d8-400e-8c33-91e2341b50c6:192.168.157.254:43254, 062c71de-08d9-40ee-9309-15590e2e8e68:192.168.157.254:45598, 2a52019e-5647-44e1-bf30-9a43fd8a7377:192.168.157.254:36038], old=null
2019-10-22 00:13:02,964 [2fdb3e93-e0d8-400e-8c33-91e2341b50c6@group-F01152B53F91-LeaderElection99] INFO  impl.RaftServerImpl (RaftServerImpl.java:setRole(184)) - 2fdb3e93-e0d8-400e-8c33-91e2341b50c6@group-F01152B53F91: changes role from CANDIDATE to FOLLOWER at term 91 for DISCOVERED_A_NEW_TERM
2019-10-22 00:13:02,964 [2fdb3e93-e0d8-400e-8c33-91e2341b50c6@group-F01152B53F91-LeaderElection99] INFO  impl.RoleInfo (RoleInfo.java:shutdownLeaderElection(134)) - 2fdb3e93-e0d8-400e-8c33-91e2341b50c6: shutdown LeaderElection
2019-10-22 00:13:02,964 [2fdb3e93-e0d8-400e-8c33-91e2341b50c6@group-F01152B53F91-LeaderElection99] INFO  impl.RoleInfo (RoleInfo.java:updateAndGet(143)) - 2fdb3e93-e0d8-400e-8c33-91e2341b50c6: start FollowerState
2019-10-22 00:13:03,153 [Thread-1065] INFO  impl.FollowerState (FollowerState.java:run(108)) - 2fdb3e93-e0d8-400e-8c33-91e2341b50c6@group-F01152B53F91-FollowerState: change to CANDIDATE, lastRpcTime:188ms, electionTimeout:188ms
2019-10-22 00:13:03,153 [Thread-1065] INFO  impl.RoleInfo (RoleInfo.java:shutdownFollowerState(121)) - 2fdb3e93-e0d8-400e-8c33-91e2341b50c6: shutdown FollowerState
2019-10-22 00:13:03,153 [Thread-1065] INFO  impl.RaftServerImpl (RaftServerImpl.java:setRole(184)) - 2fdb3e93-e0d8-400e-8c33-91e2341b50c6@group-F01152B53F91: changes role from  FOLLOWER to CANDIDATE at term 91 for changeToCandidate
2019-10-22 00:13:03,153 [Thread-1065] INFO  impl.RoleInfo (RoleInfo.java:updateAndGet(143)) - 2fdb3e93-e0d8-400e-8c33-91e2341b50c6: start LeaderElection
2019-10-22 00:13:03,170 [2fdb3e93-e0d8-400e-8c33-91e2341b50c6@group-F01152B53F91-LeaderElection100] INFO  impl.LeaderElection (LeaderElection.java:askForVotes(178)) - 2fdb3e93-e0d8-400e-8c33-91e2341b50c6@group-F01152B53F91-LeaderElection100: begin an election at term 92 for -1: [2fdb3e93-e0d8-400e-8c33-91e2341b50c6:192.168.157.254:43254, 062c71de-08d9-40ee-9309-15590e2e8e68:192.168.157.254:45598, 2a52019e-5647-44e1-bf30-9a43fd8a7377:192.168.157.254:36038], old=null
2019-10-22 00:13:03,172 [grpc-default-executor-6] INFO  impl.RaftServerImpl (RaftServerImpl.java:setRole(184)) - 062c71de-08d9-40ee-9309-15590e2e8e68@group-F01152B53F91: changes role from  FOLLOWER to FOLLOWER at term 92 for recognizeCandidate:2fdb3e93-e0d8-400e-8c33-91e2341b50c6
2019-10-22 00:13:03,172 [grpc-default-executor-6] INFO  impl.RoleInfo (RoleInfo.java:shutdownFollowerState(121)) - 062c71de-08d9-40ee-9309-15590e2e8e68: shutdown FollowerState
2019-10-22 00:13:03,172 [grpc-default-executor-5] INFO  impl.RaftServerImpl (RaftServerImpl.java:setRole(184)) - 2a52019e-5647-44e1-bf30-9a43fd8a7377@group-F01152B53F91: changes role from  FOLLOWER to FOLLOWER at term 92 for recognizeCandidate:2fdb3e93-e0d8-400e-8c33-91e2341b50c6
2019-10-22 00:13:03,176 [grpc-default-executor-5] INFO  impl.RoleInfo (RoleInfo.java:shutdownFollowerState(121)) - 2a52019e-5647-44e1-bf30-9a43fd8a7377: shutdown FollowerState
2019-10-22 00:13:03,177 [grpc-default-executor-5] INFO  impl.RoleInfo (RoleInfo.java:updateAndGet(143)) - 2a52019e-5647-44e1-bf30-9a43fd8a7377: start FollowerState
2019-10-22 00:13:03,176 [Thread-1060] INFO  impl.FollowerState (FollowerState.java:run(117)) - 062c71de-08d9-40ee-9309-15590e2e8e68@group-F01152B53F91-FollowerState was interrupted: java.lang.InterruptedException: sleep interrupted
2019-10-22 00:13:03,176 [grpc-default-executor-6] INFO  impl.RoleInfo (RoleInfo.java:updateAndGet(143)) - 062c71de-08d9-40ee-9309-15590e2e8e68: start FollowerState
2019-10-22 00:13:03,177 [Thread-1061] INFO  impl.FollowerState (FollowerState.java:run(117)) - 2a52019e-5647-44e1-bf30-9a43fd8a7377@group-F01152B53F91-FollowerState was interrupted: java.lang.InterruptedException: sleep interrupted
2019-10-22 00:13:03,204 [2fdb3e93-e0d8-400e-8c33-91e2341b50c6@group-F01152B53F91-LeaderElection100] INFO  impl.LeaderElection (LeaderElection.java:logAndReturn(56)) - 2fdb3e93-e0d8-400e-8c33-91e2341b50c6@group-F01152B53F91-LeaderElection100: Election REJECTED; received 2 response(s) [2fdb3e93-e0d8-400e-8c33-91e2341b50c6<-062c71de-08d9-40ee-9309-15590e2e8e68#0:FAIL-t92, 2fdb3e93-e0d8-400e-8c33-91e2341b50c6<-2a52019e-5647-44e1-bf30-9a43fd8a7377#0:FAIL-t92] and 0 exception(s); 2fdb3e93-e0d8-400e-8c33-91e2341b50c6@group-F01152B53F91:t92, leader=null, voted=2fdb3e93-e0d8-400e-8c33-91e2341b50c6, raftlog=2fdb3e93-e0d8-400e-8c33-91e2341b50c6@group-F01152B53F91-SegmentedRaftLog:OPENED:c-1,f-1,i0, conf=-1: [2fdb3e93-e0d8-400e-8c33-91e2341b50c6:192.168.157.254:43254, 062c71de-08d9-40ee-9309-15590e2e8e68:192.168.157.254:45598, 2a52019e-5647-44e1-bf30-9a43fd8a7377:192.168.157.254:36038], old=null
2019-10-22 00:13:03,204 [2fdb3e93-e0d8-400e-8c33-91e2341b50c6@group-F01152B53F91-LeaderElection100] INFO  impl.RaftServerImpl (RaftServerImpl.java:setRole(184)) - 2fdb3e93-e0d8-400e-8c33-91e2341b50c6@group-F01152B53F91: changes role from CANDIDATE to FOLLOWER at term 92 for DISCOVERED_A_NEW_TERM
2019-10-22 00:13:03,204 [2fdb3e93-e0d8-400e-8c33-91e2341b50c6@group-F01152B53F91-LeaderElection100] INFO  impl.RoleInfo (RoleInfo.java:shutdownLeaderElection(134)) - 2fdb3e93-e0d8-400e-8c33-91e2341b50c6: shutdown LeaderElection
2019-10-22 00:13:03,204 [2fdb3e93-e0d8-400e-8c33-91e2341b50c6@group-F01152B53F91-LeaderElection100] INFO  impl.RoleInfo (RoleInfo.java:updateAndGet(143)) - 2fdb3e93-e0d8-400e-8c33-91e2341b50c6: start FollowerState
2019-10-22 00:13:03,372 [Thread-1081] INFO  impl.FollowerState (FollowerState.java:run(108)) - 2fdb3e93-e0d8-400e-8c33-91e2341b50c6@group-F01152B53F91-FollowerState: change to CANDIDATE, lastRpcTime:167ms, electionTimeout:167ms
2019-10-22 00:13:03,372 [Thread-1081] INFO  impl.RoleInfo (RoleInfo.java:shutdownFollowerState(121)) - 2fdb3e93-e0d8-400e-8c33-91e2341b50c6: shutdown FollowerState
2019-10-22 00:13:03,372 [Thread-1081] INFO  impl.RaftServerImpl (RaftServerImpl.java:setRole(184)) - 2fdb3e93-e0d8-400e-8c33-91e2341b50c6@group-F01152B53F91: changes role from  FOLLOWER to CANDIDATE at term 92 for changeToCandidate
2019-10-22 00:13:03,377 [Thread-1081] INFO  impl.RoleInfo (RoleInfo.java:updateAndGet(143)) - 2fdb3e93-e0d8-400e-8c33-91e2341b50c6: start LeaderElection
2019-10-22 00:13:03,408 [2fdb3e93-e0d8-400e-8c33-91e2341b50c6@group-F01152B53F91-LeaderElection101] INFO  impl.LeaderElection (LeaderElection.java:askForVotes(178)) - 2fdb3e93-e0d8-400e-8c33-91e2341b50c6@group-F01152B53F91-LeaderElection101: begin an election at term 93 for -1: [2fdb3e93-e0d8-400e-8c33-91e2341b50c6:192.168.157.254:43254, 062c71de-08d9-40ee-9309-15590e2e8e68:192.168.157.254:45598, 2a52019e-5647-44e1-bf30-9a43fd8a7377:192.168.157.254:36038], old=null
2019-10-22 00:13:03,426 [grpc-default-executor-5] INFO  impl.RaftServerImpl (RaftServerImpl.java:setRole(184)) - 062c71de-08d9-40ee-9309-15590e2e8e68@group-F01152B53F91: changes role from  FOLLOWER to FOLLOWER at term 93 for recognizeCandidate:2fdb3e93-e0d8-400e-8c33-91e2341b50c6
2019-10-22 00:13:03,426 [grpc-default-executor-6] INFO  impl.RaftServerImpl (RaftServerImpl.java:setRole(184)) - 2a52019e-5647-44e1-bf30-9a43fd8a7377@group-F01152B53F91: changes role from  FOLLOWER to FOLLOWER at term 93 for recognizeCandidate:2fdb3e93-e0d8-400e-8c33-91e2341b50c6
2019-10-22 00:13:03,426 [grpc-default-executor-5] INFO  impl.RoleInfo (RoleInfo.java:shutdownFollowerState(121)) - 062c71de-08d9-40ee-9309-15590e2e8e68: shutdown FollowerState
2019-10-22 00:13:03,426 [grpc-default-executor-6] INFO  impl.RoleInfo (RoleInfo.java:shutdownFollowerState(121)) - 2a52019e-5647-44e1-bf30-9a43fd8a7377: shutdown FollowerState
2019-10-22 00:13:03,427 [grpc-default-executor-5] INFO  impl.RoleInfo (RoleInfo.java:updateAndGet(143)) - 062c71de-08d9-40ee-9309-15590e2e8e68: start FollowerState
2019-10-22 00:13:03,427 [grpc-default-executor-6] INFO  impl.RoleInfo (RoleInfo.java:updateAndGet(143)) - 2a52019e-5647-44e1-bf30-9a43fd8a7377: start FollowerState
2019-10-22 00:13:03,427 [Thread-1073] INFO  impl.FollowerState (FollowerState.java:run(117)) - 062c71de-08d9-40ee-9309-15590e2e8e68@group-F01152B53F91-FollowerState was interrupted: java.lang.InterruptedException: sleep interrupted
2019-10-22 00:13:03,427 [Thread-1074] INFO  impl.FollowerState (FollowerState.java:run(117)) - 2a52019e-5647-44e1-bf30-9a43fd8a7377@group-F01152B53F91-FollowerState was interrupted: java.lang.InterruptedException: sleep interrupted
2019-10-22 00:13:03,474 [2fdb3e93-e0d8-400e-8c33-91e2341b50c6@group-F01152B53F91-LeaderElection101] INFO  impl.LeaderElection (LeaderElection.java:logAndReturn(56)) - 2fdb3e93-e0d8-400e-8c33-91e2341b50c6@group-F01152B53F91-LeaderElection101: Election REJECTED; received 2 response(s) [2fdb3e93-e0d8-400e-8c33-91e2341b50c6<-062c71de-08d9-40ee-9309-15590e2e8e68#0:FAIL-t93, 2fdb3e93-e0d8-400e-8c33-91e2341b50c6<-2a52019e-5647-44e1-bf30-9a43fd8a7377#0:FAIL-t93] and 0 exception(s); 2fdb3e93-e0d8-400e-8c33-91e2341b50c6@group-F01152B53F91:t93, leader=null, voted=2fdb3e93-e0d8-400e-8c33-91e2341b50c6, raftlog=2fdb3e93-e0d8-400e-8c33-91e2341b50c6@group-F01152B53F91-SegmentedRaftLog:OPENED:c-1,f-1,i0, conf=-1: [2fdb3e93-e0d8-400e-8c33-91e2341b50c6:192.168.157.254:43254, 062c71de-08d9-40ee-9309-15590e2e8e68:192.168.157.254:45598, 2a52019e-5647-44e1-bf30-9a43fd8a7377:192.168.157.254:36038], old=null
2019-10-22 00:13:03,474 [2fdb3e93-e0d8-400e-8c33-91e2341b50c6@group-F01152B53F91-LeaderElection101] INFO  impl.RaftServerImpl (RaftServerImpl.java:setRole(184)) - 2fdb3e93-e0d8-400e-8c33-91e2341b50c6@group-F01152B53F91: changes role from CANDIDATE to FOLLOWER at term 93 for DISCOVERED_A_NEW_TERM
2019-10-22 00:13:03,474 [2fdb3e93-e0d8-400e-8c33-91e2341b50c6@group-F01152B53F91-LeaderElection101] INFO  impl.RoleInfo (RoleInfo.java:shutdownLeaderElection(134)) - 2fdb3e93-e0d8-400e-8c33-91e2341b50c6: shutdown LeaderElection
2019-10-22 00:13:03,474 [2fdb3e93-e0d8-400e-8c33-91e2341b50c6@group-F01152B53F91-LeaderElection101] INFO  impl.RoleInfo (RoleInfo.java:updateAndGet(143)) - 2fdb3e93-e0d8-400e-8c33-91e2341b50c6: start FollowerState
2019-10-22 00:13:03,494 [Thread-1104] INFO  impl.FollowerState (FollowerState.java:run(108)) - 2fdb3e93-e0d8-400e-8c33-91e2341b50c6@group-F01152B53F91-FollowerState: change to CANDIDATE, lastRpcTime:19ms, electionTimeout:19ms
2019-10-22 00:13:03,494 [Thread-1104] INFO  impl.RoleInfo (RoleInfo.java:shutdownFollowerState(121)) - 2fdb3e93-e0d8-400e-8c33-91e2341b50c6: shutdown FollowerState
2019-10-22 00:13:03,494 [Thread-1104] INFO  impl.RaftServerImpl (RaftServerImpl.java:setRole(184)) - 2fdb3e93-e0d8-400e-8c33-91e2341b50c6@group-F01152B53F91: changes role from  FOLLOWER to CANDIDATE at term 93 for changeToCandidate
2019-10-22 00:13:03,496 [Thread-1104] INFO  impl.RoleInfo (RoleInfo.java:updateAndGet(143)) - 2fdb3e93-e0d8-400e-8c33-91e2341b50c6: start LeaderElection
2019-10-22 00:13:03,510 [2fdb3e93-e0d8-400e-8c33-91e2341b50c6@group-F01152B53F91-LeaderElection102] INFO  impl.LeaderElection (LeaderElection.java:askForVotes(178)) - 2fdb3e93-e0d8-400e-8c33-91e2341b50c6@group-F01152B53F91-LeaderElection102: begin an election at term 94 for -1: [2fdb3e93-e0d8-400e-8c33-91e2341b50c6:192.168.157.254:43254, 062c71de-08d9-40ee-9309-15590e2e8e68:192.168.157.254:45598, 2a52019e-5647-44e1-bf30-9a43fd8a7377:192.168.157.254:36038], old=null
2019-10-22 00:13:03,515 [grpc-default-executor-6] INFO  impl.RaftServerImpl (RaftServerImpl.java:setRole(184)) - 2a52019e-5647-44e1-bf30-9a43fd8a7377@group-F01152B53F91: changes role from  FOLLOWER to FOLLOWER at term 94 for recognizeCandidate:2fdb3e93-e0d8-400e-8c33-91e2341b50c6
2019-10-22 00:13:03,515 [grpc-default-executor-3] INFO  impl.RaftServerImpl (RaftServerImpl.java:setRole(184)) - 062c71de-08d9-40ee-9309-15590e2e8e68@group-F01152B53F91: changes role from  FOLLOWER to FOLLOWER at term 94 for recognizeCandidate:2fdb3e93-e0d8-400e-8c33-91e2341b50c6
2019-10-22 00:13:03,515 [grpc-default-executor-6] INFO  impl.RoleInfo (RoleInfo.java:shutdownFollowerState(121)) - 2a52019e-5647-44e1-bf30-9a43fd8a7377: shutdown FollowerState
2019-10-22 00:13:03,515 [grpc-default-executor-3] INFO  impl.RoleInfo (RoleInfo.java:shutdownFollowerState(121)) - 062c71de-08d9-40ee-9309-15590e2e8e68: shutdown FollowerState
2019-10-22 00:13:03,515 [Thread-1103] INFO  impl.FollowerState (FollowerState.java:run(117)) - 2a52019e-5647-44e1-bf30-9a43fd8a7377@group-F01152B53F91-FollowerState was interrupted: java.lang.InterruptedException: sleep interrupted
2019-10-22 00:13:03,515 [grpc-default-executor-6] INFO  impl.RoleInfo (RoleInfo.java:updateAndGet(143)) - 2a52019e-5647-44e1-bf30-9a43fd8a7377: start FollowerState
2019-10-22 00:13:03,515 [Thread-1102] INFO  impl.FollowerState (FollowerState.java:run(117)) - 062c71de-08d9-40ee-9309-15590e2e8e68@group-F01152B53F91-FollowerState was interrupted: java.lang.InterruptedException: sleep interrupted
2019-10-22 00:13:03,515 [grpc-default-executor-3] INFO  impl.RoleInfo (RoleInfo.java:updateAndGet(143)) - 062c71de-08d9-40ee-9309-15590e2e8e68: start FollowerState
2019-10-22 00:13:03,538 [2fdb3e93-e0d8-400e-8c33-91e2341b50c6@group-F01152B53F91-LeaderElection102] INFO  impl.LeaderElection (LeaderElection.java:logAndReturn(56)) - 2fdb3e93-e0d8-400e-8c33-91e2341b50c6@group-F01152B53F91-LeaderElection102: Election REJECTED; received 2 response(s) [2fdb3e93-e0d8-400e-8c33-91e2341b50c6<-062c71de-08d9-40ee-9309-15590e2e8e68#0:FAIL-t94, 2fdb3e93-e0d8-400e-8c33-91e2341b50c6<-2a52019e-5647-44e1-bf30-9a43fd8a7377#0:FAIL-t94] and 0 exception(s); 2fdb3e93-e0d8-400e-8c33-91e2341b50c6@group-F01152B53F91:t94, leader=null, voted=2fdb3e93-e0d8-400e-8c33-91e2341b50c6, raftlog=2fdb3e93-e0d8-400e-8c33-91e2341b50c6@group-F01152B53F91-SegmentedRaftLog:OPENED:c-1,f-1,i0, conf=-1: [2fdb3e93-e0d8-400e-8c33-91e2341b50c6:192.168.157.254:43254, 062c71de-08d9-40ee-9309-15590e2e8e68:192.168.157.254:45598, 2a52019e-5647-44e1-bf30-9a43fd8a7377:192.168.157.254:36038], old=null
2019-10-22 00:13:03,538 [2fdb3e93-e0d8-400e-8c33-91e2341b50c6@group-F01152B53F91-LeaderElection102] INFO  impl.RaftServerImpl (RaftServerImpl.java:setRole(184)) - 2fdb3e93-e0d8-400e-8c33-91e2341b50c6@group-F01152B53F91: changes role from CANDIDATE to FOLLOWER at term 94 for DISCOVERED_A_NEW_TERM
2019-10-22 00:13:03,538 [2fdb3e93-e0d8-400e-8c33-91e2341b50c6@group-F01152B53F91-LeaderElection102] INFO  impl.RoleInfo (RoleInfo.java:shutdownLeaderElection(134)) - 2fdb3e93-e0d8-400e-8c33-91e2341b50c6: shutdown LeaderElection
2019-10-22 00:13:03,538 [2fdb3e93-e0d8-400e-8c33-91e2341b50c6@group-F01152B53F91-LeaderElection102] INFO  impl.RoleInfo (RoleInfo.java:updateAndGet(143)) - 2fdb3e93-e0d8-400e-8c33-91e2341b50c6: start FollowerState
2019-10-22 00:13:03,544 [main] INFO  ozone.MiniOzoneClusterImpl (MiniOzoneClusterImpl.java:shutdown(314)) - Shutting down the Mini Ozone Cluster
2019-10-22 00:13:03,545 [main] INFO  ozone.MiniOzoneClusterImpl (MiniOzoneClusterImpl.java:stop(330)) - Stopping the Mini Ozone Cluster
2019-10-22 00:13:03,545 [main] INFO  ozone.MiniOzoneClusterImpl (MiniOzoneClusterImpl.java:stopOM(400)) - Stopping the OzoneManager
2019-10-22 00:13:03,545 [main] INFO  ipc.Server (Server.java:stop(3082)) - Stopping server on 39473
2019-10-22 00:13:03,546 [IPC Server listener on 39473] INFO  ipc.Server (Server.java:run(1185)) - Stopping IPC Server listener on 39473
2019-10-22 00:13:03,546 [main] INFO  ratis.OzoneManagerDoubleBuffer (OzoneManagerDoubleBuffer.java:stop(250)) - Stopping OMDoubleBuffer flush thread
2019-10-22 00:13:03,546 [IPC Server Responder] INFO  ipc.Server (Server.java:run(1319)) - Stopping IPC Server Responder
2019-10-22 00:13:03,547 [OMDoubleBufferFlushThread] INFO  ratis.OzoneManagerDoubleBuffer (OzoneManagerDoubleBuffer.java:flushTransactions(193)) - OMDoubleBuffer flush thread OMDoubleBufferFlushThread is interrupted and will exit. OMDoubleBufferFlushThread
2019-10-22 00:13:03,548 [main] INFO  utils.BackgroundService (BackgroundService.java:shutdown(151)) - Shutting down service KeyDeletingService
2019-10-22 00:13:03,552 [main] INFO  handler.ContextHandler (ContextHandler.java:doStop(910)) - Stopped o.e.j.w.WebAppContext@71391b3f{/,null,UNAVAILABLE}{/ozoneManager}
2019-10-22 00:13:03,558 [main] INFO  server.AbstractConnector (AbstractConnector.java:doStop(318)) - Stopped ServerConnector@2cfbeac4{HTTP/1.1,[http/1.1]}{0.0.0.0:0}
2019-10-22 00:13:03,558 [main] INFO  handler.ContextHandler (ContextHandler.java:doStop(910)) - Stopped o.e.j.s.ServletContextHandler@6b63d445{/static,file:///workdir/hadoop-ozone/integration-test/target/test-classes/webapps/static,UNAVAILABLE}
2019-10-22 00:13:03,559 [main] INFO  handler.ContextHandler (ContextHandler.java:doStop(910)) - Stopped o.e.j.s.ServletContextHandler@43826ec{/logs,file:///workdir/hadoop-ozone/integration-test/target/log,UNAVAILABLE}
2019-10-22 00:13:03,565 [main] INFO  ozone.MiniOzoneClusterImpl (MiniOzoneClusterImpl.java:stopDatanodes(377)) - Stopping the HddsDatanodes
2019-10-22 00:13:03,642 [Datanode State Machine Thread - 0] INFO  statemachine.DatanodeStateMachine (DatanodeStateMachine.java:lambda$startDaemon$0(350)) - Ozone container server started.
2019-10-22 00:13:03,652 [Thread-1131] INFO  impl.FollowerState (FollowerState.java:run(108)) - 2fdb3e93-e0d8-400e-8c33-91e2341b50c6@group-F01152B53F91-FollowerState: change to CANDIDATE, lastRpcTime:113ms, electionTimeout:113ms
2019-10-22 00:13:03,652 [Thread-1131] INFO  impl.RoleInfo (RoleInfo.java:shutdownFollowerState(121)) - 2fdb3e93-e0d8-400e-8c33-91e2341b50c6: shutdown FollowerState
2019-10-22 00:13:03,652 [Thread-1131] INFO  impl.RaftServerImpl (RaftServerImpl.java:setRole(184)) - 2fdb3e93-e0d8-400e-8c33-91e2341b50c6@group-F01152B53F91: changes role from  FOLLOWER to CANDIDATE at term 94 for changeToCandidate
2019-10-22 00:13:03,653 [Thread-1131] INFO  impl.RoleInfo (RoleInfo.java:updateAndGet(143)) - 2fdb3e93-e0d8-400e-8c33-91e2341b50c6: start LeaderElection
2019-10-22 00:13:03,659 [2fdb3e93-e0d8-400e-8c33-91e2341b50c6@group-F01152B53F91-LeaderElection103] INFO  impl.LeaderElection (LeaderElection.java:askForVotes(178)) - 2fdb3e93-e0d8-400e-8c33-91e2341b50c6@group-F01152B53F91-LeaderElection103: begin an election at term 95 for -1: [2fdb3e93-e0d8-400e-8c33-91e2341b50c6:192.168.157.254:43254, 062c71de-08d9-40ee-9309-15590e2e8e68:192.168.157.254:45598, 2a52019e-5647-44e1-bf30-9a43fd8a7377:192.168.157.254:36038], old=null
2019-10-22 00:13:03,662 [grpc-default-executor-3] INFO  impl.RaftServerImpl (RaftServerImpl.java:setRole(184)) - 062c71de-08d9-40ee-9309-15590e2e8e68@group-F01152B53F91: changes role from  FOLLOWER to FOLLOWER at term 95 for recognizeCandidate:2fdb3e93-e0d8-400e-8c33-91e2341b50c6
2019-10-22 00:13:03,662 [grpc-default-executor-3] INFO  impl.RoleInfo (RoleInfo.java:shutdownFollowerState(121)) - 062c71de-08d9-40ee-9309-15590e2e8e68: shutdown FollowerState
2019-10-22 00:13:03,662 [grpc-default-executor-3] INFO  impl.RoleInfo (RoleInfo.java:updateAndGet(143)) - 062c71de-08d9-40ee-9309-15590e2e8e68: start FollowerState
2019-10-22 00:13:03,663 [Thread-1126] INFO  impl.FollowerState (FollowerState.java:run(117)) - 062c71de-08d9-40ee-9309-15590e2e8e68@group-F01152B53F91-FollowerState was interrupted: java.lang.InterruptedException: sleep interrupted
2019-10-22 00:13:03,670 [grpc-default-executor-6] INFO  impl.RaftServerImpl (RaftServerImpl.java:setRole(184)) - 2a52019e-5647-44e1-bf30-9a43fd8a7377@group-F01152B53F91: changes role from  FOLLOWER to FOLLOWER at term 95 for recognizeCandidate:2fdb3e93-e0d8-400e-8c33-91e2341b50c6
2019-10-22 00:13:03,670 [grpc-default-executor-6] INFO  impl.RoleInfo (RoleInfo.java:shutdownFollowerState(121)) - 2a52019e-5647-44e1-bf30-9a43fd8a7377: shutdown FollowerState
2019-10-22 00:13:03,670 [grpc-default-executor-6] INFO  impl.RoleInfo (RoleInfo.java:updateAndGet(143)) - 2a52019e-5647-44e1-bf30-9a43fd8a7377: start FollowerState
2019-10-22 00:13:03,670 [Thread-1125] INFO  impl.FollowerState (FollowerState.java:run(117)) - 2a52019e-5647-44e1-bf30-9a43fd8a7377@group-F01152B53F91-FollowerState was interrupted: java.lang.InterruptedException: sleep interrupted
2019-10-22 00:13:03,677 [2fdb3e93-e0d8-400e-8c33-91e2341b50c6@group-F01152B53F91-LeaderElection103] INFO  impl.LeaderElection (LeaderElection.java:logAndReturn(56)) - 2fdb3e93-e0d8-400e-8c33-91e2341b50c6@group-F01152B53F91-LeaderElection103: Election REJECTED; received 2 response(s) [2fdb3e93-e0d8-400e-8c33-91e2341b50c6<-062c71de-08d9-40ee-9309-15590e2e8e68#0:FAIL-t95, 2fdb3e93-e0d8-400e-8c33-91e2341b50c6<-2a52019e-5647-44e1-bf30-9a43fd8a7377#0:FAIL-t95] and 0 exception(s); 2fdb3e93-e0d8-400e-8c33-91e2341b50c6@group-F01152B53F91:t95, leader=null, voted=2fdb3e93-e0d8-400e-8c33-91e2341b50c6, raftlog=2fdb3e93-e0d8-400e-8c33-91e2341b50c6@group-F01152B53F91-SegmentedRaftLog:OPENED:c-1,f-1,i0, conf=-1: [2fdb3e93-e0d8-400e-8c33-91e2341b50c6:192.168.157.254:43254, 062c71de-08d9-40ee-9309-15590e2e8e68:192.168.157.254:45598, 2a52019e-5647-44e1-bf30-9a43fd8a7377:192.168.157.254:36038], old=null
2019-10-22 00:13:03,677 [2fdb3e93-e0d8-400e-8c33-91e2341b50c6@group-F01152B53F91-LeaderElection103] INFO  impl.RaftServerImpl (RaftServerImpl.java:setRole(184)) - 2fdb3e93-e0d8-400e-8c33-91e2341b50c6@group-F01152B53F91: changes role from CANDIDATE to FOLLOWER at term 95 for DISCOVERED_A_NEW_TERM
2019-10-22 00:13:03,677 [2fdb3e93-e0d8-400e-8c33-91e2341b50c6@group-F01152B53F91-LeaderElection103] INFO  impl.RoleInfo (RoleInfo.java:shutdownLeaderElection(134)) - 2fdb3e93-e0d8-400e-8c33-91e2341b50c6: shutdown LeaderElection
2019-10-22 00:13:03,677 [2fdb3e93-e0d8-400e-8c33-91e2341b50c6@group-F01152B53F91-LeaderElection103] INFO  impl.RoleInfo (RoleInfo.java:updateAndGet(143)) - 2fdb3e93-e0d8-400e-8c33-91e2341b50c6: start FollowerState
2019-10-22 00:13:03,804 [Thread-1149] INFO  impl.FollowerState (FollowerState.java:run(108)) - 2fdb3e93-e0d8-400e-8c33-91e2341b50c6@group-F01152B53F91-FollowerState: change to CANDIDATE, lastRpcTime:126ms, electionTimeout:120ms
2019-10-22 00:13:03,806 [Thread-1149] INFO  impl.RoleInfo (RoleInfo.java:shutdownFollowerState(121)) - 2fdb3e93-e0d8-400e-8c33-91e2341b50c6: shutdown FollowerState
2019-10-22 00:13:03,806 [Thread-1149] INFO  impl.RaftServerImpl (RaftServerImpl.java:setRole(184)) - 2fdb3e93-e0d8-400e-8c33-91e2341b50c6@group-F01152B53F91: changes role from  FOLLOWER to CANDIDATE at term 95 for changeToCandidate
2019-10-22 00:13:03,806 [Thread-1149] INFO  impl.RoleInfo (RoleInfo.java:updateAndGet(143)) - 2fdb3e93-e0d8-400e-8c33-91e2341b50c6: start LeaderElection
2019-10-22 00:13:03,819 [2fdb3e93-e0d8-400e-8c33-91e2341b50c6@group-F01152B53F91-LeaderElection104] INFO  impl.LeaderElection (LeaderElection.java:askForVotes(178)) - 2fdb3e93-e0d8-400e-8c33-91e2341b50c6@group-F01152B53F91-LeaderElection104: begin an election at term 96 for -1: [2fdb3e93-e0d8-400e-8c33-91e2341b50c6:192.168.157.254:43254, 062c71de-08d9-40ee-9309-15590e2e8e68:192.168.157.254:45598, 2a52019e-5647-44e1-bf30-9a43fd8a7377:192.168.157.254:36038], old=null
2019-10-22 00:13:03,822 [grpc-default-executor-6] INFO  impl.RaftServerImpl (RaftServerImpl.java:setRole(184)) - 062c71de-08d9-40ee-9309-15590e2e8e68@group-F01152B53F91: changes role from  FOLLOWER to FOLLOWER at term 96 for recognizeCandidate:2fdb3e93-e0d8-400e-8c33-91e2341b50c6
2019-10-22 00:13:03,822 [grpc-default-executor-3] INFO  impl.RaftServerImpl (RaftServerImpl.java:setRole(184)) - 2a52019e-5647-44e1-bf30-9a43fd8a7377@group-F01152B53F91: changes role from  FOLLOWER to FOLLOWER at term 96 for recognizeCandidate:2fdb3e93-e0d8-400e-8c33-91e2341b50c6
2019-10-22 00:13:03,822 [grpc-default-executor-6] INFO  impl.RoleInfo (RoleInfo.java:shutdownFollowerState(121)) - 062c71de-08d9-40ee-9309-15590e2e8e68: shutdown FollowerState
2019-10-22 00:13:03,822 [grpc-default-executor-3] INFO  impl.RoleInfo (RoleInfo.java:shutdownFollowerState(121)) - 2a52019e-5647-44e1-bf30-9a43fd8a7377: shutdown FollowerState
2019-10-22 00:13:03,822 [grpc-default-executor-6] INFO  impl.RoleInfo (RoleInfo.java:updateAndGet(143)) - 062c71de-08d9-40ee-9309-15590e2e8e68: start FollowerState
2019-10-22 00:13:03,822 [Thread-1148] INFO  impl.FollowerState (FollowerState.java:run(117)) - 2a52019e-5647-44e1-bf30-9a43fd8a7377@group-F01152B53F91-FollowerState was interrupted: java.lang.InterruptedException: sleep interrupted
2019-10-22 00:13:03,822 [Thread-1146] INFO  impl.FollowerState (FollowerState.java:run(117)) - 062c71de-08d9-40ee-9309-15590e2e8e68@group-F01152B53F91-FollowerState was interrupted: java.lang.InterruptedException: sleep interrupted
2019-10-22 00:13:03,822 [grpc-default-executor-3] INFO  impl.RoleInfo (RoleInfo.java:updateAndGet(143)) - 2a52019e-5647-44e1-bf30-9a43fd8a7377: start FollowerState
2019-10-22 00:13:03,842 [2fdb3e93-e0d8-400e-8c33-91e2341b50c6@group-F01152B53F91-LeaderElection104] INFO  impl.LeaderElection (LeaderElection.java:logAndReturn(56)) - 2fdb3e93-e0d8-400e-8c33-91e2341b50c6@group-F01152B53F91-LeaderElection104: Election REJECTED; received 2 response(s) [2fdb3e93-e0d8-400e-8c33-91e2341b50c6<-062c71de-08d9-40ee-9309-15590e2e8e68#0:FAIL-t96, 2fdb3e93-e0d8-400e-8c33-91e2341b50c6<-2a52019e-5647-44e1-bf30-9a43fd8a7377#0:FAIL-t96] and 0 exception(s); 2fdb3e93-e0d8-400e-8c33-91e2341b50c6@group-F01152B53F91:t96, leader=null, voted=2fdb3e93-e0d8-400e-8c33-91e2341b50c6, raftlog=2fdb3e93-e0d8-400e-8c33-91e2341b50c6@group-F01152B53F91-SegmentedRaftLog:OPENED:c-1,f-1,i0, conf=-1: [2fdb3e93-e0d8-400e-8c33-91e2341b50c6:192.168.157.254:43254, 062c71de-08d9-40ee-9309-15590e2e8e68:192.168.157.254:45598, 2a52019e-5647-44e1-bf30-9a43fd8a7377:192.168.157.254:36038], old=null
2019-10-22 00:13:03,842 [2fdb3e93-e0d8-400e-8c33-91e2341b50c6@group-F01152B53F91-LeaderElection104] INFO  impl.RaftServerImpl (RaftServerImpl.java:setRole(184)) - 2fdb3e93-e0d8-400e-8c33-91e2341b50c6@group-F01152B53F91: changes role from CANDIDATE to FOLLOWER at term 96 for DISCOVERED_A_NEW_TERM
2019-10-22 00:13:03,842 [2fdb3e93-e0d8-400e-8c33-91e2341b50c6@group-F01152B53F91-LeaderElection104] INFO  impl.RoleInfo (RoleInfo.java:shutdownLeaderElection(134)) - 2fdb3e93-e0d8-400e-8c33-91e2341b50c6: shutdown LeaderElection
2019-10-22 00:13:03,842 [2fdb3e93-e0d8-400e-8c33-91e2341b50c6@group-F01152B53F91-LeaderElection104] INFO  impl.RoleInfo (RoleInfo.java:updateAndGet(143)) - 2fdb3e93-e0d8-400e-8c33-91e2341b50c6: start FollowerState
2019-10-22 00:13:03,946 [Datanode State Machine Thread - 0] INFO  statemachine.DatanodeStateMachine (DatanodeStateMachine.java:lambda$startDaemon$0(350)) - Ozone container server started.
2019-10-22 00:13:03,962 [Thread-1158] INFO  impl.FollowerState (FollowerState.java:run(108)) - 2fdb3e93-e0d8-400e-8c33-91e2341b50c6@group-F01152B53F91-FollowerState: change to CANDIDATE, lastRpcTime:119ms, electionTimeout:119ms
2019-10-22 00:13:03,962 [Thread-1158] INFO  impl.RoleInfo (RoleInfo.java:shutdownFollowerState(121)) - 2fdb3e93-e0d8-400e-8c33-91e2341b50c6: shutdown FollowerState
2019-10-22 00:13:03,962 [Thread-1158] INFO  impl.RaftServerImpl (RaftServerImpl.java:setRole(184)) - 2fdb3e93-e0d8-400e-8c33-91e2341b50c6@group-F01152B53F91: changes role from  FOLLOWER to CANDIDATE at term 96 for changeToCandidate
2019-10-22 00:13:03,962 [Thread-1158] INFO  impl.RoleInfo (RoleInfo.java:updateAndGet(143)) - 2fdb3e93-e0d8-400e-8c33-91e2341b50c6: start LeaderElection
2019-10-22 00:13:03,976 [2fdb3e93-e0d8-400e-8c33-91e2341b50c6@group-F01152B53F91-LeaderElection105] INFO  impl.LeaderElection (LeaderElection.java:askForVotes(178)) - 2fdb3e93-e0d8-400e-8c33-91e2341b50c6@group-F01152B53F91-LeaderElection105: begin an election at term 97 for -1: [2fdb3e93-e0d8-400e-8c33-91e2341b50c6:192.168.157.254:43254, 062c71de-08d9-40ee-9309-15590e2e8e68:192.168.157.254:45598, 2a52019e-5647-44e1-bf30-9a43fd8a7377:192.168.157.254:36038], old=null
2019-10-22 00:13:03,979 [grpc-default-executor-6] INFO  impl.RaftServerImpl (RaftServerImpl.java:setRole(184)) - 062c71de-08d9-40ee-9309-15590e2e8e68@group-F01152B53F91: changes role from  FOLLOWER to FOLLOWER at term 97 for recognizeCandidate:2fdb3e93-e0d8-400e-8c33-91e2341b50c6
2019-10-22 00:13:03,979 [grpc-default-executor-3] INFO  impl.RaftServerImpl (RaftServerImpl.java:setRole(184)) - 2a52019e-5647-44e1-bf30-9a43fd8a7377@group-F01152B53F91: changes role from  FOLLOWER to FOLLOWER at term 97 for recognizeCandidate:2fdb3e93-e0d8-400e-8c33-91e2341b50c6
2019-10-22 00:13:03,979 [grpc-default-executor-6] INFO  impl.RoleInfo (RoleInfo.java:shutdownFollowerState(121)) - 062c71de-08d9-40ee-9309-15590e2e8e68: shutdown FollowerState
2019-10-22 00:13:03,979 [grpc-default-executor-3] INFO  impl.RoleInfo (RoleInfo.java:shutdownFollowerState(121)) - 2a52019e-5647-44e1-bf30-9a43fd8a7377: shutdown FollowerState
2019-10-22 00:13:03,979 [grpc-default-executor-6] INFO  impl.RoleInfo (RoleInfo.java:updateAndGet(143)) - 062c71de-08d9-40ee-9309-15590e2e8e68: start FollowerState
2019-10-22 00:13:03,979 [grpc-default-executor-3] INFO  impl.RoleInfo (RoleInfo.java:updateAndGet(143)) - 2a52019e-5647-44e1-bf30-9a43fd8a7377: start FollowerState
2019-10-22 00:13:03,979 [Thread-1156] INFO  impl.FollowerState (FollowerState.java:run(117)) - 062c71de-08d9-40ee-9309-15590e2e8e68@group-F01152B53F91-FollowerState was interrupted: java.lang.InterruptedException: sleep interrupted
2019-10-22 00:13:03,979 [Thread-1157] INFO  impl.FollowerState (FollowerState.java:run(117)) - 2a52019e-5647-44e1-bf30-9a43fd8a7377@group-F01152B53F91-FollowerState was interrupted: java.lang.InterruptedException: sleep interrupted
2019-10-22 00:13:03,993 [2fdb3e93-e0d8-400e-8c33-91e2341b50c6@group-F01152B53F91-LeaderElection105] INFO  impl.LeaderElection (LeaderElection.java:logAndReturn(56)) - 2fdb3e93-e0d8-400e-8c33-91e2341b50c6@group-F01152B53F91-LeaderElection105: Election REJECTED; received 2 response(s) [2fdb3e93-e0d8-400e-8c33-91e2341b50c6<-062c71de-08d9-40ee-9309-15590e2e8e68#0:FAIL-t97, 2fdb3e93-e0d8-400e-8c33-91e2341b50c6<-2a52019e-5647-44e1-bf30-9a43fd8a7377#0:FAIL-t97] and 0 exception(s); 2fdb3e93-e0d8-400e-8c33-91e2341b50c6@group-F01152B53F91:t97, leader=null, voted=2fdb3e93-e0d8-400e-8c33-91e2341b50c6, raftlog=2fdb3e93-e0d8-400e-8c33-91e2341b50c6@group-F01152B53F91-SegmentedRaftLog:OPENED:c-1,f-1,i0, conf=-1: [2fdb3e93-e0d8-400e-8c33-91e2341b50c6:192.168.157.254:43254, 062c71de-08d9-40ee-9309-15590e2e8e68:192.168.157.254:45598, 2a52019e-5647-44e1-bf30-9a43fd8a7377:192.168.157.254:36038], old=null
2019-10-22 00:13:03,993 [2fdb3e93-e0d8-400e-8c33-91e2341b50c6@group-F01152B53F91-LeaderElection105] INFO  impl.RaftServerImpl (RaftServerImpl.java:setRole(184)) - 2fdb3e93-e0d8-400e-8c33-91e2341b50c6@group-F01152B53F91: changes role from CANDIDATE to FOLLOWER at term 97 for DISCOVERED_A_NEW_TERM
2019-10-22 00:13:03,993 [2fdb3e93-e0d8-400e-8c33-91e2341b50c6@group-F01152B53F91-LeaderElection105] INFO  impl.RoleInfo (RoleInfo.java:shutdownLeaderElection(134)) - 2fdb3e93-e0d8-400e-8c33-91e2341b50c6: shutdown LeaderElection
2019-10-22 00:13:03,994 [2fdb3e93-e0d8-400e-8c33-91e2341b50c6@group-F01152B53F91-LeaderElection105] INFO  impl.RoleInfo (RoleInfo.java:updateAndGet(143)) - 2fdb3e93-e0d8-400e-8c33-91e2341b50c6: start FollowerState
2019-10-22 00:13:04,086 [Thread-1164] INFO  impl.FollowerState (FollowerState.java:run(108)) - 2fdb3e93-e0d8-400e-8c33-91e2341b50c6@group-F01152B53F91-FollowerState: change to CANDIDATE, lastRpcTime:92ms, electionTimeout:92ms
2019-10-22 00:13:04,086 [Thread-1164] INFO  impl.RoleInfo (RoleInfo.java:shutdownFollowerState(121)) - 2fdb3e93-e0d8-400e-8c33-91e2341b50c6: shutdown FollowerState
2019-10-22 00:13:04,086 [Thread-1164] INFO  impl.RaftServerImpl (RaftServerImpl.java:setRole(184)) - 2fdb3e93-e0d8-400e-8c33-91e2341b50c6@group-F01152B53F91: changes role from  FOLLOWER to CANDIDATE at term 97 for changeToCandidate
2019-10-22 00:13:04,086 [Thread-1164] INFO  impl.RoleInfo (RoleInfo.java:updateAndGet(143)) - 2fdb3e93-e0d8-400e-8c33-91e2341b50c6: start LeaderElection
2019-10-22 00:13:04,105 [2fdb3e93-e0d8-400e-8c33-91e2341b50c6@group-F01152B53F91-LeaderElection106] INFO  impl.LeaderElection (LeaderElection.java:askForVotes(178)) - 2fdb3e93-e0d8-400e-8c33-91e2341b50c6@group-F01152B53F91-LeaderElection106: begin an election at term 98 for -1: [2fdb3e93-e0d8-400e-8c33-91e2341b50c6:192.168.157.254:43254, 062c71de-08d9-40ee-9309-15590e2e8e68:192.168.157.254:45598, 2a52019e-5647-44e1-bf30-9a43fd8a7377:192.168.157.254:36038], old=null
2019-10-22 00:13:04,108 [grpc-default-executor-3] INFO  impl.RaftServerImpl (RaftServerImpl.java:setRole(184)) - 062c71de-08d9-40ee-9309-15590e2e8e68@group-F01152B53F91: changes role from  FOLLOWER to FOLLOWER at term 98 for recognizeCandidate:2fdb3e93-e0d8-400e-8c33-91e2341b50c6
2019-10-22 00:13:04,108 [grpc-default-executor-6] INFO  impl.RaftServerImpl (RaftServerImpl.java:setRole(184)) - 2a52019e-5647-44e1-bf30-9a43fd8a7377@group-F01152B53F91: changes role from  FOLLOWER to FOLLOWER at term 98 for recognizeCandidate:2fdb3e93-e0d8-400e-8c33-91e2341b50c6
2019-10-22 00:13:04,108 [grpc-default-executor-3] INFO  impl.RoleInfo (RoleInfo.java:shutdownFollowerState(121)) - 062c71de-08d9-40ee-9309-15590e2e8e68: shutdown FollowerState
2019-10-22 00:13:04,108 [grpc-default-executor-6] INFO  impl.RoleInfo (RoleInfo.java:shutdownFollowerState(121)) - 2a52019e-5647-44e1-bf30-9a43fd8a7377: shutdown FollowerState
2019-10-22 00:13:04,108 [grpc-default-executor-3] INFO  impl.RoleInfo (RoleInfo.java:updateAndGet(143)) - 062c71de-08d9-40ee-9309-15590e2e8e68: start FollowerState
2019-10-22 00:13:04,108 [Thread-1162] INFO  impl.FollowerState (FollowerState.java:run(117)) - 062c71de-08d9-40ee-9309-15590e2e8e68@group-F01152B53F91-FollowerState was interrupted: java.lang.InterruptedException: sleep interrupted
2019-10-22 00:13:04,108 [grpc-default-executor-6] INFO  impl.RoleInfo (RoleInfo.java:updateAndGet(143)) - 2a52019e-5647-44e1-bf30-9a43fd8a7377: start FollowerState
2019-10-22 00:13:04,108 [Thread-1163] INFO  impl.FollowerState (FollowerState.java:run(117)) - 2a52019e-5647-44e1-bf30-9a43fd8a7377@group-F01152B53F91-FollowerState was interrupted: java.lang.InterruptedException: sleep interrupted
2019-10-22 00:13:04,123 [2fdb3e93-e0d8-400e-8c33-91e2341b50c6@group-F01152B53F91-LeaderElection106] INFO  impl.LeaderElection (LeaderElection.java:logAndReturn(56)) - 2fdb3e93-e0d8-400e-8c33-91e2341b50c6@group-F01152B53F91-LeaderElection106: Election REJECTED; received 2 response(s) [2fdb3e93-e0d8-400e-8c33-91e2341b50c6<-062c71de-08d9-40ee-9309-15590e2e8e68#0:FAIL-t98, 2fdb3e93-e0d8-400e-8c33-91e2341b50c6<-2a52019e-5647-44e1-bf30-9a43fd8a7377#0:FAIL-t98] and 0 exception(s); 2fdb3e93-e0d8-400e-8c33-91e2341b50c6@group-F01152B53F91:t98, leader=null, voted=2fdb3e93-e0d8-400e-8c33-91e2341b50c6, raftlog=2fdb3e93-e0d8-400e-8c33-91e2341b50c6@group-F01152B53F91-SegmentedRaftLog:OPENED:c-1,f-1,i0, conf=-1: [2fdb3e93-e0d8-400e-8c33-91e2341b50c6:192.168.157.254:43254, 062c71de-08d9-40ee-9309-15590e2e8e68:192.168.157.254:45598, 2a52019e-5647-44e1-bf30-9a43fd8a7377:192.168.157.254:36038], old=null
2019-10-22 00:13:04,123 [2fdb3e93-e0d8-400e-8c33-91e2341b50c6@group-F01152B53F91-LeaderElection106] INFO  impl.RaftServerImpl (RaftServerImpl.java:setRole(184)) - 2fdb3e93-e0d8-400e-8c33-91e2341b50c6@group-F01152B53F91: changes role from CANDIDATE to FOLLOWER at term 98 for DISCOVERED_A_NEW_TERM
2019-10-22 00:13:04,123 [2fdb3e93-e0d8-400e-8c33-91e2341b50c6@group-F01152B53F91-LeaderElection106] INFO  impl.RoleInfo (RoleInfo.java:shutdownLeaderElection(134)) - 2fdb3e93-e0d8-400e-8c33-91e2341b50c6: shutdown LeaderElection
2019-10-22 00:13:04,123 [2fdb3e93-e0d8-400e-8c33-91e2341b50c6@group-F01152B53F91-LeaderElection106] INFO  impl.RoleInfo (RoleInfo.java:updateAndGet(143)) - 2fdb3e93-e0d8-400e-8c33-91e2341b50c6: start FollowerState
2019-10-22 00:13:04,156 [Thread-1170] INFO  impl.FollowerState (FollowerState.java:run(108)) - 2fdb3e93-e0d8-400e-8c33-91e2341b50c6@group-F01152B53F91-FollowerState: change to CANDIDATE, lastRpcTime:32ms, electionTimeout:32ms
2019-10-22 00:13:04,156 [Thread-1170] INFO  impl.RoleInfo (RoleInfo.java:shutdownFollowerState(121)) - 2fdb3e93-e0d8-400e-8c33-91e2341b50c6: shutdown FollowerState
2019-10-22 00:13:04,156 [Thread-1170] INFO  impl.RaftServerImpl (RaftServerImpl.java:setRole(184)) - 2fdb3e93-e0d8-400e-8c33-91e2341b50c6@group-F01152B53F91: changes role from  FOLLOWER to CANDIDATE at term 98 for changeToCandidate
2019-10-22 00:13:04,156 [Thread-1170] INFO  impl.RoleInfo (RoleInfo.java:updateAndGet(143)) - 2fdb3e93-e0d8-400e-8c33-91e2341b50c6: start LeaderElection
2019-10-22 00:13:04,170 [2fdb3e93-e0d8-400e-8c33-91e2341b50c6@group-F01152B53F91-LeaderElection107] INFO  impl.LeaderElection (LeaderElection.java:askForVotes(178)) - 2fdb3e93-e0d8-400e-8c33-91e2341b50c6@group-F01152B53F91-LeaderElection107: begin an election at term 99 for -1: [2fdb3e93-e0d8-400e-8c33-91e2341b50c6:192.168.157.254:43254, 062c71de-08d9-40ee-9309-15590e2e8e68:192.168.157.254:45598, 2a52019e-5647-44e1-bf30-9a43fd8a7377:192.168.157.254:36038], old=null
2019-10-22 00:13:04,172 [grpc-default-executor-6] INFO  impl.RaftServerImpl (RaftServerImpl.java:setRole(184)) - 062c71de-08d9-40ee-9309-15590e2e8e68@group-F01152B53F91: changes role from  FOLLOWER to FOLLOWER at term 99 for recognizeCandidate:2fdb3e93-e0d8-400e-8c33-91e2341b50c6
2019-10-22 00:13:04,172 [grpc-default-executor-6] INFO  impl.RoleInfo (RoleInfo.java:shutdownFollowerState(121)) - 062c71de-08d9-40ee-9309-15590e2e8e68: shutdown FollowerState
2019-10-22 00:13:04,172 [grpc-default-executor-6] INFO  impl.RoleInfo (RoleInfo.java:updateAndGet(143)) - 062c71de-08d9-40ee-9309-15590e2e8e68: start FollowerState
2019-10-22 00:13:04,172 [Thread-1168] INFO  impl.FollowerState (FollowerState.java:run(117)) - 062c71de-08d9-40ee-9309-15590e2e8e68@group-F01152B53F91-FollowerState was interrupted: java.lang.InterruptedException: sleep interrupted
2019-10-22 00:13:04,173 [grpc-default-executor-3] INFO  impl.RaftServerImpl (RaftServerImpl.java:setRole(184)) - 2a52019e-5647-44e1-bf30-9a43fd8a7377@group-F01152B53F91: changes role from  FOLLOWER to FOLLOWER at term 99 for recognizeCandidate:2fdb3e93-e0d8-400e-8c33-91e2341b50c6
2019-10-22 00:13:04,174 [grpc-default-executor-3] INFO  impl.RoleInfo (RoleInfo.java:shutdownFollowerState(121)) - 2a52019e-5647-44e1-bf30-9a43fd8a7377: shutdown FollowerState
2019-10-22 00:13:04,174 [grpc-default-executor-3] INFO  impl.RoleInfo (RoleInfo.java:updateAndGet(143)) - 2a52019e-5647-44e1-bf30-9a43fd8a7377: start FollowerState
2019-10-22 00:13:04,174 [Thread-1169] INFO  impl.FollowerState (FollowerState.java:run(117)) - 2a52019e-5647-44e1-bf30-9a43fd8a7377@group-F01152B53F91-FollowerState was interrupted: java.lang.InterruptedException: sleep interrupted
2019-10-22 00:13:04,187 [2fdb3e93-e0d8-400e-8c33-91e2341b50c6@group-F01152B53F91-LeaderElection107] INFO  impl.LeaderElection (LeaderElection.java:logAndReturn(56)) - 2fdb3e93-e0d8-400e-8c33-91e2341b50c6@group-F01152B53F91-LeaderElection107: Election REJECTED; received 2 response(s) [2fdb3e93-e0d8-400e-8c33-91e2341b50c6<-062c71de-08d9-40ee-9309-15590e2e8e68#0:FAIL-t99, 2fdb3e93-e0d8-400e-8c33-91e2341b50c6<-2a52019e-5647-44e1-bf30-9a43fd8a7377#0:FAIL-t99] and 0 exception(s); 2fdb3e93-e0d8-400e-8c33-91e2341b50c6@group-F01152B53F91:t99, leader=null, voted=2fdb3e93-e0d8-400e-8c33-91e2341b50c6, raftlog=2fdb3e93-e0d8-400e-8c33-91e2341b50c6@group-F01152B53F91-SegmentedRaftLog:OPENED:c-1,f-1,i0, conf=-1: [2fdb3e93-e0d8-400e-8c33-91e2341b50c6:192.168.157.254:43254, 062c71de-08d9-40ee-9309-15590e2e8e68:192.168.157.254:45598, 2a52019e-5647-44e1-bf30-9a43fd8a7377:192.168.157.254:36038], old=null
2019-10-22 00:13:04,187 [2fdb3e93-e0d8-400e-8c33-91e2341b50c6@group-F01152B53F91-LeaderElection107] INFO  impl.RaftServerImpl (RaftServerImpl.java:setRole(184)) - 2fdb3e93-e0d8-400e-8c33-91e2341b50c6@group-F01152B53F91: changes role from CANDIDATE to FOLLOWER at term 99 for DISCOVERED_A_NEW_TERM
2019-10-22 00:13:04,187 [2fdb3e93-e0d8-400e-8c33-91e2341b50c6@group-F01152B53F91-LeaderElection107] INFO  impl.RoleInfo (RoleInfo.java:shutdownLeaderElection(134)) - 2fdb3e93-e0d8-400e-8c33-91e2341b50c6: shutdown LeaderElection
2019-10-22 00:13:04,187 [2fdb3e93-e0d8-400e-8c33-91e2341b50c6@group-F01152B53F91-LeaderElection107] INFO  impl.RoleInfo (RoleInfo.java:updateAndGet(143)) - 2fdb3e93-e0d8-400e-8c33-91e2341b50c6: start FollowerState
2019-10-22 00:13:04,209 [Thread-1178] INFO  impl.FollowerState (FollowerState.java:run(108)) - 2fdb3e93-e0d8-400e-8c33-91e2341b50c6@group-F01152B53F91-FollowerState: change to CANDIDATE, lastRpcTime:21ms, electionTimeout:21ms
2019-10-22 00:13:04,209 [Thread-1178] INFO  impl.RoleInfo (RoleInfo.java:shutdownFollowerState(121)) - 2fdb3e93-e0d8-400e-8c33-91e2341b50c6: shutdown FollowerState
2019-10-22 00:13:04,209 [Thread-1178] INFO  impl.RaftServerImpl (RaftServerImpl.java:setRole(184)) - 2fdb3e93-e0d8-400e-8c33-91e2341b50c6@group-F01152B53F91: changes role from  FOLLOWER to CANDIDATE at term 99 for changeToCandidate
2019-10-22 00:13:04,209 [Thread-1178] INFO  impl.RoleInfo (RoleInfo.java:updateAndGet(143)) - 2fdb3e93-e0d8-400e-8c33-91e2341b50c6: start LeaderElection
2019-10-22 00:13:04,223 [2fdb3e93-e0d8-400e-8c33-91e2341b50c6@group-F01152B53F91-LeaderElection108] INFO  impl.LeaderElection (LeaderElection.java:askForVotes(178)) - 2fdb3e93-e0d8-400e-8c33-91e2341b50c6@group-F01152B53F91-LeaderElection108: begin an election at term 100 for -1: [2fdb3e93-e0d8-400e-8c33-91e2341b50c6:192.168.157.254:43254, 062c71de-08d9-40ee-9309-15590e2e8e68:192.168.157.254:45598, 2a52019e-5647-44e1-bf30-9a43fd8a7377:192.168.157.254:36038], old=null
2019-10-22 00:13:04,224 [grpc-default-executor-3] INFO  impl.RaftServerImpl (RaftServerImpl.java:setRole(184)) - 062c71de-08d9-40ee-9309-15590e2e8e68@group-F01152B53F91: changes role from  FOLLOWER to FOLLOWER at term 100 for recognizeCandidate:2fdb3e93-e0d8-400e-8c33-91e2341b50c6
2019-10-22 00:13:04,224 [grpc-default-executor-6] INFO  impl.RaftServerImpl (RaftServerImpl.java:setRole(184)) - 2a52019e-5647-44e1-bf30-9a43fd8a7377@group-F01152B53F91: changes role from  FOLLOWER to FOLLOWER at term 100 for recognizeCandidate:2fdb3e93-e0d8-400e-8c33-91e2341b50c6
2019-10-22 00:13:04,225 [grpc-default-executor-3] INFO  impl.RoleInfo (RoleInfo.java:shutdownFollowerState(121)) - 062c71de-08d9-40ee-9309-15590e2e8e68: shutdown FollowerState
2019-10-22 00:13:04,225 [grpc-default-executor-6] INFO  impl.RoleInfo (RoleInfo.java:shutdownFollowerState(121)) - 2a52019e-5647-44e1-bf30-9a43fd8a7377: shutdown FollowerState
2019-10-22 00:13:04,225 [grpc-default-executor-3] INFO  impl.RoleInfo (RoleInfo.java:updateAndGet(143)) - 062c71de-08d9-40ee-9309-15590e2e8e68: start FollowerState
2019-10-22 00:13:04,225 [Thread-1176] INFO  impl.FollowerState (FollowerState.java:run(117)) - 062c71de-08d9-40ee-9309-15590e2e8e68@group-F01152B53F91-FollowerState was interrupted: java.lang.InterruptedException: sleep interrupted
2019-10-22 00:13:04,225 [Thread-1177] INFO  impl.FollowerState (FollowerState.java:run(117)) - 2a52019e-5647-44e1-bf30-9a43fd8a7377@group-F01152B53F91-FollowerState was interrupted: java.lang.InterruptedException: sleep interrupted
2019-10-22 00:13:04,225 [grpc-default-executor-6] INFO  impl.RoleInfo (RoleInfo.java:updateAndGet(143)) - 2a52019e-5647-44e1-bf30-9a43fd8a7377: start FollowerState
2019-10-22 00:13:04,239 [2fdb3e93-e0d8-400e-8c33-91e2341b50c6@group-F01152B53F91-LeaderElection108] INFO  impl.LeaderElection (LeaderElection.java:logAndReturn(56)) - 2fdb3e93-e0d8-400e-8c33-91e2341b50c6@group-F01152B53F91-LeaderElection108: Election REJECTED; received 2 response(s) [2fdb3e93-e0d8-400e-8c33-91e2341b50c6<-062c71de-08d9-40ee-9309-15590e2e8e68#0:FAIL-t100, 2fdb3e93-e0d8-400e-8c33-91e2341b50c6<-2a52019e-5647-44e1-bf30-9a43fd8a7377#0:FAIL-t100] and 0 exception(s); 2fdb3e93-e0d8-400e-8c33-91e2341b50c6@group-F01152B53F91:t100, leader=null, voted=2fdb3e93-e0d8-400e-8c33-91e2341b50c6, raftlog=2fdb3e93-e0d8-400e-8c33-91e2341b50c6@group-F01152B53F91-SegmentedRaftLog:OPENED:c-1,f-1,i0, conf=-1: [2fdb3e93-e0d8-400e-8c33-91e2341b50c6:192.168.157.254:43254, 062c71de-08d9-40ee-9309-15590e2e8e68:192.168.157.254:45598, 2a52019e-5647-44e1-bf30-9a43fd8a7377:192.168.157.254:36038], old=null
2019-10-22 00:13:04,239 [2fdb3e93-e0d8-400e-8c33-91e2341b50c6@group-F01152B53F91-LeaderElection108] INFO  impl.RaftServerImpl (RaftServerImpl.java:setRole(184)) - 2fdb3e93-e0d8-400e-8c33-91e2341b50c6@group-F01152B53F91: changes role from CANDIDATE to FOLLOWER at term 100 for DISCOVERED_A_NEW_TERM
2019-10-22 00:13:04,240 [2fdb3e93-e0d8-400e-8c33-91e2341b50c6@group-F01152B53F91-LeaderElection108] INFO  impl.RoleInfo (RoleInfo.java:shutdownLeaderElection(134)) - 2fdb3e93-e0d8-400e-8c33-91e2341b50c6: shutdown LeaderElection
2019-10-22 00:13:04,240 [2fdb3e93-e0d8-400e-8c33-91e2341b50c6@group-F01152B53F91-LeaderElection108] INFO  impl.RoleInfo (RoleInfo.java:updateAndGet(143)) - 2fdb3e93-e0d8-400e-8c33-91e2341b50c6: start FollowerState
2019-10-22 00:13:04,240 [Thread-1184] INFO  impl.FollowerState (FollowerState.java:run(108)) - 2fdb3e93-e0d8-400e-8c33-91e2341b50c6@group-F01152B53F91-FollowerState: change to CANDIDATE, lastRpcTime:0ms, electionTimeout:0ms
2019-10-22 00:13:04,240 [Thread-1184] INFO  impl.RoleInfo (RoleInfo.java:shutdownFollowerState(121)) - 2fdb3e93-e0d8-400e-8c33-91e2341b50c6: shutdown FollowerState
2019-10-22 00:13:04,240 [Thread-1184] INFO  impl.RaftServerImpl (RaftServerImpl.java:setRole(184)) - 2fdb3e93-e0d8-400e-8c33-91e2341b50c6@group-F01152B53F91: changes role from  FOLLOWER to CANDIDATE at term 100 for changeToCandidate
2019-10-22 00:13:04,240 [Thread-1184] INFO  impl.RoleInfo (RoleInfo.java:updateAndGet(143)) - 2fdb3e93-e0d8-400e-8c33-91e2341b50c6: start LeaderElection
2019-10-22 00:13:04,253 [2fdb3e93-e0d8-400e-8c33-91e2341b50c6@group-F01152B53F91-LeaderElection109] INFO  impl.LeaderElection (LeaderElection.java:askForVotes(178)) - 2fdb3e93-e0d8-400e-8c33-91e2341b50c6@group-F01152B53F91-LeaderElection109: begin an election at term 101 for -1: [2fdb3e93-e0d8-400e-8c33-91e2341b50c6:192.168.157.254:43254, 062c71de-08d9-40ee-9309-15590e2e8e68:192.168.157.254:45598, 2a52019e-5647-44e1-bf30-9a43fd8a7377:192.168.157.254:36038], old=null
2019-10-22 00:13:04,255 [grpc-default-executor-3] INFO  impl.RaftServerImpl (RaftServerImpl.java:setRole(184)) - 2a52019e-5647-44e1-bf30-9a43fd8a7377@group-F01152B53F91: changes role from  FOLLOWER to FOLLOWER at term 101 for recognizeCandidate:2fdb3e93-e0d8-400e-8c33-91e2341b50c6
2019-10-22 00:13:04,255 [grpc-default-executor-3] INFO  impl.RoleInfo (RoleInfo.java:shutdownFollowerState(121)) - 2a52019e-5647-44e1-bf30-9a43fd8a7377: shutdown FollowerState
2019-10-22 00:13:04,255 [grpc-default-executor-3] INFO  impl.RoleInfo (RoleInfo.java:updateAndGet(143)) - 2a52019e-5647-44e1-bf30-9a43fd8a7377: start FollowerState
2019-10-22 00:13:04,255 [grpc-default-executor-6] INFO  impl.RaftServerImpl (RaftServerImpl.java:setRole(184)) - 062c71de-08d9-40ee-9309-15590e2e8e68@group-F01152B53F91: changes role from  FOLLOWER to FOLLOWER at term 101 for recognizeCandidate:2fdb3e93-e0d8-400e-8c33-91e2341b50c6
2019-10-22 00:13:04,255 [grpc-default-executor-6] INFO  impl.RoleInfo (RoleInfo.java:shutdownFollowerState(121)) - 062c71de-08d9-40ee-9309-15590e2e8e68: shutdown FollowerState
2019-10-22 00:13:04,255 [Thread-1183] INFO  impl.FollowerState (FollowerState.java:run(117)) - 2a52019e-5647-44e1-bf30-9a43fd8a7377@group-F01152B53F91-FollowerState was interrupted: java.lang.InterruptedException: sleep interrupted
2019-10-22 00:13:04,255 [grpc-default-executor-6] INFO  impl.RoleInfo (RoleInfo.java:updateAndGet(143)) - 062c71de-08d9-40ee-9309-15590e2e8e68: start FollowerState
2019-10-22 00:13:04,255 [Thread-1182] INFO  impl.FollowerState (FollowerState.java:run(117)) - 062c71de-08d9-40ee-9309-15590e2e8e68@group-F01152B53F91-FollowerState was interrupted: java.lang.InterruptedException: sleep interrupted
2019-10-22 00:13:04,271 [2fdb3e93-e0d8-400e-8c33-91e2341b50c6@group-F01152B53F91-LeaderElection109] INFO  impl.LeaderElection (LeaderElection.java:logAndReturn(56)) - 2fdb3e93-e0d8-400e-8c33-91e2341b50c6@group-F01152B53F91-LeaderElection109: Election REJECTED; received 2 response(s) [2fdb3e93-e0d8-400e-8c33-91e2341b50c6<-062c71de-08d9-40ee-9309-15590e2e8e68#0:FAIL-t101, 2fdb3e93-e0d8-400e-8c33-91e2341b50c6<-2a52019e-5647-44e1-bf30-9a43fd8a7377#0:FAIL-t101] and 0 exception(s); 2fdb3e93-e0d8-400e-8c33-91e2341b50c6@group-F01152B53F91:t101, leader=null, voted=2fdb3e93-e0d8-400e-8c33-91e2341b50c6, raftlog=2fdb3e93-e0d8-400e-8c33-91e2341b50c6@group-F01152B53F91-SegmentedRaftLog:OPENED:c-1,f-1,i0, conf=-1: [2fdb3e93-e0d8-400e-8c33-91e2341b50c6:192.168.157.254:43254, 062c71de-08d9-40ee-9309-15590e2e8e68:192.168.157.254:45598, 2a52019e-5647-44e1-bf30-9a43fd8a7377:192.168.157.254:36038], old=null
2019-10-22 00:13:04,271 [2fdb3e93-e0d8-400e-8c33-91e2341b50c6@group-F01152B53F91-LeaderElection109] INFO  impl.RaftServerImpl (RaftServerImpl.java:setRole(184)) - 2fdb3e93-e0d8-400e-8c33-91e2341b50c6@group-F01152B53F91: changes role from CANDIDATE to FOLLOWER at term 101 for DISCOVERED_A_NEW_TERM
2019-10-22 00:13:04,271 [2fdb3e93-e0d8-400e-8c33-91e2341b50c6@group-F01152B53F91-LeaderElection109] INFO  impl.RoleInfo (RoleInfo.java:shutdownLeaderElection(134)) - 2fdb3e93-e0d8-400e-8c33-91e2341b50c6: shutdown LeaderElection
2019-10-22 00:13:04,271 [2fdb3e93-e0d8-400e-8c33-91e2341b50c6@group-F01152B53F91-LeaderElection109] INFO  impl.RoleInfo (RoleInfo.java:updateAndGet(143)) - 2fdb3e93-e0d8-400e-8c33-91e2341b50c6: start FollowerState
2019-10-22 00:13:04,297 [Thread-1190] INFO  impl.FollowerState (FollowerState.java:run(108)) - 2fdb3e93-e0d8-400e-8c33-91e2341b50c6@group-F01152B53F91-FollowerState: change to CANDIDATE, lastRpcTime:25ms, electionTimeout:25ms
2019-10-22 00:13:04,297 [Thread-1190] INFO  impl.RoleInfo (RoleInfo.java:shutdownFollowerState(121)) - 2fdb3e93-e0d8-400e-8c33-91e2341b50c6: shutdown FollowerState
2019-10-22 00:13:04,297 [Thread-1190] INFO  impl.RaftServerImpl (RaftServerImpl.java:setRole(184)) - 2fdb3e93-e0d8-400e-8c33-91e2341b50c6@group-F01152B53F91: changes role from  FOLLOWER to CANDIDATE at term 101 for changeToCandidate
2019-10-22 00:13:04,297 [Thread-1190] INFO  impl.RoleInfo (RoleInfo.java:updateAndGet(143)) - 2fdb3e93-e0d8-400e-8c33-91e2341b50c6: start LeaderElection
2019-10-22 00:13:04,310 [2fdb3e93-e0d8-400e-8c33-91e2341b50c6@group-F01152B53F91-LeaderElection110] INFO  impl.LeaderElection (LeaderElection.java:askForVotes(178)) - 2fdb3e93-e0d8-400e-8c33-91e2341b50c6@group-F01152B53F91-LeaderElection110: begin an election at term 102 for -1: [2fdb3e93-e0d8-400e-8c33-91e2341b50c6:192.168.157.254:43254, 062c71de-08d9-40ee-9309-15590e2e8e68:192.168.157.254:45598, 2a52019e-5647-44e1-bf30-9a43fd8a7377:192.168.157.254:36038], old=null
2019-10-22 00:13:04,311 [grpc-default-executor-3] INFO  impl.RaftServerImpl (RaftServerImpl.java:setRole(184)) - 062c71de-08d9-40ee-9309-15590e2e8e68@group-F01152B53F91: changes role from  FOLLOWER to FOLLOWER at term 102 for recognizeCandidate:2fdb3e93-e0d8-400e-8c33-91e2341b50c6
2019-10-22 00:13:04,312 [grpc-default-executor-3] INFO  impl.RoleInfo (RoleInfo.java:shutdownFollowerState(121)) - 062c71de-08d9-40ee-9309-15590e2e8e68: shutdown FollowerState
2019-10-22 00:13:04,312 [grpc-default-executor-3] INFO  impl.RoleInfo (RoleInfo.java:updateAndGet(143)) - 062c71de-08d9-40ee-9309-15590e2e8e68: start FollowerState
2019-10-22 00:13:04,312 [Thread-1189] INFO  impl.FollowerState (FollowerState.java:run(117)) - 062c71de-08d9-40ee-9309-15590e2e8e68@group-F01152B53F91-FollowerState was interrupted: java.lang.InterruptedException: sleep interrupted
2019-10-22 00:13:04,312 [grpc-default-executor-6] INFO  impl.RaftServerImpl (RaftServerImpl.java:setRole(184)) - 2a52019e-5647-44e1-bf30-9a43fd8a7377@group-F01152B53F91: changes role from  FOLLOWER to FOLLOWER at term 102 for recognizeCandidate:2fdb3e93-e0d8-400e-8c33-91e2341b50c6
2019-10-22 00:13:04,312 [grpc-default-executor-6] INFO  impl.RoleInfo (RoleInfo.java:shutdownFollowerState(121)) - 2a52019e-5647-44e1-bf30-9a43fd8a7377: shutdown FollowerState
2019-10-22 00:13:04,312 [grpc-default-executor-6] INFO  impl.RoleInfo (RoleInfo.java:updateAndGet(143)) - 2a52019e-5647-44e1-bf30-9a43fd8a7377: start FollowerState
2019-10-22 00:13:04,312 [Thread-1188] INFO  impl.FollowerState (FollowerState.java:run(117)) - 2a52019e-5647-44e1-bf30-9a43fd8a7377@group-F01152B53F91-FollowerState was interrupted: java.lang.InterruptedException: sleep interrupted
2019-10-22 00:13:04,325 [2fdb3e93-e0d8-400e-8c33-91e2341b50c6@group-F01152B53F91-LeaderElection110] INFO  impl.LeaderElection (LeaderElection.java:logAndReturn(56)) - 2fdb3e93-e0d8-400e-8c33-91e2341b50c6@group-F01152B53F91-LeaderElection110: Election REJECTED; received 2 response(s) [2fdb3e93-e0d8-400e-8c33-91e2341b50c6<-062c71de-08d9-40ee-9309-15590e2e8e68#0:FAIL-t102, 2fdb3e93-e0d8-400e-8c33-91e2341b50c6<-2a52019e-5647-44e1-bf30-9a43fd8a7377#0:FAIL-t102] and 0 exception(s); 2fdb3e93-e0d8-400e-8c33-91e2341b50c6@group-F01152B53F91:t102, leader=null, voted=2fdb3e93-e0d8-400e-8c33-91e2341b50c6, raftlog=2fdb3e93-e0d8-400e-8c33-91e2341b50c6@group-F01152B53F91-SegmentedRaftLog:OPENED:c-1,f-1,i0, conf=-1: [2fdb3e93-e0d8-400e-8c33-91e2341b50c6:192.168.157.254:43254, 062c71de-08d9-40ee-9309-15590e2e8e68:192.168.157.254:45598, 2a52019e-5647-44e1-bf30-9a43fd8a7377:192.168.157.254:36038], old=null
2019-10-22 00:13:04,325 [2fdb3e93-e0d8-400e-8c33-91e2341b50c6@group-F01152B53F91-LeaderElection110] INFO  impl.RaftServerImpl (RaftServerImpl.java:setRole(184)) - 2fdb3e93-e0d8-400e-8c33-91e2341b50c6@group-F01152B53F91: changes role from CANDIDATE to FOLLOWER at term 102 for DISCOVERED_A_NEW_TERM
2019-10-22 00:13:04,325 [2fdb3e93-e0d8-400e-8c33-91e2341b50c6@group-F01152B53F91-LeaderElection110] INFO  impl.RoleInfo (RoleInfo.java:shutdownLeaderElection(134)) - 2fdb3e93-e0d8-400e-8c33-91e2341b50c6: shutdown LeaderElection
2019-10-22 00:13:04,325 [2fdb3e93-e0d8-400e-8c33-91e2341b50c6@group-F01152B53F91-LeaderElection110] INFO  impl.RoleInfo (RoleInfo.java:updateAndGet(143)) - 2fdb3e93-e0d8-400e-8c33-91e2341b50c6: start FollowerState
2019-10-22 00:13:04,502 [Thread-1198] INFO  impl.FollowerState (FollowerState.java:run(108)) - 2fdb3e93-e0d8-400e-8c33-91e2341b50c6@group-F01152B53F91-FollowerState: change to CANDIDATE, lastRpcTime:176ms, electionTimeout:176ms
2019-10-22 00:13:04,502 [Thread-1198] INFO  impl.RoleInfo (RoleInfo.java:shutdownFollowerState(121)) - 2fdb3e93-e0d8-400e-8c33-91e2341b50c6: shutdown FollowerState
2019-10-22 00:13:04,502 [Thread-1198] INFO  impl.RaftServerImpl (RaftServerImpl.java:setRole(184)) - 2fdb3e93-e0d8-400e-8c33-91e2341b50c6@group-F01152B53F91: changes role from  FOLLOWER to CANDIDATE at term 102 for changeToCandidate
2019-10-22 00:13:04,502 [Thread-1198] INFO  impl.RoleInfo (RoleInfo.java:updateAndGet(143)) - 2fdb3e93-e0d8-400e-8c33-91e2341b50c6: start LeaderElection
2019-10-22 00:13:04,516 [2fdb3e93-e0d8-400e-8c33-91e2341b50c6@group-F01152B53F91-LeaderElection111] INFO  impl.LeaderElection (LeaderElection.java:askForVotes(178)) - 2fdb3e93-e0d8-400e-8c33-91e2341b50c6@group-F01152B53F91-LeaderElection111: begin an election at term 103 for -1: [2fdb3e93-e0d8-400e-8c33-91e2341b50c6:192.168.157.254:43254, 062c71de-08d9-40ee-9309-15590e2e8e68:192.168.157.254:45598, 2a52019e-5647-44e1-bf30-9a43fd8a7377:192.168.157.254:36038], old=null
2019-10-22 00:13:04,518 [grpc-default-executor-6] INFO  impl.RaftServerImpl (RaftServerImpl.java:setRole(184)) - 062c71de-08d9-40ee-9309-15590e2e8e68@group-F01152B53F91: changes role from  FOLLOWER to FOLLOWER at term 103 for recognizeCandidate:2fdb3e93-e0d8-400e-8c33-91e2341b50c6
2019-10-22 00:13:04,518 [grpc-default-executor-6] INFO  impl.RoleInfo (RoleInfo.java:shutdownFollowerState(121)) - 062c71de-08d9-40ee-9309-15590e2e8e68: shutdown FollowerState
2019-10-22 00:13:04,518 [grpc-default-executor-3] INFO  impl.RaftServerImpl (RaftServerImpl.java:setRole(184)) - 2a52019e-5647-44e1-bf30-9a43fd8a7377@group-F01152B53F91: changes role from  FOLLOWER to FOLLOWER at term 103 for recognizeCandidate:2fdb3e93-e0d8-400e-8c33-91e2341b50c6
2019-10-22 00:13:04,518 [Thread-1196] INFO  impl.FollowerState (FollowerState.java:run(117)) - 062c71de-08d9-40ee-9309-15590e2e8e68@group-F01152B53F91-FollowerState was interrupted: java.lang.InterruptedException: sleep interrupted
2019-10-22 00:13:04,518 [grpc-default-executor-6] INFO  impl.RoleInfo (RoleInfo.java:updateAndGet(143)) - 062c71de-08d9-40ee-9309-15590e2e8e68: start FollowerState
2019-10-22 00:13:04,519 [grpc-default-executor-3] INFO  impl.RoleInfo (RoleInfo.java:shutdownFollowerState(121)) - 2a52019e-5647-44e1-bf30-9a43fd8a7377: shutdown FollowerState
2019-10-22 00:13:04,519 [grpc-default-executor-3] INFO  impl.RoleInfo (RoleInfo.java:updateAndGet(143)) - 2a52019e-5647-44e1-bf30-9a43fd8a7377: start FollowerState
2019-10-22 00:13:04,519 [Thread-1197] INFO  impl.FollowerState (FollowerState.java:run(117)) - 2a52019e-5647-44e1-bf30-9a43fd8a7377@group-F01152B53F91-FollowerState was interrupted: java.lang.InterruptedException: sleep interrupted
2019-10-22 00:13:04,533 [2fdb3e93-e0d8-400e-8c33-91e2341b50c6@group-F01152B53F91-LeaderElection111] INFO  impl.LeaderElection (LeaderElection.java:logAndReturn(56)) - 2fdb3e93-e0d8-400e-8c33-91e2341b50c6@group-F01152B53F91-LeaderElection111: Election REJECTED; received 2 response(s) [2fdb3e93-e0d8-400e-8c33-91e2341b50c6<-062c71de-08d9-40ee-9309-15590e2e8e68#0:FAIL-t103, 2fdb3e93-e0d8-400e-8c33-91e2341b50c6<-2a52019e-5647-44e1-bf30-9a43fd8a7377#0:FAIL-t103] and 0 exception(s); 2fdb3e93-e0d8-400e-8c33-91e2341b50c6@group-F01152B53F91:t103, leader=null, voted=2fdb3e93-e0d8-400e-8c33-91e2341b50c6, raftlog=2fdb3e93-e0d8-400e-8c33-91e2341b50c6@group-F01152B53F91-SegmentedRaftLog:OPENED:c-1,f-1,i0, conf=-1: [2fdb3e93-e0d8-400e-8c33-91e2341b50c6:192.168.157.254:43254, 062c71de-08d9-40ee-9309-15590e2e8e68:192.168.157.254:45598, 2a52019e-5647-44e1-bf30-9a43fd8a7377:192.168.157.254:36038], old=null
2019-10-22 00:13:04,534 [2fdb3e93-e0d8-400e-8c33-91e2341b50c6@group-F01152B53F91-LeaderElection111] INFO  impl.RaftServerImpl (RaftServerImpl.java:setRole(184)) - 2fdb3e93-e0d8-400e-8c33-91e2341b50c6@group-F01152B53F91: changes role from CANDIDATE to FOLLOWER at term 103 for DISCOVERED_A_NEW_TERM
2019-10-22 00:13:04,534 [2fdb3e93-e0d8-400e-8c33-91e2341b50c6@group-F01152B53F91-LeaderElection111] INFO  impl.RoleInfo (RoleInfo.java:shutdownLeaderElection(134)) - 2fdb3e93-e0d8-400e-8c33-91e2341b50c6: shutdown LeaderElection
2019-10-22 00:13:04,534 [2fdb3e93-e0d8-400e-8c33-91e2341b50c6@group-F01152B53F91-LeaderElection111] INFO  impl.RoleInfo (RoleInfo.java:updateAndGet(143)) - 2fdb3e93-e0d8-400e-8c33-91e2341b50c6: start FollowerState
2019-10-22 00:13:04,601 [Thread-1204] INFO  impl.FollowerState (FollowerState.java:run(108)) - 2fdb3e93-e0d8-400e-8c33-91e2341b50c6@group-F01152B53F91-FollowerState: change to CANDIDATE, lastRpcTime:67ms, electionTimeout:67ms
2019-10-22 00:13:04,602 [Thread-1204] INFO  impl.RoleInfo (RoleInfo.java:shutdownFollowerState(121)) - 2fdb3e93-e0d8-400e-8c33-91e2341b50c6: shutdown FollowerState
2019-10-22 00:13:04,602 [Thread-1204] INFO  impl.RaftServerImpl (RaftServerImpl.java:setRole(184)) - 2fdb3e93-e0d8-400e-8c33-91e2341b50c6@group-F01152B53F91: changes role from  FOLLOWER to CANDIDATE at term 103 for changeToCandidate
2019-10-22 00:13:04,602 [Thread-1204] INFO  impl.RoleInfo (RoleInfo.java:updateAndGet(143)) - 2fdb3e93-e0d8-400e-8c33-91e2341b50c6: start LeaderElection
2019-10-22 00:13:04,608 [2fdb3e93-e0d8-400e-8c33-91e2341b50c6@group-F01152B53F91-LeaderElection112] INFO  impl.LeaderElection (LeaderElection.java:askForVotes(178)) - 2fdb3e93-e0d8-400e-8c33-91e2341b50c6@group-F01152B53F91-LeaderElection112: begin an election at term 104 for -1: [2fdb3e93-e0d8-400e-8c33-91e2341b50c6:192.168.157.254:43254, 062c71de-08d9-40ee-9309-15590e2e8e68:192.168.157.254:45598, 2a52019e-5647-44e1-bf30-9a43fd8a7377:192.168.157.254:36038], old=null
2019-10-22 00:13:04,610 [grpc-default-executor-6] INFO  impl.RaftServerImpl (RaftServerImpl.java:setRole(184)) - 062c71de-08d9-40ee-9309-15590e2e8e68@group-F01152B53F91: changes role from  FOLLOWER to FOLLOWER at term 104 for recognizeCandidate:2fdb3e93-e0d8-400e-8c33-91e2341b50c6
2019-10-22 00:13:04,610 [grpc-default-executor-6] INFO  impl.RoleInfo (RoleInfo.java:shutdownFollowerState(121)) - 062c71de-08d9-40ee-9309-15590e2e8e68: shutdown FollowerState
2019-10-22 00:13:04,611 [grpc-default-executor-6] INFO  impl.RoleInfo (RoleInfo.java:updateAndGet(143)) - 062c71de-08d9-40ee-9309-15590e2e8e68: start FollowerState
2019-10-22 00:13:04,611 [Thread-1202] INFO  impl.FollowerState (FollowerState.java:run(117)) - 062c71de-08d9-40ee-9309-15590e2e8e68@group-F01152B53F91-FollowerState was interrupted: java.lang.InterruptedException: sleep interrupted
2019-10-22 00:13:04,611 [grpc-default-executor-3] INFO  impl.RaftServerImpl (RaftServerImpl.java:setRole(184)) - 2a52019e-5647-44e1-bf30-9a43fd8a7377@group-F01152B53F91: changes role from  FOLLOWER to FOLLOWER at term 104 for recognizeCandidate:2fdb3e93-e0d8-400e-8c33-91e2341b50c6
2019-10-22 00:13:04,611 [grpc-default-executor-3] INFO  impl.RoleInfo (RoleInfo.java:shutdownFollowerState(121)) - 2a52019e-5647-44e1-bf30-9a43fd8a7377: shutdown FollowerState
2019-10-22 00:13:04,611 [grpc-default-executor-3] INFO  impl.RoleInfo (RoleInfo.java:updateAndGet(143)) - 2a52019e-5647-44e1-bf30-9a43fd8a7377: start FollowerState
2019-10-22 00:13:04,611 [Thread-1203] INFO  impl.FollowerState (FollowerState.java:run(117)) - 2a52019e-5647-44e1-bf30-9a43fd8a7377@group-F01152B53F91-FollowerState was interrupted: java.lang.InterruptedException: sleep interrupted
2019-10-22 00:13:04,625 [2fdb3e93-e0d8-400e-8c33-91e2341b50c6@group-F01152B53F91-LeaderElection112] INFO  impl.LeaderElection (LeaderElection.java:logAndReturn(56)) - 2fdb3e93-e0d8-400e-8c33-91e2341b50c6@group-F01152B53F91-LeaderElection112: Election REJECTED; received 2 response(s) [2fdb3e93-e0d8-400e-8c33-91e2341b50c6<-062c71de-08d9-40ee-9309-15590e2e8e68#0:FAIL-t104, 2fdb3e93-e0d8-400e-8c33-91e2341b50c6<-2a52019e-5647-44e1-bf30-9a43fd8a7377#0:FAIL-t104] and 0 exception(s); 2fdb3e93-e0d8-400e-8c33-91e2341b50c6@group-F01152B53F91:t104, leader=null, voted=2fdb3e93-e0d8-400e-8c33-91e2341b50c6, raftlog=2fdb3e93-e0d8-400e-8c33-91e2341b50c6@group-F01152B53F91-SegmentedRaftLog:OPENED:c-1,f-1,i0, conf=-1: [2fdb3e93-e0d8-400e-8c33-91e2341b50c6:192.168.157.254:43254, 062c71de-08d9-40ee-9309-15590e2e8e68:192.168.157.254:45598, 2a52019e-5647-44e1-bf30-9a43fd8a7377:192.168.157.254:36038], old=null
2019-10-22 00:13:04,625 [2fdb3e93-e0d8-400e-8c33-91e2341b50c6@group-F01152B53F91-LeaderElection112] INFO  impl.RaftServerImpl (RaftServerImpl.java:setRole(184)) - 2fdb3e93-e0d8-400e-8c33-91e2341b50c6@group-F01152B53F91: changes role from CANDIDATE to FOLLOWER at term 104 for DISCOVERED_A_NEW_TERM
2019-10-22 00:13:04,626 [2fdb3e93-e0d8-400e-8c33-91e2341b50c6@group-F01152B53F91-LeaderElection112] INFO  impl.RoleInfo (RoleInfo.java:shutdownLeaderElection(134)) - 2fdb3e93-e0d8-400e-8c33-91e2341b50c6: shutdown LeaderElection
2019-10-22 00:13:04,626 [2fdb3e93-e0d8-400e-8c33-91e2341b50c6@group-F01152B53F91-LeaderElection112] INFO  impl.RoleInfo (RoleInfo.java:updateAndGet(143)) - 2fdb3e93-e0d8-400e-8c33-91e2341b50c6: start FollowerState
2019-10-22 00:13:04,762 [Thread-1210] INFO  impl.FollowerState (FollowerState.java:run(108)) - 2fdb3e93-e0d8-400e-8c33-91e2341b50c6@group-F01152B53F91-FollowerState: change to CANDIDATE, lastRpcTime:136ms, electionTimeout:136ms
2019-10-22 00:13:04,762 [Thread-1210] INFO  impl.RoleInfo (RoleInfo.java:shutdownFollowerState(121)) - 2fdb3e93-e0d8-400e-8c33-91e2341b50c6: shutdown FollowerState
2019-10-22 00:13:04,762 [Thread-1210] INFO  impl.RaftServerImpl (RaftServerImpl.java:setRole(184)) - 2fdb3e93-e0d8-400e-8c33-91e2341b50c6@group-F01152B53F91: changes role from  FOLLOWER to CANDIDATE at term 104 for changeToCandidate
2019-10-22 00:13:04,763 [Thread-1210] INFO  impl.RoleInfo (RoleInfo.java:updateAndGet(143)) - 2fdb3e93-e0d8-400e-8c33-91e2341b50c6: start LeaderElection
2019-10-22 00:13:04,776 [2fdb3e93-e0d8-400e-8c33-91e2341b50c6@group-F01152B53F91-LeaderElection113] INFO  impl.LeaderElection (LeaderElection.java:askForVotes(178)) - 2fdb3e93-e0d8-400e-8c33-91e2341b50c6@group-F01152B53F91-LeaderElection113: begin an election at term 105 for -1: [2fdb3e93-e0d8-400e-8c33-91e2341b50c6:192.168.157.254:43254, 062c71de-08d9-40ee-9309-15590e2e8e68:192.168.157.254:45598, 2a52019e-5647-44e1-bf30-9a43fd8a7377:192.168.157.254:36038], old=null
2019-10-22 00:13:04,779 [grpc-default-executor-3] INFO  impl.RaftServerImpl (RaftServerImpl.java:setRole(184)) - 062c71de-08d9-40ee-9309-15590e2e8e68@group-F01152B53F91: changes role from  FOLLOWER to FOLLOWER at term 105 for recognizeCandidate:2fdb3e93-e0d8-400e-8c33-91e2341b50c6
2019-10-22 00:13:04,779 [grpc-default-executor-3] INFO  impl.RoleInfo (RoleInfo.java:shutdownFollowerState(121)) - 062c71de-08d9-40ee-9309-15590e2e8e68: shutdown FollowerState
2019-10-22 00:13:04,779 [grpc-default-executor-3] INFO  impl.RoleInfo (RoleInfo.java:updateAndGet(143)) - 062c71de-08d9-40ee-9309-15590e2e8e68: start FollowerState
2019-10-22 00:13:04,779 [Thread-1208] INFO  impl.FollowerState (FollowerState.java:run(117)) - 062c71de-08d9-40ee-9309-15590e2e8e68@group-F01152B53F91-FollowerState was interrupted: java.lang.InterruptedException: sleep interrupted
2019-10-22 00:13:04,779 [grpc-default-executor-6] INFO  impl.RaftServerImpl (RaftServerImpl.java:setRole(184)) - 2a52019e-5647-44e1-bf30-9a43fd8a7377@group-F01152B53F91: changes role from  FOLLOWER to FOLLOWER at term 105 for recognizeCandidate:2fdb3e93-e0d8-400e-8c33-91e2341b50c6
2019-10-22 00:13:04,779 [grpc-default-executor-6] INFO  impl.RoleInfo (RoleInfo.java:shutdownFollowerState(121)) - 2a52019e-5647-44e1-bf30-9a43fd8a7377: shutdown FollowerState
2019-10-22 00:13:04,780 [grpc-default-executor-6] INFO  impl.RoleInfo (RoleInfo.java:updateAndGet(143)) - 2a52019e-5647-44e1-bf30-9a43fd8a7377: start FollowerState
2019-10-22 00:13:04,780 [Thread-1209] INFO  impl.FollowerState (FollowerState.java:run(117)) - 2a52019e-5647-44e1-bf30-9a43fd8a7377@group-F01152B53F91-FollowerState was interrupted: java.lang.InterruptedException: sleep interrupted
2019-10-22 00:13:04,785 [2fdb3e93-e0d8-400e-8c33-91e2341b50c6@group-F01152B53F91-LeaderElection113] INFO  impl.LeaderElection (LeaderElection.java:logAndReturn(56)) - 2fdb3e93-e0d8-400e-8c33-91e2341b50c6@group-F01152B53F91-LeaderElection113: Election TIMEOUT; received 0 response(s) [] and 0 exception(s); 2fdb3e93-e0d8-400e-8c33-91e2341b50c6@group-F01152B53F91:t105, leader=null, voted=2fdb3e93-e0d8-400e-8c33-91e2341b50c6, raftlog=2fdb3e93-e0d8-400e-8c33-91e2341b50c6@group-F01152B53F91-SegmentedRaftLog:OPENED:c-1,f-1,i0, conf=-1: [2fdb3e93-e0d8-400e-8c33-91e2341b50c6:192.168.157.254:43254, 062c71de-08d9-40ee-9309-15590e2e8e68:192.168.157.254:45598, 2a52019e-5647-44e1-bf30-9a43fd8a7377:192.168.157.254:36038], old=null
2019-10-22 00:13:04,793 [2fdb3e93-e0d8-400e-8c33-91e2341b50c6@group-F01152B53F91-LeaderElection113] INFO  impl.LeaderElection (LeaderElection.java:askForVotes(178)) - 2fdb3e93-e0d8-400e-8c33-91e2341b50c6@group-F01152B53F91-LeaderElection113: begin an election at term 106 for -1: [2fdb3e93-e0d8-400e-8c33-91e2341b50c6:192.168.157.254:43254, 062c71de-08d9-40ee-9309-15590e2e8e68:192.168.157.254:45598, 2a52019e-5647-44e1-bf30-9a43fd8a7377:192.168.157.254:36038], old=null
2019-10-22 00:13:04,795 [grpc-default-executor-6] INFO  impl.RaftServerImpl (RaftServerImpl.java:setRole(184)) - 062c71de-08d9-40ee-9309-15590e2e8e68@group-F01152B53F91: changes role from  FOLLOWER to FOLLOWER at term 106 for recognizeCandidate:2fdb3e93-e0d8-400e-8c33-91e2341b50c6
2019-10-22 00:13:04,795 [grpc-default-executor-6] INFO  impl.RoleInfo (RoleInfo.java:shutdownFollowerState(121)) - 062c71de-08d9-40ee-9309-15590e2e8e68: shutdown FollowerState
2019-10-22 00:13:04,795 [grpc-default-executor-6] INFO  impl.RoleInfo (RoleInfo.java:updateAndGet(143)) - 062c71de-08d9-40ee-9309-15590e2e8e68: start FollowerState
2019-10-22 00:13:04,796 [Thread-1217] INFO  impl.FollowerState (FollowerState.java:run(117)) - 062c71de-08d9-40ee-9309-15590e2e8e68@group-F01152B53F91-FollowerState was interrupted: java.lang.InterruptedException: sleep interrupted
2019-10-22 00:13:04,796 [grpc-default-executor-3] INFO  impl.RaftServerImpl (RaftServerImpl.java:setRole(184)) - 2a52019e-5647-44e1-bf30-9a43fd8a7377@group-F01152B53F91: changes role from  FOLLOWER to FOLLOWER at term 106 for recognizeCandidate:2fdb3e93-e0d8-400e-8c33-91e2341b50c6
2019-10-22 00:13:04,796 [grpc-default-executor-3] INFO  impl.RoleInfo (RoleInfo.java:shutdownFollowerState(121)) - 2a52019e-5647-44e1-bf30-9a43fd8a7377: shutdown FollowerState
2019-10-22 00:13:04,796 [grpc-default-executor-3] INFO  impl.RoleInfo (RoleInfo.java:updateAndGet(143)) - 2a52019e-5647-44e1-bf30-9a43fd8a7377: start FollowerState
2019-10-22 00:13:04,796 [Thread-1218] INFO  impl.FollowerState (FollowerState.java:run(117)) - 2a52019e-5647-44e1-bf30-9a43fd8a7377@group-F01152B53F91-FollowerState was interrupted: java.lang.InterruptedException: sleep interrupted
2019-10-22 00:13:04,809 [2fdb3e93-e0d8-400e-8c33-91e2341b50c6@group-F01152B53F91-LeaderElection113] INFO  impl.LeaderElection (LeaderElection.java:logAndReturn(56)) - 2fdb3e93-e0d8-400e-8c33-91e2341b50c6@group-F01152B53F91-LeaderElection113: Election REJECTED; received 2 response(s) [2fdb3e93-e0d8-400e-8c33-91e2341b50c6<-062c71de-08d9-40ee-9309-15590e2e8e68#0:FAIL-t106, 2fdb3e93-e0d8-400e-8c33-91e2341b50c6<-2a52019e-5647-44e1-bf30-9a43fd8a7377#0:FAIL-t106] and 0 exception(s); 2fdb3e93-e0d8-400e-8c33-91e2341b50c6@group-F01152B53F91:t106, leader=null, voted=2fdb3e93-e0d8-400e-8c33-91e2341b50c6, raftlog=2fdb3e93-e0d8-400e-8c33-91e2341b50c6@group-F01152B53F91-SegmentedRaftLog:OPENED:c-1,f-1,i0, conf=-1: [2fdb3e93-e0d8-400e-8c33-91e2341b50c6:192.168.157.254:43254, 062c71de-08d9-40ee-9309-15590e2e8e68:192.168.157.254:45598, 2a52019e-5647-44e1-bf30-9a43fd8a7377:192.168.157.254:36038], old=null
2019-10-22 00:13:04,810 [2fdb3e93-e0d8-400e-8c33-91e2341b50c6@group-F01152B53F91-LeaderElection113] INFO  impl.RaftServerImpl (RaftServerImpl.java:setRole(184)) - 2fdb3e93-e0d8-400e-8c33-91e2341b50c6@group-F01152B53F91: changes role from CANDIDATE to FOLLOWER at term 106 for DISCOVERED_A_NEW_TERM
2019-10-22 00:13:04,810 [2fdb3e93-e0d8-400e-8c33-91e2341b50c6@group-F01152B53F91-LeaderElection113] INFO  impl.RoleInfo (RoleInfo.java:shutdownLeaderElection(134)) - 2fdb3e93-e0d8-400e-8c33-91e2341b50c6: shutdown LeaderElection
2019-10-22 00:13:04,810 [2fdb3e93-e0d8-400e-8c33-91e2341b50c6@group-F01152B53F91-LeaderElection113] INFO  impl.RoleInfo (RoleInfo.java:updateAndGet(143)) - 2fdb3e93-e0d8-400e-8c33-91e2341b50c6: start FollowerState
2019-10-22 00:13:04,858 [Thread-1223] INFO  impl.FollowerState (FollowerState.java:run(108)) - 2fdb3e93-e0d8-400e-8c33-91e2341b50c6@group-F01152B53F91-FollowerState: change to CANDIDATE, lastRpcTime:48ms, electionTimeout:48ms
2019-10-22 00:13:04,858 [Thread-1223] INFO  impl.RoleInfo (RoleInfo.java:shutdownFollowerState(121)) - 2fdb3e93-e0d8-400e-8c33-91e2341b50c6: shutdown FollowerState
2019-10-22 00:13:04,858 [Thread-1223] INFO  impl.RaftServerImpl (RaftServerImpl.java:setRole(184)) - 2fdb3e93-e0d8-400e-8c33-91e2341b50c6@group-F01152B53F91: changes role from  FOLLOWER to CANDIDATE at term 106 for changeToCandidate
2019-10-22 00:13:04,859 [Thread-1223] INFO  impl.RoleInfo (RoleInfo.java:updateAndGet(143)) - 2fdb3e93-e0d8-400e-8c33-91e2341b50c6: start LeaderElection
2019-10-22 00:13:05,072 [2fdb3e93-e0d8-400e-8c33-91e2341b50c6@group-F01152B53F91-LeaderElection114] INFO  impl.LeaderElection (LeaderElection.java:askForVotes(178)) - 2fdb3e93-e0d8-400e-8c33-91e2341b50c6@group-F01152B53F91-LeaderElection114: begin an election at term 107 for -1: [2fdb3e93-e0d8-400e-8c33-91e2341b50c6:192.168.157.254:43254, 062c71de-08d9-40ee-9309-15590e2e8e68:192.168.157.254:45598, 2a52019e-5647-44e1-bf30-9a43fd8a7377:192.168.157.254:36038], old=null
2019-10-22 00:13:05,075 [grpc-default-executor-6] INFO  impl.RaftServerImpl (RaftServerImpl.java:setRole(184)) - 062c71de-08d9-40ee-9309-15590e2e8e68@group-F01152B53F91: changes role from  FOLLOWER to FOLLOWER at term 107 for recognizeCandidate:2fdb3e93-e0d8-400e-8c33-91e2341b50c6
2019-10-22 00:13:05,075 [grpc-default-executor-3] INFO  impl.RaftServerImpl (RaftServerImpl.java:setRole(184)) - 2a52019e-5647-44e1-bf30-9a43fd8a7377@group-F01152B53F91: changes role from  FOLLOWER to FOLLOWER at term 107 for recognizeCandidate:2fdb3e93-e0d8-400e-8c33-91e2341b50c6
2019-10-22 00:13:05,075 [grpc-default-executor-6] INFO  impl.RoleInfo (RoleInfo.java:shutdownFollowerState(121)) - 062c71de-08d9-40ee-9309-15590e2e8e68: shutdown FollowerState
2019-10-22 00:13:05,075 [grpc-default-executor-3] INFO  impl.RoleInfo (RoleInfo.java:shutdownFollowerState(121)) - 2a52019e-5647-44e1-bf30-9a43fd8a7377: shutdown FollowerState
2019-10-22 00:13:05,075 [grpc-default-executor-6] INFO  impl.RoleInfo (RoleInfo.java:updateAndGet(143)) - 062c71de-08d9-40ee-9309-15590e2e8e68: start FollowerState
2019-10-22 00:13:05,075 [Thread-1222] INFO  impl.FollowerState (FollowerState.java:run(117)) - 2a52019e-5647-44e1-bf30-9a43fd8a7377@group-F01152B53F91-FollowerState was interrupted: java.lang.InterruptedException: sleep interrupted
2019-10-22 00:13:05,075 [Thread-1221] INFO  impl.FollowerState (FollowerState.java:run(117)) - 062c71de-08d9-40ee-9309-15590e2e8e68@group-F01152B53F91-FollowerState was interrupted: java.lang.InterruptedException: sleep interrupted
2019-10-22 00:13:05,075 [grpc-default-executor-3] INFO  impl.RoleInfo (RoleInfo.java:updateAndGet(143)) - 2a52019e-5647-44e1-bf30-9a43fd8a7377: start FollowerState
2019-10-22 00:13:05,090 [2fdb3e93-e0d8-400e-8c33-91e2341b50c6@group-F01152B53F91-LeaderElection114] INFO  impl.LeaderElection (LeaderElection.java:logAndReturn(56)) - 2fdb3e93-e0d8-400e-8c33-91e2341b50c6@group-F01152B53F91-LeaderElection114: Election TIMEOUT; received 0 response(s) [] and 0 exception(s); 2fdb3e93-e0d8-400e-8c33-91e2341b50c6@group-F01152B53F91:t107, leader=null, voted=2fdb3e93-e0d8-400e-8c33-91e2341b50c6, raftlog=2fdb3e93-e0d8-400e-8c33-91e2341b50c6@group-F01152B53F91-SegmentedRaftLog:OPENED:c-1,f-1,i0, conf=-1: [2fdb3e93-e0d8-400e-8c33-91e2341b50c6:192.168.157.254:43254, 062c71de-08d9-40ee-9309-15590e2e8e68:192.168.157.254:45598, 2a52019e-5647-44e1-bf30-9a43fd8a7377:192.168.157.254:36038], old=null
2019-10-22 00:13:05,104 [2fdb3e93-e0d8-400e-8c33-91e2341b50c6@group-F01152B53F91-LeaderElection114] INFO  impl.LeaderElection (LeaderElection.java:askForVotes(178)) - 2fdb3e93-e0d8-400e-8c33-91e2341b50c6@group-F01152B53F91-LeaderElection114: begin an election at term 108 for -1: [2fdb3e93-e0d8-400e-8c33-91e2341b50c6:192.168.157.254:43254, 062c71de-08d9-40ee-9309-15590e2e8e68:192.168.157.254:45598, 2a52019e-5647-44e1-bf30-9a43fd8a7377:192.168.157.254:36038], old=null
2019-10-22 00:13:05,106 [grpc-default-executor-6] INFO  impl.RaftServerImpl (RaftServerImpl.java:setRole(184)) - 2a52019e-5647-44e1-bf30-9a43fd8a7377@group-F01152B53F91: changes role from  FOLLOWER to FOLLOWER at term 108 for recognizeCandidate:2fdb3e93-e0d8-400e-8c33-91e2341b50c6
2019-10-22 00:13:05,106 [grpc-default-executor-6] INFO  impl.RoleInfo (RoleInfo.java:shutdownFollowerState(121)) - 2a52019e-5647-44e1-bf30-9a43fd8a7377: shutdown FollowerState
2019-10-22 00:13:05,106 [grpc-default-executor-6] INFO  impl.RoleInfo (RoleInfo.java:updateAndGet(143)) - 2a52019e-5647-44e1-bf30-9a43fd8a7377: start FollowerState
2019-10-22 00:13:05,106 [Thread-1229] INFO  impl.FollowerState (FollowerState.java:run(117)) - 2a52019e-5647-44e1-bf30-9a43fd8a7377@group-F01152B53F91-FollowerState was interrupted: java.lang.InterruptedException: sleep interrupted
2019-10-22 00:13:05,107 [grpc-default-executor-3] INFO  impl.RaftServerImpl (RaftServerImpl.java:setRole(184)) - 062c71de-08d9-40ee-9309-15590e2e8e68@group-F01152B53F91: changes role from  FOLLOWER to FOLLOWER at term 108 for recognizeCandidate:2fdb3e93-e0d8-400e-8c33-91e2341b50c6
2019-10-22 00:13:05,107 [grpc-default-executor-3] INFO  impl.RoleInfo (RoleInfo.java:shutdownFollowerState(121)) - 062c71de-08d9-40ee-9309-15590e2e8e68: shutdown FollowerState
2019-10-22 00:13:05,107 [grpc-default-executor-3] INFO  impl.RoleInfo (RoleInfo.java:updateAndGet(143)) - 062c71de-08d9-40ee-9309-15590e2e8e68: start FollowerState
2019-10-22 00:13:05,107 [Thread-1228] INFO  impl.FollowerState (FollowerState.java:run(117)) - 062c71de-08d9-40ee-9309-15590e2e8e68@group-F01152B53F91-FollowerState was interrupted: java.lang.InterruptedException: sleep interrupted
2019-10-22 00:13:05,114 [2fdb3e93-e0d8-400e-8c33-91e2341b50c6@group-F01152B53F91-LeaderElection114] INFO  impl.LeaderElection (LeaderElection.java:logAndReturn(56)) - 2fdb3e93-e0d8-400e-8c33-91e2341b50c6@group-F01152B53F91-LeaderElection114: Election REJECTED; received 2 response(s) [2fdb3e93-e0d8-400e-8c33-91e2341b50c6<-062c71de-08d9-40ee-9309-15590e2e8e68#0:FAIL-t108, 2fdb3e93-e0d8-400e-8c33-91e2341b50c6<-2a52019e-5647-44e1-bf30-9a43fd8a7377#0:FAIL-t108] and 0 exception(s); 2fdb3e93-e0d8-400e-8c33-91e2341b50c6@group-F01152B53F91:t108, leader=null, voted=2fdb3e93-e0d8-400e-8c33-91e2341b50c6, raftlog=2fdb3e93-e0d8-400e-8c33-91e2341b50c6@group-F01152B53F91-SegmentedRaftLog:OPENED:c-1,f-1,i0, conf=-1: [2fdb3e93-e0d8-400e-8c33-91e2341b50c6:192.168.157.254:43254, 062c71de-08d9-40ee-9309-15590e2e8e68:192.168.157.254:45598, 2a52019e-5647-44e1-bf30-9a43fd8a7377:192.168.157.254:36038], old=null
2019-10-22 00:13:05,114 [2fdb3e93-e0d8-400e-8c33-91e2341b50c6@group-F01152B53F91-LeaderElection114] INFO  impl.RaftServerImpl (RaftServerImpl.java:setRole(184)) - 2fdb3e93-e0d8-400e-8c33-91e2341b50c6@group-F01152B53F91: changes role from CANDIDATE to FOLLOWER at term 108 for DISCOVERED_A_NEW_TERM
2019-10-22 00:13:05,114 [2fdb3e93-e0d8-400e-8c33-91e2341b50c6@group-F01152B53F91-LeaderElection114] INFO  impl.RoleInfo (RoleInfo.java:shutdownLeaderElection(134)) - 2fdb3e93-e0d8-400e-8c33-91e2341b50c6: shutdown LeaderElection
2019-10-22 00:13:05,114 [2fdb3e93-e0d8-400e-8c33-91e2341b50c6@group-F01152B53F91-LeaderElection114] INFO  impl.RoleInfo (RoleInfo.java:updateAndGet(143)) - 2fdb3e93-e0d8-400e-8c33-91e2341b50c6: start FollowerState
2019-10-22 00:13:05,141 [Thread-1234] INFO  impl.FollowerState (FollowerState.java:run(108)) - 2fdb3e93-e0d8-400e-8c33-91e2341b50c6@group-F01152B53F91-FollowerState: change to CANDIDATE, lastRpcTime:27ms, electionTimeout:27ms
2019-10-22 00:13:05,142 [Thread-1234] INFO  impl.RoleInfo (RoleInfo.java:shutdownFollowerState(121)) - 2fdb3e93-e0d8-400e-8c33-91e2341b50c6: shutdown FollowerState
2019-10-22 00:13:05,142 [Thread-1234] INFO  impl.RaftServerImpl (RaftServerImpl.java:setRole(184)) - 2fdb3e93-e0d8-400e-8c33-91e2341b50c6@group-F01152B53F91: changes role from  FOLLOWER to CANDIDATE at term 108 for changeToCandidate
2019-10-22 00:13:05,142 [Thread-1234] INFO  impl.RoleInfo (RoleInfo.java:updateAndGet(143)) - 2fdb3e93-e0d8-400e-8c33-91e2341b50c6: start LeaderElection
2019-10-22 00:13:05,152 [2fdb3e93-e0d8-400e-8c33-91e2341b50c6@group-F01152B53F91-LeaderElection115] INFO  impl.LeaderElection (LeaderElection.java:askForVotes(178)) - 2fdb3e93-e0d8-400e-8c33-91e2341b50c6@group-F01152B53F91-LeaderElection115: begin an election at term 109 for -1: [2fdb3e93-e0d8-400e-8c33-91e2341b50c6:192.168.157.254:43254, 062c71de-08d9-40ee-9309-15590e2e8e68:192.168.157.254:45598, 2a52019e-5647-44e1-bf30-9a43fd8a7377:192.168.157.254:36038], old=null
2019-10-22 00:13:05,154 [grpc-default-executor-6] INFO  impl.RaftServerImpl (RaftServerImpl.java:setRole(184)) - 062c71de-08d9-40ee-9309-15590e2e8e68@group-F01152B53F91: changes role from  FOLLOWER to FOLLOWER at term 109 for recognizeCandidate:2fdb3e93-e0d8-400e-8c33-91e2341b50c6
2019-10-22 00:13:05,154 [grpc-default-executor-3] INFO  impl.RaftServerImpl (RaftServerImpl.java:setRole(184)) - 2a52019e-5647-44e1-bf30-9a43fd8a7377@group-F01152B53F91: changes role from  FOLLOWER to FOLLOWER at term 109 for recognizeCandidate:2fdb3e93-e0d8-400e-8c33-91e2341b50c6
2019-10-22 00:13:05,154 [grpc-default-executor-6] INFO  impl.RoleInfo (RoleInfo.java:shutdownFollowerState(121)) - 062c71de-08d9-40ee-9309-15590e2e8e68: shutdown FollowerState
2019-10-22 00:13:05,155 [grpc-default-executor-3] INFO  impl.RoleInfo (RoleInfo.java:shutdownFollowerState(121)) - 2a52019e-5647-44e1-bf30-9a43fd8a7377: shutdown FollowerState
2019-10-22 00:13:05,155 [Thread-1233] INFO  impl.FollowerState (FollowerState.java:run(117)) - 062c71de-08d9-40ee-9309-15590e2e8e68@group-F01152B53F91-FollowerState was interrupted: java.lang.InterruptedException: sleep interrupted
2019-10-22 00:13:05,155 [grpc-default-executor-6] INFO  impl.RoleInfo (RoleInfo.java:updateAndGet(143)) - 062c71de-08d9-40ee-9309-15590e2e8e68: start FollowerState
2019-10-22 00:13:05,155 [Thread-1232] INFO  impl.FollowerState (FollowerState.java:run(117)) - 2a52019e-5647-44e1-bf30-9a43fd8a7377@group-F01152B53F91-FollowerState was interrupted: java.lang.InterruptedException: sleep interrupted
2019-10-22 00:13:05,155 [grpc-default-executor-3] INFO  impl.RoleInfo (RoleInfo.java:updateAndGet(143)) - 2a52019e-5647-44e1-bf30-9a43fd8a7377: start FollowerState
2019-10-22 00:13:05,162 [2fdb3e93-e0d8-400e-8c33-91e2341b50c6@group-F01152B53F91-LeaderElection115] INFO  impl.LeaderElection (LeaderElection.java:logAndReturn(56)) - 2fdb3e93-e0d8-400e-8c33-91e2341b50c6@group-F01152B53F91-LeaderElection115: Election REJECTED; received 2 response(s) [2fdb3e93-e0d8-400e-8c33-91e2341b50c6<-062c71de-08d9-40ee-9309-15590e2e8e68#0:FAIL-t109, 2fdb3e93-e0d8-400e-8c33-91e2341b50c6<-2a52019e-5647-44e1-bf30-9a43fd8a7377#0:FAIL-t109] and 0 exception(s); 2fdb3e93-e0d8-400e-8c33-91e2341b50c6@group-F01152B53F91:t109, leader=null, voted=2fdb3e93-e0d8-400e-8c33-91e2341b50c6, raftlog=2fdb3e93-e0d8-400e-8c33-91e2341b50c6@group-F01152B53F91-SegmentedRaftLog:OPENED:c-1,f-1,i0, conf=-1: [2fdb3e93-e0d8-400e-8c33-91e2341b50c6:192.168.157.254:43254, 062c71de-08d9-40ee-9309-15590e2e8e68:192.168.157.254:45598, 2a52019e-5647-44e1-bf30-9a43fd8a7377:192.168.157.254:36038], old=null
2019-10-22 00:13:05,162 [2fdb3e93-e0d8-400e-8c33-91e2341b50c6@group-F01152B53F91-LeaderElection115] INFO  impl.RaftServerImpl (RaftServerImpl.java:setRole(184)) - 2fdb3e93-e0d8-400e-8c33-91e2341b50c6@group-F01152B53F91: changes role from CANDIDATE to FOLLOWER at term 109 for DISCOVERED_A_NEW_TERM
2019-10-22 00:13:05,163 [2fdb3e93-e0d8-400e-8c33-91e2341b50c6@group-F01152B53F91-LeaderElection115] INFO  impl.RoleInfo (RoleInfo.java:shutdownLeaderElection(134)) - 2fdb3e93-e0d8-400e-8c33-91e2341b50c6: shutdown LeaderElection
2019-10-22 00:13:05,163 [2fdb3e93-e0d8-400e-8c33-91e2341b50c6@group-F01152B53F91-LeaderElection115] INFO  impl.RoleInfo (RoleInfo.java:updateAndGet(143)) - 2fdb3e93-e0d8-400e-8c33-91e2341b50c6: start FollowerState
2019-10-22 00:13:05,323 [Thread-1240] INFO  impl.FollowerState (FollowerState.java:run(108)) - 2fdb3e93-e0d8-400e-8c33-91e2341b50c6@group-F01152B53F91-FollowerState: change to CANDIDATE, lastRpcTime:160ms, electionTimeout:160ms
2019-10-22 00:13:05,323 [Thread-1240] INFO  impl.RoleInfo (RoleInfo.java:shutdownFollowerState(121)) - 2fdb3e93-e0d8-400e-8c33-91e2341b50c6: shutdown FollowerState
2019-10-22 00:13:05,323 [Thread-1240] INFO  impl.RaftServerImpl (RaftServerImpl.java:setRole(184)) - 2fdb3e93-e0d8-400e-8c33-91e2341b50c6@group-F01152B53F91: changes role from  FOLLOWER to CANDIDATE at term 109 for changeToCandidate
2019-10-22 00:13:05,324 [Thread-1240] INFO  impl.RoleInfo (RoleInfo.java:updateAndGet(143)) - 2fdb3e93-e0d8-400e-8c33-91e2341b50c6: start LeaderElection
2019-10-22 00:13:05,331 [2fdb3e93-e0d8-400e-8c33-91e2341b50c6@group-F01152B53F91-LeaderElection116] INFO  impl.LeaderElection (LeaderElection.java:askForVotes(178)) - 2fdb3e93-e0d8-400e-8c33-91e2341b50c6@group-F01152B53F91-LeaderElection116: begin an election at term 110 for -1: [2fdb3e93-e0d8-400e-8c33-91e2341b50c6:192.168.157.254:43254, 062c71de-08d9-40ee-9309-15590e2e8e68:192.168.157.254:45598, 2a52019e-5647-44e1-bf30-9a43fd8a7377:192.168.157.254:36038], old=null
2019-10-22 00:13:05,333 [grpc-default-executor-3] INFO  impl.RaftServerImpl (RaftServerImpl.java:setRole(184)) - 062c71de-08d9-40ee-9309-15590e2e8e68@group-F01152B53F91: changes role from  FOLLOWER to FOLLOWER at term 110 for recognizeCandidate:2fdb3e93-e0d8-400e-8c33-91e2341b50c6
2019-10-22 00:13:05,333 [grpc-default-executor-6] INFO  impl.RaftServerImpl (RaftServerImpl.java:setRole(184)) - 2a52019e-5647-44e1-bf30-9a43fd8a7377@group-F01152B53F91: changes role from  FOLLOWER to FOLLOWER at term 110 for recognizeCandidate:2fdb3e93-e0d8-400e-8c33-91e2341b50c6
2019-10-22 00:13:05,333 [grpc-default-executor-3] INFO  impl.RoleInfo (RoleInfo.java:shutdownFollowerState(121)) - 062c71de-08d9-40ee-9309-15590e2e8e68: shutdown FollowerState
2019-10-22 00:13:05,333 [grpc-default-executor-6] INFO  impl.RoleInfo (RoleInfo.java:shutdownFollowerState(121)) - 2a52019e-5647-44e1-bf30-9a43fd8a7377: shutdown FollowerState
2019-10-22 00:13:05,334 [Thread-1238] INFO  impl.FollowerState (FollowerState.java:run(117)) - 062c71de-08d9-40ee-9309-15590e2e8e68@group-F01152B53F91-FollowerState was interrupted: java.lang.InterruptedException: sleep interrupted
2019-10-22 00:13:05,334 [Thread-1239] INFO  impl.FollowerState (FollowerState.java:run(117)) - 2a52019e-5647-44e1-bf30-9a43fd8a7377@group-F01152B53F91-FollowerState was interrupted: java.lang.InterruptedException: sleep interrupted
2019-10-22 00:13:05,334 [grpc-default-executor-3] INFO  impl.RoleInfo (RoleInfo.java:updateAndGet(143)) - 062c71de-08d9-40ee-9309-15590e2e8e68: start FollowerState
2019-10-22 00:13:05,334 [grpc-default-executor-6] INFO  impl.RoleInfo (RoleInfo.java:updateAndGet(143)) - 2a52019e-5647-44e1-bf30-9a43fd8a7377: start FollowerState
2019-10-22 00:13:05,342 [2fdb3e93-e0d8-400e-8c33-91e2341b50c6@group-F01152B53F91-LeaderElection116] INFO  impl.LeaderElection (LeaderElection.java:logAndReturn(56)) - 2fdb3e93-e0d8-400e-8c33-91e2341b50c6@group-F01152B53F91-LeaderElection116: Election REJECTED; received 2 response(s) [2fdb3e93-e0d8-400e-8c33-91e2341b50c6<-062c71de-08d9-40ee-9309-15590e2e8e68#0:FAIL-t110, 2fdb3e93-e0d8-400e-8c33-91e2341b50c6<-2a52019e-5647-44e1-bf30-9a43fd8a7377#0:FAIL-t110] and 0 exception(s); 2fdb3e93-e0d8-400e-8c33-91e2341b50c6@group-F01152B53F91:t110, leader=null, voted=2fdb3e93-e0d8-400e-8c33-91e2341b50c6, raftlog=2fdb3e93-e0d8-400e-8c33-91e2341b50c6@group-F01152B53F91-SegmentedRaftLog:OPENED:c-1,f-1,i0, conf=-1: [2fdb3e93-e0d8-400e-8c33-91e2341b50c6:192.168.157.254:43254, 062c71de-08d9-40ee-9309-15590e2e8e68:192.168.157.254:45598, 2a52019e-5647-44e1-bf30-9a43fd8a7377:192.168.157.254:36038], old=null
2019-10-22 00:13:05,342 [2fdb3e93-e0d8-400e-8c33-91e2341b50c6@group-F01152B53F91-LeaderElection116] INFO  impl.RaftServerImpl (RaftServerImpl.java:setRole(184)) - 2fdb3e93-e0d8-400e-8c33-91e2341b50c6@group-F01152B53F91: changes role from CANDIDATE to FOLLOWER at term 110 for DISCOVERED_A_NEW_TERM
2019-10-22 00:13:05,342 [2fdb3e93-e0d8-400e-8c33-91e2341b50c6@group-F01152B53F91-LeaderElection116] INFO  impl.RoleInfo (RoleInfo.java:shutdownLeaderElection(134)) - 2fdb3e93-e0d8-400e-8c33-91e2341b50c6: shutdown LeaderElection
2019-10-22 00:13:05,342 [2fdb3e93-e0d8-400e-8c33-91e2341b50c6@group-F01152B53F91-LeaderElection116] INFO  impl.RoleInfo (RoleInfo.java:updateAndGet(143)) - 2fdb3e93-e0d8-400e-8c33-91e2341b50c6: start FollowerState
2019-10-22 00:13:05,486 [Thread-1250] INFO  impl.FollowerState (FollowerState.java:run(108)) - 2fdb3e93-e0d8-400e-8c33-91e2341b50c6@group-F01152B53F91-FollowerState: change to CANDIDATE, lastRpcTime:144ms, electionTimeout:144ms
2019-10-22 00:13:05,486 [Thread-1250] INFO  impl.RoleInfo (RoleInfo.java:shutdownFollowerState(121)) - 2fdb3e93-e0d8-400e-8c33-91e2341b50c6: shutdown FollowerState
2019-10-22 00:13:05,487 [Thread-1250] INFO  impl.RaftServerImpl (RaftServerImpl.java:setRole(184)) - 2fdb3e93-e0d8-400e-8c33-91e2341b50c6@group-F01152B53F91: changes role from  FOLLOWER to CANDIDATE at term 110 for changeToCandidate
2019-10-22 00:13:05,487 [Thread-1250] INFO  impl.RoleInfo (RoleInfo.java:updateAndGet(143)) - 2fdb3e93-e0d8-400e-8c33-91e2341b50c6: start LeaderElection
2019-10-22 00:13:05,500 [2fdb3e93-e0d8-400e-8c33-91e2341b50c6@group-F01152B53F91-LeaderElection117] INFO  impl.LeaderElection (LeaderElection.java:askForVotes(178)) - 2fdb3e93-e0d8-400e-8c33-91e2341b50c6@group-F01152B53F91-LeaderElection117: begin an election at term 111 for -1: [2fdb3e93-e0d8-400e-8c33-91e2341b50c6:192.168.157.254:43254, 062c71de-08d9-40ee-9309-15590e2e8e68:192.168.157.254:45598, 2a52019e-5647-44e1-bf30-9a43fd8a7377:192.168.157.254:36038], old=null
2019-10-22 00:13:05,502 [grpc-default-executor-3] INFO  impl.RaftServerImpl (RaftServerImpl.java:setRole(184)) - 062c71de-08d9-40ee-9309-15590e2e8e68@group-F01152B53F91: changes role from  FOLLOWER to FOLLOWER at term 111 for recognizeCandidate:2fdb3e93-e0d8-400e-8c33-91e2341b50c6
2019-10-22 00:13:05,502 [grpc-default-executor-3] INFO  impl.RoleInfo (RoleInfo.java:shutdownFollowerState(121)) - 062c71de-08d9-40ee-9309-15590e2e8e68: shutdown FollowerState
2019-10-22 00:13:05,502 [grpc-default-executor-6] INFO  impl.RaftServerImpl (RaftServerImpl.java:setRole(184)) - 2a52019e-5647-44e1-bf30-9a43fd8a7377@group-F01152B53F91: changes role from  FOLLOWER to FOLLOWER at term 111 for recognizeCandidate:2fdb3e93-e0d8-400e-8c33-91e2341b50c6
2019-10-22 00:13:05,503 [Thread-1248] INFO  impl.FollowerState (FollowerState.java:run(117)) - 062c71de-08d9-40ee-9309-15590e2e8e68@group-F01152B53F91-FollowerState was interrupted: java.lang.InterruptedException: sleep interrupted
2019-10-22 00:13:05,503 [grpc-default-executor-3] INFO  impl.RoleInfo (RoleInfo.java:updateAndGet(143)) - 062c71de-08d9-40ee-9309-15590e2e8e68: start FollowerState
2019-10-22 00:13:05,503 [grpc-default-executor-6] INFO  impl.RoleInfo (RoleInfo.java:shutdownFollowerState(121)) - 2a52019e-5647-44e1-bf30-9a43fd8a7377: shutdown FollowerState
2019-10-22 00:13:05,503 [grpc-default-executor-6] INFO  impl.RoleInfo (RoleInfo.java:updateAndGet(143)) - 2a52019e-5647-44e1-bf30-9a43fd8a7377: start FollowerState
2019-10-22 00:13:05,503 [Thread-1249] INFO  impl.FollowerState (FollowerState.java:run(117)) - 2a52019e-5647-44e1-bf30-9a43fd8a7377@group-F01152B53F91-FollowerState was interrupted: java.lang.InterruptedException: sleep interrupted
2019-10-22 00:13:05,518 [2fdb3e93-e0d8-400e-8c33-91e2341b50c6@group-F01152B53F91-LeaderElection117] INFO  impl.LeaderElection (LeaderElection.java:logAndReturn(56)) - 2fdb3e93-e0d8-400e-8c33-91e2341b50c6@group-F01152B53F91-LeaderElection117: Election REJECTED; received 2 response(s) [2fdb3e93-e0d8-400e-8c33-91e2341b50c6<-062c71de-08d9-40ee-9309-15590e2e8e68#0:FAIL-t111, 2fdb3e93-e0d8-400e-8c33-91e2341b50c6<-2a52019e-5647-44e1-bf30-9a43fd8a7377#0:FAIL-t111] and 0 exception(s); 2fdb3e93-e0d8-400e-8c33-91e2341b50c6@group-F01152B53F91:t111, leader=null, voted=2fdb3e93-e0d8-400e-8c33-91e2341b50c6, raftlog=2fdb3e93-e0d8-400e-8c33-91e2341b50c6@group-F01152B53F91-SegmentedRaftLog:OPENED:c-1,f-1,i0, conf=-1: [2fdb3e93-e0d8-400e-8c33-91e2341b50c6:192.168.157.254:43254, 062c71de-08d9-40ee-9309-15590e2e8e68:192.168.157.254:45598, 2a52019e-5647-44e1-bf30-9a43fd8a7377:192.168.157.254:36038], old=null
2019-10-22 00:13:05,518 [2fdb3e93-e0d8-400e-8c33-91e2341b50c6@group-F01152B53F91-LeaderElection117] INFO  impl.RaftServerImpl (RaftServerImpl.java:setRole(184)) - 2fdb3e93-e0d8-400e-8c33-91e2341b50c6@group-F01152B53F91: changes role from CANDIDATE to FOLLOWER at term 111 for DISCOVERED_A_NEW_TERM
2019-10-22 00:13:05,518 [2fdb3e93-e0d8-400e-8c33-91e2341b50c6@group-F01152B53F91-LeaderElection117] INFO  impl.RoleInfo (RoleInfo.java:shutdownLeaderElection(134)) - 2fdb3e93-e0d8-400e-8c33-91e2341b50c6: shutdown LeaderElection
2019-10-22 00:13:05,518 [2fdb3e93-e0d8-400e-8c33-91e2341b50c6@group-F01152B53F91-LeaderElection117] INFO  impl.RoleInfo (RoleInfo.java:updateAndGet(143)) - 2fdb3e93-e0d8-400e-8c33-91e2341b50c6: start FollowerState
2019-10-22 00:13:05,628 [Thread-1256] INFO  impl.FollowerState (FollowerState.java:run(108)) - 2fdb3e93-e0d8-400e-8c33-91e2341b50c6@group-F01152B53F91-FollowerState: change to CANDIDATE, lastRpcTime:110ms, electionTimeout:110ms
2019-10-22 00:13:05,629 [Thread-1256] INFO  impl.RoleInfo (RoleInfo.java:shutdownFollowerState(121)) - 2fdb3e93-e0d8-400e-8c33-91e2341b50c6: shutdown FollowerState
2019-10-22 00:13:05,629 [Thread-1256] INFO  impl.RaftServerImpl (RaftServerImpl.java:setRole(184)) - 2fdb3e93-e0d8-400e-8c33-91e2341b50c6@group-F01152B53F91: changes role from  FOLLOWER to CANDIDATE at term 111 for changeToCandidate
2019-10-22 00:13:05,629 [Thread-1256] INFO  impl.RoleInfo (RoleInfo.java:updateAndGet(143)) - 2fdb3e93-e0d8-400e-8c33-91e2341b50c6: start LeaderElection
2019-10-22 00:13:05,643 [2fdb3e93-e0d8-400e-8c33-91e2341b50c6@group-F01152B53F91-LeaderElection118] INFO  impl.LeaderElection (LeaderElection.java:askForVotes(178)) - 2fdb3e93-e0d8-400e-8c33-91e2341b50c6@group-F01152B53F91-LeaderElection118: begin an election at term 112 for -1: [2fdb3e93-e0d8-400e-8c33-91e2341b50c6:192.168.157.254:43254, 062c71de-08d9-40ee-9309-15590e2e8e68:192.168.157.254:45598, 2a52019e-5647-44e1-bf30-9a43fd8a7377:192.168.157.254:36038], old=null
2019-10-22 00:13:05,644 [grpc-default-executor-3] INFO  impl.RaftServerImpl (RaftServerImpl.java:setRole(184)) - 2a52019e-5647-44e1-bf30-9a43fd8a7377@group-F01152B53F91: changes role from  FOLLOWER to FOLLOWER at term 112 for recognizeCandidate:2fdb3e93-e0d8-400e-8c33-91e2341b50c6
2019-10-22 00:13:05,645 [grpc-default-executor-3] INFO  impl.RoleInfo (RoleInfo.java:shutdownFollowerState(121)) - 2a52019e-5647-44e1-bf30-9a43fd8a7377: shutdown FollowerState
2019-10-22 00:13:05,645 [grpc-default-executor-6] INFO  impl.RaftServerImpl (RaftServerImpl.java:setRole(184)) - 062c71de-08d9-40ee-9309-15590e2e8e68@group-F01152B53F91: changes role from  FOLLOWER to FOLLOWER at term 112 for recognizeCandidate:2fdb3e93-e0d8-400e-8c33-91e2341b50c6
2019-10-22 00:13:05,645 [Thread-1255] INFO  impl.FollowerState (FollowerState.java:run(117)) - 2a52019e-5647-44e1-bf30-9a43fd8a7377@group-F01152B53F91-FollowerState was interrupted: java.lang.InterruptedException: sleep interrupted
2019-10-22 00:13:05,645 [grpc-default-executor-3] INFO  impl.RoleInfo (RoleInfo.java:updateAndGet(143)) - 2a52019e-5647-44e1-bf30-9a43fd8a7377: start FollowerState
2019-10-22 00:13:05,645 [grpc-default-executor-6] INFO  impl.RoleInfo (RoleInfo.java:shutdownFollowerState(121)) - 062c71de-08d9-40ee-9309-15590e2e8e68: shutdown FollowerState
2019-10-22 00:13:05,645 [grpc-default-executor-6] INFO  impl.RoleInfo (RoleInfo.java:updateAndGet(143)) - 062c71de-08d9-40ee-9309-15590e2e8e68: start FollowerState
2019-10-22 00:13:05,645 [Thread-1254] INFO  impl.FollowerState (FollowerState.java:run(117)) - 062c71de-08d9-40ee-9309-15590e2e8e68@group-F01152B53F91-FollowerState was interrupted: java.lang.InterruptedException: sleep interrupted
2019-10-22 00:13:05,663 [2fdb3e93-e0d8-400e-8c33-91e2341b50c6@group-F01152B53F91-LeaderElection118] INFO  impl.LeaderElection (LeaderElection.java:logAndReturn(56)) - 2fdb3e93-e0d8-400e-8c33-91e2341b50c6@group-F01152B53F91-LeaderElection118: Election REJECTED; received 2 response(s) [2fdb3e93-e0d8-400e-8c33-91e2341b50c6<-062c71de-08d9-40ee-9309-15590e2e8e68#0:FAIL-t112, 2fdb3e93-e0d8-400e-8c33-91e2341b50c6<-2a52019e-5647-44e1-bf30-9a43fd8a7377#0:FAIL-t112] and 0 exception(s); 2fdb3e93-e0d8-400e-8c33-91e2341b50c6@group-F01152B53F91:t112, leader=null, voted=2fdb3e93-e0d8-400e-8c33-91e2341b50c6, raftlog=2fdb3e93-e0d8-400e-8c33-91e2341b50c6@group-F01152B53F91-SegmentedRaftLog:OPENED:c-1,f-1,i0, conf=-1: [2fdb3e93-e0d8-400e-8c33-91e2341b50c6:192.168.157.254:43254, 062c71de-08d9-40ee-9309-15590e2e8e68:192.168.157.254:45598, 2a52019e-5647-44e1-bf30-9a43fd8a7377:192.168.157.254:36038], old=null
2019-10-22 00:13:05,663 [2fdb3e93-e0d8-400e-8c33-91e2341b50c6@group-F01152B53F91-LeaderElection118] INFO  impl.RaftServerImpl (RaftServerImpl.java:setRole(184)) - 2fdb3e93-e0d8-400e-8c33-91e2341b50c6@group-F01152B53F91: changes role from CANDIDATE to FOLLOWER at term 112 for DISCOVERED_A_NEW_TERM
2019-10-22 00:13:05,663 [2fdb3e93-e0d8-400e-8c33-91e2341b50c6@group-F01152B53F91-LeaderElection118] INFO  impl.RoleInfo (RoleInfo.java:shutdownLeaderElection(134)) - 2fdb3e93-e0d8-400e-8c33-91e2341b50c6: shutdown LeaderElection
2019-10-22 00:13:05,663 [2fdb3e93-e0d8-400e-8c33-91e2341b50c6@group-F01152B53F91-LeaderElection118] INFO  impl.RoleInfo (RoleInfo.java:updateAndGet(143)) - 2fdb3e93-e0d8-400e-8c33-91e2341b50c6: start FollowerState
2019-10-22 00:13:05,810 [Thread-1262] INFO  impl.FollowerState (FollowerState.java:run(108)) - 2fdb3e93-e0d8-400e-8c33-91e2341b50c6@group-F01152B53F91-FollowerState: change to CANDIDATE, lastRpcTime:146ms, electionTimeout:146ms
2019-10-22 00:13:05,810 [Thread-1262] INFO  impl.RoleInfo (RoleInfo.java:shutdownFollowerState(121)) - 2fdb3e93-e0d8-400e-8c33-91e2341b50c6: shutdown FollowerState
2019-10-22 00:13:05,810 [Thread-1262] INFO  impl.RaftServerImpl (RaftServerImpl.java:setRole(184)) - 2fdb3e93-e0d8-400e-8c33-91e2341b50c6@group-F01152B53F91: changes role from  FOLLOWER to CANDIDATE at term 112 for changeToCandidate
2019-10-22 00:13:05,810 [Thread-1262] INFO  impl.RoleInfo (RoleInfo.java:updateAndGet(143)) - 2fdb3e93-e0d8-400e-8c33-91e2341b50c6: start LeaderElection
2019-10-22 00:13:05,824 [2fdb3e93-e0d8-400e-8c33-91e2341b50c6@group-F01152B53F91-LeaderElection119] INFO  impl.LeaderElection (LeaderElection.java:askForVotes(178)) - 2fdb3e93-e0d8-400e-8c33-91e2341b50c6@group-F01152B53F91-LeaderElection119: begin an election at term 113 for -1: [2fdb3e93-e0d8-400e-8c33-91e2341b50c6:192.168.157.254:43254, 062c71de-08d9-40ee-9309-15590e2e8e68:192.168.157.254:45598, 2a52019e-5647-44e1-bf30-9a43fd8a7377:192.168.157.254:36038], old=null
2019-10-22 00:13:05,828 [grpc-default-executor-6] INFO  impl.RaftServerImpl (RaftServerImpl.java:setRole(184)) - 2a52019e-5647-44e1-bf30-9a43fd8a7377@group-F01152B53F91: changes role from  FOLLOWER to FOLLOWER at term 113 for recognizeCandidate:2fdb3e93-e0d8-400e-8c33-91e2341b50c6
2019-10-22 00:13:05,828 [grpc-default-executor-6] INFO  impl.RoleInfo (RoleInfo.java:shutdownFollowerState(121)) - 2a52019e-5647-44e1-bf30-9a43fd8a7377: shutdown FollowerState
2019-10-22 00:13:05,828 [grpc-default-executor-3] INFO  impl.RaftServerImpl (RaftServerImpl.java:setRole(184)) - 062c71de-08d9-40ee-9309-15590e2e8e68@group-F01152B53F91: changes role from  FOLLOWER to FOLLOWER at term 113 for recognizeCandidate:2fdb3e93-e0d8-400e-8c33-91e2341b50c6
2019-10-22 00:13:05,828 [grpc-default-executor-6] INFO  impl.RoleInfo (RoleInfo.java:updateAndGet(143)) - 2a52019e-5647-44e1-bf30-9a43fd8a7377: start FollowerState
2019-10-22 00:13:05,828 [grpc-default-executor-3] INFO  impl.RoleInfo (RoleInfo.java:shutdownFollowerState(121)) - 062c71de-08d9-40ee-9309-15590e2e8e68: shutdown FollowerState
2019-10-22 00:13:05,828 [grpc-default-executor-3] INFO  impl.RoleInfo (RoleInfo.java:updateAndGet(143)) - 062c71de-08d9-40ee-9309-15590e2e8e68: start FollowerState
2019-10-22 00:13:05,828 [Thread-1260] INFO  impl.FollowerState (FollowerState.java:run(117)) - 2a52019e-5647-44e1-bf30-9a43fd8a7377@group-F01152B53F91-FollowerState was interrupted: java.lang.InterruptedException: sleep interrupted
2019-10-22 00:13:05,828 [Thread-1261] INFO  impl.FollowerState (FollowerState.java:run(117)) - 062c71de-08d9-40ee-9309-15590e2e8e68@group-F01152B53F91-FollowerState was interrupted: java.lang.InterruptedException: sleep interrupted
2019-10-22 00:13:05,843 [2fdb3e93-e0d8-400e-8c33-91e2341b50c6@group-F01152B53F91-LeaderElection119] INFO  impl.LeaderElection (LeaderElection.java:logAndReturn(56)) - 2fdb3e93-e0d8-400e-8c33-91e2341b50c6@group-F01152B53F91-LeaderElection119: Election REJECTED; received 2 response(s) [2fdb3e93-e0d8-400e-8c33-91e2341b50c6<-062c71de-08d9-40ee-9309-15590e2e8e68#0:FAIL-t113, 2fdb3e93-e0d8-400e-8c33-91e2341b50c6<-2a52019e-5647-44e1-bf30-9a43fd8a7377#0:FAIL-t113] and 0 exception(s); 2fdb3e93-e0d8-400e-8c33-91e2341b50c6@group-F01152B53F91:t113, leader=null, voted=2fdb3e93-e0d8-400e-8c33-91e2341b50c6, raftlog=2fdb3e93-e0d8-400e-8c33-91e2341b50c6@group-F01152B53F91-SegmentedRaftLog:OPENED:c-1,f-1,i0, conf=-1: [2fdb3e93-e0d8-400e-8c33-91e2341b50c6:192.168.157.254:43254, 062c71de-08d9-40ee-9309-15590e2e8e68:192.168.157.254:45598, 2a52019e-5647-44e1-bf30-9a43fd8a7377:192.168.157.254:36038], old=null
2019-10-22 00:13:05,843 [2fdb3e93-e0d8-400e-8c33-91e2341b50c6@group-F01152B53F91-LeaderElection119] INFO  impl.RaftServerImpl (RaftServerImpl.java:setRole(184)) - 2fdb3e93-e0d8-400e-8c33-91e2341b50c6@group-F01152B53F91: changes role from CANDIDATE to FOLLOWER at term 113 for DISCOVERED_A_NEW_TERM
2019-10-22 00:13:05,843 [2fdb3e93-e0d8-400e-8c33-91e2341b50c6@group-F01152B53F91-LeaderElection119] INFO  impl.RoleInfo (RoleInfo.java:shutdownLeaderElection(134)) - 2fdb3e93-e0d8-400e-8c33-91e2341b50c6: shutdown LeaderElection
2019-10-22 00:13:05,843 [2fdb3e93-e0d8-400e-8c33-91e2341b50c6@group-F01152B53F91-LeaderElection119] INFO  impl.RoleInfo (RoleInfo.java:updateAndGet(143)) - 2fdb3e93-e0d8-400e-8c33-91e2341b50c6: start FollowerState
2019-10-22 00:13:05,985 [Thread-1272] INFO  impl.FollowerState (FollowerState.java:run(108)) - 2fdb3e93-e0d8-400e-8c33-91e2341b50c6@group-F01152B53F91-FollowerState: change to CANDIDATE, lastRpcTime:141ms, electionTimeout:141ms
2019-10-22 00:13:05,985 [Thread-1272] INFO  impl.RoleInfo (RoleInfo.java:shutdownFollowerState(121)) - 2fdb3e93-e0d8-400e-8c33-91e2341b50c6: shutdown FollowerState
2019-10-22 00:13:05,985 [Thread-1272] INFO  impl.RaftServerImpl (RaftServerImpl.java:setRole(184)) - 2fdb3e93-e0d8-400e-8c33-91e2341b50c6@group-F01152B53F91: changes role from  FOLLOWER to CANDIDATE at term 113 for changeToCandidate
2019-10-22 00:13:05,985 [Thread-1272] INFO  impl.RoleInfo (RoleInfo.java:updateAndGet(143)) - 2fdb3e93-e0d8-400e-8c33-91e2341b50c6: start LeaderElection
2019-10-22 00:13:05,999 [2fdb3e93-e0d8-400e-8c33-91e2341b50c6@group-F01152B53F91-LeaderElection120] INFO  impl.LeaderElection (LeaderElection.java:askForVotes(178)) - 2fdb3e93-e0d8-400e-8c33-91e2341b50c6@group-F01152B53F91-LeaderElection120: begin an election at term 114 for -1: [2fdb3e93-e0d8-400e-8c33-91e2341b50c6:192.168.157.254:43254, 062c71de-08d9-40ee-9309-15590e2e8e68:192.168.157.254:45598, 2a52019e-5647-44e1-bf30-9a43fd8a7377:192.168.157.254:36038], old=null
2019-10-22 00:13:06,001 [grpc-default-executor-6] INFO  impl.RaftServerImpl (RaftServerImpl.java:setRole(184)) - 062c71de-08d9-40ee-9309-15590e2e8e68@group-F01152B53F91: changes role from  FOLLOWER to FOLLOWER at term 114 for recognizeCandidate:2fdb3e93-e0d8-400e-8c33-91e2341b50c6
2019-10-22 00:13:06,001 [grpc-default-executor-3] INFO  impl.RaftServerImpl (RaftServerImpl.java:setRole(184)) - 2a52019e-5647-44e1-bf30-9a43fd8a7377@group-F01152B53F91: changes role from  FOLLOWER to FOLLOWER at term 114 for recognizeCandidate:2fdb3e93-e0d8-400e-8c33-91e2341b50c6
2019-10-22 00:13:06,002 [grpc-default-executor-3] INFO  impl.RoleInfo (RoleInfo.java:shutdownFollowerState(121)) - 2a52019e-5647-44e1-bf30-9a43fd8a7377: shutdown FollowerState
2019-10-22 00:13:06,001 [grpc-default-executor-6] INFO  impl.RoleInfo (RoleInfo.java:shutdownFollowerState(121)) - 062c71de-08d9-40ee-9309-15590e2e8e68: shutdown FollowerState
2019-10-22 00:13:06,002 [grpc-default-executor-3] INFO  impl.RoleInfo (RoleInfo.java:updateAndGet(143)) - 2a52019e-5647-44e1-bf30-9a43fd8a7377: start FollowerState
2019-10-22 00:13:06,002 [grpc-default-executor-6] INFO  impl.RoleInfo (RoleInfo.java:updateAndGet(143)) - 062c71de-08d9-40ee-9309-15590e2e8e68: start FollowerState
2019-10-22 00:13:06,002 [Thread-1270] INFO  impl.FollowerState (FollowerState.java:run(117)) - 2a52019e-5647-44e1-bf30-9a43fd8a7377@group-F01152B53F91-FollowerState was interrupted: java.lang.InterruptedException: sleep interrupted
2019-10-22 00:13:06,002 [Thread-1271] INFO  impl.FollowerState (FollowerState.java:run(117)) - 062c71de-08d9-40ee-9309-15590e2e8e68@group-F01152B53F91-FollowerState was interrupted: java.lang.InterruptedException: sleep interrupted
2019-10-22 00:13:06,015 [2fdb3e93-e0d8-400e-8c33-91e2341b50c6@group-F01152B53F91-LeaderElection120] INFO  impl.LeaderElection (LeaderElection.java:logAndReturn(56)) - 2fdb3e93-e0d8-400e-8c33-91e2341b50c6@group-F01152B53F91-LeaderElection120: Election REJECTED; received 2 response(s) [2fdb3e93-e0d8-400e-8c33-91e2341b50c6<-062c71de-08d9-40ee-9309-15590e2e8e68#0:FAIL-t114, 2fdb3e93-e0d8-400e-8c33-91e2341b50c6<-2a52019e-5647-44e1-bf30-9a43fd8a7377#0:FAIL-t114] and 0 exception(s); 2fdb3e93-e0d8-400e-8c33-91e2341b50c6@group-F01152B53F91:t114, leader=null, voted=2fdb3e93-e0d8-400e-8c33-91e2341b50c6, raftlog=2fdb3e93-e0d8-400e-8c33-91e2341b50c6@group-F01152B53F91-SegmentedRaftLog:OPENED:c-1,f-1,i0, conf=-1: [2fdb3e93-e0d8-400e-8c33-91e2341b50c6:192.168.157.254:43254, 062c71de-08d9-40ee-9309-15590e2e8e68:192.168.157.254:45598, 2a52019e-5647-44e1-bf30-9a43fd8a7377:192.168.157.254:36038], old=null
2019-10-22 00:13:06,015 [2fdb3e93-e0d8-400e-8c33-91e2341b50c6@group-F01152B53F91-LeaderElection120] INFO  impl.RaftServerImpl (RaftServerImpl.java:setRole(184)) - 2fdb3e93-e0d8-400e-8c33-91e2341b50c6@group-F01152B53F91: changes role from CANDIDATE to FOLLOWER at term 114 for DISCOVERED_A_NEW_TERM
2019-10-22 00:13:06,015 [2fdb3e93-e0d8-400e-8c33-91e2341b50c6@group-F01152B53F91-LeaderElection120] INFO  impl.RoleInfo (RoleInfo.java:shutdownLeaderElection(134)) - 2fdb3e93-e0d8-400e-8c33-91e2341b50c6: shutdown LeaderElection
2019-10-22 00:13:06,015 [2fdb3e93-e0d8-400e-8c33-91e2341b50c6@group-F01152B53F91-LeaderElection120] INFO  impl.RoleInfo (RoleInfo.java:updateAndGet(143)) - 2fdb3e93-e0d8-400e-8c33-91e2341b50c6: start FollowerState
2019-10-22 00:13:06,180 [Thread-1278] INFO  impl.FollowerState (FollowerState.java:run(108)) - 2fdb3e93-e0d8-400e-8c33-91e2341b50c6@group-F01152B53F91-FollowerState: change to CANDIDATE, lastRpcTime:164ms, electionTimeout:164ms
2019-10-22 00:13:06,180 [Thread-1278] INFO  impl.RoleInfo (RoleInfo.java:shutdownFollowerState(121)) - 2fdb3e93-e0d8-400e-8c33-91e2341b50c6: shutdown FollowerState
2019-10-22 00:13:06,180 [Thread-1278] INFO  impl.RaftServerImpl (RaftServerImpl.java:setRole(184)) - 2fdb3e93-e0d8-400e-8c33-91e2341b50c6@group-F01152B53F91: changes role from  FOLLOWER to CANDIDATE at term 114 for changeToCandidate
2019-10-22 00:13:06,180 [Thread-1278] INFO  impl.RoleInfo (RoleInfo.java:updateAndGet(143)) - 2fdb3e93-e0d8-400e-8c33-91e2341b50c6: start LeaderElection
2019-10-22 00:13:06,195 [2fdb3e93-e0d8-400e-8c33-91e2341b50c6@group-F01152B53F91-LeaderElection121] INFO  impl.LeaderElection (LeaderElection.java:askForVotes(178)) - 2fdb3e93-e0d8-400e-8c33-91e2341b50c6@group-F01152B53F91-LeaderElection121: begin an election at term 115 for -1: [2fdb3e93-e0d8-400e-8c33-91e2341b50c6:192.168.157.254:43254, 062c71de-08d9-40ee-9309-15590e2e8e68:192.168.157.254:45598, 2a52019e-5647-44e1-bf30-9a43fd8a7377:192.168.157.254:36038], old=null
2019-10-22 00:13:06,197 [grpc-default-executor-3] INFO  impl.RaftServerImpl (RaftServerImpl.java:setRole(184)) - 062c71de-08d9-40ee-9309-15590e2e8e68@group-F01152B53F91: changes role from  FOLLOWER to FOLLOWER at term 115 for recognizeCandidate:2fdb3e93-e0d8-400e-8c33-91e2341b50c6
2019-10-22 00:13:06,198 [grpc-default-executor-3] INFO  impl.RoleInfo (RoleInfo.java:shutdownFollowerState(121)) - 062c71de-08d9-40ee-9309-15590e2e8e68: shutdown FollowerState
2019-10-22 00:13:06,198 [grpc-default-executor-3] INFO  impl.RoleInfo (RoleInfo.java:updateAndGet(143)) - 062c71de-08d9-40ee-9309-15590e2e8e68: start FollowerState
2019-10-22 00:13:06,198 [Thread-1277] INFO  impl.FollowerState (FollowerState.java:run(117)) - 062c71de-08d9-40ee-9309-15590e2e8e68@group-F01152B53F91-FollowerState was interrupted: java.lang.InterruptedException: sleep interrupted
2019-10-22 00:13:06,198 [grpc-default-executor-6] INFO  impl.RaftServerImpl (RaftServerImpl.java:setRole(184)) - 2a52019e-5647-44e1-bf30-9a43fd8a7377@group-F01152B53F91: changes role from  FOLLOWER to FOLLOWER at term 115 for recognizeCandidate:2fdb3e93-e0d8-400e-8c33-91e2341b50c6
2019-10-22 00:13:06,198 [grpc-default-executor-6] INFO  impl.RoleInfo (RoleInfo.java:shutdownFollowerState(121)) - 2a52019e-5647-44e1-bf30-9a43fd8a7377: shutdown FollowerState
2019-10-22 00:13:06,198 [grpc-default-executor-6] INFO  impl.RoleInfo (RoleInfo.java:updateAndGet(143)) - 2a52019e-5647-44e1-bf30-9a43fd8a7377: start FollowerState
2019-10-22 00:13:06,198 [Thread-1276] INFO  impl.FollowerState (FollowerState.java:run(117)) - 2a52019e-5647-44e1-bf30-9a43fd8a7377@group-F01152B53F91-FollowerState was interrupted: java.lang.InterruptedException: sleep interrupted
2019-10-22 00:13:06,210 [2fdb3e93-e0d8-400e-8c33-91e2341b50c6@group-F01152B53F91-LeaderElection121] INFO  impl.LeaderElection (LeaderElection.java:logAndReturn(56)) - 2fdb3e93-e0d8-400e-8c33-91e2341b50c6@group-F01152B53F91-LeaderElection121: Election REJECTED; received 2 response(s) [2fdb3e93-e0d8-400e-8c33-91e2341b50c6<-062c71de-08d9-40ee-9309-15590e2e8e68#0:FAIL-t115, 2fdb3e93-e0d8-400e-8c33-91e2341b50c6<-2a52019e-5647-44e1-bf30-9a43fd8a7377#0:FAIL-t115] and 0 exception(s); 2fdb3e93-e0d8-400e-8c33-91e2341b50c6@group-F01152B53F91:t115, leader=null, voted=2fdb3e93-e0d8-400e-8c33-91e2341b50c6, raftlog=2fdb3e93-e0d8-400e-8c33-91e2341b50c6@group-F01152B53F91-SegmentedRaftLog:OPENED:c-1,f-1,i0, conf=-1: [2fdb3e93-e0d8-400e-8c33-91e2341b50c6:192.168.157.254:43254, 062c71de-08d9-40ee-9309-15590e2e8e68:192.168.157.254:45598, 2a52019e-5647-44e1-bf30-9a43fd8a7377:192.168.157.254:36038], old=null
2019-10-22 00:13:06,211 [2fdb3e93-e0d8-400e-8c33-91e2341b50c6@group-F01152B53F91-LeaderElection121] INFO  impl.RaftServerImpl (RaftServerImpl.java:setRole(184)) - 2fdb3e93-e0d8-400e-8c33-91e2341b50c6@group-F01152B53F91: changes role from CANDIDATE to FOLLOWER at term 115 for DISCOVERED_A_NEW_TERM
2019-10-22 00:13:06,211 [2fdb3e93-e0d8-400e-8c33-91e2341b50c6@group-F01152B53F91-LeaderElection121] INFO  impl.RoleInfo (RoleInfo.java:shutdownLeaderElection(134)) - 2fdb3e93-e0d8-400e-8c33-91e2341b50c6: shutdown LeaderElection
2019-10-22 00:13:06,211 [2fdb3e93-e0d8-400e-8c33-91e2341b50c6@group-F01152B53F91-LeaderElection121] INFO  impl.RoleInfo (RoleInfo.java:updateAndGet(143)) - 2fdb3e93-e0d8-400e-8c33-91e2341b50c6: start FollowerState
2019-10-22 00:13:06,273 [Thread-1286] INFO  impl.FollowerState (FollowerState.java:run(108)) - 2fdb3e93-e0d8-400e-8c33-91e2341b50c6@group-F01152B53F91-FollowerState: change to CANDIDATE, lastRpcTime:62ms, electionTimeout:62ms
2019-10-22 00:13:06,273 [Thread-1286] INFO  impl.RoleInfo (RoleInfo.java:shutdownFollowerState(121)) - 2fdb3e93-e0d8-400e-8c33-91e2341b50c6: shutdown FollowerState
2019-10-22 00:13:06,273 [Thread-1286] INFO  impl.RaftServerImpl (RaftServerImpl.java:setRole(184)) - 2fdb3e93-e0d8-400e-8c33-91e2341b50c6@group-F01152B53F91: changes role from  FOLLOWER to CANDIDATE at term 115 for changeToCandidate
2019-10-22 00:13:06,274 [Thread-1286] INFO  impl.RoleInfo (RoleInfo.java:updateAndGet(143)) - 2fdb3e93-e0d8-400e-8c33-91e2341b50c6: start LeaderElection
2019-10-22 00:13:06,287 [2fdb3e93-e0d8-400e-8c33-91e2341b50c6@group-F01152B53F91-LeaderElection122] INFO  impl.LeaderElection (LeaderElection.java:askForVotes(178)) - 2fdb3e93-e0d8-400e-8c33-91e2341b50c6@group-F01152B53F91-LeaderElection122: begin an election at term 116 for -1: [2fdb3e93-e0d8-400e-8c33-91e2341b50c6:192.168.157.254:43254, 062c71de-08d9-40ee-9309-15590e2e8e68:192.168.157.254:45598, 2a52019e-5647-44e1-bf30-9a43fd8a7377:192.168.157.254:36038], old=null
2019-10-22 00:13:06,290 [grpc-default-executor-3] INFO  impl.RaftServerImpl (RaftServerImpl.java:setRole(184)) - 062c71de-08d9-40ee-9309-15590e2e8e68@group-F01152B53F91: changes role from  FOLLOWER to FOLLOWER at term 116 for recognizeCandidate:2fdb3e93-e0d8-400e-8c33-91e2341b50c6
2019-10-22 00:13:06,290 [grpc-default-executor-3] INFO  impl.RoleInfo (RoleInfo.java:shutdownFollowerState(121)) - 062c71de-08d9-40ee-9309-15590e2e8e68: shutdown FollowerState
2019-10-22 00:13:06,290 [grpc-default-executor-3] INFO  impl.RoleInfo (RoleInfo.java:updateAndGet(143)) - 062c71de-08d9-40ee-9309-15590e2e8e68: start FollowerState
2019-10-22 00:13:06,290 [Thread-1284] INFO  impl.FollowerState (FollowerState.java:run(117)) - 062c71de-08d9-40ee-9309-15590e2e8e68@group-F01152B53F91-FollowerState was interrupted: java.lang.InterruptedException: sleep interrupted
2019-10-22 00:13:06,290 [grpc-default-executor-6] INFO  impl.RaftServerImpl (RaftServerImpl.java:setRole(184)) - 2a52019e-5647-44e1-bf30-9a43fd8a7377@group-F01152B53F91: changes role from  FOLLOWER to FOLLOWER at term 116 for recognizeCandidate:2fdb3e93-e0d8-400e-8c33-91e2341b50c6
2019-10-22 00:13:06,291 [grpc-default-executor-6] INFO  impl.RoleInfo (RoleInfo.java:shutdownFollowerState(121)) - 2a52019e-5647-44e1-bf30-9a43fd8a7377: shutdown FollowerState
2019-10-22 00:13:06,291 [grpc-default-executor-6] INFO  impl.RoleInfo (RoleInfo.java:updateAndGet(143)) - 2a52019e-5647-44e1-bf30-9a43fd8a7377: start FollowerState
2019-10-22 00:13:06,291 [Thread-1285] INFO  impl.FollowerState (FollowerState.java:run(117)) - 2a52019e-5647-44e1-bf30-9a43fd8a7377@group-F01152B53F91-FollowerState was interrupted: java.lang.InterruptedException: sleep interrupted
2019-10-22 00:13:06,305 [2fdb3e93-e0d8-400e-8c33-91e2341b50c6@group-F01152B53F91-LeaderElection122] INFO  impl.LeaderElection (LeaderElection.java:logAndReturn(56)) - 2fdb3e93-e0d8-400e-8c33-91e2341b50c6@group-F01152B53F91-LeaderElection122: Election REJECTED; received 2 response(s) [2fdb3e93-e0d8-400e-8c33-91e2341b50c6<-062c71de-08d9-40ee-9309-15590e2e8e68#0:FAIL-t116, 2fdb3e93-e0d8-400e-8c33-91e2341b50c6<-2a52019e-5647-44e1-bf30-9a43fd8a7377#0:FAIL-t116] and 0 exception(s); 2fdb3e93-e0d8-400e-8c33-91e2341b50c6@group-F01152B53F91:t116, leader=null, voted=2fdb3e93-e0d8-400e-8c33-91e2341b50c6, raftlog=2fdb3e93-e0d8-400e-8c33-91e2341b50c6@group-F01152B53F91-SegmentedRaftLog:OPENED:c-1,f-1,i0, conf=-1: [2fdb3e93-e0d8-400e-8c33-91e2341b50c6:192.168.157.254:43254, 062c71de-08d9-40ee-9309-15590e2e8e68:192.168.157.254:45598, 2a52019e-5647-44e1-bf30-9a43fd8a7377:192.168.157.254:36038], old=null
2019-10-22 00:13:06,305 [2fdb3e93-e0d8-400e-8c33-91e2341b50c6@group-F01152B53F91-LeaderElection122] INFO  impl.RaftServerImpl (RaftServerImpl.java:setRole(184)) - 2fdb3e93-e0d8-400e-8c33-91e2341b50c6@group-F01152B53F91: changes role from CANDIDATE to FOLLOWER at term 116 for DISCOVERED_A_NEW_TERM
2019-10-22 00:13:06,305 [2fdb3e93-e0d8-400e-8c33-91e2341b50c6@group-F01152B53F91-LeaderElection122] INFO  impl.RoleInfo (RoleInfo.java:shutdownLeaderElection(134)) - 2fdb3e93-e0d8-400e-8c33-91e2341b50c6: shutdown LeaderElection
2019-10-22 00:13:06,305 [2fdb3e93-e0d8-400e-8c33-91e2341b50c6@group-F01152B53F91-LeaderElection122] INFO  impl.RoleInfo (RoleInfo.java:updateAndGet(143)) - 2fdb3e93-e0d8-400e-8c33-91e2341b50c6: start FollowerState
2019-10-22 00:13:06,492 [Thread-1293] INFO  impl.FollowerState (FollowerState.java:run(108)) - 2fdb3e93-e0d8-400e-8c33-91e2341b50c6@group-F01152B53F91-FollowerState: change to CANDIDATE, lastRpcTime:187ms, electionTimeout:187ms
2019-10-22 00:13:06,493 [Thread-1293] INFO  impl.RoleInfo (RoleInfo.java:shutdownFollowerState(121)) - 2fdb3e93-e0d8-400e-8c33-91e2341b50c6: shutdown FollowerState
2019-10-22 00:13:06,493 [Thread-1293] INFO  impl.RaftServerImpl (RaftServerImpl.java:setRole(184)) - 2fdb3e93-e0d8-400e-8c33-91e2341b50c6@group-F01152B53F91: changes role from  FOLLOWER to CANDIDATE at term 116 for changeToCandidate
2019-10-22 00:13:06,493 [Thread-1293] INFO  impl.RoleInfo (RoleInfo.java:updateAndGet(143)) - 2fdb3e93-e0d8-400e-8c33-91e2341b50c6: start LeaderElection
2019-10-22 00:13:06,504 [2fdb3e93-e0d8-400e-8c33-91e2341b50c6@group-F01152B53F91-LeaderElection123] INFO  impl.LeaderElection (LeaderElection.java:askForVotes(178)) - 2fdb3e93-e0d8-400e-8c33-91e2341b50c6@group-F01152B53F91-LeaderElection123: begin an election at term 117 for -1: [2fdb3e93-e0d8-400e-8c33-91e2341b50c6:192.168.157.254:43254, 062c71de-08d9-40ee-9309-15590e2e8e68:192.168.157.254:45598, 2a52019e-5647-44e1-bf30-9a43fd8a7377:192.168.157.254:36038], old=null
2019-10-22 00:13:06,507 [grpc-default-executor-6] INFO  impl.RaftServerImpl (RaftServerImpl.java:setRole(184)) - 062c71de-08d9-40ee-9309-15590e2e8e68@group-F01152B53F91: changes role from  FOLLOWER to FOLLOWER at term 117 for recognizeCandidate:2fdb3e93-e0d8-400e-8c33-91e2341b50c6
2019-10-22 00:13:06,507 [grpc-default-executor-3] INFO  impl.RaftServerImpl (RaftServerImpl.java:setRole(184)) - 2a52019e-5647-44e1-bf30-9a43fd8a7377@group-F01152B53F91: changes role from  FOLLOWER to FOLLOWER at term 117 for recognizeCandidate:2fdb3e93-e0d8-400e-8c33-91e2341b50c6
2019-10-22 00:13:06,507 [grpc-default-executor-6] INFO  impl.RoleInfo (RoleInfo.java:shutdownFollowerState(121)) - 062c71de-08d9-40ee-9309-15590e2e8e68: shutdown FollowerState
2019-10-22 00:13:06,507 [grpc-default-executor-3] INFO  impl.RoleInfo (RoleInfo.java:shutdownFollowerState(121)) - 2a52019e-5647-44e1-bf30-9a43fd8a7377: shutdown FollowerState
2019-10-22 00:13:06,507 [grpc-default-executor-6] INFO  impl.RoleInfo (RoleInfo.java:updateAndGet(143)) - 062c71de-08d9-40ee-9309-15590e2e8e68: start FollowerState
2019-10-22 00:13:06,507 [grpc-default-executor-3] INFO  impl.RoleInfo (RoleInfo.java:updateAndGet(143)) - 2a52019e-5647-44e1-bf30-9a43fd8a7377: start FollowerState
2019-10-22 00:13:06,507 [Thread-1291] INFO  impl.FollowerState (FollowerState.java:run(117)) - 062c71de-08d9-40ee-9309-15590e2e8e68@group-F01152B53F91-FollowerState was interrupted: java.lang.InterruptedException: sleep interrupted
2019-10-22 00:13:06,507 [Thread-1292] INFO  impl.FollowerState (FollowerState.java:run(117)) - 2a52019e-5647-44e1-bf30-9a43fd8a7377@group-F01152B53F91-FollowerState was interrupted: java.lang.InterruptedException: sleep interrupted
2019-10-22 00:13:06,522 [2fdb3e93-e0d8-400e-8c33-91e2341b50c6@group-F01152B53F91-LeaderElection123] INFO  impl.LeaderElection (LeaderElection.java:logAndReturn(56)) - 2fdb3e93-e0d8-400e-8c33-91e2341b50c6@group-F01152B53F91-LeaderElection123: Election REJECTED; received 2 response(s) [2fdb3e93-e0d8-400e-8c33-91e2341b50c6<-062c71de-08d9-40ee-9309-15590e2e8e68#0:FAIL-t117, 2fdb3e93-e0d8-400e-8c33-91e2341b50c6<-2a52019e-5647-44e1-bf30-9a43fd8a7377#0:FAIL-t117] and 0 exception(s); 2fdb3e93-e0d8-400e-8c33-91e2341b50c6@group-F01152B53F91:t117, leader=null, voted=2fdb3e93-e0d8-400e-8c33-91e2341b50c6, raftlog=2fdb3e93-e0d8-400e-8c33-91e2341b50c6@group-F01152B53F91-SegmentedRaftLog:OPENED:c-1,f-1,i0, conf=-1: [2fdb3e93-e0d8-400e-8c33-91e2341b50c6:192.168.157.254:43254, 062c71de-08d9-40ee-9309-15590e2e8e68:192.168.157.254:45598, 2a52019e-5647-44e1-bf30-9a43fd8a7377:192.168.157.254:36038], old=null
2019-10-22 00:13:06,522 [2fdb3e93-e0d8-400e-8c33-91e2341b50c6@group-F01152B53F91-LeaderElection123] INFO  impl.RaftServerImpl (RaftServerImpl.java:setRole(184)) - 2fdb3e93-e0d8-400e-8c33-91e2341b50c6@group-F01152B53F91: changes role from CANDIDATE to FOLLOWER at term 117 for DISCOVERED_A_NEW_TERM
2019-10-22 00:13:06,522 [2fdb3e93-e0d8-400e-8c33-91e2341b50c6@group-F01152B53F91-LeaderElection123] INFO  impl.RoleInfo (RoleInfo.java:shutdownLeaderElection(134)) - 2fdb3e93-e0d8-400e-8c33-91e2341b50c6: shutdown LeaderElection
2019-10-22 00:13:06,522 [2fdb3e93-e0d8-400e-8c33-91e2341b50c6@group-F01152B53F91-LeaderElection123] INFO  impl.RoleInfo (RoleInfo.java:updateAndGet(143)) - 2fdb3e93-e0d8-400e-8c33-91e2341b50c6: start FollowerState
2019-10-22 00:13:06,639 [Thread-1300] INFO  impl.FollowerState (FollowerState.java:run(108)) - 2fdb3e93-e0d8-400e-8c33-91e2341b50c6@group-F01152B53F91-FollowerState: change to CANDIDATE, lastRpcTime:117ms, electionTimeout:117ms
2019-10-22 00:13:06,639 [Thread-1300] INFO  impl.RoleInfo (RoleInfo.java:shutdownFollowerState(121)) - 2fdb3e93-e0d8-400e-8c33-91e2341b50c6: shutdown FollowerState
2019-10-22 00:13:06,640 [Thread-1300] INFO  impl.RaftServerImpl (RaftServerImpl.java:setRole(184)) - 2fdb3e93-e0d8-400e-8c33-91e2341b50c6@group-F01152B53F91: changes role from  FOLLOWER to CANDIDATE at term 117 for changeToCandidate
2019-10-22 00:13:06,640 [Thread-1300] INFO  impl.RoleInfo (RoleInfo.java:updateAndGet(143)) - 2fdb3e93-e0d8-400e-8c33-91e2341b50c6: start LeaderElection
2019-10-22 00:13:06,654 [2fdb3e93-e0d8-400e-8c33-91e2341b50c6@group-F01152B53F91-LeaderElection124] INFO  impl.LeaderElection (LeaderElection.java:askForVotes(178)) - 2fdb3e93-e0d8-400e-8c33-91e2341b50c6@group-F01152B53F91-LeaderElection124: begin an election at term 118 for -1: [2fdb3e93-e0d8-400e-8c33-91e2341b50c6:192.168.157.254:43254, 062c71de-08d9-40ee-9309-15590e2e8e68:192.168.157.254:45598, 2a52019e-5647-44e1-bf30-9a43fd8a7377:192.168.157.254:36038], old=null
2019-10-22 00:13:06,656 [grpc-default-executor-3] INFO  impl.RaftServerImpl (RaftServerImpl.java:setRole(184)) - 062c71de-08d9-40ee-9309-15590e2e8e68@group-F01152B53F91: changes role from  FOLLOWER to FOLLOWER at term 118 for recognizeCandidate:2fdb3e93-e0d8-400e-8c33-91e2341b50c6
2019-10-22 00:13:06,657 [grpc-default-executor-3] INFO  impl.RoleInfo (RoleInfo.java:shutdownFollowerState(121)) - 062c71de-08d9-40ee-9309-15590e2e8e68: shutdown FollowerState
2019-10-22 00:13:06,657 [grpc-default-executor-6] INFO  impl.RaftServerImpl (RaftServerImpl.java:setRole(184)) - 2a52019e-5647-44e1-bf30-9a43fd8a7377@group-F01152B53F91: changes role from  FOLLOWER to FOLLOWER at term 118 for recognizeCandidate:2fdb3e93-e0d8-400e-8c33-91e2341b50c6
2019-10-22 00:13:06,657 [Thread-1298] INFO  impl.FollowerState (FollowerState.java:run(117)) - 062c71de-08d9-40ee-9309-15590e2e8e68@group-F01152B53F91-FollowerState was interrupted: java.lang.InterruptedException: sleep interrupted
2019-10-22 00:13:06,657 [grpc-default-executor-3] INFO  impl.RoleInfo (RoleInfo.java:updateAndGet(143)) - 062c71de-08d9-40ee-9309-15590e2e8e68: start FollowerState
2019-10-22 00:13:06,657 [grpc-default-executor-6] INFO  impl.RoleInfo (RoleInfo.java:shutdownFollowerState(121)) - 2a52019e-5647-44e1-bf30-9a43fd8a7377: shutdown FollowerState
2019-10-22 00:13:06,657 [grpc-default-executor-6] INFO  impl.RoleInfo (RoleInfo.java:updateAndGet(143)) - 2a52019e-5647-44e1-bf30-9a43fd8a7377: start FollowerState
2019-10-22 00:13:06,657 [Thread-1299] INFO  impl.FollowerState (FollowerState.java:run(117)) - 2a52019e-5647-44e1-bf30-9a43fd8a7377@group-F01152B53F91-FollowerState was interrupted: java.lang.InterruptedException: sleep interrupted
2019-10-22 00:13:06,672 [2fdb3e93-e0d8-400e-8c33-91e2341b50c6@group-F01152B53F91-LeaderElection124] INFO  impl.LeaderElection (LeaderElection.java:logAndReturn(56)) - 2fdb3e93-e0d8-400e-8c33-91e2341b50c6@group-F01152B53F91-LeaderElection124: Election REJECTED; received 2 response(s) [2fdb3e93-e0d8-400e-8c33-91e2341b50c6<-062c71de-08d9-40ee-9309-15590e2e8e68#0:FAIL-t118, 2fdb3e93-e0d8-400e-8c33-91e2341b50c6<-2a52019e-5647-44e1-bf30-9a43fd8a7377#0:FAIL-t118] and 0 exception(s); 2fdb3e93-e0d8-400e-8c33-91e2341b50c6@group-F01152B53F91:t118, leader=null, voted=2fdb3e93-e0d8-400e-8c33-91e2341b50c6, raftlog=2fdb3e93-e0d8-400e-8c33-91e2341b50c6@group-F01152B53F91-SegmentedRaftLog:OPENED:c-1,f-1,i0, conf=-1: [2fdb3e93-e0d8-400e-8c33-91e2341b50c6:192.168.157.254:43254, 062c71de-08d9-40ee-9309-15590e2e8e68:192.168.157.254:45598, 2a52019e-5647-44e1-bf30-9a43fd8a7377:192.168.157.254:36038], old=null
2019-10-22 00:13:06,672 [2fdb3e93-e0d8-400e-8c33-91e2341b50c6@group-F01152B53F91-LeaderElection124] INFO  impl.RaftServerImpl (RaftServerImpl.java:setRole(184)) - 2fdb3e93-e0d8-400e-8c33-91e2341b50c6@group-F01152B53F91: changes role from CANDIDATE to FOLLOWER at term 118 for DISCOVERED_A_NEW_TERM
2019-10-22 00:13:06,672 [2fdb3e93-e0d8-400e-8c33-91e2341b50c6@group-F01152B53F91-LeaderElection124] INFO  impl.RoleInfo (RoleInfo.java:shutdownLeaderElection(134)) - 2fdb3e93-e0d8-400e-8c33-91e2341b50c6: shutdown LeaderElection
2019-10-22 00:13:06,672 [2fdb3e93-e0d8-400e-8c33-91e2341b50c6@group-F01152B53F91-LeaderElection124] INFO  impl.RoleInfo (RoleInfo.java:updateAndGet(143)) - 2fdb3e93-e0d8-400e-8c33-91e2341b50c6: start FollowerState
2019-10-22 00:13:06,866 [Thread-1306] INFO  impl.FollowerState (FollowerState.java:run(108)) - 2fdb3e93-e0d8-400e-8c33-91e2341b50c6@group-F01152B53F91-FollowerState: change to CANDIDATE, lastRpcTime:194ms, electionTimeout:194ms
2019-10-22 00:13:06,867 [Thread-1306] INFO  impl.RoleInfo (RoleInfo.java:shutdownFollowerState(121)) - 2fdb3e93-e0d8-400e-8c33-91e2341b50c6: shutdown FollowerState
2019-10-22 00:13:06,867 [Thread-1306] INFO  impl.RaftServerImpl (RaftServerImpl.java:setRole(184)) - 2fdb3e93-e0d8-400e-8c33-91e2341b50c6@group-F01152B53F91: changes role from  FOLLOWER to CANDIDATE at term 118 for changeToCandidate
2019-10-22 00:13:06,867 [Thread-1306] INFO  impl.RoleInfo (RoleInfo.java:updateAndGet(143)) - 2fdb3e93-e0d8-400e-8c33-91e2341b50c6: start LeaderElection
2019-10-22 00:13:06,880 [2fdb3e93-e0d8-400e-8c33-91e2341b50c6@group-F01152B53F91-LeaderElection125] INFO  impl.LeaderElection (LeaderElection.java:askForVotes(178)) - 2fdb3e93-e0d8-400e-8c33-91e2341b50c6@group-F01152B53F91-LeaderElection125: begin an election at term 119 for -1: [2fdb3e93-e0d8-400e-8c33-91e2341b50c6:192.168.157.254:43254, 062c71de-08d9-40ee-9309-15590e2e8e68:192.168.157.254:45598, 2a52019e-5647-44e1-bf30-9a43fd8a7377:192.168.157.254:36038], old=null
2019-10-22 00:13:06,883 [grpc-default-executor-3] INFO  impl.RaftServerImpl (RaftServerImpl.java:setRole(184)) - 062c71de-08d9-40ee-9309-15590e2e8e68@group-F01152B53F91: changes role from  FOLLOWER to FOLLOWER at term 119 for recognizeCandidate:2fdb3e93-e0d8-400e-8c33-91e2341b50c6
2019-10-22 00:13:06,883 [grpc-default-executor-3] INFO  impl.RoleInfo (RoleInfo.java:shutdownFollowerState(121)) - 062c71de-08d9-40ee-9309-15590e2e8e68: shutdown FollowerState
2019-10-22 00:13:06,883 [grpc-default-executor-6] INFO  impl.RaftServerImpl (RaftServerImpl.java:setRole(184)) - 2a52019e-5647-44e1-bf30-9a43fd8a7377@group-F01152B53F91: changes role from  FOLLOWER to FOLLOWER at term 119 for recognizeCandidate:2fdb3e93-e0d8-400e-8c33-91e2341b50c6
2019-10-22 00:13:06,883 [grpc-default-executor-3] INFO  impl.RoleInfo (RoleInfo.java:updateAndGet(143)) - 062c71de-08d9-40ee-9309-15590e2e8e68: start FollowerState
2019-10-22 00:13:06,883 [Thread-1304] INFO  impl.FollowerState (FollowerState.java:run(117)) - 062c71de-08d9-40ee-9309-15590e2e8e68@group-F01152B53F91-FollowerState was interrupted: java.lang.InterruptedException: sleep interrupted
2019-10-22 00:13:06,883 [grpc-default-executor-6] INFO  impl.RoleInfo (RoleInfo.java:shutdownFollowerState(121)) - 2a52019e-5647-44e1-bf30-9a43fd8a7377: shutdown FollowerState
2019-10-22 00:13:06,884 [grpc-default-executor-6] INFO  impl.RoleInfo (RoleInfo.java:updateAndGet(143)) - 2a52019e-5647-44e1-bf30-9a43fd8a7377: start FollowerState
2019-10-22 00:13:06,884 [Thread-1305] INFO  impl.FollowerState (FollowerState.java:run(117)) - 2a52019e-5647-44e1-bf30-9a43fd8a7377@group-F01152B53F91-FollowerState was interrupted: java.lang.InterruptedException: sleep interrupted
2019-10-22 00:13:06,898 [2fdb3e93-e0d8-400e-8c33-91e2341b50c6@group-F01152B53F91-LeaderElection125] INFO  impl.LeaderElection (LeaderElection.java:logAndReturn(56)) - 2fdb3e93-e0d8-400e-8c33-91e2341b50c6@group-F01152B53F91-LeaderElection125: Election REJECTED; received 2 response(s) [2fdb3e93-e0d8-400e-8c33-91e2341b50c6<-062c71de-08d9-40ee-9309-15590e2e8e68#0:FAIL-t119, 2fdb3e93-e0d8-400e-8c33-91e2341b50c6<-2a52019e-5647-44e1-bf30-9a43fd8a7377#0:FAIL-t119] and 0 exception(s); 2fdb3e93-e0d8-400e-8c33-91e2341b50c6@group-F01152B53F91:t119, leader=null, voted=2fdb3e93-e0d8-400e-8c33-91e2341b50c6, raftlog=2fdb3e93-e0d8-400e-8c33-91e2341b50c6@group-F01152B53F91-SegmentedRaftLog:OPENED:c-1,f-1,i0, conf=-1: [2fdb3e93-e0d8-400e-8c33-91e2341b50c6:192.168.157.254:43254, 062c71de-08d9-40ee-9309-15590e2e8e68:192.168.157.254:45598, 2a52019e-5647-44e1-bf30-9a43fd8a7377:192.168.157.254:36038], old=null
2019-10-22 00:13:06,898 [2fdb3e93-e0d8-400e-8c33-91e2341b50c6@group-F01152B53F91-LeaderElection125] INFO  impl.RaftServerImpl (RaftServerImpl.java:setRole(184)) - 2fdb3e93-e0d8-400e-8c33-91e2341b50c6@group-F01152B53F91: changes role from CANDIDATE to FOLLOWER at term 119 for DISCOVERED_A_NEW_TERM
2019-10-22 00:13:06,898 [2fdb3e93-e0d8-400e-8c33-91e2341b50c6@group-F01152B53F91-LeaderElection125] INFO  impl.RoleInfo (RoleInfo.java:shutdownLeaderElection(134)) - 2fdb3e93-e0d8-400e-8c33-91e2341b50c6: shutdown LeaderElection
2019-10-22 00:13:06,898 [2fdb3e93-e0d8-400e-8c33-91e2341b50c6@group-F01152B53F91-LeaderElection125] INFO  impl.RoleInfo (RoleInfo.java:updateAndGet(143)) - 2fdb3e93-e0d8-400e-8c33-91e2341b50c6: start FollowerState
2019-10-22 00:13:06,902 [Thread-1316] INFO  impl.FollowerState (FollowerState.java:run(108)) - 2fdb3e93-e0d8-400e-8c33-91e2341b50c6@group-F01152B53F91-FollowerState: change to CANDIDATE, lastRpcTime:4ms, electionTimeout:4ms
2019-10-22 00:13:06,903 [Thread-1316] INFO  impl.RoleInfo (RoleInfo.java:shutdownFollowerState(121)) - 2fdb3e93-e0d8-400e-8c33-91e2341b50c6: shutdown FollowerState
2019-10-22 00:13:06,903 [Thread-1316] INFO  impl.RaftServerImpl (RaftServerImpl.java:setRole(184)) - 2fdb3e93-e0d8-400e-8c33-91e2341b50c6@group-F01152B53F91: changes role from  FOLLOWER to CANDIDATE at term 119 for changeToCandidate
2019-10-22 00:13:06,903 [Thread-1316] INFO  impl.RoleInfo (RoleInfo.java:updateAndGet(143)) - 2fdb3e93-e0d8-400e-8c33-91e2341b50c6: start LeaderElection
2019-10-22 00:13:06,916 [2fdb3e93-e0d8-400e-8c33-91e2341b50c6@group-F01152B53F91-LeaderElection126] INFO  impl.LeaderElection (LeaderElection.java:askForVotes(178)) - 2fdb3e93-e0d8-400e-8c33-91e2341b50c6@group-F01152B53F91-LeaderElection126: begin an election at term 120 for -1: [2fdb3e93-e0d8-400e-8c33-91e2341b50c6:192.168.157.254:43254, 062c71de-08d9-40ee-9309-15590e2e8e68:192.168.157.254:45598, 2a52019e-5647-44e1-bf30-9a43fd8a7377:192.168.157.254:36038], old=null
2019-10-22 00:13:06,918 [grpc-default-executor-6] INFO  impl.RaftServerImpl (RaftServerImpl.java:setRole(184)) - 2a52019e-5647-44e1-bf30-9a43fd8a7377@group-F01152B53F91: changes role from  FOLLOWER to FOLLOWER at term 120 for recognizeCandidate:2fdb3e93-e0d8-400e-8c33-91e2341b50c6
2019-10-22 00:13:06,918 [grpc-default-executor-6] INFO  impl.RoleInfo (RoleInfo.java:shutdownFollowerState(121)) - 2a52019e-5647-44e1-bf30-9a43fd8a7377: shutdown FollowerState
2019-10-22 00:13:06,918 [grpc-default-executor-6] INFO  impl.RoleInfo (RoleInfo.java:updateAndGet(143)) - 2a52019e-5647-44e1-bf30-9a43fd8a7377: start FollowerState
2019-10-22 00:13:06,918 [grpc-default-executor-3] INFO  impl.RaftServerImpl (RaftServerImpl.java:setRole(184)) - 062c71de-08d9-40ee-9309-15590e2e8e68@group-F01152B53F91: changes role from  FOLLOWER to FOLLOWER at term 120 for recognizeCandidate:2fdb3e93-e0d8-400e-8c33-91e2341b50c6
2019-10-22 00:13:06,918 [Thread-1315] INFO  impl.FollowerState (FollowerState.java:run(117)) - 2a52019e-5647-44e1-bf30-9a43fd8a7377@group-F01152B53F91-FollowerState was interrupted: java.lang.InterruptedException: sleep interrupted
2019-10-22 00:13:06,918 [grpc-default-executor-3] INFO  impl.RoleInfo (RoleInfo.java:shutdownFollowerState(121)) - 062c71de-08d9-40ee-9309-15590e2e8e68: shutdown FollowerState
2019-10-22 00:13:06,919 [grpc-default-executor-3] INFO  impl.RoleInfo (RoleInfo.java:updateAndGet(143)) - 062c71de-08d9-40ee-9309-15590e2e8e68: start FollowerState
2019-10-22 00:13:06,919 [Thread-1314] INFO  impl.FollowerState (FollowerState.java:run(117)) - 062c71de-08d9-40ee-9309-15590e2e8e68@group-F01152B53F91-FollowerState was interrupted: java.lang.InterruptedException: sleep interrupted
2019-10-22 00:13:06,932 [2fdb3e93-e0d8-400e-8c33-91e2341b50c6@group-F01152B53F91-LeaderElection126] INFO  impl.LeaderElection (LeaderElection.java:logAndReturn(56)) - 2fdb3e93-e0d8-400e-8c33-91e2341b50c6@group-F01152B53F91-LeaderElection126: Election REJECTED; received 2 response(s) [2fdb3e93-e0d8-400e-8c33-91e2341b50c6<-062c71de-08d9-40ee-9309-15590e2e8e68#0:FAIL-t120, 2fdb3e93-e0d8-400e-8c33-91e2341b50c6<-2a52019e-5647-44e1-bf30-9a43fd8a7377#0:FAIL-t120] and 0 exception(s); 2fdb3e93-e0d8-400e-8c33-91e2341b50c6@group-F01152B53F91:t120, leader=null, voted=2fdb3e93-e0d8-400e-8c33-91e2341b50c6, raftlog=2fdb3e93-e0d8-400e-8c33-91e2341b50c6@group-F01152B53F91-SegmentedRaftLog:OPENED:c-1,f-1,i0, conf=-1: [2fdb3e93-e0d8-400e-8c33-91e2341b50c6:192.168.157.254:43254, 062c71de-08d9-40ee-9309-15590e2e8e68:192.168.157.254:45598, 2a52019e-5647-44e1-bf30-9a43fd8a7377:192.168.157.254:36038], old=null
2019-10-22 00:13:06,932 [2fdb3e93-e0d8-400e-8c33-91e2341b50c6@group-F01152B53F91-LeaderElection126] INFO  impl.RaftServerImpl (RaftServerImpl.java:setRole(184)) - 2fdb3e93-e0d8-400e-8c33-91e2341b50c6@group-F01152B53F91: changes role from CANDIDATE to FOLLOWER at term 120 for DISCOVERED_A_NEW_TERM
2019-10-22 00:13:06,933 [2fdb3e93-e0d8-400e-8c33-91e2341b50c6@group-F01152B53F91-LeaderElection126] INFO  impl.RoleInfo (RoleInfo.java:shutdownLeaderElection(134)) - 2fdb3e93-e0d8-400e-8c33-91e2341b50c6: shutdown LeaderElection
2019-10-22 00:13:06,933 [2fdb3e93-e0d8-400e-8c33-91e2341b50c6@group-F01152B53F91-LeaderElection126] INFO  impl.RoleInfo (RoleInfo.java:updateAndGet(143)) - 2fdb3e93-e0d8-400e-8c33-91e2341b50c6: start FollowerState
2019-10-22 00:13:06,979 [Thread-1322] INFO  impl.FollowerState (FollowerState.java:run(108)) - 2fdb3e93-e0d8-400e-8c33-91e2341b50c6@group-F01152B53F91-FollowerState: change to CANDIDATE, lastRpcTime:46ms, electionTimeout:46ms
2019-10-22 00:13:06,979 [Thread-1322] INFO  impl.RoleInfo (RoleInfo.java:shutdownFollowerState(121)) - 2fdb3e93-e0d8-400e-8c33-91e2341b50c6: shutdown FollowerState
2019-10-22 00:13:06,979 [Thread-1322] INFO  impl.RaftServerImpl (RaftServerImpl.java:setRole(184)) - 2fdb3e93-e0d8-400e-8c33-91e2341b50c6@group-F01152B53F91: changes role from  FOLLOWER to CANDIDATE at term 120 for changeToCandidate
2019-10-22 00:13:06,979 [Thread-1322] INFO  impl.RoleInfo (RoleInfo.java:updateAndGet(143)) - 2fdb3e93-e0d8-400e-8c33-91e2341b50c6: start LeaderElection
2019-10-22 00:13:07,044 [2fdb3e93-e0d8-400e-8c33-91e2341b50c6@group-F01152B53F91-LeaderElection127] INFO  impl.LeaderElection (LeaderElection.java:askForVotes(178)) - 2fdb3e93-e0d8-400e-8c33-91e2341b50c6@group-F01152B53F91-LeaderElection127: begin an election at term 121 for -1: [2fdb3e93-e0d8-400e-8c33-91e2341b50c6:192.168.157.254:43254, 062c71de-08d9-40ee-9309-15590e2e8e68:192.168.157.254:45598, 2a52019e-5647-44e1-bf30-9a43fd8a7377:192.168.157.254:36038], old=null
2019-10-22 00:13:07,047 [grpc-default-executor-3] INFO  impl.RaftServerImpl (RaftServerImpl.java:setRole(184)) - 062c71de-08d9-40ee-9309-15590e2e8e68@group-F01152B53F91: changes role from  FOLLOWER to FOLLOWER at term 121 for recognizeCandidate:2fdb3e93-e0d8-400e-8c33-91e2341b50c6
2019-10-22 00:13:07,047 [grpc-default-executor-6] INFO  impl.RaftServerImpl (RaftServerImpl.java:setRole(184)) - 2a52019e-5647-44e1-bf30-9a43fd8a7377@group-F01152B53F91: changes role from  FOLLOWER to FOLLOWER at term 121 for recognizeCandidate:2fdb3e93-e0d8-400e-8c33-91e2341b50c6
2019-10-22 00:13:07,047 [grpc-default-executor-3] INFO  impl.RoleInfo (RoleInfo.java:shutdownFollowerState(121)) - 062c71de-08d9-40ee-9309-15590e2e8e68: shutdown FollowerState
2019-10-22 00:13:07,047 [grpc-default-executor-6] INFO  impl.RoleInfo (RoleInfo.java:shutdownFollowerState(121)) - 2a52019e-5647-44e1-bf30-9a43fd8a7377: shutdown FollowerState
2019-10-22 00:13:07,047 [grpc-default-executor-3] INFO  impl.RoleInfo (RoleInfo.java:updateAndGet(143)) - 062c71de-08d9-40ee-9309-15590e2e8e68: start FollowerState
2019-10-22 00:13:07,047 [Thread-1320] INFO  impl.FollowerState (FollowerState.java:run(117)) - 2a52019e-5647-44e1-bf30-9a43fd8a7377@group-F01152B53F91-FollowerState was interrupted: java.lang.InterruptedException: sleep interrupted
2019-10-22 00:13:07,047 [grpc-default-executor-6] INFO  impl.RoleInfo (RoleInfo.java:updateAndGet(143)) - 2a52019e-5647-44e1-bf30-9a43fd8a7377: start FollowerState
2019-10-22 00:13:07,047 [Thread-1321] INFO  impl.FollowerState (FollowerState.java:run(117)) - 062c71de-08d9-40ee-9309-15590e2e8e68@group-F01152B53F91-FollowerState was interrupted: java.lang.InterruptedException: sleep interrupted
2019-10-22 00:13:07,089 [2fdb3e93-e0d8-400e-8c33-91e2341b50c6@group-F01152B53F91-LeaderElection127] INFO  impl.LeaderElection (LeaderElection.java:logAndReturn(56)) - 2fdb3e93-e0d8-400e-8c33-91e2341b50c6@group-F01152B53F91-LeaderElection127: Election REJECTED; received 2 response(s) [2fdb3e93-e0d8-400e-8c33-91e2341b50c6<-062c71de-08d9-40ee-9309-15590e2e8e68#0:FAIL-t121, 2fdb3e93-e0d8-400e-8c33-91e2341b50c6<-2a52019e-5647-44e1-bf30-9a43fd8a7377#0:FAIL-t121] and 0 exception(s); 2fdb3e93-e0d8-400e-8c33-91e2341b50c6@group-F01152B53F91:t121, leader=null, voted=2fdb3e93-e0d8-400e-8c33-91e2341b50c6, raftlog=2fdb3e93-e0d8-400e-8c33-91e2341b50c6@group-F01152B53F91-SegmentedRaftLog:OPENED:c-1,f-1,i0, conf=-1: [2fdb3e93-e0d8-400e-8c33-91e2341b50c6:192.168.157.254:43254, 062c71de-08d9-40ee-9309-15590e2e8e68:192.168.157.254:45598, 2a52019e-5647-44e1-bf30-9a43fd8a7377:192.168.157.254:36038], old=null
2019-10-22 00:13:07,089 [2fdb3e93-e0d8-400e-8c33-91e2341b50c6@group-F01152B53F91-LeaderElection127] INFO  impl.RaftServerImpl (RaftServerImpl.java:setRole(184)) - 2fdb3e93-e0d8-400e-8c33-91e2341b50c6@group-F01152B53F91: changes role from CANDIDATE to FOLLOWER at term 121 for DISCOVERED_A_NEW_TERM
2019-10-22 00:13:07,089 [2fdb3e93-e0d8-400e-8c33-91e2341b50c6@group-F01152B53F91-LeaderElection127] INFO  impl.RoleInfo (RoleInfo.java:shutdownLeaderElection(134)) - 2fdb3e93-e0d8-400e-8c33-91e2341b50c6: shutdown LeaderElection
2019-10-22 00:13:07,089 [2fdb3e93-e0d8-400e-8c33-91e2341b50c6@group-F01152B53F91-LeaderElection127] INFO  impl.RoleInfo (RoleInfo.java:updateAndGet(143)) - 2fdb3e93-e0d8-400e-8c33-91e2341b50c6: start FollowerState
2019-10-22 00:13:07,259 [Thread-1328] INFO  impl.FollowerState (FollowerState.java:run(108)) - 2fdb3e93-e0d8-400e-8c33-91e2341b50c6@group-F01152B53F91-FollowerState: change to CANDIDATE, lastRpcTime:170ms, electionTimeout:170ms
2019-10-22 00:13:07,260 [Thread-1328] INFO  impl.RoleInfo (RoleInfo.java:shutdownFollowerState(121)) - 2fdb3e93-e0d8-400e-8c33-91e2341b50c6: shutdown FollowerState
2019-10-22 00:13:07,260 [Thread-1328] INFO  impl.RaftServerImpl (RaftServerImpl.java:setRole(184)) - 2fdb3e93-e0d8-400e-8c33-91e2341b50c6@group-F01152B53F91: changes role from  FOLLOWER to CANDIDATE at term 121 for changeToCandidate
2019-10-22 00:13:07,260 [Thread-1328] INFO  impl.RoleInfo (RoleInfo.java:updateAndGet(143)) - 2fdb3e93-e0d8-400e-8c33-91e2341b50c6: start LeaderElection
2019-10-22 00:13:07,273 [2fdb3e93-e0d8-400e-8c33-91e2341b50c6@group-F01152B53F91-LeaderElection128] INFO  impl.LeaderElection (LeaderElection.java:askForVotes(178)) - 2fdb3e93-e0d8-400e-8c33-91e2341b50c6@group-F01152B53F91-LeaderElection128: begin an election at term 122 for -1: [2fdb3e93-e0d8-400e-8c33-91e2341b50c6:192.168.157.254:43254, 062c71de-08d9-40ee-9309-15590e2e8e68:192.168.157.254:45598, 2a52019e-5647-44e1-bf30-9a43fd8a7377:192.168.157.254:36038], old=null
2019-10-22 00:13:07,275 [grpc-default-executor-3] INFO  impl.RaftServerImpl (RaftServerImpl.java:setRole(184)) - 062c71de-08d9-40ee-9309-15590e2e8e68@group-F01152B53F91: changes role from  FOLLOWER to FOLLOWER at term 122 for recognizeCandidate:2fdb3e93-e0d8-400e-8c33-91e2341b50c6
2019-10-22 00:13:07,275 [grpc-default-executor-3] INFO  impl.RoleInfo (RoleInfo.java:shutdownFollowerState(121)) - 062c71de-08d9-40ee-9309-15590e2e8e68: shutdown FollowerState
2019-10-22 00:13:07,275 [grpc-default-executor-6] INFO  impl.RaftServerImpl (RaftServerImpl.java:setRole(184)) - 2a52019e-5647-44e1-bf30-9a43fd8a7377@group-F01152B53F91: changes role from  FOLLOWER to FOLLOWER at term 122 for recognizeCandidate:2fdb3e93-e0d8-400e-8c33-91e2341b50c6
2019-10-22 00:13:07,275 [grpc-default-executor-3] INFO  impl.RoleInfo (RoleInfo.java:updateAndGet(143)) - 062c71de-08d9-40ee-9309-15590e2e8e68: start FollowerState
2019-10-22 00:13:07,275 [Thread-1326] INFO  impl.FollowerState (FollowerState.java:run(117)) - 062c71de-08d9-40ee-9309-15590e2e8e68@group-F01152B53F91-FollowerState was interrupted: java.lang.InterruptedException: sleep interrupted
2019-10-22 00:13:07,275 [grpc-default-executor-6] INFO  impl.RoleInfo (RoleInfo.java:shutdownFollowerState(121)) - 2a52019e-5647-44e1-bf30-9a43fd8a7377: shutdown FollowerState
2019-10-22 00:13:07,276 [grpc-default-executor-6] INFO  impl.RoleInfo (RoleInfo.java:updateAndGet(143)) - 2a52019e-5647-44e1-bf30-9a43fd8a7377: start FollowerState
2019-10-22 00:13:07,276 [Thread-1327] INFO  impl.FollowerState (FollowerState.java:run(117)) - 2a52019e-5647-44e1-bf30-9a43fd8a7377@group-F01152B53F91-FollowerState was interrupted: java.lang.InterruptedException: sleep interrupted
2019-10-22 00:13:07,287 [2fdb3e93-e0d8-400e-8c33-91e2341b50c6@group-F01152B53F91-LeaderElection128] INFO  impl.LeaderElection (LeaderElection.java:logAndReturn(56)) - 2fdb3e93-e0d8-400e-8c33-91e2341b50c6@group-F01152B53F91-LeaderElection128: Election REJECTED; received 2 response(s) [2fdb3e93-e0d8-400e-8c33-91e2341b50c6<-062c71de-08d9-40ee-9309-15590e2e8e68#0:FAIL-t122, 2fdb3e93-e0d8-400e-8c33-91e2341b50c6<-2a52019e-5647-44e1-bf30-9a43fd8a7377#0:FAIL-t122] and 0 exception(s); 2fdb3e93-e0d8-400e-8c33-91e2341b50c6@group-F01152B53F91:t122, leader=null, voted=2fdb3e93-e0d8-400e-8c33-91e2341b50c6, raftlog=2fdb3e93-e0d8-400e-8c33-91e2341b50c6@group-F01152B53F91-SegmentedRaftLog:OPENED:c-1,f-1,i0, conf=-1: [2fdb3e93-e0d8-400e-8c33-91e2341b50c6:192.168.157.254:43254, 062c71de-08d9-40ee-9309-15590e2e8e68:192.168.157.254:45598, 2a52019e-5647-44e1-bf30-9a43fd8a7377:192.168.157.254:36038], old=null
2019-10-22 00:13:07,287 [2fdb3e93-e0d8-400e-8c33-91e2341b50c6@group-F01152B53F91-LeaderElection128] INFO  impl.RaftServerImpl (RaftServerImpl.java:setRole(184)) - 2fdb3e93-e0d8-400e-8c33-91e2341b50c6@group-F01152B53F91: changes role from CANDIDATE to FOLLOWER at term 122 for DISCOVERED_A_NEW_TERM
2019-10-22 00:13:07,287 [2fdb3e93-e0d8-400e-8c33-91e2341b50c6@group-F01152B53F91-LeaderElection128] INFO  impl.RoleInfo (RoleInfo.java:shutdownLeaderElection(134)) - 2fdb3e93-e0d8-400e-8c33-91e2341b50c6: shutdown LeaderElection
2019-10-22 00:13:07,288 [2fdb3e93-e0d8-400e-8c33-91e2341b50c6@group-F01152B53F91-LeaderElection128] INFO  impl.RoleInfo (RoleInfo.java:updateAndGet(143)) - 2fdb3e93-e0d8-400e-8c33-91e2341b50c6: start FollowerState
2019-10-22 00:13:07,487 [Thread-1337] INFO  impl.FollowerState (FollowerState.java:run(108)) - 2fdb3e93-e0d8-400e-8c33-91e2341b50c6@group-F01152B53F91-FollowerState: change to CANDIDATE, lastRpcTime:199ms, electionTimeout:199ms
2019-10-22 00:13:07,487 [Thread-1337] INFO  impl.RoleInfo (RoleInfo.java:shutdownFollowerState(121)) - 2fdb3e93-e0d8-400e-8c33-91e2341b50c6: shutdown FollowerState
2019-10-22 00:13:07,487 [Thread-1337] INFO  impl.RaftServerImpl (RaftServerImpl.java:setRole(184)) - 2fdb3e93-e0d8-400e-8c33-91e2341b50c6@group-F01152B53F91: changes role from  FOLLOWER to CANDIDATE at term 122 for changeToCandidate
2019-10-22 00:13:07,487 [Thread-1337] INFO  impl.RoleInfo (RoleInfo.java:updateAndGet(143)) - 2fdb3e93-e0d8-400e-8c33-91e2341b50c6: start LeaderElection
2019-10-22 00:13:07,501 [2fdb3e93-e0d8-400e-8c33-91e2341b50c6@group-F01152B53F91-LeaderElection129] INFO  impl.LeaderElection (LeaderElection.java:askForVotes(178)) - 2fdb3e93-e0d8-400e-8c33-91e2341b50c6@group-F01152B53F91-LeaderElection129: begin an election at term 123 for -1: [2fdb3e93-e0d8-400e-8c33-91e2341b50c6:192.168.157.254:43254, 062c71de-08d9-40ee-9309-15590e2e8e68:192.168.157.254:45598, 2a52019e-5647-44e1-bf30-9a43fd8a7377:192.168.157.254:36038], old=null
2019-10-22 00:13:07,504 [grpc-default-executor-3] INFO  impl.RaftServerImpl (RaftServerImpl.java:setRole(184)) - 2a52019e-5647-44e1-bf30-9a43fd8a7377@group-F01152B53F91: changes role from  FOLLOWER to FOLLOWER at term 123 for recognizeCandidate:2fdb3e93-e0d8-400e-8c33-91e2341b50c6
2019-10-22 00:13:07,505 [grpc-default-executor-3] INFO  impl.RoleInfo (RoleInfo.java:shutdownFollowerState(121)) - 2a52019e-5647-44e1-bf30-9a43fd8a7377: shutdown FollowerState
2019-10-22 00:13:07,505 [grpc-default-executor-6] INFO  impl.RaftServerImpl (RaftServerImpl.java:setRole(184)) - 062c71de-08d9-40ee-9309-15590e2e8e68@group-F01152B53F91: changes role from  FOLLOWER to FOLLOWER at term 123 for recognizeCandidate:2fdb3e93-e0d8-400e-8c33-91e2341b50c6
2019-10-22 00:13:07,505 [Thread-1335] INFO  impl.FollowerState (FollowerState.java:run(117)) - 2a52019e-5647-44e1-bf30-9a43fd8a7377@group-F01152B53F91-FollowerState was interrupted: java.lang.InterruptedException: sleep interrupted
2019-10-22 00:13:07,505 [grpc-default-executor-3] INFO  impl.RoleInfo (RoleInfo.java:updateAndGet(143)) - 2a52019e-5647-44e1-bf30-9a43fd8a7377: start FollowerState
2019-10-22 00:13:07,505 [grpc-default-executor-6] INFO  impl.RoleInfo (RoleInfo.java:shutdownFollowerState(121)) - 062c71de-08d9-40ee-9309-15590e2e8e68: shutdown FollowerState
2019-10-22 00:13:07,505 [grpc-default-executor-6] INFO  impl.RoleInfo (RoleInfo.java:updateAndGet(143)) - 062c71de-08d9-40ee-9309-15590e2e8e68: start FollowerState
2019-10-22 00:13:07,505 [Thread-1334] INFO  impl.FollowerState (FollowerState.java:run(117)) - 062c71de-08d9-40ee-9309-15590e2e8e68@group-F01152B53F91-FollowerState was interrupted: java.lang.InterruptedException: sleep interrupted
2019-10-22 00:13:07,521 [2fdb3e93-e0d8-400e-8c33-91e2341b50c6@group-F01152B53F91-LeaderElection129] INFO  impl.LeaderElection (LeaderElection.java:logAndReturn(56)) - 2fdb3e93-e0d8-400e-8c33-91e2341b50c6@group-F01152B53F91-LeaderElection129: Election REJECTED; received 2 response(s) [2fdb3e93-e0d8-400e-8c33-91e2341b50c6<-062c71de-08d9-40ee-9309-15590e2e8e68#0:FAIL-t123, 2fdb3e93-e0d8-400e-8c33-91e2341b50c6<-2a52019e-5647-44e1-bf30-9a43fd8a7377#0:FAIL-t123] and 0 exception(s); 2fdb3e93-e0d8-400e-8c33-91e2341b50c6@group-F01152B53F91:t123, leader=null, voted=2fdb3e93-e0d8-400e-8c33-91e2341b50c6, raftlog=2fdb3e93-e0d8-400e-8c33-91e2341b50c6@group-F01152B53F91-SegmentedRaftLog:OPENED:c-1,f-1,i0, conf=-1: [2fdb3e93-e0d8-400e-8c33-91e2341b50c6:192.168.157.254:43254, 062c71de-08d9-40ee-9309-15590e2e8e68:192.168.157.254:45598, 2a52019e-5647-44e1-bf30-9a43fd8a7377:192.168.157.254:36038], old=null
2019-10-22 00:13:07,521 [2fdb3e93-e0d8-400e-8c33-91e2341b50c6@group-F01152B53F91-LeaderElection129] INFO  impl.RaftServerImpl (RaftServerImpl.java:setRole(184)) - 2fdb3e93-e0d8-400e-8c33-91e2341b50c6@group-F01152B53F91: changes role from CANDIDATE to FOLLOWER at term 123 for DISCOVERED_A_NEW_TERM
2019-10-22 00:13:07,521 [2fdb3e93-e0d8-400e-8c33-91e2341b50c6@group-F01152B53F91-LeaderElection129] INFO  impl.RoleInfo (RoleInfo.java:shutdownLeaderElection(134)) - 2fdb3e93-e0d8-400e-8c33-91e2341b50c6: shutdown LeaderElection
2019-10-22 00:13:07,522 [2fdb3e93-e0d8-400e-8c33-91e2341b50c6@group-F01152B53F91-LeaderElection129] INFO  impl.RoleInfo (RoleInfo.java:updateAndGet(143)) - 2fdb3e93-e0d8-400e-8c33-91e2341b50c6: start FollowerState
2019-10-22 00:13:07,592 [Thread-1344] INFO  impl.FollowerState (FollowerState.java:run(108)) - 2fdb3e93-e0d8-400e-8c33-91e2341b50c6@group-F01152B53F91-FollowerState: change to CANDIDATE, lastRpcTime:70ms, electionTimeout:70ms
2019-10-22 00:13:07,592 [Thread-1344] INFO  impl.RoleInfo (RoleInfo.java:shutdownFollowerState(121)) - 2fdb3e93-e0d8-400e-8c33-91e2341b50c6: shutdown FollowerState
2019-10-22 00:13:07,592 [Thread-1344] INFO  impl.RaftServerImpl (RaftServerImpl.java:setRole(184)) - 2fdb3e93-e0d8-400e-8c33-91e2341b50c6@group-F01152B53F91: changes role from  FOLLOWER to CANDIDATE at term 123 for changeToCandidate
2019-10-22 00:13:07,592 [Thread-1344] INFO  impl.RoleInfo (RoleInfo.java:updateAndGet(143)) - 2fdb3e93-e0d8-400e-8c33-91e2341b50c6: start LeaderElection
2019-10-22 00:13:07,605 [2fdb3e93-e0d8-400e-8c33-91e2341b50c6@group-F01152B53F91-LeaderElection130] INFO  impl.LeaderElection (LeaderElection.java:askForVotes(178)) - 2fdb3e93-e0d8-400e-8c33-91e2341b50c6@group-F01152B53F91-LeaderElection130: begin an election at term 124 for -1: [2fdb3e93-e0d8-400e-8c33-91e2341b50c6:192.168.157.254:43254, 062c71de-08d9-40ee-9309-15590e2e8e68:192.168.157.254:45598, 2a52019e-5647-44e1-bf30-9a43fd8a7377:192.168.157.254:36038], old=null
2019-10-22 00:13:07,607 [grpc-default-executor-6] INFO  impl.RaftServerImpl (RaftServerImpl.java:setRole(184)) - 2a52019e-5647-44e1-bf30-9a43fd8a7377@group-F01152B53F91: changes role from  FOLLOWER to FOLLOWER at term 124 for recognizeCandidate:2fdb3e93-e0d8-400e-8c33-91e2341b50c6
2019-10-22 00:13:07,607 [grpc-default-executor-3] INFO  impl.RaftServerImpl (RaftServerImpl.java:setRole(184)) - 062c71de-08d9-40ee-9309-15590e2e8e68@group-F01152B53F91: changes role from  FOLLOWER to FOLLOWER at term 124 for recognizeCandidate:2fdb3e93-e0d8-400e-8c33-91e2341b50c6
2019-10-22 00:13:07,607 [grpc-default-executor-6] INFO  impl.RoleInfo (RoleInfo.java:shutdownFollowerState(121)) - 2a52019e-5647-44e1-bf30-9a43fd8a7377: shutdown FollowerState
2019-10-22 00:13:07,607 [grpc-default-executor-3] INFO  impl.RoleInfo (RoleInfo.java:shutdownFollowerState(121)) - 062c71de-08d9-40ee-9309-15590e2e8e68: shutdown FollowerState
2019-10-22 00:13:07,608 [grpc-default-executor-6] INFO  impl.RoleInfo (RoleInfo.java:updateAndGet(143)) - 2a52019e-5647-44e1-bf30-9a43fd8a7377: start FollowerState
2019-10-22 00:13:07,608 [Thread-1343] INFO  impl.FollowerState (FollowerState.java:run(117)) - 062c71de-08d9-40ee-9309-15590e2e8e68@group-F01152B53F91-FollowerState was interrupted: java.lang.InterruptedException: sleep interrupted
2019-10-22 00:13:07,608 [grpc-default-executor-3] INFO  impl.RoleInfo (RoleInfo.java:updateAndGet(143)) - 062c71de-08d9-40ee-9309-15590e2e8e68: start FollowerState
2019-10-22 00:13:07,608 [Thread-1342] INFO  impl.FollowerState (FollowerState.java:run(117)) - 2a52019e-5647-44e1-bf30-9a43fd8a7377@group-F01152B53F91-FollowerState was interrupted: java.lang.InterruptedException: sleep interrupted
2019-10-22 00:13:07,646 [2fdb3e93-e0d8-400e-8c33-91e2341b50c6@group-F01152B53F91-LeaderElection130] INFO  impl.LeaderElection (LeaderElection.java:logAndReturn(56)) - 2fdb3e93-e0d8-400e-8c33-91e2341b50c6@group-F01152B53F91-LeaderElection130: Election TIMEOUT; received 0 response(s) [] and 0 exception(s); 2fdb3e93-e0d8-400e-8c33-91e2341b50c6@group-F01152B53F91:t124, leader=null, voted=2fdb3e93-e0d8-400e-8c33-91e2341b50c6, raftlog=2fdb3e93-e0d8-400e-8c33-91e2341b50c6@group-F01152B53F91-SegmentedRaftLog:OPENED:c-1,f-1,i0, conf=-1: [2fdb3e93-e0d8-400e-8c33-91e2341b50c6:192.168.157.254:43254, 062c71de-08d9-40ee-9309-15590e2e8e68:192.168.157.254:45598, 2a52019e-5647-44e1-bf30-9a43fd8a7377:192.168.157.254:36038], old=null
2019-10-22 00:13:07,651 [2fdb3e93-e0d8-400e-8c33-91e2341b50c6@group-F01152B53F91-LeaderElection130] INFO  impl.LeaderElection (LeaderElection.java:askForVotes(178)) - 2fdb3e93-e0d8-400e-8c33-91e2341b50c6@group-F01152B53F91-LeaderElection130: begin an election at term 125 for -1: [2fdb3e93-e0d8-400e-8c33-91e2341b50c6:192.168.157.254:43254, 062c71de-08d9-40ee-9309-15590e2e8e68:192.168.157.254:45598, 2a52019e-5647-44e1-bf30-9a43fd8a7377:192.168.157.254:36038], old=null
2019-10-22 00:13:07,653 [grpc-default-executor-6] INFO  impl.RaftServerImpl (RaftServerImpl.java:setRole(184)) - 2a52019e-5647-44e1-bf30-9a43fd8a7377@group-F01152B53F91: changes role from  FOLLOWER to FOLLOWER at term 125 for recognizeCandidate:2fdb3e93-e0d8-400e-8c33-91e2341b50c6
2019-10-22 00:13:07,653 [grpc-default-executor-3] INFO  impl.RaftServerImpl (RaftServerImpl.java:setRole(184)) - 062c71de-08d9-40ee-9309-15590e2e8e68@group-F01152B53F91: changes role from  FOLLOWER to FOLLOWER at term 125 for recognizeCandidate:2fdb3e93-e0d8-400e-8c33-91e2341b50c6
2019-10-22 00:13:07,653 [grpc-default-executor-6] INFO  impl.RoleInfo (RoleInfo.java:shutdownFollowerState(121)) - 2a52019e-5647-44e1-bf30-9a43fd8a7377: shutdown FollowerState
2019-10-22 00:13:07,653 [grpc-default-executor-3] INFO  impl.RoleInfo (RoleInfo.java:shutdownFollowerState(121)) - 062c71de-08d9-40ee-9309-15590e2e8e68: shutdown FollowerState
2019-10-22 00:13:07,653 [grpc-default-executor-6] INFO  impl.RoleInfo (RoleInfo.java:updateAndGet(143)) - 2a52019e-5647-44e1-bf30-9a43fd8a7377: start FollowerState
2019-10-22 00:13:07,653 [Thread-1348] INFO  impl.FollowerState (FollowerState.java:run(117)) - 2a52019e-5647-44e1-bf30-9a43fd8a7377@group-F01152B53F91-FollowerState was interrupted: java.lang.InterruptedException: sleep interrupted
2019-10-22 00:13:07,653 [grpc-default-executor-3] INFO  impl.RoleInfo (RoleInfo.java:updateAndGet(143)) - 062c71de-08d9-40ee-9309-15590e2e8e68: start FollowerState
2019-10-22 00:13:07,653 [Thread-1349] INFO  impl.FollowerState (FollowerState.java:run(117)) - 062c71de-08d9-40ee-9309-15590e2e8e68@group-F01152B53F91-FollowerState was interrupted: java.lang.InterruptedException: sleep interrupted
2019-10-22 00:13:07,669 [2fdb3e93-e0d8-400e-8c33-91e2341b50c6@group-F01152B53F91-LeaderElection130] INFO  impl.LeaderElection (LeaderElection.java:logAndReturn(56)) - 2fdb3e93-e0d8-400e-8c33-91e2341b50c6@group-F01152B53F91-LeaderElection130: Election REJECTED; received 2 response(s) [2fdb3e93-e0d8-400e-8c33-91e2341b50c6<-062c71de-08d9-40ee-9309-15590e2e8e68#0:FAIL-t125, 2fdb3e93-e0d8-400e-8c33-91e2341b50c6<-2a52019e-5647-44e1-bf30-9a43fd8a7377#0:FAIL-t125] and 0 exception(s); 2fdb3e93-e0d8-400e-8c33-91e2341b50c6@group-F01152B53F91:t125, leader=null, voted=2fdb3e93-e0d8-400e-8c33-91e2341b50c6, raftlog=2fdb3e93-e0d8-400e-8c33-91e2341b50c6@group-F01152B53F91-SegmentedRaftLog:OPENED:c-1,f-1,i0, conf=-1: [2fdb3e93-e0d8-400e-8c33-91e2341b50c6:192.168.157.254:43254, 062c71de-08d9-40ee-9309-15590e2e8e68:192.168.157.254:45598, 2a52019e-5647-44e1-bf30-9a43fd8a7377:192.168.157.254:36038], old=null
2019-10-22 00:13:07,669 [2fdb3e93-e0d8-400e-8c33-91e2341b50c6@group-F01152B53F91-LeaderElection130] INFO  impl.RaftServerImpl (RaftServerImpl.java:setRole(184)) - 2fdb3e93-e0d8-400e-8c33-91e2341b50c6@group-F01152B53F91: changes role from CANDIDATE to FOLLOWER at term 125 for DISCOVERED_A_NEW_TERM
2019-10-22 00:13:07,669 [2fdb3e93-e0d8-400e-8c33-91e2341b50c6@group-F01152B53F91-LeaderElection130] INFO  impl.RoleInfo (RoleInfo.java:shutdownLeaderElection(134)) - 2fdb3e93-e0d8-400e-8c33-91e2341b50c6: shutdown LeaderElection
2019-10-22 00:13:07,670 [2fdb3e93-e0d8-400e-8c33-91e2341b50c6@group-F01152B53F91-LeaderElection130] INFO  impl.RoleInfo (RoleInfo.java:updateAndGet(143)) - 2fdb3e93-e0d8-400e-8c33-91e2341b50c6: start FollowerState
2019-10-22 00:13:07,702 [Thread-1354] INFO  impl.FollowerState (FollowerState.java:run(108)) - 2fdb3e93-e0d8-400e-8c33-91e2341b50c6@group-F01152B53F91-FollowerState: change to CANDIDATE, lastRpcTime:32ms, electionTimeout:32ms
2019-10-22 00:13:07,702 [Thread-1354] INFO  impl.RoleInfo (RoleInfo.java:shutdownFollowerState(121)) - 2fdb3e93-e0d8-400e-8c33-91e2341b50c6: shutdown FollowerState
2019-10-22 00:13:07,702 [Thread-1354] INFO  impl.RaftServerImpl (RaftServerImpl.java:setRole(184)) - 2fdb3e93-e0d8-400e-8c33-91e2341b50c6@group-F01152B53F91: changes role from  FOLLOWER to CANDIDATE at term 125 for changeToCandidate
2019-10-22 00:13:07,702 [Thread-1354] INFO  impl.RoleInfo (RoleInfo.java:updateAndGet(143)) - 2fdb3e93-e0d8-400e-8c33-91e2341b50c6: start LeaderElection
2019-10-22 00:13:07,726 [2fdb3e93-e0d8-400e-8c33-91e2341b50c6@group-F01152B53F91-LeaderElection131] INFO  impl.LeaderElection (LeaderElection.java:askForVotes(178)) - 2fdb3e93-e0d8-400e-8c33-91e2341b50c6@group-F01152B53F91-LeaderElection131: begin an election at term 126 for -1: [2fdb3e93-e0d8-400e-8c33-91e2341b50c6:192.168.157.254:43254, 062c71de-08d9-40ee-9309-15590e2e8e68:192.168.157.254:45598, 2a52019e-5647-44e1-bf30-9a43fd8a7377:192.168.157.254:36038], old=null
2019-10-22 00:13:07,728 [grpc-default-executor-3] INFO  impl.RaftServerImpl (RaftServerImpl.java:setRole(184)) - 062c71de-08d9-40ee-9309-15590e2e8e68@group-F01152B53F91: changes role from  FOLLOWER to FOLLOWER at term 126 for recognizeCandidate:2fdb3e93-e0d8-400e-8c33-91e2341b50c6
2019-10-22 00:13:07,728 [grpc-default-executor-3] INFO  impl.RoleInfo (RoleInfo.java:shutdownFollowerState(121)) - 062c71de-08d9-40ee-9309-15590e2e8e68: shutdown FollowerState
2019-10-22 00:13:07,728 [grpc-default-executor-6] INFO  impl.RaftServerImpl (RaftServerImpl.java:setRole(184)) - 2a52019e-5647-44e1-bf30-9a43fd8a7377@group-F01152B53F91: changes role from  FOLLOWER to FOLLOWER at term 126 for recognizeCandidate:2fdb3e93-e0d8-400e-8c33-91e2341b50c6
2019-10-22 00:13:07,728 [Thread-1353] INFO  impl.FollowerState (FollowerState.java:run(117)) - 062c71de-08d9-40ee-9309-15590e2e8e68@group-F01152B53F91-FollowerState was interrupted: java.lang.InterruptedException: sleep interrupted
2019-10-22 00:13:07,728 [grpc-default-executor-3] INFO  impl.RoleInfo (RoleInfo.java:updateAndGet(143)) - 062c71de-08d9-40ee-9309-15590e2e8e68: start FollowerState
2019-10-22 00:13:07,728 [grpc-default-executor-6] INFO  impl.RoleInfo (RoleInfo.java:shutdownFollowerState(121)) - 2a52019e-5647-44e1-bf30-9a43fd8a7377: shutdown FollowerState
2019-10-22 00:13:07,729 [grpc-default-executor-6] INFO  impl.RoleInfo (RoleInfo.java:updateAndGet(143)) - 2a52019e-5647-44e1-bf30-9a43fd8a7377: start FollowerState
2019-10-22 00:13:07,729 [Thread-1352] INFO  impl.FollowerState (FollowerState.java:run(117)) - 2a52019e-5647-44e1-bf30-9a43fd8a7377@group-F01152B53F91-FollowerState was interrupted: java.lang.InterruptedException: sleep interrupted
2019-10-22 00:13:07,763 [2fdb3e93-e0d8-400e-8c33-91e2341b50c6@group-F01152B53F91-LeaderElection131] INFO  impl.LeaderElection (LeaderElection.java:logAndReturn(56)) - 2fdb3e93-e0d8-400e-8c33-91e2341b50c6@group-F01152B53F91-LeaderElection131: Election TIMEOUT; received 0 response(s) [] and 0 exception(s); 2fdb3e93-e0d8-400e-8c33-91e2341b50c6@group-F01152B53F91:t126, leader=null, voted=2fdb3e93-e0d8-400e-8c33-91e2341b50c6, raftlog=2fdb3e93-e0d8-400e-8c33-91e2341b50c6@group-F01152B53F91-SegmentedRaftLog:OPENED:c-1,f-1,i0, conf=-1: [2fdb3e93-e0d8-400e-8c33-91e2341b50c6:192.168.157.254:43254, 062c71de-08d9-40ee-9309-15590e2e8e68:192.168.157.254:45598, 2a52019e-5647-44e1-bf30-9a43fd8a7377:192.168.157.254:36038], old=null
2019-10-22 00:13:07,773 [2fdb3e93-e0d8-400e-8c33-91e2341b50c6@group-F01152B53F91-LeaderElection131] INFO  impl.LeaderElection (LeaderElection.java:askForVotes(178)) - 2fdb3e93-e0d8-400e-8c33-91e2341b50c6@group-F01152B53F91-LeaderElection131: begin an election at term 127 for -1: [2fdb3e93-e0d8-400e-8c33-91e2341b50c6:192.168.157.254:43254, 062c71de-08d9-40ee-9309-15590e2e8e68:192.168.157.254:45598, 2a52019e-5647-44e1-bf30-9a43fd8a7377:192.168.157.254:36038], old=null
2019-10-22 00:13:07,775 [grpc-default-executor-3] INFO  impl.RaftServerImpl (RaftServerImpl.java:setRole(184)) - 062c71de-08d9-40ee-9309-15590e2e8e68@group-F01152B53F91: changes role from  FOLLOWER to FOLLOWER at term 127 for recognizeCandidate:2fdb3e93-e0d8-400e-8c33-91e2341b50c6
2019-10-22 00:13:07,775 [grpc-default-executor-3] INFO  impl.RoleInfo (RoleInfo.java:shutdownFollowerState(121)) - 062c71de-08d9-40ee-9309-15590e2e8e68: shutdown FollowerState
2019-10-22 00:13:07,775 [grpc-default-executor-3] INFO  impl.RoleInfo (RoleInfo.java:updateAndGet(143)) - 062c71de-08d9-40ee-9309-15590e2e8e68: start FollowerState
2019-10-22 00:13:07,775 [Thread-1360] INFO  impl.FollowerState (FollowerState.java:run(117)) - 062c71de-08d9-40ee-9309-15590e2e8e68@group-F01152B53F91-FollowerState was interrupted: java.lang.InterruptedException: sleep interrupted
2019-10-22 00:13:07,775 [grpc-default-executor-6] INFO  impl.RaftServerImpl (RaftServerImpl.java:setRole(184)) - 2a52019e-5647-44e1-bf30-9a43fd8a7377@group-F01152B53F91: changes role from  FOLLOWER to FOLLOWER at term 127 for recognizeCandidate:2fdb3e93-e0d8-400e-8c33-91e2341b50c6
2019-10-22 00:13:07,776 [grpc-default-executor-6] INFO  impl.RoleInfo (RoleInfo.java:shutdownFollowerState(121)) - 2a52019e-5647-44e1-bf30-9a43fd8a7377: shutdown FollowerState
2019-10-22 00:13:07,776 [grpc-default-executor-6] INFO  impl.RoleInfo (RoleInfo.java:updateAndGet(143)) - 2a52019e-5647-44e1-bf30-9a43fd8a7377: start FollowerState
2019-10-22 00:13:07,776 [Thread-1361] INFO  impl.FollowerState (FollowerState.java:run(117)) - 2a52019e-5647-44e1-bf30-9a43fd8a7377@group-F01152B53F91-FollowerState was interrupted: java.lang.InterruptedException: sleep interrupted
2019-10-22 00:13:07,834 [2fdb3e93-e0d8-400e-8c33-91e2341b50c6@group-F01152B53F91-LeaderElection131] INFO  impl.LeaderElection (LeaderElection.java:logAndReturn(56)) - 2fdb3e93-e0d8-400e-8c33-91e2341b50c6@group-F01152B53F91-LeaderElection131: Election REJECTED; received 2 response(s) [2fdb3e93-e0d8-400e-8c33-91e2341b50c6<-062c71de-08d9-40ee-9309-15590e2e8e68#0:FAIL-t127, 2fdb3e93-e0d8-400e-8c33-91e2341b50c6<-2a52019e-5647-44e1-bf30-9a43fd8a7377#0:FAIL-t127] and 0 exception(s); 2fdb3e93-e0d8-400e-8c33-91e2341b50c6@group-F01152B53F91:t127, leader=null, voted=2fdb3e93-e0d8-400e-8c33-91e2341b50c6, raftlog=2fdb3e93-e0d8-400e-8c33-91e2341b50c6@group-F01152B53F91-SegmentedRaftLog:OPENED:c-1,f-1,i0, conf=-1: [2fdb3e93-e0d8-400e-8c33-91e2341b50c6:192.168.157.254:43254, 062c71de-08d9-40ee-9309-15590e2e8e68:192.168.157.254:45598, 2a52019e-5647-44e1-bf30-9a43fd8a7377:192.168.157.254:36038], old=null
2019-10-22 00:13:07,834 [2fdb3e93-e0d8-400e-8c33-91e2341b50c6@group-F01152B53F91-LeaderElection131] INFO  impl.RaftServerImpl (RaftServerImpl.java:setRole(184)) - 2fdb3e93-e0d8-400e-8c33-91e2341b50c6@group-F01152B53F91: changes role from CANDIDATE to FOLLOWER at term 127 for DISCOVERED_A_NEW_TERM
2019-10-22 00:13:07,834 [2fdb3e93-e0d8-400e-8c33-91e2341b50c6@group-F01152B53F91-LeaderElection131] INFO  impl.RoleInfo (RoleInfo.java:shutdownLeaderElection(134)) - 2fdb3e93-e0d8-400e-8c33-91e2341b50c6: shutdown LeaderElection
2019-10-22 00:13:07,835 [2fdb3e93-e0d8-400e-8c33-91e2341b50c6@group-F01152B53F91-LeaderElection131] INFO  impl.RoleInfo (RoleInfo.java:updateAndGet(143)) - 2fdb3e93-e0d8-400e-8c33-91e2341b50c6: start FollowerState
2019-10-22 00:13:07,919 [Thread-1368] INFO  impl.FollowerState (FollowerState.java:run(108)) - 2fdb3e93-e0d8-400e-8c33-91e2341b50c6@group-F01152B53F91-FollowerState: change to CANDIDATE, lastRpcTime:84ms, electionTimeout:84ms
2019-10-22 00:13:07,919 [Thread-1368] INFO  impl.RoleInfo (RoleInfo.java:shutdownFollowerState(121)) - 2fdb3e93-e0d8-400e-8c33-91e2341b50c6: shutdown FollowerState
2019-10-22 00:13:07,919 [Thread-1368] INFO  impl.RaftServerImpl (RaftServerImpl.java:setRole(184)) - 2fdb3e93-e0d8-400e-8c33-91e2341b50c6@group-F01152B53F91: changes role from  FOLLOWER to CANDIDATE at term 127 for changeToCandidate
2019-10-22 00:13:07,919 [Thread-1368] INFO  impl.RoleInfo (RoleInfo.java:updateAndGet(143)) - 2fdb3e93-e0d8-400e-8c33-91e2341b50c6: start LeaderElection
2019-10-22 00:13:07,934 [2fdb3e93-e0d8-400e-8c33-91e2341b50c6@group-F01152B53F91-LeaderElection132] INFO  impl.LeaderElection (LeaderElection.java:askForVotes(178)) - 2fdb3e93-e0d8-400e-8c33-91e2341b50c6@group-F01152B53F91-LeaderElection132: begin an election at term 128 for -1: [2fdb3e93-e0d8-400e-8c33-91e2341b50c6:192.168.157.254:43254, 062c71de-08d9-40ee-9309-15590e2e8e68:192.168.157.254:45598, 2a52019e-5647-44e1-bf30-9a43fd8a7377:192.168.157.254:36038], old=null
2019-10-22 00:13:07,936 [grpc-default-executor-6] INFO  impl.RaftServerImpl (RaftServerImpl.java:setRole(184)) - 2a52019e-5647-44e1-bf30-9a43fd8a7377@group-F01152B53F91: changes role from  FOLLOWER to FOLLOWER at term 128 for recognizeCandidate:2fdb3e93-e0d8-400e-8c33-91e2341b50c6
2019-10-22 00:13:07,936 [grpc-default-executor-6] INFO  impl.RoleInfo (RoleInfo.java:shutdownFollowerState(121)) - 2a52019e-5647-44e1-bf30-9a43fd8a7377: shutdown FollowerState
2019-10-22 00:13:07,936 [grpc-default-executor-3] INFO  impl.RaftServerImpl (RaftServerImpl.java:setRole(184)) - 062c71de-08d9-40ee-9309-15590e2e8e68@group-F01152B53F91: changes role from  FOLLOWER to FOLLOWER at term 128 for recognizeCandidate:2fdb3e93-e0d8-400e-8c33-91e2341b50c6
2019-10-22 00:13:07,936 [Thread-1365] INFO  impl.FollowerState (FollowerState.java:run(117)) - 2a52019e-5647-44e1-bf30-9a43fd8a7377@group-F01152B53F91-FollowerState was interrupted: java.lang.InterruptedException: sleep interrupted
2019-10-22 00:13:07,936 [grpc-default-executor-6] INFO  impl.RoleInfo (RoleInfo.java:updateAndGet(143)) - 2a52019e-5647-44e1-bf30-9a43fd8a7377: start FollowerState
2019-10-22 00:13:07,936 [grpc-default-executor-3] INFO  impl.RoleInfo (RoleInfo.java:shutdownFollowerState(121)) - 062c71de-08d9-40ee-9309-15590e2e8e68: shutdown FollowerState
2019-10-22 00:13:07,937 [grpc-default-executor-3] INFO  impl.RoleInfo (RoleInfo.java:updateAndGet(143)) - 062c71de-08d9-40ee-9309-15590e2e8e68: start FollowerState
2019-10-22 00:13:07,937 [Thread-1364] INFO  impl.FollowerState (FollowerState.java:run(117)) - 062c71de-08d9-40ee-9309-15590e2e8e68@group-F01152B53F91-FollowerState was interrupted: java.lang.InterruptedException: sleep interrupted
2019-10-22 00:13:07,952 [2fdb3e93-e0d8-400e-8c33-91e2341b50c6@group-F01152B53F91-LeaderElection132] INFO  impl.LeaderElection (LeaderElection.java:logAndReturn(56)) - 2fdb3e93-e0d8-400e-8c33-91e2341b50c6@group-F01152B53F91-LeaderElection132: Election REJECTED; received 2 response(s) [2fdb3e93-e0d8-400e-8c33-91e2341b50c6<-062c71de-08d9-40ee-9309-15590e2e8e68#0:FAIL-t128, 2fdb3e93-e0d8-400e-8c33-91e2341b50c6<-2a52019e-5647-44e1-bf30-9a43fd8a7377#0:FAIL-t128] and 0 exception(s); 2fdb3e93-e0d8-400e-8c33-91e2341b50c6@group-F01152B53F91:t128, leader=null, voted=2fdb3e93-e0d8-400e-8c33-91e2341b50c6, raftlog=2fdb3e93-e0d8-400e-8c33-91e2341b50c6@group-F01152B53F91-SegmentedRaftLog:OPENED:c-1,f-1,i0, conf=-1: [2fdb3e93-e0d8-400e-8c33-91e2341b50c6:192.168.157.254:43254, 062c71de-08d9-40ee-9309-15590e2e8e68:192.168.157.254:45598, 2a52019e-5647-44e1-bf30-9a43fd8a7377:192.168.157.254:36038], old=null
2019-10-22 00:13:07,952 [2fdb3e93-e0d8-400e-8c33-91e2341b50c6@group-F01152B53F91-LeaderElection132] INFO  impl.RaftServerImpl (RaftServerImpl.java:setRole(184)) - 2fdb3e93-e0d8-400e-8c33-91e2341b50c6@group-F01152B53F91: changes role from CANDIDATE to FOLLOWER at term 128 for DISCOVERED_A_NEW_TERM
2019-10-22 00:13:07,952 [2fdb3e93-e0d8-400e-8c33-91e2341b50c6@group-F01152B53F91-LeaderElection132] INFO  impl.RoleInfo (RoleInfo.java:shutdownLeaderElection(134)) - 2fdb3e93-e0d8-400e-8c33-91e2341b50c6: shutdown LeaderElection
2019-10-22 00:13:07,952 [2fdb3e93-e0d8-400e-8c33-91e2341b50c6@group-F01152B53F91-LeaderElection132] INFO  impl.RoleInfo (RoleInfo.java:updateAndGet(143)) - 2fdb3e93-e0d8-400e-8c33-91e2341b50c6: start FollowerState
2019-10-22 00:13:08,037 [Thread-1374] INFO  impl.FollowerState (FollowerState.java:run(108)) - 2fdb3e93-e0d8-400e-8c33-91e2341b50c6@group-F01152B53F91-FollowerState: change to CANDIDATE, lastRpcTime:84ms, electionTimeout:84ms
2019-10-22 00:13:08,037 [Thread-1374] INFO  impl.RoleInfo (RoleInfo.java:shutdownFollowerState(121)) - 2fdb3e93-e0d8-400e-8c33-91e2341b50c6: shutdown FollowerState
2019-10-22 00:13:08,037 [Thread-1374] INFO  impl.RaftServerImpl (RaftServerImpl.java:setRole(184)) - 2fdb3e93-e0d8-400e-8c33-91e2341b50c6@group-F01152B53F91: changes role from  FOLLOWER to CANDIDATE at term 128 for changeToCandidate
2019-10-22 00:13:08,037 [Thread-1374] INFO  impl.RoleInfo (RoleInfo.java:updateAndGet(143)) - 2fdb3e93-e0d8-400e-8c33-91e2341b50c6: start LeaderElection
2019-10-22 00:13:08,051 [2fdb3e93-e0d8-400e-8c33-91e2341b50c6@group-F01152B53F91-LeaderElection133] INFO  impl.LeaderElection (LeaderElection.java:askForVotes(178)) - 2fdb3e93-e0d8-400e-8c33-91e2341b50c6@group-F01152B53F91-LeaderElection133: begin an election at term 129 for -1: [2fdb3e93-e0d8-400e-8c33-91e2341b50c6:192.168.157.254:43254, 062c71de-08d9-40ee-9309-15590e2e8e68:192.168.157.254:45598, 2a52019e-5647-44e1-bf30-9a43fd8a7377:192.168.157.254:36038], old=null
2019-10-22 00:13:08,053 [grpc-default-executor-6] INFO  impl.RaftServerImpl (RaftServerImpl.java:setRole(184)) - 062c71de-08d9-40ee-9309-15590e2e8e68@group-F01152B53F91: changes role from  FOLLOWER to FOLLOWER at term 129 for recognizeCandidate:2fdb3e93-e0d8-400e-8c33-91e2341b50c6
2019-10-22 00:13:08,053 [grpc-default-executor-6] INFO  impl.RoleInfo (RoleInfo.java:shutdownFollowerState(121)) - 062c71de-08d9-40ee-9309-15590e2e8e68: shutdown FollowerState
2019-10-22 00:13:08,053 [grpc-default-executor-6] INFO  impl.RoleInfo (RoleInfo.java:updateAndGet(143)) - 062c71de-08d9-40ee-9309-15590e2e8e68: start FollowerState
2019-10-22 00:13:08,053 [Thread-1373] INFO  impl.FollowerState (FollowerState.java:run(117)) - 062c71de-08d9-40ee-9309-15590e2e8e68@group-F01152B53F91-FollowerState was interrupted: java.lang.InterruptedException: sleep interrupted
2019-10-22 00:13:08,053 [grpc-default-executor-3] INFO  impl.RaftServerImpl (RaftServerImpl.java:setRole(184)) - 2a52019e-5647-44e1-bf30-9a43fd8a7377@group-F01152B53F91: changes role from  FOLLOWER to FOLLOWER at term 129 for recognizeCandidate:2fdb3e93-e0d8-400e-8c33-91e2341b50c6
2019-10-22 00:13:08,053 [grpc-default-executor-3] INFO  impl.RoleInfo (RoleInfo.java:shutdownFollowerState(121)) - 2a52019e-5647-44e1-bf30-9a43fd8a7377: shutdown FollowerState
2019-10-22 00:13:08,054 [grpc-default-executor-3] INFO  impl.RoleInfo (RoleInfo.java:updateAndGet(143)) - 2a52019e-5647-44e1-bf30-9a43fd8a7377: start FollowerState
2019-10-22 00:13:08,054 [Thread-1372] INFO  impl.FollowerState (FollowerState.java:run(117)) - 2a52019e-5647-44e1-bf30-9a43fd8a7377@group-F01152B53F91-FollowerState was interrupted: java.lang.InterruptedException: sleep interrupted
2019-10-22 00:13:08,072 [2fdb3e93-e0d8-400e-8c33-91e2341b50c6@group-F01152B53F91-LeaderElection133] INFO  impl.LeaderElection (LeaderElection.java:logAndReturn(56)) - 2fdb3e93-e0d8-400e-8c33-91e2341b50c6@group-F01152B53F91-LeaderElection133: Election REJECTED; received 2 response(s) [2fdb3e93-e0d8-400e-8c33-91e2341b50c6<-062c71de-08d9-40ee-9309-15590e2e8e68#0:FAIL-t129, 2fdb3e93-e0d8-400e-8c33-91e2341b50c6<-2a52019e-5647-44e1-bf30-9a43fd8a7377#0:FAIL-t129] and 0 exception(s); 2fdb3e93-e0d8-400e-8c33-91e2341b50c6@group-F01152B53F91:t129, leader=null, voted=2fdb3e93-e0d8-400e-8c33-91e2341b50c6, raftlog=2fdb3e93-e0d8-400e-8c33-91e2341b50c6@group-F01152B53F91-SegmentedRaftLog:OPENED:c-1,f-1,i0, conf=-1: [2fdb3e93-e0d8-400e-8c33-91e2341b50c6:192.168.157.254:43254, 062c71de-08d9-40ee-9309-15590e2e8e68:192.168.157.254:45598, 2a52019e-5647-44e1-bf30-9a43fd8a7377:192.168.157.254:36038], old=null
2019-10-22 00:13:08,072 [2fdb3e93-e0d8-400e-8c33-91e2341b50c6@group-F01152B53F91-LeaderElection133] INFO  impl.RaftServerImpl (RaftServerImpl.java:setRole(184)) - 2fdb3e93-e0d8-400e-8c33-91e2341b50c6@group-F01152B53F91: changes role from CANDIDATE to FOLLOWER at term 129 for DISCOVERED_A_NEW_TERM
2019-10-22 00:13:08,072 [2fdb3e93-e0d8-400e-8c33-91e2341b50c6@group-F01152B53F91-LeaderElection133] INFO  impl.RoleInfo (RoleInfo.java:shutdownLeaderElection(134)) - 2fdb3e93-e0d8-400e-8c33-91e2341b50c6: shutdown LeaderElection
2019-10-22 00:13:08,072 [2fdb3e93-e0d8-400e-8c33-91e2341b50c6@group-F01152B53F91-LeaderElection133] INFO  impl.RoleInfo (RoleInfo.java:updateAndGet(143)) - 2fdb3e93-e0d8-400e-8c33-91e2341b50c6: start FollowerState
2019-10-22 00:13:08,252 [Thread-1380] INFO  impl.FollowerState (FollowerState.java:run(108)) - 2fdb3e93-e0d8-400e-8c33-91e2341b50c6@group-F01152B53F91-FollowerState: change to CANDIDATE, lastRpcTime:179ms, electionTimeout:179ms
2019-10-22 00:13:08,252 [Thread-1380] INFO  impl.RoleInfo (RoleInfo.java:shutdownFollowerState(121)) - 2fdb3e93-e0d8-400e-8c33-91e2341b50c6: shutdown FollowerState
2019-10-22 00:13:08,252 [Thread-1380] INFO  impl.RaftServerImpl (RaftServerImpl.java:setRole(184)) - 2fdb3e93-e0d8-400e-8c33-91e2341b50c6@group-F01152B53F91: changes role from  FOLLOWER to CANDIDATE at term 129 for changeToCandidate
2019-10-22 00:13:08,253 [Thread-1380] INFO  impl.RoleInfo (RoleInfo.java:updateAndGet(143)) - 2fdb3e93-e0d8-400e-8c33-91e2341b50c6: start LeaderElection
2019-10-22 00:13:08,267 [2fdb3e93-e0d8-400e-8c33-91e2341b50c6@group-F01152B53F91-LeaderElection134] INFO  impl.LeaderElection (LeaderElection.java:askForVotes(178)) - 2fdb3e93-e0d8-400e-8c33-91e2341b50c6@group-F01152B53F91-LeaderElection134: begin an election at term 130 for -1: [2fdb3e93-e0d8-400e-8c33-91e2341b50c6:192.168.157.254:43254, 062c71de-08d9-40ee-9309-15590e2e8e68:192.168.157.254:45598, 2a52019e-5647-44e1-bf30-9a43fd8a7377:192.168.157.254:36038], old=null
2019-10-22 00:13:08,273 [grpc-default-executor-3] INFO  impl.RaftServerImpl (RaftServerImpl.java:setRole(184)) - 062c71de-08d9-40ee-9309-15590e2e8e68@group-F01152B53F91: changes role from  FOLLOWER to FOLLOWER at term 130 for recognizeCandidate:2fdb3e93-e0d8-400e-8c33-91e2341b50c6
2019-10-22 00:13:08,273 [grpc-default-executor-6] INFO  impl.RaftServerImpl (RaftServerImpl.java:setRole(184)) - 2a52019e-5647-44e1-bf30-9a43fd8a7377@group-F01152B53F91: changes role from  FOLLOWER to FOLLOWER at term 130 for recognizeCandidate:2fdb3e93-e0d8-400e-8c33-91e2341b50c6
2019-10-22 00:13:08,273 [grpc-default-executor-3] INFO  impl.RoleInfo (RoleInfo.java:shutdownFollowerState(121)) - 062c71de-08d9-40ee-9309-15590e2e8e68: shutdown FollowerState
2019-10-22 00:13:08,273 [grpc-default-executor-6] INFO  impl.RoleInfo (RoleInfo.java:shutdownFollowerState(121)) - 2a52019e-5647-44e1-bf30-9a43fd8a7377: shutdown FollowerState
2019-10-22 00:13:08,273 [grpc-default-executor-3] INFO  impl.RoleInfo (RoleInfo.java:updateAndGet(143)) - 062c71de-08d9-40ee-9309-15590e2e8e68: start FollowerState
2019-10-22 00:13:08,273 [Thread-1379] INFO  impl.FollowerState (FollowerState.java:run(117)) - 2a52019e-5647-44e1-bf30-9a43fd8a7377@group-F01152B53F91-FollowerState was interrupted: java.lang.InterruptedException: sleep interrupted
2019-10-22 00:13:08,273 [Thread-1378] INFO  impl.FollowerState (FollowerState.java:run(117)) - 062c71de-08d9-40ee-9309-15590e2e8e68@group-F01152B53F91-FollowerState was interrupted: java.lang.InterruptedException: sleep interrupted
2019-10-22 00:13:08,273 [grpc-default-executor-6] INFO  impl.RoleInfo (RoleInfo.java:updateAndGet(143)) - 2a52019e-5647-44e1-bf30-9a43fd8a7377: start FollowerState
2019-10-22 00:13:08,301 [2fdb3e93-e0d8-400e-8c33-91e2341b50c6@group-F01152B53F91-LeaderElection134] INFO  impl.LeaderElection (LeaderElection.java:logAndReturn(56)) - 2fdb3e93-e0d8-400e-8c33-91e2341b50c6@group-F01152B53F91-LeaderElection134: Election REJECTED; received 2 response(s) [2fdb3e93-e0d8-400e-8c33-91e2341b50c6<-062c71de-08d9-40ee-9309-15590e2e8e68#0:FAIL-t130, 2fdb3e93-e0d8-400e-8c33-91e2341b50c6<-2a52019e-5647-44e1-bf30-9a43fd8a7377#0:FAIL-t130] and 0 exception(s); 2fdb3e93-e0d8-400e-8c33-91e2341b50c6@group-F01152B53F91:t130, leader=null, voted=2fdb3e93-e0d8-400e-8c33-91e2341b50c6, raftlog=2fdb3e93-e0d8-400e-8c33-91e2341b50c6@group-F01152B53F91-SegmentedRaftLog:OPENED:c-1,f-1,i0, conf=-1: [2fdb3e93-e0d8-400e-8c33-91e2341b50c6:192.168.157.254:43254, 062c71de-08d9-40ee-9309-15590e2e8e68:192.168.157.254:45598, 2a52019e-5647-44e1-bf30-9a43fd8a7377:192.168.157.254:36038], old=null
2019-10-22 00:13:08,301 [2fdb3e93-e0d8-400e-8c33-91e2341b50c6@group-F01152B53F91-LeaderElection134] INFO  impl.RaftServerImpl (RaftServerImpl.java:setRole(184)) - 2fdb3e93-e0d8-400e-8c33-91e2341b50c6@group-F01152B53F91: changes role from CANDIDATE to FOLLOWER at term 130 for DISCOVERED_A_NEW_TERM
2019-10-22 00:13:08,301 [2fdb3e93-e0d8-400e-8c33-91e2341b50c6@group-F01152B53F91-LeaderElection134] INFO  impl.RoleInfo (RoleInfo.java:shutdownLeaderElection(134)) - 2fdb3e93-e0d8-400e-8c33-91e2341b50c6: shutdown LeaderElection
2019-10-22 00:13:08,301 [2fdb3e93-e0d8-400e-8c33-91e2341b50c6@group-F01152B53F91-LeaderElection134] INFO  impl.RoleInfo (RoleInfo.java:updateAndGet(143)) - 2fdb3e93-e0d8-400e-8c33-91e2341b50c6: start FollowerState
2019-10-22 00:13:08,329 [Thread-1389] INFO  impl.FollowerState (FollowerState.java:run(108)) - 2fdb3e93-e0d8-400e-8c33-91e2341b50c6@group-F01152B53F91-FollowerState: change to CANDIDATE, lastRpcTime:28ms, electionTimeout:28ms
2019-10-22 00:13:08,329 [Thread-1389] INFO  impl.RoleInfo (RoleInfo.java:shutdownFollowerState(121)) - 2fdb3e93-e0d8-400e-8c33-91e2341b50c6: shutdown FollowerState
2019-10-22 00:13:08,329 [Thread-1389] INFO  impl.RaftServerImpl (RaftServerImpl.java:setRole(184)) - 2fdb3e93-e0d8-400e-8c33-91e2341b50c6@group-F01152B53F91: changes role from  FOLLOWER to CANDIDATE at term 130 for changeToCandidate
2019-10-22 00:13:08,330 [Thread-1389] INFO  impl.RoleInfo (RoleInfo.java:updateAndGet(143)) - 2fdb3e93-e0d8-400e-8c33-91e2341b50c6: start LeaderElection
2019-10-22 00:13:08,404 [2fdb3e93-e0d8-400e-8c33-91e2341b50c6@group-F01152B53F91-LeaderElection135] INFO  impl.LeaderElection (LeaderElection.java:askForVotes(178)) - 2fdb3e93-e0d8-400e-8c33-91e2341b50c6@group-F01152B53F91-LeaderElection135: begin an election at term 131 for -1: [2fdb3e93-e0d8-400e-8c33-91e2341b50c6:192.168.157.254:43254, 062c71de-08d9-40ee-9309-15590e2e8e68:192.168.157.254:45598, 2a52019e-5647-44e1-bf30-9a43fd8a7377:192.168.157.254:36038], old=null
2019-10-22 00:13:08,589 [2fdb3e93-e0d8-400e-8c33-91e2341b50c6@group-F01152B53F91-LeaderElection135] INFO  impl.LeaderElection (LeaderElection.java:logAndReturn(56)) - 2fdb3e93-e0d8-400e-8c33-91e2341b50c6@group-F01152B53F91-LeaderElection135: Election TIMEOUT; received 0 response(s) [] and 0 exception(s); 2fdb3e93-e0d8-400e-8c33-91e2341b50c6@group-F01152B53F91:t131, leader=null, voted=2fdb3e93-e0d8-400e-8c33-91e2341b50c6, raftlog=2fdb3e93-e0d8-400e-8c33-91e2341b50c6@group-F01152B53F91-SegmentedRaftLog:OPENED:c-1,f-1,i0, conf=-1: [2fdb3e93-e0d8-400e-8c33-91e2341b50c6:192.168.157.254:43254, 062c71de-08d9-40ee-9309-15590e2e8e68:192.168.157.254:45598, 2a52019e-5647-44e1-bf30-9a43fd8a7377:192.168.157.254:36038], old=null
2019-10-22 00:13:08,589 [grpc-default-executor-3] INFO  impl.RaftServerImpl (RaftServerImpl.java:setRole(184)) - 062c71de-08d9-40ee-9309-15590e2e8e68@group-F01152B53F91: changes role from  FOLLOWER to FOLLOWER at term 131 for recognizeCandidate:2fdb3e93-e0d8-400e-8c33-91e2341b50c6
2019-10-22 00:13:08,589 [grpc-default-executor-3] INFO  impl.RoleInfo (RoleInfo.java:shutdownFollowerState(121)) - 062c71de-08d9-40ee-9309-15590e2e8e68: shutdown FollowerState
2019-10-22 00:13:08,589 [grpc-default-executor-3] INFO  impl.RoleInfo (RoleInfo.java:updateAndGet(143)) - 062c71de-08d9-40ee-9309-15590e2e8e68: start FollowerState
2019-10-22 00:13:08,589 [Thread-1386] INFO  impl.FollowerState (FollowerState.java:run(117)) - 062c71de-08d9-40ee-9309-15590e2e8e68@group-F01152B53F91-FollowerState was interrupted: java.lang.InterruptedException: sleep interrupted
2019-10-22 00:13:08,590 [grpc-default-executor-6] INFO  impl.RaftServerImpl (RaftServerImpl.java:setRole(184)) - 2a52019e-5647-44e1-bf30-9a43fd8a7377@group-F01152B53F91: changes role from  FOLLOWER to FOLLOWER at term 131 for recognizeCandidate:2fdb3e93-e0d8-400e-8c33-91e2341b50c6
2019-10-22 00:13:08,591 [grpc-default-executor-6] INFO  impl.RoleInfo (RoleInfo.java:shutdownFollowerState(121)) - 2a52019e-5647-44e1-bf30-9a43fd8a7377: shutdown FollowerState
2019-10-22 00:13:08,591 [grpc-default-executor-6] INFO  impl.RoleInfo (RoleInfo.java:updateAndGet(143)) - 2a52019e-5647-44e1-bf30-9a43fd8a7377: start FollowerState
2019-10-22 00:13:08,591 [Thread-1387] INFO  impl.FollowerState (FollowerState.java:run(117)) - 2a52019e-5647-44e1-bf30-9a43fd8a7377@group-F01152B53F91-FollowerState was interrupted: java.lang.InterruptedException: sleep interrupted
2019-10-22 00:13:08,595 [ForkJoinPool.commonPool-worker-0] INFO  ozoneimpl.OzoneContainer (OzoneContainer.java:stop(227)) - Attempting to stop container services.
2019-10-22 00:13:08,595 [main] INFO  ozoneimpl.OzoneContainer (OzoneContainer.java:stop(227)) - Attempting to stop container services.
2019-10-22 00:13:08,598 [main] INFO  impl.RaftServerProxy (RaftServerProxy.java:lambda$close$4(314)) - 5732e052-e19f-40fe-a104-972211db20fb: close
2019-10-22 00:13:08,598 [ForkJoinPool.commonPool-worker-0] INFO  impl.RaftServerProxy (RaftServerProxy.java:lambda$close$4(314)) - d521f5b1-4e7b-4169-9688-2112c7da7b1f: close
2019-10-22 00:13:08,602 [main] INFO  impl.RaftServerImpl (RaftServerImpl.java:lambda$shutdown$3(261)) - 5732e052-e19f-40fe-a104-972211db20fb@group-003250470054: shutdown
2019-10-22 00:13:08,602 [ForkJoinPool.commonPool-worker-0] INFO  impl.RaftServerImpl (RaftServerImpl.java:lambda$shutdown$3(261)) - d521f5b1-4e7b-4169-9688-2112c7da7b1f@group-C33983CA40B5: shutdown
2019-10-22 00:13:08,602 [main] INFO  util.JmxRegister (JmxRegister.java:unregister(73)) - Successfully un-registered JMX Bean with object name Ratis:service=RaftServer,group=group-003250470054,id=5732e052-e19f-40fe-a104-972211db20fb
2019-10-22 00:13:08,602 [ForkJoinPool.commonPool-worker-0] INFO  util.JmxRegister (JmxRegister.java:unregister(73)) - Successfully un-registered JMX Bean with object name Ratis:service=RaftServer,group=group-C33983CA40B5,id=d521f5b1-4e7b-4169-9688-2112c7da7b1f
2019-10-22 00:13:08,603 [main] INFO  impl.RoleInfo (RoleInfo.java:shutdownLeaderState(104)) - 5732e052-e19f-40fe-a104-972211db20fb: shutdown LeaderState
2019-10-22 00:13:08,603 [ForkJoinPool.commonPool-worker-0] INFO  impl.RoleInfo (RoleInfo.java:shutdownLeaderState(104)) - d521f5b1-4e7b-4169-9688-2112c7da7b1f: shutdown LeaderState
2019-10-22 00:13:08,603 [main] INFO  impl.PendingRequests (PendingRequests.java:sendNotLeaderResponses(202)) - 5732e052-e19f-40fe-a104-972211db20fb@group-003250470054-PendingRequests: sendNotLeaderResponses
2019-10-22 00:13:08,604 [ForkJoinPool.commonPool-worker-0] INFO  impl.PendingRequests (PendingRequests.java:sendNotLeaderResponses(202)) - d521f5b1-4e7b-4169-9688-2112c7da7b1f@group-C33983CA40B5-PendingRequests: sendNotLeaderResponses
2019-10-22 00:13:08,604 [main] INFO  impl.StateMachineUpdater (StateMachineUpdater.java:stopAndJoin(136)) - 5732e052-e19f-40fe-a104-972211db20fb@group-003250470054-StateMachineUpdater: set stopIndex = 0
2019-10-22 00:13:08,605 [ForkJoinPool.commonPool-worker-0] INFO  impl.StateMachineUpdater (StateMachineUpdater.java:stopAndJoin(136)) - d521f5b1-4e7b-4169-9688-2112c7da7b1f@group-C33983CA40B5-StateMachineUpdater: set stopIndex = 0
2019-10-22 00:13:08,608 [2fdb3e93-e0d8-400e-8c33-91e2341b50c6@group-F01152B53F91-LeaderElection135] INFO  impl.LeaderElection (LeaderElection.java:askForVotes(178)) - 2fdb3e93-e0d8-400e-8c33-91e2341b50c6@group-F01152B53F91-LeaderElection135: begin an election at term 132 for -1: [2fdb3e93-e0d8-400e-8c33-91e2341b50c6:192.168.157.254:43254, 062c71de-08d9-40ee-9309-15590e2e8e68:192.168.157.254:45598, 2a52019e-5647-44e1-bf30-9a43fd8a7377:192.168.157.254:36038], old=null
2019-10-22 00:13:08,608 [main] INFO  impl.RaftServerImpl (ServerState.java:close(388)) - 5732e052-e19f-40fe-a104-972211db20fb@group-003250470054: closes. applyIndex: 0
2019-10-22 00:13:08,608 [ForkJoinPool.commonPool-worker-0] INFO  impl.RaftServerImpl (ServerState.java:close(388)) - d521f5b1-4e7b-4169-9688-2112c7da7b1f@group-C33983CA40B5: closes. applyIndex: 0
2019-10-22 00:13:08,610 [grpc-default-executor-3] INFO  impl.RaftServerImpl (RaftServerImpl.java:setRole(184)) - 062c71de-08d9-40ee-9309-15590e2e8e68@group-F01152B53F91: changes role from  FOLLOWER to FOLLOWER at term 132 for recognizeCandidate:2fdb3e93-e0d8-400e-8c33-91e2341b50c6
2019-10-22 00:13:08,610 [grpc-default-executor-3] INFO  impl.RoleInfo (RoleInfo.java:shutdownFollowerState(121)) - 062c71de-08d9-40ee-9309-15590e2e8e68: shutdown FollowerState
2019-10-22 00:13:08,610 [grpc-default-executor-3] INFO  impl.RoleInfo (RoleInfo.java:updateAndGet(143)) - 062c71de-08d9-40ee-9309-15590e2e8e68: start FollowerState
2019-10-22 00:13:08,610 [grpc-default-executor-6] INFO  impl.RaftServerImpl (RaftServerImpl.java:setRole(184)) - 2a52019e-5647-44e1-bf30-9a43fd8a7377@group-F01152B53F91: changes role from  FOLLOWER to FOLLOWER at term 132 for recognizeCandidate:2fdb3e93-e0d8-400e-8c33-91e2341b50c6
2019-10-22 00:13:08,610 [Thread-1394] INFO  impl.FollowerState (FollowerState.java:run(117)) - 062c71de-08d9-40ee-9309-15590e2e8e68@group-F01152B53F91-FollowerState was interrupted: java.lang.InterruptedException: sleep interrupted
2019-10-22 00:13:08,610 [grpc-default-executor-6] INFO  impl.RoleInfo (RoleInfo.java:shutdownFollowerState(121)) - 2a52019e-5647-44e1-bf30-9a43fd8a7377: shutdown FollowerState
2019-10-22 00:13:08,610 [d521f5b1-4e7b-4169-9688-2112c7da7b1f@group-C33983CA40B5-SegmentedRaftLogWorker] INFO  segmented.SegmentedRaftLogWorker (SegmentedRaftLogWorker.java:run(316)) - d521f5b1-4e7b-4169-9688-2112c7da7b1f@group-C33983CA40B5-SegmentedRaftLogWorker was interrupted, exiting. There are 0 tasks remaining in the queue.
2019-10-22 00:13:08,611 [Thread-1395] INFO  impl.FollowerState (FollowerState.java:run(117)) - 2a52019e-5647-44e1-bf30-9a43fd8a7377@group-F01152B53F91-FollowerState was interrupted: java.lang.InterruptedException: sleep interrupted
2019-10-22 00:13:08,611 [grpc-default-executor-6] INFO  impl.RoleInfo (RoleInfo.java:updateAndGet(143)) - 2a52019e-5647-44e1-bf30-9a43fd8a7377: start FollowerState
2019-10-22 00:13:08,613 [ForkJoinPool.commonPool-worker-0] INFO  segmented.SegmentedRaftLogWorker (SegmentedRaftLogWorker.java:close(224)) - d521f5b1-4e7b-4169-9688-2112c7da7b1f@group-C33983CA40B5-SegmentedRaftLogWorker close()
2019-10-22 00:13:08,610 [5732e052-e19f-40fe-a104-972211db20fb@group-003250470054-SegmentedRaftLogWorker] INFO  segmented.SegmentedRaftLogWorker (SegmentedRaftLogWorker.java:run(316)) - 5732e052-e19f-40fe-a104-972211db20fb@group-003250470054-SegmentedRaftLogWorker was interrupted, exiting. There are 0 tasks remaining in the queue.
2019-10-22 00:13:08,616 [ForkJoinPool.commonPool-worker-0] INFO  impl.RaftServerImpl (RaftServerImpl.java:lambda$shutdown$3(261)) - d521f5b1-4e7b-4169-9688-2112c7da7b1f@group-597AF0FA787F: shutdown
2019-10-22 00:13:08,617 [main] INFO  segmented.SegmentedRaftLogWorker (SegmentedRaftLogWorker.java:close(224)) - 5732e052-e19f-40fe-a104-972211db20fb@group-003250470054-SegmentedRaftLogWorker close()
2019-10-22 00:13:08,617 [ForkJoinPool.commonPool-worker-0] INFO  util.JmxRegister (JmxRegister.java:unregister(73)) - Successfully un-registered JMX Bean with object name Ratis:service=RaftServer,group=group-597AF0FA787F,id=d521f5b1-4e7b-4169-9688-2112c7da7b1f
2019-10-22 00:13:08,620 [main] INFO  impl.RaftServerImpl (RaftServerImpl.java:lambda$shutdown$3(261)) - 5732e052-e19f-40fe-a104-972211db20fb@group-0045C62F497D: shutdown
2019-10-22 00:13:08,620 [ForkJoinPool.commonPool-worker-0] INFO  impl.RoleInfo (RoleInfo.java:shutdownLeaderState(104)) - d521f5b1-4e7b-4169-9688-2112c7da7b1f: shutdown LeaderState
2019-10-22 00:13:08,620 [main] INFO  util.JmxRegister (JmxRegister.java:unregister(73)) - Successfully un-registered JMX Bean with object name Ratis:service=RaftServer,group=group-0045C62F497D,id=5732e052-e19f-40fe-a104-972211db20fb
2019-10-22 00:13:08,623 [org.apache.ratis.server.impl.LogAppender$AppenderDaemon$$Lambda$421/642668633@79e33e36] WARN  server.GrpcLogAppender (GrpcLogAppender.java:mayWait(149)) - d521f5b1-4e7b-4169-9688-2112c7da7b1f@group-597AF0FA787F->9d453efa-53cb-467a-9eb6-1ab0458610f0-GrpcLogAppender: Wait interrupted by java.lang.InterruptedException
2019-10-22 00:13:08,623 [org.apache.ratis.server.impl.LogAppender$AppenderDaemon$$Lambda$421/642668633@485043f5] WARN  server.GrpcLogAppender (GrpcLogAppender.java:mayWait(149)) - d521f5b1-4e7b-4169-9688-2112c7da7b1f@group-597AF0FA787F->f318eb4e-a4da-4d18-984a-fa4eff1dbce1-GrpcLogAppender: Wait interrupted by java.lang.InterruptedException
2019-10-22 00:13:08,623 [ForkJoinPool.commonPool-worker-0] INFO  impl.PendingRequests (PendingRequests.java:sendNotLeaderResponses(202)) - d521f5b1-4e7b-4169-9688-2112c7da7b1f@group-597AF0FA787F-PendingRequests: sendNotLeaderResponses
2019-10-22 00:13:08,623 [main] INFO  impl.RoleInfo (RoleInfo.java:shutdownFollowerState(121)) - 5732e052-e19f-40fe-a104-972211db20fb: shutdown FollowerState
2019-10-22 00:13:08,624 [grpc-default-executor-4] INFO  server.GrpcServerProtocolService (GrpcServerProtocolService.java:onCompleted(113)) - 9d453efa-53cb-467a-9eb6-1ab0458610f0: Completed APPEND_ENTRIES, lastRequest: d521f5b1-4e7b-4169-9688-2112c7da7b1f->9d453efa-53cb-467a-9eb6-1ab0458610f0#49-t5, previous=(t:5, i:19), leaderCommit=19, initializing? false, entries: <empty>
2019-10-22 00:13:08,624 [grpc-default-executor-5] INFO  server.GrpcServerProtocolService (GrpcServerProtocolService.java:onCompleted(113)) - f318eb4e-a4da-4d18-984a-fa4eff1dbce1: Completed APPEND_ENTRIES, lastRequest: d521f5b1-4e7b-4169-9688-2112c7da7b1f->f318eb4e-a4da-4d18-984a-fa4eff1dbce1#49-t5, previous=(t:5, i:19), leaderCommit=19, initializing? false, entries: <empty>
2019-10-22 00:13:08,626 [ForkJoinPool.commonPool-worker-0] INFO  impl.StateMachineUpdater (StateMachineUpdater.java:stopAndJoin(136)) - d521f5b1-4e7b-4169-9688-2112c7da7b1f@group-597AF0FA787F-StateMachineUpdater: set stopIndex = 19
2019-10-22 00:13:08,626 [Thread-375] INFO  impl.FollowerState (FollowerState.java:run(117)) - 5732e052-e19f-40fe-a104-972211db20fb@group-0045C62F497D-FollowerState was interrupted: java.lang.InterruptedException: sleep interrupted
2019-10-22 00:13:08,626 [main] INFO  impl.StateMachineUpdater (StateMachineUpdater.java:stopAndJoin(136)) - 5732e052-e19f-40fe-a104-972211db20fb@group-0045C62F497D-StateMachineUpdater: set stopIndex = 0
2019-10-22 00:13:08,627 [main] INFO  impl.RaftServerImpl (ServerState.java:close(388)) - 5732e052-e19f-40fe-a104-972211db20fb@group-0045C62F497D: closes. applyIndex: 0
2019-10-22 00:13:08,626 [d521f5b1-4e7b-4169-9688-2112c7da7b1f@group-597AF0FA787F-StateMachineUpdater] INFO  ratis.ContainerStateMachine (ContainerStateMachine.java:takeSnapshot(294)) - group-597AF0FA787F: Taking a snapshot at:(t:5, i:19) file /workdir/hadoop-ozone/integration-test/target/test-dir/MiniOzoneClusterImpl-8b64dd99-cfc4-48e3-b5ea-61cd2ec80401/datanode-2/data/ratis/2f946d77-7a03-43ca-aa29-597af0fa787f/sm/snapshot.5_19
2019-10-22 00:13:08,628 [5732e052-e19f-40fe-a104-972211db20fb@group-0045C62F497D-SegmentedRaftLogWorker] INFO  segmented.SegmentedRaftLogWorker (SegmentedRaftLogWorker.java:run(316)) - 5732e052-e19f-40fe-a104-972211db20fb@group-0045C62F497D-SegmentedRaftLogWorker was interrupted, exiting. There are 0 tasks remaining in the queue.
2019-10-22 00:13:08,630 [main] INFO  segmented.SegmentedRaftLogWorker (SegmentedRaftLogWorker.java:close(224)) - 5732e052-e19f-40fe-a104-972211db20fb@group-0045C62F497D-SegmentedRaftLogWorker close()
2019-10-22 00:13:08,630 [2fdb3e93-e0d8-400e-8c33-91e2341b50c6@group-F01152B53F91-LeaderElection135] INFO  impl.LeaderElection (LeaderElection.java:logAndReturn(56)) - 2fdb3e93-e0d8-400e-8c33-91e2341b50c6@group-F01152B53F91-LeaderElection135: Election REJECTED; received 2 response(s) [2fdb3e93-e0d8-400e-8c33-91e2341b50c6<-062c71de-08d9-40ee-9309-15590e2e8e68#0:FAIL-t132, 2fdb3e93-e0d8-400e-8c33-91e2341b50c6<-2a52019e-5647-44e1-bf30-9a43fd8a7377#0:FAIL-t132] and 0 exception(s); 2fdb3e93-e0d8-400e-8c33-91e2341b50c6@group-F01152B53F91:t132, leader=null, voted=2fdb3e93-e0d8-400e-8c33-91e2341b50c6, raftlog=2fdb3e93-e0d8-400e-8c33-91e2341b50c6@group-F01152B53F91-SegmentedRaftLog:OPENED:c-1,f-1,i0, conf=-1: [2fdb3e93-e0d8-400e-8c33-91e2341b50c6:192.168.157.254:43254, 062c71de-08d9-40ee-9309-15590e2e8e68:192.168.157.254:45598, 2a52019e-5647-44e1-bf30-9a43fd8a7377:192.168.157.254:36038], old=null
2019-10-22 00:13:08,630 [grpc-default-executor-5] INFO  server.GrpcLogAppender (GrpcLogAppender.java:onCompleted(308)) - d521f5b1-4e7b-4169-9688-2112c7da7b1f@group-597AF0FA787F->9d453efa-53cb-467a-9eb6-1ab0458610f0-AppendLogResponseHandler: follower responses appendEntries COMPLETED
2019-10-22 00:13:08,633 [2fdb3e93-e0d8-400e-8c33-91e2341b50c6@group-F01152B53F91-LeaderElection135] INFO  impl.RaftServerImpl (RaftServerImpl.java:setRole(184)) - 2fdb3e93-e0d8-400e-8c33-91e2341b50c6@group-F01152B53F91: changes role from CANDIDATE to FOLLOWER at term 132 for DISCOVERED_A_NEW_TERM
2019-10-22 00:13:08,636 [2fdb3e93-e0d8-400e-8c33-91e2341b50c6@group-F01152B53F91-LeaderElection135] INFO  impl.RoleInfo (RoleInfo.java:shutdownLeaderElection(134)) - 2fdb3e93-e0d8-400e-8c33-91e2341b50c6: shutdown LeaderElection
2019-10-22 00:13:08,633 [grpc-default-executor-4] INFO  server.GrpcLogAppender (GrpcLogAppender.java:onCompleted(308)) - d521f5b1-4e7b-4169-9688-2112c7da7b1f@group-597AF0FA787F->f318eb4e-a4da-4d18-984a-fa4eff1dbce1-AppendLogResponseHandler: follower responses appendEntries COMPLETED
2019-10-22 00:13:08,636 [main] INFO  server.GrpcService (GrpcService.java:closeImpl(164)) - 5732e052-e19f-40fe-a104-972211db20fb: shutdown server with port 37262 now
2019-10-22 00:13:08,636 [2fdb3e93-e0d8-400e-8c33-91e2341b50c6@group-F01152B53F91-LeaderElection135] INFO  impl.RoleInfo (RoleInfo.java:updateAndGet(143)) - 2fdb3e93-e0d8-400e-8c33-91e2341b50c6: start FollowerState
2019-10-22 00:13:08,639 [grpc-default-executor-5] INFO  impl.FollowerInfo (FollowerInfo.java:lambda$new$0(51)) - d521f5b1-4e7b-4169-9688-2112c7da7b1f@group-597AF0FA787F->9d453efa-53cb-467a-9eb6-1ab0458610f0: nextIndex: updateUnconditionally 20 -> 19
2019-10-22 00:13:08,639 [grpc-default-executor-4] INFO  impl.FollowerInfo (FollowerInfo.java:lambda$new$0(51)) - d521f5b1-4e7b-4169-9688-2112c7da7b1f@group-597AF0FA787F->f318eb4e-a4da-4d18-984a-fa4eff1dbce1: nextIndex: updateUnconditionally 20 -> 19
2019-10-22 00:13:08,644 [grpc-default-executor-5] WARN  server.GrpcServerProtocolService (LogUtils.java:warn(134)) - 5732e052-e19f-40fe-a104-972211db20fb: installSnapshot onError, lastRequest: fad63ceb-ed14-4322-905d-6ef3599ac734->5732e052-e19f-40fe-a104-972211db20fb#33-t1, previous=(t:1, i:0), leaderCommit=0, initializing? false, entries: <empty>: org.apache.ratis.thirdparty.io.grpc.StatusRuntimeException: CANCELLED: cancelled before receiving half close
2019-10-22 00:13:08,644 [main] INFO  server.GrpcService (GrpcService.java:closeImpl(172)) - 5732e052-e19f-40fe-a104-972211db20fb: shutdown server with port 37262 successfully
2019-10-22 00:13:08,647 [grpc-default-executor-4] WARN  server.GrpcLogAppender (LogUtils.java:warn(134)) - fad63ceb-ed14-4322-905d-6ef3599ac734@group-0045C62F497D->5732e052-e19f-40fe-a104-972211db20fb-AppendLogResponseHandler: Failed appendEntries: org.apache.ratis.thirdparty.io.grpc.StatusRuntimeException: CANCELLED: HTTP/2 error code: CANCEL
Received Rst Stream
2019-10-22 00:13:08,659 [refreshUsed-/workdir/hadoop-ozone/integration-test/target/test-dir/MiniOzoneClusterImpl-8b64dd99-cfc4-48e3-b5ea-61cd2ec80401/datanode-5/data/containers] WARN  fs.CachingGetSpaceUsed (CachingGetSpaceUsed.java:run(183)) - Thread Interrupted waiting to refresh disk information: sleep interrupted
2019-10-22 00:13:08,672 [main] INFO  utils.BackgroundService (BackgroundService.java:shutdown(151)) - Shutting down service BlockDeletingService
2019-10-22 00:13:08,675 [d521f5b1-4e7b-4169-9688-2112c7da7b1f@group-597AF0FA787F-StateMachineUpdater] INFO  ratis.ContainerStateMachine (ContainerStateMachine.java:takeSnapshot(305)) - group-597AF0FA787F: Finished taking a snapshot at:(t:5, i:19) file:/workdir/hadoop-ozone/integration-test/target/test-dir/MiniOzoneClusterImpl-8b64dd99-cfc4-48e3-b5ea-61cd2ec80401/datanode-2/data/ratis/2f946d77-7a03-43ca-aa29-597af0fa787f/sm/snapshot.5_19 time:48
2019-10-22 00:13:08,676 [main] INFO  statemachine.DatanodeStateMachine (DatanodeStateMachine.java:stopDaemon(395)) - Ozone container server stopped.
2019-10-22 00:13:08,680 [main] INFO  handler.ContextHandler (ContextHandler.java:doStop(910)) - Stopped o.e.j.w.WebAppContext@56dfab87{/,null,UNAVAILABLE}{/hddsDatanode}
2019-10-22 00:13:08,680 [d521f5b1-4e7b-4169-9688-2112c7da7b1f@group-597AF0FA787F-StateMachineUpdater] INFO  impl.StateMachineUpdater (StateMachineUpdater.java:takeSnapshot(269)) - d521f5b1-4e7b-4169-9688-2112c7da7b1f@group-597AF0FA787F-StateMachineUpdater: Took a snapshot at index 19
2019-10-22 00:13:08,680 [d521f5b1-4e7b-4169-9688-2112c7da7b1f@group-597AF0FA787F-StateMachineUpdater] INFO  impl.StateMachineUpdater (StateMachineUpdater.java:lambda$new$0(84)) - d521f5b1-4e7b-4169-9688-2112c7da7b1f@group-597AF0FA787F-StateMachineUpdater: snapshotIndex: updateIncreasingly -1 -> 19
2019-10-22 00:13:08,681 [main] INFO  server.AbstractConnector (AbstractConnector.java:doStop(318)) - Stopped ServerConnector@715b886f{HTTP/1.1,[http/1.1]}{0.0.0.0:0}
2019-10-22 00:13:08,681 [main] INFO  handler.ContextHandler (ContextHandler.java:doStop(910)) - Stopped o.e.j.s.ServletContextHandler@72f9f27c{/static,jar:file:/home/user/.m2/repository/org/apache/hadoop/hadoop-hdds-container-service/0.5.0-SNAPSHOT/hadoop-hdds-container-service-0.5.0-SNAPSHOT.jar!/webapps/static,UNAVAILABLE}
2019-10-22 00:13:08,681 [main] INFO  handler.ContextHandler (ContextHandler.java:doStop(910)) - Stopped o.e.j.s.ServletContextHandler@43af351a{/logs,file:///workdir/hadoop-ozone/integration-test/target/log,UNAVAILABLE}
2019-10-22 00:13:08,684 [ForkJoinPool.commonPool-worker-0] INFO  impl.RaftServerImpl (ServerState.java:close(388)) - d521f5b1-4e7b-4169-9688-2112c7da7b1f@group-597AF0FA787F: closes. applyIndex: 19
2019-10-22 00:13:08,685 [d521f5b1-4e7b-4169-9688-2112c7da7b1f@group-597AF0FA787F-SegmentedRaftLogWorker] INFO  segmented.SegmentedRaftLogWorker (SegmentedRaftLogWorker.java:run(316)) - d521f5b1-4e7b-4169-9688-2112c7da7b1f@group-597AF0FA787F-SegmentedRaftLogWorker was interrupted, exiting. There are 0 tasks remaining in the queue.
2019-10-22 00:13:08,686 [ForkJoinPool.commonPool-worker-0] INFO  segmented.SegmentedRaftLogWorker (SegmentedRaftLogWorker.java:close(224)) - d521f5b1-4e7b-4169-9688-2112c7da7b1f@group-597AF0FA787F-SegmentedRaftLogWorker close()
2019-10-22 00:13:08,688 [ForkJoinPool.commonPool-worker-0] INFO  server.GrpcService (GrpcService.java:closeImpl(164)) - d521f5b1-4e7b-4169-9688-2112c7da7b1f: shutdown server with port 45094 now
2019-10-22 00:13:08,689 [ForkJoinPool.commonPool-worker-0] INFO  server.GrpcService (GrpcService.java:closeImpl(172)) - d521f5b1-4e7b-4169-9688-2112c7da7b1f: shutdown server with port 45094 successfully
2019-10-22 00:13:08,689 [grpc-default-executor-4] WARN  client.GrpcClientProtocolService (LogUtils.java:warn(134)) - 1-UnorderedRequestStreamObserver1: onError: org.apache.ratis.thirdparty.io.grpc.StatusRuntimeException: CANCELLED: cancelled before receiving half close
2019-10-22 00:13:08,694 [refreshUsed-/workdir/hadoop-ozone/integration-test/target/test-dir/MiniOzoneClusterImpl-8b64dd99-cfc4-48e3-b5ea-61cd2ec80401/datanode-2/data/containers] WARN  fs.CachingGetSpaceUsed (CachingGetSpaceUsed.java:run(183)) - Thread Interrupted waiting to refresh disk information: sleep interrupted
2019-10-22 00:13:08,706 [ForkJoinPool.commonPool-worker-0] INFO  utils.BackgroundService (BackgroundService.java:shutdown(151)) - Shutting down service BlockDeletingService
2019-10-22 00:13:08,709 [ForkJoinPool.commonPool-worker-0] INFO  statemachine.DatanodeStateMachine (DatanodeStateMachine.java:stopDaemon(395)) - Ozone container server stopped.
2019-10-22 00:13:08,713 [ForkJoinPool.commonPool-worker-0] INFO  handler.ContextHandler (ContextHandler.java:doStop(910)) - Stopped o.e.j.w.WebAppContext@80bfdc6{/,null,UNAVAILABLE}{/hddsDatanode}
2019-10-22 00:13:08,713 [ForkJoinPool.commonPool-worker-0] INFO  server.AbstractConnector (AbstractConnector.java:doStop(318)) - Stopped ServerConnector@6edcad64{HTTP/1.1,[http/1.1]}{0.0.0.0:0}
2019-10-22 00:13:08,715 [ForkJoinPool.commonPool-worker-0] INFO  handler.ContextHandler (ContextHandler.java:doStop(910)) - Stopped o.e.j.s.ServletContextHandler@d109c4f{/static,jar:file:/home/user/.m2/repository/org/apache/hadoop/hadoop-hdds-container-service/0.5.0-SNAPSHOT/hadoop-hdds-container-service-0.5.0-SNAPSHOT.jar!/webapps/static,UNAVAILABLE}
2019-10-22 00:13:08,716 [ForkJoinPool.commonPool-worker-0] INFO  handler.ContextHandler (ContextHandler.java:doStop(910)) - Stopped o.e.j.s.ServletContextHandler@4eba373c{/logs,file:///workdir/hadoop-ozone/integration-test/target/log,UNAVAILABLE}
2019-10-22 00:13:08,771 [Thread-1400] INFO  impl.FollowerState (FollowerState.java:run(108)) - 2fdb3e93-e0d8-400e-8c33-91e2341b50c6@group-F01152B53F91-FollowerState: change to CANDIDATE, lastRpcTime:134ms, electionTimeout:134ms
2019-10-22 00:13:08,771 [Thread-1400] INFO  impl.RoleInfo (RoleInfo.java:shutdownFollowerState(121)) - 2fdb3e93-e0d8-400e-8c33-91e2341b50c6: shutdown FollowerState
2019-10-22 00:13:08,771 [Thread-1400] INFO  impl.RaftServerImpl (RaftServerImpl.java:setRole(184)) - 2fdb3e93-e0d8-400e-8c33-91e2341b50c6@group-F01152B53F91: changes role from  FOLLOWER to CANDIDATE at term 132 for changeToCandidate
2019-10-22 00:13:08,771 [Thread-1400] INFO  impl.RoleInfo (RoleInfo.java:updateAndGet(143)) - 2fdb3e93-e0d8-400e-8c33-91e2341b50c6: start LeaderElection
2019-10-22 00:13:08,785 [2fdb3e93-e0d8-400e-8c33-91e2341b50c6@group-F01152B53F91-LeaderElection136] INFO  impl.LeaderElection (LeaderElection.java:askForVotes(178)) - 2fdb3e93-e0d8-400e-8c33-91e2341b50c6@group-F01152B53F91-LeaderElection136: begin an election at term 133 for -1: [2fdb3e93-e0d8-400e-8c33-91e2341b50c6:192.168.157.254:43254, 062c71de-08d9-40ee-9309-15590e2e8e68:192.168.157.254:45598, 2a52019e-5647-44e1-bf30-9a43fd8a7377:192.168.157.254:36038], old=null
2019-10-22 00:13:08,787 [grpc-default-executor-6] INFO  impl.RaftServerImpl (RaftServerImpl.java:setRole(184)) - 062c71de-08d9-40ee-9309-15590e2e8e68@group-F01152B53F91: changes role from  FOLLOWER to FOLLOWER at term 133 for recognizeCandidate:2fdb3e93-e0d8-400e-8c33-91e2341b50c6
2019-10-22 00:13:08,787 [grpc-default-executor-4] INFO  impl.RaftServerImpl (RaftServerImpl.java:setRole(184)) - 2a52019e-5647-44e1-bf30-9a43fd8a7377@group-F01152B53F91: changes role from  FOLLOWER to FOLLOWER at term 133 for recognizeCandidate:2fdb3e93-e0d8-400e-8c33-91e2341b50c6
2019-10-22 00:13:08,788 [Datanode State Machine Thread - 0] INFO  statemachine.DatanodeStateMachine (DatanodeStateMachine.java:lambda$startDaemon$0(350)) - Ozone container server started.
2019-10-22 00:13:08,788 [grpc-default-executor-6] INFO  impl.RoleInfo (RoleInfo.java:shutdownFollowerState(121)) - 062c71de-08d9-40ee-9309-15590e2e8e68: shutdown FollowerState
2019-10-22 00:13:08,788 [grpc-default-executor-4] INFO  impl.RoleInfo (RoleInfo.java:shutdownFollowerState(121)) - 2a52019e-5647-44e1-bf30-9a43fd8a7377: shutdown FollowerState
2019-10-22 00:13:08,788 [grpc-default-executor-6] INFO  impl.RoleInfo (RoleInfo.java:updateAndGet(143)) - 062c71de-08d9-40ee-9309-15590e2e8e68: start FollowerState
2019-10-22 00:13:08,788 [grpc-default-executor-4] INFO  impl.RoleInfo (RoleInfo.java:updateAndGet(143)) - 2a52019e-5647-44e1-bf30-9a43fd8a7377: start FollowerState
2019-10-22 00:13:08,788 [Thread-1398] INFO  impl.FollowerState (FollowerState.java:run(117)) - 062c71de-08d9-40ee-9309-15590e2e8e68@group-F01152B53F91-FollowerState was interrupted: java.lang.InterruptedException: sleep interrupted
2019-10-22 00:13:08,788 [Thread-1399] INFO  impl.FollowerState (FollowerState.java:run(117)) - 2a52019e-5647-44e1-bf30-9a43fd8a7377@group-F01152B53F91-FollowerState was interrupted: java.lang.InterruptedException: sleep interrupted
2019-10-22 00:13:08,802 [2fdb3e93-e0d8-400e-8c33-91e2341b50c6@group-F01152B53F91-LeaderElection136] INFO  impl.LeaderElection (LeaderElection.java:logAndReturn(56)) - 2fdb3e93-e0d8-400e-8c33-91e2341b50c6@group-F01152B53F91-LeaderElection136: Election REJECTED; received 2 response(s) [2fdb3e93-e0d8-400e-8c33-91e2341b50c6<-062c71de-08d9-40ee-9309-15590e2e8e68#0:FAIL-t133, 2fdb3e93-e0d8-400e-8c33-91e2341b50c6<-2a52019e-5647-44e1-bf30-9a43fd8a7377#0:FAIL-t133] and 0 exception(s); 2fdb3e93-e0d8-400e-8c33-91e2341b50c6@group-F01152B53F91:t133, leader=null, voted=2fdb3e93-e0d8-400e-8c33-91e2341b50c6, raftlog=2fdb3e93-e0d8-400e-8c33-91e2341b50c6@group-F01152B53F91-SegmentedRaftLog:OPENED:c-1,f-1,i0, conf=-1: [2fdb3e93-e0d8-400e-8c33-91e2341b50c6:192.168.157.254:43254, 062c71de-08d9-40ee-9309-15590e2e8e68:192.168.157.254:45598, 2a52019e-5647-44e1-bf30-9a43fd8a7377:192.168.157.254:36038], old=null
2019-10-22 00:13:08,802 [2fdb3e93-e0d8-400e-8c33-91e2341b50c6@group-F01152B53F91-LeaderElection136] INFO  impl.RaftServerImpl (RaftServerImpl.java:setRole(184)) - 2fdb3e93-e0d8-400e-8c33-91e2341b50c6@group-F01152B53F91: changes role from CANDIDATE to FOLLOWER at term 133 for DISCOVERED_A_NEW_TERM
2019-10-22 00:13:08,802 [2fdb3e93-e0d8-400e-8c33-91e2341b50c6@group-F01152B53F91-LeaderElection136] INFO  impl.RoleInfo (RoleInfo.java:shutdownLeaderElection(134)) - 2fdb3e93-e0d8-400e-8c33-91e2341b50c6: shutdown LeaderElection
2019-10-22 00:13:08,803 [2fdb3e93-e0d8-400e-8c33-91e2341b50c6@group-F01152B53F91-LeaderElection136] INFO  impl.RoleInfo (RoleInfo.java:updateAndGet(143)) - 2fdb3e93-e0d8-400e-8c33-91e2341b50c6: start FollowerState
2019-10-22 00:13:08,909 [Thread-1406] INFO  impl.FollowerState (FollowerState.java:run(108)) - 2fdb3e93-e0d8-400e-8c33-91e2341b50c6@group-F01152B53F91-FollowerState: change to CANDIDATE, lastRpcTime:106ms, electionTimeout:106ms
2019-10-22 00:13:08,909 [Thread-1406] INFO  impl.RoleInfo (RoleInfo.java:shutdownFollowerState(121)) - 2fdb3e93-e0d8-400e-8c33-91e2341b50c6: shutdown FollowerState
2019-10-22 00:13:08,909 [Thread-1406] INFO  impl.RaftServerImpl (RaftServerImpl.java:setRole(184)) - 2fdb3e93-e0d8-400e-8c33-91e2341b50c6@group-F01152B53F91: changes role from  FOLLOWER to CANDIDATE at term 133 for changeToCandidate
2019-10-22 00:13:08,909 [Thread-1406] INFO  impl.RoleInfo (RoleInfo.java:updateAndGet(143)) - 2fdb3e93-e0d8-400e-8c33-91e2341b50c6: start LeaderElection
2019-10-22 00:13:08,924 [2fdb3e93-e0d8-400e-8c33-91e2341b50c6@group-F01152B53F91-LeaderElection137] INFO  impl.LeaderElection (LeaderElection.java:askForVotes(178)) - 2fdb3e93-e0d8-400e-8c33-91e2341b50c6@group-F01152B53F91-LeaderElection137: begin an election at term 134 for -1: [2fdb3e93-e0d8-400e-8c33-91e2341b50c6:192.168.157.254:43254, 062c71de-08d9-40ee-9309-15590e2e8e68:192.168.157.254:45598, 2a52019e-5647-44e1-bf30-9a43fd8a7377:192.168.157.254:36038], old=null
2019-10-22 00:13:08,926 [grpc-default-executor-4] INFO  impl.RaftServerImpl (RaftServerImpl.java:setRole(184)) - 062c71de-08d9-40ee-9309-15590e2e8e68@group-F01152B53F91: changes role from  FOLLOWER to FOLLOWER at term 134 for recognizeCandidate:2fdb3e93-e0d8-400e-8c33-91e2341b50c6
2019-10-22 00:13:08,926 [grpc-default-executor-6] INFO  impl.RaftServerImpl (RaftServerImpl.java:setRole(184)) - 2a52019e-5647-44e1-bf30-9a43fd8a7377@group-F01152B53F91: changes role from  FOLLOWER to FOLLOWER at term 134 for recognizeCandidate:2fdb3e93-e0d8-400e-8c33-91e2341b50c6
2019-10-22 00:13:08,926 [grpc-default-executor-4] INFO  impl.RoleInfo (RoleInfo.java:shutdownFollowerState(121)) - 062c71de-08d9-40ee-9309-15590e2e8e68: shutdown FollowerState
2019-10-22 00:13:08,926 [grpc-default-executor-6] INFO  impl.RoleInfo (RoleInfo.java:shutdownFollowerState(121)) - 2a52019e-5647-44e1-bf30-9a43fd8a7377: shutdown FollowerState
2019-10-22 00:13:08,927 [grpc-default-executor-4] INFO  impl.RoleInfo (RoleInfo.java:updateAndGet(143)) - 062c71de-08d9-40ee-9309-15590e2e8e68: start FollowerState
2019-10-22 00:13:08,927 [grpc-default-executor-6] INFO  impl.RoleInfo (RoleInfo.java:updateAndGet(143)) - 2a52019e-5647-44e1-bf30-9a43fd8a7377: start FollowerState
2019-10-22 00:13:08,927 [Thread-1404] INFO  impl.FollowerState (FollowerState.java:run(117)) - 062c71de-08d9-40ee-9309-15590e2e8e68@group-F01152B53F91-FollowerState was interrupted: java.lang.InterruptedException: sleep interrupted
2019-10-22 00:13:08,927 [Thread-1405] INFO  impl.FollowerState (FollowerState.java:run(117)) - 2a52019e-5647-44e1-bf30-9a43fd8a7377@group-F01152B53F91-FollowerState was interrupted: java.lang.InterruptedException: sleep interrupted
2019-10-22 00:13:08,941 [2fdb3e93-e0d8-400e-8c33-91e2341b50c6@group-F01152B53F91-LeaderElection137] INFO  impl.LeaderElection (LeaderElection.java:logAndReturn(56)) - 2fdb3e93-e0d8-400e-8c33-91e2341b50c6@group-F01152B53F91-LeaderElection137: Election REJECTED; received 2 response(s) [2fdb3e93-e0d8-400e-8c33-91e2341b50c6<-062c71de-08d9-40ee-9309-15590e2e8e68#0:FAIL-t134, 2fdb3e93-e0d8-400e-8c33-91e2341b50c6<-2a52019e-5647-44e1-bf30-9a43fd8a7377#0:FAIL-t134] and 0 exception(s); 2fdb3e93-e0d8-400e-8c33-91e2341b50c6@group-F01152B53F91:t134, leader=null, voted=2fdb3e93-e0d8-400e-8c33-91e2341b50c6, raftlog=2fdb3e93-e0d8-400e-8c33-91e2341b50c6@group-F01152B53F91-SegmentedRaftLog:OPENED:c-1,f-1,i0, conf=-1: [2fdb3e93-e0d8-400e-8c33-91e2341b50c6:192.168.157.254:43254, 062c71de-08d9-40ee-9309-15590e2e8e68:192.168.157.254:45598, 2a52019e-5647-44e1-bf30-9a43fd8a7377:192.168.157.254:36038], old=null
2019-10-22 00:13:08,941 [2fdb3e93-e0d8-400e-8c33-91e2341b50c6@group-F01152B53F91-LeaderElection137] INFO  impl.RaftServerImpl (RaftServerImpl.java:setRole(184)) - 2fdb3e93-e0d8-400e-8c33-91e2341b50c6@group-F01152B53F91: changes role from CANDIDATE to FOLLOWER at term 134 for DISCOVERED_A_NEW_TERM
2019-10-22 00:13:08,941 [2fdb3e93-e0d8-400e-8c33-91e2341b50c6@group-F01152B53F91-LeaderElection137] INFO  impl.RoleInfo (RoleInfo.java:shutdownLeaderElection(134)) - 2fdb3e93-e0d8-400e-8c33-91e2341b50c6: shutdown LeaderElection
2019-10-22 00:13:08,941 [2fdb3e93-e0d8-400e-8c33-91e2341b50c6@group-F01152B53F91-LeaderElection137] INFO  impl.RoleInfo (RoleInfo.java:updateAndGet(143)) - 2fdb3e93-e0d8-400e-8c33-91e2341b50c6: start FollowerState
2019-10-22 00:13:09,011 [Thread-1413] INFO  impl.FollowerState (FollowerState.java:run(108)) - 2fdb3e93-e0d8-400e-8c33-91e2341b50c6@group-F01152B53F91-FollowerState: change to CANDIDATE, lastRpcTime:69ms, electionTimeout:69ms
2019-10-22 00:13:09,011 [Thread-1413] INFO  impl.RoleInfo (RoleInfo.java:shutdownFollowerState(121)) - 2fdb3e93-e0d8-400e-8c33-91e2341b50c6: shutdown FollowerState
2019-10-22 00:13:09,011 [Thread-1413] INFO  impl.RaftServerImpl (RaftServerImpl.java:setRole(184)) - 2fdb3e93-e0d8-400e-8c33-91e2341b50c6@group-F01152B53F91: changes role from  FOLLOWER to CANDIDATE at term 134 for changeToCandidate
2019-10-22 00:13:09,011 [Thread-1413] INFO  impl.RoleInfo (RoleInfo.java:updateAndGet(143)) - 2fdb3e93-e0d8-400e-8c33-91e2341b50c6: start LeaderElection
2019-10-22 00:13:09,022 [Datanode State Machine Thread - 0] INFO  statemachine.DatanodeStateMachine (DatanodeStateMachine.java:lambda$startDaemon$0(350)) - Ozone container server started.
2019-10-22 00:13:09,024 [2fdb3e93-e0d8-400e-8c33-91e2341b50c6@group-F01152B53F91-LeaderElection138] INFO  impl.LeaderElection (LeaderElection.java:askForVotes(178)) - 2fdb3e93-e0d8-400e-8c33-91e2341b50c6@group-F01152B53F91-LeaderElection138: begin an election at term 135 for -1: [2fdb3e93-e0d8-400e-8c33-91e2341b50c6:192.168.157.254:43254, 062c71de-08d9-40ee-9309-15590e2e8e68:192.168.157.254:45598, 2a52019e-5647-44e1-bf30-9a43fd8a7377:192.168.157.254:36038], old=null
2019-10-22 00:13:09,026 [grpc-default-executor-6] INFO  impl.RaftServerImpl (RaftServerImpl.java:setRole(184)) - 2a52019e-5647-44e1-bf30-9a43fd8a7377@group-F01152B53F91: changes role from  FOLLOWER to FOLLOWER at term 135 for recognizeCandidate:2fdb3e93-e0d8-400e-8c33-91e2341b50c6
2019-10-22 00:13:09,026 [grpc-default-executor-4] INFO  impl.RaftServerImpl (RaftServerImpl.java:setRole(184)) - 062c71de-08d9-40ee-9309-15590e2e8e68@group-F01152B53F91: changes role from  FOLLOWER to FOLLOWER at term 135 for recognizeCandidate:2fdb3e93-e0d8-400e-8c33-91e2341b50c6
2019-10-22 00:13:09,026 [grpc-default-executor-6] INFO  impl.RoleInfo (RoleInfo.java:shutdownFollowerState(121)) - 2a52019e-5647-44e1-bf30-9a43fd8a7377: shutdown FollowerState
2019-10-22 00:13:09,026 [grpc-default-executor-4] INFO  impl.RoleInfo (RoleInfo.java:shutdownFollowerState(121)) - 062c71de-08d9-40ee-9309-15590e2e8e68: shutdown FollowerState
2019-10-22 00:13:09,026 [grpc-default-executor-6] INFO  impl.RoleInfo (RoleInfo.java:updateAndGet(143)) - 2a52019e-5647-44e1-bf30-9a43fd8a7377: start FollowerState
2019-10-22 00:13:09,026 [Thread-1412] INFO  impl.FollowerState (FollowerState.java:run(117)) - 2a52019e-5647-44e1-bf30-9a43fd8a7377@group-F01152B53F91-FollowerState was interrupted: java.lang.InterruptedException: sleep interrupted
2019-10-22 00:13:09,026 [grpc-default-executor-4] INFO  impl.RoleInfo (RoleInfo.java:updateAndGet(143)) - 062c71de-08d9-40ee-9309-15590e2e8e68: start FollowerState
2019-10-22 00:13:09,026 [Thread-1411] INFO  impl.FollowerState (FollowerState.java:run(117)) - 062c71de-08d9-40ee-9309-15590e2e8e68@group-F01152B53F91-FollowerState was interrupted: java.lang.InterruptedException: sleep interrupted
2019-10-22 00:13:09,044 [2fdb3e93-e0d8-400e-8c33-91e2341b50c6@group-F01152B53F91-LeaderElection138] INFO  impl.LeaderElection (LeaderElection.java:logAndReturn(56)) - 2fdb3e93-e0d8-400e-8c33-91e2341b50c6@group-F01152B53F91-LeaderElection138: Election REJECTED; received 2 response(s) [2fdb3e93-e0d8-400e-8c33-91e2341b50c6<-062c71de-08d9-40ee-9309-15590e2e8e68#0:FAIL-t135, 2fdb3e93-e0d8-400e-8c33-91e2341b50c6<-2a52019e-5647-44e1-bf30-9a43fd8a7377#0:FAIL-t135] and 0 exception(s); 2fdb3e93-e0d8-400e-8c33-91e2341b50c6@group-F01152B53F91:t135, leader=null, voted=2fdb3e93-e0d8-400e-8c33-91e2341b50c6, raftlog=2fdb3e93-e0d8-400e-8c33-91e2341b50c6@group-F01152B53F91-SegmentedRaftLog:OPENED:c-1,f-1,i0, conf=-1: [2fdb3e93-e0d8-400e-8c33-91e2341b50c6:192.168.157.254:43254, 062c71de-08d9-40ee-9309-15590e2e8e68:192.168.157.254:45598, 2a52019e-5647-44e1-bf30-9a43fd8a7377:192.168.157.254:36038], old=null
2019-10-22 00:13:09,044 [2fdb3e93-e0d8-400e-8c33-91e2341b50c6@group-F01152B53F91-LeaderElection138] INFO  impl.RaftServerImpl (RaftServerImpl.java:setRole(184)) - 2fdb3e93-e0d8-400e-8c33-91e2341b50c6@group-F01152B53F91: changes role from CANDIDATE to FOLLOWER at term 135 for DISCOVERED_A_NEW_TERM
2019-10-22 00:13:09,044 [2fdb3e93-e0d8-400e-8c33-91e2341b50c6@group-F01152B53F91-LeaderElection138] INFO  impl.RoleInfo (RoleInfo.java:shutdownLeaderElection(134)) - 2fdb3e93-e0d8-400e-8c33-91e2341b50c6: shutdown LeaderElection
2019-10-22 00:13:09,044 [2fdb3e93-e0d8-400e-8c33-91e2341b50c6@group-F01152B53F91-LeaderElection138] INFO  impl.RoleInfo (RoleInfo.java:updateAndGet(143)) - 2fdb3e93-e0d8-400e-8c33-91e2341b50c6: start FollowerState
2019-10-22 00:13:09,135 [Thread-1419] INFO  impl.FollowerState (FollowerState.java:run(108)) - 2fdb3e93-e0d8-400e-8c33-91e2341b50c6@group-F01152B53F91-FollowerState: change to CANDIDATE, lastRpcTime:91ms, electionTimeout:91ms
2019-10-22 00:13:09,136 [Thread-1419] INFO  impl.RoleInfo (RoleInfo.java:shutdownFollowerState(121)) - 2fdb3e93-e0d8-400e-8c33-91e2341b50c6: shutdown FollowerState
2019-10-22 00:13:09,136 [Thread-1419] INFO  impl.RaftServerImpl (RaftServerImpl.java:setRole(184)) - 2fdb3e93-e0d8-400e-8c33-91e2341b50c6@group-F01152B53F91: changes role from  FOLLOWER to CANDIDATE at term 135 for changeToCandidate
2019-10-22 00:13:09,136 [Thread-1419] INFO  impl.RoleInfo (RoleInfo.java:updateAndGet(143)) - 2fdb3e93-e0d8-400e-8c33-91e2341b50c6: start LeaderElection
2019-10-22 00:13:09,149 [2fdb3e93-e0d8-400e-8c33-91e2341b50c6@group-F01152B53F91-LeaderElection139] INFO  impl.LeaderElection (LeaderElection.java:askForVotes(178)) - 2fdb3e93-e0d8-400e-8c33-91e2341b50c6@group-F01152B53F91-LeaderElection139: begin an election at term 136 for -1: [2fdb3e93-e0d8-400e-8c33-91e2341b50c6:192.168.157.254:43254, 062c71de-08d9-40ee-9309-15590e2e8e68:192.168.157.254:45598, 2a52019e-5647-44e1-bf30-9a43fd8a7377:192.168.157.254:36038], old=null
2019-10-22 00:13:09,151 [grpc-default-executor-4] INFO  impl.RaftServerImpl (RaftServerImpl.java:setRole(184)) - 062c71de-08d9-40ee-9309-15590e2e8e68@group-F01152B53F91: changes role from  FOLLOWER to FOLLOWER at term 136 for recognizeCandidate:2fdb3e93-e0d8-400e-8c33-91e2341b50c6
2019-10-22 00:13:09,151 [grpc-default-executor-6] INFO  impl.RaftServerImpl (RaftServerImpl.java:setRole(184)) - 2a52019e-5647-44e1-bf30-9a43fd8a7377@group-F01152B53F91: changes role from  FOLLOWER to FOLLOWER at term 136 for recognizeCandidate:2fdb3e93-e0d8-400e-8c33-91e2341b50c6
2019-10-22 00:13:09,151 [grpc-default-executor-4] INFO  impl.RoleInfo (RoleInfo.java:shutdownFollowerState(121)) - 062c71de-08d9-40ee-9309-15590e2e8e68: shutdown FollowerState
2019-10-22 00:13:09,151 [grpc-default-executor-6] INFO  impl.RoleInfo (RoleInfo.java:shutdownFollowerState(121)) - 2a52019e-5647-44e1-bf30-9a43fd8a7377: shutdown FollowerState
2019-10-22 00:13:09,151 [Thread-1418] INFO  impl.FollowerState (FollowerState.java:run(117)) - 062c71de-08d9-40ee-9309-15590e2e8e68@group-F01152B53F91-FollowerState was interrupted: java.lang.InterruptedException: sleep interrupted
2019-10-22 00:13:09,151 [grpc-default-executor-4] INFO  impl.RoleInfo (RoleInfo.java:updateAndGet(143)) - 062c71de-08d9-40ee-9309-15590e2e8e68: start FollowerState
2019-10-22 00:13:09,151 [grpc-default-executor-6] INFO  impl.RoleInfo (RoleInfo.java:updateAndGet(143)) - 2a52019e-5647-44e1-bf30-9a43fd8a7377: start FollowerState
2019-10-22 00:13:09,152 [Thread-1417] INFO  impl.FollowerState (FollowerState.java:run(117)) - 2a52019e-5647-44e1-bf30-9a43fd8a7377@group-F01152B53F91-FollowerState was interrupted: java.lang.InterruptedException: sleep interrupted
2019-10-22 00:13:09,171 [2fdb3e93-e0d8-400e-8c33-91e2341b50c6@group-F01152B53F91-LeaderElection139] INFO  impl.LeaderElection (LeaderElection.java:logAndReturn(56)) - 2fdb3e93-e0d8-400e-8c33-91e2341b50c6@group-F01152B53F91-LeaderElection139: Election REJECTED; received 2 response(s) [2fdb3e93-e0d8-400e-8c33-91e2341b50c6<-062c71de-08d9-40ee-9309-15590e2e8e68#0:FAIL-t136, 2fdb3e93-e0d8-400e-8c33-91e2341b50c6<-2a52019e-5647-44e1-bf30-9a43fd8a7377#0:FAIL-t136] and 0 exception(s); 2fdb3e93-e0d8-400e-8c33-91e2341b50c6@group-F01152B53F91:t136, leader=null, voted=2fdb3e93-e0d8-400e-8c33-91e2341b50c6, raftlog=2fdb3e93-e0d8-400e-8c33-91e2341b50c6@group-F01152B53F91-SegmentedRaftLog:OPENED:c-1,f-1,i0, conf=-1: [2fdb3e93-e0d8-400e-8c33-91e2341b50c6:192.168.157.254:43254, 062c71de-08d9-40ee-9309-15590e2e8e68:192.168.157.254:45598, 2a52019e-5647-44e1-bf30-9a43fd8a7377:192.168.157.254:36038], old=null
2019-10-22 00:13:09,171 [2fdb3e93-e0d8-400e-8c33-91e2341b50c6@group-F01152B53F91-LeaderElection139] INFO  impl.RaftServerImpl (RaftServerImpl.java:setRole(184)) - 2fdb3e93-e0d8-400e-8c33-91e2341b50c6@group-F01152B53F91: changes role from CANDIDATE to FOLLOWER at term 136 for DISCOVERED_A_NEW_TERM
2019-10-22 00:13:09,171 [2fdb3e93-e0d8-400e-8c33-91e2341b50c6@group-F01152B53F91-LeaderElection139] INFO  impl.RoleInfo (RoleInfo.java:shutdownLeaderElection(134)) - 2fdb3e93-e0d8-400e-8c33-91e2341b50c6: shutdown LeaderElection
2019-10-22 00:13:09,171 [2fdb3e93-e0d8-400e-8c33-91e2341b50c6@group-F01152B53F91-LeaderElection139] INFO  impl.RoleInfo (RoleInfo.java:updateAndGet(143)) - 2fdb3e93-e0d8-400e-8c33-91e2341b50c6: start FollowerState
2019-10-22 00:13:09,210 [Thread-1425] INFO  impl.FollowerState (FollowerState.java:run(108)) - 2fdb3e93-e0d8-400e-8c33-91e2341b50c6@group-F01152B53F91-FollowerState: change to CANDIDATE, lastRpcTime:39ms, electionTimeout:39ms
2019-10-22 00:13:09,211 [Thread-1425] INFO  impl.RoleInfo (RoleInfo.java:shutdownFollowerState(121)) - 2fdb3e93-e0d8-400e-8c33-91e2341b50c6: shutdown FollowerState
2019-10-22 00:13:09,211 [Thread-1425] INFO  impl.RaftServerImpl (RaftServerImpl.java:setRole(184)) - 2fdb3e93-e0d8-400e-8c33-91e2341b50c6@group-F01152B53F91: changes role from  FOLLOWER to CANDIDATE at term 136 for changeToCandidate
2019-10-22 00:13:09,211 [Thread-1425] INFO  impl.RoleInfo (RoleInfo.java:updateAndGet(143)) - 2fdb3e93-e0d8-400e-8c33-91e2341b50c6: start LeaderElection
2019-10-22 00:13:09,224 [2fdb3e93-e0d8-400e-8c33-91e2341b50c6@group-F01152B53F91-LeaderElection140] INFO  impl.LeaderElection (LeaderElection.java:askForVotes(178)) - 2fdb3e93-e0d8-400e-8c33-91e2341b50c6@group-F01152B53F91-LeaderElection140: begin an election at term 137 for -1: [2fdb3e93-e0d8-400e-8c33-91e2341b50c6:192.168.157.254:43254, 062c71de-08d9-40ee-9309-15590e2e8e68:192.168.157.254:45598, 2a52019e-5647-44e1-bf30-9a43fd8a7377:192.168.157.254:36038], old=null
2019-10-22 00:13:09,226 [grpc-default-executor-4] INFO  impl.RaftServerImpl (RaftServerImpl.java:setRole(184)) - 2a52019e-5647-44e1-bf30-9a43fd8a7377@group-F01152B53F91: changes role from  FOLLOWER to FOLLOWER at term 137 for recognizeCandidate:2fdb3e93-e0d8-400e-8c33-91e2341b50c6
2019-10-22 00:13:09,226 [grpc-default-executor-4] INFO  impl.RoleInfo (RoleInfo.java:shutdownFollowerState(121)) - 2a52019e-5647-44e1-bf30-9a43fd8a7377: shutdown FollowerState
2019-10-22 00:13:09,226 [grpc-default-executor-4] INFO  impl.RoleInfo (RoleInfo.java:updateAndGet(143)) - 2a52019e-5647-44e1-bf30-9a43fd8a7377: start FollowerState
2019-10-22 00:13:09,226 [grpc-default-executor-6] INFO  impl.RaftServerImpl (RaftServerImpl.java:setRole(184)) - 062c71de-08d9-40ee-9309-15590e2e8e68@group-F01152B53F91: changes role from  FOLLOWER to FOLLOWER at term 137 for recognizeCandidate:2fdb3e93-e0d8-400e-8c33-91e2341b50c6
2019-10-22 00:13:09,226 [Thread-1424] INFO  impl.FollowerState (FollowerState.java:run(117)) - 2a52019e-5647-44e1-bf30-9a43fd8a7377@group-F01152B53F91-FollowerState was interrupted: java.lang.InterruptedException: sleep interrupted
2019-10-22 00:13:09,227 [grpc-default-executor-6] INFO  impl.RoleInfo (RoleInfo.java:shutdownFollowerState(121)) - 062c71de-08d9-40ee-9309-15590e2e8e68: shutdown FollowerState
2019-10-22 00:13:09,227 [grpc-default-executor-6] INFO  impl.RoleInfo (RoleInfo.java:updateAndGet(143)) - 062c71de-08d9-40ee-9309-15590e2e8e68: start FollowerState
2019-10-22 00:13:09,227 [Thread-1423] INFO  impl.FollowerState (FollowerState.java:run(117)) - 062c71de-08d9-40ee-9309-15590e2e8e68@group-F01152B53F91-FollowerState was interrupted: java.lang.InterruptedException: sleep interrupted
2019-10-22 00:13:09,241 [2fdb3e93-e0d8-400e-8c33-91e2341b50c6@group-F01152B53F91-LeaderElection140] INFO  impl.LeaderElection (LeaderElection.java:logAndReturn(56)) - 2fdb3e93-e0d8-400e-8c33-91e2341b50c6@group-F01152B53F91-LeaderElection140: Election REJECTED; received 2 response(s) [2fdb3e93-e0d8-400e-8c33-91e2341b50c6<-062c71de-08d9-40ee-9309-15590e2e8e68#0:FAIL-t137, 2fdb3e93-e0d8-400e-8c33-91e2341b50c6<-2a52019e-5647-44e1-bf30-9a43fd8a7377#0:FAIL-t137] and 0 exception(s); 2fdb3e93-e0d8-400e-8c33-91e2341b50c6@group-F01152B53F91:t137, leader=null, voted=2fdb3e93-e0d8-400e-8c33-91e2341b50c6, raftlog=2fdb3e93-e0d8-400e-8c33-91e2341b50c6@group-F01152B53F91-SegmentedRaftLog:OPENED:c-1,f-1,i0, conf=-1: [2fdb3e93-e0d8-400e-8c33-91e2341b50c6:192.168.157.254:43254, 062c71de-08d9-40ee-9309-15590e2e8e68:192.168.157.254:45598, 2a52019e-5647-44e1-bf30-9a43fd8a7377:192.168.157.254:36038], old=null
2019-10-22 00:13:09,241 [2fdb3e93-e0d8-400e-8c33-91e2341b50c6@group-F01152B53F91-LeaderElection140] INFO  impl.RaftServerImpl (RaftServerImpl.java:setRole(184)) - 2fdb3e93-e0d8-400e-8c33-91e2341b50c6@group-F01152B53F91: changes role from CANDIDATE to FOLLOWER at term 137 for DISCOVERED_A_NEW_TERM
2019-10-22 00:13:09,241 [2fdb3e93-e0d8-400e-8c33-91e2341b50c6@group-F01152B53F91-LeaderElection140] INFO  impl.RoleInfo (RoleInfo.java:shutdownLeaderElection(134)) - 2fdb3e93-e0d8-400e-8c33-91e2341b50c6: shutdown LeaderElection
2019-10-22 00:13:09,241 [2fdb3e93-e0d8-400e-8c33-91e2341b50c6@group-F01152B53F91-LeaderElection140] INFO  impl.RoleInfo (RoleInfo.java:updateAndGet(143)) - 2fdb3e93-e0d8-400e-8c33-91e2341b50c6: start FollowerState
2019-10-22 00:13:09,242 [Thread-1431] INFO  impl.FollowerState (FollowerState.java:run(108)) - 2fdb3e93-e0d8-400e-8c33-91e2341b50c6@group-F01152B53F91-FollowerState: change to CANDIDATE, lastRpcTime:1ms, electionTimeout:1ms
2019-10-22 00:13:09,242 [Thread-1431] INFO  impl.RoleInfo (RoleInfo.java:shutdownFollowerState(121)) - 2fdb3e93-e0d8-400e-8c33-91e2341b50c6: shutdown FollowerState
2019-10-22 00:13:09,242 [Thread-1431] INFO  impl.RaftServerImpl (RaftServerImpl.java:setRole(184)) - 2fdb3e93-e0d8-400e-8c33-91e2341b50c6@group-F01152B53F91: changes role from  FOLLOWER to CANDIDATE at term 137 for changeToCandidate
2019-10-22 00:13:09,243 [Thread-1431] INFO  impl.RoleInfo (RoleInfo.java:updateAndGet(143)) - 2fdb3e93-e0d8-400e-8c33-91e2341b50c6: start LeaderElection
2019-10-22 00:13:09,256 [2fdb3e93-e0d8-400e-8c33-91e2341b50c6@group-F01152B53F91-LeaderElection141] INFO  impl.LeaderElection (LeaderElection.java:askForVotes(178)) - 2fdb3e93-e0d8-400e-8c33-91e2341b50c6@group-F01152B53F91-LeaderElection141: begin an election at term 138 for -1: [2fdb3e93-e0d8-400e-8c33-91e2341b50c6:192.168.157.254:43254, 062c71de-08d9-40ee-9309-15590e2e8e68:192.168.157.254:45598, 2a52019e-5647-44e1-bf30-9a43fd8a7377:192.168.157.254:36038], old=null
2019-10-22 00:13:09,257 [grpc-default-executor-6] INFO  impl.RaftServerImpl (RaftServerImpl.java:setRole(184)) - 2a52019e-5647-44e1-bf30-9a43fd8a7377@group-F01152B53F91: changes role from  FOLLOWER to FOLLOWER at term 138 for recognizeCandidate:2fdb3e93-e0d8-400e-8c33-91e2341b50c6
2019-10-22 00:13:09,257 [grpc-default-executor-4] INFO  impl.RaftServerImpl (RaftServerImpl.java:setRole(184)) - 062c71de-08d9-40ee-9309-15590e2e8e68@group-F01152B53F91: changes role from  FOLLOWER to FOLLOWER at term 138 for recognizeCandidate:2fdb3e93-e0d8-400e-8c33-91e2341b50c6
2019-10-22 00:13:09,258 [grpc-default-executor-4] INFO  impl.RoleInfo (RoleInfo.java:shutdownFollowerState(121)) - 062c71de-08d9-40ee-9309-15590e2e8e68: shutdown FollowerState
2019-10-22 00:13:09,257 [grpc-default-executor-6] INFO  impl.RoleInfo (RoleInfo.java:shutdownFollowerState(121)) - 2a52019e-5647-44e1-bf30-9a43fd8a7377: shutdown FollowerState
2019-10-22 00:13:09,258 [Thread-1430] INFO  impl.FollowerState (FollowerState.java:run(117)) - 062c71de-08d9-40ee-9309-15590e2e8e68@group-F01152B53F91-FollowerState was interrupted: java.lang.InterruptedException: sleep interrupted
2019-10-22 00:13:09,258 [grpc-default-executor-4] INFO  impl.RoleInfo (RoleInfo.java:updateAndGet(143)) - 062c71de-08d9-40ee-9309-15590e2e8e68: start FollowerState
2019-10-22 00:13:09,258 [Thread-1429] INFO  impl.FollowerState (FollowerState.java:run(117)) - 2a52019e-5647-44e1-bf30-9a43fd8a7377@group-F01152B53F91-FollowerState was interrupted: java.lang.InterruptedException: sleep interrupted
2019-10-22 00:13:09,258 [grpc-default-executor-6] INFO  impl.RoleInfo (RoleInfo.java:updateAndGet(143)) - 2a52019e-5647-44e1-bf30-9a43fd8a7377: start FollowerState
2019-10-22 00:13:09,272 [2fdb3e93-e0d8-400e-8c33-91e2341b50c6@group-F01152B53F91-LeaderElection141] INFO  impl.LeaderElection (LeaderElection.java:logAndReturn(56)) - 2fdb3e93-e0d8-400e-8c33-91e2341b50c6@group-F01152B53F91-LeaderElection141: Election REJECTED; received 2 response(s) [2fdb3e93-e0d8-400e-8c33-91e2341b50c6<-062c71de-08d9-40ee-9309-15590e2e8e68#0:FAIL-t138, 2fdb3e93-e0d8-400e-8c33-91e2341b50c6<-2a52019e-5647-44e1-bf30-9a43fd8a7377#0:FAIL-t138] and 0 exception(s); 2fdb3e93-e0d8-400e-8c33-91e2341b50c6@group-F01152B53F91:t138, leader=null, voted=2fdb3e93-e0d8-400e-8c33-91e2341b50c6, raftlog=2fdb3e93-e0d8-400e-8c33-91e2341b50c6@group-F01152B53F91-SegmentedRaftLog:OPENED:c-1,f-1,i0, conf=-1: [2fdb3e93-e0d8-400e-8c33-91e2341b50c6:192.168.157.254:43254, 062c71de-08d9-40ee-9309-15590e2e8e68:192.168.157.254:45598, 2a52019e-5647-44e1-bf30-9a43fd8a7377:192.168.157.254:36038], old=null
2019-10-22 00:13:09,272 [2fdb3e93-e0d8-400e-8c33-91e2341b50c6@group-F01152B53F91-LeaderElection141] INFO  impl.RaftServerImpl (RaftServerImpl.java:setRole(184)) - 2fdb3e93-e0d8-400e-8c33-91e2341b50c6@group-F01152B53F91: changes role from CANDIDATE to FOLLOWER at term 138 for DISCOVERED_A_NEW_TERM
2019-10-22 00:13:09,272 [2fdb3e93-e0d8-400e-8c33-91e2341b50c6@group-F01152B53F91-LeaderElection141] INFO  impl.RoleInfo (RoleInfo.java:shutdownLeaderElection(134)) - 2fdb3e93-e0d8-400e-8c33-91e2341b50c6: shutdown LeaderElection
2019-10-22 00:13:09,272 [2fdb3e93-e0d8-400e-8c33-91e2341b50c6@group-F01152B53F91-LeaderElection141] INFO  impl.RoleInfo (RoleInfo.java:updateAndGet(143)) - 2fdb3e93-e0d8-400e-8c33-91e2341b50c6: start FollowerState
2019-10-22 00:13:09,339 [Thread-1437] INFO  impl.FollowerState (FollowerState.java:run(108)) - 2fdb3e93-e0d8-400e-8c33-91e2341b50c6@group-F01152B53F91-FollowerState: change to CANDIDATE, lastRpcTime:67ms, electionTimeout:67ms
2019-10-22 00:13:09,339 [Thread-1437] INFO  impl.RoleInfo (RoleInfo.java:shutdownFollowerState(121)) - 2fdb3e93-e0d8-400e-8c33-91e2341b50c6: shutdown FollowerState
2019-10-22 00:13:09,339 [Thread-1437] INFO  impl.RaftServerImpl (RaftServerImpl.java:setRole(184)) - 2fdb3e93-e0d8-400e-8c33-91e2341b50c6@group-F01152B53F91: changes role from  FOLLOWER to CANDIDATE at term 138 for changeToCandidate
2019-10-22 00:13:09,340 [Thread-1437] INFO  impl.RoleInfo (RoleInfo.java:updateAndGet(143)) - 2fdb3e93-e0d8-400e-8c33-91e2341b50c6: start LeaderElection
2019-10-22 00:13:09,352 [2fdb3e93-e0d8-400e-8c33-91e2341b50c6@group-F01152B53F91-LeaderElection142] INFO  impl.LeaderElection (LeaderElection.java:askForVotes(178)) - 2fdb3e93-e0d8-400e-8c33-91e2341b50c6@group-F01152B53F91-LeaderElection142: begin an election at term 139 for -1: [2fdb3e93-e0d8-400e-8c33-91e2341b50c6:192.168.157.254:43254, 062c71de-08d9-40ee-9309-15590e2e8e68:192.168.157.254:45598, 2a52019e-5647-44e1-bf30-9a43fd8a7377:192.168.157.254:36038], old=null
2019-10-22 00:13:09,354 [grpc-default-executor-4] INFO  impl.RaftServerImpl (RaftServerImpl.java:setRole(184)) - 2a52019e-5647-44e1-bf30-9a43fd8a7377@group-F01152B53F91: changes role from  FOLLOWER to FOLLOWER at term 139 for recognizeCandidate:2fdb3e93-e0d8-400e-8c33-91e2341b50c6
2019-10-22 00:13:09,354 [grpc-default-executor-6] INFO  impl.RaftServerImpl (RaftServerImpl.java:setRole(184)) - 062c71de-08d9-40ee-9309-15590e2e8e68@group-F01152B53F91: changes role from  FOLLOWER to FOLLOWER at term 139 for recognizeCandidate:2fdb3e93-e0d8-400e-8c33-91e2341b50c6
2019-10-22 00:13:09,354 [grpc-default-executor-4] INFO  impl.RoleInfo (RoleInfo.java:shutdownFollowerState(121)) - 2a52019e-5647-44e1-bf30-9a43fd8a7377: shutdown FollowerState
2019-10-22 00:13:09,354 [grpc-default-executor-6] INFO  impl.RoleInfo (RoleInfo.java:shutdownFollowerState(121)) - 062c71de-08d9-40ee-9309-15590e2e8e68: shutdown FollowerState
2019-10-22 00:13:09,354 [Thread-1436] INFO  impl.FollowerState (FollowerState.java:run(117)) - 2a52019e-5647-44e1-bf30-9a43fd8a7377@group-F01152B53F91-FollowerState was interrupted: java.lang.InterruptedException: sleep interrupted
2019-10-22 00:13:09,354 [grpc-default-executor-6] INFO  impl.RoleInfo (RoleInfo.java:updateAndGet(143)) - 062c71de-08d9-40ee-9309-15590e2e8e68: start FollowerState
2019-10-22 00:13:09,354 [grpc-default-executor-4] INFO  impl.RoleInfo (RoleInfo.java:updateAndGet(143)) - 2a52019e-5647-44e1-bf30-9a43fd8a7377: start FollowerState
2019-10-22 00:13:09,355 [Thread-1435] INFO  impl.FollowerState (FollowerState.java:run(117)) - 062c71de-08d9-40ee-9309-15590e2e8e68@group-F01152B53F91-FollowerState was interrupted: java.lang.InterruptedException: sleep interrupted
2019-10-22 00:13:09,368 [2fdb3e93-e0d8-400e-8c33-91e2341b50c6@group-F01152B53F91-LeaderElection142] INFO  impl.LeaderElection (LeaderElection.java:logAndReturn(56)) - 2fdb3e93-e0d8-400e-8c33-91e2341b50c6@group-F01152B53F91-LeaderElection142: Election REJECTED; received 2 response(s) [2fdb3e93-e0d8-400e-8c33-91e2341b50c6<-062c71de-08d9-40ee-9309-15590e2e8e68#0:FAIL-t139, 2fdb3e93-e0d8-400e-8c33-91e2341b50c6<-2a52019e-5647-44e1-bf30-9a43fd8a7377#0:FAIL-t139] and 0 exception(s); 2fdb3e93-e0d8-400e-8c33-91e2341b50c6@group-F01152B53F91:t139, leader=null, voted=2fdb3e93-e0d8-400e-8c33-91e2341b50c6, raftlog=2fdb3e93-e0d8-400e-8c33-91e2341b50c6@group-F01152B53F91-SegmentedRaftLog:OPENED:c-1,f-1,i0, conf=-1: [2fdb3e93-e0d8-400e-8c33-91e2341b50c6:192.168.157.254:43254, 062c71de-08d9-40ee-9309-15590e2e8e68:192.168.157.254:45598, 2a52019e-5647-44e1-bf30-9a43fd8a7377:192.168.157.254:36038], old=null
2019-10-22 00:13:09,368 [2fdb3e93-e0d8-400e-8c33-91e2341b50c6@group-F01152B53F91-LeaderElection142] INFO  impl.RaftServerImpl (RaftServerImpl.java:setRole(184)) - 2fdb3e93-e0d8-400e-8c33-91e2341b50c6@group-F01152B53F91: changes role from CANDIDATE to FOLLOWER at term 139 for DISCOVERED_A_NEW_TERM
2019-10-22 00:13:09,368 [2fdb3e93-e0d8-400e-8c33-91e2341b50c6@group-F01152B53F91-LeaderElection142] INFO  impl.RoleInfo (RoleInfo.java:shutdownLeaderElection(134)) - 2fdb3e93-e0d8-400e-8c33-91e2341b50c6: shutdown LeaderElection
2019-10-22 00:13:09,369 [2fdb3e93-e0d8-400e-8c33-91e2341b50c6@group-F01152B53F91-LeaderElection142] INFO  impl.RoleInfo (RoleInfo.java:updateAndGet(143)) - 2fdb3e93-e0d8-400e-8c33-91e2341b50c6: start FollowerState
2019-10-22 00:13:09,374 [Thread-1444] INFO  impl.FollowerState (FollowerState.java:run(108)) - 2fdb3e93-e0d8-400e-8c33-91e2341b50c6@group-F01152B53F91-FollowerState: change to CANDIDATE, lastRpcTime:5ms, electionTimeout:5ms
2019-10-22 00:13:09,374 [Thread-1444] INFO  impl.RoleInfo (RoleInfo.java:shutdownFollowerState(121)) - 2fdb3e93-e0d8-400e-8c33-91e2341b50c6: shutdown FollowerState
2019-10-22 00:13:09,374 [Thread-1444] INFO  impl.RaftServerImpl (RaftServerImpl.java:setRole(184)) - 2fdb3e93-e0d8-400e-8c33-91e2341b50c6@group-F01152B53F91: changes role from  FOLLOWER to CANDIDATE at term 139 for changeToCandidate
2019-10-22 00:13:09,374 [Thread-1444] INFO  impl.RoleInfo (RoleInfo.java:updateAndGet(143)) - 2fdb3e93-e0d8-400e-8c33-91e2341b50c6: start LeaderElection
2019-10-22 00:13:09,387 [2fdb3e93-e0d8-400e-8c33-91e2341b50c6@group-F01152B53F91-LeaderElection143] INFO  impl.LeaderElection (LeaderElection.java:askForVotes(178)) - 2fdb3e93-e0d8-400e-8c33-91e2341b50c6@group-F01152B53F91-LeaderElection143: begin an election at term 140 for -1: [2fdb3e93-e0d8-400e-8c33-91e2341b50c6:192.168.157.254:43254, 062c71de-08d9-40ee-9309-15590e2e8e68:192.168.157.254:45598, 2a52019e-5647-44e1-bf30-9a43fd8a7377:192.168.157.254:36038], old=null
2019-10-22 00:13:09,389 [grpc-default-executor-4] INFO  impl.RaftServerImpl (RaftServerImpl.java:setRole(184)) - 062c71de-08d9-40ee-9309-15590e2e8e68@group-F01152B53F91: changes role from  FOLLOWER to FOLLOWER at term 140 for recognizeCandidate:2fdb3e93-e0d8-400e-8c33-91e2341b50c6
2019-10-22 00:13:09,389 [grpc-default-executor-4] INFO  impl.RoleInfo (RoleInfo.java:shutdownFollowerState(121)) - 062c71de-08d9-40ee-9309-15590e2e8e68: shutdown FollowerState
2019-10-22 00:13:09,389 [grpc-default-executor-6] INFO  impl.RaftServerImpl (RaftServerImpl.java:setRole(184)) - 2a52019e-5647-44e1-bf30-9a43fd8a7377@group-F01152B53F91: changes role from  FOLLOWER to FOLLOWER at term 140 for recognizeCandidate:2fdb3e93-e0d8-400e-8c33-91e2341b50c6
2019-10-22 00:13:09,389 [grpc-default-executor-4] INFO  impl.RoleInfo (RoleInfo.java:updateAndGet(143)) - 062c71de-08d9-40ee-9309-15590e2e8e68: start FollowerState
2019-10-22 00:13:09,389 [Thread-1443] INFO  impl.FollowerState (FollowerState.java:run(117)) - 062c71de-08d9-40ee-9309-15590e2e8e68@group-F01152B53F91-FollowerState was interrupted: java.lang.InterruptedException: sleep interrupted
2019-10-22 00:13:09,389 [grpc-default-executor-6] INFO  impl.RoleInfo (RoleInfo.java:shutdownFollowerState(121)) - 2a52019e-5647-44e1-bf30-9a43fd8a7377: shutdown FollowerState
2019-10-22 00:13:09,389 [grpc-default-executor-6] INFO  impl.RoleInfo (RoleInfo.java:updateAndGet(143)) - 2a52019e-5647-44e1-bf30-9a43fd8a7377: start FollowerState
2019-10-22 00:13:09,389 [Thread-1442] INFO  impl.FollowerState (FollowerState.java:run(117)) - 2a52019e-5647-44e1-bf30-9a43fd8a7377@group-F01152B53F91-FollowerState was interrupted: java.lang.InterruptedException: sleep interrupted
2019-10-22 00:13:09,413 [2fdb3e93-e0d8-400e-8c33-91e2341b50c6@group-F01152B53F91-LeaderElection143] INFO  impl.LeaderElection (LeaderElection.java:logAndReturn(56)) - 2fdb3e93-e0d8-400e-8c33-91e2341b50c6@group-F01152B53F91-LeaderElection143: Election REJECTED; received 2 response(s) [2fdb3e93-e0d8-400e-8c33-91e2341b50c6<-062c71de-08d9-40ee-9309-15590e2e8e68#0:FAIL-t140, 2fdb3e93-e0d8-400e-8c33-91e2341b50c6<-2a52019e-5647-44e1-bf30-9a43fd8a7377#0:FAIL-t140] and 0 exception(s); 2fdb3e93-e0d8-400e-8c33-91e2341b50c6@group-F01152B53F91:t140, leader=null, voted=2fdb3e93-e0d8-400e-8c33-91e2341b50c6, raftlog=2fdb3e93-e0d8-400e-8c33-91e2341b50c6@group-F01152B53F91-SegmentedRaftLog:OPENED:c-1,f-1,i0, conf=-1: [2fdb3e93-e0d8-400e-8c33-91e2341b50c6:192.168.157.254:43254, 062c71de-08d9-40ee-9309-15590e2e8e68:192.168.157.254:45598, 2a52019e-5647-44e1-bf30-9a43fd8a7377:192.168.157.254:36038], old=null
2019-10-22 00:13:09,413 [2fdb3e93-e0d8-400e-8c33-91e2341b50c6@group-F01152B53F91-LeaderElection143] INFO  impl.RaftServerImpl (RaftServerImpl.java:setRole(184)) - 2fdb3e93-e0d8-400e-8c33-91e2341b50c6@group-F01152B53F91: changes role from CANDIDATE to FOLLOWER at term 140 for DISCOVERED_A_NEW_TERM
2019-10-22 00:13:09,413 [2fdb3e93-e0d8-400e-8c33-91e2341b50c6@group-F01152B53F91-LeaderElection143] INFO  impl.RoleInfo (RoleInfo.java:shutdownLeaderElection(134)) - 2fdb3e93-e0d8-400e-8c33-91e2341b50c6: shutdown LeaderElection
2019-10-22 00:13:09,413 [2fdb3e93-e0d8-400e-8c33-91e2341b50c6@group-F01152B53F91-LeaderElection143] INFO  impl.RoleInfo (RoleInfo.java:updateAndGet(143)) - 2fdb3e93-e0d8-400e-8c33-91e2341b50c6: start FollowerState
2019-10-22 00:13:09,463 [Thread-1450] INFO  impl.FollowerState (FollowerState.java:run(108)) - 2fdb3e93-e0d8-400e-8c33-91e2341b50c6@group-F01152B53F91-FollowerState: change to CANDIDATE, lastRpcTime:49ms, electionTimeout:49ms
2019-10-22 00:13:09,463 [Thread-1450] INFO  impl.RoleInfo (RoleInfo.java:shutdownFollowerState(121)) - 2fdb3e93-e0d8-400e-8c33-91e2341b50c6: shutdown FollowerState
2019-10-22 00:13:09,463 [Thread-1450] INFO  impl.RaftServerImpl (RaftServerImpl.java:setRole(184)) - 2fdb3e93-e0d8-400e-8c33-91e2341b50c6@group-F01152B53F91: changes role from  FOLLOWER to CANDIDATE at term 140 for changeToCandidate
2019-10-22 00:13:09,463 [Thread-1450] INFO  impl.RoleInfo (RoleInfo.java:updateAndGet(143)) - 2fdb3e93-e0d8-400e-8c33-91e2341b50c6: start LeaderElection
2019-10-22 00:13:09,476 [2fdb3e93-e0d8-400e-8c33-91e2341b50c6@group-F01152B53F91-LeaderElection144] INFO  impl.LeaderElection (LeaderElection.java:askForVotes(178)) - 2fdb3e93-e0d8-400e-8c33-91e2341b50c6@group-F01152B53F91-LeaderElection144: begin an election at term 141 for -1: [2fdb3e93-e0d8-400e-8c33-91e2341b50c6:192.168.157.254:43254, 062c71de-08d9-40ee-9309-15590e2e8e68:192.168.157.254:45598, 2a52019e-5647-44e1-bf30-9a43fd8a7377:192.168.157.254:36038], old=null
2019-10-22 00:13:09,478 [grpc-default-executor-4] INFO  impl.RaftServerImpl (RaftServerImpl.java:setRole(184)) - 2a52019e-5647-44e1-bf30-9a43fd8a7377@group-F01152B53F91: changes role from  FOLLOWER to FOLLOWER at term 141 for recognizeCandidate:2fdb3e93-e0d8-400e-8c33-91e2341b50c6
2019-10-22 00:13:09,478 [grpc-default-executor-6] INFO  impl.RaftServerImpl (RaftServerImpl.java:setRole(184)) - 062c71de-08d9-40ee-9309-15590e2e8e68@group-F01152B53F91: changes role from  FOLLOWER to FOLLOWER at term 141 for recognizeCandidate:2fdb3e93-e0d8-400e-8c33-91e2341b50c6
2019-10-22 00:13:09,478 [grpc-default-executor-4] INFO  impl.RoleInfo (RoleInfo.java:shutdownFollowerState(121)) - 2a52019e-5647-44e1-bf30-9a43fd8a7377: shutdown FollowerState
2019-10-22 00:13:09,478 [grpc-default-executor-6] INFO  impl.RoleInfo (RoleInfo.java:shutdownFollowerState(121)) - 062c71de-08d9-40ee-9309-15590e2e8e68: shutdown FollowerState
2019-10-22 00:13:09,479 [grpc-default-executor-4] INFO  impl.RoleInfo (RoleInfo.java:updateAndGet(143)) - 2a52019e-5647-44e1-bf30-9a43fd8a7377: start FollowerState
2019-10-22 00:13:09,479 [Thread-1448] INFO  impl.FollowerState (FollowerState.java:run(117)) - 062c71de-08d9-40ee-9309-15590e2e8e68@group-F01152B53F91-FollowerState was interrupted: java.lang.InterruptedException: sleep interrupted
2019-10-22 00:13:09,479 [grpc-default-executor-6] INFO  impl.RoleInfo (RoleInfo.java:updateAndGet(143)) - 062c71de-08d9-40ee-9309-15590e2e8e68: start FollowerState
2019-10-22 00:13:09,479 [Thread-1449] INFO  impl.FollowerState (FollowerState.java:run(117)) - 2a52019e-5647-44e1-bf30-9a43fd8a7377@group-F01152B53F91-FollowerState was interrupted: java.lang.InterruptedException: sleep interrupted
2019-10-22 00:13:09,494 [2fdb3e93-e0d8-400e-8c33-91e2341b50c6@group-F01152B53F91-LeaderElection144] INFO  impl.LeaderElection (LeaderElection.java:logAndReturn(56)) - 2fdb3e93-e0d8-400e-8c33-91e2341b50c6@group-F01152B53F91-LeaderElection144: Election REJECTED; received 2 response(s) [2fdb3e93-e0d8-400e-8c33-91e2341b50c6<-062c71de-08d9-40ee-9309-15590e2e8e68#0:FAIL-t141, 2fdb3e93-e0d8-400e-8c33-91e2341b50c6<-2a52019e-5647-44e1-bf30-9a43fd8a7377#0:FAIL-t141] and 0 exception(s); 2fdb3e93-e0d8-400e-8c33-91e2341b50c6@group-F01152B53F91:t141, leader=null, voted=2fdb3e93-e0d8-400e-8c33-91e2341b50c6, raftlog=2fdb3e93-e0d8-400e-8c33-91e2341b50c6@group-F01152B53F91-SegmentedRaftLog:OPENED:c-1,f-1,i0, conf=-1: [2fdb3e93-e0d8-400e-8c33-91e2341b50c6:192.168.157.254:43254, 062c71de-08d9-40ee-9309-15590e2e8e68:192.168.157.254:45598, 2a52019e-5647-44e1-bf30-9a43fd8a7377:192.168.157.254:36038], old=null
2019-10-22 00:13:09,494 [2fdb3e93-e0d8-400e-8c33-91e2341b50c6@group-F01152B53F91-LeaderElection144] INFO  impl.RaftServerImpl (RaftServerImpl.java:setRole(184)) - 2fdb3e93-e0d8-400e-8c33-91e2341b50c6@group-F01152B53F91: changes role from CANDIDATE to FOLLOWER at term 141 for DISCOVERED_A_NEW_TERM
2019-10-22 00:13:09,494 [2fdb3e93-e0d8-400e-8c33-91e2341b50c6@group-F01152B53F91-LeaderElection144] INFO  impl.RoleInfo (RoleInfo.java:shutdownLeaderElection(134)) - 2fdb3e93-e0d8-400e-8c33-91e2341b50c6: shutdown LeaderElection
2019-10-22 00:13:09,494 [2fdb3e93-e0d8-400e-8c33-91e2341b50c6@group-F01152B53F91-LeaderElection144] INFO  impl.RoleInfo (RoleInfo.java:updateAndGet(143)) - 2fdb3e93-e0d8-400e-8c33-91e2341b50c6: start FollowerState
2019-10-22 00:13:09,614 [Thread-1456] INFO  impl.FollowerState (FollowerState.java:run(108)) - 2fdb3e93-e0d8-400e-8c33-91e2341b50c6@group-F01152B53F91-FollowerState: change to CANDIDATE, lastRpcTime:119ms, electionTimeout:119ms
2019-10-22 00:13:09,614 [Thread-1456] INFO  impl.RoleInfo (RoleInfo.java:shutdownFollowerState(121)) - 2fdb3e93-e0d8-400e-8c33-91e2341b50c6: shutdown FollowerState
2019-10-22 00:13:09,614 [Thread-1456] INFO  impl.RaftServerImpl (RaftServerImpl.java:setRole(184)) - 2fdb3e93-e0d8-400e-8c33-91e2341b50c6@group-F01152B53F91: changes role from  FOLLOWER to CANDIDATE at term 141 for changeToCandidate
2019-10-22 00:13:09,614 [Thread-1456] INFO  impl.RoleInfo (RoleInfo.java:updateAndGet(143)) - 2fdb3e93-e0d8-400e-8c33-91e2341b50c6: start LeaderElection
2019-10-22 00:13:09,659 [2fdb3e93-e0d8-400e-8c33-91e2341b50c6@group-F01152B53F91-LeaderElection145] INFO  impl.LeaderElection (LeaderElection.java:askForVotes(178)) - 2fdb3e93-e0d8-400e-8c33-91e2341b50c6@group-F01152B53F91-LeaderElection145: begin an election at term 142 for -1: [2fdb3e93-e0d8-400e-8c33-91e2341b50c6:192.168.157.254:43254, 062c71de-08d9-40ee-9309-15590e2e8e68:192.168.157.254:45598, 2a52019e-5647-44e1-bf30-9a43fd8a7377:192.168.157.254:36038], old=null
2019-10-22 00:13:09,660 [grpc-default-executor-4] INFO  impl.RaftServerImpl (RaftServerImpl.java:setRole(184)) - 062c71de-08d9-40ee-9309-15590e2e8e68@group-F01152B53F91: changes role from  FOLLOWER to FOLLOWER at term 142 for recognizeCandidate:2fdb3e93-e0d8-400e-8c33-91e2341b50c6
2019-10-22 00:13:09,660 [grpc-default-executor-4] INFO  impl.RoleInfo (RoleInfo.java:shutdownFollowerState(121)) - 062c71de-08d9-40ee-9309-15590e2e8e68: shutdown FollowerState
2019-10-22 00:13:09,660 [grpc-default-executor-4] INFO  impl.RoleInfo (RoleInfo.java:updateAndGet(143)) - 062c71de-08d9-40ee-9309-15590e2e8e68: start FollowerState
2019-10-22 00:13:09,660 [grpc-default-executor-6] INFO  impl.RaftServerImpl (RaftServerImpl.java:setRole(184)) - 2a52019e-5647-44e1-bf30-9a43fd8a7377@group-F01152B53F91: changes role from  FOLLOWER to FOLLOWER at term 142 for recognizeCandidate:2fdb3e93-e0d8-400e-8c33-91e2341b50c6
2019-10-22 00:13:09,660 [Thread-1455] INFO  impl.FollowerState (FollowerState.java:run(117)) - 062c71de-08d9-40ee-9309-15590e2e8e68@group-F01152B53F91-FollowerState was interrupted: java.lang.InterruptedException: sleep interrupted
2019-10-22 00:13:09,661 [grpc-default-executor-6] INFO  impl.RoleInfo (RoleInfo.java:shutdownFollowerState(121)) - 2a52019e-5647-44e1-bf30-9a43fd8a7377: shutdown FollowerState
2019-10-22 00:13:09,661 [grpc-default-executor-6] INFO  impl.RoleInfo (RoleInfo.java:updateAndGet(143)) - 2a52019e-5647-44e1-bf30-9a43fd8a7377: start FollowerState
2019-10-22 00:13:09,661 [Thread-1454] INFO  impl.FollowerState (FollowerState.java:run(117)) - 2a52019e-5647-44e1-bf30-9a43fd8a7377@group-F01152B53F91-FollowerState was interrupted: java.lang.InterruptedException: sleep interrupted
2019-10-22 00:13:09,704 [2fdb3e93-e0d8-400e-8c33-91e2341b50c6@group-F01152B53F91-LeaderElection145] INFO  impl.LeaderElection (LeaderElection.java:logAndReturn(56)) - 2fdb3e93-e0d8-400e-8c33-91e2341b50c6@group-F01152B53F91-LeaderElection145: Election REJECTED; received 2 response(s) [2fdb3e93-e0d8-400e-8c33-91e2341b50c6<-062c71de-08d9-40ee-9309-15590e2e8e68#0:FAIL-t142, 2fdb3e93-e0d8-400e-8c33-91e2341b50c6<-2a52019e-5647-44e1-bf30-9a43fd8a7377#0:FAIL-t142] and 0 exception(s); 2fdb3e93-e0d8-400e-8c33-91e2341b50c6@group-F01152B53F91:t142, leader=null, voted=2fdb3e93-e0d8-400e-8c33-91e2341b50c6, raftlog=2fdb3e93-e0d8-400e-8c33-91e2341b50c6@group-F01152B53F91-SegmentedRaftLog:OPENED:c-1,f-1,i0, conf=-1: [2fdb3e93-e0d8-400e-8c33-91e2341b50c6:192.168.157.254:43254, 062c71de-08d9-40ee-9309-15590e2e8e68:192.168.157.254:45598, 2a52019e-5647-44e1-bf30-9a43fd8a7377:192.168.157.254:36038], old=null
2019-10-22 00:13:09,704 [2fdb3e93-e0d8-400e-8c33-91e2341b50c6@group-F01152B53F91-LeaderElection145] INFO  impl.RaftServerImpl (RaftServerImpl.java:setRole(184)) - 2fdb3e93-e0d8-400e-8c33-91e2341b50c6@group-F01152B53F91: changes role from CANDIDATE to FOLLOWER at term 142 for DISCOVERED_A_NEW_TERM
2019-10-22 00:13:09,704 [2fdb3e93-e0d8-400e-8c33-91e2341b50c6@group-F01152B53F91-LeaderElection145] INFO  impl.RoleInfo (RoleInfo.java:shutdownLeaderElection(134)) - 2fdb3e93-e0d8-400e-8c33-91e2341b50c6: shutdown LeaderElection
2019-10-22 00:13:09,704 [2fdb3e93-e0d8-400e-8c33-91e2341b50c6@group-F01152B53F91-LeaderElection145] INFO  impl.RoleInfo (RoleInfo.java:updateAndGet(143)) - 2fdb3e93-e0d8-400e-8c33-91e2341b50c6: start FollowerState
2019-10-22 00:13:09,731 [Thread-1462] INFO  impl.FollowerState (FollowerState.java:run(108)) - 2fdb3e93-e0d8-400e-8c33-91e2341b50c6@group-F01152B53F91-FollowerState: change to CANDIDATE, lastRpcTime:26ms, electionTimeout:26ms
2019-10-22 00:13:09,731 [Thread-1462] INFO  impl.RoleInfo (RoleInfo.java:shutdownFollowerState(121)) - 2fdb3e93-e0d8-400e-8c33-91e2341b50c6: shutdown FollowerState
2019-10-22 00:13:09,731 [Thread-1462] INFO  impl.RaftServerImpl (RaftServerImpl.java:setRole(184)) - 2fdb3e93-e0d8-400e-8c33-91e2341b50c6@group-F01152B53F91: changes role from  FOLLOWER to CANDIDATE at term 142 for changeToCandidate
2019-10-22 00:13:09,731 [Thread-1462] INFO  impl.RoleInfo (RoleInfo.java:updateAndGet(143)) - 2fdb3e93-e0d8-400e-8c33-91e2341b50c6: start LeaderElection
2019-10-22 00:13:09,796 [2fdb3e93-e0d8-400e-8c33-91e2341b50c6@group-F01152B53F91-LeaderElection146] INFO  impl.LeaderElection (LeaderElection.java:askForVotes(178)) - 2fdb3e93-e0d8-400e-8c33-91e2341b50c6@group-F01152B53F91-LeaderElection146: begin an election at term 143 for -1: [2fdb3e93-e0d8-400e-8c33-91e2341b50c6:192.168.157.254:43254, 062c71de-08d9-40ee-9309-15590e2e8e68:192.168.157.254:45598, 2a52019e-5647-44e1-bf30-9a43fd8a7377:192.168.157.254:36038], old=null
2019-10-22 00:13:09,798 [grpc-default-executor-4] INFO  impl.RaftServerImpl (RaftServerImpl.java:setRole(184)) - 062c71de-08d9-40ee-9309-15590e2e8e68@group-F01152B53F91: changes role from  FOLLOWER to FOLLOWER at term 143 for recognizeCandidate:2fdb3e93-e0d8-400e-8c33-91e2341b50c6
2019-10-22 00:13:09,798 [grpc-default-executor-6] INFO  impl.RaftServerImpl (RaftServerImpl.java:setRole(184)) - 2a52019e-5647-44e1-bf30-9a43fd8a7377@group-F01152B53F91: changes role from  FOLLOWER to FOLLOWER at term 143 for recognizeCandidate:2fdb3e93-e0d8-400e-8c33-91e2341b50c6
2019-10-22 00:13:09,798 [grpc-default-executor-4] INFO  impl.RoleInfo (RoleInfo.java:shutdownFollowerState(121)) - 062c71de-08d9-40ee-9309-15590e2e8e68: shutdown FollowerState
2019-10-22 00:13:09,798 [grpc-default-executor-6] INFO  impl.RoleInfo (RoleInfo.java:shutdownFollowerState(121)) - 2a52019e-5647-44e1-bf30-9a43fd8a7377: shutdown FollowerState
2019-10-22 00:13:09,798 [Thread-1460] INFO  impl.FollowerState (FollowerState.java:run(117)) - 062c71de-08d9-40ee-9309-15590e2e8e68@group-F01152B53F91-FollowerState was interrupted: java.lang.InterruptedException: sleep interrupted
2019-10-22 00:13:09,798 [grpc-default-executor-6] INFO  impl.RoleInfo (RoleInfo.java:updateAndGet(143)) - 2a52019e-5647-44e1-bf30-9a43fd8a7377: start FollowerState
2019-10-22 00:13:09,798 [grpc-default-executor-4] INFO  impl.RoleInfo (RoleInfo.java:updateAndGet(143)) - 062c71de-08d9-40ee-9309-15590e2e8e68: start FollowerState
2019-10-22 00:13:09,799 [Thread-1461] INFO  impl.FollowerState (FollowerState.java:run(117)) - 2a52019e-5647-44e1-bf30-9a43fd8a7377@group-F01152B53F91-FollowerState was interrupted: java.lang.InterruptedException: sleep interrupted
2019-10-22 00:13:09,843 [2fdb3e93-e0d8-400e-8c33-91e2341b50c6@group-F01152B53F91-LeaderElection146] INFO  impl.LeaderElection (LeaderElection.java:logAndReturn(56)) - 2fdb3e93-e0d8-400e-8c33-91e2341b50c6@group-F01152B53F91-LeaderElection146: Election REJECTED; received 2 response(s) [2fdb3e93-e0d8-400e-8c33-91e2341b50c6<-062c71de-08d9-40ee-9309-15590e2e8e68#0:FAIL-t143, 2fdb3e93-e0d8-400e-8c33-91e2341b50c6<-2a52019e-5647-44e1-bf30-9a43fd8a7377#0:FAIL-t143] and 0 exception(s); 2fdb3e93-e0d8-400e-8c33-91e2341b50c6@group-F01152B53F91:t143, leader=null, voted=2fdb3e93-e0d8-400e-8c33-91e2341b50c6, raftlog=2fdb3e93-e0d8-400e-8c33-91e2341b50c6@group-F01152B53F91-SegmentedRaftLog:OPENED:c-1,f-1,i0, conf=-1: [2fdb3e93-e0d8-400e-8c33-91e2341b50c6:192.168.157.254:43254, 062c71de-08d9-40ee-9309-15590e2e8e68:192.168.157.254:45598, 2a52019e-5647-44e1-bf30-9a43fd8a7377:192.168.157.254:36038], old=null
2019-10-22 00:13:09,843 [2fdb3e93-e0d8-400e-8c33-91e2341b50c6@group-F01152B53F91-LeaderElection146] INFO  impl.RaftServerImpl (RaftServerImpl.java:setRole(184)) - 2fdb3e93-e0d8-400e-8c33-91e2341b50c6@group-F01152B53F91: changes role from CANDIDATE to FOLLOWER at term 143 for DISCOVERED_A_NEW_TERM
2019-10-22 00:13:09,843 [2fdb3e93-e0d8-400e-8c33-91e2341b50c6@group-F01152B53F91-LeaderElection146] INFO  impl.RoleInfo (RoleInfo.java:shutdownLeaderElection(134)) - 2fdb3e93-e0d8-400e-8c33-91e2341b50c6: shutdown LeaderElection
2019-10-22 00:13:09,843 [2fdb3e93-e0d8-400e-8c33-91e2341b50c6@group-F01152B53F91-LeaderElection146] INFO  impl.RoleInfo (RoleInfo.java:updateAndGet(143)) - 2fdb3e93-e0d8-400e-8c33-91e2341b50c6: start FollowerState
2019-10-22 00:13:10,007 [Thread-1469] INFO  impl.FollowerState (FollowerState.java:run(108)) - 2fdb3e93-e0d8-400e-8c33-91e2341b50c6@group-F01152B53F91-FollowerState: change to CANDIDATE, lastRpcTime:163ms, electionTimeout:163ms
2019-10-22 00:13:10,007 [Thread-1469] INFO  impl.RoleInfo (RoleInfo.java:shutdownFollowerState(121)) - 2fdb3e93-e0d8-400e-8c33-91e2341b50c6: shutdown FollowerState
2019-10-22 00:13:10,007 [Thread-1469] INFO  impl.RaftServerImpl (RaftServerImpl.java:setRole(184)) - 2fdb3e93-e0d8-400e-8c33-91e2341b50c6@group-F01152B53F91: changes role from  FOLLOWER to CANDIDATE at term 143 for changeToCandidate
2019-10-22 00:13:10,007 [Thread-1469] INFO  impl.RoleInfo (RoleInfo.java:updateAndGet(143)) - 2fdb3e93-e0d8-400e-8c33-91e2341b50c6: start LeaderElection
2019-10-22 00:13:10,021 [2fdb3e93-e0d8-400e-8c33-91e2341b50c6@group-F01152B53F91-LeaderElection147] INFO  impl.LeaderElection (LeaderElection.java:askForVotes(178)) - 2fdb3e93-e0d8-400e-8c33-91e2341b50c6@group-F01152B53F91-LeaderElection147: begin an election at term 144 for -1: [2fdb3e93-e0d8-400e-8c33-91e2341b50c6:192.168.157.254:43254, 062c71de-08d9-40ee-9309-15590e2e8e68:192.168.157.254:45598, 2a52019e-5647-44e1-bf30-9a43fd8a7377:192.168.157.254:36038], old=null
2019-10-22 00:13:10,023 [grpc-default-executor-6] INFO  impl.RaftServerImpl (RaftServerImpl.java:setRole(184)) - 062c71de-08d9-40ee-9309-15590e2e8e68@group-F01152B53F91: changes role from  FOLLOWER to FOLLOWER at term 144 for recognizeCandidate:2fdb3e93-e0d8-400e-8c33-91e2341b50c6
2019-10-22 00:13:10,023 [grpc-default-executor-6] INFO  impl.RoleInfo (RoleInfo.java:shutdownFollowerState(121)) - 062c71de-08d9-40ee-9309-15590e2e8e68: shutdown FollowerState
2019-10-22 00:13:10,023 [grpc-default-executor-4] INFO  impl.RaftServerImpl (RaftServerImpl.java:setRole(184)) - 2a52019e-5647-44e1-bf30-9a43fd8a7377@group-F01152B53F91: changes role from  FOLLOWER to FOLLOWER at term 144 for recognizeCandidate:2fdb3e93-e0d8-400e-8c33-91e2341b50c6
2019-10-22 00:13:10,023 [Thread-1466] INFO  impl.FollowerState (FollowerState.java:run(117)) - 062c71de-08d9-40ee-9309-15590e2e8e68@group-F01152B53F91-FollowerState was interrupted: java.lang.InterruptedException: sleep interrupted
2019-10-22 00:13:10,023 [grpc-default-executor-6] INFO  impl.RoleInfo (RoleInfo.java:updateAndGet(143)) - 062c71de-08d9-40ee-9309-15590e2e8e68: start FollowerState
2019-10-22 00:13:10,023 [grpc-default-executor-4] INFO  impl.RoleInfo (RoleInfo.java:shutdownFollowerState(121)) - 2a52019e-5647-44e1-bf30-9a43fd8a7377: shutdown FollowerState
2019-10-22 00:13:10,023 [grpc-default-executor-4] INFO  impl.RoleInfo (RoleInfo.java:updateAndGet(143)) - 2a52019e-5647-44e1-bf30-9a43fd8a7377: start FollowerState
2019-10-22 00:13:10,023 [Thread-1467] INFO  impl.FollowerState (FollowerState.java:run(117)) - 2a52019e-5647-44e1-bf30-9a43fd8a7377@group-F01152B53F91-FollowerState was interrupted: java.lang.InterruptedException: sleep interrupted
2019-10-22 00:13:10,039 [2fdb3e93-e0d8-400e-8c33-91e2341b50c6@group-F01152B53F91-LeaderElection147] INFO  impl.LeaderElection (LeaderElection.java:logAndReturn(56)) - 2fdb3e93-e0d8-400e-8c33-91e2341b50c6@group-F01152B53F91-LeaderElection147: Election REJECTED; received 2 response(s) [2fdb3e93-e0d8-400e-8c33-91e2341b50c6<-062c71de-08d9-40ee-9309-15590e2e8e68#0:FAIL-t144, 2fdb3e93-e0d8-400e-8c33-91e2341b50c6<-2a52019e-5647-44e1-bf30-9a43fd8a7377#0:FAIL-t144] and 0 exception(s); 2fdb3e93-e0d8-400e-8c33-91e2341b50c6@group-F01152B53F91:t144, leader=null, voted=2fdb3e93-e0d8-400e-8c33-91e2341b50c6, raftlog=2fdb3e93-e0d8-400e-8c33-91e2341b50c6@group-F01152B53F91-SegmentedRaftLog:OPENED:c-1,f-1,i0, conf=-1: [2fdb3e93-e0d8-400e-8c33-91e2341b50c6:192.168.157.254:43254, 062c71de-08d9-40ee-9309-15590e2e8e68:192.168.157.254:45598, 2a52019e-5647-44e1-bf30-9a43fd8a7377:192.168.157.254:36038], old=null
2019-10-22 00:13:10,039 [2fdb3e93-e0d8-400e-8c33-91e2341b50c6@group-F01152B53F91-LeaderElection147] INFO  impl.RaftServerImpl (RaftServerImpl.java:setRole(184)) - 2fdb3e93-e0d8-400e-8c33-91e2341b50c6@group-F01152B53F91: changes role from CANDIDATE to FOLLOWER at term 144 for DISCOVERED_A_NEW_TERM
2019-10-22 00:13:10,039 [2fdb3e93-e0d8-400e-8c33-91e2341b50c6@group-F01152B53F91-LeaderElection147] INFO  impl.RoleInfo (RoleInfo.java:shutdownLeaderElection(134)) - 2fdb3e93-e0d8-400e-8c33-91e2341b50c6: shutdown LeaderElection
2019-10-22 00:13:10,039 [2fdb3e93-e0d8-400e-8c33-91e2341b50c6@group-F01152B53F91-LeaderElection147] INFO  impl.RoleInfo (RoleInfo.java:updateAndGet(143)) - 2fdb3e93-e0d8-400e-8c33-91e2341b50c6: start FollowerState
2019-10-22 00:13:10,126 [Thread-1475] INFO  impl.FollowerState (FollowerState.java:run(108)) - 2fdb3e93-e0d8-400e-8c33-91e2341b50c6@group-F01152B53F91-FollowerState: change to CANDIDATE, lastRpcTime:87ms, electionTimeout:87ms
2019-10-22 00:13:10,127 [Thread-1475] INFO  impl.RoleInfo (RoleInfo.java:shutdownFollowerState(121)) - 2fdb3e93-e0d8-400e-8c33-91e2341b50c6: shutdown FollowerState
2019-10-22 00:13:10,127 [Thread-1475] INFO  impl.RaftServerImpl (RaftServerImpl.java:setRole(184)) - 2fdb3e93-e0d8-400e-8c33-91e2341b50c6@group-F01152B53F91: changes role from  FOLLOWER to CANDIDATE at term 144 for changeToCandidate
2019-10-22 00:13:10,127 [Thread-1475] INFO  impl.RoleInfo (RoleInfo.java:updateAndGet(143)) - 2fdb3e93-e0d8-400e-8c33-91e2341b50c6: start LeaderElection
2019-10-22 00:13:10,156 [Thread-471] INFO  impl.FollowerState (FollowerState.java:run(108)) - 9d453efa-53cb-467a-9eb6-1ab0458610f0@group-597AF0FA787F-FollowerState: change to CANDIDATE, lastRpcTime:1961ms, electionTimeout:1062ms
2019-10-22 00:13:10,156 [Thread-471] INFO  impl.RoleInfo (RoleInfo.java:shutdownFollowerState(121)) - 9d453efa-53cb-467a-9eb6-1ab0458610f0: shutdown FollowerState
2019-10-22 00:13:10,156 [Thread-471] INFO  impl.RaftServerImpl (RaftServerImpl.java:setRole(184)) - 9d453efa-53cb-467a-9eb6-1ab0458610f0@group-597AF0FA787F: changes role from  FOLLOWER to CANDIDATE at term 5 for changeToCandidate
2019-10-22 00:13:10,157 [Thread-471] INFO  impl.RoleInfo (RoleInfo.java:updateAndGet(143)) - 9d453efa-53cb-467a-9eb6-1ab0458610f0: start LeaderElection
2019-10-22 00:13:10,157 [9d453efa-53cb-467a-9eb6-1ab0458610f0@group-597AF0FA787F-LeaderElection149] INFO  impl.RaftServerImpl (ServerState.java:setLeader(256)) - 9d453efa-53cb-467a-9eb6-1ab0458610f0@group-597AF0FA787F: change Leader from d521f5b1-4e7b-4169-9688-2112c7da7b1f to null at term 5 for initElection
2019-10-22 00:13:10,263 [2fdb3e93-e0d8-400e-8c33-91e2341b50c6@group-F01152B53F91-LeaderElection148] INFO  impl.LeaderElection (LeaderElection.java:askForVotes(178)) - 2fdb3e93-e0d8-400e-8c33-91e2341b50c6@group-F01152B53F91-LeaderElection148: begin an election at term 145 for -1: [2fdb3e93-e0d8-400e-8c33-91e2341b50c6:192.168.157.254:43254, 062c71de-08d9-40ee-9309-15590e2e8e68:192.168.157.254:45598, 2a52019e-5647-44e1-bf30-9a43fd8a7377:192.168.157.254:36038], old=null
2019-10-22 00:13:10,263 [9d453efa-53cb-467a-9eb6-1ab0458610f0@group-597AF0FA787F-LeaderElection149] INFO  impl.LeaderElection (LeaderElection.java:askForVotes(178)) - 9d453efa-53cb-467a-9eb6-1ab0458610f0@group-597AF0FA787F-LeaderElection149: begin an election at term 6 for 0: [d521f5b1-4e7b-4169-9688-2112c7da7b1f:192.168.157.254:45094, 9d453efa-53cb-467a-9eb6-1ab0458610f0:192.168.157.254:38611, f318eb4e-a4da-4d18-984a-fa4eff1dbce1:192.168.157.254:43586], old=null
2019-10-22 00:13:10,265 [grpc-default-executor-6] INFO  impl.RaftServerImpl (RaftServerImpl.java:setRole(184)) - 062c71de-08d9-40ee-9309-15590e2e8e68@group-F01152B53F91: changes role from  FOLLOWER to FOLLOWER at term 145 for recognizeCandidate:2fdb3e93-e0d8-400e-8c33-91e2341b50c6
2019-10-22 00:13:10,266 [grpc-default-executor-4] INFO  impl.RaftServerImpl (RaftServerImpl.java:setRole(184)) - 2a52019e-5647-44e1-bf30-9a43fd8a7377@group-F01152B53F91: changes role from  FOLLOWER to FOLLOWER at term 145 for recognizeCandidate:2fdb3e93-e0d8-400e-8c33-91e2341b50c6
2019-10-22 00:13:10,266 [grpc-default-executor-5] INFO  impl.RaftServerImpl (ServerState.java:setLeader(256)) - f318eb4e-a4da-4d18-984a-fa4eff1dbce1@group-597AF0FA787F: change Leader from d521f5b1-4e7b-4169-9688-2112c7da7b1f to null at term 6 for updateCurrentTerm
2019-10-22 00:13:10,266 [grpc-default-executor-5] INFO  impl.RaftServerImpl (RaftServerImpl.java:setRole(184)) - f318eb4e-a4da-4d18-984a-fa4eff1dbce1@group-597AF0FA787F: changes role from  FOLLOWER to FOLLOWER at term 6 for recognizeCandidate:9d453efa-53cb-467a-9eb6-1ab0458610f0
2019-10-22 00:13:10,266 [grpc-default-executor-5] INFO  impl.RoleInfo (RoleInfo.java:shutdownFollowerState(121)) - f318eb4e-a4da-4d18-984a-fa4eff1dbce1: shutdown FollowerState
2019-10-22 00:13:10,266 [grpc-default-executor-6] INFO  impl.RoleInfo (RoleInfo.java:shutdownFollowerState(121)) - 062c71de-08d9-40ee-9309-15590e2e8e68: shutdown FollowerState
2019-10-22 00:13:10,266 [Thread-472] INFO  impl.FollowerState (FollowerState.java:run(117)) - f318eb4e-a4da-4d18-984a-fa4eff1dbce1@group-597AF0FA787F-FollowerState was interrupted: java.lang.InterruptedException: sleep interrupted
2019-10-22 00:13:10,266 [grpc-default-executor-5] INFO  impl.RoleInfo (RoleInfo.java:updateAndGet(143)) - f318eb4e-a4da-4d18-984a-fa4eff1dbce1: start FollowerState
2019-10-22 00:13:10,266 [grpc-default-executor-4] INFO  impl.RoleInfo (RoleInfo.java:shutdownFollowerState(121)) - 2a52019e-5647-44e1-bf30-9a43fd8a7377: shutdown FollowerState
2019-10-22 00:13:10,267 [Thread-1473] INFO  impl.FollowerState (FollowerState.java:run(117)) - 062c71de-08d9-40ee-9309-15590e2e8e68@group-F01152B53F91-FollowerState was interrupted: java.lang.InterruptedException: sleep interrupted
2019-10-22 00:13:10,267 [Thread-1474] INFO  impl.FollowerState (FollowerState.java:run(117)) - 2a52019e-5647-44e1-bf30-9a43fd8a7377@group-F01152B53F91-FollowerState was interrupted: java.lang.InterruptedException: sleep interrupted
2019-10-22 00:13:10,267 [grpc-default-executor-6] INFO  impl.RoleInfo (RoleInfo.java:updateAndGet(143)) - 062c71de-08d9-40ee-9309-15590e2e8e68: start FollowerState
2019-10-22 00:13:10,267 [grpc-default-executor-4] INFO  impl.RoleInfo (RoleInfo.java:updateAndGet(143)) - 2a52019e-5647-44e1-bf30-9a43fd8a7377: start FollowerState
2019-10-22 00:13:10,280 [9d453efa-53cb-467a-9eb6-1ab0458610f0@group-597AF0FA787F-LeaderElection149] INFO  impl.LeaderElection (LogUtils.java:infoOrTrace(149)) - 9d453efa-53cb-467a-9eb6-1ab0458610f0@group-597AF0FA787F-LeaderElection149 got exception when requesting votes: {}
java.util.concurrent.ExecutionException: org.apache.ratis.thirdparty.io.grpc.StatusRuntimeException: UNAVAILABLE: io exception
	at java.util.concurrent.FutureTask.report(FutureTask.java:122)
	at java.util.concurrent.FutureTask.get(FutureTask.java:192)
	at org.apache.ratis.server.impl.LeaderElection.waitForResults(LeaderElection.java:259)
	at org.apache.ratis.server.impl.LeaderElection.askForVotes(LeaderElection.java:197)
	at org.apache.ratis.server.impl.LeaderElection.run(LeaderElection.java:133)
	at java.lang.Thread.run(Thread.java:748)
Caused by: org.apache.ratis.thirdparty.io.grpc.StatusRuntimeException: UNAVAILABLE: io exception
	at org.apache.ratis.thirdparty.io.grpc.stub.ClientCalls.toStatusRuntimeException(ClientCalls.java:233)
	at org.apache.ratis.thirdparty.io.grpc.stub.ClientCalls.getUnchecked(ClientCalls.java:214)
	at org.apache.ratis.thirdparty.io.grpc.stub.ClientCalls.blockingUnaryCall(ClientCalls.java:139)
	at org.apache.ratis.proto.grpc.RaftServerProtocolServiceGrpc$RaftServerProtocolServiceBlockingStub.requestVote(RaftServerProtocolServiceGrpc.java:265)
	at org.apache.ratis.grpc.server.GrpcServerProtocolClient.requestVote(GrpcServerProtocolClient.java:99)
	at org.apache.ratis.grpc.server.GrpcService.requestVote(GrpcService.java:204)
	at org.apache.ratis.server.impl.LeaderElection.lambda$submitRequests$1(LeaderElection.java:234)
	at java.util.concurrent.FutureTask.run(FutureTask.java:266)
	at java.util.concurrent.Executors$RunnableAdapter.call(Executors.java:511)
	at java.util.concurrent.FutureTask.run(FutureTask.java:266)
	at java.util.concurrent.ThreadPoolExecutor.runWorker(ThreadPoolExecutor.java:1149)
	at java.util.concurrent.ThreadPoolExecutor$Worker.run(ThreadPoolExecutor.java:624)
	... 1 more
Caused by: org.apache.ratis.thirdparty.io.netty.channel.AbstractChannel$AnnotatedConnectException: Connection refused: /192.168.157.254:45094
	at sun.nio.ch.SocketChannelImpl.checkConnect(Native Method)
	at sun.nio.ch.SocketChannelImpl.finishConnect(SocketChannelImpl.java:717)
	at org.apache.ratis.thirdparty.io.netty.channel.socket.nio.NioSocketChannel.doFinishConnect(NioSocketChannel.java:327)
	at org.apache.ratis.thirdparty.io.netty.channel.nio.AbstractNioChannel$AbstractNioUnsafe.finishConnect(AbstractNioChannel.java:340)
	at org.apache.ratis.thirdparty.io.netty.channel.nio.NioEventLoop.processSelectedKey(NioEventLoop.java:632)
	at org.apache.ratis.thirdparty.io.netty.channel.nio.NioEventLoop.processSelectedKeysOptimized(NioEventLoop.java:579)
	at org.apache.ratis.thirdparty.io.netty.channel.nio.NioEventLoop.processSelectedKeys(NioEventLoop.java:496)
	at org.apache.ratis.thirdparty.io.netty.channel.nio.NioEventLoop.run(NioEventLoop.java:458)
	at org.apache.ratis.thirdparty.io.netty.util.concurrent.SingleThreadEventExecutor$5.run(SingleThreadEventExecutor.java:897)
	at org.apache.ratis.thirdparty.io.netty.util.concurrent.FastThreadLocalRunnable.run(FastThreadLocalRunnable.java:30)
	... 1 more
Caused by: java.net.ConnectException: Connection refused
	... 11 more
2019-10-22 00:13:10,298 [2fdb3e93-e0d8-400e-8c33-91e2341b50c6@group-F01152B53F91-LeaderElection148] INFO  impl.LeaderElection (LeaderElection.java:logAndReturn(56)) - 2fdb3e93-e0d8-400e-8c33-91e2341b50c6@group-F01152B53F91-LeaderElection148: Election TIMEOUT; received 0 response(s) [] and 0 exception(s); 2fdb3e93-e0d8-400e-8c33-91e2341b50c6@group-F01152B53F91:t145, leader=null, voted=2fdb3e93-e0d8-400e-8c33-91e2341b50c6, raftlog=2fdb3e93-e0d8-400e-8c33-91e2341b50c6@group-F01152B53F91-SegmentedRaftLog:OPENED:c-1,f-1,i0, conf=-1: [2fdb3e93-e0d8-400e-8c33-91e2341b50c6:192.168.157.254:43254, 062c71de-08d9-40ee-9309-15590e2e8e68:192.168.157.254:45598, 2a52019e-5647-44e1-bf30-9a43fd8a7377:192.168.157.254:36038], old=null
2019-10-22 00:13:10,347 [2fdb3e93-e0d8-400e-8c33-91e2341b50c6@group-F01152B53F91-LeaderElection148] INFO  impl.LeaderElection (LeaderElection.java:askForVotes(178)) - 2fdb3e93-e0d8-400e-8c33-91e2341b50c6@group-F01152B53F91-LeaderElection148: begin an election at term 146 for -1: [2fdb3e93-e0d8-400e-8c33-91e2341b50c6:192.168.157.254:43254, 062c71de-08d9-40ee-9309-15590e2e8e68:192.168.157.254:45598, 2a52019e-5647-44e1-bf30-9a43fd8a7377:192.168.157.254:36038], old=null
2019-10-22 00:13:10,348 [9d453efa-53cb-467a-9eb6-1ab0458610f0@group-597AF0FA787F-LeaderElection149] INFO  impl.LeaderElection (LeaderElection.java:logAndReturn(56)) - 9d453efa-53cb-467a-9eb6-1ab0458610f0@group-597AF0FA787F-LeaderElection149: Election PASSED; received 1 response(s) [9d453efa-53cb-467a-9eb6-1ab0458610f0<-f318eb4e-a4da-4d18-984a-fa4eff1dbce1#0:OK-t6] and 1 exception(s); 9d453efa-53cb-467a-9eb6-1ab0458610f0@group-597AF0FA787F:t6, leader=null, voted=9d453efa-53cb-467a-9eb6-1ab0458610f0, raftlog=9d453efa-53cb-467a-9eb6-1ab0458610f0@group-597AF0FA787F-SegmentedRaftLog:OPENED:c19,f19,i19, conf=0: [d521f5b1-4e7b-4169-9688-2112c7da7b1f:192.168.157.254:45094, 9d453efa-53cb-467a-9eb6-1ab0458610f0:192.168.157.254:38611, f318eb4e-a4da-4d18-984a-fa4eff1dbce1:192.168.157.254:43586], old=null
2019-10-22 00:13:10,348 [9d453efa-53cb-467a-9eb6-1ab0458610f0@group-597AF0FA787F-LeaderElection149] INFO  impl.LeaderElection (LogUtils.java:infoOrTrace(149)) -   Exception 0: {}
java.util.concurrent.ExecutionException: org.apache.ratis.thirdparty.io.grpc.StatusRuntimeException: UNAVAILABLE: io exception
	at java.util.concurrent.FutureTask.report(FutureTask.java:122)
	at java.util.concurrent.FutureTask.get(FutureTask.java:192)
	at org.apache.ratis.server.impl.LeaderElection.waitForResults(LeaderElection.java:259)
	at org.apache.ratis.server.impl.LeaderElection.askForVotes(LeaderElection.java:197)
	at org.apache.ratis.server.impl.LeaderElection.run(LeaderElection.java:133)
	at java.lang.Thread.run(Thread.java:748)
Caused by: org.apache.ratis.thirdparty.io.grpc.StatusRuntimeException: UNAVAILABLE: io exception
	at org.apache.ratis.thirdparty.io.grpc.stub.ClientCalls.toStatusRuntimeException(ClientCalls.java:233)
	at org.apache.ratis.thirdparty.io.grpc.stub.ClientCalls.getUnchecked(ClientCalls.java:214)
	at org.apache.ratis.thirdparty.io.grpc.stub.ClientCalls.blockingUnaryCall(ClientCalls.java:139)
	at org.apache.ratis.proto.grpc.RaftServerProtocolServiceGrpc$RaftServerProtocolServiceBlockingStub.requestVote(RaftServerProtocolServiceGrpc.java:265)
	at org.apache.ratis.grpc.server.GrpcServerProtocolClient.requestVote(GrpcServerProtocolClient.java:99)
	at org.apache.ratis.grpc.server.GrpcService.requestVote(GrpcService.java:204)
	at org.apache.ratis.server.impl.LeaderElection.lambda$submitRequests$1(LeaderElection.java:234)
	at java.util.concurrent.FutureTask.run(FutureTask.java:266)
	at java.util.concurrent.Executors$RunnableAdapter.call(Executors.java:511)
	at java.util.concurrent.FutureTask.run(FutureTask.java:266)
	at java.util.concurrent.ThreadPoolExecutor.runWorker(ThreadPoolExecutor.java:1149)
	at java.util.concurrent.ThreadPoolExecutor$Worker.run(ThreadPoolExecutor.java:624)
	... 1 more
Caused by: org.apache.ratis.thirdparty.io.netty.channel.AbstractChannel$AnnotatedConnectException: Connection refused: /192.168.157.254:45094
	at sun.nio.ch.SocketChannelImpl.checkConnect(Native Method)
	at sun.nio.ch.SocketChannelImpl.finishConnect(SocketChannelImpl.java:717)
	at org.apache.ratis.thirdparty.io.netty.channel.socket.nio.NioSocketChannel.doFinishConnect(NioSocketChannel.java:327)
	at org.apache.ratis.thirdparty.io.netty.channel.nio.AbstractNioChannel$AbstractNioUnsafe.finishConnect(AbstractNioChannel.java:340)
	at org.apache.ratis.thirdparty.io.netty.channel.nio.NioEventLoop.processSelectedKey(NioEventLoop.java:632)
	at org.apache.ratis.thirdparty.io.netty.channel.nio.NioEventLoop.processSelectedKeysOptimized(NioEventLoop.java:579)
	at org.apache.ratis.thirdparty.io.netty.channel.nio.NioEventLoop.processSelectedKeys(NioEventLoop.java:496)
	at org.apache.ratis.thirdparty.io.netty.channel.nio.NioEventLoop.run(NioEventLoop.java:458)
	at org.apache.ratis.thirdparty.io.netty.util.concurrent.SingleThreadEventExecutor$5.run(SingleThreadEventExecutor.java:897)
	at org.apache.ratis.thirdparty.io.netty.util.concurrent.FastThreadLocalRunnable.run(FastThreadLocalRunnable.java:30)
	... 1 more
Caused by: java.net.ConnectException: Connection refused
	... 11 more
2019-10-22 00:13:10,349 [9d453efa-53cb-467a-9eb6-1ab0458610f0@group-597AF0FA787F-LeaderElection149] INFO  impl.RoleInfo (RoleInfo.java:shutdownLeaderElection(134)) - 9d453efa-53cb-467a-9eb6-1ab0458610f0: shutdown LeaderElection
2019-10-22 00:13:10,349 [grpc-default-executor-4] INFO  impl.RaftServerImpl (RaftServerImpl.java:setRole(184)) - 062c71de-08d9-40ee-9309-15590e2e8e68@group-F01152B53F91: changes role from  FOLLOWER to FOLLOWER at term 146 for recognizeCandidate:2fdb3e93-e0d8-400e-8c33-91e2341b50c6
2019-10-22 00:13:10,349 [9d453efa-53cb-467a-9eb6-1ab0458610f0@group-597AF0FA787F-LeaderElection149] INFO  impl.RaftServerImpl (RaftServerImpl.java:setRole(184)) - 9d453efa-53cb-467a-9eb6-1ab0458610f0@group-597AF0FA787F: changes role from CANDIDATE to LEADER at term 6 for changeToLeader
2019-10-22 00:13:10,349 [grpc-default-executor-6] INFO  impl.RaftServerImpl (RaftServerImpl.java:setRole(184)) - 2a52019e-5647-44e1-bf30-9a43fd8a7377@group-F01152B53F91: changes role from  FOLLOWER to FOLLOWER at term 146 for recognizeCandidate:2fdb3e93-e0d8-400e-8c33-91e2341b50c6
2019-10-22 00:13:10,350 [9d453efa-53cb-467a-9eb6-1ab0458610f0@group-597AF0FA787F-LeaderElection149] INFO  impl.RaftServerImpl (ServerState.java:setLeader(256)) - 9d453efa-53cb-467a-9eb6-1ab0458610f0@group-597AF0FA787F: change Leader from null to 9d453efa-53cb-467a-9eb6-1ab0458610f0 at term 6 for becomeLeader, leader elected after 192ms
2019-10-22 00:13:10,349 [grpc-default-executor-4] INFO  impl.RoleInfo (RoleInfo.java:shutdownFollowerState(121)) - 062c71de-08d9-40ee-9309-15590e2e8e68: shutdown FollowerState
2019-10-22 00:13:10,350 [grpc-default-executor-6] INFO  impl.RoleInfo (RoleInfo.java:shutdownFollowerState(121)) - 2a52019e-5647-44e1-bf30-9a43fd8a7377: shutdown FollowerState
2019-10-22 00:13:10,350 [Thread-1483] INFO  impl.FollowerState (FollowerState.java:run(117)) - 062c71de-08d9-40ee-9309-15590e2e8e68@group-F01152B53F91-FollowerState was interrupted: java.lang.InterruptedException: sleep interrupted
2019-10-22 00:13:10,350 [9d453efa-53cb-467a-9eb6-1ab0458610f0@group-597AF0FA787F-LeaderElection149] INFO  server.RaftServerConfigKeys (ConfUtils.java:logGet(43)) - raft.server.staging.catchup.gap = 1000 (default)
2019-10-22 00:13:10,350 [grpc-default-executor-4] INFO  impl.RoleInfo (RoleInfo.java:updateAndGet(143)) - 062c71de-08d9-40ee-9309-15590e2e8e68: start FollowerState
2019-10-22 00:13:10,350 [9d453efa-53cb-467a-9eb6-1ab0458610f0@group-597AF0FA787F-LeaderElection149] INFO  server.RaftServerConfigKeys (ConfUtils.java:logGet(43)) - raft.server.rpc.sleep.time = 25ms (default)
2019-10-22 00:13:10,350 [Thread-1484] INFO  impl.FollowerState (FollowerState.java:run(117)) - 2a52019e-5647-44e1-bf30-9a43fd8a7377@group-F01152B53F91-FollowerState was interrupted: java.lang.InterruptedException: sleep interrupted
2019-10-22 00:13:10,350 [grpc-default-executor-6] INFO  impl.RoleInfo (RoleInfo.java:updateAndGet(143)) - 2a52019e-5647-44e1-bf30-9a43fd8a7377: start FollowerState
2019-10-22 00:13:10,351 [9d453efa-53cb-467a-9eb6-1ab0458610f0@group-597AF0FA787F-LeaderElection149] INFO  server.RaftServerConfigKeys (ConfUtils.java:logGet(43)) - raft.server.write.element-limit = 4096 (default)
2019-10-22 00:13:10,351 [9d453efa-53cb-467a-9eb6-1ab0458610f0@group-597AF0FA787F-LeaderElection149] INFO  server.RaftServerConfigKeys (ConfUtils.java:logGet(43)) - raft.server.watch.timeout = 10s (default)
2019-10-22 00:13:10,352 [9d453efa-53cb-467a-9eb6-1ab0458610f0@group-597AF0FA787F-LeaderElection149] INFO  server.RaftServerConfigKeys (ConfUtils.java:logGet(43)) - raft.server.watch.timeout.denomination = 1s (default)
2019-10-22 00:13:10,352 [9d453efa-53cb-467a-9eb6-1ab0458610f0@group-597AF0FA787F-LeaderElection149] INFO  server.RaftServerConfigKeys (ConfUtils.java:logGet(43)) - raft.server.watch.element-limit = 65536 (default)
2019-10-22 00:13:10,356 [9d453efa-53cb-467a-9eb6-1ab0458610f0@group-597AF0FA787F-LeaderElection149] INFO  server.RaftServerConfigKeys (ConfUtils.java:logGet(43)) - raft.server.log.appender.snapshot.chunk.size.max = 16MB (=16777216) (default)
2019-10-22 00:13:10,357 [9d453efa-53cb-467a-9eb6-1ab0458610f0@group-597AF0FA787F-LeaderElection149] INFO  server.RaftServerConfigKeys (ConfUtils.java:logGet(43)) - raft.server.log.appender.buffer.byte-limit = 33554432 (custom)
2019-10-22 00:13:10,357 [9d453efa-53cb-467a-9eb6-1ab0458610f0@group-597AF0FA787F-LeaderElection149] INFO  server.RaftServerConfigKeys (ConfUtils.java:logGet(43)) - raft.server.log.appender.buffer.element-limit = 1 (custom)
2019-10-22 00:13:10,357 [9d453efa-53cb-467a-9eb6-1ab0458610f0@group-597AF0FA787F-LeaderElection149] INFO  grpc.GrpcConfigKeys$Server (ConfUtils.java:logGet(43)) - raft.grpc.server.leader.outstanding.appends.max = 128 (default)
2019-10-22 00:13:10,357 [9d453efa-53cb-467a-9eb6-1ab0458610f0@group-597AF0FA787F-LeaderElection149] INFO  server.RaftServerConfigKeys (ConfUtils.java:logGet(43)) - raft.server.rpc.request.timeout = 3000ms (default)
2019-10-22 00:13:10,358 [9d453efa-53cb-467a-9eb6-1ab0458610f0@group-597AF0FA787F-LeaderElection149] INFO  server.RaftServerConfigKeys (ConfUtils.java:logGet(43)) - raft.server.log.appender.install.snapshot.enabled = false (custom)
2019-10-22 00:13:10,360 [9d453efa-53cb-467a-9eb6-1ab0458610f0@group-597AF0FA787F-LeaderElection149] INFO  server.RaftServerConfigKeys (ConfUtils.java:logGet(43)) - raft.server.log.appender.snapshot.chunk.size.max = 16MB (=16777216) (default)
2019-10-22 00:13:10,360 [9d453efa-53cb-467a-9eb6-1ab0458610f0@group-597AF0FA787F-LeaderElection149] INFO  server.RaftServerConfigKeys (ConfUtils.java:logGet(43)) - raft.server.log.appender.buffer.byte-limit = 33554432 (custom)
2019-10-22 00:13:10,360 [9d453efa-53cb-467a-9eb6-1ab0458610f0@group-597AF0FA787F-LeaderElection149] INFO  server.RaftServerConfigKeys (ConfUtils.java:logGet(43)) - raft.server.log.appender.buffer.element-limit = 1 (custom)
2019-10-22 00:13:10,361 [9d453efa-53cb-467a-9eb6-1ab0458610f0@group-597AF0FA787F-LeaderElection149] INFO  grpc.GrpcConfigKeys$Server (ConfUtils.java:logGet(43)) - raft.grpc.server.leader.outstanding.appends.max = 128 (default)
2019-10-22 00:13:10,361 [9d453efa-53cb-467a-9eb6-1ab0458610f0@group-597AF0FA787F-LeaderElection149] INFO  server.RaftServerConfigKeys (ConfUtils.java:logGet(43)) - raft.server.rpc.request.timeout = 3000ms (default)
2019-10-22 00:13:10,361 [9d453efa-53cb-467a-9eb6-1ab0458610f0@group-597AF0FA787F-LeaderElection149] INFO  server.RaftServerConfigKeys (ConfUtils.java:logGet(43)) - raft.server.log.appender.install.snapshot.enabled = false (custom)
2019-10-22 00:13:10,364 [9d453efa-53cb-467a-9eb6-1ab0458610f0@group-597AF0FA787F-LeaderElection149] INFO  impl.RoleInfo (RoleInfo.java:updateAndGet(143)) - 9d453efa-53cb-467a-9eb6-1ab0458610f0: start LeaderState
2019-10-22 00:13:10,364 [9d453efa-53cb-467a-9eb6-1ab0458610f0@group-597AF0FA787F-LeaderElection149] INFO  segmented.SegmentedRaftLogWorker (SegmentedRaftLogWorker.java:rollLogSegment(390)) - 9d453efa-53cb-467a-9eb6-1ab0458610f0@group-597AF0FA787F-SegmentedRaftLogWorker: Rolling segment log-0_19 to index:19
2019-10-22 00:13:10,366 [9d453efa-53cb-467a-9eb6-1ab0458610f0@group-597AF0FA787F-LeaderElection149] INFO  impl.RaftServerImpl (ServerState.java:setRaftConf(357)) - 9d453efa-53cb-467a-9eb6-1ab0458610f0@group-597AF0FA787F: set configuration 20: [d521f5b1-4e7b-4169-9688-2112c7da7b1f:192.168.157.254:45094, 9d453efa-53cb-467a-9eb6-1ab0458610f0:192.168.157.254:38611, f318eb4e-a4da-4d18-984a-fa4eff1dbce1:192.168.157.254:43586], old=null at 20
2019-10-22 00:13:10,366 [9d453efa-53cb-467a-9eb6-1ab0458610f0@group-597AF0FA787F-SegmentedRaftLogWorker] INFO  segmented.SegmentedRaftLogWorker (SegmentedRaftLogWorker.java:execute(533)) - 9d453efa-53cb-467a-9eb6-1ab0458610f0@group-597AF0FA787F-SegmentedRaftLogWorker: Rolled log segment from /workdir/hadoop-ozone/integration-test/target/test-dir/MiniOzoneClusterImpl-8b64dd99-cfc4-48e3-b5ea-61cd2ec80401/datanode-0/data/ratis/2f946d77-7a03-43ca-aa29-597af0fa787f/current/log_inprogress_0 to /workdir/hadoop-ozone/integration-test/target/test-dir/MiniOzoneClusterImpl-8b64dd99-cfc4-48e3-b5ea-61cd2ec80401/datanode-0/data/ratis/2f946d77-7a03-43ca-aa29-597af0fa787f/current/log_0-19
2019-10-22 00:13:10,367 [grpc-default-executor-5] WARN  server.GrpcLogAppender (LogUtils.java:warn(134)) - 9d453efa-53cb-467a-9eb6-1ab0458610f0@group-597AF0FA787F->d521f5b1-4e7b-4169-9688-2112c7da7b1f-AppendLogResponseHandler: Failed appendEntries: org.apache.ratis.thirdparty.io.grpc.StatusRuntimeException: UNAVAILABLE: io exception
2019-10-22 00:13:10,367 [grpc-default-executor-3] INFO  impl.RaftServerImpl (ServerState.java:setLeader(256)) - f318eb4e-a4da-4d18-984a-fa4eff1dbce1@group-597AF0FA787F: change Leader from null to 9d453efa-53cb-467a-9eb6-1ab0458610f0 at term 6 for appendEntries, leader elected after 101ms
2019-10-22 00:13:10,394 [grpc-default-executor-3] INFO  impl.RaftServerImpl (ServerState.java:setRaftConf(357)) - f318eb4e-a4da-4d18-984a-fa4eff1dbce1@group-597AF0FA787F: set configuration 20: [d521f5b1-4e7b-4169-9688-2112c7da7b1f:192.168.157.254:45094, 9d453efa-53cb-467a-9eb6-1ab0458610f0:192.168.157.254:38611, f318eb4e-a4da-4d18-984a-fa4eff1dbce1:192.168.157.254:43586], old=null at 20
2019-10-22 00:13:10,395 [2fdb3e93-e0d8-400e-8c33-91e2341b50c6@group-F01152B53F91-LeaderElection148] INFO  impl.LeaderElection (LeaderElection.java:logAndReturn(56)) - 2fdb3e93-e0d8-400e-8c33-91e2341b50c6@group-F01152B53F91-LeaderElection148: Election REJECTED; received 2 response(s) [2fdb3e93-e0d8-400e-8c33-91e2341b50c6<-062c71de-08d9-40ee-9309-15590e2e8e68#0:FAIL-t146, 2fdb3e93-e0d8-400e-8c33-91e2341b50c6<-2a52019e-5647-44e1-bf30-9a43fd8a7377#0:FAIL-t146] and 0 exception(s); 2fdb3e93-e0d8-400e-8c33-91e2341b50c6@group-F01152B53F91:t146, leader=null, voted=2fdb3e93-e0d8-400e-8c33-91e2341b50c6, raftlog=2fdb3e93-e0d8-400e-8c33-91e2341b50c6@group-F01152B53F91-SegmentedRaftLog:OPENED:c-1,f-1,i0, conf=-1: [2fdb3e93-e0d8-400e-8c33-91e2341b50c6:192.168.157.254:43254, 062c71de-08d9-40ee-9309-15590e2e8e68:192.168.157.254:45598, 2a52019e-5647-44e1-bf30-9a43fd8a7377:192.168.157.254:36038], old=null
2019-10-22 00:13:10,395 [grpc-default-executor-3] INFO  segmented.SegmentedRaftLogWorker (SegmentedRaftLogWorker.java:rollLogSegment(390)) - f318eb4e-a4da-4d18-984a-fa4eff1dbce1@group-597AF0FA787F-SegmentedRaftLogWorker: Rolling segment log-0_19 to index:19
2019-10-22 00:13:10,395 [2fdb3e93-e0d8-400e-8c33-91e2341b50c6@group-F01152B53F91-LeaderElection148] INFO  impl.RaftServerImpl (RaftServerImpl.java:setRole(184)) - 2fdb3e93-e0d8-400e-8c33-91e2341b50c6@group-F01152B53F91: changes role from CANDIDATE to FOLLOWER at term 146 for DISCOVERED_A_NEW_TERM
2019-10-22 00:13:10,395 [2fdb3e93-e0d8-400e-8c33-91e2341b50c6@group-F01152B53F91-LeaderElection148] INFO  impl.RoleInfo (RoleInfo.java:shutdownLeaderElection(134)) - 2fdb3e93-e0d8-400e-8c33-91e2341b50c6: shutdown LeaderElection
2019-10-22 00:13:10,395 [2fdb3e93-e0d8-400e-8c33-91e2341b50c6@group-F01152B53F91-LeaderElection148] INFO  impl.RoleInfo (RoleInfo.java:updateAndGet(143)) - 2fdb3e93-e0d8-400e-8c33-91e2341b50c6: start FollowerState
2019-10-22 00:13:10,396 [f318eb4e-a4da-4d18-984a-fa4eff1dbce1@group-597AF0FA787F-SegmentedRaftLogWorker] INFO  segmented.SegmentedRaftLogWorker (SegmentedRaftLogWorker.java:execute(533)) - f318eb4e-a4da-4d18-984a-fa4eff1dbce1@group-597AF0FA787F-SegmentedRaftLogWorker: Rolled log segment from /workdir/hadoop-ozone/integration-test/target/test-dir/MiniOzoneClusterImpl-8b64dd99-cfc4-48e3-b5ea-61cd2ec80401/datanode-7/data/ratis/2f946d77-7a03-43ca-aa29-597af0fa787f/current/log_inprogress_0 to /workdir/hadoop-ozone/integration-test/target/test-dir/MiniOzoneClusterImpl-8b64dd99-cfc4-48e3-b5ea-61cd2ec80401/datanode-7/data/ratis/2f946d77-7a03-43ca-aa29-597af0fa787f/current/log_0-19
2019-10-22 00:13:10,409 [9d453efa-53cb-467a-9eb6-1ab0458610f0@group-597AF0FA787F-SegmentedRaftLogWorker] INFO  segmented.SegmentedRaftLogWorker (SegmentedRaftLogWorker.java:execute(576)) - 9d453efa-53cb-467a-9eb6-1ab0458610f0@group-597AF0FA787F-SegmentedRaftLogWorker: created new log segment /workdir/hadoop-ozone/integration-test/target/test-dir/MiniOzoneClusterImpl-8b64dd99-cfc4-48e3-b5ea-61cd2ec80401/datanode-0/data/ratis/2f946d77-7a03-43ca-aa29-597af0fa787f/current/log_inprogress_20
2019-10-22 00:13:10,434 [f318eb4e-a4da-4d18-984a-fa4eff1dbce1@group-597AF0FA787F-SegmentedRaftLogWorker] INFO  segmented.SegmentedRaftLogWorker (SegmentedRaftLogWorker.java:execute(576)) - f318eb4e-a4da-4d18-984a-fa4eff1dbce1@group-597AF0FA787F-SegmentedRaftLogWorker: created new log segment /workdir/hadoop-ozone/integration-test/target/test-dir/MiniOzoneClusterImpl-8b64dd99-cfc4-48e3-b5ea-61cd2ec80401/datanode-7/data/ratis/2f946d77-7a03-43ca-aa29-597af0fa787f/current/log_inprogress_20
2019-10-22 00:13:10,439 [Thread-1496] INFO  impl.FollowerState (FollowerState.java:run(108)) - 2fdb3e93-e0d8-400e-8c33-91e2341b50c6@group-F01152B53F91-FollowerState: change to CANDIDATE, lastRpcTime:43ms, electionTimeout:43ms
2019-10-22 00:13:10,439 [Thread-1496] INFO  impl.RoleInfo (RoleInfo.java:shutdownFollowerState(121)) - 2fdb3e93-e0d8-400e-8c33-91e2341b50c6: shutdown FollowerState
2019-10-22 00:13:10,439 [Thread-1496] INFO  impl.RaftServerImpl (RaftServerImpl.java:setRole(184)) - 2fdb3e93-e0d8-400e-8c33-91e2341b50c6@group-F01152B53F91: changes role from  FOLLOWER to CANDIDATE at term 146 for changeToCandidate
2019-10-22 00:13:10,439 [Thread-1496] INFO  impl.RoleInfo (RoleInfo.java:updateAndGet(143)) - 2fdb3e93-e0d8-400e-8c33-91e2341b50c6: start LeaderElection
2019-10-22 00:13:10,452 [2fdb3e93-e0d8-400e-8c33-91e2341b50c6@group-F01152B53F91-LeaderElection150] INFO  impl.LeaderElection (LeaderElection.java:askForVotes(178)) - 2fdb3e93-e0d8-400e-8c33-91e2341b50c6@group-F01152B53F91-LeaderElection150: begin an election at term 147 for -1: [2fdb3e93-e0d8-400e-8c33-91e2341b50c6:192.168.157.254:43254, 062c71de-08d9-40ee-9309-15590e2e8e68:192.168.157.254:45598, 2a52019e-5647-44e1-bf30-9a43fd8a7377:192.168.157.254:36038], old=null
2019-10-22 00:13:10,454 [grpc-default-executor-3] INFO  impl.RaftServerImpl (RaftServerImpl.java:setRole(184)) - 062c71de-08d9-40ee-9309-15590e2e8e68@group-F01152B53F91: changes role from  FOLLOWER to FOLLOWER at term 147 for recognizeCandidate:2fdb3e93-e0d8-400e-8c33-91e2341b50c6
2019-10-22 00:13:10,454 [grpc-default-executor-6] INFO  impl.RaftServerImpl (RaftServerImpl.java:setRole(184)) - 2a52019e-5647-44e1-bf30-9a43fd8a7377@group-F01152B53F91: changes role from  FOLLOWER to FOLLOWER at term 147 for recognizeCandidate:2fdb3e93-e0d8-400e-8c33-91e2341b50c6
2019-10-22 00:13:10,454 [grpc-default-executor-3] INFO  impl.RoleInfo (RoleInfo.java:shutdownFollowerState(121)) - 062c71de-08d9-40ee-9309-15590e2e8e68: shutdown FollowerState
2019-10-22 00:13:10,454 [grpc-default-executor-6] INFO  impl.RoleInfo (RoleInfo.java:shutdownFollowerState(121)) - 2a52019e-5647-44e1-bf30-9a43fd8a7377: shutdown FollowerState
2019-10-22 00:13:10,454 [grpc-default-executor-3] INFO  impl.RoleInfo (RoleInfo.java:updateAndGet(143)) - 062c71de-08d9-40ee-9309-15590e2e8e68: start FollowerState
2019-10-22 00:13:10,454 [grpc-default-executor-6] INFO  impl.RoleInfo (RoleInfo.java:updateAndGet(143)) - 2a52019e-5647-44e1-bf30-9a43fd8a7377: start FollowerState
2019-10-22 00:13:10,454 [Thread-1488] INFO  impl.FollowerState (FollowerState.java:run(117)) - 062c71de-08d9-40ee-9309-15590e2e8e68@group-F01152B53F91-FollowerState was interrupted: java.lang.InterruptedException: sleep interrupted
2019-10-22 00:13:10,454 [Thread-1489] INFO  impl.FollowerState (FollowerState.java:run(117)) - 2a52019e-5647-44e1-bf30-9a43fd8a7377@group-F01152B53F91-FollowerState was interrupted: java.lang.InterruptedException: sleep interrupted
2019-10-22 00:13:10,460 [2fdb3e93-e0d8-400e-8c33-91e2341b50c6@group-F01152B53F91-LeaderElection150] INFO  impl.LeaderElection (LeaderElection.java:logAndReturn(56)) - 2fdb3e93-e0d8-400e-8c33-91e2341b50c6@group-F01152B53F91-LeaderElection150: Election REJECTED; received 2 response(s) [2fdb3e93-e0d8-400e-8c33-91e2341b50c6<-062c71de-08d9-40ee-9309-15590e2e8e68#0:FAIL-t147, 2fdb3e93-e0d8-400e-8c33-91e2341b50c6<-2a52019e-5647-44e1-bf30-9a43fd8a7377#0:FAIL-t147] and 0 exception(s); 2fdb3e93-e0d8-400e-8c33-91e2341b50c6@group-F01152B53F91:t147, leader=null, voted=2fdb3e93-e0d8-400e-8c33-91e2341b50c6, raftlog=2fdb3e93-e0d8-400e-8c33-91e2341b50c6@group-F01152B53F91-SegmentedRaftLog:OPENED:c-1,f-1,i0, conf=-1: [2fdb3e93-e0d8-400e-8c33-91e2341b50c6:192.168.157.254:43254, 062c71de-08d9-40ee-9309-15590e2e8e68:192.168.157.254:45598, 2a52019e-5647-44e1-bf30-9a43fd8a7377:192.168.157.254:36038], old=null
2019-10-22 00:13:10,461 [2fdb3e93-e0d8-400e-8c33-91e2341b50c6@group-F01152B53F91-LeaderElection150] INFO  impl.RaftServerImpl (RaftServerImpl.java:setRole(184)) - 2fdb3e93-e0d8-400e-8c33-91e2341b50c6@group-F01152B53F91: changes role from CANDIDATE to FOLLOWER at term 147 for DISCOVERED_A_NEW_TERM
2019-10-22 00:13:10,461 [2fdb3e93-e0d8-400e-8c33-91e2341b50c6@group-F01152B53F91-LeaderElection150] INFO  impl.RoleInfo (RoleInfo.java:shutdownLeaderElection(134)) - 2fdb3e93-e0d8-400e-8c33-91e2341b50c6: shutdown LeaderElection
2019-10-22 00:13:10,461 [2fdb3e93-e0d8-400e-8c33-91e2341b50c6@group-F01152B53F91-LeaderElection150] INFO  impl.RoleInfo (RoleInfo.java:updateAndGet(143)) - 2fdb3e93-e0d8-400e-8c33-91e2341b50c6: start FollowerState
2019-10-22 00:13:10,495 [Thread-1504] INFO  impl.FollowerState (FollowerState.java:run(108)) - 2fdb3e93-e0d8-400e-8c33-91e2341b50c6@group-F01152B53F91-FollowerState: change to CANDIDATE, lastRpcTime:34ms, electionTimeout:34ms
2019-10-22 00:13:10,495 [Thread-1504] INFO  impl.RoleInfo (RoleInfo.java:shutdownFollowerState(121)) - 2fdb3e93-e0d8-400e-8c33-91e2341b50c6: shutdown FollowerState
2019-10-22 00:13:10,495 [Thread-1504] INFO  impl.RaftServerImpl (RaftServerImpl.java:setRole(184)) - 2fdb3e93-e0d8-400e-8c33-91e2341b50c6@group-F01152B53F91: changes role from  FOLLOWER to CANDIDATE at term 147 for changeToCandidate
2019-10-22 00:13:10,495 [Thread-1504] INFO  impl.RoleInfo (RoleInfo.java:updateAndGet(143)) - 2fdb3e93-e0d8-400e-8c33-91e2341b50c6: start LeaderElection
2019-10-22 00:13:10,511 [2fdb3e93-e0d8-400e-8c33-91e2341b50c6@group-F01152B53F91-LeaderElection151] INFO  impl.LeaderElection (LeaderElection.java:askForVotes(178)) - 2fdb3e93-e0d8-400e-8c33-91e2341b50c6@group-F01152B53F91-LeaderElection151: begin an election at term 148 for -1: [2fdb3e93-e0d8-400e-8c33-91e2341b50c6:192.168.157.254:43254, 062c71de-08d9-40ee-9309-15590e2e8e68:192.168.157.254:45598, 2a52019e-5647-44e1-bf30-9a43fd8a7377:192.168.157.254:36038], old=null
2019-10-22 00:13:10,513 [grpc-default-executor-3] INFO  impl.RaftServerImpl (RaftServerImpl.java:setRole(184)) - 062c71de-08d9-40ee-9309-15590e2e8e68@group-F01152B53F91: changes role from  FOLLOWER to FOLLOWER at term 148 for recognizeCandidate:2fdb3e93-e0d8-400e-8c33-91e2341b50c6
2019-10-22 00:13:10,513 [grpc-default-executor-3] INFO  impl.RoleInfo (RoleInfo.java:shutdownFollowerState(121)) - 062c71de-08d9-40ee-9309-15590e2e8e68: shutdown FollowerState
2019-10-22 00:13:10,513 [grpc-default-executor-3] INFO  impl.RoleInfo (RoleInfo.java:updateAndGet(143)) - 062c71de-08d9-40ee-9309-15590e2e8e68: start FollowerState
2019-10-22 00:13:10,513 [Thread-1502] INFO  impl.FollowerState (FollowerState.java:run(117)) - 062c71de-08d9-40ee-9309-15590e2e8e68@group-F01152B53F91-FollowerState was interrupted: java.lang.InterruptedException: sleep interrupted
2019-10-22 00:13:10,513 [grpc-default-executor-6] INFO  impl.RaftServerImpl (RaftServerImpl.java:setRole(184)) - 2a52019e-5647-44e1-bf30-9a43fd8a7377@group-F01152B53F91: changes role from  FOLLOWER to FOLLOWER at term 148 for recognizeCandidate:2fdb3e93-e0d8-400e-8c33-91e2341b50c6
2019-10-22 00:13:10,513 [grpc-default-executor-6] INFO  impl.RoleInfo (RoleInfo.java:shutdownFollowerState(121)) - 2a52019e-5647-44e1-bf30-9a43fd8a7377: shutdown FollowerState
2019-10-22 00:13:10,514 [grpc-default-executor-6] INFO  impl.RoleInfo (RoleInfo.java:updateAndGet(143)) - 2a52019e-5647-44e1-bf30-9a43fd8a7377: start FollowerState
2019-10-22 00:13:10,514 [Thread-1503] INFO  impl.FollowerState (FollowerState.java:run(117)) - 2a52019e-5647-44e1-bf30-9a43fd8a7377@group-F01152B53F91-FollowerState was interrupted: java.lang.InterruptedException: sleep interrupted
2019-10-22 00:13:10,520 [2fdb3e93-e0d8-400e-8c33-91e2341b50c6@group-F01152B53F91-LeaderElection151] INFO  impl.LeaderElection (LeaderElection.java:logAndReturn(56)) - 2fdb3e93-e0d8-400e-8c33-91e2341b50c6@group-F01152B53F91-LeaderElection151: Election REJECTED; received 2 response(s) [2fdb3e93-e0d8-400e-8c33-91e2341b50c6<-062c71de-08d9-40ee-9309-15590e2e8e68#0:FAIL-t148, 2fdb3e93-e0d8-400e-8c33-91e2341b50c6<-2a52019e-5647-44e1-bf30-9a43fd8a7377#0:FAIL-t148] and 0 exception(s); 2fdb3e93-e0d8-400e-8c33-91e2341b50c6@group-F01152B53F91:t148, leader=null, voted=2fdb3e93-e0d8-400e-8c33-91e2341b50c6, raftlog=2fdb3e93-e0d8-400e-8c33-91e2341b50c6@group-F01152B53F91-SegmentedRaftLog:OPENED:c-1,f-1,i0, conf=-1: [2fdb3e93-e0d8-400e-8c33-91e2341b50c6:192.168.157.254:43254, 062c71de-08d9-40ee-9309-15590e2e8e68:192.168.157.254:45598, 2a52019e-5647-44e1-bf30-9a43fd8a7377:192.168.157.254:36038], old=null
2019-10-22 00:13:10,521 [2fdb3e93-e0d8-400e-8c33-91e2341b50c6@group-F01152B53F91-LeaderElection151] INFO  impl.RaftServerImpl (RaftServerImpl.java:setRole(184)) - 2fdb3e93-e0d8-400e-8c33-91e2341b50c6@group-F01152B53F91: changes role from CANDIDATE to FOLLOWER at term 148 for DISCOVERED_A_NEW_TERM
2019-10-22 00:13:10,521 [2fdb3e93-e0d8-400e-8c33-91e2341b50c6@group-F01152B53F91-LeaderElection151] INFO  impl.RoleInfo (RoleInfo.java:shutdownLeaderElection(134)) - 2fdb3e93-e0d8-400e-8c33-91e2341b50c6: shutdown LeaderElection
2019-10-22 00:13:10,521 [2fdb3e93-e0d8-400e-8c33-91e2341b50c6@group-F01152B53F91-LeaderElection151] INFO  impl.RoleInfo (RoleInfo.java:updateAndGet(143)) - 2fdb3e93-e0d8-400e-8c33-91e2341b50c6: start FollowerState
2019-10-22 00:13:10,578 [Thread-1510] INFO  impl.FollowerState (FollowerState.java:run(108)) - 2fdb3e93-e0d8-400e-8c33-91e2341b50c6@group-F01152B53F91-FollowerState: change to CANDIDATE, lastRpcTime:57ms, electionTimeout:57ms
2019-10-22 00:13:10,578 [Thread-1510] INFO  impl.RoleInfo (RoleInfo.java:shutdownFollowerState(121)) - 2fdb3e93-e0d8-400e-8c33-91e2341b50c6: shutdown FollowerState
2019-10-22 00:13:10,578 [Thread-1510] INFO  impl.RaftServerImpl (RaftServerImpl.java:setRole(184)) - 2fdb3e93-e0d8-400e-8c33-91e2341b50c6@group-F01152B53F91: changes role from  FOLLOWER to CANDIDATE at term 148 for changeToCandidate
2019-10-22 00:13:10,578 [Thread-1510] INFO  impl.RoleInfo (RoleInfo.java:updateAndGet(143)) - 2fdb3e93-e0d8-400e-8c33-91e2341b50c6: start LeaderElection
2019-10-22 00:13:10,592 [2fdb3e93-e0d8-400e-8c33-91e2341b50c6@group-F01152B53F91-LeaderElection152] INFO  impl.LeaderElection (LeaderElection.java:askForVotes(178)) - 2fdb3e93-e0d8-400e-8c33-91e2341b50c6@group-F01152B53F91-LeaderElection152: begin an election at term 149 for -1: [2fdb3e93-e0d8-400e-8c33-91e2341b50c6:192.168.157.254:43254, 062c71de-08d9-40ee-9309-15590e2e8e68:192.168.157.254:45598, 2a52019e-5647-44e1-bf30-9a43fd8a7377:192.168.157.254:36038], old=null
2019-10-22 00:13:10,593 [grpc-default-executor-6] INFO  impl.RaftServerImpl (RaftServerImpl.java:setRole(184)) - 2a52019e-5647-44e1-bf30-9a43fd8a7377@group-F01152B53F91: changes role from  FOLLOWER to FOLLOWER at term 149 for recognizeCandidate:2fdb3e93-e0d8-400e-8c33-91e2341b50c6
2019-10-22 00:13:10,593 [grpc-default-executor-6] INFO  impl.RoleInfo (RoleInfo.java:shutdownFollowerState(121)) - 2a52019e-5647-44e1-bf30-9a43fd8a7377: shutdown FollowerState
2019-10-22 00:13:10,593 [grpc-default-executor-3] INFO  impl.RaftServerImpl (RaftServerImpl.java:setRole(184)) - 062c71de-08d9-40ee-9309-15590e2e8e68@group-F01152B53F91: changes role from  FOLLOWER to FOLLOWER at term 149 for recognizeCandidate:2fdb3e93-e0d8-400e-8c33-91e2341b50c6
2019-10-22 00:13:10,593 [Thread-1509] INFO  impl.FollowerState (FollowerState.java:run(117)) - 2a52019e-5647-44e1-bf30-9a43fd8a7377@group-F01152B53F91-FollowerState was interrupted: java.lang.InterruptedException: sleep interrupted
2019-10-22 00:13:10,593 [grpc-default-executor-6] INFO  impl.RoleInfo (RoleInfo.java:updateAndGet(143)) - 2a52019e-5647-44e1-bf30-9a43fd8a7377: start FollowerState
2019-10-22 00:13:10,593 [grpc-default-executor-3] INFO  impl.RoleInfo (RoleInfo.java:shutdownFollowerState(121)) - 062c71de-08d9-40ee-9309-15590e2e8e68: shutdown FollowerState
2019-10-22 00:13:10,594 [grpc-default-executor-3] INFO  impl.RoleInfo (RoleInfo.java:updateAndGet(143)) - 062c71de-08d9-40ee-9309-15590e2e8e68: start FollowerState
2019-10-22 00:13:10,594 [Thread-1508] INFO  impl.FollowerState (FollowerState.java:run(117)) - 062c71de-08d9-40ee-9309-15590e2e8e68@group-F01152B53F91-FollowerState was interrupted: java.lang.InterruptedException: sleep interrupted
2019-10-22 00:13:10,607 [2fdb3e93-e0d8-400e-8c33-91e2341b50c6@group-F01152B53F91-LeaderElection152] INFO  impl.LeaderElection (LeaderElection.java:logAndReturn(56)) - 2fdb3e93-e0d8-400e-8c33-91e2341b50c6@group-F01152B53F91-LeaderElection152: Election REJECTED; received 2 response(s) [2fdb3e93-e0d8-400e-8c33-91e2341b50c6<-062c71de-08d9-40ee-9309-15590e2e8e68#0:FAIL-t149, 2fdb3e93-e0d8-400e-8c33-91e2341b50c6<-2a52019e-5647-44e1-bf30-9a43fd8a7377#0:FAIL-t149] and 0 exception(s); 2fdb3e93-e0d8-400e-8c33-91e2341b50c6@group-F01152B53F91:t149, leader=null, voted=2fdb3e93-e0d8-400e-8c33-91e2341b50c6, raftlog=2fdb3e93-e0d8-400e-8c33-91e2341b50c6@group-F01152B53F91-SegmentedRaftLog:OPENED:c-1,f-1,i0, conf=-1: [2fdb3e93-e0d8-400e-8c33-91e2341b50c6:192.168.157.254:43254, 062c71de-08d9-40ee-9309-15590e2e8e68:192.168.157.254:45598, 2a52019e-5647-44e1-bf30-9a43fd8a7377:192.168.157.254:36038], old=null
2019-10-22 00:13:10,607 [2fdb3e93-e0d8-400e-8c33-91e2341b50c6@group-F01152B53F91-LeaderElection152] INFO  impl.RaftServerImpl (RaftServerImpl.java:setRole(184)) - 2fdb3e93-e0d8-400e-8c33-91e2341b50c6@group-F01152B53F91: changes role from CANDIDATE to FOLLOWER at term 149 for DISCOVERED_A_NEW_TERM
2019-10-22 00:13:10,607 [2fdb3e93-e0d8-400e-8c33-91e2341b50c6@group-F01152B53F91-LeaderElection152] INFO  impl.RoleInfo (RoleInfo.java:shutdownLeaderElection(134)) - 2fdb3e93-e0d8-400e-8c33-91e2341b50c6: shutdown LeaderElection
2019-10-22 00:13:10,608 [2fdb3e93-e0d8-400e-8c33-91e2341b50c6@group-F01152B53F91-LeaderElection152] INFO  impl.RoleInfo (RoleInfo.java:updateAndGet(143)) - 2fdb3e93-e0d8-400e-8c33-91e2341b50c6: start FollowerState
2019-10-22 00:13:10,693 [Thread-1516] INFO  impl.FollowerState (FollowerState.java:run(108)) - 2fdb3e93-e0d8-400e-8c33-91e2341b50c6@group-F01152B53F91-FollowerState: change to CANDIDATE, lastRpcTime:85ms, electionTimeout:85ms
2019-10-22 00:13:10,693 [Thread-1516] INFO  impl.RoleInfo (RoleInfo.java:shutdownFollowerState(121)) - 2fdb3e93-e0d8-400e-8c33-91e2341b50c6: shutdown FollowerState
2019-10-22 00:13:10,693 [Thread-1516] INFO  impl.RaftServerImpl (RaftServerImpl.java:setRole(184)) - 2fdb3e93-e0d8-400e-8c33-91e2341b50c6@group-F01152B53F91: changes role from  FOLLOWER to CANDIDATE at term 149 for changeToCandidate
2019-10-22 00:13:10,693 [Thread-1516] INFO  impl.RoleInfo (RoleInfo.java:updateAndGet(143)) - 2fdb3e93-e0d8-400e-8c33-91e2341b50c6: start LeaderElection
2019-10-22 00:13:10,776 [2fdb3e93-e0d8-400e-8c33-91e2341b50c6@group-F01152B53F91-LeaderElection153] INFO  impl.LeaderElection (LeaderElection.java:askForVotes(178)) - 2fdb3e93-e0d8-400e-8c33-91e2341b50c6@group-F01152B53F91-LeaderElection153: begin an election at term 150 for -1: [2fdb3e93-e0d8-400e-8c33-91e2341b50c6:192.168.157.254:43254, 062c71de-08d9-40ee-9309-15590e2e8e68:192.168.157.254:45598, 2a52019e-5647-44e1-bf30-9a43fd8a7377:192.168.157.254:36038], old=null
2019-10-22 00:13:10,777 [grpc-default-executor-3] INFO  impl.RaftServerImpl (RaftServerImpl.java:setRole(184)) - 062c71de-08d9-40ee-9309-15590e2e8e68@group-F01152B53F91: changes role from  FOLLOWER to FOLLOWER at term 150 for recognizeCandidate:2fdb3e93-e0d8-400e-8c33-91e2341b50c6
2019-10-22 00:13:10,777 [grpc-default-executor-6] INFO  impl.RaftServerImpl (RaftServerImpl.java:setRole(184)) - 2a52019e-5647-44e1-bf30-9a43fd8a7377@group-F01152B53F91: changes role from  FOLLOWER to FOLLOWER at term 150 for recognizeCandidate:2fdb3e93-e0d8-400e-8c33-91e2341b50c6
2019-10-22 00:13:10,778 [grpc-default-executor-6] INFO  impl.RoleInfo (RoleInfo.java:shutdownFollowerState(121)) - 2a52019e-5647-44e1-bf30-9a43fd8a7377: shutdown FollowerState
2019-10-22 00:13:10,778 [grpc-default-executor-3] INFO  impl.RoleInfo (RoleInfo.java:shutdownFollowerState(121)) - 062c71de-08d9-40ee-9309-15590e2e8e68: shutdown FollowerState
2019-10-22 00:13:10,778 [Thread-1514] INFO  impl.FollowerState (FollowerState.java:run(117)) - 2a52019e-5647-44e1-bf30-9a43fd8a7377@group-F01152B53F91-FollowerState was interrupted: java.lang.InterruptedException: sleep interrupted
2019-10-22 00:13:10,778 [grpc-default-executor-6] INFO  impl.RoleInfo (RoleInfo.java:updateAndGet(143)) - 2a52019e-5647-44e1-bf30-9a43fd8a7377: start FollowerState
2019-10-22 00:13:10,778 [Thread-1515] INFO  impl.FollowerState (FollowerState.java:run(117)) - 062c71de-08d9-40ee-9309-15590e2e8e68@group-F01152B53F91-FollowerState was interrupted: java.lang.InterruptedException: sleep interrupted
2019-10-22 00:13:10,778 [grpc-default-executor-3] INFO  impl.RoleInfo (RoleInfo.java:updateAndGet(143)) - 062c71de-08d9-40ee-9309-15590e2e8e68: start FollowerState
2019-10-22 00:13:10,795 [2fdb3e93-e0d8-400e-8c33-91e2341b50c6@group-F01152B53F91-LeaderElection153] INFO  impl.LeaderElection (LeaderElection.java:logAndReturn(56)) - 2fdb3e93-e0d8-400e-8c33-91e2341b50c6@group-F01152B53F91-LeaderElection153: Election REJECTED; received 2 response(s) [2fdb3e93-e0d8-400e-8c33-91e2341b50c6<-062c71de-08d9-40ee-9309-15590e2e8e68#0:FAIL-t150, 2fdb3e93-e0d8-400e-8c33-91e2341b50c6<-2a52019e-5647-44e1-bf30-9a43fd8a7377#0:FAIL-t150] and 0 exception(s); 2fdb3e93-e0d8-400e-8c33-91e2341b50c6@group-F01152B53F91:t150, leader=null, voted=2fdb3e93-e0d8-400e-8c33-91e2341b50c6, raftlog=2fdb3e93-e0d8-400e-8c33-91e2341b50c6@group-F01152B53F91-SegmentedRaftLog:OPENED:c-1,f-1,i0, conf=-1: [2fdb3e93-e0d8-400e-8c33-91e2341b50c6:192.168.157.254:43254, 062c71de-08d9-40ee-9309-15590e2e8e68:192.168.157.254:45598, 2a52019e-5647-44e1-bf30-9a43fd8a7377:192.168.157.254:36038], old=null
2019-10-22 00:13:10,795 [2fdb3e93-e0d8-400e-8c33-91e2341b50c6@group-F01152B53F91-LeaderElection153] INFO  impl.RaftServerImpl (RaftServerImpl.java:setRole(184)) - 2fdb3e93-e0d8-400e-8c33-91e2341b50c6@group-F01152B53F91: changes role from CANDIDATE to FOLLOWER at term 150 for DISCOVERED_A_NEW_TERM
2019-10-22 00:13:10,795 [2fdb3e93-e0d8-400e-8c33-91e2341b50c6@group-F01152B53F91-LeaderElection153] INFO  impl.RoleInfo (RoleInfo.java:shutdownLeaderElection(134)) - 2fdb3e93-e0d8-400e-8c33-91e2341b50c6: shutdown LeaderElection
2019-10-22 00:13:10,795 [2fdb3e93-e0d8-400e-8c33-91e2341b50c6@group-F01152B53F91-LeaderElection153] INFO  impl.RoleInfo (RoleInfo.java:updateAndGet(143)) - 2fdb3e93-e0d8-400e-8c33-91e2341b50c6: start FollowerState
2019-10-22 00:13:10,813 [Thread-1522] INFO  impl.FollowerState (FollowerState.java:run(108)) - 2fdb3e93-e0d8-400e-8c33-91e2341b50c6@group-F01152B53F91-FollowerState: change to CANDIDATE, lastRpcTime:17ms, electionTimeout:17ms
2019-10-22 00:13:10,813 [Thread-1522] INFO  impl.RoleInfo (RoleInfo.java:shutdownFollowerState(121)) - 2fdb3e93-e0d8-400e-8c33-91e2341b50c6: shutdown FollowerState
2019-10-22 00:13:10,813 [Thread-1522] INFO  impl.RaftServerImpl (RaftServerImpl.java:setRole(184)) - 2fdb3e93-e0d8-400e-8c33-91e2341b50c6@group-F01152B53F91: changes role from  FOLLOWER to CANDIDATE at term 150 for changeToCandidate
2019-10-22 00:13:10,813 [Thread-1522] INFO  impl.RoleInfo (RoleInfo.java:updateAndGet(143)) - 2fdb3e93-e0d8-400e-8c33-91e2341b50c6: start LeaderElection
2019-10-22 00:13:10,827 [2fdb3e93-e0d8-400e-8c33-91e2341b50c6@group-F01152B53F91-LeaderElection154] INFO  impl.LeaderElection (LeaderElection.java:askForVotes(178)) - 2fdb3e93-e0d8-400e-8c33-91e2341b50c6@group-F01152B53F91-LeaderElection154: begin an election at term 151 for -1: [2fdb3e93-e0d8-400e-8c33-91e2341b50c6:192.168.157.254:43254, 062c71de-08d9-40ee-9309-15590e2e8e68:192.168.157.254:45598, 2a52019e-5647-44e1-bf30-9a43fd8a7377:192.168.157.254:36038], old=null
2019-10-22 00:13:10,828 [grpc-default-executor-3] INFO  impl.RaftServerImpl (RaftServerImpl.java:setRole(184)) - 062c71de-08d9-40ee-9309-15590e2e8e68@group-F01152B53F91: changes role from  FOLLOWER to FOLLOWER at term 151 for recognizeCandidate:2fdb3e93-e0d8-400e-8c33-91e2341b50c6
2019-10-22 00:13:10,828 [grpc-default-executor-3] INFO  impl.RoleInfo (RoleInfo.java:shutdownFollowerState(121)) - 062c71de-08d9-40ee-9309-15590e2e8e68: shutdown FollowerState
2019-10-22 00:13:10,828 [grpc-default-executor-6] INFO  impl.RaftServerImpl (RaftServerImpl.java:setRole(184)) - 2a52019e-5647-44e1-bf30-9a43fd8a7377@group-F01152B53F91: changes role from  FOLLOWER to FOLLOWER at term 151 for recognizeCandidate:2fdb3e93-e0d8-400e-8c33-91e2341b50c6
2019-10-22 00:13:10,829 [Thread-1521] INFO  impl.FollowerState (FollowerState.java:run(117)) - 062c71de-08d9-40ee-9309-15590e2e8e68@group-F01152B53F91-FollowerState was interrupted: java.lang.InterruptedException: sleep interrupted
2019-10-22 00:13:10,828 [grpc-default-executor-3] INFO  impl.RoleInfo (RoleInfo.java:updateAndGet(143)) - 062c71de-08d9-40ee-9309-15590e2e8e68: start FollowerState
2019-10-22 00:13:10,829 [grpc-default-executor-6] INFO  impl.RoleInfo (RoleInfo.java:shutdownFollowerState(121)) - 2a52019e-5647-44e1-bf30-9a43fd8a7377: shutdown FollowerState
2019-10-22 00:13:10,829 [grpc-default-executor-6] INFO  impl.RoleInfo (RoleInfo.java:updateAndGet(143)) - 2a52019e-5647-44e1-bf30-9a43fd8a7377: start FollowerState
2019-10-22 00:13:10,829 [Thread-1520] INFO  impl.FollowerState (FollowerState.java:run(117)) - 2a52019e-5647-44e1-bf30-9a43fd8a7377@group-F01152B53F91-FollowerState was interrupted: java.lang.InterruptedException: sleep interrupted
2019-10-22 00:13:10,843 [2fdb3e93-e0d8-400e-8c33-91e2341b50c6@group-F01152B53F91-LeaderElection154] INFO  impl.LeaderElection (LeaderElection.java:logAndReturn(56)) - 2fdb3e93-e0d8-400e-8c33-91e2341b50c6@group-F01152B53F91-LeaderElection154: Election REJECTED; received 2 response(s) [2fdb3e93-e0d8-400e-8c33-91e2341b50c6<-062c71de-08d9-40ee-9309-15590e2e8e68#0:FAIL-t151, 2fdb3e93-e0d8-400e-8c33-91e2341b50c6<-2a52019e-5647-44e1-bf30-9a43fd8a7377#0:FAIL-t151] and 0 exception(s); 2fdb3e93-e0d8-400e-8c33-91e2341b50c6@group-F01152B53F91:t151, leader=null, voted=2fdb3e93-e0d8-400e-8c33-91e2341b50c6, raftlog=2fdb3e93-e0d8-400e-8c33-91e2341b50c6@group-F01152B53F91-SegmentedRaftLog:OPENED:c-1,f-1,i0, conf=-1: [2fdb3e93-e0d8-400e-8c33-91e2341b50c6:192.168.157.254:43254, 062c71de-08d9-40ee-9309-15590e2e8e68:192.168.157.254:45598, 2a52019e-5647-44e1-bf30-9a43fd8a7377:192.168.157.254:36038], old=null
2019-10-22 00:13:10,843 [2fdb3e93-e0d8-400e-8c33-91e2341b50c6@group-F01152B53F91-LeaderElection154] INFO  impl.RaftServerImpl (RaftServerImpl.java:setRole(184)) - 2fdb3e93-e0d8-400e-8c33-91e2341b50c6@group-F01152B53F91: changes role from CANDIDATE to FOLLOWER at term 151 for DISCOVERED_A_NEW_TERM
2019-10-22 00:13:10,843 [2fdb3e93-e0d8-400e-8c33-91e2341b50c6@group-F01152B53F91-LeaderElection154] INFO  impl.RoleInfo (RoleInfo.java:shutdownLeaderElection(134)) - 2fdb3e93-e0d8-400e-8c33-91e2341b50c6: shutdown LeaderElection
2019-10-22 00:13:10,843 [2fdb3e93-e0d8-400e-8c33-91e2341b50c6@group-F01152B53F91-LeaderElection154] INFO  impl.RoleInfo (RoleInfo.java:updateAndGet(143)) - 2fdb3e93-e0d8-400e-8c33-91e2341b50c6: start FollowerState
2019-10-22 00:13:10,997 [Thread-1529] INFO  impl.FollowerState (FollowerState.java:run(108)) - 2fdb3e93-e0d8-400e-8c33-91e2341b50c6@group-F01152B53F91-FollowerState: change to CANDIDATE, lastRpcTime:154ms, electionTimeout:154ms
2019-10-22 00:13:10,998 [Thread-1529] INFO  impl.RoleInfo (RoleInfo.java:shutdownFollowerState(121)) - 2fdb3e93-e0d8-400e-8c33-91e2341b50c6: shutdown FollowerState
2019-10-22 00:13:10,998 [Thread-1529] INFO  impl.RaftServerImpl (RaftServerImpl.java:setRole(184)) - 2fdb3e93-e0d8-400e-8c33-91e2341b50c6@group-F01152B53F91: changes role from  FOLLOWER to CANDIDATE at term 151 for changeToCandidate
2019-10-22 00:13:10,998 [Thread-1529] INFO  impl.RoleInfo (RoleInfo.java:updateAndGet(143)) - 2fdb3e93-e0d8-400e-8c33-91e2341b50c6: start LeaderElection
2019-10-22 00:13:11,011 [2fdb3e93-e0d8-400e-8c33-91e2341b50c6@group-F01152B53F91-LeaderElection155] INFO  impl.LeaderElection (LeaderElection.java:askForVotes(178)) - 2fdb3e93-e0d8-400e-8c33-91e2341b50c6@group-F01152B53F91-LeaderElection155: begin an election at term 152 for -1: [2fdb3e93-e0d8-400e-8c33-91e2341b50c6:192.168.157.254:43254, 062c71de-08d9-40ee-9309-15590e2e8e68:192.168.157.254:45598, 2a52019e-5647-44e1-bf30-9a43fd8a7377:192.168.157.254:36038], old=null
2019-10-22 00:13:11,013 [grpc-default-executor-3] INFO  impl.RaftServerImpl (RaftServerImpl.java:setRole(184)) - 062c71de-08d9-40ee-9309-15590e2e8e68@group-F01152B53F91: changes role from  FOLLOWER to FOLLOWER at term 152 for recognizeCandidate:2fdb3e93-e0d8-400e-8c33-91e2341b50c6
2019-10-22 00:13:11,013 [grpc-default-executor-3] INFO  impl.RoleInfo (RoleInfo.java:shutdownFollowerState(121)) - 062c71de-08d9-40ee-9309-15590e2e8e68: shutdown FollowerState
2019-10-22 00:13:11,013 [grpc-default-executor-3] INFO  impl.RoleInfo (RoleInfo.java:updateAndGet(143)) - 062c71de-08d9-40ee-9309-15590e2e8e68: start FollowerState
2019-10-22 00:13:11,013 [grpc-default-executor-6] INFO  impl.RaftServerImpl (RaftServerImpl.java:setRole(184)) - 2a52019e-5647-44e1-bf30-9a43fd8a7377@group-F01152B53F91: changes role from  FOLLOWER to FOLLOWER at term 152 for recognizeCandidate:2fdb3e93-e0d8-400e-8c33-91e2341b50c6
2019-10-22 00:13:11,013 [grpc-default-executor-6] INFO  impl.RoleInfo (RoleInfo.java:shutdownFollowerState(121)) - 2a52019e-5647-44e1-bf30-9a43fd8a7377: shutdown FollowerState
2019-10-22 00:13:11,013 [Thread-1526] INFO  impl.FollowerState (FollowerState.java:run(117)) - 062c71de-08d9-40ee-9309-15590e2e8e68@group-F01152B53F91-FollowerState was interrupted: java.lang.InterruptedException: sleep interrupted
2019-10-22 00:13:11,013 [grpc-default-executor-6] INFO  impl.RoleInfo (RoleInfo.java:updateAndGet(143)) - 2a52019e-5647-44e1-bf30-9a43fd8a7377: start FollowerState
2019-10-22 00:13:11,013 [Thread-1527] INFO  impl.FollowerState (FollowerState.java:run(117)) - 2a52019e-5647-44e1-bf30-9a43fd8a7377@group-F01152B53F91-FollowerState was interrupted: java.lang.InterruptedException: sleep interrupted
2019-10-22 00:13:11,029 [2fdb3e93-e0d8-400e-8c33-91e2341b50c6@group-F01152B53F91-LeaderElection155] INFO  impl.LeaderElection (LeaderElection.java:logAndReturn(56)) - 2fdb3e93-e0d8-400e-8c33-91e2341b50c6@group-F01152B53F91-LeaderElection155: Election REJECTED; received 2 response(s) [2fdb3e93-e0d8-400e-8c33-91e2341b50c6<-062c71de-08d9-40ee-9309-15590e2e8e68#0:FAIL-t152, 2fdb3e93-e0d8-400e-8c33-91e2341b50c6<-2a52019e-5647-44e1-bf30-9a43fd8a7377#0:FAIL-t152] and 0 exception(s); 2fdb3e93-e0d8-400e-8c33-91e2341b50c6@group-F01152B53F91:t152, leader=null, voted=2fdb3e93-e0d8-400e-8c33-91e2341b50c6, raftlog=2fdb3e93-e0d8-400e-8c33-91e2341b50c6@group-F01152B53F91-SegmentedRaftLog:OPENED:c-1,f-1,i0, conf=-1: [2fdb3e93-e0d8-400e-8c33-91e2341b50c6:192.168.157.254:43254, 062c71de-08d9-40ee-9309-15590e2e8e68:192.168.157.254:45598, 2a52019e-5647-44e1-bf30-9a43fd8a7377:192.168.157.254:36038], old=null
2019-10-22 00:13:11,029 [2fdb3e93-e0d8-400e-8c33-91e2341b50c6@group-F01152B53F91-LeaderElection155] INFO  impl.RaftServerImpl (RaftServerImpl.java:setRole(184)) - 2fdb3e93-e0d8-400e-8c33-91e2341b50c6@group-F01152B53F91: changes role from CANDIDATE to FOLLOWER at term 152 for DISCOVERED_A_NEW_TERM
2019-10-22 00:13:11,030 [2fdb3e93-e0d8-400e-8c33-91e2341b50c6@group-F01152B53F91-LeaderElection155] INFO  impl.RoleInfo (RoleInfo.java:shutdownLeaderElection(134)) - 2fdb3e93-e0d8-400e-8c33-91e2341b50c6: shutdown LeaderElection
2019-10-22 00:13:11,030 [2fdb3e93-e0d8-400e-8c33-91e2341b50c6@group-F01152B53F91-LeaderElection155] INFO  impl.RoleInfo (RoleInfo.java:updateAndGet(143)) - 2fdb3e93-e0d8-400e-8c33-91e2341b50c6: start FollowerState
2019-10-22 00:13:11,081 [Thread-1536] INFO  impl.FollowerState (FollowerState.java:run(108)) - 2fdb3e93-e0d8-400e-8c33-91e2341b50c6@group-F01152B53F91-FollowerState: change to CANDIDATE, lastRpcTime:51ms, electionTimeout:51ms
2019-10-22 00:13:11,081 [Thread-1536] INFO  impl.RoleInfo (RoleInfo.java:shutdownFollowerState(121)) - 2fdb3e93-e0d8-400e-8c33-91e2341b50c6: shutdown FollowerState
2019-10-22 00:13:11,081 [Thread-1536] INFO  impl.RaftServerImpl (RaftServerImpl.java:setRole(184)) - 2fdb3e93-e0d8-400e-8c33-91e2341b50c6@group-F01152B53F91: changes role from  FOLLOWER to CANDIDATE at term 152 for changeToCandidate
2019-10-22 00:13:11,081 [Thread-1536] INFO  impl.RoleInfo (RoleInfo.java:updateAndGet(143)) - 2fdb3e93-e0d8-400e-8c33-91e2341b50c6: start LeaderElection
2019-10-22 00:13:11,095 [2fdb3e93-e0d8-400e-8c33-91e2341b50c6@group-F01152B53F91-LeaderElection156] INFO  impl.LeaderElection (LeaderElection.java:askForVotes(178)) - 2fdb3e93-e0d8-400e-8c33-91e2341b50c6@group-F01152B53F91-LeaderElection156: begin an election at term 153 for -1: [2fdb3e93-e0d8-400e-8c33-91e2341b50c6:192.168.157.254:43254, 062c71de-08d9-40ee-9309-15590e2e8e68:192.168.157.254:45598, 2a52019e-5647-44e1-bf30-9a43fd8a7377:192.168.157.254:36038], old=null
2019-10-22 00:13:11,097 [grpc-default-executor-3] INFO  impl.RaftServerImpl (RaftServerImpl.java:setRole(184)) - 062c71de-08d9-40ee-9309-15590e2e8e68@group-F01152B53F91: changes role from  FOLLOWER to FOLLOWER at term 153 for recognizeCandidate:2fdb3e93-e0d8-400e-8c33-91e2341b50c6
2019-10-22 00:13:11,097 [grpc-default-executor-6] INFO  impl.RaftServerImpl (RaftServerImpl.java:setRole(184)) - 2a52019e-5647-44e1-bf30-9a43fd8a7377@group-F01152B53F91: changes role from  FOLLOWER to FOLLOWER at term 153 for recognizeCandidate:2fdb3e93-e0d8-400e-8c33-91e2341b50c6
2019-10-22 00:13:11,097 [grpc-default-executor-6] INFO  impl.RoleInfo (RoleInfo.java:shutdownFollowerState(121)) - 2a52019e-5647-44e1-bf30-9a43fd8a7377: shutdown FollowerState
2019-10-22 00:13:11,097 [grpc-default-executor-3] INFO  impl.RoleInfo (RoleInfo.java:shutdownFollowerState(121)) - 062c71de-08d9-40ee-9309-15590e2e8e68: shutdown FollowerState
2019-10-22 00:13:11,098 [grpc-default-executor-6] INFO  impl.RoleInfo (RoleInfo.java:updateAndGet(143)) - 2a52019e-5647-44e1-bf30-9a43fd8a7377: start FollowerState
2019-10-22 00:13:11,098 [grpc-default-executor-3] INFO  impl.RoleInfo (RoleInfo.java:updateAndGet(143)) - 062c71de-08d9-40ee-9309-15590e2e8e68: start FollowerState
2019-10-22 00:13:11,099 [Thread-1535] INFO  impl.FollowerState (FollowerState.java:run(117)) - 2a52019e-5647-44e1-bf30-9a43fd8a7377@group-F01152B53F91-FollowerState was interrupted: java.lang.InterruptedException: sleep interrupted
2019-10-22 00:13:11,099 [Thread-1534] INFO  impl.FollowerState (FollowerState.java:run(117)) - 062c71de-08d9-40ee-9309-15590e2e8e68@group-F01152B53F91-FollowerState was interrupted: java.lang.InterruptedException: sleep interrupted
2019-10-22 00:13:11,144 [2fdb3e93-e0d8-400e-8c33-91e2341b50c6@group-F01152B53F91-LeaderElection156] INFO  impl.LeaderElection (LeaderElection.java:logAndReturn(56)) - 2fdb3e93-e0d8-400e-8c33-91e2341b50c6@group-F01152B53F91-LeaderElection156: Election REJECTED; received 2 response(s) [2fdb3e93-e0d8-400e-8c33-91e2341b50c6<-062c71de-08d9-40ee-9309-15590e2e8e68#0:FAIL-t153, 2fdb3e93-e0d8-400e-8c33-91e2341b50c6<-2a52019e-5647-44e1-bf30-9a43fd8a7377#0:FAIL-t153] and 0 exception(s); 2fdb3e93-e0d8-400e-8c33-91e2341b50c6@group-F01152B53F91:t153, leader=null, voted=2fdb3e93-e0d8-400e-8c33-91e2341b50c6, raftlog=2fdb3e93-e0d8-400e-8c33-91e2341b50c6@group-F01152B53F91-SegmentedRaftLog:OPENED:c-1,f-1,i0, conf=-1: [2fdb3e93-e0d8-400e-8c33-91e2341b50c6:192.168.157.254:43254, 062c71de-08d9-40ee-9309-15590e2e8e68:192.168.157.254:45598, 2a52019e-5647-44e1-bf30-9a43fd8a7377:192.168.157.254:36038], old=null
2019-10-22 00:13:11,145 [2fdb3e93-e0d8-400e-8c33-91e2341b50c6@group-F01152B53F91-LeaderElection156] INFO  impl.RaftServerImpl (RaftServerImpl.java:setRole(184)) - 2fdb3e93-e0d8-400e-8c33-91e2341b50c6@group-F01152B53F91: changes role from CANDIDATE to FOLLOWER at term 153 for DISCOVERED_A_NEW_TERM
2019-10-22 00:13:11,145 [2fdb3e93-e0d8-400e-8c33-91e2341b50c6@group-F01152B53F91-LeaderElection156] INFO  impl.RoleInfo (RoleInfo.java:shutdownLeaderElection(134)) - 2fdb3e93-e0d8-400e-8c33-91e2341b50c6: shutdown LeaderElection
2019-10-22 00:13:11,145 [2fdb3e93-e0d8-400e-8c33-91e2341b50c6@group-F01152B53F91-LeaderElection156] INFO  impl.RoleInfo (RoleInfo.java:updateAndGet(143)) - 2fdb3e93-e0d8-400e-8c33-91e2341b50c6: start FollowerState
2019-10-22 00:13:11,279 [Thread-1542] INFO  impl.FollowerState (FollowerState.java:run(108)) - 2fdb3e93-e0d8-400e-8c33-91e2341b50c6@group-F01152B53F91-FollowerState: change to CANDIDATE, lastRpcTime:134ms, electionTimeout:134ms
2019-10-22 00:13:11,279 [Thread-1542] INFO  impl.RoleInfo (RoleInfo.java:shutdownFollowerState(121)) - 2fdb3e93-e0d8-400e-8c33-91e2341b50c6: shutdown FollowerState
2019-10-22 00:13:11,279 [Thread-1542] INFO  impl.RaftServerImpl (RaftServerImpl.java:setRole(184)) - 2fdb3e93-e0d8-400e-8c33-91e2341b50c6@group-F01152B53F91: changes role from  FOLLOWER to CANDIDATE at term 153 for changeToCandidate
2019-10-22 00:13:11,280 [Thread-1542] INFO  impl.RoleInfo (RoleInfo.java:updateAndGet(143)) - 2fdb3e93-e0d8-400e-8c33-91e2341b50c6: start LeaderElection
2019-10-22 00:13:11,293 [2fdb3e93-e0d8-400e-8c33-91e2341b50c6@group-F01152B53F91-LeaderElection157] INFO  impl.LeaderElection (LeaderElection.java:askForVotes(178)) - 2fdb3e93-e0d8-400e-8c33-91e2341b50c6@group-F01152B53F91-LeaderElection157: begin an election at term 154 for -1: [2fdb3e93-e0d8-400e-8c33-91e2341b50c6:192.168.157.254:43254, 062c71de-08d9-40ee-9309-15590e2e8e68:192.168.157.254:45598, 2a52019e-5647-44e1-bf30-9a43fd8a7377:192.168.157.254:36038], old=null
2019-10-22 00:13:11,295 [grpc-default-executor-6] INFO  impl.RaftServerImpl (RaftServerImpl.java:setRole(184)) - 062c71de-08d9-40ee-9309-15590e2e8e68@group-F01152B53F91: changes role from  FOLLOWER to FOLLOWER at term 154 for recognizeCandidate:2fdb3e93-e0d8-400e-8c33-91e2341b50c6
2019-10-22 00:13:11,295 [grpc-default-executor-6] INFO  impl.RoleInfo (RoleInfo.java:shutdownFollowerState(121)) - 062c71de-08d9-40ee-9309-15590e2e8e68: shutdown FollowerState
2019-10-22 00:13:11,295 [grpc-default-executor-3] INFO  impl.RaftServerImpl (RaftServerImpl.java:setRole(184)) - 2a52019e-5647-44e1-bf30-9a43fd8a7377@group-F01152B53F91: changes role from  FOLLOWER to FOLLOWER at term 154 for recognizeCandidate:2fdb3e93-e0d8-400e-8c33-91e2341b50c6
2019-10-22 00:13:11,296 [Thread-1541] INFO  impl.FollowerState (FollowerState.java:run(117)) - 062c71de-08d9-40ee-9309-15590e2e8e68@group-F01152B53F91-FollowerState was interrupted: java.lang.InterruptedException: sleep interrupted
2019-10-22 00:13:11,296 [grpc-default-executor-6] INFO  impl.RoleInfo (RoleInfo.java:updateAndGet(143)) - 062c71de-08d9-40ee-9309-15590e2e8e68: start FollowerState
2019-10-22 00:13:11,296 [grpc-default-executor-3] INFO  impl.RoleInfo (RoleInfo.java:shutdownFollowerState(121)) - 2a52019e-5647-44e1-bf30-9a43fd8a7377: shutdown FollowerState
2019-10-22 00:13:11,296 [grpc-default-executor-3] INFO  impl.RoleInfo (RoleInfo.java:updateAndGet(143)) - 2a52019e-5647-44e1-bf30-9a43fd8a7377: start FollowerState
2019-10-22 00:13:11,296 [Thread-1540] INFO  impl.FollowerState (FollowerState.java:run(117)) - 2a52019e-5647-44e1-bf30-9a43fd8a7377@group-F01152B53F91-FollowerState was interrupted: java.lang.InterruptedException: sleep interrupted
2019-10-22 00:13:11,313 [2fdb3e93-e0d8-400e-8c33-91e2341b50c6@group-F01152B53F91-LeaderElection157] INFO  impl.LeaderElection (LeaderElection.java:logAndReturn(56)) - 2fdb3e93-e0d8-400e-8c33-91e2341b50c6@group-F01152B53F91-LeaderElection157: Election REJECTED; received 2 response(s) [2fdb3e93-e0d8-400e-8c33-91e2341b50c6<-062c71de-08d9-40ee-9309-15590e2e8e68#0:FAIL-t154, 2fdb3e93-e0d8-400e-8c33-91e2341b50c6<-2a52019e-5647-44e1-bf30-9a43fd8a7377#0:FAIL-t154] and 0 exception(s); 2fdb3e93-e0d8-400e-8c33-91e2341b50c6@group-F01152B53F91:t154, leader=null, voted=2fdb3e93-e0d8-400e-8c33-91e2341b50c6, raftlog=2fdb3e93-e0d8-400e-8c33-91e2341b50c6@group-F01152B53F91-SegmentedRaftLog:OPENED:c-1,f-1,i0, conf=-1: [2fdb3e93-e0d8-400e-8c33-91e2341b50c6:192.168.157.254:43254, 062c71de-08d9-40ee-9309-15590e2e8e68:192.168.157.254:45598, 2a52019e-5647-44e1-bf30-9a43fd8a7377:192.168.157.254:36038], old=null
2019-10-22 00:13:11,313 [2fdb3e93-e0d8-400e-8c33-91e2341b50c6@group-F01152B53F91-LeaderElection157] INFO  impl.RaftServerImpl (RaftServerImpl.java:setRole(184)) - 2fdb3e93-e0d8-400e-8c33-91e2341b50c6@group-F01152B53F91: changes role from CANDIDATE to FOLLOWER at term 154 for DISCOVERED_A_NEW_TERM
2019-10-22 00:13:11,313 [2fdb3e93-e0d8-400e-8c33-91e2341b50c6@group-F01152B53F91-LeaderElection157] INFO  impl.RoleInfo (RoleInfo.java:shutdownLeaderElection(134)) - 2fdb3e93-e0d8-400e-8c33-91e2341b50c6: shutdown LeaderElection
2019-10-22 00:13:11,313 [2fdb3e93-e0d8-400e-8c33-91e2341b50c6@group-F01152B53F91-LeaderElection157] INFO  impl.RoleInfo (RoleInfo.java:updateAndGet(143)) - 2fdb3e93-e0d8-400e-8c33-91e2341b50c6: start FollowerState
2019-10-22 00:13:11,432 [Thread-1548] INFO  impl.FollowerState (FollowerState.java:run(108)) - 2fdb3e93-e0d8-400e-8c33-91e2341b50c6@group-F01152B53F91-FollowerState: change to CANDIDATE, lastRpcTime:119ms, electionTimeout:119ms
2019-10-22 00:13:11,432 [Thread-1548] INFO  impl.RoleInfo (RoleInfo.java:shutdownFollowerState(121)) - 2fdb3e93-e0d8-400e-8c33-91e2341b50c6: shutdown FollowerState
2019-10-22 00:13:11,432 [Thread-1548] INFO  impl.RaftServerImpl (RaftServerImpl.java:setRole(184)) - 2fdb3e93-e0d8-400e-8c33-91e2341b50c6@group-F01152B53F91: changes role from  FOLLOWER to CANDIDATE at term 154 for changeToCandidate
2019-10-22 00:13:11,433 [Thread-1548] INFO  impl.RoleInfo (RoleInfo.java:updateAndGet(143)) - 2fdb3e93-e0d8-400e-8c33-91e2341b50c6: start LeaderElection
2019-10-22 00:13:11,446 [2fdb3e93-e0d8-400e-8c33-91e2341b50c6@group-F01152B53F91-LeaderElection158] INFO  impl.LeaderElection (LeaderElection.java:askForVotes(178)) - 2fdb3e93-e0d8-400e-8c33-91e2341b50c6@group-F01152B53F91-LeaderElection158: begin an election at term 155 for -1: [2fdb3e93-e0d8-400e-8c33-91e2341b50c6:192.168.157.254:43254, 062c71de-08d9-40ee-9309-15590e2e8e68:192.168.157.254:45598, 2a52019e-5647-44e1-bf30-9a43fd8a7377:192.168.157.254:36038], old=null
2019-10-22 00:13:11,447 [grpc-default-executor-3] INFO  impl.RaftServerImpl (RaftServerImpl.java:setRole(184)) - 062c71de-08d9-40ee-9309-15590e2e8e68@group-F01152B53F91: changes role from  FOLLOWER to FOLLOWER at term 155 for recognizeCandidate:2fdb3e93-e0d8-400e-8c33-91e2341b50c6
2019-10-22 00:13:11,447 [grpc-default-executor-6] INFO  impl.RaftServerImpl (RaftServerImpl.java:setRole(184)) - 2a52019e-5647-44e1-bf30-9a43fd8a7377@group-F01152B53F91: changes role from  FOLLOWER to FOLLOWER at term 155 for recognizeCandidate:2fdb3e93-e0d8-400e-8c33-91e2341b50c6
2019-10-22 00:13:11,447 [grpc-default-executor-6] INFO  impl.RoleInfo (RoleInfo.java:shutdownFollowerState(121)) - 2a52019e-5647-44e1-bf30-9a43fd8a7377: shutdown FollowerState
2019-10-22 00:13:11,447 [grpc-default-executor-3] INFO  impl.RoleInfo (RoleInfo.java:shutdownFollowerState(121)) - 062c71de-08d9-40ee-9309-15590e2e8e68: shutdown FollowerState
2019-10-22 00:13:11,448 [grpc-default-executor-6] INFO  impl.RoleInfo (RoleInfo.java:updateAndGet(143)) - 2a52019e-5647-44e1-bf30-9a43fd8a7377: start FollowerState
2019-10-22 00:13:11,448 [Thread-1547] INFO  impl.FollowerState (FollowerState.java:run(117)) - 2a52019e-5647-44e1-bf30-9a43fd8a7377@group-F01152B53F91-FollowerState was interrupted: java.lang.InterruptedException: sleep interrupted
2019-10-22 00:13:11,448 [grpc-default-executor-3] INFO  impl.RoleInfo (RoleInfo.java:updateAndGet(143)) - 062c71de-08d9-40ee-9309-15590e2e8e68: start FollowerState
2019-10-22 00:13:11,448 [Thread-1546] INFO  impl.FollowerState (FollowerState.java:run(117)) - 062c71de-08d9-40ee-9309-15590e2e8e68@group-F01152B53F91-FollowerState was interrupted: java.lang.InterruptedException: sleep interrupted
2019-10-22 00:13:11,462 [2fdb3e93-e0d8-400e-8c33-91e2341b50c6@group-F01152B53F91-LeaderElection158] INFO  impl.LeaderElection (LeaderElection.java:logAndReturn(56)) - 2fdb3e93-e0d8-400e-8c33-91e2341b50c6@group-F01152B53F91-LeaderElection158: Election REJECTED; received 2 response(s) [2fdb3e93-e0d8-400e-8c33-91e2341b50c6<-062c71de-08d9-40ee-9309-15590e2e8e68#0:FAIL-t155, 2fdb3e93-e0d8-400e-8c33-91e2341b50c6<-2a52019e-5647-44e1-bf30-9a43fd8a7377#0:FAIL-t155] and 0 exception(s); 2fdb3e93-e0d8-400e-8c33-91e2341b50c6@group-F01152B53F91:t155, leader=null, voted=2fdb3e93-e0d8-400e-8c33-91e2341b50c6, raftlog=2fdb3e93-e0d8-400e-8c33-91e2341b50c6@group-F01152B53F91-SegmentedRaftLog:OPENED:c-1,f-1,i0, conf=-1: [2fdb3e93-e0d8-400e-8c33-91e2341b50c6:192.168.157.254:43254, 062c71de-08d9-40ee-9309-15590e2e8e68:192.168.157.254:45598, 2a52019e-5647-44e1-bf30-9a43fd8a7377:192.168.157.254:36038], old=null
2019-10-22 00:13:11,462 [2fdb3e93-e0d8-400e-8c33-91e2341b50c6@group-F01152B53F91-LeaderElection158] INFO  impl.RaftServerImpl (RaftServerImpl.java:setRole(184)) - 2fdb3e93-e0d8-400e-8c33-91e2341b50c6@group-F01152B53F91: changes role from CANDIDATE to FOLLOWER at term 155 for DISCOVERED_A_NEW_TERM
2019-10-22 00:13:11,462 [2fdb3e93-e0d8-400e-8c33-91e2341b50c6@group-F01152B53F91-LeaderElection158] INFO  impl.RoleInfo (RoleInfo.java:shutdownLeaderElection(134)) - 2fdb3e93-e0d8-400e-8c33-91e2341b50c6: shutdown LeaderElection
2019-10-22 00:13:11,462 [2fdb3e93-e0d8-400e-8c33-91e2341b50c6@group-F01152B53F91-LeaderElection158] INFO  impl.RoleInfo (RoleInfo.java:updateAndGet(143)) - 2fdb3e93-e0d8-400e-8c33-91e2341b50c6: start FollowerState
2019-10-22 00:13:11,491 [Thread-1556] INFO  impl.FollowerState (FollowerState.java:run(108)) - 2fdb3e93-e0d8-400e-8c33-91e2341b50c6@group-F01152B53F91-FollowerState: change to CANDIDATE, lastRpcTime:28ms, electionTimeout:28ms
2019-10-22 00:13:11,491 [Thread-1556] INFO  impl.RoleInfo (RoleInfo.java:shutdownFollowerState(121)) - 2fdb3e93-e0d8-400e-8c33-91e2341b50c6: shutdown FollowerState
2019-10-22 00:13:11,491 [Thread-1556] INFO  impl.RaftServerImpl (RaftServerImpl.java:setRole(184)) - 2fdb3e93-e0d8-400e-8c33-91e2341b50c6@group-F01152B53F91: changes role from  FOLLOWER to CANDIDATE at term 155 for changeToCandidate
2019-10-22 00:13:11,491 [Thread-1556] INFO  impl.RoleInfo (RoleInfo.java:updateAndGet(143)) - 2fdb3e93-e0d8-400e-8c33-91e2341b50c6: start LeaderElection
2019-10-22 00:13:11,504 [2fdb3e93-e0d8-400e-8c33-91e2341b50c6@group-F01152B53F91-LeaderElection159] INFO  impl.LeaderElection (LeaderElection.java:askForVotes(178)) - 2fdb3e93-e0d8-400e-8c33-91e2341b50c6@group-F01152B53F91-LeaderElection159: begin an election at term 156 for -1: [2fdb3e93-e0d8-400e-8c33-91e2341b50c6:192.168.157.254:43254, 062c71de-08d9-40ee-9309-15590e2e8e68:192.168.157.254:45598, 2a52019e-5647-44e1-bf30-9a43fd8a7377:192.168.157.254:36038], old=null
2019-10-22 00:13:11,505 [grpc-default-executor-3] INFO  impl.RaftServerImpl (RaftServerImpl.java:setRole(184)) - 2a52019e-5647-44e1-bf30-9a43fd8a7377@group-F01152B53F91: changes role from  FOLLOWER to FOLLOWER at term 156 for recognizeCandidate:2fdb3e93-e0d8-400e-8c33-91e2341b50c6
2019-10-22 00:13:11,506 [grpc-default-executor-3] INFO  impl.RoleInfo (RoleInfo.java:shutdownFollowerState(121)) - 2a52019e-5647-44e1-bf30-9a43fd8a7377: shutdown FollowerState
2019-10-22 00:13:11,506 [grpc-default-executor-6] INFO  impl.RaftServerImpl (RaftServerImpl.java:setRole(184)) - 062c71de-08d9-40ee-9309-15590e2e8e68@group-F01152B53F91: changes role from  FOLLOWER to FOLLOWER at term 156 for recognizeCandidate:2fdb3e93-e0d8-400e-8c33-91e2341b50c6
2019-10-22 00:13:11,506 [grpc-default-executor-3] INFO  impl.RoleInfo (RoleInfo.java:updateAndGet(143)) - 2a52019e-5647-44e1-bf30-9a43fd8a7377: start FollowerState
2019-10-22 00:13:11,506 [Thread-1553] INFO  impl.FollowerState (FollowerState.java:run(117)) - 2a52019e-5647-44e1-bf30-9a43fd8a7377@group-F01152B53F91-FollowerState was interrupted: java.lang.InterruptedException: sleep interrupted
2019-10-22 00:13:11,506 [grpc-default-executor-6] INFO  impl.RoleInfo (RoleInfo.java:shutdownFollowerState(121)) - 062c71de-08d9-40ee-9309-15590e2e8e68: shutdown FollowerState
2019-10-22 00:13:11,506 [grpc-default-executor-6] INFO  impl.RoleInfo (RoleInfo.java:updateAndGet(143)) - 062c71de-08d9-40ee-9309-15590e2e8e68: start FollowerState
2019-10-22 00:13:11,506 [Thread-1554] INFO  impl.FollowerState (FollowerState.java:run(117)) - 062c71de-08d9-40ee-9309-15590e2e8e68@group-F01152B53F91-FollowerState was interrupted: java.lang.InterruptedException: sleep interrupted
2019-10-22 00:13:11,521 [2fdb3e93-e0d8-400e-8c33-91e2341b50c6@group-F01152B53F91-LeaderElection159] INFO  impl.LeaderElection (LeaderElection.java:logAndReturn(56)) - 2fdb3e93-e0d8-400e-8c33-91e2341b50c6@group-F01152B53F91-LeaderElection159: Election REJECTED; received 2 response(s) [2fdb3e93-e0d8-400e-8c33-91e2341b50c6<-062c71de-08d9-40ee-9309-15590e2e8e68#0:FAIL-t156, 2fdb3e93-e0d8-400e-8c33-91e2341b50c6<-2a52019e-5647-44e1-bf30-9a43fd8a7377#0:FAIL-t156] and 0 exception(s); 2fdb3e93-e0d8-400e-8c33-91e2341b50c6@group-F01152B53F91:t156, leader=null, voted=2fdb3e93-e0d8-400e-8c33-91e2341b50c6, raftlog=2fdb3e93-e0d8-400e-8c33-91e2341b50c6@group-F01152B53F91-SegmentedRaftLog:OPENED:c-1,f-1,i0, conf=-1: [2fdb3e93-e0d8-400e-8c33-91e2341b50c6:192.168.157.254:43254, 062c71de-08d9-40ee-9309-15590e2e8e68:192.168.157.254:45598, 2a52019e-5647-44e1-bf30-9a43fd8a7377:192.168.157.254:36038], old=null
2019-10-22 00:13:11,521 [2fdb3e93-e0d8-400e-8c33-91e2341b50c6@group-F01152B53F91-LeaderElection159] INFO  impl.RaftServerImpl (RaftServerImpl.java:setRole(184)) - 2fdb3e93-e0d8-400e-8c33-91e2341b50c6@group-F01152B53F91: changes role from CANDIDATE to FOLLOWER at term 156 for DISCOVERED_A_NEW_TERM
2019-10-22 00:13:11,522 [2fdb3e93-e0d8-400e-8c33-91e2341b50c6@group-F01152B53F91-LeaderElection159] INFO  impl.RoleInfo (RoleInfo.java:shutdownLeaderElection(134)) - 2fdb3e93-e0d8-400e-8c33-91e2341b50c6: shutdown LeaderElection
2019-10-22 00:13:11,522 [2fdb3e93-e0d8-400e-8c33-91e2341b50c6@group-F01152B53F91-LeaderElection159] INFO  impl.RoleInfo (RoleInfo.java:updateAndGet(143)) - 2fdb3e93-e0d8-400e-8c33-91e2341b50c6: start FollowerState
2019-10-22 00:13:11,550 [Thread-1562] INFO  impl.FollowerState (FollowerState.java:run(108)) - 2fdb3e93-e0d8-400e-8c33-91e2341b50c6@group-F01152B53F91-FollowerState: change to CANDIDATE, lastRpcTime:28ms, electionTimeout:28ms
2019-10-22 00:13:11,550 [Thread-1562] INFO  impl.RoleInfo (RoleInfo.java:shutdownFollowerState(121)) - 2fdb3e93-e0d8-400e-8c33-91e2341b50c6: shutdown FollowerState
2019-10-22 00:13:11,550 [Thread-1562] INFO  impl.RaftServerImpl (RaftServerImpl.java:setRole(184)) - 2fdb3e93-e0d8-400e-8c33-91e2341b50c6@group-F01152B53F91: changes role from  FOLLOWER to CANDIDATE at term 156 for changeToCandidate
2019-10-22 00:13:11,550 [Thread-1562] INFO  impl.RoleInfo (RoleInfo.java:updateAndGet(143)) - 2fdb3e93-e0d8-400e-8c33-91e2341b50c6: start LeaderElection
2019-10-22 00:13:11,564 [2fdb3e93-e0d8-400e-8c33-91e2341b50c6@group-F01152B53F91-LeaderElection160] INFO  impl.LeaderElection (LeaderElection.java:askForVotes(178)) - 2fdb3e93-e0d8-400e-8c33-91e2341b50c6@group-F01152B53F91-LeaderElection160: begin an election at term 157 for -1: [2fdb3e93-e0d8-400e-8c33-91e2341b50c6:192.168.157.254:43254, 062c71de-08d9-40ee-9309-15590e2e8e68:192.168.157.254:45598, 2a52019e-5647-44e1-bf30-9a43fd8a7377:192.168.157.254:36038], old=null
2019-10-22 00:13:11,565 [grpc-default-executor-6] INFO  impl.RaftServerImpl (RaftServerImpl.java:setRole(184)) - 2a52019e-5647-44e1-bf30-9a43fd8a7377@group-F01152B53F91: changes role from  FOLLOWER to FOLLOWER at term 157 for recognizeCandidate:2fdb3e93-e0d8-400e-8c33-91e2341b50c6
2019-10-22 00:13:11,565 [grpc-default-executor-6] INFO  impl.RoleInfo (RoleInfo.java:shutdownFollowerState(121)) - 2a52019e-5647-44e1-bf30-9a43fd8a7377: shutdown FollowerState
2019-10-22 00:13:11,565 [grpc-default-executor-3] INFO  impl.RaftServerImpl (RaftServerImpl.java:setRole(184)) - 062c71de-08d9-40ee-9309-15590e2e8e68@group-F01152B53F91: changes role from  FOLLOWER to FOLLOWER at term 157 for recognizeCandidate:2fdb3e93-e0d8-400e-8c33-91e2341b50c6
2019-10-22 00:13:11,565 [grpc-default-executor-3] INFO  impl.RoleInfo (RoleInfo.java:shutdownFollowerState(121)) - 062c71de-08d9-40ee-9309-15590e2e8e68: shutdown FollowerState
2019-10-22 00:13:11,565 [Thread-1560] INFO  impl.FollowerState (FollowerState.java:run(117)) - 2a52019e-5647-44e1-bf30-9a43fd8a7377@group-F01152B53F91-FollowerState was interrupted: java.lang.InterruptedException: sleep interrupted
2019-10-22 00:13:11,565 [grpc-default-executor-6] INFO  impl.RoleInfo (RoleInfo.java:updateAndGet(143)) - 2a52019e-5647-44e1-bf30-9a43fd8a7377: start FollowerState
2019-10-22 00:13:11,566 [Thread-1561] INFO  impl.FollowerState (FollowerState.java:run(117)) - 062c71de-08d9-40ee-9309-15590e2e8e68@group-F01152B53F91-FollowerState was interrupted: java.lang.InterruptedException: sleep interrupted
2019-10-22 00:13:11,566 [grpc-default-executor-3] INFO  impl.RoleInfo (RoleInfo.java:updateAndGet(143)) - 062c71de-08d9-40ee-9309-15590e2e8e68: start FollowerState
2019-10-22 00:13:11,580 [2fdb3e93-e0d8-400e-8c33-91e2341b50c6@group-F01152B53F91-LeaderElection160] INFO  impl.LeaderElection (LeaderElection.java:logAndReturn(56)) - 2fdb3e93-e0d8-400e-8c33-91e2341b50c6@group-F01152B53F91-LeaderElection160: Election REJECTED; received 2 response(s) [2fdb3e93-e0d8-400e-8c33-91e2341b50c6<-062c71de-08d9-40ee-9309-15590e2e8e68#0:FAIL-t157, 2fdb3e93-e0d8-400e-8c33-91e2341b50c6<-2a52019e-5647-44e1-bf30-9a43fd8a7377#0:FAIL-t157] and 0 exception(s); 2fdb3e93-e0d8-400e-8c33-91e2341b50c6@group-F01152B53F91:t157, leader=null, voted=2fdb3e93-e0d8-400e-8c33-91e2341b50c6, raftlog=2fdb3e93-e0d8-400e-8c33-91e2341b50c6@group-F01152B53F91-SegmentedRaftLog:OPENED:c-1,f-1,i0, conf=-1: [2fdb3e93-e0d8-400e-8c33-91e2341b50c6:192.168.157.254:43254, 062c71de-08d9-40ee-9309-15590e2e8e68:192.168.157.254:45598, 2a52019e-5647-44e1-bf30-9a43fd8a7377:192.168.157.254:36038], old=null
2019-10-22 00:13:11,580 [2fdb3e93-e0d8-400e-8c33-91e2341b50c6@group-F01152B53F91-LeaderElection160] INFO  impl.RaftServerImpl (RaftServerImpl.java:setRole(184)) - 2fdb3e93-e0d8-400e-8c33-91e2341b50c6@group-F01152B53F91: changes role from CANDIDATE to FOLLOWER at term 157 for DISCOVERED_A_NEW_TERM
2019-10-22 00:13:11,580 [2fdb3e93-e0d8-400e-8c33-91e2341b50c6@group-F01152B53F91-LeaderElection160] INFO  impl.RoleInfo (RoleInfo.java:shutdownLeaderElection(134)) - 2fdb3e93-e0d8-400e-8c33-91e2341b50c6: shutdown LeaderElection
2019-10-22 00:13:11,580 [2fdb3e93-e0d8-400e-8c33-91e2341b50c6@group-F01152B53F91-LeaderElection160] INFO  impl.RoleInfo (RoleInfo.java:updateAndGet(143)) - 2fdb3e93-e0d8-400e-8c33-91e2341b50c6: start FollowerState
2019-10-22 00:13:11,643 [Thread-1568] INFO  impl.FollowerState (FollowerState.java:run(108)) - 2fdb3e93-e0d8-400e-8c33-91e2341b50c6@group-F01152B53F91-FollowerState: change to CANDIDATE, lastRpcTime:62ms, electionTimeout:62ms
2019-10-22 00:13:11,643 [Thread-1568] INFO  impl.RoleInfo (RoleInfo.java:shutdownFollowerState(121)) - 2fdb3e93-e0d8-400e-8c33-91e2341b50c6: shutdown FollowerState
2019-10-22 00:13:11,643 [Thread-1568] INFO  impl.RaftServerImpl (RaftServerImpl.java:setRole(184)) - 2fdb3e93-e0d8-400e-8c33-91e2341b50c6@group-F01152B53F91: changes role from  FOLLOWER to CANDIDATE at term 157 for changeToCandidate
2019-10-22 00:13:11,643 [Thread-1568] INFO  impl.RoleInfo (RoleInfo.java:updateAndGet(143)) - 2fdb3e93-e0d8-400e-8c33-91e2341b50c6: start LeaderElection
2019-10-22 00:13:11,656 [2fdb3e93-e0d8-400e-8c33-91e2341b50c6@group-F01152B53F91-LeaderElection161] INFO  impl.LeaderElection (LeaderElection.java:askForVotes(178)) - 2fdb3e93-e0d8-400e-8c33-91e2341b50c6@group-F01152B53F91-LeaderElection161: begin an election at term 158 for -1: [2fdb3e93-e0d8-400e-8c33-91e2341b50c6:192.168.157.254:43254, 062c71de-08d9-40ee-9309-15590e2e8e68:192.168.157.254:45598, 2a52019e-5647-44e1-bf30-9a43fd8a7377:192.168.157.254:36038], old=null
2019-10-22 00:13:11,658 [grpc-default-executor-3] INFO  impl.RaftServerImpl (RaftServerImpl.java:setRole(184)) - 062c71de-08d9-40ee-9309-15590e2e8e68@group-F01152B53F91: changes role from  FOLLOWER to FOLLOWER at term 158 for recognizeCandidate:2fdb3e93-e0d8-400e-8c33-91e2341b50c6
2019-10-22 00:13:11,658 [grpc-default-executor-3] INFO  impl.RoleInfo (RoleInfo.java:shutdownFollowerState(121)) - 062c71de-08d9-40ee-9309-15590e2e8e68: shutdown FollowerState
2019-10-22 00:13:11,658 [grpc-default-executor-3] INFO  impl.RoleInfo (RoleInfo.java:updateAndGet(143)) - 062c71de-08d9-40ee-9309-15590e2e8e68: start FollowerState
2019-10-22 00:13:11,658 [grpc-default-executor-6] INFO  impl.RaftServerImpl (RaftServerImpl.java:setRole(184)) - 2a52019e-5647-44e1-bf30-9a43fd8a7377@group-F01152B53F91: changes role from  FOLLOWER to FOLLOWER at term 158 for recognizeCandidate:2fdb3e93-e0d8-400e-8c33-91e2341b50c6
2019-10-22 00:13:11,658 [grpc-default-executor-6] INFO  impl.RoleInfo (RoleInfo.java:shutdownFollowerState(121)) - 2a52019e-5647-44e1-bf30-9a43fd8a7377: shutdown FollowerState
2019-10-22 00:13:11,658 [Thread-1567] INFO  impl.FollowerState (FollowerState.java:run(117)) - 062c71de-08d9-40ee-9309-15590e2e8e68@group-F01152B53F91-FollowerState was interrupted: java.lang.InterruptedException: sleep interrupted
2019-10-22 00:13:11,658 [grpc-default-executor-6] INFO  impl.RoleInfo (RoleInfo.java:updateAndGet(143)) - 2a52019e-5647-44e1-bf30-9a43fd8a7377: start FollowerState
2019-10-22 00:13:11,658 [Thread-1566] INFO  impl.FollowerState (FollowerState.java:run(117)) - 2a52019e-5647-44e1-bf30-9a43fd8a7377@group-F01152B53F91-FollowerState was interrupted: java.lang.InterruptedException: sleep interrupted
2019-10-22 00:13:11,672 [2fdb3e93-e0d8-400e-8c33-91e2341b50c6@group-F01152B53F91-LeaderElection161] INFO  impl.LeaderElection (LeaderElection.java:logAndReturn(56)) - 2fdb3e93-e0d8-400e-8c33-91e2341b50c6@group-F01152B53F91-LeaderElection161: Election REJECTED; received 2 response(s) [2fdb3e93-e0d8-400e-8c33-91e2341b50c6<-062c71de-08d9-40ee-9309-15590e2e8e68#0:FAIL-t158, 2fdb3e93-e0d8-400e-8c33-91e2341b50c6<-2a52019e-5647-44e1-bf30-9a43fd8a7377#0:FAIL-t158] and 0 exception(s); 2fdb3e93-e0d8-400e-8c33-91e2341b50c6@group-F01152B53F91:t158, leader=null, voted=2fdb3e93-e0d8-400e-8c33-91e2341b50c6, raftlog=2fdb3e93-e0d8-400e-8c33-91e2341b50c6@group-F01152B53F91-SegmentedRaftLog:OPENED:c-1,f-1,i0, conf=-1: [2fdb3e93-e0d8-400e-8c33-91e2341b50c6:192.168.157.254:43254, 062c71de-08d9-40ee-9309-15590e2e8e68:192.168.157.254:45598, 2a52019e-5647-44e1-bf30-9a43fd8a7377:192.168.157.254:36038], old=null
2019-10-22 00:13:11,672 [2fdb3e93-e0d8-400e-8c33-91e2341b50c6@group-F01152B53F91-LeaderElection161] INFO  impl.RaftServerImpl (RaftServerImpl.java:setRole(184)) - 2fdb3e93-e0d8-400e-8c33-91e2341b50c6@group-F01152B53F91: changes role from CANDIDATE to FOLLOWER at term 158 for DISCOVERED_A_NEW_TERM
2019-10-22 00:13:11,672 [2fdb3e93-e0d8-400e-8c33-91e2341b50c6@group-F01152B53F91-LeaderElection161] INFO  impl.RoleInfo (RoleInfo.java:shutdownLeaderElection(134)) - 2fdb3e93-e0d8-400e-8c33-91e2341b50c6: shutdown LeaderElection
2019-10-22 00:13:11,672 [2fdb3e93-e0d8-400e-8c33-91e2341b50c6@group-F01152B53F91-LeaderElection161] INFO  impl.RoleInfo (RoleInfo.java:updateAndGet(143)) - 2fdb3e93-e0d8-400e-8c33-91e2341b50c6: start FollowerState
2019-10-22 00:13:11,781 [Thread-1574] INFO  impl.FollowerState (FollowerState.java:run(108)) - 2fdb3e93-e0d8-400e-8c33-91e2341b50c6@group-F01152B53F91-FollowerState: change to CANDIDATE, lastRpcTime:109ms, electionTimeout:109ms
2019-10-22 00:13:11,782 [Thread-1574] INFO  impl.RoleInfo (RoleInfo.java:shutdownFollowerState(121)) - 2fdb3e93-e0d8-400e-8c33-91e2341b50c6: shutdown FollowerState
2019-10-22 00:13:11,782 [Thread-1574] INFO  impl.RaftServerImpl (RaftServerImpl.java:setRole(184)) - 2fdb3e93-e0d8-400e-8c33-91e2341b50c6@group-F01152B53F91: changes role from  FOLLOWER to CANDIDATE at term 158 for changeToCandidate
2019-10-22 00:13:11,782 [Thread-1574] INFO  impl.RoleInfo (RoleInfo.java:updateAndGet(143)) - 2fdb3e93-e0d8-400e-8c33-91e2341b50c6: start LeaderElection
2019-10-22 00:13:11,793 [java.util.concurrent.ThreadPoolExecutor$Worker@c41ae0f[State = -1, empty queue]] WARN  server.GrpcLogAppender (GrpcLogAppender.java:timeoutAppendRequest(209)) - fad63ceb-ed14-4322-905d-6ef3599ac734@group-0045C62F497D->5732e052-e19f-40fe-a104-972211db20fb-GrpcLogAppender: appendEntries Timeout, request=fad63ceb-ed14-4322-905d-6ef3599ac734->5732e052-e19f-40fe-a104-972211db20fb#34-t1, previous=(t:1, i:0), leaderCommit=0, initializing? false, entries: <empty>
2019-10-22 00:13:11,809 [2fdb3e93-e0d8-400e-8c33-91e2341b50c6@group-F01152B53F91-LeaderElection162] INFO  impl.LeaderElection (LeaderElection.java:askForVotes(178)) - 2fdb3e93-e0d8-400e-8c33-91e2341b50c6@group-F01152B53F91-LeaderElection162: begin an election at term 159 for -1: [2fdb3e93-e0d8-400e-8c33-91e2341b50c6:192.168.157.254:43254, 062c71de-08d9-40ee-9309-15590e2e8e68:192.168.157.254:45598, 2a52019e-5647-44e1-bf30-9a43fd8a7377:192.168.157.254:36038], old=null
2019-10-22 00:13:11,811 [grpc-default-executor-6] INFO  impl.RaftServerImpl (RaftServerImpl.java:setRole(184)) - 062c71de-08d9-40ee-9309-15590e2e8e68@group-F01152B53F91: changes role from  FOLLOWER to FOLLOWER at term 159 for recognizeCandidate:2fdb3e93-e0d8-400e-8c33-91e2341b50c6
2019-10-22 00:13:11,811 [grpc-default-executor-6] INFO  impl.RoleInfo (RoleInfo.java:shutdownFollowerState(121)) - 062c71de-08d9-40ee-9309-15590e2e8e68: shutdown FollowerState
2019-10-22 00:13:11,811 [grpc-default-executor-3] INFO  impl.RaftServerImpl (RaftServerImpl.java:setRole(184)) - 2a52019e-5647-44e1-bf30-9a43fd8a7377@group-F01152B53F91: changes role from  FOLLOWER to FOLLOWER at term 159 for recognizeCandidate:2fdb3e93-e0d8-400e-8c33-91e2341b50c6
2019-10-22 00:13:11,812 [Thread-1572] INFO  impl.FollowerState (FollowerState.java:run(117)) - 062c71de-08d9-40ee-9309-15590e2e8e68@group-F01152B53F91-FollowerState was interrupted: java.lang.InterruptedException: sleep interrupted
2019-10-22 00:13:11,812 [grpc-default-executor-6] INFO  impl.RoleInfo (RoleInfo.java:updateAndGet(143)) - 062c71de-08d9-40ee-9309-15590e2e8e68: start FollowerState
2019-10-22 00:13:11,812 [grpc-default-executor-3] INFO  impl.RoleInfo (RoleInfo.java:shutdownFollowerState(121)) - 2a52019e-5647-44e1-bf30-9a43fd8a7377: shutdown FollowerState
2019-10-22 00:13:11,812 [grpc-default-executor-3] INFO  impl.RoleInfo (RoleInfo.java:updateAndGet(143)) - 2a52019e-5647-44e1-bf30-9a43fd8a7377: start FollowerState
2019-10-22 00:13:11,812 [Thread-1573] INFO  impl.FollowerState (FollowerState.java:run(117)) - 2a52019e-5647-44e1-bf30-9a43fd8a7377@group-F01152B53F91-FollowerState was interrupted: java.lang.InterruptedException: sleep interrupted
2019-10-22 00:13:11,826 [2fdb3e93-e0d8-400e-8c33-91e2341b50c6@group-F01152B53F91-LeaderElection162] INFO  impl.LeaderElection (LeaderElection.java:logAndReturn(56)) - 2fdb3e93-e0d8-400e-8c33-91e2341b50c6@group-F01152B53F91-LeaderElection162: Election REJECTED; received 2 response(s) [2fdb3e93-e0d8-400e-8c33-91e2341b50c6<-062c71de-08d9-40ee-9309-15590e2e8e68#0:FAIL-t159, 2fdb3e93-e0d8-400e-8c33-91e2341b50c6<-2a52019e-5647-44e1-bf30-9a43fd8a7377#0:FAIL-t159] and 0 exception(s); 2fdb3e93-e0d8-400e-8c33-91e2341b50c6@group-F01152B53F91:t159, leader=null, voted=2fdb3e93-e0d8-400e-8c33-91e2341b50c6, raftlog=2fdb3e93-e0d8-400e-8c33-91e2341b50c6@group-F01152B53F91-SegmentedRaftLog:OPENED:c-1,f-1,i0, conf=-1: [2fdb3e93-e0d8-400e-8c33-91e2341b50c6:192.168.157.254:43254, 062c71de-08d9-40ee-9309-15590e2e8e68:192.168.157.254:45598, 2a52019e-5647-44e1-bf30-9a43fd8a7377:192.168.157.254:36038], old=null
2019-10-22 00:13:11,826 [2fdb3e93-e0d8-400e-8c33-91e2341b50c6@group-F01152B53F91-LeaderElection162] INFO  impl.RaftServerImpl (RaftServerImpl.java:setRole(184)) - 2fdb3e93-e0d8-400e-8c33-91e2341b50c6@group-F01152B53F91: changes role from CANDIDATE to FOLLOWER at term 159 for DISCOVERED_A_NEW_TERM
2019-10-22 00:13:11,826 [2fdb3e93-e0d8-400e-8c33-91e2341b50c6@group-F01152B53F91-LeaderElection162] INFO  impl.RoleInfo (RoleInfo.java:shutdownLeaderElection(134)) - 2fdb3e93-e0d8-400e-8c33-91e2341b50c6: shutdown LeaderElection
2019-10-22 00:13:11,826 [2fdb3e93-e0d8-400e-8c33-91e2341b50c6@group-F01152B53F91-LeaderElection162] INFO  impl.RoleInfo (RoleInfo.java:updateAndGet(143)) - 2fdb3e93-e0d8-400e-8c33-91e2341b50c6: start FollowerState
2019-10-22 00:13:11,932 [Thread-1580] INFO  impl.FollowerState (FollowerState.java:run(108)) - 2fdb3e93-e0d8-400e-8c33-91e2341b50c6@group-F01152B53F91-FollowerState: change to CANDIDATE, lastRpcTime:105ms, electionTimeout:105ms
2019-10-22 00:13:11,932 [Thread-1580] INFO  impl.RoleInfo (RoleInfo.java:shutdownFollowerState(121)) - 2fdb3e93-e0d8-400e-8c33-91e2341b50c6: shutdown FollowerState
2019-10-22 00:13:11,932 [Thread-1580] INFO  impl.RaftServerImpl (RaftServerImpl.java:setRole(184)) - 2fdb3e93-e0d8-400e-8c33-91e2341b50c6@group-F01152B53F91: changes role from  FOLLOWER to CANDIDATE at term 159 for changeToCandidate
2019-10-22 00:13:11,932 [Thread-1580] INFO  impl.RoleInfo (RoleInfo.java:updateAndGet(143)) - 2fdb3e93-e0d8-400e-8c33-91e2341b50c6: start LeaderElection
2019-10-22 00:13:11,945 [2fdb3e93-e0d8-400e-8c33-91e2341b50c6@group-F01152B53F91-LeaderElection163] INFO  impl.LeaderElection (LeaderElection.java:askForVotes(178)) - 2fdb3e93-e0d8-400e-8c33-91e2341b50c6@group-F01152B53F91-LeaderElection163: begin an election at term 160 for -1: [2fdb3e93-e0d8-400e-8c33-91e2341b50c6:192.168.157.254:43254, 062c71de-08d9-40ee-9309-15590e2e8e68:192.168.157.254:45598, 2a52019e-5647-44e1-bf30-9a43fd8a7377:192.168.157.254:36038], old=null
2019-10-22 00:13:11,947 [grpc-default-executor-3] INFO  impl.RaftServerImpl (RaftServerImpl.java:setRole(184)) - 2a52019e-5647-44e1-bf30-9a43fd8a7377@group-F01152B53F91: changes role from  FOLLOWER to FOLLOWER at term 160 for recognizeCandidate:2fdb3e93-e0d8-400e-8c33-91e2341b50c6
2019-10-22 00:13:11,947 [grpc-default-executor-6] INFO  impl.RaftServerImpl (RaftServerImpl.java:setRole(184)) - 062c71de-08d9-40ee-9309-15590e2e8e68@group-F01152B53F91: changes role from  FOLLOWER to FOLLOWER at term 160 for recognizeCandidate:2fdb3e93-e0d8-400e-8c33-91e2341b50c6
2019-10-22 00:13:11,947 [grpc-default-executor-6] INFO  impl.RoleInfo (RoleInfo.java:shutdownFollowerState(121)) - 062c71de-08d9-40ee-9309-15590e2e8e68: shutdown FollowerState
2019-10-22 00:13:11,947 [grpc-default-executor-3] INFO  impl.RoleInfo (RoleInfo.java:shutdownFollowerState(121)) - 2a52019e-5647-44e1-bf30-9a43fd8a7377: shutdown FollowerState
2019-10-22 00:13:11,947 [Thread-1578] INFO  impl.FollowerState (FollowerState.java:run(117)) - 062c71de-08d9-40ee-9309-15590e2e8e68@group-F01152B53F91-FollowerState was interrupted: java.lang.InterruptedException: sleep interrupted
2019-10-22 00:13:11,947 [grpc-default-executor-6] INFO  impl.RoleInfo (RoleInfo.java:updateAndGet(143)) - 062c71de-08d9-40ee-9309-15590e2e8e68: start FollowerState
2019-10-22 00:13:11,948 [Thread-1579] INFO  impl.FollowerState (FollowerState.java:run(117)) - 2a52019e-5647-44e1-bf30-9a43fd8a7377@group-F01152B53F91-FollowerState was interrupted: java.lang.InterruptedException: sleep interrupted
2019-10-22 00:13:11,948 [grpc-default-executor-3] INFO  impl.RoleInfo (RoleInfo.java:updateAndGet(143)) - 2a52019e-5647-44e1-bf30-9a43fd8a7377: start FollowerState
2019-10-22 00:13:11,962 [2fdb3e93-e0d8-400e-8c33-91e2341b50c6@group-F01152B53F91-LeaderElection163] INFO  impl.LeaderElection (LeaderElection.java:logAndReturn(56)) - 2fdb3e93-e0d8-400e-8c33-91e2341b50c6@group-F01152B53F91-LeaderElection163: Election REJECTED; received 2 response(s) [2fdb3e93-e0d8-400e-8c33-91e2341b50c6<-062c71de-08d9-40ee-9309-15590e2e8e68#0:FAIL-t160, 2fdb3e93-e0d8-400e-8c33-91e2341b50c6<-2a52019e-5647-44e1-bf30-9a43fd8a7377#0:FAIL-t160] and 0 exception(s); 2fdb3e93-e0d8-400e-8c33-91e2341b50c6@group-F01152B53F91:t160, leader=null, voted=2fdb3e93-e0d8-400e-8c33-91e2341b50c6, raftlog=2fdb3e93-e0d8-400e-8c33-91e2341b50c6@group-F01152B53F91-SegmentedRaftLog:OPENED:c-1,f-1,i0, conf=-1: [2fdb3e93-e0d8-400e-8c33-91e2341b50c6:192.168.157.254:43254, 062c71de-08d9-40ee-9309-15590e2e8e68:192.168.157.254:45598, 2a52019e-5647-44e1-bf30-9a43fd8a7377:192.168.157.254:36038], old=null
2019-10-22 00:13:11,962 [2fdb3e93-e0d8-400e-8c33-91e2341b50c6@group-F01152B53F91-LeaderElection163] INFO  impl.RaftServerImpl (RaftServerImpl.java:setRole(184)) - 2fdb3e93-e0d8-400e-8c33-91e2341b50c6@group-F01152B53F91: changes role from CANDIDATE to FOLLOWER at term 160 for DISCOVERED_A_NEW_TERM
2019-10-22 00:13:11,962 [2fdb3e93-e0d8-400e-8c33-91e2341b50c6@group-F01152B53F91-LeaderElection163] INFO  impl.RoleInfo (RoleInfo.java:shutdownLeaderElection(134)) - 2fdb3e93-e0d8-400e-8c33-91e2341b50c6: shutdown LeaderElection
2019-10-22 00:13:11,962 [2fdb3e93-e0d8-400e-8c33-91e2341b50c6@group-F01152B53F91-LeaderElection163] INFO  impl.RoleInfo (RoleInfo.java:updateAndGet(143)) - 2fdb3e93-e0d8-400e-8c33-91e2341b50c6: start FollowerState
2019-10-22 00:13:11,985 [Thread-1588] INFO  impl.FollowerState (FollowerState.java:run(108)) - 2fdb3e93-e0d8-400e-8c33-91e2341b50c6@group-F01152B53F91-FollowerState: change to CANDIDATE, lastRpcTime:22ms, electionTimeout:22ms
2019-10-22 00:13:11,985 [Thread-1588] INFO  impl.RoleInfo (RoleInfo.java:shutdownFollowerState(121)) - 2fdb3e93-e0d8-400e-8c33-91e2341b50c6: shutdown FollowerState
2019-10-22 00:13:11,985 [Thread-1588] INFO  impl.RaftServerImpl (RaftServerImpl.java:setRole(184)) - 2fdb3e93-e0d8-400e-8c33-91e2341b50c6@group-F01152B53F91: changes role from  FOLLOWER to CANDIDATE at term 160 for changeToCandidate
2019-10-22 00:13:11,985 [Thread-1588] INFO  impl.RoleInfo (RoleInfo.java:updateAndGet(143)) - 2fdb3e93-e0d8-400e-8c33-91e2341b50c6: start LeaderElection
2019-10-22 00:13:11,998 [2fdb3e93-e0d8-400e-8c33-91e2341b50c6@group-F01152B53F91-LeaderElection164] INFO  impl.LeaderElection (LeaderElection.java:askForVotes(178)) - 2fdb3e93-e0d8-400e-8c33-91e2341b50c6@group-F01152B53F91-LeaderElection164: begin an election at term 161 for -1: [2fdb3e93-e0d8-400e-8c33-91e2341b50c6:192.168.157.254:43254, 062c71de-08d9-40ee-9309-15590e2e8e68:192.168.157.254:45598, 2a52019e-5647-44e1-bf30-9a43fd8a7377:192.168.157.254:36038], old=null
2019-10-22 00:13:12,000 [grpc-default-executor-3] INFO  impl.RaftServerImpl (RaftServerImpl.java:setRole(184)) - 2a52019e-5647-44e1-bf30-9a43fd8a7377@group-F01152B53F91: changes role from  FOLLOWER to FOLLOWER at term 161 for recognizeCandidate:2fdb3e93-e0d8-400e-8c33-91e2341b50c6
2019-10-22 00:13:12,000 [grpc-default-executor-3] INFO  impl.RoleInfo (RoleInfo.java:shutdownFollowerState(121)) - 2a52019e-5647-44e1-bf30-9a43fd8a7377: shutdown FollowerState
2019-10-22 00:13:12,000 [grpc-default-executor-6] INFO  impl.RaftServerImpl (RaftServerImpl.java:setRole(184)) - 062c71de-08d9-40ee-9309-15590e2e8e68@group-F01152B53F91: changes role from  FOLLOWER to FOLLOWER at term 161 for recognizeCandidate:2fdb3e93-e0d8-400e-8c33-91e2341b50c6
2019-10-22 00:13:12,000 [Thread-1586] INFO  impl.FollowerState (FollowerState.java:run(117)) - 2a52019e-5647-44e1-bf30-9a43fd8a7377@group-F01152B53F91-FollowerState was interrupted: java.lang.InterruptedException: sleep interrupted
2019-10-22 00:13:12,000 [grpc-default-executor-3] INFO  impl.RoleInfo (RoleInfo.java:updateAndGet(143)) - 2a52019e-5647-44e1-bf30-9a43fd8a7377: start FollowerState
2019-10-22 00:13:12,000 [grpc-default-executor-6] INFO  impl.RoleInfo (RoleInfo.java:shutdownFollowerState(121)) - 062c71de-08d9-40ee-9309-15590e2e8e68: shutdown FollowerState
2019-10-22 00:13:12,000 [grpc-default-executor-6] INFO  impl.RoleInfo (RoleInfo.java:updateAndGet(143)) - 062c71de-08d9-40ee-9309-15590e2e8e68: start FollowerState
2019-10-22 00:13:12,001 [Thread-1585] INFO  impl.FollowerState (FollowerState.java:run(117)) - 062c71de-08d9-40ee-9309-15590e2e8e68@group-F01152B53F91-FollowerState was interrupted: java.lang.InterruptedException: sleep interrupted
2019-10-22 00:13:12,014 [2fdb3e93-e0d8-400e-8c33-91e2341b50c6@group-F01152B53F91-LeaderElection164] INFO  impl.LeaderElection (LeaderElection.java:logAndReturn(56)) - 2fdb3e93-e0d8-400e-8c33-91e2341b50c6@group-F01152B53F91-LeaderElection164: Election REJECTED; received 2 response(s) [2fdb3e93-e0d8-400e-8c33-91e2341b50c6<-062c71de-08d9-40ee-9309-15590e2e8e68#0:FAIL-t161, 2fdb3e93-e0d8-400e-8c33-91e2341b50c6<-2a52019e-5647-44e1-bf30-9a43fd8a7377#0:FAIL-t161] and 0 exception(s); 2fdb3e93-e0d8-400e-8c33-91e2341b50c6@group-F01152B53F91:t161, leader=null, voted=2fdb3e93-e0d8-400e-8c33-91e2341b50c6, raftlog=2fdb3e93-e0d8-400e-8c33-91e2341b50c6@group-F01152B53F91-SegmentedRaftLog:OPENED:c-1,f-1,i0, conf=-1: [2fdb3e93-e0d8-400e-8c33-91e2341b50c6:192.168.157.254:43254, 062c71de-08d9-40ee-9309-15590e2e8e68:192.168.157.254:45598, 2a52019e-5647-44e1-bf30-9a43fd8a7377:192.168.157.254:36038], old=null
2019-10-22 00:13:12,014 [2fdb3e93-e0d8-400e-8c33-91e2341b50c6@group-F01152B53F91-LeaderElection164] INFO  impl.RaftServerImpl (RaftServerImpl.java:setRole(184)) - 2fdb3e93-e0d8-400e-8c33-91e2341b50c6@group-F01152B53F91: changes role from CANDIDATE to FOLLOWER at term 161 for DISCOVERED_A_NEW_TERM
2019-10-22 00:13:12,014 [2fdb3e93-e0d8-400e-8c33-91e2341b50c6@group-F01152B53F91-LeaderElection164] INFO  impl.RoleInfo (RoleInfo.java:shutdownLeaderElection(134)) - 2fdb3e93-e0d8-400e-8c33-91e2341b50c6: shutdown LeaderElection
2019-10-22 00:13:12,014 [2fdb3e93-e0d8-400e-8c33-91e2341b50c6@group-F01152B53F91-LeaderElection164] INFO  impl.RoleInfo (RoleInfo.java:updateAndGet(143)) - 2fdb3e93-e0d8-400e-8c33-91e2341b50c6: start FollowerState
2019-10-22 00:13:12,015 [Thread-1594] INFO  impl.FollowerState (FollowerState.java:run(108)) - 2fdb3e93-e0d8-400e-8c33-91e2341b50c6@group-F01152B53F91-FollowerState: change to CANDIDATE, lastRpcTime:0ms, electionTimeout:0ms
2019-10-22 00:13:12,015 [Thread-1594] INFO  impl.RoleInfo (RoleInfo.java:shutdownFollowerState(121)) - 2fdb3e93-e0d8-400e-8c33-91e2341b50c6: shutdown FollowerState
2019-10-22 00:13:12,015 [Thread-1594] INFO  impl.RaftServerImpl (RaftServerImpl.java:setRole(184)) - 2fdb3e93-e0d8-400e-8c33-91e2341b50c6@group-F01152B53F91: changes role from  FOLLOWER to CANDIDATE at term 161 for changeToCandidate
2019-10-22 00:13:12,015 [Thread-1594] INFO  impl.RoleInfo (RoleInfo.java:updateAndGet(143)) - 2fdb3e93-e0d8-400e-8c33-91e2341b50c6: start LeaderElection
2019-10-22 00:13:12,028 [2fdb3e93-e0d8-400e-8c33-91e2341b50c6@group-F01152B53F91-LeaderElection165] INFO  impl.LeaderElection (LeaderElection.java:askForVotes(178)) - 2fdb3e93-e0d8-400e-8c33-91e2341b50c6@group-F01152B53F91-LeaderElection165: begin an election at term 162 for -1: [2fdb3e93-e0d8-400e-8c33-91e2341b50c6:192.168.157.254:43254, 062c71de-08d9-40ee-9309-15590e2e8e68:192.168.157.254:45598, 2a52019e-5647-44e1-bf30-9a43fd8a7377:192.168.157.254:36038], old=null
2019-10-22 00:13:12,029 [grpc-default-executor-6] INFO  impl.RaftServerImpl (RaftServerImpl.java:setRole(184)) - 062c71de-08d9-40ee-9309-15590e2e8e68@group-F01152B53F91: changes role from  FOLLOWER to FOLLOWER at term 162 for recognizeCandidate:2fdb3e93-e0d8-400e-8c33-91e2341b50c6
2019-10-22 00:13:12,029 [grpc-default-executor-6] INFO  impl.RoleInfo (RoleInfo.java:shutdownFollowerState(121)) - 062c71de-08d9-40ee-9309-15590e2e8e68: shutdown FollowerState
2019-10-22 00:13:12,029 [grpc-default-executor-3] INFO  impl.RaftServerImpl (RaftServerImpl.java:setRole(184)) - 2a52019e-5647-44e1-bf30-9a43fd8a7377@group-F01152B53F91: changes role from  FOLLOWER to FOLLOWER at term 162 for recognizeCandidate:2fdb3e93-e0d8-400e-8c33-91e2341b50c6
2019-10-22 00:13:12,029 [grpc-default-executor-3] INFO  impl.RoleInfo (RoleInfo.java:shutdownFollowerState(121)) - 2a52019e-5647-44e1-bf30-9a43fd8a7377: shutdown FollowerState
2019-10-22 00:13:12,029 [grpc-default-executor-6] INFO  impl.RoleInfo (RoleInfo.java:updateAndGet(143)) - 062c71de-08d9-40ee-9309-15590e2e8e68: start FollowerState
2019-10-22 00:13:12,029 [grpc-default-executor-3] INFO  impl.RoleInfo (RoleInfo.java:updateAndGet(143)) - 2a52019e-5647-44e1-bf30-9a43fd8a7377: start FollowerState
2019-10-22 00:13:12,029 [Thread-1593] INFO  impl.FollowerState (FollowerState.java:run(117)) - 062c71de-08d9-40ee-9309-15590e2e8e68@group-F01152B53F91-FollowerState was interrupted: java.lang.InterruptedException: sleep interrupted
2019-10-22 00:13:12,029 [Thread-1592] INFO  impl.FollowerState (FollowerState.java:run(117)) - 2a52019e-5647-44e1-bf30-9a43fd8a7377@group-F01152B53F91-FollowerState was interrupted: java.lang.InterruptedException: sleep interrupted
2019-10-22 00:13:12,043 [2fdb3e93-e0d8-400e-8c33-91e2341b50c6@group-F01152B53F91-LeaderElection165] INFO  impl.LeaderElection (LeaderElection.java:logAndReturn(56)) - 2fdb3e93-e0d8-400e-8c33-91e2341b50c6@group-F01152B53F91-LeaderElection165: Election REJECTED; received 2 response(s) [2fdb3e93-e0d8-400e-8c33-91e2341b50c6<-062c71de-08d9-40ee-9309-15590e2e8e68#0:FAIL-t162, 2fdb3e93-e0d8-400e-8c33-91e2341b50c6<-2a52019e-5647-44e1-bf30-9a43fd8a7377#0:FAIL-t162] and 0 exception(s); 2fdb3e93-e0d8-400e-8c33-91e2341b50c6@group-F01152B53F91:t162, leader=null, voted=2fdb3e93-e0d8-400e-8c33-91e2341b50c6, raftlog=2fdb3e93-e0d8-400e-8c33-91e2341b50c6@group-F01152B53F91-SegmentedRaftLog:OPENED:c-1,f-1,i0, conf=-1: [2fdb3e93-e0d8-400e-8c33-91e2341b50c6:192.168.157.254:43254, 062c71de-08d9-40ee-9309-15590e2e8e68:192.168.157.254:45598, 2a52019e-5647-44e1-bf30-9a43fd8a7377:192.168.157.254:36038], old=null
2019-10-22 00:13:12,043 [2fdb3e93-e0d8-400e-8c33-91e2341b50c6@group-F01152B53F91-LeaderElection165] INFO  impl.RaftServerImpl (RaftServerImpl.java:setRole(184)) - 2fdb3e93-e0d8-400e-8c33-91e2341b50c6@group-F01152B53F91: changes role from CANDIDATE to FOLLOWER at term 162 for DISCOVERED_A_NEW_TERM
2019-10-22 00:13:12,043 [2fdb3e93-e0d8-400e-8c33-91e2341b50c6@group-F01152B53F91-LeaderElection165] INFO  impl.RoleInfo (RoleInfo.java:shutdownLeaderElection(134)) - 2fdb3e93-e0d8-400e-8c33-91e2341b50c6: shutdown LeaderElection
2019-10-22 00:13:12,043 [2fdb3e93-e0d8-400e-8c33-91e2341b50c6@group-F01152B53F91-LeaderElection165] INFO  impl.RoleInfo (RoleInfo.java:updateAndGet(143)) - 2fdb3e93-e0d8-400e-8c33-91e2341b50c6: start FollowerState
2019-10-22 00:13:12,065 [Thread-1600] INFO  impl.FollowerState (FollowerState.java:run(108)) - 2fdb3e93-e0d8-400e-8c33-91e2341b50c6@group-F01152B53F91-FollowerState: change to CANDIDATE, lastRpcTime:22ms, electionTimeout:22ms
2019-10-22 00:13:12,065 [Thread-1600] INFO  impl.RoleInfo (RoleInfo.java:shutdownFollowerState(121)) - 2fdb3e93-e0d8-400e-8c33-91e2341b50c6: shutdown FollowerState
2019-10-22 00:13:12,065 [Thread-1600] INFO  impl.RaftServerImpl (RaftServerImpl.java:setRole(184)) - 2fdb3e93-e0d8-400e-8c33-91e2341b50c6@group-F01152B53F91: changes role from  FOLLOWER to CANDIDATE at term 162 for changeToCandidate
2019-10-22 00:13:12,065 [Thread-1600] INFO  impl.RoleInfo (RoleInfo.java:updateAndGet(143)) - 2fdb3e93-e0d8-400e-8c33-91e2341b50c6: start LeaderElection
2019-10-22 00:13:12,074 [2fdb3e93-e0d8-400e-8c33-91e2341b50c6@group-F01152B53F91-LeaderElection166] INFO  impl.LeaderElection (LeaderElection.java:askForVotes(178)) - 2fdb3e93-e0d8-400e-8c33-91e2341b50c6@group-F01152B53F91-LeaderElection166: begin an election at term 163 for -1: [2fdb3e93-e0d8-400e-8c33-91e2341b50c6:192.168.157.254:43254, 062c71de-08d9-40ee-9309-15590e2e8e68:192.168.157.254:45598, 2a52019e-5647-44e1-bf30-9a43fd8a7377:192.168.157.254:36038], old=null
2019-10-22 00:13:12,075 [grpc-default-executor-6] INFO  impl.RaftServerImpl (RaftServerImpl.java:setRole(184)) - 062c71de-08d9-40ee-9309-15590e2e8e68@group-F01152B53F91: changes role from  FOLLOWER to FOLLOWER at term 163 for recognizeCandidate:2fdb3e93-e0d8-400e-8c33-91e2341b50c6
2019-10-22 00:13:12,075 [grpc-default-executor-6] INFO  impl.RoleInfo (RoleInfo.java:shutdownFollowerState(121)) - 062c71de-08d9-40ee-9309-15590e2e8e68: shutdown FollowerState
2019-10-22 00:13:12,075 [grpc-default-executor-3] INFO  impl.RaftServerImpl (RaftServerImpl.java:setRole(184)) - 2a52019e-5647-44e1-bf30-9a43fd8a7377@group-F01152B53F91: changes role from  FOLLOWER to FOLLOWER at term 163 for recognizeCandidate:2fdb3e93-e0d8-400e-8c33-91e2341b50c6
2019-10-22 00:13:12,075 [Thread-1598] INFO  impl.FollowerState (FollowerState.java:run(117)) - 062c71de-08d9-40ee-9309-15590e2e8e68@group-F01152B53F91-FollowerState was interrupted: java.lang.InterruptedException: sleep interrupted
2019-10-22 00:13:12,075 [grpc-default-executor-6] INFO  impl.RoleInfo (RoleInfo.java:updateAndGet(143)) - 062c71de-08d9-40ee-9309-15590e2e8e68: start FollowerState
2019-10-22 00:13:12,076 [grpc-default-executor-3] INFO  impl.RoleInfo (RoleInfo.java:shutdownFollowerState(121)) - 2a52019e-5647-44e1-bf30-9a43fd8a7377: shutdown FollowerState
2019-10-22 00:13:12,076 [grpc-default-executor-3] INFO  impl.RoleInfo (RoleInfo.java:updateAndGet(143)) - 2a52019e-5647-44e1-bf30-9a43fd8a7377: start FollowerState
2019-10-22 00:13:12,076 [Thread-1599] INFO  impl.FollowerState (FollowerState.java:run(117)) - 2a52019e-5647-44e1-bf30-9a43fd8a7377@group-F01152B53F91-FollowerState was interrupted: java.lang.InterruptedException: sleep interrupted
2019-10-22 00:13:12,089 [2fdb3e93-e0d8-400e-8c33-91e2341b50c6@group-F01152B53F91-LeaderElection166] INFO  impl.LeaderElection (LeaderElection.java:logAndReturn(56)) - 2fdb3e93-e0d8-400e-8c33-91e2341b50c6@group-F01152B53F91-LeaderElection166: Election REJECTED; received 2 response(s) [2fdb3e93-e0d8-400e-8c33-91e2341b50c6<-062c71de-08d9-40ee-9309-15590e2e8e68#0:FAIL-t163, 2fdb3e93-e0d8-400e-8c33-91e2341b50c6<-2a52019e-5647-44e1-bf30-9a43fd8a7377#0:FAIL-t163] and 0 exception(s); 2fdb3e93-e0d8-400e-8c33-91e2341b50c6@group-F01152B53F91:t163, leader=null, voted=2fdb3e93-e0d8-400e-8c33-91e2341b50c6, raftlog=2fdb3e93-e0d8-400e-8c33-91e2341b50c6@group-F01152B53F91-SegmentedRaftLog:OPENED:c-1,f-1,i0, conf=-1: [2fdb3e93-e0d8-400e-8c33-91e2341b50c6:192.168.157.254:43254, 062c71de-08d9-40ee-9309-15590e2e8e68:192.168.157.254:45598, 2a52019e-5647-44e1-bf30-9a43fd8a7377:192.168.157.254:36038], old=null
2019-10-22 00:13:12,089 [2fdb3e93-e0d8-400e-8c33-91e2341b50c6@group-F01152B53F91-LeaderElection166] INFO  impl.RaftServerImpl (RaftServerImpl.java:setRole(184)) - 2fdb3e93-e0d8-400e-8c33-91e2341b50c6@group-F01152B53F91: changes role from CANDIDATE to FOLLOWER at term 163 for DISCOVERED_A_NEW_TERM
2019-10-22 00:13:12,090 [2fdb3e93-e0d8-400e-8c33-91e2341b50c6@group-F01152B53F91-LeaderElection166] INFO  impl.RoleInfo (RoleInfo.java:shutdownLeaderElection(134)) - 2fdb3e93-e0d8-400e-8c33-91e2341b50c6: shutdown LeaderElection
2019-10-22 00:13:12,090 [2fdb3e93-e0d8-400e-8c33-91e2341b50c6@group-F01152B53F91-LeaderElection166] INFO  impl.RoleInfo (RoleInfo.java:updateAndGet(143)) - 2fdb3e93-e0d8-400e-8c33-91e2341b50c6: start FollowerState
2019-10-22 00:13:12,115 [Thread-1606] INFO  impl.FollowerState (FollowerState.java:run(108)) - 2fdb3e93-e0d8-400e-8c33-91e2341b50c6@group-F01152B53F91-FollowerState: change to CANDIDATE, lastRpcTime:25ms, electionTimeout:25ms
2019-10-22 00:13:12,115 [Thread-1606] INFO  impl.RoleInfo (RoleInfo.java:shutdownFollowerState(121)) - 2fdb3e93-e0d8-400e-8c33-91e2341b50c6: shutdown FollowerState
2019-10-22 00:13:12,115 [Thread-1606] INFO  impl.RaftServerImpl (RaftServerImpl.java:setRole(184)) - 2fdb3e93-e0d8-400e-8c33-91e2341b50c6@group-F01152B53F91: changes role from  FOLLOWER to CANDIDATE at term 163 for changeToCandidate
2019-10-22 00:13:12,115 [Thread-1606] INFO  impl.RoleInfo (RoleInfo.java:updateAndGet(143)) - 2fdb3e93-e0d8-400e-8c33-91e2341b50c6: start LeaderElection
2019-10-22 00:13:12,129 [2fdb3e93-e0d8-400e-8c33-91e2341b50c6@group-F01152B53F91-LeaderElection167] INFO  impl.LeaderElection (LeaderElection.java:askForVotes(178)) - 2fdb3e93-e0d8-400e-8c33-91e2341b50c6@group-F01152B53F91-LeaderElection167: begin an election at term 164 for -1: [2fdb3e93-e0d8-400e-8c33-91e2341b50c6:192.168.157.254:43254, 062c71de-08d9-40ee-9309-15590e2e8e68:192.168.157.254:45598, 2a52019e-5647-44e1-bf30-9a43fd8a7377:192.168.157.254:36038], old=null
2019-10-22 00:13:12,130 [grpc-default-executor-3] INFO  impl.RaftServerImpl (RaftServerImpl.java:setRole(184)) - 062c71de-08d9-40ee-9309-15590e2e8e68@group-F01152B53F91: changes role from  FOLLOWER to FOLLOWER at term 164 for recognizeCandidate:2fdb3e93-e0d8-400e-8c33-91e2341b50c6
2019-10-22 00:13:12,130 [grpc-default-executor-3] INFO  impl.RoleInfo (RoleInfo.java:shutdownFollowerState(121)) - 062c71de-08d9-40ee-9309-15590e2e8e68: shutdown FollowerState
2019-10-22 00:13:12,130 [grpc-default-executor-6] INFO  impl.RaftServerImpl (RaftServerImpl.java:setRole(184)) - 2a52019e-5647-44e1-bf30-9a43fd8a7377@group-F01152B53F91: changes role from  FOLLOWER to FOLLOWER at term 164 for recognizeCandidate:2fdb3e93-e0d8-400e-8c33-91e2341b50c6
2019-10-22 00:13:12,131 [grpc-default-executor-3] INFO  impl.RoleInfo (RoleInfo.java:updateAndGet(143)) - 062c71de-08d9-40ee-9309-15590e2e8e68: start FollowerState
2019-10-22 00:13:12,131 [Thread-1604] INFO  impl.FollowerState (FollowerState.java:run(117)) - 062c71de-08d9-40ee-9309-15590e2e8e68@group-F01152B53F91-FollowerState was interrupted: java.lang.InterruptedException: sleep interrupted
2019-10-22 00:13:12,131 [grpc-default-executor-6] INFO  impl.RoleInfo (RoleInfo.java:shutdownFollowerState(121)) - 2a52019e-5647-44e1-bf30-9a43fd8a7377: shutdown FollowerState
2019-10-22 00:13:12,131 [grpc-default-executor-6] INFO  impl.RoleInfo (RoleInfo.java:updateAndGet(143)) - 2a52019e-5647-44e1-bf30-9a43fd8a7377: start FollowerState
2019-10-22 00:13:12,131 [Thread-1605] INFO  impl.FollowerState (FollowerState.java:run(117)) - 2a52019e-5647-44e1-bf30-9a43fd8a7377@group-F01152B53F91-FollowerState was interrupted: java.lang.InterruptedException: sleep interrupted
2019-10-22 00:13:12,145 [2fdb3e93-e0d8-400e-8c33-91e2341b50c6@group-F01152B53F91-LeaderElection167] INFO  impl.LeaderElection (LeaderElection.java:logAndReturn(56)) - 2fdb3e93-e0d8-400e-8c33-91e2341b50c6@group-F01152B53F91-LeaderElection167: Election REJECTED; received 2 response(s) [2fdb3e93-e0d8-400e-8c33-91e2341b50c6<-062c71de-08d9-40ee-9309-15590e2e8e68#0:FAIL-t164, 2fdb3e93-e0d8-400e-8c33-91e2341b50c6<-2a52019e-5647-44e1-bf30-9a43fd8a7377#0:FAIL-t164] and 0 exception(s); 2fdb3e93-e0d8-400e-8c33-91e2341b50c6@group-F01152B53F91:t164, leader=null, voted=2fdb3e93-e0d8-400e-8c33-91e2341b50c6, raftlog=2fdb3e93-e0d8-400e-8c33-91e2341b50c6@group-F01152B53F91-SegmentedRaftLog:OPENED:c-1,f-1,i0, conf=-1: [2fdb3e93-e0d8-400e-8c33-91e2341b50c6:192.168.157.254:43254, 062c71de-08d9-40ee-9309-15590e2e8e68:192.168.157.254:45598, 2a52019e-5647-44e1-bf30-9a43fd8a7377:192.168.157.254:36038], old=null
2019-10-22 00:13:12,146 [2fdb3e93-e0d8-400e-8c33-91e2341b50c6@group-F01152B53F91-LeaderElection167] INFO  impl.RaftServerImpl (RaftServerImpl.java:setRole(184)) - 2fdb3e93-e0d8-400e-8c33-91e2341b50c6@group-F01152B53F91: changes role from CANDIDATE to FOLLOWER at term 164 for DISCOVERED_A_NEW_TERM
2019-10-22 00:13:12,146 [2fdb3e93-e0d8-400e-8c33-91e2341b50c6@group-F01152B53F91-LeaderElection167] INFO  impl.RoleInfo (RoleInfo.java:shutdownLeaderElection(134)) - 2fdb3e93-e0d8-400e-8c33-91e2341b50c6: shutdown LeaderElection
2019-10-22 00:13:12,146 [2fdb3e93-e0d8-400e-8c33-91e2341b50c6@group-F01152B53F91-LeaderElection167] INFO  impl.RoleInfo (RoleInfo.java:updateAndGet(143)) - 2fdb3e93-e0d8-400e-8c33-91e2341b50c6: start FollowerState
2019-10-22 00:13:12,219 [Thread-1612] INFO  impl.FollowerState (FollowerState.java:run(108)) - 2fdb3e93-e0d8-400e-8c33-91e2341b50c6@group-F01152B53F91-FollowerState: change to CANDIDATE, lastRpcTime:73ms, electionTimeout:73ms
2019-10-22 00:13:12,219 [Thread-1612] INFO  impl.RoleInfo (RoleInfo.java:shutdownFollowerState(121)) - 2fdb3e93-e0d8-400e-8c33-91e2341b50c6: shutdown FollowerState
2019-10-22 00:13:12,219 [Thread-1612] INFO  impl.RaftServerImpl (RaftServerImpl.java:setRole(184)) - 2fdb3e93-e0d8-400e-8c33-91e2341b50c6@group-F01152B53F91: changes role from  FOLLOWER to CANDIDATE at term 164 for changeToCandidate
2019-10-22 00:13:12,219 [Thread-1612] INFO  impl.RoleInfo (RoleInfo.java:updateAndGet(143)) - 2fdb3e93-e0d8-400e-8c33-91e2341b50c6: start LeaderElection
2019-10-22 00:13:12,233 [2fdb3e93-e0d8-400e-8c33-91e2341b50c6@group-F01152B53F91-LeaderElection168] INFO  impl.LeaderElection (LeaderElection.java:askForVotes(178)) - 2fdb3e93-e0d8-400e-8c33-91e2341b50c6@group-F01152B53F91-LeaderElection168: begin an election at term 165 for -1: [2fdb3e93-e0d8-400e-8c33-91e2341b50c6:192.168.157.254:43254, 062c71de-08d9-40ee-9309-15590e2e8e68:192.168.157.254:45598, 2a52019e-5647-44e1-bf30-9a43fd8a7377:192.168.157.254:36038], old=null
2019-10-22 00:13:12,234 [grpc-default-executor-3] INFO  impl.RaftServerImpl (RaftServerImpl.java:setRole(184)) - 062c71de-08d9-40ee-9309-15590e2e8e68@group-F01152B53F91: changes role from  FOLLOWER to FOLLOWER at term 165 for recognizeCandidate:2fdb3e93-e0d8-400e-8c33-91e2341b50c6
2019-10-22 00:13:12,234 [grpc-default-executor-3] INFO  impl.RoleInfo (RoleInfo.java:shutdownFollowerState(121)) - 062c71de-08d9-40ee-9309-15590e2e8e68: shutdown FollowerState
2019-10-22 00:13:12,235 [grpc-default-executor-3] INFO  impl.RoleInfo (RoleInfo.java:updateAndGet(143)) - 062c71de-08d9-40ee-9309-15590e2e8e68: start FollowerState
2019-10-22 00:13:12,235 [grpc-default-executor-6] INFO  impl.RaftServerImpl (RaftServerImpl.java:setRole(184)) - 2a52019e-5647-44e1-bf30-9a43fd8a7377@group-F01152B53F91: changes role from  FOLLOWER to FOLLOWER at term 165 for recognizeCandidate:2fdb3e93-e0d8-400e-8c33-91e2341b50c6
2019-10-22 00:13:12,235 [grpc-default-executor-6] INFO  impl.RoleInfo (RoleInfo.java:shutdownFollowerState(121)) - 2a52019e-5647-44e1-bf30-9a43fd8a7377: shutdown FollowerState
2019-10-22 00:13:12,235 [Thread-1610] INFO  impl.FollowerState (FollowerState.java:run(117)) - 062c71de-08d9-40ee-9309-15590e2e8e68@group-F01152B53F91-FollowerState was interrupted: java.lang.InterruptedException: sleep interrupted
2019-10-22 00:13:12,235 [Thread-1611] INFO  impl.FollowerState (FollowerState.java:run(117)) - 2a52019e-5647-44e1-bf30-9a43fd8a7377@group-F01152B53F91-FollowerState was interrupted: java.lang.InterruptedException: sleep interrupted
2019-10-22 00:13:12,235 [grpc-default-executor-6] INFO  impl.RoleInfo (RoleInfo.java:updateAndGet(143)) - 2a52019e-5647-44e1-bf30-9a43fd8a7377: start FollowerState
2019-10-22 00:13:12,250 [2fdb3e93-e0d8-400e-8c33-91e2341b50c6@group-F01152B53F91-LeaderElection168] INFO  impl.LeaderElection (LeaderElection.java:logAndReturn(56)) - 2fdb3e93-e0d8-400e-8c33-91e2341b50c6@group-F01152B53F91-LeaderElection168: Election REJECTED; received 2 response(s) [2fdb3e93-e0d8-400e-8c33-91e2341b50c6<-062c71de-08d9-40ee-9309-15590e2e8e68#0:FAIL-t165, 2fdb3e93-e0d8-400e-8c33-91e2341b50c6<-2a52019e-5647-44e1-bf30-9a43fd8a7377#0:FAIL-t165] and 0 exception(s); 2fdb3e93-e0d8-400e-8c33-91e2341b50c6@group-F01152B53F91:t165, leader=null, voted=2fdb3e93-e0d8-400e-8c33-91e2341b50c6, raftlog=2fdb3e93-e0d8-400e-8c33-91e2341b50c6@group-F01152B53F91-SegmentedRaftLog:OPENED:c-1,f-1,i0, conf=-1: [2fdb3e93-e0d8-400e-8c33-91e2341b50c6:192.168.157.254:43254, 062c71de-08d9-40ee-9309-15590e2e8e68:192.168.157.254:45598, 2a52019e-5647-44e1-bf30-9a43fd8a7377:192.168.157.254:36038], old=null
2019-10-22 00:13:12,250 [2fdb3e93-e0d8-400e-8c33-91e2341b50c6@group-F01152B53F91-LeaderElection168] INFO  impl.RaftServerImpl (RaftServerImpl.java:setRole(184)) - 2fdb3e93-e0d8-400e-8c33-91e2341b50c6@group-F01152B53F91: changes role from CANDIDATE to FOLLOWER at term 165 for DISCOVERED_A_NEW_TERM
2019-10-22 00:13:12,250 [2fdb3e93-e0d8-400e-8c33-91e2341b50c6@group-F01152B53F91-LeaderElection168] INFO  impl.RoleInfo (RoleInfo.java:shutdownLeaderElection(134)) - 2fdb3e93-e0d8-400e-8c33-91e2341b50c6: shutdown LeaderElection
2019-10-22 00:13:12,250 [2fdb3e93-e0d8-400e-8c33-91e2341b50c6@group-F01152B53F91-LeaderElection168] INFO  impl.RoleInfo (RoleInfo.java:updateAndGet(143)) - 2fdb3e93-e0d8-400e-8c33-91e2341b50c6: start FollowerState
2019-10-22 00:13:12,257 [Thread-1618] INFO  impl.FollowerState (FollowerState.java:run(108)) - 2fdb3e93-e0d8-400e-8c33-91e2341b50c6@group-F01152B53F91-FollowerState: change to CANDIDATE, lastRpcTime:7ms, electionTimeout:7ms
2019-10-22 00:13:12,258 [Thread-1618] INFO  impl.RoleInfo (RoleInfo.java:shutdownFollowerState(121)) - 2fdb3e93-e0d8-400e-8c33-91e2341b50c6: shutdown FollowerState
2019-10-22 00:13:12,258 [Thread-1618] INFO  impl.RaftServerImpl (RaftServerImpl.java:setRole(184)) - 2fdb3e93-e0d8-400e-8c33-91e2341b50c6@group-F01152B53F91: changes role from  FOLLOWER to CANDIDATE at term 165 for changeToCandidate
2019-10-22 00:13:12,258 [Thread-1618] INFO  impl.RoleInfo (RoleInfo.java:updateAndGet(143)) - 2fdb3e93-e0d8-400e-8c33-91e2341b50c6: start LeaderElection
2019-10-22 00:13:12,271 [2fdb3e93-e0d8-400e-8c33-91e2341b50c6@group-F01152B53F91-LeaderElection169] INFO  impl.LeaderElection (LeaderElection.java:askForVotes(178)) - 2fdb3e93-e0d8-400e-8c33-91e2341b50c6@group-F01152B53F91-LeaderElection169: begin an election at term 166 for -1: [2fdb3e93-e0d8-400e-8c33-91e2341b50c6:192.168.157.254:43254, 062c71de-08d9-40ee-9309-15590e2e8e68:192.168.157.254:45598, 2a52019e-5647-44e1-bf30-9a43fd8a7377:192.168.157.254:36038], old=null
2019-10-22 00:13:12,272 [grpc-default-executor-6] INFO  impl.RaftServerImpl (RaftServerImpl.java:setRole(184)) - 2a52019e-5647-44e1-bf30-9a43fd8a7377@group-F01152B53F91: changes role from  FOLLOWER to FOLLOWER at term 166 for recognizeCandidate:2fdb3e93-e0d8-400e-8c33-91e2341b50c6
2019-10-22 00:13:12,272 [grpc-default-executor-6] INFO  impl.RoleInfo (RoleInfo.java:shutdownFollowerState(121)) - 2a52019e-5647-44e1-bf30-9a43fd8a7377: shutdown FollowerState
2019-10-22 00:13:12,272 [grpc-default-executor-3] INFO  impl.RaftServerImpl (RaftServerImpl.java:setRole(184)) - 062c71de-08d9-40ee-9309-15590e2e8e68@group-F01152B53F91: changes role from  FOLLOWER to FOLLOWER at term 166 for recognizeCandidate:2fdb3e93-e0d8-400e-8c33-91e2341b50c6
2019-10-22 00:13:12,272 [Thread-1617] INFO  impl.FollowerState (FollowerState.java:run(117)) - 2a52019e-5647-44e1-bf30-9a43fd8a7377@group-F01152B53F91-FollowerState was interrupted: java.lang.InterruptedException: sleep interrupted
2019-10-22 00:13:12,272 [grpc-default-executor-6] INFO  impl.RoleInfo (RoleInfo.java:updateAndGet(143)) - 2a52019e-5647-44e1-bf30-9a43fd8a7377: start FollowerState
2019-10-22 00:13:12,272 [grpc-default-executor-3] INFO  impl.RoleInfo (RoleInfo.java:shutdownFollowerState(121)) - 062c71de-08d9-40ee-9309-15590e2e8e68: shutdown FollowerState
2019-10-22 00:13:12,273 [grpc-default-executor-3] INFO  impl.RoleInfo (RoleInfo.java:updateAndGet(143)) - 062c71de-08d9-40ee-9309-15590e2e8e68: start FollowerState
2019-10-22 00:13:12,273 [Thread-1616] INFO  impl.FollowerState (FollowerState.java:run(117)) - 062c71de-08d9-40ee-9309-15590e2e8e68@group-F01152B53F91-FollowerState was interrupted: java.lang.InterruptedException: sleep interrupted
2019-10-22 00:13:12,286 [2fdb3e93-e0d8-400e-8c33-91e2341b50c6@group-F01152B53F91-LeaderElection169] INFO  impl.LeaderElection (LeaderElection.java:logAndReturn(56)) - 2fdb3e93-e0d8-400e-8c33-91e2341b50c6@group-F01152B53F91-LeaderElection169: Election REJECTED; received 2 response(s) [2fdb3e93-e0d8-400e-8c33-91e2341b50c6<-062c71de-08d9-40ee-9309-15590e2e8e68#0:FAIL-t166, 2fdb3e93-e0d8-400e-8c33-91e2341b50c6<-2a52019e-5647-44e1-bf30-9a43fd8a7377#0:FAIL-t166] and 0 exception(s); 2fdb3e93-e0d8-400e-8c33-91e2341b50c6@group-F01152B53F91:t166, leader=null, voted=2fdb3e93-e0d8-400e-8c33-91e2341b50c6, raftlog=2fdb3e93-e0d8-400e-8c33-91e2341b50c6@group-F01152B53F91-SegmentedRaftLog:OPENED:c-1,f-1,i0, conf=-1: [2fdb3e93-e0d8-400e-8c33-91e2341b50c6:192.168.157.254:43254, 062c71de-08d9-40ee-9309-15590e2e8e68:192.168.157.254:45598, 2a52019e-5647-44e1-bf30-9a43fd8a7377:192.168.157.254:36038], old=null
2019-10-22 00:13:12,286 [2fdb3e93-e0d8-400e-8c33-91e2341b50c6@group-F01152B53F91-LeaderElection169] INFO  impl.RaftServerImpl (RaftServerImpl.java:setRole(184)) - 2fdb3e93-e0d8-400e-8c33-91e2341b50c6@group-F01152B53F91: changes role from CANDIDATE to FOLLOWER at term 166 for DISCOVERED_A_NEW_TERM
2019-10-22 00:13:12,286 [2fdb3e93-e0d8-400e-8c33-91e2341b50c6@group-F01152B53F91-LeaderElection169] INFO  impl.RoleInfo (RoleInfo.java:shutdownLeaderElection(134)) - 2fdb3e93-e0d8-400e-8c33-91e2341b50c6: shutdown LeaderElection
2019-10-22 00:13:12,286 [2fdb3e93-e0d8-400e-8c33-91e2341b50c6@group-F01152B53F91-LeaderElection169] INFO  impl.RoleInfo (RoleInfo.java:updateAndGet(143)) - 2fdb3e93-e0d8-400e-8c33-91e2341b50c6: start FollowerState
2019-10-22 00:13:12,293 [java.util.concurrent.ThreadPoolExecutor$Worker@c41ae0f[State = -1, empty queue]] WARN  server.GrpcLogAppender (GrpcLogAppender.java:timeoutAppendRequest(209)) - fad63ceb-ed14-4322-905d-6ef3599ac734@group-0045C62F497D->5732e052-e19f-40fe-a104-972211db20fb-GrpcLogAppender: appendEntries Timeout, request=fad63ceb-ed14-4322-905d-6ef3599ac734->5732e052-e19f-40fe-a104-972211db20fb#35-t1, previous=(t:1, i:0), leaderCommit=0, initializing? false, entries: <empty>
2019-10-22 00:13:12,478 [Thread-1624] INFO  impl.FollowerState (FollowerState.java:run(108)) - 2fdb3e93-e0d8-400e-8c33-91e2341b50c6@group-F01152B53F91-FollowerState: change to CANDIDATE, lastRpcTime:191ms, electionTimeout:191ms
2019-10-22 00:13:12,478 [Thread-1624] INFO  impl.RoleInfo (RoleInfo.java:shutdownFollowerState(121)) - 2fdb3e93-e0d8-400e-8c33-91e2341b50c6: shutdown FollowerState
2019-10-22 00:13:12,478 [Thread-1624] INFO  impl.RaftServerImpl (RaftServerImpl.java:setRole(184)) - 2fdb3e93-e0d8-400e-8c33-91e2341b50c6@group-F01152B53F91: changes role from  FOLLOWER to CANDIDATE at term 166 for changeToCandidate
2019-10-22 00:13:12,478 [Thread-1624] INFO  impl.RoleInfo (RoleInfo.java:updateAndGet(143)) - 2fdb3e93-e0d8-400e-8c33-91e2341b50c6: start LeaderElection
2019-10-22 00:13:12,493 [2fdb3e93-e0d8-400e-8c33-91e2341b50c6@group-F01152B53F91-LeaderElection170] INFO  impl.LeaderElection (LeaderElection.java:askForVotes(178)) - 2fdb3e93-e0d8-400e-8c33-91e2341b50c6@group-F01152B53F91-LeaderElection170: begin an election at term 167 for -1: [2fdb3e93-e0d8-400e-8c33-91e2341b50c6:192.168.157.254:43254, 062c71de-08d9-40ee-9309-15590e2e8e68:192.168.157.254:45598, 2a52019e-5647-44e1-bf30-9a43fd8a7377:192.168.157.254:36038], old=null
2019-10-22 00:13:12,495 [grpc-default-executor-3] INFO  impl.RaftServerImpl (RaftServerImpl.java:setRole(184)) - 2a52019e-5647-44e1-bf30-9a43fd8a7377@group-F01152B53F91: changes role from  FOLLOWER to FOLLOWER at term 167 for recognizeCandidate:2fdb3e93-e0d8-400e-8c33-91e2341b50c6
2019-10-22 00:13:12,495 [grpc-default-executor-3] INFO  impl.RoleInfo (RoleInfo.java:shutdownFollowerState(121)) - 2a52019e-5647-44e1-bf30-9a43fd8a7377: shutdown FollowerState
2019-10-22 00:13:12,495 [grpc-default-executor-6] INFO  impl.RaftServerImpl (RaftServerImpl.java:setRole(184)) - 062c71de-08d9-40ee-9309-15590e2e8e68@group-F01152B53F91: changes role from  FOLLOWER to FOLLOWER at term 167 for recognizeCandidate:2fdb3e93-e0d8-400e-8c33-91e2341b50c6
2019-10-22 00:13:12,495 [Thread-1622] INFO  impl.FollowerState (FollowerState.java:run(117)) - 2a52019e-5647-44e1-bf30-9a43fd8a7377@group-F01152B53F91-FollowerState was interrupted: java.lang.InterruptedException: sleep interrupted
2019-10-22 00:13:12,495 [grpc-default-executor-3] INFO  impl.RoleInfo (RoleInfo.java:updateAndGet(143)) - 2a52019e-5647-44e1-bf30-9a43fd8a7377: start FollowerState
2019-10-22 00:13:12,495 [grpc-default-executor-6] INFO  impl.RoleInfo (RoleInfo.java:shutdownFollowerState(121)) - 062c71de-08d9-40ee-9309-15590e2e8e68: shutdown FollowerState
2019-10-22 00:13:12,495 [grpc-default-executor-6] INFO  impl.RoleInfo (RoleInfo.java:updateAndGet(143)) - 062c71de-08d9-40ee-9309-15590e2e8e68: start FollowerState
2019-10-22 00:13:12,496 [Thread-1623] INFO  impl.FollowerState (FollowerState.java:run(117)) - 062c71de-08d9-40ee-9309-15590e2e8e68@group-F01152B53F91-FollowerState was interrupted: java.lang.InterruptedException: sleep interrupted
2019-10-22 00:13:12,509 [2fdb3e93-e0d8-400e-8c33-91e2341b50c6@group-F01152B53F91-LeaderElection170] INFO  impl.LeaderElection (LeaderElection.java:logAndReturn(56)) - 2fdb3e93-e0d8-400e-8c33-91e2341b50c6@group-F01152B53F91-LeaderElection170: Election REJECTED; received 2 response(s) [2fdb3e93-e0d8-400e-8c33-91e2341b50c6<-062c71de-08d9-40ee-9309-15590e2e8e68#0:FAIL-t167, 2fdb3e93-e0d8-400e-8c33-91e2341b50c6<-2a52019e-5647-44e1-bf30-9a43fd8a7377#0:FAIL-t167] and 0 exception(s); 2fdb3e93-e0d8-400e-8c33-91e2341b50c6@group-F01152B53F91:t167, leader=null, voted=2fdb3e93-e0d8-400e-8c33-91e2341b50c6, raftlog=2fdb3e93-e0d8-400e-8c33-91e2341b50c6@group-F01152B53F91-SegmentedRaftLog:OPENED:c-1,f-1,i0, conf=-1: [2fdb3e93-e0d8-400e-8c33-91e2341b50c6:192.168.157.254:43254, 062c71de-08d9-40ee-9309-15590e2e8e68:192.168.157.254:45598, 2a52019e-5647-44e1-bf30-9a43fd8a7377:192.168.157.254:36038], old=null
2019-10-22 00:13:12,510 [2fdb3e93-e0d8-400e-8c33-91e2341b50c6@group-F01152B53F91-LeaderElection170] INFO  impl.RaftServerImpl (RaftServerImpl.java:setRole(184)) - 2fdb3e93-e0d8-400e-8c33-91e2341b50c6@group-F01152B53F91: changes role from CANDIDATE to FOLLOWER at term 167 for DISCOVERED_A_NEW_TERM
2019-10-22 00:13:12,510 [2fdb3e93-e0d8-400e-8c33-91e2341b50c6@group-F01152B53F91-LeaderElection170] INFO  impl.RoleInfo (RoleInfo.java:shutdownLeaderElection(134)) - 2fdb3e93-e0d8-400e-8c33-91e2341b50c6: shutdown LeaderElection
2019-10-22 00:13:12,510 [2fdb3e93-e0d8-400e-8c33-91e2341b50c6@group-F01152B53F91-LeaderElection170] INFO  impl.RoleInfo (RoleInfo.java:updateAndGet(143)) - 2fdb3e93-e0d8-400e-8c33-91e2341b50c6: start FollowerState
2019-10-22 00:13:12,629 [Thread-1632] INFO  impl.FollowerState (FollowerState.java:run(108)) - 2fdb3e93-e0d8-400e-8c33-91e2341b50c6@group-F01152B53F91-FollowerState: change to CANDIDATE, lastRpcTime:119ms, electionTimeout:119ms
2019-10-22 00:13:12,629 [Thread-1632] INFO  impl.RoleInfo (RoleInfo.java:shutdownFollowerState(121)) - 2fdb3e93-e0d8-400e-8c33-91e2341b50c6: shutdown FollowerState
2019-10-22 00:13:12,630 [Thread-1632] INFO  impl.RaftServerImpl (RaftServerImpl.java:setRole(184)) - 2fdb3e93-e0d8-400e-8c33-91e2341b50c6@group-F01152B53F91: changes role from  FOLLOWER to CANDIDATE at term 167 for changeToCandidate
2019-10-22 00:13:12,630 [Thread-1632] INFO  impl.RoleInfo (RoleInfo.java:updateAndGet(143)) - 2fdb3e93-e0d8-400e-8c33-91e2341b50c6: start LeaderElection
2019-10-22 00:13:12,643 [2fdb3e93-e0d8-400e-8c33-91e2341b50c6@group-F01152B53F91-LeaderElection171] INFO  impl.LeaderElection (LeaderElection.java:askForVotes(178)) - 2fdb3e93-e0d8-400e-8c33-91e2341b50c6@group-F01152B53F91-LeaderElection171: begin an election at term 168 for -1: [2fdb3e93-e0d8-400e-8c33-91e2341b50c6:192.168.157.254:43254, 062c71de-08d9-40ee-9309-15590e2e8e68:192.168.157.254:45598, 2a52019e-5647-44e1-bf30-9a43fd8a7377:192.168.157.254:36038], old=null
2019-10-22 00:13:12,645 [grpc-default-executor-3] INFO  impl.RaftServerImpl (RaftServerImpl.java:setRole(184)) - 2a52019e-5647-44e1-bf30-9a43fd8a7377@group-F01152B53F91: changes role from  FOLLOWER to FOLLOWER at term 168 for recognizeCandidate:2fdb3e93-e0d8-400e-8c33-91e2341b50c6
2019-10-22 00:13:12,645 [grpc-default-executor-3] INFO  impl.RoleInfo (RoleInfo.java:shutdownFollowerState(121)) - 2a52019e-5647-44e1-bf30-9a43fd8a7377: shutdown FollowerState
2019-10-22 00:13:12,645 [grpc-default-executor-6] INFO  impl.RaftServerImpl (RaftServerImpl.java:setRole(184)) - 062c71de-08d9-40ee-9309-15590e2e8e68@group-F01152B53F91: changes role from  FOLLOWER to FOLLOWER at term 168 for recognizeCandidate:2fdb3e93-e0d8-400e-8c33-91e2341b50c6
2019-10-22 00:13:12,645 [grpc-default-executor-3] INFO  impl.RoleInfo (RoleInfo.java:updateAndGet(143)) - 2a52019e-5647-44e1-bf30-9a43fd8a7377: start FollowerState
2019-10-22 00:13:12,645 [Thread-1630] INFO  impl.FollowerState (FollowerState.java:run(117)) - 2a52019e-5647-44e1-bf30-9a43fd8a7377@group-F01152B53F91-FollowerState was interrupted: java.lang.InterruptedException: sleep interrupted
2019-10-22 00:13:12,645 [grpc-default-executor-6] INFO  impl.RoleInfo (RoleInfo.java:shutdownFollowerState(121)) - 062c71de-08d9-40ee-9309-15590e2e8e68: shutdown FollowerState
2019-10-22 00:13:12,646 [grpc-default-executor-6] INFO  impl.RoleInfo (RoleInfo.java:updateAndGet(143)) - 062c71de-08d9-40ee-9309-15590e2e8e68: start FollowerState
2019-10-22 00:13:12,646 [Thread-1631] INFO  impl.FollowerState (FollowerState.java:run(117)) - 062c71de-08d9-40ee-9309-15590e2e8e68@group-F01152B53F91-FollowerState was interrupted: java.lang.InterruptedException: sleep interrupted
2019-10-22 00:13:12,659 [2fdb3e93-e0d8-400e-8c33-91e2341b50c6@group-F01152B53F91-LeaderElection171] INFO  impl.LeaderElection (LeaderElection.java:logAndReturn(56)) - 2fdb3e93-e0d8-400e-8c33-91e2341b50c6@group-F01152B53F91-LeaderElection171: Election REJECTED; received 2 response(s) [2fdb3e93-e0d8-400e-8c33-91e2341b50c6<-062c71de-08d9-40ee-9309-15590e2e8e68#0:FAIL-t168, 2fdb3e93-e0d8-400e-8c33-91e2341b50c6<-2a52019e-5647-44e1-bf30-9a43fd8a7377#0:FAIL-t168] and 0 exception(s); 2fdb3e93-e0d8-400e-8c33-91e2341b50c6@group-F01152B53F91:t168, leader=null, voted=2fdb3e93-e0d8-400e-8c33-91e2341b50c6, raftlog=2fdb3e93-e0d8-400e-8c33-91e2341b50c6@group-F01152B53F91-SegmentedRaftLog:OPENED:c-1,f-1,i0, conf=-1: [2fdb3e93-e0d8-400e-8c33-91e2341b50c6:192.168.157.254:43254, 062c71de-08d9-40ee-9309-15590e2e8e68:192.168.157.254:45598, 2a52019e-5647-44e1-bf30-9a43fd8a7377:192.168.157.254:36038], old=null
2019-10-22 00:13:12,659 [2fdb3e93-e0d8-400e-8c33-91e2341b50c6@group-F01152B53F91-LeaderElection171] INFO  impl.RaftServerImpl (RaftServerImpl.java:setRole(184)) - 2fdb3e93-e0d8-400e-8c33-91e2341b50c6@group-F01152B53F91: changes role from CANDIDATE to FOLLOWER at term 168 for DISCOVERED_A_NEW_TERM
2019-10-22 00:13:12,660 [2fdb3e93-e0d8-400e-8c33-91e2341b50c6@group-F01152B53F91-LeaderElection171] INFO  impl.RoleInfo (RoleInfo.java:shutdownLeaderElection(134)) - 2fdb3e93-e0d8-400e-8c33-91e2341b50c6: shutdown LeaderElection
2019-10-22 00:13:12,660 [2fdb3e93-e0d8-400e-8c33-91e2341b50c6@group-F01152B53F91-LeaderElection171] INFO  impl.RoleInfo (RoleInfo.java:updateAndGet(143)) - 2fdb3e93-e0d8-400e-8c33-91e2341b50c6: start FollowerState
2019-10-22 00:13:12,672 [Thread-1638] INFO  impl.FollowerState (FollowerState.java:run(108)) - 2fdb3e93-e0d8-400e-8c33-91e2341b50c6@group-F01152B53F91-FollowerState: change to CANDIDATE, lastRpcTime:12ms, electionTimeout:12ms
2019-10-22 00:13:12,672 [Thread-1638] INFO  impl.RoleInfo (RoleInfo.java:shutdownFollowerState(121)) - 2fdb3e93-e0d8-400e-8c33-91e2341b50c6: shutdown FollowerState
2019-10-22 00:13:12,672 [Thread-1638] INFO  impl.RaftServerImpl (RaftServerImpl.java:setRole(184)) - 2fdb3e93-e0d8-400e-8c33-91e2341b50c6@group-F01152B53F91: changes role from  FOLLOWER to CANDIDATE at term 168 for changeToCandidate
2019-10-22 00:13:12,672 [Thread-1638] INFO  impl.RoleInfo (RoleInfo.java:updateAndGet(143)) - 2fdb3e93-e0d8-400e-8c33-91e2341b50c6: start LeaderElection
2019-10-22 00:13:12,753 [2fdb3e93-e0d8-400e-8c33-91e2341b50c6@group-F01152B53F91-LeaderElection172] INFO  impl.LeaderElection (LeaderElection.java:askForVotes(178)) - 2fdb3e93-e0d8-400e-8c33-91e2341b50c6@group-F01152B53F91-LeaderElection172: begin an election at term 169 for -1: [2fdb3e93-e0d8-400e-8c33-91e2341b50c6:192.168.157.254:43254, 062c71de-08d9-40ee-9309-15590e2e8e68:192.168.157.254:45598, 2a52019e-5647-44e1-bf30-9a43fd8a7377:192.168.157.254:36038], old=null
2019-10-22 00:13:12,754 [grpc-default-executor-3] INFO  impl.RaftServerImpl (RaftServerImpl.java:setRole(184)) - 2a52019e-5647-44e1-bf30-9a43fd8a7377@group-F01152B53F91: changes role from  FOLLOWER to FOLLOWER at term 169 for recognizeCandidate:2fdb3e93-e0d8-400e-8c33-91e2341b50c6
2019-10-22 00:13:12,755 [grpc-default-executor-3] INFO  impl.RoleInfo (RoleInfo.java:shutdownFollowerState(121)) - 2a52019e-5647-44e1-bf30-9a43fd8a7377: shutdown FollowerState
2019-10-22 00:13:12,755 [grpc-default-executor-3] INFO  impl.RoleInfo (RoleInfo.java:updateAndGet(143)) - 2a52019e-5647-44e1-bf30-9a43fd8a7377: start FollowerState
2019-10-22 00:13:12,755 [grpc-default-executor-6] INFO  impl.RaftServerImpl (RaftServerImpl.java:setRole(184)) - 062c71de-08d9-40ee-9309-15590e2e8e68@group-F01152B53F91: changes role from  FOLLOWER to FOLLOWER at term 169 for recognizeCandidate:2fdb3e93-e0d8-400e-8c33-91e2341b50c6
2019-10-22 00:13:12,755 [grpc-default-executor-6] INFO  impl.RoleInfo (RoleInfo.java:shutdownFollowerState(121)) - 062c71de-08d9-40ee-9309-15590e2e8e68: shutdown FollowerState
2019-10-22 00:13:12,755 [Thread-1636] INFO  impl.FollowerState (FollowerState.java:run(117)) - 2a52019e-5647-44e1-bf30-9a43fd8a7377@group-F01152B53F91-FollowerState was interrupted: java.lang.InterruptedException: sleep interrupted
2019-10-22 00:13:12,755 [grpc-default-executor-6] INFO  impl.RoleInfo (RoleInfo.java:updateAndGet(143)) - 062c71de-08d9-40ee-9309-15590e2e8e68: start FollowerState
2019-10-22 00:13:12,755 [Thread-1637] INFO  impl.FollowerState (FollowerState.java:run(117)) - 062c71de-08d9-40ee-9309-15590e2e8e68@group-F01152B53F91-FollowerState was interrupted: java.lang.InterruptedException: sleep interrupted
2019-10-22 00:13:12,794 [java.util.concurrent.ThreadPoolExecutor$Worker@c41ae0f[State = -1, empty queue]] WARN  server.GrpcLogAppender (GrpcLogAppender.java:timeoutAppendRequest(209)) - fad63ceb-ed14-4322-905d-6ef3599ac734@group-0045C62F497D->5732e052-e19f-40fe-a104-972211db20fb-GrpcLogAppender: appendEntries Timeout, request=fad63ceb-ed14-4322-905d-6ef3599ac734->5732e052-e19f-40fe-a104-972211db20fb#36-t1, previous=(t:1, i:0), leaderCommit=0, initializing? false, entries: <empty>
2019-10-22 00:13:12,811 [2fdb3e93-e0d8-400e-8c33-91e2341b50c6@group-F01152B53F91-LeaderElection172] INFO  impl.LeaderElection (LeaderElection.java:logAndReturn(56)) - 2fdb3e93-e0d8-400e-8c33-91e2341b50c6@group-F01152B53F91-LeaderElection172: Election REJECTED; received 2 response(s) [2fdb3e93-e0d8-400e-8c33-91e2341b50c6<-062c71de-08d9-40ee-9309-15590e2e8e68#0:FAIL-t169, 2fdb3e93-e0d8-400e-8c33-91e2341b50c6<-2a52019e-5647-44e1-bf30-9a43fd8a7377#0:FAIL-t169] and 0 exception(s); 2fdb3e93-e0d8-400e-8c33-91e2341b50c6@group-F01152B53F91:t169, leader=null, voted=2fdb3e93-e0d8-400e-8c33-91e2341b50c6, raftlog=2fdb3e93-e0d8-400e-8c33-91e2341b50c6@group-F01152B53F91-SegmentedRaftLog:OPENED:c-1,f-1,i0, conf=-1: [2fdb3e93-e0d8-400e-8c33-91e2341b50c6:192.168.157.254:43254, 062c71de-08d9-40ee-9309-15590e2e8e68:192.168.157.254:45598, 2a52019e-5647-44e1-bf30-9a43fd8a7377:192.168.157.254:36038], old=null
2019-10-22 00:13:12,812 [2fdb3e93-e0d8-400e-8c33-91e2341b50c6@group-F01152B53F91-LeaderElection172] INFO  impl.RaftServerImpl (RaftServerImpl.java:setRole(184)) - 2fdb3e93-e0d8-400e-8c33-91e2341b50c6@group-F01152B53F91: changes role from CANDIDATE to FOLLOWER at term 169 for DISCOVERED_A_NEW_TERM
2019-10-22 00:13:12,812 [2fdb3e93-e0d8-400e-8c33-91e2341b50c6@group-F01152B53F91-LeaderElection172] INFO  impl.RoleInfo (RoleInfo.java:shutdownLeaderElection(134)) - 2fdb3e93-e0d8-400e-8c33-91e2341b50c6: shutdown LeaderElection
2019-10-22 00:13:12,812 [2fdb3e93-e0d8-400e-8c33-91e2341b50c6@group-F01152B53F91-LeaderElection172] INFO  impl.RoleInfo (RoleInfo.java:updateAndGet(143)) - 2fdb3e93-e0d8-400e-8c33-91e2341b50c6: start FollowerState
2019-10-22 00:13:12,997 [Thread-1644] INFO  impl.FollowerState (FollowerState.java:run(108)) - 2fdb3e93-e0d8-400e-8c33-91e2341b50c6@group-F01152B53F91-FollowerState: change to CANDIDATE, lastRpcTime:185ms, electionTimeout:185ms
2019-10-22 00:13:12,997 [Thread-1644] INFO  impl.RoleInfo (RoleInfo.java:shutdownFollowerState(121)) - 2fdb3e93-e0d8-400e-8c33-91e2341b50c6: shutdown FollowerState
2019-10-22 00:13:12,997 [Thread-1644] INFO  impl.RaftServerImpl (RaftServerImpl.java:setRole(184)) - 2fdb3e93-e0d8-400e-8c33-91e2341b50c6@group-F01152B53F91: changes role from  FOLLOWER to CANDIDATE at term 169 for changeToCandidate
2019-10-22 00:13:12,998 [Thread-1644] INFO  impl.RoleInfo (RoleInfo.java:updateAndGet(143)) - 2fdb3e93-e0d8-400e-8c33-91e2341b50c6: start LeaderElection
2019-10-22 00:13:13,012 [2fdb3e93-e0d8-400e-8c33-91e2341b50c6@group-F01152B53F91-LeaderElection173] INFO  impl.LeaderElection (LeaderElection.java:askForVotes(178)) - 2fdb3e93-e0d8-400e-8c33-91e2341b50c6@group-F01152B53F91-LeaderElection173: begin an election at term 170 for -1: [2fdb3e93-e0d8-400e-8c33-91e2341b50c6:192.168.157.254:43254, 062c71de-08d9-40ee-9309-15590e2e8e68:192.168.157.254:45598, 2a52019e-5647-44e1-bf30-9a43fd8a7377:192.168.157.254:36038], old=null
2019-10-22 00:13:13,013 [grpc-default-executor-6] INFO  impl.RaftServerImpl (RaftServerImpl.java:setRole(184)) - 062c71de-08d9-40ee-9309-15590e2e8e68@group-F01152B53F91: changes role from  FOLLOWER to FOLLOWER at term 170 for recognizeCandidate:2fdb3e93-e0d8-400e-8c33-91e2341b50c6
2019-10-22 00:13:13,013 [grpc-default-executor-3] INFO  impl.RaftServerImpl (RaftServerImpl.java:setRole(184)) - 2a52019e-5647-44e1-bf30-9a43fd8a7377@group-F01152B53F91: changes role from  FOLLOWER to FOLLOWER at term 170 for recognizeCandidate:2fdb3e93-e0d8-400e-8c33-91e2341b50c6
2019-10-22 00:13:13,014 [grpc-default-executor-3] INFO  impl.RoleInfo (RoleInfo.java:shutdownFollowerState(121)) - 2a52019e-5647-44e1-bf30-9a43fd8a7377: shutdown FollowerState
2019-10-22 00:13:13,014 [grpc-default-executor-6] INFO  impl.RoleInfo (RoleInfo.java:shutdownFollowerState(121)) - 062c71de-08d9-40ee-9309-15590e2e8e68: shutdown FollowerState
2019-10-22 00:13:13,014 [Thread-1642] INFO  impl.FollowerState (FollowerState.java:run(117)) - 2a52019e-5647-44e1-bf30-9a43fd8a7377@group-F01152B53F91-FollowerState was interrupted: java.lang.InterruptedException: sleep interrupted
2019-10-22 00:13:13,014 [grpc-default-executor-3] INFO  impl.RoleInfo (RoleInfo.java:updateAndGet(143)) - 2a52019e-5647-44e1-bf30-9a43fd8a7377: start FollowerState
2019-10-22 00:13:13,014 [Thread-1643] INFO  impl.FollowerState (FollowerState.java:run(117)) - 062c71de-08d9-40ee-9309-15590e2e8e68@group-F01152B53F91-FollowerState was interrupted: java.lang.InterruptedException: sleep interrupted
2019-10-22 00:13:13,014 [grpc-default-executor-6] INFO  impl.RoleInfo (RoleInfo.java:updateAndGet(143)) - 062c71de-08d9-40ee-9309-15590e2e8e68: start FollowerState
2019-10-22 00:13:13,024 [2fdb3e93-e0d8-400e-8c33-91e2341b50c6@group-F01152B53F91-LeaderElection173] INFO  impl.LeaderElection (LeaderElection.java:logAndReturn(56)) - 2fdb3e93-e0d8-400e-8c33-91e2341b50c6@group-F01152B53F91-LeaderElection173: Election TIMEOUT; received 0 response(s) [] and 0 exception(s); 2fdb3e93-e0d8-400e-8c33-91e2341b50c6@group-F01152B53F91:t170, leader=null, voted=2fdb3e93-e0d8-400e-8c33-91e2341b50c6, raftlog=2fdb3e93-e0d8-400e-8c33-91e2341b50c6@group-F01152B53F91-SegmentedRaftLog:OPENED:c-1,f-1,i0, conf=-1: [2fdb3e93-e0d8-400e-8c33-91e2341b50c6:192.168.157.254:43254, 062c71de-08d9-40ee-9309-15590e2e8e68:192.168.157.254:45598, 2a52019e-5647-44e1-bf30-9a43fd8a7377:192.168.157.254:36038], old=null
2019-10-22 00:13:13,029 [2fdb3e93-e0d8-400e-8c33-91e2341b50c6@group-F01152B53F91-LeaderElection173] INFO  impl.LeaderElection (LeaderElection.java:askForVotes(178)) - 2fdb3e93-e0d8-400e-8c33-91e2341b50c6@group-F01152B53F91-LeaderElection173: begin an election at term 171 for -1: [2fdb3e93-e0d8-400e-8c33-91e2341b50c6:192.168.157.254:43254, 062c71de-08d9-40ee-9309-15590e2e8e68:192.168.157.254:45598, 2a52019e-5647-44e1-bf30-9a43fd8a7377:192.168.157.254:36038], old=null
2019-10-22 00:13:13,030 [grpc-default-executor-6] INFO  impl.RaftServerImpl (RaftServerImpl.java:setRole(184)) - 062c71de-08d9-40ee-9309-15590e2e8e68@group-F01152B53F91: changes role from  FOLLOWER to FOLLOWER at term 171 for recognizeCandidate:2fdb3e93-e0d8-400e-8c33-91e2341b50c6
2019-10-22 00:13:13,030 [grpc-default-executor-6] INFO  impl.RoleInfo (RoleInfo.java:shutdownFollowerState(121)) - 062c71de-08d9-40ee-9309-15590e2e8e68: shutdown FollowerState
2019-10-22 00:13:13,031 [grpc-default-executor-6] INFO  impl.RoleInfo (RoleInfo.java:updateAndGet(143)) - 062c71de-08d9-40ee-9309-15590e2e8e68: start FollowerState
2019-10-22 00:13:13,031 [grpc-default-executor-3] INFO  impl.RaftServerImpl (RaftServerImpl.java:setRole(184)) - 2a52019e-5647-44e1-bf30-9a43fd8a7377@group-F01152B53F91: changes role from  FOLLOWER to FOLLOWER at term 171 for recognizeCandidate:2fdb3e93-e0d8-400e-8c33-91e2341b50c6
2019-10-22 00:13:13,031 [Thread-1651] INFO  impl.FollowerState (FollowerState.java:run(117)) - 062c71de-08d9-40ee-9309-15590e2e8e68@group-F01152B53F91-FollowerState was interrupted: java.lang.InterruptedException: sleep interrupted
2019-10-22 00:13:13,031 [grpc-default-executor-3] INFO  impl.RoleInfo (RoleInfo.java:shutdownFollowerState(121)) - 2a52019e-5647-44e1-bf30-9a43fd8a7377: shutdown FollowerState
2019-10-22 00:13:13,031 [grpc-default-executor-3] INFO  impl.RoleInfo (RoleInfo.java:updateAndGet(143)) - 2a52019e-5647-44e1-bf30-9a43fd8a7377: start FollowerState
2019-10-22 00:13:13,031 [Thread-1650] INFO  impl.FollowerState (FollowerState.java:run(117)) - 2a52019e-5647-44e1-bf30-9a43fd8a7377@group-F01152B53F91-FollowerState was interrupted: java.lang.InterruptedException: sleep interrupted
2019-10-22 00:13:13,046 [2fdb3e93-e0d8-400e-8c33-91e2341b50c6@group-F01152B53F91-LeaderElection173] INFO  impl.LeaderElection (LeaderElection.java:logAndReturn(56)) - 2fdb3e93-e0d8-400e-8c33-91e2341b50c6@group-F01152B53F91-LeaderElection173: Election REJECTED; received 2 response(s) [2fdb3e93-e0d8-400e-8c33-91e2341b50c6<-062c71de-08d9-40ee-9309-15590e2e8e68#0:FAIL-t171, 2fdb3e93-e0d8-400e-8c33-91e2341b50c6<-2a52019e-5647-44e1-bf30-9a43fd8a7377#0:FAIL-t171] and 0 exception(s); 2fdb3e93-e0d8-400e-8c33-91e2341b50c6@group-F01152B53F91:t171, leader=null, voted=2fdb3e93-e0d8-400e-8c33-91e2341b50c6, raftlog=2fdb3e93-e0d8-400e-8c33-91e2341b50c6@group-F01152B53F91-SegmentedRaftLog:OPENED:c-1,f-1,i0, conf=-1: [2fdb3e93-e0d8-400e-8c33-91e2341b50c6:192.168.157.254:43254, 062c71de-08d9-40ee-9309-15590e2e8e68:192.168.157.254:45598, 2a52019e-5647-44e1-bf30-9a43fd8a7377:192.168.157.254:36038], old=null
2019-10-22 00:13:13,047 [2fdb3e93-e0d8-400e-8c33-91e2341b50c6@group-F01152B53F91-LeaderElection173] INFO  impl.RaftServerImpl (RaftServerImpl.java:setRole(184)) - 2fdb3e93-e0d8-400e-8c33-91e2341b50c6@group-F01152B53F91: changes role from CANDIDATE to FOLLOWER at term 171 for DISCOVERED_A_NEW_TERM
2019-10-22 00:13:13,047 [2fdb3e93-e0d8-400e-8c33-91e2341b50c6@group-F01152B53F91-LeaderElection173] INFO  impl.RoleInfo (RoleInfo.java:shutdownLeaderElection(134)) - 2fdb3e93-e0d8-400e-8c33-91e2341b50c6: shutdown LeaderElection
2019-10-22 00:13:13,047 [2fdb3e93-e0d8-400e-8c33-91e2341b50c6@group-F01152B53F91-LeaderElection173] INFO  impl.RoleInfo (RoleInfo.java:updateAndGet(143)) - 2fdb3e93-e0d8-400e-8c33-91e2341b50c6: start FollowerState
2019-10-22 00:13:13,104 [Thread-1656] INFO  impl.FollowerState (FollowerState.java:run(108)) - 2fdb3e93-e0d8-400e-8c33-91e2341b50c6@group-F01152B53F91-FollowerState: change to CANDIDATE, lastRpcTime:57ms, electionTimeout:57ms
2019-10-22 00:13:13,104 [Thread-1656] INFO  impl.RoleInfo (RoleInfo.java:shutdownFollowerState(121)) - 2fdb3e93-e0d8-400e-8c33-91e2341b50c6: shutdown FollowerState
2019-10-22 00:13:13,105 [Thread-1656] INFO  impl.RaftServerImpl (RaftServerImpl.java:setRole(184)) - 2fdb3e93-e0d8-400e-8c33-91e2341b50c6@group-F01152B53F91: changes role from  FOLLOWER to CANDIDATE at term 171 for changeToCandidate
2019-10-22 00:13:13,105 [Thread-1656] INFO  impl.RoleInfo (RoleInfo.java:updateAndGet(143)) - 2fdb3e93-e0d8-400e-8c33-91e2341b50c6: start LeaderElection
2019-10-22 00:13:13,118 [2fdb3e93-e0d8-400e-8c33-91e2341b50c6@group-F01152B53F91-LeaderElection174] INFO  impl.LeaderElection (LeaderElection.java:askForVotes(178)) - 2fdb3e93-e0d8-400e-8c33-91e2341b50c6@group-F01152B53F91-LeaderElection174: begin an election at term 172 for -1: [2fdb3e93-e0d8-400e-8c33-91e2341b50c6:192.168.157.254:43254, 062c71de-08d9-40ee-9309-15590e2e8e68:192.168.157.254:45598, 2a52019e-5647-44e1-bf30-9a43fd8a7377:192.168.157.254:36038], old=null
2019-10-22 00:13:13,120 [grpc-default-executor-3] INFO  impl.RaftServerImpl (RaftServerImpl.java:setRole(184)) - 062c71de-08d9-40ee-9309-15590e2e8e68@group-F01152B53F91: changes role from  FOLLOWER to FOLLOWER at term 172 for recognizeCandidate:2fdb3e93-e0d8-400e-8c33-91e2341b50c6
2019-10-22 00:13:13,120 [grpc-default-executor-3] INFO  impl.RoleInfo (RoleInfo.java:shutdownFollowerState(121)) - 062c71de-08d9-40ee-9309-15590e2e8e68: shutdown FollowerState
2019-10-22 00:13:13,120 [grpc-default-executor-3] INFO  impl.RoleInfo (RoleInfo.java:updateAndGet(143)) - 062c71de-08d9-40ee-9309-15590e2e8e68: start FollowerState
2019-10-22 00:13:13,120 [Thread-1654] INFO  impl.FollowerState (FollowerState.java:run(117)) - 062c71de-08d9-40ee-9309-15590e2e8e68@group-F01152B53F91-FollowerState was interrupted: java.lang.InterruptedException: sleep interrupted
2019-10-22 00:13:13,120 [grpc-default-executor-6] INFO  impl.RaftServerImpl (RaftServerImpl.java:setRole(184)) - 2a52019e-5647-44e1-bf30-9a43fd8a7377@group-F01152B53F91: changes role from  FOLLOWER to FOLLOWER at term 172 for recognizeCandidate:2fdb3e93-e0d8-400e-8c33-91e2341b50c6
2019-10-22 00:13:13,120 [grpc-default-executor-6] INFO  impl.RoleInfo (RoleInfo.java:shutdownFollowerState(121)) - 2a52019e-5647-44e1-bf30-9a43fd8a7377: shutdown FollowerState
2019-10-22 00:13:13,120 [grpc-default-executor-6] INFO  impl.RoleInfo (RoleInfo.java:updateAndGet(143)) - 2a52019e-5647-44e1-bf30-9a43fd8a7377: start FollowerState
2019-10-22 00:13:13,120 [Thread-1655] INFO  impl.FollowerState (FollowerState.java:run(117)) - 2a52019e-5647-44e1-bf30-9a43fd8a7377@group-F01152B53F91-FollowerState was interrupted: java.lang.InterruptedException: sleep interrupted
2019-10-22 00:13:13,134 [2fdb3e93-e0d8-400e-8c33-91e2341b50c6@group-F01152B53F91-LeaderElection174] INFO  impl.LeaderElection (LeaderElection.java:logAndReturn(56)) - 2fdb3e93-e0d8-400e-8c33-91e2341b50c6@group-F01152B53F91-LeaderElection174: Election REJECTED; received 2 response(s) [2fdb3e93-e0d8-400e-8c33-91e2341b50c6<-062c71de-08d9-40ee-9309-15590e2e8e68#0:FAIL-t172, 2fdb3e93-e0d8-400e-8c33-91e2341b50c6<-2a52019e-5647-44e1-bf30-9a43fd8a7377#0:FAIL-t172] and 0 exception(s); 2fdb3e93-e0d8-400e-8c33-91e2341b50c6@group-F01152B53F91:t172, leader=null, voted=2fdb3e93-e0d8-400e-8c33-91e2341b50c6, raftlog=2fdb3e93-e0d8-400e-8c33-91e2341b50c6@group-F01152B53F91-SegmentedRaftLog:OPENED:c-1,f-1,i0, conf=-1: [2fdb3e93-e0d8-400e-8c33-91e2341b50c6:192.168.157.254:43254, 062c71de-08d9-40ee-9309-15590e2e8e68:192.168.157.254:45598, 2a52019e-5647-44e1-bf30-9a43fd8a7377:192.168.157.254:36038], old=null
2019-10-22 00:13:13,134 [2fdb3e93-e0d8-400e-8c33-91e2341b50c6@group-F01152B53F91-LeaderElection174] INFO  impl.RaftServerImpl (RaftServerImpl.java:setRole(184)) - 2fdb3e93-e0d8-400e-8c33-91e2341b50c6@group-F01152B53F91: changes role from CANDIDATE to FOLLOWER at term 172 for DISCOVERED_A_NEW_TERM
2019-10-22 00:13:13,134 [2fdb3e93-e0d8-400e-8c33-91e2341b50c6@group-F01152B53F91-LeaderElection174] INFO  impl.RoleInfo (RoleInfo.java:shutdownLeaderElection(134)) - 2fdb3e93-e0d8-400e-8c33-91e2341b50c6: shutdown LeaderElection
2019-10-22 00:13:13,134 [2fdb3e93-e0d8-400e-8c33-91e2341b50c6@group-F01152B53F91-LeaderElection174] INFO  impl.RoleInfo (RoleInfo.java:updateAndGet(143)) - 2fdb3e93-e0d8-400e-8c33-91e2341b50c6: start FollowerState
2019-10-22 00:13:13,222 [Thread-1662] INFO  impl.FollowerState (FollowerState.java:run(108)) - 2fdb3e93-e0d8-400e-8c33-91e2341b50c6@group-F01152B53F91-FollowerState: change to CANDIDATE, lastRpcTime:87ms, electionTimeout:87ms
2019-10-22 00:13:13,222 [Thread-1662] INFO  impl.RoleInfo (RoleInfo.java:shutdownFollowerState(121)) - 2fdb3e93-e0d8-400e-8c33-91e2341b50c6: shutdown FollowerState
2019-10-22 00:13:13,222 [Thread-1662] INFO  impl.RaftServerImpl (RaftServerImpl.java:setRole(184)) - 2fdb3e93-e0d8-400e-8c33-91e2341b50c6@group-F01152B53F91: changes role from  FOLLOWER to CANDIDATE at term 172 for changeToCandidate
2019-10-22 00:13:13,233 [Thread-1662] INFO  impl.RoleInfo (RoleInfo.java:updateAndGet(143)) - 2fdb3e93-e0d8-400e-8c33-91e2341b50c6: start LeaderElection
2019-10-22 00:13:13,294 [java.util.concurrent.ThreadPoolExecutor$Worker@c41ae0f[State = -1, empty queue]] WARN  server.GrpcLogAppender (GrpcLogAppender.java:timeoutAppendRequest(209)) - fad63ceb-ed14-4322-905d-6ef3599ac734@group-0045C62F497D->5732e052-e19f-40fe-a104-972211db20fb-GrpcLogAppender: appendEntries Timeout, request=fad63ceb-ed14-4322-905d-6ef3599ac734->5732e052-e19f-40fe-a104-972211db20fb#37-t1, previous=(t:1, i:0), leaderCommit=0, initializing? false, entries: <empty>
2019-10-22 00:13:13,316 [2fdb3e93-e0d8-400e-8c33-91e2341b50c6@group-F01152B53F91-LeaderElection175] INFO  impl.LeaderElection (LeaderElection.java:askForVotes(178)) - 2fdb3e93-e0d8-400e-8c33-91e2341b50c6@group-F01152B53F91-LeaderElection175: begin an election at term 173 for -1: [2fdb3e93-e0d8-400e-8c33-91e2341b50c6:192.168.157.254:43254, 062c71de-08d9-40ee-9309-15590e2e8e68:192.168.157.254:45598, 2a52019e-5647-44e1-bf30-9a43fd8a7377:192.168.157.254:36038], old=null
2019-10-22 00:13:13,319 [grpc-default-executor-3] INFO  impl.RaftServerImpl (RaftServerImpl.java:setRole(184)) - 2a52019e-5647-44e1-bf30-9a43fd8a7377@group-F01152B53F91: changes role from  FOLLOWER to FOLLOWER at term 173 for recognizeCandidate:2fdb3e93-e0d8-400e-8c33-91e2341b50c6
2019-10-22 00:13:13,319 [grpc-default-executor-3] INFO  impl.RoleInfo (RoleInfo.java:shutdownFollowerState(121)) - 2a52019e-5647-44e1-bf30-9a43fd8a7377: shutdown FollowerState
2019-10-22 00:13:13,319 [grpc-default-executor-6] INFO  impl.RaftServerImpl (RaftServerImpl.java:setRole(184)) - 062c71de-08d9-40ee-9309-15590e2e8e68@group-F01152B53F91: changes role from  FOLLOWER to FOLLOWER at term 173 for recognizeCandidate:2fdb3e93-e0d8-400e-8c33-91e2341b50c6
2019-10-22 00:13:13,319 [grpc-default-executor-6] INFO  impl.RoleInfo (RoleInfo.java:shutdownFollowerState(121)) - 062c71de-08d9-40ee-9309-15590e2e8e68: shutdown FollowerState
2019-10-22 00:13:13,330 [grpc-default-executor-6] INFO  impl.RoleInfo (RoleInfo.java:updateAndGet(143)) - 062c71de-08d9-40ee-9309-15590e2e8e68: start FollowerState
2019-10-22 00:13:13,330 [Thread-1660] INFO  impl.FollowerState (FollowerState.java:run(117)) - 062c71de-08d9-40ee-9309-15590e2e8e68@group-F01152B53F91-FollowerState was interrupted: java.lang.InterruptedException: sleep interrupted
2019-10-22 00:13:13,330 [grpc-default-executor-3] INFO  impl.RoleInfo (RoleInfo.java:updateAndGet(143)) - 2a52019e-5647-44e1-bf30-9a43fd8a7377: start FollowerState
2019-10-22 00:13:13,330 [Thread-1661] INFO  impl.FollowerState (FollowerState.java:run(117)) - 2a52019e-5647-44e1-bf30-9a43fd8a7377@group-F01152B53F91-FollowerState was interrupted: java.lang.InterruptedException: sleep interrupted
2019-10-22 00:13:13,356 [2fdb3e93-e0d8-400e-8c33-91e2341b50c6@group-F01152B53F91-LeaderElection175] INFO  impl.LeaderElection (LeaderElection.java:logAndReturn(56)) - 2fdb3e93-e0d8-400e-8c33-91e2341b50c6@group-F01152B53F91-LeaderElection175: Election TIMEOUT; received 0 response(s) [] and 0 exception(s); 2fdb3e93-e0d8-400e-8c33-91e2341b50c6@group-F01152B53F91:t173, leader=null, voted=2fdb3e93-e0d8-400e-8c33-91e2341b50c6, raftlog=2fdb3e93-e0d8-400e-8c33-91e2341b50c6@group-F01152B53F91-SegmentedRaftLog:OPENED:c-1,f-1,i0, conf=-1: [2fdb3e93-e0d8-400e-8c33-91e2341b50c6:192.168.157.254:43254, 062c71de-08d9-40ee-9309-15590e2e8e68:192.168.157.254:45598, 2a52019e-5647-44e1-bf30-9a43fd8a7377:192.168.157.254:36038], old=null
2019-10-22 00:13:13,367 [java.util.concurrent.ThreadPoolExecutor$Worker@1d11c0e2[State = -1, empty queue]] WARN  server.GrpcLogAppender (GrpcLogAppender.java:timeoutAppendRequest(209)) - 9d453efa-53cb-467a-9eb6-1ab0458610f0@group-597AF0FA787F->d521f5b1-4e7b-4169-9688-2112c7da7b1f-GrpcLogAppender: appendEntries Timeout, request=9d453efa-53cb-467a-9eb6-1ab0458610f0->d521f5b1-4e7b-4169-9688-2112c7da7b1f#0-t6, previous=(t:5, i:19), leaderCommit=19, initializing? false, entries: <empty>
2019-10-22 00:13:13,399 [2fdb3e93-e0d8-400e-8c33-91e2341b50c6@group-F01152B53F91-LeaderElection175] INFO  impl.LeaderElection (LeaderElection.java:askForVotes(178)) - 2fdb3e93-e0d8-400e-8c33-91e2341b50c6@group-F01152B53F91-LeaderElection175: begin an election at term 174 for -1: [2fdb3e93-e0d8-400e-8c33-91e2341b50c6:192.168.157.254:43254, 062c71de-08d9-40ee-9309-15590e2e8e68:192.168.157.254:45598, 2a52019e-5647-44e1-bf30-9a43fd8a7377:192.168.157.254:36038], old=null
2019-10-22 00:13:13,404 [grpc-default-executor-6] INFO  impl.RaftServerImpl (RaftServerImpl.java:setRole(184)) - 2a52019e-5647-44e1-bf30-9a43fd8a7377@group-F01152B53F91: changes role from  FOLLOWER to FOLLOWER at term 174 for recognizeCandidate:2fdb3e93-e0d8-400e-8c33-91e2341b50c6
2019-10-22 00:13:13,404 [grpc-default-executor-3] INFO  impl.RaftServerImpl (RaftServerImpl.java:setRole(184)) - 062c71de-08d9-40ee-9309-15590e2e8e68@group-F01152B53F91: changes role from  FOLLOWER to FOLLOWER at term 174 for recognizeCandidate:2fdb3e93-e0d8-400e-8c33-91e2341b50c6
2019-10-22 00:13:13,404 [grpc-default-executor-3] INFO  impl.RoleInfo (RoleInfo.java:shutdownFollowerState(121)) - 062c71de-08d9-40ee-9309-15590e2e8e68: shutdown FollowerState
2019-10-22 00:13:13,404 [grpc-default-executor-6] INFO  impl.RoleInfo (RoleInfo.java:shutdownFollowerState(121)) - 2a52019e-5647-44e1-bf30-9a43fd8a7377: shutdown FollowerState
2019-10-22 00:13:13,405 [Thread-1666] INFO  impl.FollowerState (FollowerState.java:run(117)) - 062c71de-08d9-40ee-9309-15590e2e8e68@group-F01152B53F91-FollowerState was interrupted: java.lang.InterruptedException: sleep interrupted
2019-10-22 00:13:13,404 [grpc-default-executor-3] INFO  impl.RoleInfo (RoleInfo.java:updateAndGet(143)) - 062c71de-08d9-40ee-9309-15590e2e8e68: start FollowerState
2019-10-22 00:13:13,405 [Thread-1667] INFO  impl.FollowerState (FollowerState.java:run(117)) - 2a52019e-5647-44e1-bf30-9a43fd8a7377@group-F01152B53F91-FollowerState was interrupted: java.lang.InterruptedException: sleep interrupted
2019-10-22 00:13:13,405 [grpc-default-executor-6] INFO  impl.RoleInfo (RoleInfo.java:updateAndGet(143)) - 2a52019e-5647-44e1-bf30-9a43fd8a7377: start FollowerState
2019-10-22 00:13:13,419 [2fdb3e93-e0d8-400e-8c33-91e2341b50c6@group-F01152B53F91-LeaderElection175] INFO  impl.LeaderElection (LeaderElection.java:logAndReturn(56)) - 2fdb3e93-e0d8-400e-8c33-91e2341b50c6@group-F01152B53F91-LeaderElection175: Election REJECTED; received 2 response(s) [2fdb3e93-e0d8-400e-8c33-91e2341b50c6<-062c71de-08d9-40ee-9309-15590e2e8e68#0:FAIL-t174, 2fdb3e93-e0d8-400e-8c33-91e2341b50c6<-2a52019e-5647-44e1-bf30-9a43fd8a7377#0:FAIL-t174] and 0 exception(s); 2fdb3e93-e0d8-400e-8c33-91e2341b50c6@group-F01152B53F91:t174, leader=null, voted=2fdb3e93-e0d8-400e-8c33-91e2341b50c6, raftlog=2fdb3e93-e0d8-400e-8c33-91e2341b50c6@group-F01152B53F91-SegmentedRaftLog:OPENED:c-1,f-1,i0, conf=-1: [2fdb3e93-e0d8-400e-8c33-91e2341b50c6:192.168.157.254:43254, 062c71de-08d9-40ee-9309-15590e2e8e68:192.168.157.254:45598, 2a52019e-5647-44e1-bf30-9a43fd8a7377:192.168.157.254:36038], old=null
2019-10-22 00:13:13,419 [2fdb3e93-e0d8-400e-8c33-91e2341b50c6@group-F01152B53F91-LeaderElection175] INFO  impl.RaftServerImpl (RaftServerImpl.java:setRole(184)) - 2fdb3e93-e0d8-400e-8c33-91e2341b50c6@group-F01152B53F91: changes role from CANDIDATE to FOLLOWER at term 174 for DISCOVERED_A_NEW_TERM
2019-10-22 00:13:13,419 [2fdb3e93-e0d8-400e-8c33-91e2341b50c6@group-F01152B53F91-LeaderElection175] INFO  impl.RoleInfo (RoleInfo.java:shutdownLeaderElection(134)) - 2fdb3e93-e0d8-400e-8c33-91e2341b50c6: shutdown LeaderElection
2019-10-22 00:13:13,419 [2fdb3e93-e0d8-400e-8c33-91e2341b50c6@group-F01152B53F91-LeaderElection175] INFO  impl.RoleInfo (RoleInfo.java:updateAndGet(143)) - 2fdb3e93-e0d8-400e-8c33-91e2341b50c6: start FollowerState
2019-10-22 00:13:13,518 [Thread-1673] INFO  impl.FollowerState (FollowerState.java:run(108)) - 2fdb3e93-e0d8-400e-8c33-91e2341b50c6@group-F01152B53F91-FollowerState: change to CANDIDATE, lastRpcTime:98ms, electionTimeout:98ms
2019-10-22 00:13:13,518 [Thread-1673] INFO  impl.RoleInfo (RoleInfo.java:shutdownFollowerState(121)) - 2fdb3e93-e0d8-400e-8c33-91e2341b50c6: shutdown FollowerState
2019-10-22 00:13:13,518 [Thread-1673] INFO  impl.RaftServerImpl (RaftServerImpl.java:setRole(184)) - 2fdb3e93-e0d8-400e-8c33-91e2341b50c6@group-F01152B53F91: changes role from  FOLLOWER to CANDIDATE at term 174 for changeToCandidate
2019-10-22 00:13:13,518 [Thread-1673] INFO  impl.RoleInfo (RoleInfo.java:updateAndGet(143)) - 2fdb3e93-e0d8-400e-8c33-91e2341b50c6: start LeaderElection
2019-10-22 00:13:13,544 [2fdb3e93-e0d8-400e-8c33-91e2341b50c6@group-F01152B53F91-LeaderElection176] INFO  impl.LeaderElection (LeaderElection.java:askForVotes(178)) - 2fdb3e93-e0d8-400e-8c33-91e2341b50c6@group-F01152B53F91-LeaderElection176: begin an election at term 175 for -1: [2fdb3e93-e0d8-400e-8c33-91e2341b50c6:192.168.157.254:43254, 062c71de-08d9-40ee-9309-15590e2e8e68:192.168.157.254:45598, 2a52019e-5647-44e1-bf30-9a43fd8a7377:192.168.157.254:36038], old=null
2019-10-22 00:13:13,545 [grpc-default-executor-3] INFO  impl.RaftServerImpl (RaftServerImpl.java:setRole(184)) - 062c71de-08d9-40ee-9309-15590e2e8e68@group-F01152B53F91: changes role from  FOLLOWER to FOLLOWER at term 175 for recognizeCandidate:2fdb3e93-e0d8-400e-8c33-91e2341b50c6
2019-10-22 00:13:13,545 [grpc-default-executor-6] INFO  impl.RaftServerImpl (RaftServerImpl.java:setRole(184)) - 2a52019e-5647-44e1-bf30-9a43fd8a7377@group-F01152B53F91: changes role from  FOLLOWER to FOLLOWER at term 175 for recognizeCandidate:2fdb3e93-e0d8-400e-8c33-91e2341b50c6
2019-10-22 00:13:13,546 [grpc-default-executor-3] INFO  impl.RoleInfo (RoleInfo.java:shutdownFollowerState(121)) - 062c71de-08d9-40ee-9309-15590e2e8e68: shutdown FollowerState
2019-10-22 00:13:13,546 [grpc-default-executor-6] INFO  impl.RoleInfo (RoleInfo.java:shutdownFollowerState(121)) - 2a52019e-5647-44e1-bf30-9a43fd8a7377: shutdown FollowerState
2019-10-22 00:13:13,546 [Thread-1671] INFO  impl.FollowerState (FollowerState.java:run(117)) - 062c71de-08d9-40ee-9309-15590e2e8e68@group-F01152B53F91-FollowerState was interrupted: java.lang.InterruptedException: sleep interrupted
2019-10-22 00:13:13,546 [grpc-default-executor-3] INFO  impl.RoleInfo (RoleInfo.java:updateAndGet(143)) - 062c71de-08d9-40ee-9309-15590e2e8e68: start FollowerState
2019-10-22 00:13:13,546 [Thread-1672] INFO  impl.FollowerState (FollowerState.java:run(117)) - 2a52019e-5647-44e1-bf30-9a43fd8a7377@group-F01152B53F91-FollowerState was interrupted: java.lang.InterruptedException: sleep interrupted
2019-10-22 00:13:13,546 [grpc-default-executor-6] INFO  impl.RoleInfo (RoleInfo.java:updateAndGet(143)) - 2a52019e-5647-44e1-bf30-9a43fd8a7377: start FollowerState
2019-10-22 00:13:13,561 [2fdb3e93-e0d8-400e-8c33-91e2341b50c6@group-F01152B53F91-LeaderElection176] INFO  impl.LeaderElection (LeaderElection.java:logAndReturn(56)) - 2fdb3e93-e0d8-400e-8c33-91e2341b50c6@group-F01152B53F91-LeaderElection176: Election REJECTED; received 2 response(s) [2fdb3e93-e0d8-400e-8c33-91e2341b50c6<-062c71de-08d9-40ee-9309-15590e2e8e68#0:FAIL-t175, 2fdb3e93-e0d8-400e-8c33-91e2341b50c6<-2a52019e-5647-44e1-bf30-9a43fd8a7377#0:FAIL-t175] and 0 exception(s); 2fdb3e93-e0d8-400e-8c33-91e2341b50c6@group-F01152B53F91:t175, leader=null, voted=2fdb3e93-e0d8-400e-8c33-91e2341b50c6, raftlog=2fdb3e93-e0d8-400e-8c33-91e2341b50c6@group-F01152B53F91-SegmentedRaftLog:OPENED:c-1,f-1,i0, conf=-1: [2fdb3e93-e0d8-400e-8c33-91e2341b50c6:192.168.157.254:43254, 062c71de-08d9-40ee-9309-15590e2e8e68:192.168.157.254:45598, 2a52019e-5647-44e1-bf30-9a43fd8a7377:192.168.157.254:36038], old=null
2019-10-22 00:13:13,561 [2fdb3e93-e0d8-400e-8c33-91e2341b50c6@group-F01152B53F91-LeaderElection176] INFO  impl.RaftServerImpl (RaftServerImpl.java:setRole(184)) - 2fdb3e93-e0d8-400e-8c33-91e2341b50c6@group-F01152B53F91: changes role from CANDIDATE to FOLLOWER at term 175 for DISCOVERED_A_NEW_TERM
2019-10-22 00:13:13,561 [2fdb3e93-e0d8-400e-8c33-91e2341b50c6@group-F01152B53F91-LeaderElection176] INFO  impl.RoleInfo (RoleInfo.java:shutdownLeaderElection(134)) - 2fdb3e93-e0d8-400e-8c33-91e2341b50c6: shutdown LeaderElection
2019-10-22 00:13:13,561 [2fdb3e93-e0d8-400e-8c33-91e2341b50c6@group-F01152B53F91-LeaderElection176] INFO  impl.RoleInfo (RoleInfo.java:updateAndGet(143)) - 2fdb3e93-e0d8-400e-8c33-91e2341b50c6: start FollowerState
2019-10-22 00:13:13,683 [main] INFO  ozoneimpl.OzoneContainer (OzoneContainer.java:stop(227)) - Attempting to stop container services.
2019-10-22 00:13:13,684 [main] INFO  impl.RaftServerProxy (RaftServerProxy.java:lambda$close$4(314)) - 25e98bce-f4fb-4d35-beee-20b3c020766b: close
2019-10-22 00:13:13,684 [main] INFO  impl.RaftServerImpl (RaftServerImpl.java:lambda$shutdown$3(261)) - 25e98bce-f4fb-4d35-beee-20b3c020766b@group-6AD5C1E5EF4F: shutdown
2019-10-22 00:13:13,684 [main] INFO  util.JmxRegister (JmxRegister.java:unregister(73)) - Successfully un-registered JMX Bean with object name Ratis:service=RaftServer,group=group-6AD5C1E5EF4F,id=25e98bce-f4fb-4d35-beee-20b3c020766b
2019-10-22 00:13:13,684 [main] INFO  impl.RoleInfo (RoleInfo.java:shutdownLeaderState(104)) - 25e98bce-f4fb-4d35-beee-20b3c020766b: shutdown LeaderState
2019-10-22 00:13:13,684 [main] INFO  impl.PendingRequests (PendingRequests.java:sendNotLeaderResponses(202)) - 25e98bce-f4fb-4d35-beee-20b3c020766b@group-6AD5C1E5EF4F-PendingRequests: sendNotLeaderResponses
2019-10-22 00:13:13,685 [main] INFO  impl.StateMachineUpdater (StateMachineUpdater.java:stopAndJoin(136)) - 25e98bce-f4fb-4d35-beee-20b3c020766b@group-6AD5C1E5EF4F-StateMachineUpdater: set stopIndex = 0
2019-10-22 00:13:13,685 [main] INFO  impl.RaftServerImpl (ServerState.java:close(388)) - 25e98bce-f4fb-4d35-beee-20b3c020766b@group-6AD5C1E5EF4F: closes. applyIndex: 0
2019-10-22 00:13:13,685 [25e98bce-f4fb-4d35-beee-20b3c020766b@group-6AD5C1E5EF4F-SegmentedRaftLogWorker] INFO  segmented.SegmentedRaftLogWorker (SegmentedRaftLogWorker.java:run(316)) - 25e98bce-f4fb-4d35-beee-20b3c020766b@group-6AD5C1E5EF4F-SegmentedRaftLogWorker was interrupted, exiting. There are 0 tasks remaining in the queue.
2019-10-22 00:13:13,688 [main] INFO  segmented.SegmentedRaftLogWorker (SegmentedRaftLogWorker.java:close(224)) - 25e98bce-f4fb-4d35-beee-20b3c020766b@group-6AD5C1E5EF4F-SegmentedRaftLogWorker close()
2019-10-22 00:13:13,691 [main] INFO  server.GrpcService (GrpcService.java:closeImpl(164)) - 25e98bce-f4fb-4d35-beee-20b3c020766b: shutdown server with port 43271 now
2019-10-22 00:13:13,693 [main] INFO  server.GrpcService (GrpcService.java:closeImpl(172)) - 25e98bce-f4fb-4d35-beee-20b3c020766b: shutdown server with port 43271 successfully
2019-10-22 00:13:13,694 [refreshUsed-/workdir/hadoop-ozone/integration-test/target/test-dir/MiniOzoneClusterImpl-8b64dd99-cfc4-48e3-b5ea-61cd2ec80401/datanode-6/data/containers] WARN  fs.CachingGetSpaceUsed (CachingGetSpaceUsed.java:run(183)) - Thread Interrupted waiting to refresh disk information: sleep interrupted
2019-10-22 00:13:13,706 [main] INFO  utils.BackgroundService (BackgroundService.java:shutdown(151)) - Shutting down service BlockDeletingService
2019-10-22 00:13:13,710 [main] INFO  statemachine.DatanodeStateMachine (DatanodeStateMachine.java:stopDaemon(395)) - Ozone container server stopped.
2019-10-22 00:13:13,711 [main] INFO  handler.ContextHandler (ContextHandler.java:doStop(910)) - Stopped o.e.j.w.WebAppContext@142213d5{/,null,UNAVAILABLE}{/hddsDatanode}
2019-10-22 00:13:13,712 [main] INFO  server.AbstractConnector (AbstractConnector.java:doStop(318)) - Stopped ServerConnector@934b52f{HTTP/1.1,[http/1.1]}{0.0.0.0:0}
2019-10-22 00:13:13,712 [main] INFO  handler.ContextHandler (ContextHandler.java:doStop(910)) - Stopped o.e.j.s.ServletContextHandler@17fa1336{/static,jar:file:/home/user/.m2/repository/org/apache/hadoop/hadoop-hdds-container-service/0.5.0-SNAPSHOT/hadoop-hdds-container-service-0.5.0-SNAPSHOT.jar!/webapps/static,UNAVAILABLE}
2019-10-22 00:13:13,712 [main] INFO  handler.ContextHandler (ContextHandler.java:doStop(910)) - Stopped o.e.j.s.ServletContextHandler@1457fde{/logs,file:///workdir/hadoop-ozone/integration-test/target/log,UNAVAILABLE}
2019-10-22 00:13:13,717 [ForkJoinPool.commonPool-worker-0] INFO  ozoneimpl.OzoneContainer (OzoneContainer.java:stop(227)) - Attempting to stop container services.
2019-10-22 00:13:13,717 [Thread-1680] INFO  impl.FollowerState (FollowerState.java:run(108)) - 2fdb3e93-e0d8-400e-8c33-91e2341b50c6@group-F01152B53F91-FollowerState: change to CANDIDATE, lastRpcTime:156ms, electionTimeout:156ms
2019-10-22 00:13:13,717 [ForkJoinPool.commonPool-worker-0] INFO  impl.RaftServerProxy (RaftServerProxy.java:lambda$close$4(314)) - 2a52019e-5647-44e1-bf30-9a43fd8a7377: close
2019-10-22 00:13:13,718 [Thread-1680] INFO  impl.RoleInfo (RoleInfo.java:shutdownFollowerState(121)) - 2fdb3e93-e0d8-400e-8c33-91e2341b50c6: shutdown FollowerState
2019-10-22 00:13:13,718 [ForkJoinPool.commonPool-worker-0] INFO  impl.RaftServerImpl (RaftServerImpl.java:lambda$shutdown$3(261)) - 2a52019e-5647-44e1-bf30-9a43fd8a7377@group-F01152B53F91: shutdown
2019-10-22 00:13:13,718 [Thread-1680] INFO  impl.RaftServerImpl (RaftServerImpl.java:setRole(184)) - 2fdb3e93-e0d8-400e-8c33-91e2341b50c6@group-F01152B53F91: changes role from  FOLLOWER to CANDIDATE at term 175 for changeToCandidate
2019-10-22 00:13:13,718 [ForkJoinPool.commonPool-worker-0] INFO  util.JmxRegister (JmxRegister.java:unregister(73)) - Successfully un-registered JMX Bean with object name Ratis:service=RaftServer,group=group-F01152B53F91,id=2a52019e-5647-44e1-bf30-9a43fd8a7377
2019-10-22 00:13:13,718 [ForkJoinPool.commonPool-worker-0] INFO  impl.RoleInfo (RoleInfo.java:shutdownFollowerState(121)) - 2a52019e-5647-44e1-bf30-9a43fd8a7377: shutdown FollowerState
2019-10-22 00:13:13,718 [Thread-1680] INFO  impl.RoleInfo (RoleInfo.java:updateAndGet(143)) - 2fdb3e93-e0d8-400e-8c33-91e2341b50c6: start LeaderElection
2019-10-22 00:13:13,718 [Thread-1679] INFO  impl.FollowerState (FollowerState.java:run(117)) - 2a52019e-5647-44e1-bf30-9a43fd8a7377@group-F01152B53F91-FollowerState was interrupted: java.lang.InterruptedException: sleep interrupted
2019-10-22 00:13:13,718 [ForkJoinPool.commonPool-worker-0] INFO  impl.StateMachineUpdater (StateMachineUpdater.java:stopAndJoin(136)) - 2a52019e-5647-44e1-bf30-9a43fd8a7377@group-F01152B53F91-StateMachineUpdater: set stopIndex = -1
2019-10-22 00:13:13,719 [ForkJoinPool.commonPool-worker-0] INFO  impl.RaftServerImpl (ServerState.java:close(388)) - 2a52019e-5647-44e1-bf30-9a43fd8a7377@group-F01152B53F91: closes. applyIndex: -1
2019-10-22 00:13:13,719 [2a52019e-5647-44e1-bf30-9a43fd8a7377@group-F01152B53F91-SegmentedRaftLogWorker] INFO  segmented.SegmentedRaftLogWorker (SegmentedRaftLogWorker.java:run(316)) - 2a52019e-5647-44e1-bf30-9a43fd8a7377@group-F01152B53F91-SegmentedRaftLogWorker was interrupted, exiting. There are 0 tasks remaining in the queue.
2019-10-22 00:13:13,720 [ForkJoinPool.commonPool-worker-0] INFO  segmented.SegmentedRaftLogWorker (SegmentedRaftLogWorker.java:close(224)) - 2a52019e-5647-44e1-bf30-9a43fd8a7377@group-F01152B53F91-SegmentedRaftLogWorker close()
2019-10-22 00:13:13,722 [ForkJoinPool.commonPool-worker-0] INFO  impl.RaftServerImpl (RaftServerImpl.java:lambda$shutdown$3(261)) - 2a52019e-5647-44e1-bf30-9a43fd8a7377@group-BB835E2A3C0C: shutdown
2019-10-22 00:13:13,722 [ForkJoinPool.commonPool-worker-0] INFO  util.JmxRegister (JmxRegister.java:unregister(73)) - Successfully un-registered JMX Bean with object name Ratis:service=RaftServer,group=group-BB835E2A3C0C,id=2a52019e-5647-44e1-bf30-9a43fd8a7377
2019-10-22 00:13:13,722 [ForkJoinPool.commonPool-worker-0] INFO  impl.RoleInfo (RoleInfo.java:shutdownLeaderState(104)) - 2a52019e-5647-44e1-bf30-9a43fd8a7377: shutdown LeaderState
2019-10-22 00:13:13,723 [ForkJoinPool.commonPool-worker-0] INFO  impl.PendingRequests (PendingRequests.java:sendNotLeaderResponses(202)) - 2a52019e-5647-44e1-bf30-9a43fd8a7377@group-BB835E2A3C0C-PendingRequests: sendNotLeaderResponses
2019-10-22 00:13:13,723 [ForkJoinPool.commonPool-worker-0] INFO  impl.StateMachineUpdater (StateMachineUpdater.java:stopAndJoin(136)) - 2a52019e-5647-44e1-bf30-9a43fd8a7377@group-BB835E2A3C0C-StateMachineUpdater: set stopIndex = 0
2019-10-22 00:13:13,723 [ForkJoinPool.commonPool-worker-0] INFO  impl.RaftServerImpl (ServerState.java:close(388)) - 2a52019e-5647-44e1-bf30-9a43fd8a7377@group-BB835E2A3C0C: closes. applyIndex: 0
2019-10-22 00:13:13,723 [2a52019e-5647-44e1-bf30-9a43fd8a7377@group-BB835E2A3C0C-SegmentedRaftLogWorker] INFO  segmented.SegmentedRaftLogWorker (SegmentedRaftLogWorker.java:run(316)) - 2a52019e-5647-44e1-bf30-9a43fd8a7377@group-BB835E2A3C0C-SegmentedRaftLogWorker was interrupted, exiting. There are 0 tasks remaining in the queue.
2019-10-22 00:13:13,724 [ForkJoinPool.commonPool-worker-0] INFO  segmented.SegmentedRaftLogWorker (SegmentedRaftLogWorker.java:close(224)) - 2a52019e-5647-44e1-bf30-9a43fd8a7377@group-BB835E2A3C0C-SegmentedRaftLogWorker close()
2019-10-22 00:13:13,726 [ForkJoinPool.commonPool-worker-0] INFO  server.GrpcService (GrpcService.java:closeImpl(164)) - 2a52019e-5647-44e1-bf30-9a43fd8a7377: shutdown server with port 36038 now
2019-10-22 00:13:13,727 [ForkJoinPool.commonPool-worker-0] INFO  server.GrpcService (GrpcService.java:closeImpl(172)) - 2a52019e-5647-44e1-bf30-9a43fd8a7377: shutdown server with port 36038 successfully
2019-10-22 00:13:13,730 [refreshUsed-/workdir/hadoop-ozone/integration-test/target/test-dir/MiniOzoneClusterImpl-8b64dd99-cfc4-48e3-b5ea-61cd2ec80401/datanode-3/data/containers] WARN  fs.CachingGetSpaceUsed (CachingGetSpaceUsed.java:run(183)) - Thread Interrupted waiting to refresh disk information: sleep interrupted
2019-10-22 00:13:13,744 [ForkJoinPool.commonPool-worker-0] INFO  utils.BackgroundService (BackgroundService.java:shutdown(151)) - Shutting down service BlockDeletingService
2019-10-22 00:13:13,747 [ForkJoinPool.commonPool-worker-0] INFO  statemachine.DatanodeStateMachine (DatanodeStateMachine.java:stopDaemon(395)) - Ozone container server stopped.
2019-10-22 00:13:13,750 [ForkJoinPool.commonPool-worker-0] INFO  handler.ContextHandler (ContextHandler.java:doStop(910)) - Stopped o.e.j.w.WebAppContext@337bbfdf{/,null,UNAVAILABLE}{/hddsDatanode}
2019-10-22 00:13:13,751 [ForkJoinPool.commonPool-worker-0] INFO  server.AbstractConnector (AbstractConnector.java:doStop(318)) - Stopped ServerConnector@52d97ab6{HTTP/1.1,[http/1.1]}{0.0.0.0:0}
2019-10-22 00:13:13,752 [ForkJoinPool.commonPool-worker-0] INFO  handler.ContextHandler (ContextHandler.java:doStop(910)) - Stopped o.e.j.s.ServletContextHandler@4b200971{/static,jar:file:/home/user/.m2/repository/org/apache/hadoop/hadoop-hdds-container-service/0.5.0-SNAPSHOT/hadoop-hdds-container-service-0.5.0-SNAPSHOT.jar!/webapps/static,UNAVAILABLE}
2019-10-22 00:13:13,753 [ForkJoinPool.commonPool-worker-0] INFO  handler.ContextHandler (ContextHandler.java:doStop(910)) - Stopped o.e.j.s.ServletContextHandler@a9f023e{/logs,file:///workdir/hadoop-ozone/integration-test/target/log,UNAVAILABLE}
2019-10-22 00:13:13,764 [2fdb3e93-e0d8-400e-8c33-91e2341b50c6@group-F01152B53F91-LeaderElection177] INFO  impl.LeaderElection (LeaderElection.java:askForVotes(178)) - 2fdb3e93-e0d8-400e-8c33-91e2341b50c6@group-F01152B53F91-LeaderElection177: begin an election at term 176 for -1: [2fdb3e93-e0d8-400e-8c33-91e2341b50c6:192.168.157.254:43254, 062c71de-08d9-40ee-9309-15590e2e8e68:192.168.157.254:45598, 2a52019e-5647-44e1-bf30-9a43fd8a7377:192.168.157.254:36038], old=null
2019-10-22 00:13:13,767 [2fdb3e93-e0d8-400e-8c33-91e2341b50c6@group-F01152B53F91-LeaderElection177] INFO  impl.LeaderElection (LogUtils.java:infoOrTrace(149)) - 2fdb3e93-e0d8-400e-8c33-91e2341b50c6@group-F01152B53F91-LeaderElection177 got exception when requesting votes: {}
java.util.concurrent.ExecutionException: org.apache.ratis.thirdparty.io.grpc.StatusRuntimeException: UNAVAILABLE: io exception
	at java.util.concurrent.FutureTask.report(FutureTask.java:122)
	at java.util.concurrent.FutureTask.get(FutureTask.java:192)
	at org.apache.ratis.server.impl.LeaderElection.waitForResults(LeaderElection.java:259)
	at org.apache.ratis.server.impl.LeaderElection.askForVotes(LeaderElection.java:197)
	at org.apache.ratis.server.impl.LeaderElection.run(LeaderElection.java:133)
	at java.lang.Thread.run(Thread.java:748)
Caused by: org.apache.ratis.thirdparty.io.grpc.StatusRuntimeException: UNAVAILABLE: io exception
	at org.apache.ratis.thirdparty.io.grpc.stub.ClientCalls.toStatusRuntimeException(ClientCalls.java:233)
	at org.apache.ratis.thirdparty.io.grpc.stub.ClientCalls.getUnchecked(ClientCalls.java:214)
	at org.apache.ratis.thirdparty.io.grpc.stub.ClientCalls.blockingUnaryCall(ClientCalls.java:139)
	at org.apache.ratis.proto.grpc.RaftServerProtocolServiceGrpc$RaftServerProtocolServiceBlockingStub.requestVote(RaftServerProtocolServiceGrpc.java:265)
	at org.apache.ratis.grpc.server.GrpcServerProtocolClient.requestVote(GrpcServerProtocolClient.java:99)
	at org.apache.ratis.grpc.server.GrpcService.requestVote(GrpcService.java:204)
	at org.apache.ratis.server.impl.LeaderElection.lambda$submitRequests$1(LeaderElection.java:234)
	at java.util.concurrent.FutureTask.run(FutureTask.java:266)
	at java.util.concurrent.Executors$RunnableAdapter.call(Executors.java:511)
	at java.util.concurrent.FutureTask.run(FutureTask.java:266)
	at java.util.concurrent.ThreadPoolExecutor.runWorker(ThreadPoolExecutor.java:1149)
	at java.util.concurrent.ThreadPoolExecutor$Worker.run(ThreadPoolExecutor.java:624)
	... 1 more
Caused by: org.apache.ratis.thirdparty.io.netty.channel.AbstractChannel$AnnotatedConnectException: Connection refused: /192.168.157.254:36038
	at sun.nio.ch.SocketChannelImpl.checkConnect(Native Method)
	at sun.nio.ch.SocketChannelImpl.finishConnect(SocketChannelImpl.java:717)
	at org.apache.ratis.thirdparty.io.netty.channel.socket.nio.NioSocketChannel.doFinishConnect(NioSocketChannel.java:327)
	at org.apache.ratis.thirdparty.io.netty.channel.nio.AbstractNioChannel$AbstractNioUnsafe.finishConnect(AbstractNioChannel.java:340)
	at org.apache.ratis.thirdparty.io.netty.channel.nio.NioEventLoop.processSelectedKey(NioEventLoop.java:632)
	at org.apache.ratis.thirdparty.io.netty.channel.nio.NioEventLoop.processSelectedKeysOptimized(NioEventLoop.java:579)
	at org.apache.ratis.thirdparty.io.netty.channel.nio.NioEventLoop.processSelectedKeys(NioEventLoop.java:496)
	at org.apache.ratis.thirdparty.io.netty.channel.nio.NioEventLoop.run(NioEventLoop.java:458)
	at org.apache.ratis.thirdparty.io.netty.util.concurrent.SingleThreadEventExecutor$5.run(SingleThreadEventExecutor.java:897)
	at org.apache.ratis.thirdparty.io.netty.util.concurrent.FastThreadLocalRunnable.run(FastThreadLocalRunnable.java:30)
	... 1 more
Caused by: java.net.ConnectException: Connection refused
	... 11 more
2019-10-22 00:13:13,767 [grpc-default-executor-3] INFO  impl.RaftServerImpl (RaftServerImpl.java:setRole(184)) - 062c71de-08d9-40ee-9309-15590e2e8e68@group-F01152B53F91: changes role from  FOLLOWER to FOLLOWER at term 176 for recognizeCandidate:2fdb3e93-e0d8-400e-8c33-91e2341b50c6
2019-10-22 00:13:13,768 [grpc-default-executor-3] INFO  impl.RoleInfo (RoleInfo.java:shutdownFollowerState(121)) - 062c71de-08d9-40ee-9309-15590e2e8e68: shutdown FollowerState
2019-10-22 00:13:13,768 [grpc-default-executor-3] INFO  impl.RoleInfo (RoleInfo.java:updateAndGet(143)) - 062c71de-08d9-40ee-9309-15590e2e8e68: start FollowerState
2019-10-22 00:13:13,768 [Thread-1678] INFO  impl.FollowerState (FollowerState.java:run(117)) - 062c71de-08d9-40ee-9309-15590e2e8e68@group-F01152B53F91-FollowerState was interrupted: java.lang.InterruptedException: sleep interrupted
2019-10-22 00:13:13,794 [java.util.concurrent.ThreadPoolExecutor$Worker@c41ae0f[State = -1, empty queue]] WARN  server.GrpcLogAppender (GrpcLogAppender.java:timeoutAppendRequest(209)) - fad63ceb-ed14-4322-905d-6ef3599ac734@group-0045C62F497D->5732e052-e19f-40fe-a104-972211db20fb-GrpcLogAppender: appendEntries Timeout, request=fad63ceb-ed14-4322-905d-6ef3599ac734->5732e052-e19f-40fe-a104-972211db20fb#38-t1, previous=(t:1, i:0), leaderCommit=0, initializing? false, entries: <empty>
2019-10-22 00:13:13,798 [2fdb3e93-e0d8-400e-8c33-91e2341b50c6@group-F01152B53F91-LeaderElection177] INFO  impl.LeaderElection (LeaderElection.java:logAndReturn(56)) - 2fdb3e93-e0d8-400e-8c33-91e2341b50c6@group-F01152B53F91-LeaderElection177: Election REJECTED; received 1 response(s) [2fdb3e93-e0d8-400e-8c33-91e2341b50c6<-062c71de-08d9-40ee-9309-15590e2e8e68#0:FAIL-t176] and 1 exception(s); 2fdb3e93-e0d8-400e-8c33-91e2341b50c6@group-F01152B53F91:t176, leader=null, voted=2fdb3e93-e0d8-400e-8c33-91e2341b50c6, raftlog=2fdb3e93-e0d8-400e-8c33-91e2341b50c6@group-F01152B53F91-SegmentedRaftLog:OPENED:c-1,f-1,i0, conf=-1: [2fdb3e93-e0d8-400e-8c33-91e2341b50c6:192.168.157.254:43254, 062c71de-08d9-40ee-9309-15590e2e8e68:192.168.157.254:45598, 2a52019e-5647-44e1-bf30-9a43fd8a7377:192.168.157.254:36038], old=null
2019-10-22 00:13:13,798 [2fdb3e93-e0d8-400e-8c33-91e2341b50c6@group-F01152B53F91-LeaderElection177] INFO  impl.LeaderElection (LogUtils.java:infoOrTrace(149)) -   Exception 0: {}
java.util.concurrent.ExecutionException: org.apache.ratis.thirdparty.io.grpc.StatusRuntimeException: UNAVAILABLE: io exception
	at java.util.concurrent.FutureTask.report(FutureTask.java:122)
	at java.util.concurrent.FutureTask.get(FutureTask.java:192)
	at org.apache.ratis.server.impl.LeaderElection.waitForResults(LeaderElection.java:259)
	at org.apache.ratis.server.impl.LeaderElection.askForVotes(LeaderElection.java:197)
	at org.apache.ratis.server.impl.LeaderElection.run(LeaderElection.java:133)
	at java.lang.Thread.run(Thread.java:748)
Caused by: org.apache.ratis.thirdparty.io.grpc.StatusRuntimeException: UNAVAILABLE: io exception
	at org.apache.ratis.thirdparty.io.grpc.stub.ClientCalls.toStatusRuntimeException(ClientCalls.java:233)
	at org.apache.ratis.thirdparty.io.grpc.stub.ClientCalls.getUnchecked(ClientCalls.java:214)
	at org.apache.ratis.thirdparty.io.grpc.stub.ClientCalls.blockingUnaryCall(ClientCalls.java:139)
	at org.apache.ratis.proto.grpc.RaftServerProtocolServiceGrpc$RaftServerProtocolServiceBlockingStub.requestVote(RaftServerProtocolServiceGrpc.java:265)
	at org.apache.ratis.grpc.server.GrpcServerProtocolClient.requestVote(GrpcServerProtocolClient.java:99)
	at org.apache.ratis.grpc.server.GrpcService.requestVote(GrpcService.java:204)
	at org.apache.ratis.server.impl.LeaderElection.lambda$submitRequests$1(LeaderElection.java:234)
	at java.util.concurrent.FutureTask.run(FutureTask.java:266)
	at java.util.concurrent.Executors$RunnableAdapter.call(Executors.java:511)
	at java.util.concurrent.FutureTask.run(FutureTask.java:266)
	at java.util.concurrent.ThreadPoolExecutor.runWorker(ThreadPoolExecutor.java:1149)
	at java.util.concurrent.ThreadPoolExecutor$Worker.run(ThreadPoolExecutor.java:624)
	... 1 more
Caused by: org.apache.ratis.thirdparty.io.netty.channel.AbstractChannel$AnnotatedConnectException: Connection refused: /192.168.157.254:36038
	at sun.nio.ch.SocketChannelImpl.checkConnect(Native Method)
	at sun.nio.ch.SocketChannelImpl.finishConnect(SocketChannelImpl.java:717)
	at org.apache.ratis.thirdparty.io.netty.channel.socket.nio.NioSocketChannel.doFinishConnect(NioSocketChannel.java:327)
	at org.apache.ratis.thirdparty.io.netty.channel.nio.AbstractNioChannel$AbstractNioUnsafe.finishConnect(AbstractNioChannel.java:340)
	at org.apache.ratis.thirdparty.io.netty.channel.nio.NioEventLoop.processSelectedKey(NioEventLoop.java:632)
	at org.apache.ratis.thirdparty.io.netty.channel.nio.NioEventLoop.processSelectedKeysOptimized(NioEventLoop.java:579)
	at org.apache.ratis.thirdparty.io.netty.channel.nio.NioEventLoop.processSelectedKeys(NioEventLoop.java:496)
	at org.apache.ratis.thirdparty.io.netty.channel.nio.NioEventLoop.run(NioEventLoop.java:458)
	at org.apache.ratis.thirdparty.io.netty.util.concurrent.SingleThreadEventExecutor$5.run(SingleThreadEventExecutor.java:897)
	at org.apache.ratis.thirdparty.io.netty.util.concurrent.FastThreadLocalRunnable.run(FastThreadLocalRunnable.java:30)
	... 1 more
Caused by: java.net.ConnectException: Connection refused
	... 11 more
2019-10-22 00:13:13,799 [2fdb3e93-e0d8-400e-8c33-91e2341b50c6@group-F01152B53F91-LeaderElection177] INFO  impl.RaftServerImpl (RaftServerImpl.java:setRole(184)) - 2fdb3e93-e0d8-400e-8c33-91e2341b50c6@group-F01152B53F91: changes role from CANDIDATE to FOLLOWER at term 176 for DISCOVERED_A_NEW_TERM
2019-10-22 00:13:13,799 [2fdb3e93-e0d8-400e-8c33-91e2341b50c6@group-F01152B53F91-LeaderElection177] INFO  impl.RoleInfo (RoleInfo.java:shutdownLeaderElection(134)) - 2fdb3e93-e0d8-400e-8c33-91e2341b50c6: shutdown LeaderElection
2019-10-22 00:13:13,799 [2fdb3e93-e0d8-400e-8c33-91e2341b50c6@group-F01152B53F91-LeaderElection177] INFO  impl.RoleInfo (RoleInfo.java:updateAndGet(143)) - 2fdb3e93-e0d8-400e-8c33-91e2341b50c6: start FollowerState
2019-10-22 00:13:13,849 [Datanode State Machine Thread - 0] INFO  statemachine.DatanodeStateMachine (DatanodeStateMachine.java:lambda$startDaemon$0(350)) - Ozone container server started.
2019-10-22 00:13:13,952 [Thread-1685] INFO  impl.FollowerState (FollowerState.java:run(108)) - 2fdb3e93-e0d8-400e-8c33-91e2341b50c6@group-F01152B53F91-FollowerState: change to CANDIDATE, lastRpcTime:153ms, electionTimeout:153ms
2019-10-22 00:13:13,952 [Thread-1685] INFO  impl.RoleInfo (RoleInfo.java:shutdownFollowerState(121)) - 2fdb3e93-e0d8-400e-8c33-91e2341b50c6: shutdown FollowerState
2019-10-22 00:13:13,952 [Thread-1685] INFO  impl.RaftServerImpl (RaftServerImpl.java:setRole(184)) - 2fdb3e93-e0d8-400e-8c33-91e2341b50c6@group-F01152B53F91: changes role from  FOLLOWER to CANDIDATE at term 176 for changeToCandidate
2019-10-22 00:13:13,953 [Thread-1685] INFO  impl.RoleInfo (RoleInfo.java:updateAndGet(143)) - 2fdb3e93-e0d8-400e-8c33-91e2341b50c6: start LeaderElection
2019-10-22 00:13:14,022 [2fdb3e93-e0d8-400e-8c33-91e2341b50c6@group-F01152B53F91-LeaderElection178] INFO  impl.LeaderElection (LeaderElection.java:askForVotes(178)) - 2fdb3e93-e0d8-400e-8c33-91e2341b50c6@group-F01152B53F91-LeaderElection178: begin an election at term 177 for -1: [2fdb3e93-e0d8-400e-8c33-91e2341b50c6:192.168.157.254:43254, 062c71de-08d9-40ee-9309-15590e2e8e68:192.168.157.254:45598, 2a52019e-5647-44e1-bf30-9a43fd8a7377:192.168.157.254:36038], old=null
2019-10-22 00:13:14,023 [2fdb3e93-e0d8-400e-8c33-91e2341b50c6@group-F01152B53F91-LeaderElection178] INFO  impl.LeaderElection (LogUtils.java:infoOrTrace(149)) - 2fdb3e93-e0d8-400e-8c33-91e2341b50c6@group-F01152B53F91-LeaderElection178 got exception when requesting votes: {}
java.util.concurrent.ExecutionException: org.apache.ratis.thirdparty.io.grpc.StatusRuntimeException: UNAVAILABLE: io exception
	at java.util.concurrent.FutureTask.report(FutureTask.java:122)
	at java.util.concurrent.FutureTask.get(FutureTask.java:192)
	at org.apache.ratis.server.impl.LeaderElection.waitForResults(LeaderElection.java:259)
	at org.apache.ratis.server.impl.LeaderElection.askForVotes(LeaderElection.java:197)
	at org.apache.ratis.server.impl.LeaderElection.run(LeaderElection.java:133)
	at java.lang.Thread.run(Thread.java:748)
Caused by: org.apache.ratis.thirdparty.io.grpc.StatusRuntimeException: UNAVAILABLE: io exception
	at org.apache.ratis.thirdparty.io.grpc.stub.ClientCalls.toStatusRuntimeException(ClientCalls.java:233)
	at org.apache.ratis.thirdparty.io.grpc.stub.ClientCalls.getUnchecked(ClientCalls.java:214)
	at org.apache.ratis.thirdparty.io.grpc.stub.ClientCalls.blockingUnaryCall(ClientCalls.java:139)
	at org.apache.ratis.proto.grpc.RaftServerProtocolServiceGrpc$RaftServerProtocolServiceBlockingStub.requestVote(RaftServerProtocolServiceGrpc.java:265)
	at org.apache.ratis.grpc.server.GrpcServerProtocolClient.requestVote(GrpcServerProtocolClient.java:99)
	at org.apache.ratis.grpc.server.GrpcService.requestVote(GrpcService.java:204)
	at org.apache.ratis.server.impl.LeaderElection.lambda$submitRequests$1(LeaderElection.java:234)
	at java.util.concurrent.FutureTask.run(FutureTask.java:266)
	at java.util.concurrent.Executors$RunnableAdapter.call(Executors.java:511)
	at java.util.concurrent.FutureTask.run(FutureTask.java:266)
	at java.util.concurrent.ThreadPoolExecutor.runWorker(ThreadPoolExecutor.java:1149)
	at java.util.concurrent.ThreadPoolExecutor$Worker.run(ThreadPoolExecutor.java:624)
	... 1 more
Caused by: org.apache.ratis.thirdparty.io.netty.channel.AbstractChannel$AnnotatedConnectException: Connection refused: /192.168.157.254:36038
	at sun.nio.ch.SocketChannelImpl.checkConnect(Native Method)
	at sun.nio.ch.SocketChannelImpl.finishConnect(SocketChannelImpl.java:717)
	at org.apache.ratis.thirdparty.io.netty.channel.socket.nio.NioSocketChannel.doFinishConnect(NioSocketChannel.java:327)
	at org.apache.ratis.thirdparty.io.netty.channel.nio.AbstractNioChannel$AbstractNioUnsafe.finishConnect(AbstractNioChannel.java:340)
	at org.apache.ratis.thirdparty.io.netty.channel.nio.NioEventLoop.processSelectedKey(NioEventLoop.java:632)
	at org.apache.ratis.thirdparty.io.netty.channel.nio.NioEventLoop.processSelectedKeysOptimized(NioEventLoop.java:579)
	at org.apache.ratis.thirdparty.io.netty.channel.nio.NioEventLoop.processSelectedKeys(NioEventLoop.java:496)
	at org.apache.ratis.thirdparty.io.netty.channel.nio.NioEventLoop.run(NioEventLoop.java:458)
	at org.apache.ratis.thirdparty.io.netty.util.concurrent.SingleThreadEventExecutor$5.run(SingleThreadEventExecutor.java:897)
	at org.apache.ratis.thirdparty.io.netty.util.concurrent.FastThreadLocalRunnable.run(FastThreadLocalRunnable.java:30)
	... 1 more
Caused by: java.net.ConnectException: Connection refused
	... 11 more
2019-10-22 00:13:14,025 [grpc-default-executor-3] INFO  impl.RaftServerImpl (RaftServerImpl.java:setRole(184)) - 062c71de-08d9-40ee-9309-15590e2e8e68@group-F01152B53F91: changes role from  FOLLOWER to FOLLOWER at term 177 for recognizeCandidate:2fdb3e93-e0d8-400e-8c33-91e2341b50c6
2019-10-22 00:13:14,025 [grpc-default-executor-3] INFO  impl.RoleInfo (RoleInfo.java:shutdownFollowerState(121)) - 062c71de-08d9-40ee-9309-15590e2e8e68: shutdown FollowerState
2019-10-22 00:13:14,025 [grpc-default-executor-3] INFO  impl.RoleInfo (RoleInfo.java:updateAndGet(143)) - 062c71de-08d9-40ee-9309-15590e2e8e68: start FollowerState
2019-10-22 00:13:14,025 [Thread-1684] INFO  impl.FollowerState (FollowerState.java:run(117)) - 062c71de-08d9-40ee-9309-15590e2e8e68@group-F01152B53F91-FollowerState was interrupted: java.lang.InterruptedException: sleep interrupted
2019-10-22 00:13:14,078 [2fdb3e93-e0d8-400e-8c33-91e2341b50c6@group-F01152B53F91-LeaderElection178] INFO  impl.LeaderElection (LeaderElection.java:logAndReturn(56)) - 2fdb3e93-e0d8-400e-8c33-91e2341b50c6@group-F01152B53F91-LeaderElection178: Election REJECTED; received 1 response(s) [2fdb3e93-e0d8-400e-8c33-91e2341b50c6<-062c71de-08d9-40ee-9309-15590e2e8e68#0:FAIL-t177] and 1 exception(s); 2fdb3e93-e0d8-400e-8c33-91e2341b50c6@group-F01152B53F91:t177, leader=null, voted=2fdb3e93-e0d8-400e-8c33-91e2341b50c6, raftlog=2fdb3e93-e0d8-400e-8c33-91e2341b50c6@group-F01152B53F91-SegmentedRaftLog:OPENED:c-1,f-1,i0, conf=-1: [2fdb3e93-e0d8-400e-8c33-91e2341b50c6:192.168.157.254:43254, 062c71de-08d9-40ee-9309-15590e2e8e68:192.168.157.254:45598, 2a52019e-5647-44e1-bf30-9a43fd8a7377:192.168.157.254:36038], old=null
2019-10-22 00:13:14,078 [2fdb3e93-e0d8-400e-8c33-91e2341b50c6@group-F01152B53F91-LeaderElection178] INFO  impl.LeaderElection (LogUtils.java:infoOrTrace(149)) -   Exception 0: {}
java.util.concurrent.ExecutionException: org.apache.ratis.thirdparty.io.grpc.StatusRuntimeException: UNAVAILABLE: io exception
	at java.util.concurrent.FutureTask.report(FutureTask.java:122)
	at java.util.concurrent.FutureTask.get(FutureTask.java:192)
	at org.apache.ratis.server.impl.LeaderElection.waitForResults(LeaderElection.java:259)
	at org.apache.ratis.server.impl.LeaderElection.askForVotes(LeaderElection.java:197)
	at org.apache.ratis.server.impl.LeaderElection.run(LeaderElection.java:133)
	at java.lang.Thread.run(Thread.java:748)
Caused by: org.apache.ratis.thirdparty.io.grpc.StatusRuntimeException: UNAVAILABLE: io exception
	at org.apache.ratis.thirdparty.io.grpc.stub.ClientCalls.toStatusRuntimeException(ClientCalls.java:233)
	at org.apache.ratis.thirdparty.io.grpc.stub.ClientCalls.getUnchecked(ClientCalls.java:214)
	at org.apache.ratis.thirdparty.io.grpc.stub.ClientCalls.blockingUnaryCall(ClientCalls.java:139)
	at org.apache.ratis.proto.grpc.RaftServerProtocolServiceGrpc$RaftServerProtocolServiceBlockingStub.requestVote(RaftServerProtocolServiceGrpc.java:265)
	at org.apache.ratis.grpc.server.GrpcServerProtocolClient.requestVote(GrpcServerProtocolClient.java:99)
	at org.apache.ratis.grpc.server.GrpcService.requestVote(GrpcService.java:204)
	at org.apache.ratis.server.impl.LeaderElection.lambda$submitRequests$1(LeaderElection.java:234)
	at java.util.concurrent.FutureTask.run(FutureTask.java:266)
	at java.util.concurrent.Executors$RunnableAdapter.call(Executors.java:511)
	at java.util.concurrent.FutureTask.run(FutureTask.java:266)
	at java.util.concurrent.ThreadPoolExecutor.runWorker(ThreadPoolExecutor.java:1149)
	at java.util.concurrent.ThreadPoolExecutor$Worker.run(ThreadPoolExecutor.java:624)
	... 1 more
Caused by: org.apache.ratis.thirdparty.io.netty.channel.AbstractChannel$AnnotatedConnectException: Connection refused: /192.168.157.254:36038
	at sun.nio.ch.SocketChannelImpl.checkConnect(Native Method)
	at sun.nio.ch.SocketChannelImpl.finishConnect(SocketChannelImpl.java:717)
	at org.apache.ratis.thirdparty.io.netty.channel.socket.nio.NioSocketChannel.doFinishConnect(NioSocketChannel.java:327)
	at org.apache.ratis.thirdparty.io.netty.channel.nio.AbstractNioChannel$AbstractNioUnsafe.finishConnect(AbstractNioChannel.java:340)
	at org.apache.ratis.thirdparty.io.netty.channel.nio.NioEventLoop.processSelectedKey(NioEventLoop.java:632)
	at org.apache.ratis.thirdparty.io.netty.channel.nio.NioEventLoop.processSelectedKeysOptimized(NioEventLoop.java:579)
	at org.apache.ratis.thirdparty.io.netty.channel.nio.NioEventLoop.processSelectedKeys(NioEventLoop.java:496)
	at org.apache.ratis.thirdparty.io.netty.channel.nio.NioEventLoop.run(NioEventLoop.java:458)
	at org.apache.ratis.thirdparty.io.netty.util.concurrent.SingleThreadEventExecutor$5.run(SingleThreadEventExecutor.java:897)
	at org.apache.ratis.thirdparty.io.netty.util.concurrent.FastThreadLocalRunnable.run(FastThreadLocalRunnable.java:30)
	... 1 more
Caused by: java.net.ConnectException: Connection refused
	... 11 more
2019-10-22 00:13:14,079 [2fdb3e93-e0d8-400e-8c33-91e2341b50c6@group-F01152B53F91-LeaderElection178] INFO  impl.RaftServerImpl (RaftServerImpl.java:setRole(184)) - 2fdb3e93-e0d8-400e-8c33-91e2341b50c6@group-F01152B53F91: changes role from CANDIDATE to FOLLOWER at term 177 for DISCOVERED_A_NEW_TERM
2019-10-22 00:13:14,079 [2fdb3e93-e0d8-400e-8c33-91e2341b50c6@group-F01152B53F91-LeaderElection178] INFO  impl.RoleInfo (RoleInfo.java:shutdownLeaderElection(134)) - 2fdb3e93-e0d8-400e-8c33-91e2341b50c6: shutdown LeaderElection
2019-10-22 00:13:14,079 [2fdb3e93-e0d8-400e-8c33-91e2341b50c6@group-F01152B53F91-LeaderElection178] INFO  impl.RoleInfo (RoleInfo.java:updateAndGet(143)) - 2fdb3e93-e0d8-400e-8c33-91e2341b50c6: start FollowerState
2019-10-22 00:13:14,152 [Thread-1692] INFO  impl.FollowerState (FollowerState.java:run(108)) - 2fdb3e93-e0d8-400e-8c33-91e2341b50c6@group-F01152B53F91-FollowerState: change to CANDIDATE, lastRpcTime:73ms, electionTimeout:73ms
2019-10-22 00:13:14,152 [Thread-1692] INFO  impl.RoleInfo (RoleInfo.java:shutdownFollowerState(121)) - 2fdb3e93-e0d8-400e-8c33-91e2341b50c6: shutdown FollowerState
2019-10-22 00:13:14,152 [Thread-1692] INFO  impl.RaftServerImpl (RaftServerImpl.java:setRole(184)) - 2fdb3e93-e0d8-400e-8c33-91e2341b50c6@group-F01152B53F91: changes role from  FOLLOWER to CANDIDATE at term 177 for changeToCandidate
2019-10-22 00:13:14,153 [Thread-1692] INFO  impl.RoleInfo (RoleInfo.java:updateAndGet(143)) - 2fdb3e93-e0d8-400e-8c33-91e2341b50c6: start LeaderElection
2019-10-22 00:13:14,169 [Datanode State Machine Thread - 0] INFO  statemachine.DatanodeStateMachine (DatanodeStateMachine.java:lambda$startDaemon$0(350)) - Ozone container server started.
2019-10-22 00:13:14,227 [2fdb3e93-e0d8-400e-8c33-91e2341b50c6@group-F01152B53F91-LeaderElection179] INFO  impl.LeaderElection (LeaderElection.java:askForVotes(178)) - 2fdb3e93-e0d8-400e-8c33-91e2341b50c6@group-F01152B53F91-LeaderElection179: begin an election at term 178 for -1: [2fdb3e93-e0d8-400e-8c33-91e2341b50c6:192.168.157.254:43254, 062c71de-08d9-40ee-9309-15590e2e8e68:192.168.157.254:45598, 2a52019e-5647-44e1-bf30-9a43fd8a7377:192.168.157.254:36038], old=null
2019-10-22 00:13:14,228 [2fdb3e93-e0d8-400e-8c33-91e2341b50c6@group-F01152B53F91-LeaderElection179] INFO  impl.LeaderElection (LogUtils.java:infoOrTrace(149)) - 2fdb3e93-e0d8-400e-8c33-91e2341b50c6@group-F01152B53F91-LeaderElection179 got exception when requesting votes: {}
java.util.concurrent.ExecutionException: org.apache.ratis.thirdparty.io.grpc.StatusRuntimeException: UNAVAILABLE: io exception
	at java.util.concurrent.FutureTask.report(FutureTask.java:122)
	at java.util.concurrent.FutureTask.get(FutureTask.java:192)
	at org.apache.ratis.server.impl.LeaderElection.waitForResults(LeaderElection.java:259)
	at org.apache.ratis.server.impl.LeaderElection.askForVotes(LeaderElection.java:197)
	at org.apache.ratis.server.impl.LeaderElection.run(LeaderElection.java:133)
	at java.lang.Thread.run(Thread.java:748)
Caused by: org.apache.ratis.thirdparty.io.grpc.StatusRuntimeException: UNAVAILABLE: io exception
	at org.apache.ratis.thirdparty.io.grpc.stub.ClientCalls.toStatusRuntimeException(ClientCalls.java:233)
	at org.apache.ratis.thirdparty.io.grpc.stub.ClientCalls.getUnchecked(ClientCalls.java:214)
	at org.apache.ratis.thirdparty.io.grpc.stub.ClientCalls.blockingUnaryCall(ClientCalls.java:139)
	at org.apache.ratis.proto.grpc.RaftServerProtocolServiceGrpc$RaftServerProtocolServiceBlockingStub.requestVote(RaftServerProtocolServiceGrpc.java:265)
	at org.apache.ratis.grpc.server.GrpcServerProtocolClient.requestVote(GrpcServerProtocolClient.java:99)
	at org.apache.ratis.grpc.server.GrpcService.requestVote(GrpcService.java:204)
	at org.apache.ratis.server.impl.LeaderElection.lambda$submitRequests$1(LeaderElection.java:234)
	at java.util.concurrent.FutureTask.run(FutureTask.java:266)
	at java.util.concurrent.Executors$RunnableAdapter.call(Executors.java:511)
	at java.util.concurrent.FutureTask.run(FutureTask.java:266)
	at java.util.concurrent.ThreadPoolExecutor.runWorker(ThreadPoolExecutor.java:1149)
	at java.util.concurrent.ThreadPoolExecutor$Worker.run(ThreadPoolExecutor.java:624)
	... 1 more
Caused by: org.apache.ratis.thirdparty.io.netty.channel.AbstractChannel$AnnotatedConnectException: Connection refused: /192.168.157.254:36038
	at sun.nio.ch.SocketChannelImpl.checkConnect(Native Method)
	at sun.nio.ch.SocketChannelImpl.finishConnect(SocketChannelImpl.java:717)
	at org.apache.ratis.thirdparty.io.netty.channel.socket.nio.NioSocketChannel.doFinishConnect(NioSocketChannel.java:327)
	at org.apache.ratis.thirdparty.io.netty.channel.nio.AbstractNioChannel$AbstractNioUnsafe.finishConnect(AbstractNioChannel.java:340)
	at org.apache.ratis.thirdparty.io.netty.channel.nio.NioEventLoop.processSelectedKey(NioEventLoop.java:632)
	at org.apache.ratis.thirdparty.io.netty.channel.nio.NioEventLoop.processSelectedKeysOptimized(NioEventLoop.java:579)
	at org.apache.ratis.thirdparty.io.netty.channel.nio.NioEventLoop.processSelectedKeys(NioEventLoop.java:496)
	at org.apache.ratis.thirdparty.io.netty.channel.nio.NioEventLoop.run(NioEventLoop.java:458)
	at org.apache.ratis.thirdparty.io.netty.util.concurrent.SingleThreadEventExecutor$5.run(SingleThreadEventExecutor.java:897)
	at org.apache.ratis.thirdparty.io.netty.util.concurrent.FastThreadLocalRunnable.run(FastThreadLocalRunnable.java:30)
	... 1 more
Caused by: java.net.ConnectException: Connection refused
	... 11 more
2019-10-22 00:13:14,230 [grpc-default-executor-3] INFO  impl.RaftServerImpl (RaftServerImpl.java:setRole(184)) - 062c71de-08d9-40ee-9309-15590e2e8e68@group-F01152B53F91: changes role from  FOLLOWER to FOLLOWER at term 178 for recognizeCandidate:2fdb3e93-e0d8-400e-8c33-91e2341b50c6
2019-10-22 00:13:14,230 [grpc-default-executor-3] INFO  impl.RoleInfo (RoleInfo.java:shutdownFollowerState(121)) - 062c71de-08d9-40ee-9309-15590e2e8e68: shutdown FollowerState
2019-10-22 00:13:14,230 [grpc-default-executor-3] INFO  impl.RoleInfo (RoleInfo.java:updateAndGet(143)) - 062c71de-08d9-40ee-9309-15590e2e8e68: start FollowerState
2019-10-22 00:13:14,230 [Thread-1691] INFO  impl.FollowerState (FollowerState.java:run(117)) - 062c71de-08d9-40ee-9309-15590e2e8e68@group-F01152B53F91-FollowerState was interrupted: java.lang.InterruptedException: sleep interrupted
2019-10-22 00:13:14,295 [java.util.concurrent.ThreadPoolExecutor$Worker@c41ae0f[State = -1, empty queue]] WARN  server.GrpcLogAppender (GrpcLogAppender.java:timeoutAppendRequest(209)) - fad63ceb-ed14-4322-905d-6ef3599ac734@group-0045C62F497D->5732e052-e19f-40fe-a104-972211db20fb-GrpcLogAppender: appendEntries Timeout, request=fad63ceb-ed14-4322-905d-6ef3599ac734->5732e052-e19f-40fe-a104-972211db20fb#39-t1, previous=(t:1, i:0), leaderCommit=0, initializing? false, entries: <empty>
2019-10-22 00:13:14,308 [2fdb3e93-e0d8-400e-8c33-91e2341b50c6@group-F01152B53F91-LeaderElection179] INFO  impl.LeaderElection (LeaderElection.java:logAndReturn(56)) - 2fdb3e93-e0d8-400e-8c33-91e2341b50c6@group-F01152B53F91-LeaderElection179: Election REJECTED; received 1 response(s) [2fdb3e93-e0d8-400e-8c33-91e2341b50c6<-062c71de-08d9-40ee-9309-15590e2e8e68#0:FAIL-t178] and 1 exception(s); 2fdb3e93-e0d8-400e-8c33-91e2341b50c6@group-F01152B53F91:t178, leader=null, voted=2fdb3e93-e0d8-400e-8c33-91e2341b50c6, raftlog=2fdb3e93-e0d8-400e-8c33-91e2341b50c6@group-F01152B53F91-SegmentedRaftLog:OPENED:c-1,f-1,i0, conf=-1: [2fdb3e93-e0d8-400e-8c33-91e2341b50c6:192.168.157.254:43254, 062c71de-08d9-40ee-9309-15590e2e8e68:192.168.157.254:45598, 2a52019e-5647-44e1-bf30-9a43fd8a7377:192.168.157.254:36038], old=null
2019-10-22 00:13:14,308 [2fdb3e93-e0d8-400e-8c33-91e2341b50c6@group-F01152B53F91-LeaderElection179] INFO  impl.LeaderElection (LogUtils.java:infoOrTrace(149)) -   Exception 0: {}
java.util.concurrent.ExecutionException: org.apache.ratis.thirdparty.io.grpc.StatusRuntimeException: UNAVAILABLE: io exception
	at java.util.concurrent.FutureTask.report(FutureTask.java:122)
	at java.util.concurrent.FutureTask.get(FutureTask.java:192)
	at org.apache.ratis.server.impl.LeaderElection.waitForResults(LeaderElection.java:259)
	at org.apache.ratis.server.impl.LeaderElection.askForVotes(LeaderElection.java:197)
	at org.apache.ratis.server.impl.LeaderElection.run(LeaderElection.java:133)
	at java.lang.Thread.run(Thread.java:748)
Caused by: org.apache.ratis.thirdparty.io.grpc.StatusRuntimeException: UNAVAILABLE: io exception
	at org.apache.ratis.thirdparty.io.grpc.stub.ClientCalls.toStatusRuntimeException(ClientCalls.java:233)
	at org.apache.ratis.thirdparty.io.grpc.stub.ClientCalls.getUnchecked(ClientCalls.java:214)
	at org.apache.ratis.thirdparty.io.grpc.stub.ClientCalls.blockingUnaryCall(ClientCalls.java:139)
	at org.apache.ratis.proto.grpc.RaftServerProtocolServiceGrpc$RaftServerProtocolServiceBlockingStub.requestVote(RaftServerProtocolServiceGrpc.java:265)
	at org.apache.ratis.grpc.server.GrpcServerProtocolClient.requestVote(GrpcServerProtocolClient.java:99)
	at org.apache.ratis.grpc.server.GrpcService.requestVote(GrpcService.java:204)
	at org.apache.ratis.server.impl.LeaderElection.lambda$submitRequests$1(LeaderElection.java:234)
	at java.util.concurrent.FutureTask.run(FutureTask.java:266)
	at java.util.concurrent.Executors$RunnableAdapter.call(Executors.java:511)
	at java.util.concurrent.FutureTask.run(FutureTask.java:266)
	at java.util.concurrent.ThreadPoolExecutor.runWorker(ThreadPoolExecutor.java:1149)
	at java.util.concurrent.ThreadPoolExecutor$Worker.run(ThreadPoolExecutor.java:624)
	... 1 more
Caused by: org.apache.ratis.thirdparty.io.netty.channel.AbstractChannel$AnnotatedConnectException: Connection refused: /192.168.157.254:36038
	at sun.nio.ch.SocketChannelImpl.checkConnect(Native Method)
	at sun.nio.ch.SocketChannelImpl.finishConnect(SocketChannelImpl.java:717)
	at org.apache.ratis.thirdparty.io.netty.channel.socket.nio.NioSocketChannel.doFinishConnect(NioSocketChannel.java:327)
	at org.apache.ratis.thirdparty.io.netty.channel.nio.AbstractNioChannel$AbstractNioUnsafe.finishConnect(AbstractNioChannel.java:340)
	at org.apache.ratis.thirdparty.io.netty.channel.nio.NioEventLoop.processSelectedKey(NioEventLoop.java:632)
	at org.apache.ratis.thirdparty.io.netty.channel.nio.NioEventLoop.processSelectedKeysOptimized(NioEventLoop.java:579)
	at org.apache.ratis.thirdparty.io.netty.channel.nio.NioEventLoop.processSelectedKeys(NioEventLoop.java:496)
	at org.apache.ratis.thirdparty.io.netty.channel.nio.NioEventLoop.run(NioEventLoop.java:458)
	at org.apache.ratis.thirdparty.io.netty.util.concurrent.SingleThreadEventExecutor$5.run(SingleThreadEventExecutor.java:897)
	at org.apache.ratis.thirdparty.io.netty.util.concurrent.FastThreadLocalRunnable.run(FastThreadLocalRunnable.java:30)
	... 1 more
Caused by: java.net.ConnectException: Connection refused
	... 11 more
2019-10-22 00:13:14,308 [2fdb3e93-e0d8-400e-8c33-91e2341b50c6@group-F01152B53F91-LeaderElection179] INFO  impl.RaftServerImpl (RaftServerImpl.java:setRole(184)) - 2fdb3e93-e0d8-400e-8c33-91e2341b50c6@group-F01152B53F91: changes role from CANDIDATE to FOLLOWER at term 178 for DISCOVERED_A_NEW_TERM
2019-10-22 00:13:14,308 [2fdb3e93-e0d8-400e-8c33-91e2341b50c6@group-F01152B53F91-LeaderElection179] INFO  impl.RoleInfo (RoleInfo.java:shutdownLeaderElection(134)) - 2fdb3e93-e0d8-400e-8c33-91e2341b50c6: shutdown LeaderElection
2019-10-22 00:13:14,308 [2fdb3e93-e0d8-400e-8c33-91e2341b50c6@group-F01152B53F91-LeaderElection179] INFO  impl.RoleInfo (RoleInfo.java:updateAndGet(143)) - 2fdb3e93-e0d8-400e-8c33-91e2341b50c6: start FollowerState
2019-10-22 00:13:14,332 [Thread-1697] INFO  impl.FollowerState (FollowerState.java:run(108)) - 2fdb3e93-e0d8-400e-8c33-91e2341b50c6@group-F01152B53F91-FollowerState: change to CANDIDATE, lastRpcTime:23ms, electionTimeout:23ms
2019-10-22 00:13:14,332 [Thread-1697] INFO  impl.RoleInfo (RoleInfo.java:shutdownFollowerState(121)) - 2fdb3e93-e0d8-400e-8c33-91e2341b50c6: shutdown FollowerState
2019-10-22 00:13:14,332 [Thread-1697] INFO  impl.RaftServerImpl (RaftServerImpl.java:setRole(184)) - 2fdb3e93-e0d8-400e-8c33-91e2341b50c6@group-F01152B53F91: changes role from  FOLLOWER to CANDIDATE at term 178 for changeToCandidate
2019-10-22 00:13:14,332 [Thread-1697] INFO  impl.RoleInfo (RoleInfo.java:updateAndGet(143)) - 2fdb3e93-e0d8-400e-8c33-91e2341b50c6: start LeaderElection
2019-10-22 00:13:14,347 [2fdb3e93-e0d8-400e-8c33-91e2341b50c6@group-F01152B53F91-LeaderElection180] INFO  impl.LeaderElection (LeaderElection.java:askForVotes(178)) - 2fdb3e93-e0d8-400e-8c33-91e2341b50c6@group-F01152B53F91-LeaderElection180: begin an election at term 179 for -1: [2fdb3e93-e0d8-400e-8c33-91e2341b50c6:192.168.157.254:43254, 062c71de-08d9-40ee-9309-15590e2e8e68:192.168.157.254:45598, 2a52019e-5647-44e1-bf30-9a43fd8a7377:192.168.157.254:36038], old=null
2019-10-22 00:13:14,348 [2fdb3e93-e0d8-400e-8c33-91e2341b50c6@group-F01152B53F91-LeaderElection180] INFO  impl.LeaderElection (LogUtils.java:infoOrTrace(149)) - 2fdb3e93-e0d8-400e-8c33-91e2341b50c6@group-F01152B53F91-LeaderElection180 got exception when requesting votes: {}
java.util.concurrent.ExecutionException: org.apache.ratis.thirdparty.io.grpc.StatusRuntimeException: UNAVAILABLE: io exception
	at java.util.concurrent.FutureTask.report(FutureTask.java:122)
	at java.util.concurrent.FutureTask.get(FutureTask.java:192)
	at org.apache.ratis.server.impl.LeaderElection.waitForResults(LeaderElection.java:259)
	at org.apache.ratis.server.impl.LeaderElection.askForVotes(LeaderElection.java:197)
	at org.apache.ratis.server.impl.LeaderElection.run(LeaderElection.java:133)
	at java.lang.Thread.run(Thread.java:748)
Caused by: org.apache.ratis.thirdparty.io.grpc.StatusRuntimeException: UNAVAILABLE: io exception
	at org.apache.ratis.thirdparty.io.grpc.stub.ClientCalls.toStatusRuntimeException(ClientCalls.java:233)
	at org.apache.ratis.thirdparty.io.grpc.stub.ClientCalls.getUnchecked(ClientCalls.java:214)
	at org.apache.ratis.thirdparty.io.grpc.stub.ClientCalls.blockingUnaryCall(ClientCalls.java:139)
	at org.apache.ratis.proto.grpc.RaftServerProtocolServiceGrpc$RaftServerProtocolServiceBlockingStub.requestVote(RaftServerProtocolServiceGrpc.java:265)
	at org.apache.ratis.grpc.server.GrpcServerProtocolClient.requestVote(GrpcServerProtocolClient.java:99)
	at org.apache.ratis.grpc.server.GrpcService.requestVote(GrpcService.java:204)
	at org.apache.ratis.server.impl.LeaderElection.lambda$submitRequests$1(LeaderElection.java:234)
	at java.util.concurrent.FutureTask.run(FutureTask.java:266)
	at java.util.concurrent.Executors$RunnableAdapter.call(Executors.java:511)
	at java.util.concurrent.FutureTask.run(FutureTask.java:266)
	at java.util.concurrent.ThreadPoolExecutor.runWorker(ThreadPoolExecutor.java:1149)
	at java.util.concurrent.ThreadPoolExecutor$Worker.run(ThreadPoolExecutor.java:624)
	... 1 more
Caused by: org.apache.ratis.thirdparty.io.netty.channel.AbstractChannel$AnnotatedConnectException: Connection refused: /192.168.157.254:36038
	at sun.nio.ch.SocketChannelImpl.checkConnect(Native Method)
	at sun.nio.ch.SocketChannelImpl.finishConnect(SocketChannelImpl.java:717)
	at org.apache.ratis.thirdparty.io.netty.channel.socket.nio.NioSocketChannel.doFinishConnect(NioSocketChannel.java:327)
	at org.apache.ratis.thirdparty.io.netty.channel.nio.AbstractNioChannel$AbstractNioUnsafe.finishConnect(AbstractNioChannel.java:340)
	at org.apache.ratis.thirdparty.io.netty.channel.nio.NioEventLoop.processSelectedKey(NioEventLoop.java:632)
	at org.apache.ratis.thirdparty.io.netty.channel.nio.NioEventLoop.processSelectedKeysOptimized(NioEventLoop.java:579)
	at org.apache.ratis.thirdparty.io.netty.channel.nio.NioEventLoop.processSelectedKeys(NioEventLoop.java:496)
	at org.apache.ratis.thirdparty.io.netty.channel.nio.NioEventLoop.run(NioEventLoop.java:458)
	at org.apache.ratis.thirdparty.io.netty.util.concurrent.SingleThreadEventExecutor$5.run(SingleThreadEventExecutor.java:897)
	at org.apache.ratis.thirdparty.io.netty.util.concurrent.FastThreadLocalRunnable.run(FastThreadLocalRunnable.java:30)
	... 1 more
Caused by: java.net.ConnectException: Connection refused
	... 11 more
2019-10-22 00:13:14,350 [grpc-default-executor-6] INFO  impl.RaftServerImpl (RaftServerImpl.java:setRole(184)) - 062c71de-08d9-40ee-9309-15590e2e8e68@group-F01152B53F91: changes role from  FOLLOWER to FOLLOWER at term 179 for recognizeCandidate:2fdb3e93-e0d8-400e-8c33-91e2341b50c6
2019-10-22 00:13:14,351 [grpc-default-executor-6] INFO  impl.RoleInfo (RoleInfo.java:shutdownFollowerState(121)) - 062c71de-08d9-40ee-9309-15590e2e8e68: shutdown FollowerState
2019-10-22 00:13:14,351 [grpc-default-executor-6] INFO  impl.RoleInfo (RoleInfo.java:updateAndGet(143)) - 062c71de-08d9-40ee-9309-15590e2e8e68: start FollowerState
2019-10-22 00:13:14,351 [Thread-1696] INFO  impl.FollowerState (FollowerState.java:run(117)) - 062c71de-08d9-40ee-9309-15590e2e8e68@group-F01152B53F91-FollowerState was interrupted: java.lang.InterruptedException: sleep interrupted
2019-10-22 00:13:14,428 [2fdb3e93-e0d8-400e-8c33-91e2341b50c6@group-F01152B53F91-LeaderElection180] INFO  impl.LeaderElection (LeaderElection.java:logAndReturn(56)) - 2fdb3e93-e0d8-400e-8c33-91e2341b50c6@group-F01152B53F91-LeaderElection180: Election REJECTED; received 1 response(s) [2fdb3e93-e0d8-400e-8c33-91e2341b50c6<-062c71de-08d9-40ee-9309-15590e2e8e68#0:FAIL-t179] and 1 exception(s); 2fdb3e93-e0d8-400e-8c33-91e2341b50c6@group-F01152B53F91:t179, leader=null, voted=2fdb3e93-e0d8-400e-8c33-91e2341b50c6, raftlog=2fdb3e93-e0d8-400e-8c33-91e2341b50c6@group-F01152B53F91-SegmentedRaftLog:OPENED:c-1,f-1,i0, conf=-1: [2fdb3e93-e0d8-400e-8c33-91e2341b50c6:192.168.157.254:43254, 062c71de-08d9-40ee-9309-15590e2e8e68:192.168.157.254:45598, 2a52019e-5647-44e1-bf30-9a43fd8a7377:192.168.157.254:36038], old=null
2019-10-22 00:13:14,428 [2fdb3e93-e0d8-400e-8c33-91e2341b50c6@group-F01152B53F91-LeaderElection180] INFO  impl.LeaderElection (LogUtils.java:infoOrTrace(149)) -   Exception 0: {}
java.util.concurrent.ExecutionException: org.apache.ratis.thirdparty.io.grpc.StatusRuntimeException: UNAVAILABLE: io exception
	at java.util.concurrent.FutureTask.report(FutureTask.java:122)
	at java.util.concurrent.FutureTask.get(FutureTask.java:192)
	at org.apache.ratis.server.impl.LeaderElection.waitForResults(LeaderElection.java:259)
	at org.apache.ratis.server.impl.LeaderElection.askForVotes(LeaderElection.java:197)
	at org.apache.ratis.server.impl.LeaderElection.run(LeaderElection.java:133)
	at java.lang.Thread.run(Thread.java:748)
Caused by: org.apache.ratis.thirdparty.io.grpc.StatusRuntimeException: UNAVAILABLE: io exception
	at org.apache.ratis.thirdparty.io.grpc.stub.ClientCalls.toStatusRuntimeException(ClientCalls.java:233)
	at org.apache.ratis.thirdparty.io.grpc.stub.ClientCalls.getUnchecked(ClientCalls.java:214)
	at org.apache.ratis.thirdparty.io.grpc.stub.ClientCalls.blockingUnaryCall(ClientCalls.java:139)
	at org.apache.ratis.proto.grpc.RaftServerProtocolServiceGrpc$RaftServerProtocolServiceBlockingStub.requestVote(RaftServerProtocolServiceGrpc.java:265)
	at org.apache.ratis.grpc.server.GrpcServerProtocolClient.requestVote(GrpcServerProtocolClient.java:99)
	at org.apache.ratis.grpc.server.GrpcService.requestVote(GrpcService.java:204)
	at org.apache.ratis.server.impl.LeaderElection.lambda$submitRequests$1(LeaderElection.java:234)
	at java.util.concurrent.FutureTask.run(FutureTask.java:266)
	at java.util.concurrent.Executors$RunnableAdapter.call(Executors.java:511)
	at java.util.concurrent.FutureTask.run(FutureTask.java:266)
	at java.util.concurrent.ThreadPoolExecutor.runWorker(ThreadPoolExecutor.java:1149)
	at java.util.concurrent.ThreadPoolExecutor$Worker.run(ThreadPoolExecutor.java:624)
	... 1 more
Caused by: org.apache.ratis.thirdparty.io.netty.channel.AbstractChannel$AnnotatedConnectException: Connection refused: /192.168.157.254:36038
	at sun.nio.ch.SocketChannelImpl.checkConnect(Native Method)
	at sun.nio.ch.SocketChannelImpl.finishConnect(SocketChannelImpl.java:717)
	at org.apache.ratis.thirdparty.io.netty.channel.socket.nio.NioSocketChannel.doFinishConnect(NioSocketChannel.java:327)
	at org.apache.ratis.thirdparty.io.netty.channel.nio.AbstractNioChannel$AbstractNioUnsafe.finishConnect(AbstractNioChannel.java:340)
	at org.apache.ratis.thirdparty.io.netty.channel.nio.NioEventLoop.processSelectedKey(NioEventLoop.java:632)
	at org.apache.ratis.thirdparty.io.netty.channel.nio.NioEventLoop.processSelectedKeysOptimized(NioEventLoop.java:579)
	at org.apache.ratis.thirdparty.io.netty.channel.nio.NioEventLoop.processSelectedKeys(NioEventLoop.java:496)
	at org.apache.ratis.thirdparty.io.netty.channel.nio.NioEventLoop.run(NioEventLoop.java:458)
	at org.apache.ratis.thirdparty.io.netty.util.concurrent.SingleThreadEventExecutor$5.run(SingleThreadEventExecutor.java:897)
	at org.apache.ratis.thirdparty.io.netty.util.concurrent.FastThreadLocalRunnable.run(FastThreadLocalRunnable.java:30)
	... 1 more
Caused by: java.net.ConnectException: Connection refused
	... 11 more
2019-10-22 00:13:14,428 [2fdb3e93-e0d8-400e-8c33-91e2341b50c6@group-F01152B53F91-LeaderElection180] INFO  impl.RaftServerImpl (RaftServerImpl.java:setRole(184)) - 2fdb3e93-e0d8-400e-8c33-91e2341b50c6@group-F01152B53F91: changes role from CANDIDATE to FOLLOWER at term 179 for DISCOVERED_A_NEW_TERM
2019-10-22 00:13:14,428 [2fdb3e93-e0d8-400e-8c33-91e2341b50c6@group-F01152B53F91-LeaderElection180] INFO  impl.RoleInfo (RoleInfo.java:shutdownLeaderElection(134)) - 2fdb3e93-e0d8-400e-8c33-91e2341b50c6: shutdown LeaderElection
2019-10-22 00:13:14,429 [2fdb3e93-e0d8-400e-8c33-91e2341b50c6@group-F01152B53F91-LeaderElection180] INFO  impl.RoleInfo (RoleInfo.java:updateAndGet(143)) - 2fdb3e93-e0d8-400e-8c33-91e2341b50c6: start FollowerState
2019-10-22 00:13:14,441 [Thread-1703] INFO  impl.FollowerState (FollowerState.java:run(108)) - 2fdb3e93-e0d8-400e-8c33-91e2341b50c6@group-F01152B53F91-FollowerState: change to CANDIDATE, lastRpcTime:12ms, electionTimeout:12ms
2019-10-22 00:13:14,441 [Thread-1703] INFO  impl.RoleInfo (RoleInfo.java:shutdownFollowerState(121)) - 2fdb3e93-e0d8-400e-8c33-91e2341b50c6: shutdown FollowerState
2019-10-22 00:13:14,441 [Thread-1703] INFO  impl.RaftServerImpl (RaftServerImpl.java:setRole(184)) - 2fdb3e93-e0d8-400e-8c33-91e2341b50c6@group-F01152B53F91: changes role from  FOLLOWER to CANDIDATE at term 179 for changeToCandidate
2019-10-22 00:13:14,441 [Thread-1703] INFO  impl.RoleInfo (RoleInfo.java:updateAndGet(143)) - 2fdb3e93-e0d8-400e-8c33-91e2341b50c6: start LeaderElection
2019-10-22 00:13:14,463 [2fdb3e93-e0d8-400e-8c33-91e2341b50c6@group-F01152B53F91-LeaderElection181] INFO  impl.LeaderElection (LeaderElection.java:askForVotes(178)) - 2fdb3e93-e0d8-400e-8c33-91e2341b50c6@group-F01152B53F91-LeaderElection181: begin an election at term 180 for -1: [2fdb3e93-e0d8-400e-8c33-91e2341b50c6:192.168.157.254:43254, 062c71de-08d9-40ee-9309-15590e2e8e68:192.168.157.254:45598, 2a52019e-5647-44e1-bf30-9a43fd8a7377:192.168.157.254:36038], old=null
2019-10-22 00:13:14,464 [2fdb3e93-e0d8-400e-8c33-91e2341b50c6@group-F01152B53F91-LeaderElection181] INFO  impl.LeaderElection (LogUtils.java:infoOrTrace(149)) - 2fdb3e93-e0d8-400e-8c33-91e2341b50c6@group-F01152B53F91-LeaderElection181 got exception when requesting votes: {}
java.util.concurrent.ExecutionException: org.apache.ratis.thirdparty.io.grpc.StatusRuntimeException: UNAVAILABLE: io exception
	at java.util.concurrent.FutureTask.report(FutureTask.java:122)
	at java.util.concurrent.FutureTask.get(FutureTask.java:192)
	at org.apache.ratis.server.impl.LeaderElection.waitForResults(LeaderElection.java:259)
	at org.apache.ratis.server.impl.LeaderElection.askForVotes(LeaderElection.java:197)
	at org.apache.ratis.server.impl.LeaderElection.run(LeaderElection.java:133)
	at java.lang.Thread.run(Thread.java:748)
Caused by: org.apache.ratis.thirdparty.io.grpc.StatusRuntimeException: UNAVAILABLE: io exception
	at org.apache.ratis.thirdparty.io.grpc.stub.ClientCalls.toStatusRuntimeException(ClientCalls.java:233)
	at org.apache.ratis.thirdparty.io.grpc.stub.ClientCalls.getUnchecked(ClientCalls.java:214)
	at org.apache.ratis.thirdparty.io.grpc.stub.ClientCalls.blockingUnaryCall(ClientCalls.java:139)
	at org.apache.ratis.proto.grpc.RaftServerProtocolServiceGrpc$RaftServerProtocolServiceBlockingStub.requestVote(RaftServerProtocolServiceGrpc.java:265)
	at org.apache.ratis.grpc.server.GrpcServerProtocolClient.requestVote(GrpcServerProtocolClient.java:99)
	at org.apache.ratis.grpc.server.GrpcService.requestVote(GrpcService.java:204)
	at org.apache.ratis.server.impl.LeaderElection.lambda$submitRequests$1(LeaderElection.java:234)
	at java.util.concurrent.FutureTask.run(FutureTask.java:266)
	at java.util.concurrent.Executors$RunnableAdapter.call(Executors.java:511)
	at java.util.concurrent.FutureTask.run(FutureTask.java:266)
	at java.util.concurrent.ThreadPoolExecutor.runWorker(ThreadPoolExecutor.java:1149)
	at java.util.concurrent.ThreadPoolExecutor$Worker.run(ThreadPoolExecutor.java:624)
	... 1 more
Caused by: org.apache.ratis.thirdparty.io.netty.channel.AbstractChannel$AnnotatedConnectException: Connection refused: /192.168.157.254:36038
	at sun.nio.ch.SocketChannelImpl.checkConnect(Native Method)
	at sun.nio.ch.SocketChannelImpl.finishConnect(SocketChannelImpl.java:717)
	at org.apache.ratis.thirdparty.io.netty.channel.socket.nio.NioSocketChannel.doFinishConnect(NioSocketChannel.java:327)
	at org.apache.ratis.thirdparty.io.netty.channel.nio.AbstractNioChannel$AbstractNioUnsafe.finishConnect(AbstractNioChannel.java:340)
	at org.apache.ratis.thirdparty.io.netty.channel.nio.NioEventLoop.processSelectedKey(NioEventLoop.java:632)
	at org.apache.ratis.thirdparty.io.netty.channel.nio.NioEventLoop.processSelectedKeysOptimized(NioEventLoop.java:579)
	at org.apache.ratis.thirdparty.io.netty.channel.nio.NioEventLoop.processSelectedKeys(NioEventLoop.java:496)
	at org.apache.ratis.thirdparty.io.netty.channel.nio.NioEventLoop.run(NioEventLoop.java:458)
	at org.apache.ratis.thirdparty.io.netty.util.concurrent.SingleThreadEventExecutor$5.run(SingleThreadEventExecutor.java:897)
	at org.apache.ratis.thirdparty.io.netty.util.concurrent.FastThreadLocalRunnable.run(FastThreadLocalRunnable.java:30)
	... 1 more
Caused by: java.net.ConnectException: Connection refused
	... 11 more
2019-10-22 00:13:14,466 [grpc-default-executor-3] INFO  impl.RaftServerImpl (RaftServerImpl.java:setRole(184)) - 062c71de-08d9-40ee-9309-15590e2e8e68@group-F01152B53F91: changes role from  FOLLOWER to FOLLOWER at term 180 for recognizeCandidate:2fdb3e93-e0d8-400e-8c33-91e2341b50c6
2019-10-22 00:13:14,466 [grpc-default-executor-3] INFO  impl.RoleInfo (RoleInfo.java:shutdownFollowerState(121)) - 062c71de-08d9-40ee-9309-15590e2e8e68: shutdown FollowerState
2019-10-22 00:13:14,467 [grpc-default-executor-3] INFO  impl.RoleInfo (RoleInfo.java:updateAndGet(143)) - 062c71de-08d9-40ee-9309-15590e2e8e68: start FollowerState
2019-10-22 00:13:14,467 [Thread-1702] INFO  impl.FollowerState (FollowerState.java:run(117)) - 062c71de-08d9-40ee-9309-15590e2e8e68@group-F01152B53F91-FollowerState was interrupted: java.lang.InterruptedException: sleep interrupted
2019-10-22 00:13:14,522 [2fdb3e93-e0d8-400e-8c33-91e2341b50c6@group-F01152B53F91-LeaderElection181] INFO  impl.LeaderElection (LeaderElection.java:logAndReturn(56)) - 2fdb3e93-e0d8-400e-8c33-91e2341b50c6@group-F01152B53F91-LeaderElection181: Election REJECTED; received 1 response(s) [2fdb3e93-e0d8-400e-8c33-91e2341b50c6<-062c71de-08d9-40ee-9309-15590e2e8e68#0:FAIL-t180] and 1 exception(s); 2fdb3e93-e0d8-400e-8c33-91e2341b50c6@group-F01152B53F91:t180, leader=null, voted=2fdb3e93-e0d8-400e-8c33-91e2341b50c6, raftlog=2fdb3e93-e0d8-400e-8c33-91e2341b50c6@group-F01152B53F91-SegmentedRaftLog:OPENED:c-1,f-1,i0, conf=-1: [2fdb3e93-e0d8-400e-8c33-91e2341b50c6:192.168.157.254:43254, 062c71de-08d9-40ee-9309-15590e2e8e68:192.168.157.254:45598, 2a52019e-5647-44e1-bf30-9a43fd8a7377:192.168.157.254:36038], old=null
2019-10-22 00:13:14,522 [2fdb3e93-e0d8-400e-8c33-91e2341b50c6@group-F01152B53F91-LeaderElection181] INFO  impl.LeaderElection (LogUtils.java:infoOrTrace(149)) -   Exception 0: {}
java.util.concurrent.ExecutionException: org.apache.ratis.thirdparty.io.grpc.StatusRuntimeException: UNAVAILABLE: io exception
	at java.util.concurrent.FutureTask.report(FutureTask.java:122)
	at java.util.concurrent.FutureTask.get(FutureTask.java:192)
	at org.apache.ratis.server.impl.LeaderElection.waitForResults(LeaderElection.java:259)
	at org.apache.ratis.server.impl.LeaderElection.askForVotes(LeaderElection.java:197)
	at org.apache.ratis.server.impl.LeaderElection.run(LeaderElection.java:133)
	at java.lang.Thread.run(Thread.java:748)
Caused by: org.apache.ratis.thirdparty.io.grpc.StatusRuntimeException: UNAVAILABLE: io exception
	at org.apache.ratis.thirdparty.io.grpc.stub.ClientCalls.toStatusRuntimeException(ClientCalls.java:233)
	at org.apache.ratis.thirdparty.io.grpc.stub.ClientCalls.getUnchecked(ClientCalls.java:214)
	at org.apache.ratis.thirdparty.io.grpc.stub.ClientCalls.blockingUnaryCall(ClientCalls.java:139)
	at org.apache.ratis.proto.grpc.RaftServerProtocolServiceGrpc$RaftServerProtocolServiceBlockingStub.requestVote(RaftServerProtocolServiceGrpc.java:265)
	at org.apache.ratis.grpc.server.GrpcServerProtocolClient.requestVote(GrpcServerProtocolClient.java:99)
	at org.apache.ratis.grpc.server.GrpcService.requestVote(GrpcService.java:204)
	at org.apache.ratis.server.impl.LeaderElection.lambda$submitRequests$1(LeaderElection.java:234)
	at java.util.concurrent.FutureTask.run(FutureTask.java:266)
	at java.util.concurrent.Executors$RunnableAdapter.call(Executors.java:511)
	at java.util.concurrent.FutureTask.run(FutureTask.java:266)
	at java.util.concurrent.ThreadPoolExecutor.runWorker(ThreadPoolExecutor.java:1149)
	at java.util.concurrent.ThreadPoolExecutor$Worker.run(ThreadPoolExecutor.java:624)
	... 1 more
Caused by: org.apache.ratis.thirdparty.io.netty.channel.AbstractChannel$AnnotatedConnectException: Connection refused: /192.168.157.254:36038
	at sun.nio.ch.SocketChannelImpl.checkConnect(Native Method)
	at sun.nio.ch.SocketChannelImpl.finishConnect(SocketChannelImpl.java:717)
	at org.apache.ratis.thirdparty.io.netty.channel.socket.nio.NioSocketChannel.doFinishConnect(NioSocketChannel.java:327)
	at org.apache.ratis.thirdparty.io.netty.channel.nio.AbstractNioChannel$AbstractNioUnsafe.finishConnect(AbstractNioChannel.java:340)
	at org.apache.ratis.thirdparty.io.netty.channel.nio.NioEventLoop.processSelectedKey(NioEventLoop.java:632)
	at org.apache.ratis.thirdparty.io.netty.channel.nio.NioEventLoop.processSelectedKeysOptimized(NioEventLoop.java:579)
	at org.apache.ratis.thirdparty.io.netty.channel.nio.NioEventLoop.processSelectedKeys(NioEventLoop.java:496)
	at org.apache.ratis.thirdparty.io.netty.channel.nio.NioEventLoop.run(NioEventLoop.java:458)
	at org.apache.ratis.thirdparty.io.netty.util.concurrent.SingleThreadEventExecutor$5.run(SingleThreadEventExecutor.java:897)
	at org.apache.ratis.thirdparty.io.netty.util.concurrent.FastThreadLocalRunnable.run(FastThreadLocalRunnable.java:30)
	... 1 more
Caused by: java.net.ConnectException: Connection refused
	... 11 more
2019-10-22 00:13:14,522 [2fdb3e93-e0d8-400e-8c33-91e2341b50c6@group-F01152B53F91-LeaderElection181] INFO  impl.RaftServerImpl (RaftServerImpl.java:setRole(184)) - 2fdb3e93-e0d8-400e-8c33-91e2341b50c6@group-F01152B53F91: changes role from CANDIDATE to FOLLOWER at term 180 for DISCOVERED_A_NEW_TERM
2019-10-22 00:13:14,522 [2fdb3e93-e0d8-400e-8c33-91e2341b50c6@group-F01152B53F91-LeaderElection181] INFO  impl.RoleInfo (RoleInfo.java:shutdownLeaderElection(134)) - 2fdb3e93-e0d8-400e-8c33-91e2341b50c6: shutdown LeaderElection
2019-10-22 00:13:14,522 [2fdb3e93-e0d8-400e-8c33-91e2341b50c6@group-F01152B53F91-LeaderElection181] INFO  impl.RoleInfo (RoleInfo.java:updateAndGet(143)) - 2fdb3e93-e0d8-400e-8c33-91e2341b50c6: start FollowerState
2019-10-22 00:13:14,536 [Thread-1709] INFO  impl.FollowerState (FollowerState.java:run(108)) - 2fdb3e93-e0d8-400e-8c33-91e2341b50c6@group-F01152B53F91-FollowerState: change to CANDIDATE, lastRpcTime:13ms, electionTimeout:13ms
2019-10-22 00:13:14,536 [Thread-1709] INFO  impl.RoleInfo (RoleInfo.java:shutdownFollowerState(121)) - 2fdb3e93-e0d8-400e-8c33-91e2341b50c6: shutdown FollowerState
2019-10-22 00:13:14,536 [Thread-1709] INFO  impl.RaftServerImpl (RaftServerImpl.java:setRole(184)) - 2fdb3e93-e0d8-400e-8c33-91e2341b50c6@group-F01152B53F91: changes role from  FOLLOWER to CANDIDATE at term 180 for changeToCandidate
2019-10-22 00:13:14,536 [Thread-1709] INFO  impl.RoleInfo (RoleInfo.java:updateAndGet(143)) - 2fdb3e93-e0d8-400e-8c33-91e2341b50c6: start LeaderElection
2019-10-22 00:13:14,634 [2fdb3e93-e0d8-400e-8c33-91e2341b50c6@group-F01152B53F91-LeaderElection182] INFO  impl.LeaderElection (LeaderElection.java:askForVotes(178)) - 2fdb3e93-e0d8-400e-8c33-91e2341b50c6@group-F01152B53F91-LeaderElection182: begin an election at term 181 for -1: [2fdb3e93-e0d8-400e-8c33-91e2341b50c6:192.168.157.254:43254, 062c71de-08d9-40ee-9309-15590e2e8e68:192.168.157.254:45598, 2a52019e-5647-44e1-bf30-9a43fd8a7377:192.168.157.254:36038], old=null
2019-10-22 00:13:14,635 [2fdb3e93-e0d8-400e-8c33-91e2341b50c6@group-F01152B53F91-LeaderElection182] INFO  impl.LeaderElection (LogUtils.java:infoOrTrace(149)) - 2fdb3e93-e0d8-400e-8c33-91e2341b50c6@group-F01152B53F91-LeaderElection182 got exception when requesting votes: {}
java.util.concurrent.ExecutionException: org.apache.ratis.thirdparty.io.grpc.StatusRuntimeException: UNAVAILABLE: io exception
	at java.util.concurrent.FutureTask.report(FutureTask.java:122)
	at java.util.concurrent.FutureTask.get(FutureTask.java:192)
	at org.apache.ratis.server.impl.LeaderElection.waitForResults(LeaderElection.java:259)
	at org.apache.ratis.server.impl.LeaderElection.askForVotes(LeaderElection.java:197)
	at org.apache.ratis.server.impl.LeaderElection.run(LeaderElection.java:133)
	at java.lang.Thread.run(Thread.java:748)
Caused by: org.apache.ratis.thirdparty.io.grpc.StatusRuntimeException: UNAVAILABLE: io exception
	at org.apache.ratis.thirdparty.io.grpc.stub.ClientCalls.toStatusRuntimeException(ClientCalls.java:233)
	at org.apache.ratis.thirdparty.io.grpc.stub.ClientCalls.getUnchecked(ClientCalls.java:214)
	at org.apache.ratis.thirdparty.io.grpc.stub.ClientCalls.blockingUnaryCall(ClientCalls.java:139)
	at org.apache.ratis.proto.grpc.RaftServerProtocolServiceGrpc$RaftServerProtocolServiceBlockingStub.requestVote(RaftServerProtocolServiceGrpc.java:265)
	at org.apache.ratis.grpc.server.GrpcServerProtocolClient.requestVote(GrpcServerProtocolClient.java:99)
	at org.apache.ratis.grpc.server.GrpcService.requestVote(GrpcService.java:204)
	at org.apache.ratis.server.impl.LeaderElection.lambda$submitRequests$1(LeaderElection.java:234)
	at java.util.concurrent.FutureTask.run(FutureTask.java:266)
	at java.util.concurrent.Executors$RunnableAdapter.call(Executors.java:511)
	at java.util.concurrent.FutureTask.run(FutureTask.java:266)
	at java.util.concurrent.ThreadPoolExecutor.runWorker(ThreadPoolExecutor.java:1149)
	at java.util.concurrent.ThreadPoolExecutor$Worker.run(ThreadPoolExecutor.java:624)
	... 1 more
Caused by: org.apache.ratis.thirdparty.io.netty.channel.AbstractChannel$AnnotatedConnectException: Connection refused: /192.168.157.254:36038
	at sun.nio.ch.SocketChannelImpl.checkConnect(Native Method)
	at sun.nio.ch.SocketChannelImpl.finishConnect(SocketChannelImpl.java:717)
	at org.apache.ratis.thirdparty.io.netty.channel.socket.nio.NioSocketChannel.doFinishConnect(NioSocketChannel.java:327)
	at org.apache.ratis.thirdparty.io.netty.channel.nio.AbstractNioChannel$AbstractNioUnsafe.finishConnect(AbstractNioChannel.java:340)
	at org.apache.ratis.thirdparty.io.netty.channel.nio.NioEventLoop.processSelectedKey(NioEventLoop.java:632)
	at org.apache.ratis.thirdparty.io.netty.channel.nio.NioEventLoop.processSelectedKeysOptimized(NioEventLoop.java:579)
	at org.apache.ratis.thirdparty.io.netty.channel.nio.NioEventLoop.processSelectedKeys(NioEventLoop.java:496)
	at org.apache.ratis.thirdparty.io.netty.channel.nio.NioEventLoop.run(NioEventLoop.java:458)
	at org.apache.ratis.thirdparty.io.netty.util.concurrent.SingleThreadEventExecutor$5.run(SingleThreadEventExecutor.java:897)
	at org.apache.ratis.thirdparty.io.netty.util.concurrent.FastThreadLocalRunnable.run(FastThreadLocalRunnable.java:30)
	... 1 more
Caused by: java.net.ConnectException: Connection refused
	... 11 more
2019-10-22 00:13:14,637 [grpc-default-executor-3] INFO  impl.RaftServerImpl (RaftServerImpl.java:setRole(184)) - 062c71de-08d9-40ee-9309-15590e2e8e68@group-F01152B53F91: changes role from  FOLLOWER to FOLLOWER at term 181 for recognizeCandidate:2fdb3e93-e0d8-400e-8c33-91e2341b50c6
2019-10-22 00:13:14,638 [grpc-default-executor-3] INFO  impl.RoleInfo (RoleInfo.java:shutdownFollowerState(121)) - 062c71de-08d9-40ee-9309-15590e2e8e68: shutdown FollowerState
2019-10-22 00:13:14,638 [grpc-default-executor-3] INFO  impl.RoleInfo (RoleInfo.java:updateAndGet(143)) - 062c71de-08d9-40ee-9309-15590e2e8e68: start FollowerState
2019-10-22 00:13:14,638 [Thread-1708] INFO  impl.FollowerState (FollowerState.java:run(117)) - 062c71de-08d9-40ee-9309-15590e2e8e68@group-F01152B53F91-FollowerState was interrupted: java.lang.InterruptedException: sleep interrupted
2019-10-22 00:13:14,721 [2fdb3e93-e0d8-400e-8c33-91e2341b50c6@group-F01152B53F91-LeaderElection182] INFO  impl.LeaderElection (LeaderElection.java:logAndReturn(56)) - 2fdb3e93-e0d8-400e-8c33-91e2341b50c6@group-F01152B53F91-LeaderElection182: Election REJECTED; received 1 response(s) [2fdb3e93-e0d8-400e-8c33-91e2341b50c6<-062c71de-08d9-40ee-9309-15590e2e8e68#0:FAIL-t181] and 1 exception(s); 2fdb3e93-e0d8-400e-8c33-91e2341b50c6@group-F01152B53F91:t181, leader=null, voted=2fdb3e93-e0d8-400e-8c33-91e2341b50c6, raftlog=2fdb3e93-e0d8-400e-8c33-91e2341b50c6@group-F01152B53F91-SegmentedRaftLog:OPENED:c-1,f-1,i0, conf=-1: [2fdb3e93-e0d8-400e-8c33-91e2341b50c6:192.168.157.254:43254, 062c71de-08d9-40ee-9309-15590e2e8e68:192.168.157.254:45598, 2a52019e-5647-44e1-bf30-9a43fd8a7377:192.168.157.254:36038], old=null
2019-10-22 00:13:14,721 [2fdb3e93-e0d8-400e-8c33-91e2341b50c6@group-F01152B53F91-LeaderElection182] INFO  impl.LeaderElection (LogUtils.java:infoOrTrace(149)) -   Exception 0: {}
java.util.concurrent.ExecutionException: org.apache.ratis.thirdparty.io.grpc.StatusRuntimeException: UNAVAILABLE: io exception
	at java.util.concurrent.FutureTask.report(FutureTask.java:122)
	at java.util.concurrent.FutureTask.get(FutureTask.java:192)
	at org.apache.ratis.server.impl.LeaderElection.waitForResults(LeaderElection.java:259)
	at org.apache.ratis.server.impl.LeaderElection.askForVotes(LeaderElection.java:197)
	at org.apache.ratis.server.impl.LeaderElection.run(LeaderElection.java:133)
	at java.lang.Thread.run(Thread.java:748)
Caused by: org.apache.ratis.thirdparty.io.grpc.StatusRuntimeException: UNAVAILABLE: io exception
	at org.apache.ratis.thirdparty.io.grpc.stub.ClientCalls.toStatusRuntimeException(ClientCalls.java:233)
	at org.apache.ratis.thirdparty.io.grpc.stub.ClientCalls.getUnchecked(ClientCalls.java:214)
	at org.apache.ratis.thirdparty.io.grpc.stub.ClientCalls.blockingUnaryCall(ClientCalls.java:139)
	at org.apache.ratis.proto.grpc.RaftServerProtocolServiceGrpc$RaftServerProtocolServiceBlockingStub.requestVote(RaftServerProtocolServiceGrpc.java:265)
	at org.apache.ratis.grpc.server.GrpcServerProtocolClient.requestVote(GrpcServerProtocolClient.java:99)
	at org.apache.ratis.grpc.server.GrpcService.requestVote(GrpcService.java:204)
	at org.apache.ratis.server.impl.LeaderElection.lambda$submitRequests$1(LeaderElection.java:234)
	at java.util.concurrent.FutureTask.run(FutureTask.java:266)
	at java.util.concurrent.Executors$RunnableAdapter.call(Executors.java:511)
	at java.util.concurrent.FutureTask.run(FutureTask.java:266)
	at java.util.concurrent.ThreadPoolExecutor.runWorker(ThreadPoolExecutor.java:1149)
	at java.util.concurrent.ThreadPoolExecutor$Worker.run(ThreadPoolExecutor.java:624)
	... 1 more
Caused by: org.apache.ratis.thirdparty.io.netty.channel.AbstractChannel$AnnotatedConnectException: Connection refused: /192.168.157.254:36038
	at sun.nio.ch.SocketChannelImpl.checkConnect(Native Method)
	at sun.nio.ch.SocketChannelImpl.finishConnect(SocketChannelImpl.java:717)
	at org.apache.ratis.thirdparty.io.netty.channel.socket.nio.NioSocketChannel.doFinishConnect(NioSocketChannel.java:327)
	at org.apache.ratis.thirdparty.io.netty.channel.nio.AbstractNioChannel$AbstractNioUnsafe.finishConnect(AbstractNioChannel.java:340)
	at org.apache.ratis.thirdparty.io.netty.channel.nio.NioEventLoop.processSelectedKey(NioEventLoop.java:632)
	at org.apache.ratis.thirdparty.io.netty.channel.nio.NioEventLoop.processSelectedKeysOptimized(NioEventLoop.java:579)
	at org.apache.ratis.thirdparty.io.netty.channel.nio.NioEventLoop.processSelectedKeys(NioEventLoop.java:496)
	at org.apache.ratis.thirdparty.io.netty.channel.nio.NioEventLoop.run(NioEventLoop.java:458)
	at org.apache.ratis.thirdparty.io.netty.util.concurrent.SingleThreadEventExecutor$5.run(SingleThreadEventExecutor.java:897)
	at org.apache.ratis.thirdparty.io.netty.util.concurrent.FastThreadLocalRunnable.run(FastThreadLocalRunnable.java:30)
	... 1 more
Caused by: java.net.ConnectException: Connection refused
	... 11 more
2019-10-22 00:13:14,721 [2fdb3e93-e0d8-400e-8c33-91e2341b50c6@group-F01152B53F91-LeaderElection182] INFO  impl.RaftServerImpl (RaftServerImpl.java:setRole(184)) - 2fdb3e93-e0d8-400e-8c33-91e2341b50c6@group-F01152B53F91: changes role from CANDIDATE to FOLLOWER at term 181 for DISCOVERED_A_NEW_TERM
2019-10-22 00:13:14,722 [2fdb3e93-e0d8-400e-8c33-91e2341b50c6@group-F01152B53F91-LeaderElection182] INFO  impl.RoleInfo (RoleInfo.java:shutdownLeaderElection(134)) - 2fdb3e93-e0d8-400e-8c33-91e2341b50c6: shutdown LeaderElection
2019-10-22 00:13:14,722 [2fdb3e93-e0d8-400e-8c33-91e2341b50c6@group-F01152B53F91-LeaderElection182] INFO  impl.RoleInfo (RoleInfo.java:updateAndGet(143)) - 2fdb3e93-e0d8-400e-8c33-91e2341b50c6: start FollowerState
2019-10-22 00:13:14,795 [java.util.concurrent.ThreadPoolExecutor$Worker@c41ae0f[State = -1, empty queue]] WARN  server.GrpcLogAppender (GrpcLogAppender.java:timeoutAppendRequest(209)) - fad63ceb-ed14-4322-905d-6ef3599ac734@group-0045C62F497D->5732e052-e19f-40fe-a104-972211db20fb-GrpcLogAppender: appendEntries Timeout, request=fad63ceb-ed14-4322-905d-6ef3599ac734->5732e052-e19f-40fe-a104-972211db20fb#40-t1, previous=(t:1, i:0), leaderCommit=0, initializing? false, entries: <empty>
2019-10-22 00:13:14,858 [Thread-1714] INFO  impl.FollowerState (FollowerState.java:run(108)) - 2fdb3e93-e0d8-400e-8c33-91e2341b50c6@group-F01152B53F91-FollowerState: change to CANDIDATE, lastRpcTime:136ms, electionTimeout:136ms
2019-10-22 00:13:14,858 [Thread-1714] INFO  impl.RoleInfo (RoleInfo.java:shutdownFollowerState(121)) - 2fdb3e93-e0d8-400e-8c33-91e2341b50c6: shutdown FollowerState
2019-10-22 00:13:14,858 [Thread-1714] INFO  impl.RaftServerImpl (RaftServerImpl.java:setRole(184)) - 2fdb3e93-e0d8-400e-8c33-91e2341b50c6@group-F01152B53F91: changes role from  FOLLOWER to CANDIDATE at term 181 for changeToCandidate
2019-10-22 00:13:14,858 [Thread-1714] INFO  impl.RoleInfo (RoleInfo.java:updateAndGet(143)) - 2fdb3e93-e0d8-400e-8c33-91e2341b50c6: start LeaderElection
2019-10-22 00:13:14,872 [2fdb3e93-e0d8-400e-8c33-91e2341b50c6@group-F01152B53F91-LeaderElection183] INFO  impl.LeaderElection (LeaderElection.java:askForVotes(178)) - 2fdb3e93-e0d8-400e-8c33-91e2341b50c6@group-F01152B53F91-LeaderElection183: begin an election at term 182 for -1: [2fdb3e93-e0d8-400e-8c33-91e2341b50c6:192.168.157.254:43254, 062c71de-08d9-40ee-9309-15590e2e8e68:192.168.157.254:45598, 2a52019e-5647-44e1-bf30-9a43fd8a7377:192.168.157.254:36038], old=null
2019-10-22 00:13:14,873 [2fdb3e93-e0d8-400e-8c33-91e2341b50c6@group-F01152B53F91-LeaderElection183] INFO  impl.LeaderElection (LogUtils.java:infoOrTrace(149)) - 2fdb3e93-e0d8-400e-8c33-91e2341b50c6@group-F01152B53F91-LeaderElection183 got exception when requesting votes: {}
java.util.concurrent.ExecutionException: org.apache.ratis.thirdparty.io.grpc.StatusRuntimeException: UNAVAILABLE: io exception
	at java.util.concurrent.FutureTask.report(FutureTask.java:122)
	at java.util.concurrent.FutureTask.get(FutureTask.java:192)
	at org.apache.ratis.server.impl.LeaderElection.waitForResults(LeaderElection.java:259)
	at org.apache.ratis.server.impl.LeaderElection.askForVotes(LeaderElection.java:197)
	at org.apache.ratis.server.impl.LeaderElection.run(LeaderElection.java:133)
	at java.lang.Thread.run(Thread.java:748)
Caused by: org.apache.ratis.thirdparty.io.grpc.StatusRuntimeException: UNAVAILABLE: io exception
	at org.apache.ratis.thirdparty.io.grpc.stub.ClientCalls.toStatusRuntimeException(ClientCalls.java:233)
	at org.apache.ratis.thirdparty.io.grpc.stub.ClientCalls.getUnchecked(ClientCalls.java:214)
	at org.apache.ratis.thirdparty.io.grpc.stub.ClientCalls.blockingUnaryCall(ClientCalls.java:139)
	at org.apache.ratis.proto.grpc.RaftServerProtocolServiceGrpc$RaftServerProtocolServiceBlockingStub.requestVote(RaftServerProtocolServiceGrpc.java:265)
	at org.apache.ratis.grpc.server.GrpcServerProtocolClient.requestVote(GrpcServerProtocolClient.java:99)
	at org.apache.ratis.grpc.server.GrpcService.requestVote(GrpcService.java:204)
	at org.apache.ratis.server.impl.LeaderElection.lambda$submitRequests$1(LeaderElection.java:234)
	at java.util.concurrent.FutureTask.run(FutureTask.java:266)
	at java.util.concurrent.Executors$RunnableAdapter.call(Executors.java:511)
	at java.util.concurrent.FutureTask.run(FutureTask.java:266)
	at java.util.concurrent.ThreadPoolExecutor.runWorker(ThreadPoolExecutor.java:1149)
	at java.util.concurrent.ThreadPoolExecutor$Worker.run(ThreadPoolExecutor.java:624)
	... 1 more
Caused by: org.apache.ratis.thirdparty.io.netty.channel.AbstractChannel$AnnotatedConnectException: Connection refused: /192.168.157.254:36038
	at sun.nio.ch.SocketChannelImpl.checkConnect(Native Method)
	at sun.nio.ch.SocketChannelImpl.finishConnect(SocketChannelImpl.java:717)
	at org.apache.ratis.thirdparty.io.netty.channel.socket.nio.NioSocketChannel.doFinishConnect(NioSocketChannel.java:327)
	at org.apache.ratis.thirdparty.io.netty.channel.nio.AbstractNioChannel$AbstractNioUnsafe.finishConnect(AbstractNioChannel.java:340)
	at org.apache.ratis.thirdparty.io.netty.channel.nio.NioEventLoop.processSelectedKey(NioEventLoop.java:632)
	at org.apache.ratis.thirdparty.io.netty.channel.nio.NioEventLoop.processSelectedKeysOptimized(NioEventLoop.java:579)
	at org.apache.ratis.thirdparty.io.netty.channel.nio.NioEventLoop.processSelectedKeys(NioEventLoop.java:496)
	at org.apache.ratis.thirdparty.io.netty.channel.nio.NioEventLoop.run(NioEventLoop.java:458)
	at org.apache.ratis.thirdparty.io.netty.util.concurrent.SingleThreadEventExecutor$5.run(SingleThreadEventExecutor.java:897)
	at org.apache.ratis.thirdparty.io.netty.util.concurrent.FastThreadLocalRunnable.run(FastThreadLocalRunnable.java:30)
	... 1 more
Caused by: java.net.ConnectException: Connection refused
	... 11 more
2019-10-22 00:13:14,876 [grpc-default-executor-3] INFO  impl.RaftServerImpl (RaftServerImpl.java:setRole(184)) - 062c71de-08d9-40ee-9309-15590e2e8e68@group-F01152B53F91: changes role from  FOLLOWER to FOLLOWER at term 182 for recognizeCandidate:2fdb3e93-e0d8-400e-8c33-91e2341b50c6
2019-10-22 00:13:14,876 [grpc-default-executor-3] INFO  impl.RoleInfo (RoleInfo.java:shutdownFollowerState(121)) - 062c71de-08d9-40ee-9309-15590e2e8e68: shutdown FollowerState
2019-10-22 00:13:14,876 [grpc-default-executor-3] INFO  impl.RoleInfo (RoleInfo.java:updateAndGet(143)) - 062c71de-08d9-40ee-9309-15590e2e8e68: start FollowerState
2019-10-22 00:13:14,876 [Thread-1713] INFO  impl.FollowerState (FollowerState.java:run(117)) - 062c71de-08d9-40ee-9309-15590e2e8e68@group-F01152B53F91-FollowerState was interrupted: java.lang.InterruptedException: sleep interrupted
2019-10-22 00:13:14,888 [2fdb3e93-e0d8-400e-8c33-91e2341b50c6@group-F01152B53F91-LeaderElection183] INFO  impl.LeaderElection (LeaderElection.java:logAndReturn(56)) - 2fdb3e93-e0d8-400e-8c33-91e2341b50c6@group-F01152B53F91-LeaderElection183: Election REJECTED; received 1 response(s) [2fdb3e93-e0d8-400e-8c33-91e2341b50c6<-062c71de-08d9-40ee-9309-15590e2e8e68#0:FAIL-t182] and 1 exception(s); 2fdb3e93-e0d8-400e-8c33-91e2341b50c6@group-F01152B53F91:t182, leader=null, voted=2fdb3e93-e0d8-400e-8c33-91e2341b50c6, raftlog=2fdb3e93-e0d8-400e-8c33-91e2341b50c6@group-F01152B53F91-SegmentedRaftLog:OPENED:c-1,f-1,i0, conf=-1: [2fdb3e93-e0d8-400e-8c33-91e2341b50c6:192.168.157.254:43254, 062c71de-08d9-40ee-9309-15590e2e8e68:192.168.157.254:45598, 2a52019e-5647-44e1-bf30-9a43fd8a7377:192.168.157.254:36038], old=null
2019-10-22 00:13:14,888 [2fdb3e93-e0d8-400e-8c33-91e2341b50c6@group-F01152B53F91-LeaderElection183] INFO  impl.LeaderElection (LogUtils.java:infoOrTrace(149)) -   Exception 0: {}
java.util.concurrent.ExecutionException: org.apache.ratis.thirdparty.io.grpc.StatusRuntimeException: UNAVAILABLE: io exception
	at java.util.concurrent.FutureTask.report(FutureTask.java:122)
	at java.util.concurrent.FutureTask.get(FutureTask.java:192)
	at org.apache.ratis.server.impl.LeaderElection.waitForResults(LeaderElection.java:259)
	at org.apache.ratis.server.impl.LeaderElection.askForVotes(LeaderElection.java:197)
	at org.apache.ratis.server.impl.LeaderElection.run(LeaderElection.java:133)
	at java.lang.Thread.run(Thread.java:748)
Caused by: org.apache.ratis.thirdparty.io.grpc.StatusRuntimeException: UNAVAILABLE: io exception
	at org.apache.ratis.thirdparty.io.grpc.stub.ClientCalls.toStatusRuntimeException(ClientCalls.java:233)
	at org.apache.ratis.thirdparty.io.grpc.stub.ClientCalls.getUnchecked(ClientCalls.java:214)
	at org.apache.ratis.thirdparty.io.grpc.stub.ClientCalls.blockingUnaryCall(ClientCalls.java:139)
	at org.apache.ratis.proto.grpc.RaftServerProtocolServiceGrpc$RaftServerProtocolServiceBlockingStub.requestVote(RaftServerProtocolServiceGrpc.java:265)
	at org.apache.ratis.grpc.server.GrpcServerProtocolClient.requestVote(GrpcServerProtocolClient.java:99)
	at org.apache.ratis.grpc.server.GrpcService.requestVote(GrpcService.java:204)
	at org.apache.ratis.server.impl.LeaderElection.lambda$submitRequests$1(LeaderElection.java:234)
	at java.util.concurrent.FutureTask.run(FutureTask.java:266)
	at java.util.concurrent.Executors$RunnableAdapter.call(Executors.java:511)
	at java.util.concurrent.FutureTask.run(FutureTask.java:266)
	at java.util.concurrent.ThreadPoolExecutor.runWorker(ThreadPoolExecutor.java:1149)
	at java.util.concurrent.ThreadPoolExecutor$Worker.run(ThreadPoolExecutor.java:624)
	... 1 more
Caused by: org.apache.ratis.thirdparty.io.netty.channel.AbstractChannel$AnnotatedConnectException: Connection refused: /192.168.157.254:36038
	at sun.nio.ch.SocketChannelImpl.checkConnect(Native Method)
	at sun.nio.ch.SocketChannelImpl.finishConnect(SocketChannelImpl.java:717)
	at org.apache.ratis.thirdparty.io.netty.channel.socket.nio.NioSocketChannel.doFinishConnect(NioSocketChannel.java:327)
	at org.apache.ratis.thirdparty.io.netty.channel.nio.AbstractNioChannel$AbstractNioUnsafe.finishConnect(AbstractNioChannel.java:340)
	at org.apache.ratis.thirdparty.io.netty.channel.nio.NioEventLoop.processSelectedKey(NioEventLoop.java:632)
	at org.apache.ratis.thirdparty.io.netty.channel.nio.NioEventLoop.processSelectedKeysOptimized(NioEventLoop.java:579)
	at org.apache.ratis.thirdparty.io.netty.channel.nio.NioEventLoop.processSelectedKeys(NioEventLoop.java:496)
	at org.apache.ratis.thirdparty.io.netty.channel.nio.NioEventLoop.run(NioEventLoop.java:458)
	at org.apache.ratis.thirdparty.io.netty.util.concurrent.SingleThreadEventExecutor$5.run(SingleThreadEventExecutor.java:897)
	at org.apache.ratis.thirdparty.io.netty.util.concurrent.FastThreadLocalRunnable.run(FastThreadLocalRunnable.java:30)
	... 1 more
Caused by: java.net.ConnectException: Connection refused
	... 11 more
2019-10-22 00:13:14,889 [2fdb3e93-e0d8-400e-8c33-91e2341b50c6@group-F01152B53F91-LeaderElection183] INFO  impl.RaftServerImpl (RaftServerImpl.java:setRole(184)) - 2fdb3e93-e0d8-400e-8c33-91e2341b50c6@group-F01152B53F91: changes role from CANDIDATE to FOLLOWER at term 182 for DISCOVERED_A_NEW_TERM
2019-10-22 00:13:14,889 [2fdb3e93-e0d8-400e-8c33-91e2341b50c6@group-F01152B53F91-LeaderElection183] INFO  impl.RoleInfo (RoleInfo.java:shutdownLeaderElection(134)) - 2fdb3e93-e0d8-400e-8c33-91e2341b50c6: shutdown LeaderElection
2019-10-22 00:13:14,889 [2fdb3e93-e0d8-400e-8c33-91e2341b50c6@group-F01152B53F91-LeaderElection183] INFO  impl.RoleInfo (RoleInfo.java:updateAndGet(143)) - 2fdb3e93-e0d8-400e-8c33-91e2341b50c6: start FollowerState
2019-10-22 00:13:15,019 [Thread-1720] INFO  impl.FollowerState (FollowerState.java:run(108)) - 2fdb3e93-e0d8-400e-8c33-91e2341b50c6@group-F01152B53F91-FollowerState: change to CANDIDATE, lastRpcTime:130ms, electionTimeout:130ms
2019-10-22 00:13:15,020 [Thread-1720] INFO  impl.RoleInfo (RoleInfo.java:shutdownFollowerState(121)) - 2fdb3e93-e0d8-400e-8c33-91e2341b50c6: shutdown FollowerState
2019-10-22 00:13:15,020 [Thread-1720] INFO  impl.RaftServerImpl (RaftServerImpl.java:setRole(184)) - 2fdb3e93-e0d8-400e-8c33-91e2341b50c6@group-F01152B53F91: changes role from  FOLLOWER to CANDIDATE at term 182 for changeToCandidate
2019-10-22 00:13:15,020 [Thread-1720] INFO  impl.RoleInfo (RoleInfo.java:updateAndGet(143)) - 2fdb3e93-e0d8-400e-8c33-91e2341b50c6: start LeaderElection
2019-10-22 00:13:15,034 [2fdb3e93-e0d8-400e-8c33-91e2341b50c6@group-F01152B53F91-LeaderElection184] INFO  impl.LeaderElection (LeaderElection.java:askForVotes(178)) - 2fdb3e93-e0d8-400e-8c33-91e2341b50c6@group-F01152B53F91-LeaderElection184: begin an election at term 183 for -1: [2fdb3e93-e0d8-400e-8c33-91e2341b50c6:192.168.157.254:43254, 062c71de-08d9-40ee-9309-15590e2e8e68:192.168.157.254:45598, 2a52019e-5647-44e1-bf30-9a43fd8a7377:192.168.157.254:36038], old=null
2019-10-22 00:13:15,035 [2fdb3e93-e0d8-400e-8c33-91e2341b50c6@group-F01152B53F91-LeaderElection184] INFO  impl.LeaderElection (LogUtils.java:infoOrTrace(149)) - 2fdb3e93-e0d8-400e-8c33-91e2341b50c6@group-F01152B53F91-LeaderElection184 got exception when requesting votes: {}
java.util.concurrent.ExecutionException: org.apache.ratis.thirdparty.io.grpc.StatusRuntimeException: UNAVAILABLE: io exception
	at java.util.concurrent.FutureTask.report(FutureTask.java:122)
	at java.util.concurrent.FutureTask.get(FutureTask.java:192)
	at org.apache.ratis.server.impl.LeaderElection.waitForResults(LeaderElection.java:259)
	at org.apache.ratis.server.impl.LeaderElection.askForVotes(LeaderElection.java:197)
	at org.apache.ratis.server.impl.LeaderElection.run(LeaderElection.java:133)
	at java.lang.Thread.run(Thread.java:748)
Caused by: org.apache.ratis.thirdparty.io.grpc.StatusRuntimeException: UNAVAILABLE: io exception
	at org.apache.ratis.thirdparty.io.grpc.stub.ClientCalls.toStatusRuntimeException(ClientCalls.java:233)
	at org.apache.ratis.thirdparty.io.grpc.stub.ClientCalls.getUnchecked(ClientCalls.java:214)
	at org.apache.ratis.thirdparty.io.grpc.stub.ClientCalls.blockingUnaryCall(ClientCalls.java:139)
	at org.apache.ratis.proto.grpc.RaftServerProtocolServiceGrpc$RaftServerProtocolServiceBlockingStub.requestVote(RaftServerProtocolServiceGrpc.java:265)
	at org.apache.ratis.grpc.server.GrpcServerProtocolClient.requestVote(GrpcServerProtocolClient.java:99)
	at org.apache.ratis.grpc.server.GrpcService.requestVote(GrpcService.java:204)
	at org.apache.ratis.server.impl.LeaderElection.lambda$submitRequests$1(LeaderElection.java:234)
	at java.util.concurrent.FutureTask.run(FutureTask.java:266)
	at java.util.concurrent.Executors$RunnableAdapter.call(Executors.java:511)
	at java.util.concurrent.FutureTask.run(FutureTask.java:266)
	at java.util.concurrent.ThreadPoolExecutor.runWorker(ThreadPoolExecutor.java:1149)
	at java.util.concurrent.ThreadPoolExecutor$Worker.run(ThreadPoolExecutor.java:624)
	... 1 more
Caused by: org.apache.ratis.thirdparty.io.netty.channel.AbstractChannel$AnnotatedConnectException: Connection refused: /192.168.157.254:36038
	at sun.nio.ch.SocketChannelImpl.checkConnect(Native Method)
	at sun.nio.ch.SocketChannelImpl.finishConnect(SocketChannelImpl.java:717)
	at org.apache.ratis.thirdparty.io.netty.channel.socket.nio.NioSocketChannel.doFinishConnect(NioSocketChannel.java:327)
	at org.apache.ratis.thirdparty.io.netty.channel.nio.AbstractNioChannel$AbstractNioUnsafe.finishConnect(AbstractNioChannel.java:340)
	at org.apache.ratis.thirdparty.io.netty.channel.nio.NioEventLoop.processSelectedKey(NioEventLoop.java:632)
	at org.apache.ratis.thirdparty.io.netty.channel.nio.NioEventLoop.processSelectedKeysOptimized(NioEventLoop.java:579)
	at org.apache.ratis.thirdparty.io.netty.channel.nio.NioEventLoop.processSelectedKeys(NioEventLoop.java:496)
	at org.apache.ratis.thirdparty.io.netty.channel.nio.NioEventLoop.run(NioEventLoop.java:458)
	at org.apache.ratis.thirdparty.io.netty.util.concurrent.SingleThreadEventExecutor$5.run(SingleThreadEventExecutor.java:897)
	at org.apache.ratis.thirdparty.io.netty.util.concurrent.FastThreadLocalRunnable.run(FastThreadLocalRunnable.java:30)
	... 1 more
Caused by: java.net.ConnectException: Connection refused
	... 11 more
2019-10-22 00:13:15,038 [grpc-default-executor-3] INFO  impl.RaftServerImpl (RaftServerImpl.java:setRole(184)) - 062c71de-08d9-40ee-9309-15590e2e8e68@group-F01152B53F91: changes role from  FOLLOWER to FOLLOWER at term 183 for recognizeCandidate:2fdb3e93-e0d8-400e-8c33-91e2341b50c6
2019-10-22 00:13:15,038 [grpc-default-executor-3] INFO  impl.RoleInfo (RoleInfo.java:shutdownFollowerState(121)) - 062c71de-08d9-40ee-9309-15590e2e8e68: shutdown FollowerState
2019-10-22 00:13:15,039 [grpc-default-executor-3] INFO  impl.RoleInfo (RoleInfo.java:updateAndGet(143)) - 062c71de-08d9-40ee-9309-15590e2e8e68: start FollowerState
2019-10-22 00:13:15,039 [Thread-1719] INFO  impl.FollowerState (FollowerState.java:run(117)) - 062c71de-08d9-40ee-9309-15590e2e8e68@group-F01152B53F91-FollowerState was interrupted: java.lang.InterruptedException: sleep interrupted
2019-10-22 00:13:15,092 [2fdb3e93-e0d8-400e-8c33-91e2341b50c6@group-F01152B53F91-LeaderElection184] INFO  impl.LeaderElection (LeaderElection.java:logAndReturn(56)) - 2fdb3e93-e0d8-400e-8c33-91e2341b50c6@group-F01152B53F91-LeaderElection184: Election REJECTED; received 1 response(s) [2fdb3e93-e0d8-400e-8c33-91e2341b50c6<-062c71de-08d9-40ee-9309-15590e2e8e68#0:FAIL-t183] and 1 exception(s); 2fdb3e93-e0d8-400e-8c33-91e2341b50c6@group-F01152B53F91:t183, leader=null, voted=2fdb3e93-e0d8-400e-8c33-91e2341b50c6, raftlog=2fdb3e93-e0d8-400e-8c33-91e2341b50c6@group-F01152B53F91-SegmentedRaftLog:OPENED:c-1,f-1,i0, conf=-1: [2fdb3e93-e0d8-400e-8c33-91e2341b50c6:192.168.157.254:43254, 062c71de-08d9-40ee-9309-15590e2e8e68:192.168.157.254:45598, 2a52019e-5647-44e1-bf30-9a43fd8a7377:192.168.157.254:36038], old=null
2019-10-22 00:13:15,093 [2fdb3e93-e0d8-400e-8c33-91e2341b50c6@group-F01152B53F91-LeaderElection184] INFO  impl.LeaderElection (LogUtils.java:infoOrTrace(149)) -   Exception 0: {}
java.util.concurrent.ExecutionException: org.apache.ratis.thirdparty.io.grpc.StatusRuntimeException: UNAVAILABLE: io exception
	at java.util.concurrent.FutureTask.report(FutureTask.java:122)
	at java.util.concurrent.FutureTask.get(FutureTask.java:192)
	at org.apache.ratis.server.impl.LeaderElection.waitForResults(LeaderElection.java:259)
	at org.apache.ratis.server.impl.LeaderElection.askForVotes(LeaderElection.java:197)
	at org.apache.ratis.server.impl.LeaderElection.run(LeaderElection.java:133)
	at java.lang.Thread.run(Thread.java:748)
Caused by: org.apache.ratis.thirdparty.io.grpc.StatusRuntimeException: UNAVAILABLE: io exception
	at org.apache.ratis.thirdparty.io.grpc.stub.ClientCalls.toStatusRuntimeException(ClientCalls.java:233)
	at org.apache.ratis.thirdparty.io.grpc.stub.ClientCalls.getUnchecked(ClientCalls.java:214)
	at org.apache.ratis.thirdparty.io.grpc.stub.ClientCalls.blockingUnaryCall(ClientCalls.java:139)
	at org.apache.ratis.proto.grpc.RaftServerProtocolServiceGrpc$RaftServerProtocolServiceBlockingStub.requestVote(RaftServerProtocolServiceGrpc.java:265)
	at org.apache.ratis.grpc.server.GrpcServerProtocolClient.requestVote(GrpcServerProtocolClient.java:99)
	at org.apache.ratis.grpc.server.GrpcService.requestVote(GrpcService.java:204)
	at org.apache.ratis.server.impl.LeaderElection.lambda$submitRequests$1(LeaderElection.java:234)
	at java.util.concurrent.FutureTask.run(FutureTask.java:266)
	at java.util.concurrent.Executors$RunnableAdapter.call(Executors.java:511)
	at java.util.concurrent.FutureTask.run(FutureTask.java:266)
	at java.util.concurrent.ThreadPoolExecutor.runWorker(ThreadPoolExecutor.java:1149)
	at java.util.concurrent.ThreadPoolExecutor$Worker.run(ThreadPoolExecutor.java:624)
	... 1 more
Caused by: org.apache.ratis.thirdparty.io.netty.channel.AbstractChannel$AnnotatedConnectException: Connection refused: /192.168.157.254:36038
	at sun.nio.ch.SocketChannelImpl.checkConnect(Native Method)
	at sun.nio.ch.SocketChannelImpl.finishConnect(SocketChannelImpl.java:717)
	at org.apache.ratis.thirdparty.io.netty.channel.socket.nio.NioSocketChannel.doFinishConnect(NioSocketChannel.java:327)
	at org.apache.ratis.thirdparty.io.netty.channel.nio.AbstractNioChannel$AbstractNioUnsafe.finishConnect(AbstractNioChannel.java:340)
	at org.apache.ratis.thirdparty.io.netty.channel.nio.NioEventLoop.processSelectedKey(NioEventLoop.java:632)
	at org.apache.ratis.thirdparty.io.netty.channel.nio.NioEventLoop.processSelectedKeysOptimized(NioEventLoop.java:579)
	at org.apache.ratis.thirdparty.io.netty.channel.nio.NioEventLoop.processSelectedKeys(NioEventLoop.java:496)
	at org.apache.ratis.thirdparty.io.netty.channel.nio.NioEventLoop.run(NioEventLoop.java:458)
	at org.apache.ratis.thirdparty.io.netty.util.concurrent.SingleThreadEventExecutor$5.run(SingleThreadEventExecutor.java:897)
	at org.apache.ratis.thirdparty.io.netty.util.concurrent.FastThreadLocalRunnable.run(FastThreadLocalRunnable.java:30)
	... 1 more
Caused by: java.net.ConnectException: Connection refused
	... 11 more
2019-10-22 00:13:15,093 [2fdb3e93-e0d8-400e-8c33-91e2341b50c6@group-F01152B53F91-LeaderElection184] INFO  impl.RaftServerImpl (RaftServerImpl.java:setRole(184)) - 2fdb3e93-e0d8-400e-8c33-91e2341b50c6@group-F01152B53F91: changes role from CANDIDATE to FOLLOWER at term 183 for DISCOVERED_A_NEW_TERM
2019-10-22 00:13:15,093 [2fdb3e93-e0d8-400e-8c33-91e2341b50c6@group-F01152B53F91-LeaderElection184] INFO  impl.RoleInfo (RoleInfo.java:shutdownLeaderElection(134)) - 2fdb3e93-e0d8-400e-8c33-91e2341b50c6: shutdown LeaderElection
2019-10-22 00:13:15,093 [2fdb3e93-e0d8-400e-8c33-91e2341b50c6@group-F01152B53F91-LeaderElection184] INFO  impl.RoleInfo (RoleInfo.java:updateAndGet(143)) - 2fdb3e93-e0d8-400e-8c33-91e2341b50c6: start FollowerState
2019-10-22 00:13:15,107 [Thread-1726] INFO  impl.FollowerState (FollowerState.java:run(108)) - 2fdb3e93-e0d8-400e-8c33-91e2341b50c6@group-F01152B53F91-FollowerState: change to CANDIDATE, lastRpcTime:13ms, electionTimeout:13ms
2019-10-22 00:13:15,107 [Thread-1726] INFO  impl.RoleInfo (RoleInfo.java:shutdownFollowerState(121)) - 2fdb3e93-e0d8-400e-8c33-91e2341b50c6: shutdown FollowerState
2019-10-22 00:13:15,107 [Thread-1726] INFO  impl.RaftServerImpl (RaftServerImpl.java:setRole(184)) - 2fdb3e93-e0d8-400e-8c33-91e2341b50c6@group-F01152B53F91: changes role from  FOLLOWER to CANDIDATE at term 183 for changeToCandidate
2019-10-22 00:13:15,107 [Thread-1726] INFO  impl.RoleInfo (RoleInfo.java:updateAndGet(143)) - 2fdb3e93-e0d8-400e-8c33-91e2341b50c6: start LeaderElection
2019-10-22 00:13:15,129 [2fdb3e93-e0d8-400e-8c33-91e2341b50c6@group-F01152B53F91-LeaderElection185] INFO  impl.LeaderElection (LeaderElection.java:askForVotes(178)) - 2fdb3e93-e0d8-400e-8c33-91e2341b50c6@group-F01152B53F91-LeaderElection185: begin an election at term 184 for -1: [2fdb3e93-e0d8-400e-8c33-91e2341b50c6:192.168.157.254:43254, 062c71de-08d9-40ee-9309-15590e2e8e68:192.168.157.254:45598, 2a52019e-5647-44e1-bf30-9a43fd8a7377:192.168.157.254:36038], old=null
2019-10-22 00:13:15,130 [2fdb3e93-e0d8-400e-8c33-91e2341b50c6@group-F01152B53F91-LeaderElection185] INFO  impl.LeaderElection (LogUtils.java:infoOrTrace(149)) - 2fdb3e93-e0d8-400e-8c33-91e2341b50c6@group-F01152B53F91-LeaderElection185 got exception when requesting votes: {}
java.util.concurrent.ExecutionException: org.apache.ratis.thirdparty.io.grpc.StatusRuntimeException: UNAVAILABLE: io exception
	at java.util.concurrent.FutureTask.report(FutureTask.java:122)
	at java.util.concurrent.FutureTask.get(FutureTask.java:192)
	at org.apache.ratis.server.impl.LeaderElection.waitForResults(LeaderElection.java:259)
	at org.apache.ratis.server.impl.LeaderElection.askForVotes(LeaderElection.java:197)
	at org.apache.ratis.server.impl.LeaderElection.run(LeaderElection.java:133)
	at java.lang.Thread.run(Thread.java:748)
Caused by: org.apache.ratis.thirdparty.io.grpc.StatusRuntimeException: UNAVAILABLE: io exception
	at org.apache.ratis.thirdparty.io.grpc.stub.ClientCalls.toStatusRuntimeException(ClientCalls.java:233)
	at org.apache.ratis.thirdparty.io.grpc.stub.ClientCalls.getUnchecked(ClientCalls.java:214)
	at org.apache.ratis.thirdparty.io.grpc.stub.ClientCalls.blockingUnaryCall(ClientCalls.java:139)
	at org.apache.ratis.proto.grpc.RaftServerProtocolServiceGrpc$RaftServerProtocolServiceBlockingStub.requestVote(RaftServerProtocolServiceGrpc.java:265)
	at org.apache.ratis.grpc.server.GrpcServerProtocolClient.requestVote(GrpcServerProtocolClient.java:99)
	at org.apache.ratis.grpc.server.GrpcService.requestVote(GrpcService.java:204)
	at org.apache.ratis.server.impl.LeaderElection.lambda$submitRequests$1(LeaderElection.java:234)
	at java.util.concurrent.FutureTask.run(FutureTask.java:266)
	at java.util.concurrent.Executors$RunnableAdapter.call(Executors.java:511)
	at java.util.concurrent.FutureTask.run(FutureTask.java:266)
	at java.util.concurrent.ThreadPoolExecutor.runWorker(ThreadPoolExecutor.java:1149)
	at java.util.concurrent.ThreadPoolExecutor$Worker.run(ThreadPoolExecutor.java:624)
	... 1 more
Caused by: org.apache.ratis.thirdparty.io.netty.channel.AbstractChannel$AnnotatedConnectException: Connection refused: /192.168.157.254:36038
	at sun.nio.ch.SocketChannelImpl.checkConnect(Native Method)
	at sun.nio.ch.SocketChannelImpl.finishConnect(SocketChannelImpl.java:717)
	at org.apache.ratis.thirdparty.io.netty.channel.socket.nio.NioSocketChannel.doFinishConnect(NioSocketChannel.java:327)
	at org.apache.ratis.thirdparty.io.netty.channel.nio.AbstractNioChannel$AbstractNioUnsafe.finishConnect(AbstractNioChannel.java:340)
	at org.apache.ratis.thirdparty.io.netty.channel.nio.NioEventLoop.processSelectedKey(NioEventLoop.java:632)
	at org.apache.ratis.thirdparty.io.netty.channel.nio.NioEventLoop.processSelectedKeysOptimized(NioEventLoop.java:579)
	at org.apache.ratis.thirdparty.io.netty.channel.nio.NioEventLoop.processSelectedKeys(NioEventLoop.java:496)
	at org.apache.ratis.thirdparty.io.netty.channel.nio.NioEventLoop.run(NioEventLoop.java:458)
	at org.apache.ratis.thirdparty.io.netty.util.concurrent.SingleThreadEventExecutor$5.run(SingleThreadEventExecutor.java:897)
	at org.apache.ratis.thirdparty.io.netty.util.concurrent.FastThreadLocalRunnable.run(FastThreadLocalRunnable.java:30)
	... 1 more
Caused by: java.net.ConnectException: Connection refused
	... 11 more
2019-10-22 00:13:15,132 [grpc-default-executor-3] INFO  impl.RaftServerImpl (RaftServerImpl.java:setRole(184)) - 062c71de-08d9-40ee-9309-15590e2e8e68@group-F01152B53F91: changes role from  FOLLOWER to FOLLOWER at term 184 for recognizeCandidate:2fdb3e93-e0d8-400e-8c33-91e2341b50c6
2019-10-22 00:13:15,132 [grpc-default-executor-3] INFO  impl.RoleInfo (RoleInfo.java:shutdownFollowerState(121)) - 062c71de-08d9-40ee-9309-15590e2e8e68: shutdown FollowerState
2019-10-22 00:13:15,133 [grpc-default-executor-3] INFO  impl.RoleInfo (RoleInfo.java:updateAndGet(143)) - 062c71de-08d9-40ee-9309-15590e2e8e68: start FollowerState
2019-10-22 00:13:15,133 [Thread-1725] INFO  impl.FollowerState (FollowerState.java:run(117)) - 062c71de-08d9-40ee-9309-15590e2e8e68@group-F01152B53F91-FollowerState was interrupted: java.lang.InterruptedException: sleep interrupted
2019-10-22 00:13:15,170 [2fdb3e93-e0d8-400e-8c33-91e2341b50c6@group-F01152B53F91-LeaderElection185] INFO  impl.LeaderElection (LeaderElection.java:logAndReturn(56)) - 2fdb3e93-e0d8-400e-8c33-91e2341b50c6@group-F01152B53F91-LeaderElection185: Election REJECTED; received 1 response(s) [2fdb3e93-e0d8-400e-8c33-91e2341b50c6<-062c71de-08d9-40ee-9309-15590e2e8e68#0:FAIL-t184] and 1 exception(s); 2fdb3e93-e0d8-400e-8c33-91e2341b50c6@group-F01152B53F91:t184, leader=null, voted=2fdb3e93-e0d8-400e-8c33-91e2341b50c6, raftlog=2fdb3e93-e0d8-400e-8c33-91e2341b50c6@group-F01152B53F91-SegmentedRaftLog:OPENED:c-1,f-1,i0, conf=-1: [2fdb3e93-e0d8-400e-8c33-91e2341b50c6:192.168.157.254:43254, 062c71de-08d9-40ee-9309-15590e2e8e68:192.168.157.254:45598, 2a52019e-5647-44e1-bf30-9a43fd8a7377:192.168.157.254:36038], old=null
2019-10-22 00:13:15,170 [2fdb3e93-e0d8-400e-8c33-91e2341b50c6@group-F01152B53F91-LeaderElection185] INFO  impl.LeaderElection (LogUtils.java:infoOrTrace(149)) -   Exception 0: {}
java.util.concurrent.ExecutionException: org.apache.ratis.thirdparty.io.grpc.StatusRuntimeException: UNAVAILABLE: io exception
	at java.util.concurrent.FutureTask.report(FutureTask.java:122)
	at java.util.concurrent.FutureTask.get(FutureTask.java:192)
	at org.apache.ratis.server.impl.LeaderElection.waitForResults(LeaderElection.java:259)
	at org.apache.ratis.server.impl.LeaderElection.askForVotes(LeaderElection.java:197)
	at org.apache.ratis.server.impl.LeaderElection.run(LeaderElection.java:133)
	at java.lang.Thread.run(Thread.java:748)
Caused by: org.apache.ratis.thirdparty.io.grpc.StatusRuntimeException: UNAVAILABLE: io exception
	at org.apache.ratis.thirdparty.io.grpc.stub.ClientCalls.toStatusRuntimeException(ClientCalls.java:233)
	at org.apache.ratis.thirdparty.io.grpc.stub.ClientCalls.getUnchecked(ClientCalls.java:214)
	at org.apache.ratis.thirdparty.io.grpc.stub.ClientCalls.blockingUnaryCall(ClientCalls.java:139)
	at org.apache.ratis.proto.grpc.RaftServerProtocolServiceGrpc$RaftServerProtocolServiceBlockingStub.requestVote(RaftServerProtocolServiceGrpc.java:265)
	at org.apache.ratis.grpc.server.GrpcServerProtocolClient.requestVote(GrpcServerProtocolClient.java:99)
	at org.apache.ratis.grpc.server.GrpcService.requestVote(GrpcService.java:204)
	at org.apache.ratis.server.impl.LeaderElection.lambda$submitRequests$1(LeaderElection.java:234)
	at java.util.concurrent.FutureTask.run(FutureTask.java:266)
	at java.util.concurrent.Executors$RunnableAdapter.call(Executors.java:511)
	at java.util.concurrent.FutureTask.run(FutureTask.java:266)
	at java.util.concurrent.ThreadPoolExecutor.runWorker(ThreadPoolExecutor.java:1149)
	at java.util.concurrent.ThreadPoolExecutor$Worker.run(ThreadPoolExecutor.java:624)
	... 1 more
Caused by: org.apache.ratis.thirdparty.io.netty.channel.AbstractChannel$AnnotatedConnectException: Connection refused: /192.168.157.254:36038
	at sun.nio.ch.SocketChannelImpl.checkConnect(Native Method)
	at sun.nio.ch.SocketChannelImpl.finishConnect(SocketChannelImpl.java:717)
	at org.apache.ratis.thirdparty.io.netty.channel.socket.nio.NioSocketChannel.doFinishConnect(NioSocketChannel.java:327)
	at org.apache.ratis.thirdparty.io.netty.channel.nio.AbstractNioChannel$AbstractNioUnsafe.finishConnect(AbstractNioChannel.java:340)
	at org.apache.ratis.thirdparty.io.netty.channel.nio.NioEventLoop.processSelectedKey(NioEventLoop.java:632)
	at org.apache.ratis.thirdparty.io.netty.channel.nio.NioEventLoop.processSelectedKeysOptimized(NioEventLoop.java:579)
	at org.apache.ratis.thirdparty.io.netty.channel.nio.NioEventLoop.processSelectedKeys(NioEventLoop.java:496)
	at org.apache.ratis.thirdparty.io.netty.channel.nio.NioEventLoop.run(NioEventLoop.java:458)
	at org.apache.ratis.thirdparty.io.netty.util.concurrent.SingleThreadEventExecutor$5.run(SingleThreadEventExecutor.java:897)
	at org.apache.ratis.thirdparty.io.netty.util.concurrent.FastThreadLocalRunnable.run(FastThreadLocalRunnable.java:30)
	... 1 more
Caused by: java.net.ConnectException: Connection refused
	... 11 more
2019-10-22 00:13:15,171 [2fdb3e93-e0d8-400e-8c33-91e2341b50c6@group-F01152B53F91-LeaderElection185] INFO  impl.RaftServerImpl (RaftServerImpl.java:setRole(184)) - 2fdb3e93-e0d8-400e-8c33-91e2341b50c6@group-F01152B53F91: changes role from CANDIDATE to FOLLOWER at term 184 for DISCOVERED_A_NEW_TERM
2019-10-22 00:13:15,171 [2fdb3e93-e0d8-400e-8c33-91e2341b50c6@group-F01152B53F91-LeaderElection185] INFO  impl.RoleInfo (RoleInfo.java:shutdownLeaderElection(134)) - 2fdb3e93-e0d8-400e-8c33-91e2341b50c6: shutdown LeaderElection
2019-10-22 00:13:15,171 [2fdb3e93-e0d8-400e-8c33-91e2341b50c6@group-F01152B53F91-LeaderElection185] INFO  impl.RoleInfo (RoleInfo.java:updateAndGet(143)) - 2fdb3e93-e0d8-400e-8c33-91e2341b50c6: start FollowerState
2019-10-22 00:13:15,173 [Thread-1731] INFO  impl.FollowerState (FollowerState.java:run(108)) - 2fdb3e93-e0d8-400e-8c33-91e2341b50c6@group-F01152B53F91-FollowerState: change to CANDIDATE, lastRpcTime:1ms, electionTimeout:1ms
2019-10-22 00:13:15,173 [Thread-1731] INFO  impl.RoleInfo (RoleInfo.java:shutdownFollowerState(121)) - 2fdb3e93-e0d8-400e-8c33-91e2341b50c6: shutdown FollowerState
2019-10-22 00:13:15,173 [Thread-1731] INFO  impl.RaftServerImpl (RaftServerImpl.java:setRole(184)) - 2fdb3e93-e0d8-400e-8c33-91e2341b50c6@group-F01152B53F91: changes role from  FOLLOWER to CANDIDATE at term 184 for changeToCandidate
2019-10-22 00:13:15,173 [Thread-1731] INFO  impl.RoleInfo (RoleInfo.java:updateAndGet(143)) - 2fdb3e93-e0d8-400e-8c33-91e2341b50c6: start LeaderElection
2019-10-22 00:13:15,235 [2fdb3e93-e0d8-400e-8c33-91e2341b50c6@group-F01152B53F91-LeaderElection186] INFO  impl.LeaderElection (LeaderElection.java:askForVotes(178)) - 2fdb3e93-e0d8-400e-8c33-91e2341b50c6@group-F01152B53F91-LeaderElection186: begin an election at term 185 for -1: [2fdb3e93-e0d8-400e-8c33-91e2341b50c6:192.168.157.254:43254, 062c71de-08d9-40ee-9309-15590e2e8e68:192.168.157.254:45598, 2a52019e-5647-44e1-bf30-9a43fd8a7377:192.168.157.254:36038], old=null
2019-10-22 00:13:15,235 [2fdb3e93-e0d8-400e-8c33-91e2341b50c6@group-F01152B53F91-LeaderElection186] INFO  impl.LeaderElection (LogUtils.java:infoOrTrace(149)) - 2fdb3e93-e0d8-400e-8c33-91e2341b50c6@group-F01152B53F91-LeaderElection186 got exception when requesting votes: {}
java.util.concurrent.ExecutionException: org.apache.ratis.thirdparty.io.grpc.StatusRuntimeException: UNAVAILABLE: io exception
	at java.util.concurrent.FutureTask.report(FutureTask.java:122)
	at java.util.concurrent.FutureTask.get(FutureTask.java:192)
	at org.apache.ratis.server.impl.LeaderElection.waitForResults(LeaderElection.java:259)
	at org.apache.ratis.server.impl.LeaderElection.askForVotes(LeaderElection.java:197)
	at org.apache.ratis.server.impl.LeaderElection.run(LeaderElection.java:133)
	at java.lang.Thread.run(Thread.java:748)
Caused by: org.apache.ratis.thirdparty.io.grpc.StatusRuntimeException: UNAVAILABLE: io exception
	at org.apache.ratis.thirdparty.io.grpc.stub.ClientCalls.toStatusRuntimeException(ClientCalls.java:233)
	at org.apache.ratis.thirdparty.io.grpc.stub.ClientCalls.getUnchecked(ClientCalls.java:214)
	at org.apache.ratis.thirdparty.io.grpc.stub.ClientCalls.blockingUnaryCall(ClientCalls.java:139)
	at org.apache.ratis.proto.grpc.RaftServerProtocolServiceGrpc$RaftServerProtocolServiceBlockingStub.requestVote(RaftServerProtocolServiceGrpc.java:265)
	at org.apache.ratis.grpc.server.GrpcServerProtocolClient.requestVote(GrpcServerProtocolClient.java:99)
	at org.apache.ratis.grpc.server.GrpcService.requestVote(GrpcService.java:204)
	at org.apache.ratis.server.impl.LeaderElection.lambda$submitRequests$1(LeaderElection.java:234)
	at java.util.concurrent.FutureTask.run(FutureTask.java:266)
	at java.util.concurrent.Executors$RunnableAdapter.call(Executors.java:511)
	at java.util.concurrent.FutureTask.run(FutureTask.java:266)
	at java.util.concurrent.ThreadPoolExecutor.runWorker(ThreadPoolExecutor.java:1149)
	at java.util.concurrent.ThreadPoolExecutor$Worker.run(ThreadPoolExecutor.java:624)
	... 1 more
Caused by: org.apache.ratis.thirdparty.io.netty.channel.AbstractChannel$AnnotatedConnectException: Connection refused: /192.168.157.254:36038
	at sun.nio.ch.SocketChannelImpl.checkConnect(Native Method)
	at sun.nio.ch.SocketChannelImpl.finishConnect(SocketChannelImpl.java:717)
	at org.apache.ratis.thirdparty.io.netty.channel.socket.nio.NioSocketChannel.doFinishConnect(NioSocketChannel.java:327)
	at org.apache.ratis.thirdparty.io.netty.channel.nio.AbstractNioChannel$AbstractNioUnsafe.finishConnect(AbstractNioChannel.java:340)
	at org.apache.ratis.thirdparty.io.netty.channel.nio.NioEventLoop.processSelectedKey(NioEventLoop.java:632)
	at org.apache.ratis.thirdparty.io.netty.channel.nio.NioEventLoop.processSelectedKeysOptimized(NioEventLoop.java:579)
	at org.apache.ratis.thirdparty.io.netty.channel.nio.NioEventLoop.processSelectedKeys(NioEventLoop.java:496)
	at org.apache.ratis.thirdparty.io.netty.channel.nio.NioEventLoop.run(NioEventLoop.java:458)
	at org.apache.ratis.thirdparty.io.netty.util.concurrent.SingleThreadEventExecutor$5.run(SingleThreadEventExecutor.java:897)
	at org.apache.ratis.thirdparty.io.netty.util.concurrent.FastThreadLocalRunnable.run(FastThreadLocalRunnable.java:30)
	... 1 more
Caused by: java.net.ConnectException: Connection refused
	... 11 more
2019-10-22 00:13:15,238 [grpc-default-executor-3] INFO  impl.RaftServerImpl (RaftServerImpl.java:setRole(184)) - 062c71de-08d9-40ee-9309-15590e2e8e68@group-F01152B53F91: changes role from  FOLLOWER to FOLLOWER at term 185 for recognizeCandidate:2fdb3e93-e0d8-400e-8c33-91e2341b50c6
2019-10-22 00:13:15,238 [grpc-default-executor-3] INFO  impl.RoleInfo (RoleInfo.java:shutdownFollowerState(121)) - 062c71de-08d9-40ee-9309-15590e2e8e68: shutdown FollowerState
2019-10-22 00:13:15,238 [grpc-default-executor-3] INFO  impl.RoleInfo (RoleInfo.java:updateAndGet(143)) - 062c71de-08d9-40ee-9309-15590e2e8e68: start FollowerState
2019-10-22 00:13:15,238 [Thread-1730] INFO  impl.FollowerState (FollowerState.java:run(117)) - 062c71de-08d9-40ee-9309-15590e2e8e68@group-F01152B53F91-FollowerState was interrupted: java.lang.InterruptedException: sleep interrupted
2019-10-22 00:13:15,296 [java.util.concurrent.ThreadPoolExecutor$Worker@c41ae0f[State = -1, empty queue]] WARN  server.GrpcLogAppender (GrpcLogAppender.java:timeoutAppendRequest(209)) - fad63ceb-ed14-4322-905d-6ef3599ac734@group-0045C62F497D->5732e052-e19f-40fe-a104-972211db20fb-GrpcLogAppender: appendEntries Timeout, request=fad63ceb-ed14-4322-905d-6ef3599ac734->5732e052-e19f-40fe-a104-972211db20fb#41-t1, previous=(t:1, i:0), leaderCommit=0, initializing? false, entries: <empty>
2019-10-22 00:13:15,303 [2fdb3e93-e0d8-400e-8c33-91e2341b50c6@group-F01152B53F91-LeaderElection186] INFO  impl.LeaderElection (LeaderElection.java:logAndReturn(56)) - 2fdb3e93-e0d8-400e-8c33-91e2341b50c6@group-F01152B53F91-LeaderElection186: Election REJECTED; received 1 response(s) [2fdb3e93-e0d8-400e-8c33-91e2341b50c6<-062c71de-08d9-40ee-9309-15590e2e8e68#0:FAIL-t185] and 1 exception(s); 2fdb3e93-e0d8-400e-8c33-91e2341b50c6@group-F01152B53F91:t185, leader=null, voted=2fdb3e93-e0d8-400e-8c33-91e2341b50c6, raftlog=2fdb3e93-e0d8-400e-8c33-91e2341b50c6@group-F01152B53F91-SegmentedRaftLog:OPENED:c-1,f-1,i0, conf=-1: [2fdb3e93-e0d8-400e-8c33-91e2341b50c6:192.168.157.254:43254, 062c71de-08d9-40ee-9309-15590e2e8e68:192.168.157.254:45598, 2a52019e-5647-44e1-bf30-9a43fd8a7377:192.168.157.254:36038], old=null
2019-10-22 00:13:15,303 [2fdb3e93-e0d8-400e-8c33-91e2341b50c6@group-F01152B53F91-LeaderElection186] INFO  impl.LeaderElection (LogUtils.java:infoOrTrace(149)) -   Exception 0: {}
java.util.concurrent.ExecutionException: org.apache.ratis.thirdparty.io.grpc.StatusRuntimeException: UNAVAILABLE: io exception
	at java.util.concurrent.FutureTask.report(FutureTask.java:122)
	at java.util.concurrent.FutureTask.get(FutureTask.java:192)
	at org.apache.ratis.server.impl.LeaderElection.waitForResults(LeaderElection.java:259)
	at org.apache.ratis.server.impl.LeaderElection.askForVotes(LeaderElection.java:197)
	at org.apache.ratis.server.impl.LeaderElection.run(LeaderElection.java:133)
	at java.lang.Thread.run(Thread.java:748)
Caused by: org.apache.ratis.thirdparty.io.grpc.StatusRuntimeException: UNAVAILABLE: io exception
	at org.apache.ratis.thirdparty.io.grpc.stub.ClientCalls.toStatusRuntimeException(ClientCalls.java:233)
	at org.apache.ratis.thirdparty.io.grpc.stub.ClientCalls.getUnchecked(ClientCalls.java:214)
	at org.apache.ratis.thirdparty.io.grpc.stub.ClientCalls.blockingUnaryCall(ClientCalls.java:139)
	at org.apache.ratis.proto.grpc.RaftServerProtocolServiceGrpc$RaftServerProtocolServiceBlockingStub.requestVote(RaftServerProtocolServiceGrpc.java:265)
	at org.apache.ratis.grpc.server.GrpcServerProtocolClient.requestVote(GrpcServerProtocolClient.java:99)
	at org.apache.ratis.grpc.server.GrpcService.requestVote(GrpcService.java:204)
	at org.apache.ratis.server.impl.LeaderElection.lambda$submitRequests$1(LeaderElection.java:234)
	at java.util.concurrent.FutureTask.run(FutureTask.java:266)
	at java.util.concurrent.Executors$RunnableAdapter.call(Executors.java:511)
	at java.util.concurrent.FutureTask.run(FutureTask.java:266)
	at java.util.concurrent.ThreadPoolExecutor.runWorker(ThreadPoolExecutor.java:1149)
	at java.util.concurrent.ThreadPoolExecutor$Worker.run(ThreadPoolExecutor.java:624)
	... 1 more
Caused by: org.apache.ratis.thirdparty.io.netty.channel.AbstractChannel$AnnotatedConnectException: Connection refused: /192.168.157.254:36038
	at sun.nio.ch.SocketChannelImpl.checkConnect(Native Method)
	at sun.nio.ch.SocketChannelImpl.finishConnect(SocketChannelImpl.java:717)
	at org.apache.ratis.thirdparty.io.netty.channel.socket.nio.NioSocketChannel.doFinishConnect(NioSocketChannel.java:327)
	at org.apache.ratis.thirdparty.io.netty.channel.nio.AbstractNioChannel$AbstractNioUnsafe.finishConnect(AbstractNioChannel.java:340)
	at org.apache.ratis.thirdparty.io.netty.channel.nio.NioEventLoop.processSelectedKey(NioEventLoop.java:632)
	at org.apache.ratis.thirdparty.io.netty.channel.nio.NioEventLoop.processSelectedKeysOptimized(NioEventLoop.java:579)
	at org.apache.ratis.thirdparty.io.netty.channel.nio.NioEventLoop.processSelectedKeys(NioEventLoop.java:496)
	at org.apache.ratis.thirdparty.io.netty.channel.nio.NioEventLoop.run(NioEventLoop.java:458)
	at org.apache.ratis.thirdparty.io.netty.util.concurrent.SingleThreadEventExecutor$5.run(SingleThreadEventExecutor.java:897)
	at org.apache.ratis.thirdparty.io.netty.util.concurrent.FastThreadLocalRunnable.run(FastThreadLocalRunnable.java:30)
	... 1 more
Caused by: java.net.ConnectException: Connection refused
	... 11 more
2019-10-22 00:13:15,304 [2fdb3e93-e0d8-400e-8c33-91e2341b50c6@group-F01152B53F91-LeaderElection186] INFO  impl.RaftServerImpl (RaftServerImpl.java:setRole(184)) - 2fdb3e93-e0d8-400e-8c33-91e2341b50c6@group-F01152B53F91: changes role from CANDIDATE to FOLLOWER at term 185 for DISCOVERED_A_NEW_TERM
2019-10-22 00:13:15,304 [2fdb3e93-e0d8-400e-8c33-91e2341b50c6@group-F01152B53F91-LeaderElection186] INFO  impl.RoleInfo (RoleInfo.java:shutdownLeaderElection(134)) - 2fdb3e93-e0d8-400e-8c33-91e2341b50c6: shutdown LeaderElection
2019-10-22 00:13:15,304 [2fdb3e93-e0d8-400e-8c33-91e2341b50c6@group-F01152B53F91-LeaderElection186] INFO  impl.RoleInfo (RoleInfo.java:updateAndGet(143)) - 2fdb3e93-e0d8-400e-8c33-91e2341b50c6: start FollowerState
2019-10-22 00:13:15,444 [Thread-1736] INFO  impl.FollowerState (FollowerState.java:run(108)) - 2fdb3e93-e0d8-400e-8c33-91e2341b50c6@group-F01152B53F91-FollowerState: change to CANDIDATE, lastRpcTime:140ms, electionTimeout:140ms
2019-10-22 00:13:15,445 [Thread-1736] INFO  impl.RoleInfo (RoleInfo.java:shutdownFollowerState(121)) - 2fdb3e93-e0d8-400e-8c33-91e2341b50c6: shutdown FollowerState
2019-10-22 00:13:15,445 [Thread-1736] INFO  impl.RaftServerImpl (RaftServerImpl.java:setRole(184)) - 2fdb3e93-e0d8-400e-8c33-91e2341b50c6@group-F01152B53F91: changes role from  FOLLOWER to CANDIDATE at term 185 for changeToCandidate
2019-10-22 00:13:15,445 [Thread-1736] INFO  impl.RoleInfo (RoleInfo.java:updateAndGet(143)) - 2fdb3e93-e0d8-400e-8c33-91e2341b50c6: start LeaderElection
2019-10-22 00:13:15,459 [2fdb3e93-e0d8-400e-8c33-91e2341b50c6@group-F01152B53F91-LeaderElection187] INFO  impl.LeaderElection (LeaderElection.java:askForVotes(178)) - 2fdb3e93-e0d8-400e-8c33-91e2341b50c6@group-F01152B53F91-LeaderElection187: begin an election at term 186 for -1: [2fdb3e93-e0d8-400e-8c33-91e2341b50c6:192.168.157.254:43254, 062c71de-08d9-40ee-9309-15590e2e8e68:192.168.157.254:45598, 2a52019e-5647-44e1-bf30-9a43fd8a7377:192.168.157.254:36038], old=null
2019-10-22 00:13:15,460 [2fdb3e93-e0d8-400e-8c33-91e2341b50c6@group-F01152B53F91-LeaderElection187] INFO  impl.LeaderElection (LogUtils.java:infoOrTrace(149)) - 2fdb3e93-e0d8-400e-8c33-91e2341b50c6@group-F01152B53F91-LeaderElection187 got exception when requesting votes: {}
java.util.concurrent.ExecutionException: org.apache.ratis.thirdparty.io.grpc.StatusRuntimeException: UNAVAILABLE: io exception
	at java.util.concurrent.FutureTask.report(FutureTask.java:122)
	at java.util.concurrent.FutureTask.get(FutureTask.java:192)
	at org.apache.ratis.server.impl.LeaderElection.waitForResults(LeaderElection.java:259)
	at org.apache.ratis.server.impl.LeaderElection.askForVotes(LeaderElection.java:197)
	at org.apache.ratis.server.impl.LeaderElection.run(LeaderElection.java:133)
	at java.lang.Thread.run(Thread.java:748)
Caused by: org.apache.ratis.thirdparty.io.grpc.StatusRuntimeException: UNAVAILABLE: io exception
	at org.apache.ratis.thirdparty.io.grpc.stub.ClientCalls.toStatusRuntimeException(ClientCalls.java:233)
	at org.apache.ratis.thirdparty.io.grpc.stub.ClientCalls.getUnchecked(ClientCalls.java:214)
	at org.apache.ratis.thirdparty.io.grpc.stub.ClientCalls.blockingUnaryCall(ClientCalls.java:139)
	at org.apache.ratis.proto.grpc.RaftServerProtocolServiceGrpc$RaftServerProtocolServiceBlockingStub.requestVote(RaftServerProtocolServiceGrpc.java:265)
	at org.apache.ratis.grpc.server.GrpcServerProtocolClient.requestVote(GrpcServerProtocolClient.java:99)
	at org.apache.ratis.grpc.server.GrpcService.requestVote(GrpcService.java:204)
	at org.apache.ratis.server.impl.LeaderElection.lambda$submitRequests$1(LeaderElection.java:234)
	at java.util.concurrent.FutureTask.run(FutureTask.java:266)
	at java.util.concurrent.Executors$RunnableAdapter.call(Executors.java:511)
	at java.util.concurrent.FutureTask.run(FutureTask.java:266)
	at java.util.concurrent.ThreadPoolExecutor.runWorker(ThreadPoolExecutor.java:1149)
	at java.util.concurrent.ThreadPoolExecutor$Worker.run(ThreadPoolExecutor.java:624)
	... 1 more
Caused by: org.apache.ratis.thirdparty.io.netty.channel.AbstractChannel$AnnotatedConnectException: Connection refused: /192.168.157.254:36038
	at sun.nio.ch.SocketChannelImpl.checkConnect(Native Method)
	at sun.nio.ch.SocketChannelImpl.finishConnect(SocketChannelImpl.java:717)
	at org.apache.ratis.thirdparty.io.netty.channel.socket.nio.NioSocketChannel.doFinishConnect(NioSocketChannel.java:327)
	at org.apache.ratis.thirdparty.io.netty.channel.nio.AbstractNioChannel$AbstractNioUnsafe.finishConnect(AbstractNioChannel.java:340)
	at org.apache.ratis.thirdparty.io.netty.channel.nio.NioEventLoop.processSelectedKey(NioEventLoop.java:632)
	at org.apache.ratis.thirdparty.io.netty.channel.nio.NioEventLoop.processSelectedKeysOptimized(NioEventLoop.java:579)
	at org.apache.ratis.thirdparty.io.netty.channel.nio.NioEventLoop.processSelectedKeys(NioEventLoop.java:496)
	at org.apache.ratis.thirdparty.io.netty.channel.nio.NioEventLoop.run(NioEventLoop.java:458)
	at org.apache.ratis.thirdparty.io.netty.util.concurrent.SingleThreadEventExecutor$5.run(SingleThreadEventExecutor.java:897)
	at org.apache.ratis.thirdparty.io.netty.util.concurrent.FastThreadLocalRunnable.run(FastThreadLocalRunnable.java:30)
	... 1 more
Caused by: java.net.ConnectException: Connection refused
	... 11 more
2019-10-22 00:13:15,462 [grpc-default-executor-3] INFO  impl.RaftServerImpl (RaftServerImpl.java:setRole(184)) - 062c71de-08d9-40ee-9309-15590e2e8e68@group-F01152B53F91: changes role from  FOLLOWER to FOLLOWER at term 186 for recognizeCandidate:2fdb3e93-e0d8-400e-8c33-91e2341b50c6
2019-10-22 00:13:15,463 [grpc-default-executor-3] INFO  impl.RoleInfo (RoleInfo.java:shutdownFollowerState(121)) - 062c71de-08d9-40ee-9309-15590e2e8e68: shutdown FollowerState
2019-10-22 00:13:15,463 [grpc-default-executor-3] INFO  impl.RoleInfo (RoleInfo.java:updateAndGet(143)) - 062c71de-08d9-40ee-9309-15590e2e8e68: start FollowerState
2019-10-22 00:13:15,463 [Thread-1735] INFO  impl.FollowerState (FollowerState.java:run(117)) - 062c71de-08d9-40ee-9309-15590e2e8e68@group-F01152B53F91-FollowerState was interrupted: java.lang.InterruptedException: sleep interrupted
2019-10-22 00:13:15,476 [2fdb3e93-e0d8-400e-8c33-91e2341b50c6@group-F01152B53F91-LeaderElection187] INFO  impl.LeaderElection (LeaderElection.java:logAndReturn(56)) - 2fdb3e93-e0d8-400e-8c33-91e2341b50c6@group-F01152B53F91-LeaderElection187: Election REJECTED; received 1 response(s) [2fdb3e93-e0d8-400e-8c33-91e2341b50c6<-062c71de-08d9-40ee-9309-15590e2e8e68#0:FAIL-t186] and 1 exception(s); 2fdb3e93-e0d8-400e-8c33-91e2341b50c6@group-F01152B53F91:t186, leader=null, voted=2fdb3e93-e0d8-400e-8c33-91e2341b50c6, raftlog=2fdb3e93-e0d8-400e-8c33-91e2341b50c6@group-F01152B53F91-SegmentedRaftLog:OPENED:c-1,f-1,i0, conf=-1: [2fdb3e93-e0d8-400e-8c33-91e2341b50c6:192.168.157.254:43254, 062c71de-08d9-40ee-9309-15590e2e8e68:192.168.157.254:45598, 2a52019e-5647-44e1-bf30-9a43fd8a7377:192.168.157.254:36038], old=null
2019-10-22 00:13:15,476 [2fdb3e93-e0d8-400e-8c33-91e2341b50c6@group-F01152B53F91-LeaderElection187] INFO  impl.LeaderElection (LogUtils.java:infoOrTrace(149)) -   Exception 0: {}
java.util.concurrent.ExecutionException: org.apache.ratis.thirdparty.io.grpc.StatusRuntimeException: UNAVAILABLE: io exception
	at java.util.concurrent.FutureTask.report(FutureTask.java:122)
	at java.util.concurrent.FutureTask.get(FutureTask.java:192)
	at org.apache.ratis.server.impl.LeaderElection.waitForResults(LeaderElection.java:259)
	at org.apache.ratis.server.impl.LeaderElection.askForVotes(LeaderElection.java:197)
	at org.apache.ratis.server.impl.LeaderElection.run(LeaderElection.java:133)
	at java.lang.Thread.run(Thread.java:748)
Caused by: org.apache.ratis.thirdparty.io.grpc.StatusRuntimeException: UNAVAILABLE: io exception
	at org.apache.ratis.thirdparty.io.grpc.stub.ClientCalls.toStatusRuntimeException(ClientCalls.java:233)
	at org.apache.ratis.thirdparty.io.grpc.stub.ClientCalls.getUnchecked(ClientCalls.java:214)
	at org.apache.ratis.thirdparty.io.grpc.stub.ClientCalls.blockingUnaryCall(ClientCalls.java:139)
	at org.apache.ratis.proto.grpc.RaftServerProtocolServiceGrpc$RaftServerProtocolServiceBlockingStub.requestVote(RaftServerProtocolServiceGrpc.java:265)
	at org.apache.ratis.grpc.server.GrpcServerProtocolClient.requestVote(GrpcServerProtocolClient.java:99)
	at org.apache.ratis.grpc.server.GrpcService.requestVote(GrpcService.java:204)
	at org.apache.ratis.server.impl.LeaderElection.lambda$submitRequests$1(LeaderElection.java:234)
	at java.util.concurrent.FutureTask.run(FutureTask.java:266)
	at java.util.concurrent.Executors$RunnableAdapter.call(Executors.java:511)
	at java.util.concurrent.FutureTask.run(FutureTask.java:266)
	at java.util.concurrent.ThreadPoolExecutor.runWorker(ThreadPoolExecutor.java:1149)
	at java.util.concurrent.ThreadPoolExecutor$Worker.run(ThreadPoolExecutor.java:624)
	... 1 more
Caused by: org.apache.ratis.thirdparty.io.netty.channel.AbstractChannel$AnnotatedConnectException: Connection refused: /192.168.157.254:36038
	at sun.nio.ch.SocketChannelImpl.checkConnect(Native Method)
	at sun.nio.ch.SocketChannelImpl.finishConnect(SocketChannelImpl.java:717)
	at org.apache.ratis.thirdparty.io.netty.channel.socket.nio.NioSocketChannel.doFinishConnect(NioSocketChannel.java:327)
	at org.apache.ratis.thirdparty.io.netty.channel.nio.AbstractNioChannel$AbstractNioUnsafe.finishConnect(AbstractNioChannel.java:340)
	at org.apache.ratis.thirdparty.io.netty.channel.nio.NioEventLoop.processSelectedKey(NioEventLoop.java:632)
	at org.apache.ratis.thirdparty.io.netty.channel.nio.NioEventLoop.processSelectedKeysOptimized(NioEventLoop.java:579)
	at org.apache.ratis.thirdparty.io.netty.channel.nio.NioEventLoop.processSelectedKeys(NioEventLoop.java:496)
	at org.apache.ratis.thirdparty.io.netty.channel.nio.NioEventLoop.run(NioEventLoop.java:458)
	at org.apache.ratis.thirdparty.io.netty.util.concurrent.SingleThreadEventExecutor$5.run(SingleThreadEventExecutor.java:897)
	at org.apache.ratis.thirdparty.io.netty.util.concurrent.FastThreadLocalRunnable.run(FastThreadLocalRunnable.java:30)
	... 1 more
Caused by: java.net.ConnectException: Connection refused
	... 11 more
2019-10-22 00:13:15,477 [2fdb3e93-e0d8-400e-8c33-91e2341b50c6@group-F01152B53F91-LeaderElection187] INFO  impl.RaftServerImpl (RaftServerImpl.java:setRole(184)) - 2fdb3e93-e0d8-400e-8c33-91e2341b50c6@group-F01152B53F91: changes role from CANDIDATE to FOLLOWER at term 186 for DISCOVERED_A_NEW_TERM
2019-10-22 00:13:15,477 [2fdb3e93-e0d8-400e-8c33-91e2341b50c6@group-F01152B53F91-LeaderElection187] INFO  impl.RoleInfo (RoleInfo.java:shutdownLeaderElection(134)) - 2fdb3e93-e0d8-400e-8c33-91e2341b50c6: shutdown LeaderElection
2019-10-22 00:13:15,477 [2fdb3e93-e0d8-400e-8c33-91e2341b50c6@group-F01152B53F91-LeaderElection187] INFO  impl.RoleInfo (RoleInfo.java:updateAndGet(143)) - 2fdb3e93-e0d8-400e-8c33-91e2341b50c6: start FollowerState
2019-10-22 00:13:15,674 [Thread-1743] INFO  impl.FollowerState (FollowerState.java:run(108)) - 2fdb3e93-e0d8-400e-8c33-91e2341b50c6@group-F01152B53F91-FollowerState: change to CANDIDATE, lastRpcTime:197ms, electionTimeout:197ms
2019-10-22 00:13:15,674 [Thread-1743] INFO  impl.RoleInfo (RoleInfo.java:shutdownFollowerState(121)) - 2fdb3e93-e0d8-400e-8c33-91e2341b50c6: shutdown FollowerState
2019-10-22 00:13:15,674 [Thread-1743] INFO  impl.RaftServerImpl (RaftServerImpl.java:setRole(184)) - 2fdb3e93-e0d8-400e-8c33-91e2341b50c6@group-F01152B53F91: changes role from  FOLLOWER to CANDIDATE at term 186 for changeToCandidate
2019-10-22 00:13:15,675 [Thread-1743] INFO  impl.RoleInfo (RoleInfo.java:updateAndGet(143)) - 2fdb3e93-e0d8-400e-8c33-91e2341b50c6: start LeaderElection
2019-10-22 00:13:15,688 [2fdb3e93-e0d8-400e-8c33-91e2341b50c6@group-F01152B53F91-LeaderElection188] INFO  impl.LeaderElection (LeaderElection.java:askForVotes(178)) - 2fdb3e93-e0d8-400e-8c33-91e2341b50c6@group-F01152B53F91-LeaderElection188: begin an election at term 187 for -1: [2fdb3e93-e0d8-400e-8c33-91e2341b50c6:192.168.157.254:43254, 062c71de-08d9-40ee-9309-15590e2e8e68:192.168.157.254:45598, 2a52019e-5647-44e1-bf30-9a43fd8a7377:192.168.157.254:36038], old=null
2019-10-22 00:13:15,689 [2fdb3e93-e0d8-400e-8c33-91e2341b50c6@group-F01152B53F91-LeaderElection188] INFO  impl.LeaderElection (LogUtils.java:infoOrTrace(149)) - 2fdb3e93-e0d8-400e-8c33-91e2341b50c6@group-F01152B53F91-LeaderElection188 got exception when requesting votes: {}
java.util.concurrent.ExecutionException: org.apache.ratis.thirdparty.io.grpc.StatusRuntimeException: UNAVAILABLE: io exception
	at java.util.concurrent.FutureTask.report(FutureTask.java:122)
	at java.util.concurrent.FutureTask.get(FutureTask.java:192)
	at org.apache.ratis.server.impl.LeaderElection.waitForResults(LeaderElection.java:259)
	at org.apache.ratis.server.impl.LeaderElection.askForVotes(LeaderElection.java:197)
	at org.apache.ratis.server.impl.LeaderElection.run(LeaderElection.java:133)
	at java.lang.Thread.run(Thread.java:748)
Caused by: org.apache.ratis.thirdparty.io.grpc.StatusRuntimeException: UNAVAILABLE: io exception
	at org.apache.ratis.thirdparty.io.grpc.stub.ClientCalls.toStatusRuntimeException(ClientCalls.java:233)
	at org.apache.ratis.thirdparty.io.grpc.stub.ClientCalls.getUnchecked(ClientCalls.java:214)
	at org.apache.ratis.thirdparty.io.grpc.stub.ClientCalls.blockingUnaryCall(ClientCalls.java:139)
	at org.apache.ratis.proto.grpc.RaftServerProtocolServiceGrpc$RaftServerProtocolServiceBlockingStub.requestVote(RaftServerProtocolServiceGrpc.java:265)
	at org.apache.ratis.grpc.server.GrpcServerProtocolClient.requestVote(GrpcServerProtocolClient.java:99)
	at org.apache.ratis.grpc.server.GrpcService.requestVote(GrpcService.java:204)
	at org.apache.ratis.server.impl.LeaderElection.lambda$submitRequests$1(LeaderElection.java:234)
	at java.util.concurrent.FutureTask.run(FutureTask.java:266)
	at java.util.concurrent.Executors$RunnableAdapter.call(Executors.java:511)
	at java.util.concurrent.FutureTask.run(FutureTask.java:266)
	at java.util.concurrent.ThreadPoolExecutor.runWorker(ThreadPoolExecutor.java:1149)
	at java.util.concurrent.ThreadPoolExecutor$Worker.run(ThreadPoolExecutor.java:624)
	... 1 more
Caused by: org.apache.ratis.thirdparty.io.netty.channel.AbstractChannel$AnnotatedConnectException: Connection refused: /192.168.157.254:36038
	at sun.nio.ch.SocketChannelImpl.checkConnect(Native Method)
	at sun.nio.ch.SocketChannelImpl.finishConnect(SocketChannelImpl.java:717)
	at org.apache.ratis.thirdparty.io.netty.channel.socket.nio.NioSocketChannel.doFinishConnect(NioSocketChannel.java:327)
	at org.apache.ratis.thirdparty.io.netty.channel.nio.AbstractNioChannel$AbstractNioUnsafe.finishConnect(AbstractNioChannel.java:340)
	at org.apache.ratis.thirdparty.io.netty.channel.nio.NioEventLoop.processSelectedKey(NioEventLoop.java:632)
	at org.apache.ratis.thirdparty.io.netty.channel.nio.NioEventLoop.processSelectedKeysOptimized(NioEventLoop.java:579)
	at org.apache.ratis.thirdparty.io.netty.channel.nio.NioEventLoop.processSelectedKeys(NioEventLoop.java:496)
	at org.apache.ratis.thirdparty.io.netty.channel.nio.NioEventLoop.run(NioEventLoop.java:458)
	at org.apache.ratis.thirdparty.io.netty.util.concurrent.SingleThreadEventExecutor$5.run(SingleThreadEventExecutor.java:897)
	at org.apache.ratis.thirdparty.io.netty.util.concurrent.FastThreadLocalRunnable.run(FastThreadLocalRunnable.java:30)
	... 1 more
Caused by: java.net.ConnectException: Connection refused
	... 11 more
2019-10-22 00:13:15,692 [grpc-default-executor-3] INFO  impl.RaftServerImpl (RaftServerImpl.java:setRole(184)) - 062c71de-08d9-40ee-9309-15590e2e8e68@group-F01152B53F91: changes role from  FOLLOWER to FOLLOWER at term 187 for recognizeCandidate:2fdb3e93-e0d8-400e-8c33-91e2341b50c6
2019-10-22 00:13:15,692 [grpc-default-executor-3] INFO  impl.RoleInfo (RoleInfo.java:shutdownFollowerState(121)) - 062c71de-08d9-40ee-9309-15590e2e8e68: shutdown FollowerState
2019-10-22 00:13:15,692 [grpc-default-executor-3] INFO  impl.RoleInfo (RoleInfo.java:updateAndGet(143)) - 062c71de-08d9-40ee-9309-15590e2e8e68: start FollowerState
2019-10-22 00:13:15,692 [Thread-1741] INFO  impl.FollowerState (FollowerState.java:run(117)) - 062c71de-08d9-40ee-9309-15590e2e8e68@group-F01152B53F91-FollowerState was interrupted: java.lang.InterruptedException: sleep interrupted
2019-10-22 00:13:15,706 [2fdb3e93-e0d8-400e-8c33-91e2341b50c6@group-F01152B53F91-LeaderElection188] INFO  impl.LeaderElection (LeaderElection.java:logAndReturn(56)) - 2fdb3e93-e0d8-400e-8c33-91e2341b50c6@group-F01152B53F91-LeaderElection188: Election REJECTED; received 1 response(s) [2fdb3e93-e0d8-400e-8c33-91e2341b50c6<-062c71de-08d9-40ee-9309-15590e2e8e68#0:FAIL-t187] and 1 exception(s); 2fdb3e93-e0d8-400e-8c33-91e2341b50c6@group-F01152B53F91:t187, leader=null, voted=2fdb3e93-e0d8-400e-8c33-91e2341b50c6, raftlog=2fdb3e93-e0d8-400e-8c33-91e2341b50c6@group-F01152B53F91-SegmentedRaftLog:OPENED:c-1,f-1,i0, conf=-1: [2fdb3e93-e0d8-400e-8c33-91e2341b50c6:192.168.157.254:43254, 062c71de-08d9-40ee-9309-15590e2e8e68:192.168.157.254:45598, 2a52019e-5647-44e1-bf30-9a43fd8a7377:192.168.157.254:36038], old=null
2019-10-22 00:13:15,706 [2fdb3e93-e0d8-400e-8c33-91e2341b50c6@group-F01152B53F91-LeaderElection188] INFO  impl.LeaderElection (LogUtils.java:infoOrTrace(149)) -   Exception 0: {}
java.util.concurrent.ExecutionException: org.apache.ratis.thirdparty.io.grpc.StatusRuntimeException: UNAVAILABLE: io exception
	at java.util.concurrent.FutureTask.report(FutureTask.java:122)
	at java.util.concurrent.FutureTask.get(FutureTask.java:192)
	at org.apache.ratis.server.impl.LeaderElection.waitForResults(LeaderElection.java:259)
	at org.apache.ratis.server.impl.LeaderElection.askForVotes(LeaderElection.java:197)
	at org.apache.ratis.server.impl.LeaderElection.run(LeaderElection.java:133)
	at java.lang.Thread.run(Thread.java:748)
Caused by: org.apache.ratis.thirdparty.io.grpc.StatusRuntimeException: UNAVAILABLE: io exception
	at org.apache.ratis.thirdparty.io.grpc.stub.ClientCalls.toStatusRuntimeException(ClientCalls.java:233)
	at org.apache.ratis.thirdparty.io.grpc.stub.ClientCalls.getUnchecked(ClientCalls.java:214)
	at org.apache.ratis.thirdparty.io.grpc.stub.ClientCalls.blockingUnaryCall(ClientCalls.java:139)
	at org.apache.ratis.proto.grpc.RaftServerProtocolServiceGrpc$RaftServerProtocolServiceBlockingStub.requestVote(RaftServerProtocolServiceGrpc.java:265)
	at org.apache.ratis.grpc.server.GrpcServerProtocolClient.requestVote(GrpcServerProtocolClient.java:99)
	at org.apache.ratis.grpc.server.GrpcService.requestVote(GrpcService.java:204)
	at org.apache.ratis.server.impl.LeaderElection.lambda$submitRequests$1(LeaderElection.java:234)
	at java.util.concurrent.FutureTask.run(FutureTask.java:266)
	at java.util.concurrent.Executors$RunnableAdapter.call(Executors.java:511)
	at java.util.concurrent.FutureTask.run(FutureTask.java:266)
	at java.util.concurrent.ThreadPoolExecutor.runWorker(ThreadPoolExecutor.java:1149)
	at java.util.concurrent.ThreadPoolExecutor$Worker.run(ThreadPoolExecutor.java:624)
	... 1 more
Caused by: org.apache.ratis.thirdparty.io.netty.channel.AbstractChannel$AnnotatedConnectException: Connection refused: /192.168.157.254:36038
	at sun.nio.ch.SocketChannelImpl.checkConnect(Native Method)
	at sun.nio.ch.SocketChannelImpl.finishConnect(SocketChannelImpl.java:717)
	at org.apache.ratis.thirdparty.io.netty.channel.socket.nio.NioSocketChannel.doFinishConnect(NioSocketChannel.java:327)
	at org.apache.ratis.thirdparty.io.netty.channel.nio.AbstractNioChannel$AbstractNioUnsafe.finishConnect(AbstractNioChannel.java:340)
	at org.apache.ratis.thirdparty.io.netty.channel.nio.NioEventLoop.processSelectedKey(NioEventLoop.java:632)
	at org.apache.ratis.thirdparty.io.netty.channel.nio.NioEventLoop.processSelectedKeysOptimized(NioEventLoop.java:579)
	at org.apache.ratis.thirdparty.io.netty.channel.nio.NioEventLoop.processSelectedKeys(NioEventLoop.java:496)
	at org.apache.ratis.thirdparty.io.netty.channel.nio.NioEventLoop.run(NioEventLoop.java:458)
	at org.apache.ratis.thirdparty.io.netty.util.concurrent.SingleThreadEventExecutor$5.run(SingleThreadEventExecutor.java:897)
	at org.apache.ratis.thirdparty.io.netty.util.concurrent.FastThreadLocalRunnable.run(FastThreadLocalRunnable.java:30)
	... 1 more
Caused by: java.net.ConnectException: Connection refused
	... 11 more
2019-10-22 00:13:15,706 [2fdb3e93-e0d8-400e-8c33-91e2341b50c6@group-F01152B53F91-LeaderElection188] INFO  impl.RaftServerImpl (RaftServerImpl.java:setRole(184)) - 2fdb3e93-e0d8-400e-8c33-91e2341b50c6@group-F01152B53F91: changes role from CANDIDATE to FOLLOWER at term 187 for DISCOVERED_A_NEW_TERM
2019-10-22 00:13:15,706 [2fdb3e93-e0d8-400e-8c33-91e2341b50c6@group-F01152B53F91-LeaderElection188] INFO  impl.RoleInfo (RoleInfo.java:shutdownLeaderElection(134)) - 2fdb3e93-e0d8-400e-8c33-91e2341b50c6: shutdown LeaderElection
2019-10-22 00:13:15,707 [2fdb3e93-e0d8-400e-8c33-91e2341b50c6@group-F01152B53F91-LeaderElection188] INFO  impl.RoleInfo (RoleInfo.java:updateAndGet(143)) - 2fdb3e93-e0d8-400e-8c33-91e2341b50c6: start FollowerState
2019-10-22 00:13:15,796 [java.util.concurrent.ThreadPoolExecutor$Worker@c41ae0f[State = -1, empty queue]] WARN  server.GrpcLogAppender (GrpcLogAppender.java:timeoutAppendRequest(209)) - fad63ceb-ed14-4322-905d-6ef3599ac734@group-0045C62F497D->5732e052-e19f-40fe-a104-972211db20fb-GrpcLogAppender: appendEntries Timeout, request=fad63ceb-ed14-4322-905d-6ef3599ac734->5732e052-e19f-40fe-a104-972211db20fb#42-t1, previous=(t:1, i:0), leaderCommit=0, initializing? false, entries: <empty>
2019-10-22 00:13:15,845 [Thread-1748] INFO  impl.FollowerState (FollowerState.java:run(108)) - 2fdb3e93-e0d8-400e-8c33-91e2341b50c6@group-F01152B53F91-FollowerState: change to CANDIDATE, lastRpcTime:138ms, electionTimeout:138ms
2019-10-22 00:13:15,845 [Thread-1748] INFO  impl.RoleInfo (RoleInfo.java:shutdownFollowerState(121)) - 2fdb3e93-e0d8-400e-8c33-91e2341b50c6: shutdown FollowerState
2019-10-22 00:13:15,845 [Thread-1748] INFO  impl.RaftServerImpl (RaftServerImpl.java:setRole(184)) - 2fdb3e93-e0d8-400e-8c33-91e2341b50c6@group-F01152B53F91: changes role from  FOLLOWER to CANDIDATE at term 187 for changeToCandidate
2019-10-22 00:13:15,845 [Thread-1748] INFO  impl.RoleInfo (RoleInfo.java:updateAndGet(143)) - 2fdb3e93-e0d8-400e-8c33-91e2341b50c6: start LeaderElection
2019-10-22 00:13:15,900 [2fdb3e93-e0d8-400e-8c33-91e2341b50c6@group-F01152B53F91-LeaderElection189] INFO  impl.LeaderElection (LeaderElection.java:askForVotes(178)) - 2fdb3e93-e0d8-400e-8c33-91e2341b50c6@group-F01152B53F91-LeaderElection189: begin an election at term 188 for -1: [2fdb3e93-e0d8-400e-8c33-91e2341b50c6:192.168.157.254:43254, 062c71de-08d9-40ee-9309-15590e2e8e68:192.168.157.254:45598, 2a52019e-5647-44e1-bf30-9a43fd8a7377:192.168.157.254:36038], old=null
2019-10-22 00:13:15,901 [2fdb3e93-e0d8-400e-8c33-91e2341b50c6@group-F01152B53F91-LeaderElection189] INFO  impl.LeaderElection (LogUtils.java:infoOrTrace(149)) - 2fdb3e93-e0d8-400e-8c33-91e2341b50c6@group-F01152B53F91-LeaderElection189 got exception when requesting votes: {}
java.util.concurrent.ExecutionException: org.apache.ratis.thirdparty.io.grpc.StatusRuntimeException: UNAVAILABLE: io exception
	at java.util.concurrent.FutureTask.report(FutureTask.java:122)
	at java.util.concurrent.FutureTask.get(FutureTask.java:192)
	at org.apache.ratis.server.impl.LeaderElection.waitForResults(LeaderElection.java:259)
	at org.apache.ratis.server.impl.LeaderElection.askForVotes(LeaderElection.java:197)
	at org.apache.ratis.server.impl.LeaderElection.run(LeaderElection.java:133)
	at java.lang.Thread.run(Thread.java:748)
Caused by: org.apache.ratis.thirdparty.io.grpc.StatusRuntimeException: UNAVAILABLE: io exception
	at org.apache.ratis.thirdparty.io.grpc.stub.ClientCalls.toStatusRuntimeException(ClientCalls.java:233)
	at org.apache.ratis.thirdparty.io.grpc.stub.ClientCalls.getUnchecked(ClientCalls.java:214)
	at org.apache.ratis.thirdparty.io.grpc.stub.ClientCalls.blockingUnaryCall(ClientCalls.java:139)
	at org.apache.ratis.proto.grpc.RaftServerProtocolServiceGrpc$RaftServerProtocolServiceBlockingStub.requestVote(RaftServerProtocolServiceGrpc.java:265)
	at org.apache.ratis.grpc.server.GrpcServerProtocolClient.requestVote(GrpcServerProtocolClient.java:99)
	at org.apache.ratis.grpc.server.GrpcService.requestVote(GrpcService.java:204)
	at org.apache.ratis.server.impl.LeaderElection.lambda$submitRequests$1(LeaderElection.java:234)
	at java.util.concurrent.FutureTask.run(FutureTask.java:266)
	at java.util.concurrent.Executors$RunnableAdapter.call(Executors.java:511)
	at java.util.concurrent.FutureTask.run(FutureTask.java:266)
	at java.util.concurrent.ThreadPoolExecutor.runWorker(ThreadPoolExecutor.java:1149)
	at java.util.concurrent.ThreadPoolExecutor$Worker.run(ThreadPoolExecutor.java:624)
	... 1 more
Caused by: org.apache.ratis.thirdparty.io.netty.channel.AbstractChannel$AnnotatedConnectException: Connection refused: /192.168.157.254:36038
	at sun.nio.ch.SocketChannelImpl.checkConnect(Native Method)
	at sun.nio.ch.SocketChannelImpl.finishConnect(SocketChannelImpl.java:717)
	at org.apache.ratis.thirdparty.io.netty.channel.socket.nio.NioSocketChannel.doFinishConnect(NioSocketChannel.java:327)
	at org.apache.ratis.thirdparty.io.netty.channel.nio.AbstractNioChannel$AbstractNioUnsafe.finishConnect(AbstractNioChannel.java:340)
	at org.apache.ratis.thirdparty.io.netty.channel.nio.NioEventLoop.processSelectedKey(NioEventLoop.java:632)
	at org.apache.ratis.thirdparty.io.netty.channel.nio.NioEventLoop.processSelectedKeysOptimized(NioEventLoop.java:579)
	at org.apache.ratis.thirdparty.io.netty.channel.nio.NioEventLoop.processSelectedKeys(NioEventLoop.java:496)
	at org.apache.ratis.thirdparty.io.netty.channel.nio.NioEventLoop.run(NioEventLoop.java:458)
	at org.apache.ratis.thirdparty.io.netty.util.concurrent.SingleThreadEventExecutor$5.run(SingleThreadEventExecutor.java:897)
	at org.apache.ratis.thirdparty.io.netty.util.concurrent.FastThreadLocalRunnable.run(FastThreadLocalRunnable.java:30)
	... 1 more
Caused by: java.net.ConnectException: Connection refused
	... 11 more
2019-10-22 00:13:15,904 [grpc-default-executor-3] INFO  impl.RaftServerImpl (RaftServerImpl.java:setRole(184)) - 062c71de-08d9-40ee-9309-15590e2e8e68@group-F01152B53F91: changes role from  FOLLOWER to FOLLOWER at term 188 for recognizeCandidate:2fdb3e93-e0d8-400e-8c33-91e2341b50c6
2019-10-22 00:13:15,904 [grpc-default-executor-3] INFO  impl.RoleInfo (RoleInfo.java:shutdownFollowerState(121)) - 062c71de-08d9-40ee-9309-15590e2e8e68: shutdown FollowerState
2019-10-22 00:13:15,904 [grpc-default-executor-3] INFO  impl.RoleInfo (RoleInfo.java:updateAndGet(143)) - 062c71de-08d9-40ee-9309-15590e2e8e68: start FollowerState
2019-10-22 00:13:15,904 [Thread-1747] INFO  impl.FollowerState (FollowerState.java:run(117)) - 062c71de-08d9-40ee-9309-15590e2e8e68@group-F01152B53F91-FollowerState was interrupted: java.lang.InterruptedException: sleep interrupted
2019-10-22 00:13:15,918 [2fdb3e93-e0d8-400e-8c33-91e2341b50c6@group-F01152B53F91-LeaderElection189] INFO  impl.LeaderElection (LeaderElection.java:logAndReturn(56)) - 2fdb3e93-e0d8-400e-8c33-91e2341b50c6@group-F01152B53F91-LeaderElection189: Election REJECTED; received 1 response(s) [2fdb3e93-e0d8-400e-8c33-91e2341b50c6<-062c71de-08d9-40ee-9309-15590e2e8e68#0:FAIL-t188] and 1 exception(s); 2fdb3e93-e0d8-400e-8c33-91e2341b50c6@group-F01152B53F91:t188, leader=null, voted=2fdb3e93-e0d8-400e-8c33-91e2341b50c6, raftlog=2fdb3e93-e0d8-400e-8c33-91e2341b50c6@group-F01152B53F91-SegmentedRaftLog:OPENED:c-1,f-1,i0, conf=-1: [2fdb3e93-e0d8-400e-8c33-91e2341b50c6:192.168.157.254:43254, 062c71de-08d9-40ee-9309-15590e2e8e68:192.168.157.254:45598, 2a52019e-5647-44e1-bf30-9a43fd8a7377:192.168.157.254:36038], old=null
2019-10-22 00:13:15,919 [2fdb3e93-e0d8-400e-8c33-91e2341b50c6@group-F01152B53F91-LeaderElection189] INFO  impl.LeaderElection (LogUtils.java:infoOrTrace(149)) -   Exception 0: {}
java.util.concurrent.ExecutionException: org.apache.ratis.thirdparty.io.grpc.StatusRuntimeException: UNAVAILABLE: io exception
	at java.util.concurrent.FutureTask.report(FutureTask.java:122)
	at java.util.concurrent.FutureTask.get(FutureTask.java:192)
	at org.apache.ratis.server.impl.LeaderElection.waitForResults(LeaderElection.java:259)
	at org.apache.ratis.server.impl.LeaderElection.askForVotes(LeaderElection.java:197)
	at org.apache.ratis.server.impl.LeaderElection.run(LeaderElection.java:133)
	at java.lang.Thread.run(Thread.java:748)
Caused by: org.apache.ratis.thirdparty.io.grpc.StatusRuntimeException: UNAVAILABLE: io exception
	at org.apache.ratis.thirdparty.io.grpc.stub.ClientCalls.toStatusRuntimeException(ClientCalls.java:233)
	at org.apache.ratis.thirdparty.io.grpc.stub.ClientCalls.getUnchecked(ClientCalls.java:214)
	at org.apache.ratis.thirdparty.io.grpc.stub.ClientCalls.blockingUnaryCall(ClientCalls.java:139)
	at org.apache.ratis.proto.grpc.RaftServerProtocolServiceGrpc$RaftServerProtocolServiceBlockingStub.requestVote(RaftServerProtocolServiceGrpc.java:265)
	at org.apache.ratis.grpc.server.GrpcServerProtocolClient.requestVote(GrpcServerProtocolClient.java:99)
	at org.apache.ratis.grpc.server.GrpcService.requestVote(GrpcService.java:204)
	at org.apache.ratis.server.impl.LeaderElection.lambda$submitRequests$1(LeaderElection.java:234)
	at java.util.concurrent.FutureTask.run(FutureTask.java:266)
	at java.util.concurrent.Executors$RunnableAdapter.call(Executors.java:511)
	at java.util.concurrent.FutureTask.run(FutureTask.java:266)
	at java.util.concurrent.ThreadPoolExecutor.runWorker(ThreadPoolExecutor.java:1149)
	at java.util.concurrent.ThreadPoolExecutor$Worker.run(ThreadPoolExecutor.java:624)
	... 1 more
Caused by: org.apache.ratis.thirdparty.io.netty.channel.AbstractChannel$AnnotatedConnectException: Connection refused: /192.168.157.254:36038
	at sun.nio.ch.SocketChannelImpl.checkConnect(Native Method)
	at sun.nio.ch.SocketChannelImpl.finishConnect(SocketChannelImpl.java:717)
	at org.apache.ratis.thirdparty.io.netty.channel.socket.nio.NioSocketChannel.doFinishConnect(NioSocketChannel.java:327)
	at org.apache.ratis.thirdparty.io.netty.channel.nio.AbstractNioChannel$AbstractNioUnsafe.finishConnect(AbstractNioChannel.java:340)
	at org.apache.ratis.thirdparty.io.netty.channel.nio.NioEventLoop.processSelectedKey(NioEventLoop.java:632)
	at org.apache.ratis.thirdparty.io.netty.channel.nio.NioEventLoop.processSelectedKeysOptimized(NioEventLoop.java:579)
	at org.apache.ratis.thirdparty.io.netty.channel.nio.NioEventLoop.processSelectedKeys(NioEventLoop.java:496)
	at org.apache.ratis.thirdparty.io.netty.channel.nio.NioEventLoop.run(NioEventLoop.java:458)
	at org.apache.ratis.thirdparty.io.netty.util.concurrent.SingleThreadEventExecutor$5.run(SingleThreadEventExecutor.java:897)
	at org.apache.ratis.thirdparty.io.netty.util.concurrent.FastThreadLocalRunnable.run(FastThreadLocalRunnable.java:30)
	... 1 more
Caused by: java.net.ConnectException: Connection refused
	... 11 more
2019-10-22 00:13:15,919 [2fdb3e93-e0d8-400e-8c33-91e2341b50c6@group-F01152B53F91-LeaderElection189] INFO  impl.RaftServerImpl (RaftServerImpl.java:setRole(184)) - 2fdb3e93-e0d8-400e-8c33-91e2341b50c6@group-F01152B53F91: changes role from CANDIDATE to FOLLOWER at term 188 for DISCOVERED_A_NEW_TERM
2019-10-22 00:13:15,920 [2fdb3e93-e0d8-400e-8c33-91e2341b50c6@group-F01152B53F91-LeaderElection189] INFO  impl.RoleInfo (RoleInfo.java:shutdownLeaderElection(134)) - 2fdb3e93-e0d8-400e-8c33-91e2341b50c6: shutdown LeaderElection
2019-10-22 00:13:15,920 [2fdb3e93-e0d8-400e-8c33-91e2341b50c6@group-F01152B53F91-LeaderElection189] INFO  impl.RoleInfo (RoleInfo.java:updateAndGet(143)) - 2fdb3e93-e0d8-400e-8c33-91e2341b50c6: start FollowerState
2019-10-22 00:13:15,956 [Thread-1754] INFO  impl.FollowerState (FollowerState.java:run(108)) - 2fdb3e93-e0d8-400e-8c33-91e2341b50c6@group-F01152B53F91-FollowerState: change to CANDIDATE, lastRpcTime:36ms, electionTimeout:36ms
2019-10-22 00:13:15,956 [Thread-1754] INFO  impl.RoleInfo (RoleInfo.java:shutdownFollowerState(121)) - 2fdb3e93-e0d8-400e-8c33-91e2341b50c6: shutdown FollowerState
2019-10-22 00:13:15,956 [Thread-1754] INFO  impl.RaftServerImpl (RaftServerImpl.java:setRole(184)) - 2fdb3e93-e0d8-400e-8c33-91e2341b50c6@group-F01152B53F91: changes role from  FOLLOWER to CANDIDATE at term 188 for changeToCandidate
2019-10-22 00:13:15,957 [Thread-1754] INFO  impl.RoleInfo (RoleInfo.java:updateAndGet(143)) - 2fdb3e93-e0d8-400e-8c33-91e2341b50c6: start LeaderElection
2019-10-22 00:13:15,970 [2fdb3e93-e0d8-400e-8c33-91e2341b50c6@group-F01152B53F91-LeaderElection190] INFO  impl.LeaderElection (LeaderElection.java:askForVotes(178)) - 2fdb3e93-e0d8-400e-8c33-91e2341b50c6@group-F01152B53F91-LeaderElection190: begin an election at term 189 for -1: [2fdb3e93-e0d8-400e-8c33-91e2341b50c6:192.168.157.254:43254, 062c71de-08d9-40ee-9309-15590e2e8e68:192.168.157.254:45598, 2a52019e-5647-44e1-bf30-9a43fd8a7377:192.168.157.254:36038], old=null
2019-10-22 00:13:15,971 [2fdb3e93-e0d8-400e-8c33-91e2341b50c6@group-F01152B53F91-LeaderElection190] INFO  impl.LeaderElection (LogUtils.java:infoOrTrace(149)) - 2fdb3e93-e0d8-400e-8c33-91e2341b50c6@group-F01152B53F91-LeaderElection190 got exception when requesting votes: {}
java.util.concurrent.ExecutionException: org.apache.ratis.thirdparty.io.grpc.StatusRuntimeException: UNAVAILABLE: io exception
	at java.util.concurrent.FutureTask.report(FutureTask.java:122)
	at java.util.concurrent.FutureTask.get(FutureTask.java:192)
	at org.apache.ratis.server.impl.LeaderElection.waitForResults(LeaderElection.java:259)
	at org.apache.ratis.server.impl.LeaderElection.askForVotes(LeaderElection.java:197)
	at org.apache.ratis.server.impl.LeaderElection.run(LeaderElection.java:133)
	at java.lang.Thread.run(Thread.java:748)
Caused by: org.apache.ratis.thirdparty.io.grpc.StatusRuntimeException: UNAVAILABLE: io exception
	at org.apache.ratis.thirdparty.io.grpc.stub.ClientCalls.toStatusRuntimeException(ClientCalls.java:233)
	at org.apache.ratis.thirdparty.io.grpc.stub.ClientCalls.getUnchecked(ClientCalls.java:214)
	at org.apache.ratis.thirdparty.io.grpc.stub.ClientCalls.blockingUnaryCall(ClientCalls.java:139)
	at org.apache.ratis.proto.grpc.RaftServerProtocolServiceGrpc$RaftServerProtocolServiceBlockingStub.requestVote(RaftServerProtocolServiceGrpc.java:265)
	at org.apache.ratis.grpc.server.GrpcServerProtocolClient.requestVote(GrpcServerProtocolClient.java:99)
	at org.apache.ratis.grpc.server.GrpcService.requestVote(GrpcService.java:204)
	at org.apache.ratis.server.impl.LeaderElection.lambda$submitRequests$1(LeaderElection.java:234)
	at java.util.concurrent.FutureTask.run(FutureTask.java:266)
	at java.util.concurrent.Executors$RunnableAdapter.call(Executors.java:511)
	at java.util.concurrent.FutureTask.run(FutureTask.java:266)
	at java.util.concurrent.ThreadPoolExecutor.runWorker(ThreadPoolExecutor.java:1149)
	at java.util.concurrent.ThreadPoolExecutor$Worker.run(ThreadPoolExecutor.java:624)
	... 1 more
Caused by: org.apache.ratis.thirdparty.io.netty.channel.AbstractChannel$AnnotatedConnectException: Connection refused: /192.168.157.254:36038
	at sun.nio.ch.SocketChannelImpl.checkConnect(Native Method)
	at sun.nio.ch.SocketChannelImpl.finishConnect(SocketChannelImpl.java:717)
	at org.apache.ratis.thirdparty.io.netty.channel.socket.nio.NioSocketChannel.doFinishConnect(NioSocketChannel.java:327)
	at org.apache.ratis.thirdparty.io.netty.channel.nio.AbstractNioChannel$AbstractNioUnsafe.finishConnect(AbstractNioChannel.java:340)
	at org.apache.ratis.thirdparty.io.netty.channel.nio.NioEventLoop.processSelectedKey(NioEventLoop.java:632)
	at org.apache.ratis.thirdparty.io.netty.channel.nio.NioEventLoop.processSelectedKeysOptimized(NioEventLoop.java:579)
	at org.apache.ratis.thirdparty.io.netty.channel.nio.NioEventLoop.processSelectedKeys(NioEventLoop.java:496)
	at org.apache.ratis.thirdparty.io.netty.channel.nio.NioEventLoop.run(NioEventLoop.java:458)
	at org.apache.ratis.thirdparty.io.netty.util.concurrent.SingleThreadEventExecutor$5.run(SingleThreadEventExecutor.java:897)
	at org.apache.ratis.thirdparty.io.netty.util.concurrent.FastThreadLocalRunnable.run(FastThreadLocalRunnable.java:30)
	... 1 more
Caused by: java.net.ConnectException: Connection refused
	... 11 more
2019-10-22 00:13:15,974 [grpc-default-executor-6] INFO  impl.RaftServerImpl (RaftServerImpl.java:setRole(184)) - 062c71de-08d9-40ee-9309-15590e2e8e68@group-F01152B53F91: changes role from  FOLLOWER to FOLLOWER at term 189 for recognizeCandidate:2fdb3e93-e0d8-400e-8c33-91e2341b50c6
2019-10-22 00:13:15,974 [grpc-default-executor-6] INFO  impl.RoleInfo (RoleInfo.java:shutdownFollowerState(121)) - 062c71de-08d9-40ee-9309-15590e2e8e68: shutdown FollowerState
2019-10-22 00:13:15,974 [grpc-default-executor-6] INFO  impl.RoleInfo (RoleInfo.java:updateAndGet(143)) - 062c71de-08d9-40ee-9309-15590e2e8e68: start FollowerState
2019-10-22 00:13:15,974 [Thread-1753] INFO  impl.FollowerState (FollowerState.java:run(117)) - 062c71de-08d9-40ee-9309-15590e2e8e68@group-F01152B53F91-FollowerState was interrupted: java.lang.InterruptedException: sleep interrupted
2019-10-22 00:13:15,988 [2fdb3e93-e0d8-400e-8c33-91e2341b50c6@group-F01152B53F91-LeaderElection190] INFO  impl.LeaderElection (LeaderElection.java:logAndReturn(56)) - 2fdb3e93-e0d8-400e-8c33-91e2341b50c6@group-F01152B53F91-LeaderElection190: Election REJECTED; received 1 response(s) [2fdb3e93-e0d8-400e-8c33-91e2341b50c6<-062c71de-08d9-40ee-9309-15590e2e8e68#0:FAIL-t189] and 1 exception(s); 2fdb3e93-e0d8-400e-8c33-91e2341b50c6@group-F01152B53F91:t189, leader=null, voted=2fdb3e93-e0d8-400e-8c33-91e2341b50c6, raftlog=2fdb3e93-e0d8-400e-8c33-91e2341b50c6@group-F01152B53F91-SegmentedRaftLog:OPENED:c-1,f-1,i0, conf=-1: [2fdb3e93-e0d8-400e-8c33-91e2341b50c6:192.168.157.254:43254, 062c71de-08d9-40ee-9309-15590e2e8e68:192.168.157.254:45598, 2a52019e-5647-44e1-bf30-9a43fd8a7377:192.168.157.254:36038], old=null
2019-10-22 00:13:15,988 [2fdb3e93-e0d8-400e-8c33-91e2341b50c6@group-F01152B53F91-LeaderElection190] INFO  impl.LeaderElection (LogUtils.java:infoOrTrace(149)) -   Exception 0: {}
java.util.concurrent.ExecutionException: org.apache.ratis.thirdparty.io.grpc.StatusRuntimeException: UNAVAILABLE: io exception
	at java.util.concurrent.FutureTask.report(FutureTask.java:122)
	at java.util.concurrent.FutureTask.get(FutureTask.java:192)
	at org.apache.ratis.server.impl.LeaderElection.waitForResults(LeaderElection.java:259)
	at org.apache.ratis.server.impl.LeaderElection.askForVotes(LeaderElection.java:197)
	at org.apache.ratis.server.impl.LeaderElection.run(LeaderElection.java:133)
	at java.lang.Thread.run(Thread.java:748)
Caused by: org.apache.ratis.thirdparty.io.grpc.StatusRuntimeException: UNAVAILABLE: io exception
	at org.apache.ratis.thirdparty.io.grpc.stub.ClientCalls.toStatusRuntimeException(ClientCalls.java:233)
	at org.apache.ratis.thirdparty.io.grpc.stub.ClientCalls.getUnchecked(ClientCalls.java:214)
	at org.apache.ratis.thirdparty.io.grpc.stub.ClientCalls.blockingUnaryCall(ClientCalls.java:139)
	at org.apache.ratis.proto.grpc.RaftServerProtocolServiceGrpc$RaftServerProtocolServiceBlockingStub.requestVote(RaftServerProtocolServiceGrpc.java:265)
	at org.apache.ratis.grpc.server.GrpcServerProtocolClient.requestVote(GrpcServerProtocolClient.java:99)
	at org.apache.ratis.grpc.server.GrpcService.requestVote(GrpcService.java:204)
	at org.apache.ratis.server.impl.LeaderElection.lambda$submitRequests$1(LeaderElection.java:234)
	at java.util.concurrent.FutureTask.run(FutureTask.java:266)
	at java.util.concurrent.Executors$RunnableAdapter.call(Executors.java:511)
	at java.util.concurrent.FutureTask.run(FutureTask.java:266)
	at java.util.concurrent.ThreadPoolExecutor.runWorker(ThreadPoolExecutor.java:1149)
	at java.util.concurrent.ThreadPoolExecutor$Worker.run(ThreadPoolExecutor.java:624)
	... 1 more
Caused by: org.apache.ratis.thirdparty.io.netty.channel.AbstractChannel$AnnotatedConnectException: Connection refused: /192.168.157.254:36038
	at sun.nio.ch.SocketChannelImpl.checkConnect(Native Method)
	at sun.nio.ch.SocketChannelImpl.finishConnect(SocketChannelImpl.java:717)
	at org.apache.ratis.thirdparty.io.netty.channel.socket.nio.NioSocketChannel.doFinishConnect(NioSocketChannel.java:327)
	at org.apache.ratis.thirdparty.io.netty.channel.nio.AbstractNioChannel$AbstractNioUnsafe.finishConnect(AbstractNioChannel.java:340)
	at org.apache.ratis.thirdparty.io.netty.channel.nio.NioEventLoop.processSelectedKey(NioEventLoop.java:632)
	at org.apache.ratis.thirdparty.io.netty.channel.nio.NioEventLoop.processSelectedKeysOptimized(NioEventLoop.java:579)
	at org.apache.ratis.thirdparty.io.netty.channel.nio.NioEventLoop.processSelectedKeys(NioEventLoop.java:496)
	at org.apache.ratis.thirdparty.io.netty.channel.nio.NioEventLoop.run(NioEventLoop.java:458)
	at org.apache.ratis.thirdparty.io.netty.util.concurrent.SingleThreadEventExecutor$5.run(SingleThreadEventExecutor.java:897)
	at org.apache.ratis.thirdparty.io.netty.util.concurrent.FastThreadLocalRunnable.run(FastThreadLocalRunnable.java:30)
	... 1 more
Caused by: java.net.ConnectException: Connection refused
	... 11 more
2019-10-22 00:13:15,988 [2fdb3e93-e0d8-400e-8c33-91e2341b50c6@group-F01152B53F91-LeaderElection190] INFO  impl.RaftServerImpl (RaftServerImpl.java:setRole(184)) - 2fdb3e93-e0d8-400e-8c33-91e2341b50c6@group-F01152B53F91: changes role from CANDIDATE to FOLLOWER at term 189 for DISCOVERED_A_NEW_TERM
2019-10-22 00:13:15,988 [2fdb3e93-e0d8-400e-8c33-91e2341b50c6@group-F01152B53F91-LeaderElection190] INFO  impl.RoleInfo (RoleInfo.java:shutdownLeaderElection(134)) - 2fdb3e93-e0d8-400e-8c33-91e2341b50c6: shutdown LeaderElection
2019-10-22 00:13:15,989 [2fdb3e93-e0d8-400e-8c33-91e2341b50c6@group-F01152B53F91-LeaderElection190] INFO  impl.RoleInfo (RoleInfo.java:updateAndGet(143)) - 2fdb3e93-e0d8-400e-8c33-91e2341b50c6: start FollowerState
2019-10-22 00:13:16,064 [Thread-1760] INFO  impl.FollowerState (FollowerState.java:run(108)) - 2fdb3e93-e0d8-400e-8c33-91e2341b50c6@group-F01152B53F91-FollowerState: change to CANDIDATE, lastRpcTime:75ms, electionTimeout:75ms
2019-10-22 00:13:16,064 [Thread-1760] INFO  impl.RoleInfo (RoleInfo.java:shutdownFollowerState(121)) - 2fdb3e93-e0d8-400e-8c33-91e2341b50c6: shutdown FollowerState
2019-10-22 00:13:16,064 [Thread-1760] INFO  impl.RaftServerImpl (RaftServerImpl.java:setRole(184)) - 2fdb3e93-e0d8-400e-8c33-91e2341b50c6@group-F01152B53F91: changes role from  FOLLOWER to CANDIDATE at term 189 for changeToCandidate
2019-10-22 00:13:16,064 [Thread-1760] INFO  impl.RoleInfo (RoleInfo.java:updateAndGet(143)) - 2fdb3e93-e0d8-400e-8c33-91e2341b50c6: start LeaderElection
2019-10-22 00:13:16,078 [2fdb3e93-e0d8-400e-8c33-91e2341b50c6@group-F01152B53F91-LeaderElection191] INFO  impl.LeaderElection (LeaderElection.java:askForVotes(178)) - 2fdb3e93-e0d8-400e-8c33-91e2341b50c6@group-F01152B53F91-LeaderElection191: begin an election at term 190 for -1: [2fdb3e93-e0d8-400e-8c33-91e2341b50c6:192.168.157.254:43254, 062c71de-08d9-40ee-9309-15590e2e8e68:192.168.157.254:45598, 2a52019e-5647-44e1-bf30-9a43fd8a7377:192.168.157.254:36038], old=null
2019-10-22 00:13:16,079 [2fdb3e93-e0d8-400e-8c33-91e2341b50c6@group-F01152B53F91-LeaderElection191] INFO  impl.LeaderElection (LogUtils.java:infoOrTrace(149)) - 2fdb3e93-e0d8-400e-8c33-91e2341b50c6@group-F01152B53F91-LeaderElection191 got exception when requesting votes: {}
java.util.concurrent.ExecutionException: org.apache.ratis.thirdparty.io.grpc.StatusRuntimeException: UNAVAILABLE: io exception
	at java.util.concurrent.FutureTask.report(FutureTask.java:122)
	at java.util.concurrent.FutureTask.get(FutureTask.java:192)
	at org.apache.ratis.server.impl.LeaderElection.waitForResults(LeaderElection.java:259)
	at org.apache.ratis.server.impl.LeaderElection.askForVotes(LeaderElection.java:197)
	at org.apache.ratis.server.impl.LeaderElection.run(LeaderElection.java:133)
	at java.lang.Thread.run(Thread.java:748)
Caused by: org.apache.ratis.thirdparty.io.grpc.StatusRuntimeException: UNAVAILABLE: io exception
	at org.apache.ratis.thirdparty.io.grpc.stub.ClientCalls.toStatusRuntimeException(ClientCalls.java:233)
	at org.apache.ratis.thirdparty.io.grpc.stub.ClientCalls.getUnchecked(ClientCalls.java:214)
	at org.apache.ratis.thirdparty.io.grpc.stub.ClientCalls.blockingUnaryCall(ClientCalls.java:139)
	at org.apache.ratis.proto.grpc.RaftServerProtocolServiceGrpc$RaftServerProtocolServiceBlockingStub.requestVote(RaftServerProtocolServiceGrpc.java:265)
	at org.apache.ratis.grpc.server.GrpcServerProtocolClient.requestVote(GrpcServerProtocolClient.java:99)
	at org.apache.ratis.grpc.server.GrpcService.requestVote(GrpcService.java:204)
	at org.apache.ratis.server.impl.LeaderElection.lambda$submitRequests$1(LeaderElection.java:234)
	at java.util.concurrent.FutureTask.run(FutureTask.java:266)
	at java.util.concurrent.Executors$RunnableAdapter.call(Executors.java:511)
	at java.util.concurrent.FutureTask.run(FutureTask.java:266)
	at java.util.concurrent.ThreadPoolExecutor.runWorker(ThreadPoolExecutor.java:1149)
	at java.util.concurrent.ThreadPoolExecutor$Worker.run(ThreadPoolExecutor.java:624)
	... 1 more
Caused by: org.apache.ratis.thirdparty.io.netty.channel.AbstractChannel$AnnotatedConnectException: Connection refused: /192.168.157.254:36038
	at sun.nio.ch.SocketChannelImpl.checkConnect(Native Method)
	at sun.nio.ch.SocketChannelImpl.finishConnect(SocketChannelImpl.java:717)
	at org.apache.ratis.thirdparty.io.netty.channel.socket.nio.NioSocketChannel.doFinishConnect(NioSocketChannel.java:327)
	at org.apache.ratis.thirdparty.io.netty.channel.nio.AbstractNioChannel$AbstractNioUnsafe.finishConnect(AbstractNioChannel.java:340)
	at org.apache.ratis.thirdparty.io.netty.channel.nio.NioEventLoop.processSelectedKey(NioEventLoop.java:632)
	at org.apache.ratis.thirdparty.io.netty.channel.nio.NioEventLoop.processSelectedKeysOptimized(NioEventLoop.java:579)
	at org.apache.ratis.thirdparty.io.netty.channel.nio.NioEventLoop.processSelectedKeys(NioEventLoop.java:496)
	at org.apache.ratis.thirdparty.io.netty.channel.nio.NioEventLoop.run(NioEventLoop.java:458)
	at org.apache.ratis.thirdparty.io.netty.util.concurrent.SingleThreadEventExecutor$5.run(SingleThreadEventExecutor.java:897)
	at org.apache.ratis.thirdparty.io.netty.util.concurrent.FastThreadLocalRunnable.run(FastThreadLocalRunnable.java:30)
	... 1 more
Caused by: java.net.ConnectException: Connection refused
	... 11 more
2019-10-22 00:13:16,082 [grpc-default-executor-6] INFO  impl.RaftServerImpl (RaftServerImpl.java:setRole(184)) - 062c71de-08d9-40ee-9309-15590e2e8e68@group-F01152B53F91: changes role from  FOLLOWER to FOLLOWER at term 190 for recognizeCandidate:2fdb3e93-e0d8-400e-8c33-91e2341b50c6
2019-10-22 00:13:16,082 [grpc-default-executor-6] INFO  impl.RoleInfo (RoleInfo.java:shutdownFollowerState(121)) - 062c71de-08d9-40ee-9309-15590e2e8e68: shutdown FollowerState
2019-10-22 00:13:16,082 [grpc-default-executor-6] INFO  impl.RoleInfo (RoleInfo.java:updateAndGet(143)) - 062c71de-08d9-40ee-9309-15590e2e8e68: start FollowerState
2019-10-22 00:13:16,082 [Thread-1759] INFO  impl.FollowerState (FollowerState.java:run(117)) - 062c71de-08d9-40ee-9309-15590e2e8e68@group-F01152B53F91-FollowerState was interrupted: java.lang.InterruptedException: sleep interrupted
2019-10-22 00:13:16,100 [2fdb3e93-e0d8-400e-8c33-91e2341b50c6@group-F01152B53F91-LeaderElection191] INFO  impl.LeaderElection (LeaderElection.java:logAndReturn(56)) - 2fdb3e93-e0d8-400e-8c33-91e2341b50c6@group-F01152B53F91-LeaderElection191: Election REJECTED; received 1 response(s) [2fdb3e93-e0d8-400e-8c33-91e2341b50c6<-062c71de-08d9-40ee-9309-15590e2e8e68#0:FAIL-t190] and 1 exception(s); 2fdb3e93-e0d8-400e-8c33-91e2341b50c6@group-F01152B53F91:t190, leader=null, voted=2fdb3e93-e0d8-400e-8c33-91e2341b50c6, raftlog=2fdb3e93-e0d8-400e-8c33-91e2341b50c6@group-F01152B53F91-SegmentedRaftLog:OPENED:c-1,f-1,i0, conf=-1: [2fdb3e93-e0d8-400e-8c33-91e2341b50c6:192.168.157.254:43254, 062c71de-08d9-40ee-9309-15590e2e8e68:192.168.157.254:45598, 2a52019e-5647-44e1-bf30-9a43fd8a7377:192.168.157.254:36038], old=null
2019-10-22 00:13:16,100 [2fdb3e93-e0d8-400e-8c33-91e2341b50c6@group-F01152B53F91-LeaderElection191] INFO  impl.LeaderElection (LogUtils.java:infoOrTrace(149)) -   Exception 0: {}
java.util.concurrent.ExecutionException: org.apache.ratis.thirdparty.io.grpc.StatusRuntimeException: UNAVAILABLE: io exception
	at java.util.concurrent.FutureTask.report(FutureTask.java:122)
	at java.util.concurrent.FutureTask.get(FutureTask.java:192)
	at org.apache.ratis.server.impl.LeaderElection.waitForResults(LeaderElection.java:259)
	at org.apache.ratis.server.impl.LeaderElection.askForVotes(LeaderElection.java:197)
	at org.apache.ratis.server.impl.LeaderElection.run(LeaderElection.java:133)
	at java.lang.Thread.run(Thread.java:748)
Caused by: org.apache.ratis.thirdparty.io.grpc.StatusRuntimeException: UNAVAILABLE: io exception
	at org.apache.ratis.thirdparty.io.grpc.stub.ClientCalls.toStatusRuntimeException(ClientCalls.java:233)
	at org.apache.ratis.thirdparty.io.grpc.stub.ClientCalls.getUnchecked(ClientCalls.java:214)
	at org.apache.ratis.thirdparty.io.grpc.stub.ClientCalls.blockingUnaryCall(ClientCalls.java:139)
	at org.apache.ratis.proto.grpc.RaftServerProtocolServiceGrpc$RaftServerProtocolServiceBlockingStub.requestVote(RaftServerProtocolServiceGrpc.java:265)
	at org.apache.ratis.grpc.server.GrpcServerProtocolClient.requestVote(GrpcServerProtocolClient.java:99)
	at org.apache.ratis.grpc.server.GrpcService.requestVote(GrpcService.java:204)
	at org.apache.ratis.server.impl.LeaderElection.lambda$submitRequests$1(LeaderElection.java:234)
	at java.util.concurrent.FutureTask.run(FutureTask.java:266)
	at java.util.concurrent.Executors$RunnableAdapter.call(Executors.java:511)
	at java.util.concurrent.FutureTask.run(FutureTask.java:266)
	at java.util.concurrent.ThreadPoolExecutor.runWorker(ThreadPoolExecutor.java:1149)
	at java.util.concurrent.ThreadPoolExecutor$Worker.run(ThreadPoolExecutor.java:624)
	... 1 more
Caused by: org.apache.ratis.thirdparty.io.netty.channel.AbstractChannel$AnnotatedConnectException: Connection refused: /192.168.157.254:36038
	at sun.nio.ch.SocketChannelImpl.checkConnect(Native Method)
	at sun.nio.ch.SocketChannelImpl.finishConnect(SocketChannelImpl.java:717)
	at org.apache.ratis.thirdparty.io.netty.channel.socket.nio.NioSocketChannel.doFinishConnect(NioSocketChannel.java:327)
	at org.apache.ratis.thirdparty.io.netty.channel.nio.AbstractNioChannel$AbstractNioUnsafe.finishConnect(AbstractNioChannel.java:340)
	at org.apache.ratis.thirdparty.io.netty.channel.nio.NioEventLoop.processSelectedKey(NioEventLoop.java:632)
	at org.apache.ratis.thirdparty.io.netty.channel.nio.NioEventLoop.processSelectedKeysOptimized(NioEventLoop.java:579)
	at org.apache.ratis.thirdparty.io.netty.channel.nio.NioEventLoop.processSelectedKeys(NioEventLoop.java:496)
	at org.apache.ratis.thirdparty.io.netty.channel.nio.NioEventLoop.run(NioEventLoop.java:458)
	at org.apache.ratis.thirdparty.io.netty.util.concurrent.SingleThreadEventExecutor$5.run(SingleThreadEventExecutor.java:897)
	at org.apache.ratis.thirdparty.io.netty.util.concurrent.FastThreadLocalRunnable.run(FastThreadLocalRunnable.java:30)
	... 1 more
Caused by: java.net.ConnectException: Connection refused
	... 11 more
2019-10-22 00:13:16,100 [2fdb3e93-e0d8-400e-8c33-91e2341b50c6@group-F01152B53F91-LeaderElection191] INFO  impl.RaftServerImpl (RaftServerImpl.java:setRole(184)) - 2fdb3e93-e0d8-400e-8c33-91e2341b50c6@group-F01152B53F91: changes role from CANDIDATE to FOLLOWER at term 190 for DISCOVERED_A_NEW_TERM
2019-10-22 00:13:16,100 [2fdb3e93-e0d8-400e-8c33-91e2341b50c6@group-F01152B53F91-LeaderElection191] INFO  impl.RoleInfo (RoleInfo.java:shutdownLeaderElection(134)) - 2fdb3e93-e0d8-400e-8c33-91e2341b50c6: shutdown LeaderElection
2019-10-22 00:13:16,101 [2fdb3e93-e0d8-400e-8c33-91e2341b50c6@group-F01152B53F91-LeaderElection191] INFO  impl.RoleInfo (RoleInfo.java:updateAndGet(143)) - 2fdb3e93-e0d8-400e-8c33-91e2341b50c6: start FollowerState
2019-10-22 00:13:16,141 [Thread-1765] INFO  impl.FollowerState (FollowerState.java:run(108)) - 2fdb3e93-e0d8-400e-8c33-91e2341b50c6@group-F01152B53F91-FollowerState: change to CANDIDATE, lastRpcTime:40ms, electionTimeout:40ms
2019-10-22 00:13:16,141 [Thread-1765] INFO  impl.RoleInfo (RoleInfo.java:shutdownFollowerState(121)) - 2fdb3e93-e0d8-400e-8c33-91e2341b50c6: shutdown FollowerState
2019-10-22 00:13:16,141 [Thread-1765] INFO  impl.RaftServerImpl (RaftServerImpl.java:setRole(184)) - 2fdb3e93-e0d8-400e-8c33-91e2341b50c6@group-F01152B53F91: changes role from  FOLLOWER to CANDIDATE at term 190 for changeToCandidate
2019-10-22 00:13:16,141 [Thread-1765] INFO  impl.RoleInfo (RoleInfo.java:updateAndGet(143)) - 2fdb3e93-e0d8-400e-8c33-91e2341b50c6: start LeaderElection
2019-10-22 00:13:16,155 [2fdb3e93-e0d8-400e-8c33-91e2341b50c6@group-F01152B53F91-LeaderElection192] INFO  impl.LeaderElection (LeaderElection.java:askForVotes(178)) - 2fdb3e93-e0d8-400e-8c33-91e2341b50c6@group-F01152B53F91-LeaderElection192: begin an election at term 191 for -1: [2fdb3e93-e0d8-400e-8c33-91e2341b50c6:192.168.157.254:43254, 062c71de-08d9-40ee-9309-15590e2e8e68:192.168.157.254:45598, 2a52019e-5647-44e1-bf30-9a43fd8a7377:192.168.157.254:36038], old=null
2019-10-22 00:13:16,156 [2fdb3e93-e0d8-400e-8c33-91e2341b50c6@group-F01152B53F91-LeaderElection192] INFO  impl.LeaderElection (LogUtils.java:infoOrTrace(149)) - 2fdb3e93-e0d8-400e-8c33-91e2341b50c6@group-F01152B53F91-LeaderElection192 got exception when requesting votes: {}
java.util.concurrent.ExecutionException: org.apache.ratis.thirdparty.io.grpc.StatusRuntimeException: UNAVAILABLE: io exception
	at java.util.concurrent.FutureTask.report(FutureTask.java:122)
	at java.util.concurrent.FutureTask.get(FutureTask.java:192)
	at org.apache.ratis.server.impl.LeaderElection.waitForResults(LeaderElection.java:259)
	at org.apache.ratis.server.impl.LeaderElection.askForVotes(LeaderElection.java:197)
	at org.apache.ratis.server.impl.LeaderElection.run(LeaderElection.java:133)
	at java.lang.Thread.run(Thread.java:748)
Caused by: org.apache.ratis.thirdparty.io.grpc.StatusRuntimeException: UNAVAILABLE: io exception
	at org.apache.ratis.thirdparty.io.grpc.stub.ClientCalls.toStatusRuntimeException(ClientCalls.java:233)
	at org.apache.ratis.thirdparty.io.grpc.stub.ClientCalls.getUnchecked(ClientCalls.java:214)
	at org.apache.ratis.thirdparty.io.grpc.stub.ClientCalls.blockingUnaryCall(ClientCalls.java:139)
	at org.apache.ratis.proto.grpc.RaftServerProtocolServiceGrpc$RaftServerProtocolServiceBlockingStub.requestVote(RaftServerProtocolServiceGrpc.java:265)
	at org.apache.ratis.grpc.server.GrpcServerProtocolClient.requestVote(GrpcServerProtocolClient.java:99)
	at org.apache.ratis.grpc.server.GrpcService.requestVote(GrpcService.java:204)
	at org.apache.ratis.server.impl.LeaderElection.lambda$submitRequests$1(LeaderElection.java:234)
	at java.util.concurrent.FutureTask.run(FutureTask.java:266)
	at java.util.concurrent.Executors$RunnableAdapter.call(Executors.java:511)
	at java.util.concurrent.FutureTask.run(FutureTask.java:266)
	at java.util.concurrent.ThreadPoolExecutor.runWorker(ThreadPoolExecutor.java:1149)
	at java.util.concurrent.ThreadPoolExecutor$Worker.run(ThreadPoolExecutor.java:624)
	... 1 more
Caused by: org.apache.ratis.thirdparty.io.netty.channel.AbstractChannel$AnnotatedConnectException: Connection refused: /192.168.157.254:36038
	at sun.nio.ch.SocketChannelImpl.checkConnect(Native Method)
	at sun.nio.ch.SocketChannelImpl.finishConnect(SocketChannelImpl.java:717)
	at org.apache.ratis.thirdparty.io.netty.channel.socket.nio.NioSocketChannel.doFinishConnect(NioSocketChannel.java:327)
	at org.apache.ratis.thirdparty.io.netty.channel.nio.AbstractNioChannel$AbstractNioUnsafe.finishConnect(AbstractNioChannel.java:340)
	at org.apache.ratis.thirdparty.io.netty.channel.nio.NioEventLoop.processSelectedKey(NioEventLoop.java:632)
	at org.apache.ratis.thirdparty.io.netty.channel.nio.NioEventLoop.processSelectedKeysOptimized(NioEventLoop.java:579)
	at org.apache.ratis.thirdparty.io.netty.channel.nio.NioEventLoop.processSelectedKeys(NioEventLoop.java:496)
	at org.apache.ratis.thirdparty.io.netty.channel.nio.NioEventLoop.run(NioEventLoop.java:458)
	at org.apache.ratis.thirdparty.io.netty.util.concurrent.SingleThreadEventExecutor$5.run(SingleThreadEventExecutor.java:897)
	at org.apache.ratis.thirdparty.io.netty.util.concurrent.FastThreadLocalRunnable.run(FastThreadLocalRunnable.java:30)
	... 1 more
Caused by: java.net.ConnectException: Connection refused
	... 11 more
2019-10-22 00:13:16,158 [grpc-default-executor-6] INFO  impl.RaftServerImpl (RaftServerImpl.java:setRole(184)) - 062c71de-08d9-40ee-9309-15590e2e8e68@group-F01152B53F91: changes role from  FOLLOWER to FOLLOWER at term 191 for recognizeCandidate:2fdb3e93-e0d8-400e-8c33-91e2341b50c6
2019-10-22 00:13:16,159 [grpc-default-executor-6] INFO  impl.RoleInfo (RoleInfo.java:shutdownFollowerState(121)) - 062c71de-08d9-40ee-9309-15590e2e8e68: shutdown FollowerState
2019-10-22 00:13:16,159 [grpc-default-executor-6] INFO  impl.RoleInfo (RoleInfo.java:updateAndGet(143)) - 062c71de-08d9-40ee-9309-15590e2e8e68: start FollowerState
2019-10-22 00:13:16,159 [Thread-1764] INFO  impl.FollowerState (FollowerState.java:run(117)) - 062c71de-08d9-40ee-9309-15590e2e8e68@group-F01152B53F91-FollowerState was interrupted: java.lang.InterruptedException: sleep interrupted
2019-10-22 00:13:16,173 [2fdb3e93-e0d8-400e-8c33-91e2341b50c6@group-F01152B53F91-LeaderElection192] INFO  impl.LeaderElection (LeaderElection.java:logAndReturn(56)) - 2fdb3e93-e0d8-400e-8c33-91e2341b50c6@group-F01152B53F91-LeaderElection192: Election REJECTED; received 1 response(s) [2fdb3e93-e0d8-400e-8c33-91e2341b50c6<-062c71de-08d9-40ee-9309-15590e2e8e68#0:FAIL-t191] and 1 exception(s); 2fdb3e93-e0d8-400e-8c33-91e2341b50c6@group-F01152B53F91:t191, leader=null, voted=2fdb3e93-e0d8-400e-8c33-91e2341b50c6, raftlog=2fdb3e93-e0d8-400e-8c33-91e2341b50c6@group-F01152B53F91-SegmentedRaftLog:OPENED:c-1,f-1,i0, conf=-1: [2fdb3e93-e0d8-400e-8c33-91e2341b50c6:192.168.157.254:43254, 062c71de-08d9-40ee-9309-15590e2e8e68:192.168.157.254:45598, 2a52019e-5647-44e1-bf30-9a43fd8a7377:192.168.157.254:36038], old=null
2019-10-22 00:13:16,173 [2fdb3e93-e0d8-400e-8c33-91e2341b50c6@group-F01152B53F91-LeaderElection192] INFO  impl.LeaderElection (LogUtils.java:infoOrTrace(149)) -   Exception 0: {}
java.util.concurrent.ExecutionException: org.apache.ratis.thirdparty.io.grpc.StatusRuntimeException: UNAVAILABLE: io exception
	at java.util.concurrent.FutureTask.report(FutureTask.java:122)
	at java.util.concurrent.FutureTask.get(FutureTask.java:192)
	at org.apache.ratis.server.impl.LeaderElection.waitForResults(LeaderElection.java:259)
	at org.apache.ratis.server.impl.LeaderElection.askForVotes(LeaderElection.java:197)
	at org.apache.ratis.server.impl.LeaderElection.run(LeaderElection.java:133)
	at java.lang.Thread.run(Thread.java:748)
Caused by: org.apache.ratis.thirdparty.io.grpc.StatusRuntimeException: UNAVAILABLE: io exception
	at org.apache.ratis.thirdparty.io.grpc.stub.ClientCalls.toStatusRuntimeException(ClientCalls.java:233)
	at org.apache.ratis.thirdparty.io.grpc.stub.ClientCalls.getUnchecked(ClientCalls.java:214)
	at org.apache.ratis.thirdparty.io.grpc.stub.ClientCalls.blockingUnaryCall(ClientCalls.java:139)
	at org.apache.ratis.proto.grpc.RaftServerProtocolServiceGrpc$RaftServerProtocolServiceBlockingStub.requestVote(RaftServerProtocolServiceGrpc.java:265)
	at org.apache.ratis.grpc.server.GrpcServerProtocolClient.requestVote(GrpcServerProtocolClient.java:99)
	at org.apache.ratis.grpc.server.GrpcService.requestVote(GrpcService.java:204)
	at org.apache.ratis.server.impl.LeaderElection.lambda$submitRequests$1(LeaderElection.java:234)
	at java.util.concurrent.FutureTask.run(FutureTask.java:266)
	at java.util.concurrent.Executors$RunnableAdapter.call(Executors.java:511)
	at java.util.concurrent.FutureTask.run(FutureTask.java:266)
	at java.util.concurrent.ThreadPoolExecutor.runWorker(ThreadPoolExecutor.java:1149)
	at java.util.concurrent.ThreadPoolExecutor$Worker.run(ThreadPoolExecutor.java:624)
	... 1 more
Caused by: org.apache.ratis.thirdparty.io.netty.channel.AbstractChannel$AnnotatedConnectException: Connection refused: /192.168.157.254:36038
	at sun.nio.ch.SocketChannelImpl.checkConnect(Native Method)
	at sun.nio.ch.SocketChannelImpl.finishConnect(SocketChannelImpl.java:717)
	at org.apache.ratis.thirdparty.io.netty.channel.socket.nio.NioSocketChannel.doFinishConnect(NioSocketChannel.java:327)
	at org.apache.ratis.thirdparty.io.netty.channel.nio.AbstractNioChannel$AbstractNioUnsafe.finishConnect(AbstractNioChannel.java:340)
	at org.apache.ratis.thirdparty.io.netty.channel.nio.NioEventLoop.processSelectedKey(NioEventLoop.java:632)
	at org.apache.ratis.thirdparty.io.netty.channel.nio.NioEventLoop.processSelectedKeysOptimized(NioEventLoop.java:579)
	at org.apache.ratis.thirdparty.io.netty.channel.nio.NioEventLoop.processSelectedKeys(NioEventLoop.java:496)
	at org.apache.ratis.thirdparty.io.netty.channel.nio.NioEventLoop.run(NioEventLoop.java:458)
	at org.apache.ratis.thirdparty.io.netty.util.concurrent.SingleThreadEventExecutor$5.run(SingleThreadEventExecutor.java:897)
	at org.apache.ratis.thirdparty.io.netty.util.concurrent.FastThreadLocalRunnable.run(FastThreadLocalRunnable.java:30)
	... 1 more
Caused by: java.net.ConnectException: Connection refused
	... 11 more
2019-10-22 00:13:16,173 [2fdb3e93-e0d8-400e-8c33-91e2341b50c6@group-F01152B53F91-LeaderElection192] INFO  impl.RaftServerImpl (RaftServerImpl.java:setRole(184)) - 2fdb3e93-e0d8-400e-8c33-91e2341b50c6@group-F01152B53F91: changes role from CANDIDATE to FOLLOWER at term 191 for DISCOVERED_A_NEW_TERM
2019-10-22 00:13:16,173 [2fdb3e93-e0d8-400e-8c33-91e2341b50c6@group-F01152B53F91-LeaderElection192] INFO  impl.RoleInfo (RoleInfo.java:shutdownLeaderElection(134)) - 2fdb3e93-e0d8-400e-8c33-91e2341b50c6: shutdown LeaderElection
2019-10-22 00:13:16,173 [2fdb3e93-e0d8-400e-8c33-91e2341b50c6@group-F01152B53F91-LeaderElection192] INFO  impl.RoleInfo (RoleInfo.java:updateAndGet(143)) - 2fdb3e93-e0d8-400e-8c33-91e2341b50c6: start FollowerState
2019-10-22 00:13:16,188 [Thread-1770] INFO  impl.FollowerState (FollowerState.java:run(108)) - 2fdb3e93-e0d8-400e-8c33-91e2341b50c6@group-F01152B53F91-FollowerState: change to CANDIDATE, lastRpcTime:14ms, electionTimeout:14ms
2019-10-22 00:13:16,188 [Thread-1770] INFO  impl.RoleInfo (RoleInfo.java:shutdownFollowerState(121)) - 2fdb3e93-e0d8-400e-8c33-91e2341b50c6: shutdown FollowerState
2019-10-22 00:13:16,188 [Thread-1770] INFO  impl.RaftServerImpl (RaftServerImpl.java:setRole(184)) - 2fdb3e93-e0d8-400e-8c33-91e2341b50c6@group-F01152B53F91: changes role from  FOLLOWER to CANDIDATE at term 191 for changeToCandidate
2019-10-22 00:13:16,188 [Thread-1770] INFO  impl.RoleInfo (RoleInfo.java:updateAndGet(143)) - 2fdb3e93-e0d8-400e-8c33-91e2341b50c6: start LeaderElection
2019-10-22 00:13:16,201 [2fdb3e93-e0d8-400e-8c33-91e2341b50c6@group-F01152B53F91-LeaderElection193] INFO  impl.LeaderElection (LeaderElection.java:askForVotes(178)) - 2fdb3e93-e0d8-400e-8c33-91e2341b50c6@group-F01152B53F91-LeaderElection193: begin an election at term 192 for -1: [2fdb3e93-e0d8-400e-8c33-91e2341b50c6:192.168.157.254:43254, 062c71de-08d9-40ee-9309-15590e2e8e68:192.168.157.254:45598, 2a52019e-5647-44e1-bf30-9a43fd8a7377:192.168.157.254:36038], old=null
2019-10-22 00:13:16,202 [2fdb3e93-e0d8-400e-8c33-91e2341b50c6@group-F01152B53F91-LeaderElection193] INFO  impl.LeaderElection (LogUtils.java:infoOrTrace(149)) - 2fdb3e93-e0d8-400e-8c33-91e2341b50c6@group-F01152B53F91-LeaderElection193 got exception when requesting votes: {}
java.util.concurrent.ExecutionException: org.apache.ratis.thirdparty.io.grpc.StatusRuntimeException: UNAVAILABLE: io exception
	at java.util.concurrent.FutureTask.report(FutureTask.java:122)
	at java.util.concurrent.FutureTask.get(FutureTask.java:192)
	at org.apache.ratis.server.impl.LeaderElection.waitForResults(LeaderElection.java:259)
	at org.apache.ratis.server.impl.LeaderElection.askForVotes(LeaderElection.java:197)
	at org.apache.ratis.server.impl.LeaderElection.run(LeaderElection.java:133)
	at java.lang.Thread.run(Thread.java:748)
Caused by: org.apache.ratis.thirdparty.io.grpc.StatusRuntimeException: UNAVAILABLE: io exception
	at org.apache.ratis.thirdparty.io.grpc.stub.ClientCalls.toStatusRuntimeException(ClientCalls.java:233)
	at org.apache.ratis.thirdparty.io.grpc.stub.ClientCalls.getUnchecked(ClientCalls.java:214)
	at org.apache.ratis.thirdparty.io.grpc.stub.ClientCalls.blockingUnaryCall(ClientCalls.java:139)
	at org.apache.ratis.proto.grpc.RaftServerProtocolServiceGrpc$RaftServerProtocolServiceBlockingStub.requestVote(RaftServerProtocolServiceGrpc.java:265)
	at org.apache.ratis.grpc.server.GrpcServerProtocolClient.requestVote(GrpcServerProtocolClient.java:99)
	at org.apache.ratis.grpc.server.GrpcService.requestVote(GrpcService.java:204)
	at org.apache.ratis.server.impl.LeaderElection.lambda$submitRequests$1(LeaderElection.java:234)
	at java.util.concurrent.FutureTask.run(FutureTask.java:266)
	at java.util.concurrent.Executors$RunnableAdapter.call(Executors.java:511)
	at java.util.concurrent.FutureTask.run(FutureTask.java:266)
	at java.util.concurrent.ThreadPoolExecutor.runWorker(ThreadPoolExecutor.java:1149)
	at java.util.concurrent.ThreadPoolExecutor$Worker.run(ThreadPoolExecutor.java:624)
	... 1 more
Caused by: org.apache.ratis.thirdparty.io.netty.channel.AbstractChannel$AnnotatedConnectException: Connection refused: /192.168.157.254:36038
	at sun.nio.ch.SocketChannelImpl.checkConnect(Native Method)
	at sun.nio.ch.SocketChannelImpl.finishConnect(SocketChannelImpl.java:717)
	at org.apache.ratis.thirdparty.io.netty.channel.socket.nio.NioSocketChannel.doFinishConnect(NioSocketChannel.java:327)
	at org.apache.ratis.thirdparty.io.netty.channel.nio.AbstractNioChannel$AbstractNioUnsafe.finishConnect(AbstractNioChannel.java:340)
	at org.apache.ratis.thirdparty.io.netty.channel.nio.NioEventLoop.processSelectedKey(NioEventLoop.java:632)
	at org.apache.ratis.thirdparty.io.netty.channel.nio.NioEventLoop.processSelectedKeysOptimized(NioEventLoop.java:579)
	at org.apache.ratis.thirdparty.io.netty.channel.nio.NioEventLoop.processSelectedKeys(NioEventLoop.java:496)
	at org.apache.ratis.thirdparty.io.netty.channel.nio.NioEventLoop.run(NioEventLoop.java:458)
	at org.apache.ratis.thirdparty.io.netty.util.concurrent.SingleThreadEventExecutor$5.run(SingleThreadEventExecutor.java:897)
	at org.apache.ratis.thirdparty.io.netty.util.concurrent.FastThreadLocalRunnable.run(FastThreadLocalRunnable.java:30)
	... 1 more
Caused by: java.net.ConnectException: Connection refused
	... 11 more
2019-10-22 00:13:16,204 [grpc-default-executor-6] INFO  impl.RaftServerImpl (RaftServerImpl.java:setRole(184)) - 062c71de-08d9-40ee-9309-15590e2e8e68@group-F01152B53F91: changes role from  FOLLOWER to FOLLOWER at term 192 for recognizeCandidate:2fdb3e93-e0d8-400e-8c33-91e2341b50c6
2019-10-22 00:13:16,204 [grpc-default-executor-6] INFO  impl.RoleInfo (RoleInfo.java:shutdownFollowerState(121)) - 062c71de-08d9-40ee-9309-15590e2e8e68: shutdown FollowerState
2019-10-22 00:13:16,205 [grpc-default-executor-6] INFO  impl.RoleInfo (RoleInfo.java:updateAndGet(143)) - 062c71de-08d9-40ee-9309-15590e2e8e68: start FollowerState
2019-10-22 00:13:16,205 [Thread-1769] INFO  impl.FollowerState (FollowerState.java:run(117)) - 062c71de-08d9-40ee-9309-15590e2e8e68@group-F01152B53F91-FollowerState was interrupted: java.lang.InterruptedException: sleep interrupted
2019-10-22 00:13:16,218 [2fdb3e93-e0d8-400e-8c33-91e2341b50c6@group-F01152B53F91-LeaderElection193] INFO  impl.LeaderElection (LeaderElection.java:logAndReturn(56)) - 2fdb3e93-e0d8-400e-8c33-91e2341b50c6@group-F01152B53F91-LeaderElection193: Election REJECTED; received 1 response(s) [2fdb3e93-e0d8-400e-8c33-91e2341b50c6<-062c71de-08d9-40ee-9309-15590e2e8e68#0:FAIL-t192] and 1 exception(s); 2fdb3e93-e0d8-400e-8c33-91e2341b50c6@group-F01152B53F91:t192, leader=null, voted=2fdb3e93-e0d8-400e-8c33-91e2341b50c6, raftlog=2fdb3e93-e0d8-400e-8c33-91e2341b50c6@group-F01152B53F91-SegmentedRaftLog:OPENED:c-1,f-1,i0, conf=-1: [2fdb3e93-e0d8-400e-8c33-91e2341b50c6:192.168.157.254:43254, 062c71de-08d9-40ee-9309-15590e2e8e68:192.168.157.254:45598, 2a52019e-5647-44e1-bf30-9a43fd8a7377:192.168.157.254:36038], old=null
2019-10-22 00:13:16,218 [2fdb3e93-e0d8-400e-8c33-91e2341b50c6@group-F01152B53F91-LeaderElection193] INFO  impl.LeaderElection (LogUtils.java:infoOrTrace(149)) -   Exception 0: {}
java.util.concurrent.ExecutionException: org.apache.ratis.thirdparty.io.grpc.StatusRuntimeException: UNAVAILABLE: io exception
	at java.util.concurrent.FutureTask.report(FutureTask.java:122)
	at java.util.concurrent.FutureTask.get(FutureTask.java:192)
	at org.apache.ratis.server.impl.LeaderElection.waitForResults(LeaderElection.java:259)
	at org.apache.ratis.server.impl.LeaderElection.askForVotes(LeaderElection.java:197)
	at org.apache.ratis.server.impl.LeaderElection.run(LeaderElection.java:133)
	at java.lang.Thread.run(Thread.java:748)
Caused by: org.apache.ratis.thirdparty.io.grpc.StatusRuntimeException: UNAVAILABLE: io exception
	at org.apache.ratis.thirdparty.io.grpc.stub.ClientCalls.toStatusRuntimeException(ClientCalls.java:233)
	at org.apache.ratis.thirdparty.io.grpc.stub.ClientCalls.getUnchecked(ClientCalls.java:214)
	at org.apache.ratis.thirdparty.io.grpc.stub.ClientCalls.blockingUnaryCall(ClientCalls.java:139)
	at org.apache.ratis.proto.grpc.RaftServerProtocolServiceGrpc$RaftServerProtocolServiceBlockingStub.requestVote(RaftServerProtocolServiceGrpc.java:265)
	at org.apache.ratis.grpc.server.GrpcServerProtocolClient.requestVote(GrpcServerProtocolClient.java:99)
	at org.apache.ratis.grpc.server.GrpcService.requestVote(GrpcService.java:204)
	at org.apache.ratis.server.impl.LeaderElection.lambda$submitRequests$1(LeaderElection.java:234)
	at java.util.concurrent.FutureTask.run(FutureTask.java:266)
	at java.util.concurrent.Executors$RunnableAdapter.call(Executors.java:511)
	at java.util.concurrent.FutureTask.run(FutureTask.java:266)
	at java.util.concurrent.ThreadPoolExecutor.runWorker(ThreadPoolExecutor.java:1149)
	at java.util.concurrent.ThreadPoolExecutor$Worker.run(ThreadPoolExecutor.java:624)
	... 1 more
Caused by: org.apache.ratis.thirdparty.io.netty.channel.AbstractChannel$AnnotatedConnectException: Connection refused: /192.168.157.254:36038
	at sun.nio.ch.SocketChannelImpl.checkConnect(Native Method)
	at sun.nio.ch.SocketChannelImpl.finishConnect(SocketChannelImpl.java:717)
	at org.apache.ratis.thirdparty.io.netty.channel.socket.nio.NioSocketChannel.doFinishConnect(NioSocketChannel.java:327)
	at org.apache.ratis.thirdparty.io.netty.channel.nio.AbstractNioChannel$AbstractNioUnsafe.finishConnect(AbstractNioChannel.java:340)
	at org.apache.ratis.thirdparty.io.netty.channel.nio.NioEventLoop.processSelectedKey(NioEventLoop.java:632)
	at org.apache.ratis.thirdparty.io.netty.channel.nio.NioEventLoop.processSelectedKeysOptimized(NioEventLoop.java:579)
	at org.apache.ratis.thirdparty.io.netty.channel.nio.NioEventLoop.processSelectedKeys(NioEventLoop.java:496)
	at org.apache.ratis.thirdparty.io.netty.channel.nio.NioEventLoop.run(NioEventLoop.java:458)
	at org.apache.ratis.thirdparty.io.netty.util.concurrent.SingleThreadEventExecutor$5.run(SingleThreadEventExecutor.java:897)
	at org.apache.ratis.thirdparty.io.netty.util.concurrent.FastThreadLocalRunnable.run(FastThreadLocalRunnable.java:30)
	... 1 more
Caused by: java.net.ConnectException: Connection refused
	... 11 more
2019-10-22 00:13:16,219 [2fdb3e93-e0d8-400e-8c33-91e2341b50c6@group-F01152B53F91-LeaderElection193] INFO  impl.RaftServerImpl (RaftServerImpl.java:setRole(184)) - 2fdb3e93-e0d8-400e-8c33-91e2341b50c6@group-F01152B53F91: changes role from CANDIDATE to FOLLOWER at term 192 for DISCOVERED_A_NEW_TERM
2019-10-22 00:13:16,219 [2fdb3e93-e0d8-400e-8c33-91e2341b50c6@group-F01152B53F91-LeaderElection193] INFO  impl.RoleInfo (RoleInfo.java:shutdownLeaderElection(134)) - 2fdb3e93-e0d8-400e-8c33-91e2341b50c6: shutdown LeaderElection
2019-10-22 00:13:16,219 [2fdb3e93-e0d8-400e-8c33-91e2341b50c6@group-F01152B53F91-LeaderElection193] INFO  impl.RoleInfo (RoleInfo.java:updateAndGet(143)) - 2fdb3e93-e0d8-400e-8c33-91e2341b50c6: start FollowerState
2019-10-22 00:13:16,296 [Thread-1775] INFO  impl.FollowerState (FollowerState.java:run(108)) - 2fdb3e93-e0d8-400e-8c33-91e2341b50c6@group-F01152B53F91-FollowerState: change to CANDIDATE, lastRpcTime:77ms, electionTimeout:77ms
2019-10-22 00:13:16,296 [Thread-1775] INFO  impl.RoleInfo (RoleInfo.java:shutdownFollowerState(121)) - 2fdb3e93-e0d8-400e-8c33-91e2341b50c6: shutdown FollowerState
2019-10-22 00:13:16,296 [java.util.concurrent.ThreadPoolExecutor$Worker@c41ae0f[State = -1, empty queue]] WARN  server.GrpcLogAppender (GrpcLogAppender.java:timeoutAppendRequest(209)) - fad63ceb-ed14-4322-905d-6ef3599ac734@group-0045C62F497D->5732e052-e19f-40fe-a104-972211db20fb-GrpcLogAppender: appendEntries Timeout, request=fad63ceb-ed14-4322-905d-6ef3599ac734->5732e052-e19f-40fe-a104-972211db20fb#43-t1, previous=(t:1, i:0), leaderCommit=0, initializing? false, entries: <empty>
2019-10-22 00:13:16,296 [Thread-1775] INFO  impl.RaftServerImpl (RaftServerImpl.java:setRole(184)) - 2fdb3e93-e0d8-400e-8c33-91e2341b50c6@group-F01152B53F91: changes role from  FOLLOWER to CANDIDATE at term 192 for changeToCandidate
2019-10-22 00:13:16,297 [Thread-1775] INFO  impl.RoleInfo (RoleInfo.java:updateAndGet(143)) - 2fdb3e93-e0d8-400e-8c33-91e2341b50c6: start LeaderElection
2019-10-22 00:13:16,310 [2fdb3e93-e0d8-400e-8c33-91e2341b50c6@group-F01152B53F91-LeaderElection194] INFO  impl.LeaderElection (LeaderElection.java:askForVotes(178)) - 2fdb3e93-e0d8-400e-8c33-91e2341b50c6@group-F01152B53F91-LeaderElection194: begin an election at term 193 for -1: [2fdb3e93-e0d8-400e-8c33-91e2341b50c6:192.168.157.254:43254, 062c71de-08d9-40ee-9309-15590e2e8e68:192.168.157.254:45598, 2a52019e-5647-44e1-bf30-9a43fd8a7377:192.168.157.254:36038], old=null
2019-10-22 00:13:16,310 [2fdb3e93-e0d8-400e-8c33-91e2341b50c6@group-F01152B53F91-LeaderElection194] INFO  impl.LeaderElection (LogUtils.java:infoOrTrace(149)) - 2fdb3e93-e0d8-400e-8c33-91e2341b50c6@group-F01152B53F91-LeaderElection194 got exception when requesting votes: {}
java.util.concurrent.ExecutionException: org.apache.ratis.thirdparty.io.grpc.StatusRuntimeException: UNAVAILABLE: io exception
	at java.util.concurrent.FutureTask.report(FutureTask.java:122)
	at java.util.concurrent.FutureTask.get(FutureTask.java:192)
	at org.apache.ratis.server.impl.LeaderElection.waitForResults(LeaderElection.java:259)
	at org.apache.ratis.server.impl.LeaderElection.askForVotes(LeaderElection.java:197)
	at org.apache.ratis.server.impl.LeaderElection.run(LeaderElection.java:133)
	at java.lang.Thread.run(Thread.java:748)
Caused by: org.apache.ratis.thirdparty.io.grpc.StatusRuntimeException: UNAVAILABLE: io exception
	at org.apache.ratis.thirdparty.io.grpc.stub.ClientCalls.toStatusRuntimeException(ClientCalls.java:233)
	at org.apache.ratis.thirdparty.io.grpc.stub.ClientCalls.getUnchecked(ClientCalls.java:214)
	at org.apache.ratis.thirdparty.io.grpc.stub.ClientCalls.blockingUnaryCall(ClientCalls.java:139)
	at org.apache.ratis.proto.grpc.RaftServerProtocolServiceGrpc$RaftServerProtocolServiceBlockingStub.requestVote(RaftServerProtocolServiceGrpc.java:265)
	at org.apache.ratis.grpc.server.GrpcServerProtocolClient.requestVote(GrpcServerProtocolClient.java:99)
	at org.apache.ratis.grpc.server.GrpcService.requestVote(GrpcService.java:204)
	at org.apache.ratis.server.impl.LeaderElection.lambda$submitRequests$1(LeaderElection.java:234)
	at java.util.concurrent.FutureTask.run(FutureTask.java:266)
	at java.util.concurrent.Executors$RunnableAdapter.call(Executors.java:511)
	at java.util.concurrent.FutureTask.run(FutureTask.java:266)
	at java.util.concurrent.ThreadPoolExecutor.runWorker(ThreadPoolExecutor.java:1149)
	at java.util.concurrent.ThreadPoolExecutor$Worker.run(ThreadPoolExecutor.java:624)
	... 1 more
Caused by: org.apache.ratis.thirdparty.io.netty.channel.AbstractChannel$AnnotatedConnectException: Connection refused: /192.168.157.254:36038
	at sun.nio.ch.SocketChannelImpl.checkConnect(Native Method)
	at sun.nio.ch.SocketChannelImpl.finishConnect(SocketChannelImpl.java:717)
	at org.apache.ratis.thirdparty.io.netty.channel.socket.nio.NioSocketChannel.doFinishConnect(NioSocketChannel.java:327)
	at org.apache.ratis.thirdparty.io.netty.channel.nio.AbstractNioChannel$AbstractNioUnsafe.finishConnect(AbstractNioChannel.java:340)
	at org.apache.ratis.thirdparty.io.netty.channel.nio.NioEventLoop.processSelectedKey(NioEventLoop.java:632)
	at org.apache.ratis.thirdparty.io.netty.channel.nio.NioEventLoop.processSelectedKeysOptimized(NioEventLoop.java:579)
	at org.apache.ratis.thirdparty.io.netty.channel.nio.NioEventLoop.processSelectedKeys(NioEventLoop.java:496)
	at org.apache.ratis.thirdparty.io.netty.channel.nio.NioEventLoop.run(NioEventLoop.java:458)
	at org.apache.ratis.thirdparty.io.netty.util.concurrent.SingleThreadEventExecutor$5.run(SingleThreadEventExecutor.java:897)
	at org.apache.ratis.thirdparty.io.netty.util.concurrent.FastThreadLocalRunnable.run(FastThreadLocalRunnable.java:30)
	... 1 more
Caused by: java.net.ConnectException: Connection refused
	... 11 more
2019-10-22 00:13:16,318 [grpc-default-executor-6] INFO  impl.RaftServerImpl (RaftServerImpl.java:setRole(184)) - 062c71de-08d9-40ee-9309-15590e2e8e68@group-F01152B53F91: changes role from  FOLLOWER to FOLLOWER at term 193 for recognizeCandidate:2fdb3e93-e0d8-400e-8c33-91e2341b50c6
2019-10-22 00:13:16,318 [grpc-default-executor-6] INFO  impl.RoleInfo (RoleInfo.java:shutdownFollowerState(121)) - 062c71de-08d9-40ee-9309-15590e2e8e68: shutdown FollowerState
2019-10-22 00:13:16,318 [grpc-default-executor-6] INFO  impl.RoleInfo (RoleInfo.java:updateAndGet(143)) - 062c71de-08d9-40ee-9309-15590e2e8e68: start FollowerState
2019-10-22 00:13:16,318 [Thread-1774] INFO  impl.FollowerState (FollowerState.java:run(117)) - 062c71de-08d9-40ee-9309-15590e2e8e68@group-F01152B53F91-FollowerState was interrupted: java.lang.InterruptedException: sleep interrupted
2019-10-22 00:13:16,331 [2fdb3e93-e0d8-400e-8c33-91e2341b50c6@group-F01152B53F91-LeaderElection194] INFO  impl.LeaderElection (LeaderElection.java:logAndReturn(56)) - 2fdb3e93-e0d8-400e-8c33-91e2341b50c6@group-F01152B53F91-LeaderElection194: Election REJECTED; received 1 response(s) [2fdb3e93-e0d8-400e-8c33-91e2341b50c6<-062c71de-08d9-40ee-9309-15590e2e8e68#0:FAIL-t193] and 1 exception(s); 2fdb3e93-e0d8-400e-8c33-91e2341b50c6@group-F01152B53F91:t193, leader=null, voted=2fdb3e93-e0d8-400e-8c33-91e2341b50c6, raftlog=2fdb3e93-e0d8-400e-8c33-91e2341b50c6@group-F01152B53F91-SegmentedRaftLog:OPENED:c-1,f-1,i0, conf=-1: [2fdb3e93-e0d8-400e-8c33-91e2341b50c6:192.168.157.254:43254, 062c71de-08d9-40ee-9309-15590e2e8e68:192.168.157.254:45598, 2a52019e-5647-44e1-bf30-9a43fd8a7377:192.168.157.254:36038], old=null
2019-10-22 00:13:16,332 [2fdb3e93-e0d8-400e-8c33-91e2341b50c6@group-F01152B53F91-LeaderElection194] INFO  impl.LeaderElection (LogUtils.java:infoOrTrace(149)) -   Exception 0: {}
java.util.concurrent.ExecutionException: org.apache.ratis.thirdparty.io.grpc.StatusRuntimeException: UNAVAILABLE: io exception
	at java.util.concurrent.FutureTask.report(FutureTask.java:122)
	at java.util.concurrent.FutureTask.get(FutureTask.java:192)
	at org.apache.ratis.server.impl.LeaderElection.waitForResults(LeaderElection.java:259)
	at org.apache.ratis.server.impl.LeaderElection.askForVotes(LeaderElection.java:197)
	at org.apache.ratis.server.impl.LeaderElection.run(LeaderElection.java:133)
	at java.lang.Thread.run(Thread.java:748)
Caused by: org.apache.ratis.thirdparty.io.grpc.StatusRuntimeException: UNAVAILABLE: io exception
	at org.apache.ratis.thirdparty.io.grpc.stub.ClientCalls.toStatusRuntimeException(ClientCalls.java:233)
	at org.apache.ratis.thirdparty.io.grpc.stub.ClientCalls.getUnchecked(ClientCalls.java:214)
	at org.apache.ratis.thirdparty.io.grpc.stub.ClientCalls.blockingUnaryCall(ClientCalls.java:139)
	at org.apache.ratis.proto.grpc.RaftServerProtocolServiceGrpc$RaftServerProtocolServiceBlockingStub.requestVote(RaftServerProtocolServiceGrpc.java:265)
	at org.apache.ratis.grpc.server.GrpcServerProtocolClient.requestVote(GrpcServerProtocolClient.java:99)
	at org.apache.ratis.grpc.server.GrpcService.requestVote(GrpcService.java:204)
	at org.apache.ratis.server.impl.LeaderElection.lambda$submitRequests$1(LeaderElection.java:234)
	at java.util.concurrent.FutureTask.run(FutureTask.java:266)
	at java.util.concurrent.Executors$RunnableAdapter.call(Executors.java:511)
	at java.util.concurrent.FutureTask.run(FutureTask.java:266)
	at java.util.concurrent.ThreadPoolExecutor.runWorker(ThreadPoolExecutor.java:1149)
	at java.util.concurrent.ThreadPoolExecutor$Worker.run(ThreadPoolExecutor.java:624)
	... 1 more
Caused by: org.apache.ratis.thirdparty.io.netty.channel.AbstractChannel$AnnotatedConnectException: Connection refused: /192.168.157.254:36038
	at sun.nio.ch.SocketChannelImpl.checkConnect(Native Method)
	at sun.nio.ch.SocketChannelImpl.finishConnect(SocketChannelImpl.java:717)
	at org.apache.ratis.thirdparty.io.netty.channel.socket.nio.NioSocketChannel.doFinishConnect(NioSocketChannel.java:327)
	at org.apache.ratis.thirdparty.io.netty.channel.nio.AbstractNioChannel$AbstractNioUnsafe.finishConnect(AbstractNioChannel.java:340)
	at org.apache.ratis.thirdparty.io.netty.channel.nio.NioEventLoop.processSelectedKey(NioEventLoop.java:632)
	at org.apache.ratis.thirdparty.io.netty.channel.nio.NioEventLoop.processSelectedKeysOptimized(NioEventLoop.java:579)
	at org.apache.ratis.thirdparty.io.netty.channel.nio.NioEventLoop.processSelectedKeys(NioEventLoop.java:496)
	at org.apache.ratis.thirdparty.io.netty.channel.nio.NioEventLoop.run(NioEventLoop.java:458)
	at org.apache.ratis.thirdparty.io.netty.util.concurrent.SingleThreadEventExecutor$5.run(SingleThreadEventExecutor.java:897)
	at org.apache.ratis.thirdparty.io.netty.util.concurrent.FastThreadLocalRunnable.run(FastThreadLocalRunnable.java:30)
	... 1 more
Caused by: java.net.ConnectException: Connection refused
	... 11 more
2019-10-22 00:13:16,332 [2fdb3e93-e0d8-400e-8c33-91e2341b50c6@group-F01152B53F91-LeaderElection194] INFO  impl.RaftServerImpl (RaftServerImpl.java:setRole(184)) - 2fdb3e93-e0d8-400e-8c33-91e2341b50c6@group-F01152B53F91: changes role from CANDIDATE to FOLLOWER at term 193 for DISCOVERED_A_NEW_TERM
2019-10-22 00:13:16,332 [2fdb3e93-e0d8-400e-8c33-91e2341b50c6@group-F01152B53F91-LeaderElection194] INFO  impl.RoleInfo (RoleInfo.java:shutdownLeaderElection(134)) - 2fdb3e93-e0d8-400e-8c33-91e2341b50c6: shutdown LeaderElection
2019-10-22 00:13:16,332 [2fdb3e93-e0d8-400e-8c33-91e2341b50c6@group-F01152B53F91-LeaderElection194] INFO  impl.RoleInfo (RoleInfo.java:updateAndGet(143)) - 2fdb3e93-e0d8-400e-8c33-91e2341b50c6: start FollowerState
2019-10-22 00:13:16,411 [Thread-1780] INFO  impl.FollowerState (FollowerState.java:run(108)) - 2fdb3e93-e0d8-400e-8c33-91e2341b50c6@group-F01152B53F91-FollowerState: change to CANDIDATE, lastRpcTime:78ms, electionTimeout:78ms
2019-10-22 00:13:16,411 [Thread-1780] INFO  impl.RoleInfo (RoleInfo.java:shutdownFollowerState(121)) - 2fdb3e93-e0d8-400e-8c33-91e2341b50c6: shutdown FollowerState
2019-10-22 00:13:16,411 [Thread-1780] INFO  impl.RaftServerImpl (RaftServerImpl.java:setRole(184)) - 2fdb3e93-e0d8-400e-8c33-91e2341b50c6@group-F01152B53F91: changes role from  FOLLOWER to CANDIDATE at term 193 for changeToCandidate
2019-10-22 00:13:16,411 [Thread-1780] INFO  impl.RoleInfo (RoleInfo.java:updateAndGet(143)) - 2fdb3e93-e0d8-400e-8c33-91e2341b50c6: start LeaderElection
2019-10-22 00:13:16,425 [2fdb3e93-e0d8-400e-8c33-91e2341b50c6@group-F01152B53F91-LeaderElection195] INFO  impl.LeaderElection (LeaderElection.java:askForVotes(178)) - 2fdb3e93-e0d8-400e-8c33-91e2341b50c6@group-F01152B53F91-LeaderElection195: begin an election at term 194 for -1: [2fdb3e93-e0d8-400e-8c33-91e2341b50c6:192.168.157.254:43254, 062c71de-08d9-40ee-9309-15590e2e8e68:192.168.157.254:45598, 2a52019e-5647-44e1-bf30-9a43fd8a7377:192.168.157.254:36038], old=null
2019-10-22 00:13:16,426 [2fdb3e93-e0d8-400e-8c33-91e2341b50c6@group-F01152B53F91-LeaderElection195] INFO  impl.LeaderElection (LogUtils.java:infoOrTrace(149)) - 2fdb3e93-e0d8-400e-8c33-91e2341b50c6@group-F01152B53F91-LeaderElection195 got exception when requesting votes: {}
java.util.concurrent.ExecutionException: org.apache.ratis.thirdparty.io.grpc.StatusRuntimeException: UNAVAILABLE: io exception
	at java.util.concurrent.FutureTask.report(FutureTask.java:122)
	at java.util.concurrent.FutureTask.get(FutureTask.java:192)
	at org.apache.ratis.server.impl.LeaderElection.waitForResults(LeaderElection.java:259)
	at org.apache.ratis.server.impl.LeaderElection.askForVotes(LeaderElection.java:197)
	at org.apache.ratis.server.impl.LeaderElection.run(LeaderElection.java:133)
	at java.lang.Thread.run(Thread.java:748)
Caused by: org.apache.ratis.thirdparty.io.grpc.StatusRuntimeException: UNAVAILABLE: io exception
	at org.apache.ratis.thirdparty.io.grpc.stub.ClientCalls.toStatusRuntimeException(ClientCalls.java:233)
	at org.apache.ratis.thirdparty.io.grpc.stub.ClientCalls.getUnchecked(ClientCalls.java:214)
	at org.apache.ratis.thirdparty.io.grpc.stub.ClientCalls.blockingUnaryCall(ClientCalls.java:139)
	at org.apache.ratis.proto.grpc.RaftServerProtocolServiceGrpc$RaftServerProtocolServiceBlockingStub.requestVote(RaftServerProtocolServiceGrpc.java:265)
	at org.apache.ratis.grpc.server.GrpcServerProtocolClient.requestVote(GrpcServerProtocolClient.java:99)
	at org.apache.ratis.grpc.server.GrpcService.requestVote(GrpcService.java:204)
	at org.apache.ratis.server.impl.LeaderElection.lambda$submitRequests$1(LeaderElection.java:234)
	at java.util.concurrent.FutureTask.run(FutureTask.java:266)
	at java.util.concurrent.Executors$RunnableAdapter.call(Executors.java:511)
	at java.util.concurrent.FutureTask.run(FutureTask.java:266)
	at java.util.concurrent.ThreadPoolExecutor.runWorker(ThreadPoolExecutor.java:1149)
	at java.util.concurrent.ThreadPoolExecutor$Worker.run(ThreadPoolExecutor.java:624)
	... 1 more
Caused by: org.apache.ratis.thirdparty.io.netty.channel.AbstractChannel$AnnotatedConnectException: Connection refused: /192.168.157.254:36038
	at sun.nio.ch.SocketChannelImpl.checkConnect(Native Method)
	at sun.nio.ch.SocketChannelImpl.finishConnect(SocketChannelImpl.java:717)
	at org.apache.ratis.thirdparty.io.netty.channel.socket.nio.NioSocketChannel.doFinishConnect(NioSocketChannel.java:327)
	at org.apache.ratis.thirdparty.io.netty.channel.nio.AbstractNioChannel$AbstractNioUnsafe.finishConnect(AbstractNioChannel.java:340)
	at org.apache.ratis.thirdparty.io.netty.channel.nio.NioEventLoop.processSelectedKey(NioEventLoop.java:632)
	at org.apache.ratis.thirdparty.io.netty.channel.nio.NioEventLoop.processSelectedKeysOptimized(NioEventLoop.java:579)
	at org.apache.ratis.thirdparty.io.netty.channel.nio.NioEventLoop.processSelectedKeys(NioEventLoop.java:496)
	at org.apache.ratis.thirdparty.io.netty.channel.nio.NioEventLoop.run(NioEventLoop.java:458)
	at org.apache.ratis.thirdparty.io.netty.util.concurrent.SingleThreadEventExecutor$5.run(SingleThreadEventExecutor.java:897)
	at org.apache.ratis.thirdparty.io.netty.util.concurrent.FastThreadLocalRunnable.run(FastThreadLocalRunnable.java:30)
	... 1 more
Caused by: java.net.ConnectException: Connection refused
	... 11 more
2019-10-22 00:13:16,435 [grpc-default-executor-6] INFO  impl.RaftServerImpl (RaftServerImpl.java:setRole(184)) - 062c71de-08d9-40ee-9309-15590e2e8e68@group-F01152B53F91: changes role from  FOLLOWER to FOLLOWER at term 194 for recognizeCandidate:2fdb3e93-e0d8-400e-8c33-91e2341b50c6
2019-10-22 00:13:16,435 [grpc-default-executor-6] INFO  impl.RoleInfo (RoleInfo.java:shutdownFollowerState(121)) - 062c71de-08d9-40ee-9309-15590e2e8e68: shutdown FollowerState
2019-10-22 00:13:16,436 [grpc-default-executor-6] INFO  impl.RoleInfo (RoleInfo.java:updateAndGet(143)) - 062c71de-08d9-40ee-9309-15590e2e8e68: start FollowerState
2019-10-22 00:13:16,436 [Thread-1779] INFO  impl.FollowerState (FollowerState.java:run(117)) - 062c71de-08d9-40ee-9309-15590e2e8e68@group-F01152B53F91-FollowerState was interrupted: java.lang.InterruptedException: sleep interrupted
2019-10-22 00:13:16,449 [2fdb3e93-e0d8-400e-8c33-91e2341b50c6@group-F01152B53F91-LeaderElection195] INFO  impl.LeaderElection (LeaderElection.java:logAndReturn(56)) - 2fdb3e93-e0d8-400e-8c33-91e2341b50c6@group-F01152B53F91-LeaderElection195: Election REJECTED; received 1 response(s) [2fdb3e93-e0d8-400e-8c33-91e2341b50c6<-062c71de-08d9-40ee-9309-15590e2e8e68#0:FAIL-t194] and 1 exception(s); 2fdb3e93-e0d8-400e-8c33-91e2341b50c6@group-F01152B53F91:t194, leader=null, voted=2fdb3e93-e0d8-400e-8c33-91e2341b50c6, raftlog=2fdb3e93-e0d8-400e-8c33-91e2341b50c6@group-F01152B53F91-SegmentedRaftLog:OPENED:c-1,f-1,i0, conf=-1: [2fdb3e93-e0d8-400e-8c33-91e2341b50c6:192.168.157.254:43254, 062c71de-08d9-40ee-9309-15590e2e8e68:192.168.157.254:45598, 2a52019e-5647-44e1-bf30-9a43fd8a7377:192.168.157.254:36038], old=null
2019-10-22 00:13:16,449 [2fdb3e93-e0d8-400e-8c33-91e2341b50c6@group-F01152B53F91-LeaderElection195] INFO  impl.LeaderElection (LogUtils.java:infoOrTrace(149)) -   Exception 0: {}
java.util.concurrent.ExecutionException: org.apache.ratis.thirdparty.io.grpc.StatusRuntimeException: UNAVAILABLE: io exception
	at java.util.concurrent.FutureTask.report(FutureTask.java:122)
	at java.util.concurrent.FutureTask.get(FutureTask.java:192)
	at org.apache.ratis.server.impl.LeaderElection.waitForResults(LeaderElection.java:259)
	at org.apache.ratis.server.impl.LeaderElection.askForVotes(LeaderElection.java:197)
	at org.apache.ratis.server.impl.LeaderElection.run(LeaderElection.java:133)
	at java.lang.Thread.run(Thread.java:748)
Caused by: org.apache.ratis.thirdparty.io.grpc.StatusRuntimeException: UNAVAILABLE: io exception
	at org.apache.ratis.thirdparty.io.grpc.stub.ClientCalls.toStatusRuntimeException(ClientCalls.java:233)
	at org.apache.ratis.thirdparty.io.grpc.stub.ClientCalls.getUnchecked(ClientCalls.java:214)
	at org.apache.ratis.thirdparty.io.grpc.stub.ClientCalls.blockingUnaryCall(ClientCalls.java:139)
	at org.apache.ratis.proto.grpc.RaftServerProtocolServiceGrpc$RaftServerProtocolServiceBlockingStub.requestVote(RaftServerProtocolServiceGrpc.java:265)
	at org.apache.ratis.grpc.server.GrpcServerProtocolClient.requestVote(GrpcServerProtocolClient.java:99)
	at org.apache.ratis.grpc.server.GrpcService.requestVote(GrpcService.java:204)
	at org.apache.ratis.server.impl.LeaderElection.lambda$submitRequests$1(LeaderElection.java:234)
	at java.util.concurrent.FutureTask.run(FutureTask.java:266)
	at java.util.concurrent.Executors$RunnableAdapter.call(Executors.java:511)
	at java.util.concurrent.FutureTask.run(FutureTask.java:266)
	at java.util.concurrent.ThreadPoolExecutor.runWorker(ThreadPoolExecutor.java:1149)
	at java.util.concurrent.ThreadPoolExecutor$Worker.run(ThreadPoolExecutor.java:624)
	... 1 more
Caused by: org.apache.ratis.thirdparty.io.netty.channel.AbstractChannel$AnnotatedConnectException: Connection refused: /192.168.157.254:36038
	at sun.nio.ch.SocketChannelImpl.checkConnect(Native Method)
	at sun.nio.ch.SocketChannelImpl.finishConnect(SocketChannelImpl.java:717)
	at org.apache.ratis.thirdparty.io.netty.channel.socket.nio.NioSocketChannel.doFinishConnect(NioSocketChannel.java:327)
	at org.apache.ratis.thirdparty.io.netty.channel.nio.AbstractNioChannel$AbstractNioUnsafe.finishConnect(AbstractNioChannel.java:340)
	at org.apache.ratis.thirdparty.io.netty.channel.nio.NioEventLoop.processSelectedKey(NioEventLoop.java:632)
	at org.apache.ratis.thirdparty.io.netty.channel.nio.NioEventLoop.processSelectedKeysOptimized(NioEventLoop.java:579)
	at org.apache.ratis.thirdparty.io.netty.channel.nio.NioEventLoop.processSelectedKeys(NioEventLoop.java:496)
	at org.apache.ratis.thirdparty.io.netty.channel.nio.NioEventLoop.run(NioEventLoop.java:458)
	at org.apache.ratis.thirdparty.io.netty.util.concurrent.SingleThreadEventExecutor$5.run(SingleThreadEventExecutor.java:897)
	at org.apache.ratis.thirdparty.io.netty.util.concurrent.FastThreadLocalRunnable.run(FastThreadLocalRunnable.java:30)
	... 1 more
Caused by: java.net.ConnectException: Connection refused
	... 11 more
2019-10-22 00:13:16,450 [2fdb3e93-e0d8-400e-8c33-91e2341b50c6@group-F01152B53F91-LeaderElection195] INFO  impl.RaftServerImpl (RaftServerImpl.java:setRole(184)) - 2fdb3e93-e0d8-400e-8c33-91e2341b50c6@group-F01152B53F91: changes role from CANDIDATE to FOLLOWER at term 194 for DISCOVERED_A_NEW_TERM
2019-10-22 00:13:16,450 [2fdb3e93-e0d8-400e-8c33-91e2341b50c6@group-F01152B53F91-LeaderElection195] INFO  impl.RoleInfo (RoleInfo.java:shutdownLeaderElection(134)) - 2fdb3e93-e0d8-400e-8c33-91e2341b50c6: shutdown LeaderElection
2019-10-22 00:13:16,450 [2fdb3e93-e0d8-400e-8c33-91e2341b50c6@group-F01152B53F91-LeaderElection195] INFO  impl.RoleInfo (RoleInfo.java:updateAndGet(143)) - 2fdb3e93-e0d8-400e-8c33-91e2341b50c6: start FollowerState
2019-10-22 00:13:16,452 [java.util.concurrent.ThreadPoolExecutor$Worker@1d11c0e2[State = -1, empty queue]] WARN  server.GrpcLogAppender (GrpcLogAppender.java:timeoutAppendRequest(209)) - 9d453efa-53cb-467a-9eb6-1ab0458610f0@group-597AF0FA787F->d521f5b1-4e7b-4169-9688-2112c7da7b1f-GrpcLogAppender: appendEntries Timeout, request=9d453efa-53cb-467a-9eb6-1ab0458610f0->d521f5b1-4e7b-4169-9688-2112c7da7b1f#1-t6, previous=(t:5, i:19), leaderCommit=21, initializing? false, entries: <empty>
2019-10-22 00:13:16,588 [Thread-1786] INFO  impl.FollowerState (FollowerState.java:run(108)) - 2fdb3e93-e0d8-400e-8c33-91e2341b50c6@group-F01152B53F91-FollowerState: change to CANDIDATE, lastRpcTime:138ms, electionTimeout:138ms
2019-10-22 00:13:16,588 [Thread-1786] INFO  impl.RoleInfo (RoleInfo.java:shutdownFollowerState(121)) - 2fdb3e93-e0d8-400e-8c33-91e2341b50c6: shutdown FollowerState
2019-10-22 00:13:16,588 [Thread-1786] INFO  impl.RaftServerImpl (RaftServerImpl.java:setRole(184)) - 2fdb3e93-e0d8-400e-8c33-91e2341b50c6@group-F01152B53F91: changes role from  FOLLOWER to CANDIDATE at term 194 for changeToCandidate
2019-10-22 00:13:16,588 [Thread-1786] INFO  impl.RoleInfo (RoleInfo.java:updateAndGet(143)) - 2fdb3e93-e0d8-400e-8c33-91e2341b50c6: start LeaderElection
2019-10-22 00:13:16,599 [2fdb3e93-e0d8-400e-8c33-91e2341b50c6@group-F01152B53F91-LeaderElection196] INFO  impl.LeaderElection (LeaderElection.java:askForVotes(178)) - 2fdb3e93-e0d8-400e-8c33-91e2341b50c6@group-F01152B53F91-LeaderElection196: begin an election at term 195 for -1: [2fdb3e93-e0d8-400e-8c33-91e2341b50c6:192.168.157.254:43254, 062c71de-08d9-40ee-9309-15590e2e8e68:192.168.157.254:45598, 2a52019e-5647-44e1-bf30-9a43fd8a7377:192.168.157.254:36038], old=null
2019-10-22 00:13:16,600 [2fdb3e93-e0d8-400e-8c33-91e2341b50c6@group-F01152B53F91-LeaderElection196] INFO  impl.LeaderElection (LogUtils.java:infoOrTrace(149)) - 2fdb3e93-e0d8-400e-8c33-91e2341b50c6@group-F01152B53F91-LeaderElection196 got exception when requesting votes: {}
java.util.concurrent.ExecutionException: org.apache.ratis.thirdparty.io.grpc.StatusRuntimeException: UNAVAILABLE: io exception
	at java.util.concurrent.FutureTask.report(FutureTask.java:122)
	at java.util.concurrent.FutureTask.get(FutureTask.java:192)
	at org.apache.ratis.server.impl.LeaderElection.waitForResults(LeaderElection.java:259)
	at org.apache.ratis.server.impl.LeaderElection.askForVotes(LeaderElection.java:197)
	at org.apache.ratis.server.impl.LeaderElection.run(LeaderElection.java:133)
	at java.lang.Thread.run(Thread.java:748)
Caused by: org.apache.ratis.thirdparty.io.grpc.StatusRuntimeException: UNAVAILABLE: io exception
	at org.apache.ratis.thirdparty.io.grpc.stub.ClientCalls.toStatusRuntimeException(ClientCalls.java:233)
	at org.apache.ratis.thirdparty.io.grpc.stub.ClientCalls.getUnchecked(ClientCalls.java:214)
	at org.apache.ratis.thirdparty.io.grpc.stub.ClientCalls.blockingUnaryCall(ClientCalls.java:139)
	at org.apache.ratis.proto.grpc.RaftServerProtocolServiceGrpc$RaftServerProtocolServiceBlockingStub.requestVote(RaftServerProtocolServiceGrpc.java:265)
	at org.apache.ratis.grpc.server.GrpcServerProtocolClient.requestVote(GrpcServerProtocolClient.java:99)
	at org.apache.ratis.grpc.server.GrpcService.requestVote(GrpcService.java:204)
	at org.apache.ratis.server.impl.LeaderElection.lambda$submitRequests$1(LeaderElection.java:234)
	at java.util.concurrent.FutureTask.run(FutureTask.java:266)
	at java.util.concurrent.Executors$RunnableAdapter.call(Executors.java:511)
	at java.util.concurrent.FutureTask.run(FutureTask.java:266)
	at java.util.concurrent.ThreadPoolExecutor.runWorker(ThreadPoolExecutor.java:1149)
	at java.util.concurrent.ThreadPoolExecutor$Worker.run(ThreadPoolExecutor.java:624)
	... 1 more
Caused by: org.apache.ratis.thirdparty.io.netty.channel.AbstractChannel$AnnotatedConnectException: Connection refused: /192.168.157.254:36038
	at sun.nio.ch.SocketChannelImpl.checkConnect(Native Method)
	at sun.nio.ch.SocketChannelImpl.finishConnect(SocketChannelImpl.java:717)
	at org.apache.ratis.thirdparty.io.netty.channel.socket.nio.NioSocketChannel.doFinishConnect(NioSocketChannel.java:327)
	at org.apache.ratis.thirdparty.io.netty.channel.nio.AbstractNioChannel$AbstractNioUnsafe.finishConnect(AbstractNioChannel.java:340)
	at org.apache.ratis.thirdparty.io.netty.channel.nio.NioEventLoop.processSelectedKey(NioEventLoop.java:632)
	at org.apache.ratis.thirdparty.io.netty.channel.nio.NioEventLoop.processSelectedKeysOptimized(NioEventLoop.java:579)
	at org.apache.ratis.thirdparty.io.netty.channel.nio.NioEventLoop.processSelectedKeys(NioEventLoop.java:496)
	at org.apache.ratis.thirdparty.io.netty.channel.nio.NioEventLoop.run(NioEventLoop.java:458)
	at org.apache.ratis.thirdparty.io.netty.util.concurrent.SingleThreadEventExecutor$5.run(SingleThreadEventExecutor.java:897)
	at org.apache.ratis.thirdparty.io.netty.util.concurrent.FastThreadLocalRunnable.run(FastThreadLocalRunnable.java:30)
	... 1 more
Caused by: java.net.ConnectException: Connection refused
	... 11 more
2019-10-22 00:13:16,603 [grpc-default-executor-6] INFO  impl.RaftServerImpl (RaftServerImpl.java:setRole(184)) - 062c71de-08d9-40ee-9309-15590e2e8e68@group-F01152B53F91: changes role from  FOLLOWER to FOLLOWER at term 195 for recognizeCandidate:2fdb3e93-e0d8-400e-8c33-91e2341b50c6
2019-10-22 00:13:16,603 [grpc-default-executor-6] INFO  impl.RoleInfo (RoleInfo.java:shutdownFollowerState(121)) - 062c71de-08d9-40ee-9309-15590e2e8e68: shutdown FollowerState
2019-10-22 00:13:16,603 [grpc-default-executor-6] INFO  impl.RoleInfo (RoleInfo.java:updateAndGet(143)) - 062c71de-08d9-40ee-9309-15590e2e8e68: start FollowerState
2019-10-22 00:13:16,603 [Thread-1785] INFO  impl.FollowerState (FollowerState.java:run(117)) - 062c71de-08d9-40ee-9309-15590e2e8e68@group-F01152B53F91-FollowerState was interrupted: java.lang.InterruptedException: sleep interrupted
2019-10-22 00:13:16,617 [2fdb3e93-e0d8-400e-8c33-91e2341b50c6@group-F01152B53F91-LeaderElection196] INFO  impl.LeaderElection (LeaderElection.java:logAndReturn(56)) - 2fdb3e93-e0d8-400e-8c33-91e2341b50c6@group-F01152B53F91-LeaderElection196: Election REJECTED; received 1 response(s) [2fdb3e93-e0d8-400e-8c33-91e2341b50c6<-062c71de-08d9-40ee-9309-15590e2e8e68#0:FAIL-t195] and 1 exception(s); 2fdb3e93-e0d8-400e-8c33-91e2341b50c6@group-F01152B53F91:t195, leader=null, voted=2fdb3e93-e0d8-400e-8c33-91e2341b50c6, raftlog=2fdb3e93-e0d8-400e-8c33-91e2341b50c6@group-F01152B53F91-SegmentedRaftLog:OPENED:c-1,f-1,i0, conf=-1: [2fdb3e93-e0d8-400e-8c33-91e2341b50c6:192.168.157.254:43254, 062c71de-08d9-40ee-9309-15590e2e8e68:192.168.157.254:45598, 2a52019e-5647-44e1-bf30-9a43fd8a7377:192.168.157.254:36038], old=null
2019-10-22 00:13:16,617 [2fdb3e93-e0d8-400e-8c33-91e2341b50c6@group-F01152B53F91-LeaderElection196] INFO  impl.LeaderElection (LogUtils.java:infoOrTrace(149)) -   Exception 0: {}
java.util.concurrent.ExecutionException: org.apache.ratis.thirdparty.io.grpc.StatusRuntimeException: UNAVAILABLE: io exception
	at java.util.concurrent.FutureTask.report(FutureTask.java:122)
	at java.util.concurrent.FutureTask.get(FutureTask.java:192)
	at org.apache.ratis.server.impl.LeaderElection.waitForResults(LeaderElection.java:259)
	at org.apache.ratis.server.impl.LeaderElection.askForVotes(LeaderElection.java:197)
	at org.apache.ratis.server.impl.LeaderElection.run(LeaderElection.java:133)
	at java.lang.Thread.run(Thread.java:748)
Caused by: org.apache.ratis.thirdparty.io.grpc.StatusRuntimeException: UNAVAILABLE: io exception
	at org.apache.ratis.thirdparty.io.grpc.stub.ClientCalls.toStatusRuntimeException(ClientCalls.java:233)
	at org.apache.ratis.thirdparty.io.grpc.stub.ClientCalls.getUnchecked(ClientCalls.java:214)
	at org.apache.ratis.thirdparty.io.grpc.stub.ClientCalls.blockingUnaryCall(ClientCalls.java:139)
	at org.apache.ratis.proto.grpc.RaftServerProtocolServiceGrpc$RaftServerProtocolServiceBlockingStub.requestVote(RaftServerProtocolServiceGrpc.java:265)
	at org.apache.ratis.grpc.server.GrpcServerProtocolClient.requestVote(GrpcServerProtocolClient.java:99)
	at org.apache.ratis.grpc.server.GrpcService.requestVote(GrpcService.java:204)
	at org.apache.ratis.server.impl.LeaderElection.lambda$submitRequests$1(LeaderElection.java:234)
	at java.util.concurrent.FutureTask.run(FutureTask.java:266)
	at java.util.concurrent.Executors$RunnableAdapter.call(Executors.java:511)
	at java.util.concurrent.FutureTask.run(FutureTask.java:266)
	at java.util.concurrent.ThreadPoolExecutor.runWorker(ThreadPoolExecutor.java:1149)
	at java.util.concurrent.ThreadPoolExecutor$Worker.run(ThreadPoolExecutor.java:624)
	... 1 more
Caused by: org.apache.ratis.thirdparty.io.netty.channel.AbstractChannel$AnnotatedConnectException: Connection refused: /192.168.157.254:36038
	at sun.nio.ch.SocketChannelImpl.checkConnect(Native Method)
	at sun.nio.ch.SocketChannelImpl.finishConnect(SocketChannelImpl.java:717)
	at org.apache.ratis.thirdparty.io.netty.channel.socket.nio.NioSocketChannel.doFinishConnect(NioSocketChannel.java:327)
	at org.apache.ratis.thirdparty.io.netty.channel.nio.AbstractNioChannel$AbstractNioUnsafe.finishConnect(AbstractNioChannel.java:340)
	at org.apache.ratis.thirdparty.io.netty.channel.nio.NioEventLoop.processSelectedKey(NioEventLoop.java:632)
	at org.apache.ratis.thirdparty.io.netty.channel.nio.NioEventLoop.processSelectedKeysOptimized(NioEventLoop.java:579)
	at org.apache.ratis.thirdparty.io.netty.channel.nio.NioEventLoop.processSelectedKeys(NioEventLoop.java:496)
	at org.apache.ratis.thirdparty.io.netty.channel.nio.NioEventLoop.run(NioEventLoop.java:458)
	at org.apache.ratis.thirdparty.io.netty.util.concurrent.SingleThreadEventExecutor$5.run(SingleThreadEventExecutor.java:897)
	at org.apache.ratis.thirdparty.io.netty.util.concurrent.FastThreadLocalRunnable.run(FastThreadLocalRunnable.java:30)
	... 1 more
Caused by: java.net.ConnectException: Connection refused
	... 11 more
2019-10-22 00:13:16,618 [2fdb3e93-e0d8-400e-8c33-91e2341b50c6@group-F01152B53F91-LeaderElection196] INFO  impl.RaftServerImpl (RaftServerImpl.java:setRole(184)) - 2fdb3e93-e0d8-400e-8c33-91e2341b50c6@group-F01152B53F91: changes role from CANDIDATE to FOLLOWER at term 195 for DISCOVERED_A_NEW_TERM
2019-10-22 00:13:16,618 [2fdb3e93-e0d8-400e-8c33-91e2341b50c6@group-F01152B53F91-LeaderElection196] INFO  impl.RoleInfo (RoleInfo.java:shutdownLeaderElection(134)) - 2fdb3e93-e0d8-400e-8c33-91e2341b50c6: shutdown LeaderElection
2019-10-22 00:13:16,618 [2fdb3e93-e0d8-400e-8c33-91e2341b50c6@group-F01152B53F91-LeaderElection196] INFO  impl.RoleInfo (RoleInfo.java:updateAndGet(143)) - 2fdb3e93-e0d8-400e-8c33-91e2341b50c6: start FollowerState
2019-10-22 00:13:16,788 [Thread-1792] INFO  impl.FollowerState (FollowerState.java:run(108)) - 2fdb3e93-e0d8-400e-8c33-91e2341b50c6@group-F01152B53F91-FollowerState: change to CANDIDATE, lastRpcTime:170ms, electionTimeout:170ms
2019-10-22 00:13:16,788 [Thread-1792] INFO  impl.RoleInfo (RoleInfo.java:shutdownFollowerState(121)) - 2fdb3e93-e0d8-400e-8c33-91e2341b50c6: shutdown FollowerState
2019-10-22 00:13:16,788 [Thread-1792] INFO  impl.RaftServerImpl (RaftServerImpl.java:setRole(184)) - 2fdb3e93-e0d8-400e-8c33-91e2341b50c6@group-F01152B53F91: changes role from  FOLLOWER to CANDIDATE at term 195 for changeToCandidate
2019-10-22 00:13:16,789 [Thread-1792] INFO  impl.RoleInfo (RoleInfo.java:updateAndGet(143)) - 2fdb3e93-e0d8-400e-8c33-91e2341b50c6: start LeaderElection
2019-10-22 00:13:16,797 [java.util.concurrent.ThreadPoolExecutor$Worker@c41ae0f[State = -1, empty queue]] WARN  server.GrpcLogAppender (GrpcLogAppender.java:timeoutAppendRequest(209)) - fad63ceb-ed14-4322-905d-6ef3599ac734@group-0045C62F497D->5732e052-e19f-40fe-a104-972211db20fb-GrpcLogAppender: appendEntries Timeout, request=fad63ceb-ed14-4322-905d-6ef3599ac734->5732e052-e19f-40fe-a104-972211db20fb#44-t1, previous=(t:1, i:0), leaderCommit=0, initializing? false, entries: <empty>
2019-10-22 00:13:16,802 [2fdb3e93-e0d8-400e-8c33-91e2341b50c6@group-F01152B53F91-LeaderElection197] INFO  impl.LeaderElection (LeaderElection.java:askForVotes(178)) - 2fdb3e93-e0d8-400e-8c33-91e2341b50c6@group-F01152B53F91-LeaderElection197: begin an election at term 196 for -1: [2fdb3e93-e0d8-400e-8c33-91e2341b50c6:192.168.157.254:43254, 062c71de-08d9-40ee-9309-15590e2e8e68:192.168.157.254:45598, 2a52019e-5647-44e1-bf30-9a43fd8a7377:192.168.157.254:36038], old=null
2019-10-22 00:13:16,803 [2fdb3e93-e0d8-400e-8c33-91e2341b50c6@group-F01152B53F91-LeaderElection197] INFO  impl.LeaderElection (LogUtils.java:infoOrTrace(149)) - 2fdb3e93-e0d8-400e-8c33-91e2341b50c6@group-F01152B53F91-LeaderElection197 got exception when requesting votes: {}
java.util.concurrent.ExecutionException: org.apache.ratis.thirdparty.io.grpc.StatusRuntimeException: UNAVAILABLE: io exception
	at java.util.concurrent.FutureTask.report(FutureTask.java:122)
	at java.util.concurrent.FutureTask.get(FutureTask.java:192)
	at org.apache.ratis.server.impl.LeaderElection.waitForResults(LeaderElection.java:259)
	at org.apache.ratis.server.impl.LeaderElection.askForVotes(LeaderElection.java:197)
	at org.apache.ratis.server.impl.LeaderElection.run(LeaderElection.java:133)
	at java.lang.Thread.run(Thread.java:748)
Caused by: org.apache.ratis.thirdparty.io.grpc.StatusRuntimeException: UNAVAILABLE: io exception
	at org.apache.ratis.thirdparty.io.grpc.stub.ClientCalls.toStatusRuntimeException(ClientCalls.java:233)
	at org.apache.ratis.thirdparty.io.grpc.stub.ClientCalls.getUnchecked(ClientCalls.java:214)
	at org.apache.ratis.thirdparty.io.grpc.stub.ClientCalls.blockingUnaryCall(ClientCalls.java:139)
	at org.apache.ratis.proto.grpc.RaftServerProtocolServiceGrpc$RaftServerProtocolServiceBlockingStub.requestVote(RaftServerProtocolServiceGrpc.java:265)
	at org.apache.ratis.grpc.server.GrpcServerProtocolClient.requestVote(GrpcServerProtocolClient.java:99)
	at org.apache.ratis.grpc.server.GrpcService.requestVote(GrpcService.java:204)
	at org.apache.ratis.server.impl.LeaderElection.lambda$submitRequests$1(LeaderElection.java:234)
	at java.util.concurrent.FutureTask.run(FutureTask.java:266)
	at java.util.concurrent.Executors$RunnableAdapter.call(Executors.java:511)
	at java.util.concurrent.FutureTask.run(FutureTask.java:266)
	at java.util.concurrent.ThreadPoolExecutor.runWorker(ThreadPoolExecutor.java:1149)
	at java.util.concurrent.ThreadPoolExecutor$Worker.run(ThreadPoolExecutor.java:624)
	... 1 more
Caused by: org.apache.ratis.thirdparty.io.netty.channel.AbstractChannel$AnnotatedConnectException: Connection refused: /192.168.157.254:36038
	at sun.nio.ch.SocketChannelImpl.checkConnect(Native Method)
	at sun.nio.ch.SocketChannelImpl.finishConnect(SocketChannelImpl.java:717)
	at org.apache.ratis.thirdparty.io.netty.channel.socket.nio.NioSocketChannel.doFinishConnect(NioSocketChannel.java:327)
	at org.apache.ratis.thirdparty.io.netty.channel.nio.AbstractNioChannel$AbstractNioUnsafe.finishConnect(AbstractNioChannel.java:340)
	at org.apache.ratis.thirdparty.io.netty.channel.nio.NioEventLoop.processSelectedKey(NioEventLoop.java:632)
	at org.apache.ratis.thirdparty.io.netty.channel.nio.NioEventLoop.processSelectedKeysOptimized(NioEventLoop.java:579)
	at org.apache.ratis.thirdparty.io.netty.channel.nio.NioEventLoop.processSelectedKeys(NioEventLoop.java:496)
	at org.apache.ratis.thirdparty.io.netty.channel.nio.NioEventLoop.run(NioEventLoop.java:458)
	at org.apache.ratis.thirdparty.io.netty.util.concurrent.SingleThreadEventExecutor$5.run(SingleThreadEventExecutor.java:897)
	at org.apache.ratis.thirdparty.io.netty.util.concurrent.FastThreadLocalRunnable.run(FastThreadLocalRunnable.java:30)
	... 1 more
Caused by: java.net.ConnectException: Connection refused
	... 11 more
2019-10-22 00:13:16,806 [grpc-default-executor-6] INFO  impl.RaftServerImpl (RaftServerImpl.java:setRole(184)) - 062c71de-08d9-40ee-9309-15590e2e8e68@group-F01152B53F91: changes role from  FOLLOWER to FOLLOWER at term 196 for recognizeCandidate:2fdb3e93-e0d8-400e-8c33-91e2341b50c6
2019-10-22 00:13:16,806 [grpc-default-executor-6] INFO  impl.RoleInfo (RoleInfo.java:shutdownFollowerState(121)) - 062c71de-08d9-40ee-9309-15590e2e8e68: shutdown FollowerState
2019-10-22 00:13:16,806 [grpc-default-executor-6] INFO  impl.RoleInfo (RoleInfo.java:updateAndGet(143)) - 062c71de-08d9-40ee-9309-15590e2e8e68: start FollowerState
2019-10-22 00:13:16,806 [Thread-1791] INFO  impl.FollowerState (FollowerState.java:run(117)) - 062c71de-08d9-40ee-9309-15590e2e8e68@group-F01152B53F91-FollowerState was interrupted: java.lang.InterruptedException: sleep interrupted
2019-10-22 00:13:16,820 [2fdb3e93-e0d8-400e-8c33-91e2341b50c6@group-F01152B53F91-LeaderElection197] INFO  impl.LeaderElection (LeaderElection.java:logAndReturn(56)) - 2fdb3e93-e0d8-400e-8c33-91e2341b50c6@group-F01152B53F91-LeaderElection197: Election REJECTED; received 1 response(s) [2fdb3e93-e0d8-400e-8c33-91e2341b50c6<-062c71de-08d9-40ee-9309-15590e2e8e68#0:FAIL-t196] and 1 exception(s); 2fdb3e93-e0d8-400e-8c33-91e2341b50c6@group-F01152B53F91:t196, leader=null, voted=2fdb3e93-e0d8-400e-8c33-91e2341b50c6, raftlog=2fdb3e93-e0d8-400e-8c33-91e2341b50c6@group-F01152B53F91-SegmentedRaftLog:OPENED:c-1,f-1,i0, conf=-1: [2fdb3e93-e0d8-400e-8c33-91e2341b50c6:192.168.157.254:43254, 062c71de-08d9-40ee-9309-15590e2e8e68:192.168.157.254:45598, 2a52019e-5647-44e1-bf30-9a43fd8a7377:192.168.157.254:36038], old=null
2019-10-22 00:13:16,820 [2fdb3e93-e0d8-400e-8c33-91e2341b50c6@group-F01152B53F91-LeaderElection197] INFO  impl.LeaderElection (LogUtils.java:infoOrTrace(149)) -   Exception 0: {}
java.util.concurrent.ExecutionException: org.apache.ratis.thirdparty.io.grpc.StatusRuntimeException: UNAVAILABLE: io exception
	at java.util.concurrent.FutureTask.report(FutureTask.java:122)
	at java.util.concurrent.FutureTask.get(FutureTask.java:192)
	at org.apache.ratis.server.impl.LeaderElection.waitForResults(LeaderElection.java:259)
	at org.apache.ratis.server.impl.LeaderElection.askForVotes(LeaderElection.java:197)
	at org.apache.ratis.server.impl.LeaderElection.run(LeaderElection.java:133)
	at java.lang.Thread.run(Thread.java:748)
Caused by: org.apache.ratis.thirdparty.io.grpc.StatusRuntimeException: UNAVAILABLE: io exception
	at org.apache.ratis.thirdparty.io.grpc.stub.ClientCalls.toStatusRuntimeException(ClientCalls.java:233)
	at org.apache.ratis.thirdparty.io.grpc.stub.ClientCalls.getUnchecked(ClientCalls.java:214)
	at org.apache.ratis.thirdparty.io.grpc.stub.ClientCalls.blockingUnaryCall(ClientCalls.java:139)
	at org.apache.ratis.proto.grpc.RaftServerProtocolServiceGrpc$RaftServerProtocolServiceBlockingStub.requestVote(RaftServerProtocolServiceGrpc.java:265)
	at org.apache.ratis.grpc.server.GrpcServerProtocolClient.requestVote(GrpcServerProtocolClient.java:99)
	at org.apache.ratis.grpc.server.GrpcService.requestVote(GrpcService.java:204)
	at org.apache.ratis.server.impl.LeaderElection.lambda$submitRequests$1(LeaderElection.java:234)
	at java.util.concurrent.FutureTask.run(FutureTask.java:266)
	at java.util.concurrent.Executors$RunnableAdapter.call(Executors.java:511)
	at java.util.concurrent.FutureTask.run(FutureTask.java:266)
	at java.util.concurrent.ThreadPoolExecutor.runWorker(ThreadPoolExecutor.java:1149)
	at java.util.concurrent.ThreadPoolExecutor$Worker.run(ThreadPoolExecutor.java:624)
	... 1 more
Caused by: org.apache.ratis.thirdparty.io.netty.channel.AbstractChannel$AnnotatedConnectException: Connection refused: /192.168.157.254:36038
	at sun.nio.ch.SocketChannelImpl.checkConnect(Native Method)
	at sun.nio.ch.SocketChannelImpl.finishConnect(SocketChannelImpl.java:717)
	at org.apache.ratis.thirdparty.io.netty.channel.socket.nio.NioSocketChannel.doFinishConnect(NioSocketChannel.java:327)
	at org.apache.ratis.thirdparty.io.netty.channel.nio.AbstractNioChannel$AbstractNioUnsafe.finishConnect(AbstractNioChannel.java:340)
	at org.apache.ratis.thirdparty.io.netty.channel.nio.NioEventLoop.processSelectedKey(NioEventLoop.java:632)
	at org.apache.ratis.thirdparty.io.netty.channel.nio.NioEventLoop.processSelectedKeysOptimized(NioEventLoop.java:579)
	at org.apache.ratis.thirdparty.io.netty.channel.nio.NioEventLoop.processSelectedKeys(NioEventLoop.java:496)
	at org.apache.ratis.thirdparty.io.netty.channel.nio.NioEventLoop.run(NioEventLoop.java:458)
	at org.apache.ratis.thirdparty.io.netty.util.concurrent.SingleThreadEventExecutor$5.run(SingleThreadEventExecutor.java:897)
	at org.apache.ratis.thirdparty.io.netty.util.concurrent.FastThreadLocalRunnable.run(FastThreadLocalRunnable.java:30)
	... 1 more
Caused by: java.net.ConnectException: Connection refused
	... 11 more
2019-10-22 00:13:16,820 [2fdb3e93-e0d8-400e-8c33-91e2341b50c6@group-F01152B53F91-LeaderElection197] INFO  impl.RaftServerImpl (RaftServerImpl.java:setRole(184)) - 2fdb3e93-e0d8-400e-8c33-91e2341b50c6@group-F01152B53F91: changes role from CANDIDATE to FOLLOWER at term 196 for DISCOVERED_A_NEW_TERM
2019-10-22 00:13:16,820 [2fdb3e93-e0d8-400e-8c33-91e2341b50c6@group-F01152B53F91-LeaderElection197] INFO  impl.RoleInfo (RoleInfo.java:shutdownLeaderElection(134)) - 2fdb3e93-e0d8-400e-8c33-91e2341b50c6: shutdown LeaderElection
2019-10-22 00:13:16,820 [2fdb3e93-e0d8-400e-8c33-91e2341b50c6@group-F01152B53F91-LeaderElection197] INFO  impl.RoleInfo (RoleInfo.java:updateAndGet(143)) - 2fdb3e93-e0d8-400e-8c33-91e2341b50c6: start FollowerState
2019-10-22 00:13:16,881 [Thread-1797] INFO  impl.FollowerState (FollowerState.java:run(108)) - 2fdb3e93-e0d8-400e-8c33-91e2341b50c6@group-F01152B53F91-FollowerState: change to CANDIDATE, lastRpcTime:60ms, electionTimeout:60ms
2019-10-22 00:13:16,881 [Thread-1797] INFO  impl.RoleInfo (RoleInfo.java:shutdownFollowerState(121)) - 2fdb3e93-e0d8-400e-8c33-91e2341b50c6: shutdown FollowerState
2019-10-22 00:13:16,881 [Thread-1797] INFO  impl.RaftServerImpl (RaftServerImpl.java:setRole(184)) - 2fdb3e93-e0d8-400e-8c33-91e2341b50c6@group-F01152B53F91: changes role from  FOLLOWER to CANDIDATE at term 196 for changeToCandidate
2019-10-22 00:13:16,881 [Thread-1797] INFO  impl.RoleInfo (RoleInfo.java:updateAndGet(143)) - 2fdb3e93-e0d8-400e-8c33-91e2341b50c6: start LeaderElection
2019-10-22 00:13:16,906 [2fdb3e93-e0d8-400e-8c33-91e2341b50c6@group-F01152B53F91-LeaderElection198] INFO  impl.LeaderElection (LeaderElection.java:askForVotes(178)) - 2fdb3e93-e0d8-400e-8c33-91e2341b50c6@group-F01152B53F91-LeaderElection198: begin an election at term 197 for -1: [2fdb3e93-e0d8-400e-8c33-91e2341b50c6:192.168.157.254:43254, 062c71de-08d9-40ee-9309-15590e2e8e68:192.168.157.254:45598, 2a52019e-5647-44e1-bf30-9a43fd8a7377:192.168.157.254:36038], old=null
2019-10-22 00:13:16,906 [2fdb3e93-e0d8-400e-8c33-91e2341b50c6@group-F01152B53F91-LeaderElection198] INFO  impl.LeaderElection (LogUtils.java:infoOrTrace(149)) - 2fdb3e93-e0d8-400e-8c33-91e2341b50c6@group-F01152B53F91-LeaderElection198 got exception when requesting votes: {}
java.util.concurrent.ExecutionException: org.apache.ratis.thirdparty.io.grpc.StatusRuntimeException: UNAVAILABLE: io exception
	at java.util.concurrent.FutureTask.report(FutureTask.java:122)
	at java.util.concurrent.FutureTask.get(FutureTask.java:192)
	at org.apache.ratis.server.impl.LeaderElection.waitForResults(LeaderElection.java:259)
	at org.apache.ratis.server.impl.LeaderElection.askForVotes(LeaderElection.java:197)
	at org.apache.ratis.server.impl.LeaderElection.run(LeaderElection.java:133)
	at java.lang.Thread.run(Thread.java:748)
Caused by: org.apache.ratis.thirdparty.io.grpc.StatusRuntimeException: UNAVAILABLE: io exception
	at org.apache.ratis.thirdparty.io.grpc.stub.ClientCalls.toStatusRuntimeException(ClientCalls.java:233)
	at org.apache.ratis.thirdparty.io.grpc.stub.ClientCalls.getUnchecked(ClientCalls.java:214)
	at org.apache.ratis.thirdparty.io.grpc.stub.ClientCalls.blockingUnaryCall(ClientCalls.java:139)
	at org.apache.ratis.proto.grpc.RaftServerProtocolServiceGrpc$RaftServerProtocolServiceBlockingStub.requestVote(RaftServerProtocolServiceGrpc.java:265)
	at org.apache.ratis.grpc.server.GrpcServerProtocolClient.requestVote(GrpcServerProtocolClient.java:99)
	at org.apache.ratis.grpc.server.GrpcService.requestVote(GrpcService.java:204)
	at org.apache.ratis.server.impl.LeaderElection.lambda$submitRequests$1(LeaderElection.java:234)
	at java.util.concurrent.FutureTask.run(FutureTask.java:266)
	at java.util.concurrent.Executors$RunnableAdapter.call(Executors.java:511)
	at java.util.concurrent.FutureTask.run(FutureTask.java:266)
	at java.util.concurrent.ThreadPoolExecutor.runWorker(ThreadPoolExecutor.java:1149)
	at java.util.concurrent.ThreadPoolExecutor$Worker.run(ThreadPoolExecutor.java:624)
	... 1 more
Caused by: org.apache.ratis.thirdparty.io.netty.channel.AbstractChannel$AnnotatedConnectException: Connection refused: /192.168.157.254:36038
	at sun.nio.ch.SocketChannelImpl.checkConnect(Native Method)
	at sun.nio.ch.SocketChannelImpl.finishConnect(SocketChannelImpl.java:717)
	at org.apache.ratis.thirdparty.io.netty.channel.socket.nio.NioSocketChannel.doFinishConnect(NioSocketChannel.java:327)
	at org.apache.ratis.thirdparty.io.netty.channel.nio.AbstractNioChannel$AbstractNioUnsafe.finishConnect(AbstractNioChannel.java:340)
	at org.apache.ratis.thirdparty.io.netty.channel.nio.NioEventLoop.processSelectedKey(NioEventLoop.java:632)
	at org.apache.ratis.thirdparty.io.netty.channel.nio.NioEventLoop.processSelectedKeysOptimized(NioEventLoop.java:579)
	at org.apache.ratis.thirdparty.io.netty.channel.nio.NioEventLoop.processSelectedKeys(NioEventLoop.java:496)
	at org.apache.ratis.thirdparty.io.netty.channel.nio.NioEventLoop.run(NioEventLoop.java:458)
	at org.apache.ratis.thirdparty.io.netty.util.concurrent.SingleThreadEventExecutor$5.run(SingleThreadEventExecutor.java:897)
	at org.apache.ratis.thirdparty.io.netty.util.concurrent.FastThreadLocalRunnable.run(FastThreadLocalRunnable.java:30)
	... 1 more
Caused by: java.net.ConnectException: Connection refused
	... 11 more
2019-10-22 00:13:16,908 [grpc-default-executor-6] INFO  impl.RaftServerImpl (RaftServerImpl.java:setRole(184)) - 062c71de-08d9-40ee-9309-15590e2e8e68@group-F01152B53F91: changes role from  FOLLOWER to FOLLOWER at term 197 for recognizeCandidate:2fdb3e93-e0d8-400e-8c33-91e2341b50c6
2019-10-22 00:13:16,909 [grpc-default-executor-6] INFO  impl.RoleInfo (RoleInfo.java:shutdownFollowerState(121)) - 062c71de-08d9-40ee-9309-15590e2e8e68: shutdown FollowerState
2019-10-22 00:13:16,909 [grpc-default-executor-6] INFO  impl.RoleInfo (RoleInfo.java:updateAndGet(143)) - 062c71de-08d9-40ee-9309-15590e2e8e68: start FollowerState
2019-10-22 00:13:16,909 [Thread-1796] INFO  impl.FollowerState (FollowerState.java:run(117)) - 062c71de-08d9-40ee-9309-15590e2e8e68@group-F01152B53F91-FollowerState was interrupted: java.lang.InterruptedException: sleep interrupted
2019-10-22 00:13:16,922 [2fdb3e93-e0d8-400e-8c33-91e2341b50c6@group-F01152B53F91-LeaderElection198] INFO  impl.LeaderElection (LeaderElection.java:logAndReturn(56)) - 2fdb3e93-e0d8-400e-8c33-91e2341b50c6@group-F01152B53F91-LeaderElection198: Election REJECTED; received 1 response(s) [2fdb3e93-e0d8-400e-8c33-91e2341b50c6<-062c71de-08d9-40ee-9309-15590e2e8e68#0:FAIL-t197] and 1 exception(s); 2fdb3e93-e0d8-400e-8c33-91e2341b50c6@group-F01152B53F91:t197, leader=null, voted=2fdb3e93-e0d8-400e-8c33-91e2341b50c6, raftlog=2fdb3e93-e0d8-400e-8c33-91e2341b50c6@group-F01152B53F91-SegmentedRaftLog:OPENED:c-1,f-1,i0, conf=-1: [2fdb3e93-e0d8-400e-8c33-91e2341b50c6:192.168.157.254:43254, 062c71de-08d9-40ee-9309-15590e2e8e68:192.168.157.254:45598, 2a52019e-5647-44e1-bf30-9a43fd8a7377:192.168.157.254:36038], old=null
2019-10-22 00:13:16,923 [2fdb3e93-e0d8-400e-8c33-91e2341b50c6@group-F01152B53F91-LeaderElection198] INFO  impl.LeaderElection (LogUtils.java:infoOrTrace(149)) -   Exception 0: {}
java.util.concurrent.ExecutionException: org.apache.ratis.thirdparty.io.grpc.StatusRuntimeException: UNAVAILABLE: io exception
	at java.util.concurrent.FutureTask.report(FutureTask.java:122)
	at java.util.concurrent.FutureTask.get(FutureTask.java:192)
	at org.apache.ratis.server.impl.LeaderElection.waitForResults(LeaderElection.java:259)
	at org.apache.ratis.server.impl.LeaderElection.askForVotes(LeaderElection.java:197)
	at org.apache.ratis.server.impl.LeaderElection.run(LeaderElection.java:133)
	at java.lang.Thread.run(Thread.java:748)
Caused by: org.apache.ratis.thirdparty.io.grpc.StatusRuntimeException: UNAVAILABLE: io exception
	at org.apache.ratis.thirdparty.io.grpc.stub.ClientCalls.toStatusRuntimeException(ClientCalls.java:233)
	at org.apache.ratis.thirdparty.io.grpc.stub.ClientCalls.getUnchecked(ClientCalls.java:214)
	at org.apache.ratis.thirdparty.io.grpc.stub.ClientCalls.blockingUnaryCall(ClientCalls.java:139)
	at org.apache.ratis.proto.grpc.RaftServerProtocolServiceGrpc$RaftServerProtocolServiceBlockingStub.requestVote(RaftServerProtocolServiceGrpc.java:265)
	at org.apache.ratis.grpc.server.GrpcServerProtocolClient.requestVote(GrpcServerProtocolClient.java:99)
	at org.apache.ratis.grpc.server.GrpcService.requestVote(GrpcService.java:204)
	at org.apache.ratis.server.impl.LeaderElection.lambda$submitRequests$1(LeaderElection.java:234)
	at java.util.concurrent.FutureTask.run(FutureTask.java:266)
	at java.util.concurrent.Executors$RunnableAdapter.call(Executors.java:511)
	at java.util.concurrent.FutureTask.run(FutureTask.java:266)
	at java.util.concurrent.ThreadPoolExecutor.runWorker(ThreadPoolExecutor.java:1149)
	at java.util.concurrent.ThreadPoolExecutor$Worker.run(ThreadPoolExecutor.java:624)
	... 1 more
Caused by: org.apache.ratis.thirdparty.io.netty.channel.AbstractChannel$AnnotatedConnectException: Connection refused: /192.168.157.254:36038
	at sun.nio.ch.SocketChannelImpl.checkConnect(Native Method)
	at sun.nio.ch.SocketChannelImpl.finishConnect(SocketChannelImpl.java:717)
	at org.apache.ratis.thirdparty.io.netty.channel.socket.nio.NioSocketChannel.doFinishConnect(NioSocketChannel.java:327)
	at org.apache.ratis.thirdparty.io.netty.channel.nio.AbstractNioChannel$AbstractNioUnsafe.finishConnect(AbstractNioChannel.java:340)
	at org.apache.ratis.thirdparty.io.netty.channel.nio.NioEventLoop.processSelectedKey(NioEventLoop.java:632)
	at org.apache.ratis.thirdparty.io.netty.channel.nio.NioEventLoop.processSelectedKeysOptimized(NioEventLoop.java:579)
	at org.apache.ratis.thirdparty.io.netty.channel.nio.NioEventLoop.processSelectedKeys(NioEventLoop.java:496)
	at org.apache.ratis.thirdparty.io.netty.channel.nio.NioEventLoop.run(NioEventLoop.java:458)
	at org.apache.ratis.thirdparty.io.netty.util.concurrent.SingleThreadEventExecutor$5.run(SingleThreadEventExecutor.java:897)
	at org.apache.ratis.thirdparty.io.netty.util.concurrent.FastThreadLocalRunnable.run(FastThreadLocalRunnable.java:30)
	... 1 more
Caused by: java.net.ConnectException: Connection refused
	... 11 more
2019-10-22 00:13:16,923 [2fdb3e93-e0d8-400e-8c33-91e2341b50c6@group-F01152B53F91-LeaderElection198] INFO  impl.RaftServerImpl (RaftServerImpl.java:setRole(184)) - 2fdb3e93-e0d8-400e-8c33-91e2341b50c6@group-F01152B53F91: changes role from CANDIDATE to FOLLOWER at term 197 for DISCOVERED_A_NEW_TERM
2019-10-22 00:13:16,923 [2fdb3e93-e0d8-400e-8c33-91e2341b50c6@group-F01152B53F91-LeaderElection198] INFO  impl.RoleInfo (RoleInfo.java:shutdownLeaderElection(134)) - 2fdb3e93-e0d8-400e-8c33-91e2341b50c6: shutdown LeaderElection
2019-10-22 00:13:16,923 [2fdb3e93-e0d8-400e-8c33-91e2341b50c6@group-F01152B53F91-LeaderElection198] INFO  impl.RoleInfo (RoleInfo.java:updateAndGet(143)) - 2fdb3e93-e0d8-400e-8c33-91e2341b50c6: start FollowerState
2019-10-22 00:13:16,935 [Thread-1803] INFO  impl.FollowerState (FollowerState.java:run(108)) - 2fdb3e93-e0d8-400e-8c33-91e2341b50c6@group-F01152B53F91-FollowerState: change to CANDIDATE, lastRpcTime:12ms, electionTimeout:12ms
2019-10-22 00:13:16,936 [Thread-1803] INFO  impl.RoleInfo (RoleInfo.java:shutdownFollowerState(121)) - 2fdb3e93-e0d8-400e-8c33-91e2341b50c6: shutdown FollowerState
2019-10-22 00:13:16,936 [Thread-1803] INFO  impl.RaftServerImpl (RaftServerImpl.java:setRole(184)) - 2fdb3e93-e0d8-400e-8c33-91e2341b50c6@group-F01152B53F91: changes role from  FOLLOWER to CANDIDATE at term 197 for changeToCandidate
2019-10-22 00:13:16,936 [Thread-1803] INFO  impl.RoleInfo (RoleInfo.java:updateAndGet(143)) - 2fdb3e93-e0d8-400e-8c33-91e2341b50c6: start LeaderElection
2019-10-22 00:13:16,949 [2fdb3e93-e0d8-400e-8c33-91e2341b50c6@group-F01152B53F91-LeaderElection199] INFO  impl.LeaderElection (LeaderElection.java:askForVotes(178)) - 2fdb3e93-e0d8-400e-8c33-91e2341b50c6@group-F01152B53F91-LeaderElection199: begin an election at term 198 for -1: [2fdb3e93-e0d8-400e-8c33-91e2341b50c6:192.168.157.254:43254, 062c71de-08d9-40ee-9309-15590e2e8e68:192.168.157.254:45598, 2a52019e-5647-44e1-bf30-9a43fd8a7377:192.168.157.254:36038], old=null
2019-10-22 00:13:16,950 [2fdb3e93-e0d8-400e-8c33-91e2341b50c6@group-F01152B53F91-LeaderElection199] INFO  impl.LeaderElection (LogUtils.java:infoOrTrace(149)) - 2fdb3e93-e0d8-400e-8c33-91e2341b50c6@group-F01152B53F91-LeaderElection199 got exception when requesting votes: {}
java.util.concurrent.ExecutionException: org.apache.ratis.thirdparty.io.grpc.StatusRuntimeException: UNAVAILABLE: io exception
	at java.util.concurrent.FutureTask.report(FutureTask.java:122)
	at java.util.concurrent.FutureTask.get(FutureTask.java:192)
	at org.apache.ratis.server.impl.LeaderElection.waitForResults(LeaderElection.java:259)
	at org.apache.ratis.server.impl.LeaderElection.askForVotes(LeaderElection.java:197)
	at org.apache.ratis.server.impl.LeaderElection.run(LeaderElection.java:133)
	at java.lang.Thread.run(Thread.java:748)
Caused by: org.apache.ratis.thirdparty.io.grpc.StatusRuntimeException: UNAVAILABLE: io exception
	at org.apache.ratis.thirdparty.io.grpc.stub.ClientCalls.toStatusRuntimeException(ClientCalls.java:233)
	at org.apache.ratis.thirdparty.io.grpc.stub.ClientCalls.getUnchecked(ClientCalls.java:214)
	at org.apache.ratis.thirdparty.io.grpc.stub.ClientCalls.blockingUnaryCall(ClientCalls.java:139)
	at org.apache.ratis.proto.grpc.RaftServerProtocolServiceGrpc$RaftServerProtocolServiceBlockingStub.requestVote(RaftServerProtocolServiceGrpc.java:265)
	at org.apache.ratis.grpc.server.GrpcServerProtocolClient.requestVote(GrpcServerProtocolClient.java:99)
	at org.apache.ratis.grpc.server.GrpcService.requestVote(GrpcService.java:204)
	at org.apache.ratis.server.impl.LeaderElection.lambda$submitRequests$1(LeaderElection.java:234)
	at java.util.concurrent.FutureTask.run(FutureTask.java:266)
	at java.util.concurrent.Executors$RunnableAdapter.call(Executors.java:511)
	at java.util.concurrent.FutureTask.run(FutureTask.java:266)
	at java.util.concurrent.ThreadPoolExecutor.runWorker(ThreadPoolExecutor.java:1149)
	at java.util.concurrent.ThreadPoolExecutor$Worker.run(ThreadPoolExecutor.java:624)
	... 1 more
Caused by: org.apache.ratis.thirdparty.io.netty.channel.AbstractChannel$AnnotatedConnectException: Connection refused: /192.168.157.254:36038
	at sun.nio.ch.SocketChannelImpl.checkConnect(Native Method)
	at sun.nio.ch.SocketChannelImpl.finishConnect(SocketChannelImpl.java:717)
	at org.apache.ratis.thirdparty.io.netty.channel.socket.nio.NioSocketChannel.doFinishConnect(NioSocketChannel.java:327)
	at org.apache.ratis.thirdparty.io.netty.channel.nio.AbstractNioChannel$AbstractNioUnsafe.finishConnect(AbstractNioChannel.java:340)
	at org.apache.ratis.thirdparty.io.netty.channel.nio.NioEventLoop.processSelectedKey(NioEventLoop.java:632)
	at org.apache.ratis.thirdparty.io.netty.channel.nio.NioEventLoop.processSelectedKeysOptimized(NioEventLoop.java:579)
	at org.apache.ratis.thirdparty.io.netty.channel.nio.NioEventLoop.processSelectedKeys(NioEventLoop.java:496)
	at org.apache.ratis.thirdparty.io.netty.channel.nio.NioEventLoop.run(NioEventLoop.java:458)
	at org.apache.ratis.thirdparty.io.netty.util.concurrent.SingleThreadEventExecutor$5.run(SingleThreadEventExecutor.java:897)
	at org.apache.ratis.thirdparty.io.netty.util.concurrent.FastThreadLocalRunnable.run(FastThreadLocalRunnable.java:30)
	... 1 more
Caused by: java.net.ConnectException: Connection refused
	... 11 more
2019-10-22 00:13:16,952 [grpc-default-executor-6] INFO  impl.RaftServerImpl (RaftServerImpl.java:setRole(184)) - 062c71de-08d9-40ee-9309-15590e2e8e68@group-F01152B53F91: changes role from  FOLLOWER to FOLLOWER at term 198 for recognizeCandidate:2fdb3e93-e0d8-400e-8c33-91e2341b50c6
2019-10-22 00:13:16,952 [grpc-default-executor-6] INFO  impl.RoleInfo (RoleInfo.java:shutdownFollowerState(121)) - 062c71de-08d9-40ee-9309-15590e2e8e68: shutdown FollowerState
2019-10-22 00:13:16,953 [grpc-default-executor-6] INFO  impl.RoleInfo (RoleInfo.java:updateAndGet(143)) - 062c71de-08d9-40ee-9309-15590e2e8e68: start FollowerState
2019-10-22 00:13:16,953 [Thread-1802] INFO  impl.FollowerState (FollowerState.java:run(117)) - 062c71de-08d9-40ee-9309-15590e2e8e68@group-F01152B53F91-FollowerState was interrupted: java.lang.InterruptedException: sleep interrupted
2019-10-22 00:13:16,966 [2fdb3e93-e0d8-400e-8c33-91e2341b50c6@group-F01152B53F91-LeaderElection199] INFO  impl.LeaderElection (LeaderElection.java:logAndReturn(56)) - 2fdb3e93-e0d8-400e-8c33-91e2341b50c6@group-F01152B53F91-LeaderElection199: Election REJECTED; received 1 response(s) [2fdb3e93-e0d8-400e-8c33-91e2341b50c6<-062c71de-08d9-40ee-9309-15590e2e8e68#0:FAIL-t198] and 1 exception(s); 2fdb3e93-e0d8-400e-8c33-91e2341b50c6@group-F01152B53F91:t198, leader=null, voted=2fdb3e93-e0d8-400e-8c33-91e2341b50c6, raftlog=2fdb3e93-e0d8-400e-8c33-91e2341b50c6@group-F01152B53F91-SegmentedRaftLog:OPENED:c-1,f-1,i0, conf=-1: [2fdb3e93-e0d8-400e-8c33-91e2341b50c6:192.168.157.254:43254, 062c71de-08d9-40ee-9309-15590e2e8e68:192.168.157.254:45598, 2a52019e-5647-44e1-bf30-9a43fd8a7377:192.168.157.254:36038], old=null
2019-10-22 00:13:16,966 [2fdb3e93-e0d8-400e-8c33-91e2341b50c6@group-F01152B53F91-LeaderElection199] INFO  impl.LeaderElection (LogUtils.java:infoOrTrace(149)) -   Exception 0: {}
java.util.concurrent.ExecutionException: org.apache.ratis.thirdparty.io.grpc.StatusRuntimeException: UNAVAILABLE: io exception
	at java.util.concurrent.FutureTask.report(FutureTask.java:122)
	at java.util.concurrent.FutureTask.get(FutureTask.java:192)
	at org.apache.ratis.server.impl.LeaderElection.waitForResults(LeaderElection.java:259)
	at org.apache.ratis.server.impl.LeaderElection.askForVotes(LeaderElection.java:197)
	at org.apache.ratis.server.impl.LeaderElection.run(LeaderElection.java:133)
	at java.lang.Thread.run(Thread.java:748)
Caused by: org.apache.ratis.thirdparty.io.grpc.StatusRuntimeException: UNAVAILABLE: io exception
	at org.apache.ratis.thirdparty.io.grpc.stub.ClientCalls.toStatusRuntimeException(ClientCalls.java:233)
	at org.apache.ratis.thirdparty.io.grpc.stub.ClientCalls.getUnchecked(ClientCalls.java:214)
	at org.apache.ratis.thirdparty.io.grpc.stub.ClientCalls.blockingUnaryCall(ClientCalls.java:139)
	at org.apache.ratis.proto.grpc.RaftServerProtocolServiceGrpc$RaftServerProtocolServiceBlockingStub.requestVote(RaftServerProtocolServiceGrpc.java:265)
	at org.apache.ratis.grpc.server.GrpcServerProtocolClient.requestVote(GrpcServerProtocolClient.java:99)
	at org.apache.ratis.grpc.server.GrpcService.requestVote(GrpcService.java:204)
	at org.apache.ratis.server.impl.LeaderElection.lambda$submitRequests$1(LeaderElection.java:234)
	at java.util.concurrent.FutureTask.run(FutureTask.java:266)
	at java.util.concurrent.Executors$RunnableAdapter.call(Executors.java:511)
	at java.util.concurrent.FutureTask.run(FutureTask.java:266)
	at java.util.concurrent.ThreadPoolExecutor.runWorker(ThreadPoolExecutor.java:1149)
	at java.util.concurrent.ThreadPoolExecutor$Worker.run(ThreadPoolExecutor.java:624)
	... 1 more
Caused by: org.apache.ratis.thirdparty.io.netty.channel.AbstractChannel$AnnotatedConnectException: Connection refused: /192.168.157.254:36038
	at sun.nio.ch.SocketChannelImpl.checkConnect(Native Method)
	at sun.nio.ch.SocketChannelImpl.finishConnect(SocketChannelImpl.java:717)
	at org.apache.ratis.thirdparty.io.netty.channel.socket.nio.NioSocketChannel.doFinishConnect(NioSocketChannel.java:327)
	at org.apache.ratis.thirdparty.io.netty.channel.nio.AbstractNioChannel$AbstractNioUnsafe.finishConnect(AbstractNioChannel.java:340)
	at org.apache.ratis.thirdparty.io.netty.channel.nio.NioEventLoop.processSelectedKey(NioEventLoop.java:632)
	at org.apache.ratis.thirdparty.io.netty.channel.nio.NioEventLoop.processSelectedKeysOptimized(NioEventLoop.java:579)
	at org.apache.ratis.thirdparty.io.netty.channel.nio.NioEventLoop.processSelectedKeys(NioEventLoop.java:496)
	at org.apache.ratis.thirdparty.io.netty.channel.nio.NioEventLoop.run(NioEventLoop.java:458)
	at org.apache.ratis.thirdparty.io.netty.util.concurrent.SingleThreadEventExecutor$5.run(SingleThreadEventExecutor.java:897)
	at org.apache.ratis.thirdparty.io.netty.util.concurrent.FastThreadLocalRunnable.run(FastThreadLocalRunnable.java:30)
	... 1 more
Caused by: java.net.ConnectException: Connection refused
	... 11 more
2019-10-22 00:13:16,966 [2fdb3e93-e0d8-400e-8c33-91e2341b50c6@group-F01152B53F91-LeaderElection199] INFO  impl.RaftServerImpl (RaftServerImpl.java:setRole(184)) - 2fdb3e93-e0d8-400e-8c33-91e2341b50c6@group-F01152B53F91: changes role from CANDIDATE to FOLLOWER at term 198 for DISCOVERED_A_NEW_TERM
2019-10-22 00:13:16,966 [2fdb3e93-e0d8-400e-8c33-91e2341b50c6@group-F01152B53F91-LeaderElection199] INFO  impl.RoleInfo (RoleInfo.java:shutdownLeaderElection(134)) - 2fdb3e93-e0d8-400e-8c33-91e2341b50c6: shutdown LeaderElection
2019-10-22 00:13:16,966 [2fdb3e93-e0d8-400e-8c33-91e2341b50c6@group-F01152B53F91-LeaderElection199] INFO  impl.RoleInfo (RoleInfo.java:updateAndGet(143)) - 2fdb3e93-e0d8-400e-8c33-91e2341b50c6: start FollowerState
2019-10-22 00:13:16,993 [Thread-1808] INFO  impl.FollowerState (FollowerState.java:run(108)) - 2fdb3e93-e0d8-400e-8c33-91e2341b50c6@group-F01152B53F91-FollowerState: change to CANDIDATE, lastRpcTime:26ms, electionTimeout:26ms
2019-10-22 00:13:16,993 [Thread-1808] INFO  impl.RoleInfo (RoleInfo.java:shutdownFollowerState(121)) - 2fdb3e93-e0d8-400e-8c33-91e2341b50c6: shutdown FollowerState
2019-10-22 00:13:16,993 [Thread-1808] INFO  impl.RaftServerImpl (RaftServerImpl.java:setRole(184)) - 2fdb3e93-e0d8-400e-8c33-91e2341b50c6@group-F01152B53F91: changes role from  FOLLOWER to CANDIDATE at term 198 for changeToCandidate
2019-10-22 00:13:16,993 [Thread-1808] INFO  impl.RoleInfo (RoleInfo.java:updateAndGet(143)) - 2fdb3e93-e0d8-400e-8c33-91e2341b50c6: start LeaderElection
2019-10-22 00:13:17,007 [2fdb3e93-e0d8-400e-8c33-91e2341b50c6@group-F01152B53F91-LeaderElection200] INFO  impl.LeaderElection (LeaderElection.java:askForVotes(178)) - 2fdb3e93-e0d8-400e-8c33-91e2341b50c6@group-F01152B53F91-LeaderElection200: begin an election at term 199 for -1: [2fdb3e93-e0d8-400e-8c33-91e2341b50c6:192.168.157.254:43254, 062c71de-08d9-40ee-9309-15590e2e8e68:192.168.157.254:45598, 2a52019e-5647-44e1-bf30-9a43fd8a7377:192.168.157.254:36038], old=null
2019-10-22 00:13:17,008 [2fdb3e93-e0d8-400e-8c33-91e2341b50c6@group-F01152B53F91-LeaderElection200] INFO  impl.LeaderElection (LogUtils.java:infoOrTrace(149)) - 2fdb3e93-e0d8-400e-8c33-91e2341b50c6@group-F01152B53F91-LeaderElection200 got exception when requesting votes: {}
java.util.concurrent.ExecutionException: org.apache.ratis.thirdparty.io.grpc.StatusRuntimeException: UNAVAILABLE: io exception
	at java.util.concurrent.FutureTask.report(FutureTask.java:122)
	at java.util.concurrent.FutureTask.get(FutureTask.java:192)
	at org.apache.ratis.server.impl.LeaderElection.waitForResults(LeaderElection.java:259)
	at org.apache.ratis.server.impl.LeaderElection.askForVotes(LeaderElection.java:197)
	at org.apache.ratis.server.impl.LeaderElection.run(LeaderElection.java:133)
	at java.lang.Thread.run(Thread.java:748)
Caused by: org.apache.ratis.thirdparty.io.grpc.StatusRuntimeException: UNAVAILABLE: io exception
	at org.apache.ratis.thirdparty.io.grpc.stub.ClientCalls.toStatusRuntimeException(ClientCalls.java:233)
	at org.apache.ratis.thirdparty.io.grpc.stub.ClientCalls.getUnchecked(ClientCalls.java:214)
	at org.apache.ratis.thirdparty.io.grpc.stub.ClientCalls.blockingUnaryCall(ClientCalls.java:139)
	at org.apache.ratis.proto.grpc.RaftServerProtocolServiceGrpc$RaftServerProtocolServiceBlockingStub.requestVote(RaftServerProtocolServiceGrpc.java:265)
	at org.apache.ratis.grpc.server.GrpcServerProtocolClient.requestVote(GrpcServerProtocolClient.java:99)
	at org.apache.ratis.grpc.server.GrpcService.requestVote(GrpcService.java:204)
	at org.apache.ratis.server.impl.LeaderElection.lambda$submitRequests$1(LeaderElection.java:234)
	at java.util.concurrent.FutureTask.run(FutureTask.java:266)
	at java.util.concurrent.Executors$RunnableAdapter.call(Executors.java:511)
	at java.util.concurrent.FutureTask.run(FutureTask.java:266)
	at java.util.concurrent.ThreadPoolExecutor.runWorker(ThreadPoolExecutor.java:1149)
	at java.util.concurrent.ThreadPoolExecutor$Worker.run(ThreadPoolExecutor.java:624)
	... 1 more
Caused by: org.apache.ratis.thirdparty.io.netty.channel.AbstractChannel$AnnotatedConnectException: Connection refused: /192.168.157.254:36038
	at sun.nio.ch.SocketChannelImpl.checkConnect(Native Method)
	at sun.nio.ch.SocketChannelImpl.finishConnect(SocketChannelImpl.java:717)
	at org.apache.ratis.thirdparty.io.netty.channel.socket.nio.NioSocketChannel.doFinishConnect(NioSocketChannel.java:327)
	at org.apache.ratis.thirdparty.io.netty.channel.nio.AbstractNioChannel$AbstractNioUnsafe.finishConnect(AbstractNioChannel.java:340)
	at org.apache.ratis.thirdparty.io.netty.channel.nio.NioEventLoop.processSelectedKey(NioEventLoop.java:632)
	at org.apache.ratis.thirdparty.io.netty.channel.nio.NioEventLoop.processSelectedKeysOptimized(NioEventLoop.java:579)
	at org.apache.ratis.thirdparty.io.netty.channel.nio.NioEventLoop.processSelectedKeys(NioEventLoop.java:496)
	at org.apache.ratis.thirdparty.io.netty.channel.nio.NioEventLoop.run(NioEventLoop.java:458)
	at org.apache.ratis.thirdparty.io.netty.util.concurrent.SingleThreadEventExecutor$5.run(SingleThreadEventExecutor.java:897)
	at org.apache.ratis.thirdparty.io.netty.util.concurrent.FastThreadLocalRunnable.run(FastThreadLocalRunnable.java:30)
	... 1 more
Caused by: java.net.ConnectException: Connection refused
	... 11 more
2019-10-22 00:13:17,010 [grpc-default-executor-6] INFO  impl.RaftServerImpl (RaftServerImpl.java:setRole(184)) - 062c71de-08d9-40ee-9309-15590e2e8e68@group-F01152B53F91: changes role from  FOLLOWER to FOLLOWER at term 199 for recognizeCandidate:2fdb3e93-e0d8-400e-8c33-91e2341b50c6
2019-10-22 00:13:17,010 [grpc-default-executor-6] INFO  impl.RoleInfo (RoleInfo.java:shutdownFollowerState(121)) - 062c71de-08d9-40ee-9309-15590e2e8e68: shutdown FollowerState
2019-10-22 00:13:17,010 [grpc-default-executor-6] INFO  impl.RoleInfo (RoleInfo.java:updateAndGet(143)) - 062c71de-08d9-40ee-9309-15590e2e8e68: start FollowerState
2019-10-22 00:13:17,011 [Thread-1807] INFO  impl.FollowerState (FollowerState.java:run(117)) - 062c71de-08d9-40ee-9309-15590e2e8e68@group-F01152B53F91-FollowerState was interrupted: java.lang.InterruptedException: sleep interrupted
2019-10-22 00:13:17,024 [2fdb3e93-e0d8-400e-8c33-91e2341b50c6@group-F01152B53F91-LeaderElection200] INFO  impl.LeaderElection (LeaderElection.java:logAndReturn(56)) - 2fdb3e93-e0d8-400e-8c33-91e2341b50c6@group-F01152B53F91-LeaderElection200: Election REJECTED; received 1 response(s) [2fdb3e93-e0d8-400e-8c33-91e2341b50c6<-062c71de-08d9-40ee-9309-15590e2e8e68#0:FAIL-t199] and 1 exception(s); 2fdb3e93-e0d8-400e-8c33-91e2341b50c6@group-F01152B53F91:t199, leader=null, voted=2fdb3e93-e0d8-400e-8c33-91e2341b50c6, raftlog=2fdb3e93-e0d8-400e-8c33-91e2341b50c6@group-F01152B53F91-SegmentedRaftLog:OPENED:c-1,f-1,i0, conf=-1: [2fdb3e93-e0d8-400e-8c33-91e2341b50c6:192.168.157.254:43254, 062c71de-08d9-40ee-9309-15590e2e8e68:192.168.157.254:45598, 2a52019e-5647-44e1-bf30-9a43fd8a7377:192.168.157.254:36038], old=null
2019-10-22 00:13:17,024 [2fdb3e93-e0d8-400e-8c33-91e2341b50c6@group-F01152B53F91-LeaderElection200] INFO  impl.LeaderElection (LogUtils.java:infoOrTrace(149)) -   Exception 0: {}
java.util.concurrent.ExecutionException: org.apache.ratis.thirdparty.io.grpc.StatusRuntimeException: UNAVAILABLE: io exception
	at java.util.concurrent.FutureTask.report(FutureTask.java:122)
	at java.util.concurrent.FutureTask.get(FutureTask.java:192)
	at org.apache.ratis.server.impl.LeaderElection.waitForResults(LeaderElection.java:259)
	at org.apache.ratis.server.impl.LeaderElection.askForVotes(LeaderElection.java:197)
	at org.apache.ratis.server.impl.LeaderElection.run(LeaderElection.java:133)
	at java.lang.Thread.run(Thread.java:748)
Caused by: org.apache.ratis.thirdparty.io.grpc.StatusRuntimeException: UNAVAILABLE: io exception
	at org.apache.ratis.thirdparty.io.grpc.stub.ClientCalls.toStatusRuntimeException(ClientCalls.java:233)
	at org.apache.ratis.thirdparty.io.grpc.stub.ClientCalls.getUnchecked(ClientCalls.java:214)
	at org.apache.ratis.thirdparty.io.grpc.stub.ClientCalls.blockingUnaryCall(ClientCalls.java:139)
	at org.apache.ratis.proto.grpc.RaftServerProtocolServiceGrpc$RaftServerProtocolServiceBlockingStub.requestVote(RaftServerProtocolServiceGrpc.java:265)
	at org.apache.ratis.grpc.server.GrpcServerProtocolClient.requestVote(GrpcServerProtocolClient.java:99)
	at org.apache.ratis.grpc.server.GrpcService.requestVote(GrpcService.java:204)
	at org.apache.ratis.server.impl.LeaderElection.lambda$submitRequests$1(LeaderElection.java:234)
	at java.util.concurrent.FutureTask.run(FutureTask.java:266)
	at java.util.concurrent.Executors$RunnableAdapter.call(Executors.java:511)
	at java.util.concurrent.FutureTask.run(FutureTask.java:266)
	at java.util.concurrent.ThreadPoolExecutor.runWorker(ThreadPoolExecutor.java:1149)
	at java.util.concurrent.ThreadPoolExecutor$Worker.run(ThreadPoolExecutor.java:624)
	... 1 more
Caused by: org.apache.ratis.thirdparty.io.netty.channel.AbstractChannel$AnnotatedConnectException: Connection refused: /192.168.157.254:36038
	at sun.nio.ch.SocketChannelImpl.checkConnect(Native Method)
	at sun.nio.ch.SocketChannelImpl.finishConnect(SocketChannelImpl.java:717)
	at org.apache.ratis.thirdparty.io.netty.channel.socket.nio.NioSocketChannel.doFinishConnect(NioSocketChannel.java:327)
	at org.apache.ratis.thirdparty.io.netty.channel.nio.AbstractNioChannel$AbstractNioUnsafe.finishConnect(AbstractNioChannel.java:340)
	at org.apache.ratis.thirdparty.io.netty.channel.nio.NioEventLoop.processSelectedKey(NioEventLoop.java:632)
	at org.apache.ratis.thirdparty.io.netty.channel.nio.NioEventLoop.processSelectedKeysOptimized(NioEventLoop.java:579)
	at org.apache.ratis.thirdparty.io.netty.channel.nio.NioEventLoop.processSelectedKeys(NioEventLoop.java:496)
	at org.apache.ratis.thirdparty.io.netty.channel.nio.NioEventLoop.run(NioEventLoop.java:458)
	at org.apache.ratis.thirdparty.io.netty.util.concurrent.SingleThreadEventExecutor$5.run(SingleThreadEventExecutor.java:897)
	at org.apache.ratis.thirdparty.io.netty.util.concurrent.FastThreadLocalRunnable.run(FastThreadLocalRunnable.java:30)
	... 1 more
Caused by: java.net.ConnectException: Connection refused
	... 11 more
2019-10-22 00:13:17,024 [2fdb3e93-e0d8-400e-8c33-91e2341b50c6@group-F01152B53F91-LeaderElection200] INFO  impl.RaftServerImpl (RaftServerImpl.java:setRole(184)) - 2fdb3e93-e0d8-400e-8c33-91e2341b50c6@group-F01152B53F91: changes role from CANDIDATE to FOLLOWER at term 199 for DISCOVERED_A_NEW_TERM
2019-10-22 00:13:17,024 [2fdb3e93-e0d8-400e-8c33-91e2341b50c6@group-F01152B53F91-LeaderElection200] INFO  impl.RoleInfo (RoleInfo.java:shutdownLeaderElection(134)) - 2fdb3e93-e0d8-400e-8c33-91e2341b50c6: shutdown LeaderElection
2019-10-22 00:13:17,024 [2fdb3e93-e0d8-400e-8c33-91e2341b50c6@group-F01152B53F91-LeaderElection200] INFO  impl.RoleInfo (RoleInfo.java:updateAndGet(143)) - 2fdb3e93-e0d8-400e-8c33-91e2341b50c6: start FollowerState
2019-10-22 00:13:17,042 [Thread-1814] INFO  impl.FollowerState (FollowerState.java:run(108)) - 2fdb3e93-e0d8-400e-8c33-91e2341b50c6@group-F01152B53F91-FollowerState: change to CANDIDATE, lastRpcTime:17ms, electionTimeout:17ms
2019-10-22 00:13:17,042 [Thread-1814] INFO  impl.RoleInfo (RoleInfo.java:shutdownFollowerState(121)) - 2fdb3e93-e0d8-400e-8c33-91e2341b50c6: shutdown FollowerState
2019-10-22 00:13:17,042 [Thread-1814] INFO  impl.RaftServerImpl (RaftServerImpl.java:setRole(184)) - 2fdb3e93-e0d8-400e-8c33-91e2341b50c6@group-F01152B53F91: changes role from  FOLLOWER to CANDIDATE at term 199 for changeToCandidate
2019-10-22 00:13:17,042 [Thread-1814] INFO  impl.RoleInfo (RoleInfo.java:updateAndGet(143)) - 2fdb3e93-e0d8-400e-8c33-91e2341b50c6: start LeaderElection
2019-10-22 00:13:17,055 [2fdb3e93-e0d8-400e-8c33-91e2341b50c6@group-F01152B53F91-LeaderElection201] INFO  impl.LeaderElection (LeaderElection.java:askForVotes(178)) - 2fdb3e93-e0d8-400e-8c33-91e2341b50c6@group-F01152B53F91-LeaderElection201: begin an election at term 200 for -1: [2fdb3e93-e0d8-400e-8c33-91e2341b50c6:192.168.157.254:43254, 062c71de-08d9-40ee-9309-15590e2e8e68:192.168.157.254:45598, 2a52019e-5647-44e1-bf30-9a43fd8a7377:192.168.157.254:36038], old=null
2019-10-22 00:13:17,057 [2fdb3e93-e0d8-400e-8c33-91e2341b50c6@group-F01152B53F91-LeaderElection201] INFO  impl.LeaderElection (LogUtils.java:infoOrTrace(149)) - 2fdb3e93-e0d8-400e-8c33-91e2341b50c6@group-F01152B53F91-LeaderElection201 got exception when requesting votes: {}
java.util.concurrent.ExecutionException: org.apache.ratis.thirdparty.io.grpc.StatusRuntimeException: UNAVAILABLE: io exception
	at java.util.concurrent.FutureTask.report(FutureTask.java:122)
	at java.util.concurrent.FutureTask.get(FutureTask.java:192)
	at org.apache.ratis.server.impl.LeaderElection.waitForResults(LeaderElection.java:259)
	at org.apache.ratis.server.impl.LeaderElection.askForVotes(LeaderElection.java:197)
	at org.apache.ratis.server.impl.LeaderElection.run(LeaderElection.java:133)
	at java.lang.Thread.run(Thread.java:748)
Caused by: org.apache.ratis.thirdparty.io.grpc.StatusRuntimeException: UNAVAILABLE: io exception
	at org.apache.ratis.thirdparty.io.grpc.stub.ClientCalls.toStatusRuntimeException(ClientCalls.java:233)
	at org.apache.ratis.thirdparty.io.grpc.stub.ClientCalls.getUnchecked(ClientCalls.java:214)
	at org.apache.ratis.thirdparty.io.grpc.stub.ClientCalls.blockingUnaryCall(ClientCalls.java:139)
	at org.apache.ratis.proto.grpc.RaftServerProtocolServiceGrpc$RaftServerProtocolServiceBlockingStub.requestVote(RaftServerProtocolServiceGrpc.java:265)
	at org.apache.ratis.grpc.server.GrpcServerProtocolClient.requestVote(GrpcServerProtocolClient.java:99)
	at org.apache.ratis.grpc.server.GrpcService.requestVote(GrpcService.java:204)
	at org.apache.ratis.server.impl.LeaderElection.lambda$submitRequests$1(LeaderElection.java:234)
	at java.util.concurrent.FutureTask.run(FutureTask.java:266)
	at java.util.concurrent.Executors$RunnableAdapter.call(Executors.java:511)
	at java.util.concurrent.FutureTask.run(FutureTask.java:266)
	at java.util.concurrent.ThreadPoolExecutor.runWorker(ThreadPoolExecutor.java:1149)
	at java.util.concurrent.ThreadPoolExecutor$Worker.run(ThreadPoolExecutor.java:624)
	... 1 more
Caused by: org.apache.ratis.thirdparty.io.netty.channel.AbstractChannel$AnnotatedConnectException: Connection refused: /192.168.157.254:36038
	at sun.nio.ch.SocketChannelImpl.checkConnect(Native Method)
	at sun.nio.ch.SocketChannelImpl.finishConnect(SocketChannelImpl.java:717)
	at org.apache.ratis.thirdparty.io.netty.channel.socket.nio.NioSocketChannel.doFinishConnect(NioSocketChannel.java:327)
	at org.apache.ratis.thirdparty.io.netty.channel.nio.AbstractNioChannel$AbstractNioUnsafe.finishConnect(AbstractNioChannel.java:340)
	at org.apache.ratis.thirdparty.io.netty.channel.nio.NioEventLoop.processSelectedKey(NioEventLoop.java:632)
	at org.apache.ratis.thirdparty.io.netty.channel.nio.NioEventLoop.processSelectedKeysOptimized(NioEventLoop.java:579)
	at org.apache.ratis.thirdparty.io.netty.channel.nio.NioEventLoop.processSelectedKeys(NioEventLoop.java:496)
	at org.apache.ratis.thirdparty.io.netty.channel.nio.NioEventLoop.run(NioEventLoop.java:458)
	at org.apache.ratis.thirdparty.io.netty.util.concurrent.SingleThreadEventExecutor$5.run(SingleThreadEventExecutor.java:897)
	at org.apache.ratis.thirdparty.io.netty.util.concurrent.FastThreadLocalRunnable.run(FastThreadLocalRunnable.java:30)
	... 1 more
Caused by: java.net.ConnectException: Connection refused
	... 11 more
2019-10-22 00:13:17,063 [grpc-default-executor-6] INFO  impl.RaftServerImpl (RaftServerImpl.java:setRole(184)) - 062c71de-08d9-40ee-9309-15590e2e8e68@group-F01152B53F91: changes role from  FOLLOWER to FOLLOWER at term 200 for recognizeCandidate:2fdb3e93-e0d8-400e-8c33-91e2341b50c6
2019-10-22 00:13:17,063 [grpc-default-executor-6] INFO  impl.RoleInfo (RoleInfo.java:shutdownFollowerState(121)) - 062c71de-08d9-40ee-9309-15590e2e8e68: shutdown FollowerState
2019-10-22 00:13:17,063 [grpc-default-executor-6] INFO  impl.RoleInfo (RoleInfo.java:updateAndGet(143)) - 062c71de-08d9-40ee-9309-15590e2e8e68: start FollowerState
2019-10-22 00:13:17,063 [Thread-1813] INFO  impl.FollowerState (FollowerState.java:run(117)) - 062c71de-08d9-40ee-9309-15590e2e8e68@group-F01152B53F91-FollowerState was interrupted: java.lang.InterruptedException: sleep interrupted
2019-10-22 00:13:17,077 [2fdb3e93-e0d8-400e-8c33-91e2341b50c6@group-F01152B53F91-LeaderElection201] INFO  impl.LeaderElection (LeaderElection.java:logAndReturn(56)) - 2fdb3e93-e0d8-400e-8c33-91e2341b50c6@group-F01152B53F91-LeaderElection201: Election REJECTED; received 1 response(s) [2fdb3e93-e0d8-400e-8c33-91e2341b50c6<-062c71de-08d9-40ee-9309-15590e2e8e68#0:FAIL-t200] and 1 exception(s); 2fdb3e93-e0d8-400e-8c33-91e2341b50c6@group-F01152B53F91:t200, leader=null, voted=2fdb3e93-e0d8-400e-8c33-91e2341b50c6, raftlog=2fdb3e93-e0d8-400e-8c33-91e2341b50c6@group-F01152B53F91-SegmentedRaftLog:OPENED:c-1,f-1,i0, conf=-1: [2fdb3e93-e0d8-400e-8c33-91e2341b50c6:192.168.157.254:43254, 062c71de-08d9-40ee-9309-15590e2e8e68:192.168.157.254:45598, 2a52019e-5647-44e1-bf30-9a43fd8a7377:192.168.157.254:36038], old=null
2019-10-22 00:13:17,077 [2fdb3e93-e0d8-400e-8c33-91e2341b50c6@group-F01152B53F91-LeaderElection201] INFO  impl.LeaderElection (LogUtils.java:infoOrTrace(149)) -   Exception 0: {}
java.util.concurrent.ExecutionException: org.apache.ratis.thirdparty.io.grpc.StatusRuntimeException: UNAVAILABLE: io exception
	at java.util.concurrent.FutureTask.report(FutureTask.java:122)
	at java.util.concurrent.FutureTask.get(FutureTask.java:192)
	at org.apache.ratis.server.impl.LeaderElection.waitForResults(LeaderElection.java:259)
	at org.apache.ratis.server.impl.LeaderElection.askForVotes(LeaderElection.java:197)
	at org.apache.ratis.server.impl.LeaderElection.run(LeaderElection.java:133)
	at java.lang.Thread.run(Thread.java:748)
Caused by: org.apache.ratis.thirdparty.io.grpc.StatusRuntimeException: UNAVAILABLE: io exception
	at org.apache.ratis.thirdparty.io.grpc.stub.ClientCalls.toStatusRuntimeException(ClientCalls.java:233)
	at org.apache.ratis.thirdparty.io.grpc.stub.ClientCalls.getUnchecked(ClientCalls.java:214)
	at org.apache.ratis.thirdparty.io.grpc.stub.ClientCalls.blockingUnaryCall(ClientCalls.java:139)
	at org.apache.ratis.proto.grpc.RaftServerProtocolServiceGrpc$RaftServerProtocolServiceBlockingStub.requestVote(RaftServerProtocolServiceGrpc.java:265)
	at org.apache.ratis.grpc.server.GrpcServerProtocolClient.requestVote(GrpcServerProtocolClient.java:99)
	at org.apache.ratis.grpc.server.GrpcService.requestVote(GrpcService.java:204)
	at org.apache.ratis.server.impl.LeaderElection.lambda$submitRequests$1(LeaderElection.java:234)
	at java.util.concurrent.FutureTask.run(FutureTask.java:266)
	at java.util.concurrent.Executors$RunnableAdapter.call(Executors.java:511)
	at java.util.concurrent.FutureTask.run(FutureTask.java:266)
	at java.util.concurrent.ThreadPoolExecutor.runWorker(ThreadPoolExecutor.java:1149)
	at java.util.concurrent.ThreadPoolExecutor$Worker.run(ThreadPoolExecutor.java:624)
	... 1 more
Caused by: org.apache.ratis.thirdparty.io.netty.channel.AbstractChannel$AnnotatedConnectException: Connection refused: /192.168.157.254:36038
	at sun.nio.ch.SocketChannelImpl.checkConnect(Native Method)
	at sun.nio.ch.SocketChannelImpl.finishConnect(SocketChannelImpl.java:717)
	at org.apache.ratis.thirdparty.io.netty.channel.socket.nio.NioSocketChannel.doFinishConnect(NioSocketChannel.java:327)
	at org.apache.ratis.thirdparty.io.netty.channel.nio.AbstractNioChannel$AbstractNioUnsafe.finishConnect(AbstractNioChannel.java:340)
	at org.apache.ratis.thirdparty.io.netty.channel.nio.NioEventLoop.processSelectedKey(NioEventLoop.java:632)
	at org.apache.ratis.thirdparty.io.netty.channel.nio.NioEventLoop.processSelectedKeysOptimized(NioEventLoop.java:579)
	at org.apache.ratis.thirdparty.io.netty.channel.nio.NioEventLoop.processSelectedKeys(NioEventLoop.java:496)
	at org.apache.ratis.thirdparty.io.netty.channel.nio.NioEventLoop.run(NioEventLoop.java:458)
	at org.apache.ratis.thirdparty.io.netty.util.concurrent.SingleThreadEventExecutor$5.run(SingleThreadEventExecutor.java:897)
	at org.apache.ratis.thirdparty.io.netty.util.concurrent.FastThreadLocalRunnable.run(FastThreadLocalRunnable.java:30)
	... 1 more
Caused by: java.net.ConnectException: Connection refused
	... 11 more
2019-10-22 00:13:17,077 [2fdb3e93-e0d8-400e-8c33-91e2341b50c6@group-F01152B53F91-LeaderElection201] INFO  impl.RaftServerImpl (RaftServerImpl.java:setRole(184)) - 2fdb3e93-e0d8-400e-8c33-91e2341b50c6@group-F01152B53F91: changes role from CANDIDATE to FOLLOWER at term 200 for DISCOVERED_A_NEW_TERM
2019-10-22 00:13:17,077 [2fdb3e93-e0d8-400e-8c33-91e2341b50c6@group-F01152B53F91-LeaderElection201] INFO  impl.RoleInfo (RoleInfo.java:shutdownLeaderElection(134)) - 2fdb3e93-e0d8-400e-8c33-91e2341b50c6: shutdown LeaderElection
2019-10-22 00:13:17,077 [2fdb3e93-e0d8-400e-8c33-91e2341b50c6@group-F01152B53F91-LeaderElection201] INFO  impl.RoleInfo (RoleInfo.java:updateAndGet(143)) - 2fdb3e93-e0d8-400e-8c33-91e2341b50c6: start FollowerState
2019-10-22 00:13:17,094 [Thread-1819] INFO  impl.FollowerState (FollowerState.java:run(108)) - 2fdb3e93-e0d8-400e-8c33-91e2341b50c6@group-F01152B53F91-FollowerState: change to CANDIDATE, lastRpcTime:17ms, electionTimeout:17ms
2019-10-22 00:13:17,095 [Thread-1819] INFO  impl.RoleInfo (RoleInfo.java:shutdownFollowerState(121)) - 2fdb3e93-e0d8-400e-8c33-91e2341b50c6: shutdown FollowerState
2019-10-22 00:13:17,095 [Thread-1819] INFO  impl.RaftServerImpl (RaftServerImpl.java:setRole(184)) - 2fdb3e93-e0d8-400e-8c33-91e2341b50c6@group-F01152B53F91: changes role from  FOLLOWER to CANDIDATE at term 200 for changeToCandidate
2019-10-22 00:13:17,095 [Thread-1819] INFO  impl.RoleInfo (RoleInfo.java:updateAndGet(143)) - 2fdb3e93-e0d8-400e-8c33-91e2341b50c6: start LeaderElection
2019-10-22 00:13:17,108 [2fdb3e93-e0d8-400e-8c33-91e2341b50c6@group-F01152B53F91-LeaderElection202] INFO  impl.LeaderElection (LeaderElection.java:askForVotes(178)) - 2fdb3e93-e0d8-400e-8c33-91e2341b50c6@group-F01152B53F91-LeaderElection202: begin an election at term 201 for -1: [2fdb3e93-e0d8-400e-8c33-91e2341b50c6:192.168.157.254:43254, 062c71de-08d9-40ee-9309-15590e2e8e68:192.168.157.254:45598, 2a52019e-5647-44e1-bf30-9a43fd8a7377:192.168.157.254:36038], old=null
2019-10-22 00:13:17,109 [2fdb3e93-e0d8-400e-8c33-91e2341b50c6@group-F01152B53F91-LeaderElection202] INFO  impl.LeaderElection (LogUtils.java:infoOrTrace(149)) - 2fdb3e93-e0d8-400e-8c33-91e2341b50c6@group-F01152B53F91-LeaderElection202 got exception when requesting votes: {}
java.util.concurrent.ExecutionException: org.apache.ratis.thirdparty.io.grpc.StatusRuntimeException: UNAVAILABLE: io exception
	at java.util.concurrent.FutureTask.report(FutureTask.java:122)
	at java.util.concurrent.FutureTask.get(FutureTask.java:192)
	at org.apache.ratis.server.impl.LeaderElection.waitForResults(LeaderElection.java:259)
	at org.apache.ratis.server.impl.LeaderElection.askForVotes(LeaderElection.java:197)
	at org.apache.ratis.server.impl.LeaderElection.run(LeaderElection.java:133)
	at java.lang.Thread.run(Thread.java:748)
Caused by: org.apache.ratis.thirdparty.io.grpc.StatusRuntimeException: UNAVAILABLE: io exception
	at org.apache.ratis.thirdparty.io.grpc.stub.ClientCalls.toStatusRuntimeException(ClientCalls.java:233)
	at org.apache.ratis.thirdparty.io.grpc.stub.ClientCalls.getUnchecked(ClientCalls.java:214)
	at org.apache.ratis.thirdparty.io.grpc.stub.ClientCalls.blockingUnaryCall(ClientCalls.java:139)
	at org.apache.ratis.proto.grpc.RaftServerProtocolServiceGrpc$RaftServerProtocolServiceBlockingStub.requestVote(RaftServerProtocolServiceGrpc.java:265)
	at org.apache.ratis.grpc.server.GrpcServerProtocolClient.requestVote(GrpcServerProtocolClient.java:99)
	at org.apache.ratis.grpc.server.GrpcService.requestVote(GrpcService.java:204)
	at org.apache.ratis.server.impl.LeaderElection.lambda$submitRequests$1(LeaderElection.java:234)
	at java.util.concurrent.FutureTask.run(FutureTask.java:266)
	at java.util.concurrent.Executors$RunnableAdapter.call(Executors.java:511)
	at java.util.concurrent.FutureTask.run(FutureTask.java:266)
	at java.util.concurrent.ThreadPoolExecutor.runWorker(ThreadPoolExecutor.java:1149)
	at java.util.concurrent.ThreadPoolExecutor$Worker.run(ThreadPoolExecutor.java:624)
	... 1 more
Caused by: org.apache.ratis.thirdparty.io.netty.channel.AbstractChannel$AnnotatedConnectException: Connection refused: /192.168.157.254:36038
	at sun.nio.ch.SocketChannelImpl.checkConnect(Native Method)
	at sun.nio.ch.SocketChannelImpl.finishConnect(SocketChannelImpl.java:717)
	at org.apache.ratis.thirdparty.io.netty.channel.socket.nio.NioSocketChannel.doFinishConnect(NioSocketChannel.java:327)
	at org.apache.ratis.thirdparty.io.netty.channel.nio.AbstractNioChannel$AbstractNioUnsafe.finishConnect(AbstractNioChannel.java:340)
	at org.apache.ratis.thirdparty.io.netty.channel.nio.NioEventLoop.processSelectedKey(NioEventLoop.java:632)
	at org.apache.ratis.thirdparty.io.netty.channel.nio.NioEventLoop.processSelectedKeysOptimized(NioEventLoop.java:579)
	at org.apache.ratis.thirdparty.io.netty.channel.nio.NioEventLoop.processSelectedKeys(NioEventLoop.java:496)
	at org.apache.ratis.thirdparty.io.netty.channel.nio.NioEventLoop.run(NioEventLoop.java:458)
	at org.apache.ratis.thirdparty.io.netty.util.concurrent.SingleThreadEventExecutor$5.run(SingleThreadEventExecutor.java:897)
	at org.apache.ratis.thirdparty.io.netty.util.concurrent.FastThreadLocalRunnable.run(FastThreadLocalRunnable.java:30)
	... 1 more
Caused by: java.net.ConnectException: Connection refused
	... 11 more
2019-10-22 00:13:17,111 [grpc-default-executor-6] INFO  impl.RaftServerImpl (RaftServerImpl.java:setRole(184)) - 062c71de-08d9-40ee-9309-15590e2e8e68@group-F01152B53F91: changes role from  FOLLOWER to FOLLOWER at term 201 for recognizeCandidate:2fdb3e93-e0d8-400e-8c33-91e2341b50c6
2019-10-22 00:13:17,111 [grpc-default-executor-6] INFO  impl.RoleInfo (RoleInfo.java:shutdownFollowerState(121)) - 062c71de-08d9-40ee-9309-15590e2e8e68: shutdown FollowerState
2019-10-22 00:13:17,111 [grpc-default-executor-6] INFO  impl.RoleInfo (RoleInfo.java:updateAndGet(143)) - 062c71de-08d9-40ee-9309-15590e2e8e68: start FollowerState
2019-10-22 00:13:17,111 [Thread-1818] INFO  impl.FollowerState (FollowerState.java:run(117)) - 062c71de-08d9-40ee-9309-15590e2e8e68@group-F01152B53F91-FollowerState was interrupted: java.lang.InterruptedException: sleep interrupted
2019-10-22 00:13:17,125 [2fdb3e93-e0d8-400e-8c33-91e2341b50c6@group-F01152B53F91-LeaderElection202] INFO  impl.LeaderElection (LeaderElection.java:logAndReturn(56)) - 2fdb3e93-e0d8-400e-8c33-91e2341b50c6@group-F01152B53F91-LeaderElection202: Election REJECTED; received 1 response(s) [2fdb3e93-e0d8-400e-8c33-91e2341b50c6<-062c71de-08d9-40ee-9309-15590e2e8e68#0:FAIL-t201] and 1 exception(s); 2fdb3e93-e0d8-400e-8c33-91e2341b50c6@group-F01152B53F91:t201, leader=null, voted=2fdb3e93-e0d8-400e-8c33-91e2341b50c6, raftlog=2fdb3e93-e0d8-400e-8c33-91e2341b50c6@group-F01152B53F91-SegmentedRaftLog:OPENED:c-1,f-1,i0, conf=-1: [2fdb3e93-e0d8-400e-8c33-91e2341b50c6:192.168.157.254:43254, 062c71de-08d9-40ee-9309-15590e2e8e68:192.168.157.254:45598, 2a52019e-5647-44e1-bf30-9a43fd8a7377:192.168.157.254:36038], old=null
2019-10-22 00:13:17,125 [2fdb3e93-e0d8-400e-8c33-91e2341b50c6@group-F01152B53F91-LeaderElection202] INFO  impl.LeaderElection (LogUtils.java:infoOrTrace(149)) -   Exception 0: {}
java.util.concurrent.ExecutionException: org.apache.ratis.thirdparty.io.grpc.StatusRuntimeException: UNAVAILABLE: io exception
	at java.util.concurrent.FutureTask.report(FutureTask.java:122)
	at java.util.concurrent.FutureTask.get(FutureTask.java:192)
	at org.apache.ratis.server.impl.LeaderElection.waitForResults(LeaderElection.java:259)
	at org.apache.ratis.server.impl.LeaderElection.askForVotes(LeaderElection.java:197)
	at org.apache.ratis.server.impl.LeaderElection.run(LeaderElection.java:133)
	at java.lang.Thread.run(Thread.java:748)
Caused by: org.apache.ratis.thirdparty.io.grpc.StatusRuntimeException: UNAVAILABLE: io exception
	at org.apache.ratis.thirdparty.io.grpc.stub.ClientCalls.toStatusRuntimeException(ClientCalls.java:233)
	at org.apache.ratis.thirdparty.io.grpc.stub.ClientCalls.getUnchecked(ClientCalls.java:214)
	at org.apache.ratis.thirdparty.io.grpc.stub.ClientCalls.blockingUnaryCall(ClientCalls.java:139)
	at org.apache.ratis.proto.grpc.RaftServerProtocolServiceGrpc$RaftServerProtocolServiceBlockingStub.requestVote(RaftServerProtocolServiceGrpc.java:265)
	at org.apache.ratis.grpc.server.GrpcServerProtocolClient.requestVote(GrpcServerProtocolClient.java:99)
	at org.apache.ratis.grpc.server.GrpcService.requestVote(GrpcService.java:204)
	at org.apache.ratis.server.impl.LeaderElection.lambda$submitRequests$1(LeaderElection.java:234)
	at java.util.concurrent.FutureTask.run(FutureTask.java:266)
	at java.util.concurrent.Executors$RunnableAdapter.call(Executors.java:511)
	at java.util.concurrent.FutureTask.run(FutureTask.java:266)
	at java.util.concurrent.ThreadPoolExecutor.runWorker(ThreadPoolExecutor.java:1149)
	at java.util.concurrent.ThreadPoolExecutor$Worker.run(ThreadPoolExecutor.java:624)
	... 1 more
Caused by: org.apache.ratis.thirdparty.io.netty.channel.AbstractChannel$AnnotatedConnectException: Connection refused: /192.168.157.254:36038
	at sun.nio.ch.SocketChannelImpl.checkConnect(Native Method)
	at sun.nio.ch.SocketChannelImpl.finishConnect(SocketChannelImpl.java:717)
	at org.apache.ratis.thirdparty.io.netty.channel.socket.nio.NioSocketChannel.doFinishConnect(NioSocketChannel.java:327)
	at org.apache.ratis.thirdparty.io.netty.channel.nio.AbstractNioChannel$AbstractNioUnsafe.finishConnect(AbstractNioChannel.java:340)
	at org.apache.ratis.thirdparty.io.netty.channel.nio.NioEventLoop.processSelectedKey(NioEventLoop.java:632)
	at org.apache.ratis.thirdparty.io.netty.channel.nio.NioEventLoop.processSelectedKeysOptimized(NioEventLoop.java:579)
	at org.apache.ratis.thirdparty.io.netty.channel.nio.NioEventLoop.processSelectedKeys(NioEventLoop.java:496)
	at org.apache.ratis.thirdparty.io.netty.channel.nio.NioEventLoop.run(NioEventLoop.java:458)
	at org.apache.ratis.thirdparty.io.netty.util.concurrent.SingleThreadEventExecutor$5.run(SingleThreadEventExecutor.java:897)
	at org.apache.ratis.thirdparty.io.netty.util.concurrent.FastThreadLocalRunnable.run(FastThreadLocalRunnable.java:30)
	... 1 more
Caused by: java.net.ConnectException: Connection refused
	... 11 more
2019-10-22 00:13:17,125 [2fdb3e93-e0d8-400e-8c33-91e2341b50c6@group-F01152B53F91-LeaderElection202] INFO  impl.RaftServerImpl (RaftServerImpl.java:setRole(184)) - 2fdb3e93-e0d8-400e-8c33-91e2341b50c6@group-F01152B53F91: changes role from CANDIDATE to FOLLOWER at term 201 for DISCOVERED_A_NEW_TERM
2019-10-22 00:13:17,126 [2fdb3e93-e0d8-400e-8c33-91e2341b50c6@group-F01152B53F91-LeaderElection202] INFO  impl.RoleInfo (RoleInfo.java:shutdownLeaderElection(134)) - 2fdb3e93-e0d8-400e-8c33-91e2341b50c6: shutdown LeaderElection
2019-10-22 00:13:17,126 [2fdb3e93-e0d8-400e-8c33-91e2341b50c6@group-F01152B53F91-LeaderElection202] INFO  impl.RoleInfo (RoleInfo.java:updateAndGet(143)) - 2fdb3e93-e0d8-400e-8c33-91e2341b50c6: start FollowerState
2019-10-22 00:13:17,235 [Thread-1824] INFO  impl.FollowerState (FollowerState.java:run(108)) - 2fdb3e93-e0d8-400e-8c33-91e2341b50c6@group-F01152B53F91-FollowerState: change to CANDIDATE, lastRpcTime:109ms, electionTimeout:109ms
2019-10-22 00:13:17,235 [Thread-1824] INFO  impl.RoleInfo (RoleInfo.java:shutdownFollowerState(121)) - 2fdb3e93-e0d8-400e-8c33-91e2341b50c6: shutdown FollowerState
2019-10-22 00:13:17,235 [Thread-1824] INFO  impl.RaftServerImpl (RaftServerImpl.java:setRole(184)) - 2fdb3e93-e0d8-400e-8c33-91e2341b50c6@group-F01152B53F91: changes role from  FOLLOWER to CANDIDATE at term 201 for changeToCandidate
2019-10-22 00:13:17,236 [Thread-1824] INFO  impl.RoleInfo (RoleInfo.java:updateAndGet(143)) - 2fdb3e93-e0d8-400e-8c33-91e2341b50c6: start LeaderElection
2019-10-22 00:13:17,249 [2fdb3e93-e0d8-400e-8c33-91e2341b50c6@group-F01152B53F91-LeaderElection203] INFO  impl.LeaderElection (LeaderElection.java:askForVotes(178)) - 2fdb3e93-e0d8-400e-8c33-91e2341b50c6@group-F01152B53F91-LeaderElection203: begin an election at term 202 for -1: [2fdb3e93-e0d8-400e-8c33-91e2341b50c6:192.168.157.254:43254, 062c71de-08d9-40ee-9309-15590e2e8e68:192.168.157.254:45598, 2a52019e-5647-44e1-bf30-9a43fd8a7377:192.168.157.254:36038], old=null
2019-10-22 00:13:17,250 [2fdb3e93-e0d8-400e-8c33-91e2341b50c6@group-F01152B53F91-LeaderElection203] INFO  impl.LeaderElection (LogUtils.java:infoOrTrace(149)) - 2fdb3e93-e0d8-400e-8c33-91e2341b50c6@group-F01152B53F91-LeaderElection203 got exception when requesting votes: {}
java.util.concurrent.ExecutionException: org.apache.ratis.thirdparty.io.grpc.StatusRuntimeException: UNAVAILABLE: io exception
	at java.util.concurrent.FutureTask.report(FutureTask.java:122)
	at java.util.concurrent.FutureTask.get(FutureTask.java:192)
	at org.apache.ratis.server.impl.LeaderElection.waitForResults(LeaderElection.java:259)
	at org.apache.ratis.server.impl.LeaderElection.askForVotes(LeaderElection.java:197)
	at org.apache.ratis.server.impl.LeaderElection.run(LeaderElection.java:133)
	at java.lang.Thread.run(Thread.java:748)
Caused by: org.apache.ratis.thirdparty.io.grpc.StatusRuntimeException: UNAVAILABLE: io exception
	at org.apache.ratis.thirdparty.io.grpc.stub.ClientCalls.toStatusRuntimeException(ClientCalls.java:233)
	at org.apache.ratis.thirdparty.io.grpc.stub.ClientCalls.getUnchecked(ClientCalls.java:214)
	at org.apache.ratis.thirdparty.io.grpc.stub.ClientCalls.blockingUnaryCall(ClientCalls.java:139)
	at org.apache.ratis.proto.grpc.RaftServerProtocolServiceGrpc$RaftServerProtocolServiceBlockingStub.requestVote(RaftServerProtocolServiceGrpc.java:265)
	at org.apache.ratis.grpc.server.GrpcServerProtocolClient.requestVote(GrpcServerProtocolClient.java:99)
	at org.apache.ratis.grpc.server.GrpcService.requestVote(GrpcService.java:204)
	at org.apache.ratis.server.impl.LeaderElection.lambda$submitRequests$1(LeaderElection.java:234)
	at java.util.concurrent.FutureTask.run(FutureTask.java:266)
	at java.util.concurrent.Executors$RunnableAdapter.call(Executors.java:511)
	at java.util.concurrent.FutureTask.run(FutureTask.java:266)
	at java.util.concurrent.ThreadPoolExecutor.runWorker(ThreadPoolExecutor.java:1149)
	at java.util.concurrent.ThreadPoolExecutor$Worker.run(ThreadPoolExecutor.java:624)
	... 1 more
Caused by: org.apache.ratis.thirdparty.io.netty.channel.AbstractChannel$AnnotatedConnectException: Connection refused: /192.168.157.254:36038
	at sun.nio.ch.SocketChannelImpl.checkConnect(Native Method)
	at sun.nio.ch.SocketChannelImpl.finishConnect(SocketChannelImpl.java:717)
	at org.apache.ratis.thirdparty.io.netty.channel.socket.nio.NioSocketChannel.doFinishConnect(NioSocketChannel.java:327)
	at org.apache.ratis.thirdparty.io.netty.channel.nio.AbstractNioChannel$AbstractNioUnsafe.finishConnect(AbstractNioChannel.java:340)
	at org.apache.ratis.thirdparty.io.netty.channel.nio.NioEventLoop.processSelectedKey(NioEventLoop.java:632)
	at org.apache.ratis.thirdparty.io.netty.channel.nio.NioEventLoop.processSelectedKeysOptimized(NioEventLoop.java:579)
	at org.apache.ratis.thirdparty.io.netty.channel.nio.NioEventLoop.processSelectedKeys(NioEventLoop.java:496)
	at org.apache.ratis.thirdparty.io.netty.channel.nio.NioEventLoop.run(NioEventLoop.java:458)
	at org.apache.ratis.thirdparty.io.netty.util.concurrent.SingleThreadEventExecutor$5.run(SingleThreadEventExecutor.java:897)
	at org.apache.ratis.thirdparty.io.netty.util.concurrent.FastThreadLocalRunnable.run(FastThreadLocalRunnable.java:30)
	... 1 more
Caused by: java.net.ConnectException: Connection refused
	... 11 more
2019-10-22 00:13:17,254 [grpc-default-executor-6] INFO  impl.RaftServerImpl (RaftServerImpl.java:setRole(184)) - 062c71de-08d9-40ee-9309-15590e2e8e68@group-F01152B53F91: changes role from  FOLLOWER to FOLLOWER at term 202 for recognizeCandidate:2fdb3e93-e0d8-400e-8c33-91e2341b50c6
2019-10-22 00:13:17,254 [grpc-default-executor-6] INFO  impl.RoleInfo (RoleInfo.java:shutdownFollowerState(121)) - 062c71de-08d9-40ee-9309-15590e2e8e68: shutdown FollowerState
2019-10-22 00:13:17,254 [grpc-default-executor-6] INFO  impl.RoleInfo (RoleInfo.java:updateAndGet(143)) - 062c71de-08d9-40ee-9309-15590e2e8e68: start FollowerState
2019-10-22 00:13:17,254 [Thread-1823] INFO  impl.FollowerState (FollowerState.java:run(117)) - 062c71de-08d9-40ee-9309-15590e2e8e68@group-F01152B53F91-FollowerState was interrupted: java.lang.InterruptedException: sleep interrupted
2019-10-22 00:13:17,268 [2fdb3e93-e0d8-400e-8c33-91e2341b50c6@group-F01152B53F91-LeaderElection203] INFO  impl.LeaderElection (LeaderElection.java:logAndReturn(56)) - 2fdb3e93-e0d8-400e-8c33-91e2341b50c6@group-F01152B53F91-LeaderElection203: Election REJECTED; received 1 response(s) [2fdb3e93-e0d8-400e-8c33-91e2341b50c6<-062c71de-08d9-40ee-9309-15590e2e8e68#0:FAIL-t202] and 1 exception(s); 2fdb3e93-e0d8-400e-8c33-91e2341b50c6@group-F01152B53F91:t202, leader=null, voted=2fdb3e93-e0d8-400e-8c33-91e2341b50c6, raftlog=2fdb3e93-e0d8-400e-8c33-91e2341b50c6@group-F01152B53F91-SegmentedRaftLog:OPENED:c-1,f-1,i0, conf=-1: [2fdb3e93-e0d8-400e-8c33-91e2341b50c6:192.168.157.254:43254, 062c71de-08d9-40ee-9309-15590e2e8e68:192.168.157.254:45598, 2a52019e-5647-44e1-bf30-9a43fd8a7377:192.168.157.254:36038], old=null
2019-10-22 00:13:17,268 [2fdb3e93-e0d8-400e-8c33-91e2341b50c6@group-F01152B53F91-LeaderElection203] INFO  impl.LeaderElection (LogUtils.java:infoOrTrace(149)) -   Exception 0: {}
java.util.concurrent.ExecutionException: org.apache.ratis.thirdparty.io.grpc.StatusRuntimeException: UNAVAILABLE: io exception
	at java.util.concurrent.FutureTask.report(FutureTask.java:122)
	at java.util.concurrent.FutureTask.get(FutureTask.java:192)
	at org.apache.ratis.server.impl.LeaderElection.waitForResults(LeaderElection.java:259)
	at org.apache.ratis.server.impl.LeaderElection.askForVotes(LeaderElection.java:197)
	at org.apache.ratis.server.impl.LeaderElection.run(LeaderElection.java:133)
	at java.lang.Thread.run(Thread.java:748)
Caused by: org.apache.ratis.thirdparty.io.grpc.StatusRuntimeException: UNAVAILABLE: io exception
	at org.apache.ratis.thirdparty.io.grpc.stub.ClientCalls.toStatusRuntimeException(ClientCalls.java:233)
	at org.apache.ratis.thirdparty.io.grpc.stub.ClientCalls.getUnchecked(ClientCalls.java:214)
	at org.apache.ratis.thirdparty.io.grpc.stub.ClientCalls.blockingUnaryCall(ClientCalls.java:139)
	at org.apache.ratis.proto.grpc.RaftServerProtocolServiceGrpc$RaftServerProtocolServiceBlockingStub.requestVote(RaftServerProtocolServiceGrpc.java:265)
	at org.apache.ratis.grpc.server.GrpcServerProtocolClient.requestVote(GrpcServerProtocolClient.java:99)
	at org.apache.ratis.grpc.server.GrpcService.requestVote(GrpcService.java:204)
	at org.apache.ratis.server.impl.LeaderElection.lambda$submitRequests$1(LeaderElection.java:234)
	at java.util.concurrent.FutureTask.run(FutureTask.java:266)
	at java.util.concurrent.Executors$RunnableAdapter.call(Executors.java:511)
	at java.util.concurrent.FutureTask.run(FutureTask.java:266)
	at java.util.concurrent.ThreadPoolExecutor.runWorker(ThreadPoolExecutor.java:1149)
	at java.util.concurrent.ThreadPoolExecutor$Worker.run(ThreadPoolExecutor.java:624)
	... 1 more
Caused by: org.apache.ratis.thirdparty.io.netty.channel.AbstractChannel$AnnotatedConnectException: Connection refused: /192.168.157.254:36038
	at sun.nio.ch.SocketChannelImpl.checkConnect(Native Method)
	at sun.nio.ch.SocketChannelImpl.finishConnect(SocketChannelImpl.java:717)
	at org.apache.ratis.thirdparty.io.netty.channel.socket.nio.NioSocketChannel.doFinishConnect(NioSocketChannel.java:327)
	at org.apache.ratis.thirdparty.io.netty.channel.nio.AbstractNioChannel$AbstractNioUnsafe.finishConnect(AbstractNioChannel.java:340)
	at org.apache.ratis.thirdparty.io.netty.channel.nio.NioEventLoop.processSelectedKey(NioEventLoop.java:632)
	at org.apache.ratis.thirdparty.io.netty.channel.nio.NioEventLoop.processSelectedKeysOptimized(NioEventLoop.java:579)
	at org.apache.ratis.thirdparty.io.netty.channel.nio.NioEventLoop.processSelectedKeys(NioEventLoop.java:496)
	at org.apache.ratis.thirdparty.io.netty.channel.nio.NioEventLoop.run(NioEventLoop.java:458)
	at org.apache.ratis.thirdparty.io.netty.util.concurrent.SingleThreadEventExecutor$5.run(SingleThreadEventExecutor.java:897)
	at org.apache.ratis.thirdparty.io.netty.util.concurrent.FastThreadLocalRunnable.run(FastThreadLocalRunnable.java:30)
	... 1 more
Caused by: java.net.ConnectException: Connection refused
	... 11 more
2019-10-22 00:13:17,268 [2fdb3e93-e0d8-400e-8c33-91e2341b50c6@group-F01152B53F91-LeaderElection203] INFO  impl.RaftServerImpl (RaftServerImpl.java:setRole(184)) - 2fdb3e93-e0d8-400e-8c33-91e2341b50c6@group-F01152B53F91: changes role from CANDIDATE to FOLLOWER at term 202 for DISCOVERED_A_NEW_TERM
2019-10-22 00:13:17,268 [2fdb3e93-e0d8-400e-8c33-91e2341b50c6@group-F01152B53F91-LeaderElection203] INFO  impl.RoleInfo (RoleInfo.java:shutdownLeaderElection(134)) - 2fdb3e93-e0d8-400e-8c33-91e2341b50c6: shutdown LeaderElection
2019-10-22 00:13:17,269 [2fdb3e93-e0d8-400e-8c33-91e2341b50c6@group-F01152B53F91-LeaderElection203] INFO  impl.RoleInfo (RoleInfo.java:updateAndGet(143)) - 2fdb3e93-e0d8-400e-8c33-91e2341b50c6: start FollowerState
2019-10-22 00:13:17,293 [Thread-1829] INFO  impl.FollowerState (FollowerState.java:run(108)) - 2fdb3e93-e0d8-400e-8c33-91e2341b50c6@group-F01152B53F91-FollowerState: change to CANDIDATE, lastRpcTime:24ms, electionTimeout:24ms
2019-10-22 00:13:17,293 [Thread-1829] INFO  impl.RoleInfo (RoleInfo.java:shutdownFollowerState(121)) - 2fdb3e93-e0d8-400e-8c33-91e2341b50c6: shutdown FollowerState
2019-10-22 00:13:17,293 [Thread-1829] INFO  impl.RaftServerImpl (RaftServerImpl.java:setRole(184)) - 2fdb3e93-e0d8-400e-8c33-91e2341b50c6@group-F01152B53F91: changes role from  FOLLOWER to CANDIDATE at term 202 for changeToCandidate
2019-10-22 00:13:17,293 [Thread-1829] INFO  impl.RoleInfo (RoleInfo.java:updateAndGet(143)) - 2fdb3e93-e0d8-400e-8c33-91e2341b50c6: start LeaderElection
2019-10-22 00:13:17,297 [java.util.concurrent.ThreadPoolExecutor$Worker@c41ae0f[State = -1, empty queue]] WARN  server.GrpcLogAppender (GrpcLogAppender.java:timeoutAppendRequest(209)) - fad63ceb-ed14-4322-905d-6ef3599ac734@group-0045C62F497D->5732e052-e19f-40fe-a104-972211db20fb-GrpcLogAppender: appendEntries Timeout, request=fad63ceb-ed14-4322-905d-6ef3599ac734->5732e052-e19f-40fe-a104-972211db20fb#45-t1, previous=(t:1, i:0), leaderCommit=0, initializing? false, entries: <empty>
2019-10-22 00:13:17,306 [2fdb3e93-e0d8-400e-8c33-91e2341b50c6@group-F01152B53F91-LeaderElection204] INFO  impl.LeaderElection (LeaderElection.java:askForVotes(178)) - 2fdb3e93-e0d8-400e-8c33-91e2341b50c6@group-F01152B53F91-LeaderElection204: begin an election at term 203 for -1: [2fdb3e93-e0d8-400e-8c33-91e2341b50c6:192.168.157.254:43254, 062c71de-08d9-40ee-9309-15590e2e8e68:192.168.157.254:45598, 2a52019e-5647-44e1-bf30-9a43fd8a7377:192.168.157.254:36038], old=null
2019-10-22 00:13:17,307 [2fdb3e93-e0d8-400e-8c33-91e2341b50c6@group-F01152B53F91-LeaderElection204] INFO  impl.LeaderElection (LogUtils.java:infoOrTrace(149)) - 2fdb3e93-e0d8-400e-8c33-91e2341b50c6@group-F01152B53F91-LeaderElection204 got exception when requesting votes: {}
java.util.concurrent.ExecutionException: org.apache.ratis.thirdparty.io.grpc.StatusRuntimeException: UNAVAILABLE: io exception
	at java.util.concurrent.FutureTask.report(FutureTask.java:122)
	at java.util.concurrent.FutureTask.get(FutureTask.java:192)
	at org.apache.ratis.server.impl.LeaderElection.waitForResults(LeaderElection.java:259)
	at org.apache.ratis.server.impl.LeaderElection.askForVotes(LeaderElection.java:197)
	at org.apache.ratis.server.impl.LeaderElection.run(LeaderElection.java:133)
	at java.lang.Thread.run(Thread.java:748)
Caused by: org.apache.ratis.thirdparty.io.grpc.StatusRuntimeException: UNAVAILABLE: io exception
	at org.apache.ratis.thirdparty.io.grpc.stub.ClientCalls.toStatusRuntimeException(ClientCalls.java:233)
	at org.apache.ratis.thirdparty.io.grpc.stub.ClientCalls.getUnchecked(ClientCalls.java:214)
	at org.apache.ratis.thirdparty.io.grpc.stub.ClientCalls.blockingUnaryCall(ClientCalls.java:139)
	at org.apache.ratis.proto.grpc.RaftServerProtocolServiceGrpc$RaftServerProtocolServiceBlockingStub.requestVote(RaftServerProtocolServiceGrpc.java:265)
	at org.apache.ratis.grpc.server.GrpcServerProtocolClient.requestVote(GrpcServerProtocolClient.java:99)
	at org.apache.ratis.grpc.server.GrpcService.requestVote(GrpcService.java:204)
	at org.apache.ratis.server.impl.LeaderElection.lambda$submitRequests$1(LeaderElection.java:234)
	at java.util.concurrent.FutureTask.run(FutureTask.java:266)
	at java.util.concurrent.Executors$RunnableAdapter.call(Executors.java:511)
	at java.util.concurrent.FutureTask.run(FutureTask.java:266)
	at java.util.concurrent.ThreadPoolExecutor.runWorker(ThreadPoolExecutor.java:1149)
	at java.util.concurrent.ThreadPoolExecutor$Worker.run(ThreadPoolExecutor.java:624)
	... 1 more
Caused by: org.apache.ratis.thirdparty.io.netty.channel.AbstractChannel$AnnotatedConnectException: Connection refused: /192.168.157.254:36038
	at sun.nio.ch.SocketChannelImpl.checkConnect(Native Method)
	at sun.nio.ch.SocketChannelImpl.finishConnect(SocketChannelImpl.java:717)
	at org.apache.ratis.thirdparty.io.netty.channel.socket.nio.NioSocketChannel.doFinishConnect(NioSocketChannel.java:327)
	at org.apache.ratis.thirdparty.io.netty.channel.nio.AbstractNioChannel$AbstractNioUnsafe.finishConnect(AbstractNioChannel.java:340)
	at org.apache.ratis.thirdparty.io.netty.channel.nio.NioEventLoop.processSelectedKey(NioEventLoop.java:632)
	at org.apache.ratis.thirdparty.io.netty.channel.nio.NioEventLoop.processSelectedKeysOptimized(NioEventLoop.java:579)
	at org.apache.ratis.thirdparty.io.netty.channel.nio.NioEventLoop.processSelectedKeys(NioEventLoop.java:496)
	at org.apache.ratis.thirdparty.io.netty.channel.nio.NioEventLoop.run(NioEventLoop.java:458)
	at org.apache.ratis.thirdparty.io.netty.util.concurrent.SingleThreadEventExecutor$5.run(SingleThreadEventExecutor.java:897)
	at org.apache.ratis.thirdparty.io.netty.util.concurrent.FastThreadLocalRunnable.run(FastThreadLocalRunnable.java:30)
	... 1 more
Caused by: java.net.ConnectException: Connection refused
	... 11 more
2019-10-22 00:13:17,310 [grpc-default-executor-6] INFO  impl.RaftServerImpl (RaftServerImpl.java:setRole(184)) - 062c71de-08d9-40ee-9309-15590e2e8e68@group-F01152B53F91: changes role from  FOLLOWER to FOLLOWER at term 203 for recognizeCandidate:2fdb3e93-e0d8-400e-8c33-91e2341b50c6
2019-10-22 00:13:17,310 [grpc-default-executor-6] INFO  impl.RoleInfo (RoleInfo.java:shutdownFollowerState(121)) - 062c71de-08d9-40ee-9309-15590e2e8e68: shutdown FollowerState
2019-10-22 00:13:17,311 [grpc-default-executor-6] INFO  impl.RoleInfo (RoleInfo.java:updateAndGet(143)) - 062c71de-08d9-40ee-9309-15590e2e8e68: start FollowerState
2019-10-22 00:13:17,311 [Thread-1828] INFO  impl.FollowerState (FollowerState.java:run(117)) - 062c71de-08d9-40ee-9309-15590e2e8e68@group-F01152B53F91-FollowerState was interrupted: java.lang.InterruptedException: sleep interrupted
2019-10-22 00:13:17,324 [2fdb3e93-e0d8-400e-8c33-91e2341b50c6@group-F01152B53F91-LeaderElection204] INFO  impl.LeaderElection (LeaderElection.java:logAndReturn(56)) - 2fdb3e93-e0d8-400e-8c33-91e2341b50c6@group-F01152B53F91-LeaderElection204: Election REJECTED; received 1 response(s) [2fdb3e93-e0d8-400e-8c33-91e2341b50c6<-062c71de-08d9-40ee-9309-15590e2e8e68#0:FAIL-t203] and 1 exception(s); 2fdb3e93-e0d8-400e-8c33-91e2341b50c6@group-F01152B53F91:t203, leader=null, voted=2fdb3e93-e0d8-400e-8c33-91e2341b50c6, raftlog=2fdb3e93-e0d8-400e-8c33-91e2341b50c6@group-F01152B53F91-SegmentedRaftLog:OPENED:c-1,f-1,i0, conf=-1: [2fdb3e93-e0d8-400e-8c33-91e2341b50c6:192.168.157.254:43254, 062c71de-08d9-40ee-9309-15590e2e8e68:192.168.157.254:45598, 2a52019e-5647-44e1-bf30-9a43fd8a7377:192.168.157.254:36038], old=null
2019-10-22 00:13:17,324 [2fdb3e93-e0d8-400e-8c33-91e2341b50c6@group-F01152B53F91-LeaderElection204] INFO  impl.LeaderElection (LogUtils.java:infoOrTrace(149)) -   Exception 0: {}
java.util.concurrent.ExecutionException: org.apache.ratis.thirdparty.io.grpc.StatusRuntimeException: UNAVAILABLE: io exception
	at java.util.concurrent.FutureTask.report(FutureTask.java:122)
	at java.util.concurrent.FutureTask.get(FutureTask.java:192)
	at org.apache.ratis.server.impl.LeaderElection.waitForResults(LeaderElection.java:259)
	at org.apache.ratis.server.impl.LeaderElection.askForVotes(LeaderElection.java:197)
	at org.apache.ratis.server.impl.LeaderElection.run(LeaderElection.java:133)
	at java.lang.Thread.run(Thread.java:748)
Caused by: org.apache.ratis.thirdparty.io.grpc.StatusRuntimeException: UNAVAILABLE: io exception
	at org.apache.ratis.thirdparty.io.grpc.stub.ClientCalls.toStatusRuntimeException(ClientCalls.java:233)
	at org.apache.ratis.thirdparty.io.grpc.stub.ClientCalls.getUnchecked(ClientCalls.java:214)
	at org.apache.ratis.thirdparty.io.grpc.stub.ClientCalls.blockingUnaryCall(ClientCalls.java:139)
	at org.apache.ratis.proto.grpc.RaftServerProtocolServiceGrpc$RaftServerProtocolServiceBlockingStub.requestVote(RaftServerProtocolServiceGrpc.java:265)
	at org.apache.ratis.grpc.server.GrpcServerProtocolClient.requestVote(GrpcServerProtocolClient.java:99)
	at org.apache.ratis.grpc.server.GrpcService.requestVote(GrpcService.java:204)
	at org.apache.ratis.server.impl.LeaderElection.lambda$submitRequests$1(LeaderElection.java:234)
	at java.util.concurrent.FutureTask.run(FutureTask.java:266)
	at java.util.concurrent.Executors$RunnableAdapter.call(Executors.java:511)
	at java.util.concurrent.FutureTask.run(FutureTask.java:266)
	at java.util.concurrent.ThreadPoolExecutor.runWorker(ThreadPoolExecutor.java:1149)
	at java.util.concurrent.ThreadPoolExecutor$Worker.run(ThreadPoolExecutor.java:624)
	... 1 more
Caused by: org.apache.ratis.thirdparty.io.netty.channel.AbstractChannel$AnnotatedConnectException: Connection refused: /192.168.157.254:36038
	at sun.nio.ch.SocketChannelImpl.checkConnect(Native Method)
	at sun.nio.ch.SocketChannelImpl.finishConnect(SocketChannelImpl.java:717)
	at org.apache.ratis.thirdparty.io.netty.channel.socket.nio.NioSocketChannel.doFinishConnect(NioSocketChannel.java:327)
	at org.apache.ratis.thirdparty.io.netty.channel.nio.AbstractNioChannel$AbstractNioUnsafe.finishConnect(AbstractNioChannel.java:340)
	at org.apache.ratis.thirdparty.io.netty.channel.nio.NioEventLoop.processSelectedKey(NioEventLoop.java:632)
	at org.apache.ratis.thirdparty.io.netty.channel.nio.NioEventLoop.processSelectedKeysOptimized(NioEventLoop.java:579)
	at org.apache.ratis.thirdparty.io.netty.channel.nio.NioEventLoop.processSelectedKeys(NioEventLoop.java:496)
	at org.apache.ratis.thirdparty.io.netty.channel.nio.NioEventLoop.run(NioEventLoop.java:458)
	at org.apache.ratis.thirdparty.io.netty.util.concurrent.SingleThreadEventExecutor$5.run(SingleThreadEventExecutor.java:897)
	at org.apache.ratis.thirdparty.io.netty.util.concurrent.FastThreadLocalRunnable.run(FastThreadLocalRunnable.java:30)
	... 1 more
Caused by: java.net.ConnectException: Connection refused
	... 11 more
2019-10-22 00:13:17,324 [2fdb3e93-e0d8-400e-8c33-91e2341b50c6@group-F01152B53F91-LeaderElection204] INFO  impl.RaftServerImpl (RaftServerImpl.java:setRole(184)) - 2fdb3e93-e0d8-400e-8c33-91e2341b50c6@group-F01152B53F91: changes role from CANDIDATE to FOLLOWER at term 203 for DISCOVERED_A_NEW_TERM
2019-10-22 00:13:17,325 [2fdb3e93-e0d8-400e-8c33-91e2341b50c6@group-F01152B53F91-LeaderElection204] INFO  impl.RoleInfo (RoleInfo.java:shutdownLeaderElection(134)) - 2fdb3e93-e0d8-400e-8c33-91e2341b50c6: shutdown LeaderElection
2019-10-22 00:13:17,325 [2fdb3e93-e0d8-400e-8c33-91e2341b50c6@group-F01152B53F91-LeaderElection204] INFO  impl.RoleInfo (RoleInfo.java:updateAndGet(143)) - 2fdb3e93-e0d8-400e-8c33-91e2341b50c6: start FollowerState
2019-10-22 00:13:17,478 [Thread-1834] INFO  impl.FollowerState (FollowerState.java:run(108)) - 2fdb3e93-e0d8-400e-8c33-91e2341b50c6@group-F01152B53F91-FollowerState: change to CANDIDATE, lastRpcTime:153ms, electionTimeout:153ms
2019-10-22 00:13:17,478 [Thread-1834] INFO  impl.RoleInfo (RoleInfo.java:shutdownFollowerState(121)) - 2fdb3e93-e0d8-400e-8c33-91e2341b50c6: shutdown FollowerState
2019-10-22 00:13:17,478 [Thread-1834] INFO  impl.RaftServerImpl (RaftServerImpl.java:setRole(184)) - 2fdb3e93-e0d8-400e-8c33-91e2341b50c6@group-F01152B53F91: changes role from  FOLLOWER to CANDIDATE at term 203 for changeToCandidate
2019-10-22 00:13:17,478 [Thread-1834] INFO  impl.RoleInfo (RoleInfo.java:updateAndGet(143)) - 2fdb3e93-e0d8-400e-8c33-91e2341b50c6: start LeaderElection
2019-10-22 00:13:17,491 [2fdb3e93-e0d8-400e-8c33-91e2341b50c6@group-F01152B53F91-LeaderElection205] INFO  impl.LeaderElection (LeaderElection.java:askForVotes(178)) - 2fdb3e93-e0d8-400e-8c33-91e2341b50c6@group-F01152B53F91-LeaderElection205: begin an election at term 204 for -1: [2fdb3e93-e0d8-400e-8c33-91e2341b50c6:192.168.157.254:43254, 062c71de-08d9-40ee-9309-15590e2e8e68:192.168.157.254:45598, 2a52019e-5647-44e1-bf30-9a43fd8a7377:192.168.157.254:36038], old=null
2019-10-22 00:13:17,492 [2fdb3e93-e0d8-400e-8c33-91e2341b50c6@group-F01152B53F91-LeaderElection205] INFO  impl.LeaderElection (LogUtils.java:infoOrTrace(149)) - 2fdb3e93-e0d8-400e-8c33-91e2341b50c6@group-F01152B53F91-LeaderElection205 got exception when requesting votes: {}
java.util.concurrent.ExecutionException: org.apache.ratis.thirdparty.io.grpc.StatusRuntimeException: UNAVAILABLE: io exception
	at java.util.concurrent.FutureTask.report(FutureTask.java:122)
	at java.util.concurrent.FutureTask.get(FutureTask.java:192)
	at org.apache.ratis.server.impl.LeaderElection.waitForResults(LeaderElection.java:259)
	at org.apache.ratis.server.impl.LeaderElection.askForVotes(LeaderElection.java:197)
	at org.apache.ratis.server.impl.LeaderElection.run(LeaderElection.java:133)
	at java.lang.Thread.run(Thread.java:748)
Caused by: org.apache.ratis.thirdparty.io.grpc.StatusRuntimeException: UNAVAILABLE: io exception
	at org.apache.ratis.thirdparty.io.grpc.stub.ClientCalls.toStatusRuntimeException(ClientCalls.java:233)
	at org.apache.ratis.thirdparty.io.grpc.stub.ClientCalls.getUnchecked(ClientCalls.java:214)
	at org.apache.ratis.thirdparty.io.grpc.stub.ClientCalls.blockingUnaryCall(ClientCalls.java:139)
	at org.apache.ratis.proto.grpc.RaftServerProtocolServiceGrpc$RaftServerProtocolServiceBlockingStub.requestVote(RaftServerProtocolServiceGrpc.java:265)
	at org.apache.ratis.grpc.server.GrpcServerProtocolClient.requestVote(GrpcServerProtocolClient.java:99)
	at org.apache.ratis.grpc.server.GrpcService.requestVote(GrpcService.java:204)
	at org.apache.ratis.server.impl.LeaderElection.lambda$submitRequests$1(LeaderElection.java:234)
	at java.util.concurrent.FutureTask.run(FutureTask.java:266)
	at java.util.concurrent.Executors$RunnableAdapter.call(Executors.java:511)
	at java.util.concurrent.FutureTask.run(FutureTask.java:266)
	at java.util.concurrent.ThreadPoolExecutor.runWorker(ThreadPoolExecutor.java:1149)
	at java.util.concurrent.ThreadPoolExecutor$Worker.run(ThreadPoolExecutor.java:624)
	... 1 more
Caused by: org.apache.ratis.thirdparty.io.netty.channel.AbstractChannel$AnnotatedConnectException: Connection refused: /192.168.157.254:36038
	at sun.nio.ch.SocketChannelImpl.checkConnect(Native Method)
	at sun.nio.ch.SocketChannelImpl.finishConnect(SocketChannelImpl.java:717)
	at org.apache.ratis.thirdparty.io.netty.channel.socket.nio.NioSocketChannel.doFinishConnect(NioSocketChannel.java:327)
	at org.apache.ratis.thirdparty.io.netty.channel.nio.AbstractNioChannel$AbstractNioUnsafe.finishConnect(AbstractNioChannel.java:340)
	at org.apache.ratis.thirdparty.io.netty.channel.nio.NioEventLoop.processSelectedKey(NioEventLoop.java:632)
	at org.apache.ratis.thirdparty.io.netty.channel.nio.NioEventLoop.processSelectedKeysOptimized(NioEventLoop.java:579)
	at org.apache.ratis.thirdparty.io.netty.channel.nio.NioEventLoop.processSelectedKeys(NioEventLoop.java:496)
	at org.apache.ratis.thirdparty.io.netty.channel.nio.NioEventLoop.run(NioEventLoop.java:458)
	at org.apache.ratis.thirdparty.io.netty.util.concurrent.SingleThreadEventExecutor$5.run(SingleThreadEventExecutor.java:897)
	at org.apache.ratis.thirdparty.io.netty.util.concurrent.FastThreadLocalRunnable.run(FastThreadLocalRunnable.java:30)
	... 1 more
Caused by: java.net.ConnectException: Connection refused
	... 11 more
2019-10-22 00:13:17,495 [grpc-default-executor-6] INFO  impl.RaftServerImpl (RaftServerImpl.java:setRole(184)) - 062c71de-08d9-40ee-9309-15590e2e8e68@group-F01152B53F91: changes role from  FOLLOWER to FOLLOWER at term 204 for recognizeCandidate:2fdb3e93-e0d8-400e-8c33-91e2341b50c6
2019-10-22 00:13:17,495 [grpc-default-executor-6] INFO  impl.RoleInfo (RoleInfo.java:shutdownFollowerState(121)) - 062c71de-08d9-40ee-9309-15590e2e8e68: shutdown FollowerState
2019-10-22 00:13:17,495 [grpc-default-executor-6] INFO  impl.RoleInfo (RoleInfo.java:updateAndGet(143)) - 062c71de-08d9-40ee-9309-15590e2e8e68: start FollowerState
2019-10-22 00:13:17,495 [Thread-1833] INFO  impl.FollowerState (FollowerState.java:run(117)) - 062c71de-08d9-40ee-9309-15590e2e8e68@group-F01152B53F91-FollowerState was interrupted: java.lang.InterruptedException: sleep interrupted
2019-10-22 00:13:17,512 [2fdb3e93-e0d8-400e-8c33-91e2341b50c6@group-F01152B53F91-LeaderElection205] INFO  impl.LeaderElection (LeaderElection.java:logAndReturn(56)) - 2fdb3e93-e0d8-400e-8c33-91e2341b50c6@group-F01152B53F91-LeaderElection205: Election REJECTED; received 1 response(s) [2fdb3e93-e0d8-400e-8c33-91e2341b50c6<-062c71de-08d9-40ee-9309-15590e2e8e68#0:FAIL-t204] and 1 exception(s); 2fdb3e93-e0d8-400e-8c33-91e2341b50c6@group-F01152B53F91:t204, leader=null, voted=2fdb3e93-e0d8-400e-8c33-91e2341b50c6, raftlog=2fdb3e93-e0d8-400e-8c33-91e2341b50c6@group-F01152B53F91-SegmentedRaftLog:OPENED:c-1,f-1,i0, conf=-1: [2fdb3e93-e0d8-400e-8c33-91e2341b50c6:192.168.157.254:43254, 062c71de-08d9-40ee-9309-15590e2e8e68:192.168.157.254:45598, 2a52019e-5647-44e1-bf30-9a43fd8a7377:192.168.157.254:36038], old=null
2019-10-22 00:13:17,512 [2fdb3e93-e0d8-400e-8c33-91e2341b50c6@group-F01152B53F91-LeaderElection205] INFO  impl.LeaderElection (LogUtils.java:infoOrTrace(149)) -   Exception 0: {}
java.util.concurrent.ExecutionException: org.apache.ratis.thirdparty.io.grpc.StatusRuntimeException: UNAVAILABLE: io exception
	at java.util.concurrent.FutureTask.report(FutureTask.java:122)
	at java.util.concurrent.FutureTask.get(FutureTask.java:192)
	at org.apache.ratis.server.impl.LeaderElection.waitForResults(LeaderElection.java:259)
	at org.apache.ratis.server.impl.LeaderElection.askForVotes(LeaderElection.java:197)
	at org.apache.ratis.server.impl.LeaderElection.run(LeaderElection.java:133)
	at java.lang.Thread.run(Thread.java:748)
Caused by: org.apache.ratis.thirdparty.io.grpc.StatusRuntimeException: UNAVAILABLE: io exception
	at org.apache.ratis.thirdparty.io.grpc.stub.ClientCalls.toStatusRuntimeException(ClientCalls.java:233)
	at org.apache.ratis.thirdparty.io.grpc.stub.ClientCalls.getUnchecked(ClientCalls.java:214)
	at org.apache.ratis.thirdparty.io.grpc.stub.ClientCalls.blockingUnaryCall(ClientCalls.java:139)
	at org.apache.ratis.proto.grpc.RaftServerProtocolServiceGrpc$RaftServerProtocolServiceBlockingStub.requestVote(RaftServerProtocolServiceGrpc.java:265)
	at org.apache.ratis.grpc.server.GrpcServerProtocolClient.requestVote(GrpcServerProtocolClient.java:99)
	at org.apache.ratis.grpc.server.GrpcService.requestVote(GrpcService.java:204)
	at org.apache.ratis.server.impl.LeaderElection.lambda$submitRequests$1(LeaderElection.java:234)
	at java.util.concurrent.FutureTask.run(FutureTask.java:266)
	at java.util.concurrent.Executors$RunnableAdapter.call(Executors.java:511)
	at java.util.concurrent.FutureTask.run(FutureTask.java:266)
	at java.util.concurrent.ThreadPoolExecutor.runWorker(ThreadPoolExecutor.java:1149)
	at java.util.concurrent.ThreadPoolExecutor$Worker.run(ThreadPoolExecutor.java:624)
	... 1 more
Caused by: org.apache.ratis.thirdparty.io.netty.channel.AbstractChannel$AnnotatedConnectException: Connection refused: /192.168.157.254:36038
	at sun.nio.ch.SocketChannelImpl.checkConnect(Native Method)
	at sun.nio.ch.SocketChannelImpl.finishConnect(SocketChannelImpl.java:717)
	at org.apache.ratis.thirdparty.io.netty.channel.socket.nio.NioSocketChannel.doFinishConnect(NioSocketChannel.java:327)
	at org.apache.ratis.thirdparty.io.netty.channel.nio.AbstractNioChannel$AbstractNioUnsafe.finishConnect(AbstractNioChannel.java:340)
	at org.apache.ratis.thirdparty.io.netty.channel.nio.NioEventLoop.processSelectedKey(NioEventLoop.java:632)
	at org.apache.ratis.thirdparty.io.netty.channel.nio.NioEventLoop.processSelectedKeysOptimized(NioEventLoop.java:579)
	at org.apache.ratis.thirdparty.io.netty.channel.nio.NioEventLoop.processSelectedKeys(NioEventLoop.java:496)
	at org.apache.ratis.thirdparty.io.netty.channel.nio.NioEventLoop.run(NioEventLoop.java:458)
	at org.apache.ratis.thirdparty.io.netty.util.concurrent.SingleThreadEventExecutor$5.run(SingleThreadEventExecutor.java:897)
	at org.apache.ratis.thirdparty.io.netty.util.concurrent.FastThreadLocalRunnable.run(FastThreadLocalRunnable.java:30)
	... 1 more
Caused by: java.net.ConnectException: Connection refused
	... 11 more
2019-10-22 00:13:17,512 [2fdb3e93-e0d8-400e-8c33-91e2341b50c6@group-F01152B53F91-LeaderElection205] INFO  impl.RaftServerImpl (RaftServerImpl.java:setRole(184)) - 2fdb3e93-e0d8-400e-8c33-91e2341b50c6@group-F01152B53F91: changes role from CANDIDATE to FOLLOWER at term 204 for DISCOVERED_A_NEW_TERM
2019-10-22 00:13:17,512 [2fdb3e93-e0d8-400e-8c33-91e2341b50c6@group-F01152B53F91-LeaderElection205] INFO  impl.RoleInfo (RoleInfo.java:shutdownLeaderElection(134)) - 2fdb3e93-e0d8-400e-8c33-91e2341b50c6: shutdown LeaderElection
2019-10-22 00:13:17,513 [2fdb3e93-e0d8-400e-8c33-91e2341b50c6@group-F01152B53F91-LeaderElection205] INFO  impl.RoleInfo (RoleInfo.java:updateAndGet(143)) - 2fdb3e93-e0d8-400e-8c33-91e2341b50c6: start FollowerState
2019-10-22 00:13:17,518 [Thread-1841] INFO  impl.FollowerState (FollowerState.java:run(108)) - 2fdb3e93-e0d8-400e-8c33-91e2341b50c6@group-F01152B53F91-FollowerState: change to CANDIDATE, lastRpcTime:5ms, electionTimeout:5ms
2019-10-22 00:13:17,518 [Thread-1841] INFO  impl.RoleInfo (RoleInfo.java:shutdownFollowerState(121)) - 2fdb3e93-e0d8-400e-8c33-91e2341b50c6: shutdown FollowerState
2019-10-22 00:13:17,518 [Thread-1841] INFO  impl.RaftServerImpl (RaftServerImpl.java:setRole(184)) - 2fdb3e93-e0d8-400e-8c33-91e2341b50c6@group-F01152B53F91: changes role from  FOLLOWER to CANDIDATE at term 204 for changeToCandidate
2019-10-22 00:13:17,518 [Thread-1841] INFO  impl.RoleInfo (RoleInfo.java:updateAndGet(143)) - 2fdb3e93-e0d8-400e-8c33-91e2341b50c6: start LeaderElection
2019-10-22 00:13:17,533 [2fdb3e93-e0d8-400e-8c33-91e2341b50c6@group-F01152B53F91-LeaderElection206] INFO  impl.LeaderElection (LeaderElection.java:askForVotes(178)) - 2fdb3e93-e0d8-400e-8c33-91e2341b50c6@group-F01152B53F91-LeaderElection206: begin an election at term 205 for -1: [2fdb3e93-e0d8-400e-8c33-91e2341b50c6:192.168.157.254:43254, 062c71de-08d9-40ee-9309-15590e2e8e68:192.168.157.254:45598, 2a52019e-5647-44e1-bf30-9a43fd8a7377:192.168.157.254:36038], old=null
2019-10-22 00:13:17,533 [2fdb3e93-e0d8-400e-8c33-91e2341b50c6@group-F01152B53F91-LeaderElection206] INFO  impl.LeaderElection (LogUtils.java:infoOrTrace(149)) - 2fdb3e93-e0d8-400e-8c33-91e2341b50c6@group-F01152B53F91-LeaderElection206 got exception when requesting votes: {}
java.util.concurrent.ExecutionException: org.apache.ratis.thirdparty.io.grpc.StatusRuntimeException: UNAVAILABLE: io exception
	at java.util.concurrent.FutureTask.report(FutureTask.java:122)
	at java.util.concurrent.FutureTask.get(FutureTask.java:192)
	at org.apache.ratis.server.impl.LeaderElection.waitForResults(LeaderElection.java:259)
	at org.apache.ratis.server.impl.LeaderElection.askForVotes(LeaderElection.java:197)
	at org.apache.ratis.server.impl.LeaderElection.run(LeaderElection.java:133)
	at java.lang.Thread.run(Thread.java:748)
Caused by: org.apache.ratis.thirdparty.io.grpc.StatusRuntimeException: UNAVAILABLE: io exception
	at org.apache.ratis.thirdparty.io.grpc.stub.ClientCalls.toStatusRuntimeException(ClientCalls.java:233)
	at org.apache.ratis.thirdparty.io.grpc.stub.ClientCalls.getUnchecked(ClientCalls.java:214)
	at org.apache.ratis.thirdparty.io.grpc.stub.ClientCalls.blockingUnaryCall(ClientCalls.java:139)
	at org.apache.ratis.proto.grpc.RaftServerProtocolServiceGrpc$RaftServerProtocolServiceBlockingStub.requestVote(RaftServerProtocolServiceGrpc.java:265)
	at org.apache.ratis.grpc.server.GrpcServerProtocolClient.requestVote(GrpcServerProtocolClient.java:99)
	at org.apache.ratis.grpc.server.GrpcService.requestVote(GrpcService.java:204)
	at org.apache.ratis.server.impl.LeaderElection.lambda$submitRequests$1(LeaderElection.java:234)
	at java.util.concurrent.FutureTask.run(FutureTask.java:266)
	at java.util.concurrent.Executors$RunnableAdapter.call(Executors.java:511)
	at java.util.concurrent.FutureTask.run(FutureTask.java:266)
	at java.util.concurrent.ThreadPoolExecutor.runWorker(ThreadPoolExecutor.java:1149)
	at java.util.concurrent.ThreadPoolExecutor$Worker.run(ThreadPoolExecutor.java:624)
	... 1 more
Caused by: org.apache.ratis.thirdparty.io.netty.channel.AbstractChannel$AnnotatedConnectException: Connection refused: /192.168.157.254:36038
	at sun.nio.ch.SocketChannelImpl.checkConnect(Native Method)
	at sun.nio.ch.SocketChannelImpl.finishConnect(SocketChannelImpl.java:717)
	at org.apache.ratis.thirdparty.io.netty.channel.socket.nio.NioSocketChannel.doFinishConnect(NioSocketChannel.java:327)
	at org.apache.ratis.thirdparty.io.netty.channel.nio.AbstractNioChannel$AbstractNioUnsafe.finishConnect(AbstractNioChannel.java:340)
	at org.apache.ratis.thirdparty.io.netty.channel.nio.NioEventLoop.processSelectedKey(NioEventLoop.java:632)
	at org.apache.ratis.thirdparty.io.netty.channel.nio.NioEventLoop.processSelectedKeysOptimized(NioEventLoop.java:579)
	at org.apache.ratis.thirdparty.io.netty.channel.nio.NioEventLoop.processSelectedKeys(NioEventLoop.java:496)
	at org.apache.ratis.thirdparty.io.netty.channel.nio.NioEventLoop.run(NioEventLoop.java:458)
	at org.apache.ratis.thirdparty.io.netty.util.concurrent.SingleThreadEventExecutor$5.run(SingleThreadEventExecutor.java:897)
	at org.apache.ratis.thirdparty.io.netty.util.concurrent.FastThreadLocalRunnable.run(FastThreadLocalRunnable.java:30)
	... 1 more
Caused by: java.net.ConnectException: Connection refused
	... 11 more
2019-10-22 00:13:17,535 [grpc-default-executor-6] INFO  impl.RaftServerImpl (RaftServerImpl.java:setRole(184)) - 062c71de-08d9-40ee-9309-15590e2e8e68@group-F01152B53F91: changes role from  FOLLOWER to FOLLOWER at term 205 for recognizeCandidate:2fdb3e93-e0d8-400e-8c33-91e2341b50c6
2019-10-22 00:13:17,535 [grpc-default-executor-6] INFO  impl.RoleInfo (RoleInfo.java:shutdownFollowerState(121)) - 062c71de-08d9-40ee-9309-15590e2e8e68: shutdown FollowerState
2019-10-22 00:13:17,535 [grpc-default-executor-6] INFO  impl.RoleInfo (RoleInfo.java:updateAndGet(143)) - 062c71de-08d9-40ee-9309-15590e2e8e68: start FollowerState
2019-10-22 00:13:17,536 [Thread-1840] INFO  impl.FollowerState (FollowerState.java:run(117)) - 062c71de-08d9-40ee-9309-15590e2e8e68@group-F01152B53F91-FollowerState was interrupted: java.lang.InterruptedException: sleep interrupted
2019-10-22 00:13:17,549 [2fdb3e93-e0d8-400e-8c33-91e2341b50c6@group-F01152B53F91-LeaderElection206] INFO  impl.LeaderElection (LeaderElection.java:logAndReturn(56)) - 2fdb3e93-e0d8-400e-8c33-91e2341b50c6@group-F01152B53F91-LeaderElection206: Election REJECTED; received 1 response(s) [2fdb3e93-e0d8-400e-8c33-91e2341b50c6<-062c71de-08d9-40ee-9309-15590e2e8e68#0:FAIL-t205] and 1 exception(s); 2fdb3e93-e0d8-400e-8c33-91e2341b50c6@group-F01152B53F91:t205, leader=null, voted=2fdb3e93-e0d8-400e-8c33-91e2341b50c6, raftlog=2fdb3e93-e0d8-400e-8c33-91e2341b50c6@group-F01152B53F91-SegmentedRaftLog:OPENED:c-1,f-1,i0, conf=-1: [2fdb3e93-e0d8-400e-8c33-91e2341b50c6:192.168.157.254:43254, 062c71de-08d9-40ee-9309-15590e2e8e68:192.168.157.254:45598, 2a52019e-5647-44e1-bf30-9a43fd8a7377:192.168.157.254:36038], old=null
2019-10-22 00:13:17,549 [2fdb3e93-e0d8-400e-8c33-91e2341b50c6@group-F01152B53F91-LeaderElection206] INFO  impl.LeaderElection (LogUtils.java:infoOrTrace(149)) -   Exception 0: {}
java.util.concurrent.ExecutionException: org.apache.ratis.thirdparty.io.grpc.StatusRuntimeException: UNAVAILABLE: io exception
	at java.util.concurrent.FutureTask.report(FutureTask.java:122)
	at java.util.concurrent.FutureTask.get(FutureTask.java:192)
	at org.apache.ratis.server.impl.LeaderElection.waitForResults(LeaderElection.java:259)
	at org.apache.ratis.server.impl.LeaderElection.askForVotes(LeaderElection.java:197)
	at org.apache.ratis.server.impl.LeaderElection.run(LeaderElection.java:133)
	at java.lang.Thread.run(Thread.java:748)
Caused by: org.apache.ratis.thirdparty.io.grpc.StatusRuntimeException: UNAVAILABLE: io exception
	at org.apache.ratis.thirdparty.io.grpc.stub.ClientCalls.toStatusRuntimeException(ClientCalls.java:233)
	at org.apache.ratis.thirdparty.io.grpc.stub.ClientCalls.getUnchecked(ClientCalls.java:214)
	at org.apache.ratis.thirdparty.io.grpc.stub.ClientCalls.blockingUnaryCall(ClientCalls.java:139)
	at org.apache.ratis.proto.grpc.RaftServerProtocolServiceGrpc$RaftServerProtocolServiceBlockingStub.requestVote(RaftServerProtocolServiceGrpc.java:265)
	at org.apache.ratis.grpc.server.GrpcServerProtocolClient.requestVote(GrpcServerProtocolClient.java:99)
	at org.apache.ratis.grpc.server.GrpcService.requestVote(GrpcService.java:204)
	at org.apache.ratis.server.impl.LeaderElection.lambda$submitRequests$1(LeaderElection.java:234)
	at java.util.concurrent.FutureTask.run(FutureTask.java:266)
	at java.util.concurrent.Executors$RunnableAdapter.call(Executors.java:511)
	at java.util.concurrent.FutureTask.run(FutureTask.java:266)
	at java.util.concurrent.ThreadPoolExecutor.runWorker(ThreadPoolExecutor.java:1149)
	at java.util.concurrent.ThreadPoolExecutor$Worker.run(ThreadPoolExecutor.java:624)
	... 1 more
Caused by: org.apache.ratis.thirdparty.io.netty.channel.AbstractChannel$AnnotatedConnectException: Connection refused: /192.168.157.254:36038
	at sun.nio.ch.SocketChannelImpl.checkConnect(Native Method)
	at sun.nio.ch.SocketChannelImpl.finishConnect(SocketChannelImpl.java:717)
	at org.apache.ratis.thirdparty.io.netty.channel.socket.nio.NioSocketChannel.doFinishConnect(NioSocketChannel.java:327)
	at org.apache.ratis.thirdparty.io.netty.channel.nio.AbstractNioChannel$AbstractNioUnsafe.finishConnect(AbstractNioChannel.java:340)
	at org.apache.ratis.thirdparty.io.netty.channel.nio.NioEventLoop.processSelectedKey(NioEventLoop.java:632)
	at org.apache.ratis.thirdparty.io.netty.channel.nio.NioEventLoop.processSelectedKeysOptimized(NioEventLoop.java:579)
	at org.apache.ratis.thirdparty.io.netty.channel.nio.NioEventLoop.processSelectedKeys(NioEventLoop.java:496)
	at org.apache.ratis.thirdparty.io.netty.channel.nio.NioEventLoop.run(NioEventLoop.java:458)
	at org.apache.ratis.thirdparty.io.netty.util.concurrent.SingleThreadEventExecutor$5.run(SingleThreadEventExecutor.java:897)
	at org.apache.ratis.thirdparty.io.netty.util.concurrent.FastThreadLocalRunnable.run(FastThreadLocalRunnable.java:30)
	... 1 more
Caused by: java.net.ConnectException: Connection refused
	... 11 more
2019-10-22 00:13:17,550 [2fdb3e93-e0d8-400e-8c33-91e2341b50c6@group-F01152B53F91-LeaderElection206] INFO  impl.RaftServerImpl (RaftServerImpl.java:setRole(184)) - 2fdb3e93-e0d8-400e-8c33-91e2341b50c6@group-F01152B53F91: changes role from CANDIDATE to FOLLOWER at term 205 for DISCOVERED_A_NEW_TERM
2019-10-22 00:13:17,550 [2fdb3e93-e0d8-400e-8c33-91e2341b50c6@group-F01152B53F91-LeaderElection206] INFO  impl.RoleInfo (RoleInfo.java:shutdownLeaderElection(134)) - 2fdb3e93-e0d8-400e-8c33-91e2341b50c6: shutdown LeaderElection
2019-10-22 00:13:17,550 [2fdb3e93-e0d8-400e-8c33-91e2341b50c6@group-F01152B53F91-LeaderElection206] INFO  impl.RoleInfo (RoleInfo.java:updateAndGet(143)) - 2fdb3e93-e0d8-400e-8c33-91e2341b50c6: start FollowerState
2019-10-22 00:13:17,618 [Thread-1846] INFO  impl.FollowerState (FollowerState.java:run(108)) - 2fdb3e93-e0d8-400e-8c33-91e2341b50c6@group-F01152B53F91-FollowerState: change to CANDIDATE, lastRpcTime:68ms, electionTimeout:68ms
2019-10-22 00:13:17,619 [Thread-1846] INFO  impl.RoleInfo (RoleInfo.java:shutdownFollowerState(121)) - 2fdb3e93-e0d8-400e-8c33-91e2341b50c6: shutdown FollowerState
2019-10-22 00:13:17,619 [Thread-1846] INFO  impl.RaftServerImpl (RaftServerImpl.java:setRole(184)) - 2fdb3e93-e0d8-400e-8c33-91e2341b50c6@group-F01152B53F91: changes role from  FOLLOWER to CANDIDATE at term 205 for changeToCandidate
2019-10-22 00:13:17,619 [Thread-1846] INFO  impl.RoleInfo (RoleInfo.java:updateAndGet(143)) - 2fdb3e93-e0d8-400e-8c33-91e2341b50c6: start LeaderElection
2019-10-22 00:13:17,633 [2fdb3e93-e0d8-400e-8c33-91e2341b50c6@group-F01152B53F91-LeaderElection207] INFO  impl.LeaderElection (LeaderElection.java:askForVotes(178)) - 2fdb3e93-e0d8-400e-8c33-91e2341b50c6@group-F01152B53F91-LeaderElection207: begin an election at term 206 for -1: [2fdb3e93-e0d8-400e-8c33-91e2341b50c6:192.168.157.254:43254, 062c71de-08d9-40ee-9309-15590e2e8e68:192.168.157.254:45598, 2a52019e-5647-44e1-bf30-9a43fd8a7377:192.168.157.254:36038], old=null
2019-10-22 00:13:17,633 [2fdb3e93-e0d8-400e-8c33-91e2341b50c6@group-F01152B53F91-LeaderElection207] INFO  impl.LeaderElection (LogUtils.java:infoOrTrace(149)) - 2fdb3e93-e0d8-400e-8c33-91e2341b50c6@group-F01152B53F91-LeaderElection207 got exception when requesting votes: {}
java.util.concurrent.ExecutionException: org.apache.ratis.thirdparty.io.grpc.StatusRuntimeException: UNAVAILABLE: io exception
	at java.util.concurrent.FutureTask.report(FutureTask.java:122)
	at java.util.concurrent.FutureTask.get(FutureTask.java:192)
	at org.apache.ratis.server.impl.LeaderElection.waitForResults(LeaderElection.java:259)
	at org.apache.ratis.server.impl.LeaderElection.askForVotes(LeaderElection.java:197)
	at org.apache.ratis.server.impl.LeaderElection.run(LeaderElection.java:133)
	at java.lang.Thread.run(Thread.java:748)
Caused by: org.apache.ratis.thirdparty.io.grpc.StatusRuntimeException: UNAVAILABLE: io exception
	at org.apache.ratis.thirdparty.io.grpc.stub.ClientCalls.toStatusRuntimeException(ClientCalls.java:233)
	at org.apache.ratis.thirdparty.io.grpc.stub.ClientCalls.getUnchecked(ClientCalls.java:214)
	at org.apache.ratis.thirdparty.io.grpc.stub.ClientCalls.blockingUnaryCall(ClientCalls.java:139)
	at org.apache.ratis.proto.grpc.RaftServerProtocolServiceGrpc$RaftServerProtocolServiceBlockingStub.requestVote(RaftServerProtocolServiceGrpc.java:265)
	at org.apache.ratis.grpc.server.GrpcServerProtocolClient.requestVote(GrpcServerProtocolClient.java:99)
	at org.apache.ratis.grpc.server.GrpcService.requestVote(GrpcService.java:204)
	at org.apache.ratis.server.impl.LeaderElection.lambda$submitRequests$1(LeaderElection.java:234)
	at java.util.concurrent.FutureTask.run(FutureTask.java:266)
	at java.util.concurrent.Executors$RunnableAdapter.call(Executors.java:511)
	at java.util.concurrent.FutureTask.run(FutureTask.java:266)
	at java.util.concurrent.ThreadPoolExecutor.runWorker(ThreadPoolExecutor.java:1149)
	at java.util.concurrent.ThreadPoolExecutor$Worker.run(ThreadPoolExecutor.java:624)
	... 1 more
Caused by: org.apache.ratis.thirdparty.io.netty.channel.AbstractChannel$AnnotatedConnectException: Connection refused: /192.168.157.254:36038
	at sun.nio.ch.SocketChannelImpl.checkConnect(Native Method)
	at sun.nio.ch.SocketChannelImpl.finishConnect(SocketChannelImpl.java:717)
	at org.apache.ratis.thirdparty.io.netty.channel.socket.nio.NioSocketChannel.doFinishConnect(NioSocketChannel.java:327)
	at org.apache.ratis.thirdparty.io.netty.channel.nio.AbstractNioChannel$AbstractNioUnsafe.finishConnect(AbstractNioChannel.java:340)
	at org.apache.ratis.thirdparty.io.netty.channel.nio.NioEventLoop.processSelectedKey(NioEventLoop.java:632)
	at org.apache.ratis.thirdparty.io.netty.channel.nio.NioEventLoop.processSelectedKeysOptimized(NioEventLoop.java:579)
	at org.apache.ratis.thirdparty.io.netty.channel.nio.NioEventLoop.processSelectedKeys(NioEventLoop.java:496)
	at org.apache.ratis.thirdparty.io.netty.channel.nio.NioEventLoop.run(NioEventLoop.java:458)
	at org.apache.ratis.thirdparty.io.netty.util.concurrent.SingleThreadEventExecutor$5.run(SingleThreadEventExecutor.java:897)
	at org.apache.ratis.thirdparty.io.netty.util.concurrent.FastThreadLocalRunnable.run(FastThreadLocalRunnable.java:30)
	... 1 more
Caused by: java.net.ConnectException: Connection refused
	... 11 more
2019-10-22 00:13:17,636 [grpc-default-executor-6] INFO  impl.RaftServerImpl (RaftServerImpl.java:setRole(184)) - 062c71de-08d9-40ee-9309-15590e2e8e68@group-F01152B53F91: changes role from  FOLLOWER to FOLLOWER at term 206 for recognizeCandidate:2fdb3e93-e0d8-400e-8c33-91e2341b50c6
2019-10-22 00:13:17,636 [grpc-default-executor-6] INFO  impl.RoleInfo (RoleInfo.java:shutdownFollowerState(121)) - 062c71de-08d9-40ee-9309-15590e2e8e68: shutdown FollowerState
2019-10-22 00:13:17,636 [grpc-default-executor-6] INFO  impl.RoleInfo (RoleInfo.java:updateAndGet(143)) - 062c71de-08d9-40ee-9309-15590e2e8e68: start FollowerState
2019-10-22 00:13:17,636 [Thread-1845] INFO  impl.FollowerState (FollowerState.java:run(117)) - 062c71de-08d9-40ee-9309-15590e2e8e68@group-F01152B53F91-FollowerState was interrupted: java.lang.InterruptedException: sleep interrupted
2019-10-22 00:13:17,650 [2fdb3e93-e0d8-400e-8c33-91e2341b50c6@group-F01152B53F91-LeaderElection207] INFO  impl.LeaderElection (LeaderElection.java:logAndReturn(56)) - 2fdb3e93-e0d8-400e-8c33-91e2341b50c6@group-F01152B53F91-LeaderElection207: Election REJECTED; received 1 response(s) [2fdb3e93-e0d8-400e-8c33-91e2341b50c6<-062c71de-08d9-40ee-9309-15590e2e8e68#0:FAIL-t206] and 1 exception(s); 2fdb3e93-e0d8-400e-8c33-91e2341b50c6@group-F01152B53F91:t206, leader=null, voted=2fdb3e93-e0d8-400e-8c33-91e2341b50c6, raftlog=2fdb3e93-e0d8-400e-8c33-91e2341b50c6@group-F01152B53F91-SegmentedRaftLog:OPENED:c-1,f-1,i0, conf=-1: [2fdb3e93-e0d8-400e-8c33-91e2341b50c6:192.168.157.254:43254, 062c71de-08d9-40ee-9309-15590e2e8e68:192.168.157.254:45598, 2a52019e-5647-44e1-bf30-9a43fd8a7377:192.168.157.254:36038], old=null
2019-10-22 00:13:17,650 [2fdb3e93-e0d8-400e-8c33-91e2341b50c6@group-F01152B53F91-LeaderElection207] INFO  impl.LeaderElection (LogUtils.java:infoOrTrace(149)) -   Exception 0: {}
java.util.concurrent.ExecutionException: org.apache.ratis.thirdparty.io.grpc.StatusRuntimeException: UNAVAILABLE: io exception
	at java.util.concurrent.FutureTask.report(FutureTask.java:122)
	at java.util.concurrent.FutureTask.get(FutureTask.java:192)
	at org.apache.ratis.server.impl.LeaderElection.waitForResults(LeaderElection.java:259)
	at org.apache.ratis.server.impl.LeaderElection.askForVotes(LeaderElection.java:197)
	at org.apache.ratis.server.impl.LeaderElection.run(LeaderElection.java:133)
	at java.lang.Thread.run(Thread.java:748)
Caused by: org.apache.ratis.thirdparty.io.grpc.StatusRuntimeException: UNAVAILABLE: io exception
	at org.apache.ratis.thirdparty.io.grpc.stub.ClientCalls.toStatusRuntimeException(ClientCalls.java:233)
	at org.apache.ratis.thirdparty.io.grpc.stub.ClientCalls.getUnchecked(ClientCalls.java:214)
	at org.apache.ratis.thirdparty.io.grpc.stub.ClientCalls.blockingUnaryCall(ClientCalls.java:139)
	at org.apache.ratis.proto.grpc.RaftServerProtocolServiceGrpc$RaftServerProtocolServiceBlockingStub.requestVote(RaftServerProtocolServiceGrpc.java:265)
	at org.apache.ratis.grpc.server.GrpcServerProtocolClient.requestVote(GrpcServerProtocolClient.java:99)
	at org.apache.ratis.grpc.server.GrpcService.requestVote(GrpcService.java:204)
	at org.apache.ratis.server.impl.LeaderElection.lambda$submitRequests$1(LeaderElection.java:234)
	at java.util.concurrent.FutureTask.run(FutureTask.java:266)
	at java.util.concurrent.Executors$RunnableAdapter.call(Executors.java:511)
	at java.util.concurrent.FutureTask.run(FutureTask.java:266)
	at java.util.concurrent.ThreadPoolExecutor.runWorker(ThreadPoolExecutor.java:1149)
	at java.util.concurrent.ThreadPoolExecutor$Worker.run(ThreadPoolExecutor.java:624)
	... 1 more
Caused by: org.apache.ratis.thirdparty.io.netty.channel.AbstractChannel$AnnotatedConnectException: Connection refused: /192.168.157.254:36038
	at sun.nio.ch.SocketChannelImpl.checkConnect(Native Method)
	at sun.nio.ch.SocketChannelImpl.finishConnect(SocketChannelImpl.java:717)
	at org.apache.ratis.thirdparty.io.netty.channel.socket.nio.NioSocketChannel.doFinishConnect(NioSocketChannel.java:327)
	at org.apache.ratis.thirdparty.io.netty.channel.nio.AbstractNioChannel$AbstractNioUnsafe.finishConnect(AbstractNioChannel.java:340)
	at org.apache.ratis.thirdparty.io.netty.channel.nio.NioEventLoop.processSelectedKey(NioEventLoop.java:632)
	at org.apache.ratis.thirdparty.io.netty.channel.nio.NioEventLoop.processSelectedKeysOptimized(NioEventLoop.java:579)
	at org.apache.ratis.thirdparty.io.netty.channel.nio.NioEventLoop.processSelectedKeys(NioEventLoop.java:496)
	at org.apache.ratis.thirdparty.io.netty.channel.nio.NioEventLoop.run(NioEventLoop.java:458)
	at org.apache.ratis.thirdparty.io.netty.util.concurrent.SingleThreadEventExecutor$5.run(SingleThreadEventExecutor.java:897)
	at org.apache.ratis.thirdparty.io.netty.util.concurrent.FastThreadLocalRunnable.run(FastThreadLocalRunnable.java:30)
	... 1 more
Caused by: java.net.ConnectException: Connection refused
	... 11 more
2019-10-22 00:13:17,651 [2fdb3e93-e0d8-400e-8c33-91e2341b50c6@group-F01152B53F91-LeaderElection207] INFO  impl.RaftServerImpl (RaftServerImpl.java:setRole(184)) - 2fdb3e93-e0d8-400e-8c33-91e2341b50c6@group-F01152B53F91: changes role from CANDIDATE to FOLLOWER at term 206 for DISCOVERED_A_NEW_TERM
2019-10-22 00:13:17,651 [2fdb3e93-e0d8-400e-8c33-91e2341b50c6@group-F01152B53F91-LeaderElection207] INFO  impl.RoleInfo (RoleInfo.java:shutdownLeaderElection(134)) - 2fdb3e93-e0d8-400e-8c33-91e2341b50c6: shutdown LeaderElection
2019-10-22 00:13:17,651 [2fdb3e93-e0d8-400e-8c33-91e2341b50c6@group-F01152B53F91-LeaderElection207] INFO  impl.RoleInfo (RoleInfo.java:updateAndGet(143)) - 2fdb3e93-e0d8-400e-8c33-91e2341b50c6: start FollowerState
2019-10-22 00:13:17,797 [java.util.concurrent.ThreadPoolExecutor$Worker@c41ae0f[State = -1, empty queue]] WARN  server.GrpcLogAppender (GrpcLogAppender.java:timeoutAppendRequest(209)) - fad63ceb-ed14-4322-905d-6ef3599ac734@group-0045C62F497D->5732e052-e19f-40fe-a104-972211db20fb-GrpcLogAppender: appendEntries Timeout, request=fad63ceb-ed14-4322-905d-6ef3599ac734->5732e052-e19f-40fe-a104-972211db20fb#46-t1, previous=(t:1, i:0), leaderCommit=0, initializing? false, entries: <empty>
2019-10-22 00:13:17,821 [Thread-1851] INFO  impl.FollowerState (FollowerState.java:run(108)) - 2fdb3e93-e0d8-400e-8c33-91e2341b50c6@group-F01152B53F91-FollowerState: change to CANDIDATE, lastRpcTime:170ms, electionTimeout:170ms
2019-10-22 00:13:17,821 [Thread-1851] INFO  impl.RoleInfo (RoleInfo.java:shutdownFollowerState(121)) - 2fdb3e93-e0d8-400e-8c33-91e2341b50c6: shutdown FollowerState
2019-10-22 00:13:17,822 [Thread-1851] INFO  impl.RaftServerImpl (RaftServerImpl.java:setRole(184)) - 2fdb3e93-e0d8-400e-8c33-91e2341b50c6@group-F01152B53F91: changes role from  FOLLOWER to CANDIDATE at term 206 for changeToCandidate
2019-10-22 00:13:17,822 [Thread-1851] INFO  impl.RoleInfo (RoleInfo.java:updateAndGet(143)) - 2fdb3e93-e0d8-400e-8c33-91e2341b50c6: start LeaderElection
2019-10-22 00:13:17,835 [2fdb3e93-e0d8-400e-8c33-91e2341b50c6@group-F01152B53F91-LeaderElection208] INFO  impl.LeaderElection (LeaderElection.java:askForVotes(178)) - 2fdb3e93-e0d8-400e-8c33-91e2341b50c6@group-F01152B53F91-LeaderElection208: begin an election at term 207 for -1: [2fdb3e93-e0d8-400e-8c33-91e2341b50c6:192.168.157.254:43254, 062c71de-08d9-40ee-9309-15590e2e8e68:192.168.157.254:45598, 2a52019e-5647-44e1-bf30-9a43fd8a7377:192.168.157.254:36038], old=null
2019-10-22 00:13:17,836 [2fdb3e93-e0d8-400e-8c33-91e2341b50c6@group-F01152B53F91-LeaderElection208] INFO  impl.LeaderElection (LogUtils.java:infoOrTrace(149)) - 2fdb3e93-e0d8-400e-8c33-91e2341b50c6@group-F01152B53F91-LeaderElection208 got exception when requesting votes: {}
java.util.concurrent.ExecutionException: org.apache.ratis.thirdparty.io.grpc.StatusRuntimeException: UNAVAILABLE: io exception
	at java.util.concurrent.FutureTask.report(FutureTask.java:122)
	at java.util.concurrent.FutureTask.get(FutureTask.java:192)
	at org.apache.ratis.server.impl.LeaderElection.waitForResults(LeaderElection.java:259)
	at org.apache.ratis.server.impl.LeaderElection.askForVotes(LeaderElection.java:197)
	at org.apache.ratis.server.impl.LeaderElection.run(LeaderElection.java:133)
	at java.lang.Thread.run(Thread.java:748)
Caused by: org.apache.ratis.thirdparty.io.grpc.StatusRuntimeException: UNAVAILABLE: io exception
	at org.apache.ratis.thirdparty.io.grpc.stub.ClientCalls.toStatusRuntimeException(ClientCalls.java:233)
	at org.apache.ratis.thirdparty.io.grpc.stub.ClientCalls.getUnchecked(ClientCalls.java:214)
	at org.apache.ratis.thirdparty.io.grpc.stub.ClientCalls.blockingUnaryCall(ClientCalls.java:139)
	at org.apache.ratis.proto.grpc.RaftServerProtocolServiceGrpc$RaftServerProtocolServiceBlockingStub.requestVote(RaftServerProtocolServiceGrpc.java:265)
	at org.apache.ratis.grpc.server.GrpcServerProtocolClient.requestVote(GrpcServerProtocolClient.java:99)
	at org.apache.ratis.grpc.server.GrpcService.requestVote(GrpcService.java:204)
	at org.apache.ratis.server.impl.LeaderElection.lambda$submitRequests$1(LeaderElection.java:234)
	at java.util.concurrent.FutureTask.run(FutureTask.java:266)
	at java.util.concurrent.Executors$RunnableAdapter.call(Executors.java:511)
	at java.util.concurrent.FutureTask.run(FutureTask.java:266)
	at java.util.concurrent.ThreadPoolExecutor.runWorker(ThreadPoolExecutor.java:1149)
	at java.util.concurrent.ThreadPoolExecutor$Worker.run(ThreadPoolExecutor.java:624)
	... 1 more
Caused by: org.apache.ratis.thirdparty.io.netty.channel.AbstractChannel$AnnotatedConnectException: Connection refused: /192.168.157.254:36038
	at sun.nio.ch.SocketChannelImpl.checkConnect(Native Method)
	at sun.nio.ch.SocketChannelImpl.finishConnect(SocketChannelImpl.java:717)
	at org.apache.ratis.thirdparty.io.netty.channel.socket.nio.NioSocketChannel.doFinishConnect(NioSocketChannel.java:327)
	at org.apache.ratis.thirdparty.io.netty.channel.nio.AbstractNioChannel$AbstractNioUnsafe.finishConnect(AbstractNioChannel.java:340)
	at org.apache.ratis.thirdparty.io.netty.channel.nio.NioEventLoop.processSelectedKey(NioEventLoop.java:632)
	at org.apache.ratis.thirdparty.io.netty.channel.nio.NioEventLoop.processSelectedKeysOptimized(NioEventLoop.java:579)
	at org.apache.ratis.thirdparty.io.netty.channel.nio.NioEventLoop.processSelectedKeys(NioEventLoop.java:496)
	at org.apache.ratis.thirdparty.io.netty.channel.nio.NioEventLoop.run(NioEventLoop.java:458)
	at org.apache.ratis.thirdparty.io.netty.util.concurrent.SingleThreadEventExecutor$5.run(SingleThreadEventExecutor.java:897)
	at org.apache.ratis.thirdparty.io.netty.util.concurrent.FastThreadLocalRunnable.run(FastThreadLocalRunnable.java:30)
	... 1 more
Caused by: java.net.ConnectException: Connection refused
	... 11 more
2019-10-22 00:13:17,839 [grpc-default-executor-6] INFO  impl.RaftServerImpl (RaftServerImpl.java:setRole(184)) - 062c71de-08d9-40ee-9309-15590e2e8e68@group-F01152B53F91: changes role from  FOLLOWER to FOLLOWER at term 207 for recognizeCandidate:2fdb3e93-e0d8-400e-8c33-91e2341b50c6
2019-10-22 00:13:17,839 [grpc-default-executor-6] INFO  impl.RoleInfo (RoleInfo.java:shutdownFollowerState(121)) - 062c71de-08d9-40ee-9309-15590e2e8e68: shutdown FollowerState
2019-10-22 00:13:17,839 [grpc-default-executor-6] INFO  impl.RoleInfo (RoleInfo.java:updateAndGet(143)) - 062c71de-08d9-40ee-9309-15590e2e8e68: start FollowerState
2019-10-22 00:13:17,839 [Thread-1850] INFO  impl.FollowerState (FollowerState.java:run(117)) - 062c71de-08d9-40ee-9309-15590e2e8e68@group-F01152B53F91-FollowerState was interrupted: java.lang.InterruptedException: sleep interrupted
2019-10-22 00:13:17,853 [2fdb3e93-e0d8-400e-8c33-91e2341b50c6@group-F01152B53F91-LeaderElection208] INFO  impl.LeaderElection (LeaderElection.java:logAndReturn(56)) - 2fdb3e93-e0d8-400e-8c33-91e2341b50c6@group-F01152B53F91-LeaderElection208: Election REJECTED; received 1 response(s) [2fdb3e93-e0d8-400e-8c33-91e2341b50c6<-062c71de-08d9-40ee-9309-15590e2e8e68#0:FAIL-t207] and 1 exception(s); 2fdb3e93-e0d8-400e-8c33-91e2341b50c6@group-F01152B53F91:t207, leader=null, voted=2fdb3e93-e0d8-400e-8c33-91e2341b50c6, raftlog=2fdb3e93-e0d8-400e-8c33-91e2341b50c6@group-F01152B53F91-SegmentedRaftLog:OPENED:c-1,f-1,i0, conf=-1: [2fdb3e93-e0d8-400e-8c33-91e2341b50c6:192.168.157.254:43254, 062c71de-08d9-40ee-9309-15590e2e8e68:192.168.157.254:45598, 2a52019e-5647-44e1-bf30-9a43fd8a7377:192.168.157.254:36038], old=null
2019-10-22 00:13:17,853 [2fdb3e93-e0d8-400e-8c33-91e2341b50c6@group-F01152B53F91-LeaderElection208] INFO  impl.LeaderElection (LogUtils.java:infoOrTrace(149)) -   Exception 0: {}
java.util.concurrent.ExecutionException: org.apache.ratis.thirdparty.io.grpc.StatusRuntimeException: UNAVAILABLE: io exception
	at java.util.concurrent.FutureTask.report(FutureTask.java:122)
	at java.util.concurrent.FutureTask.get(FutureTask.java:192)
	at org.apache.ratis.server.impl.LeaderElection.waitForResults(LeaderElection.java:259)
	at org.apache.ratis.server.impl.LeaderElection.askForVotes(LeaderElection.java:197)
	at org.apache.ratis.server.impl.LeaderElection.run(LeaderElection.java:133)
	at java.lang.Thread.run(Thread.java:748)
Caused by: org.apache.ratis.thirdparty.io.grpc.StatusRuntimeException: UNAVAILABLE: io exception
	at org.apache.ratis.thirdparty.io.grpc.stub.ClientCalls.toStatusRuntimeException(ClientCalls.java:233)
	at org.apache.ratis.thirdparty.io.grpc.stub.ClientCalls.getUnchecked(ClientCalls.java:214)
	at org.apache.ratis.thirdparty.io.grpc.stub.ClientCalls.blockingUnaryCall(ClientCalls.java:139)
	at org.apache.ratis.proto.grpc.RaftServerProtocolServiceGrpc$RaftServerProtocolServiceBlockingStub.requestVote(RaftServerProtocolServiceGrpc.java:265)
	at org.apache.ratis.grpc.server.GrpcServerProtocolClient.requestVote(GrpcServerProtocolClient.java:99)
	at org.apache.ratis.grpc.server.GrpcService.requestVote(GrpcService.java:204)
	at org.apache.ratis.server.impl.LeaderElection.lambda$submitRequests$1(LeaderElection.java:234)
	at java.util.concurrent.FutureTask.run(FutureTask.java:266)
	at java.util.concurrent.Executors$RunnableAdapter.call(Executors.java:511)
	at java.util.concurrent.FutureTask.run(FutureTask.java:266)
	at java.util.concurrent.ThreadPoolExecutor.runWorker(ThreadPoolExecutor.java:1149)
	at java.util.concurrent.ThreadPoolExecutor$Worker.run(ThreadPoolExecutor.java:624)
	... 1 more
Caused by: org.apache.ratis.thirdparty.io.netty.channel.AbstractChannel$AnnotatedConnectException: Connection refused: /192.168.157.254:36038
	at sun.nio.ch.SocketChannelImpl.checkConnect(Native Method)
	at sun.nio.ch.SocketChannelImpl.finishConnect(SocketChannelImpl.java:717)
	at org.apache.ratis.thirdparty.io.netty.channel.socket.nio.NioSocketChannel.doFinishConnect(NioSocketChannel.java:327)
	at org.apache.ratis.thirdparty.io.netty.channel.nio.AbstractNioChannel$AbstractNioUnsafe.finishConnect(AbstractNioChannel.java:340)
	at org.apache.ratis.thirdparty.io.netty.channel.nio.NioEventLoop.processSelectedKey(NioEventLoop.java:632)
	at org.apache.ratis.thirdparty.io.netty.channel.nio.NioEventLoop.processSelectedKeysOptimized(NioEventLoop.java:579)
	at org.apache.ratis.thirdparty.io.netty.channel.nio.NioEventLoop.processSelectedKeys(NioEventLoop.java:496)
	at org.apache.ratis.thirdparty.io.netty.channel.nio.NioEventLoop.run(NioEventLoop.java:458)
	at org.apache.ratis.thirdparty.io.netty.util.concurrent.SingleThreadEventExecutor$5.run(SingleThreadEventExecutor.java:897)
	at org.apache.ratis.thirdparty.io.netty.util.concurrent.FastThreadLocalRunnable.run(FastThreadLocalRunnable.java:30)
	... 1 more
Caused by: java.net.ConnectException: Connection refused
	... 11 more
2019-10-22 00:13:17,854 [2fdb3e93-e0d8-400e-8c33-91e2341b50c6@group-F01152B53F91-LeaderElection208] INFO  impl.RaftServerImpl (RaftServerImpl.java:setRole(184)) - 2fdb3e93-e0d8-400e-8c33-91e2341b50c6@group-F01152B53F91: changes role from CANDIDATE to FOLLOWER at term 207 for DISCOVERED_A_NEW_TERM
2019-10-22 00:13:17,854 [2fdb3e93-e0d8-400e-8c33-91e2341b50c6@group-F01152B53F91-LeaderElection208] INFO  impl.RoleInfo (RoleInfo.java:shutdownLeaderElection(134)) - 2fdb3e93-e0d8-400e-8c33-91e2341b50c6: shutdown LeaderElection
2019-10-22 00:13:17,854 [2fdb3e93-e0d8-400e-8c33-91e2341b50c6@group-F01152B53F91-LeaderElection208] INFO  impl.RoleInfo (RoleInfo.java:updateAndGet(143)) - 2fdb3e93-e0d8-400e-8c33-91e2341b50c6: start FollowerState
2019-10-22 00:13:17,952 [Thread-1856] INFO  impl.FollowerState (FollowerState.java:run(108)) - 2fdb3e93-e0d8-400e-8c33-91e2341b50c6@group-F01152B53F91-FollowerState: change to CANDIDATE, lastRpcTime:97ms, electionTimeout:97ms
2019-10-22 00:13:17,952 [Thread-1856] INFO  impl.RoleInfo (RoleInfo.java:shutdownFollowerState(121)) - 2fdb3e93-e0d8-400e-8c33-91e2341b50c6: shutdown FollowerState
2019-10-22 00:13:17,952 [Thread-1856] INFO  impl.RaftServerImpl (RaftServerImpl.java:setRole(184)) - 2fdb3e93-e0d8-400e-8c33-91e2341b50c6@group-F01152B53F91: changes role from  FOLLOWER to CANDIDATE at term 207 for changeToCandidate
2019-10-22 00:13:17,952 [Thread-1856] INFO  impl.RoleInfo (RoleInfo.java:updateAndGet(143)) - 2fdb3e93-e0d8-400e-8c33-91e2341b50c6: start LeaderElection
2019-10-22 00:13:17,965 [2fdb3e93-e0d8-400e-8c33-91e2341b50c6@group-F01152B53F91-LeaderElection209] INFO  impl.LeaderElection (LeaderElection.java:askForVotes(178)) - 2fdb3e93-e0d8-400e-8c33-91e2341b50c6@group-F01152B53F91-LeaderElection209: begin an election at term 208 for -1: [2fdb3e93-e0d8-400e-8c33-91e2341b50c6:192.168.157.254:43254, 062c71de-08d9-40ee-9309-15590e2e8e68:192.168.157.254:45598, 2a52019e-5647-44e1-bf30-9a43fd8a7377:192.168.157.254:36038], old=null
2019-10-22 00:13:17,966 [2fdb3e93-e0d8-400e-8c33-91e2341b50c6@group-F01152B53F91-LeaderElection209] INFO  impl.LeaderElection (LogUtils.java:infoOrTrace(149)) - 2fdb3e93-e0d8-400e-8c33-91e2341b50c6@group-F01152B53F91-LeaderElection209 got exception when requesting votes: {}
java.util.concurrent.ExecutionException: org.apache.ratis.thirdparty.io.grpc.StatusRuntimeException: UNAVAILABLE: io exception
	at java.util.concurrent.FutureTask.report(FutureTask.java:122)
	at java.util.concurrent.FutureTask.get(FutureTask.java:192)
	at org.apache.ratis.server.impl.LeaderElection.waitForResults(LeaderElection.java:259)
	at org.apache.ratis.server.impl.LeaderElection.askForVotes(LeaderElection.java:197)
	at org.apache.ratis.server.impl.LeaderElection.run(LeaderElection.java:133)
	at java.lang.Thread.run(Thread.java:748)
Caused by: org.apache.ratis.thirdparty.io.grpc.StatusRuntimeException: UNAVAILABLE: io exception
	at org.apache.ratis.thirdparty.io.grpc.stub.ClientCalls.toStatusRuntimeException(ClientCalls.java:233)
	at org.apache.ratis.thirdparty.io.grpc.stub.ClientCalls.getUnchecked(ClientCalls.java:214)
	at org.apache.ratis.thirdparty.io.grpc.stub.ClientCalls.blockingUnaryCall(ClientCalls.java:139)
	at org.apache.ratis.proto.grpc.RaftServerProtocolServiceGrpc$RaftServerProtocolServiceBlockingStub.requestVote(RaftServerProtocolServiceGrpc.java:265)
	at org.apache.ratis.grpc.server.GrpcServerProtocolClient.requestVote(GrpcServerProtocolClient.java:99)
	at org.apache.ratis.grpc.server.GrpcService.requestVote(GrpcService.java:204)
	at org.apache.ratis.server.impl.LeaderElection.lambda$submitRequests$1(LeaderElection.java:234)
	at java.util.concurrent.FutureTask.run(FutureTask.java:266)
	at java.util.concurrent.Executors$RunnableAdapter.call(Executors.java:511)
	at java.util.concurrent.FutureTask.run(FutureTask.java:266)
	at java.util.concurrent.ThreadPoolExecutor.runWorker(ThreadPoolExecutor.java:1149)
	at java.util.concurrent.ThreadPoolExecutor$Worker.run(ThreadPoolExecutor.java:624)
	... 1 more
Caused by: org.apache.ratis.thirdparty.io.netty.channel.AbstractChannel$AnnotatedConnectException: Connection refused: /192.168.157.254:36038
	at sun.nio.ch.SocketChannelImpl.checkConnect(Native Method)
	at sun.nio.ch.SocketChannelImpl.finishConnect(SocketChannelImpl.java:717)
	at org.apache.ratis.thirdparty.io.netty.channel.socket.nio.NioSocketChannel.doFinishConnect(NioSocketChannel.java:327)
	at org.apache.ratis.thirdparty.io.netty.channel.nio.AbstractNioChannel$AbstractNioUnsafe.finishConnect(AbstractNioChannel.java:340)
	at org.apache.ratis.thirdparty.io.netty.channel.nio.NioEventLoop.processSelectedKey(NioEventLoop.java:632)
	at org.apache.ratis.thirdparty.io.netty.channel.nio.NioEventLoop.processSelectedKeysOptimized(NioEventLoop.java:579)
	at org.apache.ratis.thirdparty.io.netty.channel.nio.NioEventLoop.processSelectedKeys(NioEventLoop.java:496)
	at org.apache.ratis.thirdparty.io.netty.channel.nio.NioEventLoop.run(NioEventLoop.java:458)
	at org.apache.ratis.thirdparty.io.netty.util.concurrent.SingleThreadEventExecutor$5.run(SingleThreadEventExecutor.java:897)
	at org.apache.ratis.thirdparty.io.netty.util.concurrent.FastThreadLocalRunnable.run(FastThreadLocalRunnable.java:30)
	... 1 more
Caused by: java.net.ConnectException: Connection refused
	... 11 more
2019-10-22 00:13:17,969 [grpc-default-executor-6] INFO  impl.RaftServerImpl (RaftServerImpl.java:setRole(184)) - 062c71de-08d9-40ee-9309-15590e2e8e68@group-F01152B53F91: changes role from  FOLLOWER to FOLLOWER at term 208 for recognizeCandidate:2fdb3e93-e0d8-400e-8c33-91e2341b50c6
2019-10-22 00:13:17,969 [grpc-default-executor-6] INFO  impl.RoleInfo (RoleInfo.java:shutdownFollowerState(121)) - 062c71de-08d9-40ee-9309-15590e2e8e68: shutdown FollowerState
2019-10-22 00:13:17,970 [grpc-default-executor-6] INFO  impl.RoleInfo (RoleInfo.java:updateAndGet(143)) - 062c71de-08d9-40ee-9309-15590e2e8e68: start FollowerState
2019-10-22 00:13:17,970 [Thread-1855] INFO  impl.FollowerState (FollowerState.java:run(117)) - 062c71de-08d9-40ee-9309-15590e2e8e68@group-F01152B53F91-FollowerState was interrupted: java.lang.InterruptedException: sleep interrupted
2019-10-22 00:13:17,983 [2fdb3e93-e0d8-400e-8c33-91e2341b50c6@group-F01152B53F91-LeaderElection209] INFO  impl.LeaderElection (LeaderElection.java:logAndReturn(56)) - 2fdb3e93-e0d8-400e-8c33-91e2341b50c6@group-F01152B53F91-LeaderElection209: Election REJECTED; received 1 response(s) [2fdb3e93-e0d8-400e-8c33-91e2341b50c6<-062c71de-08d9-40ee-9309-15590e2e8e68#0:FAIL-t208] and 1 exception(s); 2fdb3e93-e0d8-400e-8c33-91e2341b50c6@group-F01152B53F91:t208, leader=null, voted=2fdb3e93-e0d8-400e-8c33-91e2341b50c6, raftlog=2fdb3e93-e0d8-400e-8c33-91e2341b50c6@group-F01152B53F91-SegmentedRaftLog:OPENED:c-1,f-1,i0, conf=-1: [2fdb3e93-e0d8-400e-8c33-91e2341b50c6:192.168.157.254:43254, 062c71de-08d9-40ee-9309-15590e2e8e68:192.168.157.254:45598, 2a52019e-5647-44e1-bf30-9a43fd8a7377:192.168.157.254:36038], old=null
2019-10-22 00:13:17,983 [2fdb3e93-e0d8-400e-8c33-91e2341b50c6@group-F01152B53F91-LeaderElection209] INFO  impl.LeaderElection (LogUtils.java:infoOrTrace(149)) -   Exception 0: {}
java.util.concurrent.ExecutionException: org.apache.ratis.thirdparty.io.grpc.StatusRuntimeException: UNAVAILABLE: io exception
	at java.util.concurrent.FutureTask.report(FutureTask.java:122)
	at java.util.concurrent.FutureTask.get(FutureTask.java:192)
	at org.apache.ratis.server.impl.LeaderElection.waitForResults(LeaderElection.java:259)
	at org.apache.ratis.server.impl.LeaderElection.askForVotes(LeaderElection.java:197)
	at org.apache.ratis.server.impl.LeaderElection.run(LeaderElection.java:133)
	at java.lang.Thread.run(Thread.java:748)
Caused by: org.apache.ratis.thirdparty.io.grpc.StatusRuntimeException: UNAVAILABLE: io exception
	at org.apache.ratis.thirdparty.io.grpc.stub.ClientCalls.toStatusRuntimeException(ClientCalls.java:233)
	at org.apache.ratis.thirdparty.io.grpc.stub.ClientCalls.getUnchecked(ClientCalls.java:214)
	at org.apache.ratis.thirdparty.io.grpc.stub.ClientCalls.blockingUnaryCall(ClientCalls.java:139)
	at org.apache.ratis.proto.grpc.RaftServerProtocolServiceGrpc$RaftServerProtocolServiceBlockingStub.requestVote(RaftServerProtocolServiceGrpc.java:265)
	at org.apache.ratis.grpc.server.GrpcServerProtocolClient.requestVote(GrpcServerProtocolClient.java:99)
	at org.apache.ratis.grpc.server.GrpcService.requestVote(GrpcService.java:204)
	at org.apache.ratis.server.impl.LeaderElection.lambda$submitRequests$1(LeaderElection.java:234)
	at java.util.concurrent.FutureTask.run(FutureTask.java:266)
	at java.util.concurrent.Executors$RunnableAdapter.call(Executors.java:511)
	at java.util.concurrent.FutureTask.run(FutureTask.java:266)
	at java.util.concurrent.ThreadPoolExecutor.runWorker(ThreadPoolExecutor.java:1149)
	at java.util.concurrent.ThreadPoolExecutor$Worker.run(ThreadPoolExecutor.java:624)
	... 1 more
Caused by: org.apache.ratis.thirdparty.io.netty.channel.AbstractChannel$AnnotatedConnectException: Connection refused: /192.168.157.254:36038
	at sun.nio.ch.SocketChannelImpl.checkConnect(Native Method)
	at sun.nio.ch.SocketChannelImpl.finishConnect(SocketChannelImpl.java:717)
	at org.apache.ratis.thirdparty.io.netty.channel.socket.nio.NioSocketChannel.doFinishConnect(NioSocketChannel.java:327)
	at org.apache.ratis.thirdparty.io.netty.channel.nio.AbstractNioChannel$AbstractNioUnsafe.finishConnect(AbstractNioChannel.java:340)
	at org.apache.ratis.thirdparty.io.netty.channel.nio.NioEventLoop.processSelectedKey(NioEventLoop.java:632)
	at org.apache.ratis.thirdparty.io.netty.channel.nio.NioEventLoop.processSelectedKeysOptimized(NioEventLoop.java:579)
	at org.apache.ratis.thirdparty.io.netty.channel.nio.NioEventLoop.processSelectedKeys(NioEventLoop.java:496)
	at org.apache.ratis.thirdparty.io.netty.channel.nio.NioEventLoop.run(NioEventLoop.java:458)
	at org.apache.ratis.thirdparty.io.netty.util.concurrent.SingleThreadEventExecutor$5.run(SingleThreadEventExecutor.java:897)
	at org.apache.ratis.thirdparty.io.netty.util.concurrent.FastThreadLocalRunnable.run(FastThreadLocalRunnable.java:30)
	... 1 more
Caused by: java.net.ConnectException: Connection refused
	... 11 more
2019-10-22 00:13:17,984 [2fdb3e93-e0d8-400e-8c33-91e2341b50c6@group-F01152B53F91-LeaderElection209] INFO  impl.RaftServerImpl (RaftServerImpl.java:setRole(184)) - 2fdb3e93-e0d8-400e-8c33-91e2341b50c6@group-F01152B53F91: changes role from CANDIDATE to FOLLOWER at term 208 for DISCOVERED_A_NEW_TERM
2019-10-22 00:13:17,984 [2fdb3e93-e0d8-400e-8c33-91e2341b50c6@group-F01152B53F91-LeaderElection209] INFO  impl.RoleInfo (RoleInfo.java:shutdownLeaderElection(134)) - 2fdb3e93-e0d8-400e-8c33-91e2341b50c6: shutdown LeaderElection
2019-10-22 00:13:17,984 [2fdb3e93-e0d8-400e-8c33-91e2341b50c6@group-F01152B53F91-LeaderElection209] INFO  impl.RoleInfo (RoleInfo.java:updateAndGet(143)) - 2fdb3e93-e0d8-400e-8c33-91e2341b50c6: start FollowerState
2019-10-22 00:13:18,129 [Thread-1863] INFO  impl.FollowerState (FollowerState.java:run(108)) - 2fdb3e93-e0d8-400e-8c33-91e2341b50c6@group-F01152B53F91-FollowerState: change to CANDIDATE, lastRpcTime:145ms, electionTimeout:145ms
2019-10-22 00:13:18,129 [Thread-1863] INFO  impl.RoleInfo (RoleInfo.java:shutdownFollowerState(121)) - 2fdb3e93-e0d8-400e-8c33-91e2341b50c6: shutdown FollowerState
2019-10-22 00:13:18,130 [Thread-1863] INFO  impl.RaftServerImpl (RaftServerImpl.java:setRole(184)) - 2fdb3e93-e0d8-400e-8c33-91e2341b50c6@group-F01152B53F91: changes role from  FOLLOWER to CANDIDATE at term 208 for changeToCandidate
2019-10-22 00:13:18,130 [Thread-1863] INFO  impl.RoleInfo (RoleInfo.java:updateAndGet(143)) - 2fdb3e93-e0d8-400e-8c33-91e2341b50c6: start LeaderElection
2019-10-22 00:13:18,143 [2fdb3e93-e0d8-400e-8c33-91e2341b50c6@group-F01152B53F91-LeaderElection210] INFO  impl.LeaderElection (LeaderElection.java:askForVotes(178)) - 2fdb3e93-e0d8-400e-8c33-91e2341b50c6@group-F01152B53F91-LeaderElection210: begin an election at term 209 for -1: [2fdb3e93-e0d8-400e-8c33-91e2341b50c6:192.168.157.254:43254, 062c71de-08d9-40ee-9309-15590e2e8e68:192.168.157.254:45598, 2a52019e-5647-44e1-bf30-9a43fd8a7377:192.168.157.254:36038], old=null
2019-10-22 00:13:18,144 [2fdb3e93-e0d8-400e-8c33-91e2341b50c6@group-F01152B53F91-LeaderElection210] INFO  impl.LeaderElection (LogUtils.java:infoOrTrace(149)) - 2fdb3e93-e0d8-400e-8c33-91e2341b50c6@group-F01152B53F91-LeaderElection210 got exception when requesting votes: {}
java.util.concurrent.ExecutionException: org.apache.ratis.thirdparty.io.grpc.StatusRuntimeException: UNAVAILABLE: io exception
	at java.util.concurrent.FutureTask.report(FutureTask.java:122)
	at java.util.concurrent.FutureTask.get(FutureTask.java:192)
	at org.apache.ratis.server.impl.LeaderElection.waitForResults(LeaderElection.java:259)
	at org.apache.ratis.server.impl.LeaderElection.askForVotes(LeaderElection.java:197)
	at org.apache.ratis.server.impl.LeaderElection.run(LeaderElection.java:133)
	at java.lang.Thread.run(Thread.java:748)
Caused by: org.apache.ratis.thirdparty.io.grpc.StatusRuntimeException: UNAVAILABLE: io exception
	at org.apache.ratis.thirdparty.io.grpc.stub.ClientCalls.toStatusRuntimeException(ClientCalls.java:233)
	at org.apache.ratis.thirdparty.io.grpc.stub.ClientCalls.getUnchecked(ClientCalls.java:214)
	at org.apache.ratis.thirdparty.io.grpc.stub.ClientCalls.blockingUnaryCall(ClientCalls.java:139)
	at org.apache.ratis.proto.grpc.RaftServerProtocolServiceGrpc$RaftServerProtocolServiceBlockingStub.requestVote(RaftServerProtocolServiceGrpc.java:265)
	at org.apache.ratis.grpc.server.GrpcServerProtocolClient.requestVote(GrpcServerProtocolClient.java:99)
	at org.apache.ratis.grpc.server.GrpcService.requestVote(GrpcService.java:204)
	at org.apache.ratis.server.impl.LeaderElection.lambda$submitRequests$1(LeaderElection.java:234)
	at java.util.concurrent.FutureTask.run(FutureTask.java:266)
	at java.util.concurrent.Executors$RunnableAdapter.call(Executors.java:511)
	at java.util.concurrent.FutureTask.run(FutureTask.java:266)
	at java.util.concurrent.ThreadPoolExecutor.runWorker(ThreadPoolExecutor.java:1149)
	at java.util.concurrent.ThreadPoolExecutor$Worker.run(ThreadPoolExecutor.java:624)
	... 1 more
Caused by: org.apache.ratis.thirdparty.io.netty.channel.AbstractChannel$AnnotatedConnectException: Connection refused: /192.168.157.254:36038
	at sun.nio.ch.SocketChannelImpl.checkConnect(Native Method)
	at sun.nio.ch.SocketChannelImpl.finishConnect(SocketChannelImpl.java:717)
	at org.apache.ratis.thirdparty.io.netty.channel.socket.nio.NioSocketChannel.doFinishConnect(NioSocketChannel.java:327)
	at org.apache.ratis.thirdparty.io.netty.channel.nio.AbstractNioChannel$AbstractNioUnsafe.finishConnect(AbstractNioChannel.java:340)
	at org.apache.ratis.thirdparty.io.netty.channel.nio.NioEventLoop.processSelectedKey(NioEventLoop.java:632)
	at org.apache.ratis.thirdparty.io.netty.channel.nio.NioEventLoop.processSelectedKeysOptimized(NioEventLoop.java:579)
	at org.apache.ratis.thirdparty.io.netty.channel.nio.NioEventLoop.processSelectedKeys(NioEventLoop.java:496)
	at org.apache.ratis.thirdparty.io.netty.channel.nio.NioEventLoop.run(NioEventLoop.java:458)
	at org.apache.ratis.thirdparty.io.netty.util.concurrent.SingleThreadEventExecutor$5.run(SingleThreadEventExecutor.java:897)
	at org.apache.ratis.thirdparty.io.netty.util.concurrent.FastThreadLocalRunnable.run(FastThreadLocalRunnable.java:30)
	... 1 more
Caused by: java.net.ConnectException: Connection refused
	... 11 more
2019-10-22 00:13:18,147 [grpc-default-executor-6] INFO  impl.RaftServerImpl (RaftServerImpl.java:setRole(184)) - 062c71de-08d9-40ee-9309-15590e2e8e68@group-F01152B53F91: changes role from  FOLLOWER to FOLLOWER at term 209 for recognizeCandidate:2fdb3e93-e0d8-400e-8c33-91e2341b50c6
2019-10-22 00:13:18,147 [grpc-default-executor-6] INFO  impl.RoleInfo (RoleInfo.java:shutdownFollowerState(121)) - 062c71de-08d9-40ee-9309-15590e2e8e68: shutdown FollowerState
2019-10-22 00:13:18,148 [grpc-default-executor-6] INFO  impl.RoleInfo (RoleInfo.java:updateAndGet(143)) - 062c71de-08d9-40ee-9309-15590e2e8e68: start FollowerState
2019-10-22 00:13:18,148 [Thread-1861] INFO  impl.FollowerState (FollowerState.java:run(117)) - 062c71de-08d9-40ee-9309-15590e2e8e68@group-F01152B53F91-FollowerState was interrupted: java.lang.InterruptedException: sleep interrupted
2019-10-22 00:13:18,162 [2fdb3e93-e0d8-400e-8c33-91e2341b50c6@group-F01152B53F91-LeaderElection210] INFO  impl.LeaderElection (LeaderElection.java:logAndReturn(56)) - 2fdb3e93-e0d8-400e-8c33-91e2341b50c6@group-F01152B53F91-LeaderElection210: Election REJECTED; received 1 response(s) [2fdb3e93-e0d8-400e-8c33-91e2341b50c6<-062c71de-08d9-40ee-9309-15590e2e8e68#0:FAIL-t209] and 1 exception(s); 2fdb3e93-e0d8-400e-8c33-91e2341b50c6@group-F01152B53F91:t209, leader=null, voted=2fdb3e93-e0d8-400e-8c33-91e2341b50c6, raftlog=2fdb3e93-e0d8-400e-8c33-91e2341b50c6@group-F01152B53F91-SegmentedRaftLog:OPENED:c-1,f-1,i0, conf=-1: [2fdb3e93-e0d8-400e-8c33-91e2341b50c6:192.168.157.254:43254, 062c71de-08d9-40ee-9309-15590e2e8e68:192.168.157.254:45598, 2a52019e-5647-44e1-bf30-9a43fd8a7377:192.168.157.254:36038], old=null
2019-10-22 00:13:18,162 [2fdb3e93-e0d8-400e-8c33-91e2341b50c6@group-F01152B53F91-LeaderElection210] INFO  impl.LeaderElection (LogUtils.java:infoOrTrace(149)) -   Exception 0: {}
java.util.concurrent.ExecutionException: org.apache.ratis.thirdparty.io.grpc.StatusRuntimeException: UNAVAILABLE: io exception
	at java.util.concurrent.FutureTask.report(FutureTask.java:122)
	at java.util.concurrent.FutureTask.get(FutureTask.java:192)
	at org.apache.ratis.server.impl.LeaderElection.waitForResults(LeaderElection.java:259)
	at org.apache.ratis.server.impl.LeaderElection.askForVotes(LeaderElection.java:197)
	at org.apache.ratis.server.impl.LeaderElection.run(LeaderElection.java:133)
	at java.lang.Thread.run(Thread.java:748)
Caused by: org.apache.ratis.thirdparty.io.grpc.StatusRuntimeException: UNAVAILABLE: io exception
	at org.apache.ratis.thirdparty.io.grpc.stub.ClientCalls.toStatusRuntimeException(ClientCalls.java:233)
	at org.apache.ratis.thirdparty.io.grpc.stub.ClientCalls.getUnchecked(ClientCalls.java:214)
	at org.apache.ratis.thirdparty.io.grpc.stub.ClientCalls.blockingUnaryCall(ClientCalls.java:139)
	at org.apache.ratis.proto.grpc.RaftServerProtocolServiceGrpc$RaftServerProtocolServiceBlockingStub.requestVote(RaftServerProtocolServiceGrpc.java:265)
	at org.apache.ratis.grpc.server.GrpcServerProtocolClient.requestVote(GrpcServerProtocolClient.java:99)
	at org.apache.ratis.grpc.server.GrpcService.requestVote(GrpcService.java:204)
	at org.apache.ratis.server.impl.LeaderElection.lambda$submitRequests$1(LeaderElection.java:234)
	at java.util.concurrent.FutureTask.run(FutureTask.java:266)
	at java.util.concurrent.Executors$RunnableAdapter.call(Executors.java:511)
	at java.util.concurrent.FutureTask.run(FutureTask.java:266)
	at java.util.concurrent.ThreadPoolExecutor.runWorker(ThreadPoolExecutor.java:1149)
	at java.util.concurrent.ThreadPoolExecutor$Worker.run(ThreadPoolExecutor.java:624)
	... 1 more
Caused by: org.apache.ratis.thirdparty.io.netty.channel.AbstractChannel$AnnotatedConnectException: Connection refused: /192.168.157.254:36038
	at sun.nio.ch.SocketChannelImpl.checkConnect(Native Method)
	at sun.nio.ch.SocketChannelImpl.finishConnect(SocketChannelImpl.java:717)
	at org.apache.ratis.thirdparty.io.netty.channel.socket.nio.NioSocketChannel.doFinishConnect(NioSocketChannel.java:327)
	at org.apache.ratis.thirdparty.io.netty.channel.nio.AbstractNioChannel$AbstractNioUnsafe.finishConnect(AbstractNioChannel.java:340)
	at org.apache.ratis.thirdparty.io.netty.channel.nio.NioEventLoop.processSelectedKey(NioEventLoop.java:632)
	at org.apache.ratis.thirdparty.io.netty.channel.nio.NioEventLoop.processSelectedKeysOptimized(NioEventLoop.java:579)
	at org.apache.ratis.thirdparty.io.netty.channel.nio.NioEventLoop.processSelectedKeys(NioEventLoop.java:496)
	at org.apache.ratis.thirdparty.io.netty.channel.nio.NioEventLoop.run(NioEventLoop.java:458)
	at org.apache.ratis.thirdparty.io.netty.util.concurrent.SingleThreadEventExecutor$5.run(SingleThreadEventExecutor.java:897)
	at org.apache.ratis.thirdparty.io.netty.util.concurrent.FastThreadLocalRunnable.run(FastThreadLocalRunnable.java:30)
	... 1 more
Caused by: java.net.ConnectException: Connection refused
	... 11 more
2019-10-22 00:13:18,163 [2fdb3e93-e0d8-400e-8c33-91e2341b50c6@group-F01152B53F91-LeaderElection210] INFO  impl.RaftServerImpl (RaftServerImpl.java:setRole(184)) - 2fdb3e93-e0d8-400e-8c33-91e2341b50c6@group-F01152B53F91: changes role from CANDIDATE to FOLLOWER at term 209 for DISCOVERED_A_NEW_TERM
2019-10-22 00:13:18,163 [2fdb3e93-e0d8-400e-8c33-91e2341b50c6@group-F01152B53F91-LeaderElection210] INFO  impl.RoleInfo (RoleInfo.java:shutdownLeaderElection(134)) - 2fdb3e93-e0d8-400e-8c33-91e2341b50c6: shutdown LeaderElection
2019-10-22 00:13:18,163 [2fdb3e93-e0d8-400e-8c33-91e2341b50c6@group-F01152B53F91-LeaderElection210] INFO  impl.RoleInfo (RoleInfo.java:updateAndGet(143)) - 2fdb3e93-e0d8-400e-8c33-91e2341b50c6: start FollowerState
2019-10-22 00:13:18,190 [Thread-1868] INFO  impl.FollowerState (FollowerState.java:run(108)) - 2fdb3e93-e0d8-400e-8c33-91e2341b50c6@group-F01152B53F91-FollowerState: change to CANDIDATE, lastRpcTime:27ms, electionTimeout:27ms
2019-10-22 00:13:18,190 [Thread-1868] INFO  impl.RoleInfo (RoleInfo.java:shutdownFollowerState(121)) - 2fdb3e93-e0d8-400e-8c33-91e2341b50c6: shutdown FollowerState
2019-10-22 00:13:18,191 [Thread-1868] INFO  impl.RaftServerImpl (RaftServerImpl.java:setRole(184)) - 2fdb3e93-e0d8-400e-8c33-91e2341b50c6@group-F01152B53F91: changes role from  FOLLOWER to CANDIDATE at term 209 for changeToCandidate
2019-10-22 00:13:18,191 [Thread-1868] INFO  impl.RoleInfo (RoleInfo.java:updateAndGet(143)) - 2fdb3e93-e0d8-400e-8c33-91e2341b50c6: start LeaderElection
2019-10-22 00:13:18,204 [2fdb3e93-e0d8-400e-8c33-91e2341b50c6@group-F01152B53F91-LeaderElection211] INFO  impl.LeaderElection (LeaderElection.java:askForVotes(178)) - 2fdb3e93-e0d8-400e-8c33-91e2341b50c6@group-F01152B53F91-LeaderElection211: begin an election at term 210 for -1: [2fdb3e93-e0d8-400e-8c33-91e2341b50c6:192.168.157.254:43254, 062c71de-08d9-40ee-9309-15590e2e8e68:192.168.157.254:45598, 2a52019e-5647-44e1-bf30-9a43fd8a7377:192.168.157.254:36038], old=null
2019-10-22 00:13:18,205 [2fdb3e93-e0d8-400e-8c33-91e2341b50c6@group-F01152B53F91-LeaderElection211] INFO  impl.LeaderElection (LogUtils.java:infoOrTrace(149)) - 2fdb3e93-e0d8-400e-8c33-91e2341b50c6@group-F01152B53F91-LeaderElection211 got exception when requesting votes: {}
java.util.concurrent.ExecutionException: org.apache.ratis.thirdparty.io.grpc.StatusRuntimeException: UNAVAILABLE: io exception
	at java.util.concurrent.FutureTask.report(FutureTask.java:122)
	at java.util.concurrent.FutureTask.get(FutureTask.java:192)
	at org.apache.ratis.server.impl.LeaderElection.waitForResults(LeaderElection.java:259)
	at org.apache.ratis.server.impl.LeaderElection.askForVotes(LeaderElection.java:197)
	at org.apache.ratis.server.impl.LeaderElection.run(LeaderElection.java:133)
	at java.lang.Thread.run(Thread.java:748)
Caused by: org.apache.ratis.thirdparty.io.grpc.StatusRuntimeException: UNAVAILABLE: io exception
	at org.apache.ratis.thirdparty.io.grpc.stub.ClientCalls.toStatusRuntimeException(ClientCalls.java:233)
	at org.apache.ratis.thirdparty.io.grpc.stub.ClientCalls.getUnchecked(ClientCalls.java:214)
	at org.apache.ratis.thirdparty.io.grpc.stub.ClientCalls.blockingUnaryCall(ClientCalls.java:139)
	at org.apache.ratis.proto.grpc.RaftServerProtocolServiceGrpc$RaftServerProtocolServiceBlockingStub.requestVote(RaftServerProtocolServiceGrpc.java:265)
	at org.apache.ratis.grpc.server.GrpcServerProtocolClient.requestVote(GrpcServerProtocolClient.java:99)
	at org.apache.ratis.grpc.server.GrpcService.requestVote(GrpcService.java:204)
	at org.apache.ratis.server.impl.LeaderElection.lambda$submitRequests$1(LeaderElection.java:234)
	at java.util.concurrent.FutureTask.run(FutureTask.java:266)
	at java.util.concurrent.Executors$RunnableAdapter.call(Executors.java:511)
	at java.util.concurrent.FutureTask.run(FutureTask.java:266)
	at java.util.concurrent.ThreadPoolExecutor.runWorker(ThreadPoolExecutor.java:1149)
	at java.util.concurrent.ThreadPoolExecutor$Worker.run(ThreadPoolExecutor.java:624)
	... 1 more
Caused by: org.apache.ratis.thirdparty.io.netty.channel.AbstractChannel$AnnotatedConnectException: Connection refused: /192.168.157.254:36038
	at sun.nio.ch.SocketChannelImpl.checkConnect(Native Method)
	at sun.nio.ch.SocketChannelImpl.finishConnect(SocketChannelImpl.java:717)
	at org.apache.ratis.thirdparty.io.netty.channel.socket.nio.NioSocketChannel.doFinishConnect(NioSocketChannel.java:327)
	at org.apache.ratis.thirdparty.io.netty.channel.nio.AbstractNioChannel$AbstractNioUnsafe.finishConnect(AbstractNioChannel.java:340)
	at org.apache.ratis.thirdparty.io.netty.channel.nio.NioEventLoop.processSelectedKey(NioEventLoop.java:632)
	at org.apache.ratis.thirdparty.io.netty.channel.nio.NioEventLoop.processSelectedKeysOptimized(NioEventLoop.java:579)
	at org.apache.ratis.thirdparty.io.netty.channel.nio.NioEventLoop.processSelectedKeys(NioEventLoop.java:496)
	at org.apache.ratis.thirdparty.io.netty.channel.nio.NioEventLoop.run(NioEventLoop.java:458)
	at org.apache.ratis.thirdparty.io.netty.util.concurrent.SingleThreadEventExecutor$5.run(SingleThreadEventExecutor.java:897)
	at org.apache.ratis.thirdparty.io.netty.util.concurrent.FastThreadLocalRunnable.run(FastThreadLocalRunnable.java:30)
	... 1 more
Caused by: java.net.ConnectException: Connection refused
	... 11 more
2019-10-22 00:13:18,207 [grpc-default-executor-6] INFO  impl.RaftServerImpl (RaftServerImpl.java:setRole(184)) - 062c71de-08d9-40ee-9309-15590e2e8e68@group-F01152B53F91: changes role from  FOLLOWER to FOLLOWER at term 210 for recognizeCandidate:2fdb3e93-e0d8-400e-8c33-91e2341b50c6
2019-10-22 00:13:18,208 [grpc-default-executor-6] INFO  impl.RoleInfo (RoleInfo.java:shutdownFollowerState(121)) - 062c71de-08d9-40ee-9309-15590e2e8e68: shutdown FollowerState
2019-10-22 00:13:18,208 [grpc-default-executor-6] INFO  impl.RoleInfo (RoleInfo.java:updateAndGet(143)) - 062c71de-08d9-40ee-9309-15590e2e8e68: start FollowerState
2019-10-22 00:13:18,208 [Thread-1867] INFO  impl.FollowerState (FollowerState.java:run(117)) - 062c71de-08d9-40ee-9309-15590e2e8e68@group-F01152B53F91-FollowerState was interrupted: java.lang.InterruptedException: sleep interrupted
2019-10-22 00:13:18,221 [2fdb3e93-e0d8-400e-8c33-91e2341b50c6@group-F01152B53F91-LeaderElection211] INFO  impl.LeaderElection (LeaderElection.java:logAndReturn(56)) - 2fdb3e93-e0d8-400e-8c33-91e2341b50c6@group-F01152B53F91-LeaderElection211: Election REJECTED; received 1 response(s) [2fdb3e93-e0d8-400e-8c33-91e2341b50c6<-062c71de-08d9-40ee-9309-15590e2e8e68#0:FAIL-t210] and 1 exception(s); 2fdb3e93-e0d8-400e-8c33-91e2341b50c6@group-F01152B53F91:t210, leader=null, voted=2fdb3e93-e0d8-400e-8c33-91e2341b50c6, raftlog=2fdb3e93-e0d8-400e-8c33-91e2341b50c6@group-F01152B53F91-SegmentedRaftLog:OPENED:c-1,f-1,i0, conf=-1: [2fdb3e93-e0d8-400e-8c33-91e2341b50c6:192.168.157.254:43254, 062c71de-08d9-40ee-9309-15590e2e8e68:192.168.157.254:45598, 2a52019e-5647-44e1-bf30-9a43fd8a7377:192.168.157.254:36038], old=null
2019-10-22 00:13:18,221 [2fdb3e93-e0d8-400e-8c33-91e2341b50c6@group-F01152B53F91-LeaderElection211] INFO  impl.LeaderElection (LogUtils.java:infoOrTrace(149)) -   Exception 0: {}
java.util.concurrent.ExecutionException: org.apache.ratis.thirdparty.io.grpc.StatusRuntimeException: UNAVAILABLE: io exception
	at java.util.concurrent.FutureTask.report(FutureTask.java:122)
	at java.util.concurrent.FutureTask.get(FutureTask.java:192)
	at org.apache.ratis.server.impl.LeaderElection.waitForResults(LeaderElection.java:259)
	at org.apache.ratis.server.impl.LeaderElection.askForVotes(LeaderElection.java:197)
	at org.apache.ratis.server.impl.LeaderElection.run(LeaderElection.java:133)
	at java.lang.Thread.run(Thread.java:748)
Caused by: org.apache.ratis.thirdparty.io.grpc.StatusRuntimeException: UNAVAILABLE: io exception
	at org.apache.ratis.thirdparty.io.grpc.stub.ClientCalls.toStatusRuntimeException(ClientCalls.java:233)
	at org.apache.ratis.thirdparty.io.grpc.stub.ClientCalls.getUnchecked(ClientCalls.java:214)
	at org.apache.ratis.thirdparty.io.grpc.stub.ClientCalls.blockingUnaryCall(ClientCalls.java:139)
	at org.apache.ratis.proto.grpc.RaftServerProtocolServiceGrpc$RaftServerProtocolServiceBlockingStub.requestVote(RaftServerProtocolServiceGrpc.java:265)
	at org.apache.ratis.grpc.server.GrpcServerProtocolClient.requestVote(GrpcServerProtocolClient.java:99)
	at org.apache.ratis.grpc.server.GrpcService.requestVote(GrpcService.java:204)
	at org.apache.ratis.server.impl.LeaderElection.lambda$submitRequests$1(LeaderElection.java:234)
	at java.util.concurrent.FutureTask.run(FutureTask.java:266)
	at java.util.concurrent.Executors$RunnableAdapter.call(Executors.java:511)
	at java.util.concurrent.FutureTask.run(FutureTask.java:266)
	at java.util.concurrent.ThreadPoolExecutor.runWorker(ThreadPoolExecutor.java:1149)
	at java.util.concurrent.ThreadPoolExecutor$Worker.run(ThreadPoolExecutor.java:624)
	... 1 more
Caused by: org.apache.ratis.thirdparty.io.netty.channel.AbstractChannel$AnnotatedConnectException: Connection refused: /192.168.157.254:36038
	at sun.nio.ch.SocketChannelImpl.checkConnect(Native Method)
	at sun.nio.ch.SocketChannelImpl.finishConnect(SocketChannelImpl.java:717)
	at org.apache.ratis.thirdparty.io.netty.channel.socket.nio.NioSocketChannel.doFinishConnect(NioSocketChannel.java:327)
	at org.apache.ratis.thirdparty.io.netty.channel.nio.AbstractNioChannel$AbstractNioUnsafe.finishConnect(AbstractNioChannel.java:340)
	at org.apache.ratis.thirdparty.io.netty.channel.nio.NioEventLoop.processSelectedKey(NioEventLoop.java:632)
	at org.apache.ratis.thirdparty.io.netty.channel.nio.NioEventLoop.processSelectedKeysOptimized(NioEventLoop.java:579)
	at org.apache.ratis.thirdparty.io.netty.channel.nio.NioEventLoop.processSelectedKeys(NioEventLoop.java:496)
	at org.apache.ratis.thirdparty.io.netty.channel.nio.NioEventLoop.run(NioEventLoop.java:458)
	at org.apache.ratis.thirdparty.io.netty.util.concurrent.SingleThreadEventExecutor$5.run(SingleThreadEventExecutor.java:897)
	at org.apache.ratis.thirdparty.io.netty.util.concurrent.FastThreadLocalRunnable.run(FastThreadLocalRunnable.java:30)
	... 1 more
Caused by: java.net.ConnectException: Connection refused
	... 11 more
2019-10-22 00:13:18,221 [2fdb3e93-e0d8-400e-8c33-91e2341b50c6@group-F01152B53F91-LeaderElection211] INFO  impl.RaftServerImpl (RaftServerImpl.java:setRole(184)) - 2fdb3e93-e0d8-400e-8c33-91e2341b50c6@group-F01152B53F91: changes role from CANDIDATE to FOLLOWER at term 210 for DISCOVERED_A_NEW_TERM
2019-10-22 00:13:18,222 [2fdb3e93-e0d8-400e-8c33-91e2341b50c6@group-F01152B53F91-LeaderElection211] INFO  impl.RoleInfo (RoleInfo.java:shutdownLeaderElection(134)) - 2fdb3e93-e0d8-400e-8c33-91e2341b50c6: shutdown LeaderElection
2019-10-22 00:13:18,222 [2fdb3e93-e0d8-400e-8c33-91e2341b50c6@group-F01152B53F91-LeaderElection211] INFO  impl.RoleInfo (RoleInfo.java:updateAndGet(143)) - 2fdb3e93-e0d8-400e-8c33-91e2341b50c6: start FollowerState
2019-10-22 00:13:18,298 [java.util.concurrent.ThreadPoolExecutor$Worker@c41ae0f[State = -1, empty queue]] WARN  server.GrpcLogAppender (GrpcLogAppender.java:timeoutAppendRequest(209)) - fad63ceb-ed14-4322-905d-6ef3599ac734@group-0045C62F497D->5732e052-e19f-40fe-a104-972211db20fb-GrpcLogAppender: appendEntries Timeout, request=fad63ceb-ed14-4322-905d-6ef3599ac734->5732e052-e19f-40fe-a104-972211db20fb#47-t1, previous=(t:1, i:0), leaderCommit=0, initializing? false, entries: <empty>
2019-10-22 00:13:18,317 [Thread-1873] INFO  impl.FollowerState (FollowerState.java:run(108)) - 2fdb3e93-e0d8-400e-8c33-91e2341b50c6@group-F01152B53F91-FollowerState: change to CANDIDATE, lastRpcTime:95ms, electionTimeout:95ms
2019-10-22 00:13:18,317 [Thread-1873] INFO  impl.RoleInfo (RoleInfo.java:shutdownFollowerState(121)) - 2fdb3e93-e0d8-400e-8c33-91e2341b50c6: shutdown FollowerState
2019-10-22 00:13:18,317 [Thread-1873] INFO  impl.RaftServerImpl (RaftServerImpl.java:setRole(184)) - 2fdb3e93-e0d8-400e-8c33-91e2341b50c6@group-F01152B53F91: changes role from  FOLLOWER to CANDIDATE at term 210 for changeToCandidate
2019-10-22 00:13:18,317 [Thread-1873] INFO  impl.RoleInfo (RoleInfo.java:updateAndGet(143)) - 2fdb3e93-e0d8-400e-8c33-91e2341b50c6: start LeaderElection
2019-10-22 00:13:18,332 [2fdb3e93-e0d8-400e-8c33-91e2341b50c6@group-F01152B53F91-LeaderElection212] INFO  impl.LeaderElection (LeaderElection.java:askForVotes(178)) - 2fdb3e93-e0d8-400e-8c33-91e2341b50c6@group-F01152B53F91-LeaderElection212: begin an election at term 211 for -1: [2fdb3e93-e0d8-400e-8c33-91e2341b50c6:192.168.157.254:43254, 062c71de-08d9-40ee-9309-15590e2e8e68:192.168.157.254:45598, 2a52019e-5647-44e1-bf30-9a43fd8a7377:192.168.157.254:36038], old=null
2019-10-22 00:13:18,333 [2fdb3e93-e0d8-400e-8c33-91e2341b50c6@group-F01152B53F91-LeaderElection212] INFO  impl.LeaderElection (LogUtils.java:infoOrTrace(149)) - 2fdb3e93-e0d8-400e-8c33-91e2341b50c6@group-F01152B53F91-LeaderElection212 got exception when requesting votes: {}
java.util.concurrent.ExecutionException: org.apache.ratis.thirdparty.io.grpc.StatusRuntimeException: UNAVAILABLE: io exception
	at java.util.concurrent.FutureTask.report(FutureTask.java:122)
	at java.util.concurrent.FutureTask.get(FutureTask.java:192)
	at org.apache.ratis.server.impl.LeaderElection.waitForResults(LeaderElection.java:259)
	at org.apache.ratis.server.impl.LeaderElection.askForVotes(LeaderElection.java:197)
	at org.apache.ratis.server.impl.LeaderElection.run(LeaderElection.java:133)
	at java.lang.Thread.run(Thread.java:748)
Caused by: org.apache.ratis.thirdparty.io.grpc.StatusRuntimeException: UNAVAILABLE: io exception
	at org.apache.ratis.thirdparty.io.grpc.stub.ClientCalls.toStatusRuntimeException(ClientCalls.java:233)
	at org.apache.ratis.thirdparty.io.grpc.stub.ClientCalls.getUnchecked(ClientCalls.java:214)
	at org.apache.ratis.thirdparty.io.grpc.stub.ClientCalls.blockingUnaryCall(ClientCalls.java:139)
	at org.apache.ratis.proto.grpc.RaftServerProtocolServiceGrpc$RaftServerProtocolServiceBlockingStub.requestVote(RaftServerProtocolServiceGrpc.java:265)
	at org.apache.ratis.grpc.server.GrpcServerProtocolClient.requestVote(GrpcServerProtocolClient.java:99)
	at org.apache.ratis.grpc.server.GrpcService.requestVote(GrpcService.java:204)
	at org.apache.ratis.server.impl.LeaderElection.lambda$submitRequests$1(LeaderElection.java:234)
	at java.util.concurrent.FutureTask.run(FutureTask.java:266)
	at java.util.concurrent.Executors$RunnableAdapter.call(Executors.java:511)
	at java.util.concurrent.FutureTask.run(FutureTask.java:266)
	at java.util.concurrent.ThreadPoolExecutor.runWorker(ThreadPoolExecutor.java:1149)
	at java.util.concurrent.ThreadPoolExecutor$Worker.run(ThreadPoolExecutor.java:624)
	... 1 more
Caused by: org.apache.ratis.thirdparty.io.netty.channel.AbstractChannel$AnnotatedConnectException: Connection refused: /192.168.157.254:36038
	at sun.nio.ch.SocketChannelImpl.checkConnect(Native Method)
	at sun.nio.ch.SocketChannelImpl.finishConnect(SocketChannelImpl.java:717)
	at org.apache.ratis.thirdparty.io.netty.channel.socket.nio.NioSocketChannel.doFinishConnect(NioSocketChannel.java:327)
	at org.apache.ratis.thirdparty.io.netty.channel.nio.AbstractNioChannel$AbstractNioUnsafe.finishConnect(AbstractNioChannel.java:340)
	at org.apache.ratis.thirdparty.io.netty.channel.nio.NioEventLoop.processSelectedKey(NioEventLoop.java:632)
	at org.apache.ratis.thirdparty.io.netty.channel.nio.NioEventLoop.processSelectedKeysOptimized(NioEventLoop.java:579)
	at org.apache.ratis.thirdparty.io.netty.channel.nio.NioEventLoop.processSelectedKeys(NioEventLoop.java:496)
	at org.apache.ratis.thirdparty.io.netty.channel.nio.NioEventLoop.run(NioEventLoop.java:458)
	at org.apache.ratis.thirdparty.io.netty.util.concurrent.SingleThreadEventExecutor$5.run(SingleThreadEventExecutor.java:897)
	at org.apache.ratis.thirdparty.io.netty.util.concurrent.FastThreadLocalRunnable.run(FastThreadLocalRunnable.java:30)
	... 1 more
Caused by: java.net.ConnectException: Connection refused
	... 11 more
2019-10-22 00:13:18,337 [grpc-default-executor-6] INFO  impl.RaftServerImpl (RaftServerImpl.java:setRole(184)) - 062c71de-08d9-40ee-9309-15590e2e8e68@group-F01152B53F91: changes role from  FOLLOWER to FOLLOWER at term 211 for recognizeCandidate:2fdb3e93-e0d8-400e-8c33-91e2341b50c6
2019-10-22 00:13:18,338 [grpc-default-executor-6] INFO  impl.RoleInfo (RoleInfo.java:shutdownFollowerState(121)) - 062c71de-08d9-40ee-9309-15590e2e8e68: shutdown FollowerState
2019-10-22 00:13:18,338 [grpc-default-executor-6] INFO  impl.RoleInfo (RoleInfo.java:updateAndGet(143)) - 062c71de-08d9-40ee-9309-15590e2e8e68: start FollowerState
2019-10-22 00:13:18,338 [Thread-1872] INFO  impl.FollowerState (FollowerState.java:run(117)) - 062c71de-08d9-40ee-9309-15590e2e8e68@group-F01152B53F91-FollowerState was interrupted: java.lang.InterruptedException: sleep interrupted
2019-10-22 00:13:18,352 [2fdb3e93-e0d8-400e-8c33-91e2341b50c6@group-F01152B53F91-LeaderElection212] INFO  impl.LeaderElection (LeaderElection.java:logAndReturn(56)) - 2fdb3e93-e0d8-400e-8c33-91e2341b50c6@group-F01152B53F91-LeaderElection212: Election REJECTED; received 1 response(s) [2fdb3e93-e0d8-400e-8c33-91e2341b50c6<-062c71de-08d9-40ee-9309-15590e2e8e68#0:FAIL-t211] and 1 exception(s); 2fdb3e93-e0d8-400e-8c33-91e2341b50c6@group-F01152B53F91:t211, leader=null, voted=2fdb3e93-e0d8-400e-8c33-91e2341b50c6, raftlog=2fdb3e93-e0d8-400e-8c33-91e2341b50c6@group-F01152B53F91-SegmentedRaftLog:OPENED:c-1,f-1,i0, conf=-1: [2fdb3e93-e0d8-400e-8c33-91e2341b50c6:192.168.157.254:43254, 062c71de-08d9-40ee-9309-15590e2e8e68:192.168.157.254:45598, 2a52019e-5647-44e1-bf30-9a43fd8a7377:192.168.157.254:36038], old=null
2019-10-22 00:13:18,352 [2fdb3e93-e0d8-400e-8c33-91e2341b50c6@group-F01152B53F91-LeaderElection212] INFO  impl.LeaderElection (LogUtils.java:infoOrTrace(149)) -   Exception 0: {}
java.util.concurrent.ExecutionException: org.apache.ratis.thirdparty.io.grpc.StatusRuntimeException: UNAVAILABLE: io exception
	at java.util.concurrent.FutureTask.report(FutureTask.java:122)
	at java.util.concurrent.FutureTask.get(FutureTask.java:192)
	at org.apache.ratis.server.impl.LeaderElection.waitForResults(LeaderElection.java:259)
	at org.apache.ratis.server.impl.LeaderElection.askForVotes(LeaderElection.java:197)
	at org.apache.ratis.server.impl.LeaderElection.run(LeaderElection.java:133)
	at java.lang.Thread.run(Thread.java:748)
Caused by: org.apache.ratis.thirdparty.io.grpc.StatusRuntimeException: UNAVAILABLE: io exception
	at org.apache.ratis.thirdparty.io.grpc.stub.ClientCalls.toStatusRuntimeException(ClientCalls.java:233)
	at org.apache.ratis.thirdparty.io.grpc.stub.ClientCalls.getUnchecked(ClientCalls.java:214)
	at org.apache.ratis.thirdparty.io.grpc.stub.ClientCalls.blockingUnaryCall(ClientCalls.java:139)
	at org.apache.ratis.proto.grpc.RaftServerProtocolServiceGrpc$RaftServerProtocolServiceBlockingStub.requestVote(RaftServerProtocolServiceGrpc.java:265)
	at org.apache.ratis.grpc.server.GrpcServerProtocolClient.requestVote(GrpcServerProtocolClient.java:99)
	at org.apache.ratis.grpc.server.GrpcService.requestVote(GrpcService.java:204)
	at org.apache.ratis.server.impl.LeaderElection.lambda$submitRequests$1(LeaderElection.java:234)
	at java.util.concurrent.FutureTask.run(FutureTask.java:266)
	at java.util.concurrent.Executors$RunnableAdapter.call(Executors.java:511)
	at java.util.concurrent.FutureTask.run(FutureTask.java:266)
	at java.util.concurrent.ThreadPoolExecutor.runWorker(ThreadPoolExecutor.java:1149)
	at java.util.concurrent.ThreadPoolExecutor$Worker.run(ThreadPoolExecutor.java:624)
	... 1 more
Caused by: org.apache.ratis.thirdparty.io.netty.channel.AbstractChannel$AnnotatedConnectException: Connection refused: /192.168.157.254:36038
	at sun.nio.ch.SocketChannelImpl.checkConnect(Native Method)
	at sun.nio.ch.SocketChannelImpl.finishConnect(SocketChannelImpl.java:717)
	at org.apache.ratis.thirdparty.io.netty.channel.socket.nio.NioSocketChannel.doFinishConnect(NioSocketChannel.java:327)
	at org.apache.ratis.thirdparty.io.netty.channel.nio.AbstractNioChannel$AbstractNioUnsafe.finishConnect(AbstractNioChannel.java:340)
	at org.apache.ratis.thirdparty.io.netty.channel.nio.NioEventLoop.processSelectedKey(NioEventLoop.java:632)
	at org.apache.ratis.thirdparty.io.netty.channel.nio.NioEventLoop.processSelectedKeysOptimized(NioEventLoop.java:579)
	at org.apache.ratis.thirdparty.io.netty.channel.nio.NioEventLoop.processSelectedKeys(NioEventLoop.java:496)
	at org.apache.ratis.thirdparty.io.netty.channel.nio.NioEventLoop.run(NioEventLoop.java:458)
	at org.apache.ratis.thirdparty.io.netty.util.concurrent.SingleThreadEventExecutor$5.run(SingleThreadEventExecutor.java:897)
	at org.apache.ratis.thirdparty.io.netty.util.concurrent.FastThreadLocalRunnable.run(FastThreadLocalRunnable.java:30)
	... 1 more
Caused by: java.net.ConnectException: Connection refused
	... 11 more
2019-10-22 00:13:18,352 [2fdb3e93-e0d8-400e-8c33-91e2341b50c6@group-F01152B53F91-LeaderElection212] INFO  impl.RaftServerImpl (RaftServerImpl.java:setRole(184)) - 2fdb3e93-e0d8-400e-8c33-91e2341b50c6@group-F01152B53F91: changes role from CANDIDATE to FOLLOWER at term 211 for DISCOVERED_A_NEW_TERM
2019-10-22 00:13:18,353 [2fdb3e93-e0d8-400e-8c33-91e2341b50c6@group-F01152B53F91-LeaderElection212] INFO  impl.RoleInfo (RoleInfo.java:shutdownLeaderElection(134)) - 2fdb3e93-e0d8-400e-8c33-91e2341b50c6: shutdown LeaderElection
2019-10-22 00:13:18,353 [2fdb3e93-e0d8-400e-8c33-91e2341b50c6@group-F01152B53F91-LeaderElection212] INFO  impl.RoleInfo (RoleInfo.java:updateAndGet(143)) - 2fdb3e93-e0d8-400e-8c33-91e2341b50c6: start FollowerState
2019-10-22 00:13:18,478 [Thread-1878] INFO  impl.FollowerState (FollowerState.java:run(108)) - 2fdb3e93-e0d8-400e-8c33-91e2341b50c6@group-F01152B53F91-FollowerState: change to CANDIDATE, lastRpcTime:125ms, electionTimeout:125ms
2019-10-22 00:13:18,478 [Thread-1878] INFO  impl.RoleInfo (RoleInfo.java:shutdownFollowerState(121)) - 2fdb3e93-e0d8-400e-8c33-91e2341b50c6: shutdown FollowerState
2019-10-22 00:13:18,478 [Thread-1878] INFO  impl.RaftServerImpl (RaftServerImpl.java:setRole(184)) - 2fdb3e93-e0d8-400e-8c33-91e2341b50c6@group-F01152B53F91: changes role from  FOLLOWER to CANDIDATE at term 211 for changeToCandidate
2019-10-22 00:13:18,479 [Thread-1878] INFO  impl.RoleInfo (RoleInfo.java:updateAndGet(143)) - 2fdb3e93-e0d8-400e-8c33-91e2341b50c6: start LeaderElection
2019-10-22 00:13:18,492 [2fdb3e93-e0d8-400e-8c33-91e2341b50c6@group-F01152B53F91-LeaderElection213] INFO  impl.LeaderElection (LeaderElection.java:askForVotes(178)) - 2fdb3e93-e0d8-400e-8c33-91e2341b50c6@group-F01152B53F91-LeaderElection213: begin an election at term 212 for -1: [2fdb3e93-e0d8-400e-8c33-91e2341b50c6:192.168.157.254:43254, 062c71de-08d9-40ee-9309-15590e2e8e68:192.168.157.254:45598, 2a52019e-5647-44e1-bf30-9a43fd8a7377:192.168.157.254:36038], old=null
2019-10-22 00:13:18,493 [2fdb3e93-e0d8-400e-8c33-91e2341b50c6@group-F01152B53F91-LeaderElection213] INFO  impl.LeaderElection (LogUtils.java:infoOrTrace(149)) - 2fdb3e93-e0d8-400e-8c33-91e2341b50c6@group-F01152B53F91-LeaderElection213 got exception when requesting votes: {}
java.util.concurrent.ExecutionException: org.apache.ratis.thirdparty.io.grpc.StatusRuntimeException: UNAVAILABLE: io exception
	at java.util.concurrent.FutureTask.report(FutureTask.java:122)
	at java.util.concurrent.FutureTask.get(FutureTask.java:192)
	at org.apache.ratis.server.impl.LeaderElection.waitForResults(LeaderElection.java:259)
	at org.apache.ratis.server.impl.LeaderElection.askForVotes(LeaderElection.java:197)
	at org.apache.ratis.server.impl.LeaderElection.run(LeaderElection.java:133)
	at java.lang.Thread.run(Thread.java:748)
Caused by: org.apache.ratis.thirdparty.io.grpc.StatusRuntimeException: UNAVAILABLE: io exception
	at org.apache.ratis.thirdparty.io.grpc.stub.ClientCalls.toStatusRuntimeException(ClientCalls.java:233)
	at org.apache.ratis.thirdparty.io.grpc.stub.ClientCalls.getUnchecked(ClientCalls.java:214)
	at org.apache.ratis.thirdparty.io.grpc.stub.ClientCalls.blockingUnaryCall(ClientCalls.java:139)
	at org.apache.ratis.proto.grpc.RaftServerProtocolServiceGrpc$RaftServerProtocolServiceBlockingStub.requestVote(RaftServerProtocolServiceGrpc.java:265)
	at org.apache.ratis.grpc.server.GrpcServerProtocolClient.requestVote(GrpcServerProtocolClient.java:99)
	at org.apache.ratis.grpc.server.GrpcService.requestVote(GrpcService.java:204)
	at org.apache.ratis.server.impl.LeaderElection.lambda$submitRequests$1(LeaderElection.java:234)
	at java.util.concurrent.FutureTask.run(FutureTask.java:266)
	at java.util.concurrent.Executors$RunnableAdapter.call(Executors.java:511)
	at java.util.concurrent.FutureTask.run(FutureTask.java:266)
	at java.util.concurrent.ThreadPoolExecutor.runWorker(ThreadPoolExecutor.java:1149)
	at java.util.concurrent.ThreadPoolExecutor$Worker.run(ThreadPoolExecutor.java:624)
	... 1 more
Caused by: org.apache.ratis.thirdparty.io.netty.channel.AbstractChannel$AnnotatedConnectException: Connection refused: /192.168.157.254:36038
	at sun.nio.ch.SocketChannelImpl.checkConnect(Native Method)
	at sun.nio.ch.SocketChannelImpl.finishConnect(SocketChannelImpl.java:717)
	at org.apache.ratis.thirdparty.io.netty.channel.socket.nio.NioSocketChannel.doFinishConnect(NioSocketChannel.java:327)
	at org.apache.ratis.thirdparty.io.netty.channel.nio.AbstractNioChannel$AbstractNioUnsafe.finishConnect(AbstractNioChannel.java:340)
	at org.apache.ratis.thirdparty.io.netty.channel.nio.NioEventLoop.processSelectedKey(NioEventLoop.java:632)
	at org.apache.ratis.thirdparty.io.netty.channel.nio.NioEventLoop.processSelectedKeysOptimized(NioEventLoop.java:579)
	at org.apache.ratis.thirdparty.io.netty.channel.nio.NioEventLoop.processSelectedKeys(NioEventLoop.java:496)
	at org.apache.ratis.thirdparty.io.netty.channel.nio.NioEventLoop.run(NioEventLoop.java:458)
	at org.apache.ratis.thirdparty.io.netty.util.concurrent.SingleThreadEventExecutor$5.run(SingleThreadEventExecutor.java:897)
	at org.apache.ratis.thirdparty.io.netty.util.concurrent.FastThreadLocalRunnable.run(FastThreadLocalRunnable.java:30)
	... 1 more
Caused by: java.net.ConnectException: Connection refused
	... 11 more
2019-10-22 00:13:18,496 [grpc-default-executor-6] INFO  impl.RaftServerImpl (RaftServerImpl.java:setRole(184)) - 062c71de-08d9-40ee-9309-15590e2e8e68@group-F01152B53F91: changes role from  FOLLOWER to FOLLOWER at term 212 for recognizeCandidate:2fdb3e93-e0d8-400e-8c33-91e2341b50c6
2019-10-22 00:13:18,496 [grpc-default-executor-6] INFO  impl.RoleInfo (RoleInfo.java:shutdownFollowerState(121)) - 062c71de-08d9-40ee-9309-15590e2e8e68: shutdown FollowerState
2019-10-22 00:13:18,497 [grpc-default-executor-6] INFO  impl.RoleInfo (RoleInfo.java:updateAndGet(143)) - 062c71de-08d9-40ee-9309-15590e2e8e68: start FollowerState
2019-10-22 00:13:18,497 [Thread-1877] INFO  impl.FollowerState (FollowerState.java:run(117)) - 062c71de-08d9-40ee-9309-15590e2e8e68@group-F01152B53F91-FollowerState was interrupted: java.lang.InterruptedException: sleep interrupted
2019-10-22 00:13:18,510 [2fdb3e93-e0d8-400e-8c33-91e2341b50c6@group-F01152B53F91-LeaderElection213] INFO  impl.LeaderElection (LeaderElection.java:logAndReturn(56)) - 2fdb3e93-e0d8-400e-8c33-91e2341b50c6@group-F01152B53F91-LeaderElection213: Election REJECTED; received 1 response(s) [2fdb3e93-e0d8-400e-8c33-91e2341b50c6<-062c71de-08d9-40ee-9309-15590e2e8e68#0:FAIL-t212] and 1 exception(s); 2fdb3e93-e0d8-400e-8c33-91e2341b50c6@group-F01152B53F91:t212, leader=null, voted=2fdb3e93-e0d8-400e-8c33-91e2341b50c6, raftlog=2fdb3e93-e0d8-400e-8c33-91e2341b50c6@group-F01152B53F91-SegmentedRaftLog:OPENED:c-1,f-1,i0, conf=-1: [2fdb3e93-e0d8-400e-8c33-91e2341b50c6:192.168.157.254:43254, 062c71de-08d9-40ee-9309-15590e2e8e68:192.168.157.254:45598, 2a52019e-5647-44e1-bf30-9a43fd8a7377:192.168.157.254:36038], old=null
2019-10-22 00:13:18,510 [2fdb3e93-e0d8-400e-8c33-91e2341b50c6@group-F01152B53F91-LeaderElection213] INFO  impl.LeaderElection (LogUtils.java:infoOrTrace(149)) -   Exception 0: {}
java.util.concurrent.ExecutionException: org.apache.ratis.thirdparty.io.grpc.StatusRuntimeException: UNAVAILABLE: io exception
	at java.util.concurrent.FutureTask.report(FutureTask.java:122)
	at java.util.concurrent.FutureTask.get(FutureTask.java:192)
	at org.apache.ratis.server.impl.LeaderElection.waitForResults(LeaderElection.java:259)
	at org.apache.ratis.server.impl.LeaderElection.askForVotes(LeaderElection.java:197)
	at org.apache.ratis.server.impl.LeaderElection.run(LeaderElection.java:133)
	at java.lang.Thread.run(Thread.java:748)
Caused by: org.apache.ratis.thirdparty.io.grpc.StatusRuntimeException: UNAVAILABLE: io exception
	at org.apache.ratis.thirdparty.io.grpc.stub.ClientCalls.toStatusRuntimeException(ClientCalls.java:233)
	at org.apache.ratis.thirdparty.io.grpc.stub.ClientCalls.getUnchecked(ClientCalls.java:214)
	at org.apache.ratis.thirdparty.io.grpc.stub.ClientCalls.blockingUnaryCall(ClientCalls.java:139)
	at org.apache.ratis.proto.grpc.RaftServerProtocolServiceGrpc$RaftServerProtocolServiceBlockingStub.requestVote(RaftServerProtocolServiceGrpc.java:265)
	at org.apache.ratis.grpc.server.GrpcServerProtocolClient.requestVote(GrpcServerProtocolClient.java:99)
	at org.apache.ratis.grpc.server.GrpcService.requestVote(GrpcService.java:204)
	at org.apache.ratis.server.impl.LeaderElection.lambda$submitRequests$1(LeaderElection.java:234)
	at java.util.concurrent.FutureTask.run(FutureTask.java:266)
	at java.util.concurrent.Executors$RunnableAdapter.call(Executors.java:511)
	at java.util.concurrent.FutureTask.run(FutureTask.java:266)
	at java.util.concurrent.ThreadPoolExecutor.runWorker(ThreadPoolExecutor.java:1149)
	at java.util.concurrent.ThreadPoolExecutor$Worker.run(ThreadPoolExecutor.java:624)
	... 1 more
Caused by: org.apache.ratis.thirdparty.io.netty.channel.AbstractChannel$AnnotatedConnectException: Connection refused: /192.168.157.254:36038
	at sun.nio.ch.SocketChannelImpl.checkConnect(Native Method)
	at sun.nio.ch.SocketChannelImpl.finishConnect(SocketChannelImpl.java:717)
	at org.apache.ratis.thirdparty.io.netty.channel.socket.nio.NioSocketChannel.doFinishConnect(NioSocketChannel.java:327)
	at org.apache.ratis.thirdparty.io.netty.channel.nio.AbstractNioChannel$AbstractNioUnsafe.finishConnect(AbstractNioChannel.java:340)
	at org.apache.ratis.thirdparty.io.netty.channel.nio.NioEventLoop.processSelectedKey(NioEventLoop.java:632)
	at org.apache.ratis.thirdparty.io.netty.channel.nio.NioEventLoop.processSelectedKeysOptimized(NioEventLoop.java:579)
	at org.apache.ratis.thirdparty.io.netty.channel.nio.NioEventLoop.processSelectedKeys(NioEventLoop.java:496)
	at org.apache.ratis.thirdparty.io.netty.channel.nio.NioEventLoop.run(NioEventLoop.java:458)
	at org.apache.ratis.thirdparty.io.netty.util.concurrent.SingleThreadEventExecutor$5.run(SingleThreadEventExecutor.java:897)
	at org.apache.ratis.thirdparty.io.netty.util.concurrent.FastThreadLocalRunnable.run(FastThreadLocalRunnable.java:30)
	... 1 more
Caused by: java.net.ConnectException: Connection refused
	... 11 more
2019-10-22 00:13:18,511 [2fdb3e93-e0d8-400e-8c33-91e2341b50c6@group-F01152B53F91-LeaderElection213] INFO  impl.RaftServerImpl (RaftServerImpl.java:setRole(184)) - 2fdb3e93-e0d8-400e-8c33-91e2341b50c6@group-F01152B53F91: changes role from CANDIDATE to FOLLOWER at term 212 for DISCOVERED_A_NEW_TERM
2019-10-22 00:13:18,511 [2fdb3e93-e0d8-400e-8c33-91e2341b50c6@group-F01152B53F91-LeaderElection213] INFO  impl.RoleInfo (RoleInfo.java:shutdownLeaderElection(134)) - 2fdb3e93-e0d8-400e-8c33-91e2341b50c6: shutdown LeaderElection
2019-10-22 00:13:18,511 [2fdb3e93-e0d8-400e-8c33-91e2341b50c6@group-F01152B53F91-LeaderElection213] INFO  impl.RoleInfo (RoleInfo.java:updateAndGet(143)) - 2fdb3e93-e0d8-400e-8c33-91e2341b50c6: start FollowerState
2019-10-22 00:13:18,653 [Thread-1885] INFO  impl.FollowerState (FollowerState.java:run(108)) - 2fdb3e93-e0d8-400e-8c33-91e2341b50c6@group-F01152B53F91-FollowerState: change to CANDIDATE, lastRpcTime:142ms, electionTimeout:142ms
2019-10-22 00:13:18,653 [Thread-1885] INFO  impl.RoleInfo (RoleInfo.java:shutdownFollowerState(121)) - 2fdb3e93-e0d8-400e-8c33-91e2341b50c6: shutdown FollowerState
2019-10-22 00:13:18,654 [Thread-1885] INFO  impl.RaftServerImpl (RaftServerImpl.java:setRole(184)) - 2fdb3e93-e0d8-400e-8c33-91e2341b50c6@group-F01152B53F91: changes role from  FOLLOWER to CANDIDATE at term 212 for changeToCandidate
2019-10-22 00:13:18,654 [Thread-1885] INFO  impl.RoleInfo (RoleInfo.java:updateAndGet(143)) - 2fdb3e93-e0d8-400e-8c33-91e2341b50c6: start LeaderElection
2019-10-22 00:13:18,668 [2fdb3e93-e0d8-400e-8c33-91e2341b50c6@group-F01152B53F91-LeaderElection214] INFO  impl.LeaderElection (LeaderElection.java:askForVotes(178)) - 2fdb3e93-e0d8-400e-8c33-91e2341b50c6@group-F01152B53F91-LeaderElection214: begin an election at term 213 for -1: [2fdb3e93-e0d8-400e-8c33-91e2341b50c6:192.168.157.254:43254, 062c71de-08d9-40ee-9309-15590e2e8e68:192.168.157.254:45598, 2a52019e-5647-44e1-bf30-9a43fd8a7377:192.168.157.254:36038], old=null
2019-10-22 00:13:18,669 [2fdb3e93-e0d8-400e-8c33-91e2341b50c6@group-F01152B53F91-LeaderElection214] INFO  impl.LeaderElection (LogUtils.java:infoOrTrace(149)) - 2fdb3e93-e0d8-400e-8c33-91e2341b50c6@group-F01152B53F91-LeaderElection214 got exception when requesting votes: {}
java.util.concurrent.ExecutionException: org.apache.ratis.thirdparty.io.grpc.StatusRuntimeException: UNAVAILABLE: io exception
	at java.util.concurrent.FutureTask.report(FutureTask.java:122)
	at java.util.concurrent.FutureTask.get(FutureTask.java:192)
	at org.apache.ratis.server.impl.LeaderElection.waitForResults(LeaderElection.java:259)
	at org.apache.ratis.server.impl.LeaderElection.askForVotes(LeaderElection.java:197)
	at org.apache.ratis.server.impl.LeaderElection.run(LeaderElection.java:133)
	at java.lang.Thread.run(Thread.java:748)
Caused by: org.apache.ratis.thirdparty.io.grpc.StatusRuntimeException: UNAVAILABLE: io exception
	at org.apache.ratis.thirdparty.io.grpc.stub.ClientCalls.toStatusRuntimeException(ClientCalls.java:233)
	at org.apache.ratis.thirdparty.io.grpc.stub.ClientCalls.getUnchecked(ClientCalls.java:214)
	at org.apache.ratis.thirdparty.io.grpc.stub.ClientCalls.blockingUnaryCall(ClientCalls.java:139)
	at org.apache.ratis.proto.grpc.RaftServerProtocolServiceGrpc$RaftServerProtocolServiceBlockingStub.requestVote(RaftServerProtocolServiceGrpc.java:265)
	at org.apache.ratis.grpc.server.GrpcServerProtocolClient.requestVote(GrpcServerProtocolClient.java:99)
	at org.apache.ratis.grpc.server.GrpcService.requestVote(GrpcService.java:204)
	at org.apache.ratis.server.impl.LeaderElection.lambda$submitRequests$1(LeaderElection.java:234)
	at java.util.concurrent.FutureTask.run(FutureTask.java:266)
	at java.util.concurrent.Executors$RunnableAdapter.call(Executors.java:511)
	at java.util.concurrent.FutureTask.run(FutureTask.java:266)
	at java.util.concurrent.ThreadPoolExecutor.runWorker(ThreadPoolExecutor.java:1149)
	at java.util.concurrent.ThreadPoolExecutor$Worker.run(ThreadPoolExecutor.java:624)
	... 1 more
Caused by: org.apache.ratis.thirdparty.io.netty.channel.AbstractChannel$AnnotatedConnectException: Connection refused: /192.168.157.254:36038
	at sun.nio.ch.SocketChannelImpl.checkConnect(Native Method)
	at sun.nio.ch.SocketChannelImpl.finishConnect(SocketChannelImpl.java:717)
	at org.apache.ratis.thirdparty.io.netty.channel.socket.nio.NioSocketChannel.doFinishConnect(NioSocketChannel.java:327)
	at org.apache.ratis.thirdparty.io.netty.channel.nio.AbstractNioChannel$AbstractNioUnsafe.finishConnect(AbstractNioChannel.java:340)
	at org.apache.ratis.thirdparty.io.netty.channel.nio.NioEventLoop.processSelectedKey(NioEventLoop.java:632)
	at org.apache.ratis.thirdparty.io.netty.channel.nio.NioEventLoop.processSelectedKeysOptimized(NioEventLoop.java:579)
	at org.apache.ratis.thirdparty.io.netty.channel.nio.NioEventLoop.processSelectedKeys(NioEventLoop.java:496)
	at org.apache.ratis.thirdparty.io.netty.channel.nio.NioEventLoop.run(NioEventLoop.java:458)
	at org.apache.ratis.thirdparty.io.netty.util.concurrent.SingleThreadEventExecutor$5.run(SingleThreadEventExecutor.java:897)
	at org.apache.ratis.thirdparty.io.netty.util.concurrent.FastThreadLocalRunnable.run(FastThreadLocalRunnable.java:30)
	... 1 more
Caused by: java.net.ConnectException: Connection refused
	... 11 more
2019-10-22 00:13:18,681 [grpc-default-executor-6] INFO  impl.RaftServerImpl (RaftServerImpl.java:setRole(184)) - 062c71de-08d9-40ee-9309-15590e2e8e68@group-F01152B53F91: changes role from  FOLLOWER to FOLLOWER at term 213 for recognizeCandidate:2fdb3e93-e0d8-400e-8c33-91e2341b50c6
2019-10-22 00:13:18,681 [grpc-default-executor-6] INFO  impl.RoleInfo (RoleInfo.java:shutdownFollowerState(121)) - 062c71de-08d9-40ee-9309-15590e2e8e68: shutdown FollowerState
2019-10-22 00:13:18,682 [grpc-default-executor-6] INFO  impl.RoleInfo (RoleInfo.java:updateAndGet(143)) - 062c71de-08d9-40ee-9309-15590e2e8e68: start FollowerState
2019-10-22 00:13:18,682 [Thread-1884] INFO  impl.FollowerState (FollowerState.java:run(117)) - 062c71de-08d9-40ee-9309-15590e2e8e68@group-F01152B53F91-FollowerState was interrupted: java.lang.InterruptedException: sleep interrupted
2019-10-22 00:13:18,695 [2fdb3e93-e0d8-400e-8c33-91e2341b50c6@group-F01152B53F91-LeaderElection214] INFO  impl.LeaderElection (LeaderElection.java:logAndReturn(56)) - 2fdb3e93-e0d8-400e-8c33-91e2341b50c6@group-F01152B53F91-LeaderElection214: Election REJECTED; received 1 response(s) [2fdb3e93-e0d8-400e-8c33-91e2341b50c6<-062c71de-08d9-40ee-9309-15590e2e8e68#0:FAIL-t213] and 1 exception(s); 2fdb3e93-e0d8-400e-8c33-91e2341b50c6@group-F01152B53F91:t213, leader=null, voted=2fdb3e93-e0d8-400e-8c33-91e2341b50c6, raftlog=2fdb3e93-e0d8-400e-8c33-91e2341b50c6@group-F01152B53F91-SegmentedRaftLog:OPENED:c-1,f-1,i0, conf=-1: [2fdb3e93-e0d8-400e-8c33-91e2341b50c6:192.168.157.254:43254, 062c71de-08d9-40ee-9309-15590e2e8e68:192.168.157.254:45598, 2a52019e-5647-44e1-bf30-9a43fd8a7377:192.168.157.254:36038], old=null
2019-10-22 00:13:18,695 [2fdb3e93-e0d8-400e-8c33-91e2341b50c6@group-F01152B53F91-LeaderElection214] INFO  impl.LeaderElection (LogUtils.java:infoOrTrace(149)) -   Exception 0: {}
java.util.concurrent.ExecutionException: org.apache.ratis.thirdparty.io.grpc.StatusRuntimeException: UNAVAILABLE: io exception
	at java.util.concurrent.FutureTask.report(FutureTask.java:122)
	at java.util.concurrent.FutureTask.get(FutureTask.java:192)
	at org.apache.ratis.server.impl.LeaderElection.waitForResults(LeaderElection.java:259)
	at org.apache.ratis.server.impl.LeaderElection.askForVotes(LeaderElection.java:197)
	at org.apache.ratis.server.impl.LeaderElection.run(LeaderElection.java:133)
	at java.lang.Thread.run(Thread.java:748)
Caused by: org.apache.ratis.thirdparty.io.grpc.StatusRuntimeException: UNAVAILABLE: io exception
	at org.apache.ratis.thirdparty.io.grpc.stub.ClientCalls.toStatusRuntimeException(ClientCalls.java:233)
	at org.apache.ratis.thirdparty.io.grpc.stub.ClientCalls.getUnchecked(ClientCalls.java:214)
	at org.apache.ratis.thirdparty.io.grpc.stub.ClientCalls.blockingUnaryCall(ClientCalls.java:139)
	at org.apache.ratis.proto.grpc.RaftServerProtocolServiceGrpc$RaftServerProtocolServiceBlockingStub.requestVote(RaftServerProtocolServiceGrpc.java:265)
	at org.apache.ratis.grpc.server.GrpcServerProtocolClient.requestVote(GrpcServerProtocolClient.java:99)
	at org.apache.ratis.grpc.server.GrpcService.requestVote(GrpcService.java:204)
	at org.apache.ratis.server.impl.LeaderElection.lambda$submitRequests$1(LeaderElection.java:234)
	at java.util.concurrent.FutureTask.run(FutureTask.java:266)
	at java.util.concurrent.Executors$RunnableAdapter.call(Executors.java:511)
	at java.util.concurrent.FutureTask.run(FutureTask.java:266)
	at java.util.concurrent.ThreadPoolExecutor.runWorker(ThreadPoolExecutor.java:1149)
	at java.util.concurrent.ThreadPoolExecutor$Worker.run(ThreadPoolExecutor.java:624)
	... 1 more
Caused by: org.apache.ratis.thirdparty.io.netty.channel.AbstractChannel$AnnotatedConnectException: Connection refused: /192.168.157.254:36038
	at sun.nio.ch.SocketChannelImpl.checkConnect(Native Method)
	at sun.nio.ch.SocketChannelImpl.finishConnect(SocketChannelImpl.java:717)
	at org.apache.ratis.thirdparty.io.netty.channel.socket.nio.NioSocketChannel.doFinishConnect(NioSocketChannel.java:327)
	at org.apache.ratis.thirdparty.io.netty.channel.nio.AbstractNioChannel$AbstractNioUnsafe.finishConnect(AbstractNioChannel.java:340)
	at org.apache.ratis.thirdparty.io.netty.channel.nio.NioEventLoop.processSelectedKey(NioEventLoop.java:632)
	at org.apache.ratis.thirdparty.io.netty.channel.nio.NioEventLoop.processSelectedKeysOptimized(NioEventLoop.java:579)
	at org.apache.ratis.thirdparty.io.netty.channel.nio.NioEventLoop.processSelectedKeys(NioEventLoop.java:496)
	at org.apache.ratis.thirdparty.io.netty.channel.nio.NioEventLoop.run(NioEventLoop.java:458)
	at org.apache.ratis.thirdparty.io.netty.util.concurrent.SingleThreadEventExecutor$5.run(SingleThreadEventExecutor.java:897)
	at org.apache.ratis.thirdparty.io.netty.util.concurrent.FastThreadLocalRunnable.run(FastThreadLocalRunnable.java:30)
	... 1 more
Caused by: java.net.ConnectException: Connection refused
	... 11 more
2019-10-22 00:13:18,695 [2fdb3e93-e0d8-400e-8c33-91e2341b50c6@group-F01152B53F91-LeaderElection214] INFO  impl.RaftServerImpl (RaftServerImpl.java:setRole(184)) - 2fdb3e93-e0d8-400e-8c33-91e2341b50c6@group-F01152B53F91: changes role from CANDIDATE to FOLLOWER at term 213 for DISCOVERED_A_NEW_TERM
2019-10-22 00:13:18,696 [2fdb3e93-e0d8-400e-8c33-91e2341b50c6@group-F01152B53F91-LeaderElection214] INFO  impl.RoleInfo (RoleInfo.java:shutdownLeaderElection(134)) - 2fdb3e93-e0d8-400e-8c33-91e2341b50c6: shutdown LeaderElection
2019-10-22 00:13:18,696 [2fdb3e93-e0d8-400e-8c33-91e2341b50c6@group-F01152B53F91-LeaderElection214] INFO  impl.RoleInfo (RoleInfo.java:updateAndGet(143)) - 2fdb3e93-e0d8-400e-8c33-91e2341b50c6: start FollowerState
2019-10-22 00:13:18,714 [main] INFO  ozoneimpl.OzoneContainer (OzoneContainer.java:stop(227)) - Attempting to stop container services.
2019-10-22 00:13:18,714 [main] INFO  impl.RaftServerProxy (RaftServerProxy.java:lambda$close$4(314)) - 1913eeb9-7f58-4aef-bfea-8e00a2a3aadf: close
2019-10-22 00:13:18,715 [main] INFO  impl.RaftServerImpl (RaftServerImpl.java:lambda$shutdown$3(261)) - 1913eeb9-7f58-4aef-bfea-8e00a2a3aadf@group-BC0079CB346E: shutdown
2019-10-22 00:13:18,715 [main] INFO  util.JmxRegister (JmxRegister.java:unregister(73)) - Successfully un-registered JMX Bean with object name Ratis:service=RaftServer,group=group-BC0079CB346E,id=1913eeb9-7f58-4aef-bfea-8e00a2a3aadf
2019-10-22 00:13:18,715 [main] INFO  impl.RoleInfo (RoleInfo.java:shutdownLeaderState(104)) - 1913eeb9-7f58-4aef-bfea-8e00a2a3aadf: shutdown LeaderState
2019-10-22 00:13:18,716 [main] INFO  impl.PendingRequests (PendingRequests.java:sendNotLeaderResponses(202)) - 1913eeb9-7f58-4aef-bfea-8e00a2a3aadf@group-BC0079CB346E-PendingRequests: sendNotLeaderResponses
2019-10-22 00:13:18,716 [main] INFO  impl.StateMachineUpdater (StateMachineUpdater.java:stopAndJoin(136)) - 1913eeb9-7f58-4aef-bfea-8e00a2a3aadf@group-BC0079CB346E-StateMachineUpdater: set stopIndex = 0
2019-10-22 00:13:18,716 [main] INFO  impl.RaftServerImpl (ServerState.java:close(388)) - 1913eeb9-7f58-4aef-bfea-8e00a2a3aadf@group-BC0079CB346E: closes. applyIndex: 0
2019-10-22 00:13:18,717 [1913eeb9-7f58-4aef-bfea-8e00a2a3aadf@group-BC0079CB346E-SegmentedRaftLogWorker] INFO  segmented.SegmentedRaftLogWorker (SegmentedRaftLogWorker.java:run(316)) - 1913eeb9-7f58-4aef-bfea-8e00a2a3aadf@group-BC0079CB346E-SegmentedRaftLogWorker was interrupted, exiting. There are 0 tasks remaining in the queue.
2019-10-22 00:13:18,718 [main] INFO  segmented.SegmentedRaftLogWorker (SegmentedRaftLogWorker.java:close(224)) - 1913eeb9-7f58-4aef-bfea-8e00a2a3aadf@group-BC0079CB346E-SegmentedRaftLogWorker close()
2019-10-22 00:13:18,720 [main] INFO  impl.RaftServerImpl (RaftServerImpl.java:lambda$shutdown$3(261)) - 1913eeb9-7f58-4aef-bfea-8e00a2a3aadf@group-0045C62F497D: shutdown
2019-10-22 00:13:18,721 [main] INFO  util.JmxRegister (JmxRegister.java:unregister(73)) - Successfully un-registered JMX Bean with object name Ratis:service=RaftServer,group=group-0045C62F497D,id=1913eeb9-7f58-4aef-bfea-8e00a2a3aadf
2019-10-22 00:13:18,721 [main] INFO  impl.RoleInfo (RoleInfo.java:shutdownFollowerState(121)) - 1913eeb9-7f58-4aef-bfea-8e00a2a3aadf: shutdown FollowerState
2019-10-22 00:13:18,721 [main] INFO  impl.StateMachineUpdater (StateMachineUpdater.java:stopAndJoin(136)) - 1913eeb9-7f58-4aef-bfea-8e00a2a3aadf@group-0045C62F497D-StateMachineUpdater: set stopIndex = 0
2019-10-22 00:13:18,721 [Thread-402] INFO  impl.FollowerState (FollowerState.java:run(117)) - 1913eeb9-7f58-4aef-bfea-8e00a2a3aadf@group-0045C62F497D-FollowerState was interrupted: java.lang.InterruptedException: sleep interrupted
2019-10-22 00:13:18,721 [main] INFO  impl.RaftServerImpl (ServerState.java:close(388)) - 1913eeb9-7f58-4aef-bfea-8e00a2a3aadf@group-0045C62F497D: closes. applyIndex: 0
2019-10-22 00:13:18,722 [1913eeb9-7f58-4aef-bfea-8e00a2a3aadf@group-0045C62F497D-SegmentedRaftLogWorker] INFO  segmented.SegmentedRaftLogWorker (SegmentedRaftLogWorker.java:run(316)) - 1913eeb9-7f58-4aef-bfea-8e00a2a3aadf@group-0045C62F497D-SegmentedRaftLogWorker was interrupted, exiting. There are 0 tasks remaining in the queue.
2019-10-22 00:13:18,723 [Thread-1890] INFO  impl.FollowerState (FollowerState.java:run(108)) - 2fdb3e93-e0d8-400e-8c33-91e2341b50c6@group-F01152B53F91-FollowerState: change to CANDIDATE, lastRpcTime:27ms, electionTimeout:26ms
2019-10-22 00:13:18,723 [main] INFO  segmented.SegmentedRaftLogWorker (SegmentedRaftLogWorker.java:close(224)) - 1913eeb9-7f58-4aef-bfea-8e00a2a3aadf@group-0045C62F497D-SegmentedRaftLogWorker close()
2019-10-22 00:13:18,723 [Thread-1890] INFO  impl.RoleInfo (RoleInfo.java:shutdownFollowerState(121)) - 2fdb3e93-e0d8-400e-8c33-91e2341b50c6: shutdown FollowerState
2019-10-22 00:13:18,725 [main] INFO  server.GrpcService (GrpcService.java:closeImpl(164)) - 1913eeb9-7f58-4aef-bfea-8e00a2a3aadf: shutdown server with port 38825 now
2019-10-22 00:13:18,725 [Thread-1890] INFO  impl.RaftServerImpl (RaftServerImpl.java:setRole(184)) - 2fdb3e93-e0d8-400e-8c33-91e2341b50c6@group-F01152B53F91: changes role from  FOLLOWER to CANDIDATE at term 213 for changeToCandidate
2019-10-22 00:13:18,730 [Thread-1890] INFO  impl.RoleInfo (RoleInfo.java:updateAndGet(143)) - 2fdb3e93-e0d8-400e-8c33-91e2341b50c6: start LeaderElection
2019-10-22 00:13:18,730 [grpc-default-executor-3] WARN  server.GrpcServerProtocolService (LogUtils.java:warn(134)) - 1913eeb9-7f58-4aef-bfea-8e00a2a3aadf: installSnapshot onError, lastRequest: fad63ceb-ed14-4322-905d-6ef3599ac734->1913eeb9-7f58-4aef-bfea-8e00a2a3aadf#53-t1, previous=(t:1, i:0), leaderCommit=0, initializing? false, entries: <empty>: org.apache.ratis.thirdparty.io.grpc.StatusRuntimeException: CANCELLED: cancelled before receiving half close
2019-10-22 00:13:18,730 [main] INFO  server.GrpcService (GrpcService.java:closeImpl(172)) - 1913eeb9-7f58-4aef-bfea-8e00a2a3aadf: shutdown server with port 38825 successfully
2019-10-22 00:13:18,731 [grpc-default-executor-4] WARN  server.GrpcLogAppender (LogUtils.java:warn(134)) - fad63ceb-ed14-4322-905d-6ef3599ac734@group-0045C62F497D->1913eeb9-7f58-4aef-bfea-8e00a2a3aadf-AppendLogResponseHandler: Failed appendEntries: org.apache.ratis.thirdparty.io.grpc.StatusRuntimeException: CANCELLED: HTTP/2 error code: CANCEL
Received Rst Stream
2019-10-22 00:13:18,732 [refreshUsed-/workdir/hadoop-ozone/integration-test/target/test-dir/MiniOzoneClusterImpl-8b64dd99-cfc4-48e3-b5ea-61cd2ec80401/datanode-8/data/containers] WARN  fs.CachingGetSpaceUsed (CachingGetSpaceUsed.java:run(183)) - Thread Interrupted waiting to refresh disk information: sleep interrupted
2019-10-22 00:13:18,745 [main] INFO  utils.BackgroundService (BackgroundService.java:shutdown(151)) - Shutting down service BlockDeletingService
2019-10-22 00:13:18,748 [main] INFO  statemachine.DatanodeStateMachine (DatanodeStateMachine.java:stopDaemon(395)) - Ozone container server stopped.
2019-10-22 00:13:18,749 [main] INFO  handler.ContextHandler (ContextHandler.java:doStop(910)) - Stopped o.e.j.w.WebAppContext@5a08efdc{/,null,UNAVAILABLE}{/hddsDatanode}
2019-10-22 00:13:18,749 [main] INFO  server.AbstractConnector (AbstractConnector.java:doStop(318)) - Stopped ServerConnector@57272109{HTTP/1.1,[http/1.1]}{0.0.0.0:0}
2019-10-22 00:13:18,749 [main] INFO  handler.ContextHandler (ContextHandler.java:doStop(910)) - Stopped o.e.j.s.ServletContextHandler@79a04e5f{/static,jar:file:/home/user/.m2/repository/org/apache/hadoop/hadoop-hdds-container-service/0.5.0-SNAPSHOT/hadoop-hdds-container-service-0.5.0-SNAPSHOT.jar!/webapps/static,UNAVAILABLE}
2019-10-22 00:13:18,750 [main] INFO  handler.ContextHandler (ContextHandler.java:doStop(910)) - Stopped o.e.j.s.ServletContextHandler@1ab5f08a{/logs,file:///workdir/hadoop-ozone/integration-test/target/log,UNAVAILABLE}
2019-10-22 00:13:18,752 [2fdb3e93-e0d8-400e-8c33-91e2341b50c6@group-F01152B53F91-LeaderElection215] INFO  impl.LeaderElection (LeaderElection.java:askForVotes(178)) - 2fdb3e93-e0d8-400e-8c33-91e2341b50c6@group-F01152B53F91-LeaderElection215: begin an election at term 214 for -1: [2fdb3e93-e0d8-400e-8c33-91e2341b50c6:192.168.157.254:43254, 062c71de-08d9-40ee-9309-15590e2e8e68:192.168.157.254:45598, 2a52019e-5647-44e1-bf30-9a43fd8a7377:192.168.157.254:36038], old=null
2019-10-22 00:13:18,752 [2fdb3e93-e0d8-400e-8c33-91e2341b50c6@group-F01152B53F91-LeaderElection215] INFO  impl.LeaderElection (LogUtils.java:infoOrTrace(149)) - 2fdb3e93-e0d8-400e-8c33-91e2341b50c6@group-F01152B53F91-LeaderElection215 got exception when requesting votes: {}
java.util.concurrent.ExecutionException: org.apache.ratis.thirdparty.io.grpc.StatusRuntimeException: UNAVAILABLE: io exception
	at java.util.concurrent.FutureTask.report(FutureTask.java:122)
	at java.util.concurrent.FutureTask.get(FutureTask.java:192)
	at org.apache.ratis.server.impl.LeaderElection.waitForResults(LeaderElection.java:259)
	at org.apache.ratis.server.impl.LeaderElection.askForVotes(LeaderElection.java:197)
	at org.apache.ratis.server.impl.LeaderElection.run(LeaderElection.java:133)
	at java.lang.Thread.run(Thread.java:748)
Caused by: org.apache.ratis.thirdparty.io.grpc.StatusRuntimeException: UNAVAILABLE: io exception
	at org.apache.ratis.thirdparty.io.grpc.stub.ClientCalls.toStatusRuntimeException(ClientCalls.java:233)
	at org.apache.ratis.thirdparty.io.grpc.stub.ClientCalls.getUnchecked(ClientCalls.java:214)
	at org.apache.ratis.thirdparty.io.grpc.stub.ClientCalls.blockingUnaryCall(ClientCalls.java:139)
	at org.apache.ratis.proto.grpc.RaftServerProtocolServiceGrpc$RaftServerProtocolServiceBlockingStub.requestVote(RaftServerProtocolServiceGrpc.java:265)
	at org.apache.ratis.grpc.server.GrpcServerProtocolClient.requestVote(GrpcServerProtocolClient.java:99)
	at org.apache.ratis.grpc.server.GrpcService.requestVote(GrpcService.java:204)
	at org.apache.ratis.server.impl.LeaderElection.lambda$submitRequests$1(LeaderElection.java:234)
	at java.util.concurrent.FutureTask.run(FutureTask.java:266)
	at java.util.concurrent.Executors$RunnableAdapter.call(Executors.java:511)
	at java.util.concurrent.FutureTask.run(FutureTask.java:266)
	at java.util.concurrent.ThreadPoolExecutor.runWorker(ThreadPoolExecutor.java:1149)
	at java.util.concurrent.ThreadPoolExecutor$Worker.run(ThreadPoolExecutor.java:624)
	... 1 more
Caused by: org.apache.ratis.thirdparty.io.netty.channel.AbstractChannel$AnnotatedConnectException: Connection refused: /192.168.157.254:36038
	at sun.nio.ch.SocketChannelImpl.checkConnect(Native Method)
	at sun.nio.ch.SocketChannelImpl.finishConnect(SocketChannelImpl.java:717)
	at org.apache.ratis.thirdparty.io.netty.channel.socket.nio.NioSocketChannel.doFinishConnect(NioSocketChannel.java:327)
	at org.apache.ratis.thirdparty.io.netty.channel.nio.AbstractNioChannel$AbstractNioUnsafe.finishConnect(AbstractNioChannel.java:340)
	at org.apache.ratis.thirdparty.io.netty.channel.nio.NioEventLoop.processSelectedKey(NioEventLoop.java:632)
	at org.apache.ratis.thirdparty.io.netty.channel.nio.NioEventLoop.processSelectedKeysOptimized(NioEventLoop.java:579)
	at org.apache.ratis.thirdparty.io.netty.channel.nio.NioEventLoop.processSelectedKeys(NioEventLoop.java:496)
	at org.apache.ratis.thirdparty.io.netty.channel.nio.NioEventLoop.run(NioEventLoop.java:458)
	at org.apache.ratis.thirdparty.io.netty.util.concurrent.SingleThreadEventExecutor$5.run(SingleThreadEventExecutor.java:897)
	at org.apache.ratis.thirdparty.io.netty.util.concurrent.FastThreadLocalRunnable.run(FastThreadLocalRunnable.java:30)
	... 1 more
Caused by: java.net.ConnectException: Connection refused
	... 11 more
2019-10-22 00:13:18,757 [ForkJoinPool.commonPool-worker-0] INFO  ozoneimpl.OzoneContainer (OzoneContainer.java:stop(227)) - Attempting to stop container services.
2019-10-22 00:13:18,757 [ForkJoinPool.commonPool-worker-0] INFO  impl.RaftServerProxy (RaftServerProxy.java:lambda$close$4(314)) - 062c71de-08d9-40ee-9309-15590e2e8e68: close
2019-10-22 00:13:18,757 [ForkJoinPool.commonPool-worker-0] INFO  impl.RaftServerImpl (RaftServerImpl.java:lambda$shutdown$3(261)) - 062c71de-08d9-40ee-9309-15590e2e8e68@group-886D96F44A2A: shutdown
2019-10-22 00:13:18,757 [ForkJoinPool.commonPool-worker-0] INFO  util.JmxRegister (JmxRegister.java:unregister(73)) - Successfully un-registered JMX Bean with object name Ratis:service=RaftServer,group=group-886D96F44A2A,id=062c71de-08d9-40ee-9309-15590e2e8e68
2019-10-22 00:13:18,757 [grpc-default-executor-4] INFO  impl.RaftServerImpl (RaftServerImpl.java:setRole(184)) - 062c71de-08d9-40ee-9309-15590e2e8e68@group-F01152B53F91: changes role from  FOLLOWER to FOLLOWER at term 214 for recognizeCandidate:2fdb3e93-e0d8-400e-8c33-91e2341b50c6
2019-10-22 00:13:18,757 [ForkJoinPool.commonPool-worker-0] INFO  impl.RoleInfo (RoleInfo.java:shutdownLeaderState(104)) - 062c71de-08d9-40ee-9309-15590e2e8e68: shutdown LeaderState
2019-10-22 00:13:18,758 [grpc-default-executor-4] INFO  impl.RoleInfo (RoleInfo.java:shutdownFollowerState(121)) - 062c71de-08d9-40ee-9309-15590e2e8e68: shutdown FollowerState
2019-10-22 00:13:18,758 [ForkJoinPool.commonPool-worker-0] INFO  impl.PendingRequests (PendingRequests.java:sendNotLeaderResponses(202)) - 062c71de-08d9-40ee-9309-15590e2e8e68@group-886D96F44A2A-PendingRequests: sendNotLeaderResponses
2019-10-22 00:13:18,758 [Thread-1889] INFO  impl.FollowerState (FollowerState.java:run(117)) - 062c71de-08d9-40ee-9309-15590e2e8e68@group-F01152B53F91-FollowerState was interrupted: java.lang.InterruptedException: sleep interrupted
2019-10-22 00:13:18,758 [grpc-default-executor-4] INFO  impl.RoleInfo (RoleInfo.java:updateAndGet(143)) - 062c71de-08d9-40ee-9309-15590e2e8e68: start FollowerState
2019-10-22 00:13:18,758 [ForkJoinPool.commonPool-worker-0] INFO  impl.StateMachineUpdater (StateMachineUpdater.java:stopAndJoin(136)) - 062c71de-08d9-40ee-9309-15590e2e8e68@group-886D96F44A2A-StateMachineUpdater: set stopIndex = 0
2019-10-22 00:13:18,758 [ForkJoinPool.commonPool-worker-0] INFO  impl.RaftServerImpl (ServerState.java:close(388)) - 062c71de-08d9-40ee-9309-15590e2e8e68@group-886D96F44A2A: closes. applyIndex: 0
2019-10-22 00:13:18,759 [062c71de-08d9-40ee-9309-15590e2e8e68@group-886D96F44A2A-SegmentedRaftLogWorker] INFO  segmented.SegmentedRaftLogWorker (SegmentedRaftLogWorker.java:run(316)) - 062c71de-08d9-40ee-9309-15590e2e8e68@group-886D96F44A2A-SegmentedRaftLogWorker was interrupted, exiting. There are 0 tasks remaining in the queue.
2019-10-22 00:13:18,760 [ForkJoinPool.commonPool-worker-0] INFO  segmented.SegmentedRaftLogWorker (SegmentedRaftLogWorker.java:close(224)) - 062c71de-08d9-40ee-9309-15590e2e8e68@group-886D96F44A2A-SegmentedRaftLogWorker close()
2019-10-22 00:13:18,764 [ForkJoinPool.commonPool-worker-0] INFO  impl.RaftServerImpl (RaftServerImpl.java:lambda$shutdown$3(261)) - 062c71de-08d9-40ee-9309-15590e2e8e68@group-F01152B53F91: shutdown
2019-10-22 00:13:18,765 [ForkJoinPool.commonPool-worker-0] INFO  util.JmxRegister (JmxRegister.java:unregister(73)) - Successfully un-registered JMX Bean with object name Ratis:service=RaftServer,group=group-F01152B53F91,id=062c71de-08d9-40ee-9309-15590e2e8e68
2019-10-22 00:13:18,765 [ForkJoinPool.commonPool-worker-0] INFO  impl.RoleInfo (RoleInfo.java:shutdownFollowerState(121)) - 062c71de-08d9-40ee-9309-15590e2e8e68: shutdown FollowerState
2019-10-22 00:13:18,765 [ForkJoinPool.commonPool-worker-0] INFO  impl.StateMachineUpdater (StateMachineUpdater.java:stopAndJoin(136)) - 062c71de-08d9-40ee-9309-15590e2e8e68@group-F01152B53F91-StateMachineUpdater: set stopIndex = -1
2019-10-22 00:13:18,765 [Thread-1894] INFO  impl.FollowerState (FollowerState.java:run(117)) - 062c71de-08d9-40ee-9309-15590e2e8e68@group-F01152B53F91-FollowerState was interrupted: java.lang.InterruptedException: sleep interrupted
2019-10-22 00:13:18,765 [ForkJoinPool.commonPool-worker-0] INFO  impl.RaftServerImpl (ServerState.java:close(388)) - 062c71de-08d9-40ee-9309-15590e2e8e68@group-F01152B53F91: closes. applyIndex: -1
2019-10-22 00:13:18,766 [062c71de-08d9-40ee-9309-15590e2e8e68@group-F01152B53F91-SegmentedRaftLogWorker] INFO  segmented.SegmentedRaftLogWorker (SegmentedRaftLogWorker.java:run(316)) - 062c71de-08d9-40ee-9309-15590e2e8e68@group-F01152B53F91-SegmentedRaftLogWorker was interrupted, exiting. There are 0 tasks remaining in the queue.
2019-10-22 00:13:18,766 [ForkJoinPool.commonPool-worker-0] INFO  segmented.SegmentedRaftLogWorker (SegmentedRaftLogWorker.java:close(224)) - 062c71de-08d9-40ee-9309-15590e2e8e68@group-F01152B53F91-SegmentedRaftLogWorker close()
2019-10-22 00:13:18,767 [ForkJoinPool.commonPool-worker-0] INFO  server.GrpcService (GrpcService.java:closeImpl(164)) - 062c71de-08d9-40ee-9309-15590e2e8e68: shutdown server with port 45598 now
2019-10-22 00:13:18,767 [ForkJoinPool.commonPool-worker-0] INFO  server.GrpcService (GrpcService.java:closeImpl(172)) - 062c71de-08d9-40ee-9309-15590e2e8e68: shutdown server with port 45598 successfully
2019-10-22 00:13:18,768 [2fdb3e93-e0d8-400e-8c33-91e2341b50c6@group-F01152B53F91-LeaderElection215] INFO  impl.LeaderElection (LogUtils.java:infoOrTrace(149)) - 2fdb3e93-e0d8-400e-8c33-91e2341b50c6@group-F01152B53F91-LeaderElection215 got exception when requesting votes: {}
java.util.concurrent.ExecutionException: org.apache.ratis.thirdparty.io.grpc.StatusRuntimeException: CANCELLED: HTTP/2 error code: CANCEL
Received Rst Stream
	at java.util.concurrent.FutureTask.report(FutureTask.java:122)
	at java.util.concurrent.FutureTask.get(FutureTask.java:192)
	at org.apache.ratis.server.impl.LeaderElection.waitForResults(LeaderElection.java:259)
	at org.apache.ratis.server.impl.LeaderElection.askForVotes(LeaderElection.java:197)
	at org.apache.ratis.server.impl.LeaderElection.run(LeaderElection.java:133)
	at java.lang.Thread.run(Thread.java:748)
Caused by: org.apache.ratis.thirdparty.io.grpc.StatusRuntimeException: CANCELLED: HTTP/2 error code: CANCEL
Received Rst Stream
	at org.apache.ratis.thirdparty.io.grpc.stub.ClientCalls.toStatusRuntimeException(ClientCalls.java:233)
	at org.apache.ratis.thirdparty.io.grpc.stub.ClientCalls.getUnchecked(ClientCalls.java:214)
	at org.apache.ratis.thirdparty.io.grpc.stub.ClientCalls.blockingUnaryCall(ClientCalls.java:139)
	at org.apache.ratis.proto.grpc.RaftServerProtocolServiceGrpc$RaftServerProtocolServiceBlockingStub.requestVote(RaftServerProtocolServiceGrpc.java:265)
	at org.apache.ratis.grpc.server.GrpcServerProtocolClient.requestVote(GrpcServerProtocolClient.java:99)
	at org.apache.ratis.grpc.server.GrpcService.requestVote(GrpcService.java:204)
	at org.apache.ratis.server.impl.LeaderElection.lambda$submitRequests$1(LeaderElection.java:234)
	at java.util.concurrent.FutureTask.run(FutureTask.java:266)
	at java.util.concurrent.Executors$RunnableAdapter.call(Executors.java:511)
	at java.util.concurrent.FutureTask.run(FutureTask.java:266)
	at java.util.concurrent.ThreadPoolExecutor.runWorker(ThreadPoolExecutor.java:1149)
	at java.util.concurrent.ThreadPoolExecutor$Worker.run(ThreadPoolExecutor.java:624)
	... 1 more
2019-10-22 00:13:18,768 [2fdb3e93-e0d8-400e-8c33-91e2341b50c6@group-F01152B53F91-LeaderElection215] INFO  impl.LeaderElection (LeaderElection.java:logAndReturn(56)) - 2fdb3e93-e0d8-400e-8c33-91e2341b50c6@group-F01152B53F91-LeaderElection215: Election REJECTED; received 0 response(s) [] and 2 exception(s); 2fdb3e93-e0d8-400e-8c33-91e2341b50c6@group-F01152B53F91:t214, leader=null, voted=2fdb3e93-e0d8-400e-8c33-91e2341b50c6, raftlog=2fdb3e93-e0d8-400e-8c33-91e2341b50c6@group-F01152B53F91-SegmentedRaftLog:OPENED:c-1,f-1,i0, conf=-1: [2fdb3e93-e0d8-400e-8c33-91e2341b50c6:192.168.157.254:43254, 062c71de-08d9-40ee-9309-15590e2e8e68:192.168.157.254:45598, 2a52019e-5647-44e1-bf30-9a43fd8a7377:192.168.157.254:36038], old=null
2019-10-22 00:13:18,768 [2fdb3e93-e0d8-400e-8c33-91e2341b50c6@group-F01152B53F91-LeaderElection215] INFO  impl.LeaderElection (LogUtils.java:infoOrTrace(149)) -   Exception 0: {}
java.util.concurrent.ExecutionException: org.apache.ratis.thirdparty.io.grpc.StatusRuntimeException: UNAVAILABLE: io exception
	at java.util.concurrent.FutureTask.report(FutureTask.java:122)
	at java.util.concurrent.FutureTask.get(FutureTask.java:192)
	at org.apache.ratis.server.impl.LeaderElection.waitForResults(LeaderElection.java:259)
	at org.apache.ratis.server.impl.LeaderElection.askForVotes(LeaderElection.java:197)
	at org.apache.ratis.server.impl.LeaderElection.run(LeaderElection.java:133)
	at java.lang.Thread.run(Thread.java:748)
Caused by: org.apache.ratis.thirdparty.io.grpc.StatusRuntimeException: UNAVAILABLE: io exception
	at org.apache.ratis.thirdparty.io.grpc.stub.ClientCalls.toStatusRuntimeException(ClientCalls.java:233)
	at org.apache.ratis.thirdparty.io.grpc.stub.ClientCalls.getUnchecked(ClientCalls.java:214)
	at org.apache.ratis.thirdparty.io.grpc.stub.ClientCalls.blockingUnaryCall(ClientCalls.java:139)
	at org.apache.ratis.proto.grpc.RaftServerProtocolServiceGrpc$RaftServerProtocolServiceBlockingStub.requestVote(RaftServerProtocolServiceGrpc.java:265)
	at org.apache.ratis.grpc.server.GrpcServerProtocolClient.requestVote(GrpcServerProtocolClient.java:99)
	at org.apache.ratis.grpc.server.GrpcService.requestVote(GrpcService.java:204)
	at org.apache.ratis.server.impl.LeaderElection.lambda$submitRequests$1(LeaderElection.java:234)
	at java.util.concurrent.FutureTask.run(FutureTask.java:266)
	at java.util.concurrent.Executors$RunnableAdapter.call(Executors.java:511)
	at java.util.concurrent.FutureTask.run(FutureTask.java:266)
	at java.util.concurrent.ThreadPoolExecutor.runWorker(ThreadPoolExecutor.java:1149)
	at java.util.concurrent.ThreadPoolExecutor$Worker.run(ThreadPoolExecutor.java:624)
	... 1 more
Caused by: org.apache.ratis.thirdparty.io.netty.channel.AbstractChannel$AnnotatedConnectException: Connection refused: /192.168.157.254:36038
	at sun.nio.ch.SocketChannelImpl.checkConnect(Native Method)
	at sun.nio.ch.SocketChannelImpl.finishConnect(SocketChannelImpl.java:717)
	at org.apache.ratis.thirdparty.io.netty.channel.socket.nio.NioSocketChannel.doFinishConnect(NioSocketChannel.java:327)
	at org.apache.ratis.thirdparty.io.netty.channel.nio.AbstractNioChannel$AbstractNioUnsafe.finishConnect(AbstractNioChannel.java:340)
	at org.apache.ratis.thirdparty.io.netty.channel.nio.NioEventLoop.processSelectedKey(NioEventLoop.java:632)
	at org.apache.ratis.thirdparty.io.netty.channel.nio.NioEventLoop.processSelectedKeysOptimized(NioEventLoop.java:579)
	at org.apache.ratis.thirdparty.io.netty.channel.nio.NioEventLoop.processSelectedKeys(NioEventLoop.java:496)
	at org.apache.ratis.thirdparty.io.netty.channel.nio.NioEventLoop.run(NioEventLoop.java:458)
	at org.apache.ratis.thirdparty.io.netty.util.concurrent.SingleThreadEventExecutor$5.run(SingleThreadEventExecutor.java:897)
	at org.apache.ratis.thirdparty.io.netty.util.concurrent.FastThreadLocalRunnable.run(FastThreadLocalRunnable.java:30)
	... 1 more
Caused by: java.net.ConnectException: Connection refused
	... 11 more
2019-10-22 00:13:18,768 [2fdb3e93-e0d8-400e-8c33-91e2341b50c6@group-F01152B53F91-LeaderElection215] INFO  impl.LeaderElection (LogUtils.java:infoOrTrace(149)) -   Exception 1: {}
java.util.concurrent.ExecutionException: org.apache.ratis.thirdparty.io.grpc.StatusRuntimeException: CANCELLED: HTTP/2 error code: CANCEL
Received Rst Stream
	at java.util.concurrent.FutureTask.report(FutureTask.java:122)
	at java.util.concurrent.FutureTask.get(FutureTask.java:192)
	at org.apache.ratis.server.impl.LeaderElection.waitForResults(LeaderElection.java:259)
	at org.apache.ratis.server.impl.LeaderElection.askForVotes(LeaderElection.java:197)
	at org.apache.ratis.server.impl.LeaderElection.run(LeaderElection.java:133)
	at java.lang.Thread.run(Thread.java:748)
Caused by: org.apache.ratis.thirdparty.io.grpc.StatusRuntimeException: CANCELLED: HTTP/2 error code: CANCEL
Received Rst Stream
	at org.apache.ratis.thirdparty.io.grpc.stub.ClientCalls.toStatusRuntimeException(ClientCalls.java:233)
	at org.apache.ratis.thirdparty.io.grpc.stub.ClientCalls.getUnchecked(ClientCalls.java:214)
	at org.apache.ratis.thirdparty.io.grpc.stub.ClientCalls.blockingUnaryCall(ClientCalls.java:139)
	at org.apache.ratis.proto.grpc.RaftServerProtocolServiceGrpc$RaftServerProtocolServiceBlockingStub.requestVote(RaftServerProtocolServiceGrpc.java:265)
	at org.apache.ratis.grpc.server.GrpcServerProtocolClient.requestVote(GrpcServerProtocolClient.java:99)
	at org.apache.ratis.grpc.server.GrpcService.requestVote(GrpcService.java:204)
	at org.apache.ratis.server.impl.LeaderElection.lambda$submitRequests$1(LeaderElection.java:234)
	at java.util.concurrent.FutureTask.run(FutureTask.java:266)
	at java.util.concurrent.Executors$RunnableAdapter.call(Executors.java:511)
	at java.util.concurrent.FutureTask.run(FutureTask.java:266)
	at java.util.concurrent.ThreadPoolExecutor.runWorker(ThreadPoolExecutor.java:1149)
	at java.util.concurrent.ThreadPoolExecutor$Worker.run(ThreadPoolExecutor.java:624)
	... 1 more
2019-10-22 00:13:18,769 [2fdb3e93-e0d8-400e-8c33-91e2341b50c6@group-F01152B53F91-LeaderElection215] INFO  impl.RaftServerImpl (RaftServerImpl.java:setRole(184)) - 2fdb3e93-e0d8-400e-8c33-91e2341b50c6@group-F01152B53F91: changes role from CANDIDATE to FOLLOWER at term 214 for DISCOVERED_A_NEW_TERM
2019-10-22 00:13:18,769 [2fdb3e93-e0d8-400e-8c33-91e2341b50c6@group-F01152B53F91-LeaderElection215] INFO  impl.RoleInfo (RoleInfo.java:shutdownLeaderElection(134)) - 2fdb3e93-e0d8-400e-8c33-91e2341b50c6: shutdown LeaderElection
2019-10-22 00:13:18,769 [2fdb3e93-e0d8-400e-8c33-91e2341b50c6@group-F01152B53F91-LeaderElection215] INFO  impl.RoleInfo (RoleInfo.java:updateAndGet(143)) - 2fdb3e93-e0d8-400e-8c33-91e2341b50c6: start FollowerState
2019-10-22 00:13:18,771 [refreshUsed-/workdir/hadoop-ozone/integration-test/target/test-dir/MiniOzoneClusterImpl-8b64dd99-cfc4-48e3-b5ea-61cd2ec80401/datanode-4/data/containers] WARN  fs.CachingGetSpaceUsed (CachingGetSpaceUsed.java:run(183)) - Thread Interrupted waiting to refresh disk information: sleep interrupted
2019-10-22 00:13:18,784 [ForkJoinPool.commonPool-worker-0] INFO  utils.BackgroundService (BackgroundService.java:shutdown(151)) - Shutting down service BlockDeletingService
2019-10-22 00:13:18,787 [ForkJoinPool.commonPool-worker-0] INFO  statemachine.DatanodeStateMachine (DatanodeStateMachine.java:stopDaemon(395)) - Ozone container server stopped.
2019-10-22 00:13:18,790 [ForkJoinPool.commonPool-worker-0] INFO  handler.ContextHandler (ContextHandler.java:doStop(910)) - Stopped o.e.j.w.WebAppContext@7ecec90d{/,null,UNAVAILABLE}{/hddsDatanode}
2019-10-22 00:13:18,790 [ForkJoinPool.commonPool-worker-0] INFO  server.AbstractConnector (AbstractConnector.java:doStop(318)) - Stopped ServerConnector@588f63c{HTTP/1.1,[http/1.1]}{0.0.0.0:0}
2019-10-22 00:13:18,791 [ForkJoinPool.commonPool-worker-0] INFO  handler.ContextHandler (ContextHandler.java:doStop(910)) - Stopped o.e.j.s.ServletContextHandler@712cfb63{/static,jar:file:/home/user/.m2/repository/org/apache/hadoop/hadoop-hdds-container-service/0.5.0-SNAPSHOT/hadoop-hdds-container-service-0.5.0-SNAPSHOT.jar!/webapps/static,UNAVAILABLE}
2019-10-22 00:13:18,792 [ForkJoinPool.commonPool-worker-0] INFO  handler.ContextHandler (ContextHandler.java:doStop(910)) - Stopped o.e.j.s.ServletContextHandler@726aa968{/logs,file:///workdir/hadoop-ozone/integration-test/target/log,UNAVAILABLE}
2019-10-22 00:13:18,798 [java.util.concurrent.ThreadPoolExecutor$Worker@c41ae0f[State = -1, empty queue]] WARN  server.GrpcLogAppender (GrpcLogAppender.java:timeoutAppendRequest(209)) - fad63ceb-ed14-4322-905d-6ef3599ac734@group-0045C62F497D->5732e052-e19f-40fe-a104-972211db20fb-GrpcLogAppender: appendEntries Timeout, request=fad63ceb-ed14-4322-905d-6ef3599ac734->5732e052-e19f-40fe-a104-972211db20fb#48-t1, previous=(t:1, i:0), leaderCommit=0, initializing? false, entries: <empty>
2019-10-22 00:13:18,913 [Thread-1895] INFO  impl.FollowerState (FollowerState.java:run(108)) - 2fdb3e93-e0d8-400e-8c33-91e2341b50c6@group-F01152B53F91-FollowerState: change to CANDIDATE, lastRpcTime:144ms, electionTimeout:144ms
2019-10-22 00:13:18,913 [Thread-1895] INFO  impl.RoleInfo (RoleInfo.java:shutdownFollowerState(121)) - 2fdb3e93-e0d8-400e-8c33-91e2341b50c6: shutdown FollowerState
2019-10-22 00:13:18,913 [Thread-1895] INFO  impl.RaftServerImpl (RaftServerImpl.java:setRole(184)) - 2fdb3e93-e0d8-400e-8c33-91e2341b50c6@group-F01152B53F91: changes role from  FOLLOWER to CANDIDATE at term 214 for changeToCandidate
2019-10-22 00:13:18,914 [Thread-1895] INFO  impl.RoleInfo (RoleInfo.java:updateAndGet(143)) - 2fdb3e93-e0d8-400e-8c33-91e2341b50c6: start LeaderElection
2019-10-22 00:13:18,923 [2fdb3e93-e0d8-400e-8c33-91e2341b50c6@group-F01152B53F91-LeaderElection216] INFO  impl.LeaderElection (LeaderElection.java:askForVotes(178)) - 2fdb3e93-e0d8-400e-8c33-91e2341b50c6@group-F01152B53F91-LeaderElection216: begin an election at term 215 for -1: [2fdb3e93-e0d8-400e-8c33-91e2341b50c6:192.168.157.254:43254, 062c71de-08d9-40ee-9309-15590e2e8e68:192.168.157.254:45598, 2a52019e-5647-44e1-bf30-9a43fd8a7377:192.168.157.254:36038], old=null
2019-10-22 00:13:18,924 [2fdb3e93-e0d8-400e-8c33-91e2341b50c6@group-F01152B53F91-LeaderElection216] INFO  impl.LeaderElection (LogUtils.java:infoOrTrace(149)) - 2fdb3e93-e0d8-400e-8c33-91e2341b50c6@group-F01152B53F91-LeaderElection216 got exception when requesting votes: {}
java.util.concurrent.ExecutionException: org.apache.ratis.thirdparty.io.grpc.StatusRuntimeException: UNAVAILABLE: io exception
	at java.util.concurrent.FutureTask.report(FutureTask.java:122)
	at java.util.concurrent.FutureTask.get(FutureTask.java:192)
	at org.apache.ratis.server.impl.LeaderElection.waitForResults(LeaderElection.java:259)
	at org.apache.ratis.server.impl.LeaderElection.askForVotes(LeaderElection.java:197)
	at org.apache.ratis.server.impl.LeaderElection.run(LeaderElection.java:133)
	at java.lang.Thread.run(Thread.java:748)
Caused by: org.apache.ratis.thirdparty.io.grpc.StatusRuntimeException: UNAVAILABLE: io exception
	at org.apache.ratis.thirdparty.io.grpc.stub.ClientCalls.toStatusRuntimeException(ClientCalls.java:233)
	at org.apache.ratis.thirdparty.io.grpc.stub.ClientCalls.getUnchecked(ClientCalls.java:214)
	at org.apache.ratis.thirdparty.io.grpc.stub.ClientCalls.blockingUnaryCall(ClientCalls.java:139)
	at org.apache.ratis.proto.grpc.RaftServerProtocolServiceGrpc$RaftServerProtocolServiceBlockingStub.requestVote(RaftServerProtocolServiceGrpc.java:265)
	at org.apache.ratis.grpc.server.GrpcServerProtocolClient.requestVote(GrpcServerProtocolClient.java:99)
	at org.apache.ratis.grpc.server.GrpcService.requestVote(GrpcService.java:204)
	at org.apache.ratis.server.impl.LeaderElection.lambda$submitRequests$1(LeaderElection.java:234)
	at java.util.concurrent.FutureTask.run(FutureTask.java:266)
	at java.util.concurrent.Executors$RunnableAdapter.call(Executors.java:511)
	at java.util.concurrent.FutureTask.run(FutureTask.java:266)
	at java.util.concurrent.ThreadPoolExecutor.runWorker(ThreadPoolExecutor.java:1149)
	at java.util.concurrent.ThreadPoolExecutor$Worker.run(ThreadPoolExecutor.java:624)
	... 1 more
Caused by: org.apache.ratis.thirdparty.io.netty.channel.AbstractChannel$AnnotatedConnectException: Connection refused: /192.168.157.254:36038
	at sun.nio.ch.SocketChannelImpl.checkConnect(Native Method)
	at sun.nio.ch.SocketChannelImpl.finishConnect(SocketChannelImpl.java:717)
	at org.apache.ratis.thirdparty.io.netty.channel.socket.nio.NioSocketChannel.doFinishConnect(NioSocketChannel.java:327)
	at org.apache.ratis.thirdparty.io.netty.channel.nio.AbstractNioChannel$AbstractNioUnsafe.finishConnect(AbstractNioChannel.java:340)
	at org.apache.ratis.thirdparty.io.netty.channel.nio.NioEventLoop.processSelectedKey(NioEventLoop.java:632)
	at org.apache.ratis.thirdparty.io.netty.channel.nio.NioEventLoop.processSelectedKeysOptimized(NioEventLoop.java:579)
	at org.apache.ratis.thirdparty.io.netty.channel.nio.NioEventLoop.processSelectedKeys(NioEventLoop.java:496)
	at org.apache.ratis.thirdparty.io.netty.channel.nio.NioEventLoop.run(NioEventLoop.java:458)
	at org.apache.ratis.thirdparty.io.netty.util.concurrent.SingleThreadEventExecutor$5.run(SingleThreadEventExecutor.java:897)
	at org.apache.ratis.thirdparty.io.netty.util.concurrent.FastThreadLocalRunnable.run(FastThreadLocalRunnable.java:30)
	... 1 more
Caused by: java.net.ConnectException: Connection refused
	... 11 more
2019-10-22 00:13:18,925 [2fdb3e93-e0d8-400e-8c33-91e2341b50c6@group-F01152B53F91-LeaderElection216] INFO  impl.LeaderElection (LogUtils.java:infoOrTrace(149)) - 2fdb3e93-e0d8-400e-8c33-91e2341b50c6@group-F01152B53F91-LeaderElection216 got exception when requesting votes: {}
java.util.concurrent.ExecutionException: org.apache.ratis.thirdparty.io.grpc.StatusRuntimeException: UNAVAILABLE: io exception
	at java.util.concurrent.FutureTask.report(FutureTask.java:122)
	at java.util.concurrent.FutureTask.get(FutureTask.java:192)
	at org.apache.ratis.server.impl.LeaderElection.waitForResults(LeaderElection.java:259)
	at org.apache.ratis.server.impl.LeaderElection.askForVotes(LeaderElection.java:197)
	at org.apache.ratis.server.impl.LeaderElection.run(LeaderElection.java:133)
	at java.lang.Thread.run(Thread.java:748)
Caused by: org.apache.ratis.thirdparty.io.grpc.StatusRuntimeException: UNAVAILABLE: io exception
	at org.apache.ratis.thirdparty.io.grpc.stub.ClientCalls.toStatusRuntimeException(ClientCalls.java:233)
	at org.apache.ratis.thirdparty.io.grpc.stub.ClientCalls.getUnchecked(ClientCalls.java:214)
	at org.apache.ratis.thirdparty.io.grpc.stub.ClientCalls.blockingUnaryCall(ClientCalls.java:139)
	at org.apache.ratis.proto.grpc.RaftServerProtocolServiceGrpc$RaftServerProtocolServiceBlockingStub.requestVote(RaftServerProtocolServiceGrpc.java:265)
	at org.apache.ratis.grpc.server.GrpcServerProtocolClient.requestVote(GrpcServerProtocolClient.java:99)
	at org.apache.ratis.grpc.server.GrpcService.requestVote(GrpcService.java:204)
	at org.apache.ratis.server.impl.LeaderElection.lambda$submitRequests$1(LeaderElection.java:234)
	at java.util.concurrent.FutureTask.run(FutureTask.java:266)
	at java.util.concurrent.Executors$RunnableAdapter.call(Executors.java:511)
	at java.util.concurrent.FutureTask.run(FutureTask.java:266)
	at java.util.concurrent.ThreadPoolExecutor.runWorker(ThreadPoolExecutor.java:1149)
	at java.util.concurrent.ThreadPoolExecutor$Worker.run(ThreadPoolExecutor.java:624)
	... 1 more
Caused by: org.apache.ratis.thirdparty.io.netty.channel.AbstractChannel$AnnotatedConnectException: Connection refused: /192.168.157.254:45598
	at sun.nio.ch.SocketChannelImpl.checkConnect(Native Method)
	at sun.nio.ch.SocketChannelImpl.finishConnect(SocketChannelImpl.java:717)
	at org.apache.ratis.thirdparty.io.netty.channel.socket.nio.NioSocketChannel.doFinishConnect(NioSocketChannel.java:327)
	at org.apache.ratis.thirdparty.io.netty.channel.nio.AbstractNioChannel$AbstractNioUnsafe.finishConnect(AbstractNioChannel.java:340)
	at org.apache.ratis.thirdparty.io.netty.channel.nio.NioEventLoop.processSelectedKey(NioEventLoop.java:632)
	at org.apache.ratis.thirdparty.io.netty.channel.nio.NioEventLoop.processSelectedKeysOptimized(NioEventLoop.java:579)
	at org.apache.ratis.thirdparty.io.netty.channel.nio.NioEventLoop.processSelectedKeys(NioEventLoop.java:496)
	at org.apache.ratis.thirdparty.io.netty.channel.nio.NioEventLoop.run(NioEventLoop.java:458)
	at org.apache.ratis.thirdparty.io.netty.util.concurrent.SingleThreadEventExecutor$5.run(SingleThreadEventExecutor.java:897)
	at org.apache.ratis.thirdparty.io.netty.util.concurrent.FastThreadLocalRunnable.run(FastThreadLocalRunnable.java:30)
	... 1 more
Caused by: java.net.ConnectException: Connection refused
	... 11 more
2019-10-22 00:13:18,926 [2fdb3e93-e0d8-400e-8c33-91e2341b50c6@group-F01152B53F91-LeaderElection216] INFO  impl.LeaderElection (LeaderElection.java:logAndReturn(56)) - 2fdb3e93-e0d8-400e-8c33-91e2341b50c6@group-F01152B53F91-LeaderElection216: Election REJECTED; received 0 response(s) [] and 2 exception(s); 2fdb3e93-e0d8-400e-8c33-91e2341b50c6@group-F01152B53F91:t215, leader=null, voted=2fdb3e93-e0d8-400e-8c33-91e2341b50c6, raftlog=2fdb3e93-e0d8-400e-8c33-91e2341b50c6@group-F01152B53F91-SegmentedRaftLog:OPENED:c-1,f-1,i0, conf=-1: [2fdb3e93-e0d8-400e-8c33-91e2341b50c6:192.168.157.254:43254, 062c71de-08d9-40ee-9309-15590e2e8e68:192.168.157.254:45598, 2a52019e-5647-44e1-bf30-9a43fd8a7377:192.168.157.254:36038], old=null
2019-10-22 00:13:18,926 [2fdb3e93-e0d8-400e-8c33-91e2341b50c6@group-F01152B53F91-LeaderElection216] INFO  impl.LeaderElection (LogUtils.java:infoOrTrace(149)) -   Exception 0: {}
java.util.concurrent.ExecutionException: org.apache.ratis.thirdparty.io.grpc.StatusRuntimeException: UNAVAILABLE: io exception
	at java.util.concurrent.FutureTask.report(FutureTask.java:122)
	at java.util.concurrent.FutureTask.get(FutureTask.java:192)
	at org.apache.ratis.server.impl.LeaderElection.waitForResults(LeaderElection.java:259)
	at org.apache.ratis.server.impl.LeaderElection.askForVotes(LeaderElection.java:197)
	at org.apache.ratis.server.impl.LeaderElection.run(LeaderElection.java:133)
	at java.lang.Thread.run(Thread.java:748)
Caused by: org.apache.ratis.thirdparty.io.grpc.StatusRuntimeException: UNAVAILABLE: io exception
	at org.apache.ratis.thirdparty.io.grpc.stub.ClientCalls.toStatusRuntimeException(ClientCalls.java:233)
	at org.apache.ratis.thirdparty.io.grpc.stub.ClientCalls.getUnchecked(ClientCalls.java:214)
	at org.apache.ratis.thirdparty.io.grpc.stub.ClientCalls.blockingUnaryCall(ClientCalls.java:139)
	at org.apache.ratis.proto.grpc.RaftServerProtocolServiceGrpc$RaftServerProtocolServiceBlockingStub.requestVote(RaftServerProtocolServiceGrpc.java:265)
	at org.apache.ratis.grpc.server.GrpcServerProtocolClient.requestVote(GrpcServerProtocolClient.java:99)
	at org.apache.ratis.grpc.server.GrpcService.requestVote(GrpcService.java:204)
	at org.apache.ratis.server.impl.LeaderElection.lambda$submitRequests$1(LeaderElection.java:234)
	at java.util.concurrent.FutureTask.run(FutureTask.java:266)
	at java.util.concurrent.Executors$RunnableAdapter.call(Executors.java:511)
	at java.util.concurrent.FutureTask.run(FutureTask.java:266)
	at java.util.concurrent.ThreadPoolExecutor.runWorker(ThreadPoolExecutor.java:1149)
	at java.util.concurrent.ThreadPoolExecutor$Worker.run(ThreadPoolExecutor.java:624)
	... 1 more
Caused by: org.apache.ratis.thirdparty.io.netty.channel.AbstractChannel$AnnotatedConnectException: Connection refused: /192.168.157.254:36038
	at sun.nio.ch.SocketChannelImpl.checkConnect(Native Method)
	at sun.nio.ch.SocketChannelImpl.finishConnect(SocketChannelImpl.java:717)
	at org.apache.ratis.thirdparty.io.netty.channel.socket.nio.NioSocketChannel.doFinishConnect(NioSocketChannel.java:327)
	at org.apache.ratis.thirdparty.io.netty.channel.nio.AbstractNioChannel$AbstractNioUnsafe.finishConnect(AbstractNioChannel.java:340)
	at org.apache.ratis.thirdparty.io.netty.channel.nio.NioEventLoop.processSelectedKey(NioEventLoop.java:632)
	at org.apache.ratis.thirdparty.io.netty.channel.nio.NioEventLoop.processSelectedKeysOptimized(NioEventLoop.java:579)
	at org.apache.ratis.thirdparty.io.netty.channel.nio.NioEventLoop.processSelectedKeys(NioEventLoop.java:496)
	at org.apache.ratis.thirdparty.io.netty.channel.nio.NioEventLoop.run(NioEventLoop.java:458)
	at org.apache.ratis.thirdparty.io.netty.util.concurrent.SingleThreadEventExecutor$5.run(SingleThreadEventExecutor.java:897)
	at org.apache.ratis.thirdparty.io.netty.util.concurrent.FastThreadLocalRunnable.run(FastThreadLocalRunnable.java:30)
	... 1 more
Caused by: java.net.ConnectException: Connection refused
	... 11 more
2019-10-22 00:13:18,926 [2fdb3e93-e0d8-400e-8c33-91e2341b50c6@group-F01152B53F91-LeaderElection216] INFO  impl.LeaderElection (LogUtils.java:infoOrTrace(149)) -   Exception 1: {}
java.util.concurrent.ExecutionException: org.apache.ratis.thirdparty.io.grpc.StatusRuntimeException: UNAVAILABLE: io exception
	at java.util.concurrent.FutureTask.report(FutureTask.java:122)
	at java.util.concurrent.FutureTask.get(FutureTask.java:192)
	at org.apache.ratis.server.impl.LeaderElection.waitForResults(LeaderElection.java:259)
	at org.apache.ratis.server.impl.LeaderElection.askForVotes(LeaderElection.java:197)
	at org.apache.ratis.server.impl.LeaderElection.run(LeaderElection.java:133)
	at java.lang.Thread.run(Thread.java:748)
Caused by: org.apache.ratis.thirdparty.io.grpc.StatusRuntimeException: UNAVAILABLE: io exception
	at org.apache.ratis.thirdparty.io.grpc.stub.ClientCalls.toStatusRuntimeException(ClientCalls.java:233)
	at org.apache.ratis.thirdparty.io.grpc.stub.ClientCalls.getUnchecked(ClientCalls.java:214)
	at org.apache.ratis.thirdparty.io.grpc.stub.ClientCalls.blockingUnaryCall(ClientCalls.java:139)
	at org.apache.ratis.proto.grpc.RaftServerProtocolServiceGrpc$RaftServerProtocolServiceBlockingStub.requestVote(RaftServerProtocolServiceGrpc.java:265)
	at org.apache.ratis.grpc.server.GrpcServerProtocolClient.requestVote(GrpcServerProtocolClient.java:99)
	at org.apache.ratis.grpc.server.GrpcService.requestVote(GrpcService.java:204)
	at org.apache.ratis.server.impl.LeaderElection.lambda$submitRequests$1(LeaderElection.java:234)
	at java.util.concurrent.FutureTask.run(FutureTask.java:266)
	at java.util.concurrent.Executors$RunnableAdapter.call(Executors.java:511)
	at java.util.concurrent.FutureTask.run(FutureTask.java:266)
	at java.util.concurrent.ThreadPoolExecutor.runWorker(ThreadPoolExecutor.java:1149)
	at java.util.concurrent.ThreadPoolExecutor$Worker.run(ThreadPoolExecutor.java:624)
	... 1 more
Caused by: org.apache.ratis.thirdparty.io.netty.channel.AbstractChannel$AnnotatedConnectException: Connection refused: /192.168.157.254:45598
	at sun.nio.ch.SocketChannelImpl.checkConnect(Native Method)
	at sun.nio.ch.SocketChannelImpl.finishConnect(SocketChannelImpl.java:717)
	at org.apache.ratis.thirdparty.io.netty.channel.socket.nio.NioSocketChannel.doFinishConnect(NioSocketChannel.java:327)
	at org.apache.ratis.thirdparty.io.netty.channel.nio.AbstractNioChannel$AbstractNioUnsafe.finishConnect(AbstractNioChannel.java:340)
	at org.apache.ratis.thirdparty.io.netty.channel.nio.NioEventLoop.processSelectedKey(NioEventLoop.java:632)
	at org.apache.ratis.thirdparty.io.netty.channel.nio.NioEventLoop.processSelectedKeysOptimized(NioEventLoop.java:579)
	at org.apache.ratis.thirdparty.io.netty.channel.nio.NioEventLoop.processSelectedKeys(NioEventLoop.java:496)
	at org.apache.ratis.thirdparty.io.netty.channel.nio.NioEventLoop.run(NioEventLoop.java:458)
	at org.apache.ratis.thirdparty.io.netty.util.concurrent.SingleThreadEventExecutor$5.run(SingleThreadEventExecutor.java:897)
	at org.apache.ratis.thirdparty.io.netty.util.concurrent.FastThreadLocalRunnable.run(FastThreadLocalRunnable.java:30)
	... 1 more
Caused by: java.net.ConnectException: Connection refused
	... 11 more
2019-10-22 00:13:18,927 [2fdb3e93-e0d8-400e-8c33-91e2341b50c6@group-F01152B53F91-LeaderElection216] INFO  impl.RaftServerImpl (RaftServerImpl.java:setRole(184)) - 2fdb3e93-e0d8-400e-8c33-91e2341b50c6@group-F01152B53F91: changes role from CANDIDATE to FOLLOWER at term 215 for DISCOVERED_A_NEW_TERM
2019-10-22 00:13:18,927 [2fdb3e93-e0d8-400e-8c33-91e2341b50c6@group-F01152B53F91-LeaderElection216] INFO  impl.RoleInfo (RoleInfo.java:shutdownLeaderElection(134)) - 2fdb3e93-e0d8-400e-8c33-91e2341b50c6: shutdown LeaderElection
2019-10-22 00:13:18,927 [2fdb3e93-e0d8-400e-8c33-91e2341b50c6@group-F01152B53F91-LeaderElection216] INFO  impl.RoleInfo (RoleInfo.java:updateAndGet(143)) - 2fdb3e93-e0d8-400e-8c33-91e2341b50c6: start FollowerState
2019-10-22 00:13:19,040 [Thread-1899] INFO  impl.FollowerState (FollowerState.java:run(108)) - 2fdb3e93-e0d8-400e-8c33-91e2341b50c6@group-F01152B53F91-FollowerState: change to CANDIDATE, lastRpcTime:113ms, electionTimeout:113ms
2019-10-22 00:13:19,040 [Thread-1899] INFO  impl.RoleInfo (RoleInfo.java:shutdownFollowerState(121)) - 2fdb3e93-e0d8-400e-8c33-91e2341b50c6: shutdown FollowerState
2019-10-22 00:13:19,040 [Thread-1899] INFO  impl.RaftServerImpl (RaftServerImpl.java:setRole(184)) - 2fdb3e93-e0d8-400e-8c33-91e2341b50c6@group-F01152B53F91: changes role from  FOLLOWER to CANDIDATE at term 215 for changeToCandidate
2019-10-22 00:13:19,041 [Thread-1899] INFO  impl.RoleInfo (RoleInfo.java:updateAndGet(143)) - 2fdb3e93-e0d8-400e-8c33-91e2341b50c6: start LeaderElection
2019-10-22 00:13:19,054 [2fdb3e93-e0d8-400e-8c33-91e2341b50c6@group-F01152B53F91-LeaderElection217] INFO  impl.LeaderElection (LeaderElection.java:askForVotes(178)) - 2fdb3e93-e0d8-400e-8c33-91e2341b50c6@group-F01152B53F91-LeaderElection217: begin an election at term 216 for -1: [2fdb3e93-e0d8-400e-8c33-91e2341b50c6:192.168.157.254:43254, 062c71de-08d9-40ee-9309-15590e2e8e68:192.168.157.254:45598, 2a52019e-5647-44e1-bf30-9a43fd8a7377:192.168.157.254:36038], old=null
2019-10-22 00:13:19,055 [2fdb3e93-e0d8-400e-8c33-91e2341b50c6@group-F01152B53F91-LeaderElection217] INFO  impl.LeaderElection (LogUtils.java:infoOrTrace(149)) - 2fdb3e93-e0d8-400e-8c33-91e2341b50c6@group-F01152B53F91-LeaderElection217 got exception when requesting votes: {}
java.util.concurrent.ExecutionException: org.apache.ratis.thirdparty.io.grpc.StatusRuntimeException: UNAVAILABLE: io exception
	at java.util.concurrent.FutureTask.report(FutureTask.java:122)
	at java.util.concurrent.FutureTask.get(FutureTask.java:192)
	at org.apache.ratis.server.impl.LeaderElection.waitForResults(LeaderElection.java:259)
	at org.apache.ratis.server.impl.LeaderElection.askForVotes(LeaderElection.java:197)
	at org.apache.ratis.server.impl.LeaderElection.run(LeaderElection.java:133)
	at java.lang.Thread.run(Thread.java:748)
Caused by: org.apache.ratis.thirdparty.io.grpc.StatusRuntimeException: UNAVAILABLE: io exception
	at org.apache.ratis.thirdparty.io.grpc.stub.ClientCalls.toStatusRuntimeException(ClientCalls.java:233)
	at org.apache.ratis.thirdparty.io.grpc.stub.ClientCalls.getUnchecked(ClientCalls.java:214)
	at org.apache.ratis.thirdparty.io.grpc.stub.ClientCalls.blockingUnaryCall(ClientCalls.java:139)
	at org.apache.ratis.proto.grpc.RaftServerProtocolServiceGrpc$RaftServerProtocolServiceBlockingStub.requestVote(RaftServerProtocolServiceGrpc.java:265)
	at org.apache.ratis.grpc.server.GrpcServerProtocolClient.requestVote(GrpcServerProtocolClient.java:99)
	at org.apache.ratis.grpc.server.GrpcService.requestVote(GrpcService.java:204)
	at org.apache.ratis.server.impl.LeaderElection.lambda$submitRequests$1(LeaderElection.java:234)
	at java.util.concurrent.FutureTask.run(FutureTask.java:266)
	at java.util.concurrent.Executors$RunnableAdapter.call(Executors.java:511)
	at java.util.concurrent.FutureTask.run(FutureTask.java:266)
	at java.util.concurrent.ThreadPoolExecutor.runWorker(ThreadPoolExecutor.java:1149)
	at java.util.concurrent.ThreadPoolExecutor$Worker.run(ThreadPoolExecutor.java:624)
	... 1 more
Caused by: org.apache.ratis.thirdparty.io.netty.channel.AbstractChannel$AnnotatedConnectException: Connection refused: /192.168.157.254:36038
	at sun.nio.ch.SocketChannelImpl.checkConnect(Native Method)
	at sun.nio.ch.SocketChannelImpl.finishConnect(SocketChannelImpl.java:717)
	at org.apache.ratis.thirdparty.io.netty.channel.socket.nio.NioSocketChannel.doFinishConnect(NioSocketChannel.java:327)
	at org.apache.ratis.thirdparty.io.netty.channel.nio.AbstractNioChannel$AbstractNioUnsafe.finishConnect(AbstractNioChannel.java:340)
	at org.apache.ratis.thirdparty.io.netty.channel.nio.NioEventLoop.processSelectedKey(NioEventLoop.java:632)
	at org.apache.ratis.thirdparty.io.netty.channel.nio.NioEventLoop.processSelectedKeysOptimized(NioEventLoop.java:579)
	at org.apache.ratis.thirdparty.io.netty.channel.nio.NioEventLoop.processSelectedKeys(NioEventLoop.java:496)
	at org.apache.ratis.thirdparty.io.netty.channel.nio.NioEventLoop.run(NioEventLoop.java:458)
	at org.apache.ratis.thirdparty.io.netty.util.concurrent.SingleThreadEventExecutor$5.run(SingleThreadEventExecutor.java:897)
	at org.apache.ratis.thirdparty.io.netty.util.concurrent.FastThreadLocalRunnable.run(FastThreadLocalRunnable.java:30)
	... 1 more
Caused by: java.net.ConnectException: Connection refused
	... 11 more
2019-10-22 00:13:19,055 [2fdb3e93-e0d8-400e-8c33-91e2341b50c6@group-F01152B53F91-LeaderElection217] INFO  impl.LeaderElection (LogUtils.java:infoOrTrace(149)) - 2fdb3e93-e0d8-400e-8c33-91e2341b50c6@group-F01152B53F91-LeaderElection217 got exception when requesting votes: {}
java.util.concurrent.ExecutionException: org.apache.ratis.thirdparty.io.grpc.StatusRuntimeException: UNAVAILABLE: io exception
	at java.util.concurrent.FutureTask.report(FutureTask.java:122)
	at java.util.concurrent.FutureTask.get(FutureTask.java:192)
	at org.apache.ratis.server.impl.LeaderElection.waitForResults(LeaderElection.java:259)
	at org.apache.ratis.server.impl.LeaderElection.askForVotes(LeaderElection.java:197)
	at org.apache.ratis.server.impl.LeaderElection.run(LeaderElection.java:133)
	at java.lang.Thread.run(Thread.java:748)
Caused by: org.apache.ratis.thirdparty.io.grpc.StatusRuntimeException: UNAVAILABLE: io exception
	at org.apache.ratis.thirdparty.io.grpc.stub.ClientCalls.toStatusRuntimeException(ClientCalls.java:233)
	at org.apache.ratis.thirdparty.io.grpc.stub.ClientCalls.getUnchecked(ClientCalls.java:214)
	at org.apache.ratis.thirdparty.io.grpc.stub.ClientCalls.blockingUnaryCall(ClientCalls.java:139)
	at org.apache.ratis.proto.grpc.RaftServerProtocolServiceGrpc$RaftServerProtocolServiceBlockingStub.requestVote(RaftServerProtocolServiceGrpc.java:265)
	at org.apache.ratis.grpc.server.GrpcServerProtocolClient.requestVote(GrpcServerProtocolClient.java:99)
	at org.apache.ratis.grpc.server.GrpcService.requestVote(GrpcService.java:204)
	at org.apache.ratis.server.impl.LeaderElection.lambda$submitRequests$1(LeaderElection.java:234)
	at java.util.concurrent.FutureTask.run(FutureTask.java:266)
	at java.util.concurrent.Executors$RunnableAdapter.call(Executors.java:511)
	at java.util.concurrent.FutureTask.run(FutureTask.java:266)
	at java.util.concurrent.ThreadPoolExecutor.runWorker(ThreadPoolExecutor.java:1149)
	at java.util.concurrent.ThreadPoolExecutor$Worker.run(ThreadPoolExecutor.java:624)
	... 1 more
Caused by: org.apache.ratis.thirdparty.io.netty.channel.AbstractChannel$AnnotatedConnectException: Connection refused: /192.168.157.254:45598
	at sun.nio.ch.SocketChannelImpl.checkConnect(Native Method)
	at sun.nio.ch.SocketChannelImpl.finishConnect(SocketChannelImpl.java:717)
	at org.apache.ratis.thirdparty.io.netty.channel.socket.nio.NioSocketChannel.doFinishConnect(NioSocketChannel.java:327)
	at org.apache.ratis.thirdparty.io.netty.channel.nio.AbstractNioChannel$AbstractNioUnsafe.finishConnect(AbstractNioChannel.java:340)
	at org.apache.ratis.thirdparty.io.netty.channel.nio.NioEventLoop.processSelectedKey(NioEventLoop.java:632)
	at org.apache.ratis.thirdparty.io.netty.channel.nio.NioEventLoop.processSelectedKeysOptimized(NioEventLoop.java:579)
	at org.apache.ratis.thirdparty.io.netty.channel.nio.NioEventLoop.processSelectedKeys(NioEventLoop.java:496)
	at org.apache.ratis.thirdparty.io.netty.channel.nio.NioEventLoop.run(NioEventLoop.java:458)
	at org.apache.ratis.thirdparty.io.netty.util.concurrent.SingleThreadEventExecutor$5.run(SingleThreadEventExecutor.java:897)
	at org.apache.ratis.thirdparty.io.netty.util.concurrent.FastThreadLocalRunnable.run(FastThreadLocalRunnable.java:30)
	... 1 more
Caused by: java.net.ConnectException: Connection refused
	... 11 more
2019-10-22 00:13:19,056 [2fdb3e93-e0d8-400e-8c33-91e2341b50c6@group-F01152B53F91-LeaderElection217] INFO  impl.LeaderElection (LeaderElection.java:logAndReturn(56)) - 2fdb3e93-e0d8-400e-8c33-91e2341b50c6@group-F01152B53F91-LeaderElection217: Election REJECTED; received 0 response(s) [] and 2 exception(s); 2fdb3e93-e0d8-400e-8c33-91e2341b50c6@group-F01152B53F91:t216, leader=null, voted=2fdb3e93-e0d8-400e-8c33-91e2341b50c6, raftlog=2fdb3e93-e0d8-400e-8c33-91e2341b50c6@group-F01152B53F91-SegmentedRaftLog:OPENED:c-1,f-1,i0, conf=-1: [2fdb3e93-e0d8-400e-8c33-91e2341b50c6:192.168.157.254:43254, 062c71de-08d9-40ee-9309-15590e2e8e68:192.168.157.254:45598, 2a52019e-5647-44e1-bf30-9a43fd8a7377:192.168.157.254:36038], old=null
2019-10-22 00:13:19,056 [2fdb3e93-e0d8-400e-8c33-91e2341b50c6@group-F01152B53F91-LeaderElection217] INFO  impl.LeaderElection (LogUtils.java:infoOrTrace(149)) -   Exception 0: {}
java.util.concurrent.ExecutionException: org.apache.ratis.thirdparty.io.grpc.StatusRuntimeException: UNAVAILABLE: io exception
	at java.util.concurrent.FutureTask.report(FutureTask.java:122)
	at java.util.concurrent.FutureTask.get(FutureTask.java:192)
	at org.apache.ratis.server.impl.LeaderElection.waitForResults(LeaderElection.java:259)
	at org.apache.ratis.server.impl.LeaderElection.askForVotes(LeaderElection.java:197)
	at org.apache.ratis.server.impl.LeaderElection.run(LeaderElection.java:133)
	at java.lang.Thread.run(Thread.java:748)
Caused by: org.apache.ratis.thirdparty.io.grpc.StatusRuntimeException: UNAVAILABLE: io exception
	at org.apache.ratis.thirdparty.io.grpc.stub.ClientCalls.toStatusRuntimeException(ClientCalls.java:233)
	at org.apache.ratis.thirdparty.io.grpc.stub.ClientCalls.getUnchecked(ClientCalls.java:214)
	at org.apache.ratis.thirdparty.io.grpc.stub.ClientCalls.blockingUnaryCall(ClientCalls.java:139)
	at org.apache.ratis.proto.grpc.RaftServerProtocolServiceGrpc$RaftServerProtocolServiceBlockingStub.requestVote(RaftServerProtocolServiceGrpc.java:265)
	at org.apache.ratis.grpc.server.GrpcServerProtocolClient.requestVote(GrpcServerProtocolClient.java:99)
	at org.apache.ratis.grpc.server.GrpcService.requestVote(GrpcService.java:204)
	at org.apache.ratis.server.impl.LeaderElection.lambda$submitRequests$1(LeaderElection.java:234)
	at java.util.concurrent.FutureTask.run(FutureTask.java:266)
	at java.util.concurrent.Executors$RunnableAdapter.call(Executors.java:511)
	at java.util.concurrent.FutureTask.run(FutureTask.java:266)
	at java.util.concurrent.ThreadPoolExecutor.runWorker(ThreadPoolExecutor.java:1149)
	at java.util.concurrent.ThreadPoolExecutor$Worker.run(ThreadPoolExecutor.java:624)
	... 1 more
Caused by: org.apache.ratis.thirdparty.io.netty.channel.AbstractChannel$AnnotatedConnectException: Connection refused: /192.168.157.254:36038
	at sun.nio.ch.SocketChannelImpl.checkConnect(Native Method)
	at sun.nio.ch.SocketChannelImpl.finishConnect(SocketChannelImpl.java:717)
	at org.apache.ratis.thirdparty.io.netty.channel.socket.nio.NioSocketChannel.doFinishConnect(NioSocketChannel.java:327)
	at org.apache.ratis.thirdparty.io.netty.channel.nio.AbstractNioChannel$AbstractNioUnsafe.finishConnect(AbstractNioChannel.java:340)
	at org.apache.ratis.thirdparty.io.netty.channel.nio.NioEventLoop.processSelectedKey(NioEventLoop.java:632)
	at org.apache.ratis.thirdparty.io.netty.channel.nio.NioEventLoop.processSelectedKeysOptimized(NioEventLoop.java:579)
	at org.apache.ratis.thirdparty.io.netty.channel.nio.NioEventLoop.processSelectedKeys(NioEventLoop.java:496)
	at org.apache.ratis.thirdparty.io.netty.channel.nio.NioEventLoop.run(NioEventLoop.java:458)
	at org.apache.ratis.thirdparty.io.netty.util.concurrent.SingleThreadEventExecutor$5.run(SingleThreadEventExecutor.java:897)
	at org.apache.ratis.thirdparty.io.netty.util.concurrent.FastThreadLocalRunnable.run(FastThreadLocalRunnable.java:30)
	... 1 more
Caused by: java.net.ConnectException: Connection refused
	... 11 more
2019-10-22 00:13:19,056 [2fdb3e93-e0d8-400e-8c33-91e2341b50c6@group-F01152B53F91-LeaderElection217] INFO  impl.LeaderElection (LogUtils.java:infoOrTrace(149)) -   Exception 1: {}
java.util.concurrent.ExecutionException: org.apache.ratis.thirdparty.io.grpc.StatusRuntimeException: UNAVAILABLE: io exception
	at java.util.concurrent.FutureTask.report(FutureTask.java:122)
	at java.util.concurrent.FutureTask.get(FutureTask.java:192)
	at org.apache.ratis.server.impl.LeaderElection.waitForResults(LeaderElection.java:259)
	at org.apache.ratis.server.impl.LeaderElection.askForVotes(LeaderElection.java:197)
	at org.apache.ratis.server.impl.LeaderElection.run(LeaderElection.java:133)
	at java.lang.Thread.run(Thread.java:748)
Caused by: org.apache.ratis.thirdparty.io.grpc.StatusRuntimeException: UNAVAILABLE: io exception
	at org.apache.ratis.thirdparty.io.grpc.stub.ClientCalls.toStatusRuntimeException(ClientCalls.java:233)
	at org.apache.ratis.thirdparty.io.grpc.stub.ClientCalls.getUnchecked(ClientCalls.java:214)
	at org.apache.ratis.thirdparty.io.grpc.stub.ClientCalls.blockingUnaryCall(ClientCalls.java:139)
	at org.apache.ratis.proto.grpc.RaftServerProtocolServiceGrpc$RaftServerProtocolServiceBlockingStub.requestVote(RaftServerProtocolServiceGrpc.java:265)
	at org.apache.ratis.grpc.server.GrpcServerProtocolClient.requestVote(GrpcServerProtocolClient.java:99)
	at org.apache.ratis.grpc.server.GrpcService.requestVote(GrpcService.java:204)
	at org.apache.ratis.server.impl.LeaderElection.lambda$submitRequests$1(LeaderElection.java:234)
	at java.util.concurrent.FutureTask.run(FutureTask.java:266)
	at java.util.concurrent.Executors$RunnableAdapter.call(Executors.java:511)
	at java.util.concurrent.FutureTask.run(FutureTask.java:266)
	at java.util.concurrent.ThreadPoolExecutor.runWorker(ThreadPoolExecutor.java:1149)
	at java.util.concurrent.ThreadPoolExecutor$Worker.run(ThreadPoolExecutor.java:624)
	... 1 more
Caused by: org.apache.ratis.thirdparty.io.netty.channel.AbstractChannel$AnnotatedConnectException: Connection refused: /192.168.157.254:45598
	at sun.nio.ch.SocketChannelImpl.checkConnect(Native Method)
	at sun.nio.ch.SocketChannelImpl.finishConnect(SocketChannelImpl.java:717)
	at org.apache.ratis.thirdparty.io.netty.channel.socket.nio.NioSocketChannel.doFinishConnect(NioSocketChannel.java:327)
	at org.apache.ratis.thirdparty.io.netty.channel.nio.AbstractNioChannel$AbstractNioUnsafe.finishConnect(AbstractNioChannel.java:340)
	at org.apache.ratis.thirdparty.io.netty.channel.nio.NioEventLoop.processSelectedKey(NioEventLoop.java:632)
	at org.apache.ratis.thirdparty.io.netty.channel.nio.NioEventLoop.processSelectedKeysOptimized(NioEventLoop.java:579)
	at org.apache.ratis.thirdparty.io.netty.channel.nio.NioEventLoop.processSelectedKeys(NioEventLoop.java:496)
	at org.apache.ratis.thirdparty.io.netty.channel.nio.NioEventLoop.run(NioEventLoop.java:458)
	at org.apache.ratis.thirdparty.io.netty.util.concurrent.SingleThreadEventExecutor$5.run(SingleThreadEventExecutor.java:897)
	at org.apache.ratis.thirdparty.io.netty.util.concurrent.FastThreadLocalRunnable.run(FastThreadLocalRunnable.java:30)
	... 1 more
Caused by: java.net.ConnectException: Connection refused
	... 11 more
2019-10-22 00:13:19,056 [2fdb3e93-e0d8-400e-8c33-91e2341b50c6@group-F01152B53F91-LeaderElection217] INFO  impl.RaftServerImpl (RaftServerImpl.java:setRole(184)) - 2fdb3e93-e0d8-400e-8c33-91e2341b50c6@group-F01152B53F91: changes role from CANDIDATE to FOLLOWER at term 216 for DISCOVERED_A_NEW_TERM
2019-10-22 00:13:19,056 [2fdb3e93-e0d8-400e-8c33-91e2341b50c6@group-F01152B53F91-LeaderElection217] INFO  impl.RoleInfo (RoleInfo.java:shutdownLeaderElection(134)) - 2fdb3e93-e0d8-400e-8c33-91e2341b50c6: shutdown LeaderElection
2019-10-22 00:13:19,056 [2fdb3e93-e0d8-400e-8c33-91e2341b50c6@group-F01152B53F91-LeaderElection217] INFO  impl.RoleInfo (RoleInfo.java:updateAndGet(143)) - 2fdb3e93-e0d8-400e-8c33-91e2341b50c6: start FollowerState
2019-10-22 00:13:19,224 [Thread-1904] INFO  impl.FollowerState (FollowerState.java:run(108)) - 2fdb3e93-e0d8-400e-8c33-91e2341b50c6@group-F01152B53F91-FollowerState: change to CANDIDATE, lastRpcTime:167ms, electionTimeout:167ms
2019-10-22 00:13:19,224 [Thread-1904] INFO  impl.RoleInfo (RoleInfo.java:shutdownFollowerState(121)) - 2fdb3e93-e0d8-400e-8c33-91e2341b50c6: shutdown FollowerState
2019-10-22 00:13:19,224 [Thread-1904] INFO  impl.RaftServerImpl (RaftServerImpl.java:setRole(184)) - 2fdb3e93-e0d8-400e-8c33-91e2341b50c6@group-F01152B53F91: changes role from  FOLLOWER to CANDIDATE at term 216 for changeToCandidate
2019-10-22 00:13:19,224 [Thread-1904] INFO  impl.RoleInfo (RoleInfo.java:updateAndGet(143)) - 2fdb3e93-e0d8-400e-8c33-91e2341b50c6: start LeaderElection
2019-10-22 00:13:19,235 [Datanode State Machine Thread - 0] INFO  statemachine.DatanodeStateMachine (DatanodeStateMachine.java:lambda$startDaemon$0(350)) - Ozone container server started.
2019-10-22 00:13:19,238 [2fdb3e93-e0d8-400e-8c33-91e2341b50c6@group-F01152B53F91-LeaderElection218] INFO  impl.LeaderElection (LeaderElection.java:askForVotes(178)) - 2fdb3e93-e0d8-400e-8c33-91e2341b50c6@group-F01152B53F91-LeaderElection218: begin an election at term 217 for -1: [2fdb3e93-e0d8-400e-8c33-91e2341b50c6:192.168.157.254:43254, 062c71de-08d9-40ee-9309-15590e2e8e68:192.168.157.254:45598, 2a52019e-5647-44e1-bf30-9a43fd8a7377:192.168.157.254:36038], old=null
2019-10-22 00:13:19,238 [2fdb3e93-e0d8-400e-8c33-91e2341b50c6@group-F01152B53F91-LeaderElection218] INFO  impl.LeaderElection (LogUtils.java:infoOrTrace(149)) - 2fdb3e93-e0d8-400e-8c33-91e2341b50c6@group-F01152B53F91-LeaderElection218 got exception when requesting votes: {}
java.util.concurrent.ExecutionException: org.apache.ratis.thirdparty.io.grpc.StatusRuntimeException: UNAVAILABLE: io exception
	at java.util.concurrent.FutureTask.report(FutureTask.java:122)
	at java.util.concurrent.FutureTask.get(FutureTask.java:192)
	at org.apache.ratis.server.impl.LeaderElection.waitForResults(LeaderElection.java:259)
	at org.apache.ratis.server.impl.LeaderElection.askForVotes(LeaderElection.java:197)
	at org.apache.ratis.server.impl.LeaderElection.run(LeaderElection.java:133)
	at java.lang.Thread.run(Thread.java:748)
Caused by: org.apache.ratis.thirdparty.io.grpc.StatusRuntimeException: UNAVAILABLE: io exception
	at org.apache.ratis.thirdparty.io.grpc.stub.ClientCalls.toStatusRuntimeException(ClientCalls.java:233)
	at org.apache.ratis.thirdparty.io.grpc.stub.ClientCalls.getUnchecked(ClientCalls.java:214)
	at org.apache.ratis.thirdparty.io.grpc.stub.ClientCalls.blockingUnaryCall(ClientCalls.java:139)
	at org.apache.ratis.proto.grpc.RaftServerProtocolServiceGrpc$RaftServerProtocolServiceBlockingStub.requestVote(RaftServerProtocolServiceGrpc.java:265)
	at org.apache.ratis.grpc.server.GrpcServerProtocolClient.requestVote(GrpcServerProtocolClient.java:99)
	at org.apache.ratis.grpc.server.GrpcService.requestVote(GrpcService.java:204)
	at org.apache.ratis.server.impl.LeaderElection.lambda$submitRequests$1(LeaderElection.java:234)
	at java.util.concurrent.FutureTask.run(FutureTask.java:266)
	at java.util.concurrent.Executors$RunnableAdapter.call(Executors.java:511)
	at java.util.concurrent.FutureTask.run(FutureTask.java:266)
	at java.util.concurrent.ThreadPoolExecutor.runWorker(ThreadPoolExecutor.java:1149)
	at java.util.concurrent.ThreadPoolExecutor$Worker.run(ThreadPoolExecutor.java:624)
	... 1 more
Caused by: org.apache.ratis.thirdparty.io.netty.channel.AbstractChannel$AnnotatedConnectException: Connection refused: /192.168.157.254:45598
	at sun.nio.ch.SocketChannelImpl.checkConnect(Native Method)
	at sun.nio.ch.SocketChannelImpl.finishConnect(SocketChannelImpl.java:717)
	at org.apache.ratis.thirdparty.io.netty.channel.socket.nio.NioSocketChannel.doFinishConnect(NioSocketChannel.java:327)
	at org.apache.ratis.thirdparty.io.netty.channel.nio.AbstractNioChannel$AbstractNioUnsafe.finishConnect(AbstractNioChannel.java:340)
	at org.apache.ratis.thirdparty.io.netty.channel.nio.NioEventLoop.processSelectedKey(NioEventLoop.java:632)
	at org.apache.ratis.thirdparty.io.netty.channel.nio.NioEventLoop.processSelectedKeysOptimized(NioEventLoop.java:579)
	at org.apache.ratis.thirdparty.io.netty.channel.nio.NioEventLoop.processSelectedKeys(NioEventLoop.java:496)
	at org.apache.ratis.thirdparty.io.netty.channel.nio.NioEventLoop.run(NioEventLoop.java:458)
	at org.apache.ratis.thirdparty.io.netty.util.concurrent.SingleThreadEventExecutor$5.run(SingleThreadEventExecutor.java:897)
	at org.apache.ratis.thirdparty.io.netty.util.concurrent.FastThreadLocalRunnable.run(FastThreadLocalRunnable.java:30)
	... 1 more
Caused by: java.net.ConnectException: Connection refused
	... 11 more
2019-10-22 00:13:19,239 [2fdb3e93-e0d8-400e-8c33-91e2341b50c6@group-F01152B53F91-LeaderElection218] INFO  impl.LeaderElection (LogUtils.java:infoOrTrace(149)) - 2fdb3e93-e0d8-400e-8c33-91e2341b50c6@group-F01152B53F91-LeaderElection218 got exception when requesting votes: {}
java.util.concurrent.ExecutionException: org.apache.ratis.thirdparty.io.grpc.StatusRuntimeException: UNAVAILABLE: io exception
	at java.util.concurrent.FutureTask.report(FutureTask.java:122)
	at java.util.concurrent.FutureTask.get(FutureTask.java:192)
	at org.apache.ratis.server.impl.LeaderElection.waitForResults(LeaderElection.java:259)
	at org.apache.ratis.server.impl.LeaderElection.askForVotes(LeaderElection.java:197)
	at org.apache.ratis.server.impl.LeaderElection.run(LeaderElection.java:133)
	at java.lang.Thread.run(Thread.java:748)
Caused by: org.apache.ratis.thirdparty.io.grpc.StatusRuntimeException: UNAVAILABLE: io exception
	at org.apache.ratis.thirdparty.io.grpc.stub.ClientCalls.toStatusRuntimeException(ClientCalls.java:233)
	at org.apache.ratis.thirdparty.io.grpc.stub.ClientCalls.getUnchecked(ClientCalls.java:214)
	at org.apache.ratis.thirdparty.io.grpc.stub.ClientCalls.blockingUnaryCall(ClientCalls.java:139)
	at org.apache.ratis.proto.grpc.RaftServerProtocolServiceGrpc$RaftServerProtocolServiceBlockingStub.requestVote(RaftServerProtocolServiceGrpc.java:265)
	at org.apache.ratis.grpc.server.GrpcServerProtocolClient.requestVote(GrpcServerProtocolClient.java:99)
	at org.apache.ratis.grpc.server.GrpcService.requestVote(GrpcService.java:204)
	at org.apache.ratis.server.impl.LeaderElection.lambda$submitRequests$1(LeaderElection.java:234)
	at java.util.concurrent.FutureTask.run(FutureTask.java:266)
	at java.util.concurrent.Executors$RunnableAdapter.call(Executors.java:511)
	at java.util.concurrent.FutureTask.run(FutureTask.java:266)
	at java.util.concurrent.ThreadPoolExecutor.runWorker(ThreadPoolExecutor.java:1149)
	at java.util.concurrent.ThreadPoolExecutor$Worker.run(ThreadPoolExecutor.java:624)
	... 1 more
Caused by: org.apache.ratis.thirdparty.io.netty.channel.AbstractChannel$AnnotatedConnectException: Connection refused: /192.168.157.254:36038
	at sun.nio.ch.SocketChannelImpl.checkConnect(Native Method)
	at sun.nio.ch.SocketChannelImpl.finishConnect(SocketChannelImpl.java:717)
	at org.apache.ratis.thirdparty.io.netty.channel.socket.nio.NioSocketChannel.doFinishConnect(NioSocketChannel.java:327)
	at org.apache.ratis.thirdparty.io.netty.channel.nio.AbstractNioChannel$AbstractNioUnsafe.finishConnect(AbstractNioChannel.java:340)
	at org.apache.ratis.thirdparty.io.netty.channel.nio.NioEventLoop.processSelectedKey(NioEventLoop.java:632)
	at org.apache.ratis.thirdparty.io.netty.channel.nio.NioEventLoop.processSelectedKeysOptimized(NioEventLoop.java:579)
	at org.apache.ratis.thirdparty.io.netty.channel.nio.NioEventLoop.processSelectedKeys(NioEventLoop.java:496)
	at org.apache.ratis.thirdparty.io.netty.channel.nio.NioEventLoop.run(NioEventLoop.java:458)
	at org.apache.ratis.thirdparty.io.netty.util.concurrent.SingleThreadEventExecutor$5.run(SingleThreadEventExecutor.java:897)
	at org.apache.ratis.thirdparty.io.netty.util.concurrent.FastThreadLocalRunnable.run(FastThreadLocalRunnable.java:30)
	... 1 more
Caused by: java.net.ConnectException: Connection refused
	... 11 more
2019-10-22 00:13:19,239 [2fdb3e93-e0d8-400e-8c33-91e2341b50c6@group-F01152B53F91-LeaderElection218] INFO  impl.LeaderElection (LeaderElection.java:logAndReturn(56)) - 2fdb3e93-e0d8-400e-8c33-91e2341b50c6@group-F01152B53F91-LeaderElection218: Election REJECTED; received 0 response(s) [] and 2 exception(s); 2fdb3e93-e0d8-400e-8c33-91e2341b50c6@group-F01152B53F91:t217, leader=null, voted=2fdb3e93-e0d8-400e-8c33-91e2341b50c6, raftlog=2fdb3e93-e0d8-400e-8c33-91e2341b50c6@group-F01152B53F91-SegmentedRaftLog:OPENED:c-1,f-1,i0, conf=-1: [2fdb3e93-e0d8-400e-8c33-91e2341b50c6:192.168.157.254:43254, 062c71de-08d9-40ee-9309-15590e2e8e68:192.168.157.254:45598, 2a52019e-5647-44e1-bf30-9a43fd8a7377:192.168.157.254:36038], old=null
2019-10-22 00:13:19,239 [2fdb3e93-e0d8-400e-8c33-91e2341b50c6@group-F01152B53F91-LeaderElection218] INFO  impl.LeaderElection (LogUtils.java:infoOrTrace(149)) -   Exception 0: {}
java.util.concurrent.ExecutionException: org.apache.ratis.thirdparty.io.grpc.StatusRuntimeException: UNAVAILABLE: io exception
	at java.util.concurrent.FutureTask.report(FutureTask.java:122)
	at java.util.concurrent.FutureTask.get(FutureTask.java:192)
	at org.apache.ratis.server.impl.LeaderElection.waitForResults(LeaderElection.java:259)
	at org.apache.ratis.server.impl.LeaderElection.askForVotes(LeaderElection.java:197)
	at org.apache.ratis.server.impl.LeaderElection.run(LeaderElection.java:133)
	at java.lang.Thread.run(Thread.java:748)
Caused by: org.apache.ratis.thirdparty.io.grpc.StatusRuntimeException: UNAVAILABLE: io exception
	at org.apache.ratis.thirdparty.io.grpc.stub.ClientCalls.toStatusRuntimeException(ClientCalls.java:233)
	at org.apache.ratis.thirdparty.io.grpc.stub.ClientCalls.getUnchecked(ClientCalls.java:214)
	at org.apache.ratis.thirdparty.io.grpc.stub.ClientCalls.blockingUnaryCall(ClientCalls.java:139)
	at org.apache.ratis.proto.grpc.RaftServerProtocolServiceGrpc$RaftServerProtocolServiceBlockingStub.requestVote(RaftServerProtocolServiceGrpc.java:265)
	at org.apache.ratis.grpc.server.GrpcServerProtocolClient.requestVote(GrpcServerProtocolClient.java:99)
	at org.apache.ratis.grpc.server.GrpcService.requestVote(GrpcService.java:204)
	at org.apache.ratis.server.impl.LeaderElection.lambda$submitRequests$1(LeaderElection.java:234)
	at java.util.concurrent.FutureTask.run(FutureTask.java:266)
	at java.util.concurrent.Executors$RunnableAdapter.call(Executors.java:511)
	at java.util.concurrent.FutureTask.run(FutureTask.java:266)
	at java.util.concurrent.ThreadPoolExecutor.runWorker(ThreadPoolExecutor.java:1149)
	at java.util.concurrent.ThreadPoolExecutor$Worker.run(ThreadPoolExecutor.java:624)
	... 1 more
Caused by: org.apache.ratis.thirdparty.io.netty.channel.AbstractChannel$AnnotatedConnectException: Connection refused: /192.168.157.254:45598
	at sun.nio.ch.SocketChannelImpl.checkConnect(Native Method)
	at sun.nio.ch.SocketChannelImpl.finishConnect(SocketChannelImpl.java:717)
	at org.apache.ratis.thirdparty.io.netty.channel.socket.nio.NioSocketChannel.doFinishConnect(NioSocketChannel.java:327)
	at org.apache.ratis.thirdparty.io.netty.channel.nio.AbstractNioChannel$AbstractNioUnsafe.finishConnect(AbstractNioChannel.java:340)
	at org.apache.ratis.thirdparty.io.netty.channel.nio.NioEventLoop.processSelectedKey(NioEventLoop.java:632)
	at org.apache.ratis.thirdparty.io.netty.channel.nio.NioEventLoop.processSelectedKeysOptimized(NioEventLoop.java:579)
	at org.apache.ratis.thirdparty.io.netty.channel.nio.NioEventLoop.processSelectedKeys(NioEventLoop.java:496)
	at org.apache.ratis.thirdparty.io.netty.channel.nio.NioEventLoop.run(NioEventLoop.java:458)
	at org.apache.ratis.thirdparty.io.netty.util.concurrent.SingleThreadEventExecutor$5.run(SingleThreadEventExecutor.java:897)
	at org.apache.ratis.thirdparty.io.netty.util.concurrent.FastThreadLocalRunnable.run(FastThreadLocalRunnable.java:30)
	... 1 more
Caused by: java.net.ConnectException: Connection refused
	... 11 more
2019-10-22 00:13:19,239 [2fdb3e93-e0d8-400e-8c33-91e2341b50c6@group-F01152B53F91-LeaderElection218] INFO  impl.LeaderElection (LogUtils.java:infoOrTrace(149)) -   Exception 1: {}
java.util.concurrent.ExecutionException: org.apache.ratis.thirdparty.io.grpc.StatusRuntimeException: UNAVAILABLE: io exception
	at java.util.concurrent.FutureTask.report(FutureTask.java:122)
	at java.util.concurrent.FutureTask.get(FutureTask.java:192)
	at org.apache.ratis.server.impl.LeaderElection.waitForResults(LeaderElection.java:259)
	at org.apache.ratis.server.impl.LeaderElection.askForVotes(LeaderElection.java:197)
	at org.apache.ratis.server.impl.LeaderElection.run(LeaderElection.java:133)
	at java.lang.Thread.run(Thread.java:748)
Caused by: org.apache.ratis.thirdparty.io.grpc.StatusRuntimeException: UNAVAILABLE: io exception
	at org.apache.ratis.thirdparty.io.grpc.stub.ClientCalls.toStatusRuntimeException(ClientCalls.java:233)
	at org.apache.ratis.thirdparty.io.grpc.stub.ClientCalls.getUnchecked(ClientCalls.java:214)
	at org.apache.ratis.thirdparty.io.grpc.stub.ClientCalls.blockingUnaryCall(ClientCalls.java:139)
	at org.apache.ratis.proto.grpc.RaftServerProtocolServiceGrpc$RaftServerProtocolServiceBlockingStub.requestVote(RaftServerProtocolServiceGrpc.java:265)
	at org.apache.ratis.grpc.server.GrpcServerProtocolClient.requestVote(GrpcServerProtocolClient.java:99)
	at org.apache.ratis.grpc.server.GrpcService.requestVote(GrpcService.java:204)
	at org.apache.ratis.server.impl.LeaderElection.lambda$submitRequests$1(LeaderElection.java:234)
	at java.util.concurrent.FutureTask.run(FutureTask.java:266)
	at java.util.concurrent.Executors$RunnableAdapter.call(Executors.java:511)
	at java.util.concurrent.FutureTask.run(FutureTask.java:266)
	at java.util.concurrent.ThreadPoolExecutor.runWorker(ThreadPoolExecutor.java:1149)
	at java.util.concurrent.ThreadPoolExecutor$Worker.run(ThreadPoolExecutor.java:624)
	... 1 more
Caused by: org.apache.ratis.thirdparty.io.netty.channel.AbstractChannel$AnnotatedConnectException: Connection refused: /192.168.157.254:36038
	at sun.nio.ch.SocketChannelImpl.checkConnect(Native Method)
	at sun.nio.ch.SocketChannelImpl.finishConnect(SocketChannelImpl.java:717)
	at org.apache.ratis.thirdparty.io.netty.channel.socket.nio.NioSocketChannel.doFinishConnect(NioSocketChannel.java:327)
	at org.apache.ratis.thirdparty.io.netty.channel.nio.AbstractNioChannel$AbstractNioUnsafe.finishConnect(AbstractNioChannel.java:340)
	at org.apache.ratis.thirdparty.io.netty.channel.nio.NioEventLoop.processSelectedKey(NioEventLoop.java:632)
	at org.apache.ratis.thirdparty.io.netty.channel.nio.NioEventLoop.processSelectedKeysOptimized(NioEventLoop.java:579)
	at org.apache.ratis.thirdparty.io.netty.channel.nio.NioEventLoop.processSelectedKeys(NioEventLoop.java:496)
	at org.apache.ratis.thirdparty.io.netty.channel.nio.NioEventLoop.run(NioEventLoop.java:458)
	at org.apache.ratis.thirdparty.io.netty.util.concurrent.SingleThreadEventExecutor$5.run(SingleThreadEventExecutor.java:897)
	at org.apache.ratis.thirdparty.io.netty.util.concurrent.FastThreadLocalRunnable.run(FastThreadLocalRunnable.java:30)
	... 1 more
Caused by: java.net.ConnectException: Connection refused
	... 11 more
2019-10-22 00:13:19,240 [2fdb3e93-e0d8-400e-8c33-91e2341b50c6@group-F01152B53F91-LeaderElection218] INFO  impl.RaftServerImpl (RaftServerImpl.java:setRole(184)) - 2fdb3e93-e0d8-400e-8c33-91e2341b50c6@group-F01152B53F91: changes role from CANDIDATE to FOLLOWER at term 217 for DISCOVERED_A_NEW_TERM
2019-10-22 00:13:19,240 [2fdb3e93-e0d8-400e-8c33-91e2341b50c6@group-F01152B53F91-LeaderElection218] INFO  impl.RoleInfo (RoleInfo.java:shutdownLeaderElection(134)) - 2fdb3e93-e0d8-400e-8c33-91e2341b50c6: shutdown LeaderElection
2019-10-22 00:13:19,240 [2fdb3e93-e0d8-400e-8c33-91e2341b50c6@group-F01152B53F91-LeaderElection218] INFO  impl.RoleInfo (RoleInfo.java:updateAndGet(143)) - 2fdb3e93-e0d8-400e-8c33-91e2341b50c6: start FollowerState
2019-10-22 00:13:19,274 [Thread-1908] INFO  impl.FollowerState (FollowerState.java:run(108)) - 2fdb3e93-e0d8-400e-8c33-91e2341b50c6@group-F01152B53F91-FollowerState: change to CANDIDATE, lastRpcTime:34ms, electionTimeout:34ms
2019-10-22 00:13:19,274 [Thread-1908] INFO  impl.RoleInfo (RoleInfo.java:shutdownFollowerState(121)) - 2fdb3e93-e0d8-400e-8c33-91e2341b50c6: shutdown FollowerState
2019-10-22 00:13:19,274 [Thread-1908] INFO  impl.RaftServerImpl (RaftServerImpl.java:setRole(184)) - 2fdb3e93-e0d8-400e-8c33-91e2341b50c6@group-F01152B53F91: changes role from  FOLLOWER to CANDIDATE at term 217 for changeToCandidate
2019-10-22 00:13:19,274 [Thread-1908] INFO  impl.RoleInfo (RoleInfo.java:updateAndGet(143)) - 2fdb3e93-e0d8-400e-8c33-91e2341b50c6: start LeaderElection
2019-10-22 00:13:19,287 [2fdb3e93-e0d8-400e-8c33-91e2341b50c6@group-F01152B53F91-LeaderElection219] INFO  impl.LeaderElection (LeaderElection.java:askForVotes(178)) - 2fdb3e93-e0d8-400e-8c33-91e2341b50c6@group-F01152B53F91-LeaderElection219: begin an election at term 218 for -1: [2fdb3e93-e0d8-400e-8c33-91e2341b50c6:192.168.157.254:43254, 062c71de-08d9-40ee-9309-15590e2e8e68:192.168.157.254:45598, 2a52019e-5647-44e1-bf30-9a43fd8a7377:192.168.157.254:36038], old=null
2019-10-22 00:13:19,288 [2fdb3e93-e0d8-400e-8c33-91e2341b50c6@group-F01152B53F91-LeaderElection219] INFO  impl.LeaderElection (LogUtils.java:infoOrTrace(149)) - 2fdb3e93-e0d8-400e-8c33-91e2341b50c6@group-F01152B53F91-LeaderElection219 got exception when requesting votes: {}
java.util.concurrent.ExecutionException: org.apache.ratis.thirdparty.io.grpc.StatusRuntimeException: UNAVAILABLE: io exception
	at java.util.concurrent.FutureTask.report(FutureTask.java:122)
	at java.util.concurrent.FutureTask.get(FutureTask.java:192)
	at org.apache.ratis.server.impl.LeaderElection.waitForResults(LeaderElection.java:259)
	at org.apache.ratis.server.impl.LeaderElection.askForVotes(LeaderElection.java:197)
	at org.apache.ratis.server.impl.LeaderElection.run(LeaderElection.java:133)
	at java.lang.Thread.run(Thread.java:748)
Caused by: org.apache.ratis.thirdparty.io.grpc.StatusRuntimeException: UNAVAILABLE: io exception
	at org.apache.ratis.thirdparty.io.grpc.stub.ClientCalls.toStatusRuntimeException(ClientCalls.java:233)
	at org.apache.ratis.thirdparty.io.grpc.stub.ClientCalls.getUnchecked(ClientCalls.java:214)
	at org.apache.ratis.thirdparty.io.grpc.stub.ClientCalls.blockingUnaryCall(ClientCalls.java:139)
	at org.apache.ratis.proto.grpc.RaftServerProtocolServiceGrpc$RaftServerProtocolServiceBlockingStub.requestVote(RaftServerProtocolServiceGrpc.java:265)
	at org.apache.ratis.grpc.server.GrpcServerProtocolClient.requestVote(GrpcServerProtocolClient.java:99)
	at org.apache.ratis.grpc.server.GrpcService.requestVote(GrpcService.java:204)
	at org.apache.ratis.server.impl.LeaderElection.lambda$submitRequests$1(LeaderElection.java:234)
	at java.util.concurrent.FutureTask.run(FutureTask.java:266)
	at java.util.concurrent.Executors$RunnableAdapter.call(Executors.java:511)
	at java.util.concurrent.FutureTask.run(FutureTask.java:266)
	at java.util.concurrent.ThreadPoolExecutor.runWorker(ThreadPoolExecutor.java:1149)
	at java.util.concurrent.ThreadPoolExecutor$Worker.run(ThreadPoolExecutor.java:624)
	... 1 more
Caused by: org.apache.ratis.thirdparty.io.netty.channel.AbstractChannel$AnnotatedConnectException: Connection refused: /192.168.157.254:45598
	at sun.nio.ch.SocketChannelImpl.checkConnect(Native Method)
	at sun.nio.ch.SocketChannelImpl.finishConnect(SocketChannelImpl.java:717)
	at org.apache.ratis.thirdparty.io.netty.channel.socket.nio.NioSocketChannel.doFinishConnect(NioSocketChannel.java:327)
	at org.apache.ratis.thirdparty.io.netty.channel.nio.AbstractNioChannel$AbstractNioUnsafe.finishConnect(AbstractNioChannel.java:340)
	at org.apache.ratis.thirdparty.io.netty.channel.nio.NioEventLoop.processSelectedKey(NioEventLoop.java:632)
	at org.apache.ratis.thirdparty.io.netty.channel.nio.NioEventLoop.processSelectedKeysOptimized(NioEventLoop.java:579)
	at org.apache.ratis.thirdparty.io.netty.channel.nio.NioEventLoop.processSelectedKeys(NioEventLoop.java:496)
	at org.apache.ratis.thirdparty.io.netty.channel.nio.NioEventLoop.run(NioEventLoop.java:458)
	at org.apache.ratis.thirdparty.io.netty.util.concurrent.SingleThreadEventExecutor$5.run(SingleThreadEventExecutor.java:897)
	at org.apache.ratis.thirdparty.io.netty.util.concurrent.FastThreadLocalRunnable.run(FastThreadLocalRunnable.java:30)
	... 1 more
Caused by: java.net.ConnectException: Connection refused
	... 11 more
2019-10-22 00:13:19,289 [2fdb3e93-e0d8-400e-8c33-91e2341b50c6@group-F01152B53F91-LeaderElection219] INFO  impl.LeaderElection (LogUtils.java:infoOrTrace(149)) - 2fdb3e93-e0d8-400e-8c33-91e2341b50c6@group-F01152B53F91-LeaderElection219 got exception when requesting votes: {}
java.util.concurrent.ExecutionException: org.apache.ratis.thirdparty.io.grpc.StatusRuntimeException: UNAVAILABLE: io exception
	at java.util.concurrent.FutureTask.report(FutureTask.java:122)
	at java.util.concurrent.FutureTask.get(FutureTask.java:192)
	at org.apache.ratis.server.impl.LeaderElection.waitForResults(LeaderElection.java:259)
	at org.apache.ratis.server.impl.LeaderElection.askForVotes(LeaderElection.java:197)
	at org.apache.ratis.server.impl.LeaderElection.run(LeaderElection.java:133)
	at java.lang.Thread.run(Thread.java:748)
Caused by: org.apache.ratis.thirdparty.io.grpc.StatusRuntimeException: UNAVAILABLE: io exception
	at org.apache.ratis.thirdparty.io.grpc.stub.ClientCalls.toStatusRuntimeException(ClientCalls.java:233)
	at org.apache.ratis.thirdparty.io.grpc.stub.ClientCalls.getUnchecked(ClientCalls.java:214)
	at org.apache.ratis.thirdparty.io.grpc.stub.ClientCalls.blockingUnaryCall(ClientCalls.java:139)
	at org.apache.ratis.proto.grpc.RaftServerProtocolServiceGrpc$RaftServerProtocolServiceBlockingStub.requestVote(RaftServerProtocolServiceGrpc.java:265)
	at org.apache.ratis.grpc.server.GrpcServerProtocolClient.requestVote(GrpcServerProtocolClient.java:99)
	at org.apache.ratis.grpc.server.GrpcService.requestVote(GrpcService.java:204)
	at org.apache.ratis.server.impl.LeaderElection.lambda$submitRequests$1(LeaderElection.java:234)
	at java.util.concurrent.FutureTask.run(FutureTask.java:266)
	at java.util.concurrent.Executors$RunnableAdapter.call(Executors.java:511)
	at java.util.concurrent.FutureTask.run(FutureTask.java:266)
	at java.util.concurrent.ThreadPoolExecutor.runWorker(ThreadPoolExecutor.java:1149)
	at java.util.concurrent.ThreadPoolExecutor$Worker.run(ThreadPoolExecutor.java:624)
	... 1 more
Caused by: org.apache.ratis.thirdparty.io.netty.channel.AbstractChannel$AnnotatedConnectException: Connection refused: /192.168.157.254:36038
	at sun.nio.ch.SocketChannelImpl.checkConnect(Native Method)
	at sun.nio.ch.SocketChannelImpl.finishConnect(SocketChannelImpl.java:717)
	at org.apache.ratis.thirdparty.io.netty.channel.socket.nio.NioSocketChannel.doFinishConnect(NioSocketChannel.java:327)
	at org.apache.ratis.thirdparty.io.netty.channel.nio.AbstractNioChannel$AbstractNioUnsafe.finishConnect(AbstractNioChannel.java:340)
	at org.apache.ratis.thirdparty.io.netty.channel.nio.NioEventLoop.processSelectedKey(NioEventLoop.java:632)
	at org.apache.ratis.thirdparty.io.netty.channel.nio.NioEventLoop.processSelectedKeysOptimized(NioEventLoop.java:579)
	at org.apache.ratis.thirdparty.io.netty.channel.nio.NioEventLoop.processSelectedKeys(NioEventLoop.java:496)
	at org.apache.ratis.thirdparty.io.netty.channel.nio.NioEventLoop.run(NioEventLoop.java:458)
	at org.apache.ratis.thirdparty.io.netty.util.concurrent.SingleThreadEventExecutor$5.run(SingleThreadEventExecutor.java:897)
	at org.apache.ratis.thirdparty.io.netty.util.concurrent.FastThreadLocalRunnable.run(FastThreadLocalRunnable.java:30)
	... 1 more
Caused by: java.net.ConnectException: Connection refused
	... 11 more
2019-10-22 00:13:19,289 [2fdb3e93-e0d8-400e-8c33-91e2341b50c6@group-F01152B53F91-LeaderElection219] INFO  impl.LeaderElection (LeaderElection.java:logAndReturn(56)) - 2fdb3e93-e0d8-400e-8c33-91e2341b50c6@group-F01152B53F91-LeaderElection219: Election REJECTED; received 0 response(s) [] and 2 exception(s); 2fdb3e93-e0d8-400e-8c33-91e2341b50c6@group-F01152B53F91:t218, leader=null, voted=2fdb3e93-e0d8-400e-8c33-91e2341b50c6, raftlog=2fdb3e93-e0d8-400e-8c33-91e2341b50c6@group-F01152B53F91-SegmentedRaftLog:OPENED:c-1,f-1,i0, conf=-1: [2fdb3e93-e0d8-400e-8c33-91e2341b50c6:192.168.157.254:43254, 062c71de-08d9-40ee-9309-15590e2e8e68:192.168.157.254:45598, 2a52019e-5647-44e1-bf30-9a43fd8a7377:192.168.157.254:36038], old=null
2019-10-22 00:13:19,289 [2fdb3e93-e0d8-400e-8c33-91e2341b50c6@group-F01152B53F91-LeaderElection219] INFO  impl.LeaderElection (LogUtils.java:infoOrTrace(149)) -   Exception 0: {}
java.util.concurrent.ExecutionException: org.apache.ratis.thirdparty.io.grpc.StatusRuntimeException: UNAVAILABLE: io exception
	at java.util.concurrent.FutureTask.report(FutureTask.java:122)
	at java.util.concurrent.FutureTask.get(FutureTask.java:192)
	at org.apache.ratis.server.impl.LeaderElection.waitForResults(LeaderElection.java:259)
	at org.apache.ratis.server.impl.LeaderElection.askForVotes(LeaderElection.java:197)
	at org.apache.ratis.server.impl.LeaderElection.run(LeaderElection.java:133)
	at java.lang.Thread.run(Thread.java:748)
Caused by: org.apache.ratis.thirdparty.io.grpc.StatusRuntimeException: UNAVAILABLE: io exception
	at org.apache.ratis.thirdparty.io.grpc.stub.ClientCalls.toStatusRuntimeException(ClientCalls.java:233)
	at org.apache.ratis.thirdparty.io.grpc.stub.ClientCalls.getUnchecked(ClientCalls.java:214)
	at org.apache.ratis.thirdparty.io.grpc.stub.ClientCalls.blockingUnaryCall(ClientCalls.java:139)
	at org.apache.ratis.proto.grpc.RaftServerProtocolServiceGrpc$RaftServerProtocolServiceBlockingStub.requestVote(RaftServerProtocolServiceGrpc.java:265)
	at org.apache.ratis.grpc.server.GrpcServerProtocolClient.requestVote(GrpcServerProtocolClient.java:99)
	at org.apache.ratis.grpc.server.GrpcService.requestVote(GrpcService.java:204)
	at org.apache.ratis.server.impl.LeaderElection.lambda$submitRequests$1(LeaderElection.java:234)
	at java.util.concurrent.FutureTask.run(FutureTask.java:266)
	at java.util.concurrent.Executors$RunnableAdapter.call(Executors.java:511)
	at java.util.concurrent.FutureTask.run(FutureTask.java:266)
	at java.util.concurrent.ThreadPoolExecutor.runWorker(ThreadPoolExecutor.java:1149)
	at java.util.concurrent.ThreadPoolExecutor$Worker.run(ThreadPoolExecutor.java:624)
	... 1 more
Caused by: org.apache.ratis.thirdparty.io.netty.channel.AbstractChannel$AnnotatedConnectException: Connection refused: /192.168.157.254:45598
	at sun.nio.ch.SocketChannelImpl.checkConnect(Native Method)
	at sun.nio.ch.SocketChannelImpl.finishConnect(SocketChannelImpl.java:717)
	at org.apache.ratis.thirdparty.io.netty.channel.socket.nio.NioSocketChannel.doFinishConnect(NioSocketChannel.java:327)
	at org.apache.ratis.thirdparty.io.netty.channel.nio.AbstractNioChannel$AbstractNioUnsafe.finishConnect(AbstractNioChannel.java:340)
	at org.apache.ratis.thirdparty.io.netty.channel.nio.NioEventLoop.processSelectedKey(NioEventLoop.java:632)
	at org.apache.ratis.thirdparty.io.netty.channel.nio.NioEventLoop.processSelectedKeysOptimized(NioEventLoop.java:579)
	at org.apache.ratis.thirdparty.io.netty.channel.nio.NioEventLoop.processSelectedKeys(NioEventLoop.java:496)
	at org.apache.ratis.thirdparty.io.netty.channel.nio.NioEventLoop.run(NioEventLoop.java:458)
	at org.apache.ratis.thirdparty.io.netty.util.concurrent.SingleThreadEventExecutor$5.run(SingleThreadEventExecutor.java:897)
	at org.apache.ratis.thirdparty.io.netty.util.concurrent.FastThreadLocalRunnable.run(FastThreadLocalRunnable.java:30)
	... 1 more
Caused by: java.net.ConnectException: Connection refused
	... 11 more
2019-10-22 00:13:19,290 [2fdb3e93-e0d8-400e-8c33-91e2341b50c6@group-F01152B53F91-LeaderElection219] INFO  impl.LeaderElection (LogUtils.java:infoOrTrace(149)) -   Exception 1: {}
java.util.concurrent.ExecutionException: org.apache.ratis.thirdparty.io.grpc.StatusRuntimeException: UNAVAILABLE: io exception
	at java.util.concurrent.FutureTask.report(FutureTask.java:122)
	at java.util.concurrent.FutureTask.get(FutureTask.java:192)
	at org.apache.ratis.server.impl.LeaderElection.waitForResults(LeaderElection.java:259)
	at org.apache.ratis.server.impl.LeaderElection.askForVotes(LeaderElection.java:197)
	at org.apache.ratis.server.impl.LeaderElection.run(LeaderElection.java:133)
	at java.lang.Thread.run(Thread.java:748)
Caused by: org.apache.ratis.thirdparty.io.grpc.StatusRuntimeException: UNAVAILABLE: io exception
	at org.apache.ratis.thirdparty.io.grpc.stub.ClientCalls.toStatusRuntimeException(ClientCalls.java:233)
	at org.apache.ratis.thirdparty.io.grpc.stub.ClientCalls.getUnchecked(ClientCalls.java:214)
	at org.apache.ratis.thirdparty.io.grpc.stub.ClientCalls.blockingUnaryCall(ClientCalls.java:139)
	at org.apache.ratis.proto.grpc.RaftServerProtocolServiceGrpc$RaftServerProtocolServiceBlockingStub.requestVote(RaftServerProtocolServiceGrpc.java:265)
	at org.apache.ratis.grpc.server.GrpcServerProtocolClient.requestVote(GrpcServerProtocolClient.java:99)
	at org.apache.ratis.grpc.server.GrpcService.requestVote(GrpcService.java:204)
	at org.apache.ratis.server.impl.LeaderElection.lambda$submitRequests$1(LeaderElection.java:234)
	at java.util.concurrent.FutureTask.run(FutureTask.java:266)
	at java.util.concurrent.Executors$RunnableAdapter.call(Executors.java:511)
	at java.util.concurrent.FutureTask.run(FutureTask.java:266)
	at java.util.concurrent.ThreadPoolExecutor.runWorker(ThreadPoolExecutor.java:1149)
	at java.util.concurrent.ThreadPoolExecutor$Worker.run(ThreadPoolExecutor.java:624)
	... 1 more
Caused by: org.apache.ratis.thirdparty.io.netty.channel.AbstractChannel$AnnotatedConnectException: Connection refused: /192.168.157.254:36038
	at sun.nio.ch.SocketChannelImpl.checkConnect(Native Method)
	at sun.nio.ch.SocketChannelImpl.finishConnect(SocketChannelImpl.java:717)
	at org.apache.ratis.thirdparty.io.netty.channel.socket.nio.NioSocketChannel.doFinishConnect(NioSocketChannel.java:327)
	at org.apache.ratis.thirdparty.io.netty.channel.nio.AbstractNioChannel$AbstractNioUnsafe.finishConnect(AbstractNioChannel.java:340)
	at org.apache.ratis.thirdparty.io.netty.channel.nio.NioEventLoop.processSelectedKey(NioEventLoop.java:632)
	at org.apache.ratis.thirdparty.io.netty.channel.nio.NioEventLoop.processSelectedKeysOptimized(NioEventLoop.java:579)
	at org.apache.ratis.thirdparty.io.netty.channel.nio.NioEventLoop.processSelectedKeys(NioEventLoop.java:496)
	at org.apache.ratis.thirdparty.io.netty.channel.nio.NioEventLoop.run(NioEventLoop.java:458)
	at org.apache.ratis.thirdparty.io.netty.util.concurrent.SingleThreadEventExecutor$5.run(SingleThreadEventExecutor.java:897)
	at org.apache.ratis.thirdparty.io.netty.util.concurrent.FastThreadLocalRunnable.run(FastThreadLocalRunnable.java:30)
	... 1 more
Caused by: java.net.ConnectException: Connection refused
	... 11 more
2019-10-22 00:13:19,290 [2fdb3e93-e0d8-400e-8c33-91e2341b50c6@group-F01152B53F91-LeaderElection219] INFO  impl.RaftServerImpl (RaftServerImpl.java:setRole(184)) - 2fdb3e93-e0d8-400e-8c33-91e2341b50c6@group-F01152B53F91: changes role from CANDIDATE to FOLLOWER at term 218 for DISCOVERED_A_NEW_TERM
2019-10-22 00:13:19,290 [2fdb3e93-e0d8-400e-8c33-91e2341b50c6@group-F01152B53F91-LeaderElection219] INFO  impl.RoleInfo (RoleInfo.java:shutdownLeaderElection(134)) - 2fdb3e93-e0d8-400e-8c33-91e2341b50c6: shutdown LeaderElection
2019-10-22 00:13:19,290 [2fdb3e93-e0d8-400e-8c33-91e2341b50c6@group-F01152B53F91-LeaderElection219] INFO  impl.RoleInfo (RoleInfo.java:updateAndGet(143)) - 2fdb3e93-e0d8-400e-8c33-91e2341b50c6: start FollowerState
2019-10-22 00:13:19,299 [java.util.concurrent.ThreadPoolExecutor$Worker@c41ae0f[State = -1, empty queue]] WARN  server.GrpcLogAppender (GrpcLogAppender.java:timeoutAppendRequest(209)) - fad63ceb-ed14-4322-905d-6ef3599ac734@group-0045C62F497D->5732e052-e19f-40fe-a104-972211db20fb-GrpcLogAppender: appendEntries Timeout, request=fad63ceb-ed14-4322-905d-6ef3599ac734->5732e052-e19f-40fe-a104-972211db20fb#49-t1, previous=(t:1, i:0), leaderCommit=0, initializing? false, entries: <empty>
2019-10-22 00:13:19,453 [java.util.concurrent.ThreadPoolExecutor$Worker@1d11c0e2[State = -1, empty queue]] WARN  server.GrpcLogAppender (GrpcLogAppender.java:timeoutAppendRequest(209)) - 9d453efa-53cb-467a-9eb6-1ab0458610f0@group-597AF0FA787F->d521f5b1-4e7b-4169-9688-2112c7da7b1f-GrpcLogAppender: appendEntries Timeout, request=9d453efa-53cb-467a-9eb6-1ab0458610f0->d521f5b1-4e7b-4169-9688-2112c7da7b1f#2-t6, previous=(t:5, i:19), leaderCommit=21, initializing? false, entries: <empty>
2019-10-22 00:13:19,457 [Thread-1912] INFO  impl.FollowerState (FollowerState.java:run(108)) - 2fdb3e93-e0d8-400e-8c33-91e2341b50c6@group-F01152B53F91-FollowerState: change to CANDIDATE, lastRpcTime:167ms, electionTimeout:167ms
2019-10-22 00:13:19,457 [Thread-1912] INFO  impl.RoleInfo (RoleInfo.java:shutdownFollowerState(121)) - 2fdb3e93-e0d8-400e-8c33-91e2341b50c6: shutdown FollowerState
2019-10-22 00:13:19,458 [Thread-1912] INFO  impl.RaftServerImpl (RaftServerImpl.java:setRole(184)) - 2fdb3e93-e0d8-400e-8c33-91e2341b50c6@group-F01152B53F91: changes role from  FOLLOWER to CANDIDATE at term 218 for changeToCandidate
2019-10-22 00:13:19,458 [Thread-1912] INFO  impl.RoleInfo (RoleInfo.java:updateAndGet(143)) - 2fdb3e93-e0d8-400e-8c33-91e2341b50c6: start LeaderElection
2019-10-22 00:13:19,471 [2fdb3e93-e0d8-400e-8c33-91e2341b50c6@group-F01152B53F91-LeaderElection220] INFO  impl.LeaderElection (LeaderElection.java:askForVotes(178)) - 2fdb3e93-e0d8-400e-8c33-91e2341b50c6@group-F01152B53F91-LeaderElection220: begin an election at term 219 for -1: [2fdb3e93-e0d8-400e-8c33-91e2341b50c6:192.168.157.254:43254, 062c71de-08d9-40ee-9309-15590e2e8e68:192.168.157.254:45598, 2a52019e-5647-44e1-bf30-9a43fd8a7377:192.168.157.254:36038], old=null
2019-10-22 00:13:19,472 [2fdb3e93-e0d8-400e-8c33-91e2341b50c6@group-F01152B53F91-LeaderElection220] INFO  impl.LeaderElection (LogUtils.java:infoOrTrace(149)) - 2fdb3e93-e0d8-400e-8c33-91e2341b50c6@group-F01152B53F91-LeaderElection220 got exception when requesting votes: {}
java.util.concurrent.ExecutionException: org.apache.ratis.thirdparty.io.grpc.StatusRuntimeException: UNAVAILABLE: io exception
	at java.util.concurrent.FutureTask.report(FutureTask.java:122)
	at java.util.concurrent.FutureTask.get(FutureTask.java:192)
	at org.apache.ratis.server.impl.LeaderElection.waitForResults(LeaderElection.java:259)
	at org.apache.ratis.server.impl.LeaderElection.askForVotes(LeaderElection.java:197)
	at org.apache.ratis.server.impl.LeaderElection.run(LeaderElection.java:133)
	at java.lang.Thread.run(Thread.java:748)
Caused by: org.apache.ratis.thirdparty.io.grpc.StatusRuntimeException: UNAVAILABLE: io exception
	at org.apache.ratis.thirdparty.io.grpc.stub.ClientCalls.toStatusRuntimeException(ClientCalls.java:233)
	at org.apache.ratis.thirdparty.io.grpc.stub.ClientCalls.getUnchecked(ClientCalls.java:214)
	at org.apache.ratis.thirdparty.io.grpc.stub.ClientCalls.blockingUnaryCall(ClientCalls.java:139)
	at org.apache.ratis.proto.grpc.RaftServerProtocolServiceGrpc$RaftServerProtocolServiceBlockingStub.requestVote(RaftServerProtocolServiceGrpc.java:265)
	at org.apache.ratis.grpc.server.GrpcServerProtocolClient.requestVote(GrpcServerProtocolClient.java:99)
	at org.apache.ratis.grpc.server.GrpcService.requestVote(GrpcService.java:204)
	at org.apache.ratis.server.impl.LeaderElection.lambda$submitRequests$1(LeaderElection.java:234)
	at java.util.concurrent.FutureTask.run(FutureTask.java:266)
	at java.util.concurrent.Executors$RunnableAdapter.call(Executors.java:511)
	at java.util.concurrent.FutureTask.run(FutureTask.java:266)
	at java.util.concurrent.ThreadPoolExecutor.runWorker(ThreadPoolExecutor.java:1149)
	at java.util.concurrent.ThreadPoolExecutor$Worker.run(ThreadPoolExecutor.java:624)
	... 1 more
Caused by: org.apache.ratis.thirdparty.io.netty.channel.AbstractChannel$AnnotatedConnectException: Connection refused: /192.168.157.254:36038
	at sun.nio.ch.SocketChannelImpl.checkConnect(Native Method)
	at sun.nio.ch.SocketChannelImpl.finishConnect(SocketChannelImpl.java:717)
	at org.apache.ratis.thirdparty.io.netty.channel.socket.nio.NioSocketChannel.doFinishConnect(NioSocketChannel.java:327)
	at org.apache.ratis.thirdparty.io.netty.channel.nio.AbstractNioChannel$AbstractNioUnsafe.finishConnect(AbstractNioChannel.java:340)
	at org.apache.ratis.thirdparty.io.netty.channel.nio.NioEventLoop.processSelectedKey(NioEventLoop.java:632)
	at org.apache.ratis.thirdparty.io.netty.channel.nio.NioEventLoop.processSelectedKeysOptimized(NioEventLoop.java:579)
	at org.apache.ratis.thirdparty.io.netty.channel.nio.NioEventLoop.processSelectedKeys(NioEventLoop.java:496)
	at org.apache.ratis.thirdparty.io.netty.channel.nio.NioEventLoop.run(NioEventLoop.java:458)
	at org.apache.ratis.thirdparty.io.netty.util.concurrent.SingleThreadEventExecutor$5.run(SingleThreadEventExecutor.java:897)
	at org.apache.ratis.thirdparty.io.netty.util.concurrent.FastThreadLocalRunnable.run(FastThreadLocalRunnable.java:30)
	... 1 more
Caused by: java.net.ConnectException: Connection refused
	... 11 more
2019-10-22 00:13:19,472 [2fdb3e93-e0d8-400e-8c33-91e2341b50c6@group-F01152B53F91-LeaderElection220] INFO  impl.LeaderElection (LogUtils.java:infoOrTrace(149)) - 2fdb3e93-e0d8-400e-8c33-91e2341b50c6@group-F01152B53F91-LeaderElection220 got exception when requesting votes: {}
java.util.concurrent.ExecutionException: org.apache.ratis.thirdparty.io.grpc.StatusRuntimeException: UNAVAILABLE: io exception
	at java.util.concurrent.FutureTask.report(FutureTask.java:122)
	at java.util.concurrent.FutureTask.get(FutureTask.java:192)
	at org.apache.ratis.server.impl.LeaderElection.waitForResults(LeaderElection.java:259)
	at org.apache.ratis.server.impl.LeaderElection.askForVotes(LeaderElection.java:197)
	at org.apache.ratis.server.impl.LeaderElection.run(LeaderElection.java:133)
	at java.lang.Thread.run(Thread.java:748)
Caused by: org.apache.ratis.thirdparty.io.grpc.StatusRuntimeException: UNAVAILABLE: io exception
	at org.apache.ratis.thirdparty.io.grpc.stub.ClientCalls.toStatusRuntimeException(ClientCalls.java:233)
	at org.apache.ratis.thirdparty.io.grpc.stub.ClientCalls.getUnchecked(ClientCalls.java:214)
	at org.apache.ratis.thirdparty.io.grpc.stub.ClientCalls.blockingUnaryCall(ClientCalls.java:139)
	at org.apache.ratis.proto.grpc.RaftServerProtocolServiceGrpc$RaftServerProtocolServiceBlockingStub.requestVote(RaftServerProtocolServiceGrpc.java:265)
	at org.apache.ratis.grpc.server.GrpcServerProtocolClient.requestVote(GrpcServerProtocolClient.java:99)
	at org.apache.ratis.grpc.server.GrpcService.requestVote(GrpcService.java:204)
	at org.apache.ratis.server.impl.LeaderElection.lambda$submitRequests$1(LeaderElection.java:234)
	at java.util.concurrent.FutureTask.run(FutureTask.java:266)
	at java.util.concurrent.Executors$RunnableAdapter.call(Executors.java:511)
	at java.util.concurrent.FutureTask.run(FutureTask.java:266)
	at java.util.concurrent.ThreadPoolExecutor.runWorker(ThreadPoolExecutor.java:1149)
	at java.util.concurrent.ThreadPoolExecutor$Worker.run(ThreadPoolExecutor.java:624)
	... 1 more
Caused by: org.apache.ratis.thirdparty.io.netty.channel.AbstractChannel$AnnotatedConnectException: Connection refused: /192.168.157.254:45598
	at sun.nio.ch.SocketChannelImpl.checkConnect(Native Method)
	at sun.nio.ch.SocketChannelImpl.finishConnect(SocketChannelImpl.java:717)
	at org.apache.ratis.thirdparty.io.netty.channel.socket.nio.NioSocketChannel.doFinishConnect(NioSocketChannel.java:327)
	at org.apache.ratis.thirdparty.io.netty.channel.nio.AbstractNioChannel$AbstractNioUnsafe.finishConnect(AbstractNioChannel.java:340)
	at org.apache.ratis.thirdparty.io.netty.channel.nio.NioEventLoop.processSelectedKey(NioEventLoop.java:632)
	at org.apache.ratis.thirdparty.io.netty.channel.nio.NioEventLoop.processSelectedKeysOptimized(NioEventLoop.java:579)
	at org.apache.ratis.thirdparty.io.netty.channel.nio.NioEventLoop.processSelectedKeys(NioEventLoop.java:496)
	at org.apache.ratis.thirdparty.io.netty.channel.nio.NioEventLoop.run(NioEventLoop.java:458)
	at org.apache.ratis.thirdparty.io.netty.util.concurrent.SingleThreadEventExecutor$5.run(SingleThreadEventExecutor.java:897)
	at org.apache.ratis.thirdparty.io.netty.util.concurrent.FastThreadLocalRunnable.run(FastThreadLocalRunnable.java:30)
	... 1 more
Caused by: java.net.ConnectException: Connection refused
	... 11 more
2019-10-22 00:13:19,473 [2fdb3e93-e0d8-400e-8c33-91e2341b50c6@group-F01152B53F91-LeaderElection220] INFO  impl.LeaderElection (LeaderElection.java:logAndReturn(56)) - 2fdb3e93-e0d8-400e-8c33-91e2341b50c6@group-F01152B53F91-LeaderElection220: Election REJECTED; received 0 response(s) [] and 2 exception(s); 2fdb3e93-e0d8-400e-8c33-91e2341b50c6@group-F01152B53F91:t219, leader=null, voted=2fdb3e93-e0d8-400e-8c33-91e2341b50c6, raftlog=2fdb3e93-e0d8-400e-8c33-91e2341b50c6@group-F01152B53F91-SegmentedRaftLog:OPENED:c-1,f-1,i0, conf=-1: [2fdb3e93-e0d8-400e-8c33-91e2341b50c6:192.168.157.254:43254, 062c71de-08d9-40ee-9309-15590e2e8e68:192.168.157.254:45598, 2a52019e-5647-44e1-bf30-9a43fd8a7377:192.168.157.254:36038], old=null
2019-10-22 00:13:19,473 [2fdb3e93-e0d8-400e-8c33-91e2341b50c6@group-F01152B53F91-LeaderElection220] INFO  impl.LeaderElection (LogUtils.java:infoOrTrace(149)) -   Exception 0: {}
java.util.concurrent.ExecutionException: org.apache.ratis.thirdparty.io.grpc.StatusRuntimeException: UNAVAILABLE: io exception
	at java.util.concurrent.FutureTask.report(FutureTask.java:122)
	at java.util.concurrent.FutureTask.get(FutureTask.java:192)
	at org.apache.ratis.server.impl.LeaderElection.waitForResults(LeaderElection.java:259)
	at org.apache.ratis.server.impl.LeaderElection.askForVotes(LeaderElection.java:197)
	at org.apache.ratis.server.impl.LeaderElection.run(LeaderElection.java:133)
	at java.lang.Thread.run(Thread.java:748)
Caused by: org.apache.ratis.thirdparty.io.grpc.StatusRuntimeException: UNAVAILABLE: io exception
	at org.apache.ratis.thirdparty.io.grpc.stub.ClientCalls.toStatusRuntimeException(ClientCalls.java:233)
	at org.apache.ratis.thirdparty.io.grpc.stub.ClientCalls.getUnchecked(ClientCalls.java:214)
	at org.apache.ratis.thirdparty.io.grpc.stub.ClientCalls.blockingUnaryCall(ClientCalls.java:139)
	at org.apache.ratis.proto.grpc.RaftServerProtocolServiceGrpc$RaftServerProtocolServiceBlockingStub.requestVote(RaftServerProtocolServiceGrpc.java:265)
	at org.apache.ratis.grpc.server.GrpcServerProtocolClient.requestVote(GrpcServerProtocolClient.java:99)
	at org.apache.ratis.grpc.server.GrpcService.requestVote(GrpcService.java:204)
	at org.apache.ratis.server.impl.LeaderElection.lambda$submitRequests$1(LeaderElection.java:234)
	at java.util.concurrent.FutureTask.run(FutureTask.java:266)
	at java.util.concurrent.Executors$RunnableAdapter.call(Executors.java:511)
	at java.util.concurrent.FutureTask.run(FutureTask.java:266)
	at java.util.concurrent.ThreadPoolExecutor.runWorker(ThreadPoolExecutor.java:1149)
	at java.util.concurrent.ThreadPoolExecutor$Worker.run(ThreadPoolExecutor.java:624)
	... 1 more
Caused by: org.apache.ratis.thirdparty.io.netty.channel.AbstractChannel$AnnotatedConnectException: Connection refused: /192.168.157.254:36038
	at sun.nio.ch.SocketChannelImpl.checkConnect(Native Method)
	at sun.nio.ch.SocketChannelImpl.finishConnect(SocketChannelImpl.java:717)
	at org.apache.ratis.thirdparty.io.netty.channel.socket.nio.NioSocketChannel.doFinishConnect(NioSocketChannel.java:327)
	at org.apache.ratis.thirdparty.io.netty.channel.nio.AbstractNioChannel$AbstractNioUnsafe.finishConnect(AbstractNioChannel.java:340)
	at org.apache.ratis.thirdparty.io.netty.channel.nio.NioEventLoop.processSelectedKey(NioEventLoop.java:632)
	at org.apache.ratis.thirdparty.io.netty.channel.nio.NioEventLoop.processSelectedKeysOptimized(NioEventLoop.java:579)
	at org.apache.ratis.thirdparty.io.netty.channel.nio.NioEventLoop.processSelectedKeys(NioEventLoop.java:496)
	at org.apache.ratis.thirdparty.io.netty.channel.nio.NioEventLoop.run(NioEventLoop.java:458)
	at org.apache.ratis.thirdparty.io.netty.util.concurrent.SingleThreadEventExecutor$5.run(SingleThreadEventExecutor.java:897)
	at org.apache.ratis.thirdparty.io.netty.util.concurrent.FastThreadLocalRunnable.run(FastThreadLocalRunnable.java:30)
	... 1 more
Caused by: java.net.ConnectException: Connection refused
	... 11 more
2019-10-22 00:13:19,473 [2fdb3e93-e0d8-400e-8c33-91e2341b50c6@group-F01152B53F91-LeaderElection220] INFO  impl.LeaderElection (LogUtils.java:infoOrTrace(149)) -   Exception 1: {}
java.util.concurrent.ExecutionException: org.apache.ratis.thirdparty.io.grpc.StatusRuntimeException: UNAVAILABLE: io exception
	at java.util.concurrent.FutureTask.report(FutureTask.java:122)
	at java.util.concurrent.FutureTask.get(FutureTask.java:192)
	at org.apache.ratis.server.impl.LeaderElection.waitForResults(LeaderElection.java:259)
	at org.apache.ratis.server.impl.LeaderElection.askForVotes(LeaderElection.java:197)
	at org.apache.ratis.server.impl.LeaderElection.run(LeaderElection.java:133)
	at java.lang.Thread.run(Thread.java:748)
Caused by: org.apache.ratis.thirdparty.io.grpc.StatusRuntimeException: UNAVAILABLE: io exception
	at org.apache.ratis.thirdparty.io.grpc.stub.ClientCalls.toStatusRuntimeException(ClientCalls.java:233)
	at org.apache.ratis.thirdparty.io.grpc.stub.ClientCalls.getUnchecked(ClientCalls.java:214)
	at org.apache.ratis.thirdparty.io.grpc.stub.ClientCalls.blockingUnaryCall(ClientCalls.java:139)
	at org.apache.ratis.proto.grpc.RaftServerProtocolServiceGrpc$RaftServerProtocolServiceBlockingStub.requestVote(RaftServerProtocolServiceGrpc.java:265)
	at org.apache.ratis.grpc.server.GrpcServerProtocolClient.requestVote(GrpcServerProtocolClient.java:99)
	at org.apache.ratis.grpc.server.GrpcService.requestVote(GrpcService.java:204)
	at org.apache.ratis.server.impl.LeaderElection.lambda$submitRequests$1(LeaderElection.java:234)
	at java.util.concurrent.FutureTask.run(FutureTask.java:266)
	at java.util.concurrent.Executors$RunnableAdapter.call(Executors.java:511)
	at java.util.concurrent.FutureTask.run(FutureTask.java:266)
	at java.util.concurrent.ThreadPoolExecutor.runWorker(ThreadPoolExecutor.java:1149)
	at java.util.concurrent.ThreadPoolExecutor$Worker.run(ThreadPoolExecutor.java:624)
	... 1 more
Caused by: org.apache.ratis.thirdparty.io.netty.channel.AbstractChannel$AnnotatedConnectException: Connection refused: /192.168.157.254:45598
	at sun.nio.ch.SocketChannelImpl.checkConnect(Native Method)
	at sun.nio.ch.SocketChannelImpl.finishConnect(SocketChannelImpl.java:717)
	at org.apache.ratis.thirdparty.io.netty.channel.socket.nio.NioSocketChannel.doFinishConnect(NioSocketChannel.java:327)
	at org.apache.ratis.thirdparty.io.netty.channel.nio.AbstractNioChannel$AbstractNioUnsafe.finishConnect(AbstractNioChannel.java:340)
	at org.apache.ratis.thirdparty.io.netty.channel.nio.NioEventLoop.processSelectedKey(NioEventLoop.java:632)
	at org.apache.ratis.thirdparty.io.netty.channel.nio.NioEventLoop.processSelectedKeysOptimized(NioEventLoop.java:579)
	at org.apache.ratis.thirdparty.io.netty.channel.nio.NioEventLoop.processSelectedKeys(NioEventLoop.java:496)
	at org.apache.ratis.thirdparty.io.netty.channel.nio.NioEventLoop.run(NioEventLoop.java:458)
	at org.apache.ratis.thirdparty.io.netty.util.concurrent.SingleThreadEventExecutor$5.run(SingleThreadEventExecutor.java:897)
	at org.apache.ratis.thirdparty.io.netty.util.concurrent.FastThreadLocalRunnable.run(FastThreadLocalRunnable.java:30)
	... 1 more
Caused by: java.net.ConnectException: Connection refused
	... 11 more
2019-10-22 00:13:19,474 [2fdb3e93-e0d8-400e-8c33-91e2341b50c6@group-F01152B53F91-LeaderElection220] INFO  impl.RaftServerImpl (RaftServerImpl.java:setRole(184)) - 2fdb3e93-e0d8-400e-8c33-91e2341b50c6@group-F01152B53F91: changes role from CANDIDATE to FOLLOWER at term 219 for DISCOVERED_A_NEW_TERM
2019-10-22 00:13:19,474 [2fdb3e93-e0d8-400e-8c33-91e2341b50c6@group-F01152B53F91-LeaderElection220] INFO  impl.RoleInfo (RoleInfo.java:shutdownLeaderElection(134)) - 2fdb3e93-e0d8-400e-8c33-91e2341b50c6: shutdown LeaderElection
2019-10-22 00:13:19,474 [2fdb3e93-e0d8-400e-8c33-91e2341b50c6@group-F01152B53F91-LeaderElection220] INFO  impl.RoleInfo (RoleInfo.java:updateAndGet(143)) - 2fdb3e93-e0d8-400e-8c33-91e2341b50c6: start FollowerState
2019-10-22 00:13:19,540 [Thread-1916] INFO  impl.FollowerState (FollowerState.java:run(108)) - 2fdb3e93-e0d8-400e-8c33-91e2341b50c6@group-F01152B53F91-FollowerState: change to CANDIDATE, lastRpcTime:65ms, electionTimeout:65ms
2019-10-22 00:13:19,540 [Thread-1916] INFO  impl.RoleInfo (RoleInfo.java:shutdownFollowerState(121)) - 2fdb3e93-e0d8-400e-8c33-91e2341b50c6: shutdown FollowerState
2019-10-22 00:13:19,540 [Thread-1916] INFO  impl.RaftServerImpl (RaftServerImpl.java:setRole(184)) - 2fdb3e93-e0d8-400e-8c33-91e2341b50c6@group-F01152B53F91: changes role from  FOLLOWER to CANDIDATE at term 219 for changeToCandidate
2019-10-22 00:13:19,540 [Thread-1916] INFO  impl.RoleInfo (RoleInfo.java:updateAndGet(143)) - 2fdb3e93-e0d8-400e-8c33-91e2341b50c6: start LeaderElection
2019-10-22 00:13:19,554 [2fdb3e93-e0d8-400e-8c33-91e2341b50c6@group-F01152B53F91-LeaderElection221] INFO  impl.LeaderElection (LeaderElection.java:askForVotes(178)) - 2fdb3e93-e0d8-400e-8c33-91e2341b50c6@group-F01152B53F91-LeaderElection221: begin an election at term 220 for -1: [2fdb3e93-e0d8-400e-8c33-91e2341b50c6:192.168.157.254:43254, 062c71de-08d9-40ee-9309-15590e2e8e68:192.168.157.254:45598, 2a52019e-5647-44e1-bf30-9a43fd8a7377:192.168.157.254:36038], old=null
2019-10-22 00:13:19,555 [2fdb3e93-e0d8-400e-8c33-91e2341b50c6@group-F01152B53F91-LeaderElection221] INFO  impl.LeaderElection (LogUtils.java:infoOrTrace(149)) - 2fdb3e93-e0d8-400e-8c33-91e2341b50c6@group-F01152B53F91-LeaderElection221 got exception when requesting votes: {}
java.util.concurrent.ExecutionException: org.apache.ratis.thirdparty.io.grpc.StatusRuntimeException: UNAVAILABLE: io exception
	at java.util.concurrent.FutureTask.report(FutureTask.java:122)
	at java.util.concurrent.FutureTask.get(FutureTask.java:192)
	at org.apache.ratis.server.impl.LeaderElection.waitForResults(LeaderElection.java:259)
	at org.apache.ratis.server.impl.LeaderElection.askForVotes(LeaderElection.java:197)
	at org.apache.ratis.server.impl.LeaderElection.run(LeaderElection.java:133)
	at java.lang.Thread.run(Thread.java:748)
Caused by: org.apache.ratis.thirdparty.io.grpc.StatusRuntimeException: UNAVAILABLE: io exception
	at org.apache.ratis.thirdparty.io.grpc.stub.ClientCalls.toStatusRuntimeException(ClientCalls.java:233)
	at org.apache.ratis.thirdparty.io.grpc.stub.ClientCalls.getUnchecked(ClientCalls.java:214)
	at org.apache.ratis.thirdparty.io.grpc.stub.ClientCalls.blockingUnaryCall(ClientCalls.java:139)
	at org.apache.ratis.proto.grpc.RaftServerProtocolServiceGrpc$RaftServerProtocolServiceBlockingStub.requestVote(RaftServerProtocolServiceGrpc.java:265)
	at org.apache.ratis.grpc.server.GrpcServerProtocolClient.requestVote(GrpcServerProtocolClient.java:99)
	at org.apache.ratis.grpc.server.GrpcService.requestVote(GrpcService.java:204)
	at org.apache.ratis.server.impl.LeaderElection.lambda$submitRequests$1(LeaderElection.java:234)
	at java.util.concurrent.FutureTask.run(FutureTask.java:266)
	at java.util.concurrent.Executors$RunnableAdapter.call(Executors.java:511)
	at java.util.concurrent.FutureTask.run(FutureTask.java:266)
	at java.util.concurrent.ThreadPoolExecutor.runWorker(ThreadPoolExecutor.java:1149)
	at java.util.concurrent.ThreadPoolExecutor$Worker.run(ThreadPoolExecutor.java:624)
	... 1 more
Caused by: org.apache.ratis.thirdparty.io.netty.channel.AbstractChannel$AnnotatedConnectException: Connection refused: /192.168.157.254:36038
	at sun.nio.ch.SocketChannelImpl.checkConnect(Native Method)
	at sun.nio.ch.SocketChannelImpl.finishConnect(SocketChannelImpl.java:717)
	at org.apache.ratis.thirdparty.io.netty.channel.socket.nio.NioSocketChannel.doFinishConnect(NioSocketChannel.java:327)
	at org.apache.ratis.thirdparty.io.netty.channel.nio.AbstractNioChannel$AbstractNioUnsafe.finishConnect(AbstractNioChannel.java:340)
	at org.apache.ratis.thirdparty.io.netty.channel.nio.NioEventLoop.processSelectedKey(NioEventLoop.java:632)
	at org.apache.ratis.thirdparty.io.netty.channel.nio.NioEventLoop.processSelectedKeysOptimized(NioEventLoop.java:579)
	at org.apache.ratis.thirdparty.io.netty.channel.nio.NioEventLoop.processSelectedKeys(NioEventLoop.java:496)
	at org.apache.ratis.thirdparty.io.netty.channel.nio.NioEventLoop.run(NioEventLoop.java:458)
	at org.apache.ratis.thirdparty.io.netty.util.concurrent.SingleThreadEventExecutor$5.run(SingleThreadEventExecutor.java:897)
	at org.apache.ratis.thirdparty.io.netty.util.concurrent.FastThreadLocalRunnable.run(FastThreadLocalRunnable.java:30)
	... 1 more
Caused by: java.net.ConnectException: Connection refused
	... 11 more
2019-10-22 00:13:19,555 [2fdb3e93-e0d8-400e-8c33-91e2341b50c6@group-F01152B53F91-LeaderElection221] INFO  impl.LeaderElection (LogUtils.java:infoOrTrace(149)) - 2fdb3e93-e0d8-400e-8c33-91e2341b50c6@group-F01152B53F91-LeaderElection221 got exception when requesting votes: {}
java.util.concurrent.ExecutionException: org.apache.ratis.thirdparty.io.grpc.StatusRuntimeException: UNAVAILABLE: io exception
	at java.util.concurrent.FutureTask.report(FutureTask.java:122)
	at java.util.concurrent.FutureTask.get(FutureTask.java:192)
	at org.apache.ratis.server.impl.LeaderElection.waitForResults(LeaderElection.java:259)
	at org.apache.ratis.server.impl.LeaderElection.askForVotes(LeaderElection.java:197)
	at org.apache.ratis.server.impl.LeaderElection.run(LeaderElection.java:133)
	at java.lang.Thread.run(Thread.java:748)
Caused by: org.apache.ratis.thirdparty.io.grpc.StatusRuntimeException: UNAVAILABLE: io exception
	at org.apache.ratis.thirdparty.io.grpc.stub.ClientCalls.toStatusRuntimeException(ClientCalls.java:233)
	at org.apache.ratis.thirdparty.io.grpc.stub.ClientCalls.getUnchecked(ClientCalls.java:214)
	at org.apache.ratis.thirdparty.io.grpc.stub.ClientCalls.blockingUnaryCall(ClientCalls.java:139)
	at org.apache.ratis.proto.grpc.RaftServerProtocolServiceGrpc$RaftServerProtocolServiceBlockingStub.requestVote(RaftServerProtocolServiceGrpc.java:265)
	at org.apache.ratis.grpc.server.GrpcServerProtocolClient.requestVote(GrpcServerProtocolClient.java:99)
	at org.apache.ratis.grpc.server.GrpcService.requestVote(GrpcService.java:204)
	at org.apache.ratis.server.impl.LeaderElection.lambda$submitRequests$1(LeaderElection.java:234)
	at java.util.concurrent.FutureTask.run(FutureTask.java:266)
	at java.util.concurrent.Executors$RunnableAdapter.call(Executors.java:511)
	at java.util.concurrent.FutureTask.run(FutureTask.java:266)
	at java.util.concurrent.ThreadPoolExecutor.runWorker(ThreadPoolExecutor.java:1149)
	at java.util.concurrent.ThreadPoolExecutor$Worker.run(ThreadPoolExecutor.java:624)
	... 1 more
Caused by: org.apache.ratis.thirdparty.io.netty.channel.AbstractChannel$AnnotatedConnectException: Connection refused: /192.168.157.254:45598
	at sun.nio.ch.SocketChannelImpl.checkConnect(Native Method)
	at sun.nio.ch.SocketChannelImpl.finishConnect(SocketChannelImpl.java:717)
	at org.apache.ratis.thirdparty.io.netty.channel.socket.nio.NioSocketChannel.doFinishConnect(NioSocketChannel.java:327)
	at org.apache.ratis.thirdparty.io.netty.channel.nio.AbstractNioChannel$AbstractNioUnsafe.finishConnect(AbstractNioChannel.java:340)
	at org.apache.ratis.thirdparty.io.netty.channel.nio.NioEventLoop.processSelectedKey(NioEventLoop.java:632)
	at org.apache.ratis.thirdparty.io.netty.channel.nio.NioEventLoop.processSelectedKeysOptimized(NioEventLoop.java:579)
	at org.apache.ratis.thirdparty.io.netty.channel.nio.NioEventLoop.processSelectedKeys(NioEventLoop.java:496)
	at org.apache.ratis.thirdparty.io.netty.channel.nio.NioEventLoop.run(NioEventLoop.java:458)
	at org.apache.ratis.thirdparty.io.netty.util.concurrent.SingleThreadEventExecutor$5.run(SingleThreadEventExecutor.java:897)
	at org.apache.ratis.thirdparty.io.netty.util.concurrent.FastThreadLocalRunnable.run(FastThreadLocalRunnable.java:30)
	... 1 more
Caused by: java.net.ConnectException: Connection refused
	... 11 more
2019-10-22 00:13:19,556 [2fdb3e93-e0d8-400e-8c33-91e2341b50c6@group-F01152B53F91-LeaderElection221] INFO  impl.LeaderElection (LeaderElection.java:logAndReturn(56)) - 2fdb3e93-e0d8-400e-8c33-91e2341b50c6@group-F01152B53F91-LeaderElection221: Election REJECTED; received 0 response(s) [] and 2 exception(s); 2fdb3e93-e0d8-400e-8c33-91e2341b50c6@group-F01152B53F91:t220, leader=null, voted=2fdb3e93-e0d8-400e-8c33-91e2341b50c6, raftlog=2fdb3e93-e0d8-400e-8c33-91e2341b50c6@group-F01152B53F91-SegmentedRaftLog:OPENED:c-1,f-1,i0, conf=-1: [2fdb3e93-e0d8-400e-8c33-91e2341b50c6:192.168.157.254:43254, 062c71de-08d9-40ee-9309-15590e2e8e68:192.168.157.254:45598, 2a52019e-5647-44e1-bf30-9a43fd8a7377:192.168.157.254:36038], old=null
2019-10-22 00:13:19,556 [2fdb3e93-e0d8-400e-8c33-91e2341b50c6@group-F01152B53F91-LeaderElection221] INFO  impl.LeaderElection (LogUtils.java:infoOrTrace(149)) -   Exception 0: {}
java.util.concurrent.ExecutionException: org.apache.ratis.thirdparty.io.grpc.StatusRuntimeException: UNAVAILABLE: io exception
	at java.util.concurrent.FutureTask.report(FutureTask.java:122)
	at java.util.concurrent.FutureTask.get(FutureTask.java:192)
	at org.apache.ratis.server.impl.LeaderElection.waitForResults(LeaderElection.java:259)
	at org.apache.ratis.server.impl.LeaderElection.askForVotes(LeaderElection.java:197)
	at org.apache.ratis.server.impl.LeaderElection.run(LeaderElection.java:133)
	at java.lang.Thread.run(Thread.java:748)
Caused by: org.apache.ratis.thirdparty.io.grpc.StatusRuntimeException: UNAVAILABLE: io exception
	at org.apache.ratis.thirdparty.io.grpc.stub.ClientCalls.toStatusRuntimeException(ClientCalls.java:233)
	at org.apache.ratis.thirdparty.io.grpc.stub.ClientCalls.getUnchecked(ClientCalls.java:214)
	at org.apache.ratis.thirdparty.io.grpc.stub.ClientCalls.blockingUnaryCall(ClientCalls.java:139)
	at org.apache.ratis.proto.grpc.RaftServerProtocolServiceGrpc$RaftServerProtocolServiceBlockingStub.requestVote(RaftServerProtocolServiceGrpc.java:265)
	at org.apache.ratis.grpc.server.GrpcServerProtocolClient.requestVote(GrpcServerProtocolClient.java:99)
	at org.apache.ratis.grpc.server.GrpcService.requestVote(GrpcService.java:204)
	at org.apache.ratis.server.impl.LeaderElection.lambda$submitRequests$1(LeaderElection.java:234)
	at java.util.concurrent.FutureTask.run(FutureTask.java:266)
	at java.util.concurrent.Executors$RunnableAdapter.call(Executors.java:511)
	at java.util.concurrent.FutureTask.run(FutureTask.java:266)
	at java.util.concurrent.ThreadPoolExecutor.runWorker(ThreadPoolExecutor.java:1149)
	at java.util.concurrent.ThreadPoolExecutor$Worker.run(ThreadPoolExecutor.java:624)
	... 1 more
Caused by: org.apache.ratis.thirdparty.io.netty.channel.AbstractChannel$AnnotatedConnectException: Connection refused: /192.168.157.254:36038
	at sun.nio.ch.SocketChannelImpl.checkConnect(Native Method)
	at sun.nio.ch.SocketChannelImpl.finishConnect(SocketChannelImpl.java:717)
	at org.apache.ratis.thirdparty.io.netty.channel.socket.nio.NioSocketChannel.doFinishConnect(NioSocketChannel.java:327)
	at org.apache.ratis.thirdparty.io.netty.channel.nio.AbstractNioChannel$AbstractNioUnsafe.finishConnect(AbstractNioChannel.java:340)
	at org.apache.ratis.thirdparty.io.netty.channel.nio.NioEventLoop.processSelectedKey(NioEventLoop.java:632)
	at org.apache.ratis.thirdparty.io.netty.channel.nio.NioEventLoop.processSelectedKeysOptimized(NioEventLoop.java:579)
	at org.apache.ratis.thirdparty.io.netty.channel.nio.NioEventLoop.processSelectedKeys(NioEventLoop.java:496)
	at org.apache.ratis.thirdparty.io.netty.channel.nio.NioEventLoop.run(NioEventLoop.java:458)
	at org.apache.ratis.thirdparty.io.netty.util.concurrent.SingleThreadEventExecutor$5.run(SingleThreadEventExecutor.java:897)
	at org.apache.ratis.thirdparty.io.netty.util.concurrent.FastThreadLocalRunnable.run(FastThreadLocalRunnable.java:30)
	... 1 more
Caused by: java.net.ConnectException: Connection refused
	... 11 more
2019-10-22 00:13:19,556 [2fdb3e93-e0d8-400e-8c33-91e2341b50c6@group-F01152B53F91-LeaderElection221] INFO  impl.LeaderElection (LogUtils.java:infoOrTrace(149)) -   Exception 1: {}
java.util.concurrent.ExecutionException: org.apache.ratis.thirdparty.io.grpc.StatusRuntimeException: UNAVAILABLE: io exception
	at java.util.concurrent.FutureTask.report(FutureTask.java:122)
	at java.util.concurrent.FutureTask.get(FutureTask.java:192)
	at org.apache.ratis.server.impl.LeaderElection.waitForResults(LeaderElection.java:259)
	at org.apache.ratis.server.impl.LeaderElection.askForVotes(LeaderElection.java:197)
	at org.apache.ratis.server.impl.LeaderElection.run(LeaderElection.java:133)
	at java.lang.Thread.run(Thread.java:748)
Caused by: org.apache.ratis.thirdparty.io.grpc.StatusRuntimeException: UNAVAILABLE: io exception
	at org.apache.ratis.thirdparty.io.grpc.stub.ClientCalls.toStatusRuntimeException(ClientCalls.java:233)
	at org.apache.ratis.thirdparty.io.grpc.stub.ClientCalls.getUnchecked(ClientCalls.java:214)
	at org.apache.ratis.thirdparty.io.grpc.stub.ClientCalls.blockingUnaryCall(ClientCalls.java:139)
	at org.apache.ratis.proto.grpc.RaftServerProtocolServiceGrpc$RaftServerProtocolServiceBlockingStub.requestVote(RaftServerProtocolServiceGrpc.java:265)
	at org.apache.ratis.grpc.server.GrpcServerProtocolClient.requestVote(GrpcServerProtocolClient.java:99)
	at org.apache.ratis.grpc.server.GrpcService.requestVote(GrpcService.java:204)
	at org.apache.ratis.server.impl.LeaderElection.lambda$submitRequests$1(LeaderElection.java:234)
	at java.util.concurrent.FutureTask.run(FutureTask.java:266)
	at java.util.concurrent.Executors$RunnableAdapter.call(Executors.java:511)
	at java.util.concurrent.FutureTask.run(FutureTask.java:266)
	at java.util.concurrent.ThreadPoolExecutor.runWorker(ThreadPoolExecutor.java:1149)
	at java.util.concurrent.ThreadPoolExecutor$Worker.run(ThreadPoolExecutor.java:624)
	... 1 more
Caused by: org.apache.ratis.thirdparty.io.netty.channel.AbstractChannel$AnnotatedConnectException: Connection refused: /192.168.157.254:45598
	at sun.nio.ch.SocketChannelImpl.checkConnect(Native Method)
	at sun.nio.ch.SocketChannelImpl.finishConnect(SocketChannelImpl.java:717)
	at org.apache.ratis.thirdparty.io.netty.channel.socket.nio.NioSocketChannel.doFinishConnect(NioSocketChannel.java:327)
	at org.apache.ratis.thirdparty.io.netty.channel.nio.AbstractNioChannel$AbstractNioUnsafe.finishConnect(AbstractNioChannel.java:340)
	at org.apache.ratis.thirdparty.io.netty.channel.nio.NioEventLoop.processSelectedKey(NioEventLoop.java:632)
	at org.apache.ratis.thirdparty.io.netty.channel.nio.NioEventLoop.processSelectedKeysOptimized(NioEventLoop.java:579)
	at org.apache.ratis.thirdparty.io.netty.channel.nio.NioEventLoop.processSelectedKeys(NioEventLoop.java:496)
	at org.apache.ratis.thirdparty.io.netty.channel.nio.NioEventLoop.run(NioEventLoop.java:458)
	at org.apache.ratis.thirdparty.io.netty.util.concurrent.SingleThreadEventExecutor$5.run(SingleThreadEventExecutor.java:897)
	at org.apache.ratis.thirdparty.io.netty.util.concurrent.FastThreadLocalRunnable.run(FastThreadLocalRunnable.java:30)
	... 1 more
Caused by: java.net.ConnectException: Connection refused
	... 11 more
2019-10-22 00:13:19,556 [2fdb3e93-e0d8-400e-8c33-91e2341b50c6@group-F01152B53F91-LeaderElection221] INFO  impl.RaftServerImpl (RaftServerImpl.java:setRole(184)) - 2fdb3e93-e0d8-400e-8c33-91e2341b50c6@group-F01152B53F91: changes role from CANDIDATE to FOLLOWER at term 220 for DISCOVERED_A_NEW_TERM
2019-10-22 00:13:19,557 [2fdb3e93-e0d8-400e-8c33-91e2341b50c6@group-F01152B53F91-LeaderElection221] INFO  impl.RoleInfo (RoleInfo.java:shutdownLeaderElection(134)) - 2fdb3e93-e0d8-400e-8c33-91e2341b50c6: shutdown LeaderElection
2019-10-22 00:13:19,557 [2fdb3e93-e0d8-400e-8c33-91e2341b50c6@group-F01152B53F91-LeaderElection221] INFO  impl.RoleInfo (RoleInfo.java:updateAndGet(143)) - 2fdb3e93-e0d8-400e-8c33-91e2341b50c6: start FollowerState
2019-10-22 00:13:19,573 [Thread-1921] INFO  impl.FollowerState (FollowerState.java:run(108)) - 2fdb3e93-e0d8-400e-8c33-91e2341b50c6@group-F01152B53F91-FollowerState: change to CANDIDATE, lastRpcTime:16ms, electionTimeout:16ms
2019-10-22 00:13:19,573 [Thread-1921] INFO  impl.RoleInfo (RoleInfo.java:shutdownFollowerState(121)) - 2fdb3e93-e0d8-400e-8c33-91e2341b50c6: shutdown FollowerState
2019-10-22 00:13:19,573 [Thread-1921] INFO  impl.RaftServerImpl (RaftServerImpl.java:setRole(184)) - 2fdb3e93-e0d8-400e-8c33-91e2341b50c6@group-F01152B53F91: changes role from  FOLLOWER to CANDIDATE at term 220 for changeToCandidate
2019-10-22 00:13:19,573 [Thread-1921] INFO  impl.RoleInfo (RoleInfo.java:updateAndGet(143)) - 2fdb3e93-e0d8-400e-8c33-91e2341b50c6: start LeaderElection
2019-10-22 00:13:19,587 [2fdb3e93-e0d8-400e-8c33-91e2341b50c6@group-F01152B53F91-LeaderElection222] INFO  impl.LeaderElection (LeaderElection.java:askForVotes(178)) - 2fdb3e93-e0d8-400e-8c33-91e2341b50c6@group-F01152B53F91-LeaderElection222: begin an election at term 221 for -1: [2fdb3e93-e0d8-400e-8c33-91e2341b50c6:192.168.157.254:43254, 062c71de-08d9-40ee-9309-15590e2e8e68:192.168.157.254:45598, 2a52019e-5647-44e1-bf30-9a43fd8a7377:192.168.157.254:36038], old=null
2019-10-22 00:13:19,587 [2fdb3e93-e0d8-400e-8c33-91e2341b50c6@group-F01152B53F91-LeaderElection222] INFO  impl.LeaderElection (LogUtils.java:infoOrTrace(149)) - 2fdb3e93-e0d8-400e-8c33-91e2341b50c6@group-F01152B53F91-LeaderElection222 got exception when requesting votes: {}
java.util.concurrent.ExecutionException: org.apache.ratis.thirdparty.io.grpc.StatusRuntimeException: UNAVAILABLE: io exception
	at java.util.concurrent.FutureTask.report(FutureTask.java:122)
	at java.util.concurrent.FutureTask.get(FutureTask.java:192)
	at org.apache.ratis.server.impl.LeaderElection.waitForResults(LeaderElection.java:259)
	at org.apache.ratis.server.impl.LeaderElection.askForVotes(LeaderElection.java:197)
	at org.apache.ratis.server.impl.LeaderElection.run(LeaderElection.java:133)
	at java.lang.Thread.run(Thread.java:748)
Caused by: org.apache.ratis.thirdparty.io.grpc.StatusRuntimeException: UNAVAILABLE: io exception
	at org.apache.ratis.thirdparty.io.grpc.stub.ClientCalls.toStatusRuntimeException(ClientCalls.java:233)
	at org.apache.ratis.thirdparty.io.grpc.stub.ClientCalls.getUnchecked(ClientCalls.java:214)
	at org.apache.ratis.thirdparty.io.grpc.stub.ClientCalls.blockingUnaryCall(ClientCalls.java:139)
	at org.apache.ratis.proto.grpc.RaftServerProtocolServiceGrpc$RaftServerProtocolServiceBlockingStub.requestVote(RaftServerProtocolServiceGrpc.java:265)
	at org.apache.ratis.grpc.server.GrpcServerProtocolClient.requestVote(GrpcServerProtocolClient.java:99)
	at org.apache.ratis.grpc.server.GrpcService.requestVote(GrpcService.java:204)
	at org.apache.ratis.server.impl.LeaderElection.lambda$submitRequests$1(LeaderElection.java:234)
	at java.util.concurrent.FutureTask.run(FutureTask.java:266)
	at java.util.concurrent.Executors$RunnableAdapter.call(Executors.java:511)
	at java.util.concurrent.FutureTask.run(FutureTask.java:266)
	at java.util.concurrent.ThreadPoolExecutor.runWorker(ThreadPoolExecutor.java:1149)
	at java.util.concurrent.ThreadPoolExecutor$Worker.run(ThreadPoolExecutor.java:624)
	... 1 more
Caused by: org.apache.ratis.thirdparty.io.netty.channel.AbstractChannel$AnnotatedConnectException: Connection refused: /192.168.157.254:45598
	at sun.nio.ch.SocketChannelImpl.checkConnect(Native Method)
	at sun.nio.ch.SocketChannelImpl.finishConnect(SocketChannelImpl.java:717)
	at org.apache.ratis.thirdparty.io.netty.channel.socket.nio.NioSocketChannel.doFinishConnect(NioSocketChannel.java:327)
	at org.apache.ratis.thirdparty.io.netty.channel.nio.AbstractNioChannel$AbstractNioUnsafe.finishConnect(AbstractNioChannel.java:340)
	at org.apache.ratis.thirdparty.io.netty.channel.nio.NioEventLoop.processSelectedKey(NioEventLoop.java:632)
	at org.apache.ratis.thirdparty.io.netty.channel.nio.NioEventLoop.processSelectedKeysOptimized(NioEventLoop.java:579)
	at org.apache.ratis.thirdparty.io.netty.channel.nio.NioEventLoop.processSelectedKeys(NioEventLoop.java:496)
	at org.apache.ratis.thirdparty.io.netty.channel.nio.NioEventLoop.run(NioEventLoop.java:458)
	at org.apache.ratis.thirdparty.io.netty.util.concurrent.SingleThreadEventExecutor$5.run(SingleThreadEventExecutor.java:897)
	at org.apache.ratis.thirdparty.io.netty.util.concurrent.FastThreadLocalRunnable.run(FastThreadLocalRunnable.java:30)
	... 1 more
Caused by: java.net.ConnectException: Connection refused
	... 11 more
2019-10-22 00:13:19,588 [2fdb3e93-e0d8-400e-8c33-91e2341b50c6@group-F01152B53F91-LeaderElection222] INFO  impl.LeaderElection (LogUtils.java:infoOrTrace(149)) - 2fdb3e93-e0d8-400e-8c33-91e2341b50c6@group-F01152B53F91-LeaderElection222 got exception when requesting votes: {}
java.util.concurrent.ExecutionException: org.apache.ratis.thirdparty.io.grpc.StatusRuntimeException: UNAVAILABLE: io exception
	at java.util.concurrent.FutureTask.report(FutureTask.java:122)
	at java.util.concurrent.FutureTask.get(FutureTask.java:192)
	at org.apache.ratis.server.impl.LeaderElection.waitForResults(LeaderElection.java:259)
	at org.apache.ratis.server.impl.LeaderElection.askForVotes(LeaderElection.java:197)
	at org.apache.ratis.server.impl.LeaderElection.run(LeaderElection.java:133)
	at java.lang.Thread.run(Thread.java:748)
Caused by: org.apache.ratis.thirdparty.io.grpc.StatusRuntimeException: UNAVAILABLE: io exception
	at org.apache.ratis.thirdparty.io.grpc.stub.ClientCalls.toStatusRuntimeException(ClientCalls.java:233)
	at org.apache.ratis.thirdparty.io.grpc.stub.ClientCalls.getUnchecked(ClientCalls.java:214)
	at org.apache.ratis.thirdparty.io.grpc.stub.ClientCalls.blockingUnaryCall(ClientCalls.java:139)
	at org.apache.ratis.proto.grpc.RaftServerProtocolServiceGrpc$RaftServerProtocolServiceBlockingStub.requestVote(RaftServerProtocolServiceGrpc.java:265)
	at org.apache.ratis.grpc.server.GrpcServerProtocolClient.requestVote(GrpcServerProtocolClient.java:99)
	at org.apache.ratis.grpc.server.GrpcService.requestVote(GrpcService.java:204)
	at org.apache.ratis.server.impl.LeaderElection.lambda$submitRequests$1(LeaderElection.java:234)
	at java.util.concurrent.FutureTask.run(FutureTask.java:266)
	at java.util.concurrent.Executors$RunnableAdapter.call(Executors.java:511)
	at java.util.concurrent.FutureTask.run(FutureTask.java:266)
	at java.util.concurrent.ThreadPoolExecutor.runWorker(ThreadPoolExecutor.java:1149)
	at java.util.concurrent.ThreadPoolExecutor$Worker.run(ThreadPoolExecutor.java:624)
	... 1 more
Caused by: org.apache.ratis.thirdparty.io.netty.channel.AbstractChannel$AnnotatedConnectException: Connection refused: /192.168.157.254:36038
	at sun.nio.ch.SocketChannelImpl.checkConnect(Native Method)
	at sun.nio.ch.SocketChannelImpl.finishConnect(SocketChannelImpl.java:717)
	at org.apache.ratis.thirdparty.io.netty.channel.socket.nio.NioSocketChannel.doFinishConnect(NioSocketChannel.java:327)
	at org.apache.ratis.thirdparty.io.netty.channel.nio.AbstractNioChannel$AbstractNioUnsafe.finishConnect(AbstractNioChannel.java:340)
	at org.apache.ratis.thirdparty.io.netty.channel.nio.NioEventLoop.processSelectedKey(NioEventLoop.java:632)
	at org.apache.ratis.thirdparty.io.netty.channel.nio.NioEventLoop.processSelectedKeysOptimized(NioEventLoop.java:579)
	at org.apache.ratis.thirdparty.io.netty.channel.nio.NioEventLoop.processSelectedKeys(NioEventLoop.java:496)
	at org.apache.ratis.thirdparty.io.netty.channel.nio.NioEventLoop.run(NioEventLoop.java:458)
	at org.apache.ratis.thirdparty.io.netty.util.concurrent.SingleThreadEventExecutor$5.run(SingleThreadEventExecutor.java:897)
	at org.apache.ratis.thirdparty.io.netty.util.concurrent.FastThreadLocalRunnable.run(FastThreadLocalRunnable.java:30)
	... 1 more
Caused by: java.net.ConnectException: Connection refused
	... 11 more
2019-10-22 00:13:19,588 [2fdb3e93-e0d8-400e-8c33-91e2341b50c6@group-F01152B53F91-LeaderElection222] INFO  impl.LeaderElection (LeaderElection.java:logAndReturn(56)) - 2fdb3e93-e0d8-400e-8c33-91e2341b50c6@group-F01152B53F91-LeaderElection222: Election REJECTED; received 0 response(s) [] and 2 exception(s); 2fdb3e93-e0d8-400e-8c33-91e2341b50c6@group-F01152B53F91:t221, leader=null, voted=2fdb3e93-e0d8-400e-8c33-91e2341b50c6, raftlog=2fdb3e93-e0d8-400e-8c33-91e2341b50c6@group-F01152B53F91-SegmentedRaftLog:OPENED:c-1,f-1,i0, conf=-1: [2fdb3e93-e0d8-400e-8c33-91e2341b50c6:192.168.157.254:43254, 062c71de-08d9-40ee-9309-15590e2e8e68:192.168.157.254:45598, 2a52019e-5647-44e1-bf30-9a43fd8a7377:192.168.157.254:36038], old=null
2019-10-22 00:13:19,588 [2fdb3e93-e0d8-400e-8c33-91e2341b50c6@group-F01152B53F91-LeaderElection222] INFO  impl.LeaderElection (LogUtils.java:infoOrTrace(149)) -   Exception 0: {}
java.util.concurrent.ExecutionException: org.apache.ratis.thirdparty.io.grpc.StatusRuntimeException: UNAVAILABLE: io exception
	at java.util.concurrent.FutureTask.report(FutureTask.java:122)
	at java.util.concurrent.FutureTask.get(FutureTask.java:192)
	at org.apache.ratis.server.impl.LeaderElection.waitForResults(LeaderElection.java:259)
	at org.apache.ratis.server.impl.LeaderElection.askForVotes(LeaderElection.java:197)
	at org.apache.ratis.server.impl.LeaderElection.run(LeaderElection.java:133)
	at java.lang.Thread.run(Thread.java:748)
Caused by: org.apache.ratis.thirdparty.io.grpc.StatusRuntimeException: UNAVAILABLE: io exception
	at org.apache.ratis.thirdparty.io.grpc.stub.ClientCalls.toStatusRuntimeException(ClientCalls.java:233)
	at org.apache.ratis.thirdparty.io.grpc.stub.ClientCalls.getUnchecked(ClientCalls.java:214)
	at org.apache.ratis.thirdparty.io.grpc.stub.ClientCalls.blockingUnaryCall(ClientCalls.java:139)
	at org.apache.ratis.proto.grpc.RaftServerProtocolServiceGrpc$RaftServerProtocolServiceBlockingStub.requestVote(RaftServerProtocolServiceGrpc.java:265)
	at org.apache.ratis.grpc.server.GrpcServerProtocolClient.requestVote(GrpcServerProtocolClient.java:99)
	at org.apache.ratis.grpc.server.GrpcService.requestVote(GrpcService.java:204)
	at org.apache.ratis.server.impl.LeaderElection.lambda$submitRequests$1(LeaderElection.java:234)
	at java.util.concurrent.FutureTask.run(FutureTask.java:266)
	at java.util.concurrent.Executors$RunnableAdapter.call(Executors.java:511)
	at java.util.concurrent.FutureTask.run(FutureTask.java:266)
	at java.util.concurrent.ThreadPoolExecutor.runWorker(ThreadPoolExecutor.java:1149)
	at java.util.concurrent.ThreadPoolExecutor$Worker.run(ThreadPoolExecutor.java:624)
	... 1 more
Caused by: org.apache.ratis.thirdparty.io.netty.channel.AbstractChannel$AnnotatedConnectException: Connection refused: /192.168.157.254:45598
	at sun.nio.ch.SocketChannelImpl.checkConnect(Native Method)
	at sun.nio.ch.SocketChannelImpl.finishConnect(SocketChannelImpl.java:717)
	at org.apache.ratis.thirdparty.io.netty.channel.socket.nio.NioSocketChannel.doFinishConnect(NioSocketChannel.java:327)
	at org.apache.ratis.thirdparty.io.netty.channel.nio.AbstractNioChannel$AbstractNioUnsafe.finishConnect(AbstractNioChannel.java:340)
	at org.apache.ratis.thirdparty.io.netty.channel.nio.NioEventLoop.processSelectedKey(NioEventLoop.java:632)
	at org.apache.ratis.thirdparty.io.netty.channel.nio.NioEventLoop.processSelectedKeysOptimized(NioEventLoop.java:579)
	at org.apache.ratis.thirdparty.io.netty.channel.nio.NioEventLoop.processSelectedKeys(NioEventLoop.java:496)
	at org.apache.ratis.thirdparty.io.netty.channel.nio.NioEventLoop.run(NioEventLoop.java:458)
	at org.apache.ratis.thirdparty.io.netty.util.concurrent.SingleThreadEventExecutor$5.run(SingleThreadEventExecutor.java:897)
	at org.apache.ratis.thirdparty.io.netty.util.concurrent.FastThreadLocalRunnable.run(FastThreadLocalRunnable.java:30)
	... 1 more
Caused by: java.net.ConnectException: Connection refused
	... 11 more
2019-10-22 00:13:19,588 [2fdb3e93-e0d8-400e-8c33-91e2341b50c6@group-F01152B53F91-LeaderElection222] INFO  impl.LeaderElection (LogUtils.java:infoOrTrace(149)) -   Exception 1: {}
java.util.concurrent.ExecutionException: org.apache.ratis.thirdparty.io.grpc.StatusRuntimeException: UNAVAILABLE: io exception
	at java.util.concurrent.FutureTask.report(FutureTask.java:122)
	at java.util.concurrent.FutureTask.get(FutureTask.java:192)
	at org.apache.ratis.server.impl.LeaderElection.waitForResults(LeaderElection.java:259)
	at org.apache.ratis.server.impl.LeaderElection.askForVotes(LeaderElection.java:197)
	at org.apache.ratis.server.impl.LeaderElection.run(LeaderElection.java:133)
	at java.lang.Thread.run(Thread.java:748)
Caused by: org.apache.ratis.thirdparty.io.grpc.StatusRuntimeException: UNAVAILABLE: io exception
	at org.apache.ratis.thirdparty.io.grpc.stub.ClientCalls.toStatusRuntimeException(ClientCalls.java:233)
	at org.apache.ratis.thirdparty.io.grpc.stub.ClientCalls.getUnchecked(ClientCalls.java:214)
	at org.apache.ratis.thirdparty.io.grpc.stub.ClientCalls.blockingUnaryCall(ClientCalls.java:139)
	at org.apache.ratis.proto.grpc.RaftServerProtocolServiceGrpc$RaftServerProtocolServiceBlockingStub.requestVote(RaftServerProtocolServiceGrpc.java:265)
	at org.apache.ratis.grpc.server.GrpcServerProtocolClient.requestVote(GrpcServerProtocolClient.java:99)
	at org.apache.ratis.grpc.server.GrpcService.requestVote(GrpcService.java:204)
	at org.apache.ratis.server.impl.LeaderElection.lambda$submitRequests$1(LeaderElection.java:234)
	at java.util.concurrent.FutureTask.run(FutureTask.java:266)
	at java.util.concurrent.Executors$RunnableAdapter.call(Executors.java:511)
	at java.util.concurrent.FutureTask.run(FutureTask.java:266)
	at java.util.concurrent.ThreadPoolExecutor.runWorker(ThreadPoolExecutor.java:1149)
	at java.util.concurrent.ThreadPoolExecutor$Worker.run(ThreadPoolExecutor.java:624)
	... 1 more
Caused by: org.apache.ratis.thirdparty.io.netty.channel.AbstractChannel$AnnotatedConnectException: Connection refused: /192.168.157.254:36038
	at sun.nio.ch.SocketChannelImpl.checkConnect(Native Method)
	at sun.nio.ch.SocketChannelImpl.finishConnect(SocketChannelImpl.java:717)
	at org.apache.ratis.thirdparty.io.netty.channel.socket.nio.NioSocketChannel.doFinishConnect(NioSocketChannel.java:327)
	at org.apache.ratis.thirdparty.io.netty.channel.nio.AbstractNioChannel$AbstractNioUnsafe.finishConnect(AbstractNioChannel.java:340)
	at org.apache.ratis.thirdparty.io.netty.channel.nio.NioEventLoop.processSelectedKey(NioEventLoop.java:632)
	at org.apache.ratis.thirdparty.io.netty.channel.nio.NioEventLoop.processSelectedKeysOptimized(NioEventLoop.java:579)
	at org.apache.ratis.thirdparty.io.netty.channel.nio.NioEventLoop.processSelectedKeys(NioEventLoop.java:496)
	at org.apache.ratis.thirdparty.io.netty.channel.nio.NioEventLoop.run(NioEventLoop.java:458)
	at org.apache.ratis.thirdparty.io.netty.util.concurrent.SingleThreadEventExecutor$5.run(SingleThreadEventExecutor.java:897)
	at org.apache.ratis.thirdparty.io.netty.util.concurrent.FastThreadLocalRunnable.run(FastThreadLocalRunnable.java:30)
	... 1 more
Caused by: java.net.ConnectException: Connection refused
	... 11 more
2019-10-22 00:13:19,589 [2fdb3e93-e0d8-400e-8c33-91e2341b50c6@group-F01152B53F91-LeaderElection222] INFO  impl.RaftServerImpl (RaftServerImpl.java:setRole(184)) - 2fdb3e93-e0d8-400e-8c33-91e2341b50c6@group-F01152B53F91: changes role from CANDIDATE to FOLLOWER at term 221 for DISCOVERED_A_NEW_TERM
2019-10-22 00:13:19,589 [2fdb3e93-e0d8-400e-8c33-91e2341b50c6@group-F01152B53F91-LeaderElection222] INFO  impl.RoleInfo (RoleInfo.java:shutdownLeaderElection(134)) - 2fdb3e93-e0d8-400e-8c33-91e2341b50c6: shutdown LeaderElection
2019-10-22 00:13:19,589 [2fdb3e93-e0d8-400e-8c33-91e2341b50c6@group-F01152B53F91-LeaderElection222] INFO  impl.RoleInfo (RoleInfo.java:updateAndGet(143)) - 2fdb3e93-e0d8-400e-8c33-91e2341b50c6: start FollowerState
2019-10-22 00:13:19,643 [Datanode State Machine Thread - 0] INFO  statemachine.DatanodeStateMachine (DatanodeStateMachine.java:lambda$startDaemon$0(350)) - Ozone container server started.
2019-10-22 00:13:19,783 [Thread-1925] INFO  impl.FollowerState (FollowerState.java:run(108)) - 2fdb3e93-e0d8-400e-8c33-91e2341b50c6@group-F01152B53F91-FollowerState: change to CANDIDATE, lastRpcTime:194ms, electionTimeout:194ms
2019-10-22 00:13:19,783 [Thread-1925] INFO  impl.RoleInfo (RoleInfo.java:shutdownFollowerState(121)) - 2fdb3e93-e0d8-400e-8c33-91e2341b50c6: shutdown FollowerState
2019-10-22 00:13:19,783 [Thread-1925] INFO  impl.RaftServerImpl (RaftServerImpl.java:setRole(184)) - 2fdb3e93-e0d8-400e-8c33-91e2341b50c6@group-F01152B53F91: changes role from  FOLLOWER to CANDIDATE at term 221 for changeToCandidate
2019-10-22 00:13:19,784 [Thread-1925] INFO  impl.RoleInfo (RoleInfo.java:updateAndGet(143)) - 2fdb3e93-e0d8-400e-8c33-91e2341b50c6: start LeaderElection
2019-10-22 00:13:19,797 [2fdb3e93-e0d8-400e-8c33-91e2341b50c6@group-F01152B53F91-LeaderElection223] INFO  impl.LeaderElection (LeaderElection.java:askForVotes(178)) - 2fdb3e93-e0d8-400e-8c33-91e2341b50c6@group-F01152B53F91-LeaderElection223: begin an election at term 222 for -1: [2fdb3e93-e0d8-400e-8c33-91e2341b50c6:192.168.157.254:43254, 062c71de-08d9-40ee-9309-15590e2e8e68:192.168.157.254:45598, 2a52019e-5647-44e1-bf30-9a43fd8a7377:192.168.157.254:36038], old=null
2019-10-22 00:13:19,798 [2fdb3e93-e0d8-400e-8c33-91e2341b50c6@group-F01152B53F91-LeaderElection223] INFO  impl.LeaderElection (LogUtils.java:infoOrTrace(149)) - 2fdb3e93-e0d8-400e-8c33-91e2341b50c6@group-F01152B53F91-LeaderElection223 got exception when requesting votes: {}
java.util.concurrent.ExecutionException: org.apache.ratis.thirdparty.io.grpc.StatusRuntimeException: UNAVAILABLE: io exception
	at java.util.concurrent.FutureTask.report(FutureTask.java:122)
	at java.util.concurrent.FutureTask.get(FutureTask.java:192)
	at org.apache.ratis.server.impl.LeaderElection.waitForResults(LeaderElection.java:259)
	at org.apache.ratis.server.impl.LeaderElection.askForVotes(LeaderElection.java:197)
	at org.apache.ratis.server.impl.LeaderElection.run(LeaderElection.java:133)
	at java.lang.Thread.run(Thread.java:748)
Caused by: org.apache.ratis.thirdparty.io.grpc.StatusRuntimeException: UNAVAILABLE: io exception
	at org.apache.ratis.thirdparty.io.grpc.stub.ClientCalls.toStatusRuntimeException(ClientCalls.java:233)
	at org.apache.ratis.thirdparty.io.grpc.stub.ClientCalls.getUnchecked(ClientCalls.java:214)
	at org.apache.ratis.thirdparty.io.grpc.stub.ClientCalls.blockingUnaryCall(ClientCalls.java:139)
	at org.apache.ratis.proto.grpc.RaftServerProtocolServiceGrpc$RaftServerProtocolServiceBlockingStub.requestVote(RaftServerProtocolServiceGrpc.java:265)
	at org.apache.ratis.grpc.server.GrpcServerProtocolClient.requestVote(GrpcServerProtocolClient.java:99)
	at org.apache.ratis.grpc.server.GrpcService.requestVote(GrpcService.java:204)
	at org.apache.ratis.server.impl.LeaderElection.lambda$submitRequests$1(LeaderElection.java:234)
	at java.util.concurrent.FutureTask.run(FutureTask.java:266)
	at java.util.concurrent.Executors$RunnableAdapter.call(Executors.java:511)
	at java.util.concurrent.FutureTask.run(FutureTask.java:266)
	at java.util.concurrent.ThreadPoolExecutor.runWorker(ThreadPoolExecutor.java:1149)
	at java.util.concurrent.ThreadPoolExecutor$Worker.run(ThreadPoolExecutor.java:624)
	... 1 more
Caused by: org.apache.ratis.thirdparty.io.netty.channel.AbstractChannel$AnnotatedConnectException: Connection refused: /192.168.157.254:45598
	at sun.nio.ch.SocketChannelImpl.checkConnect(Native Method)
	at sun.nio.ch.SocketChannelImpl.finishConnect(SocketChannelImpl.java:717)
	at org.apache.ratis.thirdparty.io.netty.channel.socket.nio.NioSocketChannel.doFinishConnect(NioSocketChannel.java:327)
	at org.apache.ratis.thirdparty.io.netty.channel.nio.AbstractNioChannel$AbstractNioUnsafe.finishConnect(AbstractNioChannel.java:340)
	at org.apache.ratis.thirdparty.io.netty.channel.nio.NioEventLoop.processSelectedKey(NioEventLoop.java:632)
	at org.apache.ratis.thirdparty.io.netty.channel.nio.NioEventLoop.processSelectedKeysOptimized(NioEventLoop.java:579)
	at org.apache.ratis.thirdparty.io.netty.channel.nio.NioEventLoop.processSelectedKeys(NioEventLoop.java:496)
	at org.apache.ratis.thirdparty.io.netty.channel.nio.NioEventLoop.run(NioEventLoop.java:458)
	at org.apache.ratis.thirdparty.io.netty.util.concurrent.SingleThreadEventExecutor$5.run(SingleThreadEventExecutor.java:897)
	at org.apache.ratis.thirdparty.io.netty.util.concurrent.FastThreadLocalRunnable.run(FastThreadLocalRunnable.java:30)
	... 1 more
Caused by: java.net.ConnectException: Connection refused
	... 11 more
2019-10-22 00:13:19,798 [2fdb3e93-e0d8-400e-8c33-91e2341b50c6@group-F01152B53F91-LeaderElection223] INFO  impl.LeaderElection (LogUtils.java:infoOrTrace(149)) - 2fdb3e93-e0d8-400e-8c33-91e2341b50c6@group-F01152B53F91-LeaderElection223 got exception when requesting votes: {}
java.util.concurrent.ExecutionException: org.apache.ratis.thirdparty.io.grpc.StatusRuntimeException: UNAVAILABLE: io exception
	at java.util.concurrent.FutureTask.report(FutureTask.java:122)
	at java.util.concurrent.FutureTask.get(FutureTask.java:192)
	at org.apache.ratis.server.impl.LeaderElection.waitForResults(LeaderElection.java:259)
	at org.apache.ratis.server.impl.LeaderElection.askForVotes(LeaderElection.java:197)
	at org.apache.ratis.server.impl.LeaderElection.run(LeaderElection.java:133)
	at java.lang.Thread.run(Thread.java:748)
Caused by: org.apache.ratis.thirdparty.io.grpc.StatusRuntimeException: UNAVAILABLE: io exception
	at org.apache.ratis.thirdparty.io.grpc.stub.ClientCalls.toStatusRuntimeException(ClientCalls.java:233)
	at org.apache.ratis.thirdparty.io.grpc.stub.ClientCalls.getUnchecked(ClientCalls.java:214)
	at org.apache.ratis.thirdparty.io.grpc.stub.ClientCalls.blockingUnaryCall(ClientCalls.java:139)
	at org.apache.ratis.proto.grpc.RaftServerProtocolServiceGrpc$RaftServerProtocolServiceBlockingStub.requestVote(RaftServerProtocolServiceGrpc.java:265)
	at org.apache.ratis.grpc.server.GrpcServerProtocolClient.requestVote(GrpcServerProtocolClient.java:99)
	at org.apache.ratis.grpc.server.GrpcService.requestVote(GrpcService.java:204)
	at org.apache.ratis.server.impl.LeaderElection.lambda$submitRequests$1(LeaderElection.java:234)
	at java.util.concurrent.FutureTask.run(FutureTask.java:266)
	at java.util.concurrent.Executors$RunnableAdapter.call(Executors.java:511)
	at java.util.concurrent.FutureTask.run(FutureTask.java:266)
	at java.util.concurrent.ThreadPoolExecutor.runWorker(ThreadPoolExecutor.java:1149)
	at java.util.concurrent.ThreadPoolExecutor$Worker.run(ThreadPoolExecutor.java:624)
	... 1 more
Caused by: org.apache.ratis.thirdparty.io.netty.channel.AbstractChannel$AnnotatedConnectException: Connection refused: /192.168.157.254:36038
	at sun.nio.ch.SocketChannelImpl.checkConnect(Native Method)
	at sun.nio.ch.SocketChannelImpl.finishConnect(SocketChannelImpl.java:717)
	at org.apache.ratis.thirdparty.io.netty.channel.socket.nio.NioSocketChannel.doFinishConnect(NioSocketChannel.java:327)
	at org.apache.ratis.thirdparty.io.netty.channel.nio.AbstractNioChannel$AbstractNioUnsafe.finishConnect(AbstractNioChannel.java:340)
	at org.apache.ratis.thirdparty.io.netty.channel.nio.NioEventLoop.processSelectedKey(NioEventLoop.java:632)
	at org.apache.ratis.thirdparty.io.netty.channel.nio.NioEventLoop.processSelectedKeysOptimized(NioEventLoop.java:579)
	at org.apache.ratis.thirdparty.io.netty.channel.nio.NioEventLoop.processSelectedKeys(NioEventLoop.java:496)
	at org.apache.ratis.thirdparty.io.netty.channel.nio.NioEventLoop.run(NioEventLoop.java:458)
	at org.apache.ratis.thirdparty.io.netty.util.concurrent.SingleThreadEventExecutor$5.run(SingleThreadEventExecutor.java:897)
	at org.apache.ratis.thirdparty.io.netty.util.concurrent.FastThreadLocalRunnable.run(FastThreadLocalRunnable.java:30)
	... 1 more
Caused by: java.net.ConnectException: Connection refused
	... 11 more
2019-10-22 00:13:19,799 [2fdb3e93-e0d8-400e-8c33-91e2341b50c6@group-F01152B53F91-LeaderElection223] INFO  impl.LeaderElection (LeaderElection.java:logAndReturn(56)) - 2fdb3e93-e0d8-400e-8c33-91e2341b50c6@group-F01152B53F91-LeaderElection223: Election REJECTED; received 0 response(s) [] and 2 exception(s); 2fdb3e93-e0d8-400e-8c33-91e2341b50c6@group-F01152B53F91:t222, leader=null, voted=2fdb3e93-e0d8-400e-8c33-91e2341b50c6, raftlog=2fdb3e93-e0d8-400e-8c33-91e2341b50c6@group-F01152B53F91-SegmentedRaftLog:OPENED:c-1,f-1,i0, conf=-1: [2fdb3e93-e0d8-400e-8c33-91e2341b50c6:192.168.157.254:43254, 062c71de-08d9-40ee-9309-15590e2e8e68:192.168.157.254:45598, 2a52019e-5647-44e1-bf30-9a43fd8a7377:192.168.157.254:36038], old=null
2019-10-22 00:13:19,799 [2fdb3e93-e0d8-400e-8c33-91e2341b50c6@group-F01152B53F91-LeaderElection223] INFO  impl.LeaderElection (LogUtils.java:infoOrTrace(149)) -   Exception 0: {}
java.util.concurrent.ExecutionException: org.apache.ratis.thirdparty.io.grpc.StatusRuntimeException: UNAVAILABLE: io exception
	at java.util.concurrent.FutureTask.report(FutureTask.java:122)
	at java.util.concurrent.FutureTask.get(FutureTask.java:192)
	at org.apache.ratis.server.impl.LeaderElection.waitForResults(LeaderElection.java:259)
	at org.apache.ratis.server.impl.LeaderElection.askForVotes(LeaderElection.java:197)
	at org.apache.ratis.server.impl.LeaderElection.run(LeaderElection.java:133)
	at java.lang.Thread.run(Thread.java:748)
Caused by: org.apache.ratis.thirdparty.io.grpc.StatusRuntimeException: UNAVAILABLE: io exception
	at org.apache.ratis.thirdparty.io.grpc.stub.ClientCalls.toStatusRuntimeException(ClientCalls.java:233)
	at org.apache.ratis.thirdparty.io.grpc.stub.ClientCalls.getUnchecked(ClientCalls.java:214)
	at org.apache.ratis.thirdparty.io.grpc.stub.ClientCalls.blockingUnaryCall(ClientCalls.java:139)
	at org.apache.ratis.proto.grpc.RaftServerProtocolServiceGrpc$RaftServerProtocolServiceBlockingStub.requestVote(RaftServerProtocolServiceGrpc.java:265)
	at org.apache.ratis.grpc.server.GrpcServerProtocolClient.requestVote(GrpcServerProtocolClient.java:99)
	at org.apache.ratis.grpc.server.GrpcService.requestVote(GrpcService.java:204)
	at org.apache.ratis.server.impl.LeaderElection.lambda$submitRequests$1(LeaderElection.java:234)
	at java.util.concurrent.FutureTask.run(FutureTask.java:266)
	at java.util.concurrent.Executors$RunnableAdapter.call(Executors.java:511)
	at java.util.concurrent.FutureTask.run(FutureTask.java:266)
	at java.util.concurrent.ThreadPoolExecutor.runWorker(ThreadPoolExecutor.java:1149)
	at java.util.concurrent.ThreadPoolExecutor$Worker.run(ThreadPoolExecutor.java:624)
	... 1 more
Caused by: org.apache.ratis.thirdparty.io.netty.channel.AbstractChannel$AnnotatedConnectException: Connection refused: /192.168.157.254:45598
	at sun.nio.ch.SocketChannelImpl.checkConnect(Native Method)
	at sun.nio.ch.SocketChannelImpl.finishConnect(SocketChannelImpl.java:717)
	at org.apache.ratis.thirdparty.io.netty.channel.socket.nio.NioSocketChannel.doFinishConnect(NioSocketChannel.java:327)
	at org.apache.ratis.thirdparty.io.netty.channel.nio.AbstractNioChannel$AbstractNioUnsafe.finishConnect(AbstractNioChannel.java:340)
	at org.apache.ratis.thirdparty.io.netty.channel.nio.NioEventLoop.processSelectedKey(NioEventLoop.java:632)
	at org.apache.ratis.thirdparty.io.netty.channel.nio.NioEventLoop.processSelectedKeysOptimized(NioEventLoop.java:579)
	at org.apache.ratis.thirdparty.io.netty.channel.nio.NioEventLoop.processSelectedKeys(NioEventLoop.java:496)
	at org.apache.ratis.thirdparty.io.netty.channel.nio.NioEventLoop.run(NioEventLoop.java:458)
	at org.apache.ratis.thirdparty.io.netty.util.concurrent.SingleThreadEventExecutor$5.run(SingleThreadEventExecutor.java:897)
	at org.apache.ratis.thirdparty.io.netty.util.concurrent.FastThreadLocalRunnable.run(FastThreadLocalRunnable.java:30)
	... 1 more
Caused by: java.net.ConnectException: Connection refused
	... 11 more
2019-10-22 00:13:19,799 [java.util.concurrent.ThreadPoolExecutor$Worker@c41ae0f[State = -1, empty queue]] WARN  server.GrpcLogAppender (GrpcLogAppender.java:timeoutAppendRequest(209)) - fad63ceb-ed14-4322-905d-6ef3599ac734@group-0045C62F497D->5732e052-e19f-40fe-a104-972211db20fb-GrpcLogAppender: appendEntries Timeout, request=fad63ceb-ed14-4322-905d-6ef3599ac734->5732e052-e19f-40fe-a104-972211db20fb#50-t1, previous=(t:1, i:0), leaderCommit=0, initializing? false, entries: <empty>
2019-10-22 00:13:19,799 [2fdb3e93-e0d8-400e-8c33-91e2341b50c6@group-F01152B53F91-LeaderElection223] INFO  impl.LeaderElection (LogUtils.java:infoOrTrace(149)) -   Exception 1: {}
java.util.concurrent.ExecutionException: org.apache.ratis.thirdparty.io.grpc.StatusRuntimeException: UNAVAILABLE: io exception
	at java.util.concurrent.FutureTask.report(FutureTask.java:122)
	at java.util.concurrent.FutureTask.get(FutureTask.java:192)
	at org.apache.ratis.server.impl.LeaderElection.waitForResults(LeaderElection.java:259)
	at org.apache.ratis.server.impl.LeaderElection.askForVotes(LeaderElection.java:197)
	at org.apache.ratis.server.impl.LeaderElection.run(LeaderElection.java:133)
	at java.lang.Thread.run(Thread.java:748)
Caused by: org.apache.ratis.thirdparty.io.grpc.StatusRuntimeException: UNAVAILABLE: io exception
	at org.apache.ratis.thirdparty.io.grpc.stub.ClientCalls.toStatusRuntimeException(ClientCalls.java:233)
	at org.apache.ratis.thirdparty.io.grpc.stub.ClientCalls.getUnchecked(ClientCalls.java:214)
	at org.apache.ratis.thirdparty.io.grpc.stub.ClientCalls.blockingUnaryCall(ClientCalls.java:139)
	at org.apache.ratis.proto.grpc.RaftServerProtocolServiceGrpc$RaftServerProtocolServiceBlockingStub.requestVote(RaftServerProtocolServiceGrpc.java:265)
	at org.apache.ratis.grpc.server.GrpcServerProtocolClient.requestVote(GrpcServerProtocolClient.java:99)
	at org.apache.ratis.grpc.server.GrpcService.requestVote(GrpcService.java:204)
	at org.apache.ratis.server.impl.LeaderElection.lambda$submitRequests$1(LeaderElection.java:234)
	at java.util.concurrent.FutureTask.run(FutureTask.java:266)
	at java.util.concurrent.Executors$RunnableAdapter.call(Executors.java:511)
	at java.util.concurrent.FutureTask.run(FutureTask.java:266)
	at java.util.concurrent.ThreadPoolExecutor.runWorker(ThreadPoolExecutor.java:1149)
	at java.util.concurrent.ThreadPoolExecutor$Worker.run(ThreadPoolExecutor.java:624)
	... 1 more
Caused by: org.apache.ratis.thirdparty.io.netty.channel.AbstractChannel$AnnotatedConnectException: Connection refused: /192.168.157.254:36038
	at sun.nio.ch.SocketChannelImpl.checkConnect(Native Method)
	at sun.nio.ch.SocketChannelImpl.finishConnect(SocketChannelImpl.java:717)
	at org.apache.ratis.thirdparty.io.netty.channel.socket.nio.NioSocketChannel.doFinishConnect(NioSocketChannel.java:327)
	at org.apache.ratis.thirdparty.io.netty.channel.nio.AbstractNioChannel$AbstractNioUnsafe.finishConnect(AbstractNioChannel.java:340)
	at org.apache.ratis.thirdparty.io.netty.channel.nio.NioEventLoop.processSelectedKey(NioEventLoop.java:632)
	at org.apache.ratis.thirdparty.io.netty.channel.nio.NioEventLoop.processSelectedKeysOptimized(NioEventLoop.java:579)
	at org.apache.ratis.thirdparty.io.netty.channel.nio.NioEventLoop.processSelectedKeys(NioEventLoop.java:496)
	at org.apache.ratis.thirdparty.io.netty.channel.nio.NioEventLoop.run(NioEventLoop.java:458)
	at org.apache.ratis.thirdparty.io.netty.util.concurrent.SingleThreadEventExecutor$5.run(SingleThreadEventExecutor.java:897)
	at org.apache.ratis.thirdparty.io.netty.util.concurrent.FastThreadLocalRunnable.run(FastThreadLocalRunnable.java:30)
	... 1 more
Caused by: java.net.ConnectException: Connection refused
	... 11 more
2019-10-22 00:13:19,800 [2fdb3e93-e0d8-400e-8c33-91e2341b50c6@group-F01152B53F91-LeaderElection223] INFO  impl.RaftServerImpl (RaftServerImpl.java:setRole(184)) - 2fdb3e93-e0d8-400e-8c33-91e2341b50c6@group-F01152B53F91: changes role from CANDIDATE to FOLLOWER at term 222 for DISCOVERED_A_NEW_TERM
2019-10-22 00:13:19,800 [2fdb3e93-e0d8-400e-8c33-91e2341b50c6@group-F01152B53F91-LeaderElection223] INFO  impl.RoleInfo (RoleInfo.java:shutdownLeaderElection(134)) - 2fdb3e93-e0d8-400e-8c33-91e2341b50c6: shutdown LeaderElection
2019-10-22 00:13:19,800 [2fdb3e93-e0d8-400e-8c33-91e2341b50c6@group-F01152B53F91-LeaderElection223] INFO  impl.RoleInfo (RoleInfo.java:updateAndGet(143)) - 2fdb3e93-e0d8-400e-8c33-91e2341b50c6: start FollowerState
2019-10-22 00:13:19,840 [Thread-1929] INFO  impl.FollowerState (FollowerState.java:run(108)) - 2fdb3e93-e0d8-400e-8c33-91e2341b50c6@group-F01152B53F91-FollowerState: change to CANDIDATE, lastRpcTime:40ms, electionTimeout:40ms
2019-10-22 00:13:19,840 [Thread-1929] INFO  impl.RoleInfo (RoleInfo.java:shutdownFollowerState(121)) - 2fdb3e93-e0d8-400e-8c33-91e2341b50c6: shutdown FollowerState
2019-10-22 00:13:19,840 [Thread-1929] INFO  impl.RaftServerImpl (RaftServerImpl.java:setRole(184)) - 2fdb3e93-e0d8-400e-8c33-91e2341b50c6@group-F01152B53F91: changes role from  FOLLOWER to CANDIDATE at term 222 for changeToCandidate
2019-10-22 00:13:19,840 [Thread-1929] INFO  impl.RoleInfo (RoleInfo.java:updateAndGet(143)) - 2fdb3e93-e0d8-400e-8c33-91e2341b50c6: start LeaderElection
2019-10-22 00:13:19,854 [2fdb3e93-e0d8-400e-8c33-91e2341b50c6@group-F01152B53F91-LeaderElection224] INFO  impl.LeaderElection (LeaderElection.java:askForVotes(178)) - 2fdb3e93-e0d8-400e-8c33-91e2341b50c6@group-F01152B53F91-LeaderElection224: begin an election at term 223 for -1: [2fdb3e93-e0d8-400e-8c33-91e2341b50c6:192.168.157.254:43254, 062c71de-08d9-40ee-9309-15590e2e8e68:192.168.157.254:45598, 2a52019e-5647-44e1-bf30-9a43fd8a7377:192.168.157.254:36038], old=null
2019-10-22 00:13:19,854 [2fdb3e93-e0d8-400e-8c33-91e2341b50c6@group-F01152B53F91-LeaderElection224] INFO  impl.LeaderElection (LogUtils.java:infoOrTrace(149)) - 2fdb3e93-e0d8-400e-8c33-91e2341b50c6@group-F01152B53F91-LeaderElection224 got exception when requesting votes: {}
java.util.concurrent.ExecutionException: org.apache.ratis.thirdparty.io.grpc.StatusRuntimeException: UNAVAILABLE: io exception
	at java.util.concurrent.FutureTask.report(FutureTask.java:122)
	at java.util.concurrent.FutureTask.get(FutureTask.java:192)
	at org.apache.ratis.server.impl.LeaderElection.waitForResults(LeaderElection.java:259)
	at org.apache.ratis.server.impl.LeaderElection.askForVotes(LeaderElection.java:197)
	at org.apache.ratis.server.impl.LeaderElection.run(LeaderElection.java:133)
	at java.lang.Thread.run(Thread.java:748)
Caused by: org.apache.ratis.thirdparty.io.grpc.StatusRuntimeException: UNAVAILABLE: io exception
	at org.apache.ratis.thirdparty.io.grpc.stub.ClientCalls.toStatusRuntimeException(ClientCalls.java:233)
	at org.apache.ratis.thirdparty.io.grpc.stub.ClientCalls.getUnchecked(ClientCalls.java:214)
	at org.apache.ratis.thirdparty.io.grpc.stub.ClientCalls.blockingUnaryCall(ClientCalls.java:139)
	at org.apache.ratis.proto.grpc.RaftServerProtocolServiceGrpc$RaftServerProtocolServiceBlockingStub.requestVote(RaftServerProtocolServiceGrpc.java:265)
	at org.apache.ratis.grpc.server.GrpcServerProtocolClient.requestVote(GrpcServerProtocolClient.java:99)
	at org.apache.ratis.grpc.server.GrpcService.requestVote(GrpcService.java:204)
	at org.apache.ratis.server.impl.LeaderElection.lambda$submitRequests$1(LeaderElection.java:234)
	at java.util.concurrent.FutureTask.run(FutureTask.java:266)
	at java.util.concurrent.Executors$RunnableAdapter.call(Executors.java:511)
	at java.util.concurrent.FutureTask.run(FutureTask.java:266)
	at java.util.concurrent.ThreadPoolExecutor.runWorker(ThreadPoolExecutor.java:1149)
	at java.util.concurrent.ThreadPoolExecutor$Worker.run(ThreadPoolExecutor.java:624)
	... 1 more
Caused by: org.apache.ratis.thirdparty.io.netty.channel.AbstractChannel$AnnotatedConnectException: Connection refused: /192.168.157.254:45598
	at sun.nio.ch.SocketChannelImpl.checkConnect(Native Method)
	at sun.nio.ch.SocketChannelImpl.finishConnect(SocketChannelImpl.java:717)
	at org.apache.ratis.thirdparty.io.netty.channel.socket.nio.NioSocketChannel.doFinishConnect(NioSocketChannel.java:327)
	at org.apache.ratis.thirdparty.io.netty.channel.nio.AbstractNioChannel$AbstractNioUnsafe.finishConnect(AbstractNioChannel.java:340)
	at org.apache.ratis.thirdparty.io.netty.channel.nio.NioEventLoop.processSelectedKey(NioEventLoop.java:632)
	at org.apache.ratis.thirdparty.io.netty.channel.nio.NioEventLoop.processSelectedKeysOptimized(NioEventLoop.java:579)
	at org.apache.ratis.thirdparty.io.netty.channel.nio.NioEventLoop.processSelectedKeys(NioEventLoop.java:496)
	at org.apache.ratis.thirdparty.io.netty.channel.nio.NioEventLoop.run(NioEventLoop.java:458)
	at org.apache.ratis.thirdparty.io.netty.util.concurrent.SingleThreadEventExecutor$5.run(SingleThreadEventExecutor.java:897)
	at org.apache.ratis.thirdparty.io.netty.util.concurrent.FastThreadLocalRunnable.run(FastThreadLocalRunnable.java:30)
	... 1 more
Caused by: java.net.ConnectException: Connection refused
	... 11 more
2019-10-22 00:13:19,855 [2fdb3e93-e0d8-400e-8c33-91e2341b50c6@group-F01152B53F91-LeaderElection224] INFO  impl.LeaderElection (LogUtils.java:infoOrTrace(149)) - 2fdb3e93-e0d8-400e-8c33-91e2341b50c6@group-F01152B53F91-LeaderElection224 got exception when requesting votes: {}
java.util.concurrent.ExecutionException: org.apache.ratis.thirdparty.io.grpc.StatusRuntimeException: UNAVAILABLE: io exception
	at java.util.concurrent.FutureTask.report(FutureTask.java:122)
	at java.util.concurrent.FutureTask.get(FutureTask.java:192)
	at org.apache.ratis.server.impl.LeaderElection.waitForResults(LeaderElection.java:259)
	at org.apache.ratis.server.impl.LeaderElection.askForVotes(LeaderElection.java:197)
	at org.apache.ratis.server.impl.LeaderElection.run(LeaderElection.java:133)
	at java.lang.Thread.run(Thread.java:748)
Caused by: org.apache.ratis.thirdparty.io.grpc.StatusRuntimeException: UNAVAILABLE: io exception
	at org.apache.ratis.thirdparty.io.grpc.stub.ClientCalls.toStatusRuntimeException(ClientCalls.java:233)
	at org.apache.ratis.thirdparty.io.grpc.stub.ClientCalls.getUnchecked(ClientCalls.java:214)
	at org.apache.ratis.thirdparty.io.grpc.stub.ClientCalls.blockingUnaryCall(ClientCalls.java:139)
	at org.apache.ratis.proto.grpc.RaftServerProtocolServiceGrpc$RaftServerProtocolServiceBlockingStub.requestVote(RaftServerProtocolServiceGrpc.java:265)
	at org.apache.ratis.grpc.server.GrpcServerProtocolClient.requestVote(GrpcServerProtocolClient.java:99)
	at org.apache.ratis.grpc.server.GrpcService.requestVote(GrpcService.java:204)
	at org.apache.ratis.server.impl.LeaderElection.lambda$submitRequests$1(LeaderElection.java:234)
	at java.util.concurrent.FutureTask.run(FutureTask.java:266)
	at java.util.concurrent.Executors$RunnableAdapter.call(Executors.java:511)
	at java.util.concurrent.FutureTask.run(FutureTask.java:266)
	at java.util.concurrent.ThreadPoolExecutor.runWorker(ThreadPoolExecutor.java:1149)
	at java.util.concurrent.ThreadPoolExecutor$Worker.run(ThreadPoolExecutor.java:624)
	... 1 more
Caused by: org.apache.ratis.thirdparty.io.netty.channel.AbstractChannel$AnnotatedConnectException: Connection refused: /192.168.157.254:36038
	at sun.nio.ch.SocketChannelImpl.checkConnect(Native Method)
	at sun.nio.ch.SocketChannelImpl.finishConnect(SocketChannelImpl.java:717)
	at org.apache.ratis.thirdparty.io.netty.channel.socket.nio.NioSocketChannel.doFinishConnect(NioSocketChannel.java:327)
	at org.apache.ratis.thirdparty.io.netty.channel.nio.AbstractNioChannel$AbstractNioUnsafe.finishConnect(AbstractNioChannel.java:340)
	at org.apache.ratis.thirdparty.io.netty.channel.nio.NioEventLoop.processSelectedKey(NioEventLoop.java:632)
	at org.apache.ratis.thirdparty.io.netty.channel.nio.NioEventLoop.processSelectedKeysOptimized(NioEventLoop.java:579)
	at org.apache.ratis.thirdparty.io.netty.channel.nio.NioEventLoop.processSelectedKeys(NioEventLoop.java:496)
	at org.apache.ratis.thirdparty.io.netty.channel.nio.NioEventLoop.run(NioEventLoop.java:458)
	at org.apache.ratis.thirdparty.io.netty.util.concurrent.SingleThreadEventExecutor$5.run(SingleThreadEventExecutor.java:897)
	at org.apache.ratis.thirdparty.io.netty.util.concurrent.FastThreadLocalRunnable.run(FastThreadLocalRunnable.java:30)
	... 1 more
Caused by: java.net.ConnectException: Connection refused
	... 11 more
2019-10-22 00:13:19,855 [2fdb3e93-e0d8-400e-8c33-91e2341b50c6@group-F01152B53F91-LeaderElection224] INFO  impl.LeaderElection (LeaderElection.java:logAndReturn(56)) - 2fdb3e93-e0d8-400e-8c33-91e2341b50c6@group-F01152B53F91-LeaderElection224: Election REJECTED; received 0 response(s) [] and 2 exception(s); 2fdb3e93-e0d8-400e-8c33-91e2341b50c6@group-F01152B53F91:t223, leader=null, voted=2fdb3e93-e0d8-400e-8c33-91e2341b50c6, raftlog=2fdb3e93-e0d8-400e-8c33-91e2341b50c6@group-F01152B53F91-SegmentedRaftLog:OPENED:c-1,f-1,i0, conf=-1: [2fdb3e93-e0d8-400e-8c33-91e2341b50c6:192.168.157.254:43254, 062c71de-08d9-40ee-9309-15590e2e8e68:192.168.157.254:45598, 2a52019e-5647-44e1-bf30-9a43fd8a7377:192.168.157.254:36038], old=null
2019-10-22 00:13:19,855 [2fdb3e93-e0d8-400e-8c33-91e2341b50c6@group-F01152B53F91-LeaderElection224] INFO  impl.LeaderElection (LogUtils.java:infoOrTrace(149)) -   Exception 0: {}
java.util.concurrent.ExecutionException: org.apache.ratis.thirdparty.io.grpc.StatusRuntimeException: UNAVAILABLE: io exception
	at java.util.concurrent.FutureTask.report(FutureTask.java:122)
	at java.util.concurrent.FutureTask.get(FutureTask.java:192)
	at org.apache.ratis.server.impl.LeaderElection.waitForResults(LeaderElection.java:259)
	at org.apache.ratis.server.impl.LeaderElection.askForVotes(LeaderElection.java:197)
	at org.apache.ratis.server.impl.LeaderElection.run(LeaderElection.java:133)
	at java.lang.Thread.run(Thread.java:748)
Caused by: org.apache.ratis.thirdparty.io.grpc.StatusRuntimeException: UNAVAILABLE: io exception
	at org.apache.ratis.thirdparty.io.grpc.stub.ClientCalls.toStatusRuntimeException(ClientCalls.java:233)
	at org.apache.ratis.thirdparty.io.grpc.stub.ClientCalls.getUnchecked(ClientCalls.java:214)
	at org.apache.ratis.thirdparty.io.grpc.stub.ClientCalls.blockingUnaryCall(ClientCalls.java:139)
	at org.apache.ratis.proto.grpc.RaftServerProtocolServiceGrpc$RaftServerProtocolServiceBlockingStub.requestVote(RaftServerProtocolServiceGrpc.java:265)
	at org.apache.ratis.grpc.server.GrpcServerProtocolClient.requestVote(GrpcServerProtocolClient.java:99)
	at org.apache.ratis.grpc.server.GrpcService.requestVote(GrpcService.java:204)
	at org.apache.ratis.server.impl.LeaderElection.lambda$submitRequests$1(LeaderElection.java:234)
	at java.util.concurrent.FutureTask.run(FutureTask.java:266)
	at java.util.concurrent.Executors$RunnableAdapter.call(Executors.java:511)
	at java.util.concurrent.FutureTask.run(FutureTask.java:266)
	at java.util.concurrent.ThreadPoolExecutor.runWorker(ThreadPoolExecutor.java:1149)
	at java.util.concurrent.ThreadPoolExecutor$Worker.run(ThreadPoolExecutor.java:624)
	... 1 more
Caused by: org.apache.ratis.thirdparty.io.netty.channel.AbstractChannel$AnnotatedConnectException: Connection refused: /192.168.157.254:45598
	at sun.nio.ch.SocketChannelImpl.checkConnect(Native Method)
	at sun.nio.ch.SocketChannelImpl.finishConnect(SocketChannelImpl.java:717)
	at org.apache.ratis.thirdparty.io.netty.channel.socket.nio.NioSocketChannel.doFinishConnect(NioSocketChannel.java:327)
	at org.apache.ratis.thirdparty.io.netty.channel.nio.AbstractNioChannel$AbstractNioUnsafe.finishConnect(AbstractNioChannel.java:340)
	at org.apache.ratis.thirdparty.io.netty.channel.nio.NioEventLoop.processSelectedKey(NioEventLoop.java:632)
	at org.apache.ratis.thirdparty.io.netty.channel.nio.NioEventLoop.processSelectedKeysOptimized(NioEventLoop.java:579)
	at org.apache.ratis.thirdparty.io.netty.channel.nio.NioEventLoop.processSelectedKeys(NioEventLoop.java:496)
	at org.apache.ratis.thirdparty.io.netty.channel.nio.NioEventLoop.run(NioEventLoop.java:458)
	at org.apache.ratis.thirdparty.io.netty.util.concurrent.SingleThreadEventExecutor$5.run(SingleThreadEventExecutor.java:897)
	at org.apache.ratis.thirdparty.io.netty.util.concurrent.FastThreadLocalRunnable.run(FastThreadLocalRunnable.java:30)
	... 1 more
Caused by: java.net.ConnectException: Connection refused
	... 11 more
2019-10-22 00:13:19,855 [2fdb3e93-e0d8-400e-8c33-91e2341b50c6@group-F01152B53F91-LeaderElection224] INFO  impl.LeaderElection (LogUtils.java:infoOrTrace(149)) -   Exception 1: {}
java.util.concurrent.ExecutionException: org.apache.ratis.thirdparty.io.grpc.StatusRuntimeException: UNAVAILABLE: io exception
	at java.util.concurrent.FutureTask.report(FutureTask.java:122)
	at java.util.concurrent.FutureTask.get(FutureTask.java:192)
	at org.apache.ratis.server.impl.LeaderElection.waitForResults(LeaderElection.java:259)
	at org.apache.ratis.server.impl.LeaderElection.askForVotes(LeaderElection.java:197)
	at org.apache.ratis.server.impl.LeaderElection.run(LeaderElection.java:133)
	at java.lang.Thread.run(Thread.java:748)
Caused by: org.apache.ratis.thirdparty.io.grpc.StatusRuntimeException: UNAVAILABLE: io exception
	at org.apache.ratis.thirdparty.io.grpc.stub.ClientCalls.toStatusRuntimeException(ClientCalls.java:233)
	at org.apache.ratis.thirdparty.io.grpc.stub.ClientCalls.getUnchecked(ClientCalls.java:214)
	at org.apache.ratis.thirdparty.io.grpc.stub.ClientCalls.blockingUnaryCall(ClientCalls.java:139)
	at org.apache.ratis.proto.grpc.RaftServerProtocolServiceGrpc$RaftServerProtocolServiceBlockingStub.requestVote(RaftServerProtocolServiceGrpc.java:265)
	at org.apache.ratis.grpc.server.GrpcServerProtocolClient.requestVote(GrpcServerProtocolClient.java:99)
	at org.apache.ratis.grpc.server.GrpcService.requestVote(GrpcService.java:204)
	at org.apache.ratis.server.impl.LeaderElection.lambda$submitRequests$1(LeaderElection.java:234)
	at java.util.concurrent.FutureTask.run(FutureTask.java:266)
	at java.util.concurrent.Executors$RunnableAdapter.call(Executors.java:511)
	at java.util.concurrent.FutureTask.run(FutureTask.java:266)
	at java.util.concurrent.ThreadPoolExecutor.runWorker(ThreadPoolExecutor.java:1149)
	at java.util.concurrent.ThreadPoolExecutor$Worker.run(ThreadPoolExecutor.java:624)
	... 1 more
Caused by: org.apache.ratis.thirdparty.io.netty.channel.AbstractChannel$AnnotatedConnectException: Connection refused: /192.168.157.254:36038
	at sun.nio.ch.SocketChannelImpl.checkConnect(Native Method)
	at sun.nio.ch.SocketChannelImpl.finishConnect(SocketChannelImpl.java:717)
	at org.apache.ratis.thirdparty.io.netty.channel.socket.nio.NioSocketChannel.doFinishConnect(NioSocketChannel.java:327)
	at org.apache.ratis.thirdparty.io.netty.channel.nio.AbstractNioChannel$AbstractNioUnsafe.finishConnect(AbstractNioChannel.java:340)
	at org.apache.ratis.thirdparty.io.netty.channel.nio.NioEventLoop.processSelectedKey(NioEventLoop.java:632)
	at org.apache.ratis.thirdparty.io.netty.channel.nio.NioEventLoop.processSelectedKeysOptimized(NioEventLoop.java:579)
	at org.apache.ratis.thirdparty.io.netty.channel.nio.NioEventLoop.processSelectedKeys(NioEventLoop.java:496)
	at org.apache.ratis.thirdparty.io.netty.channel.nio.NioEventLoop.run(NioEventLoop.java:458)
	at org.apache.ratis.thirdparty.io.netty.util.concurrent.SingleThreadEventExecutor$5.run(SingleThreadEventExecutor.java:897)
	at org.apache.ratis.thirdparty.io.netty.util.concurrent.FastThreadLocalRunnable.run(FastThreadLocalRunnable.java:30)
	... 1 more
Caused by: java.net.ConnectException: Connection refused
	... 11 more
2019-10-22 00:13:19,856 [2fdb3e93-e0d8-400e-8c33-91e2341b50c6@group-F01152B53F91-LeaderElection224] INFO  impl.RaftServerImpl (RaftServerImpl.java:setRole(184)) - 2fdb3e93-e0d8-400e-8c33-91e2341b50c6@group-F01152B53F91: changes role from CANDIDATE to FOLLOWER at term 223 for DISCOVERED_A_NEW_TERM
2019-10-22 00:13:19,856 [2fdb3e93-e0d8-400e-8c33-91e2341b50c6@group-F01152B53F91-LeaderElection224] INFO  impl.RoleInfo (RoleInfo.java:shutdownLeaderElection(134)) - 2fdb3e93-e0d8-400e-8c33-91e2341b50c6: shutdown LeaderElection
2019-10-22 00:13:19,856 [2fdb3e93-e0d8-400e-8c33-91e2341b50c6@group-F01152B53F91-LeaderElection224] INFO  impl.RoleInfo (RoleInfo.java:updateAndGet(143)) - 2fdb3e93-e0d8-400e-8c33-91e2341b50c6: start FollowerState
2019-10-22 00:13:19,997 [Thread-1933] INFO  impl.FollowerState (FollowerState.java:run(108)) - 2fdb3e93-e0d8-400e-8c33-91e2341b50c6@group-F01152B53F91-FollowerState: change to CANDIDATE, lastRpcTime:141ms, electionTimeout:141ms
2019-10-22 00:13:19,997 [Thread-1933] INFO  impl.RoleInfo (RoleInfo.java:shutdownFollowerState(121)) - 2fdb3e93-e0d8-400e-8c33-91e2341b50c6: shutdown FollowerState
2019-10-22 00:13:19,997 [Thread-1933] INFO  impl.RaftServerImpl (RaftServerImpl.java:setRole(184)) - 2fdb3e93-e0d8-400e-8c33-91e2341b50c6@group-F01152B53F91: changes role from  FOLLOWER to CANDIDATE at term 223 for changeToCandidate
2019-10-22 00:13:19,997 [Thread-1933] INFO  impl.RoleInfo (RoleInfo.java:updateAndGet(143)) - 2fdb3e93-e0d8-400e-8c33-91e2341b50c6: start LeaderElection
2019-10-22 00:13:20,011 [2fdb3e93-e0d8-400e-8c33-91e2341b50c6@group-F01152B53F91-LeaderElection225] INFO  impl.LeaderElection (LeaderElection.java:askForVotes(178)) - 2fdb3e93-e0d8-400e-8c33-91e2341b50c6@group-F01152B53F91-LeaderElection225: begin an election at term 224 for -1: [2fdb3e93-e0d8-400e-8c33-91e2341b50c6:192.168.157.254:43254, 062c71de-08d9-40ee-9309-15590e2e8e68:192.168.157.254:45598, 2a52019e-5647-44e1-bf30-9a43fd8a7377:192.168.157.254:36038], old=null
2019-10-22 00:13:20,011 [2fdb3e93-e0d8-400e-8c33-91e2341b50c6@group-F01152B53F91-LeaderElection225] INFO  impl.LeaderElection (LogUtils.java:infoOrTrace(149)) - 2fdb3e93-e0d8-400e-8c33-91e2341b50c6@group-F01152B53F91-LeaderElection225 got exception when requesting votes: {}
java.util.concurrent.ExecutionException: org.apache.ratis.thirdparty.io.grpc.StatusRuntimeException: UNAVAILABLE: io exception
	at java.util.concurrent.FutureTask.report(FutureTask.java:122)
	at java.util.concurrent.FutureTask.get(FutureTask.java:192)
	at org.apache.ratis.server.impl.LeaderElection.waitForResults(LeaderElection.java:259)
	at org.apache.ratis.server.impl.LeaderElection.askForVotes(LeaderElection.java:197)
	at org.apache.ratis.server.impl.LeaderElection.run(LeaderElection.java:133)
	at java.lang.Thread.run(Thread.java:748)
Caused by: org.apache.ratis.thirdparty.io.grpc.StatusRuntimeException: UNAVAILABLE: io exception
	at org.apache.ratis.thirdparty.io.grpc.stub.ClientCalls.toStatusRuntimeException(ClientCalls.java:233)
	at org.apache.ratis.thirdparty.io.grpc.stub.ClientCalls.getUnchecked(ClientCalls.java:214)
	at org.apache.ratis.thirdparty.io.grpc.stub.ClientCalls.blockingUnaryCall(ClientCalls.java:139)
	at org.apache.ratis.proto.grpc.RaftServerProtocolServiceGrpc$RaftServerProtocolServiceBlockingStub.requestVote(RaftServerProtocolServiceGrpc.java:265)
	at org.apache.ratis.grpc.server.GrpcServerProtocolClient.requestVote(GrpcServerProtocolClient.java:99)
	at org.apache.ratis.grpc.server.GrpcService.requestVote(GrpcService.java:204)
	at org.apache.ratis.server.impl.LeaderElection.lambda$submitRequests$1(LeaderElection.java:234)
	at java.util.concurrent.FutureTask.run(FutureTask.java:266)
	at java.util.concurrent.Executors$RunnableAdapter.call(Executors.java:511)
	at java.util.concurrent.FutureTask.run(FutureTask.java:266)
	at java.util.concurrent.ThreadPoolExecutor.runWorker(ThreadPoolExecutor.java:1149)
	at java.util.concurrent.ThreadPoolExecutor$Worker.run(ThreadPoolExecutor.java:624)
	... 1 more
Caused by: org.apache.ratis.thirdparty.io.netty.channel.AbstractChannel$AnnotatedConnectException: Connection refused: /192.168.157.254:36038
	at sun.nio.ch.SocketChannelImpl.checkConnect(Native Method)
	at sun.nio.ch.SocketChannelImpl.finishConnect(SocketChannelImpl.java:717)
	at org.apache.ratis.thirdparty.io.netty.channel.socket.nio.NioSocketChannel.doFinishConnect(NioSocketChannel.java:327)
	at org.apache.ratis.thirdparty.io.netty.channel.nio.AbstractNioChannel$AbstractNioUnsafe.finishConnect(AbstractNioChannel.java:340)
	at org.apache.ratis.thirdparty.io.netty.channel.nio.NioEventLoop.processSelectedKey(NioEventLoop.java:632)
	at org.apache.ratis.thirdparty.io.netty.channel.nio.NioEventLoop.processSelectedKeysOptimized(NioEventLoop.java:579)
	at org.apache.ratis.thirdparty.io.netty.channel.nio.NioEventLoop.processSelectedKeys(NioEventLoop.java:496)
	at org.apache.ratis.thirdparty.io.netty.channel.nio.NioEventLoop.run(NioEventLoop.java:458)
	at org.apache.ratis.thirdparty.io.netty.util.concurrent.SingleThreadEventExecutor$5.run(SingleThreadEventExecutor.java:897)
	at org.apache.ratis.thirdparty.io.netty.util.concurrent.FastThreadLocalRunnable.run(FastThreadLocalRunnable.java:30)
	... 1 more
Caused by: java.net.ConnectException: Connection refused
	... 11 more
2019-10-22 00:13:20,012 [2fdb3e93-e0d8-400e-8c33-91e2341b50c6@group-F01152B53F91-LeaderElection225] INFO  impl.LeaderElection (LogUtils.java:infoOrTrace(149)) - 2fdb3e93-e0d8-400e-8c33-91e2341b50c6@group-F01152B53F91-LeaderElection225 got exception when requesting votes: {}
java.util.concurrent.ExecutionException: org.apache.ratis.thirdparty.io.grpc.StatusRuntimeException: UNAVAILABLE: io exception
	at java.util.concurrent.FutureTask.report(FutureTask.java:122)
	at java.util.concurrent.FutureTask.get(FutureTask.java:192)
	at org.apache.ratis.server.impl.LeaderElection.waitForResults(LeaderElection.java:259)
	at org.apache.ratis.server.impl.LeaderElection.askForVotes(LeaderElection.java:197)
	at org.apache.ratis.server.impl.LeaderElection.run(LeaderElection.java:133)
	at java.lang.Thread.run(Thread.java:748)
Caused by: org.apache.ratis.thirdparty.io.grpc.StatusRuntimeException: UNAVAILABLE: io exception
	at org.apache.ratis.thirdparty.io.grpc.stub.ClientCalls.toStatusRuntimeException(ClientCalls.java:233)
	at org.apache.ratis.thirdparty.io.grpc.stub.ClientCalls.getUnchecked(ClientCalls.java:214)
	at org.apache.ratis.thirdparty.io.grpc.stub.ClientCalls.blockingUnaryCall(ClientCalls.java:139)
	at org.apache.ratis.proto.grpc.RaftServerProtocolServiceGrpc$RaftServerProtocolServiceBlockingStub.requestVote(RaftServerProtocolServiceGrpc.java:265)
	at org.apache.ratis.grpc.server.GrpcServerProtocolClient.requestVote(GrpcServerProtocolClient.java:99)
	at org.apache.ratis.grpc.server.GrpcService.requestVote(GrpcService.java:204)
	at org.apache.ratis.server.impl.LeaderElection.lambda$submitRequests$1(LeaderElection.java:234)
	at java.util.concurrent.FutureTask.run(FutureTask.java:266)
	at java.util.concurrent.Executors$RunnableAdapter.call(Executors.java:511)
	at java.util.concurrent.FutureTask.run(FutureTask.java:266)
	at java.util.concurrent.ThreadPoolExecutor.runWorker(ThreadPoolExecutor.java:1149)
	at java.util.concurrent.ThreadPoolExecutor$Worker.run(ThreadPoolExecutor.java:624)
	... 1 more
Caused by: org.apache.ratis.thirdparty.io.netty.channel.AbstractChannel$AnnotatedConnectException: Connection refused: /192.168.157.254:45598
	at sun.nio.ch.SocketChannelImpl.checkConnect(Native Method)
	at sun.nio.ch.SocketChannelImpl.finishConnect(SocketChannelImpl.java:717)
	at org.apache.ratis.thirdparty.io.netty.channel.socket.nio.NioSocketChannel.doFinishConnect(NioSocketChannel.java:327)
	at org.apache.ratis.thirdparty.io.netty.channel.nio.AbstractNioChannel$AbstractNioUnsafe.finishConnect(AbstractNioChannel.java:340)
	at org.apache.ratis.thirdparty.io.netty.channel.nio.NioEventLoop.processSelectedKey(NioEventLoop.java:632)
	at org.apache.ratis.thirdparty.io.netty.channel.nio.NioEventLoop.processSelectedKeysOptimized(NioEventLoop.java:579)
	at org.apache.ratis.thirdparty.io.netty.channel.nio.NioEventLoop.processSelectedKeys(NioEventLoop.java:496)
	at org.apache.ratis.thirdparty.io.netty.channel.nio.NioEventLoop.run(NioEventLoop.java:458)
	at org.apache.ratis.thirdparty.io.netty.util.concurrent.SingleThreadEventExecutor$5.run(SingleThreadEventExecutor.java:897)
	at org.apache.ratis.thirdparty.io.netty.util.concurrent.FastThreadLocalRunnable.run(FastThreadLocalRunnable.java:30)
	... 1 more
Caused by: java.net.ConnectException: Connection refused
	... 11 more
2019-10-22 00:13:20,012 [2fdb3e93-e0d8-400e-8c33-91e2341b50c6@group-F01152B53F91-LeaderElection225] INFO  impl.LeaderElection (LeaderElection.java:logAndReturn(56)) - 2fdb3e93-e0d8-400e-8c33-91e2341b50c6@group-F01152B53F91-LeaderElection225: Election REJECTED; received 0 response(s) [] and 2 exception(s); 2fdb3e93-e0d8-400e-8c33-91e2341b50c6@group-F01152B53F91:t224, leader=null, voted=2fdb3e93-e0d8-400e-8c33-91e2341b50c6, raftlog=2fdb3e93-e0d8-400e-8c33-91e2341b50c6@group-F01152B53F91-SegmentedRaftLog:OPENED:c-1,f-1,i0, conf=-1: [2fdb3e93-e0d8-400e-8c33-91e2341b50c6:192.168.157.254:43254, 062c71de-08d9-40ee-9309-15590e2e8e68:192.168.157.254:45598, 2a52019e-5647-44e1-bf30-9a43fd8a7377:192.168.157.254:36038], old=null
2019-10-22 00:13:20,012 [2fdb3e93-e0d8-400e-8c33-91e2341b50c6@group-F01152B53F91-LeaderElection225] INFO  impl.LeaderElection (LogUtils.java:infoOrTrace(149)) -   Exception 0: {}
java.util.concurrent.ExecutionException: org.apache.ratis.thirdparty.io.grpc.StatusRuntimeException: UNAVAILABLE: io exception
	at java.util.concurrent.FutureTask.report(FutureTask.java:122)
	at java.util.concurrent.FutureTask.get(FutureTask.java:192)
	at org.apache.ratis.server.impl.LeaderElection.waitForResults(LeaderElection.java:259)
	at org.apache.ratis.server.impl.LeaderElection.askForVotes(LeaderElection.java:197)
	at org.apache.ratis.server.impl.LeaderElection.run(LeaderElection.java:133)
	at java.lang.Thread.run(Thread.java:748)
Caused by: org.apache.ratis.thirdparty.io.grpc.StatusRuntimeException: UNAVAILABLE: io exception
	at org.apache.ratis.thirdparty.io.grpc.stub.ClientCalls.toStatusRuntimeException(ClientCalls.java:233)
	at org.apache.ratis.thirdparty.io.grpc.stub.ClientCalls.getUnchecked(ClientCalls.java:214)
	at org.apache.ratis.thirdparty.io.grpc.stub.ClientCalls.blockingUnaryCall(ClientCalls.java:139)
	at org.apache.ratis.proto.grpc.RaftServerProtocolServiceGrpc$RaftServerProtocolServiceBlockingStub.requestVote(RaftServerProtocolServiceGrpc.java:265)
	at org.apache.ratis.grpc.server.GrpcServerProtocolClient.requestVote(GrpcServerProtocolClient.java:99)
	at org.apache.ratis.grpc.server.GrpcService.requestVote(GrpcService.java:204)
	at org.apache.ratis.server.impl.LeaderElection.lambda$submitRequests$1(LeaderElection.java:234)
	at java.util.concurrent.FutureTask.run(FutureTask.java:266)
	at java.util.concurrent.Executors$RunnableAdapter.call(Executors.java:511)
	at java.util.concurrent.FutureTask.run(FutureTask.java:266)
	at java.util.concurrent.ThreadPoolExecutor.runWorker(ThreadPoolExecutor.java:1149)
	at java.util.concurrent.ThreadPoolExecutor$Worker.run(ThreadPoolExecutor.java:624)
	... 1 more
Caused by: org.apache.ratis.thirdparty.io.netty.channel.AbstractChannel$AnnotatedConnectException: Connection refused: /192.168.157.254:36038
	at sun.nio.ch.SocketChannelImpl.checkConnect(Native Method)
	at sun.nio.ch.SocketChannelImpl.finishConnect(SocketChannelImpl.java:717)
	at org.apache.ratis.thirdparty.io.netty.channel.socket.nio.NioSocketChannel.doFinishConnect(NioSocketChannel.java:327)
	at org.apache.ratis.thirdparty.io.netty.channel.nio.AbstractNioChannel$AbstractNioUnsafe.finishConnect(AbstractNioChannel.java:340)
	at org.apache.ratis.thirdparty.io.netty.channel.nio.NioEventLoop.processSelectedKey(NioEventLoop.java:632)
	at org.apache.ratis.thirdparty.io.netty.channel.nio.NioEventLoop.processSelectedKeysOptimized(NioEventLoop.java:579)
	at org.apache.ratis.thirdparty.io.netty.channel.nio.NioEventLoop.processSelectedKeys(NioEventLoop.java:496)
	at org.apache.ratis.thirdparty.io.netty.channel.nio.NioEventLoop.run(NioEventLoop.java:458)
	at org.apache.ratis.thirdparty.io.netty.util.concurrent.SingleThreadEventExecutor$5.run(SingleThreadEventExecutor.java:897)
	at org.apache.ratis.thirdparty.io.netty.util.concurrent.FastThreadLocalRunnable.run(FastThreadLocalRunnable.java:30)
	... 1 more
Caused by: java.net.ConnectException: Connection refused
	... 11 more
2019-10-22 00:13:20,012 [2fdb3e93-e0d8-400e-8c33-91e2341b50c6@group-F01152B53F91-LeaderElection225] INFO  impl.LeaderElection (LogUtils.java:infoOrTrace(149)) -   Exception 1: {}
java.util.concurrent.ExecutionException: org.apache.ratis.thirdparty.io.grpc.StatusRuntimeException: UNAVAILABLE: io exception
	at java.util.concurrent.FutureTask.report(FutureTask.java:122)
	at java.util.concurrent.FutureTask.get(FutureTask.java:192)
	at org.apache.ratis.server.impl.LeaderElection.waitForResults(LeaderElection.java:259)
	at org.apache.ratis.server.impl.LeaderElection.askForVotes(LeaderElection.java:197)
	at org.apache.ratis.server.impl.LeaderElection.run(LeaderElection.java:133)
	at java.lang.Thread.run(Thread.java:748)
Caused by: org.apache.ratis.thirdparty.io.grpc.StatusRuntimeException: UNAVAILABLE: io exception
	at org.apache.ratis.thirdparty.io.grpc.stub.ClientCalls.toStatusRuntimeException(ClientCalls.java:233)
	at org.apache.ratis.thirdparty.io.grpc.stub.ClientCalls.getUnchecked(ClientCalls.java:214)
	at org.apache.ratis.thirdparty.io.grpc.stub.ClientCalls.blockingUnaryCall(ClientCalls.java:139)
	at org.apache.ratis.proto.grpc.RaftServerProtocolServiceGrpc$RaftServerProtocolServiceBlockingStub.requestVote(RaftServerProtocolServiceGrpc.java:265)
	at org.apache.ratis.grpc.server.GrpcServerProtocolClient.requestVote(GrpcServerProtocolClient.java:99)
	at org.apache.ratis.grpc.server.GrpcService.requestVote(GrpcService.java:204)
	at org.apache.ratis.server.impl.LeaderElection.lambda$submitRequests$1(LeaderElection.java:234)
	at java.util.concurrent.FutureTask.run(FutureTask.java:266)
	at java.util.concurrent.Executors$RunnableAdapter.call(Executors.java:511)
	at java.util.concurrent.FutureTask.run(FutureTask.java:266)
	at java.util.concurrent.ThreadPoolExecutor.runWorker(ThreadPoolExecutor.java:1149)
	at java.util.concurrent.ThreadPoolExecutor$Worker.run(ThreadPoolExecutor.java:624)
	... 1 more
Caused by: org.apache.ratis.thirdparty.io.netty.channel.AbstractChannel$AnnotatedConnectException: Connection refused: /192.168.157.254:45598
	at sun.nio.ch.SocketChannelImpl.checkConnect(Native Method)
	at sun.nio.ch.SocketChannelImpl.finishConnect(SocketChannelImpl.java:717)
	at org.apache.ratis.thirdparty.io.netty.channel.socket.nio.NioSocketChannel.doFinishConnect(NioSocketChannel.java:327)
	at org.apache.ratis.thirdparty.io.netty.channel.nio.AbstractNioChannel$AbstractNioUnsafe.finishConnect(AbstractNioChannel.java:340)
	at org.apache.ratis.thirdparty.io.netty.channel.nio.NioEventLoop.processSelectedKey(NioEventLoop.java:632)
	at org.apache.ratis.thirdparty.io.netty.channel.nio.NioEventLoop.processSelectedKeysOptimized(NioEventLoop.java:579)
	at org.apache.ratis.thirdparty.io.netty.channel.nio.NioEventLoop.processSelectedKeys(NioEventLoop.java:496)
	at org.apache.ratis.thirdparty.io.netty.channel.nio.NioEventLoop.run(NioEventLoop.java:458)
	at org.apache.ratis.thirdparty.io.netty.util.concurrent.SingleThreadEventExecutor$5.run(SingleThreadEventExecutor.java:897)
	at org.apache.ratis.thirdparty.io.netty.util.concurrent.FastThreadLocalRunnable.run(FastThreadLocalRunnable.java:30)
	... 1 more
Caused by: java.net.ConnectException: Connection refused
	... 11 more
2019-10-22 00:13:20,012 [2fdb3e93-e0d8-400e-8c33-91e2341b50c6@group-F01152B53F91-LeaderElection225] INFO  impl.RaftServerImpl (RaftServerImpl.java:setRole(184)) - 2fdb3e93-e0d8-400e-8c33-91e2341b50c6@group-F01152B53F91: changes role from CANDIDATE to FOLLOWER at term 224 for DISCOVERED_A_NEW_TERM
2019-10-22 00:13:20,012 [2fdb3e93-e0d8-400e-8c33-91e2341b50c6@group-F01152B53F91-LeaderElection225] INFO  impl.RoleInfo (RoleInfo.java:shutdownLeaderElection(134)) - 2fdb3e93-e0d8-400e-8c33-91e2341b50c6: shutdown LeaderElection
2019-10-22 00:13:20,013 [2fdb3e93-e0d8-400e-8c33-91e2341b50c6@group-F01152B53F91-LeaderElection225] INFO  impl.RoleInfo (RoleInfo.java:updateAndGet(143)) - 2fdb3e93-e0d8-400e-8c33-91e2341b50c6: start FollowerState
2019-10-22 00:13:20,060 [Thread-1938] INFO  impl.FollowerState (FollowerState.java:run(108)) - 2fdb3e93-e0d8-400e-8c33-91e2341b50c6@group-F01152B53F91-FollowerState: change to CANDIDATE, lastRpcTime:47ms, electionTimeout:47ms
2019-10-22 00:13:20,060 [Thread-1938] INFO  impl.RoleInfo (RoleInfo.java:shutdownFollowerState(121)) - 2fdb3e93-e0d8-400e-8c33-91e2341b50c6: shutdown FollowerState
2019-10-22 00:13:20,060 [Thread-1938] INFO  impl.RaftServerImpl (RaftServerImpl.java:setRole(184)) - 2fdb3e93-e0d8-400e-8c33-91e2341b50c6@group-F01152B53F91: changes role from  FOLLOWER to CANDIDATE at term 224 for changeToCandidate
2019-10-22 00:13:20,060 [Thread-1938] INFO  impl.RoleInfo (RoleInfo.java:updateAndGet(143)) - 2fdb3e93-e0d8-400e-8c33-91e2341b50c6: start LeaderElection
2019-10-22 00:13:20,108 [2fdb3e93-e0d8-400e-8c33-91e2341b50c6@group-F01152B53F91-LeaderElection226] INFO  impl.LeaderElection (LeaderElection.java:askForVotes(178)) - 2fdb3e93-e0d8-400e-8c33-91e2341b50c6@group-F01152B53F91-LeaderElection226: begin an election at term 225 for -1: [2fdb3e93-e0d8-400e-8c33-91e2341b50c6:192.168.157.254:43254, 062c71de-08d9-40ee-9309-15590e2e8e68:192.168.157.254:45598, 2a52019e-5647-44e1-bf30-9a43fd8a7377:192.168.157.254:36038], old=null
2019-10-22 00:13:20,109 [2fdb3e93-e0d8-400e-8c33-91e2341b50c6@group-F01152B53F91-LeaderElection226] INFO  impl.LeaderElection (LogUtils.java:infoOrTrace(149)) - 2fdb3e93-e0d8-400e-8c33-91e2341b50c6@group-F01152B53F91-LeaderElection226 got exception when requesting votes: {}
java.util.concurrent.ExecutionException: org.apache.ratis.thirdparty.io.grpc.StatusRuntimeException: UNAVAILABLE: io exception
	at java.util.concurrent.FutureTask.report(FutureTask.java:122)
	at java.util.concurrent.FutureTask.get(FutureTask.java:192)
	at org.apache.ratis.server.impl.LeaderElection.waitForResults(LeaderElection.java:259)
	at org.apache.ratis.server.impl.LeaderElection.askForVotes(LeaderElection.java:197)
	at org.apache.ratis.server.impl.LeaderElection.run(LeaderElection.java:133)
	at java.lang.Thread.run(Thread.java:748)
Caused by: org.apache.ratis.thirdparty.io.grpc.StatusRuntimeException: UNAVAILABLE: io exception
	at org.apache.ratis.thirdparty.io.grpc.stub.ClientCalls.toStatusRuntimeException(ClientCalls.java:233)
	at org.apache.ratis.thirdparty.io.grpc.stub.ClientCalls.getUnchecked(ClientCalls.java:214)
	at org.apache.ratis.thirdparty.io.grpc.stub.ClientCalls.blockingUnaryCall(ClientCalls.java:139)
	at org.apache.ratis.proto.grpc.RaftServerProtocolServiceGrpc$RaftServerProtocolServiceBlockingStub.requestVote(RaftServerProtocolServiceGrpc.java:265)
	at org.apache.ratis.grpc.server.GrpcServerProtocolClient.requestVote(GrpcServerProtocolClient.java:99)
	at org.apache.ratis.grpc.server.GrpcService.requestVote(GrpcService.java:204)
	at org.apache.ratis.server.impl.LeaderElection.lambda$submitRequests$1(LeaderElection.java:234)
	at java.util.concurrent.FutureTask.run(FutureTask.java:266)
	at java.util.concurrent.Executors$RunnableAdapter.call(Executors.java:511)
	at java.util.concurrent.FutureTask.run(FutureTask.java:266)
	at java.util.concurrent.ThreadPoolExecutor.runWorker(ThreadPoolExecutor.java:1149)
	at java.util.concurrent.ThreadPoolExecutor$Worker.run(ThreadPoolExecutor.java:624)
	... 1 more
Caused by: org.apache.ratis.thirdparty.io.netty.channel.AbstractChannel$AnnotatedConnectException: Connection refused: /192.168.157.254:45598
	at sun.nio.ch.SocketChannelImpl.checkConnect(Native Method)
	at sun.nio.ch.SocketChannelImpl.finishConnect(SocketChannelImpl.java:717)
	at org.apache.ratis.thirdparty.io.netty.channel.socket.nio.NioSocketChannel.doFinishConnect(NioSocketChannel.java:327)
	at org.apache.ratis.thirdparty.io.netty.channel.nio.AbstractNioChannel$AbstractNioUnsafe.finishConnect(AbstractNioChannel.java:340)
	at org.apache.ratis.thirdparty.io.netty.channel.nio.NioEventLoop.processSelectedKey(NioEventLoop.java:632)
	at org.apache.ratis.thirdparty.io.netty.channel.nio.NioEventLoop.processSelectedKeysOptimized(NioEventLoop.java:579)
	at org.apache.ratis.thirdparty.io.netty.channel.nio.NioEventLoop.processSelectedKeys(NioEventLoop.java:496)
	at org.apache.ratis.thirdparty.io.netty.channel.nio.NioEventLoop.run(NioEventLoop.java:458)
	at org.apache.ratis.thirdparty.io.netty.util.concurrent.SingleThreadEventExecutor$5.run(SingleThreadEventExecutor.java:897)
	at org.apache.ratis.thirdparty.io.netty.util.concurrent.FastThreadLocalRunnable.run(FastThreadLocalRunnable.java:30)
	... 1 more
Caused by: java.net.ConnectException: Connection refused
	... 11 more
2019-10-22 00:13:20,109 [2fdb3e93-e0d8-400e-8c33-91e2341b50c6@group-F01152B53F91-LeaderElection226] INFO  impl.LeaderElection (LogUtils.java:infoOrTrace(149)) - 2fdb3e93-e0d8-400e-8c33-91e2341b50c6@group-F01152B53F91-LeaderElection226 got exception when requesting votes: {}
java.util.concurrent.ExecutionException: org.apache.ratis.thirdparty.io.grpc.StatusRuntimeException: UNAVAILABLE: io exception
	at java.util.concurrent.FutureTask.report(FutureTask.java:122)
	at java.util.concurrent.FutureTask.get(FutureTask.java:192)
	at org.apache.ratis.server.impl.LeaderElection.waitForResults(LeaderElection.java:259)
	at org.apache.ratis.server.impl.LeaderElection.askForVotes(LeaderElection.java:197)
	at org.apache.ratis.server.impl.LeaderElection.run(LeaderElection.java:133)
	at java.lang.Thread.run(Thread.java:748)
Caused by: org.apache.ratis.thirdparty.io.grpc.StatusRuntimeException: UNAVAILABLE: io exception
	at org.apache.ratis.thirdparty.io.grpc.stub.ClientCalls.toStatusRuntimeException(ClientCalls.java:233)
	at org.apache.ratis.thirdparty.io.grpc.stub.ClientCalls.getUnchecked(ClientCalls.java:214)
	at org.apache.ratis.thirdparty.io.grpc.stub.ClientCalls.blockingUnaryCall(ClientCalls.java:139)
	at org.apache.ratis.proto.grpc.RaftServerProtocolServiceGrpc$RaftServerProtocolServiceBlockingStub.requestVote(RaftServerProtocolServiceGrpc.java:265)
	at org.apache.ratis.grpc.server.GrpcServerProtocolClient.requestVote(GrpcServerProtocolClient.java:99)
	at org.apache.ratis.grpc.server.GrpcService.requestVote(GrpcService.java:204)
	at org.apache.ratis.server.impl.LeaderElection.lambda$submitRequests$1(LeaderElection.java:234)
	at java.util.concurrent.FutureTask.run(FutureTask.java:266)
	at java.util.concurrent.Executors$RunnableAdapter.call(Executors.java:511)
	at java.util.concurrent.FutureTask.run(FutureTask.java:266)
	at java.util.concurrent.ThreadPoolExecutor.runWorker(ThreadPoolExecutor.java:1149)
	at java.util.concurrent.ThreadPoolExecutor$Worker.run(ThreadPoolExecutor.java:624)
	... 1 more
Caused by: org.apache.ratis.thirdparty.io.netty.channel.AbstractChannel$AnnotatedConnectException: Connection refused: /192.168.157.254:36038
	at sun.nio.ch.SocketChannelImpl.checkConnect(Native Method)
	at sun.nio.ch.SocketChannelImpl.finishConnect(SocketChannelImpl.java:717)
	at org.apache.ratis.thirdparty.io.netty.channel.socket.nio.NioSocketChannel.doFinishConnect(NioSocketChannel.java:327)
	at org.apache.ratis.thirdparty.io.netty.channel.nio.AbstractNioChannel$AbstractNioUnsafe.finishConnect(AbstractNioChannel.java:340)
	at org.apache.ratis.thirdparty.io.netty.channel.nio.NioEventLoop.processSelectedKey(NioEventLoop.java:632)
	at org.apache.ratis.thirdparty.io.netty.channel.nio.NioEventLoop.processSelectedKeysOptimized(NioEventLoop.java:579)
	at org.apache.ratis.thirdparty.io.netty.channel.nio.NioEventLoop.processSelectedKeys(NioEventLoop.java:496)
	at org.apache.ratis.thirdparty.io.netty.channel.nio.NioEventLoop.run(NioEventLoop.java:458)
	at org.apache.ratis.thirdparty.io.netty.util.concurrent.SingleThreadEventExecutor$5.run(SingleThreadEventExecutor.java:897)
	at org.apache.ratis.thirdparty.io.netty.util.concurrent.FastThreadLocalRunnable.run(FastThreadLocalRunnable.java:30)
	... 1 more
Caused by: java.net.ConnectException: Connection refused
	... 11 more
2019-10-22 00:13:20,109 [2fdb3e93-e0d8-400e-8c33-91e2341b50c6@group-F01152B53F91-LeaderElection226] INFO  impl.LeaderElection (LeaderElection.java:logAndReturn(56)) - 2fdb3e93-e0d8-400e-8c33-91e2341b50c6@group-F01152B53F91-LeaderElection226: Election REJECTED; received 0 response(s) [] and 2 exception(s); 2fdb3e93-e0d8-400e-8c33-91e2341b50c6@group-F01152B53F91:t225, leader=null, voted=2fdb3e93-e0d8-400e-8c33-91e2341b50c6, raftlog=2fdb3e93-e0d8-400e-8c33-91e2341b50c6@group-F01152B53F91-SegmentedRaftLog:OPENED:c-1,f-1,i0, conf=-1: [2fdb3e93-e0d8-400e-8c33-91e2341b50c6:192.168.157.254:43254, 062c71de-08d9-40ee-9309-15590e2e8e68:192.168.157.254:45598, 2a52019e-5647-44e1-bf30-9a43fd8a7377:192.168.157.254:36038], old=null
2019-10-22 00:13:20,110 [2fdb3e93-e0d8-400e-8c33-91e2341b50c6@group-F01152B53F91-LeaderElection226] INFO  impl.LeaderElection (LogUtils.java:infoOrTrace(149)) -   Exception 0: {}
java.util.concurrent.ExecutionException: org.apache.ratis.thirdparty.io.grpc.StatusRuntimeException: UNAVAILABLE: io exception
	at java.util.concurrent.FutureTask.report(FutureTask.java:122)
	at java.util.concurrent.FutureTask.get(FutureTask.java:192)
	at org.apache.ratis.server.impl.LeaderElection.waitForResults(LeaderElection.java:259)
	at org.apache.ratis.server.impl.LeaderElection.askForVotes(LeaderElection.java:197)
	at org.apache.ratis.server.impl.LeaderElection.run(LeaderElection.java:133)
	at java.lang.Thread.run(Thread.java:748)
Caused by: org.apache.ratis.thirdparty.io.grpc.StatusRuntimeException: UNAVAILABLE: io exception
	at org.apache.ratis.thirdparty.io.grpc.stub.ClientCalls.toStatusRuntimeException(ClientCalls.java:233)
	at org.apache.ratis.thirdparty.io.grpc.stub.ClientCalls.getUnchecked(ClientCalls.java:214)
	at org.apache.ratis.thirdparty.io.grpc.stub.ClientCalls.blockingUnaryCall(ClientCalls.java:139)
	at org.apache.ratis.proto.grpc.RaftServerProtocolServiceGrpc$RaftServerProtocolServiceBlockingStub.requestVote(RaftServerProtocolServiceGrpc.java:265)
	at org.apache.ratis.grpc.server.GrpcServerProtocolClient.requestVote(GrpcServerProtocolClient.java:99)
	at org.apache.ratis.grpc.server.GrpcService.requestVote(GrpcService.java:204)
	at org.apache.ratis.server.impl.LeaderElection.lambda$submitRequests$1(LeaderElection.java:234)
	at java.util.concurrent.FutureTask.run(FutureTask.java:266)
	at java.util.concurrent.Executors$RunnableAdapter.call(Executors.java:511)
	at java.util.concurrent.FutureTask.run(FutureTask.java:266)
	at java.util.concurrent.ThreadPoolExecutor.runWorker(ThreadPoolExecutor.java:1149)
	at java.util.concurrent.ThreadPoolExecutor$Worker.run(ThreadPoolExecutor.java:624)
	... 1 more
Caused by: org.apache.ratis.thirdparty.io.netty.channel.AbstractChannel$AnnotatedConnectException: Connection refused: /192.168.157.254:45598
	at sun.nio.ch.SocketChannelImpl.checkConnect(Native Method)
	at sun.nio.ch.SocketChannelImpl.finishConnect(SocketChannelImpl.java:717)
	at org.apache.ratis.thirdparty.io.netty.channel.socket.nio.NioSocketChannel.doFinishConnect(NioSocketChannel.java:327)
	at org.apache.ratis.thirdparty.io.netty.channel.nio.AbstractNioChannel$AbstractNioUnsafe.finishConnect(AbstractNioChannel.java:340)
	at org.apache.ratis.thirdparty.io.netty.channel.nio.NioEventLoop.processSelectedKey(NioEventLoop.java:632)
	at org.apache.ratis.thirdparty.io.netty.channel.nio.NioEventLoop.processSelectedKeysOptimized(NioEventLoop.java:579)
	at org.apache.ratis.thirdparty.io.netty.channel.nio.NioEventLoop.processSelectedKeys(NioEventLoop.java:496)
	at org.apache.ratis.thirdparty.io.netty.channel.nio.NioEventLoop.run(NioEventLoop.java:458)
	at org.apache.ratis.thirdparty.io.netty.util.concurrent.SingleThreadEventExecutor$5.run(SingleThreadEventExecutor.java:897)
	at org.apache.ratis.thirdparty.io.netty.util.concurrent.FastThreadLocalRunnable.run(FastThreadLocalRunnable.java:30)
	... 1 more
Caused by: java.net.ConnectException: Connection refused
	... 11 more
2019-10-22 00:13:20,110 [2fdb3e93-e0d8-400e-8c33-91e2341b50c6@group-F01152B53F91-LeaderElection226] INFO  impl.LeaderElection (LogUtils.java:infoOrTrace(149)) -   Exception 1: {}
java.util.concurrent.ExecutionException: org.apache.ratis.thirdparty.io.grpc.StatusRuntimeException: UNAVAILABLE: io exception
	at java.util.concurrent.FutureTask.report(FutureTask.java:122)
	at java.util.concurrent.FutureTask.get(FutureTask.java:192)
	at org.apache.ratis.server.impl.LeaderElection.waitForResults(LeaderElection.java:259)
	at org.apache.ratis.server.impl.LeaderElection.askForVotes(LeaderElection.java:197)
	at org.apache.ratis.server.impl.LeaderElection.run(LeaderElection.java:133)
	at java.lang.Thread.run(Thread.java:748)
Caused by: org.apache.ratis.thirdparty.io.grpc.StatusRuntimeException: UNAVAILABLE: io exception
	at org.apache.ratis.thirdparty.io.grpc.stub.ClientCalls.toStatusRuntimeException(ClientCalls.java:233)
	at org.apache.ratis.thirdparty.io.grpc.stub.ClientCalls.getUnchecked(ClientCalls.java:214)
	at org.apache.ratis.thirdparty.io.grpc.stub.ClientCalls.blockingUnaryCall(ClientCalls.java:139)
	at org.apache.ratis.proto.grpc.RaftServerProtocolServiceGrpc$RaftServerProtocolServiceBlockingStub.requestVote(RaftServerProtocolServiceGrpc.java:265)
	at org.apache.ratis.grpc.server.GrpcServerProtocolClient.requestVote(GrpcServerProtocolClient.java:99)
	at org.apache.ratis.grpc.server.GrpcService.requestVote(GrpcService.java:204)
	at org.apache.ratis.server.impl.LeaderElection.lambda$submitRequests$1(LeaderElection.java:234)
	at java.util.concurrent.FutureTask.run(FutureTask.java:266)
	at java.util.concurrent.Executors$RunnableAdapter.call(Executors.java:511)
	at java.util.concurrent.FutureTask.run(FutureTask.java:266)
	at java.util.concurrent.ThreadPoolExecutor.runWorker(ThreadPoolExecutor.java:1149)
	at java.util.concurrent.ThreadPoolExecutor$Worker.run(ThreadPoolExecutor.java:624)
	... 1 more
Caused by: org.apache.ratis.thirdparty.io.netty.channel.AbstractChannel$AnnotatedConnectException: Connection refused: /192.168.157.254:36038
	at sun.nio.ch.SocketChannelImpl.checkConnect(Native Method)
	at sun.nio.ch.SocketChannelImpl.finishConnect(SocketChannelImpl.java:717)
	at org.apache.ratis.thirdparty.io.netty.channel.socket.nio.NioSocketChannel.doFinishConnect(NioSocketChannel.java:327)
	at org.apache.ratis.thirdparty.io.netty.channel.nio.AbstractNioChannel$AbstractNioUnsafe.finishConnect(AbstractNioChannel.java:340)
	at org.apache.ratis.thirdparty.io.netty.channel.nio.NioEventLoop.processSelectedKey(NioEventLoop.java:632)
	at org.apache.ratis.thirdparty.io.netty.channel.nio.NioEventLoop.processSelectedKeysOptimized(NioEventLoop.java:579)
	at org.apache.ratis.thirdparty.io.netty.channel.nio.NioEventLoop.processSelectedKeys(NioEventLoop.java:496)
	at org.apache.ratis.thirdparty.io.netty.channel.nio.NioEventLoop.run(NioEventLoop.java:458)
	at org.apache.ratis.thirdparty.io.netty.util.concurrent.SingleThreadEventExecutor$5.run(SingleThreadEventExecutor.java:897)
	at org.apache.ratis.thirdparty.io.netty.util.concurrent.FastThreadLocalRunnable.run(FastThreadLocalRunnable.java:30)
	... 1 more
Caused by: java.net.ConnectException: Connection refused
	... 11 more
2019-10-22 00:13:20,110 [2fdb3e93-e0d8-400e-8c33-91e2341b50c6@group-F01152B53F91-LeaderElection226] INFO  impl.RaftServerImpl (RaftServerImpl.java:setRole(184)) - 2fdb3e93-e0d8-400e-8c33-91e2341b50c6@group-F01152B53F91: changes role from CANDIDATE to FOLLOWER at term 225 for DISCOVERED_A_NEW_TERM
2019-10-22 00:13:20,110 [2fdb3e93-e0d8-400e-8c33-91e2341b50c6@group-F01152B53F91-LeaderElection226] INFO  impl.RoleInfo (RoleInfo.java:shutdownLeaderElection(134)) - 2fdb3e93-e0d8-400e-8c33-91e2341b50c6: shutdown LeaderElection
2019-10-22 00:13:20,110 [2fdb3e93-e0d8-400e-8c33-91e2341b50c6@group-F01152B53F91-LeaderElection226] INFO  impl.RoleInfo (RoleInfo.java:updateAndGet(143)) - 2fdb3e93-e0d8-400e-8c33-91e2341b50c6: start FollowerState
2019-10-22 00:13:20,134 [Thread-1942] INFO  impl.FollowerState (FollowerState.java:run(108)) - 2fdb3e93-e0d8-400e-8c33-91e2341b50c6@group-F01152B53F91-FollowerState: change to CANDIDATE, lastRpcTime:23ms, electionTimeout:23ms
2019-10-22 00:13:20,134 [Thread-1942] INFO  impl.RoleInfo (RoleInfo.java:shutdownFollowerState(121)) - 2fdb3e93-e0d8-400e-8c33-91e2341b50c6: shutdown FollowerState
2019-10-22 00:13:20,134 [Thread-1942] INFO  impl.RaftServerImpl (RaftServerImpl.java:setRole(184)) - 2fdb3e93-e0d8-400e-8c33-91e2341b50c6@group-F01152B53F91: changes role from  FOLLOWER to CANDIDATE at term 225 for changeToCandidate
2019-10-22 00:13:20,134 [Thread-1942] INFO  impl.RoleInfo (RoleInfo.java:updateAndGet(143)) - 2fdb3e93-e0d8-400e-8c33-91e2341b50c6: start LeaderElection
2019-10-22 00:13:20,153 [2fdb3e93-e0d8-400e-8c33-91e2341b50c6@group-F01152B53F91-LeaderElection227] INFO  impl.LeaderElection (LeaderElection.java:askForVotes(178)) - 2fdb3e93-e0d8-400e-8c33-91e2341b50c6@group-F01152B53F91-LeaderElection227: begin an election at term 226 for -1: [2fdb3e93-e0d8-400e-8c33-91e2341b50c6:192.168.157.254:43254, 062c71de-08d9-40ee-9309-15590e2e8e68:192.168.157.254:45598, 2a52019e-5647-44e1-bf30-9a43fd8a7377:192.168.157.254:36038], old=null
2019-10-22 00:13:20,153 [2fdb3e93-e0d8-400e-8c33-91e2341b50c6@group-F01152B53F91-LeaderElection227] INFO  impl.LeaderElection (LogUtils.java:infoOrTrace(149)) - 2fdb3e93-e0d8-400e-8c33-91e2341b50c6@group-F01152B53F91-LeaderElection227 got exception when requesting votes: {}
java.util.concurrent.ExecutionException: org.apache.ratis.thirdparty.io.grpc.StatusRuntimeException: UNAVAILABLE: io exception
	at java.util.concurrent.FutureTask.report(FutureTask.java:122)
	at java.util.concurrent.FutureTask.get(FutureTask.java:192)
	at org.apache.ratis.server.impl.LeaderElection.waitForResults(LeaderElection.java:259)
	at org.apache.ratis.server.impl.LeaderElection.askForVotes(LeaderElection.java:197)
	at org.apache.ratis.server.impl.LeaderElection.run(LeaderElection.java:133)
	at java.lang.Thread.run(Thread.java:748)
Caused by: org.apache.ratis.thirdparty.io.grpc.StatusRuntimeException: UNAVAILABLE: io exception
	at org.apache.ratis.thirdparty.io.grpc.stub.ClientCalls.toStatusRuntimeException(ClientCalls.java:233)
	at org.apache.ratis.thirdparty.io.grpc.stub.ClientCalls.getUnchecked(ClientCalls.java:214)
	at org.apache.ratis.thirdparty.io.grpc.stub.ClientCalls.blockingUnaryCall(ClientCalls.java:139)
	at org.apache.ratis.proto.grpc.RaftServerProtocolServiceGrpc$RaftServerProtocolServiceBlockingStub.requestVote(RaftServerProtocolServiceGrpc.java:265)
	at org.apache.ratis.grpc.server.GrpcServerProtocolClient.requestVote(GrpcServerProtocolClient.java:99)
	at org.apache.ratis.grpc.server.GrpcService.requestVote(GrpcService.java:204)
	at org.apache.ratis.server.impl.LeaderElection.lambda$submitRequests$1(LeaderElection.java:234)
	at java.util.concurrent.FutureTask.run(FutureTask.java:266)
	at java.util.concurrent.Executors$RunnableAdapter.call(Executors.java:511)
	at java.util.concurrent.FutureTask.run(FutureTask.java:266)
	at java.util.concurrent.ThreadPoolExecutor.runWorker(ThreadPoolExecutor.java:1149)
	at java.util.concurrent.ThreadPoolExecutor$Worker.run(ThreadPoolExecutor.java:624)
	... 1 more
Caused by: org.apache.ratis.thirdparty.io.netty.channel.AbstractChannel$AnnotatedConnectException: Connection refused: /192.168.157.254:36038
	at sun.nio.ch.SocketChannelImpl.checkConnect(Native Method)
	at sun.nio.ch.SocketChannelImpl.finishConnect(SocketChannelImpl.java:717)
	at org.apache.ratis.thirdparty.io.netty.channel.socket.nio.NioSocketChannel.doFinishConnect(NioSocketChannel.java:327)
	at org.apache.ratis.thirdparty.io.netty.channel.nio.AbstractNioChannel$AbstractNioUnsafe.finishConnect(AbstractNioChannel.java:340)
	at org.apache.ratis.thirdparty.io.netty.channel.nio.NioEventLoop.processSelectedKey(NioEventLoop.java:632)
	at org.apache.ratis.thirdparty.io.netty.channel.nio.NioEventLoop.processSelectedKeysOptimized(NioEventLoop.java:579)
	at org.apache.ratis.thirdparty.io.netty.channel.nio.NioEventLoop.processSelectedKeys(NioEventLoop.java:496)
	at org.apache.ratis.thirdparty.io.netty.channel.nio.NioEventLoop.run(NioEventLoop.java:458)
	at org.apache.ratis.thirdparty.io.netty.util.concurrent.SingleThreadEventExecutor$5.run(SingleThreadEventExecutor.java:897)
	at org.apache.ratis.thirdparty.io.netty.util.concurrent.FastThreadLocalRunnable.run(FastThreadLocalRunnable.java:30)
	... 1 more
Caused by: java.net.ConnectException: Connection refused
	... 11 more
2019-10-22 00:13:20,153 [2fdb3e93-e0d8-400e-8c33-91e2341b50c6@group-F01152B53F91-LeaderElection227] INFO  impl.LeaderElection (LogUtils.java:infoOrTrace(149)) - 2fdb3e93-e0d8-400e-8c33-91e2341b50c6@group-F01152B53F91-LeaderElection227 got exception when requesting votes: {}
java.util.concurrent.ExecutionException: org.apache.ratis.thirdparty.io.grpc.StatusRuntimeException: UNAVAILABLE: io exception
	at java.util.concurrent.FutureTask.report(FutureTask.java:122)
	at java.util.concurrent.FutureTask.get(FutureTask.java:192)
	at org.apache.ratis.server.impl.LeaderElection.waitForResults(LeaderElection.java:259)
	at org.apache.ratis.server.impl.LeaderElection.askForVotes(LeaderElection.java:197)
	at org.apache.ratis.server.impl.LeaderElection.run(LeaderElection.java:133)
	at java.lang.Thread.run(Thread.java:748)
Caused by: org.apache.ratis.thirdparty.io.grpc.StatusRuntimeException: UNAVAILABLE: io exception
	at org.apache.ratis.thirdparty.io.grpc.stub.ClientCalls.toStatusRuntimeException(ClientCalls.java:233)
	at org.apache.ratis.thirdparty.io.grpc.stub.ClientCalls.getUnchecked(ClientCalls.java:214)
	at org.apache.ratis.thirdparty.io.grpc.stub.ClientCalls.blockingUnaryCall(ClientCalls.java:139)
	at org.apache.ratis.proto.grpc.RaftServerProtocolServiceGrpc$RaftServerProtocolServiceBlockingStub.requestVote(RaftServerProtocolServiceGrpc.java:265)
	at org.apache.ratis.grpc.server.GrpcServerProtocolClient.requestVote(GrpcServerProtocolClient.java:99)
	at org.apache.ratis.grpc.server.GrpcService.requestVote(GrpcService.java:204)
	at org.apache.ratis.server.impl.LeaderElection.lambda$submitRequests$1(LeaderElection.java:234)
	at java.util.concurrent.FutureTask.run(FutureTask.java:266)
	at java.util.concurrent.Executors$RunnableAdapter.call(Executors.java:511)
	at java.util.concurrent.FutureTask.run(FutureTask.java:266)
	at java.util.concurrent.ThreadPoolExecutor.runWorker(ThreadPoolExecutor.java:1149)
	at java.util.concurrent.ThreadPoolExecutor$Worker.run(ThreadPoolExecutor.java:624)
	... 1 more
Caused by: org.apache.ratis.thirdparty.io.netty.channel.AbstractChannel$AnnotatedConnectException: Connection refused: /192.168.157.254:45598
	at sun.nio.ch.SocketChannelImpl.checkConnect(Native Method)
	at sun.nio.ch.SocketChannelImpl.finishConnect(SocketChannelImpl.java:717)
	at org.apache.ratis.thirdparty.io.netty.channel.socket.nio.NioSocketChannel.doFinishConnect(NioSocketChannel.java:327)
	at org.apache.ratis.thirdparty.io.netty.channel.nio.AbstractNioChannel$AbstractNioUnsafe.finishConnect(AbstractNioChannel.java:340)
	at org.apache.ratis.thirdparty.io.netty.channel.nio.NioEventLoop.processSelectedKey(NioEventLoop.java:632)
	at org.apache.ratis.thirdparty.io.netty.channel.nio.NioEventLoop.processSelectedKeysOptimized(NioEventLoop.java:579)
	at org.apache.ratis.thirdparty.io.netty.channel.nio.NioEventLoop.processSelectedKeys(NioEventLoop.java:496)
	at org.apache.ratis.thirdparty.io.netty.channel.nio.NioEventLoop.run(NioEventLoop.java:458)
	at org.apache.ratis.thirdparty.io.netty.util.concurrent.SingleThreadEventExecutor$5.run(SingleThreadEventExecutor.java:897)
	at org.apache.ratis.thirdparty.io.netty.util.concurrent.FastThreadLocalRunnable.run(FastThreadLocalRunnable.java:30)
	... 1 more
Caused by: java.net.ConnectException: Connection refused
	... 11 more
2019-10-22 00:13:20,154 [2fdb3e93-e0d8-400e-8c33-91e2341b50c6@group-F01152B53F91-LeaderElection227] INFO  impl.LeaderElection (LeaderElection.java:logAndReturn(56)) - 2fdb3e93-e0d8-400e-8c33-91e2341b50c6@group-F01152B53F91-LeaderElection227: Election REJECTED; received 0 response(s) [] and 2 exception(s); 2fdb3e93-e0d8-400e-8c33-91e2341b50c6@group-F01152B53F91:t226, leader=null, voted=2fdb3e93-e0d8-400e-8c33-91e2341b50c6, raftlog=2fdb3e93-e0d8-400e-8c33-91e2341b50c6@group-F01152B53F91-SegmentedRaftLog:OPENED:c-1,f-1,i0, conf=-1: [2fdb3e93-e0d8-400e-8c33-91e2341b50c6:192.168.157.254:43254, 062c71de-08d9-40ee-9309-15590e2e8e68:192.168.157.254:45598, 2a52019e-5647-44e1-bf30-9a43fd8a7377:192.168.157.254:36038], old=null
2019-10-22 00:13:20,154 [2fdb3e93-e0d8-400e-8c33-91e2341b50c6@group-F01152B53F91-LeaderElection227] INFO  impl.LeaderElection (LogUtils.java:infoOrTrace(149)) -   Exception 0: {}
java.util.concurrent.ExecutionException: org.apache.ratis.thirdparty.io.grpc.StatusRuntimeException: UNAVAILABLE: io exception
	at java.util.concurrent.FutureTask.report(FutureTask.java:122)
	at java.util.concurrent.FutureTask.get(FutureTask.java:192)
	at org.apache.ratis.server.impl.LeaderElection.waitForResults(LeaderElection.java:259)
	at org.apache.ratis.server.impl.LeaderElection.askForVotes(LeaderElection.java:197)
	at org.apache.ratis.server.impl.LeaderElection.run(LeaderElection.java:133)
	at java.lang.Thread.run(Thread.java:748)
Caused by: org.apache.ratis.thirdparty.io.grpc.StatusRuntimeException: UNAVAILABLE: io exception
	at org.apache.ratis.thirdparty.io.grpc.stub.ClientCalls.toStatusRuntimeException(ClientCalls.java:233)
	at org.apache.ratis.thirdparty.io.grpc.stub.ClientCalls.getUnchecked(ClientCalls.java:214)
	at org.apache.ratis.thirdparty.io.grpc.stub.ClientCalls.blockingUnaryCall(ClientCalls.java:139)
	at org.apache.ratis.proto.grpc.RaftServerProtocolServiceGrpc$RaftServerProtocolServiceBlockingStub.requestVote(RaftServerProtocolServiceGrpc.java:265)
	at org.apache.ratis.grpc.server.GrpcServerProtocolClient.requestVote(GrpcServerProtocolClient.java:99)
	at org.apache.ratis.grpc.server.GrpcService.requestVote(GrpcService.java:204)
	at org.apache.ratis.server.impl.LeaderElection.lambda$submitRequests$1(LeaderElection.java:234)
	at java.util.concurrent.FutureTask.run(FutureTask.java:266)
	at java.util.concurrent.Executors$RunnableAdapter.call(Executors.java:511)
	at java.util.concurrent.FutureTask.run(FutureTask.java:266)
	at java.util.concurrent.ThreadPoolExecutor.runWorker(ThreadPoolExecutor.java:1149)
	at java.util.concurrent.ThreadPoolExecutor$Worker.run(ThreadPoolExecutor.java:624)
	... 1 more
Caused by: org.apache.ratis.thirdparty.io.netty.channel.AbstractChannel$AnnotatedConnectException: Connection refused: /192.168.157.254:36038
	at sun.nio.ch.SocketChannelImpl.checkConnect(Native Method)
	at sun.nio.ch.SocketChannelImpl.finishConnect(SocketChannelImpl.java:717)
	at org.apache.ratis.thirdparty.io.netty.channel.socket.nio.NioSocketChannel.doFinishConnect(NioSocketChannel.java:327)
	at org.apache.ratis.thirdparty.io.netty.channel.nio.AbstractNioChannel$AbstractNioUnsafe.finishConnect(AbstractNioChannel.java:340)
	at org.apache.ratis.thirdparty.io.netty.channel.nio.NioEventLoop.processSelectedKey(NioEventLoop.java:632)
	at org.apache.ratis.thirdparty.io.netty.channel.nio.NioEventLoop.processSelectedKeysOptimized(NioEventLoop.java:579)
	at org.apache.ratis.thirdparty.io.netty.channel.nio.NioEventLoop.processSelectedKeys(NioEventLoop.java:496)
	at org.apache.ratis.thirdparty.io.netty.channel.nio.NioEventLoop.run(NioEventLoop.java:458)
	at org.apache.ratis.thirdparty.io.netty.util.concurrent.SingleThreadEventExecutor$5.run(SingleThreadEventExecutor.java:897)
	at org.apache.ratis.thirdparty.io.netty.util.concurrent.FastThreadLocalRunnable.run(FastThreadLocalRunnable.java:30)
	... 1 more
Caused by: java.net.ConnectException: Connection refused
	... 11 more
2019-10-22 00:13:20,154 [2fdb3e93-e0d8-400e-8c33-91e2341b50c6@group-F01152B53F91-LeaderElection227] INFO  impl.LeaderElection (LogUtils.java:infoOrTrace(149)) -   Exception 1: {}
java.util.concurrent.ExecutionException: org.apache.ratis.thirdparty.io.grpc.StatusRuntimeException: UNAVAILABLE: io exception
	at java.util.concurrent.FutureTask.report(FutureTask.java:122)
	at java.util.concurrent.FutureTask.get(FutureTask.java:192)
	at org.apache.ratis.server.impl.LeaderElection.waitForResults(LeaderElection.java:259)
	at org.apache.ratis.server.impl.LeaderElection.askForVotes(LeaderElection.java:197)
	at org.apache.ratis.server.impl.LeaderElection.run(LeaderElection.java:133)
	at java.lang.Thread.run(Thread.java:748)
Caused by: org.apache.ratis.thirdparty.io.grpc.StatusRuntimeException: UNAVAILABLE: io exception
	at org.apache.ratis.thirdparty.io.grpc.stub.ClientCalls.toStatusRuntimeException(ClientCalls.java:233)
	at org.apache.ratis.thirdparty.io.grpc.stub.ClientCalls.getUnchecked(ClientCalls.java:214)
	at org.apache.ratis.thirdparty.io.grpc.stub.ClientCalls.blockingUnaryCall(ClientCalls.java:139)
	at org.apache.ratis.proto.grpc.RaftServerProtocolServiceGrpc$RaftServerProtocolServiceBlockingStub.requestVote(RaftServerProtocolServiceGrpc.java:265)
	at org.apache.ratis.grpc.server.GrpcServerProtocolClient.requestVote(GrpcServerProtocolClient.java:99)
	at org.apache.ratis.grpc.server.GrpcService.requestVote(GrpcService.java:204)
	at org.apache.ratis.server.impl.LeaderElection.lambda$submitRequests$1(LeaderElection.java:234)
	at java.util.concurrent.FutureTask.run(FutureTask.java:266)
	at java.util.concurrent.Executors$RunnableAdapter.call(Executors.java:511)
	at java.util.concurrent.FutureTask.run(FutureTask.java:266)
	at java.util.concurrent.ThreadPoolExecutor.runWorker(ThreadPoolExecutor.java:1149)
	at java.util.concurrent.ThreadPoolExecutor$Worker.run(ThreadPoolExecutor.java:624)
	... 1 more
Caused by: org.apache.ratis.thirdparty.io.netty.channel.AbstractChannel$AnnotatedConnectException: Connection refused: /192.168.157.254:45598
	at sun.nio.ch.SocketChannelImpl.checkConnect(Native Method)
	at sun.nio.ch.SocketChannelImpl.finishConnect(SocketChannelImpl.java:717)
	at org.apache.ratis.thirdparty.io.netty.channel.socket.nio.NioSocketChannel.doFinishConnect(NioSocketChannel.java:327)
	at org.apache.ratis.thirdparty.io.netty.channel.nio.AbstractNioChannel$AbstractNioUnsafe.finishConnect(AbstractNioChannel.java:340)
	at org.apache.ratis.thirdparty.io.netty.channel.nio.NioEventLoop.processSelectedKey(NioEventLoop.java:632)
	at org.apache.ratis.thirdparty.io.netty.channel.nio.NioEventLoop.processSelectedKeysOptimized(NioEventLoop.java:579)
	at org.apache.ratis.thirdparty.io.netty.channel.nio.NioEventLoop.processSelectedKeys(NioEventLoop.java:496)
	at org.apache.ratis.thirdparty.io.netty.channel.nio.NioEventLoop.run(NioEventLoop.java:458)
	at org.apache.ratis.thirdparty.io.netty.util.concurrent.SingleThreadEventExecutor$5.run(SingleThreadEventExecutor.java:897)
	at org.apache.ratis.thirdparty.io.netty.util.concurrent.FastThreadLocalRunnable.run(FastThreadLocalRunnable.java:30)
	... 1 more
Caused by: java.net.ConnectException: Connection refused
	... 11 more
2019-10-22 00:13:20,154 [2fdb3e93-e0d8-400e-8c33-91e2341b50c6@group-F01152B53F91-LeaderElection227] INFO  impl.RaftServerImpl (RaftServerImpl.java:setRole(184)) - 2fdb3e93-e0d8-400e-8c33-91e2341b50c6@group-F01152B53F91: changes role from CANDIDATE to FOLLOWER at term 226 for DISCOVERED_A_NEW_TERM
2019-10-22 00:13:20,154 [2fdb3e93-e0d8-400e-8c33-91e2341b50c6@group-F01152B53F91-LeaderElection227] INFO  impl.RoleInfo (RoleInfo.java:shutdownLeaderElection(134)) - 2fdb3e93-e0d8-400e-8c33-91e2341b50c6: shutdown LeaderElection
2019-10-22 00:13:20,155 [2fdb3e93-e0d8-400e-8c33-91e2341b50c6@group-F01152B53F91-LeaderElection227] INFO  impl.RoleInfo (RoleInfo.java:updateAndGet(143)) - 2fdb3e93-e0d8-400e-8c33-91e2341b50c6: start FollowerState
2019-10-22 00:13:20,214 [Thread-1946] INFO  impl.FollowerState (FollowerState.java:run(108)) - 2fdb3e93-e0d8-400e-8c33-91e2341b50c6@group-F01152B53F91-FollowerState: change to CANDIDATE, lastRpcTime:59ms, electionTimeout:59ms
2019-10-22 00:13:20,214 [Thread-1946] INFO  impl.RoleInfo (RoleInfo.java:shutdownFollowerState(121)) - 2fdb3e93-e0d8-400e-8c33-91e2341b50c6: shutdown FollowerState
2019-10-22 00:13:20,214 [Thread-1946] INFO  impl.RaftServerImpl (RaftServerImpl.java:setRole(184)) - 2fdb3e93-e0d8-400e-8c33-91e2341b50c6@group-F01152B53F91: changes role from  FOLLOWER to CANDIDATE at term 226 for changeToCandidate
2019-10-22 00:13:20,214 [Thread-1946] INFO  impl.RoleInfo (RoleInfo.java:updateAndGet(143)) - 2fdb3e93-e0d8-400e-8c33-91e2341b50c6: start LeaderElection
2019-10-22 00:13:20,220 [2fdb3e93-e0d8-400e-8c33-91e2341b50c6@group-F01152B53F91-LeaderElection228] INFO  impl.LeaderElection (LeaderElection.java:askForVotes(178)) - 2fdb3e93-e0d8-400e-8c33-91e2341b50c6@group-F01152B53F91-LeaderElection228: begin an election at term 227 for -1: [2fdb3e93-e0d8-400e-8c33-91e2341b50c6:192.168.157.254:43254, 062c71de-08d9-40ee-9309-15590e2e8e68:192.168.157.254:45598, 2a52019e-5647-44e1-bf30-9a43fd8a7377:192.168.157.254:36038], old=null
2019-10-22 00:13:20,220 [2fdb3e93-e0d8-400e-8c33-91e2341b50c6@group-F01152B53F91-LeaderElection228] INFO  impl.LeaderElection (LogUtils.java:infoOrTrace(149)) - 2fdb3e93-e0d8-400e-8c33-91e2341b50c6@group-F01152B53F91-LeaderElection228 got exception when requesting votes: {}
java.util.concurrent.ExecutionException: org.apache.ratis.thirdparty.io.grpc.StatusRuntimeException: UNAVAILABLE: io exception
	at java.util.concurrent.FutureTask.report(FutureTask.java:122)
	at java.util.concurrent.FutureTask.get(FutureTask.java:192)
	at org.apache.ratis.server.impl.LeaderElection.waitForResults(LeaderElection.java:259)
	at org.apache.ratis.server.impl.LeaderElection.askForVotes(LeaderElection.java:197)
	at org.apache.ratis.server.impl.LeaderElection.run(LeaderElection.java:133)
	at java.lang.Thread.run(Thread.java:748)
Caused by: org.apache.ratis.thirdparty.io.grpc.StatusRuntimeException: UNAVAILABLE: io exception
	at org.apache.ratis.thirdparty.io.grpc.stub.ClientCalls.toStatusRuntimeException(ClientCalls.java:233)
	at org.apache.ratis.thirdparty.io.grpc.stub.ClientCalls.getUnchecked(ClientCalls.java:214)
	at org.apache.ratis.thirdparty.io.grpc.stub.ClientCalls.blockingUnaryCall(ClientCalls.java:139)
	at org.apache.ratis.proto.grpc.RaftServerProtocolServiceGrpc$RaftServerProtocolServiceBlockingStub.requestVote(RaftServerProtocolServiceGrpc.java:265)
	at org.apache.ratis.grpc.server.GrpcServerProtocolClient.requestVote(GrpcServerProtocolClient.java:99)
	at org.apache.ratis.grpc.server.GrpcService.requestVote(GrpcService.java:204)
	at org.apache.ratis.server.impl.LeaderElection.lambda$submitRequests$1(LeaderElection.java:234)
	at java.util.concurrent.FutureTask.run(FutureTask.java:266)
	at java.util.concurrent.Executors$RunnableAdapter.call(Executors.java:511)
	at java.util.concurrent.FutureTask.run(FutureTask.java:266)
	at java.util.concurrent.ThreadPoolExecutor.runWorker(ThreadPoolExecutor.java:1149)
	at java.util.concurrent.ThreadPoolExecutor$Worker.run(ThreadPoolExecutor.java:624)
	... 1 more
Caused by: org.apache.ratis.thirdparty.io.netty.channel.AbstractChannel$AnnotatedConnectException: Connection refused: /192.168.157.254:45598
	at sun.nio.ch.SocketChannelImpl.checkConnect(Native Method)
	at sun.nio.ch.SocketChannelImpl.finishConnect(SocketChannelImpl.java:717)
	at org.apache.ratis.thirdparty.io.netty.channel.socket.nio.NioSocketChannel.doFinishConnect(NioSocketChannel.java:327)
	at org.apache.ratis.thirdparty.io.netty.channel.nio.AbstractNioChannel$AbstractNioUnsafe.finishConnect(AbstractNioChannel.java:340)
	at org.apache.ratis.thirdparty.io.netty.channel.nio.NioEventLoop.processSelectedKey(NioEventLoop.java:632)
	at org.apache.ratis.thirdparty.io.netty.channel.nio.NioEventLoop.processSelectedKeysOptimized(NioEventLoop.java:579)
	at org.apache.ratis.thirdparty.io.netty.channel.nio.NioEventLoop.processSelectedKeys(NioEventLoop.java:496)
	at org.apache.ratis.thirdparty.io.netty.channel.nio.NioEventLoop.run(NioEventLoop.java:458)
	at org.apache.ratis.thirdparty.io.netty.util.concurrent.SingleThreadEventExecutor$5.run(SingleThreadEventExecutor.java:897)
	at org.apache.ratis.thirdparty.io.netty.util.concurrent.FastThreadLocalRunnable.run(FastThreadLocalRunnable.java:30)
	... 1 more
Caused by: java.net.ConnectException: Connection refused
	... 11 more
2019-10-22 00:13:20,221 [2fdb3e93-e0d8-400e-8c33-91e2341b50c6@group-F01152B53F91-LeaderElection228] INFO  impl.LeaderElection (LogUtils.java:infoOrTrace(149)) - 2fdb3e93-e0d8-400e-8c33-91e2341b50c6@group-F01152B53F91-LeaderElection228 got exception when requesting votes: {}
java.util.concurrent.ExecutionException: org.apache.ratis.thirdparty.io.grpc.StatusRuntimeException: UNAVAILABLE: io exception
	at java.util.concurrent.FutureTask.report(FutureTask.java:122)
	at java.util.concurrent.FutureTask.get(FutureTask.java:192)
	at org.apache.ratis.server.impl.LeaderElection.waitForResults(LeaderElection.java:259)
	at org.apache.ratis.server.impl.LeaderElection.askForVotes(LeaderElection.java:197)
	at org.apache.ratis.server.impl.LeaderElection.run(LeaderElection.java:133)
	at java.lang.Thread.run(Thread.java:748)
Caused by: org.apache.ratis.thirdparty.io.grpc.StatusRuntimeException: UNAVAILABLE: io exception
	at org.apache.ratis.thirdparty.io.grpc.stub.ClientCalls.toStatusRuntimeException(ClientCalls.java:233)
	at org.apache.ratis.thirdparty.io.grpc.stub.ClientCalls.getUnchecked(ClientCalls.java:214)
	at org.apache.ratis.thirdparty.io.grpc.stub.ClientCalls.blockingUnaryCall(ClientCalls.java:139)
	at org.apache.ratis.proto.grpc.RaftServerProtocolServiceGrpc$RaftServerProtocolServiceBlockingStub.requestVote(RaftServerProtocolServiceGrpc.java:265)
	at org.apache.ratis.grpc.server.GrpcServerProtocolClient.requestVote(GrpcServerProtocolClient.java:99)
	at org.apache.ratis.grpc.server.GrpcService.requestVote(GrpcService.java:204)
	at org.apache.ratis.server.impl.LeaderElection.lambda$submitRequests$1(LeaderElection.java:234)
	at java.util.concurrent.FutureTask.run(FutureTask.java:266)
	at java.util.concurrent.Executors$RunnableAdapter.call(Executors.java:511)
	at java.util.concurrent.FutureTask.run(FutureTask.java:266)
	at java.util.concurrent.ThreadPoolExecutor.runWorker(ThreadPoolExecutor.java:1149)
	at java.util.concurrent.ThreadPoolExecutor$Worker.run(ThreadPoolExecutor.java:624)
	... 1 more
Caused by: org.apache.ratis.thirdparty.io.netty.channel.AbstractChannel$AnnotatedConnectException: Connection refused: /192.168.157.254:36038
	at sun.nio.ch.SocketChannelImpl.checkConnect(Native Method)
	at sun.nio.ch.SocketChannelImpl.finishConnect(SocketChannelImpl.java:717)
	at org.apache.ratis.thirdparty.io.netty.channel.socket.nio.NioSocketChannel.doFinishConnect(NioSocketChannel.java:327)
	at org.apache.ratis.thirdparty.io.netty.channel.nio.AbstractNioChannel$AbstractNioUnsafe.finishConnect(AbstractNioChannel.java:340)
	at org.apache.ratis.thirdparty.io.netty.channel.nio.NioEventLoop.processSelectedKey(NioEventLoop.java:632)
	at org.apache.ratis.thirdparty.io.netty.channel.nio.NioEventLoop.processSelectedKeysOptimized(NioEventLoop.java:579)
	at org.apache.ratis.thirdparty.io.netty.channel.nio.NioEventLoop.processSelectedKeys(NioEventLoop.java:496)
	at org.apache.ratis.thirdparty.io.netty.channel.nio.NioEventLoop.run(NioEventLoop.java:458)
	at org.apache.ratis.thirdparty.io.netty.util.concurrent.SingleThreadEventExecutor$5.run(SingleThreadEventExecutor.java:897)
	at org.apache.ratis.thirdparty.io.netty.util.concurrent.FastThreadLocalRunnable.run(FastThreadLocalRunnable.java:30)
	... 1 more
Caused by: java.net.ConnectException: Connection refused
	... 11 more
2019-10-22 00:13:20,221 [2fdb3e93-e0d8-400e-8c33-91e2341b50c6@group-F01152B53F91-LeaderElection228] INFO  impl.LeaderElection (LeaderElection.java:logAndReturn(56)) - 2fdb3e93-e0d8-400e-8c33-91e2341b50c6@group-F01152B53F91-LeaderElection228: Election REJECTED; received 0 response(s) [] and 2 exception(s); 2fdb3e93-e0d8-400e-8c33-91e2341b50c6@group-F01152B53F91:t227, leader=null, voted=2fdb3e93-e0d8-400e-8c33-91e2341b50c6, raftlog=2fdb3e93-e0d8-400e-8c33-91e2341b50c6@group-F01152B53F91-SegmentedRaftLog:OPENED:c-1,f-1,i0, conf=-1: [2fdb3e93-e0d8-400e-8c33-91e2341b50c6:192.168.157.254:43254, 062c71de-08d9-40ee-9309-15590e2e8e68:192.168.157.254:45598, 2a52019e-5647-44e1-bf30-9a43fd8a7377:192.168.157.254:36038], old=null
2019-10-22 00:13:20,221 [2fdb3e93-e0d8-400e-8c33-91e2341b50c6@group-F01152B53F91-LeaderElection228] INFO  impl.LeaderElection (LogUtils.java:infoOrTrace(149)) -   Exception 0: {}
java.util.concurrent.ExecutionException: org.apache.ratis.thirdparty.io.grpc.StatusRuntimeException: UNAVAILABLE: io exception
	at java.util.concurrent.FutureTask.report(FutureTask.java:122)
	at java.util.concurrent.FutureTask.get(FutureTask.java:192)
	at org.apache.ratis.server.impl.LeaderElection.waitForResults(LeaderElection.java:259)
	at org.apache.ratis.server.impl.LeaderElection.askForVotes(LeaderElection.java:197)
	at org.apache.ratis.server.impl.LeaderElection.run(LeaderElection.java:133)
	at java.lang.Thread.run(Thread.java:748)
Caused by: org.apache.ratis.thirdparty.io.grpc.StatusRuntimeException: UNAVAILABLE: io exception
	at org.apache.ratis.thirdparty.io.grpc.stub.ClientCalls.toStatusRuntimeException(ClientCalls.java:233)
	at org.apache.ratis.thirdparty.io.grpc.stub.ClientCalls.getUnchecked(ClientCalls.java:214)
	at org.apache.ratis.thirdparty.io.grpc.stub.ClientCalls.blockingUnaryCall(ClientCalls.java:139)
	at org.apache.ratis.proto.grpc.RaftServerProtocolServiceGrpc$RaftServerProtocolServiceBlockingStub.requestVote(RaftServerProtocolServiceGrpc.java:265)
	at org.apache.ratis.grpc.server.GrpcServerProtocolClient.requestVote(GrpcServerProtocolClient.java:99)
	at org.apache.ratis.grpc.server.GrpcService.requestVote(GrpcService.java:204)
	at org.apache.ratis.server.impl.LeaderElection.lambda$submitRequests$1(LeaderElection.java:234)
	at java.util.concurrent.FutureTask.run(FutureTask.java:266)
	at java.util.concurrent.Executors$RunnableAdapter.call(Executors.java:511)
	at java.util.concurrent.FutureTask.run(FutureTask.java:266)
	at java.util.concurrent.ThreadPoolExecutor.runWorker(ThreadPoolExecutor.java:1149)
	at java.util.concurrent.ThreadPoolExecutor$Worker.run(ThreadPoolExecutor.java:624)
	... 1 more
Caused by: org.apache.ratis.thirdparty.io.netty.channel.AbstractChannel$AnnotatedConnectException: Connection refused: /192.168.157.254:45598
	at sun.nio.ch.SocketChannelImpl.checkConnect(Native Method)
	at sun.nio.ch.SocketChannelImpl.finishConnect(SocketChannelImpl.java:717)
	at org.apache.ratis.thirdparty.io.netty.channel.socket.nio.NioSocketChannel.doFinishConnect(NioSocketChannel.java:327)
	at org.apache.ratis.thirdparty.io.netty.channel.nio.AbstractNioChannel$AbstractNioUnsafe.finishConnect(AbstractNioChannel.java:340)
	at org.apache.ratis.thirdparty.io.netty.channel.nio.NioEventLoop.processSelectedKey(NioEventLoop.java:632)
	at org.apache.ratis.thirdparty.io.netty.channel.nio.NioEventLoop.processSelectedKeysOptimized(NioEventLoop.java:579)
	at org.apache.ratis.thirdparty.io.netty.channel.nio.NioEventLoop.processSelectedKeys(NioEventLoop.java:496)
	at org.apache.ratis.thirdparty.io.netty.channel.nio.NioEventLoop.run(NioEventLoop.java:458)
	at org.apache.ratis.thirdparty.io.netty.util.concurrent.SingleThreadEventExecutor$5.run(SingleThreadEventExecutor.java:897)
	at org.apache.ratis.thirdparty.io.netty.util.concurrent.FastThreadLocalRunnable.run(FastThreadLocalRunnable.java:30)
	... 1 more
Caused by: java.net.ConnectException: Connection refused
	... 11 more
2019-10-22 00:13:20,222 [2fdb3e93-e0d8-400e-8c33-91e2341b50c6@group-F01152B53F91-LeaderElection228] INFO  impl.LeaderElection (LogUtils.java:infoOrTrace(149)) -   Exception 1: {}
java.util.concurrent.ExecutionException: org.apache.ratis.thirdparty.io.grpc.StatusRuntimeException: UNAVAILABLE: io exception
	at java.util.concurrent.FutureTask.report(FutureTask.java:122)
	at java.util.concurrent.FutureTask.get(FutureTask.java:192)
	at org.apache.ratis.server.impl.LeaderElection.waitForResults(LeaderElection.java:259)
	at org.apache.ratis.server.impl.LeaderElection.askForVotes(LeaderElection.java:197)
	at org.apache.ratis.server.impl.LeaderElection.run(LeaderElection.java:133)
	at java.lang.Thread.run(Thread.java:748)
Caused by: org.apache.ratis.thirdparty.io.grpc.StatusRuntimeException: UNAVAILABLE: io exception
	at org.apache.ratis.thirdparty.io.grpc.stub.ClientCalls.toStatusRuntimeException(ClientCalls.java:233)
	at org.apache.ratis.thirdparty.io.grpc.stub.ClientCalls.getUnchecked(ClientCalls.java:214)
	at org.apache.ratis.thirdparty.io.grpc.stub.ClientCalls.blockingUnaryCall(ClientCalls.java:139)
	at org.apache.ratis.proto.grpc.RaftServerProtocolServiceGrpc$RaftServerProtocolServiceBlockingStub.requestVote(RaftServerProtocolServiceGrpc.java:265)
	at org.apache.ratis.grpc.server.GrpcServerProtocolClient.requestVote(GrpcServerProtocolClient.java:99)
	at org.apache.ratis.grpc.server.GrpcService.requestVote(GrpcService.java:204)
	at org.apache.ratis.server.impl.LeaderElection.lambda$submitRequests$1(LeaderElection.java:234)
	at java.util.concurrent.FutureTask.run(FutureTask.java:266)
	at java.util.concurrent.Executors$RunnableAdapter.call(Executors.java:511)
	at java.util.concurrent.FutureTask.run(FutureTask.java:266)
	at java.util.concurrent.ThreadPoolExecutor.runWorker(ThreadPoolExecutor.java:1149)
	at java.util.concurrent.ThreadPoolExecutor$Worker.run(ThreadPoolExecutor.java:624)
	... 1 more
Caused by: org.apache.ratis.thirdparty.io.netty.channel.AbstractChannel$AnnotatedConnectException: Connection refused: /192.168.157.254:36038
	at sun.nio.ch.SocketChannelImpl.checkConnect(Native Method)
	at sun.nio.ch.SocketChannelImpl.finishConnect(SocketChannelImpl.java:717)
	at org.apache.ratis.thirdparty.io.netty.channel.socket.nio.NioSocketChannel.doFinishConnect(NioSocketChannel.java:327)
	at org.apache.ratis.thirdparty.io.netty.channel.nio.AbstractNioChannel$AbstractNioUnsafe.finishConnect(AbstractNioChannel.java:340)
	at org.apache.ratis.thirdparty.io.netty.channel.nio.NioEventLoop.processSelectedKey(NioEventLoop.java:632)
	at org.apache.ratis.thirdparty.io.netty.channel.nio.NioEventLoop.processSelectedKeysOptimized(NioEventLoop.java:579)
	at org.apache.ratis.thirdparty.io.netty.channel.nio.NioEventLoop.processSelectedKeys(NioEventLoop.java:496)
	at org.apache.ratis.thirdparty.io.netty.channel.nio.NioEventLoop.run(NioEventLoop.java:458)
	at org.apache.ratis.thirdparty.io.netty.util.concurrent.SingleThreadEventExecutor$5.run(SingleThreadEventExecutor.java:897)
	at org.apache.ratis.thirdparty.io.netty.util.concurrent.FastThreadLocalRunnable.run(FastThreadLocalRunnable.java:30)
	... 1 more
Caused by: java.net.ConnectException: Connection refused
	... 11 more
2019-10-22 00:13:20,222 [2fdb3e93-e0d8-400e-8c33-91e2341b50c6@group-F01152B53F91-LeaderElection228] INFO  impl.RaftServerImpl (RaftServerImpl.java:setRole(184)) - 2fdb3e93-e0d8-400e-8c33-91e2341b50c6@group-F01152B53F91: changes role from CANDIDATE to FOLLOWER at term 227 for DISCOVERED_A_NEW_TERM
2019-10-22 00:13:20,222 [2fdb3e93-e0d8-400e-8c33-91e2341b50c6@group-F01152B53F91-LeaderElection228] INFO  impl.RoleInfo (RoleInfo.java:shutdownLeaderElection(134)) - 2fdb3e93-e0d8-400e-8c33-91e2341b50c6: shutdown LeaderElection
2019-10-22 00:13:20,223 [2fdb3e93-e0d8-400e-8c33-91e2341b50c6@group-F01152B53F91-LeaderElection228] INFO  impl.RoleInfo (RoleInfo.java:updateAndGet(143)) - 2fdb3e93-e0d8-400e-8c33-91e2341b50c6: start FollowerState
2019-10-22 00:13:20,236 [Thread-1950] INFO  impl.FollowerState (FollowerState.java:run(108)) - 2fdb3e93-e0d8-400e-8c33-91e2341b50c6@group-F01152B53F91-FollowerState: change to CANDIDATE, lastRpcTime:13ms, electionTimeout:13ms
2019-10-22 00:13:20,236 [Thread-1950] INFO  impl.RoleInfo (RoleInfo.java:shutdownFollowerState(121)) - 2fdb3e93-e0d8-400e-8c33-91e2341b50c6: shutdown FollowerState
2019-10-22 00:13:20,236 [Thread-1950] INFO  impl.RaftServerImpl (RaftServerImpl.java:setRole(184)) - 2fdb3e93-e0d8-400e-8c33-91e2341b50c6@group-F01152B53F91: changes role from  FOLLOWER to CANDIDATE at term 227 for changeToCandidate
2019-10-22 00:13:20,236 [Thread-1950] INFO  impl.RoleInfo (RoleInfo.java:updateAndGet(143)) - 2fdb3e93-e0d8-400e-8c33-91e2341b50c6: start LeaderElection
2019-10-22 00:13:20,254 [2fdb3e93-e0d8-400e-8c33-91e2341b50c6@group-F01152B53F91-LeaderElection229] INFO  impl.LeaderElection (LeaderElection.java:askForVotes(178)) - 2fdb3e93-e0d8-400e-8c33-91e2341b50c6@group-F01152B53F91-LeaderElection229: begin an election at term 228 for -1: [2fdb3e93-e0d8-400e-8c33-91e2341b50c6:192.168.157.254:43254, 062c71de-08d9-40ee-9309-15590e2e8e68:192.168.157.254:45598, 2a52019e-5647-44e1-bf30-9a43fd8a7377:192.168.157.254:36038], old=null
2019-10-22 00:13:20,254 [2fdb3e93-e0d8-400e-8c33-91e2341b50c6@group-F01152B53F91-LeaderElection229] INFO  impl.LeaderElection (LogUtils.java:infoOrTrace(149)) - 2fdb3e93-e0d8-400e-8c33-91e2341b50c6@group-F01152B53F91-LeaderElection229 got exception when requesting votes: {}
java.util.concurrent.ExecutionException: org.apache.ratis.thirdparty.io.grpc.StatusRuntimeException: UNAVAILABLE: io exception
	at java.util.concurrent.FutureTask.report(FutureTask.java:122)
	at java.util.concurrent.FutureTask.get(FutureTask.java:192)
	at org.apache.ratis.server.impl.LeaderElection.waitForResults(LeaderElection.java:259)
	at org.apache.ratis.server.impl.LeaderElection.askForVotes(LeaderElection.java:197)
	at org.apache.ratis.server.impl.LeaderElection.run(LeaderElection.java:133)
	at java.lang.Thread.run(Thread.java:748)
Caused by: org.apache.ratis.thirdparty.io.grpc.StatusRuntimeException: UNAVAILABLE: io exception
	at org.apache.ratis.thirdparty.io.grpc.stub.ClientCalls.toStatusRuntimeException(ClientCalls.java:233)
	at org.apache.ratis.thirdparty.io.grpc.stub.ClientCalls.getUnchecked(ClientCalls.java:214)
	at org.apache.ratis.thirdparty.io.grpc.stub.ClientCalls.blockingUnaryCall(ClientCalls.java:139)
	at org.apache.ratis.proto.grpc.RaftServerProtocolServiceGrpc$RaftServerProtocolServiceBlockingStub.requestVote(RaftServerProtocolServiceGrpc.java:265)
	at org.apache.ratis.grpc.server.GrpcServerProtocolClient.requestVote(GrpcServerProtocolClient.java:99)
	at org.apache.ratis.grpc.server.GrpcService.requestVote(GrpcService.java:204)
	at org.apache.ratis.server.impl.LeaderElection.lambda$submitRequests$1(LeaderElection.java:234)
	at java.util.concurrent.FutureTask.run(FutureTask.java:266)
	at java.util.concurrent.Executors$RunnableAdapter.call(Executors.java:511)
	at java.util.concurrent.FutureTask.run(FutureTask.java:266)
	at java.util.concurrent.ThreadPoolExecutor.runWorker(ThreadPoolExecutor.java:1149)
	at java.util.concurrent.ThreadPoolExecutor$Worker.run(ThreadPoolExecutor.java:624)
	... 1 more
Caused by: org.apache.ratis.thirdparty.io.netty.channel.AbstractChannel$AnnotatedConnectException: Connection refused: /192.168.157.254:45598
	at sun.nio.ch.SocketChannelImpl.checkConnect(Native Method)
	at sun.nio.ch.SocketChannelImpl.finishConnect(SocketChannelImpl.java:717)
	at org.apache.ratis.thirdparty.io.netty.channel.socket.nio.NioSocketChannel.doFinishConnect(NioSocketChannel.java:327)
	at org.apache.ratis.thirdparty.io.netty.channel.nio.AbstractNioChannel$AbstractNioUnsafe.finishConnect(AbstractNioChannel.java:340)
	at org.apache.ratis.thirdparty.io.netty.channel.nio.NioEventLoop.processSelectedKey(NioEventLoop.java:632)
	at org.apache.ratis.thirdparty.io.netty.channel.nio.NioEventLoop.processSelectedKeysOptimized(NioEventLoop.java:579)
	at org.apache.ratis.thirdparty.io.netty.channel.nio.NioEventLoop.processSelectedKeys(NioEventLoop.java:496)
	at org.apache.ratis.thirdparty.io.netty.channel.nio.NioEventLoop.run(NioEventLoop.java:458)
	at org.apache.ratis.thirdparty.io.netty.util.concurrent.SingleThreadEventExecutor$5.run(SingleThreadEventExecutor.java:897)
	at org.apache.ratis.thirdparty.io.netty.util.concurrent.FastThreadLocalRunnable.run(FastThreadLocalRunnable.java:30)
	... 1 more
Caused by: java.net.ConnectException: Connection refused
	... 11 more
2019-10-22 00:13:20,255 [2fdb3e93-e0d8-400e-8c33-91e2341b50c6@group-F01152B53F91-LeaderElection229] INFO  impl.LeaderElection (LogUtils.java:infoOrTrace(149)) - 2fdb3e93-e0d8-400e-8c33-91e2341b50c6@group-F01152B53F91-LeaderElection229 got exception when requesting votes: {}
java.util.concurrent.ExecutionException: org.apache.ratis.thirdparty.io.grpc.StatusRuntimeException: UNAVAILABLE: io exception
	at java.util.concurrent.FutureTask.report(FutureTask.java:122)
	at java.util.concurrent.FutureTask.get(FutureTask.java:192)
	at org.apache.ratis.server.impl.LeaderElection.waitForResults(LeaderElection.java:259)
	at org.apache.ratis.server.impl.LeaderElection.askForVotes(LeaderElection.java:197)
	at org.apache.ratis.server.impl.LeaderElection.run(LeaderElection.java:133)
	at java.lang.Thread.run(Thread.java:748)
Caused by: org.apache.ratis.thirdparty.io.grpc.StatusRuntimeException: UNAVAILABLE: io exception
	at org.apache.ratis.thirdparty.io.grpc.stub.ClientCalls.toStatusRuntimeException(ClientCalls.java:233)
	at org.apache.ratis.thirdparty.io.grpc.stub.ClientCalls.getUnchecked(ClientCalls.java:214)
	at org.apache.ratis.thirdparty.io.grpc.stub.ClientCalls.blockingUnaryCall(ClientCalls.java:139)
	at org.apache.ratis.proto.grpc.RaftServerProtocolServiceGrpc$RaftServerProtocolServiceBlockingStub.requestVote(RaftServerProtocolServiceGrpc.java:265)
	at org.apache.ratis.grpc.server.GrpcServerProtocolClient.requestVote(GrpcServerProtocolClient.java:99)
	at org.apache.ratis.grpc.server.GrpcService.requestVote(GrpcService.java:204)
	at org.apache.ratis.server.impl.LeaderElection.lambda$submitRequests$1(LeaderElection.java:234)
	at java.util.concurrent.FutureTask.run(FutureTask.java:266)
	at java.util.concurrent.Executors$RunnableAdapter.call(Executors.java:511)
	at java.util.concurrent.FutureTask.run(FutureTask.java:266)
	at java.util.concurrent.ThreadPoolExecutor.runWorker(ThreadPoolExecutor.java:1149)
	at java.util.concurrent.ThreadPoolExecutor$Worker.run(ThreadPoolExecutor.java:624)
	... 1 more
Caused by: org.apache.ratis.thirdparty.io.netty.channel.AbstractChannel$AnnotatedConnectException: Connection refused: /192.168.157.254:36038
	at sun.nio.ch.SocketChannelImpl.checkConnect(Native Method)
	at sun.nio.ch.SocketChannelImpl.finishConnect(SocketChannelImpl.java:717)
	at org.apache.ratis.thirdparty.io.netty.channel.socket.nio.NioSocketChannel.doFinishConnect(NioSocketChannel.java:327)
	at org.apache.ratis.thirdparty.io.netty.channel.nio.AbstractNioChannel$AbstractNioUnsafe.finishConnect(AbstractNioChannel.java:340)
	at org.apache.ratis.thirdparty.io.netty.channel.nio.NioEventLoop.processSelectedKey(NioEventLoop.java:632)
	at org.apache.ratis.thirdparty.io.netty.channel.nio.NioEventLoop.processSelectedKeysOptimized(NioEventLoop.java:579)
	at org.apache.ratis.thirdparty.io.netty.channel.nio.NioEventLoop.processSelectedKeys(NioEventLoop.java:496)
	at org.apache.ratis.thirdparty.io.netty.channel.nio.NioEventLoop.run(NioEventLoop.java:458)
	at org.apache.ratis.thirdparty.io.netty.util.concurrent.SingleThreadEventExecutor$5.run(SingleThreadEventExecutor.java:897)
	at org.apache.ratis.thirdparty.io.netty.util.concurrent.FastThreadLocalRunnable.run(FastThreadLocalRunnable.java:30)
	... 1 more
Caused by: java.net.ConnectException: Connection refused
	... 11 more
2019-10-22 00:13:20,255 [2fdb3e93-e0d8-400e-8c33-91e2341b50c6@group-F01152B53F91-LeaderElection229] INFO  impl.LeaderElection (LeaderElection.java:logAndReturn(56)) - 2fdb3e93-e0d8-400e-8c33-91e2341b50c6@group-F01152B53F91-LeaderElection229: Election REJECTED; received 0 response(s) [] and 2 exception(s); 2fdb3e93-e0d8-400e-8c33-91e2341b50c6@group-F01152B53F91:t228, leader=null, voted=2fdb3e93-e0d8-400e-8c33-91e2341b50c6, raftlog=2fdb3e93-e0d8-400e-8c33-91e2341b50c6@group-F01152B53F91-SegmentedRaftLog:OPENED:c-1,f-1,i0, conf=-1: [2fdb3e93-e0d8-400e-8c33-91e2341b50c6:192.168.157.254:43254, 062c71de-08d9-40ee-9309-15590e2e8e68:192.168.157.254:45598, 2a52019e-5647-44e1-bf30-9a43fd8a7377:192.168.157.254:36038], old=null
2019-10-22 00:13:20,255 [2fdb3e93-e0d8-400e-8c33-91e2341b50c6@group-F01152B53F91-LeaderElection229] INFO  impl.LeaderElection (LogUtils.java:infoOrTrace(149)) -   Exception 0: {}
java.util.concurrent.ExecutionException: org.apache.ratis.thirdparty.io.grpc.StatusRuntimeException: UNAVAILABLE: io exception
	at java.util.concurrent.FutureTask.report(FutureTask.java:122)
	at java.util.concurrent.FutureTask.get(FutureTask.java:192)
	at org.apache.ratis.server.impl.LeaderElection.waitForResults(LeaderElection.java:259)
	at org.apache.ratis.server.impl.LeaderElection.askForVotes(LeaderElection.java:197)
	at org.apache.ratis.server.impl.LeaderElection.run(LeaderElection.java:133)
	at java.lang.Thread.run(Thread.java:748)
Caused by: org.apache.ratis.thirdparty.io.grpc.StatusRuntimeException: UNAVAILABLE: io exception
	at org.apache.ratis.thirdparty.io.grpc.stub.ClientCalls.toStatusRuntimeException(ClientCalls.java:233)
	at org.apache.ratis.thirdparty.io.grpc.stub.ClientCalls.getUnchecked(ClientCalls.java:214)
	at org.apache.ratis.thirdparty.io.grpc.stub.ClientCalls.blockingUnaryCall(ClientCalls.java:139)
	at org.apache.ratis.proto.grpc.RaftServerProtocolServiceGrpc$RaftServerProtocolServiceBlockingStub.requestVote(RaftServerProtocolServiceGrpc.java:265)
	at org.apache.ratis.grpc.server.GrpcServerProtocolClient.requestVote(GrpcServerProtocolClient.java:99)
	at org.apache.ratis.grpc.server.GrpcService.requestVote(GrpcService.java:204)
	at org.apache.ratis.server.impl.LeaderElection.lambda$submitRequests$1(LeaderElection.java:234)
	at java.util.concurrent.FutureTask.run(FutureTask.java:266)
	at java.util.concurrent.Executors$RunnableAdapter.call(Executors.java:511)
	at java.util.concurrent.FutureTask.run(FutureTask.java:266)
	at java.util.concurrent.ThreadPoolExecutor.runWorker(ThreadPoolExecutor.java:1149)
	at java.util.concurrent.ThreadPoolExecutor$Worker.run(ThreadPoolExecutor.java:624)
	... 1 more
Caused by: org.apache.ratis.thirdparty.io.netty.channel.AbstractChannel$AnnotatedConnectException: Connection refused: /192.168.157.254:45598
	at sun.nio.ch.SocketChannelImpl.checkConnect(Native Method)
	at sun.nio.ch.SocketChannelImpl.finishConnect(SocketChannelImpl.java:717)
	at org.apache.ratis.thirdparty.io.netty.channel.socket.nio.NioSocketChannel.doFinishConnect(NioSocketChannel.java:327)
	at org.apache.ratis.thirdparty.io.netty.channel.nio.AbstractNioChannel$AbstractNioUnsafe.finishConnect(AbstractNioChannel.java:340)
	at org.apache.ratis.thirdparty.io.netty.channel.nio.NioEventLoop.processSelectedKey(NioEventLoop.java:632)
	at org.apache.ratis.thirdparty.io.netty.channel.nio.NioEventLoop.processSelectedKeysOptimized(NioEventLoop.java:579)
	at org.apache.ratis.thirdparty.io.netty.channel.nio.NioEventLoop.processSelectedKeys(NioEventLoop.java:496)
	at org.apache.ratis.thirdparty.io.netty.channel.nio.NioEventLoop.run(NioEventLoop.java:458)
	at org.apache.ratis.thirdparty.io.netty.util.concurrent.SingleThreadEventExecutor$5.run(SingleThreadEventExecutor.java:897)
	at org.apache.ratis.thirdparty.io.netty.util.concurrent.FastThreadLocalRunnable.run(FastThreadLocalRunnable.java:30)
	... 1 more
Caused by: java.net.ConnectException: Connection refused
	... 11 more
2019-10-22 00:13:20,256 [2fdb3e93-e0d8-400e-8c33-91e2341b50c6@group-F01152B53F91-LeaderElection229] INFO  impl.LeaderElection (LogUtils.java:infoOrTrace(149)) -   Exception 1: {}
java.util.concurrent.ExecutionException: org.apache.ratis.thirdparty.io.grpc.StatusRuntimeException: UNAVAILABLE: io exception
	at java.util.concurrent.FutureTask.report(FutureTask.java:122)
	at java.util.concurrent.FutureTask.get(FutureTask.java:192)
	at org.apache.ratis.server.impl.LeaderElection.waitForResults(LeaderElection.java:259)
	at org.apache.ratis.server.impl.LeaderElection.askForVotes(LeaderElection.java:197)
	at org.apache.ratis.server.impl.LeaderElection.run(LeaderElection.java:133)
	at java.lang.Thread.run(Thread.java:748)
Caused by: org.apache.ratis.thirdparty.io.grpc.StatusRuntimeException: UNAVAILABLE: io exception
	at org.apache.ratis.thirdparty.io.grpc.stub.ClientCalls.toStatusRuntimeException(ClientCalls.java:233)
	at org.apache.ratis.thirdparty.io.grpc.stub.ClientCalls.getUnchecked(ClientCalls.java:214)
	at org.apache.ratis.thirdparty.io.grpc.stub.ClientCalls.blockingUnaryCall(ClientCalls.java:139)
	at org.apache.ratis.proto.grpc.RaftServerProtocolServiceGrpc$RaftServerProtocolServiceBlockingStub.requestVote(RaftServerProtocolServiceGrpc.java:265)
	at org.apache.ratis.grpc.server.GrpcServerProtocolClient.requestVote(GrpcServerProtocolClient.java:99)
	at org.apache.ratis.grpc.server.GrpcService.requestVote(GrpcService.java:204)
	at org.apache.ratis.server.impl.LeaderElection.lambda$submitRequests$1(LeaderElection.java:234)
	at java.util.concurrent.FutureTask.run(FutureTask.java:266)
	at java.util.concurrent.Executors$RunnableAdapter.call(Executors.java:511)
	at java.util.concurrent.FutureTask.run(FutureTask.java:266)
	at java.util.concurrent.ThreadPoolExecutor.runWorker(ThreadPoolExecutor.java:1149)
	at java.util.concurrent.ThreadPoolExecutor$Worker.run(ThreadPoolExecutor.java:624)
	... 1 more
Caused by: org.apache.ratis.thirdparty.io.netty.channel.AbstractChannel$AnnotatedConnectException: Connection refused: /192.168.157.254:36038
	at sun.nio.ch.SocketChannelImpl.checkConnect(Native Method)
	at sun.nio.ch.SocketChannelImpl.finishConnect(SocketChannelImpl.java:717)
	at org.apache.ratis.thirdparty.io.netty.channel.socket.nio.NioSocketChannel.doFinishConnect(NioSocketChannel.java:327)
	at org.apache.ratis.thirdparty.io.netty.channel.nio.AbstractNioChannel$AbstractNioUnsafe.finishConnect(AbstractNioChannel.java:340)
	at org.apache.ratis.thirdparty.io.netty.channel.nio.NioEventLoop.processSelectedKey(NioEventLoop.java:632)
	at org.apache.ratis.thirdparty.io.netty.channel.nio.NioEventLoop.processSelectedKeysOptimized(NioEventLoop.java:579)
	at org.apache.ratis.thirdparty.io.netty.channel.nio.NioEventLoop.processSelectedKeys(NioEventLoop.java:496)
	at org.apache.ratis.thirdparty.io.netty.channel.nio.NioEventLoop.run(NioEventLoop.java:458)
	at org.apache.ratis.thirdparty.io.netty.util.concurrent.SingleThreadEventExecutor$5.run(SingleThreadEventExecutor.java:897)
	at org.apache.ratis.thirdparty.io.netty.util.concurrent.FastThreadLocalRunnable.run(FastThreadLocalRunnable.java:30)
	... 1 more
Caused by: java.net.ConnectException: Connection refused
	... 11 more
2019-10-22 00:13:20,256 [2fdb3e93-e0d8-400e-8c33-91e2341b50c6@group-F01152B53F91-LeaderElection229] INFO  impl.RaftServerImpl (RaftServerImpl.java:setRole(184)) - 2fdb3e93-e0d8-400e-8c33-91e2341b50c6@group-F01152B53F91: changes role from CANDIDATE to FOLLOWER at term 228 for DISCOVERED_A_NEW_TERM
2019-10-22 00:13:20,256 [2fdb3e93-e0d8-400e-8c33-91e2341b50c6@group-F01152B53F91-LeaderElection229] INFO  impl.RoleInfo (RoleInfo.java:shutdownLeaderElection(134)) - 2fdb3e93-e0d8-400e-8c33-91e2341b50c6: shutdown LeaderElection
2019-10-22 00:13:20,257 [2fdb3e93-e0d8-400e-8c33-91e2341b50c6@group-F01152B53F91-LeaderElection229] INFO  impl.RoleInfo (RoleInfo.java:updateAndGet(143)) - 2fdb3e93-e0d8-400e-8c33-91e2341b50c6: start FollowerState
2019-10-22 00:13:20,268 [Thread-1954] INFO  impl.FollowerState (FollowerState.java:run(108)) - 2fdb3e93-e0d8-400e-8c33-91e2341b50c6@group-F01152B53F91-FollowerState: change to CANDIDATE, lastRpcTime:11ms, electionTimeout:11ms
2019-10-22 00:13:20,268 [Thread-1954] INFO  impl.RoleInfo (RoleInfo.java:shutdownFollowerState(121)) - 2fdb3e93-e0d8-400e-8c33-91e2341b50c6: shutdown FollowerState
2019-10-22 00:13:20,268 [Thread-1954] INFO  impl.RaftServerImpl (RaftServerImpl.java:setRole(184)) - 2fdb3e93-e0d8-400e-8c33-91e2341b50c6@group-F01152B53F91: changes role from  FOLLOWER to CANDIDATE at term 228 for changeToCandidate
2019-10-22 00:13:20,268 [Thread-1954] INFO  impl.RoleInfo (RoleInfo.java:updateAndGet(143)) - 2fdb3e93-e0d8-400e-8c33-91e2341b50c6: start LeaderElection
2019-10-22 00:13:20,272 [2fdb3e93-e0d8-400e-8c33-91e2341b50c6@group-F01152B53F91-LeaderElection230] INFO  impl.LeaderElection (LeaderElection.java:askForVotes(178)) - 2fdb3e93-e0d8-400e-8c33-91e2341b50c6@group-F01152B53F91-LeaderElection230: begin an election at term 229 for -1: [2fdb3e93-e0d8-400e-8c33-91e2341b50c6:192.168.157.254:43254, 062c71de-08d9-40ee-9309-15590e2e8e68:192.168.157.254:45598, 2a52019e-5647-44e1-bf30-9a43fd8a7377:192.168.157.254:36038], old=null
2019-10-22 00:13:20,273 [2fdb3e93-e0d8-400e-8c33-91e2341b50c6@group-F01152B53F91-LeaderElection230] INFO  impl.LeaderElection (LogUtils.java:infoOrTrace(149)) - 2fdb3e93-e0d8-400e-8c33-91e2341b50c6@group-F01152B53F91-LeaderElection230 got exception when requesting votes: {}
java.util.concurrent.ExecutionException: org.apache.ratis.thirdparty.io.grpc.StatusRuntimeException: UNAVAILABLE: io exception
	at java.util.concurrent.FutureTask.report(FutureTask.java:122)
	at java.util.concurrent.FutureTask.get(FutureTask.java:192)
	at org.apache.ratis.server.impl.LeaderElection.waitForResults(LeaderElection.java:259)
	at org.apache.ratis.server.impl.LeaderElection.askForVotes(LeaderElection.java:197)
	at org.apache.ratis.server.impl.LeaderElection.run(LeaderElection.java:133)
	at java.lang.Thread.run(Thread.java:748)
Caused by: org.apache.ratis.thirdparty.io.grpc.StatusRuntimeException: UNAVAILABLE: io exception
	at org.apache.ratis.thirdparty.io.grpc.stub.ClientCalls.toStatusRuntimeException(ClientCalls.java:233)
	at org.apache.ratis.thirdparty.io.grpc.stub.ClientCalls.getUnchecked(ClientCalls.java:214)
	at org.apache.ratis.thirdparty.io.grpc.stub.ClientCalls.blockingUnaryCall(ClientCalls.java:139)
	at org.apache.ratis.proto.grpc.RaftServerProtocolServiceGrpc$RaftServerProtocolServiceBlockingStub.requestVote(RaftServerProtocolServiceGrpc.java:265)
	at org.apache.ratis.grpc.server.GrpcServerProtocolClient.requestVote(GrpcServerProtocolClient.java:99)
	at org.apache.ratis.grpc.server.GrpcService.requestVote(GrpcService.java:204)
	at org.apache.ratis.server.impl.LeaderElection.lambda$submitRequests$1(LeaderElection.java:234)
	at java.util.concurrent.FutureTask.run(FutureTask.java:266)
	at java.util.concurrent.Executors$RunnableAdapter.call(Executors.java:511)
	at java.util.concurrent.FutureTask.run(FutureTask.java:266)
	at java.util.concurrent.ThreadPoolExecutor.runWorker(ThreadPoolExecutor.java:1149)
	at java.util.concurrent.ThreadPoolExecutor$Worker.run(ThreadPoolExecutor.java:624)
	... 1 more
Caused by: org.apache.ratis.thirdparty.io.netty.channel.AbstractChannel$AnnotatedConnectException: Connection refused: /192.168.157.254:45598
	at sun.nio.ch.SocketChannelImpl.checkConnect(Native Method)
	at sun.nio.ch.SocketChannelImpl.finishConnect(SocketChannelImpl.java:717)
	at org.apache.ratis.thirdparty.io.netty.channel.socket.nio.NioSocketChannel.doFinishConnect(NioSocketChannel.java:327)
	at org.apache.ratis.thirdparty.io.netty.channel.nio.AbstractNioChannel$AbstractNioUnsafe.finishConnect(AbstractNioChannel.java:340)
	at org.apache.ratis.thirdparty.io.netty.channel.nio.NioEventLoop.processSelectedKey(NioEventLoop.java:632)
	at org.apache.ratis.thirdparty.io.netty.channel.nio.NioEventLoop.processSelectedKeysOptimized(NioEventLoop.java:579)
	at org.apache.ratis.thirdparty.io.netty.channel.nio.NioEventLoop.processSelectedKeys(NioEventLoop.java:496)
	at org.apache.ratis.thirdparty.io.netty.channel.nio.NioEventLoop.run(NioEventLoop.java:458)
	at org.apache.ratis.thirdparty.io.netty.util.concurrent.SingleThreadEventExecutor$5.run(SingleThreadEventExecutor.java:897)
	at org.apache.ratis.thirdparty.io.netty.util.concurrent.FastThreadLocalRunnable.run(FastThreadLocalRunnable.java:30)
	... 1 more
Caused by: java.net.ConnectException: Connection refused
	... 11 more
2019-10-22 00:13:20,273 [2fdb3e93-e0d8-400e-8c33-91e2341b50c6@group-F01152B53F91-LeaderElection230] INFO  impl.LeaderElection (LogUtils.java:infoOrTrace(149)) - 2fdb3e93-e0d8-400e-8c33-91e2341b50c6@group-F01152B53F91-LeaderElection230 got exception when requesting votes: {}
java.util.concurrent.ExecutionException: org.apache.ratis.thirdparty.io.grpc.StatusRuntimeException: UNAVAILABLE: io exception
	at java.util.concurrent.FutureTask.report(FutureTask.java:122)
	at java.util.concurrent.FutureTask.get(FutureTask.java:192)
	at org.apache.ratis.server.impl.LeaderElection.waitForResults(LeaderElection.java:259)
	at org.apache.ratis.server.impl.LeaderElection.askForVotes(LeaderElection.java:197)
	at org.apache.ratis.server.impl.LeaderElection.run(LeaderElection.java:133)
	at java.lang.Thread.run(Thread.java:748)
Caused by: org.apache.ratis.thirdparty.io.grpc.StatusRuntimeException: UNAVAILABLE: io exception
	at org.apache.ratis.thirdparty.io.grpc.stub.ClientCalls.toStatusRuntimeException(ClientCalls.java:233)
	at org.apache.ratis.thirdparty.io.grpc.stub.ClientCalls.getUnchecked(ClientCalls.java:214)
	at org.apache.ratis.thirdparty.io.grpc.stub.ClientCalls.blockingUnaryCall(ClientCalls.java:139)
	at org.apache.ratis.proto.grpc.RaftServerProtocolServiceGrpc$RaftServerProtocolServiceBlockingStub.requestVote(RaftServerProtocolServiceGrpc.java:265)
	at org.apache.ratis.grpc.server.GrpcServerProtocolClient.requestVote(GrpcServerProtocolClient.java:99)
	at org.apache.ratis.grpc.server.GrpcService.requestVote(GrpcService.java:204)
	at org.apache.ratis.server.impl.LeaderElection.lambda$submitRequests$1(LeaderElection.java:234)
	at java.util.concurrent.FutureTask.run(FutureTask.java:266)
	at java.util.concurrent.Executors$RunnableAdapter.call(Executors.java:511)
	at java.util.concurrent.FutureTask.run(FutureTask.java:266)
	at java.util.concurrent.ThreadPoolExecutor.runWorker(ThreadPoolExecutor.java:1149)
	at java.util.concurrent.ThreadPoolExecutor$Worker.run(ThreadPoolExecutor.java:624)
	... 1 more
Caused by: org.apache.ratis.thirdparty.io.netty.channel.AbstractChannel$AnnotatedConnectException: Connection refused: /192.168.157.254:36038
	at sun.nio.ch.SocketChannelImpl.checkConnect(Native Method)
	at sun.nio.ch.SocketChannelImpl.finishConnect(SocketChannelImpl.java:717)
	at org.apache.ratis.thirdparty.io.netty.channel.socket.nio.NioSocketChannel.doFinishConnect(NioSocketChannel.java:327)
	at org.apache.ratis.thirdparty.io.netty.channel.nio.AbstractNioChannel$AbstractNioUnsafe.finishConnect(AbstractNioChannel.java:340)
	at org.apache.ratis.thirdparty.io.netty.channel.nio.NioEventLoop.processSelectedKey(NioEventLoop.java:632)
	at org.apache.ratis.thirdparty.io.netty.channel.nio.NioEventLoop.processSelectedKeysOptimized(NioEventLoop.java:579)
	at org.apache.ratis.thirdparty.io.netty.channel.nio.NioEventLoop.processSelectedKeys(NioEventLoop.java:496)
	at org.apache.ratis.thirdparty.io.netty.channel.nio.NioEventLoop.run(NioEventLoop.java:458)
	at org.apache.ratis.thirdparty.io.netty.util.concurrent.SingleThreadEventExecutor$5.run(SingleThreadEventExecutor.java:897)
	at org.apache.ratis.thirdparty.io.netty.util.concurrent.FastThreadLocalRunnable.run(FastThreadLocalRunnable.java:30)
	... 1 more
Caused by: java.net.ConnectException: Connection refused
	... 11 more
2019-10-22 00:13:20,274 [2fdb3e93-e0d8-400e-8c33-91e2341b50c6@group-F01152B53F91-LeaderElection230] INFO  impl.LeaderElection (LeaderElection.java:logAndReturn(56)) - 2fdb3e93-e0d8-400e-8c33-91e2341b50c6@group-F01152B53F91-LeaderElection230: Election REJECTED; received 0 response(s) [] and 2 exception(s); 2fdb3e93-e0d8-400e-8c33-91e2341b50c6@group-F01152B53F91:t229, leader=null, voted=2fdb3e93-e0d8-400e-8c33-91e2341b50c6, raftlog=2fdb3e93-e0d8-400e-8c33-91e2341b50c6@group-F01152B53F91-SegmentedRaftLog:OPENED:c-1,f-1,i0, conf=-1: [2fdb3e93-e0d8-400e-8c33-91e2341b50c6:192.168.157.254:43254, 062c71de-08d9-40ee-9309-15590e2e8e68:192.168.157.254:45598, 2a52019e-5647-44e1-bf30-9a43fd8a7377:192.168.157.254:36038], old=null
2019-10-22 00:13:20,274 [2fdb3e93-e0d8-400e-8c33-91e2341b50c6@group-F01152B53F91-LeaderElection230] INFO  impl.LeaderElection (LogUtils.java:infoOrTrace(149)) -   Exception 0: {}
java.util.concurrent.ExecutionException: org.apache.ratis.thirdparty.io.grpc.StatusRuntimeException: UNAVAILABLE: io exception
	at java.util.concurrent.FutureTask.report(FutureTask.java:122)
	at java.util.concurrent.FutureTask.get(FutureTask.java:192)
	at org.apache.ratis.server.impl.LeaderElection.waitForResults(LeaderElection.java:259)
	at org.apache.ratis.server.impl.LeaderElection.askForVotes(LeaderElection.java:197)
	at org.apache.ratis.server.impl.LeaderElection.run(LeaderElection.java:133)
	at java.lang.Thread.run(Thread.java:748)
Caused by: org.apache.ratis.thirdparty.io.grpc.StatusRuntimeException: UNAVAILABLE: io exception
	at org.apache.ratis.thirdparty.io.grpc.stub.ClientCalls.toStatusRuntimeException(ClientCalls.java:233)
	at org.apache.ratis.thirdparty.io.grpc.stub.ClientCalls.getUnchecked(ClientCalls.java:214)
	at org.apache.ratis.thirdparty.io.grpc.stub.ClientCalls.blockingUnaryCall(ClientCalls.java:139)
	at org.apache.ratis.proto.grpc.RaftServerProtocolServiceGrpc$RaftServerProtocolServiceBlockingStub.requestVote(RaftServerProtocolServiceGrpc.java:265)
	at org.apache.ratis.grpc.server.GrpcServerProtocolClient.requestVote(GrpcServerProtocolClient.java:99)
	at org.apache.ratis.grpc.server.GrpcService.requestVote(GrpcService.java:204)
	at org.apache.ratis.server.impl.LeaderElection.lambda$submitRequests$1(LeaderElection.java:234)
	at java.util.concurrent.FutureTask.run(FutureTask.java:266)
	at java.util.concurrent.Executors$RunnableAdapter.call(Executors.java:511)
	at java.util.concurrent.FutureTask.run(FutureTask.java:266)
	at java.util.concurrent.ThreadPoolExecutor.runWorker(ThreadPoolExecutor.java:1149)
	at java.util.concurrent.ThreadPoolExecutor$Worker.run(ThreadPoolExecutor.java:624)
	... 1 more
Caused by: org.apache.ratis.thirdparty.io.netty.channel.AbstractChannel$AnnotatedConnectException: Connection refused: /192.168.157.254:45598
	at sun.nio.ch.SocketChannelImpl.checkConnect(Native Method)
	at sun.nio.ch.SocketChannelImpl.finishConnect(SocketChannelImpl.java:717)
	at org.apache.ratis.thirdparty.io.netty.channel.socket.nio.NioSocketChannel.doFinishConnect(NioSocketChannel.java:327)
	at org.apache.ratis.thirdparty.io.netty.channel.nio.AbstractNioChannel$AbstractNioUnsafe.finishConnect(AbstractNioChannel.java:340)
	at org.apache.ratis.thirdparty.io.netty.channel.nio.NioEventLoop.processSelectedKey(NioEventLoop.java:632)
	at org.apache.ratis.thirdparty.io.netty.channel.nio.NioEventLoop.processSelectedKeysOptimized(NioEventLoop.java:579)
	at org.apache.ratis.thirdparty.io.netty.channel.nio.NioEventLoop.processSelectedKeys(NioEventLoop.java:496)
	at org.apache.ratis.thirdparty.io.netty.channel.nio.NioEventLoop.run(NioEventLoop.java:458)
	at org.apache.ratis.thirdparty.io.netty.util.concurrent.SingleThreadEventExecutor$5.run(SingleThreadEventExecutor.java:897)
	at org.apache.ratis.thirdparty.io.netty.util.concurrent.FastThreadLocalRunnable.run(FastThreadLocalRunnable.java:30)
	... 1 more
Caused by: java.net.ConnectException: Connection refused
	... 11 more
2019-10-22 00:13:20,274 [2fdb3e93-e0d8-400e-8c33-91e2341b50c6@group-F01152B53F91-LeaderElection230] INFO  impl.LeaderElection (LogUtils.java:infoOrTrace(149)) -   Exception 1: {}
java.util.concurrent.ExecutionException: org.apache.ratis.thirdparty.io.grpc.StatusRuntimeException: UNAVAILABLE: io exception
	at java.util.concurrent.FutureTask.report(FutureTask.java:122)
	at java.util.concurrent.FutureTask.get(FutureTask.java:192)
	at org.apache.ratis.server.impl.LeaderElection.waitForResults(LeaderElection.java:259)
	at org.apache.ratis.server.impl.LeaderElection.askForVotes(LeaderElection.java:197)
	at org.apache.ratis.server.impl.LeaderElection.run(LeaderElection.java:133)
	at java.lang.Thread.run(Thread.java:748)
Caused by: org.apache.ratis.thirdparty.io.grpc.StatusRuntimeException: UNAVAILABLE: io exception
	at org.apache.ratis.thirdparty.io.grpc.stub.ClientCalls.toStatusRuntimeException(ClientCalls.java:233)
	at org.apache.ratis.thirdparty.io.grpc.stub.ClientCalls.getUnchecked(ClientCalls.java:214)
	at org.apache.ratis.thirdparty.io.grpc.stub.ClientCalls.blockingUnaryCall(ClientCalls.java:139)
	at org.apache.ratis.proto.grpc.RaftServerProtocolServiceGrpc$RaftServerProtocolServiceBlockingStub.requestVote(RaftServerProtocolServiceGrpc.java:265)
	at org.apache.ratis.grpc.server.GrpcServerProtocolClient.requestVote(GrpcServerProtocolClient.java:99)
	at org.apache.ratis.grpc.server.GrpcService.requestVote(GrpcService.java:204)
	at org.apache.ratis.server.impl.LeaderElection.lambda$submitRequests$1(LeaderElection.java:234)
	at java.util.concurrent.FutureTask.run(FutureTask.java:266)
	at java.util.concurrent.Executors$RunnableAdapter.call(Executors.java:511)
	at java.util.concurrent.FutureTask.run(FutureTask.java:266)
	at java.util.concurrent.ThreadPoolExecutor.runWorker(ThreadPoolExecutor.java:1149)
	at java.util.concurrent.ThreadPoolExecutor$Worker.run(ThreadPoolExecutor.java:624)
	... 1 more
Caused by: org.apache.ratis.thirdparty.io.netty.channel.AbstractChannel$AnnotatedConnectException: Connection refused: /192.168.157.254:36038
	at sun.nio.ch.SocketChannelImpl.checkConnect(Native Method)
	at sun.nio.ch.SocketChannelImpl.finishConnect(SocketChannelImpl.java:717)
	at org.apache.ratis.thirdparty.io.netty.channel.socket.nio.NioSocketChannel.doFinishConnect(NioSocketChannel.java:327)
	at org.apache.ratis.thirdparty.io.netty.channel.nio.AbstractNioChannel$AbstractNioUnsafe.finishConnect(AbstractNioChannel.java:340)
	at org.apache.ratis.thirdparty.io.netty.channel.nio.NioEventLoop.processSelectedKey(NioEventLoop.java:632)
	at org.apache.ratis.thirdparty.io.netty.channel.nio.NioEventLoop.processSelectedKeysOptimized(NioEventLoop.java:579)
	at org.apache.ratis.thirdparty.io.netty.channel.nio.NioEventLoop.processSelectedKeys(NioEventLoop.java:496)
	at org.apache.ratis.thirdparty.io.netty.channel.nio.NioEventLoop.run(NioEventLoop.java:458)
	at org.apache.ratis.thirdparty.io.netty.util.concurrent.SingleThreadEventExecutor$5.run(SingleThreadEventExecutor.java:897)
	at org.apache.ratis.thirdparty.io.netty.util.concurrent.FastThreadLocalRunnable.run(FastThreadLocalRunnable.java:30)
	... 1 more
Caused by: java.net.ConnectException: Connection refused
	... 11 more
2019-10-22 00:13:20,274 [2fdb3e93-e0d8-400e-8c33-91e2341b50c6@group-F01152B53F91-LeaderElection230] INFO  impl.RaftServerImpl (RaftServerImpl.java:setRole(184)) - 2fdb3e93-e0d8-400e-8c33-91e2341b50c6@group-F01152B53F91: changes role from CANDIDATE to FOLLOWER at term 229 for DISCOVERED_A_NEW_TERM
2019-10-22 00:13:20,274 [2fdb3e93-e0d8-400e-8c33-91e2341b50c6@group-F01152B53F91-LeaderElection230] INFO  impl.RoleInfo (RoleInfo.java:shutdownLeaderElection(134)) - 2fdb3e93-e0d8-400e-8c33-91e2341b50c6: shutdown LeaderElection
2019-10-22 00:13:20,274 [2fdb3e93-e0d8-400e-8c33-91e2341b50c6@group-F01152B53F91-LeaderElection230] INFO  impl.RoleInfo (RoleInfo.java:updateAndGet(143)) - 2fdb3e93-e0d8-400e-8c33-91e2341b50c6: start FollowerState
2019-10-22 00:13:20,299 [java.util.concurrent.ThreadPoolExecutor$Worker@c41ae0f[State = -1, empty queue]] WARN  server.GrpcLogAppender (GrpcLogAppender.java:timeoutAppendRequest(209)) - fad63ceb-ed14-4322-905d-6ef3599ac734@group-0045C62F497D->5732e052-e19f-40fe-a104-972211db20fb-GrpcLogAppender: appendEntries Timeout, request=fad63ceb-ed14-4322-905d-6ef3599ac734->5732e052-e19f-40fe-a104-972211db20fb#51-t1, previous=(t:1, i:0), leaderCommit=0, initializing? false, entries: <empty>
2019-10-22 00:13:20,447 [Thread-1958] INFO  impl.FollowerState (FollowerState.java:run(108)) - 2fdb3e93-e0d8-400e-8c33-91e2341b50c6@group-F01152B53F91-FollowerState: change to CANDIDATE, lastRpcTime:172ms, electionTimeout:172ms
2019-10-22 00:13:20,447 [Thread-1958] INFO  impl.RoleInfo (RoleInfo.java:shutdownFollowerState(121)) - 2fdb3e93-e0d8-400e-8c33-91e2341b50c6: shutdown FollowerState
2019-10-22 00:13:20,447 [Thread-1958] INFO  impl.RaftServerImpl (RaftServerImpl.java:setRole(184)) - 2fdb3e93-e0d8-400e-8c33-91e2341b50c6@group-F01152B53F91: changes role from  FOLLOWER to CANDIDATE at term 229 for changeToCandidate
2019-10-22 00:13:20,447 [Thread-1958] INFO  impl.RoleInfo (RoleInfo.java:updateAndGet(143)) - 2fdb3e93-e0d8-400e-8c33-91e2341b50c6: start LeaderElection
2019-10-22 00:13:20,453 [2fdb3e93-e0d8-400e-8c33-91e2341b50c6@group-F01152B53F91-LeaderElection231] INFO  impl.LeaderElection (LeaderElection.java:askForVotes(178)) - 2fdb3e93-e0d8-400e-8c33-91e2341b50c6@group-F01152B53F91-LeaderElection231: begin an election at term 230 for -1: [2fdb3e93-e0d8-400e-8c33-91e2341b50c6:192.168.157.254:43254, 062c71de-08d9-40ee-9309-15590e2e8e68:192.168.157.254:45598, 2a52019e-5647-44e1-bf30-9a43fd8a7377:192.168.157.254:36038], old=null
2019-10-22 00:13:20,453 [2fdb3e93-e0d8-400e-8c33-91e2341b50c6@group-F01152B53F91-LeaderElection231] INFO  impl.LeaderElection (LogUtils.java:infoOrTrace(149)) - 2fdb3e93-e0d8-400e-8c33-91e2341b50c6@group-F01152B53F91-LeaderElection231 got exception when requesting votes: {}
java.util.concurrent.ExecutionException: org.apache.ratis.thirdparty.io.grpc.StatusRuntimeException: UNAVAILABLE: io exception
	at java.util.concurrent.FutureTask.report(FutureTask.java:122)
	at java.util.concurrent.FutureTask.get(FutureTask.java:192)
	at org.apache.ratis.server.impl.LeaderElection.waitForResults(LeaderElection.java:259)
	at org.apache.ratis.server.impl.LeaderElection.askForVotes(LeaderElection.java:197)
	at org.apache.ratis.server.impl.LeaderElection.run(LeaderElection.java:133)
	at java.lang.Thread.run(Thread.java:748)
Caused by: org.apache.ratis.thirdparty.io.grpc.StatusRuntimeException: UNAVAILABLE: io exception
	at org.apache.ratis.thirdparty.io.grpc.stub.ClientCalls.toStatusRuntimeException(ClientCalls.java:233)
	at org.apache.ratis.thirdparty.io.grpc.stub.ClientCalls.getUnchecked(ClientCalls.java:214)
	at org.apache.ratis.thirdparty.io.grpc.stub.ClientCalls.blockingUnaryCall(ClientCalls.java:139)
	at org.apache.ratis.proto.grpc.RaftServerProtocolServiceGrpc$RaftServerProtocolServiceBlockingStub.requestVote(RaftServerProtocolServiceGrpc.java:265)
	at org.apache.ratis.grpc.server.GrpcServerProtocolClient.requestVote(GrpcServerProtocolClient.java:99)
	at org.apache.ratis.grpc.server.GrpcService.requestVote(GrpcService.java:204)
	at org.apache.ratis.server.impl.LeaderElection.lambda$submitRequests$1(LeaderElection.java:234)
	at java.util.concurrent.FutureTask.run(FutureTask.java:266)
	at java.util.concurrent.Executors$RunnableAdapter.call(Executors.java:511)
	at java.util.concurrent.FutureTask.run(FutureTask.java:266)
	at java.util.concurrent.ThreadPoolExecutor.runWorker(ThreadPoolExecutor.java:1149)
	at java.util.concurrent.ThreadPoolExecutor$Worker.run(ThreadPoolExecutor.java:624)
	... 1 more
Caused by: org.apache.ratis.thirdparty.io.netty.channel.AbstractChannel$AnnotatedConnectException: Connection refused: /192.168.157.254:45598
	at sun.nio.ch.SocketChannelImpl.checkConnect(Native Method)
	at sun.nio.ch.SocketChannelImpl.finishConnect(SocketChannelImpl.java:717)
	at org.apache.ratis.thirdparty.io.netty.channel.socket.nio.NioSocketChannel.doFinishConnect(NioSocketChannel.java:327)
	at org.apache.ratis.thirdparty.io.netty.channel.nio.AbstractNioChannel$AbstractNioUnsafe.finishConnect(AbstractNioChannel.java:340)
	at org.apache.ratis.thirdparty.io.netty.channel.nio.NioEventLoop.processSelectedKey(NioEventLoop.java:632)
	at org.apache.ratis.thirdparty.io.netty.channel.nio.NioEventLoop.processSelectedKeysOptimized(NioEventLoop.java:579)
	at org.apache.ratis.thirdparty.io.netty.channel.nio.NioEventLoop.processSelectedKeys(NioEventLoop.java:496)
	at org.apache.ratis.thirdparty.io.netty.channel.nio.NioEventLoop.run(NioEventLoop.java:458)
	at org.apache.ratis.thirdparty.io.netty.util.concurrent.SingleThreadEventExecutor$5.run(SingleThreadEventExecutor.java:897)
	at org.apache.ratis.thirdparty.io.netty.util.concurrent.FastThreadLocalRunnable.run(FastThreadLocalRunnable.java:30)
	... 1 more
Caused by: java.net.ConnectException: Connection refused
	... 11 more
2019-10-22 00:13:20,454 [2fdb3e93-e0d8-400e-8c33-91e2341b50c6@group-F01152B53F91-LeaderElection231] INFO  impl.LeaderElection (LogUtils.java:infoOrTrace(149)) - 2fdb3e93-e0d8-400e-8c33-91e2341b50c6@group-F01152B53F91-LeaderElection231 got exception when requesting votes: {}
java.util.concurrent.ExecutionException: org.apache.ratis.thirdparty.io.grpc.StatusRuntimeException: UNAVAILABLE: io exception
	at java.util.concurrent.FutureTask.report(FutureTask.java:122)
	at java.util.concurrent.FutureTask.get(FutureTask.java:192)
	at org.apache.ratis.server.impl.LeaderElection.waitForResults(LeaderElection.java:259)
	at org.apache.ratis.server.impl.LeaderElection.askForVotes(LeaderElection.java:197)
	at org.apache.ratis.server.impl.LeaderElection.run(LeaderElection.java:133)
	at java.lang.Thread.run(Thread.java:748)
Caused by: org.apache.ratis.thirdparty.io.grpc.StatusRuntimeException: UNAVAILABLE: io exception
	at org.apache.ratis.thirdparty.io.grpc.stub.ClientCalls.toStatusRuntimeException(ClientCalls.java:233)
	at org.apache.ratis.thirdparty.io.grpc.stub.ClientCalls.getUnchecked(ClientCalls.java:214)
	at org.apache.ratis.thirdparty.io.grpc.stub.ClientCalls.blockingUnaryCall(ClientCalls.java:139)
	at org.apache.ratis.proto.grpc.RaftServerProtocolServiceGrpc$RaftServerProtocolServiceBlockingStub.requestVote(RaftServerProtocolServiceGrpc.java:265)
	at org.apache.ratis.grpc.server.GrpcServerProtocolClient.requestVote(GrpcServerProtocolClient.java:99)
	at org.apache.ratis.grpc.server.GrpcService.requestVote(GrpcService.java:204)
	at org.apache.ratis.server.impl.LeaderElection.lambda$submitRequests$1(LeaderElection.java:234)
	at java.util.concurrent.FutureTask.run(FutureTask.java:266)
	at java.util.concurrent.Executors$RunnableAdapter.call(Executors.java:511)
	at java.util.concurrent.FutureTask.run(FutureTask.java:266)
	at java.util.concurrent.ThreadPoolExecutor.runWorker(ThreadPoolExecutor.java:1149)
	at java.util.concurrent.ThreadPoolExecutor$Worker.run(ThreadPoolExecutor.java:624)
	... 1 more
Caused by: org.apache.ratis.thirdparty.io.netty.channel.AbstractChannel$AnnotatedConnectException: Connection refused: /192.168.157.254:36038
	at sun.nio.ch.SocketChannelImpl.checkConnect(Native Method)
	at sun.nio.ch.SocketChannelImpl.finishConnect(SocketChannelImpl.java:717)
	at org.apache.ratis.thirdparty.io.netty.channel.socket.nio.NioSocketChannel.doFinishConnect(NioSocketChannel.java:327)
	at org.apache.ratis.thirdparty.io.netty.channel.nio.AbstractNioChannel$AbstractNioUnsafe.finishConnect(AbstractNioChannel.java:340)
	at org.apache.ratis.thirdparty.io.netty.channel.nio.NioEventLoop.processSelectedKey(NioEventLoop.java:632)
	at org.apache.ratis.thirdparty.io.netty.channel.nio.NioEventLoop.processSelectedKeysOptimized(NioEventLoop.java:579)
	at org.apache.ratis.thirdparty.io.netty.channel.nio.NioEventLoop.processSelectedKeys(NioEventLoop.java:496)
	at org.apache.ratis.thirdparty.io.netty.channel.nio.NioEventLoop.run(NioEventLoop.java:458)
	at org.apache.ratis.thirdparty.io.netty.util.concurrent.SingleThreadEventExecutor$5.run(SingleThreadEventExecutor.java:897)
	at org.apache.ratis.thirdparty.io.netty.util.concurrent.FastThreadLocalRunnable.run(FastThreadLocalRunnable.java:30)
	... 1 more
Caused by: java.net.ConnectException: Connection refused
	... 11 more
2019-10-22 00:13:20,455 [2fdb3e93-e0d8-400e-8c33-91e2341b50c6@group-F01152B53F91-LeaderElection231] INFO  impl.LeaderElection (LeaderElection.java:logAndReturn(56)) - 2fdb3e93-e0d8-400e-8c33-91e2341b50c6@group-F01152B53F91-LeaderElection231: Election REJECTED; received 0 response(s) [] and 2 exception(s); 2fdb3e93-e0d8-400e-8c33-91e2341b50c6@group-F01152B53F91:t230, leader=null, voted=2fdb3e93-e0d8-400e-8c33-91e2341b50c6, raftlog=2fdb3e93-e0d8-400e-8c33-91e2341b50c6@group-F01152B53F91-SegmentedRaftLog:OPENED:c-1,f-1,i0, conf=-1: [2fdb3e93-e0d8-400e-8c33-91e2341b50c6:192.168.157.254:43254, 062c71de-08d9-40ee-9309-15590e2e8e68:192.168.157.254:45598, 2a52019e-5647-44e1-bf30-9a43fd8a7377:192.168.157.254:36038], old=null
2019-10-22 00:13:20,455 [2fdb3e93-e0d8-400e-8c33-91e2341b50c6@group-F01152B53F91-LeaderElection231] INFO  impl.LeaderElection (LogUtils.java:infoOrTrace(149)) -   Exception 0: {}
java.util.concurrent.ExecutionException: org.apache.ratis.thirdparty.io.grpc.StatusRuntimeException: UNAVAILABLE: io exception
	at java.util.concurrent.FutureTask.report(FutureTask.java:122)
	at java.util.concurrent.FutureTask.get(FutureTask.java:192)
	at org.apache.ratis.server.impl.LeaderElection.waitForResults(LeaderElection.java:259)
	at org.apache.ratis.server.impl.LeaderElection.askForVotes(LeaderElection.java:197)
	at org.apache.ratis.server.impl.LeaderElection.run(LeaderElection.java:133)
	at java.lang.Thread.run(Thread.java:748)
Caused by: org.apache.ratis.thirdparty.io.grpc.StatusRuntimeException: UNAVAILABLE: io exception
	at org.apache.ratis.thirdparty.io.grpc.stub.ClientCalls.toStatusRuntimeException(ClientCalls.java:233)
	at org.apache.ratis.thirdparty.io.grpc.stub.ClientCalls.getUnchecked(ClientCalls.java:214)
	at org.apache.ratis.thirdparty.io.grpc.stub.ClientCalls.blockingUnaryCall(ClientCalls.java:139)
	at org.apache.ratis.proto.grpc.RaftServerProtocolServiceGrpc$RaftServerProtocolServiceBlockingStub.requestVote(RaftServerProtocolServiceGrpc.java:265)
	at org.apache.ratis.grpc.server.GrpcServerProtocolClient.requestVote(GrpcServerProtocolClient.java:99)
	at org.apache.ratis.grpc.server.GrpcService.requestVote(GrpcService.java:204)
	at org.apache.ratis.server.impl.LeaderElection.lambda$submitRequests$1(LeaderElection.java:234)
	at java.util.concurrent.FutureTask.run(FutureTask.java:266)
	at java.util.concurrent.Executors$RunnableAdapter.call(Executors.java:511)
	at java.util.concurrent.FutureTask.run(FutureTask.java:266)
	at java.util.concurrent.ThreadPoolExecutor.runWorker(ThreadPoolExecutor.java:1149)
	at java.util.concurrent.ThreadPoolExecutor$Worker.run(ThreadPoolExecutor.java:624)
	... 1 more
Caused by: org.apache.ratis.thirdparty.io.netty.channel.AbstractChannel$AnnotatedConnectException: Connection refused: /192.168.157.254:45598
	at sun.nio.ch.SocketChannelImpl.checkConnect(Native Method)
	at sun.nio.ch.SocketChannelImpl.finishConnect(SocketChannelImpl.java:717)
	at org.apache.ratis.thirdparty.io.netty.channel.socket.nio.NioSocketChannel.doFinishConnect(NioSocketChannel.java:327)
	at org.apache.ratis.thirdparty.io.netty.channel.nio.AbstractNioChannel$AbstractNioUnsafe.finishConnect(AbstractNioChannel.java:340)
	at org.apache.ratis.thirdparty.io.netty.channel.nio.NioEventLoop.processSelectedKey(NioEventLoop.java:632)
	at org.apache.ratis.thirdparty.io.netty.channel.nio.NioEventLoop.processSelectedKeysOptimized(NioEventLoop.java:579)
	at org.apache.ratis.thirdparty.io.netty.channel.nio.NioEventLoop.processSelectedKeys(NioEventLoop.java:496)
	at org.apache.ratis.thirdparty.io.netty.channel.nio.NioEventLoop.run(NioEventLoop.java:458)
	at org.apache.ratis.thirdparty.io.netty.util.concurrent.SingleThreadEventExecutor$5.run(SingleThreadEventExecutor.java:897)
	at org.apache.ratis.thirdparty.io.netty.util.concurrent.FastThreadLocalRunnable.run(FastThreadLocalRunnable.java:30)
	... 1 more
Caused by: java.net.ConnectException: Connection refused
	... 11 more
2019-10-22 00:13:20,456 [2fdb3e93-e0d8-400e-8c33-91e2341b50c6@group-F01152B53F91-LeaderElection231] INFO  impl.LeaderElection (LogUtils.java:infoOrTrace(149)) -   Exception 1: {}
java.util.concurrent.ExecutionException: org.apache.ratis.thirdparty.io.grpc.StatusRuntimeException: UNAVAILABLE: io exception
	at java.util.concurrent.FutureTask.report(FutureTask.java:122)
	at java.util.concurrent.FutureTask.get(FutureTask.java:192)
	at org.apache.ratis.server.impl.LeaderElection.waitForResults(LeaderElection.java:259)
	at org.apache.ratis.server.impl.LeaderElection.askForVotes(LeaderElection.java:197)
	at org.apache.ratis.server.impl.LeaderElection.run(LeaderElection.java:133)
	at java.lang.Thread.run(Thread.java:748)
Caused by: org.apache.ratis.thirdparty.io.grpc.StatusRuntimeException: UNAVAILABLE: io exception
	at org.apache.ratis.thirdparty.io.grpc.stub.ClientCalls.toStatusRuntimeException(ClientCalls.java:233)
	at org.apache.ratis.thirdparty.io.grpc.stub.ClientCalls.getUnchecked(ClientCalls.java:214)
	at org.apache.ratis.thirdparty.io.grpc.stub.ClientCalls.blockingUnaryCall(ClientCalls.java:139)
	at org.apache.ratis.proto.grpc.RaftServerProtocolServiceGrpc$RaftServerProtocolServiceBlockingStub.requestVote(RaftServerProtocolServiceGrpc.java:265)
	at org.apache.ratis.grpc.server.GrpcServerProtocolClient.requestVote(GrpcServerProtocolClient.java:99)
	at org.apache.ratis.grpc.server.GrpcService.requestVote(GrpcService.java:204)
	at org.apache.ratis.server.impl.LeaderElection.lambda$submitRequests$1(LeaderElection.java:234)
	at java.util.concurrent.FutureTask.run(FutureTask.java:266)
	at java.util.concurrent.Executors$RunnableAdapter.call(Executors.java:511)
	at java.util.concurrent.FutureTask.run(FutureTask.java:266)
	at java.util.concurrent.ThreadPoolExecutor.runWorker(ThreadPoolExecutor.java:1149)
	at java.util.concurrent.ThreadPoolExecutor$Worker.run(ThreadPoolExecutor.java:624)
	... 1 more
Caused by: org.apache.ratis.thirdparty.io.netty.channel.AbstractChannel$AnnotatedConnectException: Connection refused: /192.168.157.254:36038
	at sun.nio.ch.SocketChannelImpl.checkConnect(Native Method)
	at sun.nio.ch.SocketChannelImpl.finishConnect(SocketChannelImpl.java:717)
	at org.apache.ratis.thirdparty.io.netty.channel.socket.nio.NioSocketChannel.doFinishConnect(NioSocketChannel.java:327)
	at org.apache.ratis.thirdparty.io.netty.channel.nio.AbstractNioChannel$AbstractNioUnsafe.finishConnect(AbstractNioChannel.java:340)
	at org.apache.ratis.thirdparty.io.netty.channel.nio.NioEventLoop.processSelectedKey(NioEventLoop.java:632)
	at org.apache.ratis.thirdparty.io.netty.channel.nio.NioEventLoop.processSelectedKeysOptimized(NioEventLoop.java:579)
	at org.apache.ratis.thirdparty.io.netty.channel.nio.NioEventLoop.processSelectedKeys(NioEventLoop.java:496)
	at org.apache.ratis.thirdparty.io.netty.channel.nio.NioEventLoop.run(NioEventLoop.java:458)
	at org.apache.ratis.thirdparty.io.netty.util.concurrent.SingleThreadEventExecutor$5.run(SingleThreadEventExecutor.java:897)
	at org.apache.ratis.thirdparty.io.netty.util.concurrent.FastThreadLocalRunnable.run(FastThreadLocalRunnable.java:30)
	... 1 more
Caused by: java.net.ConnectException: Connection refused
	... 11 more
2019-10-22 00:13:20,456 [2fdb3e93-e0d8-400e-8c33-91e2341b50c6@group-F01152B53F91-LeaderElection231] INFO  impl.RaftServerImpl (RaftServerImpl.java:setRole(184)) - 2fdb3e93-e0d8-400e-8c33-91e2341b50c6@group-F01152B53F91: changes role from CANDIDATE to FOLLOWER at term 230 for DISCOVERED_A_NEW_TERM
2019-10-22 00:13:20,456 [2fdb3e93-e0d8-400e-8c33-91e2341b50c6@group-F01152B53F91-LeaderElection231] INFO  impl.RoleInfo (RoleInfo.java:shutdownLeaderElection(134)) - 2fdb3e93-e0d8-400e-8c33-91e2341b50c6: shutdown LeaderElection
2019-10-22 00:13:20,457 [2fdb3e93-e0d8-400e-8c33-91e2341b50c6@group-F01152B53F91-LeaderElection231] INFO  impl.RoleInfo (RoleInfo.java:updateAndGet(143)) - 2fdb3e93-e0d8-400e-8c33-91e2341b50c6: start FollowerState
2019-10-22 00:13:20,468 [Thread-1962] INFO  impl.FollowerState (FollowerState.java:run(108)) - 2fdb3e93-e0d8-400e-8c33-91e2341b50c6@group-F01152B53F91-FollowerState: change to CANDIDATE, lastRpcTime:11ms, electionTimeout:11ms
2019-10-22 00:13:20,468 [Thread-1962] INFO  impl.RoleInfo (RoleInfo.java:shutdownFollowerState(121)) - 2fdb3e93-e0d8-400e-8c33-91e2341b50c6: shutdown FollowerState
2019-10-22 00:13:20,468 [Thread-1962] INFO  impl.RaftServerImpl (RaftServerImpl.java:setRole(184)) - 2fdb3e93-e0d8-400e-8c33-91e2341b50c6@group-F01152B53F91: changes role from  FOLLOWER to CANDIDATE at term 230 for changeToCandidate
2019-10-22 00:13:20,468 [Thread-1962] INFO  impl.RoleInfo (RoleInfo.java:updateAndGet(143)) - 2fdb3e93-e0d8-400e-8c33-91e2341b50c6: start LeaderElection
2019-10-22 00:13:20,473 [2fdb3e93-e0d8-400e-8c33-91e2341b50c6@group-F01152B53F91-LeaderElection232] INFO  impl.LeaderElection (LeaderElection.java:askForVotes(178)) - 2fdb3e93-e0d8-400e-8c33-91e2341b50c6@group-F01152B53F91-LeaderElection232: begin an election at term 231 for -1: [2fdb3e93-e0d8-400e-8c33-91e2341b50c6:192.168.157.254:43254, 062c71de-08d9-40ee-9309-15590e2e8e68:192.168.157.254:45598, 2a52019e-5647-44e1-bf30-9a43fd8a7377:192.168.157.254:36038], old=null
2019-10-22 00:13:20,474 [2fdb3e93-e0d8-400e-8c33-91e2341b50c6@group-F01152B53F91-LeaderElection232] INFO  impl.LeaderElection (LogUtils.java:infoOrTrace(149)) - 2fdb3e93-e0d8-400e-8c33-91e2341b50c6@group-F01152B53F91-LeaderElection232 got exception when requesting votes: {}
java.util.concurrent.ExecutionException: org.apache.ratis.thirdparty.io.grpc.StatusRuntimeException: UNAVAILABLE: io exception
	at java.util.concurrent.FutureTask.report(FutureTask.java:122)
	at java.util.concurrent.FutureTask.get(FutureTask.java:192)
	at org.apache.ratis.server.impl.LeaderElection.waitForResults(LeaderElection.java:259)
	at org.apache.ratis.server.impl.LeaderElection.askForVotes(LeaderElection.java:197)
	at org.apache.ratis.server.impl.LeaderElection.run(LeaderElection.java:133)
	at java.lang.Thread.run(Thread.java:748)
Caused by: org.apache.ratis.thirdparty.io.grpc.StatusRuntimeException: UNAVAILABLE: io exception
	at org.apache.ratis.thirdparty.io.grpc.stub.ClientCalls.toStatusRuntimeException(ClientCalls.java:233)
	at org.apache.ratis.thirdparty.io.grpc.stub.ClientCalls.getUnchecked(ClientCalls.java:214)
	at org.apache.ratis.thirdparty.io.grpc.stub.ClientCalls.blockingUnaryCall(ClientCalls.java:139)
	at org.apache.ratis.proto.grpc.RaftServerProtocolServiceGrpc$RaftServerProtocolServiceBlockingStub.requestVote(RaftServerProtocolServiceGrpc.java:265)
	at org.apache.ratis.grpc.server.GrpcServerProtocolClient.requestVote(GrpcServerProtocolClient.java:99)
	at org.apache.ratis.grpc.server.GrpcService.requestVote(GrpcService.java:204)
	at org.apache.ratis.server.impl.LeaderElection.lambda$submitRequests$1(LeaderElection.java:234)
	at java.util.concurrent.FutureTask.run(FutureTask.java:266)
	at java.util.concurrent.Executors$RunnableAdapter.call(Executors.java:511)
	at java.util.concurrent.FutureTask.run(FutureTask.java:266)
	at java.util.concurrent.ThreadPoolExecutor.runWorker(ThreadPoolExecutor.java:1149)
	at java.util.concurrent.ThreadPoolExecutor$Worker.run(ThreadPoolExecutor.java:624)
	... 1 more
Caused by: org.apache.ratis.thirdparty.io.netty.channel.AbstractChannel$AnnotatedConnectException: Connection refused: /192.168.157.254:45598
	at sun.nio.ch.SocketChannelImpl.checkConnect(Native Method)
	at sun.nio.ch.SocketChannelImpl.finishConnect(SocketChannelImpl.java:717)
	at org.apache.ratis.thirdparty.io.netty.channel.socket.nio.NioSocketChannel.doFinishConnect(NioSocketChannel.java:327)
	at org.apache.ratis.thirdparty.io.netty.channel.nio.AbstractNioChannel$AbstractNioUnsafe.finishConnect(AbstractNioChannel.java:340)
	at org.apache.ratis.thirdparty.io.netty.channel.nio.NioEventLoop.processSelectedKey(NioEventLoop.java:632)
	at org.apache.ratis.thirdparty.io.netty.channel.nio.NioEventLoop.processSelectedKeysOptimized(NioEventLoop.java:579)
	at org.apache.ratis.thirdparty.io.netty.channel.nio.NioEventLoop.processSelectedKeys(NioEventLoop.java:496)
	at org.apache.ratis.thirdparty.io.netty.channel.nio.NioEventLoop.run(NioEventLoop.java:458)
	at org.apache.ratis.thirdparty.io.netty.util.concurrent.SingleThreadEventExecutor$5.run(SingleThreadEventExecutor.java:897)
	at org.apache.ratis.thirdparty.io.netty.util.concurrent.FastThreadLocalRunnable.run(FastThreadLocalRunnable.java:30)
	... 1 more
Caused by: java.net.ConnectException: Connection refused
	... 11 more
2019-10-22 00:13:20,474 [2fdb3e93-e0d8-400e-8c33-91e2341b50c6@group-F01152B53F91-LeaderElection232] INFO  impl.LeaderElection (LogUtils.java:infoOrTrace(149)) - 2fdb3e93-e0d8-400e-8c33-91e2341b50c6@group-F01152B53F91-LeaderElection232 got exception when requesting votes: {}
java.util.concurrent.ExecutionException: org.apache.ratis.thirdparty.io.grpc.StatusRuntimeException: UNAVAILABLE: io exception
	at java.util.concurrent.FutureTask.report(FutureTask.java:122)
	at java.util.concurrent.FutureTask.get(FutureTask.java:192)
	at org.apache.ratis.server.impl.LeaderElection.waitForResults(LeaderElection.java:259)
	at org.apache.ratis.server.impl.LeaderElection.askForVotes(LeaderElection.java:197)
	at org.apache.ratis.server.impl.LeaderElection.run(LeaderElection.java:133)
	at java.lang.Thread.run(Thread.java:748)
Caused by: org.apache.ratis.thirdparty.io.grpc.StatusRuntimeException: UNAVAILABLE: io exception
	at org.apache.ratis.thirdparty.io.grpc.stub.ClientCalls.toStatusRuntimeException(ClientCalls.java:233)
	at org.apache.ratis.thirdparty.io.grpc.stub.ClientCalls.getUnchecked(ClientCalls.java:214)
	at org.apache.ratis.thirdparty.io.grpc.stub.ClientCalls.blockingUnaryCall(ClientCalls.java:139)
	at org.apache.ratis.proto.grpc.RaftServerProtocolServiceGrpc$RaftServerProtocolServiceBlockingStub.requestVote(RaftServerProtocolServiceGrpc.java:265)
	at org.apache.ratis.grpc.server.GrpcServerProtocolClient.requestVote(GrpcServerProtocolClient.java:99)
	at org.apache.ratis.grpc.server.GrpcService.requestVote(GrpcService.java:204)
	at org.apache.ratis.server.impl.LeaderElection.lambda$submitRequests$1(LeaderElection.java:234)
	at java.util.concurrent.FutureTask.run(FutureTask.java:266)
	at java.util.concurrent.Executors$RunnableAdapter.call(Executors.java:511)
	at java.util.concurrent.FutureTask.run(FutureTask.java:266)
	at java.util.concurrent.ThreadPoolExecutor.runWorker(ThreadPoolExecutor.java:1149)
	at java.util.concurrent.ThreadPoolExecutor$Worker.run(ThreadPoolExecutor.java:624)
	... 1 more
Caused by: org.apache.ratis.thirdparty.io.netty.channel.AbstractChannel$AnnotatedConnectException: Connection refused: /192.168.157.254:36038
	at sun.nio.ch.SocketChannelImpl.checkConnect(Native Method)
	at sun.nio.ch.SocketChannelImpl.finishConnect(SocketChannelImpl.java:717)
	at org.apache.ratis.thirdparty.io.netty.channel.socket.nio.NioSocketChannel.doFinishConnect(NioSocketChannel.java:327)
	at org.apache.ratis.thirdparty.io.netty.channel.nio.AbstractNioChannel$AbstractNioUnsafe.finishConnect(AbstractNioChannel.java:340)
	at org.apache.ratis.thirdparty.io.netty.channel.nio.NioEventLoop.processSelectedKey(NioEventLoop.java:632)
	at org.apache.ratis.thirdparty.io.netty.channel.nio.NioEventLoop.processSelectedKeysOptimized(NioEventLoop.java:579)
	at org.apache.ratis.thirdparty.io.netty.channel.nio.NioEventLoop.processSelectedKeys(NioEventLoop.java:496)
	at org.apache.ratis.thirdparty.io.netty.channel.nio.NioEventLoop.run(NioEventLoop.java:458)
	at org.apache.ratis.thirdparty.io.netty.util.concurrent.SingleThreadEventExecutor$5.run(SingleThreadEventExecutor.java:897)
	at org.apache.ratis.thirdparty.io.netty.util.concurrent.FastThreadLocalRunnable.run(FastThreadLocalRunnable.java:30)
	... 1 more
Caused by: java.net.ConnectException: Connection refused
	... 11 more
2019-10-22 00:13:20,475 [2fdb3e93-e0d8-400e-8c33-91e2341b50c6@group-F01152B53F91-LeaderElection232] INFO  impl.LeaderElection (LeaderElection.java:logAndReturn(56)) - 2fdb3e93-e0d8-400e-8c33-91e2341b50c6@group-F01152B53F91-LeaderElection232: Election REJECTED; received 0 response(s) [] and 2 exception(s); 2fdb3e93-e0d8-400e-8c33-91e2341b50c6@group-F01152B53F91:t231, leader=null, voted=2fdb3e93-e0d8-400e-8c33-91e2341b50c6, raftlog=2fdb3e93-e0d8-400e-8c33-91e2341b50c6@group-F01152B53F91-SegmentedRaftLog:OPENED:c-1,f-1,i0, conf=-1: [2fdb3e93-e0d8-400e-8c33-91e2341b50c6:192.168.157.254:43254, 062c71de-08d9-40ee-9309-15590e2e8e68:192.168.157.254:45598, 2a52019e-5647-44e1-bf30-9a43fd8a7377:192.168.157.254:36038], old=null
2019-10-22 00:13:20,475 [2fdb3e93-e0d8-400e-8c33-91e2341b50c6@group-F01152B53F91-LeaderElection232] INFO  impl.LeaderElection (LogUtils.java:infoOrTrace(149)) -   Exception 0: {}
java.util.concurrent.ExecutionException: org.apache.ratis.thirdparty.io.grpc.StatusRuntimeException: UNAVAILABLE: io exception
	at java.util.concurrent.FutureTask.report(FutureTask.java:122)
	at java.util.concurrent.FutureTask.get(FutureTask.java:192)
	at org.apache.ratis.server.impl.LeaderElection.waitForResults(LeaderElection.java:259)
	at org.apache.ratis.server.impl.LeaderElection.askForVotes(LeaderElection.java:197)
	at org.apache.ratis.server.impl.LeaderElection.run(LeaderElection.java:133)
	at java.lang.Thread.run(Thread.java:748)
Caused by: org.apache.ratis.thirdparty.io.grpc.StatusRuntimeException: UNAVAILABLE: io exception
	at org.apache.ratis.thirdparty.io.grpc.stub.ClientCalls.toStatusRuntimeException(ClientCalls.java:233)
	at org.apache.ratis.thirdparty.io.grpc.stub.ClientCalls.getUnchecked(ClientCalls.java:214)
	at org.apache.ratis.thirdparty.io.grpc.stub.ClientCalls.blockingUnaryCall(ClientCalls.java:139)
	at org.apache.ratis.proto.grpc.RaftServerProtocolServiceGrpc$RaftServerProtocolServiceBlockingStub.requestVote(RaftServerProtocolServiceGrpc.java:265)
	at org.apache.ratis.grpc.server.GrpcServerProtocolClient.requestVote(GrpcServerProtocolClient.java:99)
	at org.apache.ratis.grpc.server.GrpcService.requestVote(GrpcService.java:204)
	at org.apache.ratis.server.impl.LeaderElection.lambda$submitRequests$1(LeaderElection.java:234)
	at java.util.concurrent.FutureTask.run(FutureTask.java:266)
	at java.util.concurrent.Executors$RunnableAdapter.call(Executors.java:511)
	at java.util.concurrent.FutureTask.run(FutureTask.java:266)
	at java.util.concurrent.ThreadPoolExecutor.runWorker(ThreadPoolExecutor.java:1149)
	at java.util.concurrent.ThreadPoolExecutor$Worker.run(ThreadPoolExecutor.java:624)
	... 1 more
Caused by: org.apache.ratis.thirdparty.io.netty.channel.AbstractChannel$AnnotatedConnectException: Connection refused: /192.168.157.254:45598
	at sun.nio.ch.SocketChannelImpl.checkConnect(Native Method)
	at sun.nio.ch.SocketChannelImpl.finishConnect(SocketChannelImpl.java:717)
	at org.apache.ratis.thirdparty.io.netty.channel.socket.nio.NioSocketChannel.doFinishConnect(NioSocketChannel.java:327)
	at org.apache.ratis.thirdparty.io.netty.channel.nio.AbstractNioChannel$AbstractNioUnsafe.finishConnect(AbstractNioChannel.java:340)
	at org.apache.ratis.thirdparty.io.netty.channel.nio.NioEventLoop.processSelectedKey(NioEventLoop.java:632)
	at org.apache.ratis.thirdparty.io.netty.channel.nio.NioEventLoop.processSelectedKeysOptimized(NioEventLoop.java:579)
	at org.apache.ratis.thirdparty.io.netty.channel.nio.NioEventLoop.processSelectedKeys(NioEventLoop.java:496)
	at org.apache.ratis.thirdparty.io.netty.channel.nio.NioEventLoop.run(NioEventLoop.java:458)
	at org.apache.ratis.thirdparty.io.netty.util.concurrent.SingleThreadEventExecutor$5.run(SingleThreadEventExecutor.java:897)
	at org.apache.ratis.thirdparty.io.netty.util.concurrent.FastThreadLocalRunnable.run(FastThreadLocalRunnable.java:30)
	... 1 more
Caused by: java.net.ConnectException: Connection refused
	... 11 more
2019-10-22 00:13:20,475 [2fdb3e93-e0d8-400e-8c33-91e2341b50c6@group-F01152B53F91-LeaderElection232] INFO  impl.LeaderElection (LogUtils.java:infoOrTrace(149)) -   Exception 1: {}
java.util.concurrent.ExecutionException: org.apache.ratis.thirdparty.io.grpc.StatusRuntimeException: UNAVAILABLE: io exception
	at java.util.concurrent.FutureTask.report(FutureTask.java:122)
	at java.util.concurrent.FutureTask.get(FutureTask.java:192)
	at org.apache.ratis.server.impl.LeaderElection.waitForResults(LeaderElection.java:259)
	at org.apache.ratis.server.impl.LeaderElection.askForVotes(LeaderElection.java:197)
	at org.apache.ratis.server.impl.LeaderElection.run(LeaderElection.java:133)
	at java.lang.Thread.run(Thread.java:748)
Caused by: org.apache.ratis.thirdparty.io.grpc.StatusRuntimeException: UNAVAILABLE: io exception
	at org.apache.ratis.thirdparty.io.grpc.stub.ClientCalls.toStatusRuntimeException(ClientCalls.java:233)
	at org.apache.ratis.thirdparty.io.grpc.stub.ClientCalls.getUnchecked(ClientCalls.java:214)
	at org.apache.ratis.thirdparty.io.grpc.stub.ClientCalls.blockingUnaryCall(ClientCalls.java:139)
	at org.apache.ratis.proto.grpc.RaftServerProtocolServiceGrpc$RaftServerProtocolServiceBlockingStub.requestVote(RaftServerProtocolServiceGrpc.java:265)
	at org.apache.ratis.grpc.server.GrpcServerProtocolClient.requestVote(GrpcServerProtocolClient.java:99)
	at org.apache.ratis.grpc.server.GrpcService.requestVote(GrpcService.java:204)
	at org.apache.ratis.server.impl.LeaderElection.lambda$submitRequests$1(LeaderElection.java:234)
	at java.util.concurrent.FutureTask.run(FutureTask.java:266)
	at java.util.concurrent.Executors$RunnableAdapter.call(Executors.java:511)
	at java.util.concurrent.FutureTask.run(FutureTask.java:266)
	at java.util.concurrent.ThreadPoolExecutor.runWorker(ThreadPoolExecutor.java:1149)
	at java.util.concurrent.ThreadPoolExecutor$Worker.run(ThreadPoolExecutor.java:624)
	... 1 more
Caused by: org.apache.ratis.thirdparty.io.netty.channel.AbstractChannel$AnnotatedConnectException: Connection refused: /192.168.157.254:36038
	at sun.nio.ch.SocketChannelImpl.checkConnect(Native Method)
	at sun.nio.ch.SocketChannelImpl.finishConnect(SocketChannelImpl.java:717)
	at org.apache.ratis.thirdparty.io.netty.channel.socket.nio.NioSocketChannel.doFinishConnect(NioSocketChannel.java:327)
	at org.apache.ratis.thirdparty.io.netty.channel.nio.AbstractNioChannel$AbstractNioUnsafe.finishConnect(AbstractNioChannel.java:340)
	at org.apache.ratis.thirdparty.io.netty.channel.nio.NioEventLoop.processSelectedKey(NioEventLoop.java:632)
	at org.apache.ratis.thirdparty.io.netty.channel.nio.NioEventLoop.processSelectedKeysOptimized(NioEventLoop.java:579)
	at org.apache.ratis.thirdparty.io.netty.channel.nio.NioEventLoop.processSelectedKeys(NioEventLoop.java:496)
	at org.apache.ratis.thirdparty.io.netty.channel.nio.NioEventLoop.run(NioEventLoop.java:458)
	at org.apache.ratis.thirdparty.io.netty.util.concurrent.SingleThreadEventExecutor$5.run(SingleThreadEventExecutor.java:897)
	at org.apache.ratis.thirdparty.io.netty.util.concurrent.FastThreadLocalRunnable.run(FastThreadLocalRunnable.java:30)
	... 1 more
Caused by: java.net.ConnectException: Connection refused
	... 11 more
2019-10-22 00:13:20,476 [2fdb3e93-e0d8-400e-8c33-91e2341b50c6@group-F01152B53F91-LeaderElection232] INFO  impl.RaftServerImpl (RaftServerImpl.java:setRole(184)) - 2fdb3e93-e0d8-400e-8c33-91e2341b50c6@group-F01152B53F91: changes role from CANDIDATE to FOLLOWER at term 231 for DISCOVERED_A_NEW_TERM
2019-10-22 00:13:20,476 [2fdb3e93-e0d8-400e-8c33-91e2341b50c6@group-F01152B53F91-LeaderElection232] INFO  impl.RoleInfo (RoleInfo.java:shutdownLeaderElection(134)) - 2fdb3e93-e0d8-400e-8c33-91e2341b50c6: shutdown LeaderElection
2019-10-22 00:13:20,476 [2fdb3e93-e0d8-400e-8c33-91e2341b50c6@group-F01152B53F91-LeaderElection232] INFO  impl.RoleInfo (RoleInfo.java:updateAndGet(143)) - 2fdb3e93-e0d8-400e-8c33-91e2341b50c6: start FollowerState
2019-10-22 00:13:20,527 [Thread-1966] INFO  impl.FollowerState (FollowerState.java:run(108)) - 2fdb3e93-e0d8-400e-8c33-91e2341b50c6@group-F01152B53F91-FollowerState: change to CANDIDATE, lastRpcTime:51ms, electionTimeout:51ms
2019-10-22 00:13:20,527 [Thread-1966] INFO  impl.RoleInfo (RoleInfo.java:shutdownFollowerState(121)) - 2fdb3e93-e0d8-400e-8c33-91e2341b50c6: shutdown FollowerState
2019-10-22 00:13:20,528 [Thread-1966] INFO  impl.RaftServerImpl (RaftServerImpl.java:setRole(184)) - 2fdb3e93-e0d8-400e-8c33-91e2341b50c6@group-F01152B53F91: changes role from  FOLLOWER to CANDIDATE at term 231 for changeToCandidate
2019-10-22 00:13:20,528 [Thread-1966] INFO  impl.RoleInfo (RoleInfo.java:updateAndGet(143)) - 2fdb3e93-e0d8-400e-8c33-91e2341b50c6: start LeaderElection
2019-10-22 00:13:20,533 [2fdb3e93-e0d8-400e-8c33-91e2341b50c6@group-F01152B53F91-LeaderElection233] INFO  impl.LeaderElection (LeaderElection.java:askForVotes(178)) - 2fdb3e93-e0d8-400e-8c33-91e2341b50c6@group-F01152B53F91-LeaderElection233: begin an election at term 232 for -1: [2fdb3e93-e0d8-400e-8c33-91e2341b50c6:192.168.157.254:43254, 062c71de-08d9-40ee-9309-15590e2e8e68:192.168.157.254:45598, 2a52019e-5647-44e1-bf30-9a43fd8a7377:192.168.157.254:36038], old=null
2019-10-22 00:13:20,533 [2fdb3e93-e0d8-400e-8c33-91e2341b50c6@group-F01152B53F91-LeaderElection233] INFO  impl.LeaderElection (LogUtils.java:infoOrTrace(149)) - 2fdb3e93-e0d8-400e-8c33-91e2341b50c6@group-F01152B53F91-LeaderElection233 got exception when requesting votes: {}
java.util.concurrent.ExecutionException: org.apache.ratis.thirdparty.io.grpc.StatusRuntimeException: UNAVAILABLE: io exception
	at java.util.concurrent.FutureTask.report(FutureTask.java:122)
	at java.util.concurrent.FutureTask.get(FutureTask.java:192)
	at org.apache.ratis.server.impl.LeaderElection.waitForResults(LeaderElection.java:259)
	at org.apache.ratis.server.impl.LeaderElection.askForVotes(LeaderElection.java:197)
	at org.apache.ratis.server.impl.LeaderElection.run(LeaderElection.java:133)
	at java.lang.Thread.run(Thread.java:748)
Caused by: org.apache.ratis.thirdparty.io.grpc.StatusRuntimeException: UNAVAILABLE: io exception
	at org.apache.ratis.thirdparty.io.grpc.stub.ClientCalls.toStatusRuntimeException(ClientCalls.java:233)
	at org.apache.ratis.thirdparty.io.grpc.stub.ClientCalls.getUnchecked(ClientCalls.java:214)
	at org.apache.ratis.thirdparty.io.grpc.stub.ClientCalls.blockingUnaryCall(ClientCalls.java:139)
	at org.apache.ratis.proto.grpc.RaftServerProtocolServiceGrpc$RaftServerProtocolServiceBlockingStub.requestVote(RaftServerProtocolServiceGrpc.java:265)
	at org.apache.ratis.grpc.server.GrpcServerProtocolClient.requestVote(GrpcServerProtocolClient.java:99)
	at org.apache.ratis.grpc.server.GrpcService.requestVote(GrpcService.java:204)
	at org.apache.ratis.server.impl.LeaderElection.lambda$submitRequests$1(LeaderElection.java:234)
	at java.util.concurrent.FutureTask.run(FutureTask.java:266)
	at java.util.concurrent.Executors$RunnableAdapter.call(Executors.java:511)
	at java.util.concurrent.FutureTask.run(FutureTask.java:266)
	at java.util.concurrent.ThreadPoolExecutor.runWorker(ThreadPoolExecutor.java:1149)
	at java.util.concurrent.ThreadPoolExecutor$Worker.run(ThreadPoolExecutor.java:624)
	... 1 more
Caused by: org.apache.ratis.thirdparty.io.netty.channel.AbstractChannel$AnnotatedConnectException: Connection refused: /192.168.157.254:45598
	at sun.nio.ch.SocketChannelImpl.checkConnect(Native Method)
	at sun.nio.ch.SocketChannelImpl.finishConnect(SocketChannelImpl.java:717)
	at org.apache.ratis.thirdparty.io.netty.channel.socket.nio.NioSocketChannel.doFinishConnect(NioSocketChannel.java:327)
	at org.apache.ratis.thirdparty.io.netty.channel.nio.AbstractNioChannel$AbstractNioUnsafe.finishConnect(AbstractNioChannel.java:340)
	at org.apache.ratis.thirdparty.io.netty.channel.nio.NioEventLoop.processSelectedKey(NioEventLoop.java:632)
	at org.apache.ratis.thirdparty.io.netty.channel.nio.NioEventLoop.processSelectedKeysOptimized(NioEventLoop.java:579)
	at org.apache.ratis.thirdparty.io.netty.channel.nio.NioEventLoop.processSelectedKeys(NioEventLoop.java:496)
	at org.apache.ratis.thirdparty.io.netty.channel.nio.NioEventLoop.run(NioEventLoop.java:458)
	at org.apache.ratis.thirdparty.io.netty.util.concurrent.SingleThreadEventExecutor$5.run(SingleThreadEventExecutor.java:897)
	at org.apache.ratis.thirdparty.io.netty.util.concurrent.FastThreadLocalRunnable.run(FastThreadLocalRunnable.java:30)
	... 1 more
Caused by: java.net.ConnectException: Connection refused
	... 11 more
2019-10-22 00:13:20,534 [2fdb3e93-e0d8-400e-8c33-91e2341b50c6@group-F01152B53F91-LeaderElection233] INFO  impl.LeaderElection (LogUtils.java:infoOrTrace(149)) - 2fdb3e93-e0d8-400e-8c33-91e2341b50c6@group-F01152B53F91-LeaderElection233 got exception when requesting votes: {}
java.util.concurrent.ExecutionException: org.apache.ratis.thirdparty.io.grpc.StatusRuntimeException: UNAVAILABLE: io exception
	at java.util.concurrent.FutureTask.report(FutureTask.java:122)
	at java.util.concurrent.FutureTask.get(FutureTask.java:192)
	at org.apache.ratis.server.impl.LeaderElection.waitForResults(LeaderElection.java:259)
	at org.apache.ratis.server.impl.LeaderElection.askForVotes(LeaderElection.java:197)
	at org.apache.ratis.server.impl.LeaderElection.run(LeaderElection.java:133)
	at java.lang.Thread.run(Thread.java:748)
Caused by: org.apache.ratis.thirdparty.io.grpc.StatusRuntimeException: UNAVAILABLE: io exception
	at org.apache.ratis.thirdparty.io.grpc.stub.ClientCalls.toStatusRuntimeException(ClientCalls.java:233)
	at org.apache.ratis.thirdparty.io.grpc.stub.ClientCalls.getUnchecked(ClientCalls.java:214)
	at org.apache.ratis.thirdparty.io.grpc.stub.ClientCalls.blockingUnaryCall(ClientCalls.java:139)
	at org.apache.ratis.proto.grpc.RaftServerProtocolServiceGrpc$RaftServerProtocolServiceBlockingStub.requestVote(RaftServerProtocolServiceGrpc.java:265)
	at org.apache.ratis.grpc.server.GrpcServerProtocolClient.requestVote(GrpcServerProtocolClient.java:99)
	at org.apache.ratis.grpc.server.GrpcService.requestVote(GrpcService.java:204)
	at org.apache.ratis.server.impl.LeaderElection.lambda$submitRequests$1(LeaderElection.java:234)
	at java.util.concurrent.FutureTask.run(FutureTask.java:266)
	at java.util.concurrent.Executors$RunnableAdapter.call(Executors.java:511)
	at java.util.concurrent.FutureTask.run(FutureTask.java:266)
	at java.util.concurrent.ThreadPoolExecutor.runWorker(ThreadPoolExecutor.java:1149)
	at java.util.concurrent.ThreadPoolExecutor$Worker.run(ThreadPoolExecutor.java:624)
	... 1 more
Caused by: org.apache.ratis.thirdparty.io.netty.channel.AbstractChannel$AnnotatedConnectException: Connection refused: /192.168.157.254:36038
	at sun.nio.ch.SocketChannelImpl.checkConnect(Native Method)
	at sun.nio.ch.SocketChannelImpl.finishConnect(SocketChannelImpl.java:717)
	at org.apache.ratis.thirdparty.io.netty.channel.socket.nio.NioSocketChannel.doFinishConnect(NioSocketChannel.java:327)
	at org.apache.ratis.thirdparty.io.netty.channel.nio.AbstractNioChannel$AbstractNioUnsafe.finishConnect(AbstractNioChannel.java:340)
	at org.apache.ratis.thirdparty.io.netty.channel.nio.NioEventLoop.processSelectedKey(NioEventLoop.java:632)
	at org.apache.ratis.thirdparty.io.netty.channel.nio.NioEventLoop.processSelectedKeysOptimized(NioEventLoop.java:579)
	at org.apache.ratis.thirdparty.io.netty.channel.nio.NioEventLoop.processSelectedKeys(NioEventLoop.java:496)
	at org.apache.ratis.thirdparty.io.netty.channel.nio.NioEventLoop.run(NioEventLoop.java:458)
	at org.apache.ratis.thirdparty.io.netty.util.concurrent.SingleThreadEventExecutor$5.run(SingleThreadEventExecutor.java:897)
	at org.apache.ratis.thirdparty.io.netty.util.concurrent.FastThreadLocalRunnable.run(FastThreadLocalRunnable.java:30)
	... 1 more
Caused by: java.net.ConnectException: Connection refused
	... 11 more
2019-10-22 00:13:20,534 [2fdb3e93-e0d8-400e-8c33-91e2341b50c6@group-F01152B53F91-LeaderElection233] INFO  impl.LeaderElection (LeaderElection.java:logAndReturn(56)) - 2fdb3e93-e0d8-400e-8c33-91e2341b50c6@group-F01152B53F91-LeaderElection233: Election REJECTED; received 0 response(s) [] and 2 exception(s); 2fdb3e93-e0d8-400e-8c33-91e2341b50c6@group-F01152B53F91:t232, leader=null, voted=2fdb3e93-e0d8-400e-8c33-91e2341b50c6, raftlog=2fdb3e93-e0d8-400e-8c33-91e2341b50c6@group-F01152B53F91-SegmentedRaftLog:OPENED:c-1,f-1,i0, conf=-1: [2fdb3e93-e0d8-400e-8c33-91e2341b50c6:192.168.157.254:43254, 062c71de-08d9-40ee-9309-15590e2e8e68:192.168.157.254:45598, 2a52019e-5647-44e1-bf30-9a43fd8a7377:192.168.157.254:36038], old=null
2019-10-22 00:13:20,534 [2fdb3e93-e0d8-400e-8c33-91e2341b50c6@group-F01152B53F91-LeaderElection233] INFO  impl.LeaderElection (LogUtils.java:infoOrTrace(149)) -   Exception 0: {}
java.util.concurrent.ExecutionException: org.apache.ratis.thirdparty.io.grpc.StatusRuntimeException: UNAVAILABLE: io exception
	at java.util.concurrent.FutureTask.report(FutureTask.java:122)
	at java.util.concurrent.FutureTask.get(FutureTask.java:192)
	at org.apache.ratis.server.impl.LeaderElection.waitForResults(LeaderElection.java:259)
	at org.apache.ratis.server.impl.LeaderElection.askForVotes(LeaderElection.java:197)
	at org.apache.ratis.server.impl.LeaderElection.run(LeaderElection.java:133)
	at java.lang.Thread.run(Thread.java:748)
Caused by: org.apache.ratis.thirdparty.io.grpc.StatusRuntimeException: UNAVAILABLE: io exception
	at org.apache.ratis.thirdparty.io.grpc.stub.ClientCalls.toStatusRuntimeException(ClientCalls.java:233)
	at org.apache.ratis.thirdparty.io.grpc.stub.ClientCalls.getUnchecked(ClientCalls.java:214)
	at org.apache.ratis.thirdparty.io.grpc.stub.ClientCalls.blockingUnaryCall(ClientCalls.java:139)
	at org.apache.ratis.proto.grpc.RaftServerProtocolServiceGrpc$RaftServerProtocolServiceBlockingStub.requestVote(RaftServerProtocolServiceGrpc.java:265)
	at org.apache.ratis.grpc.server.GrpcServerProtocolClient.requestVote(GrpcServerProtocolClient.java:99)
	at org.apache.ratis.grpc.server.GrpcService.requestVote(GrpcService.java:204)
	at org.apache.ratis.server.impl.LeaderElection.lambda$submitRequests$1(LeaderElection.java:234)
	at java.util.concurrent.FutureTask.run(FutureTask.java:266)
	at java.util.concurrent.Executors$RunnableAdapter.call(Executors.java:511)
	at java.util.concurrent.FutureTask.run(FutureTask.java:266)
	at java.util.concurrent.ThreadPoolExecutor.runWorker(ThreadPoolExecutor.java:1149)
	at java.util.concurrent.ThreadPoolExecutor$Worker.run(ThreadPoolExecutor.java:624)
	... 1 more
Caused by: org.apache.ratis.thirdparty.io.netty.channel.AbstractChannel$AnnotatedConnectException: Connection refused: /192.168.157.254:45598
	at sun.nio.ch.SocketChannelImpl.checkConnect(Native Method)
	at sun.nio.ch.SocketChannelImpl.finishConnect(SocketChannelImpl.java:717)
	at org.apache.ratis.thirdparty.io.netty.channel.socket.nio.NioSocketChannel.doFinishConnect(NioSocketChannel.java:327)
	at org.apache.ratis.thirdparty.io.netty.channel.nio.AbstractNioChannel$AbstractNioUnsafe.finishConnect(AbstractNioChannel.java:340)
	at org.apache.ratis.thirdparty.io.netty.channel.nio.NioEventLoop.processSelectedKey(NioEventLoop.java:632)
	at org.apache.ratis.thirdparty.io.netty.channel.nio.NioEventLoop.processSelectedKeysOptimized(NioEventLoop.java:579)
	at org.apache.ratis.thirdparty.io.netty.channel.nio.NioEventLoop.processSelectedKeys(NioEventLoop.java:496)
	at org.apache.ratis.thirdparty.io.netty.channel.nio.NioEventLoop.run(NioEventLoop.java:458)
	at org.apache.ratis.thirdparty.io.netty.util.concurrent.SingleThreadEventExecutor$5.run(SingleThreadEventExecutor.java:897)
	at org.apache.ratis.thirdparty.io.netty.util.concurrent.FastThreadLocalRunnable.run(FastThreadLocalRunnable.java:30)
	... 1 more
Caused by: java.net.ConnectException: Connection refused
	... 11 more
2019-10-22 00:13:20,535 [2fdb3e93-e0d8-400e-8c33-91e2341b50c6@group-F01152B53F91-LeaderElection233] INFO  impl.LeaderElection (LogUtils.java:infoOrTrace(149)) -   Exception 1: {}
java.util.concurrent.ExecutionException: org.apache.ratis.thirdparty.io.grpc.StatusRuntimeException: UNAVAILABLE: io exception
	at java.util.concurrent.FutureTask.report(FutureTask.java:122)
	at java.util.concurrent.FutureTask.get(FutureTask.java:192)
	at org.apache.ratis.server.impl.LeaderElection.waitForResults(LeaderElection.java:259)
	at org.apache.ratis.server.impl.LeaderElection.askForVotes(LeaderElection.java:197)
	at org.apache.ratis.server.impl.LeaderElection.run(LeaderElection.java:133)
	at java.lang.Thread.run(Thread.java:748)
Caused by: org.apache.ratis.thirdparty.io.grpc.StatusRuntimeException: UNAVAILABLE: io exception
	at org.apache.ratis.thirdparty.io.grpc.stub.ClientCalls.toStatusRuntimeException(ClientCalls.java:233)
	at org.apache.ratis.thirdparty.io.grpc.stub.ClientCalls.getUnchecked(ClientCalls.java:214)
	at org.apache.ratis.thirdparty.io.grpc.stub.ClientCalls.blockingUnaryCall(ClientCalls.java:139)
	at org.apache.ratis.proto.grpc.RaftServerProtocolServiceGrpc$RaftServerProtocolServiceBlockingStub.requestVote(RaftServerProtocolServiceGrpc.java:265)
	at org.apache.ratis.grpc.server.GrpcServerProtocolClient.requestVote(GrpcServerProtocolClient.java:99)
	at org.apache.ratis.grpc.server.GrpcService.requestVote(GrpcService.java:204)
	at org.apache.ratis.server.impl.LeaderElection.lambda$submitRequests$1(LeaderElection.java:234)
	at java.util.concurrent.FutureTask.run(FutureTask.java:266)
	at java.util.concurrent.Executors$RunnableAdapter.call(Executors.java:511)
	at java.util.concurrent.FutureTask.run(FutureTask.java:266)
	at java.util.concurrent.ThreadPoolExecutor.runWorker(ThreadPoolExecutor.java:1149)
	at java.util.concurrent.ThreadPoolExecutor$Worker.run(ThreadPoolExecutor.java:624)
	... 1 more
Caused by: org.apache.ratis.thirdparty.io.netty.channel.AbstractChannel$AnnotatedConnectException: Connection refused: /192.168.157.254:36038
	at sun.nio.ch.SocketChannelImpl.checkConnect(Native Method)
	at sun.nio.ch.SocketChannelImpl.finishConnect(SocketChannelImpl.java:717)
	at org.apache.ratis.thirdparty.io.netty.channel.socket.nio.NioSocketChannel.doFinishConnect(NioSocketChannel.java:327)
	at org.apache.ratis.thirdparty.io.netty.channel.nio.AbstractNioChannel$AbstractNioUnsafe.finishConnect(AbstractNioChannel.java:340)
	at org.apache.ratis.thirdparty.io.netty.channel.nio.NioEventLoop.processSelectedKey(NioEventLoop.java:632)
	at org.apache.ratis.thirdparty.io.netty.channel.nio.NioEventLoop.processSelectedKeysOptimized(NioEventLoop.java:579)
	at org.apache.ratis.thirdparty.io.netty.channel.nio.NioEventLoop.processSelectedKeys(NioEventLoop.java:496)
	at org.apache.ratis.thirdparty.io.netty.channel.nio.NioEventLoop.run(NioEventLoop.java:458)
	at org.apache.ratis.thirdparty.io.netty.util.concurrent.SingleThreadEventExecutor$5.run(SingleThreadEventExecutor.java:897)
	at org.apache.ratis.thirdparty.io.netty.util.concurrent.FastThreadLocalRunnable.run(FastThreadLocalRunnable.java:30)
	... 1 more
Caused by: java.net.ConnectException: Connection refused
	... 11 more
2019-10-22 00:13:20,535 [2fdb3e93-e0d8-400e-8c33-91e2341b50c6@group-F01152B53F91-LeaderElection233] INFO  impl.RaftServerImpl (RaftServerImpl.java:setRole(184)) - 2fdb3e93-e0d8-400e-8c33-91e2341b50c6@group-F01152B53F91: changes role from CANDIDATE to FOLLOWER at term 232 for DISCOVERED_A_NEW_TERM
2019-10-22 00:13:20,535 [2fdb3e93-e0d8-400e-8c33-91e2341b50c6@group-F01152B53F91-LeaderElection233] INFO  impl.RoleInfo (RoleInfo.java:shutdownLeaderElection(134)) - 2fdb3e93-e0d8-400e-8c33-91e2341b50c6: shutdown LeaderElection
2019-10-22 00:13:20,535 [2fdb3e93-e0d8-400e-8c33-91e2341b50c6@group-F01152B53F91-LeaderElection233] INFO  impl.RoleInfo (RoleInfo.java:updateAndGet(143)) - 2fdb3e93-e0d8-400e-8c33-91e2341b50c6: start FollowerState
2019-10-22 00:13:20,619 [Thread-1971] INFO  impl.FollowerState (FollowerState.java:run(108)) - 2fdb3e93-e0d8-400e-8c33-91e2341b50c6@group-F01152B53F91-FollowerState: change to CANDIDATE, lastRpcTime:83ms, electionTimeout:83ms
2019-10-22 00:13:20,619 [Thread-1971] INFO  impl.RoleInfo (RoleInfo.java:shutdownFollowerState(121)) - 2fdb3e93-e0d8-400e-8c33-91e2341b50c6: shutdown FollowerState
2019-10-22 00:13:20,619 [Thread-1971] INFO  impl.RaftServerImpl (RaftServerImpl.java:setRole(184)) - 2fdb3e93-e0d8-400e-8c33-91e2341b50c6@group-F01152B53F91: changes role from  FOLLOWER to CANDIDATE at term 232 for changeToCandidate
2019-10-22 00:13:20,619 [Thread-1971] INFO  impl.RoleInfo (RoleInfo.java:updateAndGet(143)) - 2fdb3e93-e0d8-400e-8c33-91e2341b50c6: start LeaderElection
2019-10-22 00:13:20,624 [2fdb3e93-e0d8-400e-8c33-91e2341b50c6@group-F01152B53F91-LeaderElection234] INFO  impl.LeaderElection (LeaderElection.java:askForVotes(178)) - 2fdb3e93-e0d8-400e-8c33-91e2341b50c6@group-F01152B53F91-LeaderElection234: begin an election at term 233 for -1: [2fdb3e93-e0d8-400e-8c33-91e2341b50c6:192.168.157.254:43254, 062c71de-08d9-40ee-9309-15590e2e8e68:192.168.157.254:45598, 2a52019e-5647-44e1-bf30-9a43fd8a7377:192.168.157.254:36038], old=null
2019-10-22 00:13:20,625 [2fdb3e93-e0d8-400e-8c33-91e2341b50c6@group-F01152B53F91-LeaderElection234] INFO  impl.LeaderElection (LogUtils.java:infoOrTrace(149)) - 2fdb3e93-e0d8-400e-8c33-91e2341b50c6@group-F01152B53F91-LeaderElection234 got exception when requesting votes: {}
java.util.concurrent.ExecutionException: org.apache.ratis.thirdparty.io.grpc.StatusRuntimeException: UNAVAILABLE: io exception
	at java.util.concurrent.FutureTask.report(FutureTask.java:122)
	at java.util.concurrent.FutureTask.get(FutureTask.java:192)
	at org.apache.ratis.server.impl.LeaderElection.waitForResults(LeaderElection.java:259)
	at org.apache.ratis.server.impl.LeaderElection.askForVotes(LeaderElection.java:197)
	at org.apache.ratis.server.impl.LeaderElection.run(LeaderElection.java:133)
	at java.lang.Thread.run(Thread.java:748)
Caused by: org.apache.ratis.thirdparty.io.grpc.StatusRuntimeException: UNAVAILABLE: io exception
	at org.apache.ratis.thirdparty.io.grpc.stub.ClientCalls.toStatusRuntimeException(ClientCalls.java:233)
	at org.apache.ratis.thirdparty.io.grpc.stub.ClientCalls.getUnchecked(ClientCalls.java:214)
	at org.apache.ratis.thirdparty.io.grpc.stub.ClientCalls.blockingUnaryCall(ClientCalls.java:139)
	at org.apache.ratis.proto.grpc.RaftServerProtocolServiceGrpc$RaftServerProtocolServiceBlockingStub.requestVote(RaftServerProtocolServiceGrpc.java:265)
	at org.apache.ratis.grpc.server.GrpcServerProtocolClient.requestVote(GrpcServerProtocolClient.java:99)
	at org.apache.ratis.grpc.server.GrpcService.requestVote(GrpcService.java:204)
	at org.apache.ratis.server.impl.LeaderElection.lambda$submitRequests$1(LeaderElection.java:234)
	at java.util.concurrent.FutureTask.run(FutureTask.java:266)
	at java.util.concurrent.Executors$RunnableAdapter.call(Executors.java:511)
	at java.util.concurrent.FutureTask.run(FutureTask.java:266)
	at java.util.concurrent.ThreadPoolExecutor.runWorker(ThreadPoolExecutor.java:1149)
	at java.util.concurrent.ThreadPoolExecutor$Worker.run(ThreadPoolExecutor.java:624)
	... 1 more
Caused by: org.apache.ratis.thirdparty.io.netty.channel.AbstractChannel$AnnotatedConnectException: Connection refused: /192.168.157.254:36038
	at sun.nio.ch.SocketChannelImpl.checkConnect(Native Method)
	at sun.nio.ch.SocketChannelImpl.finishConnect(SocketChannelImpl.java:717)
	at org.apache.ratis.thirdparty.io.netty.channel.socket.nio.NioSocketChannel.doFinishConnect(NioSocketChannel.java:327)
	at org.apache.ratis.thirdparty.io.netty.channel.nio.AbstractNioChannel$AbstractNioUnsafe.finishConnect(AbstractNioChannel.java:340)
	at org.apache.ratis.thirdparty.io.netty.channel.nio.NioEventLoop.processSelectedKey(NioEventLoop.java:632)
	at org.apache.ratis.thirdparty.io.netty.channel.nio.NioEventLoop.processSelectedKeysOptimized(NioEventLoop.java:579)
	at org.apache.ratis.thirdparty.io.netty.channel.nio.NioEventLoop.processSelectedKeys(NioEventLoop.java:496)
	at org.apache.ratis.thirdparty.io.netty.channel.nio.NioEventLoop.run(NioEventLoop.java:458)
	at org.apache.ratis.thirdparty.io.netty.util.concurrent.SingleThreadEventExecutor$5.run(SingleThreadEventExecutor.java:897)
	at org.apache.ratis.thirdparty.io.netty.util.concurrent.FastThreadLocalRunnable.run(FastThreadLocalRunnable.java:30)
	... 1 more
Caused by: java.net.ConnectException: Connection refused
	... 11 more
2019-10-22 00:13:20,625 [2fdb3e93-e0d8-400e-8c33-91e2341b50c6@group-F01152B53F91-LeaderElection234] INFO  impl.LeaderElection (LogUtils.java:infoOrTrace(149)) - 2fdb3e93-e0d8-400e-8c33-91e2341b50c6@group-F01152B53F91-LeaderElection234 got exception when requesting votes: {}
java.util.concurrent.ExecutionException: org.apache.ratis.thirdparty.io.grpc.StatusRuntimeException: UNAVAILABLE: io exception
	at java.util.concurrent.FutureTask.report(FutureTask.java:122)
	at java.util.concurrent.FutureTask.get(FutureTask.java:192)
	at org.apache.ratis.server.impl.LeaderElection.waitForResults(LeaderElection.java:259)
	at org.apache.ratis.server.impl.LeaderElection.askForVotes(LeaderElection.java:197)
	at org.apache.ratis.server.impl.LeaderElection.run(LeaderElection.java:133)
	at java.lang.Thread.run(Thread.java:748)
Caused by: org.apache.ratis.thirdparty.io.grpc.StatusRuntimeException: UNAVAILABLE: io exception
	at org.apache.ratis.thirdparty.io.grpc.stub.ClientCalls.toStatusRuntimeException(ClientCalls.java:233)
	at org.apache.ratis.thirdparty.io.grpc.stub.ClientCalls.getUnchecked(ClientCalls.java:214)
	at org.apache.ratis.thirdparty.io.grpc.stub.ClientCalls.blockingUnaryCall(ClientCalls.java:139)
	at org.apache.ratis.proto.grpc.RaftServerProtocolServiceGrpc$RaftServerProtocolServiceBlockingStub.requestVote(RaftServerProtocolServiceGrpc.java:265)
	at org.apache.ratis.grpc.server.GrpcServerProtocolClient.requestVote(GrpcServerProtocolClient.java:99)
	at org.apache.ratis.grpc.server.GrpcService.requestVote(GrpcService.java:204)
	at org.apache.ratis.server.impl.LeaderElection.lambda$submitRequests$1(LeaderElection.java:234)
	at java.util.concurrent.FutureTask.run(FutureTask.java:266)
	at java.util.concurrent.Executors$RunnableAdapter.call(Executors.java:511)
	at java.util.concurrent.FutureTask.run(FutureTask.java:266)
	at java.util.concurrent.ThreadPoolExecutor.runWorker(ThreadPoolExecutor.java:1149)
	at java.util.concurrent.ThreadPoolExecutor$Worker.run(ThreadPoolExecutor.java:624)
	... 1 more
Caused by: org.apache.ratis.thirdparty.io.netty.channel.AbstractChannel$AnnotatedConnectException: Connection refused: /192.168.157.254:45598
	at sun.nio.ch.SocketChannelImpl.checkConnect(Native Method)
	at sun.nio.ch.SocketChannelImpl.finishConnect(SocketChannelImpl.java:717)
	at org.apache.ratis.thirdparty.io.netty.channel.socket.nio.NioSocketChannel.doFinishConnect(NioSocketChannel.java:327)
	at org.apache.ratis.thirdparty.io.netty.channel.nio.AbstractNioChannel$AbstractNioUnsafe.finishConnect(AbstractNioChannel.java:340)
	at org.apache.ratis.thirdparty.io.netty.channel.nio.NioEventLoop.processSelectedKey(NioEventLoop.java:632)
	at org.apache.ratis.thirdparty.io.netty.channel.nio.NioEventLoop.processSelectedKeysOptimized(NioEventLoop.java:579)
	at org.apache.ratis.thirdparty.io.netty.channel.nio.NioEventLoop.processSelectedKeys(NioEventLoop.java:496)
	at org.apache.ratis.thirdparty.io.netty.channel.nio.NioEventLoop.run(NioEventLoop.java:458)
	at org.apache.ratis.thirdparty.io.netty.util.concurrent.SingleThreadEventExecutor$5.run(SingleThreadEventExecutor.java:897)
	at org.apache.ratis.thirdparty.io.netty.util.concurrent.FastThreadLocalRunnable.run(FastThreadLocalRunnable.java:30)
	... 1 more
Caused by: java.net.ConnectException: Connection refused
	... 11 more
2019-10-22 00:13:20,626 [2fdb3e93-e0d8-400e-8c33-91e2341b50c6@group-F01152B53F91-LeaderElection234] INFO  impl.LeaderElection (LeaderElection.java:logAndReturn(56)) - 2fdb3e93-e0d8-400e-8c33-91e2341b50c6@group-F01152B53F91-LeaderElection234: Election REJECTED; received 0 response(s) [] and 2 exception(s); 2fdb3e93-e0d8-400e-8c33-91e2341b50c6@group-F01152B53F91:t233, leader=null, voted=2fdb3e93-e0d8-400e-8c33-91e2341b50c6, raftlog=2fdb3e93-e0d8-400e-8c33-91e2341b50c6@group-F01152B53F91-SegmentedRaftLog:OPENED:c-1,f-1,i0, conf=-1: [2fdb3e93-e0d8-400e-8c33-91e2341b50c6:192.168.157.254:43254, 062c71de-08d9-40ee-9309-15590e2e8e68:192.168.157.254:45598, 2a52019e-5647-44e1-bf30-9a43fd8a7377:192.168.157.254:36038], old=null
2019-10-22 00:13:20,626 [2fdb3e93-e0d8-400e-8c33-91e2341b50c6@group-F01152B53F91-LeaderElection234] INFO  impl.LeaderElection (LogUtils.java:infoOrTrace(149)) -   Exception 0: {}
java.util.concurrent.ExecutionException: org.apache.ratis.thirdparty.io.grpc.StatusRuntimeException: UNAVAILABLE: io exception
	at java.util.concurrent.FutureTask.report(FutureTask.java:122)
	at java.util.concurrent.FutureTask.get(FutureTask.java:192)
	at org.apache.ratis.server.impl.LeaderElection.waitForResults(LeaderElection.java:259)
	at org.apache.ratis.server.impl.LeaderElection.askForVotes(LeaderElection.java:197)
	at org.apache.ratis.server.impl.LeaderElection.run(LeaderElection.java:133)
	at java.lang.Thread.run(Thread.java:748)
Caused by: org.apache.ratis.thirdparty.io.grpc.StatusRuntimeException: UNAVAILABLE: io exception
	at org.apache.ratis.thirdparty.io.grpc.stub.ClientCalls.toStatusRuntimeException(ClientCalls.java:233)
	at org.apache.ratis.thirdparty.io.grpc.stub.ClientCalls.getUnchecked(ClientCalls.java:214)
	at org.apache.ratis.thirdparty.io.grpc.stub.ClientCalls.blockingUnaryCall(ClientCalls.java:139)
	at org.apache.ratis.proto.grpc.RaftServerProtocolServiceGrpc$RaftServerProtocolServiceBlockingStub.requestVote(RaftServerProtocolServiceGrpc.java:265)
	at org.apache.ratis.grpc.server.GrpcServerProtocolClient.requestVote(GrpcServerProtocolClient.java:99)
	at org.apache.ratis.grpc.server.GrpcService.requestVote(GrpcService.java:204)
	at org.apache.ratis.server.impl.LeaderElection.lambda$submitRequests$1(LeaderElection.java:234)
	at java.util.concurrent.FutureTask.run(FutureTask.java:266)
	at java.util.concurrent.Executors$RunnableAdapter.call(Executors.java:511)
	at java.util.concurrent.FutureTask.run(FutureTask.java:266)
	at java.util.concurrent.ThreadPoolExecutor.runWorker(ThreadPoolExecutor.java:1149)
	at java.util.concurrent.ThreadPoolExecutor$Worker.run(ThreadPoolExecutor.java:624)
	... 1 more
Caused by: org.apache.ratis.thirdparty.io.netty.channel.AbstractChannel$AnnotatedConnectException: Connection refused: /192.168.157.254:36038
	at sun.nio.ch.SocketChannelImpl.checkConnect(Native Method)
	at sun.nio.ch.SocketChannelImpl.finishConnect(SocketChannelImpl.java:717)
	at org.apache.ratis.thirdparty.io.netty.channel.socket.nio.NioSocketChannel.doFinishConnect(NioSocketChannel.java:327)
	at org.apache.ratis.thirdparty.io.netty.channel.nio.AbstractNioChannel$AbstractNioUnsafe.finishConnect(AbstractNioChannel.java:340)
	at org.apache.ratis.thirdparty.io.netty.channel.nio.NioEventLoop.processSelectedKey(NioEventLoop.java:632)
	at org.apache.ratis.thirdparty.io.netty.channel.nio.NioEventLoop.processSelectedKeysOptimized(NioEventLoop.java:579)
	at org.apache.ratis.thirdparty.io.netty.channel.nio.NioEventLoop.processSelectedKeys(NioEventLoop.java:496)
	at org.apache.ratis.thirdparty.io.netty.channel.nio.NioEventLoop.run(NioEventLoop.java:458)
	at org.apache.ratis.thirdparty.io.netty.util.concurrent.SingleThreadEventExecutor$5.run(SingleThreadEventExecutor.java:897)
	at org.apache.ratis.thirdparty.io.netty.util.concurrent.FastThreadLocalRunnable.run(FastThreadLocalRunnable.java:30)
	... 1 more
Caused by: java.net.ConnectException: Connection refused
	... 11 more
2019-10-22 00:13:20,627 [2fdb3e93-e0d8-400e-8c33-91e2341b50c6@group-F01152B53F91-LeaderElection234] INFO  impl.LeaderElection (LogUtils.java:infoOrTrace(149)) -   Exception 1: {}
java.util.concurrent.ExecutionException: org.apache.ratis.thirdparty.io.grpc.StatusRuntimeException: UNAVAILABLE: io exception
	at java.util.concurrent.FutureTask.report(FutureTask.java:122)
	at java.util.concurrent.FutureTask.get(FutureTask.java:192)
	at org.apache.ratis.server.impl.LeaderElection.waitForResults(LeaderElection.java:259)
	at org.apache.ratis.server.impl.LeaderElection.askForVotes(LeaderElection.java:197)
	at org.apache.ratis.server.impl.LeaderElection.run(LeaderElection.java:133)
	at java.lang.Thread.run(Thread.java:748)
Caused by: org.apache.ratis.thirdparty.io.grpc.StatusRuntimeException: UNAVAILABLE: io exception
	at org.apache.ratis.thirdparty.io.grpc.stub.ClientCalls.toStatusRuntimeException(ClientCalls.java:233)
	at org.apache.ratis.thirdparty.io.grpc.stub.ClientCalls.getUnchecked(ClientCalls.java:214)
	at org.apache.ratis.thirdparty.io.grpc.stub.ClientCalls.blockingUnaryCall(ClientCalls.java:139)
	at org.apache.ratis.proto.grpc.RaftServerProtocolServiceGrpc$RaftServerProtocolServiceBlockingStub.requestVote(RaftServerProtocolServiceGrpc.java:265)
	at org.apache.ratis.grpc.server.GrpcServerProtocolClient.requestVote(GrpcServerProtocolClient.java:99)
	at org.apache.ratis.grpc.server.GrpcService.requestVote(GrpcService.java:204)
	at org.apache.ratis.server.impl.LeaderElection.lambda$submitRequests$1(LeaderElection.java:234)
	at java.util.concurrent.FutureTask.run(FutureTask.java:266)
	at java.util.concurrent.Executors$RunnableAdapter.call(Executors.java:511)
	at java.util.concurrent.FutureTask.run(FutureTask.java:266)
	at java.util.concurrent.ThreadPoolExecutor.runWorker(ThreadPoolExecutor.java:1149)
	at java.util.concurrent.ThreadPoolExecutor$Worker.run(ThreadPoolExecutor.java:624)
	... 1 more
Caused by: org.apache.ratis.thirdparty.io.netty.channel.AbstractChannel$AnnotatedConnectException: Connection refused: /192.168.157.254:45598
	at sun.nio.ch.SocketChannelImpl.checkConnect(Native Method)
	at sun.nio.ch.SocketChannelImpl.finishConnect(SocketChannelImpl.java:717)
	at org.apache.ratis.thirdparty.io.netty.channel.socket.nio.NioSocketChannel.doFinishConnect(NioSocketChannel.java:327)
	at org.apache.ratis.thirdparty.io.netty.channel.nio.AbstractNioChannel$AbstractNioUnsafe.finishConnect(AbstractNioChannel.java:340)
	at org.apache.ratis.thirdparty.io.netty.channel.nio.NioEventLoop.processSelectedKey(NioEventLoop.java:632)
	at org.apache.ratis.thirdparty.io.netty.channel.nio.NioEventLoop.processSelectedKeysOptimized(NioEventLoop.java:579)
	at org.apache.ratis.thirdparty.io.netty.channel.nio.NioEventLoop.processSelectedKeys(NioEventLoop.java:496)
	at org.apache.ratis.thirdparty.io.netty.channel.nio.NioEventLoop.run(NioEventLoop.java:458)
	at org.apache.ratis.thirdparty.io.netty.util.concurrent.SingleThreadEventExecutor$5.run(SingleThreadEventExecutor.java:897)
	at org.apache.ratis.thirdparty.io.netty.util.concurrent.FastThreadLocalRunnable.run(FastThreadLocalRunnable.java:30)
	... 1 more
Caused by: java.net.ConnectException: Connection refused
	... 11 more
2019-10-22 00:13:20,627 [2fdb3e93-e0d8-400e-8c33-91e2341b50c6@group-F01152B53F91-LeaderElection234] INFO  impl.RaftServerImpl (RaftServerImpl.java:setRole(184)) - 2fdb3e93-e0d8-400e-8c33-91e2341b50c6@group-F01152B53F91: changes role from CANDIDATE to FOLLOWER at term 233 for DISCOVERED_A_NEW_TERM
2019-10-22 00:13:20,628 [2fdb3e93-e0d8-400e-8c33-91e2341b50c6@group-F01152B53F91-LeaderElection234] INFO  impl.RoleInfo (RoleInfo.java:shutdownLeaderElection(134)) - 2fdb3e93-e0d8-400e-8c33-91e2341b50c6: shutdown LeaderElection
2019-10-22 00:13:20,628 [2fdb3e93-e0d8-400e-8c33-91e2341b50c6@group-F01152B53F91-LeaderElection234] INFO  impl.RoleInfo (RoleInfo.java:updateAndGet(143)) - 2fdb3e93-e0d8-400e-8c33-91e2341b50c6: start FollowerState
2019-10-22 00:13:20,737 [Thread-1975] INFO  impl.FollowerState (FollowerState.java:run(108)) - 2fdb3e93-e0d8-400e-8c33-91e2341b50c6@group-F01152B53F91-FollowerState: change to CANDIDATE, lastRpcTime:109ms, electionTimeout:109ms
2019-10-22 00:13:20,737 [Thread-1975] INFO  impl.RoleInfo (RoleInfo.java:shutdownFollowerState(121)) - 2fdb3e93-e0d8-400e-8c33-91e2341b50c6: shutdown FollowerState
2019-10-22 00:13:20,737 [Thread-1975] INFO  impl.RaftServerImpl (RaftServerImpl.java:setRole(184)) - 2fdb3e93-e0d8-400e-8c33-91e2341b50c6@group-F01152B53F91: changes role from  FOLLOWER to CANDIDATE at term 233 for changeToCandidate
2019-10-22 00:13:20,738 [Thread-1975] INFO  impl.RoleInfo (RoleInfo.java:updateAndGet(143)) - 2fdb3e93-e0d8-400e-8c33-91e2341b50c6: start LeaderElection
2019-10-22 00:13:20,742 [2fdb3e93-e0d8-400e-8c33-91e2341b50c6@group-F01152B53F91-LeaderElection235] INFO  impl.LeaderElection (LeaderElection.java:askForVotes(178)) - 2fdb3e93-e0d8-400e-8c33-91e2341b50c6@group-F01152B53F91-LeaderElection235: begin an election at term 234 for -1: [2fdb3e93-e0d8-400e-8c33-91e2341b50c6:192.168.157.254:43254, 062c71de-08d9-40ee-9309-15590e2e8e68:192.168.157.254:45598, 2a52019e-5647-44e1-bf30-9a43fd8a7377:192.168.157.254:36038], old=null
2019-10-22 00:13:20,743 [2fdb3e93-e0d8-400e-8c33-91e2341b50c6@group-F01152B53F91-LeaderElection235] INFO  impl.LeaderElection (LogUtils.java:infoOrTrace(149)) - 2fdb3e93-e0d8-400e-8c33-91e2341b50c6@group-F01152B53F91-LeaderElection235 got exception when requesting votes: {}
java.util.concurrent.ExecutionException: org.apache.ratis.thirdparty.io.grpc.StatusRuntimeException: UNAVAILABLE: io exception
	at java.util.concurrent.FutureTask.report(FutureTask.java:122)
	at java.util.concurrent.FutureTask.get(FutureTask.java:192)
	at org.apache.ratis.server.impl.LeaderElection.waitForResults(LeaderElection.java:259)
	at org.apache.ratis.server.impl.LeaderElection.askForVotes(LeaderElection.java:197)
	at org.apache.ratis.server.impl.LeaderElection.run(LeaderElection.java:133)
	at java.lang.Thread.run(Thread.java:748)
Caused by: org.apache.ratis.thirdparty.io.grpc.StatusRuntimeException: UNAVAILABLE: io exception
	at org.apache.ratis.thirdparty.io.grpc.stub.ClientCalls.toStatusRuntimeException(ClientCalls.java:233)
	at org.apache.ratis.thirdparty.io.grpc.stub.ClientCalls.getUnchecked(ClientCalls.java:214)
	at org.apache.ratis.thirdparty.io.grpc.stub.ClientCalls.blockingUnaryCall(ClientCalls.java:139)
	at org.apache.ratis.proto.grpc.RaftServerProtocolServiceGrpc$RaftServerProtocolServiceBlockingStub.requestVote(RaftServerProtocolServiceGrpc.java:265)
	at org.apache.ratis.grpc.server.GrpcServerProtocolClient.requestVote(GrpcServerProtocolClient.java:99)
	at org.apache.ratis.grpc.server.GrpcService.requestVote(GrpcService.java:204)
	at org.apache.ratis.server.impl.LeaderElection.lambda$submitRequests$1(LeaderElection.java:234)
	at java.util.concurrent.FutureTask.run(FutureTask.java:266)
	at java.util.concurrent.Executors$RunnableAdapter.call(Executors.java:511)
	at java.util.concurrent.FutureTask.run(FutureTask.java:266)
	at java.util.concurrent.ThreadPoolExecutor.runWorker(ThreadPoolExecutor.java:1149)
	at java.util.concurrent.ThreadPoolExecutor$Worker.run(ThreadPoolExecutor.java:624)
	... 1 more
Caused by: org.apache.ratis.thirdparty.io.netty.channel.AbstractChannel$AnnotatedConnectException: Connection refused: /192.168.157.254:45598
	at sun.nio.ch.SocketChannelImpl.checkConnect(Native Method)
	at sun.nio.ch.SocketChannelImpl.finishConnect(SocketChannelImpl.java:717)
	at org.apache.ratis.thirdparty.io.netty.channel.socket.nio.NioSocketChannel.doFinishConnect(NioSocketChannel.java:327)
	at org.apache.ratis.thirdparty.io.netty.channel.nio.AbstractNioChannel$AbstractNioUnsafe.finishConnect(AbstractNioChannel.java:340)
	at org.apache.ratis.thirdparty.io.netty.channel.nio.NioEventLoop.processSelectedKey(NioEventLoop.java:632)
	at org.apache.ratis.thirdparty.io.netty.channel.nio.NioEventLoop.processSelectedKeysOptimized(NioEventLoop.java:579)
	at org.apache.ratis.thirdparty.io.netty.channel.nio.NioEventLoop.processSelectedKeys(NioEventLoop.java:496)
	at org.apache.ratis.thirdparty.io.netty.channel.nio.NioEventLoop.run(NioEventLoop.java:458)
	at org.apache.ratis.thirdparty.io.netty.util.concurrent.SingleThreadEventExecutor$5.run(SingleThreadEventExecutor.java:897)
	at org.apache.ratis.thirdparty.io.netty.util.concurrent.FastThreadLocalRunnable.run(FastThreadLocalRunnable.java:30)
	... 1 more
Caused by: java.net.ConnectException: Connection refused
	... 11 more
2019-10-22 00:13:20,744 [2fdb3e93-e0d8-400e-8c33-91e2341b50c6@group-F01152B53F91-LeaderElection235] INFO  impl.LeaderElection (LogUtils.java:infoOrTrace(149)) - 2fdb3e93-e0d8-400e-8c33-91e2341b50c6@group-F01152B53F91-LeaderElection235 got exception when requesting votes: {}
java.util.concurrent.ExecutionException: org.apache.ratis.thirdparty.io.grpc.StatusRuntimeException: UNAVAILABLE: io exception
	at java.util.concurrent.FutureTask.report(FutureTask.java:122)
	at java.util.concurrent.FutureTask.get(FutureTask.java:192)
	at org.apache.ratis.server.impl.LeaderElection.waitForResults(LeaderElection.java:259)
	at org.apache.ratis.server.impl.LeaderElection.askForVotes(LeaderElection.java:197)
	at org.apache.ratis.server.impl.LeaderElection.run(LeaderElection.java:133)
	at java.lang.Thread.run(Thread.java:748)
Caused by: org.apache.ratis.thirdparty.io.grpc.StatusRuntimeException: UNAVAILABLE: io exception
	at org.apache.ratis.thirdparty.io.grpc.stub.ClientCalls.toStatusRuntimeException(ClientCalls.java:233)
	at org.apache.ratis.thirdparty.io.grpc.stub.ClientCalls.getUnchecked(ClientCalls.java:214)
	at org.apache.ratis.thirdparty.io.grpc.stub.ClientCalls.blockingUnaryCall(ClientCalls.java:139)
	at org.apache.ratis.proto.grpc.RaftServerProtocolServiceGrpc$RaftServerProtocolServiceBlockingStub.requestVote(RaftServerProtocolServiceGrpc.java:265)
	at org.apache.ratis.grpc.server.GrpcServerProtocolClient.requestVote(GrpcServerProtocolClient.java:99)
	at org.apache.ratis.grpc.server.GrpcService.requestVote(GrpcService.java:204)
	at org.apache.ratis.server.impl.LeaderElection.lambda$submitRequests$1(LeaderElection.java:234)
	at java.util.concurrent.FutureTask.run(FutureTask.java:266)
	at java.util.concurrent.Executors$RunnableAdapter.call(Executors.java:511)
	at java.util.concurrent.FutureTask.run(FutureTask.java:266)
	at java.util.concurrent.ThreadPoolExecutor.runWorker(ThreadPoolExecutor.java:1149)
	at java.util.concurrent.ThreadPoolExecutor$Worker.run(ThreadPoolExecutor.java:624)
	... 1 more
Caused by: org.apache.ratis.thirdparty.io.netty.channel.AbstractChannel$AnnotatedConnectException: Connection refused: /192.168.157.254:36038
	at sun.nio.ch.SocketChannelImpl.checkConnect(Native Method)
	at sun.nio.ch.SocketChannelImpl.finishConnect(SocketChannelImpl.java:717)
	at org.apache.ratis.thirdparty.io.netty.channel.socket.nio.NioSocketChannel.doFinishConnect(NioSocketChannel.java:327)
	at org.apache.ratis.thirdparty.io.netty.channel.nio.AbstractNioChannel$AbstractNioUnsafe.finishConnect(AbstractNioChannel.java:340)
	at org.apache.ratis.thirdparty.io.netty.channel.nio.NioEventLoop.processSelectedKey(NioEventLoop.java:632)
	at org.apache.ratis.thirdparty.io.netty.channel.nio.NioEventLoop.processSelectedKeysOptimized(NioEventLoop.java:579)
	at org.apache.ratis.thirdparty.io.netty.channel.nio.NioEventLoop.processSelectedKeys(NioEventLoop.java:496)
	at org.apache.ratis.thirdparty.io.netty.channel.nio.NioEventLoop.run(NioEventLoop.java:458)
	at org.apache.ratis.thirdparty.io.netty.util.concurrent.SingleThreadEventExecutor$5.run(SingleThreadEventExecutor.java:897)
	at org.apache.ratis.thirdparty.io.netty.util.concurrent.FastThreadLocalRunnable.run(FastThreadLocalRunnable.java:30)
	... 1 more
Caused by: java.net.ConnectException: Connection refused
	... 11 more
2019-10-22 00:13:20,744 [2fdb3e93-e0d8-400e-8c33-91e2341b50c6@group-F01152B53F91-LeaderElection235] INFO  impl.LeaderElection (LeaderElection.java:logAndReturn(56)) - 2fdb3e93-e0d8-400e-8c33-91e2341b50c6@group-F01152B53F91-LeaderElection235: Election REJECTED; received 0 response(s) [] and 2 exception(s); 2fdb3e93-e0d8-400e-8c33-91e2341b50c6@group-F01152B53F91:t234, leader=null, voted=2fdb3e93-e0d8-400e-8c33-91e2341b50c6, raftlog=2fdb3e93-e0d8-400e-8c33-91e2341b50c6@group-F01152B53F91-SegmentedRaftLog:OPENED:c-1,f-1,i0, conf=-1: [2fdb3e93-e0d8-400e-8c33-91e2341b50c6:192.168.157.254:43254, 062c71de-08d9-40ee-9309-15590e2e8e68:192.168.157.254:45598, 2a52019e-5647-44e1-bf30-9a43fd8a7377:192.168.157.254:36038], old=null
2019-10-22 00:13:20,744 [2fdb3e93-e0d8-400e-8c33-91e2341b50c6@group-F01152B53F91-LeaderElection235] INFO  impl.LeaderElection (LogUtils.java:infoOrTrace(149)) -   Exception 0: {}
java.util.concurrent.ExecutionException: org.apache.ratis.thirdparty.io.grpc.StatusRuntimeException: UNAVAILABLE: io exception
	at java.util.concurrent.FutureTask.report(FutureTask.java:122)
	at java.util.concurrent.FutureTask.get(FutureTask.java:192)
	at org.apache.ratis.server.impl.LeaderElection.waitForResults(LeaderElection.java:259)
	at org.apache.ratis.server.impl.LeaderElection.askForVotes(LeaderElection.java:197)
	at org.apache.ratis.server.impl.LeaderElection.run(LeaderElection.java:133)
	at java.lang.Thread.run(Thread.java:748)
Caused by: org.apache.ratis.thirdparty.io.grpc.StatusRuntimeException: UNAVAILABLE: io exception
	at org.apache.ratis.thirdparty.io.grpc.stub.ClientCalls.toStatusRuntimeException(ClientCalls.java:233)
	at org.apache.ratis.thirdparty.io.grpc.stub.ClientCalls.getUnchecked(ClientCalls.java:214)
	at org.apache.ratis.thirdparty.io.grpc.stub.ClientCalls.blockingUnaryCall(ClientCalls.java:139)
	at org.apache.ratis.proto.grpc.RaftServerProtocolServiceGrpc$RaftServerProtocolServiceBlockingStub.requestVote(RaftServerProtocolServiceGrpc.java:265)
	at org.apache.ratis.grpc.server.GrpcServerProtocolClient.requestVote(GrpcServerProtocolClient.java:99)
	at org.apache.ratis.grpc.server.GrpcService.requestVote(GrpcService.java:204)
	at org.apache.ratis.server.impl.LeaderElection.lambda$submitRequests$1(LeaderElection.java:234)
	at java.util.concurrent.FutureTask.run(FutureTask.java:266)
	at java.util.concurrent.Executors$RunnableAdapter.call(Executors.java:511)
	at java.util.concurrent.FutureTask.run(FutureTask.java:266)
	at java.util.concurrent.ThreadPoolExecutor.runWorker(ThreadPoolExecutor.java:1149)
	at java.util.concurrent.ThreadPoolExecutor$Worker.run(ThreadPoolExecutor.java:624)
	... 1 more
Caused by: org.apache.ratis.thirdparty.io.netty.channel.AbstractChannel$AnnotatedConnectException: Connection refused: /192.168.157.254:45598
	at sun.nio.ch.SocketChannelImpl.checkConnect(Native Method)
	at sun.nio.ch.SocketChannelImpl.finishConnect(SocketChannelImpl.java:717)
	at org.apache.ratis.thirdparty.io.netty.channel.socket.nio.NioSocketChannel.doFinishConnect(NioSocketChannel.java:327)
	at org.apache.ratis.thirdparty.io.netty.channel.nio.AbstractNioChannel$AbstractNioUnsafe.finishConnect(AbstractNioChannel.java:340)
	at org.apache.ratis.thirdparty.io.netty.channel.nio.NioEventLoop.processSelectedKey(NioEventLoop.java:632)
	at org.apache.ratis.thirdparty.io.netty.channel.nio.NioEventLoop.processSelectedKeysOptimized(NioEventLoop.java:579)
	at org.apache.ratis.thirdparty.io.netty.channel.nio.NioEventLoop.processSelectedKeys(NioEventLoop.java:496)
	at org.apache.ratis.thirdparty.io.netty.channel.nio.NioEventLoop.run(NioEventLoop.java:458)
	at org.apache.ratis.thirdparty.io.netty.util.concurrent.SingleThreadEventExecutor$5.run(SingleThreadEventExecutor.java:897)
	at org.apache.ratis.thirdparty.io.netty.util.concurrent.FastThreadLocalRunnable.run(FastThreadLocalRunnable.java:30)
	... 1 more
Caused by: java.net.ConnectException: Connection refused
	... 11 more
2019-10-22 00:13:20,745 [2fdb3e93-e0d8-400e-8c33-91e2341b50c6@group-F01152B53F91-LeaderElection235] INFO  impl.LeaderElection (LogUtils.java:infoOrTrace(149)) -   Exception 1: {}
java.util.concurrent.ExecutionException: org.apache.ratis.thirdparty.io.grpc.StatusRuntimeException: UNAVAILABLE: io exception
	at java.util.concurrent.FutureTask.report(FutureTask.java:122)
	at java.util.concurrent.FutureTask.get(FutureTask.java:192)
	at org.apache.ratis.server.impl.LeaderElection.waitForResults(LeaderElection.java:259)
	at org.apache.ratis.server.impl.LeaderElection.askForVotes(LeaderElection.java:197)
	at org.apache.ratis.server.impl.LeaderElection.run(LeaderElection.java:133)
	at java.lang.Thread.run(Thread.java:748)
Caused by: org.apache.ratis.thirdparty.io.grpc.StatusRuntimeException: UNAVAILABLE: io exception
	at org.apache.ratis.thirdparty.io.grpc.stub.ClientCalls.toStatusRuntimeException(ClientCalls.java:233)
	at org.apache.ratis.thirdparty.io.grpc.stub.ClientCalls.getUnchecked(ClientCalls.java:214)
	at org.apache.ratis.thirdparty.io.grpc.stub.ClientCalls.blockingUnaryCall(ClientCalls.java:139)
	at org.apache.ratis.proto.grpc.RaftServerProtocolServiceGrpc$RaftServerProtocolServiceBlockingStub.requestVote(RaftServerProtocolServiceGrpc.java:265)
	at org.apache.ratis.grpc.server.GrpcServerProtocolClient.requestVote(GrpcServerProtocolClient.java:99)
	at org.apache.ratis.grpc.server.GrpcService.requestVote(GrpcService.java:204)
	at org.apache.ratis.server.impl.LeaderElection.lambda$submitRequests$1(LeaderElection.java:234)
	at java.util.concurrent.FutureTask.run(FutureTask.java:266)
	at java.util.concurrent.Executors$RunnableAdapter.call(Executors.java:511)
	at java.util.concurrent.FutureTask.run(FutureTask.java:266)
	at java.util.concurrent.ThreadPoolExecutor.runWorker(ThreadPoolExecutor.java:1149)
	at java.util.concurrent.ThreadPoolExecutor$Worker.run(ThreadPoolExecutor.java:624)
	... 1 more
Caused by: org.apache.ratis.thirdparty.io.netty.channel.AbstractChannel$AnnotatedConnectException: Connection refused: /192.168.157.254:36038
	at sun.nio.ch.SocketChannelImpl.checkConnect(Native Method)
	at sun.nio.ch.SocketChannelImpl.finishConnect(SocketChannelImpl.java:717)
	at org.apache.ratis.thirdparty.io.netty.channel.socket.nio.NioSocketChannel.doFinishConnect(NioSocketChannel.java:327)
	at org.apache.ratis.thirdparty.io.netty.channel.nio.AbstractNioChannel$AbstractNioUnsafe.finishConnect(AbstractNioChannel.java:340)
	at org.apache.ratis.thirdparty.io.netty.channel.nio.NioEventLoop.processSelectedKey(NioEventLoop.java:632)
	at org.apache.ratis.thirdparty.io.netty.channel.nio.NioEventLoop.processSelectedKeysOptimized(NioEventLoop.java:579)
	at org.apache.ratis.thirdparty.io.netty.channel.nio.NioEventLoop.processSelectedKeys(NioEventLoop.java:496)
	at org.apache.ratis.thirdparty.io.netty.channel.nio.NioEventLoop.run(NioEventLoop.java:458)
	at org.apache.ratis.thirdparty.io.netty.util.concurrent.SingleThreadEventExecutor$5.run(SingleThreadEventExecutor.java:897)
	at org.apache.ratis.thirdparty.io.netty.util.concurrent.FastThreadLocalRunnable.run(FastThreadLocalRunnable.java:30)
	... 1 more
Caused by: java.net.ConnectException: Connection refused
	... 11 more
2019-10-22 00:13:20,745 [2fdb3e93-e0d8-400e-8c33-91e2341b50c6@group-F01152B53F91-LeaderElection235] INFO  impl.RaftServerImpl (RaftServerImpl.java:setRole(184)) - 2fdb3e93-e0d8-400e-8c33-91e2341b50c6@group-F01152B53F91: changes role from CANDIDATE to FOLLOWER at term 234 for DISCOVERED_A_NEW_TERM
2019-10-22 00:13:20,745 [2fdb3e93-e0d8-400e-8c33-91e2341b50c6@group-F01152B53F91-LeaderElection235] INFO  impl.RoleInfo (RoleInfo.java:shutdownLeaderElection(134)) - 2fdb3e93-e0d8-400e-8c33-91e2341b50c6: shutdown LeaderElection
2019-10-22 00:13:20,745 [2fdb3e93-e0d8-400e-8c33-91e2341b50c6@group-F01152B53F91-LeaderElection235] INFO  impl.RoleInfo (RoleInfo.java:updateAndGet(143)) - 2fdb3e93-e0d8-400e-8c33-91e2341b50c6: start FollowerState
2019-10-22 00:13:20,800 [java.util.concurrent.ThreadPoolExecutor$Worker@c41ae0f[State = -1, empty queue]] WARN  server.GrpcLogAppender (GrpcLogAppender.java:timeoutAppendRequest(209)) - fad63ceb-ed14-4322-905d-6ef3599ac734@group-0045C62F497D->5732e052-e19f-40fe-a104-972211db20fb-GrpcLogAppender: appendEntries Timeout, request=fad63ceb-ed14-4322-905d-6ef3599ac734->5732e052-e19f-40fe-a104-972211db20fb#52-t1, previous=(t:1, i:0), leaderCommit=0, initializing? false, entries: <empty>
2019-10-22 00:13:20,932 [Thread-1979] INFO  impl.FollowerState (FollowerState.java:run(108)) - 2fdb3e93-e0d8-400e-8c33-91e2341b50c6@group-F01152B53F91-FollowerState: change to CANDIDATE, lastRpcTime:186ms, electionTimeout:186ms
2019-10-22 00:13:20,932 [Thread-1979] INFO  impl.RoleInfo (RoleInfo.java:shutdownFollowerState(121)) - 2fdb3e93-e0d8-400e-8c33-91e2341b50c6: shutdown FollowerState
2019-10-22 00:13:20,932 [Thread-1979] INFO  impl.RaftServerImpl (RaftServerImpl.java:setRole(184)) - 2fdb3e93-e0d8-400e-8c33-91e2341b50c6@group-F01152B53F91: changes role from  FOLLOWER to CANDIDATE at term 234 for changeToCandidate
2019-10-22 00:13:20,933 [Thread-1979] INFO  impl.RoleInfo (RoleInfo.java:updateAndGet(143)) - 2fdb3e93-e0d8-400e-8c33-91e2341b50c6: start LeaderElection
2019-10-22 00:13:20,944 [2fdb3e93-e0d8-400e-8c33-91e2341b50c6@group-F01152B53F91-LeaderElection236] INFO  impl.LeaderElection (LeaderElection.java:askForVotes(178)) - 2fdb3e93-e0d8-400e-8c33-91e2341b50c6@group-F01152B53F91-LeaderElection236: begin an election at term 235 for -1: [2fdb3e93-e0d8-400e-8c33-91e2341b50c6:192.168.157.254:43254, 062c71de-08d9-40ee-9309-15590e2e8e68:192.168.157.254:45598, 2a52019e-5647-44e1-bf30-9a43fd8a7377:192.168.157.254:36038], old=null
2019-10-22 00:13:20,945 [2fdb3e93-e0d8-400e-8c33-91e2341b50c6@group-F01152B53F91-LeaderElection236] INFO  impl.LeaderElection (LogUtils.java:infoOrTrace(149)) - 2fdb3e93-e0d8-400e-8c33-91e2341b50c6@group-F01152B53F91-LeaderElection236 got exception when requesting votes: {}
java.util.concurrent.ExecutionException: org.apache.ratis.thirdparty.io.grpc.StatusRuntimeException: UNAVAILABLE: io exception
	at java.util.concurrent.FutureTask.report(FutureTask.java:122)
	at java.util.concurrent.FutureTask.get(FutureTask.java:192)
	at org.apache.ratis.server.impl.LeaderElection.waitForResults(LeaderElection.java:259)
	at org.apache.ratis.server.impl.LeaderElection.askForVotes(LeaderElection.java:197)
	at org.apache.ratis.server.impl.LeaderElection.run(LeaderElection.java:133)
	at java.lang.Thread.run(Thread.java:748)
Caused by: org.apache.ratis.thirdparty.io.grpc.StatusRuntimeException: UNAVAILABLE: io exception
	at org.apache.ratis.thirdparty.io.grpc.stub.ClientCalls.toStatusRuntimeException(ClientCalls.java:233)
	at org.apache.ratis.thirdparty.io.grpc.stub.ClientCalls.getUnchecked(ClientCalls.java:214)
	at org.apache.ratis.thirdparty.io.grpc.stub.ClientCalls.blockingUnaryCall(ClientCalls.java:139)
	at org.apache.ratis.proto.grpc.RaftServerProtocolServiceGrpc$RaftServerProtocolServiceBlockingStub.requestVote(RaftServerProtocolServiceGrpc.java:265)
	at org.apache.ratis.grpc.server.GrpcServerProtocolClient.requestVote(GrpcServerProtocolClient.java:99)
	at org.apache.ratis.grpc.server.GrpcService.requestVote(GrpcService.java:204)
	at org.apache.ratis.server.impl.LeaderElection.lambda$submitRequests$1(LeaderElection.java:234)
	at java.util.concurrent.FutureTask.run(FutureTask.java:266)
	at java.util.concurrent.Executors$RunnableAdapter.call(Executors.java:511)
	at java.util.concurrent.FutureTask.run(FutureTask.java:266)
	at java.util.concurrent.ThreadPoolExecutor.runWorker(ThreadPoolExecutor.java:1149)
	at java.util.concurrent.ThreadPoolExecutor$Worker.run(ThreadPoolExecutor.java:624)
	... 1 more
Caused by: org.apache.ratis.thirdparty.io.netty.channel.AbstractChannel$AnnotatedConnectException: Connection refused: /192.168.157.254:45598
	at sun.nio.ch.SocketChannelImpl.checkConnect(Native Method)
	at sun.nio.ch.SocketChannelImpl.finishConnect(SocketChannelImpl.java:717)
	at org.apache.ratis.thirdparty.io.netty.channel.socket.nio.NioSocketChannel.doFinishConnect(NioSocketChannel.java:327)
	at org.apache.ratis.thirdparty.io.netty.channel.nio.AbstractNioChannel$AbstractNioUnsafe.finishConnect(AbstractNioChannel.java:340)
	at org.apache.ratis.thirdparty.io.netty.channel.nio.NioEventLoop.processSelectedKey(NioEventLoop.java:632)
	at org.apache.ratis.thirdparty.io.netty.channel.nio.NioEventLoop.processSelectedKeysOptimized(NioEventLoop.java:579)
	at org.apache.ratis.thirdparty.io.netty.channel.nio.NioEventLoop.processSelectedKeys(NioEventLoop.java:496)
	at org.apache.ratis.thirdparty.io.netty.channel.nio.NioEventLoop.run(NioEventLoop.java:458)
	at org.apache.ratis.thirdparty.io.netty.util.concurrent.SingleThreadEventExecutor$5.run(SingleThreadEventExecutor.java:897)
	at org.apache.ratis.thirdparty.io.netty.util.concurrent.FastThreadLocalRunnable.run(FastThreadLocalRunnable.java:30)
	... 1 more
Caused by: java.net.ConnectException: Connection refused
	... 11 more
2019-10-22 00:13:20,945 [2fdb3e93-e0d8-400e-8c33-91e2341b50c6@group-F01152B53F91-LeaderElection236] INFO  impl.LeaderElection (LogUtils.java:infoOrTrace(149)) - 2fdb3e93-e0d8-400e-8c33-91e2341b50c6@group-F01152B53F91-LeaderElection236 got exception when requesting votes: {}
java.util.concurrent.ExecutionException: org.apache.ratis.thirdparty.io.grpc.StatusRuntimeException: UNAVAILABLE: io exception
	at java.util.concurrent.FutureTask.report(FutureTask.java:122)
	at java.util.concurrent.FutureTask.get(FutureTask.java:192)
	at org.apache.ratis.server.impl.LeaderElection.waitForResults(LeaderElection.java:259)
	at org.apache.ratis.server.impl.LeaderElection.askForVotes(LeaderElection.java:197)
	at org.apache.ratis.server.impl.LeaderElection.run(LeaderElection.java:133)
	at java.lang.Thread.run(Thread.java:748)
Caused by: org.apache.ratis.thirdparty.io.grpc.StatusRuntimeException: UNAVAILABLE: io exception
	at org.apache.ratis.thirdparty.io.grpc.stub.ClientCalls.toStatusRuntimeException(ClientCalls.java:233)
	at org.apache.ratis.thirdparty.io.grpc.stub.ClientCalls.getUnchecked(ClientCalls.java:214)
	at org.apache.ratis.thirdparty.io.grpc.stub.ClientCalls.blockingUnaryCall(ClientCalls.java:139)
	at org.apache.ratis.proto.grpc.RaftServerProtocolServiceGrpc$RaftServerProtocolServiceBlockingStub.requestVote(RaftServerProtocolServiceGrpc.java:265)
	at org.apache.ratis.grpc.server.GrpcServerProtocolClient.requestVote(GrpcServerProtocolClient.java:99)
	at org.apache.ratis.grpc.server.GrpcService.requestVote(GrpcService.java:204)
	at org.apache.ratis.server.impl.LeaderElection.lambda$submitRequests$1(LeaderElection.java:234)
	at java.util.concurrent.FutureTask.run(FutureTask.java:266)
	at java.util.concurrent.Executors$RunnableAdapter.call(Executors.java:511)
	at java.util.concurrent.FutureTask.run(FutureTask.java:266)
	at java.util.concurrent.ThreadPoolExecutor.runWorker(ThreadPoolExecutor.java:1149)
	at java.util.concurrent.ThreadPoolExecutor$Worker.run(ThreadPoolExecutor.java:624)
	... 1 more
Caused by: org.apache.ratis.thirdparty.io.netty.channel.AbstractChannel$AnnotatedConnectException: Connection refused: /192.168.157.254:36038
	at sun.nio.ch.SocketChannelImpl.checkConnect(Native Method)
	at sun.nio.ch.SocketChannelImpl.finishConnect(SocketChannelImpl.java:717)
	at org.apache.ratis.thirdparty.io.netty.channel.socket.nio.NioSocketChannel.doFinishConnect(NioSocketChannel.java:327)
	at org.apache.ratis.thirdparty.io.netty.channel.nio.AbstractNioChannel$AbstractNioUnsafe.finishConnect(AbstractNioChannel.java:340)
	at org.apache.ratis.thirdparty.io.netty.channel.nio.NioEventLoop.processSelectedKey(NioEventLoop.java:632)
	at org.apache.ratis.thirdparty.io.netty.channel.nio.NioEventLoop.processSelectedKeysOptimized(NioEventLoop.java:579)
	at org.apache.ratis.thirdparty.io.netty.channel.nio.NioEventLoop.processSelectedKeys(NioEventLoop.java:496)
	at org.apache.ratis.thirdparty.io.netty.channel.nio.NioEventLoop.run(NioEventLoop.java:458)
	at org.apache.ratis.thirdparty.io.netty.util.concurrent.SingleThreadEventExecutor$5.run(SingleThreadEventExecutor.java:897)
	at org.apache.ratis.thirdparty.io.netty.util.concurrent.FastThreadLocalRunnable.run(FastThreadLocalRunnable.java:30)
	... 1 more
Caused by: java.net.ConnectException: Connection refused
	... 11 more
2019-10-22 00:13:20,946 [2fdb3e93-e0d8-400e-8c33-91e2341b50c6@group-F01152B53F91-LeaderElection236] INFO  impl.LeaderElection (LeaderElection.java:logAndReturn(56)) - 2fdb3e93-e0d8-400e-8c33-91e2341b50c6@group-F01152B53F91-LeaderElection236: Election REJECTED; received 0 response(s) [] and 2 exception(s); 2fdb3e93-e0d8-400e-8c33-91e2341b50c6@group-F01152B53F91:t235, leader=null, voted=2fdb3e93-e0d8-400e-8c33-91e2341b50c6, raftlog=2fdb3e93-e0d8-400e-8c33-91e2341b50c6@group-F01152B53F91-SegmentedRaftLog:OPENED:c-1,f-1,i0, conf=-1: [2fdb3e93-e0d8-400e-8c33-91e2341b50c6:192.168.157.254:43254, 062c71de-08d9-40ee-9309-15590e2e8e68:192.168.157.254:45598, 2a52019e-5647-44e1-bf30-9a43fd8a7377:192.168.157.254:36038], old=null
2019-10-22 00:13:20,946 [2fdb3e93-e0d8-400e-8c33-91e2341b50c6@group-F01152B53F91-LeaderElection236] INFO  impl.LeaderElection (LogUtils.java:infoOrTrace(149)) -   Exception 0: {}
java.util.concurrent.ExecutionException: org.apache.ratis.thirdparty.io.grpc.StatusRuntimeException: UNAVAILABLE: io exception
	at java.util.concurrent.FutureTask.report(FutureTask.java:122)
	at java.util.concurrent.FutureTask.get(FutureTask.java:192)
	at org.apache.ratis.server.impl.LeaderElection.waitForResults(LeaderElection.java:259)
	at org.apache.ratis.server.impl.LeaderElection.askForVotes(LeaderElection.java:197)
	at org.apache.ratis.server.impl.LeaderElection.run(LeaderElection.java:133)
	at java.lang.Thread.run(Thread.java:748)
Caused by: org.apache.ratis.thirdparty.io.grpc.StatusRuntimeException: UNAVAILABLE: io exception
	at org.apache.ratis.thirdparty.io.grpc.stub.ClientCalls.toStatusRuntimeException(ClientCalls.java:233)
	at org.apache.ratis.thirdparty.io.grpc.stub.ClientCalls.getUnchecked(ClientCalls.java:214)
	at org.apache.ratis.thirdparty.io.grpc.stub.ClientCalls.blockingUnaryCall(ClientCalls.java:139)
	at org.apache.ratis.proto.grpc.RaftServerProtocolServiceGrpc$RaftServerProtocolServiceBlockingStub.requestVote(RaftServerProtocolServiceGrpc.java:265)
	at org.apache.ratis.grpc.server.GrpcServerProtocolClient.requestVote(GrpcServerProtocolClient.java:99)
	at org.apache.ratis.grpc.server.GrpcService.requestVote(GrpcService.java:204)
	at org.apache.ratis.server.impl.LeaderElection.lambda$submitRequests$1(LeaderElection.java:234)
	at java.util.concurrent.FutureTask.run(FutureTask.java:266)
	at java.util.concurrent.Executors$RunnableAdapter.call(Executors.java:511)
	at java.util.concurrent.FutureTask.run(FutureTask.java:266)
	at java.util.concurrent.ThreadPoolExecutor.runWorker(ThreadPoolExecutor.java:1149)
	at java.util.concurrent.ThreadPoolExecutor$Worker.run(ThreadPoolExecutor.java:624)
	... 1 more
Caused by: org.apache.ratis.thirdparty.io.netty.channel.AbstractChannel$AnnotatedConnectException: Connection refused: /192.168.157.254:45598
	at sun.nio.ch.SocketChannelImpl.checkConnect(Native Method)
	at sun.nio.ch.SocketChannelImpl.finishConnect(SocketChannelImpl.java:717)
	at org.apache.ratis.thirdparty.io.netty.channel.socket.nio.NioSocketChannel.doFinishConnect(NioSocketChannel.java:327)
	at org.apache.ratis.thirdparty.io.netty.channel.nio.AbstractNioChannel$AbstractNioUnsafe.finishConnect(AbstractNioChannel.java:340)
	at org.apache.ratis.thirdparty.io.netty.channel.nio.NioEventLoop.processSelectedKey(NioEventLoop.java:632)
	at org.apache.ratis.thirdparty.io.netty.channel.nio.NioEventLoop.processSelectedKeysOptimized(NioEventLoop.java:579)
	at org.apache.ratis.thirdparty.io.netty.channel.nio.NioEventLoop.processSelectedKeys(NioEventLoop.java:496)
	at org.apache.ratis.thirdparty.io.netty.channel.nio.NioEventLoop.run(NioEventLoop.java:458)
	at org.apache.ratis.thirdparty.io.netty.util.concurrent.SingleThreadEventExecutor$5.run(SingleThreadEventExecutor.java:897)
	at org.apache.ratis.thirdparty.io.netty.util.concurrent.FastThreadLocalRunnable.run(FastThreadLocalRunnable.java:30)
	... 1 more
Caused by: java.net.ConnectException: Connection refused
	... 11 more
2019-10-22 00:13:20,946 [2fdb3e93-e0d8-400e-8c33-91e2341b50c6@group-F01152B53F91-LeaderElection236] INFO  impl.LeaderElection (LogUtils.java:infoOrTrace(149)) -   Exception 1: {}
java.util.concurrent.ExecutionException: org.apache.ratis.thirdparty.io.grpc.StatusRuntimeException: UNAVAILABLE: io exception
	at java.util.concurrent.FutureTask.report(FutureTask.java:122)
	at java.util.concurrent.FutureTask.get(FutureTask.java:192)
	at org.apache.ratis.server.impl.LeaderElection.waitForResults(LeaderElection.java:259)
	at org.apache.ratis.server.impl.LeaderElection.askForVotes(LeaderElection.java:197)
	at org.apache.ratis.server.impl.LeaderElection.run(LeaderElection.java:133)
	at java.lang.Thread.run(Thread.java:748)
Caused by: org.apache.ratis.thirdparty.io.grpc.StatusRuntimeException: UNAVAILABLE: io exception
	at org.apache.ratis.thirdparty.io.grpc.stub.ClientCalls.toStatusRuntimeException(ClientCalls.java:233)
	at org.apache.ratis.thirdparty.io.grpc.stub.ClientCalls.getUnchecked(ClientCalls.java:214)
	at org.apache.ratis.thirdparty.io.grpc.stub.ClientCalls.blockingUnaryCall(ClientCalls.java:139)
	at org.apache.ratis.proto.grpc.RaftServerProtocolServiceGrpc$RaftServerProtocolServiceBlockingStub.requestVote(RaftServerProtocolServiceGrpc.java:265)
	at org.apache.ratis.grpc.server.GrpcServerProtocolClient.requestVote(GrpcServerProtocolClient.java:99)
	at org.apache.ratis.grpc.server.GrpcService.requestVote(GrpcService.java:204)
	at org.apache.ratis.server.impl.LeaderElection.lambda$submitRequests$1(LeaderElection.java:234)
	at java.util.concurrent.FutureTask.run(FutureTask.java:266)
	at java.util.concurrent.Executors$RunnableAdapter.call(Executors.java:511)
	at java.util.concurrent.FutureTask.run(FutureTask.java:266)
	at java.util.concurrent.ThreadPoolExecutor.runWorker(ThreadPoolExecutor.java:1149)
	at java.util.concurrent.ThreadPoolExecutor$Worker.run(ThreadPoolExecutor.java:624)
	... 1 more
Caused by: org.apache.ratis.thirdparty.io.netty.channel.AbstractChannel$AnnotatedConnectException: Connection refused: /192.168.157.254:36038
	at sun.nio.ch.SocketChannelImpl.checkConnect(Native Method)
	at sun.nio.ch.SocketChannelImpl.finishConnect(SocketChannelImpl.java:717)
	at org.apache.ratis.thirdparty.io.netty.channel.socket.nio.NioSocketChannel.doFinishConnect(NioSocketChannel.java:327)
	at org.apache.ratis.thirdparty.io.netty.channel.nio.AbstractNioChannel$AbstractNioUnsafe.finishConnect(AbstractNioChannel.java:340)
	at org.apache.ratis.thirdparty.io.netty.channel.nio.NioEventLoop.processSelectedKey(NioEventLoop.java:632)
	at org.apache.ratis.thirdparty.io.netty.channel.nio.NioEventLoop.processSelectedKeysOptimized(NioEventLoop.java:579)
	at org.apache.ratis.thirdparty.io.netty.channel.nio.NioEventLoop.processSelectedKeys(NioEventLoop.java:496)
	at org.apache.ratis.thirdparty.io.netty.channel.nio.NioEventLoop.run(NioEventLoop.java:458)
	at org.apache.ratis.thirdparty.io.netty.util.concurrent.SingleThreadEventExecutor$5.run(SingleThreadEventExecutor.java:897)
	at org.apache.ratis.thirdparty.io.netty.util.concurrent.FastThreadLocalRunnable.run(FastThreadLocalRunnable.java:30)
	... 1 more
Caused by: java.net.ConnectException: Connection refused
	... 11 more
2019-10-22 00:13:20,947 [2fdb3e93-e0d8-400e-8c33-91e2341b50c6@group-F01152B53F91-LeaderElection236] INFO  impl.RaftServerImpl (RaftServerImpl.java:setRole(184)) - 2fdb3e93-e0d8-400e-8c33-91e2341b50c6@group-F01152B53F91: changes role from CANDIDATE to FOLLOWER at term 235 for DISCOVERED_A_NEW_TERM
2019-10-22 00:13:20,947 [2fdb3e93-e0d8-400e-8c33-91e2341b50c6@group-F01152B53F91-LeaderElection236] INFO  impl.RoleInfo (RoleInfo.java:shutdownLeaderElection(134)) - 2fdb3e93-e0d8-400e-8c33-91e2341b50c6: shutdown LeaderElection
2019-10-22 00:13:20,947 [2fdb3e93-e0d8-400e-8c33-91e2341b50c6@group-F01152B53F91-LeaderElection236] INFO  impl.RoleInfo (RoleInfo.java:updateAndGet(143)) - 2fdb3e93-e0d8-400e-8c33-91e2341b50c6: start FollowerState
2019-10-22 00:13:21,063 [Thread-1983] INFO  impl.FollowerState (FollowerState.java:run(108)) - 2fdb3e93-e0d8-400e-8c33-91e2341b50c6@group-F01152B53F91-FollowerState: change to CANDIDATE, lastRpcTime:116ms, electionTimeout:116ms
2019-10-22 00:13:21,063 [Thread-1983] INFO  impl.RoleInfo (RoleInfo.java:shutdownFollowerState(121)) - 2fdb3e93-e0d8-400e-8c33-91e2341b50c6: shutdown FollowerState
2019-10-22 00:13:21,064 [Thread-1983] INFO  impl.RaftServerImpl (RaftServerImpl.java:setRole(184)) - 2fdb3e93-e0d8-400e-8c33-91e2341b50c6@group-F01152B53F91: changes role from  FOLLOWER to CANDIDATE at term 235 for changeToCandidate
2019-10-22 00:13:21,064 [Thread-1983] INFO  impl.RoleInfo (RoleInfo.java:updateAndGet(143)) - 2fdb3e93-e0d8-400e-8c33-91e2341b50c6: start LeaderElection
2019-10-22 00:13:21,069 [2fdb3e93-e0d8-400e-8c33-91e2341b50c6@group-F01152B53F91-LeaderElection237] INFO  impl.LeaderElection (LeaderElection.java:askForVotes(178)) - 2fdb3e93-e0d8-400e-8c33-91e2341b50c6@group-F01152B53F91-LeaderElection237: begin an election at term 236 for -1: [2fdb3e93-e0d8-400e-8c33-91e2341b50c6:192.168.157.254:43254, 062c71de-08d9-40ee-9309-15590e2e8e68:192.168.157.254:45598, 2a52019e-5647-44e1-bf30-9a43fd8a7377:192.168.157.254:36038], old=null
2019-10-22 00:13:21,070 [2fdb3e93-e0d8-400e-8c33-91e2341b50c6@group-F01152B53F91-LeaderElection237] INFO  impl.LeaderElection (LogUtils.java:infoOrTrace(149)) - 2fdb3e93-e0d8-400e-8c33-91e2341b50c6@group-F01152B53F91-LeaderElection237 got exception when requesting votes: {}
java.util.concurrent.ExecutionException: org.apache.ratis.thirdparty.io.grpc.StatusRuntimeException: UNAVAILABLE: io exception
	at java.util.concurrent.FutureTask.report(FutureTask.java:122)
	at java.util.concurrent.FutureTask.get(FutureTask.java:192)
	at org.apache.ratis.server.impl.LeaderElection.waitForResults(LeaderElection.java:259)
	at org.apache.ratis.server.impl.LeaderElection.askForVotes(LeaderElection.java:197)
	at org.apache.ratis.server.impl.LeaderElection.run(LeaderElection.java:133)
	at java.lang.Thread.run(Thread.java:748)
Caused by: org.apache.ratis.thirdparty.io.grpc.StatusRuntimeException: UNAVAILABLE: io exception
	at org.apache.ratis.thirdparty.io.grpc.stub.ClientCalls.toStatusRuntimeException(ClientCalls.java:233)
	at org.apache.ratis.thirdparty.io.grpc.stub.ClientCalls.getUnchecked(ClientCalls.java:214)
	at org.apache.ratis.thirdparty.io.grpc.stub.ClientCalls.blockingUnaryCall(ClientCalls.java:139)
	at org.apache.ratis.proto.grpc.RaftServerProtocolServiceGrpc$RaftServerProtocolServiceBlockingStub.requestVote(RaftServerProtocolServiceGrpc.java:265)
	at org.apache.ratis.grpc.server.GrpcServerProtocolClient.requestVote(GrpcServerProtocolClient.java:99)
	at org.apache.ratis.grpc.server.GrpcService.requestVote(GrpcService.java:204)
	at org.apache.ratis.server.impl.LeaderElection.lambda$submitRequests$1(LeaderElection.java:234)
	at java.util.concurrent.FutureTask.run(FutureTask.java:266)
	at java.util.concurrent.Executors$RunnableAdapter.call(Executors.java:511)
	at java.util.concurrent.FutureTask.run(FutureTask.java:266)
	at java.util.concurrent.ThreadPoolExecutor.runWorker(ThreadPoolExecutor.java:1149)
	at java.util.concurrent.ThreadPoolExecutor$Worker.run(ThreadPoolExecutor.java:624)
	... 1 more
Caused by: org.apache.ratis.thirdparty.io.netty.channel.AbstractChannel$AnnotatedConnectException: Connection refused: /192.168.157.254:45598
	at sun.nio.ch.SocketChannelImpl.checkConnect(Native Method)
	at sun.nio.ch.SocketChannelImpl.finishConnect(SocketChannelImpl.java:717)
	at org.apache.ratis.thirdparty.io.netty.channel.socket.nio.NioSocketChannel.doFinishConnect(NioSocketChannel.java:327)
	at org.apache.ratis.thirdparty.io.netty.channel.nio.AbstractNioChannel$AbstractNioUnsafe.finishConnect(AbstractNioChannel.java:340)
	at org.apache.ratis.thirdparty.io.netty.channel.nio.NioEventLoop.processSelectedKey(NioEventLoop.java:632)
	at org.apache.ratis.thirdparty.io.netty.channel.nio.NioEventLoop.processSelectedKeysOptimized(NioEventLoop.java:579)
	at org.apache.ratis.thirdparty.io.netty.channel.nio.NioEventLoop.processSelectedKeys(NioEventLoop.java:496)
	at org.apache.ratis.thirdparty.io.netty.channel.nio.NioEventLoop.run(NioEventLoop.java:458)
	at org.apache.ratis.thirdparty.io.netty.util.concurrent.SingleThreadEventExecutor$5.run(SingleThreadEventExecutor.java:897)
	at org.apache.ratis.thirdparty.io.netty.util.concurrent.FastThreadLocalRunnable.run(FastThreadLocalRunnable.java:30)
	... 1 more
Caused by: java.net.ConnectException: Connection refused
	... 11 more
2019-10-22 00:13:21,071 [2fdb3e93-e0d8-400e-8c33-91e2341b50c6@group-F01152B53F91-LeaderElection237] INFO  impl.LeaderElection (LogUtils.java:infoOrTrace(149)) - 2fdb3e93-e0d8-400e-8c33-91e2341b50c6@group-F01152B53F91-LeaderElection237 got exception when requesting votes: {}
java.util.concurrent.ExecutionException: org.apache.ratis.thirdparty.io.grpc.StatusRuntimeException: UNAVAILABLE: io exception
	at java.util.concurrent.FutureTask.report(FutureTask.java:122)
	at java.util.concurrent.FutureTask.get(FutureTask.java:192)
	at org.apache.ratis.server.impl.LeaderElection.waitForResults(LeaderElection.java:259)
	at org.apache.ratis.server.impl.LeaderElection.askForVotes(LeaderElection.java:197)
	at org.apache.ratis.server.impl.LeaderElection.run(LeaderElection.java:133)
	at java.lang.Thread.run(Thread.java:748)
Caused by: org.apache.ratis.thirdparty.io.grpc.StatusRuntimeException: UNAVAILABLE: io exception
	at org.apache.ratis.thirdparty.io.grpc.stub.ClientCalls.toStatusRuntimeException(ClientCalls.java:233)
	at org.apache.ratis.thirdparty.io.grpc.stub.ClientCalls.getUnchecked(ClientCalls.java:214)
	at org.apache.ratis.thirdparty.io.grpc.stub.ClientCalls.blockingUnaryCall(ClientCalls.java:139)
	at org.apache.ratis.proto.grpc.RaftServerProtocolServiceGrpc$RaftServerProtocolServiceBlockingStub.requestVote(RaftServerProtocolServiceGrpc.java:265)
	at org.apache.ratis.grpc.server.GrpcServerProtocolClient.requestVote(GrpcServerProtocolClient.java:99)
	at org.apache.ratis.grpc.server.GrpcService.requestVote(GrpcService.java:204)
	at org.apache.ratis.server.impl.LeaderElection.lambda$submitRequests$1(LeaderElection.java:234)
	at java.util.concurrent.FutureTask.run(FutureTask.java:266)
	at java.util.concurrent.Executors$RunnableAdapter.call(Executors.java:511)
	at java.util.concurrent.FutureTask.run(FutureTask.java:266)
	at java.util.concurrent.ThreadPoolExecutor.runWorker(ThreadPoolExecutor.java:1149)
	at java.util.concurrent.ThreadPoolExecutor$Worker.run(ThreadPoolExecutor.java:624)
	... 1 more
Caused by: org.apache.ratis.thirdparty.io.netty.channel.AbstractChannel$AnnotatedConnectException: Connection refused: /192.168.157.254:36038
	at sun.nio.ch.SocketChannelImpl.checkConnect(Native Method)
	at sun.nio.ch.SocketChannelImpl.finishConnect(SocketChannelImpl.java:717)
	at org.apache.ratis.thirdparty.io.netty.channel.socket.nio.NioSocketChannel.doFinishConnect(NioSocketChannel.java:327)
	at org.apache.ratis.thirdparty.io.netty.channel.nio.AbstractNioChannel$AbstractNioUnsafe.finishConnect(AbstractNioChannel.java:340)
	at org.apache.ratis.thirdparty.io.netty.channel.nio.NioEventLoop.processSelectedKey(NioEventLoop.java:632)
	at org.apache.ratis.thirdparty.io.netty.channel.nio.NioEventLoop.processSelectedKeysOptimized(NioEventLoop.java:579)
	at org.apache.ratis.thirdparty.io.netty.channel.nio.NioEventLoop.processSelectedKeys(NioEventLoop.java:496)
	at org.apache.ratis.thirdparty.io.netty.channel.nio.NioEventLoop.run(NioEventLoop.java:458)
	at org.apache.ratis.thirdparty.io.netty.util.concurrent.SingleThreadEventExecutor$5.run(SingleThreadEventExecutor.java:897)
	at org.apache.ratis.thirdparty.io.netty.util.concurrent.FastThreadLocalRunnable.run(FastThreadLocalRunnable.java:30)
	... 1 more
Caused by: java.net.ConnectException: Connection refused
	... 11 more
2019-10-22 00:13:21,071 [2fdb3e93-e0d8-400e-8c33-91e2341b50c6@group-F01152B53F91-LeaderElection237] INFO  impl.LeaderElection (LeaderElection.java:logAndReturn(56)) - 2fdb3e93-e0d8-400e-8c33-91e2341b50c6@group-F01152B53F91-LeaderElection237: Election REJECTED; received 0 response(s) [] and 2 exception(s); 2fdb3e93-e0d8-400e-8c33-91e2341b50c6@group-F01152B53F91:t236, leader=null, voted=2fdb3e93-e0d8-400e-8c33-91e2341b50c6, raftlog=2fdb3e93-e0d8-400e-8c33-91e2341b50c6@group-F01152B53F91-SegmentedRaftLog:OPENED:c-1,f-1,i0, conf=-1: [2fdb3e93-e0d8-400e-8c33-91e2341b50c6:192.168.157.254:43254, 062c71de-08d9-40ee-9309-15590e2e8e68:192.168.157.254:45598, 2a52019e-5647-44e1-bf30-9a43fd8a7377:192.168.157.254:36038], old=null
2019-10-22 00:13:21,071 [2fdb3e93-e0d8-400e-8c33-91e2341b50c6@group-F01152B53F91-LeaderElection237] INFO  impl.LeaderElection (LogUtils.java:infoOrTrace(149)) -   Exception 0: {}
java.util.concurrent.ExecutionException: org.apache.ratis.thirdparty.io.grpc.StatusRuntimeException: UNAVAILABLE: io exception
	at java.util.concurrent.FutureTask.report(FutureTask.java:122)
	at java.util.concurrent.FutureTask.get(FutureTask.java:192)
	at org.apache.ratis.server.impl.LeaderElection.waitForResults(LeaderElection.java:259)
	at org.apache.ratis.server.impl.LeaderElection.askForVotes(LeaderElection.java:197)
	at org.apache.ratis.server.impl.LeaderElection.run(LeaderElection.java:133)
	at java.lang.Thread.run(Thread.java:748)
Caused by: org.apache.ratis.thirdparty.io.grpc.StatusRuntimeException: UNAVAILABLE: io exception
	at org.apache.ratis.thirdparty.io.grpc.stub.ClientCalls.toStatusRuntimeException(ClientCalls.java:233)
	at org.apache.ratis.thirdparty.io.grpc.stub.ClientCalls.getUnchecked(ClientCalls.java:214)
	at org.apache.ratis.thirdparty.io.grpc.stub.ClientCalls.blockingUnaryCall(ClientCalls.java:139)
	at org.apache.ratis.proto.grpc.RaftServerProtocolServiceGrpc$RaftServerProtocolServiceBlockingStub.requestVote(RaftServerProtocolServiceGrpc.java:265)
	at org.apache.ratis.grpc.server.GrpcServerProtocolClient.requestVote(GrpcServerProtocolClient.java:99)
	at org.apache.ratis.grpc.server.GrpcService.requestVote(GrpcService.java:204)
	at org.apache.ratis.server.impl.LeaderElection.lambda$submitRequests$1(LeaderElection.java:234)
	at java.util.concurrent.FutureTask.run(FutureTask.java:266)
	at java.util.concurrent.Executors$RunnableAdapter.call(Executors.java:511)
	at java.util.concurrent.FutureTask.run(FutureTask.java:266)
	at java.util.concurrent.ThreadPoolExecutor.runWorker(ThreadPoolExecutor.java:1149)
	at java.util.concurrent.ThreadPoolExecutor$Worker.run(ThreadPoolExecutor.java:624)
	... 1 more
Caused by: org.apache.ratis.thirdparty.io.netty.channel.AbstractChannel$AnnotatedConnectException: Connection refused: /192.168.157.254:45598
	at sun.nio.ch.SocketChannelImpl.checkConnect(Native Method)
	at sun.nio.ch.SocketChannelImpl.finishConnect(SocketChannelImpl.java:717)
	at org.apache.ratis.thirdparty.io.netty.channel.socket.nio.NioSocketChannel.doFinishConnect(NioSocketChannel.java:327)
	at org.apache.ratis.thirdparty.io.netty.channel.nio.AbstractNioChannel$AbstractNioUnsafe.finishConnect(AbstractNioChannel.java:340)
	at org.apache.ratis.thirdparty.io.netty.channel.nio.NioEventLoop.processSelectedKey(NioEventLoop.java:632)
	at org.apache.ratis.thirdparty.io.netty.channel.nio.NioEventLoop.processSelectedKeysOptimized(NioEventLoop.java:579)
	at org.apache.ratis.thirdparty.io.netty.channel.nio.NioEventLoop.processSelectedKeys(NioEventLoop.java:496)
	at org.apache.ratis.thirdparty.io.netty.channel.nio.NioEventLoop.run(NioEventLoop.java:458)
	at org.apache.ratis.thirdparty.io.netty.util.concurrent.SingleThreadEventExecutor$5.run(SingleThreadEventExecutor.java:897)
	at org.apache.ratis.thirdparty.io.netty.util.concurrent.FastThreadLocalRunnable.run(FastThreadLocalRunnable.java:30)
	... 1 more
Caused by: java.net.ConnectException: Connection refused
	... 11 more
2019-10-22 00:13:21,072 [2fdb3e93-e0d8-400e-8c33-91e2341b50c6@group-F01152B53F91-LeaderElection237] INFO  impl.LeaderElection (LogUtils.java:infoOrTrace(149)) -   Exception 1: {}
java.util.concurrent.ExecutionException: org.apache.ratis.thirdparty.io.grpc.StatusRuntimeException: UNAVAILABLE: io exception
	at java.util.concurrent.FutureTask.report(FutureTask.java:122)
	at java.util.concurrent.FutureTask.get(FutureTask.java:192)
	at org.apache.ratis.server.impl.LeaderElection.waitForResults(LeaderElection.java:259)
	at org.apache.ratis.server.impl.LeaderElection.askForVotes(LeaderElection.java:197)
	at org.apache.ratis.server.impl.LeaderElection.run(LeaderElection.java:133)
	at java.lang.Thread.run(Thread.java:748)
Caused by: org.apache.ratis.thirdparty.io.grpc.StatusRuntimeException: UNAVAILABLE: io exception
	at org.apache.ratis.thirdparty.io.grpc.stub.ClientCalls.toStatusRuntimeException(ClientCalls.java:233)
	at org.apache.ratis.thirdparty.io.grpc.stub.ClientCalls.getUnchecked(ClientCalls.java:214)
	at org.apache.ratis.thirdparty.io.grpc.stub.ClientCalls.blockingUnaryCall(ClientCalls.java:139)
	at org.apache.ratis.proto.grpc.RaftServerProtocolServiceGrpc$RaftServerProtocolServiceBlockingStub.requestVote(RaftServerProtocolServiceGrpc.java:265)
	at org.apache.ratis.grpc.server.GrpcServerProtocolClient.requestVote(GrpcServerProtocolClient.java:99)
	at org.apache.ratis.grpc.server.GrpcService.requestVote(GrpcService.java:204)
	at org.apache.ratis.server.impl.LeaderElection.lambda$submitRequests$1(LeaderElection.java:234)
	at java.util.concurrent.FutureTask.run(FutureTask.java:266)
	at java.util.concurrent.Executors$RunnableAdapter.call(Executors.java:511)
	at java.util.concurrent.FutureTask.run(FutureTask.java:266)
	at java.util.concurrent.ThreadPoolExecutor.runWorker(ThreadPoolExecutor.java:1149)
	at java.util.concurrent.ThreadPoolExecutor$Worker.run(ThreadPoolExecutor.java:624)
	... 1 more
Caused by: org.apache.ratis.thirdparty.io.netty.channel.AbstractChannel$AnnotatedConnectException: Connection refused: /192.168.157.254:36038
	at sun.nio.ch.SocketChannelImpl.checkConnect(Native Method)
	at sun.nio.ch.SocketChannelImpl.finishConnect(SocketChannelImpl.java:717)
	at org.apache.ratis.thirdparty.io.netty.channel.socket.nio.NioSocketChannel.doFinishConnect(NioSocketChannel.java:327)
	at org.apache.ratis.thirdparty.io.netty.channel.nio.AbstractNioChannel$AbstractNioUnsafe.finishConnect(AbstractNioChannel.java:340)
	at org.apache.ratis.thirdparty.io.netty.channel.nio.NioEventLoop.processSelectedKey(NioEventLoop.java:632)
	at org.apache.ratis.thirdparty.io.netty.channel.nio.NioEventLoop.processSelectedKeysOptimized(NioEventLoop.java:579)
	at org.apache.ratis.thirdparty.io.netty.channel.nio.NioEventLoop.processSelectedKeys(NioEventLoop.java:496)
	at org.apache.ratis.thirdparty.io.netty.channel.nio.NioEventLoop.run(NioEventLoop.java:458)
	at org.apache.ratis.thirdparty.io.netty.util.concurrent.SingleThreadEventExecutor$5.run(SingleThreadEventExecutor.java:897)
	at org.apache.ratis.thirdparty.io.netty.util.concurrent.FastThreadLocalRunnable.run(FastThreadLocalRunnable.java:30)
	... 1 more
Caused by: java.net.ConnectException: Connection refused
	... 11 more
2019-10-22 00:13:21,072 [2fdb3e93-e0d8-400e-8c33-91e2341b50c6@group-F01152B53F91-LeaderElection237] INFO  impl.RaftServerImpl (RaftServerImpl.java:setRole(184)) - 2fdb3e93-e0d8-400e-8c33-91e2341b50c6@group-F01152B53F91: changes role from CANDIDATE to FOLLOWER at term 236 for DISCOVERED_A_NEW_TERM
2019-10-22 00:13:21,072 [2fdb3e93-e0d8-400e-8c33-91e2341b50c6@group-F01152B53F91-LeaderElection237] INFO  impl.RoleInfo (RoleInfo.java:shutdownLeaderElection(134)) - 2fdb3e93-e0d8-400e-8c33-91e2341b50c6: shutdown LeaderElection
2019-10-22 00:13:21,072 [2fdb3e93-e0d8-400e-8c33-91e2341b50c6@group-F01152B53F91-LeaderElection237] INFO  impl.RoleInfo (RoleInfo.java:updateAndGet(143)) - 2fdb3e93-e0d8-400e-8c33-91e2341b50c6: start FollowerState
2019-10-22 00:13:21,206 [Thread-1988] INFO  impl.FollowerState (FollowerState.java:run(108)) - 2fdb3e93-e0d8-400e-8c33-91e2341b50c6@group-F01152B53F91-FollowerState: change to CANDIDATE, lastRpcTime:134ms, electionTimeout:134ms
2019-10-22 00:13:21,207 [Thread-1988] INFO  impl.RoleInfo (RoleInfo.java:shutdownFollowerState(121)) - 2fdb3e93-e0d8-400e-8c33-91e2341b50c6: shutdown FollowerState
2019-10-22 00:13:21,207 [Thread-1988] INFO  impl.RaftServerImpl (RaftServerImpl.java:setRole(184)) - 2fdb3e93-e0d8-400e-8c33-91e2341b50c6@group-F01152B53F91: changes role from  FOLLOWER to CANDIDATE at term 236 for changeToCandidate
2019-10-22 00:13:21,207 [Thread-1988] INFO  impl.RoleInfo (RoleInfo.java:updateAndGet(143)) - 2fdb3e93-e0d8-400e-8c33-91e2341b50c6: start LeaderElection
2019-10-22 00:13:21,220 [2fdb3e93-e0d8-400e-8c33-91e2341b50c6@group-F01152B53F91-LeaderElection238] INFO  impl.LeaderElection (LeaderElection.java:askForVotes(178)) - 2fdb3e93-e0d8-400e-8c33-91e2341b50c6@group-F01152B53F91-LeaderElection238: begin an election at term 237 for -1: [2fdb3e93-e0d8-400e-8c33-91e2341b50c6:192.168.157.254:43254, 062c71de-08d9-40ee-9309-15590e2e8e68:192.168.157.254:45598, 2a52019e-5647-44e1-bf30-9a43fd8a7377:192.168.157.254:36038], old=null
2019-10-22 00:13:21,221 [2fdb3e93-e0d8-400e-8c33-91e2341b50c6@group-F01152B53F91-LeaderElection238] INFO  impl.LeaderElection (LogUtils.java:infoOrTrace(149)) - 2fdb3e93-e0d8-400e-8c33-91e2341b50c6@group-F01152B53F91-LeaderElection238 got exception when requesting votes: {}
java.util.concurrent.ExecutionException: org.apache.ratis.thirdparty.io.grpc.StatusRuntimeException: UNAVAILABLE: io exception
	at java.util.concurrent.FutureTask.report(FutureTask.java:122)
	at java.util.concurrent.FutureTask.get(FutureTask.java:192)
	at org.apache.ratis.server.impl.LeaderElection.waitForResults(LeaderElection.java:259)
	at org.apache.ratis.server.impl.LeaderElection.askForVotes(LeaderElection.java:197)
	at org.apache.ratis.server.impl.LeaderElection.run(LeaderElection.java:133)
	at java.lang.Thread.run(Thread.java:748)
Caused by: org.apache.ratis.thirdparty.io.grpc.StatusRuntimeException: UNAVAILABLE: io exception
	at org.apache.ratis.thirdparty.io.grpc.stub.ClientCalls.toStatusRuntimeException(ClientCalls.java:233)
	at org.apache.ratis.thirdparty.io.grpc.stub.ClientCalls.getUnchecked(ClientCalls.java:214)
	at org.apache.ratis.thirdparty.io.grpc.stub.ClientCalls.blockingUnaryCall(ClientCalls.java:139)
	at org.apache.ratis.proto.grpc.RaftServerProtocolServiceGrpc$RaftServerProtocolServiceBlockingStub.requestVote(RaftServerProtocolServiceGrpc.java:265)
	at org.apache.ratis.grpc.server.GrpcServerProtocolClient.requestVote(GrpcServerProtocolClient.java:99)
	at org.apache.ratis.grpc.server.GrpcService.requestVote(GrpcService.java:204)
	at org.apache.ratis.server.impl.LeaderElection.lambda$submitRequests$1(LeaderElection.java:234)
	at java.util.concurrent.FutureTask.run(FutureTask.java:266)
	at java.util.concurrent.Executors$RunnableAdapter.call(Executors.java:511)
	at java.util.concurrent.FutureTask.run(FutureTask.java:266)
	at java.util.concurrent.ThreadPoolExecutor.runWorker(ThreadPoolExecutor.java:1149)
	at java.util.concurrent.ThreadPoolExecutor$Worker.run(ThreadPoolExecutor.java:624)
	... 1 more
Caused by: org.apache.ratis.thirdparty.io.netty.channel.AbstractChannel$AnnotatedConnectException: Connection refused: /192.168.157.254:36038
	at sun.nio.ch.SocketChannelImpl.checkConnect(Native Method)
	at sun.nio.ch.SocketChannelImpl.finishConnect(SocketChannelImpl.java:717)
	at org.apache.ratis.thirdparty.io.netty.channel.socket.nio.NioSocketChannel.doFinishConnect(NioSocketChannel.java:327)
	at org.apache.ratis.thirdparty.io.netty.channel.nio.AbstractNioChannel$AbstractNioUnsafe.finishConnect(AbstractNioChannel.java:340)
	at org.apache.ratis.thirdparty.io.netty.channel.nio.NioEventLoop.processSelectedKey(NioEventLoop.java:632)
	at org.apache.ratis.thirdparty.io.netty.channel.nio.NioEventLoop.processSelectedKeysOptimized(NioEventLoop.java:579)
	at org.apache.ratis.thirdparty.io.netty.channel.nio.NioEventLoop.processSelectedKeys(NioEventLoop.java:496)
	at org.apache.ratis.thirdparty.io.netty.channel.nio.NioEventLoop.run(NioEventLoop.java:458)
	at org.apache.ratis.thirdparty.io.netty.util.concurrent.SingleThreadEventExecutor$5.run(SingleThreadEventExecutor.java:897)
	at org.apache.ratis.thirdparty.io.netty.util.concurrent.FastThreadLocalRunnable.run(FastThreadLocalRunnable.java:30)
	... 1 more
Caused by: java.net.ConnectException: Connection refused
	... 11 more
2019-10-22 00:13:21,221 [2fdb3e93-e0d8-400e-8c33-91e2341b50c6@group-F01152B53F91-LeaderElection238] INFO  impl.LeaderElection (LogUtils.java:infoOrTrace(149)) - 2fdb3e93-e0d8-400e-8c33-91e2341b50c6@group-F01152B53F91-LeaderElection238 got exception when requesting votes: {}
java.util.concurrent.ExecutionException: org.apache.ratis.thirdparty.io.grpc.StatusRuntimeException: UNAVAILABLE: io exception
	at java.util.concurrent.FutureTask.report(FutureTask.java:122)
	at java.util.concurrent.FutureTask.get(FutureTask.java:192)
	at org.apache.ratis.server.impl.LeaderElection.waitForResults(LeaderElection.java:259)
	at org.apache.ratis.server.impl.LeaderElection.askForVotes(LeaderElection.java:197)
	at org.apache.ratis.server.impl.LeaderElection.run(LeaderElection.java:133)
	at java.lang.Thread.run(Thread.java:748)
Caused by: org.apache.ratis.thirdparty.io.grpc.StatusRuntimeException: UNAVAILABLE: io exception
	at org.apache.ratis.thirdparty.io.grpc.stub.ClientCalls.toStatusRuntimeException(ClientCalls.java:233)
	at org.apache.ratis.thirdparty.io.grpc.stub.ClientCalls.getUnchecked(ClientCalls.java:214)
	at org.apache.ratis.thirdparty.io.grpc.stub.ClientCalls.blockingUnaryCall(ClientCalls.java:139)
	at org.apache.ratis.proto.grpc.RaftServerProtocolServiceGrpc$RaftServerProtocolServiceBlockingStub.requestVote(RaftServerProtocolServiceGrpc.java:265)
	at org.apache.ratis.grpc.server.GrpcServerProtocolClient.requestVote(GrpcServerProtocolClient.java:99)
	at org.apache.ratis.grpc.server.GrpcService.requestVote(GrpcService.java:204)
	at org.apache.ratis.server.impl.LeaderElection.lambda$submitRequests$1(LeaderElection.java:234)
	at java.util.concurrent.FutureTask.run(FutureTask.java:266)
	at java.util.concurrent.Executors$RunnableAdapter.call(Executors.java:511)
	at java.util.concurrent.FutureTask.run(FutureTask.java:266)
	at java.util.concurrent.ThreadPoolExecutor.runWorker(ThreadPoolExecutor.java:1149)
	at java.util.concurrent.ThreadPoolExecutor$Worker.run(ThreadPoolExecutor.java:624)
	... 1 more
Caused by: org.apache.ratis.thirdparty.io.netty.channel.AbstractChannel$AnnotatedConnectException: Connection refused: /192.168.157.254:45598
	at sun.nio.ch.SocketChannelImpl.checkConnect(Native Method)
	at sun.nio.ch.SocketChannelImpl.finishConnect(SocketChannelImpl.java:717)
	at org.apache.ratis.thirdparty.io.netty.channel.socket.nio.NioSocketChannel.doFinishConnect(NioSocketChannel.java:327)
	at org.apache.ratis.thirdparty.io.netty.channel.nio.AbstractNioChannel$AbstractNioUnsafe.finishConnect(AbstractNioChannel.java:340)
	at org.apache.ratis.thirdparty.io.netty.channel.nio.NioEventLoop.processSelectedKey(NioEventLoop.java:632)
	at org.apache.ratis.thirdparty.io.netty.channel.nio.NioEventLoop.processSelectedKeysOptimized(NioEventLoop.java:579)
	at org.apache.ratis.thirdparty.io.netty.channel.nio.NioEventLoop.processSelectedKeys(NioEventLoop.java:496)
	at org.apache.ratis.thirdparty.io.netty.channel.nio.NioEventLoop.run(NioEventLoop.java:458)
	at org.apache.ratis.thirdparty.io.netty.util.concurrent.SingleThreadEventExecutor$5.run(SingleThreadEventExecutor.java:897)
	at org.apache.ratis.thirdparty.io.netty.util.concurrent.FastThreadLocalRunnable.run(FastThreadLocalRunnable.java:30)
	... 1 more
Caused by: java.net.ConnectException: Connection refused
	... 11 more
2019-10-22 00:13:21,222 [2fdb3e93-e0d8-400e-8c33-91e2341b50c6@group-F01152B53F91-LeaderElection238] INFO  impl.LeaderElection (LeaderElection.java:logAndReturn(56)) - 2fdb3e93-e0d8-400e-8c33-91e2341b50c6@group-F01152B53F91-LeaderElection238: Election REJECTED; received 0 response(s) [] and 2 exception(s); 2fdb3e93-e0d8-400e-8c33-91e2341b50c6@group-F01152B53F91:t237, leader=null, voted=2fdb3e93-e0d8-400e-8c33-91e2341b50c6, raftlog=2fdb3e93-e0d8-400e-8c33-91e2341b50c6@group-F01152B53F91-SegmentedRaftLog:OPENED:c-1,f-1,i0, conf=-1: [2fdb3e93-e0d8-400e-8c33-91e2341b50c6:192.168.157.254:43254, 062c71de-08d9-40ee-9309-15590e2e8e68:192.168.157.254:45598, 2a52019e-5647-44e1-bf30-9a43fd8a7377:192.168.157.254:36038], old=null
2019-10-22 00:13:21,222 [2fdb3e93-e0d8-400e-8c33-91e2341b50c6@group-F01152B53F91-LeaderElection238] INFO  impl.LeaderElection (LogUtils.java:infoOrTrace(149)) -   Exception 0: {}
java.util.concurrent.ExecutionException: org.apache.ratis.thirdparty.io.grpc.StatusRuntimeException: UNAVAILABLE: io exception
	at java.util.concurrent.FutureTask.report(FutureTask.java:122)
	at java.util.concurrent.FutureTask.get(FutureTask.java:192)
	at org.apache.ratis.server.impl.LeaderElection.waitForResults(LeaderElection.java:259)
	at org.apache.ratis.server.impl.LeaderElection.askForVotes(LeaderElection.java:197)
	at org.apache.ratis.server.impl.LeaderElection.run(LeaderElection.java:133)
	at java.lang.Thread.run(Thread.java:748)
Caused by: org.apache.ratis.thirdparty.io.grpc.StatusRuntimeException: UNAVAILABLE: io exception
	at org.apache.ratis.thirdparty.io.grpc.stub.ClientCalls.toStatusRuntimeException(ClientCalls.java:233)
	at org.apache.ratis.thirdparty.io.grpc.stub.ClientCalls.getUnchecked(ClientCalls.java:214)
	at org.apache.ratis.thirdparty.io.grpc.stub.ClientCalls.blockingUnaryCall(ClientCalls.java:139)
	at org.apache.ratis.proto.grpc.RaftServerProtocolServiceGrpc$RaftServerProtocolServiceBlockingStub.requestVote(RaftServerProtocolServiceGrpc.java:265)
	at org.apache.ratis.grpc.server.GrpcServerProtocolClient.requestVote(GrpcServerProtocolClient.java:99)
	at org.apache.ratis.grpc.server.GrpcService.requestVote(GrpcService.java:204)
	at org.apache.ratis.server.impl.LeaderElection.lambda$submitRequests$1(LeaderElection.java:234)
	at java.util.concurrent.FutureTask.run(FutureTask.java:266)
	at java.util.concurrent.Executors$RunnableAdapter.call(Executors.java:511)
	at java.util.concurrent.FutureTask.run(FutureTask.java:266)
	at java.util.concurrent.ThreadPoolExecutor.runWorker(ThreadPoolExecutor.java:1149)
	at java.util.concurrent.ThreadPoolExecutor$Worker.run(ThreadPoolExecutor.java:624)
	... 1 more
Caused by: org.apache.ratis.thirdparty.io.netty.channel.AbstractChannel$AnnotatedConnectException: Connection refused: /192.168.157.254:36038
	at sun.nio.ch.SocketChannelImpl.checkConnect(Native Method)
	at sun.nio.ch.SocketChannelImpl.finishConnect(SocketChannelImpl.java:717)
	at org.apache.ratis.thirdparty.io.netty.channel.socket.nio.NioSocketChannel.doFinishConnect(NioSocketChannel.java:327)
	at org.apache.ratis.thirdparty.io.netty.channel.nio.AbstractNioChannel$AbstractNioUnsafe.finishConnect(AbstractNioChannel.java:340)
	at org.apache.ratis.thirdparty.io.netty.channel.nio.NioEventLoop.processSelectedKey(NioEventLoop.java:632)
	at org.apache.ratis.thirdparty.io.netty.channel.nio.NioEventLoop.processSelectedKeysOptimized(NioEventLoop.java:579)
	at org.apache.ratis.thirdparty.io.netty.channel.nio.NioEventLoop.processSelectedKeys(NioEventLoop.java:496)
	at org.apache.ratis.thirdparty.io.netty.channel.nio.NioEventLoop.run(NioEventLoop.java:458)
	at org.apache.ratis.thirdparty.io.netty.util.concurrent.SingleThreadEventExecutor$5.run(SingleThreadEventExecutor.java:897)
	at org.apache.ratis.thirdparty.io.netty.util.concurrent.FastThreadLocalRunnable.run(FastThreadLocalRunnable.java:30)
	... 1 more
Caused by: java.net.ConnectException: Connection refused
	... 11 more
2019-10-22 00:13:21,222 [2fdb3e93-e0d8-400e-8c33-91e2341b50c6@group-F01152B53F91-LeaderElection238] INFO  impl.LeaderElection (LogUtils.java:infoOrTrace(149)) -   Exception 1: {}
java.util.concurrent.ExecutionException: org.apache.ratis.thirdparty.io.grpc.StatusRuntimeException: UNAVAILABLE: io exception
	at java.util.concurrent.FutureTask.report(FutureTask.java:122)
	at java.util.concurrent.FutureTask.get(FutureTask.java:192)
	at org.apache.ratis.server.impl.LeaderElection.waitForResults(LeaderElection.java:259)
	at org.apache.ratis.server.impl.LeaderElection.askForVotes(LeaderElection.java:197)
	at org.apache.ratis.server.impl.LeaderElection.run(LeaderElection.java:133)
	at java.lang.Thread.run(Thread.java:748)
Caused by: org.apache.ratis.thirdparty.io.grpc.StatusRuntimeException: UNAVAILABLE: io exception
	at org.apache.ratis.thirdparty.io.grpc.stub.ClientCalls.toStatusRuntimeException(ClientCalls.java:233)
	at org.apache.ratis.thirdparty.io.grpc.stub.ClientCalls.getUnchecked(ClientCalls.java:214)
	at org.apache.ratis.thirdparty.io.grpc.stub.ClientCalls.blockingUnaryCall(ClientCalls.java:139)
	at org.apache.ratis.proto.grpc.RaftServerProtocolServiceGrpc$RaftServerProtocolServiceBlockingStub.requestVote(RaftServerProtocolServiceGrpc.java:265)
	at org.apache.ratis.grpc.server.GrpcServerProtocolClient.requestVote(GrpcServerProtocolClient.java:99)
	at org.apache.ratis.grpc.server.GrpcService.requestVote(GrpcService.java:204)
	at org.apache.ratis.server.impl.LeaderElection.lambda$submitRequests$1(LeaderElection.java:234)
	at java.util.concurrent.FutureTask.run(FutureTask.java:266)
	at java.util.concurrent.Executors$RunnableAdapter.call(Executors.java:511)
	at java.util.concurrent.FutureTask.run(FutureTask.java:266)
	at java.util.concurrent.ThreadPoolExecutor.runWorker(ThreadPoolExecutor.java:1149)
	at java.util.concurrent.ThreadPoolExecutor$Worker.run(ThreadPoolExecutor.java:624)
	... 1 more
Caused by: org.apache.ratis.thirdparty.io.netty.channel.AbstractChannel$AnnotatedConnectException: Connection refused: /192.168.157.254:45598
	at sun.nio.ch.SocketChannelImpl.checkConnect(Native Method)
	at sun.nio.ch.SocketChannelImpl.finishConnect(SocketChannelImpl.java:717)
	at org.apache.ratis.thirdparty.io.netty.channel.socket.nio.NioSocketChannel.doFinishConnect(NioSocketChannel.java:327)
	at org.apache.ratis.thirdparty.io.netty.channel.nio.AbstractNioChannel$AbstractNioUnsafe.finishConnect(AbstractNioChannel.java:340)
	at org.apache.ratis.thirdparty.io.netty.channel.nio.NioEventLoop.processSelectedKey(NioEventLoop.java:632)
	at org.apache.ratis.thirdparty.io.netty.channel.nio.NioEventLoop.processSelectedKeysOptimized(NioEventLoop.java:579)
	at org.apache.ratis.thirdparty.io.netty.channel.nio.NioEventLoop.processSelectedKeys(NioEventLoop.java:496)
	at org.apache.ratis.thirdparty.io.netty.channel.nio.NioEventLoop.run(NioEventLoop.java:458)
	at org.apache.ratis.thirdparty.io.netty.util.concurrent.SingleThreadEventExecutor$5.run(SingleThreadEventExecutor.java:897)
	at org.apache.ratis.thirdparty.io.netty.util.concurrent.FastThreadLocalRunnable.run(FastThreadLocalRunnable.java:30)
	... 1 more
Caused by: java.net.ConnectException: Connection refused
	... 11 more
2019-10-22 00:13:21,223 [2fdb3e93-e0d8-400e-8c33-91e2341b50c6@group-F01152B53F91-LeaderElection238] INFO  impl.RaftServerImpl (RaftServerImpl.java:setRole(184)) - 2fdb3e93-e0d8-400e-8c33-91e2341b50c6@group-F01152B53F91: changes role from CANDIDATE to FOLLOWER at term 237 for DISCOVERED_A_NEW_TERM
2019-10-22 00:13:21,223 [2fdb3e93-e0d8-400e-8c33-91e2341b50c6@group-F01152B53F91-LeaderElection238] INFO  impl.RoleInfo (RoleInfo.java:shutdownLeaderElection(134)) - 2fdb3e93-e0d8-400e-8c33-91e2341b50c6: shutdown LeaderElection
2019-10-22 00:13:21,223 [2fdb3e93-e0d8-400e-8c33-91e2341b50c6@group-F01152B53F91-LeaderElection238] INFO  impl.RoleInfo (RoleInfo.java:updateAndGet(143)) - 2fdb3e93-e0d8-400e-8c33-91e2341b50c6: start FollowerState
2019-10-22 00:13:21,237 [Thread-1992] INFO  impl.FollowerState (FollowerState.java:run(108)) - 2fdb3e93-e0d8-400e-8c33-91e2341b50c6@group-F01152B53F91-FollowerState: change to CANDIDATE, lastRpcTime:14ms, electionTimeout:14ms
2019-10-22 00:13:21,238 [Thread-1992] INFO  impl.RoleInfo (RoleInfo.java:shutdownFollowerState(121)) - 2fdb3e93-e0d8-400e-8c33-91e2341b50c6: shutdown FollowerState
2019-10-22 00:13:21,238 [Thread-1992] INFO  impl.RaftServerImpl (RaftServerImpl.java:setRole(184)) - 2fdb3e93-e0d8-400e-8c33-91e2341b50c6@group-F01152B53F91: changes role from  FOLLOWER to CANDIDATE at term 237 for changeToCandidate
2019-10-22 00:13:21,238 [Thread-1992] INFO  impl.RoleInfo (RoleInfo.java:updateAndGet(143)) - 2fdb3e93-e0d8-400e-8c33-91e2341b50c6: start LeaderElection
2019-10-22 00:13:21,243 [2fdb3e93-e0d8-400e-8c33-91e2341b50c6@group-F01152B53F91-LeaderElection239] INFO  impl.LeaderElection (LeaderElection.java:askForVotes(178)) - 2fdb3e93-e0d8-400e-8c33-91e2341b50c6@group-F01152B53F91-LeaderElection239: begin an election at term 238 for -1: [2fdb3e93-e0d8-400e-8c33-91e2341b50c6:192.168.157.254:43254, 062c71de-08d9-40ee-9309-15590e2e8e68:192.168.157.254:45598, 2a52019e-5647-44e1-bf30-9a43fd8a7377:192.168.157.254:36038], old=null
2019-10-22 00:13:21,244 [2fdb3e93-e0d8-400e-8c33-91e2341b50c6@group-F01152B53F91-LeaderElection239] INFO  impl.LeaderElection (LogUtils.java:infoOrTrace(149)) - 2fdb3e93-e0d8-400e-8c33-91e2341b50c6@group-F01152B53F91-LeaderElection239 got exception when requesting votes: {}
java.util.concurrent.ExecutionException: org.apache.ratis.thirdparty.io.grpc.StatusRuntimeException: UNAVAILABLE: io exception
	at java.util.concurrent.FutureTask.report(FutureTask.java:122)
	at java.util.concurrent.FutureTask.get(FutureTask.java:192)
	at org.apache.ratis.server.impl.LeaderElection.waitForResults(LeaderElection.java:259)
	at org.apache.ratis.server.impl.LeaderElection.askForVotes(LeaderElection.java:197)
	at org.apache.ratis.server.impl.LeaderElection.run(LeaderElection.java:133)
	at java.lang.Thread.run(Thread.java:748)
Caused by: org.apache.ratis.thirdparty.io.grpc.StatusRuntimeException: UNAVAILABLE: io exception
	at org.apache.ratis.thirdparty.io.grpc.stub.ClientCalls.toStatusRuntimeException(ClientCalls.java:233)
	at org.apache.ratis.thirdparty.io.grpc.stub.ClientCalls.getUnchecked(ClientCalls.java:214)
	at org.apache.ratis.thirdparty.io.grpc.stub.ClientCalls.blockingUnaryCall(ClientCalls.java:139)
	at org.apache.ratis.proto.grpc.RaftServerProtocolServiceGrpc$RaftServerProtocolServiceBlockingStub.requestVote(RaftServerProtocolServiceGrpc.java:265)
	at org.apache.ratis.grpc.server.GrpcServerProtocolClient.requestVote(GrpcServerProtocolClient.java:99)
	at org.apache.ratis.grpc.server.GrpcService.requestVote(GrpcService.java:204)
	at org.apache.ratis.server.impl.LeaderElection.lambda$submitRequests$1(LeaderElection.java:234)
	at java.util.concurrent.FutureTask.run(FutureTask.java:266)
	at java.util.concurrent.Executors$RunnableAdapter.call(Executors.java:511)
	at java.util.concurrent.FutureTask.run(FutureTask.java:266)
	at java.util.concurrent.ThreadPoolExecutor.runWorker(ThreadPoolExecutor.java:1149)
	at java.util.concurrent.ThreadPoolExecutor$Worker.run(ThreadPoolExecutor.java:624)
	... 1 more
Caused by: org.apache.ratis.thirdparty.io.netty.channel.AbstractChannel$AnnotatedConnectException: Connection refused: /192.168.157.254:36038
	at sun.nio.ch.SocketChannelImpl.checkConnect(Native Method)
	at sun.nio.ch.SocketChannelImpl.finishConnect(SocketChannelImpl.java:717)
	at org.apache.ratis.thirdparty.io.netty.channel.socket.nio.NioSocketChannel.doFinishConnect(NioSocketChannel.java:327)
	at org.apache.ratis.thirdparty.io.netty.channel.nio.AbstractNioChannel$AbstractNioUnsafe.finishConnect(AbstractNioChannel.java:340)
	at org.apache.ratis.thirdparty.io.netty.channel.nio.NioEventLoop.processSelectedKey(NioEventLoop.java:632)
	at org.apache.ratis.thirdparty.io.netty.channel.nio.NioEventLoop.processSelectedKeysOptimized(NioEventLoop.java:579)
	at org.apache.ratis.thirdparty.io.netty.channel.nio.NioEventLoop.processSelectedKeys(NioEventLoop.java:496)
	at org.apache.ratis.thirdparty.io.netty.channel.nio.NioEventLoop.run(NioEventLoop.java:458)
	at org.apache.ratis.thirdparty.io.netty.util.concurrent.SingleThreadEventExecutor$5.run(SingleThreadEventExecutor.java:897)
	at org.apache.ratis.thirdparty.io.netty.util.concurrent.FastThreadLocalRunnable.run(FastThreadLocalRunnable.java:30)
	... 1 more
Caused by: java.net.ConnectException: Connection refused
	... 11 more
2019-10-22 00:13:21,244 [2fdb3e93-e0d8-400e-8c33-91e2341b50c6@group-F01152B53F91-LeaderElection239] INFO  impl.LeaderElection (LogUtils.java:infoOrTrace(149)) - 2fdb3e93-e0d8-400e-8c33-91e2341b50c6@group-F01152B53F91-LeaderElection239 got exception when requesting votes: {}
java.util.concurrent.ExecutionException: org.apache.ratis.thirdparty.io.grpc.StatusRuntimeException: UNAVAILABLE: io exception
	at java.util.concurrent.FutureTask.report(FutureTask.java:122)
	at java.util.concurrent.FutureTask.get(FutureTask.java:192)
	at org.apache.ratis.server.impl.LeaderElection.waitForResults(LeaderElection.java:259)
	at org.apache.ratis.server.impl.LeaderElection.askForVotes(LeaderElection.java:197)
	at org.apache.ratis.server.impl.LeaderElection.run(LeaderElection.java:133)
	at java.lang.Thread.run(Thread.java:748)
Caused by: org.apache.ratis.thirdparty.io.grpc.StatusRuntimeException: UNAVAILABLE: io exception
	at org.apache.ratis.thirdparty.io.grpc.stub.ClientCalls.toStatusRuntimeException(ClientCalls.java:233)
	at org.apache.ratis.thirdparty.io.grpc.stub.ClientCalls.getUnchecked(ClientCalls.java:214)
	at org.apache.ratis.thirdparty.io.grpc.stub.ClientCalls.blockingUnaryCall(ClientCalls.java:139)
	at org.apache.ratis.proto.grpc.RaftServerProtocolServiceGrpc$RaftServerProtocolServiceBlockingStub.requestVote(RaftServerProtocolServiceGrpc.java:265)
	at org.apache.ratis.grpc.server.GrpcServerProtocolClient.requestVote(GrpcServerProtocolClient.java:99)
	at org.apache.ratis.grpc.server.GrpcService.requestVote(GrpcService.java:204)
	at org.apache.ratis.server.impl.LeaderElection.lambda$submitRequests$1(LeaderElection.java:234)
	at java.util.concurrent.FutureTask.run(FutureTask.java:266)
	at java.util.concurrent.Executors$RunnableAdapter.call(Executors.java:511)
	at java.util.concurrent.FutureTask.run(FutureTask.java:266)
	at java.util.concurrent.ThreadPoolExecutor.runWorker(ThreadPoolExecutor.java:1149)
	at java.util.concurrent.ThreadPoolExecutor$Worker.run(ThreadPoolExecutor.java:624)
	... 1 more
Caused by: org.apache.ratis.thirdparty.io.netty.channel.AbstractChannel$AnnotatedConnectException: Connection refused: /192.168.157.254:45598
	at sun.nio.ch.SocketChannelImpl.checkConnect(Native Method)
	at sun.nio.ch.SocketChannelImpl.finishConnect(SocketChannelImpl.java:717)
	at org.apache.ratis.thirdparty.io.netty.channel.socket.nio.NioSocketChannel.doFinishConnect(NioSocketChannel.java:327)
	at org.apache.ratis.thirdparty.io.netty.channel.nio.AbstractNioChannel$AbstractNioUnsafe.finishConnect(AbstractNioChannel.java:340)
	at org.apache.ratis.thirdparty.io.netty.channel.nio.NioEventLoop.processSelectedKey(NioEventLoop.java:632)
	at org.apache.ratis.thirdparty.io.netty.channel.nio.NioEventLoop.processSelectedKeysOptimized(NioEventLoop.java:579)
	at org.apache.ratis.thirdparty.io.netty.channel.nio.NioEventLoop.processSelectedKeys(NioEventLoop.java:496)
	at org.apache.ratis.thirdparty.io.netty.channel.nio.NioEventLoop.run(NioEventLoop.java:458)
	at org.apache.ratis.thirdparty.io.netty.util.concurrent.SingleThreadEventExecutor$5.run(SingleThreadEventExecutor.java:897)
	at org.apache.ratis.thirdparty.io.netty.util.concurrent.FastThreadLocalRunnable.run(FastThreadLocalRunnable.java:30)
	... 1 more
Caused by: java.net.ConnectException: Connection refused
	... 11 more
2019-10-22 00:13:21,245 [2fdb3e93-e0d8-400e-8c33-91e2341b50c6@group-F01152B53F91-LeaderElection239] INFO  impl.LeaderElection (LeaderElection.java:logAndReturn(56)) - 2fdb3e93-e0d8-400e-8c33-91e2341b50c6@group-F01152B53F91-LeaderElection239: Election REJECTED; received 0 response(s) [] and 2 exception(s); 2fdb3e93-e0d8-400e-8c33-91e2341b50c6@group-F01152B53F91:t238, leader=null, voted=2fdb3e93-e0d8-400e-8c33-91e2341b50c6, raftlog=2fdb3e93-e0d8-400e-8c33-91e2341b50c6@group-F01152B53F91-SegmentedRaftLog:OPENED:c-1,f-1,i0, conf=-1: [2fdb3e93-e0d8-400e-8c33-91e2341b50c6:192.168.157.254:43254, 062c71de-08d9-40ee-9309-15590e2e8e68:192.168.157.254:45598, 2a52019e-5647-44e1-bf30-9a43fd8a7377:192.168.157.254:36038], old=null
2019-10-22 00:13:21,245 [2fdb3e93-e0d8-400e-8c33-91e2341b50c6@group-F01152B53F91-LeaderElection239] INFO  impl.LeaderElection (LogUtils.java:infoOrTrace(149)) -   Exception 0: {}
java.util.concurrent.ExecutionException: org.apache.ratis.thirdparty.io.grpc.StatusRuntimeException: UNAVAILABLE: io exception
	at java.util.concurrent.FutureTask.report(FutureTask.java:122)
	at java.util.concurrent.FutureTask.get(FutureTask.java:192)
	at org.apache.ratis.server.impl.LeaderElection.waitForResults(LeaderElection.java:259)
	at org.apache.ratis.server.impl.LeaderElection.askForVotes(LeaderElection.java:197)
	at org.apache.ratis.server.impl.LeaderElection.run(LeaderElection.java:133)
	at java.lang.Thread.run(Thread.java:748)
Caused by: org.apache.ratis.thirdparty.io.grpc.StatusRuntimeException: UNAVAILABLE: io exception
	at org.apache.ratis.thirdparty.io.grpc.stub.ClientCalls.toStatusRuntimeException(ClientCalls.java:233)
	at org.apache.ratis.thirdparty.io.grpc.stub.ClientCalls.getUnchecked(ClientCalls.java:214)
	at org.apache.ratis.thirdparty.io.grpc.stub.ClientCalls.blockingUnaryCall(ClientCalls.java:139)
	at org.apache.ratis.proto.grpc.RaftServerProtocolServiceGrpc$RaftServerProtocolServiceBlockingStub.requestVote(RaftServerProtocolServiceGrpc.java:265)
	at org.apache.ratis.grpc.server.GrpcServerProtocolClient.requestVote(GrpcServerProtocolClient.java:99)
	at org.apache.ratis.grpc.server.GrpcService.requestVote(GrpcService.java:204)
	at org.apache.ratis.server.impl.LeaderElection.lambda$submitRequests$1(LeaderElection.java:234)
	at java.util.concurrent.FutureTask.run(FutureTask.java:266)
	at java.util.concurrent.Executors$RunnableAdapter.call(Executors.java:511)
	at java.util.concurrent.FutureTask.run(FutureTask.java:266)
	at java.util.concurrent.ThreadPoolExecutor.runWorker(ThreadPoolExecutor.java:1149)
	at java.util.concurrent.ThreadPoolExecutor$Worker.run(ThreadPoolExecutor.java:624)
	... 1 more
Caused by: org.apache.ratis.thirdparty.io.netty.channel.AbstractChannel$AnnotatedConnectException: Connection refused: /192.168.157.254:36038
	at sun.nio.ch.SocketChannelImpl.checkConnect(Native Method)
	at sun.nio.ch.SocketChannelImpl.finishConnect(SocketChannelImpl.java:717)
	at org.apache.ratis.thirdparty.io.netty.channel.socket.nio.NioSocketChannel.doFinishConnect(NioSocketChannel.java:327)
	at org.apache.ratis.thirdparty.io.netty.channel.nio.AbstractNioChannel$AbstractNioUnsafe.finishConnect(AbstractNioChannel.java:340)
	at org.apache.ratis.thirdparty.io.netty.channel.nio.NioEventLoop.processSelectedKey(NioEventLoop.java:632)
	at org.apache.ratis.thirdparty.io.netty.channel.nio.NioEventLoop.processSelectedKeysOptimized(NioEventLoop.java:579)
	at org.apache.ratis.thirdparty.io.netty.channel.nio.NioEventLoop.processSelectedKeys(NioEventLoop.java:496)
	at org.apache.ratis.thirdparty.io.netty.channel.nio.NioEventLoop.run(NioEventLoop.java:458)
	at org.apache.ratis.thirdparty.io.netty.util.concurrent.SingleThreadEventExecutor$5.run(SingleThreadEventExecutor.java:897)
	at org.apache.ratis.thirdparty.io.netty.util.concurrent.FastThreadLocalRunnable.run(FastThreadLocalRunnable.java:30)
	... 1 more
Caused by: java.net.ConnectException: Connection refused
	... 11 more
2019-10-22 00:13:21,245 [2fdb3e93-e0d8-400e-8c33-91e2341b50c6@group-F01152B53F91-LeaderElection239] INFO  impl.LeaderElection (LogUtils.java:infoOrTrace(149)) -   Exception 1: {}
java.util.concurrent.ExecutionException: org.apache.ratis.thirdparty.io.grpc.StatusRuntimeException: UNAVAILABLE: io exception
	at java.util.concurrent.FutureTask.report(FutureTask.java:122)
	at java.util.concurrent.FutureTask.get(FutureTask.java:192)
	at org.apache.ratis.server.impl.LeaderElection.waitForResults(LeaderElection.java:259)
	at org.apache.ratis.server.impl.LeaderElection.askForVotes(LeaderElection.java:197)
	at org.apache.ratis.server.impl.LeaderElection.run(LeaderElection.java:133)
	at java.lang.Thread.run(Thread.java:748)
Caused by: org.apache.ratis.thirdparty.io.grpc.StatusRuntimeException: UNAVAILABLE: io exception
	at org.apache.ratis.thirdparty.io.grpc.stub.ClientCalls.toStatusRuntimeException(ClientCalls.java:233)
	at org.apache.ratis.thirdparty.io.grpc.stub.ClientCalls.getUnchecked(ClientCalls.java:214)
	at org.apache.ratis.thirdparty.io.grpc.stub.ClientCalls.blockingUnaryCall(ClientCalls.java:139)
	at org.apache.ratis.proto.grpc.RaftServerProtocolServiceGrpc$RaftServerProtocolServiceBlockingStub.requestVote(RaftServerProtocolServiceGrpc.java:265)
	at org.apache.ratis.grpc.server.GrpcServerProtocolClient.requestVote(GrpcServerProtocolClient.java:99)
	at org.apache.ratis.grpc.server.GrpcService.requestVote(GrpcService.java:204)
	at org.apache.ratis.server.impl.LeaderElection.lambda$submitRequests$1(LeaderElection.java:234)
	at java.util.concurrent.FutureTask.run(FutureTask.java:266)
	at java.util.concurrent.Executors$RunnableAdapter.call(Executors.java:511)
	at java.util.concurrent.FutureTask.run(FutureTask.java:266)
	at java.util.concurrent.ThreadPoolExecutor.runWorker(ThreadPoolExecutor.java:1149)
	at java.util.concurrent.ThreadPoolExecutor$Worker.run(ThreadPoolExecutor.java:624)
	... 1 more
Caused by: org.apache.ratis.thirdparty.io.netty.channel.AbstractChannel$AnnotatedConnectException: Connection refused: /192.168.157.254:45598
	at sun.nio.ch.SocketChannelImpl.checkConnect(Native Method)
	at sun.nio.ch.SocketChannelImpl.finishConnect(SocketChannelImpl.java:717)
	at org.apache.ratis.thirdparty.io.netty.channel.socket.nio.NioSocketChannel.doFinishConnect(NioSocketChannel.java:327)
	at org.apache.ratis.thirdparty.io.netty.channel.nio.AbstractNioChannel$AbstractNioUnsafe.finishConnect(AbstractNioChannel.java:340)
	at org.apache.ratis.thirdparty.io.netty.channel.nio.NioEventLoop.processSelectedKey(NioEventLoop.java:632)
	at org.apache.ratis.thirdparty.io.netty.channel.nio.NioEventLoop.processSelectedKeysOptimized(NioEventLoop.java:579)
	at org.apache.ratis.thirdparty.io.netty.channel.nio.NioEventLoop.processSelectedKeys(NioEventLoop.java:496)
	at org.apache.ratis.thirdparty.io.netty.channel.nio.NioEventLoop.run(NioEventLoop.java:458)
	at org.apache.ratis.thirdparty.io.netty.util.concurrent.SingleThreadEventExecutor$5.run(SingleThreadEventExecutor.java:897)
	at org.apache.ratis.thirdparty.io.netty.util.concurrent.FastThreadLocalRunnable.run(FastThreadLocalRunnable.java:30)
	... 1 more
Caused by: java.net.ConnectException: Connection refused
	... 11 more
2019-10-22 00:13:21,246 [2fdb3e93-e0d8-400e-8c33-91e2341b50c6@group-F01152B53F91-LeaderElection239] INFO  impl.RaftServerImpl (RaftServerImpl.java:setRole(184)) - 2fdb3e93-e0d8-400e-8c33-91e2341b50c6@group-F01152B53F91: changes role from CANDIDATE to FOLLOWER at term 238 for DISCOVERED_A_NEW_TERM
2019-10-22 00:13:21,246 [2fdb3e93-e0d8-400e-8c33-91e2341b50c6@group-F01152B53F91-LeaderElection239] INFO  impl.RoleInfo (RoleInfo.java:shutdownLeaderElection(134)) - 2fdb3e93-e0d8-400e-8c33-91e2341b50c6: shutdown LeaderElection
2019-10-22 00:13:21,246 [2fdb3e93-e0d8-400e-8c33-91e2341b50c6@group-F01152B53F91-LeaderElection239] INFO  impl.RoleInfo (RoleInfo.java:updateAndGet(143)) - 2fdb3e93-e0d8-400e-8c33-91e2341b50c6: start FollowerState
2019-10-22 00:13:21,300 [java.util.concurrent.ThreadPoolExecutor$Worker@c41ae0f[State = -1, empty queue]] WARN  server.GrpcLogAppender (GrpcLogAppender.java:timeoutAppendRequest(209)) - fad63ceb-ed14-4322-905d-6ef3599ac734@group-0045C62F497D->5732e052-e19f-40fe-a104-972211db20fb-GrpcLogAppender: appendEntries Timeout, request=fad63ceb-ed14-4322-905d-6ef3599ac734->5732e052-e19f-40fe-a104-972211db20fb#53-t1, previous=(t:1, i:0), leaderCommit=0, initializing? false, entries: <empty>
2019-10-22 00:13:21,397 [Thread-1996] INFO  impl.FollowerState (FollowerState.java:run(108)) - 2fdb3e93-e0d8-400e-8c33-91e2341b50c6@group-F01152B53F91-FollowerState: change to CANDIDATE, lastRpcTime:151ms, electionTimeout:151ms
2019-10-22 00:13:21,397 [Thread-1996] INFO  impl.RoleInfo (RoleInfo.java:shutdownFollowerState(121)) - 2fdb3e93-e0d8-400e-8c33-91e2341b50c6: shutdown FollowerState
2019-10-22 00:13:21,397 [Thread-1996] INFO  impl.RaftServerImpl (RaftServerImpl.java:setRole(184)) - 2fdb3e93-e0d8-400e-8c33-91e2341b50c6@group-F01152B53F91: changes role from  FOLLOWER to CANDIDATE at term 238 for changeToCandidate
2019-10-22 00:13:21,398 [Thread-1996] INFO  impl.RoleInfo (RoleInfo.java:updateAndGet(143)) - 2fdb3e93-e0d8-400e-8c33-91e2341b50c6: start LeaderElection
2019-10-22 00:13:21,411 [2fdb3e93-e0d8-400e-8c33-91e2341b50c6@group-F01152B53F91-LeaderElection240] INFO  impl.LeaderElection (LeaderElection.java:askForVotes(178)) - 2fdb3e93-e0d8-400e-8c33-91e2341b50c6@group-F01152B53F91-LeaderElection240: begin an election at term 239 for -1: [2fdb3e93-e0d8-400e-8c33-91e2341b50c6:192.168.157.254:43254, 062c71de-08d9-40ee-9309-15590e2e8e68:192.168.157.254:45598, 2a52019e-5647-44e1-bf30-9a43fd8a7377:192.168.157.254:36038], old=null
2019-10-22 00:13:21,412 [2fdb3e93-e0d8-400e-8c33-91e2341b50c6@group-F01152B53F91-LeaderElection240] INFO  impl.LeaderElection (LogUtils.java:infoOrTrace(149)) - 2fdb3e93-e0d8-400e-8c33-91e2341b50c6@group-F01152B53F91-LeaderElection240 got exception when requesting votes: {}
java.util.concurrent.ExecutionException: org.apache.ratis.thirdparty.io.grpc.StatusRuntimeException: UNAVAILABLE: io exception
	at java.util.concurrent.FutureTask.report(FutureTask.java:122)
	at java.util.concurrent.FutureTask.get(FutureTask.java:192)
	at org.apache.ratis.server.impl.LeaderElection.waitForResults(LeaderElection.java:259)
	at org.apache.ratis.server.impl.LeaderElection.askForVotes(LeaderElection.java:197)
	at org.apache.ratis.server.impl.LeaderElection.run(LeaderElection.java:133)
	at java.lang.Thread.run(Thread.java:748)
Caused by: org.apache.ratis.thirdparty.io.grpc.StatusRuntimeException: UNAVAILABLE: io exception
	at org.apache.ratis.thirdparty.io.grpc.stub.ClientCalls.toStatusRuntimeException(ClientCalls.java:233)
	at org.apache.ratis.thirdparty.io.grpc.stub.ClientCalls.getUnchecked(ClientCalls.java:214)
	at org.apache.ratis.thirdparty.io.grpc.stub.ClientCalls.blockingUnaryCall(ClientCalls.java:139)
	at org.apache.ratis.proto.grpc.RaftServerProtocolServiceGrpc$RaftServerProtocolServiceBlockingStub.requestVote(RaftServerProtocolServiceGrpc.java:265)
	at org.apache.ratis.grpc.server.GrpcServerProtocolClient.requestVote(GrpcServerProtocolClient.java:99)
	at org.apache.ratis.grpc.server.GrpcService.requestVote(GrpcService.java:204)
	at org.apache.ratis.server.impl.LeaderElection.lambda$submitRequests$1(LeaderElection.java:234)
	at java.util.concurrent.FutureTask.run(FutureTask.java:266)
	at java.util.concurrent.Executors$RunnableAdapter.call(Executors.java:511)
	at java.util.concurrent.FutureTask.run(FutureTask.java:266)
	at java.util.concurrent.ThreadPoolExecutor.runWorker(ThreadPoolExecutor.java:1149)
	at java.util.concurrent.ThreadPoolExecutor$Worker.run(ThreadPoolExecutor.java:624)
	... 1 more
Caused by: org.apache.ratis.thirdparty.io.netty.channel.AbstractChannel$AnnotatedConnectException: Connection refused: /192.168.157.254:36038
	at sun.nio.ch.SocketChannelImpl.checkConnect(Native Method)
	at sun.nio.ch.SocketChannelImpl.finishConnect(SocketChannelImpl.java:717)
	at org.apache.ratis.thirdparty.io.netty.channel.socket.nio.NioSocketChannel.doFinishConnect(NioSocketChannel.java:327)
	at org.apache.ratis.thirdparty.io.netty.channel.nio.AbstractNioChannel$AbstractNioUnsafe.finishConnect(AbstractNioChannel.java:340)
	at org.apache.ratis.thirdparty.io.netty.channel.nio.NioEventLoop.processSelectedKey(NioEventLoop.java:632)
	at org.apache.ratis.thirdparty.io.netty.channel.nio.NioEventLoop.processSelectedKeysOptimized(NioEventLoop.java:579)
	at org.apache.ratis.thirdparty.io.netty.channel.nio.NioEventLoop.processSelectedKeys(NioEventLoop.java:496)
	at org.apache.ratis.thirdparty.io.netty.channel.nio.NioEventLoop.run(NioEventLoop.java:458)
	at org.apache.ratis.thirdparty.io.netty.util.concurrent.SingleThreadEventExecutor$5.run(SingleThreadEventExecutor.java:897)
	at org.apache.ratis.thirdparty.io.netty.util.concurrent.FastThreadLocalRunnable.run(FastThreadLocalRunnable.java:30)
	... 1 more
Caused by: java.net.ConnectException: Connection refused
	... 11 more
2019-10-22 00:13:21,413 [2fdb3e93-e0d8-400e-8c33-91e2341b50c6@group-F01152B53F91-LeaderElection240] INFO  impl.LeaderElection (LogUtils.java:infoOrTrace(149)) - 2fdb3e93-e0d8-400e-8c33-91e2341b50c6@group-F01152B53F91-LeaderElection240 got exception when requesting votes: {}
java.util.concurrent.ExecutionException: org.apache.ratis.thirdparty.io.grpc.StatusRuntimeException: UNAVAILABLE: io exception
	at java.util.concurrent.FutureTask.report(FutureTask.java:122)
	at java.util.concurrent.FutureTask.get(FutureTask.java:192)
	at org.apache.ratis.server.impl.LeaderElection.waitForResults(LeaderElection.java:259)
	at org.apache.ratis.server.impl.LeaderElection.askForVotes(LeaderElection.java:197)
	at org.apache.ratis.server.impl.LeaderElection.run(LeaderElection.java:133)
	at java.lang.Thread.run(Thread.java:748)
Caused by: org.apache.ratis.thirdparty.io.grpc.StatusRuntimeException: UNAVAILABLE: io exception
	at org.apache.ratis.thirdparty.io.grpc.stub.ClientCalls.toStatusRuntimeException(ClientCalls.java:233)
	at org.apache.ratis.thirdparty.io.grpc.stub.ClientCalls.getUnchecked(ClientCalls.java:214)
	at org.apache.ratis.thirdparty.io.grpc.stub.ClientCalls.blockingUnaryCall(ClientCalls.java:139)
	at org.apache.ratis.proto.grpc.RaftServerProtocolServiceGrpc$RaftServerProtocolServiceBlockingStub.requestVote(RaftServerProtocolServiceGrpc.java:265)
	at org.apache.ratis.grpc.server.GrpcServerProtocolClient.requestVote(GrpcServerProtocolClient.java:99)
	at org.apache.ratis.grpc.server.GrpcService.requestVote(GrpcService.java:204)
	at org.apache.ratis.server.impl.LeaderElection.lambda$submitRequests$1(LeaderElection.java:234)
	at java.util.concurrent.FutureTask.run(FutureTask.java:266)
	at java.util.concurrent.Executors$RunnableAdapter.call(Executors.java:511)
	at java.util.concurrent.FutureTask.run(FutureTask.java:266)
	at java.util.concurrent.ThreadPoolExecutor.runWorker(ThreadPoolExecutor.java:1149)
	at java.util.concurrent.ThreadPoolExecutor$Worker.run(ThreadPoolExecutor.java:624)
	... 1 more
Caused by: org.apache.ratis.thirdparty.io.netty.channel.AbstractChannel$AnnotatedConnectException: Connection refused: /192.168.157.254:45598
	at sun.nio.ch.SocketChannelImpl.checkConnect(Native Method)
	at sun.nio.ch.SocketChannelImpl.finishConnect(SocketChannelImpl.java:717)
	at org.apache.ratis.thirdparty.io.netty.channel.socket.nio.NioSocketChannel.doFinishConnect(NioSocketChannel.java:327)
	at org.apache.ratis.thirdparty.io.netty.channel.nio.AbstractNioChannel$AbstractNioUnsafe.finishConnect(AbstractNioChannel.java:340)
	at org.apache.ratis.thirdparty.io.netty.channel.nio.NioEventLoop.processSelectedKey(NioEventLoop.java:632)
	at org.apache.ratis.thirdparty.io.netty.channel.nio.NioEventLoop.processSelectedKeysOptimized(NioEventLoop.java:579)
	at org.apache.ratis.thirdparty.io.netty.channel.nio.NioEventLoop.processSelectedKeys(NioEventLoop.java:496)
	at org.apache.ratis.thirdparty.io.netty.channel.nio.NioEventLoop.run(NioEventLoop.java:458)
	at org.apache.ratis.thirdparty.io.netty.util.concurrent.SingleThreadEventExecutor$5.run(SingleThreadEventExecutor.java:897)
	at org.apache.ratis.thirdparty.io.netty.util.concurrent.FastThreadLocalRunnable.run(FastThreadLocalRunnable.java:30)
	... 1 more
Caused by: java.net.ConnectException: Connection refused
	... 11 more
2019-10-22 00:13:21,413 [2fdb3e93-e0d8-400e-8c33-91e2341b50c6@group-F01152B53F91-LeaderElection240] INFO  impl.LeaderElection (LeaderElection.java:logAndReturn(56)) - 2fdb3e93-e0d8-400e-8c33-91e2341b50c6@group-F01152B53F91-LeaderElection240: Election REJECTED; received 0 response(s) [] and 2 exception(s); 2fdb3e93-e0d8-400e-8c33-91e2341b50c6@group-F01152B53F91:t239, leader=null, voted=2fdb3e93-e0d8-400e-8c33-91e2341b50c6, raftlog=2fdb3e93-e0d8-400e-8c33-91e2341b50c6@group-F01152B53F91-SegmentedRaftLog:OPENED:c-1,f-1,i0, conf=-1: [2fdb3e93-e0d8-400e-8c33-91e2341b50c6:192.168.157.254:43254, 062c71de-08d9-40ee-9309-15590e2e8e68:192.168.157.254:45598, 2a52019e-5647-44e1-bf30-9a43fd8a7377:192.168.157.254:36038], old=null
2019-10-22 00:13:21,413 [2fdb3e93-e0d8-400e-8c33-91e2341b50c6@group-F01152B53F91-LeaderElection240] INFO  impl.LeaderElection (LogUtils.java:infoOrTrace(149)) -   Exception 0: {}
java.util.concurrent.ExecutionException: org.apache.ratis.thirdparty.io.grpc.StatusRuntimeException: UNAVAILABLE: io exception
	at java.util.concurrent.FutureTask.report(FutureTask.java:122)
	at java.util.concurrent.FutureTask.get(FutureTask.java:192)
	at org.apache.ratis.server.impl.LeaderElection.waitForResults(LeaderElection.java:259)
	at org.apache.ratis.server.impl.LeaderElection.askForVotes(LeaderElection.java:197)
	at org.apache.ratis.server.impl.LeaderElection.run(LeaderElection.java:133)
	at java.lang.Thread.run(Thread.java:748)
Caused by: org.apache.ratis.thirdparty.io.grpc.StatusRuntimeException: UNAVAILABLE: io exception
	at org.apache.ratis.thirdparty.io.grpc.stub.ClientCalls.toStatusRuntimeException(ClientCalls.java:233)
	at org.apache.ratis.thirdparty.io.grpc.stub.ClientCalls.getUnchecked(ClientCalls.java:214)
	at org.apache.ratis.thirdparty.io.grpc.stub.ClientCalls.blockingUnaryCall(ClientCalls.java:139)
	at org.apache.ratis.proto.grpc.RaftServerProtocolServiceGrpc$RaftServerProtocolServiceBlockingStub.requestVote(RaftServerProtocolServiceGrpc.java:265)
	at org.apache.ratis.grpc.server.GrpcServerProtocolClient.requestVote(GrpcServerProtocolClient.java:99)
	at org.apache.ratis.grpc.server.GrpcService.requestVote(GrpcService.java:204)
	at org.apache.ratis.server.impl.LeaderElection.lambda$submitRequests$1(LeaderElection.java:234)
	at java.util.concurrent.FutureTask.run(FutureTask.java:266)
	at java.util.concurrent.Executors$RunnableAdapter.call(Executors.java:511)
	at java.util.concurrent.FutureTask.run(FutureTask.java:266)
	at java.util.concurrent.ThreadPoolExecutor.runWorker(ThreadPoolExecutor.java:1149)
	at java.util.concurrent.ThreadPoolExecutor$Worker.run(ThreadPoolExecutor.java:624)
	... 1 more
Caused by: org.apache.ratis.thirdparty.io.netty.channel.AbstractChannel$AnnotatedConnectException: Connection refused: /192.168.157.254:36038
	at sun.nio.ch.SocketChannelImpl.checkConnect(Native Method)
	at sun.nio.ch.SocketChannelImpl.finishConnect(SocketChannelImpl.java:717)
	at org.apache.ratis.thirdparty.io.netty.channel.socket.nio.NioSocketChannel.doFinishConnect(NioSocketChannel.java:327)
	at org.apache.ratis.thirdparty.io.netty.channel.nio.AbstractNioChannel$AbstractNioUnsafe.finishConnect(AbstractNioChannel.java:340)
	at org.apache.ratis.thirdparty.io.netty.channel.nio.NioEventLoop.processSelectedKey(NioEventLoop.java:632)
	at org.apache.ratis.thirdparty.io.netty.channel.nio.NioEventLoop.processSelectedKeysOptimized(NioEventLoop.java:579)
	at org.apache.ratis.thirdparty.io.netty.channel.nio.NioEventLoop.processSelectedKeys(NioEventLoop.java:496)
	at org.apache.ratis.thirdparty.io.netty.channel.nio.NioEventLoop.run(NioEventLoop.java:458)
	at org.apache.ratis.thirdparty.io.netty.util.concurrent.SingleThreadEventExecutor$5.run(SingleThreadEventExecutor.java:897)
	at org.apache.ratis.thirdparty.io.netty.util.concurrent.FastThreadLocalRunnable.run(FastThreadLocalRunnable.java:30)
	... 1 more
Caused by: java.net.ConnectException: Connection refused
	... 11 more
2019-10-22 00:13:21,414 [2fdb3e93-e0d8-400e-8c33-91e2341b50c6@group-F01152B53F91-LeaderElection240] INFO  impl.LeaderElection (LogUtils.java:infoOrTrace(149)) -   Exception 1: {}
java.util.concurrent.ExecutionException: org.apache.ratis.thirdparty.io.grpc.StatusRuntimeException: UNAVAILABLE: io exception
	at java.util.concurrent.FutureTask.report(FutureTask.java:122)
	at java.util.concurrent.FutureTask.get(FutureTask.java:192)
	at org.apache.ratis.server.impl.LeaderElection.waitForResults(LeaderElection.java:259)
	at org.apache.ratis.server.impl.LeaderElection.askForVotes(LeaderElection.java:197)
	at org.apache.ratis.server.impl.LeaderElection.run(LeaderElection.java:133)
	at java.lang.Thread.run(Thread.java:748)
Caused by: org.apache.ratis.thirdparty.io.grpc.StatusRuntimeException: UNAVAILABLE: io exception
	at org.apache.ratis.thirdparty.io.grpc.stub.ClientCalls.toStatusRuntimeException(ClientCalls.java:233)
	at org.apache.ratis.thirdparty.io.grpc.stub.ClientCalls.getUnchecked(ClientCalls.java:214)
	at org.apache.ratis.thirdparty.io.grpc.stub.ClientCalls.blockingUnaryCall(ClientCalls.java:139)
	at org.apache.ratis.proto.grpc.RaftServerProtocolServiceGrpc$RaftServerProtocolServiceBlockingStub.requestVote(RaftServerProtocolServiceGrpc.java:265)
	at org.apache.ratis.grpc.server.GrpcServerProtocolClient.requestVote(GrpcServerProtocolClient.java:99)
	at org.apache.ratis.grpc.server.GrpcService.requestVote(GrpcService.java:204)
	at org.apache.ratis.server.impl.LeaderElection.lambda$submitRequests$1(LeaderElection.java:234)
	at java.util.concurrent.FutureTask.run(FutureTask.java:266)
	at java.util.concurrent.Executors$RunnableAdapter.call(Executors.java:511)
	at java.util.concurrent.FutureTask.run(FutureTask.java:266)
	at java.util.concurrent.ThreadPoolExecutor.runWorker(ThreadPoolExecutor.java:1149)
	at java.util.concurrent.ThreadPoolExecutor$Worker.run(ThreadPoolExecutor.java:624)
	... 1 more
Caused by: org.apache.ratis.thirdparty.io.netty.channel.AbstractChannel$AnnotatedConnectException: Connection refused: /192.168.157.254:45598
	at sun.nio.ch.SocketChannelImpl.checkConnect(Native Method)
	at sun.nio.ch.SocketChannelImpl.finishConnect(SocketChannelImpl.java:717)
	at org.apache.ratis.thirdparty.io.netty.channel.socket.nio.NioSocketChannel.doFinishConnect(NioSocketChannel.java:327)
	at org.apache.ratis.thirdparty.io.netty.channel.nio.AbstractNioChannel$AbstractNioUnsafe.finishConnect(AbstractNioChannel.java:340)
	at org.apache.ratis.thirdparty.io.netty.channel.nio.NioEventLoop.processSelectedKey(NioEventLoop.java:632)
	at org.apache.ratis.thirdparty.io.netty.channel.nio.NioEventLoop.processSelectedKeysOptimized(NioEventLoop.java:579)
	at org.apache.ratis.thirdparty.io.netty.channel.nio.NioEventLoop.processSelectedKeys(NioEventLoop.java:496)
	at org.apache.ratis.thirdparty.io.netty.channel.nio.NioEventLoop.run(NioEventLoop.java:458)
	at org.apache.ratis.thirdparty.io.netty.util.concurrent.SingleThreadEventExecutor$5.run(SingleThreadEventExecutor.java:897)
	at org.apache.ratis.thirdparty.io.netty.util.concurrent.FastThreadLocalRunnable.run(FastThreadLocalRunnable.java:30)
	... 1 more
Caused by: java.net.ConnectException: Connection refused
	... 11 more
2019-10-22 00:13:21,414 [2fdb3e93-e0d8-400e-8c33-91e2341b50c6@group-F01152B53F91-LeaderElection240] INFO  impl.RaftServerImpl (RaftServerImpl.java:setRole(184)) - 2fdb3e93-e0d8-400e-8c33-91e2341b50c6@group-F01152B53F91: changes role from CANDIDATE to FOLLOWER at term 239 for DISCOVERED_A_NEW_TERM
2019-10-22 00:13:21,414 [2fdb3e93-e0d8-400e-8c33-91e2341b50c6@group-F01152B53F91-LeaderElection240] INFO  impl.RoleInfo (RoleInfo.java:shutdownLeaderElection(134)) - 2fdb3e93-e0d8-400e-8c33-91e2341b50c6: shutdown LeaderElection
2019-10-22 00:13:21,415 [2fdb3e93-e0d8-400e-8c33-91e2341b50c6@group-F01152B53F91-LeaderElection240] INFO  impl.RoleInfo (RoleInfo.java:updateAndGet(143)) - 2fdb3e93-e0d8-400e-8c33-91e2341b50c6: start FollowerState
2019-10-22 00:13:21,468 [Thread-2000] INFO  impl.FollowerState (FollowerState.java:run(108)) - 2fdb3e93-e0d8-400e-8c33-91e2341b50c6@group-F01152B53F91-FollowerState: change to CANDIDATE, lastRpcTime:53ms, electionTimeout:53ms
2019-10-22 00:13:21,468 [Thread-2000] INFO  impl.RoleInfo (RoleInfo.java:shutdownFollowerState(121)) - 2fdb3e93-e0d8-400e-8c33-91e2341b50c6: shutdown FollowerState
2019-10-22 00:13:21,468 [Thread-2000] INFO  impl.RaftServerImpl (RaftServerImpl.java:setRole(184)) - 2fdb3e93-e0d8-400e-8c33-91e2341b50c6@group-F01152B53F91: changes role from  FOLLOWER to CANDIDATE at term 239 for changeToCandidate
2019-10-22 00:13:21,468 [Thread-2000] INFO  impl.RoleInfo (RoleInfo.java:updateAndGet(143)) - 2fdb3e93-e0d8-400e-8c33-91e2341b50c6: start LeaderElection
2019-10-22 00:13:21,481 [2fdb3e93-e0d8-400e-8c33-91e2341b50c6@group-F01152B53F91-LeaderElection241] INFO  impl.LeaderElection (LeaderElection.java:askForVotes(178)) - 2fdb3e93-e0d8-400e-8c33-91e2341b50c6@group-F01152B53F91-LeaderElection241: begin an election at term 240 for -1: [2fdb3e93-e0d8-400e-8c33-91e2341b50c6:192.168.157.254:43254, 062c71de-08d9-40ee-9309-15590e2e8e68:192.168.157.254:45598, 2a52019e-5647-44e1-bf30-9a43fd8a7377:192.168.157.254:36038], old=null
2019-10-22 00:13:21,482 [2fdb3e93-e0d8-400e-8c33-91e2341b50c6@group-F01152B53F91-LeaderElection241] INFO  impl.LeaderElection (LogUtils.java:infoOrTrace(149)) - 2fdb3e93-e0d8-400e-8c33-91e2341b50c6@group-F01152B53F91-LeaderElection241 got exception when requesting votes: {}
java.util.concurrent.ExecutionException: org.apache.ratis.thirdparty.io.grpc.StatusRuntimeException: UNAVAILABLE: io exception
	at java.util.concurrent.FutureTask.report(FutureTask.java:122)
	at java.util.concurrent.FutureTask.get(FutureTask.java:192)
	at org.apache.ratis.server.impl.LeaderElection.waitForResults(LeaderElection.java:259)
	at org.apache.ratis.server.impl.LeaderElection.askForVotes(LeaderElection.java:197)
	at org.apache.ratis.server.impl.LeaderElection.run(LeaderElection.java:133)
	at java.lang.Thread.run(Thread.java:748)
Caused by: org.apache.ratis.thirdparty.io.grpc.StatusRuntimeException: UNAVAILABLE: io exception
	at org.apache.ratis.thirdparty.io.grpc.stub.ClientCalls.toStatusRuntimeException(ClientCalls.java:233)
	at org.apache.ratis.thirdparty.io.grpc.stub.ClientCalls.getUnchecked(ClientCalls.java:214)
	at org.apache.ratis.thirdparty.io.grpc.stub.ClientCalls.blockingUnaryCall(ClientCalls.java:139)
	at org.apache.ratis.proto.grpc.RaftServerProtocolServiceGrpc$RaftServerProtocolServiceBlockingStub.requestVote(RaftServerProtocolServiceGrpc.java:265)
	at org.apache.ratis.grpc.server.GrpcServerProtocolClient.requestVote(GrpcServerProtocolClient.java:99)
	at org.apache.ratis.grpc.server.GrpcService.requestVote(GrpcService.java:204)
	at org.apache.ratis.server.impl.LeaderElection.lambda$submitRequests$1(LeaderElection.java:234)
	at java.util.concurrent.FutureTask.run(FutureTask.java:266)
	at java.util.concurrent.Executors$RunnableAdapter.call(Executors.java:511)
	at java.util.concurrent.FutureTask.run(FutureTask.java:266)
	at java.util.concurrent.ThreadPoolExecutor.runWorker(ThreadPoolExecutor.java:1149)
	at java.util.concurrent.ThreadPoolExecutor$Worker.run(ThreadPoolExecutor.java:624)
	... 1 more
Caused by: org.apache.ratis.thirdparty.io.netty.channel.AbstractChannel$AnnotatedConnectException: Connection refused: /192.168.157.254:45598
	at sun.nio.ch.SocketChannelImpl.checkConnect(Native Method)
	at sun.nio.ch.SocketChannelImpl.finishConnect(SocketChannelImpl.java:717)
	at org.apache.ratis.thirdparty.io.netty.channel.socket.nio.NioSocketChannel.doFinishConnect(NioSocketChannel.java:327)
	at org.apache.ratis.thirdparty.io.netty.channel.nio.AbstractNioChannel$AbstractNioUnsafe.finishConnect(AbstractNioChannel.java:340)
	at org.apache.ratis.thirdparty.io.netty.channel.nio.NioEventLoop.processSelectedKey(NioEventLoop.java:632)
	at org.apache.ratis.thirdparty.io.netty.channel.nio.NioEventLoop.processSelectedKeysOptimized(NioEventLoop.java:579)
	at org.apache.ratis.thirdparty.io.netty.channel.nio.NioEventLoop.processSelectedKeys(NioEventLoop.java:496)
	at org.apache.ratis.thirdparty.io.netty.channel.nio.NioEventLoop.run(NioEventLoop.java:458)
	at org.apache.ratis.thirdparty.io.netty.util.concurrent.SingleThreadEventExecutor$5.run(SingleThreadEventExecutor.java:897)
	at org.apache.ratis.thirdparty.io.netty.util.concurrent.FastThreadLocalRunnable.run(FastThreadLocalRunnable.java:30)
	... 1 more
Caused by: java.net.ConnectException: Connection refused
	... 11 more
2019-10-22 00:13:21,483 [2fdb3e93-e0d8-400e-8c33-91e2341b50c6@group-F01152B53F91-LeaderElection241] INFO  impl.LeaderElection (LogUtils.java:infoOrTrace(149)) - 2fdb3e93-e0d8-400e-8c33-91e2341b50c6@group-F01152B53F91-LeaderElection241 got exception when requesting votes: {}
java.util.concurrent.ExecutionException: org.apache.ratis.thirdparty.io.grpc.StatusRuntimeException: UNAVAILABLE: io exception
	at java.util.concurrent.FutureTask.report(FutureTask.java:122)
	at java.util.concurrent.FutureTask.get(FutureTask.java:192)
	at org.apache.ratis.server.impl.LeaderElection.waitForResults(LeaderElection.java:259)
	at org.apache.ratis.server.impl.LeaderElection.askForVotes(LeaderElection.java:197)
	at org.apache.ratis.server.impl.LeaderElection.run(LeaderElection.java:133)
	at java.lang.Thread.run(Thread.java:748)
Caused by: org.apache.ratis.thirdparty.io.grpc.StatusRuntimeException: UNAVAILABLE: io exception
	at org.apache.ratis.thirdparty.io.grpc.stub.ClientCalls.toStatusRuntimeException(ClientCalls.java:233)
	at org.apache.ratis.thirdparty.io.grpc.stub.ClientCalls.getUnchecked(ClientCalls.java:214)
	at org.apache.ratis.thirdparty.io.grpc.stub.ClientCalls.blockingUnaryCall(ClientCalls.java:139)
	at org.apache.ratis.proto.grpc.RaftServerProtocolServiceGrpc$RaftServerProtocolServiceBlockingStub.requestVote(RaftServerProtocolServiceGrpc.java:265)
	at org.apache.ratis.grpc.server.GrpcServerProtocolClient.requestVote(GrpcServerProtocolClient.java:99)
	at org.apache.ratis.grpc.server.GrpcService.requestVote(GrpcService.java:204)
	at org.apache.ratis.server.impl.LeaderElection.lambda$submitRequests$1(LeaderElection.java:234)
	at java.util.concurrent.FutureTask.run(FutureTask.java:266)
	at java.util.concurrent.Executors$RunnableAdapter.call(Executors.java:511)
	at java.util.concurrent.FutureTask.run(FutureTask.java:266)
	at java.util.concurrent.ThreadPoolExecutor.runWorker(ThreadPoolExecutor.java:1149)
	at java.util.concurrent.ThreadPoolExecutor$Worker.run(ThreadPoolExecutor.java:624)
	... 1 more
Caused by: org.apache.ratis.thirdparty.io.netty.channel.AbstractChannel$AnnotatedConnectException: Connection refused: /192.168.157.254:36038
	at sun.nio.ch.SocketChannelImpl.checkConnect(Native Method)
	at sun.nio.ch.SocketChannelImpl.finishConnect(SocketChannelImpl.java:717)
	at org.apache.ratis.thirdparty.io.netty.channel.socket.nio.NioSocketChannel.doFinishConnect(NioSocketChannel.java:327)
	at org.apache.ratis.thirdparty.io.netty.channel.nio.AbstractNioChannel$AbstractNioUnsafe.finishConnect(AbstractNioChannel.java:340)
	at org.apache.ratis.thirdparty.io.netty.channel.nio.NioEventLoop.processSelectedKey(NioEventLoop.java:632)
	at org.apache.ratis.thirdparty.io.netty.channel.nio.NioEventLoop.processSelectedKeysOptimized(NioEventLoop.java:579)
	at org.apache.ratis.thirdparty.io.netty.channel.nio.NioEventLoop.processSelectedKeys(NioEventLoop.java:496)
	at org.apache.ratis.thirdparty.io.netty.channel.nio.NioEventLoop.run(NioEventLoop.java:458)
	at org.apache.ratis.thirdparty.io.netty.util.concurrent.SingleThreadEventExecutor$5.run(SingleThreadEventExecutor.java:897)
	at org.apache.ratis.thirdparty.io.netty.util.concurrent.FastThreadLocalRunnable.run(FastThreadLocalRunnable.java:30)
	... 1 more
Caused by: java.net.ConnectException: Connection refused
	... 11 more
2019-10-22 00:13:21,483 [2fdb3e93-e0d8-400e-8c33-91e2341b50c6@group-F01152B53F91-LeaderElection241] INFO  impl.LeaderElection (LeaderElection.java:logAndReturn(56)) - 2fdb3e93-e0d8-400e-8c33-91e2341b50c6@group-F01152B53F91-LeaderElection241: Election REJECTED; received 0 response(s) [] and 2 exception(s); 2fdb3e93-e0d8-400e-8c33-91e2341b50c6@group-F01152B53F91:t240, leader=null, voted=2fdb3e93-e0d8-400e-8c33-91e2341b50c6, raftlog=2fdb3e93-e0d8-400e-8c33-91e2341b50c6@group-F01152B53F91-SegmentedRaftLog:OPENED:c-1,f-1,i0, conf=-1: [2fdb3e93-e0d8-400e-8c33-91e2341b50c6:192.168.157.254:43254, 062c71de-08d9-40ee-9309-15590e2e8e68:192.168.157.254:45598, 2a52019e-5647-44e1-bf30-9a43fd8a7377:192.168.157.254:36038], old=null
2019-10-22 00:13:21,484 [2fdb3e93-e0d8-400e-8c33-91e2341b50c6@group-F01152B53F91-LeaderElection241] INFO  impl.LeaderElection (LogUtils.java:infoOrTrace(149)) -   Exception 0: {}
java.util.concurrent.ExecutionException: org.apache.ratis.thirdparty.io.grpc.StatusRuntimeException: UNAVAILABLE: io exception
	at java.util.concurrent.FutureTask.report(FutureTask.java:122)
	at java.util.concurrent.FutureTask.get(FutureTask.java:192)
	at org.apache.ratis.server.impl.LeaderElection.waitForResults(LeaderElection.java:259)
	at org.apache.ratis.server.impl.LeaderElection.askForVotes(LeaderElection.java:197)
	at org.apache.ratis.server.impl.LeaderElection.run(LeaderElection.java:133)
	at java.lang.Thread.run(Thread.java:748)
Caused by: org.apache.ratis.thirdparty.io.grpc.StatusRuntimeException: UNAVAILABLE: io exception
	at org.apache.ratis.thirdparty.io.grpc.stub.ClientCalls.toStatusRuntimeException(ClientCalls.java:233)
	at org.apache.ratis.thirdparty.io.grpc.stub.ClientCalls.getUnchecked(ClientCalls.java:214)
	at org.apache.ratis.thirdparty.io.grpc.stub.ClientCalls.blockingUnaryCall(ClientCalls.java:139)
	at org.apache.ratis.proto.grpc.RaftServerProtocolServiceGrpc$RaftServerProtocolServiceBlockingStub.requestVote(RaftServerProtocolServiceGrpc.java:265)
	at org.apache.ratis.grpc.server.GrpcServerProtocolClient.requestVote(GrpcServerProtocolClient.java:99)
	at org.apache.ratis.grpc.server.GrpcService.requestVote(GrpcService.java:204)
	at org.apache.ratis.server.impl.LeaderElection.lambda$submitRequests$1(LeaderElection.java:234)
	at java.util.concurrent.FutureTask.run(FutureTask.java:266)
	at java.util.concurrent.Executors$RunnableAdapter.call(Executors.java:511)
	at java.util.concurrent.FutureTask.run(FutureTask.java:266)
	at java.util.concurrent.ThreadPoolExecutor.runWorker(ThreadPoolExecutor.java:1149)
	at java.util.concurrent.ThreadPoolExecutor$Worker.run(ThreadPoolExecutor.java:624)
	... 1 more
Caused by: org.apache.ratis.thirdparty.io.netty.channel.AbstractChannel$AnnotatedConnectException: Connection refused: /192.168.157.254:45598
	at sun.nio.ch.SocketChannelImpl.checkConnect(Native Method)
	at sun.nio.ch.SocketChannelImpl.finishConnect(SocketChannelImpl.java:717)
	at org.apache.ratis.thirdparty.io.netty.channel.socket.nio.NioSocketChannel.doFinishConnect(NioSocketChannel.java:327)
	at org.apache.ratis.thirdparty.io.netty.channel.nio.AbstractNioChannel$AbstractNioUnsafe.finishConnect(AbstractNioChannel.java:340)
	at org.apache.ratis.thirdparty.io.netty.channel.nio.NioEventLoop.processSelectedKey(NioEventLoop.java:632)
	at org.apache.ratis.thirdparty.io.netty.channel.nio.NioEventLoop.processSelectedKeysOptimized(NioEventLoop.java:579)
	at org.apache.ratis.thirdparty.io.netty.channel.nio.NioEventLoop.processSelectedKeys(NioEventLoop.java:496)
	at org.apache.ratis.thirdparty.io.netty.channel.nio.NioEventLoop.run(NioEventLoop.java:458)
	at org.apache.ratis.thirdparty.io.netty.util.concurrent.SingleThreadEventExecutor$5.run(SingleThreadEventExecutor.java:897)
	at org.apache.ratis.thirdparty.io.netty.util.concurrent.FastThreadLocalRunnable.run(FastThreadLocalRunnable.java:30)
	... 1 more
Caused by: java.net.ConnectException: Connection refused
	... 11 more
2019-10-22 00:13:21,484 [2fdb3e93-e0d8-400e-8c33-91e2341b50c6@group-F01152B53F91-LeaderElection241] INFO  impl.LeaderElection (LogUtils.java:infoOrTrace(149)) -   Exception 1: {}
java.util.concurrent.ExecutionException: org.apache.ratis.thirdparty.io.grpc.StatusRuntimeException: UNAVAILABLE: io exception
	at java.util.concurrent.FutureTask.report(FutureTask.java:122)
	at java.util.concurrent.FutureTask.get(FutureTask.java:192)
	at org.apache.ratis.server.impl.LeaderElection.waitForResults(LeaderElection.java:259)
	at org.apache.ratis.server.impl.LeaderElection.askForVotes(LeaderElection.java:197)
	at org.apache.ratis.server.impl.LeaderElection.run(LeaderElection.java:133)
	at java.lang.Thread.run(Thread.java:748)
Caused by: org.apache.ratis.thirdparty.io.grpc.StatusRuntimeException: UNAVAILABLE: io exception
	at org.apache.ratis.thirdparty.io.grpc.stub.ClientCalls.toStatusRuntimeException(ClientCalls.java:233)
	at org.apache.ratis.thirdparty.io.grpc.stub.ClientCalls.getUnchecked(ClientCalls.java:214)
	at org.apache.ratis.thirdparty.io.grpc.stub.ClientCalls.blockingUnaryCall(ClientCalls.java:139)
	at org.apache.ratis.proto.grpc.RaftServerProtocolServiceGrpc$RaftServerProtocolServiceBlockingStub.requestVote(RaftServerProtocolServiceGrpc.java:265)
	at org.apache.ratis.grpc.server.GrpcServerProtocolClient.requestVote(GrpcServerProtocolClient.java:99)
	at org.apache.ratis.grpc.server.GrpcService.requestVote(GrpcService.java:204)
	at org.apache.ratis.server.impl.LeaderElection.lambda$submitRequests$1(LeaderElection.java:234)
	at java.util.concurrent.FutureTask.run(FutureTask.java:266)
	at java.util.concurrent.Executors$RunnableAdapter.call(Executors.java:511)
	at java.util.concurrent.FutureTask.run(FutureTask.java:266)
	at java.util.concurrent.ThreadPoolExecutor.runWorker(ThreadPoolExecutor.java:1149)
	at java.util.concurrent.ThreadPoolExecutor$Worker.run(ThreadPoolExecutor.java:624)
	... 1 more
Caused by: org.apache.ratis.thirdparty.io.netty.channel.AbstractChannel$AnnotatedConnectException: Connection refused: /192.168.157.254:36038
	at sun.nio.ch.SocketChannelImpl.checkConnect(Native Method)
	at sun.nio.ch.SocketChannelImpl.finishConnect(SocketChannelImpl.java:717)
	at org.apache.ratis.thirdparty.io.netty.channel.socket.nio.NioSocketChannel.doFinishConnect(NioSocketChannel.java:327)
	at org.apache.ratis.thirdparty.io.netty.channel.nio.AbstractNioChannel$AbstractNioUnsafe.finishConnect(AbstractNioChannel.java:340)
	at org.apache.ratis.thirdparty.io.netty.channel.nio.NioEventLoop.processSelectedKey(NioEventLoop.java:632)
	at org.apache.ratis.thirdparty.io.netty.channel.nio.NioEventLoop.processSelectedKeysOptimized(NioEventLoop.java:579)
	at org.apache.ratis.thirdparty.io.netty.channel.nio.NioEventLoop.processSelectedKeys(NioEventLoop.java:496)
	at org.apache.ratis.thirdparty.io.netty.channel.nio.NioEventLoop.run(NioEventLoop.java:458)
	at org.apache.ratis.thirdparty.io.netty.util.concurrent.SingleThreadEventExecutor$5.run(SingleThreadEventExecutor.java:897)
	at org.apache.ratis.thirdparty.io.netty.util.concurrent.FastThreadLocalRunnable.run(FastThreadLocalRunnable.java:30)
	... 1 more
Caused by: java.net.ConnectException: Connection refused
	... 11 more
2019-10-22 00:13:21,484 [2fdb3e93-e0d8-400e-8c33-91e2341b50c6@group-F01152B53F91-LeaderElection241] INFO  impl.RaftServerImpl (RaftServerImpl.java:setRole(184)) - 2fdb3e93-e0d8-400e-8c33-91e2341b50c6@group-F01152B53F91: changes role from CANDIDATE to FOLLOWER at term 240 for DISCOVERED_A_NEW_TERM
2019-10-22 00:13:21,484 [2fdb3e93-e0d8-400e-8c33-91e2341b50c6@group-F01152B53F91-LeaderElection241] INFO  impl.RoleInfo (RoleInfo.java:shutdownLeaderElection(134)) - 2fdb3e93-e0d8-400e-8c33-91e2341b50c6: shutdown LeaderElection
2019-10-22 00:13:21,485 [2fdb3e93-e0d8-400e-8c33-91e2341b50c6@group-F01152B53F91-LeaderElection241] INFO  impl.RoleInfo (RoleInfo.java:updateAndGet(143)) - 2fdb3e93-e0d8-400e-8c33-91e2341b50c6: start FollowerState
2019-10-22 00:13:21,501 [Thread-2004] INFO  impl.FollowerState (FollowerState.java:run(108)) - 2fdb3e93-e0d8-400e-8c33-91e2341b50c6@group-F01152B53F91-FollowerState: change to CANDIDATE, lastRpcTime:16ms, electionTimeout:16ms
2019-10-22 00:13:21,501 [Thread-2004] INFO  impl.RoleInfo (RoleInfo.java:shutdownFollowerState(121)) - 2fdb3e93-e0d8-400e-8c33-91e2341b50c6: shutdown FollowerState
2019-10-22 00:13:21,501 [Thread-2004] INFO  impl.RaftServerImpl (RaftServerImpl.java:setRole(184)) - 2fdb3e93-e0d8-400e-8c33-91e2341b50c6@group-F01152B53F91: changes role from  FOLLOWER to CANDIDATE at term 240 for changeToCandidate
2019-10-22 00:13:21,501 [Thread-2004] INFO  impl.RoleInfo (RoleInfo.java:updateAndGet(143)) - 2fdb3e93-e0d8-400e-8c33-91e2341b50c6: start LeaderElection
2019-10-22 00:13:21,506 [2fdb3e93-e0d8-400e-8c33-91e2341b50c6@group-F01152B53F91-LeaderElection242] INFO  impl.LeaderElection (LeaderElection.java:askForVotes(178)) - 2fdb3e93-e0d8-400e-8c33-91e2341b50c6@group-F01152B53F91-LeaderElection242: begin an election at term 241 for -1: [2fdb3e93-e0d8-400e-8c33-91e2341b50c6:192.168.157.254:43254, 062c71de-08d9-40ee-9309-15590e2e8e68:192.168.157.254:45598, 2a52019e-5647-44e1-bf30-9a43fd8a7377:192.168.157.254:36038], old=null
2019-10-22 00:13:21,507 [2fdb3e93-e0d8-400e-8c33-91e2341b50c6@group-F01152B53F91-LeaderElection242] INFO  impl.LeaderElection (LogUtils.java:infoOrTrace(149)) - 2fdb3e93-e0d8-400e-8c33-91e2341b50c6@group-F01152B53F91-LeaderElection242 got exception when requesting votes: {}
java.util.concurrent.ExecutionException: org.apache.ratis.thirdparty.io.grpc.StatusRuntimeException: UNAVAILABLE: io exception
	at java.util.concurrent.FutureTask.report(FutureTask.java:122)
	at java.util.concurrent.FutureTask.get(FutureTask.java:192)
	at org.apache.ratis.server.impl.LeaderElection.waitForResults(LeaderElection.java:259)
	at org.apache.ratis.server.impl.LeaderElection.askForVotes(LeaderElection.java:197)
	at org.apache.ratis.server.impl.LeaderElection.run(LeaderElection.java:133)
	at java.lang.Thread.run(Thread.java:748)
Caused by: org.apache.ratis.thirdparty.io.grpc.StatusRuntimeException: UNAVAILABLE: io exception
	at org.apache.ratis.thirdparty.io.grpc.stub.ClientCalls.toStatusRuntimeException(ClientCalls.java:233)
	at org.apache.ratis.thirdparty.io.grpc.stub.ClientCalls.getUnchecked(ClientCalls.java:214)
	at org.apache.ratis.thirdparty.io.grpc.stub.ClientCalls.blockingUnaryCall(ClientCalls.java:139)
	at org.apache.ratis.proto.grpc.RaftServerProtocolServiceGrpc$RaftServerProtocolServiceBlockingStub.requestVote(RaftServerProtocolServiceGrpc.java:265)
	at org.apache.ratis.grpc.server.GrpcServerProtocolClient.requestVote(GrpcServerProtocolClient.java:99)
	at org.apache.ratis.grpc.server.GrpcService.requestVote(GrpcService.java:204)
	at org.apache.ratis.server.impl.LeaderElection.lambda$submitRequests$1(LeaderElection.java:234)
	at java.util.concurrent.FutureTask.run(FutureTask.java:266)
	at java.util.concurrent.Executors$RunnableAdapter.call(Executors.java:511)
	at java.util.concurrent.FutureTask.run(FutureTask.java:266)
	at java.util.concurrent.ThreadPoolExecutor.runWorker(ThreadPoolExecutor.java:1149)
	at java.util.concurrent.ThreadPoolExecutor$Worker.run(ThreadPoolExecutor.java:624)
	... 1 more
Caused by: org.apache.ratis.thirdparty.io.netty.channel.AbstractChannel$AnnotatedConnectException: Connection refused: /192.168.157.254:45598
	at sun.nio.ch.SocketChannelImpl.checkConnect(Native Method)
	at sun.nio.ch.SocketChannelImpl.finishConnect(SocketChannelImpl.java:717)
	at org.apache.ratis.thirdparty.io.netty.channel.socket.nio.NioSocketChannel.doFinishConnect(NioSocketChannel.java:327)
	at org.apache.ratis.thirdparty.io.netty.channel.nio.AbstractNioChannel$AbstractNioUnsafe.finishConnect(AbstractNioChannel.java:340)
	at org.apache.ratis.thirdparty.io.netty.channel.nio.NioEventLoop.processSelectedKey(NioEventLoop.java:632)
	at org.apache.ratis.thirdparty.io.netty.channel.nio.NioEventLoop.processSelectedKeysOptimized(NioEventLoop.java:579)
	at org.apache.ratis.thirdparty.io.netty.channel.nio.NioEventLoop.processSelectedKeys(NioEventLoop.java:496)
	at org.apache.ratis.thirdparty.io.netty.channel.nio.NioEventLoop.run(NioEventLoop.java:458)
	at org.apache.ratis.thirdparty.io.netty.util.concurrent.SingleThreadEventExecutor$5.run(SingleThreadEventExecutor.java:897)
	at org.apache.ratis.thirdparty.io.netty.util.concurrent.FastThreadLocalRunnable.run(FastThreadLocalRunnable.java:30)
	... 1 more
Caused by: java.net.ConnectException: Connection refused
	... 11 more
2019-10-22 00:13:21,507 [2fdb3e93-e0d8-400e-8c33-91e2341b50c6@group-F01152B53F91-LeaderElection242] INFO  impl.LeaderElection (LogUtils.java:infoOrTrace(149)) - 2fdb3e93-e0d8-400e-8c33-91e2341b50c6@group-F01152B53F91-LeaderElection242 got exception when requesting votes: {}
java.util.concurrent.ExecutionException: org.apache.ratis.thirdparty.io.grpc.StatusRuntimeException: UNAVAILABLE: io exception
	at java.util.concurrent.FutureTask.report(FutureTask.java:122)
	at java.util.concurrent.FutureTask.get(FutureTask.java:192)
	at org.apache.ratis.server.impl.LeaderElection.waitForResults(LeaderElection.java:259)
	at org.apache.ratis.server.impl.LeaderElection.askForVotes(LeaderElection.java:197)
	at org.apache.ratis.server.impl.LeaderElection.run(LeaderElection.java:133)
	at java.lang.Thread.run(Thread.java:748)
Caused by: org.apache.ratis.thirdparty.io.grpc.StatusRuntimeException: UNAVAILABLE: io exception
	at org.apache.ratis.thirdparty.io.grpc.stub.ClientCalls.toStatusRuntimeException(ClientCalls.java:233)
	at org.apache.ratis.thirdparty.io.grpc.stub.ClientCalls.getUnchecked(ClientCalls.java:214)
	at org.apache.ratis.thirdparty.io.grpc.stub.ClientCalls.blockingUnaryCall(ClientCalls.java:139)
	at org.apache.ratis.proto.grpc.RaftServerProtocolServiceGrpc$RaftServerProtocolServiceBlockingStub.requestVote(RaftServerProtocolServiceGrpc.java:265)
	at org.apache.ratis.grpc.server.GrpcServerProtocolClient.requestVote(GrpcServerProtocolClient.java:99)
	at org.apache.ratis.grpc.server.GrpcService.requestVote(GrpcService.java:204)
	at org.apache.ratis.server.impl.LeaderElection.lambda$submitRequests$1(LeaderElection.java:234)
	at java.util.concurrent.FutureTask.run(FutureTask.java:266)
	at java.util.concurrent.Executors$RunnableAdapter.call(Executors.java:511)
	at java.util.concurrent.FutureTask.run(FutureTask.java:266)
	at java.util.concurrent.ThreadPoolExecutor.runWorker(ThreadPoolExecutor.java:1149)
	at java.util.concurrent.ThreadPoolExecutor$Worker.run(ThreadPoolExecutor.java:624)
	... 1 more
Caused by: org.apache.ratis.thirdparty.io.netty.channel.AbstractChannel$AnnotatedConnectException: Connection refused: /192.168.157.254:36038
	at sun.nio.ch.SocketChannelImpl.checkConnect(Native Method)
	at sun.nio.ch.SocketChannelImpl.finishConnect(SocketChannelImpl.java:717)
	at org.apache.ratis.thirdparty.io.netty.channel.socket.nio.NioSocketChannel.doFinishConnect(NioSocketChannel.java:327)
	at org.apache.ratis.thirdparty.io.netty.channel.nio.AbstractNioChannel$AbstractNioUnsafe.finishConnect(AbstractNioChannel.java:340)
	at org.apache.ratis.thirdparty.io.netty.channel.nio.NioEventLoop.processSelectedKey(NioEventLoop.java:632)
	at org.apache.ratis.thirdparty.io.netty.channel.nio.NioEventLoop.processSelectedKeysOptimized(NioEventLoop.java:579)
	at org.apache.ratis.thirdparty.io.netty.channel.nio.NioEventLoop.processSelectedKeys(NioEventLoop.java:496)
	at org.apache.ratis.thirdparty.io.netty.channel.nio.NioEventLoop.run(NioEventLoop.java:458)
	at org.apache.ratis.thirdparty.io.netty.util.concurrent.SingleThreadEventExecutor$5.run(SingleThreadEventExecutor.java:897)
	at org.apache.ratis.thirdparty.io.netty.util.concurrent.FastThreadLocalRunnable.run(FastThreadLocalRunnable.java:30)
	... 1 more
Caused by: java.net.ConnectException: Connection refused
	... 11 more
2019-10-22 00:13:21,507 [2fdb3e93-e0d8-400e-8c33-91e2341b50c6@group-F01152B53F91-LeaderElection242] INFO  impl.LeaderElection (LeaderElection.java:logAndReturn(56)) - 2fdb3e93-e0d8-400e-8c33-91e2341b50c6@group-F01152B53F91-LeaderElection242: Election REJECTED; received 0 response(s) [] and 2 exception(s); 2fdb3e93-e0d8-400e-8c33-91e2341b50c6@group-F01152B53F91:t241, leader=null, voted=2fdb3e93-e0d8-400e-8c33-91e2341b50c6, raftlog=2fdb3e93-e0d8-400e-8c33-91e2341b50c6@group-F01152B53F91-SegmentedRaftLog:OPENED:c-1,f-1,i0, conf=-1: [2fdb3e93-e0d8-400e-8c33-91e2341b50c6:192.168.157.254:43254, 062c71de-08d9-40ee-9309-15590e2e8e68:192.168.157.254:45598, 2a52019e-5647-44e1-bf30-9a43fd8a7377:192.168.157.254:36038], old=null
2019-10-22 00:13:21,507 [2fdb3e93-e0d8-400e-8c33-91e2341b50c6@group-F01152B53F91-LeaderElection242] INFO  impl.LeaderElection (LogUtils.java:infoOrTrace(149)) -   Exception 0: {}
java.util.concurrent.ExecutionException: org.apache.ratis.thirdparty.io.grpc.StatusRuntimeException: UNAVAILABLE: io exception
	at java.util.concurrent.FutureTask.report(FutureTask.java:122)
	at java.util.concurrent.FutureTask.get(FutureTask.java:192)
	at org.apache.ratis.server.impl.LeaderElection.waitForResults(LeaderElection.java:259)
	at org.apache.ratis.server.impl.LeaderElection.askForVotes(LeaderElection.java:197)
	at org.apache.ratis.server.impl.LeaderElection.run(LeaderElection.java:133)
	at java.lang.Thread.run(Thread.java:748)
Caused by: org.apache.ratis.thirdparty.io.grpc.StatusRuntimeException: UNAVAILABLE: io exception
	at org.apache.ratis.thirdparty.io.grpc.stub.ClientCalls.toStatusRuntimeException(ClientCalls.java:233)
	at org.apache.ratis.thirdparty.io.grpc.stub.ClientCalls.getUnchecked(ClientCalls.java:214)
	at org.apache.ratis.thirdparty.io.grpc.stub.ClientCalls.blockingUnaryCall(ClientCalls.java:139)
	at org.apache.ratis.proto.grpc.RaftServerProtocolServiceGrpc$RaftServerProtocolServiceBlockingStub.requestVote(RaftServerProtocolServiceGrpc.java:265)
	at org.apache.ratis.grpc.server.GrpcServerProtocolClient.requestVote(GrpcServerProtocolClient.java:99)
	at org.apache.ratis.grpc.server.GrpcService.requestVote(GrpcService.java:204)
	at org.apache.ratis.server.impl.LeaderElection.lambda$submitRequests$1(LeaderElection.java:234)
	at java.util.concurrent.FutureTask.run(FutureTask.java:266)
	at java.util.concurrent.Executors$RunnableAdapter.call(Executors.java:511)
	at java.util.concurrent.FutureTask.run(FutureTask.java:266)
	at java.util.concurrent.ThreadPoolExecutor.runWorker(ThreadPoolExecutor.java:1149)
	at java.util.concurrent.ThreadPoolExecutor$Worker.run(ThreadPoolExecutor.java:624)
	... 1 more
Caused by: org.apache.ratis.thirdparty.io.netty.channel.AbstractChannel$AnnotatedConnectException: Connection refused: /192.168.157.254:45598
	at sun.nio.ch.SocketChannelImpl.checkConnect(Native Method)
	at sun.nio.ch.SocketChannelImpl.finishConnect(SocketChannelImpl.java:717)
	at org.apache.ratis.thirdparty.io.netty.channel.socket.nio.NioSocketChannel.doFinishConnect(NioSocketChannel.java:327)
	at org.apache.ratis.thirdparty.io.netty.channel.nio.AbstractNioChannel$AbstractNioUnsafe.finishConnect(AbstractNioChannel.java:340)
	at org.apache.ratis.thirdparty.io.netty.channel.nio.NioEventLoop.processSelectedKey(NioEventLoop.java:632)
	at org.apache.ratis.thirdparty.io.netty.channel.nio.NioEventLoop.processSelectedKeysOptimized(NioEventLoop.java:579)
	at org.apache.ratis.thirdparty.io.netty.channel.nio.NioEventLoop.processSelectedKeys(NioEventLoop.java:496)
	at org.apache.ratis.thirdparty.io.netty.channel.nio.NioEventLoop.run(NioEventLoop.java:458)
	at org.apache.ratis.thirdparty.io.netty.util.concurrent.SingleThreadEventExecutor$5.run(SingleThreadEventExecutor.java:897)
	at org.apache.ratis.thirdparty.io.netty.util.concurrent.FastThreadLocalRunnable.run(FastThreadLocalRunnable.java:30)
	... 1 more
Caused by: java.net.ConnectException: Connection refused
	... 11 more
2019-10-22 00:13:21,508 [2fdb3e93-e0d8-400e-8c33-91e2341b50c6@group-F01152B53F91-LeaderElection242] INFO  impl.LeaderElection (LogUtils.java:infoOrTrace(149)) -   Exception 1: {}
java.util.concurrent.ExecutionException: org.apache.ratis.thirdparty.io.grpc.StatusRuntimeException: UNAVAILABLE: io exception
	at java.util.concurrent.FutureTask.report(FutureTask.java:122)
	at java.util.concurrent.FutureTask.get(FutureTask.java:192)
	at org.apache.ratis.server.impl.LeaderElection.waitForResults(LeaderElection.java:259)
	at org.apache.ratis.server.impl.LeaderElection.askForVotes(LeaderElection.java:197)
	at org.apache.ratis.server.impl.LeaderElection.run(LeaderElection.java:133)
	at java.lang.Thread.run(Thread.java:748)
Caused by: org.apache.ratis.thirdparty.io.grpc.StatusRuntimeException: UNAVAILABLE: io exception
	at org.apache.ratis.thirdparty.io.grpc.stub.ClientCalls.toStatusRuntimeException(ClientCalls.java:233)
	at org.apache.ratis.thirdparty.io.grpc.stub.ClientCalls.getUnchecked(ClientCalls.java:214)
	at org.apache.ratis.thirdparty.io.grpc.stub.ClientCalls.blockingUnaryCall(ClientCalls.java:139)
	at org.apache.ratis.proto.grpc.RaftServerProtocolServiceGrpc$RaftServerProtocolServiceBlockingStub.requestVote(RaftServerProtocolServiceGrpc.java:265)
	at org.apache.ratis.grpc.server.GrpcServerProtocolClient.requestVote(GrpcServerProtocolClient.java:99)
	at org.apache.ratis.grpc.server.GrpcService.requestVote(GrpcService.java:204)
	at org.apache.ratis.server.impl.LeaderElection.lambda$submitRequests$1(LeaderElection.java:234)
	at java.util.concurrent.FutureTask.run(FutureTask.java:266)
	at java.util.concurrent.Executors$RunnableAdapter.call(Executors.java:511)
	at java.util.concurrent.FutureTask.run(FutureTask.java:266)
	at java.util.concurrent.ThreadPoolExecutor.runWorker(ThreadPoolExecutor.java:1149)
	at java.util.concurrent.ThreadPoolExecutor$Worker.run(ThreadPoolExecutor.java:624)
	... 1 more
Caused by: org.apache.ratis.thirdparty.io.netty.channel.AbstractChannel$AnnotatedConnectException: Connection refused: /192.168.157.254:36038
	at sun.nio.ch.SocketChannelImpl.checkConnect(Native Method)
	at sun.nio.ch.SocketChannelImpl.finishConnect(SocketChannelImpl.java:717)
	at org.apache.ratis.thirdparty.io.netty.channel.socket.nio.NioSocketChannel.doFinishConnect(NioSocketChannel.java:327)
	at org.apache.ratis.thirdparty.io.netty.channel.nio.AbstractNioChannel$AbstractNioUnsafe.finishConnect(AbstractNioChannel.java:340)
	at org.apache.ratis.thirdparty.io.netty.channel.nio.NioEventLoop.processSelectedKey(NioEventLoop.java:632)
	at org.apache.ratis.thirdparty.io.netty.channel.nio.NioEventLoop.processSelectedKeysOptimized(NioEventLoop.java:579)
	at org.apache.ratis.thirdparty.io.netty.channel.nio.NioEventLoop.processSelectedKeys(NioEventLoop.java:496)
	at org.apache.ratis.thirdparty.io.netty.channel.nio.NioEventLoop.run(NioEventLoop.java:458)
	at org.apache.ratis.thirdparty.io.netty.util.concurrent.SingleThreadEventExecutor$5.run(SingleThreadEventExecutor.java:897)
	at org.apache.ratis.thirdparty.io.netty.util.concurrent.FastThreadLocalRunnable.run(FastThreadLocalRunnable.java:30)
	... 1 more
Caused by: java.net.ConnectException: Connection refused
	... 11 more
2019-10-22 00:13:21,508 [2fdb3e93-e0d8-400e-8c33-91e2341b50c6@group-F01152B53F91-LeaderElection242] INFO  impl.RaftServerImpl (RaftServerImpl.java:setRole(184)) - 2fdb3e93-e0d8-400e-8c33-91e2341b50c6@group-F01152B53F91: changes role from CANDIDATE to FOLLOWER at term 241 for DISCOVERED_A_NEW_TERM
2019-10-22 00:13:21,508 [2fdb3e93-e0d8-400e-8c33-91e2341b50c6@group-F01152B53F91-LeaderElection242] INFO  impl.RoleInfo (RoleInfo.java:shutdownLeaderElection(134)) - 2fdb3e93-e0d8-400e-8c33-91e2341b50c6: shutdown LeaderElection
2019-10-22 00:13:21,508 [2fdb3e93-e0d8-400e-8c33-91e2341b50c6@group-F01152B53F91-LeaderElection242] INFO  impl.RoleInfo (RoleInfo.java:updateAndGet(143)) - 2fdb3e93-e0d8-400e-8c33-91e2341b50c6: start FollowerState
2019-10-22 00:13:21,631 [Thread-2009] INFO  impl.FollowerState (FollowerState.java:run(108)) - 2fdb3e93-e0d8-400e-8c33-91e2341b50c6@group-F01152B53F91-FollowerState: change to CANDIDATE, lastRpcTime:123ms, electionTimeout:123ms
2019-10-22 00:13:21,632 [Thread-2009] INFO  impl.RoleInfo (RoleInfo.java:shutdownFollowerState(121)) - 2fdb3e93-e0d8-400e-8c33-91e2341b50c6: shutdown FollowerState
2019-10-22 00:13:21,632 [Thread-2009] INFO  impl.RaftServerImpl (RaftServerImpl.java:setRole(184)) - 2fdb3e93-e0d8-400e-8c33-91e2341b50c6@group-F01152B53F91: changes role from  FOLLOWER to CANDIDATE at term 241 for changeToCandidate
2019-10-22 00:13:21,632 [Thread-2009] INFO  impl.RoleInfo (RoleInfo.java:updateAndGet(143)) - 2fdb3e93-e0d8-400e-8c33-91e2341b50c6: start LeaderElection
2019-10-22 00:13:21,644 [2fdb3e93-e0d8-400e-8c33-91e2341b50c6@group-F01152B53F91-LeaderElection243] INFO  impl.LeaderElection (LeaderElection.java:askForVotes(178)) - 2fdb3e93-e0d8-400e-8c33-91e2341b50c6@group-F01152B53F91-LeaderElection243: begin an election at term 242 for -1: [2fdb3e93-e0d8-400e-8c33-91e2341b50c6:192.168.157.254:43254, 062c71de-08d9-40ee-9309-15590e2e8e68:192.168.157.254:45598, 2a52019e-5647-44e1-bf30-9a43fd8a7377:192.168.157.254:36038], old=null
2019-10-22 00:13:21,644 [2fdb3e93-e0d8-400e-8c33-91e2341b50c6@group-F01152B53F91-LeaderElection243] INFO  impl.LeaderElection (LogUtils.java:infoOrTrace(149)) - 2fdb3e93-e0d8-400e-8c33-91e2341b50c6@group-F01152B53F91-LeaderElection243 got exception when requesting votes: {}
java.util.concurrent.ExecutionException: org.apache.ratis.thirdparty.io.grpc.StatusRuntimeException: UNAVAILABLE: io exception
	at java.util.concurrent.FutureTask.report(FutureTask.java:122)
	at java.util.concurrent.FutureTask.get(FutureTask.java:192)
	at org.apache.ratis.server.impl.LeaderElection.waitForResults(LeaderElection.java:259)
	at org.apache.ratis.server.impl.LeaderElection.askForVotes(LeaderElection.java:197)
	at org.apache.ratis.server.impl.LeaderElection.run(LeaderElection.java:133)
	at java.lang.Thread.run(Thread.java:748)
Caused by: org.apache.ratis.thirdparty.io.grpc.StatusRuntimeException: UNAVAILABLE: io exception
	at org.apache.ratis.thirdparty.io.grpc.stub.ClientCalls.toStatusRuntimeException(ClientCalls.java:233)
	at org.apache.ratis.thirdparty.io.grpc.stub.ClientCalls.getUnchecked(ClientCalls.java:214)
	at org.apache.ratis.thirdparty.io.grpc.stub.ClientCalls.blockingUnaryCall(ClientCalls.java:139)
	at org.apache.ratis.proto.grpc.RaftServerProtocolServiceGrpc$RaftServerProtocolServiceBlockingStub.requestVote(RaftServerProtocolServiceGrpc.java:265)
	at org.apache.ratis.grpc.server.GrpcServerProtocolClient.requestVote(GrpcServerProtocolClient.java:99)
	at org.apache.ratis.grpc.server.GrpcService.requestVote(GrpcService.java:204)
	at org.apache.ratis.server.impl.LeaderElection.lambda$submitRequests$1(LeaderElection.java:234)
	at java.util.concurrent.FutureTask.run(FutureTask.java:266)
	at java.util.concurrent.Executors$RunnableAdapter.call(Executors.java:511)
	at java.util.concurrent.FutureTask.run(FutureTask.java:266)
	at java.util.concurrent.ThreadPoolExecutor.runWorker(ThreadPoolExecutor.java:1149)
	at java.util.concurrent.ThreadPoolExecutor$Worker.run(ThreadPoolExecutor.java:624)
	... 1 more
Caused by: org.apache.ratis.thirdparty.io.netty.channel.AbstractChannel$AnnotatedConnectException: Connection refused: /192.168.157.254:36038
	at sun.nio.ch.SocketChannelImpl.checkConnect(Native Method)
	at sun.nio.ch.SocketChannelImpl.finishConnect(SocketChannelImpl.java:717)
	at org.apache.ratis.thirdparty.io.netty.channel.socket.nio.NioSocketChannel.doFinishConnect(NioSocketChannel.java:327)
	at org.apache.ratis.thirdparty.io.netty.channel.nio.AbstractNioChannel$AbstractNioUnsafe.finishConnect(AbstractNioChannel.java:340)
	at org.apache.ratis.thirdparty.io.netty.channel.nio.NioEventLoop.processSelectedKey(NioEventLoop.java:632)
	at org.apache.ratis.thirdparty.io.netty.channel.nio.NioEventLoop.processSelectedKeysOptimized(NioEventLoop.java:579)
	at org.apache.ratis.thirdparty.io.netty.channel.nio.NioEventLoop.processSelectedKeys(NioEventLoop.java:496)
	at org.apache.ratis.thirdparty.io.netty.channel.nio.NioEventLoop.run(NioEventLoop.java:458)
	at org.apache.ratis.thirdparty.io.netty.util.concurrent.SingleThreadEventExecutor$5.run(SingleThreadEventExecutor.java:897)
	at org.apache.ratis.thirdparty.io.netty.util.concurrent.FastThreadLocalRunnable.run(FastThreadLocalRunnable.java:30)
	... 1 more
Caused by: java.net.ConnectException: Connection refused
	... 11 more
2019-10-22 00:13:21,645 [2fdb3e93-e0d8-400e-8c33-91e2341b50c6@group-F01152B53F91-LeaderElection243] INFO  impl.LeaderElection (LogUtils.java:infoOrTrace(149)) - 2fdb3e93-e0d8-400e-8c33-91e2341b50c6@group-F01152B53F91-LeaderElection243 got exception when requesting votes: {}
java.util.concurrent.ExecutionException: org.apache.ratis.thirdparty.io.grpc.StatusRuntimeException: UNAVAILABLE: io exception
	at java.util.concurrent.FutureTask.report(FutureTask.java:122)
	at java.util.concurrent.FutureTask.get(FutureTask.java:192)
	at org.apache.ratis.server.impl.LeaderElection.waitForResults(LeaderElection.java:259)
	at org.apache.ratis.server.impl.LeaderElection.askForVotes(LeaderElection.java:197)
	at org.apache.ratis.server.impl.LeaderElection.run(LeaderElection.java:133)
	at java.lang.Thread.run(Thread.java:748)
Caused by: org.apache.ratis.thirdparty.io.grpc.StatusRuntimeException: UNAVAILABLE: io exception
	at org.apache.ratis.thirdparty.io.grpc.stub.ClientCalls.toStatusRuntimeException(ClientCalls.java:233)
	at org.apache.ratis.thirdparty.io.grpc.stub.ClientCalls.getUnchecked(ClientCalls.java:214)
	at org.apache.ratis.thirdparty.io.grpc.stub.ClientCalls.blockingUnaryCall(ClientCalls.java:139)
	at org.apache.ratis.proto.grpc.RaftServerProtocolServiceGrpc$RaftServerProtocolServiceBlockingStub.requestVote(RaftServerProtocolServiceGrpc.java:265)
	at org.apache.ratis.grpc.server.GrpcServerProtocolClient.requestVote(GrpcServerProtocolClient.java:99)
	at org.apache.ratis.grpc.server.GrpcService.requestVote(GrpcService.java:204)
	at org.apache.ratis.server.impl.LeaderElection.lambda$submitRequests$1(LeaderElection.java:234)
	at java.util.concurrent.FutureTask.run(FutureTask.java:266)
	at java.util.concurrent.Executors$RunnableAdapter.call(Executors.java:511)
	at java.util.concurrent.FutureTask.run(FutureTask.java:266)
	at java.util.concurrent.ThreadPoolExecutor.runWorker(ThreadPoolExecutor.java:1149)
	at java.util.concurrent.ThreadPoolExecutor$Worker.run(ThreadPoolExecutor.java:624)
	... 1 more
Caused by: org.apache.ratis.thirdparty.io.netty.channel.AbstractChannel$AnnotatedConnectException: Connection refused: /192.168.157.254:45598
	at sun.nio.ch.SocketChannelImpl.checkConnect(Native Method)
	at sun.nio.ch.SocketChannelImpl.finishConnect(SocketChannelImpl.java:717)
	at org.apache.ratis.thirdparty.io.netty.channel.socket.nio.NioSocketChannel.doFinishConnect(NioSocketChannel.java:327)
	at org.apache.ratis.thirdparty.io.netty.channel.nio.AbstractNioChannel$AbstractNioUnsafe.finishConnect(AbstractNioChannel.java:340)
	at org.apache.ratis.thirdparty.io.netty.channel.nio.NioEventLoop.processSelectedKey(NioEventLoop.java:632)
	at org.apache.ratis.thirdparty.io.netty.channel.nio.NioEventLoop.processSelectedKeysOptimized(NioEventLoop.java:579)
	at org.apache.ratis.thirdparty.io.netty.channel.nio.NioEventLoop.processSelectedKeys(NioEventLoop.java:496)
	at org.apache.ratis.thirdparty.io.netty.channel.nio.NioEventLoop.run(NioEventLoop.java:458)
	at org.apache.ratis.thirdparty.io.netty.util.concurrent.SingleThreadEventExecutor$5.run(SingleThreadEventExecutor.java:897)
	at org.apache.ratis.thirdparty.io.netty.util.concurrent.FastThreadLocalRunnable.run(FastThreadLocalRunnable.java:30)
	... 1 more
Caused by: java.net.ConnectException: Connection refused
	... 11 more
2019-10-22 00:13:21,645 [2fdb3e93-e0d8-400e-8c33-91e2341b50c6@group-F01152B53F91-LeaderElection243] INFO  impl.LeaderElection (LeaderElection.java:logAndReturn(56)) - 2fdb3e93-e0d8-400e-8c33-91e2341b50c6@group-F01152B53F91-LeaderElection243: Election REJECTED; received 0 response(s) [] and 2 exception(s); 2fdb3e93-e0d8-400e-8c33-91e2341b50c6@group-F01152B53F91:t242, leader=null, voted=2fdb3e93-e0d8-400e-8c33-91e2341b50c6, raftlog=2fdb3e93-e0d8-400e-8c33-91e2341b50c6@group-F01152B53F91-SegmentedRaftLog:OPENED:c-1,f-1,i0, conf=-1: [2fdb3e93-e0d8-400e-8c33-91e2341b50c6:192.168.157.254:43254, 062c71de-08d9-40ee-9309-15590e2e8e68:192.168.157.254:45598, 2a52019e-5647-44e1-bf30-9a43fd8a7377:192.168.157.254:36038], old=null
2019-10-22 00:13:21,645 [2fdb3e93-e0d8-400e-8c33-91e2341b50c6@group-F01152B53F91-LeaderElection243] INFO  impl.LeaderElection (LogUtils.java:infoOrTrace(149)) -   Exception 0: {}
java.util.concurrent.ExecutionException: org.apache.ratis.thirdparty.io.grpc.StatusRuntimeException: UNAVAILABLE: io exception
	at java.util.concurrent.FutureTask.report(FutureTask.java:122)
	at java.util.concurrent.FutureTask.get(FutureTask.java:192)
	at org.apache.ratis.server.impl.LeaderElection.waitForResults(LeaderElection.java:259)
	at org.apache.ratis.server.impl.LeaderElection.askForVotes(LeaderElection.java:197)
	at org.apache.ratis.server.impl.LeaderElection.run(LeaderElection.java:133)
	at java.lang.Thread.run(Thread.java:748)
Caused by: org.apache.ratis.thirdparty.io.grpc.StatusRuntimeException: UNAVAILABLE: io exception
	at org.apache.ratis.thirdparty.io.grpc.stub.ClientCalls.toStatusRuntimeException(ClientCalls.java:233)
	at org.apache.ratis.thirdparty.io.grpc.stub.ClientCalls.getUnchecked(ClientCalls.java:214)
	at org.apache.ratis.thirdparty.io.grpc.stub.ClientCalls.blockingUnaryCall(ClientCalls.java:139)
	at org.apache.ratis.proto.grpc.RaftServerProtocolServiceGrpc$RaftServerProtocolServiceBlockingStub.requestVote(RaftServerProtocolServiceGrpc.java:265)
	at org.apache.ratis.grpc.server.GrpcServerProtocolClient.requestVote(GrpcServerProtocolClient.java:99)
	at org.apache.ratis.grpc.server.GrpcService.requestVote(GrpcService.java:204)
	at org.apache.ratis.server.impl.LeaderElection.lambda$submitRequests$1(LeaderElection.java:234)
	at java.util.concurrent.FutureTask.run(FutureTask.java:266)
	at java.util.concurrent.Executors$RunnableAdapter.call(Executors.java:511)
	at java.util.concurrent.FutureTask.run(FutureTask.java:266)
	at java.util.concurrent.ThreadPoolExecutor.runWorker(ThreadPoolExecutor.java:1149)
	at java.util.concurrent.ThreadPoolExecutor$Worker.run(ThreadPoolExecutor.java:624)
	... 1 more
Caused by: org.apache.ratis.thirdparty.io.netty.channel.AbstractChannel$AnnotatedConnectException: Connection refused: /192.168.157.254:36038
	at sun.nio.ch.SocketChannelImpl.checkConnect(Native Method)
	at sun.nio.ch.SocketChannelImpl.finishConnect(SocketChannelImpl.java:717)
	at org.apache.ratis.thirdparty.io.netty.channel.socket.nio.NioSocketChannel.doFinishConnect(NioSocketChannel.java:327)
	at org.apache.ratis.thirdparty.io.netty.channel.nio.AbstractNioChannel$AbstractNioUnsafe.finishConnect(AbstractNioChannel.java:340)
	at org.apache.ratis.thirdparty.io.netty.channel.nio.NioEventLoop.processSelectedKey(NioEventLoop.java:632)
	at org.apache.ratis.thirdparty.io.netty.channel.nio.NioEventLoop.processSelectedKeysOptimized(NioEventLoop.java:579)
	at org.apache.ratis.thirdparty.io.netty.channel.nio.NioEventLoop.processSelectedKeys(NioEventLoop.java:496)
	at org.apache.ratis.thirdparty.io.netty.channel.nio.NioEventLoop.run(NioEventLoop.java:458)
	at org.apache.ratis.thirdparty.io.netty.util.concurrent.SingleThreadEventExecutor$5.run(SingleThreadEventExecutor.java:897)
	at org.apache.ratis.thirdparty.io.netty.util.concurrent.FastThreadLocalRunnable.run(FastThreadLocalRunnable.java:30)
	... 1 more
Caused by: java.net.ConnectException: Connection refused
	... 11 more
2019-10-22 00:13:21,646 [2fdb3e93-e0d8-400e-8c33-91e2341b50c6@group-F01152B53F91-LeaderElection243] INFO  impl.LeaderElection (LogUtils.java:infoOrTrace(149)) -   Exception 1: {}
java.util.concurrent.ExecutionException: org.apache.ratis.thirdparty.io.grpc.StatusRuntimeException: UNAVAILABLE: io exception
	at java.util.concurrent.FutureTask.report(FutureTask.java:122)
	at java.util.concurrent.FutureTask.get(FutureTask.java:192)
	at org.apache.ratis.server.impl.LeaderElection.waitForResults(LeaderElection.java:259)
	at org.apache.ratis.server.impl.LeaderElection.askForVotes(LeaderElection.java:197)
	at org.apache.ratis.server.impl.LeaderElection.run(LeaderElection.java:133)
	at java.lang.Thread.run(Thread.java:748)
Caused by: org.apache.ratis.thirdparty.io.grpc.StatusRuntimeException: UNAVAILABLE: io exception
	at org.apache.ratis.thirdparty.io.grpc.stub.ClientCalls.toStatusRuntimeException(ClientCalls.java:233)
	at org.apache.ratis.thirdparty.io.grpc.stub.ClientCalls.getUnchecked(ClientCalls.java:214)
	at org.apache.ratis.thirdparty.io.grpc.stub.ClientCalls.blockingUnaryCall(ClientCalls.java:139)
	at org.apache.ratis.proto.grpc.RaftServerProtocolServiceGrpc$RaftServerProtocolServiceBlockingStub.requestVote(RaftServerProtocolServiceGrpc.java:265)
	at org.apache.ratis.grpc.server.GrpcServerProtocolClient.requestVote(GrpcServerProtocolClient.java:99)
	at org.apache.ratis.grpc.server.GrpcService.requestVote(GrpcService.java:204)
	at org.apache.ratis.server.impl.LeaderElection.lambda$submitRequests$1(LeaderElection.java:234)
	at java.util.concurrent.FutureTask.run(FutureTask.java:266)
	at java.util.concurrent.Executors$RunnableAdapter.call(Executors.java:511)
	at java.util.concurrent.FutureTask.run(FutureTask.java:266)
	at java.util.concurrent.ThreadPoolExecutor.runWorker(ThreadPoolExecutor.java:1149)
	at java.util.concurrent.ThreadPoolExecutor$Worker.run(ThreadPoolExecutor.java:624)
	... 1 more
Caused by: org.apache.ratis.thirdparty.io.netty.channel.AbstractChannel$AnnotatedConnectException: Connection refused: /192.168.157.254:45598
	at sun.nio.ch.SocketChannelImpl.checkConnect(Native Method)
	at sun.nio.ch.SocketChannelImpl.finishConnect(SocketChannelImpl.java:717)
	at org.apache.ratis.thirdparty.io.netty.channel.socket.nio.NioSocketChannel.doFinishConnect(NioSocketChannel.java:327)
	at org.apache.ratis.thirdparty.io.netty.channel.nio.AbstractNioChannel$AbstractNioUnsafe.finishConnect(AbstractNioChannel.java:340)
	at org.apache.ratis.thirdparty.io.netty.channel.nio.NioEventLoop.processSelectedKey(NioEventLoop.java:632)
	at org.apache.ratis.thirdparty.io.netty.channel.nio.NioEventLoop.processSelectedKeysOptimized(NioEventLoop.java:579)
	at org.apache.ratis.thirdparty.io.netty.channel.nio.NioEventLoop.processSelectedKeys(NioEventLoop.java:496)
	at org.apache.ratis.thirdparty.io.netty.channel.nio.NioEventLoop.run(NioEventLoop.java:458)
	at org.apache.ratis.thirdparty.io.netty.util.concurrent.SingleThreadEventExecutor$5.run(SingleThreadEventExecutor.java:897)
	at org.apache.ratis.thirdparty.io.netty.util.concurrent.FastThreadLocalRunnable.run(FastThreadLocalRunnable.java:30)
	... 1 more
Caused by: java.net.ConnectException: Connection refused
	... 11 more
2019-10-22 00:13:21,646 [2fdb3e93-e0d8-400e-8c33-91e2341b50c6@group-F01152B53F91-LeaderElection243] INFO  impl.RaftServerImpl (RaftServerImpl.java:setRole(184)) - 2fdb3e93-e0d8-400e-8c33-91e2341b50c6@group-F01152B53F91: changes role from CANDIDATE to FOLLOWER at term 242 for DISCOVERED_A_NEW_TERM
2019-10-22 00:13:21,646 [2fdb3e93-e0d8-400e-8c33-91e2341b50c6@group-F01152B53F91-LeaderElection243] INFO  impl.RoleInfo (RoleInfo.java:shutdownLeaderElection(134)) - 2fdb3e93-e0d8-400e-8c33-91e2341b50c6: shutdown LeaderElection
2019-10-22 00:13:21,646 [2fdb3e93-e0d8-400e-8c33-91e2341b50c6@group-F01152B53F91-LeaderElection243] INFO  impl.RoleInfo (RoleInfo.java:updateAndGet(143)) - 2fdb3e93-e0d8-400e-8c33-91e2341b50c6: start FollowerState
2019-10-22 00:13:21,664 [Thread-2013] INFO  impl.FollowerState (FollowerState.java:run(108)) - 2fdb3e93-e0d8-400e-8c33-91e2341b50c6@group-F01152B53F91-FollowerState: change to CANDIDATE, lastRpcTime:18ms, electionTimeout:18ms
2019-10-22 00:13:21,665 [Thread-2013] INFO  impl.RoleInfo (RoleInfo.java:shutdownFollowerState(121)) - 2fdb3e93-e0d8-400e-8c33-91e2341b50c6: shutdown FollowerState
2019-10-22 00:13:21,665 [Thread-2013] INFO  impl.RaftServerImpl (RaftServerImpl.java:setRole(184)) - 2fdb3e93-e0d8-400e-8c33-91e2341b50c6@group-F01152B53F91: changes role from  FOLLOWER to CANDIDATE at term 242 for changeToCandidate
2019-10-22 00:13:21,665 [Thread-2013] INFO  impl.RoleInfo (RoleInfo.java:updateAndGet(143)) - 2fdb3e93-e0d8-400e-8c33-91e2341b50c6: start LeaderElection
2019-10-22 00:13:21,668 [2fdb3e93-e0d8-400e-8c33-91e2341b50c6@group-F01152B53F91-LeaderElection244] INFO  impl.LeaderElection (LeaderElection.java:askForVotes(178)) - 2fdb3e93-e0d8-400e-8c33-91e2341b50c6@group-F01152B53F91-LeaderElection244: begin an election at term 243 for -1: [2fdb3e93-e0d8-400e-8c33-91e2341b50c6:192.168.157.254:43254, 062c71de-08d9-40ee-9309-15590e2e8e68:192.168.157.254:45598, 2a52019e-5647-44e1-bf30-9a43fd8a7377:192.168.157.254:36038], old=null
2019-10-22 00:13:21,669 [2fdb3e93-e0d8-400e-8c33-91e2341b50c6@group-F01152B53F91-LeaderElection244] INFO  impl.LeaderElection (LogUtils.java:infoOrTrace(149)) - 2fdb3e93-e0d8-400e-8c33-91e2341b50c6@group-F01152B53F91-LeaderElection244 got exception when requesting votes: {}
java.util.concurrent.ExecutionException: org.apache.ratis.thirdparty.io.grpc.StatusRuntimeException: UNAVAILABLE: io exception
	at java.util.concurrent.FutureTask.report(FutureTask.java:122)
	at java.util.concurrent.FutureTask.get(FutureTask.java:192)
	at org.apache.ratis.server.impl.LeaderElection.waitForResults(LeaderElection.java:259)
	at org.apache.ratis.server.impl.LeaderElection.askForVotes(LeaderElection.java:197)
	at org.apache.ratis.server.impl.LeaderElection.run(LeaderElection.java:133)
	at java.lang.Thread.run(Thread.java:748)
Caused by: org.apache.ratis.thirdparty.io.grpc.StatusRuntimeException: UNAVAILABLE: io exception
	at org.apache.ratis.thirdparty.io.grpc.stub.ClientCalls.toStatusRuntimeException(ClientCalls.java:233)
	at org.apache.ratis.thirdparty.io.grpc.stub.ClientCalls.getUnchecked(ClientCalls.java:214)
	at org.apache.ratis.thirdparty.io.grpc.stub.ClientCalls.blockingUnaryCall(ClientCalls.java:139)
	at org.apache.ratis.proto.grpc.RaftServerProtocolServiceGrpc$RaftServerProtocolServiceBlockingStub.requestVote(RaftServerProtocolServiceGrpc.java:265)
	at org.apache.ratis.grpc.server.GrpcServerProtocolClient.requestVote(GrpcServerProtocolClient.java:99)
	at org.apache.ratis.grpc.server.GrpcService.requestVote(GrpcService.java:204)
	at org.apache.ratis.server.impl.LeaderElection.lambda$submitRequests$1(LeaderElection.java:234)
	at java.util.concurrent.FutureTask.run(FutureTask.java:266)
	at java.util.concurrent.Executors$RunnableAdapter.call(Executors.java:511)
	at java.util.concurrent.FutureTask.run(FutureTask.java:266)
	at java.util.concurrent.ThreadPoolExecutor.runWorker(ThreadPoolExecutor.java:1149)
	at java.util.concurrent.ThreadPoolExecutor$Worker.run(ThreadPoolExecutor.java:624)
	... 1 more
Caused by: org.apache.ratis.thirdparty.io.netty.channel.AbstractChannel$AnnotatedConnectException: Connection refused: /192.168.157.254:36038
	at sun.nio.ch.SocketChannelImpl.checkConnect(Native Method)
	at sun.nio.ch.SocketChannelImpl.finishConnect(SocketChannelImpl.java:717)
	at org.apache.ratis.thirdparty.io.netty.channel.socket.nio.NioSocketChannel.doFinishConnect(NioSocketChannel.java:327)
	at org.apache.ratis.thirdparty.io.netty.channel.nio.AbstractNioChannel$AbstractNioUnsafe.finishConnect(AbstractNioChannel.java:340)
	at org.apache.ratis.thirdparty.io.netty.channel.nio.NioEventLoop.processSelectedKey(NioEventLoop.java:632)
	at org.apache.ratis.thirdparty.io.netty.channel.nio.NioEventLoop.processSelectedKeysOptimized(NioEventLoop.java:579)
	at org.apache.ratis.thirdparty.io.netty.channel.nio.NioEventLoop.processSelectedKeys(NioEventLoop.java:496)
	at org.apache.ratis.thirdparty.io.netty.channel.nio.NioEventLoop.run(NioEventLoop.java:458)
	at org.apache.ratis.thirdparty.io.netty.util.concurrent.SingleThreadEventExecutor$5.run(SingleThreadEventExecutor.java:897)
	at org.apache.ratis.thirdparty.io.netty.util.concurrent.FastThreadLocalRunnable.run(FastThreadLocalRunnable.java:30)
	... 1 more
Caused by: java.net.ConnectException: Connection refused
	... 11 more
2019-10-22 00:13:21,669 [2fdb3e93-e0d8-400e-8c33-91e2341b50c6@group-F01152B53F91-LeaderElection244] INFO  impl.LeaderElection (LogUtils.java:infoOrTrace(149)) - 2fdb3e93-e0d8-400e-8c33-91e2341b50c6@group-F01152B53F91-LeaderElection244 got exception when requesting votes: {}
java.util.concurrent.ExecutionException: org.apache.ratis.thirdparty.io.grpc.StatusRuntimeException: UNAVAILABLE: io exception
	at java.util.concurrent.FutureTask.report(FutureTask.java:122)
	at java.util.concurrent.FutureTask.get(FutureTask.java:192)
	at org.apache.ratis.server.impl.LeaderElection.waitForResults(LeaderElection.java:259)
	at org.apache.ratis.server.impl.LeaderElection.askForVotes(LeaderElection.java:197)
	at org.apache.ratis.server.impl.LeaderElection.run(LeaderElection.java:133)
	at java.lang.Thread.run(Thread.java:748)
Caused by: org.apache.ratis.thirdparty.io.grpc.StatusRuntimeException: UNAVAILABLE: io exception
	at org.apache.ratis.thirdparty.io.grpc.stub.ClientCalls.toStatusRuntimeException(ClientCalls.java:233)
	at org.apache.ratis.thirdparty.io.grpc.stub.ClientCalls.getUnchecked(ClientCalls.java:214)
	at org.apache.ratis.thirdparty.io.grpc.stub.ClientCalls.blockingUnaryCall(ClientCalls.java:139)
	at org.apache.ratis.proto.grpc.RaftServerProtocolServiceGrpc$RaftServerProtocolServiceBlockingStub.requestVote(RaftServerProtocolServiceGrpc.java:265)
	at org.apache.ratis.grpc.server.GrpcServerProtocolClient.requestVote(GrpcServerProtocolClient.java:99)
	at org.apache.ratis.grpc.server.GrpcService.requestVote(GrpcService.java:204)
	at org.apache.ratis.server.impl.LeaderElection.lambda$submitRequests$1(LeaderElection.java:234)
	at java.util.concurrent.FutureTask.run(FutureTask.java:266)
	at java.util.concurrent.Executors$RunnableAdapter.call(Executors.java:511)
	at java.util.concurrent.FutureTask.run(FutureTask.java:266)
	at java.util.concurrent.ThreadPoolExecutor.runWorker(ThreadPoolExecutor.java:1149)
	at java.util.concurrent.ThreadPoolExecutor$Worker.run(ThreadPoolExecutor.java:624)
	... 1 more
Caused by: org.apache.ratis.thirdparty.io.netty.channel.AbstractChannel$AnnotatedConnectException: Connection refused: /192.168.157.254:45598
	at sun.nio.ch.SocketChannelImpl.checkConnect(Native Method)
	at sun.nio.ch.SocketChannelImpl.finishConnect(SocketChannelImpl.java:717)
	at org.apache.ratis.thirdparty.io.netty.channel.socket.nio.NioSocketChannel.doFinishConnect(NioSocketChannel.java:327)
	at org.apache.ratis.thirdparty.io.netty.channel.nio.AbstractNioChannel$AbstractNioUnsafe.finishConnect(AbstractNioChannel.java:340)
	at org.apache.ratis.thirdparty.io.netty.channel.nio.NioEventLoop.processSelectedKey(NioEventLoop.java:632)
	at org.apache.ratis.thirdparty.io.netty.channel.nio.NioEventLoop.processSelectedKeysOptimized(NioEventLoop.java:579)
	at org.apache.ratis.thirdparty.io.netty.channel.nio.NioEventLoop.processSelectedKeys(NioEventLoop.java:496)
	at org.apache.ratis.thirdparty.io.netty.channel.nio.NioEventLoop.run(NioEventLoop.java:458)
	at org.apache.ratis.thirdparty.io.netty.util.concurrent.SingleThreadEventExecutor$5.run(SingleThreadEventExecutor.java:897)
	at org.apache.ratis.thirdparty.io.netty.util.concurrent.FastThreadLocalRunnable.run(FastThreadLocalRunnable.java:30)
	... 1 more
Caused by: java.net.ConnectException: Connection refused
	... 11 more
2019-10-22 00:13:21,669 [2fdb3e93-e0d8-400e-8c33-91e2341b50c6@group-F01152B53F91-LeaderElection244] INFO  impl.LeaderElection (LeaderElection.java:logAndReturn(56)) - 2fdb3e93-e0d8-400e-8c33-91e2341b50c6@group-F01152B53F91-LeaderElection244: Election REJECTED; received 0 response(s) [] and 2 exception(s); 2fdb3e93-e0d8-400e-8c33-91e2341b50c6@group-F01152B53F91:t243, leader=null, voted=2fdb3e93-e0d8-400e-8c33-91e2341b50c6, raftlog=2fdb3e93-e0d8-400e-8c33-91e2341b50c6@group-F01152B53F91-SegmentedRaftLog:OPENED:c-1,f-1,i0, conf=-1: [2fdb3e93-e0d8-400e-8c33-91e2341b50c6:192.168.157.254:43254, 062c71de-08d9-40ee-9309-15590e2e8e68:192.168.157.254:45598, 2a52019e-5647-44e1-bf30-9a43fd8a7377:192.168.157.254:36038], old=null
2019-10-22 00:13:21,669 [2fdb3e93-e0d8-400e-8c33-91e2341b50c6@group-F01152B53F91-LeaderElection244] INFO  impl.LeaderElection (LogUtils.java:infoOrTrace(149)) -   Exception 0: {}
java.util.concurrent.ExecutionException: org.apache.ratis.thirdparty.io.grpc.StatusRuntimeException: UNAVAILABLE: io exception
	at java.util.concurrent.FutureTask.report(FutureTask.java:122)
	at java.util.concurrent.FutureTask.get(FutureTask.java:192)
	at org.apache.ratis.server.impl.LeaderElection.waitForResults(LeaderElection.java:259)
	at org.apache.ratis.server.impl.LeaderElection.askForVotes(LeaderElection.java:197)
	at org.apache.ratis.server.impl.LeaderElection.run(LeaderElection.java:133)
	at java.lang.Thread.run(Thread.java:748)
Caused by: org.apache.ratis.thirdparty.io.grpc.StatusRuntimeException: UNAVAILABLE: io exception
	at org.apache.ratis.thirdparty.io.grpc.stub.ClientCalls.toStatusRuntimeException(ClientCalls.java:233)
	at org.apache.ratis.thirdparty.io.grpc.stub.ClientCalls.getUnchecked(ClientCalls.java:214)
	at org.apache.ratis.thirdparty.io.grpc.stub.ClientCalls.blockingUnaryCall(ClientCalls.java:139)
	at org.apache.ratis.proto.grpc.RaftServerProtocolServiceGrpc$RaftServerProtocolServiceBlockingStub.requestVote(RaftServerProtocolServiceGrpc.java:265)
	at org.apache.ratis.grpc.server.GrpcServerProtocolClient.requestVote(GrpcServerProtocolClient.java:99)
	at org.apache.ratis.grpc.server.GrpcService.requestVote(GrpcService.java:204)
	at org.apache.ratis.server.impl.LeaderElection.lambda$submitRequests$1(LeaderElection.java:234)
	at java.util.concurrent.FutureTask.run(FutureTask.java:266)
	at java.util.concurrent.Executors$RunnableAdapter.call(Executors.java:511)
	at java.util.concurrent.FutureTask.run(FutureTask.java:266)
	at java.util.concurrent.ThreadPoolExecutor.runWorker(ThreadPoolExecutor.java:1149)
	at java.util.concurrent.ThreadPoolExecutor$Worker.run(ThreadPoolExecutor.java:624)
	... 1 more
Caused by: org.apache.ratis.thirdparty.io.netty.channel.AbstractChannel$AnnotatedConnectException: Connection refused: /192.168.157.254:36038
	at sun.nio.ch.SocketChannelImpl.checkConnect(Native Method)
	at sun.nio.ch.SocketChannelImpl.finishConnect(SocketChannelImpl.java:717)
	at org.apache.ratis.thirdparty.io.netty.channel.socket.nio.NioSocketChannel.doFinishConnect(NioSocketChannel.java:327)
	at org.apache.ratis.thirdparty.io.netty.channel.nio.AbstractNioChannel$AbstractNioUnsafe.finishConnect(AbstractNioChannel.java:340)
	at org.apache.ratis.thirdparty.io.netty.channel.nio.NioEventLoop.processSelectedKey(NioEventLoop.java:632)
	at org.apache.ratis.thirdparty.io.netty.channel.nio.NioEventLoop.processSelectedKeysOptimized(NioEventLoop.java:579)
	at org.apache.ratis.thirdparty.io.netty.channel.nio.NioEventLoop.processSelectedKeys(NioEventLoop.java:496)
	at org.apache.ratis.thirdparty.io.netty.channel.nio.NioEventLoop.run(NioEventLoop.java:458)
	at org.apache.ratis.thirdparty.io.netty.util.concurrent.SingleThreadEventExecutor$5.run(SingleThreadEventExecutor.java:897)
	at org.apache.ratis.thirdparty.io.netty.util.concurrent.FastThreadLocalRunnable.run(FastThreadLocalRunnable.java:30)
	... 1 more
Caused by: java.net.ConnectException: Connection refused
	... 11 more
2019-10-22 00:13:21,670 [2fdb3e93-e0d8-400e-8c33-91e2341b50c6@group-F01152B53F91-LeaderElection244] INFO  impl.LeaderElection (LogUtils.java:infoOrTrace(149)) -   Exception 1: {}
java.util.concurrent.ExecutionException: org.apache.ratis.thirdparty.io.grpc.StatusRuntimeException: UNAVAILABLE: io exception
	at java.util.concurrent.FutureTask.report(FutureTask.java:122)
	at java.util.concurrent.FutureTask.get(FutureTask.java:192)
	at org.apache.ratis.server.impl.LeaderElection.waitForResults(LeaderElection.java:259)
	at org.apache.ratis.server.impl.LeaderElection.askForVotes(LeaderElection.java:197)
	at org.apache.ratis.server.impl.LeaderElection.run(LeaderElection.java:133)
	at java.lang.Thread.run(Thread.java:748)
Caused by: org.apache.ratis.thirdparty.io.grpc.StatusRuntimeException: UNAVAILABLE: io exception
	at org.apache.ratis.thirdparty.io.grpc.stub.ClientCalls.toStatusRuntimeException(ClientCalls.java:233)
	at org.apache.ratis.thirdparty.io.grpc.stub.ClientCalls.getUnchecked(ClientCalls.java:214)
	at org.apache.ratis.thirdparty.io.grpc.stub.ClientCalls.blockingUnaryCall(ClientCalls.java:139)
	at org.apache.ratis.proto.grpc.RaftServerProtocolServiceGrpc$RaftServerProtocolServiceBlockingStub.requestVote(RaftServerProtocolServiceGrpc.java:265)
	at org.apache.ratis.grpc.server.GrpcServerProtocolClient.requestVote(GrpcServerProtocolClient.java:99)
	at org.apache.ratis.grpc.server.GrpcService.requestVote(GrpcService.java:204)
	at org.apache.ratis.server.impl.LeaderElection.lambda$submitRequests$1(LeaderElection.java:234)
	at java.util.concurrent.FutureTask.run(FutureTask.java:266)
	at java.util.concurrent.Executors$RunnableAdapter.call(Executors.java:511)
	at java.util.concurrent.FutureTask.run(FutureTask.java:266)
	at java.util.concurrent.ThreadPoolExecutor.runWorker(ThreadPoolExecutor.java:1149)
	at java.util.concurrent.ThreadPoolExecutor$Worker.run(ThreadPoolExecutor.java:624)
	... 1 more
Caused by: org.apache.ratis.thirdparty.io.netty.channel.AbstractChannel$AnnotatedConnectException: Connection refused: /192.168.157.254:45598
	at sun.nio.ch.SocketChannelImpl.checkConnect(Native Method)
	at sun.nio.ch.SocketChannelImpl.finishConnect(SocketChannelImpl.java:717)
	at org.apache.ratis.thirdparty.io.netty.channel.socket.nio.NioSocketChannel.doFinishConnect(NioSocketChannel.java:327)
	at org.apache.ratis.thirdparty.io.netty.channel.nio.AbstractNioChannel$AbstractNioUnsafe.finishConnect(AbstractNioChannel.java:340)
	at org.apache.ratis.thirdparty.io.netty.channel.nio.NioEventLoop.processSelectedKey(NioEventLoop.java:632)
	at org.apache.ratis.thirdparty.io.netty.channel.nio.NioEventLoop.processSelectedKeysOptimized(NioEventLoop.java:579)
	at org.apache.ratis.thirdparty.io.netty.channel.nio.NioEventLoop.processSelectedKeys(NioEventLoop.java:496)
	at org.apache.ratis.thirdparty.io.netty.channel.nio.NioEventLoop.run(NioEventLoop.java:458)
	at org.apache.ratis.thirdparty.io.netty.util.concurrent.SingleThreadEventExecutor$5.run(SingleThreadEventExecutor.java:897)
	at org.apache.ratis.thirdparty.io.netty.util.concurrent.FastThreadLocalRunnable.run(FastThreadLocalRunnable.java:30)
	... 1 more
Caused by: java.net.ConnectException: Connection refused
	... 11 more
2019-10-22 00:13:21,670 [2fdb3e93-e0d8-400e-8c33-91e2341b50c6@group-F01152B53F91-LeaderElection244] INFO  impl.RaftServerImpl (RaftServerImpl.java:setRole(184)) - 2fdb3e93-e0d8-400e-8c33-91e2341b50c6@group-F01152B53F91: changes role from CANDIDATE to FOLLOWER at term 243 for DISCOVERED_A_NEW_TERM
2019-10-22 00:13:21,670 [2fdb3e93-e0d8-400e-8c33-91e2341b50c6@group-F01152B53F91-LeaderElection244] INFO  impl.RoleInfo (RoleInfo.java:shutdownLeaderElection(134)) - 2fdb3e93-e0d8-400e-8c33-91e2341b50c6: shutdown LeaderElection
2019-10-22 00:13:21,670 [2fdb3e93-e0d8-400e-8c33-91e2341b50c6@group-F01152B53F91-LeaderElection244] INFO  impl.RoleInfo (RoleInfo.java:updateAndGet(143)) - 2fdb3e93-e0d8-400e-8c33-91e2341b50c6: start FollowerState
2019-10-22 00:13:21,780 [Thread-2017] INFO  impl.FollowerState (FollowerState.java:run(108)) - 2fdb3e93-e0d8-400e-8c33-91e2341b50c6@group-F01152B53F91-FollowerState: change to CANDIDATE, lastRpcTime:109ms, electionTimeout:109ms
2019-10-22 00:13:21,780 [Thread-2017] INFO  impl.RoleInfo (RoleInfo.java:shutdownFollowerState(121)) - 2fdb3e93-e0d8-400e-8c33-91e2341b50c6: shutdown FollowerState
2019-10-22 00:13:21,780 [Thread-2017] INFO  impl.RaftServerImpl (RaftServerImpl.java:setRole(184)) - 2fdb3e93-e0d8-400e-8c33-91e2341b50c6@group-F01152B53F91: changes role from  FOLLOWER to CANDIDATE at term 243 for changeToCandidate
2019-10-22 00:13:21,780 [Thread-2017] INFO  impl.RoleInfo (RoleInfo.java:updateAndGet(143)) - 2fdb3e93-e0d8-400e-8c33-91e2341b50c6: start LeaderElection
2019-10-22 00:13:21,785 [2fdb3e93-e0d8-400e-8c33-91e2341b50c6@group-F01152B53F91-LeaderElection245] INFO  impl.LeaderElection (LeaderElection.java:askForVotes(178)) - 2fdb3e93-e0d8-400e-8c33-91e2341b50c6@group-F01152B53F91-LeaderElection245: begin an election at term 244 for -1: [2fdb3e93-e0d8-400e-8c33-91e2341b50c6:192.168.157.254:43254, 062c71de-08d9-40ee-9309-15590e2e8e68:192.168.157.254:45598, 2a52019e-5647-44e1-bf30-9a43fd8a7377:192.168.157.254:36038], old=null
2019-10-22 00:13:21,786 [2fdb3e93-e0d8-400e-8c33-91e2341b50c6@group-F01152B53F91-LeaderElection245] INFO  impl.LeaderElection (LogUtils.java:infoOrTrace(149)) - 2fdb3e93-e0d8-400e-8c33-91e2341b50c6@group-F01152B53F91-LeaderElection245 got exception when requesting votes: {}
java.util.concurrent.ExecutionException: org.apache.ratis.thirdparty.io.grpc.StatusRuntimeException: UNAVAILABLE: io exception
	at java.util.concurrent.FutureTask.report(FutureTask.java:122)
	at java.util.concurrent.FutureTask.get(FutureTask.java:192)
	at org.apache.ratis.server.impl.LeaderElection.waitForResults(LeaderElection.java:259)
	at org.apache.ratis.server.impl.LeaderElection.askForVotes(LeaderElection.java:197)
	at org.apache.ratis.server.impl.LeaderElection.run(LeaderElection.java:133)
	at java.lang.Thread.run(Thread.java:748)
Caused by: org.apache.ratis.thirdparty.io.grpc.StatusRuntimeException: UNAVAILABLE: io exception
	at org.apache.ratis.thirdparty.io.grpc.stub.ClientCalls.toStatusRuntimeException(ClientCalls.java:233)
	at org.apache.ratis.thirdparty.io.grpc.stub.ClientCalls.getUnchecked(ClientCalls.java:214)
	at org.apache.ratis.thirdparty.io.grpc.stub.ClientCalls.blockingUnaryCall(ClientCalls.java:139)
	at org.apache.ratis.proto.grpc.RaftServerProtocolServiceGrpc$RaftServerProtocolServiceBlockingStub.requestVote(RaftServerProtocolServiceGrpc.java:265)
	at org.apache.ratis.grpc.server.GrpcServerProtocolClient.requestVote(GrpcServerProtocolClient.java:99)
	at org.apache.ratis.grpc.server.GrpcService.requestVote(GrpcService.java:204)
	at org.apache.ratis.server.impl.LeaderElection.lambda$submitRequests$1(LeaderElection.java:234)
	at java.util.concurrent.FutureTask.run(FutureTask.java:266)
	at java.util.concurrent.Executors$RunnableAdapter.call(Executors.java:511)
	at java.util.concurrent.FutureTask.run(FutureTask.java:266)
	at java.util.concurrent.ThreadPoolExecutor.runWorker(ThreadPoolExecutor.java:1149)
	at java.util.concurrent.ThreadPoolExecutor$Worker.run(ThreadPoolExecutor.java:624)
	... 1 more
Caused by: org.apache.ratis.thirdparty.io.netty.channel.AbstractChannel$AnnotatedConnectException: Connection refused: /192.168.157.254:45598
	at sun.nio.ch.SocketChannelImpl.checkConnect(Native Method)
	at sun.nio.ch.SocketChannelImpl.finishConnect(SocketChannelImpl.java:717)
	at org.apache.ratis.thirdparty.io.netty.channel.socket.nio.NioSocketChannel.doFinishConnect(NioSocketChannel.java:327)
	at org.apache.ratis.thirdparty.io.netty.channel.nio.AbstractNioChannel$AbstractNioUnsafe.finishConnect(AbstractNioChannel.java:340)
	at org.apache.ratis.thirdparty.io.netty.channel.nio.NioEventLoop.processSelectedKey(NioEventLoop.java:632)
	at org.apache.ratis.thirdparty.io.netty.channel.nio.NioEventLoop.processSelectedKeysOptimized(NioEventLoop.java:579)
	at org.apache.ratis.thirdparty.io.netty.channel.nio.NioEventLoop.processSelectedKeys(NioEventLoop.java:496)
	at org.apache.ratis.thirdparty.io.netty.channel.nio.NioEventLoop.run(NioEventLoop.java:458)
	at org.apache.ratis.thirdparty.io.netty.util.concurrent.SingleThreadEventExecutor$5.run(SingleThreadEventExecutor.java:897)
	at org.apache.ratis.thirdparty.io.netty.util.concurrent.FastThreadLocalRunnable.run(FastThreadLocalRunnable.java:30)
	... 1 more
Caused by: java.net.ConnectException: Connection refused
	... 11 more
2019-10-22 00:13:21,787 [2fdb3e93-e0d8-400e-8c33-91e2341b50c6@group-F01152B53F91-LeaderElection245] INFO  impl.LeaderElection (LogUtils.java:infoOrTrace(149)) - 2fdb3e93-e0d8-400e-8c33-91e2341b50c6@group-F01152B53F91-LeaderElection245 got exception when requesting votes: {}
java.util.concurrent.ExecutionException: org.apache.ratis.thirdparty.io.grpc.StatusRuntimeException: UNAVAILABLE: io exception
	at java.util.concurrent.FutureTask.report(FutureTask.java:122)
	at java.util.concurrent.FutureTask.get(FutureTask.java:192)
	at org.apache.ratis.server.impl.LeaderElection.waitForResults(LeaderElection.java:259)
	at org.apache.ratis.server.impl.LeaderElection.askForVotes(LeaderElection.java:197)
	at org.apache.ratis.server.impl.LeaderElection.run(LeaderElection.java:133)
	at java.lang.Thread.run(Thread.java:748)
Caused by: org.apache.ratis.thirdparty.io.grpc.StatusRuntimeException: UNAVAILABLE: io exception
	at org.apache.ratis.thirdparty.io.grpc.stub.ClientCalls.toStatusRuntimeException(ClientCalls.java:233)
	at org.apache.ratis.thirdparty.io.grpc.stub.ClientCalls.getUnchecked(ClientCalls.java:214)
	at org.apache.ratis.thirdparty.io.grpc.stub.ClientCalls.blockingUnaryCall(ClientCalls.java:139)
	at org.apache.ratis.proto.grpc.RaftServerProtocolServiceGrpc$RaftServerProtocolServiceBlockingStub.requestVote(RaftServerProtocolServiceGrpc.java:265)
	at org.apache.ratis.grpc.server.GrpcServerProtocolClient.requestVote(GrpcServerProtocolClient.java:99)
	at org.apache.ratis.grpc.server.GrpcService.requestVote(GrpcService.java:204)
	at org.apache.ratis.server.impl.LeaderElection.lambda$submitRequests$1(LeaderElection.java:234)
	at java.util.concurrent.FutureTask.run(FutureTask.java:266)
	at java.util.concurrent.Executors$RunnableAdapter.call(Executors.java:511)
	at java.util.concurrent.FutureTask.run(FutureTask.java:266)
	at java.util.concurrent.ThreadPoolExecutor.runWorker(ThreadPoolExecutor.java:1149)
	at java.util.concurrent.ThreadPoolExecutor$Worker.run(ThreadPoolExecutor.java:624)
	... 1 more
Caused by: org.apache.ratis.thirdparty.io.netty.channel.AbstractChannel$AnnotatedConnectException: Connection refused: /192.168.157.254:36038
	at sun.nio.ch.SocketChannelImpl.checkConnect(Native Method)
	at sun.nio.ch.SocketChannelImpl.finishConnect(SocketChannelImpl.java:717)
	at org.apache.ratis.thirdparty.io.netty.channel.socket.nio.NioSocketChannel.doFinishConnect(NioSocketChannel.java:327)
	at org.apache.ratis.thirdparty.io.netty.channel.nio.AbstractNioChannel$AbstractNioUnsafe.finishConnect(AbstractNioChannel.java:340)
	at org.apache.ratis.thirdparty.io.netty.channel.nio.NioEventLoop.processSelectedKey(NioEventLoop.java:632)
	at org.apache.ratis.thirdparty.io.netty.channel.nio.NioEventLoop.processSelectedKeysOptimized(NioEventLoop.java:579)
	at org.apache.ratis.thirdparty.io.netty.channel.nio.NioEventLoop.processSelectedKeys(NioEventLoop.java:496)
	at org.apache.ratis.thirdparty.io.netty.channel.nio.NioEventLoop.run(NioEventLoop.java:458)
	at org.apache.ratis.thirdparty.io.netty.util.concurrent.SingleThreadEventExecutor$5.run(SingleThreadEventExecutor.java:897)
	at org.apache.ratis.thirdparty.io.netty.util.concurrent.FastThreadLocalRunnable.run(FastThreadLocalRunnable.java:30)
	... 1 more
Caused by: java.net.ConnectException: Connection refused
	... 11 more
2019-10-22 00:13:21,787 [2fdb3e93-e0d8-400e-8c33-91e2341b50c6@group-F01152B53F91-LeaderElection245] INFO  impl.LeaderElection (LeaderElection.java:logAndReturn(56)) - 2fdb3e93-e0d8-400e-8c33-91e2341b50c6@group-F01152B53F91-LeaderElection245: Election REJECTED; received 0 response(s) [] and 2 exception(s); 2fdb3e93-e0d8-400e-8c33-91e2341b50c6@group-F01152B53F91:t244, leader=null, voted=2fdb3e93-e0d8-400e-8c33-91e2341b50c6, raftlog=2fdb3e93-e0d8-400e-8c33-91e2341b50c6@group-F01152B53F91-SegmentedRaftLog:OPENED:c-1,f-1,i0, conf=-1: [2fdb3e93-e0d8-400e-8c33-91e2341b50c6:192.168.157.254:43254, 062c71de-08d9-40ee-9309-15590e2e8e68:192.168.157.254:45598, 2a52019e-5647-44e1-bf30-9a43fd8a7377:192.168.157.254:36038], old=null
2019-10-22 00:13:21,787 [2fdb3e93-e0d8-400e-8c33-91e2341b50c6@group-F01152B53F91-LeaderElection245] INFO  impl.LeaderElection (LogUtils.java:infoOrTrace(149)) -   Exception 0: {}
java.util.concurrent.ExecutionException: org.apache.ratis.thirdparty.io.grpc.StatusRuntimeException: UNAVAILABLE: io exception
	at java.util.concurrent.FutureTask.report(FutureTask.java:122)
	at java.util.concurrent.FutureTask.get(FutureTask.java:192)
	at org.apache.ratis.server.impl.LeaderElection.waitForResults(LeaderElection.java:259)
	at org.apache.ratis.server.impl.LeaderElection.askForVotes(LeaderElection.java:197)
	at org.apache.ratis.server.impl.LeaderElection.run(LeaderElection.java:133)
	at java.lang.Thread.run(Thread.java:748)
Caused by: org.apache.ratis.thirdparty.io.grpc.StatusRuntimeException: UNAVAILABLE: io exception
	at org.apache.ratis.thirdparty.io.grpc.stub.ClientCalls.toStatusRuntimeException(ClientCalls.java:233)
	at org.apache.ratis.thirdparty.io.grpc.stub.ClientCalls.getUnchecked(ClientCalls.java:214)
	at org.apache.ratis.thirdparty.io.grpc.stub.ClientCalls.blockingUnaryCall(ClientCalls.java:139)
	at org.apache.ratis.proto.grpc.RaftServerProtocolServiceGrpc$RaftServerProtocolServiceBlockingStub.requestVote(RaftServerProtocolServiceGrpc.java:265)
	at org.apache.ratis.grpc.server.GrpcServerProtocolClient.requestVote(GrpcServerProtocolClient.java:99)
	at org.apache.ratis.grpc.server.GrpcService.requestVote(GrpcService.java:204)
	at org.apache.ratis.server.impl.LeaderElection.lambda$submitRequests$1(LeaderElection.java:234)
	at java.util.concurrent.FutureTask.run(FutureTask.java:266)
	at java.util.concurrent.Executors$RunnableAdapter.call(Executors.java:511)
	at java.util.concurrent.FutureTask.run(FutureTask.java:266)
	at java.util.concurrent.ThreadPoolExecutor.runWorker(ThreadPoolExecutor.java:1149)
	at java.util.concurrent.ThreadPoolExecutor$Worker.run(ThreadPoolExecutor.java:624)
	... 1 more
Caused by: org.apache.ratis.thirdparty.io.netty.channel.AbstractChannel$AnnotatedConnectException: Connection refused: /192.168.157.254:45598
	at sun.nio.ch.SocketChannelImpl.checkConnect(Native Method)
	at sun.nio.ch.SocketChannelImpl.finishConnect(SocketChannelImpl.java:717)
	at org.apache.ratis.thirdparty.io.netty.channel.socket.nio.NioSocketChannel.doFinishConnect(NioSocketChannel.java:327)
	at org.apache.ratis.thirdparty.io.netty.channel.nio.AbstractNioChannel$AbstractNioUnsafe.finishConnect(AbstractNioChannel.java:340)
	at org.apache.ratis.thirdparty.io.netty.channel.nio.NioEventLoop.processSelectedKey(NioEventLoop.java:632)
	at org.apache.ratis.thirdparty.io.netty.channel.nio.NioEventLoop.processSelectedKeysOptimized(NioEventLoop.java:579)
	at org.apache.ratis.thirdparty.io.netty.channel.nio.NioEventLoop.processSelectedKeys(NioEventLoop.java:496)
	at org.apache.ratis.thirdparty.io.netty.channel.nio.NioEventLoop.run(NioEventLoop.java:458)
	at org.apache.ratis.thirdparty.io.netty.util.concurrent.SingleThreadEventExecutor$5.run(SingleThreadEventExecutor.java:897)
	at org.apache.ratis.thirdparty.io.netty.util.concurrent.FastThreadLocalRunnable.run(FastThreadLocalRunnable.java:30)
	... 1 more
Caused by: java.net.ConnectException: Connection refused
	... 11 more
2019-10-22 00:13:21,787 [2fdb3e93-e0d8-400e-8c33-91e2341b50c6@group-F01152B53F91-LeaderElection245] INFO  impl.LeaderElection (LogUtils.java:infoOrTrace(149)) -   Exception 1: {}
java.util.concurrent.ExecutionException: org.apache.ratis.thirdparty.io.grpc.StatusRuntimeException: UNAVAILABLE: io exception
	at java.util.concurrent.FutureTask.report(FutureTask.java:122)
	at java.util.concurrent.FutureTask.get(FutureTask.java:192)
	at org.apache.ratis.server.impl.LeaderElection.waitForResults(LeaderElection.java:259)
	at org.apache.ratis.server.impl.LeaderElection.askForVotes(LeaderElection.java:197)
	at org.apache.ratis.server.impl.LeaderElection.run(LeaderElection.java:133)
	at java.lang.Thread.run(Thread.java:748)
Caused by: org.apache.ratis.thirdparty.io.grpc.StatusRuntimeException: UNAVAILABLE: io exception
	at org.apache.ratis.thirdparty.io.grpc.stub.ClientCalls.toStatusRuntimeException(ClientCalls.java:233)
	at org.apache.ratis.thirdparty.io.grpc.stub.ClientCalls.getUnchecked(ClientCalls.java:214)
	at org.apache.ratis.thirdparty.io.grpc.stub.ClientCalls.blockingUnaryCall(ClientCalls.java:139)
	at org.apache.ratis.proto.grpc.RaftServerProtocolServiceGrpc$RaftServerProtocolServiceBlockingStub.requestVote(RaftServerProtocolServiceGrpc.java:265)
	at org.apache.ratis.grpc.server.GrpcServerProtocolClient.requestVote(GrpcServerProtocolClient.java:99)
	at org.apache.ratis.grpc.server.GrpcService.requestVote(GrpcService.java:204)
	at org.apache.ratis.server.impl.LeaderElection.lambda$submitRequests$1(LeaderElection.java:234)
	at java.util.concurrent.FutureTask.run(FutureTask.java:266)
	at java.util.concurrent.Executors$RunnableAdapter.call(Executors.java:511)
	at java.util.concurrent.FutureTask.run(FutureTask.java:266)
	at java.util.concurrent.ThreadPoolExecutor.runWorker(ThreadPoolExecutor.java:1149)
	at java.util.concurrent.ThreadPoolExecutor$Worker.run(ThreadPoolExecutor.java:624)
	... 1 more
Caused by: org.apache.ratis.thirdparty.io.netty.channel.AbstractChannel$AnnotatedConnectException: Connection refused: /192.168.157.254:36038
	at sun.nio.ch.SocketChannelImpl.checkConnect(Native Method)
	at sun.nio.ch.SocketChannelImpl.finishConnect(SocketChannelImpl.java:717)
	at org.apache.ratis.thirdparty.io.netty.channel.socket.nio.NioSocketChannel.doFinishConnect(NioSocketChannel.java:327)
	at org.apache.ratis.thirdparty.io.netty.channel.nio.AbstractNioChannel$AbstractNioUnsafe.finishConnect(AbstractNioChannel.java:340)
	at org.apache.ratis.thirdparty.io.netty.channel.nio.NioEventLoop.processSelectedKey(NioEventLoop.java:632)
	at org.apache.ratis.thirdparty.io.netty.channel.nio.NioEventLoop.processSelectedKeysOptimized(NioEventLoop.java:579)
	at org.apache.ratis.thirdparty.io.netty.channel.nio.NioEventLoop.processSelectedKeys(NioEventLoop.java:496)
	at org.apache.ratis.thirdparty.io.netty.channel.nio.NioEventLoop.run(NioEventLoop.java:458)
	at org.apache.ratis.thirdparty.io.netty.util.concurrent.SingleThreadEventExecutor$5.run(SingleThreadEventExecutor.java:897)
	at org.apache.ratis.thirdparty.io.netty.util.concurrent.FastThreadLocalRunnable.run(FastThreadLocalRunnable.java:30)
	... 1 more
Caused by: java.net.ConnectException: Connection refused
	... 11 more
2019-10-22 00:13:21,787 [2fdb3e93-e0d8-400e-8c33-91e2341b50c6@group-F01152B53F91-LeaderElection245] INFO  impl.RaftServerImpl (RaftServerImpl.java:setRole(184)) - 2fdb3e93-e0d8-400e-8c33-91e2341b50c6@group-F01152B53F91: changes role from CANDIDATE to FOLLOWER at term 244 for DISCOVERED_A_NEW_TERM
2019-10-22 00:13:21,787 [2fdb3e93-e0d8-400e-8c33-91e2341b50c6@group-F01152B53F91-LeaderElection245] INFO  impl.RoleInfo (RoleInfo.java:shutdownLeaderElection(134)) - 2fdb3e93-e0d8-400e-8c33-91e2341b50c6: shutdown LeaderElection
2019-10-22 00:13:21,788 [2fdb3e93-e0d8-400e-8c33-91e2341b50c6@group-F01152B53F91-LeaderElection245] INFO  impl.RoleInfo (RoleInfo.java:updateAndGet(143)) - 2fdb3e93-e0d8-400e-8c33-91e2341b50c6: start FollowerState
2019-10-22 00:13:21,801 [java.util.concurrent.ThreadPoolExecutor$Worker@c41ae0f[State = -1, empty queue]] WARN  server.GrpcLogAppender (GrpcLogAppender.java:timeoutAppendRequest(209)) - fad63ceb-ed14-4322-905d-6ef3599ac734@group-0045C62F497D->5732e052-e19f-40fe-a104-972211db20fb-GrpcLogAppender: appendEntries Timeout, request=fad63ceb-ed14-4322-905d-6ef3599ac734->5732e052-e19f-40fe-a104-972211db20fb#54-t1, previous=(t:1, i:0), leaderCommit=0, initializing? false, entries: <empty>
2019-10-22 00:13:21,870 [java.util.concurrent.ThreadPoolExecutor$Worker@48cd139a[State = -1, empty queue]] WARN  server.GrpcLogAppender (GrpcLogAppender.java:timeoutAppendRequest(209)) - fad63ceb-ed14-4322-905d-6ef3599ac734@group-0045C62F497D->1913eeb9-7f58-4aef-bfea-8e00a2a3aadf-GrpcLogAppender: appendEntries Timeout, request=fad63ceb-ed14-4322-905d-6ef3599ac734->1913eeb9-7f58-4aef-bfea-8e00a2a3aadf#54-t1, previous=(t:1, i:0), leaderCommit=0, initializing? false, entries: <empty>
2019-10-22 00:13:21,927 [Thread-2021] INFO  impl.FollowerState (FollowerState.java:run(108)) - 2fdb3e93-e0d8-400e-8c33-91e2341b50c6@group-F01152B53F91-FollowerState: change to CANDIDATE, lastRpcTime:139ms, electionTimeout:139ms
2019-10-22 00:13:21,927 [Thread-2021] INFO  impl.RoleInfo (RoleInfo.java:shutdownFollowerState(121)) - 2fdb3e93-e0d8-400e-8c33-91e2341b50c6: shutdown FollowerState
2019-10-22 00:13:21,927 [Thread-2021] INFO  impl.RaftServerImpl (RaftServerImpl.java:setRole(184)) - 2fdb3e93-e0d8-400e-8c33-91e2341b50c6@group-F01152B53F91: changes role from  FOLLOWER to CANDIDATE at term 244 for changeToCandidate
2019-10-22 00:13:21,927 [Thread-2021] INFO  impl.RoleInfo (RoleInfo.java:updateAndGet(143)) - 2fdb3e93-e0d8-400e-8c33-91e2341b50c6: start LeaderElection
2019-10-22 00:13:21,939 [2fdb3e93-e0d8-400e-8c33-91e2341b50c6@group-F01152B53F91-LeaderElection246] INFO  impl.LeaderElection (LeaderElection.java:askForVotes(178)) - 2fdb3e93-e0d8-400e-8c33-91e2341b50c6@group-F01152B53F91-LeaderElection246: begin an election at term 245 for -1: [2fdb3e93-e0d8-400e-8c33-91e2341b50c6:192.168.157.254:43254, 062c71de-08d9-40ee-9309-15590e2e8e68:192.168.157.254:45598, 2a52019e-5647-44e1-bf30-9a43fd8a7377:192.168.157.254:36038], old=null
2019-10-22 00:13:21,940 [2fdb3e93-e0d8-400e-8c33-91e2341b50c6@group-F01152B53F91-LeaderElection246] INFO  impl.LeaderElection (LogUtils.java:infoOrTrace(149)) - 2fdb3e93-e0d8-400e-8c33-91e2341b50c6@group-F01152B53F91-LeaderElection246 got exception when requesting votes: {}
java.util.concurrent.ExecutionException: org.apache.ratis.thirdparty.io.grpc.StatusRuntimeException: UNAVAILABLE: io exception
	at java.util.concurrent.FutureTask.report(FutureTask.java:122)
	at java.util.concurrent.FutureTask.get(FutureTask.java:192)
	at org.apache.ratis.server.impl.LeaderElection.waitForResults(LeaderElection.java:259)
	at org.apache.ratis.server.impl.LeaderElection.askForVotes(LeaderElection.java:197)
	at org.apache.ratis.server.impl.LeaderElection.run(LeaderElection.java:133)
	at java.lang.Thread.run(Thread.java:748)
Caused by: org.apache.ratis.thirdparty.io.grpc.StatusRuntimeException: UNAVAILABLE: io exception
	at org.apache.ratis.thirdparty.io.grpc.stub.ClientCalls.toStatusRuntimeException(ClientCalls.java:233)
	at org.apache.ratis.thirdparty.io.grpc.stub.ClientCalls.getUnchecked(ClientCalls.java:214)
	at org.apache.ratis.thirdparty.io.grpc.stub.ClientCalls.blockingUnaryCall(ClientCalls.java:139)
	at org.apache.ratis.proto.grpc.RaftServerProtocolServiceGrpc$RaftServerProtocolServiceBlockingStub.requestVote(RaftServerProtocolServiceGrpc.java:265)
	at org.apache.ratis.grpc.server.GrpcServerProtocolClient.requestVote(GrpcServerProtocolClient.java:99)
	at org.apache.ratis.grpc.server.GrpcService.requestVote(GrpcService.java:204)
	at org.apache.ratis.server.impl.LeaderElection.lambda$submitRequests$1(LeaderElection.java:234)
	at java.util.concurrent.FutureTask.run(FutureTask.java:266)
	at java.util.concurrent.Executors$RunnableAdapter.call(Executors.java:511)
	at java.util.concurrent.FutureTask.run(FutureTask.java:266)
	at java.util.concurrent.ThreadPoolExecutor.runWorker(ThreadPoolExecutor.java:1149)
	at java.util.concurrent.ThreadPoolExecutor$Worker.run(ThreadPoolExecutor.java:624)
	... 1 more
Caused by: org.apache.ratis.thirdparty.io.netty.channel.AbstractChannel$AnnotatedConnectException: Connection refused: /192.168.157.254:36038
	at sun.nio.ch.SocketChannelImpl.checkConnect(Native Method)
	at sun.nio.ch.SocketChannelImpl.finishConnect(SocketChannelImpl.java:717)
	at org.apache.ratis.thirdparty.io.netty.channel.socket.nio.NioSocketChannel.doFinishConnect(NioSocketChannel.java:327)
	at org.apache.ratis.thirdparty.io.netty.channel.nio.AbstractNioChannel$AbstractNioUnsafe.finishConnect(AbstractNioChannel.java:340)
	at org.apache.ratis.thirdparty.io.netty.channel.nio.NioEventLoop.processSelectedKey(NioEventLoop.java:632)
	at org.apache.ratis.thirdparty.io.netty.channel.nio.NioEventLoop.processSelectedKeysOptimized(NioEventLoop.java:579)
	at org.apache.ratis.thirdparty.io.netty.channel.nio.NioEventLoop.processSelectedKeys(NioEventLoop.java:496)
	at org.apache.ratis.thirdparty.io.netty.channel.nio.NioEventLoop.run(NioEventLoop.java:458)
	at org.apache.ratis.thirdparty.io.netty.util.concurrent.SingleThreadEventExecutor$5.run(SingleThreadEventExecutor.java:897)
	at org.apache.ratis.thirdparty.io.netty.util.concurrent.FastThreadLocalRunnable.run(FastThreadLocalRunnable.java:30)
	... 1 more
Caused by: java.net.ConnectException: Connection refused
	... 11 more
2019-10-22 00:13:21,941 [2fdb3e93-e0d8-400e-8c33-91e2341b50c6@group-F01152B53F91-LeaderElection246] INFO  impl.LeaderElection (LogUtils.java:infoOrTrace(149)) - 2fdb3e93-e0d8-400e-8c33-91e2341b50c6@group-F01152B53F91-LeaderElection246 got exception when requesting votes: {}
java.util.concurrent.ExecutionException: org.apache.ratis.thirdparty.io.grpc.StatusRuntimeException: UNAVAILABLE: io exception
	at java.util.concurrent.FutureTask.report(FutureTask.java:122)
	at java.util.concurrent.FutureTask.get(FutureTask.java:192)
	at org.apache.ratis.server.impl.LeaderElection.waitForResults(LeaderElection.java:259)
	at org.apache.ratis.server.impl.LeaderElection.askForVotes(LeaderElection.java:197)
	at org.apache.ratis.server.impl.LeaderElection.run(LeaderElection.java:133)
	at java.lang.Thread.run(Thread.java:748)
Caused by: org.apache.ratis.thirdparty.io.grpc.StatusRuntimeException: UNAVAILABLE: io exception
	at org.apache.ratis.thirdparty.io.grpc.stub.ClientCalls.toStatusRuntimeException(ClientCalls.java:233)
	at org.apache.ratis.thirdparty.io.grpc.stub.ClientCalls.getUnchecked(ClientCalls.java:214)
	at org.apache.ratis.thirdparty.io.grpc.stub.ClientCalls.blockingUnaryCall(ClientCalls.java:139)
	at org.apache.ratis.proto.grpc.RaftServerProtocolServiceGrpc$RaftServerProtocolServiceBlockingStub.requestVote(RaftServerProtocolServiceGrpc.java:265)
	at org.apache.ratis.grpc.server.GrpcServerProtocolClient.requestVote(GrpcServerProtocolClient.java:99)
	at org.apache.ratis.grpc.server.GrpcService.requestVote(GrpcService.java:204)
	at org.apache.ratis.server.impl.LeaderElection.lambda$submitRequests$1(LeaderElection.java:234)
	at java.util.concurrent.FutureTask.run(FutureTask.java:266)
	at java.util.concurrent.Executors$RunnableAdapter.call(Executors.java:511)
	at java.util.concurrent.FutureTask.run(FutureTask.java:266)
	at java.util.concurrent.ThreadPoolExecutor.runWorker(ThreadPoolExecutor.java:1149)
	at java.util.concurrent.ThreadPoolExecutor$Worker.run(ThreadPoolExecutor.java:624)
	... 1 more
Caused by: org.apache.ratis.thirdparty.io.netty.channel.AbstractChannel$AnnotatedConnectException: Connection refused: /192.168.157.254:45598
	at sun.nio.ch.SocketChannelImpl.checkConnect(Native Method)
	at sun.nio.ch.SocketChannelImpl.finishConnect(SocketChannelImpl.java:717)
	at org.apache.ratis.thirdparty.io.netty.channel.socket.nio.NioSocketChannel.doFinishConnect(NioSocketChannel.java:327)
	at org.apache.ratis.thirdparty.io.netty.channel.nio.AbstractNioChannel$AbstractNioUnsafe.finishConnect(AbstractNioChannel.java:340)
	at org.apache.ratis.thirdparty.io.netty.channel.nio.NioEventLoop.processSelectedKey(NioEventLoop.java:632)
	at org.apache.ratis.thirdparty.io.netty.channel.nio.NioEventLoop.processSelectedKeysOptimized(NioEventLoop.java:579)
	at org.apache.ratis.thirdparty.io.netty.channel.nio.NioEventLoop.processSelectedKeys(NioEventLoop.java:496)
	at org.apache.ratis.thirdparty.io.netty.channel.nio.NioEventLoop.run(NioEventLoop.java:458)
	at org.apache.ratis.thirdparty.io.netty.util.concurrent.SingleThreadEventExecutor$5.run(SingleThreadEventExecutor.java:897)
	at org.apache.ratis.thirdparty.io.netty.util.concurrent.FastThreadLocalRunnable.run(FastThreadLocalRunnable.java:30)
	... 1 more
Caused by: java.net.ConnectException: Connection refused
	... 11 more
2019-10-22 00:13:21,941 [2fdb3e93-e0d8-400e-8c33-91e2341b50c6@group-F01152B53F91-LeaderElection246] INFO  impl.LeaderElection (LeaderElection.java:logAndReturn(56)) - 2fdb3e93-e0d8-400e-8c33-91e2341b50c6@group-F01152B53F91-LeaderElection246: Election REJECTED; received 0 response(s) [] and 2 exception(s); 2fdb3e93-e0d8-400e-8c33-91e2341b50c6@group-F01152B53F91:t245, leader=null, voted=2fdb3e93-e0d8-400e-8c33-91e2341b50c6, raftlog=2fdb3e93-e0d8-400e-8c33-91e2341b50c6@group-F01152B53F91-SegmentedRaftLog:OPENED:c-1,f-1,i0, conf=-1: [2fdb3e93-e0d8-400e-8c33-91e2341b50c6:192.168.157.254:43254, 062c71de-08d9-40ee-9309-15590e2e8e68:192.168.157.254:45598, 2a52019e-5647-44e1-bf30-9a43fd8a7377:192.168.157.254:36038], old=null
2019-10-22 00:13:21,941 [2fdb3e93-e0d8-400e-8c33-91e2341b50c6@group-F01152B53F91-LeaderElection246] INFO  impl.LeaderElection (LogUtils.java:infoOrTrace(149)) -   Exception 0: {}
java.util.concurrent.ExecutionException: org.apache.ratis.thirdparty.io.grpc.StatusRuntimeException: UNAVAILABLE: io exception
	at java.util.concurrent.FutureTask.report(FutureTask.java:122)
	at java.util.concurrent.FutureTask.get(FutureTask.java:192)
	at org.apache.ratis.server.impl.LeaderElection.waitForResults(LeaderElection.java:259)
	at org.apache.ratis.server.impl.LeaderElection.askForVotes(LeaderElection.java:197)
	at org.apache.ratis.server.impl.LeaderElection.run(LeaderElection.java:133)
	at java.lang.Thread.run(Thread.java:748)
Caused by: org.apache.ratis.thirdparty.io.grpc.StatusRuntimeException: UNAVAILABLE: io exception
	at org.apache.ratis.thirdparty.io.grpc.stub.ClientCalls.toStatusRuntimeException(ClientCalls.java:233)
	at org.apache.ratis.thirdparty.io.grpc.stub.ClientCalls.getUnchecked(ClientCalls.java:214)
	at org.apache.ratis.thirdparty.io.grpc.stub.ClientCalls.blockingUnaryCall(ClientCalls.java:139)
	at org.apache.ratis.proto.grpc.RaftServerProtocolServiceGrpc$RaftServerProtocolServiceBlockingStub.requestVote(RaftServerProtocolServiceGrpc.java:265)
	at org.apache.ratis.grpc.server.GrpcServerProtocolClient.requestVote(GrpcServerProtocolClient.java:99)
	at org.apache.ratis.grpc.server.GrpcService.requestVote(GrpcService.java:204)
	at org.apache.ratis.server.impl.LeaderElection.lambda$submitRequests$1(LeaderElection.java:234)
	at java.util.concurrent.FutureTask.run(FutureTask.java:266)
	at java.util.concurrent.Executors$RunnableAdapter.call(Executors.java:511)
	at java.util.concurrent.FutureTask.run(FutureTask.java:266)
	at java.util.concurrent.ThreadPoolExecutor.runWorker(ThreadPoolExecutor.java:1149)
	at java.util.concurrent.ThreadPoolExecutor$Worker.run(ThreadPoolExecutor.java:624)
	... 1 more
Caused by: org.apache.ratis.thirdparty.io.netty.channel.AbstractChannel$AnnotatedConnectException: Connection refused: /192.168.157.254:36038
	at sun.nio.ch.SocketChannelImpl.checkConnect(Native Method)
	at sun.nio.ch.SocketChannelImpl.finishConnect(SocketChannelImpl.java:717)
	at org.apache.ratis.thirdparty.io.netty.channel.socket.nio.NioSocketChannel.doFinishConnect(NioSocketChannel.java:327)
	at org.apache.ratis.thirdparty.io.netty.channel.nio.AbstractNioChannel$AbstractNioUnsafe.finishConnect(AbstractNioChannel.java:340)
	at org.apache.ratis.thirdparty.io.netty.channel.nio.NioEventLoop.processSelectedKey(NioEventLoop.java:632)
	at org.apache.ratis.thirdparty.io.netty.channel.nio.NioEventLoop.processSelectedKeysOptimized(NioEventLoop.java:579)
	at org.apache.ratis.thirdparty.io.netty.channel.nio.NioEventLoop.processSelectedKeys(NioEventLoop.java:496)
	at org.apache.ratis.thirdparty.io.netty.channel.nio.NioEventLoop.run(NioEventLoop.java:458)
	at org.apache.ratis.thirdparty.io.netty.util.concurrent.SingleThreadEventExecutor$5.run(SingleThreadEventExecutor.java:897)
	at org.apache.ratis.thirdparty.io.netty.util.concurrent.FastThreadLocalRunnable.run(FastThreadLocalRunnable.java:30)
	... 1 more
Caused by: java.net.ConnectException: Connection refused
	... 11 more
2019-10-22 00:13:21,942 [2fdb3e93-e0d8-400e-8c33-91e2341b50c6@group-F01152B53F91-LeaderElection246] INFO  impl.LeaderElection (LogUtils.java:infoOrTrace(149)) -   Exception 1: {}
java.util.concurrent.ExecutionException: org.apache.ratis.thirdparty.io.grpc.StatusRuntimeException: UNAVAILABLE: io exception
	at java.util.concurrent.FutureTask.report(FutureTask.java:122)
	at java.util.concurrent.FutureTask.get(FutureTask.java:192)
	at org.apache.ratis.server.impl.LeaderElection.waitForResults(LeaderElection.java:259)
	at org.apache.ratis.server.impl.LeaderElection.askForVotes(LeaderElection.java:197)
	at org.apache.ratis.server.impl.LeaderElection.run(LeaderElection.java:133)
	at java.lang.Thread.run(Thread.java:748)
Caused by: org.apache.ratis.thirdparty.io.grpc.StatusRuntimeException: UNAVAILABLE: io exception
	at org.apache.ratis.thirdparty.io.grpc.stub.ClientCalls.toStatusRuntimeException(ClientCalls.java:233)
	at org.apache.ratis.thirdparty.io.grpc.stub.ClientCalls.getUnchecked(ClientCalls.java:214)
	at org.apache.ratis.thirdparty.io.grpc.stub.ClientCalls.blockingUnaryCall(ClientCalls.java:139)
	at org.apache.ratis.proto.grpc.RaftServerProtocolServiceGrpc$RaftServerProtocolServiceBlockingStub.requestVote(RaftServerProtocolServiceGrpc.java:265)
	at org.apache.ratis.grpc.server.GrpcServerProtocolClient.requestVote(GrpcServerProtocolClient.java:99)
	at org.apache.ratis.grpc.server.GrpcService.requestVote(GrpcService.java:204)
	at org.apache.ratis.server.impl.LeaderElection.lambda$submitRequests$1(LeaderElection.java:234)
	at java.util.concurrent.FutureTask.run(FutureTask.java:266)
	at java.util.concurrent.Executors$RunnableAdapter.call(Executors.java:511)
	at java.util.concurrent.FutureTask.run(FutureTask.java:266)
	at java.util.concurrent.ThreadPoolExecutor.runWorker(ThreadPoolExecutor.java:1149)
	at java.util.concurrent.ThreadPoolExecutor$Worker.run(ThreadPoolExecutor.java:624)
	... 1 more
Caused by: org.apache.ratis.thirdparty.io.netty.channel.AbstractChannel$AnnotatedConnectException: Connection refused: /192.168.157.254:45598
	at sun.nio.ch.SocketChannelImpl.checkConnect(Native Method)
	at sun.nio.ch.SocketChannelImpl.finishConnect(SocketChannelImpl.java:717)
	at org.apache.ratis.thirdparty.io.netty.channel.socket.nio.NioSocketChannel.doFinishConnect(NioSocketChannel.java:327)
	at org.apache.ratis.thirdparty.io.netty.channel.nio.AbstractNioChannel$AbstractNioUnsafe.finishConnect(AbstractNioChannel.java:340)
	at org.apache.ratis.thirdparty.io.netty.channel.nio.NioEventLoop.processSelectedKey(NioEventLoop.java:632)
	at org.apache.ratis.thirdparty.io.netty.channel.nio.NioEventLoop.processSelectedKeysOptimized(NioEventLoop.java:579)
	at org.apache.ratis.thirdparty.io.netty.channel.nio.NioEventLoop.processSelectedKeys(NioEventLoop.java:496)
	at org.apache.ratis.thirdparty.io.netty.channel.nio.NioEventLoop.run(NioEventLoop.java:458)
	at org.apache.ratis.thirdparty.io.netty.util.concurrent.SingleThreadEventExecutor$5.run(SingleThreadEventExecutor.java:897)
	at org.apache.ratis.thirdparty.io.netty.util.concurrent.FastThreadLocalRunnable.run(FastThreadLocalRunnable.java:30)
	... 1 more
Caused by: java.net.ConnectException: Connection refused
	... 11 more
2019-10-22 00:13:21,942 [2fdb3e93-e0d8-400e-8c33-91e2341b50c6@group-F01152B53F91-LeaderElection246] INFO  impl.RaftServerImpl (RaftServerImpl.java:setRole(184)) - 2fdb3e93-e0d8-400e-8c33-91e2341b50c6@group-F01152B53F91: changes role from CANDIDATE to FOLLOWER at term 245 for DISCOVERED_A_NEW_TERM
2019-10-22 00:13:21,942 [2fdb3e93-e0d8-400e-8c33-91e2341b50c6@group-F01152B53F91-LeaderElection246] INFO  impl.RoleInfo (RoleInfo.java:shutdownLeaderElection(134)) - 2fdb3e93-e0d8-400e-8c33-91e2341b50c6: shutdown LeaderElection
2019-10-22 00:13:21,942 [2fdb3e93-e0d8-400e-8c33-91e2341b50c6@group-F01152B53F91-LeaderElection246] INFO  impl.RoleInfo (RoleInfo.java:updateAndGet(143)) - 2fdb3e93-e0d8-400e-8c33-91e2341b50c6: start FollowerState
2019-10-22 00:13:22,110 [Thread-2025] INFO  impl.FollowerState (FollowerState.java:run(108)) - 2fdb3e93-e0d8-400e-8c33-91e2341b50c6@group-F01152B53F91-FollowerState: change to CANDIDATE, lastRpcTime:168ms, electionTimeout:168ms
2019-10-22 00:13:22,111 [Thread-2025] INFO  impl.RoleInfo (RoleInfo.java:shutdownFollowerState(121)) - 2fdb3e93-e0d8-400e-8c33-91e2341b50c6: shutdown FollowerState
2019-10-22 00:13:22,111 [Thread-2025] INFO  impl.RaftServerImpl (RaftServerImpl.java:setRole(184)) - 2fdb3e93-e0d8-400e-8c33-91e2341b50c6@group-F01152B53F91: changes role from  FOLLOWER to CANDIDATE at term 245 for changeToCandidate
2019-10-22 00:13:22,111 [Thread-2025] INFO  impl.RoleInfo (RoleInfo.java:updateAndGet(143)) - 2fdb3e93-e0d8-400e-8c33-91e2341b50c6: start LeaderElection
2019-10-22 00:13:22,117 [2fdb3e93-e0d8-400e-8c33-91e2341b50c6@group-F01152B53F91-LeaderElection247] INFO  impl.LeaderElection (LeaderElection.java:askForVotes(178)) - 2fdb3e93-e0d8-400e-8c33-91e2341b50c6@group-F01152B53F91-LeaderElection247: begin an election at term 246 for -1: [2fdb3e93-e0d8-400e-8c33-91e2341b50c6:192.168.157.254:43254, 062c71de-08d9-40ee-9309-15590e2e8e68:192.168.157.254:45598, 2a52019e-5647-44e1-bf30-9a43fd8a7377:192.168.157.254:36038], old=null
2019-10-22 00:13:22,118 [2fdb3e93-e0d8-400e-8c33-91e2341b50c6@group-F01152B53F91-LeaderElection247] INFO  impl.LeaderElection (LogUtils.java:infoOrTrace(149)) - 2fdb3e93-e0d8-400e-8c33-91e2341b50c6@group-F01152B53F91-LeaderElection247 got exception when requesting votes: {}
java.util.concurrent.ExecutionException: org.apache.ratis.thirdparty.io.grpc.StatusRuntimeException: UNAVAILABLE: io exception
	at java.util.concurrent.FutureTask.report(FutureTask.java:122)
	at java.util.concurrent.FutureTask.get(FutureTask.java:192)
	at org.apache.ratis.server.impl.LeaderElection.waitForResults(LeaderElection.java:259)
	at org.apache.ratis.server.impl.LeaderElection.askForVotes(LeaderElection.java:197)
	at org.apache.ratis.server.impl.LeaderElection.run(LeaderElection.java:133)
	at java.lang.Thread.run(Thread.java:748)
Caused by: org.apache.ratis.thirdparty.io.grpc.StatusRuntimeException: UNAVAILABLE: io exception
	at org.apache.ratis.thirdparty.io.grpc.stub.ClientCalls.toStatusRuntimeException(ClientCalls.java:233)
	at org.apache.ratis.thirdparty.io.grpc.stub.ClientCalls.getUnchecked(ClientCalls.java:214)
	at org.apache.ratis.thirdparty.io.grpc.stub.ClientCalls.blockingUnaryCall(ClientCalls.java:139)
	at org.apache.ratis.proto.grpc.RaftServerProtocolServiceGrpc$RaftServerProtocolServiceBlockingStub.requestVote(RaftServerProtocolServiceGrpc.java:265)
	at org.apache.ratis.grpc.server.GrpcServerProtocolClient.requestVote(GrpcServerProtocolClient.java:99)
	at org.apache.ratis.grpc.server.GrpcService.requestVote(GrpcService.java:204)
	at org.apache.ratis.server.impl.LeaderElection.lambda$submitRequests$1(LeaderElection.java:234)
	at java.util.concurrent.FutureTask.run(FutureTask.java:266)
	at java.util.concurrent.Executors$RunnableAdapter.call(Executors.java:511)
	at java.util.concurrent.FutureTask.run(FutureTask.java:266)
	at java.util.concurrent.ThreadPoolExecutor.runWorker(ThreadPoolExecutor.java:1149)
	at java.util.concurrent.ThreadPoolExecutor$Worker.run(ThreadPoolExecutor.java:624)
	... 1 more
Caused by: org.apache.ratis.thirdparty.io.netty.channel.AbstractChannel$AnnotatedConnectException: Connection refused: /192.168.157.254:45598
	at sun.nio.ch.SocketChannelImpl.checkConnect(Native Method)
	at sun.nio.ch.SocketChannelImpl.finishConnect(SocketChannelImpl.java:717)
	at org.apache.ratis.thirdparty.io.netty.channel.socket.nio.NioSocketChannel.doFinishConnect(NioSocketChannel.java:327)
	at org.apache.ratis.thirdparty.io.netty.channel.nio.AbstractNioChannel$AbstractNioUnsafe.finishConnect(AbstractNioChannel.java:340)
	at org.apache.ratis.thirdparty.io.netty.channel.nio.NioEventLoop.processSelectedKey(NioEventLoop.java:632)
	at org.apache.ratis.thirdparty.io.netty.channel.nio.NioEventLoop.processSelectedKeysOptimized(NioEventLoop.java:579)
	at org.apache.ratis.thirdparty.io.netty.channel.nio.NioEventLoop.processSelectedKeys(NioEventLoop.java:496)
	at org.apache.ratis.thirdparty.io.netty.channel.nio.NioEventLoop.run(NioEventLoop.java:458)
	at org.apache.ratis.thirdparty.io.netty.util.concurrent.SingleThreadEventExecutor$5.run(SingleThreadEventExecutor.java:897)
	at org.apache.ratis.thirdparty.io.netty.util.concurrent.FastThreadLocalRunnable.run(FastThreadLocalRunnable.java:30)
	... 1 more
Caused by: java.net.ConnectException: Connection refused
	... 11 more
2019-10-22 00:13:22,119 [2fdb3e93-e0d8-400e-8c33-91e2341b50c6@group-F01152B53F91-LeaderElection247] INFO  impl.LeaderElection (LogUtils.java:infoOrTrace(149)) - 2fdb3e93-e0d8-400e-8c33-91e2341b50c6@group-F01152B53F91-LeaderElection247 got exception when requesting votes: {}
java.util.concurrent.ExecutionException: org.apache.ratis.thirdparty.io.grpc.StatusRuntimeException: UNAVAILABLE: io exception
	at java.util.concurrent.FutureTask.report(FutureTask.java:122)
	at java.util.concurrent.FutureTask.get(FutureTask.java:192)
	at org.apache.ratis.server.impl.LeaderElection.waitForResults(LeaderElection.java:259)
	at org.apache.ratis.server.impl.LeaderElection.askForVotes(LeaderElection.java:197)
	at org.apache.ratis.server.impl.LeaderElection.run(LeaderElection.java:133)
	at java.lang.Thread.run(Thread.java:748)
Caused by: org.apache.ratis.thirdparty.io.grpc.StatusRuntimeException: UNAVAILABLE: io exception
	at org.apache.ratis.thirdparty.io.grpc.stub.ClientCalls.toStatusRuntimeException(ClientCalls.java:233)
	at org.apache.ratis.thirdparty.io.grpc.stub.ClientCalls.getUnchecked(ClientCalls.java:214)
	at org.apache.ratis.thirdparty.io.grpc.stub.ClientCalls.blockingUnaryCall(ClientCalls.java:139)
	at org.apache.ratis.proto.grpc.RaftServerProtocolServiceGrpc$RaftServerProtocolServiceBlockingStub.requestVote(RaftServerProtocolServiceGrpc.java:265)
	at org.apache.ratis.grpc.server.GrpcServerProtocolClient.requestVote(GrpcServerProtocolClient.java:99)
	at org.apache.ratis.grpc.server.GrpcService.requestVote(GrpcService.java:204)
	at org.apache.ratis.server.impl.LeaderElection.lambda$submitRequests$1(LeaderElection.java:234)
	at java.util.concurrent.FutureTask.run(FutureTask.java:266)
	at java.util.concurrent.Executors$RunnableAdapter.call(Executors.java:511)
	at java.util.concurrent.FutureTask.run(FutureTask.java:266)
	at java.util.concurrent.ThreadPoolExecutor.runWorker(ThreadPoolExecutor.java:1149)
	at java.util.concurrent.ThreadPoolExecutor$Worker.run(ThreadPoolExecutor.java:624)
	... 1 more
Caused by: org.apache.ratis.thirdparty.io.netty.channel.AbstractChannel$AnnotatedConnectException: Connection refused: /192.168.157.254:36038
	at sun.nio.ch.SocketChannelImpl.checkConnect(Native Method)
	at sun.nio.ch.SocketChannelImpl.finishConnect(SocketChannelImpl.java:717)
	at org.apache.ratis.thirdparty.io.netty.channel.socket.nio.NioSocketChannel.doFinishConnect(NioSocketChannel.java:327)
	at org.apache.ratis.thirdparty.io.netty.channel.nio.AbstractNioChannel$AbstractNioUnsafe.finishConnect(AbstractNioChannel.java:340)
	at org.apache.ratis.thirdparty.io.netty.channel.nio.NioEventLoop.processSelectedKey(NioEventLoop.java:632)
	at org.apache.ratis.thirdparty.io.netty.channel.nio.NioEventLoop.processSelectedKeysOptimized(NioEventLoop.java:579)
	at org.apache.ratis.thirdparty.io.netty.channel.nio.NioEventLoop.processSelectedKeys(NioEventLoop.java:496)
	at org.apache.ratis.thirdparty.io.netty.channel.nio.NioEventLoop.run(NioEventLoop.java:458)
	at org.apache.ratis.thirdparty.io.netty.util.concurrent.SingleThreadEventExecutor$5.run(SingleThreadEventExecutor.java:897)
	at org.apache.ratis.thirdparty.io.netty.util.concurrent.FastThreadLocalRunnable.run(FastThreadLocalRunnable.java:30)
	... 1 more
Caused by: java.net.ConnectException: Connection refused
	... 11 more
2019-10-22 00:13:22,119 [2fdb3e93-e0d8-400e-8c33-91e2341b50c6@group-F01152B53F91-LeaderElection247] INFO  impl.LeaderElection (LeaderElection.java:logAndReturn(56)) - 2fdb3e93-e0d8-400e-8c33-91e2341b50c6@group-F01152B53F91-LeaderElection247: Election REJECTED; received 0 response(s) [] and 2 exception(s); 2fdb3e93-e0d8-400e-8c33-91e2341b50c6@group-F01152B53F91:t246, leader=null, voted=2fdb3e93-e0d8-400e-8c33-91e2341b50c6, raftlog=2fdb3e93-e0d8-400e-8c33-91e2341b50c6@group-F01152B53F91-SegmentedRaftLog:OPENED:c-1,f-1,i0, conf=-1: [2fdb3e93-e0d8-400e-8c33-91e2341b50c6:192.168.157.254:43254, 062c71de-08d9-40ee-9309-15590e2e8e68:192.168.157.254:45598, 2a52019e-5647-44e1-bf30-9a43fd8a7377:192.168.157.254:36038], old=null
2019-10-22 00:13:22,119 [2fdb3e93-e0d8-400e-8c33-91e2341b50c6@group-F01152B53F91-LeaderElection247] INFO  impl.LeaderElection (LogUtils.java:infoOrTrace(149)) -   Exception 0: {}
java.util.concurrent.ExecutionException: org.apache.ratis.thirdparty.io.grpc.StatusRuntimeException: UNAVAILABLE: io exception
	at java.util.concurrent.FutureTask.report(FutureTask.java:122)
	at java.util.concurrent.FutureTask.get(FutureTask.java:192)
	at org.apache.ratis.server.impl.LeaderElection.waitForResults(LeaderElection.java:259)
	at org.apache.ratis.server.impl.LeaderElection.askForVotes(LeaderElection.java:197)
	at org.apache.ratis.server.impl.LeaderElection.run(LeaderElection.java:133)
	at java.lang.Thread.run(Thread.java:748)
Caused by: org.apache.ratis.thirdparty.io.grpc.StatusRuntimeException: UNAVAILABLE: io exception
	at org.apache.ratis.thirdparty.io.grpc.stub.ClientCalls.toStatusRuntimeException(ClientCalls.java:233)
	at org.apache.ratis.thirdparty.io.grpc.stub.ClientCalls.getUnchecked(ClientCalls.java:214)
	at org.apache.ratis.thirdparty.io.grpc.stub.ClientCalls.blockingUnaryCall(ClientCalls.java:139)
	at org.apache.ratis.proto.grpc.RaftServerProtocolServiceGrpc$RaftServerProtocolServiceBlockingStub.requestVote(RaftServerProtocolServiceGrpc.java:265)
	at org.apache.ratis.grpc.server.GrpcServerProtocolClient.requestVote(GrpcServerProtocolClient.java:99)
	at org.apache.ratis.grpc.server.GrpcService.requestVote(GrpcService.java:204)
	at org.apache.ratis.server.impl.LeaderElection.lambda$submitRequests$1(LeaderElection.java:234)
	at java.util.concurrent.FutureTask.run(FutureTask.java:266)
	at java.util.concurrent.Executors$RunnableAdapter.call(Executors.java:511)
	at java.util.concurrent.FutureTask.run(FutureTask.java:266)
	at java.util.concurrent.ThreadPoolExecutor.runWorker(ThreadPoolExecutor.java:1149)
	at java.util.concurrent.ThreadPoolExecutor$Worker.run(ThreadPoolExecutor.java:624)
	... 1 more
Caused by: org.apache.ratis.thirdparty.io.netty.channel.AbstractChannel$AnnotatedConnectException: Connection refused: /192.168.157.254:45598
	at sun.nio.ch.SocketChannelImpl.checkConnect(Native Method)
	at sun.nio.ch.SocketChannelImpl.finishConnect(SocketChannelImpl.java:717)
	at org.apache.ratis.thirdparty.io.netty.channel.socket.nio.NioSocketChannel.doFinishConnect(NioSocketChannel.java:327)
	at org.apache.ratis.thirdparty.io.netty.channel.nio.AbstractNioChannel$AbstractNioUnsafe.finishConnect(AbstractNioChannel.java:340)
	at org.apache.ratis.thirdparty.io.netty.channel.nio.NioEventLoop.processSelectedKey(NioEventLoop.java:632)
	at org.apache.ratis.thirdparty.io.netty.channel.nio.NioEventLoop.processSelectedKeysOptimized(NioEventLoop.java:579)
	at org.apache.ratis.thirdparty.io.netty.channel.nio.NioEventLoop.processSelectedKeys(NioEventLoop.java:496)
	at org.apache.ratis.thirdparty.io.netty.channel.nio.NioEventLoop.run(NioEventLoop.java:458)
	at org.apache.ratis.thirdparty.io.netty.util.concurrent.SingleThreadEventExecutor$5.run(SingleThreadEventExecutor.java:897)
	at org.apache.ratis.thirdparty.io.netty.util.concurrent.FastThreadLocalRunnable.run(FastThreadLocalRunnable.java:30)
	... 1 more
Caused by: java.net.ConnectException: Connection refused
	... 11 more
2019-10-22 00:13:22,120 [2fdb3e93-e0d8-400e-8c33-91e2341b50c6@group-F01152B53F91-LeaderElection247] INFO  impl.LeaderElection (LogUtils.java:infoOrTrace(149)) -   Exception 1: {}
java.util.concurrent.ExecutionException: org.apache.ratis.thirdparty.io.grpc.StatusRuntimeException: UNAVAILABLE: io exception
	at java.util.concurrent.FutureTask.report(FutureTask.java:122)
	at java.util.concurrent.FutureTask.get(FutureTask.java:192)
	at org.apache.ratis.server.impl.LeaderElection.waitForResults(LeaderElection.java:259)
	at org.apache.ratis.server.impl.LeaderElection.askForVotes(LeaderElection.java:197)
	at org.apache.ratis.server.impl.LeaderElection.run(LeaderElection.java:133)
	at java.lang.Thread.run(Thread.java:748)
Caused by: org.apache.ratis.thirdparty.io.grpc.StatusRuntimeException: UNAVAILABLE: io exception
	at org.apache.ratis.thirdparty.io.grpc.stub.ClientCalls.toStatusRuntimeException(ClientCalls.java:233)
	at org.apache.ratis.thirdparty.io.grpc.stub.ClientCalls.getUnchecked(ClientCalls.java:214)
	at org.apache.ratis.thirdparty.io.grpc.stub.ClientCalls.blockingUnaryCall(ClientCalls.java:139)
	at org.apache.ratis.proto.grpc.RaftServerProtocolServiceGrpc$RaftServerProtocolServiceBlockingStub.requestVote(RaftServerProtocolServiceGrpc.java:265)
	at org.apache.ratis.grpc.server.GrpcServerProtocolClient.requestVote(GrpcServerProtocolClient.java:99)
	at org.apache.ratis.grpc.server.GrpcService.requestVote(GrpcService.java:204)
	at org.apache.ratis.server.impl.LeaderElection.lambda$submitRequests$1(LeaderElection.java:234)
	at java.util.concurrent.FutureTask.run(FutureTask.java:266)
	at java.util.concurrent.Executors$RunnableAdapter.call(Executors.java:511)
	at java.util.concurrent.FutureTask.run(FutureTask.java:266)
	at java.util.concurrent.ThreadPoolExecutor.runWorker(ThreadPoolExecutor.java:1149)
	at java.util.concurrent.ThreadPoolExecutor$Worker.run(ThreadPoolExecutor.java:624)
	... 1 more
Caused by: org.apache.ratis.thirdparty.io.netty.channel.AbstractChannel$AnnotatedConnectException: Connection refused: /192.168.157.254:36038
	at sun.nio.ch.SocketChannelImpl.checkConnect(Native Method)
	at sun.nio.ch.SocketChannelImpl.finishConnect(SocketChannelImpl.java:717)
	at org.apache.ratis.thirdparty.io.netty.channel.socket.nio.NioSocketChannel.doFinishConnect(NioSocketChannel.java:327)
	at org.apache.ratis.thirdparty.io.netty.channel.nio.AbstractNioChannel$AbstractNioUnsafe.finishConnect(AbstractNioChannel.java:340)
	at org.apache.ratis.thirdparty.io.netty.channel.nio.NioEventLoop.processSelectedKey(NioEventLoop.java:632)
	at org.apache.ratis.thirdparty.io.netty.channel.nio.NioEventLoop.processSelectedKeysOptimized(NioEventLoop.java:579)
	at org.apache.ratis.thirdparty.io.netty.channel.nio.NioEventLoop.processSelectedKeys(NioEventLoop.java:496)
	at org.apache.ratis.thirdparty.io.netty.channel.nio.NioEventLoop.run(NioEventLoop.java:458)
	at org.apache.ratis.thirdparty.io.netty.util.concurrent.SingleThreadEventExecutor$5.run(SingleThreadEventExecutor.java:897)
	at org.apache.ratis.thirdparty.io.netty.util.concurrent.FastThreadLocalRunnable.run(FastThreadLocalRunnable.java:30)
	... 1 more
Caused by: java.net.ConnectException: Connection refused
	... 11 more
2019-10-22 00:13:22,121 [2fdb3e93-e0d8-400e-8c33-91e2341b50c6@group-F01152B53F91-LeaderElection247] INFO  impl.RaftServerImpl (RaftServerImpl.java:setRole(184)) - 2fdb3e93-e0d8-400e-8c33-91e2341b50c6@group-F01152B53F91: changes role from CANDIDATE to FOLLOWER at term 246 for DISCOVERED_A_NEW_TERM
2019-10-22 00:13:22,121 [2fdb3e93-e0d8-400e-8c33-91e2341b50c6@group-F01152B53F91-LeaderElection247] INFO  impl.RoleInfo (RoleInfo.java:shutdownLeaderElection(134)) - 2fdb3e93-e0d8-400e-8c33-91e2341b50c6: shutdown LeaderElection
2019-10-22 00:13:22,121 [2fdb3e93-e0d8-400e-8c33-91e2341b50c6@group-F01152B53F91-LeaderElection247] INFO  impl.RoleInfo (RoleInfo.java:updateAndGet(143)) - 2fdb3e93-e0d8-400e-8c33-91e2341b50c6: start FollowerState
2019-10-22 00:13:22,251 [Thread-2030] INFO  impl.FollowerState (FollowerState.java:run(108)) - 2fdb3e93-e0d8-400e-8c33-91e2341b50c6@group-F01152B53F91-FollowerState: change to CANDIDATE, lastRpcTime:130ms, electionTimeout:130ms
2019-10-22 00:13:22,251 [Thread-2030] INFO  impl.RoleInfo (RoleInfo.java:shutdownFollowerState(121)) - 2fdb3e93-e0d8-400e-8c33-91e2341b50c6: shutdown FollowerState
2019-10-22 00:13:22,252 [Thread-2030] INFO  impl.RaftServerImpl (RaftServerImpl.java:setRole(184)) - 2fdb3e93-e0d8-400e-8c33-91e2341b50c6@group-F01152B53F91: changes role from  FOLLOWER to CANDIDATE at term 246 for changeToCandidate
2019-10-22 00:13:22,252 [Thread-2030] INFO  impl.RoleInfo (RoleInfo.java:updateAndGet(143)) - 2fdb3e93-e0d8-400e-8c33-91e2341b50c6: start LeaderElection
2019-10-22 00:13:22,264 [2fdb3e93-e0d8-400e-8c33-91e2341b50c6@group-F01152B53F91-LeaderElection248] INFO  impl.LeaderElection (LeaderElection.java:askForVotes(178)) - 2fdb3e93-e0d8-400e-8c33-91e2341b50c6@group-F01152B53F91-LeaderElection248: begin an election at term 247 for -1: [2fdb3e93-e0d8-400e-8c33-91e2341b50c6:192.168.157.254:43254, 062c71de-08d9-40ee-9309-15590e2e8e68:192.168.157.254:45598, 2a52019e-5647-44e1-bf30-9a43fd8a7377:192.168.157.254:36038], old=null
2019-10-22 00:13:22,265 [2fdb3e93-e0d8-400e-8c33-91e2341b50c6@group-F01152B53F91-LeaderElection248] INFO  impl.LeaderElection (LogUtils.java:infoOrTrace(149)) - 2fdb3e93-e0d8-400e-8c33-91e2341b50c6@group-F01152B53F91-LeaderElection248 got exception when requesting votes: {}
java.util.concurrent.ExecutionException: org.apache.ratis.thirdparty.io.grpc.StatusRuntimeException: UNAVAILABLE: io exception
	at java.util.concurrent.FutureTask.report(FutureTask.java:122)
	at java.util.concurrent.FutureTask.get(FutureTask.java:192)
	at org.apache.ratis.server.impl.LeaderElection.waitForResults(LeaderElection.java:259)
	at org.apache.ratis.server.impl.LeaderElection.askForVotes(LeaderElection.java:197)
	at org.apache.ratis.server.impl.LeaderElection.run(LeaderElection.java:133)
	at java.lang.Thread.run(Thread.java:748)
Caused by: org.apache.ratis.thirdparty.io.grpc.StatusRuntimeException: UNAVAILABLE: io exception
	at org.apache.ratis.thirdparty.io.grpc.stub.ClientCalls.toStatusRuntimeException(ClientCalls.java:233)
	at org.apache.ratis.thirdparty.io.grpc.stub.ClientCalls.getUnchecked(ClientCalls.java:214)
	at org.apache.ratis.thirdparty.io.grpc.stub.ClientCalls.blockingUnaryCall(ClientCalls.java:139)
	at org.apache.ratis.proto.grpc.RaftServerProtocolServiceGrpc$RaftServerProtocolServiceBlockingStub.requestVote(RaftServerProtocolServiceGrpc.java:265)
	at org.apache.ratis.grpc.server.GrpcServerProtocolClient.requestVote(GrpcServerProtocolClient.java:99)
	at org.apache.ratis.grpc.server.GrpcService.requestVote(GrpcService.java:204)
	at org.apache.ratis.server.impl.LeaderElection.lambda$submitRequests$1(LeaderElection.java:234)
	at java.util.concurrent.FutureTask.run(FutureTask.java:266)
	at java.util.concurrent.Executors$RunnableAdapter.call(Executors.java:511)
	at java.util.concurrent.FutureTask.run(FutureTask.java:266)
	at java.util.concurrent.ThreadPoolExecutor.runWorker(ThreadPoolExecutor.java:1149)
	at java.util.concurrent.ThreadPoolExecutor$Worker.run(ThreadPoolExecutor.java:624)
	... 1 more
Caused by: org.apache.ratis.thirdparty.io.netty.channel.AbstractChannel$AnnotatedConnectException: Connection refused: /192.168.157.254:45598
	at sun.nio.ch.SocketChannelImpl.checkConnect(Native Method)
	at sun.nio.ch.SocketChannelImpl.finishConnect(SocketChannelImpl.java:717)
	at org.apache.ratis.thirdparty.io.netty.channel.socket.nio.NioSocketChannel.doFinishConnect(NioSocketChannel.java:327)
	at org.apache.ratis.thirdparty.io.netty.channel.nio.AbstractNioChannel$AbstractNioUnsafe.finishConnect(AbstractNioChannel.java:340)
	at org.apache.ratis.thirdparty.io.netty.channel.nio.NioEventLoop.processSelectedKey(NioEventLoop.java:632)
	at org.apache.ratis.thirdparty.io.netty.channel.nio.NioEventLoop.processSelectedKeysOptimized(NioEventLoop.java:579)
	at org.apache.ratis.thirdparty.io.netty.channel.nio.NioEventLoop.processSelectedKeys(NioEventLoop.java:496)
	at org.apache.ratis.thirdparty.io.netty.channel.nio.NioEventLoop.run(NioEventLoop.java:458)
	at org.apache.ratis.thirdparty.io.netty.util.concurrent.SingleThreadEventExecutor$5.run(SingleThreadEventExecutor.java:897)
	at org.apache.ratis.thirdparty.io.netty.util.concurrent.FastThreadLocalRunnable.run(FastThreadLocalRunnable.java:30)
	... 1 more
Caused by: java.net.ConnectException: Connection refused
	... 11 more
2019-10-22 00:13:22,265 [2fdb3e93-e0d8-400e-8c33-91e2341b50c6@group-F01152B53F91-LeaderElection248] INFO  impl.LeaderElection (LogUtils.java:infoOrTrace(149)) - 2fdb3e93-e0d8-400e-8c33-91e2341b50c6@group-F01152B53F91-LeaderElection248 got exception when requesting votes: {}
java.util.concurrent.ExecutionException: org.apache.ratis.thirdparty.io.grpc.StatusRuntimeException: UNAVAILABLE: io exception
	at java.util.concurrent.FutureTask.report(FutureTask.java:122)
	at java.util.concurrent.FutureTask.get(FutureTask.java:192)
	at org.apache.ratis.server.impl.LeaderElection.waitForResults(LeaderElection.java:259)
	at org.apache.ratis.server.impl.LeaderElection.askForVotes(LeaderElection.java:197)
	at org.apache.ratis.server.impl.LeaderElection.run(LeaderElection.java:133)
	at java.lang.Thread.run(Thread.java:748)
Caused by: org.apache.ratis.thirdparty.io.grpc.StatusRuntimeException: UNAVAILABLE: io exception
	at org.apache.ratis.thirdparty.io.grpc.stub.ClientCalls.toStatusRuntimeException(ClientCalls.java:233)
	at org.apache.ratis.thirdparty.io.grpc.stub.ClientCalls.getUnchecked(ClientCalls.java:214)
	at org.apache.ratis.thirdparty.io.grpc.stub.ClientCalls.blockingUnaryCall(ClientCalls.java:139)
	at org.apache.ratis.proto.grpc.RaftServerProtocolServiceGrpc$RaftServerProtocolServiceBlockingStub.requestVote(RaftServerProtocolServiceGrpc.java:265)
	at org.apache.ratis.grpc.server.GrpcServerProtocolClient.requestVote(GrpcServerProtocolClient.java:99)
	at org.apache.ratis.grpc.server.GrpcService.requestVote(GrpcService.java:204)
	at org.apache.ratis.server.impl.LeaderElection.lambda$submitRequests$1(LeaderElection.java:234)
	at java.util.concurrent.FutureTask.run(FutureTask.java:266)
	at java.util.concurrent.Executors$RunnableAdapter.call(Executors.java:511)
	at java.util.concurrent.FutureTask.run(FutureTask.java:266)
	at java.util.concurrent.ThreadPoolExecutor.runWorker(ThreadPoolExecutor.java:1149)
	at java.util.concurrent.ThreadPoolExecutor$Worker.run(ThreadPoolExecutor.java:624)
	... 1 more
Caused by: org.apache.ratis.thirdparty.io.netty.channel.AbstractChannel$AnnotatedConnectException: Connection refused: /192.168.157.254:36038
	at sun.nio.ch.SocketChannelImpl.checkConnect(Native Method)
	at sun.nio.ch.SocketChannelImpl.finishConnect(SocketChannelImpl.java:717)
	at org.apache.ratis.thirdparty.io.netty.channel.socket.nio.NioSocketChannel.doFinishConnect(NioSocketChannel.java:327)
	at org.apache.ratis.thirdparty.io.netty.channel.nio.AbstractNioChannel$AbstractNioUnsafe.finishConnect(AbstractNioChannel.java:340)
	at org.apache.ratis.thirdparty.io.netty.channel.nio.NioEventLoop.processSelectedKey(NioEventLoop.java:632)
	at org.apache.ratis.thirdparty.io.netty.channel.nio.NioEventLoop.processSelectedKeysOptimized(NioEventLoop.java:579)
	at org.apache.ratis.thirdparty.io.netty.channel.nio.NioEventLoop.processSelectedKeys(NioEventLoop.java:496)
	at org.apache.ratis.thirdparty.io.netty.channel.nio.NioEventLoop.run(NioEventLoop.java:458)
	at org.apache.ratis.thirdparty.io.netty.util.concurrent.SingleThreadEventExecutor$5.run(SingleThreadEventExecutor.java:897)
	at org.apache.ratis.thirdparty.io.netty.util.concurrent.FastThreadLocalRunnable.run(FastThreadLocalRunnable.java:30)
	... 1 more
Caused by: java.net.ConnectException: Connection refused
	... 11 more
2019-10-22 00:13:22,266 [2fdb3e93-e0d8-400e-8c33-91e2341b50c6@group-F01152B53F91-LeaderElection248] INFO  impl.LeaderElection (LeaderElection.java:logAndReturn(56)) - 2fdb3e93-e0d8-400e-8c33-91e2341b50c6@group-F01152B53F91-LeaderElection248: Election REJECTED; received 0 response(s) [] and 2 exception(s); 2fdb3e93-e0d8-400e-8c33-91e2341b50c6@group-F01152B53F91:t247, leader=null, voted=2fdb3e93-e0d8-400e-8c33-91e2341b50c6, raftlog=2fdb3e93-e0d8-400e-8c33-91e2341b50c6@group-F01152B53F91-SegmentedRaftLog:OPENED:c-1,f-1,i0, conf=-1: [2fdb3e93-e0d8-400e-8c33-91e2341b50c6:192.168.157.254:43254, 062c71de-08d9-40ee-9309-15590e2e8e68:192.168.157.254:45598, 2a52019e-5647-44e1-bf30-9a43fd8a7377:192.168.157.254:36038], old=null
2019-10-22 00:13:22,266 [2fdb3e93-e0d8-400e-8c33-91e2341b50c6@group-F01152B53F91-LeaderElection248] INFO  impl.LeaderElection (LogUtils.java:infoOrTrace(149)) -   Exception 0: {}
java.util.concurrent.ExecutionException: org.apache.ratis.thirdparty.io.grpc.StatusRuntimeException: UNAVAILABLE: io exception
	at java.util.concurrent.FutureTask.report(FutureTask.java:122)
	at java.util.concurrent.FutureTask.get(FutureTask.java:192)
	at org.apache.ratis.server.impl.LeaderElection.waitForResults(LeaderElection.java:259)
	at org.apache.ratis.server.impl.LeaderElection.askForVotes(LeaderElection.java:197)
	at org.apache.ratis.server.impl.LeaderElection.run(LeaderElection.java:133)
	at java.lang.Thread.run(Thread.java:748)
Caused by: org.apache.ratis.thirdparty.io.grpc.StatusRuntimeException: UNAVAILABLE: io exception
	at org.apache.ratis.thirdparty.io.grpc.stub.ClientCalls.toStatusRuntimeException(ClientCalls.java:233)
	at org.apache.ratis.thirdparty.io.grpc.stub.ClientCalls.getUnchecked(ClientCalls.java:214)
	at org.apache.ratis.thirdparty.io.grpc.stub.ClientCalls.blockingUnaryCall(ClientCalls.java:139)
	at org.apache.ratis.proto.grpc.RaftServerProtocolServiceGrpc$RaftServerProtocolServiceBlockingStub.requestVote(RaftServerProtocolServiceGrpc.java:265)
	at org.apache.ratis.grpc.server.GrpcServerProtocolClient.requestVote(GrpcServerProtocolClient.java:99)
	at org.apache.ratis.grpc.server.GrpcService.requestVote(GrpcService.java:204)
	at org.apache.ratis.server.impl.LeaderElection.lambda$submitRequests$1(LeaderElection.java:234)
	at java.util.concurrent.FutureTask.run(FutureTask.java:266)
	at java.util.concurrent.Executors$RunnableAdapter.call(Executors.java:511)
	at java.util.concurrent.FutureTask.run(FutureTask.java:266)
	at java.util.concurrent.ThreadPoolExecutor.runWorker(ThreadPoolExecutor.java:1149)
	at java.util.concurrent.ThreadPoolExecutor$Worker.run(ThreadPoolExecutor.java:624)
	... 1 more
Caused by: org.apache.ratis.thirdparty.io.netty.channel.AbstractChannel$AnnotatedConnectException: Connection refused: /192.168.157.254:45598
	at sun.nio.ch.SocketChannelImpl.checkConnect(Native Method)
	at sun.nio.ch.SocketChannelImpl.finishConnect(SocketChannelImpl.java:717)
	at org.apache.ratis.thirdparty.io.netty.channel.socket.nio.NioSocketChannel.doFinishConnect(NioSocketChannel.java:327)
	at org.apache.ratis.thirdparty.io.netty.channel.nio.AbstractNioChannel$AbstractNioUnsafe.finishConnect(AbstractNioChannel.java:340)
	at org.apache.ratis.thirdparty.io.netty.channel.nio.NioEventLoop.processSelectedKey(NioEventLoop.java:632)
	at org.apache.ratis.thirdparty.io.netty.channel.nio.NioEventLoop.processSelectedKeysOptimized(NioEventLoop.java:579)
	at org.apache.ratis.thirdparty.io.netty.channel.nio.NioEventLoop.processSelectedKeys(NioEventLoop.java:496)
	at org.apache.ratis.thirdparty.io.netty.channel.nio.NioEventLoop.run(NioEventLoop.java:458)
	at org.apache.ratis.thirdparty.io.netty.util.concurrent.SingleThreadEventExecutor$5.run(SingleThreadEventExecutor.java:897)
	at org.apache.ratis.thirdparty.io.netty.util.concurrent.FastThreadLocalRunnable.run(FastThreadLocalRunnable.java:30)
	... 1 more
Caused by: java.net.ConnectException: Connection refused
	... 11 more
2019-10-22 00:13:22,267 [2fdb3e93-e0d8-400e-8c33-91e2341b50c6@group-F01152B53F91-LeaderElection248] INFO  impl.LeaderElection (LogUtils.java:infoOrTrace(149)) -   Exception 1: {}
java.util.concurrent.ExecutionException: org.apache.ratis.thirdparty.io.grpc.StatusRuntimeException: UNAVAILABLE: io exception
	at java.util.concurrent.FutureTask.report(FutureTask.java:122)
	at java.util.concurrent.FutureTask.get(FutureTask.java:192)
	at org.apache.ratis.server.impl.LeaderElection.waitForResults(LeaderElection.java:259)
	at org.apache.ratis.server.impl.LeaderElection.askForVotes(LeaderElection.java:197)
	at org.apache.ratis.server.impl.LeaderElection.run(LeaderElection.java:133)
	at java.lang.Thread.run(Thread.java:748)
Caused by: org.apache.ratis.thirdparty.io.grpc.StatusRuntimeException: UNAVAILABLE: io exception
	at org.apache.ratis.thirdparty.io.grpc.stub.ClientCalls.toStatusRuntimeException(ClientCalls.java:233)
	at org.apache.ratis.thirdparty.io.grpc.stub.ClientCalls.getUnchecked(ClientCalls.java:214)
	at org.apache.ratis.thirdparty.io.grpc.stub.ClientCalls.blockingUnaryCall(ClientCalls.java:139)
	at org.apache.ratis.proto.grpc.RaftServerProtocolServiceGrpc$RaftServerProtocolServiceBlockingStub.requestVote(RaftServerProtocolServiceGrpc.java:265)
	at org.apache.ratis.grpc.server.GrpcServerProtocolClient.requestVote(GrpcServerProtocolClient.java:99)
	at org.apache.ratis.grpc.server.GrpcService.requestVote(GrpcService.java:204)
	at org.apache.ratis.server.impl.LeaderElection.lambda$submitRequests$1(LeaderElection.java:234)
	at java.util.concurrent.FutureTask.run(FutureTask.java:266)
	at java.util.concurrent.Executors$RunnableAdapter.call(Executors.java:511)
	at java.util.concurrent.FutureTask.run(FutureTask.java:266)
	at java.util.concurrent.ThreadPoolExecutor.runWorker(ThreadPoolExecutor.java:1149)
	at java.util.concurrent.ThreadPoolExecutor$Worker.run(ThreadPoolExecutor.java:624)
	... 1 more
Caused by: org.apache.ratis.thirdparty.io.netty.channel.AbstractChannel$AnnotatedConnectException: Connection refused: /192.168.157.254:36038
	at sun.nio.ch.SocketChannelImpl.checkConnect(Native Method)
	at sun.nio.ch.SocketChannelImpl.finishConnect(SocketChannelImpl.java:717)
	at org.apache.ratis.thirdparty.io.netty.channel.socket.nio.NioSocketChannel.doFinishConnect(NioSocketChannel.java:327)
	at org.apache.ratis.thirdparty.io.netty.channel.nio.AbstractNioChannel$AbstractNioUnsafe.finishConnect(AbstractNioChannel.java:340)
	at org.apache.ratis.thirdparty.io.netty.channel.nio.NioEventLoop.processSelectedKey(NioEventLoop.java:632)
	at org.apache.ratis.thirdparty.io.netty.channel.nio.NioEventLoop.processSelectedKeysOptimized(NioEventLoop.java:579)
	at org.apache.ratis.thirdparty.io.netty.channel.nio.NioEventLoop.processSelectedKeys(NioEventLoop.java:496)
	at org.apache.ratis.thirdparty.io.netty.channel.nio.NioEventLoop.run(NioEventLoop.java:458)
	at org.apache.ratis.thirdparty.io.netty.util.concurrent.SingleThreadEventExecutor$5.run(SingleThreadEventExecutor.java:897)
	at org.apache.ratis.thirdparty.io.netty.util.concurrent.FastThreadLocalRunnable.run(FastThreadLocalRunnable.java:30)
	... 1 more
Caused by: java.net.ConnectException: Connection refused
	... 11 more
2019-10-22 00:13:22,267 [2fdb3e93-e0d8-400e-8c33-91e2341b50c6@group-F01152B53F91-LeaderElection248] INFO  impl.RaftServerImpl (RaftServerImpl.java:setRole(184)) - 2fdb3e93-e0d8-400e-8c33-91e2341b50c6@group-F01152B53F91: changes role from CANDIDATE to FOLLOWER at term 247 for DISCOVERED_A_NEW_TERM
2019-10-22 00:13:22,268 [2fdb3e93-e0d8-400e-8c33-91e2341b50c6@group-F01152B53F91-LeaderElection248] INFO  impl.RoleInfo (RoleInfo.java:shutdownLeaderElection(134)) - 2fdb3e93-e0d8-400e-8c33-91e2341b50c6: shutdown LeaderElection
2019-10-22 00:13:22,268 [2fdb3e93-e0d8-400e-8c33-91e2341b50c6@group-F01152B53F91-LeaderElection248] INFO  impl.RoleInfo (RoleInfo.java:updateAndGet(143)) - 2fdb3e93-e0d8-400e-8c33-91e2341b50c6: start FollowerState
2019-10-22 00:13:22,301 [java.util.concurrent.ThreadPoolExecutor$Worker@c41ae0f[State = -1, empty queue]] WARN  server.GrpcLogAppender (GrpcLogAppender.java:timeoutAppendRequest(209)) - fad63ceb-ed14-4322-905d-6ef3599ac734@group-0045C62F497D->5732e052-e19f-40fe-a104-972211db20fb-GrpcLogAppender: appendEntries Timeout, request=fad63ceb-ed14-4322-905d-6ef3599ac734->5732e052-e19f-40fe-a104-972211db20fb#55-t1, previous=(t:1, i:0), leaderCommit=0, initializing? false, entries: <empty>
2019-10-22 00:13:22,370 [java.util.concurrent.ThreadPoolExecutor$Worker@48cd139a[State = -1, empty queue]] WARN  server.GrpcLogAppender (GrpcLogAppender.java:timeoutAppendRequest(209)) - fad63ceb-ed14-4322-905d-6ef3599ac734@group-0045C62F497D->1913eeb9-7f58-4aef-bfea-8e00a2a3aadf-GrpcLogAppender: appendEntries Timeout, request=fad63ceb-ed14-4322-905d-6ef3599ac734->1913eeb9-7f58-4aef-bfea-8e00a2a3aadf#55-t1, previous=(t:1, i:0), leaderCommit=0, initializing? false, entries: <empty>
2019-10-22 00:13:22,441 [Thread-2034] INFO  impl.FollowerState (FollowerState.java:run(108)) - 2fdb3e93-e0d8-400e-8c33-91e2341b50c6@group-F01152B53F91-FollowerState: change to CANDIDATE, lastRpcTime:173ms, electionTimeout:173ms
2019-10-22 00:13:22,441 [Thread-2034] INFO  impl.RoleInfo (RoleInfo.java:shutdownFollowerState(121)) - 2fdb3e93-e0d8-400e-8c33-91e2341b50c6: shutdown FollowerState
2019-10-22 00:13:22,441 [Thread-2034] INFO  impl.RaftServerImpl (RaftServerImpl.java:setRole(184)) - 2fdb3e93-e0d8-400e-8c33-91e2341b50c6@group-F01152B53F91: changes role from  FOLLOWER to CANDIDATE at term 247 for changeToCandidate
2019-10-22 00:13:22,441 [Thread-2034] INFO  impl.RoleInfo (RoleInfo.java:updateAndGet(143)) - 2fdb3e93-e0d8-400e-8c33-91e2341b50c6: start LeaderElection
2019-10-22 00:13:22,454 [java.util.concurrent.ThreadPoolExecutor$Worker@1d11c0e2[State = -1, empty queue]] WARN  server.GrpcLogAppender (GrpcLogAppender.java:timeoutAppendRequest(209)) - 9d453efa-53cb-467a-9eb6-1ab0458610f0@group-597AF0FA787F->d521f5b1-4e7b-4169-9688-2112c7da7b1f-GrpcLogAppender: appendEntries Timeout, request=9d453efa-53cb-467a-9eb6-1ab0458610f0->d521f5b1-4e7b-4169-9688-2112c7da7b1f#3-t6, previous=(t:5, i:19), leaderCommit=21, initializing? false, entries: <empty>
2019-10-22 00:13:22,455 [2fdb3e93-e0d8-400e-8c33-91e2341b50c6@group-F01152B53F91-LeaderElection249] INFO  impl.LeaderElection (LeaderElection.java:askForVotes(178)) - 2fdb3e93-e0d8-400e-8c33-91e2341b50c6@group-F01152B53F91-LeaderElection249: begin an election at term 248 for -1: [2fdb3e93-e0d8-400e-8c33-91e2341b50c6:192.168.157.254:43254, 062c71de-08d9-40ee-9309-15590e2e8e68:192.168.157.254:45598, 2a52019e-5647-44e1-bf30-9a43fd8a7377:192.168.157.254:36038], old=null
2019-10-22 00:13:22,455 [2fdb3e93-e0d8-400e-8c33-91e2341b50c6@group-F01152B53F91-LeaderElection249] INFO  impl.LeaderElection (LogUtils.java:infoOrTrace(149)) - 2fdb3e93-e0d8-400e-8c33-91e2341b50c6@group-F01152B53F91-LeaderElection249 got exception when requesting votes: {}
java.util.concurrent.ExecutionException: org.apache.ratis.thirdparty.io.grpc.StatusRuntimeException: UNAVAILABLE: io exception
	at java.util.concurrent.FutureTask.report(FutureTask.java:122)
	at java.util.concurrent.FutureTask.get(FutureTask.java:192)
	at org.apache.ratis.server.impl.LeaderElection.waitForResults(LeaderElection.java:259)
	at org.apache.ratis.server.impl.LeaderElection.askForVotes(LeaderElection.java:197)
	at org.apache.ratis.server.impl.LeaderElection.run(LeaderElection.java:133)
	at java.lang.Thread.run(Thread.java:748)
Caused by: org.apache.ratis.thirdparty.io.grpc.StatusRuntimeException: UNAVAILABLE: io exception
	at org.apache.ratis.thirdparty.io.grpc.stub.ClientCalls.toStatusRuntimeException(ClientCalls.java:233)
	at org.apache.ratis.thirdparty.io.grpc.stub.ClientCalls.getUnchecked(ClientCalls.java:214)
	at org.apache.ratis.thirdparty.io.grpc.stub.ClientCalls.blockingUnaryCall(ClientCalls.java:139)
	at org.apache.ratis.proto.grpc.RaftServerProtocolServiceGrpc$RaftServerProtocolServiceBlockingStub.requestVote(RaftServerProtocolServiceGrpc.java:265)
	at org.apache.ratis.grpc.server.GrpcServerProtocolClient.requestVote(GrpcServerProtocolClient.java:99)
	at org.apache.ratis.grpc.server.GrpcService.requestVote(GrpcService.java:204)
	at org.apache.ratis.server.impl.LeaderElection.lambda$submitRequests$1(LeaderElection.java:234)
	at java.util.concurrent.FutureTask.run(FutureTask.java:266)
	at java.util.concurrent.Executors$RunnableAdapter.call(Executors.java:511)
	at java.util.concurrent.FutureTask.run(FutureTask.java:266)
	at java.util.concurrent.ThreadPoolExecutor.runWorker(ThreadPoolExecutor.java:1149)
	at java.util.concurrent.ThreadPoolExecutor$Worker.run(ThreadPoolExecutor.java:624)
	... 1 more
Caused by: org.apache.ratis.thirdparty.io.netty.channel.AbstractChannel$AnnotatedConnectException: Connection refused: /192.168.157.254:36038
	at sun.nio.ch.SocketChannelImpl.checkConnect(Native Method)
	at sun.nio.ch.SocketChannelImpl.finishConnect(SocketChannelImpl.java:717)
	at org.apache.ratis.thirdparty.io.netty.channel.socket.nio.NioSocketChannel.doFinishConnect(NioSocketChannel.java:327)
	at org.apache.ratis.thirdparty.io.netty.channel.nio.AbstractNioChannel$AbstractNioUnsafe.finishConnect(AbstractNioChannel.java:340)
	at org.apache.ratis.thirdparty.io.netty.channel.nio.NioEventLoop.processSelectedKey(NioEventLoop.java:632)
	at org.apache.ratis.thirdparty.io.netty.channel.nio.NioEventLoop.processSelectedKeysOptimized(NioEventLoop.java:579)
	at org.apache.ratis.thirdparty.io.netty.channel.nio.NioEventLoop.processSelectedKeys(NioEventLoop.java:496)
	at org.apache.ratis.thirdparty.io.netty.channel.nio.NioEventLoop.run(NioEventLoop.java:458)
	at org.apache.ratis.thirdparty.io.netty.util.concurrent.SingleThreadEventExecutor$5.run(SingleThreadEventExecutor.java:897)
	at org.apache.ratis.thirdparty.io.netty.util.concurrent.FastThreadLocalRunnable.run(FastThreadLocalRunnable.java:30)
	... 1 more
Caused by: java.net.ConnectException: Connection refused
	... 11 more
2019-10-22 00:13:22,456 [2fdb3e93-e0d8-400e-8c33-91e2341b50c6@group-F01152B53F91-LeaderElection249] INFO  impl.LeaderElection (LogUtils.java:infoOrTrace(149)) - 2fdb3e93-e0d8-400e-8c33-91e2341b50c6@group-F01152B53F91-LeaderElection249 got exception when requesting votes: {}
java.util.concurrent.ExecutionException: org.apache.ratis.thirdparty.io.grpc.StatusRuntimeException: UNAVAILABLE: io exception
	at java.util.concurrent.FutureTask.report(FutureTask.java:122)
	at java.util.concurrent.FutureTask.get(FutureTask.java:192)
	at org.apache.ratis.server.impl.LeaderElection.waitForResults(LeaderElection.java:259)
	at org.apache.ratis.server.impl.LeaderElection.askForVotes(LeaderElection.java:197)
	at org.apache.ratis.server.impl.LeaderElection.run(LeaderElection.java:133)
	at java.lang.Thread.run(Thread.java:748)
Caused by: org.apache.ratis.thirdparty.io.grpc.StatusRuntimeException: UNAVAILABLE: io exception
	at org.apache.ratis.thirdparty.io.grpc.stub.ClientCalls.toStatusRuntimeException(ClientCalls.java:233)
	at org.apache.ratis.thirdparty.io.grpc.stub.ClientCalls.getUnchecked(ClientCalls.java:214)
	at org.apache.ratis.thirdparty.io.grpc.stub.ClientCalls.blockingUnaryCall(ClientCalls.java:139)
	at org.apache.ratis.proto.grpc.RaftServerProtocolServiceGrpc$RaftServerProtocolServiceBlockingStub.requestVote(RaftServerProtocolServiceGrpc.java:265)
	at org.apache.ratis.grpc.server.GrpcServerProtocolClient.requestVote(GrpcServerProtocolClient.java:99)
	at org.apache.ratis.grpc.server.GrpcService.requestVote(GrpcService.java:204)
	at org.apache.ratis.server.impl.LeaderElection.lambda$submitRequests$1(LeaderElection.java:234)
	at java.util.concurrent.FutureTask.run(FutureTask.java:266)
	at java.util.concurrent.Executors$RunnableAdapter.call(Executors.java:511)
	at java.util.concurrent.FutureTask.run(FutureTask.java:266)
	at java.util.concurrent.ThreadPoolExecutor.runWorker(ThreadPoolExecutor.java:1149)
	at java.util.concurrent.ThreadPoolExecutor$Worker.run(ThreadPoolExecutor.java:624)
	... 1 more
Caused by: org.apache.ratis.thirdparty.io.netty.channel.AbstractChannel$AnnotatedConnectException: Connection refused: /192.168.157.254:45598
	at sun.nio.ch.SocketChannelImpl.checkConnect(Native Method)
	at sun.nio.ch.SocketChannelImpl.finishConnect(SocketChannelImpl.java:717)
	at org.apache.ratis.thirdparty.io.netty.channel.socket.nio.NioSocketChannel.doFinishConnect(NioSocketChannel.java:327)
	at org.apache.ratis.thirdparty.io.netty.channel.nio.AbstractNioChannel$AbstractNioUnsafe.finishConnect(AbstractNioChannel.java:340)
	at org.apache.ratis.thirdparty.io.netty.channel.nio.NioEventLoop.processSelectedKey(NioEventLoop.java:632)
	at org.apache.ratis.thirdparty.io.netty.channel.nio.NioEventLoop.processSelectedKeysOptimized(NioEventLoop.java:579)
	at org.apache.ratis.thirdparty.io.netty.channel.nio.NioEventLoop.processSelectedKeys(NioEventLoop.java:496)
	at org.apache.ratis.thirdparty.io.netty.channel.nio.NioEventLoop.run(NioEventLoop.java:458)
	at org.apache.ratis.thirdparty.io.netty.util.concurrent.SingleThreadEventExecutor$5.run(SingleThreadEventExecutor.java:897)
	at org.apache.ratis.thirdparty.io.netty.util.concurrent.FastThreadLocalRunnable.run(FastThreadLocalRunnable.java:30)
	... 1 more
Caused by: java.net.ConnectException: Connection refused
	... 11 more
2019-10-22 00:13:22,456 [2fdb3e93-e0d8-400e-8c33-91e2341b50c6@group-F01152B53F91-LeaderElection249] INFO  impl.LeaderElection (LeaderElection.java:logAndReturn(56)) - 2fdb3e93-e0d8-400e-8c33-91e2341b50c6@group-F01152B53F91-LeaderElection249: Election REJECTED; received 0 response(s) [] and 2 exception(s); 2fdb3e93-e0d8-400e-8c33-91e2341b50c6@group-F01152B53F91:t248, leader=null, voted=2fdb3e93-e0d8-400e-8c33-91e2341b50c6, raftlog=2fdb3e93-e0d8-400e-8c33-91e2341b50c6@group-F01152B53F91-SegmentedRaftLog:OPENED:c-1,f-1,i0, conf=-1: [2fdb3e93-e0d8-400e-8c33-91e2341b50c6:192.168.157.254:43254, 062c71de-08d9-40ee-9309-15590e2e8e68:192.168.157.254:45598, 2a52019e-5647-44e1-bf30-9a43fd8a7377:192.168.157.254:36038], old=null
2019-10-22 00:13:22,456 [2fdb3e93-e0d8-400e-8c33-91e2341b50c6@group-F01152B53F91-LeaderElection249] INFO  impl.LeaderElection (LogUtils.java:infoOrTrace(149)) -   Exception 0: {}
java.util.concurrent.ExecutionException: org.apache.ratis.thirdparty.io.grpc.StatusRuntimeException: UNAVAILABLE: io exception
	at java.util.concurrent.FutureTask.report(FutureTask.java:122)
	at java.util.concurrent.FutureTask.get(FutureTask.java:192)
	at org.apache.ratis.server.impl.LeaderElection.waitForResults(LeaderElection.java:259)
	at org.apache.ratis.server.impl.LeaderElection.askForVotes(LeaderElection.java:197)
	at org.apache.ratis.server.impl.LeaderElection.run(LeaderElection.java:133)
	at java.lang.Thread.run(Thread.java:748)
Caused by: org.apache.ratis.thirdparty.io.grpc.StatusRuntimeException: UNAVAILABLE: io exception
	at org.apache.ratis.thirdparty.io.grpc.stub.ClientCalls.toStatusRuntimeException(ClientCalls.java:233)
	at org.apache.ratis.thirdparty.io.grpc.stub.ClientCalls.getUnchecked(ClientCalls.java:214)
	at org.apache.ratis.thirdparty.io.grpc.stub.ClientCalls.blockingUnaryCall(ClientCalls.java:139)
	at org.apache.ratis.proto.grpc.RaftServerProtocolServiceGrpc$RaftServerProtocolServiceBlockingStub.requestVote(RaftServerProtocolServiceGrpc.java:265)
	at org.apache.ratis.grpc.server.GrpcServerProtocolClient.requestVote(GrpcServerProtocolClient.java:99)
	at org.apache.ratis.grpc.server.GrpcService.requestVote(GrpcService.java:204)
	at org.apache.ratis.server.impl.LeaderElection.lambda$submitRequests$1(LeaderElection.java:234)
	at java.util.concurrent.FutureTask.run(FutureTask.java:266)
	at java.util.concurrent.Executors$RunnableAdapter.call(Executors.java:511)
	at java.util.concurrent.FutureTask.run(FutureTask.java:266)
	at java.util.concurrent.ThreadPoolExecutor.runWorker(ThreadPoolExecutor.java:1149)
	at java.util.concurrent.ThreadPoolExecutor$Worker.run(ThreadPoolExecutor.java:624)
	... 1 more
Caused by: org.apache.ratis.thirdparty.io.netty.channel.AbstractChannel$AnnotatedConnectException: Connection refused: /192.168.157.254:36038
	at sun.nio.ch.SocketChannelImpl.checkConnect(Native Method)
	at sun.nio.ch.SocketChannelImpl.finishConnect(SocketChannelImpl.java:717)
	at org.apache.ratis.thirdparty.io.netty.channel.socket.nio.NioSocketChannel.doFinishConnect(NioSocketChannel.java:327)
	at org.apache.ratis.thirdparty.io.netty.channel.nio.AbstractNioChannel$AbstractNioUnsafe.finishConnect(AbstractNioChannel.java:340)
	at org.apache.ratis.thirdparty.io.netty.channel.nio.NioEventLoop.processSelectedKey(NioEventLoop.java:632)
	at org.apache.ratis.thirdparty.io.netty.channel.nio.NioEventLoop.processSelectedKeysOptimized(NioEventLoop.java:579)
	at org.apache.ratis.thirdparty.io.netty.channel.nio.NioEventLoop.processSelectedKeys(NioEventLoop.java:496)
	at org.apache.ratis.thirdparty.io.netty.channel.nio.NioEventLoop.run(NioEventLoop.java:458)
	at org.apache.ratis.thirdparty.io.netty.util.concurrent.SingleThreadEventExecutor$5.run(SingleThreadEventExecutor.java:897)
	at org.apache.ratis.thirdparty.io.netty.util.concurrent.FastThreadLocalRunnable.run(FastThreadLocalRunnable.java:30)
	... 1 more
Caused by: java.net.ConnectException: Connection refused
	... 11 more
2019-10-22 00:13:22,456 [2fdb3e93-e0d8-400e-8c33-91e2341b50c6@group-F01152B53F91-LeaderElection249] INFO  impl.LeaderElection (LogUtils.java:infoOrTrace(149)) -   Exception 1: {}
java.util.concurrent.ExecutionException: org.apache.ratis.thirdparty.io.grpc.StatusRuntimeException: UNAVAILABLE: io exception
	at java.util.concurrent.FutureTask.report(FutureTask.java:122)
	at java.util.concurrent.FutureTask.get(FutureTask.java:192)
	at org.apache.ratis.server.impl.LeaderElection.waitForResults(LeaderElection.java:259)
	at org.apache.ratis.server.impl.LeaderElection.askForVotes(LeaderElection.java:197)
	at org.apache.ratis.server.impl.LeaderElection.run(LeaderElection.java:133)
	at java.lang.Thread.run(Thread.java:748)
Caused by: org.apache.ratis.thirdparty.io.grpc.StatusRuntimeException: UNAVAILABLE: io exception
	at org.apache.ratis.thirdparty.io.grpc.stub.ClientCalls.toStatusRuntimeException(ClientCalls.java:233)
	at org.apache.ratis.thirdparty.io.grpc.stub.ClientCalls.getUnchecked(ClientCalls.java:214)
	at org.apache.ratis.thirdparty.io.grpc.stub.ClientCalls.blockingUnaryCall(ClientCalls.java:139)
	at org.apache.ratis.proto.grpc.RaftServerProtocolServiceGrpc$RaftServerProtocolServiceBlockingStub.requestVote(RaftServerProtocolServiceGrpc.java:265)
	at org.apache.ratis.grpc.server.GrpcServerProtocolClient.requestVote(GrpcServerProtocolClient.java:99)
	at org.apache.ratis.grpc.server.GrpcService.requestVote(GrpcService.java:204)
	at org.apache.ratis.server.impl.LeaderElection.lambda$submitRequests$1(LeaderElection.java:234)
	at java.util.concurrent.FutureTask.run(FutureTask.java:266)
	at java.util.concurrent.Executors$RunnableAdapter.call(Executors.java:511)
	at java.util.concurrent.FutureTask.run(FutureTask.java:266)
	at java.util.concurrent.ThreadPoolExecutor.runWorker(ThreadPoolExecutor.java:1149)
	at java.util.concurrent.ThreadPoolExecutor$Worker.run(ThreadPoolExecutor.java:624)
	... 1 more
Caused by: org.apache.ratis.thirdparty.io.netty.channel.AbstractChannel$AnnotatedConnectException: Connection refused: /192.168.157.254:45598
	at sun.nio.ch.SocketChannelImpl.checkConnect(Native Method)
	at sun.nio.ch.SocketChannelImpl.finishConnect(SocketChannelImpl.java:717)
	at org.apache.ratis.thirdparty.io.netty.channel.socket.nio.NioSocketChannel.doFinishConnect(NioSocketChannel.java:327)
	at org.apache.ratis.thirdparty.io.netty.channel.nio.AbstractNioChannel$AbstractNioUnsafe.finishConnect(AbstractNioChannel.java:340)
	at org.apache.ratis.thirdparty.io.netty.channel.nio.NioEventLoop.processSelectedKey(NioEventLoop.java:632)
	at org.apache.ratis.thirdparty.io.netty.channel.nio.NioEventLoop.processSelectedKeysOptimized(NioEventLoop.java:579)
	at org.apache.ratis.thirdparty.io.netty.channel.nio.NioEventLoop.processSelectedKeys(NioEventLoop.java:496)
	at org.apache.ratis.thirdparty.io.netty.channel.nio.NioEventLoop.run(NioEventLoop.java:458)
	at org.apache.ratis.thirdparty.io.netty.util.concurrent.SingleThreadEventExecutor$5.run(SingleThreadEventExecutor.java:897)
	at org.apache.ratis.thirdparty.io.netty.util.concurrent.FastThreadLocalRunnable.run(FastThreadLocalRunnable.java:30)
	... 1 more
Caused by: java.net.ConnectException: Connection refused
	... 11 more
2019-10-22 00:13:22,457 [2fdb3e93-e0d8-400e-8c33-91e2341b50c6@group-F01152B53F91-LeaderElection249] INFO  impl.RaftServerImpl (RaftServerImpl.java:setRole(184)) - 2fdb3e93-e0d8-400e-8c33-91e2341b50c6@group-F01152B53F91: changes role from CANDIDATE to FOLLOWER at term 248 for DISCOVERED_A_NEW_TERM
2019-10-22 00:13:22,457 [2fdb3e93-e0d8-400e-8c33-91e2341b50c6@group-F01152B53F91-LeaderElection249] INFO  impl.RoleInfo (RoleInfo.java:shutdownLeaderElection(134)) - 2fdb3e93-e0d8-400e-8c33-91e2341b50c6: shutdown LeaderElection
2019-10-22 00:13:22,457 [2fdb3e93-e0d8-400e-8c33-91e2341b50c6@group-F01152B53F91-LeaderElection249] INFO  impl.RoleInfo (RoleInfo.java:updateAndGet(143)) - 2fdb3e93-e0d8-400e-8c33-91e2341b50c6: start FollowerState
2019-10-22 00:13:22,547 [Thread-2038] INFO  impl.FollowerState (FollowerState.java:run(108)) - 2fdb3e93-e0d8-400e-8c33-91e2341b50c6@group-F01152B53F91-FollowerState: change to CANDIDATE, lastRpcTime:90ms, electionTimeout:90ms
2019-10-22 00:13:22,547 [Thread-2038] INFO  impl.RoleInfo (RoleInfo.java:shutdownFollowerState(121)) - 2fdb3e93-e0d8-400e-8c33-91e2341b50c6: shutdown FollowerState
2019-10-22 00:13:22,547 [Thread-2038] INFO  impl.RaftServerImpl (RaftServerImpl.java:setRole(184)) - 2fdb3e93-e0d8-400e-8c33-91e2341b50c6@group-F01152B53F91: changes role from  FOLLOWER to CANDIDATE at term 248 for changeToCandidate
2019-10-22 00:13:22,547 [Thread-2038] INFO  impl.RoleInfo (RoleInfo.java:updateAndGet(143)) - 2fdb3e93-e0d8-400e-8c33-91e2341b50c6: start LeaderElection
2019-10-22 00:13:22,560 [2fdb3e93-e0d8-400e-8c33-91e2341b50c6@group-F01152B53F91-LeaderElection250] INFO  impl.LeaderElection (LeaderElection.java:askForVotes(178)) - 2fdb3e93-e0d8-400e-8c33-91e2341b50c6@group-F01152B53F91-LeaderElection250: begin an election at term 249 for -1: [2fdb3e93-e0d8-400e-8c33-91e2341b50c6:192.168.157.254:43254, 062c71de-08d9-40ee-9309-15590e2e8e68:192.168.157.254:45598, 2a52019e-5647-44e1-bf30-9a43fd8a7377:192.168.157.254:36038], old=null
2019-10-22 00:13:22,561 [2fdb3e93-e0d8-400e-8c33-91e2341b50c6@group-F01152B53F91-LeaderElection250] INFO  impl.LeaderElection (LogUtils.java:infoOrTrace(149)) - 2fdb3e93-e0d8-400e-8c33-91e2341b50c6@group-F01152B53F91-LeaderElection250 got exception when requesting votes: {}
java.util.concurrent.ExecutionException: org.apache.ratis.thirdparty.io.grpc.StatusRuntimeException: UNAVAILABLE: io exception
	at java.util.concurrent.FutureTask.report(FutureTask.java:122)
	at java.util.concurrent.FutureTask.get(FutureTask.java:192)
	at org.apache.ratis.server.impl.LeaderElection.waitForResults(LeaderElection.java:259)
	at org.apache.ratis.server.impl.LeaderElection.askForVotes(LeaderElection.java:197)
	at org.apache.ratis.server.impl.LeaderElection.run(LeaderElection.java:133)
	at java.lang.Thread.run(Thread.java:748)
Caused by: org.apache.ratis.thirdparty.io.grpc.StatusRuntimeException: UNAVAILABLE: io exception
	at org.apache.ratis.thirdparty.io.grpc.stub.ClientCalls.toStatusRuntimeException(ClientCalls.java:233)
	at org.apache.ratis.thirdparty.io.grpc.stub.ClientCalls.getUnchecked(ClientCalls.java:214)
	at org.apache.ratis.thirdparty.io.grpc.stub.ClientCalls.blockingUnaryCall(ClientCalls.java:139)
	at org.apache.ratis.proto.grpc.RaftServerProtocolServiceGrpc$RaftServerProtocolServiceBlockingStub.requestVote(RaftServerProtocolServiceGrpc.java:265)
	at org.apache.ratis.grpc.server.GrpcServerProtocolClient.requestVote(GrpcServerProtocolClient.java:99)
	at org.apache.ratis.grpc.server.GrpcService.requestVote(GrpcService.java:204)
	at org.apache.ratis.server.impl.LeaderElection.lambda$submitRequests$1(LeaderElection.java:234)
	at java.util.concurrent.FutureTask.run(FutureTask.java:266)
	at java.util.concurrent.Executors$RunnableAdapter.call(Executors.java:511)
	at java.util.concurrent.FutureTask.run(FutureTask.java:266)
	at java.util.concurrent.ThreadPoolExecutor.runWorker(ThreadPoolExecutor.java:1149)
	at java.util.concurrent.ThreadPoolExecutor$Worker.run(ThreadPoolExecutor.java:624)
	... 1 more
Caused by: org.apache.ratis.thirdparty.io.netty.channel.AbstractChannel$AnnotatedConnectException: Connection refused: /192.168.157.254:45598
	at sun.nio.ch.SocketChannelImpl.checkConnect(Native Method)
	at sun.nio.ch.SocketChannelImpl.finishConnect(SocketChannelImpl.java:717)
	at org.apache.ratis.thirdparty.io.netty.channel.socket.nio.NioSocketChannel.doFinishConnect(NioSocketChannel.java:327)
	at org.apache.ratis.thirdparty.io.netty.channel.nio.AbstractNioChannel$AbstractNioUnsafe.finishConnect(AbstractNioChannel.java:340)
	at org.apache.ratis.thirdparty.io.netty.channel.nio.NioEventLoop.processSelectedKey(NioEventLoop.java:632)
	at org.apache.ratis.thirdparty.io.netty.channel.nio.NioEventLoop.processSelectedKeysOptimized(NioEventLoop.java:579)
	at org.apache.ratis.thirdparty.io.netty.channel.nio.NioEventLoop.processSelectedKeys(NioEventLoop.java:496)
	at org.apache.ratis.thirdparty.io.netty.channel.nio.NioEventLoop.run(NioEventLoop.java:458)
	at org.apache.ratis.thirdparty.io.netty.util.concurrent.SingleThreadEventExecutor$5.run(SingleThreadEventExecutor.java:897)
	at org.apache.ratis.thirdparty.io.netty.util.concurrent.FastThreadLocalRunnable.run(FastThreadLocalRunnable.java:30)
	... 1 more
Caused by: java.net.ConnectException: Connection refused
	... 11 more
2019-10-22 00:13:22,561 [2fdb3e93-e0d8-400e-8c33-91e2341b50c6@group-F01152B53F91-LeaderElection250] INFO  impl.LeaderElection (LogUtils.java:infoOrTrace(149)) - 2fdb3e93-e0d8-400e-8c33-91e2341b50c6@group-F01152B53F91-LeaderElection250 got exception when requesting votes: {}
java.util.concurrent.ExecutionException: org.apache.ratis.thirdparty.io.grpc.StatusRuntimeException: UNAVAILABLE: io exception
	at java.util.concurrent.FutureTask.report(FutureTask.java:122)
	at java.util.concurrent.FutureTask.get(FutureTask.java:192)
	at org.apache.ratis.server.impl.LeaderElection.waitForResults(LeaderElection.java:259)
	at org.apache.ratis.server.impl.LeaderElection.askForVotes(LeaderElection.java:197)
	at org.apache.ratis.server.impl.LeaderElection.run(LeaderElection.java:133)
	at java.lang.Thread.run(Thread.java:748)
Caused by: org.apache.ratis.thirdparty.io.grpc.StatusRuntimeException: UNAVAILABLE: io exception
	at org.apache.ratis.thirdparty.io.grpc.stub.ClientCalls.toStatusRuntimeException(ClientCalls.java:233)
	at org.apache.ratis.thirdparty.io.grpc.stub.ClientCalls.getUnchecked(ClientCalls.java:214)
	at org.apache.ratis.thirdparty.io.grpc.stub.ClientCalls.blockingUnaryCall(ClientCalls.java:139)
	at org.apache.ratis.proto.grpc.RaftServerProtocolServiceGrpc$RaftServerProtocolServiceBlockingStub.requestVote(RaftServerProtocolServiceGrpc.java:265)
	at org.apache.ratis.grpc.server.GrpcServerProtocolClient.requestVote(GrpcServerProtocolClient.java:99)
	at org.apache.ratis.grpc.server.GrpcService.requestVote(GrpcService.java:204)
	at org.apache.ratis.server.impl.LeaderElection.lambda$submitRequests$1(LeaderElection.java:234)
	at java.util.concurrent.FutureTask.run(FutureTask.java:266)
	at java.util.concurrent.Executors$RunnableAdapter.call(Executors.java:511)
	at java.util.concurrent.FutureTask.run(FutureTask.java:266)
	at java.util.concurrent.ThreadPoolExecutor.runWorker(ThreadPoolExecutor.java:1149)
	at java.util.concurrent.ThreadPoolExecutor$Worker.run(ThreadPoolExecutor.java:624)
	... 1 more
Caused by: org.apache.ratis.thirdparty.io.netty.channel.AbstractChannel$AnnotatedConnectException: Connection refused: /192.168.157.254:36038
	at sun.nio.ch.SocketChannelImpl.checkConnect(Native Method)
	at sun.nio.ch.SocketChannelImpl.finishConnect(SocketChannelImpl.java:717)
	at org.apache.ratis.thirdparty.io.netty.channel.socket.nio.NioSocketChannel.doFinishConnect(NioSocketChannel.java:327)
	at org.apache.ratis.thirdparty.io.netty.channel.nio.AbstractNioChannel$AbstractNioUnsafe.finishConnect(AbstractNioChannel.java:340)
	at org.apache.ratis.thirdparty.io.netty.channel.nio.NioEventLoop.processSelectedKey(NioEventLoop.java:632)
	at org.apache.ratis.thirdparty.io.netty.channel.nio.NioEventLoop.processSelectedKeysOptimized(NioEventLoop.java:579)
	at org.apache.ratis.thirdparty.io.netty.channel.nio.NioEventLoop.processSelectedKeys(NioEventLoop.java:496)
	at org.apache.ratis.thirdparty.io.netty.channel.nio.NioEventLoop.run(NioEventLoop.java:458)
	at org.apache.ratis.thirdparty.io.netty.util.concurrent.SingleThreadEventExecutor$5.run(SingleThreadEventExecutor.java:897)
	at org.apache.ratis.thirdparty.io.netty.util.concurrent.FastThreadLocalRunnable.run(FastThreadLocalRunnable.java:30)
	... 1 more
Caused by: java.net.ConnectException: Connection refused
	... 11 more
2019-10-22 00:13:22,562 [2fdb3e93-e0d8-400e-8c33-91e2341b50c6@group-F01152B53F91-LeaderElection250] INFO  impl.LeaderElection (LeaderElection.java:logAndReturn(56)) - 2fdb3e93-e0d8-400e-8c33-91e2341b50c6@group-F01152B53F91-LeaderElection250: Election REJECTED; received 0 response(s) [] and 2 exception(s); 2fdb3e93-e0d8-400e-8c33-91e2341b50c6@group-F01152B53F91:t249, leader=null, voted=2fdb3e93-e0d8-400e-8c33-91e2341b50c6, raftlog=2fdb3e93-e0d8-400e-8c33-91e2341b50c6@group-F01152B53F91-SegmentedRaftLog:OPENED:c-1,f-1,i0, conf=-1: [2fdb3e93-e0d8-400e-8c33-91e2341b50c6:192.168.157.254:43254, 062c71de-08d9-40ee-9309-15590e2e8e68:192.168.157.254:45598, 2a52019e-5647-44e1-bf30-9a43fd8a7377:192.168.157.254:36038], old=null
2019-10-22 00:13:22,562 [2fdb3e93-e0d8-400e-8c33-91e2341b50c6@group-F01152B53F91-LeaderElection250] INFO  impl.LeaderElection (LogUtils.java:infoOrTrace(149)) -   Exception 0: {}
java.util.concurrent.ExecutionException: org.apache.ratis.thirdparty.io.grpc.StatusRuntimeException: UNAVAILABLE: io exception
	at java.util.concurrent.FutureTask.report(FutureTask.java:122)
	at java.util.concurrent.FutureTask.get(FutureTask.java:192)
	at org.apache.ratis.server.impl.LeaderElection.waitForResults(LeaderElection.java:259)
	at org.apache.ratis.server.impl.LeaderElection.askForVotes(LeaderElection.java:197)
	at org.apache.ratis.server.impl.LeaderElection.run(LeaderElection.java:133)
	at java.lang.Thread.run(Thread.java:748)
Caused by: org.apache.ratis.thirdparty.io.grpc.StatusRuntimeException: UNAVAILABLE: io exception
	at org.apache.ratis.thirdparty.io.grpc.stub.ClientCalls.toStatusRuntimeException(ClientCalls.java:233)
	at org.apache.ratis.thirdparty.io.grpc.stub.ClientCalls.getUnchecked(ClientCalls.java:214)
	at org.apache.ratis.thirdparty.io.grpc.stub.ClientCalls.blockingUnaryCall(ClientCalls.java:139)
	at org.apache.ratis.proto.grpc.RaftServerProtocolServiceGrpc$RaftServerProtocolServiceBlockingStub.requestVote(RaftServerProtocolServiceGrpc.java:265)
	at org.apache.ratis.grpc.server.GrpcServerProtocolClient.requestVote(GrpcServerProtocolClient.java:99)
	at org.apache.ratis.grpc.server.GrpcService.requestVote(GrpcService.java:204)
	at org.apache.ratis.server.impl.LeaderElection.lambda$submitRequests$1(LeaderElection.java:234)
	at java.util.concurrent.FutureTask.run(FutureTask.java:266)
	at java.util.concurrent.Executors$RunnableAdapter.call(Executors.java:511)
	at java.util.concurrent.FutureTask.run(FutureTask.java:266)
	at java.util.concurrent.ThreadPoolExecutor.runWorker(ThreadPoolExecutor.java:1149)
	at java.util.concurrent.ThreadPoolExecutor$Worker.run(ThreadPoolExecutor.java:624)
	... 1 more
Caused by: org.apache.ratis.thirdparty.io.netty.channel.AbstractChannel$AnnotatedConnectException: Connection refused: /192.168.157.254:45598
	at sun.nio.ch.SocketChannelImpl.checkConnect(Native Method)
	at sun.nio.ch.SocketChannelImpl.finishConnect(SocketChannelImpl.java:717)
	at org.apache.ratis.thirdparty.io.netty.channel.socket.nio.NioSocketChannel.doFinishConnect(NioSocketChannel.java:327)
	at org.apache.ratis.thirdparty.io.netty.channel.nio.AbstractNioChannel$AbstractNioUnsafe.finishConnect(AbstractNioChannel.java:340)
	at org.apache.ratis.thirdparty.io.netty.channel.nio.NioEventLoop.processSelectedKey(NioEventLoop.java:632)
	at org.apache.ratis.thirdparty.io.netty.channel.nio.NioEventLoop.processSelectedKeysOptimized(NioEventLoop.java:579)
	at org.apache.ratis.thirdparty.io.netty.channel.nio.NioEventLoop.processSelectedKeys(NioEventLoop.java:496)
	at org.apache.ratis.thirdparty.io.netty.channel.nio.NioEventLoop.run(NioEventLoop.java:458)
	at org.apache.ratis.thirdparty.io.netty.util.concurrent.SingleThreadEventExecutor$5.run(SingleThreadEventExecutor.java:897)
	at org.apache.ratis.thirdparty.io.netty.util.concurrent.FastThreadLocalRunnable.run(FastThreadLocalRunnable.java:30)
	... 1 more
Caused by: java.net.ConnectException: Connection refused
	... 11 more
2019-10-22 00:13:22,562 [2fdb3e93-e0d8-400e-8c33-91e2341b50c6@group-F01152B53F91-LeaderElection250] INFO  impl.LeaderElection (LogUtils.java:infoOrTrace(149)) -   Exception 1: {}
java.util.concurrent.ExecutionException: org.apache.ratis.thirdparty.io.grpc.StatusRuntimeException: UNAVAILABLE: io exception
	at java.util.concurrent.FutureTask.report(FutureTask.java:122)
	at java.util.concurrent.FutureTask.get(FutureTask.java:192)
	at org.apache.ratis.server.impl.LeaderElection.waitForResults(LeaderElection.java:259)
	at org.apache.ratis.server.impl.LeaderElection.askForVotes(LeaderElection.java:197)
	at org.apache.ratis.server.impl.LeaderElection.run(LeaderElection.java:133)
	at java.lang.Thread.run(Thread.java:748)
Caused by: org.apache.ratis.thirdparty.io.grpc.StatusRuntimeException: UNAVAILABLE: io exception
	at org.apache.ratis.thirdparty.io.grpc.stub.ClientCalls.toStatusRuntimeException(ClientCalls.java:233)
	at org.apache.ratis.thirdparty.io.grpc.stub.ClientCalls.getUnchecked(ClientCalls.java:214)
	at org.apache.ratis.thirdparty.io.grpc.stub.ClientCalls.blockingUnaryCall(ClientCalls.java:139)
	at org.apache.ratis.proto.grpc.RaftServerProtocolServiceGrpc$RaftServerProtocolServiceBlockingStub.requestVote(RaftServerProtocolServiceGrpc.java:265)
	at org.apache.ratis.grpc.server.GrpcServerProtocolClient.requestVote(GrpcServerProtocolClient.java:99)
	at org.apache.ratis.grpc.server.GrpcService.requestVote(GrpcService.java:204)
	at org.apache.ratis.server.impl.LeaderElection.lambda$submitRequests$1(LeaderElection.java:234)
	at java.util.concurrent.FutureTask.run(FutureTask.java:266)
	at java.util.concurrent.Executors$RunnableAdapter.call(Executors.java:511)
	at java.util.concurrent.FutureTask.run(FutureTask.java:266)
	at java.util.concurrent.ThreadPoolExecutor.runWorker(ThreadPoolExecutor.java:1149)
	at java.util.concurrent.ThreadPoolExecutor$Worker.run(ThreadPoolExecutor.java:624)
	... 1 more
Caused by: org.apache.ratis.thirdparty.io.netty.channel.AbstractChannel$AnnotatedConnectException: Connection refused: /192.168.157.254:36038
	at sun.nio.ch.SocketChannelImpl.checkConnect(Native Method)
	at sun.nio.ch.SocketChannelImpl.finishConnect(SocketChannelImpl.java:717)
	at org.apache.ratis.thirdparty.io.netty.channel.socket.nio.NioSocketChannel.doFinishConnect(NioSocketChannel.java:327)
	at org.apache.ratis.thirdparty.io.netty.channel.nio.AbstractNioChannel$AbstractNioUnsafe.finishConnect(AbstractNioChannel.java:340)
	at org.apache.ratis.thirdparty.io.netty.channel.nio.NioEventLoop.processSelectedKey(NioEventLoop.java:632)
	at org.apache.ratis.thirdparty.io.netty.channel.nio.NioEventLoop.processSelectedKeysOptimized(NioEventLoop.java:579)
	at org.apache.ratis.thirdparty.io.netty.channel.nio.NioEventLoop.processSelectedKeys(NioEventLoop.java:496)
	at org.apache.ratis.thirdparty.io.netty.channel.nio.NioEventLoop.run(NioEventLoop.java:458)
	at org.apache.ratis.thirdparty.io.netty.util.concurrent.SingleThreadEventExecutor$5.run(SingleThreadEventExecutor.java:897)
	at org.apache.ratis.thirdparty.io.netty.util.concurrent.FastThreadLocalRunnable.run(FastThreadLocalRunnable.java:30)
	... 1 more
Caused by: java.net.ConnectException: Connection refused
	... 11 more
2019-10-22 00:13:22,562 [2fdb3e93-e0d8-400e-8c33-91e2341b50c6@group-F01152B53F91-LeaderElection250] INFO  impl.RaftServerImpl (RaftServerImpl.java:setRole(184)) - 2fdb3e93-e0d8-400e-8c33-91e2341b50c6@group-F01152B53F91: changes role from CANDIDATE to FOLLOWER at term 249 for DISCOVERED_A_NEW_TERM
2019-10-22 00:13:22,562 [2fdb3e93-e0d8-400e-8c33-91e2341b50c6@group-F01152B53F91-LeaderElection250] INFO  impl.RoleInfo (RoleInfo.java:shutdownLeaderElection(134)) - 2fdb3e93-e0d8-400e-8c33-91e2341b50c6: shutdown LeaderElection
2019-10-22 00:13:22,562 [2fdb3e93-e0d8-400e-8c33-91e2341b50c6@group-F01152B53F91-LeaderElection250] INFO  impl.RoleInfo (RoleInfo.java:updateAndGet(143)) - 2fdb3e93-e0d8-400e-8c33-91e2341b50c6: start FollowerState
2019-10-22 00:13:22,647 [Thread-2043] INFO  impl.FollowerState (FollowerState.java:run(108)) - 2fdb3e93-e0d8-400e-8c33-91e2341b50c6@group-F01152B53F91-FollowerState: change to CANDIDATE, lastRpcTime:84ms, electionTimeout:84ms
2019-10-22 00:13:22,647 [Thread-2043] INFO  impl.RoleInfo (RoleInfo.java:shutdownFollowerState(121)) - 2fdb3e93-e0d8-400e-8c33-91e2341b50c6: shutdown FollowerState
2019-10-22 00:13:22,647 [Thread-2043] INFO  impl.RaftServerImpl (RaftServerImpl.java:setRole(184)) - 2fdb3e93-e0d8-400e-8c33-91e2341b50c6@group-F01152B53F91: changes role from  FOLLOWER to CANDIDATE at term 249 for changeToCandidate
2019-10-22 00:13:22,647 [Thread-2043] INFO  impl.RoleInfo (RoleInfo.java:updateAndGet(143)) - 2fdb3e93-e0d8-400e-8c33-91e2341b50c6: start LeaderElection
2019-10-22 00:13:22,653 [2fdb3e93-e0d8-400e-8c33-91e2341b50c6@group-F01152B53F91-LeaderElection251] INFO  impl.LeaderElection (LeaderElection.java:askForVotes(178)) - 2fdb3e93-e0d8-400e-8c33-91e2341b50c6@group-F01152B53F91-LeaderElection251: begin an election at term 250 for -1: [2fdb3e93-e0d8-400e-8c33-91e2341b50c6:192.168.157.254:43254, 062c71de-08d9-40ee-9309-15590e2e8e68:192.168.157.254:45598, 2a52019e-5647-44e1-bf30-9a43fd8a7377:192.168.157.254:36038], old=null
2019-10-22 00:13:22,654 [2fdb3e93-e0d8-400e-8c33-91e2341b50c6@group-F01152B53F91-LeaderElection251] INFO  impl.LeaderElection (LogUtils.java:infoOrTrace(149)) - 2fdb3e93-e0d8-400e-8c33-91e2341b50c6@group-F01152B53F91-LeaderElection251 got exception when requesting votes: {}
java.util.concurrent.ExecutionException: org.apache.ratis.thirdparty.io.grpc.StatusRuntimeException: UNAVAILABLE: io exception
	at java.util.concurrent.FutureTask.report(FutureTask.java:122)
	at java.util.concurrent.FutureTask.get(FutureTask.java:192)
	at org.apache.ratis.server.impl.LeaderElection.waitForResults(LeaderElection.java:259)
	at org.apache.ratis.server.impl.LeaderElection.askForVotes(LeaderElection.java:197)
	at org.apache.ratis.server.impl.LeaderElection.run(LeaderElection.java:133)
	at java.lang.Thread.run(Thread.java:748)
Caused by: org.apache.ratis.thirdparty.io.grpc.StatusRuntimeException: UNAVAILABLE: io exception
	at org.apache.ratis.thirdparty.io.grpc.stub.ClientCalls.toStatusRuntimeException(ClientCalls.java:233)
	at org.apache.ratis.thirdparty.io.grpc.stub.ClientCalls.getUnchecked(ClientCalls.java:214)
	at org.apache.ratis.thirdparty.io.grpc.stub.ClientCalls.blockingUnaryCall(ClientCalls.java:139)
	at org.apache.ratis.proto.grpc.RaftServerProtocolServiceGrpc$RaftServerProtocolServiceBlockingStub.requestVote(RaftServerProtocolServiceGrpc.java:265)
	at org.apache.ratis.grpc.server.GrpcServerProtocolClient.requestVote(GrpcServerProtocolClient.java:99)
	at org.apache.ratis.grpc.server.GrpcService.requestVote(GrpcService.java:204)
	at org.apache.ratis.server.impl.LeaderElection.lambda$submitRequests$1(LeaderElection.java:234)
	at java.util.concurrent.FutureTask.run(FutureTask.java:266)
	at java.util.concurrent.Executors$RunnableAdapter.call(Executors.java:511)
	at java.util.concurrent.FutureTask.run(FutureTask.java:266)
	at java.util.concurrent.ThreadPoolExecutor.runWorker(ThreadPoolExecutor.java:1149)
	at java.util.concurrent.ThreadPoolExecutor$Worker.run(ThreadPoolExecutor.java:624)
	... 1 more
Caused by: org.apache.ratis.thirdparty.io.netty.channel.AbstractChannel$AnnotatedConnectException: Connection refused: /192.168.157.254:45598
	at sun.nio.ch.SocketChannelImpl.checkConnect(Native Method)
	at sun.nio.ch.SocketChannelImpl.finishConnect(SocketChannelImpl.java:717)
	at org.apache.ratis.thirdparty.io.netty.channel.socket.nio.NioSocketChannel.doFinishConnect(NioSocketChannel.java:327)
	at org.apache.ratis.thirdparty.io.netty.channel.nio.AbstractNioChannel$AbstractNioUnsafe.finishConnect(AbstractNioChannel.java:340)
	at org.apache.ratis.thirdparty.io.netty.channel.nio.NioEventLoop.processSelectedKey(NioEventLoop.java:632)
	at org.apache.ratis.thirdparty.io.netty.channel.nio.NioEventLoop.processSelectedKeysOptimized(NioEventLoop.java:579)
	at org.apache.ratis.thirdparty.io.netty.channel.nio.NioEventLoop.processSelectedKeys(NioEventLoop.java:496)
	at org.apache.ratis.thirdparty.io.netty.channel.nio.NioEventLoop.run(NioEventLoop.java:458)
	at org.apache.ratis.thirdparty.io.netty.util.concurrent.SingleThreadEventExecutor$5.run(SingleThreadEventExecutor.java:897)
	at org.apache.ratis.thirdparty.io.netty.util.concurrent.FastThreadLocalRunnable.run(FastThreadLocalRunnable.java:30)
	... 1 more
Caused by: java.net.ConnectException: Connection refused
	... 11 more
2019-10-22 00:13:22,655 [2fdb3e93-e0d8-400e-8c33-91e2341b50c6@group-F01152B53F91-LeaderElection251] INFO  impl.LeaderElection (LogUtils.java:infoOrTrace(149)) - 2fdb3e93-e0d8-400e-8c33-91e2341b50c6@group-F01152B53F91-LeaderElection251 got exception when requesting votes: {}
java.util.concurrent.ExecutionException: org.apache.ratis.thirdparty.io.grpc.StatusRuntimeException: UNAVAILABLE: io exception
	at java.util.concurrent.FutureTask.report(FutureTask.java:122)
	at java.util.concurrent.FutureTask.get(FutureTask.java:192)
	at org.apache.ratis.server.impl.LeaderElection.waitForResults(LeaderElection.java:259)
	at org.apache.ratis.server.impl.LeaderElection.askForVotes(LeaderElection.java:197)
	at org.apache.ratis.server.impl.LeaderElection.run(LeaderElection.java:133)
	at java.lang.Thread.run(Thread.java:748)
Caused by: org.apache.ratis.thirdparty.io.grpc.StatusRuntimeException: UNAVAILABLE: io exception
	at org.apache.ratis.thirdparty.io.grpc.stub.ClientCalls.toStatusRuntimeException(ClientCalls.java:233)
	at org.apache.ratis.thirdparty.io.grpc.stub.ClientCalls.getUnchecked(ClientCalls.java:214)
	at org.apache.ratis.thirdparty.io.grpc.stub.ClientCalls.blockingUnaryCall(ClientCalls.java:139)
	at org.apache.ratis.proto.grpc.RaftServerProtocolServiceGrpc$RaftServerProtocolServiceBlockingStub.requestVote(RaftServerProtocolServiceGrpc.java:265)
	at org.apache.ratis.grpc.server.GrpcServerProtocolClient.requestVote(GrpcServerProtocolClient.java:99)
	at org.apache.ratis.grpc.server.GrpcService.requestVote(GrpcService.java:204)
	at org.apache.ratis.server.impl.LeaderElection.lambda$submitRequests$1(LeaderElection.java:234)
	at java.util.concurrent.FutureTask.run(FutureTask.java:266)
	at java.util.concurrent.Executors$RunnableAdapter.call(Executors.java:511)
	at java.util.concurrent.FutureTask.run(FutureTask.java:266)
	at java.util.concurrent.ThreadPoolExecutor.runWorker(ThreadPoolExecutor.java:1149)
	at java.util.concurrent.ThreadPoolExecutor$Worker.run(ThreadPoolExecutor.java:624)
	... 1 more
Caused by: org.apache.ratis.thirdparty.io.netty.channel.AbstractChannel$AnnotatedConnectException: Connection refused: /192.168.157.254:36038
	at sun.nio.ch.SocketChannelImpl.checkConnect(Native Method)
	at sun.nio.ch.SocketChannelImpl.finishConnect(SocketChannelImpl.java:717)
	at org.apache.ratis.thirdparty.io.netty.channel.socket.nio.NioSocketChannel.doFinishConnect(NioSocketChannel.java:327)
	at org.apache.ratis.thirdparty.io.netty.channel.nio.AbstractNioChannel$AbstractNioUnsafe.finishConnect(AbstractNioChannel.java:340)
	at org.apache.ratis.thirdparty.io.netty.channel.nio.NioEventLoop.processSelectedKey(NioEventLoop.java:632)
	at org.apache.ratis.thirdparty.io.netty.channel.nio.NioEventLoop.processSelectedKeysOptimized(NioEventLoop.java:579)
	at org.apache.ratis.thirdparty.io.netty.channel.nio.NioEventLoop.processSelectedKeys(NioEventLoop.java:496)
	at org.apache.ratis.thirdparty.io.netty.channel.nio.NioEventLoop.run(NioEventLoop.java:458)
	at org.apache.ratis.thirdparty.io.netty.util.concurrent.SingleThreadEventExecutor$5.run(SingleThreadEventExecutor.java:897)
	at org.apache.ratis.thirdparty.io.netty.util.concurrent.FastThreadLocalRunnable.run(FastThreadLocalRunnable.java:30)
	... 1 more
Caused by: java.net.ConnectException: Connection refused
	... 11 more
2019-10-22 00:13:22,655 [2fdb3e93-e0d8-400e-8c33-91e2341b50c6@group-F01152B53F91-LeaderElection251] INFO  impl.LeaderElection (LeaderElection.java:logAndReturn(56)) - 2fdb3e93-e0d8-400e-8c33-91e2341b50c6@group-F01152B53F91-LeaderElection251: Election REJECTED; received 0 response(s) [] and 2 exception(s); 2fdb3e93-e0d8-400e-8c33-91e2341b50c6@group-F01152B53F91:t250, leader=null, voted=2fdb3e93-e0d8-400e-8c33-91e2341b50c6, raftlog=2fdb3e93-e0d8-400e-8c33-91e2341b50c6@group-F01152B53F91-SegmentedRaftLog:OPENED:c-1,f-1,i0, conf=-1: [2fdb3e93-e0d8-400e-8c33-91e2341b50c6:192.168.157.254:43254, 062c71de-08d9-40ee-9309-15590e2e8e68:192.168.157.254:45598, 2a52019e-5647-44e1-bf30-9a43fd8a7377:192.168.157.254:36038], old=null
2019-10-22 00:13:22,655 [2fdb3e93-e0d8-400e-8c33-91e2341b50c6@group-F01152B53F91-LeaderElection251] INFO  impl.LeaderElection (LogUtils.java:infoOrTrace(149)) -   Exception 0: {}
java.util.concurrent.ExecutionException: org.apache.ratis.thirdparty.io.grpc.StatusRuntimeException: UNAVAILABLE: io exception
	at java.util.concurrent.FutureTask.report(FutureTask.java:122)
	at java.util.concurrent.FutureTask.get(FutureTask.java:192)
	at org.apache.ratis.server.impl.LeaderElection.waitForResults(LeaderElection.java:259)
	at org.apache.ratis.server.impl.LeaderElection.askForVotes(LeaderElection.java:197)
	at org.apache.ratis.server.impl.LeaderElection.run(LeaderElection.java:133)
	at java.lang.Thread.run(Thread.java:748)
Caused by: org.apache.ratis.thirdparty.io.grpc.StatusRuntimeException: UNAVAILABLE: io exception
	at org.apache.ratis.thirdparty.io.grpc.stub.ClientCalls.toStatusRuntimeException(ClientCalls.java:233)
	at org.apache.ratis.thirdparty.io.grpc.stub.ClientCalls.getUnchecked(ClientCalls.java:214)
	at org.apache.ratis.thirdparty.io.grpc.stub.ClientCalls.blockingUnaryCall(ClientCalls.java:139)
	at org.apache.ratis.proto.grpc.RaftServerProtocolServiceGrpc$RaftServerProtocolServiceBlockingStub.requestVote(RaftServerProtocolServiceGrpc.java:265)
	at org.apache.ratis.grpc.server.GrpcServerProtocolClient.requestVote(GrpcServerProtocolClient.java:99)
	at org.apache.ratis.grpc.server.GrpcService.requestVote(GrpcService.java:204)
	at org.apache.ratis.server.impl.LeaderElection.lambda$submitRequests$1(LeaderElection.java:234)
	at java.util.concurrent.FutureTask.run(FutureTask.java:266)
	at java.util.concurrent.Executors$RunnableAdapter.call(Executors.java:511)
	at java.util.concurrent.FutureTask.run(FutureTask.java:266)
	at java.util.concurrent.ThreadPoolExecutor.runWorker(ThreadPoolExecutor.java:1149)
	at java.util.concurrent.ThreadPoolExecutor$Worker.run(ThreadPoolExecutor.java:624)
	... 1 more
Caused by: org.apache.ratis.thirdparty.io.netty.channel.AbstractChannel$AnnotatedConnectException: Connection refused: /192.168.157.254:45598
	at sun.nio.ch.SocketChannelImpl.checkConnect(Native Method)
	at sun.nio.ch.SocketChannelImpl.finishConnect(SocketChannelImpl.java:717)
	at org.apache.ratis.thirdparty.io.netty.channel.socket.nio.NioSocketChannel.doFinishConnect(NioSocketChannel.java:327)
	at org.apache.ratis.thirdparty.io.netty.channel.nio.AbstractNioChannel$AbstractNioUnsafe.finishConnect(AbstractNioChannel.java:340)
	at org.apache.ratis.thirdparty.io.netty.channel.nio.NioEventLoop.processSelectedKey(NioEventLoop.java:632)
	at org.apache.ratis.thirdparty.io.netty.channel.nio.NioEventLoop.processSelectedKeysOptimized(NioEventLoop.java:579)
	at org.apache.ratis.thirdparty.io.netty.channel.nio.NioEventLoop.processSelectedKeys(NioEventLoop.java:496)
	at org.apache.ratis.thirdparty.io.netty.channel.nio.NioEventLoop.run(NioEventLoop.java:458)
	at org.apache.ratis.thirdparty.io.netty.util.concurrent.SingleThreadEventExecutor$5.run(SingleThreadEventExecutor.java:897)
	at org.apache.ratis.thirdparty.io.netty.util.concurrent.FastThreadLocalRunnable.run(FastThreadLocalRunnable.java:30)
	... 1 more
Caused by: java.net.ConnectException: Connection refused
	... 11 more
2019-10-22 00:13:22,656 [2fdb3e93-e0d8-400e-8c33-91e2341b50c6@group-F01152B53F91-LeaderElection251] INFO  impl.LeaderElection (LogUtils.java:infoOrTrace(149)) -   Exception 1: {}
java.util.concurrent.ExecutionException: org.apache.ratis.thirdparty.io.grpc.StatusRuntimeException: UNAVAILABLE: io exception
	at java.util.concurrent.FutureTask.report(FutureTask.java:122)
	at java.util.concurrent.FutureTask.get(FutureTask.java:192)
	at org.apache.ratis.server.impl.LeaderElection.waitForResults(LeaderElection.java:259)
	at org.apache.ratis.server.impl.LeaderElection.askForVotes(LeaderElection.java:197)
	at org.apache.ratis.server.impl.LeaderElection.run(LeaderElection.java:133)
	at java.lang.Thread.run(Thread.java:748)
Caused by: org.apache.ratis.thirdparty.io.grpc.StatusRuntimeException: UNAVAILABLE: io exception
	at org.apache.ratis.thirdparty.io.grpc.stub.ClientCalls.toStatusRuntimeException(ClientCalls.java:233)
	at org.apache.ratis.thirdparty.io.grpc.stub.ClientCalls.getUnchecked(ClientCalls.java:214)
	at org.apache.ratis.thirdparty.io.grpc.stub.ClientCalls.blockingUnaryCall(ClientCalls.java:139)
	at org.apache.ratis.proto.grpc.RaftServerProtocolServiceGrpc$RaftServerProtocolServiceBlockingStub.requestVote(RaftServerProtocolServiceGrpc.java:265)
	at org.apache.ratis.grpc.server.GrpcServerProtocolClient.requestVote(GrpcServerProtocolClient.java:99)
	at org.apache.ratis.grpc.server.GrpcService.requestVote(GrpcService.java:204)
	at org.apache.ratis.server.impl.LeaderElection.lambda$submitRequests$1(LeaderElection.java:234)
	at java.util.concurrent.FutureTask.run(FutureTask.java:266)
	at java.util.concurrent.Executors$RunnableAdapter.call(Executors.java:511)
	at java.util.concurrent.FutureTask.run(FutureTask.java:266)
	at java.util.concurrent.ThreadPoolExecutor.runWorker(ThreadPoolExecutor.java:1149)
	at java.util.concurrent.ThreadPoolExecutor$Worker.run(ThreadPoolExecutor.java:624)
	... 1 more
Caused by: org.apache.ratis.thirdparty.io.netty.channel.AbstractChannel$AnnotatedConnectException: Connection refused: /192.168.157.254:36038
	at sun.nio.ch.SocketChannelImpl.checkConnect(Native Method)
	at sun.nio.ch.SocketChannelImpl.finishConnect(SocketChannelImpl.java:717)
	at org.apache.ratis.thirdparty.io.netty.channel.socket.nio.NioSocketChannel.doFinishConnect(NioSocketChannel.java:327)
	at org.apache.ratis.thirdparty.io.netty.channel.nio.AbstractNioChannel$AbstractNioUnsafe.finishConnect(AbstractNioChannel.java:340)
	at org.apache.ratis.thirdparty.io.netty.channel.nio.NioEventLoop.processSelectedKey(NioEventLoop.java:632)
	at org.apache.ratis.thirdparty.io.netty.channel.nio.NioEventLoop.processSelectedKeysOptimized(NioEventLoop.java:579)
	at org.apache.ratis.thirdparty.io.netty.channel.nio.NioEventLoop.processSelectedKeys(NioEventLoop.java:496)
	at org.apache.ratis.thirdparty.io.netty.channel.nio.NioEventLoop.run(NioEventLoop.java:458)
	at org.apache.ratis.thirdparty.io.netty.util.concurrent.SingleThreadEventExecutor$5.run(SingleThreadEventExecutor.java:897)
	at org.apache.ratis.thirdparty.io.netty.util.concurrent.FastThreadLocalRunnable.run(FastThreadLocalRunnable.java:30)
	... 1 more
Caused by: java.net.ConnectException: Connection refused
	... 11 more
2019-10-22 00:13:22,656 [2fdb3e93-e0d8-400e-8c33-91e2341b50c6@group-F01152B53F91-LeaderElection251] INFO  impl.RaftServerImpl (RaftServerImpl.java:setRole(184)) - 2fdb3e93-e0d8-400e-8c33-91e2341b50c6@group-F01152B53F91: changes role from CANDIDATE to FOLLOWER at term 250 for DISCOVERED_A_NEW_TERM
2019-10-22 00:13:22,656 [2fdb3e93-e0d8-400e-8c33-91e2341b50c6@group-F01152B53F91-LeaderElection251] INFO  impl.RoleInfo (RoleInfo.java:shutdownLeaderElection(134)) - 2fdb3e93-e0d8-400e-8c33-91e2341b50c6: shutdown LeaderElection
2019-10-22 00:13:22,656 [2fdb3e93-e0d8-400e-8c33-91e2341b50c6@group-F01152B53F91-LeaderElection251] INFO  impl.RoleInfo (RoleInfo.java:updateAndGet(143)) - 2fdb3e93-e0d8-400e-8c33-91e2341b50c6: start FollowerState
2019-10-22 00:13:22,658 [Thread-2047] INFO  impl.FollowerState (FollowerState.java:run(108)) - 2fdb3e93-e0d8-400e-8c33-91e2341b50c6@group-F01152B53F91-FollowerState: change to CANDIDATE, lastRpcTime:1ms, electionTimeout:1ms
2019-10-22 00:13:22,658 [Thread-2047] INFO  impl.RoleInfo (RoleInfo.java:shutdownFollowerState(121)) - 2fdb3e93-e0d8-400e-8c33-91e2341b50c6: shutdown FollowerState
2019-10-22 00:13:22,658 [Thread-2047] INFO  impl.RaftServerImpl (RaftServerImpl.java:setRole(184)) - 2fdb3e93-e0d8-400e-8c33-91e2341b50c6@group-F01152B53F91: changes role from  FOLLOWER to CANDIDATE at term 250 for changeToCandidate
2019-10-22 00:13:22,658 [Thread-2047] INFO  impl.RoleInfo (RoleInfo.java:updateAndGet(143)) - 2fdb3e93-e0d8-400e-8c33-91e2341b50c6: start LeaderElection
2019-10-22 00:13:22,671 [2fdb3e93-e0d8-400e-8c33-91e2341b50c6@group-F01152B53F91-LeaderElection252] INFO  impl.LeaderElection (LeaderElection.java:askForVotes(178)) - 2fdb3e93-e0d8-400e-8c33-91e2341b50c6@group-F01152B53F91-LeaderElection252: begin an election at term 251 for -1: [2fdb3e93-e0d8-400e-8c33-91e2341b50c6:192.168.157.254:43254, 062c71de-08d9-40ee-9309-15590e2e8e68:192.168.157.254:45598, 2a52019e-5647-44e1-bf30-9a43fd8a7377:192.168.157.254:36038], old=null
2019-10-22 00:13:22,672 [2fdb3e93-e0d8-400e-8c33-91e2341b50c6@group-F01152B53F91-LeaderElection252] INFO  impl.LeaderElection (LogUtils.java:infoOrTrace(149)) - 2fdb3e93-e0d8-400e-8c33-91e2341b50c6@group-F01152B53F91-LeaderElection252 got exception when requesting votes: {}
java.util.concurrent.ExecutionException: org.apache.ratis.thirdparty.io.grpc.StatusRuntimeException: UNAVAILABLE: io exception
	at java.util.concurrent.FutureTask.report(FutureTask.java:122)
	at java.util.concurrent.FutureTask.get(FutureTask.java:192)
	at org.apache.ratis.server.impl.LeaderElection.waitForResults(LeaderElection.java:259)
	at org.apache.ratis.server.impl.LeaderElection.askForVotes(LeaderElection.java:197)
	at org.apache.ratis.server.impl.LeaderElection.run(LeaderElection.java:133)
	at java.lang.Thread.run(Thread.java:748)
Caused by: org.apache.ratis.thirdparty.io.grpc.StatusRuntimeException: UNAVAILABLE: io exception
	at org.apache.ratis.thirdparty.io.grpc.stub.ClientCalls.toStatusRuntimeException(ClientCalls.java:233)
	at org.apache.ratis.thirdparty.io.grpc.stub.ClientCalls.getUnchecked(ClientCalls.java:214)
	at org.apache.ratis.thirdparty.io.grpc.stub.ClientCalls.blockingUnaryCall(ClientCalls.java:139)
	at org.apache.ratis.proto.grpc.RaftServerProtocolServiceGrpc$RaftServerProtocolServiceBlockingStub.requestVote(RaftServerProtocolServiceGrpc.java:265)
	at org.apache.ratis.grpc.server.GrpcServerProtocolClient.requestVote(GrpcServerProtocolClient.java:99)
	at org.apache.ratis.grpc.server.GrpcService.requestVote(GrpcService.java:204)
	at org.apache.ratis.server.impl.LeaderElection.lambda$submitRequests$1(LeaderElection.java:234)
	at java.util.concurrent.FutureTask.run(FutureTask.java:266)
	at java.util.concurrent.Executors$RunnableAdapter.call(Executors.java:511)
	at java.util.concurrent.FutureTask.run(FutureTask.java:266)
	at java.util.concurrent.ThreadPoolExecutor.runWorker(ThreadPoolExecutor.java:1149)
	at java.util.concurrent.ThreadPoolExecutor$Worker.run(ThreadPoolExecutor.java:624)
	... 1 more
Caused by: org.apache.ratis.thirdparty.io.netty.channel.AbstractChannel$AnnotatedConnectException: Connection refused: /192.168.157.254:45598
	at sun.nio.ch.SocketChannelImpl.checkConnect(Native Method)
	at sun.nio.ch.SocketChannelImpl.finishConnect(SocketChannelImpl.java:717)
	at org.apache.ratis.thirdparty.io.netty.channel.socket.nio.NioSocketChannel.doFinishConnect(NioSocketChannel.java:327)
	at org.apache.ratis.thirdparty.io.netty.channel.nio.AbstractNioChannel$AbstractNioUnsafe.finishConnect(AbstractNioChannel.java:340)
	at org.apache.ratis.thirdparty.io.netty.channel.nio.NioEventLoop.processSelectedKey(NioEventLoop.java:632)
	at org.apache.ratis.thirdparty.io.netty.channel.nio.NioEventLoop.processSelectedKeysOptimized(NioEventLoop.java:579)
	at org.apache.ratis.thirdparty.io.netty.channel.nio.NioEventLoop.processSelectedKeys(NioEventLoop.java:496)
	at org.apache.ratis.thirdparty.io.netty.channel.nio.NioEventLoop.run(NioEventLoop.java:458)
	at org.apache.ratis.thirdparty.io.netty.util.concurrent.SingleThreadEventExecutor$5.run(SingleThreadEventExecutor.java:897)
	at org.apache.ratis.thirdparty.io.netty.util.concurrent.FastThreadLocalRunnable.run(FastThreadLocalRunnable.java:30)
	... 1 more
Caused by: java.net.ConnectException: Connection refused
	... 11 more
2019-10-22 00:13:22,672 [2fdb3e93-e0d8-400e-8c33-91e2341b50c6@group-F01152B53F91-LeaderElection252] INFO  impl.LeaderElection (LogUtils.java:infoOrTrace(149)) - 2fdb3e93-e0d8-400e-8c33-91e2341b50c6@group-F01152B53F91-LeaderElection252 got exception when requesting votes: {}
java.util.concurrent.ExecutionException: org.apache.ratis.thirdparty.io.grpc.StatusRuntimeException: UNAVAILABLE: io exception
	at java.util.concurrent.FutureTask.report(FutureTask.java:122)
	at java.util.concurrent.FutureTask.get(FutureTask.java:192)
	at org.apache.ratis.server.impl.LeaderElection.waitForResults(LeaderElection.java:259)
	at org.apache.ratis.server.impl.LeaderElection.askForVotes(LeaderElection.java:197)
	at org.apache.ratis.server.impl.LeaderElection.run(LeaderElection.java:133)
	at java.lang.Thread.run(Thread.java:748)
Caused by: org.apache.ratis.thirdparty.io.grpc.StatusRuntimeException: UNAVAILABLE: io exception
	at org.apache.ratis.thirdparty.io.grpc.stub.ClientCalls.toStatusRuntimeException(ClientCalls.java:233)
	at org.apache.ratis.thirdparty.io.grpc.stub.ClientCalls.getUnchecked(ClientCalls.java:214)
	at org.apache.ratis.thirdparty.io.grpc.stub.ClientCalls.blockingUnaryCall(ClientCalls.java:139)
	at org.apache.ratis.proto.grpc.RaftServerProtocolServiceGrpc$RaftServerProtocolServiceBlockingStub.requestVote(RaftServerProtocolServiceGrpc.java:265)
	at org.apache.ratis.grpc.server.GrpcServerProtocolClient.requestVote(GrpcServerProtocolClient.java:99)
	at org.apache.ratis.grpc.server.GrpcService.requestVote(GrpcService.java:204)
	at org.apache.ratis.server.impl.LeaderElection.lambda$submitRequests$1(LeaderElection.java:234)
	at java.util.concurrent.FutureTask.run(FutureTask.java:266)
	at java.util.concurrent.Executors$RunnableAdapter.call(Executors.java:511)
	at java.util.concurrent.FutureTask.run(FutureTask.java:266)
	at java.util.concurrent.ThreadPoolExecutor.runWorker(ThreadPoolExecutor.java:1149)
	at java.util.concurrent.ThreadPoolExecutor$Worker.run(ThreadPoolExecutor.java:624)
	... 1 more
Caused by: org.apache.ratis.thirdparty.io.netty.channel.AbstractChannel$AnnotatedConnectException: Connection refused: /192.168.157.254:36038
	at sun.nio.ch.SocketChannelImpl.checkConnect(Native Method)
	at sun.nio.ch.SocketChannelImpl.finishConnect(SocketChannelImpl.java:717)
	at org.apache.ratis.thirdparty.io.netty.channel.socket.nio.NioSocketChannel.doFinishConnect(NioSocketChannel.java:327)
	at org.apache.ratis.thirdparty.io.netty.channel.nio.AbstractNioChannel$AbstractNioUnsafe.finishConnect(AbstractNioChannel.java:340)
	at org.apache.ratis.thirdparty.io.netty.channel.nio.NioEventLoop.processSelectedKey(NioEventLoop.java:632)
	at org.apache.ratis.thirdparty.io.netty.channel.nio.NioEventLoop.processSelectedKeysOptimized(NioEventLoop.java:579)
	at org.apache.ratis.thirdparty.io.netty.channel.nio.NioEventLoop.processSelectedKeys(NioEventLoop.java:496)
	at org.apache.ratis.thirdparty.io.netty.channel.nio.NioEventLoop.run(NioEventLoop.java:458)
	at org.apache.ratis.thirdparty.io.netty.util.concurrent.SingleThreadEventExecutor$5.run(SingleThreadEventExecutor.java:897)
	at org.apache.ratis.thirdparty.io.netty.util.concurrent.FastThreadLocalRunnable.run(FastThreadLocalRunnable.java:30)
	... 1 more
Caused by: java.net.ConnectException: Connection refused
	... 11 more
2019-10-22 00:13:22,672 [2fdb3e93-e0d8-400e-8c33-91e2341b50c6@group-F01152B53F91-LeaderElection252] INFO  impl.LeaderElection (LeaderElection.java:logAndReturn(56)) - 2fdb3e93-e0d8-400e-8c33-91e2341b50c6@group-F01152B53F91-LeaderElection252: Election REJECTED; received 0 response(s) [] and 2 exception(s); 2fdb3e93-e0d8-400e-8c33-91e2341b50c6@group-F01152B53F91:t251, leader=null, voted=2fdb3e93-e0d8-400e-8c33-91e2341b50c6, raftlog=2fdb3e93-e0d8-400e-8c33-91e2341b50c6@group-F01152B53F91-SegmentedRaftLog:OPENED:c-1,f-1,i0, conf=-1: [2fdb3e93-e0d8-400e-8c33-91e2341b50c6:192.168.157.254:43254, 062c71de-08d9-40ee-9309-15590e2e8e68:192.168.157.254:45598, 2a52019e-5647-44e1-bf30-9a43fd8a7377:192.168.157.254:36038], old=null
2019-10-22 00:13:22,672 [2fdb3e93-e0d8-400e-8c33-91e2341b50c6@group-F01152B53F91-LeaderElection252] INFO  impl.LeaderElection (LogUtils.java:infoOrTrace(149)) -   Exception 0: {}
java.util.concurrent.ExecutionException: org.apache.ratis.thirdparty.io.grpc.StatusRuntimeException: UNAVAILABLE: io exception
	at java.util.concurrent.FutureTask.report(FutureTask.java:122)
	at java.util.concurrent.FutureTask.get(FutureTask.java:192)
	at org.apache.ratis.server.impl.LeaderElection.waitForResults(LeaderElection.java:259)
	at org.apache.ratis.server.impl.LeaderElection.askForVotes(LeaderElection.java:197)
	at org.apache.ratis.server.impl.LeaderElection.run(LeaderElection.java:133)
	at java.lang.Thread.run(Thread.java:748)
Caused by: org.apache.ratis.thirdparty.io.grpc.StatusRuntimeException: UNAVAILABLE: io exception
	at org.apache.ratis.thirdparty.io.grpc.stub.ClientCalls.toStatusRuntimeException(ClientCalls.java:233)
	at org.apache.ratis.thirdparty.io.grpc.stub.ClientCalls.getUnchecked(ClientCalls.java:214)
	at org.apache.ratis.thirdparty.io.grpc.stub.ClientCalls.blockingUnaryCall(ClientCalls.java:139)
	at org.apache.ratis.proto.grpc.RaftServerProtocolServiceGrpc$RaftServerProtocolServiceBlockingStub.requestVote(RaftServerProtocolServiceGrpc.java:265)
	at org.apache.ratis.grpc.server.GrpcServerProtocolClient.requestVote(GrpcServerProtocolClient.java:99)
	at org.apache.ratis.grpc.server.GrpcService.requestVote(GrpcService.java:204)
	at org.apache.ratis.server.impl.LeaderElection.lambda$submitRequests$1(LeaderElection.java:234)
	at java.util.concurrent.FutureTask.run(FutureTask.java:266)
	at java.util.concurrent.Executors$RunnableAdapter.call(Executors.java:511)
	at java.util.concurrent.FutureTask.run(FutureTask.java:266)
	at java.util.concurrent.ThreadPoolExecutor.runWorker(ThreadPoolExecutor.java:1149)
	at java.util.concurrent.ThreadPoolExecutor$Worker.run(ThreadPoolExecutor.java:624)
	... 1 more
Caused by: org.apache.ratis.thirdparty.io.netty.channel.AbstractChannel$AnnotatedConnectException: Connection refused: /192.168.157.254:45598
	at sun.nio.ch.SocketChannelImpl.checkConnect(Native Method)
	at sun.nio.ch.SocketChannelImpl.finishConnect(SocketChannelImpl.java:717)
	at org.apache.ratis.thirdparty.io.netty.channel.socket.nio.NioSocketChannel.doFinishConnect(NioSocketChannel.java:327)
	at org.apache.ratis.thirdparty.io.netty.channel.nio.AbstractNioChannel$AbstractNioUnsafe.finishConnect(AbstractNioChannel.java:340)
	at org.apache.ratis.thirdparty.io.netty.channel.nio.NioEventLoop.processSelectedKey(NioEventLoop.java:632)
	at org.apache.ratis.thirdparty.io.netty.channel.nio.NioEventLoop.processSelectedKeysOptimized(NioEventLoop.java:579)
	at org.apache.ratis.thirdparty.io.netty.channel.nio.NioEventLoop.processSelectedKeys(NioEventLoop.java:496)
	at org.apache.ratis.thirdparty.io.netty.channel.nio.NioEventLoop.run(NioEventLoop.java:458)
	at org.apache.ratis.thirdparty.io.netty.util.concurrent.SingleThreadEventExecutor$5.run(SingleThreadEventExecutor.java:897)
	at org.apache.ratis.thirdparty.io.netty.util.concurrent.FastThreadLocalRunnable.run(FastThreadLocalRunnable.java:30)
	... 1 more
Caused by: java.net.ConnectException: Connection refused
	... 11 more
2019-10-22 00:13:22,673 [2fdb3e93-e0d8-400e-8c33-91e2341b50c6@group-F01152B53F91-LeaderElection252] INFO  impl.LeaderElection (LogUtils.java:infoOrTrace(149)) -   Exception 1: {}
java.util.concurrent.ExecutionException: org.apache.ratis.thirdparty.io.grpc.StatusRuntimeException: UNAVAILABLE: io exception
	at java.util.concurrent.FutureTask.report(FutureTask.java:122)
	at java.util.concurrent.FutureTask.get(FutureTask.java:192)
	at org.apache.ratis.server.impl.LeaderElection.waitForResults(LeaderElection.java:259)
	at org.apache.ratis.server.impl.LeaderElection.askForVotes(LeaderElection.java:197)
	at org.apache.ratis.server.impl.LeaderElection.run(LeaderElection.java:133)
	at java.lang.Thread.run(Thread.java:748)
Caused by: org.apache.ratis.thirdparty.io.grpc.StatusRuntimeException: UNAVAILABLE: io exception
	at org.apache.ratis.thirdparty.io.grpc.stub.ClientCalls.toStatusRuntimeException(ClientCalls.java:233)
	at org.apache.ratis.thirdparty.io.grpc.stub.ClientCalls.getUnchecked(ClientCalls.java:214)
	at org.apache.ratis.thirdparty.io.grpc.stub.ClientCalls.blockingUnaryCall(ClientCalls.java:139)
	at org.apache.ratis.proto.grpc.RaftServerProtocolServiceGrpc$RaftServerProtocolServiceBlockingStub.requestVote(RaftServerProtocolServiceGrpc.java:265)
	at org.apache.ratis.grpc.server.GrpcServerProtocolClient.requestVote(GrpcServerProtocolClient.java:99)
	at org.apache.ratis.grpc.server.GrpcService.requestVote(GrpcService.java:204)
	at org.apache.ratis.server.impl.LeaderElection.lambda$submitRequests$1(LeaderElection.java:234)
	at java.util.concurrent.FutureTask.run(FutureTask.java:266)
	at java.util.concurrent.Executors$RunnableAdapter.call(Executors.java:511)
	at java.util.concurrent.FutureTask.run(FutureTask.java:266)
	at java.util.concurrent.ThreadPoolExecutor.runWorker(ThreadPoolExecutor.java:1149)
	at java.util.concurrent.ThreadPoolExecutor$Worker.run(ThreadPoolExecutor.java:624)
	... 1 more
Caused by: org.apache.ratis.thirdparty.io.netty.channel.AbstractChannel$AnnotatedConnectException: Connection refused: /192.168.157.254:36038
	at sun.nio.ch.SocketChannelImpl.checkConnect(Native Method)
	at sun.nio.ch.SocketChannelImpl.finishConnect(SocketChannelImpl.java:717)
	at org.apache.ratis.thirdparty.io.netty.channel.socket.nio.NioSocketChannel.doFinishConnect(NioSocketChannel.java:327)
	at org.apache.ratis.thirdparty.io.netty.channel.nio.AbstractNioChannel$AbstractNioUnsafe.finishConnect(AbstractNioChannel.java:340)
	at org.apache.ratis.thirdparty.io.netty.channel.nio.NioEventLoop.processSelectedKey(NioEventLoop.java:632)
	at org.apache.ratis.thirdparty.io.netty.channel.nio.NioEventLoop.processSelectedKeysOptimized(NioEventLoop.java:579)
	at org.apache.ratis.thirdparty.io.netty.channel.nio.NioEventLoop.processSelectedKeys(NioEventLoop.java:496)
	at org.apache.ratis.thirdparty.io.netty.channel.nio.NioEventLoop.run(NioEventLoop.java:458)
	at org.apache.ratis.thirdparty.io.netty.util.concurrent.SingleThreadEventExecutor$5.run(SingleThreadEventExecutor.java:897)
	at org.apache.ratis.thirdparty.io.netty.util.concurrent.FastThreadLocalRunnable.run(FastThreadLocalRunnable.java:30)
	... 1 more
Caused by: java.net.ConnectException: Connection refused
	... 11 more
2019-10-22 00:13:22,673 [2fdb3e93-e0d8-400e-8c33-91e2341b50c6@group-F01152B53F91-LeaderElection252] INFO  impl.RaftServerImpl (RaftServerImpl.java:setRole(184)) - 2fdb3e93-e0d8-400e-8c33-91e2341b50c6@group-F01152B53F91: changes role from CANDIDATE to FOLLOWER at term 251 for DISCOVERED_A_NEW_TERM
2019-10-22 00:13:22,673 [2fdb3e93-e0d8-400e-8c33-91e2341b50c6@group-F01152B53F91-LeaderElection252] INFO  impl.RoleInfo (RoleInfo.java:shutdownLeaderElection(134)) - 2fdb3e93-e0d8-400e-8c33-91e2341b50c6: shutdown LeaderElection
2019-10-22 00:13:22,673 [2fdb3e93-e0d8-400e-8c33-91e2341b50c6@group-F01152B53F91-LeaderElection252] INFO  impl.RoleInfo (RoleInfo.java:updateAndGet(143)) - 2fdb3e93-e0d8-400e-8c33-91e2341b50c6: start FollowerState
2019-10-22 00:13:22,801 [java.util.concurrent.ThreadPoolExecutor$Worker@c41ae0f[State = -1, empty queue]] WARN  server.GrpcLogAppender (GrpcLogAppender.java:timeoutAppendRequest(209)) - fad63ceb-ed14-4322-905d-6ef3599ac734@group-0045C62F497D->5732e052-e19f-40fe-a104-972211db20fb-GrpcLogAppender: appendEntries Timeout, request=fad63ceb-ed14-4322-905d-6ef3599ac734->5732e052-e19f-40fe-a104-972211db20fb#56-t1, previous=(t:1, i:0), leaderCommit=0, initializing? false, entries: <empty>
2019-10-22 00:13:22,810 [Thread-2051] INFO  impl.FollowerState (FollowerState.java:run(108)) - 2fdb3e93-e0d8-400e-8c33-91e2341b50c6@group-F01152B53F91-FollowerState: change to CANDIDATE, lastRpcTime:137ms, electionTimeout:137ms
2019-10-22 00:13:22,811 [Thread-2051] INFO  impl.RoleInfo (RoleInfo.java:shutdownFollowerState(121)) - 2fdb3e93-e0d8-400e-8c33-91e2341b50c6: shutdown FollowerState
2019-10-22 00:13:22,811 [Thread-2051] INFO  impl.RaftServerImpl (RaftServerImpl.java:setRole(184)) - 2fdb3e93-e0d8-400e-8c33-91e2341b50c6@group-F01152B53F91: changes role from  FOLLOWER to CANDIDATE at term 251 for changeToCandidate
2019-10-22 00:13:22,811 [Thread-2051] INFO  impl.RoleInfo (RoleInfo.java:updateAndGet(143)) - 2fdb3e93-e0d8-400e-8c33-91e2341b50c6: start LeaderElection
2019-10-22 00:13:22,870 [java.util.concurrent.ThreadPoolExecutor$Worker@48cd139a[State = -1, empty queue]] WARN  server.GrpcLogAppender (GrpcLogAppender.java:timeoutAppendRequest(209)) - fad63ceb-ed14-4322-905d-6ef3599ac734@group-0045C62F497D->1913eeb9-7f58-4aef-bfea-8e00a2a3aadf-GrpcLogAppender: appendEntries Timeout, request=fad63ceb-ed14-4322-905d-6ef3599ac734->1913eeb9-7f58-4aef-bfea-8e00a2a3aadf#56-t1, previous=(t:1, i:0), leaderCommit=0, initializing? false, entries: <empty>
2019-10-22 00:13:22,874 [2fdb3e93-e0d8-400e-8c33-91e2341b50c6@group-F01152B53F91-LeaderElection253] INFO  impl.LeaderElection (LeaderElection.java:askForVotes(178)) - 2fdb3e93-e0d8-400e-8c33-91e2341b50c6@group-F01152B53F91-LeaderElection253: begin an election at term 252 for -1: [2fdb3e93-e0d8-400e-8c33-91e2341b50c6:192.168.157.254:43254, 062c71de-08d9-40ee-9309-15590e2e8e68:192.168.157.254:45598, 2a52019e-5647-44e1-bf30-9a43fd8a7377:192.168.157.254:36038], old=null
2019-10-22 00:13:22,875 [2fdb3e93-e0d8-400e-8c33-91e2341b50c6@group-F01152B53F91-LeaderElection253] INFO  impl.LeaderElection (LogUtils.java:infoOrTrace(149)) - 2fdb3e93-e0d8-400e-8c33-91e2341b50c6@group-F01152B53F91-LeaderElection253 got exception when requesting votes: {}
java.util.concurrent.ExecutionException: org.apache.ratis.thirdparty.io.grpc.StatusRuntimeException: UNAVAILABLE: io exception
	at java.util.concurrent.FutureTask.report(FutureTask.java:122)
	at java.util.concurrent.FutureTask.get(FutureTask.java:192)
	at org.apache.ratis.server.impl.LeaderElection.waitForResults(LeaderElection.java:259)
	at org.apache.ratis.server.impl.LeaderElection.askForVotes(LeaderElection.java:197)
	at org.apache.ratis.server.impl.LeaderElection.run(LeaderElection.java:133)
	at java.lang.Thread.run(Thread.java:748)
Caused by: org.apache.ratis.thirdparty.io.grpc.StatusRuntimeException: UNAVAILABLE: io exception
	at org.apache.ratis.thirdparty.io.grpc.stub.ClientCalls.toStatusRuntimeException(ClientCalls.java:233)
	at org.apache.ratis.thirdparty.io.grpc.stub.ClientCalls.getUnchecked(ClientCalls.java:214)
	at org.apache.ratis.thirdparty.io.grpc.stub.ClientCalls.blockingUnaryCall(ClientCalls.java:139)
	at org.apache.ratis.proto.grpc.RaftServerProtocolServiceGrpc$RaftServerProtocolServiceBlockingStub.requestVote(RaftServerProtocolServiceGrpc.java:265)
	at org.apache.ratis.grpc.server.GrpcServerProtocolClient.requestVote(GrpcServerProtocolClient.java:99)
	at org.apache.ratis.grpc.server.GrpcService.requestVote(GrpcService.java:204)
	at org.apache.ratis.server.impl.LeaderElection.lambda$submitRequests$1(LeaderElection.java:234)
	at java.util.concurrent.FutureTask.run(FutureTask.java:266)
	at java.util.concurrent.Executors$RunnableAdapter.call(Executors.java:511)
	at java.util.concurrent.FutureTask.run(FutureTask.java:266)
	at java.util.concurrent.ThreadPoolExecutor.runWorker(ThreadPoolExecutor.java:1149)
	at java.util.concurrent.ThreadPoolExecutor$Worker.run(ThreadPoolExecutor.java:624)
	... 1 more
Caused by: org.apache.ratis.thirdparty.io.netty.channel.AbstractChannel$AnnotatedConnectException: Connection refused: /192.168.157.254:45598
	at sun.nio.ch.SocketChannelImpl.checkConnect(Native Method)
	at sun.nio.ch.SocketChannelImpl.finishConnect(SocketChannelImpl.java:717)
	at org.apache.ratis.thirdparty.io.netty.channel.socket.nio.NioSocketChannel.doFinishConnect(NioSocketChannel.java:327)
	at org.apache.ratis.thirdparty.io.netty.channel.nio.AbstractNioChannel$AbstractNioUnsafe.finishConnect(AbstractNioChannel.java:340)
	at org.apache.ratis.thirdparty.io.netty.channel.nio.NioEventLoop.processSelectedKey(NioEventLoop.java:632)
	at org.apache.ratis.thirdparty.io.netty.channel.nio.NioEventLoop.processSelectedKeysOptimized(NioEventLoop.java:579)
	at org.apache.ratis.thirdparty.io.netty.channel.nio.NioEventLoop.processSelectedKeys(NioEventLoop.java:496)
	at org.apache.ratis.thirdparty.io.netty.channel.nio.NioEventLoop.run(NioEventLoop.java:458)
	at org.apache.ratis.thirdparty.io.netty.util.concurrent.SingleThreadEventExecutor$5.run(SingleThreadEventExecutor.java:897)
	at org.apache.ratis.thirdparty.io.netty.util.concurrent.FastThreadLocalRunnable.run(FastThreadLocalRunnable.java:30)
	... 1 more
Caused by: java.net.ConnectException: Connection refused
	... 11 more
2019-10-22 00:13:22,875 [2fdb3e93-e0d8-400e-8c33-91e2341b50c6@group-F01152B53F91-LeaderElection253] INFO  impl.LeaderElection (LogUtils.java:infoOrTrace(149)) - 2fdb3e93-e0d8-400e-8c33-91e2341b50c6@group-F01152B53F91-LeaderElection253 got exception when requesting votes: {}
java.util.concurrent.ExecutionException: org.apache.ratis.thirdparty.io.grpc.StatusRuntimeException: UNAVAILABLE: io exception
	at java.util.concurrent.FutureTask.report(FutureTask.java:122)
	at java.util.concurrent.FutureTask.get(FutureTask.java:192)
	at org.apache.ratis.server.impl.LeaderElection.waitForResults(LeaderElection.java:259)
	at org.apache.ratis.server.impl.LeaderElection.askForVotes(LeaderElection.java:197)
	at org.apache.ratis.server.impl.LeaderElection.run(LeaderElection.java:133)
	at java.lang.Thread.run(Thread.java:748)
Caused by: org.apache.ratis.thirdparty.io.grpc.StatusRuntimeException: UNAVAILABLE: io exception
	at org.apache.ratis.thirdparty.io.grpc.stub.ClientCalls.toStatusRuntimeException(ClientCalls.java:233)
	at org.apache.ratis.thirdparty.io.grpc.stub.ClientCalls.getUnchecked(ClientCalls.java:214)
	at org.apache.ratis.thirdparty.io.grpc.stub.ClientCalls.blockingUnaryCall(ClientCalls.java:139)
	at org.apache.ratis.proto.grpc.RaftServerProtocolServiceGrpc$RaftServerProtocolServiceBlockingStub.requestVote(RaftServerProtocolServiceGrpc.java:265)
	at org.apache.ratis.grpc.server.GrpcServerProtocolClient.requestVote(GrpcServerProtocolClient.java:99)
	at org.apache.ratis.grpc.server.GrpcService.requestVote(GrpcService.java:204)
	at org.apache.ratis.server.impl.LeaderElection.lambda$submitRequests$1(LeaderElection.java:234)
	at java.util.concurrent.FutureTask.run(FutureTask.java:266)
	at java.util.concurrent.Executors$RunnableAdapter.call(Executors.java:511)
	at java.util.concurrent.FutureTask.run(FutureTask.java:266)
	at java.util.concurrent.ThreadPoolExecutor.runWorker(ThreadPoolExecutor.java:1149)
	at java.util.concurrent.ThreadPoolExecutor$Worker.run(ThreadPoolExecutor.java:624)
	... 1 more
Caused by: org.apache.ratis.thirdparty.io.netty.channel.AbstractChannel$AnnotatedConnectException: Connection refused: /192.168.157.254:36038
	at sun.nio.ch.SocketChannelImpl.checkConnect(Native Method)
	at sun.nio.ch.SocketChannelImpl.finishConnect(SocketChannelImpl.java:717)
	at org.apache.ratis.thirdparty.io.netty.channel.socket.nio.NioSocketChannel.doFinishConnect(NioSocketChannel.java:327)
	at org.apache.ratis.thirdparty.io.netty.channel.nio.AbstractNioChannel$AbstractNioUnsafe.finishConnect(AbstractNioChannel.java:340)
	at org.apache.ratis.thirdparty.io.netty.channel.nio.NioEventLoop.processSelectedKey(NioEventLoop.java:632)
	at org.apache.ratis.thirdparty.io.netty.channel.nio.NioEventLoop.processSelectedKeysOptimized(NioEventLoop.java:579)
	at org.apache.ratis.thirdparty.io.netty.channel.nio.NioEventLoop.processSelectedKeys(NioEventLoop.java:496)
	at org.apache.ratis.thirdparty.io.netty.channel.nio.NioEventLoop.run(NioEventLoop.java:458)
	at org.apache.ratis.thirdparty.io.netty.util.concurrent.SingleThreadEventExecutor$5.run(SingleThreadEventExecutor.java:897)
	at org.apache.ratis.thirdparty.io.netty.util.concurrent.FastThreadLocalRunnable.run(FastThreadLocalRunnable.java:30)
	... 1 more
Caused by: java.net.ConnectException: Connection refused
	... 11 more
2019-10-22 00:13:22,876 [2fdb3e93-e0d8-400e-8c33-91e2341b50c6@group-F01152B53F91-LeaderElection253] INFO  impl.LeaderElection (LeaderElection.java:logAndReturn(56)) - 2fdb3e93-e0d8-400e-8c33-91e2341b50c6@group-F01152B53F91-LeaderElection253: Election REJECTED; received 0 response(s) [] and 2 exception(s); 2fdb3e93-e0d8-400e-8c33-91e2341b50c6@group-F01152B53F91:t252, leader=null, voted=2fdb3e93-e0d8-400e-8c33-91e2341b50c6, raftlog=2fdb3e93-e0d8-400e-8c33-91e2341b50c6@group-F01152B53F91-SegmentedRaftLog:OPENED:c-1,f-1,i0, conf=-1: [2fdb3e93-e0d8-400e-8c33-91e2341b50c6:192.168.157.254:43254, 062c71de-08d9-40ee-9309-15590e2e8e68:192.168.157.254:45598, 2a52019e-5647-44e1-bf30-9a43fd8a7377:192.168.157.254:36038], old=null
2019-10-22 00:13:22,876 [2fdb3e93-e0d8-400e-8c33-91e2341b50c6@group-F01152B53F91-LeaderElection253] INFO  impl.LeaderElection (LogUtils.java:infoOrTrace(149)) -   Exception 0: {}
java.util.concurrent.ExecutionException: org.apache.ratis.thirdparty.io.grpc.StatusRuntimeException: UNAVAILABLE: io exception
	at java.util.concurrent.FutureTask.report(FutureTask.java:122)
	at java.util.concurrent.FutureTask.get(FutureTask.java:192)
	at org.apache.ratis.server.impl.LeaderElection.waitForResults(LeaderElection.java:259)
	at org.apache.ratis.server.impl.LeaderElection.askForVotes(LeaderElection.java:197)
	at org.apache.ratis.server.impl.LeaderElection.run(LeaderElection.java:133)
	at java.lang.Thread.run(Thread.java:748)
Caused by: org.apache.ratis.thirdparty.io.grpc.StatusRuntimeException: UNAVAILABLE: io exception
	at org.apache.ratis.thirdparty.io.grpc.stub.ClientCalls.toStatusRuntimeException(ClientCalls.java:233)
	at org.apache.ratis.thirdparty.io.grpc.stub.ClientCalls.getUnchecked(ClientCalls.java:214)
	at org.apache.ratis.thirdparty.io.grpc.stub.ClientCalls.blockingUnaryCall(ClientCalls.java:139)
	at org.apache.ratis.proto.grpc.RaftServerProtocolServiceGrpc$RaftServerProtocolServiceBlockingStub.requestVote(RaftServerProtocolServiceGrpc.java:265)
	at org.apache.ratis.grpc.server.GrpcServerProtocolClient.requestVote(GrpcServerProtocolClient.java:99)
	at org.apache.ratis.grpc.server.GrpcService.requestVote(GrpcService.java:204)
	at org.apache.ratis.server.impl.LeaderElection.lambda$submitRequests$1(LeaderElection.java:234)
	at java.util.concurrent.FutureTask.run(FutureTask.java:266)
	at java.util.concurrent.Executors$RunnableAdapter.call(Executors.java:511)
	at java.util.concurrent.FutureTask.run(FutureTask.java:266)
	at java.util.concurrent.ThreadPoolExecutor.runWorker(ThreadPoolExecutor.java:1149)
	at java.util.concurrent.ThreadPoolExecutor$Worker.run(ThreadPoolExecutor.java:624)
	... 1 more
Caused by: org.apache.ratis.thirdparty.io.netty.channel.AbstractChannel$AnnotatedConnectException: Connection refused: /192.168.157.254:45598
	at sun.nio.ch.SocketChannelImpl.checkConnect(Native Method)
	at sun.nio.ch.SocketChannelImpl.finishConnect(SocketChannelImpl.java:717)
	at org.apache.ratis.thirdparty.io.netty.channel.socket.nio.NioSocketChannel.doFinishConnect(NioSocketChannel.java:327)
	at org.apache.ratis.thirdparty.io.netty.channel.nio.AbstractNioChannel$AbstractNioUnsafe.finishConnect(AbstractNioChannel.java:340)
	at org.apache.ratis.thirdparty.io.netty.channel.nio.NioEventLoop.processSelectedKey(NioEventLoop.java:632)
	at org.apache.ratis.thirdparty.io.netty.channel.nio.NioEventLoop.processSelectedKeysOptimized(NioEventLoop.java:579)
	at org.apache.ratis.thirdparty.io.netty.channel.nio.NioEventLoop.processSelectedKeys(NioEventLoop.java:496)
	at org.apache.ratis.thirdparty.io.netty.channel.nio.NioEventLoop.run(NioEventLoop.java:458)
	at org.apache.ratis.thirdparty.io.netty.util.concurrent.SingleThreadEventExecutor$5.run(SingleThreadEventExecutor.java:897)
	at org.apache.ratis.thirdparty.io.netty.util.concurrent.FastThreadLocalRunnable.run(FastThreadLocalRunnable.java:30)
	... 1 more
Caused by: java.net.ConnectException: Connection refused
	... 11 more
2019-10-22 00:13:22,877 [2fdb3e93-e0d8-400e-8c33-91e2341b50c6@group-F01152B53F91-LeaderElection253] INFO  impl.LeaderElection (LogUtils.java:infoOrTrace(149)) -   Exception 1: {}
java.util.concurrent.ExecutionException: org.apache.ratis.thirdparty.io.grpc.StatusRuntimeException: UNAVAILABLE: io exception
	at java.util.concurrent.FutureTask.report(FutureTask.java:122)
	at java.util.concurrent.FutureTask.get(FutureTask.java:192)
	at org.apache.ratis.server.impl.LeaderElection.waitForResults(LeaderElection.java:259)
	at org.apache.ratis.server.impl.LeaderElection.askForVotes(LeaderElection.java:197)
	at org.apache.ratis.server.impl.LeaderElection.run(LeaderElection.java:133)
	at java.lang.Thread.run(Thread.java:748)
Caused by: org.apache.ratis.thirdparty.io.grpc.StatusRuntimeException: UNAVAILABLE: io exception
	at org.apache.ratis.thirdparty.io.grpc.stub.ClientCalls.toStatusRuntimeException(ClientCalls.java:233)
	at org.apache.ratis.thirdparty.io.grpc.stub.ClientCalls.getUnchecked(ClientCalls.java:214)
	at org.apache.ratis.thirdparty.io.grpc.stub.ClientCalls.blockingUnaryCall(ClientCalls.java:139)
	at org.apache.ratis.proto.grpc.RaftServerProtocolServiceGrpc$RaftServerProtocolServiceBlockingStub.requestVote(RaftServerProtocolServiceGrpc.java:265)
	at org.apache.ratis.grpc.server.GrpcServerProtocolClient.requestVote(GrpcServerProtocolClient.java:99)
	at org.apache.ratis.grpc.server.GrpcService.requestVote(GrpcService.java:204)
	at org.apache.ratis.server.impl.LeaderElection.lambda$submitRequests$1(LeaderElection.java:234)
	at java.util.concurrent.FutureTask.run(FutureTask.java:266)
	at java.util.concurrent.Executors$RunnableAdapter.call(Executors.java:511)
	at java.util.concurrent.FutureTask.run(FutureTask.java:266)
	at java.util.concurrent.ThreadPoolExecutor.runWorker(ThreadPoolExecutor.java:1149)
	at java.util.concurrent.ThreadPoolExecutor$Worker.run(ThreadPoolExecutor.java:624)
	... 1 more
Caused by: org.apache.ratis.thirdparty.io.netty.channel.AbstractChannel$AnnotatedConnectException: Connection refused: /192.168.157.254:36038
	at sun.nio.ch.SocketChannelImpl.checkConnect(Native Method)
	at sun.nio.ch.SocketChannelImpl.finishConnect(SocketChannelImpl.java:717)
	at org.apache.ratis.thirdparty.io.netty.channel.socket.nio.NioSocketChannel.doFinishConnect(NioSocketChannel.java:327)
	at org.apache.ratis.thirdparty.io.netty.channel.nio.AbstractNioChannel$AbstractNioUnsafe.finishConnect(AbstractNioChannel.java:340)
	at org.apache.ratis.thirdparty.io.netty.channel.nio.NioEventLoop.processSelectedKey(NioEventLoop.java:632)
	at org.apache.ratis.thirdparty.io.netty.channel.nio.NioEventLoop.processSelectedKeysOptimized(NioEventLoop.java:579)
	at org.apache.ratis.thirdparty.io.netty.channel.nio.NioEventLoop.processSelectedKeys(NioEventLoop.java:496)
	at org.apache.ratis.thirdparty.io.netty.channel.nio.NioEventLoop.run(NioEventLoop.java:458)
	at org.apache.ratis.thirdparty.io.netty.util.concurrent.SingleThreadEventExecutor$5.run(SingleThreadEventExecutor.java:897)
	at org.apache.ratis.thirdparty.io.netty.util.concurrent.FastThreadLocalRunnable.run(FastThreadLocalRunnable.java:30)
	... 1 more
Caused by: java.net.ConnectException: Connection refused
	... 11 more
2019-10-22 00:13:22,877 [2fdb3e93-e0d8-400e-8c33-91e2341b50c6@group-F01152B53F91-LeaderElection253] INFO  impl.RaftServerImpl (RaftServerImpl.java:setRole(184)) - 2fdb3e93-e0d8-400e-8c33-91e2341b50c6@group-F01152B53F91: changes role from CANDIDATE to FOLLOWER at term 252 for DISCOVERED_A_NEW_TERM
2019-10-22 00:13:22,877 [2fdb3e93-e0d8-400e-8c33-91e2341b50c6@group-F01152B53F91-LeaderElection253] INFO  impl.RoleInfo (RoleInfo.java:shutdownLeaderElection(134)) - 2fdb3e93-e0d8-400e-8c33-91e2341b50c6: shutdown LeaderElection
2019-10-22 00:13:22,877 [2fdb3e93-e0d8-400e-8c33-91e2341b50c6@group-F01152B53F91-LeaderElection253] INFO  impl.RoleInfo (RoleInfo.java:updateAndGet(143)) - 2fdb3e93-e0d8-400e-8c33-91e2341b50c6: start FollowerState
2019-10-22 00:13:23,020 [Thread-2055] INFO  impl.FollowerState (FollowerState.java:run(108)) - 2fdb3e93-e0d8-400e-8c33-91e2341b50c6@group-F01152B53F91-FollowerState: change to CANDIDATE, lastRpcTime:142ms, electionTimeout:142ms
2019-10-22 00:13:23,020 [Thread-2055] INFO  impl.RoleInfo (RoleInfo.java:shutdownFollowerState(121)) - 2fdb3e93-e0d8-400e-8c33-91e2341b50c6: shutdown FollowerState
2019-10-22 00:13:23,020 [Thread-2055] INFO  impl.RaftServerImpl (RaftServerImpl.java:setRole(184)) - 2fdb3e93-e0d8-400e-8c33-91e2341b50c6@group-F01152B53F91: changes role from  FOLLOWER to CANDIDATE at term 252 for changeToCandidate
2019-10-22 00:13:23,020 [Thread-2055] INFO  impl.RoleInfo (RoleInfo.java:updateAndGet(143)) - 2fdb3e93-e0d8-400e-8c33-91e2341b50c6: start LeaderElection
2019-10-22 00:13:23,039 [2fdb3e93-e0d8-400e-8c33-91e2341b50c6@group-F01152B53F91-LeaderElection254] INFO  impl.LeaderElection (LeaderElection.java:askForVotes(178)) - 2fdb3e93-e0d8-400e-8c33-91e2341b50c6@group-F01152B53F91-LeaderElection254: begin an election at term 253 for -1: [2fdb3e93-e0d8-400e-8c33-91e2341b50c6:192.168.157.254:43254, 062c71de-08d9-40ee-9309-15590e2e8e68:192.168.157.254:45598, 2a52019e-5647-44e1-bf30-9a43fd8a7377:192.168.157.254:36038], old=null
2019-10-22 00:13:23,039 [2fdb3e93-e0d8-400e-8c33-91e2341b50c6@group-F01152B53F91-LeaderElection254] INFO  impl.LeaderElection (LogUtils.java:infoOrTrace(149)) - 2fdb3e93-e0d8-400e-8c33-91e2341b50c6@group-F01152B53F91-LeaderElection254 got exception when requesting votes: {}
java.util.concurrent.ExecutionException: org.apache.ratis.thirdparty.io.grpc.StatusRuntimeException: UNAVAILABLE: io exception
	at java.util.concurrent.FutureTask.report(FutureTask.java:122)
	at java.util.concurrent.FutureTask.get(FutureTask.java:192)
	at org.apache.ratis.server.impl.LeaderElection.waitForResults(LeaderElection.java:259)
	at org.apache.ratis.server.impl.LeaderElection.askForVotes(LeaderElection.java:197)
	at org.apache.ratis.server.impl.LeaderElection.run(LeaderElection.java:133)
	at java.lang.Thread.run(Thread.java:748)
Caused by: org.apache.ratis.thirdparty.io.grpc.StatusRuntimeException: UNAVAILABLE: io exception
	at org.apache.ratis.thirdparty.io.grpc.stub.ClientCalls.toStatusRuntimeException(ClientCalls.java:233)
	at org.apache.ratis.thirdparty.io.grpc.stub.ClientCalls.getUnchecked(ClientCalls.java:214)
	at org.apache.ratis.thirdparty.io.grpc.stub.ClientCalls.blockingUnaryCall(ClientCalls.java:139)
	at org.apache.ratis.proto.grpc.RaftServerProtocolServiceGrpc$RaftServerProtocolServiceBlockingStub.requestVote(RaftServerProtocolServiceGrpc.java:265)
	at org.apache.ratis.grpc.server.GrpcServerProtocolClient.requestVote(GrpcServerProtocolClient.java:99)
	at org.apache.ratis.grpc.server.GrpcService.requestVote(GrpcService.java:204)
	at org.apache.ratis.server.impl.LeaderElection.lambda$submitRequests$1(LeaderElection.java:234)
	at java.util.concurrent.FutureTask.run(FutureTask.java:266)
	at java.util.concurrent.Executors$RunnableAdapter.call(Executors.java:511)
	at java.util.concurrent.FutureTask.run(FutureTask.java:266)
	at java.util.concurrent.ThreadPoolExecutor.runWorker(ThreadPoolExecutor.java:1149)
	at java.util.concurrent.ThreadPoolExecutor$Worker.run(ThreadPoolExecutor.java:624)
	... 1 more
Caused by: org.apache.ratis.thirdparty.io.netty.channel.AbstractChannel$AnnotatedConnectException: Connection refused: /192.168.157.254:45598
	at sun.nio.ch.SocketChannelImpl.checkConnect(Native Method)
	at sun.nio.ch.SocketChannelImpl.finishConnect(SocketChannelImpl.java:717)
	at org.apache.ratis.thirdparty.io.netty.channel.socket.nio.NioSocketChannel.doFinishConnect(NioSocketChannel.java:327)
	at org.apache.ratis.thirdparty.io.netty.channel.nio.AbstractNioChannel$AbstractNioUnsafe.finishConnect(AbstractNioChannel.java:340)
	at org.apache.ratis.thirdparty.io.netty.channel.nio.NioEventLoop.processSelectedKey(NioEventLoop.java:632)
	at org.apache.ratis.thirdparty.io.netty.channel.nio.NioEventLoop.processSelectedKeysOptimized(NioEventLoop.java:579)
	at org.apache.ratis.thirdparty.io.netty.channel.nio.NioEventLoop.processSelectedKeys(NioEventLoop.java:496)
	at org.apache.ratis.thirdparty.io.netty.channel.nio.NioEventLoop.run(NioEventLoop.java:458)
	at org.apache.ratis.thirdparty.io.netty.util.concurrent.SingleThreadEventExecutor$5.run(SingleThreadEventExecutor.java:897)
	at org.apache.ratis.thirdparty.io.netty.util.concurrent.FastThreadLocalRunnable.run(FastThreadLocalRunnable.java:30)
	... 1 more
Caused by: java.net.ConnectException: Connection refused
	... 11 more
2019-10-22 00:13:23,040 [2fdb3e93-e0d8-400e-8c33-91e2341b50c6@group-F01152B53F91-LeaderElection254] INFO  impl.LeaderElection (LogUtils.java:infoOrTrace(149)) - 2fdb3e93-e0d8-400e-8c33-91e2341b50c6@group-F01152B53F91-LeaderElection254 got exception when requesting votes: {}
java.util.concurrent.ExecutionException: org.apache.ratis.thirdparty.io.grpc.StatusRuntimeException: UNAVAILABLE: io exception
	at java.util.concurrent.FutureTask.report(FutureTask.java:122)
	at java.util.concurrent.FutureTask.get(FutureTask.java:192)
	at org.apache.ratis.server.impl.LeaderElection.waitForResults(LeaderElection.java:259)
	at org.apache.ratis.server.impl.LeaderElection.askForVotes(LeaderElection.java:197)
	at org.apache.ratis.server.impl.LeaderElection.run(LeaderElection.java:133)
	at java.lang.Thread.run(Thread.java:748)
Caused by: org.apache.ratis.thirdparty.io.grpc.StatusRuntimeException: UNAVAILABLE: io exception
	at org.apache.ratis.thirdparty.io.grpc.stub.ClientCalls.toStatusRuntimeException(ClientCalls.java:233)
	at org.apache.ratis.thirdparty.io.grpc.stub.ClientCalls.getUnchecked(ClientCalls.java:214)
	at org.apache.ratis.thirdparty.io.grpc.stub.ClientCalls.blockingUnaryCall(ClientCalls.java:139)
	at org.apache.ratis.proto.grpc.RaftServerProtocolServiceGrpc$RaftServerProtocolServiceBlockingStub.requestVote(RaftServerProtocolServiceGrpc.java:265)
	at org.apache.ratis.grpc.server.GrpcServerProtocolClient.requestVote(GrpcServerProtocolClient.java:99)
	at org.apache.ratis.grpc.server.GrpcService.requestVote(GrpcService.java:204)
	at org.apache.ratis.server.impl.LeaderElection.lambda$submitRequests$1(LeaderElection.java:234)
	at java.util.concurrent.FutureTask.run(FutureTask.java:266)
	at java.util.concurrent.Executors$RunnableAdapter.call(Executors.java:511)
	at java.util.concurrent.FutureTask.run(FutureTask.java:266)
	at java.util.concurrent.ThreadPoolExecutor.runWorker(ThreadPoolExecutor.java:1149)
	at java.util.concurrent.ThreadPoolExecutor$Worker.run(ThreadPoolExecutor.java:624)
	... 1 more
Caused by: org.apache.ratis.thirdparty.io.netty.channel.AbstractChannel$AnnotatedConnectException: Connection refused: /192.168.157.254:36038
	at sun.nio.ch.SocketChannelImpl.checkConnect(Native Method)
	at sun.nio.ch.SocketChannelImpl.finishConnect(SocketChannelImpl.java:717)
	at org.apache.ratis.thirdparty.io.netty.channel.socket.nio.NioSocketChannel.doFinishConnect(NioSocketChannel.java:327)
	at org.apache.ratis.thirdparty.io.netty.channel.nio.AbstractNioChannel$AbstractNioUnsafe.finishConnect(AbstractNioChannel.java:340)
	at org.apache.ratis.thirdparty.io.netty.channel.nio.NioEventLoop.processSelectedKey(NioEventLoop.java:632)
	at org.apache.ratis.thirdparty.io.netty.channel.nio.NioEventLoop.processSelectedKeysOptimized(NioEventLoop.java:579)
	at org.apache.ratis.thirdparty.io.netty.channel.nio.NioEventLoop.processSelectedKeys(NioEventLoop.java:496)
	at org.apache.ratis.thirdparty.io.netty.channel.nio.NioEventLoop.run(NioEventLoop.java:458)
	at org.apache.ratis.thirdparty.io.netty.util.concurrent.SingleThreadEventExecutor$5.run(SingleThreadEventExecutor.java:897)
	at org.apache.ratis.thirdparty.io.netty.util.concurrent.FastThreadLocalRunnable.run(FastThreadLocalRunnable.java:30)
	... 1 more
Caused by: java.net.ConnectException: Connection refused
	... 11 more
2019-10-22 00:13:23,040 [2fdb3e93-e0d8-400e-8c33-91e2341b50c6@group-F01152B53F91-LeaderElection254] INFO  impl.LeaderElection (LeaderElection.java:logAndReturn(56)) - 2fdb3e93-e0d8-400e-8c33-91e2341b50c6@group-F01152B53F91-LeaderElection254: Election REJECTED; received 0 response(s) [] and 2 exception(s); 2fdb3e93-e0d8-400e-8c33-91e2341b50c6@group-F01152B53F91:t253, leader=null, voted=2fdb3e93-e0d8-400e-8c33-91e2341b50c6, raftlog=2fdb3e93-e0d8-400e-8c33-91e2341b50c6@group-F01152B53F91-SegmentedRaftLog:OPENED:c-1,f-1,i0, conf=-1: [2fdb3e93-e0d8-400e-8c33-91e2341b50c6:192.168.157.254:43254, 062c71de-08d9-40ee-9309-15590e2e8e68:192.168.157.254:45598, 2a52019e-5647-44e1-bf30-9a43fd8a7377:192.168.157.254:36038], old=null
2019-10-22 00:13:23,041 [2fdb3e93-e0d8-400e-8c33-91e2341b50c6@group-F01152B53F91-LeaderElection254] INFO  impl.LeaderElection (LogUtils.java:infoOrTrace(149)) -   Exception 0: {}
java.util.concurrent.ExecutionException: org.apache.ratis.thirdparty.io.grpc.StatusRuntimeException: UNAVAILABLE: io exception
	at java.util.concurrent.FutureTask.report(FutureTask.java:122)
	at java.util.concurrent.FutureTask.get(FutureTask.java:192)
	at org.apache.ratis.server.impl.LeaderElection.waitForResults(LeaderElection.java:259)
	at org.apache.ratis.server.impl.LeaderElection.askForVotes(LeaderElection.java:197)
	at org.apache.ratis.server.impl.LeaderElection.run(LeaderElection.java:133)
	at java.lang.Thread.run(Thread.java:748)
Caused by: org.apache.ratis.thirdparty.io.grpc.StatusRuntimeException: UNAVAILABLE: io exception
	at org.apache.ratis.thirdparty.io.grpc.stub.ClientCalls.toStatusRuntimeException(ClientCalls.java:233)
	at org.apache.ratis.thirdparty.io.grpc.stub.ClientCalls.getUnchecked(ClientCalls.java:214)
	at org.apache.ratis.thirdparty.io.grpc.stub.ClientCalls.blockingUnaryCall(ClientCalls.java:139)
	at org.apache.ratis.proto.grpc.RaftServerProtocolServiceGrpc$RaftServerProtocolServiceBlockingStub.requestVote(RaftServerProtocolServiceGrpc.java:265)
	at org.apache.ratis.grpc.server.GrpcServerProtocolClient.requestVote(GrpcServerProtocolClient.java:99)
	at org.apache.ratis.grpc.server.GrpcService.requestVote(GrpcService.java:204)
	at org.apache.ratis.server.impl.LeaderElection.lambda$submitRequests$1(LeaderElection.java:234)
	at java.util.concurrent.FutureTask.run(FutureTask.java:266)
	at java.util.concurrent.Executors$RunnableAdapter.call(Executors.java:511)
	at java.util.concurrent.FutureTask.run(FutureTask.java:266)
	at java.util.concurrent.ThreadPoolExecutor.runWorker(ThreadPoolExecutor.java:1149)
	at java.util.concurrent.ThreadPoolExecutor$Worker.run(ThreadPoolExecutor.java:624)
	... 1 more
Caused by: org.apache.ratis.thirdparty.io.netty.channel.AbstractChannel$AnnotatedConnectException: Connection refused: /192.168.157.254:45598
	at sun.nio.ch.SocketChannelImpl.checkConnect(Native Method)
	at sun.nio.ch.SocketChannelImpl.finishConnect(SocketChannelImpl.java:717)
	at org.apache.ratis.thirdparty.io.netty.channel.socket.nio.NioSocketChannel.doFinishConnect(NioSocketChannel.java:327)
	at org.apache.ratis.thirdparty.io.netty.channel.nio.AbstractNioChannel$AbstractNioUnsafe.finishConnect(AbstractNioChannel.java:340)
	at org.apache.ratis.thirdparty.io.netty.channel.nio.NioEventLoop.processSelectedKey(NioEventLoop.java:632)
	at org.apache.ratis.thirdparty.io.netty.channel.nio.NioEventLoop.processSelectedKeysOptimized(NioEventLoop.java:579)
	at org.apache.ratis.thirdparty.io.netty.channel.nio.NioEventLoop.processSelectedKeys(NioEventLoop.java:496)
	at org.apache.ratis.thirdparty.io.netty.channel.nio.NioEventLoop.run(NioEventLoop.java:458)
	at org.apache.ratis.thirdparty.io.netty.util.concurrent.SingleThreadEventExecutor$5.run(SingleThreadEventExecutor.java:897)
	at org.apache.ratis.thirdparty.io.netty.util.concurrent.FastThreadLocalRunnable.run(FastThreadLocalRunnable.java:30)
	... 1 more
Caused by: java.net.ConnectException: Connection refused
	... 11 more
2019-10-22 00:13:23,041 [2fdb3e93-e0d8-400e-8c33-91e2341b50c6@group-F01152B53F91-LeaderElection254] INFO  impl.LeaderElection (LogUtils.java:infoOrTrace(149)) -   Exception 1: {}
java.util.concurrent.ExecutionException: org.apache.ratis.thirdparty.io.grpc.StatusRuntimeException: UNAVAILABLE: io exception
	at java.util.concurrent.FutureTask.report(FutureTask.java:122)
	at java.util.concurrent.FutureTask.get(FutureTask.java:192)
	at org.apache.ratis.server.impl.LeaderElection.waitForResults(LeaderElection.java:259)
	at org.apache.ratis.server.impl.LeaderElection.askForVotes(LeaderElection.java:197)
	at org.apache.ratis.server.impl.LeaderElection.run(LeaderElection.java:133)
	at java.lang.Thread.run(Thread.java:748)
Caused by: org.apache.ratis.thirdparty.io.grpc.StatusRuntimeException: UNAVAILABLE: io exception
	at org.apache.ratis.thirdparty.io.grpc.stub.ClientCalls.toStatusRuntimeException(ClientCalls.java:233)
	at org.apache.ratis.thirdparty.io.grpc.stub.ClientCalls.getUnchecked(ClientCalls.java:214)
	at org.apache.ratis.thirdparty.io.grpc.stub.ClientCalls.blockingUnaryCall(ClientCalls.java:139)
	at org.apache.ratis.proto.grpc.RaftServerProtocolServiceGrpc$RaftServerProtocolServiceBlockingStub.requestVote(RaftServerProtocolServiceGrpc.java:265)
	at org.apache.ratis.grpc.server.GrpcServerProtocolClient.requestVote(GrpcServerProtocolClient.java:99)
	at org.apache.ratis.grpc.server.GrpcService.requestVote(GrpcService.java:204)
	at org.apache.ratis.server.impl.LeaderElection.lambda$submitRequests$1(LeaderElection.java:234)
	at java.util.concurrent.FutureTask.run(FutureTask.java:266)
	at java.util.concurrent.Executors$RunnableAdapter.call(Executors.java:511)
	at java.util.concurrent.FutureTask.run(FutureTask.java:266)
	at java.util.concurrent.ThreadPoolExecutor.runWorker(ThreadPoolExecutor.java:1149)
	at java.util.concurrent.ThreadPoolExecutor$Worker.run(ThreadPoolExecutor.java:624)
	... 1 more
Caused by: org.apache.ratis.thirdparty.io.netty.channel.AbstractChannel$AnnotatedConnectException: Connection refused: /192.168.157.254:36038
	at sun.nio.ch.SocketChannelImpl.checkConnect(Native Method)
	at sun.nio.ch.SocketChannelImpl.finishConnect(SocketChannelImpl.java:717)
	at org.apache.ratis.thirdparty.io.netty.channel.socket.nio.NioSocketChannel.doFinishConnect(NioSocketChannel.java:327)
	at org.apache.ratis.thirdparty.io.netty.channel.nio.AbstractNioChannel$AbstractNioUnsafe.finishConnect(AbstractNioChannel.java:340)
	at org.apache.ratis.thirdparty.io.netty.channel.nio.NioEventLoop.processSelectedKey(NioEventLoop.java:632)
	at org.apache.ratis.thirdparty.io.netty.channel.nio.NioEventLoop.processSelectedKeysOptimized(NioEventLoop.java:579)
	at org.apache.ratis.thirdparty.io.netty.channel.nio.NioEventLoop.processSelectedKeys(NioEventLoop.java:496)
	at org.apache.ratis.thirdparty.io.netty.channel.nio.NioEventLoop.run(NioEventLoop.java:458)
	at org.apache.ratis.thirdparty.io.netty.util.concurrent.SingleThreadEventExecutor$5.run(SingleThreadEventExecutor.java:897)
	at org.apache.ratis.thirdparty.io.netty.util.concurrent.FastThreadLocalRunnable.run(FastThreadLocalRunnable.java:30)
	... 1 more
Caused by: java.net.ConnectException: Connection refused
	... 11 more
2019-10-22 00:13:23,041 [2fdb3e93-e0d8-400e-8c33-91e2341b50c6@group-F01152B53F91-LeaderElection254] INFO  impl.RaftServerImpl (RaftServerImpl.java:setRole(184)) - 2fdb3e93-e0d8-400e-8c33-91e2341b50c6@group-F01152B53F91: changes role from CANDIDATE to FOLLOWER at term 253 for DISCOVERED_A_NEW_TERM
2019-10-22 00:13:23,042 [2fdb3e93-e0d8-400e-8c33-91e2341b50c6@group-F01152B53F91-LeaderElection254] INFO  impl.RoleInfo (RoleInfo.java:shutdownLeaderElection(134)) - 2fdb3e93-e0d8-400e-8c33-91e2341b50c6: shutdown LeaderElection
2019-10-22 00:13:23,042 [2fdb3e93-e0d8-400e-8c33-91e2341b50c6@group-F01152B53F91-LeaderElection254] INFO  impl.RoleInfo (RoleInfo.java:updateAndGet(143)) - 2fdb3e93-e0d8-400e-8c33-91e2341b50c6: start FollowerState
2019-10-22 00:13:23,198 [Thread-2060] INFO  impl.FollowerState (FollowerState.java:run(108)) - 2fdb3e93-e0d8-400e-8c33-91e2341b50c6@group-F01152B53F91-FollowerState: change to CANDIDATE, lastRpcTime:156ms, electionTimeout:156ms
2019-10-22 00:13:23,198 [Thread-2060] INFO  impl.RoleInfo (RoleInfo.java:shutdownFollowerState(121)) - 2fdb3e93-e0d8-400e-8c33-91e2341b50c6: shutdown FollowerState
2019-10-22 00:13:23,199 [Thread-2060] INFO  impl.RaftServerImpl (RaftServerImpl.java:setRole(184)) - 2fdb3e93-e0d8-400e-8c33-91e2341b50c6@group-F01152B53F91: changes role from  FOLLOWER to CANDIDATE at term 253 for changeToCandidate
2019-10-22 00:13:23,199 [Thread-2060] INFO  impl.RoleInfo (RoleInfo.java:updateAndGet(143)) - 2fdb3e93-e0d8-400e-8c33-91e2341b50c6: start LeaderElection
2019-10-22 00:13:23,213 [2fdb3e93-e0d8-400e-8c33-91e2341b50c6@group-F01152B53F91-LeaderElection255] INFO  impl.LeaderElection (LeaderElection.java:askForVotes(178)) - 2fdb3e93-e0d8-400e-8c33-91e2341b50c6@group-F01152B53F91-LeaderElection255: begin an election at term 254 for -1: [2fdb3e93-e0d8-400e-8c33-91e2341b50c6:192.168.157.254:43254, 062c71de-08d9-40ee-9309-15590e2e8e68:192.168.157.254:45598, 2a52019e-5647-44e1-bf30-9a43fd8a7377:192.168.157.254:36038], old=null
2019-10-22 00:13:23,222 [2fdb3e93-e0d8-400e-8c33-91e2341b50c6@group-F01152B53F91-LeaderElection255] INFO  impl.LeaderElection (LogUtils.java:infoOrTrace(149)) - 2fdb3e93-e0d8-400e-8c33-91e2341b50c6@group-F01152B53F91-LeaderElection255 got exception when requesting votes: {}
java.util.concurrent.ExecutionException: org.apache.ratis.thirdparty.io.grpc.StatusRuntimeException: UNAVAILABLE: io exception
	at java.util.concurrent.FutureTask.report(FutureTask.java:122)
	at java.util.concurrent.FutureTask.get(FutureTask.java:192)
	at org.apache.ratis.server.impl.LeaderElection.waitForResults(LeaderElection.java:259)
	at org.apache.ratis.server.impl.LeaderElection.askForVotes(LeaderElection.java:197)
	at org.apache.ratis.server.impl.LeaderElection.run(LeaderElection.java:133)
	at java.lang.Thread.run(Thread.java:748)
Caused by: org.apache.ratis.thirdparty.io.grpc.StatusRuntimeException: UNAVAILABLE: io exception
	at org.apache.ratis.thirdparty.io.grpc.stub.ClientCalls.toStatusRuntimeException(ClientCalls.java:233)
	at org.apache.ratis.thirdparty.io.grpc.stub.ClientCalls.getUnchecked(ClientCalls.java:214)
	at org.apache.ratis.thirdparty.io.grpc.stub.ClientCalls.blockingUnaryCall(ClientCalls.java:139)
	at org.apache.ratis.proto.grpc.RaftServerProtocolServiceGrpc$RaftServerProtocolServiceBlockingStub.requestVote(RaftServerProtocolServiceGrpc.java:265)
	at org.apache.ratis.grpc.server.GrpcServerProtocolClient.requestVote(GrpcServerProtocolClient.java:99)
	at org.apache.ratis.grpc.server.GrpcService.requestVote(GrpcService.java:204)
	at org.apache.ratis.server.impl.LeaderElection.lambda$submitRequests$1(LeaderElection.java:234)
	at java.util.concurrent.FutureTask.run(FutureTask.java:266)
	at java.util.concurrent.Executors$RunnableAdapter.call(Executors.java:511)
	at java.util.concurrent.FutureTask.run(FutureTask.java:266)
	at java.util.concurrent.ThreadPoolExecutor.runWorker(ThreadPoolExecutor.java:1149)
	at java.util.concurrent.ThreadPoolExecutor$Worker.run(ThreadPoolExecutor.java:624)
	... 1 more
Caused by: org.apache.ratis.thirdparty.io.netty.channel.AbstractChannel$AnnotatedConnectException: Connection refused: /192.168.157.254:45598
	at sun.nio.ch.SocketChannelImpl.checkConnect(Native Method)
	at sun.nio.ch.SocketChannelImpl.finishConnect(SocketChannelImpl.java:717)
	at org.apache.ratis.thirdparty.io.netty.channel.socket.nio.NioSocketChannel.doFinishConnect(NioSocketChannel.java:327)
	at org.apache.ratis.thirdparty.io.netty.channel.nio.AbstractNioChannel$AbstractNioUnsafe.finishConnect(AbstractNioChannel.java:340)
	at org.apache.ratis.thirdparty.io.netty.channel.nio.NioEventLoop.processSelectedKey(NioEventLoop.java:632)
	at org.apache.ratis.thirdparty.io.netty.channel.nio.NioEventLoop.processSelectedKeysOptimized(NioEventLoop.java:579)
	at org.apache.ratis.thirdparty.io.netty.channel.nio.NioEventLoop.processSelectedKeys(NioEventLoop.java:496)
	at org.apache.ratis.thirdparty.io.netty.channel.nio.NioEventLoop.run(NioEventLoop.java:458)
	at org.apache.ratis.thirdparty.io.netty.util.concurrent.SingleThreadEventExecutor$5.run(SingleThreadEventExecutor.java:897)
	at org.apache.ratis.thirdparty.io.netty.util.concurrent.FastThreadLocalRunnable.run(FastThreadLocalRunnable.java:30)
	... 1 more
Caused by: java.net.ConnectException: Connection refused
	... 11 more
2019-10-22 00:13:23,223 [2fdb3e93-e0d8-400e-8c33-91e2341b50c6@group-F01152B53F91-LeaderElection255] INFO  impl.LeaderElection (LogUtils.java:infoOrTrace(149)) - 2fdb3e93-e0d8-400e-8c33-91e2341b50c6@group-F01152B53F91-LeaderElection255 got exception when requesting votes: {}
java.util.concurrent.ExecutionException: org.apache.ratis.thirdparty.io.grpc.StatusRuntimeException: UNAVAILABLE: io exception
	at java.util.concurrent.FutureTask.report(FutureTask.java:122)
	at java.util.concurrent.FutureTask.get(FutureTask.java:192)
	at org.apache.ratis.server.impl.LeaderElection.waitForResults(LeaderElection.java:259)
	at org.apache.ratis.server.impl.LeaderElection.askForVotes(LeaderElection.java:197)
	at org.apache.ratis.server.impl.LeaderElection.run(LeaderElection.java:133)
	at java.lang.Thread.run(Thread.java:748)
Caused by: org.apache.ratis.thirdparty.io.grpc.StatusRuntimeException: UNAVAILABLE: io exception
	at org.apache.ratis.thirdparty.io.grpc.stub.ClientCalls.toStatusRuntimeException(ClientCalls.java:233)
	at org.apache.ratis.thirdparty.io.grpc.stub.ClientCalls.getUnchecked(ClientCalls.java:214)
	at org.apache.ratis.thirdparty.io.grpc.stub.ClientCalls.blockingUnaryCall(ClientCalls.java:139)
	at org.apache.ratis.proto.grpc.RaftServerProtocolServiceGrpc$RaftServerProtocolServiceBlockingStub.requestVote(RaftServerProtocolServiceGrpc.java:265)
	at org.apache.ratis.grpc.server.GrpcServerProtocolClient.requestVote(GrpcServerProtocolClient.java:99)
	at org.apache.ratis.grpc.server.GrpcService.requestVote(GrpcService.java:204)
	at org.apache.ratis.server.impl.LeaderElection.lambda$submitRequests$1(LeaderElection.java:234)
	at java.util.concurrent.FutureTask.run(FutureTask.java:266)
	at java.util.concurrent.Executors$RunnableAdapter.call(Executors.java:511)
	at java.util.concurrent.FutureTask.run(FutureTask.java:266)
	at java.util.concurrent.ThreadPoolExecutor.runWorker(ThreadPoolExecutor.java:1149)
	at java.util.concurrent.ThreadPoolExecutor$Worker.run(ThreadPoolExecutor.java:624)
	... 1 more
Caused by: org.apache.ratis.thirdparty.io.netty.channel.AbstractChannel$AnnotatedConnectException: Connection refused: /192.168.157.254:36038
	at sun.nio.ch.SocketChannelImpl.checkConnect(Native Method)
	at sun.nio.ch.SocketChannelImpl.finishConnect(SocketChannelImpl.java:717)
	at org.apache.ratis.thirdparty.io.netty.channel.socket.nio.NioSocketChannel.doFinishConnect(NioSocketChannel.java:327)
	at org.apache.ratis.thirdparty.io.netty.channel.nio.AbstractNioChannel$AbstractNioUnsafe.finishConnect(AbstractNioChannel.java:340)
	at org.apache.ratis.thirdparty.io.netty.channel.nio.NioEventLoop.processSelectedKey(NioEventLoop.java:632)
	at org.apache.ratis.thirdparty.io.netty.channel.nio.NioEventLoop.processSelectedKeysOptimized(NioEventLoop.java:579)
	at org.apache.ratis.thirdparty.io.netty.channel.nio.NioEventLoop.processSelectedKeys(NioEventLoop.java:496)
	at org.apache.ratis.thirdparty.io.netty.channel.nio.NioEventLoop.run(NioEventLoop.java:458)
	at org.apache.ratis.thirdparty.io.netty.util.concurrent.SingleThreadEventExecutor$5.run(SingleThreadEventExecutor.java:897)
	at org.apache.ratis.thirdparty.io.netty.util.concurrent.FastThreadLocalRunnable.run(FastThreadLocalRunnable.java:30)
	... 1 more
Caused by: java.net.ConnectException: Connection refused
	... 11 more
2019-10-22 00:13:23,224 [2fdb3e93-e0d8-400e-8c33-91e2341b50c6@group-F01152B53F91-LeaderElection255] INFO  impl.LeaderElection (LeaderElection.java:logAndReturn(56)) - 2fdb3e93-e0d8-400e-8c33-91e2341b50c6@group-F01152B53F91-LeaderElection255: Election REJECTED; received 0 response(s) [] and 2 exception(s); 2fdb3e93-e0d8-400e-8c33-91e2341b50c6@group-F01152B53F91:t254, leader=null, voted=2fdb3e93-e0d8-400e-8c33-91e2341b50c6, raftlog=2fdb3e93-e0d8-400e-8c33-91e2341b50c6@group-F01152B53F91-SegmentedRaftLog:OPENED:c-1,f-1,i0, conf=-1: [2fdb3e93-e0d8-400e-8c33-91e2341b50c6:192.168.157.254:43254, 062c71de-08d9-40ee-9309-15590e2e8e68:192.168.157.254:45598, 2a52019e-5647-44e1-bf30-9a43fd8a7377:192.168.157.254:36038], old=null
2019-10-22 00:13:23,224 [2fdb3e93-e0d8-400e-8c33-91e2341b50c6@group-F01152B53F91-LeaderElection255] INFO  impl.LeaderElection (LogUtils.java:infoOrTrace(149)) -   Exception 0: {}
java.util.concurrent.ExecutionException: org.apache.ratis.thirdparty.io.grpc.StatusRuntimeException: UNAVAILABLE: io exception
	at java.util.concurrent.FutureTask.report(FutureTask.java:122)
	at java.util.concurrent.FutureTask.get(FutureTask.java:192)
	at org.apache.ratis.server.impl.LeaderElection.waitForResults(LeaderElection.java:259)
	at org.apache.ratis.server.impl.LeaderElection.askForVotes(LeaderElection.java:197)
	at org.apache.ratis.server.impl.LeaderElection.run(LeaderElection.java:133)
	at java.lang.Thread.run(Thread.java:748)
Caused by: org.apache.ratis.thirdparty.io.grpc.StatusRuntimeException: UNAVAILABLE: io exception
	at org.apache.ratis.thirdparty.io.grpc.stub.ClientCalls.toStatusRuntimeException(ClientCalls.java:233)
	at org.apache.ratis.thirdparty.io.grpc.stub.ClientCalls.getUnchecked(ClientCalls.java:214)
	at org.apache.ratis.thirdparty.io.grpc.stub.ClientCalls.blockingUnaryCall(ClientCalls.java:139)
	at org.apache.ratis.proto.grpc.RaftServerProtocolServiceGrpc$RaftServerProtocolServiceBlockingStub.requestVote(RaftServerProtocolServiceGrpc.java:265)
	at org.apache.ratis.grpc.server.GrpcServerProtocolClient.requestVote(GrpcServerProtocolClient.java:99)
	at org.apache.ratis.grpc.server.GrpcService.requestVote(GrpcService.java:204)
	at org.apache.ratis.server.impl.LeaderElection.lambda$submitRequests$1(LeaderElection.java:234)
	at java.util.concurrent.FutureTask.run(FutureTask.java:266)
	at java.util.concurrent.Executors$RunnableAdapter.call(Executors.java:511)
	at java.util.concurrent.FutureTask.run(FutureTask.java:266)
	at java.util.concurrent.ThreadPoolExecutor.runWorker(ThreadPoolExecutor.java:1149)
	at java.util.concurrent.ThreadPoolExecutor$Worker.run(ThreadPoolExecutor.java:624)
	... 1 more
Caused by: org.apache.ratis.thirdparty.io.netty.channel.AbstractChannel$AnnotatedConnectException: Connection refused: /192.168.157.254:45598
	at sun.nio.ch.SocketChannelImpl.checkConnect(Native Method)
	at sun.nio.ch.SocketChannelImpl.finishConnect(SocketChannelImpl.java:717)
	at org.apache.ratis.thirdparty.io.netty.channel.socket.nio.NioSocketChannel.doFinishConnect(NioSocketChannel.java:327)
	at org.apache.ratis.thirdparty.io.netty.channel.nio.AbstractNioChannel$AbstractNioUnsafe.finishConnect(AbstractNioChannel.java:340)
	at org.apache.ratis.thirdparty.io.netty.channel.nio.NioEventLoop.processSelectedKey(NioEventLoop.java:632)
	at org.apache.ratis.thirdparty.io.netty.channel.nio.NioEventLoop.processSelectedKeysOptimized(NioEventLoop.java:579)
	at org.apache.ratis.thirdparty.io.netty.channel.nio.NioEventLoop.processSelectedKeys(NioEventLoop.java:496)
	at org.apache.ratis.thirdparty.io.netty.channel.nio.NioEventLoop.run(NioEventLoop.java:458)
	at org.apache.ratis.thirdparty.io.netty.util.concurrent.SingleThreadEventExecutor$5.run(SingleThreadEventExecutor.java:897)
	at org.apache.ratis.thirdparty.io.netty.util.concurrent.FastThreadLocalRunnable.run(FastThreadLocalRunnable.java:30)
	... 1 more
Caused by: java.net.ConnectException: Connection refused
	... 11 more
2019-10-22 00:13:23,224 [2fdb3e93-e0d8-400e-8c33-91e2341b50c6@group-F01152B53F91-LeaderElection255] INFO  impl.LeaderElection (LogUtils.java:infoOrTrace(149)) -   Exception 1: {}
java.util.concurrent.ExecutionException: org.apache.ratis.thirdparty.io.grpc.StatusRuntimeException: UNAVAILABLE: io exception
	at java.util.concurrent.FutureTask.report(FutureTask.java:122)
	at java.util.concurrent.FutureTask.get(FutureTask.java:192)
	at org.apache.ratis.server.impl.LeaderElection.waitForResults(LeaderElection.java:259)
	at org.apache.ratis.server.impl.LeaderElection.askForVotes(LeaderElection.java:197)
	at org.apache.ratis.server.impl.LeaderElection.run(LeaderElection.java:133)
	at java.lang.Thread.run(Thread.java:748)
Caused by: org.apache.ratis.thirdparty.io.grpc.StatusRuntimeException: UNAVAILABLE: io exception
	at org.apache.ratis.thirdparty.io.grpc.stub.ClientCalls.toStatusRuntimeException(ClientCalls.java:233)
	at org.apache.ratis.thirdparty.io.grpc.stub.ClientCalls.getUnchecked(ClientCalls.java:214)
	at org.apache.ratis.thirdparty.io.grpc.stub.ClientCalls.blockingUnaryCall(ClientCalls.java:139)
	at org.apache.ratis.proto.grpc.RaftServerProtocolServiceGrpc$RaftServerProtocolServiceBlockingStub.requestVote(RaftServerProtocolServiceGrpc.java:265)
	at org.apache.ratis.grpc.server.GrpcServerProtocolClient.requestVote(GrpcServerProtocolClient.java:99)
	at org.apache.ratis.grpc.server.GrpcService.requestVote(GrpcService.java:204)
	at org.apache.ratis.server.impl.LeaderElection.lambda$submitRequests$1(LeaderElection.java:234)
	at java.util.concurrent.FutureTask.run(FutureTask.java:266)
	at java.util.concurrent.Executors$RunnableAdapter.call(Executors.java:511)
	at java.util.concurrent.FutureTask.run(FutureTask.java:266)
	at java.util.concurrent.ThreadPoolExecutor.runWorker(ThreadPoolExecutor.java:1149)
	at java.util.concurrent.ThreadPoolExecutor$Worker.run(ThreadPoolExecutor.java:624)
	... 1 more
Caused by: org.apache.ratis.thirdparty.io.netty.channel.AbstractChannel$AnnotatedConnectException: Connection refused: /192.168.157.254:36038
	at sun.nio.ch.SocketChannelImpl.checkConnect(Native Method)
	at sun.nio.ch.SocketChannelImpl.finishConnect(SocketChannelImpl.java:717)
	at org.apache.ratis.thirdparty.io.netty.channel.socket.nio.NioSocketChannel.doFinishConnect(NioSocketChannel.java:327)
	at org.apache.ratis.thirdparty.io.netty.channel.nio.AbstractNioChannel$AbstractNioUnsafe.finishConnect(AbstractNioChannel.java:340)
	at org.apache.ratis.thirdparty.io.netty.channel.nio.NioEventLoop.processSelectedKey(NioEventLoop.java:632)
	at org.apache.ratis.thirdparty.io.netty.channel.nio.NioEventLoop.processSelectedKeysOptimized(NioEventLoop.java:579)
	at org.apache.ratis.thirdparty.io.netty.channel.nio.NioEventLoop.processSelectedKeys(NioEventLoop.java:496)
	at org.apache.ratis.thirdparty.io.netty.channel.nio.NioEventLoop.run(NioEventLoop.java:458)
	at org.apache.ratis.thirdparty.io.netty.util.concurrent.SingleThreadEventExecutor$5.run(SingleThreadEventExecutor.java:897)
	at org.apache.ratis.thirdparty.io.netty.util.concurrent.FastThreadLocalRunnable.run(FastThreadLocalRunnable.java:30)
	... 1 more
Caused by: java.net.ConnectException: Connection refused
	... 11 more
2019-10-22 00:13:23,231 [2fdb3e93-e0d8-400e-8c33-91e2341b50c6@group-F01152B53F91-LeaderElection255] INFO  impl.RaftServerImpl (RaftServerImpl.java:setRole(184)) - 2fdb3e93-e0d8-400e-8c33-91e2341b50c6@group-F01152B53F91: changes role from CANDIDATE to FOLLOWER at term 254 for DISCOVERED_A_NEW_TERM
2019-10-22 00:13:23,231 [2fdb3e93-e0d8-400e-8c33-91e2341b50c6@group-F01152B53F91-LeaderElection255] INFO  impl.RoleInfo (RoleInfo.java:shutdownLeaderElection(134)) - 2fdb3e93-e0d8-400e-8c33-91e2341b50c6: shutdown LeaderElection
2019-10-22 00:13:23,231 [2fdb3e93-e0d8-400e-8c33-91e2341b50c6@group-F01152B53F91-LeaderElection255] INFO  impl.RoleInfo (RoleInfo.java:updateAndGet(143)) - 2fdb3e93-e0d8-400e-8c33-91e2341b50c6: start FollowerState
2019-10-22 00:13:23,302 [java.util.concurrent.ThreadPoolExecutor$Worker@c41ae0f[State = -1, empty queue]] WARN  server.GrpcLogAppender (GrpcLogAppender.java:timeoutAppendRequest(209)) - fad63ceb-ed14-4322-905d-6ef3599ac734@group-0045C62F497D->5732e052-e19f-40fe-a104-972211db20fb-GrpcLogAppender: appendEntries Timeout, request=fad63ceb-ed14-4322-905d-6ef3599ac734->5732e052-e19f-40fe-a104-972211db20fb#57-t1, previous=(t:1, i:0), leaderCommit=0, initializing? false, entries: <empty>
2019-10-22 00:13:23,371 [java.util.concurrent.ThreadPoolExecutor$Worker@48cd139a[State = -1, empty queue]] WARN  server.GrpcLogAppender (GrpcLogAppender.java:timeoutAppendRequest(209)) - fad63ceb-ed14-4322-905d-6ef3599ac734@group-0045C62F497D->1913eeb9-7f58-4aef-bfea-8e00a2a3aadf-GrpcLogAppender: appendEntries Timeout, request=fad63ceb-ed14-4322-905d-6ef3599ac734->1913eeb9-7f58-4aef-bfea-8e00a2a3aadf#57-t1, previous=(t:1, i:0), leaderCommit=0, initializing? false, entries: <empty>
2019-10-22 00:13:23,420 [Thread-2064] INFO  impl.FollowerState (FollowerState.java:run(108)) - 2fdb3e93-e0d8-400e-8c33-91e2341b50c6@group-F01152B53F91-FollowerState: change to CANDIDATE, lastRpcTime:189ms, electionTimeout:189ms
2019-10-22 00:13:23,421 [Thread-2064] INFO  impl.RoleInfo (RoleInfo.java:shutdownFollowerState(121)) - 2fdb3e93-e0d8-400e-8c33-91e2341b50c6: shutdown FollowerState
2019-10-22 00:13:23,421 [Thread-2064] INFO  impl.RaftServerImpl (RaftServerImpl.java:setRole(184)) - 2fdb3e93-e0d8-400e-8c33-91e2341b50c6@group-F01152B53F91: changes role from  FOLLOWER to CANDIDATE at term 254 for changeToCandidate
2019-10-22 00:13:23,421 [Thread-2064] INFO  impl.RoleInfo (RoleInfo.java:updateAndGet(143)) - 2fdb3e93-e0d8-400e-8c33-91e2341b50c6: start LeaderElection
2019-10-22 00:13:23,435 [2fdb3e93-e0d8-400e-8c33-91e2341b50c6@group-F01152B53F91-LeaderElection256] INFO  impl.LeaderElection (LeaderElection.java:askForVotes(178)) - 2fdb3e93-e0d8-400e-8c33-91e2341b50c6@group-F01152B53F91-LeaderElection256: begin an election at term 255 for -1: [2fdb3e93-e0d8-400e-8c33-91e2341b50c6:192.168.157.254:43254, 062c71de-08d9-40ee-9309-15590e2e8e68:192.168.157.254:45598, 2a52019e-5647-44e1-bf30-9a43fd8a7377:192.168.157.254:36038], old=null
2019-10-22 00:13:23,436 [2fdb3e93-e0d8-400e-8c33-91e2341b50c6@group-F01152B53F91-LeaderElection256] INFO  impl.LeaderElection (LogUtils.java:infoOrTrace(149)) - 2fdb3e93-e0d8-400e-8c33-91e2341b50c6@group-F01152B53F91-LeaderElection256 got exception when requesting votes: {}
java.util.concurrent.ExecutionException: org.apache.ratis.thirdparty.io.grpc.StatusRuntimeException: UNAVAILABLE: io exception
	at java.util.concurrent.FutureTask.report(FutureTask.java:122)
	at java.util.concurrent.FutureTask.get(FutureTask.java:192)
	at org.apache.ratis.server.impl.LeaderElection.waitForResults(LeaderElection.java:259)
	at org.apache.ratis.server.impl.LeaderElection.askForVotes(LeaderElection.java:197)
	at org.apache.ratis.server.impl.LeaderElection.run(LeaderElection.java:133)
	at java.lang.Thread.run(Thread.java:748)
Caused by: org.apache.ratis.thirdparty.io.grpc.StatusRuntimeException: UNAVAILABLE: io exception
	at org.apache.ratis.thirdparty.io.grpc.stub.ClientCalls.toStatusRuntimeException(ClientCalls.java:233)
	at org.apache.ratis.thirdparty.io.grpc.stub.ClientCalls.getUnchecked(ClientCalls.java:214)
	at org.apache.ratis.thirdparty.io.grpc.stub.ClientCalls.blockingUnaryCall(ClientCalls.java:139)
	at org.apache.ratis.proto.grpc.RaftServerProtocolServiceGrpc$RaftServerProtocolServiceBlockingStub.requestVote(RaftServerProtocolServiceGrpc.java:265)
	at org.apache.ratis.grpc.server.GrpcServerProtocolClient.requestVote(GrpcServerProtocolClient.java:99)
	at org.apache.ratis.grpc.server.GrpcService.requestVote(GrpcService.java:204)
	at org.apache.ratis.server.impl.LeaderElection.lambda$submitRequests$1(LeaderElection.java:234)
	at java.util.concurrent.FutureTask.run(FutureTask.java:266)
	at java.util.concurrent.Executors$RunnableAdapter.call(Executors.java:511)
	at java.util.concurrent.FutureTask.run(FutureTask.java:266)
	at java.util.concurrent.ThreadPoolExecutor.runWorker(ThreadPoolExecutor.java:1149)
	at java.util.concurrent.ThreadPoolExecutor$Worker.run(ThreadPoolExecutor.java:624)
	... 1 more
Caused by: org.apache.ratis.thirdparty.io.netty.channel.AbstractChannel$AnnotatedConnectException: Connection refused: /192.168.157.254:45598
	at sun.nio.ch.SocketChannelImpl.checkConnect(Native Method)
	at sun.nio.ch.SocketChannelImpl.finishConnect(SocketChannelImpl.java:717)
	at org.apache.ratis.thirdparty.io.netty.channel.socket.nio.NioSocketChannel.doFinishConnect(NioSocketChannel.java:327)
	at org.apache.ratis.thirdparty.io.netty.channel.nio.AbstractNioChannel$AbstractNioUnsafe.finishConnect(AbstractNioChannel.java:340)
	at org.apache.ratis.thirdparty.io.netty.channel.nio.NioEventLoop.processSelectedKey(NioEventLoop.java:632)
	at org.apache.ratis.thirdparty.io.netty.channel.nio.NioEventLoop.processSelectedKeysOptimized(NioEventLoop.java:579)
	at org.apache.ratis.thirdparty.io.netty.channel.nio.NioEventLoop.processSelectedKeys(NioEventLoop.java:496)
	at org.apache.ratis.thirdparty.io.netty.channel.nio.NioEventLoop.run(NioEventLoop.java:458)
	at org.apache.ratis.thirdparty.io.netty.util.concurrent.SingleThreadEventExecutor$5.run(SingleThreadEventExecutor.java:897)
	at org.apache.ratis.thirdparty.io.netty.util.concurrent.FastThreadLocalRunnable.run(FastThreadLocalRunnable.java:30)
	... 1 more
Caused by: java.net.ConnectException: Connection refused
	... 11 more
2019-10-22 00:13:23,437 [2fdb3e93-e0d8-400e-8c33-91e2341b50c6@group-F01152B53F91-LeaderElection256] INFO  impl.LeaderElection (LogUtils.java:infoOrTrace(149)) - 2fdb3e93-e0d8-400e-8c33-91e2341b50c6@group-F01152B53F91-LeaderElection256 got exception when requesting votes: {}
java.util.concurrent.ExecutionException: org.apache.ratis.thirdparty.io.grpc.StatusRuntimeException: UNAVAILABLE: io exception
	at java.util.concurrent.FutureTask.report(FutureTask.java:122)
	at java.util.concurrent.FutureTask.get(FutureTask.java:192)
	at org.apache.ratis.server.impl.LeaderElection.waitForResults(LeaderElection.java:259)
	at org.apache.ratis.server.impl.LeaderElection.askForVotes(LeaderElection.java:197)
	at org.apache.ratis.server.impl.LeaderElection.run(LeaderElection.java:133)
	at java.lang.Thread.run(Thread.java:748)
Caused by: org.apache.ratis.thirdparty.io.grpc.StatusRuntimeException: UNAVAILABLE: io exception
	at org.apache.ratis.thirdparty.io.grpc.stub.ClientCalls.toStatusRuntimeException(ClientCalls.java:233)
	at org.apache.ratis.thirdparty.io.grpc.stub.ClientCalls.getUnchecked(ClientCalls.java:214)
	at org.apache.ratis.thirdparty.io.grpc.stub.ClientCalls.blockingUnaryCall(ClientCalls.java:139)
	at org.apache.ratis.proto.grpc.RaftServerProtocolServiceGrpc$RaftServerProtocolServiceBlockingStub.requestVote(RaftServerProtocolServiceGrpc.java:265)
	at org.apache.ratis.grpc.server.GrpcServerProtocolClient.requestVote(GrpcServerProtocolClient.java:99)
	at org.apache.ratis.grpc.server.GrpcService.requestVote(GrpcService.java:204)
	at org.apache.ratis.server.impl.LeaderElection.lambda$submitRequests$1(LeaderElection.java:234)
	at java.util.concurrent.FutureTask.run(FutureTask.java:266)
	at java.util.concurrent.Executors$RunnableAdapter.call(Executors.java:511)
	at java.util.concurrent.FutureTask.run(FutureTask.java:266)
	at java.util.concurrent.ThreadPoolExecutor.runWorker(ThreadPoolExecutor.java:1149)
	at java.util.concurrent.ThreadPoolExecutor$Worker.run(ThreadPoolExecutor.java:624)
	... 1 more
Caused by: org.apache.ratis.thirdparty.io.netty.channel.AbstractChannel$AnnotatedConnectException: Connection refused: /192.168.157.254:36038
	at sun.nio.ch.SocketChannelImpl.checkConnect(Native Method)
	at sun.nio.ch.SocketChannelImpl.finishConnect(SocketChannelImpl.java:717)
	at org.apache.ratis.thirdparty.io.netty.channel.socket.nio.NioSocketChannel.doFinishConnect(NioSocketChannel.java:327)
	at org.apache.ratis.thirdparty.io.netty.channel.nio.AbstractNioChannel$AbstractNioUnsafe.finishConnect(AbstractNioChannel.java:340)
	at org.apache.ratis.thirdparty.io.netty.channel.nio.NioEventLoop.processSelectedKey(NioEventLoop.java:632)
	at org.apache.ratis.thirdparty.io.netty.channel.nio.NioEventLoop.processSelectedKeysOptimized(NioEventLoop.java:579)
	at org.apache.ratis.thirdparty.io.netty.channel.nio.NioEventLoop.processSelectedKeys(NioEventLoop.java:496)
	at org.apache.ratis.thirdparty.io.netty.channel.nio.NioEventLoop.run(NioEventLoop.java:458)
	at org.apache.ratis.thirdparty.io.netty.util.concurrent.SingleThreadEventExecutor$5.run(SingleThreadEventExecutor.java:897)
	at org.apache.ratis.thirdparty.io.netty.util.concurrent.FastThreadLocalRunnable.run(FastThreadLocalRunnable.java:30)
	... 1 more
Caused by: java.net.ConnectException: Connection refused
	... 11 more
2019-10-22 00:13:23,437 [2fdb3e93-e0d8-400e-8c33-91e2341b50c6@group-F01152B53F91-LeaderElection256] INFO  impl.LeaderElection (LeaderElection.java:logAndReturn(56)) - 2fdb3e93-e0d8-400e-8c33-91e2341b50c6@group-F01152B53F91-LeaderElection256: Election REJECTED; received 0 response(s) [] and 2 exception(s); 2fdb3e93-e0d8-400e-8c33-91e2341b50c6@group-F01152B53F91:t255, leader=null, voted=2fdb3e93-e0d8-400e-8c33-91e2341b50c6, raftlog=2fdb3e93-e0d8-400e-8c33-91e2341b50c6@group-F01152B53F91-SegmentedRaftLog:OPENED:c-1,f-1,i0, conf=-1: [2fdb3e93-e0d8-400e-8c33-91e2341b50c6:192.168.157.254:43254, 062c71de-08d9-40ee-9309-15590e2e8e68:192.168.157.254:45598, 2a52019e-5647-44e1-bf30-9a43fd8a7377:192.168.157.254:36038], old=null
2019-10-22 00:13:23,437 [2fdb3e93-e0d8-400e-8c33-91e2341b50c6@group-F01152B53F91-LeaderElection256] INFO  impl.LeaderElection (LogUtils.java:infoOrTrace(149)) -   Exception 0: {}
java.util.concurrent.ExecutionException: org.apache.ratis.thirdparty.io.grpc.StatusRuntimeException: UNAVAILABLE: io exception
	at java.util.concurrent.FutureTask.report(FutureTask.java:122)
	at java.util.concurrent.FutureTask.get(FutureTask.java:192)
	at org.apache.ratis.server.impl.LeaderElection.waitForResults(LeaderElection.java:259)
	at org.apache.ratis.server.impl.LeaderElection.askForVotes(LeaderElection.java:197)
	at org.apache.ratis.server.impl.LeaderElection.run(LeaderElection.java:133)
	at java.lang.Thread.run(Thread.java:748)
Caused by: org.apache.ratis.thirdparty.io.grpc.StatusRuntimeException: UNAVAILABLE: io exception
	at org.apache.ratis.thirdparty.io.grpc.stub.ClientCalls.toStatusRuntimeException(ClientCalls.java:233)
	at org.apache.ratis.thirdparty.io.grpc.stub.ClientCalls.getUnchecked(ClientCalls.java:214)
	at org.apache.ratis.thirdparty.io.grpc.stub.ClientCalls.blockingUnaryCall(ClientCalls.java:139)
	at org.apache.ratis.proto.grpc.RaftServerProtocolServiceGrpc$RaftServerProtocolServiceBlockingStub.requestVote(RaftServerProtocolServiceGrpc.java:265)
	at org.apache.ratis.grpc.server.GrpcServerProtocolClient.requestVote(GrpcServerProtocolClient.java:99)
	at org.apache.ratis.grpc.server.GrpcService.requestVote(GrpcService.java:204)
	at org.apache.ratis.server.impl.LeaderElection.lambda$submitRequests$1(LeaderElection.java:234)
	at java.util.concurrent.FutureTask.run(FutureTask.java:266)
	at java.util.concurrent.Executors$RunnableAdapter.call(Executors.java:511)
	at java.util.concurrent.FutureTask.run(FutureTask.java:266)
	at java.util.concurrent.ThreadPoolExecutor.runWorker(ThreadPoolExecutor.java:1149)
	at java.util.concurrent.ThreadPoolExecutor$Worker.run(ThreadPoolExecutor.java:624)
	... 1 more
Caused by: org.apache.ratis.thirdparty.io.netty.channel.AbstractChannel$AnnotatedConnectException: Connection refused: /192.168.157.254:45598
	at sun.nio.ch.SocketChannelImpl.checkConnect(Native Method)
	at sun.nio.ch.SocketChannelImpl.finishConnect(SocketChannelImpl.java:717)
	at org.apache.ratis.thirdparty.io.netty.channel.socket.nio.NioSocketChannel.doFinishConnect(NioSocketChannel.java:327)
	at org.apache.ratis.thirdparty.io.netty.channel.nio.AbstractNioChannel$AbstractNioUnsafe.finishConnect(AbstractNioChannel.java:340)
	at org.apache.ratis.thirdparty.io.netty.channel.nio.NioEventLoop.processSelectedKey(NioEventLoop.java:632)
	at org.apache.ratis.thirdparty.io.netty.channel.nio.NioEventLoop.processSelectedKeysOptimized(NioEventLoop.java:579)
	at org.apache.ratis.thirdparty.io.netty.channel.nio.NioEventLoop.processSelectedKeys(NioEventLoop.java:496)
	at org.apache.ratis.thirdparty.io.netty.channel.nio.NioEventLoop.run(NioEventLoop.java:458)
	at org.apache.ratis.thirdparty.io.netty.util.concurrent.SingleThreadEventExecutor$5.run(SingleThreadEventExecutor.java:897)
	at org.apache.ratis.thirdparty.io.netty.util.concurrent.FastThreadLocalRunnable.run(FastThreadLocalRunnable.java:30)
	... 1 more
Caused by: java.net.ConnectException: Connection refused
	... 11 more
2019-10-22 00:13:23,438 [2fdb3e93-e0d8-400e-8c33-91e2341b50c6@group-F01152B53F91-LeaderElection256] INFO  impl.LeaderElection (LogUtils.java:infoOrTrace(149)) -   Exception 1: {}
java.util.concurrent.ExecutionException: org.apache.ratis.thirdparty.io.grpc.StatusRuntimeException: UNAVAILABLE: io exception
	at java.util.concurrent.FutureTask.report(FutureTask.java:122)
	at java.util.concurrent.FutureTask.get(FutureTask.java:192)
	at org.apache.ratis.server.impl.LeaderElection.waitForResults(LeaderElection.java:259)
	at org.apache.ratis.server.impl.LeaderElection.askForVotes(LeaderElection.java:197)
	at org.apache.ratis.server.impl.LeaderElection.run(LeaderElection.java:133)
	at java.lang.Thread.run(Thread.java:748)
Caused by: org.apache.ratis.thirdparty.io.grpc.StatusRuntimeException: UNAVAILABLE: io exception
	at org.apache.ratis.thirdparty.io.grpc.stub.ClientCalls.toStatusRuntimeException(ClientCalls.java:233)
	at org.apache.ratis.thirdparty.io.grpc.stub.ClientCalls.getUnchecked(ClientCalls.java:214)
	at org.apache.ratis.thirdparty.io.grpc.stub.ClientCalls.blockingUnaryCall(ClientCalls.java:139)
	at org.apache.ratis.proto.grpc.RaftServerProtocolServiceGrpc$RaftServerProtocolServiceBlockingStub.requestVote(RaftServerProtocolServiceGrpc.java:265)
	at org.apache.ratis.grpc.server.GrpcServerProtocolClient.requestVote(GrpcServerProtocolClient.java:99)
	at org.apache.ratis.grpc.server.GrpcService.requestVote(GrpcService.java:204)
	at org.apache.ratis.server.impl.LeaderElection.lambda$submitRequests$1(LeaderElection.java:234)
	at java.util.concurrent.FutureTask.run(FutureTask.java:266)
	at java.util.concurrent.Executors$RunnableAdapter.call(Executors.java:511)
	at java.util.concurrent.FutureTask.run(FutureTask.java:266)
	at java.util.concurrent.ThreadPoolExecutor.runWorker(ThreadPoolExecutor.java:1149)
	at java.util.concurrent.ThreadPoolExecutor$Worker.run(ThreadPoolExecutor.java:624)
	... 1 more
Caused by: org.apache.ratis.thirdparty.io.netty.channel.AbstractChannel$AnnotatedConnectException: Connection refused: /192.168.157.254:36038
	at sun.nio.ch.SocketChannelImpl.checkConnect(Native Method)
	at sun.nio.ch.SocketChannelImpl.finishConnect(SocketChannelImpl.java:717)
	at org.apache.ratis.thirdparty.io.netty.channel.socket.nio.NioSocketChannel.doFinishConnect(NioSocketChannel.java:327)
	at org.apache.ratis.thirdparty.io.netty.channel.nio.AbstractNioChannel$AbstractNioUnsafe.finishConnect(AbstractNioChannel.java:340)
	at org.apache.ratis.thirdparty.io.netty.channel.nio.NioEventLoop.processSelectedKey(NioEventLoop.java:632)
	at org.apache.ratis.thirdparty.io.netty.channel.nio.NioEventLoop.processSelectedKeysOptimized(NioEventLoop.java:579)
	at org.apache.ratis.thirdparty.io.netty.channel.nio.NioEventLoop.processSelectedKeys(NioEventLoop.java:496)
	at org.apache.ratis.thirdparty.io.netty.channel.nio.NioEventLoop.run(NioEventLoop.java:458)
	at org.apache.ratis.thirdparty.io.netty.util.concurrent.SingleThreadEventExecutor$5.run(SingleThreadEventExecutor.java:897)
	at org.apache.ratis.thirdparty.io.netty.util.concurrent.FastThreadLocalRunnable.run(FastThreadLocalRunnable.java:30)
	... 1 more
Caused by: java.net.ConnectException: Connection refused
	... 11 more
2019-10-22 00:13:23,438 [2fdb3e93-e0d8-400e-8c33-91e2341b50c6@group-F01152B53F91-LeaderElection256] INFO  impl.RaftServerImpl (RaftServerImpl.java:setRole(184)) - 2fdb3e93-e0d8-400e-8c33-91e2341b50c6@group-F01152B53F91: changes role from CANDIDATE to FOLLOWER at term 255 for DISCOVERED_A_NEW_TERM
2019-10-22 00:13:23,438 [2fdb3e93-e0d8-400e-8c33-91e2341b50c6@group-F01152B53F91-LeaderElection256] INFO  impl.RoleInfo (RoleInfo.java:shutdownLeaderElection(134)) - 2fdb3e93-e0d8-400e-8c33-91e2341b50c6: shutdown LeaderElection
2019-10-22 00:13:23,438 [2fdb3e93-e0d8-400e-8c33-91e2341b50c6@group-F01152B53F91-LeaderElection256] INFO  impl.RoleInfo (RoleInfo.java:updateAndGet(143)) - 2fdb3e93-e0d8-400e-8c33-91e2341b50c6: start FollowerState
2019-10-22 00:13:23,542 [Thread-2068] INFO  impl.FollowerState (FollowerState.java:run(108)) - 2fdb3e93-e0d8-400e-8c33-91e2341b50c6@group-F01152B53F91-FollowerState: change to CANDIDATE, lastRpcTime:103ms, electionTimeout:103ms
2019-10-22 00:13:23,542 [Thread-2068] INFO  impl.RoleInfo (RoleInfo.java:shutdownFollowerState(121)) - 2fdb3e93-e0d8-400e-8c33-91e2341b50c6: shutdown FollowerState
2019-10-22 00:13:23,542 [Thread-2068] INFO  impl.RaftServerImpl (RaftServerImpl.java:setRole(184)) - 2fdb3e93-e0d8-400e-8c33-91e2341b50c6@group-F01152B53F91: changes role from  FOLLOWER to CANDIDATE at term 255 for changeToCandidate
2019-10-22 00:13:23,542 [Thread-2068] INFO  impl.RoleInfo (RoleInfo.java:updateAndGet(143)) - 2fdb3e93-e0d8-400e-8c33-91e2341b50c6: start LeaderElection
2019-10-22 00:13:23,556 [2fdb3e93-e0d8-400e-8c33-91e2341b50c6@group-F01152B53F91-LeaderElection257] INFO  impl.LeaderElection (LeaderElection.java:askForVotes(178)) - 2fdb3e93-e0d8-400e-8c33-91e2341b50c6@group-F01152B53F91-LeaderElection257: begin an election at term 256 for -1: [2fdb3e93-e0d8-400e-8c33-91e2341b50c6:192.168.157.254:43254, 062c71de-08d9-40ee-9309-15590e2e8e68:192.168.157.254:45598, 2a52019e-5647-44e1-bf30-9a43fd8a7377:192.168.157.254:36038], old=null
2019-10-22 00:13:23,557 [2fdb3e93-e0d8-400e-8c33-91e2341b50c6@group-F01152B53F91-LeaderElection257] INFO  impl.LeaderElection (LogUtils.java:infoOrTrace(149)) - 2fdb3e93-e0d8-400e-8c33-91e2341b50c6@group-F01152B53F91-LeaderElection257 got exception when requesting votes: {}
java.util.concurrent.ExecutionException: org.apache.ratis.thirdparty.io.grpc.StatusRuntimeException: UNAVAILABLE: io exception
	at java.util.concurrent.FutureTask.report(FutureTask.java:122)
	at java.util.concurrent.FutureTask.get(FutureTask.java:192)
	at org.apache.ratis.server.impl.LeaderElection.waitForResults(LeaderElection.java:259)
	at org.apache.ratis.server.impl.LeaderElection.askForVotes(LeaderElection.java:197)
	at org.apache.ratis.server.impl.LeaderElection.run(LeaderElection.java:133)
	at java.lang.Thread.run(Thread.java:748)
Caused by: org.apache.ratis.thirdparty.io.grpc.StatusRuntimeException: UNAVAILABLE: io exception
	at org.apache.ratis.thirdparty.io.grpc.stub.ClientCalls.toStatusRuntimeException(ClientCalls.java:233)
	at org.apache.ratis.thirdparty.io.grpc.stub.ClientCalls.getUnchecked(ClientCalls.java:214)
	at org.apache.ratis.thirdparty.io.grpc.stub.ClientCalls.blockingUnaryCall(ClientCalls.java:139)
	at org.apache.ratis.proto.grpc.RaftServerProtocolServiceGrpc$RaftServerProtocolServiceBlockingStub.requestVote(RaftServerProtocolServiceGrpc.java:265)
	at org.apache.ratis.grpc.server.GrpcServerProtocolClient.requestVote(GrpcServerProtocolClient.java:99)
	at org.apache.ratis.grpc.server.GrpcService.requestVote(GrpcService.java:204)
	at org.apache.ratis.server.impl.LeaderElection.lambda$submitRequests$1(LeaderElection.java:234)
	at java.util.concurrent.FutureTask.run(FutureTask.java:266)
	at java.util.concurrent.Executors$RunnableAdapter.call(Executors.java:511)
	at java.util.concurrent.FutureTask.run(FutureTask.java:266)
	at java.util.concurrent.ThreadPoolExecutor.runWorker(ThreadPoolExecutor.java:1149)
	at java.util.concurrent.ThreadPoolExecutor$Worker.run(ThreadPoolExecutor.java:624)
	... 1 more
Caused by: org.apache.ratis.thirdparty.io.netty.channel.AbstractChannel$AnnotatedConnectException: Connection refused: /192.168.157.254:45598
	at sun.nio.ch.SocketChannelImpl.checkConnect(Native Method)
	at sun.nio.ch.SocketChannelImpl.finishConnect(SocketChannelImpl.java:717)
	at org.apache.ratis.thirdparty.io.netty.channel.socket.nio.NioSocketChannel.doFinishConnect(NioSocketChannel.java:327)
	at org.apache.ratis.thirdparty.io.netty.channel.nio.AbstractNioChannel$AbstractNioUnsafe.finishConnect(AbstractNioChannel.java:340)
	at org.apache.ratis.thirdparty.io.netty.channel.nio.NioEventLoop.processSelectedKey(NioEventLoop.java:632)
	at org.apache.ratis.thirdparty.io.netty.channel.nio.NioEventLoop.processSelectedKeysOptimized(NioEventLoop.java:579)
	at org.apache.ratis.thirdparty.io.netty.channel.nio.NioEventLoop.processSelectedKeys(NioEventLoop.java:496)
	at org.apache.ratis.thirdparty.io.netty.channel.nio.NioEventLoop.run(NioEventLoop.java:458)
	at org.apache.ratis.thirdparty.io.netty.util.concurrent.SingleThreadEventExecutor$5.run(SingleThreadEventExecutor.java:897)
	at org.apache.ratis.thirdparty.io.netty.util.concurrent.FastThreadLocalRunnable.run(FastThreadLocalRunnable.java:30)
	... 1 more
Caused by: java.net.ConnectException: Connection refused
	... 11 more
2019-10-22 00:13:23,558 [2fdb3e93-e0d8-400e-8c33-91e2341b50c6@group-F01152B53F91-LeaderElection257] INFO  impl.LeaderElection (LogUtils.java:infoOrTrace(149)) - 2fdb3e93-e0d8-400e-8c33-91e2341b50c6@group-F01152B53F91-LeaderElection257 got exception when requesting votes: {}
java.util.concurrent.ExecutionException: org.apache.ratis.thirdparty.io.grpc.StatusRuntimeException: UNAVAILABLE: io exception
	at java.util.concurrent.FutureTask.report(FutureTask.java:122)
	at java.util.concurrent.FutureTask.get(FutureTask.java:192)
	at org.apache.ratis.server.impl.LeaderElection.waitForResults(LeaderElection.java:259)
	at org.apache.ratis.server.impl.LeaderElection.askForVotes(LeaderElection.java:197)
	at org.apache.ratis.server.impl.LeaderElection.run(LeaderElection.java:133)
	at java.lang.Thread.run(Thread.java:748)
Caused by: org.apache.ratis.thirdparty.io.grpc.StatusRuntimeException: UNAVAILABLE: io exception
	at org.apache.ratis.thirdparty.io.grpc.stub.ClientCalls.toStatusRuntimeException(ClientCalls.java:233)
	at org.apache.ratis.thirdparty.io.grpc.stub.ClientCalls.getUnchecked(ClientCalls.java:214)
	at org.apache.ratis.thirdparty.io.grpc.stub.ClientCalls.blockingUnaryCall(ClientCalls.java:139)
	at org.apache.ratis.proto.grpc.RaftServerProtocolServiceGrpc$RaftServerProtocolServiceBlockingStub.requestVote(RaftServerProtocolServiceGrpc.java:265)
	at org.apache.ratis.grpc.server.GrpcServerProtocolClient.requestVote(GrpcServerProtocolClient.java:99)
	at org.apache.ratis.grpc.server.GrpcService.requestVote(GrpcService.java:204)
	at org.apache.ratis.server.impl.LeaderElection.lambda$submitRequests$1(LeaderElection.java:234)
	at java.util.concurrent.FutureTask.run(FutureTask.java:266)
	at java.util.concurrent.Executors$RunnableAdapter.call(Executors.java:511)
	at java.util.concurrent.FutureTask.run(FutureTask.java:266)
	at java.util.concurrent.ThreadPoolExecutor.runWorker(ThreadPoolExecutor.java:1149)
	at java.util.concurrent.ThreadPoolExecutor$Worker.run(ThreadPoolExecutor.java:624)
	... 1 more
Caused by: org.apache.ratis.thirdparty.io.netty.channel.AbstractChannel$AnnotatedConnectException: Connection refused: /192.168.157.254:36038
	at sun.nio.ch.SocketChannelImpl.checkConnect(Native Method)
	at sun.nio.ch.SocketChannelImpl.finishConnect(SocketChannelImpl.java:717)
	at org.apache.ratis.thirdparty.io.netty.channel.socket.nio.NioSocketChannel.doFinishConnect(NioSocketChannel.java:327)
	at org.apache.ratis.thirdparty.io.netty.channel.nio.AbstractNioChannel$AbstractNioUnsafe.finishConnect(AbstractNioChannel.java:340)
	at org.apache.ratis.thirdparty.io.netty.channel.nio.NioEventLoop.processSelectedKey(NioEventLoop.java:632)
	at org.apache.ratis.thirdparty.io.netty.channel.nio.NioEventLoop.processSelectedKeysOptimized(NioEventLoop.java:579)
	at org.apache.ratis.thirdparty.io.netty.channel.nio.NioEventLoop.processSelectedKeys(NioEventLoop.java:496)
	at org.apache.ratis.thirdparty.io.netty.channel.nio.NioEventLoop.run(NioEventLoop.java:458)
	at org.apache.ratis.thirdparty.io.netty.util.concurrent.SingleThreadEventExecutor$5.run(SingleThreadEventExecutor.java:897)
	at org.apache.ratis.thirdparty.io.netty.util.concurrent.FastThreadLocalRunnable.run(FastThreadLocalRunnable.java:30)
	... 1 more
Caused by: java.net.ConnectException: Connection refused
	... 11 more
2019-10-22 00:13:23,558 [2fdb3e93-e0d8-400e-8c33-91e2341b50c6@group-F01152B53F91-LeaderElection257] INFO  impl.LeaderElection (LeaderElection.java:logAndReturn(56)) - 2fdb3e93-e0d8-400e-8c33-91e2341b50c6@group-F01152B53F91-LeaderElection257: Election REJECTED; received 0 response(s) [] and 2 exception(s); 2fdb3e93-e0d8-400e-8c33-91e2341b50c6@group-F01152B53F91:t256, leader=null, voted=2fdb3e93-e0d8-400e-8c33-91e2341b50c6, raftlog=2fdb3e93-e0d8-400e-8c33-91e2341b50c6@group-F01152B53F91-SegmentedRaftLog:OPENED:c-1,f-1,i0, conf=-1: [2fdb3e93-e0d8-400e-8c33-91e2341b50c6:192.168.157.254:43254, 062c71de-08d9-40ee-9309-15590e2e8e68:192.168.157.254:45598, 2a52019e-5647-44e1-bf30-9a43fd8a7377:192.168.157.254:36038], old=null
2019-10-22 00:13:23,558 [2fdb3e93-e0d8-400e-8c33-91e2341b50c6@group-F01152B53F91-LeaderElection257] INFO  impl.LeaderElection (LogUtils.java:infoOrTrace(149)) -   Exception 0: {}
java.util.concurrent.ExecutionException: org.apache.ratis.thirdparty.io.grpc.StatusRuntimeException: UNAVAILABLE: io exception
	at java.util.concurrent.FutureTask.report(FutureTask.java:122)
	at java.util.concurrent.FutureTask.get(FutureTask.java:192)
	at org.apache.ratis.server.impl.LeaderElection.waitForResults(LeaderElection.java:259)
	at org.apache.ratis.server.impl.LeaderElection.askForVotes(LeaderElection.java:197)
	at org.apache.ratis.server.impl.LeaderElection.run(LeaderElection.java:133)
	at java.lang.Thread.run(Thread.java:748)
Caused by: org.apache.ratis.thirdparty.io.grpc.StatusRuntimeException: UNAVAILABLE: io exception
	at org.apache.ratis.thirdparty.io.grpc.stub.ClientCalls.toStatusRuntimeException(ClientCalls.java:233)
	at org.apache.ratis.thirdparty.io.grpc.stub.ClientCalls.getUnchecked(ClientCalls.java:214)
	at org.apache.ratis.thirdparty.io.grpc.stub.ClientCalls.blockingUnaryCall(ClientCalls.java:139)
	at org.apache.ratis.proto.grpc.RaftServerProtocolServiceGrpc$RaftServerProtocolServiceBlockingStub.requestVote(RaftServerProtocolServiceGrpc.java:265)
	at org.apache.ratis.grpc.server.GrpcServerProtocolClient.requestVote(GrpcServerProtocolClient.java:99)
	at org.apache.ratis.grpc.server.GrpcService.requestVote(GrpcService.java:204)
	at org.apache.ratis.server.impl.LeaderElection.lambda$submitRequests$1(LeaderElection.java:234)
	at java.util.concurrent.FutureTask.run(FutureTask.java:266)
	at java.util.concurrent.Executors$RunnableAdapter.call(Executors.java:511)
	at java.util.concurrent.FutureTask.run(FutureTask.java:266)
	at java.util.concurrent.ThreadPoolExecutor.runWorker(ThreadPoolExecutor.java:1149)
	at java.util.concurrent.ThreadPoolExecutor$Worker.run(ThreadPoolExecutor.java:624)
	... 1 more
Caused by: org.apache.ratis.thirdparty.io.netty.channel.AbstractChannel$AnnotatedConnectException: Connection refused: /192.168.157.254:45598
	at sun.nio.ch.SocketChannelImpl.checkConnect(Native Method)
	at sun.nio.ch.SocketChannelImpl.finishConnect(SocketChannelImpl.java:717)
	at org.apache.ratis.thirdparty.io.netty.channel.socket.nio.NioSocketChannel.doFinishConnect(NioSocketChannel.java:327)
	at org.apache.ratis.thirdparty.io.netty.channel.nio.AbstractNioChannel$AbstractNioUnsafe.finishConnect(AbstractNioChannel.java:340)
	at org.apache.ratis.thirdparty.io.netty.channel.nio.NioEventLoop.processSelectedKey(NioEventLoop.java:632)
	at org.apache.ratis.thirdparty.io.netty.channel.nio.NioEventLoop.processSelectedKeysOptimized(NioEventLoop.java:579)
	at org.apache.ratis.thirdparty.io.netty.channel.nio.NioEventLoop.processSelectedKeys(NioEventLoop.java:496)
	at org.apache.ratis.thirdparty.io.netty.channel.nio.NioEventLoop.run(NioEventLoop.java:458)
	at org.apache.ratis.thirdparty.io.netty.util.concurrent.SingleThreadEventExecutor$5.run(SingleThreadEventExecutor.java:897)
	at org.apache.ratis.thirdparty.io.netty.util.concurrent.FastThreadLocalRunnable.run(FastThreadLocalRunnable.java:30)
	... 1 more
Caused by: java.net.ConnectException: Connection refused
	... 11 more
2019-10-22 00:13:23,559 [2fdb3e93-e0d8-400e-8c33-91e2341b50c6@group-F01152B53F91-LeaderElection257] INFO  impl.LeaderElection (LogUtils.java:infoOrTrace(149)) -   Exception 1: {}
java.util.concurrent.ExecutionException: org.apache.ratis.thirdparty.io.grpc.StatusRuntimeException: UNAVAILABLE: io exception
	at java.util.concurrent.FutureTask.report(FutureTask.java:122)
	at java.util.concurrent.FutureTask.get(FutureTask.java:192)
	at org.apache.ratis.server.impl.LeaderElection.waitForResults(LeaderElection.java:259)
	at org.apache.ratis.server.impl.LeaderElection.askForVotes(LeaderElection.java:197)
	at org.apache.ratis.server.impl.LeaderElection.run(LeaderElection.java:133)
	at java.lang.Thread.run(Thread.java:748)
Caused by: org.apache.ratis.thirdparty.io.grpc.StatusRuntimeException: UNAVAILABLE: io exception
	at org.apache.ratis.thirdparty.io.grpc.stub.ClientCalls.toStatusRuntimeException(ClientCalls.java:233)
	at org.apache.ratis.thirdparty.io.grpc.stub.ClientCalls.getUnchecked(ClientCalls.java:214)
	at org.apache.ratis.thirdparty.io.grpc.stub.ClientCalls.blockingUnaryCall(ClientCalls.java:139)
	at org.apache.ratis.proto.grpc.RaftServerProtocolServiceGrpc$RaftServerProtocolServiceBlockingStub.requestVote(RaftServerProtocolServiceGrpc.java:265)
	at org.apache.ratis.grpc.server.GrpcServerProtocolClient.requestVote(GrpcServerProtocolClient.java:99)
	at org.apache.ratis.grpc.server.GrpcService.requestVote(GrpcService.java:204)
	at org.apache.ratis.server.impl.LeaderElection.lambda$submitRequests$1(LeaderElection.java:234)
	at java.util.concurrent.FutureTask.run(FutureTask.java:266)
	at java.util.concurrent.Executors$RunnableAdapter.call(Executors.java:511)
	at java.util.concurrent.FutureTask.run(FutureTask.java:266)
	at java.util.concurrent.ThreadPoolExecutor.runWorker(ThreadPoolExecutor.java:1149)
	at java.util.concurrent.ThreadPoolExecutor$Worker.run(ThreadPoolExecutor.java:624)
	... 1 more
Caused by: org.apache.ratis.thirdparty.io.netty.channel.AbstractChannel$AnnotatedConnectException: Connection refused: /192.168.157.254:36038
	at sun.nio.ch.SocketChannelImpl.checkConnect(Native Method)
	at sun.nio.ch.SocketChannelImpl.finishConnect(SocketChannelImpl.java:717)
	at org.apache.ratis.thirdparty.io.netty.channel.socket.nio.NioSocketChannel.doFinishConnect(NioSocketChannel.java:327)
	at org.apache.ratis.thirdparty.io.netty.channel.nio.AbstractNioChannel$AbstractNioUnsafe.finishConnect(AbstractNioChannel.java:340)
	at org.apache.ratis.thirdparty.io.netty.channel.nio.NioEventLoop.processSelectedKey(NioEventLoop.java:632)
	at org.apache.ratis.thirdparty.io.netty.channel.nio.NioEventLoop.processSelectedKeysOptimized(NioEventLoop.java:579)
	at org.apache.ratis.thirdparty.io.netty.channel.nio.NioEventLoop.processSelectedKeys(NioEventLoop.java:496)
	at org.apache.ratis.thirdparty.io.netty.channel.nio.NioEventLoop.run(NioEventLoop.java:458)
	at org.apache.ratis.thirdparty.io.netty.util.concurrent.SingleThreadEventExecutor$5.run(SingleThreadEventExecutor.java:897)
	at org.apache.ratis.thirdparty.io.netty.util.concurrent.FastThreadLocalRunnable.run(FastThreadLocalRunnable.java:30)
	... 1 more
Caused by: java.net.ConnectException: Connection refused
	... 11 more
2019-10-22 00:13:23,559 [2fdb3e93-e0d8-400e-8c33-91e2341b50c6@group-F01152B53F91-LeaderElection257] INFO  impl.RaftServerImpl (RaftServerImpl.java:setRole(184)) - 2fdb3e93-e0d8-400e-8c33-91e2341b50c6@group-F01152B53F91: changes role from CANDIDATE to FOLLOWER at term 256 for DISCOVERED_A_NEW_TERM
2019-10-22 00:13:23,559 [2fdb3e93-e0d8-400e-8c33-91e2341b50c6@group-F01152B53F91-LeaderElection257] INFO  impl.RoleInfo (RoleInfo.java:shutdownLeaderElection(134)) - 2fdb3e93-e0d8-400e-8c33-91e2341b50c6: shutdown LeaderElection
2019-10-22 00:13:23,559 [2fdb3e93-e0d8-400e-8c33-91e2341b50c6@group-F01152B53F91-LeaderElection257] INFO  impl.RoleInfo (RoleInfo.java:updateAndGet(143)) - 2fdb3e93-e0d8-400e-8c33-91e2341b50c6: start FollowerState
2019-10-22 00:13:23,729 [Thread-2073] INFO  impl.FollowerState (FollowerState.java:run(108)) - 2fdb3e93-e0d8-400e-8c33-91e2341b50c6@group-F01152B53F91-FollowerState: change to CANDIDATE, lastRpcTime:169ms, electionTimeout:169ms
2019-10-22 00:13:23,729 [Thread-2073] INFO  impl.RoleInfo (RoleInfo.java:shutdownFollowerState(121)) - 2fdb3e93-e0d8-400e-8c33-91e2341b50c6: shutdown FollowerState
2019-10-22 00:13:23,729 [Thread-2073] INFO  impl.RaftServerImpl (RaftServerImpl.java:setRole(184)) - 2fdb3e93-e0d8-400e-8c33-91e2341b50c6@group-F01152B53F91: changes role from  FOLLOWER to CANDIDATE at term 256 for changeToCandidate
2019-10-22 00:13:23,729 [Thread-2073] INFO  impl.RoleInfo (RoleInfo.java:updateAndGet(143)) - 2fdb3e93-e0d8-400e-8c33-91e2341b50c6: start LeaderElection
2019-10-22 00:13:23,743 [2fdb3e93-e0d8-400e-8c33-91e2341b50c6@group-F01152B53F91-LeaderElection258] INFO  impl.LeaderElection (LeaderElection.java:askForVotes(178)) - 2fdb3e93-e0d8-400e-8c33-91e2341b50c6@group-F01152B53F91-LeaderElection258: begin an election at term 257 for -1: [2fdb3e93-e0d8-400e-8c33-91e2341b50c6:192.168.157.254:43254, 062c71de-08d9-40ee-9309-15590e2e8e68:192.168.157.254:45598, 2a52019e-5647-44e1-bf30-9a43fd8a7377:192.168.157.254:36038], old=null
2019-10-22 00:13:23,744 [2fdb3e93-e0d8-400e-8c33-91e2341b50c6@group-F01152B53F91-LeaderElection258] INFO  impl.LeaderElection (LogUtils.java:infoOrTrace(149)) - 2fdb3e93-e0d8-400e-8c33-91e2341b50c6@group-F01152B53F91-LeaderElection258 got exception when requesting votes: {}
java.util.concurrent.ExecutionException: org.apache.ratis.thirdparty.io.grpc.StatusRuntimeException: UNAVAILABLE: io exception
	at java.util.concurrent.FutureTask.report(FutureTask.java:122)
	at java.util.concurrent.FutureTask.get(FutureTask.java:192)
	at org.apache.ratis.server.impl.LeaderElection.waitForResults(LeaderElection.java:259)
	at org.apache.ratis.server.impl.LeaderElection.askForVotes(LeaderElection.java:197)
	at org.apache.ratis.server.impl.LeaderElection.run(LeaderElection.java:133)
	at java.lang.Thread.run(Thread.java:748)
Caused by: org.apache.ratis.thirdparty.io.grpc.StatusRuntimeException: UNAVAILABLE: io exception
	at org.apache.ratis.thirdparty.io.grpc.stub.ClientCalls.toStatusRuntimeException(ClientCalls.java:233)
	at org.apache.ratis.thirdparty.io.grpc.stub.ClientCalls.getUnchecked(ClientCalls.java:214)
	at org.apache.ratis.thirdparty.io.grpc.stub.ClientCalls.blockingUnaryCall(ClientCalls.java:139)
	at org.apache.ratis.proto.grpc.RaftServerProtocolServiceGrpc$RaftServerProtocolServiceBlockingStub.requestVote(RaftServerProtocolServiceGrpc.java:265)
	at org.apache.ratis.grpc.server.GrpcServerProtocolClient.requestVote(GrpcServerProtocolClient.java:99)
	at org.apache.ratis.grpc.server.GrpcService.requestVote(GrpcService.java:204)
	at org.apache.ratis.server.impl.LeaderElection.lambda$submitRequests$1(LeaderElection.java:234)
	at java.util.concurrent.FutureTask.run(FutureTask.java:266)
	at java.util.concurrent.Executors$RunnableAdapter.call(Executors.java:511)
	at java.util.concurrent.FutureTask.run(FutureTask.java:266)
	at java.util.concurrent.ThreadPoolExecutor.runWorker(ThreadPoolExecutor.java:1149)
	at java.util.concurrent.ThreadPoolExecutor$Worker.run(ThreadPoolExecutor.java:624)
	... 1 more
Caused by: org.apache.ratis.thirdparty.io.netty.channel.AbstractChannel$AnnotatedConnectException: Connection refused: /192.168.157.254:45598
	at sun.nio.ch.SocketChannelImpl.checkConnect(Native Method)
	at sun.nio.ch.SocketChannelImpl.finishConnect(SocketChannelImpl.java:717)
	at org.apache.ratis.thirdparty.io.netty.channel.socket.nio.NioSocketChannel.doFinishConnect(NioSocketChannel.java:327)
	at org.apache.ratis.thirdparty.io.netty.channel.nio.AbstractNioChannel$AbstractNioUnsafe.finishConnect(AbstractNioChannel.java:340)
	at org.apache.ratis.thirdparty.io.netty.channel.nio.NioEventLoop.processSelectedKey(NioEventLoop.java:632)
	at org.apache.ratis.thirdparty.io.netty.channel.nio.NioEventLoop.processSelectedKeysOptimized(NioEventLoop.java:579)
	at org.apache.ratis.thirdparty.io.netty.channel.nio.NioEventLoop.processSelectedKeys(NioEventLoop.java:496)
	at org.apache.ratis.thirdparty.io.netty.channel.nio.NioEventLoop.run(NioEventLoop.java:458)
	at org.apache.ratis.thirdparty.io.netty.util.concurrent.SingleThreadEventExecutor$5.run(SingleThreadEventExecutor.java:897)
	at org.apache.ratis.thirdparty.io.netty.util.concurrent.FastThreadLocalRunnable.run(FastThreadLocalRunnable.java:30)
	... 1 more
Caused by: java.net.ConnectException: Connection refused
	... 11 more
2019-10-22 00:13:23,744 [2fdb3e93-e0d8-400e-8c33-91e2341b50c6@group-F01152B53F91-LeaderElection258] INFO  impl.LeaderElection (LogUtils.java:infoOrTrace(149)) - 2fdb3e93-e0d8-400e-8c33-91e2341b50c6@group-F01152B53F91-LeaderElection258 got exception when requesting votes: {}
java.util.concurrent.ExecutionException: org.apache.ratis.thirdparty.io.grpc.StatusRuntimeException: UNAVAILABLE: io exception
	at java.util.concurrent.FutureTask.report(FutureTask.java:122)
	at java.util.concurrent.FutureTask.get(FutureTask.java:192)
	at org.apache.ratis.server.impl.LeaderElection.waitForResults(LeaderElection.java:259)
	at org.apache.ratis.server.impl.LeaderElection.askForVotes(LeaderElection.java:197)
	at org.apache.ratis.server.impl.LeaderElection.run(LeaderElection.java:133)
	at java.lang.Thread.run(Thread.java:748)
Caused by: org.apache.ratis.thirdparty.io.grpc.StatusRuntimeException: UNAVAILABLE: io exception
	at org.apache.ratis.thirdparty.io.grpc.stub.ClientCalls.toStatusRuntimeException(ClientCalls.java:233)
	at org.apache.ratis.thirdparty.io.grpc.stub.ClientCalls.getUnchecked(ClientCalls.java:214)
	at org.apache.ratis.thirdparty.io.grpc.stub.ClientCalls.blockingUnaryCall(ClientCalls.java:139)
	at org.apache.ratis.proto.grpc.RaftServerProtocolServiceGrpc$RaftServerProtocolServiceBlockingStub.requestVote(RaftServerProtocolServiceGrpc.java:265)
	at org.apache.ratis.grpc.server.GrpcServerProtocolClient.requestVote(GrpcServerProtocolClient.java:99)
	at org.apache.ratis.grpc.server.GrpcService.requestVote(GrpcService.java:204)
	at org.apache.ratis.server.impl.LeaderElection.lambda$submitRequests$1(LeaderElection.java:234)
	at java.util.concurrent.FutureTask.run(FutureTask.java:266)
	at java.util.concurrent.Executors$RunnableAdapter.call(Executors.java:511)
	at java.util.concurrent.FutureTask.run(FutureTask.java:266)
	at java.util.concurrent.ThreadPoolExecutor.runWorker(ThreadPoolExecutor.java:1149)
	at java.util.concurrent.ThreadPoolExecutor$Worker.run(ThreadPoolExecutor.java:624)
	... 1 more
Caused by: org.apache.ratis.thirdparty.io.netty.channel.AbstractChannel$AnnotatedConnectException: Connection refused: /192.168.157.254:36038
	at sun.nio.ch.SocketChannelImpl.checkConnect(Native Method)
	at sun.nio.ch.SocketChannelImpl.finishConnect(SocketChannelImpl.java:717)
	at org.apache.ratis.thirdparty.io.netty.channel.socket.nio.NioSocketChannel.doFinishConnect(NioSocketChannel.java:327)
	at org.apache.ratis.thirdparty.io.netty.channel.nio.AbstractNioChannel$AbstractNioUnsafe.finishConnect(AbstractNioChannel.java:340)
	at org.apache.ratis.thirdparty.io.netty.channel.nio.NioEventLoop.processSelectedKey(NioEventLoop.java:632)
	at org.apache.ratis.thirdparty.io.netty.channel.nio.NioEventLoop.processSelectedKeysOptimized(NioEventLoop.java:579)
	at org.apache.ratis.thirdparty.io.netty.channel.nio.NioEventLoop.processSelectedKeys(NioEventLoop.java:496)
	at org.apache.ratis.thirdparty.io.netty.channel.nio.NioEventLoop.run(NioEventLoop.java:458)
	at org.apache.ratis.thirdparty.io.netty.util.concurrent.SingleThreadEventExecutor$5.run(SingleThreadEventExecutor.java:897)
	at org.apache.ratis.thirdparty.io.netty.util.concurrent.FastThreadLocalRunnable.run(FastThreadLocalRunnable.java:30)
	... 1 more
Caused by: java.net.ConnectException: Connection refused
	... 11 more
2019-10-22 00:13:23,745 [2fdb3e93-e0d8-400e-8c33-91e2341b50c6@group-F01152B53F91-LeaderElection258] INFO  impl.LeaderElection (LeaderElection.java:logAndReturn(56)) - 2fdb3e93-e0d8-400e-8c33-91e2341b50c6@group-F01152B53F91-LeaderElection258: Election REJECTED; received 0 response(s) [] and 2 exception(s); 2fdb3e93-e0d8-400e-8c33-91e2341b50c6@group-F01152B53F91:t257, leader=null, voted=2fdb3e93-e0d8-400e-8c33-91e2341b50c6, raftlog=2fdb3e93-e0d8-400e-8c33-91e2341b50c6@group-F01152B53F91-SegmentedRaftLog:OPENED:c-1,f-1,i0, conf=-1: [2fdb3e93-e0d8-400e-8c33-91e2341b50c6:192.168.157.254:43254, 062c71de-08d9-40ee-9309-15590e2e8e68:192.168.157.254:45598, 2a52019e-5647-44e1-bf30-9a43fd8a7377:192.168.157.254:36038], old=null
2019-10-22 00:13:23,745 [2fdb3e93-e0d8-400e-8c33-91e2341b50c6@group-F01152B53F91-LeaderElection258] INFO  impl.LeaderElection (LogUtils.java:infoOrTrace(149)) -   Exception 0: {}
java.util.concurrent.ExecutionException: org.apache.ratis.thirdparty.io.grpc.StatusRuntimeException: UNAVAILABLE: io exception
	at java.util.concurrent.FutureTask.report(FutureTask.java:122)
	at java.util.concurrent.FutureTask.get(FutureTask.java:192)
	at org.apache.ratis.server.impl.LeaderElection.waitForResults(LeaderElection.java:259)
	at org.apache.ratis.server.impl.LeaderElection.askForVotes(LeaderElection.java:197)
	at org.apache.ratis.server.impl.LeaderElection.run(LeaderElection.java:133)
	at java.lang.Thread.run(Thread.java:748)
Caused by: org.apache.ratis.thirdparty.io.grpc.StatusRuntimeException: UNAVAILABLE: io exception
	at org.apache.ratis.thirdparty.io.grpc.stub.ClientCalls.toStatusRuntimeException(ClientCalls.java:233)
	at org.apache.ratis.thirdparty.io.grpc.stub.ClientCalls.getUnchecked(ClientCalls.java:214)
	at org.apache.ratis.thirdparty.io.grpc.stub.ClientCalls.blockingUnaryCall(ClientCalls.java:139)
	at org.apache.ratis.proto.grpc.RaftServerProtocolServiceGrpc$RaftServerProtocolServiceBlockingStub.requestVote(RaftServerProtocolServiceGrpc.java:265)
	at org.apache.ratis.grpc.server.GrpcServerProtocolClient.requestVote(GrpcServerProtocolClient.java:99)
	at org.apache.ratis.grpc.server.GrpcService.requestVote(GrpcService.java:204)
	at org.apache.ratis.server.impl.LeaderElection.lambda$submitRequests$1(LeaderElection.java:234)
	at java.util.concurrent.FutureTask.run(FutureTask.java:266)
	at java.util.concurrent.Executors$RunnableAdapter.call(Executors.java:511)
	at java.util.concurrent.FutureTask.run(FutureTask.java:266)
	at java.util.concurrent.ThreadPoolExecutor.runWorker(ThreadPoolExecutor.java:1149)
	at java.util.concurrent.ThreadPoolExecutor$Worker.run(ThreadPoolExecutor.java:624)
	... 1 more
Caused by: org.apache.ratis.thirdparty.io.netty.channel.AbstractChannel$AnnotatedConnectException: Connection refused: /192.168.157.254:45598
	at sun.nio.ch.SocketChannelImpl.checkConnect(Native Method)
	at sun.nio.ch.SocketChannelImpl.finishConnect(SocketChannelImpl.java:717)
	at org.apache.ratis.thirdparty.io.netty.channel.socket.nio.NioSocketChannel.doFinishConnect(NioSocketChannel.java:327)
	at org.apache.ratis.thirdparty.io.netty.channel.nio.AbstractNioChannel$AbstractNioUnsafe.finishConnect(AbstractNioChannel.java:340)
	at org.apache.ratis.thirdparty.io.netty.channel.nio.NioEventLoop.processSelectedKey(NioEventLoop.java:632)
	at org.apache.ratis.thirdparty.io.netty.channel.nio.NioEventLoop.processSelectedKeysOptimized(NioEventLoop.java:579)
	at org.apache.ratis.thirdparty.io.netty.channel.nio.NioEventLoop.processSelectedKeys(NioEventLoop.java:496)
	at org.apache.ratis.thirdparty.io.netty.channel.nio.NioEventLoop.run(NioEventLoop.java:458)
	at org.apache.ratis.thirdparty.io.netty.util.concurrent.SingleThreadEventExecutor$5.run(SingleThreadEventExecutor.java:897)
	at org.apache.ratis.thirdparty.io.netty.util.concurrent.FastThreadLocalRunnable.run(FastThreadLocalRunnable.java:30)
	... 1 more
Caused by: java.net.ConnectException: Connection refused
	... 11 more
2019-10-22 00:13:23,745 [2fdb3e93-e0d8-400e-8c33-91e2341b50c6@group-F01152B53F91-LeaderElection258] INFO  impl.LeaderElection (LogUtils.java:infoOrTrace(149)) -   Exception 1: {}
java.util.concurrent.ExecutionException: org.apache.ratis.thirdparty.io.grpc.StatusRuntimeException: UNAVAILABLE: io exception
	at java.util.concurrent.FutureTask.report(FutureTask.java:122)
	at java.util.concurrent.FutureTask.get(FutureTask.java:192)
	at org.apache.ratis.server.impl.LeaderElection.waitForResults(LeaderElection.java:259)
	at org.apache.ratis.server.impl.LeaderElection.askForVotes(LeaderElection.java:197)
	at org.apache.ratis.server.impl.LeaderElection.run(LeaderElection.java:133)
	at java.lang.Thread.run(Thread.java:748)
Caused by: org.apache.ratis.thirdparty.io.grpc.StatusRuntimeException: UNAVAILABLE: io exception
	at org.apache.ratis.thirdparty.io.grpc.stub.ClientCalls.toStatusRuntimeException(ClientCalls.java:233)
	at org.apache.ratis.thirdparty.io.grpc.stub.ClientCalls.getUnchecked(ClientCalls.java:214)
	at org.apache.ratis.thirdparty.io.grpc.stub.ClientCalls.blockingUnaryCall(ClientCalls.java:139)
	at org.apache.ratis.proto.grpc.RaftServerProtocolServiceGrpc$RaftServerProtocolServiceBlockingStub.requestVote(RaftServerProtocolServiceGrpc.java:265)
	at org.apache.ratis.grpc.server.GrpcServerProtocolClient.requestVote(GrpcServerProtocolClient.java:99)
	at org.apache.ratis.grpc.server.GrpcService.requestVote(GrpcService.java:204)
	at org.apache.ratis.server.impl.LeaderElection.lambda$submitRequests$1(LeaderElection.java:234)
	at java.util.concurrent.FutureTask.run(FutureTask.java:266)
	at java.util.concurrent.Executors$RunnableAdapter.call(Executors.java:511)
	at java.util.concurrent.FutureTask.run(FutureTask.java:266)
	at java.util.concurrent.ThreadPoolExecutor.runWorker(ThreadPoolExecutor.java:1149)
	at java.util.concurrent.ThreadPoolExecutor$Worker.run(ThreadPoolExecutor.java:624)
	... 1 more
Caused by: org.apache.ratis.thirdparty.io.netty.channel.AbstractChannel$AnnotatedConnectException: Connection refused: /192.168.157.254:36038
	at sun.nio.ch.SocketChannelImpl.checkConnect(Native Method)
	at sun.nio.ch.SocketChannelImpl.finishConnect(SocketChannelImpl.java:717)
	at org.apache.ratis.thirdparty.io.netty.channel.socket.nio.NioSocketChannel.doFinishConnect(NioSocketChannel.java:327)
	at org.apache.ratis.thirdparty.io.netty.channel.nio.AbstractNioChannel$AbstractNioUnsafe.finishConnect(AbstractNioChannel.java:340)
	at org.apache.ratis.thirdparty.io.netty.channel.nio.NioEventLoop.processSelectedKey(NioEventLoop.java:632)
	at org.apache.ratis.thirdparty.io.netty.channel.nio.NioEventLoop.processSelectedKeysOptimized(NioEventLoop.java:579)
	at org.apache.ratis.thirdparty.io.netty.channel.nio.NioEventLoop.processSelectedKeys(NioEventLoop.java:496)
	at org.apache.ratis.thirdparty.io.netty.channel.nio.NioEventLoop.run(NioEventLoop.java:458)
	at org.apache.ratis.thirdparty.io.netty.util.concurrent.SingleThreadEventExecutor$5.run(SingleThreadEventExecutor.java:897)
	at org.apache.ratis.thirdparty.io.netty.util.concurrent.FastThreadLocalRunnable.run(FastThreadLocalRunnable.java:30)
	... 1 more
Caused by: java.net.ConnectException: Connection refused
	... 11 more
2019-10-22 00:13:23,746 [2fdb3e93-e0d8-400e-8c33-91e2341b50c6@group-F01152B53F91-LeaderElection258] INFO  impl.RaftServerImpl (RaftServerImpl.java:setRole(184)) - 2fdb3e93-e0d8-400e-8c33-91e2341b50c6@group-F01152B53F91: changes role from CANDIDATE to FOLLOWER at term 257 for DISCOVERED_A_NEW_TERM
2019-10-22 00:13:23,746 [2fdb3e93-e0d8-400e-8c33-91e2341b50c6@group-F01152B53F91-LeaderElection258] INFO  impl.RoleInfo (RoleInfo.java:shutdownLeaderElection(134)) - 2fdb3e93-e0d8-400e-8c33-91e2341b50c6: shutdown LeaderElection
2019-10-22 00:13:23,746 [2fdb3e93-e0d8-400e-8c33-91e2341b50c6@group-F01152B53F91-LeaderElection258] INFO  impl.RoleInfo (RoleInfo.java:updateAndGet(143)) - 2fdb3e93-e0d8-400e-8c33-91e2341b50c6: start FollowerState
2019-10-22 00:13:23,751 [main] INFO  ozoneimpl.OzoneContainer (OzoneContainer.java:stop(227)) - Attempting to stop container services.
2019-10-22 00:13:23,752 [main] INFO  impl.RaftServerProxy (RaftServerProxy.java:lambda$close$4(314)) - fad63ceb-ed14-4322-905d-6ef3599ac734: close
2019-10-22 00:13:23,753 [main] INFO  impl.RaftServerImpl (RaftServerImpl.java:lambda$shutdown$3(261)) - fad63ceb-ed14-4322-905d-6ef3599ac734@group-0045C62F497D: shutdown
2019-10-22 00:13:23,753 [main] INFO  util.JmxRegister (JmxRegister.java:unregister(73)) - Successfully un-registered JMX Bean with object name Ratis:service=RaftServer,group=group-0045C62F497D,id=fad63ceb-ed14-4322-905d-6ef3599ac734
2019-10-22 00:13:23,753 [main] INFO  impl.RoleInfo (RoleInfo.java:shutdownLeaderState(104)) - fad63ceb-ed14-4322-905d-6ef3599ac734: shutdown LeaderState
2019-10-22 00:13:23,756 [org.apache.ratis.server.impl.LogAppender$AppenderDaemon$$Lambda$421/642668633@2a241430] WARN  server.GrpcLogAppender (GrpcLogAppender.java:mayWait(149)) - fad63ceb-ed14-4322-905d-6ef3599ac734@group-0045C62F497D->5732e052-e19f-40fe-a104-972211db20fb-GrpcLogAppender: Wait interrupted by java.lang.InterruptedException
2019-10-22 00:13:23,756 [org.apache.ratis.server.impl.LogAppender$AppenderDaemon$$Lambda$421/642668633@1b447d04] WARN  server.GrpcLogAppender (GrpcLogAppender.java:mayWait(149)) - fad63ceb-ed14-4322-905d-6ef3599ac734@group-0045C62F497D->1913eeb9-7f58-4aef-bfea-8e00a2a3aadf-GrpcLogAppender: Wait interrupted by java.lang.InterruptedException
2019-10-22 00:13:23,756 [main] INFO  impl.PendingRequests (PendingRequests.java:sendNotLeaderResponses(202)) - fad63ceb-ed14-4322-905d-6ef3599ac734@group-0045C62F497D-PendingRequests: sendNotLeaderResponses
2019-10-22 00:13:23,757 [main] INFO  impl.StateMachineUpdater (StateMachineUpdater.java:stopAndJoin(136)) - fad63ceb-ed14-4322-905d-6ef3599ac734@group-0045C62F497D-StateMachineUpdater: set stopIndex = 0
2019-10-22 00:13:23,758 [main] INFO  impl.RaftServerImpl (ServerState.java:close(388)) - fad63ceb-ed14-4322-905d-6ef3599ac734@group-0045C62F497D: closes. applyIndex: 0
2019-10-22 00:13:23,758 [fad63ceb-ed14-4322-905d-6ef3599ac734@group-0045C62F497D-SegmentedRaftLogWorker] INFO  segmented.SegmentedRaftLogWorker (SegmentedRaftLogWorker.java:run(316)) - fad63ceb-ed14-4322-905d-6ef3599ac734@group-0045C62F497D-SegmentedRaftLogWorker was interrupted, exiting. There are 0 tasks remaining in the queue.
2019-10-22 00:13:23,758 [main] INFO  segmented.SegmentedRaftLogWorker (SegmentedRaftLogWorker.java:close(224)) - fad63ceb-ed14-4322-905d-6ef3599ac734@group-0045C62F497D-SegmentedRaftLogWorker close()
2019-10-22 00:13:23,760 [main] INFO  impl.RaftServerImpl (RaftServerImpl.java:lambda$shutdown$3(261)) - fad63ceb-ed14-4322-905d-6ef3599ac734@group-301C4095371E: shutdown
2019-10-22 00:13:23,760 [main] INFO  util.JmxRegister (JmxRegister.java:unregister(73)) - Successfully un-registered JMX Bean with object name Ratis:service=RaftServer,group=group-301C4095371E,id=fad63ceb-ed14-4322-905d-6ef3599ac734
2019-10-22 00:13:23,760 [main] INFO  impl.RoleInfo (RoleInfo.java:shutdownLeaderState(104)) - fad63ceb-ed14-4322-905d-6ef3599ac734: shutdown LeaderState
2019-10-22 00:13:23,760 [main] INFO  impl.PendingRequests (PendingRequests.java:sendNotLeaderResponses(202)) - fad63ceb-ed14-4322-905d-6ef3599ac734@group-301C4095371E-PendingRequests: sendNotLeaderResponses
2019-10-22 00:13:23,762 [main] INFO  impl.StateMachineUpdater (StateMachineUpdater.java:stopAndJoin(136)) - fad63ceb-ed14-4322-905d-6ef3599ac734@group-301C4095371E-StateMachineUpdater: set stopIndex = 0
2019-10-22 00:13:23,762 [main] INFO  impl.RaftServerImpl (ServerState.java:close(388)) - fad63ceb-ed14-4322-905d-6ef3599ac734@group-301C4095371E: closes. applyIndex: 0
2019-10-22 00:13:23,762 [fad63ceb-ed14-4322-905d-6ef3599ac734@group-301C4095371E-SegmentedRaftLogWorker] INFO  segmented.SegmentedRaftLogWorker (SegmentedRaftLogWorker.java:run(316)) - fad63ceb-ed14-4322-905d-6ef3599ac734@group-301C4095371E-SegmentedRaftLogWorker was interrupted, exiting. There are 0 tasks remaining in the queue.
2019-10-22 00:13:23,762 [main] INFO  segmented.SegmentedRaftLogWorker (SegmentedRaftLogWorker.java:close(224)) - fad63ceb-ed14-4322-905d-6ef3599ac734@group-301C4095371E-SegmentedRaftLogWorker close()
2019-10-22 00:13:23,764 [main] INFO  server.GrpcService (GrpcService.java:closeImpl(164)) - fad63ceb-ed14-4322-905d-6ef3599ac734: shutdown server with port 39274 now
2019-10-22 00:13:23,764 [main] INFO  server.GrpcService (GrpcService.java:closeImpl(172)) - fad63ceb-ed14-4322-905d-6ef3599ac734: shutdown server with port 39274 successfully
2019-10-22 00:13:23,766 [refreshUsed-/workdir/hadoop-ozone/integration-test/target/test-dir/MiniOzoneClusterImpl-8b64dd99-cfc4-48e3-b5ea-61cd2ec80401/datanode-9/data/containers] WARN  fs.CachingGetSpaceUsed (CachingGetSpaceUsed.java:run(183)) - Thread Interrupted waiting to refresh disk information: sleep interrupted
2019-10-22 00:13:23,787 [main] INFO  utils.BackgroundService (BackgroundService.java:shutdown(151)) - Shutting down service BlockDeletingService
2019-10-22 00:13:23,790 [main] INFO  statemachine.DatanodeStateMachine (DatanodeStateMachine.java:stopDaemon(395)) - Ozone container server stopped.
2019-10-22 00:13:23,791 [main] INFO  handler.ContextHandler (ContextHandler.java:doStop(910)) - Stopped o.e.j.w.WebAppContext@340a8894{/,null,UNAVAILABLE}{/hddsDatanode}
2019-10-22 00:13:23,792 [main] INFO  server.AbstractConnector (AbstractConnector.java:doStop(318)) - Stopped ServerConnector@7a8b9166{HTTP/1.1,[http/1.1]}{0.0.0.0:0}
2019-10-22 00:13:23,793 [main] INFO  handler.ContextHandler (ContextHandler.java:doStop(910)) - Stopped o.e.j.s.ServletContextHandler@15c4af7a{/static,jar:file:/home/user/.m2/repository/org/apache/hadoop/hadoop-hdds-container-service/0.5.0-SNAPSHOT/hadoop-hdds-container-service-0.5.0-SNAPSHOT.jar!/webapps/static,UNAVAILABLE}
2019-10-22 00:13:23,793 [main] INFO  handler.ContextHandler (ContextHandler.java:doStop(910)) - Stopped o.e.j.s.ServletContextHandler@1645f294{/logs,file:///workdir/hadoop-ozone/integration-test/target/log,UNAVAILABLE}
2019-10-22 00:13:23,794 [ForkJoinPool.commonPool-worker-0] INFO  ozoneimpl.OzoneContainer (OzoneContainer.java:stop(227)) - Attempting to stop container services.
2019-10-22 00:13:23,794 [ForkJoinPool.commonPool-worker-0] INFO  impl.RaftServerProxy (RaftServerProxy.java:lambda$close$4(314)) - 9d453efa-53cb-467a-9eb6-1ab0458610f0: close
2019-10-22 00:13:23,795 [ForkJoinPool.commonPool-worker-0] INFO  impl.RaftServerImpl (RaftServerImpl.java:lambda$shutdown$3(261)) - 9d453efa-53cb-467a-9eb6-1ab0458610f0@group-EE734774E148: shutdown
2019-10-22 00:13:23,795 [ForkJoinPool.commonPool-worker-0] INFO  util.JmxRegister (JmxRegister.java:unregister(73)) - Successfully un-registered JMX Bean with object name Ratis:service=RaftServer,group=group-EE734774E148,id=9d453efa-53cb-467a-9eb6-1ab0458610f0
2019-10-22 00:13:23,795 [ForkJoinPool.commonPool-worker-0] INFO  impl.RoleInfo (RoleInfo.java:shutdownLeaderState(104)) - 9d453efa-53cb-467a-9eb6-1ab0458610f0: shutdown LeaderState
2019-10-22 00:13:23,795 [ForkJoinPool.commonPool-worker-0] INFO  impl.PendingRequests (PendingRequests.java:sendNotLeaderResponses(202)) - 9d453efa-53cb-467a-9eb6-1ab0458610f0@group-EE734774E148-PendingRequests: sendNotLeaderResponses
2019-10-22 00:13:23,795 [ForkJoinPool.commonPool-worker-0] INFO  impl.StateMachineUpdater (StateMachineUpdater.java:stopAndJoin(136)) - 9d453efa-53cb-467a-9eb6-1ab0458610f0@group-EE734774E148-StateMachineUpdater: set stopIndex = 0
2019-10-22 00:13:23,796 [ForkJoinPool.commonPool-worker-0] INFO  impl.RaftServerImpl (ServerState.java:close(388)) - 9d453efa-53cb-467a-9eb6-1ab0458610f0@group-EE734774E148: closes. applyIndex: 0
2019-10-22 00:13:23,796 [9d453efa-53cb-467a-9eb6-1ab0458610f0@group-EE734774E148-SegmentedRaftLogWorker] INFO  segmented.SegmentedRaftLogWorker (SegmentedRaftLogWorker.java:run(316)) - 9d453efa-53cb-467a-9eb6-1ab0458610f0@group-EE734774E148-SegmentedRaftLogWorker was interrupted, exiting. There are 0 tasks remaining in the queue.
2019-10-22 00:13:23,796 [ForkJoinPool.commonPool-worker-0] INFO  segmented.SegmentedRaftLogWorker (SegmentedRaftLogWorker.java:close(224)) - 9d453efa-53cb-467a-9eb6-1ab0458610f0@group-EE734774E148-SegmentedRaftLogWorker close()
2019-10-22 00:13:23,797 [ForkJoinPool.commonPool-worker-0] INFO  impl.RaftServerImpl (RaftServerImpl.java:lambda$shutdown$3(261)) - 9d453efa-53cb-467a-9eb6-1ab0458610f0@group-597AF0FA787F: shutdown
2019-10-22 00:13:23,797 [ForkJoinPool.commonPool-worker-0] INFO  util.JmxRegister (JmxRegister.java:unregister(73)) - Successfully un-registered JMX Bean with object name Ratis:service=RaftServer,group=group-597AF0FA787F,id=9d453efa-53cb-467a-9eb6-1ab0458610f0
2019-10-22 00:13:23,797 [ForkJoinPool.commonPool-worker-0] INFO  impl.RoleInfo (RoleInfo.java:shutdownLeaderState(104)) - 9d453efa-53cb-467a-9eb6-1ab0458610f0: shutdown LeaderState
2019-10-22 00:13:23,798 [ForkJoinPool.commonPool-worker-0] INFO  impl.PendingRequests (PendingRequests.java:sendNotLeaderResponses(202)) - 9d453efa-53cb-467a-9eb6-1ab0458610f0@group-597AF0FA787F-PendingRequests: sendNotLeaderResponses
2019-10-22 00:13:23,798 [org.apache.ratis.server.impl.LogAppender$AppenderDaemon$$Lambda$421/642668633@3a5f5642] WARN  server.GrpcLogAppender (GrpcLogAppender.java:mayWait(149)) - 9d453efa-53cb-467a-9eb6-1ab0458610f0@group-597AF0FA787F->d521f5b1-4e7b-4169-9688-2112c7da7b1f-GrpcLogAppender: Wait interrupted by java.lang.InterruptedException
2019-10-22 00:13:23,799 [ForkJoinPool.commonPool-worker-0] INFO  impl.StateMachineUpdater (StateMachineUpdater.java:stopAndJoin(136)) - 9d453efa-53cb-467a-9eb6-1ab0458610f0@group-597AF0FA787F-StateMachineUpdater: set stopIndex = 21
2019-10-22 00:13:23,798 [org.apache.ratis.server.impl.LogAppender$AppenderDaemon$$Lambda$421/642668633@d5c6ff7] WARN  server.GrpcLogAppender (GrpcLogAppender.java:mayWait(149)) - 9d453efa-53cb-467a-9eb6-1ab0458610f0@group-597AF0FA787F->f318eb4e-a4da-4d18-984a-fa4eff1dbce1-GrpcLogAppender: Wait interrupted by java.lang.InterruptedException
2019-10-22 00:13:23,799 [9d453efa-53cb-467a-9eb6-1ab0458610f0@group-597AF0FA787F-StateMachineUpdater] INFO  ratis.ContainerStateMachine (ContainerStateMachine.java:takeSnapshot(294)) - group-597AF0FA787F: Taking a snapshot at:(t:5, i:17) file /workdir/hadoop-ozone/integration-test/target/test-dir/MiniOzoneClusterImpl-8b64dd99-cfc4-48e3-b5ea-61cd2ec80401/datanode-0/data/ratis/2f946d77-7a03-43ca-aa29-597af0fa787f/sm/snapshot.5_17
2019-10-22 00:13:23,801 [grpc-default-executor-3] INFO  server.GrpcServerProtocolService (GrpcServerProtocolService.java:onCompleted(113)) - f318eb4e-a4da-4d18-984a-fa4eff1dbce1: Completed APPEND_ENTRIES, lastRequest: 9d453efa-53cb-467a-9eb6-1ab0458610f0->f318eb4e-a4da-4d18-984a-fa4eff1dbce1#28-t6, previous=(t:6, i:21), leaderCommit=21, initializing? false, entries: <empty>
2019-10-22 00:13:23,802 [grpc-default-executor-3] INFO  server.GrpcLogAppender (GrpcLogAppender.java:onCompleted(308)) - 9d453efa-53cb-467a-9eb6-1ab0458610f0@group-597AF0FA787F->f318eb4e-a4da-4d18-984a-fa4eff1dbce1-AppendLogResponseHandler: follower responses appendEntries COMPLETED
2019-10-22 00:13:23,802 [java.util.concurrent.ThreadPoolExecutor$Worker@c41ae0f[State = -1, empty queue]] WARN  server.GrpcLogAppender (GrpcLogAppender.java:timeoutAppendRequest(209)) - fad63ceb-ed14-4322-905d-6ef3599ac734@group-0045C62F497D->5732e052-e19f-40fe-a104-972211db20fb-GrpcLogAppender: appendEntries Timeout, request=fad63ceb-ed14-4322-905d-6ef3599ac734->5732e052-e19f-40fe-a104-972211db20fb#58-t1, previous=(t:1, i:0), leaderCommit=0, initializing? false, entries: <empty>
2019-10-22 00:13:23,803 [grpc-default-executor-3] INFO  impl.FollowerInfo (FollowerInfo.java:lambda$new$0(51)) - 9d453efa-53cb-467a-9eb6-1ab0458610f0@group-597AF0FA787F->f318eb4e-a4da-4d18-984a-fa4eff1dbce1: nextIndex: updateUnconditionally 22 -> 21
2019-10-22 00:13:23,826 [9d453efa-53cb-467a-9eb6-1ab0458610f0@group-597AF0FA787F-StateMachineUpdater] INFO  ratis.ContainerStateMachine (ContainerStateMachine.java:takeSnapshot(305)) - group-597AF0FA787F: Finished taking a snapshot at:(t:5, i:17) file:/workdir/hadoop-ozone/integration-test/target/test-dir/MiniOzoneClusterImpl-8b64dd99-cfc4-48e3-b5ea-61cd2ec80401/datanode-0/data/ratis/2f946d77-7a03-43ca-aa29-597af0fa787f/sm/snapshot.5_17 time:26
2019-10-22 00:13:23,826 [9d453efa-53cb-467a-9eb6-1ab0458610f0@group-597AF0FA787F-StateMachineUpdater] INFO  impl.StateMachineUpdater (StateMachineUpdater.java:takeSnapshot(269)) - 9d453efa-53cb-467a-9eb6-1ab0458610f0@group-597AF0FA787F-StateMachineUpdater: Took a snapshot at index 17
2019-10-22 00:13:23,826 [9d453efa-53cb-467a-9eb6-1ab0458610f0@group-597AF0FA787F-StateMachineUpdater] INFO  impl.StateMachineUpdater (StateMachineUpdater.java:lambda$new$0(84)) - 9d453efa-53cb-467a-9eb6-1ab0458610f0@group-597AF0FA787F-StateMachineUpdater: snapshotIndex: updateIncreasingly -1 -> 17
2019-10-22 00:13:23,827 [9d453efa-53cb-467a-9eb6-1ab0458610f0@group-597AF0FA787F-StateMachineUpdater] INFO  ratis.ContainerStateMachine (ContainerStateMachine.java:takeSnapshot(294)) - group-597AF0FA787F: Taking a snapshot at:(t:5, i:17) file /workdir/hadoop-ozone/integration-test/target/test-dir/MiniOzoneClusterImpl-8b64dd99-cfc4-48e3-b5ea-61cd2ec80401/datanode-0/data/ratis/2f946d77-7a03-43ca-aa29-597af0fa787f/sm/snapshot.5_17
2019-10-22 00:13:23,839 [9d453efa-53cb-467a-9eb6-1ab0458610f0@group-597AF0FA787F-StateMachineUpdater] INFO  ratis.ContainerStateMachine (ContainerStateMachine.java:takeSnapshot(305)) - group-597AF0FA787F: Finished taking a snapshot at:(t:5, i:17) file:/workdir/hadoop-ozone/integration-test/target/test-dir/MiniOzoneClusterImpl-8b64dd99-cfc4-48e3-b5ea-61cd2ec80401/datanode-0/data/ratis/2f946d77-7a03-43ca-aa29-597af0fa787f/sm/snapshot.5_17 time:12
2019-10-22 00:13:23,839 [9d453efa-53cb-467a-9eb6-1ab0458610f0@group-597AF0FA787F-StateMachineUpdater] INFO  impl.StateMachineUpdater (StateMachineUpdater.java:takeSnapshot(269)) - 9d453efa-53cb-467a-9eb6-1ab0458610f0@group-597AF0FA787F-StateMachineUpdater: Took a snapshot at index 17
2019-10-22 00:13:23,839 [9d453efa-53cb-467a-9eb6-1ab0458610f0@group-597AF0FA787F-StateMachineUpdater] INFO  impl.StateMachineUpdater (StateMachineUpdater.java:lambda$new$0(84)) - 9d453efa-53cb-467a-9eb6-1ab0458610f0@group-597AF0FA787F-StateMachineUpdater: snapshotIndex: updateIncreasingly 17 -> 17
2019-10-22 00:13:23,839 [ForkJoinPool.commonPool-worker-0] INFO  impl.RaftServerImpl (ServerState.java:close(388)) - 9d453efa-53cb-467a-9eb6-1ab0458610f0@group-597AF0FA787F: closes. applyIndex: 21
2019-10-22 00:13:23,840 [9d453efa-53cb-467a-9eb6-1ab0458610f0@group-597AF0FA787F-SegmentedRaftLogWorker] INFO  segmented.SegmentedRaftLogWorker (SegmentedRaftLogWorker.java:run(316)) - 9d453efa-53cb-467a-9eb6-1ab0458610f0@group-597AF0FA787F-SegmentedRaftLogWorker was interrupted, exiting. There are 0 tasks remaining in the queue.
2019-10-22 00:13:23,840 [ForkJoinPool.commonPool-worker-0] INFO  segmented.SegmentedRaftLogWorker (SegmentedRaftLogWorker.java:close(224)) - 9d453efa-53cb-467a-9eb6-1ab0458610f0@group-597AF0FA787F-SegmentedRaftLogWorker close()
2019-10-22 00:13:23,841 [ForkJoinPool.commonPool-worker-0] INFO  server.GrpcService (GrpcService.java:closeImpl(164)) - 9d453efa-53cb-467a-9eb6-1ab0458610f0: shutdown server with port 38611 now
2019-10-22 00:13:23,843 [ForkJoinPool.commonPool-worker-0] INFO  server.GrpcService (GrpcService.java:closeImpl(172)) - 9d453efa-53cb-467a-9eb6-1ab0458610f0: shutdown server with port 38611 successfully
2019-10-22 00:13:23,844 [refreshUsed-/workdir/hadoop-ozone/integration-test/target/test-dir/MiniOzoneClusterImpl-8b64dd99-cfc4-48e3-b5ea-61cd2ec80401/datanode-0/data/containers] WARN  fs.CachingGetSpaceUsed (CachingGetSpaceUsed.java:run(183)) - Thread Interrupted waiting to refresh disk information: sleep interrupted
2019-10-22 00:13:23,846 [Thread-2077] INFO  impl.FollowerState (FollowerState.java:run(108)) - 2fdb3e93-e0d8-400e-8c33-91e2341b50c6@group-F01152B53F91-FollowerState: change to CANDIDATE, lastRpcTime:100ms, electionTimeout:100ms
2019-10-22 00:13:23,846 [Thread-2077] INFO  impl.RoleInfo (RoleInfo.java:shutdownFollowerState(121)) - 2fdb3e93-e0d8-400e-8c33-91e2341b50c6: shutdown FollowerState
2019-10-22 00:13:23,847 [Thread-2077] INFO  impl.RaftServerImpl (RaftServerImpl.java:setRole(184)) - 2fdb3e93-e0d8-400e-8c33-91e2341b50c6@group-F01152B53F91: changes role from  FOLLOWER to CANDIDATE at term 257 for changeToCandidate
2019-10-22 00:13:23,847 [Thread-2077] INFO  impl.RoleInfo (RoleInfo.java:updateAndGet(143)) - 2fdb3e93-e0d8-400e-8c33-91e2341b50c6: start LeaderElection
2019-10-22 00:13:23,860 [2fdb3e93-e0d8-400e-8c33-91e2341b50c6@group-F01152B53F91-LeaderElection259] INFO  impl.LeaderElection (LeaderElection.java:askForVotes(178)) - 2fdb3e93-e0d8-400e-8c33-91e2341b50c6@group-F01152B53F91-LeaderElection259: begin an election at term 258 for -1: [2fdb3e93-e0d8-400e-8c33-91e2341b50c6:192.168.157.254:43254, 062c71de-08d9-40ee-9309-15590e2e8e68:192.168.157.254:45598, 2a52019e-5647-44e1-bf30-9a43fd8a7377:192.168.157.254:36038], old=null
2019-10-22 00:13:23,862 [2fdb3e93-e0d8-400e-8c33-91e2341b50c6@group-F01152B53F91-LeaderElection259] INFO  impl.LeaderElection (LogUtils.java:infoOrTrace(149)) - 2fdb3e93-e0d8-400e-8c33-91e2341b50c6@group-F01152B53F91-LeaderElection259 got exception when requesting votes: {}
java.util.concurrent.ExecutionException: org.apache.ratis.thirdparty.io.grpc.StatusRuntimeException: UNAVAILABLE: io exception
	at java.util.concurrent.FutureTask.report(FutureTask.java:122)
	at java.util.concurrent.FutureTask.get(FutureTask.java:192)
	at org.apache.ratis.server.impl.LeaderElection.waitForResults(LeaderElection.java:259)
	at org.apache.ratis.server.impl.LeaderElection.askForVotes(LeaderElection.java:197)
	at org.apache.ratis.server.impl.LeaderElection.run(LeaderElection.java:133)
	at java.lang.Thread.run(Thread.java:748)
Caused by: org.apache.ratis.thirdparty.io.grpc.StatusRuntimeException: UNAVAILABLE: io exception
	at org.apache.ratis.thirdparty.io.grpc.stub.ClientCalls.toStatusRuntimeException(ClientCalls.java:233)
	at org.apache.ratis.thirdparty.io.grpc.stub.ClientCalls.getUnchecked(ClientCalls.java:214)
	at org.apache.ratis.thirdparty.io.grpc.stub.ClientCalls.blockingUnaryCall(ClientCalls.java:139)
	at org.apache.ratis.proto.grpc.RaftServerProtocolServiceGrpc$RaftServerProtocolServiceBlockingStub.requestVote(RaftServerProtocolServiceGrpc.java:265)
	at org.apache.ratis.grpc.server.GrpcServerProtocolClient.requestVote(GrpcServerProtocolClient.java:99)
	at org.apache.ratis.grpc.server.GrpcService.requestVote(GrpcService.java:204)
	at org.apache.ratis.server.impl.LeaderElection.lambda$submitRequests$1(LeaderElection.java:234)
	at java.util.concurrent.FutureTask.run(FutureTask.java:266)
	at java.util.concurrent.Executors$RunnableAdapter.call(Executors.java:511)
	at java.util.concurrent.FutureTask.run(FutureTask.java:266)
	at java.util.concurrent.ThreadPoolExecutor.runWorker(ThreadPoolExecutor.java:1149)
	at java.util.concurrent.ThreadPoolExecutor$Worker.run(ThreadPoolExecutor.java:624)
	... 1 more
Caused by: org.apache.ratis.thirdparty.io.netty.channel.AbstractChannel$AnnotatedConnectException: Connection refused: /192.168.157.254:45598
	at sun.nio.ch.SocketChannelImpl.checkConnect(Native Method)
	at sun.nio.ch.SocketChannelImpl.finishConnect(SocketChannelImpl.java:717)
	at org.apache.ratis.thirdparty.io.netty.channel.socket.nio.NioSocketChannel.doFinishConnect(NioSocketChannel.java:327)
	at org.apache.ratis.thirdparty.io.netty.channel.nio.AbstractNioChannel$AbstractNioUnsafe.finishConnect(AbstractNioChannel.java:340)
	at org.apache.ratis.thirdparty.io.netty.channel.nio.NioEventLoop.processSelectedKey(NioEventLoop.java:632)
	at org.apache.ratis.thirdparty.io.netty.channel.nio.NioEventLoop.processSelectedKeysOptimized(NioEventLoop.java:579)
	at org.apache.ratis.thirdparty.io.netty.channel.nio.NioEventLoop.processSelectedKeys(NioEventLoop.java:496)
	at org.apache.ratis.thirdparty.io.netty.channel.nio.NioEventLoop.run(NioEventLoop.java:458)
	at org.apache.ratis.thirdparty.io.netty.util.concurrent.SingleThreadEventExecutor$5.run(SingleThreadEventExecutor.java:897)
	at org.apache.ratis.thirdparty.io.netty.util.concurrent.FastThreadLocalRunnable.run(FastThreadLocalRunnable.java:30)
	... 1 more
Caused by: java.net.ConnectException: Connection refused
	... 11 more
2019-10-22 00:13:23,862 [2fdb3e93-e0d8-400e-8c33-91e2341b50c6@group-F01152B53F91-LeaderElection259] INFO  impl.LeaderElection (LogUtils.java:infoOrTrace(149)) - 2fdb3e93-e0d8-400e-8c33-91e2341b50c6@group-F01152B53F91-LeaderElection259 got exception when requesting votes: {}
java.util.concurrent.ExecutionException: org.apache.ratis.thirdparty.io.grpc.StatusRuntimeException: UNAVAILABLE: io exception
	at java.util.concurrent.FutureTask.report(FutureTask.java:122)
	at java.util.concurrent.FutureTask.get(FutureTask.java:192)
	at org.apache.ratis.server.impl.LeaderElection.waitForResults(LeaderElection.java:259)
	at org.apache.ratis.server.impl.LeaderElection.askForVotes(LeaderElection.java:197)
	at org.apache.ratis.server.impl.LeaderElection.run(LeaderElection.java:133)
	at java.lang.Thread.run(Thread.java:748)
Caused by: org.apache.ratis.thirdparty.io.grpc.StatusRuntimeException: UNAVAILABLE: io exception
	at org.apache.ratis.thirdparty.io.grpc.stub.ClientCalls.toStatusRuntimeException(ClientCalls.java:233)
	at org.apache.ratis.thirdparty.io.grpc.stub.ClientCalls.getUnchecked(ClientCalls.java:214)
	at org.apache.ratis.thirdparty.io.grpc.stub.ClientCalls.blockingUnaryCall(ClientCalls.java:139)
	at org.apache.ratis.proto.grpc.RaftServerProtocolServiceGrpc$RaftServerProtocolServiceBlockingStub.requestVote(RaftServerProtocolServiceGrpc.java:265)
	at org.apache.ratis.grpc.server.GrpcServerProtocolClient.requestVote(GrpcServerProtocolClient.java:99)
	at org.apache.ratis.grpc.server.GrpcService.requestVote(GrpcService.java:204)
	at org.apache.ratis.server.impl.LeaderElection.lambda$submitRequests$1(LeaderElection.java:234)
	at java.util.concurrent.FutureTask.run(FutureTask.java:266)
	at java.util.concurrent.Executors$RunnableAdapter.call(Executors.java:511)
	at java.util.concurrent.FutureTask.run(FutureTask.java:266)
	at java.util.concurrent.ThreadPoolExecutor.runWorker(ThreadPoolExecutor.java:1149)
	at java.util.concurrent.ThreadPoolExecutor$Worker.run(ThreadPoolExecutor.java:624)
	... 1 more
Caused by: org.apache.ratis.thirdparty.io.netty.channel.AbstractChannel$AnnotatedConnectException: Connection refused: /192.168.157.254:36038
	at sun.nio.ch.SocketChannelImpl.checkConnect(Native Method)
	at sun.nio.ch.SocketChannelImpl.finishConnect(SocketChannelImpl.java:717)
	at org.apache.ratis.thirdparty.io.netty.channel.socket.nio.NioSocketChannel.doFinishConnect(NioSocketChannel.java:327)
	at org.apache.ratis.thirdparty.io.netty.channel.nio.AbstractNioChannel$AbstractNioUnsafe.finishConnect(AbstractNioChannel.java:340)
	at org.apache.ratis.thirdparty.io.netty.channel.nio.NioEventLoop.processSelectedKey(NioEventLoop.java:632)
	at org.apache.ratis.thirdparty.io.netty.channel.nio.NioEventLoop.processSelectedKeysOptimized(NioEventLoop.java:579)
	at org.apache.ratis.thirdparty.io.netty.channel.nio.NioEventLoop.processSelectedKeys(NioEventLoop.java:496)
	at org.apache.ratis.thirdparty.io.netty.channel.nio.NioEventLoop.run(NioEventLoop.java:458)
	at org.apache.ratis.thirdparty.io.netty.util.concurrent.SingleThreadEventExecutor$5.run(SingleThreadEventExecutor.java:897)
	at org.apache.ratis.thirdparty.io.netty.util.concurrent.FastThreadLocalRunnable.run(FastThreadLocalRunnable.java:30)
	... 1 more
Caused by: java.net.ConnectException: Connection refused
	... 11 more
2019-10-22 00:13:23,862 [ForkJoinPool.commonPool-worker-0] INFO  utils.BackgroundService (BackgroundService.java:shutdown(151)) - Shutting down service BlockDeletingService
2019-10-22 00:13:23,863 [2fdb3e93-e0d8-400e-8c33-91e2341b50c6@group-F01152B53F91-LeaderElection259] INFO  impl.LeaderElection (LeaderElection.java:logAndReturn(56)) - 2fdb3e93-e0d8-400e-8c33-91e2341b50c6@group-F01152B53F91-LeaderElection259: Election REJECTED; received 0 response(s) [] and 2 exception(s); 2fdb3e93-e0d8-400e-8c33-91e2341b50c6@group-F01152B53F91:t258, leader=null, voted=2fdb3e93-e0d8-400e-8c33-91e2341b50c6, raftlog=2fdb3e93-e0d8-400e-8c33-91e2341b50c6@group-F01152B53F91-SegmentedRaftLog:OPENED:c-1,f-1,i0, conf=-1: [2fdb3e93-e0d8-400e-8c33-91e2341b50c6:192.168.157.254:43254, 062c71de-08d9-40ee-9309-15590e2e8e68:192.168.157.254:45598, 2a52019e-5647-44e1-bf30-9a43fd8a7377:192.168.157.254:36038], old=null
2019-10-22 00:13:23,863 [2fdb3e93-e0d8-400e-8c33-91e2341b50c6@group-F01152B53F91-LeaderElection259] INFO  impl.LeaderElection (LogUtils.java:infoOrTrace(149)) -   Exception 0: {}
java.util.concurrent.ExecutionException: org.apache.ratis.thirdparty.io.grpc.StatusRuntimeException: UNAVAILABLE: io exception
	at java.util.concurrent.FutureTask.report(FutureTask.java:122)
	at java.util.concurrent.FutureTask.get(FutureTask.java:192)
	at org.apache.ratis.server.impl.LeaderElection.waitForResults(LeaderElection.java:259)
	at org.apache.ratis.server.impl.LeaderElection.askForVotes(LeaderElection.java:197)
	at org.apache.ratis.server.impl.LeaderElection.run(LeaderElection.java:133)
	at java.lang.Thread.run(Thread.java:748)
Caused by: org.apache.ratis.thirdparty.io.grpc.StatusRuntimeException: UNAVAILABLE: io exception
	at org.apache.ratis.thirdparty.io.grpc.stub.ClientCalls.toStatusRuntimeException(ClientCalls.java:233)
	at org.apache.ratis.thirdparty.io.grpc.stub.ClientCalls.getUnchecked(ClientCalls.java:214)
	at org.apache.ratis.thirdparty.io.grpc.stub.ClientCalls.blockingUnaryCall(ClientCalls.java:139)
	at org.apache.ratis.proto.grpc.RaftServerProtocolServiceGrpc$RaftServerProtocolServiceBlockingStub.requestVote(RaftServerProtocolServiceGrpc.java:265)
	at org.apache.ratis.grpc.server.GrpcServerProtocolClient.requestVote(GrpcServerProtocolClient.java:99)
	at org.apache.ratis.grpc.server.GrpcService.requestVote(GrpcService.java:204)
	at org.apache.ratis.server.impl.LeaderElection.lambda$submitRequests$1(LeaderElection.java:234)
	at java.util.concurrent.FutureTask.run(FutureTask.java:266)
	at java.util.concurrent.Executors$RunnableAdapter.call(Executors.java:511)
	at java.util.concurrent.FutureTask.run(FutureTask.java:266)
	at java.util.concurrent.ThreadPoolExecutor.runWorker(ThreadPoolExecutor.java:1149)
	at java.util.concurrent.ThreadPoolExecutor$Worker.run(ThreadPoolExecutor.java:624)
	... 1 more
Caused by: org.apache.ratis.thirdparty.io.netty.channel.AbstractChannel$AnnotatedConnectException: Connection refused: /192.168.157.254:45598
	at sun.nio.ch.SocketChannelImpl.checkConnect(Native Method)
	at sun.nio.ch.SocketChannelImpl.finishConnect(SocketChannelImpl.java:717)
	at org.apache.ratis.thirdparty.io.netty.channel.socket.nio.NioSocketChannel.doFinishConnect(NioSocketChannel.java:327)
	at org.apache.ratis.thirdparty.io.netty.channel.nio.AbstractNioChannel$AbstractNioUnsafe.finishConnect(AbstractNioChannel.java:340)
	at org.apache.ratis.thirdparty.io.netty.channel.nio.NioEventLoop.processSelectedKey(NioEventLoop.java:632)
	at org.apache.ratis.thirdparty.io.netty.channel.nio.NioEventLoop.processSelectedKeysOptimized(NioEventLoop.java:579)
	at org.apache.ratis.thirdparty.io.netty.channel.nio.NioEventLoop.processSelectedKeys(NioEventLoop.java:496)
	at org.apache.ratis.thirdparty.io.netty.channel.nio.NioEventLoop.run(NioEventLoop.java:458)
	at org.apache.ratis.thirdparty.io.netty.util.concurrent.SingleThreadEventExecutor$5.run(SingleThreadEventExecutor.java:897)
	at org.apache.ratis.thirdparty.io.netty.util.concurrent.FastThreadLocalRunnable.run(FastThreadLocalRunnable.java:30)
	... 1 more
Caused by: java.net.ConnectException: Connection refused
	... 11 more
2019-10-22 00:13:23,866 [ForkJoinPool.commonPool-worker-0] INFO  statemachine.DatanodeStateMachine (DatanodeStateMachine.java:stopDaemon(395)) - Ozone container server stopped.
2019-10-22 00:13:23,866 [2fdb3e93-e0d8-400e-8c33-91e2341b50c6@group-F01152B53F91-LeaderElection259] INFO  impl.LeaderElection (LogUtils.java:infoOrTrace(149)) -   Exception 1: {}
java.util.concurrent.ExecutionException: org.apache.ratis.thirdparty.io.grpc.StatusRuntimeException: UNAVAILABLE: io exception
	at java.util.concurrent.FutureTask.report(FutureTask.java:122)
	at java.util.concurrent.FutureTask.get(FutureTask.java:192)
	at org.apache.ratis.server.impl.LeaderElection.waitForResults(LeaderElection.java:259)
	at org.apache.ratis.server.impl.LeaderElection.askForVotes(LeaderElection.java:197)
	at org.apache.ratis.server.impl.LeaderElection.run(LeaderElection.java:133)
	at java.lang.Thread.run(Thread.java:748)
Caused by: org.apache.ratis.thirdparty.io.grpc.StatusRuntimeException: UNAVAILABLE: io exception
	at org.apache.ratis.thirdparty.io.grpc.stub.ClientCalls.toStatusRuntimeException(ClientCalls.java:233)
	at org.apache.ratis.thirdparty.io.grpc.stub.ClientCalls.getUnchecked(ClientCalls.java:214)
	at org.apache.ratis.thirdparty.io.grpc.stub.ClientCalls.blockingUnaryCall(ClientCalls.java:139)
	at org.apache.ratis.proto.grpc.RaftServerProtocolServiceGrpc$RaftServerProtocolServiceBlockingStub.requestVote(RaftServerProtocolServiceGrpc.java:265)
	at org.apache.ratis.grpc.server.GrpcServerProtocolClient.requestVote(GrpcServerProtocolClient.java:99)
	at org.apache.ratis.grpc.server.GrpcService.requestVote(GrpcService.java:204)
	at org.apache.ratis.server.impl.LeaderElection.lambda$submitRequests$1(LeaderElection.java:234)
	at java.util.concurrent.FutureTask.run(FutureTask.java:266)
	at java.util.concurrent.Executors$RunnableAdapter.call(Executors.java:511)
	at java.util.concurrent.FutureTask.run(FutureTask.java:266)
	at java.util.concurrent.ThreadPoolExecutor.runWorker(ThreadPoolExecutor.java:1149)
	at java.util.concurrent.ThreadPoolExecutor$Worker.run(ThreadPoolExecutor.java:624)
	... 1 more
Caused by: org.apache.ratis.thirdparty.io.netty.channel.AbstractChannel$AnnotatedConnectException: Connection refused: /192.168.157.254:36038
	at sun.nio.ch.SocketChannelImpl.checkConnect(Native Method)
	at sun.nio.ch.SocketChannelImpl.finishConnect(SocketChannelImpl.java:717)
	at org.apache.ratis.thirdparty.io.netty.channel.socket.nio.NioSocketChannel.doFinishConnect(NioSocketChannel.java:327)
	at org.apache.ratis.thirdparty.io.netty.channel.nio.AbstractNioChannel$AbstractNioUnsafe.finishConnect(AbstractNioChannel.java:340)
	at org.apache.ratis.thirdparty.io.netty.channel.nio.NioEventLoop.processSelectedKey(NioEventLoop.java:632)
	at org.apache.ratis.thirdparty.io.netty.channel.nio.NioEventLoop.processSelectedKeysOptimized(NioEventLoop.java:579)
	at org.apache.ratis.thirdparty.io.netty.channel.nio.NioEventLoop.processSelectedKeys(NioEventLoop.java:496)
	at org.apache.ratis.thirdparty.io.netty.channel.nio.NioEventLoop.run(NioEventLoop.java:458)
	at org.apache.ratis.thirdparty.io.netty.util.concurrent.SingleThreadEventExecutor$5.run(SingleThreadEventExecutor.java:897)
	at org.apache.ratis.thirdparty.io.netty.util.concurrent.FastThreadLocalRunnable.run(FastThreadLocalRunnable.java:30)
	... 1 more
Caused by: java.net.ConnectException: Connection refused
	... 11 more
2019-10-22 00:13:23,868 [2fdb3e93-e0d8-400e-8c33-91e2341b50c6@group-F01152B53F91-LeaderElection259] INFO  impl.RaftServerImpl (RaftServerImpl.java:setRole(184)) - 2fdb3e93-e0d8-400e-8c33-91e2341b50c6@group-F01152B53F91: changes role from CANDIDATE to FOLLOWER at term 258 for DISCOVERED_A_NEW_TERM
2019-10-22 00:13:23,869 [2fdb3e93-e0d8-400e-8c33-91e2341b50c6@group-F01152B53F91-LeaderElection259] INFO  impl.RoleInfo (RoleInfo.java:shutdownLeaderElection(134)) - 2fdb3e93-e0d8-400e-8c33-91e2341b50c6: shutdown LeaderElection
2019-10-22 00:13:23,869 [ForkJoinPool.commonPool-worker-0] INFO  handler.ContextHandler (ContextHandler.java:doStop(910)) - Stopped o.e.j.w.WebAppContext@4339baec{/,null,UNAVAILABLE}{/hddsDatanode}
2019-10-22 00:13:23,869 [2fdb3e93-e0d8-400e-8c33-91e2341b50c6@group-F01152B53F91-LeaderElection259] INFO  impl.RoleInfo (RoleInfo.java:updateAndGet(143)) - 2fdb3e93-e0d8-400e-8c33-91e2341b50c6: start FollowerState
2019-10-22 00:13:23,869 [ForkJoinPool.commonPool-worker-0] INFO  server.AbstractConnector (AbstractConnector.java:doStop(318)) - Stopped ServerConnector@62db3891{HTTP/1.1,[http/1.1]}{0.0.0.0:0}
2019-10-22 00:13:23,870 [ForkJoinPool.commonPool-worker-0] INFO  handler.ContextHandler (ContextHandler.java:doStop(910)) - Stopped o.e.j.s.ServletContextHandler@644ded04{/static,jar:file:/home/user/.m2/repository/org/apache/hadoop/hadoop-hdds-container-service/0.5.0-SNAPSHOT/hadoop-hdds-container-service-0.5.0-SNAPSHOT.jar!/webapps/static,UNAVAILABLE}
2019-10-22 00:13:23,871 [ForkJoinPool.commonPool-worker-0] INFO  handler.ContextHandler (ContextHandler.java:doStop(910)) - Stopped o.e.j.s.ServletContextHandler@290d10ef{/logs,file:///workdir/hadoop-ozone/integration-test/target/log,UNAVAILABLE}
2019-10-22 00:13:23,871 [java.util.concurrent.ThreadPoolExecutor$Worker@48cd139a[State = -1, empty queue]] WARN  server.GrpcLogAppender (GrpcLogAppender.java:timeoutAppendRequest(209)) - fad63ceb-ed14-4322-905d-6ef3599ac734@group-0045C62F497D->1913eeb9-7f58-4aef-bfea-8e00a2a3aadf-GrpcLogAppender: appendEntries Timeout, request=fad63ceb-ed14-4322-905d-6ef3599ac734->1913eeb9-7f58-4aef-bfea-8e00a2a3aadf#58-t1, previous=(t:1, i:0), leaderCommit=0, initializing? false, entries: <empty>
2019-10-22 00:13:23,994 [Thread-2081] INFO  impl.FollowerState (FollowerState.java:run(108)) - 2fdb3e93-e0d8-400e-8c33-91e2341b50c6@group-F01152B53F91-FollowerState: change to CANDIDATE, lastRpcTime:125ms, electionTimeout:125ms
2019-10-22 00:13:23,994 [Thread-2081] INFO  impl.RoleInfo (RoleInfo.java:shutdownFollowerState(121)) - 2fdb3e93-e0d8-400e-8c33-91e2341b50c6: shutdown FollowerState
2019-10-22 00:13:23,994 [Thread-2081] INFO  impl.RaftServerImpl (RaftServerImpl.java:setRole(184)) - 2fdb3e93-e0d8-400e-8c33-91e2341b50c6@group-F01152B53F91: changes role from  FOLLOWER to CANDIDATE at term 258 for changeToCandidate
2019-10-22 00:13:23,995 [Thread-2081] INFO  impl.RoleInfo (RoleInfo.java:updateAndGet(143)) - 2fdb3e93-e0d8-400e-8c33-91e2341b50c6: start LeaderElection
2019-10-22 00:13:24,007 [2fdb3e93-e0d8-400e-8c33-91e2341b50c6@group-F01152B53F91-LeaderElection260] INFO  impl.LeaderElection (LeaderElection.java:askForVotes(178)) - 2fdb3e93-e0d8-400e-8c33-91e2341b50c6@group-F01152B53F91-LeaderElection260: begin an election at term 259 for -1: [2fdb3e93-e0d8-400e-8c33-91e2341b50c6:192.168.157.254:43254, 062c71de-08d9-40ee-9309-15590e2e8e68:192.168.157.254:45598, 2a52019e-5647-44e1-bf30-9a43fd8a7377:192.168.157.254:36038], old=null
2019-10-22 00:13:24,008 [2fdb3e93-e0d8-400e-8c33-91e2341b50c6@group-F01152B53F91-LeaderElection260] INFO  impl.LeaderElection (LogUtils.java:infoOrTrace(149)) - 2fdb3e93-e0d8-400e-8c33-91e2341b50c6@group-F01152B53F91-LeaderElection260 got exception when requesting votes: {}
java.util.concurrent.ExecutionException: org.apache.ratis.thirdparty.io.grpc.StatusRuntimeException: UNAVAILABLE: io exception
	at java.util.concurrent.FutureTask.report(FutureTask.java:122)
	at java.util.concurrent.FutureTask.get(FutureTask.java:192)
	at org.apache.ratis.server.impl.LeaderElection.waitForResults(LeaderElection.java:259)
	at org.apache.ratis.server.impl.LeaderElection.askForVotes(LeaderElection.java:197)
	at org.apache.ratis.server.impl.LeaderElection.run(LeaderElection.java:133)
	at java.lang.Thread.run(Thread.java:748)
Caused by: org.apache.ratis.thirdparty.io.grpc.StatusRuntimeException: UNAVAILABLE: io exception
	at org.apache.ratis.thirdparty.io.grpc.stub.ClientCalls.toStatusRuntimeException(ClientCalls.java:233)
	at org.apache.ratis.thirdparty.io.grpc.stub.ClientCalls.getUnchecked(ClientCalls.java:214)
	at org.apache.ratis.thirdparty.io.grpc.stub.ClientCalls.blockingUnaryCall(ClientCalls.java:139)
	at org.apache.ratis.proto.grpc.RaftServerProtocolServiceGrpc$RaftServerProtocolServiceBlockingStub.requestVote(RaftServerProtocolServiceGrpc.java:265)
	at org.apache.ratis.grpc.server.GrpcServerProtocolClient.requestVote(GrpcServerProtocolClient.java:99)
	at org.apache.ratis.grpc.server.GrpcService.requestVote(GrpcService.java:204)
	at org.apache.ratis.server.impl.LeaderElection.lambda$submitRequests$1(LeaderElection.java:234)
	at java.util.concurrent.FutureTask.run(FutureTask.java:266)
	at java.util.concurrent.Executors$RunnableAdapter.call(Executors.java:511)
	at java.util.concurrent.FutureTask.run(FutureTask.java:266)
	at java.util.concurrent.ThreadPoolExecutor.runWorker(ThreadPoolExecutor.java:1149)
	at java.util.concurrent.ThreadPoolExecutor$Worker.run(ThreadPoolExecutor.java:624)
	... 1 more
Caused by: org.apache.ratis.thirdparty.io.netty.channel.AbstractChannel$AnnotatedConnectException: Connection refused: /192.168.157.254:45598
	at sun.nio.ch.SocketChannelImpl.checkConnect(Native Method)
	at sun.nio.ch.SocketChannelImpl.finishConnect(SocketChannelImpl.java:717)
	at org.apache.ratis.thirdparty.io.netty.channel.socket.nio.NioSocketChannel.doFinishConnect(NioSocketChannel.java:327)
	at org.apache.ratis.thirdparty.io.netty.channel.nio.AbstractNioChannel$AbstractNioUnsafe.finishConnect(AbstractNioChannel.java:340)
	at org.apache.ratis.thirdparty.io.netty.channel.nio.NioEventLoop.processSelectedKey(NioEventLoop.java:632)
	at org.apache.ratis.thirdparty.io.netty.channel.nio.NioEventLoop.processSelectedKeysOptimized(NioEventLoop.java:579)
	at org.apache.ratis.thirdparty.io.netty.channel.nio.NioEventLoop.processSelectedKeys(NioEventLoop.java:496)
	at org.apache.ratis.thirdparty.io.netty.channel.nio.NioEventLoop.run(NioEventLoop.java:458)
	at org.apache.ratis.thirdparty.io.netty.util.concurrent.SingleThreadEventExecutor$5.run(SingleThreadEventExecutor.java:897)
	at org.apache.ratis.thirdparty.io.netty.util.concurrent.FastThreadLocalRunnable.run(FastThreadLocalRunnable.java:30)
	... 1 more
Caused by: java.net.ConnectException: Connection refused
	... 11 more
2019-10-22 00:13:24,008 [2fdb3e93-e0d8-400e-8c33-91e2341b50c6@group-F01152B53F91-LeaderElection260] INFO  impl.LeaderElection (LogUtils.java:infoOrTrace(149)) - 2fdb3e93-e0d8-400e-8c33-91e2341b50c6@group-F01152B53F91-LeaderElection260 got exception when requesting votes: {}
java.util.concurrent.ExecutionException: org.apache.ratis.thirdparty.io.grpc.StatusRuntimeException: UNAVAILABLE: io exception
	at java.util.concurrent.FutureTask.report(FutureTask.java:122)
	at java.util.concurrent.FutureTask.get(FutureTask.java:192)
	at org.apache.ratis.server.impl.LeaderElection.waitForResults(LeaderElection.java:259)
	at org.apache.ratis.server.impl.LeaderElection.askForVotes(LeaderElection.java:197)
	at org.apache.ratis.server.impl.LeaderElection.run(LeaderElection.java:133)
	at java.lang.Thread.run(Thread.java:748)
Caused by: org.apache.ratis.thirdparty.io.grpc.StatusRuntimeException: UNAVAILABLE: io exception
	at org.apache.ratis.thirdparty.io.grpc.stub.ClientCalls.toStatusRuntimeException(ClientCalls.java:233)
	at org.apache.ratis.thirdparty.io.grpc.stub.ClientCalls.getUnchecked(ClientCalls.java:214)
	at org.apache.ratis.thirdparty.io.grpc.stub.ClientCalls.blockingUnaryCall(ClientCalls.java:139)
	at org.apache.ratis.proto.grpc.RaftServerProtocolServiceGrpc$RaftServerProtocolServiceBlockingStub.requestVote(RaftServerProtocolServiceGrpc.java:265)
	at org.apache.ratis.grpc.server.GrpcServerProtocolClient.requestVote(GrpcServerProtocolClient.java:99)
	at org.apache.ratis.grpc.server.GrpcService.requestVote(GrpcService.java:204)
	at org.apache.ratis.server.impl.LeaderElection.lambda$submitRequests$1(LeaderElection.java:234)
	at java.util.concurrent.FutureTask.run(FutureTask.java:266)
	at java.util.concurrent.Executors$RunnableAdapter.call(Executors.java:511)
	at java.util.concurrent.FutureTask.run(FutureTask.java:266)
	at java.util.concurrent.ThreadPoolExecutor.runWorker(ThreadPoolExecutor.java:1149)
	at java.util.concurrent.ThreadPoolExecutor$Worker.run(ThreadPoolExecutor.java:624)
	... 1 more
Caused by: org.apache.ratis.thirdparty.io.netty.channel.AbstractChannel$AnnotatedConnectException: Connection refused: /192.168.157.254:36038
	at sun.nio.ch.SocketChannelImpl.checkConnect(Native Method)
	at sun.nio.ch.SocketChannelImpl.finishConnect(SocketChannelImpl.java:717)
	at org.apache.ratis.thirdparty.io.netty.channel.socket.nio.NioSocketChannel.doFinishConnect(NioSocketChannel.java:327)
	at org.apache.ratis.thirdparty.io.netty.channel.nio.AbstractNioChannel$AbstractNioUnsafe.finishConnect(AbstractNioChannel.java:340)
	at org.apache.ratis.thirdparty.io.netty.channel.nio.NioEventLoop.processSelectedKey(NioEventLoop.java:632)
	at org.apache.ratis.thirdparty.io.netty.channel.nio.NioEventLoop.processSelectedKeysOptimized(NioEventLoop.java:579)
	at org.apache.ratis.thirdparty.io.netty.channel.nio.NioEventLoop.processSelectedKeys(NioEventLoop.java:496)
	at org.apache.ratis.thirdparty.io.netty.channel.nio.NioEventLoop.run(NioEventLoop.java:458)
	at org.apache.ratis.thirdparty.io.netty.util.concurrent.SingleThreadEventExecutor$5.run(SingleThreadEventExecutor.java:897)
	at org.apache.ratis.thirdparty.io.netty.util.concurrent.FastThreadLocalRunnable.run(FastThreadLocalRunnable.java:30)
	... 1 more
Caused by: java.net.ConnectException: Connection refused
	... 11 more
2019-10-22 00:13:24,009 [2fdb3e93-e0d8-400e-8c33-91e2341b50c6@group-F01152B53F91-LeaderElection260] INFO  impl.LeaderElection (LeaderElection.java:logAndReturn(56)) - 2fdb3e93-e0d8-400e-8c33-91e2341b50c6@group-F01152B53F91-LeaderElection260: Election REJECTED; received 0 response(s) [] and 2 exception(s); 2fdb3e93-e0d8-400e-8c33-91e2341b50c6@group-F01152B53F91:t259, leader=null, voted=2fdb3e93-e0d8-400e-8c33-91e2341b50c6, raftlog=2fdb3e93-e0d8-400e-8c33-91e2341b50c6@group-F01152B53F91-SegmentedRaftLog:OPENED:c-1,f-1,i0, conf=-1: [2fdb3e93-e0d8-400e-8c33-91e2341b50c6:192.168.157.254:43254, 062c71de-08d9-40ee-9309-15590e2e8e68:192.168.157.254:45598, 2a52019e-5647-44e1-bf30-9a43fd8a7377:192.168.157.254:36038], old=null
2019-10-22 00:13:24,009 [2fdb3e93-e0d8-400e-8c33-91e2341b50c6@group-F01152B53F91-LeaderElection260] INFO  impl.LeaderElection (LogUtils.java:infoOrTrace(149)) -   Exception 0: {}
java.util.concurrent.ExecutionException: org.apache.ratis.thirdparty.io.grpc.StatusRuntimeException: UNAVAILABLE: io exception
	at java.util.concurrent.FutureTask.report(FutureTask.java:122)
	at java.util.concurrent.FutureTask.get(FutureTask.java:192)
	at org.apache.ratis.server.impl.LeaderElection.waitForResults(LeaderElection.java:259)
	at org.apache.ratis.server.impl.LeaderElection.askForVotes(LeaderElection.java:197)
	at org.apache.ratis.server.impl.LeaderElection.run(LeaderElection.java:133)
	at java.lang.Thread.run(Thread.java:748)
Caused by: org.apache.ratis.thirdparty.io.grpc.StatusRuntimeException: UNAVAILABLE: io exception
	at org.apache.ratis.thirdparty.io.grpc.stub.ClientCalls.toStatusRuntimeException(ClientCalls.java:233)
	at org.apache.ratis.thirdparty.io.grpc.stub.ClientCalls.getUnchecked(ClientCalls.java:214)
	at org.apache.ratis.thirdparty.io.grpc.stub.ClientCalls.blockingUnaryCall(ClientCalls.java:139)
	at org.apache.ratis.proto.grpc.RaftServerProtocolServiceGrpc$RaftServerProtocolServiceBlockingStub.requestVote(RaftServerProtocolServiceGrpc.java:265)
	at org.apache.ratis.grpc.server.GrpcServerProtocolClient.requestVote(GrpcServerProtocolClient.java:99)
	at org.apache.ratis.grpc.server.GrpcService.requestVote(GrpcService.java:204)
	at org.apache.ratis.server.impl.LeaderElection.lambda$submitRequests$1(LeaderElection.java:234)
	at java.util.concurrent.FutureTask.run(FutureTask.java:266)
	at java.util.concurrent.Executors$RunnableAdapter.call(Executors.java:511)
	at java.util.concurrent.FutureTask.run(FutureTask.java:266)
	at java.util.concurrent.ThreadPoolExecutor.runWorker(ThreadPoolExecutor.java:1149)
	at java.util.concurrent.ThreadPoolExecutor$Worker.run(ThreadPoolExecutor.java:624)
	... 1 more
Caused by: org.apache.ratis.thirdparty.io.netty.channel.AbstractChannel$AnnotatedConnectException: Connection refused: /192.168.157.254:45598
	at sun.nio.ch.SocketChannelImpl.checkConnect(Native Method)
	at sun.nio.ch.SocketChannelImpl.finishConnect(SocketChannelImpl.java:717)
	at org.apache.ratis.thirdparty.io.netty.channel.socket.nio.NioSocketChannel.doFinishConnect(NioSocketChannel.java:327)
	at org.apache.ratis.thirdparty.io.netty.channel.nio.AbstractNioChannel$AbstractNioUnsafe.finishConnect(AbstractNioChannel.java:340)
	at org.apache.ratis.thirdparty.io.netty.channel.nio.NioEventLoop.processSelectedKey(NioEventLoop.java:632)
	at org.apache.ratis.thirdparty.io.netty.channel.nio.NioEventLoop.processSelectedKeysOptimized(NioEventLoop.java:579)
	at org.apache.ratis.thirdparty.io.netty.channel.nio.NioEventLoop.processSelectedKeys(NioEventLoop.java:496)
	at org.apache.ratis.thirdparty.io.netty.channel.nio.NioEventLoop.run(NioEventLoop.java:458)
	at org.apache.ratis.thirdparty.io.netty.util.concurrent.SingleThreadEventExecutor$5.run(SingleThreadEventExecutor.java:897)
	at org.apache.ratis.thirdparty.io.netty.util.concurrent.FastThreadLocalRunnable.run(FastThreadLocalRunnable.java:30)
	... 1 more
Caused by: java.net.ConnectException: Connection refused
	... 11 more
2019-10-22 00:13:24,009 [2fdb3e93-e0d8-400e-8c33-91e2341b50c6@group-F01152B53F91-LeaderElection260] INFO  impl.LeaderElection (LogUtils.java:infoOrTrace(149)) -   Exception 1: {}
java.util.concurrent.ExecutionException: org.apache.ratis.thirdparty.io.grpc.StatusRuntimeException: UNAVAILABLE: io exception
	at java.util.concurrent.FutureTask.report(FutureTask.java:122)
	at java.util.concurrent.FutureTask.get(FutureTask.java:192)
	at org.apache.ratis.server.impl.LeaderElection.waitForResults(LeaderElection.java:259)
	at org.apache.ratis.server.impl.LeaderElection.askForVotes(LeaderElection.java:197)
	at org.apache.ratis.server.impl.LeaderElection.run(LeaderElection.java:133)
	at java.lang.Thread.run(Thread.java:748)
Caused by: org.apache.ratis.thirdparty.io.grpc.StatusRuntimeException: UNAVAILABLE: io exception
	at org.apache.ratis.thirdparty.io.grpc.stub.ClientCalls.toStatusRuntimeException(ClientCalls.java:233)
	at org.apache.ratis.thirdparty.io.grpc.stub.ClientCalls.getUnchecked(ClientCalls.java:214)
	at org.apache.ratis.thirdparty.io.grpc.stub.ClientCalls.blockingUnaryCall(ClientCalls.java:139)
	at org.apache.ratis.proto.grpc.RaftServerProtocolServiceGrpc$RaftServerProtocolServiceBlockingStub.requestVote(RaftServerProtocolServiceGrpc.java:265)
	at org.apache.ratis.grpc.server.GrpcServerProtocolClient.requestVote(GrpcServerProtocolClient.java:99)
	at org.apache.ratis.grpc.server.GrpcService.requestVote(GrpcService.java:204)
	at org.apache.ratis.server.impl.LeaderElection.lambda$submitRequests$1(LeaderElection.java:234)
	at java.util.concurrent.FutureTask.run(FutureTask.java:266)
	at java.util.concurrent.Executors$RunnableAdapter.call(Executors.java:511)
	at java.util.concurrent.FutureTask.run(FutureTask.java:266)
	at java.util.concurrent.ThreadPoolExecutor.runWorker(ThreadPoolExecutor.java:1149)
	at java.util.concurrent.ThreadPoolExecutor$Worker.run(ThreadPoolExecutor.java:624)
	... 1 more
Caused by: org.apache.ratis.thirdparty.io.netty.channel.AbstractChannel$AnnotatedConnectException: Connection refused: /192.168.157.254:36038
	at sun.nio.ch.SocketChannelImpl.checkConnect(Native Method)
	at sun.nio.ch.SocketChannelImpl.finishConnect(SocketChannelImpl.java:717)
	at org.apache.ratis.thirdparty.io.netty.channel.socket.nio.NioSocketChannel.doFinishConnect(NioSocketChannel.java:327)
	at org.apache.ratis.thirdparty.io.netty.channel.nio.AbstractNioChannel$AbstractNioUnsafe.finishConnect(AbstractNioChannel.java:340)
	at org.apache.ratis.thirdparty.io.netty.channel.nio.NioEventLoop.processSelectedKey(NioEventLoop.java:632)
	at org.apache.ratis.thirdparty.io.netty.channel.nio.NioEventLoop.processSelectedKeysOptimized(NioEventLoop.java:579)
	at org.apache.ratis.thirdparty.io.netty.channel.nio.NioEventLoop.processSelectedKeys(NioEventLoop.java:496)
	at org.apache.ratis.thirdparty.io.netty.channel.nio.NioEventLoop.run(NioEventLoop.java:458)
	at org.apache.ratis.thirdparty.io.netty.util.concurrent.SingleThreadEventExecutor$5.run(SingleThreadEventExecutor.java:897)
	at org.apache.ratis.thirdparty.io.netty.util.concurrent.FastThreadLocalRunnable.run(FastThreadLocalRunnable.java:30)
	... 1 more
Caused by: java.net.ConnectException: Connection refused
	... 11 more
2019-10-22 00:13:24,009 [2fdb3e93-e0d8-400e-8c33-91e2341b50c6@group-F01152B53F91-LeaderElection260] INFO  impl.RaftServerImpl (RaftServerImpl.java:setRole(184)) - 2fdb3e93-e0d8-400e-8c33-91e2341b50c6@group-F01152B53F91: changes role from CANDIDATE to FOLLOWER at term 259 for DISCOVERED_A_NEW_TERM
2019-10-22 00:13:24,009 [2fdb3e93-e0d8-400e-8c33-91e2341b50c6@group-F01152B53F91-LeaderElection260] INFO  impl.RoleInfo (RoleInfo.java:shutdownLeaderElection(134)) - 2fdb3e93-e0d8-400e-8c33-91e2341b50c6: shutdown LeaderElection
2019-10-22 00:13:24,010 [2fdb3e93-e0d8-400e-8c33-91e2341b50c6@group-F01152B53F91-LeaderElection260] INFO  impl.RoleInfo (RoleInfo.java:updateAndGet(143)) - 2fdb3e93-e0d8-400e-8c33-91e2341b50c6: start FollowerState
2019-10-22 00:13:24,199 [Thread-2085] INFO  impl.FollowerState (FollowerState.java:run(108)) - 2fdb3e93-e0d8-400e-8c33-91e2341b50c6@group-F01152B53F91-FollowerState: change to CANDIDATE, lastRpcTime:189ms, electionTimeout:189ms
2019-10-22 00:13:24,199 [Thread-2085] INFO  impl.RoleInfo (RoleInfo.java:shutdownFollowerState(121)) - 2fdb3e93-e0d8-400e-8c33-91e2341b50c6: shutdown FollowerState
2019-10-22 00:13:24,199 [Thread-2085] INFO  impl.RaftServerImpl (RaftServerImpl.java:setRole(184)) - 2fdb3e93-e0d8-400e-8c33-91e2341b50c6@group-F01152B53F91: changes role from  FOLLOWER to CANDIDATE at term 259 for changeToCandidate
2019-10-22 00:13:24,199 [Thread-2085] INFO  impl.RoleInfo (RoleInfo.java:updateAndGet(143)) - 2fdb3e93-e0d8-400e-8c33-91e2341b50c6: start LeaderElection
2019-10-22 00:13:24,213 [2fdb3e93-e0d8-400e-8c33-91e2341b50c6@group-F01152B53F91-LeaderElection261] INFO  impl.LeaderElection (LeaderElection.java:askForVotes(178)) - 2fdb3e93-e0d8-400e-8c33-91e2341b50c6@group-F01152B53F91-LeaderElection261: begin an election at term 260 for -1: [2fdb3e93-e0d8-400e-8c33-91e2341b50c6:192.168.157.254:43254, 062c71de-08d9-40ee-9309-15590e2e8e68:192.168.157.254:45598, 2a52019e-5647-44e1-bf30-9a43fd8a7377:192.168.157.254:36038], old=null
2019-10-22 00:13:24,214 [2fdb3e93-e0d8-400e-8c33-91e2341b50c6@group-F01152B53F91-LeaderElection261] INFO  impl.LeaderElection (LogUtils.java:infoOrTrace(149)) - 2fdb3e93-e0d8-400e-8c33-91e2341b50c6@group-F01152B53F91-LeaderElection261 got exception when requesting votes: {}
java.util.concurrent.ExecutionException: org.apache.ratis.thirdparty.io.grpc.StatusRuntimeException: UNAVAILABLE: io exception
	at java.util.concurrent.FutureTask.report(FutureTask.java:122)
	at java.util.concurrent.FutureTask.get(FutureTask.java:192)
	at org.apache.ratis.server.impl.LeaderElection.waitForResults(LeaderElection.java:259)
	at org.apache.ratis.server.impl.LeaderElection.askForVotes(LeaderElection.java:197)
	at org.apache.ratis.server.impl.LeaderElection.run(LeaderElection.java:133)
	at java.lang.Thread.run(Thread.java:748)
Caused by: org.apache.ratis.thirdparty.io.grpc.StatusRuntimeException: UNAVAILABLE: io exception
	at org.apache.ratis.thirdparty.io.grpc.stub.ClientCalls.toStatusRuntimeException(ClientCalls.java:233)
	at org.apache.ratis.thirdparty.io.grpc.stub.ClientCalls.getUnchecked(ClientCalls.java:214)
	at org.apache.ratis.thirdparty.io.grpc.stub.ClientCalls.blockingUnaryCall(ClientCalls.java:139)
	at org.apache.ratis.proto.grpc.RaftServerProtocolServiceGrpc$RaftServerProtocolServiceBlockingStub.requestVote(RaftServerProtocolServiceGrpc.java:265)
	at org.apache.ratis.grpc.server.GrpcServerProtocolClient.requestVote(GrpcServerProtocolClient.java:99)
	at org.apache.ratis.grpc.server.GrpcService.requestVote(GrpcService.java:204)
	at org.apache.ratis.server.impl.LeaderElection.lambda$submitRequests$1(LeaderElection.java:234)
	at java.util.concurrent.FutureTask.run(FutureTask.java:266)
	at java.util.concurrent.Executors$RunnableAdapter.call(Executors.java:511)
	at java.util.concurrent.FutureTask.run(FutureTask.java:266)
	at java.util.concurrent.ThreadPoolExecutor.runWorker(ThreadPoolExecutor.java:1149)
	at java.util.concurrent.ThreadPoolExecutor$Worker.run(ThreadPoolExecutor.java:624)
	... 1 more
Caused by: org.apache.ratis.thirdparty.io.netty.channel.AbstractChannel$AnnotatedConnectException: Connection refused: /192.168.157.254:45598
	at sun.nio.ch.SocketChannelImpl.checkConnect(Native Method)
	at sun.nio.ch.SocketChannelImpl.finishConnect(SocketChannelImpl.java:717)
	at org.apache.ratis.thirdparty.io.netty.channel.socket.nio.NioSocketChannel.doFinishConnect(NioSocketChannel.java:327)
	at org.apache.ratis.thirdparty.io.netty.channel.nio.AbstractNioChannel$AbstractNioUnsafe.finishConnect(AbstractNioChannel.java:340)
	at org.apache.ratis.thirdparty.io.netty.channel.nio.NioEventLoop.processSelectedKey(NioEventLoop.java:632)
	at org.apache.ratis.thirdparty.io.netty.channel.nio.NioEventLoop.processSelectedKeysOptimized(NioEventLoop.java:579)
	at org.apache.ratis.thirdparty.io.netty.channel.nio.NioEventLoop.processSelectedKeys(NioEventLoop.java:496)
	at org.apache.ratis.thirdparty.io.netty.channel.nio.NioEventLoop.run(NioEventLoop.java:458)
	at org.apache.ratis.thirdparty.io.netty.util.concurrent.SingleThreadEventExecutor$5.run(SingleThreadEventExecutor.java:897)
	at org.apache.ratis.thirdparty.io.netty.util.concurrent.FastThreadLocalRunnable.run(FastThreadLocalRunnable.java:30)
	... 1 more
Caused by: java.net.ConnectException: Connection refused
	... 11 more
2019-10-22 00:13:24,215 [2fdb3e93-e0d8-400e-8c33-91e2341b50c6@group-F01152B53F91-LeaderElection261] INFO  impl.LeaderElection (LogUtils.java:infoOrTrace(149)) - 2fdb3e93-e0d8-400e-8c33-91e2341b50c6@group-F01152B53F91-LeaderElection261 got exception when requesting votes: {}
java.util.concurrent.ExecutionException: org.apache.ratis.thirdparty.io.grpc.StatusRuntimeException: UNAVAILABLE: io exception
	at java.util.concurrent.FutureTask.report(FutureTask.java:122)
	at java.util.concurrent.FutureTask.get(FutureTask.java:192)
	at org.apache.ratis.server.impl.LeaderElection.waitForResults(LeaderElection.java:259)
	at org.apache.ratis.server.impl.LeaderElection.askForVotes(LeaderElection.java:197)
	at org.apache.ratis.server.impl.LeaderElection.run(LeaderElection.java:133)
	at java.lang.Thread.run(Thread.java:748)
Caused by: org.apache.ratis.thirdparty.io.grpc.StatusRuntimeException: UNAVAILABLE: io exception
	at org.apache.ratis.thirdparty.io.grpc.stub.ClientCalls.toStatusRuntimeException(ClientCalls.java:233)
	at org.apache.ratis.thirdparty.io.grpc.stub.ClientCalls.getUnchecked(ClientCalls.java:214)
	at org.apache.ratis.thirdparty.io.grpc.stub.ClientCalls.blockingUnaryCall(ClientCalls.java:139)
	at org.apache.ratis.proto.grpc.RaftServerProtocolServiceGrpc$RaftServerProtocolServiceBlockingStub.requestVote(RaftServerProtocolServiceGrpc.java:265)
	at org.apache.ratis.grpc.server.GrpcServerProtocolClient.requestVote(GrpcServerProtocolClient.java:99)
	at org.apache.ratis.grpc.server.GrpcService.requestVote(GrpcService.java:204)
	at org.apache.ratis.server.impl.LeaderElection.lambda$submitRequests$1(LeaderElection.java:234)
	at java.util.concurrent.FutureTask.run(FutureTask.java:266)
	at java.util.concurrent.Executors$RunnableAdapter.call(Executors.java:511)
	at java.util.concurrent.FutureTask.run(FutureTask.java:266)
	at java.util.concurrent.ThreadPoolExecutor.runWorker(ThreadPoolExecutor.java:1149)
	at java.util.concurrent.ThreadPoolExecutor$Worker.run(ThreadPoolExecutor.java:624)
	... 1 more
Caused by: org.apache.ratis.thirdparty.io.netty.channel.AbstractChannel$AnnotatedConnectException: Connection refused: /192.168.157.254:36038
	at sun.nio.ch.SocketChannelImpl.checkConnect(Native Method)
	at sun.nio.ch.SocketChannelImpl.finishConnect(SocketChannelImpl.java:717)
	at org.apache.ratis.thirdparty.io.netty.channel.socket.nio.NioSocketChannel.doFinishConnect(NioSocketChannel.java:327)
	at org.apache.ratis.thirdparty.io.netty.channel.nio.AbstractNioChannel$AbstractNioUnsafe.finishConnect(AbstractNioChannel.java:340)
	at org.apache.ratis.thirdparty.io.netty.channel.nio.NioEventLoop.processSelectedKey(NioEventLoop.java:632)
	at org.apache.ratis.thirdparty.io.netty.channel.nio.NioEventLoop.processSelectedKeysOptimized(NioEventLoop.java:579)
	at org.apache.ratis.thirdparty.io.netty.channel.nio.NioEventLoop.processSelectedKeys(NioEventLoop.java:496)
	at org.apache.ratis.thirdparty.io.netty.channel.nio.NioEventLoop.run(NioEventLoop.java:458)
	at org.apache.ratis.thirdparty.io.netty.util.concurrent.SingleThreadEventExecutor$5.run(SingleThreadEventExecutor.java:897)
	at org.apache.ratis.thirdparty.io.netty.util.concurrent.FastThreadLocalRunnable.run(FastThreadLocalRunnable.java:30)
	... 1 more
Caused by: java.net.ConnectException: Connection refused
	... 11 more
2019-10-22 00:13:24,215 [2fdb3e93-e0d8-400e-8c33-91e2341b50c6@group-F01152B53F91-LeaderElection261] INFO  impl.LeaderElection (LeaderElection.java:logAndReturn(56)) - 2fdb3e93-e0d8-400e-8c33-91e2341b50c6@group-F01152B53F91-LeaderElection261: Election REJECTED; received 0 response(s) [] and 2 exception(s); 2fdb3e93-e0d8-400e-8c33-91e2341b50c6@group-F01152B53F91:t260, leader=null, voted=2fdb3e93-e0d8-400e-8c33-91e2341b50c6, raftlog=2fdb3e93-e0d8-400e-8c33-91e2341b50c6@group-F01152B53F91-SegmentedRaftLog:OPENED:c-1,f-1,i0, conf=-1: [2fdb3e93-e0d8-400e-8c33-91e2341b50c6:192.168.157.254:43254, 062c71de-08d9-40ee-9309-15590e2e8e68:192.168.157.254:45598, 2a52019e-5647-44e1-bf30-9a43fd8a7377:192.168.157.254:36038], old=null
2019-10-22 00:13:24,215 [2fdb3e93-e0d8-400e-8c33-91e2341b50c6@group-F01152B53F91-LeaderElection261] INFO  impl.LeaderElection (LogUtils.java:infoOrTrace(149)) -   Exception 0: {}
java.util.concurrent.ExecutionException: org.apache.ratis.thirdparty.io.grpc.StatusRuntimeException: UNAVAILABLE: io exception
	at java.util.concurrent.FutureTask.report(FutureTask.java:122)
	at java.util.concurrent.FutureTask.get(FutureTask.java:192)
	at org.apache.ratis.server.impl.LeaderElection.waitForResults(LeaderElection.java:259)
	at org.apache.ratis.server.impl.LeaderElection.askForVotes(LeaderElection.java:197)
	at org.apache.ratis.server.impl.LeaderElection.run(LeaderElection.java:133)
	at java.lang.Thread.run(Thread.java:748)
Caused by: org.apache.ratis.thirdparty.io.grpc.StatusRuntimeException: UNAVAILABLE: io exception
	at org.apache.ratis.thirdparty.io.grpc.stub.ClientCalls.toStatusRuntimeException(ClientCalls.java:233)
	at org.apache.ratis.thirdparty.io.grpc.stub.ClientCalls.getUnchecked(ClientCalls.java:214)
	at org.apache.ratis.thirdparty.io.grpc.stub.ClientCalls.blockingUnaryCall(ClientCalls.java:139)
	at org.apache.ratis.proto.grpc.RaftServerProtocolServiceGrpc$RaftServerProtocolServiceBlockingStub.requestVote(RaftServerProtocolServiceGrpc.java:265)
	at org.apache.ratis.grpc.server.GrpcServerProtocolClient.requestVote(GrpcServerProtocolClient.java:99)
	at org.apache.ratis.grpc.server.GrpcService.requestVote(GrpcService.java:204)
	at org.apache.ratis.server.impl.LeaderElection.lambda$submitRequests$1(LeaderElection.java:234)
	at java.util.concurrent.FutureTask.run(FutureTask.java:266)
	at java.util.concurrent.Executors$RunnableAdapter.call(Executors.java:511)
	at java.util.concurrent.FutureTask.run(FutureTask.java:266)
	at java.util.concurrent.ThreadPoolExecutor.runWorker(ThreadPoolExecutor.java:1149)
	at java.util.concurrent.ThreadPoolExecutor$Worker.run(ThreadPoolExecutor.java:624)
	... 1 more
Caused by: org.apache.ratis.thirdparty.io.netty.channel.AbstractChannel$AnnotatedConnectException: Connection refused: /192.168.157.254:45598
	at sun.nio.ch.SocketChannelImpl.checkConnect(Native Method)
	at sun.nio.ch.SocketChannelImpl.finishConnect(SocketChannelImpl.java:717)
	at org.apache.ratis.thirdparty.io.netty.channel.socket.nio.NioSocketChannel.doFinishConnect(NioSocketChannel.java:327)
	at org.apache.ratis.thirdparty.io.netty.channel.nio.AbstractNioChannel$AbstractNioUnsafe.finishConnect(AbstractNioChannel.java:340)
	at org.apache.ratis.thirdparty.io.netty.channel.nio.NioEventLoop.processSelectedKey(NioEventLoop.java:632)
	at org.apache.ratis.thirdparty.io.netty.channel.nio.NioEventLoop.processSelectedKeysOptimized(NioEventLoop.java:579)
	at org.apache.ratis.thirdparty.io.netty.channel.nio.NioEventLoop.processSelectedKeys(NioEventLoop.java:496)
	at org.apache.ratis.thirdparty.io.netty.channel.nio.NioEventLoop.run(NioEventLoop.java:458)
	at org.apache.ratis.thirdparty.io.netty.util.concurrent.SingleThreadEventExecutor$5.run(SingleThreadEventExecutor.java:897)
	at org.apache.ratis.thirdparty.io.netty.util.concurrent.FastThreadLocalRunnable.run(FastThreadLocalRunnable.java:30)
	... 1 more
Caused by: java.net.ConnectException: Connection refused
	... 11 more
2019-10-22 00:13:24,215 [2fdb3e93-e0d8-400e-8c33-91e2341b50c6@group-F01152B53F91-LeaderElection261] INFO  impl.LeaderElection (LogUtils.java:infoOrTrace(149)) -   Exception 1: {}
java.util.concurrent.ExecutionException: org.apache.ratis.thirdparty.io.grpc.StatusRuntimeException: UNAVAILABLE: io exception
	at java.util.concurrent.FutureTask.report(FutureTask.java:122)
	at java.util.concurrent.FutureTask.get(FutureTask.java:192)
	at org.apache.ratis.server.impl.LeaderElection.waitForResults(LeaderElection.java:259)
	at org.apache.ratis.server.impl.LeaderElection.askForVotes(LeaderElection.java:197)
	at org.apache.ratis.server.impl.LeaderElection.run(LeaderElection.java:133)
	at java.lang.Thread.run(Thread.java:748)
Caused by: org.apache.ratis.thirdparty.io.grpc.StatusRuntimeException: UNAVAILABLE: io exception
	at org.apache.ratis.thirdparty.io.grpc.stub.ClientCalls.toStatusRuntimeException(ClientCalls.java:233)
	at org.apache.ratis.thirdparty.io.grpc.stub.ClientCalls.getUnchecked(ClientCalls.java:214)
	at org.apache.ratis.thirdparty.io.grpc.stub.ClientCalls.blockingUnaryCall(ClientCalls.java:139)
	at org.apache.ratis.proto.grpc.RaftServerProtocolServiceGrpc$RaftServerProtocolServiceBlockingStub.requestVote(RaftServerProtocolServiceGrpc.java:265)
	at org.apache.ratis.grpc.server.GrpcServerProtocolClient.requestVote(GrpcServerProtocolClient.java:99)
	at org.apache.ratis.grpc.server.GrpcService.requestVote(GrpcService.java:204)
	at org.apache.ratis.server.impl.LeaderElection.lambda$submitRequests$1(LeaderElection.java:234)
	at java.util.concurrent.FutureTask.run(FutureTask.java:266)
	at java.util.concurrent.Executors$RunnableAdapter.call(Executors.java:511)
	at java.util.concurrent.FutureTask.run(FutureTask.java:266)
	at java.util.concurrent.ThreadPoolExecutor.runWorker(ThreadPoolExecutor.java:1149)
	at java.util.concurrent.ThreadPoolExecutor$Worker.run(ThreadPoolExecutor.java:624)
	... 1 more
Caused by: org.apache.ratis.thirdparty.io.netty.channel.AbstractChannel$AnnotatedConnectException: Connection refused: /192.168.157.254:36038
	at sun.nio.ch.SocketChannelImpl.checkConnect(Native Method)
	at sun.nio.ch.SocketChannelImpl.finishConnect(SocketChannelImpl.java:717)
	at org.apache.ratis.thirdparty.io.netty.channel.socket.nio.NioSocketChannel.doFinishConnect(NioSocketChannel.java:327)
	at org.apache.ratis.thirdparty.io.netty.channel.nio.AbstractNioChannel$AbstractNioUnsafe.finishConnect(AbstractNioChannel.java:340)
	at org.apache.ratis.thirdparty.io.netty.channel.nio.NioEventLoop.processSelectedKey(NioEventLoop.java:632)
	at org.apache.ratis.thirdparty.io.netty.channel.nio.NioEventLoop.processSelectedKeysOptimized(NioEventLoop.java:579)
	at org.apache.ratis.thirdparty.io.netty.channel.nio.NioEventLoop.processSelectedKeys(NioEventLoop.java:496)
	at org.apache.ratis.thirdparty.io.netty.channel.nio.NioEventLoop.run(NioEventLoop.java:458)
	at org.apache.ratis.thirdparty.io.netty.util.concurrent.SingleThreadEventExecutor$5.run(SingleThreadEventExecutor.java:897)
	at org.apache.ratis.thirdparty.io.netty.util.concurrent.FastThreadLocalRunnable.run(FastThreadLocalRunnable.java:30)
	... 1 more
Caused by: java.net.ConnectException: Connection refused
	... 11 more
2019-10-22 00:13:24,216 [2fdb3e93-e0d8-400e-8c33-91e2341b50c6@group-F01152B53F91-LeaderElection261] INFO  impl.RaftServerImpl (RaftServerImpl.java:setRole(184)) - 2fdb3e93-e0d8-400e-8c33-91e2341b50c6@group-F01152B53F91: changes role from CANDIDATE to FOLLOWER at term 260 for DISCOVERED_A_NEW_TERM
2019-10-22 00:13:24,216 [2fdb3e93-e0d8-400e-8c33-91e2341b50c6@group-F01152B53F91-LeaderElection261] INFO  impl.RoleInfo (RoleInfo.java:shutdownLeaderElection(134)) - 2fdb3e93-e0d8-400e-8c33-91e2341b50c6: shutdown LeaderElection
2019-10-22 00:13:24,216 [2fdb3e93-e0d8-400e-8c33-91e2341b50c6@group-F01152B53F91-LeaderElection261] INFO  impl.RoleInfo (RoleInfo.java:updateAndGet(143)) - 2fdb3e93-e0d8-400e-8c33-91e2341b50c6: start FollowerState
2019-10-22 00:13:24,303 [java.util.concurrent.ThreadPoolExecutor$Worker@c41ae0f[State = -1, empty queue]] WARN  server.GrpcLogAppender (GrpcLogAppender.java:timeoutAppendRequest(209)) - fad63ceb-ed14-4322-905d-6ef3599ac734@group-0045C62F497D->5732e052-e19f-40fe-a104-972211db20fb-GrpcLogAppender: appendEntries Timeout, request=fad63ceb-ed14-4322-905d-6ef3599ac734->5732e052-e19f-40fe-a104-972211db20fb#59-t1, previous=(t:1, i:0), leaderCommit=0, initializing? false, entries: <empty>
2019-10-22 00:13:24,371 [Thread-2089] INFO  impl.FollowerState (FollowerState.java:run(108)) - 2fdb3e93-e0d8-400e-8c33-91e2341b50c6@group-F01152B53F91-FollowerState: change to CANDIDATE, lastRpcTime:155ms, electionTimeout:155ms
2019-10-22 00:13:24,372 [Thread-2089] INFO  impl.RoleInfo (RoleInfo.java:shutdownFollowerState(121)) - 2fdb3e93-e0d8-400e-8c33-91e2341b50c6: shutdown FollowerState
2019-10-22 00:13:24,371 [java.util.concurrent.ThreadPoolExecutor$Worker@48cd139a[State = -1, empty queue]] WARN  server.GrpcLogAppender (GrpcLogAppender.java:timeoutAppendRequest(209)) - fad63ceb-ed14-4322-905d-6ef3599ac734@group-0045C62F497D->1913eeb9-7f58-4aef-bfea-8e00a2a3aadf-GrpcLogAppender: appendEntries Timeout, request=fad63ceb-ed14-4322-905d-6ef3599ac734->1913eeb9-7f58-4aef-bfea-8e00a2a3aadf#59-t1, previous=(t:1, i:0), leaderCommit=0, initializing? false, entries: <empty>
2019-10-22 00:13:24,372 [Thread-2089] INFO  impl.RaftServerImpl (RaftServerImpl.java:setRole(184)) - 2fdb3e93-e0d8-400e-8c33-91e2341b50c6@group-F01152B53F91: changes role from  FOLLOWER to CANDIDATE at term 260 for changeToCandidate
2019-10-22 00:13:24,372 [Thread-2089] INFO  impl.RoleInfo (RoleInfo.java:updateAndGet(143)) - 2fdb3e93-e0d8-400e-8c33-91e2341b50c6: start LeaderElection
2019-10-22 00:13:24,386 [2fdb3e93-e0d8-400e-8c33-91e2341b50c6@group-F01152B53F91-LeaderElection262] INFO  impl.LeaderElection (LeaderElection.java:askForVotes(178)) - 2fdb3e93-e0d8-400e-8c33-91e2341b50c6@group-F01152B53F91-LeaderElection262: begin an election at term 261 for -1: [2fdb3e93-e0d8-400e-8c33-91e2341b50c6:192.168.157.254:43254, 062c71de-08d9-40ee-9309-15590e2e8e68:192.168.157.254:45598, 2a52019e-5647-44e1-bf30-9a43fd8a7377:192.168.157.254:36038], old=null
2019-10-22 00:13:24,387 [2fdb3e93-e0d8-400e-8c33-91e2341b50c6@group-F01152B53F91-LeaderElection262] INFO  impl.LeaderElection (LogUtils.java:infoOrTrace(149)) - 2fdb3e93-e0d8-400e-8c33-91e2341b50c6@group-F01152B53F91-LeaderElection262 got exception when requesting votes: {}
java.util.concurrent.ExecutionException: org.apache.ratis.thirdparty.io.grpc.StatusRuntimeException: UNAVAILABLE: io exception
	at java.util.concurrent.FutureTask.report(FutureTask.java:122)
	at java.util.concurrent.FutureTask.get(FutureTask.java:192)
	at org.apache.ratis.server.impl.LeaderElection.waitForResults(LeaderElection.java:259)
	at org.apache.ratis.server.impl.LeaderElection.askForVotes(LeaderElection.java:197)
	at org.apache.ratis.server.impl.LeaderElection.run(LeaderElection.java:133)
	at java.lang.Thread.run(Thread.java:748)
Caused by: org.apache.ratis.thirdparty.io.grpc.StatusRuntimeException: UNAVAILABLE: io exception
	at org.apache.ratis.thirdparty.io.grpc.stub.ClientCalls.toStatusRuntimeException(ClientCalls.java:233)
	at org.apache.ratis.thirdparty.io.grpc.stub.ClientCalls.getUnchecked(ClientCalls.java:214)
	at org.apache.ratis.thirdparty.io.grpc.stub.ClientCalls.blockingUnaryCall(ClientCalls.java:139)
	at org.apache.ratis.proto.grpc.RaftServerProtocolServiceGrpc$RaftServerProtocolServiceBlockingStub.requestVote(RaftServerProtocolServiceGrpc.java:265)
	at org.apache.ratis.grpc.server.GrpcServerProtocolClient.requestVote(GrpcServerProtocolClient.java:99)
	at org.apache.ratis.grpc.server.GrpcService.requestVote(GrpcService.java:204)
	at org.apache.ratis.server.impl.LeaderElection.lambda$submitRequests$1(LeaderElection.java:234)
	at java.util.concurrent.FutureTask.run(FutureTask.java:266)
	at java.util.concurrent.Executors$RunnableAdapter.call(Executors.java:511)
	at java.util.concurrent.FutureTask.run(FutureTask.java:266)
	at java.util.concurrent.ThreadPoolExecutor.runWorker(ThreadPoolExecutor.java:1149)
	at java.util.concurrent.ThreadPoolExecutor$Worker.run(ThreadPoolExecutor.java:624)
	... 1 more
Caused by: org.apache.ratis.thirdparty.io.netty.channel.AbstractChannel$AnnotatedConnectException: Connection refused: /192.168.157.254:45598
	at sun.nio.ch.SocketChannelImpl.checkConnect(Native Method)
	at sun.nio.ch.SocketChannelImpl.finishConnect(SocketChannelImpl.java:717)
	at org.apache.ratis.thirdparty.io.netty.channel.socket.nio.NioSocketChannel.doFinishConnect(NioSocketChannel.java:327)
	at org.apache.ratis.thirdparty.io.netty.channel.nio.AbstractNioChannel$AbstractNioUnsafe.finishConnect(AbstractNioChannel.java:340)
	at org.apache.ratis.thirdparty.io.netty.channel.nio.NioEventLoop.processSelectedKey(NioEventLoop.java:632)
	at org.apache.ratis.thirdparty.io.netty.channel.nio.NioEventLoop.processSelectedKeysOptimized(NioEventLoop.java:579)
	at org.apache.ratis.thirdparty.io.netty.channel.nio.NioEventLoop.processSelectedKeys(NioEventLoop.java:496)
	at org.apache.ratis.thirdparty.io.netty.channel.nio.NioEventLoop.run(NioEventLoop.java:458)
	at org.apache.ratis.thirdparty.io.netty.util.concurrent.SingleThreadEventExecutor$5.run(SingleThreadEventExecutor.java:897)
	at org.apache.ratis.thirdparty.io.netty.util.concurrent.FastThreadLocalRunnable.run(FastThreadLocalRunnable.java:30)
	... 1 more
Caused by: java.net.ConnectException: Connection refused
	... 11 more
2019-10-22 00:13:24,387 [2fdb3e93-e0d8-400e-8c33-91e2341b50c6@group-F01152B53F91-LeaderElection262] INFO  impl.LeaderElection (LogUtils.java:infoOrTrace(149)) - 2fdb3e93-e0d8-400e-8c33-91e2341b50c6@group-F01152B53F91-LeaderElection262 got exception when requesting votes: {}
java.util.concurrent.ExecutionException: org.apache.ratis.thirdparty.io.grpc.StatusRuntimeException: UNAVAILABLE: io exception
	at java.util.concurrent.FutureTask.report(FutureTask.java:122)
	at java.util.concurrent.FutureTask.get(FutureTask.java:192)
	at org.apache.ratis.server.impl.LeaderElection.waitForResults(LeaderElection.java:259)
	at org.apache.ratis.server.impl.LeaderElection.askForVotes(LeaderElection.java:197)
	at org.apache.ratis.server.impl.LeaderElection.run(LeaderElection.java:133)
	at java.lang.Thread.run(Thread.java:748)
Caused by: org.apache.ratis.thirdparty.io.grpc.StatusRuntimeException: UNAVAILABLE: io exception
	at org.apache.ratis.thirdparty.io.grpc.stub.ClientCalls.toStatusRuntimeException(ClientCalls.java:233)
	at org.apache.ratis.thirdparty.io.grpc.stub.ClientCalls.getUnchecked(ClientCalls.java:214)
	at org.apache.ratis.thirdparty.io.grpc.stub.ClientCalls.blockingUnaryCall(ClientCalls.java:139)
	at org.apache.ratis.proto.grpc.RaftServerProtocolServiceGrpc$RaftServerProtocolServiceBlockingStub.requestVote(RaftServerProtocolServiceGrpc.java:265)
	at org.apache.ratis.grpc.server.GrpcServerProtocolClient.requestVote(GrpcServerProtocolClient.java:99)
	at org.apache.ratis.grpc.server.GrpcService.requestVote(GrpcService.java:204)
	at org.apache.ratis.server.impl.LeaderElection.lambda$submitRequests$1(LeaderElection.java:234)
	at java.util.concurrent.FutureTask.run(FutureTask.java:266)
	at java.util.concurrent.Executors$RunnableAdapter.call(Executors.java:511)
	at java.util.concurrent.FutureTask.run(FutureTask.java:266)
	at java.util.concurrent.ThreadPoolExecutor.runWorker(ThreadPoolExecutor.java:1149)
	at java.util.concurrent.ThreadPoolExecutor$Worker.run(ThreadPoolExecutor.java:624)
	... 1 more
Caused by: org.apache.ratis.thirdparty.io.netty.channel.AbstractChannel$AnnotatedConnectException: Connection refused: /192.168.157.254:36038
	at sun.nio.ch.SocketChannelImpl.checkConnect(Native Method)
	at sun.nio.ch.SocketChannelImpl.finishConnect(SocketChannelImpl.java:717)
	at org.apache.ratis.thirdparty.io.netty.channel.socket.nio.NioSocketChannel.doFinishConnect(NioSocketChannel.java:327)
	at org.apache.ratis.thirdparty.io.netty.channel.nio.AbstractNioChannel$AbstractNioUnsafe.finishConnect(AbstractNioChannel.java:340)
	at org.apache.ratis.thirdparty.io.netty.channel.nio.NioEventLoop.processSelectedKey(NioEventLoop.java:632)
	at org.apache.ratis.thirdparty.io.netty.channel.nio.NioEventLoop.processSelectedKeysOptimized(NioEventLoop.java:579)
	at org.apache.ratis.thirdparty.io.netty.channel.nio.NioEventLoop.processSelectedKeys(NioEventLoop.java:496)
	at org.apache.ratis.thirdparty.io.netty.channel.nio.NioEventLoop.run(NioEventLoop.java:458)
	at org.apache.ratis.thirdparty.io.netty.util.concurrent.SingleThreadEventExecutor$5.run(SingleThreadEventExecutor.java:897)
	at org.apache.ratis.thirdparty.io.netty.util.concurrent.FastThreadLocalRunnable.run(FastThreadLocalRunnable.java:30)
	... 1 more
Caused by: java.net.ConnectException: Connection refused
	... 11 more
2019-10-22 00:13:24,387 [2fdb3e93-e0d8-400e-8c33-91e2341b50c6@group-F01152B53F91-LeaderElection262] INFO  impl.LeaderElection (LeaderElection.java:logAndReturn(56)) - 2fdb3e93-e0d8-400e-8c33-91e2341b50c6@group-F01152B53F91-LeaderElection262: Election REJECTED; received 0 response(s) [] and 2 exception(s); 2fdb3e93-e0d8-400e-8c33-91e2341b50c6@group-F01152B53F91:t261, leader=null, voted=2fdb3e93-e0d8-400e-8c33-91e2341b50c6, raftlog=2fdb3e93-e0d8-400e-8c33-91e2341b50c6@group-F01152B53F91-SegmentedRaftLog:OPENED:c-1,f-1,i0, conf=-1: [2fdb3e93-e0d8-400e-8c33-91e2341b50c6:192.168.157.254:43254, 062c71de-08d9-40ee-9309-15590e2e8e68:192.168.157.254:45598, 2a52019e-5647-44e1-bf30-9a43fd8a7377:192.168.157.254:36038], old=null
2019-10-22 00:13:24,388 [2fdb3e93-e0d8-400e-8c33-91e2341b50c6@group-F01152B53F91-LeaderElection262] INFO  impl.LeaderElection (LogUtils.java:infoOrTrace(149)) -   Exception 0: {}
java.util.concurrent.ExecutionException: org.apache.ratis.thirdparty.io.grpc.StatusRuntimeException: UNAVAILABLE: io exception
	at java.util.concurrent.FutureTask.report(FutureTask.java:122)
	at java.util.concurrent.FutureTask.get(FutureTask.java:192)
	at org.apache.ratis.server.impl.LeaderElection.waitForResults(LeaderElection.java:259)
	at org.apache.ratis.server.impl.LeaderElection.askForVotes(LeaderElection.java:197)
	at org.apache.ratis.server.impl.LeaderElection.run(LeaderElection.java:133)
	at java.lang.Thread.run(Thread.java:748)
Caused by: org.apache.ratis.thirdparty.io.grpc.StatusRuntimeException: UNAVAILABLE: io exception
	at org.apache.ratis.thirdparty.io.grpc.stub.ClientCalls.toStatusRuntimeException(ClientCalls.java:233)
	at org.apache.ratis.thirdparty.io.grpc.stub.ClientCalls.getUnchecked(ClientCalls.java:214)
	at org.apache.ratis.thirdparty.io.grpc.stub.ClientCalls.blockingUnaryCall(ClientCalls.java:139)
	at org.apache.ratis.proto.grpc.RaftServerProtocolServiceGrpc$RaftServerProtocolServiceBlockingStub.requestVote(RaftServerProtocolServiceGrpc.java:265)
	at org.apache.ratis.grpc.server.GrpcServerProtocolClient.requestVote(GrpcServerProtocolClient.java:99)
	at org.apache.ratis.grpc.server.GrpcService.requestVote(GrpcService.java:204)
	at org.apache.ratis.server.impl.LeaderElection.lambda$submitRequests$1(LeaderElection.java:234)
	at java.util.concurrent.FutureTask.run(FutureTask.java:266)
	at java.util.concurrent.Executors$RunnableAdapter.call(Executors.java:511)
	at java.util.concurrent.FutureTask.run(FutureTask.java:266)
	at java.util.concurrent.ThreadPoolExecutor.runWorker(ThreadPoolExecutor.java:1149)
	at java.util.concurrent.ThreadPoolExecutor$Worker.run(ThreadPoolExecutor.java:624)
	... 1 more
Caused by: org.apache.ratis.thirdparty.io.netty.channel.AbstractChannel$AnnotatedConnectException: Connection refused: /192.168.157.254:45598
	at sun.nio.ch.SocketChannelImpl.checkConnect(Native Method)
	at sun.nio.ch.SocketChannelImpl.finishConnect(SocketChannelImpl.java:717)
	at org.apache.ratis.thirdparty.io.netty.channel.socket.nio.NioSocketChannel.doFinishConnect(NioSocketChannel.java:327)
	at org.apache.ratis.thirdparty.io.netty.channel.nio.AbstractNioChannel$AbstractNioUnsafe.finishConnect(AbstractNioChannel.java:340)
	at org.apache.ratis.thirdparty.io.netty.channel.nio.NioEventLoop.processSelectedKey(NioEventLoop.java:632)
	at org.apache.ratis.thirdparty.io.netty.channel.nio.NioEventLoop.processSelectedKeysOptimized(NioEventLoop.java:579)
	at org.apache.ratis.thirdparty.io.netty.channel.nio.NioEventLoop.processSelectedKeys(NioEventLoop.java:496)
	at org.apache.ratis.thirdparty.io.netty.channel.nio.NioEventLoop.run(NioEventLoop.java:458)
	at org.apache.ratis.thirdparty.io.netty.util.concurrent.SingleThreadEventExecutor$5.run(SingleThreadEventExecutor.java:897)
	at org.apache.ratis.thirdparty.io.netty.util.concurrent.FastThreadLocalRunnable.run(FastThreadLocalRunnable.java:30)
	... 1 more
Caused by: java.net.ConnectException: Connection refused
	... 11 more
2019-10-22 00:13:24,388 [2fdb3e93-e0d8-400e-8c33-91e2341b50c6@group-F01152B53F91-LeaderElection262] INFO  impl.LeaderElection (LogUtils.java:infoOrTrace(149)) -   Exception 1: {}
java.util.concurrent.ExecutionException: org.apache.ratis.thirdparty.io.grpc.StatusRuntimeException: UNAVAILABLE: io exception
	at java.util.concurrent.FutureTask.report(FutureTask.java:122)
	at java.util.concurrent.FutureTask.get(FutureTask.java:192)
	at org.apache.ratis.server.impl.LeaderElection.waitForResults(LeaderElection.java:259)
	at org.apache.ratis.server.impl.LeaderElection.askForVotes(LeaderElection.java:197)
	at org.apache.ratis.server.impl.LeaderElection.run(LeaderElection.java:133)
	at java.lang.Thread.run(Thread.java:748)
Caused by: org.apache.ratis.thirdparty.io.grpc.StatusRuntimeException: UNAVAILABLE: io exception
	at org.apache.ratis.thirdparty.io.grpc.stub.ClientCalls.toStatusRuntimeException(ClientCalls.java:233)
	at org.apache.ratis.thirdparty.io.grpc.stub.ClientCalls.getUnchecked(ClientCalls.java:214)
	at org.apache.ratis.thirdparty.io.grpc.stub.ClientCalls.blockingUnaryCall(ClientCalls.java:139)
	at org.apache.ratis.proto.grpc.RaftServerProtocolServiceGrpc$RaftServerProtocolServiceBlockingStub.requestVote(RaftServerProtocolServiceGrpc.java:265)
	at org.apache.ratis.grpc.server.GrpcServerProtocolClient.requestVote(GrpcServerProtocolClient.java:99)
	at org.apache.ratis.grpc.server.GrpcService.requestVote(GrpcService.java:204)
	at org.apache.ratis.server.impl.LeaderElection.lambda$submitRequests$1(LeaderElection.java:234)
	at java.util.concurrent.FutureTask.run(FutureTask.java:266)
	at java.util.concurrent.Executors$RunnableAdapter.call(Executors.java:511)
	at java.util.concurrent.FutureTask.run(FutureTask.java:266)
	at java.util.concurrent.ThreadPoolExecutor.runWorker(ThreadPoolExecutor.java:1149)
	at java.util.concurrent.ThreadPoolExecutor$Worker.run(ThreadPoolExecutor.java:624)
	... 1 more
Caused by: org.apache.ratis.thirdparty.io.netty.channel.AbstractChannel$AnnotatedConnectException: Connection refused: /192.168.157.254:36038
	at sun.nio.ch.SocketChannelImpl.checkConnect(Native Method)
	at sun.nio.ch.SocketChannelImpl.finishConnect(SocketChannelImpl.java:717)
	at org.apache.ratis.thirdparty.io.netty.channel.socket.nio.NioSocketChannel.doFinishConnect(NioSocketChannel.java:327)
	at org.apache.ratis.thirdparty.io.netty.channel.nio.AbstractNioChannel$AbstractNioUnsafe.finishConnect(AbstractNioChannel.java:340)
	at org.apache.ratis.thirdparty.io.netty.channel.nio.NioEventLoop.processSelectedKey(NioEventLoop.java:632)
	at org.apache.ratis.thirdparty.io.netty.channel.nio.NioEventLoop.processSelectedKeysOptimized(NioEventLoop.java:579)
	at org.apache.ratis.thirdparty.io.netty.channel.nio.NioEventLoop.processSelectedKeys(NioEventLoop.java:496)
	at org.apache.ratis.thirdparty.io.netty.channel.nio.NioEventLoop.run(NioEventLoop.java:458)
	at org.apache.ratis.thirdparty.io.netty.util.concurrent.SingleThreadEventExecutor$5.run(SingleThreadEventExecutor.java:897)
	at org.apache.ratis.thirdparty.io.netty.util.concurrent.FastThreadLocalRunnable.run(FastThreadLocalRunnable.java:30)
	... 1 more
Caused by: java.net.ConnectException: Connection refused
	... 11 more
2019-10-22 00:13:24,388 [2fdb3e93-e0d8-400e-8c33-91e2341b50c6@group-F01152B53F91-LeaderElection262] INFO  impl.RaftServerImpl (RaftServerImpl.java:setRole(184)) - 2fdb3e93-e0d8-400e-8c33-91e2341b50c6@group-F01152B53F91: changes role from CANDIDATE to FOLLOWER at term 261 for DISCOVERED_A_NEW_TERM
2019-10-22 00:13:24,389 [2fdb3e93-e0d8-400e-8c33-91e2341b50c6@group-F01152B53F91-LeaderElection262] INFO  impl.RoleInfo (RoleInfo.java:shutdownLeaderElection(134)) - 2fdb3e93-e0d8-400e-8c33-91e2341b50c6: shutdown LeaderElection
2019-10-22 00:13:24,389 [2fdb3e93-e0d8-400e-8c33-91e2341b50c6@group-F01152B53F91-LeaderElection262] INFO  impl.RoleInfo (RoleInfo.java:updateAndGet(143)) - 2fdb3e93-e0d8-400e-8c33-91e2341b50c6: start FollowerState
2019-10-22 00:13:24,404 [Thread-2093] INFO  impl.FollowerState (FollowerState.java:run(108)) - 2fdb3e93-e0d8-400e-8c33-91e2341b50c6@group-F01152B53F91-FollowerState: change to CANDIDATE, lastRpcTime:15ms, electionTimeout:15ms
2019-10-22 00:13:24,404 [Thread-2093] INFO  impl.RoleInfo (RoleInfo.java:shutdownFollowerState(121)) - 2fdb3e93-e0d8-400e-8c33-91e2341b50c6: shutdown FollowerState
2019-10-22 00:13:24,404 [Thread-2093] INFO  impl.RaftServerImpl (RaftServerImpl.java:setRole(184)) - 2fdb3e93-e0d8-400e-8c33-91e2341b50c6@group-F01152B53F91: changes role from  FOLLOWER to CANDIDATE at term 261 for changeToCandidate
2019-10-22 00:13:24,404 [Thread-2093] INFO  impl.RoleInfo (RoleInfo.java:updateAndGet(143)) - 2fdb3e93-e0d8-400e-8c33-91e2341b50c6: start LeaderElection
2019-10-22 00:13:24,418 [2fdb3e93-e0d8-400e-8c33-91e2341b50c6@group-F01152B53F91-LeaderElection263] INFO  impl.LeaderElection (LeaderElection.java:askForVotes(178)) - 2fdb3e93-e0d8-400e-8c33-91e2341b50c6@group-F01152B53F91-LeaderElection263: begin an election at term 262 for -1: [2fdb3e93-e0d8-400e-8c33-91e2341b50c6:192.168.157.254:43254, 062c71de-08d9-40ee-9309-15590e2e8e68:192.168.157.254:45598, 2a52019e-5647-44e1-bf30-9a43fd8a7377:192.168.157.254:36038], old=null
2019-10-22 00:13:24,419 [2fdb3e93-e0d8-400e-8c33-91e2341b50c6@group-F01152B53F91-LeaderElection263] INFO  impl.LeaderElection (LogUtils.java:infoOrTrace(149)) - 2fdb3e93-e0d8-400e-8c33-91e2341b50c6@group-F01152B53F91-LeaderElection263 got exception when requesting votes: {}
java.util.concurrent.ExecutionException: org.apache.ratis.thirdparty.io.grpc.StatusRuntimeException: UNAVAILABLE: io exception
	at java.util.concurrent.FutureTask.report(FutureTask.java:122)
	at java.util.concurrent.FutureTask.get(FutureTask.java:192)
	at org.apache.ratis.server.impl.LeaderElection.waitForResults(LeaderElection.java:259)
	at org.apache.ratis.server.impl.LeaderElection.askForVotes(LeaderElection.java:197)
	at org.apache.ratis.server.impl.LeaderElection.run(LeaderElection.java:133)
	at java.lang.Thread.run(Thread.java:748)
Caused by: org.apache.ratis.thirdparty.io.grpc.StatusRuntimeException: UNAVAILABLE: io exception
	at org.apache.ratis.thirdparty.io.grpc.stub.ClientCalls.toStatusRuntimeException(ClientCalls.java:233)
	at org.apache.ratis.thirdparty.io.grpc.stub.ClientCalls.getUnchecked(ClientCalls.java:214)
	at org.apache.ratis.thirdparty.io.grpc.stub.ClientCalls.blockingUnaryCall(ClientCalls.java:139)
	at org.apache.ratis.proto.grpc.RaftServerProtocolServiceGrpc$RaftServerProtocolServiceBlockingStub.requestVote(RaftServerProtocolServiceGrpc.java:265)
	at org.apache.ratis.grpc.server.GrpcServerProtocolClient.requestVote(GrpcServerProtocolClient.java:99)
	at org.apache.ratis.grpc.server.GrpcService.requestVote(GrpcService.java:204)
	at org.apache.ratis.server.impl.LeaderElection.lambda$submitRequests$1(LeaderElection.java:234)
	at java.util.concurrent.FutureTask.run(FutureTask.java:266)
	at java.util.concurrent.Executors$RunnableAdapter.call(Executors.java:511)
	at java.util.concurrent.FutureTask.run(FutureTask.java:266)
	at java.util.concurrent.ThreadPoolExecutor.runWorker(ThreadPoolExecutor.java:1149)
	at java.util.concurrent.ThreadPoolExecutor$Worker.run(ThreadPoolExecutor.java:624)
	... 1 more
Caused by: org.apache.ratis.thirdparty.io.netty.channel.AbstractChannel$AnnotatedConnectException: Connection refused: /192.168.157.254:45598
	at sun.nio.ch.SocketChannelImpl.checkConnect(Native Method)
	at sun.nio.ch.SocketChannelImpl.finishConnect(SocketChannelImpl.java:717)
	at org.apache.ratis.thirdparty.io.netty.channel.socket.nio.NioSocketChannel.doFinishConnect(NioSocketChannel.java:327)
	at org.apache.ratis.thirdparty.io.netty.channel.nio.AbstractNioChannel$AbstractNioUnsafe.finishConnect(AbstractNioChannel.java:340)
	at org.apache.ratis.thirdparty.io.netty.channel.nio.NioEventLoop.processSelectedKey(NioEventLoop.java:632)
	at org.apache.ratis.thirdparty.io.netty.channel.nio.NioEventLoop.processSelectedKeysOptimized(NioEventLoop.java:579)
	at org.apache.ratis.thirdparty.io.netty.channel.nio.NioEventLoop.processSelectedKeys(NioEventLoop.java:496)
	at org.apache.ratis.thirdparty.io.netty.channel.nio.NioEventLoop.run(NioEventLoop.java:458)
	at org.apache.ratis.thirdparty.io.netty.util.concurrent.SingleThreadEventExecutor$5.run(SingleThreadEventExecutor.java:897)
	at org.apache.ratis.thirdparty.io.netty.util.concurrent.FastThreadLocalRunnable.run(FastThreadLocalRunnable.java:30)
	... 1 more
Caused by: java.net.ConnectException: Connection refused
	... 11 more
2019-10-22 00:13:24,419 [2fdb3e93-e0d8-400e-8c33-91e2341b50c6@group-F01152B53F91-LeaderElection263] INFO  impl.LeaderElection (LogUtils.java:infoOrTrace(149)) - 2fdb3e93-e0d8-400e-8c33-91e2341b50c6@group-F01152B53F91-LeaderElection263 got exception when requesting votes: {}
java.util.concurrent.ExecutionException: org.apache.ratis.thirdparty.io.grpc.StatusRuntimeException: UNAVAILABLE: io exception
	at java.util.concurrent.FutureTask.report(FutureTask.java:122)
	at java.util.concurrent.FutureTask.get(FutureTask.java:192)
	at org.apache.ratis.server.impl.LeaderElection.waitForResults(LeaderElection.java:259)
	at org.apache.ratis.server.impl.LeaderElection.askForVotes(LeaderElection.java:197)
	at org.apache.ratis.server.impl.LeaderElection.run(LeaderElection.java:133)
	at java.lang.Thread.run(Thread.java:748)
Caused by: org.apache.ratis.thirdparty.io.grpc.StatusRuntimeException: UNAVAILABLE: io exception
	at org.apache.ratis.thirdparty.io.grpc.stub.ClientCalls.toStatusRuntimeException(ClientCalls.java:233)
	at org.apache.ratis.thirdparty.io.grpc.stub.ClientCalls.getUnchecked(ClientCalls.java:214)
	at org.apache.ratis.thirdparty.io.grpc.stub.ClientCalls.blockingUnaryCall(ClientCalls.java:139)
	at org.apache.ratis.proto.grpc.RaftServerProtocolServiceGrpc$RaftServerProtocolServiceBlockingStub.requestVote(RaftServerProtocolServiceGrpc.java:265)
	at org.apache.ratis.grpc.server.GrpcServerProtocolClient.requestVote(GrpcServerProtocolClient.java:99)
	at org.apache.ratis.grpc.server.GrpcService.requestVote(GrpcService.java:204)
	at org.apache.ratis.server.impl.LeaderElection.lambda$submitRequests$1(LeaderElection.java:234)
	at java.util.concurrent.FutureTask.run(FutureTask.java:266)
	at java.util.concurrent.Executors$RunnableAdapter.call(Executors.java:511)
	at java.util.concurrent.FutureTask.run(FutureTask.java:266)
	at java.util.concurrent.ThreadPoolExecutor.runWorker(ThreadPoolExecutor.java:1149)
	at java.util.concurrent.ThreadPoolExecutor$Worker.run(ThreadPoolExecutor.java:624)
	... 1 more
Caused by: org.apache.ratis.thirdparty.io.netty.channel.AbstractChannel$AnnotatedConnectException: Connection refused: /192.168.157.254:36038
	at sun.nio.ch.SocketChannelImpl.checkConnect(Native Method)
	at sun.nio.ch.SocketChannelImpl.finishConnect(SocketChannelImpl.java:717)
	at org.apache.ratis.thirdparty.io.netty.channel.socket.nio.NioSocketChannel.doFinishConnect(NioSocketChannel.java:327)
	at org.apache.ratis.thirdparty.io.netty.channel.nio.AbstractNioChannel$AbstractNioUnsafe.finishConnect(AbstractNioChannel.java:340)
	at org.apache.ratis.thirdparty.io.netty.channel.nio.NioEventLoop.processSelectedKey(NioEventLoop.java:632)
	at org.apache.ratis.thirdparty.io.netty.channel.nio.NioEventLoop.processSelectedKeysOptimized(NioEventLoop.java:579)
	at org.apache.ratis.thirdparty.io.netty.channel.nio.NioEventLoop.processSelectedKeys(NioEventLoop.java:496)
	at org.apache.ratis.thirdparty.io.netty.channel.nio.NioEventLoop.run(NioEventLoop.java:458)
	at org.apache.ratis.thirdparty.io.netty.util.concurrent.SingleThreadEventExecutor$5.run(SingleThreadEventExecutor.java:897)
	at org.apache.ratis.thirdparty.io.netty.util.concurrent.FastThreadLocalRunnable.run(FastThreadLocalRunnable.java:30)
	... 1 more
Caused by: java.net.ConnectException: Connection refused
	... 11 more
2019-10-22 00:13:24,419 [2fdb3e93-e0d8-400e-8c33-91e2341b50c6@group-F01152B53F91-LeaderElection263] INFO  impl.LeaderElection (LeaderElection.java:logAndReturn(56)) - 2fdb3e93-e0d8-400e-8c33-91e2341b50c6@group-F01152B53F91-LeaderElection263: Election REJECTED; received 0 response(s) [] and 2 exception(s); 2fdb3e93-e0d8-400e-8c33-91e2341b50c6@group-F01152B53F91:t262, leader=null, voted=2fdb3e93-e0d8-400e-8c33-91e2341b50c6, raftlog=2fdb3e93-e0d8-400e-8c33-91e2341b50c6@group-F01152B53F91-SegmentedRaftLog:OPENED:c-1,f-1,i0, conf=-1: [2fdb3e93-e0d8-400e-8c33-91e2341b50c6:192.168.157.254:43254, 062c71de-08d9-40ee-9309-15590e2e8e68:192.168.157.254:45598, 2a52019e-5647-44e1-bf30-9a43fd8a7377:192.168.157.254:36038], old=null
2019-10-22 00:13:24,419 [2fdb3e93-e0d8-400e-8c33-91e2341b50c6@group-F01152B53F91-LeaderElection263] INFO  impl.LeaderElection (LogUtils.java:infoOrTrace(149)) -   Exception 0: {}
java.util.concurrent.ExecutionException: org.apache.ratis.thirdparty.io.grpc.StatusRuntimeException: UNAVAILABLE: io exception
	at java.util.concurrent.FutureTask.report(FutureTask.java:122)
	at java.util.concurrent.FutureTask.get(FutureTask.java:192)
	at org.apache.ratis.server.impl.LeaderElection.waitForResults(LeaderElection.java:259)
	at org.apache.ratis.server.impl.LeaderElection.askForVotes(LeaderElection.java:197)
	at org.apache.ratis.server.impl.LeaderElection.run(LeaderElection.java:133)
	at java.lang.Thread.run(Thread.java:748)
Caused by: org.apache.ratis.thirdparty.io.grpc.StatusRuntimeException: UNAVAILABLE: io exception
	at org.apache.ratis.thirdparty.io.grpc.stub.ClientCalls.toStatusRuntimeException(ClientCalls.java:233)
	at org.apache.ratis.thirdparty.io.grpc.stub.ClientCalls.getUnchecked(ClientCalls.java:214)
	at org.apache.ratis.thirdparty.io.grpc.stub.ClientCalls.blockingUnaryCall(ClientCalls.java:139)
	at org.apache.ratis.proto.grpc.RaftServerProtocolServiceGrpc$RaftServerProtocolServiceBlockingStub.requestVote(RaftServerProtocolServiceGrpc.java:265)
	at org.apache.ratis.grpc.server.GrpcServerProtocolClient.requestVote(GrpcServerProtocolClient.java:99)
	at org.apache.ratis.grpc.server.GrpcService.requestVote(GrpcService.java:204)
	at org.apache.ratis.server.impl.LeaderElection.lambda$submitRequests$1(LeaderElection.java:234)
	at java.util.concurrent.FutureTask.run(FutureTask.java:266)
	at java.util.concurrent.Executors$RunnableAdapter.call(Executors.java:511)
	at java.util.concurrent.FutureTask.run(FutureTask.java:266)
	at java.util.concurrent.ThreadPoolExecutor.runWorker(ThreadPoolExecutor.java:1149)
	at java.util.concurrent.ThreadPoolExecutor$Worker.run(ThreadPoolExecutor.java:624)
	... 1 more
Caused by: org.apache.ratis.thirdparty.io.netty.channel.AbstractChannel$AnnotatedConnectException: Connection refused: /192.168.157.254:45598
	at sun.nio.ch.SocketChannelImpl.checkConnect(Native Method)
	at sun.nio.ch.SocketChannelImpl.finishConnect(SocketChannelImpl.java:717)
	at org.apache.ratis.thirdparty.io.netty.channel.socket.nio.NioSocketChannel.doFinishConnect(NioSocketChannel.java:327)
	at org.apache.ratis.thirdparty.io.netty.channel.nio.AbstractNioChannel$AbstractNioUnsafe.finishConnect(AbstractNioChannel.java:340)
	at org.apache.ratis.thirdparty.io.netty.channel.nio.NioEventLoop.processSelectedKey(NioEventLoop.java:632)
	at org.apache.ratis.thirdparty.io.netty.channel.nio.NioEventLoop.processSelectedKeysOptimized(NioEventLoop.java:579)
	at org.apache.ratis.thirdparty.io.netty.channel.nio.NioEventLoop.processSelectedKeys(NioEventLoop.java:496)
	at org.apache.ratis.thirdparty.io.netty.channel.nio.NioEventLoop.run(NioEventLoop.java:458)
	at org.apache.ratis.thirdparty.io.netty.util.concurrent.SingleThreadEventExecutor$5.run(SingleThreadEventExecutor.java:897)
	at org.apache.ratis.thirdparty.io.netty.util.concurrent.FastThreadLocalRunnable.run(FastThreadLocalRunnable.java:30)
	... 1 more
Caused by: java.net.ConnectException: Connection refused
	... 11 more
2019-10-22 00:13:24,420 [2fdb3e93-e0d8-400e-8c33-91e2341b50c6@group-F01152B53F91-LeaderElection263] INFO  impl.LeaderElection (LogUtils.java:infoOrTrace(149)) -   Exception 1: {}
java.util.concurrent.ExecutionException: org.apache.ratis.thirdparty.io.grpc.StatusRuntimeException: UNAVAILABLE: io exception
	at java.util.concurrent.FutureTask.report(FutureTask.java:122)
	at java.util.concurrent.FutureTask.get(FutureTask.java:192)
	at org.apache.ratis.server.impl.LeaderElection.waitForResults(LeaderElection.java:259)
	at org.apache.ratis.server.impl.LeaderElection.askForVotes(LeaderElection.java:197)
	at org.apache.ratis.server.impl.LeaderElection.run(LeaderElection.java:133)
	at java.lang.Thread.run(Thread.java:748)
Caused by: org.apache.ratis.thirdparty.io.grpc.StatusRuntimeException: UNAVAILABLE: io exception
	at org.apache.ratis.thirdparty.io.grpc.stub.ClientCalls.toStatusRuntimeException(ClientCalls.java:233)
	at org.apache.ratis.thirdparty.io.grpc.stub.ClientCalls.getUnchecked(ClientCalls.java:214)
	at org.apache.ratis.thirdparty.io.grpc.stub.ClientCalls.blockingUnaryCall(ClientCalls.java:139)
	at org.apache.ratis.proto.grpc.RaftServerProtocolServiceGrpc$RaftServerProtocolServiceBlockingStub.requestVote(RaftServerProtocolServiceGrpc.java:265)
	at org.apache.ratis.grpc.server.GrpcServerProtocolClient.requestVote(GrpcServerProtocolClient.java:99)
	at org.apache.ratis.grpc.server.GrpcService.requestVote(GrpcService.java:204)
	at org.apache.ratis.server.impl.LeaderElection.lambda$submitRequests$1(LeaderElection.java:234)
	at java.util.concurrent.FutureTask.run(FutureTask.java:266)
	at java.util.concurrent.Executors$RunnableAdapter.call(Executors.java:511)
	at java.util.concurrent.FutureTask.run(FutureTask.java:266)
	at java.util.concurrent.ThreadPoolExecutor.runWorker(ThreadPoolExecutor.java:1149)
	at java.util.concurrent.ThreadPoolExecutor$Worker.run(ThreadPoolExecutor.java:624)
	... 1 more
Caused by: org.apache.ratis.thirdparty.io.netty.channel.AbstractChannel$AnnotatedConnectException: Connection refused: /192.168.157.254:36038
	at sun.nio.ch.SocketChannelImpl.checkConnect(Native Method)
	at sun.nio.ch.SocketChannelImpl.finishConnect(SocketChannelImpl.java:717)
	at org.apache.ratis.thirdparty.io.netty.channel.socket.nio.NioSocketChannel.doFinishConnect(NioSocketChannel.java:327)
	at org.apache.ratis.thirdparty.io.netty.channel.nio.AbstractNioChannel$AbstractNioUnsafe.finishConnect(AbstractNioChannel.java:340)
	at org.apache.ratis.thirdparty.io.netty.channel.nio.NioEventLoop.processSelectedKey(NioEventLoop.java:632)
	at org.apache.ratis.thirdparty.io.netty.channel.nio.NioEventLoop.processSelectedKeysOptimized(NioEventLoop.java:579)
	at org.apache.ratis.thirdparty.io.netty.channel.nio.NioEventLoop.processSelectedKeys(NioEventLoop.java:496)
	at org.apache.ratis.thirdparty.io.netty.channel.nio.NioEventLoop.run(NioEventLoop.java:458)
	at org.apache.ratis.thirdparty.io.netty.util.concurrent.SingleThreadEventExecutor$5.run(SingleThreadEventExecutor.java:897)
	at org.apache.ratis.thirdparty.io.netty.util.concurrent.FastThreadLocalRunnable.run(FastThreadLocalRunnable.java:30)
	... 1 more
Caused by: java.net.ConnectException: Connection refused
	... 11 more
2019-10-22 00:13:24,420 [2fdb3e93-e0d8-400e-8c33-91e2341b50c6@group-F01152B53F91-LeaderElection263] INFO  impl.RaftServerImpl (RaftServerImpl.java:setRole(184)) - 2fdb3e93-e0d8-400e-8c33-91e2341b50c6@group-F01152B53F91: changes role from CANDIDATE to FOLLOWER at term 262 for DISCOVERED_A_NEW_TERM
2019-10-22 00:13:24,420 [2fdb3e93-e0d8-400e-8c33-91e2341b50c6@group-F01152B53F91-LeaderElection263] INFO  impl.RoleInfo (RoleInfo.java:shutdownLeaderElection(134)) - 2fdb3e93-e0d8-400e-8c33-91e2341b50c6: shutdown LeaderElection
2019-10-22 00:13:24,420 [2fdb3e93-e0d8-400e-8c33-91e2341b50c6@group-F01152B53F91-LeaderElection263] INFO  impl.RoleInfo (RoleInfo.java:updateAndGet(143)) - 2fdb3e93-e0d8-400e-8c33-91e2341b50c6: start FollowerState
2019-10-22 00:13:24,533 [Thread-2097] INFO  impl.FollowerState (FollowerState.java:run(108)) - 2fdb3e93-e0d8-400e-8c33-91e2341b50c6@group-F01152B53F91-FollowerState: change to CANDIDATE, lastRpcTime:112ms, electionTimeout:112ms
2019-10-22 00:13:24,533 [Thread-2097] INFO  impl.RoleInfo (RoleInfo.java:shutdownFollowerState(121)) - 2fdb3e93-e0d8-400e-8c33-91e2341b50c6: shutdown FollowerState
2019-10-22 00:13:24,533 [Thread-2097] INFO  impl.RaftServerImpl (RaftServerImpl.java:setRole(184)) - 2fdb3e93-e0d8-400e-8c33-91e2341b50c6@group-F01152B53F91: changes role from  FOLLOWER to CANDIDATE at term 262 for changeToCandidate
2019-10-22 00:13:24,533 [Thread-2097] INFO  impl.RoleInfo (RoleInfo.java:updateAndGet(143)) - 2fdb3e93-e0d8-400e-8c33-91e2341b50c6: start LeaderElection
2019-10-22 00:13:24,546 [2fdb3e93-e0d8-400e-8c33-91e2341b50c6@group-F01152B53F91-LeaderElection264] INFO  impl.LeaderElection (LeaderElection.java:askForVotes(178)) - 2fdb3e93-e0d8-400e-8c33-91e2341b50c6@group-F01152B53F91-LeaderElection264: begin an election at term 263 for -1: [2fdb3e93-e0d8-400e-8c33-91e2341b50c6:192.168.157.254:43254, 062c71de-08d9-40ee-9309-15590e2e8e68:192.168.157.254:45598, 2a52019e-5647-44e1-bf30-9a43fd8a7377:192.168.157.254:36038], old=null
2019-10-22 00:13:24,547 [2fdb3e93-e0d8-400e-8c33-91e2341b50c6@group-F01152B53F91-LeaderElection264] INFO  impl.LeaderElection (LogUtils.java:infoOrTrace(149)) - 2fdb3e93-e0d8-400e-8c33-91e2341b50c6@group-F01152B53F91-LeaderElection264 got exception when requesting votes: {}
java.util.concurrent.ExecutionException: org.apache.ratis.thirdparty.io.grpc.StatusRuntimeException: UNAVAILABLE: io exception
	at java.util.concurrent.FutureTask.report(FutureTask.java:122)
	at java.util.concurrent.FutureTask.get(FutureTask.java:192)
	at org.apache.ratis.server.impl.LeaderElection.waitForResults(LeaderElection.java:259)
	at org.apache.ratis.server.impl.LeaderElection.askForVotes(LeaderElection.java:197)
	at org.apache.ratis.server.impl.LeaderElection.run(LeaderElection.java:133)
	at java.lang.Thread.run(Thread.java:748)
Caused by: org.apache.ratis.thirdparty.io.grpc.StatusRuntimeException: UNAVAILABLE: io exception
	at org.apache.ratis.thirdparty.io.grpc.stub.ClientCalls.toStatusRuntimeException(ClientCalls.java:233)
	at org.apache.ratis.thirdparty.io.grpc.stub.ClientCalls.getUnchecked(ClientCalls.java:214)
	at org.apache.ratis.thirdparty.io.grpc.stub.ClientCalls.blockingUnaryCall(ClientCalls.java:139)
	at org.apache.ratis.proto.grpc.RaftServerProtocolServiceGrpc$RaftServerProtocolServiceBlockingStub.requestVote(RaftServerProtocolServiceGrpc.java:265)
	at org.apache.ratis.grpc.server.GrpcServerProtocolClient.requestVote(GrpcServerProtocolClient.java:99)
	at org.apache.ratis.grpc.server.GrpcService.requestVote(GrpcService.java:204)
	at org.apache.ratis.server.impl.LeaderElection.lambda$submitRequests$1(LeaderElection.java:234)
	at java.util.concurrent.FutureTask.run(FutureTask.java:266)
	at java.util.concurrent.Executors$RunnableAdapter.call(Executors.java:511)
	at java.util.concurrent.FutureTask.run(FutureTask.java:266)
	at java.util.concurrent.ThreadPoolExecutor.runWorker(ThreadPoolExecutor.java:1149)
	at java.util.concurrent.ThreadPoolExecutor$Worker.run(ThreadPoolExecutor.java:624)
	... 1 more
Caused by: org.apache.ratis.thirdparty.io.netty.channel.AbstractChannel$AnnotatedConnectException: Connection refused: /192.168.157.254:45598
	at sun.nio.ch.SocketChannelImpl.checkConnect(Native Method)
	at sun.nio.ch.SocketChannelImpl.finishConnect(SocketChannelImpl.java:717)
	at org.apache.ratis.thirdparty.io.netty.channel.socket.nio.NioSocketChannel.doFinishConnect(NioSocketChannel.java:327)
	at org.apache.ratis.thirdparty.io.netty.channel.nio.AbstractNioChannel$AbstractNioUnsafe.finishConnect(AbstractNioChannel.java:340)
	at org.apache.ratis.thirdparty.io.netty.channel.nio.NioEventLoop.processSelectedKey(NioEventLoop.java:632)
	at org.apache.ratis.thirdparty.io.netty.channel.nio.NioEventLoop.processSelectedKeysOptimized(NioEventLoop.java:579)
	at org.apache.ratis.thirdparty.io.netty.channel.nio.NioEventLoop.processSelectedKeys(NioEventLoop.java:496)
	at org.apache.ratis.thirdparty.io.netty.channel.nio.NioEventLoop.run(NioEventLoop.java:458)
	at org.apache.ratis.thirdparty.io.netty.util.concurrent.SingleThreadEventExecutor$5.run(SingleThreadEventExecutor.java:897)
	at org.apache.ratis.thirdparty.io.netty.util.concurrent.FastThreadLocalRunnable.run(FastThreadLocalRunnable.java:30)
	... 1 more
Caused by: java.net.ConnectException: Connection refused
	... 11 more
2019-10-22 00:13:24,547 [2fdb3e93-e0d8-400e-8c33-91e2341b50c6@group-F01152B53F91-LeaderElection264] INFO  impl.LeaderElection (LogUtils.java:infoOrTrace(149)) - 2fdb3e93-e0d8-400e-8c33-91e2341b50c6@group-F01152B53F91-LeaderElection264 got exception when requesting votes: {}
java.util.concurrent.ExecutionException: org.apache.ratis.thirdparty.io.grpc.StatusRuntimeException: UNAVAILABLE: io exception
	at java.util.concurrent.FutureTask.report(FutureTask.java:122)
	at java.util.concurrent.FutureTask.get(FutureTask.java:192)
	at org.apache.ratis.server.impl.LeaderElection.waitForResults(LeaderElection.java:259)
	at org.apache.ratis.server.impl.LeaderElection.askForVotes(LeaderElection.java:197)
	at org.apache.ratis.server.impl.LeaderElection.run(LeaderElection.java:133)
	at java.lang.Thread.run(Thread.java:748)
Caused by: org.apache.ratis.thirdparty.io.grpc.StatusRuntimeException: UNAVAILABLE: io exception
	at org.apache.ratis.thirdparty.io.grpc.stub.ClientCalls.toStatusRuntimeException(ClientCalls.java:233)
	at org.apache.ratis.thirdparty.io.grpc.stub.ClientCalls.getUnchecked(ClientCalls.java:214)
	at org.apache.ratis.thirdparty.io.grpc.stub.ClientCalls.blockingUnaryCall(ClientCalls.java:139)
	at org.apache.ratis.proto.grpc.RaftServerProtocolServiceGrpc$RaftServerProtocolServiceBlockingStub.requestVote(RaftServerProtocolServiceGrpc.java:265)
	at org.apache.ratis.grpc.server.GrpcServerProtocolClient.requestVote(GrpcServerProtocolClient.java:99)
	at org.apache.ratis.grpc.server.GrpcService.requestVote(GrpcService.java:204)
	at org.apache.ratis.server.impl.LeaderElection.lambda$submitRequests$1(LeaderElection.java:234)
	at java.util.concurrent.FutureTask.run(FutureTask.java:266)
	at java.util.concurrent.Executors$RunnableAdapter.call(Executors.java:511)
	at java.util.concurrent.FutureTask.run(FutureTask.java:266)
	at java.util.concurrent.ThreadPoolExecutor.runWorker(ThreadPoolExecutor.java:1149)
	at java.util.concurrent.ThreadPoolExecutor$Worker.run(ThreadPoolExecutor.java:624)
	... 1 more
Caused by: org.apache.ratis.thirdparty.io.netty.channel.AbstractChannel$AnnotatedConnectException: Connection refused: /192.168.157.254:36038
	at sun.nio.ch.SocketChannelImpl.checkConnect(Native Method)
	at sun.nio.ch.SocketChannelImpl.finishConnect(SocketChannelImpl.java:717)
	at org.apache.ratis.thirdparty.io.netty.channel.socket.nio.NioSocketChannel.doFinishConnect(NioSocketChannel.java:327)
	at org.apache.ratis.thirdparty.io.netty.channel.nio.AbstractNioChannel$AbstractNioUnsafe.finishConnect(AbstractNioChannel.java:340)
	at org.apache.ratis.thirdparty.io.netty.channel.nio.NioEventLoop.processSelectedKey(NioEventLoop.java:632)
	at org.apache.ratis.thirdparty.io.netty.channel.nio.NioEventLoop.processSelectedKeysOptimized(NioEventLoop.java:579)
	at org.apache.ratis.thirdparty.io.netty.channel.nio.NioEventLoop.processSelectedKeys(NioEventLoop.java:496)
	at org.apache.ratis.thirdparty.io.netty.channel.nio.NioEventLoop.run(NioEventLoop.java:458)
	at org.apache.ratis.thirdparty.io.netty.util.concurrent.SingleThreadEventExecutor$5.run(SingleThreadEventExecutor.java:897)
	at org.apache.ratis.thirdparty.io.netty.util.concurrent.FastThreadLocalRunnable.run(FastThreadLocalRunnable.java:30)
	... 1 more
Caused by: java.net.ConnectException: Connection refused
	... 11 more
2019-10-22 00:13:24,548 [2fdb3e93-e0d8-400e-8c33-91e2341b50c6@group-F01152B53F91-LeaderElection264] INFO  impl.LeaderElection (LeaderElection.java:logAndReturn(56)) - 2fdb3e93-e0d8-400e-8c33-91e2341b50c6@group-F01152B53F91-LeaderElection264: Election REJECTED; received 0 response(s) [] and 2 exception(s); 2fdb3e93-e0d8-400e-8c33-91e2341b50c6@group-F01152B53F91:t263, leader=null, voted=2fdb3e93-e0d8-400e-8c33-91e2341b50c6, raftlog=2fdb3e93-e0d8-400e-8c33-91e2341b50c6@group-F01152B53F91-SegmentedRaftLog:OPENED:c-1,f-1,i0, conf=-1: [2fdb3e93-e0d8-400e-8c33-91e2341b50c6:192.168.157.254:43254, 062c71de-08d9-40ee-9309-15590e2e8e68:192.168.157.254:45598, 2a52019e-5647-44e1-bf30-9a43fd8a7377:192.168.157.254:36038], old=null
2019-10-22 00:13:24,548 [2fdb3e93-e0d8-400e-8c33-91e2341b50c6@group-F01152B53F91-LeaderElection264] INFO  impl.LeaderElection (LogUtils.java:infoOrTrace(149)) -   Exception 0: {}
java.util.concurrent.ExecutionException: org.apache.ratis.thirdparty.io.grpc.StatusRuntimeException: UNAVAILABLE: io exception
	at java.util.concurrent.FutureTask.report(FutureTask.java:122)
	at java.util.concurrent.FutureTask.get(FutureTask.java:192)
	at org.apache.ratis.server.impl.LeaderElection.waitForResults(LeaderElection.java:259)
	at org.apache.ratis.server.impl.LeaderElection.askForVotes(LeaderElection.java:197)
	at org.apache.ratis.server.impl.LeaderElection.run(LeaderElection.java:133)
	at java.lang.Thread.run(Thread.java:748)
Caused by: org.apache.ratis.thirdparty.io.grpc.StatusRuntimeException: UNAVAILABLE: io exception
	at org.apache.ratis.thirdparty.io.grpc.stub.ClientCalls.toStatusRuntimeException(ClientCalls.java:233)
	at org.apache.ratis.thirdparty.io.grpc.stub.ClientCalls.getUnchecked(ClientCalls.java:214)
	at org.apache.ratis.thirdparty.io.grpc.stub.ClientCalls.blockingUnaryCall(ClientCalls.java:139)
	at org.apache.ratis.proto.grpc.RaftServerProtocolServiceGrpc$RaftServerProtocolServiceBlockingStub.requestVote(RaftServerProtocolServiceGrpc.java:265)
	at org.apache.ratis.grpc.server.GrpcServerProtocolClient.requestVote(GrpcServerProtocolClient.java:99)
	at org.apache.ratis.grpc.server.GrpcService.requestVote(GrpcService.java:204)
	at org.apache.ratis.server.impl.LeaderElection.lambda$submitRequests$1(LeaderElection.java:234)
	at java.util.concurrent.FutureTask.run(FutureTask.java:266)
	at java.util.concurrent.Executors$RunnableAdapter.call(Executors.java:511)
	at java.util.concurrent.FutureTask.run(FutureTask.java:266)
	at java.util.concurrent.ThreadPoolExecutor.runWorker(ThreadPoolExecutor.java:1149)
	at java.util.concurrent.ThreadPoolExecutor$Worker.run(ThreadPoolExecutor.java:624)
	... 1 more
Caused by: org.apache.ratis.thirdparty.io.netty.channel.AbstractChannel$AnnotatedConnectException: Connection refused: /192.168.157.254:45598
	at sun.nio.ch.SocketChannelImpl.checkConnect(Native Method)
	at sun.nio.ch.SocketChannelImpl.finishConnect(SocketChannelImpl.java:717)
	at org.apache.ratis.thirdparty.io.netty.channel.socket.nio.NioSocketChannel.doFinishConnect(NioSocketChannel.java:327)
	at org.apache.ratis.thirdparty.io.netty.channel.nio.AbstractNioChannel$AbstractNioUnsafe.finishConnect(AbstractNioChannel.java:340)
	at org.apache.ratis.thirdparty.io.netty.channel.nio.NioEventLoop.processSelectedKey(NioEventLoop.java:632)
	at org.apache.ratis.thirdparty.io.netty.channel.nio.NioEventLoop.processSelectedKeysOptimized(NioEventLoop.java:579)
	at org.apache.ratis.thirdparty.io.netty.channel.nio.NioEventLoop.processSelectedKeys(NioEventLoop.java:496)
	at org.apache.ratis.thirdparty.io.netty.channel.nio.NioEventLoop.run(NioEventLoop.java:458)
	at org.apache.ratis.thirdparty.io.netty.util.concurrent.SingleThreadEventExecutor$5.run(SingleThreadEventExecutor.java:897)
	at org.apache.ratis.thirdparty.io.netty.util.concurrent.FastThreadLocalRunnable.run(FastThreadLocalRunnable.java:30)
	... 1 more
Caused by: java.net.ConnectException: Connection refused
	... 11 more
2019-10-22 00:13:24,548 [2fdb3e93-e0d8-400e-8c33-91e2341b50c6@group-F01152B53F91-LeaderElection264] INFO  impl.LeaderElection (LogUtils.java:infoOrTrace(149)) -   Exception 1: {}
java.util.concurrent.ExecutionException: org.apache.ratis.thirdparty.io.grpc.StatusRuntimeException: UNAVAILABLE: io exception
	at java.util.concurrent.FutureTask.report(FutureTask.java:122)
	at java.util.concurrent.FutureTask.get(FutureTask.java:192)
	at org.apache.ratis.server.impl.LeaderElection.waitForResults(LeaderElection.java:259)
	at org.apache.ratis.server.impl.LeaderElection.askForVotes(LeaderElection.java:197)
	at org.apache.ratis.server.impl.LeaderElection.run(LeaderElection.java:133)
	at java.lang.Thread.run(Thread.java:748)
Caused by: org.apache.ratis.thirdparty.io.grpc.StatusRuntimeException: UNAVAILABLE: io exception
	at org.apache.ratis.thirdparty.io.grpc.stub.ClientCalls.toStatusRuntimeException(ClientCalls.java:233)
	at org.apache.ratis.thirdparty.io.grpc.stub.ClientCalls.getUnchecked(ClientCalls.java:214)
	at org.apache.ratis.thirdparty.io.grpc.stub.ClientCalls.blockingUnaryCall(ClientCalls.java:139)
	at org.apache.ratis.proto.grpc.RaftServerProtocolServiceGrpc$RaftServerProtocolServiceBlockingStub.requestVote(RaftServerProtocolServiceGrpc.java:265)
	at org.apache.ratis.grpc.server.GrpcServerProtocolClient.requestVote(GrpcServerProtocolClient.java:99)
	at org.apache.ratis.grpc.server.GrpcService.requestVote(GrpcService.java:204)
	at org.apache.ratis.server.impl.LeaderElection.lambda$submitRequests$1(LeaderElection.java:234)
	at java.util.concurrent.FutureTask.run(FutureTask.java:266)
	at java.util.concurrent.Executors$RunnableAdapter.call(Executors.java:511)
	at java.util.concurrent.FutureTask.run(FutureTask.java:266)
	at java.util.concurrent.ThreadPoolExecutor.runWorker(ThreadPoolExecutor.java:1149)
	at java.util.concurrent.ThreadPoolExecutor$Worker.run(ThreadPoolExecutor.java:624)
	... 1 more
Caused by: org.apache.ratis.thirdparty.io.netty.channel.AbstractChannel$AnnotatedConnectException: Connection refused: /192.168.157.254:36038
	at sun.nio.ch.SocketChannelImpl.checkConnect(Native Method)
	at sun.nio.ch.SocketChannelImpl.finishConnect(SocketChannelImpl.java:717)
	at org.apache.ratis.thirdparty.io.netty.channel.socket.nio.NioSocketChannel.doFinishConnect(NioSocketChannel.java:327)
	at org.apache.ratis.thirdparty.io.netty.channel.nio.AbstractNioChannel$AbstractNioUnsafe.finishConnect(AbstractNioChannel.java:340)
	at org.apache.ratis.thirdparty.io.netty.channel.nio.NioEventLoop.processSelectedKey(NioEventLoop.java:632)
	at org.apache.ratis.thirdparty.io.netty.channel.nio.NioEventLoop.processSelectedKeysOptimized(NioEventLoop.java:579)
	at org.apache.ratis.thirdparty.io.netty.channel.nio.NioEventLoop.processSelectedKeys(NioEventLoop.java:496)
	at org.apache.ratis.thirdparty.io.netty.channel.nio.NioEventLoop.run(NioEventLoop.java:458)
	at org.apache.ratis.thirdparty.io.netty.util.concurrent.SingleThreadEventExecutor$5.run(SingleThreadEventExecutor.java:897)
	at org.apache.ratis.thirdparty.io.netty.util.concurrent.FastThreadLocalRunnable.run(FastThreadLocalRunnable.java:30)
	... 1 more
Caused by: java.net.ConnectException: Connection refused
	... 11 more
2019-10-22 00:13:24,548 [2fdb3e93-e0d8-400e-8c33-91e2341b50c6@group-F01152B53F91-LeaderElection264] INFO  impl.RaftServerImpl (RaftServerImpl.java:setRole(184)) - 2fdb3e93-e0d8-400e-8c33-91e2341b50c6@group-F01152B53F91: changes role from CANDIDATE to FOLLOWER at term 263 for DISCOVERED_A_NEW_TERM
2019-10-22 00:13:24,549 [2fdb3e93-e0d8-400e-8c33-91e2341b50c6@group-F01152B53F91-LeaderElection264] INFO  impl.RoleInfo (RoleInfo.java:shutdownLeaderElection(134)) - 2fdb3e93-e0d8-400e-8c33-91e2341b50c6: shutdown LeaderElection
2019-10-22 00:13:24,549 [2fdb3e93-e0d8-400e-8c33-91e2341b50c6@group-F01152B53F91-LeaderElection264] INFO  impl.RoleInfo (RoleInfo.java:updateAndGet(143)) - 2fdb3e93-e0d8-400e-8c33-91e2341b50c6: start FollowerState
2019-10-22 00:13:24,625 [Thread-2101] INFO  impl.FollowerState (FollowerState.java:run(108)) - 2fdb3e93-e0d8-400e-8c33-91e2341b50c6@group-F01152B53F91-FollowerState: change to CANDIDATE, lastRpcTime:76ms, electionTimeout:76ms
2019-10-22 00:13:24,625 [Thread-2101] INFO  impl.RoleInfo (RoleInfo.java:shutdownFollowerState(121)) - 2fdb3e93-e0d8-400e-8c33-91e2341b50c6: shutdown FollowerState
2019-10-22 00:13:24,625 [Thread-2101] INFO  impl.RaftServerImpl (RaftServerImpl.java:setRole(184)) - 2fdb3e93-e0d8-400e-8c33-91e2341b50c6@group-F01152B53F91: changes role from  FOLLOWER to CANDIDATE at term 263 for changeToCandidate
2019-10-22 00:13:24,625 [Thread-2101] INFO  impl.RoleInfo (RoleInfo.java:updateAndGet(143)) - 2fdb3e93-e0d8-400e-8c33-91e2341b50c6: start LeaderElection
2019-10-22 00:13:24,639 [2fdb3e93-e0d8-400e-8c33-91e2341b50c6@group-F01152B53F91-LeaderElection265] INFO  impl.LeaderElection (LeaderElection.java:askForVotes(178)) - 2fdb3e93-e0d8-400e-8c33-91e2341b50c6@group-F01152B53F91-LeaderElection265: begin an election at term 264 for -1: [2fdb3e93-e0d8-400e-8c33-91e2341b50c6:192.168.157.254:43254, 062c71de-08d9-40ee-9309-15590e2e8e68:192.168.157.254:45598, 2a52019e-5647-44e1-bf30-9a43fd8a7377:192.168.157.254:36038], old=null
2019-10-22 00:13:24,640 [2fdb3e93-e0d8-400e-8c33-91e2341b50c6@group-F01152B53F91-LeaderElection265] INFO  impl.LeaderElection (LogUtils.java:infoOrTrace(149)) - 2fdb3e93-e0d8-400e-8c33-91e2341b50c6@group-F01152B53F91-LeaderElection265 got exception when requesting votes: {}
java.util.concurrent.ExecutionException: org.apache.ratis.thirdparty.io.grpc.StatusRuntimeException: UNAVAILABLE: io exception
	at java.util.concurrent.FutureTask.report(FutureTask.java:122)
	at java.util.concurrent.FutureTask.get(FutureTask.java:192)
	at org.apache.ratis.server.impl.LeaderElection.waitForResults(LeaderElection.java:259)
	at org.apache.ratis.server.impl.LeaderElection.askForVotes(LeaderElection.java:197)
	at org.apache.ratis.server.impl.LeaderElection.run(LeaderElection.java:133)
	at java.lang.Thread.run(Thread.java:748)
Caused by: org.apache.ratis.thirdparty.io.grpc.StatusRuntimeException: UNAVAILABLE: io exception
	at org.apache.ratis.thirdparty.io.grpc.stub.ClientCalls.toStatusRuntimeException(ClientCalls.java:233)
	at org.apache.ratis.thirdparty.io.grpc.stub.ClientCalls.getUnchecked(ClientCalls.java:214)
	at org.apache.ratis.thirdparty.io.grpc.stub.ClientCalls.blockingUnaryCall(ClientCalls.java:139)
	at org.apache.ratis.proto.grpc.RaftServerProtocolServiceGrpc$RaftServerProtocolServiceBlockingStub.requestVote(RaftServerProtocolServiceGrpc.java:265)
	at org.apache.ratis.grpc.server.GrpcServerProtocolClient.requestVote(GrpcServerProtocolClient.java:99)
	at org.apache.ratis.grpc.server.GrpcService.requestVote(GrpcService.java:204)
	at org.apache.ratis.server.impl.LeaderElection.lambda$submitRequests$1(LeaderElection.java:234)
	at java.util.concurrent.FutureTask.run(FutureTask.java:266)
	at java.util.concurrent.Executors$RunnableAdapter.call(Executors.java:511)
	at java.util.concurrent.FutureTask.run(FutureTask.java:266)
	at java.util.concurrent.ThreadPoolExecutor.runWorker(ThreadPoolExecutor.java:1149)
	at java.util.concurrent.ThreadPoolExecutor$Worker.run(ThreadPoolExecutor.java:624)
	... 1 more
Caused by: org.apache.ratis.thirdparty.io.netty.channel.AbstractChannel$AnnotatedConnectException: Connection refused: /192.168.157.254:45598
	at sun.nio.ch.SocketChannelImpl.checkConnect(Native Method)
	at sun.nio.ch.SocketChannelImpl.finishConnect(SocketChannelImpl.java:717)
	at org.apache.ratis.thirdparty.io.netty.channel.socket.nio.NioSocketChannel.doFinishConnect(NioSocketChannel.java:327)
	at org.apache.ratis.thirdparty.io.netty.channel.nio.AbstractNioChannel$AbstractNioUnsafe.finishConnect(AbstractNioChannel.java:340)
	at org.apache.ratis.thirdparty.io.netty.channel.nio.NioEventLoop.processSelectedKey(NioEventLoop.java:632)
	at org.apache.ratis.thirdparty.io.netty.channel.nio.NioEventLoop.processSelectedKeysOptimized(NioEventLoop.java:579)
	at org.apache.ratis.thirdparty.io.netty.channel.nio.NioEventLoop.processSelectedKeys(NioEventLoop.java:496)
	at org.apache.ratis.thirdparty.io.netty.channel.nio.NioEventLoop.run(NioEventLoop.java:458)
	at org.apache.ratis.thirdparty.io.netty.util.concurrent.SingleThreadEventExecutor$5.run(SingleThreadEventExecutor.java:897)
	at org.apache.ratis.thirdparty.io.netty.util.concurrent.FastThreadLocalRunnable.run(FastThreadLocalRunnable.java:30)
	... 1 more
Caused by: java.net.ConnectException: Connection refused
	... 11 more
2019-10-22 00:13:24,640 [2fdb3e93-e0d8-400e-8c33-91e2341b50c6@group-F01152B53F91-LeaderElection265] INFO  impl.LeaderElection (LogUtils.java:infoOrTrace(149)) - 2fdb3e93-e0d8-400e-8c33-91e2341b50c6@group-F01152B53F91-LeaderElection265 got exception when requesting votes: {}
java.util.concurrent.ExecutionException: org.apache.ratis.thirdparty.io.grpc.StatusRuntimeException: UNAVAILABLE: io exception
	at java.util.concurrent.FutureTask.report(FutureTask.java:122)
	at java.util.concurrent.FutureTask.get(FutureTask.java:192)
	at org.apache.ratis.server.impl.LeaderElection.waitForResults(LeaderElection.java:259)
	at org.apache.ratis.server.impl.LeaderElection.askForVotes(LeaderElection.java:197)
	at org.apache.ratis.server.impl.LeaderElection.run(LeaderElection.java:133)
	at java.lang.Thread.run(Thread.java:748)
Caused by: org.apache.ratis.thirdparty.io.grpc.StatusRuntimeException: UNAVAILABLE: io exception
	at org.apache.ratis.thirdparty.io.grpc.stub.ClientCalls.toStatusRuntimeException(ClientCalls.java:233)
	at org.apache.ratis.thirdparty.io.grpc.stub.ClientCalls.getUnchecked(ClientCalls.java:214)
	at org.apache.ratis.thirdparty.io.grpc.stub.ClientCalls.blockingUnaryCall(ClientCalls.java:139)
	at org.apache.ratis.proto.grpc.RaftServerProtocolServiceGrpc$RaftServerProtocolServiceBlockingStub.requestVote(RaftServerProtocolServiceGrpc.java:265)
	at org.apache.ratis.grpc.server.GrpcServerProtocolClient.requestVote(GrpcServerProtocolClient.java:99)
	at org.apache.ratis.grpc.server.GrpcService.requestVote(GrpcService.java:204)
	at org.apache.ratis.server.impl.LeaderElection.lambda$submitRequests$1(LeaderElection.java:234)
	at java.util.concurrent.FutureTask.run(FutureTask.java:266)
	at java.util.concurrent.Executors$RunnableAdapter.call(Executors.java:511)
	at java.util.concurrent.FutureTask.run(FutureTask.java:266)
	at java.util.concurrent.ThreadPoolExecutor.runWorker(ThreadPoolExecutor.java:1149)
	at java.util.concurrent.ThreadPoolExecutor$Worker.run(ThreadPoolExecutor.java:624)
	... 1 more
Caused by: org.apache.ratis.thirdparty.io.netty.channel.AbstractChannel$AnnotatedConnectException: Connection refused: /192.168.157.254:36038
	at sun.nio.ch.SocketChannelImpl.checkConnect(Native Method)
	at sun.nio.ch.SocketChannelImpl.finishConnect(SocketChannelImpl.java:717)
	at org.apache.ratis.thirdparty.io.netty.channel.socket.nio.NioSocketChannel.doFinishConnect(NioSocketChannel.java:327)
	at org.apache.ratis.thirdparty.io.netty.channel.nio.AbstractNioChannel$AbstractNioUnsafe.finishConnect(AbstractNioChannel.java:340)
	at org.apache.ratis.thirdparty.io.netty.channel.nio.NioEventLoop.processSelectedKey(NioEventLoop.java:632)
	at org.apache.ratis.thirdparty.io.netty.channel.nio.NioEventLoop.processSelectedKeysOptimized(NioEventLoop.java:579)
	at org.apache.ratis.thirdparty.io.netty.channel.nio.NioEventLoop.processSelectedKeys(NioEventLoop.java:496)
	at org.apache.ratis.thirdparty.io.netty.channel.nio.NioEventLoop.run(NioEventLoop.java:458)
	at org.apache.ratis.thirdparty.io.netty.util.concurrent.SingleThreadEventExecutor$5.run(SingleThreadEventExecutor.java:897)
	at org.apache.ratis.thirdparty.io.netty.util.concurrent.FastThreadLocalRunnable.run(FastThreadLocalRunnable.java:30)
	... 1 more
Caused by: java.net.ConnectException: Connection refused
	... 11 more
2019-10-22 00:13:24,640 [2fdb3e93-e0d8-400e-8c33-91e2341b50c6@group-F01152B53F91-LeaderElection265] INFO  impl.LeaderElection (LeaderElection.java:logAndReturn(56)) - 2fdb3e93-e0d8-400e-8c33-91e2341b50c6@group-F01152B53F91-LeaderElection265: Election REJECTED; received 0 response(s) [] and 2 exception(s); 2fdb3e93-e0d8-400e-8c33-91e2341b50c6@group-F01152B53F91:t264, leader=null, voted=2fdb3e93-e0d8-400e-8c33-91e2341b50c6, raftlog=2fdb3e93-e0d8-400e-8c33-91e2341b50c6@group-F01152B53F91-SegmentedRaftLog:OPENED:c-1,f-1,i0, conf=-1: [2fdb3e93-e0d8-400e-8c33-91e2341b50c6:192.168.157.254:43254, 062c71de-08d9-40ee-9309-15590e2e8e68:192.168.157.254:45598, 2a52019e-5647-44e1-bf30-9a43fd8a7377:192.168.157.254:36038], old=null
2019-10-22 00:13:24,640 [2fdb3e93-e0d8-400e-8c33-91e2341b50c6@group-F01152B53F91-LeaderElection265] INFO  impl.LeaderElection (LogUtils.java:infoOrTrace(149)) -   Exception 0: {}
java.util.concurrent.ExecutionException: org.apache.ratis.thirdparty.io.grpc.StatusRuntimeException: UNAVAILABLE: io exception
	at java.util.concurrent.FutureTask.report(FutureTask.java:122)
	at java.util.concurrent.FutureTask.get(FutureTask.java:192)
	at org.apache.ratis.server.impl.LeaderElection.waitForResults(LeaderElection.java:259)
	at org.apache.ratis.server.impl.LeaderElection.askForVotes(LeaderElection.java:197)
	at org.apache.ratis.server.impl.LeaderElection.run(LeaderElection.java:133)
	at java.lang.Thread.run(Thread.java:748)
Caused by: org.apache.ratis.thirdparty.io.grpc.StatusRuntimeException: UNAVAILABLE: io exception
	at org.apache.ratis.thirdparty.io.grpc.stub.ClientCalls.toStatusRuntimeException(ClientCalls.java:233)
	at org.apache.ratis.thirdparty.io.grpc.stub.ClientCalls.getUnchecked(ClientCalls.java:214)
	at org.apache.ratis.thirdparty.io.grpc.stub.ClientCalls.blockingUnaryCall(ClientCalls.java:139)
	at org.apache.ratis.proto.grpc.RaftServerProtocolServiceGrpc$RaftServerProtocolServiceBlockingStub.requestVote(RaftServerProtocolServiceGrpc.java:265)
	at org.apache.ratis.grpc.server.GrpcServerProtocolClient.requestVote(GrpcServerProtocolClient.java:99)
	at org.apache.ratis.grpc.server.GrpcService.requestVote(GrpcService.java:204)
	at org.apache.ratis.server.impl.LeaderElection.lambda$submitRequests$1(LeaderElection.java:234)
	at java.util.concurrent.FutureTask.run(FutureTask.java:266)
	at java.util.concurrent.Executors$RunnableAdapter.call(Executors.java:511)
	at java.util.concurrent.FutureTask.run(FutureTask.java:266)
	at java.util.concurrent.ThreadPoolExecutor.runWorker(ThreadPoolExecutor.java:1149)
	at java.util.concurrent.ThreadPoolExecutor$Worker.run(ThreadPoolExecutor.java:624)
	... 1 more
Caused by: org.apache.ratis.thirdparty.io.netty.channel.AbstractChannel$AnnotatedConnectException: Connection refused: /192.168.157.254:45598
	at sun.nio.ch.SocketChannelImpl.checkConnect(Native Method)
	at sun.nio.ch.SocketChannelImpl.finishConnect(SocketChannelImpl.java:717)
	at org.apache.ratis.thirdparty.io.netty.channel.socket.nio.NioSocketChannel.doFinishConnect(NioSocketChannel.java:327)
	at org.apache.ratis.thirdparty.io.netty.channel.nio.AbstractNioChannel$AbstractNioUnsafe.finishConnect(AbstractNioChannel.java:340)
	at org.apache.ratis.thirdparty.io.netty.channel.nio.NioEventLoop.processSelectedKey(NioEventLoop.java:632)
	at org.apache.ratis.thirdparty.io.netty.channel.nio.NioEventLoop.processSelectedKeysOptimized(NioEventLoop.java:579)
	at org.apache.ratis.thirdparty.io.netty.channel.nio.NioEventLoop.processSelectedKeys(NioEventLoop.java:496)
	at org.apache.ratis.thirdparty.io.netty.channel.nio.NioEventLoop.run(NioEventLoop.java:458)
	at org.apache.ratis.thirdparty.io.netty.util.concurrent.SingleThreadEventExecutor$5.run(SingleThreadEventExecutor.java:897)
	at org.apache.ratis.thirdparty.io.netty.util.concurrent.FastThreadLocalRunnable.run(FastThreadLocalRunnable.java:30)
	... 1 more
Caused by: java.net.ConnectException: Connection refused
	... 11 more
2019-10-22 00:13:24,641 [2fdb3e93-e0d8-400e-8c33-91e2341b50c6@group-F01152B53F91-LeaderElection265] INFO  impl.LeaderElection (LogUtils.java:infoOrTrace(149)) -   Exception 1: {}
java.util.concurrent.ExecutionException: org.apache.ratis.thirdparty.io.grpc.StatusRuntimeException: UNAVAILABLE: io exception
	at java.util.concurrent.FutureTask.report(FutureTask.java:122)
	at java.util.concurrent.FutureTask.get(FutureTask.java:192)
	at org.apache.ratis.server.impl.LeaderElection.waitForResults(LeaderElection.java:259)
	at org.apache.ratis.server.impl.LeaderElection.askForVotes(LeaderElection.java:197)
	at org.apache.ratis.server.impl.LeaderElection.run(LeaderElection.java:133)
	at java.lang.Thread.run(Thread.java:748)
Caused by: org.apache.ratis.thirdparty.io.grpc.StatusRuntimeException: UNAVAILABLE: io exception
	at org.apache.ratis.thirdparty.io.grpc.stub.ClientCalls.toStatusRuntimeException(ClientCalls.java:233)
	at org.apache.ratis.thirdparty.io.grpc.stub.ClientCalls.getUnchecked(ClientCalls.java:214)
	at org.apache.ratis.thirdparty.io.grpc.stub.ClientCalls.blockingUnaryCall(ClientCalls.java:139)
	at org.apache.ratis.proto.grpc.RaftServerProtocolServiceGrpc$RaftServerProtocolServiceBlockingStub.requestVote(RaftServerProtocolServiceGrpc.java:265)
	at org.apache.ratis.grpc.server.GrpcServerProtocolClient.requestVote(GrpcServerProtocolClient.java:99)
	at org.apache.ratis.grpc.server.GrpcService.requestVote(GrpcService.java:204)
	at org.apache.ratis.server.impl.LeaderElection.lambda$submitRequests$1(LeaderElection.java:234)
	at java.util.concurrent.FutureTask.run(FutureTask.java:266)
	at java.util.concurrent.Executors$RunnableAdapter.call(Executors.java:511)
	at java.util.concurrent.FutureTask.run(FutureTask.java:266)
	at java.util.concurrent.ThreadPoolExecutor.runWorker(ThreadPoolExecutor.java:1149)
	at java.util.concurrent.ThreadPoolExecutor$Worker.run(ThreadPoolExecutor.java:624)
	... 1 more
Caused by: org.apache.ratis.thirdparty.io.netty.channel.AbstractChannel$AnnotatedConnectException: Connection refused: /192.168.157.254:36038
	at sun.nio.ch.SocketChannelImpl.checkConnect(Native Method)
	at sun.nio.ch.SocketChannelImpl.finishConnect(SocketChannelImpl.java:717)
	at org.apache.ratis.thirdparty.io.netty.channel.socket.nio.NioSocketChannel.doFinishConnect(NioSocketChannel.java:327)
	at org.apache.ratis.thirdparty.io.netty.channel.nio.AbstractNioChannel$AbstractNioUnsafe.finishConnect(AbstractNioChannel.java:340)
	at org.apache.ratis.thirdparty.io.netty.channel.nio.NioEventLoop.processSelectedKey(NioEventLoop.java:632)
	at org.apache.ratis.thirdparty.io.netty.channel.nio.NioEventLoop.processSelectedKeysOptimized(NioEventLoop.java:579)
	at org.apache.ratis.thirdparty.io.netty.channel.nio.NioEventLoop.processSelectedKeys(NioEventLoop.java:496)
	at org.apache.ratis.thirdparty.io.netty.channel.nio.NioEventLoop.run(NioEventLoop.java:458)
	at org.apache.ratis.thirdparty.io.netty.util.concurrent.SingleThreadEventExecutor$5.run(SingleThreadEventExecutor.java:897)
	at org.apache.ratis.thirdparty.io.netty.util.concurrent.FastThreadLocalRunnable.run(FastThreadLocalRunnable.java:30)
	... 1 more
Caused by: java.net.ConnectException: Connection refused
	... 11 more
2019-10-22 00:13:24,641 [2fdb3e93-e0d8-400e-8c33-91e2341b50c6@group-F01152B53F91-LeaderElection265] INFO  impl.RaftServerImpl (RaftServerImpl.java:setRole(184)) - 2fdb3e93-e0d8-400e-8c33-91e2341b50c6@group-F01152B53F91: changes role from CANDIDATE to FOLLOWER at term 264 for DISCOVERED_A_NEW_TERM
2019-10-22 00:13:24,641 [2fdb3e93-e0d8-400e-8c33-91e2341b50c6@group-F01152B53F91-LeaderElection265] INFO  impl.RoleInfo (RoleInfo.java:shutdownLeaderElection(134)) - 2fdb3e93-e0d8-400e-8c33-91e2341b50c6: shutdown LeaderElection
2019-10-22 00:13:24,641 [2fdb3e93-e0d8-400e-8c33-91e2341b50c6@group-F01152B53F91-LeaderElection265] INFO  impl.RoleInfo (RoleInfo.java:updateAndGet(143)) - 2fdb3e93-e0d8-400e-8c33-91e2341b50c6: start FollowerState
2019-10-22 00:13:24,643 [Datanode State Machine Thread - 0] INFO  statemachine.DatanodeStateMachine (DatanodeStateMachine.java:lambda$startDaemon$0(350)) - Ozone container server started.
2019-10-22 00:13:24,646 [Datanode State Machine Thread - 0] INFO  statemachine.DatanodeStateMachine (DatanodeStateMachine.java:lambda$startDaemon$0(350)) - Ozone container server started.
2019-10-22 00:13:24,721 [Thread-2105] INFO  impl.FollowerState (FollowerState.java:run(108)) - 2fdb3e93-e0d8-400e-8c33-91e2341b50c6@group-F01152B53F91-FollowerState: change to CANDIDATE, lastRpcTime:79ms, electionTimeout:79ms
2019-10-22 00:13:24,721 [Thread-2105] INFO  impl.RoleInfo (RoleInfo.java:shutdownFollowerState(121)) - 2fdb3e93-e0d8-400e-8c33-91e2341b50c6: shutdown FollowerState
2019-10-22 00:13:24,721 [Thread-2105] INFO  impl.RaftServerImpl (RaftServerImpl.java:setRole(184)) - 2fdb3e93-e0d8-400e-8c33-91e2341b50c6@group-F01152B53F91: changes role from  FOLLOWER to CANDIDATE at term 264 for changeToCandidate
2019-10-22 00:13:24,721 [Thread-2105] INFO  impl.RoleInfo (RoleInfo.java:updateAndGet(143)) - 2fdb3e93-e0d8-400e-8c33-91e2341b50c6: start LeaderElection
2019-10-22 00:13:24,735 [2fdb3e93-e0d8-400e-8c33-91e2341b50c6@group-F01152B53F91-LeaderElection266] INFO  impl.LeaderElection (LeaderElection.java:askForVotes(178)) - 2fdb3e93-e0d8-400e-8c33-91e2341b50c6@group-F01152B53F91-LeaderElection266: begin an election at term 265 for -1: [2fdb3e93-e0d8-400e-8c33-91e2341b50c6:192.168.157.254:43254, 062c71de-08d9-40ee-9309-15590e2e8e68:192.168.157.254:45598, 2a52019e-5647-44e1-bf30-9a43fd8a7377:192.168.157.254:36038], old=null
2019-10-22 00:13:24,736 [2fdb3e93-e0d8-400e-8c33-91e2341b50c6@group-F01152B53F91-LeaderElection266] INFO  impl.LeaderElection (LogUtils.java:infoOrTrace(149)) - 2fdb3e93-e0d8-400e-8c33-91e2341b50c6@group-F01152B53F91-LeaderElection266 got exception when requesting votes: {}
java.util.concurrent.ExecutionException: org.apache.ratis.thirdparty.io.grpc.StatusRuntimeException: UNAVAILABLE: io exception
	at java.util.concurrent.FutureTask.report(FutureTask.java:122)
	at java.util.concurrent.FutureTask.get(FutureTask.java:192)
	at org.apache.ratis.server.impl.LeaderElection.waitForResults(LeaderElection.java:259)
	at org.apache.ratis.server.impl.LeaderElection.askForVotes(LeaderElection.java:197)
	at org.apache.ratis.server.impl.LeaderElection.run(LeaderElection.java:133)
	at java.lang.Thread.run(Thread.java:748)
Caused by: org.apache.ratis.thirdparty.io.grpc.StatusRuntimeException: UNAVAILABLE: io exception
	at org.apache.ratis.thirdparty.io.grpc.stub.ClientCalls.toStatusRuntimeException(ClientCalls.java:233)
	at org.apache.ratis.thirdparty.io.grpc.stub.ClientCalls.getUnchecked(ClientCalls.java:214)
	at org.apache.ratis.thirdparty.io.grpc.stub.ClientCalls.blockingUnaryCall(ClientCalls.java:139)
	at org.apache.ratis.proto.grpc.RaftServerProtocolServiceGrpc$RaftServerProtocolServiceBlockingStub.requestVote(RaftServerProtocolServiceGrpc.java:265)
	at org.apache.ratis.grpc.server.GrpcServerProtocolClient.requestVote(GrpcServerProtocolClient.java:99)
	at org.apache.ratis.grpc.server.GrpcService.requestVote(GrpcService.java:204)
	at org.apache.ratis.server.impl.LeaderElection.lambda$submitRequests$1(LeaderElection.java:234)
	at java.util.concurrent.FutureTask.run(FutureTask.java:266)
	at java.util.concurrent.Executors$RunnableAdapter.call(Executors.java:511)
	at java.util.concurrent.FutureTask.run(FutureTask.java:266)
	at java.util.concurrent.ThreadPoolExecutor.runWorker(ThreadPoolExecutor.java:1149)
	at java.util.concurrent.ThreadPoolExecutor$Worker.run(ThreadPoolExecutor.java:624)
	... 1 more
Caused by: org.apache.ratis.thirdparty.io.netty.channel.AbstractChannel$AnnotatedConnectException: Connection refused: /192.168.157.254:45598
	at sun.nio.ch.SocketChannelImpl.checkConnect(Native Method)
	at sun.nio.ch.SocketChannelImpl.finishConnect(SocketChannelImpl.java:717)
	at org.apache.ratis.thirdparty.io.netty.channel.socket.nio.NioSocketChannel.doFinishConnect(NioSocketChannel.java:327)
	at org.apache.ratis.thirdparty.io.netty.channel.nio.AbstractNioChannel$AbstractNioUnsafe.finishConnect(AbstractNioChannel.java:340)
	at org.apache.ratis.thirdparty.io.netty.channel.nio.NioEventLoop.processSelectedKey(NioEventLoop.java:632)
	at org.apache.ratis.thirdparty.io.netty.channel.nio.NioEventLoop.processSelectedKeysOptimized(NioEventLoop.java:579)
	at org.apache.ratis.thirdparty.io.netty.channel.nio.NioEventLoop.processSelectedKeys(NioEventLoop.java:496)
	at org.apache.ratis.thirdparty.io.netty.channel.nio.NioEventLoop.run(NioEventLoop.java:458)
	at org.apache.ratis.thirdparty.io.netty.util.concurrent.SingleThreadEventExecutor$5.run(SingleThreadEventExecutor.java:897)
	at org.apache.ratis.thirdparty.io.netty.util.concurrent.FastThreadLocalRunnable.run(FastThreadLocalRunnable.java:30)
	... 1 more
Caused by: java.net.ConnectException: Connection refused
	... 11 more
2019-10-22 00:13:24,736 [2fdb3e93-e0d8-400e-8c33-91e2341b50c6@group-F01152B53F91-LeaderElection266] INFO  impl.LeaderElection (LogUtils.java:infoOrTrace(149)) - 2fdb3e93-e0d8-400e-8c33-91e2341b50c6@group-F01152B53F91-LeaderElection266 got exception when requesting votes: {}
java.util.concurrent.ExecutionException: org.apache.ratis.thirdparty.io.grpc.StatusRuntimeException: UNAVAILABLE: io exception
	at java.util.concurrent.FutureTask.report(FutureTask.java:122)
	at java.util.concurrent.FutureTask.get(FutureTask.java:192)
	at org.apache.ratis.server.impl.LeaderElection.waitForResults(LeaderElection.java:259)
	at org.apache.ratis.server.impl.LeaderElection.askForVotes(LeaderElection.java:197)
	at org.apache.ratis.server.impl.LeaderElection.run(LeaderElection.java:133)
	at java.lang.Thread.run(Thread.java:748)
Caused by: org.apache.ratis.thirdparty.io.grpc.StatusRuntimeException: UNAVAILABLE: io exception
	at org.apache.ratis.thirdparty.io.grpc.stub.ClientCalls.toStatusRuntimeException(ClientCalls.java:233)
	at org.apache.ratis.thirdparty.io.grpc.stub.ClientCalls.getUnchecked(ClientCalls.java:214)
	at org.apache.ratis.thirdparty.io.grpc.stub.ClientCalls.blockingUnaryCall(ClientCalls.java:139)
	at org.apache.ratis.proto.grpc.RaftServerProtocolServiceGrpc$RaftServerProtocolServiceBlockingStub.requestVote(RaftServerProtocolServiceGrpc.java:265)
	at org.apache.ratis.grpc.server.GrpcServerProtocolClient.requestVote(GrpcServerProtocolClient.java:99)
	at org.apache.ratis.grpc.server.GrpcService.requestVote(GrpcService.java:204)
	at org.apache.ratis.server.impl.LeaderElection.lambda$submitRequests$1(LeaderElection.java:234)
	at java.util.concurrent.FutureTask.run(FutureTask.java:266)
	at java.util.concurrent.Executors$RunnableAdapter.call(Executors.java:511)
	at java.util.concurrent.FutureTask.run(FutureTask.java:266)
	at java.util.concurrent.ThreadPoolExecutor.runWorker(ThreadPoolExecutor.java:1149)
	at java.util.concurrent.ThreadPoolExecutor$Worker.run(ThreadPoolExecutor.java:624)
	... 1 more
Caused by: org.apache.ratis.thirdparty.io.netty.channel.AbstractChannel$AnnotatedConnectException: Connection refused: /192.168.157.254:36038
	at sun.nio.ch.SocketChannelImpl.checkConnect(Native Method)
	at sun.nio.ch.SocketChannelImpl.finishConnect(SocketChannelImpl.java:717)
	at org.apache.ratis.thirdparty.io.netty.channel.socket.nio.NioSocketChannel.doFinishConnect(NioSocketChannel.java:327)
	at org.apache.ratis.thirdparty.io.netty.channel.nio.AbstractNioChannel$AbstractNioUnsafe.finishConnect(AbstractNioChannel.java:340)
	at org.apache.ratis.thirdparty.io.netty.channel.nio.NioEventLoop.processSelectedKey(NioEventLoop.java:632)
	at org.apache.ratis.thirdparty.io.netty.channel.nio.NioEventLoop.processSelectedKeysOptimized(NioEventLoop.java:579)
	at org.apache.ratis.thirdparty.io.netty.channel.nio.NioEventLoop.processSelectedKeys(NioEventLoop.java:496)
	at org.apache.ratis.thirdparty.io.netty.channel.nio.NioEventLoop.run(NioEventLoop.java:458)
	at org.apache.ratis.thirdparty.io.netty.util.concurrent.SingleThreadEventExecutor$5.run(SingleThreadEventExecutor.java:897)
	at org.apache.ratis.thirdparty.io.netty.util.concurrent.FastThreadLocalRunnable.run(FastThreadLocalRunnable.java:30)
	... 1 more
Caused by: java.net.ConnectException: Connection refused
	... 11 more
2019-10-22 00:13:24,737 [2fdb3e93-e0d8-400e-8c33-91e2341b50c6@group-F01152B53F91-LeaderElection266] INFO  impl.LeaderElection (LeaderElection.java:logAndReturn(56)) - 2fdb3e93-e0d8-400e-8c33-91e2341b50c6@group-F01152B53F91-LeaderElection266: Election REJECTED; received 0 response(s) [] and 2 exception(s); 2fdb3e93-e0d8-400e-8c33-91e2341b50c6@group-F01152B53F91:t265, leader=null, voted=2fdb3e93-e0d8-400e-8c33-91e2341b50c6, raftlog=2fdb3e93-e0d8-400e-8c33-91e2341b50c6@group-F01152B53F91-SegmentedRaftLog:OPENED:c-1,f-1,i0, conf=-1: [2fdb3e93-e0d8-400e-8c33-91e2341b50c6:192.168.157.254:43254, 062c71de-08d9-40ee-9309-15590e2e8e68:192.168.157.254:45598, 2a52019e-5647-44e1-bf30-9a43fd8a7377:192.168.157.254:36038], old=null
2019-10-22 00:13:24,737 [2fdb3e93-e0d8-400e-8c33-91e2341b50c6@group-F01152B53F91-LeaderElection266] INFO  impl.LeaderElection (LogUtils.java:infoOrTrace(149)) -   Exception 0: {}
java.util.concurrent.ExecutionException: org.apache.ratis.thirdparty.io.grpc.StatusRuntimeException: UNAVAILABLE: io exception
	at java.util.concurrent.FutureTask.report(FutureTask.java:122)
	at java.util.concurrent.FutureTask.get(FutureTask.java:192)
	at org.apache.ratis.server.impl.LeaderElection.waitForResults(LeaderElection.java:259)
	at org.apache.ratis.server.impl.LeaderElection.askForVotes(LeaderElection.java:197)
	at org.apache.ratis.server.impl.LeaderElection.run(LeaderElection.java:133)
	at java.lang.Thread.run(Thread.java:748)
Caused by: org.apache.ratis.thirdparty.io.grpc.StatusRuntimeException: UNAVAILABLE: io exception
	at org.apache.ratis.thirdparty.io.grpc.stub.ClientCalls.toStatusRuntimeException(ClientCalls.java:233)
	at org.apache.ratis.thirdparty.io.grpc.stub.ClientCalls.getUnchecked(ClientCalls.java:214)
	at org.apache.ratis.thirdparty.io.grpc.stub.ClientCalls.blockingUnaryCall(ClientCalls.java:139)
	at org.apache.ratis.proto.grpc.RaftServerProtocolServiceGrpc$RaftServerProtocolServiceBlockingStub.requestVote(RaftServerProtocolServiceGrpc.java:265)
	at org.apache.ratis.grpc.server.GrpcServerProtocolClient.requestVote(GrpcServerProtocolClient.java:99)
	at org.apache.ratis.grpc.server.GrpcService.requestVote(GrpcService.java:204)
	at org.apache.ratis.server.impl.LeaderElection.lambda$submitRequests$1(LeaderElection.java:234)
	at java.util.concurrent.FutureTask.run(FutureTask.java:266)
	at java.util.concurrent.Executors$RunnableAdapter.call(Executors.java:511)
	at java.util.concurrent.FutureTask.run(FutureTask.java:266)
	at java.util.concurrent.ThreadPoolExecutor.runWorker(ThreadPoolExecutor.java:1149)
	at java.util.concurrent.ThreadPoolExecutor$Worker.run(ThreadPoolExecutor.java:624)
	... 1 more
Caused by: org.apache.ratis.thirdparty.io.netty.channel.AbstractChannel$AnnotatedConnectException: Connection refused: /192.168.157.254:45598
	at sun.nio.ch.SocketChannelImpl.checkConnect(Native Method)
	at sun.nio.ch.SocketChannelImpl.finishConnect(SocketChannelImpl.java:717)
	at org.apache.ratis.thirdparty.io.netty.channel.socket.nio.NioSocketChannel.doFinishConnect(NioSocketChannel.java:327)
	at org.apache.ratis.thirdparty.io.netty.channel.nio.AbstractNioChannel$AbstractNioUnsafe.finishConnect(AbstractNioChannel.java:340)
	at org.apache.ratis.thirdparty.io.netty.channel.nio.NioEventLoop.processSelectedKey(NioEventLoop.java:632)
	at org.apache.ratis.thirdparty.io.netty.channel.nio.NioEventLoop.processSelectedKeysOptimized(NioEventLoop.java:579)
	at org.apache.ratis.thirdparty.io.netty.channel.nio.NioEventLoop.processSelectedKeys(NioEventLoop.java:496)
	at org.apache.ratis.thirdparty.io.netty.channel.nio.NioEventLoop.run(NioEventLoop.java:458)
	at org.apache.ratis.thirdparty.io.netty.util.concurrent.SingleThreadEventExecutor$5.run(SingleThreadEventExecutor.java:897)
	at org.apache.ratis.thirdparty.io.netty.util.concurrent.FastThreadLocalRunnable.run(FastThreadLocalRunnable.java:30)
	... 1 more
Caused by: java.net.ConnectException: Connection refused
	... 11 more
2019-10-22 00:13:24,737 [2fdb3e93-e0d8-400e-8c33-91e2341b50c6@group-F01152B53F91-LeaderElection266] INFO  impl.LeaderElection (LogUtils.java:infoOrTrace(149)) -   Exception 1: {}
java.util.concurrent.ExecutionException: org.apache.ratis.thirdparty.io.grpc.StatusRuntimeException: UNAVAILABLE: io exception
	at java.util.concurrent.FutureTask.report(FutureTask.java:122)
	at java.util.concurrent.FutureTask.get(FutureTask.java:192)
	at org.apache.ratis.server.impl.LeaderElection.waitForResults(LeaderElection.java:259)
	at org.apache.ratis.server.impl.LeaderElection.askForVotes(LeaderElection.java:197)
	at org.apache.ratis.server.impl.LeaderElection.run(LeaderElection.java:133)
	at java.lang.Thread.run(Thread.java:748)
Caused by: org.apache.ratis.thirdparty.io.grpc.StatusRuntimeException: UNAVAILABLE: io exception
	at org.apache.ratis.thirdparty.io.grpc.stub.ClientCalls.toStatusRuntimeException(ClientCalls.java:233)
	at org.apache.ratis.thirdparty.io.grpc.stub.ClientCalls.getUnchecked(ClientCalls.java:214)
	at org.apache.ratis.thirdparty.io.grpc.stub.ClientCalls.blockingUnaryCall(ClientCalls.java:139)
	at org.apache.ratis.proto.grpc.RaftServerProtocolServiceGrpc$RaftServerProtocolServiceBlockingStub.requestVote(RaftServerProtocolServiceGrpc.java:265)
	at org.apache.ratis.grpc.server.GrpcServerProtocolClient.requestVote(GrpcServerProtocolClient.java:99)
	at org.apache.ratis.grpc.server.GrpcService.requestVote(GrpcService.java:204)
	at org.apache.ratis.server.impl.LeaderElection.lambda$submitRequests$1(LeaderElection.java:234)
	at java.util.concurrent.FutureTask.run(FutureTask.java:266)
	at java.util.concurrent.Executors$RunnableAdapter.call(Executors.java:511)
	at java.util.concurrent.FutureTask.run(FutureTask.java:266)
	at java.util.concurrent.ThreadPoolExecutor.runWorker(ThreadPoolExecutor.java:1149)
	at java.util.concurrent.ThreadPoolExecutor$Worker.run(ThreadPoolExecutor.java:624)
	... 1 more
Caused by: org.apache.ratis.thirdparty.io.netty.channel.AbstractChannel$AnnotatedConnectException: Connection refused: /192.168.157.254:36038
	at sun.nio.ch.SocketChannelImpl.checkConnect(Native Method)
	at sun.nio.ch.SocketChannelImpl.finishConnect(SocketChannelImpl.java:717)
	at org.apache.ratis.thirdparty.io.netty.channel.socket.nio.NioSocketChannel.doFinishConnect(NioSocketChannel.java:327)
	at org.apache.ratis.thirdparty.io.netty.channel.nio.AbstractNioChannel$AbstractNioUnsafe.finishConnect(AbstractNioChannel.java:340)
	at org.apache.ratis.thirdparty.io.netty.channel.nio.NioEventLoop.processSelectedKey(NioEventLoop.java:632)
	at org.apache.ratis.thirdparty.io.netty.channel.nio.NioEventLoop.processSelectedKeysOptimized(NioEventLoop.java:579)
	at org.apache.ratis.thirdparty.io.netty.channel.nio.NioEventLoop.processSelectedKeys(NioEventLoop.java:496)
	at org.apache.ratis.thirdparty.io.netty.channel.nio.NioEventLoop.run(NioEventLoop.java:458)
	at org.apache.ratis.thirdparty.io.netty.util.concurrent.SingleThreadEventExecutor$5.run(SingleThreadEventExecutor.java:897)
	at org.apache.ratis.thirdparty.io.netty.util.concurrent.FastThreadLocalRunnable.run(FastThreadLocalRunnable.java:30)
	... 1 more
Caused by: java.net.ConnectException: Connection refused
	... 11 more
2019-10-22 00:13:24,737 [2fdb3e93-e0d8-400e-8c33-91e2341b50c6@group-F01152B53F91-LeaderElection266] INFO  impl.RaftServerImpl (RaftServerImpl.java:setRole(184)) - 2fdb3e93-e0d8-400e-8c33-91e2341b50c6@group-F01152B53F91: changes role from CANDIDATE to FOLLOWER at term 265 for DISCOVERED_A_NEW_TERM
2019-10-22 00:13:24,737 [2fdb3e93-e0d8-400e-8c33-91e2341b50c6@group-F01152B53F91-LeaderElection266] INFO  impl.RoleInfo (RoleInfo.java:shutdownLeaderElection(134)) - 2fdb3e93-e0d8-400e-8c33-91e2341b50c6: shutdown LeaderElection
2019-10-22 00:13:24,738 [2fdb3e93-e0d8-400e-8c33-91e2341b50c6@group-F01152B53F91-LeaderElection266] INFO  impl.RoleInfo (RoleInfo.java:updateAndGet(143)) - 2fdb3e93-e0d8-400e-8c33-91e2341b50c6: start FollowerState
2019-10-22 00:13:24,803 [java.util.concurrent.ThreadPoolExecutor$Worker@c41ae0f[State = -1, empty queue]] WARN  server.GrpcLogAppender (GrpcLogAppender.java:timeoutAppendRequest(209)) - fad63ceb-ed14-4322-905d-6ef3599ac734@group-0045C62F497D->5732e052-e19f-40fe-a104-972211db20fb-GrpcLogAppender: appendEntries Timeout, request=fad63ceb-ed14-4322-905d-6ef3599ac734->5732e052-e19f-40fe-a104-972211db20fb#60-t1, previous=(t:1, i:0), leaderCommit=0, initializing? false, entries: <empty>
2019-10-22 00:13:24,872 [java.util.concurrent.ThreadPoolExecutor$Worker@48cd139a[State = -1, empty queue]] WARN  server.GrpcLogAppender (GrpcLogAppender.java:timeoutAppendRequest(209)) - fad63ceb-ed14-4322-905d-6ef3599ac734@group-0045C62F497D->1913eeb9-7f58-4aef-bfea-8e00a2a3aadf-GrpcLogAppender: appendEntries Timeout, request=fad63ceb-ed14-4322-905d-6ef3599ac734->1913eeb9-7f58-4aef-bfea-8e00a2a3aadf#60-t1, previous=(t:1, i:0), leaderCommit=0, initializing? false, entries: <empty>
2019-10-22 00:13:24,886 [Thread-2109] INFO  impl.FollowerState (FollowerState.java:run(108)) - 2fdb3e93-e0d8-400e-8c33-91e2341b50c6@group-F01152B53F91-FollowerState: change to CANDIDATE, lastRpcTime:148ms, electionTimeout:148ms
2019-10-22 00:13:24,886 [Thread-2109] INFO  impl.RoleInfo (RoleInfo.java:shutdownFollowerState(121)) - 2fdb3e93-e0d8-400e-8c33-91e2341b50c6: shutdown FollowerState
2019-10-22 00:13:24,886 [Thread-2109] INFO  impl.RaftServerImpl (RaftServerImpl.java:setRole(184)) - 2fdb3e93-e0d8-400e-8c33-91e2341b50c6@group-F01152B53F91: changes role from  FOLLOWER to CANDIDATE at term 265 for changeToCandidate
2019-10-22 00:13:24,886 [Thread-2109] INFO  impl.RoleInfo (RoleInfo.java:updateAndGet(143)) - 2fdb3e93-e0d8-400e-8c33-91e2341b50c6: start LeaderElection
2019-10-22 00:13:24,900 [2fdb3e93-e0d8-400e-8c33-91e2341b50c6@group-F01152B53F91-LeaderElection267] INFO  impl.LeaderElection (LeaderElection.java:askForVotes(178)) - 2fdb3e93-e0d8-400e-8c33-91e2341b50c6@group-F01152B53F91-LeaderElection267: begin an election at term 266 for -1: [2fdb3e93-e0d8-400e-8c33-91e2341b50c6:192.168.157.254:43254, 062c71de-08d9-40ee-9309-15590e2e8e68:192.168.157.254:45598, 2a52019e-5647-44e1-bf30-9a43fd8a7377:192.168.157.254:36038], old=null
2019-10-22 00:13:24,900 [2fdb3e93-e0d8-400e-8c33-91e2341b50c6@group-F01152B53F91-LeaderElection267] INFO  impl.LeaderElection (LogUtils.java:infoOrTrace(149)) - 2fdb3e93-e0d8-400e-8c33-91e2341b50c6@group-F01152B53F91-LeaderElection267 got exception when requesting votes: {}
java.util.concurrent.ExecutionException: org.apache.ratis.thirdparty.io.grpc.StatusRuntimeException: UNAVAILABLE: io exception
	at java.util.concurrent.FutureTask.report(FutureTask.java:122)
	at java.util.concurrent.FutureTask.get(FutureTask.java:192)
	at org.apache.ratis.server.impl.LeaderElection.waitForResults(LeaderElection.java:259)
	at org.apache.ratis.server.impl.LeaderElection.askForVotes(LeaderElection.java:197)
	at org.apache.ratis.server.impl.LeaderElection.run(LeaderElection.java:133)
	at java.lang.Thread.run(Thread.java:748)
Caused by: org.apache.ratis.thirdparty.io.grpc.StatusRuntimeException: UNAVAILABLE: io exception
	at org.apache.ratis.thirdparty.io.grpc.stub.ClientCalls.toStatusRuntimeException(ClientCalls.java:233)
	at org.apache.ratis.thirdparty.io.grpc.stub.ClientCalls.getUnchecked(ClientCalls.java:214)
	at org.apache.ratis.thirdparty.io.grpc.stub.ClientCalls.blockingUnaryCall(ClientCalls.java:139)
	at org.apache.ratis.proto.grpc.RaftServerProtocolServiceGrpc$RaftServerProtocolServiceBlockingStub.requestVote(RaftServerProtocolServiceGrpc.java:265)
	at org.apache.ratis.grpc.server.GrpcServerProtocolClient.requestVote(GrpcServerProtocolClient.java:99)
	at org.apache.ratis.grpc.server.GrpcService.requestVote(GrpcService.java:204)
	at org.apache.ratis.server.impl.LeaderElection.lambda$submitRequests$1(LeaderElection.java:234)
	at java.util.concurrent.FutureTask.run(FutureTask.java:266)
	at java.util.concurrent.Executors$RunnableAdapter.call(Executors.java:511)
	at java.util.concurrent.FutureTask.run(FutureTask.java:266)
	at java.util.concurrent.ThreadPoolExecutor.runWorker(ThreadPoolExecutor.java:1149)
	at java.util.concurrent.ThreadPoolExecutor$Worker.run(ThreadPoolExecutor.java:624)
	... 1 more
Caused by: org.apache.ratis.thirdparty.io.netty.channel.AbstractChannel$AnnotatedConnectException: Connection refused: /192.168.157.254:36038
	at sun.nio.ch.SocketChannelImpl.checkConnect(Native Method)
	at sun.nio.ch.SocketChannelImpl.finishConnect(SocketChannelImpl.java:717)
	at org.apache.ratis.thirdparty.io.netty.channel.socket.nio.NioSocketChannel.doFinishConnect(NioSocketChannel.java:327)
	at org.apache.ratis.thirdparty.io.netty.channel.nio.AbstractNioChannel$AbstractNioUnsafe.finishConnect(AbstractNioChannel.java:340)
	at org.apache.ratis.thirdparty.io.netty.channel.nio.NioEventLoop.processSelectedKey(NioEventLoop.java:632)
	at org.apache.ratis.thirdparty.io.netty.channel.nio.NioEventLoop.processSelectedKeysOptimized(NioEventLoop.java:579)
	at org.apache.ratis.thirdparty.io.netty.channel.nio.NioEventLoop.processSelectedKeys(NioEventLoop.java:496)
	at org.apache.ratis.thirdparty.io.netty.channel.nio.NioEventLoop.run(NioEventLoop.java:458)
	at org.apache.ratis.thirdparty.io.netty.util.concurrent.SingleThreadEventExecutor$5.run(SingleThreadEventExecutor.java:897)
	at org.apache.ratis.thirdparty.io.netty.util.concurrent.FastThreadLocalRunnable.run(FastThreadLocalRunnable.java:30)
	... 1 more
Caused by: java.net.ConnectException: Connection refused
	... 11 more
2019-10-22 00:13:24,901 [2fdb3e93-e0d8-400e-8c33-91e2341b50c6@group-F01152B53F91-LeaderElection267] INFO  impl.LeaderElection (LogUtils.java:infoOrTrace(149)) - 2fdb3e93-e0d8-400e-8c33-91e2341b50c6@group-F01152B53F91-LeaderElection267 got exception when requesting votes: {}
java.util.concurrent.ExecutionException: org.apache.ratis.thirdparty.io.grpc.StatusRuntimeException: UNAVAILABLE: io exception
	at java.util.concurrent.FutureTask.report(FutureTask.java:122)
	at java.util.concurrent.FutureTask.get(FutureTask.java:192)
	at org.apache.ratis.server.impl.LeaderElection.waitForResults(LeaderElection.java:259)
	at org.apache.ratis.server.impl.LeaderElection.askForVotes(LeaderElection.java:197)
	at org.apache.ratis.server.impl.LeaderElection.run(LeaderElection.java:133)
	at java.lang.Thread.run(Thread.java:748)
Caused by: org.apache.ratis.thirdparty.io.grpc.StatusRuntimeException: UNAVAILABLE: io exception
	at org.apache.ratis.thirdparty.io.grpc.stub.ClientCalls.toStatusRuntimeException(ClientCalls.java:233)
	at org.apache.ratis.thirdparty.io.grpc.stub.ClientCalls.getUnchecked(ClientCalls.java:214)
	at org.apache.ratis.thirdparty.io.grpc.stub.ClientCalls.blockingUnaryCall(ClientCalls.java:139)
	at org.apache.ratis.proto.grpc.RaftServerProtocolServiceGrpc$RaftServerProtocolServiceBlockingStub.requestVote(RaftServerProtocolServiceGrpc.java:265)
	at org.apache.ratis.grpc.server.GrpcServerProtocolClient.requestVote(GrpcServerProtocolClient.java:99)
	at org.apache.ratis.grpc.server.GrpcService.requestVote(GrpcService.java:204)
	at org.apache.ratis.server.impl.LeaderElection.lambda$submitRequests$1(LeaderElection.java:234)
	at java.util.concurrent.FutureTask.run(FutureTask.java:266)
	at java.util.concurrent.Executors$RunnableAdapter.call(Executors.java:511)
	at java.util.concurrent.FutureTask.run(FutureTask.java:266)
	at java.util.concurrent.ThreadPoolExecutor.runWorker(ThreadPoolExecutor.java:1149)
	at java.util.concurrent.ThreadPoolExecutor$Worker.run(ThreadPoolExecutor.java:624)
	... 1 more
Caused by: org.apache.ratis.thirdparty.io.netty.channel.AbstractChannel$AnnotatedConnectException: Connection refused: /192.168.157.254:45598
	at sun.nio.ch.SocketChannelImpl.checkConnect(Native Method)
	at sun.nio.ch.SocketChannelImpl.finishConnect(SocketChannelImpl.java:717)
	at org.apache.ratis.thirdparty.io.netty.channel.socket.nio.NioSocketChannel.doFinishConnect(NioSocketChannel.java:327)
	at org.apache.ratis.thirdparty.io.netty.channel.nio.AbstractNioChannel$AbstractNioUnsafe.finishConnect(AbstractNioChannel.java:340)
	at org.apache.ratis.thirdparty.io.netty.channel.nio.NioEventLoop.processSelectedKey(NioEventLoop.java:632)
	at org.apache.ratis.thirdparty.io.netty.channel.nio.NioEventLoop.processSelectedKeysOptimized(NioEventLoop.java:579)
	at org.apache.ratis.thirdparty.io.netty.channel.nio.NioEventLoop.processSelectedKeys(NioEventLoop.java:496)
	at org.apache.ratis.thirdparty.io.netty.channel.nio.NioEventLoop.run(NioEventLoop.java:458)
	at org.apache.ratis.thirdparty.io.netty.util.concurrent.SingleThreadEventExecutor$5.run(SingleThreadEventExecutor.java:897)
	at org.apache.ratis.thirdparty.io.netty.util.concurrent.FastThreadLocalRunnable.run(FastThreadLocalRunnable.java:30)
	... 1 more
Caused by: java.net.ConnectException: Connection refused
	... 11 more
2019-10-22 00:13:24,901 [2fdb3e93-e0d8-400e-8c33-91e2341b50c6@group-F01152B53F91-LeaderElection267] INFO  impl.LeaderElection (LeaderElection.java:logAndReturn(56)) - 2fdb3e93-e0d8-400e-8c33-91e2341b50c6@group-F01152B53F91-LeaderElection267: Election REJECTED; received 0 response(s) [] and 2 exception(s); 2fdb3e93-e0d8-400e-8c33-91e2341b50c6@group-F01152B53F91:t266, leader=null, voted=2fdb3e93-e0d8-400e-8c33-91e2341b50c6, raftlog=2fdb3e93-e0d8-400e-8c33-91e2341b50c6@group-F01152B53F91-SegmentedRaftLog:OPENED:c-1,f-1,i0, conf=-1: [2fdb3e93-e0d8-400e-8c33-91e2341b50c6:192.168.157.254:43254, 062c71de-08d9-40ee-9309-15590e2e8e68:192.168.157.254:45598, 2a52019e-5647-44e1-bf30-9a43fd8a7377:192.168.157.254:36038], old=null
2019-10-22 00:13:24,901 [2fdb3e93-e0d8-400e-8c33-91e2341b50c6@group-F01152B53F91-LeaderElection267] INFO  impl.LeaderElection (LogUtils.java:infoOrTrace(149)) -   Exception 0: {}
java.util.concurrent.ExecutionException: org.apache.ratis.thirdparty.io.grpc.StatusRuntimeException: UNAVAILABLE: io exception
	at java.util.concurrent.FutureTask.report(FutureTask.java:122)
	at java.util.concurrent.FutureTask.get(FutureTask.java:192)
	at org.apache.ratis.server.impl.LeaderElection.waitForResults(LeaderElection.java:259)
	at org.apache.ratis.server.impl.LeaderElection.askForVotes(LeaderElection.java:197)
	at org.apache.ratis.server.impl.LeaderElection.run(LeaderElection.java:133)
	at java.lang.Thread.run(Thread.java:748)
Caused by: org.apache.ratis.thirdparty.io.grpc.StatusRuntimeException: UNAVAILABLE: io exception
	at org.apache.ratis.thirdparty.io.grpc.stub.ClientCalls.toStatusRuntimeException(ClientCalls.java:233)
	at org.apache.ratis.thirdparty.io.grpc.stub.ClientCalls.getUnchecked(ClientCalls.java:214)
	at org.apache.ratis.thirdparty.io.grpc.stub.ClientCalls.blockingUnaryCall(ClientCalls.java:139)
	at org.apache.ratis.proto.grpc.RaftServerProtocolServiceGrpc$RaftServerProtocolServiceBlockingStub.requestVote(RaftServerProtocolServiceGrpc.java:265)
	at org.apache.ratis.grpc.server.GrpcServerProtocolClient.requestVote(GrpcServerProtocolClient.java:99)
	at org.apache.ratis.grpc.server.GrpcService.requestVote(GrpcService.java:204)
	at org.apache.ratis.server.impl.LeaderElection.lambda$submitRequests$1(LeaderElection.java:234)
	at java.util.concurrent.FutureTask.run(FutureTask.java:266)
	at java.util.concurrent.Executors$RunnableAdapter.call(Executors.java:511)
	at java.util.concurrent.FutureTask.run(FutureTask.java:266)
	at java.util.concurrent.ThreadPoolExecutor.runWorker(ThreadPoolExecutor.java:1149)
	at java.util.concurrent.ThreadPoolExecutor$Worker.run(ThreadPoolExecutor.java:624)
	... 1 more
Caused by: org.apache.ratis.thirdparty.io.netty.channel.AbstractChannel$AnnotatedConnectException: Connection refused: /192.168.157.254:36038
	at sun.nio.ch.SocketChannelImpl.checkConnect(Native Method)
	at sun.nio.ch.SocketChannelImpl.finishConnect(SocketChannelImpl.java:717)
	at org.apache.ratis.thirdparty.io.netty.channel.socket.nio.NioSocketChannel.doFinishConnect(NioSocketChannel.java:327)
	at org.apache.ratis.thirdparty.io.netty.channel.nio.AbstractNioChannel$AbstractNioUnsafe.finishConnect(AbstractNioChannel.java:340)
	at org.apache.ratis.thirdparty.io.netty.channel.nio.NioEventLoop.processSelectedKey(NioEventLoop.java:632)
	at org.apache.ratis.thirdparty.io.netty.channel.nio.NioEventLoop.processSelectedKeysOptimized(NioEventLoop.java:579)
	at org.apache.ratis.thirdparty.io.netty.channel.nio.NioEventLoop.processSelectedKeys(NioEventLoop.java:496)
	at org.apache.ratis.thirdparty.io.netty.channel.nio.NioEventLoop.run(NioEventLoop.java:458)
	at org.apache.ratis.thirdparty.io.netty.util.concurrent.SingleThreadEventExecutor$5.run(SingleThreadEventExecutor.java:897)
	at org.apache.ratis.thirdparty.io.netty.util.concurrent.FastThreadLocalRunnable.run(FastThreadLocalRunnable.java:30)
	... 1 more
Caused by: java.net.ConnectException: Connection refused
	... 11 more
2019-10-22 00:13:24,901 [2fdb3e93-e0d8-400e-8c33-91e2341b50c6@group-F01152B53F91-LeaderElection267] INFO  impl.LeaderElection (LogUtils.java:infoOrTrace(149)) -   Exception 1: {}
java.util.concurrent.ExecutionException: org.apache.ratis.thirdparty.io.grpc.StatusRuntimeException: UNAVAILABLE: io exception
	at java.util.concurrent.FutureTask.report(FutureTask.java:122)
	at java.util.concurrent.FutureTask.get(FutureTask.java:192)
	at org.apache.ratis.server.impl.LeaderElection.waitForResults(LeaderElection.java:259)
	at org.apache.ratis.server.impl.LeaderElection.askForVotes(LeaderElection.java:197)
	at org.apache.ratis.server.impl.LeaderElection.run(LeaderElection.java:133)
	at java.lang.Thread.run(Thread.java:748)
Caused by: org.apache.ratis.thirdparty.io.grpc.StatusRuntimeException: UNAVAILABLE: io exception
	at org.apache.ratis.thirdparty.io.grpc.stub.ClientCalls.toStatusRuntimeException(ClientCalls.java:233)
	at org.apache.ratis.thirdparty.io.grpc.stub.ClientCalls.getUnchecked(ClientCalls.java:214)
	at org.apache.ratis.thirdparty.io.grpc.stub.ClientCalls.blockingUnaryCall(ClientCalls.java:139)
	at org.apache.ratis.proto.grpc.RaftServerProtocolServiceGrpc$RaftServerProtocolServiceBlockingStub.requestVote(RaftServerProtocolServiceGrpc.java:265)
	at org.apache.ratis.grpc.server.GrpcServerProtocolClient.requestVote(GrpcServerProtocolClient.java:99)
	at org.apache.ratis.grpc.server.GrpcService.requestVote(GrpcService.java:204)
	at org.apache.ratis.server.impl.LeaderElection.lambda$submitRequests$1(LeaderElection.java:234)
	at java.util.concurrent.FutureTask.run(FutureTask.java:266)
	at java.util.concurrent.Executors$RunnableAdapter.call(Executors.java:511)
	at java.util.concurrent.FutureTask.run(FutureTask.java:266)
	at java.util.concurrent.ThreadPoolExecutor.runWorker(ThreadPoolExecutor.java:1149)
	at java.util.concurrent.ThreadPoolExecutor$Worker.run(ThreadPoolExecutor.java:624)
	... 1 more
Caused by: org.apache.ratis.thirdparty.io.netty.channel.AbstractChannel$AnnotatedConnectException: Connection refused: /192.168.157.254:45598
	at sun.nio.ch.SocketChannelImpl.checkConnect(Native Method)
	at sun.nio.ch.SocketChannelImpl.finishConnect(SocketChannelImpl.java:717)
	at org.apache.ratis.thirdparty.io.netty.channel.socket.nio.NioSocketChannel.doFinishConnect(NioSocketChannel.java:327)
	at org.apache.ratis.thirdparty.io.netty.channel.nio.AbstractNioChannel$AbstractNioUnsafe.finishConnect(AbstractNioChannel.java:340)
	at org.apache.ratis.thirdparty.io.netty.channel.nio.NioEventLoop.processSelectedKey(NioEventLoop.java:632)
	at org.apache.ratis.thirdparty.io.netty.channel.nio.NioEventLoop.processSelectedKeysOptimized(NioEventLoop.java:579)
	at org.apache.ratis.thirdparty.io.netty.channel.nio.NioEventLoop.processSelectedKeys(NioEventLoop.java:496)
	at org.apache.ratis.thirdparty.io.netty.channel.nio.NioEventLoop.run(NioEventLoop.java:458)
	at org.apache.ratis.thirdparty.io.netty.util.concurrent.SingleThreadEventExecutor$5.run(SingleThreadEventExecutor.java:897)
	at org.apache.ratis.thirdparty.io.netty.util.concurrent.FastThreadLocalRunnable.run(FastThreadLocalRunnable.java:30)
	... 1 more
Caused by: java.net.ConnectException: Connection refused
	... 11 more
2019-10-22 00:13:24,901 [2fdb3e93-e0d8-400e-8c33-91e2341b50c6@group-F01152B53F91-LeaderElection267] INFO  impl.RaftServerImpl (RaftServerImpl.java:setRole(184)) - 2fdb3e93-e0d8-400e-8c33-91e2341b50c6@group-F01152B53F91: changes role from CANDIDATE to FOLLOWER at term 266 for DISCOVERED_A_NEW_TERM
2019-10-22 00:13:24,902 [2fdb3e93-e0d8-400e-8c33-91e2341b50c6@group-F01152B53F91-LeaderElection267] INFO  impl.RoleInfo (RoleInfo.java:shutdownLeaderElection(134)) - 2fdb3e93-e0d8-400e-8c33-91e2341b50c6: shutdown LeaderElection
2019-10-22 00:13:24,902 [2fdb3e93-e0d8-400e-8c33-91e2341b50c6@group-F01152B53F91-LeaderElection267] INFO  impl.RoleInfo (RoleInfo.java:updateAndGet(143)) - 2fdb3e93-e0d8-400e-8c33-91e2341b50c6: start FollowerState
2019-10-22 00:13:24,994 [Thread-1482] INFO  impl.FollowerState (FollowerState.java:run(108)) - f318eb4e-a4da-4d18-984a-fa4eff1dbce1@group-597AF0FA787F-FollowerState: change to CANDIDATE, lastRpcTime:1480ms, electionTimeout:1128ms
2019-10-22 00:13:24,994 [Thread-1482] INFO  impl.RoleInfo (RoleInfo.java:shutdownFollowerState(121)) - f318eb4e-a4da-4d18-984a-fa4eff1dbce1: shutdown FollowerState
2019-10-22 00:13:24,994 [Thread-1482] INFO  impl.RaftServerImpl (RaftServerImpl.java:setRole(184)) - f318eb4e-a4da-4d18-984a-fa4eff1dbce1@group-597AF0FA787F: changes role from  FOLLOWER to CANDIDATE at term 6 for changeToCandidate
2019-10-22 00:13:24,994 [Thread-1482] INFO  impl.RoleInfo (RoleInfo.java:updateAndGet(143)) - f318eb4e-a4da-4d18-984a-fa4eff1dbce1: start LeaderElection
2019-10-22 00:13:24,994 [f318eb4e-a4da-4d18-984a-fa4eff1dbce1@group-597AF0FA787F-LeaderElection268] INFO  impl.RaftServerImpl (ServerState.java:setLeader(256)) - f318eb4e-a4da-4d18-984a-fa4eff1dbce1@group-597AF0FA787F: change Leader from 9d453efa-53cb-467a-9eb6-1ab0458610f0 to null at term 6 for initElection
2019-10-22 00:13:25,008 [f318eb4e-a4da-4d18-984a-fa4eff1dbce1@group-597AF0FA787F-LeaderElection268] INFO  impl.LeaderElection (LeaderElection.java:askForVotes(178)) - f318eb4e-a4da-4d18-984a-fa4eff1dbce1@group-597AF0FA787F-LeaderElection268: begin an election at term 7 for 20: [d521f5b1-4e7b-4169-9688-2112c7da7b1f:192.168.157.254:45094, 9d453efa-53cb-467a-9eb6-1ab0458610f0:192.168.157.254:38611, f318eb4e-a4da-4d18-984a-fa4eff1dbce1:192.168.157.254:43586], old=null
2019-10-22 00:13:25,012 [f318eb4e-a4da-4d18-984a-fa4eff1dbce1@group-597AF0FA787F-LeaderElection268] INFO  impl.LeaderElection (LogUtils.java:infoOrTrace(149)) - f318eb4e-a4da-4d18-984a-fa4eff1dbce1@group-597AF0FA787F-LeaderElection268 got exception when requesting votes: {}
java.util.concurrent.ExecutionException: org.apache.ratis.thirdparty.io.grpc.StatusRuntimeException: UNAVAILABLE: io exception
	at java.util.concurrent.FutureTask.report(FutureTask.java:122)
	at java.util.concurrent.FutureTask.get(FutureTask.java:192)
	at org.apache.ratis.server.impl.LeaderElection.waitForResults(LeaderElection.java:259)
	at org.apache.ratis.server.impl.LeaderElection.askForVotes(LeaderElection.java:197)
	at org.apache.ratis.server.impl.LeaderElection.run(LeaderElection.java:133)
	at java.lang.Thread.run(Thread.java:748)
Caused by: org.apache.ratis.thirdparty.io.grpc.StatusRuntimeException: UNAVAILABLE: io exception
	at org.apache.ratis.thirdparty.io.grpc.stub.ClientCalls.toStatusRuntimeException(ClientCalls.java:233)
	at org.apache.ratis.thirdparty.io.grpc.stub.ClientCalls.getUnchecked(ClientCalls.java:214)
	at org.apache.ratis.thirdparty.io.grpc.stub.ClientCalls.blockingUnaryCall(ClientCalls.java:139)
	at org.apache.ratis.proto.grpc.RaftServerProtocolServiceGrpc$RaftServerProtocolServiceBlockingStub.requestVote(RaftServerProtocolServiceGrpc.java:265)
	at org.apache.ratis.grpc.server.GrpcServerProtocolClient.requestVote(GrpcServerProtocolClient.java:99)
	at org.apache.ratis.grpc.server.GrpcService.requestVote(GrpcService.java:204)
	at org.apache.ratis.server.impl.LeaderElection.lambda$submitRequests$1(LeaderElection.java:234)
	at java.util.concurrent.FutureTask.run(FutureTask.java:266)
	at java.util.concurrent.Executors$RunnableAdapter.call(Executors.java:511)
	at java.util.concurrent.FutureTask.run(FutureTask.java:266)
	at java.util.concurrent.ThreadPoolExecutor.runWorker(ThreadPoolExecutor.java:1149)
	at java.util.concurrent.ThreadPoolExecutor$Worker.run(ThreadPoolExecutor.java:624)
	... 1 more
Caused by: org.apache.ratis.thirdparty.io.netty.channel.AbstractChannel$AnnotatedConnectException: Connection refused: /192.168.157.254:45094
	at sun.nio.ch.SocketChannelImpl.checkConnect(Native Method)
	at sun.nio.ch.SocketChannelImpl.finishConnect(SocketChannelImpl.java:717)
	at org.apache.ratis.thirdparty.io.netty.channel.socket.nio.NioSocketChannel.doFinishConnect(NioSocketChannel.java:327)
	at org.apache.ratis.thirdparty.io.netty.channel.nio.AbstractNioChannel$AbstractNioUnsafe.finishConnect(AbstractNioChannel.java:340)
	at org.apache.ratis.thirdparty.io.netty.channel.nio.NioEventLoop.processSelectedKey(NioEventLoop.java:632)
	at org.apache.ratis.thirdparty.io.netty.channel.nio.NioEventLoop.processSelectedKeysOptimized(NioEventLoop.java:579)
	at org.apache.ratis.thirdparty.io.netty.channel.nio.NioEventLoop.processSelectedKeys(NioEventLoop.java:496)
	at org.apache.ratis.thirdparty.io.netty.channel.nio.NioEventLoop.run(NioEventLoop.java:458)
	at org.apache.ratis.thirdparty.io.netty.util.concurrent.SingleThreadEventExecutor$5.run(SingleThreadEventExecutor.java:897)
	at org.apache.ratis.thirdparty.io.netty.util.concurrent.FastThreadLocalRunnable.run(FastThreadLocalRunnable.java:30)
	... 1 more
Caused by: java.net.ConnectException: Connection refused
	... 11 more
2019-10-22 00:13:25,013 [f318eb4e-a4da-4d18-984a-fa4eff1dbce1@group-597AF0FA787F-LeaderElection268] INFO  impl.LeaderElection (LogUtils.java:infoOrTrace(149)) - f318eb4e-a4da-4d18-984a-fa4eff1dbce1@group-597AF0FA787F-LeaderElection268 got exception when requesting votes: {}
java.util.concurrent.ExecutionException: org.apache.ratis.thirdparty.io.grpc.StatusRuntimeException: UNAVAILABLE: io exception
	at java.util.concurrent.FutureTask.report(FutureTask.java:122)
	at java.util.concurrent.FutureTask.get(FutureTask.java:192)
	at org.apache.ratis.server.impl.LeaderElection.waitForResults(LeaderElection.java:259)
	at org.apache.ratis.server.impl.LeaderElection.askForVotes(LeaderElection.java:197)
	at org.apache.ratis.server.impl.LeaderElection.run(LeaderElection.java:133)
	at java.lang.Thread.run(Thread.java:748)
Caused by: org.apache.ratis.thirdparty.io.grpc.StatusRuntimeException: UNAVAILABLE: io exception
	at org.apache.ratis.thirdparty.io.grpc.stub.ClientCalls.toStatusRuntimeException(ClientCalls.java:233)
	at org.apache.ratis.thirdparty.io.grpc.stub.ClientCalls.getUnchecked(ClientCalls.java:214)
	at org.apache.ratis.thirdparty.io.grpc.stub.ClientCalls.blockingUnaryCall(ClientCalls.java:139)
	at org.apache.ratis.proto.grpc.RaftServerProtocolServiceGrpc$RaftServerProtocolServiceBlockingStub.requestVote(RaftServerProtocolServiceGrpc.java:265)
	at org.apache.ratis.grpc.server.GrpcServerProtocolClient.requestVote(GrpcServerProtocolClient.java:99)
	at org.apache.ratis.grpc.server.GrpcService.requestVote(GrpcService.java:204)
	at org.apache.ratis.server.impl.LeaderElection.lambda$submitRequests$1(LeaderElection.java:234)
	at java.util.concurrent.FutureTask.run(FutureTask.java:266)
	at java.util.concurrent.Executors$RunnableAdapter.call(Executors.java:511)
	at java.util.concurrent.FutureTask.run(FutureTask.java:266)
	at java.util.concurrent.ThreadPoolExecutor.runWorker(ThreadPoolExecutor.java:1149)
	at java.util.concurrent.ThreadPoolExecutor$Worker.run(ThreadPoolExecutor.java:624)
	... 1 more
Caused by: org.apache.ratis.thirdparty.io.netty.channel.AbstractChannel$AnnotatedConnectException: Connection refused: /192.168.157.254:38611
	at sun.nio.ch.SocketChannelImpl.checkConnect(Native Method)
	at sun.nio.ch.SocketChannelImpl.finishConnect(SocketChannelImpl.java:717)
	at org.apache.ratis.thirdparty.io.netty.channel.socket.nio.NioSocketChannel.doFinishConnect(NioSocketChannel.java:327)
	at org.apache.ratis.thirdparty.io.netty.channel.nio.AbstractNioChannel$AbstractNioUnsafe.finishConnect(AbstractNioChannel.java:340)
	at org.apache.ratis.thirdparty.io.netty.channel.nio.NioEventLoop.processSelectedKey(NioEventLoop.java:632)
	at org.apache.ratis.thirdparty.io.netty.channel.nio.NioEventLoop.processSelectedKeysOptimized(NioEventLoop.java:579)
	at org.apache.ratis.thirdparty.io.netty.channel.nio.NioEventLoop.processSelectedKeys(NioEventLoop.java:496)
	at org.apache.ratis.thirdparty.io.netty.channel.nio.NioEventLoop.run(NioEventLoop.java:458)
	at org.apache.ratis.thirdparty.io.netty.util.concurrent.SingleThreadEventExecutor$5.run(SingleThreadEventExecutor.java:897)
	at org.apache.ratis.thirdparty.io.netty.util.concurrent.FastThreadLocalRunnable.run(FastThreadLocalRunnable.java:30)
	... 1 more
Caused by: java.net.ConnectException: Connection refused
	... 11 more
2019-10-22 00:13:25,013 [f318eb4e-a4da-4d18-984a-fa4eff1dbce1@group-597AF0FA787F-LeaderElection268] INFO  impl.LeaderElection (LeaderElection.java:logAndReturn(56)) - f318eb4e-a4da-4d18-984a-fa4eff1dbce1@group-597AF0FA787F-LeaderElection268: Election REJECTED; received 0 response(s) [] and 2 exception(s); f318eb4e-a4da-4d18-984a-fa4eff1dbce1@group-597AF0FA787F:t7, leader=null, voted=f318eb4e-a4da-4d18-984a-fa4eff1dbce1, raftlog=f318eb4e-a4da-4d18-984a-fa4eff1dbce1@group-597AF0FA787F-SegmentedRaftLog:OPENED:c21,f21,i21, conf=20: [d521f5b1-4e7b-4169-9688-2112c7da7b1f:192.168.157.254:45094, 9d453efa-53cb-467a-9eb6-1ab0458610f0:192.168.157.254:38611, f318eb4e-a4da-4d18-984a-fa4eff1dbce1:192.168.157.254:43586], old=null
2019-10-22 00:13:25,013 [f318eb4e-a4da-4d18-984a-fa4eff1dbce1@group-597AF0FA787F-LeaderElection268] INFO  impl.LeaderElection (LogUtils.java:infoOrTrace(149)) -   Exception 0: {}
java.util.concurrent.ExecutionException: org.apache.ratis.thirdparty.io.grpc.StatusRuntimeException: UNAVAILABLE: io exception
	at java.util.concurrent.FutureTask.report(FutureTask.java:122)
	at java.util.concurrent.FutureTask.get(FutureTask.java:192)
	at org.apache.ratis.server.impl.LeaderElection.waitForResults(LeaderElection.java:259)
	at org.apache.ratis.server.impl.LeaderElection.askForVotes(LeaderElection.java:197)
	at org.apache.ratis.server.impl.LeaderElection.run(LeaderElection.java:133)
	at java.lang.Thread.run(Thread.java:748)
Caused by: org.apache.ratis.thirdparty.io.grpc.StatusRuntimeException: UNAVAILABLE: io exception
	at org.apache.ratis.thirdparty.io.grpc.stub.ClientCalls.toStatusRuntimeException(ClientCalls.java:233)
	at org.apache.ratis.thirdparty.io.grpc.stub.ClientCalls.getUnchecked(ClientCalls.java:214)
	at org.apache.ratis.thirdparty.io.grpc.stub.ClientCalls.blockingUnaryCall(ClientCalls.java:139)
	at org.apache.ratis.proto.grpc.RaftServerProtocolServiceGrpc$RaftServerProtocolServiceBlockingStub.requestVote(RaftServerProtocolServiceGrpc.java:265)
	at org.apache.ratis.grpc.server.GrpcServerProtocolClient.requestVote(GrpcServerProtocolClient.java:99)
	at org.apache.ratis.grpc.server.GrpcService.requestVote(GrpcService.java:204)
	at org.apache.ratis.server.impl.LeaderElection.lambda$submitRequests$1(LeaderElection.java:234)
	at java.util.concurrent.FutureTask.run(FutureTask.java:266)
	at java.util.concurrent.Executors$RunnableAdapter.call(Executors.java:511)
	at java.util.concurrent.FutureTask.run(FutureTask.java:266)
	at java.util.concurrent.ThreadPoolExecutor.runWorker(ThreadPoolExecutor.java:1149)
	at java.util.concurrent.ThreadPoolExecutor$Worker.run(ThreadPoolExecutor.java:624)
	... 1 more
Caused by: org.apache.ratis.thirdparty.io.netty.channel.AbstractChannel$AnnotatedConnectException: Connection refused: /192.168.157.254:45094
	at sun.nio.ch.SocketChannelImpl.checkConnect(Native Method)
	at sun.nio.ch.SocketChannelImpl.finishConnect(SocketChannelImpl.java:717)
	at org.apache.ratis.thirdparty.io.netty.channel.socket.nio.NioSocketChannel.doFinishConnect(NioSocketChannel.java:327)
	at org.apache.ratis.thirdparty.io.netty.channel.nio.AbstractNioChannel$AbstractNioUnsafe.finishConnect(AbstractNioChannel.java:340)
	at org.apache.ratis.thirdparty.io.netty.channel.nio.NioEventLoop.processSelectedKey(NioEventLoop.java:632)
	at org.apache.ratis.thirdparty.io.netty.channel.nio.NioEventLoop.processSelectedKeysOptimized(NioEventLoop.java:579)
	at org.apache.ratis.thirdparty.io.netty.channel.nio.NioEventLoop.processSelectedKeys(NioEventLoop.java:496)
	at org.apache.ratis.thirdparty.io.netty.channel.nio.NioEventLoop.run(NioEventLoop.java:458)
	at org.apache.ratis.thirdparty.io.netty.util.concurrent.SingleThreadEventExecutor$5.run(SingleThreadEventExecutor.java:897)
	at org.apache.ratis.thirdparty.io.netty.util.concurrent.FastThreadLocalRunnable.run(FastThreadLocalRunnable.java:30)
	... 1 more
Caused by: java.net.ConnectException: Connection refused
	... 11 more
2019-10-22 00:13:25,014 [f318eb4e-a4da-4d18-984a-fa4eff1dbce1@group-597AF0FA787F-LeaderElection268] INFO  impl.LeaderElection (LogUtils.java:infoOrTrace(149)) -   Exception 1: {}
java.util.concurrent.ExecutionException: org.apache.ratis.thirdparty.io.grpc.StatusRuntimeException: UNAVAILABLE: io exception
	at java.util.concurrent.FutureTask.report(FutureTask.java:122)
	at java.util.concurrent.FutureTask.get(FutureTask.java:192)
	at org.apache.ratis.server.impl.LeaderElection.waitForResults(LeaderElection.java:259)
	at org.apache.ratis.server.impl.LeaderElection.askForVotes(LeaderElection.java:197)
	at org.apache.ratis.server.impl.LeaderElection.run(LeaderElection.java:133)
	at java.lang.Thread.run(Thread.java:748)
Caused by: org.apache.ratis.thirdparty.io.grpc.StatusRuntimeException: UNAVAILABLE: io exception
	at org.apache.ratis.thirdparty.io.grpc.stub.ClientCalls.toStatusRuntimeException(ClientCalls.java:233)
	at org.apache.ratis.thirdparty.io.grpc.stub.ClientCalls.getUnchecked(ClientCalls.java:214)
	at org.apache.ratis.thirdparty.io.grpc.stub.ClientCalls.blockingUnaryCall(ClientCalls.java:139)
	at org.apache.ratis.proto.grpc.RaftServerProtocolServiceGrpc$RaftServerProtocolServiceBlockingStub.requestVote(RaftServerProtocolServiceGrpc.java:265)
	at org.apache.ratis.grpc.server.GrpcServerProtocolClient.requestVote(GrpcServerProtocolClient.java:99)
	at org.apache.ratis.grpc.server.GrpcService.requestVote(GrpcService.java:204)
	at org.apache.ratis.server.impl.LeaderElection.lambda$submitRequests$1(LeaderElection.java:234)
	at java.util.concurrent.FutureTask.run(FutureTask.java:266)
	at java.util.concurrent.Executors$RunnableAdapter.call(Executors.java:511)
	at java.util.concurrent.FutureTask.run(FutureTask.java:266)
	at java.util.concurrent.ThreadPoolExecutor.runWorker(ThreadPoolExecutor.java:1149)
	at java.util.concurrent.ThreadPoolExecutor$Worker.run(ThreadPoolExecutor.java:624)
	... 1 more
Caused by: org.apache.ratis.thirdparty.io.netty.channel.AbstractChannel$AnnotatedConnectException: Connection refused: /192.168.157.254:38611
	at sun.nio.ch.SocketChannelImpl.checkConnect(Native Method)
	at sun.nio.ch.SocketChannelImpl.finishConnect(SocketChannelImpl.java:717)
	at org.apache.ratis.thirdparty.io.netty.channel.socket.nio.NioSocketChannel.doFinishConnect(NioSocketChannel.java:327)
	at org.apache.ratis.thirdparty.io.netty.channel.nio.AbstractNioChannel$AbstractNioUnsafe.finishConnect(AbstractNioChannel.java:340)
	at org.apache.ratis.thirdparty.io.netty.channel.nio.NioEventLoop.processSelectedKey(NioEventLoop.java:632)
	at org.apache.ratis.thirdparty.io.netty.channel.nio.NioEventLoop.processSelectedKeysOptimized(NioEventLoop.java:579)
	at org.apache.ratis.thirdparty.io.netty.channel.nio.NioEventLoop.processSelectedKeys(NioEventLoop.java:496)
	at org.apache.ratis.thirdparty.io.netty.channel.nio.NioEventLoop.run(NioEventLoop.java:458)
	at org.apache.ratis.thirdparty.io.netty.util.concurrent.SingleThreadEventExecutor$5.run(SingleThreadEventExecutor.java:897)
	at org.apache.ratis.thirdparty.io.netty.util.concurrent.FastThreadLocalRunnable.run(FastThreadLocalRunnable.java:30)
	... 1 more
Caused by: java.net.ConnectException: Connection refused
	... 11 more
2019-10-22 00:13:25,014 [f318eb4e-a4da-4d18-984a-fa4eff1dbce1@group-597AF0FA787F-LeaderElection268] INFO  impl.RaftServerImpl (RaftServerImpl.java:setRole(184)) - f318eb4e-a4da-4d18-984a-fa4eff1dbce1@group-597AF0FA787F: changes role from CANDIDATE to FOLLOWER at term 7 for DISCOVERED_A_NEW_TERM
2019-10-22 00:13:25,014 [f318eb4e-a4da-4d18-984a-fa4eff1dbce1@group-597AF0FA787F-LeaderElection268] INFO  impl.RoleInfo (RoleInfo.java:shutdownLeaderElection(134)) - f318eb4e-a4da-4d18-984a-fa4eff1dbce1: shutdown LeaderElection
2019-10-22 00:13:25,014 [f318eb4e-a4da-4d18-984a-fa4eff1dbce1@group-597AF0FA787F-LeaderElection268] INFO  impl.RoleInfo (RoleInfo.java:updateAndGet(143)) - f318eb4e-a4da-4d18-984a-fa4eff1dbce1: start FollowerState
2019-10-22 00:13:25,075 [Thread-2113] INFO  impl.FollowerState (FollowerState.java:run(108)) - 2fdb3e93-e0d8-400e-8c33-91e2341b50c6@group-F01152B53F91-FollowerState: change to CANDIDATE, lastRpcTime:173ms, electionTimeout:173ms
2019-10-22 00:13:25,075 [Thread-2113] INFO  impl.RoleInfo (RoleInfo.java:shutdownFollowerState(121)) - 2fdb3e93-e0d8-400e-8c33-91e2341b50c6: shutdown FollowerState
2019-10-22 00:13:25,075 [Thread-2113] INFO  impl.RaftServerImpl (RaftServerImpl.java:setRole(184)) - 2fdb3e93-e0d8-400e-8c33-91e2341b50c6@group-F01152B53F91: changes role from  FOLLOWER to CANDIDATE at term 266 for changeToCandidate
2019-10-22 00:13:25,075 [Thread-2113] INFO  impl.RoleInfo (RoleInfo.java:updateAndGet(143)) - 2fdb3e93-e0d8-400e-8c33-91e2341b50c6: start LeaderElection
2019-10-22 00:13:25,089 [2fdb3e93-e0d8-400e-8c33-91e2341b50c6@group-F01152B53F91-LeaderElection269] INFO  impl.LeaderElection (LeaderElection.java:askForVotes(178)) - 2fdb3e93-e0d8-400e-8c33-91e2341b50c6@group-F01152B53F91-LeaderElection269: begin an election at term 267 for -1: [2fdb3e93-e0d8-400e-8c33-91e2341b50c6:192.168.157.254:43254, 062c71de-08d9-40ee-9309-15590e2e8e68:192.168.157.254:45598, 2a52019e-5647-44e1-bf30-9a43fd8a7377:192.168.157.254:36038], old=null
2019-10-22 00:13:25,089 [2fdb3e93-e0d8-400e-8c33-91e2341b50c6@group-F01152B53F91-LeaderElection269] INFO  impl.LeaderElection (LogUtils.java:infoOrTrace(149)) - 2fdb3e93-e0d8-400e-8c33-91e2341b50c6@group-F01152B53F91-LeaderElection269 got exception when requesting votes: {}
java.util.concurrent.ExecutionException: org.apache.ratis.thirdparty.io.grpc.StatusRuntimeException: UNAVAILABLE: io exception
	at java.util.concurrent.FutureTask.report(FutureTask.java:122)
	at java.util.concurrent.FutureTask.get(FutureTask.java:192)
	at org.apache.ratis.server.impl.LeaderElection.waitForResults(LeaderElection.java:259)
	at org.apache.ratis.server.impl.LeaderElection.askForVotes(LeaderElection.java:197)
	at org.apache.ratis.server.impl.LeaderElection.run(LeaderElection.java:133)
	at java.lang.Thread.run(Thread.java:748)
Caused by: org.apache.ratis.thirdparty.io.grpc.StatusRuntimeException: UNAVAILABLE: io exception
	at org.apache.ratis.thirdparty.io.grpc.stub.ClientCalls.toStatusRuntimeException(ClientCalls.java:233)
	at org.apache.ratis.thirdparty.io.grpc.stub.ClientCalls.getUnchecked(ClientCalls.java:214)
	at org.apache.ratis.thirdparty.io.grpc.stub.ClientCalls.blockingUnaryCall(ClientCalls.java:139)
	at org.apache.ratis.proto.grpc.RaftServerProtocolServiceGrpc$RaftServerProtocolServiceBlockingStub.requestVote(RaftServerProtocolServiceGrpc.java:265)
	at org.apache.ratis.grpc.server.GrpcServerProtocolClient.requestVote(GrpcServerProtocolClient.java:99)
	at org.apache.ratis.grpc.server.GrpcService.requestVote(GrpcService.java:204)
	at org.apache.ratis.server.impl.LeaderElection.lambda$submitRequests$1(LeaderElection.java:234)
	at java.util.concurrent.FutureTask.run(FutureTask.java:266)
	at java.util.concurrent.Executors$RunnableAdapter.call(Executors.java:511)
	at java.util.concurrent.FutureTask.run(FutureTask.java:266)
	at java.util.concurrent.ThreadPoolExecutor.runWorker(ThreadPoolExecutor.java:1149)
	at java.util.concurrent.ThreadPoolExecutor$Worker.run(ThreadPoolExecutor.java:624)
	... 1 more
Caused by: org.apache.ratis.thirdparty.io.netty.channel.AbstractChannel$AnnotatedConnectException: Connection refused: /192.168.157.254:36038
	at sun.nio.ch.SocketChannelImpl.checkConnect(Native Method)
	at sun.nio.ch.SocketChannelImpl.finishConnect(SocketChannelImpl.java:717)
	at org.apache.ratis.thirdparty.io.netty.channel.socket.nio.NioSocketChannel.doFinishConnect(NioSocketChannel.java:327)
	at org.apache.ratis.thirdparty.io.netty.channel.nio.AbstractNioChannel$AbstractNioUnsafe.finishConnect(AbstractNioChannel.java:340)
	at org.apache.ratis.thirdparty.io.netty.channel.nio.NioEventLoop.processSelectedKey(NioEventLoop.java:632)
	at org.apache.ratis.thirdparty.io.netty.channel.nio.NioEventLoop.processSelectedKeysOptimized(NioEventLoop.java:579)
	at org.apache.ratis.thirdparty.io.netty.channel.nio.NioEventLoop.processSelectedKeys(NioEventLoop.java:496)
	at org.apache.ratis.thirdparty.io.netty.channel.nio.NioEventLoop.run(NioEventLoop.java:458)
	at org.apache.ratis.thirdparty.io.netty.util.concurrent.SingleThreadEventExecutor$5.run(SingleThreadEventExecutor.java:897)
	at org.apache.ratis.thirdparty.io.netty.util.concurrent.FastThreadLocalRunnable.run(FastThreadLocalRunnable.java:30)
	... 1 more
Caused by: java.net.ConnectException: Connection refused
	... 11 more
2019-10-22 00:13:25,090 [2fdb3e93-e0d8-400e-8c33-91e2341b50c6@group-F01152B53F91-LeaderElection269] INFO  impl.LeaderElection (LogUtils.java:infoOrTrace(149)) - 2fdb3e93-e0d8-400e-8c33-91e2341b50c6@group-F01152B53F91-LeaderElection269 got exception when requesting votes: {}
java.util.concurrent.ExecutionException: org.apache.ratis.thirdparty.io.grpc.StatusRuntimeException: UNAVAILABLE: io exception
	at java.util.concurrent.FutureTask.report(FutureTask.java:122)
	at java.util.concurrent.FutureTask.get(FutureTask.java:192)
	at org.apache.ratis.server.impl.LeaderElection.waitForResults(LeaderElection.java:259)
	at org.apache.ratis.server.impl.LeaderElection.askForVotes(LeaderElection.java:197)
	at org.apache.ratis.server.impl.LeaderElection.run(LeaderElection.java:133)
	at java.lang.Thread.run(Thread.java:748)
Caused by: org.apache.ratis.thirdparty.io.grpc.StatusRuntimeException: UNAVAILABLE: io exception
	at org.apache.ratis.thirdparty.io.grpc.stub.ClientCalls.toStatusRuntimeException(ClientCalls.java:233)
	at org.apache.ratis.thirdparty.io.grpc.stub.ClientCalls.getUnchecked(ClientCalls.java:214)
	at org.apache.ratis.thirdparty.io.grpc.stub.ClientCalls.blockingUnaryCall(ClientCalls.java:139)
	at org.apache.ratis.proto.grpc.RaftServerProtocolServiceGrpc$RaftServerProtocolServiceBlockingStub.requestVote(RaftServerProtocolServiceGrpc.java:265)
	at org.apache.ratis.grpc.server.GrpcServerProtocolClient.requestVote(GrpcServerProtocolClient.java:99)
	at org.apache.ratis.grpc.server.GrpcService.requestVote(GrpcService.java:204)
	at org.apache.ratis.server.impl.LeaderElection.lambda$submitRequests$1(LeaderElection.java:234)
	at java.util.concurrent.FutureTask.run(FutureTask.java:266)
	at java.util.concurrent.Executors$RunnableAdapter.call(Executors.java:511)
	at java.util.concurrent.FutureTask.run(FutureTask.java:266)
	at java.util.concurrent.ThreadPoolExecutor.runWorker(ThreadPoolExecutor.java:1149)
	at java.util.concurrent.ThreadPoolExecutor$Worker.run(ThreadPoolExecutor.java:624)
	... 1 more
Caused by: org.apache.ratis.thirdparty.io.netty.channel.AbstractChannel$AnnotatedConnectException: Connection refused: /192.168.157.254:45598
	at sun.nio.ch.SocketChannelImpl.checkConnect(Native Method)
	at sun.nio.ch.SocketChannelImpl.finishConnect(SocketChannelImpl.java:717)
	at org.apache.ratis.thirdparty.io.netty.channel.socket.nio.NioSocketChannel.doFinishConnect(NioSocketChannel.java:327)
	at org.apache.ratis.thirdparty.io.netty.channel.nio.AbstractNioChannel$AbstractNioUnsafe.finishConnect(AbstractNioChannel.java:340)
	at org.apache.ratis.thirdparty.io.netty.channel.nio.NioEventLoop.processSelectedKey(NioEventLoop.java:632)
	at org.apache.ratis.thirdparty.io.netty.channel.nio.NioEventLoop.processSelectedKeysOptimized(NioEventLoop.java:579)
	at org.apache.ratis.thirdparty.io.netty.channel.nio.NioEventLoop.processSelectedKeys(NioEventLoop.java:496)
	at org.apache.ratis.thirdparty.io.netty.channel.nio.NioEventLoop.run(NioEventLoop.java:458)
	at org.apache.ratis.thirdparty.io.netty.util.concurrent.SingleThreadEventExecutor$5.run(SingleThreadEventExecutor.java:897)
	at org.apache.ratis.thirdparty.io.netty.util.concurrent.FastThreadLocalRunnable.run(FastThreadLocalRunnable.java:30)
	... 1 more
Caused by: java.net.ConnectException: Connection refused
	... 11 more
2019-10-22 00:13:25,090 [2fdb3e93-e0d8-400e-8c33-91e2341b50c6@group-F01152B53F91-LeaderElection269] INFO  impl.LeaderElection (LeaderElection.java:logAndReturn(56)) - 2fdb3e93-e0d8-400e-8c33-91e2341b50c6@group-F01152B53F91-LeaderElection269: Election REJECTED; received 0 response(s) [] and 2 exception(s); 2fdb3e93-e0d8-400e-8c33-91e2341b50c6@group-F01152B53F91:t267, leader=null, voted=2fdb3e93-e0d8-400e-8c33-91e2341b50c6, raftlog=2fdb3e93-e0d8-400e-8c33-91e2341b50c6@group-F01152B53F91-SegmentedRaftLog:OPENED:c-1,f-1,i0, conf=-1: [2fdb3e93-e0d8-400e-8c33-91e2341b50c6:192.168.157.254:43254, 062c71de-08d9-40ee-9309-15590e2e8e68:192.168.157.254:45598, 2a52019e-5647-44e1-bf30-9a43fd8a7377:192.168.157.254:36038], old=null
2019-10-22 00:13:25,090 [2fdb3e93-e0d8-400e-8c33-91e2341b50c6@group-F01152B53F91-LeaderElection269] INFO  impl.LeaderElection (LogUtils.java:infoOrTrace(149)) -   Exception 0: {}
java.util.concurrent.ExecutionException: org.apache.ratis.thirdparty.io.grpc.StatusRuntimeException: UNAVAILABLE: io exception
	at java.util.concurrent.FutureTask.report(FutureTask.java:122)
	at java.util.concurrent.FutureTask.get(FutureTask.java:192)
	at org.apache.ratis.server.impl.LeaderElection.waitForResults(LeaderElection.java:259)
	at org.apache.ratis.server.impl.LeaderElection.askForVotes(LeaderElection.java:197)
	at org.apache.ratis.server.impl.LeaderElection.run(LeaderElection.java:133)
	at java.lang.Thread.run(Thread.java:748)
Caused by: org.apache.ratis.thirdparty.io.grpc.StatusRuntimeException: UNAVAILABLE: io exception
	at org.apache.ratis.thirdparty.io.grpc.stub.ClientCalls.toStatusRuntimeException(ClientCalls.java:233)
	at org.apache.ratis.thirdparty.io.grpc.stub.ClientCalls.getUnchecked(ClientCalls.java:214)
	at org.apache.ratis.thirdparty.io.grpc.stub.ClientCalls.blockingUnaryCall(ClientCalls.java:139)
	at org.apache.ratis.proto.grpc.RaftServerProtocolServiceGrpc$RaftServerProtocolServiceBlockingStub.requestVote(RaftServerProtocolServiceGrpc.java:265)
	at org.apache.ratis.grpc.server.GrpcServerProtocolClient.requestVote(GrpcServerProtocolClient.java:99)
	at org.apache.ratis.grpc.server.GrpcService.requestVote(GrpcService.java:204)
	at org.apache.ratis.server.impl.LeaderElection.lambda$submitRequests$1(LeaderElection.java:234)
	at java.util.concurrent.FutureTask.run(FutureTask.java:266)
	at java.util.concurrent.Executors$RunnableAdapter.call(Executors.java:511)
	at java.util.concurrent.FutureTask.run(FutureTask.java:266)
	at java.util.concurrent.ThreadPoolExecutor.runWorker(ThreadPoolExecutor.java:1149)
	at java.util.concurrent.ThreadPoolExecutor$Worker.run(ThreadPoolExecutor.java:624)
	... 1 more
Caused by: org.apache.ratis.thirdparty.io.netty.channel.AbstractChannel$AnnotatedConnectException: Connection refused: /192.168.157.254:36038
	at sun.nio.ch.SocketChannelImpl.checkConnect(Native Method)
	at sun.nio.ch.SocketChannelImpl.finishConnect(SocketChannelImpl.java:717)
	at org.apache.ratis.thirdparty.io.netty.channel.socket.nio.NioSocketChannel.doFinishConnect(NioSocketChannel.java:327)
	at org.apache.ratis.thirdparty.io.netty.channel.nio.AbstractNioChannel$AbstractNioUnsafe.finishConnect(AbstractNioChannel.java:340)
	at org.apache.ratis.thirdparty.io.netty.channel.nio.NioEventLoop.processSelectedKey(NioEventLoop.java:632)
	at org.apache.ratis.thirdparty.io.netty.channel.nio.NioEventLoop.processSelectedKeysOptimized(NioEventLoop.java:579)
	at org.apache.ratis.thirdparty.io.netty.channel.nio.NioEventLoop.processSelectedKeys(NioEventLoop.java:496)
	at org.apache.ratis.thirdparty.io.netty.channel.nio.NioEventLoop.run(NioEventLoop.java:458)
	at org.apache.ratis.thirdparty.io.netty.util.concurrent.SingleThreadEventExecutor$5.run(SingleThreadEventExecutor.java:897)
	at org.apache.ratis.thirdparty.io.netty.util.concurrent.FastThreadLocalRunnable.run(FastThreadLocalRunnable.java:30)
	... 1 more
Caused by: java.net.ConnectException: Connection refused
	... 11 more
2019-10-22 00:13:25,090 [2fdb3e93-e0d8-400e-8c33-91e2341b50c6@group-F01152B53F91-LeaderElection269] INFO  impl.LeaderElection (LogUtils.java:infoOrTrace(149)) -   Exception 1: {}
java.util.concurrent.ExecutionException: org.apache.ratis.thirdparty.io.grpc.StatusRuntimeException: UNAVAILABLE: io exception
	at java.util.concurrent.FutureTask.report(FutureTask.java:122)
	at java.util.concurrent.FutureTask.get(FutureTask.java:192)
	at org.apache.ratis.server.impl.LeaderElection.waitForResults(LeaderElection.java:259)
	at org.apache.ratis.server.impl.LeaderElection.askForVotes(LeaderElection.java:197)
	at org.apache.ratis.server.impl.LeaderElection.run(LeaderElection.java:133)
	at java.lang.Thread.run(Thread.java:748)
Caused by: org.apache.ratis.thirdparty.io.grpc.StatusRuntimeException: UNAVAILABLE: io exception
	at org.apache.ratis.thirdparty.io.grpc.stub.ClientCalls.toStatusRuntimeException(ClientCalls.java:233)
	at org.apache.ratis.thirdparty.io.grpc.stub.ClientCalls.getUnchecked(ClientCalls.java:214)
	at org.apache.ratis.thirdparty.io.grpc.stub.ClientCalls.blockingUnaryCall(ClientCalls.java:139)
	at org.apache.ratis.proto.grpc.RaftServerProtocolServiceGrpc$RaftServerProtocolServiceBlockingStub.requestVote(RaftServerProtocolServiceGrpc.java:265)
	at org.apache.ratis.grpc.server.GrpcServerProtocolClient.requestVote(GrpcServerProtocolClient.java:99)
	at org.apache.ratis.grpc.server.GrpcService.requestVote(GrpcService.java:204)
	at org.apache.ratis.server.impl.LeaderElection.lambda$submitRequests$1(LeaderElection.java:234)
	at java.util.concurrent.FutureTask.run(FutureTask.java:266)
	at java.util.concurrent.Executors$RunnableAdapter.call(Executors.java:511)
	at java.util.concurrent.FutureTask.run(FutureTask.java:266)
	at java.util.concurrent.ThreadPoolExecutor.runWorker(ThreadPoolExecutor.java:1149)
	at java.util.concurrent.ThreadPoolExecutor$Worker.run(ThreadPoolExecutor.java:624)
	... 1 more
Caused by: org.apache.ratis.thirdparty.io.netty.channel.AbstractChannel$AnnotatedConnectException: Connection refused: /192.168.157.254:45598
	at sun.nio.ch.SocketChannelImpl.checkConnect(Native Method)
	at sun.nio.ch.SocketChannelImpl.finishConnect(SocketChannelImpl.java:717)
	at org.apache.ratis.thirdparty.io.netty.channel.socket.nio.NioSocketChannel.doFinishConnect(NioSocketChannel.java:327)
	at org.apache.ratis.thirdparty.io.netty.channel.nio.AbstractNioChannel$AbstractNioUnsafe.finishConnect(AbstractNioChannel.java:340)
	at org.apache.ratis.thirdparty.io.netty.channel.nio.NioEventLoop.processSelectedKey(NioEventLoop.java:632)
	at org.apache.ratis.thirdparty.io.netty.channel.nio.NioEventLoop.processSelectedKeysOptimized(NioEventLoop.java:579)
	at org.apache.ratis.thirdparty.io.netty.channel.nio.NioEventLoop.processSelectedKeys(NioEventLoop.java:496)
	at org.apache.ratis.thirdparty.io.netty.channel.nio.NioEventLoop.run(NioEventLoop.java:458)
	at org.apache.ratis.thirdparty.io.netty.util.concurrent.SingleThreadEventExecutor$5.run(SingleThreadEventExecutor.java:897)
	at org.apache.ratis.thirdparty.io.netty.util.concurrent.FastThreadLocalRunnable.run(FastThreadLocalRunnable.java:30)
	... 1 more
Caused by: java.net.ConnectException: Connection refused
	... 11 more
2019-10-22 00:13:25,091 [2fdb3e93-e0d8-400e-8c33-91e2341b50c6@group-F01152B53F91-LeaderElection269] INFO  impl.RaftServerImpl (RaftServerImpl.java:setRole(184)) - 2fdb3e93-e0d8-400e-8c33-91e2341b50c6@group-F01152B53F91: changes role from CANDIDATE to FOLLOWER at term 267 for DISCOVERED_A_NEW_TERM
2019-10-22 00:13:25,091 [2fdb3e93-e0d8-400e-8c33-91e2341b50c6@group-F01152B53F91-LeaderElection269] INFO  impl.RoleInfo (RoleInfo.java:shutdownLeaderElection(134)) - 2fdb3e93-e0d8-400e-8c33-91e2341b50c6: shutdown LeaderElection
2019-10-22 00:13:25,091 [2fdb3e93-e0d8-400e-8c33-91e2341b50c6@group-F01152B53F91-LeaderElection269] INFO  impl.RoleInfo (RoleInfo.java:updateAndGet(143)) - 2fdb3e93-e0d8-400e-8c33-91e2341b50c6: start FollowerState
2019-10-22 00:13:25,255 [Thread-2121] INFO  impl.FollowerState (FollowerState.java:run(108)) - 2fdb3e93-e0d8-400e-8c33-91e2341b50c6@group-F01152B53F91-FollowerState: change to CANDIDATE, lastRpcTime:164ms, electionTimeout:164ms
2019-10-22 00:13:25,255 [Thread-2121] INFO  impl.RoleInfo (RoleInfo.java:shutdownFollowerState(121)) - 2fdb3e93-e0d8-400e-8c33-91e2341b50c6: shutdown FollowerState
2019-10-22 00:13:25,256 [Thread-2121] INFO  impl.RaftServerImpl (RaftServerImpl.java:setRole(184)) - 2fdb3e93-e0d8-400e-8c33-91e2341b50c6@group-F01152B53F91: changes role from  FOLLOWER to CANDIDATE at term 267 for changeToCandidate
2019-10-22 00:13:25,256 [Thread-2121] INFO  impl.RoleInfo (RoleInfo.java:updateAndGet(143)) - 2fdb3e93-e0d8-400e-8c33-91e2341b50c6: start LeaderElection
2019-10-22 00:13:25,285 [2fdb3e93-e0d8-400e-8c33-91e2341b50c6@group-F01152B53F91-LeaderElection270] INFO  impl.LeaderElection (LeaderElection.java:askForVotes(178)) - 2fdb3e93-e0d8-400e-8c33-91e2341b50c6@group-F01152B53F91-LeaderElection270: begin an election at term 268 for -1: [2fdb3e93-e0d8-400e-8c33-91e2341b50c6:192.168.157.254:43254, 062c71de-08d9-40ee-9309-15590e2e8e68:192.168.157.254:45598, 2a52019e-5647-44e1-bf30-9a43fd8a7377:192.168.157.254:36038], old=null
2019-10-22 00:13:25,286 [2fdb3e93-e0d8-400e-8c33-91e2341b50c6@group-F01152B53F91-LeaderElection270] INFO  impl.LeaderElection (LogUtils.java:infoOrTrace(149)) - 2fdb3e93-e0d8-400e-8c33-91e2341b50c6@group-F01152B53F91-LeaderElection270 got exception when requesting votes: {}
java.util.concurrent.ExecutionException: org.apache.ratis.thirdparty.io.grpc.StatusRuntimeException: UNAVAILABLE: io exception
	at java.util.concurrent.FutureTask.report(FutureTask.java:122)
	at java.util.concurrent.FutureTask.get(FutureTask.java:192)
	at org.apache.ratis.server.impl.LeaderElection.waitForResults(LeaderElection.java:259)
	at org.apache.ratis.server.impl.LeaderElection.askForVotes(LeaderElection.java:197)
	at org.apache.ratis.server.impl.LeaderElection.run(LeaderElection.java:133)
	at java.lang.Thread.run(Thread.java:748)
Caused by: org.apache.ratis.thirdparty.io.grpc.StatusRuntimeException: UNAVAILABLE: io exception
	at org.apache.ratis.thirdparty.io.grpc.stub.ClientCalls.toStatusRuntimeException(ClientCalls.java:233)
	at org.apache.ratis.thirdparty.io.grpc.stub.ClientCalls.getUnchecked(ClientCalls.java:214)
	at org.apache.ratis.thirdparty.io.grpc.stub.ClientCalls.blockingUnaryCall(ClientCalls.java:139)
	at org.apache.ratis.proto.grpc.RaftServerProtocolServiceGrpc$RaftServerProtocolServiceBlockingStub.requestVote(RaftServerProtocolServiceGrpc.java:265)
	at org.apache.ratis.grpc.server.GrpcServerProtocolClient.requestVote(GrpcServerProtocolClient.java:99)
	at org.apache.ratis.grpc.server.GrpcService.requestVote(GrpcService.java:204)
	at org.apache.ratis.server.impl.LeaderElection.lambda$submitRequests$1(LeaderElection.java:234)
	at java.util.concurrent.FutureTask.run(FutureTask.java:266)
	at java.util.concurrent.Executors$RunnableAdapter.call(Executors.java:511)
	at java.util.concurrent.FutureTask.run(FutureTask.java:266)
	at java.util.concurrent.ThreadPoolExecutor.runWorker(ThreadPoolExecutor.java:1149)
	at java.util.concurrent.ThreadPoolExecutor$Worker.run(ThreadPoolExecutor.java:624)
	... 1 more
Caused by: org.apache.ratis.thirdparty.io.netty.channel.AbstractChannel$AnnotatedConnectException: Connection refused: /192.168.157.254:36038
	at sun.nio.ch.SocketChannelImpl.checkConnect(Native Method)
	at sun.nio.ch.SocketChannelImpl.finishConnect(SocketChannelImpl.java:717)
	at org.apache.ratis.thirdparty.io.netty.channel.socket.nio.NioSocketChannel.doFinishConnect(NioSocketChannel.java:327)
	at org.apache.ratis.thirdparty.io.netty.channel.nio.AbstractNioChannel$AbstractNioUnsafe.finishConnect(AbstractNioChannel.java:340)
	at org.apache.ratis.thirdparty.io.netty.channel.nio.NioEventLoop.processSelectedKey(NioEventLoop.java:632)
	at org.apache.ratis.thirdparty.io.netty.channel.nio.NioEventLoop.processSelectedKeysOptimized(NioEventLoop.java:579)
	at org.apache.ratis.thirdparty.io.netty.channel.nio.NioEventLoop.processSelectedKeys(NioEventLoop.java:496)
	at org.apache.ratis.thirdparty.io.netty.channel.nio.NioEventLoop.run(NioEventLoop.java:458)
	at org.apache.ratis.thirdparty.io.netty.util.concurrent.SingleThreadEventExecutor$5.run(SingleThreadEventExecutor.java:897)
	at org.apache.ratis.thirdparty.io.netty.util.concurrent.FastThreadLocalRunnable.run(FastThreadLocalRunnable.java:30)
	... 1 more
Caused by: java.net.ConnectException: Connection refused
	... 11 more
2019-10-22 00:13:25,287 [2fdb3e93-e0d8-400e-8c33-91e2341b50c6@group-F01152B53F91-LeaderElection270] INFO  impl.LeaderElection (LogUtils.java:infoOrTrace(149)) - 2fdb3e93-e0d8-400e-8c33-91e2341b50c6@group-F01152B53F91-LeaderElection270 got exception when requesting votes: {}
java.util.concurrent.ExecutionException: org.apache.ratis.thirdparty.io.grpc.StatusRuntimeException: UNAVAILABLE: io exception
	at java.util.concurrent.FutureTask.report(FutureTask.java:122)
	at java.util.concurrent.FutureTask.get(FutureTask.java:192)
	at org.apache.ratis.server.impl.LeaderElection.waitForResults(LeaderElection.java:259)
	at org.apache.ratis.server.impl.LeaderElection.askForVotes(LeaderElection.java:197)
	at org.apache.ratis.server.impl.LeaderElection.run(LeaderElection.java:133)
	at java.lang.Thread.run(Thread.java:748)
Caused by: org.apache.ratis.thirdparty.io.grpc.StatusRuntimeException: UNAVAILABLE: io exception
	at org.apache.ratis.thirdparty.io.grpc.stub.ClientCalls.toStatusRuntimeException(ClientCalls.java:233)
	at org.apache.ratis.thirdparty.io.grpc.stub.ClientCalls.getUnchecked(ClientCalls.java:214)
	at org.apache.ratis.thirdparty.io.grpc.stub.ClientCalls.blockingUnaryCall(ClientCalls.java:139)
	at org.apache.ratis.proto.grpc.RaftServerProtocolServiceGrpc$RaftServerProtocolServiceBlockingStub.requestVote(RaftServerProtocolServiceGrpc.java:265)
	at org.apache.ratis.grpc.server.GrpcServerProtocolClient.requestVote(GrpcServerProtocolClient.java:99)
	at org.apache.ratis.grpc.server.GrpcService.requestVote(GrpcService.java:204)
	at org.apache.ratis.server.impl.LeaderElection.lambda$submitRequests$1(LeaderElection.java:234)
	at java.util.concurrent.FutureTask.run(FutureTask.java:266)
	at java.util.concurrent.Executors$RunnableAdapter.call(Executors.java:511)
	at java.util.concurrent.FutureTask.run(FutureTask.java:266)
	at java.util.concurrent.ThreadPoolExecutor.runWorker(ThreadPoolExecutor.java:1149)
	at java.util.concurrent.ThreadPoolExecutor$Worker.run(ThreadPoolExecutor.java:624)
	... 1 more
Caused by: org.apache.ratis.thirdparty.io.netty.channel.AbstractChannel$AnnotatedConnectException: Connection refused: /192.168.157.254:45598
	at sun.nio.ch.SocketChannelImpl.checkConnect(Native Method)
	at sun.nio.ch.SocketChannelImpl.finishConnect(SocketChannelImpl.java:717)
	at org.apache.ratis.thirdparty.io.netty.channel.socket.nio.NioSocketChannel.doFinishConnect(NioSocketChannel.java:327)
	at org.apache.ratis.thirdparty.io.netty.channel.nio.AbstractNioChannel$AbstractNioUnsafe.finishConnect(AbstractNioChannel.java:340)
	at org.apache.ratis.thirdparty.io.netty.channel.nio.NioEventLoop.processSelectedKey(NioEventLoop.java:632)
	at org.apache.ratis.thirdparty.io.netty.channel.nio.NioEventLoop.processSelectedKeysOptimized(NioEventLoop.java:579)
	at org.apache.ratis.thirdparty.io.netty.channel.nio.NioEventLoop.processSelectedKeys(NioEventLoop.java:496)
	at org.apache.ratis.thirdparty.io.netty.channel.nio.NioEventLoop.run(NioEventLoop.java:458)
	at org.apache.ratis.thirdparty.io.netty.util.concurrent.SingleThreadEventExecutor$5.run(SingleThreadEventExecutor.java:897)
	at org.apache.ratis.thirdparty.io.netty.util.concurrent.FastThreadLocalRunnable.run(FastThreadLocalRunnable.java:30)
	... 1 more
Caused by: java.net.ConnectException: Connection refused
	... 11 more
2019-10-22 00:13:25,287 [2fdb3e93-e0d8-400e-8c33-91e2341b50c6@group-F01152B53F91-LeaderElection270] INFO  impl.LeaderElection (LeaderElection.java:logAndReturn(56)) - 2fdb3e93-e0d8-400e-8c33-91e2341b50c6@group-F01152B53F91-LeaderElection270: Election REJECTED; received 0 response(s) [] and 2 exception(s); 2fdb3e93-e0d8-400e-8c33-91e2341b50c6@group-F01152B53F91:t268, leader=null, voted=2fdb3e93-e0d8-400e-8c33-91e2341b50c6, raftlog=2fdb3e93-e0d8-400e-8c33-91e2341b50c6@group-F01152B53F91-SegmentedRaftLog:OPENED:c-1,f-1,i0, conf=-1: [2fdb3e93-e0d8-400e-8c33-91e2341b50c6:192.168.157.254:43254, 062c71de-08d9-40ee-9309-15590e2e8e68:192.168.157.254:45598, 2a52019e-5647-44e1-bf30-9a43fd8a7377:192.168.157.254:36038], old=null
2019-10-22 00:13:25,287 [2fdb3e93-e0d8-400e-8c33-91e2341b50c6@group-F01152B53F91-LeaderElection270] INFO  impl.LeaderElection (LogUtils.java:infoOrTrace(149)) -   Exception 0: {}
java.util.concurrent.ExecutionException: org.apache.ratis.thirdparty.io.grpc.StatusRuntimeException: UNAVAILABLE: io exception
	at java.util.concurrent.FutureTask.report(FutureTask.java:122)
	at java.util.concurrent.FutureTask.get(FutureTask.java:192)
	at org.apache.ratis.server.impl.LeaderElection.waitForResults(LeaderElection.java:259)
	at org.apache.ratis.server.impl.LeaderElection.askForVotes(LeaderElection.java:197)
	at org.apache.ratis.server.impl.LeaderElection.run(LeaderElection.java:133)
	at java.lang.Thread.run(Thread.java:748)
Caused by: org.apache.ratis.thirdparty.io.grpc.StatusRuntimeException: UNAVAILABLE: io exception
	at org.apache.ratis.thirdparty.io.grpc.stub.ClientCalls.toStatusRuntimeException(ClientCalls.java:233)
	at org.apache.ratis.thirdparty.io.grpc.stub.ClientCalls.getUnchecked(ClientCalls.java:214)
	at org.apache.ratis.thirdparty.io.grpc.stub.ClientCalls.blockingUnaryCall(ClientCalls.java:139)
	at org.apache.ratis.proto.grpc.RaftServerProtocolServiceGrpc$RaftServerProtocolServiceBlockingStub.requestVote(RaftServerProtocolServiceGrpc.java:265)
	at org.apache.ratis.grpc.server.GrpcServerProtocolClient.requestVote(GrpcServerProtocolClient.java:99)
	at org.apache.ratis.grpc.server.GrpcService.requestVote(GrpcService.java:204)
	at org.apache.ratis.server.impl.LeaderElection.lambda$submitRequests$1(LeaderElection.java:234)
	at java.util.concurrent.FutureTask.run(FutureTask.java:266)
	at java.util.concurrent.Executors$RunnableAdapter.call(Executors.java:511)
	at java.util.concurrent.FutureTask.run(FutureTask.java:266)
	at java.util.concurrent.ThreadPoolExecutor.runWorker(ThreadPoolExecutor.java:1149)
	at java.util.concurrent.ThreadPoolExecutor$Worker.run(ThreadPoolExecutor.java:624)
	... 1 more
Caused by: org.apache.ratis.thirdparty.io.netty.channel.AbstractChannel$AnnotatedConnectException: Connection refused: /192.168.157.254:36038
	at sun.nio.ch.SocketChannelImpl.checkConnect(Native Method)
	at sun.nio.ch.SocketChannelImpl.finishConnect(SocketChannelImpl.java:717)
	at org.apache.ratis.thirdparty.io.netty.channel.socket.nio.NioSocketChannel.doFinishConnect(NioSocketChannel.java:327)
	at org.apache.ratis.thirdparty.io.netty.channel.nio.AbstractNioChannel$AbstractNioUnsafe.finishConnect(AbstractNioChannel.java:340)
	at org.apache.ratis.thirdparty.io.netty.channel.nio.NioEventLoop.processSelectedKey(NioEventLoop.java:632)
	at org.apache.ratis.thirdparty.io.netty.channel.nio.NioEventLoop.processSelectedKeysOptimized(NioEventLoop.java:579)
	at org.apache.ratis.thirdparty.io.netty.channel.nio.NioEventLoop.processSelectedKeys(NioEventLoop.java:496)
	at org.apache.ratis.thirdparty.io.netty.channel.nio.NioEventLoop.run(NioEventLoop.java:458)
	at org.apache.ratis.thirdparty.io.netty.util.concurrent.SingleThreadEventExecutor$5.run(SingleThreadEventExecutor.java:897)
	at org.apache.ratis.thirdparty.io.netty.util.concurrent.FastThreadLocalRunnable.run(FastThreadLocalRunnable.java:30)
	... 1 more
Caused by: java.net.ConnectException: Connection refused
	... 11 more
2019-10-22 00:13:25,288 [2fdb3e93-e0d8-400e-8c33-91e2341b50c6@group-F01152B53F91-LeaderElection270] INFO  impl.LeaderElection (LogUtils.java:infoOrTrace(149)) -   Exception 1: {}
java.util.concurrent.ExecutionException: org.apache.ratis.thirdparty.io.grpc.StatusRuntimeException: UNAVAILABLE: io exception
	at java.util.concurrent.FutureTask.report(FutureTask.java:122)
	at java.util.concurrent.FutureTask.get(FutureTask.java:192)
	at org.apache.ratis.server.impl.LeaderElection.waitForResults(LeaderElection.java:259)
	at org.apache.ratis.server.impl.LeaderElection.askForVotes(LeaderElection.java:197)
	at org.apache.ratis.server.impl.LeaderElection.run(LeaderElection.java:133)
	at java.lang.Thread.run(Thread.java:748)
Caused by: org.apache.ratis.thirdparty.io.grpc.StatusRuntimeException: UNAVAILABLE: io exception
	at org.apache.ratis.thirdparty.io.grpc.stub.ClientCalls.toStatusRuntimeException(ClientCalls.java:233)
	at org.apache.ratis.thirdparty.io.grpc.stub.ClientCalls.getUnchecked(ClientCalls.java:214)
	at org.apache.ratis.thirdparty.io.grpc.stub.ClientCalls.blockingUnaryCall(ClientCalls.java:139)
	at org.apache.ratis.proto.grpc.RaftServerProtocolServiceGrpc$RaftServerProtocolServiceBlockingStub.requestVote(RaftServerProtocolServiceGrpc.java:265)
	at org.apache.ratis.grpc.server.GrpcServerProtocolClient.requestVote(GrpcServerProtocolClient.java:99)
	at org.apache.ratis.grpc.server.GrpcService.requestVote(GrpcService.java:204)
	at org.apache.ratis.server.impl.LeaderElection.lambda$submitRequests$1(LeaderElection.java:234)
	at java.util.concurrent.FutureTask.run(FutureTask.java:266)
	at java.util.concurrent.Executors$RunnableAdapter.call(Executors.java:511)
	at java.util.concurrent.FutureTask.run(FutureTask.java:266)
	at java.util.concurrent.ThreadPoolExecutor.runWorker(ThreadPoolExecutor.java:1149)
	at java.util.concurrent.ThreadPoolExecutor$Worker.run(ThreadPoolExecutor.java:624)
	... 1 more
Caused by: org.apache.ratis.thirdparty.io.netty.channel.AbstractChannel$AnnotatedConnectException: Connection refused: /192.168.157.254:45598
	at sun.nio.ch.SocketChannelImpl.checkConnect(Native Method)
	at sun.nio.ch.SocketChannelImpl.finishConnect(SocketChannelImpl.java:717)
	at org.apache.ratis.thirdparty.io.netty.channel.socket.nio.NioSocketChannel.doFinishConnect(NioSocketChannel.java:327)
	at org.apache.ratis.thirdparty.io.netty.channel.nio.AbstractNioChannel$AbstractNioUnsafe.finishConnect(AbstractNioChannel.java:340)
	at org.apache.ratis.thirdparty.io.netty.channel.nio.NioEventLoop.processSelectedKey(NioEventLoop.java:632)
	at org.apache.ratis.thirdparty.io.netty.channel.nio.NioEventLoop.processSelectedKeysOptimized(NioEventLoop.java:579)
	at org.apache.ratis.thirdparty.io.netty.channel.nio.NioEventLoop.processSelectedKeys(NioEventLoop.java:496)
	at org.apache.ratis.thirdparty.io.netty.channel.nio.NioEventLoop.run(NioEventLoop.java:458)
	at org.apache.ratis.thirdparty.io.netty.util.concurrent.SingleThreadEventExecutor$5.run(SingleThreadEventExecutor.java:897)
	at org.apache.ratis.thirdparty.io.netty.util.concurrent.FastThreadLocalRunnable.run(FastThreadLocalRunnable.java:30)
	... 1 more
Caused by: java.net.ConnectException: Connection refused
	... 11 more
2019-10-22 00:13:25,288 [2fdb3e93-e0d8-400e-8c33-91e2341b50c6@group-F01152B53F91-LeaderElection270] INFO  impl.RaftServerImpl (RaftServerImpl.java:setRole(184)) - 2fdb3e93-e0d8-400e-8c33-91e2341b50c6@group-F01152B53F91: changes role from CANDIDATE to FOLLOWER at term 268 for DISCOVERED_A_NEW_TERM
2019-10-22 00:13:25,288 [2fdb3e93-e0d8-400e-8c33-91e2341b50c6@group-F01152B53F91-LeaderElection270] INFO  impl.RoleInfo (RoleInfo.java:shutdownLeaderElection(134)) - 2fdb3e93-e0d8-400e-8c33-91e2341b50c6: shutdown LeaderElection
2019-10-22 00:13:25,288 [2fdb3e93-e0d8-400e-8c33-91e2341b50c6@group-F01152B53F91-LeaderElection270] INFO  impl.RoleInfo (RoleInfo.java:updateAndGet(143)) - 2fdb3e93-e0d8-400e-8c33-91e2341b50c6: start FollowerState
2019-10-22 00:13:25,304 [java.util.concurrent.ThreadPoolExecutor$Worker@c41ae0f[State = -1, empty queue]] WARN  server.GrpcLogAppender (GrpcLogAppender.java:timeoutAppendRequest(209)) - fad63ceb-ed14-4322-905d-6ef3599ac734@group-0045C62F497D->5732e052-e19f-40fe-a104-972211db20fb-GrpcLogAppender: appendEntries Timeout, request=fad63ceb-ed14-4322-905d-6ef3599ac734->5732e052-e19f-40fe-a104-972211db20fb#61-t1, previous=(t:1, i:0), leaderCommit=0, initializing? false, entries: <empty>
2019-10-22 00:13:25,372 [java.util.concurrent.ThreadPoolExecutor$Worker@48cd139a[State = -1, empty queue]] WARN  server.GrpcLogAppender (GrpcLogAppender.java:timeoutAppendRequest(209)) - fad63ceb-ed14-4322-905d-6ef3599ac734@group-0045C62F497D->1913eeb9-7f58-4aef-bfea-8e00a2a3aadf-GrpcLogAppender: appendEntries Timeout, request=fad63ceb-ed14-4322-905d-6ef3599ac734->1913eeb9-7f58-4aef-bfea-8e00a2a3aadf#61-t1, previous=(t:1, i:0), leaderCommit=0, initializing? false, entries: <empty>
2019-10-22 00:13:25,420 [Thread-2125] INFO  impl.FollowerState (FollowerState.java:run(108)) - 2fdb3e93-e0d8-400e-8c33-91e2341b50c6@group-F01152B53F91-FollowerState: change to CANDIDATE, lastRpcTime:131ms, electionTimeout:131ms
2019-10-22 00:13:25,420 [Thread-2125] INFO  impl.RoleInfo (RoleInfo.java:shutdownFollowerState(121)) - 2fdb3e93-e0d8-400e-8c33-91e2341b50c6: shutdown FollowerState
2019-10-22 00:13:25,420 [Thread-2125] INFO  impl.RaftServerImpl (RaftServerImpl.java:setRole(184)) - 2fdb3e93-e0d8-400e-8c33-91e2341b50c6@group-F01152B53F91: changes role from  FOLLOWER to CANDIDATE at term 268 for changeToCandidate
2019-10-22 00:13:25,420 [Thread-2125] INFO  impl.RoleInfo (RoleInfo.java:updateAndGet(143)) - 2fdb3e93-e0d8-400e-8c33-91e2341b50c6: start LeaderElection
2019-10-22 00:13:25,442 [2fdb3e93-e0d8-400e-8c33-91e2341b50c6@group-F01152B53F91-LeaderElection271] INFO  impl.LeaderElection (LeaderElection.java:askForVotes(178)) - 2fdb3e93-e0d8-400e-8c33-91e2341b50c6@group-F01152B53F91-LeaderElection271: begin an election at term 269 for -1: [2fdb3e93-e0d8-400e-8c33-91e2341b50c6:192.168.157.254:43254, 062c71de-08d9-40ee-9309-15590e2e8e68:192.168.157.254:45598, 2a52019e-5647-44e1-bf30-9a43fd8a7377:192.168.157.254:36038], old=null
2019-10-22 00:13:25,443 [2fdb3e93-e0d8-400e-8c33-91e2341b50c6@group-F01152B53F91-LeaderElection271] INFO  impl.LeaderElection (LogUtils.java:infoOrTrace(149)) - 2fdb3e93-e0d8-400e-8c33-91e2341b50c6@group-F01152B53F91-LeaderElection271 got exception when requesting votes: {}
java.util.concurrent.ExecutionException: org.apache.ratis.thirdparty.io.grpc.StatusRuntimeException: UNAVAILABLE: io exception
	at java.util.concurrent.FutureTask.report(FutureTask.java:122)
	at java.util.concurrent.FutureTask.get(FutureTask.java:192)
	at org.apache.ratis.server.impl.LeaderElection.waitForResults(LeaderElection.java:259)
	at org.apache.ratis.server.impl.LeaderElection.askForVotes(LeaderElection.java:197)
	at org.apache.ratis.server.impl.LeaderElection.run(LeaderElection.java:133)
	at java.lang.Thread.run(Thread.java:748)
Caused by: org.apache.ratis.thirdparty.io.grpc.StatusRuntimeException: UNAVAILABLE: io exception
	at org.apache.ratis.thirdparty.io.grpc.stub.ClientCalls.toStatusRuntimeException(ClientCalls.java:233)
	at org.apache.ratis.thirdparty.io.grpc.stub.ClientCalls.getUnchecked(ClientCalls.java:214)
	at org.apache.ratis.thirdparty.io.grpc.stub.ClientCalls.blockingUnaryCall(ClientCalls.java:139)
	at org.apache.ratis.proto.grpc.RaftServerProtocolServiceGrpc$RaftServerProtocolServiceBlockingStub.requestVote(RaftServerProtocolServiceGrpc.java:265)
	at org.apache.ratis.grpc.server.GrpcServerProtocolClient.requestVote(GrpcServerProtocolClient.java:99)
	at org.apache.ratis.grpc.server.GrpcService.requestVote(GrpcService.java:204)
	at org.apache.ratis.server.impl.LeaderElection.lambda$submitRequests$1(LeaderElection.java:234)
	at java.util.concurrent.FutureTask.run(FutureTask.java:266)
	at java.util.concurrent.Executors$RunnableAdapter.call(Executors.java:511)
	at java.util.concurrent.FutureTask.run(FutureTask.java:266)
	at java.util.concurrent.ThreadPoolExecutor.runWorker(ThreadPoolExecutor.java:1149)
	at java.util.concurrent.ThreadPoolExecutor$Worker.run(ThreadPoolExecutor.java:624)
	... 1 more
Caused by: org.apache.ratis.thirdparty.io.netty.channel.AbstractChannel$AnnotatedConnectException: Connection refused: /192.168.157.254:45598
	at sun.nio.ch.SocketChannelImpl.checkConnect(Native Method)
	at sun.nio.ch.SocketChannelImpl.finishConnect(SocketChannelImpl.java:717)
	at org.apache.ratis.thirdparty.io.netty.channel.socket.nio.NioSocketChannel.doFinishConnect(NioSocketChannel.java:327)
	at org.apache.ratis.thirdparty.io.netty.channel.nio.AbstractNioChannel$AbstractNioUnsafe.finishConnect(AbstractNioChannel.java:340)
	at org.apache.ratis.thirdparty.io.netty.channel.nio.NioEventLoop.processSelectedKey(NioEventLoop.java:632)
	at org.apache.ratis.thirdparty.io.netty.channel.nio.NioEventLoop.processSelectedKeysOptimized(NioEventLoop.java:579)
	at org.apache.ratis.thirdparty.io.netty.channel.nio.NioEventLoop.processSelectedKeys(NioEventLoop.java:496)
	at org.apache.ratis.thirdparty.io.netty.channel.nio.NioEventLoop.run(NioEventLoop.java:458)
	at org.apache.ratis.thirdparty.io.netty.util.concurrent.SingleThreadEventExecutor$5.run(SingleThreadEventExecutor.java:897)
	at org.apache.ratis.thirdparty.io.netty.util.concurrent.FastThreadLocalRunnable.run(FastThreadLocalRunnable.java:30)
	... 1 more
Caused by: java.net.ConnectException: Connection refused
	... 11 more
2019-10-22 00:13:25,443 [2fdb3e93-e0d8-400e-8c33-91e2341b50c6@group-F01152B53F91-LeaderElection271] INFO  impl.LeaderElection (LogUtils.java:infoOrTrace(149)) - 2fdb3e93-e0d8-400e-8c33-91e2341b50c6@group-F01152B53F91-LeaderElection271 got exception when requesting votes: {}
java.util.concurrent.ExecutionException: org.apache.ratis.thirdparty.io.grpc.StatusRuntimeException: UNAVAILABLE: io exception
	at java.util.concurrent.FutureTask.report(FutureTask.java:122)
	at java.util.concurrent.FutureTask.get(FutureTask.java:192)
	at org.apache.ratis.server.impl.LeaderElection.waitForResults(LeaderElection.java:259)
	at org.apache.ratis.server.impl.LeaderElection.askForVotes(LeaderElection.java:197)
	at org.apache.ratis.server.impl.LeaderElection.run(LeaderElection.java:133)
	at java.lang.Thread.run(Thread.java:748)
Caused by: org.apache.ratis.thirdparty.io.grpc.StatusRuntimeException: UNAVAILABLE: io exception
	at org.apache.ratis.thirdparty.io.grpc.stub.ClientCalls.toStatusRuntimeException(ClientCalls.java:233)
	at org.apache.ratis.thirdparty.io.grpc.stub.ClientCalls.getUnchecked(ClientCalls.java:214)
	at org.apache.ratis.thirdparty.io.grpc.stub.ClientCalls.blockingUnaryCall(ClientCalls.java:139)
	at org.apache.ratis.proto.grpc.RaftServerProtocolServiceGrpc$RaftServerProtocolServiceBlockingStub.requestVote(RaftServerProtocolServiceGrpc.java:265)
	at org.apache.ratis.grpc.server.GrpcServerProtocolClient.requestVote(GrpcServerProtocolClient.java:99)
	at org.apache.ratis.grpc.server.GrpcService.requestVote(GrpcService.java:204)
	at org.apache.ratis.server.impl.LeaderElection.lambda$submitRequests$1(LeaderElection.java:234)
	at java.util.concurrent.FutureTask.run(FutureTask.java:266)
	at java.util.concurrent.Executors$RunnableAdapter.call(Executors.java:511)
	at java.util.concurrent.FutureTask.run(FutureTask.java:266)
	at java.util.concurrent.ThreadPoolExecutor.runWorker(ThreadPoolExecutor.java:1149)
	at java.util.concurrent.ThreadPoolExecutor$Worker.run(ThreadPoolExecutor.java:624)
	... 1 more
Caused by: org.apache.ratis.thirdparty.io.netty.channel.AbstractChannel$AnnotatedConnectException: Connection refused: /192.168.157.254:36038
	at sun.nio.ch.SocketChannelImpl.checkConnect(Native Method)
	at sun.nio.ch.SocketChannelImpl.finishConnect(SocketChannelImpl.java:717)
	at org.apache.ratis.thirdparty.io.netty.channel.socket.nio.NioSocketChannel.doFinishConnect(NioSocketChannel.java:327)
	at org.apache.ratis.thirdparty.io.netty.channel.nio.AbstractNioChannel$AbstractNioUnsafe.finishConnect(AbstractNioChannel.java:340)
	at org.apache.ratis.thirdparty.io.netty.channel.nio.NioEventLoop.processSelectedKey(NioEventLoop.java:632)
	at org.apache.ratis.thirdparty.io.netty.channel.nio.NioEventLoop.processSelectedKeysOptimized(NioEventLoop.java:579)
	at org.apache.ratis.thirdparty.io.netty.channel.nio.NioEventLoop.processSelectedKeys(NioEventLoop.java:496)
	at org.apache.ratis.thirdparty.io.netty.channel.nio.NioEventLoop.run(NioEventLoop.java:458)
	at org.apache.ratis.thirdparty.io.netty.util.concurrent.SingleThreadEventExecutor$5.run(SingleThreadEventExecutor.java:897)
	at org.apache.ratis.thirdparty.io.netty.util.concurrent.FastThreadLocalRunnable.run(FastThreadLocalRunnable.java:30)
	... 1 more
Caused by: java.net.ConnectException: Connection refused
	... 11 more
2019-10-22 00:13:25,443 [2fdb3e93-e0d8-400e-8c33-91e2341b50c6@group-F01152B53F91-LeaderElection271] INFO  impl.LeaderElection (LeaderElection.java:logAndReturn(56)) - 2fdb3e93-e0d8-400e-8c33-91e2341b50c6@group-F01152B53F91-LeaderElection271: Election REJECTED; received 0 response(s) [] and 2 exception(s); 2fdb3e93-e0d8-400e-8c33-91e2341b50c6@group-F01152B53F91:t269, leader=null, voted=2fdb3e93-e0d8-400e-8c33-91e2341b50c6, raftlog=2fdb3e93-e0d8-400e-8c33-91e2341b50c6@group-F01152B53F91-SegmentedRaftLog:OPENED:c-1,f-1,i0, conf=-1: [2fdb3e93-e0d8-400e-8c33-91e2341b50c6:192.168.157.254:43254, 062c71de-08d9-40ee-9309-15590e2e8e68:192.168.157.254:45598, 2a52019e-5647-44e1-bf30-9a43fd8a7377:192.168.157.254:36038], old=null
2019-10-22 00:13:25,443 [2fdb3e93-e0d8-400e-8c33-91e2341b50c6@group-F01152B53F91-LeaderElection271] INFO  impl.LeaderElection (LogUtils.java:infoOrTrace(149)) -   Exception 0: {}
java.util.concurrent.ExecutionException: org.apache.ratis.thirdparty.io.grpc.StatusRuntimeException: UNAVAILABLE: io exception
	at java.util.concurrent.FutureTask.report(FutureTask.java:122)
	at java.util.concurrent.FutureTask.get(FutureTask.java:192)
	at org.apache.ratis.server.impl.LeaderElection.waitForResults(LeaderElection.java:259)
	at org.apache.ratis.server.impl.LeaderElection.askForVotes(LeaderElection.java:197)
	at org.apache.ratis.server.impl.LeaderElection.run(LeaderElection.java:133)
	at java.lang.Thread.run(Thread.java:748)
Caused by: org.apache.ratis.thirdparty.io.grpc.StatusRuntimeException: UNAVAILABLE: io exception
	at org.apache.ratis.thirdparty.io.grpc.stub.ClientCalls.toStatusRuntimeException(ClientCalls.java:233)
	at org.apache.ratis.thirdparty.io.grpc.stub.ClientCalls.getUnchecked(ClientCalls.java:214)
	at org.apache.ratis.thirdparty.io.grpc.stub.ClientCalls.blockingUnaryCall(ClientCalls.java:139)
	at org.apache.ratis.proto.grpc.RaftServerProtocolServiceGrpc$RaftServerProtocolServiceBlockingStub.requestVote(RaftServerProtocolServiceGrpc.java:265)
	at org.apache.ratis.grpc.server.GrpcServerProtocolClient.requestVote(GrpcServerProtocolClient.java:99)
	at org.apache.ratis.grpc.server.GrpcService.requestVote(GrpcService.java:204)
	at org.apache.ratis.server.impl.LeaderElection.lambda$submitRequests$1(LeaderElection.java:234)
	at java.util.concurrent.FutureTask.run(FutureTask.java:266)
	at java.util.concurrent.Executors$RunnableAdapter.call(Executors.java:511)
	at java.util.concurrent.FutureTask.run(FutureTask.java:266)
	at java.util.concurrent.ThreadPoolExecutor.runWorker(ThreadPoolExecutor.java:1149)
	at java.util.concurrent.ThreadPoolExecutor$Worker.run(ThreadPoolExecutor.java:624)
	... 1 more
Caused by: org.apache.ratis.thirdparty.io.netty.channel.AbstractChannel$AnnotatedConnectException: Connection refused: /192.168.157.254:45598
	at sun.nio.ch.SocketChannelImpl.checkConnect(Native Method)
	at sun.nio.ch.SocketChannelImpl.finishConnect(SocketChannelImpl.java:717)
	at org.apache.ratis.thirdparty.io.netty.channel.socket.nio.NioSocketChannel.doFinishConnect(NioSocketChannel.java:327)
	at org.apache.ratis.thirdparty.io.netty.channel.nio.AbstractNioChannel$AbstractNioUnsafe.finishConnect(AbstractNioChannel.java:340)
	at org.apache.ratis.thirdparty.io.netty.channel.nio.NioEventLoop.processSelectedKey(NioEventLoop.java:632)
	at org.apache.ratis.thirdparty.io.netty.channel.nio.NioEventLoop.processSelectedKeysOptimized(NioEventLoop.java:579)
	at org.apache.ratis.thirdparty.io.netty.channel.nio.NioEventLoop.processSelectedKeys(NioEventLoop.java:496)
	at org.apache.ratis.thirdparty.io.netty.channel.nio.NioEventLoop.run(NioEventLoop.java:458)
	at org.apache.ratis.thirdparty.io.netty.util.concurrent.SingleThreadEventExecutor$5.run(SingleThreadEventExecutor.java:897)
	at org.apache.ratis.thirdparty.io.netty.util.concurrent.FastThreadLocalRunnable.run(FastThreadLocalRunnable.java:30)
	... 1 more
Caused by: java.net.ConnectException: Connection refused
	... 11 more
2019-10-22 00:13:25,444 [2fdb3e93-e0d8-400e-8c33-91e2341b50c6@group-F01152B53F91-LeaderElection271] INFO  impl.LeaderElection (LogUtils.java:infoOrTrace(149)) -   Exception 1: {}
java.util.concurrent.ExecutionException: org.apache.ratis.thirdparty.io.grpc.StatusRuntimeException: UNAVAILABLE: io exception
	at java.util.concurrent.FutureTask.report(FutureTask.java:122)
	at java.util.concurrent.FutureTask.get(FutureTask.java:192)
	at org.apache.ratis.server.impl.LeaderElection.waitForResults(LeaderElection.java:259)
	at org.apache.ratis.server.impl.LeaderElection.askForVotes(LeaderElection.java:197)
	at org.apache.ratis.server.impl.LeaderElection.run(LeaderElection.java:133)
	at java.lang.Thread.run(Thread.java:748)
Caused by: org.apache.ratis.thirdparty.io.grpc.StatusRuntimeException: UNAVAILABLE: io exception
	at org.apache.ratis.thirdparty.io.grpc.stub.ClientCalls.toStatusRuntimeException(ClientCalls.java:233)
	at org.apache.ratis.thirdparty.io.grpc.stub.ClientCalls.getUnchecked(ClientCalls.java:214)
	at org.apache.ratis.thirdparty.io.grpc.stub.ClientCalls.blockingUnaryCall(ClientCalls.java:139)
	at org.apache.ratis.proto.grpc.RaftServerProtocolServiceGrpc$RaftServerProtocolServiceBlockingStub.requestVote(RaftServerProtocolServiceGrpc.java:265)
	at org.apache.ratis.grpc.server.GrpcServerProtocolClient.requestVote(GrpcServerProtocolClient.java:99)
	at org.apache.ratis.grpc.server.GrpcService.requestVote(GrpcService.java:204)
	at org.apache.ratis.server.impl.LeaderElection.lambda$submitRequests$1(LeaderElection.java:234)
	at java.util.concurrent.FutureTask.run(FutureTask.java:266)
	at java.util.concurrent.Executors$RunnableAdapter.call(Executors.java:511)
	at java.util.concurrent.FutureTask.run(FutureTask.java:266)
	at java.util.concurrent.ThreadPoolExecutor.runWorker(ThreadPoolExecutor.java:1149)
	at java.util.concurrent.ThreadPoolExecutor$Worker.run(ThreadPoolExecutor.java:624)
	... 1 more
Caused by: org.apache.ratis.thirdparty.io.netty.channel.AbstractChannel$AnnotatedConnectException: Connection refused: /192.168.157.254:36038
	at sun.nio.ch.SocketChannelImpl.checkConnect(Native Method)
	at sun.nio.ch.SocketChannelImpl.finishConnect(SocketChannelImpl.java:717)
	at org.apache.ratis.thirdparty.io.netty.channel.socket.nio.NioSocketChannel.doFinishConnect(NioSocketChannel.java:327)
	at org.apache.ratis.thirdparty.io.netty.channel.nio.AbstractNioChannel$AbstractNioUnsafe.finishConnect(AbstractNioChannel.java:340)
	at org.apache.ratis.thirdparty.io.netty.channel.nio.NioEventLoop.processSelectedKey(NioEventLoop.java:632)
	at org.apache.ratis.thirdparty.io.netty.channel.nio.NioEventLoop.processSelectedKeysOptimized(NioEventLoop.java:579)
	at org.apache.ratis.thirdparty.io.netty.channel.nio.NioEventLoop.processSelectedKeys(NioEventLoop.java:496)
	at org.apache.ratis.thirdparty.io.netty.channel.nio.NioEventLoop.run(NioEventLoop.java:458)
	at org.apache.ratis.thirdparty.io.netty.util.concurrent.SingleThreadEventExecutor$5.run(SingleThreadEventExecutor.java:897)
	at org.apache.ratis.thirdparty.io.netty.util.concurrent.FastThreadLocalRunnable.run(FastThreadLocalRunnable.java:30)
	... 1 more
Caused by: java.net.ConnectException: Connection refused
	... 11 more
2019-10-22 00:13:25,444 [2fdb3e93-e0d8-400e-8c33-91e2341b50c6@group-F01152B53F91-LeaderElection271] INFO  impl.RaftServerImpl (RaftServerImpl.java:setRole(184)) - 2fdb3e93-e0d8-400e-8c33-91e2341b50c6@group-F01152B53F91: changes role from CANDIDATE to FOLLOWER at term 269 for DISCOVERED_A_NEW_TERM
2019-10-22 00:13:25,444 [2fdb3e93-e0d8-400e-8c33-91e2341b50c6@group-F01152B53F91-LeaderElection271] INFO  impl.RoleInfo (RoleInfo.java:shutdownLeaderElection(134)) - 2fdb3e93-e0d8-400e-8c33-91e2341b50c6: shutdown LeaderElection
2019-10-22 00:13:25,444 [2fdb3e93-e0d8-400e-8c33-91e2341b50c6@group-F01152B53F91-LeaderElection271] INFO  impl.RoleInfo (RoleInfo.java:updateAndGet(143)) - 2fdb3e93-e0d8-400e-8c33-91e2341b50c6: start FollowerState
2019-10-22 00:13:25,456 [java.util.concurrent.ThreadPoolExecutor$Worker@1d11c0e2[State = -1, empty queue]] WARN  server.GrpcLogAppender (GrpcLogAppender.java:timeoutAppendRequest(209)) - 9d453efa-53cb-467a-9eb6-1ab0458610f0@group-597AF0FA787F->d521f5b1-4e7b-4169-9688-2112c7da7b1f-GrpcLogAppender: appendEntries Timeout, request=9d453efa-53cb-467a-9eb6-1ab0458610f0->d521f5b1-4e7b-4169-9688-2112c7da7b1f#4-t6, previous=(t:5, i:19), leaderCommit=21, initializing? false, entries: <empty>
2019-10-22 00:13:25,583 [Thread-2129] INFO  impl.FollowerState (FollowerState.java:run(108)) - 2fdb3e93-e0d8-400e-8c33-91e2341b50c6@group-F01152B53F91-FollowerState: change to CANDIDATE, lastRpcTime:138ms, electionTimeout:138ms
2019-10-22 00:13:25,583 [Thread-2129] INFO  impl.RoleInfo (RoleInfo.java:shutdownFollowerState(121)) - 2fdb3e93-e0d8-400e-8c33-91e2341b50c6: shutdown FollowerState
2019-10-22 00:13:25,583 [Thread-2129] INFO  impl.RaftServerImpl (RaftServerImpl.java:setRole(184)) - 2fdb3e93-e0d8-400e-8c33-91e2341b50c6@group-F01152B53F91: changes role from  FOLLOWER to CANDIDATE at term 269 for changeToCandidate
2019-10-22 00:13:25,583 [Thread-2129] INFO  impl.RoleInfo (RoleInfo.java:updateAndGet(143)) - 2fdb3e93-e0d8-400e-8c33-91e2341b50c6: start LeaderElection
2019-10-22 00:13:25,597 [2fdb3e93-e0d8-400e-8c33-91e2341b50c6@group-F01152B53F91-LeaderElection272] INFO  impl.LeaderElection (LeaderElection.java:askForVotes(178)) - 2fdb3e93-e0d8-400e-8c33-91e2341b50c6@group-F01152B53F91-LeaderElection272: begin an election at term 270 for -1: [2fdb3e93-e0d8-400e-8c33-91e2341b50c6:192.168.157.254:43254, 062c71de-08d9-40ee-9309-15590e2e8e68:192.168.157.254:45598, 2a52019e-5647-44e1-bf30-9a43fd8a7377:192.168.157.254:36038], old=null
2019-10-22 00:13:25,598 [2fdb3e93-e0d8-400e-8c33-91e2341b50c6@group-F01152B53F91-LeaderElection272] INFO  impl.LeaderElection (LogUtils.java:infoOrTrace(149)) - 2fdb3e93-e0d8-400e-8c33-91e2341b50c6@group-F01152B53F91-LeaderElection272 got exception when requesting votes: {}
java.util.concurrent.ExecutionException: org.apache.ratis.thirdparty.io.grpc.StatusRuntimeException: UNAVAILABLE: io exception
	at java.util.concurrent.FutureTask.report(FutureTask.java:122)
	at java.util.concurrent.FutureTask.get(FutureTask.java:192)
	at org.apache.ratis.server.impl.LeaderElection.waitForResults(LeaderElection.java:259)
	at org.apache.ratis.server.impl.LeaderElection.askForVotes(LeaderElection.java:197)
	at org.apache.ratis.server.impl.LeaderElection.run(LeaderElection.java:133)
	at java.lang.Thread.run(Thread.java:748)
Caused by: org.apache.ratis.thirdparty.io.grpc.StatusRuntimeException: UNAVAILABLE: io exception
	at org.apache.ratis.thirdparty.io.grpc.stub.ClientCalls.toStatusRuntimeException(ClientCalls.java:233)
	at org.apache.ratis.thirdparty.io.grpc.stub.ClientCalls.getUnchecked(ClientCalls.java:214)
	at org.apache.ratis.thirdparty.io.grpc.stub.ClientCalls.blockingUnaryCall(ClientCalls.java:139)
	at org.apache.ratis.proto.grpc.RaftServerProtocolServiceGrpc$RaftServerProtocolServiceBlockingStub.requestVote(RaftServerProtocolServiceGrpc.java:265)
	at org.apache.ratis.grpc.server.GrpcServerProtocolClient.requestVote(GrpcServerProtocolClient.java:99)
	at org.apache.ratis.grpc.server.GrpcService.requestVote(GrpcService.java:204)
	at org.apache.ratis.server.impl.LeaderElection.lambda$submitRequests$1(LeaderElection.java:234)
	at java.util.concurrent.FutureTask.run(FutureTask.java:266)
	at java.util.concurrent.Executors$RunnableAdapter.call(Executors.java:511)
	at java.util.concurrent.FutureTask.run(FutureTask.java:266)
	at java.util.concurrent.ThreadPoolExecutor.runWorker(ThreadPoolExecutor.java:1149)
	at java.util.concurrent.ThreadPoolExecutor$Worker.run(ThreadPoolExecutor.java:624)
	... 1 more
Caused by: org.apache.ratis.thirdparty.io.netty.channel.AbstractChannel$AnnotatedConnectException: Connection refused: /192.168.157.254:36038
	at sun.nio.ch.SocketChannelImpl.checkConnect(Native Method)
	at sun.nio.ch.SocketChannelImpl.finishConnect(SocketChannelImpl.java:717)
	at org.apache.ratis.thirdparty.io.netty.channel.socket.nio.NioSocketChannel.doFinishConnect(NioSocketChannel.java:327)
	at org.apache.ratis.thirdparty.io.netty.channel.nio.AbstractNioChannel$AbstractNioUnsafe.finishConnect(AbstractNioChannel.java:340)
	at org.apache.ratis.thirdparty.io.netty.channel.nio.NioEventLoop.processSelectedKey(NioEventLoop.java:632)
	at org.apache.ratis.thirdparty.io.netty.channel.nio.NioEventLoop.processSelectedKeysOptimized(NioEventLoop.java:579)
	at org.apache.ratis.thirdparty.io.netty.channel.nio.NioEventLoop.processSelectedKeys(NioEventLoop.java:496)
	at org.apache.ratis.thirdparty.io.netty.channel.nio.NioEventLoop.run(NioEventLoop.java:458)
	at org.apache.ratis.thirdparty.io.netty.util.concurrent.SingleThreadEventExecutor$5.run(SingleThreadEventExecutor.java:897)
	at org.apache.ratis.thirdparty.io.netty.util.concurrent.FastThreadLocalRunnable.run(FastThreadLocalRunnable.java:30)
	... 1 more
Caused by: java.net.ConnectException: Connection refused
	... 11 more
2019-10-22 00:13:25,599 [2fdb3e93-e0d8-400e-8c33-91e2341b50c6@group-F01152B53F91-LeaderElection272] INFO  impl.LeaderElection (LogUtils.java:infoOrTrace(149)) - 2fdb3e93-e0d8-400e-8c33-91e2341b50c6@group-F01152B53F91-LeaderElection272 got exception when requesting votes: {}
java.util.concurrent.ExecutionException: org.apache.ratis.thirdparty.io.grpc.StatusRuntimeException: UNAVAILABLE: io exception
	at java.util.concurrent.FutureTask.report(FutureTask.java:122)
	at java.util.concurrent.FutureTask.get(FutureTask.java:192)
	at org.apache.ratis.server.impl.LeaderElection.waitForResults(LeaderElection.java:259)
	at org.apache.ratis.server.impl.LeaderElection.askForVotes(LeaderElection.java:197)
	at org.apache.ratis.server.impl.LeaderElection.run(LeaderElection.java:133)
	at java.lang.Thread.run(Thread.java:748)
Caused by: org.apache.ratis.thirdparty.io.grpc.StatusRuntimeException: UNAVAILABLE: io exception
	at org.apache.ratis.thirdparty.io.grpc.stub.ClientCalls.toStatusRuntimeException(ClientCalls.java:233)
	at org.apache.ratis.thirdparty.io.grpc.stub.ClientCalls.getUnchecked(ClientCalls.java:214)
	at org.apache.ratis.thirdparty.io.grpc.stub.ClientCalls.blockingUnaryCall(ClientCalls.java:139)
	at org.apache.ratis.proto.grpc.RaftServerProtocolServiceGrpc$RaftServerProtocolServiceBlockingStub.requestVote(RaftServerProtocolServiceGrpc.java:265)
	at org.apache.ratis.grpc.server.GrpcServerProtocolClient.requestVote(GrpcServerProtocolClient.java:99)
	at org.apache.ratis.grpc.server.GrpcService.requestVote(GrpcService.java:204)
	at org.apache.ratis.server.impl.LeaderElection.lambda$submitRequests$1(LeaderElection.java:234)
	at java.util.concurrent.FutureTask.run(FutureTask.java:266)
	at java.util.concurrent.Executors$RunnableAdapter.call(Executors.java:511)
	at java.util.concurrent.FutureTask.run(FutureTask.java:266)
	at java.util.concurrent.ThreadPoolExecutor.runWorker(ThreadPoolExecutor.java:1149)
	at java.util.concurrent.ThreadPoolExecutor$Worker.run(ThreadPoolExecutor.java:624)
	... 1 more
Caused by: org.apache.ratis.thirdparty.io.netty.channel.AbstractChannel$AnnotatedConnectException: Connection refused: /192.168.157.254:45598
	at sun.nio.ch.SocketChannelImpl.checkConnect(Native Method)
	at sun.nio.ch.SocketChannelImpl.finishConnect(SocketChannelImpl.java:717)
	at org.apache.ratis.thirdparty.io.netty.channel.socket.nio.NioSocketChannel.doFinishConnect(NioSocketChannel.java:327)
	at org.apache.ratis.thirdparty.io.netty.channel.nio.AbstractNioChannel$AbstractNioUnsafe.finishConnect(AbstractNioChannel.java:340)
	at org.apache.ratis.thirdparty.io.netty.channel.nio.NioEventLoop.processSelectedKey(NioEventLoop.java:632)
	at org.apache.ratis.thirdparty.io.netty.channel.nio.NioEventLoop.processSelectedKeysOptimized(NioEventLoop.java:579)
	at org.apache.ratis.thirdparty.io.netty.channel.nio.NioEventLoop.processSelectedKeys(NioEventLoop.java:496)
	at org.apache.ratis.thirdparty.io.netty.channel.nio.NioEventLoop.run(NioEventLoop.java:458)
	at org.apache.ratis.thirdparty.io.netty.util.concurrent.SingleThreadEventExecutor$5.run(SingleThreadEventExecutor.java:897)
	at org.apache.ratis.thirdparty.io.netty.util.concurrent.FastThreadLocalRunnable.run(FastThreadLocalRunnable.java:30)
	... 1 more
Caused by: java.net.ConnectException: Connection refused
	... 11 more
2019-10-22 00:13:25,599 [2fdb3e93-e0d8-400e-8c33-91e2341b50c6@group-F01152B53F91-LeaderElection272] INFO  impl.LeaderElection (LeaderElection.java:logAndReturn(56)) - 2fdb3e93-e0d8-400e-8c33-91e2341b50c6@group-F01152B53F91-LeaderElection272: Election REJECTED; received 0 response(s) [] and 2 exception(s); 2fdb3e93-e0d8-400e-8c33-91e2341b50c6@group-F01152B53F91:t270, leader=null, voted=2fdb3e93-e0d8-400e-8c33-91e2341b50c6, raftlog=2fdb3e93-e0d8-400e-8c33-91e2341b50c6@group-F01152B53F91-SegmentedRaftLog:OPENED:c-1,f-1,i0, conf=-1: [2fdb3e93-e0d8-400e-8c33-91e2341b50c6:192.168.157.254:43254, 062c71de-08d9-40ee-9309-15590e2e8e68:192.168.157.254:45598, 2a52019e-5647-44e1-bf30-9a43fd8a7377:192.168.157.254:36038], old=null
2019-10-22 00:13:25,599 [2fdb3e93-e0d8-400e-8c33-91e2341b50c6@group-F01152B53F91-LeaderElection272] INFO  impl.LeaderElection (LogUtils.java:infoOrTrace(149)) -   Exception 0: {}
java.util.concurrent.ExecutionException: org.apache.ratis.thirdparty.io.grpc.StatusRuntimeException: UNAVAILABLE: io exception
	at java.util.concurrent.FutureTask.report(FutureTask.java:122)
	at java.util.concurrent.FutureTask.get(FutureTask.java:192)
	at org.apache.ratis.server.impl.LeaderElection.waitForResults(LeaderElection.java:259)
	at org.apache.ratis.server.impl.LeaderElection.askForVotes(LeaderElection.java:197)
	at org.apache.ratis.server.impl.LeaderElection.run(LeaderElection.java:133)
	at java.lang.Thread.run(Thread.java:748)
Caused by: org.apache.ratis.thirdparty.io.grpc.StatusRuntimeException: UNAVAILABLE: io exception
	at org.apache.ratis.thirdparty.io.grpc.stub.ClientCalls.toStatusRuntimeException(ClientCalls.java:233)
	at org.apache.ratis.thirdparty.io.grpc.stub.ClientCalls.getUnchecked(ClientCalls.java:214)
	at org.apache.ratis.thirdparty.io.grpc.stub.ClientCalls.blockingUnaryCall(ClientCalls.java:139)
	at org.apache.ratis.proto.grpc.RaftServerProtocolServiceGrpc$RaftServerProtocolServiceBlockingStub.requestVote(RaftServerProtocolServiceGrpc.java:265)
	at org.apache.ratis.grpc.server.GrpcServerProtocolClient.requestVote(GrpcServerProtocolClient.java:99)
	at org.apache.ratis.grpc.server.GrpcService.requestVote(GrpcService.java:204)
	at org.apache.ratis.server.impl.LeaderElection.lambda$submitRequests$1(LeaderElection.java:234)
	at java.util.concurrent.FutureTask.run(FutureTask.java:266)
	at java.util.concurrent.Executors$RunnableAdapter.call(Executors.java:511)
	at java.util.concurrent.FutureTask.run(FutureTask.java:266)
	at java.util.concurrent.ThreadPoolExecutor.runWorker(ThreadPoolExecutor.java:1149)
	at java.util.concurrent.ThreadPoolExecutor$Worker.run(ThreadPoolExecutor.java:624)
	... 1 more
Caused by: org.apache.ratis.thirdparty.io.netty.channel.AbstractChannel$AnnotatedConnectException: Connection refused: /192.168.157.254:36038
	at sun.nio.ch.SocketChannelImpl.checkConnect(Native Method)
	at sun.nio.ch.SocketChannelImpl.finishConnect(SocketChannelImpl.java:717)
	at org.apache.ratis.thirdparty.io.netty.channel.socket.nio.NioSocketChannel.doFinishConnect(NioSocketChannel.java:327)
	at org.apache.ratis.thirdparty.io.netty.channel.nio.AbstractNioChannel$AbstractNioUnsafe.finishConnect(AbstractNioChannel.java:340)
	at org.apache.ratis.thirdparty.io.netty.channel.nio.NioEventLoop.processSelectedKey(NioEventLoop.java:632)
	at org.apache.ratis.thirdparty.io.netty.channel.nio.NioEventLoop.processSelectedKeysOptimized(NioEventLoop.java:579)
	at org.apache.ratis.thirdparty.io.netty.channel.nio.NioEventLoop.processSelectedKeys(NioEventLoop.java:496)
	at org.apache.ratis.thirdparty.io.netty.channel.nio.NioEventLoop.run(NioEventLoop.java:458)
	at org.apache.ratis.thirdparty.io.netty.util.concurrent.SingleThreadEventExecutor$5.run(SingleThreadEventExecutor.java:897)
	at org.apache.ratis.thirdparty.io.netty.util.concurrent.FastThreadLocalRunnable.run(FastThreadLocalRunnable.java:30)
	... 1 more
Caused by: java.net.ConnectException: Connection refused
	... 11 more
2019-10-22 00:13:25,600 [2fdb3e93-e0d8-400e-8c33-91e2341b50c6@group-F01152B53F91-LeaderElection272] INFO  impl.LeaderElection (LogUtils.java:infoOrTrace(149)) -   Exception 1: {}
java.util.concurrent.ExecutionException: org.apache.ratis.thirdparty.io.grpc.StatusRuntimeException: UNAVAILABLE: io exception
	at java.util.concurrent.FutureTask.report(FutureTask.java:122)
	at java.util.concurrent.FutureTask.get(FutureTask.java:192)
	at org.apache.ratis.server.impl.LeaderElection.waitForResults(LeaderElection.java:259)
	at org.apache.ratis.server.impl.LeaderElection.askForVotes(LeaderElection.java:197)
	at org.apache.ratis.server.impl.LeaderElection.run(LeaderElection.java:133)
	at java.lang.Thread.run(Thread.java:748)
Caused by: org.apache.ratis.thirdparty.io.grpc.StatusRuntimeException: UNAVAILABLE: io exception
	at org.apache.ratis.thirdparty.io.grpc.stub.ClientCalls.toStatusRuntimeException(ClientCalls.java:233)
	at org.apache.ratis.thirdparty.io.grpc.stub.ClientCalls.getUnchecked(ClientCalls.java:214)
	at org.apache.ratis.thirdparty.io.grpc.stub.ClientCalls.blockingUnaryCall(ClientCalls.java:139)
	at org.apache.ratis.proto.grpc.RaftServerProtocolServiceGrpc$RaftServerProtocolServiceBlockingStub.requestVote(RaftServerProtocolServiceGrpc.java:265)
	at org.apache.ratis.grpc.server.GrpcServerProtocolClient.requestVote(GrpcServerProtocolClient.java:99)
	at org.apache.ratis.grpc.server.GrpcService.requestVote(GrpcService.java:204)
	at org.apache.ratis.server.impl.LeaderElection.lambda$submitRequests$1(LeaderElection.java:234)
	at java.util.concurrent.FutureTask.run(FutureTask.java:266)
	at java.util.concurrent.Executors$RunnableAdapter.call(Executors.java:511)
	at java.util.concurrent.FutureTask.run(FutureTask.java:266)
	at java.util.concurrent.ThreadPoolExecutor.runWorker(ThreadPoolExecutor.java:1149)
	at java.util.concurrent.ThreadPoolExecutor$Worker.run(ThreadPoolExecutor.java:624)
	... 1 more
Caused by: org.apache.ratis.thirdparty.io.netty.channel.AbstractChannel$AnnotatedConnectException: Connection refused: /192.168.157.254:45598
	at sun.nio.ch.SocketChannelImpl.checkConnect(Native Method)
	at sun.nio.ch.SocketChannelImpl.finishConnect(SocketChannelImpl.java:717)
	at org.apache.ratis.thirdparty.io.netty.channel.socket.nio.NioSocketChannel.doFinishConnect(NioSocketChannel.java:327)
	at org.apache.ratis.thirdparty.io.netty.channel.nio.AbstractNioChannel$AbstractNioUnsafe.finishConnect(AbstractNioChannel.java:340)
	at org.apache.ratis.thirdparty.io.netty.channel.nio.NioEventLoop.processSelectedKey(NioEventLoop.java:632)
	at org.apache.ratis.thirdparty.io.netty.channel.nio.NioEventLoop.processSelectedKeysOptimized(NioEventLoop.java:579)
	at org.apache.ratis.thirdparty.io.netty.channel.nio.NioEventLoop.processSelectedKeys(NioEventLoop.java:496)
	at org.apache.ratis.thirdparty.io.netty.channel.nio.NioEventLoop.run(NioEventLoop.java:458)
	at org.apache.ratis.thirdparty.io.netty.util.concurrent.SingleThreadEventExecutor$5.run(SingleThreadEventExecutor.java:897)
	at org.apache.ratis.thirdparty.io.netty.util.concurrent.FastThreadLocalRunnable.run(FastThreadLocalRunnable.java:30)
	... 1 more
Caused by: java.net.ConnectException: Connection refused
	... 11 more
2019-10-22 00:13:25,600 [2fdb3e93-e0d8-400e-8c33-91e2341b50c6@group-F01152B53F91-LeaderElection272] INFO  impl.RaftServerImpl (RaftServerImpl.java:setRole(184)) - 2fdb3e93-e0d8-400e-8c33-91e2341b50c6@group-F01152B53F91: changes role from CANDIDATE to FOLLOWER at term 270 for DISCOVERED_A_NEW_TERM
2019-10-22 00:13:25,600 [2fdb3e93-e0d8-400e-8c33-91e2341b50c6@group-F01152B53F91-LeaderElection272] INFO  impl.RoleInfo (RoleInfo.java:shutdownLeaderElection(134)) - 2fdb3e93-e0d8-400e-8c33-91e2341b50c6: shutdown LeaderElection
2019-10-22 00:13:25,600 [2fdb3e93-e0d8-400e-8c33-91e2341b50c6@group-F01152B53F91-LeaderElection272] INFO  impl.RoleInfo (RoleInfo.java:updateAndGet(143)) - 2fdb3e93-e0d8-400e-8c33-91e2341b50c6: start FollowerState
2019-10-22 00:13:25,705 [Thread-2133] INFO  impl.FollowerState (FollowerState.java:run(108)) - 2fdb3e93-e0d8-400e-8c33-91e2341b50c6@group-F01152B53F91-FollowerState: change to CANDIDATE, lastRpcTime:105ms, electionTimeout:105ms
2019-10-22 00:13:25,706 [Thread-2133] INFO  impl.RoleInfo (RoleInfo.java:shutdownFollowerState(121)) - 2fdb3e93-e0d8-400e-8c33-91e2341b50c6: shutdown FollowerState
2019-10-22 00:13:25,706 [Thread-2133] INFO  impl.RaftServerImpl (RaftServerImpl.java:setRole(184)) - 2fdb3e93-e0d8-400e-8c33-91e2341b50c6@group-F01152B53F91: changes role from  FOLLOWER to CANDIDATE at term 270 for changeToCandidate
2019-10-22 00:13:25,706 [Thread-2133] INFO  impl.RoleInfo (RoleInfo.java:updateAndGet(143)) - 2fdb3e93-e0d8-400e-8c33-91e2341b50c6: start LeaderElection
2019-10-22 00:13:25,719 [2fdb3e93-e0d8-400e-8c33-91e2341b50c6@group-F01152B53F91-LeaderElection273] INFO  impl.LeaderElection (LeaderElection.java:askForVotes(178)) - 2fdb3e93-e0d8-400e-8c33-91e2341b50c6@group-F01152B53F91-LeaderElection273: begin an election at term 271 for -1: [2fdb3e93-e0d8-400e-8c33-91e2341b50c6:192.168.157.254:43254, 062c71de-08d9-40ee-9309-15590e2e8e68:192.168.157.254:45598, 2a52019e-5647-44e1-bf30-9a43fd8a7377:192.168.157.254:36038], old=null
2019-10-22 00:13:25,720 [2fdb3e93-e0d8-400e-8c33-91e2341b50c6@group-F01152B53F91-LeaderElection273] INFO  impl.LeaderElection (LogUtils.java:infoOrTrace(149)) - 2fdb3e93-e0d8-400e-8c33-91e2341b50c6@group-F01152B53F91-LeaderElection273 got exception when requesting votes: {}
java.util.concurrent.ExecutionException: org.apache.ratis.thirdparty.io.grpc.StatusRuntimeException: UNAVAILABLE: io exception
	at java.util.concurrent.FutureTask.report(FutureTask.java:122)
	at java.util.concurrent.FutureTask.get(FutureTask.java:192)
	at org.apache.ratis.server.impl.LeaderElection.waitForResults(LeaderElection.java:259)
	at org.apache.ratis.server.impl.LeaderElection.askForVotes(LeaderElection.java:197)
	at org.apache.ratis.server.impl.LeaderElection.run(LeaderElection.java:133)
	at java.lang.Thread.run(Thread.java:748)
Caused by: org.apache.ratis.thirdparty.io.grpc.StatusRuntimeException: UNAVAILABLE: io exception
	at org.apache.ratis.thirdparty.io.grpc.stub.ClientCalls.toStatusRuntimeException(ClientCalls.java:233)
	at org.apache.ratis.thirdparty.io.grpc.stub.ClientCalls.getUnchecked(ClientCalls.java:214)
	at org.apache.ratis.thirdparty.io.grpc.stub.ClientCalls.blockingUnaryCall(ClientCalls.java:139)
	at org.apache.ratis.proto.grpc.RaftServerProtocolServiceGrpc$RaftServerProtocolServiceBlockingStub.requestVote(RaftServerProtocolServiceGrpc.java:265)
	at org.apache.ratis.grpc.server.GrpcServerProtocolClient.requestVote(GrpcServerProtocolClient.java:99)
	at org.apache.ratis.grpc.server.GrpcService.requestVote(GrpcService.java:204)
	at org.apache.ratis.server.impl.LeaderElection.lambda$submitRequests$1(LeaderElection.java:234)
	at java.util.concurrent.FutureTask.run(FutureTask.java:266)
	at java.util.concurrent.Executors$RunnableAdapter.call(Executors.java:511)
	at java.util.concurrent.FutureTask.run(FutureTask.java:266)
	at java.util.concurrent.ThreadPoolExecutor.runWorker(ThreadPoolExecutor.java:1149)
	at java.util.concurrent.ThreadPoolExecutor$Worker.run(ThreadPoolExecutor.java:624)
	... 1 more
Caused by: org.apache.ratis.thirdparty.io.netty.channel.AbstractChannel$AnnotatedConnectException: Connection refused: /192.168.157.254:36038
	at sun.nio.ch.SocketChannelImpl.checkConnect(Native Method)
	at sun.nio.ch.SocketChannelImpl.finishConnect(SocketChannelImpl.java:717)
	at org.apache.ratis.thirdparty.io.netty.channel.socket.nio.NioSocketChannel.doFinishConnect(NioSocketChannel.java:327)
	at org.apache.ratis.thirdparty.io.netty.channel.nio.AbstractNioChannel$AbstractNioUnsafe.finishConnect(AbstractNioChannel.java:340)
	at org.apache.ratis.thirdparty.io.netty.channel.nio.NioEventLoop.processSelectedKey(NioEventLoop.java:632)
	at org.apache.ratis.thirdparty.io.netty.channel.nio.NioEventLoop.processSelectedKeysOptimized(NioEventLoop.java:579)
	at org.apache.ratis.thirdparty.io.netty.channel.nio.NioEventLoop.processSelectedKeys(NioEventLoop.java:496)
	at org.apache.ratis.thirdparty.io.netty.channel.nio.NioEventLoop.run(NioEventLoop.java:458)
	at org.apache.ratis.thirdparty.io.netty.util.concurrent.SingleThreadEventExecutor$5.run(SingleThreadEventExecutor.java:897)
	at org.apache.ratis.thirdparty.io.netty.util.concurrent.FastThreadLocalRunnable.run(FastThreadLocalRunnable.java:30)
	... 1 more
Caused by: java.net.ConnectException: Connection refused
	... 11 more
2019-10-22 00:13:25,720 [2fdb3e93-e0d8-400e-8c33-91e2341b50c6@group-F01152B53F91-LeaderElection273] INFO  impl.LeaderElection (LogUtils.java:infoOrTrace(149)) - 2fdb3e93-e0d8-400e-8c33-91e2341b50c6@group-F01152B53F91-LeaderElection273 got exception when requesting votes: {}
java.util.concurrent.ExecutionException: org.apache.ratis.thirdparty.io.grpc.StatusRuntimeException: UNAVAILABLE: io exception
	at java.util.concurrent.FutureTask.report(FutureTask.java:122)
	at java.util.concurrent.FutureTask.get(FutureTask.java:192)
	at org.apache.ratis.server.impl.LeaderElection.waitForResults(LeaderElection.java:259)
	at org.apache.ratis.server.impl.LeaderElection.askForVotes(LeaderElection.java:197)
	at org.apache.ratis.server.impl.LeaderElection.run(LeaderElection.java:133)
	at java.lang.Thread.run(Thread.java:748)
Caused by: org.apache.ratis.thirdparty.io.grpc.StatusRuntimeException: UNAVAILABLE: io exception
	at org.apache.ratis.thirdparty.io.grpc.stub.ClientCalls.toStatusRuntimeException(ClientCalls.java:233)
	at org.apache.ratis.thirdparty.io.grpc.stub.ClientCalls.getUnchecked(ClientCalls.java:214)
	at org.apache.ratis.thirdparty.io.grpc.stub.ClientCalls.blockingUnaryCall(ClientCalls.java:139)
	at org.apache.ratis.proto.grpc.RaftServerProtocolServiceGrpc$RaftServerProtocolServiceBlockingStub.requestVote(RaftServerProtocolServiceGrpc.java:265)
	at org.apache.ratis.grpc.server.GrpcServerProtocolClient.requestVote(GrpcServerProtocolClient.java:99)
	at org.apache.ratis.grpc.server.GrpcService.requestVote(GrpcService.java:204)
	at org.apache.ratis.server.impl.LeaderElection.lambda$submitRequests$1(LeaderElection.java:234)
	at java.util.concurrent.FutureTask.run(FutureTask.java:266)
	at java.util.concurrent.Executors$RunnableAdapter.call(Executors.java:511)
	at java.util.concurrent.FutureTask.run(FutureTask.java:266)
	at java.util.concurrent.ThreadPoolExecutor.runWorker(ThreadPoolExecutor.java:1149)
	at java.util.concurrent.ThreadPoolExecutor$Worker.run(ThreadPoolExecutor.java:624)
	... 1 more
Caused by: org.apache.ratis.thirdparty.io.netty.channel.AbstractChannel$AnnotatedConnectException: Connection refused: /192.168.157.254:45598
	at sun.nio.ch.SocketChannelImpl.checkConnect(Native Method)
	at sun.nio.ch.SocketChannelImpl.finishConnect(SocketChannelImpl.java:717)
	at org.apache.ratis.thirdparty.io.netty.channel.socket.nio.NioSocketChannel.doFinishConnect(NioSocketChannel.java:327)
	at org.apache.ratis.thirdparty.io.netty.channel.nio.AbstractNioChannel$AbstractNioUnsafe.finishConnect(AbstractNioChannel.java:340)
	at org.apache.ratis.thirdparty.io.netty.channel.nio.NioEventLoop.processSelectedKey(NioEventLoop.java:632)
	at org.apache.ratis.thirdparty.io.netty.channel.nio.NioEventLoop.processSelectedKeysOptimized(NioEventLoop.java:579)
	at org.apache.ratis.thirdparty.io.netty.channel.nio.NioEventLoop.processSelectedKeys(NioEventLoop.java:496)
	at org.apache.ratis.thirdparty.io.netty.channel.nio.NioEventLoop.run(NioEventLoop.java:458)
	at org.apache.ratis.thirdparty.io.netty.util.concurrent.SingleThreadEventExecutor$5.run(SingleThreadEventExecutor.java:897)
	at org.apache.ratis.thirdparty.io.netty.util.concurrent.FastThreadLocalRunnable.run(FastThreadLocalRunnable.java:30)
	... 1 more
Caused by: java.net.ConnectException: Connection refused
	... 11 more
2019-10-22 00:13:25,721 [2fdb3e93-e0d8-400e-8c33-91e2341b50c6@group-F01152B53F91-LeaderElection273] INFO  impl.LeaderElection (LeaderElection.java:logAndReturn(56)) - 2fdb3e93-e0d8-400e-8c33-91e2341b50c6@group-F01152B53F91-LeaderElection273: Election REJECTED; received 0 response(s) [] and 2 exception(s); 2fdb3e93-e0d8-400e-8c33-91e2341b50c6@group-F01152B53F91:t271, leader=null, voted=2fdb3e93-e0d8-400e-8c33-91e2341b50c6, raftlog=2fdb3e93-e0d8-400e-8c33-91e2341b50c6@group-F01152B53F91-SegmentedRaftLog:OPENED:c-1,f-1,i0, conf=-1: [2fdb3e93-e0d8-400e-8c33-91e2341b50c6:192.168.157.254:43254, 062c71de-08d9-40ee-9309-15590e2e8e68:192.168.157.254:45598, 2a52019e-5647-44e1-bf30-9a43fd8a7377:192.168.157.254:36038], old=null
2019-10-22 00:13:25,721 [2fdb3e93-e0d8-400e-8c33-91e2341b50c6@group-F01152B53F91-LeaderElection273] INFO  impl.LeaderElection (LogUtils.java:infoOrTrace(149)) -   Exception 0: {}
java.util.concurrent.ExecutionException: org.apache.ratis.thirdparty.io.grpc.StatusRuntimeException: UNAVAILABLE: io exception
	at java.util.concurrent.FutureTask.report(FutureTask.java:122)
	at java.util.concurrent.FutureTask.get(FutureTask.java:192)
	at org.apache.ratis.server.impl.LeaderElection.waitForResults(LeaderElection.java:259)
	at org.apache.ratis.server.impl.LeaderElection.askForVotes(LeaderElection.java:197)
	at org.apache.ratis.server.impl.LeaderElection.run(LeaderElection.java:133)
	at java.lang.Thread.run(Thread.java:748)
Caused by: org.apache.ratis.thirdparty.io.grpc.StatusRuntimeException: UNAVAILABLE: io exception
	at org.apache.ratis.thirdparty.io.grpc.stub.ClientCalls.toStatusRuntimeException(ClientCalls.java:233)
	at org.apache.ratis.thirdparty.io.grpc.stub.ClientCalls.getUnchecked(ClientCalls.java:214)
	at org.apache.ratis.thirdparty.io.grpc.stub.ClientCalls.blockingUnaryCall(ClientCalls.java:139)
	at org.apache.ratis.proto.grpc.RaftServerProtocolServiceGrpc$RaftServerProtocolServiceBlockingStub.requestVote(RaftServerProtocolServiceGrpc.java:265)
	at org.apache.ratis.grpc.server.GrpcServerProtocolClient.requestVote(GrpcServerProtocolClient.java:99)
	at org.apache.ratis.grpc.server.GrpcService.requestVote(GrpcService.java:204)
	at org.apache.ratis.server.impl.LeaderElection.lambda$submitRequests$1(LeaderElection.java:234)
	at java.util.concurrent.FutureTask.run(FutureTask.java:266)
	at java.util.concurrent.Executors$RunnableAdapter.call(Executors.java:511)
	at java.util.concurrent.FutureTask.run(FutureTask.java:266)
	at java.util.concurrent.ThreadPoolExecutor.runWorker(ThreadPoolExecutor.java:1149)
	at java.util.concurrent.ThreadPoolExecutor$Worker.run(ThreadPoolExecutor.java:624)
	... 1 more
Caused by: org.apache.ratis.thirdparty.io.netty.channel.AbstractChannel$AnnotatedConnectException: Connection refused: /192.168.157.254:36038
	at sun.nio.ch.SocketChannelImpl.checkConnect(Native Method)
	at sun.nio.ch.SocketChannelImpl.finishConnect(SocketChannelImpl.java:717)
	at org.apache.ratis.thirdparty.io.netty.channel.socket.nio.NioSocketChannel.doFinishConnect(NioSocketChannel.java:327)
	at org.apache.ratis.thirdparty.io.netty.channel.nio.AbstractNioChannel$AbstractNioUnsafe.finishConnect(AbstractNioChannel.java:340)
	at org.apache.ratis.thirdparty.io.netty.channel.nio.NioEventLoop.processSelectedKey(NioEventLoop.java:632)
	at org.apache.ratis.thirdparty.io.netty.channel.nio.NioEventLoop.processSelectedKeysOptimized(NioEventLoop.java:579)
	at org.apache.ratis.thirdparty.io.netty.channel.nio.NioEventLoop.processSelectedKeys(NioEventLoop.java:496)
	at org.apache.ratis.thirdparty.io.netty.channel.nio.NioEventLoop.run(NioEventLoop.java:458)
	at org.apache.ratis.thirdparty.io.netty.util.concurrent.SingleThreadEventExecutor$5.run(SingleThreadEventExecutor.java:897)
	at org.apache.ratis.thirdparty.io.netty.util.concurrent.FastThreadLocalRunnable.run(FastThreadLocalRunnable.java:30)
	... 1 more
Caused by: java.net.ConnectException: Connection refused
	... 11 more
2019-10-22 00:13:25,721 [2fdb3e93-e0d8-400e-8c33-91e2341b50c6@group-F01152B53F91-LeaderElection273] INFO  impl.LeaderElection (LogUtils.java:infoOrTrace(149)) -   Exception 1: {}
java.util.concurrent.ExecutionException: org.apache.ratis.thirdparty.io.grpc.StatusRuntimeException: UNAVAILABLE: io exception
	at java.util.concurrent.FutureTask.report(FutureTask.java:122)
	at java.util.concurrent.FutureTask.get(FutureTask.java:192)
	at org.apache.ratis.server.impl.LeaderElection.waitForResults(LeaderElection.java:259)
	at org.apache.ratis.server.impl.LeaderElection.askForVotes(LeaderElection.java:197)
	at org.apache.ratis.server.impl.LeaderElection.run(LeaderElection.java:133)
	at java.lang.Thread.run(Thread.java:748)
Caused by: org.apache.ratis.thirdparty.io.grpc.StatusRuntimeException: UNAVAILABLE: io exception
	at org.apache.ratis.thirdparty.io.grpc.stub.ClientCalls.toStatusRuntimeException(ClientCalls.java:233)
	at org.apache.ratis.thirdparty.io.grpc.stub.ClientCalls.getUnchecked(ClientCalls.java:214)
	at org.apache.ratis.thirdparty.io.grpc.stub.ClientCalls.blockingUnaryCall(ClientCalls.java:139)
	at org.apache.ratis.proto.grpc.RaftServerProtocolServiceGrpc$RaftServerProtocolServiceBlockingStub.requestVote(RaftServerProtocolServiceGrpc.java:265)
	at org.apache.ratis.grpc.server.GrpcServerProtocolClient.requestVote(GrpcServerProtocolClient.java:99)
	at org.apache.ratis.grpc.server.GrpcService.requestVote(GrpcService.java:204)
	at org.apache.ratis.server.impl.LeaderElection.lambda$submitRequests$1(LeaderElection.java:234)
	at java.util.concurrent.FutureTask.run(FutureTask.java:266)
	at java.util.concurrent.Executors$RunnableAdapter.call(Executors.java:511)
	at java.util.concurrent.FutureTask.run(FutureTask.java:266)
	at java.util.concurrent.ThreadPoolExecutor.runWorker(ThreadPoolExecutor.java:1149)
	at java.util.concurrent.ThreadPoolExecutor$Worker.run(ThreadPoolExecutor.java:624)
	... 1 more
Caused by: org.apache.ratis.thirdparty.io.netty.channel.AbstractChannel$AnnotatedConnectException: Connection refused: /192.168.157.254:45598
	at sun.nio.ch.SocketChannelImpl.checkConnect(Native Method)
	at sun.nio.ch.SocketChannelImpl.finishConnect(SocketChannelImpl.java:717)
	at org.apache.ratis.thirdparty.io.netty.channel.socket.nio.NioSocketChannel.doFinishConnect(NioSocketChannel.java:327)
	at org.apache.ratis.thirdparty.io.netty.channel.nio.AbstractNioChannel$AbstractNioUnsafe.finishConnect(AbstractNioChannel.java:340)
	at org.apache.ratis.thirdparty.io.netty.channel.nio.NioEventLoop.processSelectedKey(NioEventLoop.java:632)
	at org.apache.ratis.thirdparty.io.netty.channel.nio.NioEventLoop.processSelectedKeysOptimized(NioEventLoop.java:579)
	at org.apache.ratis.thirdparty.io.netty.channel.nio.NioEventLoop.processSelectedKeys(NioEventLoop.java:496)
	at org.apache.ratis.thirdparty.io.netty.channel.nio.NioEventLoop.run(NioEventLoop.java:458)
	at org.apache.ratis.thirdparty.io.netty.util.concurrent.SingleThreadEventExecutor$5.run(SingleThreadEventExecutor.java:897)
	at org.apache.ratis.thirdparty.io.netty.util.concurrent.FastThreadLocalRunnable.run(FastThreadLocalRunnable.java:30)
	... 1 more
Caused by: java.net.ConnectException: Connection refused
	... 11 more
2019-10-22 00:13:25,722 [2fdb3e93-e0d8-400e-8c33-91e2341b50c6@group-F01152B53F91-LeaderElection273] INFO  impl.RaftServerImpl (RaftServerImpl.java:setRole(184)) - 2fdb3e93-e0d8-400e-8c33-91e2341b50c6@group-F01152B53F91: changes role from CANDIDATE to FOLLOWER at term 271 for DISCOVERED_A_NEW_TERM
2019-10-22 00:13:25,722 [2fdb3e93-e0d8-400e-8c33-91e2341b50c6@group-F01152B53F91-LeaderElection273] INFO  impl.RoleInfo (RoleInfo.java:shutdownLeaderElection(134)) - 2fdb3e93-e0d8-400e-8c33-91e2341b50c6: shutdown LeaderElection
2019-10-22 00:13:25,722 [2fdb3e93-e0d8-400e-8c33-91e2341b50c6@group-F01152B53F91-LeaderElection273] INFO  impl.RoleInfo (RoleInfo.java:updateAndGet(143)) - 2fdb3e93-e0d8-400e-8c33-91e2341b50c6: start FollowerState
2019-10-22 00:13:25,804 [java.util.concurrent.ThreadPoolExecutor$Worker@c41ae0f[State = -1, empty queue]] WARN  server.GrpcLogAppender (GrpcLogAppender.java:timeoutAppendRequest(209)) - fad63ceb-ed14-4322-905d-6ef3599ac734@group-0045C62F497D->5732e052-e19f-40fe-a104-972211db20fb-GrpcLogAppender: appendEntries Timeout, request=fad63ceb-ed14-4322-905d-6ef3599ac734->5732e052-e19f-40fe-a104-972211db20fb#62-t1, previous=(t:1, i:0), leaderCommit=0, initializing? false, entries: <empty>
2019-10-22 00:13:25,872 [java.util.concurrent.ThreadPoolExecutor$Worker@48cd139a[State = -1, empty queue]] WARN  server.GrpcLogAppender (GrpcLogAppender.java:timeoutAppendRequest(209)) - fad63ceb-ed14-4322-905d-6ef3599ac734@group-0045C62F497D->1913eeb9-7f58-4aef-bfea-8e00a2a3aadf-GrpcLogAppender: appendEntries Timeout, request=fad63ceb-ed14-4322-905d-6ef3599ac734->1913eeb9-7f58-4aef-bfea-8e00a2a3aadf#62-t1, previous=(t:1, i:0), leaderCommit=0, initializing? false, entries: <empty>
2019-10-22 00:13:25,884 [Thread-2137] INFO  impl.FollowerState (FollowerState.java:run(108)) - 2fdb3e93-e0d8-400e-8c33-91e2341b50c6@group-F01152B53F91-FollowerState: change to CANDIDATE, lastRpcTime:162ms, electionTimeout:162ms
2019-10-22 00:13:25,885 [Thread-2137] INFO  impl.RoleInfo (RoleInfo.java:shutdownFollowerState(121)) - 2fdb3e93-e0d8-400e-8c33-91e2341b50c6: shutdown FollowerState
2019-10-22 00:13:25,885 [Thread-2137] INFO  impl.RaftServerImpl (RaftServerImpl.java:setRole(184)) - 2fdb3e93-e0d8-400e-8c33-91e2341b50c6@group-F01152B53F91: changes role from  FOLLOWER to CANDIDATE at term 271 for changeToCandidate
2019-10-22 00:13:25,885 [Thread-2137] INFO  impl.RoleInfo (RoleInfo.java:updateAndGet(143)) - 2fdb3e93-e0d8-400e-8c33-91e2341b50c6: start LeaderElection
2019-10-22 00:13:25,899 [2fdb3e93-e0d8-400e-8c33-91e2341b50c6@group-F01152B53F91-LeaderElection274] INFO  impl.LeaderElection (LeaderElection.java:askForVotes(178)) - 2fdb3e93-e0d8-400e-8c33-91e2341b50c6@group-F01152B53F91-LeaderElection274: begin an election at term 272 for -1: [2fdb3e93-e0d8-400e-8c33-91e2341b50c6:192.168.157.254:43254, 062c71de-08d9-40ee-9309-15590e2e8e68:192.168.157.254:45598, 2a52019e-5647-44e1-bf30-9a43fd8a7377:192.168.157.254:36038], old=null
2019-10-22 00:13:25,900 [2fdb3e93-e0d8-400e-8c33-91e2341b50c6@group-F01152B53F91-LeaderElection274] INFO  impl.LeaderElection (LogUtils.java:infoOrTrace(149)) - 2fdb3e93-e0d8-400e-8c33-91e2341b50c6@group-F01152B53F91-LeaderElection274 got exception when requesting votes: {}
java.util.concurrent.ExecutionException: org.apache.ratis.thirdparty.io.grpc.StatusRuntimeException: UNAVAILABLE: io exception
	at java.util.concurrent.FutureTask.report(FutureTask.java:122)
	at java.util.concurrent.FutureTask.get(FutureTask.java:192)
	at org.apache.ratis.server.impl.LeaderElection.waitForResults(LeaderElection.java:259)
	at org.apache.ratis.server.impl.LeaderElection.askForVotes(LeaderElection.java:197)
	at org.apache.ratis.server.impl.LeaderElection.run(LeaderElection.java:133)
	at java.lang.Thread.run(Thread.java:748)
Caused by: org.apache.ratis.thirdparty.io.grpc.StatusRuntimeException: UNAVAILABLE: io exception
	at org.apache.ratis.thirdparty.io.grpc.stub.ClientCalls.toStatusRuntimeException(ClientCalls.java:233)
	at org.apache.ratis.thirdparty.io.grpc.stub.ClientCalls.getUnchecked(ClientCalls.java:214)
	at org.apache.ratis.thirdparty.io.grpc.stub.ClientCalls.blockingUnaryCall(ClientCalls.java:139)
	at org.apache.ratis.proto.grpc.RaftServerProtocolServiceGrpc$RaftServerProtocolServiceBlockingStub.requestVote(RaftServerProtocolServiceGrpc.java:265)
	at org.apache.ratis.grpc.server.GrpcServerProtocolClient.requestVote(GrpcServerProtocolClient.java:99)
	at org.apache.ratis.grpc.server.GrpcService.requestVote(GrpcService.java:204)
	at org.apache.ratis.server.impl.LeaderElection.lambda$submitRequests$1(LeaderElection.java:234)
	at java.util.concurrent.FutureTask.run(FutureTask.java:266)
	at java.util.concurrent.Executors$RunnableAdapter.call(Executors.java:511)
	at java.util.concurrent.FutureTask.run(FutureTask.java:266)
	at java.util.concurrent.ThreadPoolExecutor.runWorker(ThreadPoolExecutor.java:1149)
	at java.util.concurrent.ThreadPoolExecutor$Worker.run(ThreadPoolExecutor.java:624)
	... 1 more
Caused by: org.apache.ratis.thirdparty.io.netty.channel.AbstractChannel$AnnotatedConnectException: Connection refused: /192.168.157.254:45598
	at sun.nio.ch.SocketChannelImpl.checkConnect(Native Method)
	at sun.nio.ch.SocketChannelImpl.finishConnect(SocketChannelImpl.java:717)
	at org.apache.ratis.thirdparty.io.netty.channel.socket.nio.NioSocketChannel.doFinishConnect(NioSocketChannel.java:327)
	at org.apache.ratis.thirdparty.io.netty.channel.nio.AbstractNioChannel$AbstractNioUnsafe.finishConnect(AbstractNioChannel.java:340)
	at org.apache.ratis.thirdparty.io.netty.channel.nio.NioEventLoop.processSelectedKey(NioEventLoop.java:632)
	at org.apache.ratis.thirdparty.io.netty.channel.nio.NioEventLoop.processSelectedKeysOptimized(NioEventLoop.java:579)
	at org.apache.ratis.thirdparty.io.netty.channel.nio.NioEventLoop.processSelectedKeys(NioEventLoop.java:496)
	at org.apache.ratis.thirdparty.io.netty.channel.nio.NioEventLoop.run(NioEventLoop.java:458)
	at org.apache.ratis.thirdparty.io.netty.util.concurrent.SingleThreadEventExecutor$5.run(SingleThreadEventExecutor.java:897)
	at org.apache.ratis.thirdparty.io.netty.util.concurrent.FastThreadLocalRunnable.run(FastThreadLocalRunnable.java:30)
	... 1 more
Caused by: java.net.ConnectException: Connection refused
	... 11 more
2019-10-22 00:13:25,900 [2fdb3e93-e0d8-400e-8c33-91e2341b50c6@group-F01152B53F91-LeaderElection274] INFO  impl.LeaderElection (LogUtils.java:infoOrTrace(149)) - 2fdb3e93-e0d8-400e-8c33-91e2341b50c6@group-F01152B53F91-LeaderElection274 got exception when requesting votes: {}
java.util.concurrent.ExecutionException: org.apache.ratis.thirdparty.io.grpc.StatusRuntimeException: UNAVAILABLE: io exception
	at java.util.concurrent.FutureTask.report(FutureTask.java:122)
	at java.util.concurrent.FutureTask.get(FutureTask.java:192)
	at org.apache.ratis.server.impl.LeaderElection.waitForResults(LeaderElection.java:259)
	at org.apache.ratis.server.impl.LeaderElection.askForVotes(LeaderElection.java:197)
	at org.apache.ratis.server.impl.LeaderElection.run(LeaderElection.java:133)
	at java.lang.Thread.run(Thread.java:748)
Caused by: org.apache.ratis.thirdparty.io.grpc.StatusRuntimeException: UNAVAILABLE: io exception
	at org.apache.ratis.thirdparty.io.grpc.stub.ClientCalls.toStatusRuntimeException(ClientCalls.java:233)
	at org.apache.ratis.thirdparty.io.grpc.stub.ClientCalls.getUnchecked(ClientCalls.java:214)
	at org.apache.ratis.thirdparty.io.grpc.stub.ClientCalls.blockingUnaryCall(ClientCalls.java:139)
	at org.apache.ratis.proto.grpc.RaftServerProtocolServiceGrpc$RaftServerProtocolServiceBlockingStub.requestVote(RaftServerProtocolServiceGrpc.java:265)
	at org.apache.ratis.grpc.server.GrpcServerProtocolClient.requestVote(GrpcServerProtocolClient.java:99)
	at org.apache.ratis.grpc.server.GrpcService.requestVote(GrpcService.java:204)
	at org.apache.ratis.server.impl.LeaderElection.lambda$submitRequests$1(LeaderElection.java:234)
	at java.util.concurrent.FutureTask.run(FutureTask.java:266)
	at java.util.concurrent.Executors$RunnableAdapter.call(Executors.java:511)
	at java.util.concurrent.FutureTask.run(FutureTask.java:266)
	at java.util.concurrent.ThreadPoolExecutor.runWorker(ThreadPoolExecutor.java:1149)
	at java.util.concurrent.ThreadPoolExecutor$Worker.run(ThreadPoolExecutor.java:624)
	... 1 more
Caused by: org.apache.ratis.thirdparty.io.netty.channel.AbstractChannel$AnnotatedConnectException: Connection refused: /192.168.157.254:36038
	at sun.nio.ch.SocketChannelImpl.checkConnect(Native Method)
	at sun.nio.ch.SocketChannelImpl.finishConnect(SocketChannelImpl.java:717)
	at org.apache.ratis.thirdparty.io.netty.channel.socket.nio.NioSocketChannel.doFinishConnect(NioSocketChannel.java:327)
	at org.apache.ratis.thirdparty.io.netty.channel.nio.AbstractNioChannel$AbstractNioUnsafe.finishConnect(AbstractNioChannel.java:340)
	at org.apache.ratis.thirdparty.io.netty.channel.nio.NioEventLoop.processSelectedKey(NioEventLoop.java:632)
	at org.apache.ratis.thirdparty.io.netty.channel.nio.NioEventLoop.processSelectedKeysOptimized(NioEventLoop.java:579)
	at org.apache.ratis.thirdparty.io.netty.channel.nio.NioEventLoop.processSelectedKeys(NioEventLoop.java:496)
	at org.apache.ratis.thirdparty.io.netty.channel.nio.NioEventLoop.run(NioEventLoop.java:458)
	at org.apache.ratis.thirdparty.io.netty.util.concurrent.SingleThreadEventExecutor$5.run(SingleThreadEventExecutor.java:897)
	at org.apache.ratis.thirdparty.io.netty.util.concurrent.FastThreadLocalRunnable.run(FastThreadLocalRunnable.java:30)
	... 1 more
Caused by: java.net.ConnectException: Connection refused
	... 11 more
2019-10-22 00:13:25,900 [2fdb3e93-e0d8-400e-8c33-91e2341b50c6@group-F01152B53F91-LeaderElection274] INFO  impl.LeaderElection (LeaderElection.java:logAndReturn(56)) - 2fdb3e93-e0d8-400e-8c33-91e2341b50c6@group-F01152B53F91-LeaderElection274: Election REJECTED; received 0 response(s) [] and 2 exception(s); 2fdb3e93-e0d8-400e-8c33-91e2341b50c6@group-F01152B53F91:t272, leader=null, voted=2fdb3e93-e0d8-400e-8c33-91e2341b50c6, raftlog=2fdb3e93-e0d8-400e-8c33-91e2341b50c6@group-F01152B53F91-SegmentedRaftLog:OPENED:c-1,f-1,i0, conf=-1: [2fdb3e93-e0d8-400e-8c33-91e2341b50c6:192.168.157.254:43254, 062c71de-08d9-40ee-9309-15590e2e8e68:192.168.157.254:45598, 2a52019e-5647-44e1-bf30-9a43fd8a7377:192.168.157.254:36038], old=null
2019-10-22 00:13:25,900 [2fdb3e93-e0d8-400e-8c33-91e2341b50c6@group-F01152B53F91-LeaderElection274] INFO  impl.LeaderElection (LogUtils.java:infoOrTrace(149)) -   Exception 0: {}
java.util.concurrent.ExecutionException: org.apache.ratis.thirdparty.io.grpc.StatusRuntimeException: UNAVAILABLE: io exception
	at java.util.concurrent.FutureTask.report(FutureTask.java:122)
	at java.util.concurrent.FutureTask.get(FutureTask.java:192)
	at org.apache.ratis.server.impl.LeaderElection.waitForResults(LeaderElection.java:259)
	at org.apache.ratis.server.impl.LeaderElection.askForVotes(LeaderElection.java:197)
	at org.apache.ratis.server.impl.LeaderElection.run(LeaderElection.java:133)
	at java.lang.Thread.run(Thread.java:748)
Caused by: org.apache.ratis.thirdparty.io.grpc.StatusRuntimeException: UNAVAILABLE: io exception
	at org.apache.ratis.thirdparty.io.grpc.stub.ClientCalls.toStatusRuntimeException(ClientCalls.java:233)
	at org.apache.ratis.thirdparty.io.grpc.stub.ClientCalls.getUnchecked(ClientCalls.java:214)
	at org.apache.ratis.thirdparty.io.grpc.stub.ClientCalls.blockingUnaryCall(ClientCalls.java:139)
	at org.apache.ratis.proto.grpc.RaftServerProtocolServiceGrpc$RaftServerProtocolServiceBlockingStub.requestVote(RaftServerProtocolServiceGrpc.java:265)
	at org.apache.ratis.grpc.server.GrpcServerProtocolClient.requestVote(GrpcServerProtocolClient.java:99)
	at org.apache.ratis.grpc.server.GrpcService.requestVote(GrpcService.java:204)
	at org.apache.ratis.server.impl.LeaderElection.lambda$submitRequests$1(LeaderElection.java:234)
	at java.util.concurrent.FutureTask.run(FutureTask.java:266)
	at java.util.concurrent.Executors$RunnableAdapter.call(Executors.java:511)
	at java.util.concurrent.FutureTask.run(FutureTask.java:266)
	at java.util.concurrent.ThreadPoolExecutor.runWorker(ThreadPoolExecutor.java:1149)
	at java.util.concurrent.ThreadPoolExecutor$Worker.run(ThreadPoolExecutor.java:624)
	... 1 more
Caused by: org.apache.ratis.thirdparty.io.netty.channel.AbstractChannel$AnnotatedConnectException: Connection refused: /192.168.157.254:45598
	at sun.nio.ch.SocketChannelImpl.checkConnect(Native Method)
	at sun.nio.ch.SocketChannelImpl.finishConnect(SocketChannelImpl.java:717)
	at org.apache.ratis.thirdparty.io.netty.channel.socket.nio.NioSocketChannel.doFinishConnect(NioSocketChannel.java:327)
	at org.apache.ratis.thirdparty.io.netty.channel.nio.AbstractNioChannel$AbstractNioUnsafe.finishConnect(AbstractNioChannel.java:340)
	at org.apache.ratis.thirdparty.io.netty.channel.nio.NioEventLoop.processSelectedKey(NioEventLoop.java:632)
	at org.apache.ratis.thirdparty.io.netty.channel.nio.NioEventLoop.processSelectedKeysOptimized(NioEventLoop.java:579)
	at org.apache.ratis.thirdparty.io.netty.channel.nio.NioEventLoop.processSelectedKeys(NioEventLoop.java:496)
	at org.apache.ratis.thirdparty.io.netty.channel.nio.NioEventLoop.run(NioEventLoop.java:458)
	at org.apache.ratis.thirdparty.io.netty.util.concurrent.SingleThreadEventExecutor$5.run(SingleThreadEventExecutor.java:897)
	at org.apache.ratis.thirdparty.io.netty.util.concurrent.FastThreadLocalRunnable.run(FastThreadLocalRunnable.java:30)
	... 1 more
Caused by: java.net.ConnectException: Connection refused
	... 11 more
2019-10-22 00:13:25,901 [2fdb3e93-e0d8-400e-8c33-91e2341b50c6@group-F01152B53F91-LeaderElection274] INFO  impl.LeaderElection (LogUtils.java:infoOrTrace(149)) -   Exception 1: {}
java.util.concurrent.ExecutionException: org.apache.ratis.thirdparty.io.grpc.StatusRuntimeException: UNAVAILABLE: io exception
	at java.util.concurrent.FutureTask.report(FutureTask.java:122)
	at java.util.concurrent.FutureTask.get(FutureTask.java:192)
	at org.apache.ratis.server.impl.LeaderElection.waitForResults(LeaderElection.java:259)
	at org.apache.ratis.server.impl.LeaderElection.askForVotes(LeaderElection.java:197)
	at org.apache.ratis.server.impl.LeaderElection.run(LeaderElection.java:133)
	at java.lang.Thread.run(Thread.java:748)
Caused by: org.apache.ratis.thirdparty.io.grpc.StatusRuntimeException: UNAVAILABLE: io exception
	at org.apache.ratis.thirdparty.io.grpc.stub.ClientCalls.toStatusRuntimeException(ClientCalls.java:233)
	at org.apache.ratis.thirdparty.io.grpc.stub.ClientCalls.getUnchecked(ClientCalls.java:214)
	at org.apache.ratis.thirdparty.io.grpc.stub.ClientCalls.blockingUnaryCall(ClientCalls.java:139)
	at org.apache.ratis.proto.grpc.RaftServerProtocolServiceGrpc$RaftServerProtocolServiceBlockingStub.requestVote(RaftServerProtocolServiceGrpc.java:265)
	at org.apache.ratis.grpc.server.GrpcServerProtocolClient.requestVote(GrpcServerProtocolClient.java:99)
	at org.apache.ratis.grpc.server.GrpcService.requestVote(GrpcService.java:204)
	at org.apache.ratis.server.impl.LeaderElection.lambda$submitRequests$1(LeaderElection.java:234)
	at java.util.concurrent.FutureTask.run(FutureTask.java:266)
	at java.util.concurrent.Executors$RunnableAdapter.call(Executors.java:511)
	at java.util.concurrent.FutureTask.run(FutureTask.java:266)
	at java.util.concurrent.ThreadPoolExecutor.runWorker(ThreadPoolExecutor.java:1149)
	at java.util.concurrent.ThreadPoolExecutor$Worker.run(ThreadPoolExecutor.java:624)
	... 1 more
Caused by: org.apache.ratis.thirdparty.io.netty.channel.AbstractChannel$AnnotatedConnectException: Connection refused: /192.168.157.254:36038
	at sun.nio.ch.SocketChannelImpl.checkConnect(Native Method)
	at sun.nio.ch.SocketChannelImpl.finishConnect(SocketChannelImpl.java:717)
	at org.apache.ratis.thirdparty.io.netty.channel.socket.nio.NioSocketChannel.doFinishConnect(NioSocketChannel.java:327)
	at org.apache.ratis.thirdparty.io.netty.channel.nio.AbstractNioChannel$AbstractNioUnsafe.finishConnect(AbstractNioChannel.java:340)
	at org.apache.ratis.thirdparty.io.netty.channel.nio.NioEventLoop.processSelectedKey(NioEventLoop.java:632)
	at org.apache.ratis.thirdparty.io.netty.channel.nio.NioEventLoop.processSelectedKeysOptimized(NioEventLoop.java:579)
	at org.apache.ratis.thirdparty.io.netty.channel.nio.NioEventLoop.processSelectedKeys(NioEventLoop.java:496)
	at org.apache.ratis.thirdparty.io.netty.channel.nio.NioEventLoop.run(NioEventLoop.java:458)
	at org.apache.ratis.thirdparty.io.netty.util.concurrent.SingleThreadEventExecutor$5.run(SingleThreadEventExecutor.java:897)
	at org.apache.ratis.thirdparty.io.netty.util.concurrent.FastThreadLocalRunnable.run(FastThreadLocalRunnable.java:30)
	... 1 more
Caused by: java.net.ConnectException: Connection refused
	... 11 more
2019-10-22 00:13:25,901 [2fdb3e93-e0d8-400e-8c33-91e2341b50c6@group-F01152B53F91-LeaderElection274] INFO  impl.RaftServerImpl (RaftServerImpl.java:setRole(184)) - 2fdb3e93-e0d8-400e-8c33-91e2341b50c6@group-F01152B53F91: changes role from CANDIDATE to FOLLOWER at term 272 for DISCOVERED_A_NEW_TERM
2019-10-22 00:13:25,901 [2fdb3e93-e0d8-400e-8c33-91e2341b50c6@group-F01152B53F91-LeaderElection274] INFO  impl.RoleInfo (RoleInfo.java:shutdownLeaderElection(134)) - 2fdb3e93-e0d8-400e-8c33-91e2341b50c6: shutdown LeaderElection
2019-10-22 00:13:25,901 [2fdb3e93-e0d8-400e-8c33-91e2341b50c6@group-F01152B53F91-LeaderElection274] INFO  impl.RoleInfo (RoleInfo.java:updateAndGet(143)) - 2fdb3e93-e0d8-400e-8c33-91e2341b50c6: start FollowerState
2019-10-22 00:13:25,966 [Thread-2141] INFO  impl.FollowerState (FollowerState.java:run(108)) - 2fdb3e93-e0d8-400e-8c33-91e2341b50c6@group-F01152B53F91-FollowerState: change to CANDIDATE, lastRpcTime:65ms, electionTimeout:65ms
2019-10-22 00:13:25,967 [Thread-2141] INFO  impl.RoleInfo (RoleInfo.java:shutdownFollowerState(121)) - 2fdb3e93-e0d8-400e-8c33-91e2341b50c6: shutdown FollowerState
2019-10-22 00:13:25,967 [Thread-2141] INFO  impl.RaftServerImpl (RaftServerImpl.java:setRole(184)) - 2fdb3e93-e0d8-400e-8c33-91e2341b50c6@group-F01152B53F91: changes role from  FOLLOWER to CANDIDATE at term 272 for changeToCandidate
2019-10-22 00:13:25,967 [Thread-2141] INFO  impl.RoleInfo (RoleInfo.java:updateAndGet(143)) - 2fdb3e93-e0d8-400e-8c33-91e2341b50c6: start LeaderElection
2019-10-22 00:13:25,980 [2fdb3e93-e0d8-400e-8c33-91e2341b50c6@group-F01152B53F91-LeaderElection275] INFO  impl.LeaderElection (LeaderElection.java:askForVotes(178)) - 2fdb3e93-e0d8-400e-8c33-91e2341b50c6@group-F01152B53F91-LeaderElection275: begin an election at term 273 for -1: [2fdb3e93-e0d8-400e-8c33-91e2341b50c6:192.168.157.254:43254, 062c71de-08d9-40ee-9309-15590e2e8e68:192.168.157.254:45598, 2a52019e-5647-44e1-bf30-9a43fd8a7377:192.168.157.254:36038], old=null
2019-10-22 00:13:25,981 [2fdb3e93-e0d8-400e-8c33-91e2341b50c6@group-F01152B53F91-LeaderElection275] INFO  impl.LeaderElection (LogUtils.java:infoOrTrace(149)) - 2fdb3e93-e0d8-400e-8c33-91e2341b50c6@group-F01152B53F91-LeaderElection275 got exception when requesting votes: {}
java.util.concurrent.ExecutionException: org.apache.ratis.thirdparty.io.grpc.StatusRuntimeException: UNAVAILABLE: io exception
	at java.util.concurrent.FutureTask.report(FutureTask.java:122)
	at java.util.concurrent.FutureTask.get(FutureTask.java:192)
	at org.apache.ratis.server.impl.LeaderElection.waitForResults(LeaderElection.java:259)
	at org.apache.ratis.server.impl.LeaderElection.askForVotes(LeaderElection.java:197)
	at org.apache.ratis.server.impl.LeaderElection.run(LeaderElection.java:133)
	at java.lang.Thread.run(Thread.java:748)
Caused by: org.apache.ratis.thirdparty.io.grpc.StatusRuntimeException: UNAVAILABLE: io exception
	at org.apache.ratis.thirdparty.io.grpc.stub.ClientCalls.toStatusRuntimeException(ClientCalls.java:233)
	at org.apache.ratis.thirdparty.io.grpc.stub.ClientCalls.getUnchecked(ClientCalls.java:214)
	at org.apache.ratis.thirdparty.io.grpc.stub.ClientCalls.blockingUnaryCall(ClientCalls.java:139)
	at org.apache.ratis.proto.grpc.RaftServerProtocolServiceGrpc$RaftServerProtocolServiceBlockingStub.requestVote(RaftServerProtocolServiceGrpc.java:265)
	at org.apache.ratis.grpc.server.GrpcServerProtocolClient.requestVote(GrpcServerProtocolClient.java:99)
	at org.apache.ratis.grpc.server.GrpcService.requestVote(GrpcService.java:204)
	at org.apache.ratis.server.impl.LeaderElection.lambda$submitRequests$1(LeaderElection.java:234)
	at java.util.concurrent.FutureTask.run(FutureTask.java:266)
	at java.util.concurrent.Executors$RunnableAdapter.call(Executors.java:511)
	at java.util.concurrent.FutureTask.run(FutureTask.java:266)
	at java.util.concurrent.ThreadPoolExecutor.runWorker(ThreadPoolExecutor.java:1149)
	at java.util.concurrent.ThreadPoolExecutor$Worker.run(ThreadPoolExecutor.java:624)
	... 1 more
Caused by: org.apache.ratis.thirdparty.io.netty.channel.AbstractChannel$AnnotatedConnectException: Connection refused: /192.168.157.254:45598
	at sun.nio.ch.SocketChannelImpl.checkConnect(Native Method)
	at sun.nio.ch.SocketChannelImpl.finishConnect(SocketChannelImpl.java:717)
	at org.apache.ratis.thirdparty.io.netty.channel.socket.nio.NioSocketChannel.doFinishConnect(NioSocketChannel.java:327)
	at org.apache.ratis.thirdparty.io.netty.channel.nio.AbstractNioChannel$AbstractNioUnsafe.finishConnect(AbstractNioChannel.java:340)
	at org.apache.ratis.thirdparty.io.netty.channel.nio.NioEventLoop.processSelectedKey(NioEventLoop.java:632)
	at org.apache.ratis.thirdparty.io.netty.channel.nio.NioEventLoop.processSelectedKeysOptimized(NioEventLoop.java:579)
	at org.apache.ratis.thirdparty.io.netty.channel.nio.NioEventLoop.processSelectedKeys(NioEventLoop.java:496)
	at org.apache.ratis.thirdparty.io.netty.channel.nio.NioEventLoop.run(NioEventLoop.java:458)
	at org.apache.ratis.thirdparty.io.netty.util.concurrent.SingleThreadEventExecutor$5.run(SingleThreadEventExecutor.java:897)
	at org.apache.ratis.thirdparty.io.netty.util.concurrent.FastThreadLocalRunnable.run(FastThreadLocalRunnable.java:30)
	... 1 more
Caused by: java.net.ConnectException: Connection refused
	... 11 more
2019-10-22 00:13:25,981 [2fdb3e93-e0d8-400e-8c33-91e2341b50c6@group-F01152B53F91-LeaderElection275] INFO  impl.LeaderElection (LogUtils.java:infoOrTrace(149)) - 2fdb3e93-e0d8-400e-8c33-91e2341b50c6@group-F01152B53F91-LeaderElection275 got exception when requesting votes: {}
java.util.concurrent.ExecutionException: org.apache.ratis.thirdparty.io.grpc.StatusRuntimeException: UNAVAILABLE: io exception
	at java.util.concurrent.FutureTask.report(FutureTask.java:122)
	at java.util.concurrent.FutureTask.get(FutureTask.java:192)
	at org.apache.ratis.server.impl.LeaderElection.waitForResults(LeaderElection.java:259)
	at org.apache.ratis.server.impl.LeaderElection.askForVotes(LeaderElection.java:197)
	at org.apache.ratis.server.impl.LeaderElection.run(LeaderElection.java:133)
	at java.lang.Thread.run(Thread.java:748)
Caused by: org.apache.ratis.thirdparty.io.grpc.StatusRuntimeException: UNAVAILABLE: io exception
	at org.apache.ratis.thirdparty.io.grpc.stub.ClientCalls.toStatusRuntimeException(ClientCalls.java:233)
	at org.apache.ratis.thirdparty.io.grpc.stub.ClientCalls.getUnchecked(ClientCalls.java:214)
	at org.apache.ratis.thirdparty.io.grpc.stub.ClientCalls.blockingUnaryCall(ClientCalls.java:139)
	at org.apache.ratis.proto.grpc.RaftServerProtocolServiceGrpc$RaftServerProtocolServiceBlockingStub.requestVote(RaftServerProtocolServiceGrpc.java:265)
	at org.apache.ratis.grpc.server.GrpcServerProtocolClient.requestVote(GrpcServerProtocolClient.java:99)
	at org.apache.ratis.grpc.server.GrpcService.requestVote(GrpcService.java:204)
	at org.apache.ratis.server.impl.LeaderElection.lambda$submitRequests$1(LeaderElection.java:234)
	at java.util.concurrent.FutureTask.run(FutureTask.java:266)
	at java.util.concurrent.Executors$RunnableAdapter.call(Executors.java:511)
	at java.util.concurrent.FutureTask.run(FutureTask.java:266)
	at java.util.concurrent.ThreadPoolExecutor.runWorker(ThreadPoolExecutor.java:1149)
	at java.util.concurrent.ThreadPoolExecutor$Worker.run(ThreadPoolExecutor.java:624)
	... 1 more
Caused by: org.apache.ratis.thirdparty.io.netty.channel.AbstractChannel$AnnotatedConnectException: Connection refused: /192.168.157.254:36038
	at sun.nio.ch.SocketChannelImpl.checkConnect(Native Method)
	at sun.nio.ch.SocketChannelImpl.finishConnect(SocketChannelImpl.java:717)
	at org.apache.ratis.thirdparty.io.netty.channel.socket.nio.NioSocketChannel.doFinishConnect(NioSocketChannel.java:327)
	at org.apache.ratis.thirdparty.io.netty.channel.nio.AbstractNioChannel$AbstractNioUnsafe.finishConnect(AbstractNioChannel.java:340)
	at org.apache.ratis.thirdparty.io.netty.channel.nio.NioEventLoop.processSelectedKey(NioEventLoop.java:632)
	at org.apache.ratis.thirdparty.io.netty.channel.nio.NioEventLoop.processSelectedKeysOptimized(NioEventLoop.java:579)
	at org.apache.ratis.thirdparty.io.netty.channel.nio.NioEventLoop.processSelectedKeys(NioEventLoop.java:496)
	at org.apache.ratis.thirdparty.io.netty.channel.nio.NioEventLoop.run(NioEventLoop.java:458)
	at org.apache.ratis.thirdparty.io.netty.util.concurrent.SingleThreadEventExecutor$5.run(SingleThreadEventExecutor.java:897)
	at org.apache.ratis.thirdparty.io.netty.util.concurrent.FastThreadLocalRunnable.run(FastThreadLocalRunnable.java:30)
	... 1 more
Caused by: java.net.ConnectException: Connection refused
	... 11 more
2019-10-22 00:13:25,982 [2fdb3e93-e0d8-400e-8c33-91e2341b50c6@group-F01152B53F91-LeaderElection275] INFO  impl.LeaderElection (LeaderElection.java:logAndReturn(56)) - 2fdb3e93-e0d8-400e-8c33-91e2341b50c6@group-F01152B53F91-LeaderElection275: Election REJECTED; received 0 response(s) [] and 2 exception(s); 2fdb3e93-e0d8-400e-8c33-91e2341b50c6@group-F01152B53F91:t273, leader=null, voted=2fdb3e93-e0d8-400e-8c33-91e2341b50c6, raftlog=2fdb3e93-e0d8-400e-8c33-91e2341b50c6@group-F01152B53F91-SegmentedRaftLog:OPENED:c-1,f-1,i0, conf=-1: [2fdb3e93-e0d8-400e-8c33-91e2341b50c6:192.168.157.254:43254, 062c71de-08d9-40ee-9309-15590e2e8e68:192.168.157.254:45598, 2a52019e-5647-44e1-bf30-9a43fd8a7377:192.168.157.254:36038], old=null
2019-10-22 00:13:25,982 [2fdb3e93-e0d8-400e-8c33-91e2341b50c6@group-F01152B53F91-LeaderElection275] INFO  impl.LeaderElection (LogUtils.java:infoOrTrace(149)) -   Exception 0: {}
java.util.concurrent.ExecutionException: org.apache.ratis.thirdparty.io.grpc.StatusRuntimeException: UNAVAILABLE: io exception
	at java.util.concurrent.FutureTask.report(FutureTask.java:122)
	at java.util.concurrent.FutureTask.get(FutureTask.java:192)
	at org.apache.ratis.server.impl.LeaderElection.waitForResults(LeaderElection.java:259)
	at org.apache.ratis.server.impl.LeaderElection.askForVotes(LeaderElection.java:197)
	at org.apache.ratis.server.impl.LeaderElection.run(LeaderElection.java:133)
	at java.lang.Thread.run(Thread.java:748)
Caused by: org.apache.ratis.thirdparty.io.grpc.StatusRuntimeException: UNAVAILABLE: io exception
	at org.apache.ratis.thirdparty.io.grpc.stub.ClientCalls.toStatusRuntimeException(ClientCalls.java:233)
	at org.apache.ratis.thirdparty.io.grpc.stub.ClientCalls.getUnchecked(ClientCalls.java:214)
	at org.apache.ratis.thirdparty.io.grpc.stub.ClientCalls.blockingUnaryCall(ClientCalls.java:139)
	at org.apache.ratis.proto.grpc.RaftServerProtocolServiceGrpc$RaftServerProtocolServiceBlockingStub.requestVote(RaftServerProtocolServiceGrpc.java:265)
	at org.apache.ratis.grpc.server.GrpcServerProtocolClient.requestVote(GrpcServerProtocolClient.java:99)
	at org.apache.ratis.grpc.server.GrpcService.requestVote(GrpcService.java:204)
	at org.apache.ratis.server.impl.LeaderElection.lambda$submitRequests$1(LeaderElection.java:234)
	at java.util.concurrent.FutureTask.run(FutureTask.java:266)
	at java.util.concurrent.Executors$RunnableAdapter.call(Executors.java:511)
	at java.util.concurrent.FutureTask.run(FutureTask.java:266)
	at java.util.concurrent.ThreadPoolExecutor.runWorker(ThreadPoolExecutor.java:1149)
	at java.util.concurrent.ThreadPoolExecutor$Worker.run(ThreadPoolExecutor.java:624)
	... 1 more
Caused by: org.apache.ratis.thirdparty.io.netty.channel.AbstractChannel$AnnotatedConnectException: Connection refused: /192.168.157.254:45598
	at sun.nio.ch.SocketChannelImpl.checkConnect(Native Method)
	at sun.nio.ch.SocketChannelImpl.finishConnect(SocketChannelImpl.java:717)
	at org.apache.ratis.thirdparty.io.netty.channel.socket.nio.NioSocketChannel.doFinishConnect(NioSocketChannel.java:327)
	at org.apache.ratis.thirdparty.io.netty.channel.nio.AbstractNioChannel$AbstractNioUnsafe.finishConnect(AbstractNioChannel.java:340)
	at org.apache.ratis.thirdparty.io.netty.channel.nio.NioEventLoop.processSelectedKey(NioEventLoop.java:632)
	at org.apache.ratis.thirdparty.io.netty.channel.nio.NioEventLoop.processSelectedKeysOptimized(NioEventLoop.java:579)
	at org.apache.ratis.thirdparty.io.netty.channel.nio.NioEventLoop.processSelectedKeys(NioEventLoop.java:496)
	at org.apache.ratis.thirdparty.io.netty.channel.nio.NioEventLoop.run(NioEventLoop.java:458)
	at org.apache.ratis.thirdparty.io.netty.util.concurrent.SingleThreadEventExecutor$5.run(SingleThreadEventExecutor.java:897)
	at org.apache.ratis.thirdparty.io.netty.util.concurrent.FastThreadLocalRunnable.run(FastThreadLocalRunnable.java:30)
	... 1 more
Caused by: java.net.ConnectException: Connection refused
	... 11 more
2019-10-22 00:13:25,982 [2fdb3e93-e0d8-400e-8c33-91e2341b50c6@group-F01152B53F91-LeaderElection275] INFO  impl.LeaderElection (LogUtils.java:infoOrTrace(149)) -   Exception 1: {}
java.util.concurrent.ExecutionException: org.apache.ratis.thirdparty.io.grpc.StatusRuntimeException: UNAVAILABLE: io exception
	at java.util.concurrent.FutureTask.report(FutureTask.java:122)
	at java.util.concurrent.FutureTask.get(FutureTask.java:192)
	at org.apache.ratis.server.impl.LeaderElection.waitForResults(LeaderElection.java:259)
	at org.apache.ratis.server.impl.LeaderElection.askForVotes(LeaderElection.java:197)
	at org.apache.ratis.server.impl.LeaderElection.run(LeaderElection.java:133)
	at java.lang.Thread.run(Thread.java:748)
Caused by: org.apache.ratis.thirdparty.io.grpc.StatusRuntimeException: UNAVAILABLE: io exception
	at org.apache.ratis.thirdparty.io.grpc.stub.ClientCalls.toStatusRuntimeException(ClientCalls.java:233)
	at org.apache.ratis.thirdparty.io.grpc.stub.ClientCalls.getUnchecked(ClientCalls.java:214)
	at org.apache.ratis.thirdparty.io.grpc.stub.ClientCalls.blockingUnaryCall(ClientCalls.java:139)
	at org.apache.ratis.proto.grpc.RaftServerProtocolServiceGrpc$RaftServerProtocolServiceBlockingStub.requestVote(RaftServerProtocolServiceGrpc.java:265)
	at org.apache.ratis.grpc.server.GrpcServerProtocolClient.requestVote(GrpcServerProtocolClient.java:99)
	at org.apache.ratis.grpc.server.GrpcService.requestVote(GrpcService.java:204)
	at org.apache.ratis.server.impl.LeaderElection.lambda$submitRequests$1(LeaderElection.java:234)
	at java.util.concurrent.FutureTask.run(FutureTask.java:266)
	at java.util.concurrent.Executors$RunnableAdapter.call(Executors.java:511)
	at java.util.concurrent.FutureTask.run(FutureTask.java:266)
	at java.util.concurrent.ThreadPoolExecutor.runWorker(ThreadPoolExecutor.java:1149)
	at java.util.concurrent.ThreadPoolExecutor$Worker.run(ThreadPoolExecutor.java:624)
	... 1 more
Caused by: org.apache.ratis.thirdparty.io.netty.channel.AbstractChannel$AnnotatedConnectException: Connection refused: /192.168.157.254:36038
	at sun.nio.ch.SocketChannelImpl.checkConnect(Native Method)
	at sun.nio.ch.SocketChannelImpl.finishConnect(SocketChannelImpl.java:717)
	at org.apache.ratis.thirdparty.io.netty.channel.socket.nio.NioSocketChannel.doFinishConnect(NioSocketChannel.java:327)
	at org.apache.ratis.thirdparty.io.netty.channel.nio.AbstractNioChannel$AbstractNioUnsafe.finishConnect(AbstractNioChannel.java:340)
	at org.apache.ratis.thirdparty.io.netty.channel.nio.NioEventLoop.processSelectedKey(NioEventLoop.java:632)
	at org.apache.ratis.thirdparty.io.netty.channel.nio.NioEventLoop.processSelectedKeysOptimized(NioEventLoop.java:579)
	at org.apache.ratis.thirdparty.io.netty.channel.nio.NioEventLoop.processSelectedKeys(NioEventLoop.java:496)
	at org.apache.ratis.thirdparty.io.netty.channel.nio.NioEventLoop.run(NioEventLoop.java:458)
	at org.apache.ratis.thirdparty.io.netty.util.concurrent.SingleThreadEventExecutor$5.run(SingleThreadEventExecutor.java:897)
	at org.apache.ratis.thirdparty.io.netty.util.concurrent.FastThreadLocalRunnable.run(FastThreadLocalRunnable.java:30)
	... 1 more
Caused by: java.net.ConnectException: Connection refused
	... 11 more
2019-10-22 00:13:25,983 [2fdb3e93-e0d8-400e-8c33-91e2341b50c6@group-F01152B53F91-LeaderElection275] INFO  impl.RaftServerImpl (RaftServerImpl.java:setRole(184)) - 2fdb3e93-e0d8-400e-8c33-91e2341b50c6@group-F01152B53F91: changes role from CANDIDATE to FOLLOWER at term 273 for DISCOVERED_A_NEW_TERM
2019-10-22 00:13:25,983 [2fdb3e93-e0d8-400e-8c33-91e2341b50c6@group-F01152B53F91-LeaderElection275] INFO  impl.RoleInfo (RoleInfo.java:shutdownLeaderElection(134)) - 2fdb3e93-e0d8-400e-8c33-91e2341b50c6: shutdown LeaderElection
2019-10-22 00:13:25,983 [2fdb3e93-e0d8-400e-8c33-91e2341b50c6@group-F01152B53F91-LeaderElection275] INFO  impl.RoleInfo (RoleInfo.java:updateAndGet(143)) - 2fdb3e93-e0d8-400e-8c33-91e2341b50c6: start FollowerState
2019-10-22 00:13:26,033 [Thread-2145] INFO  impl.FollowerState (FollowerState.java:run(108)) - 2fdb3e93-e0d8-400e-8c33-91e2341b50c6@group-F01152B53F91-FollowerState: change to CANDIDATE, lastRpcTime:49ms, electionTimeout:49ms
2019-10-22 00:13:26,033 [Thread-2145] INFO  impl.RoleInfo (RoleInfo.java:shutdownFollowerState(121)) - 2fdb3e93-e0d8-400e-8c33-91e2341b50c6: shutdown FollowerState
2019-10-22 00:13:26,033 [Thread-2145] INFO  impl.RaftServerImpl (RaftServerImpl.java:setRole(184)) - 2fdb3e93-e0d8-400e-8c33-91e2341b50c6@group-F01152B53F91: changes role from  FOLLOWER to CANDIDATE at term 273 for changeToCandidate
2019-10-22 00:13:26,033 [Thread-2145] INFO  impl.RoleInfo (RoleInfo.java:updateAndGet(143)) - 2fdb3e93-e0d8-400e-8c33-91e2341b50c6: start LeaderElection
2019-10-22 00:13:26,047 [2fdb3e93-e0d8-400e-8c33-91e2341b50c6@group-F01152B53F91-LeaderElection276] INFO  impl.LeaderElection (LeaderElection.java:askForVotes(178)) - 2fdb3e93-e0d8-400e-8c33-91e2341b50c6@group-F01152B53F91-LeaderElection276: begin an election at term 274 for -1: [2fdb3e93-e0d8-400e-8c33-91e2341b50c6:192.168.157.254:43254, 062c71de-08d9-40ee-9309-15590e2e8e68:192.168.157.254:45598, 2a52019e-5647-44e1-bf30-9a43fd8a7377:192.168.157.254:36038], old=null
2019-10-22 00:13:26,048 [2fdb3e93-e0d8-400e-8c33-91e2341b50c6@group-F01152B53F91-LeaderElection276] INFO  impl.LeaderElection (LogUtils.java:infoOrTrace(149)) - 2fdb3e93-e0d8-400e-8c33-91e2341b50c6@group-F01152B53F91-LeaderElection276 got exception when requesting votes: {}
java.util.concurrent.ExecutionException: org.apache.ratis.thirdparty.io.grpc.StatusRuntimeException: UNAVAILABLE: io exception
	at java.util.concurrent.FutureTask.report(FutureTask.java:122)
	at java.util.concurrent.FutureTask.get(FutureTask.java:192)
	at org.apache.ratis.server.impl.LeaderElection.waitForResults(LeaderElection.java:259)
	at org.apache.ratis.server.impl.LeaderElection.askForVotes(LeaderElection.java:197)
	at org.apache.ratis.server.impl.LeaderElection.run(LeaderElection.java:133)
	at java.lang.Thread.run(Thread.java:748)
Caused by: org.apache.ratis.thirdparty.io.grpc.StatusRuntimeException: UNAVAILABLE: io exception
	at org.apache.ratis.thirdparty.io.grpc.stub.ClientCalls.toStatusRuntimeException(ClientCalls.java:233)
	at org.apache.ratis.thirdparty.io.grpc.stub.ClientCalls.getUnchecked(ClientCalls.java:214)
	at org.apache.ratis.thirdparty.io.grpc.stub.ClientCalls.blockingUnaryCall(ClientCalls.java:139)
	at org.apache.ratis.proto.grpc.RaftServerProtocolServiceGrpc$RaftServerProtocolServiceBlockingStub.requestVote(RaftServerProtocolServiceGrpc.java:265)
	at org.apache.ratis.grpc.server.GrpcServerProtocolClient.requestVote(GrpcServerProtocolClient.java:99)
	at org.apache.ratis.grpc.server.GrpcService.requestVote(GrpcService.java:204)
	at org.apache.ratis.server.impl.LeaderElection.lambda$submitRequests$1(LeaderElection.java:234)
	at java.util.concurrent.FutureTask.run(FutureTask.java:266)
	at java.util.concurrent.Executors$RunnableAdapter.call(Executors.java:511)
	at java.util.concurrent.FutureTask.run(FutureTask.java:266)
	at java.util.concurrent.ThreadPoolExecutor.runWorker(ThreadPoolExecutor.java:1149)
	at java.util.concurrent.ThreadPoolExecutor$Worker.run(ThreadPoolExecutor.java:624)
	... 1 more
Caused by: org.apache.ratis.thirdparty.io.netty.channel.AbstractChannel$AnnotatedConnectException: Connection refused: /192.168.157.254:45598
	at sun.nio.ch.SocketChannelImpl.checkConnect(Native Method)
	at sun.nio.ch.SocketChannelImpl.finishConnect(SocketChannelImpl.java:717)
	at org.apache.ratis.thirdparty.io.netty.channel.socket.nio.NioSocketChannel.doFinishConnect(NioSocketChannel.java:327)
	at org.apache.ratis.thirdparty.io.netty.channel.nio.AbstractNioChannel$AbstractNioUnsafe.finishConnect(AbstractNioChannel.java:340)
	at org.apache.ratis.thirdparty.io.netty.channel.nio.NioEventLoop.processSelectedKey(NioEventLoop.java:632)
	at org.apache.ratis.thirdparty.io.netty.channel.nio.NioEventLoop.processSelectedKeysOptimized(NioEventLoop.java:579)
	at org.apache.ratis.thirdparty.io.netty.channel.nio.NioEventLoop.processSelectedKeys(NioEventLoop.java:496)
	at org.apache.ratis.thirdparty.io.netty.channel.nio.NioEventLoop.run(NioEventLoop.java:458)
	at org.apache.ratis.thirdparty.io.netty.util.concurrent.SingleThreadEventExecutor$5.run(SingleThreadEventExecutor.java:897)
	at org.apache.ratis.thirdparty.io.netty.util.concurrent.FastThreadLocalRunnable.run(FastThreadLocalRunnable.java:30)
	... 1 more
Caused by: java.net.ConnectException: Connection refused
	... 11 more
2019-10-22 00:13:26,048 [2fdb3e93-e0d8-400e-8c33-91e2341b50c6@group-F01152B53F91-LeaderElection276] INFO  impl.LeaderElection (LogUtils.java:infoOrTrace(149)) - 2fdb3e93-e0d8-400e-8c33-91e2341b50c6@group-F01152B53F91-LeaderElection276 got exception when requesting votes: {}
java.util.concurrent.ExecutionException: org.apache.ratis.thirdparty.io.grpc.StatusRuntimeException: UNAVAILABLE: io exception
	at java.util.concurrent.FutureTask.report(FutureTask.java:122)
	at java.util.concurrent.FutureTask.get(FutureTask.java:192)
	at org.apache.ratis.server.impl.LeaderElection.waitForResults(LeaderElection.java:259)
	at org.apache.ratis.server.impl.LeaderElection.askForVotes(LeaderElection.java:197)
	at org.apache.ratis.server.impl.LeaderElection.run(LeaderElection.java:133)
	at java.lang.Thread.run(Thread.java:748)
Caused by: org.apache.ratis.thirdparty.io.grpc.StatusRuntimeException: UNAVAILABLE: io exception
	at org.apache.ratis.thirdparty.io.grpc.stub.ClientCalls.toStatusRuntimeException(ClientCalls.java:233)
	at org.apache.ratis.thirdparty.io.grpc.stub.ClientCalls.getUnchecked(ClientCalls.java:214)
	at org.apache.ratis.thirdparty.io.grpc.stub.ClientCalls.blockingUnaryCall(ClientCalls.java:139)
	at org.apache.ratis.proto.grpc.RaftServerProtocolServiceGrpc$RaftServerProtocolServiceBlockingStub.requestVote(RaftServerProtocolServiceGrpc.java:265)
	at org.apache.ratis.grpc.server.GrpcServerProtocolClient.requestVote(GrpcServerProtocolClient.java:99)
	at org.apache.ratis.grpc.server.GrpcService.requestVote(GrpcService.java:204)
	at org.apache.ratis.server.impl.LeaderElection.lambda$submitRequests$1(LeaderElection.java:234)
	at java.util.concurrent.FutureTask.run(FutureTask.java:266)
	at java.util.concurrent.Executors$RunnableAdapter.call(Executors.java:511)
	at java.util.concurrent.FutureTask.run(FutureTask.java:266)
	at java.util.concurrent.ThreadPoolExecutor.runWorker(ThreadPoolExecutor.java:1149)
	at java.util.concurrent.ThreadPoolExecutor$Worker.run(ThreadPoolExecutor.java:624)
	... 1 more
Caused by: org.apache.ratis.thirdparty.io.netty.channel.AbstractChannel$AnnotatedConnectException: Connection refused: /192.168.157.254:36038
	at sun.nio.ch.SocketChannelImpl.checkConnect(Native Method)
	at sun.nio.ch.SocketChannelImpl.finishConnect(SocketChannelImpl.java:717)
	at org.apache.ratis.thirdparty.io.netty.channel.socket.nio.NioSocketChannel.doFinishConnect(NioSocketChannel.java:327)
	at org.apache.ratis.thirdparty.io.netty.channel.nio.AbstractNioChannel$AbstractNioUnsafe.finishConnect(AbstractNioChannel.java:340)
	at org.apache.ratis.thirdparty.io.netty.channel.nio.NioEventLoop.processSelectedKey(NioEventLoop.java:632)
	at org.apache.ratis.thirdparty.io.netty.channel.nio.NioEventLoop.processSelectedKeysOptimized(NioEventLoop.java:579)
	at org.apache.ratis.thirdparty.io.netty.channel.nio.NioEventLoop.processSelectedKeys(NioEventLoop.java:496)
	at org.apache.ratis.thirdparty.io.netty.channel.nio.NioEventLoop.run(NioEventLoop.java:458)
	at org.apache.ratis.thirdparty.io.netty.util.concurrent.SingleThreadEventExecutor$5.run(SingleThreadEventExecutor.java:897)
	at org.apache.ratis.thirdparty.io.netty.util.concurrent.FastThreadLocalRunnable.run(FastThreadLocalRunnable.java:30)
	... 1 more
Caused by: java.net.ConnectException: Connection refused
	... 11 more
2019-10-22 00:13:26,049 [2fdb3e93-e0d8-400e-8c33-91e2341b50c6@group-F01152B53F91-LeaderElection276] INFO  impl.LeaderElection (LeaderElection.java:logAndReturn(56)) - 2fdb3e93-e0d8-400e-8c33-91e2341b50c6@group-F01152B53F91-LeaderElection276: Election REJECTED; received 0 response(s) [] and 2 exception(s); 2fdb3e93-e0d8-400e-8c33-91e2341b50c6@group-F01152B53F91:t274, leader=null, voted=2fdb3e93-e0d8-400e-8c33-91e2341b50c6, raftlog=2fdb3e93-e0d8-400e-8c33-91e2341b50c6@group-F01152B53F91-SegmentedRaftLog:OPENED:c-1,f-1,i0, conf=-1: [2fdb3e93-e0d8-400e-8c33-91e2341b50c6:192.168.157.254:43254, 062c71de-08d9-40ee-9309-15590e2e8e68:192.168.157.254:45598, 2a52019e-5647-44e1-bf30-9a43fd8a7377:192.168.157.254:36038], old=null
2019-10-22 00:13:26,049 [2fdb3e93-e0d8-400e-8c33-91e2341b50c6@group-F01152B53F91-LeaderElection276] INFO  impl.LeaderElection (LogUtils.java:infoOrTrace(149)) -   Exception 0: {}
java.util.concurrent.ExecutionException: org.apache.ratis.thirdparty.io.grpc.StatusRuntimeException: UNAVAILABLE: io exception
	at java.util.concurrent.FutureTask.report(FutureTask.java:122)
	at java.util.concurrent.FutureTask.get(FutureTask.java:192)
	at org.apache.ratis.server.impl.LeaderElection.waitForResults(LeaderElection.java:259)
	at org.apache.ratis.server.impl.LeaderElection.askForVotes(LeaderElection.java:197)
	at org.apache.ratis.server.impl.LeaderElection.run(LeaderElection.java:133)
	at java.lang.Thread.run(Thread.java:748)
Caused by: org.apache.ratis.thirdparty.io.grpc.StatusRuntimeException: UNAVAILABLE: io exception
	at org.apache.ratis.thirdparty.io.grpc.stub.ClientCalls.toStatusRuntimeException(ClientCalls.java:233)
	at org.apache.ratis.thirdparty.io.grpc.stub.ClientCalls.getUnchecked(ClientCalls.java:214)
	at org.apache.ratis.thirdparty.io.grpc.stub.ClientCalls.blockingUnaryCall(ClientCalls.java:139)
	at org.apache.ratis.proto.grpc.RaftServerProtocolServiceGrpc$RaftServerProtocolServiceBlockingStub.requestVote(RaftServerProtocolServiceGrpc.java:265)
	at org.apache.ratis.grpc.server.GrpcServerProtocolClient.requestVote(GrpcServerProtocolClient.java:99)
	at org.apache.ratis.grpc.server.GrpcService.requestVote(GrpcService.java:204)
	at org.apache.ratis.server.impl.LeaderElection.lambda$submitRequests$1(LeaderElection.java:234)
	at java.util.concurrent.FutureTask.run(FutureTask.java:266)
	at java.util.concurrent.Executors$RunnableAdapter.call(Executors.java:511)
	at java.util.concurrent.FutureTask.run(FutureTask.java:266)
	at java.util.concurrent.ThreadPoolExecutor.runWorker(ThreadPoolExecutor.java:1149)
	at java.util.concurrent.ThreadPoolExecutor$Worker.run(ThreadPoolExecutor.java:624)
	... 1 more
Caused by: org.apache.ratis.thirdparty.io.netty.channel.AbstractChannel$AnnotatedConnectException: Connection refused: /192.168.157.254:45598
	at sun.nio.ch.SocketChannelImpl.checkConnect(Native Method)
	at sun.nio.ch.SocketChannelImpl.finishConnect(SocketChannelImpl.java:717)
	at org.apache.ratis.thirdparty.io.netty.channel.socket.nio.NioSocketChannel.doFinishConnect(NioSocketChannel.java:327)
	at org.apache.ratis.thirdparty.io.netty.channel.nio.AbstractNioChannel$AbstractNioUnsafe.finishConnect(AbstractNioChannel.java:340)
	at org.apache.ratis.thirdparty.io.netty.channel.nio.NioEventLoop.processSelectedKey(NioEventLoop.java:632)
	at org.apache.ratis.thirdparty.io.netty.channel.nio.NioEventLoop.processSelectedKeysOptimized(NioEventLoop.java:579)
	at org.apache.ratis.thirdparty.io.netty.channel.nio.NioEventLoop.processSelectedKeys(NioEventLoop.java:496)
	at org.apache.ratis.thirdparty.io.netty.channel.nio.NioEventLoop.run(NioEventLoop.java:458)
	at org.apache.ratis.thirdparty.io.netty.util.concurrent.SingleThreadEventExecutor$5.run(SingleThreadEventExecutor.java:897)
	at org.apache.ratis.thirdparty.io.netty.util.concurrent.FastThreadLocalRunnable.run(FastThreadLocalRunnable.java:30)
	... 1 more
Caused by: java.net.ConnectException: Connection refused
	... 11 more
2019-10-22 00:13:26,049 [2fdb3e93-e0d8-400e-8c33-91e2341b50c6@group-F01152B53F91-LeaderElection276] INFO  impl.LeaderElection (LogUtils.java:infoOrTrace(149)) -   Exception 1: {}
java.util.concurrent.ExecutionException: org.apache.ratis.thirdparty.io.grpc.StatusRuntimeException: UNAVAILABLE: io exception
	at java.util.concurrent.FutureTask.report(FutureTask.java:122)
	at java.util.concurrent.FutureTask.get(FutureTask.java:192)
	at org.apache.ratis.server.impl.LeaderElection.waitForResults(LeaderElection.java:259)
	at org.apache.ratis.server.impl.LeaderElection.askForVotes(LeaderElection.java:197)
	at org.apache.ratis.server.impl.LeaderElection.run(LeaderElection.java:133)
	at java.lang.Thread.run(Thread.java:748)
Caused by: org.apache.ratis.thirdparty.io.grpc.StatusRuntimeException: UNAVAILABLE: io exception
	at org.apache.ratis.thirdparty.io.grpc.stub.ClientCalls.toStatusRuntimeException(ClientCalls.java:233)
	at org.apache.ratis.thirdparty.io.grpc.stub.ClientCalls.getUnchecked(ClientCalls.java:214)
	at org.apache.ratis.thirdparty.io.grpc.stub.ClientCalls.blockingUnaryCall(ClientCalls.java:139)
	at org.apache.ratis.proto.grpc.RaftServerProtocolServiceGrpc$RaftServerProtocolServiceBlockingStub.requestVote(RaftServerProtocolServiceGrpc.java:265)
	at org.apache.ratis.grpc.server.GrpcServerProtocolClient.requestVote(GrpcServerProtocolClient.java:99)
	at org.apache.ratis.grpc.server.GrpcService.requestVote(GrpcService.java:204)
	at org.apache.ratis.server.impl.LeaderElection.lambda$submitRequests$1(LeaderElection.java:234)
	at java.util.concurrent.FutureTask.run(FutureTask.java:266)
	at java.util.concurrent.Executors$RunnableAdapter.call(Executors.java:511)
	at java.util.concurrent.FutureTask.run(FutureTask.java:266)
	at java.util.concurrent.ThreadPoolExecutor.runWorker(ThreadPoolExecutor.java:1149)
	at java.util.concurrent.ThreadPoolExecutor$Worker.run(ThreadPoolExecutor.java:624)
	... 1 more
Caused by: org.apache.ratis.thirdparty.io.netty.channel.AbstractChannel$AnnotatedConnectException: Connection refused: /192.168.157.254:36038
	at sun.nio.ch.SocketChannelImpl.checkConnect(Native Method)
	at sun.nio.ch.SocketChannelImpl.finishConnect(SocketChannelImpl.java:717)
	at org.apache.ratis.thirdparty.io.netty.channel.socket.nio.NioSocketChannel.doFinishConnect(NioSocketChannel.java:327)
	at org.apache.ratis.thirdparty.io.netty.channel.nio.AbstractNioChannel$AbstractNioUnsafe.finishConnect(AbstractNioChannel.java:340)
	at org.apache.ratis.thirdparty.io.netty.channel.nio.NioEventLoop.processSelectedKey(NioEventLoop.java:632)
	at org.apache.ratis.thirdparty.io.netty.channel.nio.NioEventLoop.processSelectedKeysOptimized(NioEventLoop.java:579)
	at org.apache.ratis.thirdparty.io.netty.channel.nio.NioEventLoop.processSelectedKeys(NioEventLoop.java:496)
	at org.apache.ratis.thirdparty.io.netty.channel.nio.NioEventLoop.run(NioEventLoop.java:458)
	at org.apache.ratis.thirdparty.io.netty.util.concurrent.SingleThreadEventExecutor$5.run(SingleThreadEventExecutor.java:897)
	at org.apache.ratis.thirdparty.io.netty.util.concurrent.FastThreadLocalRunnable.run(FastThreadLocalRunnable.java:30)
	... 1 more
Caused by: java.net.ConnectException: Connection refused
	... 11 more
2019-10-22 00:13:26,050 [2fdb3e93-e0d8-400e-8c33-91e2341b50c6@group-F01152B53F91-LeaderElection276] INFO  impl.RaftServerImpl (RaftServerImpl.java:setRole(184)) - 2fdb3e93-e0d8-400e-8c33-91e2341b50c6@group-F01152B53F91: changes role from CANDIDATE to FOLLOWER at term 274 for DISCOVERED_A_NEW_TERM
2019-10-22 00:13:26,050 [2fdb3e93-e0d8-400e-8c33-91e2341b50c6@group-F01152B53F91-LeaderElection276] INFO  impl.RoleInfo (RoleInfo.java:shutdownLeaderElection(134)) - 2fdb3e93-e0d8-400e-8c33-91e2341b50c6: shutdown LeaderElection
2019-10-22 00:13:26,050 [2fdb3e93-e0d8-400e-8c33-91e2341b50c6@group-F01152B53F91-LeaderElection276] INFO  impl.RoleInfo (RoleInfo.java:updateAndGet(143)) - 2fdb3e93-e0d8-400e-8c33-91e2341b50c6: start FollowerState
2019-10-22 00:13:26,077 [Thread-2117] INFO  impl.FollowerState (FollowerState.java:run(108)) - f318eb4e-a4da-4d18-984a-fa4eff1dbce1@group-597AF0FA787F-FollowerState: change to CANDIDATE, lastRpcTime:1062ms, electionTimeout:1062ms
2019-10-22 00:13:26,077 [Thread-2117] INFO  impl.RoleInfo (RoleInfo.java:shutdownFollowerState(121)) - f318eb4e-a4da-4d18-984a-fa4eff1dbce1: shutdown FollowerState
2019-10-22 00:13:26,077 [Thread-2117] INFO  impl.RaftServerImpl (RaftServerImpl.java:setRole(184)) - f318eb4e-a4da-4d18-984a-fa4eff1dbce1@group-597AF0FA787F: changes role from  FOLLOWER to CANDIDATE at term 7 for changeToCandidate
2019-10-22 00:13:26,077 [Thread-2117] INFO  impl.RoleInfo (RoleInfo.java:updateAndGet(143)) - f318eb4e-a4da-4d18-984a-fa4eff1dbce1: start LeaderElection
2019-10-22 00:13:26,090 [f318eb4e-a4da-4d18-984a-fa4eff1dbce1@group-597AF0FA787F-LeaderElection277] INFO  impl.LeaderElection (LeaderElection.java:askForVotes(178)) - f318eb4e-a4da-4d18-984a-fa4eff1dbce1@group-597AF0FA787F-LeaderElection277: begin an election at term 8 for 20: [d521f5b1-4e7b-4169-9688-2112c7da7b1f:192.168.157.254:45094, 9d453efa-53cb-467a-9eb6-1ab0458610f0:192.168.157.254:38611, f318eb4e-a4da-4d18-984a-fa4eff1dbce1:192.168.157.254:43586], old=null
2019-10-22 00:13:26,091 [f318eb4e-a4da-4d18-984a-fa4eff1dbce1@group-597AF0FA787F-LeaderElection277] INFO  impl.LeaderElection (LogUtils.java:infoOrTrace(149)) - f318eb4e-a4da-4d18-984a-fa4eff1dbce1@group-597AF0FA787F-LeaderElection277 got exception when requesting votes: {}
java.util.concurrent.ExecutionException: org.apache.ratis.thirdparty.io.grpc.StatusRuntimeException: UNAVAILABLE: io exception
	at java.util.concurrent.FutureTask.report(FutureTask.java:122)
	at java.util.concurrent.FutureTask.get(FutureTask.java:192)
	at org.apache.ratis.server.impl.LeaderElection.waitForResults(LeaderElection.java:259)
	at org.apache.ratis.server.impl.LeaderElection.askForVotes(LeaderElection.java:197)
	at org.apache.ratis.server.impl.LeaderElection.run(LeaderElection.java:133)
	at java.lang.Thread.run(Thread.java:748)
Caused by: org.apache.ratis.thirdparty.io.grpc.StatusRuntimeException: UNAVAILABLE: io exception
	at org.apache.ratis.thirdparty.io.grpc.stub.ClientCalls.toStatusRuntimeException(ClientCalls.java:233)
	at org.apache.ratis.thirdparty.io.grpc.stub.ClientCalls.getUnchecked(ClientCalls.java:214)
	at org.apache.ratis.thirdparty.io.grpc.stub.ClientCalls.blockingUnaryCall(ClientCalls.java:139)
	at org.apache.ratis.proto.grpc.RaftServerProtocolServiceGrpc$RaftServerProtocolServiceBlockingStub.requestVote(RaftServerProtocolServiceGrpc.java:265)
	at org.apache.ratis.grpc.server.GrpcServerProtocolClient.requestVote(GrpcServerProtocolClient.java:99)
	at org.apache.ratis.grpc.server.GrpcService.requestVote(GrpcService.java:204)
	at org.apache.ratis.server.impl.LeaderElection.lambda$submitRequests$1(LeaderElection.java:234)
	at java.util.concurrent.FutureTask.run(FutureTask.java:266)
	at java.util.concurrent.Executors$RunnableAdapter.call(Executors.java:511)
	at java.util.concurrent.FutureTask.run(FutureTask.java:266)
	at java.util.concurrent.ThreadPoolExecutor.runWorker(ThreadPoolExecutor.java:1149)
	at java.util.concurrent.ThreadPoolExecutor$Worker.run(ThreadPoolExecutor.java:624)
	... 1 more
Caused by: org.apache.ratis.thirdparty.io.netty.channel.AbstractChannel$AnnotatedConnectException: Connection refused: /192.168.157.254:45094
	at sun.nio.ch.SocketChannelImpl.checkConnect(Native Method)
	at sun.nio.ch.SocketChannelImpl.finishConnect(SocketChannelImpl.java:717)
	at org.apache.ratis.thirdparty.io.netty.channel.socket.nio.NioSocketChannel.doFinishConnect(NioSocketChannel.java:327)
	at org.apache.ratis.thirdparty.io.netty.channel.nio.AbstractNioChannel$AbstractNioUnsafe.finishConnect(AbstractNioChannel.java:340)
	at org.apache.ratis.thirdparty.io.netty.channel.nio.NioEventLoop.processSelectedKey(NioEventLoop.java:632)
	at org.apache.ratis.thirdparty.io.netty.channel.nio.NioEventLoop.processSelectedKeysOptimized(NioEventLoop.java:579)
	at org.apache.ratis.thirdparty.io.netty.channel.nio.NioEventLoop.processSelectedKeys(NioEventLoop.java:496)
	at org.apache.ratis.thirdparty.io.netty.channel.nio.NioEventLoop.run(NioEventLoop.java:458)
	at org.apache.ratis.thirdparty.io.netty.util.concurrent.SingleThreadEventExecutor$5.run(SingleThreadEventExecutor.java:897)
	at org.apache.ratis.thirdparty.io.netty.util.concurrent.FastThreadLocalRunnable.run(FastThreadLocalRunnable.java:30)
	... 1 more
Caused by: java.net.ConnectException: Connection refused
	... 11 more
2019-10-22 00:13:26,091 [f318eb4e-a4da-4d18-984a-fa4eff1dbce1@group-597AF0FA787F-LeaderElection277] INFO  impl.LeaderElection (LogUtils.java:infoOrTrace(149)) - f318eb4e-a4da-4d18-984a-fa4eff1dbce1@group-597AF0FA787F-LeaderElection277 got exception when requesting votes: {}
java.util.concurrent.ExecutionException: org.apache.ratis.thirdparty.io.grpc.StatusRuntimeException: UNAVAILABLE: io exception
	at java.util.concurrent.FutureTask.report(FutureTask.java:122)
	at java.util.concurrent.FutureTask.get(FutureTask.java:192)
	at org.apache.ratis.server.impl.LeaderElection.waitForResults(LeaderElection.java:259)
	at org.apache.ratis.server.impl.LeaderElection.askForVotes(LeaderElection.java:197)
	at org.apache.ratis.server.impl.LeaderElection.run(LeaderElection.java:133)
	at java.lang.Thread.run(Thread.java:748)
Caused by: org.apache.ratis.thirdparty.io.grpc.StatusRuntimeException: UNAVAILABLE: io exception
	at org.apache.ratis.thirdparty.io.grpc.stub.ClientCalls.toStatusRuntimeException(ClientCalls.java:233)
	at org.apache.ratis.thirdparty.io.grpc.stub.ClientCalls.getUnchecked(ClientCalls.java:214)
	at org.apache.ratis.thirdparty.io.grpc.stub.ClientCalls.blockingUnaryCall(ClientCalls.java:139)
	at org.apache.ratis.proto.grpc.RaftServerProtocolServiceGrpc$RaftServerProtocolServiceBlockingStub.requestVote(RaftServerProtocolServiceGrpc.java:265)
	at org.apache.ratis.grpc.server.GrpcServerProtocolClient.requestVote(GrpcServerProtocolClient.java:99)
	at org.apache.ratis.grpc.server.GrpcService.requestVote(GrpcService.java:204)
	at org.apache.ratis.server.impl.LeaderElection.lambda$submitRequests$1(LeaderElection.java:234)
	at java.util.concurrent.FutureTask.run(FutureTask.java:266)
	at java.util.concurrent.Executors$RunnableAdapter.call(Executors.java:511)
	at java.util.concurrent.FutureTask.run(FutureTask.java:266)
	at java.util.concurrent.ThreadPoolExecutor.runWorker(ThreadPoolExecutor.java:1149)
	at java.util.concurrent.ThreadPoolExecutor$Worker.run(ThreadPoolExecutor.java:624)
	... 1 more
Caused by: org.apache.ratis.thirdparty.io.netty.channel.AbstractChannel$AnnotatedConnectException: Connection refused: /192.168.157.254:38611
	at sun.nio.ch.SocketChannelImpl.checkConnect(Native Method)
	at sun.nio.ch.SocketChannelImpl.finishConnect(SocketChannelImpl.java:717)
	at org.apache.ratis.thirdparty.io.netty.channel.socket.nio.NioSocketChannel.doFinishConnect(NioSocketChannel.java:327)
	at org.apache.ratis.thirdparty.io.netty.channel.nio.AbstractNioChannel$AbstractNioUnsafe.finishConnect(AbstractNioChannel.java:340)
	at org.apache.ratis.thirdparty.io.netty.channel.nio.NioEventLoop.processSelectedKey(NioEventLoop.java:632)
	at org.apache.ratis.thirdparty.io.netty.channel.nio.NioEventLoop.processSelectedKeysOptimized(NioEventLoop.java:579)
	at org.apache.ratis.thirdparty.io.netty.channel.nio.NioEventLoop.processSelectedKeys(NioEventLoop.java:496)
	at org.apache.ratis.thirdparty.io.netty.channel.nio.NioEventLoop.run(NioEventLoop.java:458)
	at org.apache.ratis.thirdparty.io.netty.util.concurrent.SingleThreadEventExecutor$5.run(SingleThreadEventExecutor.java:897)
	at org.apache.ratis.thirdparty.io.netty.util.concurrent.FastThreadLocalRunnable.run(FastThreadLocalRunnable.java:30)
	... 1 more
Caused by: java.net.ConnectException: Connection refused
	... 11 more
2019-10-22 00:13:26,092 [f318eb4e-a4da-4d18-984a-fa4eff1dbce1@group-597AF0FA787F-LeaderElection277] INFO  impl.LeaderElection (LeaderElection.java:logAndReturn(56)) - f318eb4e-a4da-4d18-984a-fa4eff1dbce1@group-597AF0FA787F-LeaderElection277: Election REJECTED; received 0 response(s) [] and 2 exception(s); f318eb4e-a4da-4d18-984a-fa4eff1dbce1@group-597AF0FA787F:t8, leader=null, voted=f318eb4e-a4da-4d18-984a-fa4eff1dbce1, raftlog=f318eb4e-a4da-4d18-984a-fa4eff1dbce1@group-597AF0FA787F-SegmentedRaftLog:OPENED:c21,f21,i21, conf=20: [d521f5b1-4e7b-4169-9688-2112c7da7b1f:192.168.157.254:45094, 9d453efa-53cb-467a-9eb6-1ab0458610f0:192.168.157.254:38611, f318eb4e-a4da-4d18-984a-fa4eff1dbce1:192.168.157.254:43586], old=null
2019-10-22 00:13:26,092 [f318eb4e-a4da-4d18-984a-fa4eff1dbce1@group-597AF0FA787F-LeaderElection277] INFO  impl.LeaderElection (LogUtils.java:infoOrTrace(149)) -   Exception 0: {}
java.util.concurrent.ExecutionException: org.apache.ratis.thirdparty.io.grpc.StatusRuntimeException: UNAVAILABLE: io exception
	at java.util.concurrent.FutureTask.report(FutureTask.java:122)
	at java.util.concurrent.FutureTask.get(FutureTask.java:192)
	at org.apache.ratis.server.impl.LeaderElection.waitForResults(LeaderElection.java:259)
	at org.apache.ratis.server.impl.LeaderElection.askForVotes(LeaderElection.java:197)
	at org.apache.ratis.server.impl.LeaderElection.run(LeaderElection.java:133)
	at java.lang.Thread.run(Thread.java:748)
Caused by: org.apache.ratis.thirdparty.io.grpc.StatusRuntimeException: UNAVAILABLE: io exception
	at org.apache.ratis.thirdparty.io.grpc.stub.ClientCalls.toStatusRuntimeException(ClientCalls.java:233)
	at org.apache.ratis.thirdparty.io.grpc.stub.ClientCalls.getUnchecked(ClientCalls.java:214)
	at org.apache.ratis.thirdparty.io.grpc.stub.ClientCalls.blockingUnaryCall(ClientCalls.java:139)
	at org.apache.ratis.proto.grpc.RaftServerProtocolServiceGrpc$RaftServerProtocolServiceBlockingStub.requestVote(RaftServerProtocolServiceGrpc.java:265)
	at org.apache.ratis.grpc.server.GrpcServerProtocolClient.requestVote(GrpcServerProtocolClient.java:99)
	at org.apache.ratis.grpc.server.GrpcService.requestVote(GrpcService.java:204)
	at org.apache.ratis.server.impl.LeaderElection.lambda$submitRequests$1(LeaderElection.java:234)
	at java.util.concurrent.FutureTask.run(FutureTask.java:266)
	at java.util.concurrent.Executors$RunnableAdapter.call(Executors.java:511)
	at java.util.concurrent.FutureTask.run(FutureTask.java:266)
	at java.util.concurrent.ThreadPoolExecutor.runWorker(ThreadPoolExecutor.java:1149)
	at java.util.concurrent.ThreadPoolExecutor$Worker.run(ThreadPoolExecutor.java:624)
	... 1 more
Caused by: org.apache.ratis.thirdparty.io.netty.channel.AbstractChannel$AnnotatedConnectException: Connection refused: /192.168.157.254:45094
	at sun.nio.ch.SocketChannelImpl.checkConnect(Native Method)
	at sun.nio.ch.SocketChannelImpl.finishConnect(SocketChannelImpl.java:717)
	at org.apache.ratis.thirdparty.io.netty.channel.socket.nio.NioSocketChannel.doFinishConnect(NioSocketChannel.java:327)
	at org.apache.ratis.thirdparty.io.netty.channel.nio.AbstractNioChannel$AbstractNioUnsafe.finishConnect(AbstractNioChannel.java:340)
	at org.apache.ratis.thirdparty.io.netty.channel.nio.NioEventLoop.processSelectedKey(NioEventLoop.java:632)
	at org.apache.ratis.thirdparty.io.netty.channel.nio.NioEventLoop.processSelectedKeysOptimized(NioEventLoop.java:579)
	at org.apache.ratis.thirdparty.io.netty.channel.nio.NioEventLoop.processSelectedKeys(NioEventLoop.java:496)
	at org.apache.ratis.thirdparty.io.netty.channel.nio.NioEventLoop.run(NioEventLoop.java:458)
	at org.apache.ratis.thirdparty.io.netty.util.concurrent.SingleThreadEventExecutor$5.run(SingleThreadEventExecutor.java:897)
	at org.apache.ratis.thirdparty.io.netty.util.concurrent.FastThreadLocalRunnable.run(FastThreadLocalRunnable.java:30)
	... 1 more
Caused by: java.net.ConnectException: Connection refused
	... 11 more
2019-10-22 00:13:26,092 [f318eb4e-a4da-4d18-984a-fa4eff1dbce1@group-597AF0FA787F-LeaderElection277] INFO  impl.LeaderElection (LogUtils.java:infoOrTrace(149)) -   Exception 1: {}
java.util.concurrent.ExecutionException: org.apache.ratis.thirdparty.io.grpc.StatusRuntimeException: UNAVAILABLE: io exception
	at java.util.concurrent.FutureTask.report(FutureTask.java:122)
	at java.util.concurrent.FutureTask.get(FutureTask.java:192)
	at org.apache.ratis.server.impl.LeaderElection.waitForResults(LeaderElection.java:259)
	at org.apache.ratis.server.impl.LeaderElection.askForVotes(LeaderElection.java:197)
	at org.apache.ratis.server.impl.LeaderElection.run(LeaderElection.java:133)
	at java.lang.Thread.run(Thread.java:748)
Caused by: org.apache.ratis.thirdparty.io.grpc.StatusRuntimeException: UNAVAILABLE: io exception
	at org.apache.ratis.thirdparty.io.grpc.stub.ClientCalls.toStatusRuntimeException(ClientCalls.java:233)
	at org.apache.ratis.thirdparty.io.grpc.stub.ClientCalls.getUnchecked(ClientCalls.java:214)
	at org.apache.ratis.thirdparty.io.grpc.stub.ClientCalls.blockingUnaryCall(ClientCalls.java:139)
	at org.apache.ratis.proto.grpc.RaftServerProtocolServiceGrpc$RaftServerProtocolServiceBlockingStub.requestVote(RaftServerProtocolServiceGrpc.java:265)
	at org.apache.ratis.grpc.server.GrpcServerProtocolClient.requestVote(GrpcServerProtocolClient.java:99)
	at org.apache.ratis.grpc.server.GrpcService.requestVote(GrpcService.java:204)
	at org.apache.ratis.server.impl.LeaderElection.lambda$submitRequests$1(LeaderElection.java:234)
	at java.util.concurrent.FutureTask.run(FutureTask.java:266)
	at java.util.concurrent.Executors$RunnableAdapter.call(Executors.java:511)
	at java.util.concurrent.FutureTask.run(FutureTask.java:266)
	at java.util.concurrent.ThreadPoolExecutor.runWorker(ThreadPoolExecutor.java:1149)
	at java.util.concurrent.ThreadPoolExecutor$Worker.run(ThreadPoolExecutor.java:624)
	... 1 more
Caused by: org.apache.ratis.thirdparty.io.netty.channel.AbstractChannel$AnnotatedConnectException: Connection refused: /192.168.157.254:38611
	at sun.nio.ch.SocketChannelImpl.checkConnect(Native Method)
	at sun.nio.ch.SocketChannelImpl.finishConnect(SocketChannelImpl.java:717)
	at org.apache.ratis.thirdparty.io.netty.channel.socket.nio.NioSocketChannel.doFinishConnect(NioSocketChannel.java:327)
	at org.apache.ratis.thirdparty.io.netty.channel.nio.AbstractNioChannel$AbstractNioUnsafe.finishConnect(AbstractNioChannel.java:340)
	at org.apache.ratis.thirdparty.io.netty.channel.nio.NioEventLoop.processSelectedKey(NioEventLoop.java:632)
	at org.apache.ratis.thirdparty.io.netty.channel.nio.NioEventLoop.processSelectedKeysOptimized(NioEventLoop.java:579)
	at org.apache.ratis.thirdparty.io.netty.channel.nio.NioEventLoop.processSelectedKeys(NioEventLoop.java:496)
	at org.apache.ratis.thirdparty.io.netty.channel.nio.NioEventLoop.run(NioEventLoop.java:458)
	at org.apache.ratis.thirdparty.io.netty.util.concurrent.SingleThreadEventExecutor$5.run(SingleThreadEventExecutor.java:897)
	at org.apache.ratis.thirdparty.io.netty.util.concurrent.FastThreadLocalRunnable.run(FastThreadLocalRunnable.java:30)
	... 1 more
Caused by: java.net.ConnectException: Connection refused
	... 11 more
2019-10-22 00:13:26,092 [f318eb4e-a4da-4d18-984a-fa4eff1dbce1@group-597AF0FA787F-LeaderElection277] INFO  impl.RaftServerImpl (RaftServerImpl.java:setRole(184)) - f318eb4e-a4da-4d18-984a-fa4eff1dbce1@group-597AF0FA787F: changes role from CANDIDATE to FOLLOWER at term 8 for DISCOVERED_A_NEW_TERM
2019-10-22 00:13:26,092 [f318eb4e-a4da-4d18-984a-fa4eff1dbce1@group-597AF0FA787F-LeaderElection277] INFO  impl.RoleInfo (RoleInfo.java:shutdownLeaderElection(134)) - f318eb4e-a4da-4d18-984a-fa4eff1dbce1: shutdown LeaderElection
2019-10-22 00:13:26,093 [f318eb4e-a4da-4d18-984a-fa4eff1dbce1@group-597AF0FA787F-LeaderElection277] INFO  impl.RoleInfo (RoleInfo.java:updateAndGet(143)) - f318eb4e-a4da-4d18-984a-fa4eff1dbce1: start FollowerState
2019-10-22 00:13:26,238 [Thread-2149] INFO  impl.FollowerState (FollowerState.java:run(108)) - 2fdb3e93-e0d8-400e-8c33-91e2341b50c6@group-F01152B53F91-FollowerState: change to CANDIDATE, lastRpcTime:188ms, electionTimeout:188ms
2019-10-22 00:13:26,239 [Thread-2149] INFO  impl.RoleInfo (RoleInfo.java:shutdownFollowerState(121)) - 2fdb3e93-e0d8-400e-8c33-91e2341b50c6: shutdown FollowerState
2019-10-22 00:13:26,240 [Thread-2149] INFO  impl.RaftServerImpl (RaftServerImpl.java:setRole(184)) - 2fdb3e93-e0d8-400e-8c33-91e2341b50c6@group-F01152B53F91: changes role from  FOLLOWER to CANDIDATE at term 274 for changeToCandidate
2019-10-22 00:13:26,240 [Thread-2149] INFO  impl.RoleInfo (RoleInfo.java:updateAndGet(143)) - 2fdb3e93-e0d8-400e-8c33-91e2341b50c6: start LeaderElection
2019-10-22 00:13:26,288 [2fdb3e93-e0d8-400e-8c33-91e2341b50c6@group-F01152B53F91-LeaderElection278] INFO  impl.LeaderElection (LeaderElection.java:askForVotes(178)) - 2fdb3e93-e0d8-400e-8c33-91e2341b50c6@group-F01152B53F91-LeaderElection278: begin an election at term 275 for -1: [2fdb3e93-e0d8-400e-8c33-91e2341b50c6:192.168.157.254:43254, 062c71de-08d9-40ee-9309-15590e2e8e68:192.168.157.254:45598, 2a52019e-5647-44e1-bf30-9a43fd8a7377:192.168.157.254:36038], old=null
2019-10-22 00:13:26,290 [2fdb3e93-e0d8-400e-8c33-91e2341b50c6@group-F01152B53F91-LeaderElection278] INFO  impl.LeaderElection (LogUtils.java:infoOrTrace(149)) - 2fdb3e93-e0d8-400e-8c33-91e2341b50c6@group-F01152B53F91-LeaderElection278 got exception when requesting votes: {}
java.util.concurrent.ExecutionException: org.apache.ratis.thirdparty.io.grpc.StatusRuntimeException: UNAVAILABLE: io exception
	at java.util.concurrent.FutureTask.report(FutureTask.java:122)
	at java.util.concurrent.FutureTask.get(FutureTask.java:192)
	at org.apache.ratis.server.impl.LeaderElection.waitForResults(LeaderElection.java:259)
	at org.apache.ratis.server.impl.LeaderElection.askForVotes(LeaderElection.java:197)
	at org.apache.ratis.server.impl.LeaderElection.run(LeaderElection.java:133)
	at java.lang.Thread.run(Thread.java:748)
Caused by: org.apache.ratis.thirdparty.io.grpc.StatusRuntimeException: UNAVAILABLE: io exception
	at org.apache.ratis.thirdparty.io.grpc.stub.ClientCalls.toStatusRuntimeException(ClientCalls.java:233)
	at org.apache.ratis.thirdparty.io.grpc.stub.ClientCalls.getUnchecked(ClientCalls.java:214)
	at org.apache.ratis.thirdparty.io.grpc.stub.ClientCalls.blockingUnaryCall(ClientCalls.java:139)
	at org.apache.ratis.proto.grpc.RaftServerProtocolServiceGrpc$RaftServerProtocolServiceBlockingStub.requestVote(RaftServerProtocolServiceGrpc.java:265)
	at org.apache.ratis.grpc.server.GrpcServerProtocolClient.requestVote(GrpcServerProtocolClient.java:99)
	at org.apache.ratis.grpc.server.GrpcService.requestVote(GrpcService.java:204)
	at org.apache.ratis.server.impl.LeaderElection.lambda$submitRequests$1(LeaderElection.java:234)
	at java.util.concurrent.FutureTask.run(FutureTask.java:266)
	at java.util.concurrent.Executors$RunnableAdapter.call(Executors.java:511)
	at java.util.concurrent.FutureTask.run(FutureTask.java:266)
	at java.util.concurrent.ThreadPoolExecutor.runWorker(ThreadPoolExecutor.java:1149)
	at java.util.concurrent.ThreadPoolExecutor$Worker.run(ThreadPoolExecutor.java:624)
	... 1 more
Caused by: org.apache.ratis.thirdparty.io.netty.channel.AbstractChannel$AnnotatedConnectException: Connection refused: /192.168.157.254:36038
	at sun.nio.ch.SocketChannelImpl.checkConnect(Native Method)
	at sun.nio.ch.SocketChannelImpl.finishConnect(SocketChannelImpl.java:717)
	at org.apache.ratis.thirdparty.io.netty.channel.socket.nio.NioSocketChannel.doFinishConnect(NioSocketChannel.java:327)
	at org.apache.ratis.thirdparty.io.netty.channel.nio.AbstractNioChannel$AbstractNioUnsafe.finishConnect(AbstractNioChannel.java:340)
	at org.apache.ratis.thirdparty.io.netty.channel.nio.NioEventLoop.processSelectedKey(NioEventLoop.java:632)
	at org.apache.ratis.thirdparty.io.netty.channel.nio.NioEventLoop.processSelectedKeysOptimized(NioEventLoop.java:579)
	at org.apache.ratis.thirdparty.io.netty.channel.nio.NioEventLoop.processSelectedKeys(NioEventLoop.java:496)
	at org.apache.ratis.thirdparty.io.netty.channel.nio.NioEventLoop.run(NioEventLoop.java:458)
	at org.apache.ratis.thirdparty.io.netty.util.concurrent.SingleThreadEventExecutor$5.run(SingleThreadEventExecutor.java:897)
	at org.apache.ratis.thirdparty.io.netty.util.concurrent.FastThreadLocalRunnable.run(FastThreadLocalRunnable.java:30)
	... 1 more
Caused by: java.net.ConnectException: Connection refused
	... 11 more
2019-10-22 00:13:26,291 [2fdb3e93-e0d8-400e-8c33-91e2341b50c6@group-F01152B53F91-LeaderElection278] INFO  impl.LeaderElection (LogUtils.java:infoOrTrace(149)) - 2fdb3e93-e0d8-400e-8c33-91e2341b50c6@group-F01152B53F91-LeaderElection278 got exception when requesting votes: {}
java.util.concurrent.ExecutionException: org.apache.ratis.thirdparty.io.grpc.StatusRuntimeException: UNAVAILABLE: io exception
	at java.util.concurrent.FutureTask.report(FutureTask.java:122)
	at java.util.concurrent.FutureTask.get(FutureTask.java:192)
	at org.apache.ratis.server.impl.LeaderElection.waitForResults(LeaderElection.java:259)
	at org.apache.ratis.server.impl.LeaderElection.askForVotes(LeaderElection.java:197)
	at org.apache.ratis.server.impl.LeaderElection.run(LeaderElection.java:133)
	at java.lang.Thread.run(Thread.java:748)
Caused by: org.apache.ratis.thirdparty.io.grpc.StatusRuntimeException: UNAVAILABLE: io exception
	at org.apache.ratis.thirdparty.io.grpc.stub.ClientCalls.toStatusRuntimeException(ClientCalls.java:233)
	at org.apache.ratis.thirdparty.io.grpc.stub.ClientCalls.getUnchecked(ClientCalls.java:214)
	at org.apache.ratis.thirdparty.io.grpc.stub.ClientCalls.blockingUnaryCall(ClientCalls.java:139)
	at org.apache.ratis.proto.grpc.RaftServerProtocolServiceGrpc$RaftServerProtocolServiceBlockingStub.requestVote(RaftServerProtocolServiceGrpc.java:265)
	at org.apache.ratis.grpc.server.GrpcServerProtocolClient.requestVote(GrpcServerProtocolClient.java:99)
	at org.apache.ratis.grpc.server.GrpcService.requestVote(GrpcService.java:204)
	at org.apache.ratis.server.impl.LeaderElection.lambda$submitRequests$1(LeaderElection.java:234)
	at java.util.concurrent.FutureTask.run(FutureTask.java:266)
	at java.util.concurrent.Executors$RunnableAdapter.call(Executors.java:511)
	at java.util.concurrent.FutureTask.run(FutureTask.java:266)
	at java.util.concurrent.ThreadPoolExecutor.runWorker(ThreadPoolExecutor.java:1149)
	at java.util.concurrent.ThreadPoolExecutor$Worker.run(ThreadPoolExecutor.java:624)
	... 1 more
Caused by: org.apache.ratis.thirdparty.io.netty.channel.AbstractChannel$AnnotatedConnectException: Connection refused: /192.168.157.254:45598
	at sun.nio.ch.SocketChannelImpl.checkConnect(Native Method)
	at sun.nio.ch.SocketChannelImpl.finishConnect(SocketChannelImpl.java:717)
	at org.apache.ratis.thirdparty.io.netty.channel.socket.nio.NioSocketChannel.doFinishConnect(NioSocketChannel.java:327)
	at org.apache.ratis.thirdparty.io.netty.channel.nio.AbstractNioChannel$AbstractNioUnsafe.finishConnect(AbstractNioChannel.java:340)
	at org.apache.ratis.thirdparty.io.netty.channel.nio.NioEventLoop.processSelectedKey(NioEventLoop.java:632)
	at org.apache.ratis.thirdparty.io.netty.channel.nio.NioEventLoop.processSelectedKeysOptimized(NioEventLoop.java:579)
	at org.apache.ratis.thirdparty.io.netty.channel.nio.NioEventLoop.processSelectedKeys(NioEventLoop.java:496)
	at org.apache.ratis.thirdparty.io.netty.channel.nio.NioEventLoop.run(NioEventLoop.java:458)
	at org.apache.ratis.thirdparty.io.netty.util.concurrent.SingleThreadEventExecutor$5.run(SingleThreadEventExecutor.java:897)
	at org.apache.ratis.thirdparty.io.netty.util.concurrent.FastThreadLocalRunnable.run(FastThreadLocalRunnable.java:30)
	... 1 more
Caused by: java.net.ConnectException: Connection refused
	... 11 more
2019-10-22 00:13:26,292 [2fdb3e93-e0d8-400e-8c33-91e2341b50c6@group-F01152B53F91-LeaderElection278] INFO  impl.LeaderElection (LeaderElection.java:logAndReturn(56)) - 2fdb3e93-e0d8-400e-8c33-91e2341b50c6@group-F01152B53F91-LeaderElection278: Election REJECTED; received 0 response(s) [] and 2 exception(s); 2fdb3e93-e0d8-400e-8c33-91e2341b50c6@group-F01152B53F91:t275, leader=null, voted=2fdb3e93-e0d8-400e-8c33-91e2341b50c6, raftlog=2fdb3e93-e0d8-400e-8c33-91e2341b50c6@group-F01152B53F91-SegmentedRaftLog:OPENED:c-1,f-1,i0, conf=-1: [2fdb3e93-e0d8-400e-8c33-91e2341b50c6:192.168.157.254:43254, 062c71de-08d9-40ee-9309-15590e2e8e68:192.168.157.254:45598, 2a52019e-5647-44e1-bf30-9a43fd8a7377:192.168.157.254:36038], old=null
2019-10-22 00:13:26,292 [2fdb3e93-e0d8-400e-8c33-91e2341b50c6@group-F01152B53F91-LeaderElection278] INFO  impl.LeaderElection (LogUtils.java:infoOrTrace(149)) -   Exception 0: {}
java.util.concurrent.ExecutionException: org.apache.ratis.thirdparty.io.grpc.StatusRuntimeException: UNAVAILABLE: io exception
	at java.util.concurrent.FutureTask.report(FutureTask.java:122)
	at java.util.concurrent.FutureTask.get(FutureTask.java:192)
	at org.apache.ratis.server.impl.LeaderElection.waitForResults(LeaderElection.java:259)
	at org.apache.ratis.server.impl.LeaderElection.askForVotes(LeaderElection.java:197)
	at org.apache.ratis.server.impl.LeaderElection.run(LeaderElection.java:133)
	at java.lang.Thread.run(Thread.java:748)
Caused by: org.apache.ratis.thirdparty.io.grpc.StatusRuntimeException: UNAVAILABLE: io exception
	at org.apache.ratis.thirdparty.io.grpc.stub.ClientCalls.toStatusRuntimeException(ClientCalls.java:233)
	at org.apache.ratis.thirdparty.io.grpc.stub.ClientCalls.getUnchecked(ClientCalls.java:214)
	at org.apache.ratis.thirdparty.io.grpc.stub.ClientCalls.blockingUnaryCall(ClientCalls.java:139)
	at org.apache.ratis.proto.grpc.RaftServerProtocolServiceGrpc$RaftServerProtocolServiceBlockingStub.requestVote(RaftServerProtocolServiceGrpc.java:265)
	at org.apache.ratis.grpc.server.GrpcServerProtocolClient.requestVote(GrpcServerProtocolClient.java:99)
	at org.apache.ratis.grpc.server.GrpcService.requestVote(GrpcService.java:204)
	at org.apache.ratis.server.impl.LeaderElection.lambda$submitRequests$1(LeaderElection.java:234)
	at java.util.concurrent.FutureTask.run(FutureTask.java:266)
	at java.util.concurrent.Executors$RunnableAdapter.call(Executors.java:511)
	at java.util.concurrent.FutureTask.run(FutureTask.java:266)
	at java.util.concurrent.ThreadPoolExecutor.runWorker(ThreadPoolExecutor.java:1149)
	at java.util.concurrent.ThreadPoolExecutor$Worker.run(ThreadPoolExecutor.java:624)
	... 1 more
Caused by: org.apache.ratis.thirdparty.io.netty.channel.AbstractChannel$AnnotatedConnectException: Connection refused: /192.168.157.254:36038
	at sun.nio.ch.SocketChannelImpl.checkConnect(Native Method)
	at sun.nio.ch.SocketChannelImpl.finishConnect(SocketChannelImpl.java:717)
	at org.apache.ratis.thirdparty.io.netty.channel.socket.nio.NioSocketChannel.doFinishConnect(NioSocketChannel.java:327)
	at org.apache.ratis.thirdparty.io.netty.channel.nio.AbstractNioChannel$AbstractNioUnsafe.finishConnect(AbstractNioChannel.java:340)
	at org.apache.ratis.thirdparty.io.netty.channel.nio.NioEventLoop.processSelectedKey(NioEventLoop.java:632)
	at org.apache.ratis.thirdparty.io.netty.channel.nio.NioEventLoop.processSelectedKeysOptimized(NioEventLoop.java:579)
	at org.apache.ratis.thirdparty.io.netty.channel.nio.NioEventLoop.processSelectedKeys(NioEventLoop.java:496)
	at org.apache.ratis.thirdparty.io.netty.channel.nio.NioEventLoop.run(NioEventLoop.java:458)
	at org.apache.ratis.thirdparty.io.netty.util.concurrent.SingleThreadEventExecutor$5.run(SingleThreadEventExecutor.java:897)
	at org.apache.ratis.thirdparty.io.netty.util.concurrent.FastThreadLocalRunnable.run(FastThreadLocalRunnable.java:30)
	... 1 more
Caused by: java.net.ConnectException: Connection refused
	... 11 more
2019-10-22 00:13:26,292 [2fdb3e93-e0d8-400e-8c33-91e2341b50c6@group-F01152B53F91-LeaderElection278] INFO  impl.LeaderElection (LogUtils.java:infoOrTrace(149)) -   Exception 1: {}
java.util.concurrent.ExecutionException: org.apache.ratis.thirdparty.io.grpc.StatusRuntimeException: UNAVAILABLE: io exception
	at java.util.concurrent.FutureTask.report(FutureTask.java:122)
	at java.util.concurrent.FutureTask.get(FutureTask.java:192)
	at org.apache.ratis.server.impl.LeaderElection.waitForResults(LeaderElection.java:259)
	at org.apache.ratis.server.impl.LeaderElection.askForVotes(LeaderElection.java:197)
	at org.apache.ratis.server.impl.LeaderElection.run(LeaderElection.java:133)
	at java.lang.Thread.run(Thread.java:748)
Caused by: org.apache.ratis.thirdparty.io.grpc.StatusRuntimeException: UNAVAILABLE: io exception
	at org.apache.ratis.thirdparty.io.grpc.stub.ClientCalls.toStatusRuntimeException(ClientCalls.java:233)
	at org.apache.ratis.thirdparty.io.grpc.stub.ClientCalls.getUnchecked(ClientCalls.java:214)
	at org.apache.ratis.thirdparty.io.grpc.stub.ClientCalls.blockingUnaryCall(ClientCalls.java:139)
	at org.apache.ratis.proto.grpc.RaftServerProtocolServiceGrpc$RaftServerProtocolServiceBlockingStub.requestVote(RaftServerProtocolServiceGrpc.java:265)
	at org.apache.ratis.grpc.server.GrpcServerProtocolClient.requestVote(GrpcServerProtocolClient.java:99)
	at org.apache.ratis.grpc.server.GrpcService.requestVote(GrpcService.java:204)
	at org.apache.ratis.server.impl.LeaderElection.lambda$submitRequests$1(LeaderElection.java:234)
	at java.util.concurrent.FutureTask.run(FutureTask.java:266)
	at java.util.concurrent.Executors$RunnableAdapter.call(Executors.java:511)
	at java.util.concurrent.FutureTask.run(FutureTask.java:266)
	at java.util.concurrent.ThreadPoolExecutor.runWorker(ThreadPoolExecutor.java:1149)
	at java.util.concurrent.ThreadPoolExecutor$Worker.run(ThreadPoolExecutor.java:624)
	... 1 more
Caused by: org.apache.ratis.thirdparty.io.netty.channel.AbstractChannel$AnnotatedConnectException: Connection refused: /192.168.157.254:45598
	at sun.nio.ch.SocketChannelImpl.checkConnect(Native Method)
	at sun.nio.ch.SocketChannelImpl.finishConnect(SocketChannelImpl.java:717)
	at org.apache.ratis.thirdparty.io.netty.channel.socket.nio.NioSocketChannel.doFinishConnect(NioSocketChannel.java:327)
	at org.apache.ratis.thirdparty.io.netty.channel.nio.AbstractNioChannel$AbstractNioUnsafe.finishConnect(AbstractNioChannel.java:340)
	at org.apache.ratis.thirdparty.io.netty.channel.nio.NioEventLoop.processSelectedKey(NioEventLoop.java:632)
	at org.apache.ratis.thirdparty.io.netty.channel.nio.NioEventLoop.processSelectedKeysOptimized(NioEventLoop.java:579)
	at org.apache.ratis.thirdparty.io.netty.channel.nio.NioEventLoop.processSelectedKeys(NioEventLoop.java:496)
	at org.apache.ratis.thirdparty.io.netty.channel.nio.NioEventLoop.run(NioEventLoop.java:458)
	at org.apache.ratis.thirdparty.io.netty.util.concurrent.SingleThreadEventExecutor$5.run(SingleThreadEventExecutor.java:897)
	at org.apache.ratis.thirdparty.io.netty.util.concurrent.FastThreadLocalRunnable.run(FastThreadLocalRunnable.java:30)
	... 1 more
Caused by: java.net.ConnectException: Connection refused
	... 11 more
2019-10-22 00:13:26,292 [2fdb3e93-e0d8-400e-8c33-91e2341b50c6@group-F01152B53F91-LeaderElection278] INFO  impl.RaftServerImpl (RaftServerImpl.java:setRole(184)) - 2fdb3e93-e0d8-400e-8c33-91e2341b50c6@group-F01152B53F91: changes role from CANDIDATE to FOLLOWER at term 275 for DISCOVERED_A_NEW_TERM
2019-10-22 00:13:26,293 [2fdb3e93-e0d8-400e-8c33-91e2341b50c6@group-F01152B53F91-LeaderElection278] INFO  impl.RoleInfo (RoleInfo.java:shutdownLeaderElection(134)) - 2fdb3e93-e0d8-400e-8c33-91e2341b50c6: shutdown LeaderElection
2019-10-22 00:13:26,293 [2fdb3e93-e0d8-400e-8c33-91e2341b50c6@group-F01152B53F91-LeaderElection278] INFO  impl.RoleInfo (RoleInfo.java:updateAndGet(143)) - 2fdb3e93-e0d8-400e-8c33-91e2341b50c6: start FollowerState
2019-10-22 00:13:26,305 [java.util.concurrent.ThreadPoolExecutor$Worker@c41ae0f[State = -1, empty queue]] WARN  server.GrpcLogAppender (GrpcLogAppender.java:timeoutAppendRequest(209)) - fad63ceb-ed14-4322-905d-6ef3599ac734@group-0045C62F497D->5732e052-e19f-40fe-a104-972211db20fb-GrpcLogAppender: appendEntries Timeout, request=fad63ceb-ed14-4322-905d-6ef3599ac734->5732e052-e19f-40fe-a104-972211db20fb#63-t1, previous=(t:1, i:0), leaderCommit=0, initializing? false, entries: <empty>
2019-10-22 00:13:26,373 [java.util.concurrent.ThreadPoolExecutor$Worker@48cd139a[State = -1, empty queue]] WARN  server.GrpcLogAppender (GrpcLogAppender.java:timeoutAppendRequest(209)) - fad63ceb-ed14-4322-905d-6ef3599ac734@group-0045C62F497D->1913eeb9-7f58-4aef-bfea-8e00a2a3aadf-GrpcLogAppender: appendEntries Timeout, request=fad63ceb-ed14-4322-905d-6ef3599ac734->1913eeb9-7f58-4aef-bfea-8e00a2a3aadf#63-t1, previous=(t:1, i:0), leaderCommit=0, initializing? false, entries: <empty>
2019-10-22 00:13:26,407 [Thread-2157] INFO  impl.FollowerState (FollowerState.java:run(108)) - 2fdb3e93-e0d8-400e-8c33-91e2341b50c6@group-F01152B53F91-FollowerState: change to CANDIDATE, lastRpcTime:114ms, electionTimeout:114ms
2019-10-22 00:13:26,407 [Thread-2157] INFO  impl.RoleInfo (RoleInfo.java:shutdownFollowerState(121)) - 2fdb3e93-e0d8-400e-8c33-91e2341b50c6: shutdown FollowerState
2019-10-22 00:13:26,407 [Thread-2157] INFO  impl.RaftServerImpl (RaftServerImpl.java:setRole(184)) - 2fdb3e93-e0d8-400e-8c33-91e2341b50c6@group-F01152B53F91: changes role from  FOLLOWER to CANDIDATE at term 275 for changeToCandidate
2019-10-22 00:13:26,407 [Thread-2157] INFO  impl.RoleInfo (RoleInfo.java:updateAndGet(143)) - 2fdb3e93-e0d8-400e-8c33-91e2341b50c6: start LeaderElection
2019-10-22 00:13:26,412 [2fdb3e93-e0d8-400e-8c33-91e2341b50c6@group-F01152B53F91-LeaderElection279] INFO  impl.LeaderElection (LeaderElection.java:askForVotes(178)) - 2fdb3e93-e0d8-400e-8c33-91e2341b50c6@group-F01152B53F91-LeaderElection279: begin an election at term 276 for -1: [2fdb3e93-e0d8-400e-8c33-91e2341b50c6:192.168.157.254:43254, 062c71de-08d9-40ee-9309-15590e2e8e68:192.168.157.254:45598, 2a52019e-5647-44e1-bf30-9a43fd8a7377:192.168.157.254:36038], old=null
2019-10-22 00:13:26,413 [2fdb3e93-e0d8-400e-8c33-91e2341b50c6@group-F01152B53F91-LeaderElection279] INFO  impl.LeaderElection (LogUtils.java:infoOrTrace(149)) - 2fdb3e93-e0d8-400e-8c33-91e2341b50c6@group-F01152B53F91-LeaderElection279 got exception when requesting votes: {}
java.util.concurrent.ExecutionException: org.apache.ratis.thirdparty.io.grpc.StatusRuntimeException: UNAVAILABLE: io exception
	at java.util.concurrent.FutureTask.report(FutureTask.java:122)
	at java.util.concurrent.FutureTask.get(FutureTask.java:192)
	at org.apache.ratis.server.impl.LeaderElection.waitForResults(LeaderElection.java:259)
	at org.apache.ratis.server.impl.LeaderElection.askForVotes(LeaderElection.java:197)
	at org.apache.ratis.server.impl.LeaderElection.run(LeaderElection.java:133)
	at java.lang.Thread.run(Thread.java:748)
Caused by: org.apache.ratis.thirdparty.io.grpc.StatusRuntimeException: UNAVAILABLE: io exception
	at org.apache.ratis.thirdparty.io.grpc.stub.ClientCalls.toStatusRuntimeException(ClientCalls.java:233)
	at org.apache.ratis.thirdparty.io.grpc.stub.ClientCalls.getUnchecked(ClientCalls.java:214)
	at org.apache.ratis.thirdparty.io.grpc.stub.ClientCalls.blockingUnaryCall(ClientCalls.java:139)
	at org.apache.ratis.proto.grpc.RaftServerProtocolServiceGrpc$RaftServerProtocolServiceBlockingStub.requestVote(RaftServerProtocolServiceGrpc.java:265)
	at org.apache.ratis.grpc.server.GrpcServerProtocolClient.requestVote(GrpcServerProtocolClient.java:99)
	at org.apache.ratis.grpc.server.GrpcService.requestVote(GrpcService.java:204)
	at org.apache.ratis.server.impl.LeaderElection.lambda$submitRequests$1(LeaderElection.java:234)
	at java.util.concurrent.FutureTask.run(FutureTask.java:266)
	at java.util.concurrent.Executors$RunnableAdapter.call(Executors.java:511)
	at java.util.concurrent.FutureTask.run(FutureTask.java:266)
	at java.util.concurrent.ThreadPoolExecutor.runWorker(ThreadPoolExecutor.java:1149)
	at java.util.concurrent.ThreadPoolExecutor$Worker.run(ThreadPoolExecutor.java:624)
	... 1 more
Caused by: org.apache.ratis.thirdparty.io.netty.channel.AbstractChannel$AnnotatedConnectException: Connection refused: /192.168.157.254:45598
	at sun.nio.ch.SocketChannelImpl.checkConnect(Native Method)
	at sun.nio.ch.SocketChannelImpl.finishConnect(SocketChannelImpl.java:717)
	at org.apache.ratis.thirdparty.io.netty.channel.socket.nio.NioSocketChannel.doFinishConnect(NioSocketChannel.java:327)
	at org.apache.ratis.thirdparty.io.netty.channel.nio.AbstractNioChannel$AbstractNioUnsafe.finishConnect(AbstractNioChannel.java:340)
	at org.apache.ratis.thirdparty.io.netty.channel.nio.NioEventLoop.processSelectedKey(NioEventLoop.java:632)
	at org.apache.ratis.thirdparty.io.netty.channel.nio.NioEventLoop.processSelectedKeysOptimized(NioEventLoop.java:579)
	at org.apache.ratis.thirdparty.io.netty.channel.nio.NioEventLoop.processSelectedKeys(NioEventLoop.java:496)
	at org.apache.ratis.thirdparty.io.netty.channel.nio.NioEventLoop.run(NioEventLoop.java:458)
	at org.apache.ratis.thirdparty.io.netty.util.concurrent.SingleThreadEventExecutor$5.run(SingleThreadEventExecutor.java:897)
	at org.apache.ratis.thirdparty.io.netty.util.concurrent.FastThreadLocalRunnable.run(FastThreadLocalRunnable.java:30)
	... 1 more
Caused by: java.net.ConnectException: Connection refused
	... 11 more
2019-10-22 00:13:26,414 [2fdb3e93-e0d8-400e-8c33-91e2341b50c6@group-F01152B53F91-LeaderElection279] INFO  impl.LeaderElection (LogUtils.java:infoOrTrace(149)) - 2fdb3e93-e0d8-400e-8c33-91e2341b50c6@group-F01152B53F91-LeaderElection279 got exception when requesting votes: {}
java.util.concurrent.ExecutionException: org.apache.ratis.thirdparty.io.grpc.StatusRuntimeException: UNAVAILABLE: io exception
	at java.util.concurrent.FutureTask.report(FutureTask.java:122)
	at java.util.concurrent.FutureTask.get(FutureTask.java:192)
	at org.apache.ratis.server.impl.LeaderElection.waitForResults(LeaderElection.java:259)
	at org.apache.ratis.server.impl.LeaderElection.askForVotes(LeaderElection.java:197)
	at org.apache.ratis.server.impl.LeaderElection.run(LeaderElection.java:133)
	at java.lang.Thread.run(Thread.java:748)
Caused by: org.apache.ratis.thirdparty.io.grpc.StatusRuntimeException: UNAVAILABLE: io exception
	at org.apache.ratis.thirdparty.io.grpc.stub.ClientCalls.toStatusRuntimeException(ClientCalls.java:233)
	at org.apache.ratis.thirdparty.io.grpc.stub.ClientCalls.getUnchecked(ClientCalls.java:214)
	at org.apache.ratis.thirdparty.io.grpc.stub.ClientCalls.blockingUnaryCall(ClientCalls.java:139)
	at org.apache.ratis.proto.grpc.RaftServerProtocolServiceGrpc$RaftServerProtocolServiceBlockingStub.requestVote(RaftServerProtocolServiceGrpc.java:265)
	at org.apache.ratis.grpc.server.GrpcServerProtocolClient.requestVote(GrpcServerProtocolClient.java:99)
	at org.apache.ratis.grpc.server.GrpcService.requestVote(GrpcService.java:204)
	at org.apache.ratis.server.impl.LeaderElection.lambda$submitRequests$1(LeaderElection.java:234)
	at java.util.concurrent.FutureTask.run(FutureTask.java:266)
	at java.util.concurrent.Executors$RunnableAdapter.call(Executors.java:511)
	at java.util.concurrent.FutureTask.run(FutureTask.java:266)
	at java.util.concurrent.ThreadPoolExecutor.runWorker(ThreadPoolExecutor.java:1149)
	at java.util.concurrent.ThreadPoolExecutor$Worker.run(ThreadPoolExecutor.java:624)
	... 1 more
Caused by: org.apache.ratis.thirdparty.io.netty.channel.AbstractChannel$AnnotatedConnectException: Connection refused: /192.168.157.254:36038
	at sun.nio.ch.SocketChannelImpl.checkConnect(Native Method)
	at sun.nio.ch.SocketChannelImpl.finishConnect(SocketChannelImpl.java:717)
	at org.apache.ratis.thirdparty.io.netty.channel.socket.nio.NioSocketChannel.doFinishConnect(NioSocketChannel.java:327)
	at org.apache.ratis.thirdparty.io.netty.channel.nio.AbstractNioChannel$AbstractNioUnsafe.finishConnect(AbstractNioChannel.java:340)
	at org.apache.ratis.thirdparty.io.netty.channel.nio.NioEventLoop.processSelectedKey(NioEventLoop.java:632)
	at org.apache.ratis.thirdparty.io.netty.channel.nio.NioEventLoop.processSelectedKeysOptimized(NioEventLoop.java:579)
	at org.apache.ratis.thirdparty.io.netty.channel.nio.NioEventLoop.processSelectedKeys(NioEventLoop.java:496)
	at org.apache.ratis.thirdparty.io.netty.channel.nio.NioEventLoop.run(NioEventLoop.java:458)
	at org.apache.ratis.thirdparty.io.netty.util.concurrent.SingleThreadEventExecutor$5.run(SingleThreadEventExecutor.java:897)
	at org.apache.ratis.thirdparty.io.netty.util.concurrent.FastThreadLocalRunnable.run(FastThreadLocalRunnable.java:30)
	... 1 more
Caused by: java.net.ConnectException: Connection refused
	... 11 more
2019-10-22 00:13:26,414 [2fdb3e93-e0d8-400e-8c33-91e2341b50c6@group-F01152B53F91-LeaderElection279] INFO  impl.LeaderElection (LeaderElection.java:logAndReturn(56)) - 2fdb3e93-e0d8-400e-8c33-91e2341b50c6@group-F01152B53F91-LeaderElection279: Election REJECTED; received 0 response(s) [] and 2 exception(s); 2fdb3e93-e0d8-400e-8c33-91e2341b50c6@group-F01152B53F91:t276, leader=null, voted=2fdb3e93-e0d8-400e-8c33-91e2341b50c6, raftlog=2fdb3e93-e0d8-400e-8c33-91e2341b50c6@group-F01152B53F91-SegmentedRaftLog:OPENED:c-1,f-1,i0, conf=-1: [2fdb3e93-e0d8-400e-8c33-91e2341b50c6:192.168.157.254:43254, 062c71de-08d9-40ee-9309-15590e2e8e68:192.168.157.254:45598, 2a52019e-5647-44e1-bf30-9a43fd8a7377:192.168.157.254:36038], old=null
2019-10-22 00:13:26,415 [2fdb3e93-e0d8-400e-8c33-91e2341b50c6@group-F01152B53F91-LeaderElection279] INFO  impl.LeaderElection (LogUtils.java:infoOrTrace(149)) -   Exception 0: {}
java.util.concurrent.ExecutionException: org.apache.ratis.thirdparty.io.grpc.StatusRuntimeException: UNAVAILABLE: io exception
	at java.util.concurrent.FutureTask.report(FutureTask.java:122)
	at java.util.concurrent.FutureTask.get(FutureTask.java:192)
	at org.apache.ratis.server.impl.LeaderElection.waitForResults(LeaderElection.java:259)
	at org.apache.ratis.server.impl.LeaderElection.askForVotes(LeaderElection.java:197)
	at org.apache.ratis.server.impl.LeaderElection.run(LeaderElection.java:133)
	at java.lang.Thread.run(Thread.java:748)
Caused by: org.apache.ratis.thirdparty.io.grpc.StatusRuntimeException: UNAVAILABLE: io exception
	at org.apache.ratis.thirdparty.io.grpc.stub.ClientCalls.toStatusRuntimeException(ClientCalls.java:233)
	at org.apache.ratis.thirdparty.io.grpc.stub.ClientCalls.getUnchecked(ClientCalls.java:214)
	at org.apache.ratis.thirdparty.io.grpc.stub.ClientCalls.blockingUnaryCall(ClientCalls.java:139)
	at org.apache.ratis.proto.grpc.RaftServerProtocolServiceGrpc$RaftServerProtocolServiceBlockingStub.requestVote(RaftServerProtocolServiceGrpc.java:265)
	at org.apache.ratis.grpc.server.GrpcServerProtocolClient.requestVote(GrpcServerProtocolClient.java:99)
	at org.apache.ratis.grpc.server.GrpcService.requestVote(GrpcService.java:204)
	at org.apache.ratis.server.impl.LeaderElection.lambda$submitRequests$1(LeaderElection.java:234)
	at java.util.concurrent.FutureTask.run(FutureTask.java:266)
	at java.util.concurrent.Executors$RunnableAdapter.call(Executors.java:511)
	at java.util.concurrent.FutureTask.run(FutureTask.java:266)
	at java.util.concurrent.ThreadPoolExecutor.runWorker(ThreadPoolExecutor.java:1149)
	at java.util.concurrent.ThreadPoolExecutor$Worker.run(ThreadPoolExecutor.java:624)
	... 1 more
Caused by: org.apache.ratis.thirdparty.io.netty.channel.AbstractChannel$AnnotatedConnectException: Connection refused: /192.168.157.254:45598
	at sun.nio.ch.SocketChannelImpl.checkConnect(Native Method)
	at sun.nio.ch.SocketChannelImpl.finishConnect(SocketChannelImpl.java:717)
	at org.apache.ratis.thirdparty.io.netty.channel.socket.nio.NioSocketChannel.doFinishConnect(NioSocketChannel.java:327)
	at org.apache.ratis.thirdparty.io.netty.channel.nio.AbstractNioChannel$AbstractNioUnsafe.finishConnect(AbstractNioChannel.java:340)
	at org.apache.ratis.thirdparty.io.netty.channel.nio.NioEventLoop.processSelectedKey(NioEventLoop.java:632)
	at org.apache.ratis.thirdparty.io.netty.channel.nio.NioEventLoop.processSelectedKeysOptimized(NioEventLoop.java:579)
	at org.apache.ratis.thirdparty.io.netty.channel.nio.NioEventLoop.processSelectedKeys(NioEventLoop.java:496)
	at org.apache.ratis.thirdparty.io.netty.channel.nio.NioEventLoop.run(NioEventLoop.java:458)
	at org.apache.ratis.thirdparty.io.netty.util.concurrent.SingleThreadEventExecutor$5.run(SingleThreadEventExecutor.java:897)
	at org.apache.ratis.thirdparty.io.netty.util.concurrent.FastThreadLocalRunnable.run(FastThreadLocalRunnable.java:30)
	... 1 more
Caused by: java.net.ConnectException: Connection refused
	... 11 more
2019-10-22 00:13:26,415 [2fdb3e93-e0d8-400e-8c33-91e2341b50c6@group-F01152B53F91-LeaderElection279] INFO  impl.LeaderElection (LogUtils.java:infoOrTrace(149)) -   Exception 1: {}
java.util.concurrent.ExecutionException: org.apache.ratis.thirdparty.io.grpc.StatusRuntimeException: UNAVAILABLE: io exception
	at java.util.concurrent.FutureTask.report(FutureTask.java:122)
	at java.util.concurrent.FutureTask.get(FutureTask.java:192)
	at org.apache.ratis.server.impl.LeaderElection.waitForResults(LeaderElection.java:259)
	at org.apache.ratis.server.impl.LeaderElection.askForVotes(LeaderElection.java:197)
	at org.apache.ratis.server.impl.LeaderElection.run(LeaderElection.java:133)
	at java.lang.Thread.run(Thread.java:748)
Caused by: org.apache.ratis.thirdparty.io.grpc.StatusRuntimeException: UNAVAILABLE: io exception
	at org.apache.ratis.thirdparty.io.grpc.stub.ClientCalls.toStatusRuntimeException(ClientCalls.java:233)
	at org.apache.ratis.thirdparty.io.grpc.stub.ClientCalls.getUnchecked(ClientCalls.java:214)
	at org.apache.ratis.thirdparty.io.grpc.stub.ClientCalls.blockingUnaryCall(ClientCalls.java:139)
	at org.apache.ratis.proto.grpc.RaftServerProtocolServiceGrpc$RaftServerProtocolServiceBlockingStub.requestVote(RaftServerProtocolServiceGrpc.java:265)
	at org.apache.ratis.grpc.server.GrpcServerProtocolClient.requestVote(GrpcServerProtocolClient.java:99)
	at org.apache.ratis.grpc.server.GrpcService.requestVote(GrpcService.java:204)
	at org.apache.ratis.server.impl.LeaderElection.lambda$submitRequests$1(LeaderElection.java:234)
	at java.util.concurrent.FutureTask.run(FutureTask.java:266)
	at java.util.concurrent.Executors$RunnableAdapter.call(Executors.java:511)
	at java.util.concurrent.FutureTask.run(FutureTask.java:266)
	at java.util.concurrent.ThreadPoolExecutor.runWorker(ThreadPoolExecutor.java:1149)
	at java.util.concurrent.ThreadPoolExecutor$Worker.run(ThreadPoolExecutor.java:624)
	... 1 more
Caused by: org.apache.ratis.thirdparty.io.netty.channel.AbstractChannel$AnnotatedConnectException: Connection refused: /192.168.157.254:36038
	at sun.nio.ch.SocketChannelImpl.checkConnect(Native Method)
	at sun.nio.ch.SocketChannelImpl.finishConnect(SocketChannelImpl.java:717)
	at org.apache.ratis.thirdparty.io.netty.channel.socket.nio.NioSocketChannel.doFinishConnect(NioSocketChannel.java:327)
	at org.apache.ratis.thirdparty.io.netty.channel.nio.AbstractNioChannel$AbstractNioUnsafe.finishConnect(AbstractNioChannel.java:340)
	at org.apache.ratis.thirdparty.io.netty.channel.nio.NioEventLoop.processSelectedKey(NioEventLoop.java:632)
	at org.apache.ratis.thirdparty.io.netty.channel.nio.NioEventLoop.processSelectedKeysOptimized(NioEventLoop.java:579)
	at org.apache.ratis.thirdparty.io.netty.channel.nio.NioEventLoop.processSelectedKeys(NioEventLoop.java:496)
	at org.apache.ratis.thirdparty.io.netty.channel.nio.NioEventLoop.run(NioEventLoop.java:458)
	at org.apache.ratis.thirdparty.io.netty.util.concurrent.SingleThreadEventExecutor$5.run(SingleThreadEventExecutor.java:897)
	at org.apache.ratis.thirdparty.io.netty.util.concurrent.FastThreadLocalRunnable.run(FastThreadLocalRunnable.java:30)
	... 1 more
Caused by: java.net.ConnectException: Connection refused
	... 11 more
2019-10-22 00:13:26,415 [2fdb3e93-e0d8-400e-8c33-91e2341b50c6@group-F01152B53F91-LeaderElection279] INFO  impl.RaftServerImpl (RaftServerImpl.java:setRole(184)) - 2fdb3e93-e0d8-400e-8c33-91e2341b50c6@group-F01152B53F91: changes role from CANDIDATE to FOLLOWER at term 276 for DISCOVERED_A_NEW_TERM
2019-10-22 00:13:26,415 [2fdb3e93-e0d8-400e-8c33-91e2341b50c6@group-F01152B53F91-LeaderElection279] INFO  impl.RoleInfo (RoleInfo.java:shutdownLeaderElection(134)) - 2fdb3e93-e0d8-400e-8c33-91e2341b50c6: shutdown LeaderElection
2019-10-22 00:13:26,415 [2fdb3e93-e0d8-400e-8c33-91e2341b50c6@group-F01152B53F91-LeaderElection279] INFO  impl.RoleInfo (RoleInfo.java:updateAndGet(143)) - 2fdb3e93-e0d8-400e-8c33-91e2341b50c6: start FollowerState
2019-10-22 00:13:26,487 [Thread-2161] INFO  impl.FollowerState (FollowerState.java:run(108)) - 2fdb3e93-e0d8-400e-8c33-91e2341b50c6@group-F01152B53F91-FollowerState: change to CANDIDATE, lastRpcTime:71ms, electionTimeout:71ms
2019-10-22 00:13:26,487 [Thread-2161] INFO  impl.RoleInfo (RoleInfo.java:shutdownFollowerState(121)) - 2fdb3e93-e0d8-400e-8c33-91e2341b50c6: shutdown FollowerState
2019-10-22 00:13:26,487 [Thread-2161] INFO  impl.RaftServerImpl (RaftServerImpl.java:setRole(184)) - 2fdb3e93-e0d8-400e-8c33-91e2341b50c6@group-F01152B53F91: changes role from  FOLLOWER to CANDIDATE at term 276 for changeToCandidate
2019-10-22 00:13:26,487 [Thread-2161] INFO  impl.RoleInfo (RoleInfo.java:updateAndGet(143)) - 2fdb3e93-e0d8-400e-8c33-91e2341b50c6: start LeaderElection
2019-10-22 00:13:26,499 [2fdb3e93-e0d8-400e-8c33-91e2341b50c6@group-F01152B53F91-LeaderElection280] INFO  impl.LeaderElection (LeaderElection.java:askForVotes(178)) - 2fdb3e93-e0d8-400e-8c33-91e2341b50c6@group-F01152B53F91-LeaderElection280: begin an election at term 277 for -1: [2fdb3e93-e0d8-400e-8c33-91e2341b50c6:192.168.157.254:43254, 062c71de-08d9-40ee-9309-15590e2e8e68:192.168.157.254:45598, 2a52019e-5647-44e1-bf30-9a43fd8a7377:192.168.157.254:36038], old=null
2019-10-22 00:13:26,500 [2fdb3e93-e0d8-400e-8c33-91e2341b50c6@group-F01152B53F91-LeaderElection280] INFO  impl.LeaderElection (LogUtils.java:infoOrTrace(149)) - 2fdb3e93-e0d8-400e-8c33-91e2341b50c6@group-F01152B53F91-LeaderElection280 got exception when requesting votes: {}
java.util.concurrent.ExecutionException: org.apache.ratis.thirdparty.io.grpc.StatusRuntimeException: UNAVAILABLE: io exception
	at java.util.concurrent.FutureTask.report(FutureTask.java:122)
	at java.util.concurrent.FutureTask.get(FutureTask.java:192)
	at org.apache.ratis.server.impl.LeaderElection.waitForResults(LeaderElection.java:259)
	at org.apache.ratis.server.impl.LeaderElection.askForVotes(LeaderElection.java:197)
	at org.apache.ratis.server.impl.LeaderElection.run(LeaderElection.java:133)
	at java.lang.Thread.run(Thread.java:748)
Caused by: org.apache.ratis.thirdparty.io.grpc.StatusRuntimeException: UNAVAILABLE: io exception
	at org.apache.ratis.thirdparty.io.grpc.stub.ClientCalls.toStatusRuntimeException(ClientCalls.java:233)
	at org.apache.ratis.thirdparty.io.grpc.stub.ClientCalls.getUnchecked(ClientCalls.java:214)
	at org.apache.ratis.thirdparty.io.grpc.stub.ClientCalls.blockingUnaryCall(ClientCalls.java:139)
	at org.apache.ratis.proto.grpc.RaftServerProtocolServiceGrpc$RaftServerProtocolServiceBlockingStub.requestVote(RaftServerProtocolServiceGrpc.java:265)
	at org.apache.ratis.grpc.server.GrpcServerProtocolClient.requestVote(GrpcServerProtocolClient.java:99)
	at org.apache.ratis.grpc.server.GrpcService.requestVote(GrpcService.java:204)
	at org.apache.ratis.server.impl.LeaderElection.lambda$submitRequests$1(LeaderElection.java:234)
	at java.util.concurrent.FutureTask.run(FutureTask.java:266)
	at java.util.concurrent.Executors$RunnableAdapter.call(Executors.java:511)
	at java.util.concurrent.FutureTask.run(FutureTask.java:266)
	at java.util.concurrent.ThreadPoolExecutor.runWorker(ThreadPoolExecutor.java:1149)
	at java.util.concurrent.ThreadPoolExecutor$Worker.run(ThreadPoolExecutor.java:624)
	... 1 more
Caused by: org.apache.ratis.thirdparty.io.netty.channel.AbstractChannel$AnnotatedConnectException: Connection refused: /192.168.157.254:36038
	at sun.nio.ch.SocketChannelImpl.checkConnect(Native Method)
	at sun.nio.ch.SocketChannelImpl.finishConnect(SocketChannelImpl.java:717)
	at org.apache.ratis.thirdparty.io.netty.channel.socket.nio.NioSocketChannel.doFinishConnect(NioSocketChannel.java:327)
	at org.apache.ratis.thirdparty.io.netty.channel.nio.AbstractNioChannel$AbstractNioUnsafe.finishConnect(AbstractNioChannel.java:340)
	at org.apache.ratis.thirdparty.io.netty.channel.nio.NioEventLoop.processSelectedKey(NioEventLoop.java:632)
	at org.apache.ratis.thirdparty.io.netty.channel.nio.NioEventLoop.processSelectedKeysOptimized(NioEventLoop.java:579)
	at org.apache.ratis.thirdparty.io.netty.channel.nio.NioEventLoop.processSelectedKeys(NioEventLoop.java:496)
	at org.apache.ratis.thirdparty.io.netty.channel.nio.NioEventLoop.run(NioEventLoop.java:458)
	at org.apache.ratis.thirdparty.io.netty.util.concurrent.SingleThreadEventExecutor$5.run(SingleThreadEventExecutor.java:897)
	at org.apache.ratis.thirdparty.io.netty.util.concurrent.FastThreadLocalRunnable.run(FastThreadLocalRunnable.java:30)
	... 1 more
Caused by: java.net.ConnectException: Connection refused
	... 11 more
2019-10-22 00:13:26,501 [2fdb3e93-e0d8-400e-8c33-91e2341b50c6@group-F01152B53F91-LeaderElection280] INFO  impl.LeaderElection (LogUtils.java:infoOrTrace(149)) - 2fdb3e93-e0d8-400e-8c33-91e2341b50c6@group-F01152B53F91-LeaderElection280 got exception when requesting votes: {}
java.util.concurrent.ExecutionException: org.apache.ratis.thirdparty.io.grpc.StatusRuntimeException: UNAVAILABLE: io exception
	at java.util.concurrent.FutureTask.report(FutureTask.java:122)
	at java.util.concurrent.FutureTask.get(FutureTask.java:192)
	at org.apache.ratis.server.impl.LeaderElection.waitForResults(LeaderElection.java:259)
	at org.apache.ratis.server.impl.LeaderElection.askForVotes(LeaderElection.java:197)
	at org.apache.ratis.server.impl.LeaderElection.run(LeaderElection.java:133)
	at java.lang.Thread.run(Thread.java:748)
Caused by: org.apache.ratis.thirdparty.io.grpc.StatusRuntimeException: UNAVAILABLE: io exception
	at org.apache.ratis.thirdparty.io.grpc.stub.ClientCalls.toStatusRuntimeException(ClientCalls.java:233)
	at org.apache.ratis.thirdparty.io.grpc.stub.ClientCalls.getUnchecked(ClientCalls.java:214)
	at org.apache.ratis.thirdparty.io.grpc.stub.ClientCalls.blockingUnaryCall(ClientCalls.java:139)
	at org.apache.ratis.proto.grpc.RaftServerProtocolServiceGrpc$RaftServerProtocolServiceBlockingStub.requestVote(RaftServerProtocolServiceGrpc.java:265)
	at org.apache.ratis.grpc.server.GrpcServerProtocolClient.requestVote(GrpcServerProtocolClient.java:99)
	at org.apache.ratis.grpc.server.GrpcService.requestVote(GrpcService.java:204)
	at org.apache.ratis.server.impl.LeaderElection.lambda$submitRequests$1(LeaderElection.java:234)
	at java.util.concurrent.FutureTask.run(FutureTask.java:266)
	at java.util.concurrent.Executors$RunnableAdapter.call(Executors.java:511)
	at java.util.concurrent.FutureTask.run(FutureTask.java:266)
	at java.util.concurrent.ThreadPoolExecutor.runWorker(ThreadPoolExecutor.java:1149)
	at java.util.concurrent.ThreadPoolExecutor$Worker.run(ThreadPoolExecutor.java:624)
	... 1 more
Caused by: org.apache.ratis.thirdparty.io.netty.channel.AbstractChannel$AnnotatedConnectException: Connection refused: /192.168.157.254:45598
	at sun.nio.ch.SocketChannelImpl.checkConnect(Native Method)
	at sun.nio.ch.SocketChannelImpl.finishConnect(SocketChannelImpl.java:717)
	at org.apache.ratis.thirdparty.io.netty.channel.socket.nio.NioSocketChannel.doFinishConnect(NioSocketChannel.java:327)
	at org.apache.ratis.thirdparty.io.netty.channel.nio.AbstractNioChannel$AbstractNioUnsafe.finishConnect(AbstractNioChannel.java:340)
	at org.apache.ratis.thirdparty.io.netty.channel.nio.NioEventLoop.processSelectedKey(NioEventLoop.java:632)
	at org.apache.ratis.thirdparty.io.netty.channel.nio.NioEventLoop.processSelectedKeysOptimized(NioEventLoop.java:579)
	at org.apache.ratis.thirdparty.io.netty.channel.nio.NioEventLoop.processSelectedKeys(NioEventLoop.java:496)
	at org.apache.ratis.thirdparty.io.netty.channel.nio.NioEventLoop.run(NioEventLoop.java:458)
	at org.apache.ratis.thirdparty.io.netty.util.concurrent.SingleThreadEventExecutor$5.run(SingleThreadEventExecutor.java:897)
	at org.apache.ratis.thirdparty.io.netty.util.concurrent.FastThreadLocalRunnable.run(FastThreadLocalRunnable.java:30)
	... 1 more
Caused by: java.net.ConnectException: Connection refused
	... 11 more
2019-10-22 00:13:26,501 [2fdb3e93-e0d8-400e-8c33-91e2341b50c6@group-F01152B53F91-LeaderElection280] INFO  impl.LeaderElection (LeaderElection.java:logAndReturn(56)) - 2fdb3e93-e0d8-400e-8c33-91e2341b50c6@group-F01152B53F91-LeaderElection280: Election REJECTED; received 0 response(s) [] and 2 exception(s); 2fdb3e93-e0d8-400e-8c33-91e2341b50c6@group-F01152B53F91:t277, leader=null, voted=2fdb3e93-e0d8-400e-8c33-91e2341b50c6, raftlog=2fdb3e93-e0d8-400e-8c33-91e2341b50c6@group-F01152B53F91-SegmentedRaftLog:OPENED:c-1,f-1,i0, conf=-1: [2fdb3e93-e0d8-400e-8c33-91e2341b50c6:192.168.157.254:43254, 062c71de-08d9-40ee-9309-15590e2e8e68:192.168.157.254:45598, 2a52019e-5647-44e1-bf30-9a43fd8a7377:192.168.157.254:36038], old=null
2019-10-22 00:13:26,501 [2fdb3e93-e0d8-400e-8c33-91e2341b50c6@group-F01152B53F91-LeaderElection280] INFO  impl.LeaderElection (LogUtils.java:infoOrTrace(149)) -   Exception 0: {}
java.util.concurrent.ExecutionException: org.apache.ratis.thirdparty.io.grpc.StatusRuntimeException: UNAVAILABLE: io exception
	at java.util.concurrent.FutureTask.report(FutureTask.java:122)
	at java.util.concurrent.FutureTask.get(FutureTask.java:192)
	at org.apache.ratis.server.impl.LeaderElection.waitForResults(LeaderElection.java:259)
	at org.apache.ratis.server.impl.LeaderElection.askForVotes(LeaderElection.java:197)
	at org.apache.ratis.server.impl.LeaderElection.run(LeaderElection.java:133)
	at java.lang.Thread.run(Thread.java:748)
Caused by: org.apache.ratis.thirdparty.io.grpc.StatusRuntimeException: UNAVAILABLE: io exception
	at org.apache.ratis.thirdparty.io.grpc.stub.ClientCalls.toStatusRuntimeException(ClientCalls.java:233)
	at org.apache.ratis.thirdparty.io.grpc.stub.ClientCalls.getUnchecked(ClientCalls.java:214)
	at org.apache.ratis.thirdparty.io.grpc.stub.ClientCalls.blockingUnaryCall(ClientCalls.java:139)
	at org.apache.ratis.proto.grpc.RaftServerProtocolServiceGrpc$RaftServerProtocolServiceBlockingStub.requestVote(RaftServerProtocolServiceGrpc.java:265)
	at org.apache.ratis.grpc.server.GrpcServerProtocolClient.requestVote(GrpcServerProtocolClient.java:99)
	at org.apache.ratis.grpc.server.GrpcService.requestVote(GrpcService.java:204)
	at org.apache.ratis.server.impl.LeaderElection.lambda$submitRequests$1(LeaderElection.java:234)
	at java.util.concurrent.FutureTask.run(FutureTask.java:266)
	at java.util.concurrent.Executors$RunnableAdapter.call(Executors.java:511)
	at java.util.concurrent.FutureTask.run(FutureTask.java:266)
	at java.util.concurrent.ThreadPoolExecutor.runWorker(ThreadPoolExecutor.java:1149)
	at java.util.concurrent.ThreadPoolExecutor$Worker.run(ThreadPoolExecutor.java:624)
	... 1 more
Caused by: org.apache.ratis.thirdparty.io.netty.channel.AbstractChannel$AnnotatedConnectException: Connection refused: /192.168.157.254:36038
	at sun.nio.ch.SocketChannelImpl.checkConnect(Native Method)
	at sun.nio.ch.SocketChannelImpl.finishConnect(SocketChannelImpl.java:717)
	at org.apache.ratis.thirdparty.io.netty.channel.socket.nio.NioSocketChannel.doFinishConnect(NioSocketChannel.java:327)
	at org.apache.ratis.thirdparty.io.netty.channel.nio.AbstractNioChannel$AbstractNioUnsafe.finishConnect(AbstractNioChannel.java:340)
	at org.apache.ratis.thirdparty.io.netty.channel.nio.NioEventLoop.processSelectedKey(NioEventLoop.java:632)
	at org.apache.ratis.thirdparty.io.netty.channel.nio.NioEventLoop.processSelectedKeysOptimized(NioEventLoop.java:579)
	at org.apache.ratis.thirdparty.io.netty.channel.nio.NioEventLoop.processSelectedKeys(NioEventLoop.java:496)
	at org.apache.ratis.thirdparty.io.netty.channel.nio.NioEventLoop.run(NioEventLoop.java:458)
	at org.apache.ratis.thirdparty.io.netty.util.concurrent.SingleThreadEventExecutor$5.run(SingleThreadEventExecutor.java:897)
	at org.apache.ratis.thirdparty.io.netty.util.concurrent.FastThreadLocalRunnable.run(FastThreadLocalRunnable.java:30)
	... 1 more
Caused by: java.net.ConnectException: Connection refused
	... 11 more
2019-10-22 00:13:26,502 [2fdb3e93-e0d8-400e-8c33-91e2341b50c6@group-F01152B53F91-LeaderElection280] INFO  impl.LeaderElection (LogUtils.java:infoOrTrace(149)) -   Exception 1: {}
java.util.concurrent.ExecutionException: org.apache.ratis.thirdparty.io.grpc.StatusRuntimeException: UNAVAILABLE: io exception
	at java.util.concurrent.FutureTask.report(FutureTask.java:122)
	at java.util.concurrent.FutureTask.get(FutureTask.java:192)
	at org.apache.ratis.server.impl.LeaderElection.waitForResults(LeaderElection.java:259)
	at org.apache.ratis.server.impl.LeaderElection.askForVotes(LeaderElection.java:197)
	at org.apache.ratis.server.impl.LeaderElection.run(LeaderElection.java:133)
	at java.lang.Thread.run(Thread.java:748)
Caused by: org.apache.ratis.thirdparty.io.grpc.StatusRuntimeException: UNAVAILABLE: io exception
	at org.apache.ratis.thirdparty.io.grpc.stub.ClientCalls.toStatusRuntimeException(ClientCalls.java:233)
	at org.apache.ratis.thirdparty.io.grpc.stub.ClientCalls.getUnchecked(ClientCalls.java:214)
	at org.apache.ratis.thirdparty.io.grpc.stub.ClientCalls.blockingUnaryCall(ClientCalls.java:139)
	at org.apache.ratis.proto.grpc.RaftServerProtocolServiceGrpc$RaftServerProtocolServiceBlockingStub.requestVote(RaftServerProtocolServiceGrpc.java:265)
	at org.apache.ratis.grpc.server.GrpcServerProtocolClient.requestVote(GrpcServerProtocolClient.java:99)
	at org.apache.ratis.grpc.server.GrpcService.requestVote(GrpcService.java:204)
	at org.apache.ratis.server.impl.LeaderElection.lambda$submitRequests$1(LeaderElection.java:234)
	at java.util.concurrent.FutureTask.run(FutureTask.java:266)
	at java.util.concurrent.Executors$RunnableAdapter.call(Executors.java:511)
	at java.util.concurrent.FutureTask.run(FutureTask.java:266)
	at java.util.concurrent.ThreadPoolExecutor.runWorker(ThreadPoolExecutor.java:1149)
	at java.util.concurrent.ThreadPoolExecutor$Worker.run(ThreadPoolExecutor.java:624)
	... 1 more
Caused by: org.apache.ratis.thirdparty.io.netty.channel.AbstractChannel$AnnotatedConnectException: Connection refused: /192.168.157.254:45598
	at sun.nio.ch.SocketChannelImpl.checkConnect(Native Method)
	at sun.nio.ch.SocketChannelImpl.finishConnect(SocketChannelImpl.java:717)
	at org.apache.ratis.thirdparty.io.netty.channel.socket.nio.NioSocketChannel.doFinishConnect(NioSocketChannel.java:327)
	at org.apache.ratis.thirdparty.io.netty.channel.nio.AbstractNioChannel$AbstractNioUnsafe.finishConnect(AbstractNioChannel.java:340)
	at org.apache.ratis.thirdparty.io.netty.channel.nio.NioEventLoop.processSelectedKey(NioEventLoop.java:632)
	at org.apache.ratis.thirdparty.io.netty.channel.nio.NioEventLoop.processSelectedKeysOptimized(NioEventLoop.java:579)
	at org.apache.ratis.thirdparty.io.netty.channel.nio.NioEventLoop.processSelectedKeys(NioEventLoop.java:496)
	at org.apache.ratis.thirdparty.io.netty.channel.nio.NioEventLoop.run(NioEventLoop.java:458)
	at org.apache.ratis.thirdparty.io.netty.util.concurrent.SingleThreadEventExecutor$5.run(SingleThreadEventExecutor.java:897)
	at org.apache.ratis.thirdparty.io.netty.util.concurrent.FastThreadLocalRunnable.run(FastThreadLocalRunnable.java:30)
	... 1 more
Caused by: java.net.ConnectException: Connection refused
	... 11 more
2019-10-22 00:13:26,502 [2fdb3e93-e0d8-400e-8c33-91e2341b50c6@group-F01152B53F91-LeaderElection280] INFO  impl.RaftServerImpl (RaftServerImpl.java:setRole(184)) - 2fdb3e93-e0d8-400e-8c33-91e2341b50c6@group-F01152B53F91: changes role from CANDIDATE to FOLLOWER at term 277 for DISCOVERED_A_NEW_TERM
2019-10-22 00:13:26,502 [2fdb3e93-e0d8-400e-8c33-91e2341b50c6@group-F01152B53F91-LeaderElection280] INFO  impl.RoleInfo (RoleInfo.java:shutdownLeaderElection(134)) - 2fdb3e93-e0d8-400e-8c33-91e2341b50c6: shutdown LeaderElection
2019-10-22 00:13:26,502 [2fdb3e93-e0d8-400e-8c33-91e2341b50c6@group-F01152B53F91-LeaderElection280] INFO  impl.RoleInfo (RoleInfo.java:updateAndGet(143)) - 2fdb3e93-e0d8-400e-8c33-91e2341b50c6: start FollowerState
2019-10-22 00:13:26,692 [Thread-2165] INFO  impl.FollowerState (FollowerState.java:run(108)) - 2fdb3e93-e0d8-400e-8c33-91e2341b50c6@group-F01152B53F91-FollowerState: change to CANDIDATE, lastRpcTime:189ms, electionTimeout:189ms
2019-10-22 00:13:26,692 [Thread-2165] INFO  impl.RoleInfo (RoleInfo.java:shutdownFollowerState(121)) - 2fdb3e93-e0d8-400e-8c33-91e2341b50c6: shutdown FollowerState
2019-10-22 00:13:26,692 [Thread-2165] INFO  impl.RaftServerImpl (RaftServerImpl.java:setRole(184)) - 2fdb3e93-e0d8-400e-8c33-91e2341b50c6@group-F01152B53F91: changes role from  FOLLOWER to CANDIDATE at term 277 for changeToCandidate
2019-10-22 00:13:26,692 [Thread-2165] INFO  impl.RoleInfo (RoleInfo.java:updateAndGet(143)) - 2fdb3e93-e0d8-400e-8c33-91e2341b50c6: start LeaderElection
2019-10-22 00:13:26,705 [2fdb3e93-e0d8-400e-8c33-91e2341b50c6@group-F01152B53F91-LeaderElection281] INFO  impl.LeaderElection (LeaderElection.java:askForVotes(178)) - 2fdb3e93-e0d8-400e-8c33-91e2341b50c6@group-F01152B53F91-LeaderElection281: begin an election at term 278 for -1: [2fdb3e93-e0d8-400e-8c33-91e2341b50c6:192.168.157.254:43254, 062c71de-08d9-40ee-9309-15590e2e8e68:192.168.157.254:45598, 2a52019e-5647-44e1-bf30-9a43fd8a7377:192.168.157.254:36038], old=null
2019-10-22 00:13:26,706 [2fdb3e93-e0d8-400e-8c33-91e2341b50c6@group-F01152B53F91-LeaderElection281] INFO  impl.LeaderElection (LogUtils.java:infoOrTrace(149)) - 2fdb3e93-e0d8-400e-8c33-91e2341b50c6@group-F01152B53F91-LeaderElection281 got exception when requesting votes: {}
java.util.concurrent.ExecutionException: org.apache.ratis.thirdparty.io.grpc.StatusRuntimeException: UNAVAILABLE: io exception
	at java.util.concurrent.FutureTask.report(FutureTask.java:122)
	at java.util.concurrent.FutureTask.get(FutureTask.java:192)
	at org.apache.ratis.server.impl.LeaderElection.waitForResults(LeaderElection.java:259)
	at org.apache.ratis.server.impl.LeaderElection.askForVotes(LeaderElection.java:197)
	at org.apache.ratis.server.impl.LeaderElection.run(LeaderElection.java:133)
	at java.lang.Thread.run(Thread.java:748)
Caused by: org.apache.ratis.thirdparty.io.grpc.StatusRuntimeException: UNAVAILABLE: io exception
	at org.apache.ratis.thirdparty.io.grpc.stub.ClientCalls.toStatusRuntimeException(ClientCalls.java:233)
	at org.apache.ratis.thirdparty.io.grpc.stub.ClientCalls.getUnchecked(ClientCalls.java:214)
	at org.apache.ratis.thirdparty.io.grpc.stub.ClientCalls.blockingUnaryCall(ClientCalls.java:139)
	at org.apache.ratis.proto.grpc.RaftServerProtocolServiceGrpc$RaftServerProtocolServiceBlockingStub.requestVote(RaftServerProtocolServiceGrpc.java:265)
	at org.apache.ratis.grpc.server.GrpcServerProtocolClient.requestVote(GrpcServerProtocolClient.java:99)
	at org.apache.ratis.grpc.server.GrpcService.requestVote(GrpcService.java:204)
	at org.apache.ratis.server.impl.LeaderElection.lambda$submitRequests$1(LeaderElection.java:234)
	at java.util.concurrent.FutureTask.run(FutureTask.java:266)
	at java.util.concurrent.Executors$RunnableAdapter.call(Executors.java:511)
	at java.util.concurrent.FutureTask.run(FutureTask.java:266)
	at java.util.concurrent.ThreadPoolExecutor.runWorker(ThreadPoolExecutor.java:1149)
	at java.util.concurrent.ThreadPoolExecutor$Worker.run(ThreadPoolExecutor.java:624)
	... 1 more
Caused by: org.apache.ratis.thirdparty.io.netty.channel.AbstractChannel$AnnotatedConnectException: Connection refused: /192.168.157.254:45598
	at sun.nio.ch.SocketChannelImpl.checkConnect(Native Method)
	at sun.nio.ch.SocketChannelImpl.finishConnect(SocketChannelImpl.java:717)
	at org.apache.ratis.thirdparty.io.netty.channel.socket.nio.NioSocketChannel.doFinishConnect(NioSocketChannel.java:327)
	at org.apache.ratis.thirdparty.io.netty.channel.nio.AbstractNioChannel$AbstractNioUnsafe.finishConnect(AbstractNioChannel.java:340)
	at org.apache.ratis.thirdparty.io.netty.channel.nio.NioEventLoop.processSelectedKey(NioEventLoop.java:632)
	at org.apache.ratis.thirdparty.io.netty.channel.nio.NioEventLoop.processSelectedKeysOptimized(NioEventLoop.java:579)
	at org.apache.ratis.thirdparty.io.netty.channel.nio.NioEventLoop.processSelectedKeys(NioEventLoop.java:496)
	at org.apache.ratis.thirdparty.io.netty.channel.nio.NioEventLoop.run(NioEventLoop.java:458)
	at org.apache.ratis.thirdparty.io.netty.util.concurrent.SingleThreadEventExecutor$5.run(SingleThreadEventExecutor.java:897)
	at org.apache.ratis.thirdparty.io.netty.util.concurrent.FastThreadLocalRunnable.run(FastThreadLocalRunnable.java:30)
	... 1 more
Caused by: java.net.ConnectException: Connection refused
	... 11 more
2019-10-22 00:13:26,707 [2fdb3e93-e0d8-400e-8c33-91e2341b50c6@group-F01152B53F91-LeaderElection281] INFO  impl.LeaderElection (LogUtils.java:infoOrTrace(149)) - 2fdb3e93-e0d8-400e-8c33-91e2341b50c6@group-F01152B53F91-LeaderElection281 got exception when requesting votes: {}
java.util.concurrent.ExecutionException: org.apache.ratis.thirdparty.io.grpc.StatusRuntimeException: UNAVAILABLE: io exception
	at java.util.concurrent.FutureTask.report(FutureTask.java:122)
	at java.util.concurrent.FutureTask.get(FutureTask.java:192)
	at org.apache.ratis.server.impl.LeaderElection.waitForResults(LeaderElection.java:259)
	at org.apache.ratis.server.impl.LeaderElection.askForVotes(LeaderElection.java:197)
	at org.apache.ratis.server.impl.LeaderElection.run(LeaderElection.java:133)
	at java.lang.Thread.run(Thread.java:748)
Caused by: org.apache.ratis.thirdparty.io.grpc.StatusRuntimeException: UNAVAILABLE: io exception
	at org.apache.ratis.thirdparty.io.grpc.stub.ClientCalls.toStatusRuntimeException(ClientCalls.java:233)
	at org.apache.ratis.thirdparty.io.grpc.stub.ClientCalls.getUnchecked(ClientCalls.java:214)
	at org.apache.ratis.thirdparty.io.grpc.stub.ClientCalls.blockingUnaryCall(ClientCalls.java:139)
	at org.apache.ratis.proto.grpc.RaftServerProtocolServiceGrpc$RaftServerProtocolServiceBlockingStub.requestVote(RaftServerProtocolServiceGrpc.java:265)
	at org.apache.ratis.grpc.server.GrpcServerProtocolClient.requestVote(GrpcServerProtocolClient.java:99)
	at org.apache.ratis.grpc.server.GrpcService.requestVote(GrpcService.java:204)
	at org.apache.ratis.server.impl.LeaderElection.lambda$submitRequests$1(LeaderElection.java:234)
	at java.util.concurrent.FutureTask.run(FutureTask.java:266)
	at java.util.concurrent.Executors$RunnableAdapter.call(Executors.java:511)
	at java.util.concurrent.FutureTask.run(FutureTask.java:266)
	at java.util.concurrent.ThreadPoolExecutor.runWorker(ThreadPoolExecutor.java:1149)
	at java.util.concurrent.ThreadPoolExecutor$Worker.run(ThreadPoolExecutor.java:624)
	... 1 more
Caused by: org.apache.ratis.thirdparty.io.netty.channel.AbstractChannel$AnnotatedConnectException: Connection refused: /192.168.157.254:36038
	at sun.nio.ch.SocketChannelImpl.checkConnect(Native Method)
	at sun.nio.ch.SocketChannelImpl.finishConnect(SocketChannelImpl.java:717)
	at org.apache.ratis.thirdparty.io.netty.channel.socket.nio.NioSocketChannel.doFinishConnect(NioSocketChannel.java:327)
	at org.apache.ratis.thirdparty.io.netty.channel.nio.AbstractNioChannel$AbstractNioUnsafe.finishConnect(AbstractNioChannel.java:340)
	at org.apache.ratis.thirdparty.io.netty.channel.nio.NioEventLoop.processSelectedKey(NioEventLoop.java:632)
	at org.apache.ratis.thirdparty.io.netty.channel.nio.NioEventLoop.processSelectedKeysOptimized(NioEventLoop.java:579)
	at org.apache.ratis.thirdparty.io.netty.channel.nio.NioEventLoop.processSelectedKeys(NioEventLoop.java:496)
	at org.apache.ratis.thirdparty.io.netty.channel.nio.NioEventLoop.run(NioEventLoop.java:458)
	at org.apache.ratis.thirdparty.io.netty.util.concurrent.SingleThreadEventExecutor$5.run(SingleThreadEventExecutor.java:897)
	at org.apache.ratis.thirdparty.io.netty.util.concurrent.FastThreadLocalRunnable.run(FastThreadLocalRunnable.java:30)
	... 1 more
Caused by: java.net.ConnectException: Connection refused
	... 11 more
2019-10-22 00:13:26,707 [2fdb3e93-e0d8-400e-8c33-91e2341b50c6@group-F01152B53F91-LeaderElection281] INFO  impl.LeaderElection (LeaderElection.java:logAndReturn(56)) - 2fdb3e93-e0d8-400e-8c33-91e2341b50c6@group-F01152B53F91-LeaderElection281: Election REJECTED; received 0 response(s) [] and 2 exception(s); 2fdb3e93-e0d8-400e-8c33-91e2341b50c6@group-F01152B53F91:t278, leader=null, voted=2fdb3e93-e0d8-400e-8c33-91e2341b50c6, raftlog=2fdb3e93-e0d8-400e-8c33-91e2341b50c6@group-F01152B53F91-SegmentedRaftLog:OPENED:c-1,f-1,i0, conf=-1: [2fdb3e93-e0d8-400e-8c33-91e2341b50c6:192.168.157.254:43254, 062c71de-08d9-40ee-9309-15590e2e8e68:192.168.157.254:45598, 2a52019e-5647-44e1-bf30-9a43fd8a7377:192.168.157.254:36038], old=null
2019-10-22 00:13:26,707 [2fdb3e93-e0d8-400e-8c33-91e2341b50c6@group-F01152B53F91-LeaderElection281] INFO  impl.LeaderElection (LogUtils.java:infoOrTrace(149)) -   Exception 0: {}
java.util.concurrent.ExecutionException: org.apache.ratis.thirdparty.io.grpc.StatusRuntimeException: UNAVAILABLE: io exception
	at java.util.concurrent.FutureTask.report(FutureTask.java:122)
	at java.util.concurrent.FutureTask.get(FutureTask.java:192)
	at org.apache.ratis.server.impl.LeaderElection.waitForResults(LeaderElection.java:259)
	at org.apache.ratis.server.impl.LeaderElection.askForVotes(LeaderElection.java:197)
	at org.apache.ratis.server.impl.LeaderElection.run(LeaderElection.java:133)
	at java.lang.Thread.run(Thread.java:748)
Caused by: org.apache.ratis.thirdparty.io.grpc.StatusRuntimeException: UNAVAILABLE: io exception
	at org.apache.ratis.thirdparty.io.grpc.stub.ClientCalls.toStatusRuntimeException(ClientCalls.java:233)
	at org.apache.ratis.thirdparty.io.grpc.stub.ClientCalls.getUnchecked(ClientCalls.java:214)
	at org.apache.ratis.thirdparty.io.grpc.stub.ClientCalls.blockingUnaryCall(ClientCalls.java:139)
	at org.apache.ratis.proto.grpc.RaftServerProtocolServiceGrpc$RaftServerProtocolServiceBlockingStub.requestVote(RaftServerProtocolServiceGrpc.java:265)
	at org.apache.ratis.grpc.server.GrpcServerProtocolClient.requestVote(GrpcServerProtocolClient.java:99)
	at org.apache.ratis.grpc.server.GrpcService.requestVote(GrpcService.java:204)
	at org.apache.ratis.server.impl.LeaderElection.lambda$submitRequests$1(LeaderElection.java:234)
	at java.util.concurrent.FutureTask.run(FutureTask.java:266)
	at java.util.concurrent.Executors$RunnableAdapter.call(Executors.java:511)
	at java.util.concurrent.FutureTask.run(FutureTask.java:266)
	at java.util.concurrent.ThreadPoolExecutor.runWorker(ThreadPoolExecutor.java:1149)
	at java.util.concurrent.ThreadPoolExecutor$Worker.run(ThreadPoolExecutor.java:624)
	... 1 more
Caused by: org.apache.ratis.thirdparty.io.netty.channel.AbstractChannel$AnnotatedConnectException: Connection refused: /192.168.157.254:45598
	at sun.nio.ch.SocketChannelImpl.checkConnect(Native Method)
	at sun.nio.ch.SocketChannelImpl.finishConnect(SocketChannelImpl.java:717)
	at org.apache.ratis.thirdparty.io.netty.channel.socket.nio.NioSocketChannel.doFinishConnect(NioSocketChannel.java:327)
	at org.apache.ratis.thirdparty.io.netty.channel.nio.AbstractNioChannel$AbstractNioUnsafe.finishConnect(AbstractNioChannel.java:340)
	at org.apache.ratis.thirdparty.io.netty.channel.nio.NioEventLoop.processSelectedKey(NioEventLoop.java:632)
	at org.apache.ratis.thirdparty.io.netty.channel.nio.NioEventLoop.processSelectedKeysOptimized(NioEventLoop.java:579)
	at org.apache.ratis.thirdparty.io.netty.channel.nio.NioEventLoop.processSelectedKeys(NioEventLoop.java:496)
	at org.apache.ratis.thirdparty.io.netty.channel.nio.NioEventLoop.run(NioEventLoop.java:458)
	at org.apache.ratis.thirdparty.io.netty.util.concurrent.SingleThreadEventExecutor$5.run(SingleThreadEventExecutor.java:897)
	at org.apache.ratis.thirdparty.io.netty.util.concurrent.FastThreadLocalRunnable.run(FastThreadLocalRunnable.java:30)
	... 1 more
Caused by: java.net.ConnectException: Connection refused
	... 11 more
2019-10-22 00:13:26,708 [2fdb3e93-e0d8-400e-8c33-91e2341b50c6@group-F01152B53F91-LeaderElection281] INFO  impl.LeaderElection (LogUtils.java:infoOrTrace(149)) -   Exception 1: {}
java.util.concurrent.ExecutionException: org.apache.ratis.thirdparty.io.grpc.StatusRuntimeException: UNAVAILABLE: io exception
	at java.util.concurrent.FutureTask.report(FutureTask.java:122)
	at java.util.concurrent.FutureTask.get(FutureTask.java:192)
	at org.apache.ratis.server.impl.LeaderElection.waitForResults(LeaderElection.java:259)
	at org.apache.ratis.server.impl.LeaderElection.askForVotes(LeaderElection.java:197)
	at org.apache.ratis.server.impl.LeaderElection.run(LeaderElection.java:133)
	at java.lang.Thread.run(Thread.java:748)
Caused by: org.apache.ratis.thirdparty.io.grpc.StatusRuntimeException: UNAVAILABLE: io exception
	at org.apache.ratis.thirdparty.io.grpc.stub.ClientCalls.toStatusRuntimeException(ClientCalls.java:233)
	at org.apache.ratis.thirdparty.io.grpc.stub.ClientCalls.getUnchecked(ClientCalls.java:214)
	at org.apache.ratis.thirdparty.io.grpc.stub.ClientCalls.blockingUnaryCall(ClientCalls.java:139)
	at org.apache.ratis.proto.grpc.RaftServerProtocolServiceGrpc$RaftServerProtocolServiceBlockingStub.requestVote(RaftServerProtocolServiceGrpc.java:265)
	at org.apache.ratis.grpc.server.GrpcServerProtocolClient.requestVote(GrpcServerProtocolClient.java:99)
	at org.apache.ratis.grpc.server.GrpcService.requestVote(GrpcService.java:204)
	at org.apache.ratis.server.impl.LeaderElection.lambda$submitRequests$1(LeaderElection.java:234)
	at java.util.concurrent.FutureTask.run(FutureTask.java:266)
	at java.util.concurrent.Executors$RunnableAdapter.call(Executors.java:511)
	at java.util.concurrent.FutureTask.run(FutureTask.java:266)
	at java.util.concurrent.ThreadPoolExecutor.runWorker(ThreadPoolExecutor.java:1149)
	at java.util.concurrent.ThreadPoolExecutor$Worker.run(ThreadPoolExecutor.java:624)
	... 1 more
Caused by: org.apache.ratis.thirdparty.io.netty.channel.AbstractChannel$AnnotatedConnectException: Connection refused: /192.168.157.254:36038
	at sun.nio.ch.SocketChannelImpl.checkConnect(Native Method)
	at sun.nio.ch.SocketChannelImpl.finishConnect(SocketChannelImpl.java:717)
	at org.apache.ratis.thirdparty.io.netty.channel.socket.nio.NioSocketChannel.doFinishConnect(NioSocketChannel.java:327)
	at org.apache.ratis.thirdparty.io.netty.channel.nio.AbstractNioChannel$AbstractNioUnsafe.finishConnect(AbstractNioChannel.java:340)
	at org.apache.ratis.thirdparty.io.netty.channel.nio.NioEventLoop.processSelectedKey(NioEventLoop.java:632)
	at org.apache.ratis.thirdparty.io.netty.channel.nio.NioEventLoop.processSelectedKeysOptimized(NioEventLoop.java:579)
	at org.apache.ratis.thirdparty.io.netty.channel.nio.NioEventLoop.processSelectedKeys(NioEventLoop.java:496)
	at org.apache.ratis.thirdparty.io.netty.channel.nio.NioEventLoop.run(NioEventLoop.java:458)
	at org.apache.ratis.thirdparty.io.netty.util.concurrent.SingleThreadEventExecutor$5.run(SingleThreadEventExecutor.java:897)
	at org.apache.ratis.thirdparty.io.netty.util.concurrent.FastThreadLocalRunnable.run(FastThreadLocalRunnable.java:30)
	... 1 more
Caused by: java.net.ConnectException: Connection refused
	... 11 more
2019-10-22 00:13:26,708 [2fdb3e93-e0d8-400e-8c33-91e2341b50c6@group-F01152B53F91-LeaderElection281] INFO  impl.RaftServerImpl (RaftServerImpl.java:setRole(184)) - 2fdb3e93-e0d8-400e-8c33-91e2341b50c6@group-F01152B53F91: changes role from CANDIDATE to FOLLOWER at term 278 for DISCOVERED_A_NEW_TERM
2019-10-22 00:13:26,708 [2fdb3e93-e0d8-400e-8c33-91e2341b50c6@group-F01152B53F91-LeaderElection281] INFO  impl.RoleInfo (RoleInfo.java:shutdownLeaderElection(134)) - 2fdb3e93-e0d8-400e-8c33-91e2341b50c6: shutdown LeaderElection
2019-10-22 00:13:26,708 [2fdb3e93-e0d8-400e-8c33-91e2341b50c6@group-F01152B53F91-LeaderElection281] INFO  impl.RoleInfo (RoleInfo.java:updateAndGet(143)) - 2fdb3e93-e0d8-400e-8c33-91e2341b50c6: start FollowerState
2019-10-22 00:13:26,727 [Thread-2169] INFO  impl.FollowerState (FollowerState.java:run(108)) - 2fdb3e93-e0d8-400e-8c33-91e2341b50c6@group-F01152B53F91-FollowerState: change to CANDIDATE, lastRpcTime:18ms, electionTimeout:18ms
2019-10-22 00:13:26,727 [Thread-2169] INFO  impl.RoleInfo (RoleInfo.java:shutdownFollowerState(121)) - 2fdb3e93-e0d8-400e-8c33-91e2341b50c6: shutdown FollowerState
2019-10-22 00:13:26,727 [Thread-2169] INFO  impl.RaftServerImpl (RaftServerImpl.java:setRole(184)) - 2fdb3e93-e0d8-400e-8c33-91e2341b50c6@group-F01152B53F91: changes role from  FOLLOWER to CANDIDATE at term 278 for changeToCandidate
2019-10-22 00:13:26,727 [Thread-2169] INFO  impl.RoleInfo (RoleInfo.java:updateAndGet(143)) - 2fdb3e93-e0d8-400e-8c33-91e2341b50c6: start LeaderElection
2019-10-22 00:13:26,741 [2fdb3e93-e0d8-400e-8c33-91e2341b50c6@group-F01152B53F91-LeaderElection282] INFO  impl.LeaderElection (LeaderElection.java:askForVotes(178)) - 2fdb3e93-e0d8-400e-8c33-91e2341b50c6@group-F01152B53F91-LeaderElection282: begin an election at term 279 for -1: [2fdb3e93-e0d8-400e-8c33-91e2341b50c6:192.168.157.254:43254, 062c71de-08d9-40ee-9309-15590e2e8e68:192.168.157.254:45598, 2a52019e-5647-44e1-bf30-9a43fd8a7377:192.168.157.254:36038], old=null
2019-10-22 00:13:26,741 [2fdb3e93-e0d8-400e-8c33-91e2341b50c6@group-F01152B53F91-LeaderElection282] INFO  impl.LeaderElection (LogUtils.java:infoOrTrace(149)) - 2fdb3e93-e0d8-400e-8c33-91e2341b50c6@group-F01152B53F91-LeaderElection282 got exception when requesting votes: {}
java.util.concurrent.ExecutionException: org.apache.ratis.thirdparty.io.grpc.StatusRuntimeException: UNAVAILABLE: io exception
	at java.util.concurrent.FutureTask.report(FutureTask.java:122)
	at java.util.concurrent.FutureTask.get(FutureTask.java:192)
	at org.apache.ratis.server.impl.LeaderElection.waitForResults(LeaderElection.java:259)
	at org.apache.ratis.server.impl.LeaderElection.askForVotes(LeaderElection.java:197)
	at org.apache.ratis.server.impl.LeaderElection.run(LeaderElection.java:133)
	at java.lang.Thread.run(Thread.java:748)
Caused by: org.apache.ratis.thirdparty.io.grpc.StatusRuntimeException: UNAVAILABLE: io exception
	at org.apache.ratis.thirdparty.io.grpc.stub.ClientCalls.toStatusRuntimeException(ClientCalls.java:233)
	at org.apache.ratis.thirdparty.io.grpc.stub.ClientCalls.getUnchecked(ClientCalls.java:214)
	at org.apache.ratis.thirdparty.io.grpc.stub.ClientCalls.blockingUnaryCall(ClientCalls.java:139)
	at org.apache.ratis.proto.grpc.RaftServerProtocolServiceGrpc$RaftServerProtocolServiceBlockingStub.requestVote(RaftServerProtocolServiceGrpc.java:265)
	at org.apache.ratis.grpc.server.GrpcServerProtocolClient.requestVote(GrpcServerProtocolClient.java:99)
	at org.apache.ratis.grpc.server.GrpcService.requestVote(GrpcService.java:204)
	at org.apache.ratis.server.impl.LeaderElection.lambda$submitRequests$1(LeaderElection.java:234)
	at java.util.concurrent.FutureTask.run(FutureTask.java:266)
	at java.util.concurrent.Executors$RunnableAdapter.call(Executors.java:511)
	at java.util.concurrent.FutureTask.run(FutureTask.java:266)
	at java.util.concurrent.ThreadPoolExecutor.runWorker(ThreadPoolExecutor.java:1149)
	at java.util.concurrent.ThreadPoolExecutor$Worker.run(ThreadPoolExecutor.java:624)
	... 1 more
Caused by: org.apache.ratis.thirdparty.io.netty.channel.AbstractChannel$AnnotatedConnectException: Connection refused: /192.168.157.254:45598
	at sun.nio.ch.SocketChannelImpl.checkConnect(Native Method)
	at sun.nio.ch.SocketChannelImpl.finishConnect(SocketChannelImpl.java:717)
	at org.apache.ratis.thirdparty.io.netty.channel.socket.nio.NioSocketChannel.doFinishConnect(NioSocketChannel.java:327)
	at org.apache.ratis.thirdparty.io.netty.channel.nio.AbstractNioChannel$AbstractNioUnsafe.finishConnect(AbstractNioChannel.java:340)
	at org.apache.ratis.thirdparty.io.netty.channel.nio.NioEventLoop.processSelectedKey(NioEventLoop.java:632)
	at org.apache.ratis.thirdparty.io.netty.channel.nio.NioEventLoop.processSelectedKeysOptimized(NioEventLoop.java:579)
	at org.apache.ratis.thirdparty.io.netty.channel.nio.NioEventLoop.processSelectedKeys(NioEventLoop.java:496)
	at org.apache.ratis.thirdparty.io.netty.channel.nio.NioEventLoop.run(NioEventLoop.java:458)
	at org.apache.ratis.thirdparty.io.netty.util.concurrent.SingleThreadEventExecutor$5.run(SingleThreadEventExecutor.java:897)
	at org.apache.ratis.thirdparty.io.netty.util.concurrent.FastThreadLocalRunnable.run(FastThreadLocalRunnable.java:30)
	... 1 more
Caused by: java.net.ConnectException: Connection refused
	... 11 more
2019-10-22 00:13:26,742 [2fdb3e93-e0d8-400e-8c33-91e2341b50c6@group-F01152B53F91-LeaderElection282] INFO  impl.LeaderElection (LogUtils.java:infoOrTrace(149)) - 2fdb3e93-e0d8-400e-8c33-91e2341b50c6@group-F01152B53F91-LeaderElection282 got exception when requesting votes: {}
java.util.concurrent.ExecutionException: org.apache.ratis.thirdparty.io.grpc.StatusRuntimeException: UNAVAILABLE: io exception
	at java.util.concurrent.FutureTask.report(FutureTask.java:122)
	at java.util.concurrent.FutureTask.get(FutureTask.java:192)
	at org.apache.ratis.server.impl.LeaderElection.waitForResults(LeaderElection.java:259)
	at org.apache.ratis.server.impl.LeaderElection.askForVotes(LeaderElection.java:197)
	at org.apache.ratis.server.impl.LeaderElection.run(LeaderElection.java:133)
	at java.lang.Thread.run(Thread.java:748)
Caused by: org.apache.ratis.thirdparty.io.grpc.StatusRuntimeException: UNAVAILABLE: io exception
	at org.apache.ratis.thirdparty.io.grpc.stub.ClientCalls.toStatusRuntimeException(ClientCalls.java:233)
	at org.apache.ratis.thirdparty.io.grpc.stub.ClientCalls.getUnchecked(ClientCalls.java:214)
	at org.apache.ratis.thirdparty.io.grpc.stub.ClientCalls.blockingUnaryCall(ClientCalls.java:139)
	at org.apache.ratis.proto.grpc.RaftServerProtocolServiceGrpc$RaftServerProtocolServiceBlockingStub.requestVote(RaftServerProtocolServiceGrpc.java:265)
	at org.apache.ratis.grpc.server.GrpcServerProtocolClient.requestVote(GrpcServerProtocolClient.java:99)
	at org.apache.ratis.grpc.server.GrpcService.requestVote(GrpcService.java:204)
	at org.apache.ratis.server.impl.LeaderElection.lambda$submitRequests$1(LeaderElection.java:234)
	at java.util.concurrent.FutureTask.run(FutureTask.java:266)
	at java.util.concurrent.Executors$RunnableAdapter.call(Executors.java:511)
	at java.util.concurrent.FutureTask.run(FutureTask.java:266)
	at java.util.concurrent.ThreadPoolExecutor.runWorker(ThreadPoolExecutor.java:1149)
	at java.util.concurrent.ThreadPoolExecutor$Worker.run(ThreadPoolExecutor.java:624)
	... 1 more
Caused by: org.apache.ratis.thirdparty.io.netty.channel.AbstractChannel$AnnotatedConnectException: Connection refused: /192.168.157.254:36038
	at sun.nio.ch.SocketChannelImpl.checkConnect(Native Method)
	at sun.nio.ch.SocketChannelImpl.finishConnect(SocketChannelImpl.java:717)
	at org.apache.ratis.thirdparty.io.netty.channel.socket.nio.NioSocketChannel.doFinishConnect(NioSocketChannel.java:327)
	at org.apache.ratis.thirdparty.io.netty.channel.nio.AbstractNioChannel$AbstractNioUnsafe.finishConnect(AbstractNioChannel.java:340)
	at org.apache.ratis.thirdparty.io.netty.channel.nio.NioEventLoop.processSelectedKey(NioEventLoop.java:632)
	at org.apache.ratis.thirdparty.io.netty.channel.nio.NioEventLoop.processSelectedKeysOptimized(NioEventLoop.java:579)
	at org.apache.ratis.thirdparty.io.netty.channel.nio.NioEventLoop.processSelectedKeys(NioEventLoop.java:496)
	at org.apache.ratis.thirdparty.io.netty.channel.nio.NioEventLoop.run(NioEventLoop.java:458)
	at org.apache.ratis.thirdparty.io.netty.util.concurrent.SingleThreadEventExecutor$5.run(SingleThreadEventExecutor.java:897)
	at org.apache.ratis.thirdparty.io.netty.util.concurrent.FastThreadLocalRunnable.run(FastThreadLocalRunnable.java:30)
	... 1 more
Caused by: java.net.ConnectException: Connection refused
	... 11 more
2019-10-22 00:13:26,743 [2fdb3e93-e0d8-400e-8c33-91e2341b50c6@group-F01152B53F91-LeaderElection282] INFO  impl.LeaderElection (LeaderElection.java:logAndReturn(56)) - 2fdb3e93-e0d8-400e-8c33-91e2341b50c6@group-F01152B53F91-LeaderElection282: Election REJECTED; received 0 response(s) [] and 2 exception(s); 2fdb3e93-e0d8-400e-8c33-91e2341b50c6@group-F01152B53F91:t279, leader=null, voted=2fdb3e93-e0d8-400e-8c33-91e2341b50c6, raftlog=2fdb3e93-e0d8-400e-8c33-91e2341b50c6@group-F01152B53F91-SegmentedRaftLog:OPENED:c-1,f-1,i0, conf=-1: [2fdb3e93-e0d8-400e-8c33-91e2341b50c6:192.168.157.254:43254, 062c71de-08d9-40ee-9309-15590e2e8e68:192.168.157.254:45598, 2a52019e-5647-44e1-bf30-9a43fd8a7377:192.168.157.254:36038], old=null
2019-10-22 00:13:26,744 [2fdb3e93-e0d8-400e-8c33-91e2341b50c6@group-F01152B53F91-LeaderElection282] INFO  impl.LeaderElection (LogUtils.java:infoOrTrace(149)) -   Exception 0: {}
java.util.concurrent.ExecutionException: org.apache.ratis.thirdparty.io.grpc.StatusRuntimeException: UNAVAILABLE: io exception
	at java.util.concurrent.FutureTask.report(FutureTask.java:122)
	at java.util.concurrent.FutureTask.get(FutureTask.java:192)
	at org.apache.ratis.server.impl.LeaderElection.waitForResults(LeaderElection.java:259)
	at org.apache.ratis.server.impl.LeaderElection.askForVotes(LeaderElection.java:197)
	at org.apache.ratis.server.impl.LeaderElection.run(LeaderElection.java:133)
	at java.lang.Thread.run(Thread.java:748)
Caused by: org.apache.ratis.thirdparty.io.grpc.StatusRuntimeException: UNAVAILABLE: io exception
	at org.apache.ratis.thirdparty.io.grpc.stub.ClientCalls.toStatusRuntimeException(ClientCalls.java:233)
	at org.apache.ratis.thirdparty.io.grpc.stub.ClientCalls.getUnchecked(ClientCalls.java:214)
	at org.apache.ratis.thirdparty.io.grpc.stub.ClientCalls.blockingUnaryCall(ClientCalls.java:139)
	at org.apache.ratis.proto.grpc.RaftServerProtocolServiceGrpc$RaftServerProtocolServiceBlockingStub.requestVote(RaftServerProtocolServiceGrpc.java:265)
	at org.apache.ratis.grpc.server.GrpcServerProtocolClient.requestVote(GrpcServerProtocolClient.java:99)
	at org.apache.ratis.grpc.server.GrpcService.requestVote(GrpcService.java:204)
	at org.apache.ratis.server.impl.LeaderElection.lambda$submitRequests$1(LeaderElection.java:234)
	at java.util.concurrent.FutureTask.run(FutureTask.java:266)
	at java.util.concurrent.Executors$RunnableAdapter.call(Executors.java:511)
	at java.util.concurrent.FutureTask.run(FutureTask.java:266)
	at java.util.concurrent.ThreadPoolExecutor.runWorker(ThreadPoolExecutor.java:1149)
	at java.util.concurrent.ThreadPoolExecutor$Worker.run(ThreadPoolExecutor.java:624)
	... 1 more
Caused by: org.apache.ratis.thirdparty.io.netty.channel.AbstractChannel$AnnotatedConnectException: Connection refused: /192.168.157.254:45598
	at sun.nio.ch.SocketChannelImpl.checkConnect(Native Method)
	at sun.nio.ch.SocketChannelImpl.finishConnect(SocketChannelImpl.java:717)
	at org.apache.ratis.thirdparty.io.netty.channel.socket.nio.NioSocketChannel.doFinishConnect(NioSocketChannel.java:327)
	at org.apache.ratis.thirdparty.io.netty.channel.nio.AbstractNioChannel$AbstractNioUnsafe.finishConnect(AbstractNioChannel.java:340)
	at org.apache.ratis.thirdparty.io.netty.channel.nio.NioEventLoop.processSelectedKey(NioEventLoop.java:632)
	at org.apache.ratis.thirdparty.io.netty.channel.nio.NioEventLoop.processSelectedKeysOptimized(NioEventLoop.java:579)
	at org.apache.ratis.thirdparty.io.netty.channel.nio.NioEventLoop.processSelectedKeys(NioEventLoop.java:496)
	at org.apache.ratis.thirdparty.io.netty.channel.nio.NioEventLoop.run(NioEventLoop.java:458)
	at org.apache.ratis.thirdparty.io.netty.util.concurrent.SingleThreadEventExecutor$5.run(SingleThreadEventExecutor.java:897)
	at org.apache.ratis.thirdparty.io.netty.util.concurrent.FastThreadLocalRunnable.run(FastThreadLocalRunnable.java:30)
	... 1 more
Caused by: java.net.ConnectException: Connection refused
	... 11 more
2019-10-22 00:13:26,744 [2fdb3e93-e0d8-400e-8c33-91e2341b50c6@group-F01152B53F91-LeaderElection282] INFO  impl.LeaderElection (LogUtils.java:infoOrTrace(149)) -   Exception 1: {}
java.util.concurrent.ExecutionException: org.apache.ratis.thirdparty.io.grpc.StatusRuntimeException: UNAVAILABLE: io exception
	at java.util.concurrent.FutureTask.report(FutureTask.java:122)
	at java.util.concurrent.FutureTask.get(FutureTask.java:192)
	at org.apache.ratis.server.impl.LeaderElection.waitForResults(LeaderElection.java:259)
	at org.apache.ratis.server.impl.LeaderElection.askForVotes(LeaderElection.java:197)
	at org.apache.ratis.server.impl.LeaderElection.run(LeaderElection.java:133)
	at java.lang.Thread.run(Thread.java:748)
Caused by: org.apache.ratis.thirdparty.io.grpc.StatusRuntimeException: UNAVAILABLE: io exception
	at org.apache.ratis.thirdparty.io.grpc.stub.ClientCalls.toStatusRuntimeException(ClientCalls.java:233)
	at org.apache.ratis.thirdparty.io.grpc.stub.ClientCalls.getUnchecked(ClientCalls.java:214)
	at org.apache.ratis.thirdparty.io.grpc.stub.ClientCalls.blockingUnaryCall(ClientCalls.java:139)
	at org.apache.ratis.proto.grpc.RaftServerProtocolServiceGrpc$RaftServerProtocolServiceBlockingStub.requestVote(RaftServerProtocolServiceGrpc.java:265)
	at org.apache.ratis.grpc.server.GrpcServerProtocolClient.requestVote(GrpcServerProtocolClient.java:99)
	at org.apache.ratis.grpc.server.GrpcService.requestVote(GrpcService.java:204)
	at org.apache.ratis.server.impl.LeaderElection.lambda$submitRequests$1(LeaderElection.java:234)
	at java.util.concurrent.FutureTask.run(FutureTask.java:266)
	at java.util.concurrent.Executors$RunnableAdapter.call(Executors.java:511)
	at java.util.concurrent.FutureTask.run(FutureTask.java:266)
	at java.util.concurrent.ThreadPoolExecutor.runWorker(ThreadPoolExecutor.java:1149)
	at java.util.concurrent.ThreadPoolExecutor$Worker.run(ThreadPoolExecutor.java:624)
	... 1 more
Caused by: org.apache.ratis.thirdparty.io.netty.channel.AbstractChannel$AnnotatedConnectException: Connection refused: /192.168.157.254:36038
	at sun.nio.ch.SocketChannelImpl.checkConnect(Native Method)
	at sun.nio.ch.SocketChannelImpl.finishConnect(SocketChannelImpl.java:717)
	at org.apache.ratis.thirdparty.io.netty.channel.socket.nio.NioSocketChannel.doFinishConnect(NioSocketChannel.java:327)
	at org.apache.ratis.thirdparty.io.netty.channel.nio.AbstractNioChannel$AbstractNioUnsafe.finishConnect(AbstractNioChannel.java:340)
	at org.apache.ratis.thirdparty.io.netty.channel.nio.NioEventLoop.processSelectedKey(NioEventLoop.java:632)
	at org.apache.ratis.thirdparty.io.netty.channel.nio.NioEventLoop.processSelectedKeysOptimized(NioEventLoop.java:579)
	at org.apache.ratis.thirdparty.io.netty.channel.nio.NioEventLoop.processSelectedKeys(NioEventLoop.java:496)
	at org.apache.ratis.thirdparty.io.netty.channel.nio.NioEventLoop.run(NioEventLoop.java:458)
	at org.apache.ratis.thirdparty.io.netty.util.concurrent.SingleThreadEventExecutor$5.run(SingleThreadEventExecutor.java:897)
	at org.apache.ratis.thirdparty.io.netty.util.concurrent.FastThreadLocalRunnable.run(FastThreadLocalRunnable.java:30)
	... 1 more
Caused by: java.net.ConnectException: Connection refused
	... 11 more
2019-10-22 00:13:26,745 [2fdb3e93-e0d8-400e-8c33-91e2341b50c6@group-F01152B53F91-LeaderElection282] INFO  impl.RaftServerImpl (RaftServerImpl.java:setRole(184)) - 2fdb3e93-e0d8-400e-8c33-91e2341b50c6@group-F01152B53F91: changes role from CANDIDATE to FOLLOWER at term 279 for DISCOVERED_A_NEW_TERM
2019-10-22 00:13:26,745 [2fdb3e93-e0d8-400e-8c33-91e2341b50c6@group-F01152B53F91-LeaderElection282] INFO  impl.RoleInfo (RoleInfo.java:shutdownLeaderElection(134)) - 2fdb3e93-e0d8-400e-8c33-91e2341b50c6: shutdown LeaderElection
2019-10-22 00:13:26,745 [2fdb3e93-e0d8-400e-8c33-91e2341b50c6@group-F01152B53F91-LeaderElection282] INFO  impl.RoleInfo (RoleInfo.java:updateAndGet(143)) - 2fdb3e93-e0d8-400e-8c33-91e2341b50c6: start FollowerState
2019-10-22 00:13:26,754 [Thread-2173] INFO  impl.FollowerState (FollowerState.java:run(108)) - 2fdb3e93-e0d8-400e-8c33-91e2341b50c6@group-F01152B53F91-FollowerState: change to CANDIDATE, lastRpcTime:9ms, electionTimeout:9ms
2019-10-22 00:13:26,754 [Thread-2173] INFO  impl.RoleInfo (RoleInfo.java:shutdownFollowerState(121)) - 2fdb3e93-e0d8-400e-8c33-91e2341b50c6: shutdown FollowerState
2019-10-22 00:13:26,754 [Thread-2173] INFO  impl.RaftServerImpl (RaftServerImpl.java:setRole(184)) - 2fdb3e93-e0d8-400e-8c33-91e2341b50c6@group-F01152B53F91: changes role from  FOLLOWER to CANDIDATE at term 279 for changeToCandidate
2019-10-22 00:13:26,755 [Thread-2173] INFO  impl.RoleInfo (RoleInfo.java:updateAndGet(143)) - 2fdb3e93-e0d8-400e-8c33-91e2341b50c6: start LeaderElection
2019-10-22 00:13:26,765 [2fdb3e93-e0d8-400e-8c33-91e2341b50c6@group-F01152B53F91-LeaderElection283] INFO  impl.LeaderElection (LeaderElection.java:askForVotes(178)) - 2fdb3e93-e0d8-400e-8c33-91e2341b50c6@group-F01152B53F91-LeaderElection283: begin an election at term 280 for -1: [2fdb3e93-e0d8-400e-8c33-91e2341b50c6:192.168.157.254:43254, 062c71de-08d9-40ee-9309-15590e2e8e68:192.168.157.254:45598, 2a52019e-5647-44e1-bf30-9a43fd8a7377:192.168.157.254:36038], old=null
2019-10-22 00:13:26,766 [2fdb3e93-e0d8-400e-8c33-91e2341b50c6@group-F01152B53F91-LeaderElection283] INFO  impl.LeaderElection (LogUtils.java:infoOrTrace(149)) - 2fdb3e93-e0d8-400e-8c33-91e2341b50c6@group-F01152B53F91-LeaderElection283 got exception when requesting votes: {}
java.util.concurrent.ExecutionException: org.apache.ratis.thirdparty.io.grpc.StatusRuntimeException: UNAVAILABLE: io exception
	at java.util.concurrent.FutureTask.report(FutureTask.java:122)
	at java.util.concurrent.FutureTask.get(FutureTask.java:192)
	at org.apache.ratis.server.impl.LeaderElection.waitForResults(LeaderElection.java:259)
	at org.apache.ratis.server.impl.LeaderElection.askForVotes(LeaderElection.java:197)
	at org.apache.ratis.server.impl.LeaderElection.run(LeaderElection.java:133)
	at java.lang.Thread.run(Thread.java:748)
Caused by: org.apache.ratis.thirdparty.io.grpc.StatusRuntimeException: UNAVAILABLE: io exception
	at org.apache.ratis.thirdparty.io.grpc.stub.ClientCalls.toStatusRuntimeException(ClientCalls.java:233)
	at org.apache.ratis.thirdparty.io.grpc.stub.ClientCalls.getUnchecked(ClientCalls.java:214)
	at org.apache.ratis.thirdparty.io.grpc.stub.ClientCalls.blockingUnaryCall(ClientCalls.java:139)
	at org.apache.ratis.proto.grpc.RaftServerProtocolServiceGrpc$RaftServerProtocolServiceBlockingStub.requestVote(RaftServerProtocolServiceGrpc.java:265)
	at org.apache.ratis.grpc.server.GrpcServerProtocolClient.requestVote(GrpcServerProtocolClient.java:99)
	at org.apache.ratis.grpc.server.GrpcService.requestVote(GrpcService.java:204)
	at org.apache.ratis.server.impl.LeaderElection.lambda$submitRequests$1(LeaderElection.java:234)
	at java.util.concurrent.FutureTask.run(FutureTask.java:266)
	at java.util.concurrent.Executors$RunnableAdapter.call(Executors.java:511)
	at java.util.concurrent.FutureTask.run(FutureTask.java:266)
	at java.util.concurrent.ThreadPoolExecutor.runWorker(ThreadPoolExecutor.java:1149)
	at java.util.concurrent.ThreadPoolExecutor$Worker.run(ThreadPoolExecutor.java:624)
	... 1 more
Caused by: org.apache.ratis.thirdparty.io.netty.channel.AbstractChannel$AnnotatedConnectException: Connection refused: /192.168.157.254:45598
	at sun.nio.ch.SocketChannelImpl.checkConnect(Native Method)
	at sun.nio.ch.SocketChannelImpl.finishConnect(SocketChannelImpl.java:717)
	at org.apache.ratis.thirdparty.io.netty.channel.socket.nio.NioSocketChannel.doFinishConnect(NioSocketChannel.java:327)
	at org.apache.ratis.thirdparty.io.netty.channel.nio.AbstractNioChannel$AbstractNioUnsafe.finishConnect(AbstractNioChannel.java:340)
	at org.apache.ratis.thirdparty.io.netty.channel.nio.NioEventLoop.processSelectedKey(NioEventLoop.java:632)
	at org.apache.ratis.thirdparty.io.netty.channel.nio.NioEventLoop.processSelectedKeysOptimized(NioEventLoop.java:579)
	at org.apache.ratis.thirdparty.io.netty.channel.nio.NioEventLoop.processSelectedKeys(NioEventLoop.java:496)
	at org.apache.ratis.thirdparty.io.netty.channel.nio.NioEventLoop.run(NioEventLoop.java:458)
	at org.apache.ratis.thirdparty.io.netty.util.concurrent.SingleThreadEventExecutor$5.run(SingleThreadEventExecutor.java:897)
	at org.apache.ratis.thirdparty.io.netty.util.concurrent.FastThreadLocalRunnable.run(FastThreadLocalRunnable.java:30)
	... 1 more
Caused by: java.net.ConnectException: Connection refused
	... 11 more
2019-10-22 00:13:26,767 [2fdb3e93-e0d8-400e-8c33-91e2341b50c6@group-F01152B53F91-LeaderElection283] INFO  impl.LeaderElection (LogUtils.java:infoOrTrace(149)) - 2fdb3e93-e0d8-400e-8c33-91e2341b50c6@group-F01152B53F91-LeaderElection283 got exception when requesting votes: {}
java.util.concurrent.ExecutionException: org.apache.ratis.thirdparty.io.grpc.StatusRuntimeException: UNAVAILABLE: io exception
	at java.util.concurrent.FutureTask.report(FutureTask.java:122)
	at java.util.concurrent.FutureTask.get(FutureTask.java:192)
	at org.apache.ratis.server.impl.LeaderElection.waitForResults(LeaderElection.java:259)
	at org.apache.ratis.server.impl.LeaderElection.askForVotes(LeaderElection.java:197)
	at org.apache.ratis.server.impl.LeaderElection.run(LeaderElection.java:133)
	at java.lang.Thread.run(Thread.java:748)
Caused by: org.apache.ratis.thirdparty.io.grpc.StatusRuntimeException: UNAVAILABLE: io exception
	at org.apache.ratis.thirdparty.io.grpc.stub.ClientCalls.toStatusRuntimeException(ClientCalls.java:233)
	at org.apache.ratis.thirdparty.io.grpc.stub.ClientCalls.getUnchecked(ClientCalls.java:214)
	at org.apache.ratis.thirdparty.io.grpc.stub.ClientCalls.blockingUnaryCall(ClientCalls.java:139)
	at org.apache.ratis.proto.grpc.RaftServerProtocolServiceGrpc$RaftServerProtocolServiceBlockingStub.requestVote(RaftServerProtocolServiceGrpc.java:265)
	at org.apache.ratis.grpc.server.GrpcServerProtocolClient.requestVote(GrpcServerProtocolClient.java:99)
	at org.apache.ratis.grpc.server.GrpcService.requestVote(GrpcService.java:204)
	at org.apache.ratis.server.impl.LeaderElection.lambda$submitRequests$1(LeaderElection.java:234)
	at java.util.concurrent.FutureTask.run(FutureTask.java:266)
	at java.util.concurrent.Executors$RunnableAdapter.call(Executors.java:511)
	at java.util.concurrent.FutureTask.run(FutureTask.java:266)
	at java.util.concurrent.ThreadPoolExecutor.runWorker(ThreadPoolExecutor.java:1149)
	at java.util.concurrent.ThreadPoolExecutor$Worker.run(ThreadPoolExecutor.java:624)
	... 1 more
Caused by: org.apache.ratis.thirdparty.io.netty.channel.AbstractChannel$AnnotatedConnectException: Connection refused: /192.168.157.254:36038
	at sun.nio.ch.SocketChannelImpl.checkConnect(Native Method)
	at sun.nio.ch.SocketChannelImpl.finishConnect(SocketChannelImpl.java:717)
	at org.apache.ratis.thirdparty.io.netty.channel.socket.nio.NioSocketChannel.doFinishConnect(NioSocketChannel.java:327)
	at org.apache.ratis.thirdparty.io.netty.channel.nio.AbstractNioChannel$AbstractNioUnsafe.finishConnect(AbstractNioChannel.java:340)
	at org.apache.ratis.thirdparty.io.netty.channel.nio.NioEventLoop.processSelectedKey(NioEventLoop.java:632)
	at org.apache.ratis.thirdparty.io.netty.channel.nio.NioEventLoop.processSelectedKeysOptimized(NioEventLoop.java:579)
	at org.apache.ratis.thirdparty.io.netty.channel.nio.NioEventLoop.processSelectedKeys(NioEventLoop.java:496)
	at org.apache.ratis.thirdparty.io.netty.channel.nio.NioEventLoop.run(NioEventLoop.java:458)
	at org.apache.ratis.thirdparty.io.netty.util.concurrent.SingleThreadEventExecutor$5.run(SingleThreadEventExecutor.java:897)
	at org.apache.ratis.thirdparty.io.netty.util.concurrent.FastThreadLocalRunnable.run(FastThreadLocalRunnable.java:30)
	... 1 more
Caused by: java.net.ConnectException: Connection refused
	... 11 more
2019-10-22 00:13:26,767 [2fdb3e93-e0d8-400e-8c33-91e2341b50c6@group-F01152B53F91-LeaderElection283] INFO  impl.LeaderElection (LeaderElection.java:logAndReturn(56)) - 2fdb3e93-e0d8-400e-8c33-91e2341b50c6@group-F01152B53F91-LeaderElection283: Election REJECTED; received 0 response(s) [] and 2 exception(s); 2fdb3e93-e0d8-400e-8c33-91e2341b50c6@group-F01152B53F91:t280, leader=null, voted=2fdb3e93-e0d8-400e-8c33-91e2341b50c6, raftlog=2fdb3e93-e0d8-400e-8c33-91e2341b50c6@group-F01152B53F91-SegmentedRaftLog:OPENED:c-1,f-1,i0, conf=-1: [2fdb3e93-e0d8-400e-8c33-91e2341b50c6:192.168.157.254:43254, 062c71de-08d9-40ee-9309-15590e2e8e68:192.168.157.254:45598, 2a52019e-5647-44e1-bf30-9a43fd8a7377:192.168.157.254:36038], old=null
2019-10-22 00:13:26,767 [2fdb3e93-e0d8-400e-8c33-91e2341b50c6@group-F01152B53F91-LeaderElection283] INFO  impl.LeaderElection (LogUtils.java:infoOrTrace(149)) -   Exception 0: {}
java.util.concurrent.ExecutionException: org.apache.ratis.thirdparty.io.grpc.StatusRuntimeException: UNAVAILABLE: io exception
	at java.util.concurrent.FutureTask.report(FutureTask.java:122)
	at java.util.concurrent.FutureTask.get(FutureTask.java:192)
	at org.apache.ratis.server.impl.LeaderElection.waitForResults(LeaderElection.java:259)
	at org.apache.ratis.server.impl.LeaderElection.askForVotes(LeaderElection.java:197)
	at org.apache.ratis.server.impl.LeaderElection.run(LeaderElection.java:133)
	at java.lang.Thread.run(Thread.java:748)
Caused by: org.apache.ratis.thirdparty.io.grpc.StatusRuntimeException: UNAVAILABLE: io exception
	at org.apache.ratis.thirdparty.io.grpc.stub.ClientCalls.toStatusRuntimeException(ClientCalls.java:233)
	at org.apache.ratis.thirdparty.io.grpc.stub.ClientCalls.getUnchecked(ClientCalls.java:214)
	at org.apache.ratis.thirdparty.io.grpc.stub.ClientCalls.blockingUnaryCall(ClientCalls.java:139)
	at org.apache.ratis.proto.grpc.RaftServerProtocolServiceGrpc$RaftServerProtocolServiceBlockingStub.requestVote(RaftServerProtocolServiceGrpc.java:265)
	at org.apache.ratis.grpc.server.GrpcServerProtocolClient.requestVote(GrpcServerProtocolClient.java:99)
	at org.apache.ratis.grpc.server.GrpcService.requestVote(GrpcService.java:204)
	at org.apache.ratis.server.impl.LeaderElection.lambda$submitRequests$1(LeaderElection.java:234)
	at java.util.concurrent.FutureTask.run(FutureTask.java:266)
	at java.util.concurrent.Executors$RunnableAdapter.call(Executors.java:511)
	at java.util.concurrent.FutureTask.run(FutureTask.java:266)
	at java.util.concurrent.ThreadPoolExecutor.runWorker(ThreadPoolExecutor.java:1149)
	at java.util.concurrent.ThreadPoolExecutor$Worker.run(ThreadPoolExecutor.java:624)
	... 1 more
Caused by: org.apache.ratis.thirdparty.io.netty.channel.AbstractChannel$AnnotatedConnectException: Connection refused: /192.168.157.254:45598
	at sun.nio.ch.SocketChannelImpl.checkConnect(Native Method)
	at sun.nio.ch.SocketChannelImpl.finishConnect(SocketChannelImpl.java:717)
	at org.apache.ratis.thirdparty.io.netty.channel.socket.nio.NioSocketChannel.doFinishConnect(NioSocketChannel.java:327)
	at org.apache.ratis.thirdparty.io.netty.channel.nio.AbstractNioChannel$AbstractNioUnsafe.finishConnect(AbstractNioChannel.java:340)
	at org.apache.ratis.thirdparty.io.netty.channel.nio.NioEventLoop.processSelectedKey(NioEventLoop.java:632)
	at org.apache.ratis.thirdparty.io.netty.channel.nio.NioEventLoop.processSelectedKeysOptimized(NioEventLoop.java:579)
	at org.apache.ratis.thirdparty.io.netty.channel.nio.NioEventLoop.processSelectedKeys(NioEventLoop.java:496)
	at org.apache.ratis.thirdparty.io.netty.channel.nio.NioEventLoop.run(NioEventLoop.java:458)
	at org.apache.ratis.thirdparty.io.netty.util.concurrent.SingleThreadEventExecutor$5.run(SingleThreadEventExecutor.java:897)
	at org.apache.ratis.thirdparty.io.netty.util.concurrent.FastThreadLocalRunnable.run(FastThreadLocalRunnable.java:30)
	... 1 more
Caused by: java.net.ConnectException: Connection refused
	... 11 more
2019-10-22 00:13:26,768 [2fdb3e93-e0d8-400e-8c33-91e2341b50c6@group-F01152B53F91-LeaderElection283] INFO  impl.LeaderElection (LogUtils.java:infoOrTrace(149)) -   Exception 1: {}
java.util.concurrent.ExecutionException: org.apache.ratis.thirdparty.io.grpc.StatusRuntimeException: UNAVAILABLE: io exception
	at java.util.concurrent.FutureTask.report(FutureTask.java:122)
	at java.util.concurrent.FutureTask.get(FutureTask.java:192)
	at org.apache.ratis.server.impl.LeaderElection.waitForResults(LeaderElection.java:259)
	at org.apache.ratis.server.impl.LeaderElection.askForVotes(LeaderElection.java:197)
	at org.apache.ratis.server.impl.LeaderElection.run(LeaderElection.java:133)
	at java.lang.Thread.run(Thread.java:748)
Caused by: org.apache.ratis.thirdparty.io.grpc.StatusRuntimeException: UNAVAILABLE: io exception
	at org.apache.ratis.thirdparty.io.grpc.stub.ClientCalls.toStatusRuntimeException(ClientCalls.java:233)
	at org.apache.ratis.thirdparty.io.grpc.stub.ClientCalls.getUnchecked(ClientCalls.java:214)
	at org.apache.ratis.thirdparty.io.grpc.stub.ClientCalls.blockingUnaryCall(ClientCalls.java:139)
	at org.apache.ratis.proto.grpc.RaftServerProtocolServiceGrpc$RaftServerProtocolServiceBlockingStub.requestVote(RaftServerProtocolServiceGrpc.java:265)
	at org.apache.ratis.grpc.server.GrpcServerProtocolClient.requestVote(GrpcServerProtocolClient.java:99)
	at org.apache.ratis.grpc.server.GrpcService.requestVote(GrpcService.java:204)
	at org.apache.ratis.server.impl.LeaderElection.lambda$submitRequests$1(LeaderElection.java:234)
	at java.util.concurrent.FutureTask.run(FutureTask.java:266)
	at java.util.concurrent.Executors$RunnableAdapter.call(Executors.java:511)
	at java.util.concurrent.FutureTask.run(FutureTask.java:266)
	at java.util.concurrent.ThreadPoolExecutor.runWorker(ThreadPoolExecutor.java:1149)
	at java.util.concurrent.ThreadPoolExecutor$Worker.run(ThreadPoolExecutor.java:624)
	... 1 more
Caused by: org.apache.ratis.thirdparty.io.netty.channel.AbstractChannel$AnnotatedConnectException: Connection refused: /192.168.157.254:36038
	at sun.nio.ch.SocketChannelImpl.checkConnect(Native Method)
	at sun.nio.ch.SocketChannelImpl.finishConnect(SocketChannelImpl.java:717)
	at org.apache.ratis.thirdparty.io.netty.channel.socket.nio.NioSocketChannel.doFinishConnect(NioSocketChannel.java:327)
	at org.apache.ratis.thirdparty.io.netty.channel.nio.AbstractNioChannel$AbstractNioUnsafe.finishConnect(AbstractNioChannel.java:340)
	at org.apache.ratis.thirdparty.io.netty.channel.nio.NioEventLoop.processSelectedKey(NioEventLoop.java:632)
	at org.apache.ratis.thirdparty.io.netty.channel.nio.NioEventLoop.processSelectedKeysOptimized(NioEventLoop.java:579)
	at org.apache.ratis.thirdparty.io.netty.channel.nio.NioEventLoop.processSelectedKeys(NioEventLoop.java:496)
	at org.apache.ratis.thirdparty.io.netty.channel.nio.NioEventLoop.run(NioEventLoop.java:458)
	at org.apache.ratis.thirdparty.io.netty.util.concurrent.SingleThreadEventExecutor$5.run(SingleThreadEventExecutor.java:897)
	at org.apache.ratis.thirdparty.io.netty.util.concurrent.FastThreadLocalRunnable.run(FastThreadLocalRunnable.java:30)
	... 1 more
Caused by: java.net.ConnectException: Connection refused
	... 11 more
2019-10-22 00:13:26,768 [2fdb3e93-e0d8-400e-8c33-91e2341b50c6@group-F01152B53F91-LeaderElection283] INFO  impl.RaftServerImpl (RaftServerImpl.java:setRole(184)) - 2fdb3e93-e0d8-400e-8c33-91e2341b50c6@group-F01152B53F91: changes role from CANDIDATE to FOLLOWER at term 280 for DISCOVERED_A_NEW_TERM
2019-10-22 00:13:26,769 [2fdb3e93-e0d8-400e-8c33-91e2341b50c6@group-F01152B53F91-LeaderElection283] INFO  impl.RoleInfo (RoleInfo.java:shutdownLeaderElection(134)) - 2fdb3e93-e0d8-400e-8c33-91e2341b50c6: shutdown LeaderElection
2019-10-22 00:13:26,769 [2fdb3e93-e0d8-400e-8c33-91e2341b50c6@group-F01152B53F91-LeaderElection283] INFO  impl.RoleInfo (RoleInfo.java:updateAndGet(143)) - 2fdb3e93-e0d8-400e-8c33-91e2341b50c6: start FollowerState
2019-10-22 00:13:26,857 [Thread-2177] INFO  impl.FollowerState (FollowerState.java:run(108)) - 2fdb3e93-e0d8-400e-8c33-91e2341b50c6@group-F01152B53F91-FollowerState: change to CANDIDATE, lastRpcTime:88ms, electionTimeout:88ms
2019-10-22 00:13:26,857 [Thread-2177] INFO  impl.RoleInfo (RoleInfo.java:shutdownFollowerState(121)) - 2fdb3e93-e0d8-400e-8c33-91e2341b50c6: shutdown FollowerState
2019-10-22 00:13:26,857 [Thread-2177] INFO  impl.RaftServerImpl (RaftServerImpl.java:setRole(184)) - 2fdb3e93-e0d8-400e-8c33-91e2341b50c6@group-F01152B53F91: changes role from  FOLLOWER to CANDIDATE at term 280 for changeToCandidate
2019-10-22 00:13:26,858 [Thread-2177] INFO  impl.RoleInfo (RoleInfo.java:updateAndGet(143)) - 2fdb3e93-e0d8-400e-8c33-91e2341b50c6: start LeaderElection
2019-10-22 00:13:26,871 [2fdb3e93-e0d8-400e-8c33-91e2341b50c6@group-F01152B53F91-LeaderElection284] INFO  impl.LeaderElection (LeaderElection.java:askForVotes(178)) - 2fdb3e93-e0d8-400e-8c33-91e2341b50c6@group-F01152B53F91-LeaderElection284: begin an election at term 281 for -1: [2fdb3e93-e0d8-400e-8c33-91e2341b50c6:192.168.157.254:43254, 062c71de-08d9-40ee-9309-15590e2e8e68:192.168.157.254:45598, 2a52019e-5647-44e1-bf30-9a43fd8a7377:192.168.157.254:36038], old=null
2019-10-22 00:13:26,871 [2fdb3e93-e0d8-400e-8c33-91e2341b50c6@group-F01152B53F91-LeaderElection284] INFO  impl.LeaderElection (LogUtils.java:infoOrTrace(149)) - 2fdb3e93-e0d8-400e-8c33-91e2341b50c6@group-F01152B53F91-LeaderElection284 got exception when requesting votes: {}
java.util.concurrent.ExecutionException: org.apache.ratis.thirdparty.io.grpc.StatusRuntimeException: UNAVAILABLE: io exception
	at java.util.concurrent.FutureTask.report(FutureTask.java:122)
	at java.util.concurrent.FutureTask.get(FutureTask.java:192)
	at org.apache.ratis.server.impl.LeaderElection.waitForResults(LeaderElection.java:259)
	at org.apache.ratis.server.impl.LeaderElection.askForVotes(LeaderElection.java:197)
	at org.apache.ratis.server.impl.LeaderElection.run(LeaderElection.java:133)
	at java.lang.Thread.run(Thread.java:748)
Caused by: org.apache.ratis.thirdparty.io.grpc.StatusRuntimeException: UNAVAILABLE: io exception
	at org.apache.ratis.thirdparty.io.grpc.stub.ClientCalls.toStatusRuntimeException(ClientCalls.java:233)
	at org.apache.ratis.thirdparty.io.grpc.stub.ClientCalls.getUnchecked(ClientCalls.java:214)
	at org.apache.ratis.thirdparty.io.grpc.stub.ClientCalls.blockingUnaryCall(ClientCalls.java:139)
	at org.apache.ratis.proto.grpc.RaftServerProtocolServiceGrpc$RaftServerProtocolServiceBlockingStub.requestVote(RaftServerProtocolServiceGrpc.java:265)
	at org.apache.ratis.grpc.server.GrpcServerProtocolClient.requestVote(GrpcServerProtocolClient.java:99)
	at org.apache.ratis.grpc.server.GrpcService.requestVote(GrpcService.java:204)
	at org.apache.ratis.server.impl.LeaderElection.lambda$submitRequests$1(LeaderElection.java:234)
	at java.util.concurrent.FutureTask.run(FutureTask.java:266)
	at java.util.concurrent.Executors$RunnableAdapter.call(Executors.java:511)
	at java.util.concurrent.FutureTask.run(FutureTask.java:266)
	at java.util.concurrent.ThreadPoolExecutor.runWorker(ThreadPoolExecutor.java:1149)
	at java.util.concurrent.ThreadPoolExecutor$Worker.run(ThreadPoolExecutor.java:624)
	... 1 more
Caused by: org.apache.ratis.thirdparty.io.netty.channel.AbstractChannel$AnnotatedConnectException: Connection refused: /192.168.157.254:45598
	at sun.nio.ch.SocketChannelImpl.checkConnect(Native Method)
	at sun.nio.ch.SocketChannelImpl.finishConnect(SocketChannelImpl.java:717)
	at org.apache.ratis.thirdparty.io.netty.channel.socket.nio.NioSocketChannel.doFinishConnect(NioSocketChannel.java:327)
	at org.apache.ratis.thirdparty.io.netty.channel.nio.AbstractNioChannel$AbstractNioUnsafe.finishConnect(AbstractNioChannel.java:340)
	at org.apache.ratis.thirdparty.io.netty.channel.nio.NioEventLoop.processSelectedKey(NioEventLoop.java:632)
	at org.apache.ratis.thirdparty.io.netty.channel.nio.NioEventLoop.processSelectedKeysOptimized(NioEventLoop.java:579)
	at org.apache.ratis.thirdparty.io.netty.channel.nio.NioEventLoop.processSelectedKeys(NioEventLoop.java:496)
	at org.apache.ratis.thirdparty.io.netty.channel.nio.NioEventLoop.run(NioEventLoop.java:458)
	at org.apache.ratis.thirdparty.io.netty.util.concurrent.SingleThreadEventExecutor$5.run(SingleThreadEventExecutor.java:897)
	at org.apache.ratis.thirdparty.io.netty.util.concurrent.FastThreadLocalRunnable.run(FastThreadLocalRunnable.java:30)
	... 1 more
Caused by: java.net.ConnectException: Connection refused
	... 11 more
2019-10-22 00:13:26,872 [2fdb3e93-e0d8-400e-8c33-91e2341b50c6@group-F01152B53F91-LeaderElection284] INFO  impl.LeaderElection (LogUtils.java:infoOrTrace(149)) - 2fdb3e93-e0d8-400e-8c33-91e2341b50c6@group-F01152B53F91-LeaderElection284 got exception when requesting votes: {}
java.util.concurrent.ExecutionException: org.apache.ratis.thirdparty.io.grpc.StatusRuntimeException: UNAVAILABLE: io exception
	at java.util.concurrent.FutureTask.report(FutureTask.java:122)
	at java.util.concurrent.FutureTask.get(FutureTask.java:192)
	at org.apache.ratis.server.impl.LeaderElection.waitForResults(LeaderElection.java:259)
	at org.apache.ratis.server.impl.LeaderElection.askForVotes(LeaderElection.java:197)
	at org.apache.ratis.server.impl.LeaderElection.run(LeaderElection.java:133)
	at java.lang.Thread.run(Thread.java:748)
Caused by: org.apache.ratis.thirdparty.io.grpc.StatusRuntimeException: UNAVAILABLE: io exception
	at org.apache.ratis.thirdparty.io.grpc.stub.ClientCalls.toStatusRuntimeException(ClientCalls.java:233)
	at org.apache.ratis.thirdparty.io.grpc.stub.ClientCalls.getUnchecked(ClientCalls.java:214)
	at org.apache.ratis.thirdparty.io.grpc.stub.ClientCalls.blockingUnaryCall(ClientCalls.java:139)
	at org.apache.ratis.proto.grpc.RaftServerProtocolServiceGrpc$RaftServerProtocolServiceBlockingStub.requestVote(RaftServerProtocolServiceGrpc.java:265)
	at org.apache.ratis.grpc.server.GrpcServerProtocolClient.requestVote(GrpcServerProtocolClient.java:99)
	at org.apache.ratis.grpc.server.GrpcService.requestVote(GrpcService.java:204)
	at org.apache.ratis.server.impl.LeaderElection.lambda$submitRequests$1(LeaderElection.java:234)
	at java.util.concurrent.FutureTask.run(FutureTask.java:266)
	at java.util.concurrent.Executors$RunnableAdapter.call(Executors.java:511)
	at java.util.concurrent.FutureTask.run(FutureTask.java:266)
	at java.util.concurrent.ThreadPoolExecutor.runWorker(ThreadPoolExecutor.java:1149)
	at java.util.concurrent.ThreadPoolExecutor$Worker.run(ThreadPoolExecutor.java:624)
	... 1 more
Caused by: org.apache.ratis.thirdparty.io.netty.channel.AbstractChannel$AnnotatedConnectException: Connection refused: /192.168.157.254:36038
	at sun.nio.ch.SocketChannelImpl.checkConnect(Native Method)
	at sun.nio.ch.SocketChannelImpl.finishConnect(SocketChannelImpl.java:717)
	at org.apache.ratis.thirdparty.io.netty.channel.socket.nio.NioSocketChannel.doFinishConnect(NioSocketChannel.java:327)
	at org.apache.ratis.thirdparty.io.netty.channel.nio.AbstractNioChannel$AbstractNioUnsafe.finishConnect(AbstractNioChannel.java:340)
	at org.apache.ratis.thirdparty.io.netty.channel.nio.NioEventLoop.processSelectedKey(NioEventLoop.java:632)
	at org.apache.ratis.thirdparty.io.netty.channel.nio.NioEventLoop.processSelectedKeysOptimized(NioEventLoop.java:579)
	at org.apache.ratis.thirdparty.io.netty.channel.nio.NioEventLoop.processSelectedKeys(NioEventLoop.java:496)
	at org.apache.ratis.thirdparty.io.netty.channel.nio.NioEventLoop.run(NioEventLoop.java:458)
	at org.apache.ratis.thirdparty.io.netty.util.concurrent.SingleThreadEventExecutor$5.run(SingleThreadEventExecutor.java:897)
	at org.apache.ratis.thirdparty.io.netty.util.concurrent.FastThreadLocalRunnable.run(FastThreadLocalRunnable.java:30)
	... 1 more
Caused by: java.net.ConnectException: Connection refused
	... 11 more
2019-10-22 00:13:26,873 [2fdb3e93-e0d8-400e-8c33-91e2341b50c6@group-F01152B53F91-LeaderElection284] INFO  impl.LeaderElection (LeaderElection.java:logAndReturn(56)) - 2fdb3e93-e0d8-400e-8c33-91e2341b50c6@group-F01152B53F91-LeaderElection284: Election REJECTED; received 0 response(s) [] and 2 exception(s); 2fdb3e93-e0d8-400e-8c33-91e2341b50c6@group-F01152B53F91:t281, leader=null, voted=2fdb3e93-e0d8-400e-8c33-91e2341b50c6, raftlog=2fdb3e93-e0d8-400e-8c33-91e2341b50c6@group-F01152B53F91-SegmentedRaftLog:OPENED:c-1,f-1,i0, conf=-1: [2fdb3e93-e0d8-400e-8c33-91e2341b50c6:192.168.157.254:43254, 062c71de-08d9-40ee-9309-15590e2e8e68:192.168.157.254:45598, 2a52019e-5647-44e1-bf30-9a43fd8a7377:192.168.157.254:36038], old=null
2019-10-22 00:13:26,873 [2fdb3e93-e0d8-400e-8c33-91e2341b50c6@group-F01152B53F91-LeaderElection284] INFO  impl.LeaderElection (LogUtils.java:infoOrTrace(149)) -   Exception 0: {}
java.util.concurrent.ExecutionException: org.apache.ratis.thirdparty.io.grpc.StatusRuntimeException: UNAVAILABLE: io exception
	at java.util.concurrent.FutureTask.report(FutureTask.java:122)
	at java.util.concurrent.FutureTask.get(FutureTask.java:192)
	at org.apache.ratis.server.impl.LeaderElection.waitForResults(LeaderElection.java:259)
	at org.apache.ratis.server.impl.LeaderElection.askForVotes(LeaderElection.java:197)
	at org.apache.ratis.server.impl.LeaderElection.run(LeaderElection.java:133)
	at java.lang.Thread.run(Thread.java:748)
Caused by: org.apache.ratis.thirdparty.io.grpc.StatusRuntimeException: UNAVAILABLE: io exception
	at org.apache.ratis.thirdparty.io.grpc.stub.ClientCalls.toStatusRuntimeException(ClientCalls.java:233)
	at org.apache.ratis.thirdparty.io.grpc.stub.ClientCalls.getUnchecked(ClientCalls.java:214)
	at org.apache.ratis.thirdparty.io.grpc.stub.ClientCalls.blockingUnaryCall(ClientCalls.java:139)
	at org.apache.ratis.proto.grpc.RaftServerProtocolServiceGrpc$RaftServerProtocolServiceBlockingStub.requestVote(RaftServerProtocolServiceGrpc.java:265)
	at org.apache.ratis.grpc.server.GrpcServerProtocolClient.requestVote(GrpcServerProtocolClient.java:99)
	at org.apache.ratis.grpc.server.GrpcService.requestVote(GrpcService.java:204)
	at org.apache.ratis.server.impl.LeaderElection.lambda$submitRequests$1(LeaderElection.java:234)
	at java.util.concurrent.FutureTask.run(FutureTask.java:266)
	at java.util.concurrent.Executors$RunnableAdapter.call(Executors.java:511)
	at java.util.concurrent.FutureTask.run(FutureTask.java:266)
	at java.util.concurrent.ThreadPoolExecutor.runWorker(ThreadPoolExecutor.java:1149)
	at java.util.concurrent.ThreadPoolExecutor$Worker.run(ThreadPoolExecutor.java:624)
	... 1 more
Caused by: org.apache.ratis.thirdparty.io.netty.channel.AbstractChannel$AnnotatedConnectException: Connection refused: /192.168.157.254:45598
	at sun.nio.ch.SocketChannelImpl.checkConnect(Native Method)
	at sun.nio.ch.SocketChannelImpl.finishConnect(SocketChannelImpl.java:717)
	at org.apache.ratis.thirdparty.io.netty.channel.socket.nio.NioSocketChannel.doFinishConnect(NioSocketChannel.java:327)
	at org.apache.ratis.thirdparty.io.netty.channel.nio.AbstractNioChannel$AbstractNioUnsafe.finishConnect(AbstractNioChannel.java:340)
	at org.apache.ratis.thirdparty.io.netty.channel.nio.NioEventLoop.processSelectedKey(NioEventLoop.java:632)
	at org.apache.ratis.thirdparty.io.netty.channel.nio.NioEventLoop.processSelectedKeysOptimized(NioEventLoop.java:579)
	at org.apache.ratis.thirdparty.io.netty.channel.nio.NioEventLoop.processSelectedKeys(NioEventLoop.java:496)
	at org.apache.ratis.thirdparty.io.netty.channel.nio.NioEventLoop.run(NioEventLoop.java:458)
	at org.apache.ratis.thirdparty.io.netty.util.concurrent.SingleThreadEventExecutor$5.run(SingleThreadEventExecutor.java:897)
	at org.apache.ratis.thirdparty.io.netty.util.concurrent.FastThreadLocalRunnable.run(FastThreadLocalRunnable.java:30)
	... 1 more
Caused by: java.net.ConnectException: Connection refused
	... 11 more
2019-10-22 00:13:26,873 [2fdb3e93-e0d8-400e-8c33-91e2341b50c6@group-F01152B53F91-LeaderElection284] INFO  impl.LeaderElection (LogUtils.java:infoOrTrace(149)) -   Exception 1: {}
java.util.concurrent.ExecutionException: org.apache.ratis.thirdparty.io.grpc.StatusRuntimeException: UNAVAILABLE: io exception
	at java.util.concurrent.FutureTask.report(FutureTask.java:122)
	at java.util.concurrent.FutureTask.get(FutureTask.java:192)
	at org.apache.ratis.server.impl.LeaderElection.waitForResults(LeaderElection.java:259)
	at org.apache.ratis.server.impl.LeaderElection.askForVotes(LeaderElection.java:197)
	at org.apache.ratis.server.impl.LeaderElection.run(LeaderElection.java:133)
	at java.lang.Thread.run(Thread.java:748)
Caused by: org.apache.ratis.thirdparty.io.grpc.StatusRuntimeException: UNAVAILABLE: io exception
	at org.apache.ratis.thirdparty.io.grpc.stub.ClientCalls.toStatusRuntimeException(ClientCalls.java:233)
	at org.apache.ratis.thirdparty.io.grpc.stub.ClientCalls.getUnchecked(ClientCalls.java:214)
	at org.apache.ratis.thirdparty.io.grpc.stub.ClientCalls.blockingUnaryCall(ClientCalls.java:139)
	at org.apache.ratis.proto.grpc.RaftServerProtocolServiceGrpc$RaftServerProtocolServiceBlockingStub.requestVote(RaftServerProtocolServiceGrpc.java:265)
	at org.apache.ratis.grpc.server.GrpcServerProtocolClient.requestVote(GrpcServerProtocolClient.java:99)
	at org.apache.ratis.grpc.server.GrpcService.requestVote(GrpcService.java:204)
	at org.apache.ratis.server.impl.LeaderElection.lambda$submitRequests$1(LeaderElection.java:234)
	at java.util.concurrent.FutureTask.run(FutureTask.java:266)
	at java.util.concurrent.Executors$RunnableAdapter.call(Executors.java:511)
	at java.util.concurrent.FutureTask.run(FutureTask.java:266)
	at java.util.concurrent.ThreadPoolExecutor.runWorker(ThreadPoolExecutor.java:1149)
	at java.util.concurrent.ThreadPoolExecutor$Worker.run(ThreadPoolExecutor.java:624)
	... 1 more
Caused by: org.apache.ratis.thirdparty.io.netty.channel.AbstractChannel$AnnotatedConnectException: Connection refused: /192.168.157.254:36038
	at sun.nio.ch.SocketChannelImpl.checkConnect(Native Method)
	at sun.nio.ch.SocketChannelImpl.finishConnect(SocketChannelImpl.java:717)
	at org.apache.ratis.thirdparty.io.netty.channel.socket.nio.NioSocketChannel.doFinishConnect(NioSocketChannel.java:327)
	at org.apache.ratis.thirdparty.io.netty.channel.nio.AbstractNioChannel$AbstractNioUnsafe.finishConnect(AbstractNioChannel.java:340)
	at org.apache.ratis.thirdparty.io.netty.channel.nio.NioEventLoop.processSelectedKey(NioEventLoop.java:632)
	at org.apache.ratis.thirdparty.io.netty.channel.nio.NioEventLoop.processSelectedKeysOptimized(NioEventLoop.java:579)
	at org.apache.ratis.thirdparty.io.netty.channel.nio.NioEventLoop.processSelectedKeys(NioEventLoop.java:496)
	at org.apache.ratis.thirdparty.io.netty.channel.nio.NioEventLoop.run(NioEventLoop.java:458)
	at org.apache.ratis.thirdparty.io.netty.util.concurrent.SingleThreadEventExecutor$5.run(SingleThreadEventExecutor.java:897)
	at org.apache.ratis.thirdparty.io.netty.util.concurrent.FastThreadLocalRunnable.run(FastThreadLocalRunnable.java:30)
	... 1 more
Caused by: java.net.ConnectException: Connection refused
	... 11 more
2019-10-22 00:13:26,874 [2fdb3e93-e0d8-400e-8c33-91e2341b50c6@group-F01152B53F91-LeaderElection284] INFO  impl.RaftServerImpl (RaftServerImpl.java:setRole(184)) - 2fdb3e93-e0d8-400e-8c33-91e2341b50c6@group-F01152B53F91: changes role from CANDIDATE to FOLLOWER at term 281 for DISCOVERED_A_NEW_TERM
2019-10-22 00:13:26,874 [2fdb3e93-e0d8-400e-8c33-91e2341b50c6@group-F01152B53F91-LeaderElection284] INFO  impl.RoleInfo (RoleInfo.java:shutdownLeaderElection(134)) - 2fdb3e93-e0d8-400e-8c33-91e2341b50c6: shutdown LeaderElection
2019-10-22 00:13:26,874 [2fdb3e93-e0d8-400e-8c33-91e2341b50c6@group-F01152B53F91-LeaderElection284] INFO  impl.RoleInfo (RoleInfo.java:updateAndGet(143)) - 2fdb3e93-e0d8-400e-8c33-91e2341b50c6: start FollowerState
2019-10-22 00:13:27,025 [Thread-2181] INFO  impl.FollowerState (FollowerState.java:run(108)) - 2fdb3e93-e0d8-400e-8c33-91e2341b50c6@group-F01152B53F91-FollowerState: change to CANDIDATE, lastRpcTime:151ms, electionTimeout:151ms
2019-10-22 00:13:27,026 [Thread-2181] INFO  impl.RoleInfo (RoleInfo.java:shutdownFollowerState(121)) - 2fdb3e93-e0d8-400e-8c33-91e2341b50c6: shutdown FollowerState
2019-10-22 00:13:27,026 [Thread-2181] INFO  impl.RaftServerImpl (RaftServerImpl.java:setRole(184)) - 2fdb3e93-e0d8-400e-8c33-91e2341b50c6@group-F01152B53F91: changes role from  FOLLOWER to CANDIDATE at term 281 for changeToCandidate
2019-10-22 00:13:27,026 [Thread-2181] INFO  impl.RoleInfo (RoleInfo.java:updateAndGet(143)) - 2fdb3e93-e0d8-400e-8c33-91e2341b50c6: start LeaderElection
2019-10-22 00:13:27,039 [2fdb3e93-e0d8-400e-8c33-91e2341b50c6@group-F01152B53F91-LeaderElection285] INFO  impl.LeaderElection (LeaderElection.java:askForVotes(178)) - 2fdb3e93-e0d8-400e-8c33-91e2341b50c6@group-F01152B53F91-LeaderElection285: begin an election at term 282 for -1: [2fdb3e93-e0d8-400e-8c33-91e2341b50c6:192.168.157.254:43254, 062c71de-08d9-40ee-9309-15590e2e8e68:192.168.157.254:45598, 2a52019e-5647-44e1-bf30-9a43fd8a7377:192.168.157.254:36038], old=null
2019-10-22 00:13:27,040 [2fdb3e93-e0d8-400e-8c33-91e2341b50c6@group-F01152B53F91-LeaderElection285] INFO  impl.LeaderElection (LogUtils.java:infoOrTrace(149)) - 2fdb3e93-e0d8-400e-8c33-91e2341b50c6@group-F01152B53F91-LeaderElection285 got exception when requesting votes: {}
java.util.concurrent.ExecutionException: org.apache.ratis.thirdparty.io.grpc.StatusRuntimeException: UNAVAILABLE: io exception
	at java.util.concurrent.FutureTask.report(FutureTask.java:122)
	at java.util.concurrent.FutureTask.get(FutureTask.java:192)
	at org.apache.ratis.server.impl.LeaderElection.waitForResults(LeaderElection.java:259)
	at org.apache.ratis.server.impl.LeaderElection.askForVotes(LeaderElection.java:197)
	at org.apache.ratis.server.impl.LeaderElection.run(LeaderElection.java:133)
	at java.lang.Thread.run(Thread.java:748)
Caused by: org.apache.ratis.thirdparty.io.grpc.StatusRuntimeException: UNAVAILABLE: io exception
	at org.apache.ratis.thirdparty.io.grpc.stub.ClientCalls.toStatusRuntimeException(ClientCalls.java:233)
	at org.apache.ratis.thirdparty.io.grpc.stub.ClientCalls.getUnchecked(ClientCalls.java:214)
	at org.apache.ratis.thirdparty.io.grpc.stub.ClientCalls.blockingUnaryCall(ClientCalls.java:139)
	at org.apache.ratis.proto.grpc.RaftServerProtocolServiceGrpc$RaftServerProtocolServiceBlockingStub.requestVote(RaftServerProtocolServiceGrpc.java:265)
	at org.apache.ratis.grpc.server.GrpcServerProtocolClient.requestVote(GrpcServerProtocolClient.java:99)
	at org.apache.ratis.grpc.server.GrpcService.requestVote(GrpcService.java:204)
	at org.apache.ratis.server.impl.LeaderElection.lambda$submitRequests$1(LeaderElection.java:234)
	at java.util.concurrent.FutureTask.run(FutureTask.java:266)
	at java.util.concurrent.Executors$RunnableAdapter.call(Executors.java:511)
	at java.util.concurrent.FutureTask.run(FutureTask.java:266)
	at java.util.concurrent.ThreadPoolExecutor.runWorker(ThreadPoolExecutor.java:1149)
	at java.util.concurrent.ThreadPoolExecutor$Worker.run(ThreadPoolExecutor.java:624)
	... 1 more
Caused by: org.apache.ratis.thirdparty.io.netty.channel.AbstractChannel$AnnotatedConnectException: Connection refused: /192.168.157.254:45598
	at sun.nio.ch.SocketChannelImpl.checkConnect(Native Method)
	at sun.nio.ch.SocketChannelImpl.finishConnect(SocketChannelImpl.java:717)
	at org.apache.ratis.thirdparty.io.netty.channel.socket.nio.NioSocketChannel.doFinishConnect(NioSocketChannel.java:327)
	at org.apache.ratis.thirdparty.io.netty.channel.nio.AbstractNioChannel$AbstractNioUnsafe.finishConnect(AbstractNioChannel.java:340)
	at org.apache.ratis.thirdparty.io.netty.channel.nio.NioEventLoop.processSelectedKey(NioEventLoop.java:632)
	at org.apache.ratis.thirdparty.io.netty.channel.nio.NioEventLoop.processSelectedKeysOptimized(NioEventLoop.java:579)
	at org.apache.ratis.thirdparty.io.netty.channel.nio.NioEventLoop.processSelectedKeys(NioEventLoop.java:496)
	at org.apache.ratis.thirdparty.io.netty.channel.nio.NioEventLoop.run(NioEventLoop.java:458)
	at org.apache.ratis.thirdparty.io.netty.util.concurrent.SingleThreadEventExecutor$5.run(SingleThreadEventExecutor.java:897)
	at org.apache.ratis.thirdparty.io.netty.util.concurrent.FastThreadLocalRunnable.run(FastThreadLocalRunnable.java:30)
	... 1 more
Caused by: java.net.ConnectException: Connection refused
	... 11 more
2019-10-22 00:13:27,041 [2fdb3e93-e0d8-400e-8c33-91e2341b50c6@group-F01152B53F91-LeaderElection285] INFO  impl.LeaderElection (LogUtils.java:infoOrTrace(149)) - 2fdb3e93-e0d8-400e-8c33-91e2341b50c6@group-F01152B53F91-LeaderElection285 got exception when requesting votes: {}
java.util.concurrent.ExecutionException: org.apache.ratis.thirdparty.io.grpc.StatusRuntimeException: UNAVAILABLE: io exception
	at java.util.concurrent.FutureTask.report(FutureTask.java:122)
	at java.util.concurrent.FutureTask.get(FutureTask.java:192)
	at org.apache.ratis.server.impl.LeaderElection.waitForResults(LeaderElection.java:259)
	at org.apache.ratis.server.impl.LeaderElection.askForVotes(LeaderElection.java:197)
	at org.apache.ratis.server.impl.LeaderElection.run(LeaderElection.java:133)
	at java.lang.Thread.run(Thread.java:748)
Caused by: org.apache.ratis.thirdparty.io.grpc.StatusRuntimeException: UNAVAILABLE: io exception
	at org.apache.ratis.thirdparty.io.grpc.stub.ClientCalls.toStatusRuntimeException(ClientCalls.java:233)
	at org.apache.ratis.thirdparty.io.grpc.stub.ClientCalls.getUnchecked(ClientCalls.java:214)
	at org.apache.ratis.thirdparty.io.grpc.stub.ClientCalls.blockingUnaryCall(ClientCalls.java:139)
	at org.apache.ratis.proto.grpc.RaftServerProtocolServiceGrpc$RaftServerProtocolServiceBlockingStub.requestVote(RaftServerProtocolServiceGrpc.java:265)
	at org.apache.ratis.grpc.server.GrpcServerProtocolClient.requestVote(GrpcServerProtocolClient.java:99)
	at org.apache.ratis.grpc.server.GrpcService.requestVote(GrpcService.java:204)
	at org.apache.ratis.server.impl.LeaderElection.lambda$submitRequests$1(LeaderElection.java:234)
	at java.util.concurrent.FutureTask.run(FutureTask.java:266)
	at java.util.concurrent.Executors$RunnableAdapter.call(Executors.java:511)
	at java.util.concurrent.FutureTask.run(FutureTask.java:266)
	at java.util.concurrent.ThreadPoolExecutor.runWorker(ThreadPoolExecutor.java:1149)
	at java.util.concurrent.ThreadPoolExecutor$Worker.run(ThreadPoolExecutor.java:624)
	... 1 more
Caused by: org.apache.ratis.thirdparty.io.netty.channel.AbstractChannel$AnnotatedConnectException: Connection refused: /192.168.157.254:36038
	at sun.nio.ch.SocketChannelImpl.checkConnect(Native Method)
	at sun.nio.ch.SocketChannelImpl.finishConnect(SocketChannelImpl.java:717)
	at org.apache.ratis.thirdparty.io.netty.channel.socket.nio.NioSocketChannel.doFinishConnect(NioSocketChannel.java:327)
	at org.apache.ratis.thirdparty.io.netty.channel.nio.AbstractNioChannel$AbstractNioUnsafe.finishConnect(AbstractNioChannel.java:340)
	at org.apache.ratis.thirdparty.io.netty.channel.nio.NioEventLoop.processSelectedKey(NioEventLoop.java:632)
	at org.apache.ratis.thirdparty.io.netty.channel.nio.NioEventLoop.processSelectedKeysOptimized(NioEventLoop.java:579)
	at org.apache.ratis.thirdparty.io.netty.channel.nio.NioEventLoop.processSelectedKeys(NioEventLoop.java:496)
	at org.apache.ratis.thirdparty.io.netty.channel.nio.NioEventLoop.run(NioEventLoop.java:458)
	at org.apache.ratis.thirdparty.io.netty.util.concurrent.SingleThreadEventExecutor$5.run(SingleThreadEventExecutor.java:897)
	at org.apache.ratis.thirdparty.io.netty.util.concurrent.FastThreadLocalRunnable.run(FastThreadLocalRunnable.java:30)
	... 1 more
Caused by: java.net.ConnectException: Connection refused
	... 11 more
2019-10-22 00:13:27,042 [2fdb3e93-e0d8-400e-8c33-91e2341b50c6@group-F01152B53F91-LeaderElection285] INFO  impl.LeaderElection (LeaderElection.java:logAndReturn(56)) - 2fdb3e93-e0d8-400e-8c33-91e2341b50c6@group-F01152B53F91-LeaderElection285: Election REJECTED; received 0 response(s) [] and 2 exception(s); 2fdb3e93-e0d8-400e-8c33-91e2341b50c6@group-F01152B53F91:t282, leader=null, voted=2fdb3e93-e0d8-400e-8c33-91e2341b50c6, raftlog=2fdb3e93-e0d8-400e-8c33-91e2341b50c6@group-F01152B53F91-SegmentedRaftLog:OPENED:c-1,f-1,i0, conf=-1: [2fdb3e93-e0d8-400e-8c33-91e2341b50c6:192.168.157.254:43254, 062c71de-08d9-40ee-9309-15590e2e8e68:192.168.157.254:45598, 2a52019e-5647-44e1-bf30-9a43fd8a7377:192.168.157.254:36038], old=null
2019-10-22 00:13:27,042 [2fdb3e93-e0d8-400e-8c33-91e2341b50c6@group-F01152B53F91-LeaderElection285] INFO  impl.LeaderElection (LogUtils.java:infoOrTrace(149)) -   Exception 0: {}
java.util.concurrent.ExecutionException: org.apache.ratis.thirdparty.io.grpc.StatusRuntimeException: UNAVAILABLE: io exception
	at java.util.concurrent.FutureTask.report(FutureTask.java:122)
	at java.util.concurrent.FutureTask.get(FutureTask.java:192)
	at org.apache.ratis.server.impl.LeaderElection.waitForResults(LeaderElection.java:259)
	at org.apache.ratis.server.impl.LeaderElection.askForVotes(LeaderElection.java:197)
	at org.apache.ratis.server.impl.LeaderElection.run(LeaderElection.java:133)
	at java.lang.Thread.run(Thread.java:748)
Caused by: org.apache.ratis.thirdparty.io.grpc.StatusRuntimeException: UNAVAILABLE: io exception
	at org.apache.ratis.thirdparty.io.grpc.stub.ClientCalls.toStatusRuntimeException(ClientCalls.java:233)
	at org.apache.ratis.thirdparty.io.grpc.stub.ClientCalls.getUnchecked(ClientCalls.java:214)
	at org.apache.ratis.thirdparty.io.grpc.stub.ClientCalls.blockingUnaryCall(ClientCalls.java:139)
	at org.apache.ratis.proto.grpc.RaftServerProtocolServiceGrpc$RaftServerProtocolServiceBlockingStub.requestVote(RaftServerProtocolServiceGrpc.java:265)
	at org.apache.ratis.grpc.server.GrpcServerProtocolClient.requestVote(GrpcServerProtocolClient.java:99)
	at org.apache.ratis.grpc.server.GrpcService.requestVote(GrpcService.java:204)
	at org.apache.ratis.server.impl.LeaderElection.lambda$submitRequests$1(LeaderElection.java:234)
	at java.util.concurrent.FutureTask.run(FutureTask.java:266)
	at java.util.concurrent.Executors$RunnableAdapter.call(Executors.java:511)
	at java.util.concurrent.FutureTask.run(FutureTask.java:266)
	at java.util.concurrent.ThreadPoolExecutor.runWorker(ThreadPoolExecutor.java:1149)
	at java.util.concurrent.ThreadPoolExecutor$Worker.run(ThreadPoolExecutor.java:624)
	... 1 more
Caused by: org.apache.ratis.thirdparty.io.netty.channel.AbstractChannel$AnnotatedConnectException: Connection refused: /192.168.157.254:45598
	at sun.nio.ch.SocketChannelImpl.checkConnect(Native Method)
	at sun.nio.ch.SocketChannelImpl.finishConnect(SocketChannelImpl.java:717)
	at org.apache.ratis.thirdparty.io.netty.channel.socket.nio.NioSocketChannel.doFinishConnect(NioSocketChannel.java:327)
	at org.apache.ratis.thirdparty.io.netty.channel.nio.AbstractNioChannel$AbstractNioUnsafe.finishConnect(AbstractNioChannel.java:340)
	at org.apache.ratis.thirdparty.io.netty.channel.nio.NioEventLoop.processSelectedKey(NioEventLoop.java:632)
	at org.apache.ratis.thirdparty.io.netty.channel.nio.NioEventLoop.processSelectedKeysOptimized(NioEventLoop.java:579)
	at org.apache.ratis.thirdparty.io.netty.channel.nio.NioEventLoop.processSelectedKeys(NioEventLoop.java:496)
	at org.apache.ratis.thirdparty.io.netty.channel.nio.NioEventLoop.run(NioEventLoop.java:458)
	at org.apache.ratis.thirdparty.io.netty.util.concurrent.SingleThreadEventExecutor$5.run(SingleThreadEventExecutor.java:897)
	at org.apache.ratis.thirdparty.io.netty.util.concurrent.FastThreadLocalRunnable.run(FastThreadLocalRunnable.java:30)
	... 1 more
Caused by: java.net.ConnectException: Connection refused
	... 11 more
2019-10-22 00:13:27,042 [2fdb3e93-e0d8-400e-8c33-91e2341b50c6@group-F01152B53F91-LeaderElection285] INFO  impl.LeaderElection (LogUtils.java:infoOrTrace(149)) -   Exception 1: {}
java.util.concurrent.ExecutionException: org.apache.ratis.thirdparty.io.grpc.StatusRuntimeException: UNAVAILABLE: io exception
	at java.util.concurrent.FutureTask.report(FutureTask.java:122)
	at java.util.concurrent.FutureTask.get(FutureTask.java:192)
	at org.apache.ratis.server.impl.LeaderElection.waitForResults(LeaderElection.java:259)
	at org.apache.ratis.server.impl.LeaderElection.askForVotes(LeaderElection.java:197)
	at org.apache.ratis.server.impl.LeaderElection.run(LeaderElection.java:133)
	at java.lang.Thread.run(Thread.java:748)
Caused by: org.apache.ratis.thirdparty.io.grpc.StatusRuntimeException: UNAVAILABLE: io exception
	at org.apache.ratis.thirdparty.io.grpc.stub.ClientCalls.toStatusRuntimeException(ClientCalls.java:233)
	at org.apache.ratis.thirdparty.io.grpc.stub.ClientCalls.getUnchecked(ClientCalls.java:214)
	at org.apache.ratis.thirdparty.io.grpc.stub.ClientCalls.blockingUnaryCall(ClientCalls.java:139)
	at org.apache.ratis.proto.grpc.RaftServerProtocolServiceGrpc$RaftServerProtocolServiceBlockingStub.requestVote(RaftServerProtocolServiceGrpc.java:265)
	at org.apache.ratis.grpc.server.GrpcServerProtocolClient.requestVote(GrpcServerProtocolClient.java:99)
	at org.apache.ratis.grpc.server.GrpcService.requestVote(GrpcService.java:204)
	at org.apache.ratis.server.impl.LeaderElection.lambda$submitRequests$1(LeaderElection.java:234)
	at java.util.concurrent.FutureTask.run(FutureTask.java:266)
	at java.util.concurrent.Executors$RunnableAdapter.call(Executors.java:511)
	at java.util.concurrent.FutureTask.run(FutureTask.java:266)
	at java.util.concurrent.ThreadPoolExecutor.runWorker(ThreadPoolExecutor.java:1149)
	at java.util.concurrent.ThreadPoolExecutor$Worker.run(ThreadPoolExecutor.java:624)
	... 1 more
Caused by: org.apache.ratis.thirdparty.io.netty.channel.AbstractChannel$AnnotatedConnectException: Connection refused: /192.168.157.254:36038
	at sun.nio.ch.SocketChannelImpl.checkConnect(Native Method)
	at sun.nio.ch.SocketChannelImpl.finishConnect(SocketChannelImpl.java:717)
	at org.apache.ratis.thirdparty.io.netty.channel.socket.nio.NioSocketChannel.doFinishConnect(NioSocketChannel.java:327)
	at org.apache.ratis.thirdparty.io.netty.channel.nio.AbstractNioChannel$AbstractNioUnsafe.finishConnect(AbstractNioChannel.java:340)
	at org.apache.ratis.thirdparty.io.netty.channel.nio.NioEventLoop.processSelectedKey(NioEventLoop.java:632)
	at org.apache.ratis.thirdparty.io.netty.channel.nio.NioEventLoop.processSelectedKeysOptimized(NioEventLoop.java:579)
	at org.apache.ratis.thirdparty.io.netty.channel.nio.NioEventLoop.processSelectedKeys(NioEventLoop.java:496)
	at org.apache.ratis.thirdparty.io.netty.channel.nio.NioEventLoop.run(NioEventLoop.java:458)
	at org.apache.ratis.thirdparty.io.netty.util.concurrent.SingleThreadEventExecutor$5.run(SingleThreadEventExecutor.java:897)
	at org.apache.ratis.thirdparty.io.netty.util.concurrent.FastThreadLocalRunnable.run(FastThreadLocalRunnable.java:30)
	... 1 more
Caused by: java.net.ConnectException: Connection refused
	... 11 more
2019-10-22 00:13:27,043 [2fdb3e93-e0d8-400e-8c33-91e2341b50c6@group-F01152B53F91-LeaderElection285] INFO  impl.RaftServerImpl (RaftServerImpl.java:setRole(184)) - 2fdb3e93-e0d8-400e-8c33-91e2341b50c6@group-F01152B53F91: changes role from CANDIDATE to FOLLOWER at term 282 for DISCOVERED_A_NEW_TERM
2019-10-22 00:13:27,043 [2fdb3e93-e0d8-400e-8c33-91e2341b50c6@group-F01152B53F91-LeaderElection285] INFO  impl.RoleInfo (RoleInfo.java:shutdownLeaderElection(134)) - 2fdb3e93-e0d8-400e-8c33-91e2341b50c6: shutdown LeaderElection
2019-10-22 00:13:27,043 [2fdb3e93-e0d8-400e-8c33-91e2341b50c6@group-F01152B53F91-LeaderElection285] INFO  impl.RoleInfo (RoleInfo.java:updateAndGet(143)) - 2fdb3e93-e0d8-400e-8c33-91e2341b50c6: start FollowerState
2019-10-22 00:13:27,049 [Thread-2185] INFO  impl.FollowerState (FollowerState.java:run(108)) - 2fdb3e93-e0d8-400e-8c33-91e2341b50c6@group-F01152B53F91-FollowerState: change to CANDIDATE, lastRpcTime:5ms, electionTimeout:5ms
2019-10-22 00:13:27,049 [Thread-2185] INFO  impl.RoleInfo (RoleInfo.java:shutdownFollowerState(121)) - 2fdb3e93-e0d8-400e-8c33-91e2341b50c6: shutdown FollowerState
2019-10-22 00:13:27,049 [Thread-2185] INFO  impl.RaftServerImpl (RaftServerImpl.java:setRole(184)) - 2fdb3e93-e0d8-400e-8c33-91e2341b50c6@group-F01152B53F91: changes role from  FOLLOWER to CANDIDATE at term 282 for changeToCandidate
2019-10-22 00:13:27,049 [Thread-2185] INFO  impl.RoleInfo (RoleInfo.java:updateAndGet(143)) - 2fdb3e93-e0d8-400e-8c33-91e2341b50c6: start LeaderElection
2019-10-22 00:13:27,066 [2fdb3e93-e0d8-400e-8c33-91e2341b50c6@group-F01152B53F91-LeaderElection286] INFO  impl.LeaderElection (LeaderElection.java:askForVotes(178)) - 2fdb3e93-e0d8-400e-8c33-91e2341b50c6@group-F01152B53F91-LeaderElection286: begin an election at term 283 for -1: [2fdb3e93-e0d8-400e-8c33-91e2341b50c6:192.168.157.254:43254, 062c71de-08d9-40ee-9309-15590e2e8e68:192.168.157.254:45598, 2a52019e-5647-44e1-bf30-9a43fd8a7377:192.168.157.254:36038], old=null
2019-10-22 00:13:27,067 [2fdb3e93-e0d8-400e-8c33-91e2341b50c6@group-F01152B53F91-LeaderElection286] INFO  impl.LeaderElection (LogUtils.java:infoOrTrace(149)) - 2fdb3e93-e0d8-400e-8c33-91e2341b50c6@group-F01152B53F91-LeaderElection286 got exception when requesting votes: {}
java.util.concurrent.ExecutionException: org.apache.ratis.thirdparty.io.grpc.StatusRuntimeException: UNAVAILABLE: io exception
	at java.util.concurrent.FutureTask.report(FutureTask.java:122)
	at java.util.concurrent.FutureTask.get(FutureTask.java:192)
	at org.apache.ratis.server.impl.LeaderElection.waitForResults(LeaderElection.java:259)
	at org.apache.ratis.server.impl.LeaderElection.askForVotes(LeaderElection.java:197)
	at org.apache.ratis.server.impl.LeaderElection.run(LeaderElection.java:133)
	at java.lang.Thread.run(Thread.java:748)
Caused by: org.apache.ratis.thirdparty.io.grpc.StatusRuntimeException: UNAVAILABLE: io exception
	at org.apache.ratis.thirdparty.io.grpc.stub.ClientCalls.toStatusRuntimeException(ClientCalls.java:233)
	at org.apache.ratis.thirdparty.io.grpc.stub.ClientCalls.getUnchecked(ClientCalls.java:214)
	at org.apache.ratis.thirdparty.io.grpc.stub.ClientCalls.blockingUnaryCall(ClientCalls.java:139)
	at org.apache.ratis.proto.grpc.RaftServerProtocolServiceGrpc$RaftServerProtocolServiceBlockingStub.requestVote(RaftServerProtocolServiceGrpc.java:265)
	at org.apache.ratis.grpc.server.GrpcServerProtocolClient.requestVote(GrpcServerProtocolClient.java:99)
	at org.apache.ratis.grpc.server.GrpcService.requestVote(GrpcService.java:204)
	at org.apache.ratis.server.impl.LeaderElection.lambda$submitRequests$1(LeaderElection.java:234)
	at java.util.concurrent.FutureTask.run(FutureTask.java:266)
	at java.util.concurrent.Executors$RunnableAdapter.call(Executors.java:511)
	at java.util.concurrent.FutureTask.run(FutureTask.java:266)
	at java.util.concurrent.ThreadPoolExecutor.runWorker(ThreadPoolExecutor.java:1149)
	at java.util.concurrent.ThreadPoolExecutor$Worker.run(ThreadPoolExecutor.java:624)
	... 1 more
Caused by: org.apache.ratis.thirdparty.io.netty.channel.AbstractChannel$AnnotatedConnectException: Connection refused: /192.168.157.254:45598
	at sun.nio.ch.SocketChannelImpl.checkConnect(Native Method)
	at sun.nio.ch.SocketChannelImpl.finishConnect(SocketChannelImpl.java:717)
	at org.apache.ratis.thirdparty.io.netty.channel.socket.nio.NioSocketChannel.doFinishConnect(NioSocketChannel.java:327)
	at org.apache.ratis.thirdparty.io.netty.channel.nio.AbstractNioChannel$AbstractNioUnsafe.finishConnect(AbstractNioChannel.java:340)
	at org.apache.ratis.thirdparty.io.netty.channel.nio.NioEventLoop.processSelectedKey(NioEventLoop.java:632)
	at org.apache.ratis.thirdparty.io.netty.channel.nio.NioEventLoop.processSelectedKeysOptimized(NioEventLoop.java:579)
	at org.apache.ratis.thirdparty.io.netty.channel.nio.NioEventLoop.processSelectedKeys(NioEventLoop.java:496)
	at org.apache.ratis.thirdparty.io.netty.channel.nio.NioEventLoop.run(NioEventLoop.java:458)
	at org.apache.ratis.thirdparty.io.netty.util.concurrent.SingleThreadEventExecutor$5.run(SingleThreadEventExecutor.java:897)
	at org.apache.ratis.thirdparty.io.netty.util.concurrent.FastThreadLocalRunnable.run(FastThreadLocalRunnable.java:30)
	... 1 more
Caused by: java.net.ConnectException: Connection refused
	... 11 more
2019-10-22 00:13:27,068 [2fdb3e93-e0d8-400e-8c33-91e2341b50c6@group-F01152B53F91-LeaderElection286] INFO  impl.LeaderElection (LogUtils.java:infoOrTrace(149)) - 2fdb3e93-e0d8-400e-8c33-91e2341b50c6@group-F01152B53F91-LeaderElection286 got exception when requesting votes: {}
java.util.concurrent.ExecutionException: org.apache.ratis.thirdparty.io.grpc.StatusRuntimeException: UNAVAILABLE: io exception
	at java.util.concurrent.FutureTask.report(FutureTask.java:122)
	at java.util.concurrent.FutureTask.get(FutureTask.java:192)
	at org.apache.ratis.server.impl.LeaderElection.waitForResults(LeaderElection.java:259)
	at org.apache.ratis.server.impl.LeaderElection.askForVotes(LeaderElection.java:197)
	at org.apache.ratis.server.impl.LeaderElection.run(LeaderElection.java:133)
	at java.lang.Thread.run(Thread.java:748)
Caused by: org.apache.ratis.thirdparty.io.grpc.StatusRuntimeException: UNAVAILABLE: io exception
	at org.apache.ratis.thirdparty.io.grpc.stub.ClientCalls.toStatusRuntimeException(ClientCalls.java:233)
	at org.apache.ratis.thirdparty.io.grpc.stub.ClientCalls.getUnchecked(ClientCalls.java:214)
	at org.apache.ratis.thirdparty.io.grpc.stub.ClientCalls.blockingUnaryCall(ClientCalls.java:139)
	at org.apache.ratis.proto.grpc.RaftServerProtocolServiceGrpc$RaftServerProtocolServiceBlockingStub.requestVote(RaftServerProtocolServiceGrpc.java:265)
	at org.apache.ratis.grpc.server.GrpcServerProtocolClient.requestVote(GrpcServerProtocolClient.java:99)
	at org.apache.ratis.grpc.server.GrpcService.requestVote(GrpcService.java:204)
	at org.apache.ratis.server.impl.LeaderElection.lambda$submitRequests$1(LeaderElection.java:234)
	at java.util.concurrent.FutureTask.run(FutureTask.java:266)
	at java.util.concurrent.Executors$RunnableAdapter.call(Executors.java:511)
	at java.util.concurrent.FutureTask.run(FutureTask.java:266)
	at java.util.concurrent.ThreadPoolExecutor.runWorker(ThreadPoolExecutor.java:1149)
	at java.util.concurrent.ThreadPoolExecutor$Worker.run(ThreadPoolExecutor.java:624)
	... 1 more
Caused by: org.apache.ratis.thirdparty.io.netty.channel.AbstractChannel$AnnotatedConnectException: Connection refused: /192.168.157.254:36038
	at sun.nio.ch.SocketChannelImpl.checkConnect(Native Method)
	at sun.nio.ch.SocketChannelImpl.finishConnect(SocketChannelImpl.java:717)
	at org.apache.ratis.thirdparty.io.netty.channel.socket.nio.NioSocketChannel.doFinishConnect(NioSocketChannel.java:327)
	at org.apache.ratis.thirdparty.io.netty.channel.nio.AbstractNioChannel$AbstractNioUnsafe.finishConnect(AbstractNioChannel.java:340)
	at org.apache.ratis.thirdparty.io.netty.channel.nio.NioEventLoop.processSelectedKey(NioEventLoop.java:632)
	at org.apache.ratis.thirdparty.io.netty.channel.nio.NioEventLoop.processSelectedKeysOptimized(NioEventLoop.java:579)
	at org.apache.ratis.thirdparty.io.netty.channel.nio.NioEventLoop.processSelectedKeys(NioEventLoop.java:496)
	at org.apache.ratis.thirdparty.io.netty.channel.nio.NioEventLoop.run(NioEventLoop.java:458)
	at org.apache.ratis.thirdparty.io.netty.util.concurrent.SingleThreadEventExecutor$5.run(SingleThreadEventExecutor.java:897)
	at org.apache.ratis.thirdparty.io.netty.util.concurrent.FastThreadLocalRunnable.run(FastThreadLocalRunnable.java:30)
	... 1 more
Caused by: java.net.ConnectException: Connection refused
	... 11 more
2019-10-22 00:13:27,068 [2fdb3e93-e0d8-400e-8c33-91e2341b50c6@group-F01152B53F91-LeaderElection286] INFO  impl.LeaderElection (LeaderElection.java:logAndReturn(56)) - 2fdb3e93-e0d8-400e-8c33-91e2341b50c6@group-F01152B53F91-LeaderElection286: Election REJECTED; received 0 response(s) [] and 2 exception(s); 2fdb3e93-e0d8-400e-8c33-91e2341b50c6@group-F01152B53F91:t283, leader=null, voted=2fdb3e93-e0d8-400e-8c33-91e2341b50c6, raftlog=2fdb3e93-e0d8-400e-8c33-91e2341b50c6@group-F01152B53F91-SegmentedRaftLog:OPENED:c-1,f-1,i0, conf=-1: [2fdb3e93-e0d8-400e-8c33-91e2341b50c6:192.168.157.254:43254, 062c71de-08d9-40ee-9309-15590e2e8e68:192.168.157.254:45598, 2a52019e-5647-44e1-bf30-9a43fd8a7377:192.168.157.254:36038], old=null
2019-10-22 00:13:27,068 [2fdb3e93-e0d8-400e-8c33-91e2341b50c6@group-F01152B53F91-LeaderElection286] INFO  impl.LeaderElection (LogUtils.java:infoOrTrace(149)) -   Exception 0: {}
java.util.concurrent.ExecutionException: org.apache.ratis.thirdparty.io.grpc.StatusRuntimeException: UNAVAILABLE: io exception
	at java.util.concurrent.FutureTask.report(FutureTask.java:122)
	at java.util.concurrent.FutureTask.get(FutureTask.java:192)
	at org.apache.ratis.server.impl.LeaderElection.waitForResults(LeaderElection.java:259)
	at org.apache.ratis.server.impl.LeaderElection.askForVotes(LeaderElection.java:197)
	at org.apache.ratis.server.impl.LeaderElection.run(LeaderElection.java:133)
	at java.lang.Thread.run(Thread.java:748)
Caused by: org.apache.ratis.thirdparty.io.grpc.StatusRuntimeException: UNAVAILABLE: io exception
	at org.apache.ratis.thirdparty.io.grpc.stub.ClientCalls.toStatusRuntimeException(ClientCalls.java:233)
	at org.apache.ratis.thirdparty.io.grpc.stub.ClientCalls.getUnchecked(ClientCalls.java:214)
	at org.apache.ratis.thirdparty.io.grpc.stub.ClientCalls.blockingUnaryCall(ClientCalls.java:139)
	at org.apache.ratis.proto.grpc.RaftServerProtocolServiceGrpc$RaftServerProtocolServiceBlockingStub.requestVote(RaftServerProtocolServiceGrpc.java:265)
	at org.apache.ratis.grpc.server.GrpcServerProtocolClient.requestVote(GrpcServerProtocolClient.java:99)
	at org.apache.ratis.grpc.server.GrpcService.requestVote(GrpcService.java:204)
	at org.apache.ratis.server.impl.LeaderElection.lambda$submitRequests$1(LeaderElection.java:234)
	at java.util.concurrent.FutureTask.run(FutureTask.java:266)
	at java.util.concurrent.Executors$RunnableAdapter.call(Executors.java:511)
	at java.util.concurrent.FutureTask.run(FutureTask.java:266)
	at java.util.concurrent.ThreadPoolExecutor.runWorker(ThreadPoolExecutor.java:1149)
	at java.util.concurrent.ThreadPoolExecutor$Worker.run(ThreadPoolExecutor.java:624)
	... 1 more
Caused by: org.apache.ratis.thirdparty.io.netty.channel.AbstractChannel$AnnotatedConnectException: Connection refused: /192.168.157.254:45598
	at sun.nio.ch.SocketChannelImpl.checkConnect(Native Method)
	at sun.nio.ch.SocketChannelImpl.finishConnect(SocketChannelImpl.java:717)
	at org.apache.ratis.thirdparty.io.netty.channel.socket.nio.NioSocketChannel.doFinishConnect(NioSocketChannel.java:327)
	at org.apache.ratis.thirdparty.io.netty.channel.nio.AbstractNioChannel$AbstractNioUnsafe.finishConnect(AbstractNioChannel.java:340)
	at org.apache.ratis.thirdparty.io.netty.channel.nio.NioEventLoop.processSelectedKey(NioEventLoop.java:632)
	at org.apache.ratis.thirdparty.io.netty.channel.nio.NioEventLoop.processSelectedKeysOptimized(NioEventLoop.java:579)
	at org.apache.ratis.thirdparty.io.netty.channel.nio.NioEventLoop.processSelectedKeys(NioEventLoop.java:496)
	at org.apache.ratis.thirdparty.io.netty.channel.nio.NioEventLoop.run(NioEventLoop.java:458)
	at org.apache.ratis.thirdparty.io.netty.util.concurrent.SingleThreadEventExecutor$5.run(SingleThreadEventExecutor.java:897)
	at org.apache.ratis.thirdparty.io.netty.util.concurrent.FastThreadLocalRunnable.run(FastThreadLocalRunnable.java:30)
	... 1 more
Caused by: java.net.ConnectException: Connection refused
	... 11 more
2019-10-22 00:13:27,069 [2fdb3e93-e0d8-400e-8c33-91e2341b50c6@group-F01152B53F91-LeaderElection286] INFO  impl.LeaderElection (LogUtils.java:infoOrTrace(149)) -   Exception 1: {}
java.util.concurrent.ExecutionException: org.apache.ratis.thirdparty.io.grpc.StatusRuntimeException: UNAVAILABLE: io exception
	at java.util.concurrent.FutureTask.report(FutureTask.java:122)
	at java.util.concurrent.FutureTask.get(FutureTask.java:192)
	at org.apache.ratis.server.impl.LeaderElection.waitForResults(LeaderElection.java:259)
	at org.apache.ratis.server.impl.LeaderElection.askForVotes(LeaderElection.java:197)
	at org.apache.ratis.server.impl.LeaderElection.run(LeaderElection.java:133)
	at java.lang.Thread.run(Thread.java:748)
Caused by: org.apache.ratis.thirdparty.io.grpc.StatusRuntimeException: UNAVAILABLE: io exception
	at org.apache.ratis.thirdparty.io.grpc.stub.ClientCalls.toStatusRuntimeException(ClientCalls.java:233)
	at org.apache.ratis.thirdparty.io.grpc.stub.ClientCalls.getUnchecked(ClientCalls.java:214)
	at org.apache.ratis.thirdparty.io.grpc.stub.ClientCalls.blockingUnaryCall(ClientCalls.java:139)
	at org.apache.ratis.proto.grpc.RaftServerProtocolServiceGrpc$RaftServerProtocolServiceBlockingStub.requestVote(RaftServerProtocolServiceGrpc.java:265)
	at org.apache.ratis.grpc.server.GrpcServerProtocolClient.requestVote(GrpcServerProtocolClient.java:99)
	at org.apache.ratis.grpc.server.GrpcService.requestVote(GrpcService.java:204)
	at org.apache.ratis.server.impl.LeaderElection.lambda$submitRequests$1(LeaderElection.java:234)
	at java.util.concurrent.FutureTask.run(FutureTask.java:266)
	at java.util.concurrent.Executors$RunnableAdapter.call(Executors.java:511)
	at java.util.concurrent.FutureTask.run(FutureTask.java:266)
	at java.util.concurrent.ThreadPoolExecutor.runWorker(ThreadPoolExecutor.java:1149)
	at java.util.concurrent.ThreadPoolExecutor$Worker.run(ThreadPoolExecutor.java:624)
	... 1 more
Caused by: org.apache.ratis.thirdparty.io.netty.channel.AbstractChannel$AnnotatedConnectException: Connection refused: /192.168.157.254:36038
	at sun.nio.ch.SocketChannelImpl.checkConnect(Native Method)
	at sun.nio.ch.SocketChannelImpl.finishConnect(SocketChannelImpl.java:717)
	at org.apache.ratis.thirdparty.io.netty.channel.socket.nio.NioSocketChannel.doFinishConnect(NioSocketChannel.java:327)
	at org.apache.ratis.thirdparty.io.netty.channel.nio.AbstractNioChannel$AbstractNioUnsafe.finishConnect(AbstractNioChannel.java:340)
	at org.apache.ratis.thirdparty.io.netty.channel.nio.NioEventLoop.processSelectedKey(NioEventLoop.java:632)
	at org.apache.ratis.thirdparty.io.netty.channel.nio.NioEventLoop.processSelectedKeysOptimized(NioEventLoop.java:579)
	at org.apache.ratis.thirdparty.io.netty.channel.nio.NioEventLoop.processSelectedKeys(NioEventLoop.java:496)
	at org.apache.ratis.thirdparty.io.netty.channel.nio.NioEventLoop.run(NioEventLoop.java:458)
	at org.apache.ratis.thirdparty.io.netty.util.concurrent.SingleThreadEventExecutor$5.run(SingleThreadEventExecutor.java:897)
	at org.apache.ratis.thirdparty.io.netty.util.concurrent.FastThreadLocalRunnable.run(FastThreadLocalRunnable.java:30)
	... 1 more
Caused by: java.net.ConnectException: Connection refused
	... 11 more
2019-10-22 00:13:27,069 [2fdb3e93-e0d8-400e-8c33-91e2341b50c6@group-F01152B53F91-LeaderElection286] INFO  impl.RaftServerImpl (RaftServerImpl.java:setRole(184)) - 2fdb3e93-e0d8-400e-8c33-91e2341b50c6@group-F01152B53F91: changes role from CANDIDATE to FOLLOWER at term 283 for DISCOVERED_A_NEW_TERM
2019-10-22 00:13:27,069 [2fdb3e93-e0d8-400e-8c33-91e2341b50c6@group-F01152B53F91-LeaderElection286] INFO  impl.RoleInfo (RoleInfo.java:shutdownLeaderElection(134)) - 2fdb3e93-e0d8-400e-8c33-91e2341b50c6: shutdown LeaderElection
2019-10-22 00:13:27,069 [2fdb3e93-e0d8-400e-8c33-91e2341b50c6@group-F01152B53F91-LeaderElection286] INFO  impl.RoleInfo (RoleInfo.java:updateAndGet(143)) - 2fdb3e93-e0d8-400e-8c33-91e2341b50c6: start FollowerState
2019-10-22 00:13:27,072 [Thread-2189] INFO  impl.FollowerState (FollowerState.java:run(108)) - 2fdb3e93-e0d8-400e-8c33-91e2341b50c6@group-F01152B53F91-FollowerState: change to CANDIDATE, lastRpcTime:3ms, electionTimeout:3ms
2019-10-22 00:13:27,073 [Thread-2189] INFO  impl.RoleInfo (RoleInfo.java:shutdownFollowerState(121)) - 2fdb3e93-e0d8-400e-8c33-91e2341b50c6: shutdown FollowerState
2019-10-22 00:13:27,073 [Thread-2189] INFO  impl.RaftServerImpl (RaftServerImpl.java:setRole(184)) - 2fdb3e93-e0d8-400e-8c33-91e2341b50c6@group-F01152B53F91: changes role from  FOLLOWER to CANDIDATE at term 283 for changeToCandidate
2019-10-22 00:13:27,073 [Thread-2189] INFO  impl.RoleInfo (RoleInfo.java:updateAndGet(143)) - 2fdb3e93-e0d8-400e-8c33-91e2341b50c6: start LeaderElection
2019-10-22 00:13:27,086 [2fdb3e93-e0d8-400e-8c33-91e2341b50c6@group-F01152B53F91-LeaderElection287] INFO  impl.LeaderElection (LeaderElection.java:askForVotes(178)) - 2fdb3e93-e0d8-400e-8c33-91e2341b50c6@group-F01152B53F91-LeaderElection287: begin an election at term 284 for -1: [2fdb3e93-e0d8-400e-8c33-91e2341b50c6:192.168.157.254:43254, 062c71de-08d9-40ee-9309-15590e2e8e68:192.168.157.254:45598, 2a52019e-5647-44e1-bf30-9a43fd8a7377:192.168.157.254:36038], old=null
2019-10-22 00:13:27,087 [2fdb3e93-e0d8-400e-8c33-91e2341b50c6@group-F01152B53F91-LeaderElection287] INFO  impl.LeaderElection (LogUtils.java:infoOrTrace(149)) - 2fdb3e93-e0d8-400e-8c33-91e2341b50c6@group-F01152B53F91-LeaderElection287 got exception when requesting votes: {}
java.util.concurrent.ExecutionException: org.apache.ratis.thirdparty.io.grpc.StatusRuntimeException: UNAVAILABLE: io exception
	at java.util.concurrent.FutureTask.report(FutureTask.java:122)
	at java.util.concurrent.FutureTask.get(FutureTask.java:192)
	at org.apache.ratis.server.impl.LeaderElection.waitForResults(LeaderElection.java:259)
	at org.apache.ratis.server.impl.LeaderElection.askForVotes(LeaderElection.java:197)
	at org.apache.ratis.server.impl.LeaderElection.run(LeaderElection.java:133)
	at java.lang.Thread.run(Thread.java:748)
Caused by: org.apache.ratis.thirdparty.io.grpc.StatusRuntimeException: UNAVAILABLE: io exception
	at org.apache.ratis.thirdparty.io.grpc.stub.ClientCalls.toStatusRuntimeException(ClientCalls.java:233)
	at org.apache.ratis.thirdparty.io.grpc.stub.ClientCalls.getUnchecked(ClientCalls.java:214)
	at org.apache.ratis.thirdparty.io.grpc.stub.ClientCalls.blockingUnaryCall(ClientCalls.java:139)
	at org.apache.ratis.proto.grpc.RaftServerProtocolServiceGrpc$RaftServerProtocolServiceBlockingStub.requestVote(RaftServerProtocolServiceGrpc.java:265)
	at org.apache.ratis.grpc.server.GrpcServerProtocolClient.requestVote(GrpcServerProtocolClient.java:99)
	at org.apache.ratis.grpc.server.GrpcService.requestVote(GrpcService.java:204)
	at org.apache.ratis.server.impl.LeaderElection.lambda$submitRequests$1(LeaderElection.java:234)
	at java.util.concurrent.FutureTask.run(FutureTask.java:266)
	at java.util.concurrent.Executors$RunnableAdapter.call(Executors.java:511)
	at java.util.concurrent.FutureTask.run(FutureTask.java:266)
	at java.util.concurrent.ThreadPoolExecutor.runWorker(ThreadPoolExecutor.java:1149)
	at java.util.concurrent.ThreadPoolExecutor$Worker.run(ThreadPoolExecutor.java:624)
	... 1 more
Caused by: org.apache.ratis.thirdparty.io.netty.channel.AbstractChannel$AnnotatedConnectException: Connection refused: /192.168.157.254:45598
	at sun.nio.ch.SocketChannelImpl.checkConnect(Native Method)
	at sun.nio.ch.SocketChannelImpl.finishConnect(SocketChannelImpl.java:717)
	at org.apache.ratis.thirdparty.io.netty.channel.socket.nio.NioSocketChannel.doFinishConnect(NioSocketChannel.java:327)
	at org.apache.ratis.thirdparty.io.netty.channel.nio.AbstractNioChannel$AbstractNioUnsafe.finishConnect(AbstractNioChannel.java:340)
	at org.apache.ratis.thirdparty.io.netty.channel.nio.NioEventLoop.processSelectedKey(NioEventLoop.java:632)
	at org.apache.ratis.thirdparty.io.netty.channel.nio.NioEventLoop.processSelectedKeysOptimized(NioEventLoop.java:579)
	at org.apache.ratis.thirdparty.io.netty.channel.nio.NioEventLoop.processSelectedKeys(NioEventLoop.java:496)
	at org.apache.ratis.thirdparty.io.netty.channel.nio.NioEventLoop.run(NioEventLoop.java:458)
	at org.apache.ratis.thirdparty.io.netty.util.concurrent.SingleThreadEventExecutor$5.run(SingleThreadEventExecutor.java:897)
	at org.apache.ratis.thirdparty.io.netty.util.concurrent.FastThreadLocalRunnable.run(FastThreadLocalRunnable.java:30)
	... 1 more
Caused by: java.net.ConnectException: Connection refused
	... 11 more
2019-10-22 00:13:27,088 [2fdb3e93-e0d8-400e-8c33-91e2341b50c6@group-F01152B53F91-LeaderElection287] INFO  impl.LeaderElection (LogUtils.java:infoOrTrace(149)) - 2fdb3e93-e0d8-400e-8c33-91e2341b50c6@group-F01152B53F91-LeaderElection287 got exception when requesting votes: {}
java.util.concurrent.ExecutionException: org.apache.ratis.thirdparty.io.grpc.StatusRuntimeException: UNAVAILABLE: io exception
	at java.util.concurrent.FutureTask.report(FutureTask.java:122)
	at java.util.concurrent.FutureTask.get(FutureTask.java:192)
	at org.apache.ratis.server.impl.LeaderElection.waitForResults(LeaderElection.java:259)
	at org.apache.ratis.server.impl.LeaderElection.askForVotes(LeaderElection.java:197)
	at org.apache.ratis.server.impl.LeaderElection.run(LeaderElection.java:133)
	at java.lang.Thread.run(Thread.java:748)
Caused by: org.apache.ratis.thirdparty.io.grpc.StatusRuntimeException: UNAVAILABLE: io exception
	at org.apache.ratis.thirdparty.io.grpc.stub.ClientCalls.toStatusRuntimeException(ClientCalls.java:233)
	at org.apache.ratis.thirdparty.io.grpc.stub.ClientCalls.getUnchecked(ClientCalls.java:214)
	at org.apache.ratis.thirdparty.io.grpc.stub.ClientCalls.blockingUnaryCall(ClientCalls.java:139)
	at org.apache.ratis.proto.grpc.RaftServerProtocolServiceGrpc$RaftServerProtocolServiceBlockingStub.requestVote(RaftServerProtocolServiceGrpc.java:265)
	at org.apache.ratis.grpc.server.GrpcServerProtocolClient.requestVote(GrpcServerProtocolClient.java:99)
	at org.apache.ratis.grpc.server.GrpcService.requestVote(GrpcService.java:204)
	at org.apache.ratis.server.impl.LeaderElection.lambda$submitRequests$1(LeaderElection.java:234)
	at java.util.concurrent.FutureTask.run(FutureTask.java:266)
	at java.util.concurrent.Executors$RunnableAdapter.call(Executors.java:511)
	at java.util.concurrent.FutureTask.run(FutureTask.java:266)
	at java.util.concurrent.ThreadPoolExecutor.runWorker(ThreadPoolExecutor.java:1149)
	at java.util.concurrent.ThreadPoolExecutor$Worker.run(ThreadPoolExecutor.java:624)
	... 1 more
Caused by: org.apache.ratis.thirdparty.io.netty.channel.AbstractChannel$AnnotatedConnectException: Connection refused: /192.168.157.254:36038
	at sun.nio.ch.SocketChannelImpl.checkConnect(Native Method)
	at sun.nio.ch.SocketChannelImpl.finishConnect(SocketChannelImpl.java:717)
	at org.apache.ratis.thirdparty.io.netty.channel.socket.nio.NioSocketChannel.doFinishConnect(NioSocketChannel.java:327)
	at org.apache.ratis.thirdparty.io.netty.channel.nio.AbstractNioChannel$AbstractNioUnsafe.finishConnect(AbstractNioChannel.java:340)
	at org.apache.ratis.thirdparty.io.netty.channel.nio.NioEventLoop.processSelectedKey(NioEventLoop.java:632)
	at org.apache.ratis.thirdparty.io.netty.channel.nio.NioEventLoop.processSelectedKeysOptimized(NioEventLoop.java:579)
	at org.apache.ratis.thirdparty.io.netty.channel.nio.NioEventLoop.processSelectedKeys(NioEventLoop.java:496)
	at org.apache.ratis.thirdparty.io.netty.channel.nio.NioEventLoop.run(NioEventLoop.java:458)
	at org.apache.ratis.thirdparty.io.netty.util.concurrent.SingleThreadEventExecutor$5.run(SingleThreadEventExecutor.java:897)
	at org.apache.ratis.thirdparty.io.netty.util.concurrent.FastThreadLocalRunnable.run(FastThreadLocalRunnable.java:30)
	... 1 more
Caused by: java.net.ConnectException: Connection refused
	... 11 more
2019-10-22 00:13:27,088 [2fdb3e93-e0d8-400e-8c33-91e2341b50c6@group-F01152B53F91-LeaderElection287] INFO  impl.LeaderElection (LeaderElection.java:logAndReturn(56)) - 2fdb3e93-e0d8-400e-8c33-91e2341b50c6@group-F01152B53F91-LeaderElection287: Election REJECTED; received 0 response(s) [] and 2 exception(s); 2fdb3e93-e0d8-400e-8c33-91e2341b50c6@group-F01152B53F91:t284, leader=null, voted=2fdb3e93-e0d8-400e-8c33-91e2341b50c6, raftlog=2fdb3e93-e0d8-400e-8c33-91e2341b50c6@group-F01152B53F91-SegmentedRaftLog:OPENED:c-1,f-1,i0, conf=-1: [2fdb3e93-e0d8-400e-8c33-91e2341b50c6:192.168.157.254:43254, 062c71de-08d9-40ee-9309-15590e2e8e68:192.168.157.254:45598, 2a52019e-5647-44e1-bf30-9a43fd8a7377:192.168.157.254:36038], old=null
2019-10-22 00:13:27,088 [2fdb3e93-e0d8-400e-8c33-91e2341b50c6@group-F01152B53F91-LeaderElection287] INFO  impl.LeaderElection (LogUtils.java:infoOrTrace(149)) -   Exception 0: {}
java.util.concurrent.ExecutionException: org.apache.ratis.thirdparty.io.grpc.StatusRuntimeException: UNAVAILABLE: io exception
	at java.util.concurrent.FutureTask.report(FutureTask.java:122)
	at java.util.concurrent.FutureTask.get(FutureTask.java:192)
	at org.apache.ratis.server.impl.LeaderElection.waitForResults(LeaderElection.java:259)
	at org.apache.ratis.server.impl.LeaderElection.askForVotes(LeaderElection.java:197)
	at org.apache.ratis.server.impl.LeaderElection.run(LeaderElection.java:133)
	at java.lang.Thread.run(Thread.java:748)
Caused by: org.apache.ratis.thirdparty.io.grpc.StatusRuntimeException: UNAVAILABLE: io exception
	at org.apache.ratis.thirdparty.io.grpc.stub.ClientCalls.toStatusRuntimeException(ClientCalls.java:233)
	at org.apache.ratis.thirdparty.io.grpc.stub.ClientCalls.getUnchecked(ClientCalls.java:214)
	at org.apache.ratis.thirdparty.io.grpc.stub.ClientCalls.blockingUnaryCall(ClientCalls.java:139)
	at org.apache.ratis.proto.grpc.RaftServerProtocolServiceGrpc$RaftServerProtocolServiceBlockingStub.requestVote(RaftServerProtocolServiceGrpc.java:265)
	at org.apache.ratis.grpc.server.GrpcServerProtocolClient.requestVote(GrpcServerProtocolClient.java:99)
	at org.apache.ratis.grpc.server.GrpcService.requestVote(GrpcService.java:204)
	at org.apache.ratis.server.impl.LeaderElection.lambda$submitRequests$1(LeaderElection.java:234)
	at java.util.concurrent.FutureTask.run(FutureTask.java:266)
	at java.util.concurrent.Executors$RunnableAdapter.call(Executors.java:511)
	at java.util.concurrent.FutureTask.run(FutureTask.java:266)
	at java.util.concurrent.ThreadPoolExecutor.runWorker(ThreadPoolExecutor.java:1149)
	at java.util.concurrent.ThreadPoolExecutor$Worker.run(ThreadPoolExecutor.java:624)
	... 1 more
Caused by: org.apache.ratis.thirdparty.io.netty.channel.AbstractChannel$AnnotatedConnectException: Connection refused: /192.168.157.254:45598
	at sun.nio.ch.SocketChannelImpl.checkConnect(Native Method)
	at sun.nio.ch.SocketChannelImpl.finishConnect(SocketChannelImpl.java:717)
	at org.apache.ratis.thirdparty.io.netty.channel.socket.nio.NioSocketChannel.doFinishConnect(NioSocketChannel.java:327)
	at org.apache.ratis.thirdparty.io.netty.channel.nio.AbstractNioChannel$AbstractNioUnsafe.finishConnect(AbstractNioChannel.java:340)
	at org.apache.ratis.thirdparty.io.netty.channel.nio.NioEventLoop.processSelectedKey(NioEventLoop.java:632)
	at org.apache.ratis.thirdparty.io.netty.channel.nio.NioEventLoop.processSelectedKeysOptimized(NioEventLoop.java:579)
	at org.apache.ratis.thirdparty.io.netty.channel.nio.NioEventLoop.processSelectedKeys(NioEventLoop.java:496)
	at org.apache.ratis.thirdparty.io.netty.channel.nio.NioEventLoop.run(NioEventLoop.java:458)
	at org.apache.ratis.thirdparty.io.netty.util.concurrent.SingleThreadEventExecutor$5.run(SingleThreadEventExecutor.java:897)
	at org.apache.ratis.thirdparty.io.netty.util.concurrent.FastThreadLocalRunnable.run(FastThreadLocalRunnable.java:30)
	... 1 more
Caused by: java.net.ConnectException: Connection refused
	... 11 more
2019-10-22 00:13:27,088 [2fdb3e93-e0d8-400e-8c33-91e2341b50c6@group-F01152B53F91-LeaderElection287] INFO  impl.LeaderElection (LogUtils.java:infoOrTrace(149)) -   Exception 1: {}
java.util.concurrent.ExecutionException: org.apache.ratis.thirdparty.io.grpc.StatusRuntimeException: UNAVAILABLE: io exception
	at java.util.concurrent.FutureTask.report(FutureTask.java:122)
	at java.util.concurrent.FutureTask.get(FutureTask.java:192)
	at org.apache.ratis.server.impl.LeaderElection.waitForResults(LeaderElection.java:259)
	at org.apache.ratis.server.impl.LeaderElection.askForVotes(LeaderElection.java:197)
	at org.apache.ratis.server.impl.LeaderElection.run(LeaderElection.java:133)
	at java.lang.Thread.run(Thread.java:748)
Caused by: org.apache.ratis.thirdparty.io.grpc.StatusRuntimeException: UNAVAILABLE: io exception
	at org.apache.ratis.thirdparty.io.grpc.stub.ClientCalls.toStatusRuntimeException(ClientCalls.java:233)
	at org.apache.ratis.thirdparty.io.grpc.stub.ClientCalls.getUnchecked(ClientCalls.java:214)
	at org.apache.ratis.thirdparty.io.grpc.stub.ClientCalls.blockingUnaryCall(ClientCalls.java:139)
	at org.apache.ratis.proto.grpc.RaftServerProtocolServiceGrpc$RaftServerProtocolServiceBlockingStub.requestVote(RaftServerProtocolServiceGrpc.java:265)
	at org.apache.ratis.grpc.server.GrpcServerProtocolClient.requestVote(GrpcServerProtocolClient.java:99)
	at org.apache.ratis.grpc.server.GrpcService.requestVote(GrpcService.java:204)
	at org.apache.ratis.server.impl.LeaderElection.lambda$submitRequests$1(LeaderElection.java:234)
	at java.util.concurrent.FutureTask.run(FutureTask.java:266)
	at java.util.concurrent.Executors$RunnableAdapter.call(Executors.java:511)
	at java.util.concurrent.FutureTask.run(FutureTask.java:266)
	at java.util.concurrent.ThreadPoolExecutor.runWorker(ThreadPoolExecutor.java:1149)
	at java.util.concurrent.ThreadPoolExecutor$Worker.run(ThreadPoolExecutor.java:624)
	... 1 more
Caused by: org.apache.ratis.thirdparty.io.netty.channel.AbstractChannel$AnnotatedConnectException: Connection refused: /192.168.157.254:36038
	at sun.nio.ch.SocketChannelImpl.checkConnect(Native Method)
	at sun.nio.ch.SocketChannelImpl.finishConnect(SocketChannelImpl.java:717)
	at org.apache.ratis.thirdparty.io.netty.channel.socket.nio.NioSocketChannel.doFinishConnect(NioSocketChannel.java:327)
	at org.apache.ratis.thirdparty.io.netty.channel.nio.AbstractNioChannel$AbstractNioUnsafe.finishConnect(AbstractNioChannel.java:340)
	at org.apache.ratis.thirdparty.io.netty.channel.nio.NioEventLoop.processSelectedKey(NioEventLoop.java:632)
	at org.apache.ratis.thirdparty.io.netty.channel.nio.NioEventLoop.processSelectedKeysOptimized(NioEventLoop.java:579)
	at org.apache.ratis.thirdparty.io.netty.channel.nio.NioEventLoop.processSelectedKeys(NioEventLoop.java:496)
	at org.apache.ratis.thirdparty.io.netty.channel.nio.NioEventLoop.run(NioEventLoop.java:458)
	at org.apache.ratis.thirdparty.io.netty.util.concurrent.SingleThreadEventExecutor$5.run(SingleThreadEventExecutor.java:897)
	at org.apache.ratis.thirdparty.io.netty.util.concurrent.FastThreadLocalRunnable.run(FastThreadLocalRunnable.java:30)
	... 1 more
Caused by: java.net.ConnectException: Connection refused
	... 11 more
2019-10-22 00:13:27,089 [2fdb3e93-e0d8-400e-8c33-91e2341b50c6@group-F01152B53F91-LeaderElection287] INFO  impl.RaftServerImpl (RaftServerImpl.java:setRole(184)) - 2fdb3e93-e0d8-400e-8c33-91e2341b50c6@group-F01152B53F91: changes role from CANDIDATE to FOLLOWER at term 284 for DISCOVERED_A_NEW_TERM
2019-10-22 00:13:27,089 [2fdb3e93-e0d8-400e-8c33-91e2341b50c6@group-F01152B53F91-LeaderElection287] INFO  impl.RoleInfo (RoleInfo.java:shutdownLeaderElection(134)) - 2fdb3e93-e0d8-400e-8c33-91e2341b50c6: shutdown LeaderElection
2019-10-22 00:13:27,089 [2fdb3e93-e0d8-400e-8c33-91e2341b50c6@group-F01152B53F91-LeaderElection287] INFO  impl.RoleInfo (RoleInfo.java:updateAndGet(143)) - 2fdb3e93-e0d8-400e-8c33-91e2341b50c6: start FollowerState
2019-10-22 00:13:27,155 [Thread-2193] INFO  impl.FollowerState (FollowerState.java:run(108)) - 2fdb3e93-e0d8-400e-8c33-91e2341b50c6@group-F01152B53F91-FollowerState: change to CANDIDATE, lastRpcTime:66ms, electionTimeout:66ms
2019-10-22 00:13:27,155 [Thread-2193] INFO  impl.RoleInfo (RoleInfo.java:shutdownFollowerState(121)) - 2fdb3e93-e0d8-400e-8c33-91e2341b50c6: shutdown FollowerState
2019-10-22 00:13:27,155 [Thread-2193] INFO  impl.RaftServerImpl (RaftServerImpl.java:setRole(184)) - 2fdb3e93-e0d8-400e-8c33-91e2341b50c6@group-F01152B53F91: changes role from  FOLLOWER to CANDIDATE at term 284 for changeToCandidate
2019-10-22 00:13:27,156 [Thread-2193] INFO  impl.RoleInfo (RoleInfo.java:updateAndGet(143)) - 2fdb3e93-e0d8-400e-8c33-91e2341b50c6: start LeaderElection
2019-10-22 00:13:27,169 [2fdb3e93-e0d8-400e-8c33-91e2341b50c6@group-F01152B53F91-LeaderElection288] INFO  impl.LeaderElection (LeaderElection.java:askForVotes(178)) - 2fdb3e93-e0d8-400e-8c33-91e2341b50c6@group-F01152B53F91-LeaderElection288: begin an election at term 285 for -1: [2fdb3e93-e0d8-400e-8c33-91e2341b50c6:192.168.157.254:43254, 062c71de-08d9-40ee-9309-15590e2e8e68:192.168.157.254:45598, 2a52019e-5647-44e1-bf30-9a43fd8a7377:192.168.157.254:36038], old=null
2019-10-22 00:13:27,170 [2fdb3e93-e0d8-400e-8c33-91e2341b50c6@group-F01152B53F91-LeaderElection288] INFO  impl.LeaderElection (LogUtils.java:infoOrTrace(149)) - 2fdb3e93-e0d8-400e-8c33-91e2341b50c6@group-F01152B53F91-LeaderElection288 got exception when requesting votes: {}
java.util.concurrent.ExecutionException: org.apache.ratis.thirdparty.io.grpc.StatusRuntimeException: UNAVAILABLE: io exception
	at java.util.concurrent.FutureTask.report(FutureTask.java:122)
	at java.util.concurrent.FutureTask.get(FutureTask.java:192)
	at org.apache.ratis.server.impl.LeaderElection.waitForResults(LeaderElection.java:259)
	at org.apache.ratis.server.impl.LeaderElection.askForVotes(LeaderElection.java:197)
	at org.apache.ratis.server.impl.LeaderElection.run(LeaderElection.java:133)
	at java.lang.Thread.run(Thread.java:748)
Caused by: org.apache.ratis.thirdparty.io.grpc.StatusRuntimeException: UNAVAILABLE: io exception
	at org.apache.ratis.thirdparty.io.grpc.stub.ClientCalls.toStatusRuntimeException(ClientCalls.java:233)
	at org.apache.ratis.thirdparty.io.grpc.stub.ClientCalls.getUnchecked(ClientCalls.java:214)
	at org.apache.ratis.thirdparty.io.grpc.stub.ClientCalls.blockingUnaryCall(ClientCalls.java:139)
	at org.apache.ratis.proto.grpc.RaftServerProtocolServiceGrpc$RaftServerProtocolServiceBlockingStub.requestVote(RaftServerProtocolServiceGrpc.java:265)
	at org.apache.ratis.grpc.server.GrpcServerProtocolClient.requestVote(GrpcServerProtocolClient.java:99)
	at org.apache.ratis.grpc.server.GrpcService.requestVote(GrpcService.java:204)
	at org.apache.ratis.server.impl.LeaderElection.lambda$submitRequests$1(LeaderElection.java:234)
	at java.util.concurrent.FutureTask.run(FutureTask.java:266)
	at java.util.concurrent.Executors$RunnableAdapter.call(Executors.java:511)
	at java.util.concurrent.FutureTask.run(FutureTask.java:266)
	at java.util.concurrent.ThreadPoolExecutor.runWorker(ThreadPoolExecutor.java:1149)
	at java.util.concurrent.ThreadPoolExecutor$Worker.run(ThreadPoolExecutor.java:624)
	... 1 more
Caused by: org.apache.ratis.thirdparty.io.netty.channel.AbstractChannel$AnnotatedConnectException: Connection refused: /192.168.157.254:45598
	at sun.nio.ch.SocketChannelImpl.checkConnect(Native Method)
	at sun.nio.ch.SocketChannelImpl.finishConnect(SocketChannelImpl.java:717)
	at org.apache.ratis.thirdparty.io.netty.channel.socket.nio.NioSocketChannel.doFinishConnect(NioSocketChannel.java:327)
	at org.apache.ratis.thirdparty.io.netty.channel.nio.AbstractNioChannel$AbstractNioUnsafe.finishConnect(AbstractNioChannel.java:340)
	at org.apache.ratis.thirdparty.io.netty.channel.nio.NioEventLoop.processSelectedKey(NioEventLoop.java:632)
	at org.apache.ratis.thirdparty.io.netty.channel.nio.NioEventLoop.processSelectedKeysOptimized(NioEventLoop.java:579)
	at org.apache.ratis.thirdparty.io.netty.channel.nio.NioEventLoop.processSelectedKeys(NioEventLoop.java:496)
	at org.apache.ratis.thirdparty.io.netty.channel.nio.NioEventLoop.run(NioEventLoop.java:458)
	at org.apache.ratis.thirdparty.io.netty.util.concurrent.SingleThreadEventExecutor$5.run(SingleThreadEventExecutor.java:897)
	at org.apache.ratis.thirdparty.io.netty.util.concurrent.FastThreadLocalRunnable.run(FastThreadLocalRunnable.java:30)
	... 1 more
Caused by: java.net.ConnectException: Connection refused
	... 11 more
2019-10-22 00:13:27,170 [2fdb3e93-e0d8-400e-8c33-91e2341b50c6@group-F01152B53F91-LeaderElection288] INFO  impl.LeaderElection (LogUtils.java:infoOrTrace(149)) - 2fdb3e93-e0d8-400e-8c33-91e2341b50c6@group-F01152B53F91-LeaderElection288 got exception when requesting votes: {}
java.util.concurrent.ExecutionException: org.apache.ratis.thirdparty.io.grpc.StatusRuntimeException: UNAVAILABLE: io exception
	at java.util.concurrent.FutureTask.report(FutureTask.java:122)
	at java.util.concurrent.FutureTask.get(FutureTask.java:192)
	at org.apache.ratis.server.impl.LeaderElection.waitForResults(LeaderElection.java:259)
	at org.apache.ratis.server.impl.LeaderElection.askForVotes(LeaderElection.java:197)
	at org.apache.ratis.server.impl.LeaderElection.run(LeaderElection.java:133)
	at java.lang.Thread.run(Thread.java:748)
Caused by: org.apache.ratis.thirdparty.io.grpc.StatusRuntimeException: UNAVAILABLE: io exception
	at org.apache.ratis.thirdparty.io.grpc.stub.ClientCalls.toStatusRuntimeException(ClientCalls.java:233)
	at org.apache.ratis.thirdparty.io.grpc.stub.ClientCalls.getUnchecked(ClientCalls.java:214)
	at org.apache.ratis.thirdparty.io.grpc.stub.ClientCalls.blockingUnaryCall(ClientCalls.java:139)
	at org.apache.ratis.proto.grpc.RaftServerProtocolServiceGrpc$RaftServerProtocolServiceBlockingStub.requestVote(RaftServerProtocolServiceGrpc.java:265)
	at org.apache.ratis.grpc.server.GrpcServerProtocolClient.requestVote(GrpcServerProtocolClient.java:99)
	at org.apache.ratis.grpc.server.GrpcService.requestVote(GrpcService.java:204)
	at org.apache.ratis.server.impl.LeaderElection.lambda$submitRequests$1(LeaderElection.java:234)
	at java.util.concurrent.FutureTask.run(FutureTask.java:266)
	at java.util.concurrent.Executors$RunnableAdapter.call(Executors.java:511)
	at java.util.concurrent.FutureTask.run(FutureTask.java:266)
	at java.util.concurrent.ThreadPoolExecutor.runWorker(ThreadPoolExecutor.java:1149)
	at java.util.concurrent.ThreadPoolExecutor$Worker.run(ThreadPoolExecutor.java:624)
	... 1 more
Caused by: org.apache.ratis.thirdparty.io.netty.channel.AbstractChannel$AnnotatedConnectException: Connection refused: /192.168.157.254:36038
	at sun.nio.ch.SocketChannelImpl.checkConnect(Native Method)
	at sun.nio.ch.SocketChannelImpl.finishConnect(SocketChannelImpl.java:717)
	at org.apache.ratis.thirdparty.io.netty.channel.socket.nio.NioSocketChannel.doFinishConnect(NioSocketChannel.java:327)
	at org.apache.ratis.thirdparty.io.netty.channel.nio.AbstractNioChannel$AbstractNioUnsafe.finishConnect(AbstractNioChannel.java:340)
	at org.apache.ratis.thirdparty.io.netty.channel.nio.NioEventLoop.processSelectedKey(NioEventLoop.java:632)
	at org.apache.ratis.thirdparty.io.netty.channel.nio.NioEventLoop.processSelectedKeysOptimized(NioEventLoop.java:579)
	at org.apache.ratis.thirdparty.io.netty.channel.nio.NioEventLoop.processSelectedKeys(NioEventLoop.java:496)
	at org.apache.ratis.thirdparty.io.netty.channel.nio.NioEventLoop.run(NioEventLoop.java:458)
	at org.apache.ratis.thirdparty.io.netty.util.concurrent.SingleThreadEventExecutor$5.run(SingleThreadEventExecutor.java:897)
	at org.apache.ratis.thirdparty.io.netty.util.concurrent.FastThreadLocalRunnable.run(FastThreadLocalRunnable.java:30)
	... 1 more
Caused by: java.net.ConnectException: Connection refused
	... 11 more
2019-10-22 00:13:27,171 [2fdb3e93-e0d8-400e-8c33-91e2341b50c6@group-F01152B53F91-LeaderElection288] INFO  impl.LeaderElection (LeaderElection.java:logAndReturn(56)) - 2fdb3e93-e0d8-400e-8c33-91e2341b50c6@group-F01152B53F91-LeaderElection288: Election REJECTED; received 0 response(s) [] and 2 exception(s); 2fdb3e93-e0d8-400e-8c33-91e2341b50c6@group-F01152B53F91:t285, leader=null, voted=2fdb3e93-e0d8-400e-8c33-91e2341b50c6, raftlog=2fdb3e93-e0d8-400e-8c33-91e2341b50c6@group-F01152B53F91-SegmentedRaftLog:OPENED:c-1,f-1,i0, conf=-1: [2fdb3e93-e0d8-400e-8c33-91e2341b50c6:192.168.157.254:43254, 062c71de-08d9-40ee-9309-15590e2e8e68:192.168.157.254:45598, 2a52019e-5647-44e1-bf30-9a43fd8a7377:192.168.157.254:36038], old=null
2019-10-22 00:13:27,171 [2fdb3e93-e0d8-400e-8c33-91e2341b50c6@group-F01152B53F91-LeaderElection288] INFO  impl.LeaderElection (LogUtils.java:infoOrTrace(149)) -   Exception 0: {}
java.util.concurrent.ExecutionException: org.apache.ratis.thirdparty.io.grpc.StatusRuntimeException: UNAVAILABLE: io exception
	at java.util.concurrent.FutureTask.report(FutureTask.java:122)
	at java.util.concurrent.FutureTask.get(FutureTask.java:192)
	at org.apache.ratis.server.impl.LeaderElection.waitForResults(LeaderElection.java:259)
	at org.apache.ratis.server.impl.LeaderElection.askForVotes(LeaderElection.java:197)
	at org.apache.ratis.server.impl.LeaderElection.run(LeaderElection.java:133)
	at java.lang.Thread.run(Thread.java:748)
Caused by: org.apache.ratis.thirdparty.io.grpc.StatusRuntimeException: UNAVAILABLE: io exception
	at org.apache.ratis.thirdparty.io.grpc.stub.ClientCalls.toStatusRuntimeException(ClientCalls.java:233)
	at org.apache.ratis.thirdparty.io.grpc.stub.ClientCalls.getUnchecked(ClientCalls.java:214)
	at org.apache.ratis.thirdparty.io.grpc.stub.ClientCalls.blockingUnaryCall(ClientCalls.java:139)
	at org.apache.ratis.proto.grpc.RaftServerProtocolServiceGrpc$RaftServerProtocolServiceBlockingStub.requestVote(RaftServerProtocolServiceGrpc.java:265)
	at org.apache.ratis.grpc.server.GrpcServerProtocolClient.requestVote(GrpcServerProtocolClient.java:99)
	at org.apache.ratis.grpc.server.GrpcService.requestVote(GrpcService.java:204)
	at org.apache.ratis.server.impl.LeaderElection.lambda$submitRequests$1(LeaderElection.java:234)
	at java.util.concurrent.FutureTask.run(FutureTask.java:266)
	at java.util.concurrent.Executors$RunnableAdapter.call(Executors.java:511)
	at java.util.concurrent.FutureTask.run(FutureTask.java:266)
	at java.util.concurrent.ThreadPoolExecutor.runWorker(ThreadPoolExecutor.java:1149)
	at java.util.concurrent.ThreadPoolExecutor$Worker.run(ThreadPoolExecutor.java:624)
	... 1 more
Caused by: org.apache.ratis.thirdparty.io.netty.channel.AbstractChannel$AnnotatedConnectException: Connection refused: /192.168.157.254:45598
	at sun.nio.ch.SocketChannelImpl.checkConnect(Native Method)
	at sun.nio.ch.SocketChannelImpl.finishConnect(SocketChannelImpl.java:717)
	at org.apache.ratis.thirdparty.io.netty.channel.socket.nio.NioSocketChannel.doFinishConnect(NioSocketChannel.java:327)
	at org.apache.ratis.thirdparty.io.netty.channel.nio.AbstractNioChannel$AbstractNioUnsafe.finishConnect(AbstractNioChannel.java:340)
	at org.apache.ratis.thirdparty.io.netty.channel.nio.NioEventLoop.processSelectedKey(NioEventLoop.java:632)
	at org.apache.ratis.thirdparty.io.netty.channel.nio.NioEventLoop.processSelectedKeysOptimized(NioEventLoop.java:579)
	at org.apache.ratis.thirdparty.io.netty.channel.nio.NioEventLoop.processSelectedKeys(NioEventLoop.java:496)
	at org.apache.ratis.thirdparty.io.netty.channel.nio.NioEventLoop.run(NioEventLoop.java:458)
	at org.apache.ratis.thirdparty.io.netty.util.concurrent.SingleThreadEventExecutor$5.run(SingleThreadEventExecutor.java:897)
	at org.apache.ratis.thirdparty.io.netty.util.concurrent.FastThreadLocalRunnable.run(FastThreadLocalRunnable.java:30)
	... 1 more
Caused by: java.net.ConnectException: Connection refused
	... 11 more
2019-10-22 00:13:27,171 [2fdb3e93-e0d8-400e-8c33-91e2341b50c6@group-F01152B53F91-LeaderElection288] INFO  impl.LeaderElection (LogUtils.java:infoOrTrace(149)) -   Exception 1: {}
java.util.concurrent.ExecutionException: org.apache.ratis.thirdparty.io.grpc.StatusRuntimeException: UNAVAILABLE: io exception
	at java.util.concurrent.FutureTask.report(FutureTask.java:122)
	at java.util.concurrent.FutureTask.get(FutureTask.java:192)
	at org.apache.ratis.server.impl.LeaderElection.waitForResults(LeaderElection.java:259)
	at org.apache.ratis.server.impl.LeaderElection.askForVotes(LeaderElection.java:197)
	at org.apache.ratis.server.impl.LeaderElection.run(LeaderElection.java:133)
	at java.lang.Thread.run(Thread.java:748)
Caused by: org.apache.ratis.thirdparty.io.grpc.StatusRuntimeException: UNAVAILABLE: io exception
	at org.apache.ratis.thirdparty.io.grpc.stub.ClientCalls.toStatusRuntimeException(ClientCalls.java:233)
	at org.apache.ratis.thirdparty.io.grpc.stub.ClientCalls.getUnchecked(ClientCalls.java:214)
	at org.apache.ratis.thirdparty.io.grpc.stub.ClientCalls.blockingUnaryCall(ClientCalls.java:139)
	at org.apache.ratis.proto.grpc.RaftServerProtocolServiceGrpc$RaftServerProtocolServiceBlockingStub.requestVote(RaftServerProtocolServiceGrpc.java:265)
	at org.apache.ratis.grpc.server.GrpcServerProtocolClient.requestVote(GrpcServerProtocolClient.java:99)
	at org.apache.ratis.grpc.server.GrpcService.requestVote(GrpcService.java:204)
	at org.apache.ratis.server.impl.LeaderElection.lambda$submitRequests$1(LeaderElection.java:234)
	at java.util.concurrent.FutureTask.run(FutureTask.java:266)
	at java.util.concurrent.Executors$RunnableAdapter.call(Executors.java:511)
	at java.util.concurrent.FutureTask.run(FutureTask.java:266)
	at java.util.concurrent.ThreadPoolExecutor.runWorker(ThreadPoolExecutor.java:1149)
	at java.util.concurrent.ThreadPoolExecutor$Worker.run(ThreadPoolExecutor.java:624)
	... 1 more
Caused by: org.apache.ratis.thirdparty.io.netty.channel.AbstractChannel$AnnotatedConnectException: Connection refused: /192.168.157.254:36038
	at sun.nio.ch.SocketChannelImpl.checkConnect(Native Method)
	at sun.nio.ch.SocketChannelImpl.finishConnect(SocketChannelImpl.java:717)
	at org.apache.ratis.thirdparty.io.netty.channel.socket.nio.NioSocketChannel.doFinishConnect(NioSocketChannel.java:327)
	at org.apache.ratis.thirdparty.io.netty.channel.nio.AbstractNioChannel$AbstractNioUnsafe.finishConnect(AbstractNioChannel.java:340)
	at org.apache.ratis.thirdparty.io.netty.channel.nio.NioEventLoop.processSelectedKey(NioEventLoop.java:632)
	at org.apache.ratis.thirdparty.io.netty.channel.nio.NioEventLoop.processSelectedKeysOptimized(NioEventLoop.java:579)
	at org.apache.ratis.thirdparty.io.netty.channel.nio.NioEventLoop.processSelectedKeys(NioEventLoop.java:496)
	at org.apache.ratis.thirdparty.io.netty.channel.nio.NioEventLoop.run(NioEventLoop.java:458)
	at org.apache.ratis.thirdparty.io.netty.util.concurrent.SingleThreadEventExecutor$5.run(SingleThreadEventExecutor.java:897)
	at org.apache.ratis.thirdparty.io.netty.util.concurrent.FastThreadLocalRunnable.run(FastThreadLocalRunnable.java:30)
	... 1 more
Caused by: java.net.ConnectException: Connection refused
	... 11 more
2019-10-22 00:13:27,171 [2fdb3e93-e0d8-400e-8c33-91e2341b50c6@group-F01152B53F91-LeaderElection288] INFO  impl.RaftServerImpl (RaftServerImpl.java:setRole(184)) - 2fdb3e93-e0d8-400e-8c33-91e2341b50c6@group-F01152B53F91: changes role from CANDIDATE to FOLLOWER at term 285 for DISCOVERED_A_NEW_TERM
2019-10-22 00:13:27,171 [2fdb3e93-e0d8-400e-8c33-91e2341b50c6@group-F01152B53F91-LeaderElection288] INFO  impl.RoleInfo (RoleInfo.java:shutdownLeaderElection(134)) - 2fdb3e93-e0d8-400e-8c33-91e2341b50c6: shutdown LeaderElection
2019-10-22 00:13:27,171 [2fdb3e93-e0d8-400e-8c33-91e2341b50c6@group-F01152B53F91-LeaderElection288] INFO  impl.RoleInfo (RoleInfo.java:updateAndGet(143)) - 2fdb3e93-e0d8-400e-8c33-91e2341b50c6: start FollowerState
2019-10-22 00:13:27,203 [Thread-2197] INFO  impl.FollowerState (FollowerState.java:run(108)) - 2fdb3e93-e0d8-400e-8c33-91e2341b50c6@group-F01152B53F91-FollowerState: change to CANDIDATE, lastRpcTime:32ms, electionTimeout:32ms
2019-10-22 00:13:27,204 [Thread-2197] INFO  impl.RoleInfo (RoleInfo.java:shutdownFollowerState(121)) - 2fdb3e93-e0d8-400e-8c33-91e2341b50c6: shutdown FollowerState
2019-10-22 00:13:27,204 [Thread-2197] INFO  impl.RaftServerImpl (RaftServerImpl.java:setRole(184)) - 2fdb3e93-e0d8-400e-8c33-91e2341b50c6@group-F01152B53F91: changes role from  FOLLOWER to CANDIDATE at term 285 for changeToCandidate
2019-10-22 00:13:27,204 [Thread-2197] INFO  impl.RoleInfo (RoleInfo.java:updateAndGet(143)) - 2fdb3e93-e0d8-400e-8c33-91e2341b50c6: start LeaderElection
2019-10-22 00:13:27,205 [Thread-2153] INFO  impl.FollowerState (FollowerState.java:run(108)) - f318eb4e-a4da-4d18-984a-fa4eff1dbce1@group-597AF0FA787F-FollowerState: change to CANDIDATE, lastRpcTime:1112ms, electionTimeout:1112ms
2019-10-22 00:13:27,205 [Thread-2153] INFO  impl.RoleInfo (RoleInfo.java:shutdownFollowerState(121)) - f318eb4e-a4da-4d18-984a-fa4eff1dbce1: shutdown FollowerState
2019-10-22 00:13:27,205 [Thread-2153] INFO  impl.RaftServerImpl (RaftServerImpl.java:setRole(184)) - f318eb4e-a4da-4d18-984a-fa4eff1dbce1@group-597AF0FA787F: changes role from  FOLLOWER to CANDIDATE at term 8 for changeToCandidate
2019-10-22 00:13:27,205 [Thread-2153] INFO  impl.RoleInfo (RoleInfo.java:updateAndGet(143)) - f318eb4e-a4da-4d18-984a-fa4eff1dbce1: start LeaderElection
2019-10-22 00:13:27,218 [2fdb3e93-e0d8-400e-8c33-91e2341b50c6@group-F01152B53F91-LeaderElection289] INFO  impl.LeaderElection (LeaderElection.java:askForVotes(178)) - 2fdb3e93-e0d8-400e-8c33-91e2341b50c6@group-F01152B53F91-LeaderElection289: begin an election at term 286 for -1: [2fdb3e93-e0d8-400e-8c33-91e2341b50c6:192.168.157.254:43254, 062c71de-08d9-40ee-9309-15590e2e8e68:192.168.157.254:45598, 2a52019e-5647-44e1-bf30-9a43fd8a7377:192.168.157.254:36038], old=null
2019-10-22 00:13:27,218 [f318eb4e-a4da-4d18-984a-fa4eff1dbce1@group-597AF0FA787F-LeaderElection290] INFO  impl.LeaderElection (LeaderElection.java:askForVotes(178)) - f318eb4e-a4da-4d18-984a-fa4eff1dbce1@group-597AF0FA787F-LeaderElection290: begin an election at term 9 for 20: [d521f5b1-4e7b-4169-9688-2112c7da7b1f:192.168.157.254:45094, 9d453efa-53cb-467a-9eb6-1ab0458610f0:192.168.157.254:38611, f318eb4e-a4da-4d18-984a-fa4eff1dbce1:192.168.157.254:43586], old=null
2019-10-22 00:13:27,219 [2fdb3e93-e0d8-400e-8c33-91e2341b50c6@group-F01152B53F91-LeaderElection289] INFO  impl.LeaderElection (LogUtils.java:infoOrTrace(149)) - 2fdb3e93-e0d8-400e-8c33-91e2341b50c6@group-F01152B53F91-LeaderElection289 got exception when requesting votes: {}
java.util.concurrent.ExecutionException: org.apache.ratis.thirdparty.io.grpc.StatusRuntimeException: UNAVAILABLE: io exception
	at java.util.concurrent.FutureTask.report(FutureTask.java:122)
	at java.util.concurrent.FutureTask.get(FutureTask.java:192)
	at org.apache.ratis.server.impl.LeaderElection.waitForResults(LeaderElection.java:259)
	at org.apache.ratis.server.impl.LeaderElection.askForVotes(LeaderElection.java:197)
	at org.apache.ratis.server.impl.LeaderElection.run(LeaderElection.java:133)
	at java.lang.Thread.run(Thread.java:748)
Caused by: org.apache.ratis.thirdparty.io.grpc.StatusRuntimeException: UNAVAILABLE: io exception
	at org.apache.ratis.thirdparty.io.grpc.stub.ClientCalls.toStatusRuntimeException(ClientCalls.java:233)
	at org.apache.ratis.thirdparty.io.grpc.stub.ClientCalls.getUnchecked(ClientCalls.java:214)
	at org.apache.ratis.thirdparty.io.grpc.stub.ClientCalls.blockingUnaryCall(ClientCalls.java:139)
	at org.apache.ratis.proto.grpc.RaftServerProtocolServiceGrpc$RaftServerProtocolServiceBlockingStub.requestVote(RaftServerProtocolServiceGrpc.java:265)
	at org.apache.ratis.grpc.server.GrpcServerProtocolClient.requestVote(GrpcServerProtocolClient.java:99)
	at org.apache.ratis.grpc.server.GrpcService.requestVote(GrpcService.java:204)
	at org.apache.ratis.server.impl.LeaderElection.lambda$submitRequests$1(LeaderElection.java:234)
	at java.util.concurrent.FutureTask.run(FutureTask.java:266)
	at java.util.concurrent.Executors$RunnableAdapter.call(Executors.java:511)
	at java.util.concurrent.FutureTask.run(FutureTask.java:266)
	at java.util.concurrent.ThreadPoolExecutor.runWorker(ThreadPoolExecutor.java:1149)
	at java.util.concurrent.ThreadPoolExecutor$Worker.run(ThreadPoolExecutor.java:624)
	... 1 more
Caused by: org.apache.ratis.thirdparty.io.netty.channel.AbstractChannel$AnnotatedConnectException: Connection refused: /192.168.157.254:45598
	at sun.nio.ch.SocketChannelImpl.checkConnect(Native Method)
	at sun.nio.ch.SocketChannelImpl.finishConnect(SocketChannelImpl.java:717)
	at org.apache.ratis.thirdparty.io.netty.channel.socket.nio.NioSocketChannel.doFinishConnect(NioSocketChannel.java:327)
	at org.apache.ratis.thirdparty.io.netty.channel.nio.AbstractNioChannel$AbstractNioUnsafe.finishConnect(AbstractNioChannel.java:340)
	at org.apache.ratis.thirdparty.io.netty.channel.nio.NioEventLoop.processSelectedKey(NioEventLoop.java:632)
	at org.apache.ratis.thirdparty.io.netty.channel.nio.NioEventLoop.processSelectedKeysOptimized(NioEventLoop.java:579)
	at org.apache.ratis.thirdparty.io.netty.channel.nio.NioEventLoop.processSelectedKeys(NioEventLoop.java:496)
	at org.apache.ratis.thirdparty.io.netty.channel.nio.NioEventLoop.run(NioEventLoop.java:458)
	at org.apache.ratis.thirdparty.io.netty.util.concurrent.SingleThreadEventExecutor$5.run(SingleThreadEventExecutor.java:897)
	at org.apache.ratis.thirdparty.io.netty.util.concurrent.FastThreadLocalRunnable.run(FastThreadLocalRunnable.java:30)
	... 1 more
Caused by: java.net.ConnectException: Connection refused
	... 11 more
2019-10-22 00:13:27,219 [f318eb4e-a4da-4d18-984a-fa4eff1dbce1@group-597AF0FA787F-LeaderElection290] INFO  impl.LeaderElection (LogUtils.java:infoOrTrace(149)) - f318eb4e-a4da-4d18-984a-fa4eff1dbce1@group-597AF0FA787F-LeaderElection290 got exception when requesting votes: {}
java.util.concurrent.ExecutionException: org.apache.ratis.thirdparty.io.grpc.StatusRuntimeException: UNAVAILABLE: io exception
	at java.util.concurrent.FutureTask.report(FutureTask.java:122)
	at java.util.concurrent.FutureTask.get(FutureTask.java:192)
	at org.apache.ratis.server.impl.LeaderElection.waitForResults(LeaderElection.java:259)
	at org.apache.ratis.server.impl.LeaderElection.askForVotes(LeaderElection.java:197)
	at org.apache.ratis.server.impl.LeaderElection.run(LeaderElection.java:133)
	at java.lang.Thread.run(Thread.java:748)
Caused by: org.apache.ratis.thirdparty.io.grpc.StatusRuntimeException: UNAVAILABLE: io exception
	at org.apache.ratis.thirdparty.io.grpc.stub.ClientCalls.toStatusRuntimeException(ClientCalls.java:233)
	at org.apache.ratis.thirdparty.io.grpc.stub.ClientCalls.getUnchecked(ClientCalls.java:214)
	at org.apache.ratis.thirdparty.io.grpc.stub.ClientCalls.blockingUnaryCall(ClientCalls.java:139)
	at org.apache.ratis.proto.grpc.RaftServerProtocolServiceGrpc$RaftServerProtocolServiceBlockingStub.requestVote(RaftServerProtocolServiceGrpc.java:265)
	at org.apache.ratis.grpc.server.GrpcServerProtocolClient.requestVote(GrpcServerProtocolClient.java:99)
	at org.apache.ratis.grpc.server.GrpcService.requestVote(GrpcService.java:204)
	at org.apache.ratis.server.impl.LeaderElection.lambda$submitRequests$1(LeaderElection.java:234)
	at java.util.concurrent.FutureTask.run(FutureTask.java:266)
	at java.util.concurrent.Executors$RunnableAdapter.call(Executors.java:511)
	at java.util.concurrent.FutureTask.run(FutureTask.java:266)
	at java.util.concurrent.ThreadPoolExecutor.runWorker(ThreadPoolExecutor.java:1149)
	at java.util.concurrent.ThreadPoolExecutor$Worker.run(ThreadPoolExecutor.java:624)
	... 1 more
Caused by: org.apache.ratis.thirdparty.io.netty.channel.AbstractChannel$AnnotatedConnectException: Connection refused: /192.168.157.254:45094
	at sun.nio.ch.SocketChannelImpl.checkConnect(Native Method)
	at sun.nio.ch.SocketChannelImpl.finishConnect(SocketChannelImpl.java:717)
	at org.apache.ratis.thirdparty.io.netty.channel.socket.nio.NioSocketChannel.doFinishConnect(NioSocketChannel.java:327)
	at org.apache.ratis.thirdparty.io.netty.channel.nio.AbstractNioChannel$AbstractNioUnsafe.finishConnect(AbstractNioChannel.java:340)
	at org.apache.ratis.thirdparty.io.netty.channel.nio.NioEventLoop.processSelectedKey(NioEventLoop.java:632)
	at org.apache.ratis.thirdparty.io.netty.channel.nio.NioEventLoop.processSelectedKeysOptimized(NioEventLoop.java:579)
	at org.apache.ratis.thirdparty.io.netty.channel.nio.NioEventLoop.processSelectedKeys(NioEventLoop.java:496)
	at org.apache.ratis.thirdparty.io.netty.channel.nio.NioEventLoop.run(NioEventLoop.java:458)
	at org.apache.ratis.thirdparty.io.netty.util.concurrent.SingleThreadEventExecutor$5.run(SingleThreadEventExecutor.java:897)
	at org.apache.ratis.thirdparty.io.netty.util.concurrent.FastThreadLocalRunnable.run(FastThreadLocalRunnable.java:30)
	... 1 more
Caused by: java.net.ConnectException: Connection refused
	... 11 more
2019-10-22 00:13:27,219 [2fdb3e93-e0d8-400e-8c33-91e2341b50c6@group-F01152B53F91-LeaderElection289] INFO  impl.LeaderElection (LogUtils.java:infoOrTrace(149)) - 2fdb3e93-e0d8-400e-8c33-91e2341b50c6@group-F01152B53F91-LeaderElection289 got exception when requesting votes: {}
java.util.concurrent.ExecutionException: org.apache.ratis.thirdparty.io.grpc.StatusRuntimeException: UNAVAILABLE: io exception
	at java.util.concurrent.FutureTask.report(FutureTask.java:122)
	at java.util.concurrent.FutureTask.get(FutureTask.java:192)
	at org.apache.ratis.server.impl.LeaderElection.waitForResults(LeaderElection.java:259)
	at org.apache.ratis.server.impl.LeaderElection.askForVotes(LeaderElection.java:197)
	at org.apache.ratis.server.impl.LeaderElection.run(LeaderElection.java:133)
	at java.lang.Thread.run(Thread.java:748)
Caused by: org.apache.ratis.thirdparty.io.grpc.StatusRuntimeException: UNAVAILABLE: io exception
	at org.apache.ratis.thirdparty.io.grpc.stub.ClientCalls.toStatusRuntimeException(ClientCalls.java:233)
	at org.apache.ratis.thirdparty.io.grpc.stub.ClientCalls.getUnchecked(ClientCalls.java:214)
	at org.apache.ratis.thirdparty.io.grpc.stub.ClientCalls.blockingUnaryCall(ClientCalls.java:139)
	at org.apache.ratis.proto.grpc.RaftServerProtocolServiceGrpc$RaftServerProtocolServiceBlockingStub.requestVote(RaftServerProtocolServiceGrpc.java:265)
	at org.apache.ratis.grpc.server.GrpcServerProtocolClient.requestVote(GrpcServerProtocolClient.java:99)
	at org.apache.ratis.grpc.server.GrpcService.requestVote(GrpcService.java:204)
	at org.apache.ratis.server.impl.LeaderElection.lambda$submitRequests$1(LeaderElection.java:234)
	at java.util.concurrent.FutureTask.run(FutureTask.java:266)
	at java.util.concurrent.Executors$RunnableAdapter.call(Executors.java:511)
	at java.util.concurrent.FutureTask.run(FutureTask.java:266)
	at java.util.concurrent.ThreadPoolExecutor.runWorker(ThreadPoolExecutor.java:1149)
	at java.util.concurrent.ThreadPoolExecutor$Worker.run(ThreadPoolExecutor.java:624)
	... 1 more
Caused by: org.apache.ratis.thirdparty.io.netty.channel.AbstractChannel$AnnotatedConnectException: Connection refused: /192.168.157.254:36038
	at sun.nio.ch.SocketChannelImpl.checkConnect(Native Method)
	at sun.nio.ch.SocketChannelImpl.finishConnect(SocketChannelImpl.java:717)
	at org.apache.ratis.thirdparty.io.netty.channel.socket.nio.NioSocketChannel.doFinishConnect(NioSocketChannel.java:327)
	at org.apache.ratis.thirdparty.io.netty.channel.nio.AbstractNioChannel$AbstractNioUnsafe.finishConnect(AbstractNioChannel.java:340)
	at org.apache.ratis.thirdparty.io.netty.channel.nio.NioEventLoop.processSelectedKey(NioEventLoop.java:632)
	at org.apache.ratis.thirdparty.io.netty.channel.nio.NioEventLoop.processSelectedKeysOptimized(NioEventLoop.java:579)
	at org.apache.ratis.thirdparty.io.netty.channel.nio.NioEventLoop.processSelectedKeys(NioEventLoop.java:496)
	at org.apache.ratis.thirdparty.io.netty.channel.nio.NioEventLoop.run(NioEventLoop.java:458)
	at org.apache.ratis.thirdparty.io.netty.util.concurrent.SingleThreadEventExecutor$5.run(SingleThreadEventExecutor.java:897)
	at org.apache.ratis.thirdparty.io.netty.util.concurrent.FastThreadLocalRunnable.run(FastThreadLocalRunnable.java:30)
	... 1 more
Caused by: java.net.ConnectException: Connection refused
	... 11 more
2019-10-22 00:13:27,220 [f318eb4e-a4da-4d18-984a-fa4eff1dbce1@group-597AF0FA787F-LeaderElection290] INFO  impl.LeaderElection (LogUtils.java:infoOrTrace(149)) - f318eb4e-a4da-4d18-984a-fa4eff1dbce1@group-597AF0FA787F-LeaderElection290 got exception when requesting votes: {}
java.util.concurrent.ExecutionException: org.apache.ratis.thirdparty.io.grpc.StatusRuntimeException: UNAVAILABLE: io exception
	at java.util.concurrent.FutureTask.report(FutureTask.java:122)
	at java.util.concurrent.FutureTask.get(FutureTask.java:192)
	at org.apache.ratis.server.impl.LeaderElection.waitForResults(LeaderElection.java:259)
	at org.apache.ratis.server.impl.LeaderElection.askForVotes(LeaderElection.java:197)
	at org.apache.ratis.server.impl.LeaderElection.run(LeaderElection.java:133)
	at java.lang.Thread.run(Thread.java:748)
Caused by: org.apache.ratis.thirdparty.io.grpc.StatusRuntimeException: UNAVAILABLE: io exception
	at org.apache.ratis.thirdparty.io.grpc.stub.ClientCalls.toStatusRuntimeException(ClientCalls.java:233)
	at org.apache.ratis.thirdparty.io.grpc.stub.ClientCalls.getUnchecked(ClientCalls.java:214)
	at org.apache.ratis.thirdparty.io.grpc.stub.ClientCalls.blockingUnaryCall(ClientCalls.java:139)
	at org.apache.ratis.proto.grpc.RaftServerProtocolServiceGrpc$RaftServerProtocolServiceBlockingStub.requestVote(RaftServerProtocolServiceGrpc.java:265)
	at org.apache.ratis.grpc.server.GrpcServerProtocolClient.requestVote(GrpcServerProtocolClient.java:99)
	at org.apache.ratis.grpc.server.GrpcService.requestVote(GrpcService.java:204)
	at org.apache.ratis.server.impl.LeaderElection.lambda$submitRequests$1(LeaderElection.java:234)
	at java.util.concurrent.FutureTask.run(FutureTask.java:266)
	at java.util.concurrent.Executors$RunnableAdapter.call(Executors.java:511)
	at java.util.concurrent.FutureTask.run(FutureTask.java:266)
	at java.util.concurrent.ThreadPoolExecutor.runWorker(ThreadPoolExecutor.java:1149)
	at java.util.concurrent.ThreadPoolExecutor$Worker.run(ThreadPoolExecutor.java:624)
	... 1 more
Caused by: org.apache.ratis.thirdparty.io.netty.channel.AbstractChannel$AnnotatedConnectException: Connection refused: /192.168.157.254:38611
	at sun.nio.ch.SocketChannelImpl.checkConnect(Native Method)
	at sun.nio.ch.SocketChannelImpl.finishConnect(SocketChannelImpl.java:717)
	at org.apache.ratis.thirdparty.io.netty.channel.socket.nio.NioSocketChannel.doFinishConnect(NioSocketChannel.java:327)
	at org.apache.ratis.thirdparty.io.netty.channel.nio.AbstractNioChannel$AbstractNioUnsafe.finishConnect(AbstractNioChannel.java:340)
	at org.apache.ratis.thirdparty.io.netty.channel.nio.NioEventLoop.processSelectedKey(NioEventLoop.java:632)
	at org.apache.ratis.thirdparty.io.netty.channel.nio.NioEventLoop.processSelectedKeysOptimized(NioEventLoop.java:579)
	at org.apache.ratis.thirdparty.io.netty.channel.nio.NioEventLoop.processSelectedKeys(NioEventLoop.java:496)
	at org.apache.ratis.thirdparty.io.netty.channel.nio.NioEventLoop.run(NioEventLoop.java:458)
	at org.apache.ratis.thirdparty.io.netty.util.concurrent.SingleThreadEventExecutor$5.run(SingleThreadEventExecutor.java:897)
	at org.apache.ratis.thirdparty.io.netty.util.concurrent.FastThreadLocalRunnable.run(FastThreadLocalRunnable.java:30)
	... 1 more
Caused by: java.net.ConnectException: Connection refused
	... 11 more
2019-10-22 00:13:27,220 [2fdb3e93-e0d8-400e-8c33-91e2341b50c6@group-F01152B53F91-LeaderElection289] INFO  impl.LeaderElection (LeaderElection.java:logAndReturn(56)) - 2fdb3e93-e0d8-400e-8c33-91e2341b50c6@group-F01152B53F91-LeaderElection289: Election REJECTED; received 0 response(s) [] and 2 exception(s); 2fdb3e93-e0d8-400e-8c33-91e2341b50c6@group-F01152B53F91:t286, leader=null, voted=2fdb3e93-e0d8-400e-8c33-91e2341b50c6, raftlog=2fdb3e93-e0d8-400e-8c33-91e2341b50c6@group-F01152B53F91-SegmentedRaftLog:OPENED:c-1,f-1,i0, conf=-1: [2fdb3e93-e0d8-400e-8c33-91e2341b50c6:192.168.157.254:43254, 062c71de-08d9-40ee-9309-15590e2e8e68:192.168.157.254:45598, 2a52019e-5647-44e1-bf30-9a43fd8a7377:192.168.157.254:36038], old=null
2019-10-22 00:13:27,220 [f318eb4e-a4da-4d18-984a-fa4eff1dbce1@group-597AF0FA787F-LeaderElection290] INFO  impl.LeaderElection (LeaderElection.java:logAndReturn(56)) - f318eb4e-a4da-4d18-984a-fa4eff1dbce1@group-597AF0FA787F-LeaderElection290: Election REJECTED; received 0 response(s) [] and 2 exception(s); f318eb4e-a4da-4d18-984a-fa4eff1dbce1@group-597AF0FA787F:t9, leader=null, voted=f318eb4e-a4da-4d18-984a-fa4eff1dbce1, raftlog=f318eb4e-a4da-4d18-984a-fa4eff1dbce1@group-597AF0FA787F-SegmentedRaftLog:OPENED:c21,f21,i21, conf=20: [d521f5b1-4e7b-4169-9688-2112c7da7b1f:192.168.157.254:45094, 9d453efa-53cb-467a-9eb6-1ab0458610f0:192.168.157.254:38611, f318eb4e-a4da-4d18-984a-fa4eff1dbce1:192.168.157.254:43586], old=null
2019-10-22 00:13:27,220 [2fdb3e93-e0d8-400e-8c33-91e2341b50c6@group-F01152B53F91-LeaderElection289] INFO  impl.LeaderElection (LogUtils.java:infoOrTrace(149)) -   Exception 0: {}
java.util.concurrent.ExecutionException: org.apache.ratis.thirdparty.io.grpc.StatusRuntimeException: UNAVAILABLE: io exception
	at java.util.concurrent.FutureTask.report(FutureTask.java:122)
	at java.util.concurrent.FutureTask.get(FutureTask.java:192)
	at org.apache.ratis.server.impl.LeaderElection.waitForResults(LeaderElection.java:259)
	at org.apache.ratis.server.impl.LeaderElection.askForVotes(LeaderElection.java:197)
	at org.apache.ratis.server.impl.LeaderElection.run(LeaderElection.java:133)
	at java.lang.Thread.run(Thread.java:748)
Caused by: org.apache.ratis.thirdparty.io.grpc.StatusRuntimeException: UNAVAILABLE: io exception
	at org.apache.ratis.thirdparty.io.grpc.stub.ClientCalls.toStatusRuntimeException(ClientCalls.java:233)
	at org.apache.ratis.thirdparty.io.grpc.stub.ClientCalls.getUnchecked(ClientCalls.java:214)
	at org.apache.ratis.thirdparty.io.grpc.stub.ClientCalls.blockingUnaryCall(ClientCalls.java:139)
	at org.apache.ratis.proto.grpc.RaftServerProtocolServiceGrpc$RaftServerProtocolServiceBlockingStub.requestVote(RaftServerProtocolServiceGrpc.java:265)
	at org.apache.ratis.grpc.server.GrpcServerProtocolClient.requestVote(GrpcServerProtocolClient.java:99)
	at org.apache.ratis.grpc.server.GrpcService.requestVote(GrpcService.java:204)
	at org.apache.ratis.server.impl.LeaderElection.lambda$submitRequests$1(LeaderElection.java:234)
	at java.util.concurrent.FutureTask.run(FutureTask.java:266)
	at java.util.concurrent.Executors$RunnableAdapter.call(Executors.java:511)
	at java.util.concurrent.FutureTask.run(FutureTask.java:266)
	at java.util.concurrent.ThreadPoolExecutor.runWorker(ThreadPoolExecutor.java:1149)
	at java.util.concurrent.ThreadPoolExecutor$Worker.run(ThreadPoolExecutor.java:624)
	... 1 more
Caused by: org.apache.ratis.thirdparty.io.netty.channel.AbstractChannel$AnnotatedConnectException: Connection refused: /192.168.157.254:45598
	at sun.nio.ch.SocketChannelImpl.checkConnect(Native Method)
	at sun.nio.ch.SocketChannelImpl.finishConnect(SocketChannelImpl.java:717)
	at org.apache.ratis.thirdparty.io.netty.channel.socket.nio.NioSocketChannel.doFinishConnect(NioSocketChannel.java:327)
	at org.apache.ratis.thirdparty.io.netty.channel.nio.AbstractNioChannel$AbstractNioUnsafe.finishConnect(AbstractNioChannel.java:340)
	at org.apache.ratis.thirdparty.io.netty.channel.nio.NioEventLoop.processSelectedKey(NioEventLoop.java:632)
	at org.apache.ratis.thirdparty.io.netty.channel.nio.NioEventLoop.processSelectedKeysOptimized(NioEventLoop.java:579)
	at org.apache.ratis.thirdparty.io.netty.channel.nio.NioEventLoop.processSelectedKeys(NioEventLoop.java:496)
	at org.apache.ratis.thirdparty.io.netty.channel.nio.NioEventLoop.run(NioEventLoop.java:458)
	at org.apache.ratis.thirdparty.io.netty.util.concurrent.SingleThreadEventExecutor$5.run(SingleThreadEventExecutor.java:897)
	at org.apache.ratis.thirdparty.io.netty.util.concurrent.FastThreadLocalRunnable.run(FastThreadLocalRunnable.java:30)
	... 1 more
Caused by: java.net.ConnectException: Connection refused
	... 11 more
2019-10-22 00:13:27,220 [f318eb4e-a4da-4d18-984a-fa4eff1dbce1@group-597AF0FA787F-LeaderElection290] INFO  impl.LeaderElection (LogUtils.java:infoOrTrace(149)) -   Exception 0: {}
java.util.concurrent.ExecutionException: org.apache.ratis.thirdparty.io.grpc.StatusRuntimeException: UNAVAILABLE: io exception
	at java.util.concurrent.FutureTask.report(FutureTask.java:122)
	at java.util.concurrent.FutureTask.get(FutureTask.java:192)
	at org.apache.ratis.server.impl.LeaderElection.waitForResults(LeaderElection.java:259)
	at org.apache.ratis.server.impl.LeaderElection.askForVotes(LeaderElection.java:197)
	at org.apache.ratis.server.impl.LeaderElection.run(LeaderElection.java:133)
	at java.lang.Thread.run(Thread.java:748)
Caused by: org.apache.ratis.thirdparty.io.grpc.StatusRuntimeException: UNAVAILABLE: io exception
	at org.apache.ratis.thirdparty.io.grpc.stub.ClientCalls.toStatusRuntimeException(ClientCalls.java:233)
	at org.apache.ratis.thirdparty.io.grpc.stub.ClientCalls.getUnchecked(ClientCalls.java:214)
	at org.apache.ratis.thirdparty.io.grpc.stub.ClientCalls.blockingUnaryCall(ClientCalls.java:139)
	at org.apache.ratis.proto.grpc.RaftServerProtocolServiceGrpc$RaftServerProtocolServiceBlockingStub.requestVote(RaftServerProtocolServiceGrpc.java:265)
	at org.apache.ratis.grpc.server.GrpcServerProtocolClient.requestVote(GrpcServerProtocolClient.java:99)
	at org.apache.ratis.grpc.server.GrpcService.requestVote(GrpcService.java:204)
	at org.apache.ratis.server.impl.LeaderElection.lambda$submitRequests$1(LeaderElection.java:234)
	at java.util.concurrent.FutureTask.run(FutureTask.java:266)
	at java.util.concurrent.Executors$RunnableAdapter.call(Executors.java:511)
	at java.util.concurrent.FutureTask.run(FutureTask.java:266)
	at java.util.concurrent.ThreadPoolExecutor.runWorker(ThreadPoolExecutor.java:1149)
	at java.util.concurrent.ThreadPoolExecutor$Worker.run(ThreadPoolExecutor.java:624)
	... 1 more
Caused by: org.apache.ratis.thirdparty.io.netty.channel.AbstractChannel$AnnotatedConnectException: Connection refused: /192.168.157.254:45094
	at sun.nio.ch.SocketChannelImpl.checkConnect(Native Method)
	at sun.nio.ch.SocketChannelImpl.finishConnect(SocketChannelImpl.java:717)
	at org.apache.ratis.thirdparty.io.netty.channel.socket.nio.NioSocketChannel.doFinishConnect(NioSocketChannel.java:327)
	at org.apache.ratis.thirdparty.io.netty.channel.nio.AbstractNioChannel$AbstractNioUnsafe.finishConnect(AbstractNioChannel.java:340)
	at org.apache.ratis.thirdparty.io.netty.channel.nio.NioEventLoop.processSelectedKey(NioEventLoop.java:632)
	at org.apache.ratis.thirdparty.io.netty.channel.nio.NioEventLoop.processSelectedKeysOptimized(NioEventLoop.java:579)
	at org.apache.ratis.thirdparty.io.netty.channel.nio.NioEventLoop.processSelectedKeys(NioEventLoop.java:496)
	at org.apache.ratis.thirdparty.io.netty.channel.nio.NioEventLoop.run(NioEventLoop.java:458)
	at org.apache.ratis.thirdparty.io.netty.util.concurrent.SingleThreadEventExecutor$5.run(SingleThreadEventExecutor.java:897)
	at org.apache.ratis.thirdparty.io.netty.util.concurrent.FastThreadLocalRunnable.run(FastThreadLocalRunnable.java:30)
	... 1 more
Caused by: java.net.ConnectException: Connection refused
	... 11 more
2019-10-22 00:13:27,221 [2fdb3e93-e0d8-400e-8c33-91e2341b50c6@group-F01152B53F91-LeaderElection289] INFO  impl.LeaderElection (LogUtils.java:infoOrTrace(149)) -   Exception 1: {}
java.util.concurrent.ExecutionException: org.apache.ratis.thirdparty.io.grpc.StatusRuntimeException: UNAVAILABLE: io exception
	at java.util.concurrent.FutureTask.report(FutureTask.java:122)
	at java.util.concurrent.FutureTask.get(FutureTask.java:192)
	at org.apache.ratis.server.impl.LeaderElection.waitForResults(LeaderElection.java:259)
	at org.apache.ratis.server.impl.LeaderElection.askForVotes(LeaderElection.java:197)
	at org.apache.ratis.server.impl.LeaderElection.run(LeaderElection.java:133)
	at java.lang.Thread.run(Thread.java:748)
Caused by: org.apache.ratis.thirdparty.io.grpc.StatusRuntimeException: UNAVAILABLE: io exception
	at org.apache.ratis.thirdparty.io.grpc.stub.ClientCalls.toStatusRuntimeException(ClientCalls.java:233)
	at org.apache.ratis.thirdparty.io.grpc.stub.ClientCalls.getUnchecked(ClientCalls.java:214)
	at org.apache.ratis.thirdparty.io.grpc.stub.ClientCalls.blockingUnaryCall(ClientCalls.java:139)
	at org.apache.ratis.proto.grpc.RaftServerProtocolServiceGrpc$RaftServerProtocolServiceBlockingStub.requestVote(RaftServerProtocolServiceGrpc.java:265)
	at org.apache.ratis.grpc.server.GrpcServerProtocolClient.requestVote(GrpcServerProtocolClient.java:99)
	at org.apache.ratis.grpc.server.GrpcService.requestVote(GrpcService.java:204)
	at org.apache.ratis.server.impl.LeaderElection.lambda$submitRequests$1(LeaderElection.java:234)
	at java.util.concurrent.FutureTask.run(FutureTask.java:266)
	at java.util.concurrent.Executors$RunnableAdapter.call(Executors.java:511)
	at java.util.concurrent.FutureTask.run(FutureTask.java:266)
	at java.util.concurrent.ThreadPoolExecutor.runWorker(ThreadPoolExecutor.java:1149)
	at java.util.concurrent.ThreadPoolExecutor$Worker.run(ThreadPoolExecutor.java:624)
	... 1 more
Caused by: org.apache.ratis.thirdparty.io.netty.channel.AbstractChannel$AnnotatedConnectException: Connection refused: /192.168.157.254:36038
	at sun.nio.ch.SocketChannelImpl.checkConnect(Native Method)
	at sun.nio.ch.SocketChannelImpl.finishConnect(SocketChannelImpl.java:717)
	at org.apache.ratis.thirdparty.io.netty.channel.socket.nio.NioSocketChannel.doFinishConnect(NioSocketChannel.java:327)
	at org.apache.ratis.thirdparty.io.netty.channel.nio.AbstractNioChannel$AbstractNioUnsafe.finishConnect(AbstractNioChannel.java:340)
	at org.apache.ratis.thirdparty.io.netty.channel.nio.NioEventLoop.processSelectedKey(NioEventLoop.java:632)
	at org.apache.ratis.thirdparty.io.netty.channel.nio.NioEventLoop.processSelectedKeysOptimized(NioEventLoop.java:579)
	at org.apache.ratis.thirdparty.io.netty.channel.nio.NioEventLoop.processSelectedKeys(NioEventLoop.java:496)
	at org.apache.ratis.thirdparty.io.netty.channel.nio.NioEventLoop.run(NioEventLoop.java:458)
	at org.apache.ratis.thirdparty.io.netty.util.concurrent.SingleThreadEventExecutor$5.run(SingleThreadEventExecutor.java:897)
	at org.apache.ratis.thirdparty.io.netty.util.concurrent.FastThreadLocalRunnable.run(FastThreadLocalRunnable.java:30)
	... 1 more
Caused by: java.net.ConnectException: Connection refused
	... 11 more
2019-10-22 00:13:27,221 [f318eb4e-a4da-4d18-984a-fa4eff1dbce1@group-597AF0FA787F-LeaderElection290] INFO  impl.LeaderElection (LogUtils.java:infoOrTrace(149)) -   Exception 1: {}
java.util.concurrent.ExecutionException: org.apache.ratis.thirdparty.io.grpc.StatusRuntimeException: UNAVAILABLE: io exception
	at java.util.concurrent.FutureTask.report(FutureTask.java:122)
	at java.util.concurrent.FutureTask.get(FutureTask.java:192)
	at org.apache.ratis.server.impl.LeaderElection.waitForResults(LeaderElection.java:259)
	at org.apache.ratis.server.impl.LeaderElection.askForVotes(LeaderElection.java:197)
	at org.apache.ratis.server.impl.LeaderElection.run(LeaderElection.java:133)
	at java.lang.Thread.run(Thread.java:748)
Caused by: org.apache.ratis.thirdparty.io.grpc.StatusRuntimeException: UNAVAILABLE: io exception
	at org.apache.ratis.thirdparty.io.grpc.stub.ClientCalls.toStatusRuntimeException(ClientCalls.java:233)
	at org.apache.ratis.thirdparty.io.grpc.stub.ClientCalls.getUnchecked(ClientCalls.java:214)
	at org.apache.ratis.thirdparty.io.grpc.stub.ClientCalls.blockingUnaryCall(ClientCalls.java:139)
	at org.apache.ratis.proto.grpc.RaftServerProtocolServiceGrpc$RaftServerProtocolServiceBlockingStub.requestVote(RaftServerProtocolServiceGrpc.java:265)
	at org.apache.ratis.grpc.server.GrpcServerProtocolClient.requestVote(GrpcServerProtocolClient.java:99)
	at org.apache.ratis.grpc.server.GrpcService.requestVote(GrpcService.java:204)
	at org.apache.ratis.server.impl.LeaderElection.lambda$submitRequests$1(LeaderElection.java:234)
	at java.util.concurrent.FutureTask.run(FutureTask.java:266)
	at java.util.concurrent.Executors$RunnableAdapter.call(Executors.java:511)
	at java.util.concurrent.FutureTask.run(FutureTask.java:266)
	at java.util.concurrent.ThreadPoolExecutor.runWorker(ThreadPoolExecutor.java:1149)
	at java.util.concurrent.ThreadPoolExecutor$Worker.run(ThreadPoolExecutor.java:624)
	... 1 more
Caused by: org.apache.ratis.thirdparty.io.netty.channel.AbstractChannel$AnnotatedConnectException: Connection refused: /192.168.157.254:38611
	at sun.nio.ch.SocketChannelImpl.checkConnect(Native Method)
	at sun.nio.ch.SocketChannelImpl.finishConnect(SocketChannelImpl.java:717)
	at org.apache.ratis.thirdparty.io.netty.channel.socket.nio.NioSocketChannel.doFinishConnect(NioSocketChannel.java:327)
	at org.apache.ratis.thirdparty.io.netty.channel.nio.AbstractNioChannel$AbstractNioUnsafe.finishConnect(AbstractNioChannel.java:340)
	at org.apache.ratis.thirdparty.io.netty.channel.nio.NioEventLoop.processSelectedKey(NioEventLoop.java:632)
	at org.apache.ratis.thirdparty.io.netty.channel.nio.NioEventLoop.processSelectedKeysOptimized(NioEventLoop.java:579)
	at org.apache.ratis.thirdparty.io.netty.channel.nio.NioEventLoop.processSelectedKeys(NioEventLoop.java:496)
	at org.apache.ratis.thirdparty.io.netty.channel.nio.NioEventLoop.run(NioEventLoop.java:458)
	at org.apache.ratis.thirdparty.io.netty.util.concurrent.SingleThreadEventExecutor$5.run(SingleThreadEventExecutor.java:897)
	at org.apache.ratis.thirdparty.io.netty.util.concurrent.FastThreadLocalRunnable.run(FastThreadLocalRunnable.java:30)
	... 1 more
Caused by: java.net.ConnectException: Connection refused
	... 11 more
2019-10-22 00:13:27,221 [2fdb3e93-e0d8-400e-8c33-91e2341b50c6@group-F01152B53F91-LeaderElection289] INFO  impl.RaftServerImpl (RaftServerImpl.java:setRole(184)) - 2fdb3e93-e0d8-400e-8c33-91e2341b50c6@group-F01152B53F91: changes role from CANDIDATE to FOLLOWER at term 286 for DISCOVERED_A_NEW_TERM
2019-10-22 00:13:27,222 [f318eb4e-a4da-4d18-984a-fa4eff1dbce1@group-597AF0FA787F-LeaderElection290] INFO  impl.RaftServerImpl (RaftServerImpl.java:setRole(184)) - f318eb4e-a4da-4d18-984a-fa4eff1dbce1@group-597AF0FA787F: changes role from CANDIDATE to FOLLOWER at term 9 for DISCOVERED_A_NEW_TERM
2019-10-22 00:13:27,222 [2fdb3e93-e0d8-400e-8c33-91e2341b50c6@group-F01152B53F91-LeaderElection289] INFO  impl.RoleInfo (RoleInfo.java:shutdownLeaderElection(134)) - 2fdb3e93-e0d8-400e-8c33-91e2341b50c6: shutdown LeaderElection
2019-10-22 00:13:27,222 [f318eb4e-a4da-4d18-984a-fa4eff1dbce1@group-597AF0FA787F-LeaderElection290] INFO  impl.RoleInfo (RoleInfo.java:shutdownLeaderElection(134)) - f318eb4e-a4da-4d18-984a-fa4eff1dbce1: shutdown LeaderElection
2019-10-22 00:13:27,222 [2fdb3e93-e0d8-400e-8c33-91e2341b50c6@group-F01152B53F91-LeaderElection289] INFO  impl.RoleInfo (RoleInfo.java:updateAndGet(143)) - 2fdb3e93-e0d8-400e-8c33-91e2341b50c6: start FollowerState
2019-10-22 00:13:27,222 [f318eb4e-a4da-4d18-984a-fa4eff1dbce1@group-597AF0FA787F-LeaderElection290] INFO  impl.RoleInfo (RoleInfo.java:updateAndGet(143)) - f318eb4e-a4da-4d18-984a-fa4eff1dbce1: start FollowerState
2019-10-22 00:13:27,378 [Thread-2204] INFO  impl.FollowerState (FollowerState.java:run(108)) - 2fdb3e93-e0d8-400e-8c33-91e2341b50c6@group-F01152B53F91-FollowerState: change to CANDIDATE, lastRpcTime:156ms, electionTimeout:156ms
2019-10-22 00:13:27,378 [Thread-2204] INFO  impl.RoleInfo (RoleInfo.java:shutdownFollowerState(121)) - 2fdb3e93-e0d8-400e-8c33-91e2341b50c6: shutdown FollowerState
2019-10-22 00:13:27,379 [Thread-2204] INFO  impl.RaftServerImpl (RaftServerImpl.java:setRole(184)) - 2fdb3e93-e0d8-400e-8c33-91e2341b50c6@group-F01152B53F91: changes role from  FOLLOWER to CANDIDATE at term 286 for changeToCandidate
2019-10-22 00:13:27,379 [Thread-2204] INFO  impl.RoleInfo (RoleInfo.java:updateAndGet(143)) - 2fdb3e93-e0d8-400e-8c33-91e2341b50c6: start LeaderElection
2019-10-22 00:13:27,396 [2fdb3e93-e0d8-400e-8c33-91e2341b50c6@group-F01152B53F91-LeaderElection291] INFO  impl.LeaderElection (LeaderElection.java:askForVotes(178)) - 2fdb3e93-e0d8-400e-8c33-91e2341b50c6@group-F01152B53F91-LeaderElection291: begin an election at term 287 for -1: [2fdb3e93-e0d8-400e-8c33-91e2341b50c6:192.168.157.254:43254, 062c71de-08d9-40ee-9309-15590e2e8e68:192.168.157.254:45598, 2a52019e-5647-44e1-bf30-9a43fd8a7377:192.168.157.254:36038], old=null
2019-10-22 00:13:27,397 [2fdb3e93-e0d8-400e-8c33-91e2341b50c6@group-F01152B53F91-LeaderElection291] INFO  impl.LeaderElection (LogUtils.java:infoOrTrace(149)) - 2fdb3e93-e0d8-400e-8c33-91e2341b50c6@group-F01152B53F91-LeaderElection291 got exception when requesting votes: {}
java.util.concurrent.ExecutionException: org.apache.ratis.thirdparty.io.grpc.StatusRuntimeException: UNAVAILABLE: io exception
	at java.util.concurrent.FutureTask.report(FutureTask.java:122)
	at java.util.concurrent.FutureTask.get(FutureTask.java:192)
	at org.apache.ratis.server.impl.LeaderElection.waitForResults(LeaderElection.java:259)
	at org.apache.ratis.server.impl.LeaderElection.askForVotes(LeaderElection.java:197)
	at org.apache.ratis.server.impl.LeaderElection.run(LeaderElection.java:133)
	at java.lang.Thread.run(Thread.java:748)
Caused by: org.apache.ratis.thirdparty.io.grpc.StatusRuntimeException: UNAVAILABLE: io exception
	at org.apache.ratis.thirdparty.io.grpc.stub.ClientCalls.toStatusRuntimeException(ClientCalls.java:233)
	at org.apache.ratis.thirdparty.io.grpc.stub.ClientCalls.getUnchecked(ClientCalls.java:214)
	at org.apache.ratis.thirdparty.io.grpc.stub.ClientCalls.blockingUnaryCall(ClientCalls.java:139)
	at org.apache.ratis.proto.grpc.RaftServerProtocolServiceGrpc$RaftServerProtocolServiceBlockingStub.requestVote(RaftServerProtocolServiceGrpc.java:265)
	at org.apache.ratis.grpc.server.GrpcServerProtocolClient.requestVote(GrpcServerProtocolClient.java:99)
	at org.apache.ratis.grpc.server.GrpcService.requestVote(GrpcService.java:204)
	at org.apache.ratis.server.impl.LeaderElection.lambda$submitRequests$1(LeaderElection.java:234)
	at java.util.concurrent.FutureTask.run(FutureTask.java:266)
	at java.util.concurrent.Executors$RunnableAdapter.call(Executors.java:511)
	at java.util.concurrent.FutureTask.run(FutureTask.java:266)
	at java.util.concurrent.ThreadPoolExecutor.runWorker(ThreadPoolExecutor.java:1149)
	at java.util.concurrent.ThreadPoolExecutor$Worker.run(ThreadPoolExecutor.java:624)
	... 1 more
Caused by: org.apache.ratis.thirdparty.io.netty.channel.AbstractChannel$AnnotatedConnectException: Connection refused: /192.168.157.254:36038
	at sun.nio.ch.SocketChannelImpl.checkConnect(Native Method)
	at sun.nio.ch.SocketChannelImpl.finishConnect(SocketChannelImpl.java:717)
	at org.apache.ratis.thirdparty.io.netty.channel.socket.nio.NioSocketChannel.doFinishConnect(NioSocketChannel.java:327)
	at org.apache.ratis.thirdparty.io.netty.channel.nio.AbstractNioChannel$AbstractNioUnsafe.finishConnect(AbstractNioChannel.java:340)
	at org.apache.ratis.thirdparty.io.netty.channel.nio.NioEventLoop.processSelectedKey(NioEventLoop.java:632)
	at org.apache.ratis.thirdparty.io.netty.channel.nio.NioEventLoop.processSelectedKeysOptimized(NioEventLoop.java:579)
	at org.apache.ratis.thirdparty.io.netty.channel.nio.NioEventLoop.processSelectedKeys(NioEventLoop.java:496)
	at org.apache.ratis.thirdparty.io.netty.channel.nio.NioEventLoop.run(NioEventLoop.java:458)
	at org.apache.ratis.thirdparty.io.netty.util.concurrent.SingleThreadEventExecutor$5.run(SingleThreadEventExecutor.java:897)
	at org.apache.ratis.thirdparty.io.netty.util.concurrent.FastThreadLocalRunnable.run(FastThreadLocalRunnable.java:30)
	... 1 more
Caused by: java.net.ConnectException: Connection refused
	... 11 more
2019-10-22 00:13:27,397 [2fdb3e93-e0d8-400e-8c33-91e2341b50c6@group-F01152B53F91-LeaderElection291] INFO  impl.LeaderElection (LogUtils.java:infoOrTrace(149)) - 2fdb3e93-e0d8-400e-8c33-91e2341b50c6@group-F01152B53F91-LeaderElection291 got exception when requesting votes: {}
java.util.concurrent.ExecutionException: org.apache.ratis.thirdparty.io.grpc.StatusRuntimeException: UNAVAILABLE: io exception
	at java.util.concurrent.FutureTask.report(FutureTask.java:122)
	at java.util.concurrent.FutureTask.get(FutureTask.java:192)
	at org.apache.ratis.server.impl.LeaderElection.waitForResults(LeaderElection.java:259)
	at org.apache.ratis.server.impl.LeaderElection.askForVotes(LeaderElection.java:197)
	at org.apache.ratis.server.impl.LeaderElection.run(LeaderElection.java:133)
	at java.lang.Thread.run(Thread.java:748)
Caused by: org.apache.ratis.thirdparty.io.grpc.StatusRuntimeException: UNAVAILABLE: io exception
	at org.apache.ratis.thirdparty.io.grpc.stub.ClientCalls.toStatusRuntimeException(ClientCalls.java:233)
	at org.apache.ratis.thirdparty.io.grpc.stub.ClientCalls.getUnchecked(ClientCalls.java:214)
	at org.apache.ratis.thirdparty.io.grpc.stub.ClientCalls.blockingUnaryCall(ClientCalls.java:139)
	at org.apache.ratis.proto.grpc.RaftServerProtocolServiceGrpc$RaftServerProtocolServiceBlockingStub.requestVote(RaftServerProtocolServiceGrpc.java:265)
	at org.apache.ratis.grpc.server.GrpcServerProtocolClient.requestVote(GrpcServerProtocolClient.java:99)
	at org.apache.ratis.grpc.server.GrpcService.requestVote(GrpcService.java:204)
	at org.apache.ratis.server.impl.LeaderElection.lambda$submitRequests$1(LeaderElection.java:234)
	at java.util.concurrent.FutureTask.run(FutureTask.java:266)
	at java.util.concurrent.Executors$RunnableAdapter.call(Executors.java:511)
	at java.util.concurrent.FutureTask.run(FutureTask.java:266)
	at java.util.concurrent.ThreadPoolExecutor.runWorker(ThreadPoolExecutor.java:1149)
	at java.util.concurrent.ThreadPoolExecutor$Worker.run(ThreadPoolExecutor.java:624)
	... 1 more
Caused by: org.apache.ratis.thirdparty.io.netty.channel.AbstractChannel$AnnotatedConnectException: Connection refused: /192.168.157.254:45598
	at sun.nio.ch.SocketChannelImpl.checkConnect(Native Method)
	at sun.nio.ch.SocketChannelImpl.finishConnect(SocketChannelImpl.java:717)
	at org.apache.ratis.thirdparty.io.netty.channel.socket.nio.NioSocketChannel.doFinishConnect(NioSocketChannel.java:327)
	at org.apache.ratis.thirdparty.io.netty.channel.nio.AbstractNioChannel$AbstractNioUnsafe.finishConnect(AbstractNioChannel.java:340)
	at org.apache.ratis.thirdparty.io.netty.channel.nio.NioEventLoop.processSelectedKey(NioEventLoop.java:632)
	at org.apache.ratis.thirdparty.io.netty.channel.nio.NioEventLoop.processSelectedKeysOptimized(NioEventLoop.java:579)
	at org.apache.ratis.thirdparty.io.netty.channel.nio.NioEventLoop.processSelectedKeys(NioEventLoop.java:496)
	at org.apache.ratis.thirdparty.io.netty.channel.nio.NioEventLoop.run(NioEventLoop.java:458)
	at org.apache.ratis.thirdparty.io.netty.util.concurrent.SingleThreadEventExecutor$5.run(SingleThreadEventExecutor.java:897)
	at org.apache.ratis.thirdparty.io.netty.util.concurrent.FastThreadLocalRunnable.run(FastThreadLocalRunnable.java:30)
	... 1 more
Caused by: java.net.ConnectException: Connection refused
	... 11 more
2019-10-22 00:13:27,397 [2fdb3e93-e0d8-400e-8c33-91e2341b50c6@group-F01152B53F91-LeaderElection291] INFO  impl.LeaderElection (LeaderElection.java:logAndReturn(56)) - 2fdb3e93-e0d8-400e-8c33-91e2341b50c6@group-F01152B53F91-LeaderElection291: Election REJECTED; received 0 response(s) [] and 2 exception(s); 2fdb3e93-e0d8-400e-8c33-91e2341b50c6@group-F01152B53F91:t287, leader=null, voted=2fdb3e93-e0d8-400e-8c33-91e2341b50c6, raftlog=2fdb3e93-e0d8-400e-8c33-91e2341b50c6@group-F01152B53F91-SegmentedRaftLog:OPENED:c-1,f-1,i0, conf=-1: [2fdb3e93-e0d8-400e-8c33-91e2341b50c6:192.168.157.254:43254, 062c71de-08d9-40ee-9309-15590e2e8e68:192.168.157.254:45598, 2a52019e-5647-44e1-bf30-9a43fd8a7377:192.168.157.254:36038], old=null
2019-10-22 00:13:27,397 [2fdb3e93-e0d8-400e-8c33-91e2341b50c6@group-F01152B53F91-LeaderElection291] INFO  impl.LeaderElection (LogUtils.java:infoOrTrace(149)) -   Exception 0: {}
java.util.concurrent.ExecutionException: org.apache.ratis.thirdparty.io.grpc.StatusRuntimeException: UNAVAILABLE: io exception
	at java.util.concurrent.FutureTask.report(FutureTask.java:122)
	at java.util.concurrent.FutureTask.get(FutureTask.java:192)
	at org.apache.ratis.server.impl.LeaderElection.waitForResults(LeaderElection.java:259)
	at org.apache.ratis.server.impl.LeaderElection.askForVotes(LeaderElection.java:197)
	at org.apache.ratis.server.impl.LeaderElection.run(LeaderElection.java:133)
	at java.lang.Thread.run(Thread.java:748)
Caused by: org.apache.ratis.thirdparty.io.grpc.StatusRuntimeException: UNAVAILABLE: io exception
	at org.apache.ratis.thirdparty.io.grpc.stub.ClientCalls.toStatusRuntimeException(ClientCalls.java:233)
	at org.apache.ratis.thirdparty.io.grpc.stub.ClientCalls.getUnchecked(ClientCalls.java:214)
	at org.apache.ratis.thirdparty.io.grpc.stub.ClientCalls.blockingUnaryCall(ClientCalls.java:139)
	at org.apache.ratis.proto.grpc.RaftServerProtocolServiceGrpc$RaftServerProtocolServiceBlockingStub.requestVote(RaftServerProtocolServiceGrpc.java:265)
	at org.apache.ratis.grpc.server.GrpcServerProtocolClient.requestVote(GrpcServerProtocolClient.java:99)
	at org.apache.ratis.grpc.server.GrpcService.requestVote(GrpcService.java:204)
	at org.apache.ratis.server.impl.LeaderElection.lambda$submitRequests$1(LeaderElection.java:234)
	at java.util.concurrent.FutureTask.run(FutureTask.java:266)
	at java.util.concurrent.Executors$RunnableAdapter.call(Executors.java:511)
	at java.util.concurrent.FutureTask.run(FutureTask.java:266)
	at java.util.concurrent.ThreadPoolExecutor.runWorker(ThreadPoolExecutor.java:1149)
	at java.util.concurrent.ThreadPoolExecutor$Worker.run(ThreadPoolExecutor.java:624)
	... 1 more
Caused by: org.apache.ratis.thirdparty.io.netty.channel.AbstractChannel$AnnotatedConnectException: Connection refused: /192.168.157.254:36038
	at sun.nio.ch.SocketChannelImpl.checkConnect(Native Method)
	at sun.nio.ch.SocketChannelImpl.finishConnect(SocketChannelImpl.java:717)
	at org.apache.ratis.thirdparty.io.netty.channel.socket.nio.NioSocketChannel.doFinishConnect(NioSocketChannel.java:327)
	at org.apache.ratis.thirdparty.io.netty.channel.nio.AbstractNioChannel$AbstractNioUnsafe.finishConnect(AbstractNioChannel.java:340)
	at org.apache.ratis.thirdparty.io.netty.channel.nio.NioEventLoop.processSelectedKey(NioEventLoop.java:632)
	at org.apache.ratis.thirdparty.io.netty.channel.nio.NioEventLoop.processSelectedKeysOptimized(NioEventLoop.java:579)
	at org.apache.ratis.thirdparty.io.netty.channel.nio.NioEventLoop.processSelectedKeys(NioEventLoop.java:496)
	at org.apache.ratis.thirdparty.io.netty.channel.nio.NioEventLoop.run(NioEventLoop.java:458)
	at org.apache.ratis.thirdparty.io.netty.util.concurrent.SingleThreadEventExecutor$5.run(SingleThreadEventExecutor.java:897)
	at org.apache.ratis.thirdparty.io.netty.util.concurrent.FastThreadLocalRunnable.run(FastThreadLocalRunnable.java:30)
	... 1 more
Caused by: java.net.ConnectException: Connection refused
	... 11 more
2019-10-22 00:13:27,397 [2fdb3e93-e0d8-400e-8c33-91e2341b50c6@group-F01152B53F91-LeaderElection291] INFO  impl.LeaderElection (LogUtils.java:infoOrTrace(149)) -   Exception 1: {}
java.util.concurrent.ExecutionException: org.apache.ratis.thirdparty.io.grpc.StatusRuntimeException: UNAVAILABLE: io exception
	at java.util.concurrent.FutureTask.report(FutureTask.java:122)
	at java.util.concurrent.FutureTask.get(FutureTask.java:192)
	at org.apache.ratis.server.impl.LeaderElection.waitForResults(LeaderElection.java:259)
	at org.apache.ratis.server.impl.LeaderElection.askForVotes(LeaderElection.java:197)
	at org.apache.ratis.server.impl.LeaderElection.run(LeaderElection.java:133)
	at java.lang.Thread.run(Thread.java:748)
Caused by: org.apache.ratis.thirdparty.io.grpc.StatusRuntimeException: UNAVAILABLE: io exception
	at org.apache.ratis.thirdparty.io.grpc.stub.ClientCalls.toStatusRuntimeException(ClientCalls.java:233)
	at org.apache.ratis.thirdparty.io.grpc.stub.ClientCalls.getUnchecked(ClientCalls.java:214)
	at org.apache.ratis.thirdparty.io.grpc.stub.ClientCalls.blockingUnaryCall(ClientCalls.java:139)
	at org.apache.ratis.proto.grpc.RaftServerProtocolServiceGrpc$RaftServerProtocolServiceBlockingStub.requestVote(RaftServerProtocolServiceGrpc.java:265)
	at org.apache.ratis.grpc.server.GrpcServerProtocolClient.requestVote(GrpcServerProtocolClient.java:99)
	at org.apache.ratis.grpc.server.GrpcService.requestVote(GrpcService.java:204)
	at org.apache.ratis.server.impl.LeaderElection.lambda$submitRequests$1(LeaderElection.java:234)
	at java.util.concurrent.FutureTask.run(FutureTask.java:266)
	at java.util.concurrent.Executors$RunnableAdapter.call(Executors.java:511)
	at java.util.concurrent.FutureTask.run(FutureTask.java:266)
	at java.util.concurrent.ThreadPoolExecutor.runWorker(ThreadPoolExecutor.java:1149)
	at java.util.concurrent.ThreadPoolExecutor$Worker.run(ThreadPoolExecutor.java:624)
	... 1 more
Caused by: org.apache.ratis.thirdparty.io.netty.channel.AbstractChannel$AnnotatedConnectException: Connection refused: /192.168.157.254:45598
	at sun.nio.ch.SocketChannelImpl.checkConnect(Native Method)
	at sun.nio.ch.SocketChannelImpl.finishConnect(SocketChannelImpl.java:717)
	at org.apache.ratis.thirdparty.io.netty.channel.socket.nio.NioSocketChannel.doFinishConnect(NioSocketChannel.java:327)
	at org.apache.ratis.thirdparty.io.netty.channel.nio.AbstractNioChannel$AbstractNioUnsafe.finishConnect(AbstractNioChannel.java:340)
	at org.apache.ratis.thirdparty.io.netty.channel.nio.NioEventLoop.processSelectedKey(NioEventLoop.java:632)
	at org.apache.ratis.thirdparty.io.netty.channel.nio.NioEventLoop.processSelectedKeysOptimized(NioEventLoop.java:579)
	at org.apache.ratis.thirdparty.io.netty.channel.nio.NioEventLoop.processSelectedKeys(NioEventLoop.java:496)
	at org.apache.ratis.thirdparty.io.netty.channel.nio.NioEventLoop.run(NioEventLoop.java:458)
	at org.apache.ratis.thirdparty.io.netty.util.concurrent.SingleThreadEventExecutor$5.run(SingleThreadEventExecutor.java:897)
	at org.apache.ratis.thirdparty.io.netty.util.concurrent.FastThreadLocalRunnable.run(FastThreadLocalRunnable.java:30)
	... 1 more
Caused by: java.net.ConnectException: Connection refused
	... 11 more
2019-10-22 00:13:27,398 [2fdb3e93-e0d8-400e-8c33-91e2341b50c6@group-F01152B53F91-LeaderElection291] INFO  impl.RaftServerImpl (RaftServerImpl.java:setRole(184)) - 2fdb3e93-e0d8-400e-8c33-91e2341b50c6@group-F01152B53F91: changes role from CANDIDATE to FOLLOWER at term 287 for DISCOVERED_A_NEW_TERM
2019-10-22 00:13:27,398 [2fdb3e93-e0d8-400e-8c33-91e2341b50c6@group-F01152B53F91-LeaderElection291] INFO  impl.RoleInfo (RoleInfo.java:shutdownLeaderElection(134)) - 2fdb3e93-e0d8-400e-8c33-91e2341b50c6: shutdown LeaderElection
2019-10-22 00:13:27,398 [2fdb3e93-e0d8-400e-8c33-91e2341b50c6@group-F01152B53F91-LeaderElection291] INFO  impl.RoleInfo (RoleInfo.java:updateAndGet(143)) - 2fdb3e93-e0d8-400e-8c33-91e2341b50c6: start FollowerState
2019-10-22 00:13:27,466 [Thread-2209] INFO  impl.FollowerState (FollowerState.java:run(108)) - 2fdb3e93-e0d8-400e-8c33-91e2341b50c6@group-F01152B53F91-FollowerState: change to CANDIDATE, lastRpcTime:68ms, electionTimeout:68ms
2019-10-22 00:13:27,466 [Thread-2209] INFO  impl.RoleInfo (RoleInfo.java:shutdownFollowerState(121)) - 2fdb3e93-e0d8-400e-8c33-91e2341b50c6: shutdown FollowerState
2019-10-22 00:13:27,466 [Thread-2209] INFO  impl.RaftServerImpl (RaftServerImpl.java:setRole(184)) - 2fdb3e93-e0d8-400e-8c33-91e2341b50c6@group-F01152B53F91: changes role from  FOLLOWER to CANDIDATE at term 287 for changeToCandidate
2019-10-22 00:13:27,467 [Thread-2209] INFO  impl.RoleInfo (RoleInfo.java:updateAndGet(143)) - 2fdb3e93-e0d8-400e-8c33-91e2341b50c6: start LeaderElection
2019-10-22 00:13:27,480 [2fdb3e93-e0d8-400e-8c33-91e2341b50c6@group-F01152B53F91-LeaderElection292] INFO  impl.LeaderElection (LeaderElection.java:askForVotes(178)) - 2fdb3e93-e0d8-400e-8c33-91e2341b50c6@group-F01152B53F91-LeaderElection292: begin an election at term 288 for -1: [2fdb3e93-e0d8-400e-8c33-91e2341b50c6:192.168.157.254:43254, 062c71de-08d9-40ee-9309-15590e2e8e68:192.168.157.254:45598, 2a52019e-5647-44e1-bf30-9a43fd8a7377:192.168.157.254:36038], old=null
2019-10-22 00:13:27,481 [2fdb3e93-e0d8-400e-8c33-91e2341b50c6@group-F01152B53F91-LeaderElection292] INFO  impl.LeaderElection (LogUtils.java:infoOrTrace(149)) - 2fdb3e93-e0d8-400e-8c33-91e2341b50c6@group-F01152B53F91-LeaderElection292 got exception when requesting votes: {}
java.util.concurrent.ExecutionException: org.apache.ratis.thirdparty.io.grpc.StatusRuntimeException: UNAVAILABLE: io exception
	at java.util.concurrent.FutureTask.report(FutureTask.java:122)
	at java.util.concurrent.FutureTask.get(FutureTask.java:192)
	at org.apache.ratis.server.impl.LeaderElection.waitForResults(LeaderElection.java:259)
	at org.apache.ratis.server.impl.LeaderElection.askForVotes(LeaderElection.java:197)
	at org.apache.ratis.server.impl.LeaderElection.run(LeaderElection.java:133)
	at java.lang.Thread.run(Thread.java:748)
Caused by: org.apache.ratis.thirdparty.io.grpc.StatusRuntimeException: UNAVAILABLE: io exception
	at org.apache.ratis.thirdparty.io.grpc.stub.ClientCalls.toStatusRuntimeException(ClientCalls.java:233)
	at org.apache.ratis.thirdparty.io.grpc.stub.ClientCalls.getUnchecked(ClientCalls.java:214)
	at org.apache.ratis.thirdparty.io.grpc.stub.ClientCalls.blockingUnaryCall(ClientCalls.java:139)
	at org.apache.ratis.proto.grpc.RaftServerProtocolServiceGrpc$RaftServerProtocolServiceBlockingStub.requestVote(RaftServerProtocolServiceGrpc.java:265)
	at org.apache.ratis.grpc.server.GrpcServerProtocolClient.requestVote(GrpcServerProtocolClient.java:99)
	at org.apache.ratis.grpc.server.GrpcService.requestVote(GrpcService.java:204)
	at org.apache.ratis.server.impl.LeaderElection.lambda$submitRequests$1(LeaderElection.java:234)
	at java.util.concurrent.FutureTask.run(FutureTask.java:266)
	at java.util.concurrent.Executors$RunnableAdapter.call(Executors.java:511)
	at java.util.concurrent.FutureTask.run(FutureTask.java:266)
	at java.util.concurrent.ThreadPoolExecutor.runWorker(ThreadPoolExecutor.java:1149)
	at java.util.concurrent.ThreadPoolExecutor$Worker.run(ThreadPoolExecutor.java:624)
	... 1 more
Caused by: org.apache.ratis.thirdparty.io.netty.channel.AbstractChannel$AnnotatedConnectException: Connection refused: /192.168.157.254:45598
	at sun.nio.ch.SocketChannelImpl.checkConnect(Native Method)
	at sun.nio.ch.SocketChannelImpl.finishConnect(SocketChannelImpl.java:717)
	at org.apache.ratis.thirdparty.io.netty.channel.socket.nio.NioSocketChannel.doFinishConnect(NioSocketChannel.java:327)
	at org.apache.ratis.thirdparty.io.netty.channel.nio.AbstractNioChannel$AbstractNioUnsafe.finishConnect(AbstractNioChannel.java:340)
	at org.apache.ratis.thirdparty.io.netty.channel.nio.NioEventLoop.processSelectedKey(NioEventLoop.java:632)
	at org.apache.ratis.thirdparty.io.netty.channel.nio.NioEventLoop.processSelectedKeysOptimized(NioEventLoop.java:579)
	at org.apache.ratis.thirdparty.io.netty.channel.nio.NioEventLoop.processSelectedKeys(NioEventLoop.java:496)
	at org.apache.ratis.thirdparty.io.netty.channel.nio.NioEventLoop.run(NioEventLoop.java:458)
	at org.apache.ratis.thirdparty.io.netty.util.concurrent.SingleThreadEventExecutor$5.run(SingleThreadEventExecutor.java:897)
	at org.apache.ratis.thirdparty.io.netty.util.concurrent.FastThreadLocalRunnable.run(FastThreadLocalRunnable.java:30)
	... 1 more
Caused by: java.net.ConnectException: Connection refused
	... 11 more
2019-10-22 00:13:27,481 [2fdb3e93-e0d8-400e-8c33-91e2341b50c6@group-F01152B53F91-LeaderElection292] INFO  impl.LeaderElection (LogUtils.java:infoOrTrace(149)) - 2fdb3e93-e0d8-400e-8c33-91e2341b50c6@group-F01152B53F91-LeaderElection292 got exception when requesting votes: {}
java.util.concurrent.ExecutionException: org.apache.ratis.thirdparty.io.grpc.StatusRuntimeException: UNAVAILABLE: io exception
	at java.util.concurrent.FutureTask.report(FutureTask.java:122)
	at java.util.concurrent.FutureTask.get(FutureTask.java:192)
	at org.apache.ratis.server.impl.LeaderElection.waitForResults(LeaderElection.java:259)
	at org.apache.ratis.server.impl.LeaderElection.askForVotes(LeaderElection.java:197)
	at org.apache.ratis.server.impl.LeaderElection.run(LeaderElection.java:133)
	at java.lang.Thread.run(Thread.java:748)
Caused by: org.apache.ratis.thirdparty.io.grpc.StatusRuntimeException: UNAVAILABLE: io exception
	at org.apache.ratis.thirdparty.io.grpc.stub.ClientCalls.toStatusRuntimeException(ClientCalls.java:233)
	at org.apache.ratis.thirdparty.io.grpc.stub.ClientCalls.getUnchecked(ClientCalls.java:214)
	at org.apache.ratis.thirdparty.io.grpc.stub.ClientCalls.blockingUnaryCall(ClientCalls.java:139)
	at org.apache.ratis.proto.grpc.RaftServerProtocolServiceGrpc$RaftServerProtocolServiceBlockingStub.requestVote(RaftServerProtocolServiceGrpc.java:265)
	at org.apache.ratis.grpc.server.GrpcServerProtocolClient.requestVote(GrpcServerProtocolClient.java:99)
	at org.apache.ratis.grpc.server.GrpcService.requestVote(GrpcService.java:204)
	at org.apache.ratis.server.impl.LeaderElection.lambda$submitRequests$1(LeaderElection.java:234)
	at java.util.concurrent.FutureTask.run(FutureTask.java:266)
	at java.util.concurrent.Executors$RunnableAdapter.call(Executors.java:511)
	at java.util.concurrent.FutureTask.run(FutureTask.java:266)
	at java.util.concurrent.ThreadPoolExecutor.runWorker(ThreadPoolExecutor.java:1149)
	at java.util.concurrent.ThreadPoolExecutor$Worker.run(ThreadPoolExecutor.java:624)
	... 1 more
Caused by: org.apache.ratis.thirdparty.io.netty.channel.AbstractChannel$AnnotatedConnectException: Connection refused: /192.168.157.254:36038
	at sun.nio.ch.SocketChannelImpl.checkConnect(Native Method)
	at sun.nio.ch.SocketChannelImpl.finishConnect(SocketChannelImpl.java:717)
	at org.apache.ratis.thirdparty.io.netty.channel.socket.nio.NioSocketChannel.doFinishConnect(NioSocketChannel.java:327)
	at org.apache.ratis.thirdparty.io.netty.channel.nio.AbstractNioChannel$AbstractNioUnsafe.finishConnect(AbstractNioChannel.java:340)
	at org.apache.ratis.thirdparty.io.netty.channel.nio.NioEventLoop.processSelectedKey(NioEventLoop.java:632)
	at org.apache.ratis.thirdparty.io.netty.channel.nio.NioEventLoop.processSelectedKeysOptimized(NioEventLoop.java:579)
	at org.apache.ratis.thirdparty.io.netty.channel.nio.NioEventLoop.processSelectedKeys(NioEventLoop.java:496)
	at org.apache.ratis.thirdparty.io.netty.channel.nio.NioEventLoop.run(NioEventLoop.java:458)
	at org.apache.ratis.thirdparty.io.netty.util.concurrent.SingleThreadEventExecutor$5.run(SingleThreadEventExecutor.java:897)
	at org.apache.ratis.thirdparty.io.netty.util.concurrent.FastThreadLocalRunnable.run(FastThreadLocalRunnable.java:30)
	... 1 more
Caused by: java.net.ConnectException: Connection refused
	... 11 more
2019-10-22 00:13:27,482 [2fdb3e93-e0d8-400e-8c33-91e2341b50c6@group-F01152B53F91-LeaderElection292] INFO  impl.LeaderElection (LeaderElection.java:logAndReturn(56)) - 2fdb3e93-e0d8-400e-8c33-91e2341b50c6@group-F01152B53F91-LeaderElection292: Election REJECTED; received 0 response(s) [] and 2 exception(s); 2fdb3e93-e0d8-400e-8c33-91e2341b50c6@group-F01152B53F91:t288, leader=null, voted=2fdb3e93-e0d8-400e-8c33-91e2341b50c6, raftlog=2fdb3e93-e0d8-400e-8c33-91e2341b50c6@group-F01152B53F91-SegmentedRaftLog:OPENED:c-1,f-1,i0, conf=-1: [2fdb3e93-e0d8-400e-8c33-91e2341b50c6:192.168.157.254:43254, 062c71de-08d9-40ee-9309-15590e2e8e68:192.168.157.254:45598, 2a52019e-5647-44e1-bf30-9a43fd8a7377:192.168.157.254:36038], old=null
2019-10-22 00:13:27,482 [2fdb3e93-e0d8-400e-8c33-91e2341b50c6@group-F01152B53F91-LeaderElection292] INFO  impl.LeaderElection (LogUtils.java:infoOrTrace(149)) -   Exception 0: {}
java.util.concurrent.ExecutionException: org.apache.ratis.thirdparty.io.grpc.StatusRuntimeException: UNAVAILABLE: io exception
	at java.util.concurrent.FutureTask.report(FutureTask.java:122)
	at java.util.concurrent.FutureTask.get(FutureTask.java:192)
	at org.apache.ratis.server.impl.LeaderElection.waitForResults(LeaderElection.java:259)
	at org.apache.ratis.server.impl.LeaderElection.askForVotes(LeaderElection.java:197)
	at org.apache.ratis.server.impl.LeaderElection.run(LeaderElection.java:133)
	at java.lang.Thread.run(Thread.java:748)
Caused by: org.apache.ratis.thirdparty.io.grpc.StatusRuntimeException: UNAVAILABLE: io exception
	at org.apache.ratis.thirdparty.io.grpc.stub.ClientCalls.toStatusRuntimeException(ClientCalls.java:233)
	at org.apache.ratis.thirdparty.io.grpc.stub.ClientCalls.getUnchecked(ClientCalls.java:214)
	at org.apache.ratis.thirdparty.io.grpc.stub.ClientCalls.blockingUnaryCall(ClientCalls.java:139)
	at org.apache.ratis.proto.grpc.RaftServerProtocolServiceGrpc$RaftServerProtocolServiceBlockingStub.requestVote(RaftServerProtocolServiceGrpc.java:265)
	at org.apache.ratis.grpc.server.GrpcServerProtocolClient.requestVote(GrpcServerProtocolClient.java:99)
	at org.apache.ratis.grpc.server.GrpcService.requestVote(GrpcService.java:204)
	at org.apache.ratis.server.impl.LeaderElection.lambda$submitRequests$1(LeaderElection.java:234)
	at java.util.concurrent.FutureTask.run(FutureTask.java:266)
	at java.util.concurrent.Executors$RunnableAdapter.call(Executors.java:511)
	at java.util.concurrent.FutureTask.run(FutureTask.java:266)
	at java.util.concurrent.ThreadPoolExecutor.runWorker(ThreadPoolExecutor.java:1149)
	at java.util.concurrent.ThreadPoolExecutor$Worker.run(ThreadPoolExecutor.java:624)
	... 1 more
Caused by: org.apache.ratis.thirdparty.io.netty.channel.AbstractChannel$AnnotatedConnectException: Connection refused: /192.168.157.254:45598
	at sun.nio.ch.SocketChannelImpl.checkConnect(Native Method)
	at sun.nio.ch.SocketChannelImpl.finishConnect(SocketChannelImpl.java:717)
	at org.apache.ratis.thirdparty.io.netty.channel.socket.nio.NioSocketChannel.doFinishConnect(NioSocketChannel.java:327)
	at org.apache.ratis.thirdparty.io.netty.channel.nio.AbstractNioChannel$AbstractNioUnsafe.finishConnect(AbstractNioChannel.java:340)
	at org.apache.ratis.thirdparty.io.netty.channel.nio.NioEventLoop.processSelectedKey(NioEventLoop.java:632)
	at org.apache.ratis.thirdparty.io.netty.channel.nio.NioEventLoop.processSelectedKeysOptimized(NioEventLoop.java:579)
	at org.apache.ratis.thirdparty.io.netty.channel.nio.NioEventLoop.processSelectedKeys(NioEventLoop.java:496)
	at org.apache.ratis.thirdparty.io.netty.channel.nio.NioEventLoop.run(NioEventLoop.java:458)
	at org.apache.ratis.thirdparty.io.netty.util.concurrent.SingleThreadEventExecutor$5.run(SingleThreadEventExecutor.java:897)
	at org.apache.ratis.thirdparty.io.netty.util.concurrent.FastThreadLocalRunnable.run(FastThreadLocalRunnable.java:30)
	... 1 more
Caused by: java.net.ConnectException: Connection refused
	... 11 more
2019-10-22 00:13:27,482 [2fdb3e93-e0d8-400e-8c33-91e2341b50c6@group-F01152B53F91-LeaderElection292] INFO  impl.LeaderElection (LogUtils.java:infoOrTrace(149)) -   Exception 1: {}
java.util.concurrent.ExecutionException: org.apache.ratis.thirdparty.io.grpc.StatusRuntimeException: UNAVAILABLE: io exception
	at java.util.concurrent.FutureTask.report(FutureTask.java:122)
	at java.util.concurrent.FutureTask.get(FutureTask.java:192)
	at org.apache.ratis.server.impl.LeaderElection.waitForResults(LeaderElection.java:259)
	at org.apache.ratis.server.impl.LeaderElection.askForVotes(LeaderElection.java:197)
	at org.apache.ratis.server.impl.LeaderElection.run(LeaderElection.java:133)
	at java.lang.Thread.run(Thread.java:748)
Caused by: org.apache.ratis.thirdparty.io.grpc.StatusRuntimeException: UNAVAILABLE: io exception
	at org.apache.ratis.thirdparty.io.grpc.stub.ClientCalls.toStatusRuntimeException(ClientCalls.java:233)
	at org.apache.ratis.thirdparty.io.grpc.stub.ClientCalls.getUnchecked(ClientCalls.java:214)
	at org.apache.ratis.thirdparty.io.grpc.stub.ClientCalls.blockingUnaryCall(ClientCalls.java:139)
	at org.apache.ratis.proto.grpc.RaftServerProtocolServiceGrpc$RaftServerProtocolServiceBlockingStub.requestVote(RaftServerProtocolServiceGrpc.java:265)
	at org.apache.ratis.grpc.server.GrpcServerProtocolClient.requestVote(GrpcServerProtocolClient.java:99)
	at org.apache.ratis.grpc.server.GrpcService.requestVote(GrpcService.java:204)
	at org.apache.ratis.server.impl.LeaderElection.lambda$submitRequests$1(LeaderElection.java:234)
	at java.util.concurrent.FutureTask.run(FutureTask.java:266)
	at java.util.concurrent.Executors$RunnableAdapter.call(Executors.java:511)
	at java.util.concurrent.FutureTask.run(FutureTask.java:266)
	at java.util.concurrent.ThreadPoolExecutor.runWorker(ThreadPoolExecutor.java:1149)
	at java.util.concurrent.ThreadPoolExecutor$Worker.run(ThreadPoolExecutor.java:624)
	... 1 more
Caused by: org.apache.ratis.thirdparty.io.netty.channel.AbstractChannel$AnnotatedConnectException: Connection refused: /192.168.157.254:36038
	at sun.nio.ch.SocketChannelImpl.checkConnect(Native Method)
	at sun.nio.ch.SocketChannelImpl.finishConnect(SocketChannelImpl.java:717)
	at org.apache.ratis.thirdparty.io.netty.channel.socket.nio.NioSocketChannel.doFinishConnect(NioSocketChannel.java:327)
	at org.apache.ratis.thirdparty.io.netty.channel.nio.AbstractNioChannel$AbstractNioUnsafe.finishConnect(AbstractNioChannel.java:340)
	at org.apache.ratis.thirdparty.io.netty.channel.nio.NioEventLoop.processSelectedKey(NioEventLoop.java:632)
	at org.apache.ratis.thirdparty.io.netty.channel.nio.NioEventLoop.processSelectedKeysOptimized(NioEventLoop.java:579)
	at org.apache.ratis.thirdparty.io.netty.channel.nio.NioEventLoop.processSelectedKeys(NioEventLoop.java:496)
	at org.apache.ratis.thirdparty.io.netty.channel.nio.NioEventLoop.run(NioEventLoop.java:458)
	at org.apache.ratis.thirdparty.io.netty.util.concurrent.SingleThreadEventExecutor$5.run(SingleThreadEventExecutor.java:897)
	at org.apache.ratis.thirdparty.io.netty.util.concurrent.FastThreadLocalRunnable.run(FastThreadLocalRunnable.java:30)
	... 1 more
Caused by: java.net.ConnectException: Connection refused
	... 11 more
2019-10-22 00:13:27,483 [2fdb3e93-e0d8-400e-8c33-91e2341b50c6@group-F01152B53F91-LeaderElection292] INFO  impl.RaftServerImpl (RaftServerImpl.java:setRole(184)) - 2fdb3e93-e0d8-400e-8c33-91e2341b50c6@group-F01152B53F91: changes role from CANDIDATE to FOLLOWER at term 288 for DISCOVERED_A_NEW_TERM
2019-10-22 00:13:27,483 [2fdb3e93-e0d8-400e-8c33-91e2341b50c6@group-F01152B53F91-LeaderElection292] INFO  impl.RoleInfo (RoleInfo.java:shutdownLeaderElection(134)) - 2fdb3e93-e0d8-400e-8c33-91e2341b50c6: shutdown LeaderElection
2019-10-22 00:13:27,483 [2fdb3e93-e0d8-400e-8c33-91e2341b50c6@group-F01152B53F91-LeaderElection292] INFO  impl.RoleInfo (RoleInfo.java:updateAndGet(143)) - 2fdb3e93-e0d8-400e-8c33-91e2341b50c6: start FollowerState
2019-10-22 00:13:27,501 [Thread-2213] INFO  impl.FollowerState (FollowerState.java:run(108)) - 2fdb3e93-e0d8-400e-8c33-91e2341b50c6@group-F01152B53F91-FollowerState: change to CANDIDATE, lastRpcTime:18ms, electionTimeout:18ms
2019-10-22 00:13:27,501 [Thread-2213] INFO  impl.RoleInfo (RoleInfo.java:shutdownFollowerState(121)) - 2fdb3e93-e0d8-400e-8c33-91e2341b50c6: shutdown FollowerState
2019-10-22 00:13:27,502 [Thread-2213] INFO  impl.RaftServerImpl (RaftServerImpl.java:setRole(184)) - 2fdb3e93-e0d8-400e-8c33-91e2341b50c6@group-F01152B53F91: changes role from  FOLLOWER to CANDIDATE at term 288 for changeToCandidate
2019-10-22 00:13:27,502 [Thread-2213] INFO  impl.RoleInfo (RoleInfo.java:updateAndGet(143)) - 2fdb3e93-e0d8-400e-8c33-91e2341b50c6: start LeaderElection
2019-10-22 00:13:27,515 [2fdb3e93-e0d8-400e-8c33-91e2341b50c6@group-F01152B53F91-LeaderElection293] INFO  impl.LeaderElection (LeaderElection.java:askForVotes(178)) - 2fdb3e93-e0d8-400e-8c33-91e2341b50c6@group-F01152B53F91-LeaderElection293: begin an election at term 289 for -1: [2fdb3e93-e0d8-400e-8c33-91e2341b50c6:192.168.157.254:43254, 062c71de-08d9-40ee-9309-15590e2e8e68:192.168.157.254:45598, 2a52019e-5647-44e1-bf30-9a43fd8a7377:192.168.157.254:36038], old=null
2019-10-22 00:13:27,516 [2fdb3e93-e0d8-400e-8c33-91e2341b50c6@group-F01152B53F91-LeaderElection293] INFO  impl.LeaderElection (LogUtils.java:infoOrTrace(149)) - 2fdb3e93-e0d8-400e-8c33-91e2341b50c6@group-F01152B53F91-LeaderElection293 got exception when requesting votes: {}
java.util.concurrent.ExecutionException: org.apache.ratis.thirdparty.io.grpc.StatusRuntimeException: UNAVAILABLE: io exception
	at java.util.concurrent.FutureTask.report(FutureTask.java:122)
	at java.util.concurrent.FutureTask.get(FutureTask.java:192)
	at org.apache.ratis.server.impl.LeaderElection.waitForResults(LeaderElection.java:259)
	at org.apache.ratis.server.impl.LeaderElection.askForVotes(LeaderElection.java:197)
	at org.apache.ratis.server.impl.LeaderElection.run(LeaderElection.java:133)
	at java.lang.Thread.run(Thread.java:748)
Caused by: org.apache.ratis.thirdparty.io.grpc.StatusRuntimeException: UNAVAILABLE: io exception
	at org.apache.ratis.thirdparty.io.grpc.stub.ClientCalls.toStatusRuntimeException(ClientCalls.java:233)
	at org.apache.ratis.thirdparty.io.grpc.stub.ClientCalls.getUnchecked(ClientCalls.java:214)
	at org.apache.ratis.thirdparty.io.grpc.stub.ClientCalls.blockingUnaryCall(ClientCalls.java:139)
	at org.apache.ratis.proto.grpc.RaftServerProtocolServiceGrpc$RaftServerProtocolServiceBlockingStub.requestVote(RaftServerProtocolServiceGrpc.java:265)
	at org.apache.ratis.grpc.server.GrpcServerProtocolClient.requestVote(GrpcServerProtocolClient.java:99)
	at org.apache.ratis.grpc.server.GrpcService.requestVote(GrpcService.java:204)
	at org.apache.ratis.server.impl.LeaderElection.lambda$submitRequests$1(LeaderElection.java:234)
	at java.util.concurrent.FutureTask.run(FutureTask.java:266)
	at java.util.concurrent.Executors$RunnableAdapter.call(Executors.java:511)
	at java.util.concurrent.FutureTask.run(FutureTask.java:266)
	at java.util.concurrent.ThreadPoolExecutor.runWorker(ThreadPoolExecutor.java:1149)
	at java.util.concurrent.ThreadPoolExecutor$Worker.run(ThreadPoolExecutor.java:624)
	... 1 more
Caused by: org.apache.ratis.thirdparty.io.netty.channel.AbstractChannel$AnnotatedConnectException: Connection refused: /192.168.157.254:45598
	at sun.nio.ch.SocketChannelImpl.checkConnect(Native Method)
	at sun.nio.ch.SocketChannelImpl.finishConnect(SocketChannelImpl.java:717)
	at org.apache.ratis.thirdparty.io.netty.channel.socket.nio.NioSocketChannel.doFinishConnect(NioSocketChannel.java:327)
	at org.apache.ratis.thirdparty.io.netty.channel.nio.AbstractNioChannel$AbstractNioUnsafe.finishConnect(AbstractNioChannel.java:340)
	at org.apache.ratis.thirdparty.io.netty.channel.nio.NioEventLoop.processSelectedKey(NioEventLoop.java:632)
	at org.apache.ratis.thirdparty.io.netty.channel.nio.NioEventLoop.processSelectedKeysOptimized(NioEventLoop.java:579)
	at org.apache.ratis.thirdparty.io.netty.channel.nio.NioEventLoop.processSelectedKeys(NioEventLoop.java:496)
	at org.apache.ratis.thirdparty.io.netty.channel.nio.NioEventLoop.run(NioEventLoop.java:458)
	at org.apache.ratis.thirdparty.io.netty.util.concurrent.SingleThreadEventExecutor$5.run(SingleThreadEventExecutor.java:897)
	at org.apache.ratis.thirdparty.io.netty.util.concurrent.FastThreadLocalRunnable.run(FastThreadLocalRunnable.java:30)
	... 1 more
Caused by: java.net.ConnectException: Connection refused
	... 11 more
2019-10-22 00:13:27,516 [2fdb3e93-e0d8-400e-8c33-91e2341b50c6@group-F01152B53F91-LeaderElection293] INFO  impl.LeaderElection (LogUtils.java:infoOrTrace(149)) - 2fdb3e93-e0d8-400e-8c33-91e2341b50c6@group-F01152B53F91-LeaderElection293 got exception when requesting votes: {}
java.util.concurrent.ExecutionException: org.apache.ratis.thirdparty.io.grpc.StatusRuntimeException: UNAVAILABLE: io exception
	at java.util.concurrent.FutureTask.report(FutureTask.java:122)
	at java.util.concurrent.FutureTask.get(FutureTask.java:192)
	at org.apache.ratis.server.impl.LeaderElection.waitForResults(LeaderElection.java:259)
	at org.apache.ratis.server.impl.LeaderElection.askForVotes(LeaderElection.java:197)
	at org.apache.ratis.server.impl.LeaderElection.run(LeaderElection.java:133)
	at java.lang.Thread.run(Thread.java:748)
Caused by: org.apache.ratis.thirdparty.io.grpc.StatusRuntimeException: UNAVAILABLE: io exception
	at org.apache.ratis.thirdparty.io.grpc.stub.ClientCalls.toStatusRuntimeException(ClientCalls.java:233)
	at org.apache.ratis.thirdparty.io.grpc.stub.ClientCalls.getUnchecked(ClientCalls.java:214)
	at org.apache.ratis.thirdparty.io.grpc.stub.ClientCalls.blockingUnaryCall(ClientCalls.java:139)
	at org.apache.ratis.proto.grpc.RaftServerProtocolServiceGrpc$RaftServerProtocolServiceBlockingStub.requestVote(RaftServerProtocolServiceGrpc.java:265)
	at org.apache.ratis.grpc.server.GrpcServerProtocolClient.requestVote(GrpcServerProtocolClient.java:99)
	at org.apache.ratis.grpc.server.GrpcService.requestVote(GrpcService.java:204)
	at org.apache.ratis.server.impl.LeaderElection.lambda$submitRequests$1(LeaderElection.java:234)
	at java.util.concurrent.FutureTask.run(FutureTask.java:266)
	at java.util.concurrent.Executors$RunnableAdapter.call(Executors.java:511)
	at java.util.concurrent.FutureTask.run(FutureTask.java:266)
	at java.util.concurrent.ThreadPoolExecutor.runWorker(ThreadPoolExecutor.java:1149)
	at java.util.concurrent.ThreadPoolExecutor$Worker.run(ThreadPoolExecutor.java:624)
	... 1 more
Caused by: org.apache.ratis.thirdparty.io.netty.channel.AbstractChannel$AnnotatedConnectException: Connection refused: /192.168.157.254:36038
	at sun.nio.ch.SocketChannelImpl.checkConnect(Native Method)
	at sun.nio.ch.SocketChannelImpl.finishConnect(SocketChannelImpl.java:717)
	at org.apache.ratis.thirdparty.io.netty.channel.socket.nio.NioSocketChannel.doFinishConnect(NioSocketChannel.java:327)
	at org.apache.ratis.thirdparty.io.netty.channel.nio.AbstractNioChannel$AbstractNioUnsafe.finishConnect(AbstractNioChannel.java:340)
	at org.apache.ratis.thirdparty.io.netty.channel.nio.NioEventLoop.processSelectedKey(NioEventLoop.java:632)
	at org.apache.ratis.thirdparty.io.netty.channel.nio.NioEventLoop.processSelectedKeysOptimized(NioEventLoop.java:579)
	at org.apache.ratis.thirdparty.io.netty.channel.nio.NioEventLoop.processSelectedKeys(NioEventLoop.java:496)
	at org.apache.ratis.thirdparty.io.netty.channel.nio.NioEventLoop.run(NioEventLoop.java:458)
	at org.apache.ratis.thirdparty.io.netty.util.concurrent.SingleThreadEventExecutor$5.run(SingleThreadEventExecutor.java:897)
	at org.apache.ratis.thirdparty.io.netty.util.concurrent.FastThreadLocalRunnable.run(FastThreadLocalRunnable.java:30)
	... 1 more
Caused by: java.net.ConnectException: Connection refused
	... 11 more
2019-10-22 00:13:27,516 [2fdb3e93-e0d8-400e-8c33-91e2341b50c6@group-F01152B53F91-LeaderElection293] INFO  impl.LeaderElection (LeaderElection.java:logAndReturn(56)) - 2fdb3e93-e0d8-400e-8c33-91e2341b50c6@group-F01152B53F91-LeaderElection293: Election REJECTED; received 0 response(s) [] and 2 exception(s); 2fdb3e93-e0d8-400e-8c33-91e2341b50c6@group-F01152B53F91:t289, leader=null, voted=2fdb3e93-e0d8-400e-8c33-91e2341b50c6, raftlog=2fdb3e93-e0d8-400e-8c33-91e2341b50c6@group-F01152B53F91-SegmentedRaftLog:OPENED:c-1,f-1,i0, conf=-1: [2fdb3e93-e0d8-400e-8c33-91e2341b50c6:192.168.157.254:43254, 062c71de-08d9-40ee-9309-15590e2e8e68:192.168.157.254:45598, 2a52019e-5647-44e1-bf30-9a43fd8a7377:192.168.157.254:36038], old=null
2019-10-22 00:13:27,517 [2fdb3e93-e0d8-400e-8c33-91e2341b50c6@group-F01152B53F91-LeaderElection293] INFO  impl.LeaderElection (LogUtils.java:infoOrTrace(149)) -   Exception 0: {}
java.util.concurrent.ExecutionException: org.apache.ratis.thirdparty.io.grpc.StatusRuntimeException: UNAVAILABLE: io exception
	at java.util.concurrent.FutureTask.report(FutureTask.java:122)
	at java.util.concurrent.FutureTask.get(FutureTask.java:192)
	at org.apache.ratis.server.impl.LeaderElection.waitForResults(LeaderElection.java:259)
	at org.apache.ratis.server.impl.LeaderElection.askForVotes(LeaderElection.java:197)
	at org.apache.ratis.server.impl.LeaderElection.run(LeaderElection.java:133)
	at java.lang.Thread.run(Thread.java:748)
Caused by: org.apache.ratis.thirdparty.io.grpc.StatusRuntimeException: UNAVAILABLE: io exception
	at org.apache.ratis.thirdparty.io.grpc.stub.ClientCalls.toStatusRuntimeException(ClientCalls.java:233)
	at org.apache.ratis.thirdparty.io.grpc.stub.ClientCalls.getUnchecked(ClientCalls.java:214)
	at org.apache.ratis.thirdparty.io.grpc.stub.ClientCalls.blockingUnaryCall(ClientCalls.java:139)
	at org.apache.ratis.proto.grpc.RaftServerProtocolServiceGrpc$RaftServerProtocolServiceBlockingStub.requestVote(RaftServerProtocolServiceGrpc.java:265)
	at org.apache.ratis.grpc.server.GrpcServerProtocolClient.requestVote(GrpcServerProtocolClient.java:99)
	at org.apache.ratis.grpc.server.GrpcService.requestVote(GrpcService.java:204)
	at org.apache.ratis.server.impl.LeaderElection.lambda$submitRequests$1(LeaderElection.java:234)
	at java.util.concurrent.FutureTask.run(FutureTask.java:266)
	at java.util.concurrent.Executors$RunnableAdapter.call(Executors.java:511)
	at java.util.concurrent.FutureTask.run(FutureTask.java:266)
	at java.util.concurrent.ThreadPoolExecutor.runWorker(ThreadPoolExecutor.java:1149)
	at java.util.concurrent.ThreadPoolExecutor$Worker.run(ThreadPoolExecutor.java:624)
	... 1 more
Caused by: org.apache.ratis.thirdparty.io.netty.channel.AbstractChannel$AnnotatedConnectException: Connection refused: /192.168.157.254:45598
	at sun.nio.ch.SocketChannelImpl.checkConnect(Native Method)
	at sun.nio.ch.SocketChannelImpl.finishConnect(SocketChannelImpl.java:717)
	at org.apache.ratis.thirdparty.io.netty.channel.socket.nio.NioSocketChannel.doFinishConnect(NioSocketChannel.java:327)
	at org.apache.ratis.thirdparty.io.netty.channel.nio.AbstractNioChannel$AbstractNioUnsafe.finishConnect(AbstractNioChannel.java:340)
	at org.apache.ratis.thirdparty.io.netty.channel.nio.NioEventLoop.processSelectedKey(NioEventLoop.java:632)
	at org.apache.ratis.thirdparty.io.netty.channel.nio.NioEventLoop.processSelectedKeysOptimized(NioEventLoop.java:579)
	at org.apache.ratis.thirdparty.io.netty.channel.nio.NioEventLoop.processSelectedKeys(NioEventLoop.java:496)
	at org.apache.ratis.thirdparty.io.netty.channel.nio.NioEventLoop.run(NioEventLoop.java:458)
	at org.apache.ratis.thirdparty.io.netty.util.concurrent.SingleThreadEventExecutor$5.run(SingleThreadEventExecutor.java:897)
	at org.apache.ratis.thirdparty.io.netty.util.concurrent.FastThreadLocalRunnable.run(FastThreadLocalRunnable.java:30)
	... 1 more
Caused by: java.net.ConnectException: Connection refused
	... 11 more
2019-10-22 00:13:27,517 [2fdb3e93-e0d8-400e-8c33-91e2341b50c6@group-F01152B53F91-LeaderElection293] INFO  impl.LeaderElection (LogUtils.java:infoOrTrace(149)) -   Exception 1: {}
java.util.concurrent.ExecutionException: org.apache.ratis.thirdparty.io.grpc.StatusRuntimeException: UNAVAILABLE: io exception
	at java.util.concurrent.FutureTask.report(FutureTask.java:122)
	at java.util.concurrent.FutureTask.get(FutureTask.java:192)
	at org.apache.ratis.server.impl.LeaderElection.waitForResults(LeaderElection.java:259)
	at org.apache.ratis.server.impl.LeaderElection.askForVotes(LeaderElection.java:197)
	at org.apache.ratis.server.impl.LeaderElection.run(LeaderElection.java:133)
	at java.lang.Thread.run(Thread.java:748)
Caused by: org.apache.ratis.thirdparty.io.grpc.StatusRuntimeException: UNAVAILABLE: io exception
	at org.apache.ratis.thirdparty.io.grpc.stub.ClientCalls.toStatusRuntimeException(ClientCalls.java:233)
	at org.apache.ratis.thirdparty.io.grpc.stub.ClientCalls.getUnchecked(ClientCalls.java:214)
	at org.apache.ratis.thirdparty.io.grpc.stub.ClientCalls.blockingUnaryCall(ClientCalls.java:139)
	at org.apache.ratis.proto.grpc.RaftServerProtocolServiceGrpc$RaftServerProtocolServiceBlockingStub.requestVote(RaftServerProtocolServiceGrpc.java:265)
	at org.apache.ratis.grpc.server.GrpcServerProtocolClient.requestVote(GrpcServerProtocolClient.java:99)
	at org.apache.ratis.grpc.server.GrpcService.requestVote(GrpcService.java:204)
	at org.apache.ratis.server.impl.LeaderElection.lambda$submitRequests$1(LeaderElection.java:234)
	at java.util.concurrent.FutureTask.run(FutureTask.java:266)
	at java.util.concurrent.Executors$RunnableAdapter.call(Executors.java:511)
	at java.util.concurrent.FutureTask.run(FutureTask.java:266)
	at java.util.concurrent.ThreadPoolExecutor.runWorker(ThreadPoolExecutor.java:1149)
	at java.util.concurrent.ThreadPoolExecutor$Worker.run(ThreadPoolExecutor.java:624)
	... 1 more
Caused by: org.apache.ratis.thirdparty.io.netty.channel.AbstractChannel$AnnotatedConnectException: Connection refused: /192.168.157.254:36038
	at sun.nio.ch.SocketChannelImpl.checkConnect(Native Method)
	at sun.nio.ch.SocketChannelImpl.finishConnect(SocketChannelImpl.java:717)
	at org.apache.ratis.thirdparty.io.netty.channel.socket.nio.NioSocketChannel.doFinishConnect(NioSocketChannel.java:327)
	at org.apache.ratis.thirdparty.io.netty.channel.nio.AbstractNioChannel$AbstractNioUnsafe.finishConnect(AbstractNioChannel.java:340)
	at org.apache.ratis.thirdparty.io.netty.channel.nio.NioEventLoop.processSelectedKey(NioEventLoop.java:632)
	at org.apache.ratis.thirdparty.io.netty.channel.nio.NioEventLoop.processSelectedKeysOptimized(NioEventLoop.java:579)
	at org.apache.ratis.thirdparty.io.netty.channel.nio.NioEventLoop.processSelectedKeys(NioEventLoop.java:496)
	at org.apache.ratis.thirdparty.io.netty.channel.nio.NioEventLoop.run(NioEventLoop.java:458)
	at org.apache.ratis.thirdparty.io.netty.util.concurrent.SingleThreadEventExecutor$5.run(SingleThreadEventExecutor.java:897)
	at org.apache.ratis.thirdparty.io.netty.util.concurrent.FastThreadLocalRunnable.run(FastThreadLocalRunnable.java:30)
	... 1 more
Caused by: java.net.ConnectException: Connection refused
	... 11 more
2019-10-22 00:13:27,517 [2fdb3e93-e0d8-400e-8c33-91e2341b50c6@group-F01152B53F91-LeaderElection293] INFO  impl.RaftServerImpl (RaftServerImpl.java:setRole(184)) - 2fdb3e93-e0d8-400e-8c33-91e2341b50c6@group-F01152B53F91: changes role from CANDIDATE to FOLLOWER at term 289 for DISCOVERED_A_NEW_TERM
2019-10-22 00:13:27,517 [2fdb3e93-e0d8-400e-8c33-91e2341b50c6@group-F01152B53F91-LeaderElection293] INFO  impl.RoleInfo (RoleInfo.java:shutdownLeaderElection(134)) - 2fdb3e93-e0d8-400e-8c33-91e2341b50c6: shutdown LeaderElection
2019-10-22 00:13:27,517 [2fdb3e93-e0d8-400e-8c33-91e2341b50c6@group-F01152B53F91-LeaderElection293] INFO  impl.RoleInfo (RoleInfo.java:updateAndGet(143)) - 2fdb3e93-e0d8-400e-8c33-91e2341b50c6: start FollowerState
2019-10-22 00:13:27,674 [Thread-2217] INFO  impl.FollowerState (FollowerState.java:run(108)) - 2fdb3e93-e0d8-400e-8c33-91e2341b50c6@group-F01152B53F91-FollowerState: change to CANDIDATE, lastRpcTime:156ms, electionTimeout:156ms
2019-10-22 00:13:27,674 [Thread-2217] INFO  impl.RoleInfo (RoleInfo.java:shutdownFollowerState(121)) - 2fdb3e93-e0d8-400e-8c33-91e2341b50c6: shutdown FollowerState
2019-10-22 00:13:27,674 [Thread-2217] INFO  impl.RaftServerImpl (RaftServerImpl.java:setRole(184)) - 2fdb3e93-e0d8-400e-8c33-91e2341b50c6@group-F01152B53F91: changes role from  FOLLOWER to CANDIDATE at term 289 for changeToCandidate
2019-10-22 00:13:27,674 [Thread-2217] INFO  impl.RoleInfo (RoleInfo.java:updateAndGet(143)) - 2fdb3e93-e0d8-400e-8c33-91e2341b50c6: start LeaderElection
2019-10-22 00:13:27,688 [2fdb3e93-e0d8-400e-8c33-91e2341b50c6@group-F01152B53F91-LeaderElection294] INFO  impl.LeaderElection (LeaderElection.java:askForVotes(178)) - 2fdb3e93-e0d8-400e-8c33-91e2341b50c6@group-F01152B53F91-LeaderElection294: begin an election at term 290 for -1: [2fdb3e93-e0d8-400e-8c33-91e2341b50c6:192.168.157.254:43254, 062c71de-08d9-40ee-9309-15590e2e8e68:192.168.157.254:45598, 2a52019e-5647-44e1-bf30-9a43fd8a7377:192.168.157.254:36038], old=null
2019-10-22 00:13:27,689 [2fdb3e93-e0d8-400e-8c33-91e2341b50c6@group-F01152B53F91-LeaderElection294] INFO  impl.LeaderElection (LogUtils.java:infoOrTrace(149)) - 2fdb3e93-e0d8-400e-8c33-91e2341b50c6@group-F01152B53F91-LeaderElection294 got exception when requesting votes: {}
java.util.concurrent.ExecutionException: org.apache.ratis.thirdparty.io.grpc.StatusRuntimeException: UNAVAILABLE: io exception
	at java.util.concurrent.FutureTask.report(FutureTask.java:122)
	at java.util.concurrent.FutureTask.get(FutureTask.java:192)
	at org.apache.ratis.server.impl.LeaderElection.waitForResults(LeaderElection.java:259)
	at org.apache.ratis.server.impl.LeaderElection.askForVotes(LeaderElection.java:197)
	at org.apache.ratis.server.impl.LeaderElection.run(LeaderElection.java:133)
	at java.lang.Thread.run(Thread.java:748)
Caused by: org.apache.ratis.thirdparty.io.grpc.StatusRuntimeException: UNAVAILABLE: io exception
	at org.apache.ratis.thirdparty.io.grpc.stub.ClientCalls.toStatusRuntimeException(ClientCalls.java:233)
	at org.apache.ratis.thirdparty.io.grpc.stub.ClientCalls.getUnchecked(ClientCalls.java:214)
	at org.apache.ratis.thirdparty.io.grpc.stub.ClientCalls.blockingUnaryCall(ClientCalls.java:139)
	at org.apache.ratis.proto.grpc.RaftServerProtocolServiceGrpc$RaftServerProtocolServiceBlockingStub.requestVote(RaftServerProtocolServiceGrpc.java:265)
	at org.apache.ratis.grpc.server.GrpcServerProtocolClient.requestVote(GrpcServerProtocolClient.java:99)
	at org.apache.ratis.grpc.server.GrpcService.requestVote(GrpcService.java:204)
	at org.apache.ratis.server.impl.LeaderElection.lambda$submitRequests$1(LeaderElection.java:234)
	at java.util.concurrent.FutureTask.run(FutureTask.java:266)
	at java.util.concurrent.Executors$RunnableAdapter.call(Executors.java:511)
	at java.util.concurrent.FutureTask.run(FutureTask.java:266)
	at java.util.concurrent.ThreadPoolExecutor.runWorker(ThreadPoolExecutor.java:1149)
	at java.util.concurrent.ThreadPoolExecutor$Worker.run(ThreadPoolExecutor.java:624)
	... 1 more
Caused by: org.apache.ratis.thirdparty.io.netty.channel.AbstractChannel$AnnotatedConnectException: Connection refused: /192.168.157.254:45598
	at sun.nio.ch.SocketChannelImpl.checkConnect(Native Method)
	at sun.nio.ch.SocketChannelImpl.finishConnect(SocketChannelImpl.java:717)
	at org.apache.ratis.thirdparty.io.netty.channel.socket.nio.NioSocketChannel.doFinishConnect(NioSocketChannel.java:327)
	at org.apache.ratis.thirdparty.io.netty.channel.nio.AbstractNioChannel$AbstractNioUnsafe.finishConnect(AbstractNioChannel.java:340)
	at org.apache.ratis.thirdparty.io.netty.channel.nio.NioEventLoop.processSelectedKey(NioEventLoop.java:632)
	at org.apache.ratis.thirdparty.io.netty.channel.nio.NioEventLoop.processSelectedKeysOptimized(NioEventLoop.java:579)
	at org.apache.ratis.thirdparty.io.netty.channel.nio.NioEventLoop.processSelectedKeys(NioEventLoop.java:496)
	at org.apache.ratis.thirdparty.io.netty.channel.nio.NioEventLoop.run(NioEventLoop.java:458)
	at org.apache.ratis.thirdparty.io.netty.util.concurrent.SingleThreadEventExecutor$5.run(SingleThreadEventExecutor.java:897)
	at org.apache.ratis.thirdparty.io.netty.util.concurrent.FastThreadLocalRunnable.run(FastThreadLocalRunnable.java:30)
	... 1 more
Caused by: java.net.ConnectException: Connection refused
	... 11 more
2019-10-22 00:13:27,689 [2fdb3e93-e0d8-400e-8c33-91e2341b50c6@group-F01152B53F91-LeaderElection294] INFO  impl.LeaderElection (LogUtils.java:infoOrTrace(149)) - 2fdb3e93-e0d8-400e-8c33-91e2341b50c6@group-F01152B53F91-LeaderElection294 got exception when requesting votes: {}
java.util.concurrent.ExecutionException: org.apache.ratis.thirdparty.io.grpc.StatusRuntimeException: UNAVAILABLE: io exception
	at java.util.concurrent.FutureTask.report(FutureTask.java:122)
	at java.util.concurrent.FutureTask.get(FutureTask.java:192)
	at org.apache.ratis.server.impl.LeaderElection.waitForResults(LeaderElection.java:259)
	at org.apache.ratis.server.impl.LeaderElection.askForVotes(LeaderElection.java:197)
	at org.apache.ratis.server.impl.LeaderElection.run(LeaderElection.java:133)
	at java.lang.Thread.run(Thread.java:748)
Caused by: org.apache.ratis.thirdparty.io.grpc.StatusRuntimeException: UNAVAILABLE: io exception
	at org.apache.ratis.thirdparty.io.grpc.stub.ClientCalls.toStatusRuntimeException(ClientCalls.java:233)
	at org.apache.ratis.thirdparty.io.grpc.stub.ClientCalls.getUnchecked(ClientCalls.java:214)
	at org.apache.ratis.thirdparty.io.grpc.stub.ClientCalls.blockingUnaryCall(ClientCalls.java:139)
	at org.apache.ratis.proto.grpc.RaftServerProtocolServiceGrpc$RaftServerProtocolServiceBlockingStub.requestVote(RaftServerProtocolServiceGrpc.java:265)
	at org.apache.ratis.grpc.server.GrpcServerProtocolClient.requestVote(GrpcServerProtocolClient.java:99)
	at org.apache.ratis.grpc.server.GrpcService.requestVote(GrpcService.java:204)
	at org.apache.ratis.server.impl.LeaderElection.lambda$submitRequests$1(LeaderElection.java:234)
	at java.util.concurrent.FutureTask.run(FutureTask.java:266)
	at java.util.concurrent.Executors$RunnableAdapter.call(Executors.java:511)
	at java.util.concurrent.FutureTask.run(FutureTask.java:266)
	at java.util.concurrent.ThreadPoolExecutor.runWorker(ThreadPoolExecutor.java:1149)
	at java.util.concurrent.ThreadPoolExecutor$Worker.run(ThreadPoolExecutor.java:624)
	... 1 more
Caused by: org.apache.ratis.thirdparty.io.netty.channel.AbstractChannel$AnnotatedConnectException: Connection refused: /192.168.157.254:36038
	at sun.nio.ch.SocketChannelImpl.checkConnect(Native Method)
	at sun.nio.ch.SocketChannelImpl.finishConnect(SocketChannelImpl.java:717)
	at org.apache.ratis.thirdparty.io.netty.channel.socket.nio.NioSocketChannel.doFinishConnect(NioSocketChannel.java:327)
	at org.apache.ratis.thirdparty.io.netty.channel.nio.AbstractNioChannel$AbstractNioUnsafe.finishConnect(AbstractNioChannel.java:340)
	at org.apache.ratis.thirdparty.io.netty.channel.nio.NioEventLoop.processSelectedKey(NioEventLoop.java:632)
	at org.apache.ratis.thirdparty.io.netty.channel.nio.NioEventLoop.processSelectedKeysOptimized(NioEventLoop.java:579)
	at org.apache.ratis.thirdparty.io.netty.channel.nio.NioEventLoop.processSelectedKeys(NioEventLoop.java:496)
	at org.apache.ratis.thirdparty.io.netty.channel.nio.NioEventLoop.run(NioEventLoop.java:458)
	at org.apache.ratis.thirdparty.io.netty.util.concurrent.SingleThreadEventExecutor$5.run(SingleThreadEventExecutor.java:897)
	at org.apache.ratis.thirdparty.io.netty.util.concurrent.FastThreadLocalRunnable.run(FastThreadLocalRunnable.java:30)
	... 1 more
Caused by: java.net.ConnectException: Connection refused
	... 11 more
2019-10-22 00:13:27,690 [2fdb3e93-e0d8-400e-8c33-91e2341b50c6@group-F01152B53F91-LeaderElection294] INFO  impl.LeaderElection (LeaderElection.java:logAndReturn(56)) - 2fdb3e93-e0d8-400e-8c33-91e2341b50c6@group-F01152B53F91-LeaderElection294: Election REJECTED; received 0 response(s) [] and 2 exception(s); 2fdb3e93-e0d8-400e-8c33-91e2341b50c6@group-F01152B53F91:t290, leader=null, voted=2fdb3e93-e0d8-400e-8c33-91e2341b50c6, raftlog=2fdb3e93-e0d8-400e-8c33-91e2341b50c6@group-F01152B53F91-SegmentedRaftLog:OPENED:c-1,f-1,i0, conf=-1: [2fdb3e93-e0d8-400e-8c33-91e2341b50c6:192.168.157.254:43254, 062c71de-08d9-40ee-9309-15590e2e8e68:192.168.157.254:45598, 2a52019e-5647-44e1-bf30-9a43fd8a7377:192.168.157.254:36038], old=null
2019-10-22 00:13:27,690 [2fdb3e93-e0d8-400e-8c33-91e2341b50c6@group-F01152B53F91-LeaderElection294] INFO  impl.LeaderElection (LogUtils.java:infoOrTrace(149)) -   Exception 0: {}
java.util.concurrent.ExecutionException: org.apache.ratis.thirdparty.io.grpc.StatusRuntimeException: UNAVAILABLE: io exception
	at java.util.concurrent.FutureTask.report(FutureTask.java:122)
	at java.util.concurrent.FutureTask.get(FutureTask.java:192)
	at org.apache.ratis.server.impl.LeaderElection.waitForResults(LeaderElection.java:259)
	at org.apache.ratis.server.impl.LeaderElection.askForVotes(LeaderElection.java:197)
	at org.apache.ratis.server.impl.LeaderElection.run(LeaderElection.java:133)
	at java.lang.Thread.run(Thread.java:748)
Caused by: org.apache.ratis.thirdparty.io.grpc.StatusRuntimeException: UNAVAILABLE: io exception
	at org.apache.ratis.thirdparty.io.grpc.stub.ClientCalls.toStatusRuntimeException(ClientCalls.java:233)
	at org.apache.ratis.thirdparty.io.grpc.stub.ClientCalls.getUnchecked(ClientCalls.java:214)
	at org.apache.ratis.thirdparty.io.grpc.stub.ClientCalls.blockingUnaryCall(ClientCalls.java:139)
	at org.apache.ratis.proto.grpc.RaftServerProtocolServiceGrpc$RaftServerProtocolServiceBlockingStub.requestVote(RaftServerProtocolServiceGrpc.java:265)
	at org.apache.ratis.grpc.server.GrpcServerProtocolClient.requestVote(GrpcServerProtocolClient.java:99)
	at org.apache.ratis.grpc.server.GrpcService.requestVote(GrpcService.java:204)
	at org.apache.ratis.server.impl.LeaderElection.lambda$submitRequests$1(LeaderElection.java:234)
	at java.util.concurrent.FutureTask.run(FutureTask.java:266)
	at java.util.concurrent.Executors$RunnableAdapter.call(Executors.java:511)
	at java.util.concurrent.FutureTask.run(FutureTask.java:266)
	at java.util.concurrent.ThreadPoolExecutor.runWorker(ThreadPoolExecutor.java:1149)
	at java.util.concurrent.ThreadPoolExecutor$Worker.run(ThreadPoolExecutor.java:624)
	... 1 more
Caused by: org.apache.ratis.thirdparty.io.netty.channel.AbstractChannel$AnnotatedConnectException: Connection refused: /192.168.157.254:45598
	at sun.nio.ch.SocketChannelImpl.checkConnect(Native Method)
	at sun.nio.ch.SocketChannelImpl.finishConnect(SocketChannelImpl.java:717)
	at org.apache.ratis.thirdparty.io.netty.channel.socket.nio.NioSocketChannel.doFinishConnect(NioSocketChannel.java:327)
	at org.apache.ratis.thirdparty.io.netty.channel.nio.AbstractNioChannel$AbstractNioUnsafe.finishConnect(AbstractNioChannel.java:340)
	at org.apache.ratis.thirdparty.io.netty.channel.nio.NioEventLoop.processSelectedKey(NioEventLoop.java:632)
	at org.apache.ratis.thirdparty.io.netty.channel.nio.NioEventLoop.processSelectedKeysOptimized(NioEventLoop.java:579)
	at org.apache.ratis.thirdparty.io.netty.channel.nio.NioEventLoop.processSelectedKeys(NioEventLoop.java:496)
	at org.apache.ratis.thirdparty.io.netty.channel.nio.NioEventLoop.run(NioEventLoop.java:458)
	at org.apache.ratis.thirdparty.io.netty.util.concurrent.SingleThreadEventExecutor$5.run(SingleThreadEventExecutor.java:897)
	at org.apache.ratis.thirdparty.io.netty.util.concurrent.FastThreadLocalRunnable.run(FastThreadLocalRunnable.java:30)
	... 1 more
Caused by: java.net.ConnectException: Connection refused
	... 11 more
2019-10-22 00:13:27,690 [2fdb3e93-e0d8-400e-8c33-91e2341b50c6@group-F01152B53F91-LeaderElection294] INFO  impl.LeaderElection (LogUtils.java:infoOrTrace(149)) -   Exception 1: {}
java.util.concurrent.ExecutionException: org.apache.ratis.thirdparty.io.grpc.StatusRuntimeException: UNAVAILABLE: io exception
	at java.util.concurrent.FutureTask.report(FutureTask.java:122)
	at java.util.concurrent.FutureTask.get(FutureTask.java:192)
	at org.apache.ratis.server.impl.LeaderElection.waitForResults(LeaderElection.java:259)
	at org.apache.ratis.server.impl.LeaderElection.askForVotes(LeaderElection.java:197)
	at org.apache.ratis.server.impl.LeaderElection.run(LeaderElection.java:133)
	at java.lang.Thread.run(Thread.java:748)
Caused by: org.apache.ratis.thirdparty.io.grpc.StatusRuntimeException: UNAVAILABLE: io exception
	at org.apache.ratis.thirdparty.io.grpc.stub.ClientCalls.toStatusRuntimeException(ClientCalls.java:233)
	at org.apache.ratis.thirdparty.io.grpc.stub.ClientCalls.getUnchecked(ClientCalls.java:214)
	at org.apache.ratis.thirdparty.io.grpc.stub.ClientCalls.blockingUnaryCall(ClientCalls.java:139)
	at org.apache.ratis.proto.grpc.RaftServerProtocolServiceGrpc$RaftServerProtocolServiceBlockingStub.requestVote(RaftServerProtocolServiceGrpc.java:265)
	at org.apache.ratis.grpc.server.GrpcServerProtocolClient.requestVote(GrpcServerProtocolClient.java:99)
	at org.apache.ratis.grpc.server.GrpcService.requestVote(GrpcService.java:204)
	at org.apache.ratis.server.impl.LeaderElection.lambda$submitRequests$1(LeaderElection.java:234)
	at java.util.concurrent.FutureTask.run(FutureTask.java:266)
	at java.util.concurrent.Executors$RunnableAdapter.call(Executors.java:511)
	at java.util.concurrent.FutureTask.run(FutureTask.java:266)
	at java.util.concurrent.ThreadPoolExecutor.runWorker(ThreadPoolExecutor.java:1149)
	at java.util.concurrent.ThreadPoolExecutor$Worker.run(ThreadPoolExecutor.java:624)
	... 1 more
Caused by: org.apache.ratis.thirdparty.io.netty.channel.AbstractChannel$AnnotatedConnectException: Connection refused: /192.168.157.254:36038
	at sun.nio.ch.SocketChannelImpl.checkConnect(Native Method)
	at sun.nio.ch.SocketChannelImpl.finishConnect(SocketChannelImpl.java:717)
	at org.apache.ratis.thirdparty.io.netty.channel.socket.nio.NioSocketChannel.doFinishConnect(NioSocketChannel.java:327)
	at org.apache.ratis.thirdparty.io.netty.channel.nio.AbstractNioChannel$AbstractNioUnsafe.finishConnect(AbstractNioChannel.java:340)
	at org.apache.ratis.thirdparty.io.netty.channel.nio.NioEventLoop.processSelectedKey(NioEventLoop.java:632)
	at org.apache.ratis.thirdparty.io.netty.channel.nio.NioEventLoop.processSelectedKeysOptimized(NioEventLoop.java:579)
	at org.apache.ratis.thirdparty.io.netty.channel.nio.NioEventLoop.processSelectedKeys(NioEventLoop.java:496)
	at org.apache.ratis.thirdparty.io.netty.channel.nio.NioEventLoop.run(NioEventLoop.java:458)
	at org.apache.ratis.thirdparty.io.netty.util.concurrent.SingleThreadEventExecutor$5.run(SingleThreadEventExecutor.java:897)
	at org.apache.ratis.thirdparty.io.netty.util.concurrent.FastThreadLocalRunnable.run(FastThreadLocalRunnable.java:30)
	... 1 more
Caused by: java.net.ConnectException: Connection refused
	... 11 more
2019-10-22 00:13:27,690 [2fdb3e93-e0d8-400e-8c33-91e2341b50c6@group-F01152B53F91-LeaderElection294] INFO  impl.RaftServerImpl (RaftServerImpl.java:setRole(184)) - 2fdb3e93-e0d8-400e-8c33-91e2341b50c6@group-F01152B53F91: changes role from CANDIDATE to FOLLOWER at term 290 for DISCOVERED_A_NEW_TERM
2019-10-22 00:13:27,690 [2fdb3e93-e0d8-400e-8c33-91e2341b50c6@group-F01152B53F91-LeaderElection294] INFO  impl.RoleInfo (RoleInfo.java:shutdownLeaderElection(134)) - 2fdb3e93-e0d8-400e-8c33-91e2341b50c6: shutdown LeaderElection
2019-10-22 00:13:27,691 [2fdb3e93-e0d8-400e-8c33-91e2341b50c6@group-F01152B53F91-LeaderElection294] INFO  impl.RoleInfo (RoleInfo.java:updateAndGet(143)) - 2fdb3e93-e0d8-400e-8c33-91e2341b50c6: start FollowerState
2019-10-22 00:13:27,807 [Thread-2221] INFO  impl.FollowerState (FollowerState.java:run(108)) - 2fdb3e93-e0d8-400e-8c33-91e2341b50c6@group-F01152B53F91-FollowerState: change to CANDIDATE, lastRpcTime:116ms, electionTimeout:116ms
2019-10-22 00:13:27,807 [Thread-2221] INFO  impl.RoleInfo (RoleInfo.java:shutdownFollowerState(121)) - 2fdb3e93-e0d8-400e-8c33-91e2341b50c6: shutdown FollowerState
2019-10-22 00:13:27,807 [Thread-2221] INFO  impl.RaftServerImpl (RaftServerImpl.java:setRole(184)) - 2fdb3e93-e0d8-400e-8c33-91e2341b50c6@group-F01152B53F91: changes role from  FOLLOWER to CANDIDATE at term 290 for changeToCandidate
2019-10-22 00:13:27,807 [Thread-2221] INFO  impl.RoleInfo (RoleInfo.java:updateAndGet(143)) - 2fdb3e93-e0d8-400e-8c33-91e2341b50c6: start LeaderElection
2019-10-22 00:13:27,850 [2fdb3e93-e0d8-400e-8c33-91e2341b50c6@group-F01152B53F91-LeaderElection295] INFO  impl.LeaderElection (LeaderElection.java:askForVotes(178)) - 2fdb3e93-e0d8-400e-8c33-91e2341b50c6@group-F01152B53F91-LeaderElection295: begin an election at term 291 for -1: [2fdb3e93-e0d8-400e-8c33-91e2341b50c6:192.168.157.254:43254, 062c71de-08d9-40ee-9309-15590e2e8e68:192.168.157.254:45598, 2a52019e-5647-44e1-bf30-9a43fd8a7377:192.168.157.254:36038], old=null
2019-10-22 00:13:27,851 [2fdb3e93-e0d8-400e-8c33-91e2341b50c6@group-F01152B53F91-LeaderElection295] INFO  impl.LeaderElection (LogUtils.java:infoOrTrace(149)) - 2fdb3e93-e0d8-400e-8c33-91e2341b50c6@group-F01152B53F91-LeaderElection295 got exception when requesting votes: {}
java.util.concurrent.ExecutionException: org.apache.ratis.thirdparty.io.grpc.StatusRuntimeException: UNAVAILABLE: io exception
	at java.util.concurrent.FutureTask.report(FutureTask.java:122)
	at java.util.concurrent.FutureTask.get(FutureTask.java:192)
	at org.apache.ratis.server.impl.LeaderElection.waitForResults(LeaderElection.java:259)
	at org.apache.ratis.server.impl.LeaderElection.askForVotes(LeaderElection.java:197)
	at org.apache.ratis.server.impl.LeaderElection.run(LeaderElection.java:133)
	at java.lang.Thread.run(Thread.java:748)
Caused by: org.apache.ratis.thirdparty.io.grpc.StatusRuntimeException: UNAVAILABLE: io exception
	at org.apache.ratis.thirdparty.io.grpc.stub.ClientCalls.toStatusRuntimeException(ClientCalls.java:233)
	at org.apache.ratis.thirdparty.io.grpc.stub.ClientCalls.getUnchecked(ClientCalls.java:214)
	at org.apache.ratis.thirdparty.io.grpc.stub.ClientCalls.blockingUnaryCall(ClientCalls.java:139)
	at org.apache.ratis.proto.grpc.RaftServerProtocolServiceGrpc$RaftServerProtocolServiceBlockingStub.requestVote(RaftServerProtocolServiceGrpc.java:265)
	at org.apache.ratis.grpc.server.GrpcServerProtocolClient.requestVote(GrpcServerProtocolClient.java:99)
	at org.apache.ratis.grpc.server.GrpcService.requestVote(GrpcService.java:204)
	at org.apache.ratis.server.impl.LeaderElection.lambda$submitRequests$1(LeaderElection.java:234)
	at java.util.concurrent.FutureTask.run(FutureTask.java:266)
	at java.util.concurrent.Executors$RunnableAdapter.call(Executors.java:511)
	at java.util.concurrent.FutureTask.run(FutureTask.java:266)
	at java.util.concurrent.ThreadPoolExecutor.runWorker(ThreadPoolExecutor.java:1149)
	at java.util.concurrent.ThreadPoolExecutor$Worker.run(ThreadPoolExecutor.java:624)
	... 1 more
Caused by: org.apache.ratis.thirdparty.io.netty.channel.AbstractChannel$AnnotatedConnectException: Connection refused: /192.168.157.254:45598
	at sun.nio.ch.SocketChannelImpl.checkConnect(Native Method)
	at sun.nio.ch.SocketChannelImpl.finishConnect(SocketChannelImpl.java:717)
	at org.apache.ratis.thirdparty.io.netty.channel.socket.nio.NioSocketChannel.doFinishConnect(NioSocketChannel.java:327)
	at org.apache.ratis.thirdparty.io.netty.channel.nio.AbstractNioChannel$AbstractNioUnsafe.finishConnect(AbstractNioChannel.java:340)
	at org.apache.ratis.thirdparty.io.netty.channel.nio.NioEventLoop.processSelectedKey(NioEventLoop.java:632)
	at org.apache.ratis.thirdparty.io.netty.channel.nio.NioEventLoop.processSelectedKeysOptimized(NioEventLoop.java:579)
	at org.apache.ratis.thirdparty.io.netty.channel.nio.NioEventLoop.processSelectedKeys(NioEventLoop.java:496)
	at org.apache.ratis.thirdparty.io.netty.channel.nio.NioEventLoop.run(NioEventLoop.java:458)
	at org.apache.ratis.thirdparty.io.netty.util.concurrent.SingleThreadEventExecutor$5.run(SingleThreadEventExecutor.java:897)
	at org.apache.ratis.thirdparty.io.netty.util.concurrent.FastThreadLocalRunnable.run(FastThreadLocalRunnable.java:30)
	... 1 more
Caused by: java.net.ConnectException: Connection refused
	... 11 more
2019-10-22 00:13:27,851 [2fdb3e93-e0d8-400e-8c33-91e2341b50c6@group-F01152B53F91-LeaderElection295] INFO  impl.LeaderElection (LogUtils.java:infoOrTrace(149)) - 2fdb3e93-e0d8-400e-8c33-91e2341b50c6@group-F01152B53F91-LeaderElection295 got exception when requesting votes: {}
java.util.concurrent.ExecutionException: org.apache.ratis.thirdparty.io.grpc.StatusRuntimeException: UNAVAILABLE: io exception
	at java.util.concurrent.FutureTask.report(FutureTask.java:122)
	at java.util.concurrent.FutureTask.get(FutureTask.java:192)
	at org.apache.ratis.server.impl.LeaderElection.waitForResults(LeaderElection.java:259)
	at org.apache.ratis.server.impl.LeaderElection.askForVotes(LeaderElection.java:197)
	at org.apache.ratis.server.impl.LeaderElection.run(LeaderElection.java:133)
	at java.lang.Thread.run(Thread.java:748)
Caused by: org.apache.ratis.thirdparty.io.grpc.StatusRuntimeException: UNAVAILABLE: io exception
	at org.apache.ratis.thirdparty.io.grpc.stub.ClientCalls.toStatusRuntimeException(ClientCalls.java:233)
	at org.apache.ratis.thirdparty.io.grpc.stub.ClientCalls.getUnchecked(ClientCalls.java:214)
	at org.apache.ratis.thirdparty.io.grpc.stub.ClientCalls.blockingUnaryCall(ClientCalls.java:139)
	at org.apache.ratis.proto.grpc.RaftServerProtocolServiceGrpc$RaftServerProtocolServiceBlockingStub.requestVote(RaftServerProtocolServiceGrpc.java:265)
	at org.apache.ratis.grpc.server.GrpcServerProtocolClient.requestVote(GrpcServerProtocolClient.java:99)
	at org.apache.ratis.grpc.server.GrpcService.requestVote(GrpcService.java:204)
	at org.apache.ratis.server.impl.LeaderElection.lambda$submitRequests$1(LeaderElection.java:234)
	at java.util.concurrent.FutureTask.run(FutureTask.java:266)
	at java.util.concurrent.Executors$RunnableAdapter.call(Executors.java:511)
	at java.util.concurrent.FutureTask.run(FutureTask.java:266)
	at java.util.concurrent.ThreadPoolExecutor.runWorker(ThreadPoolExecutor.java:1149)
	at java.util.concurrent.ThreadPoolExecutor$Worker.run(ThreadPoolExecutor.java:624)
	... 1 more
Caused by: org.apache.ratis.thirdparty.io.netty.channel.AbstractChannel$AnnotatedConnectException: Connection refused: /192.168.157.254:36038
	at sun.nio.ch.SocketChannelImpl.checkConnect(Native Method)
	at sun.nio.ch.SocketChannelImpl.finishConnect(SocketChannelImpl.java:717)
	at org.apache.ratis.thirdparty.io.netty.channel.socket.nio.NioSocketChannel.doFinishConnect(NioSocketChannel.java:327)
	at org.apache.ratis.thirdparty.io.netty.channel.nio.AbstractNioChannel$AbstractNioUnsafe.finishConnect(AbstractNioChannel.java:340)
	at org.apache.ratis.thirdparty.io.netty.channel.nio.NioEventLoop.processSelectedKey(NioEventLoop.java:632)
	at org.apache.ratis.thirdparty.io.netty.channel.nio.NioEventLoop.processSelectedKeysOptimized(NioEventLoop.java:579)
	at org.apache.ratis.thirdparty.io.netty.channel.nio.NioEventLoop.processSelectedKeys(NioEventLoop.java:496)
	at org.apache.ratis.thirdparty.io.netty.channel.nio.NioEventLoop.run(NioEventLoop.java:458)
	at org.apache.ratis.thirdparty.io.netty.util.concurrent.SingleThreadEventExecutor$5.run(SingleThreadEventExecutor.java:897)
	at org.apache.ratis.thirdparty.io.netty.util.concurrent.FastThreadLocalRunnable.run(FastThreadLocalRunnable.java:30)
	... 1 more
Caused by: java.net.ConnectException: Connection refused
	... 11 more
2019-10-22 00:13:27,852 [2fdb3e93-e0d8-400e-8c33-91e2341b50c6@group-F01152B53F91-LeaderElection295] INFO  impl.LeaderElection (LeaderElection.java:logAndReturn(56)) - 2fdb3e93-e0d8-400e-8c33-91e2341b50c6@group-F01152B53F91-LeaderElection295: Election REJECTED; received 0 response(s) [] and 2 exception(s); 2fdb3e93-e0d8-400e-8c33-91e2341b50c6@group-F01152B53F91:t291, leader=null, voted=2fdb3e93-e0d8-400e-8c33-91e2341b50c6, raftlog=2fdb3e93-e0d8-400e-8c33-91e2341b50c6@group-F01152B53F91-SegmentedRaftLog:OPENED:c-1,f-1,i0, conf=-1: [2fdb3e93-e0d8-400e-8c33-91e2341b50c6:192.168.157.254:43254, 062c71de-08d9-40ee-9309-15590e2e8e68:192.168.157.254:45598, 2a52019e-5647-44e1-bf30-9a43fd8a7377:192.168.157.254:36038], old=null
2019-10-22 00:13:27,852 [2fdb3e93-e0d8-400e-8c33-91e2341b50c6@group-F01152B53F91-LeaderElection295] INFO  impl.LeaderElection (LogUtils.java:infoOrTrace(149)) -   Exception 0: {}
java.util.concurrent.ExecutionException: org.apache.ratis.thirdparty.io.grpc.StatusRuntimeException: UNAVAILABLE: io exception
	at java.util.concurrent.FutureTask.report(FutureTask.java:122)
	at java.util.concurrent.FutureTask.get(FutureTask.java:192)
	at org.apache.ratis.server.impl.LeaderElection.waitForResults(LeaderElection.java:259)
	at org.apache.ratis.server.impl.LeaderElection.askForVotes(LeaderElection.java:197)
	at org.apache.ratis.server.impl.LeaderElection.run(LeaderElection.java:133)
	at java.lang.Thread.run(Thread.java:748)
Caused by: org.apache.ratis.thirdparty.io.grpc.StatusRuntimeException: UNAVAILABLE: io exception
	at org.apache.ratis.thirdparty.io.grpc.stub.ClientCalls.toStatusRuntimeException(ClientCalls.java:233)
	at org.apache.ratis.thirdparty.io.grpc.stub.ClientCalls.getUnchecked(ClientCalls.java:214)
	at org.apache.ratis.thirdparty.io.grpc.stub.ClientCalls.blockingUnaryCall(ClientCalls.java:139)
	at org.apache.ratis.proto.grpc.RaftServerProtocolServiceGrpc$RaftServerProtocolServiceBlockingStub.requestVote(RaftServerProtocolServiceGrpc.java:265)
	at org.apache.ratis.grpc.server.GrpcServerProtocolClient.requestVote(GrpcServerProtocolClient.java:99)
	at org.apache.ratis.grpc.server.GrpcService.requestVote(GrpcService.java:204)
	at org.apache.ratis.server.impl.LeaderElection.lambda$submitRequests$1(LeaderElection.java:234)
	at java.util.concurrent.FutureTask.run(FutureTask.java:266)
	at java.util.concurrent.Executors$RunnableAdapter.call(Executors.java:511)
	at java.util.concurrent.FutureTask.run(FutureTask.java:266)
	at java.util.concurrent.ThreadPoolExecutor.runWorker(ThreadPoolExecutor.java:1149)
	at java.util.concurrent.ThreadPoolExecutor$Worker.run(ThreadPoolExecutor.java:624)
	... 1 more
Caused by: org.apache.ratis.thirdparty.io.netty.channel.AbstractChannel$AnnotatedConnectException: Connection refused: /192.168.157.254:45598
	at sun.nio.ch.SocketChannelImpl.checkConnect(Native Method)
	at sun.nio.ch.SocketChannelImpl.finishConnect(SocketChannelImpl.java:717)
	at org.apache.ratis.thirdparty.io.netty.channel.socket.nio.NioSocketChannel.doFinishConnect(NioSocketChannel.java:327)
	at org.apache.ratis.thirdparty.io.netty.channel.nio.AbstractNioChannel$AbstractNioUnsafe.finishConnect(AbstractNioChannel.java:340)
	at org.apache.ratis.thirdparty.io.netty.channel.nio.NioEventLoop.processSelectedKey(NioEventLoop.java:632)
	at org.apache.ratis.thirdparty.io.netty.channel.nio.NioEventLoop.processSelectedKeysOptimized(NioEventLoop.java:579)
	at org.apache.ratis.thirdparty.io.netty.channel.nio.NioEventLoop.processSelectedKeys(NioEventLoop.java:496)
	at org.apache.ratis.thirdparty.io.netty.channel.nio.NioEventLoop.run(NioEventLoop.java:458)
	at org.apache.ratis.thirdparty.io.netty.util.concurrent.SingleThreadEventExecutor$5.run(SingleThreadEventExecutor.java:897)
	at org.apache.ratis.thirdparty.io.netty.util.concurrent.FastThreadLocalRunnable.run(FastThreadLocalRunnable.java:30)
	... 1 more
Caused by: java.net.ConnectException: Connection refused
	... 11 more
2019-10-22 00:13:27,852 [2fdb3e93-e0d8-400e-8c33-91e2341b50c6@group-F01152B53F91-LeaderElection295] INFO  impl.LeaderElection (LogUtils.java:infoOrTrace(149)) -   Exception 1: {}
java.util.concurrent.ExecutionException: org.apache.ratis.thirdparty.io.grpc.StatusRuntimeException: UNAVAILABLE: io exception
	at java.util.concurrent.FutureTask.report(FutureTask.java:122)
	at java.util.concurrent.FutureTask.get(FutureTask.java:192)
	at org.apache.ratis.server.impl.LeaderElection.waitForResults(LeaderElection.java:259)
	at org.apache.ratis.server.impl.LeaderElection.askForVotes(LeaderElection.java:197)
	at org.apache.ratis.server.impl.LeaderElection.run(LeaderElection.java:133)
	at java.lang.Thread.run(Thread.java:748)
Caused by: org.apache.ratis.thirdparty.io.grpc.StatusRuntimeException: UNAVAILABLE: io exception
	at org.apache.ratis.thirdparty.io.grpc.stub.ClientCalls.toStatusRuntimeException(ClientCalls.java:233)
	at org.apache.ratis.thirdparty.io.grpc.stub.ClientCalls.getUnchecked(ClientCalls.java:214)
	at org.apache.ratis.thirdparty.io.grpc.stub.ClientCalls.blockingUnaryCall(ClientCalls.java:139)
	at org.apache.ratis.proto.grpc.RaftServerProtocolServiceGrpc$RaftServerProtocolServiceBlockingStub.requestVote(RaftServerProtocolServiceGrpc.java:265)
	at org.apache.ratis.grpc.server.GrpcServerProtocolClient.requestVote(GrpcServerProtocolClient.java:99)
	at org.apache.ratis.grpc.server.GrpcService.requestVote(GrpcService.java:204)
	at org.apache.ratis.server.impl.LeaderElection.lambda$submitRequests$1(LeaderElection.java:234)
	at java.util.concurrent.FutureTask.run(FutureTask.java:266)
	at java.util.concurrent.Executors$RunnableAdapter.call(Executors.java:511)
	at java.util.concurrent.FutureTask.run(FutureTask.java:266)
	at java.util.concurrent.ThreadPoolExecutor.runWorker(ThreadPoolExecutor.java:1149)
	at java.util.concurrent.ThreadPoolExecutor$Worker.run(ThreadPoolExecutor.java:624)
	... 1 more
Caused by: org.apache.ratis.thirdparty.io.netty.channel.AbstractChannel$AnnotatedConnectException: Connection refused: /192.168.157.254:36038
	at sun.nio.ch.SocketChannelImpl.checkConnect(Native Method)
	at sun.nio.ch.SocketChannelImpl.finishConnect(SocketChannelImpl.java:717)
	at org.apache.ratis.thirdparty.io.netty.channel.socket.nio.NioSocketChannel.doFinishConnect(NioSocketChannel.java:327)
	at org.apache.ratis.thirdparty.io.netty.channel.nio.AbstractNioChannel$AbstractNioUnsafe.finishConnect(AbstractNioChannel.java:340)
	at org.apache.ratis.thirdparty.io.netty.channel.nio.NioEventLoop.processSelectedKey(NioEventLoop.java:632)
	at org.apache.ratis.thirdparty.io.netty.channel.nio.NioEventLoop.processSelectedKeysOptimized(NioEventLoop.java:579)
	at org.apache.ratis.thirdparty.io.netty.channel.nio.NioEventLoop.processSelectedKeys(NioEventLoop.java:496)
	at org.apache.ratis.thirdparty.io.netty.channel.nio.NioEventLoop.run(NioEventLoop.java:458)
	at org.apache.ratis.thirdparty.io.netty.util.concurrent.SingleThreadEventExecutor$5.run(SingleThreadEventExecutor.java:897)
	at org.apache.ratis.thirdparty.io.netty.util.concurrent.FastThreadLocalRunnable.run(FastThreadLocalRunnable.java:30)
	... 1 more
Caused by: java.net.ConnectException: Connection refused
	... 11 more
2019-10-22 00:13:27,852 [2fdb3e93-e0d8-400e-8c33-91e2341b50c6@group-F01152B53F91-LeaderElection295] INFO  impl.RaftServerImpl (RaftServerImpl.java:setRole(184)) - 2fdb3e93-e0d8-400e-8c33-91e2341b50c6@group-F01152B53F91: changes role from CANDIDATE to FOLLOWER at term 291 for DISCOVERED_A_NEW_TERM
2019-10-22 00:13:27,852 [2fdb3e93-e0d8-400e-8c33-91e2341b50c6@group-F01152B53F91-LeaderElection295] INFO  impl.RoleInfo (RoleInfo.java:shutdownLeaderElection(134)) - 2fdb3e93-e0d8-400e-8c33-91e2341b50c6: shutdown LeaderElection
2019-10-22 00:13:27,853 [2fdb3e93-e0d8-400e-8c33-91e2341b50c6@group-F01152B53F91-LeaderElection295] INFO  impl.RoleInfo (RoleInfo.java:updateAndGet(143)) - 2fdb3e93-e0d8-400e-8c33-91e2341b50c6: start FollowerState
2019-10-22 00:13:28,016 [Thread-2225] INFO  impl.FollowerState (FollowerState.java:run(108)) - 2fdb3e93-e0d8-400e-8c33-91e2341b50c6@group-F01152B53F91-FollowerState: change to CANDIDATE, lastRpcTime:163ms, electionTimeout:163ms
2019-10-22 00:13:28,016 [Thread-2225] INFO  impl.RoleInfo (RoleInfo.java:shutdownFollowerState(121)) - 2fdb3e93-e0d8-400e-8c33-91e2341b50c6: shutdown FollowerState
2019-10-22 00:13:28,016 [Thread-2225] INFO  impl.RaftServerImpl (RaftServerImpl.java:setRole(184)) - 2fdb3e93-e0d8-400e-8c33-91e2341b50c6@group-F01152B53F91: changes role from  FOLLOWER to CANDIDATE at term 291 for changeToCandidate
2019-10-22 00:13:28,016 [Thread-2225] INFO  impl.RoleInfo (RoleInfo.java:updateAndGet(143)) - 2fdb3e93-e0d8-400e-8c33-91e2341b50c6: start LeaderElection
2019-10-22 00:13:28,037 [2fdb3e93-e0d8-400e-8c33-91e2341b50c6@group-F01152B53F91-LeaderElection296] INFO  impl.LeaderElection (LeaderElection.java:askForVotes(178)) - 2fdb3e93-e0d8-400e-8c33-91e2341b50c6@group-F01152B53F91-LeaderElection296: begin an election at term 292 for -1: [2fdb3e93-e0d8-400e-8c33-91e2341b50c6:192.168.157.254:43254, 062c71de-08d9-40ee-9309-15590e2e8e68:192.168.157.254:45598, 2a52019e-5647-44e1-bf30-9a43fd8a7377:192.168.157.254:36038], old=null
2019-10-22 00:13:28,038 [2fdb3e93-e0d8-400e-8c33-91e2341b50c6@group-F01152B53F91-LeaderElection296] INFO  impl.LeaderElection (LogUtils.java:infoOrTrace(149)) - 2fdb3e93-e0d8-400e-8c33-91e2341b50c6@group-F01152B53F91-LeaderElection296 got exception when requesting votes: {}
java.util.concurrent.ExecutionException: org.apache.ratis.thirdparty.io.grpc.StatusRuntimeException: UNAVAILABLE: io exception
	at java.util.concurrent.FutureTask.report(FutureTask.java:122)
	at java.util.concurrent.FutureTask.get(FutureTask.java:192)
	at org.apache.ratis.server.impl.LeaderElection.waitForResults(LeaderElection.java:259)
	at org.apache.ratis.server.impl.LeaderElection.askForVotes(LeaderElection.java:197)
	at org.apache.ratis.server.impl.LeaderElection.run(LeaderElection.java:133)
	at java.lang.Thread.run(Thread.java:748)
Caused by: org.apache.ratis.thirdparty.io.grpc.StatusRuntimeException: UNAVAILABLE: io exception
	at org.apache.ratis.thirdparty.io.grpc.stub.ClientCalls.toStatusRuntimeException(ClientCalls.java:233)
	at org.apache.ratis.thirdparty.io.grpc.stub.ClientCalls.getUnchecked(ClientCalls.java:214)
	at org.apache.ratis.thirdparty.io.grpc.stub.ClientCalls.blockingUnaryCall(ClientCalls.java:139)
	at org.apache.ratis.proto.grpc.RaftServerProtocolServiceGrpc$RaftServerProtocolServiceBlockingStub.requestVote(RaftServerProtocolServiceGrpc.java:265)
	at org.apache.ratis.grpc.server.GrpcServerProtocolClient.requestVote(GrpcServerProtocolClient.java:99)
	at org.apache.ratis.grpc.server.GrpcService.requestVote(GrpcService.java:204)
	at org.apache.ratis.server.impl.LeaderElection.lambda$submitRequests$1(LeaderElection.java:234)
	at java.util.concurrent.FutureTask.run(FutureTask.java:266)
	at java.util.concurrent.Executors$RunnableAdapter.call(Executors.java:511)
	at java.util.concurrent.FutureTask.run(FutureTask.java:266)
	at java.util.concurrent.ThreadPoolExecutor.runWorker(ThreadPoolExecutor.java:1149)
	at java.util.concurrent.ThreadPoolExecutor$Worker.run(ThreadPoolExecutor.java:624)
	... 1 more
Caused by: org.apache.ratis.thirdparty.io.netty.channel.AbstractChannel$AnnotatedConnectException: Connection refused: /192.168.157.254:45598
	at sun.nio.ch.SocketChannelImpl.checkConnect(Native Method)
	at sun.nio.ch.SocketChannelImpl.finishConnect(SocketChannelImpl.java:717)
	at org.apache.ratis.thirdparty.io.netty.channel.socket.nio.NioSocketChannel.doFinishConnect(NioSocketChannel.java:327)
	at org.apache.ratis.thirdparty.io.netty.channel.nio.AbstractNioChannel$AbstractNioUnsafe.finishConnect(AbstractNioChannel.java:340)
	at org.apache.ratis.thirdparty.io.netty.channel.nio.NioEventLoop.processSelectedKey(NioEventLoop.java:632)
	at org.apache.ratis.thirdparty.io.netty.channel.nio.NioEventLoop.processSelectedKeysOptimized(NioEventLoop.java:579)
	at org.apache.ratis.thirdparty.io.netty.channel.nio.NioEventLoop.processSelectedKeys(NioEventLoop.java:496)
	at org.apache.ratis.thirdparty.io.netty.channel.nio.NioEventLoop.run(NioEventLoop.java:458)
	at org.apache.ratis.thirdparty.io.netty.util.concurrent.SingleThreadEventExecutor$5.run(SingleThreadEventExecutor.java:897)
	at org.apache.ratis.thirdparty.io.netty.util.concurrent.FastThreadLocalRunnable.run(FastThreadLocalRunnable.java:30)
	... 1 more
Caused by: java.net.ConnectException: Connection refused
	... 11 more
2019-10-22 00:13:28,038 [2fdb3e93-e0d8-400e-8c33-91e2341b50c6@group-F01152B53F91-LeaderElection296] INFO  impl.LeaderElection (LogUtils.java:infoOrTrace(149)) - 2fdb3e93-e0d8-400e-8c33-91e2341b50c6@group-F01152B53F91-LeaderElection296 got exception when requesting votes: {}
java.util.concurrent.ExecutionException: org.apache.ratis.thirdparty.io.grpc.StatusRuntimeException: UNAVAILABLE: io exception
	at java.util.concurrent.FutureTask.report(FutureTask.java:122)
	at java.util.concurrent.FutureTask.get(FutureTask.java:192)
	at org.apache.ratis.server.impl.LeaderElection.waitForResults(LeaderElection.java:259)
	at org.apache.ratis.server.impl.LeaderElection.askForVotes(LeaderElection.java:197)
	at org.apache.ratis.server.impl.LeaderElection.run(LeaderElection.java:133)
	at java.lang.Thread.run(Thread.java:748)
Caused by: org.apache.ratis.thirdparty.io.grpc.StatusRuntimeException: UNAVAILABLE: io exception
	at org.apache.ratis.thirdparty.io.grpc.stub.ClientCalls.toStatusRuntimeException(ClientCalls.java:233)
	at org.apache.ratis.thirdparty.io.grpc.stub.ClientCalls.getUnchecked(ClientCalls.java:214)
	at org.apache.ratis.thirdparty.io.grpc.stub.ClientCalls.blockingUnaryCall(ClientCalls.java:139)
	at org.apache.ratis.proto.grpc.RaftServerProtocolServiceGrpc$RaftServerProtocolServiceBlockingStub.requestVote(RaftServerProtocolServiceGrpc.java:265)
	at org.apache.ratis.grpc.server.GrpcServerProtocolClient.requestVote(GrpcServerProtocolClient.java:99)
	at org.apache.ratis.grpc.server.GrpcService.requestVote(GrpcService.java:204)
	at org.apache.ratis.server.impl.LeaderElection.lambda$submitRequests$1(LeaderElection.java:234)
	at java.util.concurrent.FutureTask.run(FutureTask.java:266)
	at java.util.concurrent.Executors$RunnableAdapter.call(Executors.java:511)
	at java.util.concurrent.FutureTask.run(FutureTask.java:266)
	at java.util.concurrent.ThreadPoolExecutor.runWorker(ThreadPoolExecutor.java:1149)
	at java.util.concurrent.ThreadPoolExecutor$Worker.run(ThreadPoolExecutor.java:624)
	... 1 more
Caused by: org.apache.ratis.thirdparty.io.netty.channel.AbstractChannel$AnnotatedConnectException: Connection refused: /192.168.157.254:36038
	at sun.nio.ch.SocketChannelImpl.checkConnect(Native Method)
	at sun.nio.ch.SocketChannelImpl.finishConnect(SocketChannelImpl.java:717)
	at org.apache.ratis.thirdparty.io.netty.channel.socket.nio.NioSocketChannel.doFinishConnect(NioSocketChannel.java:327)
	at org.apache.ratis.thirdparty.io.netty.channel.nio.AbstractNioChannel$AbstractNioUnsafe.finishConnect(AbstractNioChannel.java:340)
	at org.apache.ratis.thirdparty.io.netty.channel.nio.NioEventLoop.processSelectedKey(NioEventLoop.java:632)
	at org.apache.ratis.thirdparty.io.netty.channel.nio.NioEventLoop.processSelectedKeysOptimized(NioEventLoop.java:579)
	at org.apache.ratis.thirdparty.io.netty.channel.nio.NioEventLoop.processSelectedKeys(NioEventLoop.java:496)
	at org.apache.ratis.thirdparty.io.netty.channel.nio.NioEventLoop.run(NioEventLoop.java:458)
	at org.apache.ratis.thirdparty.io.netty.util.concurrent.SingleThreadEventExecutor$5.run(SingleThreadEventExecutor.java:897)
	at org.apache.ratis.thirdparty.io.netty.util.concurrent.FastThreadLocalRunnable.run(FastThreadLocalRunnable.java:30)
	... 1 more
Caused by: java.net.ConnectException: Connection refused
	... 11 more
2019-10-22 00:13:28,039 [2fdb3e93-e0d8-400e-8c33-91e2341b50c6@group-F01152B53F91-LeaderElection296] INFO  impl.LeaderElection (LeaderElection.java:logAndReturn(56)) - 2fdb3e93-e0d8-400e-8c33-91e2341b50c6@group-F01152B53F91-LeaderElection296: Election REJECTED; received 0 response(s) [] and 2 exception(s); 2fdb3e93-e0d8-400e-8c33-91e2341b50c6@group-F01152B53F91:t292, leader=null, voted=2fdb3e93-e0d8-400e-8c33-91e2341b50c6, raftlog=2fdb3e93-e0d8-400e-8c33-91e2341b50c6@group-F01152B53F91-SegmentedRaftLog:OPENED:c-1,f-1,i0, conf=-1: [2fdb3e93-e0d8-400e-8c33-91e2341b50c6:192.168.157.254:43254, 062c71de-08d9-40ee-9309-15590e2e8e68:192.168.157.254:45598, 2a52019e-5647-44e1-bf30-9a43fd8a7377:192.168.157.254:36038], old=null
2019-10-22 00:13:28,039 [2fdb3e93-e0d8-400e-8c33-91e2341b50c6@group-F01152B53F91-LeaderElection296] INFO  impl.LeaderElection (LogUtils.java:infoOrTrace(149)) -   Exception 0: {}
java.util.concurrent.ExecutionException: org.apache.ratis.thirdparty.io.grpc.StatusRuntimeException: UNAVAILABLE: io exception
	at java.util.concurrent.FutureTask.report(FutureTask.java:122)
	at java.util.concurrent.FutureTask.get(FutureTask.java:192)
	at org.apache.ratis.server.impl.LeaderElection.waitForResults(LeaderElection.java:259)
	at org.apache.ratis.server.impl.LeaderElection.askForVotes(LeaderElection.java:197)
	at org.apache.ratis.server.impl.LeaderElection.run(LeaderElection.java:133)
	at java.lang.Thread.run(Thread.java:748)
Caused by: org.apache.ratis.thirdparty.io.grpc.StatusRuntimeException: UNAVAILABLE: io exception
	at org.apache.ratis.thirdparty.io.grpc.stub.ClientCalls.toStatusRuntimeException(ClientCalls.java:233)
	at org.apache.ratis.thirdparty.io.grpc.stub.ClientCalls.getUnchecked(ClientCalls.java:214)
	at org.apache.ratis.thirdparty.io.grpc.stub.ClientCalls.blockingUnaryCall(ClientCalls.java:139)
	at org.apache.ratis.proto.grpc.RaftServerProtocolServiceGrpc$RaftServerProtocolServiceBlockingStub.requestVote(RaftServerProtocolServiceGrpc.java:265)
	at org.apache.ratis.grpc.server.GrpcServerProtocolClient.requestVote(GrpcServerProtocolClient.java:99)
	at org.apache.ratis.grpc.server.GrpcService.requestVote(GrpcService.java:204)
	at org.apache.ratis.server.impl.LeaderElection.lambda$submitRequests$1(LeaderElection.java:234)
	at java.util.concurrent.FutureTask.run(FutureTask.java:266)
	at java.util.concurrent.Executors$RunnableAdapter.call(Executors.java:511)
	at java.util.concurrent.FutureTask.run(FutureTask.java:266)
	at java.util.concurrent.ThreadPoolExecutor.runWorker(ThreadPoolExecutor.java:1149)
	at java.util.concurrent.ThreadPoolExecutor$Worker.run(ThreadPoolExecutor.java:624)
	... 1 more
Caused by: org.apache.ratis.thirdparty.io.netty.channel.AbstractChannel$AnnotatedConnectException: Connection refused: /192.168.157.254:45598
	at sun.nio.ch.SocketChannelImpl.checkConnect(Native Method)
	at sun.nio.ch.SocketChannelImpl.finishConnect(SocketChannelImpl.java:717)
	at org.apache.ratis.thirdparty.io.netty.channel.socket.nio.NioSocketChannel.doFinishConnect(NioSocketChannel.java:327)
	at org.apache.ratis.thirdparty.io.netty.channel.nio.AbstractNioChannel$AbstractNioUnsafe.finishConnect(AbstractNioChannel.java:340)
	at org.apache.ratis.thirdparty.io.netty.channel.nio.NioEventLoop.processSelectedKey(NioEventLoop.java:632)
	at org.apache.ratis.thirdparty.io.netty.channel.nio.NioEventLoop.processSelectedKeysOptimized(NioEventLoop.java:579)
	at org.apache.ratis.thirdparty.io.netty.channel.nio.NioEventLoop.processSelectedKeys(NioEventLoop.java:496)
	at org.apache.ratis.thirdparty.io.netty.channel.nio.NioEventLoop.run(NioEventLoop.java:458)
	at org.apache.ratis.thirdparty.io.netty.util.concurrent.SingleThreadEventExecutor$5.run(SingleThreadEventExecutor.java:897)
	at org.apache.ratis.thirdparty.io.netty.util.concurrent.FastThreadLocalRunnable.run(FastThreadLocalRunnable.java:30)
	... 1 more
Caused by: java.net.ConnectException: Connection refused
	... 11 more
2019-10-22 00:13:28,040 [2fdb3e93-e0d8-400e-8c33-91e2341b50c6@group-F01152B53F91-LeaderElection296] INFO  impl.LeaderElection (LogUtils.java:infoOrTrace(149)) -   Exception 1: {}
java.util.concurrent.ExecutionException: org.apache.ratis.thirdparty.io.grpc.StatusRuntimeException: UNAVAILABLE: io exception
	at java.util.concurrent.FutureTask.report(FutureTask.java:122)
	at java.util.concurrent.FutureTask.get(FutureTask.java:192)
	at org.apache.ratis.server.impl.LeaderElection.waitForResults(LeaderElection.java:259)
	at org.apache.ratis.server.impl.LeaderElection.askForVotes(LeaderElection.java:197)
	at org.apache.ratis.server.impl.LeaderElection.run(LeaderElection.java:133)
	at java.lang.Thread.run(Thread.java:748)
Caused by: org.apache.ratis.thirdparty.io.grpc.StatusRuntimeException: UNAVAILABLE: io exception
	at org.apache.ratis.thirdparty.io.grpc.stub.ClientCalls.toStatusRuntimeException(ClientCalls.java:233)
	at org.apache.ratis.thirdparty.io.grpc.stub.ClientCalls.getUnchecked(ClientCalls.java:214)
	at org.apache.ratis.thirdparty.io.grpc.stub.ClientCalls.blockingUnaryCall(ClientCalls.java:139)
	at org.apache.ratis.proto.grpc.RaftServerProtocolServiceGrpc$RaftServerProtocolServiceBlockingStub.requestVote(RaftServerProtocolServiceGrpc.java:265)
	at org.apache.ratis.grpc.server.GrpcServerProtocolClient.requestVote(GrpcServerProtocolClient.java:99)
	at org.apache.ratis.grpc.server.GrpcService.requestVote(GrpcService.java:204)
	at org.apache.ratis.server.impl.LeaderElection.lambda$submitRequests$1(LeaderElection.java:234)
	at java.util.concurrent.FutureTask.run(FutureTask.java:266)
	at java.util.concurrent.Executors$RunnableAdapter.call(Executors.java:511)
	at java.util.concurrent.FutureTask.run(FutureTask.java:266)
	at java.util.concurrent.ThreadPoolExecutor.runWorker(ThreadPoolExecutor.java:1149)
	at java.util.concurrent.ThreadPoolExecutor$Worker.run(ThreadPoolExecutor.java:624)
	... 1 more
Caused by: org.apache.ratis.thirdparty.io.netty.channel.AbstractChannel$AnnotatedConnectException: Connection refused: /192.168.157.254:36038
	at sun.nio.ch.SocketChannelImpl.checkConnect(Native Method)
	at sun.nio.ch.SocketChannelImpl.finishConnect(SocketChannelImpl.java:717)
	at org.apache.ratis.thirdparty.io.netty.channel.socket.nio.NioSocketChannel.doFinishConnect(NioSocketChannel.java:327)
	at org.apache.ratis.thirdparty.io.netty.channel.nio.AbstractNioChannel$AbstractNioUnsafe.finishConnect(AbstractNioChannel.java:340)
	at org.apache.ratis.thirdparty.io.netty.channel.nio.NioEventLoop.processSelectedKey(NioEventLoop.java:632)
	at org.apache.ratis.thirdparty.io.netty.channel.nio.NioEventLoop.processSelectedKeysOptimized(NioEventLoop.java:579)
	at org.apache.ratis.thirdparty.io.netty.channel.nio.NioEventLoop.processSelectedKeys(NioEventLoop.java:496)
	at org.apache.ratis.thirdparty.io.netty.channel.nio.NioEventLoop.run(NioEventLoop.java:458)
	at org.apache.ratis.thirdparty.io.netty.util.concurrent.SingleThreadEventExecutor$5.run(SingleThreadEventExecutor.java:897)
	at org.apache.ratis.thirdparty.io.netty.util.concurrent.FastThreadLocalRunnable.run(FastThreadLocalRunnable.java:30)
	... 1 more
Caused by: java.net.ConnectException: Connection refused
	... 11 more
2019-10-22 00:13:28,040 [2fdb3e93-e0d8-400e-8c33-91e2341b50c6@group-F01152B53F91-LeaderElection296] INFO  impl.RaftServerImpl (RaftServerImpl.java:setRole(184)) - 2fdb3e93-e0d8-400e-8c33-91e2341b50c6@group-F01152B53F91: changes role from CANDIDATE to FOLLOWER at term 292 for DISCOVERED_A_NEW_TERM
2019-10-22 00:13:28,041 [2fdb3e93-e0d8-400e-8c33-91e2341b50c6@group-F01152B53F91-LeaderElection296] INFO  impl.RoleInfo (RoleInfo.java:shutdownLeaderElection(134)) - 2fdb3e93-e0d8-400e-8c33-91e2341b50c6: shutdown LeaderElection
2019-10-22 00:13:28,041 [2fdb3e93-e0d8-400e-8c33-91e2341b50c6@group-F01152B53F91-LeaderElection296] INFO  impl.RoleInfo (RoleInfo.java:updateAndGet(143)) - 2fdb3e93-e0d8-400e-8c33-91e2341b50c6: start FollowerState
2019-10-22 00:13:28,090 [Thread-2229] INFO  impl.FollowerState (FollowerState.java:run(108)) - 2fdb3e93-e0d8-400e-8c33-91e2341b50c6@group-F01152B53F91-FollowerState: change to CANDIDATE, lastRpcTime:49ms, electionTimeout:49ms
2019-10-22 00:13:28,090 [Thread-2229] INFO  impl.RoleInfo (RoleInfo.java:shutdownFollowerState(121)) - 2fdb3e93-e0d8-400e-8c33-91e2341b50c6: shutdown FollowerState
2019-10-22 00:13:28,090 [Thread-2229] INFO  impl.RaftServerImpl (RaftServerImpl.java:setRole(184)) - 2fdb3e93-e0d8-400e-8c33-91e2341b50c6@group-F01152B53F91: changes role from  FOLLOWER to CANDIDATE at term 292 for changeToCandidate
2019-10-22 00:13:28,090 [Thread-2229] INFO  impl.RoleInfo (RoleInfo.java:updateAndGet(143)) - 2fdb3e93-e0d8-400e-8c33-91e2341b50c6: start LeaderElection
2019-10-22 00:13:28,104 [2fdb3e93-e0d8-400e-8c33-91e2341b50c6@group-F01152B53F91-LeaderElection297] INFO  impl.LeaderElection (LeaderElection.java:askForVotes(178)) - 2fdb3e93-e0d8-400e-8c33-91e2341b50c6@group-F01152B53F91-LeaderElection297: begin an election at term 293 for -1: [2fdb3e93-e0d8-400e-8c33-91e2341b50c6:192.168.157.254:43254, 062c71de-08d9-40ee-9309-15590e2e8e68:192.168.157.254:45598, 2a52019e-5647-44e1-bf30-9a43fd8a7377:192.168.157.254:36038], old=null
2019-10-22 00:13:28,105 [2fdb3e93-e0d8-400e-8c33-91e2341b50c6@group-F01152B53F91-LeaderElection297] INFO  impl.LeaderElection (LogUtils.java:infoOrTrace(149)) - 2fdb3e93-e0d8-400e-8c33-91e2341b50c6@group-F01152B53F91-LeaderElection297 got exception when requesting votes: {}
java.util.concurrent.ExecutionException: org.apache.ratis.thirdparty.io.grpc.StatusRuntimeException: UNAVAILABLE: io exception
	at java.util.concurrent.FutureTask.report(FutureTask.java:122)
	at java.util.concurrent.FutureTask.get(FutureTask.java:192)
	at org.apache.ratis.server.impl.LeaderElection.waitForResults(LeaderElection.java:259)
	at org.apache.ratis.server.impl.LeaderElection.askForVotes(LeaderElection.java:197)
	at org.apache.ratis.server.impl.LeaderElection.run(LeaderElection.java:133)
	at java.lang.Thread.run(Thread.java:748)
Caused by: org.apache.ratis.thirdparty.io.grpc.StatusRuntimeException: UNAVAILABLE: io exception
	at org.apache.ratis.thirdparty.io.grpc.stub.ClientCalls.toStatusRuntimeException(ClientCalls.java:233)
	at org.apache.ratis.thirdparty.io.grpc.stub.ClientCalls.getUnchecked(ClientCalls.java:214)
	at org.apache.ratis.thirdparty.io.grpc.stub.ClientCalls.blockingUnaryCall(ClientCalls.java:139)
	at org.apache.ratis.proto.grpc.RaftServerProtocolServiceGrpc$RaftServerProtocolServiceBlockingStub.requestVote(RaftServerProtocolServiceGrpc.java:265)
	at org.apache.ratis.grpc.server.GrpcServerProtocolClient.requestVote(GrpcServerProtocolClient.java:99)
	at org.apache.ratis.grpc.server.GrpcService.requestVote(GrpcService.java:204)
	at org.apache.ratis.server.impl.LeaderElection.lambda$submitRequests$1(LeaderElection.java:234)
	at java.util.concurrent.FutureTask.run(FutureTask.java:266)
	at java.util.concurrent.Executors$RunnableAdapter.call(Executors.java:511)
	at java.util.concurrent.FutureTask.run(FutureTask.java:266)
	at java.util.concurrent.ThreadPoolExecutor.runWorker(ThreadPoolExecutor.java:1149)
	at java.util.concurrent.ThreadPoolExecutor$Worker.run(ThreadPoolExecutor.java:624)
	... 1 more
Caused by: org.apache.ratis.thirdparty.io.netty.channel.AbstractChannel$AnnotatedConnectException: Connection refused: /192.168.157.254:45598
	at sun.nio.ch.SocketChannelImpl.checkConnect(Native Method)
	at sun.nio.ch.SocketChannelImpl.finishConnect(SocketChannelImpl.java:717)
	at org.apache.ratis.thirdparty.io.netty.channel.socket.nio.NioSocketChannel.doFinishConnect(NioSocketChannel.java:327)
	at org.apache.ratis.thirdparty.io.netty.channel.nio.AbstractNioChannel$AbstractNioUnsafe.finishConnect(AbstractNioChannel.java:340)
	at org.apache.ratis.thirdparty.io.netty.channel.nio.NioEventLoop.processSelectedKey(NioEventLoop.java:632)
	at org.apache.ratis.thirdparty.io.netty.channel.nio.NioEventLoop.processSelectedKeysOptimized(NioEventLoop.java:579)
	at org.apache.ratis.thirdparty.io.netty.channel.nio.NioEventLoop.processSelectedKeys(NioEventLoop.java:496)
	at org.apache.ratis.thirdparty.io.netty.channel.nio.NioEventLoop.run(NioEventLoop.java:458)
	at org.apache.ratis.thirdparty.io.netty.util.concurrent.SingleThreadEventExecutor$5.run(SingleThreadEventExecutor.java:897)
	at org.apache.ratis.thirdparty.io.netty.util.concurrent.FastThreadLocalRunnable.run(FastThreadLocalRunnable.java:30)
	... 1 more
Caused by: java.net.ConnectException: Connection refused
	... 11 more
2019-10-22 00:13:28,105 [2fdb3e93-e0d8-400e-8c33-91e2341b50c6@group-F01152B53F91-LeaderElection297] INFO  impl.LeaderElection (LogUtils.java:infoOrTrace(149)) - 2fdb3e93-e0d8-400e-8c33-91e2341b50c6@group-F01152B53F91-LeaderElection297 got exception when requesting votes: {}
java.util.concurrent.ExecutionException: org.apache.ratis.thirdparty.io.grpc.StatusRuntimeException: UNAVAILABLE: io exception
	at java.util.concurrent.FutureTask.report(FutureTask.java:122)
	at java.util.concurrent.FutureTask.get(FutureTask.java:192)
	at org.apache.ratis.server.impl.LeaderElection.waitForResults(LeaderElection.java:259)
	at org.apache.ratis.server.impl.LeaderElection.askForVotes(LeaderElection.java:197)
	at org.apache.ratis.server.impl.LeaderElection.run(LeaderElection.java:133)
	at java.lang.Thread.run(Thread.java:748)
Caused by: org.apache.ratis.thirdparty.io.grpc.StatusRuntimeException: UNAVAILABLE: io exception
	at org.apache.ratis.thirdparty.io.grpc.stub.ClientCalls.toStatusRuntimeException(ClientCalls.java:233)
	at org.apache.ratis.thirdparty.io.grpc.stub.ClientCalls.getUnchecked(ClientCalls.java:214)
	at org.apache.ratis.thirdparty.io.grpc.stub.ClientCalls.blockingUnaryCall(ClientCalls.java:139)
	at org.apache.ratis.proto.grpc.RaftServerProtocolServiceGrpc$RaftServerProtocolServiceBlockingStub.requestVote(RaftServerProtocolServiceGrpc.java:265)
	at org.apache.ratis.grpc.server.GrpcServerProtocolClient.requestVote(GrpcServerProtocolClient.java:99)
	at org.apache.ratis.grpc.server.GrpcService.requestVote(GrpcService.java:204)
	at org.apache.ratis.server.impl.LeaderElection.lambda$submitRequests$1(LeaderElection.java:234)
	at java.util.concurrent.FutureTask.run(FutureTask.java:266)
	at java.util.concurrent.Executors$RunnableAdapter.call(Executors.java:511)
	at java.util.concurrent.FutureTask.run(FutureTask.java:266)
	at java.util.concurrent.ThreadPoolExecutor.runWorker(ThreadPoolExecutor.java:1149)
	at java.util.concurrent.ThreadPoolExecutor$Worker.run(ThreadPoolExecutor.java:624)
	... 1 more
Caused by: org.apache.ratis.thirdparty.io.netty.channel.AbstractChannel$AnnotatedConnectException: Connection refused: /192.168.157.254:36038
	at sun.nio.ch.SocketChannelImpl.checkConnect(Native Method)
	at sun.nio.ch.SocketChannelImpl.finishConnect(SocketChannelImpl.java:717)
	at org.apache.ratis.thirdparty.io.netty.channel.socket.nio.NioSocketChannel.doFinishConnect(NioSocketChannel.java:327)
	at org.apache.ratis.thirdparty.io.netty.channel.nio.AbstractNioChannel$AbstractNioUnsafe.finishConnect(AbstractNioChannel.java:340)
	at org.apache.ratis.thirdparty.io.netty.channel.nio.NioEventLoop.processSelectedKey(NioEventLoop.java:632)
	at org.apache.ratis.thirdparty.io.netty.channel.nio.NioEventLoop.processSelectedKeysOptimized(NioEventLoop.java:579)
	at org.apache.ratis.thirdparty.io.netty.channel.nio.NioEventLoop.processSelectedKeys(NioEventLoop.java:496)
	at org.apache.ratis.thirdparty.io.netty.channel.nio.NioEventLoop.run(NioEventLoop.java:458)
	at org.apache.ratis.thirdparty.io.netty.util.concurrent.SingleThreadEventExecutor$5.run(SingleThreadEventExecutor.java:897)
	at org.apache.ratis.thirdparty.io.netty.util.concurrent.FastThreadLocalRunnable.run(FastThreadLocalRunnable.java:30)
	... 1 more
Caused by: java.net.ConnectException: Connection refused
	... 11 more
2019-10-22 00:13:28,106 [2fdb3e93-e0d8-400e-8c33-91e2341b50c6@group-F01152B53F91-LeaderElection297] INFO  impl.LeaderElection (LeaderElection.java:logAndReturn(56)) - 2fdb3e93-e0d8-400e-8c33-91e2341b50c6@group-F01152B53F91-LeaderElection297: Election REJECTED; received 0 response(s) [] and 2 exception(s); 2fdb3e93-e0d8-400e-8c33-91e2341b50c6@group-F01152B53F91:t293, leader=null, voted=2fdb3e93-e0d8-400e-8c33-91e2341b50c6, raftlog=2fdb3e93-e0d8-400e-8c33-91e2341b50c6@group-F01152B53F91-SegmentedRaftLog:OPENED:c-1,f-1,i0, conf=-1: [2fdb3e93-e0d8-400e-8c33-91e2341b50c6:192.168.157.254:43254, 062c71de-08d9-40ee-9309-15590e2e8e68:192.168.157.254:45598, 2a52019e-5647-44e1-bf30-9a43fd8a7377:192.168.157.254:36038], old=null
2019-10-22 00:13:28,106 [2fdb3e93-e0d8-400e-8c33-91e2341b50c6@group-F01152B53F91-LeaderElection297] INFO  impl.LeaderElection (LogUtils.java:infoOrTrace(149)) -   Exception 0: {}
java.util.concurrent.ExecutionException: org.apache.ratis.thirdparty.io.grpc.StatusRuntimeException: UNAVAILABLE: io exception
	at java.util.concurrent.FutureTask.report(FutureTask.java:122)
	at java.util.concurrent.FutureTask.get(FutureTask.java:192)
	at org.apache.ratis.server.impl.LeaderElection.waitForResults(LeaderElection.java:259)
	at org.apache.ratis.server.impl.LeaderElection.askForVotes(LeaderElection.java:197)
	at org.apache.ratis.server.impl.LeaderElection.run(LeaderElection.java:133)
	at java.lang.Thread.run(Thread.java:748)
Caused by: org.apache.ratis.thirdparty.io.grpc.StatusRuntimeException: UNAVAILABLE: io exception
	at org.apache.ratis.thirdparty.io.grpc.stub.ClientCalls.toStatusRuntimeException(ClientCalls.java:233)
	at org.apache.ratis.thirdparty.io.grpc.stub.ClientCalls.getUnchecked(ClientCalls.java:214)
	at org.apache.ratis.thirdparty.io.grpc.stub.ClientCalls.blockingUnaryCall(ClientCalls.java:139)
	at org.apache.ratis.proto.grpc.RaftServerProtocolServiceGrpc$RaftServerProtocolServiceBlockingStub.requestVote(RaftServerProtocolServiceGrpc.java:265)
	at org.apache.ratis.grpc.server.GrpcServerProtocolClient.requestVote(GrpcServerProtocolClient.java:99)
	at org.apache.ratis.grpc.server.GrpcService.requestVote(GrpcService.java:204)
	at org.apache.ratis.server.impl.LeaderElection.lambda$submitRequests$1(LeaderElection.java:234)
	at java.util.concurrent.FutureTask.run(FutureTask.java:266)
	at java.util.concurrent.Executors$RunnableAdapter.call(Executors.java:511)
	at java.util.concurrent.FutureTask.run(FutureTask.java:266)
	at java.util.concurrent.ThreadPoolExecutor.runWorker(ThreadPoolExecutor.java:1149)
	at java.util.concurrent.ThreadPoolExecutor$Worker.run(ThreadPoolExecutor.java:624)
	... 1 more
Caused by: org.apache.ratis.thirdparty.io.netty.channel.AbstractChannel$AnnotatedConnectException: Connection refused: /192.168.157.254:45598
	at sun.nio.ch.SocketChannelImpl.checkConnect(Native Method)
	at sun.nio.ch.SocketChannelImpl.finishConnect(SocketChannelImpl.java:717)
	at org.apache.ratis.thirdparty.io.netty.channel.socket.nio.NioSocketChannel.doFinishConnect(NioSocketChannel.java:327)
	at org.apache.ratis.thirdparty.io.netty.channel.nio.AbstractNioChannel$AbstractNioUnsafe.finishConnect(AbstractNioChannel.java:340)
	at org.apache.ratis.thirdparty.io.netty.channel.nio.NioEventLoop.processSelectedKey(NioEventLoop.java:632)
	at org.apache.ratis.thirdparty.io.netty.channel.nio.NioEventLoop.processSelectedKeysOptimized(NioEventLoop.java:579)
	at org.apache.ratis.thirdparty.io.netty.channel.nio.NioEventLoop.processSelectedKeys(NioEventLoop.java:496)
	at org.apache.ratis.thirdparty.io.netty.channel.nio.NioEventLoop.run(NioEventLoop.java:458)
	at org.apache.ratis.thirdparty.io.netty.util.concurrent.SingleThreadEventExecutor$5.run(SingleThreadEventExecutor.java:897)
	at org.apache.ratis.thirdparty.io.netty.util.concurrent.FastThreadLocalRunnable.run(FastThreadLocalRunnable.java:30)
	... 1 more
Caused by: java.net.ConnectException: Connection refused
	... 11 more
2019-10-22 00:13:28,106 [2fdb3e93-e0d8-400e-8c33-91e2341b50c6@group-F01152B53F91-LeaderElection297] INFO  impl.LeaderElection (LogUtils.java:infoOrTrace(149)) -   Exception 1: {}
java.util.concurrent.ExecutionException: org.apache.ratis.thirdparty.io.grpc.StatusRuntimeException: UNAVAILABLE: io exception
	at java.util.concurrent.FutureTask.report(FutureTask.java:122)
	at java.util.concurrent.FutureTask.get(FutureTask.java:192)
	at org.apache.ratis.server.impl.LeaderElection.waitForResults(LeaderElection.java:259)
	at org.apache.ratis.server.impl.LeaderElection.askForVotes(LeaderElection.java:197)
	at org.apache.ratis.server.impl.LeaderElection.run(LeaderElection.java:133)
	at java.lang.Thread.run(Thread.java:748)
Caused by: org.apache.ratis.thirdparty.io.grpc.StatusRuntimeException: UNAVAILABLE: io exception
	at org.apache.ratis.thirdparty.io.grpc.stub.ClientCalls.toStatusRuntimeException(ClientCalls.java:233)
	at org.apache.ratis.thirdparty.io.grpc.stub.ClientCalls.getUnchecked(ClientCalls.java:214)
	at org.apache.ratis.thirdparty.io.grpc.stub.ClientCalls.blockingUnaryCall(ClientCalls.java:139)
	at org.apache.ratis.proto.grpc.RaftServerProtocolServiceGrpc$RaftServerProtocolServiceBlockingStub.requestVote(RaftServerProtocolServiceGrpc.java:265)
	at org.apache.ratis.grpc.server.GrpcServerProtocolClient.requestVote(GrpcServerProtocolClient.java:99)
	at org.apache.ratis.grpc.server.GrpcService.requestVote(GrpcService.java:204)
	at org.apache.ratis.server.impl.LeaderElection.lambda$submitRequests$1(LeaderElection.java:234)
	at java.util.concurrent.FutureTask.run(FutureTask.java:266)
	at java.util.concurrent.Executors$RunnableAdapter.call(Executors.java:511)
	at java.util.concurrent.FutureTask.run(FutureTask.java:266)
	at java.util.concurrent.ThreadPoolExecutor.runWorker(ThreadPoolExecutor.java:1149)
	at java.util.concurrent.ThreadPoolExecutor$Worker.run(ThreadPoolExecutor.java:624)
	... 1 more
Caused by: org.apache.ratis.thirdparty.io.netty.channel.AbstractChannel$AnnotatedConnectException: Connection refused: /192.168.157.254:36038
	at sun.nio.ch.SocketChannelImpl.checkConnect(Native Method)
	at sun.nio.ch.SocketChannelImpl.finishConnect(SocketChannelImpl.java:717)
	at org.apache.ratis.thirdparty.io.netty.channel.socket.nio.NioSocketChannel.doFinishConnect(NioSocketChannel.java:327)
	at org.apache.ratis.thirdparty.io.netty.channel.nio.AbstractNioChannel$AbstractNioUnsafe.finishConnect(AbstractNioChannel.java:340)
	at org.apache.ratis.thirdparty.io.netty.channel.nio.NioEventLoop.processSelectedKey(NioEventLoop.java:632)
	at org.apache.ratis.thirdparty.io.netty.channel.nio.NioEventLoop.processSelectedKeysOptimized(NioEventLoop.java:579)
	at org.apache.ratis.thirdparty.io.netty.channel.nio.NioEventLoop.processSelectedKeys(NioEventLoop.java:496)
	at org.apache.ratis.thirdparty.io.netty.channel.nio.NioEventLoop.run(NioEventLoop.java:458)
	at org.apache.ratis.thirdparty.io.netty.util.concurrent.SingleThreadEventExecutor$5.run(SingleThreadEventExecutor.java:897)
	at org.apache.ratis.thirdparty.io.netty.util.concurrent.FastThreadLocalRunnable.run(FastThreadLocalRunnable.java:30)
	... 1 more
Caused by: java.net.ConnectException: Connection refused
	... 11 more
2019-10-22 00:13:28,106 [2fdb3e93-e0d8-400e-8c33-91e2341b50c6@group-F01152B53F91-LeaderElection297] INFO  impl.RaftServerImpl (RaftServerImpl.java:setRole(184)) - 2fdb3e93-e0d8-400e-8c33-91e2341b50c6@group-F01152B53F91: changes role from CANDIDATE to FOLLOWER at term 293 for DISCOVERED_A_NEW_TERM
2019-10-22 00:13:28,106 [2fdb3e93-e0d8-400e-8c33-91e2341b50c6@group-F01152B53F91-LeaderElection297] INFO  impl.RoleInfo (RoleInfo.java:shutdownLeaderElection(134)) - 2fdb3e93-e0d8-400e-8c33-91e2341b50c6: shutdown LeaderElection
2019-10-22 00:13:28,107 [2fdb3e93-e0d8-400e-8c33-91e2341b50c6@group-F01152B53F91-LeaderElection297] INFO  impl.RoleInfo (RoleInfo.java:updateAndGet(143)) - 2fdb3e93-e0d8-400e-8c33-91e2341b50c6: start FollowerState
2019-10-22 00:13:28,215 [Thread-2233] INFO  impl.FollowerState (FollowerState.java:run(108)) - 2fdb3e93-e0d8-400e-8c33-91e2341b50c6@group-F01152B53F91-FollowerState: change to CANDIDATE, lastRpcTime:108ms, electionTimeout:108ms
2019-10-22 00:13:28,215 [Thread-2233] INFO  impl.RoleInfo (RoleInfo.java:shutdownFollowerState(121)) - 2fdb3e93-e0d8-400e-8c33-91e2341b50c6: shutdown FollowerState
2019-10-22 00:13:28,215 [Thread-2233] INFO  impl.RaftServerImpl (RaftServerImpl.java:setRole(184)) - 2fdb3e93-e0d8-400e-8c33-91e2341b50c6@group-F01152B53F91: changes role from  FOLLOWER to CANDIDATE at term 293 for changeToCandidate
2019-10-22 00:13:28,215 [Thread-2233] INFO  impl.RoleInfo (RoleInfo.java:updateAndGet(143)) - 2fdb3e93-e0d8-400e-8c33-91e2341b50c6: start LeaderElection
2019-10-22 00:13:28,229 [2fdb3e93-e0d8-400e-8c33-91e2341b50c6@group-F01152B53F91-LeaderElection298] INFO  impl.LeaderElection (LeaderElection.java:askForVotes(178)) - 2fdb3e93-e0d8-400e-8c33-91e2341b50c6@group-F01152B53F91-LeaderElection298: begin an election at term 294 for -1: [2fdb3e93-e0d8-400e-8c33-91e2341b50c6:192.168.157.254:43254, 062c71de-08d9-40ee-9309-15590e2e8e68:192.168.157.254:45598, 2a52019e-5647-44e1-bf30-9a43fd8a7377:192.168.157.254:36038], old=null
2019-10-22 00:13:28,230 [2fdb3e93-e0d8-400e-8c33-91e2341b50c6@group-F01152B53F91-LeaderElection298] INFO  impl.LeaderElection (LogUtils.java:infoOrTrace(149)) - 2fdb3e93-e0d8-400e-8c33-91e2341b50c6@group-F01152B53F91-LeaderElection298 got exception when requesting votes: {}
java.util.concurrent.ExecutionException: org.apache.ratis.thirdparty.io.grpc.StatusRuntimeException: UNAVAILABLE: io exception
	at java.util.concurrent.FutureTask.report(FutureTask.java:122)
	at java.util.concurrent.FutureTask.get(FutureTask.java:192)
	at org.apache.ratis.server.impl.LeaderElection.waitForResults(LeaderElection.java:259)
	at org.apache.ratis.server.impl.LeaderElection.askForVotes(LeaderElection.java:197)
	at org.apache.ratis.server.impl.LeaderElection.run(LeaderElection.java:133)
	at java.lang.Thread.run(Thread.java:748)
Caused by: org.apache.ratis.thirdparty.io.grpc.StatusRuntimeException: UNAVAILABLE: io exception
	at org.apache.ratis.thirdparty.io.grpc.stub.ClientCalls.toStatusRuntimeException(ClientCalls.java:233)
	at org.apache.ratis.thirdparty.io.grpc.stub.ClientCalls.getUnchecked(ClientCalls.java:214)
	at org.apache.ratis.thirdparty.io.grpc.stub.ClientCalls.blockingUnaryCall(ClientCalls.java:139)
	at org.apache.ratis.proto.grpc.RaftServerProtocolServiceGrpc$RaftServerProtocolServiceBlockingStub.requestVote(RaftServerProtocolServiceGrpc.java:265)
	at org.apache.ratis.grpc.server.GrpcServerProtocolClient.requestVote(GrpcServerProtocolClient.java:99)
	at org.apache.ratis.grpc.server.GrpcService.requestVote(GrpcService.java:204)
	at org.apache.ratis.server.impl.LeaderElection.lambda$submitRequests$1(LeaderElection.java:234)
	at java.util.concurrent.FutureTask.run(FutureTask.java:266)
	at java.util.concurrent.Executors$RunnableAdapter.call(Executors.java:511)
	at java.util.concurrent.FutureTask.run(FutureTask.java:266)
	at java.util.concurrent.ThreadPoolExecutor.runWorker(ThreadPoolExecutor.java:1149)
	at java.util.concurrent.ThreadPoolExecutor$Worker.run(ThreadPoolExecutor.java:624)
	... 1 more
Caused by: org.apache.ratis.thirdparty.io.netty.channel.AbstractChannel$AnnotatedConnectException: Connection refused: /192.168.157.254:45598
	at sun.nio.ch.SocketChannelImpl.checkConnect(Native Method)
	at sun.nio.ch.SocketChannelImpl.finishConnect(SocketChannelImpl.java:717)
	at org.apache.ratis.thirdparty.io.netty.channel.socket.nio.NioSocketChannel.doFinishConnect(NioSocketChannel.java:327)
	at org.apache.ratis.thirdparty.io.netty.channel.nio.AbstractNioChannel$AbstractNioUnsafe.finishConnect(AbstractNioChannel.java:340)
	at org.apache.ratis.thirdparty.io.netty.channel.nio.NioEventLoop.processSelectedKey(NioEventLoop.java:632)
	at org.apache.ratis.thirdparty.io.netty.channel.nio.NioEventLoop.processSelectedKeysOptimized(NioEventLoop.java:579)
	at org.apache.ratis.thirdparty.io.netty.channel.nio.NioEventLoop.processSelectedKeys(NioEventLoop.java:496)
	at org.apache.ratis.thirdparty.io.netty.channel.nio.NioEventLoop.run(NioEventLoop.java:458)
	at org.apache.ratis.thirdparty.io.netty.util.concurrent.SingleThreadEventExecutor$5.run(SingleThreadEventExecutor.java:897)
	at org.apache.ratis.thirdparty.io.netty.util.concurrent.FastThreadLocalRunnable.run(FastThreadLocalRunnable.java:30)
	... 1 more
Caused by: java.net.ConnectException: Connection refused
	... 11 more
2019-10-22 00:13:28,230 [2fdb3e93-e0d8-400e-8c33-91e2341b50c6@group-F01152B53F91-LeaderElection298] INFO  impl.LeaderElection (LogUtils.java:infoOrTrace(149)) - 2fdb3e93-e0d8-400e-8c33-91e2341b50c6@group-F01152B53F91-LeaderElection298 got exception when requesting votes: {}
java.util.concurrent.ExecutionException: org.apache.ratis.thirdparty.io.grpc.StatusRuntimeException: UNAVAILABLE: io exception
	at java.util.concurrent.FutureTask.report(FutureTask.java:122)
	at java.util.concurrent.FutureTask.get(FutureTask.java:192)
	at org.apache.ratis.server.impl.LeaderElection.waitForResults(LeaderElection.java:259)
	at org.apache.ratis.server.impl.LeaderElection.askForVotes(LeaderElection.java:197)
	at org.apache.ratis.server.impl.LeaderElection.run(LeaderElection.java:133)
	at java.lang.Thread.run(Thread.java:748)
Caused by: org.apache.ratis.thirdparty.io.grpc.StatusRuntimeException: UNAVAILABLE: io exception
	at org.apache.ratis.thirdparty.io.grpc.stub.ClientCalls.toStatusRuntimeException(ClientCalls.java:233)
	at org.apache.ratis.thirdparty.io.grpc.stub.ClientCalls.getUnchecked(ClientCalls.java:214)
	at org.apache.ratis.thirdparty.io.grpc.stub.ClientCalls.blockingUnaryCall(ClientCalls.java:139)
	at org.apache.ratis.proto.grpc.RaftServerProtocolServiceGrpc$RaftServerProtocolServiceBlockingStub.requestVote(RaftServerProtocolServiceGrpc.java:265)
	at org.apache.ratis.grpc.server.GrpcServerProtocolClient.requestVote(GrpcServerProtocolClient.java:99)
	at org.apache.ratis.grpc.server.GrpcService.requestVote(GrpcService.java:204)
	at org.apache.ratis.server.impl.LeaderElection.lambda$submitRequests$1(LeaderElection.java:234)
	at java.util.concurrent.FutureTask.run(FutureTask.java:266)
	at java.util.concurrent.Executors$RunnableAdapter.call(Executors.java:511)
	at java.util.concurrent.FutureTask.run(FutureTask.java:266)
	at java.util.concurrent.ThreadPoolExecutor.runWorker(ThreadPoolExecutor.java:1149)
	at java.util.concurrent.ThreadPoolExecutor$Worker.run(ThreadPoolExecutor.java:624)
	... 1 more
Caused by: org.apache.ratis.thirdparty.io.netty.channel.AbstractChannel$AnnotatedConnectException: Connection refused: /192.168.157.254:36038
	at sun.nio.ch.SocketChannelImpl.checkConnect(Native Method)
	at sun.nio.ch.SocketChannelImpl.finishConnect(SocketChannelImpl.java:717)
	at org.apache.ratis.thirdparty.io.netty.channel.socket.nio.NioSocketChannel.doFinishConnect(NioSocketChannel.java:327)
	at org.apache.ratis.thirdparty.io.netty.channel.nio.AbstractNioChannel$AbstractNioUnsafe.finishConnect(AbstractNioChannel.java:340)
	at org.apache.ratis.thirdparty.io.netty.channel.nio.NioEventLoop.processSelectedKey(NioEventLoop.java:632)
	at org.apache.ratis.thirdparty.io.netty.channel.nio.NioEventLoop.processSelectedKeysOptimized(NioEventLoop.java:579)
	at org.apache.ratis.thirdparty.io.netty.channel.nio.NioEventLoop.processSelectedKeys(NioEventLoop.java:496)
	at org.apache.ratis.thirdparty.io.netty.channel.nio.NioEventLoop.run(NioEventLoop.java:458)
	at org.apache.ratis.thirdparty.io.netty.util.concurrent.SingleThreadEventExecutor$5.run(SingleThreadEventExecutor.java:897)
	at org.apache.ratis.thirdparty.io.netty.util.concurrent.FastThreadLocalRunnable.run(FastThreadLocalRunnable.java:30)
	... 1 more
Caused by: java.net.ConnectException: Connection refused
	... 11 more
2019-10-22 00:13:28,231 [2fdb3e93-e0d8-400e-8c33-91e2341b50c6@group-F01152B53F91-LeaderElection298] INFO  impl.LeaderElection (LeaderElection.java:logAndReturn(56)) - 2fdb3e93-e0d8-400e-8c33-91e2341b50c6@group-F01152B53F91-LeaderElection298: Election REJECTED; received 0 response(s) [] and 2 exception(s); 2fdb3e93-e0d8-400e-8c33-91e2341b50c6@group-F01152B53F91:t294, leader=null, voted=2fdb3e93-e0d8-400e-8c33-91e2341b50c6, raftlog=2fdb3e93-e0d8-400e-8c33-91e2341b50c6@group-F01152B53F91-SegmentedRaftLog:OPENED:c-1,f-1,i0, conf=-1: [2fdb3e93-e0d8-400e-8c33-91e2341b50c6:192.168.157.254:43254, 062c71de-08d9-40ee-9309-15590e2e8e68:192.168.157.254:45598, 2a52019e-5647-44e1-bf30-9a43fd8a7377:192.168.157.254:36038], old=null
2019-10-22 00:13:28,231 [2fdb3e93-e0d8-400e-8c33-91e2341b50c6@group-F01152B53F91-LeaderElection298] INFO  impl.LeaderElection (LogUtils.java:infoOrTrace(149)) -   Exception 0: {}
java.util.concurrent.ExecutionException: org.apache.ratis.thirdparty.io.grpc.StatusRuntimeException: UNAVAILABLE: io exception
	at java.util.concurrent.FutureTask.report(FutureTask.java:122)
	at java.util.concurrent.FutureTask.get(FutureTask.java:192)
	at org.apache.ratis.server.impl.LeaderElection.waitForResults(LeaderElection.java:259)
	at org.apache.ratis.server.impl.LeaderElection.askForVotes(LeaderElection.java:197)
	at org.apache.ratis.server.impl.LeaderElection.run(LeaderElection.java:133)
	at java.lang.Thread.run(Thread.java:748)
Caused by: org.apache.ratis.thirdparty.io.grpc.StatusRuntimeException: UNAVAILABLE: io exception
	at org.apache.ratis.thirdparty.io.grpc.stub.ClientCalls.toStatusRuntimeException(ClientCalls.java:233)
	at org.apache.ratis.thirdparty.io.grpc.stub.ClientCalls.getUnchecked(ClientCalls.java:214)
	at org.apache.ratis.thirdparty.io.grpc.stub.ClientCalls.blockingUnaryCall(ClientCalls.java:139)
	at org.apache.ratis.proto.grpc.RaftServerProtocolServiceGrpc$RaftServerProtocolServiceBlockingStub.requestVote(RaftServerProtocolServiceGrpc.java:265)
	at org.apache.ratis.grpc.server.GrpcServerProtocolClient.requestVote(GrpcServerProtocolClient.java:99)
	at org.apache.ratis.grpc.server.GrpcService.requestVote(GrpcService.java:204)
	at org.apache.ratis.server.impl.LeaderElection.lambda$submitRequests$1(LeaderElection.java:234)
	at java.util.concurrent.FutureTask.run(FutureTask.java:266)
	at java.util.concurrent.Executors$RunnableAdapter.call(Executors.java:511)
	at java.util.concurrent.FutureTask.run(FutureTask.java:266)
	at java.util.concurrent.ThreadPoolExecutor.runWorker(ThreadPoolExecutor.java:1149)
	at java.util.concurrent.ThreadPoolExecutor$Worker.run(ThreadPoolExecutor.java:624)
	... 1 more
Caused by: org.apache.ratis.thirdparty.io.netty.channel.AbstractChannel$AnnotatedConnectException: Connection refused: /192.168.157.254:45598
	at sun.nio.ch.SocketChannelImpl.checkConnect(Native Method)
	at sun.nio.ch.SocketChannelImpl.finishConnect(SocketChannelImpl.java:717)
	at org.apache.ratis.thirdparty.io.netty.channel.socket.nio.NioSocketChannel.doFinishConnect(NioSocketChannel.java:327)
	at org.apache.ratis.thirdparty.io.netty.channel.nio.AbstractNioChannel$AbstractNioUnsafe.finishConnect(AbstractNioChannel.java:340)
	at org.apache.ratis.thirdparty.io.netty.channel.nio.NioEventLoop.processSelectedKey(NioEventLoop.java:632)
	at org.apache.ratis.thirdparty.io.netty.channel.nio.NioEventLoop.processSelectedKeysOptimized(NioEventLoop.java:579)
	at org.apache.ratis.thirdparty.io.netty.channel.nio.NioEventLoop.processSelectedKeys(NioEventLoop.java:496)
	at org.apache.ratis.thirdparty.io.netty.channel.nio.NioEventLoop.run(NioEventLoop.java:458)
	at org.apache.ratis.thirdparty.io.netty.util.concurrent.SingleThreadEventExecutor$5.run(SingleThreadEventExecutor.java:897)
	at org.apache.ratis.thirdparty.io.netty.util.concurrent.FastThreadLocalRunnable.run(FastThreadLocalRunnable.java:30)
	... 1 more
Caused by: java.net.ConnectException: Connection refused
	... 11 more
2019-10-22 00:13:28,231 [2fdb3e93-e0d8-400e-8c33-91e2341b50c6@group-F01152B53F91-LeaderElection298] INFO  impl.LeaderElection (LogUtils.java:infoOrTrace(149)) -   Exception 1: {}
java.util.concurrent.ExecutionException: org.apache.ratis.thirdparty.io.grpc.StatusRuntimeException: UNAVAILABLE: io exception
	at java.util.concurrent.FutureTask.report(FutureTask.java:122)
	at java.util.concurrent.FutureTask.get(FutureTask.java:192)
	at org.apache.ratis.server.impl.LeaderElection.waitForResults(LeaderElection.java:259)
	at org.apache.ratis.server.impl.LeaderElection.askForVotes(LeaderElection.java:197)
	at org.apache.ratis.server.impl.LeaderElection.run(LeaderElection.java:133)
	at java.lang.Thread.run(Thread.java:748)
Caused by: org.apache.ratis.thirdparty.io.grpc.StatusRuntimeException: UNAVAILABLE: io exception
	at org.apache.ratis.thirdparty.io.grpc.stub.ClientCalls.toStatusRuntimeException(ClientCalls.java:233)
	at org.apache.ratis.thirdparty.io.grpc.stub.ClientCalls.getUnchecked(ClientCalls.java:214)
	at org.apache.ratis.thirdparty.io.grpc.stub.ClientCalls.blockingUnaryCall(ClientCalls.java:139)
	at org.apache.ratis.proto.grpc.RaftServerProtocolServiceGrpc$RaftServerProtocolServiceBlockingStub.requestVote(RaftServerProtocolServiceGrpc.java:265)
	at org.apache.ratis.grpc.server.GrpcServerProtocolClient.requestVote(GrpcServerProtocolClient.java:99)
	at org.apache.ratis.grpc.server.GrpcService.requestVote(GrpcService.java:204)
	at org.apache.ratis.server.impl.LeaderElection.lambda$submitRequests$1(LeaderElection.java:234)
	at java.util.concurrent.FutureTask.run(FutureTask.java:266)
	at java.util.concurrent.Executors$RunnableAdapter.call(Executors.java:511)
	at java.util.concurrent.FutureTask.run(FutureTask.java:266)
	at java.util.concurrent.ThreadPoolExecutor.runWorker(ThreadPoolExecutor.java:1149)
	at java.util.concurrent.ThreadPoolExecutor$Worker.run(ThreadPoolExecutor.java:624)
	... 1 more
Caused by: org.apache.ratis.thirdparty.io.netty.channel.AbstractChannel$AnnotatedConnectException: Connection refused: /192.168.157.254:36038
	at sun.nio.ch.SocketChannelImpl.checkConnect(Native Method)
	at sun.nio.ch.SocketChannelImpl.finishConnect(SocketChannelImpl.java:717)
	at org.apache.ratis.thirdparty.io.netty.channel.socket.nio.NioSocketChannel.doFinishConnect(NioSocketChannel.java:327)
	at org.apache.ratis.thirdparty.io.netty.channel.nio.AbstractNioChannel$AbstractNioUnsafe.finishConnect(AbstractNioChannel.java:340)
	at org.apache.ratis.thirdparty.io.netty.channel.nio.NioEventLoop.processSelectedKey(NioEventLoop.java:632)
	at org.apache.ratis.thirdparty.io.netty.channel.nio.NioEventLoop.processSelectedKeysOptimized(NioEventLoop.java:579)
	at org.apache.ratis.thirdparty.io.netty.channel.nio.NioEventLoop.processSelectedKeys(NioEventLoop.java:496)
	at org.apache.ratis.thirdparty.io.netty.channel.nio.NioEventLoop.run(NioEventLoop.java:458)
	at org.apache.ratis.thirdparty.io.netty.util.concurrent.SingleThreadEventExecutor$5.run(SingleThreadEventExecutor.java:897)
	at org.apache.ratis.thirdparty.io.netty.util.concurrent.FastThreadLocalRunnable.run(FastThreadLocalRunnable.java:30)
	... 1 more
Caused by: java.net.ConnectException: Connection refused
	... 11 more
2019-10-22 00:13:28,232 [2fdb3e93-e0d8-400e-8c33-91e2341b50c6@group-F01152B53F91-LeaderElection298] INFO  impl.RaftServerImpl (RaftServerImpl.java:setRole(184)) - 2fdb3e93-e0d8-400e-8c33-91e2341b50c6@group-F01152B53F91: changes role from CANDIDATE to FOLLOWER at term 294 for DISCOVERED_A_NEW_TERM
2019-10-22 00:13:28,232 [2fdb3e93-e0d8-400e-8c33-91e2341b50c6@group-F01152B53F91-LeaderElection298] INFO  impl.RoleInfo (RoleInfo.java:shutdownLeaderElection(134)) - 2fdb3e93-e0d8-400e-8c33-91e2341b50c6: shutdown LeaderElection
2019-10-22 00:13:28,232 [2fdb3e93-e0d8-400e-8c33-91e2341b50c6@group-F01152B53F91-LeaderElection298] INFO  impl.RoleInfo (RoleInfo.java:updateAndGet(143)) - 2fdb3e93-e0d8-400e-8c33-91e2341b50c6: start FollowerState
2019-10-22 00:13:28,269 [Thread-2205] INFO  impl.FollowerState (FollowerState.java:run(108)) - f318eb4e-a4da-4d18-984a-fa4eff1dbce1@group-597AF0FA787F-FollowerState: change to CANDIDATE, lastRpcTime:1046ms, electionTimeout:1046ms
2019-10-22 00:13:28,269 [Thread-2205] INFO  impl.RoleInfo (RoleInfo.java:shutdownFollowerState(121)) - f318eb4e-a4da-4d18-984a-fa4eff1dbce1: shutdown FollowerState
2019-10-22 00:13:28,269 [Thread-2205] INFO  impl.RaftServerImpl (RaftServerImpl.java:setRole(184)) - f318eb4e-a4da-4d18-984a-fa4eff1dbce1@group-597AF0FA787F: changes role from  FOLLOWER to CANDIDATE at term 9 for changeToCandidate
2019-10-22 00:13:28,269 [Thread-2205] INFO  impl.RoleInfo (RoleInfo.java:updateAndGet(143)) - f318eb4e-a4da-4d18-984a-fa4eff1dbce1: start LeaderElection
2019-10-22 00:13:28,282 [f318eb4e-a4da-4d18-984a-fa4eff1dbce1@group-597AF0FA787F-LeaderElection299] INFO  impl.LeaderElection (LeaderElection.java:askForVotes(178)) - f318eb4e-a4da-4d18-984a-fa4eff1dbce1@group-597AF0FA787F-LeaderElection299: begin an election at term 10 for 20: [d521f5b1-4e7b-4169-9688-2112c7da7b1f:192.168.157.254:45094, 9d453efa-53cb-467a-9eb6-1ab0458610f0:192.168.157.254:38611, f318eb4e-a4da-4d18-984a-fa4eff1dbce1:192.168.157.254:43586], old=null
2019-10-22 00:13:28,283 [f318eb4e-a4da-4d18-984a-fa4eff1dbce1@group-597AF0FA787F-LeaderElection299] INFO  impl.LeaderElection (LogUtils.java:infoOrTrace(149)) - f318eb4e-a4da-4d18-984a-fa4eff1dbce1@group-597AF0FA787F-LeaderElection299 got exception when requesting votes: {}
java.util.concurrent.ExecutionException: org.apache.ratis.thirdparty.io.grpc.StatusRuntimeException: UNAVAILABLE: io exception
	at java.util.concurrent.FutureTask.report(FutureTask.java:122)
	at java.util.concurrent.FutureTask.get(FutureTask.java:192)
	at org.apache.ratis.server.impl.LeaderElection.waitForResults(LeaderElection.java:259)
	at org.apache.ratis.server.impl.LeaderElection.askForVotes(LeaderElection.java:197)
	at org.apache.ratis.server.impl.LeaderElection.run(LeaderElection.java:133)
	at java.lang.Thread.run(Thread.java:748)
Caused by: org.apache.ratis.thirdparty.io.grpc.StatusRuntimeException: UNAVAILABLE: io exception
	at org.apache.ratis.thirdparty.io.grpc.stub.ClientCalls.toStatusRuntimeException(ClientCalls.java:233)
	at org.apache.ratis.thirdparty.io.grpc.stub.ClientCalls.getUnchecked(ClientCalls.java:214)
	at org.apache.ratis.thirdparty.io.grpc.stub.ClientCalls.blockingUnaryCall(ClientCalls.java:139)
	at org.apache.ratis.proto.grpc.RaftServerProtocolServiceGrpc$RaftServerProtocolServiceBlockingStub.requestVote(RaftServerProtocolServiceGrpc.java:265)
	at org.apache.ratis.grpc.server.GrpcServerProtocolClient.requestVote(GrpcServerProtocolClient.java:99)
	at org.apache.ratis.grpc.server.GrpcService.requestVote(GrpcService.java:204)
	at org.apache.ratis.server.impl.LeaderElection.lambda$submitRequests$1(LeaderElection.java:234)
	at java.util.concurrent.FutureTask.run(FutureTask.java:266)
	at java.util.concurrent.Executors$RunnableAdapter.call(Executors.java:511)
	at java.util.concurrent.FutureTask.run(FutureTask.java:266)
	at java.util.concurrent.ThreadPoolExecutor.runWorker(ThreadPoolExecutor.java:1149)
	at java.util.concurrent.ThreadPoolExecutor$Worker.run(ThreadPoolExecutor.java:624)
	... 1 more
Caused by: org.apache.ratis.thirdparty.io.netty.channel.AbstractChannel$AnnotatedConnectException: Connection refused: /192.168.157.254:45094
	at sun.nio.ch.SocketChannelImpl.checkConnect(Native Method)
	at sun.nio.ch.SocketChannelImpl.finishConnect(SocketChannelImpl.java:717)
	at org.apache.ratis.thirdparty.io.netty.channel.socket.nio.NioSocketChannel.doFinishConnect(NioSocketChannel.java:327)
	at org.apache.ratis.thirdparty.io.netty.channel.nio.AbstractNioChannel$AbstractNioUnsafe.finishConnect(AbstractNioChannel.java:340)
	at org.apache.ratis.thirdparty.io.netty.channel.nio.NioEventLoop.processSelectedKey(NioEventLoop.java:632)
	at org.apache.ratis.thirdparty.io.netty.channel.nio.NioEventLoop.processSelectedKeysOptimized(NioEventLoop.java:579)
	at org.apache.ratis.thirdparty.io.netty.channel.nio.NioEventLoop.processSelectedKeys(NioEventLoop.java:496)
	at org.apache.ratis.thirdparty.io.netty.channel.nio.NioEventLoop.run(NioEventLoop.java:458)
	at org.apache.ratis.thirdparty.io.netty.util.concurrent.SingleThreadEventExecutor$5.run(SingleThreadEventExecutor.java:897)
	at org.apache.ratis.thirdparty.io.netty.util.concurrent.FastThreadLocalRunnable.run(FastThreadLocalRunnable.java:30)
	... 1 more
Caused by: java.net.ConnectException: Connection refused
	... 11 more
2019-10-22 00:13:28,283 [f318eb4e-a4da-4d18-984a-fa4eff1dbce1@group-597AF0FA787F-LeaderElection299] INFO  impl.LeaderElection (LogUtils.java:infoOrTrace(149)) - f318eb4e-a4da-4d18-984a-fa4eff1dbce1@group-597AF0FA787F-LeaderElection299 got exception when requesting votes: {}
java.util.concurrent.ExecutionException: org.apache.ratis.thirdparty.io.grpc.StatusRuntimeException: UNAVAILABLE: io exception
	at java.util.concurrent.FutureTask.report(FutureTask.java:122)
	at java.util.concurrent.FutureTask.get(FutureTask.java:192)
	at org.apache.ratis.server.impl.LeaderElection.waitForResults(LeaderElection.java:259)
	at org.apache.ratis.server.impl.LeaderElection.askForVotes(LeaderElection.java:197)
	at org.apache.ratis.server.impl.LeaderElection.run(LeaderElection.java:133)
	at java.lang.Thread.run(Thread.java:748)
Caused by: org.apache.ratis.thirdparty.io.grpc.StatusRuntimeException: UNAVAILABLE: io exception
	at org.apache.ratis.thirdparty.io.grpc.stub.ClientCalls.toStatusRuntimeException(ClientCalls.java:233)
	at org.apache.ratis.thirdparty.io.grpc.stub.ClientCalls.getUnchecked(ClientCalls.java:214)
	at org.apache.ratis.thirdparty.io.grpc.stub.ClientCalls.blockingUnaryCall(ClientCalls.java:139)
	at org.apache.ratis.proto.grpc.RaftServerProtocolServiceGrpc$RaftServerProtocolServiceBlockingStub.requestVote(RaftServerProtocolServiceGrpc.java:265)
	at org.apache.ratis.grpc.server.GrpcServerProtocolClient.requestVote(GrpcServerProtocolClient.java:99)
	at org.apache.ratis.grpc.server.GrpcService.requestVote(GrpcService.java:204)
	at org.apache.ratis.server.impl.LeaderElection.lambda$submitRequests$1(LeaderElection.java:234)
	at java.util.concurrent.FutureTask.run(FutureTask.java:266)
	at java.util.concurrent.Executors$RunnableAdapter.call(Executors.java:511)
	at java.util.concurrent.FutureTask.run(FutureTask.java:266)
	at java.util.concurrent.ThreadPoolExecutor.runWorker(ThreadPoolExecutor.java:1149)
	at java.util.concurrent.ThreadPoolExecutor$Worker.run(ThreadPoolExecutor.java:624)
	... 1 more
Caused by: org.apache.ratis.thirdparty.io.netty.channel.AbstractChannel$AnnotatedConnectException: Connection refused: /192.168.157.254:38611
	at sun.nio.ch.SocketChannelImpl.checkConnect(Native Method)
	at sun.nio.ch.SocketChannelImpl.finishConnect(SocketChannelImpl.java:717)
	at org.apache.ratis.thirdparty.io.netty.channel.socket.nio.NioSocketChannel.doFinishConnect(NioSocketChannel.java:327)
	at org.apache.ratis.thirdparty.io.netty.channel.nio.AbstractNioChannel$AbstractNioUnsafe.finishConnect(AbstractNioChannel.java:340)
	at org.apache.ratis.thirdparty.io.netty.channel.nio.NioEventLoop.processSelectedKey(NioEventLoop.java:632)
	at org.apache.ratis.thirdparty.io.netty.channel.nio.NioEventLoop.processSelectedKeysOptimized(NioEventLoop.java:579)
	at org.apache.ratis.thirdparty.io.netty.channel.nio.NioEventLoop.processSelectedKeys(NioEventLoop.java:496)
	at org.apache.ratis.thirdparty.io.netty.channel.nio.NioEventLoop.run(NioEventLoop.java:458)
	at org.apache.ratis.thirdparty.io.netty.util.concurrent.SingleThreadEventExecutor$5.run(SingleThreadEventExecutor.java:897)
	at org.apache.ratis.thirdparty.io.netty.util.concurrent.FastThreadLocalRunnable.run(FastThreadLocalRunnable.java:30)
	... 1 more
Caused by: java.net.ConnectException: Connection refused
	... 11 more
2019-10-22 00:13:28,284 [f318eb4e-a4da-4d18-984a-fa4eff1dbce1@group-597AF0FA787F-LeaderElection299] INFO  impl.LeaderElection (LeaderElection.java:logAndReturn(56)) - f318eb4e-a4da-4d18-984a-fa4eff1dbce1@group-597AF0FA787F-LeaderElection299: Election REJECTED; received 0 response(s) [] and 2 exception(s); f318eb4e-a4da-4d18-984a-fa4eff1dbce1@group-597AF0FA787F:t10, leader=null, voted=f318eb4e-a4da-4d18-984a-fa4eff1dbce1, raftlog=f318eb4e-a4da-4d18-984a-fa4eff1dbce1@group-597AF0FA787F-SegmentedRaftLog:OPENED:c21,f21,i21, conf=20: [d521f5b1-4e7b-4169-9688-2112c7da7b1f:192.168.157.254:45094, 9d453efa-53cb-467a-9eb6-1ab0458610f0:192.168.157.254:38611, f318eb4e-a4da-4d18-984a-fa4eff1dbce1:192.168.157.254:43586], old=null
2019-10-22 00:13:28,284 [f318eb4e-a4da-4d18-984a-fa4eff1dbce1@group-597AF0FA787F-LeaderElection299] INFO  impl.LeaderElection (LogUtils.java:infoOrTrace(149)) -   Exception 0: {}
java.util.concurrent.ExecutionException: org.apache.ratis.thirdparty.io.grpc.StatusRuntimeException: UNAVAILABLE: io exception
	at java.util.concurrent.FutureTask.report(FutureTask.java:122)
	at java.util.concurrent.FutureTask.get(FutureTask.java:192)
	at org.apache.ratis.server.impl.LeaderElection.waitForResults(LeaderElection.java:259)
	at org.apache.ratis.server.impl.LeaderElection.askForVotes(LeaderElection.java:197)
	at org.apache.ratis.server.impl.LeaderElection.run(LeaderElection.java:133)
	at java.lang.Thread.run(Thread.java:748)
Caused by: org.apache.ratis.thirdparty.io.grpc.StatusRuntimeException: UNAVAILABLE: io exception
	at org.apache.ratis.thirdparty.io.grpc.stub.ClientCalls.toStatusRuntimeException(ClientCalls.java:233)
	at org.apache.ratis.thirdparty.io.grpc.stub.ClientCalls.getUnchecked(ClientCalls.java:214)
	at org.apache.ratis.thirdparty.io.grpc.stub.ClientCalls.blockingUnaryCall(ClientCalls.java:139)
	at org.apache.ratis.proto.grpc.RaftServerProtocolServiceGrpc$RaftServerProtocolServiceBlockingStub.requestVote(RaftServerProtocolServiceGrpc.java:265)
	at org.apache.ratis.grpc.server.GrpcServerProtocolClient.requestVote(GrpcServerProtocolClient.java:99)
	at org.apache.ratis.grpc.server.GrpcService.requestVote(GrpcService.java:204)
	at org.apache.ratis.server.impl.LeaderElection.lambda$submitRequests$1(LeaderElection.java:234)
	at java.util.concurrent.FutureTask.run(FutureTask.java:266)
	at java.util.concurrent.Executors$RunnableAdapter.call(Executors.java:511)
	at java.util.concurrent.FutureTask.run(FutureTask.java:266)
	at java.util.concurrent.ThreadPoolExecutor.runWorker(ThreadPoolExecutor.java:1149)
	at java.util.concurrent.ThreadPoolExecutor$Worker.run(ThreadPoolExecutor.java:624)
	... 1 more
Caused by: org.apache.ratis.thirdparty.io.netty.channel.AbstractChannel$AnnotatedConnectException: Connection refused: /192.168.157.254:45094
	at sun.nio.ch.SocketChannelImpl.checkConnect(Native Method)
	at sun.nio.ch.SocketChannelImpl.finishConnect(SocketChannelImpl.java:717)
	at org.apache.ratis.thirdparty.io.netty.channel.socket.nio.NioSocketChannel.doFinishConnect(NioSocketChannel.java:327)
	at org.apache.ratis.thirdparty.io.netty.channel.nio.AbstractNioChannel$AbstractNioUnsafe.finishConnect(AbstractNioChannel.java:340)
	at org.apache.ratis.thirdparty.io.netty.channel.nio.NioEventLoop.processSelectedKey(NioEventLoop.java:632)
	at org.apache.ratis.thirdparty.io.netty.channel.nio.NioEventLoop.processSelectedKeysOptimized(NioEventLoop.java:579)
	at org.apache.ratis.thirdparty.io.netty.channel.nio.NioEventLoop.processSelectedKeys(NioEventLoop.java:496)
	at org.apache.ratis.thirdparty.io.netty.channel.nio.NioEventLoop.run(NioEventLoop.java:458)
	at org.apache.ratis.thirdparty.io.netty.util.concurrent.SingleThreadEventExecutor$5.run(SingleThreadEventExecutor.java:897)
	at org.apache.ratis.thirdparty.io.netty.util.concurrent.FastThreadLocalRunnable.run(FastThreadLocalRunnable.java:30)
	... 1 more
Caused by: java.net.ConnectException: Connection refused
	... 11 more
2019-10-22 00:13:28,284 [f318eb4e-a4da-4d18-984a-fa4eff1dbce1@group-597AF0FA787F-LeaderElection299] INFO  impl.LeaderElection (LogUtils.java:infoOrTrace(149)) -   Exception 1: {}
java.util.concurrent.ExecutionException: org.apache.ratis.thirdparty.io.grpc.StatusRuntimeException: UNAVAILABLE: io exception
	at java.util.concurrent.FutureTask.report(FutureTask.java:122)
	at java.util.concurrent.FutureTask.get(FutureTask.java:192)
	at org.apache.ratis.server.impl.LeaderElection.waitForResults(LeaderElection.java:259)
	at org.apache.ratis.server.impl.LeaderElection.askForVotes(LeaderElection.java:197)
	at org.apache.ratis.server.impl.LeaderElection.run(LeaderElection.java:133)
	at java.lang.Thread.run(Thread.java:748)
Caused by: org.apache.ratis.thirdparty.io.grpc.StatusRuntimeException: UNAVAILABLE: io exception
	at org.apache.ratis.thirdparty.io.grpc.stub.ClientCalls.toStatusRuntimeException(ClientCalls.java:233)
	at org.apache.ratis.thirdparty.io.grpc.stub.ClientCalls.getUnchecked(ClientCalls.java:214)
	at org.apache.ratis.thirdparty.io.grpc.stub.ClientCalls.blockingUnaryCall(ClientCalls.java:139)
	at org.apache.ratis.proto.grpc.RaftServerProtocolServiceGrpc$RaftServerProtocolServiceBlockingStub.requestVote(RaftServerProtocolServiceGrpc.java:265)
	at org.apache.ratis.grpc.server.GrpcServerProtocolClient.requestVote(GrpcServerProtocolClient.java:99)
	at org.apache.ratis.grpc.server.GrpcService.requestVote(GrpcService.java:204)
	at org.apache.ratis.server.impl.LeaderElection.lambda$submitRequests$1(LeaderElection.java:234)
	at java.util.concurrent.FutureTask.run(FutureTask.java:266)
	at java.util.concurrent.Executors$RunnableAdapter.call(Executors.java:511)
	at java.util.concurrent.FutureTask.run(FutureTask.java:266)
	at java.util.concurrent.ThreadPoolExecutor.runWorker(ThreadPoolExecutor.java:1149)
	at java.util.concurrent.ThreadPoolExecutor$Worker.run(ThreadPoolExecutor.java:624)
	... 1 more
Caused by: org.apache.ratis.thirdparty.io.netty.channel.AbstractChannel$AnnotatedConnectException: Connection refused: /192.168.157.254:38611
	at sun.nio.ch.SocketChannelImpl.checkConnect(Native Method)
	at sun.nio.ch.SocketChannelImpl.finishConnect(SocketChannelImpl.java:717)
	at org.apache.ratis.thirdparty.io.netty.channel.socket.nio.NioSocketChannel.doFinishConnect(NioSocketChannel.java:327)
	at org.apache.ratis.thirdparty.io.netty.channel.nio.AbstractNioChannel$AbstractNioUnsafe.finishConnect(AbstractNioChannel.java:340)
	at org.apache.ratis.thirdparty.io.netty.channel.nio.NioEventLoop.processSelectedKey(NioEventLoop.java:632)
	at org.apache.ratis.thirdparty.io.netty.channel.nio.NioEventLoop.processSelectedKeysOptimized(NioEventLoop.java:579)
	at org.apache.ratis.thirdparty.io.netty.channel.nio.NioEventLoop.processSelectedKeys(NioEventLoop.java:496)
	at org.apache.ratis.thirdparty.io.netty.channel.nio.NioEventLoop.run(NioEventLoop.java:458)
	at org.apache.ratis.thirdparty.io.netty.util.concurrent.SingleThreadEventExecutor$5.run(SingleThreadEventExecutor.java:897)
	at org.apache.ratis.thirdparty.io.netty.util.concurrent.FastThreadLocalRunnable.run(FastThreadLocalRunnable.java:30)
	... 1 more
Caused by: java.net.ConnectException: Connection refused
	... 11 more
2019-10-22 00:13:28,284 [f318eb4e-a4da-4d18-984a-fa4eff1dbce1@group-597AF0FA787F-LeaderElection299] INFO  impl.RaftServerImpl (RaftServerImpl.java:setRole(184)) - f318eb4e-a4da-4d18-984a-fa4eff1dbce1@group-597AF0FA787F: changes role from CANDIDATE to FOLLOWER at term 10 for DISCOVERED_A_NEW_TERM
2019-10-22 00:13:28,284 [f318eb4e-a4da-4d18-984a-fa4eff1dbce1@group-597AF0FA787F-LeaderElection299] INFO  impl.RoleInfo (RoleInfo.java:shutdownLeaderElection(134)) - f318eb4e-a4da-4d18-984a-fa4eff1dbce1: shutdown LeaderElection
2019-10-22 00:13:28,285 [f318eb4e-a4da-4d18-984a-fa4eff1dbce1@group-597AF0FA787F-LeaderElection299] INFO  impl.RoleInfo (RoleInfo.java:updateAndGet(143)) - f318eb4e-a4da-4d18-984a-fa4eff1dbce1: start FollowerState
2019-10-22 00:13:28,398 [Thread-2237] INFO  impl.FollowerState (FollowerState.java:run(108)) - 2fdb3e93-e0d8-400e-8c33-91e2341b50c6@group-F01152B53F91-FollowerState: change to CANDIDATE, lastRpcTime:166ms, electionTimeout:166ms
2019-10-22 00:13:28,398 [Thread-2237] INFO  impl.RoleInfo (RoleInfo.java:shutdownFollowerState(121)) - 2fdb3e93-e0d8-400e-8c33-91e2341b50c6: shutdown FollowerState
2019-10-22 00:13:28,398 [Thread-2237] INFO  impl.RaftServerImpl (RaftServerImpl.java:setRole(184)) - 2fdb3e93-e0d8-400e-8c33-91e2341b50c6@group-F01152B53F91: changes role from  FOLLOWER to CANDIDATE at term 294 for changeToCandidate
2019-10-22 00:13:28,399 [Thread-2237] INFO  impl.RoleInfo (RoleInfo.java:updateAndGet(143)) - 2fdb3e93-e0d8-400e-8c33-91e2341b50c6: start LeaderElection
2019-10-22 00:13:28,413 [2fdb3e93-e0d8-400e-8c33-91e2341b50c6@group-F01152B53F91-LeaderElection300] INFO  impl.LeaderElection (LeaderElection.java:askForVotes(178)) - 2fdb3e93-e0d8-400e-8c33-91e2341b50c6@group-F01152B53F91-LeaderElection300: begin an election at term 295 for -1: [2fdb3e93-e0d8-400e-8c33-91e2341b50c6:192.168.157.254:43254, 062c71de-08d9-40ee-9309-15590e2e8e68:192.168.157.254:45598, 2a52019e-5647-44e1-bf30-9a43fd8a7377:192.168.157.254:36038], old=null
2019-10-22 00:13:28,413 [2fdb3e93-e0d8-400e-8c33-91e2341b50c6@group-F01152B53F91-LeaderElection300] INFO  impl.LeaderElection (LogUtils.java:infoOrTrace(149)) - 2fdb3e93-e0d8-400e-8c33-91e2341b50c6@group-F01152B53F91-LeaderElection300 got exception when requesting votes: {}
java.util.concurrent.ExecutionException: org.apache.ratis.thirdparty.io.grpc.StatusRuntimeException: UNAVAILABLE: io exception
	at java.util.concurrent.FutureTask.report(FutureTask.java:122)
	at java.util.concurrent.FutureTask.get(FutureTask.java:192)
	at org.apache.ratis.server.impl.LeaderElection.waitForResults(LeaderElection.java:259)
	at org.apache.ratis.server.impl.LeaderElection.askForVotes(LeaderElection.java:197)
	at org.apache.ratis.server.impl.LeaderElection.run(LeaderElection.java:133)
	at java.lang.Thread.run(Thread.java:748)
Caused by: org.apache.ratis.thirdparty.io.grpc.StatusRuntimeException: UNAVAILABLE: io exception
	at org.apache.ratis.thirdparty.io.grpc.stub.ClientCalls.toStatusRuntimeException(ClientCalls.java:233)
	at org.apache.ratis.thirdparty.io.grpc.stub.ClientCalls.getUnchecked(ClientCalls.java:214)
	at org.apache.ratis.thirdparty.io.grpc.stub.ClientCalls.blockingUnaryCall(ClientCalls.java:139)
	at org.apache.ratis.proto.grpc.RaftServerProtocolServiceGrpc$RaftServerProtocolServiceBlockingStub.requestVote(RaftServerProtocolServiceGrpc.java:265)
	at org.apache.ratis.grpc.server.GrpcServerProtocolClient.requestVote(GrpcServerProtocolClient.java:99)
	at org.apache.ratis.grpc.server.GrpcService.requestVote(GrpcService.java:204)
	at org.apache.ratis.server.impl.LeaderElection.lambda$submitRequests$1(LeaderElection.java:234)
	at java.util.concurrent.FutureTask.run(FutureTask.java:266)
	at java.util.concurrent.Executors$RunnableAdapter.call(Executors.java:511)
	at java.util.concurrent.FutureTask.run(FutureTask.java:266)
	at java.util.concurrent.ThreadPoolExecutor.runWorker(ThreadPoolExecutor.java:1149)
	at java.util.concurrent.ThreadPoolExecutor$Worker.run(ThreadPoolExecutor.java:624)
	... 1 more
Caused by: org.apache.ratis.thirdparty.io.netty.channel.AbstractChannel$AnnotatedConnectException: Connection refused: /192.168.157.254:36038
	at sun.nio.ch.SocketChannelImpl.checkConnect(Native Method)
	at sun.nio.ch.SocketChannelImpl.finishConnect(SocketChannelImpl.java:717)
	at org.apache.ratis.thirdparty.io.netty.channel.socket.nio.NioSocketChannel.doFinishConnect(NioSocketChannel.java:327)
	at org.apache.ratis.thirdparty.io.netty.channel.nio.AbstractNioChannel$AbstractNioUnsafe.finishConnect(AbstractNioChannel.java:340)
	at org.apache.ratis.thirdparty.io.netty.channel.nio.NioEventLoop.processSelectedKey(NioEventLoop.java:632)
	at org.apache.ratis.thirdparty.io.netty.channel.nio.NioEventLoop.processSelectedKeysOptimized(NioEventLoop.java:579)
	at org.apache.ratis.thirdparty.io.netty.channel.nio.NioEventLoop.processSelectedKeys(NioEventLoop.java:496)
	at org.apache.ratis.thirdparty.io.netty.channel.nio.NioEventLoop.run(NioEventLoop.java:458)
	at org.apache.ratis.thirdparty.io.netty.util.concurrent.SingleThreadEventExecutor$5.run(SingleThreadEventExecutor.java:897)
	at org.apache.ratis.thirdparty.io.netty.util.concurrent.FastThreadLocalRunnable.run(FastThreadLocalRunnable.java:30)
	... 1 more
Caused by: java.net.ConnectException: Connection refused
	... 11 more
2019-10-22 00:13:28,414 [2fdb3e93-e0d8-400e-8c33-91e2341b50c6@group-F01152B53F91-LeaderElection300] INFO  impl.LeaderElection (LogUtils.java:infoOrTrace(149)) - 2fdb3e93-e0d8-400e-8c33-91e2341b50c6@group-F01152B53F91-LeaderElection300 got exception when requesting votes: {}
java.util.concurrent.ExecutionException: org.apache.ratis.thirdparty.io.grpc.StatusRuntimeException: UNAVAILABLE: io exception
	at java.util.concurrent.FutureTask.report(FutureTask.java:122)
	at java.util.concurrent.FutureTask.get(FutureTask.java:192)
	at org.apache.ratis.server.impl.LeaderElection.waitForResults(LeaderElection.java:259)
	at org.apache.ratis.server.impl.LeaderElection.askForVotes(LeaderElection.java:197)
	at org.apache.ratis.server.impl.LeaderElection.run(LeaderElection.java:133)
	at java.lang.Thread.run(Thread.java:748)
Caused by: org.apache.ratis.thirdparty.io.grpc.StatusRuntimeException: UNAVAILABLE: io exception
	at org.apache.ratis.thirdparty.io.grpc.stub.ClientCalls.toStatusRuntimeException(ClientCalls.java:233)
	at org.apache.ratis.thirdparty.io.grpc.stub.ClientCalls.getUnchecked(ClientCalls.java:214)
	at org.apache.ratis.thirdparty.io.grpc.stub.ClientCalls.blockingUnaryCall(ClientCalls.java:139)
	at org.apache.ratis.proto.grpc.RaftServerProtocolServiceGrpc$RaftServerProtocolServiceBlockingStub.requestVote(RaftServerProtocolServiceGrpc.java:265)
	at org.apache.ratis.grpc.server.GrpcServerProtocolClient.requestVote(GrpcServerProtocolClient.java:99)
	at org.apache.ratis.grpc.server.GrpcService.requestVote(GrpcService.java:204)
	at org.apache.ratis.server.impl.LeaderElection.lambda$submitRequests$1(LeaderElection.java:234)
	at java.util.concurrent.FutureTask.run(FutureTask.java:266)
	at java.util.concurrent.Executors$RunnableAdapter.call(Executors.java:511)
	at java.util.concurrent.FutureTask.run(FutureTask.java:266)
	at java.util.concurrent.ThreadPoolExecutor.runWorker(ThreadPoolExecutor.java:1149)
	at java.util.concurrent.ThreadPoolExecutor$Worker.run(ThreadPoolExecutor.java:624)
	... 1 more
Caused by: org.apache.ratis.thirdparty.io.netty.channel.AbstractChannel$AnnotatedConnectException: Connection refused: /192.168.157.254:45598
	at sun.nio.ch.SocketChannelImpl.checkConnect(Native Method)
	at sun.nio.ch.SocketChannelImpl.finishConnect(SocketChannelImpl.java:717)
	at org.apache.ratis.thirdparty.io.netty.channel.socket.nio.NioSocketChannel.doFinishConnect(NioSocketChannel.java:327)
	at org.apache.ratis.thirdparty.io.netty.channel.nio.AbstractNioChannel$AbstractNioUnsafe.finishConnect(AbstractNioChannel.java:340)
	at org.apache.ratis.thirdparty.io.netty.channel.nio.NioEventLoop.processSelectedKey(NioEventLoop.java:632)
	at org.apache.ratis.thirdparty.io.netty.channel.nio.NioEventLoop.processSelectedKeysOptimized(NioEventLoop.java:579)
	at org.apache.ratis.thirdparty.io.netty.channel.nio.NioEventLoop.processSelectedKeys(NioEventLoop.java:496)
	at org.apache.ratis.thirdparty.io.netty.channel.nio.NioEventLoop.run(NioEventLoop.java:458)
	at org.apache.ratis.thirdparty.io.netty.util.concurrent.SingleThreadEventExecutor$5.run(SingleThreadEventExecutor.java:897)
	at org.apache.ratis.thirdparty.io.netty.util.concurrent.FastThreadLocalRunnable.run(FastThreadLocalRunnable.java:30)
	... 1 more
Caused by: java.net.ConnectException: Connection refused
	... 11 more
2019-10-22 00:13:28,414 [2fdb3e93-e0d8-400e-8c33-91e2341b50c6@group-F01152B53F91-LeaderElection300] INFO  impl.LeaderElection (LeaderElection.java:logAndReturn(56)) - 2fdb3e93-e0d8-400e-8c33-91e2341b50c6@group-F01152B53F91-LeaderElection300: Election REJECTED; received 0 response(s) [] and 2 exception(s); 2fdb3e93-e0d8-400e-8c33-91e2341b50c6@group-F01152B53F91:t295, leader=null, voted=2fdb3e93-e0d8-400e-8c33-91e2341b50c6, raftlog=2fdb3e93-e0d8-400e-8c33-91e2341b50c6@group-F01152B53F91-SegmentedRaftLog:OPENED:c-1,f-1,i0, conf=-1: [2fdb3e93-e0d8-400e-8c33-91e2341b50c6:192.168.157.254:43254, 062c71de-08d9-40ee-9309-15590e2e8e68:192.168.157.254:45598, 2a52019e-5647-44e1-bf30-9a43fd8a7377:192.168.157.254:36038], old=null
2019-10-22 00:13:28,414 [2fdb3e93-e0d8-400e-8c33-91e2341b50c6@group-F01152B53F91-LeaderElection300] INFO  impl.LeaderElection (LogUtils.java:infoOrTrace(149)) -   Exception 0: {}
java.util.concurrent.ExecutionException: org.apache.ratis.thirdparty.io.grpc.StatusRuntimeException: UNAVAILABLE: io exception
	at java.util.concurrent.FutureTask.report(FutureTask.java:122)
	at java.util.concurrent.FutureTask.get(FutureTask.java:192)
	at org.apache.ratis.server.impl.LeaderElection.waitForResults(LeaderElection.java:259)
	at org.apache.ratis.server.impl.LeaderElection.askForVotes(LeaderElection.java:197)
	at org.apache.ratis.server.impl.LeaderElection.run(LeaderElection.java:133)
	at java.lang.Thread.run(Thread.java:748)
Caused by: org.apache.ratis.thirdparty.io.grpc.StatusRuntimeException: UNAVAILABLE: io exception
	at org.apache.ratis.thirdparty.io.grpc.stub.ClientCalls.toStatusRuntimeException(ClientCalls.java:233)
	at org.apache.ratis.thirdparty.io.grpc.stub.ClientCalls.getUnchecked(ClientCalls.java:214)
	at org.apache.ratis.thirdparty.io.grpc.stub.ClientCalls.blockingUnaryCall(ClientCalls.java:139)
	at org.apache.ratis.proto.grpc.RaftServerProtocolServiceGrpc$RaftServerProtocolServiceBlockingStub.requestVote(RaftServerProtocolServiceGrpc.java:265)
	at org.apache.ratis.grpc.server.GrpcServerProtocolClient.requestVote(GrpcServerProtocolClient.java:99)
	at org.apache.ratis.grpc.server.GrpcService.requestVote(GrpcService.java:204)
	at org.apache.ratis.server.impl.LeaderElection.lambda$submitRequests$1(LeaderElection.java:234)
	at java.util.concurrent.FutureTask.run(FutureTask.java:266)
	at java.util.concurrent.Executors$RunnableAdapter.call(Executors.java:511)
	at java.util.concurrent.FutureTask.run(FutureTask.java:266)
	at java.util.concurrent.ThreadPoolExecutor.runWorker(ThreadPoolExecutor.java:1149)
	at java.util.concurrent.ThreadPoolExecutor$Worker.run(ThreadPoolExecutor.java:624)
	... 1 more
Caused by: org.apache.ratis.thirdparty.io.netty.channel.AbstractChannel$AnnotatedConnectException: Connection refused: /192.168.157.254:36038
	at sun.nio.ch.SocketChannelImpl.checkConnect(Native Method)
	at sun.nio.ch.SocketChannelImpl.finishConnect(SocketChannelImpl.java:717)
	at org.apache.ratis.thirdparty.io.netty.channel.socket.nio.NioSocketChannel.doFinishConnect(NioSocketChannel.java:327)
	at org.apache.ratis.thirdparty.io.netty.channel.nio.AbstractNioChannel$AbstractNioUnsafe.finishConnect(AbstractNioChannel.java:340)
	at org.apache.ratis.thirdparty.io.netty.channel.nio.NioEventLoop.processSelectedKey(NioEventLoop.java:632)
	at org.apache.ratis.thirdparty.io.netty.channel.nio.NioEventLoop.processSelectedKeysOptimized(NioEventLoop.java:579)
	at org.apache.ratis.thirdparty.io.netty.channel.nio.NioEventLoop.processSelectedKeys(NioEventLoop.java:496)
	at org.apache.ratis.thirdparty.io.netty.channel.nio.NioEventLoop.run(NioEventLoop.java:458)
	at org.apache.ratis.thirdparty.io.netty.util.concurrent.SingleThreadEventExecutor$5.run(SingleThreadEventExecutor.java:897)
	at org.apache.ratis.thirdparty.io.netty.util.concurrent.FastThreadLocalRunnable.run(FastThreadLocalRunnable.java:30)
	... 1 more
Caused by: java.net.ConnectException: Connection refused
	... 11 more
2019-10-22 00:13:28,415 [2fdb3e93-e0d8-400e-8c33-91e2341b50c6@group-F01152B53F91-LeaderElection300] INFO  impl.LeaderElection (LogUtils.java:infoOrTrace(149)) -   Exception 1: {}
java.util.concurrent.ExecutionException: org.apache.ratis.thirdparty.io.grpc.StatusRuntimeException: UNAVAILABLE: io exception
	at java.util.concurrent.FutureTask.report(FutureTask.java:122)
	at java.util.concurrent.FutureTask.get(FutureTask.java:192)
	at org.apache.ratis.server.impl.LeaderElection.waitForResults(LeaderElection.java:259)
	at org.apache.ratis.server.impl.LeaderElection.askForVotes(LeaderElection.java:197)
	at org.apache.ratis.server.impl.LeaderElection.run(LeaderElection.java:133)
	at java.lang.Thread.run(Thread.java:748)
Caused by: org.apache.ratis.thirdparty.io.grpc.StatusRuntimeException: UNAVAILABLE: io exception
	at org.apache.ratis.thirdparty.io.grpc.stub.ClientCalls.toStatusRuntimeException(ClientCalls.java:233)
	at org.apache.ratis.thirdparty.io.grpc.stub.ClientCalls.getUnchecked(ClientCalls.java:214)
	at org.apache.ratis.thirdparty.io.grpc.stub.ClientCalls.blockingUnaryCall(ClientCalls.java:139)
	at org.apache.ratis.proto.grpc.RaftServerProtocolServiceGrpc$RaftServerProtocolServiceBlockingStub.requestVote(RaftServerProtocolServiceGrpc.java:265)
	at org.apache.ratis.grpc.server.GrpcServerProtocolClient.requestVote(GrpcServerProtocolClient.java:99)
	at org.apache.ratis.grpc.server.GrpcService.requestVote(GrpcService.java:204)
	at org.apache.ratis.server.impl.LeaderElection.lambda$submitRequests$1(LeaderElection.java:234)
	at java.util.concurrent.FutureTask.run(FutureTask.java:266)
	at java.util.concurrent.Executors$RunnableAdapter.call(Executors.java:511)
	at java.util.concurrent.FutureTask.run(FutureTask.java:266)
	at java.util.concurrent.ThreadPoolExecutor.runWorker(ThreadPoolExecutor.java:1149)
	at java.util.concurrent.ThreadPoolExecutor$Worker.run(ThreadPoolExecutor.java:624)
	... 1 more
Caused by: org.apache.ratis.thirdparty.io.netty.channel.AbstractChannel$AnnotatedConnectException: Connection refused: /192.168.157.254:45598
	at sun.nio.ch.SocketChannelImpl.checkConnect(Native Method)
	at sun.nio.ch.SocketChannelImpl.finishConnect(SocketChannelImpl.java:717)
	at org.apache.ratis.thirdparty.io.netty.channel.socket.nio.NioSocketChannel.doFinishConnect(NioSocketChannel.java:327)
	at org.apache.ratis.thirdparty.io.netty.channel.nio.AbstractNioChannel$AbstractNioUnsafe.finishConnect(AbstractNioChannel.java:340)
	at org.apache.ratis.thirdparty.io.netty.channel.nio.NioEventLoop.processSelectedKey(NioEventLoop.java:632)
	at org.apache.ratis.thirdparty.io.netty.channel.nio.NioEventLoop.processSelectedKeysOptimized(NioEventLoop.java:579)
	at org.apache.ratis.thirdparty.io.netty.channel.nio.NioEventLoop.processSelectedKeys(NioEventLoop.java:496)
	at org.apache.ratis.thirdparty.io.netty.channel.nio.NioEventLoop.run(NioEventLoop.java:458)
	at org.apache.ratis.thirdparty.io.netty.util.concurrent.SingleThreadEventExecutor$5.run(SingleThreadEventExecutor.java:897)
	at org.apache.ratis.thirdparty.io.netty.util.concurrent.FastThreadLocalRunnable.run(FastThreadLocalRunnable.java:30)
	... 1 more
Caused by: java.net.ConnectException: Connection refused
	... 11 more
2019-10-22 00:13:28,415 [2fdb3e93-e0d8-400e-8c33-91e2341b50c6@group-F01152B53F91-LeaderElection300] INFO  impl.RaftServerImpl (RaftServerImpl.java:setRole(184)) - 2fdb3e93-e0d8-400e-8c33-91e2341b50c6@group-F01152B53F91: changes role from CANDIDATE to FOLLOWER at term 295 for DISCOVERED_A_NEW_TERM
2019-10-22 00:13:28,415 [2fdb3e93-e0d8-400e-8c33-91e2341b50c6@group-F01152B53F91-LeaderElection300] INFO  impl.RoleInfo (RoleInfo.java:shutdownLeaderElection(134)) - 2fdb3e93-e0d8-400e-8c33-91e2341b50c6: shutdown LeaderElection
2019-10-22 00:13:28,415 [2fdb3e93-e0d8-400e-8c33-91e2341b50c6@group-F01152B53F91-LeaderElection300] INFO  impl.RoleInfo (RoleInfo.java:updateAndGet(143)) - 2fdb3e93-e0d8-400e-8c33-91e2341b50c6: start FollowerState
2019-10-22 00:13:28,463 [Thread-2245] INFO  impl.FollowerState (FollowerState.java:run(108)) - 2fdb3e93-e0d8-400e-8c33-91e2341b50c6@group-F01152B53F91-FollowerState: change to CANDIDATE, lastRpcTime:48ms, electionTimeout:48ms
2019-10-22 00:13:28,464 [Thread-2245] INFO  impl.RoleInfo (RoleInfo.java:shutdownFollowerState(121)) - 2fdb3e93-e0d8-400e-8c33-91e2341b50c6: shutdown FollowerState
2019-10-22 00:13:28,464 [Thread-2245] INFO  impl.RaftServerImpl (RaftServerImpl.java:setRole(184)) - 2fdb3e93-e0d8-400e-8c33-91e2341b50c6@group-F01152B53F91: changes role from  FOLLOWER to CANDIDATE at term 295 for changeToCandidate
2019-10-22 00:13:28,464 [Thread-2245] INFO  impl.RoleInfo (RoleInfo.java:updateAndGet(143)) - 2fdb3e93-e0d8-400e-8c33-91e2341b50c6: start LeaderElection
2019-10-22 00:13:28,479 [2fdb3e93-e0d8-400e-8c33-91e2341b50c6@group-F01152B53F91-LeaderElection301] INFO  impl.LeaderElection (LeaderElection.java:askForVotes(178)) - 2fdb3e93-e0d8-400e-8c33-91e2341b50c6@group-F01152B53F91-LeaderElection301: begin an election at term 296 for -1: [2fdb3e93-e0d8-400e-8c33-91e2341b50c6:192.168.157.254:43254, 062c71de-08d9-40ee-9309-15590e2e8e68:192.168.157.254:45598, 2a52019e-5647-44e1-bf30-9a43fd8a7377:192.168.157.254:36038], old=null
2019-10-22 00:13:28,480 [2fdb3e93-e0d8-400e-8c33-91e2341b50c6@group-F01152B53F91-LeaderElection301] INFO  impl.LeaderElection (LogUtils.java:infoOrTrace(149)) - 2fdb3e93-e0d8-400e-8c33-91e2341b50c6@group-F01152B53F91-LeaderElection301 got exception when requesting votes: {}
java.util.concurrent.ExecutionException: org.apache.ratis.thirdparty.io.grpc.StatusRuntimeException: UNAVAILABLE: io exception
	at java.util.concurrent.FutureTask.report(FutureTask.java:122)
	at java.util.concurrent.FutureTask.get(FutureTask.java:192)
	at org.apache.ratis.server.impl.LeaderElection.waitForResults(LeaderElection.java:259)
	at org.apache.ratis.server.impl.LeaderElection.askForVotes(LeaderElection.java:197)
	at org.apache.ratis.server.impl.LeaderElection.run(LeaderElection.java:133)
	at java.lang.Thread.run(Thread.java:748)
Caused by: org.apache.ratis.thirdparty.io.grpc.StatusRuntimeException: UNAVAILABLE: io exception
	at org.apache.ratis.thirdparty.io.grpc.stub.ClientCalls.toStatusRuntimeException(ClientCalls.java:233)
	at org.apache.ratis.thirdparty.io.grpc.stub.ClientCalls.getUnchecked(ClientCalls.java:214)
	at org.apache.ratis.thirdparty.io.grpc.stub.ClientCalls.blockingUnaryCall(ClientCalls.java:139)
	at org.apache.ratis.proto.grpc.RaftServerProtocolServiceGrpc$RaftServerProtocolServiceBlockingStub.requestVote(RaftServerProtocolServiceGrpc.java:265)
	at org.apache.ratis.grpc.server.GrpcServerProtocolClient.requestVote(GrpcServerProtocolClient.java:99)
	at org.apache.ratis.grpc.server.GrpcService.requestVote(GrpcService.java:204)
	at org.apache.ratis.server.impl.LeaderElection.lambda$submitRequests$1(LeaderElection.java:234)
	at java.util.concurrent.FutureTask.run(FutureTask.java:266)
	at java.util.concurrent.Executors$RunnableAdapter.call(Executors.java:511)
	at java.util.concurrent.FutureTask.run(FutureTask.java:266)
	at java.util.concurrent.ThreadPoolExecutor.runWorker(ThreadPoolExecutor.java:1149)
	at java.util.concurrent.ThreadPoolExecutor$Worker.run(ThreadPoolExecutor.java:624)
	... 1 more
Caused by: org.apache.ratis.thirdparty.io.netty.channel.AbstractChannel$AnnotatedConnectException: Connection refused: /192.168.157.254:45598
	at sun.nio.ch.SocketChannelImpl.checkConnect(Native Method)
	at sun.nio.ch.SocketChannelImpl.finishConnect(SocketChannelImpl.java:717)
	at org.apache.ratis.thirdparty.io.netty.channel.socket.nio.NioSocketChannel.doFinishConnect(NioSocketChannel.java:327)
	at org.apache.ratis.thirdparty.io.netty.channel.nio.AbstractNioChannel$AbstractNioUnsafe.finishConnect(AbstractNioChannel.java:340)
	at org.apache.ratis.thirdparty.io.netty.channel.nio.NioEventLoop.processSelectedKey(NioEventLoop.java:632)
	at org.apache.ratis.thirdparty.io.netty.channel.nio.NioEventLoop.processSelectedKeysOptimized(NioEventLoop.java:579)
	at org.apache.ratis.thirdparty.io.netty.channel.nio.NioEventLoop.processSelectedKeys(NioEventLoop.java:496)
	at org.apache.ratis.thirdparty.io.netty.channel.nio.NioEventLoop.run(NioEventLoop.java:458)
	at org.apache.ratis.thirdparty.io.netty.util.concurrent.SingleThreadEventExecutor$5.run(SingleThreadEventExecutor.java:897)
	at org.apache.ratis.thirdparty.io.netty.util.concurrent.FastThreadLocalRunnable.run(FastThreadLocalRunnable.java:30)
	... 1 more
Caused by: java.net.ConnectException: Connection refused
	... 11 more
2019-10-22 00:13:28,480 [2fdb3e93-e0d8-400e-8c33-91e2341b50c6@group-F01152B53F91-LeaderElection301] INFO  impl.LeaderElection (LogUtils.java:infoOrTrace(149)) - 2fdb3e93-e0d8-400e-8c33-91e2341b50c6@group-F01152B53F91-LeaderElection301 got exception when requesting votes: {}
java.util.concurrent.ExecutionException: org.apache.ratis.thirdparty.io.grpc.StatusRuntimeException: UNAVAILABLE: io exception
	at java.util.concurrent.FutureTask.report(FutureTask.java:122)
	at java.util.concurrent.FutureTask.get(FutureTask.java:192)
	at org.apache.ratis.server.impl.LeaderElection.waitForResults(LeaderElection.java:259)
	at org.apache.ratis.server.impl.LeaderElection.askForVotes(LeaderElection.java:197)
	at org.apache.ratis.server.impl.LeaderElection.run(LeaderElection.java:133)
	at java.lang.Thread.run(Thread.java:748)
Caused by: org.apache.ratis.thirdparty.io.grpc.StatusRuntimeException: UNAVAILABLE: io exception
	at org.apache.ratis.thirdparty.io.grpc.stub.ClientCalls.toStatusRuntimeException(ClientCalls.java:233)
	at org.apache.ratis.thirdparty.io.grpc.stub.ClientCalls.getUnchecked(ClientCalls.java:214)
	at org.apache.ratis.thirdparty.io.grpc.stub.ClientCalls.blockingUnaryCall(ClientCalls.java:139)
	at org.apache.ratis.proto.grpc.RaftServerProtocolServiceGrpc$RaftServerProtocolServiceBlockingStub.requestVote(RaftServerProtocolServiceGrpc.java:265)
	at org.apache.ratis.grpc.server.GrpcServerProtocolClient.requestVote(GrpcServerProtocolClient.java:99)
	at org.apache.ratis.grpc.server.GrpcService.requestVote(GrpcService.java:204)
	at org.apache.ratis.server.impl.LeaderElection.lambda$submitRequests$1(LeaderElection.java:234)
	at java.util.concurrent.FutureTask.run(FutureTask.java:266)
	at java.util.concurrent.Executors$RunnableAdapter.call(Executors.java:511)
	at java.util.concurrent.FutureTask.run(FutureTask.java:266)
	at java.util.concurrent.ThreadPoolExecutor.runWorker(ThreadPoolExecutor.java:1149)
	at java.util.concurrent.ThreadPoolExecutor$Worker.run(ThreadPoolExecutor.java:624)
	... 1 more
Caused by: org.apache.ratis.thirdparty.io.netty.channel.AbstractChannel$AnnotatedConnectException: Connection refused: /192.168.157.254:36038
	at sun.nio.ch.SocketChannelImpl.checkConnect(Native Method)
	at sun.nio.ch.SocketChannelImpl.finishConnect(SocketChannelImpl.java:717)
	at org.apache.ratis.thirdparty.io.netty.channel.socket.nio.NioSocketChannel.doFinishConnect(NioSocketChannel.java:327)
	at org.apache.ratis.thirdparty.io.netty.channel.nio.AbstractNioChannel$AbstractNioUnsafe.finishConnect(AbstractNioChannel.java:340)
	at org.apache.ratis.thirdparty.io.netty.channel.nio.NioEventLoop.processSelectedKey(NioEventLoop.java:632)
	at org.apache.ratis.thirdparty.io.netty.channel.nio.NioEventLoop.processSelectedKeysOptimized(NioEventLoop.java:579)
	at org.apache.ratis.thirdparty.io.netty.channel.nio.NioEventLoop.processSelectedKeys(NioEventLoop.java:496)
	at org.apache.ratis.thirdparty.io.netty.channel.nio.NioEventLoop.run(NioEventLoop.java:458)
	at org.apache.ratis.thirdparty.io.netty.util.concurrent.SingleThreadEventExecutor$5.run(SingleThreadEventExecutor.java:897)
	at org.apache.ratis.thirdparty.io.netty.util.concurrent.FastThreadLocalRunnable.run(FastThreadLocalRunnable.java:30)
	... 1 more
Caused by: java.net.ConnectException: Connection refused
	... 11 more
2019-10-22 00:13:28,480 [2fdb3e93-e0d8-400e-8c33-91e2341b50c6@group-F01152B53F91-LeaderElection301] INFO  impl.LeaderElection (LeaderElection.java:logAndReturn(56)) - 2fdb3e93-e0d8-400e-8c33-91e2341b50c6@group-F01152B53F91-LeaderElection301: Election REJECTED; received 0 response(s) [] and 2 exception(s); 2fdb3e93-e0d8-400e-8c33-91e2341b50c6@group-F01152B53F91:t296, leader=null, voted=2fdb3e93-e0d8-400e-8c33-91e2341b50c6, raftlog=2fdb3e93-e0d8-400e-8c33-91e2341b50c6@group-F01152B53F91-SegmentedRaftLog:OPENED:c-1,f-1,i0, conf=-1: [2fdb3e93-e0d8-400e-8c33-91e2341b50c6:192.168.157.254:43254, 062c71de-08d9-40ee-9309-15590e2e8e68:192.168.157.254:45598, 2a52019e-5647-44e1-bf30-9a43fd8a7377:192.168.157.254:36038], old=null
2019-10-22 00:13:28,480 [2fdb3e93-e0d8-400e-8c33-91e2341b50c6@group-F01152B53F91-LeaderElection301] INFO  impl.LeaderElection (LogUtils.java:infoOrTrace(149)) -   Exception 0: {}
java.util.concurrent.ExecutionException: org.apache.ratis.thirdparty.io.grpc.StatusRuntimeException: UNAVAILABLE: io exception
	at java.util.concurrent.FutureTask.report(FutureTask.java:122)
	at java.util.concurrent.FutureTask.get(FutureTask.java:192)
	at org.apache.ratis.server.impl.LeaderElection.waitForResults(LeaderElection.java:259)
	at org.apache.ratis.server.impl.LeaderElection.askForVotes(LeaderElection.java:197)
	at org.apache.ratis.server.impl.LeaderElection.run(LeaderElection.java:133)
	at java.lang.Thread.run(Thread.java:748)
Caused by: org.apache.ratis.thirdparty.io.grpc.StatusRuntimeException: UNAVAILABLE: io exception
	at org.apache.ratis.thirdparty.io.grpc.stub.ClientCalls.toStatusRuntimeException(ClientCalls.java:233)
	at org.apache.ratis.thirdparty.io.grpc.stub.ClientCalls.getUnchecked(ClientCalls.java:214)
	at org.apache.ratis.thirdparty.io.grpc.stub.ClientCalls.blockingUnaryCall(ClientCalls.java:139)
	at org.apache.ratis.proto.grpc.RaftServerProtocolServiceGrpc$RaftServerProtocolServiceBlockingStub.requestVote(RaftServerProtocolServiceGrpc.java:265)
	at org.apache.ratis.grpc.server.GrpcServerProtocolClient.requestVote(GrpcServerProtocolClient.java:99)
	at org.apache.ratis.grpc.server.GrpcService.requestVote(GrpcService.java:204)
	at org.apache.ratis.server.impl.LeaderElection.lambda$submitRequests$1(LeaderElection.java:234)
	at java.util.concurrent.FutureTask.run(FutureTask.java:266)
	at java.util.concurrent.Executors$RunnableAdapter.call(Executors.java:511)
	at java.util.concurrent.FutureTask.run(FutureTask.java:266)
	at java.util.concurrent.ThreadPoolExecutor.runWorker(ThreadPoolExecutor.java:1149)
	at java.util.concurrent.ThreadPoolExecutor$Worker.run(ThreadPoolExecutor.java:624)
	... 1 more
Caused by: org.apache.ratis.thirdparty.io.netty.channel.AbstractChannel$AnnotatedConnectException: Connection refused: /192.168.157.254:45598
	at sun.nio.ch.SocketChannelImpl.checkConnect(Native Method)
	at sun.nio.ch.SocketChannelImpl.finishConnect(SocketChannelImpl.java:717)
	at org.apache.ratis.thirdparty.io.netty.channel.socket.nio.NioSocketChannel.doFinishConnect(NioSocketChannel.java:327)
	at org.apache.ratis.thirdparty.io.netty.channel.nio.AbstractNioChannel$AbstractNioUnsafe.finishConnect(AbstractNioChannel.java:340)
	at org.apache.ratis.thirdparty.io.netty.channel.nio.NioEventLoop.processSelectedKey(NioEventLoop.java:632)
	at org.apache.ratis.thirdparty.io.netty.channel.nio.NioEventLoop.processSelectedKeysOptimized(NioEventLoop.java:579)
	at org.apache.ratis.thirdparty.io.netty.channel.nio.NioEventLoop.processSelectedKeys(NioEventLoop.java:496)
	at org.apache.ratis.thirdparty.io.netty.channel.nio.NioEventLoop.run(NioEventLoop.java:458)
	at org.apache.ratis.thirdparty.io.netty.util.concurrent.SingleThreadEventExecutor$5.run(SingleThreadEventExecutor.java:897)
	at org.apache.ratis.thirdparty.io.netty.util.concurrent.FastThreadLocalRunnable.run(FastThreadLocalRunnable.java:30)
	... 1 more
Caused by: java.net.ConnectException: Connection refused
	... 11 more
2019-10-22 00:13:28,481 [2fdb3e93-e0d8-400e-8c33-91e2341b50c6@group-F01152B53F91-LeaderElection301] INFO  impl.LeaderElection (LogUtils.java:infoOrTrace(149)) -   Exception 1: {}
java.util.concurrent.ExecutionException: org.apache.ratis.thirdparty.io.grpc.StatusRuntimeException: UNAVAILABLE: io exception
	at java.util.concurrent.FutureTask.report(FutureTask.java:122)
	at java.util.concurrent.FutureTask.get(FutureTask.java:192)
	at org.apache.ratis.server.impl.LeaderElection.waitForResults(LeaderElection.java:259)
	at org.apache.ratis.server.impl.LeaderElection.askForVotes(LeaderElection.java:197)
	at org.apache.ratis.server.impl.LeaderElection.run(LeaderElection.java:133)
	at java.lang.Thread.run(Thread.java:748)
Caused by: org.apache.ratis.thirdparty.io.grpc.StatusRuntimeException: UNAVAILABLE: io exception
	at org.apache.ratis.thirdparty.io.grpc.stub.ClientCalls.toStatusRuntimeException(ClientCalls.java:233)
	at org.apache.ratis.thirdparty.io.grpc.stub.ClientCalls.getUnchecked(ClientCalls.java:214)
	at org.apache.ratis.thirdparty.io.grpc.stub.ClientCalls.blockingUnaryCall(ClientCalls.java:139)
	at org.apache.ratis.proto.grpc.RaftServerProtocolServiceGrpc$RaftServerProtocolServiceBlockingStub.requestVote(RaftServerProtocolServiceGrpc.java:265)
	at org.apache.ratis.grpc.server.GrpcServerProtocolClient.requestVote(GrpcServerProtocolClient.java:99)
	at org.apache.ratis.grpc.server.GrpcService.requestVote(GrpcService.java:204)
	at org.apache.ratis.server.impl.LeaderElection.lambda$submitRequests$1(LeaderElection.java:234)
	at java.util.concurrent.FutureTask.run(FutureTask.java:266)
	at java.util.concurrent.Executors$RunnableAdapter.call(Executors.java:511)
	at java.util.concurrent.FutureTask.run(FutureTask.java:266)
	at java.util.concurrent.ThreadPoolExecutor.runWorker(ThreadPoolExecutor.java:1149)
	at java.util.concurrent.ThreadPoolExecutor$Worker.run(ThreadPoolExecutor.java:624)
	... 1 more
Caused by: org.apache.ratis.thirdparty.io.netty.channel.AbstractChannel$AnnotatedConnectException: Connection refused: /192.168.157.254:36038
	at sun.nio.ch.SocketChannelImpl.checkConnect(Native Method)
	at sun.nio.ch.SocketChannelImpl.finishConnect(SocketChannelImpl.java:717)
	at org.apache.ratis.thirdparty.io.netty.channel.socket.nio.NioSocketChannel.doFinishConnect(NioSocketChannel.java:327)
	at org.apache.ratis.thirdparty.io.netty.channel.nio.AbstractNioChannel$AbstractNioUnsafe.finishConnect(AbstractNioChannel.java:340)
	at org.apache.ratis.thirdparty.io.netty.channel.nio.NioEventLoop.processSelectedKey(NioEventLoop.java:632)
	at org.apache.ratis.thirdparty.io.netty.channel.nio.NioEventLoop.processSelectedKeysOptimized(NioEventLoop.java:579)
	at org.apache.ratis.thirdparty.io.netty.channel.nio.NioEventLoop.processSelectedKeys(NioEventLoop.java:496)
	at org.apache.ratis.thirdparty.io.netty.channel.nio.NioEventLoop.run(NioEventLoop.java:458)
	at org.apache.ratis.thirdparty.io.netty.util.concurrent.SingleThreadEventExecutor$5.run(SingleThreadEventExecutor.java:897)
	at org.apache.ratis.thirdparty.io.netty.util.concurrent.FastThreadLocalRunnable.run(FastThreadLocalRunnable.java:30)
	... 1 more
Caused by: java.net.ConnectException: Connection refused
	... 11 more
2019-10-22 00:13:28,481 [2fdb3e93-e0d8-400e-8c33-91e2341b50c6@group-F01152B53F91-LeaderElection301] INFO  impl.RaftServerImpl (RaftServerImpl.java:setRole(184)) - 2fdb3e93-e0d8-400e-8c33-91e2341b50c6@group-F01152B53F91: changes role from CANDIDATE to FOLLOWER at term 296 for DISCOVERED_A_NEW_TERM
2019-10-22 00:13:28,481 [2fdb3e93-e0d8-400e-8c33-91e2341b50c6@group-F01152B53F91-LeaderElection301] INFO  impl.RoleInfo (RoleInfo.java:shutdownLeaderElection(134)) - 2fdb3e93-e0d8-400e-8c33-91e2341b50c6: shutdown LeaderElection
2019-10-22 00:13:28,481 [2fdb3e93-e0d8-400e-8c33-91e2341b50c6@group-F01152B53F91-LeaderElection301] INFO  impl.RoleInfo (RoleInfo.java:updateAndGet(143)) - 2fdb3e93-e0d8-400e-8c33-91e2341b50c6: start FollowerState
2019-10-22 00:13:28,593 [Thread-2249] INFO  impl.FollowerState (FollowerState.java:run(108)) - 2fdb3e93-e0d8-400e-8c33-91e2341b50c6@group-F01152B53F91-FollowerState: change to CANDIDATE, lastRpcTime:111ms, electionTimeout:111ms
2019-10-22 00:13:28,593 [Thread-2249] INFO  impl.RoleInfo (RoleInfo.java:shutdownFollowerState(121)) - 2fdb3e93-e0d8-400e-8c33-91e2341b50c6: shutdown FollowerState
2019-10-22 00:13:28,593 [Thread-2249] INFO  impl.RaftServerImpl (RaftServerImpl.java:setRole(184)) - 2fdb3e93-e0d8-400e-8c33-91e2341b50c6@group-F01152B53F91: changes role from  FOLLOWER to CANDIDATE at term 296 for changeToCandidate
2019-10-22 00:13:28,593 [Thread-2249] INFO  impl.RoleInfo (RoleInfo.java:updateAndGet(143)) - 2fdb3e93-e0d8-400e-8c33-91e2341b50c6: start LeaderElection
2019-10-22 00:13:28,676 [2fdb3e93-e0d8-400e-8c33-91e2341b50c6@group-F01152B53F91-LeaderElection302] INFO  impl.LeaderElection (LeaderElection.java:askForVotes(178)) - 2fdb3e93-e0d8-400e-8c33-91e2341b50c6@group-F01152B53F91-LeaderElection302: begin an election at term 297 for -1: [2fdb3e93-e0d8-400e-8c33-91e2341b50c6:192.168.157.254:43254, 062c71de-08d9-40ee-9309-15590e2e8e68:192.168.157.254:45598, 2a52019e-5647-44e1-bf30-9a43fd8a7377:192.168.157.254:36038], old=null
2019-10-22 00:13:28,677 [2fdb3e93-e0d8-400e-8c33-91e2341b50c6@group-F01152B53F91-LeaderElection302] INFO  impl.LeaderElection (LogUtils.java:infoOrTrace(149)) - 2fdb3e93-e0d8-400e-8c33-91e2341b50c6@group-F01152B53F91-LeaderElection302 got exception when requesting votes: {}
java.util.concurrent.ExecutionException: org.apache.ratis.thirdparty.io.grpc.StatusRuntimeException: UNAVAILABLE: io exception
	at java.util.concurrent.FutureTask.report(FutureTask.java:122)
	at java.util.concurrent.FutureTask.get(FutureTask.java:192)
	at org.apache.ratis.server.impl.LeaderElection.waitForResults(LeaderElection.java:259)
	at org.apache.ratis.server.impl.LeaderElection.askForVotes(LeaderElection.java:197)
	at org.apache.ratis.server.impl.LeaderElection.run(LeaderElection.java:133)
	at java.lang.Thread.run(Thread.java:748)
Caused by: org.apache.ratis.thirdparty.io.grpc.StatusRuntimeException: UNAVAILABLE: io exception
	at org.apache.ratis.thirdparty.io.grpc.stub.ClientCalls.toStatusRuntimeException(ClientCalls.java:233)
	at org.apache.ratis.thirdparty.io.grpc.stub.ClientCalls.getUnchecked(ClientCalls.java:214)
	at org.apache.ratis.thirdparty.io.grpc.stub.ClientCalls.blockingUnaryCall(ClientCalls.java:139)
	at org.apache.ratis.proto.grpc.RaftServerProtocolServiceGrpc$RaftServerProtocolServiceBlockingStub.requestVote(RaftServerProtocolServiceGrpc.java:265)
	at org.apache.ratis.grpc.server.GrpcServerProtocolClient.requestVote(GrpcServerProtocolClient.java:99)
	at org.apache.ratis.grpc.server.GrpcService.requestVote(GrpcService.java:204)
	at org.apache.ratis.server.impl.LeaderElection.lambda$submitRequests$1(LeaderElection.java:234)
	at java.util.concurrent.FutureTask.run(FutureTask.java:266)
	at java.util.concurrent.Executors$RunnableAdapter.call(Executors.java:511)
	at java.util.concurrent.FutureTask.run(FutureTask.java:266)
	at java.util.concurrent.ThreadPoolExecutor.runWorker(ThreadPoolExecutor.java:1149)
	at java.util.concurrent.ThreadPoolExecutor$Worker.run(ThreadPoolExecutor.java:624)
	... 1 more
Caused by: org.apache.ratis.thirdparty.io.netty.channel.AbstractChannel$AnnotatedConnectException: Connection refused: /192.168.157.254:45598
	at sun.nio.ch.SocketChannelImpl.checkConnect(Native Method)
	at sun.nio.ch.SocketChannelImpl.finishConnect(SocketChannelImpl.java:717)
	at org.apache.ratis.thirdparty.io.netty.channel.socket.nio.NioSocketChannel.doFinishConnect(NioSocketChannel.java:327)
	at org.apache.ratis.thirdparty.io.netty.channel.nio.AbstractNioChannel$AbstractNioUnsafe.finishConnect(AbstractNioChannel.java:340)
	at org.apache.ratis.thirdparty.io.netty.channel.nio.NioEventLoop.processSelectedKey(NioEventLoop.java:632)
	at org.apache.ratis.thirdparty.io.netty.channel.nio.NioEventLoop.processSelectedKeysOptimized(NioEventLoop.java:579)
	at org.apache.ratis.thirdparty.io.netty.channel.nio.NioEventLoop.processSelectedKeys(NioEventLoop.java:496)
	at org.apache.ratis.thirdparty.io.netty.channel.nio.NioEventLoop.run(NioEventLoop.java:458)
	at org.apache.ratis.thirdparty.io.netty.util.concurrent.SingleThreadEventExecutor$5.run(SingleThreadEventExecutor.java:897)
	at org.apache.ratis.thirdparty.io.netty.util.concurrent.FastThreadLocalRunnable.run(FastThreadLocalRunnable.java:30)
	... 1 more
Caused by: java.net.ConnectException: Connection refused
	... 11 more
2019-10-22 00:13:28,678 [2fdb3e93-e0d8-400e-8c33-91e2341b50c6@group-F01152B53F91-LeaderElection302] INFO  impl.LeaderElection (LogUtils.java:infoOrTrace(149)) - 2fdb3e93-e0d8-400e-8c33-91e2341b50c6@group-F01152B53F91-LeaderElection302 got exception when requesting votes: {}
java.util.concurrent.ExecutionException: org.apache.ratis.thirdparty.io.grpc.StatusRuntimeException: UNAVAILABLE: io exception
	at java.util.concurrent.FutureTask.report(FutureTask.java:122)
	at java.util.concurrent.FutureTask.get(FutureTask.java:192)
	at org.apache.ratis.server.impl.LeaderElection.waitForResults(LeaderElection.java:259)
	at org.apache.ratis.server.impl.LeaderElection.askForVotes(LeaderElection.java:197)
	at org.apache.ratis.server.impl.LeaderElection.run(LeaderElection.java:133)
	at java.lang.Thread.run(Thread.java:748)
Caused by: org.apache.ratis.thirdparty.io.grpc.StatusRuntimeException: UNAVAILABLE: io exception
	at org.apache.ratis.thirdparty.io.grpc.stub.ClientCalls.toStatusRuntimeException(ClientCalls.java:233)
	at org.apache.ratis.thirdparty.io.grpc.stub.ClientCalls.getUnchecked(ClientCalls.java:214)
	at org.apache.ratis.thirdparty.io.grpc.stub.ClientCalls.blockingUnaryCall(ClientCalls.java:139)
	at org.apache.ratis.proto.grpc.RaftServerProtocolServiceGrpc$RaftServerProtocolServiceBlockingStub.requestVote(RaftServerProtocolServiceGrpc.java:265)
	at org.apache.ratis.grpc.server.GrpcServerProtocolClient.requestVote(GrpcServerProtocolClient.java:99)
	at org.apache.ratis.grpc.server.GrpcService.requestVote(GrpcService.java:204)
	at org.apache.ratis.server.impl.LeaderElection.lambda$submitRequests$1(LeaderElection.java:234)
	at java.util.concurrent.FutureTask.run(FutureTask.java:266)
	at java.util.concurrent.Executors$RunnableAdapter.call(Executors.java:511)
	at java.util.concurrent.FutureTask.run(FutureTask.java:266)
	at java.util.concurrent.ThreadPoolExecutor.runWorker(ThreadPoolExecutor.java:1149)
	at java.util.concurrent.ThreadPoolExecutor$Worker.run(ThreadPoolExecutor.java:624)
	... 1 more
Caused by: org.apache.ratis.thirdparty.io.netty.channel.AbstractChannel$AnnotatedConnectException: Connection refused: /192.168.157.254:36038
	at sun.nio.ch.SocketChannelImpl.checkConnect(Native Method)
	at sun.nio.ch.SocketChannelImpl.finishConnect(SocketChannelImpl.java:717)
	at org.apache.ratis.thirdparty.io.netty.channel.socket.nio.NioSocketChannel.doFinishConnect(NioSocketChannel.java:327)
	at org.apache.ratis.thirdparty.io.netty.channel.nio.AbstractNioChannel$AbstractNioUnsafe.finishConnect(AbstractNioChannel.java:340)
	at org.apache.ratis.thirdparty.io.netty.channel.nio.NioEventLoop.processSelectedKey(NioEventLoop.java:632)
	at org.apache.ratis.thirdparty.io.netty.channel.nio.NioEventLoop.processSelectedKeysOptimized(NioEventLoop.java:579)
	at org.apache.ratis.thirdparty.io.netty.channel.nio.NioEventLoop.processSelectedKeys(NioEventLoop.java:496)
	at org.apache.ratis.thirdparty.io.netty.channel.nio.NioEventLoop.run(NioEventLoop.java:458)
	at org.apache.ratis.thirdparty.io.netty.util.concurrent.SingleThreadEventExecutor$5.run(SingleThreadEventExecutor.java:897)
	at org.apache.ratis.thirdparty.io.netty.util.concurrent.FastThreadLocalRunnable.run(FastThreadLocalRunnable.java:30)
	... 1 more
Caused by: java.net.ConnectException: Connection refused
	... 11 more
2019-10-22 00:13:28,678 [2fdb3e93-e0d8-400e-8c33-91e2341b50c6@group-F01152B53F91-LeaderElection302] INFO  impl.LeaderElection (LeaderElection.java:logAndReturn(56)) - 2fdb3e93-e0d8-400e-8c33-91e2341b50c6@group-F01152B53F91-LeaderElection302: Election REJECTED; received 0 response(s) [] and 2 exception(s); 2fdb3e93-e0d8-400e-8c33-91e2341b50c6@group-F01152B53F91:t297, leader=null, voted=2fdb3e93-e0d8-400e-8c33-91e2341b50c6, raftlog=2fdb3e93-e0d8-400e-8c33-91e2341b50c6@group-F01152B53F91-SegmentedRaftLog:OPENED:c-1,f-1,i0, conf=-1: [2fdb3e93-e0d8-400e-8c33-91e2341b50c6:192.168.157.254:43254, 062c71de-08d9-40ee-9309-15590e2e8e68:192.168.157.254:45598, 2a52019e-5647-44e1-bf30-9a43fd8a7377:192.168.157.254:36038], old=null
2019-10-22 00:13:28,678 [2fdb3e93-e0d8-400e-8c33-91e2341b50c6@group-F01152B53F91-LeaderElection302] INFO  impl.LeaderElection (LogUtils.java:infoOrTrace(149)) -   Exception 0: {}
java.util.concurrent.ExecutionException: org.apache.ratis.thirdparty.io.grpc.StatusRuntimeException: UNAVAILABLE: io exception
	at java.util.concurrent.FutureTask.report(FutureTask.java:122)
	at java.util.concurrent.FutureTask.get(FutureTask.java:192)
	at org.apache.ratis.server.impl.LeaderElection.waitForResults(LeaderElection.java:259)
	at org.apache.ratis.server.impl.LeaderElection.askForVotes(LeaderElection.java:197)
	at org.apache.ratis.server.impl.LeaderElection.run(LeaderElection.java:133)
	at java.lang.Thread.run(Thread.java:748)
Caused by: org.apache.ratis.thirdparty.io.grpc.StatusRuntimeException: UNAVAILABLE: io exception
	at org.apache.ratis.thirdparty.io.grpc.stub.ClientCalls.toStatusRuntimeException(ClientCalls.java:233)
	at org.apache.ratis.thirdparty.io.grpc.stub.ClientCalls.getUnchecked(ClientCalls.java:214)
	at org.apache.ratis.thirdparty.io.grpc.stub.ClientCalls.blockingUnaryCall(ClientCalls.java:139)
	at org.apache.ratis.proto.grpc.RaftServerProtocolServiceGrpc$RaftServerProtocolServiceBlockingStub.requestVote(RaftServerProtocolServiceGrpc.java:265)
	at org.apache.ratis.grpc.server.GrpcServerProtocolClient.requestVote(GrpcServerProtocolClient.java:99)
	at org.apache.ratis.grpc.server.GrpcService.requestVote(GrpcService.java:204)
	at org.apache.ratis.server.impl.LeaderElection.lambda$submitRequests$1(LeaderElection.java:234)
	at java.util.concurrent.FutureTask.run(FutureTask.java:266)
	at java.util.concurrent.Executors$RunnableAdapter.call(Executors.java:511)
	at java.util.concurrent.FutureTask.run(FutureTask.java:266)
	at java.util.concurrent.ThreadPoolExecutor.runWorker(ThreadPoolExecutor.java:1149)
	at java.util.concurrent.ThreadPoolExecutor$Worker.run(ThreadPoolExecutor.java:624)
	... 1 more
Caused by: org.apache.ratis.thirdparty.io.netty.channel.AbstractChannel$AnnotatedConnectException: Connection refused: /192.168.157.254:45598
	at sun.nio.ch.SocketChannelImpl.checkConnect(Native Method)
	at sun.nio.ch.SocketChannelImpl.finishConnect(SocketChannelImpl.java:717)
	at org.apache.ratis.thirdparty.io.netty.channel.socket.nio.NioSocketChannel.doFinishConnect(NioSocketChannel.java:327)
	at org.apache.ratis.thirdparty.io.netty.channel.nio.AbstractNioChannel$AbstractNioUnsafe.finishConnect(AbstractNioChannel.java:340)
	at org.apache.ratis.thirdparty.io.netty.channel.nio.NioEventLoop.processSelectedKey(NioEventLoop.java:632)
	at org.apache.ratis.thirdparty.io.netty.channel.nio.NioEventLoop.processSelectedKeysOptimized(NioEventLoop.java:579)
	at org.apache.ratis.thirdparty.io.netty.channel.nio.NioEventLoop.processSelectedKeys(NioEventLoop.java:496)
	at org.apache.ratis.thirdparty.io.netty.channel.nio.NioEventLoop.run(NioEventLoop.java:458)
	at org.apache.ratis.thirdparty.io.netty.util.concurrent.SingleThreadEventExecutor$5.run(SingleThreadEventExecutor.java:897)
	at org.apache.ratis.thirdparty.io.netty.util.concurrent.FastThreadLocalRunnable.run(FastThreadLocalRunnable.java:30)
	... 1 more
Caused by: java.net.ConnectException: Connection refused
	... 11 more
2019-10-22 00:13:28,679 [2fdb3e93-e0d8-400e-8c33-91e2341b50c6@group-F01152B53F91-LeaderElection302] INFO  impl.LeaderElection (LogUtils.java:infoOrTrace(149)) -   Exception 1: {}
java.util.concurrent.ExecutionException: org.apache.ratis.thirdparty.io.grpc.StatusRuntimeException: UNAVAILABLE: io exception
	at java.util.concurrent.FutureTask.report(FutureTask.java:122)
	at java.util.concurrent.FutureTask.get(FutureTask.java:192)
	at org.apache.ratis.server.impl.LeaderElection.waitForResults(LeaderElection.java:259)
	at org.apache.ratis.server.impl.LeaderElection.askForVotes(LeaderElection.java:197)
	at org.apache.ratis.server.impl.LeaderElection.run(LeaderElection.java:133)
	at java.lang.Thread.run(Thread.java:748)
Caused by: org.apache.ratis.thirdparty.io.grpc.StatusRuntimeException: UNAVAILABLE: io exception
	at org.apache.ratis.thirdparty.io.grpc.stub.ClientCalls.toStatusRuntimeException(ClientCalls.java:233)
	at org.apache.ratis.thirdparty.io.grpc.stub.ClientCalls.getUnchecked(ClientCalls.java:214)
	at org.apache.ratis.thirdparty.io.grpc.stub.ClientCalls.blockingUnaryCall(ClientCalls.java:139)
	at org.apache.ratis.proto.grpc.RaftServerProtocolServiceGrpc$RaftServerProtocolServiceBlockingStub.requestVote(RaftServerProtocolServiceGrpc.java:265)
	at org.apache.ratis.grpc.server.GrpcServerProtocolClient.requestVote(GrpcServerProtocolClient.java:99)
	at org.apache.ratis.grpc.server.GrpcService.requestVote(GrpcService.java:204)
	at org.apache.ratis.server.impl.LeaderElection.lambda$submitRequests$1(LeaderElection.java:234)
	at java.util.concurrent.FutureTask.run(FutureTask.java:266)
	at java.util.concurrent.Executors$RunnableAdapter.call(Executors.java:511)
	at java.util.concurrent.FutureTask.run(FutureTask.java:266)
	at java.util.concurrent.ThreadPoolExecutor.runWorker(ThreadPoolExecutor.java:1149)
	at java.util.concurrent.ThreadPoolExecutor$Worker.run(ThreadPoolExecutor.java:624)
	... 1 more
Caused by: org.apache.ratis.thirdparty.io.netty.channel.AbstractChannel$AnnotatedConnectException: Connection refused: /192.168.157.254:36038
	at sun.nio.ch.SocketChannelImpl.checkConnect(Native Method)
	at sun.nio.ch.SocketChannelImpl.finishConnect(SocketChannelImpl.java:717)
	at org.apache.ratis.thirdparty.io.netty.channel.socket.nio.NioSocketChannel.doFinishConnect(NioSocketChannel.java:327)
	at org.apache.ratis.thirdparty.io.netty.channel.nio.AbstractNioChannel$AbstractNioUnsafe.finishConnect(AbstractNioChannel.java:340)
	at org.apache.ratis.thirdparty.io.netty.channel.nio.NioEventLoop.processSelectedKey(NioEventLoop.java:632)
	at org.apache.ratis.thirdparty.io.netty.channel.nio.NioEventLoop.processSelectedKeysOptimized(NioEventLoop.java:579)
	at org.apache.ratis.thirdparty.io.netty.channel.nio.NioEventLoop.processSelectedKeys(NioEventLoop.java:496)
	at org.apache.ratis.thirdparty.io.netty.channel.nio.NioEventLoop.run(NioEventLoop.java:458)
	at org.apache.ratis.thirdparty.io.netty.util.concurrent.SingleThreadEventExecutor$5.run(SingleThreadEventExecutor.java:897)
	at org.apache.ratis.thirdparty.io.netty.util.concurrent.FastThreadLocalRunnable.run(FastThreadLocalRunnable.java:30)
	... 1 more
Caused by: java.net.ConnectException: Connection refused
	... 11 more
2019-10-22 00:13:28,679 [2fdb3e93-e0d8-400e-8c33-91e2341b50c6@group-F01152B53F91-LeaderElection302] INFO  impl.RaftServerImpl (RaftServerImpl.java:setRole(184)) - 2fdb3e93-e0d8-400e-8c33-91e2341b50c6@group-F01152B53F91: changes role from CANDIDATE to FOLLOWER at term 297 for DISCOVERED_A_NEW_TERM
2019-10-22 00:13:28,679 [2fdb3e93-e0d8-400e-8c33-91e2341b50c6@group-F01152B53F91-LeaderElection302] INFO  impl.RoleInfo (RoleInfo.java:shutdownLeaderElection(134)) - 2fdb3e93-e0d8-400e-8c33-91e2341b50c6: shutdown LeaderElection
2019-10-22 00:13:28,679 [2fdb3e93-e0d8-400e-8c33-91e2341b50c6@group-F01152B53F91-LeaderElection302] INFO  impl.RoleInfo (RoleInfo.java:updateAndGet(143)) - 2fdb3e93-e0d8-400e-8c33-91e2341b50c6: start FollowerState
2019-10-22 00:13:28,773 [Thread-2253] INFO  impl.FollowerState (FollowerState.java:run(108)) - 2fdb3e93-e0d8-400e-8c33-91e2341b50c6@group-F01152B53F91-FollowerState: change to CANDIDATE, lastRpcTime:93ms, electionTimeout:93ms
2019-10-22 00:13:28,773 [Thread-2253] INFO  impl.RoleInfo (RoleInfo.java:shutdownFollowerState(121)) - 2fdb3e93-e0d8-400e-8c33-91e2341b50c6: shutdown FollowerState
2019-10-22 00:13:28,773 [Thread-2253] INFO  impl.RaftServerImpl (RaftServerImpl.java:setRole(184)) - 2fdb3e93-e0d8-400e-8c33-91e2341b50c6@group-F01152B53F91: changes role from  FOLLOWER to CANDIDATE at term 297 for changeToCandidate
2019-10-22 00:13:28,773 [Thread-2253] INFO  impl.RoleInfo (RoleInfo.java:updateAndGet(143)) - 2fdb3e93-e0d8-400e-8c33-91e2341b50c6: start LeaderElection
2019-10-22 00:13:28,796 [main] INFO  ozoneimpl.OzoneContainer (OzoneContainer.java:stop(227)) - Attempting to stop container services.
2019-10-22 00:13:28,797 [main] INFO  impl.RaftServerProxy (RaftServerProxy.java:lambda$close$4(314)) - f318eb4e-a4da-4d18-984a-fa4eff1dbce1: close
2019-10-22 00:13:28,798 [main] INFO  impl.RaftServerImpl (RaftServerImpl.java:lambda$shutdown$3(261)) - f318eb4e-a4da-4d18-984a-fa4eff1dbce1@group-597AF0FA787F: shutdown
2019-10-22 00:13:28,799 [main] INFO  util.JmxRegister (JmxRegister.java:unregister(73)) - Successfully un-registered JMX Bean with object name Ratis:service=RaftServer,group=group-597AF0FA787F,id=f318eb4e-a4da-4d18-984a-fa4eff1dbce1
2019-10-22 00:13:28,799 [main] INFO  impl.RoleInfo (RoleInfo.java:shutdownFollowerState(121)) - f318eb4e-a4da-4d18-984a-fa4eff1dbce1: shutdown FollowerState
2019-10-22 00:13:28,799 [main] INFO  impl.StateMachineUpdater (StateMachineUpdater.java:stopAndJoin(136)) - f318eb4e-a4da-4d18-984a-fa4eff1dbce1@group-597AF0FA787F-StateMachineUpdater: set stopIndex = 21
2019-10-22 00:13:28,800 [f318eb4e-a4da-4d18-984a-fa4eff1dbce1@group-597AF0FA787F-StateMachineUpdater] INFO  ratis.ContainerStateMachine (ContainerStateMachine.java:takeSnapshot(294)) - group-597AF0FA787F: Taking a snapshot at:(t:5, i:17) file /workdir/hadoop-ozone/integration-test/target/test-dir/MiniOzoneClusterImpl-8b64dd99-cfc4-48e3-b5ea-61cd2ec80401/datanode-7/data/ratis/2f946d77-7a03-43ca-aa29-597af0fa787f/sm/snapshot.5_17
2019-10-22 00:13:28,799 [Thread-2241] INFO  impl.FollowerState (FollowerState.java:run(117)) - f318eb4e-a4da-4d18-984a-fa4eff1dbce1@group-597AF0FA787F-FollowerState was interrupted: java.lang.InterruptedException: sleep interrupted
2019-10-22 00:13:28,850 [2fdb3e93-e0d8-400e-8c33-91e2341b50c6@group-F01152B53F91-LeaderElection303] INFO  impl.LeaderElection (LeaderElection.java:askForVotes(178)) - 2fdb3e93-e0d8-400e-8c33-91e2341b50c6@group-F01152B53F91-LeaderElection303: begin an election at term 298 for -1: [2fdb3e93-e0d8-400e-8c33-91e2341b50c6:192.168.157.254:43254, 062c71de-08d9-40ee-9309-15590e2e8e68:192.168.157.254:45598, 2a52019e-5647-44e1-bf30-9a43fd8a7377:192.168.157.254:36038], old=null
2019-10-22 00:13:28,850 [f318eb4e-a4da-4d18-984a-fa4eff1dbce1@group-597AF0FA787F-StateMachineUpdater] INFO  ratis.ContainerStateMachine (ContainerStateMachine.java:takeSnapshot(305)) - group-597AF0FA787F: Finished taking a snapshot at:(t:5, i:17) file:/workdir/hadoop-ozone/integration-test/target/test-dir/MiniOzoneClusterImpl-8b64dd99-cfc4-48e3-b5ea-61cd2ec80401/datanode-7/data/ratis/2f946d77-7a03-43ca-aa29-597af0fa787f/sm/snapshot.5_17 time:51
2019-10-22 00:13:28,851 [f318eb4e-a4da-4d18-984a-fa4eff1dbce1@group-597AF0FA787F-StateMachineUpdater] INFO  impl.StateMachineUpdater (StateMachineUpdater.java:takeSnapshot(269)) - f318eb4e-a4da-4d18-984a-fa4eff1dbce1@group-597AF0FA787F-StateMachineUpdater: Took a snapshot at index 17
2019-10-22 00:13:28,851 [2fdb3e93-e0d8-400e-8c33-91e2341b50c6@group-F01152B53F91-LeaderElection303] INFO  impl.LeaderElection (LogUtils.java:infoOrTrace(149)) - 2fdb3e93-e0d8-400e-8c33-91e2341b50c6@group-F01152B53F91-LeaderElection303 got exception when requesting votes: {}
java.util.concurrent.ExecutionException: org.apache.ratis.thirdparty.io.grpc.StatusRuntimeException: UNAVAILABLE: io exception
	at java.util.concurrent.FutureTask.report(FutureTask.java:122)
	at java.util.concurrent.FutureTask.get(FutureTask.java:192)
	at org.apache.ratis.server.impl.LeaderElection.waitForResults(LeaderElection.java:259)
	at org.apache.ratis.server.impl.LeaderElection.askForVotes(LeaderElection.java:197)
	at org.apache.ratis.server.impl.LeaderElection.run(LeaderElection.java:133)
	at java.lang.Thread.run(Thread.java:748)
Caused by: org.apache.ratis.thirdparty.io.grpc.StatusRuntimeException: UNAVAILABLE: io exception
	at org.apache.ratis.thirdparty.io.grpc.stub.ClientCalls.toStatusRuntimeException(ClientCalls.java:233)
	at org.apache.ratis.thirdparty.io.grpc.stub.ClientCalls.getUnchecked(ClientCalls.java:214)
	at org.apache.ratis.thirdparty.io.grpc.stub.ClientCalls.blockingUnaryCall(ClientCalls.java:139)
	at org.apache.ratis.proto.grpc.RaftServerProtocolServiceGrpc$RaftServerProtocolServiceBlockingStub.requestVote(RaftServerProtocolServiceGrpc.java:265)
	at org.apache.ratis.grpc.server.GrpcServerProtocolClient.requestVote(GrpcServerProtocolClient.java:99)
	at org.apache.ratis.grpc.server.GrpcService.requestVote(GrpcService.java:204)
	at org.apache.ratis.server.impl.LeaderElection.lambda$submitRequests$1(LeaderElection.java:234)
	at java.util.concurrent.FutureTask.run(FutureTask.java:266)
	at java.util.concurrent.Executors$RunnableAdapter.call(Executors.java:511)
	at java.util.concurrent.FutureTask.run(FutureTask.java:266)
	at java.util.concurrent.ThreadPoolExecutor.runWorker(ThreadPoolExecutor.java:1149)
	at java.util.concurrent.ThreadPoolExecutor$Worker.run(ThreadPoolExecutor.java:624)
	... 1 more
Caused by: org.apache.ratis.thirdparty.io.netty.channel.AbstractChannel$AnnotatedConnectException: Connection refused: /192.168.157.254:45598
	at sun.nio.ch.SocketChannelImpl.checkConnect(Native Method)
	at sun.nio.ch.SocketChannelImpl.finishConnect(SocketChannelImpl.java:717)
	at org.apache.ratis.thirdparty.io.netty.channel.socket.nio.NioSocketChannel.doFinishConnect(NioSocketChannel.java:327)
	at org.apache.ratis.thirdparty.io.netty.channel.nio.AbstractNioChannel$AbstractNioUnsafe.finishConnect(AbstractNioChannel.java:340)
	at org.apache.ratis.thirdparty.io.netty.channel.nio.NioEventLoop.processSelectedKey(NioEventLoop.java:632)
	at org.apache.ratis.thirdparty.io.netty.channel.nio.NioEventLoop.processSelectedKeysOptimized(NioEventLoop.java:579)
	at org.apache.ratis.thirdparty.io.netty.channel.nio.NioEventLoop.processSelectedKeys(NioEventLoop.java:496)
	at org.apache.ratis.thirdparty.io.netty.channel.nio.NioEventLoop.run(NioEventLoop.java:458)
	at org.apache.ratis.thirdparty.io.netty.util.concurrent.SingleThreadEventExecutor$5.run(SingleThreadEventExecutor.java:897)
	at org.apache.ratis.thirdparty.io.netty.util.concurrent.FastThreadLocalRunnable.run(FastThreadLocalRunnable.java:30)
	... 1 more
Caused by: java.net.ConnectException: Connection refused
	... 11 more
2019-10-22 00:13:28,851 [f318eb4e-a4da-4d18-984a-fa4eff1dbce1@group-597AF0FA787F-StateMachineUpdater] INFO  impl.StateMachineUpdater (StateMachineUpdater.java:lambda$new$0(84)) - f318eb4e-a4da-4d18-984a-fa4eff1dbce1@group-597AF0FA787F-StateMachineUpdater: snapshotIndex: updateIncreasingly -1 -> 17
2019-10-22 00:13:28,851 [2fdb3e93-e0d8-400e-8c33-91e2341b50c6@group-F01152B53F91-LeaderElection303] INFO  impl.LeaderElection (LogUtils.java:infoOrTrace(149)) - 2fdb3e93-e0d8-400e-8c33-91e2341b50c6@group-F01152B53F91-LeaderElection303 got exception when requesting votes: {}
java.util.concurrent.ExecutionException: org.apache.ratis.thirdparty.io.grpc.StatusRuntimeException: UNAVAILABLE: io exception
	at java.util.concurrent.FutureTask.report(FutureTask.java:122)
	at java.util.concurrent.FutureTask.get(FutureTask.java:192)
	at org.apache.ratis.server.impl.LeaderElection.waitForResults(LeaderElection.java:259)
	at org.apache.ratis.server.impl.LeaderElection.askForVotes(LeaderElection.java:197)
	at org.apache.ratis.server.impl.LeaderElection.run(LeaderElection.java:133)
	at java.lang.Thread.run(Thread.java:748)
Caused by: org.apache.ratis.thirdparty.io.grpc.StatusRuntimeException: UNAVAILABLE: io exception
	at org.apache.ratis.thirdparty.io.grpc.stub.ClientCalls.toStatusRuntimeException(ClientCalls.java:233)
	at org.apache.ratis.thirdparty.io.grpc.stub.ClientCalls.getUnchecked(ClientCalls.java:214)
	at org.apache.ratis.thirdparty.io.grpc.stub.ClientCalls.blockingUnaryCall(ClientCalls.java:139)
	at org.apache.ratis.proto.grpc.RaftServerProtocolServiceGrpc$RaftServerProtocolServiceBlockingStub.requestVote(RaftServerProtocolServiceGrpc.java:265)
	at org.apache.ratis.grpc.server.GrpcServerProtocolClient.requestVote(GrpcServerProtocolClient.java:99)
	at org.apache.ratis.grpc.server.GrpcService.requestVote(GrpcService.java:204)
	at org.apache.ratis.server.impl.LeaderElection.lambda$submitRequests$1(LeaderElection.java:234)
	at java.util.concurrent.FutureTask.run(FutureTask.java:266)
	at java.util.concurrent.Executors$RunnableAdapter.call(Executors.java:511)
	at java.util.concurrent.FutureTask.run(FutureTask.java:266)
	at java.util.concurrent.ThreadPoolExecutor.runWorker(ThreadPoolExecutor.java:1149)
	at java.util.concurrent.ThreadPoolExecutor$Worker.run(ThreadPoolExecutor.java:624)
	... 1 more
Caused by: org.apache.ratis.thirdparty.io.netty.channel.AbstractChannel$AnnotatedConnectException: Connection refused: /192.168.157.254:36038
	at sun.nio.ch.SocketChannelImpl.checkConnect(Native Method)
	at sun.nio.ch.SocketChannelImpl.finishConnect(SocketChannelImpl.java:717)
	at org.apache.ratis.thirdparty.io.netty.channel.socket.nio.NioSocketChannel.doFinishConnect(NioSocketChannel.java:327)
	at org.apache.ratis.thirdparty.io.netty.channel.nio.AbstractNioChannel$AbstractNioUnsafe.finishConnect(AbstractNioChannel.java:340)
	at org.apache.ratis.thirdparty.io.netty.channel.nio.NioEventLoop.processSelectedKey(NioEventLoop.java:632)
	at org.apache.ratis.thirdparty.io.netty.channel.nio.NioEventLoop.processSelectedKeysOptimized(NioEventLoop.java:579)
	at org.apache.ratis.thirdparty.io.netty.channel.nio.NioEventLoop.processSelectedKeys(NioEventLoop.java:496)
	at org.apache.ratis.thirdparty.io.netty.channel.nio.NioEventLoop.run(NioEventLoop.java:458)
	at org.apache.ratis.thirdparty.io.netty.util.concurrent.SingleThreadEventExecutor$5.run(SingleThreadEventExecutor.java:897)
	at org.apache.ratis.thirdparty.io.netty.util.concurrent.FastThreadLocalRunnable.run(FastThreadLocalRunnable.java:30)
	... 1 more
Caused by: java.net.ConnectException: Connection refused
	... 11 more
2019-10-22 00:13:28,852 [f318eb4e-a4da-4d18-984a-fa4eff1dbce1@group-597AF0FA787F-StateMachineUpdater] INFO  ratis.ContainerStateMachine (ContainerStateMachine.java:takeSnapshot(294)) - group-597AF0FA787F: Taking a snapshot at:(t:5, i:17) file /workdir/hadoop-ozone/integration-test/target/test-dir/MiniOzoneClusterImpl-8b64dd99-cfc4-48e3-b5ea-61cd2ec80401/datanode-7/data/ratis/2f946d77-7a03-43ca-aa29-597af0fa787f/sm/snapshot.5_17
2019-10-22 00:13:28,852 [2fdb3e93-e0d8-400e-8c33-91e2341b50c6@group-F01152B53F91-LeaderElection303] INFO  impl.LeaderElection (LeaderElection.java:logAndReturn(56)) - 2fdb3e93-e0d8-400e-8c33-91e2341b50c6@group-F01152B53F91-LeaderElection303: Election REJECTED; received 0 response(s) [] and 2 exception(s); 2fdb3e93-e0d8-400e-8c33-91e2341b50c6@group-F01152B53F91:t298, leader=null, voted=2fdb3e93-e0d8-400e-8c33-91e2341b50c6, raftlog=2fdb3e93-e0d8-400e-8c33-91e2341b50c6@group-F01152B53F91-SegmentedRaftLog:OPENED:c-1,f-1,i0, conf=-1: [2fdb3e93-e0d8-400e-8c33-91e2341b50c6:192.168.157.254:43254, 062c71de-08d9-40ee-9309-15590e2e8e68:192.168.157.254:45598, 2a52019e-5647-44e1-bf30-9a43fd8a7377:192.168.157.254:36038], old=null
2019-10-22 00:13:28,852 [2fdb3e93-e0d8-400e-8c33-91e2341b50c6@group-F01152B53F91-LeaderElection303] INFO  impl.LeaderElection (LogUtils.java:infoOrTrace(149)) -   Exception 0: {}
java.util.concurrent.ExecutionException: org.apache.ratis.thirdparty.io.grpc.StatusRuntimeException: UNAVAILABLE: io exception
	at java.util.concurrent.FutureTask.report(FutureTask.java:122)
	at java.util.concurrent.FutureTask.get(FutureTask.java:192)
	at org.apache.ratis.server.impl.LeaderElection.waitForResults(LeaderElection.java:259)
	at org.apache.ratis.server.impl.LeaderElection.askForVotes(LeaderElection.java:197)
	at org.apache.ratis.server.impl.LeaderElection.run(LeaderElection.java:133)
	at java.lang.Thread.run(Thread.java:748)
Caused by: org.apache.ratis.thirdparty.io.grpc.StatusRuntimeException: UNAVAILABLE: io exception
	at org.apache.ratis.thirdparty.io.grpc.stub.ClientCalls.toStatusRuntimeException(ClientCalls.java:233)
	at org.apache.ratis.thirdparty.io.grpc.stub.ClientCalls.getUnchecked(ClientCalls.java:214)
	at org.apache.ratis.thirdparty.io.grpc.stub.ClientCalls.blockingUnaryCall(ClientCalls.java:139)
	at org.apache.ratis.proto.grpc.RaftServerProtocolServiceGrpc$RaftServerProtocolServiceBlockingStub.requestVote(RaftServerProtocolServiceGrpc.java:265)
	at org.apache.ratis.grpc.server.GrpcServerProtocolClient.requestVote(GrpcServerProtocolClient.java:99)
	at org.apache.ratis.grpc.server.GrpcService.requestVote(GrpcService.java:204)
	at org.apache.ratis.server.impl.LeaderElection.lambda$submitRequests$1(LeaderElection.java:234)
	at java.util.concurrent.FutureTask.run(FutureTask.java:266)
	at java.util.concurrent.Executors$RunnableAdapter.call(Executors.java:511)
	at java.util.concurrent.FutureTask.run(FutureTask.java:266)
	at java.util.concurrent.ThreadPoolExecutor.runWorker(ThreadPoolExecutor.java:1149)
	at java.util.concurrent.ThreadPoolExecutor$Worker.run(ThreadPoolExecutor.java:624)
	... 1 more
Caused by: org.apache.ratis.thirdparty.io.netty.channel.AbstractChannel$AnnotatedConnectException: Connection refused: /192.168.157.254:45598
	at sun.nio.ch.SocketChannelImpl.checkConnect(Native Method)
	at sun.nio.ch.SocketChannelImpl.finishConnect(SocketChannelImpl.java:717)
	at org.apache.ratis.thirdparty.io.netty.channel.socket.nio.NioSocketChannel.doFinishConnect(NioSocketChannel.java:327)
	at org.apache.ratis.thirdparty.io.netty.channel.nio.AbstractNioChannel$AbstractNioUnsafe.finishConnect(AbstractNioChannel.java:340)
	at org.apache.ratis.thirdparty.io.netty.channel.nio.NioEventLoop.processSelectedKey(NioEventLoop.java:632)
	at org.apache.ratis.thirdparty.io.netty.channel.nio.NioEventLoop.processSelectedKeysOptimized(NioEventLoop.java:579)
	at org.apache.ratis.thirdparty.io.netty.channel.nio.NioEventLoop.processSelectedKeys(NioEventLoop.java:496)
	at org.apache.ratis.thirdparty.io.netty.channel.nio.NioEventLoop.run(NioEventLoop.java:458)
	at org.apache.ratis.thirdparty.io.netty.util.concurrent.SingleThreadEventExecutor$5.run(SingleThreadEventExecutor.java:897)
	at org.apache.ratis.thirdparty.io.netty.util.concurrent.FastThreadLocalRunnable.run(FastThreadLocalRunnable.java:30)
	... 1 more
Caused by: java.net.ConnectException: Connection refused
	... 11 more
2019-10-22 00:13:28,853 [2fdb3e93-e0d8-400e-8c33-91e2341b50c6@group-F01152B53F91-LeaderElection303] INFO  impl.LeaderElection (LogUtils.java:infoOrTrace(149)) -   Exception 1: {}
java.util.concurrent.ExecutionException: org.apache.ratis.thirdparty.io.grpc.StatusRuntimeException: UNAVAILABLE: io exception
	at java.util.concurrent.FutureTask.report(FutureTask.java:122)
	at java.util.concurrent.FutureTask.get(FutureTask.java:192)
	at org.apache.ratis.server.impl.LeaderElection.waitForResults(LeaderElection.java:259)
	at org.apache.ratis.server.impl.LeaderElection.askForVotes(LeaderElection.java:197)
	at org.apache.ratis.server.impl.LeaderElection.run(LeaderElection.java:133)
	at java.lang.Thread.run(Thread.java:748)
Caused by: org.apache.ratis.thirdparty.io.grpc.StatusRuntimeException: UNAVAILABLE: io exception
	at org.apache.ratis.thirdparty.io.grpc.stub.ClientCalls.toStatusRuntimeException(ClientCalls.java:233)
	at org.apache.ratis.thirdparty.io.grpc.stub.ClientCalls.getUnchecked(ClientCalls.java:214)
	at org.apache.ratis.thirdparty.io.grpc.stub.ClientCalls.blockingUnaryCall(ClientCalls.java:139)
	at org.apache.ratis.proto.grpc.RaftServerProtocolServiceGrpc$RaftServerProtocolServiceBlockingStub.requestVote(RaftServerProtocolServiceGrpc.java:265)
	at org.apache.ratis.grpc.server.GrpcServerProtocolClient.requestVote(GrpcServerProtocolClient.java:99)
	at org.apache.ratis.grpc.server.GrpcService.requestVote(GrpcService.java:204)
	at org.apache.ratis.server.impl.LeaderElection.lambda$submitRequests$1(LeaderElection.java:234)
	at java.util.concurrent.FutureTask.run(FutureTask.java:266)
	at java.util.concurrent.Executors$RunnableAdapter.call(Executors.java:511)
	at java.util.concurrent.FutureTask.run(FutureTask.java:266)
	at java.util.concurrent.ThreadPoolExecutor.runWorker(ThreadPoolExecutor.java:1149)
	at java.util.concurrent.ThreadPoolExecutor$Worker.run(ThreadPoolExecutor.java:624)
	... 1 more
Caused by: org.apache.ratis.thirdparty.io.netty.channel.AbstractChannel$AnnotatedConnectException: Connection refused: /192.168.157.254:36038
	at sun.nio.ch.SocketChannelImpl.checkConnect(Native Method)
	at sun.nio.ch.SocketChannelImpl.finishConnect(SocketChannelImpl.java:717)
	at org.apache.ratis.thirdparty.io.netty.channel.socket.nio.NioSocketChannel.doFinishConnect(NioSocketChannel.java:327)
	at org.apache.ratis.thirdparty.io.netty.channel.nio.AbstractNioChannel$AbstractNioUnsafe.finishConnect(AbstractNioChannel.java:340)
	at org.apache.ratis.thirdparty.io.netty.channel.nio.NioEventLoop.processSelectedKey(NioEventLoop.java:632)
	at org.apache.ratis.thirdparty.io.netty.channel.nio.NioEventLoop.processSelectedKeysOptimized(NioEventLoop.java:579)
	at org.apache.ratis.thirdparty.io.netty.channel.nio.NioEventLoop.processSelectedKeys(NioEventLoop.java:496)
	at org.apache.ratis.thirdparty.io.netty.channel.nio.NioEventLoop.run(NioEventLoop.java:458)
	at org.apache.ratis.thirdparty.io.netty.util.concurrent.SingleThreadEventExecutor$5.run(SingleThreadEventExecutor.java:897)
	at org.apache.ratis.thirdparty.io.netty.util.concurrent.FastThreadLocalRunnable.run(FastThreadLocalRunnable.java:30)
	... 1 more
Caused by: java.net.ConnectException: Connection refused
	... 11 more
2019-10-22 00:13:28,853 [2fdb3e93-e0d8-400e-8c33-91e2341b50c6@group-F01152B53F91-LeaderElection303] INFO  impl.RaftServerImpl (RaftServerImpl.java:setRole(184)) - 2fdb3e93-e0d8-400e-8c33-91e2341b50c6@group-F01152B53F91: changes role from CANDIDATE to FOLLOWER at term 298 for DISCOVERED_A_NEW_TERM
2019-10-22 00:13:28,853 [2fdb3e93-e0d8-400e-8c33-91e2341b50c6@group-F01152B53F91-LeaderElection303] INFO  impl.RoleInfo (RoleInfo.java:shutdownLeaderElection(134)) - 2fdb3e93-e0d8-400e-8c33-91e2341b50c6: shutdown LeaderElection
2019-10-22 00:13:28,853 [2fdb3e93-e0d8-400e-8c33-91e2341b50c6@group-F01152B53F91-LeaderElection303] INFO  impl.RoleInfo (RoleInfo.java:updateAndGet(143)) - 2fdb3e93-e0d8-400e-8c33-91e2341b50c6: start FollowerState
2019-10-22 00:13:28,866 [f318eb4e-a4da-4d18-984a-fa4eff1dbce1@group-597AF0FA787F-StateMachineUpdater] INFO  ratis.ContainerStateMachine (ContainerStateMachine.java:takeSnapshot(305)) - group-597AF0FA787F: Finished taking a snapshot at:(t:5, i:17) file:/workdir/hadoop-ozone/integration-test/target/test-dir/MiniOzoneClusterImpl-8b64dd99-cfc4-48e3-b5ea-61cd2ec80401/datanode-7/data/ratis/2f946d77-7a03-43ca-aa29-597af0fa787f/sm/snapshot.5_17 time:14
2019-10-22 00:13:28,866 [f318eb4e-a4da-4d18-984a-fa4eff1dbce1@group-597AF0FA787F-StateMachineUpdater] INFO  impl.StateMachineUpdater (StateMachineUpdater.java:takeSnapshot(269)) - f318eb4e-a4da-4d18-984a-fa4eff1dbce1@group-597AF0FA787F-StateMachineUpdater: Took a snapshot at index 17
2019-10-22 00:13:28,866 [f318eb4e-a4da-4d18-984a-fa4eff1dbce1@group-597AF0FA787F-StateMachineUpdater] INFO  impl.StateMachineUpdater (StateMachineUpdater.java:lambda$new$0(84)) - f318eb4e-a4da-4d18-984a-fa4eff1dbce1@group-597AF0FA787F-StateMachineUpdater: snapshotIndex: updateIncreasingly 17 -> 17
2019-10-22 00:13:28,867 [main] INFO  impl.RaftServerImpl (ServerState.java:close(388)) - f318eb4e-a4da-4d18-984a-fa4eff1dbce1@group-597AF0FA787F: closes. applyIndex: 21
2019-10-22 00:13:28,867 [f318eb4e-a4da-4d18-984a-fa4eff1dbce1@group-597AF0FA787F-SegmentedRaftLogWorker] INFO  segmented.SegmentedRaftLogWorker (SegmentedRaftLogWorker.java:run(316)) - f318eb4e-a4da-4d18-984a-fa4eff1dbce1@group-597AF0FA787F-SegmentedRaftLogWorker was interrupted, exiting. There are 0 tasks remaining in the queue.
2019-10-22 00:13:28,868 [main] INFO  segmented.SegmentedRaftLogWorker (SegmentedRaftLogWorker.java:close(224)) - f318eb4e-a4da-4d18-984a-fa4eff1dbce1@group-597AF0FA787F-SegmentedRaftLogWorker close()
2019-10-22 00:13:28,869 [main] INFO  impl.RaftServerImpl (RaftServerImpl.java:lambda$shutdown$3(261)) - f318eb4e-a4da-4d18-984a-fa4eff1dbce1@group-9807AFE276B3: shutdown
2019-10-22 00:13:28,869 [main] INFO  util.JmxRegister (JmxRegister.java:unregister(73)) - Successfully un-registered JMX Bean with object name Ratis:service=RaftServer,group=group-9807AFE276B3,id=f318eb4e-a4da-4d18-984a-fa4eff1dbce1
2019-10-22 00:13:28,870 [main] INFO  impl.RoleInfo (RoleInfo.java:shutdownLeaderState(104)) - f318eb4e-a4da-4d18-984a-fa4eff1dbce1: shutdown LeaderState
2019-10-22 00:13:28,870 [main] INFO  impl.PendingRequests (PendingRequests.java:sendNotLeaderResponses(202)) - f318eb4e-a4da-4d18-984a-fa4eff1dbce1@group-9807AFE276B3-PendingRequests: sendNotLeaderResponses
2019-10-22 00:13:28,870 [main] INFO  impl.StateMachineUpdater (StateMachineUpdater.java:stopAndJoin(136)) - f318eb4e-a4da-4d18-984a-fa4eff1dbce1@group-9807AFE276B3-StateMachineUpdater: set stopIndex = 0
2019-10-22 00:13:28,870 [main] INFO  impl.RaftServerImpl (ServerState.java:close(388)) - f318eb4e-a4da-4d18-984a-fa4eff1dbce1@group-9807AFE276B3: closes. applyIndex: 0
2019-10-22 00:13:28,871 [f318eb4e-a4da-4d18-984a-fa4eff1dbce1@group-9807AFE276B3-SegmentedRaftLogWorker] INFO  segmented.SegmentedRaftLogWorker (SegmentedRaftLogWorker.java:run(316)) - f318eb4e-a4da-4d18-984a-fa4eff1dbce1@group-9807AFE276B3-SegmentedRaftLogWorker was interrupted, exiting. There are 0 tasks remaining in the queue.
2019-10-22 00:13:28,871 [main] INFO  segmented.SegmentedRaftLogWorker (SegmentedRaftLogWorker.java:close(224)) - f318eb4e-a4da-4d18-984a-fa4eff1dbce1@group-9807AFE276B3-SegmentedRaftLogWorker close()
2019-10-22 00:13:28,872 [main] INFO  server.GrpcService (GrpcService.java:closeImpl(164)) - f318eb4e-a4da-4d18-984a-fa4eff1dbce1: shutdown server with port 43586 now
2019-10-22 00:13:28,874 [main] INFO  server.GrpcService (GrpcService.java:closeImpl(172)) - f318eb4e-a4da-4d18-984a-fa4eff1dbce1: shutdown server with port 43586 successfully
2019-10-22 00:13:28,874 [ForkJoinPool.commonPool-worker-0] INFO  ozoneimpl.OzoneContainer (OzoneContainer.java:stop(227)) - Attempting to stop container services.
2019-10-22 00:13:28,875 [ForkJoinPool.commonPool-worker-0] INFO  impl.RaftServerProxy (RaftServerProxy.java:lambda$close$4(314)) - 2fdb3e93-e0d8-400e-8c33-91e2341b50c6: close
2019-10-22 00:13:28,876 [ForkJoinPool.commonPool-worker-0] INFO  impl.RaftServerImpl (RaftServerImpl.java:lambda$shutdown$3(261)) - 2fdb3e93-e0d8-400e-8c33-91e2341b50c6@group-BA694374C31D: shutdown
2019-10-22 00:13:28,876 [ForkJoinPool.commonPool-worker-0] INFO  util.JmxRegister (JmxRegister.java:unregister(73)) - Successfully un-registered JMX Bean with object name Ratis:service=RaftServer,group=group-BA694374C31D,id=2fdb3e93-e0d8-400e-8c33-91e2341b50c6
2019-10-22 00:13:28,876 [ForkJoinPool.commonPool-worker-0] INFO  impl.RoleInfo (RoleInfo.java:shutdownLeaderState(104)) - 2fdb3e93-e0d8-400e-8c33-91e2341b50c6: shutdown LeaderState
2019-10-22 00:13:28,876 [refreshUsed-/workdir/hadoop-ozone/integration-test/target/test-dir/MiniOzoneClusterImpl-8b64dd99-cfc4-48e3-b5ea-61cd2ec80401/datanode-7/data/containers] WARN  fs.CachingGetSpaceUsed (CachingGetSpaceUsed.java:run(183)) - Thread Interrupted waiting to refresh disk information: sleep interrupted
2019-10-22 00:13:28,876 [ForkJoinPool.commonPool-worker-0] INFO  impl.PendingRequests (PendingRequests.java:sendNotLeaderResponses(202)) - 2fdb3e93-e0d8-400e-8c33-91e2341b50c6@group-BA694374C31D-PendingRequests: sendNotLeaderResponses
2019-10-22 00:13:28,877 [ForkJoinPool.commonPool-worker-0] INFO  impl.StateMachineUpdater (StateMachineUpdater.java:stopAndJoin(136)) - 2fdb3e93-e0d8-400e-8c33-91e2341b50c6@group-BA694374C31D-StateMachineUpdater: set stopIndex = 0
2019-10-22 00:13:28,877 [ForkJoinPool.commonPool-worker-0] INFO  impl.RaftServerImpl (ServerState.java:close(388)) - 2fdb3e93-e0d8-400e-8c33-91e2341b50c6@group-BA694374C31D: closes. applyIndex: 0
2019-10-22 00:13:28,878 [2fdb3e93-e0d8-400e-8c33-91e2341b50c6@group-BA694374C31D-SegmentedRaftLogWorker] INFO  segmented.SegmentedRaftLogWorker (SegmentedRaftLogWorker.java:run(316)) - 2fdb3e93-e0d8-400e-8c33-91e2341b50c6@group-BA694374C31D-SegmentedRaftLogWorker was interrupted, exiting. There are 0 tasks remaining in the queue.
2019-10-22 00:13:28,878 [ForkJoinPool.commonPool-worker-0] INFO  segmented.SegmentedRaftLogWorker (SegmentedRaftLogWorker.java:close(224)) - 2fdb3e93-e0d8-400e-8c33-91e2341b50c6@group-BA694374C31D-SegmentedRaftLogWorker close()
2019-10-22 00:13:28,879 [ForkJoinPool.commonPool-worker-0] INFO  impl.RaftServerImpl (RaftServerImpl.java:lambda$shutdown$3(261)) - 2fdb3e93-e0d8-400e-8c33-91e2341b50c6@group-F01152B53F91: shutdown
2019-10-22 00:13:28,880 [ForkJoinPool.commonPool-worker-0] INFO  util.JmxRegister (JmxRegister.java:unregister(73)) - Successfully un-registered JMX Bean with object name Ratis:service=RaftServer,group=group-F01152B53F91,id=2fdb3e93-e0d8-400e-8c33-91e2341b50c6
2019-10-22 00:13:28,880 [ForkJoinPool.commonPool-worker-0] INFO  impl.RoleInfo (RoleInfo.java:shutdownFollowerState(121)) - 2fdb3e93-e0d8-400e-8c33-91e2341b50c6: shutdown FollowerState
2019-10-22 00:13:28,880 [ForkJoinPool.commonPool-worker-0] INFO  impl.StateMachineUpdater (StateMachineUpdater.java:stopAndJoin(136)) - 2fdb3e93-e0d8-400e-8c33-91e2341b50c6@group-F01152B53F91-StateMachineUpdater: set stopIndex = -1
2019-10-22 00:13:28,880 [Thread-2257] INFO  impl.FollowerState (FollowerState.java:run(117)) - 2fdb3e93-e0d8-400e-8c33-91e2341b50c6@group-F01152B53F91-FollowerState was interrupted: java.lang.InterruptedException: sleep interrupted
2019-10-22 00:13:28,880 [ForkJoinPool.commonPool-worker-0] INFO  impl.RaftServerImpl (ServerState.java:close(388)) - 2fdb3e93-e0d8-400e-8c33-91e2341b50c6@group-F01152B53F91: closes. applyIndex: -1
2019-10-22 00:13:28,881 [2fdb3e93-e0d8-400e-8c33-91e2341b50c6@group-F01152B53F91-SegmentedRaftLogWorker] INFO  segmented.SegmentedRaftLogWorker (SegmentedRaftLogWorker.java:run(316)) - 2fdb3e93-e0d8-400e-8c33-91e2341b50c6@group-F01152B53F91-SegmentedRaftLogWorker was interrupted, exiting. There are 0 tasks remaining in the queue.
2019-10-22 00:13:28,881 [ForkJoinPool.commonPool-worker-0] INFO  segmented.SegmentedRaftLogWorker (SegmentedRaftLogWorker.java:close(224)) - 2fdb3e93-e0d8-400e-8c33-91e2341b50c6@group-F01152B53F91-SegmentedRaftLogWorker close()
2019-10-22 00:13:28,882 [ForkJoinPool.commonPool-worker-0] INFO  server.GrpcService (GrpcService.java:closeImpl(164)) - 2fdb3e93-e0d8-400e-8c33-91e2341b50c6: shutdown server with port 43254 now
2019-10-22 00:13:28,883 [ForkJoinPool.commonPool-worker-0] INFO  server.GrpcService (GrpcService.java:closeImpl(172)) - 2fdb3e93-e0d8-400e-8c33-91e2341b50c6: shutdown server with port 43254 successfully
2019-10-22 00:13:28,886 [refreshUsed-/workdir/hadoop-ozone/integration-test/target/test-dir/MiniOzoneClusterImpl-8b64dd99-cfc4-48e3-b5ea-61cd2ec80401/datanode-1/data/containers] WARN  fs.CachingGetSpaceUsed (CachingGetSpaceUsed.java:run(183)) - Thread Interrupted waiting to refresh disk information: sleep interrupted
2019-10-22 00:13:28,901 [main] INFO  utils.BackgroundService (BackgroundService.java:shutdown(151)) - Shutting down service BlockDeletingService
2019-10-22 00:13:28,903 [main] INFO  statemachine.DatanodeStateMachine (DatanodeStateMachine.java:stopDaemon(395)) - Ozone container server stopped.
2019-10-22 00:13:28,905 [main] INFO  handler.ContextHandler (ContextHandler.java:doStop(910)) - Stopped o.e.j.w.WebAppContext@2bc378f7{/,null,UNAVAILABLE}{/hddsDatanode}
2019-10-22 00:13:28,905 [ForkJoinPool.commonPool-worker-0] INFO  utils.BackgroundService (BackgroundService.java:shutdown(151)) - Shutting down service BlockDeletingService
2019-10-22 00:13:28,907 [ForkJoinPool.commonPool-worker-0] INFO  statemachine.DatanodeStateMachine (DatanodeStateMachine.java:stopDaemon(395)) - Ozone container server stopped.
2019-10-22 00:13:28,907 [main] INFO  server.AbstractConnector (AbstractConnector.java:doStop(318)) - Stopped ServerConnector@268cbb86{HTTP/1.1,[http/1.1]}{0.0.0.0:0}
2019-10-22 00:13:28,909 [main] INFO  handler.ContextHandler (ContextHandler.java:doStop(910)) - Stopped o.e.j.s.ServletContextHandler@12eedfee{/static,jar:file:/home/user/.m2/repository/org/apache/hadoop/hadoop-hdds-container-service/0.5.0-SNAPSHOT/hadoop-hdds-container-service-0.5.0-SNAPSHOT.jar!/webapps/static,UNAVAILABLE}
2019-10-22 00:13:28,909 [ForkJoinPool.commonPool-worker-0] INFO  handler.ContextHandler (ContextHandler.java:doStop(910)) - Stopped o.e.j.w.WebAppContext@3d904e9c{/,null,UNAVAILABLE}{/hddsDatanode}
2019-10-22 00:13:28,910 [main] INFO  handler.ContextHandler (ContextHandler.java:doStop(910)) - Stopped o.e.j.s.ServletContextHandler@58fef7f7{/logs,file:///workdir/hadoop-ozone/integration-test/target/log,UNAVAILABLE}
2019-10-22 00:13:28,910 [ForkJoinPool.commonPool-worker-0] INFO  server.AbstractConnector (AbstractConnector.java:doStop(318)) - Stopped ServerConnector@508a65bf{HTTP/1.1,[http/1.1]}{0.0.0.0:0}
2019-10-22 00:13:28,911 [ForkJoinPool.commonPool-worker-0] INFO  handler.ContextHandler (ContextHandler.java:doStop(910)) - Stopped o.e.j.s.ServletContextHandler@fab35b1{/static,jar:file:/home/user/.m2/repository/org/apache/hadoop/hadoop-hdds-container-service/0.5.0-SNAPSHOT/hadoop-hdds-container-service-0.5.0-SNAPSHOT.jar!/webapps/static,UNAVAILABLE}
2019-10-22 00:13:28,912 [ForkJoinPool.commonPool-worker-0] INFO  handler.ContextHandler (ContextHandler.java:doStop(910)) - Stopped o.e.j.s.ServletContextHandler@730f9695{/logs,file:///workdir/hadoop-ozone/integration-test/target/log,UNAVAILABLE}
2019-10-22 00:13:28,912 [main] INFO  ozone.MiniOzoneClusterImpl (MiniOzoneClusterImpl.java:stopSCM(392)) - Stopping the StorageContainerManager
2019-10-22 00:13:28,912 [main] INFO  server.StorageContainerManager (StorageContainerManager.java:stop(810)) - Stopping Replication Manager Service.
2019-10-22 00:13:28,913 [main] INFO  container.ReplicationManager (ReplicationManager.java:stop(203)) - Stopping Replication Monitor Thread.
2019-10-22 00:13:28,913 [main] INFO  server.StorageContainerManager (StorageContainerManager.java:stop(817)) - Stopping Lease Manager of the command watchers
2019-10-22 00:13:28,913 [main] INFO  server.StorageContainerManager (StorageContainerManager.java:stop(824)) - Stopping datanode service RPC server
2019-10-22 00:13:28,913 [main] INFO  server.SCMDatanodeProtocolServer (SCMDatanodeProtocolServer.java:stop(346)) - Stopping the RPC server for DataNodes
2019-10-22 00:13:28,913 [main] INFO  ipc.Server (Server.java:stop(3082)) - Stopping server on 35534
2019-10-22 00:13:28,914 [IPC Server listener on 35534] INFO  ipc.Server (Server.java:run(1185)) - Stopping IPC Server listener on 35534
2019-10-22 00:13:28,915 [IPC Server Responder] INFO  ipc.Server (Server.java:run(1319)) - Stopping IPC Server Responder
2019-10-22 00:13:28,920 [SCM Heartbeat Processing Thread - 0] WARN  node.NodeStateManager (NodeStateManager.java:scheduleNextHealthCheck(646)) - Current Thread is interrupted, shutting down HB processing thread for Node Manager.
2019-10-22 00:13:28,920 [main] INFO  server.StorageContainerManager (StorageContainerManager.java:stop(832)) - Stopping block service RPC server
2019-10-22 00:13:28,920 [main] INFO  server.SCMBlockProtocolServer (SCMBlockProtocolServer.java:stop(155)) - Stopping the RPC server for Block Protocol
2019-10-22 00:13:28,920 [main] INFO  ipc.Server (Server.java:stop(3082)) - Stopping server on 44866
2019-10-22 00:13:28,922 [IPC Server listener on 44866] INFO  ipc.Server (Server.java:run(1185)) - Stopping IPC Server listener on 44866
2019-10-22 00:13:28,922 [main] INFO  server.StorageContainerManager (StorageContainerManager.java:stop(839)) - Stopping the StorageContainerLocationProtocol RPC server
2019-10-22 00:13:28,922 [IPC Server Responder] INFO  ipc.Server (Server.java:run(1319)) - Stopping IPC Server Responder
2019-10-22 00:13:28,922 [main] INFO  server.SCMClientProtocolServer (SCMClientProtocolServer.java:stop(168)) - Stopping the RPC server for Client Protocol
2019-10-22 00:13:28,922 [main] INFO  ipc.Server (Server.java:stop(3082)) - Stopping server on 35994
2019-10-22 00:13:28,924 [IPC Server listener on 35994] INFO  ipc.Server (Server.java:run(1185)) - Stopping IPC Server listener on 35994
2019-10-22 00:13:28,924 [main] INFO  server.StorageContainerManager (StorageContainerManager.java:stop(846)) - Stopping Storage Container Manager HTTP server.
2019-10-22 00:13:28,924 [IPC Server Responder] INFO  ipc.Server (Server.java:run(1319)) - Stopping IPC Server Responder
2019-10-22 00:13:28,924 [main] INFO  handler.ContextHandler (ContextHandler.java:doStop(910)) - Stopped o.e.j.w.WebAppContext@410954b{/,null,UNAVAILABLE}{/scm}
2019-10-22 00:13:28,925 [main] INFO  server.AbstractConnector (AbstractConnector.java:doStop(318)) - Stopped ServerConnector@5f7f2382{HTTP/1.1,[http/1.1]}{0.0.0.0:0}
2019-10-22 00:13:28,925 [main] INFO  handler.ContextHandler (ContextHandler.java:doStop(910)) - Stopped o.e.j.s.ServletContextHandler@340da44c{/static,file:///workdir/hadoop-ozone/integration-test/target/test-classes/webapps/static,UNAVAILABLE}
2019-10-22 00:13:28,925 [main] INFO  handler.ContextHandler (ContextHandler.java:doStop(910)) - Stopped o.e.j.s.ServletContextHandler@180da663{/logs,file:///workdir/hadoop-ozone/integration-test/target/log,UNAVAILABLE}
2019-10-22 00:13:28,926 [main] INFO  server.StorageContainerManager (StorageContainerManager.java:stop(857)) - Stopping Block Manager Service.
2019-10-22 00:13:28,926 [main] INFO  utils.BackgroundService (BackgroundService.java:shutdown(151)) - Shutting down service SCMBlockDeletingService
2019-10-22 00:13:28,926 [main] INFO  utils.BackgroundService (BackgroundService.java:shutdown(151)) - Shutting down service SCMBlockDeletingService
2019-10-22 00:13:28,927 [main] INFO  server.StorageContainerManager (StorageContainerManager.java:stop(879)) - Stopping SCM Event Queue.
2019-10-22 00:13:28,932 [main] INFO  impl.MetricsSystemImpl (MetricsSystemImpl.java:stop(210)) - Stopping XceiverClientMetrics metrics system...
2019-10-22 00:13:28,942 [prometheus] INFO  impl.MetricsSinkAdapter (MetricsSinkAdapter.java:publishMetricsFromQueue(141)) - prometheus thread interrupted.
2019-10-22 00:13:28,942 [main] INFO  impl.MetricsSystemImpl (MetricsSystemImpl.java:stop(216)) - XceiverClientMetrics metrics system stopped.
]]></system-out>
    <system-err><![CDATA[ERROR StatusLogger No Log4j 2 configuration file found. Using default configuration (logging only errors to the console), or user programmatically provided configurations. Set system property 'log4j2.debug' to show Log4j 2 internal initialization logging. See https://logging.apache.org/log4j/2.x/manual/configuration.html for instructions on how to configure Log4j 2
Oct 22, 2019 12:13:08 AM org.apache.ratis.thirdparty.io.grpc.internal.SerializingExecutor run
SEVERE: Exception while executing runnable org.apache.ratis.thirdparty.io.grpc.internal.ServerImpl$JumpToApplicationThreadServerStreamListener$1Closed@6fde9b8e
org.apache.ratis.thirdparty.io.grpc.StatusRuntimeException: CANCELLED: call already cancelled
	at org.apache.ratis.thirdparty.io.grpc.Status.asRuntimeException(Status.java:517)
	at org.apache.ratis.thirdparty.io.grpc.stub.ServerCalls$ServerCallStreamObserverImpl.onCompleted(ServerCalls.java:356)
	at org.apache.ratis.grpc.server.GrpcServerProtocolService$ServerRequestStreamObserver.onError(GrpcServerProtocolService.java:121)
	at org.apache.ratis.thirdparty.io.grpc.stub.ServerCalls$StreamingServerCallHandler$StreamingServerCallListener.onCancel(ServerCalls.java:269)
	at org.apache.ratis.thirdparty.io.grpc.internal.ServerCallImpl$ServerStreamListenerImpl.closed(ServerCallImpl.java:293)
	at org.apache.ratis.thirdparty.io.grpc.internal.ServerImpl$JumpToApplicationThreadServerStreamListener$1Closed.runInContext(ServerImpl.java:741)
	at org.apache.ratis.thirdparty.io.grpc.internal.ContextRunnable.run(ContextRunnable.java:37)
	at org.apache.ratis.thirdparty.io.grpc.internal.SerializingExecutor.run(SerializingExecutor.java:123)
	at java.util.concurrent.ThreadPoolExecutor.runWorker(ThreadPoolExecutor.java:1149)
	at java.util.concurrent.ThreadPoolExecutor$Worker.run(ThreadPoolExecutor.java:624)
	at java.lang.Thread.run(Thread.java:748)

Oct 22, 2019 12:13:08 AM org.apache.ratis.thirdparty.io.grpc.internal.SerializingExecutor run
SEVERE: Exception while executing runnable org.apache.ratis.thirdparty.io.grpc.internal.ClientCallImpl$ClientStreamListenerImpl$1StreamClosed@4c5bed71
java.lang.NullPointerException
	at org.apache.ratis.grpc.server.GrpcLogAppender$AppendLogResponseHandler.onError(GrpcLogAppender.java:303)
	at org.apache.ratis.thirdparty.io.grpc.stub.ClientCalls$StreamObserverToCallListenerAdapter.onClose(ClientCalls.java:434)
	at org.apache.ratis.thirdparty.io.grpc.PartialForwardingClientCallListener.onClose(PartialForwardingClientCallListener.java:39)
	at org.apache.ratis.thirdparty.io.grpc.ForwardingClientCallListener.onClose(ForwardingClientCallListener.java:23)
	at org.apache.ratis.thirdparty.io.grpc.ForwardingClientCallListener$SimpleForwardingClientCallListener.onClose(ForwardingClientCallListener.java:40)
	at org.apache.ratis.thirdparty.io.grpc.internal.CensusStatsModule$StatsClientInterceptor$1$1.onClose(CensusStatsModule.java:678)
	at org.apache.ratis.thirdparty.io.grpc.PartialForwardingClientCallListener.onClose(PartialForwardingClientCallListener.java:39)
	at org.apache.ratis.thirdparty.io.grpc.ForwardingClientCallListener.onClose(ForwardingClientCallListener.java:23)
	at org.apache.ratis.thirdparty.io.grpc.ForwardingClientCallListener$SimpleForwardingClientCallListener.onClose(ForwardingClientCallListener.java:40)
	at org.apache.ratis.thirdparty.io.grpc.internal.CensusTracingModule$TracingClientInterceptor$1$1.onClose(CensusTracingModule.java:397)
	at org.apache.ratis.thirdparty.io.grpc.internal.ClientCallImpl.closeObserver(ClientCallImpl.java:459)
	at org.apache.ratis.thirdparty.io.grpc.internal.ClientCallImpl.access$300(ClientCallImpl.java:63)
	at org.apache.ratis.thirdparty.io.grpc.internal.ClientCallImpl$ClientStreamListenerImpl.close(ClientCallImpl.java:546)
	at org.apache.ratis.thirdparty.io.grpc.internal.ClientCallImpl$ClientStreamListenerImpl.access$600(ClientCallImpl.java:467)
	at org.apache.ratis.thirdparty.io.grpc.internal.ClientCallImpl$ClientStreamListenerImpl$1StreamClosed.runInContext(ClientCallImpl.java:584)
	at org.apache.ratis.thirdparty.io.grpc.internal.ContextRunnable.run(ContextRunnable.java:37)
	at org.apache.ratis.thirdparty.io.grpc.internal.SerializingExecutor.run(SerializingExecutor.java:123)
	at java.util.concurrent.ThreadPoolExecutor.runWorker(ThreadPoolExecutor.java:1149)
	at java.util.concurrent.ThreadPoolExecutor$Worker.run(ThreadPoolExecutor.java:624)
	at java.lang.Thread.run(Thread.java:748)

Oct 22, 2019 12:13:10 AM org.apache.ratis.thirdparty.io.grpc.internal.SerializingExecutor run
SEVERE: Exception while executing runnable org.apache.ratis.thirdparty.io.grpc.internal.ClientCallImpl$ClientStreamListenerImpl$1StreamClosed@73be8b5f
java.lang.NullPointerException
	at org.apache.ratis.grpc.server.GrpcLogAppender$AppendLogResponseHandler.onError(GrpcLogAppender.java:303)
	at org.apache.ratis.thirdparty.io.grpc.stub.ClientCalls$StreamObserverToCallListenerAdapter.onClose(ClientCalls.java:434)
	at org.apache.ratis.thirdparty.io.grpc.PartialForwardingClientCallListener.onClose(PartialForwardingClientCallListener.java:39)
	at org.apache.ratis.thirdparty.io.grpc.ForwardingClientCallListener.onClose(ForwardingClientCallListener.java:23)
	at org.apache.ratis.thirdparty.io.grpc.ForwardingClientCallListener$SimpleForwardingClientCallListener.onClose(ForwardingClientCallListener.java:40)
	at org.apache.ratis.thirdparty.io.grpc.internal.CensusStatsModule$StatsClientInterceptor$1$1.onClose(CensusStatsModule.java:678)
	at org.apache.ratis.thirdparty.io.grpc.PartialForwardingClientCallListener.onClose(PartialForwardingClientCallListener.java:39)
	at org.apache.ratis.thirdparty.io.grpc.ForwardingClientCallListener.onClose(ForwardingClientCallListener.java:23)
	at org.apache.ratis.thirdparty.io.grpc.ForwardingClientCallListener$SimpleForwardingClientCallListener.onClose(ForwardingClientCallListener.java:40)
	at org.apache.ratis.thirdparty.io.grpc.internal.CensusTracingModule$TracingClientInterceptor$1$1.onClose(CensusTracingModule.java:397)
	at org.apache.ratis.thirdparty.io.grpc.internal.ClientCallImpl.closeObserver(ClientCallImpl.java:459)
	at org.apache.ratis.thirdparty.io.grpc.internal.ClientCallImpl.access$300(ClientCallImpl.java:63)
	at org.apache.ratis.thirdparty.io.grpc.internal.ClientCallImpl$ClientStreamListenerImpl.close(ClientCallImpl.java:546)
	at org.apache.ratis.thirdparty.io.grpc.internal.ClientCallImpl$ClientStreamListenerImpl.access$600(ClientCallImpl.java:467)
	at org.apache.ratis.thirdparty.io.grpc.internal.ClientCallImpl$ClientStreamListenerImpl$1StreamClosed.runInContext(ClientCallImpl.java:584)
	at org.apache.ratis.thirdparty.io.grpc.internal.ContextRunnable.run(ContextRunnable.java:37)
	at org.apache.ratis.thirdparty.io.grpc.internal.SerializingExecutor.run(SerializingExecutor.java:123)
	at java.util.concurrent.ThreadPoolExecutor.runWorker(ThreadPoolExecutor.java:1149)
	at java.util.concurrent.ThreadPoolExecutor$Worker.run(ThreadPoolExecutor.java:624)
	at java.lang.Thread.run(Thread.java:748)

Oct 22, 2019 12:13:18 AM org.apache.ratis.thirdparty.io.grpc.internal.SerializingExecutor run
SEVERE: Exception while executing runnable org.apache.ratis.thirdparty.io.grpc.internal.ServerImpl$JumpToApplicationThreadServerStreamListener$1Closed@7adeafb4
org.apache.ratis.thirdparty.io.grpc.StatusRuntimeException: CANCELLED: call already cancelled
	at org.apache.ratis.thirdparty.io.grpc.Status.asRuntimeException(Status.java:517)
	at org.apache.ratis.thirdparty.io.grpc.stub.ServerCalls$ServerCallStreamObserverImpl.onCompleted(ServerCalls.java:356)
	at org.apache.ratis.grpc.server.GrpcServerProtocolService$ServerRequestStreamObserver.onError(GrpcServerProtocolService.java:121)
	at org.apache.ratis.thirdparty.io.grpc.stub.ServerCalls$StreamingServerCallHandler$StreamingServerCallListener.onCancel(ServerCalls.java:269)
	at org.apache.ratis.thirdparty.io.grpc.internal.ServerCallImpl$ServerStreamListenerImpl.closed(ServerCallImpl.java:293)
	at org.apache.ratis.thirdparty.io.grpc.internal.ServerImpl$JumpToApplicationThreadServerStreamListener$1Closed.runInContext(ServerImpl.java:741)
	at org.apache.ratis.thirdparty.io.grpc.internal.ContextRunnable.run(ContextRunnable.java:37)
	at org.apache.ratis.thirdparty.io.grpc.internal.SerializingExecutor.run(SerializingExecutor.java:123)
	at java.util.concurrent.ThreadPoolExecutor.runWorker(ThreadPoolExecutor.java:1149)
	at java.util.concurrent.ThreadPoolExecutor$Worker.run(ThreadPoolExecutor.java:624)
	at java.lang.Thread.run(Thread.java:748)

Oct 22, 2019 12:13:18 AM org.apache.ratis.thirdparty.io.grpc.internal.SerializingExecutor run
SEVERE: Exception while executing runnable org.apache.ratis.thirdparty.io.grpc.internal.ClientCallImpl$ClientStreamListenerImpl$1StreamClosed@1a8113bb
java.lang.NullPointerException
	at org.apache.ratis.grpc.server.GrpcLogAppender$AppendLogResponseHandler.onError(GrpcLogAppender.java:303)
	at org.apache.ratis.thirdparty.io.grpc.stub.ClientCalls$StreamObserverToCallListenerAdapter.onClose(ClientCalls.java:434)
	at org.apache.ratis.thirdparty.io.grpc.PartialForwardingClientCallListener.onClose(PartialForwardingClientCallListener.java:39)
	at org.apache.ratis.thirdparty.io.grpc.ForwardingClientCallListener.onClose(ForwardingClientCallListener.java:23)
	at org.apache.ratis.thirdparty.io.grpc.ForwardingClientCallListener$SimpleForwardingClientCallListener.onClose(ForwardingClientCallListener.java:40)
	at org.apache.ratis.thirdparty.io.grpc.internal.CensusStatsModule$StatsClientInterceptor$1$1.onClose(CensusStatsModule.java:678)
	at org.apache.ratis.thirdparty.io.grpc.PartialForwardingClientCallListener.onClose(PartialForwardingClientCallListener.java:39)
	at org.apache.ratis.thirdparty.io.grpc.ForwardingClientCallListener.onClose(ForwardingClientCallListener.java:23)
	at org.apache.ratis.thirdparty.io.grpc.ForwardingClientCallListener$SimpleForwardingClientCallListener.onClose(ForwardingClientCallListener.java:40)
	at org.apache.ratis.thirdparty.io.grpc.internal.CensusTracingModule$TracingClientInterceptor$1$1.onClose(CensusTracingModule.java:397)
	at org.apache.ratis.thirdparty.io.grpc.internal.ClientCallImpl.closeObserver(ClientCallImpl.java:459)
	at org.apache.ratis.thirdparty.io.grpc.internal.ClientCallImpl.access$300(ClientCallImpl.java:63)
	at org.apache.ratis.thirdparty.io.grpc.internal.ClientCallImpl$ClientStreamListenerImpl.close(ClientCallImpl.java:546)
	at org.apache.ratis.thirdparty.io.grpc.internal.ClientCallImpl$ClientStreamListenerImpl.access$600(ClientCallImpl.java:467)
	at org.apache.ratis.thirdparty.io.grpc.internal.ClientCallImpl$ClientStreamListenerImpl$1StreamClosed.runInContext(ClientCallImpl.java:584)
	at org.apache.ratis.thirdparty.io.grpc.internal.ContextRunnable.run(ContextRunnable.java:37)
	at org.apache.ratis.thirdparty.io.grpc.internal.SerializingExecutor.run(SerializingExecutor.java:123)
	at java.util.concurrent.ThreadPoolExecutor.runWorker(ThreadPoolExecutor.java:1149)
	at java.util.concurrent.ThreadPoolExecutor$Worker.run(ThreadPoolExecutor.java:624)
	at java.lang.Thread.run(Thread.java:748)

]]></system-err>
  </testcase>
  <testcase name="testMultiBlockWritesWithDnFailures" classname="org.apache.hadoop.ozone.client.rpc.TestMultiBlockWritesWithDnFailures" time="64.928"/>
</testsuite>